<?xml version="1.0" encoding="UTF-8"?>
<testsuite xmlns:xsi="http://www.w3.org/2001/XMLSchema-instance" xsi:noNamespaceSchemaLocation="https://maven.apache.org/surefire/maven-surefire-plugin/xsd/surefire-test-report-3.0.xsd" version="3.0" name="org.apache.hadoop.fs.ozone.contract.ITestOzoneContractDelete" time="50.376" tests="16" errors="0" skipped="0" failures="1">
  <properties>
    <property name="awt.toolkit" value="sun.awt.X11.XToolkit"/>
    <property name="file.encoding.pkg" value="sun.io"/>
    <property name="java.specification.version" value="1.8"/>
    <property name="sun.cpu.isalist" value=""/>
    <property name="sun.jnu.encoding" value="UTF-8"/>
    <property name="java.class.path" value="/home/runner/work/ozone/ozone/hadoop-ozone/integration-test/target/test-classes:/home/runner/work/ozone/ozone/hadoop-ozone/integration-test/target/classes:/home/runner/.m2/repository/org/apache/ozone/ozone-common/1.4.0-SNAPSHOT/ozone-common-1.4.0-SNAPSHOT.jar:/home/runner/.m2/repository/io/grpc/grpc-netty/1.51.1/grpc-netty-1.51.1.jar:/home/runner/.m2/repository/io/grpc/grpc-core/1.51.1/grpc-core-1.51.1.jar:/home/runner/.m2/repository/com/google/android/annotations/4.1.1.4/annotations-4.1.1.4.jar:/home/runner/.m2/repository/org/codehaus/mojo/animal-sniffer-annotations/1.21/animal-sniffer-annotations-1.21.jar:/home/runner/.m2/repository/com/google/errorprone/error_prone_annotations/2.2.0/error_prone_annotations-2.2.0.jar:/home/runner/.m2/repository/io/perfmark/perfmark-api/0.25.0/perfmark-api-0.25.0.jar:/home/runner/.m2/repository/io/netty/netty-codec-http2/4.1.94.Final/netty-codec-http2-4.1.94.Final.jar:/home/runner/.m2/repository/io/netty/netty-common/4.1.94.Final/netty-common-4.1.94.Final.jar:/home/runner/.m2/repository/io/netty/netty-buffer/4.1.94.Final/netty-buffer-4.1.94.Final.jar:/home/runner/.m2/repository/io/netty/netty-codec-http/4.1.94.Final/netty-codec-http-4.1.94.Final.jar:/home/runner/.m2/repository/io/netty/netty-handler-proxy/4.1.94.Final/netty-handler-proxy-4.1.94.Final.jar:/home/runner/.m2/repository/io/netty/netty-codec-socks/4.1.94.Final/netty-codec-socks-4.1.94.Final.jar:/home/runner/.m2/repository/io/netty/netty-tcnative-boringssl-static/2.0.61.Final/netty-tcnative-boringssl-static-2.0.61.Final.jar:/home/runner/.m2/repository/io/netty/netty-tcnative-classes/2.0.61.Final/netty-tcnative-classes-2.0.61.Final.jar:/home/runner/.m2/repository/io/netty/netty-tcnative-boringssl-static/2.0.61.Final/netty-tcnative-boringssl-static-2.0.61.Final-linux-x86_64.jar:/home/runner/.m2/repository/io/netty/netty-tcnative-boringssl-static/2.0.61.Final/netty-tcnative-boringssl-static-2.0.61.Final-linux-aarch_64.jar:/home/runner/.m2/repository/io/netty/netty-tcnative-boringssl-static/2.0.61.Final/netty-tcnative-boringssl-static-2.0.61.Final-osx-x86_64.jar:/home/runner/.m2/repository/io/netty/netty-tcnative-boringssl-static/2.0.61.Final/netty-tcnative-boringssl-static-2.0.61.Final-osx-aarch_64.jar:/home/runner/.m2/repository/io/netty/netty-tcnative-boringssl-static/2.0.61.Final/netty-tcnative-boringssl-static-2.0.61.Final-windows-x86_64.jar:/home/runner/.m2/repository/org/apache/commons/commons-compress/1.21/commons-compress-1.21.jar:/home/runner/.m2/repository/org/apache/ozone/hdds-common/1.4.0-SNAPSHOT/hdds-common-1.4.0-SNAPSHOT.jar:/home/runner/.m2/repository/org/apache/ozone/hdds-client/1.4.0-SNAPSHOT/hdds-client-1.4.0-SNAPSHOT.jar:/home/runner/.m2/repository/org/apache/ozone/ozone-interface-client/1.4.0-SNAPSHOT/ozone-interface-client-1.4.0-SNAPSHOT.jar:/home/runner/.m2/repository/org/apache/hadoop/hadoop-hdfs-client/3.3.6/hadoop-hdfs-client-3.3.6.jar:/home/runner/.m2/repository/com/squareup/okhttp3/okhttp/4.9.3/okhttp-4.9.3.jar:/home/runner/.m2/repository/com/squareup/okio/okio/3.4.0/okio-3.4.0.jar:/home/runner/.m2/repository/com/squareup/okio/okio-jvm/3.4.0/okio-jvm-3.4.0.jar:/home/runner/.m2/repository/org/jetbrains/kotlin/kotlin-stdlib-jdk8/1.8.0/kotlin-stdlib-jdk8-1.8.0.jar:/home/runner/.m2/repository/org/jetbrains/kotlin/kotlin-stdlib-jdk7/1.8.0/kotlin-stdlib-jdk7-1.8.0.jar:/home/runner/.m2/repository/org/jetbrains/kotlin/kotlin-stdlib-common/1.6.21/kotlin-stdlib-common-1.6.21.jar:/home/runner/.m2/repository/org/apache/ozone/hdds-test-utils/1.4.0-SNAPSHOT/hdds-test-utils-1.4.0-SNAPSHOT.jar:/home/runner/.m2/repository/com/google/guava/guava/32.0.0-jre/guava-32.0.0-jre.jar:/home/runner/.m2/repository/com/google/guava/failureaccess/1.0.1/failureaccess-1.0.1.jar:/home/runner/.m2/repository/com/google/guava/listenablefuture/9999.0-empty-to-avoid-conflict-with-guava/listenablefuture-9999.0-empty-to-avoid-conflict-with-guava.jar:/home/runner/.m2/repository/com/google/code/findbugs/jsr305/3.0.0/jsr305-3.0.0.jar:/home/runner/.m2/repository/org/checkerframework/checker-qual/3.33.0/checker-qual-3.33.0.jar:/home/runner/.m2/repository/com/google/j2objc/j2objc-annotations/2.8/j2objc-annotations-2.8.jar:/home/runner/.m2/repository/commons-io/commons-io/2.11.0/commons-io-2.11.0.jar:/home/runner/.m2/repository/commons-logging/commons-logging/1.2/commons-logging-1.2.jar:/home/runner/.m2/repository/ch/qos/reload4j/reload4j/1.2.22/reload4j-1.2.22.jar:/home/runner/.m2/repository/org/slf4j/slf4j-api/1.7.36/slf4j-api-1.7.36.jar:/home/runner/.m2/repository/org/apache/logging/log4j/log4j-api/2.17.1/log4j-api-2.17.1.jar:/home/runner/.m2/repository/org/apache/ozone/hdds-server-scm/1.4.0-SNAPSHOT/hdds-server-scm-1.4.0-SNAPSHOT.jar:/home/runner/.m2/repository/org/apache/ozone/hdds-container-service/1.4.0-SNAPSHOT/hdds-container-service-1.4.0-SNAPSHOT.jar:/home/runner/.m2/repository/org/apache/ozone/hdds-hadoop-dependency-server/1.4.0-SNAPSHOT/hdds-hadoop-dependency-server-1.4.0-SNAPSHOT.jar:/home/runner/.m2/repository/org/apache/hadoop/hadoop-hdfs/3.3.6/hadoop-hdfs-3.3.6.jar:/home/runner/.m2/repository/commons-daemon/commons-daemon/1.0.13/commons-daemon-1.0.13.jar:/home/runner/.m2/repository/org/apache/ozone/hdds-server-framework/1.4.0-SNAPSHOT/hdds-server-framework-1.4.0-SNAPSHOT.jar:/home/runner/.m2/repository/io/dropwizard/metrics/metrics-core/3.2.4/metrics-core-3.2.4.jar:/home/runner/.m2/repository/org/apache/commons/commons-text/1.10.0/commons-text-1.10.0.jar:/home/runner/.m2/repository/org/bouncycastle/bcprov-jdk15on/1.67/bcprov-jdk15on-1.67.jar:/home/runner/.m2/repository/com/google/protobuf/protobuf-java/2.5.0/protobuf-java-2.5.0.jar:/home/runner/.m2/repository/org/apache/ozone/hdds-server-framework/1.4.0-SNAPSHOT/hdds-server-framework-1.4.0-SNAPSHOT-tests.jar:/home/runner/.m2/repository/org/apache/ozone/hdds-interface-server/1.4.0-SNAPSHOT/hdds-interface-server-1.4.0-SNAPSHOT.jar:/home/runner/.m2/repository/org/apache/ozone/hdds-interface-admin/1.4.0-SNAPSHOT/hdds-interface-admin-1.4.0-SNAPSHOT.jar:/home/runner/.m2/repository/org/apache/ozone/hdds-managed-rocksdb/1.4.0-SNAPSHOT/hdds-managed-rocksdb-1.4.0-SNAPSHOT.jar:/home/runner/.m2/repository/org/rocksdb/rocksdbjni/7.7.3/rocksdbjni-7.7.3.jar:/home/runner/.m2/repository/org/slf4j/slf4j-reload4j/1.7.36/slf4j-reload4j-1.7.36.jar:/home/runner/.m2/repository/org/apache/commons/commons-configuration2/2.1.1/commons-configuration2-2.1.1.jar:/home/runner/.m2/repository/commons-fileupload/commons-fileupload/1.5/commons-fileupload-1.5.jar:/home/runner/.m2/repository/org/apache/logging/log4j/log4j-core/2.17.1/log4j-core-2.17.1.jar:/home/runner/.m2/repository/com/lmax/disruptor/3.4.2/disruptor-3.4.2.jar:/home/runner/.m2/repository/org/eclipse/jetty/jetty-util/9.4.51.v20230217/jetty-util-9.4.51.v20230217.jar:/home/runner/.m2/repository/org/eclipse/jetty/jetty-server/9.4.51.v20230217/jetty-server-9.4.51.v20230217.jar:/home/runner/.m2/repository/org/eclipse/jetty/jetty-http/9.4.51.v20230217/jetty-http-9.4.51.v20230217.jar:/home/runner/.m2/repository/org/eclipse/jetty/jetty-io/9.4.51.v20230217/jetty-io-9.4.51.v20230217.jar:/home/runner/.m2/repository/org/eclipse/jetty/jetty-servlet/9.4.51.v20230217/jetty-servlet-9.4.51.v20230217.jar:/home/runner/.m2/repository/org/eclipse/jetty/jetty-security/9.4.51.v20230217/jetty-security-9.4.51.v20230217.jar:/home/runner/.m2/repository/org/eclipse/jetty/jetty-util-ajax/9.4.51.v20230217/jetty-util-ajax-9.4.51.v20230217.jar:/home/runner/.m2/repository/org/eclipse/jetty/jetty-webapp/9.4.51.v20230217/jetty-webapp-9.4.51.v20230217.jar:/home/runner/.m2/repository/org/eclipse/jetty/jetty-xml/9.4.51.v20230217/jetty-xml-9.4.51.v20230217.jar:/home/runner/.m2/repository/org/apache/ratis/ratis-server/2.5.1/ratis-server-2.5.1.jar:/home/runner/.m2/repository/org/apache/ratis/ratis-thirdparty-misc/1.0.4/ratis-thirdparty-misc-1.0.4.jar:/home/runner/.m2/repository/org/apache/ratis/ratis-proto/2.5.1/ratis-proto-2.5.1.jar:/home/runner/.m2/repository/org/apache/ratis/ratis-common/2.5.1/ratis-common-2.5.1.jar:/home/runner/.m2/repository/org/apache/ratis/ratis-client/2.5.1/ratis-client-2.5.1.jar:/home/runner/.m2/repository/org/apache/ratis/ratis-server-api/2.5.1/ratis-server-api-2.5.1.jar:/home/runner/.m2/repository/org/apache/ratis/ratis-metrics/2.5.1/ratis-metrics-2.5.1.jar:/home/runner/.m2/repository/io/prometheus/simpleclient_dropwizard/0.7.0/simpleclient_dropwizard-0.7.0.jar:/home/runner/.m2/repository/io/prometheus/simpleclient/0.7.0/simpleclient-0.7.0.jar:/home/runner/.m2/repository/io/prometheus/simpleclient_common/0.7.0/simpleclient_common-0.7.0.jar:/home/runner/.m2/repository/com/fasterxml/jackson/datatype/jackson-datatype-jsr310/2.13.4/jackson-datatype-jsr310-2.13.4.jar:/home/runner/.m2/repository/com/fasterxml/jackson/core/jackson-core/2.13.4/jackson-core-2.13.4.jar:/home/runner/.m2/repository/com/github/spotbugs/spotbugs-annotations/3.1.12/spotbugs-annotations-3.1.12.jar:/home/runner/.m2/repository/org/apache/ozone/rocksdb-checkpoint-differ/1.4.0-SNAPSHOT/rocksdb-checkpoint-differ-1.4.0-SNAPSHOT.jar:/home/runner/.m2/repository/org/jgrapht/jgrapht-core/1.0.1/jgrapht-core-1.0.1.jar:/home/runner/.m2/repository/org/jgrapht/jgrapht-ext/1.0.1/jgrapht-ext-1.0.1.jar:/home/runner/.m2/repository/org/tinyjee/jgraphx/jgraphx/2.0.0.1/jgraphx-2.0.0.1.jar:/home/runner/.m2/repository/jgraph/jgraph/5.13.0.0/jgraph-5.13.0.0.jar:/home/runner/.m2/repository/org/antlr/antlr4-runtime/4.5.3/antlr4-runtime-4.5.3.jar:/home/runner/.m2/repository/org/awaitility/awaitility/4.2.0/awaitility-4.2.0.jar:/home/runner/.m2/repository/org/hamcrest/hamcrest/2.1/hamcrest-2.1.jar:/home/runner/.m2/repository/org/apache/ozone/ozone-manager/1.4.0-SNAPSHOT/ozone-manager-1.4.0-SNAPSHOT.jar:/home/runner/.m2/repository/org/aspectj/aspectjrt/1.9.7/aspectjrt-1.9.7.jar:/home/runner/.m2/repository/org/aspectj/aspectjweaver/1.9.7/aspectjweaver-1.9.7.jar:/home/runner/.m2/repository/org/apache/ozone/hdds-interface-client/1.4.0-SNAPSHOT/hdds-interface-client-1.4.0-SNAPSHOT.jar:/home/runner/.m2/repository/org/apache/hadoop/thirdparty/hadoop-shaded-protobuf_3_7/1.1.1/hadoop-shaded-protobuf_3_7-1.1.1.jar:/home/runner/.m2/repository/org/apache/ozone/ozone-interface-storage/1.4.0-SNAPSHOT/ozone-interface-storage-1.4.0-SNAPSHOT.jar:/home/runner/.m2/repository/org/reflections/reflections/0.9.11/reflections-0.9.11.jar:/home/runner/.m2/repository/com/sun/jersey/jersey-client/1.19/jersey-client-1.19.jar:/home/runner/.m2/repository/org/codehaus/jackson/jackson-core-asl/1.9.13/jackson-core-asl-1.9.13.jar:/home/runner/.m2/repository/org/codehaus/jackson/jackson-mapper-asl/1.9.13/jackson-mapper-asl-1.9.13.jar:/home/runner/.m2/repository/org/codehaus/jackson/jackson-jaxrs/1.9.13/jackson-jaxrs-1.9.13.jar:/home/runner/.m2/repository/org/apache/ranger/ranger-intg/2.3.0/ranger-intg-2.3.0.jar:/home/runner/.m2/repository/org/apache/ranger/ranger-plugins-common/2.3.0/ranger-plugins-common-2.3.0.jar:/home/runner/.m2/repository/commons-lang/commons-lang/2.6/commons-lang-2.6.jar:/home/runner/.m2/repository/org/apache/ranger/ranger-plugins-cred/2.3.0/ranger-plugins-cred-2.3.0.jar:/home/runner/.m2/repository/org/apache/ranger/ranger-plugins-audit/2.3.0/ranger-plugins-audit-2.3.0.jar:/home/runner/.m2/repository/org/eclipse/jetty/jetty-client/9.4.51.v20230217/jetty-client-9.4.51.v20230217.jar:/home/runner/.m2/repository/org/apache/httpcomponents/httpmime/4.5.6/httpmime-4.5.6.jar:/home/runner/.m2/repository/org/apache/httpcomponents/httpcore-nio/4.4.13/httpcore-nio-4.4.13.jar:/home/runner/.m2/repository/org/apache/httpcomponents/httpasyncclient/4.1.3/httpasyncclient-4.1.3.jar:/home/runner/.m2/repository/com/carrotsearch/hppc/0.8.0/hppc-0.8.0.jar:/home/runner/.m2/repository/org/apache/orc/orc-core/1.5.8/orc-core-1.5.8.jar:/home/runner/.m2/repository/net/java/dev/jna/jna/5.2.0/jna-5.2.0.jar:/home/runner/.m2/repository/net/java/dev/jna/jna-platform/5.2.0/jna-platform-5.2.0.jar:/home/runner/.m2/repository/com/kstruct/gethostname4j/0.0.2/gethostname4j-0.0.2.jar:/home/runner/.m2/repository/org/apache/ranger/ranger-plugin-classloader/2.3.0/ranger-plugin-classloader-2.3.0.jar:/home/runner/.m2/repository/org/apache/ozone/hdds-rocks-native/1.4.0-SNAPSHOT/hdds-rocks-native-1.4.0-SNAPSHOT.jar:/home/runner/.m2/repository/org/apache/hadoop/hadoop-minikdc/3.3.6/hadoop-minikdc-3.3.6.jar:/home/runner/.m2/repository/org/apache/kerby/kerb-simplekdc/1.0.1/kerb-simplekdc-1.0.1.jar:/home/runner/.m2/repository/org/apache/kerby/kerb-client/1.0.1/kerb-client-1.0.1.jar:/home/runner/.m2/repository/org/apache/kerby/kerby-config/1.0.1/kerby-config-1.0.1.jar:/home/runner/.m2/repository/org/apache/kerby/kerb-common/1.0.1/kerb-common-1.0.1.jar:/home/runner/.m2/repository/org/apache/kerby/kerb-crypto/1.0.1/kerb-crypto-1.0.1.jar:/home/runner/.m2/repository/org/apache/kerby/kerb-util/1.0.1/kerb-util-1.0.1.jar:/home/runner/.m2/repository/org/apache/kerby/token-provider/1.0.1/token-provider-1.0.1.jar:/home/runner/.m2/repository/org/apache/kerby/kerb-admin/1.0.1/kerb-admin-1.0.1.jar:/home/runner/.m2/repository/org/apache/kerby/kerb-server/1.0.1/kerb-server-1.0.1.jar:/home/runner/.m2/repository/org/apache/kerby/kerb-identity/1.0.1/kerb-identity-1.0.1.jar:/home/runner/.m2/repository/org/apache/kerby/kerby-xdr/1.0.1/kerby-xdr-1.0.1.jar:/home/runner/.m2/repository/org/apache/ozone/ozone-s3gateway/1.4.0-SNAPSHOT/ozone-s3gateway-1.4.0-SNAPSHOT.jar:/home/runner/.m2/repository/org/javassist/javassist/3.21.0-GA/javassist-3.21.0-GA.jar:/home/runner/.m2/repository/org/jboss/weld/servlet/weld-servlet-shaded/3.1.9.Final/weld-servlet-shaded-3.1.9.Final.jar:/home/runner/.m2/repository/org/glassfish/jersey/containers/jersey-container-servlet-core/2.34/jersey-container-servlet-core-2.34.jar:/home/runner/.m2/repository/org/glassfish/hk2/external/jakarta.inject/2.6.1/jakarta.inject-2.6.1.jar:/home/runner/.m2/repository/org/glassfish/jersey/core/jersey-common/2.34/jersey-common-2.34.jar:/home/runner/.m2/repository/jakarta/ws/rs/jakarta.ws.rs-api/2.1.6/jakarta.ws.rs-api-2.1.6.jar:/home/runner/.m2/repository/org/glassfish/jersey/ext/cdi/jersey-cdi1x/2.34/jersey-cdi1x-2.34.jar:/home/runner/.m2/repository/org/glassfish/jersey/inject/jersey-hk2/2.34/jersey-hk2-2.34.jar:/home/runner/.m2/repository/org/glassfish/hk2/hk2-locator/2.6.1/hk2-locator-2.6.1.jar:/home/runner/.m2/repository/org/glassfish/jersey/media/jersey-media-jaxb/2.34/jersey-media-jaxb-2.34.jar:/home/runner/.m2/repository/org/glassfish/hk2/osgi-resource-locator/1.0.3/osgi-resource-locator-1.0.3.jar:/home/runner/.m2/repository/org/glassfish/hk2/hk2-api/2.5.0/hk2-api-2.5.0.jar:/home/runner/.m2/repository/org/glassfish/hk2/hk2-utils/2.5.0/hk2-utils-2.5.0.jar:/home/runner/.m2/repository/org/glassfish/hk2/external/aopalliance-repackaged/2.5.0/aopalliance-repackaged-2.5.0.jar:/home/runner/.m2/repository/com/fasterxml/jackson/dataformat/jackson-dataformat-xml/2.13.4/jackson-dataformat-xml-2.13.4.jar:/home/runner/.m2/repository/org/codehaus/woodstox/stax2-api/4.2.1/stax2-api-4.2.1.jar:/home/runner/.m2/repository/com/fasterxml/woodstox/woodstox-core/5.4.0/woodstox-core-5.4.0.jar:/home/runner/.m2/repository/com/fasterxml/jackson/module/jackson-module-jaxb-annotations/2.13.4/jackson-module-jaxb-annotations-2.13.4.jar:/home/runner/.m2/repository/jakarta/xml/bind/jakarta.xml.bind-api/2.3.3/jakarta.xml.bind-api-2.3.3.jar:/home/runner/.m2/repository/jakarta/activation/jakarta.activation-api/1.2.2/jakarta.activation-api-1.2.2.jar:/home/runner/.m2/repository/javax/enterprise/cdi-api/2.0/cdi-api-2.0.jar:/home/runner/.m2/repository/javax/el/javax.el-api/3.0.0/javax.el-api-3.0.0.jar:/home/runner/.m2/repository/javax/interceptor/javax.interceptor-api/1.2/javax.interceptor-api-1.2.jar:/home/runner/.m2/repository/javax/inject/javax.inject/1/javax.inject-1.jar:/home/runner/.m2/repository/javax/xml/bind/jaxb-api/2.3.0/jaxb-api-2.3.0.jar:/home/runner/.m2/repository/org/glassfish/jaxb/jaxb-runtime/2.3.0.1/jaxb-runtime-2.3.0.1.jar:/home/runner/.m2/repository/org/glassfish/jaxb/jaxb-core/2.3.0.1/jaxb-core-2.3.0.1.jar:/home/runner/.m2/repository/org/glassfish/jaxb/txw2/2.3.0.1/txw2-2.3.0.1.jar:/home/runner/.m2/repository/com/sun/istack/istack-commons-runtime/3.0.5/istack-commons-runtime-3.0.5.jar:/home/runner/.m2/repository/org/jvnet/staxex/stax-ex/1.7.8/stax-ex-1.7.8.jar:/home/runner/.m2/repository/com/sun/xml/fastinfoset/FastInfoset/1.2.13/FastInfoset-1.2.13.jar:/home/runner/.m2/repository/javax/activation/activation/1.1.1/activation-1.1.1.jar:/home/runner/.m2/repository/io/grpc/grpc-protobuf/1.51.1/grpc-protobuf-1.51.1.jar:/home/runner/.m2/repository/com/google/api/grpc/proto-google-common-protos/2.9.0/proto-google-common-protos-2.9.0.jar:/home/runner/.m2/repository/io/grpc/grpc-protobuf-lite/1.51.1/grpc-protobuf-lite-1.51.1.jar:/home/runner/.m2/repository/io/grpc/grpc-stub/1.51.1/grpc-stub-1.51.1.jar:/home/runner/.m2/repository/io/netty/netty-transport/4.1.94.Final/netty-transport-4.1.94.Final.jar:/home/runner/.m2/repository/io/netty/netty-resolver/4.1.94.Final/netty-resolver-4.1.94.Final.jar:/home/runner/.m2/repository/org/apache/ozone/ozone-csi/1.4.0-SNAPSHOT/ozone-csi-1.4.0-SNAPSHOT.jar:/home/runner/.m2/repository/com/google/protobuf/protobuf-java-util/3.19.6/protobuf-java-util-3.19.6.jar:/home/runner/.m2/repository/com/google/code/gson/gson/2.9.0/gson-2.9.0.jar:/home/runner/.m2/repository/org/apache/ozone/hdds-config/1.4.0-SNAPSHOT/hdds-config-1.4.0-SNAPSHOT.jar:/home/runner/.m2/repository/io/netty/netty-transport-native-epoll/4.1.94.Final/netty-transport-native-epoll-4.1.94.Final-linux-x86_64.jar:/home/runner/.m2/repository/io/netty/netty-transport-classes-epoll/4.1.94.Final/netty-transport-classes-epoll-4.1.94.Final.jar:/home/runner/.m2/repository/io/netty/netty-transport-native-unix-common/4.1.94.Final/netty-transport-native-unix-common-4.1.94.Final.jar:/home/runner/.m2/repository/org/apache/ozone/ozone-recon/1.4.0-SNAPSHOT/ozone-recon-1.4.0-SNAPSHOT.jar:/home/runner/.m2/repository/org/apache/ozone/ozone-reconcodegen/1.4.0-SNAPSHOT/ozone-reconcodegen-1.4.0-SNAPSHOT.jar:/home/runner/.m2/repository/com/google/inject/guice/5.1.0/guice-5.1.0.jar:/home/runner/.m2/repository/aopalliance/aopalliance/1.0/aopalliance-1.0.jar:/home/runner/.m2/repository/com/google/inject/extensions/guice-assistedinject/5.1.0/guice-assistedinject-5.1.0.jar:/home/runner/.m2/repository/com/google/inject/extensions/guice-servlet/5.1.0/guice-servlet-5.1.0.jar:/home/runner/.m2/repository/org/glassfish/jersey/containers/jersey-container-servlet/2.34/jersey-container-servlet-2.34.jar:/home/runner/.m2/repository/org/glassfish/hk2/guice-bridge/2.5.0/guice-bridge-2.5.0.jar:/home/runner/.m2/repository/org/glassfish/jersey/core/jersey-server/2.34/jersey-server-2.34.jar:/home/runner/.m2/repository/org/glassfish/jersey/core/jersey-client/2.34/jersey-client-2.34.jar:/home/runner/.m2/repository/jakarta/annotation/jakarta.annotation-api/1.3.5/jakarta.annotation-api-1.3.5.jar:/home/runner/.m2/repository/jakarta/validation/jakarta.validation-api/2.0.2/jakarta.validation-api-2.0.2.jar:/home/runner/.m2/repository/org/glassfish/jersey/media/jersey-media-json-jackson/2.34/jersey-media-json-jackson-2.34.jar:/home/runner/.m2/repository/org/glassfish/jersey/ext/jersey-entity-filtering/2.34/jersey-entity-filtering-2.34.jar:/home/runner/.m2/repository/org/jooq/jooq/3.11.10/jooq-3.11.10.jar:/home/runner/.m2/repository/org/jooq/jooq-meta/3.11.10/jooq-meta-3.11.10.jar:/home/runner/.m2/repository/org/jooq/jooq-codegen/3.11.10/jooq-codegen-3.11.10.jar:/home/runner/.m2/repository/com/jolbox/bonecp/0.8.0.RELEASE/bonecp-0.8.0.RELEASE.jar:/home/runner/.m2/repository/org/apache/derby/derby/10.14.2.0/derby-10.14.2.0.jar:/home/runner/.m2/repository/org/xerial/sqlite-jdbc/3.41.2.2/sqlite-jdbc-3.41.2.2.jar:/home/runner/.m2/repository/org/springframework/spring-jdbc/5.3.27/spring-jdbc-5.3.27.jar:/home/runner/.m2/repository/org/springframework/spring-beans/5.3.27/spring-beans-5.3.27.jar:/home/runner/.m2/repository/org/springframework/spring-core/5.3.27/spring-core-5.3.27.jar:/home/runner/.m2/repository/org/springframework/spring-tx/5.3.27/spring-tx-5.3.27.jar:/home/runner/.m2/repository/org/apache/ozone/ozone-client/1.4.0-SNAPSHOT/ozone-client-1.4.0-SNAPSHOT.jar:/home/runner/.m2/repository/org/apache/ozone/hdds-erasurecode/1.4.0-SNAPSHOT/hdds-erasurecode-1.4.0-SNAPSHOT.jar:/home/runner/.m2/repository/org/apache/ozone/ozone-filesystem/1.4.0-SNAPSHOT/ozone-filesystem-1.4.0-SNAPSHOT.jar:/home/runner/.m2/repository/org/apache/ozone/ozone-filesystem-common/1.4.0-SNAPSHOT/ozone-filesystem-common-1.4.0-SNAPSHOT.jar:/home/runner/.m2/repository/org/apache/ozone/ozone-tools/1.4.0-SNAPSHOT/ozone-tools-1.4.0-SNAPSHOT.jar:/home/runner/.m2/repository/com/amazonaws/aws-java-sdk-core/1.12.261/aws-java-sdk-core-1.12.261.jar:/home/runner/.m2/repository/org/apache/httpcomponents/httpclient/4.5.13/httpclient-4.5.13.jar:/home/runner/.m2/repository/org/apache/httpcomponents/httpcore/4.4.13/httpcore-4.4.13.jar:/home/runner/.m2/repository/software/amazon/ion/ion-java/1.0.2/ion-java-1.0.2.jar:/home/runner/.m2/repository/com/fasterxml/jackson/dataformat/jackson-dataformat-cbor/2.13.4/jackson-dataformat-cbor-2.13.4.jar:/home/runner/.m2/repository/joda-time/joda-time/2.10.6/joda-time-2.10.6.jar:/home/runner/.m2/repository/com/amazonaws/aws-java-sdk-s3/1.12.261/aws-java-sdk-s3-1.12.261.jar:/home/runner/.m2/repository/com/amazonaws/aws-java-sdk-kms/1.12.261/aws-java-sdk-kms-1.12.261.jar:/home/runner/.m2/repository/com/amazonaws/jmespath-java/1.12.261/jmespath-java-1.12.261.jar:/home/runner/.m2/repository/org/kohsuke/metainf-services/metainf-services/1.8/metainf-services-1.8.jar:/home/runner/.m2/repository/org/apache/ozone/hdds-tools/1.4.0-SNAPSHOT/hdds-tools-1.4.0-SNAPSHOT.jar:/home/runner/.m2/repository/org/apache/ratis/ratis-tools/2.5.1/ratis-tools-2.5.1.jar:/home/runner/.m2/repository/commons-cli/commons-cli/1.2/commons-cli-1.2.jar:/home/runner/.m2/repository/org/apache/commons/commons-lang3/3.7/commons-lang3-3.7.jar:/home/runner/.m2/repository/org/apache/ozone/ozone-manager/1.4.0-SNAPSHOT/ozone-manager-1.4.0-SNAPSHOT-tests.jar:/home/runner/.m2/repository/org/apache/ozone/hdds-common/1.4.0-SNAPSHOT/hdds-common-1.4.0-SNAPSHOT-tests.jar:/home/runner/.m2/repository/org/apache/ozone/hdds-hadoop-dependency-client/1.4.0-SNAPSHOT/hdds-hadoop-dependency-client-1.4.0-SNAPSHOT.jar:/home/runner/.m2/repository/info/picocli/picocli/4.6.1/picocli-4.6.1.jar:/home/runner/.m2/repository/com/fasterxml/jackson/core/jackson-annotations/2.13.4/jackson-annotations-2.13.4.jar:/home/runner/.m2/repository/org/apache/ozone/hdds-annotation-processing/1.4.0-SNAPSHOT/hdds-annotation-processing-1.4.0-SNAPSHOT.jar:/home/runner/.m2/repository/javax/annotation/javax.annotation-api/1.2/javax.annotation-api-1.2.jar:/home/runner/.m2/repository/org/apache/ratis/ratis-netty/2.5.1/ratis-netty-2.5.1.jar:/home/runner/.m2/repository/org/apache/ratis/ratis-grpc/2.5.1/ratis-grpc-2.5.1.jar:/home/runner/.m2/repository/org/apache/commons/commons-pool2/2.6.0/commons-pool2-2.6.0.jar:/home/runner/.m2/repository/org/bouncycastle/bcpkix-jdk15on/1.67/bcpkix-jdk15on-1.67.jar:/home/runner/.m2/repository/commons-validator/commons-validator/1.6/commons-validator-1.6.jar:/home/runner/.m2/repository/commons-beanutils/commons-beanutils/1.9.4/commons-beanutils-1.9.4.jar:/home/runner/.m2/repository/commons-digester/commons-digester/1.8.1/commons-digester-1.8.1.jar:/home/runner/.m2/repository/commons-collections/commons-collections/3.2.2/commons-collections-3.2.2.jar:/home/runner/.m2/repository/io/jaegertracing/jaeger-client/1.6.0/jaeger-client-1.6.0.jar:/home/runner/.m2/repository/io/jaegertracing/jaeger-thrift/1.6.0/jaeger-thrift-1.6.0.jar:/home/runner/.m2/repository/org/apache/thrift/libthrift/0.14.1/libthrift-0.14.1.jar:/home/runner/.m2/repository/io/jaegertracing/jaeger-core/1.6.0/jaeger-core-1.6.0.jar:/home/runner/.m2/repository/io/jaegertracing/jaeger-tracerresolver/1.6.0/jaeger-tracerresolver-1.6.0.jar:/home/runner/.m2/repository/io/opentracing/contrib/opentracing-tracerresolver/0.1.8/opentracing-tracerresolver-0.1.8.jar:/home/runner/.m2/repository/org/jetbrains/kotlin/kotlin-stdlib/1.6.21/kotlin-stdlib-1.6.21.jar:/home/runner/.m2/repository/org/jetbrains/annotations/13.0/annotations-13.0.jar:/home/runner/.m2/repository/io/opentracing/opentracing-util/0.33.0/opentracing-util-0.33.0.jar:/home/runner/.m2/repository/io/opentracing/opentracing-api/0.33.0/opentracing-api-0.33.0.jar:/home/runner/.m2/repository/io/opentracing/opentracing-noop/0.33.0/opentracing-noop-0.33.0.jar:/home/runner/.m2/repository/org/yaml/snakeyaml/2.0/snakeyaml-2.0.jar:/home/runner/.m2/repository/io/grpc/grpc-api/1.51.1/grpc-api-1.51.1.jar:/home/runner/.m2/repository/io/grpc/grpc-context/1.51.1/grpc-context-1.51.1.jar:/home/runner/.m2/repository/junit/junit/4.13.1/junit-4.13.1.jar:/home/runner/.m2/repository/org/hamcrest/hamcrest-core/1.3/hamcrest-core-1.3.jar:/home/runner/.m2/repository/org/junit/jupiter/junit-jupiter-api/5.8.2/junit-jupiter-api-5.8.2.jar:/home/runner/.m2/repository/org/opentest4j/opentest4j/1.2.0/opentest4j-1.2.0.jar:/home/runner/.m2/repository/org/junit/platform/junit-platform-commons/1.8.2/junit-platform-commons-1.8.2.jar:/home/runner/.m2/repository/org/apiguardian/apiguardian-api/1.1.2/apiguardian-api-1.1.2.jar:/home/runner/.m2/repository/org/junit/jupiter/junit-jupiter-params/5.8.2/junit-jupiter-params-5.8.2.jar:/home/runner/.m2/repository/org/junit/jupiter/junit-jupiter-migrationsupport/5.8.2/junit-jupiter-migrationsupport-5.8.2.jar:/home/runner/.m2/repository/org/junit/jupiter/junit-jupiter-engine/5.8.2/junit-jupiter-engine-5.8.2.jar:/home/runner/.m2/repository/org/junit/platform/junit-platform-engine/1.8.2/junit-platform-engine-1.8.2.jar:/home/runner/.m2/repository/org/junit/vintage/junit-vintage-engine/5.8.2/junit-vintage-engine-5.8.2.jar:/home/runner/.m2/repository/org/junit/platform/junit-platform-launcher/1.8.2/junit-platform-launcher-1.8.2.jar:/home/runner/.m2/repository/org/mockito/mockito-core/3.5.9/mockito-core-3.5.9.jar:/home/runner/.m2/repository/net/bytebuddy/byte-buddy/1.10.13/byte-buddy-1.10.13.jar:/home/runner/.m2/repository/net/bytebuddy/byte-buddy-agent/1.10.13/byte-buddy-agent-1.10.13.jar:/home/runner/.m2/repository/org/objenesis/objenesis/1.0/objenesis-1.0.jar:/home/runner/.m2/repository/org/apache/hadoop/hadoop-kms/3.3.6/hadoop-kms-3.3.6.jar:/home/runner/.m2/repository/org/apache/hadoop/hadoop-auth/3.3.6/hadoop-auth-3.3.6.jar:/home/runner/.m2/repository/com/nimbusds/nimbus-jose-jwt/9.8.1/nimbus-jose-jwt-9.8.1.jar:/home/runner/.m2/repository/com/github/stephenc/jcip/jcip-annotations/1.0-1/jcip-annotations-1.0-1.jar:/home/runner/.m2/repository/org/apache/zookeeper/zookeeper/3.5.6/zookeeper-3.5.6.jar:/home/runner/.m2/repository/org/apache/zookeeper/zookeeper-jute/3.5.6/zookeeper-jute-3.5.6.jar:/home/runner/.m2/repository/org/apache/yetus/audience-annotations/0.5.0/audience-annotations-0.5.0.jar:/home/runner/.m2/repository/org/apache/curator/curator-framework/4.2.0/curator-framework-4.2.0.jar:/home/runner/.m2/repository/org/apache/hadoop/thirdparty/hadoop-shaded-guava/1.1.1/hadoop-shaded-guava-1.1.1.jar:/home/runner/.m2/repository/com/sun/jersey/jersey-core/1.19/jersey-core-1.19.jar:/home/runner/.m2/repository/javax/ws/rs/jsr311-api/1.1.1/jsr311-api-1.1.1.jar:/home/runner/.m2/repository/com/sun/jersey/jersey-server/1.19/jersey-server-1.19.jar:/home/runner/.m2/repository/javax/servlet/javax.servlet-api/3.1.0/javax.servlet-api-3.1.0.jar:/home/runner/.m2/repository/org/apache/hadoop/hadoop-common/3.3.6/hadoop-common-3.3.6.jar:/home/runner/.m2/repository/org/apache/commons/commons-math3/3.1.1/commons-math3-3.1.1.jar:/home/runner/.m2/repository/commons-net/commons-net/3.9.0/commons-net-3.9.0.jar:/home/runner/.m2/repository/com/sun/jersey/jersey-servlet/1.19/jersey-servlet-1.19.jar:/home/runner/.m2/repository/com/github/pjfanning/jersey-json/1.20/jersey-json-1.20.jar:/home/runner/.m2/repository/org/codehaus/jettison/jettison/1.1/jettison-1.1.jar:/home/runner/.m2/repository/com/sun/xml/bind/jaxb-impl/2.2.3-1/jaxb-impl-2.2.3-1.jar:/home/runner/.m2/repository/com/google/re2j/re2j/1.1/re2j-1.1.jar:/home/runner/.m2/repository/com/jcraft/jsch/0.1.54/jsch-0.1.54.jar:/home/runner/.m2/repository/org/apache/curator/curator-client/4.2.0/curator-client-4.2.0.jar:/home/runner/.m2/repository/org/apache/curator/curator-recipes/5.2.0/curator-recipes-5.2.0.jar:/home/runner/.m2/repository/org/apache/kerby/kerb-core/1.0.1/kerb-core-1.0.1.jar:/home/runner/.m2/repository/org/apache/kerby/kerby-pkix/1.0.1/kerby-pkix-1.0.1.jar:/home/runner/.m2/repository/org/apache/kerby/kerby-asn1/1.0.1/kerby-asn1-1.0.1.jar:/home/runner/.m2/repository/org/apache/kerby/kerby-util/1.0.1/kerby-util-1.0.1.jar:/home/runner/.m2/repository/dnsjava/dnsjava/2.1.7/dnsjava-2.1.7.jar:/home/runner/.m2/repository/org/xerial/snappy/snappy-java/1.1.8.2/snappy-java-1.1.8.2.jar:/home/runner/.m2/repository/com/fasterxml/jackson/core/jackson-databind/2.13.4.2/jackson-databind-2.13.4.2.jar:/home/runner/.m2/repository/org/apache/hadoop/hadoop-kms/3.3.6/hadoop-kms-3.3.6-tests.jar:/home/runner/.m2/repository/org/apache/ozone/hdds-server-scm/1.4.0-SNAPSHOT/hdds-server-scm-1.4.0-SNAPSHOT-tests.jar:/home/runner/.m2/repository/org/apache/ozone/hdds-container-service/1.4.0-SNAPSHOT/hdds-container-service-1.4.0-SNAPSHOT-tests.jar:/home/runner/.m2/repository/com/github/luben/zstd-jni/1.5.2-5/zstd-jni-1.5.2-5.jar:/home/runner/.m2/repository/commons-codec/commons-codec/1.15/commons-codec-1.15.jar:/home/runner/.m2/repository/io/netty/netty-codec/4.1.94.Final/netty-codec-4.1.94.Final.jar:/home/runner/.m2/repository/io/netty/netty-handler/4.1.94.Final/netty-handler-4.1.94.Final.jar:/home/runner/.m2/repository/org/apache/ozone/hdds-hadoop-dependency-test/1.4.0-SNAPSHOT/hdds-hadoop-dependency-test-1.4.0-SNAPSHOT.jar:/home/runner/.m2/repository/org/apache/hadoop/hadoop-common/3.3.6/hadoop-common-3.3.6-tests.jar:/home/runner/.m2/repository/org/apache/hadoop/hadoop-hdfs/3.3.6/hadoop-hdfs-3.3.6-tests.jar:/home/runner/.m2/repository/org/assertj/assertj-core/3.12.2/assertj-core-3.12.2.jar:/home/runner/.m2/repository/org/apache/hadoop/hadoop-distcp/3.3.6/hadoop-distcp-3.3.6.jar:/home/runner/.m2/repository/org/apache/hadoop/hadoop-mapreduce-client-jobclient/3.3.6/hadoop-mapreduce-client-jobclient-3.3.6.jar:/home/runner/.m2/repository/org/apache/hadoop/hadoop-mapreduce-client-common/3.3.6/hadoop-mapreduce-client-common-3.3.6.jar:/home/runner/.m2/repository/org/apache/hadoop/hadoop-yarn-common/3.3.6/hadoop-yarn-common-3.3.6.jar:/home/runner/.m2/repository/org/apache/hadoop/hadoop-yarn-api/3.3.6/hadoop-yarn-api-3.3.6.jar:/home/runner/.m2/repository/com/sun/jersey/contribs/jersey-guice/1.19/jersey-guice-1.19.jar:/home/runner/.m2/repository/com/fasterxml/jackson/jaxrs/jackson-jaxrs-json-provider/2.13.4/jackson-jaxrs-json-provider-2.13.4.jar:/home/runner/.m2/repository/com/fasterxml/jackson/jaxrs/jackson-jaxrs-base/2.13.4/jackson-jaxrs-base-2.13.4.jar:/home/runner/.m2/repository/org/apache/hadoop/hadoop-yarn-client/3.3.6/hadoop-yarn-client-3.3.6.jar:/home/runner/.m2/repository/org/eclipse/jetty/websocket/websocket-client/9.4.51.v20230217/websocket-client-9.4.51.v20230217.jar:/home/runner/.m2/repository/org/eclipse/jetty/websocket/websocket-common/9.4.51.v20230217/websocket-common-9.4.51.v20230217.jar:/home/runner/.m2/repository/org/eclipse/jetty/websocket/websocket-api/9.4.51.v20230217/websocket-api-9.4.51.v20230217.jar:/home/runner/.m2/repository/org/jline/jline/3.9.0/jline-3.9.0.jar:/home/runner/.m2/repository/org/apache/hadoop/hadoop-mapreduce-client-core/3.3.6/hadoop-mapreduce-client-core-3.3.6.jar:/home/runner/.m2/repository/org/apache/avro/avro/1.7.7/avro-1.7.7.jar:/home/runner/.m2/repository/com/thoughtworks/paranamer/paranamer/2.3/paranamer-2.3.jar:/home/runner/.m2/repository/org/apache/hadoop/hadoop-annotations/3.3.6/hadoop-annotations-3.3.6.jar:/usr/lib/jvm/temurin-8-jdk-amd64/jre/../lib/tools.jar:/home/runner/.m2/repository/io/netty/netty/3.10.6.Final/netty-3.10.6.Final.jar:/home/runner/.m2/repository/org/apache/hadoop/hadoop-distcp/3.3.6/hadoop-distcp-3.3.6-tests.jar:/home/runner/.m2/repository/org/slf4j/jul-to-slf4j/1.7.36/jul-to-slf4j-1.7.36.jar:"/>
    <property name="java.vm.vendor" value="Temurin"/>
    <property name="sun.arch.data.model" value="64"/>
    <property name="test.build.dir" value="/home/runner/work/ozone/ozone/hadoop-ozone/integration-test/target/test-dir"/>
    <property name="test.cache.data" value=""/>
    <property name="java.vendor.url" value="https://adoptium.net/"/>
    <property name="user.timezone" value="Etc/UTC"/>
    <property name="java.vm.specification.version" value="1.8"/>
    <property name="os.name" value="Linux"/>
    <property name="test.build.data" value="/home/runner/work/ozone/ozone/hadoop-ozone/integration-test/target/test-dir"/>
    <property name="sun.java.launcher" value="SUN_STANDARD"/>
    <property name="sun.boot.library.path" value="/usr/lib/jvm/temurin-8-jdk-amd64/jre/lib/amd64"/>
    <property name="sun.java.command" value="/home/runner/work/ozone/ozone/hadoop-ozone/integration-test/target/surefire/surefirebooter1675033219124189190.jar /home/runner/work/ozone/ozone/hadoop-ozone/integration-test/target/surefire 2023-09-13T06-48-17_082-jvmRun1 surefire118710323749254548tmp surefire_14282609243892873107tmp"/>
    <property name="native.lib.tmp.dir" value="/tmp"/>
    <property name="surefire.test.class.path" value="/home/runner/work/ozone/ozone/hadoop-ozone/integration-test/target/test-classes:/home/runner/work/ozone/ozone/hadoop-ozone/integration-test/target/classes:/home/runner/.m2/repository/org/apache/ozone/ozone-common/1.4.0-SNAPSHOT/ozone-common-1.4.0-SNAPSHOT.jar:/home/runner/.m2/repository/io/grpc/grpc-netty/1.51.1/grpc-netty-1.51.1.jar:/home/runner/.m2/repository/io/grpc/grpc-core/1.51.1/grpc-core-1.51.1.jar:/home/runner/.m2/repository/com/google/android/annotations/4.1.1.4/annotations-4.1.1.4.jar:/home/runner/.m2/repository/org/codehaus/mojo/animal-sniffer-annotations/1.21/animal-sniffer-annotations-1.21.jar:/home/runner/.m2/repository/com/google/errorprone/error_prone_annotations/2.2.0/error_prone_annotations-2.2.0.jar:/home/runner/.m2/repository/io/perfmark/perfmark-api/0.25.0/perfmark-api-0.25.0.jar:/home/runner/.m2/repository/io/netty/netty-codec-http2/4.1.94.Final/netty-codec-http2-4.1.94.Final.jar:/home/runner/.m2/repository/io/netty/netty-common/4.1.94.Final/netty-common-4.1.94.Final.jar:/home/runner/.m2/repository/io/netty/netty-buffer/4.1.94.Final/netty-buffer-4.1.94.Final.jar:/home/runner/.m2/repository/io/netty/netty-codec-http/4.1.94.Final/netty-codec-http-4.1.94.Final.jar:/home/runner/.m2/repository/io/netty/netty-handler-proxy/4.1.94.Final/netty-handler-proxy-4.1.94.Final.jar:/home/runner/.m2/repository/io/netty/netty-codec-socks/4.1.94.Final/netty-codec-socks-4.1.94.Final.jar:/home/runner/.m2/repository/io/netty/netty-tcnative-boringssl-static/2.0.61.Final/netty-tcnative-boringssl-static-2.0.61.Final.jar:/home/runner/.m2/repository/io/netty/netty-tcnative-classes/2.0.61.Final/netty-tcnative-classes-2.0.61.Final.jar:/home/runner/.m2/repository/io/netty/netty-tcnative-boringssl-static/2.0.61.Final/netty-tcnative-boringssl-static-2.0.61.Final-linux-x86_64.jar:/home/runner/.m2/repository/io/netty/netty-tcnative-boringssl-static/2.0.61.Final/netty-tcnative-boringssl-static-2.0.61.Final-linux-aarch_64.jar:/home/runner/.m2/repository/io/netty/netty-tcnative-boringssl-static/2.0.61.Final/netty-tcnative-boringssl-static-2.0.61.Final-osx-x86_64.jar:/home/runner/.m2/repository/io/netty/netty-tcnative-boringssl-static/2.0.61.Final/netty-tcnative-boringssl-static-2.0.61.Final-osx-aarch_64.jar:/home/runner/.m2/repository/io/netty/netty-tcnative-boringssl-static/2.0.61.Final/netty-tcnative-boringssl-static-2.0.61.Final-windows-x86_64.jar:/home/runner/.m2/repository/org/apache/commons/commons-compress/1.21/commons-compress-1.21.jar:/home/runner/.m2/repository/org/apache/ozone/hdds-common/1.4.0-SNAPSHOT/hdds-common-1.4.0-SNAPSHOT.jar:/home/runner/.m2/repository/org/apache/ozone/hdds-client/1.4.0-SNAPSHOT/hdds-client-1.4.0-SNAPSHOT.jar:/home/runner/.m2/repository/org/apache/ozone/ozone-interface-client/1.4.0-SNAPSHOT/ozone-interface-client-1.4.0-SNAPSHOT.jar:/home/runner/.m2/repository/org/apache/hadoop/hadoop-hdfs-client/3.3.6/hadoop-hdfs-client-3.3.6.jar:/home/runner/.m2/repository/com/squareup/okhttp3/okhttp/4.9.3/okhttp-4.9.3.jar:/home/runner/.m2/repository/com/squareup/okio/okio/3.4.0/okio-3.4.0.jar:/home/runner/.m2/repository/com/squareup/okio/okio-jvm/3.4.0/okio-jvm-3.4.0.jar:/home/runner/.m2/repository/org/jetbrains/kotlin/kotlin-stdlib-jdk8/1.8.0/kotlin-stdlib-jdk8-1.8.0.jar:/home/runner/.m2/repository/org/jetbrains/kotlin/kotlin-stdlib-jdk7/1.8.0/kotlin-stdlib-jdk7-1.8.0.jar:/home/runner/.m2/repository/org/jetbrains/kotlin/kotlin-stdlib-common/1.6.21/kotlin-stdlib-common-1.6.21.jar:/home/runner/.m2/repository/org/apache/ozone/hdds-test-utils/1.4.0-SNAPSHOT/hdds-test-utils-1.4.0-SNAPSHOT.jar:/home/runner/.m2/repository/com/google/guava/guava/32.0.0-jre/guava-32.0.0-jre.jar:/home/runner/.m2/repository/com/google/guava/failureaccess/1.0.1/failureaccess-1.0.1.jar:/home/runner/.m2/repository/com/google/guava/listenablefuture/9999.0-empty-to-avoid-conflict-with-guava/listenablefuture-9999.0-empty-to-avoid-conflict-with-guava.jar:/home/runner/.m2/repository/com/google/code/findbugs/jsr305/3.0.0/jsr305-3.0.0.jar:/home/runner/.m2/repository/org/checkerframework/checker-qual/3.33.0/checker-qual-3.33.0.jar:/home/runner/.m2/repository/com/google/j2objc/j2objc-annotations/2.8/j2objc-annotations-2.8.jar:/home/runner/.m2/repository/commons-io/commons-io/2.11.0/commons-io-2.11.0.jar:/home/runner/.m2/repository/commons-logging/commons-logging/1.2/commons-logging-1.2.jar:/home/runner/.m2/repository/ch/qos/reload4j/reload4j/1.2.22/reload4j-1.2.22.jar:/home/runner/.m2/repository/org/slf4j/slf4j-api/1.7.36/slf4j-api-1.7.36.jar:/home/runner/.m2/repository/org/apache/logging/log4j/log4j-api/2.17.1/log4j-api-2.17.1.jar:/home/runner/.m2/repository/org/apache/ozone/hdds-server-scm/1.4.0-SNAPSHOT/hdds-server-scm-1.4.0-SNAPSHOT.jar:/home/runner/.m2/repository/org/apache/ozone/hdds-container-service/1.4.0-SNAPSHOT/hdds-container-service-1.4.0-SNAPSHOT.jar:/home/runner/.m2/repository/org/apache/ozone/hdds-hadoop-dependency-server/1.4.0-SNAPSHOT/hdds-hadoop-dependency-server-1.4.0-SNAPSHOT.jar:/home/runner/.m2/repository/org/apache/hadoop/hadoop-hdfs/3.3.6/hadoop-hdfs-3.3.6.jar:/home/runner/.m2/repository/commons-daemon/commons-daemon/1.0.13/commons-daemon-1.0.13.jar:/home/runner/.m2/repository/org/apache/ozone/hdds-server-framework/1.4.0-SNAPSHOT/hdds-server-framework-1.4.0-SNAPSHOT.jar:/home/runner/.m2/repository/io/dropwizard/metrics/metrics-core/3.2.4/metrics-core-3.2.4.jar:/home/runner/.m2/repository/org/apache/commons/commons-text/1.10.0/commons-text-1.10.0.jar:/home/runner/.m2/repository/org/bouncycastle/bcprov-jdk15on/1.67/bcprov-jdk15on-1.67.jar:/home/runner/.m2/repository/com/google/protobuf/protobuf-java/2.5.0/protobuf-java-2.5.0.jar:/home/runner/.m2/repository/org/apache/ozone/hdds-server-framework/1.4.0-SNAPSHOT/hdds-server-framework-1.4.0-SNAPSHOT-tests.jar:/home/runner/.m2/repository/org/apache/ozone/hdds-interface-server/1.4.0-SNAPSHOT/hdds-interface-server-1.4.0-SNAPSHOT.jar:/home/runner/.m2/repository/org/apache/ozone/hdds-interface-admin/1.4.0-SNAPSHOT/hdds-interface-admin-1.4.0-SNAPSHOT.jar:/home/runner/.m2/repository/org/apache/ozone/hdds-managed-rocksdb/1.4.0-SNAPSHOT/hdds-managed-rocksdb-1.4.0-SNAPSHOT.jar:/home/runner/.m2/repository/org/rocksdb/rocksdbjni/7.7.3/rocksdbjni-7.7.3.jar:/home/runner/.m2/repository/org/slf4j/slf4j-reload4j/1.7.36/slf4j-reload4j-1.7.36.jar:/home/runner/.m2/repository/org/apache/commons/commons-configuration2/2.1.1/commons-configuration2-2.1.1.jar:/home/runner/.m2/repository/commons-fileupload/commons-fileupload/1.5/commons-fileupload-1.5.jar:/home/runner/.m2/repository/org/apache/logging/log4j/log4j-core/2.17.1/log4j-core-2.17.1.jar:/home/runner/.m2/repository/com/lmax/disruptor/3.4.2/disruptor-3.4.2.jar:/home/runner/.m2/repository/org/eclipse/jetty/jetty-util/9.4.51.v20230217/jetty-util-9.4.51.v20230217.jar:/home/runner/.m2/repository/org/eclipse/jetty/jetty-server/9.4.51.v20230217/jetty-server-9.4.51.v20230217.jar:/home/runner/.m2/repository/org/eclipse/jetty/jetty-http/9.4.51.v20230217/jetty-http-9.4.51.v20230217.jar:/home/runner/.m2/repository/org/eclipse/jetty/jetty-io/9.4.51.v20230217/jetty-io-9.4.51.v20230217.jar:/home/runner/.m2/repository/org/eclipse/jetty/jetty-servlet/9.4.51.v20230217/jetty-servlet-9.4.51.v20230217.jar:/home/runner/.m2/repository/org/eclipse/jetty/jetty-security/9.4.51.v20230217/jetty-security-9.4.51.v20230217.jar:/home/runner/.m2/repository/org/eclipse/jetty/jetty-util-ajax/9.4.51.v20230217/jetty-util-ajax-9.4.51.v20230217.jar:/home/runner/.m2/repository/org/eclipse/jetty/jetty-webapp/9.4.51.v20230217/jetty-webapp-9.4.51.v20230217.jar:/home/runner/.m2/repository/org/eclipse/jetty/jetty-xml/9.4.51.v20230217/jetty-xml-9.4.51.v20230217.jar:/home/runner/.m2/repository/org/apache/ratis/ratis-server/2.5.1/ratis-server-2.5.1.jar:/home/runner/.m2/repository/org/apache/ratis/ratis-thirdparty-misc/1.0.4/ratis-thirdparty-misc-1.0.4.jar:/home/runner/.m2/repository/org/apache/ratis/ratis-proto/2.5.1/ratis-proto-2.5.1.jar:/home/runner/.m2/repository/org/apache/ratis/ratis-common/2.5.1/ratis-common-2.5.1.jar:/home/runner/.m2/repository/org/apache/ratis/ratis-client/2.5.1/ratis-client-2.5.1.jar:/home/runner/.m2/repository/org/apache/ratis/ratis-server-api/2.5.1/ratis-server-api-2.5.1.jar:/home/runner/.m2/repository/org/apache/ratis/ratis-metrics/2.5.1/ratis-metrics-2.5.1.jar:/home/runner/.m2/repository/io/prometheus/simpleclient_dropwizard/0.7.0/simpleclient_dropwizard-0.7.0.jar:/home/runner/.m2/repository/io/prometheus/simpleclient/0.7.0/simpleclient-0.7.0.jar:/home/runner/.m2/repository/io/prometheus/simpleclient_common/0.7.0/simpleclient_common-0.7.0.jar:/home/runner/.m2/repository/com/fasterxml/jackson/datatype/jackson-datatype-jsr310/2.13.4/jackson-datatype-jsr310-2.13.4.jar:/home/runner/.m2/repository/com/fasterxml/jackson/core/jackson-core/2.13.4/jackson-core-2.13.4.jar:/home/runner/.m2/repository/com/github/spotbugs/spotbugs-annotations/3.1.12/spotbugs-annotations-3.1.12.jar:/home/runner/.m2/repository/org/apache/ozone/rocksdb-checkpoint-differ/1.4.0-SNAPSHOT/rocksdb-checkpoint-differ-1.4.0-SNAPSHOT.jar:/home/runner/.m2/repository/org/jgrapht/jgrapht-core/1.0.1/jgrapht-core-1.0.1.jar:/home/runner/.m2/repository/org/jgrapht/jgrapht-ext/1.0.1/jgrapht-ext-1.0.1.jar:/home/runner/.m2/repository/org/tinyjee/jgraphx/jgraphx/2.0.0.1/jgraphx-2.0.0.1.jar:/home/runner/.m2/repository/jgraph/jgraph/5.13.0.0/jgraph-5.13.0.0.jar:/home/runner/.m2/repository/org/antlr/antlr4-runtime/4.5.3/antlr4-runtime-4.5.3.jar:/home/runner/.m2/repository/org/awaitility/awaitility/4.2.0/awaitility-4.2.0.jar:/home/runner/.m2/repository/org/hamcrest/hamcrest/2.1/hamcrest-2.1.jar:/home/runner/.m2/repository/org/apache/ozone/ozone-manager/1.4.0-SNAPSHOT/ozone-manager-1.4.0-SNAPSHOT.jar:/home/runner/.m2/repository/org/aspectj/aspectjrt/1.9.7/aspectjrt-1.9.7.jar:/home/runner/.m2/repository/org/aspectj/aspectjweaver/1.9.7/aspectjweaver-1.9.7.jar:/home/runner/.m2/repository/org/apache/ozone/hdds-interface-client/1.4.0-SNAPSHOT/hdds-interface-client-1.4.0-SNAPSHOT.jar:/home/runner/.m2/repository/org/apache/hadoop/thirdparty/hadoop-shaded-protobuf_3_7/1.1.1/hadoop-shaded-protobuf_3_7-1.1.1.jar:/home/runner/.m2/repository/org/apache/ozone/ozone-interface-storage/1.4.0-SNAPSHOT/ozone-interface-storage-1.4.0-SNAPSHOT.jar:/home/runner/.m2/repository/org/reflections/reflections/0.9.11/reflections-0.9.11.jar:/home/runner/.m2/repository/com/sun/jersey/jersey-client/1.19/jersey-client-1.19.jar:/home/runner/.m2/repository/org/codehaus/jackson/jackson-core-asl/1.9.13/jackson-core-asl-1.9.13.jar:/home/runner/.m2/repository/org/codehaus/jackson/jackson-mapper-asl/1.9.13/jackson-mapper-asl-1.9.13.jar:/home/runner/.m2/repository/org/codehaus/jackson/jackson-jaxrs/1.9.13/jackson-jaxrs-1.9.13.jar:/home/runner/.m2/repository/org/apache/ranger/ranger-intg/2.3.0/ranger-intg-2.3.0.jar:/home/runner/.m2/repository/org/apache/ranger/ranger-plugins-common/2.3.0/ranger-plugins-common-2.3.0.jar:/home/runner/.m2/repository/commons-lang/commons-lang/2.6/commons-lang-2.6.jar:/home/runner/.m2/repository/org/apache/ranger/ranger-plugins-cred/2.3.0/ranger-plugins-cred-2.3.0.jar:/home/runner/.m2/repository/org/apache/ranger/ranger-plugins-audit/2.3.0/ranger-plugins-audit-2.3.0.jar:/home/runner/.m2/repository/org/eclipse/jetty/jetty-client/9.4.51.v20230217/jetty-client-9.4.51.v20230217.jar:/home/runner/.m2/repository/org/apache/httpcomponents/httpmime/4.5.6/httpmime-4.5.6.jar:/home/runner/.m2/repository/org/apache/httpcomponents/httpcore-nio/4.4.13/httpcore-nio-4.4.13.jar:/home/runner/.m2/repository/org/apache/httpcomponents/httpasyncclient/4.1.3/httpasyncclient-4.1.3.jar:/home/runner/.m2/repository/com/carrotsearch/hppc/0.8.0/hppc-0.8.0.jar:/home/runner/.m2/repository/org/apache/orc/orc-core/1.5.8/orc-core-1.5.8.jar:/home/runner/.m2/repository/net/java/dev/jna/jna/5.2.0/jna-5.2.0.jar:/home/runner/.m2/repository/net/java/dev/jna/jna-platform/5.2.0/jna-platform-5.2.0.jar:/home/runner/.m2/repository/com/kstruct/gethostname4j/0.0.2/gethostname4j-0.0.2.jar:/home/runner/.m2/repository/org/apache/ranger/ranger-plugin-classloader/2.3.0/ranger-plugin-classloader-2.3.0.jar:/home/runner/.m2/repository/org/apache/ozone/hdds-rocks-native/1.4.0-SNAPSHOT/hdds-rocks-native-1.4.0-SNAPSHOT.jar:/home/runner/.m2/repository/org/apache/hadoop/hadoop-minikdc/3.3.6/hadoop-minikdc-3.3.6.jar:/home/runner/.m2/repository/org/apache/kerby/kerb-simplekdc/1.0.1/kerb-simplekdc-1.0.1.jar:/home/runner/.m2/repository/org/apache/kerby/kerb-client/1.0.1/kerb-client-1.0.1.jar:/home/runner/.m2/repository/org/apache/kerby/kerby-config/1.0.1/kerby-config-1.0.1.jar:/home/runner/.m2/repository/org/apache/kerby/kerb-common/1.0.1/kerb-common-1.0.1.jar:/home/runner/.m2/repository/org/apache/kerby/kerb-crypto/1.0.1/kerb-crypto-1.0.1.jar:/home/runner/.m2/repository/org/apache/kerby/kerb-util/1.0.1/kerb-util-1.0.1.jar:/home/runner/.m2/repository/org/apache/kerby/token-provider/1.0.1/token-provider-1.0.1.jar:/home/runner/.m2/repository/org/apache/kerby/kerb-admin/1.0.1/kerb-admin-1.0.1.jar:/home/runner/.m2/repository/org/apache/kerby/kerb-server/1.0.1/kerb-server-1.0.1.jar:/home/runner/.m2/repository/org/apache/kerby/kerb-identity/1.0.1/kerb-identity-1.0.1.jar:/home/runner/.m2/repository/org/apache/kerby/kerby-xdr/1.0.1/kerby-xdr-1.0.1.jar:/home/runner/.m2/repository/org/apache/ozone/ozone-s3gateway/1.4.0-SNAPSHOT/ozone-s3gateway-1.4.0-SNAPSHOT.jar:/home/runner/.m2/repository/org/javassist/javassist/3.21.0-GA/javassist-3.21.0-GA.jar:/home/runner/.m2/repository/org/jboss/weld/servlet/weld-servlet-shaded/3.1.9.Final/weld-servlet-shaded-3.1.9.Final.jar:/home/runner/.m2/repository/org/glassfish/jersey/containers/jersey-container-servlet-core/2.34/jersey-container-servlet-core-2.34.jar:/home/runner/.m2/repository/org/glassfish/hk2/external/jakarta.inject/2.6.1/jakarta.inject-2.6.1.jar:/home/runner/.m2/repository/org/glassfish/jersey/core/jersey-common/2.34/jersey-common-2.34.jar:/home/runner/.m2/repository/jakarta/ws/rs/jakarta.ws.rs-api/2.1.6/jakarta.ws.rs-api-2.1.6.jar:/home/runner/.m2/repository/org/glassfish/jersey/ext/cdi/jersey-cdi1x/2.34/jersey-cdi1x-2.34.jar:/home/runner/.m2/repository/org/glassfish/jersey/inject/jersey-hk2/2.34/jersey-hk2-2.34.jar:/home/runner/.m2/repository/org/glassfish/hk2/hk2-locator/2.6.1/hk2-locator-2.6.1.jar:/home/runner/.m2/repository/org/glassfish/jersey/media/jersey-media-jaxb/2.34/jersey-media-jaxb-2.34.jar:/home/runner/.m2/repository/org/glassfish/hk2/osgi-resource-locator/1.0.3/osgi-resource-locator-1.0.3.jar:/home/runner/.m2/repository/org/glassfish/hk2/hk2-api/2.5.0/hk2-api-2.5.0.jar:/home/runner/.m2/repository/org/glassfish/hk2/hk2-utils/2.5.0/hk2-utils-2.5.0.jar:/home/runner/.m2/repository/org/glassfish/hk2/external/aopalliance-repackaged/2.5.0/aopalliance-repackaged-2.5.0.jar:/home/runner/.m2/repository/com/fasterxml/jackson/dataformat/jackson-dataformat-xml/2.13.4/jackson-dataformat-xml-2.13.4.jar:/home/runner/.m2/repository/org/codehaus/woodstox/stax2-api/4.2.1/stax2-api-4.2.1.jar:/home/runner/.m2/repository/com/fasterxml/woodstox/woodstox-core/5.4.0/woodstox-core-5.4.0.jar:/home/runner/.m2/repository/com/fasterxml/jackson/module/jackson-module-jaxb-annotations/2.13.4/jackson-module-jaxb-annotations-2.13.4.jar:/home/runner/.m2/repository/jakarta/xml/bind/jakarta.xml.bind-api/2.3.3/jakarta.xml.bind-api-2.3.3.jar:/home/runner/.m2/repository/jakarta/activation/jakarta.activation-api/1.2.2/jakarta.activation-api-1.2.2.jar:/home/runner/.m2/repository/javax/enterprise/cdi-api/2.0/cdi-api-2.0.jar:/home/runner/.m2/repository/javax/el/javax.el-api/3.0.0/javax.el-api-3.0.0.jar:/home/runner/.m2/repository/javax/interceptor/javax.interceptor-api/1.2/javax.interceptor-api-1.2.jar:/home/runner/.m2/repository/javax/inject/javax.inject/1/javax.inject-1.jar:/home/runner/.m2/repository/javax/xml/bind/jaxb-api/2.3.0/jaxb-api-2.3.0.jar:/home/runner/.m2/repository/org/glassfish/jaxb/jaxb-runtime/2.3.0.1/jaxb-runtime-2.3.0.1.jar:/home/runner/.m2/repository/org/glassfish/jaxb/jaxb-core/2.3.0.1/jaxb-core-2.3.0.1.jar:/home/runner/.m2/repository/org/glassfish/jaxb/txw2/2.3.0.1/txw2-2.3.0.1.jar:/home/runner/.m2/repository/com/sun/istack/istack-commons-runtime/3.0.5/istack-commons-runtime-3.0.5.jar:/home/runner/.m2/repository/org/jvnet/staxex/stax-ex/1.7.8/stax-ex-1.7.8.jar:/home/runner/.m2/repository/com/sun/xml/fastinfoset/FastInfoset/1.2.13/FastInfoset-1.2.13.jar:/home/runner/.m2/repository/javax/activation/activation/1.1.1/activation-1.1.1.jar:/home/runner/.m2/repository/io/grpc/grpc-protobuf/1.51.1/grpc-protobuf-1.51.1.jar:/home/runner/.m2/repository/com/google/api/grpc/proto-google-common-protos/2.9.0/proto-google-common-protos-2.9.0.jar:/home/runner/.m2/repository/io/grpc/grpc-protobuf-lite/1.51.1/grpc-protobuf-lite-1.51.1.jar:/home/runner/.m2/repository/io/grpc/grpc-stub/1.51.1/grpc-stub-1.51.1.jar:/home/runner/.m2/repository/io/netty/netty-transport/4.1.94.Final/netty-transport-4.1.94.Final.jar:/home/runner/.m2/repository/io/netty/netty-resolver/4.1.94.Final/netty-resolver-4.1.94.Final.jar:/home/runner/.m2/repository/org/apache/ozone/ozone-csi/1.4.0-SNAPSHOT/ozone-csi-1.4.0-SNAPSHOT.jar:/home/runner/.m2/repository/com/google/protobuf/protobuf-java-util/3.19.6/protobuf-java-util-3.19.6.jar:/home/runner/.m2/repository/com/google/code/gson/gson/2.9.0/gson-2.9.0.jar:/home/runner/.m2/repository/org/apache/ozone/hdds-config/1.4.0-SNAPSHOT/hdds-config-1.4.0-SNAPSHOT.jar:/home/runner/.m2/repository/io/netty/netty-transport-native-epoll/4.1.94.Final/netty-transport-native-epoll-4.1.94.Final-linux-x86_64.jar:/home/runner/.m2/repository/io/netty/netty-transport-classes-epoll/4.1.94.Final/netty-transport-classes-epoll-4.1.94.Final.jar:/home/runner/.m2/repository/io/netty/netty-transport-native-unix-common/4.1.94.Final/netty-transport-native-unix-common-4.1.94.Final.jar:/home/runner/.m2/repository/org/apache/ozone/ozone-recon/1.4.0-SNAPSHOT/ozone-recon-1.4.0-SNAPSHOT.jar:/home/runner/.m2/repository/org/apache/ozone/ozone-reconcodegen/1.4.0-SNAPSHOT/ozone-reconcodegen-1.4.0-SNAPSHOT.jar:/home/runner/.m2/repository/com/google/inject/guice/5.1.0/guice-5.1.0.jar:/home/runner/.m2/repository/aopalliance/aopalliance/1.0/aopalliance-1.0.jar:/home/runner/.m2/repository/com/google/inject/extensions/guice-assistedinject/5.1.0/guice-assistedinject-5.1.0.jar:/home/runner/.m2/repository/com/google/inject/extensions/guice-servlet/5.1.0/guice-servlet-5.1.0.jar:/home/runner/.m2/repository/org/glassfish/jersey/containers/jersey-container-servlet/2.34/jersey-container-servlet-2.34.jar:/home/runner/.m2/repository/org/glassfish/hk2/guice-bridge/2.5.0/guice-bridge-2.5.0.jar:/home/runner/.m2/repository/org/glassfish/jersey/core/jersey-server/2.34/jersey-server-2.34.jar:/home/runner/.m2/repository/org/glassfish/jersey/core/jersey-client/2.34/jersey-client-2.34.jar:/home/runner/.m2/repository/jakarta/annotation/jakarta.annotation-api/1.3.5/jakarta.annotation-api-1.3.5.jar:/home/runner/.m2/repository/jakarta/validation/jakarta.validation-api/2.0.2/jakarta.validation-api-2.0.2.jar:/home/runner/.m2/repository/org/glassfish/jersey/media/jersey-media-json-jackson/2.34/jersey-media-json-jackson-2.34.jar:/home/runner/.m2/repository/org/glassfish/jersey/ext/jersey-entity-filtering/2.34/jersey-entity-filtering-2.34.jar:/home/runner/.m2/repository/org/jooq/jooq/3.11.10/jooq-3.11.10.jar:/home/runner/.m2/repository/org/jooq/jooq-meta/3.11.10/jooq-meta-3.11.10.jar:/home/runner/.m2/repository/org/jooq/jooq-codegen/3.11.10/jooq-codegen-3.11.10.jar:/home/runner/.m2/repository/com/jolbox/bonecp/0.8.0.RELEASE/bonecp-0.8.0.RELEASE.jar:/home/runner/.m2/repository/org/apache/derby/derby/10.14.2.0/derby-10.14.2.0.jar:/home/runner/.m2/repository/org/xerial/sqlite-jdbc/3.41.2.2/sqlite-jdbc-3.41.2.2.jar:/home/runner/.m2/repository/org/springframework/spring-jdbc/5.3.27/spring-jdbc-5.3.27.jar:/home/runner/.m2/repository/org/springframework/spring-beans/5.3.27/spring-beans-5.3.27.jar:/home/runner/.m2/repository/org/springframework/spring-core/5.3.27/spring-core-5.3.27.jar:/home/runner/.m2/repository/org/springframework/spring-tx/5.3.27/spring-tx-5.3.27.jar:/home/runner/.m2/repository/org/apache/ozone/ozone-client/1.4.0-SNAPSHOT/ozone-client-1.4.0-SNAPSHOT.jar:/home/runner/.m2/repository/org/apache/ozone/hdds-erasurecode/1.4.0-SNAPSHOT/hdds-erasurecode-1.4.0-SNAPSHOT.jar:/home/runner/.m2/repository/org/apache/ozone/ozone-filesystem/1.4.0-SNAPSHOT/ozone-filesystem-1.4.0-SNAPSHOT.jar:/home/runner/.m2/repository/org/apache/ozone/ozone-filesystem-common/1.4.0-SNAPSHOT/ozone-filesystem-common-1.4.0-SNAPSHOT.jar:/home/runner/.m2/repository/org/apache/ozone/ozone-tools/1.4.0-SNAPSHOT/ozone-tools-1.4.0-SNAPSHOT.jar:/home/runner/.m2/repository/com/amazonaws/aws-java-sdk-core/1.12.261/aws-java-sdk-core-1.12.261.jar:/home/runner/.m2/repository/org/apache/httpcomponents/httpclient/4.5.13/httpclient-4.5.13.jar:/home/runner/.m2/repository/org/apache/httpcomponents/httpcore/4.4.13/httpcore-4.4.13.jar:/home/runner/.m2/repository/software/amazon/ion/ion-java/1.0.2/ion-java-1.0.2.jar:/home/runner/.m2/repository/com/fasterxml/jackson/dataformat/jackson-dataformat-cbor/2.13.4/jackson-dataformat-cbor-2.13.4.jar:/home/runner/.m2/repository/joda-time/joda-time/2.10.6/joda-time-2.10.6.jar:/home/runner/.m2/repository/com/amazonaws/aws-java-sdk-s3/1.12.261/aws-java-sdk-s3-1.12.261.jar:/home/runner/.m2/repository/com/amazonaws/aws-java-sdk-kms/1.12.261/aws-java-sdk-kms-1.12.261.jar:/home/runner/.m2/repository/com/amazonaws/jmespath-java/1.12.261/jmespath-java-1.12.261.jar:/home/runner/.m2/repository/org/kohsuke/metainf-services/metainf-services/1.8/metainf-services-1.8.jar:/home/runner/.m2/repository/org/apache/ozone/hdds-tools/1.4.0-SNAPSHOT/hdds-tools-1.4.0-SNAPSHOT.jar:/home/runner/.m2/repository/org/apache/ratis/ratis-tools/2.5.1/ratis-tools-2.5.1.jar:/home/runner/.m2/repository/commons-cli/commons-cli/1.2/commons-cli-1.2.jar:/home/runner/.m2/repository/org/apache/commons/commons-lang3/3.7/commons-lang3-3.7.jar:/home/runner/.m2/repository/org/apache/ozone/ozone-manager/1.4.0-SNAPSHOT/ozone-manager-1.4.0-SNAPSHOT-tests.jar:/home/runner/.m2/repository/org/apache/ozone/hdds-common/1.4.0-SNAPSHOT/hdds-common-1.4.0-SNAPSHOT-tests.jar:/home/runner/.m2/repository/org/apache/ozone/hdds-hadoop-dependency-client/1.4.0-SNAPSHOT/hdds-hadoop-dependency-client-1.4.0-SNAPSHOT.jar:/home/runner/.m2/repository/info/picocli/picocli/4.6.1/picocli-4.6.1.jar:/home/runner/.m2/repository/com/fasterxml/jackson/core/jackson-annotations/2.13.4/jackson-annotations-2.13.4.jar:/home/runner/.m2/repository/org/apache/ozone/hdds-annotation-processing/1.4.0-SNAPSHOT/hdds-annotation-processing-1.4.0-SNAPSHOT.jar:/home/runner/.m2/repository/javax/annotation/javax.annotation-api/1.2/javax.annotation-api-1.2.jar:/home/runner/.m2/repository/org/apache/ratis/ratis-netty/2.5.1/ratis-netty-2.5.1.jar:/home/runner/.m2/repository/org/apache/ratis/ratis-grpc/2.5.1/ratis-grpc-2.5.1.jar:/home/runner/.m2/repository/org/apache/commons/commons-pool2/2.6.0/commons-pool2-2.6.0.jar:/home/runner/.m2/repository/org/bouncycastle/bcpkix-jdk15on/1.67/bcpkix-jdk15on-1.67.jar:/home/runner/.m2/repository/commons-validator/commons-validator/1.6/commons-validator-1.6.jar:/home/runner/.m2/repository/commons-beanutils/commons-beanutils/1.9.4/commons-beanutils-1.9.4.jar:/home/runner/.m2/repository/commons-digester/commons-digester/1.8.1/commons-digester-1.8.1.jar:/home/runner/.m2/repository/commons-collections/commons-collections/3.2.2/commons-collections-3.2.2.jar:/home/runner/.m2/repository/io/jaegertracing/jaeger-client/1.6.0/jaeger-client-1.6.0.jar:/home/runner/.m2/repository/io/jaegertracing/jaeger-thrift/1.6.0/jaeger-thrift-1.6.0.jar:/home/runner/.m2/repository/org/apache/thrift/libthrift/0.14.1/libthrift-0.14.1.jar:/home/runner/.m2/repository/io/jaegertracing/jaeger-core/1.6.0/jaeger-core-1.6.0.jar:/home/runner/.m2/repository/io/jaegertracing/jaeger-tracerresolver/1.6.0/jaeger-tracerresolver-1.6.0.jar:/home/runner/.m2/repository/io/opentracing/contrib/opentracing-tracerresolver/0.1.8/opentracing-tracerresolver-0.1.8.jar:/home/runner/.m2/repository/org/jetbrains/kotlin/kotlin-stdlib/1.6.21/kotlin-stdlib-1.6.21.jar:/home/runner/.m2/repository/org/jetbrains/annotations/13.0/annotations-13.0.jar:/home/runner/.m2/repository/io/opentracing/opentracing-util/0.33.0/opentracing-util-0.33.0.jar:/home/runner/.m2/repository/io/opentracing/opentracing-api/0.33.0/opentracing-api-0.33.0.jar:/home/runner/.m2/repository/io/opentracing/opentracing-noop/0.33.0/opentracing-noop-0.33.0.jar:/home/runner/.m2/repository/org/yaml/snakeyaml/2.0/snakeyaml-2.0.jar:/home/runner/.m2/repository/io/grpc/grpc-api/1.51.1/grpc-api-1.51.1.jar:/home/runner/.m2/repository/io/grpc/grpc-context/1.51.1/grpc-context-1.51.1.jar:/home/runner/.m2/repository/junit/junit/4.13.1/junit-4.13.1.jar:/home/runner/.m2/repository/org/hamcrest/hamcrest-core/1.3/hamcrest-core-1.3.jar:/home/runner/.m2/repository/org/junit/jupiter/junit-jupiter-api/5.8.2/junit-jupiter-api-5.8.2.jar:/home/runner/.m2/repository/org/opentest4j/opentest4j/1.2.0/opentest4j-1.2.0.jar:/home/runner/.m2/repository/org/junit/platform/junit-platform-commons/1.8.2/junit-platform-commons-1.8.2.jar:/home/runner/.m2/repository/org/apiguardian/apiguardian-api/1.1.2/apiguardian-api-1.1.2.jar:/home/runner/.m2/repository/org/junit/jupiter/junit-jupiter-params/5.8.2/junit-jupiter-params-5.8.2.jar:/home/runner/.m2/repository/org/junit/jupiter/junit-jupiter-migrationsupport/5.8.2/junit-jupiter-migrationsupport-5.8.2.jar:/home/runner/.m2/repository/org/junit/jupiter/junit-jupiter-engine/5.8.2/junit-jupiter-engine-5.8.2.jar:/home/runner/.m2/repository/org/junit/platform/junit-platform-engine/1.8.2/junit-platform-engine-1.8.2.jar:/home/runner/.m2/repository/org/junit/vintage/junit-vintage-engine/5.8.2/junit-vintage-engine-5.8.2.jar:/home/runner/.m2/repository/org/junit/platform/junit-platform-launcher/1.8.2/junit-platform-launcher-1.8.2.jar:/home/runner/.m2/repository/org/mockito/mockito-core/3.5.9/mockito-core-3.5.9.jar:/home/runner/.m2/repository/net/bytebuddy/byte-buddy/1.10.13/byte-buddy-1.10.13.jar:/home/runner/.m2/repository/net/bytebuddy/byte-buddy-agent/1.10.13/byte-buddy-agent-1.10.13.jar:/home/runner/.m2/repository/org/objenesis/objenesis/1.0/objenesis-1.0.jar:/home/runner/.m2/repository/org/apache/hadoop/hadoop-kms/3.3.6/hadoop-kms-3.3.6.jar:/home/runner/.m2/repository/org/apache/hadoop/hadoop-auth/3.3.6/hadoop-auth-3.3.6.jar:/home/runner/.m2/repository/com/nimbusds/nimbus-jose-jwt/9.8.1/nimbus-jose-jwt-9.8.1.jar:/home/runner/.m2/repository/com/github/stephenc/jcip/jcip-annotations/1.0-1/jcip-annotations-1.0-1.jar:/home/runner/.m2/repository/org/apache/zookeeper/zookeeper/3.5.6/zookeeper-3.5.6.jar:/home/runner/.m2/repository/org/apache/zookeeper/zookeeper-jute/3.5.6/zookeeper-jute-3.5.6.jar:/home/runner/.m2/repository/org/apache/yetus/audience-annotations/0.5.0/audience-annotations-0.5.0.jar:/home/runner/.m2/repository/org/apache/curator/curator-framework/4.2.0/curator-framework-4.2.0.jar:/home/runner/.m2/repository/org/apache/hadoop/thirdparty/hadoop-shaded-guava/1.1.1/hadoop-shaded-guava-1.1.1.jar:/home/runner/.m2/repository/com/sun/jersey/jersey-core/1.19/jersey-core-1.19.jar:/home/runner/.m2/repository/javax/ws/rs/jsr311-api/1.1.1/jsr311-api-1.1.1.jar:/home/runner/.m2/repository/com/sun/jersey/jersey-server/1.19/jersey-server-1.19.jar:/home/runner/.m2/repository/javax/servlet/javax.servlet-api/3.1.0/javax.servlet-api-3.1.0.jar:/home/runner/.m2/repository/org/apache/hadoop/hadoop-common/3.3.6/hadoop-common-3.3.6.jar:/home/runner/.m2/repository/org/apache/commons/commons-math3/3.1.1/commons-math3-3.1.1.jar:/home/runner/.m2/repository/commons-net/commons-net/3.9.0/commons-net-3.9.0.jar:/home/runner/.m2/repository/com/sun/jersey/jersey-servlet/1.19/jersey-servlet-1.19.jar:/home/runner/.m2/repository/com/github/pjfanning/jersey-json/1.20/jersey-json-1.20.jar:/home/runner/.m2/repository/org/codehaus/jettison/jettison/1.1/jettison-1.1.jar:/home/runner/.m2/repository/com/sun/xml/bind/jaxb-impl/2.2.3-1/jaxb-impl-2.2.3-1.jar:/home/runner/.m2/repository/com/google/re2j/re2j/1.1/re2j-1.1.jar:/home/runner/.m2/repository/com/jcraft/jsch/0.1.54/jsch-0.1.54.jar:/home/runner/.m2/repository/org/apache/curator/curator-client/4.2.0/curator-client-4.2.0.jar:/home/runner/.m2/repository/org/apache/curator/curator-recipes/5.2.0/curator-recipes-5.2.0.jar:/home/runner/.m2/repository/org/apache/kerby/kerb-core/1.0.1/kerb-core-1.0.1.jar:/home/runner/.m2/repository/org/apache/kerby/kerby-pkix/1.0.1/kerby-pkix-1.0.1.jar:/home/runner/.m2/repository/org/apache/kerby/kerby-asn1/1.0.1/kerby-asn1-1.0.1.jar:/home/runner/.m2/repository/org/apache/kerby/kerby-util/1.0.1/kerby-util-1.0.1.jar:/home/runner/.m2/repository/dnsjava/dnsjava/2.1.7/dnsjava-2.1.7.jar:/home/runner/.m2/repository/org/xerial/snappy/snappy-java/1.1.8.2/snappy-java-1.1.8.2.jar:/home/runner/.m2/repository/com/fasterxml/jackson/core/jackson-databind/2.13.4.2/jackson-databind-2.13.4.2.jar:/home/runner/.m2/repository/org/apache/hadoop/hadoop-kms/3.3.6/hadoop-kms-3.3.6-tests.jar:/home/runner/.m2/repository/org/apache/ozone/hdds-server-scm/1.4.0-SNAPSHOT/hdds-server-scm-1.4.0-SNAPSHOT-tests.jar:/home/runner/.m2/repository/org/apache/ozone/hdds-container-service/1.4.0-SNAPSHOT/hdds-container-service-1.4.0-SNAPSHOT-tests.jar:/home/runner/.m2/repository/com/github/luben/zstd-jni/1.5.2-5/zstd-jni-1.5.2-5.jar:/home/runner/.m2/repository/commons-codec/commons-codec/1.15/commons-codec-1.15.jar:/home/runner/.m2/repository/io/netty/netty-codec/4.1.94.Final/netty-codec-4.1.94.Final.jar:/home/runner/.m2/repository/io/netty/netty-handler/4.1.94.Final/netty-handler-4.1.94.Final.jar:/home/runner/.m2/repository/org/apache/ozone/hdds-hadoop-dependency-test/1.4.0-SNAPSHOT/hdds-hadoop-dependency-test-1.4.0-SNAPSHOT.jar:/home/runner/.m2/repository/org/apache/hadoop/hadoop-common/3.3.6/hadoop-common-3.3.6-tests.jar:/home/runner/.m2/repository/org/apache/hadoop/hadoop-hdfs/3.3.6/hadoop-hdfs-3.3.6-tests.jar:/home/runner/.m2/repository/org/assertj/assertj-core/3.12.2/assertj-core-3.12.2.jar:/home/runner/.m2/repository/org/apache/hadoop/hadoop-distcp/3.3.6/hadoop-distcp-3.3.6.jar:/home/runner/.m2/repository/org/apache/hadoop/hadoop-mapreduce-client-jobclient/3.3.6/hadoop-mapreduce-client-jobclient-3.3.6.jar:/home/runner/.m2/repository/org/apache/hadoop/hadoop-mapreduce-client-common/3.3.6/hadoop-mapreduce-client-common-3.3.6.jar:/home/runner/.m2/repository/org/apache/hadoop/hadoop-yarn-common/3.3.6/hadoop-yarn-common-3.3.6.jar:/home/runner/.m2/repository/org/apache/hadoop/hadoop-yarn-api/3.3.6/hadoop-yarn-api-3.3.6.jar:/home/runner/.m2/repository/com/sun/jersey/contribs/jersey-guice/1.19/jersey-guice-1.19.jar:/home/runner/.m2/repository/com/fasterxml/jackson/jaxrs/jackson-jaxrs-json-provider/2.13.4/jackson-jaxrs-json-provider-2.13.4.jar:/home/runner/.m2/repository/com/fasterxml/jackson/jaxrs/jackson-jaxrs-base/2.13.4/jackson-jaxrs-base-2.13.4.jar:/home/runner/.m2/repository/org/apache/hadoop/hadoop-yarn-client/3.3.6/hadoop-yarn-client-3.3.6.jar:/home/runner/.m2/repository/org/eclipse/jetty/websocket/websocket-client/9.4.51.v20230217/websocket-client-9.4.51.v20230217.jar:/home/runner/.m2/repository/org/eclipse/jetty/websocket/websocket-common/9.4.51.v20230217/websocket-common-9.4.51.v20230217.jar:/home/runner/.m2/repository/org/eclipse/jetty/websocket/websocket-api/9.4.51.v20230217/websocket-api-9.4.51.v20230217.jar:/home/runner/.m2/repository/org/jline/jline/3.9.0/jline-3.9.0.jar:/home/runner/.m2/repository/org/apache/hadoop/hadoop-mapreduce-client-core/3.3.6/hadoop-mapreduce-client-core-3.3.6.jar:/home/runner/.m2/repository/org/apache/avro/avro/1.7.7/avro-1.7.7.jar:/home/runner/.m2/repository/com/thoughtworks/paranamer/paranamer/2.3/paranamer-2.3.jar:/home/runner/.m2/repository/org/apache/hadoop/hadoop-annotations/3.3.6/hadoop-annotations-3.3.6.jar:/usr/lib/jvm/temurin-8-jdk-amd64/jre/../lib/tools.jar:/home/runner/.m2/repository/io/netty/netty/3.10.6.Final/netty-3.10.6.Final.jar:/home/runner/.m2/repository/org/apache/hadoop/hadoop-distcp/3.3.6/hadoop-distcp-3.3.6-tests.jar:/home/runner/.m2/repository/org/slf4j/jul-to-slf4j/1.7.36/jul-to-slf4j-1.7.36.jar:"/>
    <property name="sun.cpu.endian" value="little"/>
    <property name="user.home" value="/home/runner"/>
    <property name="user.language" value="en"/>
    <property name="java.specification.vendor" value="Oracle Corporation"/>
    <property name="java.home" value="/usr/lib/jvm/temurin-8-jdk-amd64/jre"/>
    <property name="java.security.krb5.conf" value="/home/runner/work/ozone/ozone/hadoop-ozone/integration-test/target/test-classes/krb5.conf"/>
    <property name="basedir" value="/home/runner/work/ozone/ozone/hadoop-ozone/integration-test"/>
    <property name="file.separator" value="/"/>
    <property name="line.separator" value="&#10;"/>
    <property name="java.vm.specification.vendor" value="Oracle Corporation"/>
    <property name="java.specification.name" value="Java Platform API Specification"/>
    <property name="java.awt.graphicsenv" value="sun.awt.X11GraphicsEnvironment"/>
    <property name="skip.installnpx" value="true"/>
    <property name="surefire.real.class.path" value="/home/runner/work/ozone/ozone/hadoop-ozone/integration-test/target/surefire/surefirebooter1675033219124189190.jar:/home/runner/.m2/repository/org/jacoco/org.jacoco.agent/0.8.5/org.jacoco.agent-0.8.5-runtime.jar"/>
    <property name="hadoop.log.dir" value="/home/runner/work/ozone/ozone/hadoop-ozone/integration-test/target/log"/>
    <property name="sun.boot.class.path" value="/usr/lib/jvm/temurin-8-jdk-amd64/jre/lib/resources.jar:/usr/lib/jvm/temurin-8-jdk-amd64/jre/lib/rt.jar:/usr/lib/jvm/temurin-8-jdk-amd64/jre/lib/sunrsasign.jar:/usr/lib/jvm/temurin-8-jdk-amd64/jre/lib/jsse.jar:/usr/lib/jvm/temurin-8-jdk-amd64/jre/lib/jce.jar:/usr/lib/jvm/temurin-8-jdk-amd64/jre/lib/charsets.jar:/usr/lib/jvm/temurin-8-jdk-amd64/jre/lib/jfr.jar:/usr/lib/jvm/temurin-8-jdk-amd64/jre/classes"/>
    <property name="sun.management.compiler" value="HotSpot 64-Bit Tiered Compilers"/>
    <property name="skip.npx" value="true"/>
    <property name="java.runtime.version" value="1.8.0_382-b05"/>
    <property name="java.net.preferIPv4Stack" value="true"/>
    <property name="user.name" value="runner"/>
    <property name="path.separator" value=":"/>
    <property name="java.security.egd" value="file:///dev/urandom"/>
    <property name="os.version" value="5.15.0-1045-azure"/>
    <property name="java.endorsed.dirs" value="/usr/lib/jvm/temurin-8-jdk-amd64/jre/lib/endorsed"/>
    <property name="java.runtime.name" value="OpenJDK Runtime Environment"/>
    <property name="file.encoding" value="UTF-8"/>
    <property name="java.vm.name" value="OpenJDK 64-Bit Server VM"/>
    <property name="test.build.webapps" value=""/>
    <property name="localRepository" value="/home/runner/.m2/repository"/>
    <property name="jetty.git.hash" value="b45c405e4544384de066f814ed42ae3dceacdd49"/>
    <property name="java.vendor.url.bug" value="https://github.com/adoptium/adoptium-support/issues"/>
    <property name="java.io.tmpdir" value="/tmp"/>
    <property name="require.test.libhadoop" value=""/>
    <property name="java.version" value="1.8.0_382"/>
    <property name="user.dir" value="/home/runner/work/ozone/ozone/hadoop-ozone/integration-test"/>
    <property name="os.arch" value="amd64"/>
    <property name="java.vm.specification.name" value="Java Virtual Machine Specification"/>
    <property name="test.build.classes" value="/home/runner/work/ozone/ozone/hadoop-ozone/integration-test/target/test-classes"/>
    <property name="java.awt.printerjob" value="sun.print.PSPrinterJob"/>
    <property name="sun.os.patch.level" value="unknown"/>
    <property name="org.apache.ratis.thirdparty.io.netty.allocator.useCacheForAllThreads" value="false"/>
    <property name="hadoop.tmp.dir" value="/home/runner/work/ozone/ozone/hadoop-ozone/integration-test/target/tmp"/>
    <property name="java.library.path" value="/usr/java/packages/lib/amd64:/usr/lib64:/lib64:/lib:/usr/lib"/>
    <property name="java.vm.info" value="mixed mode"/>
    <property name="java.vendor" value="Temurin"/>
    <property name="java.vm.version" value="25.382-b05"/>
    <property name="java.specification.maintenance.version" value="5"/>
    <property name="java.ext.dirs" value="/usr/lib/jvm/temurin-8-jdk-amd64/jre/lib/ext:/usr/java/packages/lib/ext"/>
    <property name="sun.io.unicode.encoding" value="UnicodeLittle"/>
    <property name="java.class.version" value="52.0"/>
  </properties>
  <testcase name="testDeleteNonEmptyDirNonRecursive" classname="ITestOzoneContractDelete" time="1.775">
    <system-out><![CDATA[2023-09-13 06:48:53,108 [JUnit] WARN  server.ServerUtils (ServerUtils.java:getScmDbDir(155)) - ozone.scm.db.dirs is not configured. We recommend adding this setting. Falling back to ozone.metadata.dirs instead.
2023-09-13 06:48:53,339 [JUnit] INFO  reflections.Reflections (Reflections.java:scan(232)) - Reflections took 175 ms to scan 7 urls, producing 161 keys and 379 values 
2023-09-13 06:48:53,506 [JUnit] WARN  server.ServerUtils (ServerUtils.java:getScmDbDir(155)) - ozone.scm.db.dirs is not configured. We recommend adding this setting. Falling back to ozone.metadata.dirs instead.
2023-09-13 06:48:53,509 [JUnit] INFO  ha.SCMHANodeDetails (SCMHANodeDetails.java:loadSCMHAConfig(210)) - ServiceID for StorageContainerManager is null
2023-09-13 06:48:53,517 [JUnit] WARN  ha.SCMHANodeDetails (SCMHANodeDetails.java:validateSCMHAConfig(183)) - Invalid config ozone.scm.ratis.enable. The config was not specified, but the default value true conflicts with the expected config value false. Falling back to the expected value. Current State of SCM: SCM is running in Non-HA without Ratis Ratis SCM -> Non Ratis SCM or Non HA SCM -> HA SCM is not supported
2023-09-13 06:48:53,517 [JUnit] INFO  ha.SCMHANodeDetails (SCMHANodeDetails.java:loadSCMHAConfig(215)) - ozone.scm.default.service.id is not defined, falling back to ozone.scm.service.ids to find serviceID for StorageContainerManager if it is HA enabled cluster
2023-09-13 06:48:54,183 [JUnit] WARN  utils.HAUtils (HAUtils.java:getMetaDir(339)) - ozone.scm.db.dirs is not configured. We recommend adding this setting. Falling back to ozone.metadata.dirs instead.
2023-09-13 06:48:54,339 [JUnit] WARN  db.DBStoreBuilder (DBStoreBuilder.java:applyDBDefinition(166)) - ozone.scm.db.dirs is not configured. We recommend adding this setting. Falling back to ozone.metadata.dirs instead.
2023-09-13 06:48:54,595 [JUnit] INFO  net.NodeSchemaLoader (NodeSchemaLoader.java:loadSchemaFromFile(129)) - Loading schema from [jar:file:/home/runner/.m2/repository/org/apache/ozone/hdds-common/1.4.0-SNAPSHOT/hdds-common-1.4.0-SNAPSHOT.jar!/network-topology-default.xml]
2023-09-13 06:48:54,597 [JUnit] INFO  net.NodeSchemaLoader (NodeSchemaLoader.java:loadSchema(176)) - Loading network topology layer schema file
2023-09-13 06:48:54,649 [JUnit] INFO  metrics.MetricRegistries (MetricRegistriesLoader.java:load(64)) - Loaded MetricRegistries class org.apache.ratis.metrics.impl.MetricRegistriesImpl
2023-09-13 06:48:54,665 [JUnit] INFO  upgrade.AbstractLayoutVersionManager (AbstractLayoutVersionManager.java:init(83)) - Initializing Layout version manager with metadata layout = HADOOP_PRC_PORTS_IN_DATANODEDETAILS (version = 7), software layout = HADOOP_PRC_PORTS_IN_DATANODEDETAILS (version = 7)
2023-09-13 06:48:54,891 [JUnit] INFO  ha.SequenceIdGenerator (SequenceIdGenerator.java:upgradeToSequenceId(365)) - upgrade localId to 111677748019200000
2023-09-13 06:48:54,892 [JUnit] INFO  ha.SequenceIdGenerator (SequenceIdGenerator.java:upgradeToSequenceId(375)) - upgrade delTxnId to 0
2023-09-13 06:48:54,899 [JUnit] INFO  ha.SequenceIdGenerator (SequenceIdGenerator.java:upgradeToSequenceId(392)) - upgrade containerId to 0
2023-09-13 06:48:54,902 [JUnit] INFO  ha.SequenceIdGenerator (SequenceIdGenerator.java:upgradeToSequenceId(428)) - upgrade rootCertificateId to 1
2023-09-13 06:48:54,904 [JUnit] INFO  ha.SequenceIdGenerator (SequenceIdGenerator.java:<init>(236)) - Init the HA SequenceIdGenerator.
2023-09-13 06:48:54,962 [JUnit] WARN  server.ServerUtils (ServerUtils.java:sanitizeUserArgs(80)) - ozone.scm.stale.node.interval value = 300000 is larger than max = 100000 based on the key value of ozone.scm.heartbeat.thread.interval, reset to the max value 100000.
2023-09-13 06:48:54,962 [JUnit] WARN  server.ServerUtils (ServerUtils.java:sanitizeUserArgs(80)) - ozone.scm.stale.node.interval value = 300000 is larger than max = 100000 based on the key value of ozone.scm.heartbeat.thread.interval, reset to the max value 100000.
2023-09-13 06:48:54,968 [JUnit] INFO  node.SCMNodeManager (SCMNodeManager.java:<init>(157)) - Entering startup safe mode.
2023-09-13 06:48:54,986 [JUnit] INFO  algorithms.ContainerPlacementPolicyFactory (ContainerPlacementPolicyFactory.java:getPolicyInternal(86)) - Create container placement policy of type org.apache.hadoop.hdds.scm.container.placement.algorithms.SCMContainerPlacementRackAware
2023-09-13 06:48:54,989 [JUnit] INFO  algorithms.ContainerPlacementPolicyFactory (ContainerPlacementPolicyFactory.java:getPolicyInternal(86)) - Create container placement policy of type org.apache.hadoop.hdds.scm.container.placement.algorithms.SCMContainerPlacementRackScatter
2023-09-13 06:48:54,999 [JUnit] INFO  pipeline.PipelineStateManagerImpl (PipelineStateManagerImpl.java:initialize(78)) - No pipeline exists in current db
2023-09-13 06:48:55,014 [JUnit] INFO  algorithms.LeaderChoosePolicyFactory (LeaderChoosePolicyFactory.java:getPolicy(57)) - Create leader choose policy of type org.apache.hadoop.hdds.scm.pipeline.leader.choose.algorithms.MinLeaderCountChoosePolicy
2023-09-13 06:48:55,015 [JUnit] INFO  algorithms.ContainerPlacementPolicyFactory (ContainerPlacementPolicyFactory.java:getPolicyInternal(86)) - Create container placement policy of type org.apache.hadoop.hdds.scm.container.placement.algorithms.SCMContainerPlacementRackScatter
2023-09-13 06:48:55,021 [JUnit] INFO  ha.SCMServiceManager (SCMServiceManager.java:register(42)) - Registering service BackgroundPipelineCreator.
2023-09-13 06:48:55,021 [JUnit] INFO  pipeline.BackgroundPipelineCreator (BackgroundPipelineCreator.java:start(124)) - Starting RatisPipelineUtilsThread.
2023-09-13 06:48:55,024 [JUnit] INFO  BackgroundPipelineScrubber (BackgroundSCMService.java:start(68)) - Starting BackgroundPipelineScrubber Service.
2023-09-13 06:48:55,025 [JUnit] INFO  ha.SCMServiceManager (SCMServiceManager.java:register(42)) - Registering service BackgroundPipelineScrubber.
2023-09-13 06:48:55,032 [JUnit] INFO  ExpiredContainerReplicaOpScrubber (BackgroundSCMService.java:start(68)) - Starting ExpiredContainerReplicaOpScrubber Service.
2023-09-13 06:48:55,040 [JUnit] INFO  ha.SCMServiceManager (SCMServiceManager.java:register(42)) - Registering service ExpiredContainerReplicaOpScrubber.
2023-09-13 06:48:55,065 [JUnit] INFO  algorithms.PipelineChoosePolicyFactory (PipelineChoosePolicyFactory.java:createPipelineChoosePolicyFromClass(78)) - Create pipeline choose policy of type org.apache.hadoop.hdds.scm.pipeline.choose.algorithms.RandomPipelineChoosePolicy
2023-09-13 06:48:55,065 [JUnit] INFO  algorithms.PipelineChoosePolicyFactory (PipelineChoosePolicyFactory.java:createPipelineChoosePolicyFromClass(78)) - Create pipeline choose policy of type org.apache.hadoop.hdds.scm.pipeline.choose.algorithms.RandomPipelineChoosePolicy
2023-09-13 06:48:55,095 [JUnit] INFO  ha.SCMServiceManager (SCMServiceManager.java:register(42)) - Registering service SCMBlockDeletingService.
2023-09-13 06:48:55,188 [JUnit] INFO  replication.ReplicationManager (ReplicationManager.java:start(291)) - Starting Replication Monitor Thread.
2023-09-13 06:48:55,189 [JUnit] INFO  ha.SCMServiceManager (SCMServiceManager.java:register(42)) - Registering service ReplicationManager.
2023-09-13 06:48:55,193 [ReplicationMonitor] INFO  replication.ReplicationManager (ReplicationManager.java:processAll(365)) - Replication Manager is not ready to run until 3000ms after safemode exit
2023-09-13 06:48:55,202 [JUnit] INFO  safemode.ContainerSafeModeRule (ContainerSafeModeRule.java:<init>(90)) - containers with one replica threshold count 0
2023-09-13 06:48:55,206 [JUnit] INFO  safemode.HealthyPipelineSafeModeRule (HealthyPipelineSafeModeRule.java:initializeRule(169)) - Total pipeline count is 0, healthy pipeline threshold count is 1
2023-09-13 06:48:55,208 [JUnit] INFO  safemode.OneReplicaPipelineSafeModeRule (OneReplicaPipelineSafeModeRule.java:initializeRule(180)) - Total pipeline count is 0, pipeline's with at least one datanode reported threshold count is 0
2023-09-13 06:48:55,256 [JUnit] INFO  server.StorageContainerManager (StorageContainerManager.java:<init>(425)) - SCM start with adminUsers: [runner]
2023-09-13 06:48:55,628 [JUnit] INFO  audit.AuditLogger (AuditLogger.java:refreshDebugCmdSet(126)) - Refresh DebugCmdSet for SCMAudit to [].
2023-09-13 06:48:55,662 [JUnit] INFO  ipc.CallQueueManager (CallQueueManager.java:<init>(90)) - Using callQueue: class java.util.concurrent.LinkedBlockingQueue, queueCapacity: 2000, scheduler: class org.apache.hadoop.ipc.DefaultRpcScheduler, ipcBackoff: false.
2023-09-13 06:48:55,698 [JUnit] INFO  ipc.Server (Server.java:<init>(1287)) - Listener at 0.0.0.0:15002
2023-09-13 06:48:55,702 [Socket Reader #1 for port 15002] INFO  ipc.Server (Server.java:run(1323)) - Starting Socket Reader #1 for port 15002
2023-09-13 06:48:55,766 [JUnit] INFO  audit.AuditLogger (AuditLogger.java:refreshDebugCmdSet(126)) - Refresh DebugCmdSet for SCMAudit to [].
2023-09-13 06:48:55,772 [JUnit] INFO  ipc.CallQueueManager (CallQueueManager.java:<init>(90)) - Using callQueue: class java.util.concurrent.LinkedBlockingQueue, queueCapacity: 2000, scheduler: class org.apache.hadoop.ipc.DefaultRpcScheduler, ipcBackoff: false.
2023-09-13 06:48:55,772 [JUnit] INFO  ipc.Server (Server.java:<init>(1287)) - Listener at 0.0.0.0:15001
2023-09-13 06:48:55,773 [Socket Reader #1 for port 15001] INFO  ipc.Server (Server.java:run(1323)) - Starting Socket Reader #1 for port 15001
2023-09-13 06:48:55,809 [JUnit] INFO  audit.AuditLogger (AuditLogger.java:refreshDebugCmdSet(126)) - Refresh DebugCmdSet for SCMAudit to [].
2023-09-13 06:48:55,820 [JUnit] INFO  ipc.CallQueueManager (CallQueueManager.java:<init>(90)) - Using callQueue: class java.util.concurrent.LinkedBlockingQueue, queueCapacity: 2000, scheduler: class org.apache.hadoop.ipc.DefaultRpcScheduler, ipcBackoff: false.
2023-09-13 06:48:55,821 [JUnit] INFO  ipc.Server (Server.java:<init>(1287)) - Listener at 0.0.0.0:15000
2023-09-13 06:48:55,821 [Socket Reader #1 for port 15000] INFO  ipc.Server (Server.java:run(1323)) - Starting Socket Reader #1 for port 15000
2023-09-13 06:48:55,877 [JUnit] INFO  ha.SCMServiceManager (SCMServiceManager.java:register(42)) - Registering service ContainerBalancer.
2023-09-13 06:48:55,881 [JUnit] INFO  server.StorageContainerManager (StorageContainerManager.java:<init>(438)) - 
Container Balancer status:
Key                            Value
Running                        false
Container Balancer Configuration values:
Key                                                Value
Threshold                                          10
Max Datanodes to Involve per Iteration(percent)    20
Max Size to Move per Iteration                     500GB
Max Size Entering Target per Iteration             26GB
Max Size Leaving Source per Iteration              26GB

2023-09-13 06:48:55,882 [JUnit] INFO  ha.SCMContext (SCMContext.java:updateSafeModeStatus(228)) - Update SafeModeStatus from SafeModeStatus{safeModeStatus=true, preCheckPassed=false} to SafeModeStatus{safeModeStatus=true, preCheckPassed=false}.
2023-09-13 06:48:55,885 [JUnit] INFO  server.StorageContainerManager (StorageContainerManager.java:start(1483)) - StorageContainerLocationProtocol RPC server is listening at /0.0.0.0:15000
2023-09-13 06:48:55,954 [JUnit] WARN  impl.MetricsConfig (MetricsConfig.java:loadFirst(136)) - Cannot locate configuration: tried hadoop-metrics2-storagecontainermanager.properties,hadoop-metrics2.properties
2023-09-13 06:48:55,969 [JUnit] INFO  impl.MetricsSystemImpl (MetricsSystemImpl.java:startTimer(378)) - Scheduled Metric snapshot period at 10 second(s).
2023-09-13 06:48:55,969 [JUnit] INFO  impl.MetricsSystemImpl (MetricsSystemImpl.java:start(191)) - StorageContainerManager metrics system started
2023-09-13 06:48:56,251 [JUnit] INFO  server.SCMClientProtocolServer (SCMClientProtocolServer.java:start(201)) - RPC server for Client  is listening at /0.0.0.0:15000
2023-09-13 06:48:56,252 [IPC Server Responder] INFO  ipc.Server (Server.java:run(1562)) - IPC Server Responder: starting
2023-09-13 06:48:56,265 [JUnit] INFO  server.StorageContainerManager (StorageContainerManager.java:start(1496)) - ScmBlockLocationProtocol RPC server is listening at /0.0.0.0:15001
2023-09-13 06:48:56,266 [IPC Server listener on 15000] INFO  ipc.Server (Server.java:run(1402)) - IPC Server listener on 15000: starting
2023-09-13 06:48:56,267 [JUnit] INFO  server.SCMBlockProtocolServer (SCMBlockProtocolServer.java:start(154)) - RPC server for Block Protocol is listening at /0.0.0.0:15001
2023-09-13 06:48:56,269 [IPC Server Responder] INFO  ipc.Server (Server.java:run(1562)) - IPC Server Responder: starting
2023-09-13 06:48:56,270 [IPC Server listener on 15001] INFO  ipc.Server (Server.java:run(1402)) - IPC Server listener on 15001: starting
2023-09-13 06:48:56,294 [JUnit] INFO  server.SCMDatanodeProtocolServer (SCMDatanodeProtocolServer.java:start(193)) - ScmDatanodeProtocol RPC server for DataNodes is listening at /0.0.0.0:15002
2023-09-13 06:48:56,296 [IPC Server Responder] INFO  ipc.Server (Server.java:run(1562)) - IPC Server Responder: starting
2023-09-13 06:48:56,296 [IPC Server listener on 15002] INFO  ipc.Server (Server.java:run(1402)) - IPC Server listener on 15002: starting
2023-09-13 06:48:56,312 [JvmPauseMonitor0] INFO  util.JvmPauseMonitor (JvmPauseMonitor.java:run(103)) - JvmPauseMonitor-2feb55fe-6f30-4b07-9cbd-b2b1472db4b2: Started
2023-09-13 06:48:56,323 [JUnit] INFO  http.BaseHttpServer (BaseHttpServer.java:newHttpServer2BuilderForOzone(223)) - Starting Web-server for scm at: http://0.0.0.0:15003
2023-09-13 06:48:56,324 [JUnit] INFO  http.BaseHttpServer (BaseHttpServer.java:<init>(110)) - Hadoop Security Enabled: false Ozone Security Enabled: false Ozone HTTP Security Enabled: false 
2023-09-13 06:48:56,351 [JUnit] INFO  util.log (Log.java:initialized(170)) - Logging initialized @4995ms to org.eclipse.jetty.util.log.Slf4jLog
2023-09-13 06:48:56,450 [JUnit] WARN  server.AuthenticationFilter (AuthenticationFilter.java:constructSecretProvider(240)) - Unable to initialize FileSignerSecretProvider, falling back to use random secrets. Reason: Could not read signature secret file: /home/runner/hadoop-http-auth-signature-secret
2023-09-13 06:48:56,458 [JUnit] INFO  http.HttpRequestLog (HttpRequestLog.java:getRequestLog(86)) - Http request log for http.requests.scm is not defined
2023-09-13 06:48:56,466 [JUnit] INFO  http.HttpServer2 (HttpServer2.java:addGlobalFilter(1031)) - Added global filter 'safety' (class=org.apache.hadoop.hdds.server.http.HttpServer2$QuotingInputFilter)
2023-09-13 06:48:56,470 [JUnit] INFO  http.HttpServer2 (HttpServer2.java:addFilter(1007)) - Added filter static_user_filter (class=org.apache.hadoop.http.lib.StaticUserWebFilter$StaticUserFilter) to context scm
2023-09-13 06:48:56,470 [JUnit] INFO  http.HttpServer2 (HttpServer2.java:addFilter(1015)) - Added filter static_user_filter (class=org.apache.hadoop.http.lib.StaticUserWebFilter$StaticUserFilter) to context logs
2023-09-13 06:48:56,470 [JUnit] INFO  http.HttpServer2 (HttpServer2.java:addFilter(1015)) - Added filter static_user_filter (class=org.apache.hadoop.http.lib.StaticUserWebFilter$StaticUserFilter) to context static
2023-09-13 06:48:56,517 [JUnit] INFO  http.BaseHttpServer (BaseHttpServer.java:<init>(189)) - HTTP server of scm uses base directory /home/runner/work/ozone/ozone/hadoop-ozone/integration-test/target/test-dir/MiniOzoneClusterImpl-e4211fca-df1e-4788-9bfe-f086778bfd1d/ozone-meta/webserver
2023-09-13 06:48:56,518 [JUnit] INFO  http.HttpServer2 (HttpServer2.java:bindListener(1231)) - Jetty bound to port 15003
2023-09-13 06:48:56,520 [JUnit] INFO  server.Server (Server.java:doStart(375)) - jetty-9.4.51.v20230217; built: 2023-02-17T08:19:37.309Z; git: b45c405e4544384de066f814ed42ae3dceacdd49; jvm 1.8.0_382-b05
2023-09-13 06:48:56,558 [JUnit] INFO  server.session (DefaultSessionIdManager.java:doStart(334)) - DefaultSessionIdManager workerName=node0
2023-09-13 06:48:56,559 [JUnit] INFO  server.session (DefaultSessionIdManager.java:doStart(339)) - No SessionScavenger set, using defaults
2023-09-13 06:48:56,560 [JUnit] INFO  server.session (HouseKeeper.java:startScavenging(132)) - node0 Scavenging every 660000ms
2023-09-13 06:48:56,577 [JUnit] INFO  handler.ContextHandler (ContextHandler.java:doStart(921)) - Started o.e.j.s.ServletContextHandler@41f84bb1{logs,/logs,file:///home/runner/work/ozone/ozone/hadoop-ozone/integration-test/target/log,AVAILABLE}
2023-09-13 06:48:56,581 [JUnit] INFO  handler.ContextHandler (ContextHandler.java:doStart(921)) - Started o.e.j.s.ServletContextHandler@6391d34f{static,/static,file:///home/runner/work/ozone/ozone/hadoop-ozone/integration-test/target/test-classes/webapps/static,AVAILABLE}
2023-09-13 06:48:56,621 [JUnit] INFO  handler.ContextHandler (ContextHandler.java:doStart(921)) - Started o.e.j.w.WebAppContext@2802caa2{scm,/,file:///home/runner/work/ozone/ozone/hadoop-ozone/integration-test/target/test-classes/webapps/scm/,AVAILABLE}{file:/home/runner/work/ozone/ozone/hadoop-ozone/integration-test/target/test-classes/webapps/scm}
2023-09-13 06:48:56,630 [JUnit] INFO  server.AbstractConnector (AbstractConnector.java:doStart(333)) - Started ServerConnector@52539624{HTTP/1.1, (http/1.1)}{0.0.0.0:15003}
2023-09-13 06:48:56,630 [JUnit] INFO  server.Server (Server.java:doStart(415)) - Started @5274ms
2023-09-13 06:48:56,632 [JUnit] INFO  impl.MetricsSinkAdapter (MetricsSinkAdapter.java:start(204)) - Sink prometheus started
2023-09-13 06:48:56,632 [JUnit] INFO  impl.MetricsSystemImpl (MetricsSystemImpl.java:registerSink(305)) - Registered sink prometheus
2023-09-13 06:48:56,633 [JUnit] INFO  http.BaseHttpServer (BaseHttpServer.java:updateConnectorAddress(354)) - HTTP server of scm listening at http://0.0.0.0:15003
2023-09-13 06:48:56,637 [JUnit] WARN  server.ServerUtils (ServerUtils.java:getDBPath(311)) - ozone.om.db.dirs is not configured. We recommend adding this setting. Falling back to ozone.metadata.dirs instead.
2023-09-13 06:48:56,702 [JUnit] INFO  audit.AuditLogger (AuditLogger.java:refreshDebugCmdSet(126)) - Refresh DebugCmdSet for OMAudit to [].
2023-09-13 06:48:56,785 [JUnit] INFO  ha.OMHANodeDetails (OMHANodeDetails.java:loadOMHAConfig(115)) - ozone.om.internal.service.id is not defined, falling back to ozone.om.service.ids to find serviceID for OzoneManager if it is HA enabled cluster
2023-09-13 06:48:56,788 [JUnit] INFO  ha.OMHANodeDetails (OMHANodeDetails.java:loadOMHAConfig(226)) - Configuration does not have ozone.om.address set. Falling back to the default OM address /127.0.0.1:15004
2023-09-13 06:48:56,789 [JUnit] INFO  ha.OMHANodeDetails (OMHANodeDetails.java:getOMNodeDetailsForNonHA(254)) - OM Service ID is not set. Setting it to the default ID: omServiceIdDefault
2023-09-13 06:48:56,789 [JUnit] INFO  ha.OMHANodeDetails (OMHANodeDetails.java:getOMNodeDetailsForNonHA(261)) - OM Node ID is not set. Setting it to the default ID: om1
2023-09-13 06:48:56,793 [JUnit] WARN  server.ServerUtils (ServerUtils.java:getDBPath(311)) - ozone.om.db.dirs is not configured. We recommend adding this setting. Falling back to ozone.metadata.dirs instead.
2023-09-13 06:48:56,797 [JUnit] INFO  upgrade.AbstractLayoutVersionManager (AbstractLayoutVersionManager.java:init(83)) - Initializing Layout version manager with metadata layout = QUOTA (version = 6), software layout = QUOTA (version = 6)
2023-09-13 06:48:56,907 [JUnit] INFO  reflections.Reflections (Reflections.java:scan(232)) - Reflections took 107 ms to scan 2 urls, producing 187 keys and 515 values [using 2 cores]
2023-09-13 06:48:56,911 [JUnit] INFO  upgrade.OMLayoutVersionManager (OMLayoutVersionManager.java:lambda$0(115)) - Skipping Upgrade Action QuotaRepairUpgradeAction since it has been finalized.
2023-09-13 06:48:56,913 [JUnit] INFO  upgrade.OMLayoutVersionManager (OMLayoutVersionManager.java:lambda$0(115)) - Skipping Upgrade Action MockOmUpgradeAction since it has been finalized.
2023-09-13 06:48:56,915 [JUnit] WARN  server.ServerUtils (ServerUtils.java:getDBPath(311)) - ozone.om.db.dirs is not configured. We recommend adding this setting. Falling back to ozone.metadata.dirs instead.
2023-09-13 06:48:57,094 [JUnit] INFO  proxy.SCMBlockLocationFailoverProxyProvider (SCMBlockLocationFailoverProxyProvider.java:<init>(114)) - Created block location fail-over proxy with 1 nodes: [nodeId=scmNodeId,nodeAddress=/0.0.0.0:15001]
2023-09-13 06:48:57,132 [JUnit] INFO  proxy.SCMBlockLocationFailoverProxyProvider (SCMBlockLocationFailoverProxyProvider.java:<init>(114)) - Created block location fail-over proxy with 1 nodes: [nodeId=scmNodeId,nodeAddress=/0.0.0.0:15001]
2023-09-13 06:48:57,409 [JUnit] INFO  om.OzoneManager (OzoneManager.java:<init>(665)) - OM start with adminUsers: [runner]
2023-09-13 06:48:57,433 [JUnit] WARN  server.ServerUtils (ServerUtils.java:getDBPath(311)) - ozone.om.db.dirs is not configured. We recommend adding this setting. Falling back to ozone.metadata.dirs instead.
2023-09-13 06:48:57,465 [JUnit] INFO  helpers.OmKeyInfo (OmKeyInfo.java:getCodec(71)) - OmKeyInfo.getCodec ignorePipeline = true
2023-09-13 06:48:57,783 [JUnit] INFO  om.OzoneManager (OzoneManager.java:instantiateServices(794)) - S3 Multi-Tenancy is disabled
2023-09-13 06:48:57,821 [JUnit] INFO  om.OmSnapshotManager (OmSnapshotManager.java:<init>(174)) - Ozone filesystem snapshot feature is enabled.
2023-09-13 06:48:57,831 [JUnit] WARN  server.ServerUtils (ServerUtils.java:getDBPath(311)) - ozone.om.snapshot.diff.db.dir is not configured. We recommend adding this setting. Falling back to ozone.metadata.dirs instead.
2023-09-13 06:48:57,880 [JUnit] INFO  utils.NativeLibraryLoader (NativeLibraryLoader.java:loadLibrary(108)) - Loading Library: ozone_rocksdb_tools
2023-09-13 06:48:57,881 [JUnit] INFO  snapshot.SnapshotDiffManager (SnapshotDiffManager.java:closeExecutorService(1706)) - Shutting down executorService: 'SstDumpToolExecutor'
2023-09-13 06:48:57,967 [JUnit] INFO  om.OzoneManager (OzoneManager.java:addS3GVolumeToDB(4305)) - Created Volume s3v With Owner runner required for S3Gateway operations.
2023-09-13 06:48:58,042 [JUnit] WARN  server.ServerUtils (ServerUtils.java:getDefaultRatisDirectory(323)) - Storage directory for Ratis is not configured. It is a good idea to map this to an SSD disk. Falling back to ozone.metadata.dirs
2023-09-13 06:48:58,042 [JUnit] WARN  utils.OzoneManagerRatisUtils (OzoneManagerRatisUtils.java:getOMRatisSnapshotDirectory(464)) - ozone.om.ratis.snapshot.dir is not configured. Falling back to ozone.metadata.dirs config
2023-09-13 06:48:58,075 [JUnit] WARN  server.ServerUtils (ServerUtils.java:getDefaultRatisDirectory(323)) - Storage directory for Ratis is not configured. It is a good idea to map this to an SSD disk. Falling back to ozone.metadata.dirs
2023-09-13 06:48:58,110 [JUnit] INFO  ratis.OzoneManagerRatisServer (OzoneManagerRatisServer.java:<init>(163)) - Instantiating OM Ratis server with groupID: omServiceIdDefault and peers: localhost:15007
2023-09-13 06:48:58,120 [JUnit] INFO  ratis.OzoneManagerStateMachine (OzoneManagerStateMachine.java:loadSnapshotInfoFromDB(687)) - LastAppliedIndex is set from TransactionInfo from OM DB as (t:0, i:~)
2023-09-13 06:48:58,193 [JUnit] INFO  server.RaftServer (ConfUtils.java:logGet(46)) - raft.rpc.type = GRPC (default)
2023-09-13 06:48:58,203 [JUnit] INFO  grpc.GrpcConfigKeys (ConfUtils.java:logFallback(53)) - raft.grpc.admin.host = null (fallback to raft.grpc.server.host)
2023-09-13 06:48:58,205 [JUnit] INFO  grpc.GrpcConfigKeys (ConfUtils.java:logFallback(53)) - raft.grpc.admin.port = 15007 (fallback to raft.grpc.server.port)
2023-09-13 06:48:58,206 [JUnit] INFO  grpc.GrpcConfigKeys (ConfUtils.java:logFallback(53)) - raft.grpc.client.host = null (fallback to raft.grpc.server.host)
2023-09-13 06:48:58,206 [JUnit] INFO  grpc.GrpcConfigKeys (ConfUtils.java:logFallback(53)) - raft.grpc.client.port = 15007 (fallback to raft.grpc.server.port)
2023-09-13 06:48:58,207 [JUnit] INFO  grpc.GrpcConfigKeys (ConfUtils.java:logGet(46)) - raft.grpc.server.host = null (default)
2023-09-13 06:48:58,207 [JUnit] INFO  grpc.GrpcConfigKeys (ConfUtils.java:logGet(46)) - raft.grpc.server.port = 15007 (custom)
2023-09-13 06:48:58,208 [JUnit] INFO  server.GrpcService (ConfUtils.java:logGet(46)) - raft.grpc.message.size.max = 33554432 (custom)
2023-09-13 06:48:58,209 [JUnit] INFO  server.RaftServerConfigKeys (ConfUtils.java:logGet(46)) - raft.server.log.appender.buffer.byte-limit = 33554432 (custom)
2023-09-13 06:48:58,210 [JUnit] INFO  server.GrpcService (ConfUtils.java:logGet(46)) - raft.grpc.flow.control.window = 1MB (=1048576) (default)
2023-09-13 06:48:58,210 [JUnit] INFO  server.RaftServerConfigKeys (ConfUtils.java:logGet(46)) - raft.server.rpc.request.timeout = 3000ms (default)
2023-09-13 06:48:58,224 [JUnit] INFO  grpc.GrpcConfigKeys (ConfUtils.java:logGet(46)) - raft.grpc.server.heartbeat.channel = true (default)
2023-09-13 06:48:58,228 [JUnit] INFO  grpc.GrpcConfigKeys (ConfUtils.java:logGet(46)) - raft.grpc.server.async.request.thread.pool.cached = true (default)
2023-09-13 06:48:58,228 [JUnit] INFO  grpc.GrpcConfigKeys (ConfUtils.java:logGet(46)) - raft.grpc.server.async.request.thread.pool.size = 32 (default)
2023-09-13 06:48:58,492 [JUnit] INFO  impl.DataStreamServerImpl (ConfUtils.java:logGet(46)) - raft.datastream.type = DISABLED (default)
2023-09-13 06:48:58,495 [JUnit] INFO  server.RaftServerConfigKeys (ConfUtils.java:logGet(46)) - raft.server.threadpool.proxy.cached = true (default)
2023-09-13 06:48:58,496 [JUnit] INFO  server.RaftServerConfigKeys (ConfUtils.java:logGet(46)) - raft.server.threadpool.proxy.size = 0 (default)
2023-09-13 06:48:58,496 [JUnit] INFO  server.RaftServerConfigKeys (ConfUtils.java:logGet(46)) - raft.server.rpc.slowness.timeout = 120s (custom)
2023-09-13 06:48:58,496 [JUnit] INFO  server.RaftServerConfigKeys (ConfUtils.java:logGet(46)) - raft.server.leaderelection.leader.step-down.wait-time = 10s (default)
2023-09-13 06:48:58,498 [JUnit] INFO  server.RaftServerConfigKeys (ConfUtils.java:logGet(46)) - raft.server.storage.dir = [/home/runner/work/ozone/ozone/hadoop-ozone/integration-test/target/test-dir/MiniOzoneClusterImpl-e4211fca-df1e-4788-9bfe-f086778bfd1d/ozone-meta/ratis] (custom)
2023-09-13 06:48:58,506 [JUnit] INFO  server.RaftServer (RaftServerProxy.java:addNew(98)) - om1: addNew group-C5BA1605619E:[om1|rpc:localhost:15007|priority:0|startupRole:FOLLOWER] returns group-C5BA1605619E:java.util.concurrent.CompletableFuture@357256e4[Not completed]
2023-09-13 06:48:58,507 [JUnit] INFO  om.OzoneManager (OzoneManager.java:initializeRatisServer(2148)) - OzoneManager Ratis server initialized at port 15007
2023-09-13 06:48:58,510 [JUnit] INFO  om.OzoneManager (OzoneManager.java:getRpcServer(1196)) - Creating RPC Server
2023-09-13 06:48:58,548 [om1-groupManagement] INFO  server.RaftServer$Division (RaftServerImpl.java:<init>(198)) - om1: new RaftServerImpl for group-C5BA1605619E:[om1|rpc:localhost:15007|priority:0|startupRole:FOLLOWER] with OzoneManagerStateMachine:uninitialized
2023-09-13 06:48:58,550 [om1-groupManagement] INFO  server.RaftServerConfigKeys (ConfUtils.java:logGet(46)) - raft.server.rpc.timeout.min = 1s (custom)
2023-09-13 06:48:58,550 [om1-groupManagement] INFO  server.RaftServerConfigKeys (ConfUtils.java:logGet(46)) - raft.server.rpc.timeout.max = 1200ms (custom)
2023-09-13 06:48:58,550 [om1-groupManagement] INFO  server.RaftServerConfigKeys (ConfUtils.java:logGet(46)) - raft.server.rpc.sleep.time = 25ms (default)
2023-09-13 06:48:58,550 [om1-groupManagement] INFO  server.RaftServerConfigKeys (ConfUtils.java:logGet(46)) - raft.server.rpc.slowness.timeout = 120s (custom)
2023-09-13 06:48:58,550 [om1-groupManagement] INFO  server.RaftServerConfigKeys (ConfUtils.java:logGet(46)) - raft.server.leaderelection.leader.step-down.wait-time = 10s (default)
2023-09-13 06:48:58,550 [om1-groupManagement] INFO  server.RaftServerConfigKeys (ConfUtils.java:logGet(46)) - raft.server.sleep.deviation.threshold = 300ms (default)
2023-09-13 06:48:58,559 [om1-groupManagement] INFO  server.RaftServer$Division (ServerState.java:<init>(120)) - om1@group-C5BA1605619E: ConfigurationManager, init=-1: peers:[om1|rpc:localhost:15007|priority:0|startupRole:FOLLOWER]|listeners:[], old=null, confs=<EMPTY_MAP>
2023-09-13 06:48:58,559 [om1-groupManagement] INFO  server.RaftServerConfigKeys (ConfUtils.java:logGet(46)) - raft.server.storage.dir = [/home/runner/work/ozone/ozone/hadoop-ozone/integration-test/target/test-dir/MiniOzoneClusterImpl-e4211fca-df1e-4788-9bfe-f086778bfd1d/ozone-meta/ratis] (custom)
2023-09-13 06:48:58,569 [om1-groupManagement] INFO  server.RaftServerConfigKeys (ConfUtils.java:logGet(46)) - raft.server.log.corruption.policy = EXCEPTION (default)
2023-09-13 06:48:58,570 [om1-groupManagement] INFO  server.RaftServerConfigKeys (ConfUtils.java:logGet(46)) - raft.server.storage.free-space.min = 0MB (=0) (default)
2023-09-13 06:48:58,793 [om1-groupManagement] INFO  server.RaftServerConfigKeys (ConfUtils.java:logGet(46)) - raft.server.notification.no-leader.timeout = 120s (custom)
2023-09-13 06:48:58,800 [om1-groupManagement] INFO  server.RaftServerConfigKeys (ConfUtils.java:logGet(46)) - raft.server.read.timeout = 10s (default)
2023-09-13 06:48:58,808 [om1-groupManagement] INFO  server.RaftServerConfigKeys (ConfUtils.java:logGet(46)) - raft.server.retrycache.expirytime = 300s (custom)
2023-09-13 06:48:58,808 [om1-groupManagement] INFO  server.RaftServerConfigKeys (ConfUtils.java:logGet(46)) - raft.server.retrycache.statistics.expirytime = 100μs (default)
2023-09-13 06:48:58,878 [om1-groupManagement] INFO  server.RaftServerConfigKeys (ConfUtils.java:logGet(46)) - raft.server.read.option = DEFAULT (default)
2023-09-13 06:48:58,956 [om1-groupManagement] INFO  server.RaftServerConfigKeys (ConfUtils.java:logGet(46)) - raft.server.rpc.request.timeout = 3000ms (default)
2023-09-13 06:48:58,961 [om1-groupManagement] INFO  server.RaftServerConfigKeys (ConfUtils.java:logGet(46)) - raft.server.log.appender.install.snapshot.enabled = false (custom)
2023-09-13 06:48:58,963 [om1-groupManagement] INFO  server.RaftServerConfigKeys (ConfUtils.java:logGet(46)) - raft.server.threadpool.server.cached = true (default)
2023-09-13 06:48:58,965 [om1-groupManagement] INFO  server.RaftServerConfigKeys (ConfUtils.java:logGet(46)) - raft.server.threadpool.server.size = 0 (default)
2023-09-13 06:48:58,966 [om1-groupManagement] INFO  server.RaftServerConfigKeys (ConfUtils.java:logGet(46)) - raft.server.threadpool.client.cached = true (default)
2023-09-13 06:48:58,973 [om1-groupManagement] INFO  server.RaftServerConfigKeys (ConfUtils.java:logGet(46)) - raft.server.threadpool.client.size = 0 (default)
2023-09-13 06:48:59,779 [JUnit] INFO  reflections.Reflections (Reflections.java:scan(232)) - Reflections took 947 ms to scan 20 urls, producing 70 keys and 6001 values [using 2 cores]
2023-09-13 06:48:59,982 [JUnit] INFO  ipc.CallQueueManager (CallQueueManager.java:<init>(90)) - Using callQueue: class java.util.concurrent.LinkedBlockingQueue, queueCapacity: 2000, scheduler: class org.apache.hadoop.ipc.DefaultRpcScheduler, ipcBackoff: false.
2023-09-13 06:48:59,982 [JUnit] INFO  ipc.Server (Server.java:<init>(1287)) - Listener at 127.0.0.1:15004
2023-09-13 06:48:59,983 [Socket Reader #1 for port 15004] INFO  ipc.Server (Server.java:run(1323)) - Starting Socket Reader #1 for port 15004
2023-09-13 06:49:00,018 [JUnit] INFO  impl.MetricsSystemImpl (MetricsSystemImpl.java:init(158)) - OzoneManager metrics system started (again)
2023-09-13 06:49:00,032 [JUnit] INFO  om.OzoneManager (OzoneManager.java:start(1633)) - OzoneManager RPC server is listening at localhost/127.0.0.1:15004
2023-09-13 06:49:00,033 [JUnit] INFO  ratis.OzoneManagerRatisServer (OzoneManagerRatisServer.java:start(558)) - Starting OzoneManagerRatisServer om1 at port 15007
2023-09-13 06:49:00,036 [om1-impl-thread1] INFO  storage.RaftStorageDirectory (RaftStorageDirectoryImpl.java:analyzeStorage(137)) - The storage directory /home/runner/work/ozone/ozone/hadoop-ozone/integration-test/target/test-dir/MiniOzoneClusterImpl-e4211fca-df1e-4788-9bfe-f086778bfd1d/ozone-meta/ratis/bf265839-605b-3f16-9796-c5ba1605619e does not exist. Creating ...
2023-09-13 06:49:00,041 [om1-impl-thread1] INFO  storage.RaftStorageDirectory (RaftStorageDirectoryImpl.java:tryLock(231)) - Lock on /home/runner/work/ozone/ozone/hadoop-ozone/integration-test/target/test-dir/MiniOzoneClusterImpl-e4211fca-df1e-4788-9bfe-f086778bfd1d/ozone-meta/ratis/bf265839-605b-3f16-9796-c5ba1605619e/in_use.lock acquired by nodename 3839@fv-az460-410
2023-09-13 06:49:00,047 [om1-impl-thread1] INFO  storage.RaftStorage (RaftStorageImpl.java:format(96)) - Storage directory /home/runner/work/ozone/ozone/hadoop-ozone/integration-test/target/test-dir/MiniOzoneClusterImpl-e4211fca-df1e-4788-9bfe-f086778bfd1d/ozone-meta/ratis/bf265839-605b-3f16-9796-c5ba1605619e has been successfully formatted.
2023-09-13 06:49:00,050 [om1-impl-thread1] INFO  server.RaftServerConfigKeys (ConfUtils.java:logGet(46)) - raft.server.log.use.memory = false (default)
2023-09-13 06:49:00,059 [om1-impl-thread1] INFO  server.RaftServerConfigKeys (ConfUtils.java:logGet(46)) - raft.server.log.purge.gap = 1000000 (custom)
2023-09-13 06:49:00,059 [om1-impl-thread1] INFO  server.RaftServerConfigKeys (ConfUtils.java:logGet(46)) - raft.server.log.appender.buffer.byte-limit = 33554432 (custom)
2023-09-13 06:49:00,061 [om1-impl-thread1] INFO  server.RaftServerConfigKeys (ConfUtils.java:logGet(46)) - raft.server.log.statemachine.data.read.timeout = 1000ms (default)
2023-09-13 06:49:00,062 [om1-impl-thread1] INFO  server.RaftServerConfigKeys (ConfUtils.java:logGet(46)) - raft.server.log.purge.preservation.log.num = 0 (default)
2023-09-13 06:49:00,064 [om1-impl-thread1] INFO  server.RaftServerConfigKeys (ConfUtils.java:logGet(46)) - raft.server.log.segment.size.max = 4194304 (custom)
2023-09-13 06:49:00,071 [om1-impl-thread1] INFO  server.RaftServerConfigKeys (ConfUtils.java:logGet(46)) - raft.server.log.segment.cache.num.max = 2 (custom)
2023-09-13 06:49:00,071 [om1-impl-thread1] INFO  server.RaftServerConfigKeys (ConfUtils.java:logGet(46)) - raft.server.log.segment.cache.size.max = 200MB (=209715200) (default)
2023-09-13 06:49:00,071 [om1-impl-thread1] INFO  server.RaftServerConfigKeys (ConfUtils.java:logGet(46)) - raft.server.log.appender.buffer.byte-limit = 33554432 (custom)
2023-09-13 06:49:00,078 [om1-impl-thread1] INFO  segmented.SegmentedRaftLogWorker (SegmentedRaftLogWorker.java:<init>(188)) - new om1@group-C5BA1605619E-SegmentedRaftLogWorker for RaftStorageImpl:Storage Directory /home/runner/work/ozone/ozone/hadoop-ozone/integration-test/target/test-dir/MiniOzoneClusterImpl-e4211fca-df1e-4788-9bfe-f086778bfd1d/ozone-meta/ratis/bf265839-605b-3f16-9796-c5ba1605619e
2023-09-13 06:49:00,079 [om1-impl-thread1] INFO  server.RaftServerConfigKeys (ConfUtils.java:logGet(46)) - raft.server.log.queue.byte-limit = 64MB (=67108864) (default)
2023-09-13 06:49:00,080 [om1-impl-thread1] INFO  server.RaftServerConfigKeys (ConfUtils.java:logGet(46)) - raft.server.log.queue.element-limit = 4096 (default)
2023-09-13 06:49:00,081 [om1-impl-thread1] INFO  server.RaftServerConfigKeys (ConfUtils.java:logGet(46)) - raft.server.log.segment.size.max = 4194304 (custom)
2023-09-13 06:49:00,081 [om1-impl-thread1] INFO  server.RaftServerConfigKeys (ConfUtils.java:logGet(46)) - raft.server.log.preallocated.size = 4194304 (custom)
2023-09-13 06:49:00,082 [om1-impl-thread1] INFO  server.RaftServerConfigKeys (ConfUtils.java:logGet(46)) - raft.server.log.force.sync.num = 128 (default)
2023-09-13 06:49:00,083 [om1-impl-thread1] INFO  server.RaftServerConfigKeys (ConfUtils.java:logGet(46)) - raft.server.log.statemachine.data.sync = true (default)
2023-09-13 06:49:00,083 [om1-impl-thread1] INFO  server.RaftServerConfigKeys (ConfUtils.java:logGet(46)) - raft.server.log.statemachine.data.sync.timeout = 10s (default)
2023-09-13 06:49:00,084 [om1-impl-thread1] INFO  server.RaftServerConfigKeys (ConfUtils.java:logGet(46)) - raft.server.log.statemachine.data.sync.timeout.retry = -1 (default)
2023-09-13 06:49:00,097 [om1-impl-thread1] INFO  server.RaftServerConfigKeys (ConfUtils.java:logGet(46)) - raft.server.log.write.buffer.size = 64KB (=65536) (default)
2023-09-13 06:49:00,098 [om1-impl-thread1] INFO  server.RaftServerConfigKeys (ConfUtils.java:logGet(46)) - raft.server.log.appender.buffer.byte-limit = 33554432 (custom)
2023-09-13 06:49:00,105 [om1-impl-thread1] INFO  server.RaftServerConfigKeys (ConfUtils.java:logGet(46)) - raft.server.log.unsafe-flush.enabled = false (default)
2023-09-13 06:49:00,106 [om1-impl-thread1] INFO  server.RaftServerConfigKeys (ConfUtils.java:logGet(46)) - raft.server.log.async-flush.enabled = false (default)
2023-09-13 06:49:00,106 [om1-impl-thread1] INFO  server.RaftServerConfigKeys (ConfUtils.java:logGet(46)) - raft.server.log.statemachine.data.caching.enabled = false (default)
2023-09-13 06:49:00,112 [om1-impl-thread1] INFO  segmented.SegmentedRaftLogWorker (SegmentedRaftLogWorker.java:lambda$new$0(135)) - om1@group-C5BA1605619E-SegmentedRaftLogWorker: flushIndex: setUnconditionally 0 -> -1
2023-09-13 06:49:00,113 [om1-impl-thread1] INFO  segmented.SegmentedRaftLogWorker (SegmentedRaftLogWorker.java:lambda$new$0(135)) - om1@group-C5BA1605619E-SegmentedRaftLogWorker: safeCacheEvictIndex: setUnconditionally 0 -> -1
2023-09-13 06:49:00,115 [om1-impl-thread1] INFO  server.RaftServer$Division (RaftServerImpl.java:start(342)) - om1@group-C5BA1605619E: start as a follower, conf=-1: peers:[om1|rpc:localhost:15007|priority:0|startupRole:FOLLOWER]|listeners:[], old=null
2023-09-13 06:49:00,116 [om1-impl-thread1] INFO  server.RaftServer$Division (RaftServerImpl.java:setRole(329)) - om1@group-C5BA1605619E: changes role from      null to FOLLOWER at term 0 for startAsFollower
2023-09-13 06:49:00,117 [om1-impl-thread1] INFO  impl.RoleInfo (RoleInfo.java:updateAndGet(139)) - om1: start om1@group-C5BA1605619E-FollowerState
2023-09-13 06:49:00,122 [om1-impl-thread1] INFO  util.JmxRegister (JmxRegister.java:tryRegister(44)) - Successfully registered JMX Bean with object name Ratis:service=RaftServer,group=group-C5BA1605619E,id=om1
2023-09-13 06:49:00,124 [om1-impl-thread1] INFO  server.RaftServerConfigKeys (ConfUtils.java:logGet(46)) - raft.server.snapshot.auto.trigger.enabled = true (custom)
2023-09-13 06:49:00,124 [om1-impl-thread1] INFO  server.RaftServerConfigKeys (ConfUtils.java:logGet(46)) - raft.server.snapshot.auto.trigger.threshold = 400000 (default)
2023-09-13 06:49:00,125 [om1-impl-thread1] INFO  server.RaftServerConfigKeys (ConfUtils.java:logGet(46)) - raft.server.snapshot.retention.file.num = -1 (default)
2023-09-13 06:49:00,126 [om1-impl-thread1] INFO  server.RaftServerConfigKeys (ConfUtils.java:logGet(46)) - raft.server.log.purge.upto.snapshot.index = true (custom)
2023-09-13 06:49:00,126 [om1@group-C5BA1605619E-FollowerState] INFO  server.RaftServerConfigKeys (ConfUtils.java:logFallback(53)) - raft.server.rpc.first-election.timeout.min = 1s (fallback to raft.server.rpc.timeout.min)
2023-09-13 06:49:00,127 [om1@group-C5BA1605619E-FollowerState] INFO  server.RaftServerConfigKeys (ConfUtils.java:logFallback(53)) - raft.server.rpc.first-election.timeout.max = 1200ms (fallback to raft.server.rpc.timeout.max)
2023-09-13 06:49:00,130 [JUnit] INFO  server.RaftServer (RaftServerProxy.java:startImpl(400)) - om1: start RPC server
2023-09-13 06:49:00,184 [JUnit] INFO  server.GrpcService (GrpcService.java:startImpl(302)) - om1: GrpcService started, listening on 15007
2023-09-13 06:49:00,190 [JUnit] INFO  om.OzoneManager (OzoneManager.java:start(1649)) - Version File has different layout version (6) than OM DB (null). That is expected if this OM has never been finalized to a newer layout version.
2023-09-13 06:49:00,194 [JvmPauseMonitor1] INFO  util.JvmPauseMonitor (JvmPauseMonitor.java:run(103)) - JvmPauseMonitor-om1: Started
2023-09-13 06:49:00,248 [JUnit] INFO  http.BaseHttpServer (BaseHttpServer.java:newHttpServer2BuilderForOzone(223)) - Starting Web-server for ozoneManager at: http://0.0.0.0:15005
2023-09-13 06:49:00,249 [JUnit] INFO  http.BaseHttpServer (BaseHttpServer.java:<init>(110)) - Hadoop Security Enabled: false Ozone Security Enabled: false Ozone HTTP Security Enabled: false 
2023-09-13 06:49:00,251 [JUnit] WARN  server.AuthenticationFilter (AuthenticationFilter.java:constructSecretProvider(240)) - Unable to initialize FileSignerSecretProvider, falling back to use random secrets. Reason: Could not read signature secret file: /home/runner/hadoop-http-auth-signature-secret
2023-09-13 06:49:00,256 [JUnit] INFO  http.HttpRequestLog (HttpRequestLog.java:getRequestLog(86)) - Http request log for http.requests.ozoneManager is not defined
2023-09-13 06:49:00,260 [JUnit] INFO  http.HttpServer2 (HttpServer2.java:addGlobalFilter(1031)) - Added global filter 'safety' (class=org.apache.hadoop.hdds.server.http.HttpServer2$QuotingInputFilter)
2023-09-13 06:49:00,261 [JUnit] INFO  http.HttpServer2 (HttpServer2.java:addFilter(1007)) - Added filter static_user_filter (class=org.apache.hadoop.http.lib.StaticUserWebFilter$StaticUserFilter) to context ozoneManager
2023-09-13 06:49:00,261 [JUnit] INFO  http.HttpServer2 (HttpServer2.java:addFilter(1015)) - Added filter static_user_filter (class=org.apache.hadoop.http.lib.StaticUserWebFilter$StaticUserFilter) to context static
2023-09-13 06:49:00,261 [JUnit] INFO  http.HttpServer2 (HttpServer2.java:addFilter(1015)) - Added filter static_user_filter (class=org.apache.hadoop.http.lib.StaticUserWebFilter$StaticUserFilter) to context logs
2023-09-13 06:49:00,265 [JUnit] INFO  http.BaseHttpServer (BaseHttpServer.java:<init>(189)) - HTTP server of ozoneManager uses base directory /home/runner/work/ozone/ozone/hadoop-ozone/integration-test/target/test-dir/MiniOzoneClusterImpl-e4211fca-df1e-4788-9bfe-f086778bfd1d/ozone-meta/webserver
2023-09-13 06:49:00,276 [JUnit] INFO  http.HttpServer2 (HttpServer2.java:bindListener(1231)) - Jetty bound to port 15005
2023-09-13 06:49:00,277 [JUnit] INFO  server.Server (Server.java:doStart(375)) - jetty-9.4.51.v20230217; built: 2023-02-17T08:19:37.309Z; git: b45c405e4544384de066f814ed42ae3dceacdd49; jvm 1.8.0_382-b05
2023-09-13 06:49:00,311 [JUnit] INFO  server.session (DefaultSessionIdManager.java:doStart(334)) - DefaultSessionIdManager workerName=node0
2023-09-13 06:49:00,311 [JUnit] INFO  server.session (DefaultSessionIdManager.java:doStart(339)) - No SessionScavenger set, using defaults
2023-09-13 06:49:00,312 [JUnit] INFO  server.session (HouseKeeper.java:startScavenging(132)) - node0 Scavenging every 600000ms
2023-09-13 06:49:00,318 [JUnit] INFO  handler.ContextHandler (ContextHandler.java:doStart(921)) - Started o.e.j.s.ServletContextHandler@3a6aa97f{logs,/logs,file:///home/runner/work/ozone/ozone/hadoop-ozone/integration-test/target/log,AVAILABLE}
2023-09-13 06:49:00,319 [JUnit] INFO  handler.ContextHandler (ContextHandler.java:doStart(921)) - Started o.e.j.s.ServletContextHandler@3bad01ee{static,/static,file:///home/runner/work/ozone/ozone/hadoop-ozone/integration-test/target/test-classes/webapps/static,AVAILABLE}
2023-09-13 06:49:00,324 [JUnit] INFO  handler.ContextHandler (ContextHandler.java:doStart(921)) - Started o.e.j.w.WebAppContext@c59b505{ozoneManager,/,file:///home/runner/work/ozone/ozone/hadoop-ozone/integration-test/target/test-classes/webapps/ozoneManager/,AVAILABLE}{file:/home/runner/work/ozone/ozone/hadoop-ozone/integration-test/target/test-classes/webapps/ozoneManager}
2023-09-13 06:49:00,327 [JUnit] INFO  server.AbstractConnector (AbstractConnector.java:doStart(333)) - Started ServerConnector@695ea38f{HTTP/1.1, (http/1.1)}{0.0.0.0:15005}
2023-09-13 06:49:00,327 [JUnit] INFO  server.Server (Server.java:doStart(415)) - Started @8971ms
2023-09-13 06:49:00,327 [JUnit] WARN  impl.MetricsSystemImpl (MetricsSystemImpl.java:register(279)) - Sink prometheus already exists!
2023-09-13 06:49:00,328 [JUnit] INFO  http.BaseHttpServer (BaseHttpServer.java:updateConnectorAddress(354)) - HTTP server of ozoneManager listening at http://0.0.0.0:15005
2023-09-13 06:49:00,329 [IPC Server Responder] INFO  ipc.Server (Server.java:run(1562)) - IPC Server Responder: starting
2023-09-13 06:49:00,333 [IPC Server listener on 15004] INFO  ipc.Server (Server.java:run(1402)) - IPC Server listener on 15004: starting
2023-09-13 06:49:00,337 [JUnit] INFO  om.OzoneManager (OzoneManager.java:startTrashEmptier(2101)) - Trash Interval set to 0. Files deleted won't move to trash
2023-09-13 06:49:00,574 [JUnit] WARN  impl.MetricRegistriesImpl (MetricRegistriesImpl.java:addReporterRegistration(111)) - New reporters are added after registries were created. Some metrics will be missing from the reporter. Please add reporter before adding any new registry.
2023-09-13 06:49:00,575 [JUnit] WARN  impl.MetricRegistriesImpl (MetricRegistriesImpl.java:addReporterRegistration(111)) - New reporters are added after registries were created. Some metrics will be missing from the reporter. Please add reporter before adding any new registry.
2023-09-13 06:49:00,575 [JUnit] INFO  impl.MetricsSystemImpl (MetricsSystemImpl.java:init(158)) - HddsDatanode metrics system started (again)
2023-09-13 06:49:00,599 [JUnit] INFO  ozone.HddsDatanodeService (HddsDatanodeService.java:start(237)) - HddsDatanodeService host:fv-az460-410.k2d41ockulnezl353eucldp3of.dx.internal.cloudapp.net ip:10.1.0.17
2023-09-13 06:49:00,637 [JUnit] INFO  upgrade.AbstractLayoutVersionManager (AbstractLayoutVersionManager.java:init(83)) - Initializing Layout version manager with metadata layout = HADOOP_PRC_PORTS_IN_DATANODEDETAILS (version = 7), software layout = HADOOP_PRC_PORTS_IN_DATANODEDETAILS (version = 7)
2023-09-13 06:49:00,639 [JUnit] INFO  statemachine.DatanodeStateMachine (DatanodeStateMachine.java:getEndPointTaskThreadPoolSize(282)) - Datanode State Machine Task Thread Pool size 2
2023-09-13 06:49:00,704 [JUnit] INFO  volume.HddsVolume (HddsVolume.java:<init>(126)) - Creating HddsVolume: /home/runner/work/ozone/ozone/hadoop-ozone/integration-test/target/test-dir/MiniOzoneClusterImpl-e4211fca-df1e-4788-9bfe-f086778bfd1d/datanode-0/data-0/containers/hdds of storage type : DISK capacity : 9223372036854775807
2023-09-13 06:49:00,707 [JUnit] INFO  volume.MutableVolumeSet (MutableVolumeSet.java:initializeVolumeSet(173)) - Added Volume : /home/runner/work/ozone/ozone/hadoop-ozone/integration-test/target/test-dir/MiniOzoneClusterImpl-e4211fca-df1e-4788-9bfe-f086778bfd1d/datanode-0/data-0/containers/hdds to VolumeSet
2023-09-13 06:49:00,711 [JUnit] INFO  volume.MutableVolumeSet (MutableVolumeSet.java:initializeVolumeSet(173)) - Added Volume : /home/runner/work/ozone/ozone/hadoop-ozone/integration-test/target/test-dir/MiniOzoneClusterImpl-e4211fca-df1e-4788-9bfe-f086778bfd1d/datanode-0/data/ratis to VolumeSet
2023-09-13 06:49:00,726 [Thread-140] INFO  ozoneimpl.ContainerReader (ContainerReader.java:readVolume(177)) - Finish verifying containers on volume /home/runner/work/ozone/ozone/hadoop-ozone/integration-test/target/test-dir/MiniOzoneClusterImpl-e4211fca-df1e-4788-9bfe-f086778bfd1d/datanode-0/data-0/containers/hdds
2023-09-13 06:49:00,726 [JUnit] INFO  ozoneimpl.OzoneContainer (OzoneContainer.java:buildContainerSet(314)) - Build ContainerSet costs 0s
2023-09-13 06:49:00,787 [JUnit] INFO  audit.AuditLogger (AuditLogger.java:refreshDebugCmdSet(126)) - Refresh DebugCmdSet for DNAudit to [].
2023-09-13 06:49:00,820 [JUnit] INFO  server.RaftServer (ConfUtils.java:logGet(46)) - raft.rpc.type = GRPC (default)
2023-09-13 06:49:00,820 [JUnit] INFO  grpc.GrpcConfigKeys (ConfUtils.java:logFallback(53)) - raft.grpc.admin.host = null (fallback to raft.grpc.server.host)
2023-09-13 06:49:00,820 [JUnit] INFO  grpc.GrpcConfigKeys (ConfUtils.java:logGet(46)) - raft.grpc.admin.port = 15013 (custom)
2023-09-13 06:49:00,820 [JUnit] INFO  grpc.GrpcConfigKeys (ConfUtils.java:logFallback(53)) - raft.grpc.client.host = null (fallback to raft.grpc.server.host)
2023-09-13 06:49:00,821 [JUnit] INFO  grpc.GrpcConfigKeys (ConfUtils.java:logGet(46)) - raft.grpc.client.port = 15012 (custom)
2023-09-13 06:49:00,821 [JUnit] INFO  grpc.GrpcConfigKeys (ConfUtils.java:logGet(46)) - raft.grpc.server.host = null (default)
2023-09-13 06:49:00,821 [JUnit] INFO  grpc.GrpcConfigKeys (ConfUtils.java:logGet(46)) - raft.grpc.server.port = 15014 (custom)
2023-09-13 06:49:00,821 [JUnit] INFO  server.GrpcService (ConfUtils.java:logGet(46)) - raft.grpc.message.size.max = 32MB (=33554432) (custom)
2023-09-13 06:49:00,821 [JUnit] INFO  server.RaftServerConfigKeys (ConfUtils.java:logGet(46)) - raft.server.log.appender.buffer.byte-limit = 33554432 (custom)
2023-09-13 06:49:00,821 [JUnit] INFO  server.GrpcService (ConfUtils.java:logGet(46)) - raft.grpc.flow.control.window = 5MB (=5242880) (custom)
2023-09-13 06:49:00,822 [JUnit] INFO  server.RaftServerConfigKeys (ConfUtils.java:logGet(46)) - raft.server.rpc.request.timeout = 3000ms (default)
2023-09-13 06:49:00,822 [JUnit] INFO  grpc.GrpcConfigKeys (ConfUtils.java:logGet(46)) - raft.grpc.server.heartbeat.channel = true (default)
2023-09-13 06:49:00,822 [JUnit] INFO  grpc.GrpcConfigKeys (ConfUtils.java:logGet(46)) - raft.grpc.server.async.request.thread.pool.cached = true (default)
2023-09-13 06:49:00,822 [JUnit] INFO  grpc.GrpcConfigKeys (ConfUtils.java:logGet(46)) - raft.grpc.server.async.request.thread.pool.size = 32 (default)
2023-09-13 06:49:00,825 [JUnit] INFO  impl.DataStreamServerImpl (ConfUtils.java:logGet(46)) - raft.datastream.type = NETTY (custom)
2023-09-13 06:49:00,835 [JUnit] INFO  server.RaftServerConfigKeys (ConfUtils.java:logGet(46)) - raft.server.data-stream.async.request.thread.pool.cached = false (default)
2023-09-13 06:49:00,836 [JUnit] INFO  server.RaftServerConfigKeys (ConfUtils.java:logGet(46)) - raft.server.data-stream.async.request.thread.pool.size = 20 (custom)
2023-09-13 06:49:00,836 [JUnit] INFO  server.RaftServerConfigKeys (ConfUtils.java:logGet(46)) - raft.server.data-stream.async.write.thread.pool.size = 16 (default)
2023-09-13 06:49:00,837 [JUnit] INFO  server.RaftServerConfigKeys (ConfUtils.java:logGet(46)) - raft.server.data-stream.client.pool.size = 10 (default)
2023-09-13 06:49:00,840 [JUnit] INFO  netty.NettyConfigKeys$DataStream (ConfUtils.java:logGet(46)) - raft.netty.dataStream.server.use-epoll = false (default)
2023-09-13 06:49:00,841 [JUnit] INFO  netty.NettyConfigKeys$DataStream (ConfUtils.java:logGet(46)) - raft.netty.dataStream.server.boss-group.size = 0 (default)
2023-09-13 06:49:00,848 [JUnit] INFO  netty.NettyConfigKeys$DataStream (ConfUtils.java:logGet(46)) - raft.netty.dataStream.server.worker-group.size = 0 (default)
2023-09-13 06:49:00,862 [JUnit] INFO  netty.NettyConfigKeys$DataStream (ConfUtils.java:logGet(46)) - raft.netty.dataStream.server.tls.conf = null (default)
2023-09-13 06:49:00,863 [JUnit] INFO  netty.NettyConfigKeys$DataStream (ConfUtils.java:logGet(46)) - raft.netty.dataStream.host = null (default)
2023-09-13 06:49:00,864 [JUnit] INFO  netty.NettyConfigKeys$DataStream (ConfUtils.java:logGet(46)) - raft.netty.dataStream.port = 15015 (custom)
2023-09-13 06:49:00,873 [JUnit] INFO  server.RaftServerConfigKeys (ConfUtils.java:logGet(46)) - raft.server.threadpool.proxy.cached = true (default)
2023-09-13 06:49:00,873 [JUnit] INFO  server.RaftServerConfigKeys (ConfUtils.java:logGet(46)) - raft.server.threadpool.proxy.size = 0 (default)
2023-09-13 06:49:00,873 [JUnit] INFO  server.RaftServerConfigKeys (ConfUtils.java:logGet(46)) - raft.server.rpc.slowness.timeout = 300000ms (custom)
2023-09-13 06:49:00,874 [JUnit] INFO  server.RaftServerConfigKeys (ConfUtils.java:logGet(46)) - raft.server.leaderelection.leader.step-down.wait-time = 10s (default)
2023-09-13 06:49:00,874 [JUnit] INFO  server.RaftServerConfigKeys (ConfUtils.java:logGet(46)) - raft.server.storage.dir = [/home/runner/work/ozone/ozone/hadoop-ozone/integration-test/target/test-dir/MiniOzoneClusterImpl-e4211fca-df1e-4788-9bfe-f086778bfd1d/datanode-0/data/ratis] (custom)
2023-09-13 06:49:00,878 [53aa52bb-3302-49c8-8741-f934a8213f44-impl-thread1] INFO  server.RaftServer (RaftServerProxy.java:initGroupDir(258)) - 53aa52bb-3302-49c8-8741-f934a8213f44: found a subdirectory /home/runner/work/ozone/ozone/hadoop-ozone/integration-test/target/test-dir/MiniOzoneClusterImpl-e4211fca-df1e-4788-9bfe-f086778bfd1d/datanode-0/data/ratis/tmp
2023-09-13 06:49:00,878 [53aa52bb-3302-49c8-8741-f934a8213f44-impl-thread1] INFO  server.RaftServer (RaftServerProxy.java:initGroupDir(263)) - 53aa52bb-3302-49c8-8741-f934a8213f44: The directory /home/runner/work/ozone/ozone/hadoop-ozone/integration-test/target/test-dir/MiniOzoneClusterImpl-e4211fca-df1e-4788-9bfe-f086778bfd1d/datanode-0/data/ratis/tmp is not a group directory; ignoring it. 
2023-09-13 06:49:00,881 [JUnit] INFO  replication.ReplicationServer (ReplicationServer.java:<init>(83)) - Initializing replication server with thread count = 10 queue length = 4096
2023-09-13 06:49:00,899 [53aa52bb-3302-49c8-8741-f934a8213f44-NettyServerStreamRpc-bossGroup--thread1] INFO  logging.LoggingHandler (AbstractInternalLogger.java:log(148)) - [id: 0xf66352ca] REGISTERED
2023-09-13 06:49:00,899 [53aa52bb-3302-49c8-8741-f934a8213f44-NettyServerStreamRpc-bossGroup--thread1] INFO  logging.LoggingHandler (AbstractInternalLogger.java:log(148)) - [id: 0xf66352ca] BIND: 0.0.0.0/0.0.0.0:15015
2023-09-13 06:49:00,901 [53aa52bb-3302-49c8-8741-f934a8213f44-NettyServerStreamRpc-bossGroup--thread1] INFO  logging.LoggingHandler (AbstractInternalLogger.java:log(148)) - [id: 0xf66352ca, L:/0:0:0:0:0:0:0:0:15015] ACTIVE
2023-09-13 06:49:00,912 [JUnit] INFO  server.XceiverServerGrpc (XceiverServerGrpc.java:<init>(132)) - GrpcServer channel type EpollServerSocketChannel
2023-09-13 06:49:00,952 [JUnit] INFO  replication.ReplicationSupervisor (ReplicationSupervisor.java:build(155)) - Initializing replication supervisor with thread count = 10
2023-09-13 06:49:00,953 [JUnit] INFO  replication.ReplicationSupervisor (ReplicationSupervisor.java:nodeStateUpdated(307)) - Node state updated to IN_SERVICE, scaling executor pool size to 10
2023-09-13 06:49:01,013 [JUnit] INFO  http.BaseHttpServer (BaseHttpServer.java:newHttpServer2BuilderForOzone(223)) - Starting Web-server for hddsDatanode at: http://0.0.0.0:15009
2023-09-13 06:49:01,013 [JUnit] INFO  http.BaseHttpServer (BaseHttpServer.java:<init>(110)) - Hadoop Security Enabled: false Ozone Security Enabled: false Ozone HTTP Security Enabled: false 
2023-09-13 06:49:01,015 [JUnit] WARN  server.AuthenticationFilter (AuthenticationFilter.java:constructSecretProvider(240)) - Unable to initialize FileSignerSecretProvider, falling back to use random secrets. Reason: Could not read signature secret file: /home/runner/hadoop-http-auth-signature-secret
2023-09-13 06:49:01,017 [JUnit] INFO  http.HttpRequestLog (HttpRequestLog.java:getRequestLog(86)) - Http request log for http.requests.hddsDatanode is not defined
2023-09-13 06:49:01,019 [JUnit] INFO  http.HttpServer2 (HttpServer2.java:addGlobalFilter(1031)) - Added global filter 'safety' (class=org.apache.hadoop.hdds.server.http.HttpServer2$QuotingInputFilter)
2023-09-13 06:49:01,019 [JUnit] INFO  http.HttpServer2 (HttpServer2.java:addFilter(1007)) - Added filter static_user_filter (class=org.apache.hadoop.http.lib.StaticUserWebFilter$StaticUserFilter) to context hddsDatanode
2023-09-13 06:49:01,020 [JUnit] INFO  http.HttpServer2 (HttpServer2.java:addFilter(1015)) - Added filter static_user_filter (class=org.apache.hadoop.http.lib.StaticUserWebFilter$StaticUserFilter) to context static
2023-09-13 06:49:01,020 [JUnit] INFO  http.HttpServer2 (HttpServer2.java:addFilter(1015)) - Added filter static_user_filter (class=org.apache.hadoop.http.lib.StaticUserWebFilter$StaticUserFilter) to context logs
2023-09-13 06:49:01,021 [JUnit] INFO  http.BaseHttpServer (BaseHttpServer.java:<init>(189)) - HTTP server of hddsDatanode uses base directory /home/runner/work/ozone/ozone/hadoop-ozone/integration-test/target/test-dir/MiniOzoneClusterImpl-e4211fca-df1e-4788-9bfe-f086778bfd1d/datanode-0/meta/webserver
2023-09-13 06:49:01,021 [JUnit] INFO  http.HttpServer2 (HttpServer2.java:bindListener(1231)) - Jetty bound to port 15009
2023-09-13 06:49:01,021 [JUnit] INFO  server.Server (Server.java:doStart(375)) - jetty-9.4.51.v20230217; built: 2023-02-17T08:19:37.309Z; git: b45c405e4544384de066f814ed42ae3dceacdd49; jvm 1.8.0_382-b05
2023-09-13 06:49:01,026 [JUnit] INFO  server.session (DefaultSessionIdManager.java:doStart(334)) - DefaultSessionIdManager workerName=node0
2023-09-13 06:49:01,026 [JUnit] INFO  server.session (DefaultSessionIdManager.java:doStart(339)) - No SessionScavenger set, using defaults
2023-09-13 06:49:01,026 [JUnit] INFO  server.session (HouseKeeper.java:startScavenging(132)) - node0 Scavenging every 660000ms
2023-09-13 06:49:01,027 [JUnit] INFO  handler.ContextHandler (ContextHandler.java:doStart(921)) - Started o.e.j.s.ServletContextHandler@2085c9bb{logs,/logs,file:///home/runner/work/ozone/ozone/hadoop-ozone/integration-test/target/log,AVAILABLE}
2023-09-13 06:49:01,027 [JUnit] INFO  handler.ContextHandler (ContextHandler.java:doStart(921)) - Started o.e.j.s.ServletContextHandler@81e6f3{static,/static,jar:file:/home/runner/.m2/repository/org/apache/ozone/hdds-container-service/1.4.0-SNAPSHOT/hdds-container-service-1.4.0-SNAPSHOT.jar!/webapps/static,AVAILABLE}
2023-09-13 06:49:01,277 [om1@group-C5BA1605619E-FollowerState] INFO  impl.FollowerState (FollowerState.java:run(143)) - om1@group-C5BA1605619E-FollowerState: change to CANDIDATE, lastRpcElapsedTime:1160334277ns, electionTimeout:1149ms
2023-09-13 06:49:01,278 [om1@group-C5BA1605619E-FollowerState] INFO  impl.RoleInfo (RoleInfo.java:shutdownFollowerState(110)) - om1: shutdown om1@group-C5BA1605619E-FollowerState
2023-09-13 06:49:01,279 [om1@group-C5BA1605619E-FollowerState] INFO  server.RaftServer$Division (RaftServerImpl.java:setRole(329)) - om1@group-C5BA1605619E: changes role from  FOLLOWER to CANDIDATE at term 0 for changeToCandidate
2023-09-13 06:49:01,282 [om1@group-C5BA1605619E-FollowerState] INFO  server.RaftServerConfigKeys (ConfUtils.java:logGet(46)) - raft.server.leaderelection.pre-vote = true (default)
2023-09-13 06:49:01,282 [om1@group-C5BA1605619E-FollowerState] INFO  impl.RoleInfo (RoleInfo.java:updateAndGet(139)) - om1: start om1@group-C5BA1605619E-LeaderElection1
2023-09-13 06:49:01,286 [om1@group-C5BA1605619E-LeaderElection1] INFO  impl.LeaderElection (LeaderElection.java:askForVotes(321)) - om1@group-C5BA1605619E-LeaderElection1 PRE_VOTE round 0: submit vote requests at term 0 for -1: peers:[om1|rpc:localhost:15007|priority:0|startupRole:FOLLOWER]|listeners:[], old=null
2023-09-13 06:49:01,289 [JUnit] INFO  handler.ContextHandler (ContextHandler.java:doStart(921)) - Started o.e.j.w.WebAppContext@188467fe{hddsDatanode,/,file:///home/runner/work/ozone/ozone/hadoop-ozone/integration-test/target/test-dir/MiniOzoneClusterImpl-e4211fca-df1e-4788-9bfe-f086778bfd1d/datanode-0/meta/webserver/jetty-0_0_0_0-15009-hdds-container-service-1_4_0-SNAPSHOT_jar-_-any-2385395374918744462/webapp/,AVAILABLE}{jar:file:/home/runner/.m2/repository/org/apache/ozone/hdds-container-service/1.4.0-SNAPSHOT/hdds-container-service-1.4.0-SNAPSHOT.jar!/webapps/hddsDatanode}
2023-09-13 06:49:01,294 [om1@group-C5BA1605619E-LeaderElection1] INFO  impl.LeaderElection (LeaderElection.java:askForVotes(323)) - om1@group-C5BA1605619E-LeaderElection1 PRE_VOTE round 0: result PASSED (term=0)
2023-09-13 06:49:01,296 [JUnit] INFO  server.AbstractConnector (AbstractConnector.java:doStart(333)) - Started ServerConnector@6fa43cbf{HTTP/1.1, (http/1.1)}{0.0.0.0:15009}
2023-09-13 06:49:01,298 [JUnit] INFO  server.Server (Server.java:doStart(415)) - Started @9942ms
2023-09-13 06:49:01,298 [JUnit] WARN  impl.MetricsSystemImpl (MetricsSystemImpl.java:register(279)) - Sink prometheus already exists!
2023-09-13 06:49:01,299 [JUnit] INFO  http.BaseHttpServer (BaseHttpServer.java:updateConnectorAddress(354)) - HTTP server of hddsDatanode listening at http://0.0.0.0:15009
2023-09-13 06:49:01,303 [om1@group-C5BA1605619E-LeaderElection1] INFO  impl.LeaderElection (LeaderElection.java:askForVotes(321)) - om1@group-C5BA1605619E-LeaderElection1 ELECTION round 0: submit vote requests at term 1 for -1: peers:[om1|rpc:localhost:15007|priority:0|startupRole:FOLLOWER]|listeners:[], old=null
2023-09-13 06:49:01,303 [om1@group-C5BA1605619E-LeaderElection1] INFO  impl.LeaderElection (LeaderElection.java:askForVotes(323)) - om1@group-C5BA1605619E-LeaderElection1 ELECTION round 0: result PASSED (term=1)
2023-09-13 06:49:01,303 [om1@group-C5BA1605619E-LeaderElection1] INFO  impl.RoleInfo (RoleInfo.java:shutdownLeaderElection(130)) - om1: shutdown om1@group-C5BA1605619E-LeaderElection1
2023-09-13 06:49:01,303 [om1@group-C5BA1605619E-LeaderElection1] INFO  server.RaftServer$Division (RaftServerImpl.java:setRole(329)) - om1@group-C5BA1605619E: changes role from CANDIDATE to LEADER at term 1 for changeToLeader
2023-09-13 06:49:01,310 [om1@group-C5BA1605619E-LeaderElection1] INFO  server.RaftServer$Division (ServerState.java:setLeader(317)) - om1@group-C5BA1605619E: change Leader from null to om1 at term 1 for becomeLeader, leader elected after 2510ms
2023-09-13 06:49:01,324 [JUnit] INFO  ipc.CallQueueManager (CallQueueManager.java:<init>(90)) - Using callQueue: class java.util.concurrent.LinkedBlockingQueue, queueCapacity: 100, scheduler: class org.apache.hadoop.ipc.DefaultRpcScheduler, ipcBackoff: false.
2023-09-13 06:49:01,324 [JUnit] INFO  ipc.Server (Server.java:<init>(1287)) - Listener at 0.0.0.0:15010
2023-09-13 06:49:01,325 [om1@group-C5BA1605619E-LeaderElection1] INFO  server.RaftServerConfigKeys (ConfUtils.java:logGet(46)) - raft.server.staging.catchup.gap = 1000 (default)
2023-09-13 06:49:01,328 [Socket Reader #1 for port 15010] INFO  ipc.Server (Server.java:run(1323)) - Starting Socket Reader #1 for port 15010
2023-09-13 06:49:01,334 [JUnit] INFO  ozone.HddsDatanodeService (HddsDatanodeService.java:start(315)) - Datanode start with admins: [runner]
2023-09-13 06:49:01,334 [JUnit] INFO  ozone.HddsDatanodeClientProtocolServer (HddsDatanodeClientProtocolServer.java:start(72)) - RPC server for Client /0.0.0.0:15010
2023-09-13 06:49:01,335 [IPC Server Responder] INFO  ipc.Server (Server.java:run(1562)) - IPC Server Responder: starting
2023-09-13 06:49:01,335 [IPC Server listener on 15010] INFO  ipc.Server (Server.java:run(1402)) - IPC Server listener on 15010: starting
2023-09-13 06:49:01,336 [JUnit] WARN  impl.MetricRegistriesImpl (MetricRegistriesImpl.java:addReporterRegistration(111)) - New reporters are added after registries were created. Some metrics will be missing from the reporter. Please add reporter before adding any new registry.
2023-09-13 06:49:01,337 [JUnit] WARN  impl.MetricRegistriesImpl (MetricRegistriesImpl.java:addReporterRegistration(111)) - New reporters are added after registries were created. Some metrics will be missing from the reporter. Please add reporter before adding any new registry.
2023-09-13 06:49:01,337 [JUnit] INFO  impl.MetricsSystemImpl (MetricsSystemImpl.java:init(158)) - HddsDatanode metrics system started (again)
2023-09-13 06:49:01,339 [om1@group-C5BA1605619E-LeaderElection1] INFO  server.RaftServerConfigKeys (ConfUtils.java:logGet(46)) - raft.server.write.element-limit = 4096 (default)
2023-09-13 06:49:01,340 [om1@group-C5BA1605619E-LeaderElection1] INFO  server.RaftServerConfigKeys (ConfUtils.java:logGet(46)) - raft.server.write.byte-limit = 64MB (=67108864) (default)
2023-09-13 06:49:01,343 [Datanode State Machine Daemon Thread] INFO  statemachine.DatanodeStateMachine (DatanodeStateMachine.java:lambda$startDaemon$0(538)) - Ozone container server started.
2023-09-13 06:49:01,353 [om1@group-C5BA1605619E-LeaderElection1] INFO  server.RaftServerConfigKeys (ConfUtils.java:logGet(46)) - raft.server.watch.timeout = 10s (default)
2023-09-13 06:49:01,354 [om1@group-C5BA1605619E-LeaderElection1] INFO  server.RaftServerConfigKeys (ConfUtils.java:logGet(46)) - raft.server.watch.timeout.denomination = 1s (default)
2023-09-13 06:49:01,355 [om1@group-C5BA1605619E-LeaderElection1] INFO  server.RaftServerConfigKeys (ConfUtils.java:logGet(46)) - raft.server.watch.element-limit = 65536 (default)
2023-09-13 06:49:01,366 [JUnit] INFO  ozone.HddsDatanodeService (HddsDatanodeService.java:start(237)) - HddsDatanodeService host:fv-az460-410.k2d41ockulnezl353eucldp3of.dx.internal.cloudapp.net ip:10.1.0.17
2023-09-13 06:49:01,367 [om1@group-C5BA1605619E-LeaderElection1] INFO  server.RaftServerConfigKeys (ConfUtils.java:logGet(46)) - raft.server.write.element-limit = 4096 (default)
2023-09-13 06:49:01,370 [om1@group-C5BA1605619E-LeaderElection1] INFO  server.RaftServerConfigKeys (ConfUtils.java:logGet(46)) - raft.server.write.follower.gap.ratio.max = -1.0 (default)
2023-09-13 06:49:01,374 [om1@group-C5BA1605619E-LeaderElection1] INFO  impl.RoleInfo (RoleInfo.java:updateAndGet(139)) - om1: start om1@group-C5BA1605619E-LeaderStateImpl
2023-09-13 06:49:01,402 [JUnit] INFO  upgrade.AbstractLayoutVersionManager (AbstractLayoutVersionManager.java:init(83)) - Initializing Layout version manager with metadata layout = HADOOP_PRC_PORTS_IN_DATANODEDETAILS (version = 7), software layout = HADOOP_PRC_PORTS_IN_DATANODEDETAILS (version = 7)
2023-09-13 06:49:01,403 [JUnit] INFO  statemachine.DatanodeStateMachine (DatanodeStateMachine.java:getEndPointTaskThreadPoolSize(282)) - Datanode State Machine Task Thread Pool size 2
2023-09-13 06:49:01,409 [JUnit] INFO  volume.HddsVolume (HddsVolume.java:<init>(126)) - Creating HddsVolume: /home/runner/work/ozone/ozone/hadoop-ozone/integration-test/target/test-dir/MiniOzoneClusterImpl-e4211fca-df1e-4788-9bfe-f086778bfd1d/datanode-1/data-0/containers/hdds of storage type : DISK capacity : 9223372036854775807
2023-09-13 06:49:01,411 [JUnit] INFO  volume.MutableVolumeSet (MutableVolumeSet.java:initializeVolumeSet(173)) - Added Volume : /home/runner/work/ozone/ozone/hadoop-ozone/integration-test/target/test-dir/MiniOzoneClusterImpl-e4211fca-df1e-4788-9bfe-f086778bfd1d/datanode-1/data-0/containers/hdds to VolumeSet
2023-09-13 06:49:01,415 [JUnit] INFO  volume.MutableVolumeSet (MutableVolumeSet.java:initializeVolumeSet(173)) - Added Volume : /home/runner/work/ozone/ozone/hadoop-ozone/integration-test/target/test-dir/MiniOzoneClusterImpl-e4211fca-df1e-4788-9bfe-f086778bfd1d/datanode-1/data/ratis to VolumeSet
2023-09-13 06:49:01,429 [Thread-159] INFO  ozoneimpl.ContainerReader (ContainerReader.java:readVolume(177)) - Finish verifying containers on volume /home/runner/work/ozone/ozone/hadoop-ozone/integration-test/target/test-dir/MiniOzoneClusterImpl-e4211fca-df1e-4788-9bfe-f086778bfd1d/datanode-1/data-0/containers/hdds
2023-09-13 06:49:01,430 [JUnit] INFO  ozoneimpl.OzoneContainer (OzoneContainer.java:buildContainerSet(314)) - Build ContainerSet costs 0s
2023-09-13 06:49:01,433 [JUnit] INFO  server.RaftServer (ConfUtils.java:logGet(46)) - raft.rpc.type = GRPC (default)
2023-09-13 06:49:01,434 [JUnit] INFO  grpc.GrpcConfigKeys (ConfUtils.java:logFallback(53)) - raft.grpc.admin.host = null (fallback to raft.grpc.server.host)
2023-09-13 06:49:01,434 [JUnit] INFO  grpc.GrpcConfigKeys (ConfUtils.java:logGet(46)) - raft.grpc.admin.port = 15022 (custom)
2023-09-13 06:49:01,434 [JUnit] INFO  grpc.GrpcConfigKeys (ConfUtils.java:logFallback(53)) - raft.grpc.client.host = null (fallback to raft.grpc.server.host)
2023-09-13 06:49:01,434 [JUnit] INFO  grpc.GrpcConfigKeys (ConfUtils.java:logGet(46)) - raft.grpc.client.port = 15021 (custom)
2023-09-13 06:49:01,434 [JUnit] INFO  grpc.GrpcConfigKeys (ConfUtils.java:logGet(46)) - raft.grpc.server.host = null (default)
2023-09-13 06:49:01,434 [JUnit] INFO  grpc.GrpcConfigKeys (ConfUtils.java:logGet(46)) - raft.grpc.server.port = 15023 (custom)
2023-09-13 06:49:01,434 [JUnit] INFO  server.GrpcService (ConfUtils.java:logGet(46)) - raft.grpc.message.size.max = 32MB (=33554432) (custom)
2023-09-13 06:49:01,435 [JUnit] INFO  server.RaftServerConfigKeys (ConfUtils.java:logGet(46)) - raft.server.log.appender.buffer.byte-limit = 33554432 (custom)
2023-09-13 06:49:01,435 [JUnit] INFO  server.GrpcService (ConfUtils.java:logGet(46)) - raft.grpc.flow.control.window = 5MB (=5242880) (custom)
2023-09-13 06:49:01,435 [JUnit] INFO  server.RaftServerConfigKeys (ConfUtils.java:logGet(46)) - raft.server.rpc.request.timeout = 3000ms (default)
2023-09-13 06:49:01,435 [JUnit] INFO  grpc.GrpcConfigKeys (ConfUtils.java:logGet(46)) - raft.grpc.server.heartbeat.channel = true (default)
2023-09-13 06:49:01,435 [JUnit] INFO  grpc.GrpcConfigKeys (ConfUtils.java:logGet(46)) - raft.grpc.server.async.request.thread.pool.cached = true (default)
2023-09-13 06:49:01,435 [JUnit] INFO  grpc.GrpcConfigKeys (ConfUtils.java:logGet(46)) - raft.grpc.server.async.request.thread.pool.size = 32 (default)
2023-09-13 06:49:01,438 [om1@group-C5BA1605619E-LeaderElection1] INFO  segmented.SegmentedRaftLogWorker (SegmentedRaftLogWorker.java:startLogSegment(447)) - om1@group-C5BA1605619E-SegmentedRaftLogWorker: Starting segment from index:0
2023-09-13 06:49:01,453 [JUnit] INFO  impl.DataStreamServerImpl (ConfUtils.java:logGet(46)) - raft.datastream.type = NETTY (custom)
2023-09-13 06:49:01,454 [JUnit] INFO  server.RaftServerConfigKeys (ConfUtils.java:logGet(46)) - raft.server.data-stream.async.request.thread.pool.cached = false (default)
2023-09-13 06:49:01,454 [JUnit] INFO  server.RaftServerConfigKeys (ConfUtils.java:logGet(46)) - raft.server.data-stream.async.request.thread.pool.size = 20 (custom)
2023-09-13 06:49:01,454 [JUnit] INFO  server.RaftServerConfigKeys (ConfUtils.java:logGet(46)) - raft.server.data-stream.async.write.thread.pool.size = 16 (default)
2023-09-13 06:49:01,454 [JUnit] INFO  server.RaftServerConfigKeys (ConfUtils.java:logGet(46)) - raft.server.data-stream.client.pool.size = 10 (default)
2023-09-13 06:49:01,455 [JUnit] INFO  netty.NettyConfigKeys$DataStream (ConfUtils.java:logGet(46)) - raft.netty.dataStream.server.use-epoll = false (default)
2023-09-13 06:49:01,455 [JUnit] INFO  netty.NettyConfigKeys$DataStream (ConfUtils.java:logGet(46)) - raft.netty.dataStream.server.boss-group.size = 0 (default)
2023-09-13 06:49:01,456 [JUnit] INFO  netty.NettyConfigKeys$DataStream (ConfUtils.java:logGet(46)) - raft.netty.dataStream.server.worker-group.size = 0 (default)
2023-09-13 06:49:01,457 [JUnit] INFO  netty.NettyConfigKeys$DataStream (ConfUtils.java:logGet(46)) - raft.netty.dataStream.server.tls.conf = null (default)
2023-09-13 06:49:01,457 [JUnit] INFO  netty.NettyConfigKeys$DataStream (ConfUtils.java:logGet(46)) - raft.netty.dataStream.host = null (default)
2023-09-13 06:49:01,457 [JUnit] INFO  netty.NettyConfigKeys$DataStream (ConfUtils.java:logGet(46)) - raft.netty.dataStream.port = 15024 (custom)
2023-09-13 06:49:01,465 [JUnit] INFO  server.RaftServerConfigKeys (ConfUtils.java:logGet(46)) - raft.server.threadpool.proxy.cached = true (default)
2023-09-13 06:49:01,465 [JUnit] INFO  server.RaftServerConfigKeys (ConfUtils.java:logGet(46)) - raft.server.threadpool.proxy.size = 0 (default)
2023-09-13 06:49:01,465 [JUnit] INFO  server.RaftServerConfigKeys (ConfUtils.java:logGet(46)) - raft.server.rpc.slowness.timeout = 300000ms (custom)
2023-09-13 06:49:01,465 [JUnit] INFO  server.RaftServerConfigKeys (ConfUtils.java:logGet(46)) - raft.server.leaderelection.leader.step-down.wait-time = 10s (default)
2023-09-13 06:49:01,465 [JUnit] INFO  server.RaftServerConfigKeys (ConfUtils.java:logGet(46)) - raft.server.storage.dir = [/home/runner/work/ozone/ozone/hadoop-ozone/integration-test/target/test-dir/MiniOzoneClusterImpl-e4211fca-df1e-4788-9bfe-f086778bfd1d/datanode-1/data/ratis] (custom)
2023-09-13 06:49:01,476 [095205e7-1161-4289-a78b-dd2bf4a5be02-NettyServerStreamRpc-bossGroup--thread1] INFO  logging.LoggingHandler (AbstractInternalLogger.java:log(148)) - [id: 0xdf73d4a6] REGISTERED
2023-09-13 06:49:01,476 [095205e7-1161-4289-a78b-dd2bf4a5be02-NettyServerStreamRpc-bossGroup--thread1] INFO  logging.LoggingHandler (AbstractInternalLogger.java:log(148)) - [id: 0xdf73d4a6] BIND: 0.0.0.0/0.0.0.0:15024
2023-09-13 06:49:01,476 [095205e7-1161-4289-a78b-dd2bf4a5be02-NettyServerStreamRpc-bossGroup--thread1] INFO  logging.LoggingHandler (AbstractInternalLogger.java:log(148)) - [id: 0xdf73d4a6, L:/0:0:0:0:0:0:0:0:15024] ACTIVE
2023-09-13 06:49:01,479 [095205e7-1161-4289-a78b-dd2bf4a5be02-impl-thread1] INFO  server.RaftServer (RaftServerProxy.java:initGroupDir(258)) - 095205e7-1161-4289-a78b-dd2bf4a5be02: found a subdirectory /home/runner/work/ozone/ozone/hadoop-ozone/integration-test/target/test-dir/MiniOzoneClusterImpl-e4211fca-df1e-4788-9bfe-f086778bfd1d/datanode-1/data/ratis/tmp
2023-09-13 06:49:01,479 [095205e7-1161-4289-a78b-dd2bf4a5be02-impl-thread1] INFO  server.RaftServer (RaftServerProxy.java:initGroupDir(263)) - 095205e7-1161-4289-a78b-dd2bf4a5be02: The directory /home/runner/work/ozone/ozone/hadoop-ozone/integration-test/target/test-dir/MiniOzoneClusterImpl-e4211fca-df1e-4788-9bfe-f086778bfd1d/datanode-1/data/ratis/tmp is not a group directory; ignoring it. 
2023-09-13 06:49:01,479 [JUnit] INFO  replication.ReplicationServer (ReplicationServer.java:<init>(83)) - Initializing replication server with thread count = 10 queue length = 4096
2023-09-13 06:49:01,481 [JUnit] INFO  server.XceiverServerGrpc (XceiverServerGrpc.java:<init>(132)) - GrpcServer channel type EpollServerSocketChannel
2023-09-13 06:49:01,487 [JUnit] INFO  replication.ReplicationSupervisor (ReplicationSupervisor.java:build(155)) - Initializing replication supervisor with thread count = 10
2023-09-13 06:49:01,487 [JUnit] INFO  replication.ReplicationSupervisor (ReplicationSupervisor.java:nodeStateUpdated(307)) - Node state updated to IN_SERVICE, scaling executor pool size to 10
2023-09-13 06:49:01,495 [JUnit] INFO  http.BaseHttpServer (BaseHttpServer.java:newHttpServer2BuilderForOzone(223)) - Starting Web-server for hddsDatanode at: http://0.0.0.0:15018
2023-09-13 06:49:01,495 [JUnit] INFO  http.BaseHttpServer (BaseHttpServer.java:<init>(110)) - Hadoop Security Enabled: false Ozone Security Enabled: false Ozone HTTP Security Enabled: false 
2023-09-13 06:49:01,497 [JUnit] WARN  server.AuthenticationFilter (AuthenticationFilter.java:constructSecretProvider(240)) - Unable to initialize FileSignerSecretProvider, falling back to use random secrets. Reason: Could not read signature secret file: /home/runner/hadoop-http-auth-signature-secret
2023-09-13 06:49:01,501 [JUnit] INFO  http.HttpRequestLog (HttpRequestLog.java:getRequestLog(86)) - Http request log for http.requests.hddsDatanode is not defined
2023-09-13 06:49:01,503 [JUnit] INFO  http.HttpServer2 (HttpServer2.java:addGlobalFilter(1031)) - Added global filter 'safety' (class=org.apache.hadoop.hdds.server.http.HttpServer2$QuotingInputFilter)
2023-09-13 06:49:01,504 [JUnit] INFO  http.HttpServer2 (HttpServer2.java:addFilter(1007)) - Added filter static_user_filter (class=org.apache.hadoop.http.lib.StaticUserWebFilter$StaticUserFilter) to context hddsDatanode
2023-09-13 06:49:01,504 [JUnit] INFO  http.HttpServer2 (HttpServer2.java:addFilter(1015)) - Added filter static_user_filter (class=org.apache.hadoop.http.lib.StaticUserWebFilter$StaticUserFilter) to context static
2023-09-13 06:49:01,504 [JUnit] INFO  http.HttpServer2 (HttpServer2.java:addFilter(1015)) - Added filter static_user_filter (class=org.apache.hadoop.http.lib.StaticUserWebFilter$StaticUserFilter) to context logs
2023-09-13 06:49:01,505 [JUnit] INFO  http.BaseHttpServer (BaseHttpServer.java:<init>(189)) - HTTP server of hddsDatanode uses base directory /home/runner/work/ozone/ozone/hadoop-ozone/integration-test/target/test-dir/MiniOzoneClusterImpl-e4211fca-df1e-4788-9bfe-f086778bfd1d/datanode-1/meta/webserver
2023-09-13 06:49:01,505 [JUnit] INFO  http.HttpServer2 (HttpServer2.java:bindListener(1231)) - Jetty bound to port 15018
2023-09-13 06:49:01,505 [JUnit] INFO  server.Server (Server.java:doStart(375)) - jetty-9.4.51.v20230217; built: 2023-02-17T08:19:37.309Z; git: b45c405e4544384de066f814ed42ae3dceacdd49; jvm 1.8.0_382-b05
2023-09-13 06:49:01,574 [om1@group-C5BA1605619E-LeaderElection1] INFO  server.RaftServer$Division (ServerState.java:setRaftConf(434)) - om1@group-C5BA1605619E: set configuration 0: peers:[om1|rpc:localhost:15007|admin:|client:|dataStream:|priority:0|startupRole:FOLLOWER]|listeners:[], old=null
2023-09-13 06:49:01,579 [JUnit] INFO  server.session (DefaultSessionIdManager.java:doStart(334)) - DefaultSessionIdManager workerName=node0
2023-09-13 06:49:01,580 [JUnit] INFO  server.session (DefaultSessionIdManager.java:doStart(339)) - No SessionScavenger set, using defaults
2023-09-13 06:49:01,580 [JUnit] INFO  server.session (HouseKeeper.java:startScavenging(132)) - node0 Scavenging every 660000ms
2023-09-13 06:49:01,588 [JUnit] INFO  handler.ContextHandler (ContextHandler.java:doStart(921)) - Started o.e.j.s.ServletContextHandler@79ee75b5{logs,/logs,file:///home/runner/work/ozone/ozone/hadoop-ozone/integration-test/target/log,AVAILABLE}
2023-09-13 06:49:01,588 [JUnit] INFO  handler.ContextHandler (ContextHandler.java:doStart(921)) - Started o.e.j.s.ServletContextHandler@647aa680{static,/static,jar:file:/home/runner/.m2/repository/org/apache/ozone/hdds-container-service/1.4.0-SNAPSHOT/hdds-container-service-1.4.0-SNAPSHOT.jar!/webapps/static,AVAILABLE}
2023-09-13 06:49:01,624 [om1@group-C5BA1605619E-SegmentedRaftLogWorker] INFO  segmented.SegmentedRaftLogWorker (SegmentedRaftLogWorker.java:execute(651)) - om1@group-C5BA1605619E-SegmentedRaftLogWorker: created new log segment /home/runner/work/ozone/ozone/hadoop-ozone/integration-test/target/test-dir/MiniOzoneClusterImpl-e4211fca-df1e-4788-9bfe-f086778bfd1d/ozone-meta/ratis/bf265839-605b-3f16-9796-c5ba1605619e/current/log_inprogress_0
2023-09-13 06:49:01,731 [Datanode State Machine Task Thread - 0] INFO  datanode.InitDatanodeState (InitDatanodeState.java:persistContainerDatanodeDetails(138)) - DatanodeDetails is persisted to /home/runner/work/ozone/ozone/hadoop-ozone/integration-test/target/test-dir/MiniOzoneClusterImpl-e4211fca-df1e-4788-9bfe-f086778bfd1d/datanode-0/meta/datanode.id
2023-09-13 06:49:01,846 [om1@group-C5BA1605619E-StateMachineUpdater] INFO  ratis.OzoneManagerStateMachine (OzoneManagerStateMachine.java:notifyConfigurationChanged(202)) - Received Configuration change notification from Ratis. New Peer list:
[id: "om1"
address: "localhost:15007"
startupRole: FOLLOWER
]
2023-09-13 06:49:01,891 [JUnit] INFO  handler.ContextHandler (ContextHandler.java:doStart(921)) - Started o.e.j.w.WebAppContext@45357530{hddsDatanode,/,file:///home/runner/work/ozone/ozone/hadoop-ozone/integration-test/target/test-dir/MiniOzoneClusterImpl-e4211fca-df1e-4788-9bfe-f086778bfd1d/datanode-1/meta/webserver/jetty-0_0_0_0-15018-hdds-container-service-1_4_0-SNAPSHOT_jar-_-any-4755056318711855273/webapp/,AVAILABLE}{jar:file:/home/runner/.m2/repository/org/apache/ozone/hdds-container-service/1.4.0-SNAPSHOT/hdds-container-service-1.4.0-SNAPSHOT.jar!/webapps/hddsDatanode}
2023-09-13 06:49:01,893 [JUnit] INFO  server.AbstractConnector (AbstractConnector.java:doStart(333)) - Started ServerConnector@54fcda04{HTTP/1.1, (http/1.1)}{0.0.0.0:15018}
2023-09-13 06:49:01,893 [JUnit] INFO  server.Server (Server.java:doStart(415)) - Started @10537ms
2023-09-13 06:49:01,893 [JUnit] WARN  impl.MetricsSystemImpl (MetricsSystemImpl.java:register(279)) - Sink prometheus already exists!
2023-09-13 06:49:01,894 [JUnit] INFO  http.BaseHttpServer (BaseHttpServer.java:updateConnectorAddress(354)) - HTTP server of hddsDatanode listening at http://0.0.0.0:15018
2023-09-13 06:49:01,894 [JUnit] INFO  ipc.CallQueueManager (CallQueueManager.java:<init>(90)) - Using callQueue: class java.util.concurrent.LinkedBlockingQueue, queueCapacity: 100, scheduler: class org.apache.hadoop.ipc.DefaultRpcScheduler, ipcBackoff: false.
2023-09-13 06:49:01,895 [JUnit] INFO  ipc.Server (Server.java:<init>(1287)) - Listener at 0.0.0.0:15019
2023-09-13 06:49:01,895 [Socket Reader #1 for port 15019] INFO  ipc.Server (Server.java:run(1323)) - Starting Socket Reader #1 for port 15019
2023-09-13 06:49:01,907 [JUnit] INFO  ozone.HddsDatanodeService (HddsDatanodeService.java:start(315)) - Datanode start with admins: [runner]
2023-09-13 06:49:01,908 [JUnit] INFO  ozone.HddsDatanodeClientProtocolServer (HddsDatanodeClientProtocolServer.java:start(72)) - RPC server for Client /0.0.0.0:15019
2023-09-13 06:49:01,913 [IPC Server Responder] INFO  ipc.Server (Server.java:run(1562)) - IPC Server Responder: starting
2023-09-13 06:49:01,913 [IPC Server listener on 15019] INFO  ipc.Server (Server.java:run(1402)) - IPC Server listener on 15019: starting
2023-09-13 06:49:01,914 [JUnit] WARN  impl.MetricRegistriesImpl (MetricRegistriesImpl.java:addReporterRegistration(111)) - New reporters are added after registries were created. Some metrics will be missing from the reporter. Please add reporter before adding any new registry.
2023-09-13 06:49:01,914 [JUnit] WARN  impl.MetricRegistriesImpl (MetricRegistriesImpl.java:addReporterRegistration(111)) - New reporters are added after registries were created. Some metrics will be missing from the reporter. Please add reporter before adding any new registry.
2023-09-13 06:49:01,914 [JUnit] INFO  impl.MetricsSystemImpl (MetricsSystemImpl.java:init(158)) - HddsDatanode metrics system started (again)
2023-09-13 06:49:01,922 [Datanode State Machine Daemon Thread] INFO  statemachine.DatanodeStateMachine (DatanodeStateMachine.java:lambda$startDaemon$0(538)) - Ozone container server started.
2023-09-13 06:49:01,934 [JUnit] INFO  ozone.HddsDatanodeService (HddsDatanodeService.java:start(237)) - HddsDatanodeService host:fv-az460-410.k2d41ockulnezl353eucldp3of.dx.internal.cloudapp.net ip:10.1.0.17
2023-09-13 06:49:01,947 [Datanode State Machine Task Thread - 0] INFO  datanode.InitDatanodeState (InitDatanodeState.java:persistContainerDatanodeDetails(138)) - DatanodeDetails is persisted to /home/runner/work/ozone/ozone/hadoop-ozone/integration-test/target/test-dir/MiniOzoneClusterImpl-e4211fca-df1e-4788-9bfe-f086778bfd1d/datanode-1/meta/datanode.id
2023-09-13 06:49:01,968 [JUnit] INFO  upgrade.AbstractLayoutVersionManager (AbstractLayoutVersionManager.java:init(83)) - Initializing Layout version manager with metadata layout = HADOOP_PRC_PORTS_IN_DATANODEDETAILS (version = 7), software layout = HADOOP_PRC_PORTS_IN_DATANODEDETAILS (version = 7)
2023-09-13 06:49:01,970 [JUnit] INFO  statemachine.DatanodeStateMachine (DatanodeStateMachine.java:getEndPointTaskThreadPoolSize(282)) - Datanode State Machine Task Thread Pool size 2
2023-09-13 06:49:01,978 [JUnit] INFO  volume.HddsVolume (HddsVolume.java:<init>(126)) - Creating HddsVolume: /home/runner/work/ozone/ozone/hadoop-ozone/integration-test/target/test-dir/MiniOzoneClusterImpl-e4211fca-df1e-4788-9bfe-f086778bfd1d/datanode-2/data-0/containers/hdds of storage type : DISK capacity : 9223372036854775807
2023-09-13 06:49:01,978 [JUnit] INFO  volume.MutableVolumeSet (MutableVolumeSet.java:initializeVolumeSet(173)) - Added Volume : /home/runner/work/ozone/ozone/hadoop-ozone/integration-test/target/test-dir/MiniOzoneClusterImpl-e4211fca-df1e-4788-9bfe-f086778bfd1d/datanode-2/data-0/containers/hdds to VolumeSet
2023-09-13 06:49:01,981 [JUnit] INFO  volume.MutableVolumeSet (MutableVolumeSet.java:initializeVolumeSet(173)) - Added Volume : /home/runner/work/ozone/ozone/hadoop-ozone/integration-test/target/test-dir/MiniOzoneClusterImpl-e4211fca-df1e-4788-9bfe-f086778bfd1d/datanode-2/data/ratis to VolumeSet
2023-09-13 06:49:01,983 [Thread-176] INFO  ozoneimpl.ContainerReader (ContainerReader.java:readVolume(177)) - Finish verifying containers on volume /home/runner/work/ozone/ozone/hadoop-ozone/integration-test/target/test-dir/MiniOzoneClusterImpl-e4211fca-df1e-4788-9bfe-f086778bfd1d/datanode-2/data-0/containers/hdds
2023-09-13 06:49:01,984 [JUnit] INFO  ozoneimpl.OzoneContainer (OzoneContainer.java:buildContainerSet(314)) - Build ContainerSet costs 0s
2023-09-13 06:49:01,991 [JUnit] INFO  server.RaftServer (ConfUtils.java:logGet(46)) - raft.rpc.type = GRPC (default)
2023-09-13 06:49:01,991 [JUnit] INFO  grpc.GrpcConfigKeys (ConfUtils.java:logFallback(53)) - raft.grpc.admin.host = null (fallback to raft.grpc.server.host)
2023-09-13 06:49:01,993 [JUnit] INFO  grpc.GrpcConfigKeys (ConfUtils.java:logGet(46)) - raft.grpc.admin.port = 15031 (custom)
2023-09-13 06:49:01,993 [JUnit] INFO  grpc.GrpcConfigKeys (ConfUtils.java:logFallback(53)) - raft.grpc.client.host = null (fallback to raft.grpc.server.host)
2023-09-13 06:49:01,993 [JUnit] INFO  grpc.GrpcConfigKeys (ConfUtils.java:logGet(46)) - raft.grpc.client.port = 15030 (custom)
2023-09-13 06:49:01,993 [JUnit] INFO  grpc.GrpcConfigKeys (ConfUtils.java:logGet(46)) - raft.grpc.server.host = null (default)
2023-09-13 06:49:01,993 [JUnit] INFO  grpc.GrpcConfigKeys (ConfUtils.java:logGet(46)) - raft.grpc.server.port = 15032 (custom)
2023-09-13 06:49:01,993 [JUnit] INFO  server.GrpcService (ConfUtils.java:logGet(46)) - raft.grpc.message.size.max = 32MB (=33554432) (custom)
2023-09-13 06:49:01,993 [JUnit] INFO  server.RaftServerConfigKeys (ConfUtils.java:logGet(46)) - raft.server.log.appender.buffer.byte-limit = 33554432 (custom)
2023-09-13 06:49:01,994 [JUnit] INFO  server.GrpcService (ConfUtils.java:logGet(46)) - raft.grpc.flow.control.window = 5MB (=5242880) (custom)
2023-09-13 06:49:01,994 [JUnit] INFO  server.RaftServerConfigKeys (ConfUtils.java:logGet(46)) - raft.server.rpc.request.timeout = 3000ms (default)
2023-09-13 06:49:01,995 [JUnit] INFO  grpc.GrpcConfigKeys (ConfUtils.java:logGet(46)) - raft.grpc.server.heartbeat.channel = true (default)
2023-09-13 06:49:01,995 [JUnit] INFO  grpc.GrpcConfigKeys (ConfUtils.java:logGet(46)) - raft.grpc.server.async.request.thread.pool.cached = true (default)
2023-09-13 06:49:01,995 [JUnit] INFO  grpc.GrpcConfigKeys (ConfUtils.java:logGet(46)) - raft.grpc.server.async.request.thread.pool.size = 32 (default)
2023-09-13 06:49:01,998 [JUnit] INFO  impl.DataStreamServerImpl (ConfUtils.java:logGet(46)) - raft.datastream.type = NETTY (custom)
2023-09-13 06:49:01,999 [JUnit] INFO  server.RaftServerConfigKeys (ConfUtils.java:logGet(46)) - raft.server.data-stream.async.request.thread.pool.cached = false (default)
2023-09-13 06:49:01,999 [JUnit] INFO  server.RaftServerConfigKeys (ConfUtils.java:logGet(46)) - raft.server.data-stream.async.request.thread.pool.size = 20 (custom)
2023-09-13 06:49:01,999 [JUnit] INFO  server.RaftServerConfigKeys (ConfUtils.java:logGet(46)) - raft.server.data-stream.async.write.thread.pool.size = 16 (default)
2023-09-13 06:49:01,999 [JUnit] INFO  server.RaftServerConfigKeys (ConfUtils.java:logGet(46)) - raft.server.data-stream.client.pool.size = 10 (default)
2023-09-13 06:49:01,999 [JUnit] INFO  netty.NettyConfigKeys$DataStream (ConfUtils.java:logGet(46)) - raft.netty.dataStream.server.use-epoll = false (default)
2023-09-13 06:49:02,000 [JUnit] INFO  netty.NettyConfigKeys$DataStream (ConfUtils.java:logGet(46)) - raft.netty.dataStream.server.boss-group.size = 0 (default)
2023-09-13 06:49:02,000 [JUnit] INFO  netty.NettyConfigKeys$DataStream (ConfUtils.java:logGet(46)) - raft.netty.dataStream.server.worker-group.size = 0 (default)
2023-09-13 06:49:02,000 [JUnit] INFO  netty.NettyConfigKeys$DataStream (ConfUtils.java:logGet(46)) - raft.netty.dataStream.server.tls.conf = null (default)
2023-09-13 06:49:02,001 [JUnit] INFO  netty.NettyConfigKeys$DataStream (ConfUtils.java:logGet(46)) - raft.netty.dataStream.host = null (default)
2023-09-13 06:49:02,001 [JUnit] INFO  netty.NettyConfigKeys$DataStream (ConfUtils.java:logGet(46)) - raft.netty.dataStream.port = 15033 (custom)
2023-09-13 06:49:02,001 [JUnit] INFO  server.RaftServerConfigKeys (ConfUtils.java:logGet(46)) - raft.server.threadpool.proxy.cached = true (default)
2023-09-13 06:49:02,001 [JUnit] INFO  server.RaftServerConfigKeys (ConfUtils.java:logGet(46)) - raft.server.threadpool.proxy.size = 0 (default)
2023-09-13 06:49:02,002 [JUnit] INFO  server.RaftServerConfigKeys (ConfUtils.java:logGet(46)) - raft.server.rpc.slowness.timeout = 300000ms (custom)
2023-09-13 06:49:02,002 [JUnit] INFO  server.RaftServerConfigKeys (ConfUtils.java:logGet(46)) - raft.server.leaderelection.leader.step-down.wait-time = 10s (default)
2023-09-13 06:49:02,002 [JUnit] INFO  server.RaftServerConfigKeys (ConfUtils.java:logGet(46)) - raft.server.storage.dir = [/home/runner/work/ozone/ozone/hadoop-ozone/integration-test/target/test-dir/MiniOzoneClusterImpl-e4211fca-df1e-4788-9bfe-f086778bfd1d/datanode-2/data/ratis] (custom)
2023-09-13 06:49:02,004 [d28f76a2-0ae6-4755-86d6-e75b9d48a44d-NettyServerStreamRpc-bossGroup--thread1] INFO  logging.LoggingHandler (AbstractInternalLogger.java:log(148)) - [id: 0x76877851] REGISTERED
2023-09-13 06:49:02,004 [d28f76a2-0ae6-4755-86d6-e75b9d48a44d-NettyServerStreamRpc-bossGroup--thread1] INFO  logging.LoggingHandler (AbstractInternalLogger.java:log(148)) - [id: 0x76877851] BIND: 0.0.0.0/0.0.0.0:15033
2023-09-13 06:49:02,004 [d28f76a2-0ae6-4755-86d6-e75b9d48a44d-NettyServerStreamRpc-bossGroup--thread1] INFO  logging.LoggingHandler (AbstractInternalLogger.java:log(148)) - [id: 0x76877851, L:/0:0:0:0:0:0:0:0:15033] ACTIVE
2023-09-13 06:49:02,004 [d28f76a2-0ae6-4755-86d6-e75b9d48a44d-impl-thread1] INFO  server.RaftServer (RaftServerProxy.java:initGroupDir(258)) - d28f76a2-0ae6-4755-86d6-e75b9d48a44d: found a subdirectory /home/runner/work/ozone/ozone/hadoop-ozone/integration-test/target/test-dir/MiniOzoneClusterImpl-e4211fca-df1e-4788-9bfe-f086778bfd1d/datanode-2/data/ratis/tmp
2023-09-13 06:49:02,005 [d28f76a2-0ae6-4755-86d6-e75b9d48a44d-impl-thread1] INFO  server.RaftServer (RaftServerProxy.java:initGroupDir(263)) - d28f76a2-0ae6-4755-86d6-e75b9d48a44d: The directory /home/runner/work/ozone/ozone/hadoop-ozone/integration-test/target/test-dir/MiniOzoneClusterImpl-e4211fca-df1e-4788-9bfe-f086778bfd1d/datanode-2/data/ratis/tmp is not a group directory; ignoring it. 
2023-09-13 06:49:02,005 [JUnit] INFO  replication.ReplicationServer (ReplicationServer.java:<init>(83)) - Initializing replication server with thread count = 10 queue length = 4096
2023-09-13 06:49:02,006 [JUnit] INFO  server.XceiverServerGrpc (XceiverServerGrpc.java:<init>(132)) - GrpcServer channel type EpollServerSocketChannel
2023-09-13 06:49:02,013 [JUnit] INFO  replication.ReplicationSupervisor (ReplicationSupervisor.java:build(155)) - Initializing replication supervisor with thread count = 10
2023-09-13 06:49:02,013 [JUnit] INFO  replication.ReplicationSupervisor (ReplicationSupervisor.java:nodeStateUpdated(307)) - Node state updated to IN_SERVICE, scaling executor pool size to 10
2023-09-13 06:49:02,023 [JUnit] INFO  http.BaseHttpServer (BaseHttpServer.java:newHttpServer2BuilderForOzone(223)) - Starting Web-server for hddsDatanode at: http://0.0.0.0:15027
2023-09-13 06:49:02,023 [JUnit] INFO  http.BaseHttpServer (BaseHttpServer.java:<init>(110)) - Hadoop Security Enabled: false Ozone Security Enabled: false Ozone HTTP Security Enabled: false 
2023-09-13 06:49:02,025 [JUnit] WARN  server.AuthenticationFilter (AuthenticationFilter.java:constructSecretProvider(240)) - Unable to initialize FileSignerSecretProvider, falling back to use random secrets. Reason: Could not read signature secret file: /home/runner/hadoop-http-auth-signature-secret
2023-09-13 06:49:02,026 [JUnit] INFO  http.HttpRequestLog (HttpRequestLog.java:getRequestLog(86)) - Http request log for http.requests.hddsDatanode is not defined
2023-09-13 06:49:02,027 [JUnit] INFO  http.HttpServer2 (HttpServer2.java:addGlobalFilter(1031)) - Added global filter 'safety' (class=org.apache.hadoop.hdds.server.http.HttpServer2$QuotingInputFilter)
2023-09-13 06:49:02,028 [JUnit] INFO  http.HttpServer2 (HttpServer2.java:addFilter(1007)) - Added filter static_user_filter (class=org.apache.hadoop.http.lib.StaticUserWebFilter$StaticUserFilter) to context hddsDatanode
2023-09-13 06:49:02,028 [JUnit] INFO  http.HttpServer2 (HttpServer2.java:addFilter(1015)) - Added filter static_user_filter (class=org.apache.hadoop.http.lib.StaticUserWebFilter$StaticUserFilter) to context logs
2023-09-13 06:49:02,029 [JUnit] INFO  http.HttpServer2 (HttpServer2.java:addFilter(1015)) - Added filter static_user_filter (class=org.apache.hadoop.http.lib.StaticUserWebFilter$StaticUserFilter) to context static
2023-09-13 06:49:02,032 [JUnit] INFO  http.BaseHttpServer (BaseHttpServer.java:<init>(189)) - HTTP server of hddsDatanode uses base directory /home/runner/work/ozone/ozone/hadoop-ozone/integration-test/target/test-dir/MiniOzoneClusterImpl-e4211fca-df1e-4788-9bfe-f086778bfd1d/datanode-2/meta/webserver
2023-09-13 06:49:02,032 [JUnit] INFO  http.HttpServer2 (HttpServer2.java:bindListener(1231)) - Jetty bound to port 15027
2023-09-13 06:49:02,032 [JUnit] INFO  server.Server (Server.java:doStart(375)) - jetty-9.4.51.v20230217; built: 2023-02-17T08:19:37.309Z; git: b45c405e4544384de066f814ed42ae3dceacdd49; jvm 1.8.0_382-b05
2023-09-13 06:49:02,035 [JUnit] INFO  server.session (DefaultSessionIdManager.java:doStart(334)) - DefaultSessionIdManager workerName=node0
2023-09-13 06:49:02,035 [JUnit] INFO  server.session (DefaultSessionIdManager.java:doStart(339)) - No SessionScavenger set, using defaults
2023-09-13 06:49:02,035 [JUnit] INFO  server.session (HouseKeeper.java:startScavenging(132)) - node0 Scavenging every 600000ms
2023-09-13 06:49:02,036 [JUnit] INFO  handler.ContextHandler (ContextHandler.java:doStart(921)) - Started o.e.j.s.ServletContextHandler@414bb17a{logs,/logs,file:///home/runner/work/ozone/ozone/hadoop-ozone/integration-test/target/log,AVAILABLE}
2023-09-13 06:49:02,036 [JUnit] INFO  handler.ContextHandler (ContextHandler.java:doStart(921)) - Started o.e.j.s.ServletContextHandler@99de3d8{static,/static,jar:file:/home/runner/.m2/repository/org/apache/ozone/hdds-container-service/1.4.0-SNAPSHOT/hdds-container-service-1.4.0-SNAPSHOT.jar!/webapps/static,AVAILABLE}
2023-09-13 06:49:02,268 [JUnit] INFO  handler.ContextHandler (ContextHandler.java:doStart(921)) - Started o.e.j.w.WebAppContext@584964c6{hddsDatanode,/,file:///home/runner/work/ozone/ozone/hadoop-ozone/integration-test/target/test-dir/MiniOzoneClusterImpl-e4211fca-df1e-4788-9bfe-f086778bfd1d/datanode-2/meta/webserver/jetty-0_0_0_0-15027-hdds-container-service-1_4_0-SNAPSHOT_jar-_-any-5073097539201035022/webapp/,AVAILABLE}{jar:file:/home/runner/.m2/repository/org/apache/ozone/hdds-container-service/1.4.0-SNAPSHOT/hdds-container-service-1.4.0-SNAPSHOT.jar!/webapps/hddsDatanode}
2023-09-13 06:49:02,270 [JUnit] INFO  server.AbstractConnector (AbstractConnector.java:doStart(333)) - Started ServerConnector@37d3415a{HTTP/1.1, (http/1.1)}{0.0.0.0:15027}
2023-09-13 06:49:02,270 [JUnit] INFO  server.Server (Server.java:doStart(415)) - Started @10914ms
2023-09-13 06:49:02,270 [JUnit] WARN  impl.MetricsSystemImpl (MetricsSystemImpl.java:register(279)) - Sink prometheus already exists!
2023-09-13 06:49:02,272 [JUnit] INFO  http.BaseHttpServer (BaseHttpServer.java:updateConnectorAddress(354)) - HTTP server of hddsDatanode listening at http://0.0.0.0:15027
2023-09-13 06:49:02,273 [JUnit] INFO  ipc.CallQueueManager (CallQueueManager.java:<init>(90)) - Using callQueue: class java.util.concurrent.LinkedBlockingQueue, queueCapacity: 100, scheduler: class org.apache.hadoop.ipc.DefaultRpcScheduler, ipcBackoff: false.
2023-09-13 06:49:02,273 [JUnit] INFO  ipc.Server (Server.java:<init>(1287)) - Listener at 0.0.0.0:15028
2023-09-13 06:49:02,273 [Socket Reader #1 for port 15028] INFO  ipc.Server (Server.java:run(1323)) - Starting Socket Reader #1 for port 15028
2023-09-13 06:49:02,275 [JUnit] INFO  ozone.HddsDatanodeService (HddsDatanodeService.java:start(315)) - Datanode start with admins: [runner]
2023-09-13 06:49:02,278 [JUnit] INFO  ozone.HddsDatanodeClientProtocolServer (HddsDatanodeClientProtocolServer.java:start(72)) - RPC server for Client /0.0.0.0:15028
2023-09-13 06:49:02,279 [IPC Server listener on 15028] INFO  ipc.Server (Server.java:run(1402)) - IPC Server listener on 15028: starting
2023-09-13 06:49:02,279 [IPC Server Responder] INFO  ipc.Server (Server.java:run(1562)) - IPC Server Responder: starting
2023-09-13 06:49:02,281 [JUnit] WARN  impl.MetricRegistriesImpl (MetricRegistriesImpl.java:addReporterRegistration(111)) - New reporters are added after registries were created. Some metrics will be missing from the reporter. Please add reporter before adding any new registry.
2023-09-13 06:49:02,281 [JUnit] WARN  impl.MetricRegistriesImpl (MetricRegistriesImpl.java:addReporterRegistration(111)) - New reporters are added after registries were created. Some metrics will be missing from the reporter. Please add reporter before adding any new registry.
2023-09-13 06:49:02,281 [JUnit] INFO  impl.MetricsSystemImpl (MetricsSystemImpl.java:init(158)) - HddsDatanode metrics system started (again)
2023-09-13 06:49:02,298 [Datanode State Machine Daemon Thread] INFO  statemachine.DatanodeStateMachine (DatanodeStateMachine.java:lambda$startDaemon$0(538)) - Ozone container server started.
2023-09-13 06:49:02,309 [JUnit] INFO  ozone.HddsDatanodeService (HddsDatanodeService.java:start(237)) - HddsDatanodeService host:fv-az460-410.k2d41ockulnezl353eucldp3of.dx.internal.cloudapp.net ip:10.1.0.17
2023-09-13 06:49:02,312 [Datanode State Machine Task Thread - 0] INFO  datanode.InitDatanodeState (InitDatanodeState.java:persistContainerDatanodeDetails(138)) - DatanodeDetails is persisted to /home/runner/work/ozone/ozone/hadoop-ozone/integration-test/target/test-dir/MiniOzoneClusterImpl-e4211fca-df1e-4788-9bfe-f086778bfd1d/datanode-2/meta/datanode.id
2023-09-13 06:49:02,339 [JUnit] INFO  upgrade.AbstractLayoutVersionManager (AbstractLayoutVersionManager.java:init(83)) - Initializing Layout version manager with metadata layout = HADOOP_PRC_PORTS_IN_DATANODEDETAILS (version = 7), software layout = HADOOP_PRC_PORTS_IN_DATANODEDETAILS (version = 7)
2023-09-13 06:49:02,340 [JUnit] INFO  statemachine.DatanodeStateMachine (DatanodeStateMachine.java:getEndPointTaskThreadPoolSize(282)) - Datanode State Machine Task Thread Pool size 2
2023-09-13 06:49:02,352 [JUnit] INFO  volume.HddsVolume (HddsVolume.java:<init>(126)) - Creating HddsVolume: /home/runner/work/ozone/ozone/hadoop-ozone/integration-test/target/test-dir/MiniOzoneClusterImpl-e4211fca-df1e-4788-9bfe-f086778bfd1d/datanode-3/data-0/containers/hdds of storage type : DISK capacity : 9223372036854775807
2023-09-13 06:49:02,352 [JUnit] INFO  volume.MutableVolumeSet (MutableVolumeSet.java:initializeVolumeSet(173)) - Added Volume : /home/runner/work/ozone/ozone/hadoop-ozone/integration-test/target/test-dir/MiniOzoneClusterImpl-e4211fca-df1e-4788-9bfe-f086778bfd1d/datanode-3/data-0/containers/hdds to VolumeSet
2023-09-13 06:49:02,356 [JUnit] INFO  volume.MutableVolumeSet (MutableVolumeSet.java:initializeVolumeSet(173)) - Added Volume : /home/runner/work/ozone/ozone/hadoop-ozone/integration-test/target/test-dir/MiniOzoneClusterImpl-e4211fca-df1e-4788-9bfe-f086778bfd1d/datanode-3/data/ratis to VolumeSet
2023-09-13 06:49:02,361 [Thread-193] INFO  ozoneimpl.ContainerReader (ContainerReader.java:readVolume(177)) - Finish verifying containers on volume /home/runner/work/ozone/ozone/hadoop-ozone/integration-test/target/test-dir/MiniOzoneClusterImpl-e4211fca-df1e-4788-9bfe-f086778bfd1d/datanode-3/data-0/containers/hdds
2023-09-13 06:49:02,361 [JUnit] INFO  ozoneimpl.OzoneContainer (OzoneContainer.java:buildContainerSet(314)) - Build ContainerSet costs 0s
2023-09-13 06:49:02,366 [JUnit] INFO  server.RaftServer (ConfUtils.java:logGet(46)) - raft.rpc.type = GRPC (default)
2023-09-13 06:49:02,366 [JUnit] INFO  grpc.GrpcConfigKeys (ConfUtils.java:logFallback(53)) - raft.grpc.admin.host = null (fallback to raft.grpc.server.host)
2023-09-13 06:49:02,368 [JUnit] INFO  grpc.GrpcConfigKeys (ConfUtils.java:logGet(46)) - raft.grpc.admin.port = 15040 (custom)
2023-09-13 06:49:02,368 [JUnit] INFO  grpc.GrpcConfigKeys (ConfUtils.java:logFallback(53)) - raft.grpc.client.host = null (fallback to raft.grpc.server.host)
2023-09-13 06:49:02,368 [JUnit] INFO  grpc.GrpcConfigKeys (ConfUtils.java:logGet(46)) - raft.grpc.client.port = 15039 (custom)
2023-09-13 06:49:02,368 [JUnit] INFO  grpc.GrpcConfigKeys (ConfUtils.java:logGet(46)) - raft.grpc.server.host = null (default)
2023-09-13 06:49:02,368 [JUnit] INFO  grpc.GrpcConfigKeys (ConfUtils.java:logGet(46)) - raft.grpc.server.port = 15041 (custom)
2023-09-13 06:49:02,368 [JUnit] INFO  server.GrpcService (ConfUtils.java:logGet(46)) - raft.grpc.message.size.max = 32MB (=33554432) (custom)
2023-09-13 06:49:02,368 [JUnit] INFO  server.RaftServerConfigKeys (ConfUtils.java:logGet(46)) - raft.server.log.appender.buffer.byte-limit = 33554432 (custom)
2023-09-13 06:49:02,370 [JUnit] INFO  server.GrpcService (ConfUtils.java:logGet(46)) - raft.grpc.flow.control.window = 5MB (=5242880) (custom)
2023-09-13 06:49:02,370 [JUnit] INFO  server.RaftServerConfigKeys (ConfUtils.java:logGet(46)) - raft.server.rpc.request.timeout = 3000ms (default)
2023-09-13 06:49:02,370 [JUnit] INFO  grpc.GrpcConfigKeys (ConfUtils.java:logGet(46)) - raft.grpc.server.heartbeat.channel = true (default)
2023-09-13 06:49:02,370 [JUnit] INFO  grpc.GrpcConfigKeys (ConfUtils.java:logGet(46)) - raft.grpc.server.async.request.thread.pool.cached = true (default)
2023-09-13 06:49:02,370 [JUnit] INFO  grpc.GrpcConfigKeys (ConfUtils.java:logGet(46)) - raft.grpc.server.async.request.thread.pool.size = 32 (default)
2023-09-13 06:49:02,375 [JUnit] INFO  impl.DataStreamServerImpl (ConfUtils.java:logGet(46)) - raft.datastream.type = NETTY (custom)
2023-09-13 06:49:02,376 [JUnit] INFO  server.RaftServerConfigKeys (ConfUtils.java:logGet(46)) - raft.server.data-stream.async.request.thread.pool.cached = false (default)
2023-09-13 06:49:02,376 [JUnit] INFO  server.RaftServerConfigKeys (ConfUtils.java:logGet(46)) - raft.server.data-stream.async.request.thread.pool.size = 20 (custom)
2023-09-13 06:49:02,376 [JUnit] INFO  server.RaftServerConfigKeys (ConfUtils.java:logGet(46)) - raft.server.data-stream.async.write.thread.pool.size = 16 (default)
2023-09-13 06:49:02,376 [JUnit] INFO  server.RaftServerConfigKeys (ConfUtils.java:logGet(46)) - raft.server.data-stream.client.pool.size = 10 (default)
2023-09-13 06:49:02,376 [JUnit] INFO  netty.NettyConfigKeys$DataStream (ConfUtils.java:logGet(46)) - raft.netty.dataStream.server.use-epoll = false (default)
2023-09-13 06:49:02,377 [JUnit] INFO  netty.NettyConfigKeys$DataStream (ConfUtils.java:logGet(46)) - raft.netty.dataStream.server.boss-group.size = 0 (default)
2023-09-13 06:49:02,377 [JUnit] INFO  netty.NettyConfigKeys$DataStream (ConfUtils.java:logGet(46)) - raft.netty.dataStream.server.worker-group.size = 0 (default)
2023-09-13 06:49:02,377 [JUnit] INFO  netty.NettyConfigKeys$DataStream (ConfUtils.java:logGet(46)) - raft.netty.dataStream.server.tls.conf = null (default)
2023-09-13 06:49:02,378 [JUnit] INFO  netty.NettyConfigKeys$DataStream (ConfUtils.java:logGet(46)) - raft.netty.dataStream.host = null (default)
2023-09-13 06:49:02,378 [JUnit] INFO  netty.NettyConfigKeys$DataStream (ConfUtils.java:logGet(46)) - raft.netty.dataStream.port = 15042 (custom)
2023-09-13 06:49:02,378 [JUnit] INFO  server.RaftServerConfigKeys (ConfUtils.java:logGet(46)) - raft.server.threadpool.proxy.cached = true (default)
2023-09-13 06:49:02,378 [JUnit] INFO  server.RaftServerConfigKeys (ConfUtils.java:logGet(46)) - raft.server.threadpool.proxy.size = 0 (default)
2023-09-13 06:49:02,379 [JUnit] INFO  server.RaftServerConfigKeys (ConfUtils.java:logGet(46)) - raft.server.rpc.slowness.timeout = 300000ms (custom)
2023-09-13 06:49:02,379 [JUnit] INFO  server.RaftServerConfigKeys (ConfUtils.java:logGet(46)) - raft.server.leaderelection.leader.step-down.wait-time = 10s (default)
2023-09-13 06:49:02,379 [JUnit] INFO  server.RaftServerConfigKeys (ConfUtils.java:logGet(46)) - raft.server.storage.dir = [/home/runner/work/ozone/ozone/hadoop-ozone/integration-test/target/test-dir/MiniOzoneClusterImpl-e4211fca-df1e-4788-9bfe-f086778bfd1d/datanode-3/data/ratis] (custom)
2023-09-13 06:49:02,387 [6f324be3-7c3f-481f-84d2-849e9673b06a-NettyServerStreamRpc-bossGroup--thread1] INFO  logging.LoggingHandler (AbstractInternalLogger.java:log(148)) - [id: 0x17f468b1] REGISTERED
2023-09-13 06:49:02,388 [6f324be3-7c3f-481f-84d2-849e9673b06a-NettyServerStreamRpc-bossGroup--thread1] INFO  logging.LoggingHandler (AbstractInternalLogger.java:log(148)) - [id: 0x17f468b1] BIND: 0.0.0.0/0.0.0.0:15042
2023-09-13 06:49:02,388 [6f324be3-7c3f-481f-84d2-849e9673b06a-NettyServerStreamRpc-bossGroup--thread1] INFO  logging.LoggingHandler (AbstractInternalLogger.java:log(148)) - [id: 0x17f468b1, L:/0:0:0:0:0:0:0:0:15042] ACTIVE
2023-09-13 06:49:02,388 [6f324be3-7c3f-481f-84d2-849e9673b06a-impl-thread1] INFO  server.RaftServer (RaftServerProxy.java:initGroupDir(258)) - 6f324be3-7c3f-481f-84d2-849e9673b06a: found a subdirectory /home/runner/work/ozone/ozone/hadoop-ozone/integration-test/target/test-dir/MiniOzoneClusterImpl-e4211fca-df1e-4788-9bfe-f086778bfd1d/datanode-3/data/ratis/tmp
2023-09-13 06:49:02,388 [6f324be3-7c3f-481f-84d2-849e9673b06a-impl-thread1] INFO  server.RaftServer (RaftServerProxy.java:initGroupDir(263)) - 6f324be3-7c3f-481f-84d2-849e9673b06a: The directory /home/runner/work/ozone/ozone/hadoop-ozone/integration-test/target/test-dir/MiniOzoneClusterImpl-e4211fca-df1e-4788-9bfe-f086778bfd1d/datanode-3/data/ratis/tmp is not a group directory; ignoring it. 
2023-09-13 06:49:02,389 [JUnit] INFO  replication.ReplicationServer (ReplicationServer.java:<init>(83)) - Initializing replication server with thread count = 10 queue length = 4096
2023-09-13 06:49:02,390 [JUnit] INFO  server.XceiverServerGrpc (XceiverServerGrpc.java:<init>(132)) - GrpcServer channel type EpollServerSocketChannel
2023-09-13 06:49:02,392 [JUnit] INFO  replication.ReplicationSupervisor (ReplicationSupervisor.java:build(155)) - Initializing replication supervisor with thread count = 10
2023-09-13 06:49:02,393 [JUnit] INFO  replication.ReplicationSupervisor (ReplicationSupervisor.java:nodeStateUpdated(307)) - Node state updated to IN_SERVICE, scaling executor pool size to 10
2023-09-13 06:49:02,395 [JUnit] INFO  http.BaseHttpServer (BaseHttpServer.java:newHttpServer2BuilderForOzone(223)) - Starting Web-server for hddsDatanode at: http://0.0.0.0:15036
2023-09-13 06:49:02,395 [JUnit] INFO  http.BaseHttpServer (BaseHttpServer.java:<init>(110)) - Hadoop Security Enabled: false Ozone Security Enabled: false Ozone HTTP Security Enabled: false 
2023-09-13 06:49:02,397 [JUnit] WARN  server.AuthenticationFilter (AuthenticationFilter.java:constructSecretProvider(240)) - Unable to initialize FileSignerSecretProvider, falling back to use random secrets. Reason: Could not read signature secret file: /home/runner/hadoop-http-auth-signature-secret
2023-09-13 06:49:02,398 [JUnit] INFO  http.HttpRequestLog (HttpRequestLog.java:getRequestLog(86)) - Http request log for http.requests.hddsDatanode is not defined
2023-09-13 06:49:02,399 [JUnit] INFO  http.HttpServer2 (HttpServer2.java:addGlobalFilter(1031)) - Added global filter 'safety' (class=org.apache.hadoop.hdds.server.http.HttpServer2$QuotingInputFilter)
2023-09-13 06:49:02,400 [JUnit] INFO  http.HttpServer2 (HttpServer2.java:addFilter(1007)) - Added filter static_user_filter (class=org.apache.hadoop.http.lib.StaticUserWebFilter$StaticUserFilter) to context hddsDatanode
2023-09-13 06:49:02,400 [JUnit] INFO  http.HttpServer2 (HttpServer2.java:addFilter(1015)) - Added filter static_user_filter (class=org.apache.hadoop.http.lib.StaticUserWebFilter$StaticUserFilter) to context logs
2023-09-13 06:49:02,400 [JUnit] INFO  http.HttpServer2 (HttpServer2.java:addFilter(1015)) - Added filter static_user_filter (class=org.apache.hadoop.http.lib.StaticUserWebFilter$StaticUserFilter) to context static
2023-09-13 06:49:02,401 [JUnit] INFO  http.BaseHttpServer (BaseHttpServer.java:<init>(189)) - HTTP server of hddsDatanode uses base directory /home/runner/work/ozone/ozone/hadoop-ozone/integration-test/target/test-dir/MiniOzoneClusterImpl-e4211fca-df1e-4788-9bfe-f086778bfd1d/datanode-3/meta/webserver
2023-09-13 06:49:02,401 [JUnit] INFO  http.HttpServer2 (HttpServer2.java:bindListener(1231)) - Jetty bound to port 15036
2023-09-13 06:49:02,401 [JUnit] INFO  server.Server (Server.java:doStart(375)) - jetty-9.4.51.v20230217; built: 2023-02-17T08:19:37.309Z; git: b45c405e4544384de066f814ed42ae3dceacdd49; jvm 1.8.0_382-b05
2023-09-13 06:49:02,408 [JUnit] INFO  server.session (DefaultSessionIdManager.java:doStart(334)) - DefaultSessionIdManager workerName=node0
2023-09-13 06:49:02,408 [JUnit] INFO  server.session (DefaultSessionIdManager.java:doStart(339)) - No SessionScavenger set, using defaults
2023-09-13 06:49:02,408 [JUnit] INFO  server.session (HouseKeeper.java:startScavenging(132)) - node0 Scavenging every 660000ms
2023-09-13 06:49:02,409 [JUnit] INFO  handler.ContextHandler (ContextHandler.java:doStart(921)) - Started o.e.j.s.ServletContextHandler@41fbbc4b{logs,/logs,file:///home/runner/work/ozone/ozone/hadoop-ozone/integration-test/target/log,AVAILABLE}
2023-09-13 06:49:02,410 [JUnit] INFO  handler.ContextHandler (ContextHandler.java:doStart(921)) - Started o.e.j.s.ServletContextHandler@ab410ec{static,/static,jar:file:/home/runner/.m2/repository/org/apache/ozone/hdds-container-service/1.4.0-SNAPSHOT/hdds-container-service-1.4.0-SNAPSHOT.jar!/webapps/static,AVAILABLE}
2023-09-13 06:49:02,647 [JUnit] INFO  handler.ContextHandler (ContextHandler.java:doStart(921)) - Started o.e.j.w.WebAppContext@37f2f6b8{hddsDatanode,/,file:///home/runner/work/ozone/ozone/hadoop-ozone/integration-test/target/test-dir/MiniOzoneClusterImpl-e4211fca-df1e-4788-9bfe-f086778bfd1d/datanode-3/meta/webserver/jetty-0_0_0_0-15036-hdds-container-service-1_4_0-SNAPSHOT_jar-_-any-2227382314004386431/webapp/,AVAILABLE}{jar:file:/home/runner/.m2/repository/org/apache/ozone/hdds-container-service/1.4.0-SNAPSHOT/hdds-container-service-1.4.0-SNAPSHOT.jar!/webapps/hddsDatanode}
2023-09-13 06:49:02,653 [JUnit] INFO  server.AbstractConnector (AbstractConnector.java:doStart(333)) - Started ServerConnector@7c4e22d8{HTTP/1.1, (http/1.1)}{0.0.0.0:15036}
2023-09-13 06:49:02,653 [JUnit] INFO  server.Server (Server.java:doStart(415)) - Started @11297ms
2023-09-13 06:49:02,653 [JUnit] WARN  impl.MetricsSystemImpl (MetricsSystemImpl.java:register(279)) - Sink prometheus already exists!
2023-09-13 06:49:02,654 [JUnit] INFO  http.BaseHttpServer (BaseHttpServer.java:updateConnectorAddress(354)) - HTTP server of hddsDatanode listening at http://0.0.0.0:15036
2023-09-13 06:49:02,655 [JUnit] INFO  ipc.CallQueueManager (CallQueueManager.java:<init>(90)) - Using callQueue: class java.util.concurrent.LinkedBlockingQueue, queueCapacity: 100, scheduler: class org.apache.hadoop.ipc.DefaultRpcScheduler, ipcBackoff: false.
2023-09-13 06:49:02,655 [JUnit] INFO  ipc.Server (Server.java:<init>(1287)) - Listener at 0.0.0.0:15037
2023-09-13 06:49:02,657 [Socket Reader #1 for port 15037] INFO  ipc.Server (Server.java:run(1323)) - Starting Socket Reader #1 for port 15037
2023-09-13 06:49:02,660 [JUnit] INFO  ozone.HddsDatanodeService (HddsDatanodeService.java:start(315)) - Datanode start with admins: [runner]
2023-09-13 06:49:02,667 [JUnit] INFO  ozone.HddsDatanodeClientProtocolServer (HddsDatanodeClientProtocolServer.java:start(72)) - RPC server for Client /0.0.0.0:15037
2023-09-13 06:49:02,667 [IPC Server Responder] INFO  ipc.Server (Server.java:run(1562)) - IPC Server Responder: starting
2023-09-13 06:49:02,667 [IPC Server listener on 15037] INFO  ipc.Server (Server.java:run(1402)) - IPC Server listener on 15037: starting
2023-09-13 06:49:02,670 [JUnit] WARN  impl.MetricRegistriesImpl (MetricRegistriesImpl.java:addReporterRegistration(111)) - New reporters are added after registries were created. Some metrics will be missing from the reporter. Please add reporter before adding any new registry.
2023-09-13 06:49:02,670 [JUnit] WARN  impl.MetricRegistriesImpl (MetricRegistriesImpl.java:addReporterRegistration(111)) - New reporters are added after registries were created. Some metrics will be missing from the reporter. Please add reporter before adding any new registry.
2023-09-13 06:49:02,670 [JUnit] INFO  impl.MetricsSystemImpl (MetricsSystemImpl.java:init(158)) - HddsDatanode metrics system started (again)
2023-09-13 06:49:02,677 [Datanode State Machine Daemon Thread] INFO  statemachine.DatanodeStateMachine (DatanodeStateMachine.java:lambda$startDaemon$0(538)) - Ozone container server started.
2023-09-13 06:49:02,697 [Datanode State Machine Task Thread - 0] INFO  datanode.InitDatanodeState (InitDatanodeState.java:persistContainerDatanodeDetails(138)) - DatanodeDetails is persisted to /home/runner/work/ozone/ozone/hadoop-ozone/integration-test/target/test-dir/MiniOzoneClusterImpl-e4211fca-df1e-4788-9bfe-f086778bfd1d/datanode-3/meta/datanode.id
2023-09-13 06:49:02,697 [JUnit] INFO  ozone.HddsDatanodeService (HddsDatanodeService.java:start(237)) - HddsDatanodeService host:fv-az460-410.k2d41ockulnezl353eucldp3of.dx.internal.cloudapp.net ip:10.1.0.17
2023-09-13 06:49:02,722 [JUnit] INFO  upgrade.AbstractLayoutVersionManager (AbstractLayoutVersionManager.java:init(83)) - Initializing Layout version manager with metadata layout = HADOOP_PRC_PORTS_IN_DATANODEDETAILS (version = 7), software layout = HADOOP_PRC_PORTS_IN_DATANODEDETAILS (version = 7)
2023-09-13 06:49:02,722 [JUnit] INFO  statemachine.DatanodeStateMachine (DatanodeStateMachine.java:getEndPointTaskThreadPoolSize(282)) - Datanode State Machine Task Thread Pool size 2
2023-09-13 06:49:02,728 [JUnit] INFO  volume.HddsVolume (HddsVolume.java:<init>(126)) - Creating HddsVolume: /home/runner/work/ozone/ozone/hadoop-ozone/integration-test/target/test-dir/MiniOzoneClusterImpl-e4211fca-df1e-4788-9bfe-f086778bfd1d/datanode-4/data-0/containers/hdds of storage type : DISK capacity : 9223372036854775807
2023-09-13 06:49:02,729 [JUnit] INFO  volume.MutableVolumeSet (MutableVolumeSet.java:initializeVolumeSet(173)) - Added Volume : /home/runner/work/ozone/ozone/hadoop-ozone/integration-test/target/test-dir/MiniOzoneClusterImpl-e4211fca-df1e-4788-9bfe-f086778bfd1d/datanode-4/data-0/containers/hdds to VolumeSet
2023-09-13 06:49:02,730 [JUnit] INFO  volume.MutableVolumeSet (MutableVolumeSet.java:initializeVolumeSet(173)) - Added Volume : /home/runner/work/ozone/ozone/hadoop-ozone/integration-test/target/test-dir/MiniOzoneClusterImpl-e4211fca-df1e-4788-9bfe-f086778bfd1d/datanode-4/data/ratis to VolumeSet
2023-09-13 06:49:02,731 [Thread-210] INFO  ozoneimpl.ContainerReader (ContainerReader.java:readVolume(177)) - Finish verifying containers on volume /home/runner/work/ozone/ozone/hadoop-ozone/integration-test/target/test-dir/MiniOzoneClusterImpl-e4211fca-df1e-4788-9bfe-f086778bfd1d/datanode-4/data-0/containers/hdds
2023-09-13 06:49:02,731 [JUnit] INFO  ozoneimpl.OzoneContainer (OzoneContainer.java:buildContainerSet(314)) - Build ContainerSet costs 0s
2023-09-13 06:49:02,736 [JUnit] INFO  server.RaftServer (ConfUtils.java:logGet(46)) - raft.rpc.type = GRPC (default)
2023-09-13 06:49:02,737 [JUnit] INFO  grpc.GrpcConfigKeys (ConfUtils.java:logFallback(53)) - raft.grpc.admin.host = null (fallback to raft.grpc.server.host)
2023-09-13 06:49:02,737 [JUnit] INFO  grpc.GrpcConfigKeys (ConfUtils.java:logGet(46)) - raft.grpc.admin.port = 15049 (custom)
2023-09-13 06:49:02,738 [JUnit] INFO  grpc.GrpcConfigKeys (ConfUtils.java:logFallback(53)) - raft.grpc.client.host = null (fallback to raft.grpc.server.host)
2023-09-13 06:49:02,738 [JUnit] INFO  grpc.GrpcConfigKeys (ConfUtils.java:logGet(46)) - raft.grpc.client.port = 15048 (custom)
2023-09-13 06:49:02,738 [JUnit] INFO  grpc.GrpcConfigKeys (ConfUtils.java:logGet(46)) - raft.grpc.server.host = null (default)
2023-09-13 06:49:02,738 [JUnit] INFO  grpc.GrpcConfigKeys (ConfUtils.java:logGet(46)) - raft.grpc.server.port = 15050 (custom)
2023-09-13 06:49:02,738 [JUnit] INFO  server.GrpcService (ConfUtils.java:logGet(46)) - raft.grpc.message.size.max = 32MB (=33554432) (custom)
2023-09-13 06:49:02,738 [JUnit] INFO  server.RaftServerConfigKeys (ConfUtils.java:logGet(46)) - raft.server.log.appender.buffer.byte-limit = 33554432 (custom)
2023-09-13 06:49:02,738 [JUnit] INFO  server.GrpcService (ConfUtils.java:logGet(46)) - raft.grpc.flow.control.window = 5MB (=5242880) (custom)
2023-09-13 06:49:02,739 [JUnit] INFO  server.RaftServerConfigKeys (ConfUtils.java:logGet(46)) - raft.server.rpc.request.timeout = 3000ms (default)
2023-09-13 06:49:02,739 [JUnit] INFO  grpc.GrpcConfigKeys (ConfUtils.java:logGet(46)) - raft.grpc.server.heartbeat.channel = true (default)
2023-09-13 06:49:02,739 [JUnit] INFO  grpc.GrpcConfigKeys (ConfUtils.java:logGet(46)) - raft.grpc.server.async.request.thread.pool.cached = true (default)
2023-09-13 06:49:02,739 [JUnit] INFO  grpc.GrpcConfigKeys (ConfUtils.java:logGet(46)) - raft.grpc.server.async.request.thread.pool.size = 32 (default)
2023-09-13 06:49:02,742 [JUnit] INFO  impl.DataStreamServerImpl (ConfUtils.java:logGet(46)) - raft.datastream.type = NETTY (custom)
2023-09-13 06:49:02,742 [JUnit] INFO  server.RaftServerConfigKeys (ConfUtils.java:logGet(46)) - raft.server.data-stream.async.request.thread.pool.cached = false (default)
2023-09-13 06:49:02,743 [JUnit] INFO  server.RaftServerConfigKeys (ConfUtils.java:logGet(46)) - raft.server.data-stream.async.request.thread.pool.size = 20 (custom)
2023-09-13 06:49:02,743 [JUnit] INFO  server.RaftServerConfigKeys (ConfUtils.java:logGet(46)) - raft.server.data-stream.async.write.thread.pool.size = 16 (default)
2023-09-13 06:49:02,743 [JUnit] INFO  server.RaftServerConfigKeys (ConfUtils.java:logGet(46)) - raft.server.data-stream.client.pool.size = 10 (default)
2023-09-13 06:49:02,744 [JUnit] INFO  netty.NettyConfigKeys$DataStream (ConfUtils.java:logGet(46)) - raft.netty.dataStream.server.use-epoll = false (default)
2023-09-13 06:49:02,744 [JUnit] INFO  netty.NettyConfigKeys$DataStream (ConfUtils.java:logGet(46)) - raft.netty.dataStream.server.boss-group.size = 0 (default)
2023-09-13 06:49:02,744 [JUnit] INFO  netty.NettyConfigKeys$DataStream (ConfUtils.java:logGet(46)) - raft.netty.dataStream.server.worker-group.size = 0 (default)
2023-09-13 06:49:02,746 [JUnit] INFO  netty.NettyConfigKeys$DataStream (ConfUtils.java:logGet(46)) - raft.netty.dataStream.server.tls.conf = null (default)
2023-09-13 06:49:02,746 [JUnit] INFO  netty.NettyConfigKeys$DataStream (ConfUtils.java:logGet(46)) - raft.netty.dataStream.host = null (default)
2023-09-13 06:49:02,746 [JUnit] INFO  netty.NettyConfigKeys$DataStream (ConfUtils.java:logGet(46)) - raft.netty.dataStream.port = 15051 (custom)
2023-09-13 06:49:02,747 [JUnit] INFO  server.RaftServerConfigKeys (ConfUtils.java:logGet(46)) - raft.server.threadpool.proxy.cached = true (default)
2023-09-13 06:49:02,747 [JUnit] INFO  server.RaftServerConfigKeys (ConfUtils.java:logGet(46)) - raft.server.threadpool.proxy.size = 0 (default)
2023-09-13 06:49:02,747 [JUnit] INFO  server.RaftServerConfigKeys (ConfUtils.java:logGet(46)) - raft.server.rpc.slowness.timeout = 300000ms (custom)
2023-09-13 06:49:02,747 [JUnit] INFO  server.RaftServerConfigKeys (ConfUtils.java:logGet(46)) - raft.server.leaderelection.leader.step-down.wait-time = 10s (default)
2023-09-13 06:49:02,748 [JUnit] INFO  server.RaftServerConfigKeys (ConfUtils.java:logGet(46)) - raft.server.storage.dir = [/home/runner/work/ozone/ozone/hadoop-ozone/integration-test/target/test-dir/MiniOzoneClusterImpl-e4211fca-df1e-4788-9bfe-f086778bfd1d/datanode-4/data/ratis] (custom)
2023-09-13 06:49:02,750 [a70ca69d-e87c-45fc-bc42-2c6096aaeb0f-impl-thread1] INFO  server.RaftServer (RaftServerProxy.java:initGroupDir(258)) - a70ca69d-e87c-45fc-bc42-2c6096aaeb0f: found a subdirectory /home/runner/work/ozone/ozone/hadoop-ozone/integration-test/target/test-dir/MiniOzoneClusterImpl-e4211fca-df1e-4788-9bfe-f086778bfd1d/datanode-4/data/ratis/tmp
2023-09-13 06:49:02,754 [a70ca69d-e87c-45fc-bc42-2c6096aaeb0f-impl-thread1] INFO  server.RaftServer (RaftServerProxy.java:initGroupDir(263)) - a70ca69d-e87c-45fc-bc42-2c6096aaeb0f: The directory /home/runner/work/ozone/ozone/hadoop-ozone/integration-test/target/test-dir/MiniOzoneClusterImpl-e4211fca-df1e-4788-9bfe-f086778bfd1d/datanode-4/data/ratis/tmp is not a group directory; ignoring it. 
2023-09-13 06:49:02,754 [a70ca69d-e87c-45fc-bc42-2c6096aaeb0f-NettyServerStreamRpc-bossGroup--thread1] INFO  logging.LoggingHandler (AbstractInternalLogger.java:log(148)) - [id: 0xba674df4] REGISTERED
2023-09-13 06:49:02,755 [a70ca69d-e87c-45fc-bc42-2c6096aaeb0f-NettyServerStreamRpc-bossGroup--thread1] INFO  logging.LoggingHandler (AbstractInternalLogger.java:log(148)) - [id: 0xba674df4] BIND: 0.0.0.0/0.0.0.0:15051
2023-09-13 06:49:02,755 [a70ca69d-e87c-45fc-bc42-2c6096aaeb0f-NettyServerStreamRpc-bossGroup--thread1] INFO  logging.LoggingHandler (AbstractInternalLogger.java:log(148)) - [id: 0xba674df4, L:/0:0:0:0:0:0:0:0:15051] ACTIVE
2023-09-13 06:49:02,758 [JUnit] INFO  replication.ReplicationServer (ReplicationServer.java:<init>(83)) - Initializing replication server with thread count = 10 queue length = 4096
2023-09-13 06:49:02,759 [JUnit] INFO  server.XceiverServerGrpc (XceiverServerGrpc.java:<init>(132)) - GrpcServer channel type EpollServerSocketChannel
2023-09-13 06:49:02,761 [JUnit] INFO  replication.ReplicationSupervisor (ReplicationSupervisor.java:build(155)) - Initializing replication supervisor with thread count = 10
2023-09-13 06:49:02,761 [JUnit] INFO  replication.ReplicationSupervisor (ReplicationSupervisor.java:nodeStateUpdated(307)) - Node state updated to IN_SERVICE, scaling executor pool size to 10
2023-09-13 06:49:02,764 [JUnit] INFO  http.BaseHttpServer (BaseHttpServer.java:newHttpServer2BuilderForOzone(223)) - Starting Web-server for hddsDatanode at: http://0.0.0.0:15045
2023-09-13 06:49:02,764 [JUnit] INFO  http.BaseHttpServer (BaseHttpServer.java:<init>(110)) - Hadoop Security Enabled: false Ozone Security Enabled: false Ozone HTTP Security Enabled: false 
2023-09-13 06:49:02,765 [JUnit] WARN  server.AuthenticationFilter (AuthenticationFilter.java:constructSecretProvider(240)) - Unable to initialize FileSignerSecretProvider, falling back to use random secrets. Reason: Could not read signature secret file: /home/runner/hadoop-http-auth-signature-secret
2023-09-13 06:49:02,766 [JUnit] INFO  http.HttpRequestLog (HttpRequestLog.java:getRequestLog(86)) - Http request log for http.requests.hddsDatanode is not defined
2023-09-13 06:49:02,768 [JUnit] INFO  http.HttpServer2 (HttpServer2.java:addGlobalFilter(1031)) - Added global filter 'safety' (class=org.apache.hadoop.hdds.server.http.HttpServer2$QuotingInputFilter)
2023-09-13 06:49:02,769 [JUnit] INFO  http.HttpServer2 (HttpServer2.java:addFilter(1007)) - Added filter static_user_filter (class=org.apache.hadoop.http.lib.StaticUserWebFilter$StaticUserFilter) to context hddsDatanode
2023-09-13 06:49:02,769 [JUnit] INFO  http.HttpServer2 (HttpServer2.java:addFilter(1015)) - Added filter static_user_filter (class=org.apache.hadoop.http.lib.StaticUserWebFilter$StaticUserFilter) to context logs
2023-09-13 06:49:02,769 [JUnit] INFO  http.HttpServer2 (HttpServer2.java:addFilter(1015)) - Added filter static_user_filter (class=org.apache.hadoop.http.lib.StaticUserWebFilter$StaticUserFilter) to context static
2023-09-13 06:49:02,770 [JUnit] INFO  http.BaseHttpServer (BaseHttpServer.java:<init>(189)) - HTTP server of hddsDatanode uses base directory /home/runner/work/ozone/ozone/hadoop-ozone/integration-test/target/test-dir/MiniOzoneClusterImpl-e4211fca-df1e-4788-9bfe-f086778bfd1d/datanode-4/meta/webserver
2023-09-13 06:49:02,770 [JUnit] INFO  http.HttpServer2 (HttpServer2.java:bindListener(1231)) - Jetty bound to port 15045
2023-09-13 06:49:02,770 [JUnit] INFO  server.Server (Server.java:doStart(375)) - jetty-9.4.51.v20230217; built: 2023-02-17T08:19:37.309Z; git: b45c405e4544384de066f814ed42ae3dceacdd49; jvm 1.8.0_382-b05
2023-09-13 06:49:02,775 [JUnit] INFO  server.session (DefaultSessionIdManager.java:doStart(334)) - DefaultSessionIdManager workerName=node0
2023-09-13 06:49:02,775 [JUnit] INFO  server.session (DefaultSessionIdManager.java:doStart(339)) - No SessionScavenger set, using defaults
2023-09-13 06:49:02,775 [JUnit] INFO  server.session (HouseKeeper.java:startScavenging(132)) - node0 Scavenging every 600000ms
2023-09-13 06:49:02,776 [JUnit] INFO  handler.ContextHandler (ContextHandler.java:doStart(921)) - Started o.e.j.s.ServletContextHandler@5b9beac9{logs,/logs,file:///home/runner/work/ozone/ozone/hadoop-ozone/integration-test/target/log,AVAILABLE}
2023-09-13 06:49:02,777 [JUnit] INFO  handler.ContextHandler (ContextHandler.java:doStart(921)) - Started o.e.j.s.ServletContextHandler@58dc1aaa{static,/static,jar:file:/home/runner/.m2/repository/org/apache/ozone/hdds-container-service/1.4.0-SNAPSHOT/hdds-container-service-1.4.0-SNAPSHOT.jar!/webapps/static,AVAILABLE}
2023-09-13 06:49:03,013 [JUnit] INFO  handler.ContextHandler (ContextHandler.java:doStart(921)) - Started o.e.j.w.WebAppContext@559a7864{hddsDatanode,/,file:///home/runner/work/ozone/ozone/hadoop-ozone/integration-test/target/test-dir/MiniOzoneClusterImpl-e4211fca-df1e-4788-9bfe-f086778bfd1d/datanode-4/meta/webserver/jetty-0_0_0_0-15045-hdds-container-service-1_4_0-SNAPSHOT_jar-_-any-7424233994401930768/webapp/,AVAILABLE}{jar:file:/home/runner/.m2/repository/org/apache/ozone/hdds-container-service/1.4.0-SNAPSHOT/hdds-container-service-1.4.0-SNAPSHOT.jar!/webapps/hddsDatanode}
2023-09-13 06:49:03,015 [JUnit] INFO  server.AbstractConnector (AbstractConnector.java:doStart(333)) - Started ServerConnector@2358d817{HTTP/1.1, (http/1.1)}{0.0.0.0:15045}
2023-09-13 06:49:03,015 [JUnit] INFO  server.Server (Server.java:doStart(415)) - Started @11659ms
2023-09-13 06:49:03,015 [JUnit] WARN  impl.MetricsSystemImpl (MetricsSystemImpl.java:register(279)) - Sink prometheus already exists!
2023-09-13 06:49:03,016 [JUnit] INFO  http.BaseHttpServer (BaseHttpServer.java:updateConnectorAddress(354)) - HTTP server of hddsDatanode listening at http://0.0.0.0:15045
2023-09-13 06:49:03,016 [JUnit] INFO  ipc.CallQueueManager (CallQueueManager.java:<init>(90)) - Using callQueue: class java.util.concurrent.LinkedBlockingQueue, queueCapacity: 100, scheduler: class org.apache.hadoop.ipc.DefaultRpcScheduler, ipcBackoff: false.
2023-09-13 06:49:03,016 [JUnit] INFO  ipc.Server (Server.java:<init>(1287)) - Listener at 0.0.0.0:15046
2023-09-13 06:49:03,017 [Socket Reader #1 for port 15046] INFO  ipc.Server (Server.java:run(1323)) - Starting Socket Reader #1 for port 15046
2023-09-13 06:49:03,023 [JUnit] INFO  ozone.HddsDatanodeService (HddsDatanodeService.java:start(315)) - Datanode start with admins: [runner]
2023-09-13 06:49:03,024 [JUnit] INFO  ozone.HddsDatanodeClientProtocolServer (HddsDatanodeClientProtocolServer.java:start(72)) - RPC server for Client /0.0.0.0:15046
2023-09-13 06:49:03,024 [IPC Server Responder] INFO  ipc.Server (Server.java:run(1562)) - IPC Server Responder: starting
2023-09-13 06:49:03,024 [IPC Server listener on 15046] INFO  ipc.Server (Server.java:run(1402)) - IPC Server listener on 15046: starting
2023-09-13 06:49:03,034 [JUnit] INFO  ozone.MiniOzoneClusterImpl (MiniOzoneClusterImpl.java:lambda$waitForClusterToBeReady$0(224)) - Waiting for nodes to be ready. Got 0 of 5 DN Heartbeats.
2023-09-13 06:49:03,034 [JUnit] INFO  ozone.MiniOzoneClusterImpl (MiniOzoneClusterImpl.java:lambda$waitForClusterToBeReady$0(227)) - Waiting for cluster to exit safe mode
2023-09-13 06:49:03,034 [JUnit] INFO  ozone.MiniOzoneClusterImpl (MiniOzoneClusterImpl.java:lambda$waitForClusterToBeReady$0(229)) - SCM became leader
2023-09-13 06:49:03,035 [Datanode State Machine Daemon Thread] INFO  statemachine.DatanodeStateMachine (DatanodeStateMachine.java:lambda$startDaemon$0(538)) - Ozone container server started.
2023-09-13 06:49:03,042 [Datanode State Machine Task Thread - 0] INFO  datanode.InitDatanodeState (InitDatanodeState.java:persistContainerDatanodeDetails(138)) - DatanodeDetails is persisted to /home/runner/work/ozone/ozone/hadoop-ozone/integration-test/target/test-dir/MiniOzoneClusterImpl-e4211fca-df1e-4788-9bfe-f086778bfd1d/datanode-4/meta/datanode.id
2023-09-13 06:49:03,531 [EndpointStateMachine task thread for /0.0.0.0:15002 - 0 ] INFO  utils.DatanodeStoreCache (DatanodeStoreCache.java:addDB(66)) - Added db /home/runner/work/ozone/ozone/hadoop-ozone/integration-test/target/test-dir/MiniOzoneClusterImpl-e4211fca-df1e-4788-9bfe-f086778bfd1d/datanode-0/data-0/containers/hdds/e4211fca-df1e-4788-9bfe-f086778bfd1d/DS-8fa7bee7-ec1d-4e72-acd4-a5d7c7b00fd4/container.db to cache
2023-09-13 06:49:03,532 [EndpointStateMachine task thread for /0.0.0.0:15002 - 0 ] INFO  volume.HddsVolume (HddsVolume.java:createDbStore(422)) - SchemaV3 db is created and loaded at /home/runner/work/ozone/ozone/hadoop-ozone/integration-test/target/test-dir/MiniOzoneClusterImpl-e4211fca-df1e-4788-9bfe-f086778bfd1d/datanode-0/data-0/containers/hdds/e4211fca-df1e-4788-9bfe-f086778bfd1d/DS-8fa7bee7-ec1d-4e72-acd4-a5d7c7b00fd4/container.db for volume DS-8fa7bee7-ec1d-4e72-acd4-a5d7c7b00fd4
2023-09-13 06:49:03,534 [EndpointStateMachine task thread for /0.0.0.0:15002 - 0 ] INFO  volume.ThrottledAsyncChecker (ThrottledAsyncChecker.java:schedule(141)) - Scheduling a check for /home/runner/work/ozone/ozone/hadoop-ozone/integration-test/target/test-dir/MiniOzoneClusterImpl-e4211fca-df1e-4788-9bfe-f086778bfd1d/datanode-0/data-0/containers/hdds
2023-09-13 06:49:03,562 [EndpointStateMachine task thread for /0.0.0.0:15002 - 0 ] INFO  volume.StorageVolumeChecker (StorageVolumeChecker.java:checkAllVolumes(213)) - Scheduled health check for volume /home/runner/work/ozone/ozone/hadoop-ozone/integration-test/target/test-dir/MiniOzoneClusterImpl-e4211fca-df1e-4788-9bfe-f086778bfd1d/datanode-0/data-0/containers/hdds
2023-09-13 06:49:03,565 [EndpointStateMachine task thread for /0.0.0.0:15002 - 0 ] INFO  volume.ThrottledAsyncChecker (ThrottledAsyncChecker.java:schedule(141)) - Scheduling a check for /home/runner/work/ozone/ozone/hadoop-ozone/integration-test/target/test-dir/MiniOzoneClusterImpl-e4211fca-df1e-4788-9bfe-f086778bfd1d/datanode-0/data/ratis
2023-09-13 06:49:03,565 [EndpointStateMachine task thread for /0.0.0.0:15002 - 0 ] INFO  volume.StorageVolumeChecker (StorageVolumeChecker.java:checkAllVolumes(213)) - Scheduled health check for volume /home/runner/work/ozone/ozone/hadoop-ozone/integration-test/target/test-dir/MiniOzoneClusterImpl-e4211fca-df1e-4788-9bfe-f086778bfd1d/datanode-0/data/ratis
2023-09-13 06:49:03,566 [EndpointStateMachine task thread for /0.0.0.0:15002 - 0 ] INFO  ozoneimpl.OzoneContainer (OzoneContainer.java:start(429)) - Attempting to start container services.
2023-09-13 06:49:03,569 [EndpointStateMachine task thread for /0.0.0.0:15002 - 0 ] INFO  ozoneimpl.OzoneContainer (OzoneContainer.java:startContainerScrub(325)) - Scheduled background container scanners and the on-demand container scanner have been disabled.
2023-09-13 06:49:03,571 [EndpointStateMachine task thread for /0.0.0.0:15002 - 0 ] INFO  replication.ReplicationServer (ReplicationServer.java:start(134)) - ReplicationServer is started using port 15016
2023-09-13 06:49:03,571 [EndpointStateMachine task thread for /0.0.0.0:15002 - 0 ] INFO  ratis.XceiverServerRatis (XceiverServerRatis.java:start(517)) - Starting XceiverServerRatis 53aa52bb-3302-49c8-8741-f934a8213f44
2023-09-13 06:49:03,576 [EndpointStateMachine task thread for /0.0.0.0:15002 - 0 ] INFO  server.RaftServer (RaftServerProxy.java:startImpl(400)) - 53aa52bb-3302-49c8-8741-f934a8213f44: start RPC server
2023-09-13 06:49:03,579 [EndpointStateMachine task thread for /0.0.0.0:15002 - 0 ] INFO  server.GrpcService (GrpcService.java:startImpl(302)) - 53aa52bb-3302-49c8-8741-f934a8213f44: GrpcService started, listening on 15012
2023-09-13 06:49:03,582 [EndpointStateMachine task thread for /0.0.0.0:15002 - 0 ] INFO  server.GrpcService (GrpcService.java:startImpl(302)) - 53aa52bb-3302-49c8-8741-f934a8213f44: GrpcService started, listening on 15014
2023-09-13 06:49:03,583 [EndpointStateMachine task thread for /0.0.0.0:15002 - 0 ] INFO  server.GrpcService (GrpcService.java:startImpl(302)) - 53aa52bb-3302-49c8-8741-f934a8213f44: GrpcService started, listening on 15013
2023-09-13 06:49:03,585 [EndpointStateMachine task thread for /0.0.0.0:15002 - 0 ] INFO  ratis.XceiverServerRatis (XceiverServerRatis.java:getRealPort(543)) - XceiverServerRatis 53aa52bb-3302-49c8-8741-f934a8213f44 is started using port 15012 for RATIS
2023-09-13 06:49:03,585 [EndpointStateMachine task thread for /0.0.0.0:15002 - 0 ] INFO  ratis.XceiverServerRatis (XceiverServerRatis.java:getRealPort(543)) - XceiverServerRatis 53aa52bb-3302-49c8-8741-f934a8213f44 is started using port 15013 for RATIS_ADMIN
2023-09-13 06:49:03,585 [EndpointStateMachine task thread for /0.0.0.0:15002 - 0 ] INFO  ratis.XceiverServerRatis (XceiverServerRatis.java:getRealPort(543)) - XceiverServerRatis 53aa52bb-3302-49c8-8741-f934a8213f44 is started using port 15014 for RATIS_SERVER
2023-09-13 06:49:03,585 [EndpointStateMachine task thread for /0.0.0.0:15002 - 0 ] INFO  ratis.XceiverServerRatis (XceiverServerRatis.java:getRealPort(543)) - XceiverServerRatis 53aa52bb-3302-49c8-8741-f934a8213f44 is started using port 15015 for RATIS_DATASTREAM
2023-09-13 06:49:03,585 [JvmPauseMonitor2] INFO  util.JvmPauseMonitor (JvmPauseMonitor.java:run(103)) - JvmPauseMonitor-53aa52bb-3302-49c8-8741-f934a8213f44: Started
2023-09-13 06:49:03,607 [BlockDeletingService#0] INFO  interfaces.ContainerDeletionChoosingPolicyTemplate (ContainerDeletionChoosingPolicyTemplate.java:chooseContainerForBlockDeletion(85)) - Chosen 0/5000 blocks from 0 candidate containers.
2023-09-13 06:49:03,987 [EndpointStateMachine task thread for /0.0.0.0:15002 - 0 ] INFO  utils.DatanodeStoreCache (DatanodeStoreCache.java:addDB(66)) - Added db /home/runner/work/ozone/ozone/hadoop-ozone/integration-test/target/test-dir/MiniOzoneClusterImpl-e4211fca-df1e-4788-9bfe-f086778bfd1d/datanode-1/data-0/containers/hdds/e4211fca-df1e-4788-9bfe-f086778bfd1d/DS-f64f5f5d-bfc0-4092-8ce1-5103c0fed31e/container.db to cache
2023-09-13 06:49:03,987 [EndpointStateMachine task thread for /0.0.0.0:15002 - 0 ] INFO  volume.HddsVolume (HddsVolume.java:createDbStore(422)) - SchemaV3 db is created and loaded at /home/runner/work/ozone/ozone/hadoop-ozone/integration-test/target/test-dir/MiniOzoneClusterImpl-e4211fca-df1e-4788-9bfe-f086778bfd1d/datanode-1/data-0/containers/hdds/e4211fca-df1e-4788-9bfe-f086778bfd1d/DS-f64f5f5d-bfc0-4092-8ce1-5103c0fed31e/container.db for volume DS-f64f5f5d-bfc0-4092-8ce1-5103c0fed31e
2023-09-13 06:49:03,996 [EndpointStateMachine task thread for /0.0.0.0:15002 - 0 ] INFO  volume.ThrottledAsyncChecker (ThrottledAsyncChecker.java:schedule(141)) - Scheduling a check for /home/runner/work/ozone/ozone/hadoop-ozone/integration-test/target/test-dir/MiniOzoneClusterImpl-e4211fca-df1e-4788-9bfe-f086778bfd1d/datanode-1/data-0/containers/hdds
2023-09-13 06:49:03,998 [EndpointStateMachine task thread for /0.0.0.0:15002 - 0 ] INFO  volume.StorageVolumeChecker (StorageVolumeChecker.java:checkAllVolumes(213)) - Scheduled health check for volume /home/runner/work/ozone/ozone/hadoop-ozone/integration-test/target/test-dir/MiniOzoneClusterImpl-e4211fca-df1e-4788-9bfe-f086778bfd1d/datanode-1/data-0/containers/hdds
2023-09-13 06:49:04,007 [EndpointStateMachine task thread for /0.0.0.0:15002 - 0 ] INFO  volume.ThrottledAsyncChecker (ThrottledAsyncChecker.java:schedule(141)) - Scheduling a check for /home/runner/work/ozone/ozone/hadoop-ozone/integration-test/target/test-dir/MiniOzoneClusterImpl-e4211fca-df1e-4788-9bfe-f086778bfd1d/datanode-1/data/ratis
2023-09-13 06:49:04,007 [EndpointStateMachine task thread for /0.0.0.0:15002 - 0 ] INFO  volume.StorageVolumeChecker (StorageVolumeChecker.java:checkAllVolumes(213)) - Scheduled health check for volume /home/runner/work/ozone/ozone/hadoop-ozone/integration-test/target/test-dir/MiniOzoneClusterImpl-e4211fca-df1e-4788-9bfe-f086778bfd1d/datanode-1/data/ratis
2023-09-13 06:49:04,008 [EndpointStateMachine task thread for /0.0.0.0:15002 - 0 ] INFO  ozoneimpl.OzoneContainer (OzoneContainer.java:start(429)) - Attempting to start container services.
2023-09-13 06:49:04,009 [EndpointStateMachine task thread for /0.0.0.0:15002 - 0 ] INFO  ozoneimpl.OzoneContainer (OzoneContainer.java:startContainerScrub(325)) - Scheduled background container scanners and the on-demand container scanner have been disabled.
2023-09-13 06:49:04,011 [EndpointStateMachine task thread for /0.0.0.0:15002 - 0 ] INFO  replication.ReplicationServer (ReplicationServer.java:start(134)) - ReplicationServer is started using port 15025
2023-09-13 06:49:04,011 [EndpointStateMachine task thread for /0.0.0.0:15002 - 0 ] INFO  ratis.XceiverServerRatis (XceiverServerRatis.java:start(517)) - Starting XceiverServerRatis 095205e7-1161-4289-a78b-dd2bf4a5be02
2023-09-13 06:49:04,017 [EndpointStateMachine task thread for /0.0.0.0:15002 - 0 ] INFO  server.RaftServer (RaftServerProxy.java:startImpl(400)) - 095205e7-1161-4289-a78b-dd2bf4a5be02: start RPC server
2023-09-13 06:49:04,020 [EndpointStateMachine task thread for /0.0.0.0:15002 - 0 ] INFO  server.GrpcService (GrpcService.java:startImpl(302)) - 095205e7-1161-4289-a78b-dd2bf4a5be02: GrpcService started, listening on 15021
2023-09-13 06:49:04,022 [EndpointStateMachine task thread for /0.0.0.0:15002 - 0 ] INFO  server.GrpcService (GrpcService.java:startImpl(302)) - 095205e7-1161-4289-a78b-dd2bf4a5be02: GrpcService started, listening on 15023
2023-09-13 06:49:04,028 [EndpointStateMachine task thread for /0.0.0.0:15002 - 0 ] INFO  server.GrpcService (GrpcService.java:startImpl(302)) - 095205e7-1161-4289-a78b-dd2bf4a5be02: GrpcService started, listening on 15022
2023-09-13 06:49:04,029 [EndpointStateMachine task thread for /0.0.0.0:15002 - 0 ] INFO  ratis.XceiverServerRatis (XceiverServerRatis.java:getRealPort(543)) - XceiverServerRatis 095205e7-1161-4289-a78b-dd2bf4a5be02 is started using port 15021 for RATIS
2023-09-13 06:49:04,029 [EndpointStateMachine task thread for /0.0.0.0:15002 - 0 ] INFO  ratis.XceiverServerRatis (XceiverServerRatis.java:getRealPort(543)) - XceiverServerRatis 095205e7-1161-4289-a78b-dd2bf4a5be02 is started using port 15022 for RATIS_ADMIN
2023-09-13 06:49:04,029 [EndpointStateMachine task thread for /0.0.0.0:15002 - 0 ] INFO  ratis.XceiverServerRatis (XceiverServerRatis.java:getRealPort(543)) - XceiverServerRatis 095205e7-1161-4289-a78b-dd2bf4a5be02 is started using port 15023 for RATIS_SERVER
2023-09-13 06:49:04,029 [EndpointStateMachine task thread for /0.0.0.0:15002 - 0 ] INFO  ratis.XceiverServerRatis (XceiverServerRatis.java:getRealPort(543)) - XceiverServerRatis 095205e7-1161-4289-a78b-dd2bf4a5be02 is started using port 15024 for RATIS_DATASTREAM
2023-09-13 06:49:04,029 [JvmPauseMonitor3] INFO  util.JvmPauseMonitor (JvmPauseMonitor.java:run(103)) - JvmPauseMonitor-095205e7-1161-4289-a78b-dd2bf4a5be02: Started
2023-09-13 06:49:04,035 [JUnit] INFO  ozone.MiniOzoneClusterImpl (MiniOzoneClusterImpl.java:lambda$waitForClusterToBeReady$0(224)) - Waiting for nodes to be ready. Got 0 of 5 DN Heartbeats.
2023-09-13 06:49:04,035 [JUnit] INFO  ozone.MiniOzoneClusterImpl (MiniOzoneClusterImpl.java:lambda$waitForClusterToBeReady$0(227)) - Waiting for cluster to exit safe mode
2023-09-13 06:49:04,035 [JUnit] INFO  ozone.MiniOzoneClusterImpl (MiniOzoneClusterImpl.java:lambda$waitForClusterToBeReady$0(229)) - SCM became leader
2023-09-13 06:49:04,053 [BlockDeletingService#0] INFO  interfaces.ContainerDeletionChoosingPolicyTemplate (ContainerDeletionChoosingPolicyTemplate.java:chooseContainerForBlockDeletion(85)) - Chosen 0/5000 blocks from 0 candidate containers.
2023-09-13 06:49:04,354 [EndpointStateMachine task thread for /0.0.0.0:15002 - 0 ] INFO  utils.DatanodeStoreCache (DatanodeStoreCache.java:addDB(66)) - Added db /home/runner/work/ozone/ozone/hadoop-ozone/integration-test/target/test-dir/MiniOzoneClusterImpl-e4211fca-df1e-4788-9bfe-f086778bfd1d/datanode-2/data-0/containers/hdds/e4211fca-df1e-4788-9bfe-f086778bfd1d/DS-6e301ed2-cbd1-4e9e-b989-eff78cea6a0d/container.db to cache
2023-09-13 06:49:04,354 [EndpointStateMachine task thread for /0.0.0.0:15002 - 0 ] INFO  volume.HddsVolume (HddsVolume.java:createDbStore(422)) - SchemaV3 db is created and loaded at /home/runner/work/ozone/ozone/hadoop-ozone/integration-test/target/test-dir/MiniOzoneClusterImpl-e4211fca-df1e-4788-9bfe-f086778bfd1d/datanode-2/data-0/containers/hdds/e4211fca-df1e-4788-9bfe-f086778bfd1d/DS-6e301ed2-cbd1-4e9e-b989-eff78cea6a0d/container.db for volume DS-6e301ed2-cbd1-4e9e-b989-eff78cea6a0d
2023-09-13 06:49:04,357 [EndpointStateMachine task thread for /0.0.0.0:15002 - 0 ] INFO  volume.ThrottledAsyncChecker (ThrottledAsyncChecker.java:schedule(141)) - Scheduling a check for /home/runner/work/ozone/ozone/hadoop-ozone/integration-test/target/test-dir/MiniOzoneClusterImpl-e4211fca-df1e-4788-9bfe-f086778bfd1d/datanode-2/data-0/containers/hdds
2023-09-13 06:49:04,358 [EndpointStateMachine task thread for /0.0.0.0:15002 - 0 ] INFO  volume.StorageVolumeChecker (StorageVolumeChecker.java:checkAllVolumes(213)) - Scheduled health check for volume /home/runner/work/ozone/ozone/hadoop-ozone/integration-test/target/test-dir/MiniOzoneClusterImpl-e4211fca-df1e-4788-9bfe-f086778bfd1d/datanode-2/data-0/containers/hdds
2023-09-13 06:49:04,361 [EndpointStateMachine task thread for /0.0.0.0:15002 - 0 ] INFO  volume.ThrottledAsyncChecker (ThrottledAsyncChecker.java:schedule(141)) - Scheduling a check for /home/runner/work/ozone/ozone/hadoop-ozone/integration-test/target/test-dir/MiniOzoneClusterImpl-e4211fca-df1e-4788-9bfe-f086778bfd1d/datanode-2/data/ratis
2023-09-13 06:49:04,361 [EndpointStateMachine task thread for /0.0.0.0:15002 - 0 ] INFO  volume.StorageVolumeChecker (StorageVolumeChecker.java:checkAllVolumes(213)) - Scheduled health check for volume /home/runner/work/ozone/ozone/hadoop-ozone/integration-test/target/test-dir/MiniOzoneClusterImpl-e4211fca-df1e-4788-9bfe-f086778bfd1d/datanode-2/data/ratis
2023-09-13 06:49:04,362 [EndpointStateMachine task thread for /0.0.0.0:15002 - 0 ] INFO  ozoneimpl.OzoneContainer (OzoneContainer.java:start(429)) - Attempting to start container services.
2023-09-13 06:49:04,362 [EndpointStateMachine task thread for /0.0.0.0:15002 - 0 ] INFO  ozoneimpl.OzoneContainer (OzoneContainer.java:startContainerScrub(325)) - Scheduled background container scanners and the on-demand container scanner have been disabled.
2023-09-13 06:49:04,364 [EndpointStateMachine task thread for /0.0.0.0:15002 - 0 ] INFO  replication.ReplicationServer (ReplicationServer.java:start(134)) - ReplicationServer is started using port 15034
2023-09-13 06:49:04,364 [EndpointStateMachine task thread for /0.0.0.0:15002 - 0 ] INFO  ratis.XceiverServerRatis (XceiverServerRatis.java:start(517)) - Starting XceiverServerRatis d28f76a2-0ae6-4755-86d6-e75b9d48a44d
2023-09-13 06:49:04,366 [EndpointStateMachine task thread for /0.0.0.0:15002 - 0 ] INFO  server.RaftServer (RaftServerProxy.java:startImpl(400)) - d28f76a2-0ae6-4755-86d6-e75b9d48a44d: start RPC server
2023-09-13 06:49:04,369 [EndpointStateMachine task thread for /0.0.0.0:15002 - 0 ] INFO  server.GrpcService (GrpcService.java:startImpl(302)) - d28f76a2-0ae6-4755-86d6-e75b9d48a44d: GrpcService started, listening on 15030
2023-09-13 06:49:04,371 [EndpointStateMachine task thread for /0.0.0.0:15002 - 0 ] INFO  server.GrpcService (GrpcService.java:startImpl(302)) - d28f76a2-0ae6-4755-86d6-e75b9d48a44d: GrpcService started, listening on 15032
2023-09-13 06:49:04,372 [EndpointStateMachine task thread for /0.0.0.0:15002 - 0 ] INFO  server.GrpcService (GrpcService.java:startImpl(302)) - d28f76a2-0ae6-4755-86d6-e75b9d48a44d: GrpcService started, listening on 15031
2023-09-13 06:49:04,373 [EndpointStateMachine task thread for /0.0.0.0:15002 - 0 ] INFO  ratis.XceiverServerRatis (XceiverServerRatis.java:getRealPort(543)) - XceiverServerRatis d28f76a2-0ae6-4755-86d6-e75b9d48a44d is started using port 15030 for RATIS
2023-09-13 06:49:04,373 [EndpointStateMachine task thread for /0.0.0.0:15002 - 0 ] INFO  ratis.XceiverServerRatis (XceiverServerRatis.java:getRealPort(543)) - XceiverServerRatis d28f76a2-0ae6-4755-86d6-e75b9d48a44d is started using port 15031 for RATIS_ADMIN
2023-09-13 06:49:04,373 [JvmPauseMonitor4] INFO  util.JvmPauseMonitor (JvmPauseMonitor.java:run(103)) - JvmPauseMonitor-d28f76a2-0ae6-4755-86d6-e75b9d48a44d: Started
2023-09-13 06:49:04,373 [EndpointStateMachine task thread for /0.0.0.0:15002 - 0 ] INFO  ratis.XceiverServerRatis (XceiverServerRatis.java:getRealPort(543)) - XceiverServerRatis d28f76a2-0ae6-4755-86d6-e75b9d48a44d is started using port 15032 for RATIS_SERVER
2023-09-13 06:49:04,373 [EndpointStateMachine task thread for /0.0.0.0:15002 - 0 ] INFO  ratis.XceiverServerRatis (XceiverServerRatis.java:getRealPort(543)) - XceiverServerRatis d28f76a2-0ae6-4755-86d6-e75b9d48a44d is started using port 15033 for RATIS_DATASTREAM
2023-09-13 06:49:04,388 [BlockDeletingService#0] INFO  interfaces.ContainerDeletionChoosingPolicyTemplate (ContainerDeletionChoosingPolicyTemplate.java:chooseContainerForBlockDeletion(85)) - Chosen 0/5000 blocks from 0 candidate containers.
2023-09-13 06:49:04,733 [EndpointStateMachine task thread for /0.0.0.0:15002 - 0 ] INFO  utils.DatanodeStoreCache (DatanodeStoreCache.java:addDB(66)) - Added db /home/runner/work/ozone/ozone/hadoop-ozone/integration-test/target/test-dir/MiniOzoneClusterImpl-e4211fca-df1e-4788-9bfe-f086778bfd1d/datanode-3/data-0/containers/hdds/e4211fca-df1e-4788-9bfe-f086778bfd1d/DS-def802e2-f091-4add-8f4f-be7bdeea9666/container.db to cache
2023-09-13 06:49:04,733 [EndpointStateMachine task thread for /0.0.0.0:15002 - 0 ] INFO  volume.HddsVolume (HddsVolume.java:createDbStore(422)) - SchemaV3 db is created and loaded at /home/runner/work/ozone/ozone/hadoop-ozone/integration-test/target/test-dir/MiniOzoneClusterImpl-e4211fca-df1e-4788-9bfe-f086778bfd1d/datanode-3/data-0/containers/hdds/e4211fca-df1e-4788-9bfe-f086778bfd1d/DS-def802e2-f091-4add-8f4f-be7bdeea9666/container.db for volume DS-def802e2-f091-4add-8f4f-be7bdeea9666
2023-09-13 06:49:04,734 [EndpointStateMachine task thread for /0.0.0.0:15002 - 0 ] INFO  volume.ThrottledAsyncChecker (ThrottledAsyncChecker.java:schedule(141)) - Scheduling a check for /home/runner/work/ozone/ozone/hadoop-ozone/integration-test/target/test-dir/MiniOzoneClusterImpl-e4211fca-df1e-4788-9bfe-f086778bfd1d/datanode-3/data-0/containers/hdds
2023-09-13 06:49:04,736 [EndpointStateMachine task thread for /0.0.0.0:15002 - 0 ] INFO  volume.StorageVolumeChecker (StorageVolumeChecker.java:checkAllVolumes(213)) - Scheduled health check for volume /home/runner/work/ozone/ozone/hadoop-ozone/integration-test/target/test-dir/MiniOzoneClusterImpl-e4211fca-df1e-4788-9bfe-f086778bfd1d/datanode-3/data-0/containers/hdds
2023-09-13 06:49:04,739 [EndpointStateMachine task thread for /0.0.0.0:15002 - 0 ] INFO  volume.ThrottledAsyncChecker (ThrottledAsyncChecker.java:schedule(141)) - Scheduling a check for /home/runner/work/ozone/ozone/hadoop-ozone/integration-test/target/test-dir/MiniOzoneClusterImpl-e4211fca-df1e-4788-9bfe-f086778bfd1d/datanode-3/data/ratis
2023-09-13 06:49:04,739 [EndpointStateMachine task thread for /0.0.0.0:15002 - 0 ] INFO  volume.StorageVolumeChecker (StorageVolumeChecker.java:checkAllVolumes(213)) - Scheduled health check for volume /home/runner/work/ozone/ozone/hadoop-ozone/integration-test/target/test-dir/MiniOzoneClusterImpl-e4211fca-df1e-4788-9bfe-f086778bfd1d/datanode-3/data/ratis
2023-09-13 06:49:04,740 [EndpointStateMachine task thread for /0.0.0.0:15002 - 0 ] INFO  ozoneimpl.OzoneContainer (OzoneContainer.java:start(429)) - Attempting to start container services.
2023-09-13 06:49:04,741 [EndpointStateMachine task thread for /0.0.0.0:15002 - 0 ] INFO  ozoneimpl.OzoneContainer (OzoneContainer.java:startContainerScrub(325)) - Scheduled background container scanners and the on-demand container scanner have been disabled.
2023-09-13 06:49:04,744 [EndpointStateMachine task thread for /0.0.0.0:15002 - 0 ] INFO  replication.ReplicationServer (ReplicationServer.java:start(134)) - ReplicationServer is started using port 15043
2023-09-13 06:49:04,744 [EndpointStateMachine task thread for /0.0.0.0:15002 - 0 ] INFO  ratis.XceiverServerRatis (XceiverServerRatis.java:start(517)) - Starting XceiverServerRatis 6f324be3-7c3f-481f-84d2-849e9673b06a
2023-09-13 06:49:04,750 [EndpointStateMachine task thread for /0.0.0.0:15002 - 0 ] INFO  server.RaftServer (RaftServerProxy.java:startImpl(400)) - 6f324be3-7c3f-481f-84d2-849e9673b06a: start RPC server
2023-09-13 06:49:04,753 [EndpointStateMachine task thread for /0.0.0.0:15002 - 0 ] INFO  server.GrpcService (GrpcService.java:startImpl(302)) - 6f324be3-7c3f-481f-84d2-849e9673b06a: GrpcService started, listening on 15039
2023-09-13 06:49:04,756 [EndpointStateMachine task thread for /0.0.0.0:15002 - 0 ] INFO  server.GrpcService (GrpcService.java:startImpl(302)) - 6f324be3-7c3f-481f-84d2-849e9673b06a: GrpcService started, listening on 15041
2023-09-13 06:49:04,760 [EndpointStateMachine task thread for /0.0.0.0:15002 - 0 ] INFO  server.GrpcService (GrpcService.java:startImpl(302)) - 6f324be3-7c3f-481f-84d2-849e9673b06a: GrpcService started, listening on 15040
2023-09-13 06:49:04,761 [EndpointStateMachine task thread for /0.0.0.0:15002 - 0 ] INFO  ratis.XceiverServerRatis (XceiverServerRatis.java:getRealPort(543)) - XceiverServerRatis 6f324be3-7c3f-481f-84d2-849e9673b06a is started using port 15039 for RATIS
2023-09-13 06:49:04,761 [EndpointStateMachine task thread for /0.0.0.0:15002 - 0 ] INFO  ratis.XceiverServerRatis (XceiverServerRatis.java:getRealPort(543)) - XceiverServerRatis 6f324be3-7c3f-481f-84d2-849e9673b06a is started using port 15040 for RATIS_ADMIN
2023-09-13 06:49:04,761 [EndpointStateMachine task thread for /0.0.0.0:15002 - 0 ] INFO  ratis.XceiverServerRatis (XceiverServerRatis.java:getRealPort(543)) - XceiverServerRatis 6f324be3-7c3f-481f-84d2-849e9673b06a is started using port 15041 for RATIS_SERVER
2023-09-13 06:49:04,761 [EndpointStateMachine task thread for /0.0.0.0:15002 - 0 ] INFO  ratis.XceiverServerRatis (XceiverServerRatis.java:getRealPort(543)) - XceiverServerRatis 6f324be3-7c3f-481f-84d2-849e9673b06a is started using port 15042 for RATIS_DATASTREAM
2023-09-13 06:49:04,761 [JvmPauseMonitor5] INFO  util.JvmPauseMonitor (JvmPauseMonitor.java:run(103)) - JvmPauseMonitor-6f324be3-7c3f-481f-84d2-849e9673b06a: Started
2023-09-13 06:49:04,771 [BlockDeletingService#0] INFO  interfaces.ContainerDeletionChoosingPolicyTemplate (ContainerDeletionChoosingPolicyTemplate.java:chooseContainerForBlockDeletion(85)) - Chosen 0/5000 blocks from 0 candidate containers.
2023-09-13 06:49:05,036 [JUnit] INFO  ozone.MiniOzoneClusterImpl (MiniOzoneClusterImpl.java:lambda$waitForClusterToBeReady$0(224)) - Waiting for nodes to be ready. Got 0 of 5 DN Heartbeats.
2023-09-13 06:49:05,036 [JUnit] INFO  ozone.MiniOzoneClusterImpl (MiniOzoneClusterImpl.java:lambda$waitForClusterToBeReady$0(227)) - Waiting for cluster to exit safe mode
2023-09-13 06:49:05,036 [JUnit] INFO  ozone.MiniOzoneClusterImpl (MiniOzoneClusterImpl.java:lambda$waitForClusterToBeReady$0(229)) - SCM became leader
2023-09-13 06:49:05,077 [EndpointStateMachine task thread for /0.0.0.0:15002 - 0 ] INFO  utils.DatanodeStoreCache (DatanodeStoreCache.java:addDB(66)) - Added db /home/runner/work/ozone/ozone/hadoop-ozone/integration-test/target/test-dir/MiniOzoneClusterImpl-e4211fca-df1e-4788-9bfe-f086778bfd1d/datanode-4/data-0/containers/hdds/e4211fca-df1e-4788-9bfe-f086778bfd1d/DS-6a5da355-b935-4fd8-be0b-5b09dcffbb5a/container.db to cache
2023-09-13 06:49:05,077 [EndpointStateMachine task thread for /0.0.0.0:15002 - 0 ] INFO  volume.HddsVolume (HddsVolume.java:createDbStore(422)) - SchemaV3 db is created and loaded at /home/runner/work/ozone/ozone/hadoop-ozone/integration-test/target/test-dir/MiniOzoneClusterImpl-e4211fca-df1e-4788-9bfe-f086778bfd1d/datanode-4/data-0/containers/hdds/e4211fca-df1e-4788-9bfe-f086778bfd1d/DS-6a5da355-b935-4fd8-be0b-5b09dcffbb5a/container.db for volume DS-6a5da355-b935-4fd8-be0b-5b09dcffbb5a
2023-09-13 06:49:05,078 [EndpointStateMachine task thread for /0.0.0.0:15002 - 0 ] INFO  volume.ThrottledAsyncChecker (ThrottledAsyncChecker.java:schedule(141)) - Scheduling a check for /home/runner/work/ozone/ozone/hadoop-ozone/integration-test/target/test-dir/MiniOzoneClusterImpl-e4211fca-df1e-4788-9bfe-f086778bfd1d/datanode-4/data-0/containers/hdds
2023-09-13 06:49:05,079 [EndpointStateMachine task thread for /0.0.0.0:15002 - 0 ] INFO  volume.StorageVolumeChecker (StorageVolumeChecker.java:checkAllVolumes(213)) - Scheduled health check for volume /home/runner/work/ozone/ozone/hadoop-ozone/integration-test/target/test-dir/MiniOzoneClusterImpl-e4211fca-df1e-4788-9bfe-f086778bfd1d/datanode-4/data-0/containers/hdds
2023-09-13 06:49:05,081 [EndpointStateMachine task thread for /0.0.0.0:15002 - 0 ] INFO  volume.ThrottledAsyncChecker (ThrottledAsyncChecker.java:schedule(141)) - Scheduling a check for /home/runner/work/ozone/ozone/hadoop-ozone/integration-test/target/test-dir/MiniOzoneClusterImpl-e4211fca-df1e-4788-9bfe-f086778bfd1d/datanode-4/data/ratis
2023-09-13 06:49:05,081 [EndpointStateMachine task thread for /0.0.0.0:15002 - 0 ] INFO  volume.StorageVolumeChecker (StorageVolumeChecker.java:checkAllVolumes(213)) - Scheduled health check for volume /home/runner/work/ozone/ozone/hadoop-ozone/integration-test/target/test-dir/MiniOzoneClusterImpl-e4211fca-df1e-4788-9bfe-f086778bfd1d/datanode-4/data/ratis
2023-09-13 06:49:05,082 [EndpointStateMachine task thread for /0.0.0.0:15002 - 0 ] INFO  ozoneimpl.OzoneContainer (OzoneContainer.java:start(429)) - Attempting to start container services.
2023-09-13 06:49:05,083 [EndpointStateMachine task thread for /0.0.0.0:15002 - 0 ] INFO  ozoneimpl.OzoneContainer (OzoneContainer.java:startContainerScrub(325)) - Scheduled background container scanners and the on-demand container scanner have been disabled.
2023-09-13 06:49:05,084 [EndpointStateMachine task thread for /0.0.0.0:15002 - 0 ] INFO  replication.ReplicationServer (ReplicationServer.java:start(134)) - ReplicationServer is started using port 15052
2023-09-13 06:49:05,084 [EndpointStateMachine task thread for /0.0.0.0:15002 - 0 ] INFO  ratis.XceiverServerRatis (XceiverServerRatis.java:start(517)) - Starting XceiverServerRatis a70ca69d-e87c-45fc-bc42-2c6096aaeb0f
2023-09-13 06:49:05,085 [EndpointStateMachine task thread for /0.0.0.0:15002 - 0 ] INFO  server.RaftServer (RaftServerProxy.java:startImpl(400)) - a70ca69d-e87c-45fc-bc42-2c6096aaeb0f: start RPC server
2023-09-13 06:49:05,087 [EndpointStateMachine task thread for /0.0.0.0:15002 - 0 ] INFO  server.GrpcService (GrpcService.java:startImpl(302)) - a70ca69d-e87c-45fc-bc42-2c6096aaeb0f: GrpcService started, listening on 15048
2023-09-13 06:49:05,087 [EndpointStateMachine task thread for /0.0.0.0:15002 - 0 ] INFO  server.GrpcService (GrpcService.java:startImpl(302)) - a70ca69d-e87c-45fc-bc42-2c6096aaeb0f: GrpcService started, listening on 15050
2023-09-13 06:49:05,088 [EndpointStateMachine task thread for /0.0.0.0:15002 - 0 ] INFO  server.GrpcService (GrpcService.java:startImpl(302)) - a70ca69d-e87c-45fc-bc42-2c6096aaeb0f: GrpcService started, listening on 15049
2023-09-13 06:49:05,088 [EndpointStateMachine task thread for /0.0.0.0:15002 - 0 ] INFO  ratis.XceiverServerRatis (XceiverServerRatis.java:getRealPort(543)) - XceiverServerRatis a70ca69d-e87c-45fc-bc42-2c6096aaeb0f is started using port 15048 for RATIS
2023-09-13 06:49:05,088 [EndpointStateMachine task thread for /0.0.0.0:15002 - 0 ] INFO  ratis.XceiverServerRatis (XceiverServerRatis.java:getRealPort(543)) - XceiverServerRatis a70ca69d-e87c-45fc-bc42-2c6096aaeb0f is started using port 15049 for RATIS_ADMIN
2023-09-13 06:49:05,088 [EndpointStateMachine task thread for /0.0.0.0:15002 - 0 ] INFO  ratis.XceiverServerRatis (XceiverServerRatis.java:getRealPort(543)) - XceiverServerRatis a70ca69d-e87c-45fc-bc42-2c6096aaeb0f is started using port 15050 for RATIS_SERVER
2023-09-13 06:49:05,088 [EndpointStateMachine task thread for /0.0.0.0:15002 - 0 ] INFO  ratis.XceiverServerRatis (XceiverServerRatis.java:getRealPort(543)) - XceiverServerRatis a70ca69d-e87c-45fc-bc42-2c6096aaeb0f is started using port 15051 for RATIS_DATASTREAM
2023-09-13 06:49:05,089 [JvmPauseMonitor6] INFO  util.JvmPauseMonitor (JvmPauseMonitor.java:run(103)) - JvmPauseMonitor-a70ca69d-e87c-45fc-bc42-2c6096aaeb0f: Started
2023-09-13 06:49:05,092 [BlockDeletingService#0] INFO  interfaces.ContainerDeletionChoosingPolicyTemplate (ContainerDeletionChoosingPolicyTemplate.java:chooseContainerForBlockDeletion(85)) - Chosen 0/5000 blocks from 0 candidate containers.
2023-09-13 06:49:05,452 [IPC Server handler 1 on default port 15002] INFO  net.NetworkTopologyImpl (NetworkTopologyImpl.java:add(112)) - Added a new node: /default-rack/53aa52bb-3302-49c8-8741-f934a8213f44
2023-09-13 06:49:05,456 [IPC Server handler 1 on default port 15002] INFO  node.SCMNodeManager (SCMNodeManager.java:register(405)) - Registered Data node : 53aa52bb-3302-49c8-8741-f934a8213f44{ip: 10.1.0.17, host: fv-az460-410.k2d41ockulnezl353eucldp3of.dx.internal.cloudapp.net, ports: [HTTP=15009, CLIENT_RPC=15010, REPLICATION=15016, RATIS=15012, RATIS_ADMIN=15013, RATIS_SERVER=15014, RATIS_DATASTREAM=15015, STANDALONE=15011], networkLocation: /default-rack, certSerialId: null, persistedOpState: null, persistedOpStateExpiryEpochSec: 0}
2023-09-13 06:49:05,469 [EventQueue-NodeRegistrationContainerReportForContainerSafeModeRule] INFO  safemode.SCMSafeModeManager (SCMSafeModeManager.java:validateSafeModeExitRules(200)) - ContainerSafeModeRule rule is successfully validated
2023-09-13 06:49:05,469 [EventQueue-NewNodeForNewNodeHandler] INFO  pipeline.BackgroundPipelineCreator (BackgroundPipelineCreator.java:notifyEventTriggered(277)) - trigger a one-shot run on RatisPipelineUtilsThread.
2023-09-13 06:49:05,486 [EventQueue-PipelineReportForOneReplicaPipelineSafeModeRule] INFO  safemode.SCMSafeModeManager (SCMSafeModeManager.java:validateSafeModeExitRules(200)) - AtleastOneDatanodeReportedRule rule is successfully validated
2023-09-13 06:49:05,469 [EventQueue-NodeRegistrationContainerReportForDataNodeSafeModeRule] INFO  safemode.SCMSafeModeManager (DataNodeSafeModeRule.java:process(71)) - SCM in safe mode. 1 DataNodes registered, 3 required.
2023-09-13 06:49:05,496 [RatisPipelineUtilsThread - 0] INFO  pipeline.RatisPipelineProvider (RatisPipelineProvider.java:lambda$create$0(206)) - Sending CreatePipelineCommand for pipeline:PipelineID=9ae4a2a3-7eea-4053-a21d-0d5647ab4037 to datanode:53aa52bb-3302-49c8-8741-f934a8213f44
2023-09-13 06:49:05,514 [RatisPipelineUtilsThread - 0] INFO  pipeline.BackgroundPipelineCreator (BackgroundPipelineCreator.java:createPipelines(233)) - Created new pipeline Pipeline[ Id: 9ae4a2a3-7eea-4053-a21d-0d5647ab4037, Nodes: 53aa52bb-3302-49c8-8741-f934a8213f44(fv-az460-410.k2d41ockulnezl353eucldp3of.dx.internal.cloudapp.net/10.1.0.17), ReplicationConfig: RATIS/ONE, State:ALLOCATED, leaderId:, CreationTimestamp2023-09-13T06:49:05.495Z[Etc/UTC]]
2023-09-13 06:49:05,927 [IPC Server handler 3 on default port 15002] INFO  net.NetworkTopologyImpl (NetworkTopologyImpl.java:add(112)) - Added a new node: /default-rack/095205e7-1161-4289-a78b-dd2bf4a5be02
2023-09-13 06:49:05,928 [IPC Server handler 3 on default port 15002] INFO  node.SCMNodeManager (SCMNodeManager.java:register(405)) - Registered Data node : 095205e7-1161-4289-a78b-dd2bf4a5be02{ip: 10.1.0.17, host: fv-az460-410.k2d41ockulnezl353eucldp3of.dx.internal.cloudapp.net, ports: [HTTP=15018, CLIENT_RPC=15019, REPLICATION=15025, RATIS=15021, RATIS_ADMIN=15022, RATIS_SERVER=15023, RATIS_DATASTREAM=15024, STANDALONE=15020], networkLocation: /default-rack, certSerialId: null, persistedOpState: null, persistedOpStateExpiryEpochSec: 0}
2023-09-13 06:49:05,928 [EventQueue-NodeRegistrationContainerReportForDataNodeSafeModeRule] INFO  safemode.SCMSafeModeManager (DataNodeSafeModeRule.java:process(71)) - SCM in safe mode. 2 DataNodes registered, 3 required.
2023-09-13 06:49:05,929 [EventQueue-NewNodeForNewNodeHandler] INFO  pipeline.BackgroundPipelineCreator (BackgroundPipelineCreator.java:notifyEventTriggered(277)) - trigger a one-shot run on RatisPipelineUtilsThread.
2023-09-13 06:49:05,931 [RatisPipelineUtilsThread - 0] INFO  pipeline.RatisPipelineProvider (RatisPipelineProvider.java:lambda$create$0(206)) - Sending CreatePipelineCommand for pipeline:PipelineID=d936ad6c-9596-42e9-ac1e-b9693d60ca7e to datanode:095205e7-1161-4289-a78b-dd2bf4a5be02
2023-09-13 06:49:05,932 [RatisPipelineUtilsThread - 0] INFO  pipeline.BackgroundPipelineCreator (BackgroundPipelineCreator.java:createPipelines(233)) - Created new pipeline Pipeline[ Id: d936ad6c-9596-42e9-ac1e-b9693d60ca7e, Nodes: 095205e7-1161-4289-a78b-dd2bf4a5be02(fv-az460-410.k2d41ockulnezl353eucldp3of.dx.internal.cloudapp.net/10.1.0.17), ReplicationConfig: RATIS/ONE, State:ALLOCATED, leaderId:, CreationTimestamp2023-09-13T06:49:05.931Z[Etc/UTC]]
2023-09-13 06:49:06,036 [JUnit] INFO  ozone.MiniOzoneClusterImpl (MiniOzoneClusterImpl.java:lambda$waitForClusterToBeReady$0(224)) - Waiting for nodes to be ready. Got 2 of 5 DN Heartbeats.
2023-09-13 06:49:06,037 [JUnit] INFO  ozone.MiniOzoneClusterImpl (MiniOzoneClusterImpl.java:lambda$waitForClusterToBeReady$0(227)) - Waiting for cluster to exit safe mode
2023-09-13 06:49:06,037 [JUnit] INFO  ozone.MiniOzoneClusterImpl (MiniOzoneClusterImpl.java:lambda$waitForClusterToBeReady$0(229)) - SCM became leader
2023-09-13 06:49:06,308 [IPC Server handler 0 on default port 15002] INFO  net.NetworkTopologyImpl (NetworkTopologyImpl.java:add(112)) - Added a new node: /default-rack/d28f76a2-0ae6-4755-86d6-e75b9d48a44d
2023-09-13 06:49:06,308 [IPC Server handler 0 on default port 15002] INFO  node.SCMNodeManager (SCMNodeManager.java:register(405)) - Registered Data node : d28f76a2-0ae6-4755-86d6-e75b9d48a44d{ip: 10.1.0.17, host: fv-az460-410.k2d41ockulnezl353eucldp3of.dx.internal.cloudapp.net, ports: [HTTP=15027, CLIENT_RPC=15028, REPLICATION=15034, RATIS=15030, RATIS_ADMIN=15031, RATIS_SERVER=15032, RATIS_DATASTREAM=15033, STANDALONE=15029], networkLocation: /default-rack, certSerialId: null, persistedOpState: null, persistedOpStateExpiryEpochSec: 0}
2023-09-13 06:49:06,309 [EventQueue-NewNodeForNewNodeHandler] INFO  pipeline.BackgroundPipelineCreator (BackgroundPipelineCreator.java:notifyEventTriggered(277)) - trigger a one-shot run on RatisPipelineUtilsThread.
2023-09-13 06:49:06,309 [EventQueue-NodeRegistrationContainerReportForDataNodeSafeModeRule] INFO  safemode.SCMSafeModeManager (DataNodeSafeModeRule.java:process(71)) - SCM in safe mode. 3 DataNodes registered, 3 required.
2023-09-13 06:49:06,311 [EventQueue-NodeRegistrationContainerReportForDataNodeSafeModeRule] INFO  safemode.SCMSafeModeManager (SCMSafeModeManager.java:validateSafeModeExitRules(200)) - DataNodeSafeModeRule rule is successfully validated
2023-09-13 06:49:06,311 [EventQueue-NodeRegistrationContainerReportForDataNodeSafeModeRule] INFO  safemode.SCMSafeModeManager (SCMSafeModeManager.java:completePreCheck(229)) - All SCM safe mode pre check rules have passed
2023-09-13 06:49:06,311 [EventQueue-NodeRegistrationContainerReportForDataNodeSafeModeRule] INFO  ha.SCMContext (SCMContext.java:updateSafeModeStatus(228)) - Update SafeModeStatus from SafeModeStatus{safeModeStatus=true, preCheckPassed=false} to SafeModeStatus{safeModeStatus=true, preCheckPassed=true}.
2023-09-13 06:49:06,311 [EventQueue-NodeRegistrationContainerReportForDataNodeSafeModeRule] INFO  pipeline.BackgroundPipelineCreator (BackgroundPipelineCreator.java:notifyEventTriggered(277)) - trigger a one-shot run on RatisPipelineUtilsThread.
2023-09-13 06:49:06,310 [RatisPipelineUtilsThread - 0] INFO  pipeline.RatisPipelineProvider (RatisPipelineProvider.java:lambda$create$0(206)) - Sending CreatePipelineCommand for pipeline:PipelineID=7d088da1-6181-4b24-88d9-57a2a16130eb to datanode:d28f76a2-0ae6-4755-86d6-e75b9d48a44d
2023-09-13 06:49:06,312 [RatisPipelineUtilsThread - 0] INFO  pipeline.BackgroundPipelineCreator (BackgroundPipelineCreator.java:createPipelines(233)) - Created new pipeline Pipeline[ Id: 7d088da1-6181-4b24-88d9-57a2a16130eb, Nodes: d28f76a2-0ae6-4755-86d6-e75b9d48a44d(fv-az460-410.k2d41ockulnezl353eucldp3of.dx.internal.cloudapp.net/10.1.0.17), ReplicationConfig: RATIS/ONE, State:ALLOCATED, leaderId:, CreationTimestamp2023-09-13T06:49:06.310Z[Etc/UTC]]
2023-09-13 06:49:06,319 [RatisPipelineUtilsThread - 0] INFO  pipeline.RatisPipelineProvider (RatisPipelineProvider.java:lambda$create$0(206)) - Sending CreatePipelineCommand for pipeline:PipelineID=e349e6d4-40f9-4e99-996b-3544293c3ac0 to datanode:095205e7-1161-4289-a78b-dd2bf4a5be02
2023-09-13 06:49:06,319 [RatisPipelineUtilsThread - 0] INFO  pipeline.RatisPipelineProvider (RatisPipelineProvider.java:lambda$create$0(206)) - Sending CreatePipelineCommand for pipeline:PipelineID=e349e6d4-40f9-4e99-996b-3544293c3ac0 to datanode:53aa52bb-3302-49c8-8741-f934a8213f44
2023-09-13 06:49:06,319 [RatisPipelineUtilsThread - 0] INFO  pipeline.RatisPipelineProvider (RatisPipelineProvider.java:lambda$create$0(206)) - Sending CreatePipelineCommand for pipeline:PipelineID=e349e6d4-40f9-4e99-996b-3544293c3ac0 to datanode:d28f76a2-0ae6-4755-86d6-e75b9d48a44d
2023-09-13 06:49:06,321 [RatisPipelineUtilsThread - 0] INFO  pipeline.BackgroundPipelineCreator (BackgroundPipelineCreator.java:createPipelines(233)) - Created new pipeline Pipeline[ Id: e349e6d4-40f9-4e99-996b-3544293c3ac0, Nodes: 095205e7-1161-4289-a78b-dd2bf4a5be02(fv-az460-410.k2d41ockulnezl353eucldp3of.dx.internal.cloudapp.net/10.1.0.17)53aa52bb-3302-49c8-8741-f934a8213f44(fv-az460-410.k2d41ockulnezl353eucldp3of.dx.internal.cloudapp.net/10.1.0.17)d28f76a2-0ae6-4755-86d6-e75b9d48a44d(fv-az460-410.k2d41ockulnezl353eucldp3of.dx.internal.cloudapp.net/10.1.0.17), ReplicationConfig: RATIS/THREE, State:ALLOCATED, leaderId:, CreationTimestamp2023-09-13T06:49:06.319Z[Etc/UTC]]
2023-09-13 06:49:06,324 [RatisPipelineUtilsThread - 0] INFO  pipeline.RatisPipelineProvider (RatisPipelineProvider.java:lambda$create$0(206)) - Sending CreatePipelineCommand for pipeline:PipelineID=f73d2d31-7e64-402d-88b2-36301351904d to datanode:53aa52bb-3302-49c8-8741-f934a8213f44
2023-09-13 06:49:06,324 [RatisPipelineUtilsThread - 0] INFO  pipeline.RatisPipelineProvider (RatisPipelineProvider.java:lambda$create$0(206)) - Sending CreatePipelineCommand for pipeline:PipelineID=f73d2d31-7e64-402d-88b2-36301351904d to datanode:d28f76a2-0ae6-4755-86d6-e75b9d48a44d
2023-09-13 06:49:06,324 [RatisPipelineUtilsThread - 0] INFO  pipeline.RatisPipelineProvider (RatisPipelineProvider.java:lambda$create$0(206)) - Sending CreatePipelineCommand for pipeline:PipelineID=f73d2d31-7e64-402d-88b2-36301351904d to datanode:095205e7-1161-4289-a78b-dd2bf4a5be02
2023-09-13 06:49:06,326 [RatisPipelineUtilsThread - 0] INFO  pipeline.PipelineManagerImpl (PipelineManagerImpl.java:recordMetricsForPipeline(895)) - Pipeline: PipelineID=f73d2d31-7e64-402d-88b2-36301351904d contains same datanodes as previous pipelines: PipelineID=e349e6d4-40f9-4e99-996b-3544293c3ac0 nodeIds: 53aa52bb-3302-49c8-8741-f934a8213f44, d28f76a2-0ae6-4755-86d6-e75b9d48a44d, 095205e7-1161-4289-a78b-dd2bf4a5be02
2023-09-13 06:49:06,326 [RatisPipelineUtilsThread - 0] INFO  pipeline.BackgroundPipelineCreator (BackgroundPipelineCreator.java:createPipelines(233)) - Created new pipeline Pipeline[ Id: f73d2d31-7e64-402d-88b2-36301351904d, Nodes: 53aa52bb-3302-49c8-8741-f934a8213f44(fv-az460-410.k2d41ockulnezl353eucldp3of.dx.internal.cloudapp.net/10.1.0.17)d28f76a2-0ae6-4755-86d6-e75b9d48a44d(fv-az460-410.k2d41ockulnezl353eucldp3of.dx.internal.cloudapp.net/10.1.0.17)095205e7-1161-4289-a78b-dd2bf4a5be02(fv-az460-410.k2d41ockulnezl353eucldp3of.dx.internal.cloudapp.net/10.1.0.17), ReplicationConfig: RATIS/THREE, State:ALLOCATED, leaderId:, CreationTimestamp2023-09-13T06:49:06.324Z[Etc/UTC]]
2023-09-13 06:49:06,695 [IPC Server handler 3 on default port 15002] INFO  net.NetworkTopologyImpl (NetworkTopologyImpl.java:add(112)) - Added a new node: /default-rack/6f324be3-7c3f-481f-84d2-849e9673b06a
2023-09-13 06:49:06,696 [IPC Server handler 3 on default port 15002] INFO  node.SCMNodeManager (SCMNodeManager.java:register(405)) - Registered Data node : 6f324be3-7c3f-481f-84d2-849e9673b06a{ip: 10.1.0.17, host: fv-az460-410.k2d41ockulnezl353eucldp3of.dx.internal.cloudapp.net, ports: [HTTP=15036, CLIENT_RPC=15037, REPLICATION=15043, RATIS=15039, RATIS_ADMIN=15040, RATIS_SERVER=15041, RATIS_DATASTREAM=15042, STANDALONE=15038], networkLocation: /default-rack, certSerialId: null, persistedOpState: null, persistedOpStateExpiryEpochSec: 0}
2023-09-13 06:49:06,697 [EventQueue-NewNodeForNewNodeHandler] INFO  pipeline.BackgroundPipelineCreator (BackgroundPipelineCreator.java:notifyEventTriggered(277)) - trigger a one-shot run on RatisPipelineUtilsThread.
2023-09-13 06:49:06,698 [RatisPipelineUtilsThread - 0] INFO  pipeline.RatisPipelineProvider (RatisPipelineProvider.java:lambda$create$0(206)) - Sending CreatePipelineCommand for pipeline:PipelineID=bc8147a1-a957-48ca-a881-5c76a3fd1e8d to datanode:6f324be3-7c3f-481f-84d2-849e9673b06a
2023-09-13 06:49:06,700 [RatisPipelineUtilsThread - 0] INFO  pipeline.BackgroundPipelineCreator (BackgroundPipelineCreator.java:createPipelines(233)) - Created new pipeline Pipeline[ Id: bc8147a1-a957-48ca-a881-5c76a3fd1e8d, Nodes: 6f324be3-7c3f-481f-84d2-849e9673b06a(fv-az460-410.k2d41ockulnezl353eucldp3of.dx.internal.cloudapp.net/10.1.0.17), ReplicationConfig: RATIS/ONE, State:ALLOCATED, leaderId:, CreationTimestamp2023-09-13T06:49:06.698Z[Etc/UTC]]
2023-09-13 06:49:07,037 [JUnit] INFO  ozone.MiniOzoneClusterImpl (MiniOzoneClusterImpl.java:lambda$waitForClusterToBeReady$0(224)) - Waiting for nodes to be ready. Got 4 of 5 DN Heartbeats.
2023-09-13 06:49:07,038 [JUnit] INFO  ozone.MiniOzoneClusterImpl (MiniOzoneClusterImpl.java:lambda$waitForClusterToBeReady$0(227)) - Waiting for cluster to exit safe mode
2023-09-13 06:49:07,038 [JUnit] INFO  ozone.MiniOzoneClusterImpl (MiniOzoneClusterImpl.java:lambda$waitForClusterToBeReady$0(229)) - SCM became leader
2023-09-13 06:49:07,041 [IPC Server handler 2 on default port 15002] INFO  net.NetworkTopologyImpl (NetworkTopologyImpl.java:add(112)) - Added a new node: /default-rack/a70ca69d-e87c-45fc-bc42-2c6096aaeb0f
2023-09-13 06:49:07,041 [IPC Server handler 2 on default port 15002] INFO  node.SCMNodeManager (SCMNodeManager.java:register(405)) - Registered Data node : a70ca69d-e87c-45fc-bc42-2c6096aaeb0f{ip: 10.1.0.17, host: fv-az460-410.k2d41ockulnezl353eucldp3of.dx.internal.cloudapp.net, ports: [HTTP=15045, CLIENT_RPC=15046, REPLICATION=15052, RATIS=15048, RATIS_ADMIN=15049, RATIS_SERVER=15050, RATIS_DATASTREAM=15051, STANDALONE=15047], networkLocation: /default-rack, certSerialId: null, persistedOpState: null, persistedOpStateExpiryEpochSec: 0}
2023-09-13 06:49:07,041 [EventQueue-NewNodeForNewNodeHandler] INFO  pipeline.BackgroundPipelineCreator (BackgroundPipelineCreator.java:notifyEventTriggered(277)) - trigger a one-shot run on RatisPipelineUtilsThread.
2023-09-13 06:49:07,042 [RatisPipelineUtilsThread - 0] INFO  pipeline.RatisPipelineProvider (RatisPipelineProvider.java:lambda$create$0(206)) - Sending CreatePipelineCommand for pipeline:PipelineID=921876a5-c96d-4e4d-bee3-c58063a2a852 to datanode:a70ca69d-e87c-45fc-bc42-2c6096aaeb0f
2023-09-13 06:49:07,044 [RatisPipelineUtilsThread - 0] INFO  pipeline.BackgroundPipelineCreator (BackgroundPipelineCreator.java:createPipelines(233)) - Created new pipeline Pipeline[ Id: 921876a5-c96d-4e4d-bee3-c58063a2a852, Nodes: a70ca69d-e87c-45fc-bc42-2c6096aaeb0f(fv-az460-410.k2d41ockulnezl353eucldp3of.dx.internal.cloudapp.net/10.1.0.17), ReplicationConfig: RATIS/ONE, State:ALLOCATED, leaderId:, CreationTimestamp2023-09-13T06:49:07.042Z[Etc/UTC]]
2023-09-13 06:49:08,038 [JUnit] INFO  ozone.MiniOzoneClusterImpl (MiniOzoneClusterImpl.java:lambda$waitForClusterToBeReady$0(224)) - Nodes are ready. Got 5 of 5 DN Heartbeats.
2023-09-13 06:49:08,038 [JUnit] INFO  ozone.MiniOzoneClusterImpl (MiniOzoneClusterImpl.java:lambda$waitForClusterToBeReady$0(227)) - Waiting for cluster to exit safe mode
2023-09-13 06:49:08,038 [JUnit] INFO  ozone.MiniOzoneClusterImpl (MiniOzoneClusterImpl.java:lambda$waitForClusterToBeReady$0(229)) - SCM became leader
2023-09-13 06:49:08,428 [PipelineCommandHandlerThread-0] INFO  server.RaftServer (RaftServerProxy.java:addNew(98)) - 53aa52bb-3302-49c8-8741-f934a8213f44: addNew group-0D5647AB4037:[53aa52bb-3302-49c8-8741-f934a8213f44|rpc:10.1.0.17:15014|admin:10.1.0.17:15013|client:10.1.0.17:15012|dataStream:10.1.0.17:15015|priority:1|startupRole:FOLLOWER] returns group-0D5647AB4037:java.util.concurrent.CompletableFuture@a63f5e6[Not completed]
2023-09-13 06:49:08,441 [53aa52bb-3302-49c8-8741-f934a8213f44-groupManagement] INFO  server.RaftServer$Division (RaftServerImpl.java:<init>(198)) - 53aa52bb-3302-49c8-8741-f934a8213f44: new RaftServerImpl for group-0D5647AB4037:[53aa52bb-3302-49c8-8741-f934a8213f44|rpc:10.1.0.17:15014|admin:10.1.0.17:15013|client:10.1.0.17:15012|dataStream:10.1.0.17:15015|priority:1|startupRole:FOLLOWER] with ContainerStateMachine:uninitialized
2023-09-13 06:49:08,441 [53aa52bb-3302-49c8-8741-f934a8213f44-groupManagement] INFO  server.RaftServerConfigKeys (ConfUtils.java:logGet(46)) - raft.server.rpc.timeout.min = 5s (custom)
2023-09-13 06:49:08,441 [53aa52bb-3302-49c8-8741-f934a8213f44-groupManagement] INFO  server.RaftServerConfigKeys (ConfUtils.java:logGet(46)) - raft.server.rpc.timeout.max = 5200ms (custom)
2023-09-13 06:49:08,441 [53aa52bb-3302-49c8-8741-f934a8213f44-groupManagement] INFO  server.RaftServerConfigKeys (ConfUtils.java:logGet(46)) - raft.server.rpc.sleep.time = 25ms (default)
2023-09-13 06:49:08,441 [53aa52bb-3302-49c8-8741-f934a8213f44-groupManagement] INFO  server.RaftServerConfigKeys (ConfUtils.java:logGet(46)) - raft.server.rpc.slowness.timeout = 300000ms (custom)
2023-09-13 06:49:08,441 [53aa52bb-3302-49c8-8741-f934a8213f44-groupManagement] INFO  server.RaftServerConfigKeys (ConfUtils.java:logGet(46)) - raft.server.leaderelection.leader.step-down.wait-time = 10s (default)
2023-09-13 06:49:08,441 [53aa52bb-3302-49c8-8741-f934a8213f44-groupManagement] INFO  server.RaftServerConfigKeys (ConfUtils.java:logGet(46)) - raft.server.sleep.deviation.threshold = 300ms (default)
2023-09-13 06:49:08,441 [53aa52bb-3302-49c8-8741-f934a8213f44-groupManagement] INFO  server.RaftServer$Division (ServerState.java:<init>(120)) - 53aa52bb-3302-49c8-8741-f934a8213f44@group-0D5647AB4037: ConfigurationManager, init=-1: peers:[53aa52bb-3302-49c8-8741-f934a8213f44|rpc:10.1.0.17:15014|admin:10.1.0.17:15013|client:10.1.0.17:15012|dataStream:10.1.0.17:15015|priority:1|startupRole:FOLLOWER]|listeners:[], old=null, confs=<EMPTY_MAP>
2023-09-13 06:49:08,441 [53aa52bb-3302-49c8-8741-f934a8213f44-groupManagement] INFO  server.RaftServerConfigKeys (ConfUtils.java:logGet(46)) - raft.server.storage.dir = [/home/runner/work/ozone/ozone/hadoop-ozone/integration-test/target/test-dir/MiniOzoneClusterImpl-e4211fca-df1e-4788-9bfe-f086778bfd1d/datanode-0/data/ratis] (custom)
2023-09-13 06:49:08,442 [53aa52bb-3302-49c8-8741-f934a8213f44-groupManagement] INFO  server.RaftServerConfigKeys (ConfUtils.java:logGet(46)) - raft.server.log.corruption.policy = EXCEPTION (default)
2023-09-13 06:49:08,442 [53aa52bb-3302-49c8-8741-f934a8213f44-groupManagement] INFO  server.RaftServerConfigKeys (ConfUtils.java:logGet(46)) - raft.server.storage.free-space.min = 0MB (=0) (default)
2023-09-13 06:49:08,442 [53aa52bb-3302-49c8-8741-f934a8213f44-groupManagement] INFO  server.RaftServerConfigKeys (ConfUtils.java:logGet(46)) - raft.server.notification.no-leader.timeout = 300000ms (custom)
2023-09-13 06:49:08,442 [53aa52bb-3302-49c8-8741-f934a8213f44-groupManagement] INFO  server.RaftServerConfigKeys (ConfUtils.java:logGet(46)) - raft.server.read.timeout = 10s (default)
2023-09-13 06:49:08,442 [53aa52bb-3302-49c8-8741-f934a8213f44-groupManagement] INFO  server.RaftServerConfigKeys (ConfUtils.java:logGet(46)) - raft.server.retrycache.expirytime = 600000ms (custom)
2023-09-13 06:49:08,442 [53aa52bb-3302-49c8-8741-f934a8213f44-groupManagement] INFO  server.RaftServerConfigKeys (ConfUtils.java:logGet(46)) - raft.server.retrycache.statistics.expirytime = 100μs (default)
2023-09-13 06:49:08,442 [53aa52bb-3302-49c8-8741-f934a8213f44-groupManagement] INFO  server.RaftServerConfigKeys (ConfUtils.java:logGet(46)) - raft.server.read.option = DEFAULT (default)
2023-09-13 06:49:08,445 [53aa52bb-3302-49c8-8741-f934a8213f44-groupManagement] INFO  server.RaftServerConfigKeys (ConfUtils.java:logGet(46)) - raft.server.rpc.request.timeout = 3000ms (default)
2023-09-13 06:49:08,445 [53aa52bb-3302-49c8-8741-f934a8213f44-groupManagement] INFO  server.RaftServerConfigKeys (ConfUtils.java:logGet(46)) - raft.server.log.appender.install.snapshot.enabled = false (custom)
2023-09-13 06:49:08,445 [53aa52bb-3302-49c8-8741-f934a8213f44-groupManagement] INFO  server.RaftServerConfigKeys (ConfUtils.java:logGet(46)) - raft.server.threadpool.server.cached = true (default)
2023-09-13 06:49:08,445 [53aa52bb-3302-49c8-8741-f934a8213f44-groupManagement] INFO  server.RaftServerConfigKeys (ConfUtils.java:logGet(46)) - raft.server.threadpool.server.size = 0 (default)
2023-09-13 06:49:08,445 [53aa52bb-3302-49c8-8741-f934a8213f44-groupManagement] INFO  server.RaftServerConfigKeys (ConfUtils.java:logGet(46)) - raft.server.threadpool.client.cached = true (default)
2023-09-13 06:49:08,445 [53aa52bb-3302-49c8-8741-f934a8213f44-groupManagement] INFO  server.RaftServerConfigKeys (ConfUtils.java:logGet(46)) - raft.server.threadpool.client.size = 0 (default)
2023-09-13 06:49:08,445 [53aa52bb-3302-49c8-8741-f934a8213f44-groupManagement] INFO  storage.RaftStorageDirectory (RaftStorageDirectoryImpl.java:analyzeStorage(137)) - The storage directory /home/runner/work/ozone/ozone/hadoop-ozone/integration-test/target/test-dir/MiniOzoneClusterImpl-e4211fca-df1e-4788-9bfe-f086778bfd1d/datanode-0/data/ratis/9ae4a2a3-7eea-4053-a21d-0d5647ab4037 does not exist. Creating ...
2023-09-13 06:49:08,448 [53aa52bb-3302-49c8-8741-f934a8213f44-groupManagement] INFO  storage.RaftStorageDirectory (RaftStorageDirectoryImpl.java:tryLock(231)) - Lock on /home/runner/work/ozone/ozone/hadoop-ozone/integration-test/target/test-dir/MiniOzoneClusterImpl-e4211fca-df1e-4788-9bfe-f086778bfd1d/datanode-0/data/ratis/9ae4a2a3-7eea-4053-a21d-0d5647ab4037/in_use.lock acquired by nodename 3839@fv-az460-410
2023-09-13 06:49:08,449 [53aa52bb-3302-49c8-8741-f934a8213f44-groupManagement] INFO  storage.RaftStorage (RaftStorageImpl.java:format(96)) - Storage directory /home/runner/work/ozone/ozone/hadoop-ozone/integration-test/target/test-dir/MiniOzoneClusterImpl-e4211fca-df1e-4788-9bfe-f086778bfd1d/datanode-0/data/ratis/9ae4a2a3-7eea-4053-a21d-0d5647ab4037 has been successfully formatted.
2023-09-13 06:49:08,455 [53aa52bb-3302-49c8-8741-f934a8213f44-groupManagement] INFO  ratis.ContainerStateMachine (ContainerStateMachine.java:loadSnapshot(262)) - group-0D5647AB4037: The snapshot info is null. Setting the last applied indexto:(t:0, i:~)
2023-09-13 06:49:08,455 [53aa52bb-3302-49c8-8741-f934a8213f44-groupManagement] INFO  server.RaftServerConfigKeys (ConfUtils.java:logGet(46)) - raft.server.log.use.memory = false (default)
2023-09-13 06:49:08,455 [53aa52bb-3302-49c8-8741-f934a8213f44-groupManagement] INFO  server.RaftServerConfigKeys (ConfUtils.java:logGet(46)) - raft.server.log.purge.gap = 1000000 (custom)
2023-09-13 06:49:08,456 [53aa52bb-3302-49c8-8741-f934a8213f44-groupManagement] INFO  server.RaftServerConfigKeys (ConfUtils.java:logGet(46)) - raft.server.log.appender.buffer.byte-limit = 33554432 (custom)
2023-09-13 06:49:08,456 [53aa52bb-3302-49c8-8741-f934a8213f44-groupManagement] INFO  server.RaftServerConfigKeys (ConfUtils.java:logGet(46)) - raft.server.log.statemachine.data.read.timeout = 1000ms (default)
2023-09-13 06:49:08,456 [53aa52bb-3302-49c8-8741-f934a8213f44-groupManagement] INFO  server.RaftServerConfigKeys (ConfUtils.java:logGet(46)) - raft.server.log.purge.preservation.log.num = 0 (default)
2023-09-13 06:49:08,456 [53aa52bb-3302-49c8-8741-f934a8213f44-groupManagement] INFO  server.RaftServerConfigKeys (ConfUtils.java:logGet(46)) - raft.server.log.segment.size.max = 1048576 (custom)
2023-09-13 06:49:08,457 [53aa52bb-3302-49c8-8741-f934a8213f44-groupManagement] INFO  server.RaftServerConfigKeys (ConfUtils.java:logGet(46)) - raft.server.log.segment.cache.num.max = 2 (custom)
2023-09-13 06:49:08,457 [53aa52bb-3302-49c8-8741-f934a8213f44-groupManagement] INFO  server.RaftServerConfigKeys (ConfUtils.java:logGet(46)) - raft.server.log.segment.cache.size.max = 200MB (=209715200) (default)
2023-09-13 06:49:08,457 [53aa52bb-3302-49c8-8741-f934a8213f44-groupManagement] INFO  server.RaftServerConfigKeys (ConfUtils.java:logGet(46)) - raft.server.log.appender.buffer.byte-limit = 33554432 (custom)
2023-09-13 06:49:08,457 [53aa52bb-3302-49c8-8741-f934a8213f44-groupManagement] INFO  segmented.SegmentedRaftLogWorker (SegmentedRaftLogWorker.java:<init>(188)) - new 53aa52bb-3302-49c8-8741-f934a8213f44@group-0D5647AB4037-SegmentedRaftLogWorker for RaftStorageImpl:Storage Directory /home/runner/work/ozone/ozone/hadoop-ozone/integration-test/target/test-dir/MiniOzoneClusterImpl-e4211fca-df1e-4788-9bfe-f086778bfd1d/datanode-0/data/ratis/9ae4a2a3-7eea-4053-a21d-0d5647ab4037
2023-09-13 06:49:08,457 [53aa52bb-3302-49c8-8741-f934a8213f44-groupManagement] INFO  server.RaftServerConfigKeys (ConfUtils.java:logGet(46)) - raft.server.log.queue.byte-limit = 4294967296 (custom)
2023-09-13 06:49:08,457 [53aa52bb-3302-49c8-8741-f934a8213f44-groupManagement] INFO  server.RaftServerConfigKeys (ConfUtils.java:logGet(46)) - raft.server.log.queue.element-limit = 1024 (custom)
2023-09-13 06:49:08,457 [53aa52bb-3302-49c8-8741-f934a8213f44-groupManagement] INFO  server.RaftServerConfigKeys (ConfUtils.java:logGet(46)) - raft.server.log.segment.size.max = 1048576 (custom)
2023-09-13 06:49:08,457 [53aa52bb-3302-49c8-8741-f934a8213f44-groupManagement] INFO  server.RaftServerConfigKeys (ConfUtils.java:logGet(46)) - raft.server.log.preallocated.size = 16384 (custom)
2023-09-13 06:49:08,457 [53aa52bb-3302-49c8-8741-f934a8213f44-groupManagement] INFO  server.RaftServerConfigKeys (ConfUtils.java:logGet(46)) - raft.server.log.force.sync.num = 128 (default)
2023-09-13 06:49:08,457 [53aa52bb-3302-49c8-8741-f934a8213f44-groupManagement] INFO  server.RaftServerConfigKeys (ConfUtils.java:logGet(46)) - raft.server.log.statemachine.data.sync = true (default)
2023-09-13 06:49:08,457 [53aa52bb-3302-49c8-8741-f934a8213f44-groupManagement] INFO  server.RaftServerConfigKeys (ConfUtils.java:logGet(46)) - raft.server.log.statemachine.data.sync.timeout = 10s (default)
2023-09-13 06:49:08,457 [53aa52bb-3302-49c8-8741-f934a8213f44-groupManagement] INFO  server.RaftServerConfigKeys (ConfUtils.java:logGet(46)) - raft.server.log.statemachine.data.sync.timeout.retry = -1 (default)
2023-09-13 06:49:08,459 [53aa52bb-3302-49c8-8741-f934a8213f44-groupManagement] INFO  server.RaftServerConfigKeys (ConfUtils.java:logGet(46)) - raft.server.log.write.buffer.size = 1048576 (custom)
2023-09-13 06:49:08,460 [53aa52bb-3302-49c8-8741-f934a8213f44-groupManagement] INFO  server.RaftServerConfigKeys (ConfUtils.java:logGet(46)) - raft.server.log.appender.buffer.byte-limit = 33554432 (custom)
2023-09-13 06:49:08,466 [53aa52bb-3302-49c8-8741-f934a8213f44-groupManagement] INFO  server.RaftServerConfigKeys (ConfUtils.java:logGet(46)) - raft.server.log.unsafe-flush.enabled = false (default)
2023-09-13 06:49:08,466 [53aa52bb-3302-49c8-8741-f934a8213f44-groupManagement] INFO  server.RaftServerConfigKeys (ConfUtils.java:logGet(46)) - raft.server.log.async-flush.enabled = false (default)
2023-09-13 06:49:08,466 [53aa52bb-3302-49c8-8741-f934a8213f44-groupManagement] INFO  server.RaftServerConfigKeys (ConfUtils.java:logGet(46)) - raft.server.log.statemachine.data.caching.enabled = true (custom)
2023-09-13 06:49:08,466 [53aa52bb-3302-49c8-8741-f934a8213f44-groupManagement] INFO  segmented.SegmentedRaftLogWorker (SegmentedRaftLogWorker.java:lambda$new$0(135)) - 53aa52bb-3302-49c8-8741-f934a8213f44@group-0D5647AB4037-SegmentedRaftLogWorker: flushIndex: setUnconditionally 0 -> -1
2023-09-13 06:49:08,466 [53aa52bb-3302-49c8-8741-f934a8213f44-groupManagement] INFO  segmented.SegmentedRaftLogWorker (SegmentedRaftLogWorker.java:lambda$new$0(135)) - 53aa52bb-3302-49c8-8741-f934a8213f44@group-0D5647AB4037-SegmentedRaftLogWorker: safeCacheEvictIndex: setUnconditionally 0 -> -1
2023-09-13 06:49:08,467 [53aa52bb-3302-49c8-8741-f934a8213f44-groupManagement] INFO  server.RaftServer$Division (RaftServerImpl.java:start(342)) - 53aa52bb-3302-49c8-8741-f934a8213f44@group-0D5647AB4037: start as a follower, conf=-1: peers:[53aa52bb-3302-49c8-8741-f934a8213f44|rpc:10.1.0.17:15014|admin:10.1.0.17:15013|client:10.1.0.17:15012|dataStream:10.1.0.17:15015|priority:1|startupRole:FOLLOWER]|listeners:[], old=null
2023-09-13 06:49:08,467 [53aa52bb-3302-49c8-8741-f934a8213f44-groupManagement] INFO  server.RaftServer$Division (RaftServerImpl.java:setRole(329)) - 53aa52bb-3302-49c8-8741-f934a8213f44@group-0D5647AB4037: changes role from      null to FOLLOWER at term 0 for startAsFollower
2023-09-13 06:49:08,467 [53aa52bb-3302-49c8-8741-f934a8213f44-groupManagement] INFO  impl.RoleInfo (RoleInfo.java:updateAndGet(139)) - 53aa52bb-3302-49c8-8741-f934a8213f44: start 53aa52bb-3302-49c8-8741-f934a8213f44@group-0D5647AB4037-FollowerState
2023-09-13 06:49:08,469 [53aa52bb-3302-49c8-8741-f934a8213f44-groupManagement] INFO  util.JmxRegister (JmxRegister.java:tryRegister(44)) - Successfully registered JMX Bean with object name Ratis:service=RaftServer,group=group-0D5647AB4037,id=53aa52bb-3302-49c8-8741-f934a8213f44
2023-09-13 06:49:08,469 [53aa52bb-3302-49c8-8741-f934a8213f44-groupManagement] INFO  server.RaftServerConfigKeys (ConfUtils.java:logGet(46)) - raft.server.snapshot.auto.trigger.enabled = true (custom)
2023-09-13 06:49:08,469 [53aa52bb-3302-49c8-8741-f934a8213f44-groupManagement] INFO  server.RaftServerConfigKeys (ConfUtils.java:logGet(46)) - raft.server.snapshot.auto.trigger.threshold = 10000 (custom)
2023-09-13 06:49:08,469 [53aa52bb-3302-49c8-8741-f934a8213f44-groupManagement] INFO  server.RaftServerConfigKeys (ConfUtils.java:logGet(46)) - raft.server.snapshot.retention.file.num = 5 (custom)
2023-09-13 06:49:08,469 [53aa52bb-3302-49c8-8741-f934a8213f44-groupManagement] INFO  server.RaftServerConfigKeys (ConfUtils.java:logGet(46)) - raft.server.log.purge.upto.snapshot.index = false (default)
2023-09-13 06:49:08,471 [53aa52bb-3302-49c8-8741-f934a8213f44@group-0D5647AB4037-FollowerState] INFO  server.RaftServerConfigKeys (ConfUtils.java:logFallback(53)) - raft.server.rpc.first-election.timeout.min = 5s (fallback to raft.server.rpc.timeout.min)
2023-09-13 06:49:08,471 [53aa52bb-3302-49c8-8741-f934a8213f44@group-0D5647AB4037-FollowerState] INFO  server.RaftServerConfigKeys (ConfUtils.java:logFallback(53)) - raft.server.rpc.first-election.timeout.max = 5200ms (fallback to raft.server.rpc.timeout.max)
2023-09-13 06:49:08,485 [PipelineCommandHandlerThread-0] INFO  ratis.XceiverServerRatis (XceiverServerRatis.java:addGroup(804)) - Created group PipelineID=9ae4a2a3-7eea-4053-a21d-0d5647ab4037
2023-09-13 06:49:08,486 [EventQueue-PipelineReportForPipelineReportHandler] INFO  pipeline.PipelineReportHandler (PipelineReportHandler.java:processPipelineReport(136)) - Opened pipeline PipelineID=9ae4a2a3-7eea-4053-a21d-0d5647ab4037
2023-09-13 06:49:08,487 [EventQueue-OpenPipelineForHealthyPipelineSafeModeRule] INFO  safemode.SCMSafeModeManager (HealthyPipelineSafeModeRule.java:process(137)) - SCM in safe mode. Healthy pipelines reported count is 0, required healthy pipeline reported count is 1
2023-09-13 06:49:08,488 [PipelineCommandHandlerThread-0] INFO  commandhandler.CreatePipelineCommandHandler (CreatePipelineCommandHandler.java:lambda$handle$2(124)) - Created Pipeline RATIS ONE PipelineID=9ae4a2a3-7eea-4053-a21d-0d5647ab4037.
2023-09-13 06:49:08,488 [PipelineCommandHandlerThread-0] INFO  server.RaftServer (RaftServerProxy.java:addNew(98)) - 53aa52bb-3302-49c8-8741-f934a8213f44: addNew group-3544293C3AC0:[53aa52bb-3302-49c8-8741-f934a8213f44|rpc:10.1.0.17:15014|admin:10.1.0.17:15013|client:10.1.0.17:15012|dataStream:10.1.0.17:15015|priority:0|startupRole:FOLLOWER, d28f76a2-0ae6-4755-86d6-e75b9d48a44d|rpc:10.1.0.17:15032|admin:10.1.0.17:15031|client:10.1.0.17:15030|dataStream:10.1.0.17:15033|priority:1|startupRole:FOLLOWER, 095205e7-1161-4289-a78b-dd2bf4a5be02|rpc:10.1.0.17:15023|admin:10.1.0.17:15022|client:10.1.0.17:15021|dataStream:10.1.0.17:15024|priority:0|startupRole:FOLLOWER] returns group-3544293C3AC0:java.util.concurrent.CompletableFuture@3e3bf278[Not completed]
2023-09-13 06:49:08,491 [53aa52bb-3302-49c8-8741-f934a8213f44-groupManagement] INFO  server.RaftServer$Division (RaftServerImpl.java:<init>(198)) - 53aa52bb-3302-49c8-8741-f934a8213f44: new RaftServerImpl for group-3544293C3AC0:[53aa52bb-3302-49c8-8741-f934a8213f44|rpc:10.1.0.17:15014|admin:10.1.0.17:15013|client:10.1.0.17:15012|dataStream:10.1.0.17:15015|priority:0|startupRole:FOLLOWER, d28f76a2-0ae6-4755-86d6-e75b9d48a44d|rpc:10.1.0.17:15032|admin:10.1.0.17:15031|client:10.1.0.17:15030|dataStream:10.1.0.17:15033|priority:1|startupRole:FOLLOWER, 095205e7-1161-4289-a78b-dd2bf4a5be02|rpc:10.1.0.17:15023|admin:10.1.0.17:15022|client:10.1.0.17:15021|dataStream:10.1.0.17:15024|priority:0|startupRole:FOLLOWER] with ContainerStateMachine:uninitialized
2023-09-13 06:49:08,491 [53aa52bb-3302-49c8-8741-f934a8213f44-groupManagement] INFO  server.RaftServerConfigKeys (ConfUtils.java:logGet(46)) - raft.server.rpc.timeout.min = 5s (custom)
2023-09-13 06:49:08,491 [53aa52bb-3302-49c8-8741-f934a8213f44-groupManagement] INFO  server.RaftServerConfigKeys (ConfUtils.java:logGet(46)) - raft.server.rpc.timeout.max = 5200ms (custom)
2023-09-13 06:49:08,491 [53aa52bb-3302-49c8-8741-f934a8213f44-groupManagement] INFO  server.RaftServerConfigKeys (ConfUtils.java:logGet(46)) - raft.server.rpc.sleep.time = 25ms (default)
2023-09-13 06:49:08,491 [53aa52bb-3302-49c8-8741-f934a8213f44-groupManagement] INFO  server.RaftServerConfigKeys (ConfUtils.java:logGet(46)) - raft.server.rpc.slowness.timeout = 300000ms (custom)
2023-09-13 06:49:08,492 [53aa52bb-3302-49c8-8741-f934a8213f44-groupManagement] INFO  server.RaftServerConfigKeys (ConfUtils.java:logGet(46)) - raft.server.leaderelection.leader.step-down.wait-time = 10s (default)
2023-09-13 06:49:08,492 [53aa52bb-3302-49c8-8741-f934a8213f44-groupManagement] INFO  server.RaftServerConfigKeys (ConfUtils.java:logGet(46)) - raft.server.sleep.deviation.threshold = 300ms (default)
2023-09-13 06:49:08,492 [53aa52bb-3302-49c8-8741-f934a8213f44-groupManagement] INFO  server.RaftServer$Division (ServerState.java:<init>(120)) - 53aa52bb-3302-49c8-8741-f934a8213f44@group-3544293C3AC0: ConfigurationManager, init=-1: peers:[53aa52bb-3302-49c8-8741-f934a8213f44|rpc:10.1.0.17:15014|admin:10.1.0.17:15013|client:10.1.0.17:15012|dataStream:10.1.0.17:15015|priority:0|startupRole:FOLLOWER, d28f76a2-0ae6-4755-86d6-e75b9d48a44d|rpc:10.1.0.17:15032|admin:10.1.0.17:15031|client:10.1.0.17:15030|dataStream:10.1.0.17:15033|priority:1|startupRole:FOLLOWER, 095205e7-1161-4289-a78b-dd2bf4a5be02|rpc:10.1.0.17:15023|admin:10.1.0.17:15022|client:10.1.0.17:15021|dataStream:10.1.0.17:15024|priority:0|startupRole:FOLLOWER]|listeners:[], old=null, confs=<EMPTY_MAP>
2023-09-13 06:49:08,492 [53aa52bb-3302-49c8-8741-f934a8213f44-groupManagement] INFO  server.RaftServerConfigKeys (ConfUtils.java:logGet(46)) - raft.server.storage.dir = [/home/runner/work/ozone/ozone/hadoop-ozone/integration-test/target/test-dir/MiniOzoneClusterImpl-e4211fca-df1e-4788-9bfe-f086778bfd1d/datanode-0/data/ratis] (custom)
2023-09-13 06:49:08,492 [53aa52bb-3302-49c8-8741-f934a8213f44-groupManagement] INFO  server.RaftServerConfigKeys (ConfUtils.java:logGet(46)) - raft.server.log.corruption.policy = EXCEPTION (default)
2023-09-13 06:49:08,492 [53aa52bb-3302-49c8-8741-f934a8213f44-groupManagement] INFO  server.RaftServerConfigKeys (ConfUtils.java:logGet(46)) - raft.server.storage.free-space.min = 0MB (=0) (default)
2023-09-13 06:49:08,492 [53aa52bb-3302-49c8-8741-f934a8213f44-groupManagement] INFO  server.RaftServerConfigKeys (ConfUtils.java:logGet(46)) - raft.server.notification.no-leader.timeout = 300000ms (custom)
2023-09-13 06:49:08,492 [53aa52bb-3302-49c8-8741-f934a8213f44-groupManagement] INFO  server.RaftServerConfigKeys (ConfUtils.java:logGet(46)) - raft.server.read.timeout = 10s (default)
2023-09-13 06:49:08,493 [53aa52bb-3302-49c8-8741-f934a8213f44-groupManagement] INFO  server.RaftServerConfigKeys (ConfUtils.java:logGet(46)) - raft.server.retrycache.expirytime = 600000ms (custom)
2023-09-13 06:49:08,493 [53aa52bb-3302-49c8-8741-f934a8213f44-groupManagement] INFO  server.RaftServerConfigKeys (ConfUtils.java:logGet(46)) - raft.server.retrycache.statistics.expirytime = 100μs (default)
2023-09-13 06:49:08,493 [53aa52bb-3302-49c8-8741-f934a8213f44-groupManagement] INFO  server.RaftServerConfigKeys (ConfUtils.java:logGet(46)) - raft.server.read.option = DEFAULT (default)
2023-09-13 06:49:08,495 [53aa52bb-3302-49c8-8741-f934a8213f44-groupManagement] INFO  server.RaftServerConfigKeys (ConfUtils.java:logGet(46)) - raft.server.rpc.request.timeout = 3000ms (default)
2023-09-13 06:49:08,495 [53aa52bb-3302-49c8-8741-f934a8213f44-groupManagement] INFO  server.RaftServerConfigKeys (ConfUtils.java:logGet(46)) - raft.server.log.appender.install.snapshot.enabled = false (custom)
2023-09-13 06:49:08,495 [53aa52bb-3302-49c8-8741-f934a8213f44-groupManagement] INFO  server.RaftServerConfigKeys (ConfUtils.java:logGet(46)) - raft.server.threadpool.server.cached = true (default)
2023-09-13 06:49:08,495 [53aa52bb-3302-49c8-8741-f934a8213f44-groupManagement] INFO  server.RaftServerConfigKeys (ConfUtils.java:logGet(46)) - raft.server.threadpool.server.size = 0 (default)
2023-09-13 06:49:08,495 [53aa52bb-3302-49c8-8741-f934a8213f44-groupManagement] INFO  server.RaftServerConfigKeys (ConfUtils.java:logGet(46)) - raft.server.threadpool.client.cached = true (default)
2023-09-13 06:49:08,495 [53aa52bb-3302-49c8-8741-f934a8213f44-groupManagement] INFO  server.RaftServerConfigKeys (ConfUtils.java:logGet(46)) - raft.server.threadpool.client.size = 0 (default)
2023-09-13 06:49:08,495 [53aa52bb-3302-49c8-8741-f934a8213f44-groupManagement] INFO  storage.RaftStorageDirectory (RaftStorageDirectoryImpl.java:analyzeStorage(137)) - The storage directory /home/runner/work/ozone/ozone/hadoop-ozone/integration-test/target/test-dir/MiniOzoneClusterImpl-e4211fca-df1e-4788-9bfe-f086778bfd1d/datanode-0/data/ratis/e349e6d4-40f9-4e99-996b-3544293c3ac0 does not exist. Creating ...
2023-09-13 06:49:08,497 [53aa52bb-3302-49c8-8741-f934a8213f44-groupManagement] INFO  storage.RaftStorageDirectory (RaftStorageDirectoryImpl.java:tryLock(231)) - Lock on /home/runner/work/ozone/ozone/hadoop-ozone/integration-test/target/test-dir/MiniOzoneClusterImpl-e4211fca-df1e-4788-9bfe-f086778bfd1d/datanode-0/data/ratis/e349e6d4-40f9-4e99-996b-3544293c3ac0/in_use.lock acquired by nodename 3839@fv-az460-410
2023-09-13 06:49:08,499 [53aa52bb-3302-49c8-8741-f934a8213f44-groupManagement] INFO  storage.RaftStorage (RaftStorageImpl.java:format(96)) - Storage directory /home/runner/work/ozone/ozone/hadoop-ozone/integration-test/target/test-dir/MiniOzoneClusterImpl-e4211fca-df1e-4788-9bfe-f086778bfd1d/datanode-0/data/ratis/e349e6d4-40f9-4e99-996b-3544293c3ac0 has been successfully formatted.
2023-09-13 06:49:08,499 [53aa52bb-3302-49c8-8741-f934a8213f44-groupManagement] INFO  ratis.ContainerStateMachine (ContainerStateMachine.java:loadSnapshot(262)) - group-3544293C3AC0: The snapshot info is null. Setting the last applied indexto:(t:0, i:~)
2023-09-13 06:49:08,499 [53aa52bb-3302-49c8-8741-f934a8213f44-groupManagement] INFO  server.RaftServerConfigKeys (ConfUtils.java:logGet(46)) - raft.server.log.use.memory = false (default)
2023-09-13 06:49:08,499 [53aa52bb-3302-49c8-8741-f934a8213f44-groupManagement] INFO  server.RaftServerConfigKeys (ConfUtils.java:logGet(46)) - raft.server.log.purge.gap = 1000000 (custom)
2023-09-13 06:49:08,499 [53aa52bb-3302-49c8-8741-f934a8213f44-groupManagement] INFO  server.RaftServerConfigKeys (ConfUtils.java:logGet(46)) - raft.server.log.appender.buffer.byte-limit = 33554432 (custom)
2023-09-13 06:49:08,499 [53aa52bb-3302-49c8-8741-f934a8213f44-groupManagement] INFO  server.RaftServerConfigKeys (ConfUtils.java:logGet(46)) - raft.server.log.statemachine.data.read.timeout = 1000ms (default)
2023-09-13 06:49:08,500 [53aa52bb-3302-49c8-8741-f934a8213f44-groupManagement] INFO  server.RaftServerConfigKeys (ConfUtils.java:logGet(46)) - raft.server.log.purge.preservation.log.num = 0 (default)
2023-09-13 06:49:08,500 [53aa52bb-3302-49c8-8741-f934a8213f44-groupManagement] INFO  server.RaftServerConfigKeys (ConfUtils.java:logGet(46)) - raft.server.log.segment.size.max = 1048576 (custom)
2023-09-13 06:49:08,501 [53aa52bb-3302-49c8-8741-f934a8213f44-groupManagement] INFO  server.RaftServerConfigKeys (ConfUtils.java:logGet(46)) - raft.server.log.segment.cache.num.max = 2 (custom)
2023-09-13 06:49:08,501 [53aa52bb-3302-49c8-8741-f934a8213f44-groupManagement] INFO  server.RaftServerConfigKeys (ConfUtils.java:logGet(46)) - raft.server.log.segment.cache.size.max = 200MB (=209715200) (default)
2023-09-13 06:49:08,501 [53aa52bb-3302-49c8-8741-f934a8213f44-groupManagement] INFO  server.RaftServerConfigKeys (ConfUtils.java:logGet(46)) - raft.server.log.appender.buffer.byte-limit = 33554432 (custom)
2023-09-13 06:49:08,502 [EventQueue-OpenPipelineForHealthyPipelineSafeModeRule] INFO  safemode.SCMSafeModeManager (HealthyPipelineSafeModeRule.java:process(137)) - SCM in safe mode. Healthy pipelines reported count is 0, required healthy pipeline reported count is 1
2023-09-13 06:49:08,502 [53aa52bb-3302-49c8-8741-f934a8213f44-groupManagement] INFO  segmented.SegmentedRaftLogWorker (SegmentedRaftLogWorker.java:<init>(188)) - new 53aa52bb-3302-49c8-8741-f934a8213f44@group-3544293C3AC0-SegmentedRaftLogWorker for RaftStorageImpl:Storage Directory /home/runner/work/ozone/ozone/hadoop-ozone/integration-test/target/test-dir/MiniOzoneClusterImpl-e4211fca-df1e-4788-9bfe-f086778bfd1d/datanode-0/data/ratis/e349e6d4-40f9-4e99-996b-3544293c3ac0
2023-09-13 06:49:08,502 [53aa52bb-3302-49c8-8741-f934a8213f44-groupManagement] INFO  server.RaftServerConfigKeys (ConfUtils.java:logGet(46)) - raft.server.log.queue.byte-limit = 4294967296 (custom)
2023-09-13 06:49:08,502 [53aa52bb-3302-49c8-8741-f934a8213f44-groupManagement] INFO  server.RaftServerConfigKeys (ConfUtils.java:logGet(46)) - raft.server.log.queue.element-limit = 1024 (custom)
2023-09-13 06:49:08,502 [53aa52bb-3302-49c8-8741-f934a8213f44-groupManagement] INFO  server.RaftServerConfigKeys (ConfUtils.java:logGet(46)) - raft.server.log.segment.size.max = 1048576 (custom)
2023-09-13 06:49:08,502 [53aa52bb-3302-49c8-8741-f934a8213f44-groupManagement] INFO  server.RaftServerConfigKeys (ConfUtils.java:logGet(46)) - raft.server.log.preallocated.size = 16384 (custom)
2023-09-13 06:49:08,502 [53aa52bb-3302-49c8-8741-f934a8213f44-groupManagement] INFO  server.RaftServerConfigKeys (ConfUtils.java:logGet(46)) - raft.server.log.force.sync.num = 128 (default)
2023-09-13 06:49:08,502 [53aa52bb-3302-49c8-8741-f934a8213f44-groupManagement] INFO  server.RaftServerConfigKeys (ConfUtils.java:logGet(46)) - raft.server.log.statemachine.data.sync = true (default)
2023-09-13 06:49:08,502 [53aa52bb-3302-49c8-8741-f934a8213f44-groupManagement] INFO  server.RaftServerConfigKeys (ConfUtils.java:logGet(46)) - raft.server.log.statemachine.data.sync.timeout = 10s (default)
2023-09-13 06:49:08,503 [53aa52bb-3302-49c8-8741-f934a8213f44-groupManagement] INFO  server.RaftServerConfigKeys (ConfUtils.java:logGet(46)) - raft.server.log.statemachine.data.sync.timeout.retry = -1 (default)
2023-09-13 06:49:08,504 [53aa52bb-3302-49c8-8741-f934a8213f44-groupManagement] INFO  server.RaftServerConfigKeys (ConfUtils.java:logGet(46)) - raft.server.log.write.buffer.size = 1048576 (custom)
2023-09-13 06:49:08,505 [53aa52bb-3302-49c8-8741-f934a8213f44-groupManagement] INFO  server.RaftServerConfigKeys (ConfUtils.java:logGet(46)) - raft.server.log.appender.buffer.byte-limit = 33554432 (custom)
2023-09-13 06:49:08,510 [53aa52bb-3302-49c8-8741-f934a8213f44-groupManagement] INFO  server.RaftServerConfigKeys (ConfUtils.java:logGet(46)) - raft.server.log.unsafe-flush.enabled = false (default)
2023-09-13 06:49:08,511 [53aa52bb-3302-49c8-8741-f934a8213f44-groupManagement] INFO  server.RaftServerConfigKeys (ConfUtils.java:logGet(46)) - raft.server.log.async-flush.enabled = false (default)
2023-09-13 06:49:08,511 [53aa52bb-3302-49c8-8741-f934a8213f44-groupManagement] INFO  server.RaftServerConfigKeys (ConfUtils.java:logGet(46)) - raft.server.log.statemachine.data.caching.enabled = true (custom)
2023-09-13 06:49:08,511 [53aa52bb-3302-49c8-8741-f934a8213f44-groupManagement] INFO  segmented.SegmentedRaftLogWorker (SegmentedRaftLogWorker.java:lambda$new$0(135)) - 53aa52bb-3302-49c8-8741-f934a8213f44@group-3544293C3AC0-SegmentedRaftLogWorker: flushIndex: setUnconditionally 0 -> -1
2023-09-13 06:49:08,511 [53aa52bb-3302-49c8-8741-f934a8213f44-groupManagement] INFO  segmented.SegmentedRaftLogWorker (SegmentedRaftLogWorker.java:lambda$new$0(135)) - 53aa52bb-3302-49c8-8741-f934a8213f44@group-3544293C3AC0-SegmentedRaftLogWorker: safeCacheEvictIndex: setUnconditionally 0 -> -1
2023-09-13 06:49:08,511 [53aa52bb-3302-49c8-8741-f934a8213f44-groupManagement] INFO  server.RaftServer$Division (RaftServerImpl.java:start(342)) - 53aa52bb-3302-49c8-8741-f934a8213f44@group-3544293C3AC0: start as a follower, conf=-1: peers:[53aa52bb-3302-49c8-8741-f934a8213f44|rpc:10.1.0.17:15014|admin:10.1.0.17:15013|client:10.1.0.17:15012|dataStream:10.1.0.17:15015|priority:0|startupRole:FOLLOWER, d28f76a2-0ae6-4755-86d6-e75b9d48a44d|rpc:10.1.0.17:15032|admin:10.1.0.17:15031|client:10.1.0.17:15030|dataStream:10.1.0.17:15033|priority:1|startupRole:FOLLOWER, 095205e7-1161-4289-a78b-dd2bf4a5be02|rpc:10.1.0.17:15023|admin:10.1.0.17:15022|client:10.1.0.17:15021|dataStream:10.1.0.17:15024|priority:0|startupRole:FOLLOWER]|listeners:[], old=null
2023-09-13 06:49:08,511 [53aa52bb-3302-49c8-8741-f934a8213f44-groupManagement] INFO  server.RaftServer$Division (RaftServerImpl.java:setRole(329)) - 53aa52bb-3302-49c8-8741-f934a8213f44@group-3544293C3AC0: changes role from      null to FOLLOWER at term 0 for startAsFollower
2023-09-13 06:49:08,511 [53aa52bb-3302-49c8-8741-f934a8213f44-groupManagement] INFO  impl.RoleInfo (RoleInfo.java:updateAndGet(139)) - 53aa52bb-3302-49c8-8741-f934a8213f44: start 53aa52bb-3302-49c8-8741-f934a8213f44@group-3544293C3AC0-FollowerState
2023-09-13 06:49:08,512 [53aa52bb-3302-49c8-8741-f934a8213f44-groupManagement] INFO  util.JmxRegister (JmxRegister.java:tryRegister(44)) - Successfully registered JMX Bean with object name Ratis:service=RaftServer,group=group-3544293C3AC0,id=53aa52bb-3302-49c8-8741-f934a8213f44
2023-09-13 06:49:08,512 [53aa52bb-3302-49c8-8741-f934a8213f44-groupManagement] INFO  server.RaftServerConfigKeys (ConfUtils.java:logGet(46)) - raft.server.snapshot.auto.trigger.enabled = true (custom)
2023-09-13 06:49:08,512 [53aa52bb-3302-49c8-8741-f934a8213f44-groupManagement] INFO  server.RaftServerConfigKeys (ConfUtils.java:logGet(46)) - raft.server.snapshot.auto.trigger.threshold = 10000 (custom)
2023-09-13 06:49:08,512 [53aa52bb-3302-49c8-8741-f934a8213f44-groupManagement] INFO  server.RaftServerConfigKeys (ConfUtils.java:logGet(46)) - raft.server.snapshot.retention.file.num = 5 (custom)
2023-09-13 06:49:08,512 [53aa52bb-3302-49c8-8741-f934a8213f44-groupManagement] INFO  server.RaftServerConfigKeys (ConfUtils.java:logGet(46)) - raft.server.log.purge.upto.snapshot.index = false (default)
2023-09-13 06:49:08,515 [53aa52bb-3302-49c8-8741-f934a8213f44@group-3544293C3AC0-FollowerState] INFO  server.RaftServerConfigKeys (ConfUtils.java:logFallback(53)) - raft.server.rpc.first-election.timeout.min = 5s (fallback to raft.server.rpc.timeout.min)
2023-09-13 06:49:08,518 [PipelineCommandHandlerThread-0] INFO  ratis.XceiverServerRatis (XceiverServerRatis.java:addGroup(804)) - Created group PipelineID=e349e6d4-40f9-4e99-996b-3544293c3ac0
2023-09-13 06:49:08,524 [53aa52bb-3302-49c8-8741-f934a8213f44@group-3544293C3AC0-FollowerState] INFO  server.RaftServerConfigKeys (ConfUtils.java:logFallback(53)) - raft.server.rpc.first-election.timeout.max = 5200ms (fallback to raft.server.rpc.timeout.max)
2023-09-13 06:49:08,947 [PipelineCommandHandlerThread-0] INFO  server.RaftServer (RaftServerProxy.java:addNew(98)) - 095205e7-1161-4289-a78b-dd2bf4a5be02: addNew group-B9693D60CA7E:[095205e7-1161-4289-a78b-dd2bf4a5be02|rpc:10.1.0.17:15023|admin:10.1.0.17:15022|client:10.1.0.17:15021|dataStream:10.1.0.17:15024|priority:1|startupRole:FOLLOWER] returns group-B9693D60CA7E:java.util.concurrent.CompletableFuture@7acd6ae0[Not completed]
2023-09-13 06:49:08,962 [095205e7-1161-4289-a78b-dd2bf4a5be02-groupManagement] INFO  server.RaftServer$Division (RaftServerImpl.java:<init>(198)) - 095205e7-1161-4289-a78b-dd2bf4a5be02: new RaftServerImpl for group-B9693D60CA7E:[095205e7-1161-4289-a78b-dd2bf4a5be02|rpc:10.1.0.17:15023|admin:10.1.0.17:15022|client:10.1.0.17:15021|dataStream:10.1.0.17:15024|priority:1|startupRole:FOLLOWER] with ContainerStateMachine:uninitialized
2023-09-13 06:49:08,963 [095205e7-1161-4289-a78b-dd2bf4a5be02-groupManagement] INFO  server.RaftServerConfigKeys (ConfUtils.java:logGet(46)) - raft.server.rpc.timeout.min = 5s (custom)
2023-09-13 06:49:08,963 [095205e7-1161-4289-a78b-dd2bf4a5be02-groupManagement] INFO  server.RaftServerConfigKeys (ConfUtils.java:logGet(46)) - raft.server.rpc.timeout.max = 5200ms (custom)
2023-09-13 06:49:08,967 [095205e7-1161-4289-a78b-dd2bf4a5be02-groupManagement] INFO  server.RaftServerConfigKeys (ConfUtils.java:logGet(46)) - raft.server.rpc.sleep.time = 25ms (default)
2023-09-13 06:49:08,967 [095205e7-1161-4289-a78b-dd2bf4a5be02-groupManagement] INFO  server.RaftServerConfigKeys (ConfUtils.java:logGet(46)) - raft.server.rpc.slowness.timeout = 300000ms (custom)
2023-09-13 06:49:08,967 [095205e7-1161-4289-a78b-dd2bf4a5be02-groupManagement] INFO  server.RaftServerConfigKeys (ConfUtils.java:logGet(46)) - raft.server.leaderelection.leader.step-down.wait-time = 10s (default)
2023-09-13 06:49:08,968 [095205e7-1161-4289-a78b-dd2bf4a5be02-groupManagement] INFO  server.RaftServerConfigKeys (ConfUtils.java:logGet(46)) - raft.server.sleep.deviation.threshold = 300ms (default)
2023-09-13 06:49:08,968 [095205e7-1161-4289-a78b-dd2bf4a5be02-groupManagement] INFO  server.RaftServer$Division (ServerState.java:<init>(120)) - 095205e7-1161-4289-a78b-dd2bf4a5be02@group-B9693D60CA7E: ConfigurationManager, init=-1: peers:[095205e7-1161-4289-a78b-dd2bf4a5be02|rpc:10.1.0.17:15023|admin:10.1.0.17:15022|client:10.1.0.17:15021|dataStream:10.1.0.17:15024|priority:1|startupRole:FOLLOWER]|listeners:[], old=null, confs=<EMPTY_MAP>
2023-09-13 06:49:08,968 [095205e7-1161-4289-a78b-dd2bf4a5be02-groupManagement] INFO  server.RaftServerConfigKeys (ConfUtils.java:logGet(46)) - raft.server.storage.dir = [/home/runner/work/ozone/ozone/hadoop-ozone/integration-test/target/test-dir/MiniOzoneClusterImpl-e4211fca-df1e-4788-9bfe-f086778bfd1d/datanode-1/data/ratis] (custom)
2023-09-13 06:49:08,969 [095205e7-1161-4289-a78b-dd2bf4a5be02-groupManagement] INFO  server.RaftServerConfigKeys (ConfUtils.java:logGet(46)) - raft.server.log.corruption.policy = EXCEPTION (default)
2023-09-13 06:49:08,969 [095205e7-1161-4289-a78b-dd2bf4a5be02-groupManagement] INFO  server.RaftServerConfigKeys (ConfUtils.java:logGet(46)) - raft.server.storage.free-space.min = 0MB (=0) (default)
2023-09-13 06:49:08,969 [095205e7-1161-4289-a78b-dd2bf4a5be02-groupManagement] INFO  server.RaftServerConfigKeys (ConfUtils.java:logGet(46)) - raft.server.notification.no-leader.timeout = 300000ms (custom)
2023-09-13 06:49:08,969 [095205e7-1161-4289-a78b-dd2bf4a5be02-groupManagement] INFO  server.RaftServerConfigKeys (ConfUtils.java:logGet(46)) - raft.server.read.timeout = 10s (default)
2023-09-13 06:49:08,969 [095205e7-1161-4289-a78b-dd2bf4a5be02-groupManagement] INFO  server.RaftServerConfigKeys (ConfUtils.java:logGet(46)) - raft.server.retrycache.expirytime = 600000ms (custom)
2023-09-13 06:49:08,969 [095205e7-1161-4289-a78b-dd2bf4a5be02-groupManagement] INFO  server.RaftServerConfigKeys (ConfUtils.java:logGet(46)) - raft.server.retrycache.statistics.expirytime = 100μs (default)
2023-09-13 06:49:08,969 [095205e7-1161-4289-a78b-dd2bf4a5be02-groupManagement] INFO  server.RaftServerConfigKeys (ConfUtils.java:logGet(46)) - raft.server.read.option = DEFAULT (default)
2023-09-13 06:49:08,992 [grpc-default-executor-0] INFO  server.RaftServer (RaftServerProxy.java:addNew(98)) - 095205e7-1161-4289-a78b-dd2bf4a5be02: addNew group-3544293C3AC0:[53aa52bb-3302-49c8-8741-f934a8213f44|rpc:10.1.0.17:15014|admin:10.1.0.17:15013|client:10.1.0.17:15012|dataStream:10.1.0.17:15015|priority:0|startupRole:FOLLOWER, d28f76a2-0ae6-4755-86d6-e75b9d48a44d|rpc:10.1.0.17:15032|admin:10.1.0.17:15031|client:10.1.0.17:15030|dataStream:10.1.0.17:15033|priority:1|startupRole:FOLLOWER, 095205e7-1161-4289-a78b-dd2bf4a5be02|rpc:10.1.0.17:15023|admin:10.1.0.17:15022|client:10.1.0.17:15021|dataStream:10.1.0.17:15024|priority:0|startupRole:FOLLOWER] returns group-3544293C3AC0:java.util.concurrent.CompletableFuture@420c7188[Not completed]
2023-09-13 06:49:08,994 [095205e7-1161-4289-a78b-dd2bf4a5be02-groupManagement] INFO  server.RaftServerConfigKeys (ConfUtils.java:logGet(46)) - raft.server.rpc.request.timeout = 3000ms (default)
2023-09-13 06:49:08,994 [095205e7-1161-4289-a78b-dd2bf4a5be02-groupManagement] INFO  server.RaftServerConfigKeys (ConfUtils.java:logGet(46)) - raft.server.log.appender.install.snapshot.enabled = false (custom)
2023-09-13 06:49:08,994 [095205e7-1161-4289-a78b-dd2bf4a5be02-groupManagement] INFO  server.RaftServerConfigKeys (ConfUtils.java:logGet(46)) - raft.server.threadpool.server.cached = true (default)
2023-09-13 06:49:08,995 [095205e7-1161-4289-a78b-dd2bf4a5be02-groupManagement] INFO  server.RaftServerConfigKeys (ConfUtils.java:logGet(46)) - raft.server.threadpool.server.size = 0 (default)
2023-09-13 06:49:08,995 [095205e7-1161-4289-a78b-dd2bf4a5be02-groupManagement] INFO  server.RaftServerConfigKeys (ConfUtils.java:logGet(46)) - raft.server.threadpool.client.cached = true (default)
2023-09-13 06:49:08,995 [095205e7-1161-4289-a78b-dd2bf4a5be02-groupManagement] INFO  server.RaftServerConfigKeys (ConfUtils.java:logGet(46)) - raft.server.threadpool.client.size = 0 (default)
2023-09-13 06:49:08,996 [095205e7-1161-4289-a78b-dd2bf4a5be02-groupManagement] INFO  server.RaftServer$Division (RaftServerImpl.java:<init>(198)) - 095205e7-1161-4289-a78b-dd2bf4a5be02: new RaftServerImpl for group-3544293C3AC0:[53aa52bb-3302-49c8-8741-f934a8213f44|rpc:10.1.0.17:15014|admin:10.1.0.17:15013|client:10.1.0.17:15012|dataStream:10.1.0.17:15015|priority:0|startupRole:FOLLOWER, d28f76a2-0ae6-4755-86d6-e75b9d48a44d|rpc:10.1.0.17:15032|admin:10.1.0.17:15031|client:10.1.0.17:15030|dataStream:10.1.0.17:15033|priority:1|startupRole:FOLLOWER, 095205e7-1161-4289-a78b-dd2bf4a5be02|rpc:10.1.0.17:15023|admin:10.1.0.17:15022|client:10.1.0.17:15021|dataStream:10.1.0.17:15024|priority:0|startupRole:FOLLOWER] with ContainerStateMachine:uninitialized
2023-09-13 06:49:08,996 [095205e7-1161-4289-a78b-dd2bf4a5be02-groupManagement] INFO  server.RaftServerConfigKeys (ConfUtils.java:logGet(46)) - raft.server.rpc.timeout.min = 5s (custom)
2023-09-13 06:49:08,996 [095205e7-1161-4289-a78b-dd2bf4a5be02-groupManagement] INFO  server.RaftServerConfigKeys (ConfUtils.java:logGet(46)) - raft.server.rpc.timeout.max = 5200ms (custom)
2023-09-13 06:49:08,996 [095205e7-1161-4289-a78b-dd2bf4a5be02-groupManagement] INFO  server.RaftServerConfigKeys (ConfUtils.java:logGet(46)) - raft.server.rpc.sleep.time = 25ms (default)
2023-09-13 06:49:08,996 [095205e7-1161-4289-a78b-dd2bf4a5be02-groupManagement] INFO  server.RaftServerConfigKeys (ConfUtils.java:logGet(46)) - raft.server.rpc.slowness.timeout = 300000ms (custom)
2023-09-13 06:49:08,996 [095205e7-1161-4289-a78b-dd2bf4a5be02-groupManagement] INFO  server.RaftServerConfigKeys (ConfUtils.java:logGet(46)) - raft.server.leaderelection.leader.step-down.wait-time = 10s (default)
2023-09-13 06:49:08,996 [095205e7-1161-4289-a78b-dd2bf4a5be02-groupManagement] INFO  server.RaftServerConfigKeys (ConfUtils.java:logGet(46)) - raft.server.sleep.deviation.threshold = 300ms (default)
2023-09-13 06:49:08,996 [095205e7-1161-4289-a78b-dd2bf4a5be02-groupManagement] INFO  server.RaftServer$Division (ServerState.java:<init>(120)) - 095205e7-1161-4289-a78b-dd2bf4a5be02@group-3544293C3AC0: ConfigurationManager, init=-1: peers:[53aa52bb-3302-49c8-8741-f934a8213f44|rpc:10.1.0.17:15014|admin:10.1.0.17:15013|client:10.1.0.17:15012|dataStream:10.1.0.17:15015|priority:0|startupRole:FOLLOWER, d28f76a2-0ae6-4755-86d6-e75b9d48a44d|rpc:10.1.0.17:15032|admin:10.1.0.17:15031|client:10.1.0.17:15030|dataStream:10.1.0.17:15033|priority:1|startupRole:FOLLOWER, 095205e7-1161-4289-a78b-dd2bf4a5be02|rpc:10.1.0.17:15023|admin:10.1.0.17:15022|client:10.1.0.17:15021|dataStream:10.1.0.17:15024|priority:0|startupRole:FOLLOWER]|listeners:[], old=null, confs=<EMPTY_MAP>
2023-09-13 06:49:08,996 [095205e7-1161-4289-a78b-dd2bf4a5be02-groupManagement] INFO  server.RaftServerConfigKeys (ConfUtils.java:logGet(46)) - raft.server.storage.dir = [/home/runner/work/ozone/ozone/hadoop-ozone/integration-test/target/test-dir/MiniOzoneClusterImpl-e4211fca-df1e-4788-9bfe-f086778bfd1d/datanode-1/data/ratis] (custom)
2023-09-13 06:49:08,997 [095205e7-1161-4289-a78b-dd2bf4a5be02-groupManagement] INFO  server.RaftServerConfigKeys (ConfUtils.java:logGet(46)) - raft.server.log.corruption.policy = EXCEPTION (default)
2023-09-13 06:49:08,997 [095205e7-1161-4289-a78b-dd2bf4a5be02-groupManagement] INFO  server.RaftServerConfigKeys (ConfUtils.java:logGet(46)) - raft.server.storage.free-space.min = 0MB (=0) (default)
2023-09-13 06:49:08,997 [095205e7-1161-4289-a78b-dd2bf4a5be02-groupManagement] INFO  server.RaftServerConfigKeys (ConfUtils.java:logGet(46)) - raft.server.notification.no-leader.timeout = 300000ms (custom)
2023-09-13 06:49:08,997 [095205e7-1161-4289-a78b-dd2bf4a5be02-groupManagement] INFO  server.RaftServerConfigKeys (ConfUtils.java:logGet(46)) - raft.server.read.timeout = 10s (default)
2023-09-13 06:49:08,997 [095205e7-1161-4289-a78b-dd2bf4a5be02-groupManagement] INFO  server.RaftServerConfigKeys (ConfUtils.java:logGet(46)) - raft.server.retrycache.expirytime = 600000ms (custom)
2023-09-13 06:49:08,997 [095205e7-1161-4289-a78b-dd2bf4a5be02-groupManagement] INFO  server.RaftServerConfigKeys (ConfUtils.java:logGet(46)) - raft.server.retrycache.statistics.expirytime = 100μs (default)
2023-09-13 06:49:08,997 [095205e7-1161-4289-a78b-dd2bf4a5be02-groupManagement] INFO  server.RaftServerConfigKeys (ConfUtils.java:logGet(46)) - raft.server.read.option = DEFAULT (default)
2023-09-13 06:49:09,001 [095205e7-1161-4289-a78b-dd2bf4a5be02-groupManagement] INFO  server.RaftServerConfigKeys (ConfUtils.java:logGet(46)) - raft.server.rpc.request.timeout = 3000ms (default)
2023-09-13 06:49:09,001 [095205e7-1161-4289-a78b-dd2bf4a5be02-groupManagement] INFO  server.RaftServerConfigKeys (ConfUtils.java:logGet(46)) - raft.server.log.appender.install.snapshot.enabled = false (custom)
2023-09-13 06:49:09,001 [095205e7-1161-4289-a78b-dd2bf4a5be02-groupManagement] INFO  server.RaftServerConfigKeys (ConfUtils.java:logGet(46)) - raft.server.threadpool.server.cached = true (default)
2023-09-13 06:49:09,001 [095205e7-1161-4289-a78b-dd2bf4a5be02-groupManagement] INFO  server.RaftServerConfigKeys (ConfUtils.java:logGet(46)) - raft.server.threadpool.server.size = 0 (default)
2023-09-13 06:49:09,001 [095205e7-1161-4289-a78b-dd2bf4a5be02-groupManagement] INFO  server.RaftServerConfigKeys (ConfUtils.java:logGet(46)) - raft.server.threadpool.client.cached = true (default)
2023-09-13 06:49:09,001 [095205e7-1161-4289-a78b-dd2bf4a5be02-groupManagement] INFO  server.RaftServerConfigKeys (ConfUtils.java:logGet(46)) - raft.server.threadpool.client.size = 0 (default)
2023-09-13 06:49:09,001 [095205e7-1161-4289-a78b-dd2bf4a5be02-groupManagement] INFO  storage.RaftStorageDirectory (RaftStorageDirectoryImpl.java:analyzeStorage(137)) - The storage directory /home/runner/work/ozone/ozone/hadoop-ozone/integration-test/target/test-dir/MiniOzoneClusterImpl-e4211fca-df1e-4788-9bfe-f086778bfd1d/datanode-1/data/ratis/d936ad6c-9596-42e9-ac1e-b9693d60ca7e does not exist. Creating ...
2023-09-13 06:49:09,004 [095205e7-1161-4289-a78b-dd2bf4a5be02-groupManagement] INFO  storage.RaftStorageDirectory (RaftStorageDirectoryImpl.java:tryLock(231)) - Lock on /home/runner/work/ozone/ozone/hadoop-ozone/integration-test/target/test-dir/MiniOzoneClusterImpl-e4211fca-df1e-4788-9bfe-f086778bfd1d/datanode-1/data/ratis/d936ad6c-9596-42e9-ac1e-b9693d60ca7e/in_use.lock acquired by nodename 3839@fv-az460-410
2023-09-13 06:49:09,006 [095205e7-1161-4289-a78b-dd2bf4a5be02-groupManagement] INFO  storage.RaftStorage (RaftStorageImpl.java:format(96)) - Storage directory /home/runner/work/ozone/ozone/hadoop-ozone/integration-test/target/test-dir/MiniOzoneClusterImpl-e4211fca-df1e-4788-9bfe-f086778bfd1d/datanode-1/data/ratis/d936ad6c-9596-42e9-ac1e-b9693d60ca7e has been successfully formatted.
2023-09-13 06:49:09,020 [EventQueue-PipelineReportForPipelineReportHandler] INFO  pipeline.PipelineReportHandler (PipelineReportHandler.java:processPipelineReport(136)) - Opened pipeline PipelineID=d936ad6c-9596-42e9-ac1e-b9693d60ca7e
2023-09-13 06:49:09,018 [095205e7-1161-4289-a78b-dd2bf4a5be02-groupManagement] INFO  ratis.ContainerStateMachine (ContainerStateMachine.java:loadSnapshot(262)) - group-B9693D60CA7E: The snapshot info is null. Setting the last applied indexto:(t:0, i:~)
2023-09-13 06:49:09,022 [EventQueue-OpenPipelineForHealthyPipelineSafeModeRule] INFO  safemode.SCMSafeModeManager (HealthyPipelineSafeModeRule.java:process(137)) - SCM in safe mode. Healthy pipelines reported count is 0, required healthy pipeline reported count is 1
2023-09-13 06:49:09,022 [095205e7-1161-4289-a78b-dd2bf4a5be02-groupManagement] INFO  server.RaftServerConfigKeys (ConfUtils.java:logGet(46)) - raft.server.log.use.memory = false (default)
2023-09-13 06:49:09,022 [095205e7-1161-4289-a78b-dd2bf4a5be02-groupManagement] INFO  server.RaftServerConfigKeys (ConfUtils.java:logGet(46)) - raft.server.log.purge.gap = 1000000 (custom)
2023-09-13 06:49:09,022 [095205e7-1161-4289-a78b-dd2bf4a5be02-groupManagement] INFO  server.RaftServerConfigKeys (ConfUtils.java:logGet(46)) - raft.server.log.appender.buffer.byte-limit = 33554432 (custom)
2023-09-13 06:49:09,022 [095205e7-1161-4289-a78b-dd2bf4a5be02-groupManagement] INFO  server.RaftServerConfigKeys (ConfUtils.java:logGet(46)) - raft.server.log.statemachine.data.read.timeout = 1000ms (default)
2023-09-13 06:49:09,022 [095205e7-1161-4289-a78b-dd2bf4a5be02-groupManagement] INFO  server.RaftServerConfigKeys (ConfUtils.java:logGet(46)) - raft.server.log.purge.preservation.log.num = 0 (default)
2023-09-13 06:49:09,023 [095205e7-1161-4289-a78b-dd2bf4a5be02-groupManagement] INFO  server.RaftServerConfigKeys (ConfUtils.java:logGet(46)) - raft.server.log.segment.size.max = 1048576 (custom)
2023-09-13 06:49:09,023 [095205e7-1161-4289-a78b-dd2bf4a5be02-groupManagement] INFO  server.RaftServerConfigKeys (ConfUtils.java:logGet(46)) - raft.server.log.segment.cache.num.max = 2 (custom)
2023-09-13 06:49:09,023 [095205e7-1161-4289-a78b-dd2bf4a5be02-groupManagement] INFO  server.RaftServerConfigKeys (ConfUtils.java:logGet(46)) - raft.server.log.segment.cache.size.max = 200MB (=209715200) (default)
2023-09-13 06:49:09,023 [095205e7-1161-4289-a78b-dd2bf4a5be02-groupManagement] INFO  server.RaftServerConfigKeys (ConfUtils.java:logGet(46)) - raft.server.log.appender.buffer.byte-limit = 33554432 (custom)
2023-09-13 06:49:09,023 [095205e7-1161-4289-a78b-dd2bf4a5be02-groupManagement] INFO  segmented.SegmentedRaftLogWorker (SegmentedRaftLogWorker.java:<init>(188)) - new 095205e7-1161-4289-a78b-dd2bf4a5be02@group-B9693D60CA7E-SegmentedRaftLogWorker for RaftStorageImpl:Storage Directory /home/runner/work/ozone/ozone/hadoop-ozone/integration-test/target/test-dir/MiniOzoneClusterImpl-e4211fca-df1e-4788-9bfe-f086778bfd1d/datanode-1/data/ratis/d936ad6c-9596-42e9-ac1e-b9693d60ca7e
2023-09-13 06:49:09,023 [095205e7-1161-4289-a78b-dd2bf4a5be02-groupManagement] INFO  server.RaftServerConfigKeys (ConfUtils.java:logGet(46)) - raft.server.log.queue.byte-limit = 4294967296 (custom)
2023-09-13 06:49:09,023 [095205e7-1161-4289-a78b-dd2bf4a5be02-groupManagement] INFO  server.RaftServerConfigKeys (ConfUtils.java:logGet(46)) - raft.server.log.queue.element-limit = 1024 (custom)
2023-09-13 06:49:09,023 [095205e7-1161-4289-a78b-dd2bf4a5be02-groupManagement] INFO  server.RaftServerConfigKeys (ConfUtils.java:logGet(46)) - raft.server.log.segment.size.max = 1048576 (custom)
2023-09-13 06:49:09,024 [095205e7-1161-4289-a78b-dd2bf4a5be02-groupManagement] INFO  server.RaftServerConfigKeys (ConfUtils.java:logGet(46)) - raft.server.log.preallocated.size = 16384 (custom)
2023-09-13 06:49:09,024 [095205e7-1161-4289-a78b-dd2bf4a5be02-groupManagement] INFO  server.RaftServerConfigKeys (ConfUtils.java:logGet(46)) - raft.server.log.force.sync.num = 128 (default)
2023-09-13 06:49:09,024 [095205e7-1161-4289-a78b-dd2bf4a5be02-groupManagement] INFO  server.RaftServerConfigKeys (ConfUtils.java:logGet(46)) - raft.server.log.statemachine.data.sync = true (default)
2023-09-13 06:49:09,024 [095205e7-1161-4289-a78b-dd2bf4a5be02-groupManagement] INFO  server.RaftServerConfigKeys (ConfUtils.java:logGet(46)) - raft.server.log.statemachine.data.sync.timeout = 10s (default)
2023-09-13 06:49:09,024 [095205e7-1161-4289-a78b-dd2bf4a5be02-groupManagement] INFO  server.RaftServerConfigKeys (ConfUtils.java:logGet(46)) - raft.server.log.statemachine.data.sync.timeout.retry = -1 (default)
2023-09-13 06:49:09,025 [095205e7-1161-4289-a78b-dd2bf4a5be02-groupManagement] INFO  server.RaftServerConfigKeys (ConfUtils.java:logGet(46)) - raft.server.log.write.buffer.size = 1048576 (custom)
2023-09-13 06:49:09,027 [095205e7-1161-4289-a78b-dd2bf4a5be02-groupManagement] INFO  server.RaftServerConfigKeys (ConfUtils.java:logGet(46)) - raft.server.log.appender.buffer.byte-limit = 33554432 (custom)
2023-09-13 06:49:09,033 [095205e7-1161-4289-a78b-dd2bf4a5be02-groupManagement] INFO  server.RaftServerConfigKeys (ConfUtils.java:logGet(46)) - raft.server.log.unsafe-flush.enabled = false (default)
2023-09-13 06:49:09,034 [095205e7-1161-4289-a78b-dd2bf4a5be02-groupManagement] INFO  server.RaftServerConfigKeys (ConfUtils.java:logGet(46)) - raft.server.log.async-flush.enabled = false (default)
2023-09-13 06:49:09,034 [095205e7-1161-4289-a78b-dd2bf4a5be02-groupManagement] INFO  server.RaftServerConfigKeys (ConfUtils.java:logGet(46)) - raft.server.log.statemachine.data.caching.enabled = true (custom)
2023-09-13 06:49:09,034 [095205e7-1161-4289-a78b-dd2bf4a5be02-groupManagement] INFO  segmented.SegmentedRaftLogWorker (SegmentedRaftLogWorker.java:lambda$new$0(135)) - 095205e7-1161-4289-a78b-dd2bf4a5be02@group-B9693D60CA7E-SegmentedRaftLogWorker: flushIndex: setUnconditionally 0 -> -1
2023-09-13 06:49:09,034 [095205e7-1161-4289-a78b-dd2bf4a5be02-groupManagement] INFO  segmented.SegmentedRaftLogWorker (SegmentedRaftLogWorker.java:lambda$new$0(135)) - 095205e7-1161-4289-a78b-dd2bf4a5be02@group-B9693D60CA7E-SegmentedRaftLogWorker: safeCacheEvictIndex: setUnconditionally 0 -> -1
2023-09-13 06:49:09,037 [095205e7-1161-4289-a78b-dd2bf4a5be02-groupManagement] INFO  server.RaftServer$Division (RaftServerImpl.java:start(342)) - 095205e7-1161-4289-a78b-dd2bf4a5be02@group-B9693D60CA7E: start as a follower, conf=-1: peers:[095205e7-1161-4289-a78b-dd2bf4a5be02|rpc:10.1.0.17:15023|admin:10.1.0.17:15022|client:10.1.0.17:15021|dataStream:10.1.0.17:15024|priority:1|startupRole:FOLLOWER]|listeners:[], old=null
2023-09-13 06:49:09,037 [095205e7-1161-4289-a78b-dd2bf4a5be02-groupManagement] INFO  server.RaftServer$Division (RaftServerImpl.java:setRole(329)) - 095205e7-1161-4289-a78b-dd2bf4a5be02@group-B9693D60CA7E: changes role from      null to FOLLOWER at term 0 for startAsFollower
2023-09-13 06:49:09,038 [095205e7-1161-4289-a78b-dd2bf4a5be02-groupManagement] INFO  impl.RoleInfo (RoleInfo.java:updateAndGet(139)) - 095205e7-1161-4289-a78b-dd2bf4a5be02: start 095205e7-1161-4289-a78b-dd2bf4a5be02@group-B9693D60CA7E-FollowerState
2023-09-13 06:49:09,038 [JUnit] INFO  ozone.MiniOzoneClusterImpl (MiniOzoneClusterImpl.java:lambda$waitForClusterToBeReady$0(224)) - Nodes are ready. Got 5 of 5 DN Heartbeats.
2023-09-13 06:49:09,039 [JUnit] INFO  ozone.MiniOzoneClusterImpl (MiniOzoneClusterImpl.java:lambda$waitForClusterToBeReady$0(227)) - Waiting for cluster to exit safe mode
2023-09-13 06:49:09,039 [JUnit] INFO  ozone.MiniOzoneClusterImpl (MiniOzoneClusterImpl.java:lambda$waitForClusterToBeReady$0(229)) - SCM became leader
2023-09-13 06:49:09,051 [095205e7-1161-4289-a78b-dd2bf4a5be02@group-B9693D60CA7E-FollowerState] INFO  server.RaftServerConfigKeys (ConfUtils.java:logFallback(53)) - raft.server.rpc.first-election.timeout.min = 5s (fallback to raft.server.rpc.timeout.min)
2023-09-13 06:49:09,052 [095205e7-1161-4289-a78b-dd2bf4a5be02@group-B9693D60CA7E-FollowerState] INFO  server.RaftServerConfigKeys (ConfUtils.java:logFallback(53)) - raft.server.rpc.first-election.timeout.max = 5200ms (fallback to raft.server.rpc.timeout.max)
2023-09-13 06:49:09,041 [095205e7-1161-4289-a78b-dd2bf4a5be02-groupManagement] INFO  util.JmxRegister (JmxRegister.java:tryRegister(44)) - Successfully registered JMX Bean with object name Ratis:service=RaftServer,group=group-B9693D60CA7E,id=095205e7-1161-4289-a78b-dd2bf4a5be02
2023-09-13 06:49:09,052 [095205e7-1161-4289-a78b-dd2bf4a5be02-groupManagement] INFO  server.RaftServerConfigKeys (ConfUtils.java:logGet(46)) - raft.server.snapshot.auto.trigger.enabled = true (custom)
2023-09-13 06:49:09,052 [095205e7-1161-4289-a78b-dd2bf4a5be02-groupManagement] INFO  server.RaftServerConfigKeys (ConfUtils.java:logGet(46)) - raft.server.snapshot.auto.trigger.threshold = 10000 (custom)
2023-09-13 06:49:09,052 [095205e7-1161-4289-a78b-dd2bf4a5be02-groupManagement] INFO  server.RaftServerConfigKeys (ConfUtils.java:logGet(46)) - raft.server.snapshot.retention.file.num = 5 (custom)
2023-09-13 06:49:09,052 [095205e7-1161-4289-a78b-dd2bf4a5be02-groupManagement] INFO  server.RaftServerConfigKeys (ConfUtils.java:logGet(46)) - raft.server.log.purge.upto.snapshot.index = false (default)
2023-09-13 06:49:09,054 [095205e7-1161-4289-a78b-dd2bf4a5be02-groupManagement] INFO  storage.RaftStorageDirectory (RaftStorageDirectoryImpl.java:analyzeStorage(137)) - The storage directory /home/runner/work/ozone/ozone/hadoop-ozone/integration-test/target/test-dir/MiniOzoneClusterImpl-e4211fca-df1e-4788-9bfe-f086778bfd1d/datanode-1/data/ratis/e349e6d4-40f9-4e99-996b-3544293c3ac0 does not exist. Creating ...
2023-09-13 06:49:09,055 [PipelineCommandHandlerThread-0] INFO  ratis.XceiverServerRatis (XceiverServerRatis.java:addGroup(804)) - Created group PipelineID=d936ad6c-9596-42e9-ac1e-b9693d60ca7e
2023-09-13 06:49:09,060 [095205e7-1161-4289-a78b-dd2bf4a5be02-groupManagement] INFO  storage.RaftStorageDirectory (RaftStorageDirectoryImpl.java:tryLock(231)) - Lock on /home/runner/work/ozone/ozone/hadoop-ozone/integration-test/target/test-dir/MiniOzoneClusterImpl-e4211fca-df1e-4788-9bfe-f086778bfd1d/datanode-1/data/ratis/e349e6d4-40f9-4e99-996b-3544293c3ac0/in_use.lock acquired by nodename 3839@fv-az460-410
2023-09-13 06:49:09,055 [PipelineCommandHandlerThread-0] INFO  commandhandler.CreatePipelineCommandHandler (CreatePipelineCommandHandler.java:lambda$handle$2(124)) - Created Pipeline RATIS ONE PipelineID=d936ad6c-9596-42e9-ac1e-b9693d60ca7e.
2023-09-13 06:49:09,062 [PipelineCommandHandlerThread-0] INFO  server.RaftServer (RaftServerProxy.java:addNew(98)) - 095205e7-1161-4289-a78b-dd2bf4a5be02: addNew group-36301351904D:[53aa52bb-3302-49c8-8741-f934a8213f44|rpc:10.1.0.17:15014|admin:10.1.0.17:15013|client:10.1.0.17:15012|dataStream:10.1.0.17:15015|priority:0|startupRole:FOLLOWER, d28f76a2-0ae6-4755-86d6-e75b9d48a44d|rpc:10.1.0.17:15032|admin:10.1.0.17:15031|client:10.1.0.17:15030|dataStream:10.1.0.17:15033|priority:0|startupRole:FOLLOWER, 095205e7-1161-4289-a78b-dd2bf4a5be02|rpc:10.1.0.17:15023|admin:10.1.0.17:15022|client:10.1.0.17:15021|dataStream:10.1.0.17:15024|priority:1|startupRole:FOLLOWER] returns group-36301351904D:java.util.concurrent.CompletableFuture@7ef2f161[Not completed]
2023-09-13 06:49:09,062 [095205e7-1161-4289-a78b-dd2bf4a5be02-groupManagement] INFO  storage.RaftStorage (RaftStorageImpl.java:format(96)) - Storage directory /home/runner/work/ozone/ozone/hadoop-ozone/integration-test/target/test-dir/MiniOzoneClusterImpl-e4211fca-df1e-4788-9bfe-f086778bfd1d/datanode-1/data/ratis/e349e6d4-40f9-4e99-996b-3544293c3ac0 has been successfully formatted.
2023-09-13 06:49:09,063 [095205e7-1161-4289-a78b-dd2bf4a5be02-groupManagement] INFO  ratis.ContainerStateMachine (ContainerStateMachine.java:loadSnapshot(262)) - group-3544293C3AC0: The snapshot info is null. Setting the last applied indexto:(t:0, i:~)
2023-09-13 06:49:09,063 [095205e7-1161-4289-a78b-dd2bf4a5be02-groupManagement] INFO  server.RaftServerConfigKeys (ConfUtils.java:logGet(46)) - raft.server.log.use.memory = false (default)
2023-09-13 06:49:09,063 [095205e7-1161-4289-a78b-dd2bf4a5be02-groupManagement] INFO  server.RaftServerConfigKeys (ConfUtils.java:logGet(46)) - raft.server.log.purge.gap = 1000000 (custom)
2023-09-13 06:49:09,063 [095205e7-1161-4289-a78b-dd2bf4a5be02-groupManagement] INFO  server.RaftServerConfigKeys (ConfUtils.java:logGet(46)) - raft.server.log.appender.buffer.byte-limit = 33554432 (custom)
2023-09-13 06:49:09,063 [095205e7-1161-4289-a78b-dd2bf4a5be02-groupManagement] INFO  server.RaftServerConfigKeys (ConfUtils.java:logGet(46)) - raft.server.log.statemachine.data.read.timeout = 1000ms (default)
2023-09-13 06:49:09,063 [095205e7-1161-4289-a78b-dd2bf4a5be02-groupManagement] INFO  server.RaftServerConfigKeys (ConfUtils.java:logGet(46)) - raft.server.log.purge.preservation.log.num = 0 (default)
2023-09-13 06:49:09,063 [095205e7-1161-4289-a78b-dd2bf4a5be02-groupManagement] INFO  server.RaftServerConfigKeys (ConfUtils.java:logGet(46)) - raft.server.log.segment.size.max = 1048576 (custom)
2023-09-13 06:49:09,064 [095205e7-1161-4289-a78b-dd2bf4a5be02-groupManagement] INFO  server.RaftServerConfigKeys (ConfUtils.java:logGet(46)) - raft.server.log.segment.cache.num.max = 2 (custom)
2023-09-13 06:49:09,064 [095205e7-1161-4289-a78b-dd2bf4a5be02-groupManagement] INFO  server.RaftServerConfigKeys (ConfUtils.java:logGet(46)) - raft.server.log.segment.cache.size.max = 200MB (=209715200) (default)
2023-09-13 06:49:09,064 [095205e7-1161-4289-a78b-dd2bf4a5be02-groupManagement] INFO  server.RaftServerConfigKeys (ConfUtils.java:logGet(46)) - raft.server.log.appender.buffer.byte-limit = 33554432 (custom)
2023-09-13 06:49:09,064 [095205e7-1161-4289-a78b-dd2bf4a5be02-groupManagement] INFO  segmented.SegmentedRaftLogWorker (SegmentedRaftLogWorker.java:<init>(188)) - new 095205e7-1161-4289-a78b-dd2bf4a5be02@group-3544293C3AC0-SegmentedRaftLogWorker for RaftStorageImpl:Storage Directory /home/runner/work/ozone/ozone/hadoop-ozone/integration-test/target/test-dir/MiniOzoneClusterImpl-e4211fca-df1e-4788-9bfe-f086778bfd1d/datanode-1/data/ratis/e349e6d4-40f9-4e99-996b-3544293c3ac0
2023-09-13 06:49:09,064 [095205e7-1161-4289-a78b-dd2bf4a5be02-groupManagement] INFO  server.RaftServerConfigKeys (ConfUtils.java:logGet(46)) - raft.server.log.queue.byte-limit = 4294967296 (custom)
2023-09-13 06:49:09,064 [095205e7-1161-4289-a78b-dd2bf4a5be02-groupManagement] INFO  server.RaftServerConfigKeys (ConfUtils.java:logGet(46)) - raft.server.log.queue.element-limit = 1024 (custom)
2023-09-13 06:49:09,064 [095205e7-1161-4289-a78b-dd2bf4a5be02-groupManagement] INFO  server.RaftServerConfigKeys (ConfUtils.java:logGet(46)) - raft.server.log.segment.size.max = 1048576 (custom)
2023-09-13 06:49:09,064 [095205e7-1161-4289-a78b-dd2bf4a5be02-groupManagement] INFO  server.RaftServerConfigKeys (ConfUtils.java:logGet(46)) - raft.server.log.preallocated.size = 16384 (custom)
2023-09-13 06:49:09,065 [095205e7-1161-4289-a78b-dd2bf4a5be02-groupManagement] INFO  server.RaftServerConfigKeys (ConfUtils.java:logGet(46)) - raft.server.log.force.sync.num = 128 (default)
2023-09-13 06:49:09,065 [095205e7-1161-4289-a78b-dd2bf4a5be02-groupManagement] INFO  server.RaftServerConfigKeys (ConfUtils.java:logGet(46)) - raft.server.log.statemachine.data.sync = true (default)
2023-09-13 06:49:09,065 [095205e7-1161-4289-a78b-dd2bf4a5be02-groupManagement] INFO  server.RaftServerConfigKeys (ConfUtils.java:logGet(46)) - raft.server.log.statemachine.data.sync.timeout = 10s (default)
2023-09-13 06:49:09,065 [095205e7-1161-4289-a78b-dd2bf4a5be02-groupManagement] INFO  server.RaftServerConfigKeys (ConfUtils.java:logGet(46)) - raft.server.log.statemachine.data.sync.timeout.retry = -1 (default)
2023-09-13 06:49:09,066 [095205e7-1161-4289-a78b-dd2bf4a5be02-groupManagement] INFO  server.RaftServerConfigKeys (ConfUtils.java:logGet(46)) - raft.server.log.write.buffer.size = 1048576 (custom)
2023-09-13 06:49:09,067 [095205e7-1161-4289-a78b-dd2bf4a5be02-groupManagement] INFO  server.RaftServerConfigKeys (ConfUtils.java:logGet(46)) - raft.server.log.appender.buffer.byte-limit = 33554432 (custom)
2023-09-13 06:49:09,072 [095205e7-1161-4289-a78b-dd2bf4a5be02-groupManagement] INFO  server.RaftServerConfigKeys (ConfUtils.java:logGet(46)) - raft.server.log.unsafe-flush.enabled = false (default)
2023-09-13 06:49:09,072 [095205e7-1161-4289-a78b-dd2bf4a5be02-groupManagement] INFO  server.RaftServerConfigKeys (ConfUtils.java:logGet(46)) - raft.server.log.async-flush.enabled = false (default)
2023-09-13 06:49:09,072 [095205e7-1161-4289-a78b-dd2bf4a5be02-groupManagement] INFO  server.RaftServerConfigKeys (ConfUtils.java:logGet(46)) - raft.server.log.statemachine.data.caching.enabled = true (custom)
2023-09-13 06:49:09,073 [095205e7-1161-4289-a78b-dd2bf4a5be02-groupManagement] INFO  segmented.SegmentedRaftLogWorker (SegmentedRaftLogWorker.java:lambda$new$0(135)) - 095205e7-1161-4289-a78b-dd2bf4a5be02@group-3544293C3AC0-SegmentedRaftLogWorker: flushIndex: setUnconditionally 0 -> -1
2023-09-13 06:49:09,073 [095205e7-1161-4289-a78b-dd2bf4a5be02-groupManagement] INFO  segmented.SegmentedRaftLogWorker (SegmentedRaftLogWorker.java:lambda$new$0(135)) - 095205e7-1161-4289-a78b-dd2bf4a5be02@group-3544293C3AC0-SegmentedRaftLogWorker: safeCacheEvictIndex: setUnconditionally 0 -> -1
2023-09-13 06:49:09,082 [095205e7-1161-4289-a78b-dd2bf4a5be02-groupManagement] INFO  server.RaftServer$Division (RaftServerImpl.java:start(342)) - 095205e7-1161-4289-a78b-dd2bf4a5be02@group-3544293C3AC0: start as a follower, conf=-1: peers:[53aa52bb-3302-49c8-8741-f934a8213f44|rpc:10.1.0.17:15014|admin:10.1.0.17:15013|client:10.1.0.17:15012|dataStream:10.1.0.17:15015|priority:0|startupRole:FOLLOWER, d28f76a2-0ae6-4755-86d6-e75b9d48a44d|rpc:10.1.0.17:15032|admin:10.1.0.17:15031|client:10.1.0.17:15030|dataStream:10.1.0.17:15033|priority:1|startupRole:FOLLOWER, 095205e7-1161-4289-a78b-dd2bf4a5be02|rpc:10.1.0.17:15023|admin:10.1.0.17:15022|client:10.1.0.17:15021|dataStream:10.1.0.17:15024|priority:0|startupRole:FOLLOWER]|listeners:[], old=null
2023-09-13 06:49:09,082 [095205e7-1161-4289-a78b-dd2bf4a5be02-groupManagement] INFO  server.RaftServer$Division (RaftServerImpl.java:setRole(329)) - 095205e7-1161-4289-a78b-dd2bf4a5be02@group-3544293C3AC0: changes role from      null to FOLLOWER at term 0 for startAsFollower
2023-09-13 06:49:09,082 [095205e7-1161-4289-a78b-dd2bf4a5be02-groupManagement] INFO  impl.RoleInfo (RoleInfo.java:updateAndGet(139)) - 095205e7-1161-4289-a78b-dd2bf4a5be02: start 095205e7-1161-4289-a78b-dd2bf4a5be02@group-3544293C3AC0-FollowerState
2023-09-13 06:49:09,082 [095205e7-1161-4289-a78b-dd2bf4a5be02-groupManagement] INFO  util.JmxRegister (JmxRegister.java:tryRegister(44)) - Successfully registered JMX Bean with object name Ratis:service=RaftServer,group=group-3544293C3AC0,id=095205e7-1161-4289-a78b-dd2bf4a5be02
2023-09-13 06:49:09,082 [095205e7-1161-4289-a78b-dd2bf4a5be02-groupManagement] INFO  server.RaftServerConfigKeys (ConfUtils.java:logGet(46)) - raft.server.snapshot.auto.trigger.enabled = true (custom)
2023-09-13 06:49:09,083 [095205e7-1161-4289-a78b-dd2bf4a5be02-groupManagement] INFO  server.RaftServerConfigKeys (ConfUtils.java:logGet(46)) - raft.server.snapshot.auto.trigger.threshold = 10000 (custom)
2023-09-13 06:49:09,083 [095205e7-1161-4289-a78b-dd2bf4a5be02-groupManagement] INFO  server.RaftServerConfigKeys (ConfUtils.java:logGet(46)) - raft.server.snapshot.retention.file.num = 5 (custom)
2023-09-13 06:49:09,083 [095205e7-1161-4289-a78b-dd2bf4a5be02-groupManagement] INFO  server.RaftServerConfigKeys (ConfUtils.java:logGet(46)) - raft.server.log.purge.upto.snapshot.index = false (default)
2023-09-13 06:49:09,083 [095205e7-1161-4289-a78b-dd2bf4a5be02@group-3544293C3AC0-FollowerState] INFO  server.RaftServerConfigKeys (ConfUtils.java:logFallback(53)) - raft.server.rpc.first-election.timeout.min = 5s (fallback to raft.server.rpc.timeout.min)
2023-09-13 06:49:09,086 [095205e7-1161-4289-a78b-dd2bf4a5be02@group-3544293C3AC0-FollowerState] INFO  server.RaftServerConfigKeys (ConfUtils.java:logFallback(53)) - raft.server.rpc.first-election.timeout.max = 5200ms (fallback to raft.server.rpc.timeout.max)
2023-09-13 06:49:09,085 [095205e7-1161-4289-a78b-dd2bf4a5be02-groupManagement] INFO  server.RaftServer$Division (RaftServerImpl.java:<init>(198)) - 095205e7-1161-4289-a78b-dd2bf4a5be02: new RaftServerImpl for group-36301351904D:[53aa52bb-3302-49c8-8741-f934a8213f44|rpc:10.1.0.17:15014|admin:10.1.0.17:15013|client:10.1.0.17:15012|dataStream:10.1.0.17:15015|priority:0|startupRole:FOLLOWER, d28f76a2-0ae6-4755-86d6-e75b9d48a44d|rpc:10.1.0.17:15032|admin:10.1.0.17:15031|client:10.1.0.17:15030|dataStream:10.1.0.17:15033|priority:0|startupRole:FOLLOWER, 095205e7-1161-4289-a78b-dd2bf4a5be02|rpc:10.1.0.17:15023|admin:10.1.0.17:15022|client:10.1.0.17:15021|dataStream:10.1.0.17:15024|priority:1|startupRole:FOLLOWER] with ContainerStateMachine:uninitialized
2023-09-13 06:49:09,086 [095205e7-1161-4289-a78b-dd2bf4a5be02-groupManagement] INFO  server.RaftServerConfigKeys (ConfUtils.java:logGet(46)) - raft.server.rpc.timeout.min = 5s (custom)
2023-09-13 06:49:09,086 [095205e7-1161-4289-a78b-dd2bf4a5be02-groupManagement] INFO  server.RaftServerConfigKeys (ConfUtils.java:logGet(46)) - raft.server.rpc.timeout.max = 5200ms (custom)
2023-09-13 06:49:09,086 [095205e7-1161-4289-a78b-dd2bf4a5be02-groupManagement] INFO  server.RaftServerConfigKeys (ConfUtils.java:logGet(46)) - raft.server.rpc.sleep.time = 25ms (default)
2023-09-13 06:49:09,086 [095205e7-1161-4289-a78b-dd2bf4a5be02-groupManagement] INFO  server.RaftServerConfigKeys (ConfUtils.java:logGet(46)) - raft.server.rpc.slowness.timeout = 300000ms (custom)
2023-09-13 06:49:09,086 [095205e7-1161-4289-a78b-dd2bf4a5be02-groupManagement] INFO  server.RaftServerConfigKeys (ConfUtils.java:logGet(46)) - raft.server.leaderelection.leader.step-down.wait-time = 10s (default)
2023-09-13 06:49:09,086 [095205e7-1161-4289-a78b-dd2bf4a5be02-groupManagement] INFO  server.RaftServerConfigKeys (ConfUtils.java:logGet(46)) - raft.server.sleep.deviation.threshold = 300ms (default)
2023-09-13 06:49:09,087 [095205e7-1161-4289-a78b-dd2bf4a5be02-groupManagement] INFO  server.RaftServer$Division (ServerState.java:<init>(120)) - 095205e7-1161-4289-a78b-dd2bf4a5be02@group-36301351904D: ConfigurationManager, init=-1: peers:[53aa52bb-3302-49c8-8741-f934a8213f44|rpc:10.1.0.17:15014|admin:10.1.0.17:15013|client:10.1.0.17:15012|dataStream:10.1.0.17:15015|priority:0|startupRole:FOLLOWER, d28f76a2-0ae6-4755-86d6-e75b9d48a44d|rpc:10.1.0.17:15032|admin:10.1.0.17:15031|client:10.1.0.17:15030|dataStream:10.1.0.17:15033|priority:0|startupRole:FOLLOWER, 095205e7-1161-4289-a78b-dd2bf4a5be02|rpc:10.1.0.17:15023|admin:10.1.0.17:15022|client:10.1.0.17:15021|dataStream:10.1.0.17:15024|priority:1|startupRole:FOLLOWER]|listeners:[], old=null, confs=<EMPTY_MAP>
2023-09-13 06:49:09,087 [095205e7-1161-4289-a78b-dd2bf4a5be02-groupManagement] INFO  server.RaftServerConfigKeys (ConfUtils.java:logGet(46)) - raft.server.storage.dir = [/home/runner/work/ozone/ozone/hadoop-ozone/integration-test/target/test-dir/MiniOzoneClusterImpl-e4211fca-df1e-4788-9bfe-f086778bfd1d/datanode-1/data/ratis] (custom)
2023-09-13 06:49:09,087 [095205e7-1161-4289-a78b-dd2bf4a5be02-groupManagement] INFO  server.RaftServerConfigKeys (ConfUtils.java:logGet(46)) - raft.server.log.corruption.policy = EXCEPTION (default)
2023-09-13 06:49:09,087 [095205e7-1161-4289-a78b-dd2bf4a5be02-groupManagement] INFO  server.RaftServerConfigKeys (ConfUtils.java:logGet(46)) - raft.server.storage.free-space.min = 0MB (=0) (default)
2023-09-13 06:49:09,087 [095205e7-1161-4289-a78b-dd2bf4a5be02-groupManagement] INFO  server.RaftServerConfigKeys (ConfUtils.java:logGet(46)) - raft.server.notification.no-leader.timeout = 300000ms (custom)
2023-09-13 06:49:09,087 [095205e7-1161-4289-a78b-dd2bf4a5be02-groupManagement] INFO  server.RaftServerConfigKeys (ConfUtils.java:logGet(46)) - raft.server.read.timeout = 10s (default)
2023-09-13 06:49:09,087 [095205e7-1161-4289-a78b-dd2bf4a5be02-groupManagement] INFO  server.RaftServerConfigKeys (ConfUtils.java:logGet(46)) - raft.server.retrycache.expirytime = 600000ms (custom)
2023-09-13 06:49:09,087 [095205e7-1161-4289-a78b-dd2bf4a5be02-groupManagement] INFO  server.RaftServerConfigKeys (ConfUtils.java:logGet(46)) - raft.server.retrycache.statistics.expirytime = 100μs (default)
2023-09-13 06:49:09,087 [095205e7-1161-4289-a78b-dd2bf4a5be02-groupManagement] INFO  server.RaftServerConfigKeys (ConfUtils.java:logGet(46)) - raft.server.read.option = DEFAULT (default)
2023-09-13 06:49:09,088 [EventQueue-OpenPipelineForHealthyPipelineSafeModeRule] INFO  safemode.SCMSafeModeManager (HealthyPipelineSafeModeRule.java:process(137)) - SCM in safe mode. Healthy pipelines reported count is 0, required healthy pipeline reported count is 1
2023-09-13 06:49:09,097 [095205e7-1161-4289-a78b-dd2bf4a5be02-groupManagement] INFO  server.RaftServerConfigKeys (ConfUtils.java:logGet(46)) - raft.server.rpc.request.timeout = 3000ms (default)
2023-09-13 06:49:09,101 [095205e7-1161-4289-a78b-dd2bf4a5be02-groupManagement] INFO  server.RaftServerConfigKeys (ConfUtils.java:logGet(46)) - raft.server.log.appender.install.snapshot.enabled = false (custom)
2023-09-13 06:49:09,101 [095205e7-1161-4289-a78b-dd2bf4a5be02-groupManagement] INFO  server.RaftServerConfigKeys (ConfUtils.java:logGet(46)) - raft.server.threadpool.server.cached = true (default)
2023-09-13 06:49:09,101 [095205e7-1161-4289-a78b-dd2bf4a5be02-groupManagement] INFO  server.RaftServerConfigKeys (ConfUtils.java:logGet(46)) - raft.server.threadpool.server.size = 0 (default)
2023-09-13 06:49:09,101 [095205e7-1161-4289-a78b-dd2bf4a5be02-groupManagement] INFO  server.RaftServerConfigKeys (ConfUtils.java:logGet(46)) - raft.server.threadpool.client.cached = true (default)
2023-09-13 06:49:09,101 [095205e7-1161-4289-a78b-dd2bf4a5be02-groupManagement] INFO  server.RaftServerConfigKeys (ConfUtils.java:logGet(46)) - raft.server.threadpool.client.size = 0 (default)
2023-09-13 06:49:09,101 [095205e7-1161-4289-a78b-dd2bf4a5be02-groupManagement] INFO  storage.RaftStorageDirectory (RaftStorageDirectoryImpl.java:analyzeStorage(137)) - The storage directory /home/runner/work/ozone/ozone/hadoop-ozone/integration-test/target/test-dir/MiniOzoneClusterImpl-e4211fca-df1e-4788-9bfe-f086778bfd1d/datanode-1/data/ratis/f73d2d31-7e64-402d-88b2-36301351904d does not exist. Creating ...
2023-09-13 06:49:09,103 [095205e7-1161-4289-a78b-dd2bf4a5be02-groupManagement] INFO  storage.RaftStorageDirectory (RaftStorageDirectoryImpl.java:tryLock(231)) - Lock on /home/runner/work/ozone/ozone/hadoop-ozone/integration-test/target/test-dir/MiniOzoneClusterImpl-e4211fca-df1e-4788-9bfe-f086778bfd1d/datanode-1/data/ratis/f73d2d31-7e64-402d-88b2-36301351904d/in_use.lock acquired by nodename 3839@fv-az460-410
2023-09-13 06:49:09,104 [095205e7-1161-4289-a78b-dd2bf4a5be02-groupManagement] INFO  storage.RaftStorage (RaftStorageImpl.java:format(96)) - Storage directory /home/runner/work/ozone/ozone/hadoop-ozone/integration-test/target/test-dir/MiniOzoneClusterImpl-e4211fca-df1e-4788-9bfe-f086778bfd1d/datanode-1/data/ratis/f73d2d31-7e64-402d-88b2-36301351904d has been successfully formatted.
2023-09-13 06:49:09,105 [095205e7-1161-4289-a78b-dd2bf4a5be02-groupManagement] INFO  ratis.ContainerStateMachine (ContainerStateMachine.java:loadSnapshot(262)) - group-36301351904D: The snapshot info is null. Setting the last applied indexto:(t:0, i:~)
2023-09-13 06:49:09,105 [095205e7-1161-4289-a78b-dd2bf4a5be02-groupManagement] INFO  server.RaftServerConfigKeys (ConfUtils.java:logGet(46)) - raft.server.log.use.memory = false (default)
2023-09-13 06:49:09,105 [095205e7-1161-4289-a78b-dd2bf4a5be02-groupManagement] INFO  server.RaftServerConfigKeys (ConfUtils.java:logGet(46)) - raft.server.log.purge.gap = 1000000 (custom)
2023-09-13 06:49:09,105 [095205e7-1161-4289-a78b-dd2bf4a5be02-groupManagement] INFO  server.RaftServerConfigKeys (ConfUtils.java:logGet(46)) - raft.server.log.appender.buffer.byte-limit = 33554432 (custom)
2023-09-13 06:49:09,105 [095205e7-1161-4289-a78b-dd2bf4a5be02-groupManagement] INFO  server.RaftServerConfigKeys (ConfUtils.java:logGet(46)) - raft.server.log.statemachine.data.read.timeout = 1000ms (default)
2023-09-13 06:49:09,105 [095205e7-1161-4289-a78b-dd2bf4a5be02-groupManagement] INFO  server.RaftServerConfigKeys (ConfUtils.java:logGet(46)) - raft.server.log.purge.preservation.log.num = 0 (default)
2023-09-13 06:49:09,106 [095205e7-1161-4289-a78b-dd2bf4a5be02-groupManagement] INFO  server.RaftServerConfigKeys (ConfUtils.java:logGet(46)) - raft.server.log.segment.size.max = 1048576 (custom)
2023-09-13 06:49:09,106 [095205e7-1161-4289-a78b-dd2bf4a5be02-groupManagement] INFO  server.RaftServerConfigKeys (ConfUtils.java:logGet(46)) - raft.server.log.segment.cache.num.max = 2 (custom)
2023-09-13 06:49:09,106 [095205e7-1161-4289-a78b-dd2bf4a5be02-groupManagement] INFO  server.RaftServerConfigKeys (ConfUtils.java:logGet(46)) - raft.server.log.segment.cache.size.max = 200MB (=209715200) (default)
2023-09-13 06:49:09,106 [095205e7-1161-4289-a78b-dd2bf4a5be02-groupManagement] INFO  server.RaftServerConfigKeys (ConfUtils.java:logGet(46)) - raft.server.log.appender.buffer.byte-limit = 33554432 (custom)
2023-09-13 06:49:09,106 [095205e7-1161-4289-a78b-dd2bf4a5be02-groupManagement] INFO  segmented.SegmentedRaftLogWorker (SegmentedRaftLogWorker.java:<init>(188)) - new 095205e7-1161-4289-a78b-dd2bf4a5be02@group-36301351904D-SegmentedRaftLogWorker for RaftStorageImpl:Storage Directory /home/runner/work/ozone/ozone/hadoop-ozone/integration-test/target/test-dir/MiniOzoneClusterImpl-e4211fca-df1e-4788-9bfe-f086778bfd1d/datanode-1/data/ratis/f73d2d31-7e64-402d-88b2-36301351904d
2023-09-13 06:49:09,106 [095205e7-1161-4289-a78b-dd2bf4a5be02-groupManagement] INFO  server.RaftServerConfigKeys (ConfUtils.java:logGet(46)) - raft.server.log.queue.byte-limit = 4294967296 (custom)
2023-09-13 06:49:09,106 [095205e7-1161-4289-a78b-dd2bf4a5be02-groupManagement] INFO  server.RaftServerConfigKeys (ConfUtils.java:logGet(46)) - raft.server.log.queue.element-limit = 1024 (custom)
2023-09-13 06:49:09,106 [095205e7-1161-4289-a78b-dd2bf4a5be02-groupManagement] INFO  server.RaftServerConfigKeys (ConfUtils.java:logGet(46)) - raft.server.log.segment.size.max = 1048576 (custom)
2023-09-13 06:49:09,106 [095205e7-1161-4289-a78b-dd2bf4a5be02-groupManagement] INFO  server.RaftServerConfigKeys (ConfUtils.java:logGet(46)) - raft.server.log.preallocated.size = 16384 (custom)
2023-09-13 06:49:09,106 [095205e7-1161-4289-a78b-dd2bf4a5be02-groupManagement] INFO  server.RaftServerConfigKeys (ConfUtils.java:logGet(46)) - raft.server.log.force.sync.num = 128 (default)
2023-09-13 06:49:09,106 [095205e7-1161-4289-a78b-dd2bf4a5be02-groupManagement] INFO  server.RaftServerConfigKeys (ConfUtils.java:logGet(46)) - raft.server.log.statemachine.data.sync = true (default)
2023-09-13 06:49:09,107 [095205e7-1161-4289-a78b-dd2bf4a5be02-groupManagement] INFO  server.RaftServerConfigKeys (ConfUtils.java:logGet(46)) - raft.server.log.statemachine.data.sync.timeout = 10s (default)
2023-09-13 06:49:09,107 [095205e7-1161-4289-a78b-dd2bf4a5be02-groupManagement] INFO  server.RaftServerConfigKeys (ConfUtils.java:logGet(46)) - raft.server.log.statemachine.data.sync.timeout.retry = -1 (default)
2023-09-13 06:49:09,107 [095205e7-1161-4289-a78b-dd2bf4a5be02-groupManagement] INFO  server.RaftServerConfigKeys (ConfUtils.java:logGet(46)) - raft.server.log.write.buffer.size = 1048576 (custom)
2023-09-13 06:49:09,108 [095205e7-1161-4289-a78b-dd2bf4a5be02-groupManagement] INFO  server.RaftServerConfigKeys (ConfUtils.java:logGet(46)) - raft.server.log.appender.buffer.byte-limit = 33554432 (custom)
2023-09-13 06:49:09,120 [EventQueue-OpenPipelineForHealthyPipelineSafeModeRule] INFO  safemode.SCMSafeModeManager (HealthyPipelineSafeModeRule.java:process(137)) - SCM in safe mode. Healthy pipelines reported count is 0, required healthy pipeline reported count is 1
2023-09-13 06:49:09,131 [095205e7-1161-4289-a78b-dd2bf4a5be02-groupManagement] INFO  server.RaftServerConfigKeys (ConfUtils.java:logGet(46)) - raft.server.log.unsafe-flush.enabled = false (default)
2023-09-13 06:49:09,131 [095205e7-1161-4289-a78b-dd2bf4a5be02-groupManagement] INFO  server.RaftServerConfigKeys (ConfUtils.java:logGet(46)) - raft.server.log.async-flush.enabled = false (default)
2023-09-13 06:49:09,131 [095205e7-1161-4289-a78b-dd2bf4a5be02-groupManagement] INFO  server.RaftServerConfigKeys (ConfUtils.java:logGet(46)) - raft.server.log.statemachine.data.caching.enabled = true (custom)
2023-09-13 06:49:09,132 [095205e7-1161-4289-a78b-dd2bf4a5be02-groupManagement] INFO  segmented.SegmentedRaftLogWorker (SegmentedRaftLogWorker.java:lambda$new$0(135)) - 095205e7-1161-4289-a78b-dd2bf4a5be02@group-36301351904D-SegmentedRaftLogWorker: flushIndex: setUnconditionally 0 -> -1
2023-09-13 06:49:09,132 [095205e7-1161-4289-a78b-dd2bf4a5be02-groupManagement] INFO  segmented.SegmentedRaftLogWorker (SegmentedRaftLogWorker.java:lambda$new$0(135)) - 095205e7-1161-4289-a78b-dd2bf4a5be02@group-36301351904D-SegmentedRaftLogWorker: safeCacheEvictIndex: setUnconditionally 0 -> -1
2023-09-13 06:49:09,135 [095205e7-1161-4289-a78b-dd2bf4a5be02-groupManagement] INFO  server.RaftServer$Division (RaftServerImpl.java:start(342)) - 095205e7-1161-4289-a78b-dd2bf4a5be02@group-36301351904D: start as a follower, conf=-1: peers:[53aa52bb-3302-49c8-8741-f934a8213f44|rpc:10.1.0.17:15014|admin:10.1.0.17:15013|client:10.1.0.17:15012|dataStream:10.1.0.17:15015|priority:0|startupRole:FOLLOWER, d28f76a2-0ae6-4755-86d6-e75b9d48a44d|rpc:10.1.0.17:15032|admin:10.1.0.17:15031|client:10.1.0.17:15030|dataStream:10.1.0.17:15033|priority:0|startupRole:FOLLOWER, 095205e7-1161-4289-a78b-dd2bf4a5be02|rpc:10.1.0.17:15023|admin:10.1.0.17:15022|client:10.1.0.17:15021|dataStream:10.1.0.17:15024|priority:1|startupRole:FOLLOWER]|listeners:[], old=null
2023-09-13 06:49:09,135 [095205e7-1161-4289-a78b-dd2bf4a5be02-groupManagement] INFO  server.RaftServer$Division (RaftServerImpl.java:setRole(329)) - 095205e7-1161-4289-a78b-dd2bf4a5be02@group-36301351904D: changes role from      null to FOLLOWER at term 0 for startAsFollower
2023-09-13 06:49:09,135 [095205e7-1161-4289-a78b-dd2bf4a5be02-groupManagement] INFO  impl.RoleInfo (RoleInfo.java:updateAndGet(139)) - 095205e7-1161-4289-a78b-dd2bf4a5be02: start 095205e7-1161-4289-a78b-dd2bf4a5be02@group-36301351904D-FollowerState
2023-09-13 06:49:09,138 [095205e7-1161-4289-a78b-dd2bf4a5be02-groupManagement] INFO  util.JmxRegister (JmxRegister.java:tryRegister(44)) - Successfully registered JMX Bean with object name Ratis:service=RaftServer,group=group-36301351904D,id=095205e7-1161-4289-a78b-dd2bf4a5be02
2023-09-13 06:49:09,138 [095205e7-1161-4289-a78b-dd2bf4a5be02-groupManagement] INFO  server.RaftServerConfigKeys (ConfUtils.java:logGet(46)) - raft.server.snapshot.auto.trigger.enabled = true (custom)
2023-09-13 06:49:09,139 [095205e7-1161-4289-a78b-dd2bf4a5be02-groupManagement] INFO  server.RaftServerConfigKeys (ConfUtils.java:logGet(46)) - raft.server.snapshot.auto.trigger.threshold = 10000 (custom)
2023-09-13 06:49:09,139 [095205e7-1161-4289-a78b-dd2bf4a5be02-groupManagement] INFO  server.RaftServerConfigKeys (ConfUtils.java:logGet(46)) - raft.server.snapshot.retention.file.num = 5 (custom)
2023-09-13 06:49:09,139 [095205e7-1161-4289-a78b-dd2bf4a5be02-groupManagement] INFO  server.RaftServerConfigKeys (ConfUtils.java:logGet(46)) - raft.server.log.purge.upto.snapshot.index = false (default)
2023-09-13 06:49:09,139 [095205e7-1161-4289-a78b-dd2bf4a5be02@group-36301351904D-FollowerState] INFO  server.RaftServerConfigKeys (ConfUtils.java:logFallback(53)) - raft.server.rpc.first-election.timeout.min = 5s (fallback to raft.server.rpc.timeout.min)
2023-09-13 06:49:09,140 [PipelineCommandHandlerThread-0] INFO  ratis.XceiverServerRatis (XceiverServerRatis.java:addGroup(804)) - Created group PipelineID=f73d2d31-7e64-402d-88b2-36301351904d
2023-09-13 06:49:09,148 [095205e7-1161-4289-a78b-dd2bf4a5be02@group-36301351904D-FollowerState] INFO  server.RaftServerConfigKeys (ConfUtils.java:logFallback(53)) - raft.server.rpc.first-election.timeout.max = 5200ms (fallback to raft.server.rpc.timeout.max)
2023-09-13 06:49:09,176 [grpc-default-executor-0] INFO  server.RaftServer (RaftServerProxy.java:addNew(98)) - 53aa52bb-3302-49c8-8741-f934a8213f44: addNew group-36301351904D:[53aa52bb-3302-49c8-8741-f934a8213f44|rpc:10.1.0.17:15014|admin:10.1.0.17:15013|client:10.1.0.17:15012|dataStream:10.1.0.17:15015|priority:0|startupRole:FOLLOWER, d28f76a2-0ae6-4755-86d6-e75b9d48a44d|rpc:10.1.0.17:15032|admin:10.1.0.17:15031|client:10.1.0.17:15030|dataStream:10.1.0.17:15033|priority:0|startupRole:FOLLOWER, 095205e7-1161-4289-a78b-dd2bf4a5be02|rpc:10.1.0.17:15023|admin:10.1.0.17:15022|client:10.1.0.17:15021|dataStream:10.1.0.17:15024|priority:1|startupRole:FOLLOWER] returns group-36301351904D:java.util.concurrent.CompletableFuture@6c8c1c47[Not completed]
2023-09-13 06:49:09,177 [53aa52bb-3302-49c8-8741-f934a8213f44-groupManagement] INFO  server.RaftServer$Division (RaftServerImpl.java:<init>(198)) - 53aa52bb-3302-49c8-8741-f934a8213f44: new RaftServerImpl for group-36301351904D:[53aa52bb-3302-49c8-8741-f934a8213f44|rpc:10.1.0.17:15014|admin:10.1.0.17:15013|client:10.1.0.17:15012|dataStream:10.1.0.17:15015|priority:0|startupRole:FOLLOWER, d28f76a2-0ae6-4755-86d6-e75b9d48a44d|rpc:10.1.0.17:15032|admin:10.1.0.17:15031|client:10.1.0.17:15030|dataStream:10.1.0.17:15033|priority:0|startupRole:FOLLOWER, 095205e7-1161-4289-a78b-dd2bf4a5be02|rpc:10.1.0.17:15023|admin:10.1.0.17:15022|client:10.1.0.17:15021|dataStream:10.1.0.17:15024|priority:1|startupRole:FOLLOWER] with ContainerStateMachine:uninitialized
2023-09-13 06:49:09,177 [53aa52bb-3302-49c8-8741-f934a8213f44-groupManagement] INFO  server.RaftServerConfigKeys (ConfUtils.java:logGet(46)) - raft.server.rpc.timeout.min = 5s (custom)
2023-09-13 06:49:09,177 [53aa52bb-3302-49c8-8741-f934a8213f44-groupManagement] INFO  server.RaftServerConfigKeys (ConfUtils.java:logGet(46)) - raft.server.rpc.timeout.max = 5200ms (custom)
2023-09-13 06:49:09,177 [53aa52bb-3302-49c8-8741-f934a8213f44-groupManagement] INFO  server.RaftServerConfigKeys (ConfUtils.java:logGet(46)) - raft.server.rpc.sleep.time = 25ms (default)
2023-09-13 06:49:09,177 [53aa52bb-3302-49c8-8741-f934a8213f44-groupManagement] INFO  server.RaftServerConfigKeys (ConfUtils.java:logGet(46)) - raft.server.rpc.slowness.timeout = 300000ms (custom)
2023-09-13 06:49:09,177 [53aa52bb-3302-49c8-8741-f934a8213f44-groupManagement] INFO  server.RaftServerConfigKeys (ConfUtils.java:logGet(46)) - raft.server.leaderelection.leader.step-down.wait-time = 10s (default)
2023-09-13 06:49:09,177 [53aa52bb-3302-49c8-8741-f934a8213f44-groupManagement] INFO  server.RaftServerConfigKeys (ConfUtils.java:logGet(46)) - raft.server.sleep.deviation.threshold = 300ms (default)
2023-09-13 06:49:09,177 [53aa52bb-3302-49c8-8741-f934a8213f44-groupManagement] INFO  server.RaftServer$Division (ServerState.java:<init>(120)) - 53aa52bb-3302-49c8-8741-f934a8213f44@group-36301351904D: ConfigurationManager, init=-1: peers:[53aa52bb-3302-49c8-8741-f934a8213f44|rpc:10.1.0.17:15014|admin:10.1.0.17:15013|client:10.1.0.17:15012|dataStream:10.1.0.17:15015|priority:0|startupRole:FOLLOWER, d28f76a2-0ae6-4755-86d6-e75b9d48a44d|rpc:10.1.0.17:15032|admin:10.1.0.17:15031|client:10.1.0.17:15030|dataStream:10.1.0.17:15033|priority:0|startupRole:FOLLOWER, 095205e7-1161-4289-a78b-dd2bf4a5be02|rpc:10.1.0.17:15023|admin:10.1.0.17:15022|client:10.1.0.17:15021|dataStream:10.1.0.17:15024|priority:1|startupRole:FOLLOWER]|listeners:[], old=null, confs=<EMPTY_MAP>
2023-09-13 06:49:09,177 [53aa52bb-3302-49c8-8741-f934a8213f44-groupManagement] INFO  server.RaftServerConfigKeys (ConfUtils.java:logGet(46)) - raft.server.storage.dir = [/home/runner/work/ozone/ozone/hadoop-ozone/integration-test/target/test-dir/MiniOzoneClusterImpl-e4211fca-df1e-4788-9bfe-f086778bfd1d/datanode-0/data/ratis] (custom)
2023-09-13 06:49:09,178 [53aa52bb-3302-49c8-8741-f934a8213f44-groupManagement] INFO  server.RaftServerConfigKeys (ConfUtils.java:logGet(46)) - raft.server.log.corruption.policy = EXCEPTION (default)
2023-09-13 06:49:09,178 [53aa52bb-3302-49c8-8741-f934a8213f44-groupManagement] INFO  server.RaftServerConfigKeys (ConfUtils.java:logGet(46)) - raft.server.storage.free-space.min = 0MB (=0) (default)
2023-09-13 06:49:09,178 [53aa52bb-3302-49c8-8741-f934a8213f44-groupManagement] INFO  server.RaftServerConfigKeys (ConfUtils.java:logGet(46)) - raft.server.notification.no-leader.timeout = 300000ms (custom)
2023-09-13 06:49:09,178 [53aa52bb-3302-49c8-8741-f934a8213f44-groupManagement] INFO  server.RaftServerConfigKeys (ConfUtils.java:logGet(46)) - raft.server.read.timeout = 10s (default)
2023-09-13 06:49:09,178 [53aa52bb-3302-49c8-8741-f934a8213f44-groupManagement] INFO  server.RaftServerConfigKeys (ConfUtils.java:logGet(46)) - raft.server.retrycache.expirytime = 600000ms (custom)
2023-09-13 06:49:09,178 [53aa52bb-3302-49c8-8741-f934a8213f44-groupManagement] INFO  server.RaftServerConfigKeys (ConfUtils.java:logGet(46)) - raft.server.retrycache.statistics.expirytime = 100μs (default)
2023-09-13 06:49:09,178 [53aa52bb-3302-49c8-8741-f934a8213f44-groupManagement] INFO  server.RaftServerConfigKeys (ConfUtils.java:logGet(46)) - raft.server.read.option = DEFAULT (default)
2023-09-13 06:49:09,179 [53aa52bb-3302-49c8-8741-f934a8213f44-groupManagement] INFO  server.RaftServerConfigKeys (ConfUtils.java:logGet(46)) - raft.server.rpc.request.timeout = 3000ms (default)
2023-09-13 06:49:09,179 [53aa52bb-3302-49c8-8741-f934a8213f44-groupManagement] INFO  server.RaftServerConfigKeys (ConfUtils.java:logGet(46)) - raft.server.log.appender.install.snapshot.enabled = false (custom)
2023-09-13 06:49:09,179 [53aa52bb-3302-49c8-8741-f934a8213f44-groupManagement] INFO  server.RaftServerConfigKeys (ConfUtils.java:logGet(46)) - raft.server.threadpool.server.cached = true (default)
2023-09-13 06:49:09,179 [53aa52bb-3302-49c8-8741-f934a8213f44-groupManagement] INFO  server.RaftServerConfigKeys (ConfUtils.java:logGet(46)) - raft.server.threadpool.server.size = 0 (default)
2023-09-13 06:49:09,179 [53aa52bb-3302-49c8-8741-f934a8213f44-groupManagement] INFO  server.RaftServerConfigKeys (ConfUtils.java:logGet(46)) - raft.server.threadpool.client.cached = true (default)
2023-09-13 06:49:09,179 [53aa52bb-3302-49c8-8741-f934a8213f44-groupManagement] INFO  server.RaftServerConfigKeys (ConfUtils.java:logGet(46)) - raft.server.threadpool.client.size = 0 (default)
2023-09-13 06:49:09,180 [53aa52bb-3302-49c8-8741-f934a8213f44-groupManagement] INFO  storage.RaftStorageDirectory (RaftStorageDirectoryImpl.java:analyzeStorage(137)) - The storage directory /home/runner/work/ozone/ozone/hadoop-ozone/integration-test/target/test-dir/MiniOzoneClusterImpl-e4211fca-df1e-4788-9bfe-f086778bfd1d/datanode-0/data/ratis/f73d2d31-7e64-402d-88b2-36301351904d does not exist. Creating ...
2023-09-13 06:49:09,183 [53aa52bb-3302-49c8-8741-f934a8213f44-groupManagement] INFO  storage.RaftStorageDirectory (RaftStorageDirectoryImpl.java:tryLock(231)) - Lock on /home/runner/work/ozone/ozone/hadoop-ozone/integration-test/target/test-dir/MiniOzoneClusterImpl-e4211fca-df1e-4788-9bfe-f086778bfd1d/datanode-0/data/ratis/f73d2d31-7e64-402d-88b2-36301351904d/in_use.lock acquired by nodename 3839@fv-az460-410
2023-09-13 06:49:09,185 [53aa52bb-3302-49c8-8741-f934a8213f44-groupManagement] INFO  storage.RaftStorage (RaftStorageImpl.java:format(96)) - Storage directory /home/runner/work/ozone/ozone/hadoop-ozone/integration-test/target/test-dir/MiniOzoneClusterImpl-e4211fca-df1e-4788-9bfe-f086778bfd1d/datanode-0/data/ratis/f73d2d31-7e64-402d-88b2-36301351904d has been successfully formatted.
2023-09-13 06:49:09,185 [53aa52bb-3302-49c8-8741-f934a8213f44-groupManagement] INFO  ratis.ContainerStateMachine (ContainerStateMachine.java:loadSnapshot(262)) - group-36301351904D: The snapshot info is null. Setting the last applied indexto:(t:0, i:~)
2023-09-13 06:49:09,185 [53aa52bb-3302-49c8-8741-f934a8213f44-groupManagement] INFO  server.RaftServerConfigKeys (ConfUtils.java:logGet(46)) - raft.server.log.use.memory = false (default)
2023-09-13 06:49:09,185 [53aa52bb-3302-49c8-8741-f934a8213f44-groupManagement] INFO  server.RaftServerConfigKeys (ConfUtils.java:logGet(46)) - raft.server.log.purge.gap = 1000000 (custom)
2023-09-13 06:49:09,185 [53aa52bb-3302-49c8-8741-f934a8213f44-groupManagement] INFO  server.RaftServerConfigKeys (ConfUtils.java:logGet(46)) - raft.server.log.appender.buffer.byte-limit = 33554432 (custom)
2023-09-13 06:49:09,186 [53aa52bb-3302-49c8-8741-f934a8213f44-groupManagement] INFO  server.RaftServerConfigKeys (ConfUtils.java:logGet(46)) - raft.server.log.statemachine.data.read.timeout = 1000ms (default)
2023-09-13 06:49:09,186 [53aa52bb-3302-49c8-8741-f934a8213f44-groupManagement] INFO  server.RaftServerConfigKeys (ConfUtils.java:logGet(46)) - raft.server.log.purge.preservation.log.num = 0 (default)
2023-09-13 06:49:09,188 [EventQueue-OpenPipelineForHealthyPipelineSafeModeRule] INFO  safemode.SCMSafeModeManager (HealthyPipelineSafeModeRule.java:process(137)) - SCM in safe mode. Healthy pipelines reported count is 0, required healthy pipeline reported count is 1
2023-09-13 06:49:09,200 [53aa52bb-3302-49c8-8741-f934a8213f44-groupManagement] INFO  server.RaftServerConfigKeys (ConfUtils.java:logGet(46)) - raft.server.log.segment.size.max = 1048576 (custom)
2023-09-13 06:49:09,206 [53aa52bb-3302-49c8-8741-f934a8213f44-groupManagement] INFO  server.RaftServerConfigKeys (ConfUtils.java:logGet(46)) - raft.server.log.segment.cache.num.max = 2 (custom)
2023-09-13 06:49:09,206 [53aa52bb-3302-49c8-8741-f934a8213f44-groupManagement] INFO  server.RaftServerConfigKeys (ConfUtils.java:logGet(46)) - raft.server.log.segment.cache.size.max = 200MB (=209715200) (default)
2023-09-13 06:49:09,206 [53aa52bb-3302-49c8-8741-f934a8213f44-groupManagement] INFO  server.RaftServerConfigKeys (ConfUtils.java:logGet(46)) - raft.server.log.appender.buffer.byte-limit = 33554432 (custom)
2023-09-13 06:49:09,206 [53aa52bb-3302-49c8-8741-f934a8213f44-groupManagement] INFO  segmented.SegmentedRaftLogWorker (SegmentedRaftLogWorker.java:<init>(188)) - new 53aa52bb-3302-49c8-8741-f934a8213f44@group-36301351904D-SegmentedRaftLogWorker for RaftStorageImpl:Storage Directory /home/runner/work/ozone/ozone/hadoop-ozone/integration-test/target/test-dir/MiniOzoneClusterImpl-e4211fca-df1e-4788-9bfe-f086778bfd1d/datanode-0/data/ratis/f73d2d31-7e64-402d-88b2-36301351904d
2023-09-13 06:49:09,206 [53aa52bb-3302-49c8-8741-f934a8213f44-groupManagement] INFO  server.RaftServerConfigKeys (ConfUtils.java:logGet(46)) - raft.server.log.queue.byte-limit = 4294967296 (custom)
2023-09-13 06:49:09,206 [53aa52bb-3302-49c8-8741-f934a8213f44-groupManagement] INFO  server.RaftServerConfigKeys (ConfUtils.java:logGet(46)) - raft.server.log.queue.element-limit = 1024 (custom)
2023-09-13 06:49:09,206 [53aa52bb-3302-49c8-8741-f934a8213f44-groupManagement] INFO  server.RaftServerConfigKeys (ConfUtils.java:logGet(46)) - raft.server.log.segment.size.max = 1048576 (custom)
2023-09-13 06:49:09,206 [53aa52bb-3302-49c8-8741-f934a8213f44-groupManagement] INFO  server.RaftServerConfigKeys (ConfUtils.java:logGet(46)) - raft.server.log.preallocated.size = 16384 (custom)
2023-09-13 06:49:09,206 [53aa52bb-3302-49c8-8741-f934a8213f44-groupManagement] INFO  server.RaftServerConfigKeys (ConfUtils.java:logGet(46)) - raft.server.log.force.sync.num = 128 (default)
2023-09-13 06:49:09,206 [53aa52bb-3302-49c8-8741-f934a8213f44-groupManagement] INFO  server.RaftServerConfigKeys (ConfUtils.java:logGet(46)) - raft.server.log.statemachine.data.sync = true (default)
2023-09-13 06:49:09,206 [53aa52bb-3302-49c8-8741-f934a8213f44-groupManagement] INFO  server.RaftServerConfigKeys (ConfUtils.java:logGet(46)) - raft.server.log.statemachine.data.sync.timeout = 10s (default)
2023-09-13 06:49:09,206 [53aa52bb-3302-49c8-8741-f934a8213f44-groupManagement] INFO  server.RaftServerConfigKeys (ConfUtils.java:logGet(46)) - raft.server.log.statemachine.data.sync.timeout.retry = -1 (default)
2023-09-13 06:49:09,207 [53aa52bb-3302-49c8-8741-f934a8213f44-groupManagement] INFO  server.RaftServerConfigKeys (ConfUtils.java:logGet(46)) - raft.server.log.write.buffer.size = 1048576 (custom)
2023-09-13 06:49:09,208 [53aa52bb-3302-49c8-8741-f934a8213f44-groupManagement] INFO  server.RaftServerConfigKeys (ConfUtils.java:logGet(46)) - raft.server.log.appender.buffer.byte-limit = 33554432 (custom)
2023-09-13 06:49:09,218 [53aa52bb-3302-49c8-8741-f934a8213f44-groupManagement] INFO  server.RaftServerConfigKeys (ConfUtils.java:logGet(46)) - raft.server.log.unsafe-flush.enabled = false (default)
2023-09-13 06:49:09,218 [53aa52bb-3302-49c8-8741-f934a8213f44-groupManagement] INFO  server.RaftServerConfigKeys (ConfUtils.java:logGet(46)) - raft.server.log.async-flush.enabled = false (default)
2023-09-13 06:49:09,218 [53aa52bb-3302-49c8-8741-f934a8213f44-groupManagement] INFO  server.RaftServerConfigKeys (ConfUtils.java:logGet(46)) - raft.server.log.statemachine.data.caching.enabled = true (custom)
2023-09-13 06:49:09,218 [53aa52bb-3302-49c8-8741-f934a8213f44-groupManagement] INFO  segmented.SegmentedRaftLogWorker (SegmentedRaftLogWorker.java:lambda$new$0(135)) - 53aa52bb-3302-49c8-8741-f934a8213f44@group-36301351904D-SegmentedRaftLogWorker: flushIndex: setUnconditionally 0 -> -1
2023-09-13 06:49:09,218 [53aa52bb-3302-49c8-8741-f934a8213f44-groupManagement] INFO  segmented.SegmentedRaftLogWorker (SegmentedRaftLogWorker.java:lambda$new$0(135)) - 53aa52bb-3302-49c8-8741-f934a8213f44@group-36301351904D-SegmentedRaftLogWorker: safeCacheEvictIndex: setUnconditionally 0 -> -1
2023-09-13 06:49:09,219 [53aa52bb-3302-49c8-8741-f934a8213f44-groupManagement] INFO  server.RaftServer$Division (RaftServerImpl.java:start(342)) - 53aa52bb-3302-49c8-8741-f934a8213f44@group-36301351904D: start as a follower, conf=-1: peers:[53aa52bb-3302-49c8-8741-f934a8213f44|rpc:10.1.0.17:15014|admin:10.1.0.17:15013|client:10.1.0.17:15012|dataStream:10.1.0.17:15015|priority:0|startupRole:FOLLOWER, d28f76a2-0ae6-4755-86d6-e75b9d48a44d|rpc:10.1.0.17:15032|admin:10.1.0.17:15031|client:10.1.0.17:15030|dataStream:10.1.0.17:15033|priority:0|startupRole:FOLLOWER, 095205e7-1161-4289-a78b-dd2bf4a5be02|rpc:10.1.0.17:15023|admin:10.1.0.17:15022|client:10.1.0.17:15021|dataStream:10.1.0.17:15024|priority:1|startupRole:FOLLOWER]|listeners:[], old=null
2023-09-13 06:49:09,219 [53aa52bb-3302-49c8-8741-f934a8213f44-groupManagement] INFO  server.RaftServer$Division (RaftServerImpl.java:setRole(329)) - 53aa52bb-3302-49c8-8741-f934a8213f44@group-36301351904D: changes role from      null to FOLLOWER at term 0 for startAsFollower
2023-09-13 06:49:09,219 [53aa52bb-3302-49c8-8741-f934a8213f44-groupManagement] INFO  impl.RoleInfo (RoleInfo.java:updateAndGet(139)) - 53aa52bb-3302-49c8-8741-f934a8213f44: start 53aa52bb-3302-49c8-8741-f934a8213f44@group-36301351904D-FollowerState
2023-09-13 06:49:09,220 [53aa52bb-3302-49c8-8741-f934a8213f44-groupManagement] INFO  util.JmxRegister (JmxRegister.java:tryRegister(44)) - Successfully registered JMX Bean with object name Ratis:service=RaftServer,group=group-36301351904D,id=53aa52bb-3302-49c8-8741-f934a8213f44
2023-09-13 06:49:09,220 [53aa52bb-3302-49c8-8741-f934a8213f44-groupManagement] INFO  server.RaftServerConfigKeys (ConfUtils.java:logGet(46)) - raft.server.snapshot.auto.trigger.enabled = true (custom)
2023-09-13 06:49:09,220 [53aa52bb-3302-49c8-8741-f934a8213f44-groupManagement] INFO  server.RaftServerConfigKeys (ConfUtils.java:logGet(46)) - raft.server.snapshot.auto.trigger.threshold = 10000 (custom)
2023-09-13 06:49:09,220 [53aa52bb-3302-49c8-8741-f934a8213f44-groupManagement] INFO  server.RaftServerConfigKeys (ConfUtils.java:logGet(46)) - raft.server.snapshot.retention.file.num = 5 (custom)
2023-09-13 06:49:09,220 [53aa52bb-3302-49c8-8741-f934a8213f44-groupManagement] INFO  server.RaftServerConfigKeys (ConfUtils.java:logGet(46)) - raft.server.log.purge.upto.snapshot.index = false (default)
2023-09-13 06:49:09,221 [53aa52bb-3302-49c8-8741-f934a8213f44@group-36301351904D-FollowerState] INFO  server.RaftServerConfigKeys (ConfUtils.java:logFallback(53)) - raft.server.rpc.first-election.timeout.min = 5s (fallback to raft.server.rpc.timeout.min)
2023-09-13 06:49:09,235 [53aa52bb-3302-49c8-8741-f934a8213f44@group-36301351904D-FollowerState] INFO  server.RaftServerConfigKeys (ConfUtils.java:logFallback(53)) - raft.server.rpc.first-election.timeout.max = 5200ms (fallback to raft.server.rpc.timeout.max)
2023-09-13 06:49:09,275 [grpc-default-executor-0] INFO  server.RaftServer (RaftServerProxy.java:addNew(98)) - d28f76a2-0ae6-4755-86d6-e75b9d48a44d: addNew group-3544293C3AC0:[53aa52bb-3302-49c8-8741-f934a8213f44|rpc:10.1.0.17:15014|admin:10.1.0.17:15013|client:10.1.0.17:15012|dataStream:10.1.0.17:15015|priority:0|startupRole:FOLLOWER, d28f76a2-0ae6-4755-86d6-e75b9d48a44d|rpc:10.1.0.17:15032|admin:10.1.0.17:15031|client:10.1.0.17:15030|dataStream:10.1.0.17:15033|priority:1|startupRole:FOLLOWER, 095205e7-1161-4289-a78b-dd2bf4a5be02|rpc:10.1.0.17:15023|admin:10.1.0.17:15022|client:10.1.0.17:15021|dataStream:10.1.0.17:15024|priority:0|startupRole:FOLLOWER] returns group-3544293C3AC0:java.util.concurrent.CompletableFuture@4a60121[Not completed]
2023-09-13 06:49:09,277 [d28f76a2-0ae6-4755-86d6-e75b9d48a44d-groupManagement] INFO  server.RaftServer$Division (RaftServerImpl.java:<init>(198)) - d28f76a2-0ae6-4755-86d6-e75b9d48a44d: new RaftServerImpl for group-3544293C3AC0:[53aa52bb-3302-49c8-8741-f934a8213f44|rpc:10.1.0.17:15014|admin:10.1.0.17:15013|client:10.1.0.17:15012|dataStream:10.1.0.17:15015|priority:0|startupRole:FOLLOWER, d28f76a2-0ae6-4755-86d6-e75b9d48a44d|rpc:10.1.0.17:15032|admin:10.1.0.17:15031|client:10.1.0.17:15030|dataStream:10.1.0.17:15033|priority:1|startupRole:FOLLOWER, 095205e7-1161-4289-a78b-dd2bf4a5be02|rpc:10.1.0.17:15023|admin:10.1.0.17:15022|client:10.1.0.17:15021|dataStream:10.1.0.17:15024|priority:0|startupRole:FOLLOWER] with ContainerStateMachine:uninitialized
2023-09-13 06:49:09,278 [d28f76a2-0ae6-4755-86d6-e75b9d48a44d-groupManagement] INFO  server.RaftServerConfigKeys (ConfUtils.java:logGet(46)) - raft.server.rpc.timeout.min = 5s (custom)
2023-09-13 06:49:09,278 [d28f76a2-0ae6-4755-86d6-e75b9d48a44d-groupManagement] INFO  server.RaftServerConfigKeys (ConfUtils.java:logGet(46)) - raft.server.rpc.timeout.max = 5200ms (custom)
2023-09-13 06:49:09,278 [d28f76a2-0ae6-4755-86d6-e75b9d48a44d-groupManagement] INFO  server.RaftServerConfigKeys (ConfUtils.java:logGet(46)) - raft.server.rpc.sleep.time = 25ms (default)
2023-09-13 06:49:09,278 [d28f76a2-0ae6-4755-86d6-e75b9d48a44d-groupManagement] INFO  server.RaftServerConfigKeys (ConfUtils.java:logGet(46)) - raft.server.rpc.slowness.timeout = 300000ms (custom)
2023-09-13 06:49:09,278 [d28f76a2-0ae6-4755-86d6-e75b9d48a44d-groupManagement] INFO  server.RaftServerConfigKeys (ConfUtils.java:logGet(46)) - raft.server.leaderelection.leader.step-down.wait-time = 10s (default)
2023-09-13 06:49:09,278 [d28f76a2-0ae6-4755-86d6-e75b9d48a44d-groupManagement] INFO  server.RaftServerConfigKeys (ConfUtils.java:logGet(46)) - raft.server.sleep.deviation.threshold = 300ms (default)
2023-09-13 06:49:09,278 [d28f76a2-0ae6-4755-86d6-e75b9d48a44d-groupManagement] INFO  server.RaftServer$Division (ServerState.java:<init>(120)) - d28f76a2-0ae6-4755-86d6-e75b9d48a44d@group-3544293C3AC0: ConfigurationManager, init=-1: peers:[53aa52bb-3302-49c8-8741-f934a8213f44|rpc:10.1.0.17:15014|admin:10.1.0.17:15013|client:10.1.0.17:15012|dataStream:10.1.0.17:15015|priority:0|startupRole:FOLLOWER, d28f76a2-0ae6-4755-86d6-e75b9d48a44d|rpc:10.1.0.17:15032|admin:10.1.0.17:15031|client:10.1.0.17:15030|dataStream:10.1.0.17:15033|priority:1|startupRole:FOLLOWER, 095205e7-1161-4289-a78b-dd2bf4a5be02|rpc:10.1.0.17:15023|admin:10.1.0.17:15022|client:10.1.0.17:15021|dataStream:10.1.0.17:15024|priority:0|startupRole:FOLLOWER]|listeners:[], old=null, confs=<EMPTY_MAP>
2023-09-13 06:49:09,278 [d28f76a2-0ae6-4755-86d6-e75b9d48a44d-groupManagement] INFO  server.RaftServerConfigKeys (ConfUtils.java:logGet(46)) - raft.server.storage.dir = [/home/runner/work/ozone/ozone/hadoop-ozone/integration-test/target/test-dir/MiniOzoneClusterImpl-e4211fca-df1e-4788-9bfe-f086778bfd1d/datanode-2/data/ratis] (custom)
2023-09-13 06:49:09,278 [d28f76a2-0ae6-4755-86d6-e75b9d48a44d-groupManagement] INFO  server.RaftServerConfigKeys (ConfUtils.java:logGet(46)) - raft.server.log.corruption.policy = EXCEPTION (default)
2023-09-13 06:49:09,278 [d28f76a2-0ae6-4755-86d6-e75b9d48a44d-groupManagement] INFO  server.RaftServerConfigKeys (ConfUtils.java:logGet(46)) - raft.server.storage.free-space.min = 0MB (=0) (default)
2023-09-13 06:49:09,279 [d28f76a2-0ae6-4755-86d6-e75b9d48a44d-groupManagement] INFO  server.RaftServerConfigKeys (ConfUtils.java:logGet(46)) - raft.server.notification.no-leader.timeout = 300000ms (custom)
2023-09-13 06:49:09,279 [d28f76a2-0ae6-4755-86d6-e75b9d48a44d-groupManagement] INFO  server.RaftServerConfigKeys (ConfUtils.java:logGet(46)) - raft.server.read.timeout = 10s (default)
2023-09-13 06:49:09,279 [d28f76a2-0ae6-4755-86d6-e75b9d48a44d-groupManagement] INFO  server.RaftServerConfigKeys (ConfUtils.java:logGet(46)) - raft.server.retrycache.expirytime = 600000ms (custom)
2023-09-13 06:49:09,279 [d28f76a2-0ae6-4755-86d6-e75b9d48a44d-groupManagement] INFO  server.RaftServerConfigKeys (ConfUtils.java:logGet(46)) - raft.server.retrycache.statistics.expirytime = 100μs (default)
2023-09-13 06:49:09,279 [d28f76a2-0ae6-4755-86d6-e75b9d48a44d-groupManagement] INFO  server.RaftServerConfigKeys (ConfUtils.java:logGet(46)) - raft.server.read.option = DEFAULT (default)
2023-09-13 06:49:09,281 [grpc-default-executor-1] INFO  server.RaftServer (RaftServerProxy.java:addNew(98)) - d28f76a2-0ae6-4755-86d6-e75b9d48a44d: addNew group-36301351904D:[53aa52bb-3302-49c8-8741-f934a8213f44|rpc:10.1.0.17:15014|admin:10.1.0.17:15013|client:10.1.0.17:15012|dataStream:10.1.0.17:15015|priority:0|startupRole:FOLLOWER, d28f76a2-0ae6-4755-86d6-e75b9d48a44d|rpc:10.1.0.17:15032|admin:10.1.0.17:15031|client:10.1.0.17:15030|dataStream:10.1.0.17:15033|priority:0|startupRole:FOLLOWER, 095205e7-1161-4289-a78b-dd2bf4a5be02|rpc:10.1.0.17:15023|admin:10.1.0.17:15022|client:10.1.0.17:15021|dataStream:10.1.0.17:15024|priority:1|startupRole:FOLLOWER] returns group-36301351904D:java.util.concurrent.CompletableFuture@5710aeb0[Not completed]
2023-09-13 06:49:09,290 [d28f76a2-0ae6-4755-86d6-e75b9d48a44d-groupManagement] INFO  server.RaftServerConfigKeys (ConfUtils.java:logGet(46)) - raft.server.rpc.request.timeout = 3000ms (default)
2023-09-13 06:49:09,291 [d28f76a2-0ae6-4755-86d6-e75b9d48a44d-groupManagement] INFO  server.RaftServerConfigKeys (ConfUtils.java:logGet(46)) - raft.server.log.appender.install.snapshot.enabled = false (custom)
2023-09-13 06:49:09,291 [d28f76a2-0ae6-4755-86d6-e75b9d48a44d-groupManagement] INFO  server.RaftServerConfigKeys (ConfUtils.java:logGet(46)) - raft.server.threadpool.server.cached = true (default)
2023-09-13 06:49:09,291 [d28f76a2-0ae6-4755-86d6-e75b9d48a44d-groupManagement] INFO  server.RaftServerConfigKeys (ConfUtils.java:logGet(46)) - raft.server.threadpool.server.size = 0 (default)
2023-09-13 06:49:09,291 [d28f76a2-0ae6-4755-86d6-e75b9d48a44d-groupManagement] INFO  server.RaftServerConfigKeys (ConfUtils.java:logGet(46)) - raft.server.threadpool.client.cached = true (default)
2023-09-13 06:49:09,291 [d28f76a2-0ae6-4755-86d6-e75b9d48a44d-groupManagement] INFO  server.RaftServerConfigKeys (ConfUtils.java:logGet(46)) - raft.server.threadpool.client.size = 0 (default)
2023-09-13 06:49:09,292 [d28f76a2-0ae6-4755-86d6-e75b9d48a44d-groupManagement] INFO  server.RaftServer$Division (RaftServerImpl.java:<init>(198)) - d28f76a2-0ae6-4755-86d6-e75b9d48a44d: new RaftServerImpl for group-36301351904D:[53aa52bb-3302-49c8-8741-f934a8213f44|rpc:10.1.0.17:15014|admin:10.1.0.17:15013|client:10.1.0.17:15012|dataStream:10.1.0.17:15015|priority:0|startupRole:FOLLOWER, d28f76a2-0ae6-4755-86d6-e75b9d48a44d|rpc:10.1.0.17:15032|admin:10.1.0.17:15031|client:10.1.0.17:15030|dataStream:10.1.0.17:15033|priority:0|startupRole:FOLLOWER, 095205e7-1161-4289-a78b-dd2bf4a5be02|rpc:10.1.0.17:15023|admin:10.1.0.17:15022|client:10.1.0.17:15021|dataStream:10.1.0.17:15024|priority:1|startupRole:FOLLOWER] with ContainerStateMachine:uninitialized
2023-09-13 06:49:09,292 [d28f76a2-0ae6-4755-86d6-e75b9d48a44d-groupManagement] INFO  server.RaftServerConfigKeys (ConfUtils.java:logGet(46)) - raft.server.rpc.timeout.min = 5s (custom)
2023-09-13 06:49:09,294 [d28f76a2-0ae6-4755-86d6-e75b9d48a44d-groupManagement] INFO  server.RaftServerConfigKeys (ConfUtils.java:logGet(46)) - raft.server.rpc.timeout.max = 5200ms (custom)
2023-09-13 06:49:09,294 [d28f76a2-0ae6-4755-86d6-e75b9d48a44d-groupManagement] INFO  server.RaftServerConfigKeys (ConfUtils.java:logGet(46)) - raft.server.rpc.sleep.time = 25ms (default)
2023-09-13 06:49:09,294 [d28f76a2-0ae6-4755-86d6-e75b9d48a44d-groupManagement] INFO  server.RaftServerConfigKeys (ConfUtils.java:logGet(46)) - raft.server.rpc.slowness.timeout = 300000ms (custom)
2023-09-13 06:49:09,294 [d28f76a2-0ae6-4755-86d6-e75b9d48a44d-groupManagement] INFO  server.RaftServerConfigKeys (ConfUtils.java:logGet(46)) - raft.server.leaderelection.leader.step-down.wait-time = 10s (default)
2023-09-13 06:49:09,294 [d28f76a2-0ae6-4755-86d6-e75b9d48a44d-groupManagement] INFO  server.RaftServerConfigKeys (ConfUtils.java:logGet(46)) - raft.server.sleep.deviation.threshold = 300ms (default)
2023-09-13 06:49:09,294 [d28f76a2-0ae6-4755-86d6-e75b9d48a44d-groupManagement] INFO  server.RaftServer$Division (ServerState.java:<init>(120)) - d28f76a2-0ae6-4755-86d6-e75b9d48a44d@group-36301351904D: ConfigurationManager, init=-1: peers:[53aa52bb-3302-49c8-8741-f934a8213f44|rpc:10.1.0.17:15014|admin:10.1.0.17:15013|client:10.1.0.17:15012|dataStream:10.1.0.17:15015|priority:0|startupRole:FOLLOWER, d28f76a2-0ae6-4755-86d6-e75b9d48a44d|rpc:10.1.0.17:15032|admin:10.1.0.17:15031|client:10.1.0.17:15030|dataStream:10.1.0.17:15033|priority:0|startupRole:FOLLOWER, 095205e7-1161-4289-a78b-dd2bf4a5be02|rpc:10.1.0.17:15023|admin:10.1.0.17:15022|client:10.1.0.17:15021|dataStream:10.1.0.17:15024|priority:1|startupRole:FOLLOWER]|listeners:[], old=null, confs=<EMPTY_MAP>
2023-09-13 06:49:09,294 [d28f76a2-0ae6-4755-86d6-e75b9d48a44d-groupManagement] INFO  server.RaftServerConfigKeys (ConfUtils.java:logGet(46)) - raft.server.storage.dir = [/home/runner/work/ozone/ozone/hadoop-ozone/integration-test/target/test-dir/MiniOzoneClusterImpl-e4211fca-df1e-4788-9bfe-f086778bfd1d/datanode-2/data/ratis] (custom)
2023-09-13 06:49:09,294 [d28f76a2-0ae6-4755-86d6-e75b9d48a44d-groupManagement] INFO  server.RaftServerConfigKeys (ConfUtils.java:logGet(46)) - raft.server.log.corruption.policy = EXCEPTION (default)
2023-09-13 06:49:09,294 [d28f76a2-0ae6-4755-86d6-e75b9d48a44d-groupManagement] INFO  server.RaftServerConfigKeys (ConfUtils.java:logGet(46)) - raft.server.storage.free-space.min = 0MB (=0) (default)
2023-09-13 06:49:09,295 [d28f76a2-0ae6-4755-86d6-e75b9d48a44d-groupManagement] INFO  server.RaftServerConfigKeys (ConfUtils.java:logGet(46)) - raft.server.notification.no-leader.timeout = 300000ms (custom)
2023-09-13 06:49:09,295 [d28f76a2-0ae6-4755-86d6-e75b9d48a44d-groupManagement] INFO  server.RaftServerConfigKeys (ConfUtils.java:logGet(46)) - raft.server.read.timeout = 10s (default)
2023-09-13 06:49:09,295 [d28f76a2-0ae6-4755-86d6-e75b9d48a44d-groupManagement] INFO  server.RaftServerConfigKeys (ConfUtils.java:logGet(46)) - raft.server.retrycache.expirytime = 600000ms (custom)
2023-09-13 06:49:09,295 [d28f76a2-0ae6-4755-86d6-e75b9d48a44d-groupManagement] INFO  server.RaftServerConfigKeys (ConfUtils.java:logGet(46)) - raft.server.retrycache.statistics.expirytime = 100μs (default)
2023-09-13 06:49:09,295 [d28f76a2-0ae6-4755-86d6-e75b9d48a44d-groupManagement] INFO  server.RaftServerConfigKeys (ConfUtils.java:logGet(46)) - raft.server.read.option = DEFAULT (default)
2023-09-13 06:49:09,297 [d28f76a2-0ae6-4755-86d6-e75b9d48a44d-groupManagement] INFO  server.RaftServerConfigKeys (ConfUtils.java:logGet(46)) - raft.server.rpc.request.timeout = 3000ms (default)
2023-09-13 06:49:09,297 [d28f76a2-0ae6-4755-86d6-e75b9d48a44d-groupManagement] INFO  server.RaftServerConfigKeys (ConfUtils.java:logGet(46)) - raft.server.log.appender.install.snapshot.enabled = false (custom)
2023-09-13 06:49:09,297 [d28f76a2-0ae6-4755-86d6-e75b9d48a44d-groupManagement] INFO  server.RaftServerConfigKeys (ConfUtils.java:logGet(46)) - raft.server.threadpool.server.cached = true (default)
2023-09-13 06:49:09,297 [d28f76a2-0ae6-4755-86d6-e75b9d48a44d-groupManagement] INFO  server.RaftServerConfigKeys (ConfUtils.java:logGet(46)) - raft.server.threadpool.server.size = 0 (default)
2023-09-13 06:49:09,297 [d28f76a2-0ae6-4755-86d6-e75b9d48a44d-groupManagement] INFO  server.RaftServerConfigKeys (ConfUtils.java:logGet(46)) - raft.server.threadpool.client.cached = true (default)
2023-09-13 06:49:09,297 [d28f76a2-0ae6-4755-86d6-e75b9d48a44d-groupManagement] INFO  server.RaftServerConfigKeys (ConfUtils.java:logGet(46)) - raft.server.threadpool.client.size = 0 (default)
2023-09-13 06:49:09,297 [d28f76a2-0ae6-4755-86d6-e75b9d48a44d-groupManagement] INFO  storage.RaftStorageDirectory (RaftStorageDirectoryImpl.java:analyzeStorage(137)) - The storage directory /home/runner/work/ozone/ozone/hadoop-ozone/integration-test/target/test-dir/MiniOzoneClusterImpl-e4211fca-df1e-4788-9bfe-f086778bfd1d/datanode-2/data/ratis/e349e6d4-40f9-4e99-996b-3544293c3ac0 does not exist. Creating ...
2023-09-13 06:49:09,299 [d28f76a2-0ae6-4755-86d6-e75b9d48a44d-groupManagement] INFO  storage.RaftStorageDirectory (RaftStorageDirectoryImpl.java:tryLock(231)) - Lock on /home/runner/work/ozone/ozone/hadoop-ozone/integration-test/target/test-dir/MiniOzoneClusterImpl-e4211fca-df1e-4788-9bfe-f086778bfd1d/datanode-2/data/ratis/e349e6d4-40f9-4e99-996b-3544293c3ac0/in_use.lock acquired by nodename 3839@fv-az460-410
2023-09-13 06:49:09,301 [d28f76a2-0ae6-4755-86d6-e75b9d48a44d-groupManagement] INFO  storage.RaftStorage (RaftStorageImpl.java:format(96)) - Storage directory /home/runner/work/ozone/ozone/hadoop-ozone/integration-test/target/test-dir/MiniOzoneClusterImpl-e4211fca-df1e-4788-9bfe-f086778bfd1d/datanode-2/data/ratis/e349e6d4-40f9-4e99-996b-3544293c3ac0 has been successfully formatted.
2023-09-13 06:49:09,304 [d28f76a2-0ae6-4755-86d6-e75b9d48a44d-groupManagement] INFO  ratis.ContainerStateMachine (ContainerStateMachine.java:loadSnapshot(262)) - group-3544293C3AC0: The snapshot info is null. Setting the last applied indexto:(t:0, i:~)
2023-09-13 06:49:09,304 [d28f76a2-0ae6-4755-86d6-e75b9d48a44d-groupManagement] INFO  server.RaftServerConfigKeys (ConfUtils.java:logGet(46)) - raft.server.log.use.memory = false (default)
2023-09-13 06:49:09,304 [d28f76a2-0ae6-4755-86d6-e75b9d48a44d-groupManagement] INFO  server.RaftServerConfigKeys (ConfUtils.java:logGet(46)) - raft.server.log.purge.gap = 1000000 (custom)
2023-09-13 06:49:09,304 [d28f76a2-0ae6-4755-86d6-e75b9d48a44d-groupManagement] INFO  server.RaftServerConfigKeys (ConfUtils.java:logGet(46)) - raft.server.log.appender.buffer.byte-limit = 33554432 (custom)
2023-09-13 06:49:09,304 [d28f76a2-0ae6-4755-86d6-e75b9d48a44d-groupManagement] INFO  server.RaftServerConfigKeys (ConfUtils.java:logGet(46)) - raft.server.log.statemachine.data.read.timeout = 1000ms (default)
2023-09-13 06:49:09,304 [d28f76a2-0ae6-4755-86d6-e75b9d48a44d-groupManagement] INFO  server.RaftServerConfigKeys (ConfUtils.java:logGet(46)) - raft.server.log.purge.preservation.log.num = 0 (default)
2023-09-13 06:49:09,305 [d28f76a2-0ae6-4755-86d6-e75b9d48a44d-groupManagement] INFO  server.RaftServerConfigKeys (ConfUtils.java:logGet(46)) - raft.server.log.segment.size.max = 1048576 (custom)
2023-09-13 06:49:09,306 [d28f76a2-0ae6-4755-86d6-e75b9d48a44d-groupManagement] INFO  server.RaftServerConfigKeys (ConfUtils.java:logGet(46)) - raft.server.log.segment.cache.num.max = 2 (custom)
2023-09-13 06:49:09,306 [d28f76a2-0ae6-4755-86d6-e75b9d48a44d-groupManagement] INFO  server.RaftServerConfigKeys (ConfUtils.java:logGet(46)) - raft.server.log.segment.cache.size.max = 200MB (=209715200) (default)
2023-09-13 06:49:09,306 [d28f76a2-0ae6-4755-86d6-e75b9d48a44d-groupManagement] INFO  server.RaftServerConfigKeys (ConfUtils.java:logGet(46)) - raft.server.log.appender.buffer.byte-limit = 33554432 (custom)
2023-09-13 06:49:09,306 [d28f76a2-0ae6-4755-86d6-e75b9d48a44d-groupManagement] INFO  segmented.SegmentedRaftLogWorker (SegmentedRaftLogWorker.java:<init>(188)) - new d28f76a2-0ae6-4755-86d6-e75b9d48a44d@group-3544293C3AC0-SegmentedRaftLogWorker for RaftStorageImpl:Storage Directory /home/runner/work/ozone/ozone/hadoop-ozone/integration-test/target/test-dir/MiniOzoneClusterImpl-e4211fca-df1e-4788-9bfe-f086778bfd1d/datanode-2/data/ratis/e349e6d4-40f9-4e99-996b-3544293c3ac0
2023-09-13 06:49:09,306 [d28f76a2-0ae6-4755-86d6-e75b9d48a44d-groupManagement] INFO  server.RaftServerConfigKeys (ConfUtils.java:logGet(46)) - raft.server.log.queue.byte-limit = 4294967296 (custom)
2023-09-13 06:49:09,306 [d28f76a2-0ae6-4755-86d6-e75b9d48a44d-groupManagement] INFO  server.RaftServerConfigKeys (ConfUtils.java:logGet(46)) - raft.server.log.queue.element-limit = 1024 (custom)
2023-09-13 06:49:09,306 [d28f76a2-0ae6-4755-86d6-e75b9d48a44d-groupManagement] INFO  server.RaftServerConfigKeys (ConfUtils.java:logGet(46)) - raft.server.log.segment.size.max = 1048576 (custom)
2023-09-13 06:49:09,306 [d28f76a2-0ae6-4755-86d6-e75b9d48a44d-groupManagement] INFO  server.RaftServerConfigKeys (ConfUtils.java:logGet(46)) - raft.server.log.preallocated.size = 16384 (custom)
2023-09-13 06:49:09,306 [d28f76a2-0ae6-4755-86d6-e75b9d48a44d-groupManagement] INFO  server.RaftServerConfigKeys (ConfUtils.java:logGet(46)) - raft.server.log.force.sync.num = 128 (default)
2023-09-13 06:49:09,306 [d28f76a2-0ae6-4755-86d6-e75b9d48a44d-groupManagement] INFO  server.RaftServerConfigKeys (ConfUtils.java:logGet(46)) - raft.server.log.statemachine.data.sync = true (default)
2023-09-13 06:49:09,307 [d28f76a2-0ae6-4755-86d6-e75b9d48a44d-groupManagement] INFO  server.RaftServerConfigKeys (ConfUtils.java:logGet(46)) - raft.server.log.statemachine.data.sync.timeout = 10s (default)
2023-09-13 06:49:09,307 [d28f76a2-0ae6-4755-86d6-e75b9d48a44d-groupManagement] INFO  server.RaftServerConfigKeys (ConfUtils.java:logGet(46)) - raft.server.log.statemachine.data.sync.timeout.retry = -1 (default)
2023-09-13 06:49:09,308 [d28f76a2-0ae6-4755-86d6-e75b9d48a44d-groupManagement] INFO  server.RaftServerConfigKeys (ConfUtils.java:logGet(46)) - raft.server.log.write.buffer.size = 1048576 (custom)
2023-09-13 06:49:09,309 [d28f76a2-0ae6-4755-86d6-e75b9d48a44d-groupManagement] INFO  server.RaftServerConfigKeys (ConfUtils.java:logGet(46)) - raft.server.log.appender.buffer.byte-limit = 33554432 (custom)
2023-09-13 06:49:09,646 [JvmPauseMonitor4] WARN  util.JvmPauseMonitor (JvmPauseMonitor.java:detectPause(124)) - JvmPauseMonitor-d28f76a2-0ae6-4755-86d6-e75b9d48a44d: Detected pause in JVM or host machine approximately 0.270s with 0.320s GC time.
GC pool 'PS MarkSweep' had collection(s): count=1 time=237ms
GC pool 'PS Scavenge' had collection(s): count=1 time=83ms
2023-09-13 06:49:09,654 [JvmPauseMonitor0] WARN  util.JvmPauseMonitor (JvmPauseMonitor.java:detectPause(124)) - JvmPauseMonitor-2feb55fe-6f30-4b07-9cbd-b2b1472db4b2: Detected pause in JVM or host machine approximately 0.329s with 0.320s GC time.
GC pool 'PS MarkSweep' had collection(s): count=1 time=237ms
GC pool 'PS Scavenge' had collection(s): count=1 time=83ms
2023-09-13 06:49:09,656 [PipelineCommandHandlerThread-0] INFO  server.RaftServer (RaftServerProxy.java:addNew(98)) - d28f76a2-0ae6-4755-86d6-e75b9d48a44d: addNew group-57A2A16130EB:[d28f76a2-0ae6-4755-86d6-e75b9d48a44d|rpc:10.1.0.17:15032|admin:10.1.0.17:15031|client:10.1.0.17:15030|dataStream:10.1.0.17:15033|priority:1|startupRole:FOLLOWER] returns group-57A2A16130EB:java.util.concurrent.CompletableFuture@170926c1[Not completed]
2023-09-13 06:49:09,657 [JvmPauseMonitor3] WARN  util.JvmPauseMonitor (JvmPauseMonitor.java:detectPause(124)) - JvmPauseMonitor-095205e7-1161-4289-a78b-dd2bf4a5be02: Detected pause in JVM or host machine approximately 0.112s with 0.320s GC time.
GC pool 'PS MarkSweep' had collection(s): count=1 time=237ms
GC pool 'PS Scavenge' had collection(s): count=1 time=83ms
2023-09-13 06:49:09,657 [d28f76a2-0ae6-4755-86d6-e75b9d48a44d-groupManagement] INFO  server.RaftServerConfigKeys (ConfUtils.java:logGet(46)) - raft.server.log.unsafe-flush.enabled = false (default)
2023-09-13 06:49:09,657 [d28f76a2-0ae6-4755-86d6-e75b9d48a44d-groupManagement] INFO  server.RaftServerConfigKeys (ConfUtils.java:logGet(46)) - raft.server.log.async-flush.enabled = false (default)
2023-09-13 06:49:09,657 [d28f76a2-0ae6-4755-86d6-e75b9d48a44d-groupManagement] INFO  server.RaftServerConfigKeys (ConfUtils.java:logGet(46)) - raft.server.log.statemachine.data.caching.enabled = true (custom)
2023-09-13 06:49:09,657 [d28f76a2-0ae6-4755-86d6-e75b9d48a44d-groupManagement] INFO  segmented.SegmentedRaftLogWorker (SegmentedRaftLogWorker.java:lambda$new$0(135)) - d28f76a2-0ae6-4755-86d6-e75b9d48a44d@group-3544293C3AC0-SegmentedRaftLogWorker: flushIndex: setUnconditionally 0 -> -1
2023-09-13 06:49:09,657 [d28f76a2-0ae6-4755-86d6-e75b9d48a44d-groupManagement] INFO  segmented.SegmentedRaftLogWorker (SegmentedRaftLogWorker.java:lambda$new$0(135)) - d28f76a2-0ae6-4755-86d6-e75b9d48a44d@group-3544293C3AC0-SegmentedRaftLogWorker: safeCacheEvictIndex: setUnconditionally 0 -> -1
2023-09-13 06:49:09,658 [d28f76a2-0ae6-4755-86d6-e75b9d48a44d-groupManagement] INFO  server.RaftServer$Division (RaftServerImpl.java:start(342)) - d28f76a2-0ae6-4755-86d6-e75b9d48a44d@group-3544293C3AC0: start as a follower, conf=-1: peers:[53aa52bb-3302-49c8-8741-f934a8213f44|rpc:10.1.0.17:15014|admin:10.1.0.17:15013|client:10.1.0.17:15012|dataStream:10.1.0.17:15015|priority:0|startupRole:FOLLOWER, d28f76a2-0ae6-4755-86d6-e75b9d48a44d|rpc:10.1.0.17:15032|admin:10.1.0.17:15031|client:10.1.0.17:15030|dataStream:10.1.0.17:15033|priority:1|startupRole:FOLLOWER, 095205e7-1161-4289-a78b-dd2bf4a5be02|rpc:10.1.0.17:15023|admin:10.1.0.17:15022|client:10.1.0.17:15021|dataStream:10.1.0.17:15024|priority:0|startupRole:FOLLOWER]|listeners:[], old=null
2023-09-13 06:49:09,658 [d28f76a2-0ae6-4755-86d6-e75b9d48a44d-groupManagement] INFO  server.RaftServer$Division (RaftServerImpl.java:setRole(329)) - d28f76a2-0ae6-4755-86d6-e75b9d48a44d@group-3544293C3AC0: changes role from      null to FOLLOWER at term 0 for startAsFollower
2023-09-13 06:49:09,658 [d28f76a2-0ae6-4755-86d6-e75b9d48a44d-groupManagement] INFO  impl.RoleInfo (RoleInfo.java:updateAndGet(139)) - d28f76a2-0ae6-4755-86d6-e75b9d48a44d: start d28f76a2-0ae6-4755-86d6-e75b9d48a44d@group-3544293C3AC0-FollowerState
2023-09-13 06:49:09,659 [d28f76a2-0ae6-4755-86d6-e75b9d48a44d-groupManagement] INFO  util.JmxRegister (JmxRegister.java:tryRegister(44)) - Successfully registered JMX Bean with object name Ratis:service=RaftServer,group=group-3544293C3AC0,id=d28f76a2-0ae6-4755-86d6-e75b9d48a44d
2023-09-13 06:49:09,659 [d28f76a2-0ae6-4755-86d6-e75b9d48a44d-groupManagement] INFO  server.RaftServerConfigKeys (ConfUtils.java:logGet(46)) - raft.server.snapshot.auto.trigger.enabled = true (custom)
2023-09-13 06:49:09,659 [d28f76a2-0ae6-4755-86d6-e75b9d48a44d-groupManagement] INFO  server.RaftServerConfigKeys (ConfUtils.java:logGet(46)) - raft.server.snapshot.auto.trigger.threshold = 10000 (custom)
2023-09-13 06:49:09,659 [d28f76a2-0ae6-4755-86d6-e75b9d48a44d-groupManagement] INFO  server.RaftServerConfigKeys (ConfUtils.java:logGet(46)) - raft.server.snapshot.retention.file.num = 5 (custom)
2023-09-13 06:49:09,659 [d28f76a2-0ae6-4755-86d6-e75b9d48a44d-groupManagement] INFO  server.RaftServerConfigKeys (ConfUtils.java:logGet(46)) - raft.server.log.purge.upto.snapshot.index = false (default)
2023-09-13 06:49:09,660 [d28f76a2-0ae6-4755-86d6-e75b9d48a44d@group-3544293C3AC0-FollowerState] INFO  server.RaftServerConfigKeys (ConfUtils.java:logFallback(53)) - raft.server.rpc.first-election.timeout.min = 5s (fallback to raft.server.rpc.timeout.min)
2023-09-13 06:49:09,661 [d28f76a2-0ae6-4755-86d6-e75b9d48a44d@group-3544293C3AC0-FollowerState] INFO  server.RaftServerConfigKeys (ConfUtils.java:logFallback(53)) - raft.server.rpc.first-election.timeout.max = 5200ms (fallback to raft.server.rpc.timeout.max)
2023-09-13 06:49:09,660 [d28f76a2-0ae6-4755-86d6-e75b9d48a44d-groupManagement] INFO  storage.RaftStorageDirectory (RaftStorageDirectoryImpl.java:analyzeStorage(137)) - The storage directory /home/runner/work/ozone/ozone/hadoop-ozone/integration-test/target/test-dir/MiniOzoneClusterImpl-e4211fca-df1e-4788-9bfe-f086778bfd1d/datanode-2/data/ratis/f73d2d31-7e64-402d-88b2-36301351904d does not exist. Creating ...
2023-09-13 06:49:09,666 [d28f76a2-0ae6-4755-86d6-e75b9d48a44d-groupManagement] INFO  storage.RaftStorageDirectory (RaftStorageDirectoryImpl.java:tryLock(231)) - Lock on /home/runner/work/ozone/ozone/hadoop-ozone/integration-test/target/test-dir/MiniOzoneClusterImpl-e4211fca-df1e-4788-9bfe-f086778bfd1d/datanode-2/data/ratis/f73d2d31-7e64-402d-88b2-36301351904d/in_use.lock acquired by nodename 3839@fv-az460-410
2023-09-13 06:49:09,679 [d28f76a2-0ae6-4755-86d6-e75b9d48a44d-groupManagement] INFO  storage.RaftStorage (RaftStorageImpl.java:format(96)) - Storage directory /home/runner/work/ozone/ozone/hadoop-ozone/integration-test/target/test-dir/MiniOzoneClusterImpl-e4211fca-df1e-4788-9bfe-f086778bfd1d/datanode-2/data/ratis/f73d2d31-7e64-402d-88b2-36301351904d has been successfully formatted.
2023-09-13 06:49:09,679 [d28f76a2-0ae6-4755-86d6-e75b9d48a44d-groupManagement] INFO  ratis.ContainerStateMachine (ContainerStateMachine.java:loadSnapshot(262)) - group-36301351904D: The snapshot info is null. Setting the last applied indexto:(t:0, i:~)
2023-09-13 06:49:09,679 [d28f76a2-0ae6-4755-86d6-e75b9d48a44d-groupManagement] INFO  server.RaftServerConfigKeys (ConfUtils.java:logGet(46)) - raft.server.log.use.memory = false (default)
2023-09-13 06:49:09,679 [d28f76a2-0ae6-4755-86d6-e75b9d48a44d-groupManagement] INFO  server.RaftServerConfigKeys (ConfUtils.java:logGet(46)) - raft.server.log.purge.gap = 1000000 (custom)
2023-09-13 06:49:09,679 [d28f76a2-0ae6-4755-86d6-e75b9d48a44d-groupManagement] INFO  server.RaftServerConfigKeys (ConfUtils.java:logGet(46)) - raft.server.log.appender.buffer.byte-limit = 33554432 (custom)
2023-09-13 06:49:09,679 [d28f76a2-0ae6-4755-86d6-e75b9d48a44d-groupManagement] INFO  server.RaftServerConfigKeys (ConfUtils.java:logGet(46)) - raft.server.log.statemachine.data.read.timeout = 1000ms (default)
2023-09-13 06:49:09,679 [d28f76a2-0ae6-4755-86d6-e75b9d48a44d-groupManagement] INFO  server.RaftServerConfigKeys (ConfUtils.java:logGet(46)) - raft.server.log.purge.preservation.log.num = 0 (default)
2023-09-13 06:49:09,680 [d28f76a2-0ae6-4755-86d6-e75b9d48a44d-groupManagement] INFO  server.RaftServerConfigKeys (ConfUtils.java:logGet(46)) - raft.server.log.segment.size.max = 1048576 (custom)
2023-09-13 06:49:09,680 [d28f76a2-0ae6-4755-86d6-e75b9d48a44d-groupManagement] INFO  server.RaftServerConfigKeys (ConfUtils.java:logGet(46)) - raft.server.log.segment.cache.num.max = 2 (custom)
2023-09-13 06:49:09,680 [d28f76a2-0ae6-4755-86d6-e75b9d48a44d-groupManagement] INFO  server.RaftServerConfigKeys (ConfUtils.java:logGet(46)) - raft.server.log.segment.cache.size.max = 200MB (=209715200) (default)
2023-09-13 06:49:09,680 [d28f76a2-0ae6-4755-86d6-e75b9d48a44d-groupManagement] INFO  server.RaftServerConfigKeys (ConfUtils.java:logGet(46)) - raft.server.log.appender.buffer.byte-limit = 33554432 (custom)
2023-09-13 06:49:09,680 [d28f76a2-0ae6-4755-86d6-e75b9d48a44d-groupManagement] INFO  segmented.SegmentedRaftLogWorker (SegmentedRaftLogWorker.java:<init>(188)) - new d28f76a2-0ae6-4755-86d6-e75b9d48a44d@group-36301351904D-SegmentedRaftLogWorker for RaftStorageImpl:Storage Directory /home/runner/work/ozone/ozone/hadoop-ozone/integration-test/target/test-dir/MiniOzoneClusterImpl-e4211fca-df1e-4788-9bfe-f086778bfd1d/datanode-2/data/ratis/f73d2d31-7e64-402d-88b2-36301351904d
2023-09-13 06:49:09,680 [d28f76a2-0ae6-4755-86d6-e75b9d48a44d-groupManagement] INFO  server.RaftServerConfigKeys (ConfUtils.java:logGet(46)) - raft.server.log.queue.byte-limit = 4294967296 (custom)
2023-09-13 06:49:09,681 [d28f76a2-0ae6-4755-86d6-e75b9d48a44d-groupManagement] INFO  server.RaftServerConfigKeys (ConfUtils.java:logGet(46)) - raft.server.log.queue.element-limit = 1024 (custom)
2023-09-13 06:49:09,681 [d28f76a2-0ae6-4755-86d6-e75b9d48a44d-groupManagement] INFO  server.RaftServerConfigKeys (ConfUtils.java:logGet(46)) - raft.server.log.segment.size.max = 1048576 (custom)
2023-09-13 06:49:09,681 [d28f76a2-0ae6-4755-86d6-e75b9d48a44d-groupManagement] INFO  server.RaftServerConfigKeys (ConfUtils.java:logGet(46)) - raft.server.log.preallocated.size = 16384 (custom)
2023-09-13 06:49:09,681 [d28f76a2-0ae6-4755-86d6-e75b9d48a44d-groupManagement] INFO  server.RaftServerConfigKeys (ConfUtils.java:logGet(46)) - raft.server.log.force.sync.num = 128 (default)
2023-09-13 06:49:09,681 [d28f76a2-0ae6-4755-86d6-e75b9d48a44d-groupManagement] INFO  server.RaftServerConfigKeys (ConfUtils.java:logGet(46)) - raft.server.log.statemachine.data.sync = true (default)
2023-09-13 06:49:09,681 [d28f76a2-0ae6-4755-86d6-e75b9d48a44d-groupManagement] INFO  server.RaftServerConfigKeys (ConfUtils.java:logGet(46)) - raft.server.log.statemachine.data.sync.timeout = 10s (default)
2023-09-13 06:49:09,681 [d28f76a2-0ae6-4755-86d6-e75b9d48a44d-groupManagement] INFO  server.RaftServerConfigKeys (ConfUtils.java:logGet(46)) - raft.server.log.statemachine.data.sync.timeout.retry = -1 (default)
2023-09-13 06:49:09,686 [d28f76a2-0ae6-4755-86d6-e75b9d48a44d-groupManagement] INFO  server.RaftServerConfigKeys (ConfUtils.java:logGet(46)) - raft.server.log.write.buffer.size = 1048576 (custom)
2023-09-13 06:49:09,688 [EventQueue-PipelineReportForPipelineReportHandler] INFO  pipeline.PipelineReportHandler (PipelineReportHandler.java:processPipelineReport(136)) - Opened pipeline PipelineID=7d088da1-6181-4b24-88d9-57a2a16130eb
2023-09-13 06:49:09,688 [PipelineCommandHandlerThread-0] INFO  commandhandler.CreatePipelineCommandHandler (CreatePipelineCommandHandler.java:lambda$handle$2(124)) - Created Pipeline RATIS THREE PipelineID=e349e6d4-40f9-4e99-996b-3544293c3ac0.
2023-09-13 06:49:09,689 [EventQueue-OpenPipelineForHealthyPipelineSafeModeRule] INFO  safemode.SCMSafeModeManager (HealthyPipelineSafeModeRule.java:process(137)) - SCM in safe mode. Healthy pipelines reported count is 0, required healthy pipeline reported count is 1
2023-09-13 06:49:09,689 [d28f76a2-0ae6-4755-86d6-e75b9d48a44d-groupManagement] INFO  server.RaftServerConfigKeys (ConfUtils.java:logGet(46)) - raft.server.log.appender.buffer.byte-limit = 33554432 (custom)
2023-09-13 06:49:09,697 [d28f76a2-0ae6-4755-86d6-e75b9d48a44d-groupManagement] INFO  server.RaftServerConfigKeys (ConfUtils.java:logGet(46)) - raft.server.log.unsafe-flush.enabled = false (default)
2023-09-13 06:49:09,698 [d28f76a2-0ae6-4755-86d6-e75b9d48a44d-groupManagement] INFO  server.RaftServerConfigKeys (ConfUtils.java:logGet(46)) - raft.server.log.async-flush.enabled = false (default)
2023-09-13 06:49:09,698 [d28f76a2-0ae6-4755-86d6-e75b9d48a44d-groupManagement] INFO  server.RaftServerConfigKeys (ConfUtils.java:logGet(46)) - raft.server.log.statemachine.data.caching.enabled = true (custom)
2023-09-13 06:49:09,701 [d28f76a2-0ae6-4755-86d6-e75b9d48a44d-groupManagement] INFO  segmented.SegmentedRaftLogWorker (SegmentedRaftLogWorker.java:lambda$new$0(135)) - d28f76a2-0ae6-4755-86d6-e75b9d48a44d@group-36301351904D-SegmentedRaftLogWorker: flushIndex: setUnconditionally 0 -> -1
2023-09-13 06:49:09,701 [d28f76a2-0ae6-4755-86d6-e75b9d48a44d-groupManagement] INFO  segmented.SegmentedRaftLogWorker (SegmentedRaftLogWorker.java:lambda$new$0(135)) - d28f76a2-0ae6-4755-86d6-e75b9d48a44d@group-36301351904D-SegmentedRaftLogWorker: safeCacheEvictIndex: setUnconditionally 0 -> -1
2023-09-13 06:49:09,701 [d28f76a2-0ae6-4755-86d6-e75b9d48a44d-groupManagement] INFO  server.RaftServer$Division (RaftServerImpl.java:start(342)) - d28f76a2-0ae6-4755-86d6-e75b9d48a44d@group-36301351904D: start as a follower, conf=-1: peers:[53aa52bb-3302-49c8-8741-f934a8213f44|rpc:10.1.0.17:15014|admin:10.1.0.17:15013|client:10.1.0.17:15012|dataStream:10.1.0.17:15015|priority:0|startupRole:FOLLOWER, d28f76a2-0ae6-4755-86d6-e75b9d48a44d|rpc:10.1.0.17:15032|admin:10.1.0.17:15031|client:10.1.0.17:15030|dataStream:10.1.0.17:15033|priority:0|startupRole:FOLLOWER, 095205e7-1161-4289-a78b-dd2bf4a5be02|rpc:10.1.0.17:15023|admin:10.1.0.17:15022|client:10.1.0.17:15021|dataStream:10.1.0.17:15024|priority:1|startupRole:FOLLOWER]|listeners:[], old=null
2023-09-13 06:49:09,701 [d28f76a2-0ae6-4755-86d6-e75b9d48a44d-groupManagement] INFO  server.RaftServer$Division (RaftServerImpl.java:setRole(329)) - d28f76a2-0ae6-4755-86d6-e75b9d48a44d@group-36301351904D: changes role from      null to FOLLOWER at term 0 for startAsFollower
2023-09-13 06:49:09,701 [d28f76a2-0ae6-4755-86d6-e75b9d48a44d-groupManagement] INFO  impl.RoleInfo (RoleInfo.java:updateAndGet(139)) - d28f76a2-0ae6-4755-86d6-e75b9d48a44d: start d28f76a2-0ae6-4755-86d6-e75b9d48a44d@group-36301351904D-FollowerState
2023-09-13 06:49:09,705 [d28f76a2-0ae6-4755-86d6-e75b9d48a44d-groupManagement] INFO  util.JmxRegister (JmxRegister.java:tryRegister(44)) - Successfully registered JMX Bean with object name Ratis:service=RaftServer,group=group-36301351904D,id=d28f76a2-0ae6-4755-86d6-e75b9d48a44d
2023-09-13 06:49:09,705 [d28f76a2-0ae6-4755-86d6-e75b9d48a44d-groupManagement] INFO  server.RaftServerConfigKeys (ConfUtils.java:logGet(46)) - raft.server.snapshot.auto.trigger.enabled = true (custom)
2023-09-13 06:49:09,705 [d28f76a2-0ae6-4755-86d6-e75b9d48a44d-groupManagement] INFO  server.RaftServerConfigKeys (ConfUtils.java:logGet(46)) - raft.server.snapshot.auto.trigger.threshold = 10000 (custom)
2023-09-13 06:49:09,705 [d28f76a2-0ae6-4755-86d6-e75b9d48a44d-groupManagement] INFO  server.RaftServerConfigKeys (ConfUtils.java:logGet(46)) - raft.server.snapshot.retention.file.num = 5 (custom)
2023-09-13 06:49:09,705 [d28f76a2-0ae6-4755-86d6-e75b9d48a44d-groupManagement] INFO  server.RaftServerConfigKeys (ConfUtils.java:logGet(46)) - raft.server.log.purge.upto.snapshot.index = false (default)
2023-09-13 06:49:09,705 [d28f76a2-0ae6-4755-86d6-e75b9d48a44d@group-36301351904D-FollowerState] INFO  server.RaftServerConfigKeys (ConfUtils.java:logFallback(53)) - raft.server.rpc.first-election.timeout.min = 5s (fallback to raft.server.rpc.timeout.min)
2023-09-13 06:49:09,709 [d28f76a2-0ae6-4755-86d6-e75b9d48a44d@group-36301351904D-FollowerState] INFO  server.RaftServerConfigKeys (ConfUtils.java:logFallback(53)) - raft.server.rpc.first-election.timeout.max = 5200ms (fallback to raft.server.rpc.timeout.max)
2023-09-13 06:49:09,710 [d28f76a2-0ae6-4755-86d6-e75b9d48a44d-groupManagement] INFO  server.RaftServer$Division (RaftServerImpl.java:<init>(198)) - d28f76a2-0ae6-4755-86d6-e75b9d48a44d: new RaftServerImpl for group-57A2A16130EB:[d28f76a2-0ae6-4755-86d6-e75b9d48a44d|rpc:10.1.0.17:15032|admin:10.1.0.17:15031|client:10.1.0.17:15030|dataStream:10.1.0.17:15033|priority:1|startupRole:FOLLOWER] with ContainerStateMachine:uninitialized
2023-09-13 06:49:09,710 [d28f76a2-0ae6-4755-86d6-e75b9d48a44d-groupManagement] INFO  server.RaftServerConfigKeys (ConfUtils.java:logGet(46)) - raft.server.rpc.timeout.min = 5s (custom)
2023-09-13 06:49:09,710 [d28f76a2-0ae6-4755-86d6-e75b9d48a44d-groupManagement] INFO  server.RaftServerConfigKeys (ConfUtils.java:logGet(46)) - raft.server.rpc.timeout.max = 5200ms (custom)
2023-09-13 06:49:09,710 [d28f76a2-0ae6-4755-86d6-e75b9d48a44d-groupManagement] INFO  server.RaftServerConfigKeys (ConfUtils.java:logGet(46)) - raft.server.rpc.sleep.time = 25ms (default)
2023-09-13 06:49:09,710 [d28f76a2-0ae6-4755-86d6-e75b9d48a44d-groupManagement] INFO  server.RaftServerConfigKeys (ConfUtils.java:logGet(46)) - raft.server.rpc.slowness.timeout = 300000ms (custom)
2023-09-13 06:49:09,710 [d28f76a2-0ae6-4755-86d6-e75b9d48a44d-groupManagement] INFO  server.RaftServerConfigKeys (ConfUtils.java:logGet(46)) - raft.server.leaderelection.leader.step-down.wait-time = 10s (default)
2023-09-13 06:49:09,710 [d28f76a2-0ae6-4755-86d6-e75b9d48a44d-groupManagement] INFO  server.RaftServerConfigKeys (ConfUtils.java:logGet(46)) - raft.server.sleep.deviation.threshold = 300ms (default)
2023-09-13 06:49:09,710 [d28f76a2-0ae6-4755-86d6-e75b9d48a44d-groupManagement] INFO  server.RaftServer$Division (ServerState.java:<init>(120)) - d28f76a2-0ae6-4755-86d6-e75b9d48a44d@group-57A2A16130EB: ConfigurationManager, init=-1: peers:[d28f76a2-0ae6-4755-86d6-e75b9d48a44d|rpc:10.1.0.17:15032|admin:10.1.0.17:15031|client:10.1.0.17:15030|dataStream:10.1.0.17:15033|priority:1|startupRole:FOLLOWER]|listeners:[], old=null, confs=<EMPTY_MAP>
2023-09-13 06:49:09,710 [d28f76a2-0ae6-4755-86d6-e75b9d48a44d-groupManagement] INFO  server.RaftServerConfigKeys (ConfUtils.java:logGet(46)) - raft.server.storage.dir = [/home/runner/work/ozone/ozone/hadoop-ozone/integration-test/target/test-dir/MiniOzoneClusterImpl-e4211fca-df1e-4788-9bfe-f086778bfd1d/datanode-2/data/ratis] (custom)
2023-09-13 06:49:09,710 [d28f76a2-0ae6-4755-86d6-e75b9d48a44d-groupManagement] INFO  server.RaftServerConfigKeys (ConfUtils.java:logGet(46)) - raft.server.log.corruption.policy = EXCEPTION (default)
2023-09-13 06:49:09,710 [d28f76a2-0ae6-4755-86d6-e75b9d48a44d-groupManagement] INFO  server.RaftServerConfigKeys (ConfUtils.java:logGet(46)) - raft.server.storage.free-space.min = 0MB (=0) (default)
2023-09-13 06:49:09,708 [6f324be3-7c3f-481f-84d2-849e9673b06a-groupManagement] INFO  server.RaftServer$Division (RaftServerImpl.java:<init>(198)) - 6f324be3-7c3f-481f-84d2-849e9673b06a: new RaftServerImpl for group-5C76A3FD1E8D:[6f324be3-7c3f-481f-84d2-849e9673b06a|rpc:10.1.0.17:15041|admin:10.1.0.17:15040|client:10.1.0.17:15039|dataStream:10.1.0.17:15042|priority:1|startupRole:FOLLOWER] with ContainerStateMachine:uninitialized
2023-09-13 06:49:09,711 [d28f76a2-0ae6-4755-86d6-e75b9d48a44d-groupManagement] INFO  server.RaftServerConfigKeys (ConfUtils.java:logGet(46)) - raft.server.notification.no-leader.timeout = 300000ms (custom)
2023-09-13 06:49:09,711 [6f324be3-7c3f-481f-84d2-849e9673b06a-groupManagement] INFO  server.RaftServerConfigKeys (ConfUtils.java:logGet(46)) - raft.server.rpc.timeout.min = 5s (custom)
2023-09-13 06:49:09,706 [PipelineCommandHandlerThread-0] INFO  server.RaftServer (RaftServerProxy.java:addNew(98)) - 6f324be3-7c3f-481f-84d2-849e9673b06a: addNew group-5C76A3FD1E8D:[6f324be3-7c3f-481f-84d2-849e9673b06a|rpc:10.1.0.17:15041|admin:10.1.0.17:15040|client:10.1.0.17:15039|dataStream:10.1.0.17:15042|priority:1|startupRole:FOLLOWER] returns group-5C76A3FD1E8D:java.util.concurrent.CompletableFuture@1a1327e4[Not completed]
2023-09-13 06:49:09,711 [6f324be3-7c3f-481f-84d2-849e9673b06a-groupManagement] INFO  server.RaftServerConfigKeys (ConfUtils.java:logGet(46)) - raft.server.rpc.timeout.max = 5200ms (custom)
2023-09-13 06:49:09,711 [6f324be3-7c3f-481f-84d2-849e9673b06a-groupManagement] INFO  server.RaftServerConfigKeys (ConfUtils.java:logGet(46)) - raft.server.rpc.sleep.time = 25ms (default)
2023-09-13 06:49:09,711 [6f324be3-7c3f-481f-84d2-849e9673b06a-groupManagement] INFO  server.RaftServerConfigKeys (ConfUtils.java:logGet(46)) - raft.server.rpc.slowness.timeout = 300000ms (custom)
2023-09-13 06:49:09,711 [6f324be3-7c3f-481f-84d2-849e9673b06a-groupManagement] INFO  server.RaftServerConfigKeys (ConfUtils.java:logGet(46)) - raft.server.leaderelection.leader.step-down.wait-time = 10s (default)
2023-09-13 06:49:09,711 [6f324be3-7c3f-481f-84d2-849e9673b06a-groupManagement] INFO  server.RaftServerConfigKeys (ConfUtils.java:logGet(46)) - raft.server.sleep.deviation.threshold = 300ms (default)
2023-09-13 06:49:09,711 [6f324be3-7c3f-481f-84d2-849e9673b06a-groupManagement] INFO  server.RaftServer$Division (ServerState.java:<init>(120)) - 6f324be3-7c3f-481f-84d2-849e9673b06a@group-5C76A3FD1E8D: ConfigurationManager, init=-1: peers:[6f324be3-7c3f-481f-84d2-849e9673b06a|rpc:10.1.0.17:15041|admin:10.1.0.17:15040|client:10.1.0.17:15039|dataStream:10.1.0.17:15042|priority:1|startupRole:FOLLOWER]|listeners:[], old=null, confs=<EMPTY_MAP>
2023-09-13 06:49:09,711 [6f324be3-7c3f-481f-84d2-849e9673b06a-groupManagement] INFO  server.RaftServerConfigKeys (ConfUtils.java:logGet(46)) - raft.server.storage.dir = [/home/runner/work/ozone/ozone/hadoop-ozone/integration-test/target/test-dir/MiniOzoneClusterImpl-e4211fca-df1e-4788-9bfe-f086778bfd1d/datanode-3/data/ratis] (custom)
2023-09-13 06:49:09,711 [6f324be3-7c3f-481f-84d2-849e9673b06a-groupManagement] INFO  server.RaftServerConfigKeys (ConfUtils.java:logGet(46)) - raft.server.log.corruption.policy = EXCEPTION (default)
2023-09-13 06:49:09,711 [6f324be3-7c3f-481f-84d2-849e9673b06a-groupManagement] INFO  server.RaftServerConfigKeys (ConfUtils.java:logGet(46)) - raft.server.storage.free-space.min = 0MB (=0) (default)
2023-09-13 06:49:09,713 [6f324be3-7c3f-481f-84d2-849e9673b06a-groupManagement] INFO  server.RaftServerConfigKeys (ConfUtils.java:logGet(46)) - raft.server.notification.no-leader.timeout = 300000ms (custom)
2023-09-13 06:49:09,713 [6f324be3-7c3f-481f-84d2-849e9673b06a-groupManagement] INFO  server.RaftServerConfigKeys (ConfUtils.java:logGet(46)) - raft.server.read.timeout = 10s (default)
2023-09-13 06:49:09,713 [6f324be3-7c3f-481f-84d2-849e9673b06a-groupManagement] INFO  server.RaftServerConfigKeys (ConfUtils.java:logGet(46)) - raft.server.retrycache.expirytime = 600000ms (custom)
2023-09-13 06:49:09,713 [6f324be3-7c3f-481f-84d2-849e9673b06a-groupManagement] INFO  server.RaftServerConfigKeys (ConfUtils.java:logGet(46)) - raft.server.retrycache.statistics.expirytime = 100μs (default)
2023-09-13 06:49:09,713 [6f324be3-7c3f-481f-84d2-849e9673b06a-groupManagement] INFO  server.RaftServerConfigKeys (ConfUtils.java:logGet(46)) - raft.server.read.option = DEFAULT (default)
2023-09-13 06:49:09,711 [d28f76a2-0ae6-4755-86d6-e75b9d48a44d-groupManagement] INFO  server.RaftServerConfigKeys (ConfUtils.java:logGet(46)) - raft.server.read.timeout = 10s (default)
2023-09-13 06:49:09,726 [d28f76a2-0ae6-4755-86d6-e75b9d48a44d-groupManagement] INFO  server.RaftServerConfigKeys (ConfUtils.java:logGet(46)) - raft.server.retrycache.expirytime = 600000ms (custom)
2023-09-13 06:49:09,726 [d28f76a2-0ae6-4755-86d6-e75b9d48a44d-groupManagement] INFO  server.RaftServerConfigKeys (ConfUtils.java:logGet(46)) - raft.server.retrycache.statistics.expirytime = 100μs (default)
2023-09-13 06:49:09,726 [d28f76a2-0ae6-4755-86d6-e75b9d48a44d-groupManagement] INFO  server.RaftServerConfigKeys (ConfUtils.java:logGet(46)) - raft.server.read.option = DEFAULT (default)
2023-09-13 06:49:09,725 [6f324be3-7c3f-481f-84d2-849e9673b06a-groupManagement] INFO  server.RaftServerConfigKeys (ConfUtils.java:logGet(46)) - raft.server.rpc.request.timeout = 3000ms (default)
2023-09-13 06:49:09,727 [6f324be3-7c3f-481f-84d2-849e9673b06a-groupManagement] INFO  server.RaftServerConfigKeys (ConfUtils.java:logGet(46)) - raft.server.log.appender.install.snapshot.enabled = false (custom)
2023-09-13 06:49:09,727 [6f324be3-7c3f-481f-84d2-849e9673b06a-groupManagement] INFO  server.RaftServerConfigKeys (ConfUtils.java:logGet(46)) - raft.server.threadpool.server.cached = true (default)
2023-09-13 06:49:09,727 [6f324be3-7c3f-481f-84d2-849e9673b06a-groupManagement] INFO  server.RaftServerConfigKeys (ConfUtils.java:logGet(46)) - raft.server.threadpool.server.size = 0 (default)
2023-09-13 06:49:09,727 [6f324be3-7c3f-481f-84d2-849e9673b06a-groupManagement] INFO  server.RaftServerConfigKeys (ConfUtils.java:logGet(46)) - raft.server.threadpool.client.cached = true (default)
2023-09-13 06:49:09,727 [6f324be3-7c3f-481f-84d2-849e9673b06a-groupManagement] INFO  server.RaftServerConfigKeys (ConfUtils.java:logGet(46)) - raft.server.threadpool.client.size = 0 (default)
2023-09-13 06:49:09,727 [d28f76a2-0ae6-4755-86d6-e75b9d48a44d-groupManagement] INFO  server.RaftServerConfigKeys (ConfUtils.java:logGet(46)) - raft.server.rpc.request.timeout = 3000ms (default)
2023-09-13 06:49:09,727 [d28f76a2-0ae6-4755-86d6-e75b9d48a44d-groupManagement] INFO  server.RaftServerConfigKeys (ConfUtils.java:logGet(46)) - raft.server.log.appender.install.snapshot.enabled = false (custom)
2023-09-13 06:49:09,727 [d28f76a2-0ae6-4755-86d6-e75b9d48a44d-groupManagement] INFO  server.RaftServerConfigKeys (ConfUtils.java:logGet(46)) - raft.server.threadpool.server.cached = true (default)
2023-09-13 06:49:09,727 [d28f76a2-0ae6-4755-86d6-e75b9d48a44d-groupManagement] INFO  server.RaftServerConfigKeys (ConfUtils.java:logGet(46)) - raft.server.threadpool.server.size = 0 (default)
2023-09-13 06:49:09,727 [d28f76a2-0ae6-4755-86d6-e75b9d48a44d-groupManagement] INFO  server.RaftServerConfigKeys (ConfUtils.java:logGet(46)) - raft.server.threadpool.client.cached = true (default)
2023-09-13 06:49:09,727 [d28f76a2-0ae6-4755-86d6-e75b9d48a44d-groupManagement] INFO  server.RaftServerConfigKeys (ConfUtils.java:logGet(46)) - raft.server.threadpool.client.size = 0 (default)
2023-09-13 06:49:09,727 [6f324be3-7c3f-481f-84d2-849e9673b06a-groupManagement] INFO  storage.RaftStorageDirectory (RaftStorageDirectoryImpl.java:analyzeStorage(137)) - The storage directory /home/runner/work/ozone/ozone/hadoop-ozone/integration-test/target/test-dir/MiniOzoneClusterImpl-e4211fca-df1e-4788-9bfe-f086778bfd1d/datanode-3/data/ratis/bc8147a1-a957-48ca-a881-5c76a3fd1e8d does not exist. Creating ...
2023-09-13 06:49:09,728 [d28f76a2-0ae6-4755-86d6-e75b9d48a44d-groupManagement] INFO  storage.RaftStorageDirectory (RaftStorageDirectoryImpl.java:analyzeStorage(137)) - The storage directory /home/runner/work/ozone/ozone/hadoop-ozone/integration-test/target/test-dir/MiniOzoneClusterImpl-e4211fca-df1e-4788-9bfe-f086778bfd1d/datanode-2/data/ratis/7d088da1-6181-4b24-88d9-57a2a16130eb does not exist. Creating ...
2023-09-13 06:49:09,730 [d28f76a2-0ae6-4755-86d6-e75b9d48a44d-groupManagement] INFO  storage.RaftStorageDirectory (RaftStorageDirectoryImpl.java:tryLock(231)) - Lock on /home/runner/work/ozone/ozone/hadoop-ozone/integration-test/target/test-dir/MiniOzoneClusterImpl-e4211fca-df1e-4788-9bfe-f086778bfd1d/datanode-2/data/ratis/7d088da1-6181-4b24-88d9-57a2a16130eb/in_use.lock acquired by nodename 3839@fv-az460-410
2023-09-13 06:49:09,730 [6f324be3-7c3f-481f-84d2-849e9673b06a-groupManagement] INFO  storage.RaftStorageDirectory (RaftStorageDirectoryImpl.java:tryLock(231)) - Lock on /home/runner/work/ozone/ozone/hadoop-ozone/integration-test/target/test-dir/MiniOzoneClusterImpl-e4211fca-df1e-4788-9bfe-f086778bfd1d/datanode-3/data/ratis/bc8147a1-a957-48ca-a881-5c76a3fd1e8d/in_use.lock acquired by nodename 3839@fv-az460-410
2023-09-13 06:49:09,732 [d28f76a2-0ae6-4755-86d6-e75b9d48a44d-groupManagement] INFO  storage.RaftStorage (RaftStorageImpl.java:format(96)) - Storage directory /home/runner/work/ozone/ozone/hadoop-ozone/integration-test/target/test-dir/MiniOzoneClusterImpl-e4211fca-df1e-4788-9bfe-f086778bfd1d/datanode-2/data/ratis/7d088da1-6181-4b24-88d9-57a2a16130eb has been successfully formatted.
2023-09-13 06:49:09,732 [6f324be3-7c3f-481f-84d2-849e9673b06a-groupManagement] INFO  storage.RaftStorage (RaftStorageImpl.java:format(96)) - Storage directory /home/runner/work/ozone/ozone/hadoop-ozone/integration-test/target/test-dir/MiniOzoneClusterImpl-e4211fca-df1e-4788-9bfe-f086778bfd1d/datanode-3/data/ratis/bc8147a1-a957-48ca-a881-5c76a3fd1e8d has been successfully formatted.
2023-09-13 06:49:09,734 [d28f76a2-0ae6-4755-86d6-e75b9d48a44d-groupManagement] INFO  ratis.ContainerStateMachine (ContainerStateMachine.java:loadSnapshot(262)) - group-57A2A16130EB: The snapshot info is null. Setting the last applied indexto:(t:0, i:~)
2023-09-13 06:49:09,734 [d28f76a2-0ae6-4755-86d6-e75b9d48a44d-groupManagement] INFO  server.RaftServerConfigKeys (ConfUtils.java:logGet(46)) - raft.server.log.use.memory = false (default)
2023-09-13 06:49:09,734 [d28f76a2-0ae6-4755-86d6-e75b9d48a44d-groupManagement] INFO  server.RaftServerConfigKeys (ConfUtils.java:logGet(46)) - raft.server.log.purge.gap = 1000000 (custom)
2023-09-13 06:49:09,734 [d28f76a2-0ae6-4755-86d6-e75b9d48a44d-groupManagement] INFO  server.RaftServerConfigKeys (ConfUtils.java:logGet(46)) - raft.server.log.appender.buffer.byte-limit = 33554432 (custom)
2023-09-13 06:49:09,734 [d28f76a2-0ae6-4755-86d6-e75b9d48a44d-groupManagement] INFO  server.RaftServerConfigKeys (ConfUtils.java:logGet(46)) - raft.server.log.statemachine.data.read.timeout = 1000ms (default)
2023-09-13 06:49:09,734 [d28f76a2-0ae6-4755-86d6-e75b9d48a44d-groupManagement] INFO  server.RaftServerConfigKeys (ConfUtils.java:logGet(46)) - raft.server.log.purge.preservation.log.num = 0 (default)
2023-09-13 06:49:09,734 [d28f76a2-0ae6-4755-86d6-e75b9d48a44d-groupManagement] INFO  server.RaftServerConfigKeys (ConfUtils.java:logGet(46)) - raft.server.log.segment.size.max = 1048576 (custom)
2023-09-13 06:49:09,734 [d28f76a2-0ae6-4755-86d6-e75b9d48a44d-groupManagement] INFO  server.RaftServerConfigKeys (ConfUtils.java:logGet(46)) - raft.server.log.segment.cache.num.max = 2 (custom)
2023-09-13 06:49:09,735 [d28f76a2-0ae6-4755-86d6-e75b9d48a44d-groupManagement] INFO  server.RaftServerConfigKeys (ConfUtils.java:logGet(46)) - raft.server.log.segment.cache.size.max = 200MB (=209715200) (default)
2023-09-13 06:49:09,735 [d28f76a2-0ae6-4755-86d6-e75b9d48a44d-groupManagement] INFO  server.RaftServerConfigKeys (ConfUtils.java:logGet(46)) - raft.server.log.appender.buffer.byte-limit = 33554432 (custom)
2023-09-13 06:49:09,735 [d28f76a2-0ae6-4755-86d6-e75b9d48a44d-groupManagement] INFO  segmented.SegmentedRaftLogWorker (SegmentedRaftLogWorker.java:<init>(188)) - new d28f76a2-0ae6-4755-86d6-e75b9d48a44d@group-57A2A16130EB-SegmentedRaftLogWorker for RaftStorageImpl:Storage Directory /home/runner/work/ozone/ozone/hadoop-ozone/integration-test/target/test-dir/MiniOzoneClusterImpl-e4211fca-df1e-4788-9bfe-f086778bfd1d/datanode-2/data/ratis/7d088da1-6181-4b24-88d9-57a2a16130eb
2023-09-13 06:49:09,735 [d28f76a2-0ae6-4755-86d6-e75b9d48a44d-groupManagement] INFO  server.RaftServerConfigKeys (ConfUtils.java:logGet(46)) - raft.server.log.queue.byte-limit = 4294967296 (custom)
2023-09-13 06:49:09,735 [d28f76a2-0ae6-4755-86d6-e75b9d48a44d-groupManagement] INFO  server.RaftServerConfigKeys (ConfUtils.java:logGet(46)) - raft.server.log.queue.element-limit = 1024 (custom)
2023-09-13 06:49:09,735 [d28f76a2-0ae6-4755-86d6-e75b9d48a44d-groupManagement] INFO  server.RaftServerConfigKeys (ConfUtils.java:logGet(46)) - raft.server.log.segment.size.max = 1048576 (custom)
2023-09-13 06:49:09,735 [d28f76a2-0ae6-4755-86d6-e75b9d48a44d-groupManagement] INFO  server.RaftServerConfigKeys (ConfUtils.java:logGet(46)) - raft.server.log.preallocated.size = 16384 (custom)
2023-09-13 06:49:09,735 [d28f76a2-0ae6-4755-86d6-e75b9d48a44d-groupManagement] INFO  server.RaftServerConfigKeys (ConfUtils.java:logGet(46)) - raft.server.log.force.sync.num = 128 (default)
2023-09-13 06:49:09,735 [d28f76a2-0ae6-4755-86d6-e75b9d48a44d-groupManagement] INFO  server.RaftServerConfigKeys (ConfUtils.java:logGet(46)) - raft.server.log.statemachine.data.sync = true (default)
2023-09-13 06:49:09,735 [d28f76a2-0ae6-4755-86d6-e75b9d48a44d-groupManagement] INFO  server.RaftServerConfigKeys (ConfUtils.java:logGet(46)) - raft.server.log.statemachine.data.sync.timeout = 10s (default)
2023-09-13 06:49:09,735 [d28f76a2-0ae6-4755-86d6-e75b9d48a44d-groupManagement] INFO  server.RaftServerConfigKeys (ConfUtils.java:logGet(46)) - raft.server.log.statemachine.data.sync.timeout.retry = -1 (default)
2023-09-13 06:49:09,736 [d28f76a2-0ae6-4755-86d6-e75b9d48a44d-groupManagement] INFO  server.RaftServerConfigKeys (ConfUtils.java:logGet(46)) - raft.server.log.write.buffer.size = 1048576 (custom)
2023-09-13 06:49:09,737 [d28f76a2-0ae6-4755-86d6-e75b9d48a44d-groupManagement] INFO  server.RaftServerConfigKeys (ConfUtils.java:logGet(46)) - raft.server.log.appender.buffer.byte-limit = 33554432 (custom)
2023-09-13 06:49:09,745 [6f324be3-7c3f-481f-84d2-849e9673b06a-groupManagement] INFO  ratis.ContainerStateMachine (ContainerStateMachine.java:loadSnapshot(262)) - group-5C76A3FD1E8D: The snapshot info is null. Setting the last applied indexto:(t:0, i:~)
2023-09-13 06:49:09,745 [6f324be3-7c3f-481f-84d2-849e9673b06a-groupManagement] INFO  server.RaftServerConfigKeys (ConfUtils.java:logGet(46)) - raft.server.log.use.memory = false (default)
2023-09-13 06:49:09,746 [6f324be3-7c3f-481f-84d2-849e9673b06a-groupManagement] INFO  server.RaftServerConfigKeys (ConfUtils.java:logGet(46)) - raft.server.log.purge.gap = 1000000 (custom)
2023-09-13 06:49:09,746 [6f324be3-7c3f-481f-84d2-849e9673b06a-groupManagement] INFO  server.RaftServerConfigKeys (ConfUtils.java:logGet(46)) - raft.server.log.appender.buffer.byte-limit = 33554432 (custom)
2023-09-13 06:49:09,746 [6f324be3-7c3f-481f-84d2-849e9673b06a-groupManagement] INFO  server.RaftServerConfigKeys (ConfUtils.java:logGet(46)) - raft.server.log.statemachine.data.read.timeout = 1000ms (default)
2023-09-13 06:49:09,746 [6f324be3-7c3f-481f-84d2-849e9673b06a-groupManagement] INFO  server.RaftServerConfigKeys (ConfUtils.java:logGet(46)) - raft.server.log.purge.preservation.log.num = 0 (default)
2023-09-13 06:49:09,746 [d28f76a2-0ae6-4755-86d6-e75b9d48a44d-groupManagement] INFO  server.RaftServerConfigKeys (ConfUtils.java:logGet(46)) - raft.server.log.unsafe-flush.enabled = false (default)
2023-09-13 06:49:09,746 [d28f76a2-0ae6-4755-86d6-e75b9d48a44d-groupManagement] INFO  server.RaftServerConfigKeys (ConfUtils.java:logGet(46)) - raft.server.log.async-flush.enabled = false (default)
2023-09-13 06:49:09,746 [d28f76a2-0ae6-4755-86d6-e75b9d48a44d-groupManagement] INFO  server.RaftServerConfigKeys (ConfUtils.java:logGet(46)) - raft.server.log.statemachine.data.caching.enabled = true (custom)
2023-09-13 06:49:09,746 [d28f76a2-0ae6-4755-86d6-e75b9d48a44d-groupManagement] INFO  segmented.SegmentedRaftLogWorker (SegmentedRaftLogWorker.java:lambda$new$0(135)) - d28f76a2-0ae6-4755-86d6-e75b9d48a44d@group-57A2A16130EB-SegmentedRaftLogWorker: flushIndex: setUnconditionally 0 -> -1
2023-09-13 06:49:09,746 [d28f76a2-0ae6-4755-86d6-e75b9d48a44d-groupManagement] INFO  segmented.SegmentedRaftLogWorker (SegmentedRaftLogWorker.java:lambda$new$0(135)) - d28f76a2-0ae6-4755-86d6-e75b9d48a44d@group-57A2A16130EB-SegmentedRaftLogWorker: safeCacheEvictIndex: setUnconditionally 0 -> -1
2023-09-13 06:49:09,747 [d28f76a2-0ae6-4755-86d6-e75b9d48a44d-groupManagement] INFO  server.RaftServer$Division (RaftServerImpl.java:start(342)) - d28f76a2-0ae6-4755-86d6-e75b9d48a44d@group-57A2A16130EB: start as a follower, conf=-1: peers:[d28f76a2-0ae6-4755-86d6-e75b9d48a44d|rpc:10.1.0.17:15032|admin:10.1.0.17:15031|client:10.1.0.17:15030|dataStream:10.1.0.17:15033|priority:1|startupRole:FOLLOWER]|listeners:[], old=null
2023-09-13 06:49:09,747 [d28f76a2-0ae6-4755-86d6-e75b9d48a44d-groupManagement] INFO  server.RaftServer$Division (RaftServerImpl.java:setRole(329)) - d28f76a2-0ae6-4755-86d6-e75b9d48a44d@group-57A2A16130EB: changes role from      null to FOLLOWER at term 0 for startAsFollower
2023-09-13 06:49:09,747 [d28f76a2-0ae6-4755-86d6-e75b9d48a44d-groupManagement] INFO  impl.RoleInfo (RoleInfo.java:updateAndGet(139)) - d28f76a2-0ae6-4755-86d6-e75b9d48a44d: start d28f76a2-0ae6-4755-86d6-e75b9d48a44d@group-57A2A16130EB-FollowerState
2023-09-13 06:49:09,747 [d28f76a2-0ae6-4755-86d6-e75b9d48a44d-groupManagement] INFO  util.JmxRegister (JmxRegister.java:tryRegister(44)) - Successfully registered JMX Bean with object name Ratis:service=RaftServer,group=group-57A2A16130EB,id=d28f76a2-0ae6-4755-86d6-e75b9d48a44d
2023-09-13 06:49:09,747 [d28f76a2-0ae6-4755-86d6-e75b9d48a44d-groupManagement] INFO  server.RaftServerConfigKeys (ConfUtils.java:logGet(46)) - raft.server.snapshot.auto.trigger.enabled = true (custom)
2023-09-13 06:49:09,747 [d28f76a2-0ae6-4755-86d6-e75b9d48a44d-groupManagement] INFO  server.RaftServerConfigKeys (ConfUtils.java:logGet(46)) - raft.server.snapshot.auto.trigger.threshold = 10000 (custom)
2023-09-13 06:49:09,747 [d28f76a2-0ae6-4755-86d6-e75b9d48a44d-groupManagement] INFO  server.RaftServerConfigKeys (ConfUtils.java:logGet(46)) - raft.server.snapshot.retention.file.num = 5 (custom)
2023-09-13 06:49:09,747 [d28f76a2-0ae6-4755-86d6-e75b9d48a44d-groupManagement] INFO  server.RaftServerConfigKeys (ConfUtils.java:logGet(46)) - raft.server.log.purge.upto.snapshot.index = false (default)
2023-09-13 06:49:09,748 [PipelineCommandHandlerThread-0] INFO  ratis.XceiverServerRatis (XceiverServerRatis.java:addGroup(804)) - Created group PipelineID=7d088da1-6181-4b24-88d9-57a2a16130eb
2023-09-13 06:49:09,748 [PipelineCommandHandlerThread-0] INFO  commandhandler.CreatePipelineCommandHandler (CreatePipelineCommandHandler.java:lambda$handle$2(124)) - Created Pipeline RATIS ONE PipelineID=7d088da1-6181-4b24-88d9-57a2a16130eb.
2023-09-13 06:49:09,749 [6f324be3-7c3f-481f-84d2-849e9673b06a-groupManagement] INFO  server.RaftServerConfigKeys (ConfUtils.java:logGet(46)) - raft.server.log.segment.size.max = 1048576 (custom)
2023-09-13 06:49:09,749 [6f324be3-7c3f-481f-84d2-849e9673b06a-groupManagement] INFO  server.RaftServerConfigKeys (ConfUtils.java:logGet(46)) - raft.server.log.segment.cache.num.max = 2 (custom)
2023-09-13 06:49:09,749 [6f324be3-7c3f-481f-84d2-849e9673b06a-groupManagement] INFO  server.RaftServerConfigKeys (ConfUtils.java:logGet(46)) - raft.server.log.segment.cache.size.max = 200MB (=209715200) (default)
2023-09-13 06:49:09,749 [6f324be3-7c3f-481f-84d2-849e9673b06a-groupManagement] INFO  server.RaftServerConfigKeys (ConfUtils.java:logGet(46)) - raft.server.log.appender.buffer.byte-limit = 33554432 (custom)
2023-09-13 06:49:09,749 [6f324be3-7c3f-481f-84d2-849e9673b06a-groupManagement] INFO  segmented.SegmentedRaftLogWorker (SegmentedRaftLogWorker.java:<init>(188)) - new 6f324be3-7c3f-481f-84d2-849e9673b06a@group-5C76A3FD1E8D-SegmentedRaftLogWorker for RaftStorageImpl:Storage Directory /home/runner/work/ozone/ozone/hadoop-ozone/integration-test/target/test-dir/MiniOzoneClusterImpl-e4211fca-df1e-4788-9bfe-f086778bfd1d/datanode-3/data/ratis/bc8147a1-a957-48ca-a881-5c76a3fd1e8d
2023-09-13 06:49:09,750 [6f324be3-7c3f-481f-84d2-849e9673b06a-groupManagement] INFO  server.RaftServerConfigKeys (ConfUtils.java:logGet(46)) - raft.server.log.queue.byte-limit = 4294967296 (custom)
2023-09-13 06:49:09,750 [6f324be3-7c3f-481f-84d2-849e9673b06a-groupManagement] INFO  server.RaftServerConfigKeys (ConfUtils.java:logGet(46)) - raft.server.log.queue.element-limit = 1024 (custom)
2023-09-13 06:49:09,750 [6f324be3-7c3f-481f-84d2-849e9673b06a-groupManagement] INFO  server.RaftServerConfigKeys (ConfUtils.java:logGet(46)) - raft.server.log.segment.size.max = 1048576 (custom)
2023-09-13 06:49:09,750 [6f324be3-7c3f-481f-84d2-849e9673b06a-groupManagement] INFO  server.RaftServerConfigKeys (ConfUtils.java:logGet(46)) - raft.server.log.preallocated.size = 16384 (custom)
2023-09-13 06:49:09,750 [6f324be3-7c3f-481f-84d2-849e9673b06a-groupManagement] INFO  server.RaftServerConfigKeys (ConfUtils.java:logGet(46)) - raft.server.log.force.sync.num = 128 (default)
2023-09-13 06:49:09,750 [6f324be3-7c3f-481f-84d2-849e9673b06a-groupManagement] INFO  server.RaftServerConfigKeys (ConfUtils.java:logGet(46)) - raft.server.log.statemachine.data.sync = true (default)
2023-09-13 06:49:09,750 [6f324be3-7c3f-481f-84d2-849e9673b06a-groupManagement] INFO  server.RaftServerConfigKeys (ConfUtils.java:logGet(46)) - raft.server.log.statemachine.data.sync.timeout = 10s (default)
2023-09-13 06:49:09,750 [6f324be3-7c3f-481f-84d2-849e9673b06a-groupManagement] INFO  server.RaftServerConfigKeys (ConfUtils.java:logGet(46)) - raft.server.log.statemachine.data.sync.timeout.retry = -1 (default)
2023-09-13 06:49:09,751 [6f324be3-7c3f-481f-84d2-849e9673b06a-groupManagement] INFO  server.RaftServerConfigKeys (ConfUtils.java:logGet(46)) - raft.server.log.write.buffer.size = 1048576 (custom)
2023-09-13 06:49:09,753 [EventQueue-OpenPipelineForHealthyPipelineSafeModeRule] INFO  safemode.SCMSafeModeManager (HealthyPipelineSafeModeRule.java:process(137)) - SCM in safe mode. Healthy pipelines reported count is 0, required healthy pipeline reported count is 1
2023-09-13 06:49:09,754 [6f324be3-7c3f-481f-84d2-849e9673b06a-groupManagement] INFO  server.RaftServerConfigKeys (ConfUtils.java:logGet(46)) - raft.server.log.appender.buffer.byte-limit = 33554432 (custom)
2023-09-13 06:49:09,756 [d28f76a2-0ae6-4755-86d6-e75b9d48a44d@group-57A2A16130EB-FollowerState] INFO  server.RaftServerConfigKeys (ConfUtils.java:logFallback(53)) - raft.server.rpc.first-election.timeout.min = 5s (fallback to raft.server.rpc.timeout.min)
2023-09-13 06:49:09,756 [d28f76a2-0ae6-4755-86d6-e75b9d48a44d@group-57A2A16130EB-FollowerState] INFO  server.RaftServerConfigKeys (ConfUtils.java:logFallback(53)) - raft.server.rpc.first-election.timeout.max = 5200ms (fallback to raft.server.rpc.timeout.max)
2023-09-13 06:49:09,760 [6f324be3-7c3f-481f-84d2-849e9673b06a-groupManagement] INFO  server.RaftServerConfigKeys (ConfUtils.java:logGet(46)) - raft.server.log.unsafe-flush.enabled = false (default)
2023-09-13 06:49:09,760 [6f324be3-7c3f-481f-84d2-849e9673b06a-groupManagement] INFO  server.RaftServerConfigKeys (ConfUtils.java:logGet(46)) - raft.server.log.async-flush.enabled = false (default)
2023-09-13 06:49:09,760 [6f324be3-7c3f-481f-84d2-849e9673b06a-groupManagement] INFO  server.RaftServerConfigKeys (ConfUtils.java:logGet(46)) - raft.server.log.statemachine.data.caching.enabled = true (custom)
2023-09-13 06:49:09,760 [6f324be3-7c3f-481f-84d2-849e9673b06a-groupManagement] INFO  segmented.SegmentedRaftLogWorker (SegmentedRaftLogWorker.java:lambda$new$0(135)) - 6f324be3-7c3f-481f-84d2-849e9673b06a@group-5C76A3FD1E8D-SegmentedRaftLogWorker: flushIndex: setUnconditionally 0 -> -1
2023-09-13 06:49:09,760 [6f324be3-7c3f-481f-84d2-849e9673b06a-groupManagement] INFO  segmented.SegmentedRaftLogWorker (SegmentedRaftLogWorker.java:lambda$new$0(135)) - 6f324be3-7c3f-481f-84d2-849e9673b06a@group-5C76A3FD1E8D-SegmentedRaftLogWorker: safeCacheEvictIndex: setUnconditionally 0 -> -1
2023-09-13 06:49:09,762 [6f324be3-7c3f-481f-84d2-849e9673b06a-groupManagement] INFO  server.RaftServer$Division (RaftServerImpl.java:start(342)) - 6f324be3-7c3f-481f-84d2-849e9673b06a@group-5C76A3FD1E8D: start as a follower, conf=-1: peers:[6f324be3-7c3f-481f-84d2-849e9673b06a|rpc:10.1.0.17:15041|admin:10.1.0.17:15040|client:10.1.0.17:15039|dataStream:10.1.0.17:15042|priority:1|startupRole:FOLLOWER]|listeners:[], old=null
2023-09-13 06:49:09,762 [6f324be3-7c3f-481f-84d2-849e9673b06a-groupManagement] INFO  server.RaftServer$Division (RaftServerImpl.java:setRole(329)) - 6f324be3-7c3f-481f-84d2-849e9673b06a@group-5C76A3FD1E8D: changes role from      null to FOLLOWER at term 0 for startAsFollower
2023-09-13 06:49:09,762 [6f324be3-7c3f-481f-84d2-849e9673b06a-groupManagement] INFO  impl.RoleInfo (RoleInfo.java:updateAndGet(139)) - 6f324be3-7c3f-481f-84d2-849e9673b06a: start 6f324be3-7c3f-481f-84d2-849e9673b06a@group-5C76A3FD1E8D-FollowerState
2023-09-13 06:49:09,763 [EventQueue-PipelineReportForPipelineReportHandler] INFO  pipeline.PipelineReportHandler (PipelineReportHandler.java:processPipelineReport(136)) - Opened pipeline PipelineID=bc8147a1-a957-48ca-a881-5c76a3fd1e8d
2023-09-13 06:49:09,763 [6f324be3-7c3f-481f-84d2-849e9673b06a-groupManagement] INFO  util.JmxRegister (JmxRegister.java:tryRegister(44)) - Successfully registered JMX Bean with object name Ratis:service=RaftServer,group=group-5C76A3FD1E8D,id=6f324be3-7c3f-481f-84d2-849e9673b06a
2023-09-13 06:49:09,763 [6f324be3-7c3f-481f-84d2-849e9673b06a-groupManagement] INFO  server.RaftServerConfigKeys (ConfUtils.java:logGet(46)) - raft.server.snapshot.auto.trigger.enabled = true (custom)
2023-09-13 06:49:09,763 [6f324be3-7c3f-481f-84d2-849e9673b06a-groupManagement] INFO  server.RaftServerConfigKeys (ConfUtils.java:logGet(46)) - raft.server.snapshot.auto.trigger.threshold = 10000 (custom)
2023-09-13 06:49:09,764 [6f324be3-7c3f-481f-84d2-849e9673b06a-groupManagement] INFO  server.RaftServerConfigKeys (ConfUtils.java:logGet(46)) - raft.server.snapshot.retention.file.num = 5 (custom)
2023-09-13 06:49:09,764 [6f324be3-7c3f-481f-84d2-849e9673b06a-groupManagement] INFO  server.RaftServerConfigKeys (ConfUtils.java:logGet(46)) - raft.server.log.purge.upto.snapshot.index = false (default)
2023-09-13 06:49:09,764 [EventQueue-OpenPipelineForHealthyPipelineSafeModeRule] INFO  safemode.SCMSafeModeManager (HealthyPipelineSafeModeRule.java:process(137)) - SCM in safe mode. Healthy pipelines reported count is 0, required healthy pipeline reported count is 1
2023-09-13 06:49:09,765 [6f324be3-7c3f-481f-84d2-849e9673b06a@group-5C76A3FD1E8D-FollowerState] INFO  server.RaftServerConfigKeys (ConfUtils.java:logFallback(53)) - raft.server.rpc.first-election.timeout.min = 5s (fallback to raft.server.rpc.timeout.min)
2023-09-13 06:49:09,765 [6f324be3-7c3f-481f-84d2-849e9673b06a@group-5C76A3FD1E8D-FollowerState] INFO  server.RaftServerConfigKeys (ConfUtils.java:logFallback(53)) - raft.server.rpc.first-election.timeout.max = 5200ms (fallback to raft.server.rpc.timeout.max)
2023-09-13 06:49:09,766 [PipelineCommandHandlerThread-0] INFO  ratis.XceiverServerRatis (XceiverServerRatis.java:addGroup(804)) - Created group PipelineID=bc8147a1-a957-48ca-a881-5c76a3fd1e8d
2023-09-13 06:49:09,766 [PipelineCommandHandlerThread-0] INFO  commandhandler.CreatePipelineCommandHandler (CreatePipelineCommandHandler.java:lambda$handle$2(124)) - Created Pipeline RATIS ONE PipelineID=bc8147a1-a957-48ca-a881-5c76a3fd1e8d.
2023-09-13 06:49:09,766 [PipelineCommandHandlerThread-0] INFO  commandhandler.CreatePipelineCommandHandler (CreatePipelineCommandHandler.java:lambda$handle$2(124)) - Created Pipeline RATIS THREE PipelineID=f73d2d31-7e64-402d-88b2-36301351904d.
2023-09-13 06:49:10,039 [JUnit] INFO  ozone.MiniOzoneClusterImpl (MiniOzoneClusterImpl.java:lambda$waitForClusterToBeReady$0(224)) - Nodes are ready. Got 5 of 5 DN Heartbeats.
2023-09-13 06:49:10,039 [JUnit] INFO  ozone.MiniOzoneClusterImpl (MiniOzoneClusterImpl.java:lambda$waitForClusterToBeReady$0(227)) - Waiting for cluster to exit safe mode
2023-09-13 06:49:10,040 [JUnit] INFO  ozone.MiniOzoneClusterImpl (MiniOzoneClusterImpl.java:lambda$waitForClusterToBeReady$0(229)) - SCM became leader
2023-09-13 06:49:10,044 [PipelineCommandHandlerThread-0] INFO  server.RaftServer (RaftServerProxy.java:addNew(98)) - a70ca69d-e87c-45fc-bc42-2c6096aaeb0f: addNew group-C58063A2A852:[a70ca69d-e87c-45fc-bc42-2c6096aaeb0f|rpc:10.1.0.17:15050|admin:10.1.0.17:15049|client:10.1.0.17:15048|dataStream:10.1.0.17:15051|priority:1|startupRole:FOLLOWER] returns group-C58063A2A852:java.util.concurrent.CompletableFuture@7d167388[Not completed]
2023-09-13 06:49:10,047 [a70ca69d-e87c-45fc-bc42-2c6096aaeb0f-groupManagement] INFO  server.RaftServer$Division (RaftServerImpl.java:<init>(198)) - a70ca69d-e87c-45fc-bc42-2c6096aaeb0f: new RaftServerImpl for group-C58063A2A852:[a70ca69d-e87c-45fc-bc42-2c6096aaeb0f|rpc:10.1.0.17:15050|admin:10.1.0.17:15049|client:10.1.0.17:15048|dataStream:10.1.0.17:15051|priority:1|startupRole:FOLLOWER] with ContainerStateMachine:uninitialized
2023-09-13 06:49:10,047 [a70ca69d-e87c-45fc-bc42-2c6096aaeb0f-groupManagement] INFO  server.RaftServerConfigKeys (ConfUtils.java:logGet(46)) - raft.server.rpc.timeout.min = 5s (custom)
2023-09-13 06:49:10,047 [a70ca69d-e87c-45fc-bc42-2c6096aaeb0f-groupManagement] INFO  server.RaftServerConfigKeys (ConfUtils.java:logGet(46)) - raft.server.rpc.timeout.max = 5200ms (custom)
2023-09-13 06:49:10,047 [a70ca69d-e87c-45fc-bc42-2c6096aaeb0f-groupManagement] INFO  server.RaftServerConfigKeys (ConfUtils.java:logGet(46)) - raft.server.rpc.sleep.time = 25ms (default)
2023-09-13 06:49:10,047 [a70ca69d-e87c-45fc-bc42-2c6096aaeb0f-groupManagement] INFO  server.RaftServerConfigKeys (ConfUtils.java:logGet(46)) - raft.server.rpc.slowness.timeout = 300000ms (custom)
2023-09-13 06:49:10,047 [a70ca69d-e87c-45fc-bc42-2c6096aaeb0f-groupManagement] INFO  server.RaftServerConfigKeys (ConfUtils.java:logGet(46)) - raft.server.leaderelection.leader.step-down.wait-time = 10s (default)
2023-09-13 06:49:10,047 [a70ca69d-e87c-45fc-bc42-2c6096aaeb0f-groupManagement] INFO  server.RaftServerConfigKeys (ConfUtils.java:logGet(46)) - raft.server.sleep.deviation.threshold = 300ms (default)
2023-09-13 06:49:10,047 [a70ca69d-e87c-45fc-bc42-2c6096aaeb0f-groupManagement] INFO  server.RaftServer$Division (ServerState.java:<init>(120)) - a70ca69d-e87c-45fc-bc42-2c6096aaeb0f@group-C58063A2A852: ConfigurationManager, init=-1: peers:[a70ca69d-e87c-45fc-bc42-2c6096aaeb0f|rpc:10.1.0.17:15050|admin:10.1.0.17:15049|client:10.1.0.17:15048|dataStream:10.1.0.17:15051|priority:1|startupRole:FOLLOWER]|listeners:[], old=null, confs=<EMPTY_MAP>
2023-09-13 06:49:10,047 [a70ca69d-e87c-45fc-bc42-2c6096aaeb0f-groupManagement] INFO  server.RaftServerConfigKeys (ConfUtils.java:logGet(46)) - raft.server.storage.dir = [/home/runner/work/ozone/ozone/hadoop-ozone/integration-test/target/test-dir/MiniOzoneClusterImpl-e4211fca-df1e-4788-9bfe-f086778bfd1d/datanode-4/data/ratis] (custom)
2023-09-13 06:49:10,047 [a70ca69d-e87c-45fc-bc42-2c6096aaeb0f-groupManagement] INFO  server.RaftServerConfigKeys (ConfUtils.java:logGet(46)) - raft.server.log.corruption.policy = EXCEPTION (default)
2023-09-13 06:49:10,048 [a70ca69d-e87c-45fc-bc42-2c6096aaeb0f-groupManagement] INFO  server.RaftServerConfigKeys (ConfUtils.java:logGet(46)) - raft.server.storage.free-space.min = 0MB (=0) (default)
2023-09-13 06:49:10,048 [a70ca69d-e87c-45fc-bc42-2c6096aaeb0f-groupManagement] INFO  server.RaftServerConfigKeys (ConfUtils.java:logGet(46)) - raft.server.notification.no-leader.timeout = 300000ms (custom)
2023-09-13 06:49:10,048 [a70ca69d-e87c-45fc-bc42-2c6096aaeb0f-groupManagement] INFO  server.RaftServerConfigKeys (ConfUtils.java:logGet(46)) - raft.server.read.timeout = 10s (default)
2023-09-13 06:49:10,048 [a70ca69d-e87c-45fc-bc42-2c6096aaeb0f-groupManagement] INFO  server.RaftServerConfigKeys (ConfUtils.java:logGet(46)) - raft.server.retrycache.expirytime = 600000ms (custom)
2023-09-13 06:49:10,048 [a70ca69d-e87c-45fc-bc42-2c6096aaeb0f-groupManagement] INFO  server.RaftServerConfigKeys (ConfUtils.java:logGet(46)) - raft.server.retrycache.statistics.expirytime = 100μs (default)
2023-09-13 06:49:10,048 [a70ca69d-e87c-45fc-bc42-2c6096aaeb0f-groupManagement] INFO  server.RaftServerConfigKeys (ConfUtils.java:logGet(46)) - raft.server.read.option = DEFAULT (default)
2023-09-13 06:49:10,050 [a70ca69d-e87c-45fc-bc42-2c6096aaeb0f-groupManagement] INFO  server.RaftServerConfigKeys (ConfUtils.java:logGet(46)) - raft.server.rpc.request.timeout = 3000ms (default)
2023-09-13 06:49:10,050 [a70ca69d-e87c-45fc-bc42-2c6096aaeb0f-groupManagement] INFO  server.RaftServerConfigKeys (ConfUtils.java:logGet(46)) - raft.server.log.appender.install.snapshot.enabled = false (custom)
2023-09-13 06:49:10,050 [a70ca69d-e87c-45fc-bc42-2c6096aaeb0f-groupManagement] INFO  server.RaftServerConfigKeys (ConfUtils.java:logGet(46)) - raft.server.threadpool.server.cached = true (default)
2023-09-13 06:49:10,050 [a70ca69d-e87c-45fc-bc42-2c6096aaeb0f-groupManagement] INFO  server.RaftServerConfigKeys (ConfUtils.java:logGet(46)) - raft.server.threadpool.server.size = 0 (default)
2023-09-13 06:49:10,050 [a70ca69d-e87c-45fc-bc42-2c6096aaeb0f-groupManagement] INFO  server.RaftServerConfigKeys (ConfUtils.java:logGet(46)) - raft.server.threadpool.client.cached = true (default)
2023-09-13 06:49:10,050 [a70ca69d-e87c-45fc-bc42-2c6096aaeb0f-groupManagement] INFO  server.RaftServerConfigKeys (ConfUtils.java:logGet(46)) - raft.server.threadpool.client.size = 0 (default)
2023-09-13 06:49:10,050 [a70ca69d-e87c-45fc-bc42-2c6096aaeb0f-groupManagement] INFO  storage.RaftStorageDirectory (RaftStorageDirectoryImpl.java:analyzeStorage(137)) - The storage directory /home/runner/work/ozone/ozone/hadoop-ozone/integration-test/target/test-dir/MiniOzoneClusterImpl-e4211fca-df1e-4788-9bfe-f086778bfd1d/datanode-4/data/ratis/921876a5-c96d-4e4d-bee3-c58063a2a852 does not exist. Creating ...
2023-09-13 06:49:10,051 [a70ca69d-e87c-45fc-bc42-2c6096aaeb0f-groupManagement] INFO  storage.RaftStorageDirectory (RaftStorageDirectoryImpl.java:tryLock(231)) - Lock on /home/runner/work/ozone/ozone/hadoop-ozone/integration-test/target/test-dir/MiniOzoneClusterImpl-e4211fca-df1e-4788-9bfe-f086778bfd1d/datanode-4/data/ratis/921876a5-c96d-4e4d-bee3-c58063a2a852/in_use.lock acquired by nodename 3839@fv-az460-410
2023-09-13 06:49:10,056 [a70ca69d-e87c-45fc-bc42-2c6096aaeb0f-groupManagement] INFO  storage.RaftStorage (RaftStorageImpl.java:format(96)) - Storage directory /home/runner/work/ozone/ozone/hadoop-ozone/integration-test/target/test-dir/MiniOzoneClusterImpl-e4211fca-df1e-4788-9bfe-f086778bfd1d/datanode-4/data/ratis/921876a5-c96d-4e4d-bee3-c58063a2a852 has been successfully formatted.
2023-09-13 06:49:10,057 [a70ca69d-e87c-45fc-bc42-2c6096aaeb0f-groupManagement] INFO  ratis.ContainerStateMachine (ContainerStateMachine.java:loadSnapshot(262)) - group-C58063A2A852: The snapshot info is null. Setting the last applied indexto:(t:0, i:~)
2023-09-13 06:49:10,063 [EventQueue-PipelineReportForPipelineReportHandler] INFO  pipeline.PipelineReportHandler (PipelineReportHandler.java:processPipelineReport(136)) - Opened pipeline PipelineID=921876a5-c96d-4e4d-bee3-c58063a2a852
2023-09-13 06:49:10,064 [a70ca69d-e87c-45fc-bc42-2c6096aaeb0f-groupManagement] INFO  server.RaftServerConfigKeys (ConfUtils.java:logGet(46)) - raft.server.log.use.memory = false (default)
2023-09-13 06:49:10,064 [EventQueue-OpenPipelineForHealthyPipelineSafeModeRule] INFO  safemode.SCMSafeModeManager (HealthyPipelineSafeModeRule.java:process(137)) - SCM in safe mode. Healthy pipelines reported count is 0, required healthy pipeline reported count is 1
2023-09-13 06:49:10,065 [a70ca69d-e87c-45fc-bc42-2c6096aaeb0f-groupManagement] INFO  server.RaftServerConfigKeys (ConfUtils.java:logGet(46)) - raft.server.log.purge.gap = 1000000 (custom)
2023-09-13 06:49:10,065 [a70ca69d-e87c-45fc-bc42-2c6096aaeb0f-groupManagement] INFO  server.RaftServerConfigKeys (ConfUtils.java:logGet(46)) - raft.server.log.appender.buffer.byte-limit = 33554432 (custom)
2023-09-13 06:49:10,065 [a70ca69d-e87c-45fc-bc42-2c6096aaeb0f-groupManagement] INFO  server.RaftServerConfigKeys (ConfUtils.java:logGet(46)) - raft.server.log.statemachine.data.read.timeout = 1000ms (default)
2023-09-13 06:49:10,065 [a70ca69d-e87c-45fc-bc42-2c6096aaeb0f-groupManagement] INFO  server.RaftServerConfigKeys (ConfUtils.java:logGet(46)) - raft.server.log.purge.preservation.log.num = 0 (default)
2023-09-13 06:49:10,065 [a70ca69d-e87c-45fc-bc42-2c6096aaeb0f-groupManagement] INFO  server.RaftServerConfigKeys (ConfUtils.java:logGet(46)) - raft.server.log.segment.size.max = 1048576 (custom)
2023-09-13 06:49:10,066 [a70ca69d-e87c-45fc-bc42-2c6096aaeb0f-groupManagement] INFO  server.RaftServerConfigKeys (ConfUtils.java:logGet(46)) - raft.server.log.segment.cache.num.max = 2 (custom)
2023-09-13 06:49:10,068 [a70ca69d-e87c-45fc-bc42-2c6096aaeb0f-groupManagement] INFO  server.RaftServerConfigKeys (ConfUtils.java:logGet(46)) - raft.server.log.segment.cache.size.max = 200MB (=209715200) (default)
2023-09-13 06:49:10,068 [a70ca69d-e87c-45fc-bc42-2c6096aaeb0f-groupManagement] INFO  server.RaftServerConfigKeys (ConfUtils.java:logGet(46)) - raft.server.log.appender.buffer.byte-limit = 33554432 (custom)
2023-09-13 06:49:10,068 [a70ca69d-e87c-45fc-bc42-2c6096aaeb0f-groupManagement] INFO  segmented.SegmentedRaftLogWorker (SegmentedRaftLogWorker.java:<init>(188)) - new a70ca69d-e87c-45fc-bc42-2c6096aaeb0f@group-C58063A2A852-SegmentedRaftLogWorker for RaftStorageImpl:Storage Directory /home/runner/work/ozone/ozone/hadoop-ozone/integration-test/target/test-dir/MiniOzoneClusterImpl-e4211fca-df1e-4788-9bfe-f086778bfd1d/datanode-4/data/ratis/921876a5-c96d-4e4d-bee3-c58063a2a852
2023-09-13 06:49:10,068 [a70ca69d-e87c-45fc-bc42-2c6096aaeb0f-groupManagement] INFO  server.RaftServerConfigKeys (ConfUtils.java:logGet(46)) - raft.server.log.queue.byte-limit = 4294967296 (custom)
2023-09-13 06:49:10,068 [a70ca69d-e87c-45fc-bc42-2c6096aaeb0f-groupManagement] INFO  server.RaftServerConfigKeys (ConfUtils.java:logGet(46)) - raft.server.log.queue.element-limit = 1024 (custom)
2023-09-13 06:49:10,068 [a70ca69d-e87c-45fc-bc42-2c6096aaeb0f-groupManagement] INFO  server.RaftServerConfigKeys (ConfUtils.java:logGet(46)) - raft.server.log.segment.size.max = 1048576 (custom)
2023-09-13 06:49:10,068 [a70ca69d-e87c-45fc-bc42-2c6096aaeb0f-groupManagement] INFO  server.RaftServerConfigKeys (ConfUtils.java:logGet(46)) - raft.server.log.preallocated.size = 16384 (custom)
2023-09-13 06:49:10,068 [a70ca69d-e87c-45fc-bc42-2c6096aaeb0f-groupManagement] INFO  server.RaftServerConfigKeys (ConfUtils.java:logGet(46)) - raft.server.log.force.sync.num = 128 (default)
2023-09-13 06:49:10,068 [a70ca69d-e87c-45fc-bc42-2c6096aaeb0f-groupManagement] INFO  server.RaftServerConfigKeys (ConfUtils.java:logGet(46)) - raft.server.log.statemachine.data.sync = true (default)
2023-09-13 06:49:10,068 [a70ca69d-e87c-45fc-bc42-2c6096aaeb0f-groupManagement] INFO  server.RaftServerConfigKeys (ConfUtils.java:logGet(46)) - raft.server.log.statemachine.data.sync.timeout = 10s (default)
2023-09-13 06:49:10,068 [a70ca69d-e87c-45fc-bc42-2c6096aaeb0f-groupManagement] INFO  server.RaftServerConfigKeys (ConfUtils.java:logGet(46)) - raft.server.log.statemachine.data.sync.timeout.retry = -1 (default)
2023-09-13 06:49:10,070 [a70ca69d-e87c-45fc-bc42-2c6096aaeb0f-groupManagement] INFO  server.RaftServerConfigKeys (ConfUtils.java:logGet(46)) - raft.server.log.write.buffer.size = 1048576 (custom)
2023-09-13 06:49:10,071 [a70ca69d-e87c-45fc-bc42-2c6096aaeb0f-groupManagement] INFO  server.RaftServerConfigKeys (ConfUtils.java:logGet(46)) - raft.server.log.appender.buffer.byte-limit = 33554432 (custom)
2023-09-13 06:49:10,076 [a70ca69d-e87c-45fc-bc42-2c6096aaeb0f-groupManagement] INFO  server.RaftServerConfigKeys (ConfUtils.java:logGet(46)) - raft.server.log.unsafe-flush.enabled = false (default)
2023-09-13 06:49:10,076 [a70ca69d-e87c-45fc-bc42-2c6096aaeb0f-groupManagement] INFO  server.RaftServerConfigKeys (ConfUtils.java:logGet(46)) - raft.server.log.async-flush.enabled = false (default)
2023-09-13 06:49:10,076 [a70ca69d-e87c-45fc-bc42-2c6096aaeb0f-groupManagement] INFO  server.RaftServerConfigKeys (ConfUtils.java:logGet(46)) - raft.server.log.statemachine.data.caching.enabled = true (custom)
2023-09-13 06:49:10,077 [a70ca69d-e87c-45fc-bc42-2c6096aaeb0f-groupManagement] INFO  segmented.SegmentedRaftLogWorker (SegmentedRaftLogWorker.java:lambda$new$0(135)) - a70ca69d-e87c-45fc-bc42-2c6096aaeb0f@group-C58063A2A852-SegmentedRaftLogWorker: flushIndex: setUnconditionally 0 -> -1
2023-09-13 06:49:10,077 [a70ca69d-e87c-45fc-bc42-2c6096aaeb0f-groupManagement] INFO  segmented.SegmentedRaftLogWorker (SegmentedRaftLogWorker.java:lambda$new$0(135)) - a70ca69d-e87c-45fc-bc42-2c6096aaeb0f@group-C58063A2A852-SegmentedRaftLogWorker: safeCacheEvictIndex: setUnconditionally 0 -> -1
2023-09-13 06:49:10,081 [a70ca69d-e87c-45fc-bc42-2c6096aaeb0f-groupManagement] INFO  server.RaftServer$Division (RaftServerImpl.java:start(342)) - a70ca69d-e87c-45fc-bc42-2c6096aaeb0f@group-C58063A2A852: start as a follower, conf=-1: peers:[a70ca69d-e87c-45fc-bc42-2c6096aaeb0f|rpc:10.1.0.17:15050|admin:10.1.0.17:15049|client:10.1.0.17:15048|dataStream:10.1.0.17:15051|priority:1|startupRole:FOLLOWER]|listeners:[], old=null
2023-09-13 06:49:10,081 [a70ca69d-e87c-45fc-bc42-2c6096aaeb0f-groupManagement] INFO  server.RaftServer$Division (RaftServerImpl.java:setRole(329)) - a70ca69d-e87c-45fc-bc42-2c6096aaeb0f@group-C58063A2A852: changes role from      null to FOLLOWER at term 0 for startAsFollower
2023-09-13 06:49:10,081 [a70ca69d-e87c-45fc-bc42-2c6096aaeb0f-groupManagement] INFO  impl.RoleInfo (RoleInfo.java:updateAndGet(139)) - a70ca69d-e87c-45fc-bc42-2c6096aaeb0f: start a70ca69d-e87c-45fc-bc42-2c6096aaeb0f@group-C58063A2A852-FollowerState
2023-09-13 06:49:10,085 [a70ca69d-e87c-45fc-bc42-2c6096aaeb0f-groupManagement] INFO  util.JmxRegister (JmxRegister.java:tryRegister(44)) - Successfully registered JMX Bean with object name Ratis:service=RaftServer,group=group-C58063A2A852,id=a70ca69d-e87c-45fc-bc42-2c6096aaeb0f
2023-09-13 06:49:10,085 [a70ca69d-e87c-45fc-bc42-2c6096aaeb0f-groupManagement] INFO  server.RaftServerConfigKeys (ConfUtils.java:logGet(46)) - raft.server.snapshot.auto.trigger.enabled = true (custom)
2023-09-13 06:49:10,085 [a70ca69d-e87c-45fc-bc42-2c6096aaeb0f-groupManagement] INFO  server.RaftServerConfigKeys (ConfUtils.java:logGet(46)) - raft.server.snapshot.auto.trigger.threshold = 10000 (custom)
2023-09-13 06:49:10,085 [a70ca69d-e87c-45fc-bc42-2c6096aaeb0f-groupManagement] INFO  server.RaftServerConfigKeys (ConfUtils.java:logGet(46)) - raft.server.snapshot.retention.file.num = 5 (custom)
2023-09-13 06:49:10,085 [a70ca69d-e87c-45fc-bc42-2c6096aaeb0f-groupManagement] INFO  server.RaftServerConfigKeys (ConfUtils.java:logGet(46)) - raft.server.log.purge.upto.snapshot.index = false (default)
2023-09-13 06:49:10,086 [a70ca69d-e87c-45fc-bc42-2c6096aaeb0f@group-C58063A2A852-FollowerState] INFO  server.RaftServerConfigKeys (ConfUtils.java:logFallback(53)) - raft.server.rpc.first-election.timeout.min = 5s (fallback to raft.server.rpc.timeout.min)
2023-09-13 06:49:10,086 [a70ca69d-e87c-45fc-bc42-2c6096aaeb0f@group-C58063A2A852-FollowerState] INFO  server.RaftServerConfigKeys (ConfUtils.java:logFallback(53)) - raft.server.rpc.first-election.timeout.max = 5200ms (fallback to raft.server.rpc.timeout.max)
2023-09-13 06:49:10,089 [PipelineCommandHandlerThread-0] INFO  ratis.XceiverServerRatis (XceiverServerRatis.java:addGroup(804)) - Created group PipelineID=921876a5-c96d-4e4d-bee3-c58063a2a852
2023-09-13 06:49:10,089 [PipelineCommandHandlerThread-0] INFO  commandhandler.CreatePipelineCommandHandler (CreatePipelineCommandHandler.java:lambda$handle$2(124)) - Created Pipeline RATIS ONE PipelineID=921876a5-c96d-4e4d-bee3-c58063a2a852.
2023-09-13 06:49:11,040 [JUnit] INFO  ozone.MiniOzoneClusterImpl (MiniOzoneClusterImpl.java:lambda$waitForClusterToBeReady$0(224)) - Nodes are ready. Got 5 of 5 DN Heartbeats.
2023-09-13 06:49:11,040 [JUnit] INFO  ozone.MiniOzoneClusterImpl (MiniOzoneClusterImpl.java:lambda$waitForClusterToBeReady$0(227)) - Waiting for cluster to exit safe mode
2023-09-13 06:49:11,040 [JUnit] INFO  ozone.MiniOzoneClusterImpl (MiniOzoneClusterImpl.java:lambda$waitForClusterToBeReady$0(229)) - SCM became leader
2023-09-13 06:49:12,040 [JUnit] INFO  ozone.MiniOzoneClusterImpl (MiniOzoneClusterImpl.java:lambda$waitForClusterToBeReady$0(224)) - Nodes are ready. Got 5 of 5 DN Heartbeats.
2023-09-13 06:49:12,041 [JUnit] INFO  ozone.MiniOzoneClusterImpl (MiniOzoneClusterImpl.java:lambda$waitForClusterToBeReady$0(227)) - Waiting for cluster to exit safe mode
2023-09-13 06:49:12,041 [JUnit] INFO  ozone.MiniOzoneClusterImpl (MiniOzoneClusterImpl.java:lambda$waitForClusterToBeReady$0(229)) - SCM became leader
2023-09-13 06:49:13,041 [JUnit] INFO  ozone.MiniOzoneClusterImpl (MiniOzoneClusterImpl.java:lambda$waitForClusterToBeReady$0(224)) - Nodes are ready. Got 5 of 5 DN Heartbeats.
2023-09-13 06:49:13,041 [JUnit] INFO  ozone.MiniOzoneClusterImpl (MiniOzoneClusterImpl.java:lambda$waitForClusterToBeReady$0(227)) - Waiting for cluster to exit safe mode
2023-09-13 06:49:13,042 [JUnit] INFO  ozone.MiniOzoneClusterImpl (MiniOzoneClusterImpl.java:lambda$waitForClusterToBeReady$0(229)) - SCM became leader
2023-09-13 06:49:13,539 [53aa52bb-3302-49c8-8741-f934a8213f44@group-3544293C3AC0-FollowerState] INFO  impl.FollowerState (FollowerState.java:run(143)) - 53aa52bb-3302-49c8-8741-f934a8213f44@group-3544293C3AC0-FollowerState: change to CANDIDATE, lastRpcElapsedTime:5027972384ns, electionTimeout:5015ms
2023-09-13 06:49:13,540 [53aa52bb-3302-49c8-8741-f934a8213f44@group-3544293C3AC0-FollowerState] INFO  impl.RoleInfo (RoleInfo.java:shutdownFollowerState(110)) - 53aa52bb-3302-49c8-8741-f934a8213f44: shutdown 53aa52bb-3302-49c8-8741-f934a8213f44@group-3544293C3AC0-FollowerState
2023-09-13 06:49:13,540 [53aa52bb-3302-49c8-8741-f934a8213f44@group-3544293C3AC0-FollowerState] INFO  server.RaftServer$Division (RaftServerImpl.java:setRole(329)) - 53aa52bb-3302-49c8-8741-f934a8213f44@group-3544293C3AC0: changes role from  FOLLOWER to CANDIDATE at term 0 for changeToCandidate
2023-09-13 06:49:13,541 [53aa52bb-3302-49c8-8741-f934a8213f44@group-3544293C3AC0-FollowerState] INFO  server.RaftServerConfigKeys (ConfUtils.java:logGet(46)) - raft.server.leaderelection.pre-vote = true (default)
2023-09-13 06:49:13,541 [53aa52bb-3302-49c8-8741-f934a8213f44@group-3544293C3AC0-FollowerState] INFO  impl.RoleInfo (RoleInfo.java:updateAndGet(139)) - 53aa52bb-3302-49c8-8741-f934a8213f44: start 53aa52bb-3302-49c8-8741-f934a8213f44@group-3544293C3AC0-LeaderElection2
2023-09-13 06:49:13,553 [53aa52bb-3302-49c8-8741-f934a8213f44@group-3544293C3AC0-LeaderElection2] INFO  impl.LeaderElection (LeaderElection.java:askForVotes(321)) - 53aa52bb-3302-49c8-8741-f934a8213f44@group-3544293C3AC0-LeaderElection2 PRE_VOTE round 0: submit vote requests at term 0 for -1: peers:[53aa52bb-3302-49c8-8741-f934a8213f44|rpc:10.1.0.17:15014|admin:10.1.0.17:15013|client:10.1.0.17:15012|dataStream:10.1.0.17:15015|priority:0|startupRole:FOLLOWER, d28f76a2-0ae6-4755-86d6-e75b9d48a44d|rpc:10.1.0.17:15032|admin:10.1.0.17:15031|client:10.1.0.17:15030|dataStream:10.1.0.17:15033|priority:1|startupRole:FOLLOWER, 095205e7-1161-4289-a78b-dd2bf4a5be02|rpc:10.1.0.17:15023|admin:10.1.0.17:15022|client:10.1.0.17:15021|dataStream:10.1.0.17:15024|priority:0|startupRole:FOLLOWER]|listeners:[], old=null
2023-09-13 06:49:13,559 [53aa52bb-3302-49c8-8741-f934a8213f44@group-3544293C3AC0-LeaderElection2] INFO  server.RaftServerConfigKeys (ConfUtils.java:logFallback(53)) - raft.server.rpc.first-election.timeout.min = 5s (fallback to raft.server.rpc.timeout.min)
2023-09-13 06:49:13,559 [53aa52bb-3302-49c8-8741-f934a8213f44@group-3544293C3AC0-LeaderElection2] INFO  server.RaftServerConfigKeys (ConfUtils.java:logFallback(53)) - raft.server.rpc.first-election.timeout.max = 5200ms (fallback to raft.server.rpc.timeout.max)
2023-09-13 06:49:13,566 [53aa52bb-3302-49c8-8741-f934a8213f44@group-3544293C3AC0-LeaderElection2-1] INFO  server.GrpcServerProtocolClient (GrpcServerProtocolClient.java:<init>(65)) - Build channel for d28f76a2-0ae6-4755-86d6-e75b9d48a44d
2023-09-13 06:49:13,573 [53aa52bb-3302-49c8-8741-f934a8213f44@group-3544293C3AC0-LeaderElection2-2] INFO  server.GrpcServerProtocolClient (GrpcServerProtocolClient.java:<init>(65)) - Build channel for 095205e7-1161-4289-a78b-dd2bf4a5be02
2023-09-13 06:49:13,591 [grpc-default-executor-1] INFO  server.RaftServer$Division (RaftServerImpl.java:requestVote(1302)) - 095205e7-1161-4289-a78b-dd2bf4a5be02@group-3544293C3AC0: receive requestVote(PRE_VOTE, 53aa52bb-3302-49c8-8741-f934a8213f44, group-3544293C3AC0, 0, (t:0, i:0))
2023-09-13 06:49:13,593 [grpc-default-executor-0] INFO  server.RaftServer$Division (RaftServerImpl.java:requestVote(1302)) - d28f76a2-0ae6-4755-86d6-e75b9d48a44d@group-3544293C3AC0: receive requestVote(PRE_VOTE, 53aa52bb-3302-49c8-8741-f934a8213f44, group-3544293C3AC0, 0, (t:0, i:0))
2023-09-13 06:49:13,594 [grpc-default-executor-0] INFO  impl.VoteContext (VoteContext.java:log(49)) - d28f76a2-0ae6-4755-86d6-e75b9d48a44d@group-3544293C3AC0-FOLLOWER: reject PRE_VOTE from 53aa52bb-3302-49c8-8741-f934a8213f44: our priority 1 > candidate's priority 0
2023-09-13 06:49:13,596 [grpc-default-executor-0] INFO  server.RaftServer$Division (RaftServerImpl.java:requestVote(1335)) - d28f76a2-0ae6-4755-86d6-e75b9d48a44d@group-3544293C3AC0 replies to PRE_VOTE vote request: 53aa52bb-3302-49c8-8741-f934a8213f44<-d28f76a2-0ae6-4755-86d6-e75b9d48a44d#0:FAIL-t0. Peer's state: d28f76a2-0ae6-4755-86d6-e75b9d48a44d@group-3544293C3AC0:t0, leader=null, voted=, raftlog=Memoized:d28f76a2-0ae6-4755-86d6-e75b9d48a44d@group-3544293C3AC0-SegmentedRaftLog:OPENED:c-1, conf=-1: peers:[53aa52bb-3302-49c8-8741-f934a8213f44|rpc:10.1.0.17:15014|admin:10.1.0.17:15013|client:10.1.0.17:15012|dataStream:10.1.0.17:15015|priority:0|startupRole:FOLLOWER, d28f76a2-0ae6-4755-86d6-e75b9d48a44d|rpc:10.1.0.17:15032|admin:10.1.0.17:15031|client:10.1.0.17:15030|dataStream:10.1.0.17:15033|priority:1|startupRole:FOLLOWER, 095205e7-1161-4289-a78b-dd2bf4a5be02|rpc:10.1.0.17:15023|admin:10.1.0.17:15022|client:10.1.0.17:15021|dataStream:10.1.0.17:15024|priority:0|startupRole:FOLLOWER]|listeners:[], old=null
2023-09-13 06:49:13,597 [grpc-default-executor-1] INFO  impl.VoteContext (VoteContext.java:log(49)) - 095205e7-1161-4289-a78b-dd2bf4a5be02@group-3544293C3AC0-FOLLOWER: accept PRE_VOTE from 53aa52bb-3302-49c8-8741-f934a8213f44: our priority 0 <= candidate's priority 0
2023-09-13 06:49:13,600 [grpc-default-executor-1] INFO  server.RaftServer$Division (RaftServerImpl.java:requestVote(1335)) - 095205e7-1161-4289-a78b-dd2bf4a5be02@group-3544293C3AC0 replies to PRE_VOTE vote request: 53aa52bb-3302-49c8-8741-f934a8213f44<-095205e7-1161-4289-a78b-dd2bf4a5be02#0:OK-t0. Peer's state: 095205e7-1161-4289-a78b-dd2bf4a5be02@group-3544293C3AC0:t0, leader=null, voted=, raftlog=Memoized:095205e7-1161-4289-a78b-dd2bf4a5be02@group-3544293C3AC0-SegmentedRaftLog:OPENED:c-1, conf=-1: peers:[53aa52bb-3302-49c8-8741-f934a8213f44|rpc:10.1.0.17:15014|admin:10.1.0.17:15013|client:10.1.0.17:15012|dataStream:10.1.0.17:15015|priority:0|startupRole:FOLLOWER, d28f76a2-0ae6-4755-86d6-e75b9d48a44d|rpc:10.1.0.17:15032|admin:10.1.0.17:15031|client:10.1.0.17:15030|dataStream:10.1.0.17:15033|priority:1|startupRole:FOLLOWER, 095205e7-1161-4289-a78b-dd2bf4a5be02|rpc:10.1.0.17:15023|admin:10.1.0.17:15022|client:10.1.0.17:15021|dataStream:10.1.0.17:15024|priority:0|startupRole:FOLLOWER]|listeners:[], old=null
2023-09-13 06:49:13,602 [53aa52bb-3302-49c8-8741-f934a8213f44@group-3544293C3AC0-LeaderElection2] INFO  impl.LeaderElection (LeaderElection.java:logAndReturn(90)) - 53aa52bb-3302-49c8-8741-f934a8213f44@group-3544293C3AC0-LeaderElection2: PRE_VOTE REJECTED received 1 response(s) and 0 exception(s):
2023-09-13 06:49:13,603 [53aa52bb-3302-49c8-8741-f934a8213f44@group-3544293C3AC0-LeaderElection2] INFO  impl.LeaderElection (LeaderElection.java:logAndReturn(94)) -   Response 0: 53aa52bb-3302-49c8-8741-f934a8213f44<-d28f76a2-0ae6-4755-86d6-e75b9d48a44d#0:FAIL-t0
2023-09-13 06:49:13,603 [53aa52bb-3302-49c8-8741-f934a8213f44@group-3544293C3AC0-LeaderElection2] INFO  impl.LeaderElection (LeaderElection.java:askForVotes(323)) - 53aa52bb-3302-49c8-8741-f934a8213f44@group-3544293C3AC0-LeaderElection2 PRE_VOTE round 0: result REJECTED
2023-09-13 06:49:13,605 [53aa52bb-3302-49c8-8741-f934a8213f44@group-3544293C3AC0-LeaderElection2] INFO  server.RaftServer$Division (RaftServerImpl.java:setRole(329)) - 53aa52bb-3302-49c8-8741-f934a8213f44@group-3544293C3AC0: changes role from CANDIDATE to FOLLOWER at term 0 for REJECTED
2023-09-13 06:49:13,605 [53aa52bb-3302-49c8-8741-f934a8213f44@group-3544293C3AC0-LeaderElection2] INFO  impl.RoleInfo (RoleInfo.java:shutdownLeaderElection(130)) - 53aa52bb-3302-49c8-8741-f934a8213f44: shutdown 53aa52bb-3302-49c8-8741-f934a8213f44@group-3544293C3AC0-LeaderElection2
2023-09-13 06:49:13,605 [53aa52bb-3302-49c8-8741-f934a8213f44@group-3544293C3AC0-LeaderElection2] INFO  impl.RoleInfo (RoleInfo.java:updateAndGet(139)) - 53aa52bb-3302-49c8-8741-f934a8213f44: start 53aa52bb-3302-49c8-8741-f934a8213f44@group-3544293C3AC0-FollowerState
2023-09-13 06:49:13,610 [53aa52bb-3302-49c8-8741-f934a8213f44@group-0D5647AB4037-FollowerState] INFO  impl.FollowerState (FollowerState.java:run(143)) - 53aa52bb-3302-49c8-8741-f934a8213f44@group-0D5647AB4037-FollowerState: change to CANDIDATE, lastRpcElapsedTime:5143242059ns, electionTimeout:5139ms
2023-09-13 06:49:13,611 [53aa52bb-3302-49c8-8741-f934a8213f44@group-0D5647AB4037-FollowerState] INFO  impl.RoleInfo (RoleInfo.java:shutdownFollowerState(110)) - 53aa52bb-3302-49c8-8741-f934a8213f44: shutdown 53aa52bb-3302-49c8-8741-f934a8213f44@group-0D5647AB4037-FollowerState
2023-09-13 06:49:13,611 [53aa52bb-3302-49c8-8741-f934a8213f44@group-0D5647AB4037-FollowerState] INFO  server.RaftServer$Division (RaftServerImpl.java:setRole(329)) - 53aa52bb-3302-49c8-8741-f934a8213f44@group-0D5647AB4037: changes role from  FOLLOWER to CANDIDATE at term 0 for changeToCandidate
2023-09-13 06:49:13,612 [53aa52bb-3302-49c8-8741-f934a8213f44@group-0D5647AB4037-FollowerState] INFO  server.RaftServerConfigKeys (ConfUtils.java:logGet(46)) - raft.server.leaderelection.pre-vote = true (default)
2023-09-13 06:49:13,612 [53aa52bb-3302-49c8-8741-f934a8213f44@group-0D5647AB4037-FollowerState] INFO  impl.RoleInfo (RoleInfo.java:updateAndGet(139)) - 53aa52bb-3302-49c8-8741-f934a8213f44: start 53aa52bb-3302-49c8-8741-f934a8213f44@group-0D5647AB4037-LeaderElection3
2023-09-13 06:49:13,614 [53aa52bb-3302-49c8-8741-f934a8213f44@group-0D5647AB4037-LeaderElection3] INFO  impl.LeaderElection (LeaderElection.java:askForVotes(321)) - 53aa52bb-3302-49c8-8741-f934a8213f44@group-0D5647AB4037-LeaderElection3 PRE_VOTE round 0: submit vote requests at term 0 for -1: peers:[53aa52bb-3302-49c8-8741-f934a8213f44|rpc:10.1.0.17:15014|admin:10.1.0.17:15013|client:10.1.0.17:15012|dataStream:10.1.0.17:15015|priority:1|startupRole:FOLLOWER]|listeners:[], old=null
2023-09-13 06:49:13,614 [53aa52bb-3302-49c8-8741-f934a8213f44@group-0D5647AB4037-LeaderElection3] INFO  impl.LeaderElection (LeaderElection.java:askForVotes(323)) - 53aa52bb-3302-49c8-8741-f934a8213f44@group-0D5647AB4037-LeaderElection3 PRE_VOTE round 0: result PASSED (term=0)
2023-09-13 06:49:13,616 [53aa52bb-3302-49c8-8741-f934a8213f44@group-0D5647AB4037-LeaderElection3] INFO  impl.LeaderElection (LeaderElection.java:askForVotes(321)) - 53aa52bb-3302-49c8-8741-f934a8213f44@group-0D5647AB4037-LeaderElection3 ELECTION round 0: submit vote requests at term 1 for -1: peers:[53aa52bb-3302-49c8-8741-f934a8213f44|rpc:10.1.0.17:15014|admin:10.1.0.17:15013|client:10.1.0.17:15012|dataStream:10.1.0.17:15015|priority:1|startupRole:FOLLOWER]|listeners:[], old=null
2023-09-13 06:49:13,616 [53aa52bb-3302-49c8-8741-f934a8213f44@group-0D5647AB4037-LeaderElection3] INFO  impl.LeaderElection (LeaderElection.java:askForVotes(323)) - 53aa52bb-3302-49c8-8741-f934a8213f44@group-0D5647AB4037-LeaderElection3 ELECTION round 0: result PASSED (term=1)
2023-09-13 06:49:13,616 [53aa52bb-3302-49c8-8741-f934a8213f44@group-0D5647AB4037-LeaderElection3] INFO  impl.RoleInfo (RoleInfo.java:shutdownLeaderElection(130)) - 53aa52bb-3302-49c8-8741-f934a8213f44: shutdown 53aa52bb-3302-49c8-8741-f934a8213f44@group-0D5647AB4037-LeaderElection3
2023-09-13 06:49:13,616 [53aa52bb-3302-49c8-8741-f934a8213f44@group-0D5647AB4037-LeaderElection3] INFO  server.RaftServer$Division (RaftServerImpl.java:setRole(329)) - 53aa52bb-3302-49c8-8741-f934a8213f44@group-0D5647AB4037: changes role from CANDIDATE to LEADER at term 1 for changeToLeader
2023-09-13 06:49:13,616 [53aa52bb-3302-49c8-8741-f934a8213f44@group-0D5647AB4037-LeaderElection3] INFO  ratis.XceiverServerRatis (XceiverServerRatis.java:handleLeaderChangedNotification(902)) - Leader change notification received for group: group-0D5647AB4037 with new leaderId: 53aa52bb-3302-49c8-8741-f934a8213f44
2023-09-13 06:49:13,617 [53aa52bb-3302-49c8-8741-f934a8213f44@group-0D5647AB4037-LeaderElection3] INFO  server.RaftServer$Division (ServerState.java:setLeader(317)) - 53aa52bb-3302-49c8-8741-f934a8213f44@group-0D5647AB4037: change Leader from null to 53aa52bb-3302-49c8-8741-f934a8213f44 at term 1 for becomeLeader, leader elected after 5174ms
2023-09-13 06:49:13,618 [EventQueue-OpenPipelineForHealthyPipelineSafeModeRule] INFO  safemode.SCMSafeModeManager (HealthyPipelineSafeModeRule.java:process(137)) - SCM in safe mode. Healthy pipelines reported count is 0, required healthy pipeline reported count is 1
2023-09-13 06:49:13,619 [53aa52bb-3302-49c8-8741-f934a8213f44@group-0D5647AB4037-LeaderElection3] INFO  server.RaftServerConfigKeys (ConfUtils.java:logGet(46)) - raft.server.staging.catchup.gap = 1000 (default)
2023-09-13 06:49:13,620 [53aa52bb-3302-49c8-8741-f934a8213f44@group-0D5647AB4037-LeaderElection3] INFO  server.RaftServerConfigKeys (ConfUtils.java:logGet(46)) - raft.server.write.element-limit = 1024 (custom)
2023-09-13 06:49:13,620 [53aa52bb-3302-49c8-8741-f934a8213f44@group-0D5647AB4037-LeaderElection3] INFO  server.RaftServerConfigKeys (ConfUtils.java:logGet(46)) - raft.server.write.byte-limit = 1024 M (=1073741824) (custom)
2023-09-13 06:49:13,622 [53aa52bb-3302-49c8-8741-f934a8213f44@group-0D5647AB4037-LeaderElection3] INFO  server.RaftServerConfigKeys (ConfUtils.java:logGet(46)) - raft.server.watch.timeout = 10000ms (default)
2023-09-13 06:49:13,622 [53aa52bb-3302-49c8-8741-f934a8213f44@group-0D5647AB4037-LeaderElection3] INFO  server.RaftServerConfigKeys (ConfUtils.java:logGet(46)) - raft.server.watch.timeout.denomination = 1s (default)
2023-09-13 06:49:13,622 [53aa52bb-3302-49c8-8741-f934a8213f44@group-0D5647AB4037-LeaderElection3] INFO  server.RaftServerConfigKeys (ConfUtils.java:logGet(46)) - raft.server.watch.element-limit = 65536 (default)
2023-09-13 06:49:13,623 [53aa52bb-3302-49c8-8741-f934a8213f44@group-0D5647AB4037-LeaderElection3] INFO  server.RaftServerConfigKeys (ConfUtils.java:logGet(46)) - raft.server.write.element-limit = 1024 (custom)
2023-09-13 06:49:13,624 [53aa52bb-3302-49c8-8741-f934a8213f44@group-0D5647AB4037-LeaderElection3] INFO  server.RaftServerConfigKeys (ConfUtils.java:logGet(46)) - raft.server.write.follower.gap.ratio.max = -1.0 (default)
2023-09-13 06:49:13,624 [53aa52bb-3302-49c8-8741-f934a8213f44@group-0D5647AB4037-LeaderElection3] INFO  impl.RoleInfo (RoleInfo.java:updateAndGet(139)) - 53aa52bb-3302-49c8-8741-f934a8213f44: start 53aa52bb-3302-49c8-8741-f934a8213f44@group-0D5647AB4037-LeaderStateImpl
2023-09-13 06:49:13,624 [53aa52bb-3302-49c8-8741-f934a8213f44@group-0D5647AB4037-LeaderElection3] INFO  segmented.SegmentedRaftLogWorker (SegmentedRaftLogWorker.java:startLogSegment(447)) - 53aa52bb-3302-49c8-8741-f934a8213f44@group-0D5647AB4037-SegmentedRaftLogWorker: Starting segment from index:0
2023-09-13 06:49:13,626 [53aa52bb-3302-49c8-8741-f934a8213f44@group-0D5647AB4037-SegmentedRaftLogWorker] INFO  segmented.SegmentedRaftLogWorker (SegmentedRaftLogWorker.java:execute(651)) - 53aa52bb-3302-49c8-8741-f934a8213f44@group-0D5647AB4037-SegmentedRaftLogWorker: created new log segment /home/runner/work/ozone/ozone/hadoop-ozone/integration-test/target/test-dir/MiniOzoneClusterImpl-e4211fca-df1e-4788-9bfe-f086778bfd1d/datanode-0/data/ratis/9ae4a2a3-7eea-4053-a21d-0d5647ab4037/current/log_inprogress_0
2023-09-13 06:49:13,629 [53aa52bb-3302-49c8-8741-f934a8213f44@group-0D5647AB4037-LeaderElection3] INFO  server.RaftServer$Division (ServerState.java:setRaftConf(434)) - 53aa52bb-3302-49c8-8741-f934a8213f44@group-0D5647AB4037: set configuration 0: peers:[53aa52bb-3302-49c8-8741-f934a8213f44|rpc:10.1.0.17:15014|admin:10.1.0.17:15013|client:10.1.0.17:15012|dataStream:10.1.0.17:15015|priority:1|startupRole:FOLLOWER]|listeners:[], old=null
2023-09-13 06:49:14,042 [JUnit] INFO  ozone.MiniOzoneClusterImpl (MiniOzoneClusterImpl.java:lambda$waitForClusterToBeReady$0(224)) - Nodes are ready. Got 5 of 5 DN Heartbeats.
2023-09-13 06:49:14,042 [JUnit] INFO  ozone.MiniOzoneClusterImpl (MiniOzoneClusterImpl.java:lambda$waitForClusterToBeReady$0(227)) - Waiting for cluster to exit safe mode
2023-09-13 06:49:14,042 [JUnit] INFO  ozone.MiniOzoneClusterImpl (MiniOzoneClusterImpl.java:lambda$waitForClusterToBeReady$0(229)) - SCM became leader
2023-09-13 06:49:14,086 [095205e7-1161-4289-a78b-dd2bf4a5be02@group-B9693D60CA7E-FollowerState] INFO  impl.FollowerState (FollowerState.java:run(143)) - 095205e7-1161-4289-a78b-dd2bf4a5be02@group-B9693D60CA7E-FollowerState: change to CANDIDATE, lastRpcElapsedTime:5047986709ns, electionTimeout:5034ms
2023-09-13 06:49:14,086 [095205e7-1161-4289-a78b-dd2bf4a5be02@group-B9693D60CA7E-FollowerState] INFO  impl.RoleInfo (RoleInfo.java:shutdownFollowerState(110)) - 095205e7-1161-4289-a78b-dd2bf4a5be02: shutdown 095205e7-1161-4289-a78b-dd2bf4a5be02@group-B9693D60CA7E-FollowerState
2023-09-13 06:49:14,086 [095205e7-1161-4289-a78b-dd2bf4a5be02@group-B9693D60CA7E-FollowerState] INFO  server.RaftServer$Division (RaftServerImpl.java:setRole(329)) - 095205e7-1161-4289-a78b-dd2bf4a5be02@group-B9693D60CA7E: changes role from  FOLLOWER to CANDIDATE at term 0 for changeToCandidate
2023-09-13 06:49:14,087 [095205e7-1161-4289-a78b-dd2bf4a5be02@group-B9693D60CA7E-FollowerState] INFO  server.RaftServerConfigKeys (ConfUtils.java:logGet(46)) - raft.server.leaderelection.pre-vote = true (default)
2023-09-13 06:49:14,087 [095205e7-1161-4289-a78b-dd2bf4a5be02@group-B9693D60CA7E-FollowerState] INFO  impl.RoleInfo (RoleInfo.java:updateAndGet(139)) - 095205e7-1161-4289-a78b-dd2bf4a5be02: start 095205e7-1161-4289-a78b-dd2bf4a5be02@group-B9693D60CA7E-LeaderElection4
2023-09-13 06:49:14,093 [095205e7-1161-4289-a78b-dd2bf4a5be02@group-B9693D60CA7E-LeaderElection4] INFO  impl.LeaderElection (LeaderElection.java:askForVotes(321)) - 095205e7-1161-4289-a78b-dd2bf4a5be02@group-B9693D60CA7E-LeaderElection4 PRE_VOTE round 0: submit vote requests at term 0 for -1: peers:[095205e7-1161-4289-a78b-dd2bf4a5be02|rpc:10.1.0.17:15023|admin:10.1.0.17:15022|client:10.1.0.17:15021|dataStream:10.1.0.17:15024|priority:1|startupRole:FOLLOWER]|listeners:[], old=null
2023-09-13 06:49:14,093 [095205e7-1161-4289-a78b-dd2bf4a5be02@group-B9693D60CA7E-LeaderElection4] INFO  impl.LeaderElection (LeaderElection.java:askForVotes(323)) - 095205e7-1161-4289-a78b-dd2bf4a5be02@group-B9693D60CA7E-LeaderElection4 PRE_VOTE round 0: result PASSED (term=0)
2023-09-13 06:49:14,095 [095205e7-1161-4289-a78b-dd2bf4a5be02@group-B9693D60CA7E-LeaderElection4] INFO  impl.LeaderElection (LeaderElection.java:askForVotes(321)) - 095205e7-1161-4289-a78b-dd2bf4a5be02@group-B9693D60CA7E-LeaderElection4 ELECTION round 0: submit vote requests at term 1 for -1: peers:[095205e7-1161-4289-a78b-dd2bf4a5be02|rpc:10.1.0.17:15023|admin:10.1.0.17:15022|client:10.1.0.17:15021|dataStream:10.1.0.17:15024|priority:1|startupRole:FOLLOWER]|listeners:[], old=null
2023-09-13 06:49:14,095 [095205e7-1161-4289-a78b-dd2bf4a5be02@group-B9693D60CA7E-LeaderElection4] INFO  impl.LeaderElection (LeaderElection.java:askForVotes(323)) - 095205e7-1161-4289-a78b-dd2bf4a5be02@group-B9693D60CA7E-LeaderElection4 ELECTION round 0: result PASSED (term=1)
2023-09-13 06:49:14,095 [095205e7-1161-4289-a78b-dd2bf4a5be02@group-B9693D60CA7E-LeaderElection4] INFO  impl.RoleInfo (RoleInfo.java:shutdownLeaderElection(130)) - 095205e7-1161-4289-a78b-dd2bf4a5be02: shutdown 095205e7-1161-4289-a78b-dd2bf4a5be02@group-B9693D60CA7E-LeaderElection4
2023-09-13 06:49:14,095 [095205e7-1161-4289-a78b-dd2bf4a5be02@group-B9693D60CA7E-LeaderElection4] INFO  server.RaftServer$Division (RaftServerImpl.java:setRole(329)) - 095205e7-1161-4289-a78b-dd2bf4a5be02@group-B9693D60CA7E: changes role from CANDIDATE to LEADER at term 1 for changeToLeader
2023-09-13 06:49:14,095 [095205e7-1161-4289-a78b-dd2bf4a5be02@group-B9693D60CA7E-LeaderElection4] INFO  ratis.XceiverServerRatis (XceiverServerRatis.java:handleLeaderChangedNotification(902)) - Leader change notification received for group: group-B9693D60CA7E with new leaderId: 095205e7-1161-4289-a78b-dd2bf4a5be02
2023-09-13 06:49:14,096 [095205e7-1161-4289-a78b-dd2bf4a5be02@group-B9693D60CA7E-LeaderElection4] INFO  server.RaftServer$Division (ServerState.java:setLeader(317)) - 095205e7-1161-4289-a78b-dd2bf4a5be02@group-B9693D60CA7E: change Leader from null to 095205e7-1161-4289-a78b-dd2bf4a5be02 at term 1 for becomeLeader, leader elected after 5126ms
2023-09-13 06:49:14,096 [095205e7-1161-4289-a78b-dd2bf4a5be02@group-B9693D60CA7E-LeaderElection4] INFO  server.RaftServerConfigKeys (ConfUtils.java:logGet(46)) - raft.server.staging.catchup.gap = 1000 (default)
2023-09-13 06:49:14,096 [095205e7-1161-4289-a78b-dd2bf4a5be02@group-B9693D60CA7E-LeaderElection4] INFO  server.RaftServerConfigKeys (ConfUtils.java:logGet(46)) - raft.server.write.element-limit = 1024 (custom)
2023-09-13 06:49:14,096 [095205e7-1161-4289-a78b-dd2bf4a5be02@group-B9693D60CA7E-LeaderElection4] INFO  server.RaftServerConfigKeys (ConfUtils.java:logGet(46)) - raft.server.write.byte-limit = 1024 M (=1073741824) (custom)
2023-09-13 06:49:14,097 [EventQueue-OpenPipelineForHealthyPipelineSafeModeRule] INFO  safemode.SCMSafeModeManager (HealthyPipelineSafeModeRule.java:process(137)) - SCM in safe mode. Healthy pipelines reported count is 0, required healthy pipeline reported count is 1
2023-09-13 06:49:14,097 [095205e7-1161-4289-a78b-dd2bf4a5be02@group-B9693D60CA7E-LeaderElection4] INFO  server.RaftServerConfigKeys (ConfUtils.java:logGet(46)) - raft.server.watch.timeout = 10000ms (default)
2023-09-13 06:49:14,097 [095205e7-1161-4289-a78b-dd2bf4a5be02@group-B9693D60CA7E-LeaderElection4] INFO  server.RaftServerConfigKeys (ConfUtils.java:logGet(46)) - raft.server.watch.timeout.denomination = 1s (default)
2023-09-13 06:49:14,097 [095205e7-1161-4289-a78b-dd2bf4a5be02@group-B9693D60CA7E-LeaderElection4] INFO  server.RaftServerConfigKeys (ConfUtils.java:logGet(46)) - raft.server.watch.element-limit = 65536 (default)
2023-09-13 06:49:14,098 [095205e7-1161-4289-a78b-dd2bf4a5be02@group-B9693D60CA7E-LeaderElection4] INFO  server.RaftServerConfigKeys (ConfUtils.java:logGet(46)) - raft.server.write.element-limit = 1024 (custom)
2023-09-13 06:49:14,098 [095205e7-1161-4289-a78b-dd2bf4a5be02@group-B9693D60CA7E-LeaderElection4] INFO  server.RaftServerConfigKeys (ConfUtils.java:logGet(46)) - raft.server.write.follower.gap.ratio.max = -1.0 (default)
2023-09-13 06:49:14,098 [095205e7-1161-4289-a78b-dd2bf4a5be02@group-B9693D60CA7E-LeaderElection4] INFO  impl.RoleInfo (RoleInfo.java:updateAndGet(139)) - 095205e7-1161-4289-a78b-dd2bf4a5be02: start 095205e7-1161-4289-a78b-dd2bf4a5be02@group-B9693D60CA7E-LeaderStateImpl
2023-09-13 06:49:14,098 [095205e7-1161-4289-a78b-dd2bf4a5be02@group-B9693D60CA7E-LeaderElection4] INFO  segmented.SegmentedRaftLogWorker (SegmentedRaftLogWorker.java:startLogSegment(447)) - 095205e7-1161-4289-a78b-dd2bf4a5be02@group-B9693D60CA7E-SegmentedRaftLogWorker: Starting segment from index:0
2023-09-13 06:49:14,100 [095205e7-1161-4289-a78b-dd2bf4a5be02@group-B9693D60CA7E-SegmentedRaftLogWorker] INFO  segmented.SegmentedRaftLogWorker (SegmentedRaftLogWorker.java:execute(651)) - 095205e7-1161-4289-a78b-dd2bf4a5be02@group-B9693D60CA7E-SegmentedRaftLogWorker: created new log segment /home/runner/work/ozone/ozone/hadoop-ozone/integration-test/target/test-dir/MiniOzoneClusterImpl-e4211fca-df1e-4788-9bfe-f086778bfd1d/datanode-1/data/ratis/d936ad6c-9596-42e9-ac1e-b9693d60ca7e/current/log_inprogress_0
2023-09-13 06:49:14,102 [095205e7-1161-4289-a78b-dd2bf4a5be02@group-B9693D60CA7E-LeaderElection4] INFO  server.RaftServer$Division (ServerState.java:setRaftConf(434)) - 095205e7-1161-4289-a78b-dd2bf4a5be02@group-B9693D60CA7E: set configuration 0: peers:[095205e7-1161-4289-a78b-dd2bf4a5be02|rpc:10.1.0.17:15023|admin:10.1.0.17:15022|client:10.1.0.17:15021|dataStream:10.1.0.17:15024|priority:1|startupRole:FOLLOWER]|listeners:[], old=null
2023-09-13 06:49:14,149 [095205e7-1161-4289-a78b-dd2bf4a5be02@group-3544293C3AC0-FollowerState] INFO  server.RaftServerConfigKeys (ConfUtils.java:logFallback(53)) - raft.server.rpc.first-election.timeout.min = 5s (fallback to raft.server.rpc.timeout.min)
2023-09-13 06:49:14,149 [095205e7-1161-4289-a78b-dd2bf4a5be02@group-3544293C3AC0-FollowerState] INFO  server.RaftServerConfigKeys (ConfUtils.java:logFallback(53)) - raft.server.rpc.first-election.timeout.max = 5200ms (fallback to raft.server.rpc.timeout.max)
2023-09-13 06:49:14,165 [095205e7-1161-4289-a78b-dd2bf4a5be02@group-36301351904D-FollowerState] INFO  impl.FollowerState (FollowerState.java:run(143)) - 095205e7-1161-4289-a78b-dd2bf4a5be02@group-36301351904D-FollowerState: change to CANDIDATE, lastRpcElapsedTime:5029803086ns, electionTimeout:5016ms
2023-09-13 06:49:14,165 [095205e7-1161-4289-a78b-dd2bf4a5be02@group-36301351904D-FollowerState] INFO  impl.RoleInfo (RoleInfo.java:shutdownFollowerState(110)) - 095205e7-1161-4289-a78b-dd2bf4a5be02: shutdown 095205e7-1161-4289-a78b-dd2bf4a5be02@group-36301351904D-FollowerState
2023-09-13 06:49:14,165 [095205e7-1161-4289-a78b-dd2bf4a5be02@group-36301351904D-FollowerState] INFO  server.RaftServer$Division (RaftServerImpl.java:setRole(329)) - 095205e7-1161-4289-a78b-dd2bf4a5be02@group-36301351904D: changes role from  FOLLOWER to CANDIDATE at term 0 for changeToCandidate
2023-09-13 06:49:14,166 [095205e7-1161-4289-a78b-dd2bf4a5be02@group-36301351904D-FollowerState] INFO  server.RaftServerConfigKeys (ConfUtils.java:logGet(46)) - raft.server.leaderelection.pre-vote = true (default)
2023-09-13 06:49:14,166 [095205e7-1161-4289-a78b-dd2bf4a5be02@group-36301351904D-FollowerState] INFO  impl.RoleInfo (RoleInfo.java:updateAndGet(139)) - 095205e7-1161-4289-a78b-dd2bf4a5be02: start 095205e7-1161-4289-a78b-dd2bf4a5be02@group-36301351904D-LeaderElection5
2023-09-13 06:49:14,172 [095205e7-1161-4289-a78b-dd2bf4a5be02@group-36301351904D-LeaderElection5] INFO  impl.LeaderElection (LeaderElection.java:askForVotes(321)) - 095205e7-1161-4289-a78b-dd2bf4a5be02@group-36301351904D-LeaderElection5 PRE_VOTE round 0: submit vote requests at term 0 for -1: peers:[53aa52bb-3302-49c8-8741-f934a8213f44|rpc:10.1.0.17:15014|admin:10.1.0.17:15013|client:10.1.0.17:15012|dataStream:10.1.0.17:15015|priority:0|startupRole:FOLLOWER, d28f76a2-0ae6-4755-86d6-e75b9d48a44d|rpc:10.1.0.17:15032|admin:10.1.0.17:15031|client:10.1.0.17:15030|dataStream:10.1.0.17:15033|priority:0|startupRole:FOLLOWER, 095205e7-1161-4289-a78b-dd2bf4a5be02|rpc:10.1.0.17:15023|admin:10.1.0.17:15022|client:10.1.0.17:15021|dataStream:10.1.0.17:15024|priority:1|startupRole:FOLLOWER]|listeners:[], old=null
2023-09-13 06:49:14,173 [095205e7-1161-4289-a78b-dd2bf4a5be02@group-36301351904D-LeaderElection5] INFO  server.RaftServerConfigKeys (ConfUtils.java:logFallback(53)) - raft.server.rpc.first-election.timeout.min = 5s (fallback to raft.server.rpc.timeout.min)
2023-09-13 06:49:14,173 [095205e7-1161-4289-a78b-dd2bf4a5be02@group-36301351904D-LeaderElection5] INFO  server.RaftServerConfigKeys (ConfUtils.java:logFallback(53)) - raft.server.rpc.first-election.timeout.max = 5200ms (fallback to raft.server.rpc.timeout.max)
2023-09-13 06:49:14,173 [095205e7-1161-4289-a78b-dd2bf4a5be02@group-36301351904D-LeaderElection5-1] INFO  server.GrpcServerProtocolClient (GrpcServerProtocolClient.java:<init>(65)) - Build channel for 53aa52bb-3302-49c8-8741-f934a8213f44
2023-09-13 06:49:14,173 [095205e7-1161-4289-a78b-dd2bf4a5be02@group-36301351904D-LeaderElection5-2] INFO  server.GrpcServerProtocolClient (GrpcServerProtocolClient.java:<init>(65)) - Build channel for d28f76a2-0ae6-4755-86d6-e75b9d48a44d
2023-09-13 06:49:14,199 [grpc-default-executor-1] INFO  server.RaftServer$Division (RaftServerImpl.java:requestVote(1302)) - 53aa52bb-3302-49c8-8741-f934a8213f44@group-36301351904D: receive requestVote(PRE_VOTE, 095205e7-1161-4289-a78b-dd2bf4a5be02, group-36301351904D, 0, (t:0, i:0))
2023-09-13 06:49:14,199 [grpc-default-executor-1] INFO  impl.VoteContext (VoteContext.java:log(49)) - 53aa52bb-3302-49c8-8741-f934a8213f44@group-36301351904D-FOLLOWER: accept PRE_VOTE from 095205e7-1161-4289-a78b-dd2bf4a5be02: our priority 0 <= candidate's priority 1
2023-09-13 06:49:14,199 [grpc-default-executor-1] INFO  server.RaftServer$Division (RaftServerImpl.java:requestVote(1335)) - 53aa52bb-3302-49c8-8741-f934a8213f44@group-36301351904D replies to PRE_VOTE vote request: 095205e7-1161-4289-a78b-dd2bf4a5be02<-53aa52bb-3302-49c8-8741-f934a8213f44#0:OK-t0. Peer's state: 53aa52bb-3302-49c8-8741-f934a8213f44@group-36301351904D:t0, leader=null, voted=, raftlog=Memoized:53aa52bb-3302-49c8-8741-f934a8213f44@group-36301351904D-SegmentedRaftLog:OPENED:c-1, conf=-1: peers:[53aa52bb-3302-49c8-8741-f934a8213f44|rpc:10.1.0.17:15014|admin:10.1.0.17:15013|client:10.1.0.17:15012|dataStream:10.1.0.17:15015|priority:0|startupRole:FOLLOWER, d28f76a2-0ae6-4755-86d6-e75b9d48a44d|rpc:10.1.0.17:15032|admin:10.1.0.17:15031|client:10.1.0.17:15030|dataStream:10.1.0.17:15033|priority:0|startupRole:FOLLOWER, 095205e7-1161-4289-a78b-dd2bf4a5be02|rpc:10.1.0.17:15023|admin:10.1.0.17:15022|client:10.1.0.17:15021|dataStream:10.1.0.17:15024|priority:1|startupRole:FOLLOWER]|listeners:[], old=null
2023-09-13 06:49:14,203 [095205e7-1161-4289-a78b-dd2bf4a5be02@group-36301351904D-LeaderElection5] INFO  impl.LeaderElection (LeaderElection.java:logAndReturn(90)) - 095205e7-1161-4289-a78b-dd2bf4a5be02@group-36301351904D-LeaderElection5: PRE_VOTE PASSED received 1 response(s) and 0 exception(s):
2023-09-13 06:49:14,203 [095205e7-1161-4289-a78b-dd2bf4a5be02@group-36301351904D-LeaderElection5] INFO  impl.LeaderElection (LeaderElection.java:logAndReturn(94)) -   Response 0: 095205e7-1161-4289-a78b-dd2bf4a5be02<-53aa52bb-3302-49c8-8741-f934a8213f44#0:OK-t0
2023-09-13 06:49:14,203 [095205e7-1161-4289-a78b-dd2bf4a5be02@group-36301351904D-LeaderElection5] INFO  impl.LeaderElection (LeaderElection.java:askForVotes(323)) - 095205e7-1161-4289-a78b-dd2bf4a5be02@group-36301351904D-LeaderElection5 PRE_VOTE round 0: result PASSED
2023-09-13 06:49:14,204 [grpc-default-executor-1] INFO  server.RaftServer$Division (RaftServerImpl.java:requestVote(1302)) - d28f76a2-0ae6-4755-86d6-e75b9d48a44d@group-36301351904D: receive requestVote(PRE_VOTE, 095205e7-1161-4289-a78b-dd2bf4a5be02, group-36301351904D, 0, (t:0, i:0))
2023-09-13 06:49:14,205 [grpc-default-executor-1] INFO  impl.VoteContext (VoteContext.java:log(49)) - d28f76a2-0ae6-4755-86d6-e75b9d48a44d@group-36301351904D-FOLLOWER: accept PRE_VOTE from 095205e7-1161-4289-a78b-dd2bf4a5be02: our priority 0 <= candidate's priority 1
2023-09-13 06:49:14,205 [grpc-default-executor-1] INFO  server.RaftServer$Division (RaftServerImpl.java:requestVote(1335)) - d28f76a2-0ae6-4755-86d6-e75b9d48a44d@group-36301351904D replies to PRE_VOTE vote request: 095205e7-1161-4289-a78b-dd2bf4a5be02<-d28f76a2-0ae6-4755-86d6-e75b9d48a44d#0:OK-t0. Peer's state: d28f76a2-0ae6-4755-86d6-e75b9d48a44d@group-36301351904D:t0, leader=null, voted=, raftlog=Memoized:d28f76a2-0ae6-4755-86d6-e75b9d48a44d@group-36301351904D-SegmentedRaftLog:OPENED:c-1, conf=-1: peers:[53aa52bb-3302-49c8-8741-f934a8213f44|rpc:10.1.0.17:15014|admin:10.1.0.17:15013|client:10.1.0.17:15012|dataStream:10.1.0.17:15015|priority:0|startupRole:FOLLOWER, d28f76a2-0ae6-4755-86d6-e75b9d48a44d|rpc:10.1.0.17:15032|admin:10.1.0.17:15031|client:10.1.0.17:15030|dataStream:10.1.0.17:15033|priority:0|startupRole:FOLLOWER, 095205e7-1161-4289-a78b-dd2bf4a5be02|rpc:10.1.0.17:15023|admin:10.1.0.17:15022|client:10.1.0.17:15021|dataStream:10.1.0.17:15024|priority:1|startupRole:FOLLOWER]|listeners:[], old=null
2023-09-13 06:49:14,206 [095205e7-1161-4289-a78b-dd2bf4a5be02@group-36301351904D-LeaderElection5] INFO  impl.LeaderElection (LeaderElection.java:askForVotes(321)) - 095205e7-1161-4289-a78b-dd2bf4a5be02@group-36301351904D-LeaderElection5 ELECTION round 0: submit vote requests at term 1 for -1: peers:[53aa52bb-3302-49c8-8741-f934a8213f44|rpc:10.1.0.17:15014|admin:10.1.0.17:15013|client:10.1.0.17:15012|dataStream:10.1.0.17:15015|priority:0|startupRole:FOLLOWER, d28f76a2-0ae6-4755-86d6-e75b9d48a44d|rpc:10.1.0.17:15032|admin:10.1.0.17:15031|client:10.1.0.17:15030|dataStream:10.1.0.17:15033|priority:0|startupRole:FOLLOWER, 095205e7-1161-4289-a78b-dd2bf4a5be02|rpc:10.1.0.17:15023|admin:10.1.0.17:15022|client:10.1.0.17:15021|dataStream:10.1.0.17:15024|priority:1|startupRole:FOLLOWER]|listeners:[], old=null
2023-09-13 06:49:14,209 [095205e7-1161-4289-a78b-dd2bf4a5be02@group-36301351904D-LeaderElection5] INFO  server.RaftServerConfigKeys (ConfUtils.java:logFallback(53)) - raft.server.rpc.first-election.timeout.min = 5s (fallback to raft.server.rpc.timeout.min)
2023-09-13 06:49:14,209 [095205e7-1161-4289-a78b-dd2bf4a5be02@group-36301351904D-LeaderElection5] INFO  server.RaftServerConfigKeys (ConfUtils.java:logFallback(53)) - raft.server.rpc.first-election.timeout.max = 5200ms (fallback to raft.server.rpc.timeout.max)
2023-09-13 06:49:14,218 [grpc-default-executor-1] INFO  server.RaftServer$Division (RaftServerImpl.java:requestVote(1302)) - 53aa52bb-3302-49c8-8741-f934a8213f44@group-36301351904D: receive requestVote(ELECTION, 095205e7-1161-4289-a78b-dd2bf4a5be02, group-36301351904D, 1, (t:0, i:0))
2023-09-13 06:49:14,219 [grpc-default-executor-1] INFO  impl.VoteContext (VoteContext.java:log(49)) - 53aa52bb-3302-49c8-8741-f934a8213f44@group-36301351904D-FOLLOWER: accept ELECTION from 095205e7-1161-4289-a78b-dd2bf4a5be02: our priority 0 <= candidate's priority 1
2023-09-13 06:49:14,219 [grpc-default-executor-1] INFO  server.RaftServer$Division (RaftServerImpl.java:setRole(329)) - 53aa52bb-3302-49c8-8741-f934a8213f44@group-36301351904D: changes role from  FOLLOWER to FOLLOWER at term 1 for candidate:095205e7-1161-4289-a78b-dd2bf4a5be02
2023-09-13 06:49:14,219 [grpc-default-executor-1] INFO  impl.RoleInfo (RoleInfo.java:shutdownFollowerState(110)) - 53aa52bb-3302-49c8-8741-f934a8213f44: shutdown 53aa52bb-3302-49c8-8741-f934a8213f44@group-36301351904D-FollowerState
2023-09-13 06:49:14,219 [53aa52bb-3302-49c8-8741-f934a8213f44@group-36301351904D-FollowerState] INFO  impl.FollowerState (FollowerState.java:run(152)) - 53aa52bb-3302-49c8-8741-f934a8213f44@group-36301351904D-FollowerState was interrupted
2023-09-13 06:49:14,222 [grpc-default-executor-1] INFO  impl.RoleInfo (RoleInfo.java:updateAndGet(139)) - 53aa52bb-3302-49c8-8741-f934a8213f44: start 53aa52bb-3302-49c8-8741-f934a8213f44@group-36301351904D-FollowerState
2023-09-13 06:49:14,223 [grpc-default-executor-0] INFO  server.RaftServer$Division (RaftServerImpl.java:requestVote(1302)) - d28f76a2-0ae6-4755-86d6-e75b9d48a44d@group-36301351904D: receive requestVote(ELECTION, 095205e7-1161-4289-a78b-dd2bf4a5be02, group-36301351904D, 1, (t:0, i:0))
2023-09-13 06:49:14,226 [grpc-default-executor-0] INFO  impl.VoteContext (VoteContext.java:log(49)) - d28f76a2-0ae6-4755-86d6-e75b9d48a44d@group-36301351904D-FOLLOWER: accept ELECTION from 095205e7-1161-4289-a78b-dd2bf4a5be02: our priority 0 <= candidate's priority 1
2023-09-13 06:49:14,226 [grpc-default-executor-0] INFO  server.RaftServer$Division (RaftServerImpl.java:setRole(329)) - d28f76a2-0ae6-4755-86d6-e75b9d48a44d@group-36301351904D: changes role from  FOLLOWER to FOLLOWER at term 1 for candidate:095205e7-1161-4289-a78b-dd2bf4a5be02
2023-09-13 06:49:14,226 [grpc-default-executor-0] INFO  impl.RoleInfo (RoleInfo.java:shutdownFollowerState(110)) - d28f76a2-0ae6-4755-86d6-e75b9d48a44d: shutdown d28f76a2-0ae6-4755-86d6-e75b9d48a44d@group-36301351904D-FollowerState
2023-09-13 06:49:14,226 [d28f76a2-0ae6-4755-86d6-e75b9d48a44d@group-36301351904D-FollowerState] INFO  impl.FollowerState (FollowerState.java:run(152)) - d28f76a2-0ae6-4755-86d6-e75b9d48a44d@group-36301351904D-FollowerState was interrupted
2023-09-13 06:49:14,227 [grpc-default-executor-0] INFO  impl.RoleInfo (RoleInfo.java:updateAndGet(139)) - d28f76a2-0ae6-4755-86d6-e75b9d48a44d: start d28f76a2-0ae6-4755-86d6-e75b9d48a44d@group-36301351904D-FollowerState
2023-09-13 06:49:14,227 [grpc-default-executor-1] INFO  server.RaftServer$Division (RaftServerImpl.java:requestVote(1335)) - 53aa52bb-3302-49c8-8741-f934a8213f44@group-36301351904D replies to ELECTION vote request: 095205e7-1161-4289-a78b-dd2bf4a5be02<-53aa52bb-3302-49c8-8741-f934a8213f44#0:OK-t1. Peer's state: 53aa52bb-3302-49c8-8741-f934a8213f44@group-36301351904D:t1, leader=null, voted=095205e7-1161-4289-a78b-dd2bf4a5be02, raftlog=Memoized:53aa52bb-3302-49c8-8741-f934a8213f44@group-36301351904D-SegmentedRaftLog:OPENED:c-1, conf=-1: peers:[53aa52bb-3302-49c8-8741-f934a8213f44|rpc:10.1.0.17:15014|admin:10.1.0.17:15013|client:10.1.0.17:15012|dataStream:10.1.0.17:15015|priority:0|startupRole:FOLLOWER, d28f76a2-0ae6-4755-86d6-e75b9d48a44d|rpc:10.1.0.17:15032|admin:10.1.0.17:15031|client:10.1.0.17:15030|dataStream:10.1.0.17:15033|priority:0|startupRole:FOLLOWER, 095205e7-1161-4289-a78b-dd2bf4a5be02|rpc:10.1.0.17:15023|admin:10.1.0.17:15022|client:10.1.0.17:15021|dataStream:10.1.0.17:15024|priority:1|startupRole:FOLLOWER]|listeners:[], old=null
2023-09-13 06:49:14,229 [095205e7-1161-4289-a78b-dd2bf4a5be02@group-36301351904D-LeaderElection5] INFO  impl.LeaderElection (LeaderElection.java:logAndReturn(90)) - 095205e7-1161-4289-a78b-dd2bf4a5be02@group-36301351904D-LeaderElection5: ELECTION PASSED received 1 response(s) and 0 exception(s):
2023-09-13 06:49:14,229 [095205e7-1161-4289-a78b-dd2bf4a5be02@group-36301351904D-LeaderElection5] INFO  impl.LeaderElection (LeaderElection.java:logAndReturn(94)) -   Response 0: 095205e7-1161-4289-a78b-dd2bf4a5be02<-53aa52bb-3302-49c8-8741-f934a8213f44#0:OK-t1
2023-09-13 06:49:14,229 [095205e7-1161-4289-a78b-dd2bf4a5be02@group-36301351904D-LeaderElection5] INFO  impl.LeaderElection (LeaderElection.java:askForVotes(323)) - 095205e7-1161-4289-a78b-dd2bf4a5be02@group-36301351904D-LeaderElection5 ELECTION round 0: result PASSED
2023-09-13 06:49:14,229 [095205e7-1161-4289-a78b-dd2bf4a5be02@group-36301351904D-LeaderElection5] INFO  impl.RoleInfo (RoleInfo.java:shutdownLeaderElection(130)) - 095205e7-1161-4289-a78b-dd2bf4a5be02: shutdown 095205e7-1161-4289-a78b-dd2bf4a5be02@group-36301351904D-LeaderElection5
2023-09-13 06:49:14,229 [095205e7-1161-4289-a78b-dd2bf4a5be02@group-36301351904D-LeaderElection5] INFO  server.RaftServer$Division (RaftServerImpl.java:setRole(329)) - 095205e7-1161-4289-a78b-dd2bf4a5be02@group-36301351904D: changes role from CANDIDATE to LEADER at term 1 for changeToLeader
2023-09-13 06:49:14,229 [095205e7-1161-4289-a78b-dd2bf4a5be02@group-36301351904D-LeaderElection5] INFO  ratis.XceiverServerRatis (XceiverServerRatis.java:handleLeaderChangedNotification(902)) - Leader change notification received for group: group-36301351904D with new leaderId: 095205e7-1161-4289-a78b-dd2bf4a5be02
2023-09-13 06:49:14,230 [grpc-default-executor-0] INFO  server.RaftServer$Division (RaftServerImpl.java:requestVote(1335)) - d28f76a2-0ae6-4755-86d6-e75b9d48a44d@group-36301351904D replies to ELECTION vote request: 095205e7-1161-4289-a78b-dd2bf4a5be02<-d28f76a2-0ae6-4755-86d6-e75b9d48a44d#0:OK-t1. Peer's state: d28f76a2-0ae6-4755-86d6-e75b9d48a44d@group-36301351904D:t1, leader=null, voted=095205e7-1161-4289-a78b-dd2bf4a5be02, raftlog=Memoized:d28f76a2-0ae6-4755-86d6-e75b9d48a44d@group-36301351904D-SegmentedRaftLog:OPENED:c-1, conf=-1: peers:[53aa52bb-3302-49c8-8741-f934a8213f44|rpc:10.1.0.17:15014|admin:10.1.0.17:15013|client:10.1.0.17:15012|dataStream:10.1.0.17:15015|priority:0|startupRole:FOLLOWER, d28f76a2-0ae6-4755-86d6-e75b9d48a44d|rpc:10.1.0.17:15032|admin:10.1.0.17:15031|client:10.1.0.17:15030|dataStream:10.1.0.17:15033|priority:0|startupRole:FOLLOWER, 095205e7-1161-4289-a78b-dd2bf4a5be02|rpc:10.1.0.17:15023|admin:10.1.0.17:15022|client:10.1.0.17:15021|dataStream:10.1.0.17:15024|priority:1|startupRole:FOLLOWER]|listeners:[], old=null
2023-09-13 06:49:14,230 [095205e7-1161-4289-a78b-dd2bf4a5be02@group-36301351904D-LeaderElection5] INFO  server.RaftServer$Division (ServerState.java:setLeader(317)) - 095205e7-1161-4289-a78b-dd2bf4a5be02@group-36301351904D: change Leader from null to 095205e7-1161-4289-a78b-dd2bf4a5be02 at term 1 for becomeLeader, leader elected after 5142ms
2023-09-13 06:49:14,234 [095205e7-1161-4289-a78b-dd2bf4a5be02@group-36301351904D-LeaderElection5] INFO  server.RaftServerConfigKeys (ConfUtils.java:logGet(46)) - raft.server.staging.catchup.gap = 1000 (default)
2023-09-13 06:49:14,234 [095205e7-1161-4289-a78b-dd2bf4a5be02@group-36301351904D-LeaderElection5] INFO  server.RaftServerConfigKeys (ConfUtils.java:logGet(46)) - raft.server.write.element-limit = 1024 (custom)
2023-09-13 06:49:14,234 [095205e7-1161-4289-a78b-dd2bf4a5be02@group-36301351904D-LeaderElection5] INFO  server.RaftServerConfigKeys (ConfUtils.java:logGet(46)) - raft.server.write.byte-limit = 1024 M (=1073741824) (custom)
2023-09-13 06:49:14,235 [095205e7-1161-4289-a78b-dd2bf4a5be02@group-36301351904D-LeaderElection5] INFO  server.RaftServerConfigKeys (ConfUtils.java:logGet(46)) - raft.server.watch.timeout = 10000ms (default)
2023-09-13 06:49:14,235 [095205e7-1161-4289-a78b-dd2bf4a5be02@group-36301351904D-LeaderElection5] INFO  server.RaftServerConfigKeys (ConfUtils.java:logGet(46)) - raft.server.watch.timeout.denomination = 1s (default)
2023-09-13 06:49:14,235 [095205e7-1161-4289-a78b-dd2bf4a5be02@group-36301351904D-LeaderElection5] INFO  server.RaftServerConfigKeys (ConfUtils.java:logGet(46)) - raft.server.watch.element-limit = 65536 (default)
2023-09-13 06:49:14,235 [095205e7-1161-4289-a78b-dd2bf4a5be02@group-36301351904D-LeaderElection5] INFO  server.RaftServerConfigKeys (ConfUtils.java:logGet(46)) - raft.server.write.element-limit = 1024 (custom)
2023-09-13 06:49:14,235 [095205e7-1161-4289-a78b-dd2bf4a5be02@group-36301351904D-LeaderElection5] INFO  server.RaftServerConfigKeys (ConfUtils.java:logGet(46)) - raft.server.write.follower.gap.ratio.max = -1.0 (default)
2023-09-13 06:49:14,239 [EventQueue-PipelineReportForPipelineReportHandler] INFO  pipeline.PipelineReportHandler (PipelineReportHandler.java:processPipelineReport(136)) - Opened pipeline PipelineID=f73d2d31-7e64-402d-88b2-36301351904d
2023-09-13 06:49:14,245 [EventQueue-OpenPipelineForHealthyPipelineSafeModeRule] INFO  safemode.SCMSafeModeManager (HealthyPipelineSafeModeRule.java:process(137)) - SCM in safe mode. Healthy pipelines reported count is 1, required healthy pipeline reported count is 1
2023-09-13 06:49:14,245 [EventQueue-OpenPipelineForHealthyPipelineSafeModeRule] INFO  safemode.SCMSafeModeManager (SCMSafeModeManager.java:validateSafeModeExitRules(200)) - HealthyPipelineSafeModeRule rule is successfully validated
2023-09-13 06:49:14,245 [EventQueue-OpenPipelineForHealthyPipelineSafeModeRule] INFO  safemode.SCMSafeModeManager (SCMSafeModeManager.java:validateSafeModeExitRules(215)) - ScmSafeModeManager, all rules are successfully validated
2023-09-13 06:49:14,245 [EventQueue-OpenPipelineForHealthyPipelineSafeModeRule] INFO  safemode.SCMSafeModeManager (SCMSafeModeManager.java:exitSafeMode(244)) - SCM exiting safe mode.
2023-09-13 06:49:14,245 [EventQueue-OpenPipelineForHealthyPipelineSafeModeRule] INFO  ha.SCMContext (SCMContext.java:updateSafeModeStatus(228)) - Update SafeModeStatus from SafeModeStatus{safeModeStatus=true, preCheckPassed=true} to SafeModeStatus{safeModeStatus=false, preCheckPassed=true}.
2023-09-13 06:49:14,245 [EventQueue-OpenPipelineForHealthyPipelineSafeModeRule] INFO  pipeline.BackgroundPipelineCreator (BackgroundPipelineCreator.java:notifyStatusChanged(255)) - Service BackgroundPipelineCreator transitions to RUNNING.
2023-09-13 06:49:14,245 [EventQueue-OpenPipelineForHealthyPipelineSafeModeRule] INFO  BackgroundPipelineScrubber (BackgroundSCMService.java:notifyStatusChanged(82)) - Service BackgroundPipelineScrubber transitions to RUNNING.
2023-09-13 06:49:14,245 [EventQueue-OpenPipelineForHealthyPipelineSafeModeRule] INFO  ExpiredContainerReplicaOpScrubber (BackgroundSCMService.java:notifyStatusChanged(82)) - Service ExpiredContainerReplicaOpScrubber transitions to RUNNING.
2023-09-13 06:49:14,245 [EventQueue-OpenPipelineForHealthyPipelineSafeModeRule] INFO  replication.ReplicationManager (ReplicationManager.java:notifyStatusChanged(1370)) - Service ReplicationManager transitions to RUNNING.
2023-09-13 06:49:14,250 [EventQueue-OpenPipelineForHealthyPipelineSafeModeRule] WARN  balancer.ContainerBalancer (ContainerBalancer.java:shouldRun(134)) - Could not find persisted configuration for ContainerBalancer when checking if ContainerBalancer should run. ContainerBalancer should not run now.
2023-09-13 06:49:14,260 [095205e7-1161-4289-a78b-dd2bf4a5be02@group-36301351904D-LeaderElection5] INFO  server.RaftServerConfigKeys (ConfUtils.java:logGet(46)) - raft.server.log.appender.snapshot.chunk.size.max = 16MB (=16777216) (default)
2023-09-13 06:49:14,260 [095205e7-1161-4289-a78b-dd2bf4a5be02@group-36301351904D-LeaderElection5] INFO  server.RaftServerConfigKeys (ConfUtils.java:logGet(46)) - raft.server.log.appender.buffer.byte-limit = 33554432 (custom)
2023-09-13 06:49:14,261 [095205e7-1161-4289-a78b-dd2bf4a5be02@group-36301351904D-LeaderElection5] INFO  server.RaftServerConfigKeys (ConfUtils.java:logGet(46)) - raft.server.log.appender.buffer.element-limit = 1 (custom)
2023-09-13 06:49:14,263 [095205e7-1161-4289-a78b-dd2bf4a5be02@group-36301351904D-LeaderElection5] INFO  server.RaftServerConfigKeys (ConfUtils.java:logGet(46)) - raft.server.log.appender.wait-time.min = 10ms (default)
2023-09-13 06:49:14,264 [095205e7-1161-4289-a78b-dd2bf4a5be02@group-36301351904D-LeaderElection5] INFO  grpc.GrpcConfigKeys (ConfUtils.java:logGet(46)) - raft.grpc.server.leader.outstanding.appends.max = 128 (default)
2023-09-13 06:49:14,264 [095205e7-1161-4289-a78b-dd2bf4a5be02@group-36301351904D-LeaderElection5] INFO  server.RaftServerConfigKeys (ConfUtils.java:logGet(46)) - raft.server.rpc.request.timeout = 3000ms (default)
2023-09-13 06:49:14,265 [095205e7-1161-4289-a78b-dd2bf4a5be02@group-36301351904D-LeaderElection5] INFO  grpc.GrpcConfigKeys (ConfUtils.java:logGet(46)) - raft.grpc.server.install_snapshot.request.element-limit = 8 (default)
2023-09-13 06:49:14,265 [095205e7-1161-4289-a78b-dd2bf4a5be02@group-36301351904D-LeaderElection5] INFO  grpc.GrpcConfigKeys (ConfUtils.java:logGet(46)) - raft.grpc.server.install_snapshot.request.timeout = 3000ms (default)
2023-09-13 06:49:14,265 [095205e7-1161-4289-a78b-dd2bf4a5be02@group-36301351904D-LeaderElection5] INFO  server.RaftServerConfigKeys (ConfUtils.java:logGet(46)) - raft.server.log.appender.install.snapshot.enabled = false (custom)
2023-09-13 06:49:14,265 [095205e7-1161-4289-a78b-dd2bf4a5be02@group-36301351904D-LeaderElection5] INFO  grpc.GrpcConfigKeys (ConfUtils.java:logGet(46)) - raft.grpc.server.heartbeat.channel = true (default)
2023-09-13 06:49:14,267 [095205e7-1161-4289-a78b-dd2bf4a5be02@group-36301351904D-LeaderElection5] INFO  server.RaftServerConfigKeys (ConfUtils.java:logGet(46)) - raft.server.log.appender.snapshot.chunk.size.max = 16MB (=16777216) (default)
2023-09-13 06:49:14,268 [095205e7-1161-4289-a78b-dd2bf4a5be02@group-36301351904D-LeaderElection5] INFO  server.RaftServerConfigKeys (ConfUtils.java:logGet(46)) - raft.server.log.appender.buffer.byte-limit = 33554432 (custom)
2023-09-13 06:49:14,268 [095205e7-1161-4289-a78b-dd2bf4a5be02@group-36301351904D-LeaderElection5] INFO  server.RaftServerConfigKeys (ConfUtils.java:logGet(46)) - raft.server.log.appender.buffer.element-limit = 1 (custom)
2023-09-13 06:49:14,268 [095205e7-1161-4289-a78b-dd2bf4a5be02@group-36301351904D-LeaderElection5] INFO  server.RaftServerConfigKeys (ConfUtils.java:logGet(46)) - raft.server.log.appender.wait-time.min = 10ms (default)
2023-09-13 06:49:14,268 [095205e7-1161-4289-a78b-dd2bf4a5be02@group-36301351904D-LeaderElection5] INFO  grpc.GrpcConfigKeys (ConfUtils.java:logGet(46)) - raft.grpc.server.leader.outstanding.appends.max = 128 (default)
2023-09-13 06:49:14,268 [095205e7-1161-4289-a78b-dd2bf4a5be02@group-36301351904D-LeaderElection5] INFO  server.RaftServerConfigKeys (ConfUtils.java:logGet(46)) - raft.server.rpc.request.timeout = 3000ms (default)
2023-09-13 06:49:14,268 [095205e7-1161-4289-a78b-dd2bf4a5be02@group-36301351904D-LeaderElection5] INFO  grpc.GrpcConfigKeys (ConfUtils.java:logGet(46)) - raft.grpc.server.install_snapshot.request.element-limit = 8 (default)
2023-09-13 06:49:14,268 [095205e7-1161-4289-a78b-dd2bf4a5be02@group-36301351904D-LeaderElection5] INFO  grpc.GrpcConfigKeys (ConfUtils.java:logGet(46)) - raft.grpc.server.install_snapshot.request.timeout = 3000ms (default)
2023-09-13 06:49:14,268 [095205e7-1161-4289-a78b-dd2bf4a5be02@group-36301351904D-LeaderElection5] INFO  server.RaftServerConfigKeys (ConfUtils.java:logGet(46)) - raft.server.log.appender.install.snapshot.enabled = false (custom)
2023-09-13 06:49:14,268 [095205e7-1161-4289-a78b-dd2bf4a5be02@group-36301351904D-LeaderElection5] INFO  grpc.GrpcConfigKeys (ConfUtils.java:logGet(46)) - raft.grpc.server.heartbeat.channel = true (default)
2023-09-13 06:49:14,270 [095205e7-1161-4289-a78b-dd2bf4a5be02@group-36301351904D-LeaderElection5] INFO  impl.RoleInfo (RoleInfo.java:updateAndGet(139)) - 095205e7-1161-4289-a78b-dd2bf4a5be02: start 095205e7-1161-4289-a78b-dd2bf4a5be02@group-36301351904D-LeaderStateImpl
2023-09-13 06:49:14,270 [095205e7-1161-4289-a78b-dd2bf4a5be02@group-36301351904D-LeaderElection5] INFO  segmented.SegmentedRaftLogWorker (SegmentedRaftLogWorker.java:startLogSegment(447)) - 095205e7-1161-4289-a78b-dd2bf4a5be02@group-36301351904D-SegmentedRaftLogWorker: Starting segment from index:0
2023-09-13 06:49:14,272 [095205e7-1161-4289-a78b-dd2bf4a5be02@group-36301351904D-SegmentedRaftLogWorker] INFO  segmented.SegmentedRaftLogWorker (SegmentedRaftLogWorker.java:execute(651)) - 095205e7-1161-4289-a78b-dd2bf4a5be02@group-36301351904D-SegmentedRaftLogWorker: created new log segment /home/runner/work/ozone/ozone/hadoop-ozone/integration-test/target/test-dir/MiniOzoneClusterImpl-e4211fca-df1e-4788-9bfe-f086778bfd1d/datanode-1/data/ratis/f73d2d31-7e64-402d-88b2-36301351904d/current/log_inprogress_0
2023-09-13 06:49:14,289 [095205e7-1161-4289-a78b-dd2bf4a5be02@group-36301351904D-LeaderElection5] INFO  server.RaftServer$Division (ServerState.java:setRaftConf(434)) - 095205e7-1161-4289-a78b-dd2bf4a5be02@group-36301351904D: set configuration 0: peers:[53aa52bb-3302-49c8-8741-f934a8213f44|rpc:10.1.0.17:15014|admin:10.1.0.17:15013|client:10.1.0.17:15012|dataStream:10.1.0.17:15015|priority:0|startupRole:FOLLOWER, d28f76a2-0ae6-4755-86d6-e75b9d48a44d|rpc:10.1.0.17:15032|admin:10.1.0.17:15031|client:10.1.0.17:15030|dataStream:10.1.0.17:15033|priority:0|startupRole:FOLLOWER, 095205e7-1161-4289-a78b-dd2bf4a5be02|rpc:10.1.0.17:15023|admin:10.1.0.17:15022|client:10.1.0.17:15021|dataStream:10.1.0.17:15024|priority:1|startupRole:FOLLOWER]|listeners:[], old=null
2023-09-13 06:49:14,345 [d28f76a2-0ae6-4755-86d6-e75b9d48a44d-server-thread1] INFO  ratis.XceiverServerRatis (XceiverServerRatis.java:handleLeaderChangedNotification(902)) - Leader change notification received for group: group-36301351904D with new leaderId: 095205e7-1161-4289-a78b-dd2bf4a5be02
2023-09-13 06:49:14,345 [d28f76a2-0ae6-4755-86d6-e75b9d48a44d-server-thread1] INFO  server.RaftServer$Division (ServerState.java:setLeader(317)) - d28f76a2-0ae6-4755-86d6-e75b9d48a44d@group-36301351904D: change Leader from null to 095205e7-1161-4289-a78b-dd2bf4a5be02 at term 1 for appendEntries, leader elected after 5050ms
2023-09-13 06:49:14,349 [53aa52bb-3302-49c8-8741-f934a8213f44-server-thread2] INFO  ratis.XceiverServerRatis (XceiverServerRatis.java:handleLeaderChangedNotification(902)) - Leader change notification received for group: group-36301351904D with new leaderId: 095205e7-1161-4289-a78b-dd2bf4a5be02
2023-09-13 06:49:14,352 [53aa52bb-3302-49c8-8741-f934a8213f44-server-thread2] INFO  server.RaftServer$Division (ServerState.java:setLeader(317)) - 53aa52bb-3302-49c8-8741-f934a8213f44@group-36301351904D: change Leader from null to 095205e7-1161-4289-a78b-dd2bf4a5be02 at term 1 for appendEntries, leader elected after 5171ms
2023-09-13 06:49:14,351 [d28f76a2-0ae6-4755-86d6-e75b9d48a44d-server-thread1] INFO  server.RaftServer$Division (ServerState.java:setRaftConf(434)) - d28f76a2-0ae6-4755-86d6-e75b9d48a44d@group-36301351904D: set configuration 0: peers:[53aa52bb-3302-49c8-8741-f934a8213f44|rpc:10.1.0.17:15014|admin:10.1.0.17:15013|client:10.1.0.17:15012|dataStream:10.1.0.17:15015|priority:0|startupRole:FOLLOWER, d28f76a2-0ae6-4755-86d6-e75b9d48a44d|rpc:10.1.0.17:15032|admin:10.1.0.17:15031|client:10.1.0.17:15030|dataStream:10.1.0.17:15033|priority:0|startupRole:FOLLOWER, 095205e7-1161-4289-a78b-dd2bf4a5be02|rpc:10.1.0.17:15023|admin:10.1.0.17:15022|client:10.1.0.17:15021|dataStream:10.1.0.17:15024|priority:1|startupRole:FOLLOWER]|listeners:[], old=null
2023-09-13 06:49:14,353 [d28f76a2-0ae6-4755-86d6-e75b9d48a44d-server-thread1] INFO  segmented.SegmentedRaftLogWorker (SegmentedRaftLogWorker.java:startLogSegment(447)) - d28f76a2-0ae6-4755-86d6-e75b9d48a44d@group-36301351904D-SegmentedRaftLogWorker: Starting segment from index:0
2023-09-13 06:49:14,358 [d28f76a2-0ae6-4755-86d6-e75b9d48a44d@group-36301351904D-SegmentedRaftLogWorker] INFO  segmented.SegmentedRaftLogWorker (SegmentedRaftLogWorker.java:execute(651)) - d28f76a2-0ae6-4755-86d6-e75b9d48a44d@group-36301351904D-SegmentedRaftLogWorker: created new log segment /home/runner/work/ozone/ozone/hadoop-ozone/integration-test/target/test-dir/MiniOzoneClusterImpl-e4211fca-df1e-4788-9bfe-f086778bfd1d/datanode-2/data/ratis/f73d2d31-7e64-402d-88b2-36301351904d/current/log_inprogress_0
2023-09-13 06:49:14,369 [53aa52bb-3302-49c8-8741-f934a8213f44-server-thread1] INFO  server.RaftServer$Division (ServerState.java:setRaftConf(434)) - 53aa52bb-3302-49c8-8741-f934a8213f44@group-36301351904D: set configuration 0: peers:[53aa52bb-3302-49c8-8741-f934a8213f44|rpc:10.1.0.17:15014|admin:10.1.0.17:15013|client:10.1.0.17:15012|dataStream:10.1.0.17:15015|priority:0|startupRole:FOLLOWER, d28f76a2-0ae6-4755-86d6-e75b9d48a44d|rpc:10.1.0.17:15032|admin:10.1.0.17:15031|client:10.1.0.17:15030|dataStream:10.1.0.17:15033|priority:0|startupRole:FOLLOWER, 095205e7-1161-4289-a78b-dd2bf4a5be02|rpc:10.1.0.17:15023|admin:10.1.0.17:15022|client:10.1.0.17:15021|dataStream:10.1.0.17:15024|priority:1|startupRole:FOLLOWER]|listeners:[], old=null
2023-09-13 06:49:14,370 [53aa52bb-3302-49c8-8741-f934a8213f44-server-thread1] INFO  segmented.SegmentedRaftLogWorker (SegmentedRaftLogWorker.java:startLogSegment(447)) - 53aa52bb-3302-49c8-8741-f934a8213f44@group-36301351904D-SegmentedRaftLogWorker: Starting segment from index:0
2023-09-13 06:49:14,377 [53aa52bb-3302-49c8-8741-f934a8213f44@group-36301351904D-SegmentedRaftLogWorker] INFO  segmented.SegmentedRaftLogWorker (SegmentedRaftLogWorker.java:execute(651)) - 53aa52bb-3302-49c8-8741-f934a8213f44@group-36301351904D-SegmentedRaftLogWorker: created new log segment /home/runner/work/ozone/ozone/hadoop-ozone/integration-test/target/test-dir/MiniOzoneClusterImpl-e4211fca-df1e-4788-9bfe-f086778bfd1d/datanode-0/data/ratis/f73d2d31-7e64-402d-88b2-36301351904d/current/log_inprogress_0
2023-09-13 06:49:14,835 [d28f76a2-0ae6-4755-86d6-e75b9d48a44d@group-3544293C3AC0-FollowerState] INFO  impl.FollowerState (FollowerState.java:run(143)) - d28f76a2-0ae6-4755-86d6-e75b9d48a44d@group-3544293C3AC0-FollowerState: change to CANDIDATE, lastRpcElapsedTime:5176771591ns, electionTimeout:5172ms
2023-09-13 06:49:14,835 [d28f76a2-0ae6-4755-86d6-e75b9d48a44d@group-3544293C3AC0-FollowerState] INFO  impl.RoleInfo (RoleInfo.java:shutdownFollowerState(110)) - d28f76a2-0ae6-4755-86d6-e75b9d48a44d: shutdown d28f76a2-0ae6-4755-86d6-e75b9d48a44d@group-3544293C3AC0-FollowerState
2023-09-13 06:49:14,835 [d28f76a2-0ae6-4755-86d6-e75b9d48a44d@group-3544293C3AC0-FollowerState] INFO  server.RaftServer$Division (RaftServerImpl.java:setRole(329)) - d28f76a2-0ae6-4755-86d6-e75b9d48a44d@group-3544293C3AC0: changes role from  FOLLOWER to CANDIDATE at term 0 for changeToCandidate
2023-09-13 06:49:14,836 [d28f76a2-0ae6-4755-86d6-e75b9d48a44d@group-3544293C3AC0-FollowerState] INFO  server.RaftServerConfigKeys (ConfUtils.java:logGet(46)) - raft.server.leaderelection.pre-vote = true (default)
2023-09-13 06:49:14,836 [d28f76a2-0ae6-4755-86d6-e75b9d48a44d@group-3544293C3AC0-FollowerState] INFO  impl.RoleInfo (RoleInfo.java:updateAndGet(139)) - d28f76a2-0ae6-4755-86d6-e75b9d48a44d: start d28f76a2-0ae6-4755-86d6-e75b9d48a44d@group-3544293C3AC0-LeaderElection6
2023-09-13 06:49:14,838 [d28f76a2-0ae6-4755-86d6-e75b9d48a44d@group-3544293C3AC0-LeaderElection6] INFO  impl.LeaderElection (LeaderElection.java:askForVotes(321)) - d28f76a2-0ae6-4755-86d6-e75b9d48a44d@group-3544293C3AC0-LeaderElection6 PRE_VOTE round 0: submit vote requests at term 0 for -1: peers:[53aa52bb-3302-49c8-8741-f934a8213f44|rpc:10.1.0.17:15014|admin:10.1.0.17:15013|client:10.1.0.17:15012|dataStream:10.1.0.17:15015|priority:0|startupRole:FOLLOWER, d28f76a2-0ae6-4755-86d6-e75b9d48a44d|rpc:10.1.0.17:15032|admin:10.1.0.17:15031|client:10.1.0.17:15030|dataStream:10.1.0.17:15033|priority:1|startupRole:FOLLOWER, 095205e7-1161-4289-a78b-dd2bf4a5be02|rpc:10.1.0.17:15023|admin:10.1.0.17:15022|client:10.1.0.17:15021|dataStream:10.1.0.17:15024|priority:0|startupRole:FOLLOWER]|listeners:[], old=null
2023-09-13 06:49:14,839 [d28f76a2-0ae6-4755-86d6-e75b9d48a44d@group-3544293C3AC0-LeaderElection6-1] INFO  server.GrpcServerProtocolClient (GrpcServerProtocolClient.java:<init>(65)) - Build channel for 53aa52bb-3302-49c8-8741-f934a8213f44
2023-09-13 06:49:14,844 [d28f76a2-0ae6-4755-86d6-e75b9d48a44d@group-3544293C3AC0-LeaderElection6] INFO  server.RaftServerConfigKeys (ConfUtils.java:logFallback(53)) - raft.server.rpc.first-election.timeout.min = 5s (fallback to raft.server.rpc.timeout.min)
2023-09-13 06:49:14,844 [d28f76a2-0ae6-4755-86d6-e75b9d48a44d@group-3544293C3AC0-LeaderElection6-2] INFO  server.GrpcServerProtocolClient (GrpcServerProtocolClient.java:<init>(65)) - Build channel for 095205e7-1161-4289-a78b-dd2bf4a5be02
2023-09-13 06:49:14,846 [d28f76a2-0ae6-4755-86d6-e75b9d48a44d@group-3544293C3AC0-LeaderElection6] INFO  server.RaftServerConfigKeys (ConfUtils.java:logFallback(53)) - raft.server.rpc.first-election.timeout.max = 5200ms (fallback to raft.server.rpc.timeout.max)
2023-09-13 06:49:14,854 [grpc-default-executor-3] INFO  server.RaftServer$Division (RaftServerImpl.java:requestVote(1302)) - 53aa52bb-3302-49c8-8741-f934a8213f44@group-3544293C3AC0: receive requestVote(PRE_VOTE, d28f76a2-0ae6-4755-86d6-e75b9d48a44d, group-3544293C3AC0, 0, (t:0, i:0))
2023-09-13 06:49:14,854 [grpc-default-executor-3] INFO  impl.VoteContext (VoteContext.java:log(49)) - 53aa52bb-3302-49c8-8741-f934a8213f44@group-3544293C3AC0-FOLLOWER: accept PRE_VOTE from d28f76a2-0ae6-4755-86d6-e75b9d48a44d: our priority 0 <= candidate's priority 1
2023-09-13 06:49:14,854 [grpc-default-executor-3] INFO  server.RaftServer$Division (RaftServerImpl.java:requestVote(1335)) - 53aa52bb-3302-49c8-8741-f934a8213f44@group-3544293C3AC0 replies to PRE_VOTE vote request: d28f76a2-0ae6-4755-86d6-e75b9d48a44d<-53aa52bb-3302-49c8-8741-f934a8213f44#0:OK-t0. Peer's state: 53aa52bb-3302-49c8-8741-f934a8213f44@group-3544293C3AC0:t0, leader=null, voted=, raftlog=Memoized:53aa52bb-3302-49c8-8741-f934a8213f44@group-3544293C3AC0-SegmentedRaftLog:OPENED:c-1, conf=-1: peers:[53aa52bb-3302-49c8-8741-f934a8213f44|rpc:10.1.0.17:15014|admin:10.1.0.17:15013|client:10.1.0.17:15012|dataStream:10.1.0.17:15015|priority:0|startupRole:FOLLOWER, d28f76a2-0ae6-4755-86d6-e75b9d48a44d|rpc:10.1.0.17:15032|admin:10.1.0.17:15031|client:10.1.0.17:15030|dataStream:10.1.0.17:15033|priority:1|startupRole:FOLLOWER, 095205e7-1161-4289-a78b-dd2bf4a5be02|rpc:10.1.0.17:15023|admin:10.1.0.17:15022|client:10.1.0.17:15021|dataStream:10.1.0.17:15024|priority:0|startupRole:FOLLOWER]|listeners:[], old=null
2023-09-13 06:49:14,859 [d28f76a2-0ae6-4755-86d6-e75b9d48a44d@group-57A2A16130EB-FollowerState] INFO  impl.FollowerState (FollowerState.java:run(143)) - d28f76a2-0ae6-4755-86d6-e75b9d48a44d@group-57A2A16130EB-FollowerState: change to CANDIDATE, lastRpcElapsedTime:5111812670ns, electionTimeout:5102ms
2023-09-13 06:49:14,859 [d28f76a2-0ae6-4755-86d6-e75b9d48a44d@group-57A2A16130EB-FollowerState] INFO  impl.RoleInfo (RoleInfo.java:shutdownFollowerState(110)) - d28f76a2-0ae6-4755-86d6-e75b9d48a44d: shutdown d28f76a2-0ae6-4755-86d6-e75b9d48a44d@group-57A2A16130EB-FollowerState
2023-09-13 06:49:14,859 [d28f76a2-0ae6-4755-86d6-e75b9d48a44d@group-57A2A16130EB-FollowerState] INFO  server.RaftServer$Division (RaftServerImpl.java:setRole(329)) - d28f76a2-0ae6-4755-86d6-e75b9d48a44d@group-57A2A16130EB: changes role from  FOLLOWER to CANDIDATE at term 0 for changeToCandidate
2023-09-13 06:49:14,865 [d28f76a2-0ae6-4755-86d6-e75b9d48a44d@group-57A2A16130EB-FollowerState] INFO  server.RaftServerConfigKeys (ConfUtils.java:logGet(46)) - raft.server.leaderelection.pre-vote = true (default)
2023-09-13 06:49:14,866 [d28f76a2-0ae6-4755-86d6-e75b9d48a44d@group-57A2A16130EB-FollowerState] INFO  impl.RoleInfo (RoleInfo.java:updateAndGet(139)) - d28f76a2-0ae6-4755-86d6-e75b9d48a44d: start d28f76a2-0ae6-4755-86d6-e75b9d48a44d@group-57A2A16130EB-LeaderElection7
2023-09-13 06:49:14,870 [d28f76a2-0ae6-4755-86d6-e75b9d48a44d@group-3544293C3AC0-LeaderElection6] INFO  impl.LeaderElection (LeaderElection.java:logAndReturn(90)) - d28f76a2-0ae6-4755-86d6-e75b9d48a44d@group-3544293C3AC0-LeaderElection6: PRE_VOTE PASSED received 1 response(s) and 0 exception(s):
2023-09-13 06:49:14,877 [d28f76a2-0ae6-4755-86d6-e75b9d48a44d@group-3544293C3AC0-LeaderElection6] INFO  impl.LeaderElection (LeaderElection.java:logAndReturn(94)) -   Response 0: d28f76a2-0ae6-4755-86d6-e75b9d48a44d<-53aa52bb-3302-49c8-8741-f934a8213f44#0:OK-t0
2023-09-13 06:49:14,877 [d28f76a2-0ae6-4755-86d6-e75b9d48a44d@group-3544293C3AC0-LeaderElection6] INFO  impl.LeaderElection (LeaderElection.java:askForVotes(323)) - d28f76a2-0ae6-4755-86d6-e75b9d48a44d@group-3544293C3AC0-LeaderElection6 PRE_VOTE round 0: result PASSED
2023-09-13 06:49:14,878 [d28f76a2-0ae6-4755-86d6-e75b9d48a44d@group-3544293C3AC0-LeaderElection6] INFO  impl.LeaderElection (LeaderElection.java:askForVotes(321)) - d28f76a2-0ae6-4755-86d6-e75b9d48a44d@group-3544293C3AC0-LeaderElection6 ELECTION round 0: submit vote requests at term 1 for -1: peers:[53aa52bb-3302-49c8-8741-f934a8213f44|rpc:10.1.0.17:15014|admin:10.1.0.17:15013|client:10.1.0.17:15012|dataStream:10.1.0.17:15015|priority:0|startupRole:FOLLOWER, d28f76a2-0ae6-4755-86d6-e75b9d48a44d|rpc:10.1.0.17:15032|admin:10.1.0.17:15031|client:10.1.0.17:15030|dataStream:10.1.0.17:15033|priority:1|startupRole:FOLLOWER, 095205e7-1161-4289-a78b-dd2bf4a5be02|rpc:10.1.0.17:15023|admin:10.1.0.17:15022|client:10.1.0.17:15021|dataStream:10.1.0.17:15024|priority:0|startupRole:FOLLOWER]|listeners:[], old=null
2023-09-13 06:49:14,880 [d28f76a2-0ae6-4755-86d6-e75b9d48a44d@group-3544293C3AC0-LeaderElection6] INFO  server.RaftServerConfigKeys (ConfUtils.java:logFallback(53)) - raft.server.rpc.first-election.timeout.min = 5s (fallback to raft.server.rpc.timeout.min)
2023-09-13 06:49:14,880 [d28f76a2-0ae6-4755-86d6-e75b9d48a44d@group-3544293C3AC0-LeaderElection6] INFO  server.RaftServerConfigKeys (ConfUtils.java:logFallback(53)) - raft.server.rpc.first-election.timeout.max = 5200ms (fallback to raft.server.rpc.timeout.max)
2023-09-13 06:49:14,881 [d28f76a2-0ae6-4755-86d6-e75b9d48a44d@group-57A2A16130EB-LeaderElection7] INFO  impl.LeaderElection (LeaderElection.java:askForVotes(321)) - d28f76a2-0ae6-4755-86d6-e75b9d48a44d@group-57A2A16130EB-LeaderElection7 PRE_VOTE round 0: submit vote requests at term 0 for -1: peers:[d28f76a2-0ae6-4755-86d6-e75b9d48a44d|rpc:10.1.0.17:15032|admin:10.1.0.17:15031|client:10.1.0.17:15030|dataStream:10.1.0.17:15033|priority:1|startupRole:FOLLOWER]|listeners:[], old=null
2023-09-13 06:49:14,884 [d28f76a2-0ae6-4755-86d6-e75b9d48a44d@group-57A2A16130EB-LeaderElection7] INFO  impl.LeaderElection (LeaderElection.java:askForVotes(323)) - d28f76a2-0ae6-4755-86d6-e75b9d48a44d@group-57A2A16130EB-LeaderElection7 PRE_VOTE round 0: result PASSED (term=0)
2023-09-13 06:49:14,886 [grpc-default-executor-3] INFO  server.RaftServer$Division (RaftServerImpl.java:requestVote(1302)) - 095205e7-1161-4289-a78b-dd2bf4a5be02@group-3544293C3AC0: receive requestVote(PRE_VOTE, d28f76a2-0ae6-4755-86d6-e75b9d48a44d, group-3544293C3AC0, 0, (t:0, i:0))
2023-09-13 06:49:14,886 [grpc-default-executor-3] INFO  impl.VoteContext (VoteContext.java:log(49)) - 095205e7-1161-4289-a78b-dd2bf4a5be02@group-3544293C3AC0-FOLLOWER: accept PRE_VOTE from d28f76a2-0ae6-4755-86d6-e75b9d48a44d: our priority 0 <= candidate's priority 1
2023-09-13 06:49:14,886 [grpc-default-executor-3] INFO  server.RaftServer$Division (RaftServerImpl.java:requestVote(1335)) - 095205e7-1161-4289-a78b-dd2bf4a5be02@group-3544293C3AC0 replies to PRE_VOTE vote request: d28f76a2-0ae6-4755-86d6-e75b9d48a44d<-095205e7-1161-4289-a78b-dd2bf4a5be02#0:OK-t0. Peer's state: 095205e7-1161-4289-a78b-dd2bf4a5be02@group-3544293C3AC0:t0, leader=null, voted=, raftlog=Memoized:095205e7-1161-4289-a78b-dd2bf4a5be02@group-3544293C3AC0-SegmentedRaftLog:OPENED:c-1, conf=-1: peers:[53aa52bb-3302-49c8-8741-f934a8213f44|rpc:10.1.0.17:15014|admin:10.1.0.17:15013|client:10.1.0.17:15012|dataStream:10.1.0.17:15015|priority:0|startupRole:FOLLOWER, d28f76a2-0ae6-4755-86d6-e75b9d48a44d|rpc:10.1.0.17:15032|admin:10.1.0.17:15031|client:10.1.0.17:15030|dataStream:10.1.0.17:15033|priority:1|startupRole:FOLLOWER, 095205e7-1161-4289-a78b-dd2bf4a5be02|rpc:10.1.0.17:15023|admin:10.1.0.17:15022|client:10.1.0.17:15021|dataStream:10.1.0.17:15024|priority:0|startupRole:FOLLOWER]|listeners:[], old=null
2023-09-13 06:49:14,887 [grpc-default-executor-3] INFO  server.RaftServer$Division (RaftServerImpl.java:requestVote(1302)) - 53aa52bb-3302-49c8-8741-f934a8213f44@group-3544293C3AC0: receive requestVote(ELECTION, d28f76a2-0ae6-4755-86d6-e75b9d48a44d, group-3544293C3AC0, 1, (t:0, i:0))
2023-09-13 06:49:14,888 [grpc-default-executor-3] INFO  impl.VoteContext (VoteContext.java:log(49)) - 53aa52bb-3302-49c8-8741-f934a8213f44@group-3544293C3AC0-FOLLOWER: accept ELECTION from d28f76a2-0ae6-4755-86d6-e75b9d48a44d: our priority 0 <= candidate's priority 1
2023-09-13 06:49:14,888 [grpc-default-executor-3] INFO  server.RaftServer$Division (RaftServerImpl.java:setRole(329)) - 53aa52bb-3302-49c8-8741-f934a8213f44@group-3544293C3AC0: changes role from  FOLLOWER to FOLLOWER at term 1 for candidate:d28f76a2-0ae6-4755-86d6-e75b9d48a44d
2023-09-13 06:49:14,888 [grpc-default-executor-3] INFO  impl.RoleInfo (RoleInfo.java:shutdownFollowerState(110)) - 53aa52bb-3302-49c8-8741-f934a8213f44: shutdown 53aa52bb-3302-49c8-8741-f934a8213f44@group-3544293C3AC0-FollowerState
2023-09-13 06:49:14,888 [grpc-default-executor-3] INFO  impl.RoleInfo (RoleInfo.java:updateAndGet(139)) - 53aa52bb-3302-49c8-8741-f934a8213f44: start 53aa52bb-3302-49c8-8741-f934a8213f44@group-3544293C3AC0-FollowerState
2023-09-13 06:49:14,888 [d28f76a2-0ae6-4755-86d6-e75b9d48a44d@group-57A2A16130EB-LeaderElection7] INFO  impl.LeaderElection (LeaderElection.java:askForVotes(321)) - d28f76a2-0ae6-4755-86d6-e75b9d48a44d@group-57A2A16130EB-LeaderElection7 ELECTION round 0: submit vote requests at term 1 for -1: peers:[d28f76a2-0ae6-4755-86d6-e75b9d48a44d|rpc:10.1.0.17:15032|admin:10.1.0.17:15031|client:10.1.0.17:15030|dataStream:10.1.0.17:15033|priority:1|startupRole:FOLLOWER]|listeners:[], old=null
2023-09-13 06:49:14,888 [d28f76a2-0ae6-4755-86d6-e75b9d48a44d@group-57A2A16130EB-LeaderElection7] INFO  impl.LeaderElection (LeaderElection.java:askForVotes(323)) - d28f76a2-0ae6-4755-86d6-e75b9d48a44d@group-57A2A16130EB-LeaderElection7 ELECTION round 0: result PASSED (term=1)
2023-09-13 06:49:14,888 [53aa52bb-3302-49c8-8741-f934a8213f44@group-3544293C3AC0-FollowerState] INFO  impl.FollowerState (FollowerState.java:run(152)) - 53aa52bb-3302-49c8-8741-f934a8213f44@group-3544293C3AC0-FollowerState was interrupted
2023-09-13 06:49:14,888 [d28f76a2-0ae6-4755-86d6-e75b9d48a44d@group-57A2A16130EB-LeaderElection7] INFO  impl.RoleInfo (RoleInfo.java:shutdownLeaderElection(130)) - d28f76a2-0ae6-4755-86d6-e75b9d48a44d: shutdown d28f76a2-0ae6-4755-86d6-e75b9d48a44d@group-57A2A16130EB-LeaderElection7
2023-09-13 06:49:14,888 [d28f76a2-0ae6-4755-86d6-e75b9d48a44d@group-57A2A16130EB-LeaderElection7] INFO  server.RaftServer$Division (RaftServerImpl.java:setRole(329)) - d28f76a2-0ae6-4755-86d6-e75b9d48a44d@group-57A2A16130EB: changes role from CANDIDATE to LEADER at term 1 for changeToLeader
2023-09-13 06:49:14,888 [d28f76a2-0ae6-4755-86d6-e75b9d48a44d@group-57A2A16130EB-LeaderElection7] INFO  ratis.XceiverServerRatis (XceiverServerRatis.java:handleLeaderChangedNotification(902)) - Leader change notification received for group: group-57A2A16130EB with new leaderId: d28f76a2-0ae6-4755-86d6-e75b9d48a44d
2023-09-13 06:49:14,897 [d28f76a2-0ae6-4755-86d6-e75b9d48a44d@group-57A2A16130EB-LeaderElection7] INFO  server.RaftServer$Division (ServerState.java:setLeader(317)) - d28f76a2-0ae6-4755-86d6-e75b9d48a44d@group-57A2A16130EB: change Leader from null to d28f76a2-0ae6-4755-86d6-e75b9d48a44d at term 1 for becomeLeader, leader elected after 5177ms
2023-09-13 06:49:14,897 [d28f76a2-0ae6-4755-86d6-e75b9d48a44d@group-57A2A16130EB-LeaderElection7] INFO  server.RaftServerConfigKeys (ConfUtils.java:logGet(46)) - raft.server.staging.catchup.gap = 1000 (default)
2023-09-13 06:49:14,897 [d28f76a2-0ae6-4755-86d6-e75b9d48a44d@group-57A2A16130EB-LeaderElection7] INFO  server.RaftServerConfigKeys (ConfUtils.java:logGet(46)) - raft.server.write.element-limit = 1024 (custom)
2023-09-13 06:49:14,898 [d28f76a2-0ae6-4755-86d6-e75b9d48a44d@group-57A2A16130EB-LeaderElection7] INFO  server.RaftServerConfigKeys (ConfUtils.java:logGet(46)) - raft.server.write.byte-limit = 1024 M (=1073741824) (custom)
2023-09-13 06:49:14,899 [grpc-default-executor-3] INFO  server.RaftServer$Division (RaftServerImpl.java:requestVote(1335)) - 53aa52bb-3302-49c8-8741-f934a8213f44@group-3544293C3AC0 replies to ELECTION vote request: d28f76a2-0ae6-4755-86d6-e75b9d48a44d<-53aa52bb-3302-49c8-8741-f934a8213f44#0:OK-t1. Peer's state: 53aa52bb-3302-49c8-8741-f934a8213f44@group-3544293C3AC0:t1, leader=null, voted=d28f76a2-0ae6-4755-86d6-e75b9d48a44d, raftlog=Memoized:53aa52bb-3302-49c8-8741-f934a8213f44@group-3544293C3AC0-SegmentedRaftLog:OPENED:c-1, conf=-1: peers:[53aa52bb-3302-49c8-8741-f934a8213f44|rpc:10.1.0.17:15014|admin:10.1.0.17:15013|client:10.1.0.17:15012|dataStream:10.1.0.17:15015|priority:0|startupRole:FOLLOWER, d28f76a2-0ae6-4755-86d6-e75b9d48a44d|rpc:10.1.0.17:15032|admin:10.1.0.17:15031|client:10.1.0.17:15030|dataStream:10.1.0.17:15033|priority:1|startupRole:FOLLOWER, 095205e7-1161-4289-a78b-dd2bf4a5be02|rpc:10.1.0.17:15023|admin:10.1.0.17:15022|client:10.1.0.17:15021|dataStream:10.1.0.17:15024|priority:0|startupRole:FOLLOWER]|listeners:[], old=null
2023-09-13 06:49:14,899 [d28f76a2-0ae6-4755-86d6-e75b9d48a44d@group-57A2A16130EB-LeaderElection7] INFO  server.RaftServerConfigKeys (ConfUtils.java:logGet(46)) - raft.server.watch.timeout = 10000ms (default)
2023-09-13 06:49:14,899 [d28f76a2-0ae6-4755-86d6-e75b9d48a44d@group-57A2A16130EB-LeaderElection7] INFO  server.RaftServerConfigKeys (ConfUtils.java:logGet(46)) - raft.server.watch.timeout.denomination = 1s (default)
2023-09-13 06:49:14,899 [d28f76a2-0ae6-4755-86d6-e75b9d48a44d@group-57A2A16130EB-LeaderElection7] INFO  server.RaftServerConfigKeys (ConfUtils.java:logGet(46)) - raft.server.watch.element-limit = 65536 (default)
2023-09-13 06:49:14,899 [d28f76a2-0ae6-4755-86d6-e75b9d48a44d@group-57A2A16130EB-LeaderElection7] INFO  server.RaftServerConfigKeys (ConfUtils.java:logGet(46)) - raft.server.write.element-limit = 1024 (custom)
2023-09-13 06:49:14,899 [6f324be3-7c3f-481f-84d2-849e9673b06a@group-5C76A3FD1E8D-FollowerState] INFO  impl.FollowerState (FollowerState.java:run(143)) - 6f324be3-7c3f-481f-84d2-849e9673b06a@group-5C76A3FD1E8D-FollowerState: change to CANDIDATE, lastRpcElapsedTime:5136564533ns, electionTimeout:5134ms
2023-09-13 06:49:14,899 [d28f76a2-0ae6-4755-86d6-e75b9d48a44d@group-57A2A16130EB-LeaderElection7] INFO  server.RaftServerConfigKeys (ConfUtils.java:logGet(46)) - raft.server.write.follower.gap.ratio.max = -1.0 (default)
2023-09-13 06:49:14,899 [6f324be3-7c3f-481f-84d2-849e9673b06a@group-5C76A3FD1E8D-FollowerState] INFO  impl.RoleInfo (RoleInfo.java:shutdownFollowerState(110)) - 6f324be3-7c3f-481f-84d2-849e9673b06a: shutdown 6f324be3-7c3f-481f-84d2-849e9673b06a@group-5C76A3FD1E8D-FollowerState
2023-09-13 06:49:14,899 [d28f76a2-0ae6-4755-86d6-e75b9d48a44d@group-57A2A16130EB-LeaderElection7] INFO  impl.RoleInfo (RoleInfo.java:updateAndGet(139)) - d28f76a2-0ae6-4755-86d6-e75b9d48a44d: start d28f76a2-0ae6-4755-86d6-e75b9d48a44d@group-57A2A16130EB-LeaderStateImpl
2023-09-13 06:49:14,899 [6f324be3-7c3f-481f-84d2-849e9673b06a@group-5C76A3FD1E8D-FollowerState] INFO  server.RaftServer$Division (RaftServerImpl.java:setRole(329)) - 6f324be3-7c3f-481f-84d2-849e9673b06a@group-5C76A3FD1E8D: changes role from  FOLLOWER to CANDIDATE at term 0 for changeToCandidate
2023-09-13 06:49:14,900 [grpc-default-executor-0] INFO  server.RaftServer$Division (RaftServerImpl.java:requestVote(1302)) - 095205e7-1161-4289-a78b-dd2bf4a5be02@group-3544293C3AC0: receive requestVote(ELECTION, d28f76a2-0ae6-4755-86d6-e75b9d48a44d, group-3544293C3AC0, 1, (t:0, i:0))
2023-09-13 06:49:14,900 [grpc-default-executor-0] INFO  impl.VoteContext (VoteContext.java:log(49)) - 095205e7-1161-4289-a78b-dd2bf4a5be02@group-3544293C3AC0-FOLLOWER: accept ELECTION from d28f76a2-0ae6-4755-86d6-e75b9d48a44d: our priority 0 <= candidate's priority 1
2023-09-13 06:49:14,900 [grpc-default-executor-0] INFO  server.RaftServer$Division (RaftServerImpl.java:setRole(329)) - 095205e7-1161-4289-a78b-dd2bf4a5be02@group-3544293C3AC0: changes role from  FOLLOWER to FOLLOWER at term 1 for candidate:d28f76a2-0ae6-4755-86d6-e75b9d48a44d
2023-09-13 06:49:14,900 [grpc-default-executor-0] INFO  impl.RoleInfo (RoleInfo.java:shutdownFollowerState(110)) - 095205e7-1161-4289-a78b-dd2bf4a5be02: shutdown 095205e7-1161-4289-a78b-dd2bf4a5be02@group-3544293C3AC0-FollowerState
2023-09-13 06:49:14,900 [095205e7-1161-4289-a78b-dd2bf4a5be02@group-3544293C3AC0-FollowerState] INFO  impl.FollowerState (FollowerState.java:run(152)) - 095205e7-1161-4289-a78b-dd2bf4a5be02@group-3544293C3AC0-FollowerState was interrupted
2023-09-13 06:49:14,902 [d28f76a2-0ae6-4755-86d6-e75b9d48a44d@group-3544293C3AC0-LeaderElection6] INFO  impl.LeaderElection (LeaderElection.java:logAndReturn(90)) - d28f76a2-0ae6-4755-86d6-e75b9d48a44d@group-3544293C3AC0-LeaderElection6: ELECTION PASSED received 1 response(s) and 0 exception(s):
2023-09-13 06:49:14,902 [d28f76a2-0ae6-4755-86d6-e75b9d48a44d@group-3544293C3AC0-LeaderElection6] INFO  impl.LeaderElection (LeaderElection.java:logAndReturn(94)) -   Response 0: d28f76a2-0ae6-4755-86d6-e75b9d48a44d<-53aa52bb-3302-49c8-8741-f934a8213f44#0:OK-t1
2023-09-13 06:49:14,902 [d28f76a2-0ae6-4755-86d6-e75b9d48a44d@group-3544293C3AC0-LeaderElection6] INFO  impl.LeaderElection (LeaderElection.java:askForVotes(323)) - d28f76a2-0ae6-4755-86d6-e75b9d48a44d@group-3544293C3AC0-LeaderElection6 ELECTION round 0: result PASSED
2023-09-13 06:49:14,902 [d28f76a2-0ae6-4755-86d6-e75b9d48a44d@group-3544293C3AC0-LeaderElection6] INFO  impl.RoleInfo (RoleInfo.java:shutdownLeaderElection(130)) - d28f76a2-0ae6-4755-86d6-e75b9d48a44d: shutdown d28f76a2-0ae6-4755-86d6-e75b9d48a44d@group-3544293C3AC0-LeaderElection6
2023-09-13 06:49:14,902 [d28f76a2-0ae6-4755-86d6-e75b9d48a44d@group-3544293C3AC0-LeaderElection6] INFO  server.RaftServer$Division (RaftServerImpl.java:setRole(329)) - d28f76a2-0ae6-4755-86d6-e75b9d48a44d@group-3544293C3AC0: changes role from CANDIDATE to LEADER at term 1 for changeToLeader
2023-09-13 06:49:14,902 [d28f76a2-0ae6-4755-86d6-e75b9d48a44d@group-3544293C3AC0-LeaderElection6] INFO  ratis.XceiverServerRatis (XceiverServerRatis.java:handleLeaderChangedNotification(902)) - Leader change notification received for group: group-3544293C3AC0 with new leaderId: d28f76a2-0ae6-4755-86d6-e75b9d48a44d
2023-09-13 06:49:14,902 [d28f76a2-0ae6-4755-86d6-e75b9d48a44d@group-3544293C3AC0-LeaderElection6] INFO  server.RaftServer$Division (ServerState.java:setLeader(317)) - d28f76a2-0ae6-4755-86d6-e75b9d48a44d@group-3544293C3AC0: change Leader from null to d28f76a2-0ae6-4755-86d6-e75b9d48a44d at term 1 for becomeLeader, leader elected after 5623ms
2023-09-13 06:49:14,902 [d28f76a2-0ae6-4755-86d6-e75b9d48a44d@group-3544293C3AC0-LeaderElection6] INFO  server.RaftServerConfigKeys (ConfUtils.java:logGet(46)) - raft.server.staging.catchup.gap = 1000 (default)
2023-09-13 06:49:14,902 [d28f76a2-0ae6-4755-86d6-e75b9d48a44d@group-3544293C3AC0-LeaderElection6] INFO  server.RaftServerConfigKeys (ConfUtils.java:logGet(46)) - raft.server.write.element-limit = 1024 (custom)
2023-09-13 06:49:14,902 [d28f76a2-0ae6-4755-86d6-e75b9d48a44d@group-3544293C3AC0-LeaderElection6] INFO  server.RaftServerConfigKeys (ConfUtils.java:logGet(46)) - raft.server.write.byte-limit = 1024 M (=1073741824) (custom)
2023-09-13 06:49:14,903 [d28f76a2-0ae6-4755-86d6-e75b9d48a44d@group-3544293C3AC0-LeaderElection6] INFO  server.RaftServerConfigKeys (ConfUtils.java:logGet(46)) - raft.server.watch.timeout = 10000ms (default)
2023-09-13 06:49:14,903 [d28f76a2-0ae6-4755-86d6-e75b9d48a44d@group-3544293C3AC0-LeaderElection6] INFO  server.RaftServerConfigKeys (ConfUtils.java:logGet(46)) - raft.server.watch.timeout.denomination = 1s (default)
2023-09-13 06:49:14,903 [d28f76a2-0ae6-4755-86d6-e75b9d48a44d@group-3544293C3AC0-LeaderElection6] INFO  server.RaftServerConfigKeys (ConfUtils.java:logGet(46)) - raft.server.watch.element-limit = 65536 (default)
2023-09-13 06:49:14,903 [d28f76a2-0ae6-4755-86d6-e75b9d48a44d@group-3544293C3AC0-LeaderElection6] INFO  server.RaftServerConfigKeys (ConfUtils.java:logGet(46)) - raft.server.write.element-limit = 1024 (custom)
2023-09-13 06:49:14,903 [d28f76a2-0ae6-4755-86d6-e75b9d48a44d@group-3544293C3AC0-LeaderElection6] INFO  server.RaftServerConfigKeys (ConfUtils.java:logGet(46)) - raft.server.write.follower.gap.ratio.max = -1.0 (default)
2023-09-13 06:49:14,903 [d28f76a2-0ae6-4755-86d6-e75b9d48a44d@group-3544293C3AC0-LeaderElection6] INFO  server.RaftServerConfigKeys (ConfUtils.java:logGet(46)) - raft.server.log.appender.snapshot.chunk.size.max = 16MB (=16777216) (default)
2023-09-13 06:49:14,903 [d28f76a2-0ae6-4755-86d6-e75b9d48a44d@group-3544293C3AC0-LeaderElection6] INFO  server.RaftServerConfigKeys (ConfUtils.java:logGet(46)) - raft.server.log.appender.buffer.byte-limit = 33554432 (custom)
2023-09-13 06:49:14,903 [d28f76a2-0ae6-4755-86d6-e75b9d48a44d@group-3544293C3AC0-LeaderElection6] INFO  server.RaftServerConfigKeys (ConfUtils.java:logGet(46)) - raft.server.log.appender.buffer.element-limit = 1 (custom)
2023-09-13 06:49:14,904 [d28f76a2-0ae6-4755-86d6-e75b9d48a44d@group-3544293C3AC0-LeaderElection6] INFO  server.RaftServerConfigKeys (ConfUtils.java:logGet(46)) - raft.server.log.appender.wait-time.min = 10ms (default)
2023-09-13 06:49:14,906 [EventQueue-PipelineReportForPipelineReportHandler] INFO  pipeline.PipelineReportHandler (PipelineReportHandler.java:processPipelineReport(136)) - Opened pipeline PipelineID=e349e6d4-40f9-4e99-996b-3544293c3ac0
2023-09-13 06:49:14,912 [6f324be3-7c3f-481f-84d2-849e9673b06a@group-5C76A3FD1E8D-FollowerState] INFO  server.RaftServerConfigKeys (ConfUtils.java:logGet(46)) - raft.server.leaderelection.pre-vote = true (default)
2023-09-13 06:49:14,912 [6f324be3-7c3f-481f-84d2-849e9673b06a@group-5C76A3FD1E8D-FollowerState] INFO  impl.RoleInfo (RoleInfo.java:updateAndGet(139)) - 6f324be3-7c3f-481f-84d2-849e9673b06a: start 6f324be3-7c3f-481f-84d2-849e9673b06a@group-5C76A3FD1E8D-LeaderElection8
2023-09-13 06:49:14,912 [d28f76a2-0ae6-4755-86d6-e75b9d48a44d@group-57A2A16130EB-LeaderElection7] INFO  segmented.SegmentedRaftLogWorker (SegmentedRaftLogWorker.java:startLogSegment(447)) - d28f76a2-0ae6-4755-86d6-e75b9d48a44d@group-57A2A16130EB-SegmentedRaftLogWorker: Starting segment from index:0
2023-09-13 06:49:14,904 [d28f76a2-0ae6-4755-86d6-e75b9d48a44d@group-3544293C3AC0-LeaderElection6] INFO  grpc.GrpcConfigKeys (ConfUtils.java:logGet(46)) - raft.grpc.server.leader.outstanding.appends.max = 128 (default)
2023-09-13 06:49:14,915 [d28f76a2-0ae6-4755-86d6-e75b9d48a44d@group-3544293C3AC0-LeaderElection6] INFO  server.RaftServerConfigKeys (ConfUtils.java:logGet(46)) - raft.server.rpc.request.timeout = 3000ms (default)
2023-09-13 06:49:14,915 [d28f76a2-0ae6-4755-86d6-e75b9d48a44d@group-3544293C3AC0-LeaderElection6] INFO  grpc.GrpcConfigKeys (ConfUtils.java:logGet(46)) - raft.grpc.server.install_snapshot.request.element-limit = 8 (default)
2023-09-13 06:49:14,915 [d28f76a2-0ae6-4755-86d6-e75b9d48a44d@group-3544293C3AC0-LeaderElection6] INFO  grpc.GrpcConfigKeys (ConfUtils.java:logGet(46)) - raft.grpc.server.install_snapshot.request.timeout = 3000ms (default)
2023-09-13 06:49:14,915 [d28f76a2-0ae6-4755-86d6-e75b9d48a44d@group-3544293C3AC0-LeaderElection6] INFO  server.RaftServerConfigKeys (ConfUtils.java:logGet(46)) - raft.server.log.appender.install.snapshot.enabled = false (custom)
2023-09-13 06:49:14,915 [d28f76a2-0ae6-4755-86d6-e75b9d48a44d@group-3544293C3AC0-LeaderElection6] INFO  grpc.GrpcConfigKeys (ConfUtils.java:logGet(46)) - raft.grpc.server.heartbeat.channel = true (default)
2023-09-13 06:49:14,916 [d28f76a2-0ae6-4755-86d6-e75b9d48a44d@group-3544293C3AC0-LeaderElection6] INFO  server.RaftServerConfigKeys (ConfUtils.java:logGet(46)) - raft.server.log.appender.snapshot.chunk.size.max = 16MB (=16777216) (default)
2023-09-13 06:49:14,916 [d28f76a2-0ae6-4755-86d6-e75b9d48a44d@group-3544293C3AC0-LeaderElection6] INFO  server.RaftServerConfigKeys (ConfUtils.java:logGet(46)) - raft.server.log.appender.buffer.byte-limit = 33554432 (custom)
2023-09-13 06:49:14,916 [d28f76a2-0ae6-4755-86d6-e75b9d48a44d@group-3544293C3AC0-LeaderElection6] INFO  server.RaftServerConfigKeys (ConfUtils.java:logGet(46)) - raft.server.log.appender.buffer.element-limit = 1 (custom)
2023-09-13 06:49:14,916 [d28f76a2-0ae6-4755-86d6-e75b9d48a44d@group-3544293C3AC0-LeaderElection6] INFO  server.RaftServerConfigKeys (ConfUtils.java:logGet(46)) - raft.server.log.appender.wait-time.min = 10ms (default)
2023-09-13 06:49:14,916 [d28f76a2-0ae6-4755-86d6-e75b9d48a44d@group-3544293C3AC0-LeaderElection6] INFO  grpc.GrpcConfigKeys (ConfUtils.java:logGet(46)) - raft.grpc.server.leader.outstanding.appends.max = 128 (default)
2023-09-13 06:49:14,916 [d28f76a2-0ae6-4755-86d6-e75b9d48a44d@group-3544293C3AC0-LeaderElection6] INFO  server.RaftServerConfigKeys (ConfUtils.java:logGet(46)) - raft.server.rpc.request.timeout = 3000ms (default)
2023-09-13 06:49:14,916 [d28f76a2-0ae6-4755-86d6-e75b9d48a44d@group-3544293C3AC0-LeaderElection6] INFO  grpc.GrpcConfigKeys (ConfUtils.java:logGet(46)) - raft.grpc.server.install_snapshot.request.element-limit = 8 (default)
2023-09-13 06:49:14,916 [d28f76a2-0ae6-4755-86d6-e75b9d48a44d@group-3544293C3AC0-LeaderElection6] INFO  grpc.GrpcConfigKeys (ConfUtils.java:logGet(46)) - raft.grpc.server.install_snapshot.request.timeout = 3000ms (default)
2023-09-13 06:49:14,917 [d28f76a2-0ae6-4755-86d6-e75b9d48a44d@group-3544293C3AC0-LeaderElection6] INFO  server.RaftServerConfigKeys (ConfUtils.java:logGet(46)) - raft.server.log.appender.install.snapshot.enabled = false (custom)
2023-09-13 06:49:14,917 [d28f76a2-0ae6-4755-86d6-e75b9d48a44d@group-3544293C3AC0-LeaderElection6] INFO  grpc.GrpcConfigKeys (ConfUtils.java:logGet(46)) - raft.grpc.server.heartbeat.channel = true (default)
2023-09-13 06:49:14,923 [d28f76a2-0ae6-4755-86d6-e75b9d48a44d@group-57A2A16130EB-LeaderElection7] INFO  server.RaftServer$Division (ServerState.java:setRaftConf(434)) - d28f76a2-0ae6-4755-86d6-e75b9d48a44d@group-57A2A16130EB: set configuration 0: peers:[d28f76a2-0ae6-4755-86d6-e75b9d48a44d|rpc:10.1.0.17:15032|admin:10.1.0.17:15031|client:10.1.0.17:15030|dataStream:10.1.0.17:15033|priority:1|startupRole:FOLLOWER]|listeners:[], old=null
2023-09-13 06:49:14,923 [d28f76a2-0ae6-4755-86d6-e75b9d48a44d@group-3544293C3AC0-LeaderElection6] INFO  impl.RoleInfo (RoleInfo.java:updateAndGet(139)) - d28f76a2-0ae6-4755-86d6-e75b9d48a44d: start d28f76a2-0ae6-4755-86d6-e75b9d48a44d@group-3544293C3AC0-LeaderStateImpl
2023-09-13 06:49:14,924 [grpc-default-executor-0] INFO  impl.RoleInfo (RoleInfo.java:updateAndGet(139)) - 095205e7-1161-4289-a78b-dd2bf4a5be02: start 095205e7-1161-4289-a78b-dd2bf4a5be02@group-3544293C3AC0-FollowerState
2023-09-13 06:49:14,924 [d28f76a2-0ae6-4755-86d6-e75b9d48a44d@group-3544293C3AC0-LeaderElection6] INFO  segmented.SegmentedRaftLogWorker (SegmentedRaftLogWorker.java:startLogSegment(447)) - d28f76a2-0ae6-4755-86d6-e75b9d48a44d@group-3544293C3AC0-SegmentedRaftLogWorker: Starting segment from index:0
2023-09-13 06:49:14,925 [d28f76a2-0ae6-4755-86d6-e75b9d48a44d@group-57A2A16130EB-SegmentedRaftLogWorker] INFO  segmented.SegmentedRaftLogWorker (SegmentedRaftLogWorker.java:execute(651)) - d28f76a2-0ae6-4755-86d6-e75b9d48a44d@group-57A2A16130EB-SegmentedRaftLogWorker: created new log segment /home/runner/work/ozone/ozone/hadoop-ozone/integration-test/target/test-dir/MiniOzoneClusterImpl-e4211fca-df1e-4788-9bfe-f086778bfd1d/datanode-2/data/ratis/7d088da1-6181-4b24-88d9-57a2a16130eb/current/log_inprogress_0
2023-09-13 06:49:14,927 [d28f76a2-0ae6-4755-86d6-e75b9d48a44d@group-3544293C3AC0-SegmentedRaftLogWorker] INFO  segmented.SegmentedRaftLogWorker (SegmentedRaftLogWorker.java:execute(651)) - d28f76a2-0ae6-4755-86d6-e75b9d48a44d@group-3544293C3AC0-SegmentedRaftLogWorker: created new log segment /home/runner/work/ozone/ozone/hadoop-ozone/integration-test/target/test-dir/MiniOzoneClusterImpl-e4211fca-df1e-4788-9bfe-f086778bfd1d/datanode-2/data/ratis/e349e6d4-40f9-4e99-996b-3544293c3ac0/current/log_inprogress_0
2023-09-13 06:49:14,931 [6f324be3-7c3f-481f-84d2-849e9673b06a@group-5C76A3FD1E8D-LeaderElection8] INFO  impl.LeaderElection (LeaderElection.java:askForVotes(321)) - 6f324be3-7c3f-481f-84d2-849e9673b06a@group-5C76A3FD1E8D-LeaderElection8 PRE_VOTE round 0: submit vote requests at term 0 for -1: peers:[6f324be3-7c3f-481f-84d2-849e9673b06a|rpc:10.1.0.17:15041|admin:10.1.0.17:15040|client:10.1.0.17:15039|dataStream:10.1.0.17:15042|priority:1|startupRole:FOLLOWER]|listeners:[], old=null
2023-09-13 06:49:14,932 [d28f76a2-0ae6-4755-86d6-e75b9d48a44d@group-3544293C3AC0-LeaderElection6] INFO  server.RaftServer$Division (ServerState.java:setRaftConf(434)) - d28f76a2-0ae6-4755-86d6-e75b9d48a44d@group-3544293C3AC0: set configuration 0: peers:[53aa52bb-3302-49c8-8741-f934a8213f44|rpc:10.1.0.17:15014|admin:10.1.0.17:15013|client:10.1.0.17:15012|dataStream:10.1.0.17:15015|priority:0|startupRole:FOLLOWER, d28f76a2-0ae6-4755-86d6-e75b9d48a44d|rpc:10.1.0.17:15032|admin:10.1.0.17:15031|client:10.1.0.17:15030|dataStream:10.1.0.17:15033|priority:1|startupRole:FOLLOWER, 095205e7-1161-4289-a78b-dd2bf4a5be02|rpc:10.1.0.17:15023|admin:10.1.0.17:15022|client:10.1.0.17:15021|dataStream:10.1.0.17:15024|priority:0|startupRole:FOLLOWER]|listeners:[], old=null
2023-09-13 06:49:14,932 [grpc-default-executor-0] INFO  server.RaftServer$Division (RaftServerImpl.java:requestVote(1335)) - 095205e7-1161-4289-a78b-dd2bf4a5be02@group-3544293C3AC0 replies to ELECTION vote request: d28f76a2-0ae6-4755-86d6-e75b9d48a44d<-095205e7-1161-4289-a78b-dd2bf4a5be02#0:OK-t1. Peer's state: 095205e7-1161-4289-a78b-dd2bf4a5be02@group-3544293C3AC0:t1, leader=null, voted=d28f76a2-0ae6-4755-86d6-e75b9d48a44d, raftlog=Memoized:095205e7-1161-4289-a78b-dd2bf4a5be02@group-3544293C3AC0-SegmentedRaftLog:OPENED:c-1, conf=-1: peers:[53aa52bb-3302-49c8-8741-f934a8213f44|rpc:10.1.0.17:15014|admin:10.1.0.17:15013|client:10.1.0.17:15012|dataStream:10.1.0.17:15015|priority:0|startupRole:FOLLOWER, d28f76a2-0ae6-4755-86d6-e75b9d48a44d|rpc:10.1.0.17:15032|admin:10.1.0.17:15031|client:10.1.0.17:15030|dataStream:10.1.0.17:15033|priority:1|startupRole:FOLLOWER, 095205e7-1161-4289-a78b-dd2bf4a5be02|rpc:10.1.0.17:15023|admin:10.1.0.17:15022|client:10.1.0.17:15021|dataStream:10.1.0.17:15024|priority:0|startupRole:FOLLOWER]|listeners:[], old=null
2023-09-13 06:49:14,935 [6f324be3-7c3f-481f-84d2-849e9673b06a@group-5C76A3FD1E8D-LeaderElection8] INFO  impl.LeaderElection (LeaderElection.java:askForVotes(323)) - 6f324be3-7c3f-481f-84d2-849e9673b06a@group-5C76A3FD1E8D-LeaderElection8 PRE_VOTE round 0: result PASSED (term=0)
2023-09-13 06:49:14,938 [6f324be3-7c3f-481f-84d2-849e9673b06a@group-5C76A3FD1E8D-LeaderElection8] INFO  impl.LeaderElection (LeaderElection.java:askForVotes(321)) - 6f324be3-7c3f-481f-84d2-849e9673b06a@group-5C76A3FD1E8D-LeaderElection8 ELECTION round 0: submit vote requests at term 1 for -1: peers:[6f324be3-7c3f-481f-84d2-849e9673b06a|rpc:10.1.0.17:15041|admin:10.1.0.17:15040|client:10.1.0.17:15039|dataStream:10.1.0.17:15042|priority:1|startupRole:FOLLOWER]|listeners:[], old=null
2023-09-13 06:49:14,938 [6f324be3-7c3f-481f-84d2-849e9673b06a@group-5C76A3FD1E8D-LeaderElection8] INFO  impl.LeaderElection (LeaderElection.java:askForVotes(323)) - 6f324be3-7c3f-481f-84d2-849e9673b06a@group-5C76A3FD1E8D-LeaderElection8 ELECTION round 0: result PASSED (term=1)
2023-09-13 06:49:14,938 [6f324be3-7c3f-481f-84d2-849e9673b06a@group-5C76A3FD1E8D-LeaderElection8] INFO  impl.RoleInfo (RoleInfo.java:shutdownLeaderElection(130)) - 6f324be3-7c3f-481f-84d2-849e9673b06a: shutdown 6f324be3-7c3f-481f-84d2-849e9673b06a@group-5C76A3FD1E8D-LeaderElection8
2023-09-13 06:49:14,938 [6f324be3-7c3f-481f-84d2-849e9673b06a@group-5C76A3FD1E8D-LeaderElection8] INFO  server.RaftServer$Division (RaftServerImpl.java:setRole(329)) - 6f324be3-7c3f-481f-84d2-849e9673b06a@group-5C76A3FD1E8D: changes role from CANDIDATE to LEADER at term 1 for changeToLeader
2023-09-13 06:49:14,938 [6f324be3-7c3f-481f-84d2-849e9673b06a@group-5C76A3FD1E8D-LeaderElection8] INFO  ratis.XceiverServerRatis (XceiverServerRatis.java:handleLeaderChangedNotification(902)) - Leader change notification received for group: group-5C76A3FD1E8D with new leaderId: 6f324be3-7c3f-481f-84d2-849e9673b06a
2023-09-13 06:49:14,938 [6f324be3-7c3f-481f-84d2-849e9673b06a@group-5C76A3FD1E8D-LeaderElection8] INFO  server.RaftServer$Division (ServerState.java:setLeader(317)) - 6f324be3-7c3f-481f-84d2-849e9673b06a@group-5C76A3FD1E8D: change Leader from null to 6f324be3-7c3f-481f-84d2-849e9673b06a at term 1 for becomeLeader, leader elected after 5225ms
2023-09-13 06:49:14,938 [6f324be3-7c3f-481f-84d2-849e9673b06a@group-5C76A3FD1E8D-LeaderElection8] INFO  server.RaftServerConfigKeys (ConfUtils.java:logGet(46)) - raft.server.staging.catchup.gap = 1000 (default)
2023-09-13 06:49:14,938 [6f324be3-7c3f-481f-84d2-849e9673b06a@group-5C76A3FD1E8D-LeaderElection8] INFO  server.RaftServerConfigKeys (ConfUtils.java:logGet(46)) - raft.server.write.element-limit = 1024 (custom)
2023-09-13 06:49:14,938 [6f324be3-7c3f-481f-84d2-849e9673b06a@group-5C76A3FD1E8D-LeaderElection8] INFO  server.RaftServerConfigKeys (ConfUtils.java:logGet(46)) - raft.server.write.byte-limit = 1024 M (=1073741824) (custom)
2023-09-13 06:49:14,939 [6f324be3-7c3f-481f-84d2-849e9673b06a@group-5C76A3FD1E8D-LeaderElection8] INFO  server.RaftServerConfigKeys (ConfUtils.java:logGet(46)) - raft.server.watch.timeout = 10000ms (default)
2023-09-13 06:49:14,939 [6f324be3-7c3f-481f-84d2-849e9673b06a@group-5C76A3FD1E8D-LeaderElection8] INFO  server.RaftServerConfigKeys (ConfUtils.java:logGet(46)) - raft.server.watch.timeout.denomination = 1s (default)
2023-09-13 06:49:14,939 [6f324be3-7c3f-481f-84d2-849e9673b06a@group-5C76A3FD1E8D-LeaderElection8] INFO  server.RaftServerConfigKeys (ConfUtils.java:logGet(46)) - raft.server.watch.element-limit = 65536 (default)
2023-09-13 06:49:14,939 [6f324be3-7c3f-481f-84d2-849e9673b06a@group-5C76A3FD1E8D-LeaderElection8] INFO  server.RaftServerConfigKeys (ConfUtils.java:logGet(46)) - raft.server.write.element-limit = 1024 (custom)
2023-09-13 06:49:14,939 [6f324be3-7c3f-481f-84d2-849e9673b06a@group-5C76A3FD1E8D-LeaderElection8] INFO  server.RaftServerConfigKeys (ConfUtils.java:logGet(46)) - raft.server.write.follower.gap.ratio.max = -1.0 (default)
2023-09-13 06:49:14,939 [6f324be3-7c3f-481f-84d2-849e9673b06a@group-5C76A3FD1E8D-LeaderElection8] INFO  impl.RoleInfo (RoleInfo.java:updateAndGet(139)) - 6f324be3-7c3f-481f-84d2-849e9673b06a: start 6f324be3-7c3f-481f-84d2-849e9673b06a@group-5C76A3FD1E8D-LeaderStateImpl
2023-09-13 06:49:14,939 [6f324be3-7c3f-481f-84d2-849e9673b06a@group-5C76A3FD1E8D-LeaderElection8] INFO  segmented.SegmentedRaftLogWorker (SegmentedRaftLogWorker.java:startLogSegment(447)) - 6f324be3-7c3f-481f-84d2-849e9673b06a@group-5C76A3FD1E8D-SegmentedRaftLogWorker: Starting segment from index:0
2023-09-13 06:49:14,940 [53aa52bb-3302-49c8-8741-f934a8213f44-server-thread1] INFO  ratis.XceiverServerRatis (XceiverServerRatis.java:handleLeaderChangedNotification(902)) - Leader change notification received for group: group-3544293C3AC0 with new leaderId: d28f76a2-0ae6-4755-86d6-e75b9d48a44d
2023-09-13 06:49:14,940 [53aa52bb-3302-49c8-8741-f934a8213f44-server-thread1] INFO  server.RaftServer$Division (ServerState.java:setLeader(317)) - 53aa52bb-3302-49c8-8741-f934a8213f44@group-3544293C3AC0: change Leader from null to d28f76a2-0ae6-4755-86d6-e75b9d48a44d at term 1 for appendEntries, leader elected after 6447ms
2023-09-13 06:49:14,941 [6f324be3-7c3f-481f-84d2-849e9673b06a@group-5C76A3FD1E8D-SegmentedRaftLogWorker] INFO  segmented.SegmentedRaftLogWorker (SegmentedRaftLogWorker.java:execute(651)) - 6f324be3-7c3f-481f-84d2-849e9673b06a@group-5C76A3FD1E8D-SegmentedRaftLogWorker: created new log segment /home/runner/work/ozone/ozone/hadoop-ozone/integration-test/target/test-dir/MiniOzoneClusterImpl-e4211fca-df1e-4788-9bfe-f086778bfd1d/datanode-3/data/ratis/bc8147a1-a957-48ca-a881-5c76a3fd1e8d/current/log_inprogress_0
2023-09-13 06:49:14,954 [6f324be3-7c3f-481f-84d2-849e9673b06a@group-5C76A3FD1E8D-LeaderElection8] INFO  server.RaftServer$Division (ServerState.java:setRaftConf(434)) - 6f324be3-7c3f-481f-84d2-849e9673b06a@group-5C76A3FD1E8D: set configuration 0: peers:[6f324be3-7c3f-481f-84d2-849e9673b06a|rpc:10.1.0.17:15041|admin:10.1.0.17:15040|client:10.1.0.17:15039|dataStream:10.1.0.17:15042|priority:1|startupRole:FOLLOWER]|listeners:[], old=null
2023-09-13 06:49:14,967 [53aa52bb-3302-49c8-8741-f934a8213f44-server-thread1] INFO  server.RaftServer$Division (ServerState.java:setRaftConf(434)) - 53aa52bb-3302-49c8-8741-f934a8213f44@group-3544293C3AC0: set configuration 0: peers:[53aa52bb-3302-49c8-8741-f934a8213f44|rpc:10.1.0.17:15014|admin:10.1.0.17:15013|client:10.1.0.17:15012|dataStream:10.1.0.17:15015|priority:0|startupRole:FOLLOWER, d28f76a2-0ae6-4755-86d6-e75b9d48a44d|rpc:10.1.0.17:15032|admin:10.1.0.17:15031|client:10.1.0.17:15030|dataStream:10.1.0.17:15033|priority:1|startupRole:FOLLOWER, 095205e7-1161-4289-a78b-dd2bf4a5be02|rpc:10.1.0.17:15023|admin:10.1.0.17:15022|client:10.1.0.17:15021|dataStream:10.1.0.17:15024|priority:0|startupRole:FOLLOWER]|listeners:[], old=null
2023-09-13 06:49:14,968 [53aa52bb-3302-49c8-8741-f934a8213f44-server-thread1] INFO  segmented.SegmentedRaftLogWorker (SegmentedRaftLogWorker.java:startLogSegment(447)) - 53aa52bb-3302-49c8-8741-f934a8213f44@group-3544293C3AC0-SegmentedRaftLogWorker: Starting segment from index:0
2023-09-13 06:49:14,969 [53aa52bb-3302-49c8-8741-f934a8213f44@group-3544293C3AC0-SegmentedRaftLogWorker] INFO  segmented.SegmentedRaftLogWorker (SegmentedRaftLogWorker.java:execute(651)) - 53aa52bb-3302-49c8-8741-f934a8213f44@group-3544293C3AC0-SegmentedRaftLogWorker: created new log segment /home/runner/work/ozone/ozone/hadoop-ozone/integration-test/target/test-dir/MiniOzoneClusterImpl-e4211fca-df1e-4788-9bfe-f086778bfd1d/datanode-0/data/ratis/e349e6d4-40f9-4e99-996b-3544293c3ac0/current/log_inprogress_0
2023-09-13 06:49:14,977 [095205e7-1161-4289-a78b-dd2bf4a5be02-server-thread1] INFO  ratis.XceiverServerRatis (XceiverServerRatis.java:handleLeaderChangedNotification(902)) - Leader change notification received for group: group-3544293C3AC0 with new leaderId: d28f76a2-0ae6-4755-86d6-e75b9d48a44d
2023-09-13 06:49:14,977 [095205e7-1161-4289-a78b-dd2bf4a5be02-server-thread1] INFO  server.RaftServer$Division (ServerState.java:setLeader(317)) - 095205e7-1161-4289-a78b-dd2bf4a5be02@group-3544293C3AC0: change Leader from null to d28f76a2-0ae6-4755-86d6-e75b9d48a44d at term 1 for appendEntries, leader elected after 5980ms
2023-09-13 06:49:14,988 [095205e7-1161-4289-a78b-dd2bf4a5be02-server-thread1] INFO  server.RaftServer$Division (ServerState.java:setRaftConf(434)) - 095205e7-1161-4289-a78b-dd2bf4a5be02@group-3544293C3AC0: set configuration 0: peers:[53aa52bb-3302-49c8-8741-f934a8213f44|rpc:10.1.0.17:15014|admin:10.1.0.17:15013|client:10.1.0.17:15012|dataStream:10.1.0.17:15015|priority:0|startupRole:FOLLOWER, d28f76a2-0ae6-4755-86d6-e75b9d48a44d|rpc:10.1.0.17:15032|admin:10.1.0.17:15031|client:10.1.0.17:15030|dataStream:10.1.0.17:15033|priority:1|startupRole:FOLLOWER, 095205e7-1161-4289-a78b-dd2bf4a5be02|rpc:10.1.0.17:15023|admin:10.1.0.17:15022|client:10.1.0.17:15021|dataStream:10.1.0.17:15024|priority:0|startupRole:FOLLOWER]|listeners:[], old=null
2023-09-13 06:49:14,988 [095205e7-1161-4289-a78b-dd2bf4a5be02-server-thread1] INFO  segmented.SegmentedRaftLogWorker (SegmentedRaftLogWorker.java:startLogSegment(447)) - 095205e7-1161-4289-a78b-dd2bf4a5be02@group-3544293C3AC0-SegmentedRaftLogWorker: Starting segment from index:0
2023-09-13 06:49:14,989 [095205e7-1161-4289-a78b-dd2bf4a5be02@group-3544293C3AC0-SegmentedRaftLogWorker] INFO  segmented.SegmentedRaftLogWorker (SegmentedRaftLogWorker.java:execute(651)) - 095205e7-1161-4289-a78b-dd2bf4a5be02@group-3544293C3AC0-SegmentedRaftLogWorker: created new log segment /home/runner/work/ozone/ozone/hadoop-ozone/integration-test/target/test-dir/MiniOzoneClusterImpl-e4211fca-df1e-4788-9bfe-f086778bfd1d/datanode-1/data/ratis/e349e6d4-40f9-4e99-996b-3544293c3ac0/current/log_inprogress_0
2023-09-13 06:49:15,042 [JUnit] INFO  ozone.MiniOzoneClusterImpl (MiniOzoneClusterImpl.java:lambda$waitForClusterToBeReady$0(224)) - Nodes are ready. Got 5 of 5 DN Heartbeats.
2023-09-13 06:49:15,042 [JUnit] INFO  ozone.MiniOzoneClusterImpl (MiniOzoneClusterImpl.java:lambda$waitForClusterToBeReady$0(227)) - Cluster exits safe mode
2023-09-13 06:49:15,043 [JUnit] INFO  ozone.MiniOzoneClusterImpl (MiniOzoneClusterImpl.java:lambda$waitForClusterToBeReady$0(229)) - SCM became leader
2023-09-13 06:49:15,142 [a70ca69d-e87c-45fc-bc42-2c6096aaeb0f@group-C58063A2A852-FollowerState] INFO  impl.FollowerState (FollowerState.java:run(143)) - a70ca69d-e87c-45fc-bc42-2c6096aaeb0f@group-C58063A2A852-FollowerState: change to CANDIDATE, lastRpcElapsedTime:5060966260ns, electionTimeout:5056ms
2023-09-13 06:49:15,143 [a70ca69d-e87c-45fc-bc42-2c6096aaeb0f@group-C58063A2A852-FollowerState] INFO  impl.RoleInfo (RoleInfo.java:shutdownFollowerState(110)) - a70ca69d-e87c-45fc-bc42-2c6096aaeb0f: shutdown a70ca69d-e87c-45fc-bc42-2c6096aaeb0f@group-C58063A2A852-FollowerState
2023-09-13 06:49:15,143 [a70ca69d-e87c-45fc-bc42-2c6096aaeb0f@group-C58063A2A852-FollowerState] INFO  server.RaftServer$Division (RaftServerImpl.java:setRole(329)) - a70ca69d-e87c-45fc-bc42-2c6096aaeb0f@group-C58063A2A852: changes role from  FOLLOWER to CANDIDATE at term 0 for changeToCandidate
2023-09-13 06:49:15,144 [a70ca69d-e87c-45fc-bc42-2c6096aaeb0f@group-C58063A2A852-FollowerState] INFO  server.RaftServerConfigKeys (ConfUtils.java:logGet(46)) - raft.server.leaderelection.pre-vote = true (default)
2023-09-13 06:49:15,144 [a70ca69d-e87c-45fc-bc42-2c6096aaeb0f@group-C58063A2A852-FollowerState] INFO  impl.RoleInfo (RoleInfo.java:updateAndGet(139)) - a70ca69d-e87c-45fc-bc42-2c6096aaeb0f: start a70ca69d-e87c-45fc-bc42-2c6096aaeb0f@group-C58063A2A852-LeaderElection9
2023-09-13 06:49:15,151 [a70ca69d-e87c-45fc-bc42-2c6096aaeb0f@group-C58063A2A852-LeaderElection9] INFO  impl.LeaderElection (LeaderElection.java:askForVotes(321)) - a70ca69d-e87c-45fc-bc42-2c6096aaeb0f@group-C58063A2A852-LeaderElection9 PRE_VOTE round 0: submit vote requests at term 0 for -1: peers:[a70ca69d-e87c-45fc-bc42-2c6096aaeb0f|rpc:10.1.0.17:15050|admin:10.1.0.17:15049|client:10.1.0.17:15048|dataStream:10.1.0.17:15051|priority:1|startupRole:FOLLOWER]|listeners:[], old=null
2023-09-13 06:49:15,151 [a70ca69d-e87c-45fc-bc42-2c6096aaeb0f@group-C58063A2A852-LeaderElection9] INFO  impl.LeaderElection (LeaderElection.java:askForVotes(323)) - a70ca69d-e87c-45fc-bc42-2c6096aaeb0f@group-C58063A2A852-LeaderElection9 PRE_VOTE round 0: result PASSED (term=0)
2023-09-13 06:49:15,154 [a70ca69d-e87c-45fc-bc42-2c6096aaeb0f@group-C58063A2A852-LeaderElection9] INFO  impl.LeaderElection (LeaderElection.java:askForVotes(321)) - a70ca69d-e87c-45fc-bc42-2c6096aaeb0f@group-C58063A2A852-LeaderElection9 ELECTION round 0: submit vote requests at term 1 for -1: peers:[a70ca69d-e87c-45fc-bc42-2c6096aaeb0f|rpc:10.1.0.17:15050|admin:10.1.0.17:15049|client:10.1.0.17:15048|dataStream:10.1.0.17:15051|priority:1|startupRole:FOLLOWER]|listeners:[], old=null
2023-09-13 06:49:15,154 [a70ca69d-e87c-45fc-bc42-2c6096aaeb0f@group-C58063A2A852-LeaderElection9] INFO  impl.LeaderElection (LeaderElection.java:askForVotes(323)) - a70ca69d-e87c-45fc-bc42-2c6096aaeb0f@group-C58063A2A852-LeaderElection9 ELECTION round 0: result PASSED (term=1)
2023-09-13 06:49:15,154 [a70ca69d-e87c-45fc-bc42-2c6096aaeb0f@group-C58063A2A852-LeaderElection9] INFO  impl.RoleInfo (RoleInfo.java:shutdownLeaderElection(130)) - a70ca69d-e87c-45fc-bc42-2c6096aaeb0f: shutdown a70ca69d-e87c-45fc-bc42-2c6096aaeb0f@group-C58063A2A852-LeaderElection9
2023-09-13 06:49:15,154 [a70ca69d-e87c-45fc-bc42-2c6096aaeb0f@group-C58063A2A852-LeaderElection9] INFO  server.RaftServer$Division (RaftServerImpl.java:setRole(329)) - a70ca69d-e87c-45fc-bc42-2c6096aaeb0f@group-C58063A2A852: changes role from CANDIDATE to LEADER at term 1 for changeToLeader
2023-09-13 06:49:15,154 [a70ca69d-e87c-45fc-bc42-2c6096aaeb0f@group-C58063A2A852-LeaderElection9] INFO  ratis.XceiverServerRatis (XceiverServerRatis.java:handleLeaderChangedNotification(902)) - Leader change notification received for group: group-C58063A2A852 with new leaderId: a70ca69d-e87c-45fc-bc42-2c6096aaeb0f
2023-09-13 06:49:15,155 [a70ca69d-e87c-45fc-bc42-2c6096aaeb0f@group-C58063A2A852-LeaderElection9] INFO  server.RaftServer$Division (ServerState.java:setLeader(317)) - a70ca69d-e87c-45fc-bc42-2c6096aaeb0f@group-C58063A2A852: change Leader from null to a70ca69d-e87c-45fc-bc42-2c6096aaeb0f at term 1 for becomeLeader, leader elected after 5106ms
2023-09-13 06:49:15,155 [a70ca69d-e87c-45fc-bc42-2c6096aaeb0f@group-C58063A2A852-LeaderElection9] INFO  server.RaftServerConfigKeys (ConfUtils.java:logGet(46)) - raft.server.staging.catchup.gap = 1000 (default)
2023-09-13 06:49:15,158 [a70ca69d-e87c-45fc-bc42-2c6096aaeb0f@group-C58063A2A852-LeaderElection9] INFO  server.RaftServerConfigKeys (ConfUtils.java:logGet(46)) - raft.server.write.element-limit = 1024 (custom)
2023-09-13 06:49:15,158 [a70ca69d-e87c-45fc-bc42-2c6096aaeb0f@group-C58063A2A852-LeaderElection9] INFO  server.RaftServerConfigKeys (ConfUtils.java:logGet(46)) - raft.server.write.byte-limit = 1024 M (=1073741824) (custom)
2023-09-13 06:49:15,159 [a70ca69d-e87c-45fc-bc42-2c6096aaeb0f@group-C58063A2A852-LeaderElection9] INFO  server.RaftServerConfigKeys (ConfUtils.java:logGet(46)) - raft.server.watch.timeout = 10000ms (default)
2023-09-13 06:49:15,159 [a70ca69d-e87c-45fc-bc42-2c6096aaeb0f@group-C58063A2A852-LeaderElection9] INFO  server.RaftServerConfigKeys (ConfUtils.java:logGet(46)) - raft.server.watch.timeout.denomination = 1s (default)
2023-09-13 06:49:15,159 [a70ca69d-e87c-45fc-bc42-2c6096aaeb0f@group-C58063A2A852-LeaderElection9] INFO  server.RaftServerConfigKeys (ConfUtils.java:logGet(46)) - raft.server.watch.element-limit = 65536 (default)
2023-09-13 06:49:15,159 [a70ca69d-e87c-45fc-bc42-2c6096aaeb0f@group-C58063A2A852-LeaderElection9] INFO  server.RaftServerConfigKeys (ConfUtils.java:logGet(46)) - raft.server.write.element-limit = 1024 (custom)
2023-09-13 06:49:15,159 [a70ca69d-e87c-45fc-bc42-2c6096aaeb0f@group-C58063A2A852-LeaderElection9] INFO  server.RaftServerConfigKeys (ConfUtils.java:logGet(46)) - raft.server.write.follower.gap.ratio.max = -1.0 (default)
2023-09-13 06:49:15,159 [a70ca69d-e87c-45fc-bc42-2c6096aaeb0f@group-C58063A2A852-LeaderElection9] INFO  impl.RoleInfo (RoleInfo.java:updateAndGet(139)) - a70ca69d-e87c-45fc-bc42-2c6096aaeb0f: start a70ca69d-e87c-45fc-bc42-2c6096aaeb0f@group-C58063A2A852-LeaderStateImpl
2023-09-13 06:49:15,162 [a70ca69d-e87c-45fc-bc42-2c6096aaeb0f@group-C58063A2A852-LeaderElection9] INFO  segmented.SegmentedRaftLogWorker (SegmentedRaftLogWorker.java:startLogSegment(447)) - a70ca69d-e87c-45fc-bc42-2c6096aaeb0f@group-C58063A2A852-SegmentedRaftLogWorker: Starting segment from index:0
2023-09-13 06:49:15,163 [a70ca69d-e87c-45fc-bc42-2c6096aaeb0f@group-C58063A2A852-SegmentedRaftLogWorker] INFO  segmented.SegmentedRaftLogWorker (SegmentedRaftLogWorker.java:execute(651)) - a70ca69d-e87c-45fc-bc42-2c6096aaeb0f@group-C58063A2A852-SegmentedRaftLogWorker: created new log segment /home/runner/work/ozone/ozone/hadoop-ozone/integration-test/target/test-dir/MiniOzoneClusterImpl-e4211fca-df1e-4788-9bfe-f086778bfd1d/datanode-4/data/ratis/921876a5-c96d-4e4d-bee3-c58063a2a852/current/log_inprogress_0
2023-09-13 06:49:15,169 [a70ca69d-e87c-45fc-bc42-2c6096aaeb0f@group-C58063A2A852-LeaderElection9] INFO  server.RaftServer$Division (ServerState.java:setRaftConf(434)) - a70ca69d-e87c-45fc-bc42-2c6096aaeb0f@group-C58063A2A852: set configuration 0: peers:[a70ca69d-e87c-45fc-bc42-2c6096aaeb0f|rpc:10.1.0.17:15050|admin:10.1.0.17:15049|client:10.1.0.17:15048|dataStream:10.1.0.17:15051|priority:1|startupRole:FOLLOWER]|listeners:[], old=null
2023-09-13 06:49:15,650 [setup] INFO  rpc.RpcClient (RpcClient.java:createVolume(461)) - Creating Volume: volume68531, with user86105 as owner and space quota set to -1 bytes, counts quota set to -1
2023-09-13 06:49:15,716 [OM StateMachine ApplyTransaction Thread - 0] INFO  volume.OMVolumeCreateRequest (OMVolumeCreateRequest.java:validateAndUpdateCache(196)) - created volume:volume68531 for user:user86105
2023-09-13 06:49:15,732 [setup] INFO  rpc.RpcClient (RpcClient.java:createBucket(688)) - Creating Bucket: volume68531/bucket43075, with bucket layout LEGACY, runner as owner, Versioning false, Storage Type set to DISK and Encryption set to false, Replication Type set to server-side default replication type, Namespace Quota set to -1, Space Quota set to -1 
2023-09-13 06:49:15,751 [OM StateMachine ApplyTransaction Thread - 0] INFO  bucket.OMBucketCreateRequest (OMBucketCreateRequest.java:validateAndUpdateCache(270)) - created bucket: bucket43075 of layout LEGACY in volume: volume68531
2023-09-13 06:49:16,073 [setup] INFO  contract.AbstractFSContractTestBase (AbstractFSContractTestBase.java:setup(194)) - Test filesystem = o3fs://bucket43075.volume68531 implemented by OzoneFileSystem{URI=o3fs://bucket43075.volume68531, workingDir=o3fs://bucket43075.volume68531/user/runner, userName=runner, statistics=0 bytes read, 0 bytes written, 0 read ops, 0 large read ops, 0 write ops}
2023-09-13 06:49:16,454 [JvmPauseMonitor5] WARN  util.JvmPauseMonitor (JvmPauseMonitor.java:detectPause(124)) - JvmPauseMonitor-6f324be3-7c3f-481f-84d2-849e9673b06a: Detected pause in JVM or host machine approximately 0.189s with 0.358s GC time.
GC pool 'PS MarkSweep' had collection(s): count=1 time=281ms
GC pool 'PS Scavenge' had collection(s): count=1 time=77ms
2023-09-13 06:49:16,455 [JvmPauseMonitor1] WARN  util.JvmPauseMonitor (JvmPauseMonitor.java:detectPause(124)) - JvmPauseMonitor-om1: Detected pause in JVM or host machine approximately 0.237s with 0.358s GC time.
GC pool 'PS MarkSweep' had collection(s): count=1 time=281ms
GC pool 'PS Scavenge' had collection(s): count=1 time=77ms
2023-09-13 06:49:16,456 [JvmPauseMonitor3] WARN  util.JvmPauseMonitor (JvmPauseMonitor.java:detectPause(124)) - JvmPauseMonitor-095205e7-1161-4289-a78b-dd2bf4a5be02: Detected pause in JVM or host machine approximately 0.295s with 0.358s GC time.
GC pool 'PS MarkSweep' had collection(s): count=1 time=281ms
GC pool 'PS Scavenge' had collection(s): count=1 time=77ms
2023-09-13 06:49:16,456 [JvmPauseMonitor0] WARN  util.JvmPauseMonitor (JvmPauseMonitor.java:detectPause(124)) - JvmPauseMonitor-2feb55fe-6f30-4b07-9cbd-b2b1472db4b2: Detected pause in JVM or host machine approximately 0.300s with 0.358s GC time.
GC pool 'PS MarkSweep' had collection(s): count=1 time=281ms
GC pool 'PS Scavenge' had collection(s): count=1 time=77ms
2023-09-13 06:49:16,456 [JvmPauseMonitor4] WARN  util.JvmPauseMonitor (JvmPauseMonitor.java:detectPause(124)) - JvmPauseMonitor-d28f76a2-0ae6-4755-86d6-e75b9d48a44d: Detected pause in JVM or host machine approximately 0.302s with 0.358s GC time.
GC pool 'PS MarkSweep' had collection(s): count=1 time=281ms
GC pool 'PS Scavenge' had collection(s): count=1 time=77ms
2023-09-13 06:49:16,461 [JvmPauseMonitor2] WARN  util.JvmPauseMonitor (JvmPauseMonitor.java:detectPause(124)) - JvmPauseMonitor-53aa52bb-3302-49c8-8741-f934a8213f44: Detected pause in JVM or host machine approximately 0.320s with 0.358s GC time.
GC pool 'PS MarkSweep' had collection(s): count=1 time=281ms
GC pool 'PS Scavenge' had collection(s): count=1 time=77ms
2023-09-13 06:49:16,461 [JvmPauseMonitor6] WARN  util.JvmPauseMonitor (JvmPauseMonitor.java:detectPause(124)) - JvmPauseMonitor-a70ca69d-e87c-45fc-bc42-2c6096aaeb0f: Detected pause in JVM or host machine approximately 0.322s with 0.358s GC time.
GC pool 'PS MarkSweep' had collection(s): count=1 time=281ms
GC pool 'PS Scavenge' had collection(s): count=1 time=77ms
2023-09-13 06:49:16,596 [IPC Server handler 0 on default port 15001] INFO  ha.SequenceIdGenerator (SequenceIdGenerator.java:getNextId(140)) - Allocate a batch for containerId, change lastId from 0 to 1000.
2023-09-13 06:49:16,606 [IPC Server handler 0 on default port 15001] WARN  ha.SequenceIdGenerator (SequenceIdGenerator.java:allocateBatch(253)) - Failed to allocate a batch for localId, expected lastId is 0, actual lastId is 111677748019200000.
2023-09-13 06:49:16,606 [IPC Server handler 0 on default port 15001] INFO  ha.SequenceIdGenerator (SequenceIdGenerator.java:getNextId(140)) - Allocate a batch for localId, change lastId from 111677748019200000 to 111677748019201000.
2023-09-13 06:49:16,695 [JUnit-testDeleteNonEmptyDirNonRecursive[0]] INFO  impl.MetricsSystemImpl (MetricsSystemImpl.java:init(158)) - XceiverClientMetrics metrics system started (again)
2023-09-13 06:49:16,696 [JUnit-testDeleteNonEmptyDirNonRecursive[0]] INFO  lib.Interns (Interns.java:removeEldestEntry(50)) - Metrics intern cache overflow at 2011 for MetricsSystem={MetricsSystem=MetricsInfoImpl{name=MetricsSystem, description=MetricsSystem}, MetricsSystem record=MetricsInfoImpl{name=MetricsSystem, description=MetricsSystem record}}
]]></system-out>
  </testcase>
  <testcase name="testDeleteNonEmptyDirNonRecursive" classname="ITestOzoneContractDelete" time="0.341">
    <system-out><![CDATA[2023-09-13 06:49:18,616 [JUnit] INFO  ozone.MiniOzoneClusterImpl (MiniOzoneClusterImpl.java:shutdown(443)) - Shutting down the Mini Ozone Cluster
2023-09-13 06:49:18,617 [JUnit] INFO  ozone.MiniOzoneClusterImpl (MiniOzoneClusterImpl.java:stop(460)) - Stopping the Mini Ozone Cluster
2023-09-13 06:49:18,617 [JUnit] INFO  ozone.MiniOzoneClusterImpl (MiniOzoneClusterImpl.java:stopOM(551)) - Stopping the OzoneManager
2023-09-13 06:49:18,617 [JUnit] INFO  om.OzoneManager (OzoneManager.java:stop(2207)) - om1[localhost:15004]: Stopping Ozone Manager
2023-09-13 06:49:18,617 [JUnit] INFO  ipc.Server (Server.java:stop(3523)) - Stopping server on 15004
2023-09-13 06:49:18,618 [IPC Server listener on 15004] INFO  ipc.Server (Server.java:run(1434)) - Stopping IPC Server listener on 15004
2023-09-13 06:49:18,622 [IPC Server Responder] INFO  ipc.Server (Server.java:run(1567)) - Stopping IPC Server Responder
2023-09-13 06:49:18,626 [JUnit] INFO  server.RaftServer (RaftServerProxy.java:lambda$close$6(416)) - om1: close
2023-09-13 06:49:18,626 [JUnit] INFO  server.GrpcService (GrpcService.java:closeImpl(311)) - om1: shutdown server GrpcServerProtocolService now
2023-09-13 06:49:18,627 [om1-impl-thread1] INFO  server.RaftServer$Division (RaftServerImpl.java:lambda$close$4(466)) - om1@group-C5BA1605619E: shutdown
2023-09-13 06:49:18,627 [om1-impl-thread1] INFO  util.JmxRegister (JmxRegister.java:unregister(73)) - Successfully un-registered JMX Bean with object name Ratis:service=RaftServer,group=group-C5BA1605619E,id=om1
2023-09-13 06:49:18,627 [om1-impl-thread1] INFO  impl.RoleInfo (RoleInfo.java:shutdownLeaderState(93)) - om1: shutdown om1@group-C5BA1605619E-LeaderStateImpl
2023-09-13 06:49:18,627 [om1-impl-thread1] INFO  impl.PendingRequests (PendingRequests.java:sendNotLeaderResponses(289)) - om1@group-C5BA1605619E-PendingRequests: sendNotLeaderResponses
2023-09-13 06:49:18,636 [om1-impl-thread1] INFO  impl.StateMachineUpdater (StateMachineUpdater.java:stopAndJoin(155)) - om1@group-C5BA1605619E-StateMachineUpdater: set stopIndex = 98
2023-09-13 06:49:18,636 [om1@group-C5BA1605619E-StateMachineUpdater] INFO  ratis.OzoneManagerStateMachine (OzoneManagerStateMachine.java:takeSnapshot(480)) - Current Snapshot Index (t:1, i:98)
2023-09-13 06:49:18,636 [JUnit] INFO  server.GrpcService (GrpcService.java:closeImpl(320)) - om1: shutdown server GrpcServerProtocolService successfully
2023-09-13 06:49:18,668 [om1@group-C5BA1605619E-StateMachineUpdater] INFO  impl.StateMachineUpdater (StateMachineUpdater.java:takeSnapshot(291)) - om1@group-C5BA1605619E-StateMachineUpdater: Took a snapshot at index 98
2023-09-13 06:49:18,669 [om1@group-C5BA1605619E-StateMachineUpdater] INFO  impl.StateMachineUpdater (StateMachineUpdater.java:lambda$new$0(97)) - om1@group-C5BA1605619E-StateMachineUpdater: snapshotIndex: updateIncreasingly -1 -> 98
2023-09-13 06:49:18,669 [om1@group-C5BA1605619E-StateMachineUpdater] INFO  ratis.OzoneManagerStateMachine (OzoneManagerStateMachine.java:close(534)) - StateMachine has shutdown. Shutdown OzoneManager if not already shutdown.
2023-09-13 06:49:18,669 [om1@group-C5BA1605619E-StateMachineUpdater] INFO  ratis.OzoneManagerDoubleBuffer (OzoneManagerDoubleBuffer.java:stopDaemon(551)) - Stopping OMDoubleBuffer flush thread
2023-09-13 06:49:18,669 [OMDoubleBufferFlushThread] INFO  ratis.OzoneManagerDoubleBuffer (OzoneManagerDoubleBuffer.java:canFlush(638)) - OMDoubleBuffer flush thread OMDoubleBufferFlushThread is interrupted and will exit.
2023-09-13 06:49:18,671 [om1-impl-thread1] INFO  server.RaftServer$Division (ServerState.java:close(472)) - om1@group-C5BA1605619E: closes. applyIndex: 98
2023-09-13 06:49:19,618 [om1-impl-thread1] INFO  segmented.SegmentedRaftLogWorker (SegmentedRaftLogWorker.java:close(252)) - om1@group-C5BA1605619E-SegmentedRaftLogWorker close()
2023-09-13 06:49:19,619 [JvmPauseMonitor1] INFO  util.JvmPauseMonitor (JvmPauseMonitor.java:run(109)) - JvmPauseMonitor-om1: Stopped
2023-09-13 06:49:19,619 [JUnit] INFO  ratis.OzoneManagerStateMachine (OzoneManagerStateMachine.java:close(534)) - StateMachine has shutdown. Shutdown OzoneManager if not already shutdown.
2023-09-13 06:49:19,619 [JUnit] INFO  ratis.OzoneManagerDoubleBuffer (OzoneManagerDoubleBuffer.java:stopDaemon(560)) - OMDoubleBuffer flush thread is not running.
2023-09-13 06:49:19,620 [JUnit] INFO  utils.BackgroundService (BackgroundService.java:shutdown(141)) - Shutting down service KeyDeletingService
2023-09-13 06:49:19,620 [JUnit] INFO  utils.BackgroundService (BackgroundService.java:shutdown(141)) - Shutting down service KeyDeletingService
2023-09-13 06:49:19,621 [JUnit] INFO  utils.BackgroundService (BackgroundService.java:shutdown(141)) - Shutting down service OpenKeyCleanupService
2023-09-13 06:49:19,621 [JUnit] INFO  utils.BackgroundService (BackgroundService.java:shutdown(141)) - Shutting down service SstFilteringService
2023-09-13 06:49:19,621 [JUnit] INFO  utils.BackgroundService (BackgroundService.java:shutdown(141)) - Shutting down service SnapshotDeletingService
2023-09-13 06:49:19,623 [JUnit] INFO  handler.ContextHandler (ContextHandler.java:doStop(1159)) - Stopped o.e.j.w.WebAppContext@c59b505{ozoneManager,/,null,STOPPED}{file:/home/runner/work/ozone/ozone/hadoop-ozone/integration-test/target/test-classes/webapps/ozoneManager}
2023-09-13 06:49:19,627 [JUnit] INFO  server.AbstractConnector (AbstractConnector.java:doStop(383)) - Stopped ServerConnector@695ea38f{HTTP/1.1, (http/1.1)}{0.0.0.0:15005}
2023-09-13 06:49:19,627 [JUnit] INFO  server.session (HouseKeeper.java:stopScavenging(149)) - node0 Stopped scavenging
2023-09-13 06:49:19,627 [JUnit] INFO  handler.ContextHandler (ContextHandler.java:doStop(1159)) - Stopped o.e.j.s.ServletContextHandler@3bad01ee{static,/static,file:///home/runner/work/ozone/ozone/hadoop-ozone/integration-test/target/test-classes/webapps/static,STOPPED}
2023-09-13 06:49:19,627 [JUnit] INFO  handler.ContextHandler (ContextHandler.java:doStop(1159)) - Stopped o.e.j.s.ServletContextHandler@3a6aa97f{logs,/logs,file:///home/runner/work/ozone/ozone/hadoop-ozone/integration-test/target/log,STOPPED}
2023-09-13 06:49:19,630 [JUnit] INFO  rocksdiff.RocksDBCheckpointDiffer (RocksDBCheckpointDiffer.java:close(343)) - Shutting down CompactionDagPruningService.
2023-09-13 06:49:19,635 [JUnit] INFO  snapshot.SnapshotDiffManager (SnapshotDiffManager.java:closeExecutorService(1706)) - Shutting down executorService: 'SnapDiffExecutor'
2023-09-13 06:49:19,635 [JUnit] INFO  snapshot.SnapshotDiffManager (SnapshotDiffManager.java:closeExecutorService(1706)) - Shutting down executorService: 'SstDumpToolExecutor'
2023-09-13 06:49:19,635 [JUnit] INFO  utils.BackgroundService (BackgroundService.java:shutdown(141)) - Shutting down service SnapshotDiffCleanupService
2023-09-13 06:49:19,637 [JUnit] INFO  ozone.MiniOzoneClusterImpl (MiniOzoneClusterImpl.java:stopDatanodes(528)) - Stopping the HddsDatanodes
2023-09-13 06:49:19,643 [ForkJoinPool.commonPool-worker-0] INFO  ozoneimpl.OzoneContainer (OzoneContainer.java:stop(451)) - Attempting to stop container services.
2023-09-13 06:49:19,645 [JUnit] INFO  ozoneimpl.OzoneContainer (OzoneContainer.java:stop(451)) - Attempting to stop container services.
2023-09-13 06:49:19,647 [ForkJoinPool.commonPool-worker-0] INFO  server.RaftServer (RaftServerProxy.java:lambda$close$6(416)) - 095205e7-1161-4289-a78b-dd2bf4a5be02: close
2023-09-13 06:49:19,647 [095205e7-1161-4289-a78b-dd2bf4a5be02-impl-thread1] INFO  server.RaftServer$Division (RaftServerImpl.java:lambda$close$4(466)) - 095205e7-1161-4289-a78b-dd2bf4a5be02@group-36301351904D: shutdown
2023-09-13 06:49:19,647 [095205e7-1161-4289-a78b-dd2bf4a5be02-impl-thread1] INFO  util.JmxRegister (JmxRegister.java:unregister(73)) - Successfully un-registered JMX Bean with object name Ratis:service=RaftServer,group=group-36301351904D,id=095205e7-1161-4289-a78b-dd2bf4a5be02
2023-09-13 06:49:19,647 [095205e7-1161-4289-a78b-dd2bf4a5be02-impl-thread1] INFO  impl.RoleInfo (RoleInfo.java:shutdownLeaderState(93)) - 095205e7-1161-4289-a78b-dd2bf4a5be02: shutdown 095205e7-1161-4289-a78b-dd2bf4a5be02@group-36301351904D-LeaderStateImpl
2023-09-13 06:49:19,648 [095205e7-1161-4289-a78b-dd2bf4a5be02@group-36301351904D->53aa52bb-3302-49c8-8741-f934a8213f44-GrpcLogAppender-LogAppenderDaemon] WARN  server.GrpcLogAppender (GrpcLogAppender.java:mayWait(199)) - 095205e7-1161-4289-a78b-dd2bf4a5be02@group-36301351904D->53aa52bb-3302-49c8-8741-f934a8213f44-GrpcLogAppender: Wait interrupted by java.lang.InterruptedException
2023-09-13 06:49:19,649 [grpc-default-executor-5] INFO  server.GrpcServerProtocolService (GrpcServerProtocolService.java:onCompleted(155)) - 53aa52bb-3302-49c8-8741-f934a8213f44: Completed APPEND_ENTRIES, lastRequest: 095205e7-1161-4289-a78b-dd2bf4a5be02->53aa52bb-3302-49c8-8741-f934a8213f44#15-t1,previous=(t:1, i:6),leaderCommit=6,initializing? true,entries: size=1, first=(t:1, i:7), METADATAENTRY(c:6)
2023-09-13 06:49:19,650 [grpc-default-executor-5] INFO  server.GrpcServerProtocolService (GrpcServerProtocolService.java:lambda$onCompleted$5(157)) - 53aa52bb-3302-49c8-8741-f934a8213f44: Completed APPEND_ENTRIES, lastReply: null
2023-09-13 06:49:19,651 [grpc-default-executor-5] INFO  server.GrpcServerProtocolService (GrpcServerProtocolService.java:onCompleted(155)) - 53aa52bb-3302-49c8-8741-f934a8213f44: Completed APPEND_ENTRIES, lastRequest: null
2023-09-13 06:49:19,652 [grpc-default-executor-5] INFO  server.GrpcServerProtocolService (GrpcServerProtocolService.java:lambda$onCompleted$5(157)) - 53aa52bb-3302-49c8-8741-f934a8213f44: Completed APPEND_ENTRIES, lastReply: serverReply {
  requestorId: "095205e7-1161-4289-a78b-dd2bf4a5be02"
  replyId: "53aa52bb-3302-49c8-8741-f934a8213f44"
  raftGroupId {
    id: "\367=-1~d@-\210\26260\023Q\220M"
  }
  callId: 4
  success: true
}
term: 1
nextIndex: 1
matchIndex: 18446744073709551615
isHearbeat: true

2023-09-13 06:49:19,657 [095205e7-1161-4289-a78b-dd2bf4a5be02-impl-thread2] INFO  server.RaftServer$Division (RaftServerImpl.java:lambda$close$4(466)) - 095205e7-1161-4289-a78b-dd2bf4a5be02@group-B9693D60CA7E: shutdown
2023-09-13 06:49:19,657 [095205e7-1161-4289-a78b-dd2bf4a5be02-impl-thread2] INFO  util.JmxRegister (JmxRegister.java:unregister(73)) - Successfully un-registered JMX Bean with object name Ratis:service=RaftServer,group=group-B9693D60CA7E,id=095205e7-1161-4289-a78b-dd2bf4a5be02
2023-09-13 06:49:19,657 [095205e7-1161-4289-a78b-dd2bf4a5be02-impl-thread2] INFO  impl.RoleInfo (RoleInfo.java:shutdownLeaderState(93)) - 095205e7-1161-4289-a78b-dd2bf4a5be02: shutdown 095205e7-1161-4289-a78b-dd2bf4a5be02@group-B9693D60CA7E-LeaderStateImpl
2023-09-13 06:49:19,658 [ForkJoinPool.commonPool-worker-0] INFO  server.GrpcService (GrpcService.java:closeImpl(311)) - 095205e7-1161-4289-a78b-dd2bf4a5be02: shutdown server org.apache.ratis.grpc.server.GrpcClientProtocolService now
2023-09-13 06:49:19,648 [095205e7-1161-4289-a78b-dd2bf4a5be02-impl-thread1] INFO  impl.PendingRequests (PendingRequests.java:sendNotLeaderResponses(289)) - 095205e7-1161-4289-a78b-dd2bf4a5be02@group-36301351904D-PendingRequests: sendNotLeaderResponses
2023-09-13 06:49:19,659 [095205e7-1161-4289-a78b-dd2bf4a5be02-impl-thread3] INFO  server.RaftServer$Division (RaftServerImpl.java:lambda$close$4(466)) - 095205e7-1161-4289-a78b-dd2bf4a5be02@group-3544293C3AC0: shutdown
2023-09-13 06:49:19,653 [grpc-default-executor-1] INFO  server.GrpcLogAppender (GrpcLogAppender.java:onCompleted(428)) - 095205e7-1161-4289-a78b-dd2bf4a5be02@group-36301351904D->53aa52bb-3302-49c8-8741-f934a8213f44-AppendLogResponseHandler: follower responses appendEntries COMPLETED
2023-09-13 06:49:19,653 [grpc-default-executor-6] INFO  server.GrpcLogAppender (GrpcLogAppender.java:onCompleted(428)) - 095205e7-1161-4289-a78b-dd2bf4a5be02@group-36301351904D->53aa52bb-3302-49c8-8741-f934a8213f44-AppendLogResponseHandler: follower responses appendEntries COMPLETED
2023-09-13 06:49:19,649 [095205e7-1161-4289-a78b-dd2bf4a5be02@group-36301351904D->d28f76a2-0ae6-4755-86d6-e75b9d48a44d-GrpcLogAppender-LogAppenderDaemon] WARN  server.GrpcLogAppender (GrpcLogAppender.java:mayWait(199)) - 095205e7-1161-4289-a78b-dd2bf4a5be02@group-36301351904D->d28f76a2-0ae6-4755-86d6-e75b9d48a44d-GrpcLogAppender: Wait interrupted by java.lang.InterruptedException
2023-09-13 06:49:19,663 [grpc-default-executor-1] INFO  leader.FollowerInfo (FollowerInfoImpl.java:lambda$new$0(52)) - 095205e7-1161-4289-a78b-dd2bf4a5be02@group-36301351904D->53aa52bb-3302-49c8-8741-f934a8213f44: decreaseNextIndex nextIndex: updateUnconditionally 8 -> 7
2023-09-13 06:49:19,658 [095205e7-1161-4289-a78b-dd2bf4a5be02-impl-thread2] INFO  impl.PendingRequests (PendingRequests.java:sendNotLeaderResponses(289)) - 095205e7-1161-4289-a78b-dd2bf4a5be02@group-B9693D60CA7E-PendingRequests: sendNotLeaderResponses
2023-09-13 06:49:19,664 [095205e7-1161-4289-a78b-dd2bf4a5be02-impl-thread2] INFO  impl.StateMachineUpdater (StateMachineUpdater.java:stopAndJoin(155)) - 095205e7-1161-4289-a78b-dd2bf4a5be02@group-B9693D60CA7E-StateMachineUpdater: set stopIndex = 0
2023-09-13 06:49:19,664 [095205e7-1161-4289-a78b-dd2bf4a5be02@group-B9693D60CA7E-StateMachineUpdater] INFO  ratis.ContainerStateMachine (ContainerStateMachine.java:takeSnapshot(330)) - group-B9693D60CA7E: Taking a snapshot at:(t:1, i:0) file /home/runner/work/ozone/ozone/hadoop-ozone/integration-test/target/test-dir/MiniOzoneClusterImpl-e4211fca-df1e-4788-9bfe-f086778bfd1d/datanode-1/data/ratis/d936ad6c-9596-42e9-ac1e-b9693d60ca7e/sm/snapshot.1_0
2023-09-13 06:49:19,659 [095205e7-1161-4289-a78b-dd2bf4a5be02-impl-thread3] INFO  util.JmxRegister (JmxRegister.java:unregister(73)) - Successfully un-registered JMX Bean with object name Ratis:service=RaftServer,group=group-3544293C3AC0,id=095205e7-1161-4289-a78b-dd2bf4a5be02
2023-09-13 06:49:19,665 [095205e7-1161-4289-a78b-dd2bf4a5be02-impl-thread3] INFO  impl.RoleInfo (RoleInfo.java:shutdownFollowerState(110)) - 095205e7-1161-4289-a78b-dd2bf4a5be02: shutdown 095205e7-1161-4289-a78b-dd2bf4a5be02@group-3544293C3AC0-FollowerState
2023-09-13 06:49:19,665 [095205e7-1161-4289-a78b-dd2bf4a5be02@group-3544293C3AC0-FollowerState] INFO  impl.FollowerState (FollowerState.java:run(152)) - 095205e7-1161-4289-a78b-dd2bf4a5be02@group-3544293C3AC0-FollowerState was interrupted
2023-09-13 06:49:19,665 [095205e7-1161-4289-a78b-dd2bf4a5be02-impl-thread3] INFO  impl.StateMachineUpdater (StateMachineUpdater.java:stopAndJoin(155)) - 095205e7-1161-4289-a78b-dd2bf4a5be02@group-3544293C3AC0-StateMachineUpdater: set stopIndex = 2
2023-09-13 06:49:19,669 [095205e7-1161-4289-a78b-dd2bf4a5be02@group-3544293C3AC0-StateMachineUpdater] INFO  ratis.ContainerStateMachine (ContainerStateMachine.java:takeSnapshot(330)) - group-3544293C3AC0: Taking a snapshot at:(t:1, i:2) file /home/runner/work/ozone/ozone/hadoop-ozone/integration-test/target/test-dir/MiniOzoneClusterImpl-e4211fca-df1e-4788-9bfe-f086778bfd1d/datanode-1/data/ratis/e349e6d4-40f9-4e99-996b-3544293c3ac0/sm/snapshot.1_2
2023-09-13 06:49:19,669 [JUnit] INFO  server.RaftServer (RaftServerProxy.java:lambda$close$6(416)) - d28f76a2-0ae6-4755-86d6-e75b9d48a44d: close
2023-09-13 06:49:19,671 [d28f76a2-0ae6-4755-86d6-e75b9d48a44d-impl-thread1] INFO  server.RaftServer$Division (RaftServerImpl.java:lambda$close$4(466)) - d28f76a2-0ae6-4755-86d6-e75b9d48a44d@group-36301351904D: shutdown
2023-09-13 06:49:19,671 [d28f76a2-0ae6-4755-86d6-e75b9d48a44d-impl-thread1] INFO  util.JmxRegister (JmxRegister.java:unregister(73)) - Successfully un-registered JMX Bean with object name Ratis:service=RaftServer,group=group-36301351904D,id=d28f76a2-0ae6-4755-86d6-e75b9d48a44d
2023-09-13 06:49:19,671 [d28f76a2-0ae6-4755-86d6-e75b9d48a44d-impl-thread1] INFO  impl.RoleInfo (RoleInfo.java:shutdownFollowerState(110)) - d28f76a2-0ae6-4755-86d6-e75b9d48a44d: shutdown d28f76a2-0ae6-4755-86d6-e75b9d48a44d@group-36301351904D-FollowerState
2023-09-13 06:49:19,677 [d28f76a2-0ae6-4755-86d6-e75b9d48a44d-impl-thread2] INFO  server.RaftServer$Division (RaftServerImpl.java:lambda$close$4(466)) - d28f76a2-0ae6-4755-86d6-e75b9d48a44d@group-57A2A16130EB: shutdown
2023-09-13 06:49:19,678 [d28f76a2-0ae6-4755-86d6-e75b9d48a44d-impl-thread2] INFO  util.JmxRegister (JmxRegister.java:unregister(73)) - Successfully un-registered JMX Bean with object name Ratis:service=RaftServer,group=group-57A2A16130EB,id=d28f76a2-0ae6-4755-86d6-e75b9d48a44d
2023-09-13 06:49:19,678 [d28f76a2-0ae6-4755-86d6-e75b9d48a44d-impl-thread2] INFO  impl.RoleInfo (RoleInfo.java:shutdownLeaderState(93)) - d28f76a2-0ae6-4755-86d6-e75b9d48a44d: shutdown d28f76a2-0ae6-4755-86d6-e75b9d48a44d@group-57A2A16130EB-LeaderStateImpl
2023-09-13 06:49:19,678 [d28f76a2-0ae6-4755-86d6-e75b9d48a44d-impl-thread2] INFO  impl.PendingRequests (PendingRequests.java:sendNotLeaderResponses(289)) - d28f76a2-0ae6-4755-86d6-e75b9d48a44d@group-57A2A16130EB-PendingRequests: sendNotLeaderResponses
2023-09-13 06:49:19,678 [d28f76a2-0ae6-4755-86d6-e75b9d48a44d-impl-thread2] INFO  impl.StateMachineUpdater (StateMachineUpdater.java:stopAndJoin(155)) - d28f76a2-0ae6-4755-86d6-e75b9d48a44d@group-57A2A16130EB-StateMachineUpdater: set stopIndex = 0
2023-09-13 06:49:19,678 [d28f76a2-0ae6-4755-86d6-e75b9d48a44d@group-57A2A16130EB-StateMachineUpdater] INFO  ratis.ContainerStateMachine (ContainerStateMachine.java:takeSnapshot(330)) - group-57A2A16130EB: Taking a snapshot at:(t:1, i:0) file /home/runner/work/ozone/ozone/hadoop-ozone/integration-test/target/test-dir/MiniOzoneClusterImpl-e4211fca-df1e-4788-9bfe-f086778bfd1d/datanode-2/data/ratis/7d088da1-6181-4b24-88d9-57a2a16130eb/sm/snapshot.1_0
2023-09-13 06:49:19,681 [JUnit] INFO  server.GrpcService (GrpcService.java:closeImpl(311)) - d28f76a2-0ae6-4755-86d6-e75b9d48a44d: shutdown server org.apache.ratis.grpc.server.GrpcClientProtocolService now
2023-09-13 06:49:19,662 [grpc-default-executor-0] INFO  server.GrpcServerProtocolService (GrpcServerProtocolService.java:onCompleted(155)) - d28f76a2-0ae6-4755-86d6-e75b9d48a44d: Completed APPEND_ENTRIES, lastRequest: null
2023-09-13 06:49:19,685 [grpc-default-executor-0] INFO  server.GrpcServerProtocolService (GrpcServerProtocolService.java:lambda$onCompleted$5(157)) - d28f76a2-0ae6-4755-86d6-e75b9d48a44d: Completed APPEND_ENTRIES, lastReply: serverReply {
  requestorId: "095205e7-1161-4289-a78b-dd2bf4a5be02"
  replyId: "d28f76a2-0ae6-4755-86d6-e75b9d48a44d"
  raftGroupId {
    id: "\367=-1~d@-\210\26260\023Q\220M"
  }
  callId: 4
  success: true
}
term: 1
nextIndex: 1
matchIndex: 18446744073709551615
isHearbeat: true

2023-09-13 06:49:19,662 [grpc-default-executor-3] INFO  server.GrpcServerProtocolService (GrpcServerProtocolService.java:onCompleted(155)) - d28f76a2-0ae6-4755-86d6-e75b9d48a44d: Completed APPEND_ENTRIES, lastRequest: 095205e7-1161-4289-a78b-dd2bf4a5be02->d28f76a2-0ae6-4755-86d6-e75b9d48a44d#17-t1,previous=(t:1, i:6),leaderCommit=6,initializing? true,entries: size=1, first=(t:1, i:7), METADATAENTRY(c:6)
2023-09-13 06:49:19,685 [grpc-default-executor-3] INFO  server.GrpcServerProtocolService (GrpcServerProtocolService.java:lambda$onCompleted$5(157)) - d28f76a2-0ae6-4755-86d6-e75b9d48a44d: Completed APPEND_ENTRIES, lastReply: null
2023-09-13 06:49:19,663 [grpc-default-executor-6] INFO  leader.FollowerInfo (FollowerInfoImpl.java:lambda$new$0(52)) - 095205e7-1161-4289-a78b-dd2bf4a5be02@group-36301351904D->53aa52bb-3302-49c8-8741-f934a8213f44: decreaseNextIndex nextIndex: updateUnconditionally 7 -> 6
2023-09-13 06:49:19,690 [grpc-default-executor-2] WARN  server.GrpcClientProtocolService (LogUtils.java:warn(122)) - 0-OrderedRequestStreamObserver0: onError: org.apache.ratis.thirdparty.io.grpc.StatusRuntimeException: CANCELLED: client cancelled
2023-09-13 06:49:19,695 [grpc-default-executor-4] INFO  server.GrpcLogAppender (GrpcLogAppender.java:onCompleted(428)) - 095205e7-1161-4289-a78b-dd2bf4a5be02@group-36301351904D->d28f76a2-0ae6-4755-86d6-e75b9d48a44d-AppendLogResponseHandler: follower responses appendEntries COMPLETED
2023-09-13 06:49:19,690 [grpc-default-executor-1] WARN  server.GrpcClientProtocolService (LogUtils.java:warn(122)) - 1-OrderedRequestStreamObserver1: onError: org.apache.ratis.thirdparty.io.grpc.StatusRuntimeException: CANCELLED: client cancelled
2023-09-13 06:49:19,696 [grpc-default-executor-4] WARN  server.GrpcLogAppender (GrpcLogAppender.java:resetClient(137)) - 095205e7-1161-4289-a78b-dd2bf4a5be02@group-36301351904D->d28f76a2-0ae6-4755-86d6-e75b9d48a44d-GrpcLogAppender: Failed to getClient for d28f76a2-0ae6-4755-86d6-e75b9d48a44d
org.apache.ratis.protocol.exceptions.AlreadyClosedException: 095205e7-1161-4289-a78b-dd2bf4a5be02 is already CLOSED
	at org.apache.ratis.util.PeerProxyMap$PeerAndProxy.getProxy(PeerProxyMap.java:61)
	at org.apache.ratis.util.PeerProxyMap.getProxy(PeerProxyMap.java:115)
	at org.apache.ratis.grpc.server.GrpcLogAppender.getClient(GrpcLogAppender.java:112)
	at org.apache.ratis.grpc.server.GrpcLogAppender.resetClient(GrpcLogAppender.java:117)
	at org.apache.ratis.grpc.server.GrpcLogAppender.access$500(GrpcLogAppender.java:56)
	at org.apache.ratis.grpc.server.GrpcLogAppender$AppendLogResponseHandler.onCompleted(GrpcLogAppender.java:429)
	at org.apache.ratis.thirdparty.io.grpc.stub.ClientCalls$StreamObserverToCallListenerAdapter.onClose(ClientCalls.java:485)
	at org.apache.ratis.thirdparty.io.grpc.internal.ClientCallImpl.closeObserver(ClientCallImpl.java:563)
	at org.apache.ratis.thirdparty.io.grpc.internal.ClientCallImpl.access$300(ClientCallImpl.java:70)
	at org.apache.ratis.thirdparty.io.grpc.internal.ClientCallImpl$ClientStreamListenerImpl$1StreamClosed.runInternal(ClientCallImpl.java:744)
	at org.apache.ratis.thirdparty.io.grpc.internal.ClientCallImpl$ClientStreamListenerImpl$1StreamClosed.runInContext(ClientCallImpl.java:723)
	at org.apache.ratis.thirdparty.io.grpc.internal.ContextRunnable.run(ContextRunnable.java:37)
	at org.apache.ratis.thirdparty.io.grpc.internal.SerializingExecutor.run(SerializingExecutor.java:133)
	at java.util.concurrent.ThreadPoolExecutor.runWorker(ThreadPoolExecutor.java:1149)
	at java.util.concurrent.ThreadPoolExecutor$Worker.run(ThreadPoolExecutor.java:624)
	at java.lang.Thread.run(Thread.java:750)
2023-09-13 06:49:19,686 [Thread-482] INFO  server.GrpcServerProtocolClient (GrpcServerProtocolClient.java:close(103)) - d28f76a2-0ae6-4755-86d6-e75b9d48a44d Close channels
2023-09-13 06:49:19,686 [Thread-481] INFO  server.GrpcServerProtocolClient (GrpcServerProtocolClient.java:close(103)) - 53aa52bb-3302-49c8-8741-f934a8213f44 Close channels
2023-09-13 06:49:19,700 [d28f76a2-0ae6-4755-86d6-e75b9d48a44d-impl-thread3] INFO  server.RaftServer$Division (RaftServerImpl.java:lambda$close$4(466)) - d28f76a2-0ae6-4755-86d6-e75b9d48a44d@group-3544293C3AC0: shutdown
2023-09-13 06:49:19,700 [grpc-default-executor-7] INFO  server.GrpcLogAppender (GrpcLogAppender.java:onCompleted(428)) - 095205e7-1161-4289-a78b-dd2bf4a5be02@group-36301351904D->d28f76a2-0ae6-4755-86d6-e75b9d48a44d-AppendLogResponseHandler: follower responses appendEntries COMPLETED
2023-09-13 06:49:19,701 [d28f76a2-0ae6-4755-86d6-e75b9d48a44d@group-36301351904D-FollowerState] INFO  impl.FollowerState (FollowerState.java:run(152)) - d28f76a2-0ae6-4755-86d6-e75b9d48a44d@group-36301351904D-FollowerState was interrupted
2023-09-13 06:49:19,713 [grpc-default-executor-7] WARN  server.GrpcLogAppender (GrpcLogAppender.java:resetClient(137)) - 095205e7-1161-4289-a78b-dd2bf4a5be02@group-36301351904D->d28f76a2-0ae6-4755-86d6-e75b9d48a44d-GrpcLogAppender: Failed to getClient for d28f76a2-0ae6-4755-86d6-e75b9d48a44d
org.apache.ratis.protocol.exceptions.AlreadyClosedException: 095205e7-1161-4289-a78b-dd2bf4a5be02 is already CLOSED
	at org.apache.ratis.util.PeerProxyMap$PeerAndProxy.getProxy(PeerProxyMap.java:61)
	at org.apache.ratis.util.PeerProxyMap.getProxy(PeerProxyMap.java:115)
	at org.apache.ratis.grpc.server.GrpcLogAppender.getClient(GrpcLogAppender.java:112)
	at org.apache.ratis.grpc.server.GrpcLogAppender.resetClient(GrpcLogAppender.java:117)
	at org.apache.ratis.grpc.server.GrpcLogAppender.access$500(GrpcLogAppender.java:56)
	at org.apache.ratis.grpc.server.GrpcLogAppender$AppendLogResponseHandler.onCompleted(GrpcLogAppender.java:429)
	at org.apache.ratis.thirdparty.io.grpc.stub.ClientCalls$StreamObserverToCallListenerAdapter.onClose(ClientCalls.java:485)
	at org.apache.ratis.thirdparty.io.grpc.internal.ClientCallImpl.closeObserver(ClientCallImpl.java:563)
	at org.apache.ratis.thirdparty.io.grpc.internal.ClientCallImpl.access$300(ClientCallImpl.java:70)
	at org.apache.ratis.thirdparty.io.grpc.internal.ClientCallImpl$ClientStreamListenerImpl$1StreamClosed.runInternal(ClientCallImpl.java:744)
	at org.apache.ratis.thirdparty.io.grpc.internal.ClientCallImpl$ClientStreamListenerImpl$1StreamClosed.runInContext(ClientCallImpl.java:723)
	at org.apache.ratis.thirdparty.io.grpc.internal.ContextRunnable.run(ContextRunnable.java:37)
	at org.apache.ratis.thirdparty.io.grpc.internal.SerializingExecutor.run(SerializingExecutor.java:133)
	at java.util.concurrent.ThreadPoolExecutor.runWorker(ThreadPoolExecutor.java:1149)
	at java.util.concurrent.ThreadPoolExecutor$Worker.run(ThreadPoolExecutor.java:624)
	at java.lang.Thread.run(Thread.java:750)
2023-09-13 06:49:19,700 [d28f76a2-0ae6-4755-86d6-e75b9d48a44d-impl-thread1] INFO  impl.StateMachineUpdater (StateMachineUpdater.java:stopAndJoin(155)) - d28f76a2-0ae6-4755-86d6-e75b9d48a44d@group-36301351904D-StateMachineUpdater: set stopIndex = 6
2023-09-13 06:49:19,700 [d28f76a2-0ae6-4755-86d6-e75b9d48a44d-impl-thread3] INFO  util.JmxRegister (JmxRegister.java:unregister(73)) - Successfully un-registered JMX Bean with object name Ratis:service=RaftServer,group=group-3544293C3AC0,id=d28f76a2-0ae6-4755-86d6-e75b9d48a44d
2023-09-13 06:49:19,714 [d28f76a2-0ae6-4755-86d6-e75b9d48a44d-impl-thread3] INFO  impl.RoleInfo (RoleInfo.java:shutdownLeaderState(93)) - d28f76a2-0ae6-4755-86d6-e75b9d48a44d: shutdown d28f76a2-0ae6-4755-86d6-e75b9d48a44d@group-3544293C3AC0-LeaderStateImpl
2023-09-13 06:49:19,714 [d28f76a2-0ae6-4755-86d6-e75b9d48a44d@group-36301351904D-StateMachineUpdater] INFO  ratis.ContainerStateMachine (ContainerStateMachine.java:takeSnapshot(330)) - group-36301351904D: Taking a snapshot at:(t:1, i:6) file /home/runner/work/ozone/ozone/hadoop-ozone/integration-test/target/test-dir/MiniOzoneClusterImpl-e4211fca-df1e-4788-9bfe-f086778bfd1d/datanode-2/data/ratis/f73d2d31-7e64-402d-88b2-36301351904d/sm/snapshot.1_6
2023-09-13 06:49:19,714 [d28f76a2-0ae6-4755-86d6-e75b9d48a44d-impl-thread3] INFO  impl.PendingRequests (PendingRequests.java:sendNotLeaderResponses(289)) - d28f76a2-0ae6-4755-86d6-e75b9d48a44d@group-3544293C3AC0-PendingRequests: sendNotLeaderResponses
2023-09-13 06:49:19,714 [d28f76a2-0ae6-4755-86d6-e75b9d48a44d@group-3544293C3AC0->095205e7-1161-4289-a78b-dd2bf4a5be02-GrpcLogAppender-LogAppenderDaemon] WARN  server.GrpcLogAppender (GrpcLogAppender.java:mayWait(199)) - d28f76a2-0ae6-4755-86d6-e75b9d48a44d@group-3544293C3AC0->095205e7-1161-4289-a78b-dd2bf4a5be02-GrpcLogAppender: Wait interrupted by java.lang.InterruptedException
2023-09-13 06:49:19,714 [d28f76a2-0ae6-4755-86d6-e75b9d48a44d@group-3544293C3AC0->53aa52bb-3302-49c8-8741-f934a8213f44-GrpcLogAppender-LogAppenderDaemon] WARN  server.GrpcLogAppender (GrpcLogAppender.java:mayWait(199)) - d28f76a2-0ae6-4755-86d6-e75b9d48a44d@group-3544293C3AC0->53aa52bb-3302-49c8-8741-f934a8213f44-GrpcLogAppender: Wait interrupted by java.lang.InterruptedException
2023-09-13 06:49:19,719 [095205e7-1161-4289-a78b-dd2bf4a5be02-impl-thread1] INFO  impl.StateMachineUpdater (StateMachineUpdater.java:stopAndJoin(155)) - 095205e7-1161-4289-a78b-dd2bf4a5be02@group-36301351904D-StateMachineUpdater: set stopIndex = 7
2023-09-13 06:49:19,719 [095205e7-1161-4289-a78b-dd2bf4a5be02@group-36301351904D-StateMachineUpdater] INFO  ratis.ContainerStateMachine (ContainerStateMachine.java:takeSnapshot(330)) - group-36301351904D: Taking a snapshot at:(t:1, i:7) file /home/runner/work/ozone/ozone/hadoop-ozone/integration-test/target/test-dir/MiniOzoneClusterImpl-e4211fca-df1e-4788-9bfe-f086778bfd1d/datanode-1/data/ratis/f73d2d31-7e64-402d-88b2-36301351904d/sm/snapshot.1_7
2023-09-13 06:49:19,721 [grpc-default-executor-7] INFO  server.GrpcServerProtocolService (GrpcServerProtocolService.java:onCompleted(155)) - 53aa52bb-3302-49c8-8741-f934a8213f44: Completed APPEND_ENTRIES, lastRequest: null
2023-09-13 06:49:19,721 [grpc-default-executor-7] INFO  server.GrpcServerProtocolService (GrpcServerProtocolService.java:lambda$onCompleted$5(157)) - 53aa52bb-3302-49c8-8741-f934a8213f44: Completed APPEND_ENTRIES, lastReply: serverReply {
  requestorId: "d28f76a2-0ae6-4755-86d6-e75b9d48a44d"
  replyId: "53aa52bb-3302-49c8-8741-f934a8213f44"
  raftGroupId {
    id: "\343I\346\324@\371N\231\231k5D)<:\300"
  }
  callId: 5
  success: true
}
term: 1
nextIndex: 1
matchIndex: 18446744073709551615
isHearbeat: true

2023-09-13 06:49:19,725 [Thread-486] INFO  server.GrpcServerProtocolClient (GrpcServerProtocolClient.java:close(103)) - 53aa52bb-3302-49c8-8741-f934a8213f44 Close channels
2023-09-13 06:49:19,725 [Thread-488] INFO  server.GrpcServerProtocolClient (GrpcServerProtocolClient.java:close(103)) - 095205e7-1161-4289-a78b-dd2bf4a5be02 Close channels
2023-09-13 06:49:19,726 [ForkJoinPool.commonPool-worker-1] INFO  ozoneimpl.OzoneContainer (OzoneContainer.java:stop(451)) - Attempting to stop container services.
2023-09-13 06:49:19,728 [ForkJoinPool.commonPool-worker-1] INFO  server.RaftServer (RaftServerProxy.java:lambda$close$6(416)) - a70ca69d-e87c-45fc-bc42-2c6096aaeb0f: close
2023-09-13 06:49:19,728 [ForkJoinPool.commonPool-worker-1] INFO  server.GrpcService (GrpcService.java:closeImpl(311)) - a70ca69d-e87c-45fc-bc42-2c6096aaeb0f: shutdown server org.apache.ratis.grpc.server.GrpcClientProtocolService now
2023-09-13 06:49:19,728 [a70ca69d-e87c-45fc-bc42-2c6096aaeb0f-impl-thread1] INFO  server.RaftServer$Division (RaftServerImpl.java:lambda$close$4(466)) - a70ca69d-e87c-45fc-bc42-2c6096aaeb0f@group-C58063A2A852: shutdown
2023-09-13 06:49:19,728 [a70ca69d-e87c-45fc-bc42-2c6096aaeb0f-impl-thread1] INFO  util.JmxRegister (JmxRegister.java:unregister(73)) - Successfully un-registered JMX Bean with object name Ratis:service=RaftServer,group=group-C58063A2A852,id=a70ca69d-e87c-45fc-bc42-2c6096aaeb0f
2023-09-13 06:49:19,728 [a70ca69d-e87c-45fc-bc42-2c6096aaeb0f-impl-thread1] INFO  impl.RoleInfo (RoleInfo.java:shutdownLeaderState(93)) - a70ca69d-e87c-45fc-bc42-2c6096aaeb0f: shutdown a70ca69d-e87c-45fc-bc42-2c6096aaeb0f@group-C58063A2A852-LeaderStateImpl
2023-09-13 06:49:19,728 [a70ca69d-e87c-45fc-bc42-2c6096aaeb0f-impl-thread1] INFO  impl.PendingRequests (PendingRequests.java:sendNotLeaderResponses(289)) - a70ca69d-e87c-45fc-bc42-2c6096aaeb0f@group-C58063A2A852-PendingRequests: sendNotLeaderResponses
2023-09-13 06:49:19,730 [ForkJoinPool.commonPool-worker-1] INFO  server.GrpcService (GrpcService.java:closeImpl(320)) - a70ca69d-e87c-45fc-bc42-2c6096aaeb0f: shutdown server org.apache.ratis.grpc.server.GrpcClientProtocolService successfully
2023-09-13 06:49:19,730 [ForkJoinPool.commonPool-worker-1] INFO  server.GrpcService (GrpcService.java:closeImpl(311)) - a70ca69d-e87c-45fc-bc42-2c6096aaeb0f: shutdown server GrpcServerProtocolService now
2023-09-13 06:49:19,750 [d28f76a2-0ae6-4755-86d6-e75b9d48a44d@group-57A2A16130EB-StateMachineUpdater] INFO  ratis.ContainerStateMachine (ContainerStateMachine.java:takeSnapshot(341)) - group-57A2A16130EB: Finished taking a snapshot at:(t:1, i:0) file:/home/runner/work/ozone/ozone/hadoop-ozone/integration-test/target/test-dir/MiniOzoneClusterImpl-e4211fca-df1e-4788-9bfe-f086778bfd1d/datanode-2/data/ratis/7d088da1-6181-4b24-88d9-57a2a16130eb/sm/snapshot.1_0 took: 71 ms
2023-09-13 06:49:19,750 [a70ca69d-e87c-45fc-bc42-2c6096aaeb0f@group-C58063A2A852-StateMachineUpdater] INFO  ratis.ContainerStateMachine (ContainerStateMachine.java:takeSnapshot(330)) - group-C58063A2A852: Taking a snapshot at:(t:1, i:0) file /home/runner/work/ozone/ozone/hadoop-ozone/integration-test/target/test-dir/MiniOzoneClusterImpl-e4211fca-df1e-4788-9bfe-f086778bfd1d/datanode-4/data/ratis/921876a5-c96d-4e4d-bee3-c58063a2a852/sm/snapshot.1_0
2023-09-13 06:49:19,750 [a70ca69d-e87c-45fc-bc42-2c6096aaeb0f-impl-thread1] INFO  impl.StateMachineUpdater (StateMachineUpdater.java:stopAndJoin(155)) - a70ca69d-e87c-45fc-bc42-2c6096aaeb0f@group-C58063A2A852-StateMachineUpdater: set stopIndex = 0
2023-09-13 06:49:19,750 [095205e7-1161-4289-a78b-dd2bf4a5be02@group-B9693D60CA7E-StateMachineUpdater] INFO  ratis.ContainerStateMachine (ContainerStateMachine.java:takeSnapshot(341)) - group-B9693D60CA7E: Finished taking a snapshot at:(t:1, i:0) file:/home/runner/work/ozone/ozone/hadoop-ozone/integration-test/target/test-dir/MiniOzoneClusterImpl-e4211fca-df1e-4788-9bfe-f086778bfd1d/datanode-1/data/ratis/d936ad6c-9596-42e9-ac1e-b9693d60ca7e/sm/snapshot.1_0 took: 85 ms
2023-09-13 06:49:19,751 [a70ca69d-e87c-45fc-bc42-2c6096aaeb0f@group-C58063A2A852-StateMachineUpdater] INFO  ratis.ContainerStateMachine (ContainerStateMachine.java:takeSnapshot(341)) - group-C58063A2A852: Finished taking a snapshot at:(t:1, i:0) file:/home/runner/work/ozone/ozone/hadoop-ozone/integration-test/target/test-dir/MiniOzoneClusterImpl-e4211fca-df1e-4788-9bfe-f086778bfd1d/datanode-4/data/ratis/921876a5-c96d-4e4d-bee3-c58063a2a852/sm/snapshot.1_0 took: 1 ms
2023-09-13 06:49:19,752 [a70ca69d-e87c-45fc-bc42-2c6096aaeb0f@group-C58063A2A852-StateMachineUpdater] INFO  impl.StateMachineUpdater (StateMachineUpdater.java:takeSnapshot(291)) - a70ca69d-e87c-45fc-bc42-2c6096aaeb0f@group-C58063A2A852-StateMachineUpdater: Took a snapshot at index 0
2023-09-13 06:49:19,752 [a70ca69d-e87c-45fc-bc42-2c6096aaeb0f@group-C58063A2A852-StateMachineUpdater] INFO  impl.StateMachineUpdater (StateMachineUpdater.java:lambda$new$0(97)) - a70ca69d-e87c-45fc-bc42-2c6096aaeb0f@group-C58063A2A852-StateMachineUpdater: snapshotIndex: updateIncreasingly -1 -> 0
2023-09-13 06:49:19,752 [095205e7-1161-4289-a78b-dd2bf4a5be02@group-B9693D60CA7E-StateMachineUpdater] INFO  impl.StateMachineUpdater (StateMachineUpdater.java:takeSnapshot(291)) - 095205e7-1161-4289-a78b-dd2bf4a5be02@group-B9693D60CA7E-StateMachineUpdater: Took a snapshot at index 0
2023-09-13 06:49:19,752 [095205e7-1161-4289-a78b-dd2bf4a5be02@group-B9693D60CA7E-StateMachineUpdater] INFO  impl.StateMachineUpdater (StateMachineUpdater.java:lambda$new$0(97)) - 095205e7-1161-4289-a78b-dd2bf4a5be02@group-B9693D60CA7E-StateMachineUpdater: snapshotIndex: updateIncreasingly -1 -> 0
2023-09-13 06:49:19,752 [d28f76a2-0ae6-4755-86d6-e75b9d48a44d@group-57A2A16130EB-StateMachineUpdater] INFO  impl.StateMachineUpdater (StateMachineUpdater.java:takeSnapshot(291)) - d28f76a2-0ae6-4755-86d6-e75b9d48a44d@group-57A2A16130EB-StateMachineUpdater: Took a snapshot at index 0
2023-09-13 06:49:19,752 [d28f76a2-0ae6-4755-86d6-e75b9d48a44d@group-57A2A16130EB-StateMachineUpdater] INFO  impl.StateMachineUpdater (StateMachineUpdater.java:lambda$new$0(97)) - d28f76a2-0ae6-4755-86d6-e75b9d48a44d@group-57A2A16130EB-StateMachineUpdater: snapshotIndex: updateIncreasingly -1 -> 0
2023-09-13 06:49:19,754 [a70ca69d-e87c-45fc-bc42-2c6096aaeb0f-impl-thread1] INFO  server.RaftServer$Division (ServerState.java:close(472)) - a70ca69d-e87c-45fc-bc42-2c6096aaeb0f@group-C58063A2A852: closes. applyIndex: 0
2023-09-13 06:49:19,754 [095205e7-1161-4289-a78b-dd2bf4a5be02-impl-thread2] INFO  server.RaftServer$Division (ServerState.java:close(472)) - 095205e7-1161-4289-a78b-dd2bf4a5be02@group-B9693D60CA7E: closes. applyIndex: 0
2023-09-13 06:49:19,754 [d28f76a2-0ae6-4755-86d6-e75b9d48a44d-impl-thread2] INFO  server.RaftServer$Division (ServerState.java:close(472)) - d28f76a2-0ae6-4755-86d6-e75b9d48a44d@group-57A2A16130EB: closes. applyIndex: 0
2023-09-13 06:49:19,755 [ForkJoinPool.commonPool-worker-1] INFO  server.GrpcService (GrpcService.java:closeImpl(320)) - a70ca69d-e87c-45fc-bc42-2c6096aaeb0f: shutdown server GrpcServerProtocolService successfully
2023-09-13 06:49:19,755 [ForkJoinPool.commonPool-worker-1] INFO  server.GrpcService (GrpcService.java:closeImpl(311)) - a70ca69d-e87c-45fc-bc42-2c6096aaeb0f: shutdown server org.apache.ratis.grpc.server.GrpcAdminProtocolService now
2023-09-13 06:49:19,758 [095205e7-1161-4289-a78b-dd2bf4a5be02@group-36301351904D-StateMachineUpdater] INFO  ratis.ContainerStateMachine (ContainerStateMachine.java:takeSnapshot(341)) - group-36301351904D: Finished taking a snapshot at:(t:1, i:7) file:/home/runner/work/ozone/ozone/hadoop-ozone/integration-test/target/test-dir/MiniOzoneClusterImpl-e4211fca-df1e-4788-9bfe-f086778bfd1d/datanode-1/data/ratis/f73d2d31-7e64-402d-88b2-36301351904d/sm/snapshot.1_7 took: 39 ms
2023-09-13 06:49:19,758 [095205e7-1161-4289-a78b-dd2bf4a5be02@group-36301351904D-StateMachineUpdater] INFO  impl.StateMachineUpdater (StateMachineUpdater.java:takeSnapshot(291)) - 095205e7-1161-4289-a78b-dd2bf4a5be02@group-36301351904D-StateMachineUpdater: Took a snapshot at index 7
2023-09-13 06:49:19,758 [095205e7-1161-4289-a78b-dd2bf4a5be02@group-36301351904D-StateMachineUpdater] INFO  impl.StateMachineUpdater (StateMachineUpdater.java:lambda$new$0(97)) - 095205e7-1161-4289-a78b-dd2bf4a5be02@group-36301351904D-StateMachineUpdater: snapshotIndex: updateIncreasingly -1 -> 7
2023-09-13 06:49:19,759 [095205e7-1161-4289-a78b-dd2bf4a5be02-impl-thread1] INFO  server.RaftServer$Division (ServerState.java:close(472)) - 095205e7-1161-4289-a78b-dd2bf4a5be02@group-36301351904D: closes. applyIndex: 7
2023-09-13 06:49:19,757 [d28f76a2-0ae6-4755-86d6-e75b9d48a44d@group-36301351904D-StateMachineUpdater] INFO  ratis.ContainerStateMachine (ContainerStateMachine.java:takeSnapshot(341)) - group-36301351904D: Finished taking a snapshot at:(t:1, i:6) file:/home/runner/work/ozone/ozone/hadoop-ozone/integration-test/target/test-dir/MiniOzoneClusterImpl-e4211fca-df1e-4788-9bfe-f086778bfd1d/datanode-2/data/ratis/f73d2d31-7e64-402d-88b2-36301351904d/sm/snapshot.1_6 took: 43 ms
2023-09-13 06:49:19,759 [d28f76a2-0ae6-4755-86d6-e75b9d48a44d@group-36301351904D-StateMachineUpdater] INFO  impl.StateMachineUpdater (StateMachineUpdater.java:takeSnapshot(291)) - d28f76a2-0ae6-4755-86d6-e75b9d48a44d@group-36301351904D-StateMachineUpdater: Took a snapshot at index 6
2023-09-13 06:49:19,760 [d28f76a2-0ae6-4755-86d6-e75b9d48a44d@group-36301351904D-StateMachineUpdater] INFO  impl.StateMachineUpdater (StateMachineUpdater.java:lambda$new$0(97)) - d28f76a2-0ae6-4755-86d6-e75b9d48a44d@group-36301351904D-StateMachineUpdater: snapshotIndex: updateIncreasingly -1 -> 6
2023-09-13 06:49:19,760 [d28f76a2-0ae6-4755-86d6-e75b9d48a44d-impl-thread1] INFO  server.RaftServer$Division (ServerState.java:close(472)) - d28f76a2-0ae6-4755-86d6-e75b9d48a44d@group-36301351904D: closes. applyIndex: 6
2023-09-13 06:49:19,757 [d28f76a2-0ae6-4755-86d6-e75b9d48a44d@group-3544293C3AC0-StateMachineUpdater] INFO  ratis.ContainerStateMachine (ContainerStateMachine.java:takeSnapshot(330)) - group-3544293C3AC0: Taking a snapshot at:(t:1, i:4) file /home/runner/work/ozone/ozone/hadoop-ozone/integration-test/target/test-dir/MiniOzoneClusterImpl-e4211fca-df1e-4788-9bfe-f086778bfd1d/datanode-2/data/ratis/e349e6d4-40f9-4e99-996b-3544293c3ac0/sm/snapshot.1_4
2023-09-13 06:49:19,757 [d28f76a2-0ae6-4755-86d6-e75b9d48a44d-impl-thread3] INFO  impl.StateMachineUpdater (StateMachineUpdater.java:stopAndJoin(155)) - d28f76a2-0ae6-4755-86d6-e75b9d48a44d@group-3544293C3AC0-StateMachineUpdater: set stopIndex = 4
2023-09-13 06:49:19,756 [095205e7-1161-4289-a78b-dd2bf4a5be02@group-3544293C3AC0-StateMachineUpdater] INFO  ratis.ContainerStateMachine (ContainerStateMachine.java:takeSnapshot(341)) - group-3544293C3AC0: Finished taking a snapshot at:(t:1, i:2) file:/home/runner/work/ozone/ozone/hadoop-ozone/integration-test/target/test-dir/MiniOzoneClusterImpl-e4211fca-df1e-4788-9bfe-f086778bfd1d/datanode-1/data/ratis/e349e6d4-40f9-4e99-996b-3544293c3ac0/sm/snapshot.1_2 took: 87 ms
2023-09-13 06:49:19,761 [095205e7-1161-4289-a78b-dd2bf4a5be02@group-3544293C3AC0-StateMachineUpdater] INFO  impl.StateMachineUpdater (StateMachineUpdater.java:takeSnapshot(291)) - 095205e7-1161-4289-a78b-dd2bf4a5be02@group-3544293C3AC0-StateMachineUpdater: Took a snapshot at index 2
2023-09-13 06:49:19,761 [095205e7-1161-4289-a78b-dd2bf4a5be02@group-3544293C3AC0-StateMachineUpdater] INFO  impl.StateMachineUpdater (StateMachineUpdater.java:lambda$new$0(97)) - 095205e7-1161-4289-a78b-dd2bf4a5be02@group-3544293C3AC0-StateMachineUpdater: snapshotIndex: updateIncreasingly -1 -> 2
2023-09-13 06:49:19,761 [d28f76a2-0ae6-4755-86d6-e75b9d48a44d@group-3544293C3AC0-StateMachineUpdater] INFO  ratis.ContainerStateMachine (ContainerStateMachine.java:takeSnapshot(341)) - group-3544293C3AC0: Finished taking a snapshot at:(t:1, i:4) file:/home/runner/work/ozone/ozone/hadoop-ozone/integration-test/target/test-dir/MiniOzoneClusterImpl-e4211fca-df1e-4788-9bfe-f086778bfd1d/datanode-2/data/ratis/e349e6d4-40f9-4e99-996b-3544293c3ac0/sm/snapshot.1_4 took: 4 ms
2023-09-13 06:49:19,761 [d28f76a2-0ae6-4755-86d6-e75b9d48a44d@group-3544293C3AC0-StateMachineUpdater] INFO  impl.StateMachineUpdater (StateMachineUpdater.java:takeSnapshot(291)) - d28f76a2-0ae6-4755-86d6-e75b9d48a44d@group-3544293C3AC0-StateMachineUpdater: Took a snapshot at index 4
2023-09-13 06:49:19,762 [d28f76a2-0ae6-4755-86d6-e75b9d48a44d@group-3544293C3AC0-StateMachineUpdater] INFO  impl.StateMachineUpdater (StateMachineUpdater.java:lambda$new$0(97)) - d28f76a2-0ae6-4755-86d6-e75b9d48a44d@group-3544293C3AC0-StateMachineUpdater: snapshotIndex: updateIncreasingly -1 -> 4
2023-09-13 06:49:19,762 [d28f76a2-0ae6-4755-86d6-e75b9d48a44d-impl-thread3] INFO  server.RaftServer$Division (ServerState.java:close(472)) - d28f76a2-0ae6-4755-86d6-e75b9d48a44d@group-3544293C3AC0: closes. applyIndex: 4
2023-09-13 06:49:19,763 [095205e7-1161-4289-a78b-dd2bf4a5be02-impl-thread3] INFO  server.RaftServer$Division (ServerState.java:close(472)) - 095205e7-1161-4289-a78b-dd2bf4a5be02@group-3544293C3AC0: closes. applyIndex: 2
2023-09-13 06:49:19,766 [ForkJoinPool.commonPool-worker-2] INFO  ozoneimpl.OzoneContainer (OzoneContainer.java:stop(451)) - Attempting to stop container services.
2023-09-13 06:49:19,767 [ForkJoinPool.commonPool-worker-2] INFO  server.RaftServer (RaftServerProxy.java:lambda$close$6(416)) - 53aa52bb-3302-49c8-8741-f934a8213f44: close
2023-09-13 06:49:19,767 [53aa52bb-3302-49c8-8741-f934a8213f44-impl-thread1] INFO  server.RaftServer$Division (RaftServerImpl.java:lambda$close$4(466)) - 53aa52bb-3302-49c8-8741-f934a8213f44@group-0D5647AB4037: shutdown
2023-09-13 06:49:19,767 [53aa52bb-3302-49c8-8741-f934a8213f44-impl-thread1] INFO  util.JmxRegister (JmxRegister.java:unregister(73)) - Successfully un-registered JMX Bean with object name Ratis:service=RaftServer,group=group-0D5647AB4037,id=53aa52bb-3302-49c8-8741-f934a8213f44
2023-09-13 06:49:19,767 [53aa52bb-3302-49c8-8741-f934a8213f44-impl-thread1] INFO  impl.RoleInfo (RoleInfo.java:shutdownLeaderState(93)) - 53aa52bb-3302-49c8-8741-f934a8213f44: shutdown 53aa52bb-3302-49c8-8741-f934a8213f44@group-0D5647AB4037-LeaderStateImpl
2023-09-13 06:49:19,767 [53aa52bb-3302-49c8-8741-f934a8213f44-impl-thread1] INFO  impl.PendingRequests (PendingRequests.java:sendNotLeaderResponses(289)) - 53aa52bb-3302-49c8-8741-f934a8213f44@group-0D5647AB4037-PendingRequests: sendNotLeaderResponses
2023-09-13 06:49:19,767 [53aa52bb-3302-49c8-8741-f934a8213f44-impl-thread1] INFO  impl.StateMachineUpdater (StateMachineUpdater.java:stopAndJoin(155)) - 53aa52bb-3302-49c8-8741-f934a8213f44@group-0D5647AB4037-StateMachineUpdater: set stopIndex = 0
2023-09-13 06:49:19,768 [53aa52bb-3302-49c8-8741-f934a8213f44@group-0D5647AB4037-StateMachineUpdater] INFO  ratis.ContainerStateMachine (ContainerStateMachine.java:takeSnapshot(330)) - group-0D5647AB4037: Taking a snapshot at:(t:1, i:0) file /home/runner/work/ozone/ozone/hadoop-ozone/integration-test/target/test-dir/MiniOzoneClusterImpl-e4211fca-df1e-4788-9bfe-f086778bfd1d/datanode-0/data/ratis/9ae4a2a3-7eea-4053-a21d-0d5647ab4037/sm/snapshot.1_0
2023-09-13 06:49:19,768 [53aa52bb-3302-49c8-8741-f934a8213f44@group-0D5647AB4037-StateMachineUpdater] INFO  ratis.ContainerStateMachine (ContainerStateMachine.java:takeSnapshot(341)) - group-0D5647AB4037: Finished taking a snapshot at:(t:1, i:0) file:/home/runner/work/ozone/ozone/hadoop-ozone/integration-test/target/test-dir/MiniOzoneClusterImpl-e4211fca-df1e-4788-9bfe-f086778bfd1d/datanode-0/data/ratis/9ae4a2a3-7eea-4053-a21d-0d5647ab4037/sm/snapshot.1_0 took: 1 ms
2023-09-13 06:49:19,769 [53aa52bb-3302-49c8-8741-f934a8213f44@group-0D5647AB4037-StateMachineUpdater] INFO  impl.StateMachineUpdater (StateMachineUpdater.java:takeSnapshot(291)) - 53aa52bb-3302-49c8-8741-f934a8213f44@group-0D5647AB4037-StateMachineUpdater: Took a snapshot at index 0
2023-09-13 06:49:19,769 [53aa52bb-3302-49c8-8741-f934a8213f44@group-0D5647AB4037-StateMachineUpdater] INFO  impl.StateMachineUpdater (StateMachineUpdater.java:lambda$new$0(97)) - 53aa52bb-3302-49c8-8741-f934a8213f44@group-0D5647AB4037-StateMachineUpdater: snapshotIndex: updateIncreasingly -1 -> 0
2023-09-13 06:49:19,770 [53aa52bb-3302-49c8-8741-f934a8213f44-impl-thread1] INFO  server.RaftServer$Division (ServerState.java:close(472)) - 53aa52bb-3302-49c8-8741-f934a8213f44@group-0D5647AB4037: closes. applyIndex: 0
2023-09-13 06:49:19,773 [53aa52bb-3302-49c8-8741-f934a8213f44-impl-thread2] INFO  server.RaftServer$Division (RaftServerImpl.java:lambda$close$4(466)) - 53aa52bb-3302-49c8-8741-f934a8213f44@group-36301351904D: shutdown
2023-09-13 06:49:19,775 [53aa52bb-3302-49c8-8741-f934a8213f44-impl-thread2] INFO  util.JmxRegister (JmxRegister.java:unregister(73)) - Successfully un-registered JMX Bean with object name Ratis:service=RaftServer,group=group-36301351904D,id=53aa52bb-3302-49c8-8741-f934a8213f44
2023-09-13 06:49:19,775 [53aa52bb-3302-49c8-8741-f934a8213f44-impl-thread2] INFO  impl.RoleInfo (RoleInfo.java:shutdownFollowerState(110)) - 53aa52bb-3302-49c8-8741-f934a8213f44: shutdown 53aa52bb-3302-49c8-8741-f934a8213f44@group-36301351904D-FollowerState
2023-09-13 06:49:19,776 [grpc-default-executor-2] INFO  server.GrpcLogAppender (GrpcLogAppender.java:onCompleted(428)) - d28f76a2-0ae6-4755-86d6-e75b9d48a44d@group-3544293C3AC0->53aa52bb-3302-49c8-8741-f934a8213f44-AppendLogResponseHandler: follower responses appendEntries COMPLETED
2023-09-13 06:49:19,776 [grpc-default-executor-2] WARN  server.GrpcLogAppender (GrpcLogAppender.java:resetClient(137)) - d28f76a2-0ae6-4755-86d6-e75b9d48a44d@group-3544293C3AC0->53aa52bb-3302-49c8-8741-f934a8213f44-GrpcLogAppender: Failed to getClient for 53aa52bb-3302-49c8-8741-f934a8213f44
org.apache.ratis.protocol.exceptions.AlreadyClosedException: d28f76a2-0ae6-4755-86d6-e75b9d48a44d is already CLOSED
	at org.apache.ratis.util.PeerProxyMap$PeerAndProxy.getProxy(PeerProxyMap.java:61)
	at org.apache.ratis.util.PeerProxyMap.getProxy(PeerProxyMap.java:115)
	at org.apache.ratis.grpc.server.GrpcLogAppender.getClient(GrpcLogAppender.java:112)
	at org.apache.ratis.grpc.server.GrpcLogAppender.resetClient(GrpcLogAppender.java:117)
	at org.apache.ratis.grpc.server.GrpcLogAppender.access$500(GrpcLogAppender.java:56)
	at org.apache.ratis.grpc.server.GrpcLogAppender$AppendLogResponseHandler.onCompleted(GrpcLogAppender.java:429)
	at org.apache.ratis.thirdparty.io.grpc.stub.ClientCalls$StreamObserverToCallListenerAdapter.onClose(ClientCalls.java:485)
	at org.apache.ratis.thirdparty.io.grpc.internal.ClientCallImpl.closeObserver(ClientCallImpl.java:563)
	at org.apache.ratis.thirdparty.io.grpc.internal.ClientCallImpl.access$300(ClientCallImpl.java:70)
	at org.apache.ratis.thirdparty.io.grpc.internal.ClientCallImpl$ClientStreamListenerImpl$1StreamClosed.runInternal(ClientCallImpl.java:744)
	at org.apache.ratis.thirdparty.io.grpc.internal.ClientCallImpl$ClientStreamListenerImpl$1StreamClosed.runInContext(ClientCallImpl.java:723)
	at org.apache.ratis.thirdparty.io.grpc.internal.ContextRunnable.run(ContextRunnable.java:37)
	at org.apache.ratis.thirdparty.io.grpc.internal.SerializingExecutor.run(SerializingExecutor.java:133)
	at java.util.concurrent.ThreadPoolExecutor.runWorker(ThreadPoolExecutor.java:1149)
	at java.util.concurrent.ThreadPoolExecutor$Worker.run(ThreadPoolExecutor.java:624)
	at java.lang.Thread.run(Thread.java:750)
2023-09-13 06:49:19,776 [grpc-default-executor-6] INFO  server.GrpcServerProtocolService (GrpcServerProtocolService.java:onCompleted(155)) - 095205e7-1161-4289-a78b-dd2bf4a5be02: Completed APPEND_ENTRIES, lastRequest: d28f76a2-0ae6-4755-86d6-e75b9d48a44d->095205e7-1161-4289-a78b-dd2bf4a5be02#9-t1,previous=(t:1, i:3),leaderCommit=2,initializing? true,entries: size=1, first=(t:1, i:4), METADATAENTRY(c:2)
2023-09-13 06:49:19,776 [grpc-default-executor-6] INFO  server.GrpcServerProtocolService (GrpcServerProtocolService.java:lambda$onCompleted$5(157)) - 095205e7-1161-4289-a78b-dd2bf4a5be02: Completed APPEND_ENTRIES, lastReply: null
2023-09-13 06:49:19,777 [grpc-default-executor-1] INFO  server.GrpcServerProtocolService (GrpcServerProtocolService.java:onCompleted(155)) - 53aa52bb-3302-49c8-8741-f934a8213f44: Completed APPEND_ENTRIES, lastRequest: d28f76a2-0ae6-4755-86d6-e75b9d48a44d->53aa52bb-3302-49c8-8741-f934a8213f44#9-t1,previous=(t:1, i:3),leaderCommit=2,initializing? true,entries: size=1, first=(t:1, i:4), METADATAENTRY(c:2)
2023-09-13 06:49:19,777 [grpc-default-executor-1] INFO  server.GrpcServerProtocolService (GrpcServerProtocolService.java:lambda$onCompleted$5(157)) - 53aa52bb-3302-49c8-8741-f934a8213f44: Completed APPEND_ENTRIES, lastReply: null
2023-09-13 06:49:19,777 [grpc-default-executor-8] INFO  server.GrpcServerProtocolService (GrpcServerProtocolService.java:onCompleted(155)) - 095205e7-1161-4289-a78b-dd2bf4a5be02: Completed APPEND_ENTRIES, lastRequest: null
2023-09-13 06:49:19,777 [grpc-default-executor-8] INFO  server.GrpcServerProtocolService (GrpcServerProtocolService.java:lambda$onCompleted$5(157)) - 095205e7-1161-4289-a78b-dd2bf4a5be02: Completed APPEND_ENTRIES, lastReply: serverReply {
  requestorId: "d28f76a2-0ae6-4755-86d6-e75b9d48a44d"
  replyId: "095205e7-1161-4289-a78b-dd2bf4a5be02"
  raftGroupId {
    id: "\343I\346\324@\371N\231\231k5D)<:\300"
  }
  callId: 5
  success: true
}
term: 1
nextIndex: 1
matchIndex: 18446744073709551615
isHearbeat: true

2023-09-13 06:49:19,773 [grpc-default-executor-4] WARN  server.GrpcClientProtocolService (LogUtils.java:warn(122)) - 0-OrderedRequestStreamObserver0: onError: org.apache.ratis.thirdparty.io.grpc.StatusRuntimeException: CANCELLED: client cancelled
2023-09-13 06:49:19,773 [ForkJoinPool.commonPool-worker-2] INFO  server.GrpcService (GrpcService.java:closeImpl(311)) - 53aa52bb-3302-49c8-8741-f934a8213f44: shutdown server org.apache.ratis.grpc.server.GrpcClientProtocolService now
2023-09-13 06:49:19,778 [53aa52bb-3302-49c8-8741-f934a8213f44-impl-thread3] INFO  server.RaftServer$Division (RaftServerImpl.java:lambda$close$4(466)) - 53aa52bb-3302-49c8-8741-f934a8213f44@group-3544293C3AC0: shutdown
2023-09-13 06:49:19,778 [53aa52bb-3302-49c8-8741-f934a8213f44-impl-thread3] INFO  util.JmxRegister (JmxRegister.java:unregister(73)) - Successfully un-registered JMX Bean with object name Ratis:service=RaftServer,group=group-3544293C3AC0,id=53aa52bb-3302-49c8-8741-f934a8213f44
2023-09-13 06:49:19,778 [53aa52bb-3302-49c8-8741-f934a8213f44-impl-thread3] INFO  impl.RoleInfo (RoleInfo.java:shutdownFollowerState(110)) - 53aa52bb-3302-49c8-8741-f934a8213f44: shutdown 53aa52bb-3302-49c8-8741-f934a8213f44@group-3544293C3AC0-FollowerState
2023-09-13 06:49:19,779 [53aa52bb-3302-49c8-8741-f934a8213f44@group-36301351904D-FollowerState] INFO  impl.FollowerState (FollowerState.java:run(152)) - 53aa52bb-3302-49c8-8741-f934a8213f44@group-36301351904D-FollowerState was interrupted
2023-09-13 06:49:19,780 [ForkJoinPool.commonPool-worker-1] INFO  server.GrpcService (GrpcService.java:closeImpl(320)) - a70ca69d-e87c-45fc-bc42-2c6096aaeb0f: shutdown server org.apache.ratis.grpc.server.GrpcAdminProtocolService successfully
2023-09-13 06:49:19,780 [a70ca69d-e87c-45fc-bc42-2c6096aaeb0f-NettyServerStreamRpc-bossGroup--thread1] INFO  logging.LoggingHandler (AbstractInternalLogger.java:log(148)) - [id: 0xba674df4, L:/0:0:0:0:0:0:0:0:15051] CLOSE
2023-09-13 06:49:19,783 [53aa52bb-3302-49c8-8741-f934a8213f44@group-3544293C3AC0-StateMachineUpdater] INFO  ratis.ContainerStateMachine (ContainerStateMachine.java:takeSnapshot(330)) - group-3544293C3AC0: Taking a snapshot at:(t:1, i:2) file /home/runner/work/ozone/ozone/hadoop-ozone/integration-test/target/test-dir/MiniOzoneClusterImpl-e4211fca-df1e-4788-9bfe-f086778bfd1d/datanode-0/data/ratis/e349e6d4-40f9-4e99-996b-3544293c3ac0/sm/snapshot.1_2
2023-09-13 06:49:19,783 [53aa52bb-3302-49c8-8741-f934a8213f44@group-3544293C3AC0-FollowerState] INFO  impl.FollowerState (FollowerState.java:run(152)) - 53aa52bb-3302-49c8-8741-f934a8213f44@group-3544293C3AC0-FollowerState was interrupted
2023-09-13 06:49:19,782 [53aa52bb-3302-49c8-8741-f934a8213f44-impl-thread2] INFO  impl.StateMachineUpdater (StateMachineUpdater.java:stopAndJoin(155)) - 53aa52bb-3302-49c8-8741-f934a8213f44@group-36301351904D-StateMachineUpdater: set stopIndex = 6
2023-09-13 06:49:19,785 [ForkJoinPool.commonPool-worker-0] INFO  server.GrpcService (GrpcService.java:closeImpl(320)) - 095205e7-1161-4289-a78b-dd2bf4a5be02: shutdown server org.apache.ratis.grpc.server.GrpcClientProtocolService successfully
2023-09-13 06:49:19,785 [ForkJoinPool.commonPool-worker-0] INFO  server.GrpcService (GrpcService.java:closeImpl(311)) - 095205e7-1161-4289-a78b-dd2bf4a5be02: shutdown server GrpcServerProtocolService now
2023-09-13 06:49:19,783 [53aa52bb-3302-49c8-8741-f934a8213f44-impl-thread3] INFO  impl.StateMachineUpdater (StateMachineUpdater.java:stopAndJoin(155)) - 53aa52bb-3302-49c8-8741-f934a8213f44@group-3544293C3AC0-StateMachineUpdater: set stopIndex = 2
2023-09-13 06:49:19,783 [53aa52bb-3302-49c8-8741-f934a8213f44@group-36301351904D-StateMachineUpdater] INFO  ratis.ContainerStateMachine (ContainerStateMachine.java:takeSnapshot(330)) - group-36301351904D: Taking a snapshot at:(t:1, i:6) file /home/runner/work/ozone/ozone/hadoop-ozone/integration-test/target/test-dir/MiniOzoneClusterImpl-e4211fca-df1e-4788-9bfe-f086778bfd1d/datanode-0/data/ratis/f73d2d31-7e64-402d-88b2-36301351904d/sm/snapshot.1_6
2023-09-13 06:49:19,785 [53aa52bb-3302-49c8-8741-f934a8213f44@group-3544293C3AC0-StateMachineUpdater] INFO  ratis.ContainerStateMachine (ContainerStateMachine.java:takeSnapshot(341)) - group-3544293C3AC0: Finished taking a snapshot at:(t:1, i:2) file:/home/runner/work/ozone/ozone/hadoop-ozone/integration-test/target/test-dir/MiniOzoneClusterImpl-e4211fca-df1e-4788-9bfe-f086778bfd1d/datanode-0/data/ratis/e349e6d4-40f9-4e99-996b-3544293c3ac0/sm/snapshot.1_2 took: 2 ms
2023-09-13 06:49:19,785 [53aa52bb-3302-49c8-8741-f934a8213f44@group-3544293C3AC0-StateMachineUpdater] INFO  impl.StateMachineUpdater (StateMachineUpdater.java:takeSnapshot(291)) - 53aa52bb-3302-49c8-8741-f934a8213f44@group-3544293C3AC0-StateMachineUpdater: Took a snapshot at index 2
2023-09-13 06:49:19,785 [53aa52bb-3302-49c8-8741-f934a8213f44@group-3544293C3AC0-StateMachineUpdater] INFO  impl.StateMachineUpdater (StateMachineUpdater.java:lambda$new$0(97)) - 53aa52bb-3302-49c8-8741-f934a8213f44@group-3544293C3AC0-StateMachineUpdater: snapshotIndex: updateIncreasingly -1 -> 2
2023-09-13 06:49:19,786 [095205e7-1161-4289-a78b-dd2bf4a5be02-impl-thread3] INFO  segmented.SegmentedRaftLogWorker (SegmentedRaftLogWorker.java:close(252)) - 095205e7-1161-4289-a78b-dd2bf4a5be02@group-3544293C3AC0-SegmentedRaftLogWorker close()
2023-09-13 06:49:19,787 [53aa52bb-3302-49c8-8741-f934a8213f44@group-36301351904D-StateMachineUpdater] INFO  ratis.ContainerStateMachine (ContainerStateMachine.java:takeSnapshot(341)) - group-36301351904D: Finished taking a snapshot at:(t:1, i:6) file:/home/runner/work/ozone/ozone/hadoop-ozone/integration-test/target/test-dir/MiniOzoneClusterImpl-e4211fca-df1e-4788-9bfe-f086778bfd1d/datanode-0/data/ratis/f73d2d31-7e64-402d-88b2-36301351904d/sm/snapshot.1_6 took: 4 ms
2023-09-13 06:49:19,787 [53aa52bb-3302-49c8-8741-f934a8213f44@group-36301351904D-StateMachineUpdater] INFO  impl.StateMachineUpdater (StateMachineUpdater.java:takeSnapshot(291)) - 53aa52bb-3302-49c8-8741-f934a8213f44@group-36301351904D-StateMachineUpdater: Took a snapshot at index 6
2023-09-13 06:49:19,787 [53aa52bb-3302-49c8-8741-f934a8213f44@group-36301351904D-StateMachineUpdater] INFO  impl.StateMachineUpdater (StateMachineUpdater.java:lambda$new$0(97)) - 53aa52bb-3302-49c8-8741-f934a8213f44@group-36301351904D-StateMachineUpdater: snapshotIndex: updateIncreasingly -1 -> 6
2023-09-13 06:49:19,787 [a70ca69d-e87c-45fc-bc42-2c6096aaeb0f-NettyServerStreamRpc-bossGroup--thread1] INFO  logging.LoggingHandler (AbstractInternalLogger.java:log(148)) - [id: 0xba674df4, L:/0:0:0:0:0:0:0:0:15051] INACTIVE
2023-09-13 06:49:19,787 [a70ca69d-e87c-45fc-bc42-2c6096aaeb0f-NettyServerStreamRpc-bossGroup--thread1] INFO  logging.LoggingHandler (AbstractInternalLogger.java:log(148)) - [id: 0xba674df4, L:/0:0:0:0:0:0:0:0:15051] UNREGISTERED
2023-09-13 06:49:19,788 [grpc-default-executor-2] INFO  server.GrpcLogAppender (GrpcLogAppender.java:onCompleted(428)) - d28f76a2-0ae6-4755-86d6-e75b9d48a44d@group-3544293C3AC0->53aa52bb-3302-49c8-8741-f934a8213f44-AppendLogResponseHandler: follower responses appendEntries COMPLETED
2023-09-13 06:49:19,789 [grpc-default-executor-2] WARN  server.GrpcLogAppender (GrpcLogAppender.java:resetClient(137)) - d28f76a2-0ae6-4755-86d6-e75b9d48a44d@group-3544293C3AC0->53aa52bb-3302-49c8-8741-f934a8213f44-GrpcLogAppender: Failed to getClient for 53aa52bb-3302-49c8-8741-f934a8213f44
org.apache.ratis.protocol.exceptions.AlreadyClosedException: d28f76a2-0ae6-4755-86d6-e75b9d48a44d is already CLOSED
	at org.apache.ratis.util.PeerProxyMap$PeerAndProxy.getProxy(PeerProxyMap.java:61)
	at org.apache.ratis.util.PeerProxyMap.getProxy(PeerProxyMap.java:115)
	at org.apache.ratis.grpc.server.GrpcLogAppender.getClient(GrpcLogAppender.java:112)
	at org.apache.ratis.grpc.server.GrpcLogAppender.resetClient(GrpcLogAppender.java:117)
	at org.apache.ratis.grpc.server.GrpcLogAppender.access$500(GrpcLogAppender.java:56)
	at org.apache.ratis.grpc.server.GrpcLogAppender$AppendLogResponseHandler.onCompleted(GrpcLogAppender.java:429)
	at org.apache.ratis.thirdparty.io.grpc.stub.ClientCalls$StreamObserverToCallListenerAdapter.onClose(ClientCalls.java:485)
	at org.apache.ratis.thirdparty.io.grpc.internal.ClientCallImpl.closeObserver(ClientCallImpl.java:563)
	at org.apache.ratis.thirdparty.io.grpc.internal.ClientCallImpl.access$300(ClientCallImpl.java:70)
	at org.apache.ratis.thirdparty.io.grpc.internal.ClientCallImpl$ClientStreamListenerImpl$1StreamClosed.runInternal(ClientCallImpl.java:744)
	at org.apache.ratis.thirdparty.io.grpc.internal.ClientCallImpl$ClientStreamListenerImpl$1StreamClosed.runInContext(ClientCallImpl.java:723)
	at org.apache.ratis.thirdparty.io.grpc.internal.ContextRunnable.run(ContextRunnable.java:37)
	at org.apache.ratis.thirdparty.io.grpc.internal.SerializingExecutor.run(SerializingExecutor.java:133)
	at java.util.concurrent.ThreadPoolExecutor.runWorker(ThreadPoolExecutor.java:1149)
	at java.util.concurrent.ThreadPoolExecutor$Worker.run(ThreadPoolExecutor.java:624)
	at java.lang.Thread.run(Thread.java:750)
2023-09-13 06:49:19,789 [grpc-default-executor-6] INFO  server.GrpcLogAppender (GrpcLogAppender.java:onCompleted(428)) - d28f76a2-0ae6-4755-86d6-e75b9d48a44d@group-3544293C3AC0->095205e7-1161-4289-a78b-dd2bf4a5be02-AppendLogResponseHandler: follower responses appendEntries COMPLETED
2023-09-13 06:49:19,789 [grpc-default-executor-6] WARN  server.GrpcLogAppender (GrpcLogAppender.java:resetClient(137)) - d28f76a2-0ae6-4755-86d6-e75b9d48a44d@group-3544293C3AC0->095205e7-1161-4289-a78b-dd2bf4a5be02-GrpcLogAppender: Failed to getClient for 095205e7-1161-4289-a78b-dd2bf4a5be02
org.apache.ratis.protocol.exceptions.AlreadyClosedException: d28f76a2-0ae6-4755-86d6-e75b9d48a44d is already CLOSED
	at org.apache.ratis.util.PeerProxyMap$PeerAndProxy.getProxy(PeerProxyMap.java:61)
	at org.apache.ratis.util.PeerProxyMap.getProxy(PeerProxyMap.java:115)
	at org.apache.ratis.grpc.server.GrpcLogAppender.getClient(GrpcLogAppender.java:112)
	at org.apache.ratis.grpc.server.GrpcLogAppender.resetClient(GrpcLogAppender.java:117)
	at org.apache.ratis.grpc.server.GrpcLogAppender.access$500(GrpcLogAppender.java:56)
	at org.apache.ratis.grpc.server.GrpcLogAppender$AppendLogResponseHandler.onCompleted(GrpcLogAppender.java:429)
	at org.apache.ratis.thirdparty.io.grpc.stub.ClientCalls$StreamObserverToCallListenerAdapter.onClose(ClientCalls.java:485)
	at org.apache.ratis.thirdparty.io.grpc.internal.ClientCallImpl.closeObserver(ClientCallImpl.java:563)
	at org.apache.ratis.thirdparty.io.grpc.internal.ClientCallImpl.access$300(ClientCallImpl.java:70)
	at org.apache.ratis.thirdparty.io.grpc.internal.ClientCallImpl$ClientStreamListenerImpl$1StreamClosed.runInternal(ClientCallImpl.java:744)
	at org.apache.ratis.thirdparty.io.grpc.internal.ClientCallImpl$ClientStreamListenerImpl$1StreamClosed.runInContext(ClientCallImpl.java:723)
	at org.apache.ratis.thirdparty.io.grpc.internal.ContextRunnable.run(ContextRunnable.java:37)
	at org.apache.ratis.thirdparty.io.grpc.internal.SerializingExecutor.run(SerializingExecutor.java:133)
	at java.util.concurrent.ThreadPoolExecutor.runWorker(ThreadPoolExecutor.java:1149)
	at java.util.concurrent.ThreadPoolExecutor$Worker.run(ThreadPoolExecutor.java:624)
	at java.lang.Thread.run(Thread.java:750)
2023-09-13 06:49:19,806 [Thread-496] INFO  server.GrpcServerProtocolClient (GrpcServerProtocolClient.java:close(103)) - 095205e7-1161-4289-a78b-dd2bf4a5be02 Close channels
2023-09-13 06:49:19,806 [Thread-495] INFO  server.GrpcServerProtocolClient (GrpcServerProtocolClient.java:close(103)) - d28f76a2-0ae6-4755-86d6-e75b9d48a44d Close channels
2023-09-13 06:49:19,807 [ForkJoinPool.commonPool-worker-3] INFO  ozoneimpl.OzoneContainer (OzoneContainer.java:stop(451)) - Attempting to stop container services.
2023-09-13 06:49:19,807 [53aa52bb-3302-49c8-8741-f934a8213f44-impl-thread2] INFO  server.RaftServer$Division (ServerState.java:close(472)) - 53aa52bb-3302-49c8-8741-f934a8213f44@group-36301351904D: closes. applyIndex: 6
2023-09-13 06:49:19,808 [ForkJoinPool.commonPool-worker-3] INFO  server.RaftServer (RaftServerProxy.java:lambda$close$6(416)) - 6f324be3-7c3f-481f-84d2-849e9673b06a: close
2023-09-13 06:49:19,808 [ForkJoinPool.commonPool-worker-3] INFO  server.GrpcService (GrpcService.java:closeImpl(311)) - 6f324be3-7c3f-481f-84d2-849e9673b06a: shutdown server org.apache.ratis.grpc.server.GrpcClientProtocolService now
2023-09-13 06:49:19,808 [6f324be3-7c3f-481f-84d2-849e9673b06a-impl-thread1] INFO  server.RaftServer$Division (RaftServerImpl.java:lambda$close$4(466)) - 6f324be3-7c3f-481f-84d2-849e9673b06a@group-5C76A3FD1E8D: shutdown
2023-09-13 06:49:19,808 [6f324be3-7c3f-481f-84d2-849e9673b06a-impl-thread1] INFO  util.JmxRegister (JmxRegister.java:unregister(73)) - Successfully un-registered JMX Bean with object name Ratis:service=RaftServer,group=group-5C76A3FD1E8D,id=6f324be3-7c3f-481f-84d2-849e9673b06a
2023-09-13 06:49:19,808 [6f324be3-7c3f-481f-84d2-849e9673b06a-impl-thread1] INFO  impl.RoleInfo (RoleInfo.java:shutdownLeaderState(93)) - 6f324be3-7c3f-481f-84d2-849e9673b06a: shutdown 6f324be3-7c3f-481f-84d2-849e9673b06a@group-5C76A3FD1E8D-LeaderStateImpl
2023-09-13 06:49:19,808 [6f324be3-7c3f-481f-84d2-849e9673b06a-impl-thread1] INFO  impl.PendingRequests (PendingRequests.java:sendNotLeaderResponses(289)) - 6f324be3-7c3f-481f-84d2-849e9673b06a@group-5C76A3FD1E8D-PendingRequests: sendNotLeaderResponses
2023-09-13 06:49:19,808 [6f324be3-7c3f-481f-84d2-849e9673b06a-impl-thread1] INFO  impl.StateMachineUpdater (StateMachineUpdater.java:stopAndJoin(155)) - 6f324be3-7c3f-481f-84d2-849e9673b06a@group-5C76A3FD1E8D-StateMachineUpdater: set stopIndex = 0
2023-09-13 06:49:19,808 [grpc-default-executor-6] INFO  server.GrpcLogAppender (GrpcLogAppender.java:onCompleted(428)) - d28f76a2-0ae6-4755-86d6-e75b9d48a44d@group-3544293C3AC0->095205e7-1161-4289-a78b-dd2bf4a5be02-AppendLogResponseHandler: follower responses appendEntries COMPLETED
2023-09-13 06:49:19,809 [grpc-default-executor-6] WARN  server.GrpcLogAppender (GrpcLogAppender.java:resetClient(137)) - d28f76a2-0ae6-4755-86d6-e75b9d48a44d@group-3544293C3AC0->095205e7-1161-4289-a78b-dd2bf4a5be02-GrpcLogAppender: Failed to getClient for 095205e7-1161-4289-a78b-dd2bf4a5be02
org.apache.ratis.protocol.exceptions.AlreadyClosedException: d28f76a2-0ae6-4755-86d6-e75b9d48a44d is already CLOSED
	at org.apache.ratis.util.PeerProxyMap$PeerAndProxy.getProxy(PeerProxyMap.java:61)
	at org.apache.ratis.util.PeerProxyMap.getProxy(PeerProxyMap.java:115)
	at org.apache.ratis.grpc.server.GrpcLogAppender.getClient(GrpcLogAppender.java:112)
	at org.apache.ratis.grpc.server.GrpcLogAppender.resetClient(GrpcLogAppender.java:117)
	at org.apache.ratis.grpc.server.GrpcLogAppender.access$500(GrpcLogAppender.java:56)
	at org.apache.ratis.grpc.server.GrpcLogAppender$AppendLogResponseHandler.onCompleted(GrpcLogAppender.java:429)
	at org.apache.ratis.thirdparty.io.grpc.stub.ClientCalls$StreamObserverToCallListenerAdapter.onClose(ClientCalls.java:485)
	at org.apache.ratis.thirdparty.io.grpc.internal.DelayedClientCall$DelayedListener$3.run(DelayedClientCall.java:471)
	at org.apache.ratis.thirdparty.io.grpc.internal.DelayedClientCall$DelayedListener.delayOrExecute(DelayedClientCall.java:435)
	at org.apache.ratis.thirdparty.io.grpc.internal.DelayedClientCall$DelayedListener.onClose(DelayedClientCall.java:468)
	at org.apache.ratis.thirdparty.io.grpc.internal.ClientCallImpl.closeObserver(ClientCallImpl.java:563)
	at org.apache.ratis.thirdparty.io.grpc.internal.ClientCallImpl.access$300(ClientCallImpl.java:70)
	at org.apache.ratis.thirdparty.io.grpc.internal.ClientCallImpl$ClientStreamListenerImpl$1StreamClosed.runInternal(ClientCallImpl.java:744)
	at org.apache.ratis.thirdparty.io.grpc.internal.ClientCallImpl$ClientStreamListenerImpl$1StreamClosed.runInContext(ClientCallImpl.java:723)
	at org.apache.ratis.thirdparty.io.grpc.internal.ContextRunnable.run(ContextRunnable.java:37)
	at org.apache.ratis.thirdparty.io.grpc.internal.SerializingExecutor.run(SerializingExecutor.java:133)
	at java.util.concurrent.ThreadPoolExecutor.runWorker(ThreadPoolExecutor.java:1149)
	at java.util.concurrent.ThreadPoolExecutor$Worker.run(ThreadPoolExecutor.java:624)
	at java.lang.Thread.run(Thread.java:750)
2023-09-13 06:49:19,809 [6f324be3-7c3f-481f-84d2-849e9673b06a@group-5C76A3FD1E8D-StateMachineUpdater] INFO  ratis.ContainerStateMachine (ContainerStateMachine.java:takeSnapshot(330)) - group-5C76A3FD1E8D: Taking a snapshot at:(t:1, i:0) file /home/runner/work/ozone/ozone/hadoop-ozone/integration-test/target/test-dir/MiniOzoneClusterImpl-e4211fca-df1e-4788-9bfe-f086778bfd1d/datanode-3/data/ratis/bc8147a1-a957-48ca-a881-5c76a3fd1e8d/sm/snapshot.1_0
2023-09-13 06:49:19,809 [53aa52bb-3302-49c8-8741-f934a8213f44-impl-thread3] INFO  server.RaftServer$Division (ServerState.java:close(472)) - 53aa52bb-3302-49c8-8741-f934a8213f44@group-3544293C3AC0: closes. applyIndex: 2
2023-09-13 06:49:19,810 [6f324be3-7c3f-481f-84d2-849e9673b06a@group-5C76A3FD1E8D-StateMachineUpdater] INFO  ratis.ContainerStateMachine (ContainerStateMachine.java:takeSnapshot(341)) - group-5C76A3FD1E8D: Finished taking a snapshot at:(t:1, i:0) file:/home/runner/work/ozone/ozone/hadoop-ozone/integration-test/target/test-dir/MiniOzoneClusterImpl-e4211fca-df1e-4788-9bfe-f086778bfd1d/datanode-3/data/ratis/bc8147a1-a957-48ca-a881-5c76a3fd1e8d/sm/snapshot.1_0 took: 1 ms
2023-09-13 06:49:19,810 [6f324be3-7c3f-481f-84d2-849e9673b06a@group-5C76A3FD1E8D-StateMachineUpdater] INFO  impl.StateMachineUpdater (StateMachineUpdater.java:takeSnapshot(291)) - 6f324be3-7c3f-481f-84d2-849e9673b06a@group-5C76A3FD1E8D-StateMachineUpdater: Took a snapshot at index 0
2023-09-13 06:49:19,810 [6f324be3-7c3f-481f-84d2-849e9673b06a@group-5C76A3FD1E8D-StateMachineUpdater] INFO  impl.StateMachineUpdater (StateMachineUpdater.java:lambda$new$0(97)) - 6f324be3-7c3f-481f-84d2-849e9673b06a@group-5C76A3FD1E8D-StateMachineUpdater: snapshotIndex: updateIncreasingly -1 -> 0
2023-09-13 06:49:19,810 [6f324be3-7c3f-481f-84d2-849e9673b06a-impl-thread1] INFO  server.RaftServer$Division (ServerState.java:close(472)) - 6f324be3-7c3f-481f-84d2-849e9673b06a@group-5C76A3FD1E8D: closes. applyIndex: 0
2023-09-13 06:49:19,815 [ForkJoinPool.commonPool-worker-2] INFO  server.GrpcService (GrpcService.java:closeImpl(320)) - 53aa52bb-3302-49c8-8741-f934a8213f44: shutdown server org.apache.ratis.grpc.server.GrpcClientProtocolService successfully
2023-09-13 06:49:19,815 [ForkJoinPool.commonPool-worker-2] INFO  server.GrpcService (GrpcService.java:closeImpl(311)) - 53aa52bb-3302-49c8-8741-f934a8213f44: shutdown server GrpcServerProtocolService now
2023-09-13 06:49:19,817 [ForkJoinPool.commonPool-worker-0] INFO  server.GrpcService (GrpcService.java:closeImpl(320)) - 095205e7-1161-4289-a78b-dd2bf4a5be02: shutdown server GrpcServerProtocolService successfully
2023-09-13 06:49:19,817 [ForkJoinPool.commonPool-worker-0] INFO  server.GrpcService (GrpcService.java:closeImpl(311)) - 095205e7-1161-4289-a78b-dd2bf4a5be02: shutdown server org.apache.ratis.grpc.server.GrpcAdminProtocolService now
2023-09-13 06:49:19,825 [ForkJoinPool.commonPool-worker-3] INFO  server.GrpcService (GrpcService.java:closeImpl(320)) - 6f324be3-7c3f-481f-84d2-849e9673b06a: shutdown server org.apache.ratis.grpc.server.GrpcClientProtocolService successfully
2023-09-13 06:49:19,825 [ForkJoinPool.commonPool-worker-3] INFO  server.GrpcService (GrpcService.java:closeImpl(311)) - 6f324be3-7c3f-481f-84d2-849e9673b06a: shutdown server GrpcServerProtocolService now
2023-09-13 06:49:19,835 [ForkJoinPool.commonPool-worker-0] INFO  server.GrpcService (GrpcService.java:closeImpl(320)) - 095205e7-1161-4289-a78b-dd2bf4a5be02: shutdown server org.apache.ratis.grpc.server.GrpcAdminProtocolService successfully
2023-09-13 06:49:19,836 [ForkJoinPool.commonPool-worker-3] INFO  server.GrpcService (GrpcService.java:closeImpl(320)) - 6f324be3-7c3f-481f-84d2-849e9673b06a: shutdown server GrpcServerProtocolService successfully
2023-09-13 06:49:19,836 [ForkJoinPool.commonPool-worker-3] INFO  server.GrpcService (GrpcService.java:closeImpl(311)) - 6f324be3-7c3f-481f-84d2-849e9673b06a: shutdown server org.apache.ratis.grpc.server.GrpcAdminProtocolService now
2023-09-13 06:49:19,837 [095205e7-1161-4289-a78b-dd2bf4a5be02-NettyServerStreamRpc-bossGroup--thread1] INFO  logging.LoggingHandler (AbstractInternalLogger.java:log(148)) - [id: 0xdf73d4a6, L:/0:0:0:0:0:0:0:0:15024] CLOSE
2023-09-13 06:49:19,837 [095205e7-1161-4289-a78b-dd2bf4a5be02-NettyServerStreamRpc-bossGroup--thread1] INFO  logging.LoggingHandler (AbstractInternalLogger.java:log(148)) - [id: 0xdf73d4a6, L:/0:0:0:0:0:0:0:0:15024] INACTIVE
2023-09-13 06:49:19,837 [095205e7-1161-4289-a78b-dd2bf4a5be02-NettyServerStreamRpc-bossGroup--thread1] INFO  logging.LoggingHandler (AbstractInternalLogger.java:log(148)) - [id: 0xdf73d4a6, L:/0:0:0:0:0:0:0:0:15024] UNREGISTERED
2023-09-13 06:49:19,838 [JUnit] INFO  server.GrpcService (GrpcService.java:closeImpl(320)) - d28f76a2-0ae6-4755-86d6-e75b9d48a44d: shutdown server org.apache.ratis.grpc.server.GrpcClientProtocolService successfully
2023-09-13 06:49:19,838 [JUnit] INFO  server.GrpcService (GrpcService.java:closeImpl(311)) - d28f76a2-0ae6-4755-86d6-e75b9d48a44d: shutdown server GrpcServerProtocolService now
2023-09-13 06:49:19,840 [ForkJoinPool.commonPool-worker-2] INFO  server.GrpcService (GrpcService.java:closeImpl(320)) - 53aa52bb-3302-49c8-8741-f934a8213f44: shutdown server GrpcServerProtocolService successfully
2023-09-13 06:49:19,840 [ForkJoinPool.commonPool-worker-2] INFO  server.GrpcService (GrpcService.java:closeImpl(311)) - 53aa52bb-3302-49c8-8741-f934a8213f44: shutdown server org.apache.ratis.grpc.server.GrpcAdminProtocolService now
2023-09-13 06:49:19,844 [ForkJoinPool.commonPool-worker-3] INFO  server.GrpcService (GrpcService.java:closeImpl(320)) - 6f324be3-7c3f-481f-84d2-849e9673b06a: shutdown server org.apache.ratis.grpc.server.GrpcAdminProtocolService successfully
2023-09-13 06:49:19,844 [6f324be3-7c3f-481f-84d2-849e9673b06a-NettyServerStreamRpc-bossGroup--thread1] INFO  logging.LoggingHandler (AbstractInternalLogger.java:log(148)) - [id: 0x17f468b1, L:/0:0:0:0:0:0:0:0:15042] CLOSE
2023-09-13 06:49:19,845 [6f324be3-7c3f-481f-84d2-849e9673b06a-NettyServerStreamRpc-bossGroup--thread1] INFO  logging.LoggingHandler (AbstractInternalLogger.java:log(148)) - [id: 0x17f468b1, L:/0:0:0:0:0:0:0:0:15042] INACTIVE
2023-09-13 06:49:19,845 [6f324be3-7c3f-481f-84d2-849e9673b06a-NettyServerStreamRpc-bossGroup--thread1] INFO  logging.LoggingHandler (AbstractInternalLogger.java:log(148)) - [id: 0x17f468b1, L:/0:0:0:0:0:0:0:0:15042] UNREGISTERED
2023-09-13 06:49:19,849 [ForkJoinPool.commonPool-worker-2] INFO  server.GrpcService (GrpcService.java:closeImpl(320)) - 53aa52bb-3302-49c8-8741-f934a8213f44: shutdown server org.apache.ratis.grpc.server.GrpcAdminProtocolService successfully
2023-09-13 06:49:19,849 [53aa52bb-3302-49c8-8741-f934a8213f44-NettyServerStreamRpc-bossGroup--thread1] INFO  logging.LoggingHandler (AbstractInternalLogger.java:log(148)) - [id: 0xf66352ca, L:/0:0:0:0:0:0:0:0:15015] CLOSE
2023-09-13 06:49:19,850 [JUnit] INFO  server.GrpcService (GrpcService.java:closeImpl(320)) - d28f76a2-0ae6-4755-86d6-e75b9d48a44d: shutdown server GrpcServerProtocolService successfully
2023-09-13 06:49:19,850 [JUnit] INFO  server.GrpcService (GrpcService.java:closeImpl(311)) - d28f76a2-0ae6-4755-86d6-e75b9d48a44d: shutdown server org.apache.ratis.grpc.server.GrpcAdminProtocolService now
2023-09-13 06:49:19,850 [53aa52bb-3302-49c8-8741-f934a8213f44-NettyServerStreamRpc-bossGroup--thread1] INFO  logging.LoggingHandler (AbstractInternalLogger.java:log(148)) - [id: 0xf66352ca, L:/0:0:0:0:0:0:0:0:15015] INACTIVE
2023-09-13 06:49:19,850 [53aa52bb-3302-49c8-8741-f934a8213f44-NettyServerStreamRpc-bossGroup--thread1] INFO  logging.LoggingHandler (AbstractInternalLogger.java:log(148)) - [id: 0xf66352ca, L:/0:0:0:0:0:0:0:0:15015] UNREGISTERED
2023-09-13 06:49:19,865 [JUnit] INFO  server.GrpcService (GrpcService.java:closeImpl(320)) - d28f76a2-0ae6-4755-86d6-e75b9d48a44d: shutdown server org.apache.ratis.grpc.server.GrpcAdminProtocolService successfully
2023-09-13 06:49:19,866 [d28f76a2-0ae6-4755-86d6-e75b9d48a44d-NettyServerStreamRpc-bossGroup--thread1] INFO  logging.LoggingHandler (AbstractInternalLogger.java:log(148)) - [id: 0x76877851, L:/0:0:0:0:0:0:0:0:15033] CLOSE
2023-09-13 06:49:19,866 [d28f76a2-0ae6-4755-86d6-e75b9d48a44d-NettyServerStreamRpc-bossGroup--thread1] INFO  logging.LoggingHandler (AbstractInternalLogger.java:log(148)) - [id: 0x76877851, L:/0:0:0:0:0:0:0:0:15033] INACTIVE
2023-09-13 06:49:19,866 [d28f76a2-0ae6-4755-86d6-e75b9d48a44d-NettyServerStreamRpc-bossGroup--thread1] INFO  logging.LoggingHandler (AbstractInternalLogger.java:log(148)) - [id: 0x76877851, L:/0:0:0:0:0:0:0:0:15033] UNREGISTERED
2023-09-13 06:49:19,934 [d28f76a2-0ae6-4755-86d6-e75b9d48a44d-impl-thread2] INFO  segmented.SegmentedRaftLogWorker (SegmentedRaftLogWorker.java:close(252)) - d28f76a2-0ae6-4755-86d6-e75b9d48a44d@group-57A2A16130EB-SegmentedRaftLogWorker close()
2023-09-13 06:49:19,943 [6f324be3-7c3f-481f-84d2-849e9673b06a-impl-thread1] INFO  segmented.SegmentedRaftLogWorker (SegmentedRaftLogWorker.java:close(252)) - 6f324be3-7c3f-481f-84d2-849e9673b06a@group-5C76A3FD1E8D-SegmentedRaftLogWorker close()
2023-09-13 06:49:19,944 [JvmPauseMonitor5] INFO  util.JvmPauseMonitor (JvmPauseMonitor.java:run(109)) - JvmPauseMonitor-6f324be3-7c3f-481f-84d2-849e9673b06a: Stopped
2023-09-13 06:49:20,006 [095205e7-1161-4289-a78b-dd2bf4a5be02-impl-thread1] INFO  segmented.SegmentedRaftLogWorker (SegmentedRaftLogWorker.java:close(252)) - 095205e7-1161-4289-a78b-dd2bf4a5be02@group-36301351904D-SegmentedRaftLogWorker close()
2023-09-13 06:49:20,009 [d28f76a2-0ae6-4755-86d6-e75b9d48a44d-impl-thread1] INFO  segmented.SegmentedRaftLogWorker (SegmentedRaftLogWorker.java:close(252)) - d28f76a2-0ae6-4755-86d6-e75b9d48a44d@group-36301351904D-SegmentedRaftLogWorker close()
2023-09-13 06:49:20,011 [53aa52bb-3302-49c8-8741-f934a8213f44-impl-thread2] INFO  segmented.SegmentedRaftLogWorker (SegmentedRaftLogWorker.java:close(252)) - 53aa52bb-3302-49c8-8741-f934a8213f44@group-36301351904D-SegmentedRaftLogWorker close()
2023-09-13 06:49:20,456 [a70ca69d-e87c-45fc-bc42-2c6096aaeb0f-impl-thread1] INFO  segmented.SegmentedRaftLogWorker (SegmentedRaftLogWorker.java:close(252)) - a70ca69d-e87c-45fc-bc42-2c6096aaeb0f@group-C58063A2A852-SegmentedRaftLogWorker close()
2023-09-13 06:49:20,458 [JvmPauseMonitor6] INFO  util.JvmPauseMonitor (JvmPauseMonitor.java:run(109)) - JvmPauseMonitor-a70ca69d-e87c-45fc-bc42-2c6096aaeb0f: Stopped
2023-09-13 06:49:20,464 [095205e7-1161-4289-a78b-dd2bf4a5be02-impl-thread2] INFO  segmented.SegmentedRaftLogWorker (SegmentedRaftLogWorker.java:close(252)) - 095205e7-1161-4289-a78b-dd2bf4a5be02@group-B9693D60CA7E-SegmentedRaftLogWorker close()
2023-09-13 06:49:20,465 [JvmPauseMonitor3] INFO  util.JvmPauseMonitor (JvmPauseMonitor.java:run(109)) - JvmPauseMonitor-095205e7-1161-4289-a78b-dd2bf4a5be02: Stopped
2023-09-13 06:49:20,629 [53aa52bb-3302-49c8-8741-f934a8213f44-impl-thread1] INFO  segmented.SegmentedRaftLogWorker (SegmentedRaftLogWorker.java:close(252)) - 53aa52bb-3302-49c8-8741-f934a8213f44@group-0D5647AB4037-SegmentedRaftLogWorker close()
2023-09-13 06:49:20,762 [d28f76a2-0ae6-4755-86d6-e75b9d48a44d-impl-thread3] INFO  segmented.SegmentedRaftLogWorker (SegmentedRaftLogWorker.java:close(252)) - d28f76a2-0ae6-4755-86d6-e75b9d48a44d@group-3544293C3AC0-SegmentedRaftLogWorker close()
2023-09-13 06:49:20,763 [JvmPauseMonitor4] INFO  util.JvmPauseMonitor (JvmPauseMonitor.java:run(109)) - JvmPauseMonitor-d28f76a2-0ae6-4755-86d6-e75b9d48a44d: Stopped
2023-09-13 06:49:20,780 [53aa52bb-3302-49c8-8741-f934a8213f44-impl-thread3] INFO  segmented.SegmentedRaftLogWorker (SegmentedRaftLogWorker.java:close(252)) - 53aa52bb-3302-49c8-8741-f934a8213f44@group-3544293C3AC0-SegmentedRaftLogWorker close()
2023-09-13 06:49:20,781 [JvmPauseMonitor2] INFO  util.JvmPauseMonitor (JvmPauseMonitor.java:run(109)) - JvmPauseMonitor-53aa52bb-3302-49c8-8741-f934a8213f44: Stopped
2023-09-13 06:49:21,968 [ForkJoinPool.commonPool-worker-3] INFO  utils.DatanodeStoreCache (DatanodeStoreCache.java:shutdownCache(110)) - Skip clearing cache in mini cluster mode. Entries left: [/home/runner/work/ozone/ozone/hadoop-ozone/integration-test/target/test-dir/MiniOzoneClusterImpl-e4211fca-df1e-4788-9bfe-f086778bfd1d/datanode-0/data-0/containers/hdds/e4211fca-df1e-4788-9bfe-f086778bfd1d/DS-8fa7bee7-ec1d-4e72-acd4-a5d7c7b00fd4/container.db, /home/runner/work/ozone/ozone/hadoop-ozone/integration-test/target/test-dir/MiniOzoneClusterImpl-e4211fca-df1e-4788-9bfe-f086778bfd1d/datanode-1/data-0/containers/hdds/e4211fca-df1e-4788-9bfe-f086778bfd1d/DS-f64f5f5d-bfc0-4092-8ce1-5103c0fed31e/container.db, /home/runner/work/ozone/ozone/hadoop-ozone/integration-test/target/test-dir/MiniOzoneClusterImpl-e4211fca-df1e-4788-9bfe-f086778bfd1d/datanode-2/data-0/containers/hdds/e4211fca-df1e-4788-9bfe-f086778bfd1d/DS-6e301ed2-cbd1-4e9e-b989-eff78cea6a0d/container.db, /home/runner/work/ozone/ozone/hadoop-ozone/integration-test/target/test-dir/MiniOzoneClusterImpl-e4211fca-df1e-4788-9bfe-f086778bfd1d/datanode-3/data-0/containers/hdds/e4211fca-df1e-4788-9bfe-f086778bfd1d/DS-def802e2-f091-4add-8f4f-be7bdeea9666/container.db, /home/runner/work/ozone/ozone/hadoop-ozone/integration-test/target/test-dir/MiniOzoneClusterImpl-e4211fca-df1e-4788-9bfe-f086778bfd1d/datanode-4/data-0/containers/hdds/e4211fca-df1e-4788-9bfe-f086778bfd1d/DS-6a5da355-b935-4fd8-be0b-5b09dcffbb5a/container.db]
2023-09-13 06:49:21,972 [ForkJoinPool.commonPool-worker-3] INFO  utils.DatanodeStoreCache (DatanodeStoreCache.java:removeDB(104)) - Removed db /home/runner/work/ozone/ozone/hadoop-ozone/integration-test/target/test-dir/MiniOzoneClusterImpl-e4211fca-df1e-4788-9bfe-f086778bfd1d/datanode-3/data-0/containers/hdds/e4211fca-df1e-4788-9bfe-f086778bfd1d/DS-def802e2-f091-4add-8f4f-be7bdeea9666/container.db from cache
2023-09-13 06:49:21,972 [ForkJoinPool.commonPool-worker-3] INFO  volume.HddsVolume (HddsVolume.java:closeDbStore(453)) - SchemaV3 db is stopped at /home/runner/work/ozone/ozone/hadoop-ozone/integration-test/target/test-dir/MiniOzoneClusterImpl-e4211fca-df1e-4788-9bfe-f086778bfd1d/datanode-3/data-0/containers/hdds/e4211fca-df1e-4788-9bfe-f086778bfd1d/DS-def802e2-f091-4add-8f4f-be7bdeea9666/container.db for volume DS-def802e2-f091-4add-8f4f-be7bdeea9666
2023-09-13 06:49:21,973 [ForkJoinPool.commonPool-worker-3] INFO  utils.BackgroundService (BackgroundService.java:shutdown(141)) - Shutting down service BlockDeletingService
2023-09-13 06:49:21,973 [ForkJoinPool.commonPool-worker-3] INFO  utils.BackgroundService (BackgroundService.java:shutdown(141)) - Shutting down service StaleRecoveringContainerScrubbingService
2023-09-13 06:49:21,978 [ForkJoinPool.commonPool-worker-3] INFO  statemachine.DatanodeStateMachine (DatanodeStateMachine.java:stopDaemon(620)) - Ozone container server stopped.
2023-09-13 06:49:21,997 [ForkJoinPool.commonPool-worker-3] INFO  handler.ContextHandler (ContextHandler.java:doStop(1159)) - Stopped o.e.j.w.WebAppContext@37f2f6b8{hddsDatanode,/,null,STOPPED}{jar:file:/home/runner/.m2/repository/org/apache/ozone/hdds-container-service/1.4.0-SNAPSHOT/hdds-container-service-1.4.0-SNAPSHOT.jar!/webapps/hddsDatanode}
2023-09-13 06:49:21,999 [ForkJoinPool.commonPool-worker-3] INFO  server.AbstractConnector (AbstractConnector.java:doStop(383)) - Stopped ServerConnector@7c4e22d8{HTTP/1.1, (http/1.1)}{0.0.0.0:15036}
2023-09-13 06:49:21,999 [ForkJoinPool.commonPool-worker-3] INFO  server.session (HouseKeeper.java:stopScavenging(149)) - node0 Stopped scavenging
2023-09-13 06:49:22,000 [ForkJoinPool.commonPool-worker-3] INFO  handler.ContextHandler (ContextHandler.java:doStop(1159)) - Stopped o.e.j.s.ServletContextHandler@ab410ec{static,/static,jar:file:/home/runner/.m2/repository/org/apache/ozone/hdds-container-service/1.4.0-SNAPSHOT/hdds-container-service-1.4.0-SNAPSHOT.jar!/webapps/static,STOPPED}
2023-09-13 06:49:22,001 [ForkJoinPool.commonPool-worker-3] INFO  handler.ContextHandler (ContextHandler.java:doStop(1159)) - Stopped o.e.j.s.ServletContextHandler@41fbbc4b{logs,/logs,file:///home/runner/work/ozone/ozone/hadoop-ozone/integration-test/target/log,STOPPED}
2023-09-13 06:49:22,002 [ForkJoinPool.commonPool-worker-3] INFO  ozone.HddsDatanodeClientProtocolServer (HddsDatanodeClientProtocolServer.java:stop(78)) - Stopping the RPC server for Client Protocol
2023-09-13 06:49:22,002 [ForkJoinPool.commonPool-worker-3] INFO  ipc.Server (Server.java:stop(3523)) - Stopping server on 15037
2023-09-13 06:49:22,003 [IPC Server listener on 15037] INFO  ipc.Server (Server.java:run(1434)) - Stopping IPC Server listener on 15037
2023-09-13 06:49:22,004 [IPC Server Responder] INFO  ipc.Server (Server.java:run(1567)) - Stopping IPC Server Responder
2023-09-13 06:49:22,463 [ForkJoinPool.commonPool-worker-1] INFO  utils.DatanodeStoreCache (DatanodeStoreCache.java:shutdownCache(110)) - Skip clearing cache in mini cluster mode. Entries left: [/home/runner/work/ozone/ozone/hadoop-ozone/integration-test/target/test-dir/MiniOzoneClusterImpl-e4211fca-df1e-4788-9bfe-f086778bfd1d/datanode-0/data-0/containers/hdds/e4211fca-df1e-4788-9bfe-f086778bfd1d/DS-8fa7bee7-ec1d-4e72-acd4-a5d7c7b00fd4/container.db, /home/runner/work/ozone/ozone/hadoop-ozone/integration-test/target/test-dir/MiniOzoneClusterImpl-e4211fca-df1e-4788-9bfe-f086778bfd1d/datanode-1/data-0/containers/hdds/e4211fca-df1e-4788-9bfe-f086778bfd1d/DS-f64f5f5d-bfc0-4092-8ce1-5103c0fed31e/container.db, /home/runner/work/ozone/ozone/hadoop-ozone/integration-test/target/test-dir/MiniOzoneClusterImpl-e4211fca-df1e-4788-9bfe-f086778bfd1d/datanode-2/data-0/containers/hdds/e4211fca-df1e-4788-9bfe-f086778bfd1d/DS-6e301ed2-cbd1-4e9e-b989-eff78cea6a0d/container.db, /home/runner/work/ozone/ozone/hadoop-ozone/integration-test/target/test-dir/MiniOzoneClusterImpl-e4211fca-df1e-4788-9bfe-f086778bfd1d/datanode-4/data-0/containers/hdds/e4211fca-df1e-4788-9bfe-f086778bfd1d/DS-6a5da355-b935-4fd8-be0b-5b09dcffbb5a/container.db]
2023-09-13 06:49:22,465 [ForkJoinPool.commonPool-worker-1] INFO  utils.DatanodeStoreCache (DatanodeStoreCache.java:removeDB(104)) - Removed db /home/runner/work/ozone/ozone/hadoop-ozone/integration-test/target/test-dir/MiniOzoneClusterImpl-e4211fca-df1e-4788-9bfe-f086778bfd1d/datanode-4/data-0/containers/hdds/e4211fca-df1e-4788-9bfe-f086778bfd1d/DS-6a5da355-b935-4fd8-be0b-5b09dcffbb5a/container.db from cache
2023-09-13 06:49:22,465 [ForkJoinPool.commonPool-worker-1] INFO  volume.HddsVolume (HddsVolume.java:closeDbStore(453)) - SchemaV3 db is stopped at /home/runner/work/ozone/ozone/hadoop-ozone/integration-test/target/test-dir/MiniOzoneClusterImpl-e4211fca-df1e-4788-9bfe-f086778bfd1d/datanode-4/data-0/containers/hdds/e4211fca-df1e-4788-9bfe-f086778bfd1d/DS-6a5da355-b935-4fd8-be0b-5b09dcffbb5a/container.db for volume DS-6a5da355-b935-4fd8-be0b-5b09dcffbb5a
2023-09-13 06:49:22,466 [ForkJoinPool.commonPool-worker-1] INFO  utils.BackgroundService (BackgroundService.java:shutdown(141)) - Shutting down service BlockDeletingService
2023-09-13 06:49:22,466 [ForkJoinPool.commonPool-worker-1] INFO  utils.BackgroundService (BackgroundService.java:shutdown(141)) - Shutting down service StaleRecoveringContainerScrubbingService
2023-09-13 06:49:22,467 [ForkJoinPool.commonPool-worker-1] INFO  statemachine.DatanodeStateMachine (DatanodeStateMachine.java:stopDaemon(620)) - Ozone container server stopped.
2023-09-13 06:49:22,470 [ForkJoinPool.commonPool-worker-0] INFO  utils.DatanodeStoreCache (DatanodeStoreCache.java:shutdownCache(110)) - Skip clearing cache in mini cluster mode. Entries left: [/home/runner/work/ozone/ozone/hadoop-ozone/integration-test/target/test-dir/MiniOzoneClusterImpl-e4211fca-df1e-4788-9bfe-f086778bfd1d/datanode-0/data-0/containers/hdds/e4211fca-df1e-4788-9bfe-f086778bfd1d/DS-8fa7bee7-ec1d-4e72-acd4-a5d7c7b00fd4/container.db, /home/runner/work/ozone/ozone/hadoop-ozone/integration-test/target/test-dir/MiniOzoneClusterImpl-e4211fca-df1e-4788-9bfe-f086778bfd1d/datanode-1/data-0/containers/hdds/e4211fca-df1e-4788-9bfe-f086778bfd1d/DS-f64f5f5d-bfc0-4092-8ce1-5103c0fed31e/container.db, /home/runner/work/ozone/ozone/hadoop-ozone/integration-test/target/test-dir/MiniOzoneClusterImpl-e4211fca-df1e-4788-9bfe-f086778bfd1d/datanode-2/data-0/containers/hdds/e4211fca-df1e-4788-9bfe-f086778bfd1d/DS-6e301ed2-cbd1-4e9e-b989-eff78cea6a0d/container.db]
2023-09-13 06:49:22,471 [ForkJoinPool.commonPool-worker-0] INFO  utils.DatanodeStoreCache (DatanodeStoreCache.java:removeDB(104)) - Removed db /home/runner/work/ozone/ozone/hadoop-ozone/integration-test/target/test-dir/MiniOzoneClusterImpl-e4211fca-df1e-4788-9bfe-f086778bfd1d/datanode-1/data-0/containers/hdds/e4211fca-df1e-4788-9bfe-f086778bfd1d/DS-f64f5f5d-bfc0-4092-8ce1-5103c0fed31e/container.db from cache
2023-09-13 06:49:22,472 [ForkJoinPool.commonPool-worker-0] INFO  volume.HddsVolume (HddsVolume.java:closeDbStore(453)) - SchemaV3 db is stopped at /home/runner/work/ozone/ozone/hadoop-ozone/integration-test/target/test-dir/MiniOzoneClusterImpl-e4211fca-df1e-4788-9bfe-f086778bfd1d/datanode-1/data-0/containers/hdds/e4211fca-df1e-4788-9bfe-f086778bfd1d/DS-f64f5f5d-bfc0-4092-8ce1-5103c0fed31e/container.db for volume DS-f64f5f5d-bfc0-4092-8ce1-5103c0fed31e
2023-09-13 06:49:22,472 [ForkJoinPool.commonPool-worker-0] INFO  utils.BackgroundService (BackgroundService.java:shutdown(141)) - Shutting down service BlockDeletingService
2023-09-13 06:49:22,473 [ForkJoinPool.commonPool-worker-0] INFO  utils.BackgroundService (BackgroundService.java:shutdown(141)) - Shutting down service StaleRecoveringContainerScrubbingService
2023-09-13 06:49:22,478 [ForkJoinPool.commonPool-worker-0] INFO  statemachine.DatanodeStateMachine (DatanodeStateMachine.java:stopDaemon(620)) - Ozone container server stopped.
2023-09-13 06:49:22,490 [ForkJoinPool.commonPool-worker-1] INFO  handler.ContextHandler (ContextHandler.java:doStop(1159)) - Stopped o.e.j.w.WebAppContext@559a7864{hddsDatanode,/,null,STOPPED}{jar:file:/home/runner/.m2/repository/org/apache/ozone/hdds-container-service/1.4.0-SNAPSHOT/hdds-container-service-1.4.0-SNAPSHOT.jar!/webapps/hddsDatanode}
2023-09-13 06:49:22,491 [ForkJoinPool.commonPool-worker-1] INFO  server.AbstractConnector (AbstractConnector.java:doStop(383)) - Stopped ServerConnector@2358d817{HTTP/1.1, (http/1.1)}{0.0.0.0:15045}
2023-09-13 06:49:22,491 [ForkJoinPool.commonPool-worker-1] INFO  server.session (HouseKeeper.java:stopScavenging(149)) - node0 Stopped scavenging
2023-09-13 06:49:22,492 [ForkJoinPool.commonPool-worker-1] INFO  handler.ContextHandler (ContextHandler.java:doStop(1159)) - Stopped o.e.j.s.ServletContextHandler@58dc1aaa{static,/static,jar:file:/home/runner/.m2/repository/org/apache/ozone/hdds-container-service/1.4.0-SNAPSHOT/hdds-container-service-1.4.0-SNAPSHOT.jar!/webapps/static,STOPPED}
2023-09-13 06:49:22,494 [ForkJoinPool.commonPool-worker-0] INFO  handler.ContextHandler (ContextHandler.java:doStop(1159)) - Stopped o.e.j.w.WebAppContext@45357530{hddsDatanode,/,null,STOPPED}{jar:file:/home/runner/.m2/repository/org/apache/ozone/hdds-container-service/1.4.0-SNAPSHOT/hdds-container-service-1.4.0-SNAPSHOT.jar!/webapps/hddsDatanode}
2023-09-13 06:49:22,494 [ForkJoinPool.commonPool-worker-0] INFO  server.AbstractConnector (AbstractConnector.java:doStop(383)) - Stopped ServerConnector@54fcda04{HTTP/1.1, (http/1.1)}{0.0.0.0:15018}
2023-09-13 06:49:22,494 [ForkJoinPool.commonPool-worker-0] INFO  server.session (HouseKeeper.java:stopScavenging(149)) - node0 Stopped scavenging
2023-09-13 06:49:22,495 [ForkJoinPool.commonPool-worker-0] INFO  handler.ContextHandler (ContextHandler.java:doStop(1159)) - Stopped o.e.j.s.ServletContextHandler@647aa680{static,/static,jar:file:/home/runner/.m2/repository/org/apache/ozone/hdds-container-service/1.4.0-SNAPSHOT/hdds-container-service-1.4.0-SNAPSHOT.jar!/webapps/static,STOPPED}
2023-09-13 06:49:22,498 [ForkJoinPool.commonPool-worker-0] INFO  handler.ContextHandler (ContextHandler.java:doStop(1159)) - Stopped o.e.j.s.ServletContextHandler@79ee75b5{logs,/logs,file:///home/runner/work/ozone/ozone/hadoop-ozone/integration-test/target/log,STOPPED}
2023-09-13 06:49:22,498 [ForkJoinPool.commonPool-worker-1] INFO  handler.ContextHandler (ContextHandler.java:doStop(1159)) - Stopped o.e.j.s.ServletContextHandler@5b9beac9{logs,/logs,file:///home/runner/work/ozone/ozone/hadoop-ozone/integration-test/target/log,STOPPED}
2023-09-13 06:49:22,499 [ForkJoinPool.commonPool-worker-0] INFO  ozone.HddsDatanodeClientProtocolServer (HddsDatanodeClientProtocolServer.java:stop(78)) - Stopping the RPC server for Client Protocol
2023-09-13 06:49:22,499 [ForkJoinPool.commonPool-worker-1] INFO  ozone.HddsDatanodeClientProtocolServer (HddsDatanodeClientProtocolServer.java:stop(78)) - Stopping the RPC server for Client Protocol
2023-09-13 06:49:22,499 [ForkJoinPool.commonPool-worker-0] INFO  ipc.Server (Server.java:stop(3523)) - Stopping server on 15019
2023-09-13 06:49:22,500 [ForkJoinPool.commonPool-worker-1] INFO  ipc.Server (Server.java:stop(3523)) - Stopping server on 15046
2023-09-13 06:49:22,505 [IPC Server listener on 15019] INFO  ipc.Server (Server.java:run(1434)) - Stopping IPC Server listener on 15019
2023-09-13 06:49:22,506 [IPC Server Responder] INFO  ipc.Server (Server.java:run(1567)) - Stopping IPC Server Responder
2023-09-13 06:49:22,507 [IPC Server listener on 15046] INFO  ipc.Server (Server.java:run(1434)) - Stopping IPC Server listener on 15046
2023-09-13 06:49:22,507 [IPC Server Responder] INFO  ipc.Server (Server.java:run(1567)) - Stopping IPC Server Responder
2023-09-13 06:49:22,767 [JUnit] INFO  utils.DatanodeStoreCache (DatanodeStoreCache.java:shutdownCache(110)) - Skip clearing cache in mini cluster mode. Entries left: [/home/runner/work/ozone/ozone/hadoop-ozone/integration-test/target/test-dir/MiniOzoneClusterImpl-e4211fca-df1e-4788-9bfe-f086778bfd1d/datanode-0/data-0/containers/hdds/e4211fca-df1e-4788-9bfe-f086778bfd1d/DS-8fa7bee7-ec1d-4e72-acd4-a5d7c7b00fd4/container.db, /home/runner/work/ozone/ozone/hadoop-ozone/integration-test/target/test-dir/MiniOzoneClusterImpl-e4211fca-df1e-4788-9bfe-f086778bfd1d/datanode-2/data-0/containers/hdds/e4211fca-df1e-4788-9bfe-f086778bfd1d/DS-6e301ed2-cbd1-4e9e-b989-eff78cea6a0d/container.db]
2023-09-13 06:49:22,769 [JUnit] INFO  utils.DatanodeStoreCache (DatanodeStoreCache.java:removeDB(104)) - Removed db /home/runner/work/ozone/ozone/hadoop-ozone/integration-test/target/test-dir/MiniOzoneClusterImpl-e4211fca-df1e-4788-9bfe-f086778bfd1d/datanode-2/data-0/containers/hdds/e4211fca-df1e-4788-9bfe-f086778bfd1d/DS-6e301ed2-cbd1-4e9e-b989-eff78cea6a0d/container.db from cache
2023-09-13 06:49:22,769 [JUnit] INFO  volume.HddsVolume (HddsVolume.java:closeDbStore(453)) - SchemaV3 db is stopped at /home/runner/work/ozone/ozone/hadoop-ozone/integration-test/target/test-dir/MiniOzoneClusterImpl-e4211fca-df1e-4788-9bfe-f086778bfd1d/datanode-2/data-0/containers/hdds/e4211fca-df1e-4788-9bfe-f086778bfd1d/DS-6e301ed2-cbd1-4e9e-b989-eff78cea6a0d/container.db for volume DS-6e301ed2-cbd1-4e9e-b989-eff78cea6a0d
2023-09-13 06:49:22,769 [JUnit] INFO  utils.BackgroundService (BackgroundService.java:shutdown(141)) - Shutting down service BlockDeletingService
2023-09-13 06:49:22,770 [JUnit] INFO  utils.BackgroundService (BackgroundService.java:shutdown(141)) - Shutting down service StaleRecoveringContainerScrubbingService
2023-09-13 06:49:22,771 [JUnit] INFO  statemachine.DatanodeStateMachine (DatanodeStateMachine.java:stopDaemon(620)) - Ozone container server stopped.
2023-09-13 06:49:22,782 [JUnit] INFO  handler.ContextHandler (ContextHandler.java:doStop(1159)) - Stopped o.e.j.w.WebAppContext@584964c6{hddsDatanode,/,null,STOPPED}{jar:file:/home/runner/.m2/repository/org/apache/ozone/hdds-container-service/1.4.0-SNAPSHOT/hdds-container-service-1.4.0-SNAPSHOT.jar!/webapps/hddsDatanode}
2023-09-13 06:49:22,783 [JUnit] INFO  server.AbstractConnector (AbstractConnector.java:doStop(383)) - Stopped ServerConnector@37d3415a{HTTP/1.1, (http/1.1)}{0.0.0.0:15027}
2023-09-13 06:49:22,783 [JUnit] INFO  server.session (HouseKeeper.java:stopScavenging(149)) - node0 Stopped scavenging
2023-09-13 06:49:22,783 [JUnit] INFO  handler.ContextHandler (ContextHandler.java:doStop(1159)) - Stopped o.e.j.s.ServletContextHandler@99de3d8{static,/static,jar:file:/home/runner/.m2/repository/org/apache/ozone/hdds-container-service/1.4.0-SNAPSHOT/hdds-container-service-1.4.0-SNAPSHOT.jar!/webapps/static,STOPPED}
2023-09-13 06:49:22,783 [JUnit] INFO  handler.ContextHandler (ContextHandler.java:doStop(1159)) - Stopped o.e.j.s.ServletContextHandler@414bb17a{logs,/logs,file:///home/runner/work/ozone/ozone/hadoop-ozone/integration-test/target/log,STOPPED}
2023-09-13 06:49:22,784 [JUnit] INFO  ozone.HddsDatanodeClientProtocolServer (HddsDatanodeClientProtocolServer.java:stop(78)) - Stopping the RPC server for Client Protocol
2023-09-13 06:49:22,784 [JUnit] INFO  ipc.Server (Server.java:stop(3523)) - Stopping server on 15028
2023-09-13 06:49:22,784 [ForkJoinPool.commonPool-worker-2] INFO  utils.DatanodeStoreCache (DatanodeStoreCache.java:shutdownCache(110)) - Skip clearing cache in mini cluster mode. Entries left: [/home/runner/work/ozone/ozone/hadoop-ozone/integration-test/target/test-dir/MiniOzoneClusterImpl-e4211fca-df1e-4788-9bfe-f086778bfd1d/datanode-0/data-0/containers/hdds/e4211fca-df1e-4788-9bfe-f086778bfd1d/DS-8fa7bee7-ec1d-4e72-acd4-a5d7c7b00fd4/container.db]
2023-09-13 06:49:22,786 [ForkJoinPool.commonPool-worker-2] INFO  utils.DatanodeStoreCache (DatanodeStoreCache.java:removeDB(104)) - Removed db /home/runner/work/ozone/ozone/hadoop-ozone/integration-test/target/test-dir/MiniOzoneClusterImpl-e4211fca-df1e-4788-9bfe-f086778bfd1d/datanode-0/data-0/containers/hdds/e4211fca-df1e-4788-9bfe-f086778bfd1d/DS-8fa7bee7-ec1d-4e72-acd4-a5d7c7b00fd4/container.db from cache
2023-09-13 06:49:22,787 [ForkJoinPool.commonPool-worker-2] INFO  volume.HddsVolume (HddsVolume.java:closeDbStore(453)) - SchemaV3 db is stopped at /home/runner/work/ozone/ozone/hadoop-ozone/integration-test/target/test-dir/MiniOzoneClusterImpl-e4211fca-df1e-4788-9bfe-f086778bfd1d/datanode-0/data-0/containers/hdds/e4211fca-df1e-4788-9bfe-f086778bfd1d/DS-8fa7bee7-ec1d-4e72-acd4-a5d7c7b00fd4/container.db for volume DS-8fa7bee7-ec1d-4e72-acd4-a5d7c7b00fd4
2023-09-13 06:49:22,787 [ForkJoinPool.commonPool-worker-2] INFO  utils.BackgroundService (BackgroundService.java:shutdown(141)) - Shutting down service BlockDeletingService
2023-09-13 06:49:22,787 [ForkJoinPool.commonPool-worker-2] INFO  utils.BackgroundService (BackgroundService.java:shutdown(141)) - Shutting down service StaleRecoveringContainerScrubbingService
2023-09-13 06:49:22,788 [IPC Server Responder] INFO  ipc.Server (Server.java:run(1567)) - Stopping IPC Server Responder
2023-09-13 06:49:22,788 [IPC Server listener on 15028] INFO  ipc.Server (Server.java:run(1434)) - Stopping IPC Server listener on 15028
2023-09-13 06:49:22,789 [ForkJoinPool.commonPool-worker-2] INFO  statemachine.DatanodeStateMachine (DatanodeStateMachine.java:stopDaemon(620)) - Ozone container server stopped.
2023-09-13 06:49:22,801 [ForkJoinPool.commonPool-worker-2] INFO  handler.ContextHandler (ContextHandler.java:doStop(1159)) - Stopped o.e.j.w.WebAppContext@188467fe{hddsDatanode,/,null,STOPPED}{jar:file:/home/runner/.m2/repository/org/apache/ozone/hdds-container-service/1.4.0-SNAPSHOT/hdds-container-service-1.4.0-SNAPSHOT.jar!/webapps/hddsDatanode}
2023-09-13 06:49:22,801 [ForkJoinPool.commonPool-worker-2] INFO  server.AbstractConnector (AbstractConnector.java:doStop(383)) - Stopped ServerConnector@6fa43cbf{HTTP/1.1, (http/1.1)}{0.0.0.0:15009}
2023-09-13 06:49:22,801 [ForkJoinPool.commonPool-worker-2] INFO  server.session (HouseKeeper.java:stopScavenging(149)) - node0 Stopped scavenging
2023-09-13 06:49:22,804 [ForkJoinPool.commonPool-worker-2] INFO  handler.ContextHandler (ContextHandler.java:doStop(1159)) - Stopped o.e.j.s.ServletContextHandler@81e6f3{static,/static,jar:file:/home/runner/.m2/repository/org/apache/ozone/hdds-container-service/1.4.0-SNAPSHOT/hdds-container-service-1.4.0-SNAPSHOT.jar!/webapps/static,STOPPED}
2023-09-13 06:49:22,804 [ForkJoinPool.commonPool-worker-2] INFO  handler.ContextHandler (ContextHandler.java:doStop(1159)) - Stopped o.e.j.s.ServletContextHandler@2085c9bb{logs,/logs,file:///home/runner/work/ozone/ozone/hadoop-ozone/integration-test/target/log,STOPPED}
2023-09-13 06:49:22,806 [ForkJoinPool.commonPool-worker-2] INFO  ozone.HddsDatanodeClientProtocolServer (HddsDatanodeClientProtocolServer.java:stop(78)) - Stopping the RPC server for Client Protocol
2023-09-13 06:49:22,806 [ForkJoinPool.commonPool-worker-2] INFO  ipc.Server (Server.java:stop(3523)) - Stopping server on 15010
2023-09-13 06:49:22,807 [IPC Server Responder] INFO  ipc.Server (Server.java:run(1567)) - Stopping IPC Server Responder
2023-09-13 06:49:22,807 [IPC Server listener on 15010] INFO  ipc.Server (Server.java:run(1434)) - Stopping IPC Server listener on 15010
2023-09-13 06:49:22,808 [JUnit] INFO  ozone.MiniOzoneClusterImpl (MiniOzoneClusterImpl.java:stopSCM(543)) - Stopping the StorageContainerManager
2023-09-13 06:49:22,809 [JUnit] INFO  server.StorageContainerManager (StorageContainerManager.java:stop(1591)) - Container Balancer is not running.
2023-09-13 06:49:22,809 [JUnit] INFO  server.StorageContainerManager (StorageContainerManager.java:stopReplicationManager(1724)) - Stopping Replication Manager Service.
2023-09-13 06:49:22,809 [JUnit] INFO  replication.ReplicationManager (ReplicationManager.java:stop(323)) - Stopping Replication Monitor Thread.
2023-09-13 06:49:22,809 [JUnit] INFO  server.StorageContainerManager (StorageContainerManager.java:stop(1600)) - Stopping the Datanode Admin Monitor.
2023-09-13 06:49:22,809 [Over Replicated Processor] WARN  replication.UnhealthyReplicationProcessor (UnhealthyReplicationProcessor.java:run(180)) - Over Replicated Processor interrupted. Exiting...
2023-09-13 06:49:22,809 [JUnit] INFO  server.StorageContainerManager (StorageContainerManager.java:stop(1607)) - Stopping datanode service RPC server
2023-09-13 06:49:22,810 [JUnit] INFO  server.SCMDatanodeProtocolServer (SCMDatanodeProtocolServer.java:stop(424)) - Stopping the RPC server for DataNodes
2023-09-13 06:49:22,810 [JUnit] INFO  ipc.Server (Server.java:stop(3523)) - Stopping server on 15002
2023-09-13 06:49:22,809 [Under Replicated Processor] WARN  replication.UnhealthyReplicationProcessor (UnhealthyReplicationProcessor.java:run(180)) - Under Replicated Processor interrupted. Exiting...
2023-09-13 06:49:22,810 [ReplicationMonitor] INFO  replication.ReplicationManager (ReplicationManager.java:run(921)) - Replication Monitor Thread is stopped
2023-09-13 06:49:22,811 [IPC Server listener on 15002] INFO  ipc.Server (Server.java:run(1434)) - Stopping IPC Server listener on 15002
2023-09-13 06:49:22,812 [IPC Server Responder] INFO  ipc.Server (Server.java:run(1567)) - Stopping IPC Server Responder
2023-09-13 06:49:22,868 [SCM Heartbeat Processing Thread - 0] WARN  node.NodeStateManager (NodeStateManager.java:scheduleNextHealthCheck(874)) - Current Thread is interrupted, shutting down HB processing thread for Node Manager.
2023-09-13 06:49:22,868 [JUnit] INFO  server.StorageContainerManager (StorageContainerManager.java:stop(1615)) - Stopping block service RPC server
2023-09-13 06:49:22,869 [JUnit] INFO  server.SCMBlockProtocolServer (SCMBlockProtocolServer.java:stop(163)) - Stopping the RPC server for Block Protocol
2023-09-13 06:49:22,869 [JUnit] INFO  ipc.Server (Server.java:stop(3523)) - Stopping server on 15001
2023-09-13 06:49:22,870 [IPC Server listener on 15001] INFO  ipc.Server (Server.java:run(1434)) - Stopping IPC Server listener on 15001
2023-09-13 06:49:22,871 [IPC Server Responder] INFO  ipc.Server (Server.java:run(1567)) - Stopping IPC Server Responder
2023-09-13 06:49:22,871 [JUnit] INFO  server.StorageContainerManager (StorageContainerManager.java:stop(1622)) - Stopping the StorageContainerLocationProtocol RPC server
2023-09-13 06:49:22,872 [JUnit] INFO  server.SCMClientProtocolServer (SCMClientProtocolServer.java:stop(210)) - Stopping the RPC server for Client Protocol
2023-09-13 06:49:22,872 [JUnit] INFO  ipc.Server (Server.java:stop(3523)) - Stopping server on 15000
2023-09-13 06:49:22,872 [IPC Server listener on 15000] INFO  ipc.Server (Server.java:run(1434)) - Stopping IPC Server listener on 15000
2023-09-13 06:49:22,872 [IPC Server Responder] INFO  ipc.Server (Server.java:run(1567)) - Stopping IPC Server Responder
2023-09-13 06:49:22,873 [JUnit] INFO  server.StorageContainerManager (StorageContainerManager.java:stop(1629)) - Stopping Storage Container Manager HTTP server.
2023-09-13 06:49:22,875 [JUnit] INFO  handler.ContextHandler (ContextHandler.java:doStop(1159)) - Stopped o.e.j.w.WebAppContext@2802caa2{scm,/,null,STOPPED}{file:/home/runner/work/ozone/ozone/hadoop-ozone/integration-test/target/test-classes/webapps/scm}
2023-09-13 06:49:22,875 [JUnit] INFO  server.AbstractConnector (AbstractConnector.java:doStop(383)) - Stopped ServerConnector@52539624{HTTP/1.1, (http/1.1)}{0.0.0.0:15003}
2023-09-13 06:49:22,875 [JUnit] INFO  server.session (HouseKeeper.java:stopScavenging(149)) - node0 Stopped scavenging
2023-09-13 06:49:22,876 [JUnit] INFO  handler.ContextHandler (ContextHandler.java:doStop(1159)) - Stopped o.e.j.s.ServletContextHandler@6391d34f{static,/static,file:///home/runner/work/ozone/ozone/hadoop-ozone/integration-test/target/test-classes/webapps/static,STOPPED}
2023-09-13 06:49:22,876 [JUnit] INFO  handler.ContextHandler (ContextHandler.java:doStop(1159)) - Stopped o.e.j.s.ServletContextHandler@41f84bb1{logs,/logs,file:///home/runner/work/ozone/ozone/hadoop-ozone/integration-test/target/log,STOPPED}
2023-09-13 06:49:22,878 [JUnit] INFO  server.StorageContainerManager (StorageContainerManager.java:stop(1637)) - Stopping SCM LayoutVersionManager Service.
2023-09-13 06:49:22,878 [JUnit] INFO  server.StorageContainerManager (StorageContainerManager.java:stop(1649)) - Stopping Block Manager Service.
2023-09-13 06:49:22,878 [JUnit] INFO  utils.BackgroundService (BackgroundService.java:shutdown(141)) - Shutting down service SCMBlockDeletingService
2023-09-13 06:49:22,878 [JUnit] INFO  utils.BackgroundService (BackgroundService.java:shutdown(141)) - Shutting down service SCMBlockDeletingService
2023-09-13 06:49:22,879 [JUnit] INFO  server.StorageContainerManager (StorageContainerManager.java:stop(1669)) - Stopping SCM Event Queue.
2023-09-13 06:49:22,881 [JvmPauseMonitor0] INFO  util.JvmPauseMonitor (JvmPauseMonitor.java:run(109)) - JvmPauseMonitor-2feb55fe-6f30-4b07-9cbd-b2b1472db4b2: Stopped
2023-09-13 06:49:22,882 [JUnit] INFO  server.StorageContainerManager (StorageContainerManager.java:stop(1680)) - Stopping SCM HA services.
2023-09-13 06:49:22,882 [JUnit] INFO  pipeline.BackgroundPipelineCreator (BackgroundPipelineCreator.java:stop(149)) - Stopping RatisPipelineUtilsThread.
2023-09-13 06:49:22,882 [RatisPipelineUtilsThread - 0] WARN  pipeline.BackgroundPipelineCreator (BackgroundPipelineCreator.java:run(180)) - RatisPipelineUtilsThread is interrupted.
2023-09-13 06:49:22,882 [JUnit] INFO  BackgroundPipelineScrubber (BackgroundSCMService.java:stop(131)) - Stopping BackgroundPipelineScrubber Service.
2023-09-13 06:49:22,882 [BackgroundPipelineScrubberThread] WARN  BackgroundPipelineScrubber (BackgroundSCMService.java:run(115)) - BackgroundPipelineScrubber is interrupted, exit
2023-09-13 06:49:22,883 [JUnit] INFO  impl.MetricsSystemImpl (MetricsSystemImpl.java:stop(210)) - Stopping XceiverClientMetrics metrics system...
2023-09-13 06:49:22,890 [prometheus] INFO  impl.MetricsSinkAdapter (MetricsSinkAdapter.java:publishMetricsFromQueue(141)) - prometheus thread interrupted.
2023-09-13 06:49:22,890 [JUnit] INFO  impl.MetricsSystemImpl (MetricsSystemImpl.java:stop(216)) - XceiverClientMetrics metrics system stopped.
2023-09-13 06:49:22,891 [JUnit] WARN  pipeline.BackgroundPipelineCreator (BackgroundPipelineCreator.java:stop(145)) - RatisPipelineUtilsThread is not running, just ignore.
2023-09-13 06:49:22,891 [JUnit] INFO  BackgroundPipelineScrubber (BackgroundSCMService.java:stop(126)) - BackgroundPipelineScrubber Service is not running, skip stop.
2023-09-13 06:49:22,891 [ExpiredContainerReplicaOpScrubberThread] WARN  ExpiredContainerReplicaOpScrubber (BackgroundSCMService.java:run(115)) - ExpiredContainerReplicaOpScrubber is interrupted, exit
2023-09-13 06:49:22,891 [JUnit] INFO  ExpiredContainerReplicaOpScrubber (BackgroundSCMService.java:stop(131)) - Stopping ExpiredContainerReplicaOpScrubber Service.
2023-09-13 06:49:22,892 [JUnit] INFO  utils.BackgroundService (BackgroundService.java:shutdown(141)) - Shutting down service SCMBlockDeletingService
2023-09-13 06:49:22,892 [JUnit] INFO  replication.ReplicationManager (ReplicationManager.java:stop(333)) - Replication Monitor Thread is not running.
2023-09-13 06:49:22,892 [JUnit] WARN  balancer.ContainerBalancer (ContainerBalancer.java:stop(326)) - Cannot stop Container Balancer because it's not running or stopping
2023-09-13 06:49:22,892 [JUnit] INFO  server.StorageContainerManager (StorageContainerManager.java:stop(1715)) - Stopping SCM MetadataStore.
2023-09-13 06:49:22,964 [JUnit] WARN  server.ServerUtils (ServerUtils.java:getScmDbDir(155)) - ozone.scm.db.dirs is not configured. We recommend adding this setting. Falling back to ozone.metadata.dirs instead.
2023-09-13 06:49:22,969 [JUnit] WARN  server.ServerUtils (ServerUtils.java:getScmDbDir(155)) - ozone.scm.db.dirs is not configured. We recommend adding this setting. Falling back to ozone.metadata.dirs instead.
2023-09-13 06:49:22,969 [JUnit] INFO  ha.SCMHANodeDetails (SCMHANodeDetails.java:loadSCMHAConfig(210)) - ServiceID for StorageContainerManager is null
2023-09-13 06:49:22,969 [JUnit] INFO  ha.SCMHANodeDetails (SCMHANodeDetails.java:loadSCMHAConfig(215)) - ozone.scm.default.service.id is not defined, falling back to ozone.scm.service.ids to find serviceID for StorageContainerManager if it is HA enabled cluster
2023-09-13 06:49:22,970 [JUnit] WARN  utils.HAUtils (HAUtils.java:getMetaDir(339)) - ozone.scm.db.dirs is not configured. We recommend adding this setting. Falling back to ozone.metadata.dirs instead.
2023-09-13 06:49:22,970 [JUnit] WARN  db.DBStoreBuilder (DBStoreBuilder.java:applyDBDefinition(166)) - ozone.scm.db.dirs is not configured. We recommend adding this setting. Falling back to ozone.metadata.dirs instead.
2023-09-13 06:49:23,093 [JUnit] INFO  net.NodeSchemaLoader (NodeSchemaLoader.java:loadSchemaFromFile(129)) - Loading schema from [jar:file:/home/runner/.m2/repository/org/apache/ozone/hdds-common/1.4.0-SNAPSHOT/hdds-common-1.4.0-SNAPSHOT.jar!/network-topology-default.xml]
2023-09-13 06:49:23,094 [JUnit] INFO  net.NodeSchemaLoader (NodeSchemaLoader.java:loadSchema(176)) - Loading network topology layer schema file
2023-09-13 06:49:23,096 [JUnit] INFO  upgrade.AbstractLayoutVersionManager (AbstractLayoutVersionManager.java:init(83)) - Initializing Layout version manager with metadata layout = HADOOP_PRC_PORTS_IN_DATANODEDETAILS (version = 7), software layout = HADOOP_PRC_PORTS_IN_DATANODEDETAILS (version = 7)
2023-09-13 06:49:23,098 [JUnit] INFO  ha.SequenceIdGenerator (SequenceIdGenerator.java:upgradeToSequenceId(365)) - upgrade localId to 111677748019200000
2023-09-13 06:49:23,099 [JUnit] INFO  ha.SequenceIdGenerator (SequenceIdGenerator.java:upgradeToSequenceId(375)) - upgrade delTxnId to 0
2023-09-13 06:49:23,100 [JUnit] INFO  ha.SequenceIdGenerator (SequenceIdGenerator.java:upgradeToSequenceId(392)) - upgrade containerId to 0
2023-09-13 06:49:23,101 [JUnit] INFO  ha.SequenceIdGenerator (SequenceIdGenerator.java:upgradeToSequenceId(428)) - upgrade rootCertificateId to 1
2023-09-13 06:49:23,101 [JUnit] INFO  ha.SequenceIdGenerator (SequenceIdGenerator.java:<init>(236)) - Init the HA SequenceIdGenerator.
2023-09-13 06:49:23,101 [JUnit] WARN  server.ServerUtils (ServerUtils.java:sanitizeUserArgs(80)) - ozone.scm.stale.node.interval value = 300000 is larger than max = 100000 based on the key value of ozone.scm.heartbeat.thread.interval, reset to the max value 100000.
2023-09-13 06:49:23,101 [JUnit] WARN  server.ServerUtils (ServerUtils.java:sanitizeUserArgs(80)) - ozone.scm.stale.node.interval value = 300000 is larger than max = 100000 based on the key value of ozone.scm.heartbeat.thread.interval, reset to the max value 100000.
2023-09-13 06:49:23,102 [JUnit] INFO  node.SCMNodeManager (SCMNodeManager.java:<init>(157)) - Entering startup safe mode.
2023-09-13 06:49:23,103 [JUnit] INFO  algorithms.ContainerPlacementPolicyFactory (ContainerPlacementPolicyFactory.java:getPolicyInternal(86)) - Create container placement policy of type org.apache.hadoop.hdds.scm.container.placement.algorithms.SCMContainerPlacementRackAware
2023-09-13 06:49:23,103 [JUnit] INFO  algorithms.ContainerPlacementPolicyFactory (ContainerPlacementPolicyFactory.java:getPolicyInternal(86)) - Create container placement policy of type org.apache.hadoop.hdds.scm.container.placement.algorithms.SCMContainerPlacementRackScatter
2023-09-13 06:49:23,103 [JUnit] INFO  pipeline.PipelineStateManagerImpl (PipelineStateManagerImpl.java:initialize(78)) - No pipeline exists in current db
2023-09-13 06:49:23,103 [JUnit] INFO  algorithms.LeaderChoosePolicyFactory (LeaderChoosePolicyFactory.java:getPolicy(57)) - Create leader choose policy of type org.apache.hadoop.hdds.scm.pipeline.leader.choose.algorithms.MinLeaderCountChoosePolicy
2023-09-13 06:49:23,103 [JUnit] INFO  algorithms.ContainerPlacementPolicyFactory (ContainerPlacementPolicyFactory.java:getPolicyInternal(86)) - Create container placement policy of type org.apache.hadoop.hdds.scm.container.placement.algorithms.SCMContainerPlacementRackScatter
2023-09-13 06:49:23,104 [JUnit] INFO  ha.SCMServiceManager (SCMServiceManager.java:register(42)) - Registering service BackgroundPipelineCreator.
2023-09-13 06:49:23,104 [JUnit] INFO  pipeline.BackgroundPipelineCreator (BackgroundPipelineCreator.java:start(124)) - Starting RatisPipelineUtilsThread.
2023-09-13 06:49:23,104 [JUnit] INFO  BackgroundPipelineScrubber (BackgroundSCMService.java:start(68)) - Starting BackgroundPipelineScrubber Service.
2023-09-13 06:49:23,105 [JUnit] INFO  ha.SCMServiceManager (SCMServiceManager.java:register(42)) - Registering service BackgroundPipelineScrubber.
2023-09-13 06:49:23,105 [JUnit] INFO  ExpiredContainerReplicaOpScrubber (BackgroundSCMService.java:start(68)) - Starting ExpiredContainerReplicaOpScrubber Service.
2023-09-13 06:49:23,105 [JUnit] INFO  ha.SCMServiceManager (SCMServiceManager.java:register(42)) - Registering service ExpiredContainerReplicaOpScrubber.
2023-09-13 06:49:23,106 [JUnit] INFO  algorithms.PipelineChoosePolicyFactory (PipelineChoosePolicyFactory.java:createPipelineChoosePolicyFromClass(78)) - Create pipeline choose policy of type org.apache.hadoop.hdds.scm.pipeline.choose.algorithms.RandomPipelineChoosePolicy
2023-09-13 06:49:23,106 [JUnit] INFO  algorithms.PipelineChoosePolicyFactory (PipelineChoosePolicyFactory.java:createPipelineChoosePolicyFromClass(78)) - Create pipeline choose policy of type org.apache.hadoop.hdds.scm.pipeline.choose.algorithms.RandomPipelineChoosePolicy
2023-09-13 06:49:23,107 [JUnit] INFO  ha.SCMServiceManager (SCMServiceManager.java:register(42)) - Registering service SCMBlockDeletingService.
2023-09-13 06:49:23,108 [JUnit] INFO  replication.ReplicationManager (ReplicationManager.java:start(291)) - Starting Replication Monitor Thread.
2023-09-13 06:49:23,112 [JUnit] INFO  ha.SCMServiceManager (SCMServiceManager.java:register(42)) - Registering service ReplicationManager.
2023-09-13 06:49:23,113 [JUnit] INFO  safemode.ContainerSafeModeRule (ContainerSafeModeRule.java:<init>(90)) - containers with one replica threshold count 0
2023-09-13 06:49:23,113 [JUnit] INFO  safemode.HealthyPipelineSafeModeRule (HealthyPipelineSafeModeRule.java:initializeRule(169)) - Total pipeline count is 0, healthy pipeline threshold count is 1
2023-09-13 06:49:23,113 [JUnit] INFO  safemode.OneReplicaPipelineSafeModeRule (OneReplicaPipelineSafeModeRule.java:initializeRule(180)) - Total pipeline count is 0, pipeline's with at least one datanode reported threshold count is 0
2023-09-13 06:49:23,114 [JUnit] INFO  server.StorageContainerManager (StorageContainerManager.java:<init>(425)) - SCM start with adminUsers: [runner]
2023-09-13 06:49:23,114 [JUnit] INFO  ipc.CallQueueManager (CallQueueManager.java:<init>(90)) - Using callQueue: class java.util.concurrent.LinkedBlockingQueue, queueCapacity: 2000, scheduler: class org.apache.hadoop.ipc.DefaultRpcScheduler, ipcBackoff: false.
2023-09-13 06:49:23,115 [JUnit] INFO  ipc.Server (Server.java:<init>(1287)) - Listener at 0.0.0.0:15055
2023-09-13 06:49:23,116 [Socket Reader #1 for port 15055] INFO  ipc.Server (Server.java:run(1323)) - Starting Socket Reader #1 for port 15055
2023-09-13 06:49:23,117 [JUnit] INFO  ipc.CallQueueManager (CallQueueManager.java:<init>(90)) - Using callQueue: class java.util.concurrent.LinkedBlockingQueue, queueCapacity: 2000, scheduler: class org.apache.hadoop.ipc.DefaultRpcScheduler, ipcBackoff: false.
2023-09-13 06:49:23,117 [JUnit] INFO  ipc.Server (Server.java:<init>(1287)) - Listener at 0.0.0.0:15054
2023-09-13 06:49:23,119 [Socket Reader #1 for port 15054] INFO  ipc.Server (Server.java:run(1323)) - Starting Socket Reader #1 for port 15054
2023-09-13 06:49:23,120 [ReplicationMonitor] INFO  replication.ReplicationManager (ReplicationManager.java:processAll(365)) - Replication Manager is not ready to run until 3000ms after safemode exit
2023-09-13 06:49:23,120 [JUnit] INFO  ipc.CallQueueManager (CallQueueManager.java:<init>(90)) - Using callQueue: class java.util.concurrent.LinkedBlockingQueue, queueCapacity: 2000, scheduler: class org.apache.hadoop.ipc.DefaultRpcScheduler, ipcBackoff: false.
2023-09-13 06:49:23,121 [JUnit] INFO  ipc.Server (Server.java:<init>(1287)) - Listener at 0.0.0.0:15053
2023-09-13 06:49:23,121 [Socket Reader #1 for port 15053] INFO  ipc.Server (Server.java:run(1323)) - Starting Socket Reader #1 for port 15053
2023-09-13 06:49:23,127 [JUnit] INFO  ha.SCMServiceManager (SCMServiceManager.java:register(42)) - Registering service ContainerBalancer.
2023-09-13 06:49:23,128 [JUnit] INFO  server.StorageContainerManager (StorageContainerManager.java:<init>(438)) - 
Container Balancer status:
Key                            Value
Running                        false
Container Balancer Configuration values:
Key                                                Value
Threshold                                          10
Max Datanodes to Involve per Iteration(percent)    20
Max Size to Move per Iteration                     500GB
Max Size Entering Target per Iteration             26GB
Max Size Leaving Source per Iteration              26GB

2023-09-13 06:49:23,128 [JUnit] INFO  ha.SCMContext (SCMContext.java:updateSafeModeStatus(228)) - Update SafeModeStatus from SafeModeStatus{safeModeStatus=true, preCheckPassed=false} to SafeModeStatus{safeModeStatus=true, preCheckPassed=false}.
2023-09-13 06:49:23,128 [JUnit] INFO  server.StorageContainerManager (StorageContainerManager.java:start(1483)) - StorageContainerLocationProtocol RPC server is listening at /0.0.0.0:15053
2023-09-13 06:49:23,135 [JUnit] WARN  impl.MetricsConfig (MetricsConfig.java:loadFirst(136)) - Cannot locate configuration: tried hadoop-metrics2-storagecontainermanager.properties,hadoop-metrics2.properties
2023-09-13 06:49:23,141 [JUnit] INFO  impl.MetricsSystemImpl (MetricsSystemImpl.java:startTimer(378)) - Scheduled Metric snapshot period at 10 second(s).
2023-09-13 06:49:23,141 [JUnit] INFO  impl.MetricsSystemImpl (MetricsSystemImpl.java:start(191)) - StorageContainerManager metrics system started
2023-09-13 06:49:23,149 [JUnit] INFO  impl.MetricsSinkAdapter (MetricsSinkAdapter.java:start(204)) - Sink prometheus started
2023-09-13 06:49:23,149 [JUnit] INFO  impl.MetricsSystemImpl (MetricsSystemImpl.java:registerSink(305)) - Registered sink prometheus
2023-09-13 06:49:23,188 [JUnit] INFO  server.SCMClientProtocolServer (SCMClientProtocolServer.java:start(201)) - RPC server for Client  is listening at /0.0.0.0:15053
2023-09-13 06:49:23,188 [IPC Server Responder] INFO  ipc.Server (Server.java:run(1562)) - IPC Server Responder: starting
2023-09-13 06:49:23,188 [IPC Server listener on 15053] INFO  ipc.Server (Server.java:run(1402)) - IPC Server listener on 15053: starting
2023-09-13 06:49:23,194 [JUnit] INFO  server.StorageContainerManager (StorageContainerManager.java:start(1496)) - ScmBlockLocationProtocol RPC server is listening at /0.0.0.0:15054
2023-09-13 06:49:23,194 [JUnit] INFO  server.SCMBlockProtocolServer (SCMBlockProtocolServer.java:start(154)) - RPC server for Block Protocol is listening at /0.0.0.0:15054
2023-09-13 06:49:23,195 [IPC Server Responder] INFO  ipc.Server (Server.java:run(1562)) - IPC Server Responder: starting
2023-09-13 06:49:23,195 [IPC Server listener on 15054] INFO  ipc.Server (Server.java:run(1402)) - IPC Server listener on 15054: starting
2023-09-13 06:49:23,202 [JUnit] INFO  server.SCMDatanodeProtocolServer (SCMDatanodeProtocolServer.java:start(193)) - ScmDatanodeProtocol RPC server for DataNodes is listening at /0.0.0.0:15055
2023-09-13 06:49:23,205 [IPC Server Responder] INFO  ipc.Server (Server.java:run(1562)) - IPC Server Responder: starting
2023-09-13 06:49:23,206 [IPC Server listener on 15055] INFO  ipc.Server (Server.java:run(1402)) - IPC Server listener on 15055: starting
2023-09-13 06:49:23,210 [JvmPauseMonitor7] INFO  util.JvmPauseMonitor (JvmPauseMonitor.java:run(103)) - JvmPauseMonitor-672d5b4d-ef80-423a-8a77-c6393aa71f67: Started
2023-09-13 06:49:23,210 [JUnit] INFO  http.BaseHttpServer (BaseHttpServer.java:newHttpServer2BuilderForOzone(223)) - Starting Web-server for scm at: http://0.0.0.0:15056
2023-09-13 06:49:23,211 [JUnit] INFO  http.BaseHttpServer (BaseHttpServer.java:<init>(110)) - Hadoop Security Enabled: false Ozone Security Enabled: false Ozone HTTP Security Enabled: false 
2023-09-13 06:49:23,215 [JUnit] WARN  server.AuthenticationFilter (AuthenticationFilter.java:constructSecretProvider(240)) - Unable to initialize FileSignerSecretProvider, falling back to use random secrets. Reason: Could not read signature secret file: /home/runner/hadoop-http-auth-signature-secret
2023-09-13 06:49:23,216 [JUnit] INFO  http.HttpRequestLog (HttpRequestLog.java:getRequestLog(86)) - Http request log for http.requests.scm is not defined
2023-09-13 06:49:23,218 [JUnit] INFO  http.HttpServer2 (HttpServer2.java:addGlobalFilter(1031)) - Added global filter 'safety' (class=org.apache.hadoop.hdds.server.http.HttpServer2$QuotingInputFilter)
2023-09-13 06:49:23,219 [JUnit] INFO  http.HttpServer2 (HttpServer2.java:addFilter(1007)) - Added filter static_user_filter (class=org.apache.hadoop.http.lib.StaticUserWebFilter$StaticUserFilter) to context scm
2023-09-13 06:49:23,220 [JUnit] INFO  http.HttpServer2 (HttpServer2.java:addFilter(1015)) - Added filter static_user_filter (class=org.apache.hadoop.http.lib.StaticUserWebFilter$StaticUserFilter) to context static
2023-09-13 06:49:23,220 [JUnit] INFO  http.HttpServer2 (HttpServer2.java:addFilter(1015)) - Added filter static_user_filter (class=org.apache.hadoop.http.lib.StaticUserWebFilter$StaticUserFilter) to context logs
2023-09-13 06:49:23,221 [JUnit] INFO  http.BaseHttpServer (BaseHttpServer.java:<init>(189)) - HTTP server of scm uses base directory /home/runner/work/ozone/ozone/hadoop-ozone/integration-test/target/test-dir/MiniOzoneClusterImpl-af11299d-9bff-4b11-875a-a8648a114883/ozone-meta/webserver
2023-09-13 06:49:23,221 [JUnit] INFO  http.HttpServer2 (HttpServer2.java:bindListener(1231)) - Jetty bound to port 15056
2023-09-13 06:49:23,221 [JUnit] INFO  server.Server (Server.java:doStart(375)) - jetty-9.4.51.v20230217; built: 2023-02-17T08:19:37.309Z; git: b45c405e4544384de066f814ed42ae3dceacdd49; jvm 1.8.0_382-b05
2023-09-13 06:49:23,224 [JUnit] INFO  server.session (DefaultSessionIdManager.java:doStart(334)) - DefaultSessionIdManager workerName=node0
2023-09-13 06:49:23,224 [JUnit] INFO  server.session (DefaultSessionIdManager.java:doStart(339)) - No SessionScavenger set, using defaults
2023-09-13 06:49:23,225 [JUnit] INFO  server.session (HouseKeeper.java:startScavenging(132)) - node0 Scavenging every 600000ms
2023-09-13 06:49:23,225 [JUnit] INFO  handler.ContextHandler (ContextHandler.java:doStart(921)) - Started o.e.j.s.ServletContextHandler@19fb7097{logs,/logs,file:///home/runner/work/ozone/ozone/hadoop-ozone/integration-test/target/log,AVAILABLE}
2023-09-13 06:49:23,226 [JUnit] INFO  handler.ContextHandler (ContextHandler.java:doStart(921)) - Started o.e.j.s.ServletContextHandler@10615dc8{static,/static,file:///home/runner/work/ozone/ozone/hadoop-ozone/integration-test/target/test-classes/webapps/static,AVAILABLE}
2023-09-13 06:49:23,233 [JUnit] INFO  handler.ContextHandler (ContextHandler.java:doStart(921)) - Started o.e.j.w.WebAppContext@45ebdfba{scm,/,file:///home/runner/work/ozone/ozone/hadoop-ozone/integration-test/target/test-classes/webapps/scm/,AVAILABLE}{file:/home/runner/work/ozone/ozone/hadoop-ozone/integration-test/target/test-classes/webapps/scm}
2023-09-13 06:49:23,234 [JUnit] INFO  server.AbstractConnector (AbstractConnector.java:doStart(333)) - Started ServerConnector@299398c6{HTTP/1.1, (http/1.1)}{0.0.0.0:15056}
2023-09-13 06:49:23,234 [JUnit] INFO  server.Server (Server.java:doStart(415)) - Started @31878ms
2023-09-13 06:49:23,234 [JUnit] WARN  impl.MetricsSystemImpl (MetricsSystemImpl.java:register(279)) - Sink prometheus already exists!
2023-09-13 06:49:23,235 [JUnit] INFO  http.BaseHttpServer (BaseHttpServer.java:updateConnectorAddress(354)) - HTTP server of scm listening at http://0.0.0.0:15056
2023-09-13 06:49:23,235 [JUnit] WARN  server.ServerUtils (ServerUtils.java:getDBPath(311)) - ozone.om.db.dirs is not configured. We recommend adding this setting. Falling back to ozone.metadata.dirs instead.
2023-09-13 06:49:23,237 [JUnit] INFO  ha.OMHANodeDetails (OMHANodeDetails.java:loadOMHAConfig(115)) - ozone.om.internal.service.id is not defined, falling back to ozone.om.service.ids to find serviceID for OzoneManager if it is HA enabled cluster
2023-09-13 06:49:23,238 [JUnit] INFO  ha.OMHANodeDetails (OMHANodeDetails.java:loadOMHAConfig(226)) - Configuration does not have ozone.om.address set. Falling back to the default OM address /127.0.0.1:15057
2023-09-13 06:49:23,238 [JUnit] INFO  ha.OMHANodeDetails (OMHANodeDetails.java:getOMNodeDetailsForNonHA(254)) - OM Service ID is not set. Setting it to the default ID: omServiceIdDefault
2023-09-13 06:49:23,238 [JUnit] INFO  ha.OMHANodeDetails (OMHANodeDetails.java:getOMNodeDetailsForNonHA(261)) - OM Node ID is not set. Setting it to the default ID: om1
2023-09-13 06:49:23,238 [JUnit] WARN  server.ServerUtils (ServerUtils.java:getDBPath(311)) - ozone.om.db.dirs is not configured. We recommend adding this setting. Falling back to ozone.metadata.dirs instead.
2023-09-13 06:49:23,239 [JUnit] INFO  upgrade.AbstractLayoutVersionManager (AbstractLayoutVersionManager.java:init(83)) - Initializing Layout version manager with metadata layout = QUOTA (version = 6), software layout = QUOTA (version = 6)
2023-09-13 06:49:23,391 [JUnit] INFO  reflections.Reflections (Reflections.java:scan(232)) - Reflections took 151 ms to scan 2 urls, producing 187 keys and 515 values [using 2 cores]
2023-09-13 06:49:23,391 [JUnit] INFO  upgrade.OMLayoutVersionManager (OMLayoutVersionManager.java:lambda$0(115)) - Skipping Upgrade Action QuotaRepairUpgradeAction since it has been finalized.
2023-09-13 06:49:23,391 [JUnit] INFO  upgrade.OMLayoutVersionManager (OMLayoutVersionManager.java:lambda$0(115)) - Skipping Upgrade Action MockOmUpgradeAction since it has been finalized.
2023-09-13 06:49:23,392 [JUnit] WARN  server.ServerUtils (ServerUtils.java:getDBPath(311)) - ozone.om.db.dirs is not configured. We recommend adding this setting. Falling back to ozone.metadata.dirs instead.
2023-09-13 06:49:23,392 [JUnit] INFO  proxy.SCMBlockLocationFailoverProxyProvider (SCMBlockLocationFailoverProxyProvider.java:<init>(114)) - Created block location fail-over proxy with 1 nodes: [nodeId=scmNodeId,nodeAddress=/0.0.0.0:15054]
2023-09-13 06:49:23,394 [JUnit] INFO  proxy.SCMBlockLocationFailoverProxyProvider (SCMBlockLocationFailoverProxyProvider.java:<init>(114)) - Created block location fail-over proxy with 1 nodes: [nodeId=scmNodeId,nodeAddress=/0.0.0.0:15054]
2023-09-13 06:49:23,404 [JUnit] INFO  om.OzoneManager (OzoneManager.java:<init>(665)) - OM start with adminUsers: [runner]
2023-09-13 06:49:23,406 [JUnit] WARN  server.ServerUtils (ServerUtils.java:getDBPath(311)) - ozone.om.db.dirs is not configured. We recommend adding this setting. Falling back to ozone.metadata.dirs instead.
2023-09-13 06:49:23,406 [JUnit] INFO  helpers.OmKeyInfo (OmKeyInfo.java:getCodec(71)) - OmKeyInfo.getCodec ignorePipeline = true
2023-09-13 06:49:23,650 [JUnit] INFO  om.OzoneManager (OzoneManager.java:instantiateServices(794)) - S3 Multi-Tenancy is disabled
2023-09-13 06:49:23,652 [JUnit] INFO  om.OmSnapshotManager (OmSnapshotManager.java:<init>(174)) - Ozone filesystem snapshot feature is enabled.
2023-09-13 06:49:23,652 [JUnit] WARN  server.ServerUtils (ServerUtils.java:getDBPath(311)) - ozone.om.snapshot.diff.db.dir is not configured. We recommend adding this setting. Falling back to ozone.metadata.dirs instead.
2023-09-13 06:49:23,682 [JUnit] INFO  snapshot.SnapshotDiffManager (SnapshotDiffManager.java:closeExecutorService(1706)) - Shutting down executorService: 'SstDumpToolExecutor'
2023-09-13 06:49:23,684 [JUnit] INFO  om.OzoneManager (OzoneManager.java:addS3GVolumeToDB(4305)) - Created Volume s3v With Owner runner required for S3Gateway operations.
2023-09-13 06:49:23,684 [JUnit] WARN  server.ServerUtils (ServerUtils.java:getDefaultRatisDirectory(323)) - Storage directory for Ratis is not configured. It is a good idea to map this to an SSD disk. Falling back to ozone.metadata.dirs
2023-09-13 06:49:23,685 [JUnit] WARN  utils.OzoneManagerRatisUtils (OzoneManagerRatisUtils.java:getOMRatisSnapshotDirectory(464)) - ozone.om.ratis.snapshot.dir is not configured. Falling back to ozone.metadata.dirs config
2023-09-13 06:49:23,685 [JUnit] WARN  server.ServerUtils (ServerUtils.java:getDefaultRatisDirectory(323)) - Storage directory for Ratis is not configured. It is a good idea to map this to an SSD disk. Falling back to ozone.metadata.dirs
2023-09-13 06:49:23,688 [JUnit] INFO  ratis.OzoneManagerRatisServer (OzoneManagerRatisServer.java:<init>(163)) - Instantiating OM Ratis server with groupID: omServiceIdDefault and peers: localhost:15060
2023-09-13 06:49:23,689 [JUnit] INFO  ratis.OzoneManagerStateMachine (OzoneManagerStateMachine.java:loadSnapshotInfoFromDB(687)) - LastAppliedIndex is set from TransactionInfo from OM DB as (t:0, i:~)
2023-09-13 06:49:23,693 [JUnit] INFO  server.RaftServer (ConfUtils.java:logGet(46)) - raft.rpc.type = GRPC (default)
2023-09-13 06:49:23,693 [JUnit] INFO  grpc.GrpcConfigKeys (ConfUtils.java:logFallback(53)) - raft.grpc.admin.host = null (fallback to raft.grpc.server.host)
2023-09-13 06:49:23,693 [JUnit] INFO  grpc.GrpcConfigKeys (ConfUtils.java:logFallback(53)) - raft.grpc.admin.port = 15060 (fallback to raft.grpc.server.port)
2023-09-13 06:49:23,693 [JUnit] INFO  grpc.GrpcConfigKeys (ConfUtils.java:logFallback(53)) - raft.grpc.client.host = null (fallback to raft.grpc.server.host)
2023-09-13 06:49:23,693 [JUnit] INFO  grpc.GrpcConfigKeys (ConfUtils.java:logFallback(53)) - raft.grpc.client.port = 15060 (fallback to raft.grpc.server.port)
2023-09-13 06:49:23,695 [JUnit] INFO  grpc.GrpcConfigKeys (ConfUtils.java:logGet(46)) - raft.grpc.server.host = null (default)
2023-09-13 06:49:23,695 [JUnit] INFO  grpc.GrpcConfigKeys (ConfUtils.java:logGet(46)) - raft.grpc.server.port = 15060 (custom)
2023-09-13 06:49:23,695 [JUnit] INFO  server.GrpcService (ConfUtils.java:logGet(46)) - raft.grpc.message.size.max = 33554432 (custom)
2023-09-13 06:49:23,695 [JUnit] INFO  server.RaftServerConfigKeys (ConfUtils.java:logGet(46)) - raft.server.log.appender.buffer.byte-limit = 33554432 (custom)
2023-09-13 06:49:23,695 [JUnit] INFO  server.GrpcService (ConfUtils.java:logGet(46)) - raft.grpc.flow.control.window = 1MB (=1048576) (default)
2023-09-13 06:49:23,695 [JUnit] INFO  server.RaftServerConfigKeys (ConfUtils.java:logGet(46)) - raft.server.rpc.request.timeout = 3000ms (default)
2023-09-13 06:49:23,695 [JUnit] INFO  grpc.GrpcConfigKeys (ConfUtils.java:logGet(46)) - raft.grpc.server.heartbeat.channel = true (default)
2023-09-13 06:49:23,696 [JUnit] INFO  grpc.GrpcConfigKeys (ConfUtils.java:logGet(46)) - raft.grpc.server.async.request.thread.pool.cached = true (default)
2023-09-13 06:49:23,696 [JUnit] INFO  grpc.GrpcConfigKeys (ConfUtils.java:logGet(46)) - raft.grpc.server.async.request.thread.pool.size = 32 (default)
2023-09-13 06:49:23,699 [JUnit] INFO  impl.DataStreamServerImpl (ConfUtils.java:logGet(46)) - raft.datastream.type = DISABLED (default)
2023-09-13 06:49:23,699 [JUnit] INFO  server.RaftServerConfigKeys (ConfUtils.java:logGet(46)) - raft.server.threadpool.proxy.cached = true (default)
2023-09-13 06:49:23,700 [JUnit] INFO  server.RaftServerConfigKeys (ConfUtils.java:logGet(46)) - raft.server.threadpool.proxy.size = 0 (default)
2023-09-13 06:49:23,700 [JUnit] INFO  server.RaftServerConfigKeys (ConfUtils.java:logGet(46)) - raft.server.rpc.slowness.timeout = 120s (custom)
2023-09-13 06:49:23,700 [JUnit] INFO  server.RaftServerConfigKeys (ConfUtils.java:logGet(46)) - raft.server.leaderelection.leader.step-down.wait-time = 10s (default)
2023-09-13 06:49:23,700 [JUnit] INFO  server.RaftServerConfigKeys (ConfUtils.java:logGet(46)) - raft.server.storage.dir = [/home/runner/work/ozone/ozone/hadoop-ozone/integration-test/target/test-dir/MiniOzoneClusterImpl-af11299d-9bff-4b11-875a-a8648a114883/ozone-meta/ratis] (custom)
2023-09-13 06:49:23,701 [JUnit] INFO  server.RaftServer (RaftServerProxy.java:addNew(98)) - om1: addNew group-C5BA1605619E:[om1|rpc:localhost:15060|priority:0|startupRole:FOLLOWER] returns group-C5BA1605619E:java.util.concurrent.CompletableFuture@5cd41130[Not completed]
2023-09-13 06:49:23,701 [JUnit] INFO  om.OzoneManager (OzoneManager.java:initializeRatisServer(2148)) - OzoneManager Ratis server initialized at port 15060
2023-09-13 06:49:23,701 [JUnit] INFO  om.OzoneManager (OzoneManager.java:getRpcServer(1196)) - Creating RPC Server
2023-09-13 06:49:23,702 [om1-groupManagement] INFO  server.RaftServer$Division (RaftServerImpl.java:<init>(198)) - om1: new RaftServerImpl for group-C5BA1605619E:[om1|rpc:localhost:15060|priority:0|startupRole:FOLLOWER] with OzoneManagerStateMachine:uninitialized
2023-09-13 06:49:23,703 [om1-groupManagement] INFO  server.RaftServerConfigKeys (ConfUtils.java:logGet(46)) - raft.server.rpc.timeout.min = 1s (custom)
2023-09-13 06:49:23,703 [om1-groupManagement] INFO  server.RaftServerConfigKeys (ConfUtils.java:logGet(46)) - raft.server.rpc.timeout.max = 1200ms (custom)
2023-09-13 06:49:23,703 [om1-groupManagement] INFO  server.RaftServerConfigKeys (ConfUtils.java:logGet(46)) - raft.server.rpc.sleep.time = 25ms (default)
2023-09-13 06:49:23,703 [om1-groupManagement] INFO  server.RaftServerConfigKeys (ConfUtils.java:logGet(46)) - raft.server.rpc.slowness.timeout = 120s (custom)
2023-09-13 06:49:23,703 [om1-groupManagement] INFO  server.RaftServerConfigKeys (ConfUtils.java:logGet(46)) - raft.server.leaderelection.leader.step-down.wait-time = 10s (default)
2023-09-13 06:49:23,703 [om1-groupManagement] INFO  server.RaftServerConfigKeys (ConfUtils.java:logGet(46)) - raft.server.sleep.deviation.threshold = 300ms (default)
2023-09-13 06:49:23,703 [om1-groupManagement] INFO  server.RaftServer$Division (ServerState.java:<init>(120)) - om1@group-C5BA1605619E: ConfigurationManager, init=-1: peers:[om1|rpc:localhost:15060|priority:0|startupRole:FOLLOWER]|listeners:[], old=null, confs=<EMPTY_MAP>
2023-09-13 06:49:23,703 [om1-groupManagement] INFO  server.RaftServerConfigKeys (ConfUtils.java:logGet(46)) - raft.server.storage.dir = [/home/runner/work/ozone/ozone/hadoop-ozone/integration-test/target/test-dir/MiniOzoneClusterImpl-af11299d-9bff-4b11-875a-a8648a114883/ozone-meta/ratis] (custom)
2023-09-13 06:49:23,703 [om1-groupManagement] INFO  server.RaftServerConfigKeys (ConfUtils.java:logGet(46)) - raft.server.log.corruption.policy = EXCEPTION (default)
2023-09-13 06:49:23,704 [om1-groupManagement] INFO  server.RaftServerConfigKeys (ConfUtils.java:logGet(46)) - raft.server.storage.free-space.min = 0MB (=0) (default)
2023-09-13 06:49:23,704 [om1-groupManagement] INFO  server.RaftServerConfigKeys (ConfUtils.java:logGet(46)) - raft.server.notification.no-leader.timeout = 120s (custom)
2023-09-13 06:49:23,704 [om1-groupManagement] INFO  server.RaftServerConfigKeys (ConfUtils.java:logGet(46)) - raft.server.read.timeout = 10s (default)
2023-09-13 06:49:23,704 [om1-groupManagement] INFO  server.RaftServerConfigKeys (ConfUtils.java:logGet(46)) - raft.server.retrycache.expirytime = 300s (custom)
2023-09-13 06:49:23,704 [om1-groupManagement] INFO  server.RaftServerConfigKeys (ConfUtils.java:logGet(46)) - raft.server.retrycache.statistics.expirytime = 100μs (default)
2023-09-13 06:49:23,705 [om1-groupManagement] INFO  server.RaftServerConfigKeys (ConfUtils.java:logGet(46)) - raft.server.read.option = DEFAULT (default)
2023-09-13 06:49:23,705 [om1-groupManagement] INFO  server.RaftServerConfigKeys (ConfUtils.java:logGet(46)) - raft.server.rpc.request.timeout = 3000ms (default)
2023-09-13 06:49:23,705 [om1-groupManagement] INFO  server.RaftServerConfigKeys (ConfUtils.java:logGet(46)) - raft.server.log.appender.install.snapshot.enabled = false (custom)
2023-09-13 06:49:23,705 [om1-groupManagement] INFO  server.RaftServerConfigKeys (ConfUtils.java:logGet(46)) - raft.server.threadpool.server.cached = true (default)
2023-09-13 06:49:23,705 [om1-groupManagement] INFO  server.RaftServerConfigKeys (ConfUtils.java:logGet(46)) - raft.server.threadpool.server.size = 0 (default)
2023-09-13 06:49:23,705 [om1-groupManagement] INFO  server.RaftServerConfigKeys (ConfUtils.java:logGet(46)) - raft.server.threadpool.client.cached = true (default)
2023-09-13 06:49:23,705 [om1-groupManagement] INFO  server.RaftServerConfigKeys (ConfUtils.java:logGet(46)) - raft.server.threadpool.client.size = 0 (default)
2023-09-13 06:49:24,271 [JUnit] INFO  reflections.Reflections (Reflections.java:scan(232)) - Reflections took 569 ms to scan 20 urls, producing 70 keys and 6001 values [using 2 cores]
2023-09-13 06:49:24,272 [JUnit] INFO  ipc.CallQueueManager (CallQueueManager.java:<init>(90)) - Using callQueue: class java.util.concurrent.LinkedBlockingQueue, queueCapacity: 2000, scheduler: class org.apache.hadoop.ipc.DefaultRpcScheduler, ipcBackoff: false.
2023-09-13 06:49:24,273 [JUnit] INFO  ipc.Server (Server.java:<init>(1287)) - Listener at 127.0.0.1:15057
2023-09-13 06:49:24,275 [Socket Reader #1 for port 15057] INFO  ipc.Server (Server.java:run(1323)) - Starting Socket Reader #1 for port 15057
2023-09-13 06:49:24,303 [JUnit] INFO  impl.MetricsSystemImpl (MetricsSystemImpl.java:init(158)) - OzoneManager metrics system started (again)
2023-09-13 06:49:24,318 [JUnit] INFO  om.OzoneManager (OzoneManager.java:start(1633)) - OzoneManager RPC server is listening at localhost/127.0.0.1:15057
2023-09-13 06:49:24,318 [JUnit] INFO  ratis.OzoneManagerRatisServer (OzoneManagerRatisServer.java:start(558)) - Starting OzoneManagerRatisServer om1 at port 15060
2023-09-13 06:49:24,319 [om1-impl-thread1] INFO  storage.RaftStorageDirectory (RaftStorageDirectoryImpl.java:analyzeStorage(137)) - The storage directory /home/runner/work/ozone/ozone/hadoop-ozone/integration-test/target/test-dir/MiniOzoneClusterImpl-af11299d-9bff-4b11-875a-a8648a114883/ozone-meta/ratis/bf265839-605b-3f16-9796-c5ba1605619e does not exist. Creating ...
2023-09-13 06:49:24,320 [om1-impl-thread1] INFO  storage.RaftStorageDirectory (RaftStorageDirectoryImpl.java:tryLock(231)) - Lock on /home/runner/work/ozone/ozone/hadoop-ozone/integration-test/target/test-dir/MiniOzoneClusterImpl-af11299d-9bff-4b11-875a-a8648a114883/ozone-meta/ratis/bf265839-605b-3f16-9796-c5ba1605619e/in_use.lock acquired by nodename 3839@fv-az460-410
2023-09-13 06:49:24,321 [om1-impl-thread1] INFO  storage.RaftStorage (RaftStorageImpl.java:format(96)) - Storage directory /home/runner/work/ozone/ozone/hadoop-ozone/integration-test/target/test-dir/MiniOzoneClusterImpl-af11299d-9bff-4b11-875a-a8648a114883/ozone-meta/ratis/bf265839-605b-3f16-9796-c5ba1605619e has been successfully formatted.
2023-09-13 06:49:24,321 [om1-impl-thread1] INFO  server.RaftServerConfigKeys (ConfUtils.java:logGet(46)) - raft.server.log.use.memory = false (default)
2023-09-13 06:49:24,322 [om1-impl-thread1] INFO  server.RaftServerConfigKeys (ConfUtils.java:logGet(46)) - raft.server.log.purge.gap = 1000000 (custom)
2023-09-13 06:49:24,322 [om1-impl-thread1] INFO  server.RaftServerConfigKeys (ConfUtils.java:logGet(46)) - raft.server.log.appender.buffer.byte-limit = 33554432 (custom)
2023-09-13 06:49:24,322 [om1-impl-thread1] INFO  server.RaftServerConfigKeys (ConfUtils.java:logGet(46)) - raft.server.log.statemachine.data.read.timeout = 1000ms (default)
2023-09-13 06:49:24,322 [om1-impl-thread1] INFO  server.RaftServerConfigKeys (ConfUtils.java:logGet(46)) - raft.server.log.purge.preservation.log.num = 0 (default)
2023-09-13 06:49:24,322 [om1-impl-thread1] INFO  server.RaftServerConfigKeys (ConfUtils.java:logGet(46)) - raft.server.log.segment.size.max = 4194304 (custom)
2023-09-13 06:49:24,322 [om1-impl-thread1] INFO  server.RaftServerConfigKeys (ConfUtils.java:logGet(46)) - raft.server.log.segment.cache.num.max = 2 (custom)
2023-09-13 06:49:24,322 [om1-impl-thread1] INFO  server.RaftServerConfigKeys (ConfUtils.java:logGet(46)) - raft.server.log.segment.cache.size.max = 200MB (=209715200) (default)
2023-09-13 06:49:24,322 [om1-impl-thread1] INFO  server.RaftServerConfigKeys (ConfUtils.java:logGet(46)) - raft.server.log.appender.buffer.byte-limit = 33554432 (custom)
2023-09-13 06:49:24,322 [om1-impl-thread1] INFO  segmented.SegmentedRaftLogWorker (SegmentedRaftLogWorker.java:<init>(188)) - new om1@group-C5BA1605619E-SegmentedRaftLogWorker for RaftStorageImpl:Storage Directory /home/runner/work/ozone/ozone/hadoop-ozone/integration-test/target/test-dir/MiniOzoneClusterImpl-af11299d-9bff-4b11-875a-a8648a114883/ozone-meta/ratis/bf265839-605b-3f16-9796-c5ba1605619e
2023-09-13 06:49:24,322 [om1-impl-thread1] INFO  server.RaftServerConfigKeys (ConfUtils.java:logGet(46)) - raft.server.log.queue.byte-limit = 64MB (=67108864) (default)
2023-09-13 06:49:24,322 [om1-impl-thread1] INFO  server.RaftServerConfigKeys (ConfUtils.java:logGet(46)) - raft.server.log.queue.element-limit = 4096 (default)
2023-09-13 06:49:24,322 [om1-impl-thread1] INFO  server.RaftServerConfigKeys (ConfUtils.java:logGet(46)) - raft.server.log.segment.size.max = 4194304 (custom)
2023-09-13 06:49:24,322 [om1-impl-thread1] INFO  server.RaftServerConfigKeys (ConfUtils.java:logGet(46)) - raft.server.log.preallocated.size = 4194304 (custom)
2023-09-13 06:49:24,322 [om1-impl-thread1] INFO  server.RaftServerConfigKeys (ConfUtils.java:logGet(46)) - raft.server.log.force.sync.num = 128 (default)
2023-09-13 06:49:24,323 [om1-impl-thread1] INFO  server.RaftServerConfigKeys (ConfUtils.java:logGet(46)) - raft.server.log.statemachine.data.sync = true (default)
2023-09-13 06:49:24,323 [om1-impl-thread1] INFO  server.RaftServerConfigKeys (ConfUtils.java:logGet(46)) - raft.server.log.statemachine.data.sync.timeout = 10s (default)
2023-09-13 06:49:24,323 [om1-impl-thread1] INFO  server.RaftServerConfigKeys (ConfUtils.java:logGet(46)) - raft.server.log.statemachine.data.sync.timeout.retry = -1 (default)
2023-09-13 06:49:24,323 [om1-impl-thread1] INFO  server.RaftServerConfigKeys (ConfUtils.java:logGet(46)) - raft.server.log.write.buffer.size = 64KB (=65536) (default)
2023-09-13 06:49:24,323 [om1-impl-thread1] INFO  server.RaftServerConfigKeys (ConfUtils.java:logGet(46)) - raft.server.log.appender.buffer.byte-limit = 33554432 (custom)
2023-09-13 06:49:24,329 [om1-impl-thread1] INFO  server.RaftServerConfigKeys (ConfUtils.java:logGet(46)) - raft.server.log.unsafe-flush.enabled = false (default)
2023-09-13 06:49:24,329 [om1-impl-thread1] INFO  server.RaftServerConfigKeys (ConfUtils.java:logGet(46)) - raft.server.log.async-flush.enabled = false (default)
2023-09-13 06:49:24,329 [om1-impl-thread1] INFO  server.RaftServerConfigKeys (ConfUtils.java:logGet(46)) - raft.server.log.statemachine.data.caching.enabled = false (default)
2023-09-13 06:49:24,329 [om1-impl-thread1] INFO  segmented.SegmentedRaftLogWorker (SegmentedRaftLogWorker.java:lambda$new$0(135)) - om1@group-C5BA1605619E-SegmentedRaftLogWorker: flushIndex: setUnconditionally 0 -> -1
2023-09-13 06:49:24,329 [om1-impl-thread1] INFO  segmented.SegmentedRaftLogWorker (SegmentedRaftLogWorker.java:lambda$new$0(135)) - om1@group-C5BA1605619E-SegmentedRaftLogWorker: safeCacheEvictIndex: setUnconditionally 0 -> -1
2023-09-13 06:49:24,331 [om1-impl-thread1] INFO  server.RaftServer$Division (RaftServerImpl.java:start(342)) - om1@group-C5BA1605619E: start as a follower, conf=-1: peers:[om1|rpc:localhost:15060|priority:0|startupRole:FOLLOWER]|listeners:[], old=null
2023-09-13 06:49:24,331 [om1-impl-thread1] INFO  server.RaftServer$Division (RaftServerImpl.java:setRole(329)) - om1@group-C5BA1605619E: changes role from      null to FOLLOWER at term 0 for startAsFollower
2023-09-13 06:49:24,331 [om1-impl-thread1] INFO  impl.RoleInfo (RoleInfo.java:updateAndGet(139)) - om1: start om1@group-C5BA1605619E-FollowerState
2023-09-13 06:49:24,332 [om1-impl-thread1] INFO  util.JmxRegister (JmxRegister.java:tryRegister(44)) - Successfully registered JMX Bean with object name Ratis:service=RaftServer,group=group-C5BA1605619E,id=om1
2023-09-13 06:49:24,332 [om1-impl-thread1] INFO  server.RaftServerConfigKeys (ConfUtils.java:logGet(46)) - raft.server.snapshot.auto.trigger.enabled = true (custom)
2023-09-13 06:49:24,332 [om1-impl-thread1] INFO  server.RaftServerConfigKeys (ConfUtils.java:logGet(46)) - raft.server.snapshot.auto.trigger.threshold = 400000 (default)
2023-09-13 06:49:24,332 [om1-impl-thread1] INFO  server.RaftServerConfigKeys (ConfUtils.java:logGet(46)) - raft.server.snapshot.retention.file.num = -1 (default)
2023-09-13 06:49:24,332 [om1-impl-thread1] INFO  server.RaftServerConfigKeys (ConfUtils.java:logGet(46)) - raft.server.log.purge.upto.snapshot.index = true (custom)
2023-09-13 06:49:24,333 [om1@group-C5BA1605619E-FollowerState] INFO  server.RaftServerConfigKeys (ConfUtils.java:logFallback(53)) - raft.server.rpc.first-election.timeout.min = 1s (fallback to raft.server.rpc.timeout.min)
2023-09-13 06:49:24,333 [om1@group-C5BA1605619E-FollowerState] INFO  server.RaftServerConfigKeys (ConfUtils.java:logFallback(53)) - raft.server.rpc.first-election.timeout.max = 1200ms (fallback to raft.server.rpc.timeout.max)
2023-09-13 06:49:24,333 [JUnit] INFO  server.RaftServer (RaftServerProxy.java:startImpl(400)) - om1: start RPC server
2023-09-13 06:49:24,340 [JUnit] INFO  server.GrpcService (GrpcService.java:startImpl(302)) - om1: GrpcService started, listening on 15060
2023-09-13 06:49:24,341 [JUnit] INFO  om.OzoneManager (OzoneManager.java:start(1649)) - Version File has different layout version (6) than OM DB (null). That is expected if this OM has never been finalized to a newer layout version.
2023-09-13 06:49:24,354 [JvmPauseMonitor8] INFO  util.JvmPauseMonitor (JvmPauseMonitor.java:run(103)) - JvmPauseMonitor-om1: Started
2023-09-13 06:49:24,356 [JUnit] INFO  http.BaseHttpServer (BaseHttpServer.java:newHttpServer2BuilderForOzone(223)) - Starting Web-server for ozoneManager at: http://0.0.0.0:15058
2023-09-13 06:49:24,357 [JUnit] INFO  http.BaseHttpServer (BaseHttpServer.java:<init>(110)) - Hadoop Security Enabled: false Ozone Security Enabled: false Ozone HTTP Security Enabled: false 
2023-09-13 06:49:24,358 [JUnit] WARN  server.AuthenticationFilter (AuthenticationFilter.java:constructSecretProvider(240)) - Unable to initialize FileSignerSecretProvider, falling back to use random secrets. Reason: Could not read signature secret file: /home/runner/hadoop-http-auth-signature-secret
2023-09-13 06:49:24,358 [JUnit] INFO  http.HttpRequestLog (HttpRequestLog.java:getRequestLog(86)) - Http request log for http.requests.ozoneManager is not defined
2023-09-13 06:49:24,360 [JUnit] INFO  http.HttpServer2 (HttpServer2.java:addGlobalFilter(1031)) - Added global filter 'safety' (class=org.apache.hadoop.hdds.server.http.HttpServer2$QuotingInputFilter)
2023-09-13 06:49:24,360 [JUnit] INFO  http.HttpServer2 (HttpServer2.java:addFilter(1007)) - Added filter static_user_filter (class=org.apache.hadoop.http.lib.StaticUserWebFilter$StaticUserFilter) to context ozoneManager
2023-09-13 06:49:24,361 [JUnit] INFO  http.HttpServer2 (HttpServer2.java:addFilter(1015)) - Added filter static_user_filter (class=org.apache.hadoop.http.lib.StaticUserWebFilter$StaticUserFilter) to context logs
2023-09-13 06:49:24,361 [JUnit] INFO  http.HttpServer2 (HttpServer2.java:addFilter(1015)) - Added filter static_user_filter (class=org.apache.hadoop.http.lib.StaticUserWebFilter$StaticUserFilter) to context static
2023-09-13 06:49:24,361 [JUnit] INFO  http.BaseHttpServer (BaseHttpServer.java:<init>(189)) - HTTP server of ozoneManager uses base directory /home/runner/work/ozone/ozone/hadoop-ozone/integration-test/target/test-dir/MiniOzoneClusterImpl-af11299d-9bff-4b11-875a-a8648a114883/ozone-meta/webserver
2023-09-13 06:49:24,362 [JUnit] INFO  http.HttpServer2 (HttpServer2.java:bindListener(1231)) - Jetty bound to port 15058
2023-09-13 06:49:24,362 [JUnit] INFO  server.Server (Server.java:doStart(375)) - jetty-9.4.51.v20230217; built: 2023-02-17T08:19:37.309Z; git: b45c405e4544384de066f814ed42ae3dceacdd49; jvm 1.8.0_382-b05
2023-09-13 06:49:24,363 [JUnit] INFO  server.session (DefaultSessionIdManager.java:doStart(334)) - DefaultSessionIdManager workerName=node0
2023-09-13 06:49:24,363 [JUnit] INFO  server.session (DefaultSessionIdManager.java:doStart(339)) - No SessionScavenger set, using defaults
2023-09-13 06:49:24,364 [JUnit] INFO  server.session (HouseKeeper.java:startScavenging(132)) - node0 Scavenging every 600000ms
2023-09-13 06:49:24,364 [JUnit] INFO  handler.ContextHandler (ContextHandler.java:doStart(921)) - Started o.e.j.s.ServletContextHandler@7053da91{logs,/logs,file:///home/runner/work/ozone/ozone/hadoop-ozone/integration-test/target/log,AVAILABLE}
2023-09-13 06:49:24,365 [JUnit] INFO  handler.ContextHandler (ContextHandler.java:doStart(921)) - Started o.e.j.s.ServletContextHandler@4a18b0b3{static,/static,file:///home/runner/work/ozone/ozone/hadoop-ozone/integration-test/target/test-classes/webapps/static,AVAILABLE}
2023-09-13 06:49:24,368 [JUnit] INFO  handler.ContextHandler (ContextHandler.java:doStart(921)) - Started o.e.j.w.WebAppContext@26174f13{ozoneManager,/,file:///home/runner/work/ozone/ozone/hadoop-ozone/integration-test/target/test-classes/webapps/ozoneManager/,AVAILABLE}{file:/home/runner/work/ozone/ozone/hadoop-ozone/integration-test/target/test-classes/webapps/ozoneManager}
2023-09-13 06:49:24,369 [JUnit] INFO  server.AbstractConnector (AbstractConnector.java:doStart(333)) - Started ServerConnector@749e120e{HTTP/1.1, (http/1.1)}{0.0.0.0:15058}
2023-09-13 06:49:24,369 [JUnit] INFO  server.Server (Server.java:doStart(415)) - Started @33013ms
2023-09-13 06:49:24,369 [JUnit] WARN  impl.MetricsSystemImpl (MetricsSystemImpl.java:register(279)) - Sink prometheus already exists!
2023-09-13 06:49:24,370 [JUnit] INFO  http.BaseHttpServer (BaseHttpServer.java:updateConnectorAddress(354)) - HTTP server of ozoneManager listening at http://0.0.0.0:15058
2023-09-13 06:49:24,370 [IPC Server Responder] INFO  ipc.Server (Server.java:run(1562)) - IPC Server Responder: starting
2023-09-13 06:49:24,370 [IPC Server listener on 15057] INFO  ipc.Server (Server.java:run(1402)) - IPC Server listener on 15057: starting
2023-09-13 06:49:24,373 [JUnit] INFO  om.OzoneManager (OzoneManager.java:startTrashEmptier(2101)) - Trash Interval set to 0. Files deleted won't move to trash
2023-09-13 06:49:24,391 [JUnit] WARN  impl.MetricRegistriesImpl (MetricRegistriesImpl.java:addReporterRegistration(111)) - New reporters are added after registries were created. Some metrics will be missing from the reporter. Please add reporter before adding any new registry.
2023-09-13 06:49:24,391 [JUnit] WARN  impl.MetricRegistriesImpl (MetricRegistriesImpl.java:addReporterRegistration(111)) - New reporters are added after registries were created. Some metrics will be missing from the reporter. Please add reporter before adding any new registry.
2023-09-13 06:49:24,391 [JUnit] INFO  impl.MetricsSystemImpl (MetricsSystemImpl.java:init(158)) - HddsDatanode metrics system started (again)
2023-09-13 06:49:24,406 [JUnit] INFO  ozone.HddsDatanodeService (HddsDatanodeService.java:start(237)) - HddsDatanodeService host:fv-az460-410.k2d41ockulnezl353eucldp3of.dx.internal.cloudapp.net ip:10.1.0.17
2023-09-13 06:49:24,438 [JUnit] INFO  upgrade.AbstractLayoutVersionManager (AbstractLayoutVersionManager.java:init(83)) - Initializing Layout version manager with metadata layout = HADOOP_PRC_PORTS_IN_DATANODEDETAILS (version = 7), software layout = HADOOP_PRC_PORTS_IN_DATANODEDETAILS (version = 7)
2023-09-13 06:49:24,439 [JUnit] INFO  statemachine.DatanodeStateMachine (DatanodeStateMachine.java:getEndPointTaskThreadPoolSize(282)) - Datanode State Machine Task Thread Pool size 2
2023-09-13 06:49:24,442 [JUnit] INFO  volume.HddsVolume (HddsVolume.java:<init>(126)) - Creating HddsVolume: /home/runner/work/ozone/ozone/hadoop-ozone/integration-test/target/test-dir/MiniOzoneClusterImpl-af11299d-9bff-4b11-875a-a8648a114883/datanode-0/data-0/containers/hdds of storage type : DISK capacity : 9223372036854775807
2023-09-13 06:49:24,443 [JUnit] INFO  volume.MutableVolumeSet (MutableVolumeSet.java:initializeVolumeSet(173)) - Added Volume : /home/runner/work/ozone/ozone/hadoop-ozone/integration-test/target/test-dir/MiniOzoneClusterImpl-af11299d-9bff-4b11-875a-a8648a114883/datanode-0/data-0/containers/hdds to VolumeSet
2023-09-13 06:49:24,443 [JUnit] INFO  volume.MutableVolumeSet (MutableVolumeSet.java:initializeVolumeSet(173)) - Added Volume : /home/runner/work/ozone/ozone/hadoop-ozone/integration-test/target/test-dir/MiniOzoneClusterImpl-af11299d-9bff-4b11-875a-a8648a114883/datanode-0/data/ratis to VolumeSet
2023-09-13 06:49:24,444 [Thread-747] INFO  ozoneimpl.ContainerReader (ContainerReader.java:readVolume(177)) - Finish verifying containers on volume /home/runner/work/ozone/ozone/hadoop-ozone/integration-test/target/test-dir/MiniOzoneClusterImpl-af11299d-9bff-4b11-875a-a8648a114883/datanode-0/data-0/containers/hdds
2023-09-13 06:49:24,444 [JUnit] INFO  ozoneimpl.OzoneContainer (OzoneContainer.java:buildContainerSet(314)) - Build ContainerSet costs 0s
2023-09-13 06:49:24,447 [JUnit] INFO  server.RaftServer (ConfUtils.java:logGet(46)) - raft.rpc.type = GRPC (default)
2023-09-13 06:49:24,447 [JUnit] INFO  grpc.GrpcConfigKeys (ConfUtils.java:logFallback(53)) - raft.grpc.admin.host = null (fallback to raft.grpc.server.host)
2023-09-13 06:49:24,447 [JUnit] INFO  grpc.GrpcConfigKeys (ConfUtils.java:logGet(46)) - raft.grpc.admin.port = 15066 (custom)
2023-09-13 06:49:24,447 [JUnit] INFO  grpc.GrpcConfigKeys (ConfUtils.java:logFallback(53)) - raft.grpc.client.host = null (fallback to raft.grpc.server.host)
2023-09-13 06:49:24,447 [JUnit] INFO  grpc.GrpcConfigKeys (ConfUtils.java:logGet(46)) - raft.grpc.client.port = 15065 (custom)
2023-09-13 06:49:24,447 [JUnit] INFO  grpc.GrpcConfigKeys (ConfUtils.java:logGet(46)) - raft.grpc.server.host = null (default)
2023-09-13 06:49:24,447 [JUnit] INFO  grpc.GrpcConfigKeys (ConfUtils.java:logGet(46)) - raft.grpc.server.port = 15067 (custom)
2023-09-13 06:49:24,447 [JUnit] INFO  server.GrpcService (ConfUtils.java:logGet(46)) - raft.grpc.message.size.max = 32MB (=33554432) (custom)
2023-09-13 06:49:24,448 [JUnit] INFO  server.RaftServerConfigKeys (ConfUtils.java:logGet(46)) - raft.server.log.appender.buffer.byte-limit = 33554432 (custom)
2023-09-13 06:49:24,448 [JUnit] INFO  server.GrpcService (ConfUtils.java:logGet(46)) - raft.grpc.flow.control.window = 5MB (=5242880) (custom)
2023-09-13 06:49:24,448 [JUnit] INFO  server.RaftServerConfigKeys (ConfUtils.java:logGet(46)) - raft.server.rpc.request.timeout = 3000ms (default)
2023-09-13 06:49:24,448 [JUnit] INFO  grpc.GrpcConfigKeys (ConfUtils.java:logGet(46)) - raft.grpc.server.heartbeat.channel = true (default)
2023-09-13 06:49:24,448 [JUnit] INFO  grpc.GrpcConfigKeys (ConfUtils.java:logGet(46)) - raft.grpc.server.async.request.thread.pool.cached = true (default)
2023-09-13 06:49:24,448 [JUnit] INFO  grpc.GrpcConfigKeys (ConfUtils.java:logGet(46)) - raft.grpc.server.async.request.thread.pool.size = 32 (default)
2023-09-13 06:49:24,451 [JUnit] INFO  impl.DataStreamServerImpl (ConfUtils.java:logGet(46)) - raft.datastream.type = NETTY (custom)
2023-09-13 06:49:24,451 [JUnit] INFO  server.RaftServerConfigKeys (ConfUtils.java:logGet(46)) - raft.server.data-stream.async.request.thread.pool.cached = false (default)
2023-09-13 06:49:24,451 [JUnit] INFO  server.RaftServerConfigKeys (ConfUtils.java:logGet(46)) - raft.server.data-stream.async.request.thread.pool.size = 20 (custom)
2023-09-13 06:49:24,451 [JUnit] INFO  server.RaftServerConfigKeys (ConfUtils.java:logGet(46)) - raft.server.data-stream.async.write.thread.pool.size = 16 (default)
2023-09-13 06:49:24,451 [JUnit] INFO  server.RaftServerConfigKeys (ConfUtils.java:logGet(46)) - raft.server.data-stream.client.pool.size = 10 (default)
2023-09-13 06:49:24,452 [JUnit] INFO  netty.NettyConfigKeys$DataStream (ConfUtils.java:logGet(46)) - raft.netty.dataStream.server.use-epoll = false (default)
2023-09-13 06:49:24,452 [JUnit] INFO  netty.NettyConfigKeys$DataStream (ConfUtils.java:logGet(46)) - raft.netty.dataStream.server.boss-group.size = 0 (default)
2023-09-13 06:49:24,452 [JUnit] INFO  netty.NettyConfigKeys$DataStream (ConfUtils.java:logGet(46)) - raft.netty.dataStream.server.worker-group.size = 0 (default)
2023-09-13 06:49:24,452 [JUnit] INFO  netty.NettyConfigKeys$DataStream (ConfUtils.java:logGet(46)) - raft.netty.dataStream.server.tls.conf = null (default)
2023-09-13 06:49:24,453 [JUnit] INFO  netty.NettyConfigKeys$DataStream (ConfUtils.java:logGet(46)) - raft.netty.dataStream.host = null (default)
2023-09-13 06:49:24,453 [JUnit] INFO  netty.NettyConfigKeys$DataStream (ConfUtils.java:logGet(46)) - raft.netty.dataStream.port = 15068 (custom)
2023-09-13 06:49:24,454 [JUnit] INFO  server.RaftServerConfigKeys (ConfUtils.java:logGet(46)) - raft.server.threadpool.proxy.cached = true (default)
2023-09-13 06:49:24,454 [JUnit] INFO  server.RaftServerConfigKeys (ConfUtils.java:logGet(46)) - raft.server.threadpool.proxy.size = 0 (default)
2023-09-13 06:49:24,455 [JUnit] INFO  server.RaftServerConfigKeys (ConfUtils.java:logGet(46)) - raft.server.rpc.slowness.timeout = 300000ms (custom)
2023-09-13 06:49:24,455 [JUnit] INFO  server.RaftServerConfigKeys (ConfUtils.java:logGet(46)) - raft.server.leaderelection.leader.step-down.wait-time = 10s (default)
2023-09-13 06:49:24,455 [JUnit] INFO  server.RaftServerConfigKeys (ConfUtils.java:logGet(46)) - raft.server.storage.dir = [/home/runner/work/ozone/ozone/hadoop-ozone/integration-test/target/test-dir/MiniOzoneClusterImpl-af11299d-9bff-4b11-875a-a8648a114883/datanode-0/data/ratis] (custom)
2023-09-13 06:49:24,457 [72a2b08b-a918-40a9-b5b7-0c0becce9b1d-NettyServerStreamRpc-bossGroup--thread1] INFO  logging.LoggingHandler (AbstractInternalLogger.java:log(148)) - [id: 0x51daed3b] REGISTERED
2023-09-13 06:49:24,457 [72a2b08b-a918-40a9-b5b7-0c0becce9b1d-NettyServerStreamRpc-bossGroup--thread1] INFO  logging.LoggingHandler (AbstractInternalLogger.java:log(148)) - [id: 0x51daed3b] BIND: 0.0.0.0/0.0.0.0:15068
2023-09-13 06:49:24,457 [72a2b08b-a918-40a9-b5b7-0c0becce9b1d-NettyServerStreamRpc-bossGroup--thread1] INFO  logging.LoggingHandler (AbstractInternalLogger.java:log(148)) - [id: 0x51daed3b, L:/0:0:0:0:0:0:0:0:15068] ACTIVE
2023-09-13 06:49:24,457 [72a2b08b-a918-40a9-b5b7-0c0becce9b1d-impl-thread1] INFO  server.RaftServer (RaftServerProxy.java:initGroupDir(258)) - 72a2b08b-a918-40a9-b5b7-0c0becce9b1d: found a subdirectory /home/runner/work/ozone/ozone/hadoop-ozone/integration-test/target/test-dir/MiniOzoneClusterImpl-af11299d-9bff-4b11-875a-a8648a114883/datanode-0/data/ratis/tmp
2023-09-13 06:49:24,457 [72a2b08b-a918-40a9-b5b7-0c0becce9b1d-impl-thread1] INFO  server.RaftServer (RaftServerProxy.java:initGroupDir(263)) - 72a2b08b-a918-40a9-b5b7-0c0becce9b1d: The directory /home/runner/work/ozone/ozone/hadoop-ozone/integration-test/target/test-dir/MiniOzoneClusterImpl-af11299d-9bff-4b11-875a-a8648a114883/datanode-0/data/ratis/tmp is not a group directory; ignoring it. 
2023-09-13 06:49:24,458 [JUnit] INFO  replication.ReplicationServer (ReplicationServer.java:<init>(83)) - Initializing replication server with thread count = 10 queue length = 4096
2023-09-13 06:49:24,459 [JUnit] INFO  server.XceiverServerGrpc (XceiverServerGrpc.java:<init>(132)) - GrpcServer channel type EpollServerSocketChannel
2023-09-13 06:49:24,460 [JUnit] INFO  replication.ReplicationSupervisor (ReplicationSupervisor.java:build(155)) - Initializing replication supervisor with thread count = 10
2023-09-13 06:49:24,461 [JUnit] INFO  replication.ReplicationSupervisor (ReplicationSupervisor.java:nodeStateUpdated(307)) - Node state updated to IN_SERVICE, scaling executor pool size to 10
2023-09-13 06:49:24,463 [JUnit] INFO  http.BaseHttpServer (BaseHttpServer.java:newHttpServer2BuilderForOzone(223)) - Starting Web-server for hddsDatanode at: http://0.0.0.0:15062
2023-09-13 06:49:24,463 [JUnit] INFO  http.BaseHttpServer (BaseHttpServer.java:<init>(110)) - Hadoop Security Enabled: false Ozone Security Enabled: false Ozone HTTP Security Enabled: false 
2023-09-13 06:49:24,464 [JUnit] WARN  server.AuthenticationFilter (AuthenticationFilter.java:constructSecretProvider(240)) - Unable to initialize FileSignerSecretProvider, falling back to use random secrets. Reason: Could not read signature secret file: /home/runner/hadoop-http-auth-signature-secret
2023-09-13 06:49:24,465 [JUnit] INFO  http.HttpRequestLog (HttpRequestLog.java:getRequestLog(86)) - Http request log for http.requests.hddsDatanode is not defined
2023-09-13 06:49:24,466 [JUnit] INFO  http.HttpServer2 (HttpServer2.java:addGlobalFilter(1031)) - Added global filter 'safety' (class=org.apache.hadoop.hdds.server.http.HttpServer2$QuotingInputFilter)
2023-09-13 06:49:24,467 [JUnit] INFO  http.HttpServer2 (HttpServer2.java:addFilter(1007)) - Added filter static_user_filter (class=org.apache.hadoop.http.lib.StaticUserWebFilter$StaticUserFilter) to context hddsDatanode
2023-09-13 06:49:24,467 [JUnit] INFO  http.HttpServer2 (HttpServer2.java:addFilter(1015)) - Added filter static_user_filter (class=org.apache.hadoop.http.lib.StaticUserWebFilter$StaticUserFilter) to context static
2023-09-13 06:49:24,467 [JUnit] INFO  http.HttpServer2 (HttpServer2.java:addFilter(1015)) - Added filter static_user_filter (class=org.apache.hadoop.http.lib.StaticUserWebFilter$StaticUserFilter) to context logs
2023-09-13 06:49:24,467 [JUnit] INFO  http.BaseHttpServer (BaseHttpServer.java:<init>(189)) - HTTP server of hddsDatanode uses base directory /home/runner/work/ozone/ozone/hadoop-ozone/integration-test/target/test-dir/MiniOzoneClusterImpl-af11299d-9bff-4b11-875a-a8648a114883/datanode-0/meta/webserver
2023-09-13 06:49:24,468 [JUnit] INFO  http.HttpServer2 (HttpServer2.java:bindListener(1231)) - Jetty bound to port 15062
2023-09-13 06:49:24,468 [JUnit] INFO  server.Server (Server.java:doStart(375)) - jetty-9.4.51.v20230217; built: 2023-02-17T08:19:37.309Z; git: b45c405e4544384de066f814ed42ae3dceacdd49; jvm 1.8.0_382-b05
2023-09-13 06:49:24,469 [JUnit] INFO  server.session (DefaultSessionIdManager.java:doStart(334)) - DefaultSessionIdManager workerName=node0
2023-09-13 06:49:24,469 [JUnit] INFO  server.session (DefaultSessionIdManager.java:doStart(339)) - No SessionScavenger set, using defaults
2023-09-13 06:49:24,470 [JUnit] INFO  server.session (HouseKeeper.java:startScavenging(132)) - node0 Scavenging every 600000ms
2023-09-13 06:49:24,470 [JUnit] INFO  handler.ContextHandler (ContextHandler.java:doStart(921)) - Started o.e.j.s.ServletContextHandler@5f389d72{logs,/logs,file:///home/runner/work/ozone/ozone/hadoop-ozone/integration-test/target/log,AVAILABLE}
2023-09-13 06:49:24,471 [JUnit] INFO  handler.ContextHandler (ContextHandler.java:doStart(921)) - Started o.e.j.s.ServletContextHandler@2b463a42{static,/static,jar:file:/home/runner/.m2/repository/org/apache/ozone/hdds-container-service/1.4.0-SNAPSHOT/hdds-container-service-1.4.0-SNAPSHOT.jar!/webapps/static,AVAILABLE}
2023-09-13 06:49:24,706 [JUnit] INFO  handler.ContextHandler (ContextHandler.java:doStart(921)) - Started o.e.j.w.WebAppContext@de8abc9{hddsDatanode,/,file:///home/runner/work/ozone/ozone/hadoop-ozone/integration-test/target/test-dir/MiniOzoneClusterImpl-af11299d-9bff-4b11-875a-a8648a114883/datanode-0/meta/webserver/jetty-0_0_0_0-15062-hdds-container-service-1_4_0-SNAPSHOT_jar-_-any-5187810732165515492/webapp/,AVAILABLE}{jar:file:/home/runner/.m2/repository/org/apache/ozone/hdds-container-service/1.4.0-SNAPSHOT/hdds-container-service-1.4.0-SNAPSHOT.jar!/webapps/hddsDatanode}
2023-09-13 06:49:24,708 [JUnit] INFO  server.AbstractConnector (AbstractConnector.java:doStart(333)) - Started ServerConnector@2f31b227{HTTP/1.1, (http/1.1)}{0.0.0.0:15062}
2023-09-13 06:49:24,708 [JUnit] INFO  server.Server (Server.java:doStart(415)) - Started @33352ms
2023-09-13 06:49:24,708 [JUnit] WARN  impl.MetricsSystemImpl (MetricsSystemImpl.java:register(279)) - Sink prometheus already exists!
2023-09-13 06:49:24,709 [JUnit] INFO  http.BaseHttpServer (BaseHttpServer.java:updateConnectorAddress(354)) - HTTP server of hddsDatanode listening at http://0.0.0.0:15062
2023-09-13 06:49:24,709 [JUnit] INFO  ipc.CallQueueManager (CallQueueManager.java:<init>(90)) - Using callQueue: class java.util.concurrent.LinkedBlockingQueue, queueCapacity: 100, scheduler: class org.apache.hadoop.ipc.DefaultRpcScheduler, ipcBackoff: false.
2023-09-13 06:49:24,709 [JUnit] INFO  ipc.Server (Server.java:<init>(1287)) - Listener at 0.0.0.0:15063
2023-09-13 06:49:24,710 [Socket Reader #1 for port 15063] INFO  ipc.Server (Server.java:run(1323)) - Starting Socket Reader #1 for port 15063
2023-09-13 06:49:24,719 [JUnit] INFO  ozone.HddsDatanodeService (HddsDatanodeService.java:start(315)) - Datanode start with admins: [runner]
2023-09-13 06:49:24,719 [JUnit] INFO  ozone.HddsDatanodeClientProtocolServer (HddsDatanodeClientProtocolServer.java:start(72)) - RPC server for Client /0.0.0.0:15063
2023-09-13 06:49:24,720 [IPC Server Responder] INFO  ipc.Server (Server.java:run(1562)) - IPC Server Responder: starting
2023-09-13 06:49:24,721 [IPC Server listener on 15063] INFO  ipc.Server (Server.java:run(1402)) - IPC Server listener on 15063: starting
2023-09-13 06:49:24,725 [JUnit] WARN  impl.MetricRegistriesImpl (MetricRegistriesImpl.java:addReporterRegistration(111)) - New reporters are added after registries were created. Some metrics will be missing from the reporter. Please add reporter before adding any new registry.
2023-09-13 06:49:24,725 [JUnit] WARN  impl.MetricRegistriesImpl (MetricRegistriesImpl.java:addReporterRegistration(111)) - New reporters are added after registries were created. Some metrics will be missing from the reporter. Please add reporter before adding any new registry.
2023-09-13 06:49:24,725 [JUnit] INFO  impl.MetricsSystemImpl (MetricsSystemImpl.java:init(158)) - HddsDatanode metrics system started (again)
2023-09-13 06:49:24,737 [Datanode State Machine Daemon Thread] INFO  statemachine.DatanodeStateMachine (DatanodeStateMachine.java:lambda$startDaemon$0(538)) - Ozone container server started.
2023-09-13 06:49:24,751 [JUnit] INFO  ozone.HddsDatanodeService (HddsDatanodeService.java:start(237)) - HddsDatanodeService host:fv-az460-410.k2d41ockulnezl353eucldp3of.dx.internal.cloudapp.net ip:10.1.0.17
2023-09-13 06:49:24,779 [Datanode State Machine Task Thread - 0] INFO  datanode.InitDatanodeState (InitDatanodeState.java:persistContainerDatanodeDetails(138)) - DatanodeDetails is persisted to /home/runner/work/ozone/ozone/hadoop-ozone/integration-test/target/test-dir/MiniOzoneClusterImpl-af11299d-9bff-4b11-875a-a8648a114883/datanode-0/meta/datanode.id
2023-09-13 06:49:24,785 [JUnit] INFO  upgrade.AbstractLayoutVersionManager (AbstractLayoutVersionManager.java:init(83)) - Initializing Layout version manager with metadata layout = HADOOP_PRC_PORTS_IN_DATANODEDETAILS (version = 7), software layout = HADOOP_PRC_PORTS_IN_DATANODEDETAILS (version = 7)
2023-09-13 06:49:24,786 [JUnit] INFO  statemachine.DatanodeStateMachine (DatanodeStateMachine.java:getEndPointTaskThreadPoolSize(282)) - Datanode State Machine Task Thread Pool size 2
2023-09-13 06:49:24,788 [JUnit] INFO  volume.HddsVolume (HddsVolume.java:<init>(126)) - Creating HddsVolume: /home/runner/work/ozone/ozone/hadoop-ozone/integration-test/target/test-dir/MiniOzoneClusterImpl-af11299d-9bff-4b11-875a-a8648a114883/datanode-1/data-0/containers/hdds of storage type : DISK capacity : 9223372036854775807
2023-09-13 06:49:24,788 [JUnit] INFO  volume.MutableVolumeSet (MutableVolumeSet.java:initializeVolumeSet(173)) - Added Volume : /home/runner/work/ozone/ozone/hadoop-ozone/integration-test/target/test-dir/MiniOzoneClusterImpl-af11299d-9bff-4b11-875a-a8648a114883/datanode-1/data-0/containers/hdds to VolumeSet
2023-09-13 06:49:24,789 [JUnit] INFO  volume.MutableVolumeSet (MutableVolumeSet.java:initializeVolumeSet(173)) - Added Volume : /home/runner/work/ozone/ozone/hadoop-ozone/integration-test/target/test-dir/MiniOzoneClusterImpl-af11299d-9bff-4b11-875a-a8648a114883/datanode-1/data/ratis to VolumeSet
2023-09-13 06:49:24,789 [Thread-764] INFO  ozoneimpl.ContainerReader (ContainerReader.java:readVolume(177)) - Finish verifying containers on volume /home/runner/work/ozone/ozone/hadoop-ozone/integration-test/target/test-dir/MiniOzoneClusterImpl-af11299d-9bff-4b11-875a-a8648a114883/datanode-1/data-0/containers/hdds
2023-09-13 06:49:24,789 [JUnit] INFO  ozoneimpl.OzoneContainer (OzoneContainer.java:buildContainerSet(314)) - Build ContainerSet costs 0s
2023-09-13 06:49:24,792 [JUnit] INFO  server.RaftServer (ConfUtils.java:logGet(46)) - raft.rpc.type = GRPC (default)
2023-09-13 06:49:24,792 [JUnit] INFO  grpc.GrpcConfigKeys (ConfUtils.java:logFallback(53)) - raft.grpc.admin.host = null (fallback to raft.grpc.server.host)
2023-09-13 06:49:24,792 [JUnit] INFO  grpc.GrpcConfigKeys (ConfUtils.java:logGet(46)) - raft.grpc.admin.port = 15075 (custom)
2023-09-13 06:49:24,792 [JUnit] INFO  grpc.GrpcConfigKeys (ConfUtils.java:logFallback(53)) - raft.grpc.client.host = null (fallback to raft.grpc.server.host)
2023-09-13 06:49:24,793 [JUnit] INFO  grpc.GrpcConfigKeys (ConfUtils.java:logGet(46)) - raft.grpc.client.port = 15074 (custom)
2023-09-13 06:49:24,793 [JUnit] INFO  grpc.GrpcConfigKeys (ConfUtils.java:logGet(46)) - raft.grpc.server.host = null (default)
2023-09-13 06:49:24,793 [JUnit] INFO  grpc.GrpcConfigKeys (ConfUtils.java:logGet(46)) - raft.grpc.server.port = 15076 (custom)
2023-09-13 06:49:24,793 [JUnit] INFO  server.GrpcService (ConfUtils.java:logGet(46)) - raft.grpc.message.size.max = 32MB (=33554432) (custom)
2023-09-13 06:49:24,793 [JUnit] INFO  server.RaftServerConfigKeys (ConfUtils.java:logGet(46)) - raft.server.log.appender.buffer.byte-limit = 33554432 (custom)
2023-09-13 06:49:24,793 [JUnit] INFO  server.GrpcService (ConfUtils.java:logGet(46)) - raft.grpc.flow.control.window = 5MB (=5242880) (custom)
2023-09-13 06:49:24,793 [JUnit] INFO  server.RaftServerConfigKeys (ConfUtils.java:logGet(46)) - raft.server.rpc.request.timeout = 3000ms (default)
2023-09-13 06:49:24,793 [JUnit] INFO  grpc.GrpcConfigKeys (ConfUtils.java:logGet(46)) - raft.grpc.server.heartbeat.channel = true (default)
2023-09-13 06:49:24,794 [JUnit] INFO  grpc.GrpcConfigKeys (ConfUtils.java:logGet(46)) - raft.grpc.server.async.request.thread.pool.cached = true (default)
2023-09-13 06:49:24,794 [JUnit] INFO  grpc.GrpcConfigKeys (ConfUtils.java:logGet(46)) - raft.grpc.server.async.request.thread.pool.size = 32 (default)
2023-09-13 06:49:24,797 [JUnit] INFO  impl.DataStreamServerImpl (ConfUtils.java:logGet(46)) - raft.datastream.type = NETTY (custom)
2023-09-13 06:49:24,797 [JUnit] INFO  server.RaftServerConfigKeys (ConfUtils.java:logGet(46)) - raft.server.data-stream.async.request.thread.pool.cached = false (default)
2023-09-13 06:49:24,797 [JUnit] INFO  server.RaftServerConfigKeys (ConfUtils.java:logGet(46)) - raft.server.data-stream.async.request.thread.pool.size = 20 (custom)
2023-09-13 06:49:24,797 [JUnit] INFO  server.RaftServerConfigKeys (ConfUtils.java:logGet(46)) - raft.server.data-stream.async.write.thread.pool.size = 16 (default)
2023-09-13 06:49:24,797 [JUnit] INFO  server.RaftServerConfigKeys (ConfUtils.java:logGet(46)) - raft.server.data-stream.client.pool.size = 10 (default)
2023-09-13 06:49:24,798 [JUnit] INFO  netty.NettyConfigKeys$DataStream (ConfUtils.java:logGet(46)) - raft.netty.dataStream.server.use-epoll = false (default)
2023-09-13 06:49:24,798 [JUnit] INFO  netty.NettyConfigKeys$DataStream (ConfUtils.java:logGet(46)) - raft.netty.dataStream.server.boss-group.size = 0 (default)
2023-09-13 06:49:24,798 [JUnit] INFO  netty.NettyConfigKeys$DataStream (ConfUtils.java:logGet(46)) - raft.netty.dataStream.server.worker-group.size = 0 (default)
2023-09-13 06:49:24,798 [JUnit] INFO  netty.NettyConfigKeys$DataStream (ConfUtils.java:logGet(46)) - raft.netty.dataStream.server.tls.conf = null (default)
2023-09-13 06:49:24,799 [JUnit] INFO  netty.NettyConfigKeys$DataStream (ConfUtils.java:logGet(46)) - raft.netty.dataStream.host = null (default)
2023-09-13 06:49:24,799 [JUnit] INFO  netty.NettyConfigKeys$DataStream (ConfUtils.java:logGet(46)) - raft.netty.dataStream.port = 15077 (custom)
2023-09-13 06:49:24,799 [JUnit] INFO  server.RaftServerConfigKeys (ConfUtils.java:logGet(46)) - raft.server.threadpool.proxy.cached = true (default)
2023-09-13 06:49:24,799 [JUnit] INFO  server.RaftServerConfigKeys (ConfUtils.java:logGet(46)) - raft.server.threadpool.proxy.size = 0 (default)
2023-09-13 06:49:24,799 [JUnit] INFO  server.RaftServerConfigKeys (ConfUtils.java:logGet(46)) - raft.server.rpc.slowness.timeout = 300000ms (custom)
2023-09-13 06:49:24,800 [JUnit] INFO  server.RaftServerConfigKeys (ConfUtils.java:logGet(46)) - raft.server.leaderelection.leader.step-down.wait-time = 10s (default)
2023-09-13 06:49:24,800 [JUnit] INFO  server.RaftServerConfigKeys (ConfUtils.java:logGet(46)) - raft.server.storage.dir = [/home/runner/work/ozone/ozone/hadoop-ozone/integration-test/target/test-dir/MiniOzoneClusterImpl-af11299d-9bff-4b11-875a-a8648a114883/datanode-1/data/ratis] (custom)
2023-09-13 06:49:24,889 [4bb754f9-31d1-4c9b-ab82-9cb241c80a35-NettyServerStreamRpc-bossGroup--thread1] INFO  logging.LoggingHandler (AbstractInternalLogger.java:log(148)) - [id: 0xf5d47804] REGISTERED
2023-09-13 06:49:24,889 [4bb754f9-31d1-4c9b-ab82-9cb241c80a35-NettyServerStreamRpc-bossGroup--thread1] INFO  logging.LoggingHandler (AbstractInternalLogger.java:log(148)) - [id: 0xf5d47804] BIND: 0.0.0.0/0.0.0.0:15077
2023-09-13 06:49:24,890 [4bb754f9-31d1-4c9b-ab82-9cb241c80a35-NettyServerStreamRpc-bossGroup--thread1] INFO  logging.LoggingHandler (AbstractInternalLogger.java:log(148)) - [id: 0xf5d47804, L:/0:0:0:0:0:0:0:0:15077] ACTIVE
2023-09-13 06:49:24,890 [4bb754f9-31d1-4c9b-ab82-9cb241c80a35-impl-thread1] INFO  server.RaftServer (RaftServerProxy.java:initGroupDir(258)) - 4bb754f9-31d1-4c9b-ab82-9cb241c80a35: found a subdirectory /home/runner/work/ozone/ozone/hadoop-ozone/integration-test/target/test-dir/MiniOzoneClusterImpl-af11299d-9bff-4b11-875a-a8648a114883/datanode-1/data/ratis/tmp
2023-09-13 06:49:24,890 [4bb754f9-31d1-4c9b-ab82-9cb241c80a35-impl-thread1] INFO  server.RaftServer (RaftServerProxy.java:initGroupDir(263)) - 4bb754f9-31d1-4c9b-ab82-9cb241c80a35: The directory /home/runner/work/ozone/ozone/hadoop-ozone/integration-test/target/test-dir/MiniOzoneClusterImpl-af11299d-9bff-4b11-875a-a8648a114883/datanode-1/data/ratis/tmp is not a group directory; ignoring it. 
2023-09-13 06:49:24,892 [JUnit] INFO  replication.ReplicationServer (ReplicationServer.java:<init>(83)) - Initializing replication server with thread count = 10 queue length = 4096
2023-09-13 06:49:24,899 [JUnit] INFO  server.XceiverServerGrpc (XceiverServerGrpc.java:<init>(132)) - GrpcServer channel type EpollServerSocketChannel
2023-09-13 06:49:24,903 [JUnit] INFO  replication.ReplicationSupervisor (ReplicationSupervisor.java:build(155)) - Initializing replication supervisor with thread count = 10
2023-09-13 06:49:24,903 [JUnit] INFO  replication.ReplicationSupervisor (ReplicationSupervisor.java:nodeStateUpdated(307)) - Node state updated to IN_SERVICE, scaling executor pool size to 10
2023-09-13 06:49:24,912 [JUnit] INFO  http.BaseHttpServer (BaseHttpServer.java:newHttpServer2BuilderForOzone(223)) - Starting Web-server for hddsDatanode at: http://0.0.0.0:15071
2023-09-13 06:49:24,912 [JUnit] INFO  http.BaseHttpServer (BaseHttpServer.java:<init>(110)) - Hadoop Security Enabled: false Ozone Security Enabled: false Ozone HTTP Security Enabled: false 
2023-09-13 06:49:24,914 [JUnit] WARN  server.AuthenticationFilter (AuthenticationFilter.java:constructSecretProvider(240)) - Unable to initialize FileSignerSecretProvider, falling back to use random secrets. Reason: Could not read signature secret file: /home/runner/hadoop-http-auth-signature-secret
2023-09-13 06:49:24,915 [JUnit] INFO  http.HttpRequestLog (HttpRequestLog.java:getRequestLog(86)) - Http request log for http.requests.hddsDatanode is not defined
2023-09-13 06:49:24,916 [JUnit] INFO  http.HttpServer2 (HttpServer2.java:addGlobalFilter(1031)) - Added global filter 'safety' (class=org.apache.hadoop.hdds.server.http.HttpServer2$QuotingInputFilter)
2023-09-13 06:49:24,919 [JUnit] INFO  http.HttpServer2 (HttpServer2.java:addFilter(1007)) - Added filter static_user_filter (class=org.apache.hadoop.http.lib.StaticUserWebFilter$StaticUserFilter) to context hddsDatanode
2023-09-13 06:49:24,919 [JUnit] INFO  http.HttpServer2 (HttpServer2.java:addFilter(1015)) - Added filter static_user_filter (class=org.apache.hadoop.http.lib.StaticUserWebFilter$StaticUserFilter) to context logs
2023-09-13 06:49:24,919 [JUnit] INFO  http.HttpServer2 (HttpServer2.java:addFilter(1015)) - Added filter static_user_filter (class=org.apache.hadoop.http.lib.StaticUserWebFilter$StaticUserFilter) to context static
2023-09-13 06:49:24,920 [JUnit] INFO  http.BaseHttpServer (BaseHttpServer.java:<init>(189)) - HTTP server of hddsDatanode uses base directory /home/runner/work/ozone/ozone/hadoop-ozone/integration-test/target/test-dir/MiniOzoneClusterImpl-af11299d-9bff-4b11-875a-a8648a114883/datanode-1/meta/webserver
2023-09-13 06:49:24,920 [JUnit] INFO  http.HttpServer2 (HttpServer2.java:bindListener(1231)) - Jetty bound to port 15071
2023-09-13 06:49:24,920 [JUnit] INFO  server.Server (Server.java:doStart(375)) - jetty-9.4.51.v20230217; built: 2023-02-17T08:19:37.309Z; git: b45c405e4544384de066f814ed42ae3dceacdd49; jvm 1.8.0_382-b05
2023-09-13 06:49:24,922 [JUnit] INFO  server.session (DefaultSessionIdManager.java:doStart(334)) - DefaultSessionIdManager workerName=node0
2023-09-13 06:49:24,922 [JUnit] INFO  server.session (DefaultSessionIdManager.java:doStart(339)) - No SessionScavenger set, using defaults
2023-09-13 06:49:24,922 [JUnit] INFO  server.session (HouseKeeper.java:startScavenging(132)) - node0 Scavenging every 660000ms
2023-09-13 06:49:24,923 [JUnit] INFO  handler.ContextHandler (ContextHandler.java:doStart(921)) - Started o.e.j.s.ServletContextHandler@151180d4{logs,/logs,file:///home/runner/work/ozone/ozone/hadoop-ozone/integration-test/target/log,AVAILABLE}
2023-09-13 06:49:24,923 [JUnit] INFO  handler.ContextHandler (ContextHandler.java:doStart(921)) - Started o.e.j.s.ServletContextHandler@55b567c0{static,/static,jar:file:/home/runner/.m2/repository/org/apache/ozone/hdds-container-service/1.4.0-SNAPSHOT/hdds-container-service-1.4.0-SNAPSHOT.jar!/webapps/static,AVAILABLE}
2023-09-13 06:49:25,166 [JUnit] INFO  handler.ContextHandler (ContextHandler.java:doStart(921)) - Started o.e.j.w.WebAppContext@5a56c453{hddsDatanode,/,file:///home/runner/work/ozone/ozone/hadoop-ozone/integration-test/target/test-dir/MiniOzoneClusterImpl-af11299d-9bff-4b11-875a-a8648a114883/datanode-1/meta/webserver/jetty-0_0_0_0-15071-hdds-container-service-1_4_0-SNAPSHOT_jar-_-any-8555441035040594256/webapp/,AVAILABLE}{jar:file:/home/runner/.m2/repository/org/apache/ozone/hdds-container-service/1.4.0-SNAPSHOT/hdds-container-service-1.4.0-SNAPSHOT.jar!/webapps/hddsDatanode}
2023-09-13 06:49:25,170 [JUnit] INFO  server.AbstractConnector (AbstractConnector.java:doStart(333)) - Started ServerConnector@b2fd8e7{HTTP/1.1, (http/1.1)}{0.0.0.0:15071}
2023-09-13 06:49:25,170 [JUnit] INFO  server.Server (Server.java:doStart(415)) - Started @33815ms
2023-09-13 06:49:25,171 [JUnit] WARN  impl.MetricsSystemImpl (MetricsSystemImpl.java:register(279)) - Sink prometheus already exists!
2023-09-13 06:49:25,172 [JUnit] INFO  http.BaseHttpServer (BaseHttpServer.java:updateConnectorAddress(354)) - HTTP server of hddsDatanode listening at http://0.0.0.0:15071
2023-09-13 06:49:25,173 [JUnit] INFO  ipc.CallQueueManager (CallQueueManager.java:<init>(90)) - Using callQueue: class java.util.concurrent.LinkedBlockingQueue, queueCapacity: 100, scheduler: class org.apache.hadoop.ipc.DefaultRpcScheduler, ipcBackoff: false.
2023-09-13 06:49:25,173 [JUnit] INFO  ipc.Server (Server.java:<init>(1287)) - Listener at 0.0.0.0:15072
2023-09-13 06:49:25,173 [Socket Reader #1 for port 15072] INFO  ipc.Server (Server.java:run(1323)) - Starting Socket Reader #1 for port 15072
2023-09-13 06:49:25,175 [JUnit] INFO  ozone.HddsDatanodeService (HddsDatanodeService.java:start(315)) - Datanode start with admins: [runner]
2023-09-13 06:49:25,175 [JUnit] INFO  ozone.HddsDatanodeClientProtocolServer (HddsDatanodeClientProtocolServer.java:start(72)) - RPC server for Client /0.0.0.0:15072
2023-09-13 06:49:25,176 [IPC Server Responder] INFO  ipc.Server (Server.java:run(1562)) - IPC Server Responder: starting
2023-09-13 06:49:25,176 [IPC Server listener on 15072] INFO  ipc.Server (Server.java:run(1402)) - IPC Server listener on 15072: starting
2023-09-13 06:49:25,176 [JUnit] WARN  impl.MetricRegistriesImpl (MetricRegistriesImpl.java:addReporterRegistration(111)) - New reporters are added after registries were created. Some metrics will be missing from the reporter. Please add reporter before adding any new registry.
2023-09-13 06:49:25,177 [JUnit] WARN  impl.MetricRegistriesImpl (MetricRegistriesImpl.java:addReporterRegistration(111)) - New reporters are added after registries were created. Some metrics will be missing from the reporter. Please add reporter before adding any new registry.
2023-09-13 06:49:25,177 [JUnit] INFO  impl.MetricsSystemImpl (MetricsSystemImpl.java:init(158)) - HddsDatanode metrics system started (again)
2023-09-13 06:49:25,183 [Datanode State Machine Daemon Thread] INFO  statemachine.DatanodeStateMachine (DatanodeStateMachine.java:lambda$startDaemon$0(538)) - Ozone container server started.
2023-09-13 06:49:25,197 [Datanode State Machine Task Thread - 0] INFO  datanode.InitDatanodeState (InitDatanodeState.java:persistContainerDatanodeDetails(138)) - DatanodeDetails is persisted to /home/runner/work/ozone/ozone/hadoop-ozone/integration-test/target/test-dir/MiniOzoneClusterImpl-af11299d-9bff-4b11-875a-a8648a114883/datanode-1/meta/datanode.id
2023-09-13 06:49:25,198 [JUnit] INFO  ozone.HddsDatanodeService (HddsDatanodeService.java:start(237)) - HddsDatanodeService host:fv-az460-410.k2d41ockulnezl353eucldp3of.dx.internal.cloudapp.net ip:10.1.0.17
2023-09-13 06:49:25,223 [JUnit] INFO  upgrade.AbstractLayoutVersionManager (AbstractLayoutVersionManager.java:init(83)) - Initializing Layout version manager with metadata layout = HADOOP_PRC_PORTS_IN_DATANODEDETAILS (version = 7), software layout = HADOOP_PRC_PORTS_IN_DATANODEDETAILS (version = 7)
2023-09-13 06:49:25,223 [JUnit] INFO  statemachine.DatanodeStateMachine (DatanodeStateMachine.java:getEndPointTaskThreadPoolSize(282)) - Datanode State Machine Task Thread Pool size 2
2023-09-13 06:49:25,225 [JUnit] INFO  volume.HddsVolume (HddsVolume.java:<init>(126)) - Creating HddsVolume: /home/runner/work/ozone/ozone/hadoop-ozone/integration-test/target/test-dir/MiniOzoneClusterImpl-af11299d-9bff-4b11-875a-a8648a114883/datanode-2/data-0/containers/hdds of storage type : DISK capacity : 9223372036854775807
2023-09-13 06:49:25,225 [JUnit] INFO  volume.MutableVolumeSet (MutableVolumeSet.java:initializeVolumeSet(173)) - Added Volume : /home/runner/work/ozone/ozone/hadoop-ozone/integration-test/target/test-dir/MiniOzoneClusterImpl-af11299d-9bff-4b11-875a-a8648a114883/datanode-2/data-0/containers/hdds to VolumeSet
2023-09-13 06:49:25,226 [JUnit] INFO  volume.MutableVolumeSet (MutableVolumeSet.java:initializeVolumeSet(173)) - Added Volume : /home/runner/work/ozone/ozone/hadoop-ozone/integration-test/target/test-dir/MiniOzoneClusterImpl-af11299d-9bff-4b11-875a-a8648a114883/datanode-2/data/ratis to VolumeSet
2023-09-13 06:49:25,227 [Thread-781] INFO  ozoneimpl.ContainerReader (ContainerReader.java:readVolume(177)) - Finish verifying containers on volume /home/runner/work/ozone/ozone/hadoop-ozone/integration-test/target/test-dir/MiniOzoneClusterImpl-af11299d-9bff-4b11-875a-a8648a114883/datanode-2/data-0/containers/hdds
2023-09-13 06:49:25,227 [JUnit] INFO  ozoneimpl.OzoneContainer (OzoneContainer.java:buildContainerSet(314)) - Build ContainerSet costs 0s
2023-09-13 06:49:25,229 [JUnit] INFO  server.RaftServer (ConfUtils.java:logGet(46)) - raft.rpc.type = GRPC (default)
2023-09-13 06:49:25,229 [JUnit] INFO  grpc.GrpcConfigKeys (ConfUtils.java:logFallback(53)) - raft.grpc.admin.host = null (fallback to raft.grpc.server.host)
2023-09-13 06:49:25,230 [JUnit] INFO  grpc.GrpcConfigKeys (ConfUtils.java:logGet(46)) - raft.grpc.admin.port = 15084 (custom)
2023-09-13 06:49:25,230 [JUnit] INFO  grpc.GrpcConfigKeys (ConfUtils.java:logFallback(53)) - raft.grpc.client.host = null (fallback to raft.grpc.server.host)
2023-09-13 06:49:25,230 [JUnit] INFO  grpc.GrpcConfigKeys (ConfUtils.java:logGet(46)) - raft.grpc.client.port = 15083 (custom)
2023-09-13 06:49:25,230 [JUnit] INFO  grpc.GrpcConfigKeys (ConfUtils.java:logGet(46)) - raft.grpc.server.host = null (default)
2023-09-13 06:49:25,230 [JUnit] INFO  grpc.GrpcConfigKeys (ConfUtils.java:logGet(46)) - raft.grpc.server.port = 15085 (custom)
2023-09-13 06:49:25,230 [JUnit] INFO  server.GrpcService (ConfUtils.java:logGet(46)) - raft.grpc.message.size.max = 32MB (=33554432) (custom)
2023-09-13 06:49:25,233 [JUnit] INFO  server.RaftServerConfigKeys (ConfUtils.java:logGet(46)) - raft.server.log.appender.buffer.byte-limit = 33554432 (custom)
2023-09-13 06:49:25,233 [JUnit] INFO  server.GrpcService (ConfUtils.java:logGet(46)) - raft.grpc.flow.control.window = 5MB (=5242880) (custom)
2023-09-13 06:49:25,233 [JUnit] INFO  server.RaftServerConfigKeys (ConfUtils.java:logGet(46)) - raft.server.rpc.request.timeout = 3000ms (default)
2023-09-13 06:49:25,233 [JUnit] INFO  grpc.GrpcConfigKeys (ConfUtils.java:logGet(46)) - raft.grpc.server.heartbeat.channel = true (default)
2023-09-13 06:49:25,233 [JUnit] INFO  grpc.GrpcConfigKeys (ConfUtils.java:logGet(46)) - raft.grpc.server.async.request.thread.pool.cached = true (default)
2023-09-13 06:49:25,233 [JUnit] INFO  grpc.GrpcConfigKeys (ConfUtils.java:logGet(46)) - raft.grpc.server.async.request.thread.pool.size = 32 (default)
2023-09-13 06:49:25,236 [JUnit] INFO  impl.DataStreamServerImpl (ConfUtils.java:logGet(46)) - raft.datastream.type = NETTY (custom)
2023-09-13 06:49:25,236 [JUnit] INFO  server.RaftServerConfigKeys (ConfUtils.java:logGet(46)) - raft.server.data-stream.async.request.thread.pool.cached = false (default)
2023-09-13 06:49:25,236 [JUnit] INFO  server.RaftServerConfigKeys (ConfUtils.java:logGet(46)) - raft.server.data-stream.async.request.thread.pool.size = 20 (custom)
2023-09-13 06:49:25,236 [JUnit] INFO  server.RaftServerConfigKeys (ConfUtils.java:logGet(46)) - raft.server.data-stream.async.write.thread.pool.size = 16 (default)
2023-09-13 06:49:25,237 [JUnit] INFO  server.RaftServerConfigKeys (ConfUtils.java:logGet(46)) - raft.server.data-stream.client.pool.size = 10 (default)
2023-09-13 06:49:25,237 [JUnit] INFO  netty.NettyConfigKeys$DataStream (ConfUtils.java:logGet(46)) - raft.netty.dataStream.server.use-epoll = false (default)
2023-09-13 06:49:25,237 [JUnit] INFO  netty.NettyConfigKeys$DataStream (ConfUtils.java:logGet(46)) - raft.netty.dataStream.server.boss-group.size = 0 (default)
2023-09-13 06:49:25,237 [JUnit] INFO  netty.NettyConfigKeys$DataStream (ConfUtils.java:logGet(46)) - raft.netty.dataStream.server.worker-group.size = 0 (default)
2023-09-13 06:49:25,238 [JUnit] INFO  netty.NettyConfigKeys$DataStream (ConfUtils.java:logGet(46)) - raft.netty.dataStream.server.tls.conf = null (default)
2023-09-13 06:49:25,238 [JUnit] INFO  netty.NettyConfigKeys$DataStream (ConfUtils.java:logGet(46)) - raft.netty.dataStream.host = null (default)
2023-09-13 06:49:25,238 [JUnit] INFO  netty.NettyConfigKeys$DataStream (ConfUtils.java:logGet(46)) - raft.netty.dataStream.port = 15086 (custom)
2023-09-13 06:49:25,238 [JUnit] INFO  server.RaftServerConfigKeys (ConfUtils.java:logGet(46)) - raft.server.threadpool.proxy.cached = true (default)
2023-09-13 06:49:25,238 [JUnit] INFO  server.RaftServerConfigKeys (ConfUtils.java:logGet(46)) - raft.server.threadpool.proxy.size = 0 (default)
2023-09-13 06:49:25,239 [JUnit] INFO  server.RaftServerConfigKeys (ConfUtils.java:logGet(46)) - raft.server.rpc.slowness.timeout = 300000ms (custom)
2023-09-13 06:49:25,239 [caee8b76-9fb6-4477-ae87-28d408607da3-NettyServerStreamRpc-bossGroup--thread1] INFO  logging.LoggingHandler (AbstractInternalLogger.java:log(148)) - [id: 0x527894d2] REGISTERED
2023-09-13 06:49:25,239 [JUnit] INFO  server.RaftServerConfigKeys (ConfUtils.java:logGet(46)) - raft.server.leaderelection.leader.step-down.wait-time = 10s (default)
2023-09-13 06:49:25,239 [caee8b76-9fb6-4477-ae87-28d408607da3-NettyServerStreamRpc-bossGroup--thread1] INFO  logging.LoggingHandler (AbstractInternalLogger.java:log(148)) - [id: 0x527894d2] BIND: 0.0.0.0/0.0.0.0:15086
2023-09-13 06:49:25,239 [JUnit] INFO  server.RaftServerConfigKeys (ConfUtils.java:logGet(46)) - raft.server.storage.dir = [/home/runner/work/ozone/ozone/hadoop-ozone/integration-test/target/test-dir/MiniOzoneClusterImpl-af11299d-9bff-4b11-875a-a8648a114883/datanode-2/data/ratis] (custom)
2023-09-13 06:49:25,239 [caee8b76-9fb6-4477-ae87-28d408607da3-NettyServerStreamRpc-bossGroup--thread1] INFO  logging.LoggingHandler (AbstractInternalLogger.java:log(148)) - [id: 0x527894d2, L:/0:0:0:0:0:0:0:0:15086] ACTIVE
2023-09-13 06:49:25,239 [caee8b76-9fb6-4477-ae87-28d408607da3-impl-thread1] INFO  server.RaftServer (RaftServerProxy.java:initGroupDir(258)) - caee8b76-9fb6-4477-ae87-28d408607da3: found a subdirectory /home/runner/work/ozone/ozone/hadoop-ozone/integration-test/target/test-dir/MiniOzoneClusterImpl-af11299d-9bff-4b11-875a-a8648a114883/datanode-2/data/ratis/tmp
2023-09-13 06:49:25,239 [caee8b76-9fb6-4477-ae87-28d408607da3-impl-thread1] INFO  server.RaftServer (RaftServerProxy.java:initGroupDir(263)) - caee8b76-9fb6-4477-ae87-28d408607da3: The directory /home/runner/work/ozone/ozone/hadoop-ozone/integration-test/target/test-dir/MiniOzoneClusterImpl-af11299d-9bff-4b11-875a-a8648a114883/datanode-2/data/ratis/tmp is not a group directory; ignoring it. 
2023-09-13 06:49:25,240 [JUnit] INFO  replication.ReplicationServer (ReplicationServer.java:<init>(83)) - Initializing replication server with thread count = 10 queue length = 4096
2023-09-13 06:49:25,241 [JUnit] INFO  server.XceiverServerGrpc (XceiverServerGrpc.java:<init>(132)) - GrpcServer channel type EpollServerSocketChannel
2023-09-13 06:49:25,248 [JUnit] INFO  replication.ReplicationSupervisor (ReplicationSupervisor.java:build(155)) - Initializing replication supervisor with thread count = 10
2023-09-13 06:49:25,248 [JUnit] INFO  replication.ReplicationSupervisor (ReplicationSupervisor.java:nodeStateUpdated(307)) - Node state updated to IN_SERVICE, scaling executor pool size to 10
2023-09-13 06:49:25,254 [JUnit] INFO  http.BaseHttpServer (BaseHttpServer.java:newHttpServer2BuilderForOzone(223)) - Starting Web-server for hddsDatanode at: http://0.0.0.0:15080
2023-09-13 06:49:25,255 [JUnit] INFO  http.BaseHttpServer (BaseHttpServer.java:<init>(110)) - Hadoop Security Enabled: false Ozone Security Enabled: false Ozone HTTP Security Enabled: false 
2023-09-13 06:49:25,256 [JUnit] WARN  server.AuthenticationFilter (AuthenticationFilter.java:constructSecretProvider(240)) - Unable to initialize FileSignerSecretProvider, falling back to use random secrets. Reason: Could not read signature secret file: /home/runner/hadoop-http-auth-signature-secret
2023-09-13 06:49:25,256 [JUnit] INFO  http.HttpRequestLog (HttpRequestLog.java:getRequestLog(86)) - Http request log for http.requests.hddsDatanode is not defined
2023-09-13 06:49:25,259 [JUnit] INFO  http.HttpServer2 (HttpServer2.java:addGlobalFilter(1031)) - Added global filter 'safety' (class=org.apache.hadoop.hdds.server.http.HttpServer2$QuotingInputFilter)
2023-09-13 06:49:25,260 [JUnit] INFO  http.HttpServer2 (HttpServer2.java:addFilter(1007)) - Added filter static_user_filter (class=org.apache.hadoop.http.lib.StaticUserWebFilter$StaticUserFilter) to context hddsDatanode
2023-09-13 06:49:25,260 [JUnit] INFO  http.HttpServer2 (HttpServer2.java:addFilter(1015)) - Added filter static_user_filter (class=org.apache.hadoop.http.lib.StaticUserWebFilter$StaticUserFilter) to context static
2023-09-13 06:49:25,260 [JUnit] INFO  http.HttpServer2 (HttpServer2.java:addFilter(1015)) - Added filter static_user_filter (class=org.apache.hadoop.http.lib.StaticUserWebFilter$StaticUserFilter) to context logs
2023-09-13 06:49:25,260 [JUnit] INFO  http.BaseHttpServer (BaseHttpServer.java:<init>(189)) - HTTP server of hddsDatanode uses base directory /home/runner/work/ozone/ozone/hadoop-ozone/integration-test/target/test-dir/MiniOzoneClusterImpl-af11299d-9bff-4b11-875a-a8648a114883/datanode-2/meta/webserver
2023-09-13 06:49:25,261 [JUnit] INFO  http.HttpServer2 (HttpServer2.java:bindListener(1231)) - Jetty bound to port 15080
2023-09-13 06:49:25,261 [JUnit] INFO  server.Server (Server.java:doStart(375)) - jetty-9.4.51.v20230217; built: 2023-02-17T08:19:37.309Z; git: b45c405e4544384de066f814ed42ae3dceacdd49; jvm 1.8.0_382-b05
2023-09-13 06:49:25,262 [JUnit] INFO  server.session (DefaultSessionIdManager.java:doStart(334)) - DefaultSessionIdManager workerName=node0
2023-09-13 06:49:25,263 [JUnit] INFO  server.session (DefaultSessionIdManager.java:doStart(339)) - No SessionScavenger set, using defaults
2023-09-13 06:49:25,263 [JUnit] INFO  server.session (HouseKeeper.java:startScavenging(132)) - node0 Scavenging every 600000ms
2023-09-13 06:49:25,264 [JUnit] INFO  handler.ContextHandler (ContextHandler.java:doStart(921)) - Started o.e.j.s.ServletContextHandler@4457fec{logs,/logs,file:///home/runner/work/ozone/ozone/hadoop-ozone/integration-test/target/log,AVAILABLE}
2023-09-13 06:49:25,264 [JUnit] INFO  handler.ContextHandler (ContextHandler.java:doStart(921)) - Started o.e.j.s.ServletContextHandler@5d113435{static,/static,jar:file:/home/runner/.m2/repository/org/apache/ozone/hdds-container-service/1.4.0-SNAPSHOT/hdds-container-service-1.4.0-SNAPSHOT.jar!/webapps/static,AVAILABLE}
2023-09-13 06:49:25,427 [om1@group-C5BA1605619E-FollowerState] INFO  impl.FollowerState (FollowerState.java:run(143)) - om1@group-C5BA1605619E-FollowerState: change to CANDIDATE, lastRpcElapsedTime:1095952551ns, electionTimeout:1094ms
2023-09-13 06:49:25,428 [om1@group-C5BA1605619E-FollowerState] INFO  impl.RoleInfo (RoleInfo.java:shutdownFollowerState(110)) - om1: shutdown om1@group-C5BA1605619E-FollowerState
2023-09-13 06:49:25,428 [om1@group-C5BA1605619E-FollowerState] INFO  server.RaftServer$Division (RaftServerImpl.java:setRole(329)) - om1@group-C5BA1605619E: changes role from  FOLLOWER to CANDIDATE at term 0 for changeToCandidate
2023-09-13 06:49:25,428 [om1@group-C5BA1605619E-FollowerState] INFO  server.RaftServerConfigKeys (ConfUtils.java:logGet(46)) - raft.server.leaderelection.pre-vote = true (default)
2023-09-13 06:49:25,428 [om1@group-C5BA1605619E-FollowerState] INFO  impl.RoleInfo (RoleInfo.java:updateAndGet(139)) - om1: start om1@group-C5BA1605619E-LeaderElection10
2023-09-13 06:49:25,430 [om1@group-C5BA1605619E-LeaderElection10] INFO  impl.LeaderElection (LeaderElection.java:askForVotes(321)) - om1@group-C5BA1605619E-LeaderElection10 PRE_VOTE round 0: submit vote requests at term 0 for -1: peers:[om1|rpc:localhost:15060|priority:0|startupRole:FOLLOWER]|listeners:[], old=null
2023-09-13 06:49:25,430 [om1@group-C5BA1605619E-LeaderElection10] INFO  impl.LeaderElection (LeaderElection.java:askForVotes(323)) - om1@group-C5BA1605619E-LeaderElection10 PRE_VOTE round 0: result PASSED (term=0)
2023-09-13 06:49:25,433 [om1@group-C5BA1605619E-LeaderElection10] INFO  impl.LeaderElection (LeaderElection.java:askForVotes(321)) - om1@group-C5BA1605619E-LeaderElection10 ELECTION round 0: submit vote requests at term 1 for -1: peers:[om1|rpc:localhost:15060|priority:0|startupRole:FOLLOWER]|listeners:[], old=null
2023-09-13 06:49:25,433 [om1@group-C5BA1605619E-LeaderElection10] INFO  impl.LeaderElection (LeaderElection.java:askForVotes(323)) - om1@group-C5BA1605619E-LeaderElection10 ELECTION round 0: result PASSED (term=1)
2023-09-13 06:49:25,433 [om1@group-C5BA1605619E-LeaderElection10] INFO  impl.RoleInfo (RoleInfo.java:shutdownLeaderElection(130)) - om1: shutdown om1@group-C5BA1605619E-LeaderElection10
2023-09-13 06:49:25,433 [om1@group-C5BA1605619E-LeaderElection10] INFO  server.RaftServer$Division (RaftServerImpl.java:setRole(329)) - om1@group-C5BA1605619E: changes role from CANDIDATE to LEADER at term 1 for changeToLeader
2023-09-13 06:49:25,433 [om1@group-C5BA1605619E-LeaderElection10] INFO  server.RaftServer$Division (ServerState.java:setLeader(317)) - om1@group-C5BA1605619E: change Leader from null to om1 at term 1 for becomeLeader, leader elected after 1728ms
2023-09-13 06:49:25,433 [om1@group-C5BA1605619E-LeaderElection10] INFO  server.RaftServerConfigKeys (ConfUtils.java:logGet(46)) - raft.server.staging.catchup.gap = 1000 (default)
2023-09-13 06:49:25,433 [om1@group-C5BA1605619E-LeaderElection10] INFO  server.RaftServerConfigKeys (ConfUtils.java:logGet(46)) - raft.server.write.element-limit = 4096 (default)
2023-09-13 06:49:25,433 [om1@group-C5BA1605619E-LeaderElection10] INFO  server.RaftServerConfigKeys (ConfUtils.java:logGet(46)) - raft.server.write.byte-limit = 64MB (=67108864) (default)
2023-09-13 06:49:25,434 [om1@group-C5BA1605619E-LeaderElection10] INFO  server.RaftServerConfigKeys (ConfUtils.java:logGet(46)) - raft.server.watch.timeout = 10s (default)
2023-09-13 06:49:25,434 [om1@group-C5BA1605619E-LeaderElection10] INFO  server.RaftServerConfigKeys (ConfUtils.java:logGet(46)) - raft.server.watch.timeout.denomination = 1s (default)
2023-09-13 06:49:25,434 [om1@group-C5BA1605619E-LeaderElection10] INFO  server.RaftServerConfigKeys (ConfUtils.java:logGet(46)) - raft.server.watch.element-limit = 65536 (default)
2023-09-13 06:49:25,434 [om1@group-C5BA1605619E-LeaderElection10] INFO  server.RaftServerConfigKeys (ConfUtils.java:logGet(46)) - raft.server.write.element-limit = 4096 (default)
2023-09-13 06:49:25,434 [om1@group-C5BA1605619E-LeaderElection10] INFO  server.RaftServerConfigKeys (ConfUtils.java:logGet(46)) - raft.server.write.follower.gap.ratio.max = -1.0 (default)
2023-09-13 06:49:25,434 [om1@group-C5BA1605619E-LeaderElection10] INFO  impl.RoleInfo (RoleInfo.java:updateAndGet(139)) - om1: start om1@group-C5BA1605619E-LeaderStateImpl
2023-09-13 06:49:25,434 [om1@group-C5BA1605619E-LeaderElection10] INFO  segmented.SegmentedRaftLogWorker (SegmentedRaftLogWorker.java:startLogSegment(447)) - om1@group-C5BA1605619E-SegmentedRaftLogWorker: Starting segment from index:0
2023-09-13 06:49:25,440 [om1@group-C5BA1605619E-LeaderElection10] INFO  server.RaftServer$Division (ServerState.java:setRaftConf(434)) - om1@group-C5BA1605619E: set configuration 0: peers:[om1|rpc:localhost:15060|admin:|client:|dataStream:|priority:0|startupRole:FOLLOWER]|listeners:[], old=null
2023-09-13 06:49:25,447 [om1@group-C5BA1605619E-SegmentedRaftLogWorker] INFO  segmented.SegmentedRaftLogWorker (SegmentedRaftLogWorker.java:execute(651)) - om1@group-C5BA1605619E-SegmentedRaftLogWorker: created new log segment /home/runner/work/ozone/ozone/hadoop-ozone/integration-test/target/test-dir/MiniOzoneClusterImpl-af11299d-9bff-4b11-875a-a8648a114883/ozone-meta/ratis/bf265839-605b-3f16-9796-c5ba1605619e/current/log_inprogress_0
2023-09-13 06:49:25,448 [om1@group-C5BA1605619E-StateMachineUpdater] INFO  ratis.OzoneManagerStateMachine (OzoneManagerStateMachine.java:notifyConfigurationChanged(202)) - Received Configuration change notification from Ratis. New Peer list:
[id: "om1"
address: "localhost:15060"
startupRole: FOLLOWER
]
2023-09-13 06:49:25,513 [JUnit] INFO  handler.ContextHandler (ContextHandler.java:doStart(921)) - Started o.e.j.w.WebAppContext@268d586a{hddsDatanode,/,file:///home/runner/work/ozone/ozone/hadoop-ozone/integration-test/target/test-dir/MiniOzoneClusterImpl-af11299d-9bff-4b11-875a-a8648a114883/datanode-2/meta/webserver/jetty-0_0_0_0-15080-hdds-container-service-1_4_0-SNAPSHOT_jar-_-any-7783103610245069502/webapp/,AVAILABLE}{jar:file:/home/runner/.m2/repository/org/apache/ozone/hdds-container-service/1.4.0-SNAPSHOT/hdds-container-service-1.4.0-SNAPSHOT.jar!/webapps/hddsDatanode}
2023-09-13 06:49:25,515 [JUnit] INFO  server.AbstractConnector (AbstractConnector.java:doStart(333)) - Started ServerConnector@59a45b95{HTTP/1.1, (http/1.1)}{0.0.0.0:15080}
2023-09-13 06:49:25,515 [JUnit] INFO  server.Server (Server.java:doStart(415)) - Started @34159ms
2023-09-13 06:49:25,515 [JUnit] WARN  impl.MetricsSystemImpl (MetricsSystemImpl.java:register(279)) - Sink prometheus already exists!
2023-09-13 06:49:25,516 [JUnit] INFO  http.BaseHttpServer (BaseHttpServer.java:updateConnectorAddress(354)) - HTTP server of hddsDatanode listening at http://0.0.0.0:15080
2023-09-13 06:49:25,517 [JUnit] INFO  ipc.CallQueueManager (CallQueueManager.java:<init>(90)) - Using callQueue: class java.util.concurrent.LinkedBlockingQueue, queueCapacity: 100, scheduler: class org.apache.hadoop.ipc.DefaultRpcScheduler, ipcBackoff: false.
2023-09-13 06:49:25,517 [JUnit] INFO  ipc.Server (Server.java:<init>(1287)) - Listener at 0.0.0.0:15081
2023-09-13 06:49:25,520 [Socket Reader #1 for port 15081] INFO  ipc.Server (Server.java:run(1323)) - Starting Socket Reader #1 for port 15081
2023-09-13 06:49:25,524 [JUnit] INFO  ozone.HddsDatanodeService (HddsDatanodeService.java:start(315)) - Datanode start with admins: [runner]
2023-09-13 06:49:25,524 [JUnit] INFO  ozone.HddsDatanodeClientProtocolServer (HddsDatanodeClientProtocolServer.java:start(72)) - RPC server for Client /0.0.0.0:15081
2023-09-13 06:49:25,524 [IPC Server Responder] INFO  ipc.Server (Server.java:run(1562)) - IPC Server Responder: starting
2023-09-13 06:49:25,524 [IPC Server listener on 15081] INFO  ipc.Server (Server.java:run(1402)) - IPC Server listener on 15081: starting
2023-09-13 06:49:25,525 [Datanode State Machine Daemon Thread] INFO  statemachine.DatanodeStateMachine (DatanodeStateMachine.java:lambda$startDaemon$0(538)) - Ozone container server started.
2023-09-13 06:49:25,525 [JUnit] WARN  impl.MetricRegistriesImpl (MetricRegistriesImpl.java:addReporterRegistration(111)) - New reporters are added after registries were created. Some metrics will be missing from the reporter. Please add reporter before adding any new registry.
2023-09-13 06:49:25,525 [JUnit] WARN  impl.MetricRegistriesImpl (MetricRegistriesImpl.java:addReporterRegistration(111)) - New reporters are added after registries were created. Some metrics will be missing from the reporter. Please add reporter before adding any new registry.
2023-09-13 06:49:25,525 [JUnit] INFO  impl.MetricsSystemImpl (MetricsSystemImpl.java:init(158)) - HddsDatanode metrics system started (again)
2023-09-13 06:49:25,544 [Datanode State Machine Task Thread - 0] INFO  datanode.InitDatanodeState (InitDatanodeState.java:persistContainerDatanodeDetails(138)) - DatanodeDetails is persisted to /home/runner/work/ozone/ozone/hadoop-ozone/integration-test/target/test-dir/MiniOzoneClusterImpl-af11299d-9bff-4b11-875a-a8648a114883/datanode-2/meta/datanode.id
2023-09-13 06:49:25,546 [JUnit] INFO  ozone.HddsDatanodeService (HddsDatanodeService.java:start(237)) - HddsDatanodeService host:fv-az460-410.k2d41ockulnezl353eucldp3of.dx.internal.cloudapp.net ip:10.1.0.17
2023-09-13 06:49:25,573 [JUnit] INFO  upgrade.AbstractLayoutVersionManager (AbstractLayoutVersionManager.java:init(83)) - Initializing Layout version manager with metadata layout = HADOOP_PRC_PORTS_IN_DATANODEDETAILS (version = 7), software layout = HADOOP_PRC_PORTS_IN_DATANODEDETAILS (version = 7)
2023-09-13 06:49:25,574 [JUnit] INFO  statemachine.DatanodeStateMachine (DatanodeStateMachine.java:getEndPointTaskThreadPoolSize(282)) - Datanode State Machine Task Thread Pool size 2
2023-09-13 06:49:25,583 [JUnit] INFO  volume.HddsVolume (HddsVolume.java:<init>(126)) - Creating HddsVolume: /home/runner/work/ozone/ozone/hadoop-ozone/integration-test/target/test-dir/MiniOzoneClusterImpl-af11299d-9bff-4b11-875a-a8648a114883/datanode-3/data-0/containers/hdds of storage type : DISK capacity : 9223372036854775807
2023-09-13 06:49:25,583 [JUnit] INFO  volume.MutableVolumeSet (MutableVolumeSet.java:initializeVolumeSet(173)) - Added Volume : /home/runner/work/ozone/ozone/hadoop-ozone/integration-test/target/test-dir/MiniOzoneClusterImpl-af11299d-9bff-4b11-875a-a8648a114883/datanode-3/data-0/containers/hdds to VolumeSet
2023-09-13 06:49:25,584 [JUnit] INFO  volume.MutableVolumeSet (MutableVolumeSet.java:initializeVolumeSet(173)) - Added Volume : /home/runner/work/ozone/ozone/hadoop-ozone/integration-test/target/test-dir/MiniOzoneClusterImpl-af11299d-9bff-4b11-875a-a8648a114883/datanode-3/data/ratis to VolumeSet
2023-09-13 06:49:25,586 [Thread-800] INFO  ozoneimpl.ContainerReader (ContainerReader.java:readVolume(177)) - Finish verifying containers on volume /home/runner/work/ozone/ozone/hadoop-ozone/integration-test/target/test-dir/MiniOzoneClusterImpl-af11299d-9bff-4b11-875a-a8648a114883/datanode-3/data-0/containers/hdds
2023-09-13 06:49:25,586 [JUnit] INFO  ozoneimpl.OzoneContainer (OzoneContainer.java:buildContainerSet(314)) - Build ContainerSet costs 0s
2023-09-13 06:49:25,588 [JUnit] INFO  server.RaftServer (ConfUtils.java:logGet(46)) - raft.rpc.type = GRPC (default)
2023-09-13 06:49:25,588 [JUnit] INFO  grpc.GrpcConfigKeys (ConfUtils.java:logFallback(53)) - raft.grpc.admin.host = null (fallback to raft.grpc.server.host)
2023-09-13 06:49:25,588 [JUnit] INFO  grpc.GrpcConfigKeys (ConfUtils.java:logGet(46)) - raft.grpc.admin.port = 15093 (custom)
2023-09-13 06:49:25,588 [JUnit] INFO  grpc.GrpcConfigKeys (ConfUtils.java:logFallback(53)) - raft.grpc.client.host = null (fallback to raft.grpc.server.host)
2023-09-13 06:49:25,589 [JUnit] INFO  grpc.GrpcConfigKeys (ConfUtils.java:logGet(46)) - raft.grpc.client.port = 15092 (custom)
2023-09-13 06:49:25,589 [JUnit] INFO  grpc.GrpcConfigKeys (ConfUtils.java:logGet(46)) - raft.grpc.server.host = null (default)
2023-09-13 06:49:25,590 [JUnit] INFO  grpc.GrpcConfigKeys (ConfUtils.java:logGet(46)) - raft.grpc.server.port = 15094 (custom)
2023-09-13 06:49:25,590 [JUnit] INFO  server.GrpcService (ConfUtils.java:logGet(46)) - raft.grpc.message.size.max = 32MB (=33554432) (custom)
2023-09-13 06:49:25,590 [JUnit] INFO  server.RaftServerConfigKeys (ConfUtils.java:logGet(46)) - raft.server.log.appender.buffer.byte-limit = 33554432 (custom)
2023-09-13 06:49:25,591 [JUnit] INFO  server.GrpcService (ConfUtils.java:logGet(46)) - raft.grpc.flow.control.window = 5MB (=5242880) (custom)
2023-09-13 06:49:25,591 [JUnit] INFO  server.RaftServerConfigKeys (ConfUtils.java:logGet(46)) - raft.server.rpc.request.timeout = 3000ms (default)
2023-09-13 06:49:25,591 [JUnit] INFO  grpc.GrpcConfigKeys (ConfUtils.java:logGet(46)) - raft.grpc.server.heartbeat.channel = true (default)
2023-09-13 06:49:25,591 [JUnit] INFO  grpc.GrpcConfigKeys (ConfUtils.java:logGet(46)) - raft.grpc.server.async.request.thread.pool.cached = true (default)
2023-09-13 06:49:25,591 [JUnit] INFO  grpc.GrpcConfigKeys (ConfUtils.java:logGet(46)) - raft.grpc.server.async.request.thread.pool.size = 32 (default)
2023-09-13 06:49:25,594 [JUnit] INFO  impl.DataStreamServerImpl (ConfUtils.java:logGet(46)) - raft.datastream.type = NETTY (custom)
2023-09-13 06:49:25,594 [JUnit] INFO  server.RaftServerConfigKeys (ConfUtils.java:logGet(46)) - raft.server.data-stream.async.request.thread.pool.cached = false (default)
2023-09-13 06:49:25,595 [JUnit] INFO  server.RaftServerConfigKeys (ConfUtils.java:logGet(46)) - raft.server.data-stream.async.request.thread.pool.size = 20 (custom)
2023-09-13 06:49:25,595 [JUnit] INFO  server.RaftServerConfigKeys (ConfUtils.java:logGet(46)) - raft.server.data-stream.async.write.thread.pool.size = 16 (default)
2023-09-13 06:49:25,595 [JUnit] INFO  server.RaftServerConfigKeys (ConfUtils.java:logGet(46)) - raft.server.data-stream.client.pool.size = 10 (default)
2023-09-13 06:49:25,595 [JUnit] INFO  netty.NettyConfigKeys$DataStream (ConfUtils.java:logGet(46)) - raft.netty.dataStream.server.use-epoll = false (default)
2023-09-13 06:49:25,595 [JUnit] INFO  netty.NettyConfigKeys$DataStream (ConfUtils.java:logGet(46)) - raft.netty.dataStream.server.boss-group.size = 0 (default)
2023-09-13 06:49:25,596 [JUnit] INFO  netty.NettyConfigKeys$DataStream (ConfUtils.java:logGet(46)) - raft.netty.dataStream.server.worker-group.size = 0 (default)
2023-09-13 06:49:25,596 [JUnit] INFO  netty.NettyConfigKeys$DataStream (ConfUtils.java:logGet(46)) - raft.netty.dataStream.server.tls.conf = null (default)
2023-09-13 06:49:25,597 [JUnit] INFO  netty.NettyConfigKeys$DataStream (ConfUtils.java:logGet(46)) - raft.netty.dataStream.host = null (default)
2023-09-13 06:49:25,597 [JUnit] INFO  netty.NettyConfigKeys$DataStream (ConfUtils.java:logGet(46)) - raft.netty.dataStream.port = 15095 (custom)
2023-09-13 06:49:25,597 [JUnit] INFO  server.RaftServerConfigKeys (ConfUtils.java:logGet(46)) - raft.server.threadpool.proxy.cached = true (default)
2023-09-13 06:49:25,597 [JUnit] INFO  server.RaftServerConfigKeys (ConfUtils.java:logGet(46)) - raft.server.threadpool.proxy.size = 0 (default)
2023-09-13 06:49:25,598 [JUnit] INFO  server.RaftServerConfigKeys (ConfUtils.java:logGet(46)) - raft.server.rpc.slowness.timeout = 300000ms (custom)
2023-09-13 06:49:25,598 [JUnit] INFO  server.RaftServerConfigKeys (ConfUtils.java:logGet(46)) - raft.server.leaderelection.leader.step-down.wait-time = 10s (default)
2023-09-13 06:49:25,598 [JUnit] INFO  server.RaftServerConfigKeys (ConfUtils.java:logGet(46)) - raft.server.storage.dir = [/home/runner/work/ozone/ozone/hadoop-ozone/integration-test/target/test-dir/MiniOzoneClusterImpl-af11299d-9bff-4b11-875a-a8648a114883/datanode-3/data/ratis] (custom)
2023-09-13 06:49:25,598 [7d333e3b-a912-4945-85a1-cfb45bef2dd4-NettyServerStreamRpc-bossGroup--thread1] INFO  logging.LoggingHandler (AbstractInternalLogger.java:log(148)) - [id: 0x27bb74f4] REGISTERED
2023-09-13 06:49:25,598 [7d333e3b-a912-4945-85a1-cfb45bef2dd4-NettyServerStreamRpc-bossGroup--thread1] INFO  logging.LoggingHandler (AbstractInternalLogger.java:log(148)) - [id: 0x27bb74f4] BIND: 0.0.0.0/0.0.0.0:15095
2023-09-13 06:49:25,599 [7d333e3b-a912-4945-85a1-cfb45bef2dd4-NettyServerStreamRpc-bossGroup--thread1] INFO  logging.LoggingHandler (AbstractInternalLogger.java:log(148)) - [id: 0x27bb74f4, L:/0:0:0:0:0:0:0:0:15095] ACTIVE
2023-09-13 06:49:25,600 [7d333e3b-a912-4945-85a1-cfb45bef2dd4-impl-thread1] INFO  server.RaftServer (RaftServerProxy.java:initGroupDir(258)) - 7d333e3b-a912-4945-85a1-cfb45bef2dd4: found a subdirectory /home/runner/work/ozone/ozone/hadoop-ozone/integration-test/target/test-dir/MiniOzoneClusterImpl-af11299d-9bff-4b11-875a-a8648a114883/datanode-3/data/ratis/tmp
2023-09-13 06:49:25,600 [7d333e3b-a912-4945-85a1-cfb45bef2dd4-impl-thread1] INFO  server.RaftServer (RaftServerProxy.java:initGroupDir(263)) - 7d333e3b-a912-4945-85a1-cfb45bef2dd4: The directory /home/runner/work/ozone/ozone/hadoop-ozone/integration-test/target/test-dir/MiniOzoneClusterImpl-af11299d-9bff-4b11-875a-a8648a114883/datanode-3/data/ratis/tmp is not a group directory; ignoring it. 
2023-09-13 06:49:25,600 [JUnit] INFO  replication.ReplicationServer (ReplicationServer.java:<init>(83)) - Initializing replication server with thread count = 10 queue length = 4096
2023-09-13 06:49:25,602 [JUnit] INFO  server.XceiverServerGrpc (XceiverServerGrpc.java:<init>(132)) - GrpcServer channel type EpollServerSocketChannel
2023-09-13 06:49:25,603 [JUnit] INFO  replication.ReplicationSupervisor (ReplicationSupervisor.java:build(155)) - Initializing replication supervisor with thread count = 10
2023-09-13 06:49:25,603 [JUnit] INFO  replication.ReplicationSupervisor (ReplicationSupervisor.java:nodeStateUpdated(307)) - Node state updated to IN_SERVICE, scaling executor pool size to 10
2023-09-13 06:49:25,608 [JUnit] INFO  http.BaseHttpServer (BaseHttpServer.java:newHttpServer2BuilderForOzone(223)) - Starting Web-server for hddsDatanode at: http://0.0.0.0:15089
2023-09-13 06:49:25,608 [JUnit] INFO  http.BaseHttpServer (BaseHttpServer.java:<init>(110)) - Hadoop Security Enabled: false Ozone Security Enabled: false Ozone HTTP Security Enabled: false 
2023-09-13 06:49:25,609 [JUnit] WARN  server.AuthenticationFilter (AuthenticationFilter.java:constructSecretProvider(240)) - Unable to initialize FileSignerSecretProvider, falling back to use random secrets. Reason: Could not read signature secret file: /home/runner/hadoop-http-auth-signature-secret
2023-09-13 06:49:25,614 [JUnit] INFO  http.HttpRequestLog (HttpRequestLog.java:getRequestLog(86)) - Http request log for http.requests.hddsDatanode is not defined
2023-09-13 06:49:25,616 [JUnit] INFO  http.HttpServer2 (HttpServer2.java:addGlobalFilter(1031)) - Added global filter 'safety' (class=org.apache.hadoop.hdds.server.http.HttpServer2$QuotingInputFilter)
2023-09-13 06:49:25,616 [JUnit] INFO  http.HttpServer2 (HttpServer2.java:addFilter(1007)) - Added filter static_user_filter (class=org.apache.hadoop.http.lib.StaticUserWebFilter$StaticUserFilter) to context hddsDatanode
2023-09-13 06:49:25,617 [JUnit] INFO  http.HttpServer2 (HttpServer2.java:addFilter(1015)) - Added filter static_user_filter (class=org.apache.hadoop.http.lib.StaticUserWebFilter$StaticUserFilter) to context static
2023-09-13 06:49:25,617 [JUnit] INFO  http.HttpServer2 (HttpServer2.java:addFilter(1015)) - Added filter static_user_filter (class=org.apache.hadoop.http.lib.StaticUserWebFilter$StaticUserFilter) to context logs
2023-09-13 06:49:25,617 [JUnit] INFO  http.BaseHttpServer (BaseHttpServer.java:<init>(189)) - HTTP server of hddsDatanode uses base directory /home/runner/work/ozone/ozone/hadoop-ozone/integration-test/target/test-dir/MiniOzoneClusterImpl-af11299d-9bff-4b11-875a-a8648a114883/datanode-3/meta/webserver
2023-09-13 06:49:25,617 [JUnit] INFO  http.HttpServer2 (HttpServer2.java:bindListener(1231)) - Jetty bound to port 15089
2023-09-13 06:49:25,618 [JUnit] INFO  server.Server (Server.java:doStart(375)) - jetty-9.4.51.v20230217; built: 2023-02-17T08:19:37.309Z; git: b45c405e4544384de066f814ed42ae3dceacdd49; jvm 1.8.0_382-b05
2023-09-13 06:49:25,623 [JUnit] INFO  server.session (DefaultSessionIdManager.java:doStart(334)) - DefaultSessionIdManager workerName=node0
2023-09-13 06:49:25,623 [JUnit] INFO  server.session (DefaultSessionIdManager.java:doStart(339)) - No SessionScavenger set, using defaults
2023-09-13 06:49:25,623 [JUnit] INFO  server.session (HouseKeeper.java:startScavenging(132)) - node0 Scavenging every 600000ms
2023-09-13 06:49:25,624 [JUnit] INFO  handler.ContextHandler (ContextHandler.java:doStart(921)) - Started o.e.j.s.ServletContextHandler@317162ca{logs,/logs,file:///home/runner/work/ozone/ozone/hadoop-ozone/integration-test/target/log,AVAILABLE}
2023-09-13 06:49:25,624 [JUnit] INFO  handler.ContextHandler (ContextHandler.java:doStart(921)) - Started o.e.j.s.ServletContextHandler@25453882{static,/static,jar:file:/home/runner/.m2/repository/org/apache/ozone/hdds-container-service/1.4.0-SNAPSHOT/hdds-container-service-1.4.0-SNAPSHOT.jar!/webapps/static,AVAILABLE}
2023-09-13 06:49:25,855 [JUnit] INFO  handler.ContextHandler (ContextHandler.java:doStart(921)) - Started o.e.j.w.WebAppContext@2a9be4b9{hddsDatanode,/,file:///home/runner/work/ozone/ozone/hadoop-ozone/integration-test/target/test-dir/MiniOzoneClusterImpl-af11299d-9bff-4b11-875a-a8648a114883/datanode-3/meta/webserver/jetty-0_0_0_0-15089-hdds-container-service-1_4_0-SNAPSHOT_jar-_-any-8844251702807688929/webapp/,AVAILABLE}{jar:file:/home/runner/.m2/repository/org/apache/ozone/hdds-container-service/1.4.0-SNAPSHOT/hdds-container-service-1.4.0-SNAPSHOT.jar!/webapps/hddsDatanode}
2023-09-13 06:49:25,858 [JUnit] INFO  server.AbstractConnector (AbstractConnector.java:doStart(333)) - Started ServerConnector@7d895d8e{HTTP/1.1, (http/1.1)}{0.0.0.0:15089}
2023-09-13 06:49:25,859 [JUnit] INFO  server.Server (Server.java:doStart(415)) - Started @34503ms
2023-09-13 06:49:25,859 [JUnit] WARN  impl.MetricsSystemImpl (MetricsSystemImpl.java:register(279)) - Sink prometheus already exists!
2023-09-13 06:49:25,860 [JUnit] INFO  http.BaseHttpServer (BaseHttpServer.java:updateConnectorAddress(354)) - HTTP server of hddsDatanode listening at http://0.0.0.0:15089
2023-09-13 06:49:25,860 [JUnit] INFO  ipc.CallQueueManager (CallQueueManager.java:<init>(90)) - Using callQueue: class java.util.concurrent.LinkedBlockingQueue, queueCapacity: 100, scheduler: class org.apache.hadoop.ipc.DefaultRpcScheduler, ipcBackoff: false.
2023-09-13 06:49:25,860 [JUnit] INFO  ipc.Server (Server.java:<init>(1287)) - Listener at 0.0.0.0:15090
2023-09-13 06:49:25,864 [Socket Reader #1 for port 15090] INFO  ipc.Server (Server.java:run(1323)) - Starting Socket Reader #1 for port 15090
2023-09-13 06:49:25,867 [JUnit] INFO  ozone.HddsDatanodeService (HddsDatanodeService.java:start(315)) - Datanode start with admins: [runner]
2023-09-13 06:49:25,868 [JUnit] INFO  ozone.HddsDatanodeClientProtocolServer (HddsDatanodeClientProtocolServer.java:start(72)) - RPC server for Client /0.0.0.0:15090
2023-09-13 06:49:25,868 [IPC Server Responder] INFO  ipc.Server (Server.java:run(1562)) - IPC Server Responder: starting
2023-09-13 06:49:25,868 [IPC Server listener on 15090] INFO  ipc.Server (Server.java:run(1402)) - IPC Server listener on 15090: starting
2023-09-13 06:49:25,873 [Datanode State Machine Daemon Thread] INFO  statemachine.DatanodeStateMachine (DatanodeStateMachine.java:lambda$startDaemon$0(538)) - Ozone container server started.
2023-09-13 06:49:25,873 [JUnit] WARN  impl.MetricRegistriesImpl (MetricRegistriesImpl.java:addReporterRegistration(111)) - New reporters are added after registries were created. Some metrics will be missing from the reporter. Please add reporter before adding any new registry.
2023-09-13 06:49:25,874 [JUnit] WARN  impl.MetricRegistriesImpl (MetricRegistriesImpl.java:addReporterRegistration(111)) - New reporters are added after registries were created. Some metrics will be missing from the reporter. Please add reporter before adding any new registry.
2023-09-13 06:49:25,874 [JUnit] INFO  impl.MetricsSystemImpl (MetricsSystemImpl.java:init(158)) - HddsDatanode metrics system started (again)
2023-09-13 06:49:25,888 [Datanode State Machine Task Thread - 0] INFO  datanode.InitDatanodeState (InitDatanodeState.java:persistContainerDatanodeDetails(138)) - DatanodeDetails is persisted to /home/runner/work/ozone/ozone/hadoop-ozone/integration-test/target/test-dir/MiniOzoneClusterImpl-af11299d-9bff-4b11-875a-a8648a114883/datanode-3/meta/datanode.id
2023-09-13 06:49:25,897 [JUnit] INFO  ozone.HddsDatanodeService (HddsDatanodeService.java:start(237)) - HddsDatanodeService host:fv-az460-410.k2d41ockulnezl353eucldp3of.dx.internal.cloudapp.net ip:10.1.0.17
2023-09-13 06:49:25,924 [JUnit] INFO  upgrade.AbstractLayoutVersionManager (AbstractLayoutVersionManager.java:init(83)) - Initializing Layout version manager with metadata layout = HADOOP_PRC_PORTS_IN_DATANODEDETAILS (version = 7), software layout = HADOOP_PRC_PORTS_IN_DATANODEDETAILS (version = 7)
2023-09-13 06:49:25,925 [JUnit] INFO  statemachine.DatanodeStateMachine (DatanodeStateMachine.java:getEndPointTaskThreadPoolSize(282)) - Datanode State Machine Task Thread Pool size 2
2023-09-13 06:49:25,929 [JUnit] INFO  volume.HddsVolume (HddsVolume.java:<init>(126)) - Creating HddsVolume: /home/runner/work/ozone/ozone/hadoop-ozone/integration-test/target/test-dir/MiniOzoneClusterImpl-af11299d-9bff-4b11-875a-a8648a114883/datanode-4/data-0/containers/hdds of storage type : DISK capacity : 9223372036854775807
2023-09-13 06:49:25,930 [JUnit] INFO  volume.MutableVolumeSet (MutableVolumeSet.java:initializeVolumeSet(173)) - Added Volume : /home/runner/work/ozone/ozone/hadoop-ozone/integration-test/target/test-dir/MiniOzoneClusterImpl-af11299d-9bff-4b11-875a-a8648a114883/datanode-4/data-0/containers/hdds to VolumeSet
2023-09-13 06:49:25,930 [JUnit] INFO  volume.MutableVolumeSet (MutableVolumeSet.java:initializeVolumeSet(173)) - Added Volume : /home/runner/work/ozone/ozone/hadoop-ozone/integration-test/target/test-dir/MiniOzoneClusterImpl-af11299d-9bff-4b11-875a-a8648a114883/datanode-4/data/ratis to VolumeSet
2023-09-13 06:49:25,933 [Thread-817] INFO  ozoneimpl.ContainerReader (ContainerReader.java:readVolume(177)) - Finish verifying containers on volume /home/runner/work/ozone/ozone/hadoop-ozone/integration-test/target/test-dir/MiniOzoneClusterImpl-af11299d-9bff-4b11-875a-a8648a114883/datanode-4/data-0/containers/hdds
2023-09-13 06:49:25,933 [JUnit] INFO  ozoneimpl.OzoneContainer (OzoneContainer.java:buildContainerSet(314)) - Build ContainerSet costs 0s
2023-09-13 06:49:25,941 [JUnit] INFO  server.RaftServer (ConfUtils.java:logGet(46)) - raft.rpc.type = GRPC (default)
2023-09-13 06:49:25,941 [JUnit] INFO  grpc.GrpcConfigKeys (ConfUtils.java:logFallback(53)) - raft.grpc.admin.host = null (fallback to raft.grpc.server.host)
2023-09-13 06:49:25,941 [JUnit] INFO  grpc.GrpcConfigKeys (ConfUtils.java:logGet(46)) - raft.grpc.admin.port = 15102 (custom)
2023-09-13 06:49:25,941 [JUnit] INFO  grpc.GrpcConfigKeys (ConfUtils.java:logFallback(53)) - raft.grpc.client.host = null (fallback to raft.grpc.server.host)
2023-09-13 06:49:25,942 [JUnit] INFO  grpc.GrpcConfigKeys (ConfUtils.java:logGet(46)) - raft.grpc.client.port = 15101 (custom)
2023-09-13 06:49:25,942 [JUnit] INFO  grpc.GrpcConfigKeys (ConfUtils.java:logGet(46)) - raft.grpc.server.host = null (default)
2023-09-13 06:49:25,942 [JUnit] INFO  grpc.GrpcConfigKeys (ConfUtils.java:logGet(46)) - raft.grpc.server.port = 15103 (custom)
2023-09-13 06:49:25,942 [JUnit] INFO  server.GrpcService (ConfUtils.java:logGet(46)) - raft.grpc.message.size.max = 32MB (=33554432) (custom)
2023-09-13 06:49:25,942 [JUnit] INFO  server.RaftServerConfigKeys (ConfUtils.java:logGet(46)) - raft.server.log.appender.buffer.byte-limit = 33554432 (custom)
2023-09-13 06:49:25,942 [JUnit] INFO  server.GrpcService (ConfUtils.java:logGet(46)) - raft.grpc.flow.control.window = 5MB (=5242880) (custom)
2023-09-13 06:49:25,942 [JUnit] INFO  server.RaftServerConfigKeys (ConfUtils.java:logGet(46)) - raft.server.rpc.request.timeout = 3000ms (default)
2023-09-13 06:49:25,943 [JUnit] INFO  grpc.GrpcConfigKeys (ConfUtils.java:logGet(46)) - raft.grpc.server.heartbeat.channel = true (default)
2023-09-13 06:49:25,943 [JUnit] INFO  grpc.GrpcConfigKeys (ConfUtils.java:logGet(46)) - raft.grpc.server.async.request.thread.pool.cached = true (default)
2023-09-13 06:49:25,943 [JUnit] INFO  grpc.GrpcConfigKeys (ConfUtils.java:logGet(46)) - raft.grpc.server.async.request.thread.pool.size = 32 (default)
2023-09-13 06:49:25,945 [JUnit] INFO  impl.DataStreamServerImpl (ConfUtils.java:logGet(46)) - raft.datastream.type = NETTY (custom)
2023-09-13 06:49:25,946 [JUnit] INFO  server.RaftServerConfigKeys (ConfUtils.java:logGet(46)) - raft.server.data-stream.async.request.thread.pool.cached = false (default)
2023-09-13 06:49:25,946 [JUnit] INFO  server.RaftServerConfigKeys (ConfUtils.java:logGet(46)) - raft.server.data-stream.async.request.thread.pool.size = 20 (custom)
2023-09-13 06:49:25,946 [JUnit] INFO  server.RaftServerConfigKeys (ConfUtils.java:logGet(46)) - raft.server.data-stream.async.write.thread.pool.size = 16 (default)
2023-09-13 06:49:25,946 [JUnit] INFO  server.RaftServerConfigKeys (ConfUtils.java:logGet(46)) - raft.server.data-stream.client.pool.size = 10 (default)
2023-09-13 06:49:25,947 [JUnit] INFO  netty.NettyConfigKeys$DataStream (ConfUtils.java:logGet(46)) - raft.netty.dataStream.server.use-epoll = false (default)
2023-09-13 06:49:25,947 [JUnit] INFO  netty.NettyConfigKeys$DataStream (ConfUtils.java:logGet(46)) - raft.netty.dataStream.server.boss-group.size = 0 (default)
2023-09-13 06:49:25,947 [JUnit] INFO  netty.NettyConfigKeys$DataStream (ConfUtils.java:logGet(46)) - raft.netty.dataStream.server.worker-group.size = 0 (default)
2023-09-13 06:49:25,947 [JUnit] INFO  netty.NettyConfigKeys$DataStream (ConfUtils.java:logGet(46)) - raft.netty.dataStream.server.tls.conf = null (default)
2023-09-13 06:49:25,948 [JUnit] INFO  netty.NettyConfigKeys$DataStream (ConfUtils.java:logGet(46)) - raft.netty.dataStream.host = null (default)
2023-09-13 06:49:25,948 [JUnit] INFO  netty.NettyConfigKeys$DataStream (ConfUtils.java:logGet(46)) - raft.netty.dataStream.port = 15104 (custom)
2023-09-13 06:49:25,949 [JUnit] INFO  server.RaftServerConfigKeys (ConfUtils.java:logGet(46)) - raft.server.threadpool.proxy.cached = true (default)
2023-09-13 06:49:25,949 [JUnit] INFO  server.RaftServerConfigKeys (ConfUtils.java:logGet(46)) - raft.server.threadpool.proxy.size = 0 (default)
2023-09-13 06:49:25,949 [JUnit] INFO  server.RaftServerConfigKeys (ConfUtils.java:logGet(46)) - raft.server.rpc.slowness.timeout = 300000ms (custom)
2023-09-13 06:49:25,949 [317c0206-f59e-48b8-82fe-e4d21bebe462-NettyServerStreamRpc-bossGroup--thread1] INFO  logging.LoggingHandler (AbstractInternalLogger.java:log(148)) - [id: 0x6e080b09] REGISTERED
2023-09-13 06:49:25,949 [JUnit] INFO  server.RaftServerConfigKeys (ConfUtils.java:logGet(46)) - raft.server.leaderelection.leader.step-down.wait-time = 10s (default)
2023-09-13 06:49:25,950 [317c0206-f59e-48b8-82fe-e4d21bebe462-NettyServerStreamRpc-bossGroup--thread1] INFO  logging.LoggingHandler (AbstractInternalLogger.java:log(148)) - [id: 0x6e080b09] BIND: 0.0.0.0/0.0.0.0:15104
2023-09-13 06:49:25,950 [JUnit] INFO  server.RaftServerConfigKeys (ConfUtils.java:logGet(46)) - raft.server.storage.dir = [/home/runner/work/ozone/ozone/hadoop-ozone/integration-test/target/test-dir/MiniOzoneClusterImpl-af11299d-9bff-4b11-875a-a8648a114883/datanode-4/data/ratis] (custom)
2023-09-13 06:49:25,950 [317c0206-f59e-48b8-82fe-e4d21bebe462-NettyServerStreamRpc-bossGroup--thread1] INFO  logging.LoggingHandler (AbstractInternalLogger.java:log(148)) - [id: 0x6e080b09, L:/0:0:0:0:0:0:0:0:15104] ACTIVE
2023-09-13 06:49:25,950 [317c0206-f59e-48b8-82fe-e4d21bebe462-impl-thread1] INFO  server.RaftServer (RaftServerProxy.java:initGroupDir(258)) - 317c0206-f59e-48b8-82fe-e4d21bebe462: found a subdirectory /home/runner/work/ozone/ozone/hadoop-ozone/integration-test/target/test-dir/MiniOzoneClusterImpl-af11299d-9bff-4b11-875a-a8648a114883/datanode-4/data/ratis/tmp
2023-09-13 06:49:25,950 [317c0206-f59e-48b8-82fe-e4d21bebe462-impl-thread1] INFO  server.RaftServer (RaftServerProxy.java:initGroupDir(263)) - 317c0206-f59e-48b8-82fe-e4d21bebe462: The directory /home/runner/work/ozone/ozone/hadoop-ozone/integration-test/target/test-dir/MiniOzoneClusterImpl-af11299d-9bff-4b11-875a-a8648a114883/datanode-4/data/ratis/tmp is not a group directory; ignoring it. 
2023-09-13 06:49:25,951 [JUnit] INFO  replication.ReplicationServer (ReplicationServer.java:<init>(83)) - Initializing replication server with thread count = 10 queue length = 4096
2023-09-13 06:49:25,954 [JUnit] INFO  server.XceiverServerGrpc (XceiverServerGrpc.java:<init>(132)) - GrpcServer channel type EpollServerSocketChannel
2023-09-13 06:49:25,957 [JUnit] INFO  replication.ReplicationSupervisor (ReplicationSupervisor.java:build(155)) - Initializing replication supervisor with thread count = 10
2023-09-13 06:49:25,957 [JUnit] INFO  replication.ReplicationSupervisor (ReplicationSupervisor.java:nodeStateUpdated(307)) - Node state updated to IN_SERVICE, scaling executor pool size to 10
2023-09-13 06:49:25,960 [JUnit] INFO  http.BaseHttpServer (BaseHttpServer.java:newHttpServer2BuilderForOzone(223)) - Starting Web-server for hddsDatanode at: http://0.0.0.0:15098
2023-09-13 06:49:25,960 [JUnit] INFO  http.BaseHttpServer (BaseHttpServer.java:<init>(110)) - Hadoop Security Enabled: false Ozone Security Enabled: false Ozone HTTP Security Enabled: false 
2023-09-13 06:49:25,962 [JUnit] WARN  server.AuthenticationFilter (AuthenticationFilter.java:constructSecretProvider(240)) - Unable to initialize FileSignerSecretProvider, falling back to use random secrets. Reason: Could not read signature secret file: /home/runner/hadoop-http-auth-signature-secret
2023-09-13 06:49:25,963 [JUnit] INFO  http.HttpRequestLog (HttpRequestLog.java:getRequestLog(86)) - Http request log for http.requests.hddsDatanode is not defined
2023-09-13 06:49:25,965 [JUnit] INFO  http.HttpServer2 (HttpServer2.java:addGlobalFilter(1031)) - Added global filter 'safety' (class=org.apache.hadoop.hdds.server.http.HttpServer2$QuotingInputFilter)
2023-09-13 06:49:25,966 [JUnit] INFO  http.HttpServer2 (HttpServer2.java:addFilter(1007)) - Added filter static_user_filter (class=org.apache.hadoop.http.lib.StaticUserWebFilter$StaticUserFilter) to context hddsDatanode
2023-09-13 06:49:25,966 [JUnit] INFO  http.HttpServer2 (HttpServer2.java:addFilter(1015)) - Added filter static_user_filter (class=org.apache.hadoop.http.lib.StaticUserWebFilter$StaticUserFilter) to context logs
2023-09-13 06:49:25,966 [JUnit] INFO  http.HttpServer2 (HttpServer2.java:addFilter(1015)) - Added filter static_user_filter (class=org.apache.hadoop.http.lib.StaticUserWebFilter$StaticUserFilter) to context static
2023-09-13 06:49:25,967 [JUnit] INFO  http.BaseHttpServer (BaseHttpServer.java:<init>(189)) - HTTP server of hddsDatanode uses base directory /home/runner/work/ozone/ozone/hadoop-ozone/integration-test/target/test-dir/MiniOzoneClusterImpl-af11299d-9bff-4b11-875a-a8648a114883/datanode-4/meta/webserver
2023-09-13 06:49:25,967 [JUnit] INFO  http.HttpServer2 (HttpServer2.java:bindListener(1231)) - Jetty bound to port 15098
2023-09-13 06:49:25,967 [JUnit] INFO  server.Server (Server.java:doStart(375)) - jetty-9.4.51.v20230217; built: 2023-02-17T08:19:37.309Z; git: b45c405e4544384de066f814ed42ae3dceacdd49; jvm 1.8.0_382-b05
2023-09-13 06:49:25,968 [JUnit] INFO  server.session (DefaultSessionIdManager.java:doStart(334)) - DefaultSessionIdManager workerName=node0
2023-09-13 06:49:25,969 [JUnit] INFO  server.session (DefaultSessionIdManager.java:doStart(339)) - No SessionScavenger set, using defaults
2023-09-13 06:49:25,969 [JUnit] INFO  server.session (HouseKeeper.java:startScavenging(132)) - node0 Scavenging every 600000ms
2023-09-13 06:49:25,970 [JUnit] INFO  handler.ContextHandler (ContextHandler.java:doStart(921)) - Started o.e.j.s.ServletContextHandler@1e5192e4{logs,/logs,file:///home/runner/work/ozone/ozone/hadoop-ozone/integration-test/target/log,AVAILABLE}
2023-09-13 06:49:25,970 [JUnit] INFO  handler.ContextHandler (ContextHandler.java:doStart(921)) - Started o.e.j.s.ServletContextHandler@3f0153ba{static,/static,jar:file:/home/runner/.m2/repository/org/apache/ozone/hdds-container-service/1.4.0-SNAPSHOT/hdds-container-service-1.4.0-SNAPSHOT.jar!/webapps/static,AVAILABLE}
2023-09-13 06:49:26,198 [JUnit] INFO  handler.ContextHandler (ContextHandler.java:doStart(921)) - Started o.e.j.w.WebAppContext@6e65da4d{hddsDatanode,/,file:///home/runner/work/ozone/ozone/hadoop-ozone/integration-test/target/test-dir/MiniOzoneClusterImpl-af11299d-9bff-4b11-875a-a8648a114883/datanode-4/meta/webserver/jetty-0_0_0_0-15098-hdds-container-service-1_4_0-SNAPSHOT_jar-_-any-5548313138901656312/webapp/,AVAILABLE}{jar:file:/home/runner/.m2/repository/org/apache/ozone/hdds-container-service/1.4.0-SNAPSHOT/hdds-container-service-1.4.0-SNAPSHOT.jar!/webapps/hddsDatanode}
2023-09-13 06:49:26,199 [JUnit] INFO  server.AbstractConnector (AbstractConnector.java:doStart(333)) - Started ServerConnector@6cf63fd7{HTTP/1.1, (http/1.1)}{0.0.0.0:15098}
2023-09-13 06:49:26,200 [JUnit] INFO  server.Server (Server.java:doStart(415)) - Started @34844ms
2023-09-13 06:49:26,200 [JUnit] WARN  impl.MetricsSystemImpl (MetricsSystemImpl.java:register(279)) - Sink prometheus already exists!
2023-09-13 06:49:26,200 [JUnit] INFO  http.BaseHttpServer (BaseHttpServer.java:updateConnectorAddress(354)) - HTTP server of hddsDatanode listening at http://0.0.0.0:15098
2023-09-13 06:49:26,201 [JUnit] INFO  ipc.CallQueueManager (CallQueueManager.java:<init>(90)) - Using callQueue: class java.util.concurrent.LinkedBlockingQueue, queueCapacity: 100, scheduler: class org.apache.hadoop.ipc.DefaultRpcScheduler, ipcBackoff: false.
2023-09-13 06:49:26,201 [JUnit] INFO  ipc.Server (Server.java:<init>(1287)) - Listener at 0.0.0.0:15099
2023-09-13 06:49:26,201 [Socket Reader #1 for port 15099] INFO  ipc.Server (Server.java:run(1323)) - Starting Socket Reader #1 for port 15099
2023-09-13 06:49:26,204 [JUnit] INFO  ozone.HddsDatanodeService (HddsDatanodeService.java:start(315)) - Datanode start with admins: [runner]
2023-09-13 06:49:26,204 [JUnit] INFO  ozone.HddsDatanodeClientProtocolServer (HddsDatanodeClientProtocolServer.java:start(72)) - RPC server for Client /0.0.0.0:15099
2023-09-13 06:49:26,204 [IPC Server Responder] INFO  ipc.Server (Server.java:run(1562)) - IPC Server Responder: starting
2023-09-13 06:49:26,205 [IPC Server listener on 15099] INFO  ipc.Server (Server.java:run(1402)) - IPC Server listener on 15099: starting
2023-09-13 06:49:26,206 [Datanode State Machine Daemon Thread] INFO  statemachine.DatanodeStateMachine (DatanodeStateMachine.java:lambda$startDaemon$0(538)) - Ozone container server started.
2023-09-13 06:49:26,206 [JUnit] INFO  ozone.MiniOzoneClusterImpl (MiniOzoneClusterImpl.java:lambda$waitForClusterToBeReady$0(224)) - Waiting for nodes to be ready. Got 0 of 5 DN Heartbeats.
2023-09-13 06:49:26,206 [JUnit] INFO  ozone.MiniOzoneClusterImpl (MiniOzoneClusterImpl.java:lambda$waitForClusterToBeReady$0(227)) - Waiting for cluster to exit safe mode
2023-09-13 06:49:26,206 [JUnit] INFO  ozone.MiniOzoneClusterImpl (MiniOzoneClusterImpl.java:lambda$waitForClusterToBeReady$0(229)) - SCM became leader
2023-09-13 06:49:26,217 [Datanode State Machine Task Thread - 0] INFO  datanode.InitDatanodeState (InitDatanodeState.java:persistContainerDatanodeDetails(138)) - DatanodeDetails is persisted to /home/runner/work/ozone/ozone/hadoop-ozone/integration-test/target/test-dir/MiniOzoneClusterImpl-af11299d-9bff-4b11-875a-a8648a114883/datanode-4/meta/datanode.id
2023-09-13 06:49:26,814 [EndpointStateMachine task thread for /0.0.0.0:15055 - 0 ] INFO  utils.DatanodeStoreCache (DatanodeStoreCache.java:addDB(66)) - Added db /home/runner/work/ozone/ozone/hadoop-ozone/integration-test/target/test-dir/MiniOzoneClusterImpl-af11299d-9bff-4b11-875a-a8648a114883/datanode-0/data-0/containers/hdds/af11299d-9bff-4b11-875a-a8648a114883/DS-1bed6574-a9aa-4163-8f21-2cdf0709d95e/container.db to cache
2023-09-13 06:49:26,814 [EndpointStateMachine task thread for /0.0.0.0:15055 - 0 ] INFO  volume.HddsVolume (HddsVolume.java:createDbStore(422)) - SchemaV3 db is created and loaded at /home/runner/work/ozone/ozone/hadoop-ozone/integration-test/target/test-dir/MiniOzoneClusterImpl-af11299d-9bff-4b11-875a-a8648a114883/datanode-0/data-0/containers/hdds/af11299d-9bff-4b11-875a-a8648a114883/DS-1bed6574-a9aa-4163-8f21-2cdf0709d95e/container.db for volume DS-1bed6574-a9aa-4163-8f21-2cdf0709d95e
2023-09-13 06:49:26,815 [EndpointStateMachine task thread for /0.0.0.0:15055 - 0 ] INFO  volume.ThrottledAsyncChecker (ThrottledAsyncChecker.java:schedule(141)) - Scheduling a check for /home/runner/work/ozone/ozone/hadoop-ozone/integration-test/target/test-dir/MiniOzoneClusterImpl-af11299d-9bff-4b11-875a-a8648a114883/datanode-0/data-0/containers/hdds
2023-09-13 06:49:26,815 [EndpointStateMachine task thread for /0.0.0.0:15055 - 0 ] INFO  volume.StorageVolumeChecker (StorageVolumeChecker.java:checkAllVolumes(213)) - Scheduled health check for volume /home/runner/work/ozone/ozone/hadoop-ozone/integration-test/target/test-dir/MiniOzoneClusterImpl-af11299d-9bff-4b11-875a-a8648a114883/datanode-0/data-0/containers/hdds
2023-09-13 06:49:26,821 [EndpointStateMachine task thread for /0.0.0.0:15055 - 0 ] INFO  volume.ThrottledAsyncChecker (ThrottledAsyncChecker.java:schedule(141)) - Scheduling a check for /home/runner/work/ozone/ozone/hadoop-ozone/integration-test/target/test-dir/MiniOzoneClusterImpl-af11299d-9bff-4b11-875a-a8648a114883/datanode-0/data/ratis
2023-09-13 06:49:26,822 [EndpointStateMachine task thread for /0.0.0.0:15055 - 0 ] INFO  volume.StorageVolumeChecker (StorageVolumeChecker.java:checkAllVolumes(213)) - Scheduled health check for volume /home/runner/work/ozone/ozone/hadoop-ozone/integration-test/target/test-dir/MiniOzoneClusterImpl-af11299d-9bff-4b11-875a-a8648a114883/datanode-0/data/ratis
2023-09-13 06:49:26,823 [EndpointStateMachine task thread for /0.0.0.0:15055 - 0 ] INFO  ozoneimpl.OzoneContainer (OzoneContainer.java:start(429)) - Attempting to start container services.
2023-09-13 06:49:26,823 [EndpointStateMachine task thread for /0.0.0.0:15055 - 0 ] INFO  ozoneimpl.OzoneContainer (OzoneContainer.java:startContainerScrub(325)) - Scheduled background container scanners and the on-demand container scanner have been disabled.
2023-09-13 06:49:26,824 [EndpointStateMachine task thread for /0.0.0.0:15055 - 0 ] INFO  replication.ReplicationServer (ReplicationServer.java:start(134)) - ReplicationServer is started using port 15069
2023-09-13 06:49:26,824 [EndpointStateMachine task thread for /0.0.0.0:15055 - 0 ] INFO  ratis.XceiverServerRatis (XceiverServerRatis.java:start(517)) - Starting XceiverServerRatis 72a2b08b-a918-40a9-b5b7-0c0becce9b1d
2023-09-13 06:49:26,828 [EndpointStateMachine task thread for /0.0.0.0:15055 - 0 ] INFO  server.RaftServer (RaftServerProxy.java:startImpl(400)) - 72a2b08b-a918-40a9-b5b7-0c0becce9b1d: start RPC server
2023-09-13 06:49:26,839 [EndpointStateMachine task thread for /0.0.0.0:15055 - 0 ] INFO  server.GrpcService (GrpcService.java:startImpl(302)) - 72a2b08b-a918-40a9-b5b7-0c0becce9b1d: GrpcService started, listening on 15065
2023-09-13 06:49:26,840 [EndpointStateMachine task thread for /0.0.0.0:15055 - 0 ] INFO  server.GrpcService (GrpcService.java:startImpl(302)) - 72a2b08b-a918-40a9-b5b7-0c0becce9b1d: GrpcService started, listening on 15067
2023-09-13 06:49:26,841 [EndpointStateMachine task thread for /0.0.0.0:15055 - 0 ] INFO  server.GrpcService (GrpcService.java:startImpl(302)) - 72a2b08b-a918-40a9-b5b7-0c0becce9b1d: GrpcService started, listening on 15066
2023-09-13 06:49:26,842 [EndpointStateMachine task thread for /0.0.0.0:15055 - 0 ] INFO  ratis.XceiverServerRatis (XceiverServerRatis.java:getRealPort(543)) - XceiverServerRatis 72a2b08b-a918-40a9-b5b7-0c0becce9b1d is started using port 15065 for RATIS
2023-09-13 06:49:26,842 [EndpointStateMachine task thread for /0.0.0.0:15055 - 0 ] INFO  ratis.XceiverServerRatis (XceiverServerRatis.java:getRealPort(543)) - XceiverServerRatis 72a2b08b-a918-40a9-b5b7-0c0becce9b1d is started using port 15066 for RATIS_ADMIN
2023-09-13 06:49:26,842 [JvmPauseMonitor9] INFO  util.JvmPauseMonitor (JvmPauseMonitor.java:run(103)) - JvmPauseMonitor-72a2b08b-a918-40a9-b5b7-0c0becce9b1d: Started
2023-09-13 06:49:26,842 [EndpointStateMachine task thread for /0.0.0.0:15055 - 0 ] INFO  ratis.XceiverServerRatis (XceiverServerRatis.java:getRealPort(543)) - XceiverServerRatis 72a2b08b-a918-40a9-b5b7-0c0becce9b1d is started using port 15067 for RATIS_SERVER
2023-09-13 06:49:26,842 [EndpointStateMachine task thread for /0.0.0.0:15055 - 0 ] INFO  ratis.XceiverServerRatis (XceiverServerRatis.java:getRealPort(543)) - XceiverServerRatis 72a2b08b-a918-40a9-b5b7-0c0becce9b1d is started using port 15068 for RATIS_DATASTREAM
2023-09-13 06:49:26,845 [BlockDeletingService#0] INFO  interfaces.ContainerDeletionChoosingPolicyTemplate (ContainerDeletionChoosingPolicyTemplate.java:chooseContainerForBlockDeletion(85)) - Chosen 0/5000 blocks from 0 candidate containers.
2023-09-13 06:49:27,207 [JUnit] INFO  ozone.MiniOzoneClusterImpl (MiniOzoneClusterImpl.java:lambda$waitForClusterToBeReady$0(224)) - Waiting for nodes to be ready. Got 0 of 5 DN Heartbeats.
2023-09-13 06:49:27,207 [JUnit] INFO  ozone.MiniOzoneClusterImpl (MiniOzoneClusterImpl.java:lambda$waitForClusterToBeReady$0(227)) - Waiting for cluster to exit safe mode
2023-09-13 06:49:27,208 [JUnit] INFO  ozone.MiniOzoneClusterImpl (MiniOzoneClusterImpl.java:lambda$waitForClusterToBeReady$0(229)) - SCM became leader
2023-09-13 06:49:27,237 [EndpointStateMachine task thread for /0.0.0.0:15055 - 0 ] INFO  utils.DatanodeStoreCache (DatanodeStoreCache.java:addDB(66)) - Added db /home/runner/work/ozone/ozone/hadoop-ozone/integration-test/target/test-dir/MiniOzoneClusterImpl-af11299d-9bff-4b11-875a-a8648a114883/datanode-1/data-0/containers/hdds/af11299d-9bff-4b11-875a-a8648a114883/DS-5ebfd075-fb0e-4d5d-b36d-dae28d26a4c8/container.db to cache
2023-09-13 06:49:27,237 [EndpointStateMachine task thread for /0.0.0.0:15055 - 0 ] INFO  volume.HddsVolume (HddsVolume.java:createDbStore(422)) - SchemaV3 db is created and loaded at /home/runner/work/ozone/ozone/hadoop-ozone/integration-test/target/test-dir/MiniOzoneClusterImpl-af11299d-9bff-4b11-875a-a8648a114883/datanode-1/data-0/containers/hdds/af11299d-9bff-4b11-875a-a8648a114883/DS-5ebfd075-fb0e-4d5d-b36d-dae28d26a4c8/container.db for volume DS-5ebfd075-fb0e-4d5d-b36d-dae28d26a4c8
2023-09-13 06:49:27,242 [EndpointStateMachine task thread for /0.0.0.0:15055 - 0 ] INFO  volume.ThrottledAsyncChecker (ThrottledAsyncChecker.java:schedule(141)) - Scheduling a check for /home/runner/work/ozone/ozone/hadoop-ozone/integration-test/target/test-dir/MiniOzoneClusterImpl-af11299d-9bff-4b11-875a-a8648a114883/datanode-1/data-0/containers/hdds
2023-09-13 06:49:27,242 [EndpointStateMachine task thread for /0.0.0.0:15055 - 0 ] INFO  volume.StorageVolumeChecker (StorageVolumeChecker.java:checkAllVolumes(213)) - Scheduled health check for volume /home/runner/work/ozone/ozone/hadoop-ozone/integration-test/target/test-dir/MiniOzoneClusterImpl-af11299d-9bff-4b11-875a-a8648a114883/datanode-1/data-0/containers/hdds
2023-09-13 06:49:27,246 [EndpointStateMachine task thread for /0.0.0.0:15055 - 0 ] INFO  volume.ThrottledAsyncChecker (ThrottledAsyncChecker.java:schedule(141)) - Scheduling a check for /home/runner/work/ozone/ozone/hadoop-ozone/integration-test/target/test-dir/MiniOzoneClusterImpl-af11299d-9bff-4b11-875a-a8648a114883/datanode-1/data/ratis
2023-09-13 06:49:27,247 [EndpointStateMachine task thread for /0.0.0.0:15055 - 0 ] INFO  volume.StorageVolumeChecker (StorageVolumeChecker.java:checkAllVolumes(213)) - Scheduled health check for volume /home/runner/work/ozone/ozone/hadoop-ozone/integration-test/target/test-dir/MiniOzoneClusterImpl-af11299d-9bff-4b11-875a-a8648a114883/datanode-1/data/ratis
2023-09-13 06:49:27,248 [EndpointStateMachine task thread for /0.0.0.0:15055 - 0 ] INFO  ozoneimpl.OzoneContainer (OzoneContainer.java:start(429)) - Attempting to start container services.
2023-09-13 06:49:27,248 [EndpointStateMachine task thread for /0.0.0.0:15055 - 0 ] INFO  ozoneimpl.OzoneContainer (OzoneContainer.java:startContainerScrub(325)) - Scheduled background container scanners and the on-demand container scanner have been disabled.
2023-09-13 06:49:27,249 [EndpointStateMachine task thread for /0.0.0.0:15055 - 0 ] INFO  replication.ReplicationServer (ReplicationServer.java:start(134)) - ReplicationServer is started using port 15078
2023-09-13 06:49:27,249 [EndpointStateMachine task thread for /0.0.0.0:15055 - 0 ] INFO  ratis.XceiverServerRatis (XceiverServerRatis.java:start(517)) - Starting XceiverServerRatis 4bb754f9-31d1-4c9b-ab82-9cb241c80a35
2023-09-13 06:49:27,250 [EndpointStateMachine task thread for /0.0.0.0:15055 - 0 ] INFO  server.RaftServer (RaftServerProxy.java:startImpl(400)) - 4bb754f9-31d1-4c9b-ab82-9cb241c80a35: start RPC server
2023-09-13 06:49:27,251 [EndpointStateMachine task thread for /0.0.0.0:15055 - 0 ] INFO  server.GrpcService (GrpcService.java:startImpl(302)) - 4bb754f9-31d1-4c9b-ab82-9cb241c80a35: GrpcService started, listening on 15074
2023-09-13 06:49:27,251 [EndpointStateMachine task thread for /0.0.0.0:15055 - 0 ] INFO  server.GrpcService (GrpcService.java:startImpl(302)) - 4bb754f9-31d1-4c9b-ab82-9cb241c80a35: GrpcService started, listening on 15076
2023-09-13 06:49:27,253 [EndpointStateMachine task thread for /0.0.0.0:15055 - 0 ] INFO  server.GrpcService (GrpcService.java:startImpl(302)) - 4bb754f9-31d1-4c9b-ab82-9cb241c80a35: GrpcService started, listening on 15075
2023-09-13 06:49:27,253 [EndpointStateMachine task thread for /0.0.0.0:15055 - 0 ] INFO  ratis.XceiverServerRatis (XceiverServerRatis.java:getRealPort(543)) - XceiverServerRatis 4bb754f9-31d1-4c9b-ab82-9cb241c80a35 is started using port 15074 for RATIS
2023-09-13 06:49:27,253 [EndpointStateMachine task thread for /0.0.0.0:15055 - 0 ] INFO  ratis.XceiverServerRatis (XceiverServerRatis.java:getRealPort(543)) - XceiverServerRatis 4bb754f9-31d1-4c9b-ab82-9cb241c80a35 is started using port 15075 for RATIS_ADMIN
2023-09-13 06:49:27,253 [JvmPauseMonitor10] INFO  util.JvmPauseMonitor (JvmPauseMonitor.java:run(103)) - JvmPauseMonitor-4bb754f9-31d1-4c9b-ab82-9cb241c80a35: Started
2023-09-13 06:49:27,253 [EndpointStateMachine task thread for /0.0.0.0:15055 - 0 ] INFO  ratis.XceiverServerRatis (XceiverServerRatis.java:getRealPort(543)) - XceiverServerRatis 4bb754f9-31d1-4c9b-ab82-9cb241c80a35 is started using port 15076 for RATIS_SERVER
2023-09-13 06:49:27,254 [EndpointStateMachine task thread for /0.0.0.0:15055 - 0 ] INFO  ratis.XceiverServerRatis (XceiverServerRatis.java:getRealPort(543)) - XceiverServerRatis 4bb754f9-31d1-4c9b-ab82-9cb241c80a35 is started using port 15077 for RATIS_DATASTREAM
2023-09-13 06:49:27,265 [BlockDeletingService#0] INFO  interfaces.ContainerDeletionChoosingPolicyTemplate (ContainerDeletionChoosingPolicyTemplate.java:chooseContainerForBlockDeletion(85)) - Chosen 0/5000 blocks from 0 candidate containers.
2023-09-13 06:49:27,576 [EndpointStateMachine task thread for /0.0.0.0:15055 - 0 ] INFO  utils.DatanodeStoreCache (DatanodeStoreCache.java:addDB(66)) - Added db /home/runner/work/ozone/ozone/hadoop-ozone/integration-test/target/test-dir/MiniOzoneClusterImpl-af11299d-9bff-4b11-875a-a8648a114883/datanode-2/data-0/containers/hdds/af11299d-9bff-4b11-875a-a8648a114883/DS-b255b7b1-7c56-4631-bbb4-f503c6b983b0/container.db to cache
2023-09-13 06:49:27,576 [EndpointStateMachine task thread for /0.0.0.0:15055 - 0 ] INFO  volume.HddsVolume (HddsVolume.java:createDbStore(422)) - SchemaV3 db is created and loaded at /home/runner/work/ozone/ozone/hadoop-ozone/integration-test/target/test-dir/MiniOzoneClusterImpl-af11299d-9bff-4b11-875a-a8648a114883/datanode-2/data-0/containers/hdds/af11299d-9bff-4b11-875a-a8648a114883/DS-b255b7b1-7c56-4631-bbb4-f503c6b983b0/container.db for volume DS-b255b7b1-7c56-4631-bbb4-f503c6b983b0
2023-09-13 06:49:27,581 [EndpointStateMachine task thread for /0.0.0.0:15055 - 0 ] INFO  volume.ThrottledAsyncChecker (ThrottledAsyncChecker.java:schedule(141)) - Scheduling a check for /home/runner/work/ozone/ozone/hadoop-ozone/integration-test/target/test-dir/MiniOzoneClusterImpl-af11299d-9bff-4b11-875a-a8648a114883/datanode-2/data-0/containers/hdds
2023-09-13 06:49:27,584 [EndpointStateMachine task thread for /0.0.0.0:15055 - 0 ] INFO  volume.StorageVolumeChecker (StorageVolumeChecker.java:checkAllVolumes(213)) - Scheduled health check for volume /home/runner/work/ozone/ozone/hadoop-ozone/integration-test/target/test-dir/MiniOzoneClusterImpl-af11299d-9bff-4b11-875a-a8648a114883/datanode-2/data-0/containers/hdds
2023-09-13 06:49:27,588 [EndpointStateMachine task thread for /0.0.0.0:15055 - 0 ] INFO  volume.ThrottledAsyncChecker (ThrottledAsyncChecker.java:schedule(141)) - Scheduling a check for /home/runner/work/ozone/ozone/hadoop-ozone/integration-test/target/test-dir/MiniOzoneClusterImpl-af11299d-9bff-4b11-875a-a8648a114883/datanode-2/data/ratis
2023-09-13 06:49:27,588 [EndpointStateMachine task thread for /0.0.0.0:15055 - 0 ] INFO  volume.StorageVolumeChecker (StorageVolumeChecker.java:checkAllVolumes(213)) - Scheduled health check for volume /home/runner/work/ozone/ozone/hadoop-ozone/integration-test/target/test-dir/MiniOzoneClusterImpl-af11299d-9bff-4b11-875a-a8648a114883/datanode-2/data/ratis
2023-09-13 06:49:27,590 [EndpointStateMachine task thread for /0.0.0.0:15055 - 0 ] INFO  ozoneimpl.OzoneContainer (OzoneContainer.java:start(429)) - Attempting to start container services.
2023-09-13 06:49:27,590 [EndpointStateMachine task thread for /0.0.0.0:15055 - 0 ] INFO  ozoneimpl.OzoneContainer (OzoneContainer.java:startContainerScrub(325)) - Scheduled background container scanners and the on-demand container scanner have been disabled.
2023-09-13 06:49:27,591 [EndpointStateMachine task thread for /0.0.0.0:15055 - 0 ] INFO  replication.ReplicationServer (ReplicationServer.java:start(134)) - ReplicationServer is started using port 15087
2023-09-13 06:49:27,591 [EndpointStateMachine task thread for /0.0.0.0:15055 - 0 ] INFO  ratis.XceiverServerRatis (XceiverServerRatis.java:start(517)) - Starting XceiverServerRatis caee8b76-9fb6-4477-ae87-28d408607da3
2023-09-13 06:49:27,601 [EndpointStateMachine task thread for /0.0.0.0:15055 - 0 ] INFO  server.RaftServer (RaftServerProxy.java:startImpl(400)) - caee8b76-9fb6-4477-ae87-28d408607da3: start RPC server
2023-09-13 06:49:27,607 [EndpointStateMachine task thread for /0.0.0.0:15055 - 0 ] INFO  server.GrpcService (GrpcService.java:startImpl(302)) - caee8b76-9fb6-4477-ae87-28d408607da3: GrpcService started, listening on 15083
2023-09-13 06:49:27,609 [EndpointStateMachine task thread for /0.0.0.0:15055 - 0 ] INFO  server.GrpcService (GrpcService.java:startImpl(302)) - caee8b76-9fb6-4477-ae87-28d408607da3: GrpcService started, listening on 15085
2023-09-13 06:49:27,609 [EndpointStateMachine task thread for /0.0.0.0:15055 - 0 ] INFO  server.GrpcService (GrpcService.java:startImpl(302)) - caee8b76-9fb6-4477-ae87-28d408607da3: GrpcService started, listening on 15084
2023-09-13 06:49:27,609 [EndpointStateMachine task thread for /0.0.0.0:15055 - 0 ] INFO  ratis.XceiverServerRatis (XceiverServerRatis.java:getRealPort(543)) - XceiverServerRatis caee8b76-9fb6-4477-ae87-28d408607da3 is started using port 15083 for RATIS
2023-09-13 06:49:27,609 [EndpointStateMachine task thread for /0.0.0.0:15055 - 0 ] INFO  ratis.XceiverServerRatis (XceiverServerRatis.java:getRealPort(543)) - XceiverServerRatis caee8b76-9fb6-4477-ae87-28d408607da3 is started using port 15084 for RATIS_ADMIN
2023-09-13 06:49:27,609 [EndpointStateMachine task thread for /0.0.0.0:15055 - 0 ] INFO  ratis.XceiverServerRatis (XceiverServerRatis.java:getRealPort(543)) - XceiverServerRatis caee8b76-9fb6-4477-ae87-28d408607da3 is started using port 15085 for RATIS_SERVER
2023-09-13 06:49:27,609 [EndpointStateMachine task thread for /0.0.0.0:15055 - 0 ] INFO  ratis.XceiverServerRatis (XceiverServerRatis.java:getRealPort(543)) - XceiverServerRatis caee8b76-9fb6-4477-ae87-28d408607da3 is started using port 15086 for RATIS_DATASTREAM
2023-09-13 06:49:27,610 [JvmPauseMonitor11] INFO  util.JvmPauseMonitor (JvmPauseMonitor.java:run(103)) - JvmPauseMonitor-caee8b76-9fb6-4477-ae87-28d408607da3: Started
2023-09-13 06:49:27,611 [BlockDeletingService#0] INFO  interfaces.ContainerDeletionChoosingPolicyTemplate (ContainerDeletionChoosingPolicyTemplate.java:chooseContainerForBlockDeletion(85)) - Chosen 0/5000 blocks from 0 candidate containers.
2023-09-13 06:49:27,929 [EndpointStateMachine task thread for /0.0.0.0:15055 - 0 ] INFO  utils.DatanodeStoreCache (DatanodeStoreCache.java:addDB(66)) - Added db /home/runner/work/ozone/ozone/hadoop-ozone/integration-test/target/test-dir/MiniOzoneClusterImpl-af11299d-9bff-4b11-875a-a8648a114883/datanode-3/data-0/containers/hdds/af11299d-9bff-4b11-875a-a8648a114883/DS-d1f25563-1ede-40f0-b09d-bfabb8ed0562/container.db to cache
2023-09-13 06:49:27,930 [EndpointStateMachine task thread for /0.0.0.0:15055 - 0 ] INFO  volume.HddsVolume (HddsVolume.java:createDbStore(422)) - SchemaV3 db is created and loaded at /home/runner/work/ozone/ozone/hadoop-ozone/integration-test/target/test-dir/MiniOzoneClusterImpl-af11299d-9bff-4b11-875a-a8648a114883/datanode-3/data-0/containers/hdds/af11299d-9bff-4b11-875a-a8648a114883/DS-d1f25563-1ede-40f0-b09d-bfabb8ed0562/container.db for volume DS-d1f25563-1ede-40f0-b09d-bfabb8ed0562
2023-09-13 06:49:27,930 [EndpointStateMachine task thread for /0.0.0.0:15055 - 0 ] INFO  volume.ThrottledAsyncChecker (ThrottledAsyncChecker.java:schedule(141)) - Scheduling a check for /home/runner/work/ozone/ozone/hadoop-ozone/integration-test/target/test-dir/MiniOzoneClusterImpl-af11299d-9bff-4b11-875a-a8648a114883/datanode-3/data-0/containers/hdds
2023-09-13 06:49:27,935 [EndpointStateMachine task thread for /0.0.0.0:15055 - 0 ] INFO  volume.StorageVolumeChecker (StorageVolumeChecker.java:checkAllVolumes(213)) - Scheduled health check for volume /home/runner/work/ozone/ozone/hadoop-ozone/integration-test/target/test-dir/MiniOzoneClusterImpl-af11299d-9bff-4b11-875a-a8648a114883/datanode-3/data-0/containers/hdds
2023-09-13 06:49:27,938 [EndpointStateMachine task thread for /0.0.0.0:15055 - 0 ] INFO  volume.ThrottledAsyncChecker (ThrottledAsyncChecker.java:schedule(141)) - Scheduling a check for /home/runner/work/ozone/ozone/hadoop-ozone/integration-test/target/test-dir/MiniOzoneClusterImpl-af11299d-9bff-4b11-875a-a8648a114883/datanode-3/data/ratis
2023-09-13 06:49:27,938 [EndpointStateMachine task thread for /0.0.0.0:15055 - 0 ] INFO  volume.StorageVolumeChecker (StorageVolumeChecker.java:checkAllVolumes(213)) - Scheduled health check for volume /home/runner/work/ozone/ozone/hadoop-ozone/integration-test/target/test-dir/MiniOzoneClusterImpl-af11299d-9bff-4b11-875a-a8648a114883/datanode-3/data/ratis
2023-09-13 06:49:27,939 [EndpointStateMachine task thread for /0.0.0.0:15055 - 0 ] INFO  ozoneimpl.OzoneContainer (OzoneContainer.java:start(429)) - Attempting to start container services.
2023-09-13 06:49:27,940 [EndpointStateMachine task thread for /0.0.0.0:15055 - 0 ] INFO  ozoneimpl.OzoneContainer (OzoneContainer.java:startContainerScrub(325)) - Scheduled background container scanners and the on-demand container scanner have been disabled.
2023-09-13 06:49:27,940 [EndpointStateMachine task thread for /0.0.0.0:15055 - 0 ] INFO  replication.ReplicationServer (ReplicationServer.java:start(134)) - ReplicationServer is started using port 15096
2023-09-13 06:49:27,940 [EndpointStateMachine task thread for /0.0.0.0:15055 - 0 ] INFO  ratis.XceiverServerRatis (XceiverServerRatis.java:start(517)) - Starting XceiverServerRatis 7d333e3b-a912-4945-85a1-cfb45bef2dd4
2023-09-13 06:49:27,941 [EndpointStateMachine task thread for /0.0.0.0:15055 - 0 ] INFO  server.RaftServer (RaftServerProxy.java:startImpl(400)) - 7d333e3b-a912-4945-85a1-cfb45bef2dd4: start RPC server
2023-09-13 06:49:27,941 [EndpointStateMachine task thread for /0.0.0.0:15055 - 0 ] INFO  server.GrpcService (GrpcService.java:startImpl(302)) - 7d333e3b-a912-4945-85a1-cfb45bef2dd4: GrpcService started, listening on 15092
2023-09-13 06:49:27,941 [EndpointStateMachine task thread for /0.0.0.0:15055 - 0 ] INFO  server.GrpcService (GrpcService.java:startImpl(302)) - 7d333e3b-a912-4945-85a1-cfb45bef2dd4: GrpcService started, listening on 15094
2023-09-13 06:49:27,942 [EndpointStateMachine task thread for /0.0.0.0:15055 - 0 ] INFO  server.GrpcService (GrpcService.java:startImpl(302)) - 7d333e3b-a912-4945-85a1-cfb45bef2dd4: GrpcService started, listening on 15093
2023-09-13 06:49:27,942 [EndpointStateMachine task thread for /0.0.0.0:15055 - 0 ] INFO  ratis.XceiverServerRatis (XceiverServerRatis.java:getRealPort(543)) - XceiverServerRatis 7d333e3b-a912-4945-85a1-cfb45bef2dd4 is started using port 15092 for RATIS
2023-09-13 06:49:27,942 [EndpointStateMachine task thread for /0.0.0.0:15055 - 0 ] INFO  ratis.XceiverServerRatis (XceiverServerRatis.java:getRealPort(543)) - XceiverServerRatis 7d333e3b-a912-4945-85a1-cfb45bef2dd4 is started using port 15093 for RATIS_ADMIN
2023-09-13 06:49:27,942 [EndpointStateMachine task thread for /0.0.0.0:15055 - 0 ] INFO  ratis.XceiverServerRatis (XceiverServerRatis.java:getRealPort(543)) - XceiverServerRatis 7d333e3b-a912-4945-85a1-cfb45bef2dd4 is started using port 15094 for RATIS_SERVER
2023-09-13 06:49:27,942 [EndpointStateMachine task thread for /0.0.0.0:15055 - 0 ] INFO  ratis.XceiverServerRatis (XceiverServerRatis.java:getRealPort(543)) - XceiverServerRatis 7d333e3b-a912-4945-85a1-cfb45bef2dd4 is started using port 15095 for RATIS_DATASTREAM
2023-09-13 06:49:27,942 [JvmPauseMonitor12] INFO  util.JvmPauseMonitor (JvmPauseMonitor.java:run(103)) - JvmPauseMonitor-7d333e3b-a912-4945-85a1-cfb45bef2dd4: Started
2023-09-13 06:49:27,944 [BlockDeletingService#0] INFO  interfaces.ContainerDeletionChoosingPolicyTemplate (ContainerDeletionChoosingPolicyTemplate.java:chooseContainerForBlockDeletion(85)) - Chosen 0/5000 blocks from 0 candidate containers.
2023-09-13 06:49:28,208 [JUnit] INFO  ozone.MiniOzoneClusterImpl (MiniOzoneClusterImpl.java:lambda$waitForClusterToBeReady$0(224)) - Waiting for nodes to be ready. Got 0 of 5 DN Heartbeats.
2023-09-13 06:49:28,208 [JUnit] INFO  ozone.MiniOzoneClusterImpl (MiniOzoneClusterImpl.java:lambda$waitForClusterToBeReady$0(227)) - Waiting for cluster to exit safe mode
2023-09-13 06:49:28,208 [JUnit] INFO  ozone.MiniOzoneClusterImpl (MiniOzoneClusterImpl.java:lambda$waitForClusterToBeReady$0(229)) - SCM became leader
2023-09-13 06:49:28,249 [EndpointStateMachine task thread for /0.0.0.0:15055 - 0 ] INFO  utils.DatanodeStoreCache (DatanodeStoreCache.java:addDB(66)) - Added db /home/runner/work/ozone/ozone/hadoop-ozone/integration-test/target/test-dir/MiniOzoneClusterImpl-af11299d-9bff-4b11-875a-a8648a114883/datanode-4/data-0/containers/hdds/af11299d-9bff-4b11-875a-a8648a114883/DS-e726f1cf-3d86-435a-9cab-8865a1839c36/container.db to cache
2023-09-13 06:49:28,250 [EndpointStateMachine task thread for /0.0.0.0:15055 - 0 ] INFO  volume.HddsVolume (HddsVolume.java:createDbStore(422)) - SchemaV3 db is created and loaded at /home/runner/work/ozone/ozone/hadoop-ozone/integration-test/target/test-dir/MiniOzoneClusterImpl-af11299d-9bff-4b11-875a-a8648a114883/datanode-4/data-0/containers/hdds/af11299d-9bff-4b11-875a-a8648a114883/DS-e726f1cf-3d86-435a-9cab-8865a1839c36/container.db for volume DS-e726f1cf-3d86-435a-9cab-8865a1839c36
2023-09-13 06:49:28,250 [EndpointStateMachine task thread for /0.0.0.0:15055 - 0 ] INFO  volume.ThrottledAsyncChecker (ThrottledAsyncChecker.java:schedule(141)) - Scheduling a check for /home/runner/work/ozone/ozone/hadoop-ozone/integration-test/target/test-dir/MiniOzoneClusterImpl-af11299d-9bff-4b11-875a-a8648a114883/datanode-4/data-0/containers/hdds
2023-09-13 06:49:28,262 [EndpointStateMachine task thread for /0.0.0.0:15055 - 0 ] INFO  volume.StorageVolumeChecker (StorageVolumeChecker.java:checkAllVolumes(213)) - Scheduled health check for volume /home/runner/work/ozone/ozone/hadoop-ozone/integration-test/target/test-dir/MiniOzoneClusterImpl-af11299d-9bff-4b11-875a-a8648a114883/datanode-4/data-0/containers/hdds
2023-09-13 06:49:28,263 [EndpointStateMachine task thread for /0.0.0.0:15055 - 0 ] INFO  volume.ThrottledAsyncChecker (ThrottledAsyncChecker.java:schedule(141)) - Scheduling a check for /home/runner/work/ozone/ozone/hadoop-ozone/integration-test/target/test-dir/MiniOzoneClusterImpl-af11299d-9bff-4b11-875a-a8648a114883/datanode-4/data/ratis
2023-09-13 06:49:28,263 [EndpointStateMachine task thread for /0.0.0.0:15055 - 0 ] INFO  volume.StorageVolumeChecker (StorageVolumeChecker.java:checkAllVolumes(213)) - Scheduled health check for volume /home/runner/work/ozone/ozone/hadoop-ozone/integration-test/target/test-dir/MiniOzoneClusterImpl-af11299d-9bff-4b11-875a-a8648a114883/datanode-4/data/ratis
2023-09-13 06:49:28,266 [EndpointStateMachine task thread for /0.0.0.0:15055 - 0 ] INFO  ozoneimpl.OzoneContainer (OzoneContainer.java:start(429)) - Attempting to start container services.
2023-09-13 06:49:28,266 [EndpointStateMachine task thread for /0.0.0.0:15055 - 0 ] INFO  ozoneimpl.OzoneContainer (OzoneContainer.java:startContainerScrub(325)) - Scheduled background container scanners and the on-demand container scanner have been disabled.
2023-09-13 06:49:28,266 [EndpointStateMachine task thread for /0.0.0.0:15055 - 0 ] INFO  replication.ReplicationServer (ReplicationServer.java:start(134)) - ReplicationServer is started using port 15105
2023-09-13 06:49:28,266 [EndpointStateMachine task thread for /0.0.0.0:15055 - 0 ] INFO  ratis.XceiverServerRatis (XceiverServerRatis.java:start(517)) - Starting XceiverServerRatis 317c0206-f59e-48b8-82fe-e4d21bebe462
2023-09-13 06:49:28,269 [EndpointStateMachine task thread for /0.0.0.0:15055 - 0 ] INFO  server.RaftServer (RaftServerProxy.java:startImpl(400)) - 317c0206-f59e-48b8-82fe-e4d21bebe462: start RPC server
2023-09-13 06:49:28,269 [EndpointStateMachine task thread for /0.0.0.0:15055 - 0 ] INFO  server.GrpcService (GrpcService.java:startImpl(302)) - 317c0206-f59e-48b8-82fe-e4d21bebe462: GrpcService started, listening on 15101
2023-09-13 06:49:28,270 [EndpointStateMachine task thread for /0.0.0.0:15055 - 0 ] INFO  server.GrpcService (GrpcService.java:startImpl(302)) - 317c0206-f59e-48b8-82fe-e4d21bebe462: GrpcService started, listening on 15103
2023-09-13 06:49:28,270 [EndpointStateMachine task thread for /0.0.0.0:15055 - 0 ] INFO  server.GrpcService (GrpcService.java:startImpl(302)) - 317c0206-f59e-48b8-82fe-e4d21bebe462: GrpcService started, listening on 15102
2023-09-13 06:49:28,271 [EndpointStateMachine task thread for /0.0.0.0:15055 - 0 ] INFO  ratis.XceiverServerRatis (XceiverServerRatis.java:getRealPort(543)) - XceiverServerRatis 317c0206-f59e-48b8-82fe-e4d21bebe462 is started using port 15101 for RATIS
2023-09-13 06:49:28,271 [EndpointStateMachine task thread for /0.0.0.0:15055 - 0 ] INFO  ratis.XceiverServerRatis (XceiverServerRatis.java:getRealPort(543)) - XceiverServerRatis 317c0206-f59e-48b8-82fe-e4d21bebe462 is started using port 15102 for RATIS_ADMIN
2023-09-13 06:49:28,271 [EndpointStateMachine task thread for /0.0.0.0:15055 - 0 ] INFO  ratis.XceiverServerRatis (XceiverServerRatis.java:getRealPort(543)) - XceiverServerRatis 317c0206-f59e-48b8-82fe-e4d21bebe462 is started using port 15103 for RATIS_SERVER
2023-09-13 06:49:28,271 [EndpointStateMachine task thread for /0.0.0.0:15055 - 0 ] INFO  ratis.XceiverServerRatis (XceiverServerRatis.java:getRealPort(543)) - XceiverServerRatis 317c0206-f59e-48b8-82fe-e4d21bebe462 is started using port 15104 for RATIS_DATASTREAM
2023-09-13 06:49:28,271 [JvmPauseMonitor13] INFO  util.JvmPauseMonitor (JvmPauseMonitor.java:run(103)) - JvmPauseMonitor-317c0206-f59e-48b8-82fe-e4d21bebe462: Started
2023-09-13 06:49:28,272 [BlockDeletingService#0] INFO  interfaces.ContainerDeletionChoosingPolicyTemplate (ContainerDeletionChoosingPolicyTemplate.java:chooseContainerForBlockDeletion(85)) - Chosen 0/5000 blocks from 0 candidate containers.
2023-09-13 06:49:28,773 [IPC Server handler 0 on default port 15055] INFO  net.NetworkTopologyImpl (NetworkTopologyImpl.java:add(112)) - Added a new node: /default-rack/72a2b08b-a918-40a9-b5b7-0c0becce9b1d
2023-09-13 06:49:28,773 [IPC Server handler 0 on default port 15055] INFO  node.SCMNodeManager (SCMNodeManager.java:register(405)) - Registered Data node : 72a2b08b-a918-40a9-b5b7-0c0becce9b1d{ip: 10.1.0.17, host: fv-az460-410.k2d41ockulnezl353eucldp3of.dx.internal.cloudapp.net, ports: [HTTP=15062, CLIENT_RPC=15063, REPLICATION=15069, RATIS=15065, RATIS_ADMIN=15066, RATIS_SERVER=15067, RATIS_DATASTREAM=15068, STANDALONE=15064], networkLocation: /default-rack, certSerialId: null, persistedOpState: null, persistedOpStateExpiryEpochSec: 0}
2023-09-13 06:49:28,777 [EventQueue-NodeRegistrationContainerReportForContainerSafeModeRule] INFO  safemode.SCMSafeModeManager (SCMSafeModeManager.java:validateSafeModeExitRules(200)) - ContainerSafeModeRule rule is successfully validated
2023-09-13 06:49:28,777 [EventQueue-NodeRegistrationContainerReportForDataNodeSafeModeRule] INFO  safemode.SCMSafeModeManager (DataNodeSafeModeRule.java:process(71)) - SCM in safe mode. 1 DataNodes registered, 3 required.
2023-09-13 06:49:28,783 [EventQueue-NewNodeForNewNodeHandler] INFO  pipeline.BackgroundPipelineCreator (BackgroundPipelineCreator.java:notifyEventTriggered(277)) - trigger a one-shot run on RatisPipelineUtilsThread.
2023-09-13 06:49:28,784 [EventQueue-PipelineReportForOneReplicaPipelineSafeModeRule] INFO  safemode.SCMSafeModeManager (SCMSafeModeManager.java:validateSafeModeExitRules(200)) - AtleastOneDatanodeReportedRule rule is successfully validated
2023-09-13 06:49:28,784 [RatisPipelineUtilsThread - 0] INFO  pipeline.RatisPipelineProvider (RatisPipelineProvider.java:lambda$create$0(206)) - Sending CreatePipelineCommand for pipeline:PipelineID=002c5251-2f4a-4ae4-9045-97988c67ede6 to datanode:72a2b08b-a918-40a9-b5b7-0c0becce9b1d
2023-09-13 06:49:28,785 [RatisPipelineUtilsThread - 0] INFO  pipeline.BackgroundPipelineCreator (BackgroundPipelineCreator.java:createPipelines(233)) - Created new pipeline Pipeline[ Id: 002c5251-2f4a-4ae4-9045-97988c67ede6, Nodes: 72a2b08b-a918-40a9-b5b7-0c0becce9b1d(fv-az460-410.k2d41ockulnezl353eucldp3of.dx.internal.cloudapp.net/10.1.0.17), ReplicationConfig: RATIS/ONE, State:ALLOCATED, leaderId:, CreationTimestamp2023-09-13T06:49:28.784Z[Etc/UTC]]
2023-09-13 06:49:29,189 [IPC Server handler 2 on default port 15055] INFO  net.NetworkTopologyImpl (NetworkTopologyImpl.java:add(112)) - Added a new node: /default-rack/4bb754f9-31d1-4c9b-ab82-9cb241c80a35
2023-09-13 06:49:29,189 [IPC Server handler 2 on default port 15055] INFO  node.SCMNodeManager (SCMNodeManager.java:register(405)) - Registered Data node : 4bb754f9-31d1-4c9b-ab82-9cb241c80a35{ip: 10.1.0.17, host: fv-az460-410.k2d41ockulnezl353eucldp3of.dx.internal.cloudapp.net, ports: [HTTP=15071, CLIENT_RPC=15072, REPLICATION=15078, RATIS=15074, RATIS_ADMIN=15075, RATIS_SERVER=15076, RATIS_DATASTREAM=15077, STANDALONE=15073], networkLocation: /default-rack, certSerialId: null, persistedOpState: null, persistedOpStateExpiryEpochSec: 0}
2023-09-13 06:49:29,189 [EventQueue-NewNodeForNewNodeHandler] INFO  pipeline.BackgroundPipelineCreator (BackgroundPipelineCreator.java:notifyEventTriggered(277)) - trigger a one-shot run on RatisPipelineUtilsThread.
2023-09-13 06:49:29,192 [RatisPipelineUtilsThread - 0] INFO  pipeline.RatisPipelineProvider (RatisPipelineProvider.java:lambda$create$0(206)) - Sending CreatePipelineCommand for pipeline:PipelineID=8ad79964-e239-4385-a656-96a4beb0830b to datanode:4bb754f9-31d1-4c9b-ab82-9cb241c80a35
2023-09-13 06:49:29,193 [RatisPipelineUtilsThread - 0] INFO  pipeline.BackgroundPipelineCreator (BackgroundPipelineCreator.java:createPipelines(233)) - Created new pipeline Pipeline[ Id: 8ad79964-e239-4385-a656-96a4beb0830b, Nodes: 4bb754f9-31d1-4c9b-ab82-9cb241c80a35(fv-az460-410.k2d41ockulnezl353eucldp3of.dx.internal.cloudapp.net/10.1.0.17), ReplicationConfig: RATIS/ONE, State:ALLOCATED, leaderId:, CreationTimestamp2023-09-13T06:49:29.192Z[Etc/UTC]]
2023-09-13 06:49:29,196 [EventQueue-NodeRegistrationContainerReportForDataNodeSafeModeRule] INFO  safemode.SCMSafeModeManager (DataNodeSafeModeRule.java:process(71)) - SCM in safe mode. 2 DataNodes registered, 3 required.
2023-09-13 06:49:29,208 [JUnit] INFO  ozone.MiniOzoneClusterImpl (MiniOzoneClusterImpl.java:lambda$waitForClusterToBeReady$0(224)) - Waiting for nodes to be ready. Got 2 of 5 DN Heartbeats.
2023-09-13 06:49:29,209 [JUnit] INFO  ozone.MiniOzoneClusterImpl (MiniOzoneClusterImpl.java:lambda$waitForClusterToBeReady$0(227)) - Waiting for cluster to exit safe mode
2023-09-13 06:49:29,209 [JUnit] INFO  ozone.MiniOzoneClusterImpl (MiniOzoneClusterImpl.java:lambda$waitForClusterToBeReady$0(229)) - SCM became leader
2023-09-13 06:49:29,541 [IPC Server handler 0 on default port 15055] INFO  net.NetworkTopologyImpl (NetworkTopologyImpl.java:add(112)) - Added a new node: /default-rack/caee8b76-9fb6-4477-ae87-28d408607da3
2023-09-13 06:49:29,542 [IPC Server handler 0 on default port 15055] INFO  node.SCMNodeManager (SCMNodeManager.java:register(405)) - Registered Data node : caee8b76-9fb6-4477-ae87-28d408607da3{ip: 10.1.0.17, host: fv-az460-410.k2d41ockulnezl353eucldp3of.dx.internal.cloudapp.net, ports: [HTTP=15080, CLIENT_RPC=15081, REPLICATION=15087, RATIS=15083, RATIS_ADMIN=15084, RATIS_SERVER=15085, RATIS_DATASTREAM=15086, STANDALONE=15082], networkLocation: /default-rack, certSerialId: null, persistedOpState: null, persistedOpStateExpiryEpochSec: 0}
2023-09-13 06:49:29,542 [EventQueue-NewNodeForNewNodeHandler] INFO  pipeline.BackgroundPipelineCreator (BackgroundPipelineCreator.java:notifyEventTriggered(277)) - trigger a one-shot run on RatisPipelineUtilsThread.
2023-09-13 06:49:29,542 [EventQueue-NodeRegistrationContainerReportForDataNodeSafeModeRule] INFO  safemode.SCMSafeModeManager (DataNodeSafeModeRule.java:process(71)) - SCM in safe mode. 3 DataNodes registered, 3 required.
2023-09-13 06:49:29,542 [EventQueue-NodeRegistrationContainerReportForDataNodeSafeModeRule] INFO  safemode.SCMSafeModeManager (SCMSafeModeManager.java:validateSafeModeExitRules(200)) - DataNodeSafeModeRule rule is successfully validated
2023-09-13 06:49:29,542 [EventQueue-NodeRegistrationContainerReportForDataNodeSafeModeRule] INFO  safemode.SCMSafeModeManager (SCMSafeModeManager.java:completePreCheck(229)) - All SCM safe mode pre check rules have passed
2023-09-13 06:49:29,542 [EventQueue-NodeRegistrationContainerReportForDataNodeSafeModeRule] INFO  ha.SCMContext (SCMContext.java:updateSafeModeStatus(228)) - Update SafeModeStatus from SafeModeStatus{safeModeStatus=true, preCheckPassed=false} to SafeModeStatus{safeModeStatus=true, preCheckPassed=true}.
2023-09-13 06:49:29,542 [EventQueue-NodeRegistrationContainerReportForDataNodeSafeModeRule] INFO  pipeline.BackgroundPipelineCreator (BackgroundPipelineCreator.java:notifyEventTriggered(277)) - trigger a one-shot run on RatisPipelineUtilsThread.
2023-09-13 06:49:29,543 [RatisPipelineUtilsThread - 0] INFO  pipeline.RatisPipelineProvider (RatisPipelineProvider.java:lambda$create$0(206)) - Sending CreatePipelineCommand for pipeline:PipelineID=af033b87-63de-4266-b8cc-c090bcfdde41 to datanode:caee8b76-9fb6-4477-ae87-28d408607da3
2023-09-13 06:49:29,544 [RatisPipelineUtilsThread - 0] INFO  pipeline.BackgroundPipelineCreator (BackgroundPipelineCreator.java:createPipelines(233)) - Created new pipeline Pipeline[ Id: af033b87-63de-4266-b8cc-c090bcfdde41, Nodes: caee8b76-9fb6-4477-ae87-28d408607da3(fv-az460-410.k2d41ockulnezl353eucldp3of.dx.internal.cloudapp.net/10.1.0.17), ReplicationConfig: RATIS/ONE, State:ALLOCATED, leaderId:, CreationTimestamp2023-09-13T06:49:29.543Z[Etc/UTC]]
2023-09-13 06:49:29,544 [RatisPipelineUtilsThread - 0] INFO  pipeline.RatisPipelineProvider (RatisPipelineProvider.java:lambda$create$0(206)) - Sending CreatePipelineCommand for pipeline:PipelineID=e4ae056a-eecf-4e0f-bfc6-db0bd11390ea to datanode:72a2b08b-a918-40a9-b5b7-0c0becce9b1d
2023-09-13 06:49:29,544 [RatisPipelineUtilsThread - 0] INFO  pipeline.RatisPipelineProvider (RatisPipelineProvider.java:lambda$create$0(206)) - Sending CreatePipelineCommand for pipeline:PipelineID=e4ae056a-eecf-4e0f-bfc6-db0bd11390ea to datanode:4bb754f9-31d1-4c9b-ab82-9cb241c80a35
2023-09-13 06:49:29,544 [RatisPipelineUtilsThread - 0] INFO  pipeline.RatisPipelineProvider (RatisPipelineProvider.java:lambda$create$0(206)) - Sending CreatePipelineCommand for pipeline:PipelineID=e4ae056a-eecf-4e0f-bfc6-db0bd11390ea to datanode:caee8b76-9fb6-4477-ae87-28d408607da3
2023-09-13 06:49:29,548 [RatisPipelineUtilsThread - 0] INFO  pipeline.BackgroundPipelineCreator (BackgroundPipelineCreator.java:createPipelines(233)) - Created new pipeline Pipeline[ Id: e4ae056a-eecf-4e0f-bfc6-db0bd11390ea, Nodes: 72a2b08b-a918-40a9-b5b7-0c0becce9b1d(fv-az460-410.k2d41ockulnezl353eucldp3of.dx.internal.cloudapp.net/10.1.0.17)4bb754f9-31d1-4c9b-ab82-9cb241c80a35(fv-az460-410.k2d41ockulnezl353eucldp3of.dx.internal.cloudapp.net/10.1.0.17)caee8b76-9fb6-4477-ae87-28d408607da3(fv-az460-410.k2d41ockulnezl353eucldp3of.dx.internal.cloudapp.net/10.1.0.17), ReplicationConfig: RATIS/THREE, State:ALLOCATED, leaderId:, CreationTimestamp2023-09-13T06:49:29.544Z[Etc/UTC]]
2023-09-13 06:49:29,549 [RatisPipelineUtilsThread - 0] INFO  pipeline.RatisPipelineProvider (RatisPipelineProvider.java:lambda$create$0(206)) - Sending CreatePipelineCommand for pipeline:PipelineID=bb94ab7c-fc39-4e11-bc3d-964dc44f96a8 to datanode:caee8b76-9fb6-4477-ae87-28d408607da3
2023-09-13 06:49:29,549 [RatisPipelineUtilsThread - 0] INFO  pipeline.RatisPipelineProvider (RatisPipelineProvider.java:lambda$create$0(206)) - Sending CreatePipelineCommand for pipeline:PipelineID=bb94ab7c-fc39-4e11-bc3d-964dc44f96a8 to datanode:72a2b08b-a918-40a9-b5b7-0c0becce9b1d
2023-09-13 06:49:29,550 [RatisPipelineUtilsThread - 0] INFO  pipeline.RatisPipelineProvider (RatisPipelineProvider.java:lambda$create$0(206)) - Sending CreatePipelineCommand for pipeline:PipelineID=bb94ab7c-fc39-4e11-bc3d-964dc44f96a8 to datanode:4bb754f9-31d1-4c9b-ab82-9cb241c80a35
2023-09-13 06:49:29,550 [RatisPipelineUtilsThread - 0] INFO  pipeline.PipelineManagerImpl (PipelineManagerImpl.java:recordMetricsForPipeline(895)) - Pipeline: PipelineID=bb94ab7c-fc39-4e11-bc3d-964dc44f96a8 contains same datanodes as previous pipelines: PipelineID=e4ae056a-eecf-4e0f-bfc6-db0bd11390ea nodeIds: caee8b76-9fb6-4477-ae87-28d408607da3, 72a2b08b-a918-40a9-b5b7-0c0becce9b1d, 4bb754f9-31d1-4c9b-ab82-9cb241c80a35
2023-09-13 06:49:29,551 [RatisPipelineUtilsThread - 0] INFO  pipeline.BackgroundPipelineCreator (BackgroundPipelineCreator.java:createPipelines(233)) - Created new pipeline Pipeline[ Id: bb94ab7c-fc39-4e11-bc3d-964dc44f96a8, Nodes: caee8b76-9fb6-4477-ae87-28d408607da3(fv-az460-410.k2d41ockulnezl353eucldp3of.dx.internal.cloudapp.net/10.1.0.17)72a2b08b-a918-40a9-b5b7-0c0becce9b1d(fv-az460-410.k2d41ockulnezl353eucldp3of.dx.internal.cloudapp.net/10.1.0.17)4bb754f9-31d1-4c9b-ab82-9cb241c80a35(fv-az460-410.k2d41ockulnezl353eucldp3of.dx.internal.cloudapp.net/10.1.0.17), ReplicationConfig: RATIS/THREE, State:ALLOCATED, leaderId:, CreationTimestamp2023-09-13T06:49:29.549Z[Etc/UTC]]
2023-09-13 06:49:29,887 [IPC Server handler 2 on default port 15055] INFO  net.NetworkTopologyImpl (NetworkTopologyImpl.java:add(112)) - Added a new node: /default-rack/7d333e3b-a912-4945-85a1-cfb45bef2dd4
2023-09-13 06:49:29,887 [IPC Server handler 2 on default port 15055] INFO  node.SCMNodeManager (SCMNodeManager.java:register(405)) - Registered Data node : 7d333e3b-a912-4945-85a1-cfb45bef2dd4{ip: 10.1.0.17, host: fv-az460-410.k2d41ockulnezl353eucldp3of.dx.internal.cloudapp.net, ports: [HTTP=15089, CLIENT_RPC=15090, REPLICATION=15096, RATIS=15092, RATIS_ADMIN=15093, RATIS_SERVER=15094, RATIS_DATASTREAM=15095, STANDALONE=15091], networkLocation: /default-rack, certSerialId: null, persistedOpState: null, persistedOpStateExpiryEpochSec: 0}
2023-09-13 06:49:29,889 [EventQueue-NewNodeForNewNodeHandler] INFO  pipeline.BackgroundPipelineCreator (BackgroundPipelineCreator.java:notifyEventTriggered(277)) - trigger a one-shot run on RatisPipelineUtilsThread.
2023-09-13 06:49:29,890 [RatisPipelineUtilsThread - 0] INFO  pipeline.RatisPipelineProvider (RatisPipelineProvider.java:lambda$create$0(206)) - Sending CreatePipelineCommand for pipeline:PipelineID=0ed812b2-3893-4e4b-ab60-2dc6e749e0e2 to datanode:7d333e3b-a912-4945-85a1-cfb45bef2dd4
2023-09-13 06:49:29,892 [RatisPipelineUtilsThread - 0] INFO  pipeline.BackgroundPipelineCreator (BackgroundPipelineCreator.java:createPipelines(233)) - Created new pipeline Pipeline[ Id: 0ed812b2-3893-4e4b-ab60-2dc6e749e0e2, Nodes: 7d333e3b-a912-4945-85a1-cfb45bef2dd4(fv-az460-410.k2d41ockulnezl353eucldp3of.dx.internal.cloudapp.net/10.1.0.17), ReplicationConfig: RATIS/ONE, State:ALLOCATED, leaderId:, CreationTimestamp2023-09-13T06:49:29.890Z[Etc/UTC]]
2023-09-13 06:49:30,209 [JUnit] INFO  ozone.MiniOzoneClusterImpl (MiniOzoneClusterImpl.java:lambda$waitForClusterToBeReady$0(224)) - Waiting for nodes to be ready. Got 4 of 5 DN Heartbeats.
2023-09-13 06:49:30,209 [JUnit] INFO  ozone.MiniOzoneClusterImpl (MiniOzoneClusterImpl.java:lambda$waitForClusterToBeReady$0(227)) - Waiting for cluster to exit safe mode
2023-09-13 06:49:30,209 [JUnit] INFO  ozone.MiniOzoneClusterImpl (MiniOzoneClusterImpl.java:lambda$waitForClusterToBeReady$0(229)) - SCM became leader
2023-09-13 06:49:30,211 [IPC Server handler 19 on default port 15055] INFO  net.NetworkTopologyImpl (NetworkTopologyImpl.java:add(112)) - Added a new node: /default-rack/317c0206-f59e-48b8-82fe-e4d21bebe462
2023-09-13 06:49:30,212 [IPC Server handler 19 on default port 15055] INFO  node.SCMNodeManager (SCMNodeManager.java:register(405)) - Registered Data node : 317c0206-f59e-48b8-82fe-e4d21bebe462{ip: 10.1.0.17, host: fv-az460-410.k2d41ockulnezl353eucldp3of.dx.internal.cloudapp.net, ports: [HTTP=15098, CLIENT_RPC=15099, REPLICATION=15105, RATIS=15101, RATIS_ADMIN=15102, RATIS_SERVER=15103, RATIS_DATASTREAM=15104, STANDALONE=15100], networkLocation: /default-rack, certSerialId: null, persistedOpState: null, persistedOpStateExpiryEpochSec: 0}
2023-09-13 06:49:30,212 [EventQueue-NewNodeForNewNodeHandler] INFO  pipeline.BackgroundPipelineCreator (BackgroundPipelineCreator.java:notifyEventTriggered(277)) - trigger a one-shot run on RatisPipelineUtilsThread.
2023-09-13 06:49:30,213 [RatisPipelineUtilsThread - 0] INFO  pipeline.RatisPipelineProvider (RatisPipelineProvider.java:lambda$create$0(206)) - Sending CreatePipelineCommand for pipeline:PipelineID=2ee501d7-3b90-4083-9120-5eaaa056106d to datanode:317c0206-f59e-48b8-82fe-e4d21bebe462
2023-09-13 06:49:30,215 [RatisPipelineUtilsThread - 0] INFO  pipeline.BackgroundPipelineCreator (BackgroundPipelineCreator.java:createPipelines(233)) - Created new pipeline Pipeline[ Id: 2ee501d7-3b90-4083-9120-5eaaa056106d, Nodes: 317c0206-f59e-48b8-82fe-e4d21bebe462(fv-az460-410.k2d41ockulnezl353eucldp3of.dx.internal.cloudapp.net/10.1.0.17), ReplicationConfig: RATIS/ONE, State:ALLOCATED, leaderId:, CreationTimestamp2023-09-13T06:49:30.213Z[Etc/UTC]]
2023-09-13 06:49:31,210 [JUnit] INFO  ozone.MiniOzoneClusterImpl (MiniOzoneClusterImpl.java:lambda$waitForClusterToBeReady$0(224)) - Nodes are ready. Got 5 of 5 DN Heartbeats.
2023-09-13 06:49:31,210 [JUnit] INFO  ozone.MiniOzoneClusterImpl (MiniOzoneClusterImpl.java:lambda$waitForClusterToBeReady$0(227)) - Waiting for cluster to exit safe mode
2023-09-13 06:49:31,210 [JUnit] INFO  ozone.MiniOzoneClusterImpl (MiniOzoneClusterImpl.java:lambda$waitForClusterToBeReady$0(229)) - SCM became leader
2023-09-13 06:49:31,774 [PipelineCommandHandlerThread-0] INFO  server.RaftServer (RaftServerProxy.java:addNew(98)) - 72a2b08b-a918-40a9-b5b7-0c0becce9b1d: addNew group-97988C67EDE6:[72a2b08b-a918-40a9-b5b7-0c0becce9b1d|rpc:10.1.0.17:15067|admin:10.1.0.17:15066|client:10.1.0.17:15065|dataStream:10.1.0.17:15068|priority:1|startupRole:FOLLOWER] returns group-97988C67EDE6:java.util.concurrent.CompletableFuture@251efa9f[Not completed]
2023-09-13 06:49:31,775 [72a2b08b-a918-40a9-b5b7-0c0becce9b1d-groupManagement] INFO  server.RaftServer$Division (RaftServerImpl.java:<init>(198)) - 72a2b08b-a918-40a9-b5b7-0c0becce9b1d: new RaftServerImpl for group-97988C67EDE6:[72a2b08b-a918-40a9-b5b7-0c0becce9b1d|rpc:10.1.0.17:15067|admin:10.1.0.17:15066|client:10.1.0.17:15065|dataStream:10.1.0.17:15068|priority:1|startupRole:FOLLOWER] with ContainerStateMachine:uninitialized
2023-09-13 06:49:31,775 [72a2b08b-a918-40a9-b5b7-0c0becce9b1d-groupManagement] INFO  server.RaftServerConfigKeys (ConfUtils.java:logGet(46)) - raft.server.rpc.timeout.min = 5s (custom)
2023-09-13 06:49:31,775 [72a2b08b-a918-40a9-b5b7-0c0becce9b1d-groupManagement] INFO  server.RaftServerConfigKeys (ConfUtils.java:logGet(46)) - raft.server.rpc.timeout.max = 5200ms (custom)
2023-09-13 06:49:31,775 [72a2b08b-a918-40a9-b5b7-0c0becce9b1d-groupManagement] INFO  server.RaftServerConfigKeys (ConfUtils.java:logGet(46)) - raft.server.rpc.sleep.time = 25ms (default)
2023-09-13 06:49:31,776 [72a2b08b-a918-40a9-b5b7-0c0becce9b1d-groupManagement] INFO  server.RaftServerConfigKeys (ConfUtils.java:logGet(46)) - raft.server.rpc.slowness.timeout = 300000ms (custom)
2023-09-13 06:49:31,776 [72a2b08b-a918-40a9-b5b7-0c0becce9b1d-groupManagement] INFO  server.RaftServerConfigKeys (ConfUtils.java:logGet(46)) - raft.server.leaderelection.leader.step-down.wait-time = 10s (default)
2023-09-13 06:49:31,776 [72a2b08b-a918-40a9-b5b7-0c0becce9b1d-groupManagement] INFO  server.RaftServerConfigKeys (ConfUtils.java:logGet(46)) - raft.server.sleep.deviation.threshold = 300ms (default)
2023-09-13 06:49:31,776 [72a2b08b-a918-40a9-b5b7-0c0becce9b1d-groupManagement] INFO  server.RaftServer$Division (ServerState.java:<init>(120)) - 72a2b08b-a918-40a9-b5b7-0c0becce9b1d@group-97988C67EDE6: ConfigurationManager, init=-1: peers:[72a2b08b-a918-40a9-b5b7-0c0becce9b1d|rpc:10.1.0.17:15067|admin:10.1.0.17:15066|client:10.1.0.17:15065|dataStream:10.1.0.17:15068|priority:1|startupRole:FOLLOWER]|listeners:[], old=null, confs=<EMPTY_MAP>
2023-09-13 06:49:31,776 [72a2b08b-a918-40a9-b5b7-0c0becce9b1d-groupManagement] INFO  server.RaftServerConfigKeys (ConfUtils.java:logGet(46)) - raft.server.storage.dir = [/home/runner/work/ozone/ozone/hadoop-ozone/integration-test/target/test-dir/MiniOzoneClusterImpl-af11299d-9bff-4b11-875a-a8648a114883/datanode-0/data/ratis] (custom)
2023-09-13 06:49:31,776 [72a2b08b-a918-40a9-b5b7-0c0becce9b1d-groupManagement] INFO  server.RaftServerConfigKeys (ConfUtils.java:logGet(46)) - raft.server.log.corruption.policy = EXCEPTION (default)
2023-09-13 06:49:31,776 [72a2b08b-a918-40a9-b5b7-0c0becce9b1d-groupManagement] INFO  server.RaftServerConfigKeys (ConfUtils.java:logGet(46)) - raft.server.storage.free-space.min = 0MB (=0) (default)
2023-09-13 06:49:31,776 [72a2b08b-a918-40a9-b5b7-0c0becce9b1d-groupManagement] INFO  server.RaftServerConfigKeys (ConfUtils.java:logGet(46)) - raft.server.notification.no-leader.timeout = 300000ms (custom)
2023-09-13 06:49:31,776 [72a2b08b-a918-40a9-b5b7-0c0becce9b1d-groupManagement] INFO  server.RaftServerConfigKeys (ConfUtils.java:logGet(46)) - raft.server.read.timeout = 10s (default)
2023-09-13 06:49:31,776 [72a2b08b-a918-40a9-b5b7-0c0becce9b1d-groupManagement] INFO  server.RaftServerConfigKeys (ConfUtils.java:logGet(46)) - raft.server.retrycache.expirytime = 600000ms (custom)
2023-09-13 06:49:31,777 [72a2b08b-a918-40a9-b5b7-0c0becce9b1d-groupManagement] INFO  server.RaftServerConfigKeys (ConfUtils.java:logGet(46)) - raft.server.retrycache.statistics.expirytime = 100μs (default)
2023-09-13 06:49:31,777 [72a2b08b-a918-40a9-b5b7-0c0becce9b1d-groupManagement] INFO  server.RaftServerConfigKeys (ConfUtils.java:logGet(46)) - raft.server.read.option = DEFAULT (default)
2023-09-13 06:49:31,778 [72a2b08b-a918-40a9-b5b7-0c0becce9b1d-groupManagement] INFO  server.RaftServerConfigKeys (ConfUtils.java:logGet(46)) - raft.server.rpc.request.timeout = 3000ms (default)
2023-09-13 06:49:31,778 [72a2b08b-a918-40a9-b5b7-0c0becce9b1d-groupManagement] INFO  server.RaftServerConfigKeys (ConfUtils.java:logGet(46)) - raft.server.log.appender.install.snapshot.enabled = false (custom)
2023-09-13 06:49:31,778 [72a2b08b-a918-40a9-b5b7-0c0becce9b1d-groupManagement] INFO  server.RaftServerConfigKeys (ConfUtils.java:logGet(46)) - raft.server.threadpool.server.cached = true (default)
2023-09-13 06:49:31,778 [72a2b08b-a918-40a9-b5b7-0c0becce9b1d-groupManagement] INFO  server.RaftServerConfigKeys (ConfUtils.java:logGet(46)) - raft.server.threadpool.server.size = 0 (default)
2023-09-13 06:49:31,778 [72a2b08b-a918-40a9-b5b7-0c0becce9b1d-groupManagement] INFO  server.RaftServerConfigKeys (ConfUtils.java:logGet(46)) - raft.server.threadpool.client.cached = true (default)
2023-09-13 06:49:31,778 [72a2b08b-a918-40a9-b5b7-0c0becce9b1d-groupManagement] INFO  server.RaftServerConfigKeys (ConfUtils.java:logGet(46)) - raft.server.threadpool.client.size = 0 (default)
2023-09-13 06:49:31,778 [72a2b08b-a918-40a9-b5b7-0c0becce9b1d-groupManagement] INFO  storage.RaftStorageDirectory (RaftStorageDirectoryImpl.java:analyzeStorage(137)) - The storage directory /home/runner/work/ozone/ozone/hadoop-ozone/integration-test/target/test-dir/MiniOzoneClusterImpl-af11299d-9bff-4b11-875a-a8648a114883/datanode-0/data/ratis/002c5251-2f4a-4ae4-9045-97988c67ede6 does not exist. Creating ...
2023-09-13 06:49:31,780 [72a2b08b-a918-40a9-b5b7-0c0becce9b1d-groupManagement] INFO  storage.RaftStorageDirectory (RaftStorageDirectoryImpl.java:tryLock(231)) - Lock on /home/runner/work/ozone/ozone/hadoop-ozone/integration-test/target/test-dir/MiniOzoneClusterImpl-af11299d-9bff-4b11-875a-a8648a114883/datanode-0/data/ratis/002c5251-2f4a-4ae4-9045-97988c67ede6/in_use.lock acquired by nodename 3839@fv-az460-410
2023-09-13 06:49:31,782 [72a2b08b-a918-40a9-b5b7-0c0becce9b1d-groupManagement] INFO  storage.RaftStorage (RaftStorageImpl.java:format(96)) - Storage directory /home/runner/work/ozone/ozone/hadoop-ozone/integration-test/target/test-dir/MiniOzoneClusterImpl-af11299d-9bff-4b11-875a-a8648a114883/datanode-0/data/ratis/002c5251-2f4a-4ae4-9045-97988c67ede6 has been successfully formatted.
2023-09-13 06:49:31,783 [72a2b08b-a918-40a9-b5b7-0c0becce9b1d-groupManagement] INFO  ratis.ContainerStateMachine (ContainerStateMachine.java:loadSnapshot(262)) - group-97988C67EDE6: The snapshot info is null. Setting the last applied indexto:(t:0, i:~)
2023-09-13 06:49:31,783 [72a2b08b-a918-40a9-b5b7-0c0becce9b1d-groupManagement] INFO  server.RaftServerConfigKeys (ConfUtils.java:logGet(46)) - raft.server.log.use.memory = false (default)
2023-09-13 06:49:31,783 [72a2b08b-a918-40a9-b5b7-0c0becce9b1d-groupManagement] INFO  server.RaftServerConfigKeys (ConfUtils.java:logGet(46)) - raft.server.log.purge.gap = 1000000 (custom)
2023-09-13 06:49:31,784 [72a2b08b-a918-40a9-b5b7-0c0becce9b1d-groupManagement] INFO  server.RaftServerConfigKeys (ConfUtils.java:logGet(46)) - raft.server.log.appender.buffer.byte-limit = 33554432 (custom)
2023-09-13 06:49:31,785 [EventQueue-PipelineReportForPipelineReportHandler] INFO  pipeline.PipelineReportHandler (PipelineReportHandler.java:processPipelineReport(136)) - Opened pipeline PipelineID=002c5251-2f4a-4ae4-9045-97988c67ede6
2023-09-13 06:49:31,786 [72a2b08b-a918-40a9-b5b7-0c0becce9b1d-groupManagement] INFO  server.RaftServerConfigKeys (ConfUtils.java:logGet(46)) - raft.server.log.statemachine.data.read.timeout = 1000ms (default)
2023-09-13 06:49:31,786 [72a2b08b-a918-40a9-b5b7-0c0becce9b1d-groupManagement] INFO  server.RaftServerConfigKeys (ConfUtils.java:logGet(46)) - raft.server.log.purge.preservation.log.num = 0 (default)
2023-09-13 06:49:31,787 [72a2b08b-a918-40a9-b5b7-0c0becce9b1d-groupManagement] INFO  server.RaftServerConfigKeys (ConfUtils.java:logGet(46)) - raft.server.log.segment.size.max = 1048576 (custom)
2023-09-13 06:49:31,787 [72a2b08b-a918-40a9-b5b7-0c0becce9b1d-groupManagement] INFO  server.RaftServerConfigKeys (ConfUtils.java:logGet(46)) - raft.server.log.segment.cache.num.max = 2 (custom)
2023-09-13 06:49:31,787 [72a2b08b-a918-40a9-b5b7-0c0becce9b1d-groupManagement] INFO  server.RaftServerConfigKeys (ConfUtils.java:logGet(46)) - raft.server.log.segment.cache.size.max = 200MB (=209715200) (default)
2023-09-13 06:49:31,787 [72a2b08b-a918-40a9-b5b7-0c0becce9b1d-groupManagement] INFO  server.RaftServerConfigKeys (ConfUtils.java:logGet(46)) - raft.server.log.appender.buffer.byte-limit = 33554432 (custom)
2023-09-13 06:49:31,787 [72a2b08b-a918-40a9-b5b7-0c0becce9b1d-groupManagement] INFO  segmented.SegmentedRaftLogWorker (SegmentedRaftLogWorker.java:<init>(188)) - new 72a2b08b-a918-40a9-b5b7-0c0becce9b1d@group-97988C67EDE6-SegmentedRaftLogWorker for RaftStorageImpl:Storage Directory /home/runner/work/ozone/ozone/hadoop-ozone/integration-test/target/test-dir/MiniOzoneClusterImpl-af11299d-9bff-4b11-875a-a8648a114883/datanode-0/data/ratis/002c5251-2f4a-4ae4-9045-97988c67ede6
2023-09-13 06:49:31,788 [72a2b08b-a918-40a9-b5b7-0c0becce9b1d-groupManagement] INFO  server.RaftServerConfigKeys (ConfUtils.java:logGet(46)) - raft.server.log.queue.byte-limit = 4294967296 (custom)
2023-09-13 06:49:31,788 [72a2b08b-a918-40a9-b5b7-0c0becce9b1d-groupManagement] INFO  server.RaftServerConfigKeys (ConfUtils.java:logGet(46)) - raft.server.log.queue.element-limit = 1024 (custom)
2023-09-13 06:49:31,788 [72a2b08b-a918-40a9-b5b7-0c0becce9b1d-groupManagement] INFO  server.RaftServerConfigKeys (ConfUtils.java:logGet(46)) - raft.server.log.segment.size.max = 1048576 (custom)
2023-09-13 06:49:31,788 [72a2b08b-a918-40a9-b5b7-0c0becce9b1d-groupManagement] INFO  server.RaftServerConfigKeys (ConfUtils.java:logGet(46)) - raft.server.log.preallocated.size = 16384 (custom)
2023-09-13 06:49:31,788 [72a2b08b-a918-40a9-b5b7-0c0becce9b1d-groupManagement] INFO  server.RaftServerConfigKeys (ConfUtils.java:logGet(46)) - raft.server.log.force.sync.num = 128 (default)
2023-09-13 06:49:31,788 [72a2b08b-a918-40a9-b5b7-0c0becce9b1d-groupManagement] INFO  server.RaftServerConfigKeys (ConfUtils.java:logGet(46)) - raft.server.log.statemachine.data.sync = true (default)
2023-09-13 06:49:31,788 [72a2b08b-a918-40a9-b5b7-0c0becce9b1d-groupManagement] INFO  server.RaftServerConfigKeys (ConfUtils.java:logGet(46)) - raft.server.log.statemachine.data.sync.timeout = 10s (default)
2023-09-13 06:49:31,788 [72a2b08b-a918-40a9-b5b7-0c0becce9b1d-groupManagement] INFO  server.RaftServerConfigKeys (ConfUtils.java:logGet(46)) - raft.server.log.statemachine.data.sync.timeout.retry = -1 (default)
2023-09-13 06:49:31,789 [72a2b08b-a918-40a9-b5b7-0c0becce9b1d-groupManagement] INFO  server.RaftServerConfigKeys (ConfUtils.java:logGet(46)) - raft.server.log.write.buffer.size = 1048576 (custom)
2023-09-13 06:49:31,804 [72a2b08b-a918-40a9-b5b7-0c0becce9b1d-groupManagement] INFO  server.RaftServerConfigKeys (ConfUtils.java:logGet(46)) - raft.server.log.appender.buffer.byte-limit = 33554432 (custom)
2023-09-13 06:49:31,805 [EventQueue-OpenPipelineForHealthyPipelineSafeModeRule] INFO  safemode.SCMSafeModeManager (HealthyPipelineSafeModeRule.java:process(137)) - SCM in safe mode. Healthy pipelines reported count is 0, required healthy pipeline reported count is 1
2023-09-13 06:49:31,809 [72a2b08b-a918-40a9-b5b7-0c0becce9b1d-groupManagement] INFO  server.RaftServerConfigKeys (ConfUtils.java:logGet(46)) - raft.server.log.unsafe-flush.enabled = false (default)
2023-09-13 06:49:31,809 [72a2b08b-a918-40a9-b5b7-0c0becce9b1d-groupManagement] INFO  server.RaftServerConfigKeys (ConfUtils.java:logGet(46)) - raft.server.log.async-flush.enabled = false (default)
2023-09-13 06:49:31,809 [72a2b08b-a918-40a9-b5b7-0c0becce9b1d-groupManagement] INFO  server.RaftServerConfigKeys (ConfUtils.java:logGet(46)) - raft.server.log.statemachine.data.caching.enabled = true (custom)
2023-09-13 06:49:31,810 [72a2b08b-a918-40a9-b5b7-0c0becce9b1d-groupManagement] INFO  segmented.SegmentedRaftLogWorker (SegmentedRaftLogWorker.java:lambda$new$0(135)) - 72a2b08b-a918-40a9-b5b7-0c0becce9b1d@group-97988C67EDE6-SegmentedRaftLogWorker: flushIndex: setUnconditionally 0 -> -1
2023-09-13 06:49:31,810 [72a2b08b-a918-40a9-b5b7-0c0becce9b1d-groupManagement] INFO  segmented.SegmentedRaftLogWorker (SegmentedRaftLogWorker.java:lambda$new$0(135)) - 72a2b08b-a918-40a9-b5b7-0c0becce9b1d@group-97988C67EDE6-SegmentedRaftLogWorker: safeCacheEvictIndex: setUnconditionally 0 -> -1
2023-09-13 06:49:31,810 [72a2b08b-a918-40a9-b5b7-0c0becce9b1d-groupManagement] INFO  server.RaftServer$Division (RaftServerImpl.java:start(342)) - 72a2b08b-a918-40a9-b5b7-0c0becce9b1d@group-97988C67EDE6: start as a follower, conf=-1: peers:[72a2b08b-a918-40a9-b5b7-0c0becce9b1d|rpc:10.1.0.17:15067|admin:10.1.0.17:15066|client:10.1.0.17:15065|dataStream:10.1.0.17:15068|priority:1|startupRole:FOLLOWER]|listeners:[], old=null
2023-09-13 06:49:31,810 [72a2b08b-a918-40a9-b5b7-0c0becce9b1d-groupManagement] INFO  server.RaftServer$Division (RaftServerImpl.java:setRole(329)) - 72a2b08b-a918-40a9-b5b7-0c0becce9b1d@group-97988C67EDE6: changes role from      null to FOLLOWER at term 0 for startAsFollower
2023-09-13 06:49:31,810 [72a2b08b-a918-40a9-b5b7-0c0becce9b1d-groupManagement] INFO  impl.RoleInfo (RoleInfo.java:updateAndGet(139)) - 72a2b08b-a918-40a9-b5b7-0c0becce9b1d: start 72a2b08b-a918-40a9-b5b7-0c0becce9b1d@group-97988C67EDE6-FollowerState
2023-09-13 06:49:31,810 [72a2b08b-a918-40a9-b5b7-0c0becce9b1d-groupManagement] INFO  util.JmxRegister (JmxRegister.java:tryRegister(44)) - Successfully registered JMX Bean with object name Ratis:service=RaftServer,group=group-97988C67EDE6,id=72a2b08b-a918-40a9-b5b7-0c0becce9b1d
2023-09-13 06:49:31,810 [72a2b08b-a918-40a9-b5b7-0c0becce9b1d@group-97988C67EDE6-FollowerState] INFO  server.RaftServerConfigKeys (ConfUtils.java:logFallback(53)) - raft.server.rpc.first-election.timeout.min = 5s (fallback to raft.server.rpc.timeout.min)
2023-09-13 06:49:31,810 [72a2b08b-a918-40a9-b5b7-0c0becce9b1d-groupManagement] INFO  server.RaftServerConfigKeys (ConfUtils.java:logGet(46)) - raft.server.snapshot.auto.trigger.enabled = true (custom)
2023-09-13 06:49:31,810 [72a2b08b-a918-40a9-b5b7-0c0becce9b1d@group-97988C67EDE6-FollowerState] INFO  server.RaftServerConfigKeys (ConfUtils.java:logFallback(53)) - raft.server.rpc.first-election.timeout.max = 5200ms (fallback to raft.server.rpc.timeout.max)
2023-09-13 06:49:31,811 [72a2b08b-a918-40a9-b5b7-0c0becce9b1d-groupManagement] INFO  server.RaftServerConfigKeys (ConfUtils.java:logGet(46)) - raft.server.snapshot.auto.trigger.threshold = 10000 (custom)
2023-09-13 06:49:31,811 [72a2b08b-a918-40a9-b5b7-0c0becce9b1d-groupManagement] INFO  server.RaftServerConfigKeys (ConfUtils.java:logGet(46)) - raft.server.snapshot.retention.file.num = 5 (custom)
2023-09-13 06:49:31,811 [72a2b08b-a918-40a9-b5b7-0c0becce9b1d-groupManagement] INFO  server.RaftServerConfigKeys (ConfUtils.java:logGet(46)) - raft.server.log.purge.upto.snapshot.index = false (default)
2023-09-13 06:49:31,811 [PipelineCommandHandlerThread-0] INFO  ratis.XceiverServerRatis (XceiverServerRatis.java:addGroup(804)) - Created group PipelineID=002c5251-2f4a-4ae4-9045-97988c67ede6
2023-09-13 06:49:31,812 [PipelineCommandHandlerThread-0] INFO  commandhandler.CreatePipelineCommandHandler (CreatePipelineCommandHandler.java:lambda$handle$2(124)) - Created Pipeline RATIS ONE PipelineID=002c5251-2f4a-4ae4-9045-97988c67ede6.
2023-09-13 06:49:31,812 [PipelineCommandHandlerThread-0] INFO  server.RaftServer (RaftServerProxy.java:addNew(98)) - 72a2b08b-a918-40a9-b5b7-0c0becce9b1d: addNew group-DB0BD11390EA:[72a2b08b-a918-40a9-b5b7-0c0becce9b1d|rpc:10.1.0.17:15067|admin:10.1.0.17:15066|client:10.1.0.17:15065|dataStream:10.1.0.17:15068|priority:1|startupRole:FOLLOWER, 4bb754f9-31d1-4c9b-ab82-9cb241c80a35|rpc:10.1.0.17:15076|admin:10.1.0.17:15075|client:10.1.0.17:15074|dataStream:10.1.0.17:15077|priority:0|startupRole:FOLLOWER, caee8b76-9fb6-4477-ae87-28d408607da3|rpc:10.1.0.17:15085|admin:10.1.0.17:15084|client:10.1.0.17:15083|dataStream:10.1.0.17:15086|priority:0|startupRole:FOLLOWER] returns group-DB0BD11390EA:java.util.concurrent.CompletableFuture@21217ae4[Not completed]
2023-09-13 06:49:31,813 [72a2b08b-a918-40a9-b5b7-0c0becce9b1d-groupManagement] INFO  server.RaftServer$Division (RaftServerImpl.java:<init>(198)) - 72a2b08b-a918-40a9-b5b7-0c0becce9b1d: new RaftServerImpl for group-DB0BD11390EA:[72a2b08b-a918-40a9-b5b7-0c0becce9b1d|rpc:10.1.0.17:15067|admin:10.1.0.17:15066|client:10.1.0.17:15065|dataStream:10.1.0.17:15068|priority:1|startupRole:FOLLOWER, 4bb754f9-31d1-4c9b-ab82-9cb241c80a35|rpc:10.1.0.17:15076|admin:10.1.0.17:15075|client:10.1.0.17:15074|dataStream:10.1.0.17:15077|priority:0|startupRole:FOLLOWER, caee8b76-9fb6-4477-ae87-28d408607da3|rpc:10.1.0.17:15085|admin:10.1.0.17:15084|client:10.1.0.17:15083|dataStream:10.1.0.17:15086|priority:0|startupRole:FOLLOWER] with ContainerStateMachine:uninitialized
2023-09-13 06:49:31,813 [72a2b08b-a918-40a9-b5b7-0c0becce9b1d-groupManagement] INFO  server.RaftServerConfigKeys (ConfUtils.java:logGet(46)) - raft.server.rpc.timeout.min = 5s (custom)
2023-09-13 06:49:31,813 [72a2b08b-a918-40a9-b5b7-0c0becce9b1d-groupManagement] INFO  server.RaftServerConfigKeys (ConfUtils.java:logGet(46)) - raft.server.rpc.timeout.max = 5200ms (custom)
2023-09-13 06:49:31,813 [72a2b08b-a918-40a9-b5b7-0c0becce9b1d-groupManagement] INFO  server.RaftServerConfigKeys (ConfUtils.java:logGet(46)) - raft.server.rpc.sleep.time = 25ms (default)
2023-09-13 06:49:31,813 [72a2b08b-a918-40a9-b5b7-0c0becce9b1d-groupManagement] INFO  server.RaftServerConfigKeys (ConfUtils.java:logGet(46)) - raft.server.rpc.slowness.timeout = 300000ms (custom)
2023-09-13 06:49:31,813 [72a2b08b-a918-40a9-b5b7-0c0becce9b1d-groupManagement] INFO  server.RaftServerConfigKeys (ConfUtils.java:logGet(46)) - raft.server.leaderelection.leader.step-down.wait-time = 10s (default)
2023-09-13 06:49:31,813 [72a2b08b-a918-40a9-b5b7-0c0becce9b1d-groupManagement] INFO  server.RaftServerConfigKeys (ConfUtils.java:logGet(46)) - raft.server.sleep.deviation.threshold = 300ms (default)
2023-09-13 06:49:31,813 [72a2b08b-a918-40a9-b5b7-0c0becce9b1d-groupManagement] INFO  server.RaftServer$Division (ServerState.java:<init>(120)) - 72a2b08b-a918-40a9-b5b7-0c0becce9b1d@group-DB0BD11390EA: ConfigurationManager, init=-1: peers:[72a2b08b-a918-40a9-b5b7-0c0becce9b1d|rpc:10.1.0.17:15067|admin:10.1.0.17:15066|client:10.1.0.17:15065|dataStream:10.1.0.17:15068|priority:1|startupRole:FOLLOWER, 4bb754f9-31d1-4c9b-ab82-9cb241c80a35|rpc:10.1.0.17:15076|admin:10.1.0.17:15075|client:10.1.0.17:15074|dataStream:10.1.0.17:15077|priority:0|startupRole:FOLLOWER, caee8b76-9fb6-4477-ae87-28d408607da3|rpc:10.1.0.17:15085|admin:10.1.0.17:15084|client:10.1.0.17:15083|dataStream:10.1.0.17:15086|priority:0|startupRole:FOLLOWER]|listeners:[], old=null, confs=<EMPTY_MAP>
2023-09-13 06:49:31,813 [72a2b08b-a918-40a9-b5b7-0c0becce9b1d-groupManagement] INFO  server.RaftServerConfigKeys (ConfUtils.java:logGet(46)) - raft.server.storage.dir = [/home/runner/work/ozone/ozone/hadoop-ozone/integration-test/target/test-dir/MiniOzoneClusterImpl-af11299d-9bff-4b11-875a-a8648a114883/datanode-0/data/ratis] (custom)
2023-09-13 06:49:31,814 [72a2b08b-a918-40a9-b5b7-0c0becce9b1d-groupManagement] INFO  server.RaftServerConfigKeys (ConfUtils.java:logGet(46)) - raft.server.log.corruption.policy = EXCEPTION (default)
2023-09-13 06:49:31,814 [72a2b08b-a918-40a9-b5b7-0c0becce9b1d-groupManagement] INFO  server.RaftServerConfigKeys (ConfUtils.java:logGet(46)) - raft.server.storage.free-space.min = 0MB (=0) (default)
2023-09-13 06:49:31,814 [72a2b08b-a918-40a9-b5b7-0c0becce9b1d-groupManagement] INFO  server.RaftServerConfigKeys (ConfUtils.java:logGet(46)) - raft.server.notification.no-leader.timeout = 300000ms (custom)
2023-09-13 06:49:31,814 [72a2b08b-a918-40a9-b5b7-0c0becce9b1d-groupManagement] INFO  server.RaftServerConfigKeys (ConfUtils.java:logGet(46)) - raft.server.read.timeout = 10s (default)
2023-09-13 06:49:31,814 [72a2b08b-a918-40a9-b5b7-0c0becce9b1d-groupManagement] INFO  server.RaftServerConfigKeys (ConfUtils.java:logGet(46)) - raft.server.retrycache.expirytime = 600000ms (custom)
2023-09-13 06:49:31,814 [72a2b08b-a918-40a9-b5b7-0c0becce9b1d-groupManagement] INFO  server.RaftServerConfigKeys (ConfUtils.java:logGet(46)) - raft.server.retrycache.statistics.expirytime = 100μs (default)
2023-09-13 06:49:31,815 [72a2b08b-a918-40a9-b5b7-0c0becce9b1d-groupManagement] INFO  server.RaftServerConfigKeys (ConfUtils.java:logGet(46)) - raft.server.read.option = DEFAULT (default)
2023-09-13 06:49:31,816 [72a2b08b-a918-40a9-b5b7-0c0becce9b1d-groupManagement] INFO  server.RaftServerConfigKeys (ConfUtils.java:logGet(46)) - raft.server.rpc.request.timeout = 3000ms (default)
2023-09-13 06:49:31,817 [72a2b08b-a918-40a9-b5b7-0c0becce9b1d-groupManagement] INFO  server.RaftServerConfigKeys (ConfUtils.java:logGet(46)) - raft.server.log.appender.install.snapshot.enabled = false (custom)
2023-09-13 06:49:31,817 [72a2b08b-a918-40a9-b5b7-0c0becce9b1d-groupManagement] INFO  server.RaftServerConfigKeys (ConfUtils.java:logGet(46)) - raft.server.threadpool.server.cached = true (default)
2023-09-13 06:49:31,817 [72a2b08b-a918-40a9-b5b7-0c0becce9b1d-groupManagement] INFO  server.RaftServerConfigKeys (ConfUtils.java:logGet(46)) - raft.server.threadpool.server.size = 0 (default)
2023-09-13 06:49:31,817 [72a2b08b-a918-40a9-b5b7-0c0becce9b1d-groupManagement] INFO  server.RaftServerConfigKeys (ConfUtils.java:logGet(46)) - raft.server.threadpool.client.cached = true (default)
2023-09-13 06:49:31,817 [72a2b08b-a918-40a9-b5b7-0c0becce9b1d-groupManagement] INFO  server.RaftServerConfigKeys (ConfUtils.java:logGet(46)) - raft.server.threadpool.client.size = 0 (default)
2023-09-13 06:49:31,817 [72a2b08b-a918-40a9-b5b7-0c0becce9b1d-groupManagement] INFO  storage.RaftStorageDirectory (RaftStorageDirectoryImpl.java:analyzeStorage(137)) - The storage directory /home/runner/work/ozone/ozone/hadoop-ozone/integration-test/target/test-dir/MiniOzoneClusterImpl-af11299d-9bff-4b11-875a-a8648a114883/datanode-0/data/ratis/e4ae056a-eecf-4e0f-bfc6-db0bd11390ea does not exist. Creating ...
2023-09-13 06:49:31,819 [72a2b08b-a918-40a9-b5b7-0c0becce9b1d-groupManagement] INFO  storage.RaftStorageDirectory (RaftStorageDirectoryImpl.java:tryLock(231)) - Lock on /home/runner/work/ozone/ozone/hadoop-ozone/integration-test/target/test-dir/MiniOzoneClusterImpl-af11299d-9bff-4b11-875a-a8648a114883/datanode-0/data/ratis/e4ae056a-eecf-4e0f-bfc6-db0bd11390ea/in_use.lock acquired by nodename 3839@fv-az460-410
2023-09-13 06:49:31,820 [72a2b08b-a918-40a9-b5b7-0c0becce9b1d-groupManagement] INFO  storage.RaftStorage (RaftStorageImpl.java:format(96)) - Storage directory /home/runner/work/ozone/ozone/hadoop-ozone/integration-test/target/test-dir/MiniOzoneClusterImpl-af11299d-9bff-4b11-875a-a8648a114883/datanode-0/data/ratis/e4ae056a-eecf-4e0f-bfc6-db0bd11390ea has been successfully formatted.
2023-09-13 06:49:31,821 [72a2b08b-a918-40a9-b5b7-0c0becce9b1d-groupManagement] INFO  ratis.ContainerStateMachine (ContainerStateMachine.java:loadSnapshot(262)) - group-DB0BD11390EA: The snapshot info is null. Setting the last applied indexto:(t:0, i:~)
2023-09-13 06:49:31,821 [72a2b08b-a918-40a9-b5b7-0c0becce9b1d-groupManagement] INFO  server.RaftServerConfigKeys (ConfUtils.java:logGet(46)) - raft.server.log.use.memory = false (default)
2023-09-13 06:49:31,821 [72a2b08b-a918-40a9-b5b7-0c0becce9b1d-groupManagement] INFO  server.RaftServerConfigKeys (ConfUtils.java:logGet(46)) - raft.server.log.purge.gap = 1000000 (custom)
2023-09-13 06:49:31,821 [72a2b08b-a918-40a9-b5b7-0c0becce9b1d-groupManagement] INFO  server.RaftServerConfigKeys (ConfUtils.java:logGet(46)) - raft.server.log.appender.buffer.byte-limit = 33554432 (custom)
2023-09-13 06:49:31,821 [72a2b08b-a918-40a9-b5b7-0c0becce9b1d-groupManagement] INFO  server.RaftServerConfigKeys (ConfUtils.java:logGet(46)) - raft.server.log.statemachine.data.read.timeout = 1000ms (default)
2023-09-13 06:49:31,821 [72a2b08b-a918-40a9-b5b7-0c0becce9b1d-groupManagement] INFO  server.RaftServerConfigKeys (ConfUtils.java:logGet(46)) - raft.server.log.purge.preservation.log.num = 0 (default)
2023-09-13 06:49:31,822 [72a2b08b-a918-40a9-b5b7-0c0becce9b1d-groupManagement] INFO  server.RaftServerConfigKeys (ConfUtils.java:logGet(46)) - raft.server.log.segment.size.max = 1048576 (custom)
2023-09-13 06:49:31,822 [72a2b08b-a918-40a9-b5b7-0c0becce9b1d-groupManagement] INFO  server.RaftServerConfigKeys (ConfUtils.java:logGet(46)) - raft.server.log.segment.cache.num.max = 2 (custom)
2023-09-13 06:49:31,822 [72a2b08b-a918-40a9-b5b7-0c0becce9b1d-groupManagement] INFO  server.RaftServerConfigKeys (ConfUtils.java:logGet(46)) - raft.server.log.segment.cache.size.max = 200MB (=209715200) (default)
2023-09-13 06:49:31,823 [72a2b08b-a918-40a9-b5b7-0c0becce9b1d-groupManagement] INFO  server.RaftServerConfigKeys (ConfUtils.java:logGet(46)) - raft.server.log.appender.buffer.byte-limit = 33554432 (custom)
2023-09-13 06:49:31,823 [72a2b08b-a918-40a9-b5b7-0c0becce9b1d-groupManagement] INFO  segmented.SegmentedRaftLogWorker (SegmentedRaftLogWorker.java:<init>(188)) - new 72a2b08b-a918-40a9-b5b7-0c0becce9b1d@group-DB0BD11390EA-SegmentedRaftLogWorker for RaftStorageImpl:Storage Directory /home/runner/work/ozone/ozone/hadoop-ozone/integration-test/target/test-dir/MiniOzoneClusterImpl-af11299d-9bff-4b11-875a-a8648a114883/datanode-0/data/ratis/e4ae056a-eecf-4e0f-bfc6-db0bd11390ea
2023-09-13 06:49:31,823 [72a2b08b-a918-40a9-b5b7-0c0becce9b1d-groupManagement] INFO  server.RaftServerConfigKeys (ConfUtils.java:logGet(46)) - raft.server.log.queue.byte-limit = 4294967296 (custom)
2023-09-13 06:49:31,823 [72a2b08b-a918-40a9-b5b7-0c0becce9b1d-groupManagement] INFO  server.RaftServerConfigKeys (ConfUtils.java:logGet(46)) - raft.server.log.queue.element-limit = 1024 (custom)
2023-09-13 06:49:31,823 [72a2b08b-a918-40a9-b5b7-0c0becce9b1d-groupManagement] INFO  server.RaftServerConfigKeys (ConfUtils.java:logGet(46)) - raft.server.log.segment.size.max = 1048576 (custom)
2023-09-13 06:49:31,823 [72a2b08b-a918-40a9-b5b7-0c0becce9b1d-groupManagement] INFO  server.RaftServerConfigKeys (ConfUtils.java:logGet(46)) - raft.server.log.preallocated.size = 16384 (custom)
2023-09-13 06:49:31,823 [72a2b08b-a918-40a9-b5b7-0c0becce9b1d-groupManagement] INFO  server.RaftServerConfigKeys (ConfUtils.java:logGet(46)) - raft.server.log.force.sync.num = 128 (default)
2023-09-13 06:49:31,823 [72a2b08b-a918-40a9-b5b7-0c0becce9b1d-groupManagement] INFO  server.RaftServerConfigKeys (ConfUtils.java:logGet(46)) - raft.server.log.statemachine.data.sync = true (default)
2023-09-13 06:49:31,823 [72a2b08b-a918-40a9-b5b7-0c0becce9b1d-groupManagement] INFO  server.RaftServerConfigKeys (ConfUtils.java:logGet(46)) - raft.server.log.statemachine.data.sync.timeout = 10s (default)
2023-09-13 06:49:31,823 [EventQueue-OpenPipelineForHealthyPipelineSafeModeRule] INFO  safemode.SCMSafeModeManager (HealthyPipelineSafeModeRule.java:process(137)) - SCM in safe mode. Healthy pipelines reported count is 0, required healthy pipeline reported count is 1
2023-09-13 06:49:31,823 [72a2b08b-a918-40a9-b5b7-0c0becce9b1d-groupManagement] INFO  server.RaftServerConfigKeys (ConfUtils.java:logGet(46)) - raft.server.log.statemachine.data.sync.timeout.retry = -1 (default)
2023-09-13 06:49:31,824 [72a2b08b-a918-40a9-b5b7-0c0becce9b1d-groupManagement] INFO  server.RaftServerConfigKeys (ConfUtils.java:logGet(46)) - raft.server.log.write.buffer.size = 1048576 (custom)
2023-09-13 06:49:31,825 [72a2b08b-a918-40a9-b5b7-0c0becce9b1d-groupManagement] INFO  server.RaftServerConfigKeys (ConfUtils.java:logGet(46)) - raft.server.log.appender.buffer.byte-limit = 33554432 (custom)
2023-09-13 06:49:31,830 [72a2b08b-a918-40a9-b5b7-0c0becce9b1d-groupManagement] INFO  server.RaftServerConfigKeys (ConfUtils.java:logGet(46)) - raft.server.log.unsafe-flush.enabled = false (default)
2023-09-13 06:49:31,830 [72a2b08b-a918-40a9-b5b7-0c0becce9b1d-groupManagement] INFO  server.RaftServerConfigKeys (ConfUtils.java:logGet(46)) - raft.server.log.async-flush.enabled = false (default)
2023-09-13 06:49:31,830 [72a2b08b-a918-40a9-b5b7-0c0becce9b1d-groupManagement] INFO  server.RaftServerConfigKeys (ConfUtils.java:logGet(46)) - raft.server.log.statemachine.data.caching.enabled = true (custom)
2023-09-13 06:49:31,831 [72a2b08b-a918-40a9-b5b7-0c0becce9b1d-groupManagement] INFO  segmented.SegmentedRaftLogWorker (SegmentedRaftLogWorker.java:lambda$new$0(135)) - 72a2b08b-a918-40a9-b5b7-0c0becce9b1d@group-DB0BD11390EA-SegmentedRaftLogWorker: flushIndex: setUnconditionally 0 -> -1
2023-09-13 06:49:31,831 [72a2b08b-a918-40a9-b5b7-0c0becce9b1d-groupManagement] INFO  segmented.SegmentedRaftLogWorker (SegmentedRaftLogWorker.java:lambda$new$0(135)) - 72a2b08b-a918-40a9-b5b7-0c0becce9b1d@group-DB0BD11390EA-SegmentedRaftLogWorker: safeCacheEvictIndex: setUnconditionally 0 -> -1
2023-09-13 06:49:31,831 [72a2b08b-a918-40a9-b5b7-0c0becce9b1d-groupManagement] INFO  server.RaftServer$Division (RaftServerImpl.java:start(342)) - 72a2b08b-a918-40a9-b5b7-0c0becce9b1d@group-DB0BD11390EA: start as a follower, conf=-1: peers:[72a2b08b-a918-40a9-b5b7-0c0becce9b1d|rpc:10.1.0.17:15067|admin:10.1.0.17:15066|client:10.1.0.17:15065|dataStream:10.1.0.17:15068|priority:1|startupRole:FOLLOWER, 4bb754f9-31d1-4c9b-ab82-9cb241c80a35|rpc:10.1.0.17:15076|admin:10.1.0.17:15075|client:10.1.0.17:15074|dataStream:10.1.0.17:15077|priority:0|startupRole:FOLLOWER, caee8b76-9fb6-4477-ae87-28d408607da3|rpc:10.1.0.17:15085|admin:10.1.0.17:15084|client:10.1.0.17:15083|dataStream:10.1.0.17:15086|priority:0|startupRole:FOLLOWER]|listeners:[], old=null
2023-09-13 06:49:31,831 [72a2b08b-a918-40a9-b5b7-0c0becce9b1d-groupManagement] INFO  server.RaftServer$Division (RaftServerImpl.java:setRole(329)) - 72a2b08b-a918-40a9-b5b7-0c0becce9b1d@group-DB0BD11390EA: changes role from      null to FOLLOWER at term 0 for startAsFollower
2023-09-13 06:49:31,831 [72a2b08b-a918-40a9-b5b7-0c0becce9b1d-groupManagement] INFO  impl.RoleInfo (RoleInfo.java:updateAndGet(139)) - 72a2b08b-a918-40a9-b5b7-0c0becce9b1d: start 72a2b08b-a918-40a9-b5b7-0c0becce9b1d@group-DB0BD11390EA-FollowerState
2023-09-13 06:49:31,831 [72a2b08b-a918-40a9-b5b7-0c0becce9b1d-groupManagement] INFO  util.JmxRegister (JmxRegister.java:tryRegister(44)) - Successfully registered JMX Bean with object name Ratis:service=RaftServer,group=group-DB0BD11390EA,id=72a2b08b-a918-40a9-b5b7-0c0becce9b1d
2023-09-13 06:49:31,831 [72a2b08b-a918-40a9-b5b7-0c0becce9b1d@group-DB0BD11390EA-FollowerState] INFO  server.RaftServerConfigKeys (ConfUtils.java:logFallback(53)) - raft.server.rpc.first-election.timeout.min = 5s (fallback to raft.server.rpc.timeout.min)
2023-09-13 06:49:31,832 [72a2b08b-a918-40a9-b5b7-0c0becce9b1d-groupManagement] INFO  server.RaftServerConfigKeys (ConfUtils.java:logGet(46)) - raft.server.snapshot.auto.trigger.enabled = true (custom)
2023-09-13 06:49:31,832 [72a2b08b-a918-40a9-b5b7-0c0becce9b1d@group-DB0BD11390EA-FollowerState] INFO  server.RaftServerConfigKeys (ConfUtils.java:logFallback(53)) - raft.server.rpc.first-election.timeout.max = 5200ms (fallback to raft.server.rpc.timeout.max)
2023-09-13 06:49:31,832 [72a2b08b-a918-40a9-b5b7-0c0becce9b1d-groupManagement] INFO  server.RaftServerConfigKeys (ConfUtils.java:logGet(46)) - raft.server.snapshot.auto.trigger.threshold = 10000 (custom)
2023-09-13 06:49:31,832 [72a2b08b-a918-40a9-b5b7-0c0becce9b1d-groupManagement] INFO  server.RaftServerConfigKeys (ConfUtils.java:logGet(46)) - raft.server.snapshot.retention.file.num = 5 (custom)
2023-09-13 06:49:31,832 [72a2b08b-a918-40a9-b5b7-0c0becce9b1d-groupManagement] INFO  server.RaftServerConfigKeys (ConfUtils.java:logGet(46)) - raft.server.log.purge.upto.snapshot.index = false (default)
2023-09-13 06:49:31,832 [PipelineCommandHandlerThread-0] INFO  ratis.XceiverServerRatis (XceiverServerRatis.java:addGroup(804)) - Created group PipelineID=e4ae056a-eecf-4e0f-bfc6-db0bd11390ea
2023-09-13 06:49:31,848 [grpc-default-executor-6] INFO  server.RaftServer (RaftServerProxy.java:addNew(98)) - 4bb754f9-31d1-4c9b-ab82-9cb241c80a35: addNew group-DB0BD11390EA:[72a2b08b-a918-40a9-b5b7-0c0becce9b1d|rpc:10.1.0.17:15067|admin:10.1.0.17:15066|client:10.1.0.17:15065|dataStream:10.1.0.17:15068|priority:1|startupRole:FOLLOWER, 4bb754f9-31d1-4c9b-ab82-9cb241c80a35|rpc:10.1.0.17:15076|admin:10.1.0.17:15075|client:10.1.0.17:15074|dataStream:10.1.0.17:15077|priority:0|startupRole:FOLLOWER, caee8b76-9fb6-4477-ae87-28d408607da3|rpc:10.1.0.17:15085|admin:10.1.0.17:15084|client:10.1.0.17:15083|dataStream:10.1.0.17:15086|priority:0|startupRole:FOLLOWER] returns group-DB0BD11390EA:java.util.concurrent.CompletableFuture@4854e143[Not completed]
2023-09-13 06:49:31,849 [4bb754f9-31d1-4c9b-ab82-9cb241c80a35-groupManagement] INFO  server.RaftServer$Division (RaftServerImpl.java:<init>(198)) - 4bb754f9-31d1-4c9b-ab82-9cb241c80a35: new RaftServerImpl for group-DB0BD11390EA:[72a2b08b-a918-40a9-b5b7-0c0becce9b1d|rpc:10.1.0.17:15067|admin:10.1.0.17:15066|client:10.1.0.17:15065|dataStream:10.1.0.17:15068|priority:1|startupRole:FOLLOWER, 4bb754f9-31d1-4c9b-ab82-9cb241c80a35|rpc:10.1.0.17:15076|admin:10.1.0.17:15075|client:10.1.0.17:15074|dataStream:10.1.0.17:15077|priority:0|startupRole:FOLLOWER, caee8b76-9fb6-4477-ae87-28d408607da3|rpc:10.1.0.17:15085|admin:10.1.0.17:15084|client:10.1.0.17:15083|dataStream:10.1.0.17:15086|priority:0|startupRole:FOLLOWER] with ContainerStateMachine:uninitialized
2023-09-13 06:49:31,849 [4bb754f9-31d1-4c9b-ab82-9cb241c80a35-groupManagement] INFO  server.RaftServerConfigKeys (ConfUtils.java:logGet(46)) - raft.server.rpc.timeout.min = 5s (custom)
2023-09-13 06:49:31,849 [4bb754f9-31d1-4c9b-ab82-9cb241c80a35-groupManagement] INFO  server.RaftServerConfigKeys (ConfUtils.java:logGet(46)) - raft.server.rpc.timeout.max = 5200ms (custom)
2023-09-13 06:49:31,850 [4bb754f9-31d1-4c9b-ab82-9cb241c80a35-groupManagement] INFO  server.RaftServerConfigKeys (ConfUtils.java:logGet(46)) - raft.server.rpc.sleep.time = 25ms (default)
2023-09-13 06:49:31,850 [4bb754f9-31d1-4c9b-ab82-9cb241c80a35-groupManagement] INFO  server.RaftServerConfigKeys (ConfUtils.java:logGet(46)) - raft.server.rpc.slowness.timeout = 300000ms (custom)
2023-09-13 06:49:31,850 [4bb754f9-31d1-4c9b-ab82-9cb241c80a35-groupManagement] INFO  server.RaftServerConfigKeys (ConfUtils.java:logGet(46)) - raft.server.leaderelection.leader.step-down.wait-time = 10s (default)
2023-09-13 06:49:31,850 [4bb754f9-31d1-4c9b-ab82-9cb241c80a35-groupManagement] INFO  server.RaftServerConfigKeys (ConfUtils.java:logGet(46)) - raft.server.sleep.deviation.threshold = 300ms (default)
2023-09-13 06:49:31,850 [4bb754f9-31d1-4c9b-ab82-9cb241c80a35-groupManagement] INFO  server.RaftServer$Division (ServerState.java:<init>(120)) - 4bb754f9-31d1-4c9b-ab82-9cb241c80a35@group-DB0BD11390EA: ConfigurationManager, init=-1: peers:[72a2b08b-a918-40a9-b5b7-0c0becce9b1d|rpc:10.1.0.17:15067|admin:10.1.0.17:15066|client:10.1.0.17:15065|dataStream:10.1.0.17:15068|priority:1|startupRole:FOLLOWER, 4bb754f9-31d1-4c9b-ab82-9cb241c80a35|rpc:10.1.0.17:15076|admin:10.1.0.17:15075|client:10.1.0.17:15074|dataStream:10.1.0.17:15077|priority:0|startupRole:FOLLOWER, caee8b76-9fb6-4477-ae87-28d408607da3|rpc:10.1.0.17:15085|admin:10.1.0.17:15084|client:10.1.0.17:15083|dataStream:10.1.0.17:15086|priority:0|startupRole:FOLLOWER]|listeners:[], old=null, confs=<EMPTY_MAP>
2023-09-13 06:49:31,850 [4bb754f9-31d1-4c9b-ab82-9cb241c80a35-groupManagement] INFO  server.RaftServerConfigKeys (ConfUtils.java:logGet(46)) - raft.server.storage.dir = [/home/runner/work/ozone/ozone/hadoop-ozone/integration-test/target/test-dir/MiniOzoneClusterImpl-af11299d-9bff-4b11-875a-a8648a114883/datanode-1/data/ratis] (custom)
2023-09-13 06:49:31,850 [4bb754f9-31d1-4c9b-ab82-9cb241c80a35-groupManagement] INFO  server.RaftServerConfigKeys (ConfUtils.java:logGet(46)) - raft.server.log.corruption.policy = EXCEPTION (default)
2023-09-13 06:49:31,850 [4bb754f9-31d1-4c9b-ab82-9cb241c80a35-groupManagement] INFO  server.RaftServerConfigKeys (ConfUtils.java:logGet(46)) - raft.server.storage.free-space.min = 0MB (=0) (default)
2023-09-13 06:49:31,851 [4bb754f9-31d1-4c9b-ab82-9cb241c80a35-groupManagement] INFO  server.RaftServerConfigKeys (ConfUtils.java:logGet(46)) - raft.server.notification.no-leader.timeout = 300000ms (custom)
2023-09-13 06:49:31,851 [4bb754f9-31d1-4c9b-ab82-9cb241c80a35-groupManagement] INFO  server.RaftServerConfigKeys (ConfUtils.java:logGet(46)) - raft.server.read.timeout = 10s (default)
2023-09-13 06:49:31,851 [4bb754f9-31d1-4c9b-ab82-9cb241c80a35-groupManagement] INFO  server.RaftServerConfigKeys (ConfUtils.java:logGet(46)) - raft.server.retrycache.expirytime = 600000ms (custom)
2023-09-13 06:49:31,851 [4bb754f9-31d1-4c9b-ab82-9cb241c80a35-groupManagement] INFO  server.RaftServerConfigKeys (ConfUtils.java:logGet(46)) - raft.server.retrycache.statistics.expirytime = 100μs (default)
2023-09-13 06:49:31,851 [4bb754f9-31d1-4c9b-ab82-9cb241c80a35-groupManagement] INFO  server.RaftServerConfigKeys (ConfUtils.java:logGet(46)) - raft.server.read.option = DEFAULT (default)
2023-09-13 06:49:31,853 [4bb754f9-31d1-4c9b-ab82-9cb241c80a35-groupManagement] INFO  server.RaftServerConfigKeys (ConfUtils.java:logGet(46)) - raft.server.rpc.request.timeout = 3000ms (default)
2023-09-13 06:49:31,853 [4bb754f9-31d1-4c9b-ab82-9cb241c80a35-groupManagement] INFO  server.RaftServerConfigKeys (ConfUtils.java:logGet(46)) - raft.server.log.appender.install.snapshot.enabled = false (custom)
2023-09-13 06:49:31,853 [4bb754f9-31d1-4c9b-ab82-9cb241c80a35-groupManagement] INFO  server.RaftServerConfigKeys (ConfUtils.java:logGet(46)) - raft.server.threadpool.server.cached = true (default)
2023-09-13 06:49:31,853 [4bb754f9-31d1-4c9b-ab82-9cb241c80a35-groupManagement] INFO  server.RaftServerConfigKeys (ConfUtils.java:logGet(46)) - raft.server.threadpool.server.size = 0 (default)
2023-09-13 06:49:31,853 [4bb754f9-31d1-4c9b-ab82-9cb241c80a35-groupManagement] INFO  server.RaftServerConfigKeys (ConfUtils.java:logGet(46)) - raft.server.threadpool.client.cached = true (default)
2023-09-13 06:49:31,853 [4bb754f9-31d1-4c9b-ab82-9cb241c80a35-groupManagement] INFO  server.RaftServerConfigKeys (ConfUtils.java:logGet(46)) - raft.server.threadpool.client.size = 0 (default)
2023-09-13 06:49:31,853 [4bb754f9-31d1-4c9b-ab82-9cb241c80a35-groupManagement] INFO  storage.RaftStorageDirectory (RaftStorageDirectoryImpl.java:analyzeStorage(137)) - The storage directory /home/runner/work/ozone/ozone/hadoop-ozone/integration-test/target/test-dir/MiniOzoneClusterImpl-af11299d-9bff-4b11-875a-a8648a114883/datanode-1/data/ratis/e4ae056a-eecf-4e0f-bfc6-db0bd11390ea does not exist. Creating ...
2023-09-13 06:49:31,854 [4bb754f9-31d1-4c9b-ab82-9cb241c80a35-groupManagement] INFO  storage.RaftStorageDirectory (RaftStorageDirectoryImpl.java:tryLock(231)) - Lock on /home/runner/work/ozone/ozone/hadoop-ozone/integration-test/target/test-dir/MiniOzoneClusterImpl-af11299d-9bff-4b11-875a-a8648a114883/datanode-1/data/ratis/e4ae056a-eecf-4e0f-bfc6-db0bd11390ea/in_use.lock acquired by nodename 3839@fv-az460-410
2023-09-13 06:49:31,855 [4bb754f9-31d1-4c9b-ab82-9cb241c80a35-groupManagement] INFO  storage.RaftStorage (RaftStorageImpl.java:format(96)) - Storage directory /home/runner/work/ozone/ozone/hadoop-ozone/integration-test/target/test-dir/MiniOzoneClusterImpl-af11299d-9bff-4b11-875a-a8648a114883/datanode-1/data/ratis/e4ae056a-eecf-4e0f-bfc6-db0bd11390ea has been successfully formatted.
2023-09-13 06:49:31,859 [4bb754f9-31d1-4c9b-ab82-9cb241c80a35-groupManagement] INFO  ratis.ContainerStateMachine (ContainerStateMachine.java:loadSnapshot(262)) - group-DB0BD11390EA: The snapshot info is null. Setting the last applied indexto:(t:0, i:~)
2023-09-13 06:49:31,859 [4bb754f9-31d1-4c9b-ab82-9cb241c80a35-groupManagement] INFO  server.RaftServerConfigKeys (ConfUtils.java:logGet(46)) - raft.server.log.use.memory = false (default)
2023-09-13 06:49:31,859 [4bb754f9-31d1-4c9b-ab82-9cb241c80a35-groupManagement] INFO  server.RaftServerConfigKeys (ConfUtils.java:logGet(46)) - raft.server.log.purge.gap = 1000000 (custom)
2023-09-13 06:49:31,859 [4bb754f9-31d1-4c9b-ab82-9cb241c80a35-groupManagement] INFO  server.RaftServerConfigKeys (ConfUtils.java:logGet(46)) - raft.server.log.appender.buffer.byte-limit = 33554432 (custom)
2023-09-13 06:49:31,859 [4bb754f9-31d1-4c9b-ab82-9cb241c80a35-groupManagement] INFO  server.RaftServerConfigKeys (ConfUtils.java:logGet(46)) - raft.server.log.statemachine.data.read.timeout = 1000ms (default)
2023-09-13 06:49:31,859 [4bb754f9-31d1-4c9b-ab82-9cb241c80a35-groupManagement] INFO  server.RaftServerConfigKeys (ConfUtils.java:logGet(46)) - raft.server.log.purge.preservation.log.num = 0 (default)
2023-09-13 06:49:31,859 [4bb754f9-31d1-4c9b-ab82-9cb241c80a35-groupManagement] INFO  server.RaftServerConfigKeys (ConfUtils.java:logGet(46)) - raft.server.log.segment.size.max = 1048576 (custom)
2023-09-13 06:49:31,859 [4bb754f9-31d1-4c9b-ab82-9cb241c80a35-groupManagement] INFO  server.RaftServerConfigKeys (ConfUtils.java:logGet(46)) - raft.server.log.segment.cache.num.max = 2 (custom)
2023-09-13 06:49:31,859 [4bb754f9-31d1-4c9b-ab82-9cb241c80a35-groupManagement] INFO  server.RaftServerConfigKeys (ConfUtils.java:logGet(46)) - raft.server.log.segment.cache.size.max = 200MB (=209715200) (default)
2023-09-13 06:49:31,860 [4bb754f9-31d1-4c9b-ab82-9cb241c80a35-groupManagement] INFO  server.RaftServerConfigKeys (ConfUtils.java:logGet(46)) - raft.server.log.appender.buffer.byte-limit = 33554432 (custom)
2023-09-13 06:49:31,860 [4bb754f9-31d1-4c9b-ab82-9cb241c80a35-groupManagement] INFO  segmented.SegmentedRaftLogWorker (SegmentedRaftLogWorker.java:<init>(188)) - new 4bb754f9-31d1-4c9b-ab82-9cb241c80a35@group-DB0BD11390EA-SegmentedRaftLogWorker for RaftStorageImpl:Storage Directory /home/runner/work/ozone/ozone/hadoop-ozone/integration-test/target/test-dir/MiniOzoneClusterImpl-af11299d-9bff-4b11-875a-a8648a114883/datanode-1/data/ratis/e4ae056a-eecf-4e0f-bfc6-db0bd11390ea
2023-09-13 06:49:31,860 [4bb754f9-31d1-4c9b-ab82-9cb241c80a35-groupManagement] INFO  server.RaftServerConfigKeys (ConfUtils.java:logGet(46)) - raft.server.log.queue.byte-limit = 4294967296 (custom)
2023-09-13 06:49:31,860 [4bb754f9-31d1-4c9b-ab82-9cb241c80a35-groupManagement] INFO  server.RaftServerConfigKeys (ConfUtils.java:logGet(46)) - raft.server.log.queue.element-limit = 1024 (custom)
2023-09-13 06:49:31,860 [4bb754f9-31d1-4c9b-ab82-9cb241c80a35-groupManagement] INFO  server.RaftServerConfigKeys (ConfUtils.java:logGet(46)) - raft.server.log.segment.size.max = 1048576 (custom)
2023-09-13 06:49:31,860 [4bb754f9-31d1-4c9b-ab82-9cb241c80a35-groupManagement] INFO  server.RaftServerConfigKeys (ConfUtils.java:logGet(46)) - raft.server.log.preallocated.size = 16384 (custom)
2023-09-13 06:49:31,860 [4bb754f9-31d1-4c9b-ab82-9cb241c80a35-groupManagement] INFO  server.RaftServerConfigKeys (ConfUtils.java:logGet(46)) - raft.server.log.force.sync.num = 128 (default)
2023-09-13 06:49:31,860 [4bb754f9-31d1-4c9b-ab82-9cb241c80a35-groupManagement] INFO  server.RaftServerConfigKeys (ConfUtils.java:logGet(46)) - raft.server.log.statemachine.data.sync = true (default)
2023-09-13 06:49:31,860 [4bb754f9-31d1-4c9b-ab82-9cb241c80a35-groupManagement] INFO  server.RaftServerConfigKeys (ConfUtils.java:logGet(46)) - raft.server.log.statemachine.data.sync.timeout = 10s (default)
2023-09-13 06:49:31,860 [4bb754f9-31d1-4c9b-ab82-9cb241c80a35-groupManagement] INFO  server.RaftServerConfigKeys (ConfUtils.java:logGet(46)) - raft.server.log.statemachine.data.sync.timeout.retry = -1 (default)
2023-09-13 06:49:31,861 [4bb754f9-31d1-4c9b-ab82-9cb241c80a35-groupManagement] INFO  server.RaftServerConfigKeys (ConfUtils.java:logGet(46)) - raft.server.log.write.buffer.size = 1048576 (custom)
2023-09-13 06:49:31,861 [4bb754f9-31d1-4c9b-ab82-9cb241c80a35-groupManagement] INFO  server.RaftServerConfigKeys (ConfUtils.java:logGet(46)) - raft.server.log.appender.buffer.byte-limit = 33554432 (custom)
2023-09-13 06:49:31,867 [4bb754f9-31d1-4c9b-ab82-9cb241c80a35-groupManagement] INFO  server.RaftServerConfigKeys (ConfUtils.java:logGet(46)) - raft.server.log.unsafe-flush.enabled = false (default)
2023-09-13 06:49:31,867 [4bb754f9-31d1-4c9b-ab82-9cb241c80a35-groupManagement] INFO  server.RaftServerConfigKeys (ConfUtils.java:logGet(46)) - raft.server.log.async-flush.enabled = false (default)
2023-09-13 06:49:31,867 [4bb754f9-31d1-4c9b-ab82-9cb241c80a35-groupManagement] INFO  server.RaftServerConfigKeys (ConfUtils.java:logGet(46)) - raft.server.log.statemachine.data.caching.enabled = true (custom)
2023-09-13 06:49:31,868 [4bb754f9-31d1-4c9b-ab82-9cb241c80a35-groupManagement] INFO  segmented.SegmentedRaftLogWorker (SegmentedRaftLogWorker.java:lambda$new$0(135)) - 4bb754f9-31d1-4c9b-ab82-9cb241c80a35@group-DB0BD11390EA-SegmentedRaftLogWorker: flushIndex: setUnconditionally 0 -> -1
2023-09-13 06:49:31,868 [4bb754f9-31d1-4c9b-ab82-9cb241c80a35-groupManagement] INFO  segmented.SegmentedRaftLogWorker (SegmentedRaftLogWorker.java:lambda$new$0(135)) - 4bb754f9-31d1-4c9b-ab82-9cb241c80a35@group-DB0BD11390EA-SegmentedRaftLogWorker: safeCacheEvictIndex: setUnconditionally 0 -> -1
2023-09-13 06:49:31,868 [4bb754f9-31d1-4c9b-ab82-9cb241c80a35-groupManagement] INFO  server.RaftServer$Division (RaftServerImpl.java:start(342)) - 4bb754f9-31d1-4c9b-ab82-9cb241c80a35@group-DB0BD11390EA: start as a follower, conf=-1: peers:[72a2b08b-a918-40a9-b5b7-0c0becce9b1d|rpc:10.1.0.17:15067|admin:10.1.0.17:15066|client:10.1.0.17:15065|dataStream:10.1.0.17:15068|priority:1|startupRole:FOLLOWER, 4bb754f9-31d1-4c9b-ab82-9cb241c80a35|rpc:10.1.0.17:15076|admin:10.1.0.17:15075|client:10.1.0.17:15074|dataStream:10.1.0.17:15077|priority:0|startupRole:FOLLOWER, caee8b76-9fb6-4477-ae87-28d408607da3|rpc:10.1.0.17:15085|admin:10.1.0.17:15084|client:10.1.0.17:15083|dataStream:10.1.0.17:15086|priority:0|startupRole:FOLLOWER]|listeners:[], old=null
2023-09-13 06:49:31,868 [4bb754f9-31d1-4c9b-ab82-9cb241c80a35-groupManagement] INFO  server.RaftServer$Division (RaftServerImpl.java:setRole(329)) - 4bb754f9-31d1-4c9b-ab82-9cb241c80a35@group-DB0BD11390EA: changes role from      null to FOLLOWER at term 0 for startAsFollower
2023-09-13 06:49:31,868 [4bb754f9-31d1-4c9b-ab82-9cb241c80a35-groupManagement] INFO  impl.RoleInfo (RoleInfo.java:updateAndGet(139)) - 4bb754f9-31d1-4c9b-ab82-9cb241c80a35: start 4bb754f9-31d1-4c9b-ab82-9cb241c80a35@group-DB0BD11390EA-FollowerState
2023-09-13 06:49:31,869 [4bb754f9-31d1-4c9b-ab82-9cb241c80a35-groupManagement] INFO  util.JmxRegister (JmxRegister.java:tryRegister(44)) - Successfully registered JMX Bean with object name Ratis:service=RaftServer,group=group-DB0BD11390EA,id=4bb754f9-31d1-4c9b-ab82-9cb241c80a35
2023-09-13 06:49:31,869 [4bb754f9-31d1-4c9b-ab82-9cb241c80a35-groupManagement] INFO  server.RaftServerConfigKeys (ConfUtils.java:logGet(46)) - raft.server.snapshot.auto.trigger.enabled = true (custom)
2023-09-13 06:49:31,869 [4bb754f9-31d1-4c9b-ab82-9cb241c80a35-groupManagement] INFO  server.RaftServerConfigKeys (ConfUtils.java:logGet(46)) - raft.server.snapshot.auto.trigger.threshold = 10000 (custom)
2023-09-13 06:49:31,869 [4bb754f9-31d1-4c9b-ab82-9cb241c80a35-groupManagement] INFO  server.RaftServerConfigKeys (ConfUtils.java:logGet(46)) - raft.server.snapshot.retention.file.num = 5 (custom)
2023-09-13 06:49:31,869 [4bb754f9-31d1-4c9b-ab82-9cb241c80a35-groupManagement] INFO  server.RaftServerConfigKeys (ConfUtils.java:logGet(46)) - raft.server.log.purge.upto.snapshot.index = false (default)
2023-09-13 06:49:31,872 [4bb754f9-31d1-4c9b-ab82-9cb241c80a35@group-DB0BD11390EA-FollowerState] INFO  server.RaftServerConfigKeys (ConfUtils.java:logFallback(53)) - raft.server.rpc.first-election.timeout.min = 5s (fallback to raft.server.rpc.timeout.min)
2023-09-13 06:49:31,872 [4bb754f9-31d1-4c9b-ab82-9cb241c80a35@group-DB0BD11390EA-FollowerState] INFO  server.RaftServerConfigKeys (ConfUtils.java:logFallback(53)) - raft.server.rpc.first-election.timeout.max = 5200ms (fallback to raft.server.rpc.timeout.max)
2023-09-13 06:49:31,895 [grpc-default-executor-6] INFO  server.RaftServer (RaftServerProxy.java:addNew(98)) - caee8b76-9fb6-4477-ae87-28d408607da3: addNew group-DB0BD11390EA:[72a2b08b-a918-40a9-b5b7-0c0becce9b1d|rpc:10.1.0.17:15067|admin:10.1.0.17:15066|client:10.1.0.17:15065|dataStream:10.1.0.17:15068|priority:1|startupRole:FOLLOWER, 4bb754f9-31d1-4c9b-ab82-9cb241c80a35|rpc:10.1.0.17:15076|admin:10.1.0.17:15075|client:10.1.0.17:15074|dataStream:10.1.0.17:15077|priority:0|startupRole:FOLLOWER, caee8b76-9fb6-4477-ae87-28d408607da3|rpc:10.1.0.17:15085|admin:10.1.0.17:15084|client:10.1.0.17:15083|dataStream:10.1.0.17:15086|priority:0|startupRole:FOLLOWER] returns group-DB0BD11390EA:java.util.concurrent.CompletableFuture@9ee17f2[Not completed]
2023-09-13 06:49:31,902 [caee8b76-9fb6-4477-ae87-28d408607da3-groupManagement] INFO  server.RaftServer$Division (RaftServerImpl.java:<init>(198)) - caee8b76-9fb6-4477-ae87-28d408607da3: new RaftServerImpl for group-DB0BD11390EA:[72a2b08b-a918-40a9-b5b7-0c0becce9b1d|rpc:10.1.0.17:15067|admin:10.1.0.17:15066|client:10.1.0.17:15065|dataStream:10.1.0.17:15068|priority:1|startupRole:FOLLOWER, 4bb754f9-31d1-4c9b-ab82-9cb241c80a35|rpc:10.1.0.17:15076|admin:10.1.0.17:15075|client:10.1.0.17:15074|dataStream:10.1.0.17:15077|priority:0|startupRole:FOLLOWER, caee8b76-9fb6-4477-ae87-28d408607da3|rpc:10.1.0.17:15085|admin:10.1.0.17:15084|client:10.1.0.17:15083|dataStream:10.1.0.17:15086|priority:0|startupRole:FOLLOWER] with ContainerStateMachine:uninitialized
2023-09-13 06:49:31,902 [caee8b76-9fb6-4477-ae87-28d408607da3-groupManagement] INFO  server.RaftServerConfigKeys (ConfUtils.java:logGet(46)) - raft.server.rpc.timeout.min = 5s (custom)
2023-09-13 06:49:31,902 [caee8b76-9fb6-4477-ae87-28d408607da3-groupManagement] INFO  server.RaftServerConfigKeys (ConfUtils.java:logGet(46)) - raft.server.rpc.timeout.max = 5200ms (custom)
2023-09-13 06:49:31,902 [caee8b76-9fb6-4477-ae87-28d408607da3-groupManagement] INFO  server.RaftServerConfigKeys (ConfUtils.java:logGet(46)) - raft.server.rpc.sleep.time = 25ms (default)
2023-09-13 06:49:31,902 [caee8b76-9fb6-4477-ae87-28d408607da3-groupManagement] INFO  server.RaftServerConfigKeys (ConfUtils.java:logGet(46)) - raft.server.rpc.slowness.timeout = 300000ms (custom)
2023-09-13 06:49:31,902 [caee8b76-9fb6-4477-ae87-28d408607da3-groupManagement] INFO  server.RaftServerConfigKeys (ConfUtils.java:logGet(46)) - raft.server.leaderelection.leader.step-down.wait-time = 10s (default)
2023-09-13 06:49:31,902 [caee8b76-9fb6-4477-ae87-28d408607da3-groupManagement] INFO  server.RaftServerConfigKeys (ConfUtils.java:logGet(46)) - raft.server.sleep.deviation.threshold = 300ms (default)
2023-09-13 06:49:31,902 [caee8b76-9fb6-4477-ae87-28d408607da3-groupManagement] INFO  server.RaftServer$Division (ServerState.java:<init>(120)) - caee8b76-9fb6-4477-ae87-28d408607da3@group-DB0BD11390EA: ConfigurationManager, init=-1: peers:[72a2b08b-a918-40a9-b5b7-0c0becce9b1d|rpc:10.1.0.17:15067|admin:10.1.0.17:15066|client:10.1.0.17:15065|dataStream:10.1.0.17:15068|priority:1|startupRole:FOLLOWER, 4bb754f9-31d1-4c9b-ab82-9cb241c80a35|rpc:10.1.0.17:15076|admin:10.1.0.17:15075|client:10.1.0.17:15074|dataStream:10.1.0.17:15077|priority:0|startupRole:FOLLOWER, caee8b76-9fb6-4477-ae87-28d408607da3|rpc:10.1.0.17:15085|admin:10.1.0.17:15084|client:10.1.0.17:15083|dataStream:10.1.0.17:15086|priority:0|startupRole:FOLLOWER]|listeners:[], old=null, confs=<EMPTY_MAP>
2023-09-13 06:49:31,902 [caee8b76-9fb6-4477-ae87-28d408607da3-groupManagement] INFO  server.RaftServerConfigKeys (ConfUtils.java:logGet(46)) - raft.server.storage.dir = [/home/runner/work/ozone/ozone/hadoop-ozone/integration-test/target/test-dir/MiniOzoneClusterImpl-af11299d-9bff-4b11-875a-a8648a114883/datanode-2/data/ratis] (custom)
2023-09-13 06:49:31,902 [caee8b76-9fb6-4477-ae87-28d408607da3-groupManagement] INFO  server.RaftServerConfigKeys (ConfUtils.java:logGet(46)) - raft.server.log.corruption.policy = EXCEPTION (default)
2023-09-13 06:49:31,902 [caee8b76-9fb6-4477-ae87-28d408607da3-groupManagement] INFO  server.RaftServerConfigKeys (ConfUtils.java:logGet(46)) - raft.server.storage.free-space.min = 0MB (=0) (default)
2023-09-13 06:49:31,903 [caee8b76-9fb6-4477-ae87-28d408607da3-groupManagement] INFO  server.RaftServerConfigKeys (ConfUtils.java:logGet(46)) - raft.server.notification.no-leader.timeout = 300000ms (custom)
2023-09-13 06:49:31,903 [caee8b76-9fb6-4477-ae87-28d408607da3-groupManagement] INFO  server.RaftServerConfigKeys (ConfUtils.java:logGet(46)) - raft.server.read.timeout = 10s (default)
2023-09-13 06:49:31,903 [caee8b76-9fb6-4477-ae87-28d408607da3-groupManagement] INFO  server.RaftServerConfigKeys (ConfUtils.java:logGet(46)) - raft.server.retrycache.expirytime = 600000ms (custom)
2023-09-13 06:49:31,903 [caee8b76-9fb6-4477-ae87-28d408607da3-groupManagement] INFO  server.RaftServerConfigKeys (ConfUtils.java:logGet(46)) - raft.server.retrycache.statistics.expirytime = 100μs (default)
2023-09-13 06:49:31,903 [caee8b76-9fb6-4477-ae87-28d408607da3-groupManagement] INFO  server.RaftServerConfigKeys (ConfUtils.java:logGet(46)) - raft.server.read.option = DEFAULT (default)
2023-09-13 06:49:31,903 [caee8b76-9fb6-4477-ae87-28d408607da3-groupManagement] INFO  server.RaftServerConfigKeys (ConfUtils.java:logGet(46)) - raft.server.rpc.request.timeout = 3000ms (default)
2023-09-13 06:49:31,904 [caee8b76-9fb6-4477-ae87-28d408607da3-groupManagement] INFO  server.RaftServerConfigKeys (ConfUtils.java:logGet(46)) - raft.server.log.appender.install.snapshot.enabled = false (custom)
2023-09-13 06:49:31,904 [caee8b76-9fb6-4477-ae87-28d408607da3-groupManagement] INFO  server.RaftServerConfigKeys (ConfUtils.java:logGet(46)) - raft.server.threadpool.server.cached = true (default)
2023-09-13 06:49:31,904 [caee8b76-9fb6-4477-ae87-28d408607da3-groupManagement] INFO  server.RaftServerConfigKeys (ConfUtils.java:logGet(46)) - raft.server.threadpool.server.size = 0 (default)
2023-09-13 06:49:31,904 [caee8b76-9fb6-4477-ae87-28d408607da3-groupManagement] INFO  server.RaftServerConfigKeys (ConfUtils.java:logGet(46)) - raft.server.threadpool.client.cached = true (default)
2023-09-13 06:49:31,904 [caee8b76-9fb6-4477-ae87-28d408607da3-groupManagement] INFO  server.RaftServerConfigKeys (ConfUtils.java:logGet(46)) - raft.server.threadpool.client.size = 0 (default)
2023-09-13 06:49:31,904 [caee8b76-9fb6-4477-ae87-28d408607da3-groupManagement] INFO  storage.RaftStorageDirectory (RaftStorageDirectoryImpl.java:analyzeStorage(137)) - The storage directory /home/runner/work/ozone/ozone/hadoop-ozone/integration-test/target/test-dir/MiniOzoneClusterImpl-af11299d-9bff-4b11-875a-a8648a114883/datanode-2/data/ratis/e4ae056a-eecf-4e0f-bfc6-db0bd11390ea does not exist. Creating ...
2023-09-13 06:49:31,916 [caee8b76-9fb6-4477-ae87-28d408607da3-groupManagement] INFO  storage.RaftStorageDirectory (RaftStorageDirectoryImpl.java:tryLock(231)) - Lock on /home/runner/work/ozone/ozone/hadoop-ozone/integration-test/target/test-dir/MiniOzoneClusterImpl-af11299d-9bff-4b11-875a-a8648a114883/datanode-2/data/ratis/e4ae056a-eecf-4e0f-bfc6-db0bd11390ea/in_use.lock acquired by nodename 3839@fv-az460-410
2023-09-13 06:49:31,918 [caee8b76-9fb6-4477-ae87-28d408607da3-groupManagement] INFO  storage.RaftStorage (RaftStorageImpl.java:format(96)) - Storage directory /home/runner/work/ozone/ozone/hadoop-ozone/integration-test/target/test-dir/MiniOzoneClusterImpl-af11299d-9bff-4b11-875a-a8648a114883/datanode-2/data/ratis/e4ae056a-eecf-4e0f-bfc6-db0bd11390ea has been successfully formatted.
2023-09-13 06:49:31,923 [caee8b76-9fb6-4477-ae87-28d408607da3-groupManagement] INFO  ratis.ContainerStateMachine (ContainerStateMachine.java:loadSnapshot(262)) - group-DB0BD11390EA: The snapshot info is null. Setting the last applied indexto:(t:0, i:~)
2023-09-13 06:49:31,923 [caee8b76-9fb6-4477-ae87-28d408607da3-groupManagement] INFO  server.RaftServerConfigKeys (ConfUtils.java:logGet(46)) - raft.server.log.use.memory = false (default)
2023-09-13 06:49:31,923 [caee8b76-9fb6-4477-ae87-28d408607da3-groupManagement] INFO  server.RaftServerConfigKeys (ConfUtils.java:logGet(46)) - raft.server.log.purge.gap = 1000000 (custom)
2023-09-13 06:49:31,924 [caee8b76-9fb6-4477-ae87-28d408607da3-groupManagement] INFO  server.RaftServerConfigKeys (ConfUtils.java:logGet(46)) - raft.server.log.appender.buffer.byte-limit = 33554432 (custom)
2023-09-13 06:49:31,924 [caee8b76-9fb6-4477-ae87-28d408607da3-groupManagement] INFO  server.RaftServerConfigKeys (ConfUtils.java:logGet(46)) - raft.server.log.statemachine.data.read.timeout = 1000ms (default)
2023-09-13 06:49:31,924 [caee8b76-9fb6-4477-ae87-28d408607da3-groupManagement] INFO  server.RaftServerConfigKeys (ConfUtils.java:logGet(46)) - raft.server.log.purge.preservation.log.num = 0 (default)
2023-09-13 06:49:31,924 [caee8b76-9fb6-4477-ae87-28d408607da3-groupManagement] INFO  server.RaftServerConfigKeys (ConfUtils.java:logGet(46)) - raft.server.log.segment.size.max = 1048576 (custom)
2023-09-13 06:49:31,924 [caee8b76-9fb6-4477-ae87-28d408607da3-groupManagement] INFO  server.RaftServerConfigKeys (ConfUtils.java:logGet(46)) - raft.server.log.segment.cache.num.max = 2 (custom)
2023-09-13 06:49:31,924 [caee8b76-9fb6-4477-ae87-28d408607da3-groupManagement] INFO  server.RaftServerConfigKeys (ConfUtils.java:logGet(46)) - raft.server.log.segment.cache.size.max = 200MB (=209715200) (default)
2023-09-13 06:49:31,924 [caee8b76-9fb6-4477-ae87-28d408607da3-groupManagement] INFO  server.RaftServerConfigKeys (ConfUtils.java:logGet(46)) - raft.server.log.appender.buffer.byte-limit = 33554432 (custom)
2023-09-13 06:49:31,924 [caee8b76-9fb6-4477-ae87-28d408607da3-groupManagement] INFO  segmented.SegmentedRaftLogWorker (SegmentedRaftLogWorker.java:<init>(188)) - new caee8b76-9fb6-4477-ae87-28d408607da3@group-DB0BD11390EA-SegmentedRaftLogWorker for RaftStorageImpl:Storage Directory /home/runner/work/ozone/ozone/hadoop-ozone/integration-test/target/test-dir/MiniOzoneClusterImpl-af11299d-9bff-4b11-875a-a8648a114883/datanode-2/data/ratis/e4ae056a-eecf-4e0f-bfc6-db0bd11390ea
2023-09-13 06:49:31,924 [caee8b76-9fb6-4477-ae87-28d408607da3-groupManagement] INFO  server.RaftServerConfigKeys (ConfUtils.java:logGet(46)) - raft.server.log.queue.byte-limit = 4294967296 (custom)
2023-09-13 06:49:31,924 [caee8b76-9fb6-4477-ae87-28d408607da3-groupManagement] INFO  server.RaftServerConfigKeys (ConfUtils.java:logGet(46)) - raft.server.log.queue.element-limit = 1024 (custom)
2023-09-13 06:49:31,924 [caee8b76-9fb6-4477-ae87-28d408607da3-groupManagement] INFO  server.RaftServerConfigKeys (ConfUtils.java:logGet(46)) - raft.server.log.segment.size.max = 1048576 (custom)
2023-09-13 06:49:31,924 [caee8b76-9fb6-4477-ae87-28d408607da3-groupManagement] INFO  server.RaftServerConfigKeys (ConfUtils.java:logGet(46)) - raft.server.log.preallocated.size = 16384 (custom)
2023-09-13 06:49:31,925 [caee8b76-9fb6-4477-ae87-28d408607da3-groupManagement] INFO  server.RaftServerConfigKeys (ConfUtils.java:logGet(46)) - raft.server.log.force.sync.num = 128 (default)
2023-09-13 06:49:31,925 [caee8b76-9fb6-4477-ae87-28d408607da3-groupManagement] INFO  server.RaftServerConfigKeys (ConfUtils.java:logGet(46)) - raft.server.log.statemachine.data.sync = true (default)
2023-09-13 06:49:31,925 [caee8b76-9fb6-4477-ae87-28d408607da3-groupManagement] INFO  server.RaftServerConfigKeys (ConfUtils.java:logGet(46)) - raft.server.log.statemachine.data.sync.timeout = 10s (default)
2023-09-13 06:49:31,925 [caee8b76-9fb6-4477-ae87-28d408607da3-groupManagement] INFO  server.RaftServerConfigKeys (ConfUtils.java:logGet(46)) - raft.server.log.statemachine.data.sync.timeout.retry = -1 (default)
2023-09-13 06:49:31,925 [caee8b76-9fb6-4477-ae87-28d408607da3-groupManagement] INFO  server.RaftServerConfigKeys (ConfUtils.java:logGet(46)) - raft.server.log.write.buffer.size = 1048576 (custom)
2023-09-13 06:49:31,926 [caee8b76-9fb6-4477-ae87-28d408607da3-groupManagement] INFO  server.RaftServerConfigKeys (ConfUtils.java:logGet(46)) - raft.server.log.appender.buffer.byte-limit = 33554432 (custom)
2023-09-13 06:49:31,931 [caee8b76-9fb6-4477-ae87-28d408607da3-groupManagement] INFO  server.RaftServerConfigKeys (ConfUtils.java:logGet(46)) - raft.server.log.unsafe-flush.enabled = false (default)
2023-09-13 06:49:31,931 [caee8b76-9fb6-4477-ae87-28d408607da3-groupManagement] INFO  server.RaftServerConfigKeys (ConfUtils.java:logGet(46)) - raft.server.log.async-flush.enabled = false (default)
2023-09-13 06:49:31,931 [caee8b76-9fb6-4477-ae87-28d408607da3-groupManagement] INFO  server.RaftServerConfigKeys (ConfUtils.java:logGet(46)) - raft.server.log.statemachine.data.caching.enabled = true (custom)
2023-09-13 06:49:31,931 [caee8b76-9fb6-4477-ae87-28d408607da3-groupManagement] INFO  segmented.SegmentedRaftLogWorker (SegmentedRaftLogWorker.java:lambda$new$0(135)) - caee8b76-9fb6-4477-ae87-28d408607da3@group-DB0BD11390EA-SegmentedRaftLogWorker: flushIndex: setUnconditionally 0 -> -1
2023-09-13 06:49:31,931 [caee8b76-9fb6-4477-ae87-28d408607da3-groupManagement] INFO  segmented.SegmentedRaftLogWorker (SegmentedRaftLogWorker.java:lambda$new$0(135)) - caee8b76-9fb6-4477-ae87-28d408607da3@group-DB0BD11390EA-SegmentedRaftLogWorker: safeCacheEvictIndex: setUnconditionally 0 -> -1
2023-09-13 06:49:31,932 [caee8b76-9fb6-4477-ae87-28d408607da3-groupManagement] INFO  server.RaftServer$Division (RaftServerImpl.java:start(342)) - caee8b76-9fb6-4477-ae87-28d408607da3@group-DB0BD11390EA: start as a follower, conf=-1: peers:[72a2b08b-a918-40a9-b5b7-0c0becce9b1d|rpc:10.1.0.17:15067|admin:10.1.0.17:15066|client:10.1.0.17:15065|dataStream:10.1.0.17:15068|priority:1|startupRole:FOLLOWER, 4bb754f9-31d1-4c9b-ab82-9cb241c80a35|rpc:10.1.0.17:15076|admin:10.1.0.17:15075|client:10.1.0.17:15074|dataStream:10.1.0.17:15077|priority:0|startupRole:FOLLOWER, caee8b76-9fb6-4477-ae87-28d408607da3|rpc:10.1.0.17:15085|admin:10.1.0.17:15084|client:10.1.0.17:15083|dataStream:10.1.0.17:15086|priority:0|startupRole:FOLLOWER]|listeners:[], old=null
2023-09-13 06:49:31,932 [caee8b76-9fb6-4477-ae87-28d408607da3-groupManagement] INFO  server.RaftServer$Division (RaftServerImpl.java:setRole(329)) - caee8b76-9fb6-4477-ae87-28d408607da3@group-DB0BD11390EA: changes role from      null to FOLLOWER at term 0 for startAsFollower
2023-09-13 06:49:31,932 [caee8b76-9fb6-4477-ae87-28d408607da3-groupManagement] INFO  impl.RoleInfo (RoleInfo.java:updateAndGet(139)) - caee8b76-9fb6-4477-ae87-28d408607da3: start caee8b76-9fb6-4477-ae87-28d408607da3@group-DB0BD11390EA-FollowerState
2023-09-13 06:49:31,933 [caee8b76-9fb6-4477-ae87-28d408607da3-groupManagement] INFO  util.JmxRegister (JmxRegister.java:tryRegister(44)) - Successfully registered JMX Bean with object name Ratis:service=RaftServer,group=group-DB0BD11390EA,id=caee8b76-9fb6-4477-ae87-28d408607da3
2023-09-13 06:49:31,933 [caee8b76-9fb6-4477-ae87-28d408607da3-groupManagement] INFO  server.RaftServerConfigKeys (ConfUtils.java:logGet(46)) - raft.server.snapshot.auto.trigger.enabled = true (custom)
2023-09-13 06:49:31,933 [caee8b76-9fb6-4477-ae87-28d408607da3-groupManagement] INFO  server.RaftServerConfigKeys (ConfUtils.java:logGet(46)) - raft.server.snapshot.auto.trigger.threshold = 10000 (custom)
2023-09-13 06:49:31,933 [caee8b76-9fb6-4477-ae87-28d408607da3-groupManagement] INFO  server.RaftServerConfigKeys (ConfUtils.java:logGet(46)) - raft.server.snapshot.retention.file.num = 5 (custom)
2023-09-13 06:49:31,933 [caee8b76-9fb6-4477-ae87-28d408607da3-groupManagement] INFO  server.RaftServerConfigKeys (ConfUtils.java:logGet(46)) - raft.server.log.purge.upto.snapshot.index = false (default)
2023-09-13 06:49:31,934 [caee8b76-9fb6-4477-ae87-28d408607da3@group-DB0BD11390EA-FollowerState] INFO  server.RaftServerConfigKeys (ConfUtils.java:logFallback(53)) - raft.server.rpc.first-election.timeout.min = 5s (fallback to raft.server.rpc.timeout.min)
2023-09-13 06:49:31,934 [caee8b76-9fb6-4477-ae87-28d408607da3@group-DB0BD11390EA-FollowerState] INFO  server.RaftServerConfigKeys (ConfUtils.java:logFallback(53)) - raft.server.rpc.first-election.timeout.max = 5200ms (fallback to raft.server.rpc.timeout.max)
2023-09-13 06:49:31,949 [PipelineCommandHandlerThread-0] INFO  commandhandler.CreatePipelineCommandHandler (CreatePipelineCommandHandler.java:lambda$handle$2(124)) - Created Pipeline RATIS THREE PipelineID=e4ae056a-eecf-4e0f-bfc6-db0bd11390ea.
2023-09-13 06:49:31,949 [PipelineCommandHandlerThread-0] INFO  server.RaftServer (RaftServerProxy.java:addNew(98)) - 72a2b08b-a918-40a9-b5b7-0c0becce9b1d: addNew group-964DC44F96A8:[72a2b08b-a918-40a9-b5b7-0c0becce9b1d|rpc:10.1.0.17:15067|admin:10.1.0.17:15066|client:10.1.0.17:15065|dataStream:10.1.0.17:15068|priority:0|startupRole:FOLLOWER, caee8b76-9fb6-4477-ae87-28d408607da3|rpc:10.1.0.17:15085|admin:10.1.0.17:15084|client:10.1.0.17:15083|dataStream:10.1.0.17:15086|priority:1|startupRole:FOLLOWER, 4bb754f9-31d1-4c9b-ab82-9cb241c80a35|rpc:10.1.0.17:15076|admin:10.1.0.17:15075|client:10.1.0.17:15074|dataStream:10.1.0.17:15077|priority:0|startupRole:FOLLOWER] returns group-964DC44F96A8:java.util.concurrent.CompletableFuture@1ceab24c[Not completed]
2023-09-13 06:49:31,950 [72a2b08b-a918-40a9-b5b7-0c0becce9b1d-groupManagement] INFO  server.RaftServer$Division (RaftServerImpl.java:<init>(198)) - 72a2b08b-a918-40a9-b5b7-0c0becce9b1d: new RaftServerImpl for group-964DC44F96A8:[72a2b08b-a918-40a9-b5b7-0c0becce9b1d|rpc:10.1.0.17:15067|admin:10.1.0.17:15066|client:10.1.0.17:15065|dataStream:10.1.0.17:15068|priority:0|startupRole:FOLLOWER, caee8b76-9fb6-4477-ae87-28d408607da3|rpc:10.1.0.17:15085|admin:10.1.0.17:15084|client:10.1.0.17:15083|dataStream:10.1.0.17:15086|priority:1|startupRole:FOLLOWER, 4bb754f9-31d1-4c9b-ab82-9cb241c80a35|rpc:10.1.0.17:15076|admin:10.1.0.17:15075|client:10.1.0.17:15074|dataStream:10.1.0.17:15077|priority:0|startupRole:FOLLOWER] with ContainerStateMachine:uninitialized
2023-09-13 06:49:31,950 [72a2b08b-a918-40a9-b5b7-0c0becce9b1d-groupManagement] INFO  server.RaftServerConfigKeys (ConfUtils.java:logGet(46)) - raft.server.rpc.timeout.min = 5s (custom)
2023-09-13 06:49:31,950 [72a2b08b-a918-40a9-b5b7-0c0becce9b1d-groupManagement] INFO  server.RaftServerConfigKeys (ConfUtils.java:logGet(46)) - raft.server.rpc.timeout.max = 5200ms (custom)
2023-09-13 06:49:31,950 [72a2b08b-a918-40a9-b5b7-0c0becce9b1d-groupManagement] INFO  server.RaftServerConfigKeys (ConfUtils.java:logGet(46)) - raft.server.rpc.sleep.time = 25ms (default)
2023-09-13 06:49:31,950 [72a2b08b-a918-40a9-b5b7-0c0becce9b1d-groupManagement] INFO  server.RaftServerConfigKeys (ConfUtils.java:logGet(46)) - raft.server.rpc.slowness.timeout = 300000ms (custom)
2023-09-13 06:49:31,950 [72a2b08b-a918-40a9-b5b7-0c0becce9b1d-groupManagement] INFO  server.RaftServerConfigKeys (ConfUtils.java:logGet(46)) - raft.server.leaderelection.leader.step-down.wait-time = 10s (default)
2023-09-13 06:49:31,950 [72a2b08b-a918-40a9-b5b7-0c0becce9b1d-groupManagement] INFO  server.RaftServerConfigKeys (ConfUtils.java:logGet(46)) - raft.server.sleep.deviation.threshold = 300ms (default)
2023-09-13 06:49:31,950 [72a2b08b-a918-40a9-b5b7-0c0becce9b1d-groupManagement] INFO  server.RaftServer$Division (ServerState.java:<init>(120)) - 72a2b08b-a918-40a9-b5b7-0c0becce9b1d@group-964DC44F96A8: ConfigurationManager, init=-1: peers:[72a2b08b-a918-40a9-b5b7-0c0becce9b1d|rpc:10.1.0.17:15067|admin:10.1.0.17:15066|client:10.1.0.17:15065|dataStream:10.1.0.17:15068|priority:0|startupRole:FOLLOWER, caee8b76-9fb6-4477-ae87-28d408607da3|rpc:10.1.0.17:15085|admin:10.1.0.17:15084|client:10.1.0.17:15083|dataStream:10.1.0.17:15086|priority:1|startupRole:FOLLOWER, 4bb754f9-31d1-4c9b-ab82-9cb241c80a35|rpc:10.1.0.17:15076|admin:10.1.0.17:15075|client:10.1.0.17:15074|dataStream:10.1.0.17:15077|priority:0|startupRole:FOLLOWER]|listeners:[], old=null, confs=<EMPTY_MAP>
2023-09-13 06:49:31,951 [72a2b08b-a918-40a9-b5b7-0c0becce9b1d-groupManagement] INFO  server.RaftServerConfigKeys (ConfUtils.java:logGet(46)) - raft.server.storage.dir = [/home/runner/work/ozone/ozone/hadoop-ozone/integration-test/target/test-dir/MiniOzoneClusterImpl-af11299d-9bff-4b11-875a-a8648a114883/datanode-0/data/ratis] (custom)
2023-09-13 06:49:31,951 [72a2b08b-a918-40a9-b5b7-0c0becce9b1d-groupManagement] INFO  server.RaftServerConfigKeys (ConfUtils.java:logGet(46)) - raft.server.log.corruption.policy = EXCEPTION (default)
2023-09-13 06:49:31,951 [72a2b08b-a918-40a9-b5b7-0c0becce9b1d-groupManagement] INFO  server.RaftServerConfigKeys (ConfUtils.java:logGet(46)) - raft.server.storage.free-space.min = 0MB (=0) (default)
2023-09-13 06:49:31,951 [72a2b08b-a918-40a9-b5b7-0c0becce9b1d-groupManagement] INFO  server.RaftServerConfigKeys (ConfUtils.java:logGet(46)) - raft.server.notification.no-leader.timeout = 300000ms (custom)
2023-09-13 06:49:31,951 [72a2b08b-a918-40a9-b5b7-0c0becce9b1d-groupManagement] INFO  server.RaftServerConfigKeys (ConfUtils.java:logGet(46)) - raft.server.read.timeout = 10s (default)
2023-09-13 06:49:31,951 [72a2b08b-a918-40a9-b5b7-0c0becce9b1d-groupManagement] INFO  server.RaftServerConfigKeys (ConfUtils.java:logGet(46)) - raft.server.retrycache.expirytime = 600000ms (custom)
2023-09-13 06:49:31,951 [72a2b08b-a918-40a9-b5b7-0c0becce9b1d-groupManagement] INFO  server.RaftServerConfigKeys (ConfUtils.java:logGet(46)) - raft.server.retrycache.statistics.expirytime = 100μs (default)
2023-09-13 06:49:31,951 [72a2b08b-a918-40a9-b5b7-0c0becce9b1d-groupManagement] INFO  server.RaftServerConfigKeys (ConfUtils.java:logGet(46)) - raft.server.read.option = DEFAULT (default)
2023-09-13 06:49:31,954 [72a2b08b-a918-40a9-b5b7-0c0becce9b1d-groupManagement] INFO  server.RaftServerConfigKeys (ConfUtils.java:logGet(46)) - raft.server.rpc.request.timeout = 3000ms (default)
2023-09-13 06:49:31,954 [72a2b08b-a918-40a9-b5b7-0c0becce9b1d-groupManagement] INFO  server.RaftServerConfigKeys (ConfUtils.java:logGet(46)) - raft.server.log.appender.install.snapshot.enabled = false (custom)
2023-09-13 06:49:31,954 [72a2b08b-a918-40a9-b5b7-0c0becce9b1d-groupManagement] INFO  server.RaftServerConfigKeys (ConfUtils.java:logGet(46)) - raft.server.threadpool.server.cached = true (default)
2023-09-13 06:49:31,954 [72a2b08b-a918-40a9-b5b7-0c0becce9b1d-groupManagement] INFO  server.RaftServerConfigKeys (ConfUtils.java:logGet(46)) - raft.server.threadpool.server.size = 0 (default)
2023-09-13 06:49:31,954 [72a2b08b-a918-40a9-b5b7-0c0becce9b1d-groupManagement] INFO  server.RaftServerConfigKeys (ConfUtils.java:logGet(46)) - raft.server.threadpool.client.cached = true (default)
2023-09-13 06:49:31,954 [72a2b08b-a918-40a9-b5b7-0c0becce9b1d-groupManagement] INFO  server.RaftServerConfigKeys (ConfUtils.java:logGet(46)) - raft.server.threadpool.client.size = 0 (default)
2023-09-13 06:49:31,955 [72a2b08b-a918-40a9-b5b7-0c0becce9b1d-groupManagement] INFO  storage.RaftStorageDirectory (RaftStorageDirectoryImpl.java:analyzeStorage(137)) - The storage directory /home/runner/work/ozone/ozone/hadoop-ozone/integration-test/target/test-dir/MiniOzoneClusterImpl-af11299d-9bff-4b11-875a-a8648a114883/datanode-0/data/ratis/bb94ab7c-fc39-4e11-bc3d-964dc44f96a8 does not exist. Creating ...
2023-09-13 06:49:31,957 [72a2b08b-a918-40a9-b5b7-0c0becce9b1d-groupManagement] INFO  storage.RaftStorageDirectory (RaftStorageDirectoryImpl.java:tryLock(231)) - Lock on /home/runner/work/ozone/ozone/hadoop-ozone/integration-test/target/test-dir/MiniOzoneClusterImpl-af11299d-9bff-4b11-875a-a8648a114883/datanode-0/data/ratis/bb94ab7c-fc39-4e11-bc3d-964dc44f96a8/in_use.lock acquired by nodename 3839@fv-az460-410
2023-09-13 06:49:31,959 [72a2b08b-a918-40a9-b5b7-0c0becce9b1d-groupManagement] INFO  storage.RaftStorage (RaftStorageImpl.java:format(96)) - Storage directory /home/runner/work/ozone/ozone/hadoop-ozone/integration-test/target/test-dir/MiniOzoneClusterImpl-af11299d-9bff-4b11-875a-a8648a114883/datanode-0/data/ratis/bb94ab7c-fc39-4e11-bc3d-964dc44f96a8 has been successfully formatted.
2023-09-13 06:49:31,960 [72a2b08b-a918-40a9-b5b7-0c0becce9b1d-groupManagement] INFO  ratis.ContainerStateMachine (ContainerStateMachine.java:loadSnapshot(262)) - group-964DC44F96A8: The snapshot info is null. Setting the last applied indexto:(t:0, i:~)
2023-09-13 06:49:31,961 [EventQueue-OpenPipelineForHealthyPipelineSafeModeRule] INFO  safemode.SCMSafeModeManager (HealthyPipelineSafeModeRule.java:process(137)) - SCM in safe mode. Healthy pipelines reported count is 0, required healthy pipeline reported count is 1
2023-09-13 06:49:31,962 [72a2b08b-a918-40a9-b5b7-0c0becce9b1d-groupManagement] INFO  server.RaftServerConfigKeys (ConfUtils.java:logGet(46)) - raft.server.log.use.memory = false (default)
2023-09-13 06:49:31,962 [72a2b08b-a918-40a9-b5b7-0c0becce9b1d-groupManagement] INFO  server.RaftServerConfigKeys (ConfUtils.java:logGet(46)) - raft.server.log.purge.gap = 1000000 (custom)
2023-09-13 06:49:31,962 [72a2b08b-a918-40a9-b5b7-0c0becce9b1d-groupManagement] INFO  server.RaftServerConfigKeys (ConfUtils.java:logGet(46)) - raft.server.log.appender.buffer.byte-limit = 33554432 (custom)
2023-09-13 06:49:31,962 [72a2b08b-a918-40a9-b5b7-0c0becce9b1d-groupManagement] INFO  server.RaftServerConfigKeys (ConfUtils.java:logGet(46)) - raft.server.log.statemachine.data.read.timeout = 1000ms (default)
2023-09-13 06:49:31,963 [72a2b08b-a918-40a9-b5b7-0c0becce9b1d-groupManagement] INFO  server.RaftServerConfigKeys (ConfUtils.java:logGet(46)) - raft.server.log.purge.preservation.log.num = 0 (default)
2023-09-13 06:49:31,963 [72a2b08b-a918-40a9-b5b7-0c0becce9b1d-groupManagement] INFO  server.RaftServerConfigKeys (ConfUtils.java:logGet(46)) - raft.server.log.segment.size.max = 1048576 (custom)
2023-09-13 06:49:31,963 [72a2b08b-a918-40a9-b5b7-0c0becce9b1d-groupManagement] INFO  server.RaftServerConfigKeys (ConfUtils.java:logGet(46)) - raft.server.log.segment.cache.num.max = 2 (custom)
2023-09-13 06:49:31,963 [72a2b08b-a918-40a9-b5b7-0c0becce9b1d-groupManagement] INFO  server.RaftServerConfigKeys (ConfUtils.java:logGet(46)) - raft.server.log.segment.cache.size.max = 200MB (=209715200) (default)
2023-09-13 06:49:31,963 [72a2b08b-a918-40a9-b5b7-0c0becce9b1d-groupManagement] INFO  server.RaftServerConfigKeys (ConfUtils.java:logGet(46)) - raft.server.log.appender.buffer.byte-limit = 33554432 (custom)
2023-09-13 06:49:31,963 [72a2b08b-a918-40a9-b5b7-0c0becce9b1d-groupManagement] INFO  segmented.SegmentedRaftLogWorker (SegmentedRaftLogWorker.java:<init>(188)) - new 72a2b08b-a918-40a9-b5b7-0c0becce9b1d@group-964DC44F96A8-SegmentedRaftLogWorker for RaftStorageImpl:Storage Directory /home/runner/work/ozone/ozone/hadoop-ozone/integration-test/target/test-dir/MiniOzoneClusterImpl-af11299d-9bff-4b11-875a-a8648a114883/datanode-0/data/ratis/bb94ab7c-fc39-4e11-bc3d-964dc44f96a8
2023-09-13 06:49:31,963 [72a2b08b-a918-40a9-b5b7-0c0becce9b1d-groupManagement] INFO  server.RaftServerConfigKeys (ConfUtils.java:logGet(46)) - raft.server.log.queue.byte-limit = 4294967296 (custom)
2023-09-13 06:49:31,963 [72a2b08b-a918-40a9-b5b7-0c0becce9b1d-groupManagement] INFO  server.RaftServerConfigKeys (ConfUtils.java:logGet(46)) - raft.server.log.queue.element-limit = 1024 (custom)
2023-09-13 06:49:31,963 [72a2b08b-a918-40a9-b5b7-0c0becce9b1d-groupManagement] INFO  server.RaftServerConfigKeys (ConfUtils.java:logGet(46)) - raft.server.log.segment.size.max = 1048576 (custom)
2023-09-13 06:49:31,963 [72a2b08b-a918-40a9-b5b7-0c0becce9b1d-groupManagement] INFO  server.RaftServerConfigKeys (ConfUtils.java:logGet(46)) - raft.server.log.preallocated.size = 16384 (custom)
2023-09-13 06:49:31,964 [72a2b08b-a918-40a9-b5b7-0c0becce9b1d-groupManagement] INFO  server.RaftServerConfigKeys (ConfUtils.java:logGet(46)) - raft.server.log.force.sync.num = 128 (default)
2023-09-13 06:49:31,964 [72a2b08b-a918-40a9-b5b7-0c0becce9b1d-groupManagement] INFO  server.RaftServerConfigKeys (ConfUtils.java:logGet(46)) - raft.server.log.statemachine.data.sync = true (default)
2023-09-13 06:49:31,964 [72a2b08b-a918-40a9-b5b7-0c0becce9b1d-groupManagement] INFO  server.RaftServerConfigKeys (ConfUtils.java:logGet(46)) - raft.server.log.statemachine.data.sync.timeout = 10s (default)
2023-09-13 06:49:31,964 [72a2b08b-a918-40a9-b5b7-0c0becce9b1d-groupManagement] INFO  server.RaftServerConfigKeys (ConfUtils.java:logGet(46)) - raft.server.log.statemachine.data.sync.timeout.retry = -1 (default)
2023-09-13 06:49:31,964 [72a2b08b-a918-40a9-b5b7-0c0becce9b1d-groupManagement] INFO  server.RaftServerConfigKeys (ConfUtils.java:logGet(46)) - raft.server.log.write.buffer.size = 1048576 (custom)
2023-09-13 06:49:31,966 [72a2b08b-a918-40a9-b5b7-0c0becce9b1d-groupManagement] INFO  server.RaftServerConfigKeys (ConfUtils.java:logGet(46)) - raft.server.log.appender.buffer.byte-limit = 33554432 (custom)
2023-09-13 06:49:31,975 [72a2b08b-a918-40a9-b5b7-0c0becce9b1d-groupManagement] INFO  server.RaftServerConfigKeys (ConfUtils.java:logGet(46)) - raft.server.log.unsafe-flush.enabled = false (default)
2023-09-13 06:49:31,975 [72a2b08b-a918-40a9-b5b7-0c0becce9b1d-groupManagement] INFO  server.RaftServerConfigKeys (ConfUtils.java:logGet(46)) - raft.server.log.async-flush.enabled = false (default)
2023-09-13 06:49:31,975 [72a2b08b-a918-40a9-b5b7-0c0becce9b1d-groupManagement] INFO  server.RaftServerConfigKeys (ConfUtils.java:logGet(46)) - raft.server.log.statemachine.data.caching.enabled = true (custom)
2023-09-13 06:49:31,975 [72a2b08b-a918-40a9-b5b7-0c0becce9b1d-groupManagement] INFO  segmented.SegmentedRaftLogWorker (SegmentedRaftLogWorker.java:lambda$new$0(135)) - 72a2b08b-a918-40a9-b5b7-0c0becce9b1d@group-964DC44F96A8-SegmentedRaftLogWorker: flushIndex: setUnconditionally 0 -> -1
2023-09-13 06:49:31,975 [72a2b08b-a918-40a9-b5b7-0c0becce9b1d-groupManagement] INFO  segmented.SegmentedRaftLogWorker (SegmentedRaftLogWorker.java:lambda$new$0(135)) - 72a2b08b-a918-40a9-b5b7-0c0becce9b1d@group-964DC44F96A8-SegmentedRaftLogWorker: safeCacheEvictIndex: setUnconditionally 0 -> -1
2023-09-13 06:49:31,975 [72a2b08b-a918-40a9-b5b7-0c0becce9b1d-groupManagement] INFO  server.RaftServer$Division (RaftServerImpl.java:start(342)) - 72a2b08b-a918-40a9-b5b7-0c0becce9b1d@group-964DC44F96A8: start as a follower, conf=-1: peers:[72a2b08b-a918-40a9-b5b7-0c0becce9b1d|rpc:10.1.0.17:15067|admin:10.1.0.17:15066|client:10.1.0.17:15065|dataStream:10.1.0.17:15068|priority:0|startupRole:FOLLOWER, caee8b76-9fb6-4477-ae87-28d408607da3|rpc:10.1.0.17:15085|admin:10.1.0.17:15084|client:10.1.0.17:15083|dataStream:10.1.0.17:15086|priority:1|startupRole:FOLLOWER, 4bb754f9-31d1-4c9b-ab82-9cb241c80a35|rpc:10.1.0.17:15076|admin:10.1.0.17:15075|client:10.1.0.17:15074|dataStream:10.1.0.17:15077|priority:0|startupRole:FOLLOWER]|listeners:[], old=null
2023-09-13 06:49:31,975 [72a2b08b-a918-40a9-b5b7-0c0becce9b1d-groupManagement] INFO  server.RaftServer$Division (RaftServerImpl.java:setRole(329)) - 72a2b08b-a918-40a9-b5b7-0c0becce9b1d@group-964DC44F96A8: changes role from      null to FOLLOWER at term 0 for startAsFollower
2023-09-13 06:49:31,975 [72a2b08b-a918-40a9-b5b7-0c0becce9b1d-groupManagement] INFO  impl.RoleInfo (RoleInfo.java:updateAndGet(139)) - 72a2b08b-a918-40a9-b5b7-0c0becce9b1d: start 72a2b08b-a918-40a9-b5b7-0c0becce9b1d@group-964DC44F96A8-FollowerState
2023-09-13 06:49:31,976 [72a2b08b-a918-40a9-b5b7-0c0becce9b1d-groupManagement] INFO  util.JmxRegister (JmxRegister.java:tryRegister(44)) - Successfully registered JMX Bean with object name Ratis:service=RaftServer,group=group-964DC44F96A8,id=72a2b08b-a918-40a9-b5b7-0c0becce9b1d
2023-09-13 06:49:31,976 [72a2b08b-a918-40a9-b5b7-0c0becce9b1d-groupManagement] INFO  server.RaftServerConfigKeys (ConfUtils.java:logGet(46)) - raft.server.snapshot.auto.trigger.enabled = true (custom)
2023-09-13 06:49:31,976 [72a2b08b-a918-40a9-b5b7-0c0becce9b1d-groupManagement] INFO  server.RaftServerConfigKeys (ConfUtils.java:logGet(46)) - raft.server.snapshot.auto.trigger.threshold = 10000 (custom)
2023-09-13 06:49:31,976 [72a2b08b-a918-40a9-b5b7-0c0becce9b1d-groupManagement] INFO  server.RaftServerConfigKeys (ConfUtils.java:logGet(46)) - raft.server.snapshot.retention.file.num = 5 (custom)
2023-09-13 06:49:31,976 [72a2b08b-a918-40a9-b5b7-0c0becce9b1d-groupManagement] INFO  server.RaftServerConfigKeys (ConfUtils.java:logGet(46)) - raft.server.log.purge.upto.snapshot.index = false (default)
2023-09-13 06:49:31,977 [72a2b08b-a918-40a9-b5b7-0c0becce9b1d@group-964DC44F96A8-FollowerState] INFO  server.RaftServerConfigKeys (ConfUtils.java:logFallback(53)) - raft.server.rpc.first-election.timeout.min = 5s (fallback to raft.server.rpc.timeout.min)
2023-09-13 06:49:31,977 [72a2b08b-a918-40a9-b5b7-0c0becce9b1d@group-964DC44F96A8-FollowerState] INFO  server.RaftServerConfigKeys (ConfUtils.java:logFallback(53)) - raft.server.rpc.first-election.timeout.max = 5200ms (fallback to raft.server.rpc.timeout.max)
2023-09-13 06:49:31,982 [PipelineCommandHandlerThread-0] INFO  ratis.XceiverServerRatis (XceiverServerRatis.java:addGroup(804)) - Created group PipelineID=bb94ab7c-fc39-4e11-bc3d-964dc44f96a8
2023-09-13 06:49:32,010 [grpc-default-executor-6] INFO  server.RaftServer (RaftServerProxy.java:addNew(98)) - caee8b76-9fb6-4477-ae87-28d408607da3: addNew group-964DC44F96A8:[72a2b08b-a918-40a9-b5b7-0c0becce9b1d|rpc:10.1.0.17:15067|admin:10.1.0.17:15066|client:10.1.0.17:15065|dataStream:10.1.0.17:15068|priority:0|startupRole:FOLLOWER, caee8b76-9fb6-4477-ae87-28d408607da3|rpc:10.1.0.17:15085|admin:10.1.0.17:15084|client:10.1.0.17:15083|dataStream:10.1.0.17:15086|priority:1|startupRole:FOLLOWER, 4bb754f9-31d1-4c9b-ab82-9cb241c80a35|rpc:10.1.0.17:15076|admin:10.1.0.17:15075|client:10.1.0.17:15074|dataStream:10.1.0.17:15077|priority:0|startupRole:FOLLOWER] returns group-964DC44F96A8:java.util.concurrent.CompletableFuture@43fafd1c[Not completed]
2023-09-13 06:49:32,012 [caee8b76-9fb6-4477-ae87-28d408607da3-groupManagement] INFO  server.RaftServer$Division (RaftServerImpl.java:<init>(198)) - caee8b76-9fb6-4477-ae87-28d408607da3: new RaftServerImpl for group-964DC44F96A8:[72a2b08b-a918-40a9-b5b7-0c0becce9b1d|rpc:10.1.0.17:15067|admin:10.1.0.17:15066|client:10.1.0.17:15065|dataStream:10.1.0.17:15068|priority:0|startupRole:FOLLOWER, caee8b76-9fb6-4477-ae87-28d408607da3|rpc:10.1.0.17:15085|admin:10.1.0.17:15084|client:10.1.0.17:15083|dataStream:10.1.0.17:15086|priority:1|startupRole:FOLLOWER, 4bb754f9-31d1-4c9b-ab82-9cb241c80a35|rpc:10.1.0.17:15076|admin:10.1.0.17:15075|client:10.1.0.17:15074|dataStream:10.1.0.17:15077|priority:0|startupRole:FOLLOWER] with ContainerStateMachine:uninitialized
2023-09-13 06:49:32,012 [caee8b76-9fb6-4477-ae87-28d408607da3-groupManagement] INFO  server.RaftServerConfigKeys (ConfUtils.java:logGet(46)) - raft.server.rpc.timeout.min = 5s (custom)
2023-09-13 06:49:32,012 [caee8b76-9fb6-4477-ae87-28d408607da3-groupManagement] INFO  server.RaftServerConfigKeys (ConfUtils.java:logGet(46)) - raft.server.rpc.timeout.max = 5200ms (custom)
2023-09-13 06:49:32,012 [caee8b76-9fb6-4477-ae87-28d408607da3-groupManagement] INFO  server.RaftServerConfigKeys (ConfUtils.java:logGet(46)) - raft.server.rpc.sleep.time = 25ms (default)
2023-09-13 06:49:32,012 [caee8b76-9fb6-4477-ae87-28d408607da3-groupManagement] INFO  server.RaftServerConfigKeys (ConfUtils.java:logGet(46)) - raft.server.rpc.slowness.timeout = 300000ms (custom)
2023-09-13 06:49:32,012 [caee8b76-9fb6-4477-ae87-28d408607da3-groupManagement] INFO  server.RaftServerConfigKeys (ConfUtils.java:logGet(46)) - raft.server.leaderelection.leader.step-down.wait-time = 10s (default)
2023-09-13 06:49:32,012 [caee8b76-9fb6-4477-ae87-28d408607da3-groupManagement] INFO  server.RaftServerConfigKeys (ConfUtils.java:logGet(46)) - raft.server.sleep.deviation.threshold = 300ms (default)
2023-09-13 06:49:32,012 [caee8b76-9fb6-4477-ae87-28d408607da3-groupManagement] INFO  server.RaftServer$Division (ServerState.java:<init>(120)) - caee8b76-9fb6-4477-ae87-28d408607da3@group-964DC44F96A8: ConfigurationManager, init=-1: peers:[72a2b08b-a918-40a9-b5b7-0c0becce9b1d|rpc:10.1.0.17:15067|admin:10.1.0.17:15066|client:10.1.0.17:15065|dataStream:10.1.0.17:15068|priority:0|startupRole:FOLLOWER, caee8b76-9fb6-4477-ae87-28d408607da3|rpc:10.1.0.17:15085|admin:10.1.0.17:15084|client:10.1.0.17:15083|dataStream:10.1.0.17:15086|priority:1|startupRole:FOLLOWER, 4bb754f9-31d1-4c9b-ab82-9cb241c80a35|rpc:10.1.0.17:15076|admin:10.1.0.17:15075|client:10.1.0.17:15074|dataStream:10.1.0.17:15077|priority:0|startupRole:FOLLOWER]|listeners:[], old=null, confs=<EMPTY_MAP>
2023-09-13 06:49:32,012 [caee8b76-9fb6-4477-ae87-28d408607da3-groupManagement] INFO  server.RaftServerConfigKeys (ConfUtils.java:logGet(46)) - raft.server.storage.dir = [/home/runner/work/ozone/ozone/hadoop-ozone/integration-test/target/test-dir/MiniOzoneClusterImpl-af11299d-9bff-4b11-875a-a8648a114883/datanode-2/data/ratis] (custom)
2023-09-13 06:49:32,012 [caee8b76-9fb6-4477-ae87-28d408607da3-groupManagement] INFO  server.RaftServerConfigKeys (ConfUtils.java:logGet(46)) - raft.server.log.corruption.policy = EXCEPTION (default)
2023-09-13 06:49:32,013 [caee8b76-9fb6-4477-ae87-28d408607da3-groupManagement] INFO  server.RaftServerConfigKeys (ConfUtils.java:logGet(46)) - raft.server.storage.free-space.min = 0MB (=0) (default)
2023-09-13 06:49:32,013 [caee8b76-9fb6-4477-ae87-28d408607da3-groupManagement] INFO  server.RaftServerConfigKeys (ConfUtils.java:logGet(46)) - raft.server.notification.no-leader.timeout = 300000ms (custom)
2023-09-13 06:49:32,013 [caee8b76-9fb6-4477-ae87-28d408607da3-groupManagement] INFO  server.RaftServerConfigKeys (ConfUtils.java:logGet(46)) - raft.server.read.timeout = 10s (default)
2023-09-13 06:49:32,013 [caee8b76-9fb6-4477-ae87-28d408607da3-groupManagement] INFO  server.RaftServerConfigKeys (ConfUtils.java:logGet(46)) - raft.server.retrycache.expirytime = 600000ms (custom)
2023-09-13 06:49:32,013 [caee8b76-9fb6-4477-ae87-28d408607da3-groupManagement] INFO  server.RaftServerConfigKeys (ConfUtils.java:logGet(46)) - raft.server.retrycache.statistics.expirytime = 100μs (default)
2023-09-13 06:49:32,013 [caee8b76-9fb6-4477-ae87-28d408607da3-groupManagement] INFO  server.RaftServerConfigKeys (ConfUtils.java:logGet(46)) - raft.server.read.option = DEFAULT (default)
2023-09-13 06:49:32,014 [caee8b76-9fb6-4477-ae87-28d408607da3-groupManagement] INFO  server.RaftServerConfigKeys (ConfUtils.java:logGet(46)) - raft.server.rpc.request.timeout = 3000ms (default)
2023-09-13 06:49:32,014 [caee8b76-9fb6-4477-ae87-28d408607da3-groupManagement] INFO  server.RaftServerConfigKeys (ConfUtils.java:logGet(46)) - raft.server.log.appender.install.snapshot.enabled = false (custom)
2023-09-13 06:49:32,014 [caee8b76-9fb6-4477-ae87-28d408607da3-groupManagement] INFO  server.RaftServerConfigKeys (ConfUtils.java:logGet(46)) - raft.server.threadpool.server.cached = true (default)
2023-09-13 06:49:32,014 [caee8b76-9fb6-4477-ae87-28d408607da3-groupManagement] INFO  server.RaftServerConfigKeys (ConfUtils.java:logGet(46)) - raft.server.threadpool.server.size = 0 (default)
2023-09-13 06:49:32,014 [caee8b76-9fb6-4477-ae87-28d408607da3-groupManagement] INFO  server.RaftServerConfigKeys (ConfUtils.java:logGet(46)) - raft.server.threadpool.client.cached = true (default)
2023-09-13 06:49:32,014 [caee8b76-9fb6-4477-ae87-28d408607da3-groupManagement] INFO  server.RaftServerConfigKeys (ConfUtils.java:logGet(46)) - raft.server.threadpool.client.size = 0 (default)
2023-09-13 06:49:32,014 [caee8b76-9fb6-4477-ae87-28d408607da3-groupManagement] INFO  storage.RaftStorageDirectory (RaftStorageDirectoryImpl.java:analyzeStorage(137)) - The storage directory /home/runner/work/ozone/ozone/hadoop-ozone/integration-test/target/test-dir/MiniOzoneClusterImpl-af11299d-9bff-4b11-875a-a8648a114883/datanode-2/data/ratis/bb94ab7c-fc39-4e11-bc3d-964dc44f96a8 does not exist. Creating ...
2023-09-13 06:49:32,016 [caee8b76-9fb6-4477-ae87-28d408607da3-groupManagement] INFO  storage.RaftStorageDirectory (RaftStorageDirectoryImpl.java:tryLock(231)) - Lock on /home/runner/work/ozone/ozone/hadoop-ozone/integration-test/target/test-dir/MiniOzoneClusterImpl-af11299d-9bff-4b11-875a-a8648a114883/datanode-2/data/ratis/bb94ab7c-fc39-4e11-bc3d-964dc44f96a8/in_use.lock acquired by nodename 3839@fv-az460-410
2023-09-13 06:49:32,017 [caee8b76-9fb6-4477-ae87-28d408607da3-groupManagement] INFO  storage.RaftStorage (RaftStorageImpl.java:format(96)) - Storage directory /home/runner/work/ozone/ozone/hadoop-ozone/integration-test/target/test-dir/MiniOzoneClusterImpl-af11299d-9bff-4b11-875a-a8648a114883/datanode-2/data/ratis/bb94ab7c-fc39-4e11-bc3d-964dc44f96a8 has been successfully formatted.
2023-09-13 06:49:32,018 [caee8b76-9fb6-4477-ae87-28d408607da3-groupManagement] INFO  ratis.ContainerStateMachine (ContainerStateMachine.java:loadSnapshot(262)) - group-964DC44F96A8: The snapshot info is null. Setting the last applied indexto:(t:0, i:~)
2023-09-13 06:49:32,018 [caee8b76-9fb6-4477-ae87-28d408607da3-groupManagement] INFO  server.RaftServerConfigKeys (ConfUtils.java:logGet(46)) - raft.server.log.use.memory = false (default)
2023-09-13 06:49:32,018 [caee8b76-9fb6-4477-ae87-28d408607da3-groupManagement] INFO  server.RaftServerConfigKeys (ConfUtils.java:logGet(46)) - raft.server.log.purge.gap = 1000000 (custom)
2023-09-13 06:49:32,018 [caee8b76-9fb6-4477-ae87-28d408607da3-groupManagement] INFO  server.RaftServerConfigKeys (ConfUtils.java:logGet(46)) - raft.server.log.appender.buffer.byte-limit = 33554432 (custom)
2023-09-13 06:49:32,018 [caee8b76-9fb6-4477-ae87-28d408607da3-groupManagement] INFO  server.RaftServerConfigKeys (ConfUtils.java:logGet(46)) - raft.server.log.statemachine.data.read.timeout = 1000ms (default)
2023-09-13 06:49:32,018 [caee8b76-9fb6-4477-ae87-28d408607da3-groupManagement] INFO  server.RaftServerConfigKeys (ConfUtils.java:logGet(46)) - raft.server.log.purge.preservation.log.num = 0 (default)
2023-09-13 06:49:32,018 [caee8b76-9fb6-4477-ae87-28d408607da3-groupManagement] INFO  server.RaftServerConfigKeys (ConfUtils.java:logGet(46)) - raft.server.log.segment.size.max = 1048576 (custom)
2023-09-13 06:49:32,019 [caee8b76-9fb6-4477-ae87-28d408607da3-groupManagement] INFO  server.RaftServerConfigKeys (ConfUtils.java:logGet(46)) - raft.server.log.segment.cache.num.max = 2 (custom)
2023-09-13 06:49:32,019 [caee8b76-9fb6-4477-ae87-28d408607da3-groupManagement] INFO  server.RaftServerConfigKeys (ConfUtils.java:logGet(46)) - raft.server.log.segment.cache.size.max = 200MB (=209715200) (default)
2023-09-13 06:49:32,019 [caee8b76-9fb6-4477-ae87-28d408607da3-groupManagement] INFO  server.RaftServerConfigKeys (ConfUtils.java:logGet(46)) - raft.server.log.appender.buffer.byte-limit = 33554432 (custom)
2023-09-13 06:49:32,019 [caee8b76-9fb6-4477-ae87-28d408607da3-groupManagement] INFO  segmented.SegmentedRaftLogWorker (SegmentedRaftLogWorker.java:<init>(188)) - new caee8b76-9fb6-4477-ae87-28d408607da3@group-964DC44F96A8-SegmentedRaftLogWorker for RaftStorageImpl:Storage Directory /home/runner/work/ozone/ozone/hadoop-ozone/integration-test/target/test-dir/MiniOzoneClusterImpl-af11299d-9bff-4b11-875a-a8648a114883/datanode-2/data/ratis/bb94ab7c-fc39-4e11-bc3d-964dc44f96a8
2023-09-13 06:49:32,019 [caee8b76-9fb6-4477-ae87-28d408607da3-groupManagement] INFO  server.RaftServerConfigKeys (ConfUtils.java:logGet(46)) - raft.server.log.queue.byte-limit = 4294967296 (custom)
2023-09-13 06:49:32,019 [caee8b76-9fb6-4477-ae87-28d408607da3-groupManagement] INFO  server.RaftServerConfigKeys (ConfUtils.java:logGet(46)) - raft.server.log.queue.element-limit = 1024 (custom)
2023-09-13 06:49:32,019 [caee8b76-9fb6-4477-ae87-28d408607da3-groupManagement] INFO  server.RaftServerConfigKeys (ConfUtils.java:logGet(46)) - raft.server.log.segment.size.max = 1048576 (custom)
2023-09-13 06:49:32,019 [caee8b76-9fb6-4477-ae87-28d408607da3-groupManagement] INFO  server.RaftServerConfigKeys (ConfUtils.java:logGet(46)) - raft.server.log.preallocated.size = 16384 (custom)
2023-09-13 06:49:32,020 [caee8b76-9fb6-4477-ae87-28d408607da3-groupManagement] INFO  server.RaftServerConfigKeys (ConfUtils.java:logGet(46)) - raft.server.log.force.sync.num = 128 (default)
2023-09-13 06:49:32,020 [caee8b76-9fb6-4477-ae87-28d408607da3-groupManagement] INFO  server.RaftServerConfigKeys (ConfUtils.java:logGet(46)) - raft.server.log.statemachine.data.sync = true (default)
2023-09-13 06:49:32,020 [caee8b76-9fb6-4477-ae87-28d408607da3-groupManagement] INFO  server.RaftServerConfigKeys (ConfUtils.java:logGet(46)) - raft.server.log.statemachine.data.sync.timeout = 10s (default)
2023-09-13 06:49:32,020 [caee8b76-9fb6-4477-ae87-28d408607da3-groupManagement] INFO  server.RaftServerConfigKeys (ConfUtils.java:logGet(46)) - raft.server.log.statemachine.data.sync.timeout.retry = -1 (default)
2023-09-13 06:49:32,021 [caee8b76-9fb6-4477-ae87-28d408607da3-groupManagement] INFO  server.RaftServerConfigKeys (ConfUtils.java:logGet(46)) - raft.server.log.write.buffer.size = 1048576 (custom)
2023-09-13 06:49:32,022 [caee8b76-9fb6-4477-ae87-28d408607da3-groupManagement] INFO  server.RaftServerConfigKeys (ConfUtils.java:logGet(46)) - raft.server.log.appender.buffer.byte-limit = 33554432 (custom)
2023-09-13 06:49:32,033 [caee8b76-9fb6-4477-ae87-28d408607da3-groupManagement] INFO  server.RaftServerConfigKeys (ConfUtils.java:logGet(46)) - raft.server.log.unsafe-flush.enabled = false (default)
2023-09-13 06:49:32,033 [caee8b76-9fb6-4477-ae87-28d408607da3-groupManagement] INFO  server.RaftServerConfigKeys (ConfUtils.java:logGet(46)) - raft.server.log.async-flush.enabled = false (default)
2023-09-13 06:49:32,036 [caee8b76-9fb6-4477-ae87-28d408607da3-groupManagement] INFO  server.RaftServerConfigKeys (ConfUtils.java:logGet(46)) - raft.server.log.statemachine.data.caching.enabled = true (custom)
2023-09-13 06:49:32,036 [caee8b76-9fb6-4477-ae87-28d408607da3-groupManagement] INFO  segmented.SegmentedRaftLogWorker (SegmentedRaftLogWorker.java:lambda$new$0(135)) - caee8b76-9fb6-4477-ae87-28d408607da3@group-964DC44F96A8-SegmentedRaftLogWorker: flushIndex: setUnconditionally 0 -> -1
2023-09-13 06:49:32,036 [caee8b76-9fb6-4477-ae87-28d408607da3-groupManagement] INFO  segmented.SegmentedRaftLogWorker (SegmentedRaftLogWorker.java:lambda$new$0(135)) - caee8b76-9fb6-4477-ae87-28d408607da3@group-964DC44F96A8-SegmentedRaftLogWorker: safeCacheEvictIndex: setUnconditionally 0 -> -1
2023-09-13 06:49:32,037 [caee8b76-9fb6-4477-ae87-28d408607da3-groupManagement] INFO  server.RaftServer$Division (RaftServerImpl.java:start(342)) - caee8b76-9fb6-4477-ae87-28d408607da3@group-964DC44F96A8: start as a follower, conf=-1: peers:[72a2b08b-a918-40a9-b5b7-0c0becce9b1d|rpc:10.1.0.17:15067|admin:10.1.0.17:15066|client:10.1.0.17:15065|dataStream:10.1.0.17:15068|priority:0|startupRole:FOLLOWER, caee8b76-9fb6-4477-ae87-28d408607da3|rpc:10.1.0.17:15085|admin:10.1.0.17:15084|client:10.1.0.17:15083|dataStream:10.1.0.17:15086|priority:1|startupRole:FOLLOWER, 4bb754f9-31d1-4c9b-ab82-9cb241c80a35|rpc:10.1.0.17:15076|admin:10.1.0.17:15075|client:10.1.0.17:15074|dataStream:10.1.0.17:15077|priority:0|startupRole:FOLLOWER]|listeners:[], old=null
2023-09-13 06:49:32,037 [caee8b76-9fb6-4477-ae87-28d408607da3-groupManagement] INFO  server.RaftServer$Division (RaftServerImpl.java:setRole(329)) - caee8b76-9fb6-4477-ae87-28d408607da3@group-964DC44F96A8: changes role from      null to FOLLOWER at term 0 for startAsFollower
2023-09-13 06:49:32,037 [caee8b76-9fb6-4477-ae87-28d408607da3-groupManagement] INFO  impl.RoleInfo (RoleInfo.java:updateAndGet(139)) - caee8b76-9fb6-4477-ae87-28d408607da3: start caee8b76-9fb6-4477-ae87-28d408607da3@group-964DC44F96A8-FollowerState
2023-09-13 06:49:32,038 [caee8b76-9fb6-4477-ae87-28d408607da3-groupManagement] INFO  util.JmxRegister (JmxRegister.java:tryRegister(44)) - Successfully registered JMX Bean with object name Ratis:service=RaftServer,group=group-964DC44F96A8,id=caee8b76-9fb6-4477-ae87-28d408607da3
2023-09-13 06:49:32,038 [caee8b76-9fb6-4477-ae87-28d408607da3@group-964DC44F96A8-FollowerState] INFO  server.RaftServerConfigKeys (ConfUtils.java:logFallback(53)) - raft.server.rpc.first-election.timeout.min = 5s (fallback to raft.server.rpc.timeout.min)
2023-09-13 06:49:32,039 [caee8b76-9fb6-4477-ae87-28d408607da3-groupManagement] INFO  server.RaftServerConfigKeys (ConfUtils.java:logGet(46)) - raft.server.snapshot.auto.trigger.enabled = true (custom)
2023-09-13 06:49:32,039 [caee8b76-9fb6-4477-ae87-28d408607da3@group-964DC44F96A8-FollowerState] INFO  server.RaftServerConfigKeys (ConfUtils.java:logFallback(53)) - raft.server.rpc.first-election.timeout.max = 5200ms (fallback to raft.server.rpc.timeout.max)
2023-09-13 06:49:32,039 [caee8b76-9fb6-4477-ae87-28d408607da3-groupManagement] INFO  server.RaftServerConfigKeys (ConfUtils.java:logGet(46)) - raft.server.snapshot.auto.trigger.threshold = 10000 (custom)
2023-09-13 06:49:32,039 [caee8b76-9fb6-4477-ae87-28d408607da3-groupManagement] INFO  server.RaftServerConfigKeys (ConfUtils.java:logGet(46)) - raft.server.snapshot.retention.file.num = 5 (custom)
2023-09-13 06:49:32,040 [caee8b76-9fb6-4477-ae87-28d408607da3-groupManagement] INFO  server.RaftServerConfigKeys (ConfUtils.java:logGet(46)) - raft.server.log.purge.upto.snapshot.index = false (default)
2023-09-13 06:49:32,070 [grpc-default-executor-6] INFO  server.RaftServer (RaftServerProxy.java:addNew(98)) - 4bb754f9-31d1-4c9b-ab82-9cb241c80a35: addNew group-964DC44F96A8:[72a2b08b-a918-40a9-b5b7-0c0becce9b1d|rpc:10.1.0.17:15067|admin:10.1.0.17:15066|client:10.1.0.17:15065|dataStream:10.1.0.17:15068|priority:0|startupRole:FOLLOWER, caee8b76-9fb6-4477-ae87-28d408607da3|rpc:10.1.0.17:15085|admin:10.1.0.17:15084|client:10.1.0.17:15083|dataStream:10.1.0.17:15086|priority:1|startupRole:FOLLOWER, 4bb754f9-31d1-4c9b-ab82-9cb241c80a35|rpc:10.1.0.17:15076|admin:10.1.0.17:15075|client:10.1.0.17:15074|dataStream:10.1.0.17:15077|priority:0|startupRole:FOLLOWER] returns group-964DC44F96A8:java.util.concurrent.CompletableFuture@61a76dd6[Not completed]
2023-09-13 06:49:32,072 [4bb754f9-31d1-4c9b-ab82-9cb241c80a35-groupManagement] INFO  server.RaftServer$Division (RaftServerImpl.java:<init>(198)) - 4bb754f9-31d1-4c9b-ab82-9cb241c80a35: new RaftServerImpl for group-964DC44F96A8:[72a2b08b-a918-40a9-b5b7-0c0becce9b1d|rpc:10.1.0.17:15067|admin:10.1.0.17:15066|client:10.1.0.17:15065|dataStream:10.1.0.17:15068|priority:0|startupRole:FOLLOWER, caee8b76-9fb6-4477-ae87-28d408607da3|rpc:10.1.0.17:15085|admin:10.1.0.17:15084|client:10.1.0.17:15083|dataStream:10.1.0.17:15086|priority:1|startupRole:FOLLOWER, 4bb754f9-31d1-4c9b-ab82-9cb241c80a35|rpc:10.1.0.17:15076|admin:10.1.0.17:15075|client:10.1.0.17:15074|dataStream:10.1.0.17:15077|priority:0|startupRole:FOLLOWER] with ContainerStateMachine:uninitialized
2023-09-13 06:49:32,072 [4bb754f9-31d1-4c9b-ab82-9cb241c80a35-groupManagement] INFO  server.RaftServerConfigKeys (ConfUtils.java:logGet(46)) - raft.server.rpc.timeout.min = 5s (custom)
2023-09-13 06:49:32,072 [4bb754f9-31d1-4c9b-ab82-9cb241c80a35-groupManagement] INFO  server.RaftServerConfigKeys (ConfUtils.java:logGet(46)) - raft.server.rpc.timeout.max = 5200ms (custom)
2023-09-13 06:49:32,072 [4bb754f9-31d1-4c9b-ab82-9cb241c80a35-groupManagement] INFO  server.RaftServerConfigKeys (ConfUtils.java:logGet(46)) - raft.server.rpc.sleep.time = 25ms (default)
2023-09-13 06:49:32,072 [4bb754f9-31d1-4c9b-ab82-9cb241c80a35-groupManagement] INFO  server.RaftServerConfigKeys (ConfUtils.java:logGet(46)) - raft.server.rpc.slowness.timeout = 300000ms (custom)
2023-09-13 06:49:32,072 [4bb754f9-31d1-4c9b-ab82-9cb241c80a35-groupManagement] INFO  server.RaftServerConfigKeys (ConfUtils.java:logGet(46)) - raft.server.leaderelection.leader.step-down.wait-time = 10s (default)
2023-09-13 06:49:32,072 [4bb754f9-31d1-4c9b-ab82-9cb241c80a35-groupManagement] INFO  server.RaftServerConfigKeys (ConfUtils.java:logGet(46)) - raft.server.sleep.deviation.threshold = 300ms (default)
2023-09-13 06:49:32,072 [4bb754f9-31d1-4c9b-ab82-9cb241c80a35-groupManagement] INFO  server.RaftServer$Division (ServerState.java:<init>(120)) - 4bb754f9-31d1-4c9b-ab82-9cb241c80a35@group-964DC44F96A8: ConfigurationManager, init=-1: peers:[72a2b08b-a918-40a9-b5b7-0c0becce9b1d|rpc:10.1.0.17:15067|admin:10.1.0.17:15066|client:10.1.0.17:15065|dataStream:10.1.0.17:15068|priority:0|startupRole:FOLLOWER, caee8b76-9fb6-4477-ae87-28d408607da3|rpc:10.1.0.17:15085|admin:10.1.0.17:15084|client:10.1.0.17:15083|dataStream:10.1.0.17:15086|priority:1|startupRole:FOLLOWER, 4bb754f9-31d1-4c9b-ab82-9cb241c80a35|rpc:10.1.0.17:15076|admin:10.1.0.17:15075|client:10.1.0.17:15074|dataStream:10.1.0.17:15077|priority:0|startupRole:FOLLOWER]|listeners:[], old=null, confs=<EMPTY_MAP>
2023-09-13 06:49:32,072 [4bb754f9-31d1-4c9b-ab82-9cb241c80a35-groupManagement] INFO  server.RaftServerConfigKeys (ConfUtils.java:logGet(46)) - raft.server.storage.dir = [/home/runner/work/ozone/ozone/hadoop-ozone/integration-test/target/test-dir/MiniOzoneClusterImpl-af11299d-9bff-4b11-875a-a8648a114883/datanode-1/data/ratis] (custom)
2023-09-13 06:49:32,073 [4bb754f9-31d1-4c9b-ab82-9cb241c80a35-groupManagement] INFO  server.RaftServerConfigKeys (ConfUtils.java:logGet(46)) - raft.server.log.corruption.policy = EXCEPTION (default)
2023-09-13 06:49:32,073 [4bb754f9-31d1-4c9b-ab82-9cb241c80a35-groupManagement] INFO  server.RaftServerConfigKeys (ConfUtils.java:logGet(46)) - raft.server.storage.free-space.min = 0MB (=0) (default)
2023-09-13 06:49:32,073 [4bb754f9-31d1-4c9b-ab82-9cb241c80a35-groupManagement] INFO  server.RaftServerConfigKeys (ConfUtils.java:logGet(46)) - raft.server.notification.no-leader.timeout = 300000ms (custom)
2023-09-13 06:49:32,073 [4bb754f9-31d1-4c9b-ab82-9cb241c80a35-groupManagement] INFO  server.RaftServerConfigKeys (ConfUtils.java:logGet(46)) - raft.server.read.timeout = 10s (default)
2023-09-13 06:49:32,073 [4bb754f9-31d1-4c9b-ab82-9cb241c80a35-groupManagement] INFO  server.RaftServerConfigKeys (ConfUtils.java:logGet(46)) - raft.server.retrycache.expirytime = 600000ms (custom)
2023-09-13 06:49:32,073 [4bb754f9-31d1-4c9b-ab82-9cb241c80a35-groupManagement] INFO  server.RaftServerConfigKeys (ConfUtils.java:logGet(46)) - raft.server.retrycache.statistics.expirytime = 100μs (default)
2023-09-13 06:49:32,073 [4bb754f9-31d1-4c9b-ab82-9cb241c80a35-groupManagement] INFO  server.RaftServerConfigKeys (ConfUtils.java:logGet(46)) - raft.server.read.option = DEFAULT (default)
2023-09-13 06:49:32,074 [4bb754f9-31d1-4c9b-ab82-9cb241c80a35-groupManagement] INFO  server.RaftServerConfigKeys (ConfUtils.java:logGet(46)) - raft.server.rpc.request.timeout = 3000ms (default)
2023-09-13 06:49:32,074 [4bb754f9-31d1-4c9b-ab82-9cb241c80a35-groupManagement] INFO  server.RaftServerConfigKeys (ConfUtils.java:logGet(46)) - raft.server.log.appender.install.snapshot.enabled = false (custom)
2023-09-13 06:49:32,074 [4bb754f9-31d1-4c9b-ab82-9cb241c80a35-groupManagement] INFO  server.RaftServerConfigKeys (ConfUtils.java:logGet(46)) - raft.server.threadpool.server.cached = true (default)
2023-09-13 06:49:32,074 [4bb754f9-31d1-4c9b-ab82-9cb241c80a35-groupManagement] INFO  server.RaftServerConfigKeys (ConfUtils.java:logGet(46)) - raft.server.threadpool.server.size = 0 (default)
2023-09-13 06:49:32,074 [4bb754f9-31d1-4c9b-ab82-9cb241c80a35-groupManagement] INFO  server.RaftServerConfigKeys (ConfUtils.java:logGet(46)) - raft.server.threadpool.client.cached = true (default)
2023-09-13 06:49:32,074 [4bb754f9-31d1-4c9b-ab82-9cb241c80a35-groupManagement] INFO  server.RaftServerConfigKeys (ConfUtils.java:logGet(46)) - raft.server.threadpool.client.size = 0 (default)
2023-09-13 06:49:32,074 [4bb754f9-31d1-4c9b-ab82-9cb241c80a35-groupManagement] INFO  storage.RaftStorageDirectory (RaftStorageDirectoryImpl.java:analyzeStorage(137)) - The storage directory /home/runner/work/ozone/ozone/hadoop-ozone/integration-test/target/test-dir/MiniOzoneClusterImpl-af11299d-9bff-4b11-875a-a8648a114883/datanode-1/data/ratis/bb94ab7c-fc39-4e11-bc3d-964dc44f96a8 does not exist. Creating ...
2023-09-13 06:49:32,076 [4bb754f9-31d1-4c9b-ab82-9cb241c80a35-groupManagement] INFO  storage.RaftStorageDirectory (RaftStorageDirectoryImpl.java:tryLock(231)) - Lock on /home/runner/work/ozone/ozone/hadoop-ozone/integration-test/target/test-dir/MiniOzoneClusterImpl-af11299d-9bff-4b11-875a-a8648a114883/datanode-1/data/ratis/bb94ab7c-fc39-4e11-bc3d-964dc44f96a8/in_use.lock acquired by nodename 3839@fv-az460-410
2023-09-13 06:49:32,077 [4bb754f9-31d1-4c9b-ab82-9cb241c80a35-groupManagement] INFO  storage.RaftStorage (RaftStorageImpl.java:format(96)) - Storage directory /home/runner/work/ozone/ozone/hadoop-ozone/integration-test/target/test-dir/MiniOzoneClusterImpl-af11299d-9bff-4b11-875a-a8648a114883/datanode-1/data/ratis/bb94ab7c-fc39-4e11-bc3d-964dc44f96a8 has been successfully formatted.
2023-09-13 06:49:32,078 [4bb754f9-31d1-4c9b-ab82-9cb241c80a35-groupManagement] INFO  ratis.ContainerStateMachine (ContainerStateMachine.java:loadSnapshot(262)) - group-964DC44F96A8: The snapshot info is null. Setting the last applied indexto:(t:0, i:~)
2023-09-13 06:49:32,078 [4bb754f9-31d1-4c9b-ab82-9cb241c80a35-groupManagement] INFO  server.RaftServerConfigKeys (ConfUtils.java:logGet(46)) - raft.server.log.use.memory = false (default)
2023-09-13 06:49:32,078 [4bb754f9-31d1-4c9b-ab82-9cb241c80a35-groupManagement] INFO  server.RaftServerConfigKeys (ConfUtils.java:logGet(46)) - raft.server.log.purge.gap = 1000000 (custom)
2023-09-13 06:49:32,078 [4bb754f9-31d1-4c9b-ab82-9cb241c80a35-groupManagement] INFO  server.RaftServerConfigKeys (ConfUtils.java:logGet(46)) - raft.server.log.appender.buffer.byte-limit = 33554432 (custom)
2023-09-13 06:49:32,078 [4bb754f9-31d1-4c9b-ab82-9cb241c80a35-groupManagement] INFO  server.RaftServerConfigKeys (ConfUtils.java:logGet(46)) - raft.server.log.statemachine.data.read.timeout = 1000ms (default)
2023-09-13 06:49:32,078 [4bb754f9-31d1-4c9b-ab82-9cb241c80a35-groupManagement] INFO  server.RaftServerConfigKeys (ConfUtils.java:logGet(46)) - raft.server.log.purge.preservation.log.num = 0 (default)
2023-09-13 06:49:32,082 [4bb754f9-31d1-4c9b-ab82-9cb241c80a35-groupManagement] INFO  server.RaftServerConfigKeys (ConfUtils.java:logGet(46)) - raft.server.log.segment.size.max = 1048576 (custom)
2023-09-13 06:49:32,082 [4bb754f9-31d1-4c9b-ab82-9cb241c80a35-groupManagement] INFO  server.RaftServerConfigKeys (ConfUtils.java:logGet(46)) - raft.server.log.segment.cache.num.max = 2 (custom)
2023-09-13 06:49:32,082 [4bb754f9-31d1-4c9b-ab82-9cb241c80a35-groupManagement] INFO  server.RaftServerConfigKeys (ConfUtils.java:logGet(46)) - raft.server.log.segment.cache.size.max = 200MB (=209715200) (default)
2023-09-13 06:49:32,082 [4bb754f9-31d1-4c9b-ab82-9cb241c80a35-groupManagement] INFO  server.RaftServerConfigKeys (ConfUtils.java:logGet(46)) - raft.server.log.appender.buffer.byte-limit = 33554432 (custom)
2023-09-13 06:49:32,083 [4bb754f9-31d1-4c9b-ab82-9cb241c80a35-groupManagement] INFO  segmented.SegmentedRaftLogWorker (SegmentedRaftLogWorker.java:<init>(188)) - new 4bb754f9-31d1-4c9b-ab82-9cb241c80a35@group-964DC44F96A8-SegmentedRaftLogWorker for RaftStorageImpl:Storage Directory /home/runner/work/ozone/ozone/hadoop-ozone/integration-test/target/test-dir/MiniOzoneClusterImpl-af11299d-9bff-4b11-875a-a8648a114883/datanode-1/data/ratis/bb94ab7c-fc39-4e11-bc3d-964dc44f96a8
2023-09-13 06:49:32,083 [4bb754f9-31d1-4c9b-ab82-9cb241c80a35-groupManagement] INFO  server.RaftServerConfigKeys (ConfUtils.java:logGet(46)) - raft.server.log.queue.byte-limit = 4294967296 (custom)
2023-09-13 06:49:32,083 [4bb754f9-31d1-4c9b-ab82-9cb241c80a35-groupManagement] INFO  server.RaftServerConfigKeys (ConfUtils.java:logGet(46)) - raft.server.log.queue.element-limit = 1024 (custom)
2023-09-13 06:49:32,083 [4bb754f9-31d1-4c9b-ab82-9cb241c80a35-groupManagement] INFO  server.RaftServerConfigKeys (ConfUtils.java:logGet(46)) - raft.server.log.segment.size.max = 1048576 (custom)
2023-09-13 06:49:32,083 [4bb754f9-31d1-4c9b-ab82-9cb241c80a35-groupManagement] INFO  server.RaftServerConfigKeys (ConfUtils.java:logGet(46)) - raft.server.log.preallocated.size = 16384 (custom)
2023-09-13 06:49:32,083 [4bb754f9-31d1-4c9b-ab82-9cb241c80a35-groupManagement] INFO  server.RaftServerConfigKeys (ConfUtils.java:logGet(46)) - raft.server.log.force.sync.num = 128 (default)
2023-09-13 06:49:32,083 [4bb754f9-31d1-4c9b-ab82-9cb241c80a35-groupManagement] INFO  server.RaftServerConfigKeys (ConfUtils.java:logGet(46)) - raft.server.log.statemachine.data.sync = true (default)
2023-09-13 06:49:32,083 [4bb754f9-31d1-4c9b-ab82-9cb241c80a35-groupManagement] INFO  server.RaftServerConfigKeys (ConfUtils.java:logGet(46)) - raft.server.log.statemachine.data.sync.timeout = 10s (default)
2023-09-13 06:49:32,083 [4bb754f9-31d1-4c9b-ab82-9cb241c80a35-groupManagement] INFO  server.RaftServerConfigKeys (ConfUtils.java:logGet(46)) - raft.server.log.statemachine.data.sync.timeout.retry = -1 (default)
2023-09-13 06:49:32,084 [4bb754f9-31d1-4c9b-ab82-9cb241c80a35-groupManagement] INFO  server.RaftServerConfigKeys (ConfUtils.java:logGet(46)) - raft.server.log.write.buffer.size = 1048576 (custom)
2023-09-13 06:49:32,084 [4bb754f9-31d1-4c9b-ab82-9cb241c80a35-groupManagement] INFO  server.RaftServerConfigKeys (ConfUtils.java:logGet(46)) - raft.server.log.appender.buffer.byte-limit = 33554432 (custom)
2023-09-13 06:49:32,090 [4bb754f9-31d1-4c9b-ab82-9cb241c80a35-groupManagement] INFO  server.RaftServerConfigKeys (ConfUtils.java:logGet(46)) - raft.server.log.unsafe-flush.enabled = false (default)
2023-09-13 06:49:32,090 [4bb754f9-31d1-4c9b-ab82-9cb241c80a35-groupManagement] INFO  server.RaftServerConfigKeys (ConfUtils.java:logGet(46)) - raft.server.log.async-flush.enabled = false (default)
2023-09-13 06:49:32,090 [4bb754f9-31d1-4c9b-ab82-9cb241c80a35-groupManagement] INFO  server.RaftServerConfigKeys (ConfUtils.java:logGet(46)) - raft.server.log.statemachine.data.caching.enabled = true (custom)
2023-09-13 06:49:32,090 [4bb754f9-31d1-4c9b-ab82-9cb241c80a35-groupManagement] INFO  segmented.SegmentedRaftLogWorker (SegmentedRaftLogWorker.java:lambda$new$0(135)) - 4bb754f9-31d1-4c9b-ab82-9cb241c80a35@group-964DC44F96A8-SegmentedRaftLogWorker: flushIndex: setUnconditionally 0 -> -1
2023-09-13 06:49:32,090 [4bb754f9-31d1-4c9b-ab82-9cb241c80a35-groupManagement] INFO  segmented.SegmentedRaftLogWorker (SegmentedRaftLogWorker.java:lambda$new$0(135)) - 4bb754f9-31d1-4c9b-ab82-9cb241c80a35@group-964DC44F96A8-SegmentedRaftLogWorker: safeCacheEvictIndex: setUnconditionally 0 -> -1
2023-09-13 06:49:32,090 [4bb754f9-31d1-4c9b-ab82-9cb241c80a35-groupManagement] INFO  server.RaftServer$Division (RaftServerImpl.java:start(342)) - 4bb754f9-31d1-4c9b-ab82-9cb241c80a35@group-964DC44F96A8: start as a follower, conf=-1: peers:[72a2b08b-a918-40a9-b5b7-0c0becce9b1d|rpc:10.1.0.17:15067|admin:10.1.0.17:15066|client:10.1.0.17:15065|dataStream:10.1.0.17:15068|priority:0|startupRole:FOLLOWER, caee8b76-9fb6-4477-ae87-28d408607da3|rpc:10.1.0.17:15085|admin:10.1.0.17:15084|client:10.1.0.17:15083|dataStream:10.1.0.17:15086|priority:1|startupRole:FOLLOWER, 4bb754f9-31d1-4c9b-ab82-9cb241c80a35|rpc:10.1.0.17:15076|admin:10.1.0.17:15075|client:10.1.0.17:15074|dataStream:10.1.0.17:15077|priority:0|startupRole:FOLLOWER]|listeners:[], old=null
2023-09-13 06:49:32,090 [4bb754f9-31d1-4c9b-ab82-9cb241c80a35-groupManagement] INFO  server.RaftServer$Division (RaftServerImpl.java:setRole(329)) - 4bb754f9-31d1-4c9b-ab82-9cb241c80a35@group-964DC44F96A8: changes role from      null to FOLLOWER at term 0 for startAsFollower
2023-09-13 06:49:32,091 [4bb754f9-31d1-4c9b-ab82-9cb241c80a35-groupManagement] INFO  impl.RoleInfo (RoleInfo.java:updateAndGet(139)) - 4bb754f9-31d1-4c9b-ab82-9cb241c80a35: start 4bb754f9-31d1-4c9b-ab82-9cb241c80a35@group-964DC44F96A8-FollowerState
2023-09-13 06:49:32,095 [4bb754f9-31d1-4c9b-ab82-9cb241c80a35-groupManagement] INFO  util.JmxRegister (JmxRegister.java:tryRegister(44)) - Successfully registered JMX Bean with object name Ratis:service=RaftServer,group=group-964DC44F96A8,id=4bb754f9-31d1-4c9b-ab82-9cb241c80a35
2023-09-13 06:49:32,096 [4bb754f9-31d1-4c9b-ab82-9cb241c80a35-groupManagement] INFO  server.RaftServerConfigKeys (ConfUtils.java:logGet(46)) - raft.server.snapshot.auto.trigger.enabled = true (custom)
2023-09-13 06:49:32,096 [4bb754f9-31d1-4c9b-ab82-9cb241c80a35-groupManagement] INFO  server.RaftServerConfigKeys (ConfUtils.java:logGet(46)) - raft.server.snapshot.auto.trigger.threshold = 10000 (custom)
2023-09-13 06:49:32,096 [4bb754f9-31d1-4c9b-ab82-9cb241c80a35-groupManagement] INFO  server.RaftServerConfigKeys (ConfUtils.java:logGet(46)) - raft.server.snapshot.retention.file.num = 5 (custom)
2023-09-13 06:49:32,096 [4bb754f9-31d1-4c9b-ab82-9cb241c80a35-groupManagement] INFO  server.RaftServerConfigKeys (ConfUtils.java:logGet(46)) - raft.server.log.purge.upto.snapshot.index = false (default)
2023-09-13 06:49:32,097 [4bb754f9-31d1-4c9b-ab82-9cb241c80a35@group-964DC44F96A8-FollowerState] INFO  server.RaftServerConfigKeys (ConfUtils.java:logFallback(53)) - raft.server.rpc.first-election.timeout.min = 5s (fallback to raft.server.rpc.timeout.min)
2023-09-13 06:49:32,097 [4bb754f9-31d1-4c9b-ab82-9cb241c80a35@group-964DC44F96A8-FollowerState] INFO  server.RaftServerConfigKeys (ConfUtils.java:logFallback(53)) - raft.server.rpc.first-election.timeout.max = 5200ms (fallback to raft.server.rpc.timeout.max)
2023-09-13 06:49:32,103 [PipelineCommandHandlerThread-0] INFO  commandhandler.CreatePipelineCommandHandler (CreatePipelineCommandHandler.java:lambda$handle$2(124)) - Created Pipeline RATIS THREE PipelineID=bb94ab7c-fc39-4e11-bc3d-964dc44f96a8.
2023-09-13 06:49:32,189 [4bb754f9-31d1-4c9b-ab82-9cb241c80a35-groupManagement] INFO  server.RaftServer$Division (RaftServerImpl.java:<init>(198)) - 4bb754f9-31d1-4c9b-ab82-9cb241c80a35: new RaftServerImpl for group-96A4BEB0830B:[4bb754f9-31d1-4c9b-ab82-9cb241c80a35|rpc:10.1.0.17:15076|admin:10.1.0.17:15075|client:10.1.0.17:15074|dataStream:10.1.0.17:15077|priority:1|startupRole:FOLLOWER] with ContainerStateMachine:uninitialized
2023-09-13 06:49:32,189 [4bb754f9-31d1-4c9b-ab82-9cb241c80a35-groupManagement] INFO  server.RaftServerConfigKeys (ConfUtils.java:logGet(46)) - raft.server.rpc.timeout.min = 5s (custom)
2023-09-13 06:49:32,189 [4bb754f9-31d1-4c9b-ab82-9cb241c80a35-groupManagement] INFO  server.RaftServerConfigKeys (ConfUtils.java:logGet(46)) - raft.server.rpc.timeout.max = 5200ms (custom)
2023-09-13 06:49:32,189 [4bb754f9-31d1-4c9b-ab82-9cb241c80a35-groupManagement] INFO  server.RaftServerConfigKeys (ConfUtils.java:logGet(46)) - raft.server.rpc.sleep.time = 25ms (default)
2023-09-13 06:49:32,189 [4bb754f9-31d1-4c9b-ab82-9cb241c80a35-groupManagement] INFO  server.RaftServerConfigKeys (ConfUtils.java:logGet(46)) - raft.server.rpc.slowness.timeout = 300000ms (custom)
2023-09-13 06:49:32,189 [4bb754f9-31d1-4c9b-ab82-9cb241c80a35-groupManagement] INFO  server.RaftServerConfigKeys (ConfUtils.java:logGet(46)) - raft.server.leaderelection.leader.step-down.wait-time = 10s (default)
2023-09-13 06:49:32,190 [4bb754f9-31d1-4c9b-ab82-9cb241c80a35-groupManagement] INFO  server.RaftServerConfigKeys (ConfUtils.java:logGet(46)) - raft.server.sleep.deviation.threshold = 300ms (default)
2023-09-13 06:49:32,190 [4bb754f9-31d1-4c9b-ab82-9cb241c80a35-groupManagement] INFO  server.RaftServer$Division (ServerState.java:<init>(120)) - 4bb754f9-31d1-4c9b-ab82-9cb241c80a35@group-96A4BEB0830B: ConfigurationManager, init=-1: peers:[4bb754f9-31d1-4c9b-ab82-9cb241c80a35|rpc:10.1.0.17:15076|admin:10.1.0.17:15075|client:10.1.0.17:15074|dataStream:10.1.0.17:15077|priority:1|startupRole:FOLLOWER]|listeners:[], old=null, confs=<EMPTY_MAP>
2023-09-13 06:49:32,190 [4bb754f9-31d1-4c9b-ab82-9cb241c80a35-groupManagement] INFO  server.RaftServerConfigKeys (ConfUtils.java:logGet(46)) - raft.server.storage.dir = [/home/runner/work/ozone/ozone/hadoop-ozone/integration-test/target/test-dir/MiniOzoneClusterImpl-af11299d-9bff-4b11-875a-a8648a114883/datanode-1/data/ratis] (custom)
2023-09-13 06:49:32,190 [4bb754f9-31d1-4c9b-ab82-9cb241c80a35-groupManagement] INFO  server.RaftServerConfigKeys (ConfUtils.java:logGet(46)) - raft.server.log.corruption.policy = EXCEPTION (default)
2023-09-13 06:49:32,190 [4bb754f9-31d1-4c9b-ab82-9cb241c80a35-groupManagement] INFO  server.RaftServerConfigKeys (ConfUtils.java:logGet(46)) - raft.server.storage.free-space.min = 0MB (=0) (default)
2023-09-13 06:49:32,190 [4bb754f9-31d1-4c9b-ab82-9cb241c80a35-groupManagement] INFO  server.RaftServerConfigKeys (ConfUtils.java:logGet(46)) - raft.server.notification.no-leader.timeout = 300000ms (custom)
2023-09-13 06:49:32,190 [4bb754f9-31d1-4c9b-ab82-9cb241c80a35-groupManagement] INFO  server.RaftServerConfigKeys (ConfUtils.java:logGet(46)) - raft.server.read.timeout = 10s (default)
2023-09-13 06:49:32,190 [4bb754f9-31d1-4c9b-ab82-9cb241c80a35-groupManagement] INFO  server.RaftServerConfigKeys (ConfUtils.java:logGet(46)) - raft.server.retrycache.expirytime = 600000ms (custom)
2023-09-13 06:49:32,190 [4bb754f9-31d1-4c9b-ab82-9cb241c80a35-groupManagement] INFO  server.RaftServerConfigKeys (ConfUtils.java:logGet(46)) - raft.server.retrycache.statistics.expirytime = 100μs (default)
2023-09-13 06:49:32,190 [4bb754f9-31d1-4c9b-ab82-9cb241c80a35-groupManagement] INFO  server.RaftServerConfigKeys (ConfUtils.java:logGet(46)) - raft.server.read.option = DEFAULT (default)
2023-09-13 06:49:32,191 [4bb754f9-31d1-4c9b-ab82-9cb241c80a35-groupManagement] INFO  server.RaftServerConfigKeys (ConfUtils.java:logGet(46)) - raft.server.rpc.request.timeout = 3000ms (default)
2023-09-13 06:49:32,191 [4bb754f9-31d1-4c9b-ab82-9cb241c80a35-groupManagement] INFO  server.RaftServerConfigKeys (ConfUtils.java:logGet(46)) - raft.server.log.appender.install.snapshot.enabled = false (custom)
2023-09-13 06:49:32,191 [4bb754f9-31d1-4c9b-ab82-9cb241c80a35-groupManagement] INFO  server.RaftServerConfigKeys (ConfUtils.java:logGet(46)) - raft.server.threadpool.server.cached = true (default)
2023-09-13 06:49:32,192 [4bb754f9-31d1-4c9b-ab82-9cb241c80a35-groupManagement] INFO  server.RaftServerConfigKeys (ConfUtils.java:logGet(46)) - raft.server.threadpool.server.size = 0 (default)
2023-09-13 06:49:32,192 [4bb754f9-31d1-4c9b-ab82-9cb241c80a35-groupManagement] INFO  server.RaftServerConfigKeys (ConfUtils.java:logGet(46)) - raft.server.threadpool.client.cached = true (default)
2023-09-13 06:49:32,192 [4bb754f9-31d1-4c9b-ab82-9cb241c80a35-groupManagement] INFO  server.RaftServerConfigKeys (ConfUtils.java:logGet(46)) - raft.server.threadpool.client.size = 0 (default)
2023-09-13 06:49:32,192 [PipelineCommandHandlerThread-0] INFO  server.RaftServer (RaftServerProxy.java:addNew(98)) - 4bb754f9-31d1-4c9b-ab82-9cb241c80a35: addNew group-96A4BEB0830B:[4bb754f9-31d1-4c9b-ab82-9cb241c80a35|rpc:10.1.0.17:15076|admin:10.1.0.17:15075|client:10.1.0.17:15074|dataStream:10.1.0.17:15077|priority:1|startupRole:FOLLOWER] returns      null 4bb754f9-31d1-4c9b-ab82-9cb241c80a35@group-96A4BEB0830B:t0, leader=null, voted=null, raftlog=UNINITIALIZED, conf=-1: peers:[4bb754f9-31d1-4c9b-ab82-9cb241c80a35|rpc:10.1.0.17:15076|admin:10.1.0.17:15075|client:10.1.0.17:15074|dataStream:10.1.0.17:15077|priority:1|startupRole:FOLLOWER]|listeners:[], old=null NEW
2023-09-13 06:49:32,192 [4bb754f9-31d1-4c9b-ab82-9cb241c80a35-groupManagement] INFO  storage.RaftStorageDirectory (RaftStorageDirectoryImpl.java:analyzeStorage(137)) - The storage directory /home/runner/work/ozone/ozone/hadoop-ozone/integration-test/target/test-dir/MiniOzoneClusterImpl-af11299d-9bff-4b11-875a-a8648a114883/datanode-1/data/ratis/8ad79964-e239-4385-a656-96a4beb0830b does not exist. Creating ...
2023-09-13 06:49:32,193 [4bb754f9-31d1-4c9b-ab82-9cb241c80a35-groupManagement] INFO  storage.RaftStorageDirectory (RaftStorageDirectoryImpl.java:tryLock(231)) - Lock on /home/runner/work/ozone/ozone/hadoop-ozone/integration-test/target/test-dir/MiniOzoneClusterImpl-af11299d-9bff-4b11-875a-a8648a114883/datanode-1/data/ratis/8ad79964-e239-4385-a656-96a4beb0830b/in_use.lock acquired by nodename 3839@fv-az460-410
2023-09-13 06:49:32,195 [4bb754f9-31d1-4c9b-ab82-9cb241c80a35-groupManagement] INFO  storage.RaftStorage (RaftStorageImpl.java:format(96)) - Storage directory /home/runner/work/ozone/ozone/hadoop-ozone/integration-test/target/test-dir/MiniOzoneClusterImpl-af11299d-9bff-4b11-875a-a8648a114883/datanode-1/data/ratis/8ad79964-e239-4385-a656-96a4beb0830b has been successfully formatted.
2023-09-13 06:49:32,195 [4bb754f9-31d1-4c9b-ab82-9cb241c80a35-groupManagement] INFO  ratis.ContainerStateMachine (ContainerStateMachine.java:loadSnapshot(262)) - group-96A4BEB0830B: The snapshot info is null. Setting the last applied indexto:(t:0, i:~)
2023-09-13 06:49:32,195 [4bb754f9-31d1-4c9b-ab82-9cb241c80a35-groupManagement] INFO  server.RaftServerConfigKeys (ConfUtils.java:logGet(46)) - raft.server.log.use.memory = false (default)
2023-09-13 06:49:32,196 [4bb754f9-31d1-4c9b-ab82-9cb241c80a35-groupManagement] INFO  server.RaftServerConfigKeys (ConfUtils.java:logGet(46)) - raft.server.log.purge.gap = 1000000 (custom)
2023-09-13 06:49:32,196 [4bb754f9-31d1-4c9b-ab82-9cb241c80a35-groupManagement] INFO  server.RaftServerConfigKeys (ConfUtils.java:logGet(46)) - raft.server.log.appender.buffer.byte-limit = 33554432 (custom)
2023-09-13 06:49:32,196 [4bb754f9-31d1-4c9b-ab82-9cb241c80a35-groupManagement] INFO  server.RaftServerConfigKeys (ConfUtils.java:logGet(46)) - raft.server.log.statemachine.data.read.timeout = 1000ms (default)
2023-09-13 06:49:32,196 [4bb754f9-31d1-4c9b-ab82-9cb241c80a35-groupManagement] INFO  server.RaftServerConfigKeys (ConfUtils.java:logGet(46)) - raft.server.log.purge.preservation.log.num = 0 (default)
2023-09-13 06:49:32,196 [4bb754f9-31d1-4c9b-ab82-9cb241c80a35-groupManagement] INFO  server.RaftServerConfigKeys (ConfUtils.java:logGet(46)) - raft.server.log.segment.size.max = 1048576 (custom)
2023-09-13 06:49:32,198 [EventQueue-PipelineReportForPipelineReportHandler] INFO  pipeline.PipelineReportHandler (PipelineReportHandler.java:processPipelineReport(136)) - Opened pipeline PipelineID=8ad79964-e239-4385-a656-96a4beb0830b
2023-09-13 06:49:32,198 [EventQueue-OpenPipelineForHealthyPipelineSafeModeRule] INFO  safemode.SCMSafeModeManager (HealthyPipelineSafeModeRule.java:process(137)) - SCM in safe mode. Healthy pipelines reported count is 0, required healthy pipeline reported count is 1
2023-09-13 06:49:32,199 [4bb754f9-31d1-4c9b-ab82-9cb241c80a35-groupManagement] INFO  server.RaftServerConfigKeys (ConfUtils.java:logGet(46)) - raft.server.log.segment.cache.num.max = 2 (custom)
2023-09-13 06:49:32,199 [4bb754f9-31d1-4c9b-ab82-9cb241c80a35-groupManagement] INFO  server.RaftServerConfigKeys (ConfUtils.java:logGet(46)) - raft.server.log.segment.cache.size.max = 200MB (=209715200) (default)
2023-09-13 06:49:32,199 [4bb754f9-31d1-4c9b-ab82-9cb241c80a35-groupManagement] INFO  server.RaftServerConfigKeys (ConfUtils.java:logGet(46)) - raft.server.log.appender.buffer.byte-limit = 33554432 (custom)
2023-09-13 06:49:32,199 [4bb754f9-31d1-4c9b-ab82-9cb241c80a35-groupManagement] INFO  segmented.SegmentedRaftLogWorker (SegmentedRaftLogWorker.java:<init>(188)) - new 4bb754f9-31d1-4c9b-ab82-9cb241c80a35@group-96A4BEB0830B-SegmentedRaftLogWorker for RaftStorageImpl:Storage Directory /home/runner/work/ozone/ozone/hadoop-ozone/integration-test/target/test-dir/MiniOzoneClusterImpl-af11299d-9bff-4b11-875a-a8648a114883/datanode-1/data/ratis/8ad79964-e239-4385-a656-96a4beb0830b
2023-09-13 06:49:32,199 [4bb754f9-31d1-4c9b-ab82-9cb241c80a35-groupManagement] INFO  server.RaftServerConfigKeys (ConfUtils.java:logGet(46)) - raft.server.log.queue.byte-limit = 4294967296 (custom)
2023-09-13 06:49:32,199 [4bb754f9-31d1-4c9b-ab82-9cb241c80a35-groupManagement] INFO  server.RaftServerConfigKeys (ConfUtils.java:logGet(46)) - raft.server.log.queue.element-limit = 1024 (custom)
2023-09-13 06:49:32,199 [4bb754f9-31d1-4c9b-ab82-9cb241c80a35-groupManagement] INFO  server.RaftServerConfigKeys (ConfUtils.java:logGet(46)) - raft.server.log.segment.size.max = 1048576 (custom)
2023-09-13 06:49:32,199 [4bb754f9-31d1-4c9b-ab82-9cb241c80a35-groupManagement] INFO  server.RaftServerConfigKeys (ConfUtils.java:logGet(46)) - raft.server.log.preallocated.size = 16384 (custom)
2023-09-13 06:49:32,199 [4bb754f9-31d1-4c9b-ab82-9cb241c80a35-groupManagement] INFO  server.RaftServerConfigKeys (ConfUtils.java:logGet(46)) - raft.server.log.force.sync.num = 128 (default)
2023-09-13 06:49:32,199 [4bb754f9-31d1-4c9b-ab82-9cb241c80a35-groupManagement] INFO  server.RaftServerConfigKeys (ConfUtils.java:logGet(46)) - raft.server.log.statemachine.data.sync = true (default)
2023-09-13 06:49:32,199 [4bb754f9-31d1-4c9b-ab82-9cb241c80a35-groupManagement] INFO  server.RaftServerConfigKeys (ConfUtils.java:logGet(46)) - raft.server.log.statemachine.data.sync.timeout = 10s (default)
2023-09-13 06:49:32,199 [4bb754f9-31d1-4c9b-ab82-9cb241c80a35-groupManagement] INFO  server.RaftServerConfigKeys (ConfUtils.java:logGet(46)) - raft.server.log.statemachine.data.sync.timeout.retry = -1 (default)
2023-09-13 06:49:32,200 [4bb754f9-31d1-4c9b-ab82-9cb241c80a35-groupManagement] INFO  server.RaftServerConfigKeys (ConfUtils.java:logGet(46)) - raft.server.log.write.buffer.size = 1048576 (custom)
2023-09-13 06:49:32,201 [4bb754f9-31d1-4c9b-ab82-9cb241c80a35-groupManagement] INFO  server.RaftServerConfigKeys (ConfUtils.java:logGet(46)) - raft.server.log.appender.buffer.byte-limit = 33554432 (custom)
2023-09-13 06:49:32,206 [4bb754f9-31d1-4c9b-ab82-9cb241c80a35-groupManagement] INFO  server.RaftServerConfigKeys (ConfUtils.java:logGet(46)) - raft.server.log.unsafe-flush.enabled = false (default)
2023-09-13 06:49:32,206 [4bb754f9-31d1-4c9b-ab82-9cb241c80a35-groupManagement] INFO  server.RaftServerConfigKeys (ConfUtils.java:logGet(46)) - raft.server.log.async-flush.enabled = false (default)
2023-09-13 06:49:32,206 [4bb754f9-31d1-4c9b-ab82-9cb241c80a35-groupManagement] INFO  server.RaftServerConfigKeys (ConfUtils.java:logGet(46)) - raft.server.log.statemachine.data.caching.enabled = true (custom)
2023-09-13 06:49:32,206 [4bb754f9-31d1-4c9b-ab82-9cb241c80a35-groupManagement] INFO  segmented.SegmentedRaftLogWorker (SegmentedRaftLogWorker.java:lambda$new$0(135)) - 4bb754f9-31d1-4c9b-ab82-9cb241c80a35@group-96A4BEB0830B-SegmentedRaftLogWorker: flushIndex: setUnconditionally 0 -> -1
2023-09-13 06:49:32,206 [4bb754f9-31d1-4c9b-ab82-9cb241c80a35-groupManagement] INFO  segmented.SegmentedRaftLogWorker (SegmentedRaftLogWorker.java:lambda$new$0(135)) - 4bb754f9-31d1-4c9b-ab82-9cb241c80a35@group-96A4BEB0830B-SegmentedRaftLogWorker: safeCacheEvictIndex: setUnconditionally 0 -> -1
2023-09-13 06:49:32,207 [4bb754f9-31d1-4c9b-ab82-9cb241c80a35-groupManagement] INFO  server.RaftServer$Division (RaftServerImpl.java:start(342)) - 4bb754f9-31d1-4c9b-ab82-9cb241c80a35@group-96A4BEB0830B: start as a follower, conf=-1: peers:[4bb754f9-31d1-4c9b-ab82-9cb241c80a35|rpc:10.1.0.17:15076|admin:10.1.0.17:15075|client:10.1.0.17:15074|dataStream:10.1.0.17:15077|priority:1|startupRole:FOLLOWER]|listeners:[], old=null
2023-09-13 06:49:32,207 [4bb754f9-31d1-4c9b-ab82-9cb241c80a35-groupManagement] INFO  server.RaftServer$Division (RaftServerImpl.java:setRole(329)) - 4bb754f9-31d1-4c9b-ab82-9cb241c80a35@group-96A4BEB0830B: changes role from      null to FOLLOWER at term 0 for startAsFollower
2023-09-13 06:49:32,207 [4bb754f9-31d1-4c9b-ab82-9cb241c80a35-groupManagement] INFO  impl.RoleInfo (RoleInfo.java:updateAndGet(139)) - 4bb754f9-31d1-4c9b-ab82-9cb241c80a35: start 4bb754f9-31d1-4c9b-ab82-9cb241c80a35@group-96A4BEB0830B-FollowerState
2023-09-13 06:49:32,207 [4bb754f9-31d1-4c9b-ab82-9cb241c80a35-groupManagement] INFO  util.JmxRegister (JmxRegister.java:tryRegister(44)) - Successfully registered JMX Bean with object name Ratis:service=RaftServer,group=group-96A4BEB0830B,id=4bb754f9-31d1-4c9b-ab82-9cb241c80a35
2023-09-13 06:49:32,207 [4bb754f9-31d1-4c9b-ab82-9cb241c80a35-groupManagement] INFO  server.RaftServerConfigKeys (ConfUtils.java:logGet(46)) - raft.server.snapshot.auto.trigger.enabled = true (custom)
2023-09-13 06:49:32,207 [4bb754f9-31d1-4c9b-ab82-9cb241c80a35-groupManagement] INFO  server.RaftServerConfigKeys (ConfUtils.java:logGet(46)) - raft.server.snapshot.auto.trigger.threshold = 10000 (custom)
2023-09-13 06:49:32,207 [4bb754f9-31d1-4c9b-ab82-9cb241c80a35-groupManagement] INFO  server.RaftServerConfigKeys (ConfUtils.java:logGet(46)) - raft.server.snapshot.retention.file.num = 5 (custom)
2023-09-13 06:49:32,207 [4bb754f9-31d1-4c9b-ab82-9cb241c80a35-groupManagement] INFO  server.RaftServerConfigKeys (ConfUtils.java:logGet(46)) - raft.server.log.purge.upto.snapshot.index = false (default)
2023-09-13 06:49:32,208 [4bb754f9-31d1-4c9b-ab82-9cb241c80a35@group-96A4BEB0830B-FollowerState] INFO  server.RaftServerConfigKeys (ConfUtils.java:logFallback(53)) - raft.server.rpc.first-election.timeout.min = 5s (fallback to raft.server.rpc.timeout.min)
2023-09-13 06:49:32,208 [4bb754f9-31d1-4c9b-ab82-9cb241c80a35@group-96A4BEB0830B-FollowerState] INFO  server.RaftServerConfigKeys (ConfUtils.java:logFallback(53)) - raft.server.rpc.first-election.timeout.max = 5200ms (fallback to raft.server.rpc.timeout.max)
2023-09-13 06:49:32,208 [PipelineCommandHandlerThread-0] INFO  ratis.XceiverServerRatis (XceiverServerRatis.java:addGroup(804)) - Created group PipelineID=8ad79964-e239-4385-a656-96a4beb0830b
2023-09-13 06:49:32,208 [PipelineCommandHandlerThread-0] INFO  commandhandler.CreatePipelineCommandHandler (CreatePipelineCommandHandler.java:lambda$handle$2(124)) - Created Pipeline RATIS ONE PipelineID=8ad79964-e239-4385-a656-96a4beb0830b.
2023-09-13 06:49:32,210 [JUnit] INFO  ozone.MiniOzoneClusterImpl (MiniOzoneClusterImpl.java:lambda$waitForClusterToBeReady$0(224)) - Nodes are ready. Got 5 of 5 DN Heartbeats.
2023-09-13 06:49:32,210 [JUnit] INFO  ozone.MiniOzoneClusterImpl (MiniOzoneClusterImpl.java:lambda$waitForClusterToBeReady$0(227)) - Waiting for cluster to exit safe mode
2023-09-13 06:49:32,211 [JUnit] INFO  ozone.MiniOzoneClusterImpl (MiniOzoneClusterImpl.java:lambda$waitForClusterToBeReady$0(229)) - SCM became leader
2023-09-13 06:49:32,541 [caee8b76-9fb6-4477-ae87-28d408607da3-groupManagement] INFO  server.RaftServer$Division (RaftServerImpl.java:<init>(198)) - caee8b76-9fb6-4477-ae87-28d408607da3: new RaftServerImpl for group-C090BCFDDE41:[caee8b76-9fb6-4477-ae87-28d408607da3|rpc:10.1.0.17:15085|admin:10.1.0.17:15084|client:10.1.0.17:15083|dataStream:10.1.0.17:15086|priority:1|startupRole:FOLLOWER] with ContainerStateMachine:uninitialized
2023-09-13 06:49:32,541 [caee8b76-9fb6-4477-ae87-28d408607da3-groupManagement] INFO  server.RaftServerConfigKeys (ConfUtils.java:logGet(46)) - raft.server.rpc.timeout.min = 5s (custom)
2023-09-13 06:49:32,541 [caee8b76-9fb6-4477-ae87-28d408607da3-groupManagement] INFO  server.RaftServerConfigKeys (ConfUtils.java:logGet(46)) - raft.server.rpc.timeout.max = 5200ms (custom)
2023-09-13 06:49:32,542 [caee8b76-9fb6-4477-ae87-28d408607da3-groupManagement] INFO  server.RaftServerConfigKeys (ConfUtils.java:logGet(46)) - raft.server.rpc.sleep.time = 25ms (default)
2023-09-13 06:49:32,542 [caee8b76-9fb6-4477-ae87-28d408607da3-groupManagement] INFO  server.RaftServerConfigKeys (ConfUtils.java:logGet(46)) - raft.server.rpc.slowness.timeout = 300000ms (custom)
2023-09-13 06:49:32,542 [caee8b76-9fb6-4477-ae87-28d408607da3-groupManagement] INFO  server.RaftServerConfigKeys (ConfUtils.java:logGet(46)) - raft.server.leaderelection.leader.step-down.wait-time = 10s (default)
2023-09-13 06:49:32,542 [caee8b76-9fb6-4477-ae87-28d408607da3-groupManagement] INFO  server.RaftServerConfigKeys (ConfUtils.java:logGet(46)) - raft.server.sleep.deviation.threshold = 300ms (default)
2023-09-13 06:49:32,542 [caee8b76-9fb6-4477-ae87-28d408607da3-groupManagement] INFO  server.RaftServer$Division (ServerState.java:<init>(120)) - caee8b76-9fb6-4477-ae87-28d408607da3@group-C090BCFDDE41: ConfigurationManager, init=-1: peers:[caee8b76-9fb6-4477-ae87-28d408607da3|rpc:10.1.0.17:15085|admin:10.1.0.17:15084|client:10.1.0.17:15083|dataStream:10.1.0.17:15086|priority:1|startupRole:FOLLOWER]|listeners:[], old=null, confs=<EMPTY_MAP>
2023-09-13 06:49:32,542 [caee8b76-9fb6-4477-ae87-28d408607da3-groupManagement] INFO  server.RaftServerConfigKeys (ConfUtils.java:logGet(46)) - raft.server.storage.dir = [/home/runner/work/ozone/ozone/hadoop-ozone/integration-test/target/test-dir/MiniOzoneClusterImpl-af11299d-9bff-4b11-875a-a8648a114883/datanode-2/data/ratis] (custom)
2023-09-13 06:49:32,542 [caee8b76-9fb6-4477-ae87-28d408607da3-groupManagement] INFO  server.RaftServerConfigKeys (ConfUtils.java:logGet(46)) - raft.server.log.corruption.policy = EXCEPTION (default)
2023-09-13 06:49:32,542 [caee8b76-9fb6-4477-ae87-28d408607da3-groupManagement] INFO  server.RaftServerConfigKeys (ConfUtils.java:logGet(46)) - raft.server.storage.free-space.min = 0MB (=0) (default)
2023-09-13 06:49:32,542 [caee8b76-9fb6-4477-ae87-28d408607da3-groupManagement] INFO  server.RaftServerConfigKeys (ConfUtils.java:logGet(46)) - raft.server.notification.no-leader.timeout = 300000ms (custom)
2023-09-13 06:49:32,542 [caee8b76-9fb6-4477-ae87-28d408607da3-groupManagement] INFO  server.RaftServerConfigKeys (ConfUtils.java:logGet(46)) - raft.server.read.timeout = 10s (default)
2023-09-13 06:49:32,542 [caee8b76-9fb6-4477-ae87-28d408607da3-groupManagement] INFO  server.RaftServerConfigKeys (ConfUtils.java:logGet(46)) - raft.server.retrycache.expirytime = 600000ms (custom)
2023-09-13 06:49:32,542 [caee8b76-9fb6-4477-ae87-28d408607da3-groupManagement] INFO  server.RaftServerConfigKeys (ConfUtils.java:logGet(46)) - raft.server.retrycache.statistics.expirytime = 100μs (default)
2023-09-13 06:49:32,543 [caee8b76-9fb6-4477-ae87-28d408607da3-groupManagement] INFO  server.RaftServerConfigKeys (ConfUtils.java:logGet(46)) - raft.server.read.option = DEFAULT (default)
2023-09-13 06:49:32,543 [caee8b76-9fb6-4477-ae87-28d408607da3-groupManagement] INFO  server.RaftServerConfigKeys (ConfUtils.java:logGet(46)) - raft.server.rpc.request.timeout = 3000ms (default)
2023-09-13 06:49:32,543 [caee8b76-9fb6-4477-ae87-28d408607da3-groupManagement] INFO  server.RaftServerConfigKeys (ConfUtils.java:logGet(46)) - raft.server.log.appender.install.snapshot.enabled = false (custom)
2023-09-13 06:49:32,544 [caee8b76-9fb6-4477-ae87-28d408607da3-groupManagement] INFO  server.RaftServerConfigKeys (ConfUtils.java:logGet(46)) - raft.server.threadpool.server.cached = true (default)
2023-09-13 06:49:32,544 [caee8b76-9fb6-4477-ae87-28d408607da3-groupManagement] INFO  server.RaftServerConfigKeys (ConfUtils.java:logGet(46)) - raft.server.threadpool.server.size = 0 (default)
2023-09-13 06:49:32,544 [caee8b76-9fb6-4477-ae87-28d408607da3-groupManagement] INFO  server.RaftServerConfigKeys (ConfUtils.java:logGet(46)) - raft.server.threadpool.client.cached = true (default)
2023-09-13 06:49:32,544 [caee8b76-9fb6-4477-ae87-28d408607da3-groupManagement] INFO  server.RaftServerConfigKeys (ConfUtils.java:logGet(46)) - raft.server.threadpool.client.size = 0 (default)
2023-09-13 06:49:32,544 [PipelineCommandHandlerThread-0] INFO  server.RaftServer (RaftServerProxy.java:addNew(98)) - caee8b76-9fb6-4477-ae87-28d408607da3: addNew group-C090BCFDDE41:[caee8b76-9fb6-4477-ae87-28d408607da3|rpc:10.1.0.17:15085|admin:10.1.0.17:15084|client:10.1.0.17:15083|dataStream:10.1.0.17:15086|priority:1|startupRole:FOLLOWER] returns      null caee8b76-9fb6-4477-ae87-28d408607da3@group-C090BCFDDE41:t0, leader=null, voted=null, raftlog=UNINITIALIZED, conf=-1: peers:[caee8b76-9fb6-4477-ae87-28d408607da3|rpc:10.1.0.17:15085|admin:10.1.0.17:15084|client:10.1.0.17:15083|dataStream:10.1.0.17:15086|priority:1|startupRole:FOLLOWER]|listeners:[], old=null NEW
2023-09-13 06:49:32,548 [caee8b76-9fb6-4477-ae87-28d408607da3-groupManagement] INFO  storage.RaftStorageDirectory (RaftStorageDirectoryImpl.java:analyzeStorage(137)) - The storage directory /home/runner/work/ozone/ozone/hadoop-ozone/integration-test/target/test-dir/MiniOzoneClusterImpl-af11299d-9bff-4b11-875a-a8648a114883/datanode-2/data/ratis/af033b87-63de-4266-b8cc-c090bcfdde41 does not exist. Creating ...
2023-09-13 06:49:32,549 [caee8b76-9fb6-4477-ae87-28d408607da3-groupManagement] INFO  storage.RaftStorageDirectory (RaftStorageDirectoryImpl.java:tryLock(231)) - Lock on /home/runner/work/ozone/ozone/hadoop-ozone/integration-test/target/test-dir/MiniOzoneClusterImpl-af11299d-9bff-4b11-875a-a8648a114883/datanode-2/data/ratis/af033b87-63de-4266-b8cc-c090bcfdde41/in_use.lock acquired by nodename 3839@fv-az460-410
2023-09-13 06:49:32,551 [caee8b76-9fb6-4477-ae87-28d408607da3-groupManagement] INFO  storage.RaftStorage (RaftStorageImpl.java:format(96)) - Storage directory /home/runner/work/ozone/ozone/hadoop-ozone/integration-test/target/test-dir/MiniOzoneClusterImpl-af11299d-9bff-4b11-875a-a8648a114883/datanode-2/data/ratis/af033b87-63de-4266-b8cc-c090bcfdde41 has been successfully formatted.
2023-09-13 06:49:32,551 [caee8b76-9fb6-4477-ae87-28d408607da3-groupManagement] INFO  ratis.ContainerStateMachine (ContainerStateMachine.java:loadSnapshot(262)) - group-C090BCFDDE41: The snapshot info is null. Setting the last applied indexto:(t:0, i:~)
2023-09-13 06:49:32,552 [caee8b76-9fb6-4477-ae87-28d408607da3-groupManagement] INFO  server.RaftServerConfigKeys (ConfUtils.java:logGet(46)) - raft.server.log.use.memory = false (default)
2023-09-13 06:49:32,552 [caee8b76-9fb6-4477-ae87-28d408607da3-groupManagement] INFO  server.RaftServerConfigKeys (ConfUtils.java:logGet(46)) - raft.server.log.purge.gap = 1000000 (custom)
2023-09-13 06:49:32,552 [caee8b76-9fb6-4477-ae87-28d408607da3-groupManagement] INFO  server.RaftServerConfigKeys (ConfUtils.java:logGet(46)) - raft.server.log.appender.buffer.byte-limit = 33554432 (custom)
2023-09-13 06:49:32,552 [caee8b76-9fb6-4477-ae87-28d408607da3-groupManagement] INFO  server.RaftServerConfigKeys (ConfUtils.java:logGet(46)) - raft.server.log.statemachine.data.read.timeout = 1000ms (default)
2023-09-13 06:49:32,552 [caee8b76-9fb6-4477-ae87-28d408607da3-groupManagement] INFO  server.RaftServerConfigKeys (ConfUtils.java:logGet(46)) - raft.server.log.purge.preservation.log.num = 0 (default)
2023-09-13 06:49:32,555 [EventQueue-PipelineReportForPipelineReportHandler] INFO  pipeline.PipelineReportHandler (PipelineReportHandler.java:processPipelineReport(136)) - Opened pipeline PipelineID=af033b87-63de-4266-b8cc-c090bcfdde41
2023-09-13 06:49:32,555 [EventQueue-OpenPipelineForHealthyPipelineSafeModeRule] INFO  safemode.SCMSafeModeManager (HealthyPipelineSafeModeRule.java:process(137)) - SCM in safe mode. Healthy pipelines reported count is 0, required healthy pipeline reported count is 1
2023-09-13 06:49:32,557 [caee8b76-9fb6-4477-ae87-28d408607da3-groupManagement] INFO  server.RaftServerConfigKeys (ConfUtils.java:logGet(46)) - raft.server.log.segment.size.max = 1048576 (custom)
2023-09-13 06:49:32,557 [caee8b76-9fb6-4477-ae87-28d408607da3-groupManagement] INFO  server.RaftServerConfigKeys (ConfUtils.java:logGet(46)) - raft.server.log.segment.cache.num.max = 2 (custom)
2023-09-13 06:49:32,558 [caee8b76-9fb6-4477-ae87-28d408607da3-groupManagement] INFO  server.RaftServerConfigKeys (ConfUtils.java:logGet(46)) - raft.server.log.segment.cache.size.max = 200MB (=209715200) (default)
2023-09-13 06:49:32,558 [caee8b76-9fb6-4477-ae87-28d408607da3-groupManagement] INFO  server.RaftServerConfigKeys (ConfUtils.java:logGet(46)) - raft.server.log.appender.buffer.byte-limit = 33554432 (custom)
2023-09-13 06:49:32,558 [caee8b76-9fb6-4477-ae87-28d408607da3-groupManagement] INFO  segmented.SegmentedRaftLogWorker (SegmentedRaftLogWorker.java:<init>(188)) - new caee8b76-9fb6-4477-ae87-28d408607da3@group-C090BCFDDE41-SegmentedRaftLogWorker for RaftStorageImpl:Storage Directory /home/runner/work/ozone/ozone/hadoop-ozone/integration-test/target/test-dir/MiniOzoneClusterImpl-af11299d-9bff-4b11-875a-a8648a114883/datanode-2/data/ratis/af033b87-63de-4266-b8cc-c090bcfdde41
2023-09-13 06:49:32,558 [caee8b76-9fb6-4477-ae87-28d408607da3-groupManagement] INFO  server.RaftServerConfigKeys (ConfUtils.java:logGet(46)) - raft.server.log.queue.byte-limit = 4294967296 (custom)
2023-09-13 06:49:32,558 [caee8b76-9fb6-4477-ae87-28d408607da3-groupManagement] INFO  server.RaftServerConfigKeys (ConfUtils.java:logGet(46)) - raft.server.log.queue.element-limit = 1024 (custom)
2023-09-13 06:49:32,558 [caee8b76-9fb6-4477-ae87-28d408607da3-groupManagement] INFO  server.RaftServerConfigKeys (ConfUtils.java:logGet(46)) - raft.server.log.segment.size.max = 1048576 (custom)
2023-09-13 06:49:32,558 [caee8b76-9fb6-4477-ae87-28d408607da3-groupManagement] INFO  server.RaftServerConfigKeys (ConfUtils.java:logGet(46)) - raft.server.log.preallocated.size = 16384 (custom)
2023-09-13 06:49:32,558 [caee8b76-9fb6-4477-ae87-28d408607da3-groupManagement] INFO  server.RaftServerConfigKeys (ConfUtils.java:logGet(46)) - raft.server.log.force.sync.num = 128 (default)
2023-09-13 06:49:32,558 [caee8b76-9fb6-4477-ae87-28d408607da3-groupManagement] INFO  server.RaftServerConfigKeys (ConfUtils.java:logGet(46)) - raft.server.log.statemachine.data.sync = true (default)
2023-09-13 06:49:32,558 [caee8b76-9fb6-4477-ae87-28d408607da3-groupManagement] INFO  server.RaftServerConfigKeys (ConfUtils.java:logGet(46)) - raft.server.log.statemachine.data.sync.timeout = 10s (default)
2023-09-13 06:49:32,558 [caee8b76-9fb6-4477-ae87-28d408607da3-groupManagement] INFO  server.RaftServerConfigKeys (ConfUtils.java:logGet(46)) - raft.server.log.statemachine.data.sync.timeout.retry = -1 (default)
2023-09-13 06:49:32,559 [caee8b76-9fb6-4477-ae87-28d408607da3-groupManagement] INFO  server.RaftServerConfigKeys (ConfUtils.java:logGet(46)) - raft.server.log.write.buffer.size = 1048576 (custom)
2023-09-13 06:49:32,560 [caee8b76-9fb6-4477-ae87-28d408607da3-groupManagement] INFO  server.RaftServerConfigKeys (ConfUtils.java:logGet(46)) - raft.server.log.appender.buffer.byte-limit = 33554432 (custom)
2023-09-13 06:49:32,565 [caee8b76-9fb6-4477-ae87-28d408607da3-groupManagement] INFO  server.RaftServerConfigKeys (ConfUtils.java:logGet(46)) - raft.server.log.unsafe-flush.enabled = false (default)
2023-09-13 06:49:32,565 [caee8b76-9fb6-4477-ae87-28d408607da3-groupManagement] INFO  server.RaftServerConfigKeys (ConfUtils.java:logGet(46)) - raft.server.log.async-flush.enabled = false (default)
2023-09-13 06:49:32,565 [caee8b76-9fb6-4477-ae87-28d408607da3-groupManagement] INFO  server.RaftServerConfigKeys (ConfUtils.java:logGet(46)) - raft.server.log.statemachine.data.caching.enabled = true (custom)
2023-09-13 06:49:32,566 [caee8b76-9fb6-4477-ae87-28d408607da3-groupManagement] INFO  segmented.SegmentedRaftLogWorker (SegmentedRaftLogWorker.java:lambda$new$0(135)) - caee8b76-9fb6-4477-ae87-28d408607da3@group-C090BCFDDE41-SegmentedRaftLogWorker: flushIndex: setUnconditionally 0 -> -1
2023-09-13 06:49:32,566 [caee8b76-9fb6-4477-ae87-28d408607da3-groupManagement] INFO  segmented.SegmentedRaftLogWorker (SegmentedRaftLogWorker.java:lambda$new$0(135)) - caee8b76-9fb6-4477-ae87-28d408607da3@group-C090BCFDDE41-SegmentedRaftLogWorker: safeCacheEvictIndex: setUnconditionally 0 -> -1
2023-09-13 06:49:32,566 [caee8b76-9fb6-4477-ae87-28d408607da3-groupManagement] INFO  server.RaftServer$Division (RaftServerImpl.java:start(342)) - caee8b76-9fb6-4477-ae87-28d408607da3@group-C090BCFDDE41: start as a follower, conf=-1: peers:[caee8b76-9fb6-4477-ae87-28d408607da3|rpc:10.1.0.17:15085|admin:10.1.0.17:15084|client:10.1.0.17:15083|dataStream:10.1.0.17:15086|priority:1|startupRole:FOLLOWER]|listeners:[], old=null
2023-09-13 06:49:32,566 [caee8b76-9fb6-4477-ae87-28d408607da3-groupManagement] INFO  server.RaftServer$Division (RaftServerImpl.java:setRole(329)) - caee8b76-9fb6-4477-ae87-28d408607da3@group-C090BCFDDE41: changes role from      null to FOLLOWER at term 0 for startAsFollower
2023-09-13 06:49:32,566 [caee8b76-9fb6-4477-ae87-28d408607da3-groupManagement] INFO  impl.RoleInfo (RoleInfo.java:updateAndGet(139)) - caee8b76-9fb6-4477-ae87-28d408607da3: start caee8b76-9fb6-4477-ae87-28d408607da3@group-C090BCFDDE41-FollowerState
2023-09-13 06:49:32,568 [caee8b76-9fb6-4477-ae87-28d408607da3-groupManagement] INFO  util.JmxRegister (JmxRegister.java:tryRegister(44)) - Successfully registered JMX Bean with object name Ratis:service=RaftServer,group=group-C090BCFDDE41,id=caee8b76-9fb6-4477-ae87-28d408607da3
2023-09-13 06:49:32,568 [caee8b76-9fb6-4477-ae87-28d408607da3@group-C090BCFDDE41-FollowerState] INFO  server.RaftServerConfigKeys (ConfUtils.java:logFallback(53)) - raft.server.rpc.first-election.timeout.min = 5s (fallback to raft.server.rpc.timeout.min)
2023-09-13 06:49:32,569 [caee8b76-9fb6-4477-ae87-28d408607da3@group-C090BCFDDE41-FollowerState] INFO  server.RaftServerConfigKeys (ConfUtils.java:logFallback(53)) - raft.server.rpc.first-election.timeout.max = 5200ms (fallback to raft.server.rpc.timeout.max)
2023-09-13 06:49:32,569 [caee8b76-9fb6-4477-ae87-28d408607da3-groupManagement] INFO  server.RaftServerConfigKeys (ConfUtils.java:logGet(46)) - raft.server.snapshot.auto.trigger.enabled = true (custom)
2023-09-13 06:49:32,569 [caee8b76-9fb6-4477-ae87-28d408607da3-groupManagement] INFO  server.RaftServerConfigKeys (ConfUtils.java:logGet(46)) - raft.server.snapshot.auto.trigger.threshold = 10000 (custom)
2023-09-13 06:49:32,569 [caee8b76-9fb6-4477-ae87-28d408607da3-groupManagement] INFO  server.RaftServerConfigKeys (ConfUtils.java:logGet(46)) - raft.server.snapshot.retention.file.num = 5 (custom)
2023-09-13 06:49:32,569 [caee8b76-9fb6-4477-ae87-28d408607da3-groupManagement] INFO  server.RaftServerConfigKeys (ConfUtils.java:logGet(46)) - raft.server.log.purge.upto.snapshot.index = false (default)
2023-09-13 06:49:32,570 [PipelineCommandHandlerThread-0] INFO  ratis.XceiverServerRatis (XceiverServerRatis.java:addGroup(804)) - Created group PipelineID=af033b87-63de-4266-b8cc-c090bcfdde41
2023-09-13 06:49:32,570 [PipelineCommandHandlerThread-0] INFO  commandhandler.CreatePipelineCommandHandler (CreatePipelineCommandHandler.java:lambda$handle$2(124)) - Created Pipeline RATIS ONE PipelineID=af033b87-63de-4266-b8cc-c090bcfdde41.
2023-09-13 06:49:32,889 [PipelineCommandHandlerThread-0] INFO  server.RaftServer (RaftServerProxy.java:addNew(98)) - 7d333e3b-a912-4945-85a1-cfb45bef2dd4: addNew group-2DC6E749E0E2:[7d333e3b-a912-4945-85a1-cfb45bef2dd4|rpc:10.1.0.17:15094|admin:10.1.0.17:15093|client:10.1.0.17:15092|dataStream:10.1.0.17:15095|priority:1|startupRole:FOLLOWER] returns group-2DC6E749E0E2:java.util.concurrent.CompletableFuture@7879a76b[Not completed]
2023-09-13 06:49:32,890 [7d333e3b-a912-4945-85a1-cfb45bef2dd4-groupManagement] INFO  server.RaftServer$Division (RaftServerImpl.java:<init>(198)) - 7d333e3b-a912-4945-85a1-cfb45bef2dd4: new RaftServerImpl for group-2DC6E749E0E2:[7d333e3b-a912-4945-85a1-cfb45bef2dd4|rpc:10.1.0.17:15094|admin:10.1.0.17:15093|client:10.1.0.17:15092|dataStream:10.1.0.17:15095|priority:1|startupRole:FOLLOWER] with ContainerStateMachine:uninitialized
2023-09-13 06:49:32,890 [7d333e3b-a912-4945-85a1-cfb45bef2dd4-groupManagement] INFO  server.RaftServerConfigKeys (ConfUtils.java:logGet(46)) - raft.server.rpc.timeout.min = 5s (custom)
2023-09-13 06:49:32,890 [7d333e3b-a912-4945-85a1-cfb45bef2dd4-groupManagement] INFO  server.RaftServerConfigKeys (ConfUtils.java:logGet(46)) - raft.server.rpc.timeout.max = 5200ms (custom)
2023-09-13 06:49:32,890 [7d333e3b-a912-4945-85a1-cfb45bef2dd4-groupManagement] INFO  server.RaftServerConfigKeys (ConfUtils.java:logGet(46)) - raft.server.rpc.sleep.time = 25ms (default)
2023-09-13 06:49:32,891 [7d333e3b-a912-4945-85a1-cfb45bef2dd4-groupManagement] INFO  server.RaftServerConfigKeys (ConfUtils.java:logGet(46)) - raft.server.rpc.slowness.timeout = 300000ms (custom)
2023-09-13 06:49:32,891 [7d333e3b-a912-4945-85a1-cfb45bef2dd4-groupManagement] INFO  server.RaftServerConfigKeys (ConfUtils.java:logGet(46)) - raft.server.leaderelection.leader.step-down.wait-time = 10s (default)
2023-09-13 06:49:32,891 [7d333e3b-a912-4945-85a1-cfb45bef2dd4-groupManagement] INFO  server.RaftServerConfigKeys (ConfUtils.java:logGet(46)) - raft.server.sleep.deviation.threshold = 300ms (default)
2023-09-13 06:49:32,891 [7d333e3b-a912-4945-85a1-cfb45bef2dd4-groupManagement] INFO  server.RaftServer$Division (ServerState.java:<init>(120)) - 7d333e3b-a912-4945-85a1-cfb45bef2dd4@group-2DC6E749E0E2: ConfigurationManager, init=-1: peers:[7d333e3b-a912-4945-85a1-cfb45bef2dd4|rpc:10.1.0.17:15094|admin:10.1.0.17:15093|client:10.1.0.17:15092|dataStream:10.1.0.17:15095|priority:1|startupRole:FOLLOWER]|listeners:[], old=null, confs=<EMPTY_MAP>
2023-09-13 06:49:32,891 [7d333e3b-a912-4945-85a1-cfb45bef2dd4-groupManagement] INFO  server.RaftServerConfigKeys (ConfUtils.java:logGet(46)) - raft.server.storage.dir = [/home/runner/work/ozone/ozone/hadoop-ozone/integration-test/target/test-dir/MiniOzoneClusterImpl-af11299d-9bff-4b11-875a-a8648a114883/datanode-3/data/ratis] (custom)
2023-09-13 06:49:32,891 [7d333e3b-a912-4945-85a1-cfb45bef2dd4-groupManagement] INFO  server.RaftServerConfigKeys (ConfUtils.java:logGet(46)) - raft.server.log.corruption.policy = EXCEPTION (default)
2023-09-13 06:49:32,891 [7d333e3b-a912-4945-85a1-cfb45bef2dd4-groupManagement] INFO  server.RaftServerConfigKeys (ConfUtils.java:logGet(46)) - raft.server.storage.free-space.min = 0MB (=0) (default)
2023-09-13 06:49:32,891 [7d333e3b-a912-4945-85a1-cfb45bef2dd4-groupManagement] INFO  server.RaftServerConfigKeys (ConfUtils.java:logGet(46)) - raft.server.notification.no-leader.timeout = 300000ms (custom)
2023-09-13 06:49:32,891 [7d333e3b-a912-4945-85a1-cfb45bef2dd4-groupManagement] INFO  server.RaftServerConfigKeys (ConfUtils.java:logGet(46)) - raft.server.read.timeout = 10s (default)
2023-09-13 06:49:32,891 [7d333e3b-a912-4945-85a1-cfb45bef2dd4-groupManagement] INFO  server.RaftServerConfigKeys (ConfUtils.java:logGet(46)) - raft.server.retrycache.expirytime = 600000ms (custom)
2023-09-13 06:49:32,891 [7d333e3b-a912-4945-85a1-cfb45bef2dd4-groupManagement] INFO  server.RaftServerConfigKeys (ConfUtils.java:logGet(46)) - raft.server.retrycache.statistics.expirytime = 100μs (default)
2023-09-13 06:49:32,891 [7d333e3b-a912-4945-85a1-cfb45bef2dd4-groupManagement] INFO  server.RaftServerConfigKeys (ConfUtils.java:logGet(46)) - raft.server.read.option = DEFAULT (default)
2023-09-13 06:49:32,892 [7d333e3b-a912-4945-85a1-cfb45bef2dd4-groupManagement] INFO  server.RaftServerConfigKeys (ConfUtils.java:logGet(46)) - raft.server.rpc.request.timeout = 3000ms (default)
2023-09-13 06:49:32,892 [7d333e3b-a912-4945-85a1-cfb45bef2dd4-groupManagement] INFO  server.RaftServerConfigKeys (ConfUtils.java:logGet(46)) - raft.server.log.appender.install.snapshot.enabled = false (custom)
2023-09-13 06:49:32,892 [7d333e3b-a912-4945-85a1-cfb45bef2dd4-groupManagement] INFO  server.RaftServerConfigKeys (ConfUtils.java:logGet(46)) - raft.server.threadpool.server.cached = true (default)
2023-09-13 06:49:32,893 [7d333e3b-a912-4945-85a1-cfb45bef2dd4-groupManagement] INFO  server.RaftServerConfigKeys (ConfUtils.java:logGet(46)) - raft.server.threadpool.server.size = 0 (default)
2023-09-13 06:49:32,893 [7d333e3b-a912-4945-85a1-cfb45bef2dd4-groupManagement] INFO  server.RaftServerConfigKeys (ConfUtils.java:logGet(46)) - raft.server.threadpool.client.cached = true (default)
2023-09-13 06:49:32,893 [7d333e3b-a912-4945-85a1-cfb45bef2dd4-groupManagement] INFO  server.RaftServerConfigKeys (ConfUtils.java:logGet(46)) - raft.server.threadpool.client.size = 0 (default)
2023-09-13 06:49:32,893 [7d333e3b-a912-4945-85a1-cfb45bef2dd4-groupManagement] INFO  storage.RaftStorageDirectory (RaftStorageDirectoryImpl.java:analyzeStorage(137)) - The storage directory /home/runner/work/ozone/ozone/hadoop-ozone/integration-test/target/test-dir/MiniOzoneClusterImpl-af11299d-9bff-4b11-875a-a8648a114883/datanode-3/data/ratis/0ed812b2-3893-4e4b-ab60-2dc6e749e0e2 does not exist. Creating ...
2023-09-13 06:49:32,894 [7d333e3b-a912-4945-85a1-cfb45bef2dd4-groupManagement] INFO  storage.RaftStorageDirectory (RaftStorageDirectoryImpl.java:tryLock(231)) - Lock on /home/runner/work/ozone/ozone/hadoop-ozone/integration-test/target/test-dir/MiniOzoneClusterImpl-af11299d-9bff-4b11-875a-a8648a114883/datanode-3/data/ratis/0ed812b2-3893-4e4b-ab60-2dc6e749e0e2/in_use.lock acquired by nodename 3839@fv-az460-410
2023-09-13 06:49:32,895 [7d333e3b-a912-4945-85a1-cfb45bef2dd4-groupManagement] INFO  storage.RaftStorage (RaftStorageImpl.java:format(96)) - Storage directory /home/runner/work/ozone/ozone/hadoop-ozone/integration-test/target/test-dir/MiniOzoneClusterImpl-af11299d-9bff-4b11-875a-a8648a114883/datanode-3/data/ratis/0ed812b2-3893-4e4b-ab60-2dc6e749e0e2 has been successfully formatted.
2023-09-13 06:49:32,897 [7d333e3b-a912-4945-85a1-cfb45bef2dd4-groupManagement] INFO  ratis.ContainerStateMachine (ContainerStateMachine.java:loadSnapshot(262)) - group-2DC6E749E0E2: The snapshot info is null. Setting the last applied indexto:(t:0, i:~)
2023-09-13 06:49:32,897 [7d333e3b-a912-4945-85a1-cfb45bef2dd4-groupManagement] INFO  server.RaftServerConfigKeys (ConfUtils.java:logGet(46)) - raft.server.log.use.memory = false (default)
2023-09-13 06:49:32,897 [7d333e3b-a912-4945-85a1-cfb45bef2dd4-groupManagement] INFO  server.RaftServerConfigKeys (ConfUtils.java:logGet(46)) - raft.server.log.purge.gap = 1000000 (custom)
2023-09-13 06:49:32,897 [7d333e3b-a912-4945-85a1-cfb45bef2dd4-groupManagement] INFO  server.RaftServerConfigKeys (ConfUtils.java:logGet(46)) - raft.server.log.appender.buffer.byte-limit = 33554432 (custom)
2023-09-13 06:49:32,897 [7d333e3b-a912-4945-85a1-cfb45bef2dd4-groupManagement] INFO  server.RaftServerConfigKeys (ConfUtils.java:logGet(46)) - raft.server.log.statemachine.data.read.timeout = 1000ms (default)
2023-09-13 06:49:32,897 [7d333e3b-a912-4945-85a1-cfb45bef2dd4-groupManagement] INFO  server.RaftServerConfigKeys (ConfUtils.java:logGet(46)) - raft.server.log.purge.preservation.log.num = 0 (default)
2023-09-13 06:49:32,897 [7d333e3b-a912-4945-85a1-cfb45bef2dd4-groupManagement] INFO  server.RaftServerConfigKeys (ConfUtils.java:logGet(46)) - raft.server.log.segment.size.max = 1048576 (custom)
2023-09-13 06:49:32,898 [7d333e3b-a912-4945-85a1-cfb45bef2dd4-groupManagement] INFO  server.RaftServerConfigKeys (ConfUtils.java:logGet(46)) - raft.server.log.segment.cache.num.max = 2 (custom)
2023-09-13 06:49:32,898 [7d333e3b-a912-4945-85a1-cfb45bef2dd4-groupManagement] INFO  server.RaftServerConfigKeys (ConfUtils.java:logGet(46)) - raft.server.log.segment.cache.size.max = 200MB (=209715200) (default)
2023-09-13 06:49:32,898 [7d333e3b-a912-4945-85a1-cfb45bef2dd4-groupManagement] INFO  server.RaftServerConfigKeys (ConfUtils.java:logGet(46)) - raft.server.log.appender.buffer.byte-limit = 33554432 (custom)
2023-09-13 06:49:32,898 [7d333e3b-a912-4945-85a1-cfb45bef2dd4-groupManagement] INFO  segmented.SegmentedRaftLogWorker (SegmentedRaftLogWorker.java:<init>(188)) - new 7d333e3b-a912-4945-85a1-cfb45bef2dd4@group-2DC6E749E0E2-SegmentedRaftLogWorker for RaftStorageImpl:Storage Directory /home/runner/work/ozone/ozone/hadoop-ozone/integration-test/target/test-dir/MiniOzoneClusterImpl-af11299d-9bff-4b11-875a-a8648a114883/datanode-3/data/ratis/0ed812b2-3893-4e4b-ab60-2dc6e749e0e2
2023-09-13 06:49:32,898 [7d333e3b-a912-4945-85a1-cfb45bef2dd4-groupManagement] INFO  server.RaftServerConfigKeys (ConfUtils.java:logGet(46)) - raft.server.log.queue.byte-limit = 4294967296 (custom)
2023-09-13 06:49:32,898 [7d333e3b-a912-4945-85a1-cfb45bef2dd4-groupManagement] INFO  server.RaftServerConfigKeys (ConfUtils.java:logGet(46)) - raft.server.log.queue.element-limit = 1024 (custom)
2023-09-13 06:49:32,898 [7d333e3b-a912-4945-85a1-cfb45bef2dd4-groupManagement] INFO  server.RaftServerConfigKeys (ConfUtils.java:logGet(46)) - raft.server.log.segment.size.max = 1048576 (custom)
2023-09-13 06:49:32,898 [7d333e3b-a912-4945-85a1-cfb45bef2dd4-groupManagement] INFO  server.RaftServerConfigKeys (ConfUtils.java:logGet(46)) - raft.server.log.preallocated.size = 16384 (custom)
2023-09-13 06:49:32,898 [7d333e3b-a912-4945-85a1-cfb45bef2dd4-groupManagement] INFO  server.RaftServerConfigKeys (ConfUtils.java:logGet(46)) - raft.server.log.force.sync.num = 128 (default)
2023-09-13 06:49:32,898 [7d333e3b-a912-4945-85a1-cfb45bef2dd4-groupManagement] INFO  server.RaftServerConfigKeys (ConfUtils.java:logGet(46)) - raft.server.log.statemachine.data.sync = true (default)
2023-09-13 06:49:32,898 [7d333e3b-a912-4945-85a1-cfb45bef2dd4-groupManagement] INFO  server.RaftServerConfigKeys (ConfUtils.java:logGet(46)) - raft.server.log.statemachine.data.sync.timeout = 10s (default)
2023-09-13 06:49:32,898 [7d333e3b-a912-4945-85a1-cfb45bef2dd4-groupManagement] INFO  server.RaftServerConfigKeys (ConfUtils.java:logGet(46)) - raft.server.log.statemachine.data.sync.timeout.retry = -1 (default)
2023-09-13 06:49:32,899 [7d333e3b-a912-4945-85a1-cfb45bef2dd4-groupManagement] INFO  server.RaftServerConfigKeys (ConfUtils.java:logGet(46)) - raft.server.log.write.buffer.size = 1048576 (custom)
2023-09-13 06:49:32,899 [7d333e3b-a912-4945-85a1-cfb45bef2dd4-groupManagement] INFO  server.RaftServerConfigKeys (ConfUtils.java:logGet(46)) - raft.server.log.appender.buffer.byte-limit = 33554432 (custom)
2023-09-13 06:49:32,899 [EventQueue-PipelineReportForPipelineReportHandler] INFO  pipeline.PipelineReportHandler (PipelineReportHandler.java:processPipelineReport(136)) - Opened pipeline PipelineID=0ed812b2-3893-4e4b-ab60-2dc6e749e0e2
2023-09-13 06:49:32,900 [EventQueue-OpenPipelineForHealthyPipelineSafeModeRule] INFO  safemode.SCMSafeModeManager (HealthyPipelineSafeModeRule.java:process(137)) - SCM in safe mode. Healthy pipelines reported count is 0, required healthy pipeline reported count is 1
2023-09-13 06:49:32,904 [7d333e3b-a912-4945-85a1-cfb45bef2dd4-groupManagement] INFO  server.RaftServerConfigKeys (ConfUtils.java:logGet(46)) - raft.server.log.unsafe-flush.enabled = false (default)
2023-09-13 06:49:32,905 [7d333e3b-a912-4945-85a1-cfb45bef2dd4-groupManagement] INFO  server.RaftServerConfigKeys (ConfUtils.java:logGet(46)) - raft.server.log.async-flush.enabled = false (default)
2023-09-13 06:49:32,905 [7d333e3b-a912-4945-85a1-cfb45bef2dd4-groupManagement] INFO  server.RaftServerConfigKeys (ConfUtils.java:logGet(46)) - raft.server.log.statemachine.data.caching.enabled = true (custom)
2023-09-13 06:49:32,905 [7d333e3b-a912-4945-85a1-cfb45bef2dd4-groupManagement] INFO  segmented.SegmentedRaftLogWorker (SegmentedRaftLogWorker.java:lambda$new$0(135)) - 7d333e3b-a912-4945-85a1-cfb45bef2dd4@group-2DC6E749E0E2-SegmentedRaftLogWorker: flushIndex: setUnconditionally 0 -> -1
2023-09-13 06:49:32,905 [7d333e3b-a912-4945-85a1-cfb45bef2dd4-groupManagement] INFO  segmented.SegmentedRaftLogWorker (SegmentedRaftLogWorker.java:lambda$new$0(135)) - 7d333e3b-a912-4945-85a1-cfb45bef2dd4@group-2DC6E749E0E2-SegmentedRaftLogWorker: safeCacheEvictIndex: setUnconditionally 0 -> -1
2023-09-13 06:49:32,905 [7d333e3b-a912-4945-85a1-cfb45bef2dd4-groupManagement] INFO  server.RaftServer$Division (RaftServerImpl.java:start(342)) - 7d333e3b-a912-4945-85a1-cfb45bef2dd4@group-2DC6E749E0E2: start as a follower, conf=-1: peers:[7d333e3b-a912-4945-85a1-cfb45bef2dd4|rpc:10.1.0.17:15094|admin:10.1.0.17:15093|client:10.1.0.17:15092|dataStream:10.1.0.17:15095|priority:1|startupRole:FOLLOWER]|listeners:[], old=null
2023-09-13 06:49:32,905 [7d333e3b-a912-4945-85a1-cfb45bef2dd4-groupManagement] INFO  server.RaftServer$Division (RaftServerImpl.java:setRole(329)) - 7d333e3b-a912-4945-85a1-cfb45bef2dd4@group-2DC6E749E0E2: changes role from      null to FOLLOWER at term 0 for startAsFollower
2023-09-13 06:49:32,905 [7d333e3b-a912-4945-85a1-cfb45bef2dd4-groupManagement] INFO  impl.RoleInfo (RoleInfo.java:updateAndGet(139)) - 7d333e3b-a912-4945-85a1-cfb45bef2dd4: start 7d333e3b-a912-4945-85a1-cfb45bef2dd4@group-2DC6E749E0E2-FollowerState
2023-09-13 06:49:32,906 [7d333e3b-a912-4945-85a1-cfb45bef2dd4-groupManagement] INFO  util.JmxRegister (JmxRegister.java:tryRegister(44)) - Successfully registered JMX Bean with object name Ratis:service=RaftServer,group=group-2DC6E749E0E2,id=7d333e3b-a912-4945-85a1-cfb45bef2dd4
2023-09-13 06:49:32,906 [7d333e3b-a912-4945-85a1-cfb45bef2dd4@group-2DC6E749E0E2-FollowerState] INFO  server.RaftServerConfigKeys (ConfUtils.java:logFallback(53)) - raft.server.rpc.first-election.timeout.min = 5s (fallback to raft.server.rpc.timeout.min)
2023-09-13 06:49:32,906 [7d333e3b-a912-4945-85a1-cfb45bef2dd4-groupManagement] INFO  server.RaftServerConfigKeys (ConfUtils.java:logGet(46)) - raft.server.snapshot.auto.trigger.enabled = true (custom)
2023-09-13 06:49:32,906 [7d333e3b-a912-4945-85a1-cfb45bef2dd4@group-2DC6E749E0E2-FollowerState] INFO  server.RaftServerConfigKeys (ConfUtils.java:logFallback(53)) - raft.server.rpc.first-election.timeout.max = 5200ms (fallback to raft.server.rpc.timeout.max)
2023-09-13 06:49:32,907 [7d333e3b-a912-4945-85a1-cfb45bef2dd4-groupManagement] INFO  server.RaftServerConfigKeys (ConfUtils.java:logGet(46)) - raft.server.snapshot.auto.trigger.threshold = 10000 (custom)
2023-09-13 06:49:32,907 [7d333e3b-a912-4945-85a1-cfb45bef2dd4-groupManagement] INFO  server.RaftServerConfigKeys (ConfUtils.java:logGet(46)) - raft.server.snapshot.retention.file.num = 5 (custom)
2023-09-13 06:49:32,907 [7d333e3b-a912-4945-85a1-cfb45bef2dd4-groupManagement] INFO  server.RaftServerConfigKeys (ConfUtils.java:logGet(46)) - raft.server.log.purge.upto.snapshot.index = false (default)
2023-09-13 06:49:32,907 [PipelineCommandHandlerThread-0] INFO  ratis.XceiverServerRatis (XceiverServerRatis.java:addGroup(804)) - Created group PipelineID=0ed812b2-3893-4e4b-ab60-2dc6e749e0e2
2023-09-13 06:49:32,907 [PipelineCommandHandlerThread-0] INFO  commandhandler.CreatePipelineCommandHandler (CreatePipelineCommandHandler.java:lambda$handle$2(124)) - Created Pipeline RATIS ONE PipelineID=0ed812b2-3893-4e4b-ab60-2dc6e749e0e2.
2023-09-13 06:49:33,211 [JUnit] INFO  ozone.MiniOzoneClusterImpl (MiniOzoneClusterImpl.java:lambda$waitForClusterToBeReady$0(224)) - Nodes are ready. Got 5 of 5 DN Heartbeats.
2023-09-13 06:49:33,211 [JUnit] INFO  ozone.MiniOzoneClusterImpl (MiniOzoneClusterImpl.java:lambda$waitForClusterToBeReady$0(227)) - Waiting for cluster to exit safe mode
2023-09-13 06:49:33,211 [JUnit] INFO  ozone.MiniOzoneClusterImpl (MiniOzoneClusterImpl.java:lambda$waitForClusterToBeReady$0(229)) - SCM became leader
2023-09-13 06:49:33,221 [PipelineCommandHandlerThread-0] INFO  server.RaftServer (RaftServerProxy.java:addNew(98)) - 317c0206-f59e-48b8-82fe-e4d21bebe462: addNew group-5EAAA056106D:[317c0206-f59e-48b8-82fe-e4d21bebe462|rpc:10.1.0.17:15103|admin:10.1.0.17:15102|client:10.1.0.17:15101|dataStream:10.1.0.17:15104|priority:1|startupRole:FOLLOWER] returns group-5EAAA056106D:java.util.concurrent.CompletableFuture@6c172e5f[Not completed]
2023-09-13 06:49:33,227 [317c0206-f59e-48b8-82fe-e4d21bebe462-groupManagement] INFO  server.RaftServer$Division (RaftServerImpl.java:<init>(198)) - 317c0206-f59e-48b8-82fe-e4d21bebe462: new RaftServerImpl for group-5EAAA056106D:[317c0206-f59e-48b8-82fe-e4d21bebe462|rpc:10.1.0.17:15103|admin:10.1.0.17:15102|client:10.1.0.17:15101|dataStream:10.1.0.17:15104|priority:1|startupRole:FOLLOWER] with ContainerStateMachine:uninitialized
2023-09-13 06:49:33,227 [317c0206-f59e-48b8-82fe-e4d21bebe462-groupManagement] INFO  server.RaftServerConfigKeys (ConfUtils.java:logGet(46)) - raft.server.rpc.timeout.min = 5s (custom)
2023-09-13 06:49:33,227 [317c0206-f59e-48b8-82fe-e4d21bebe462-groupManagement] INFO  server.RaftServerConfigKeys (ConfUtils.java:logGet(46)) - raft.server.rpc.timeout.max = 5200ms (custom)
2023-09-13 06:49:33,227 [317c0206-f59e-48b8-82fe-e4d21bebe462-groupManagement] INFO  server.RaftServerConfigKeys (ConfUtils.java:logGet(46)) - raft.server.rpc.sleep.time = 25ms (default)
2023-09-13 06:49:33,227 [317c0206-f59e-48b8-82fe-e4d21bebe462-groupManagement] INFO  server.RaftServerConfigKeys (ConfUtils.java:logGet(46)) - raft.server.rpc.slowness.timeout = 300000ms (custom)
2023-09-13 06:49:33,227 [317c0206-f59e-48b8-82fe-e4d21bebe462-groupManagement] INFO  server.RaftServerConfigKeys (ConfUtils.java:logGet(46)) - raft.server.leaderelection.leader.step-down.wait-time = 10s (default)
2023-09-13 06:49:33,228 [317c0206-f59e-48b8-82fe-e4d21bebe462-groupManagement] INFO  server.RaftServerConfigKeys (ConfUtils.java:logGet(46)) - raft.server.sleep.deviation.threshold = 300ms (default)
2023-09-13 06:49:33,229 [317c0206-f59e-48b8-82fe-e4d21bebe462-groupManagement] INFO  server.RaftServer$Division (ServerState.java:<init>(120)) - 317c0206-f59e-48b8-82fe-e4d21bebe462@group-5EAAA056106D: ConfigurationManager, init=-1: peers:[317c0206-f59e-48b8-82fe-e4d21bebe462|rpc:10.1.0.17:15103|admin:10.1.0.17:15102|client:10.1.0.17:15101|dataStream:10.1.0.17:15104|priority:1|startupRole:FOLLOWER]|listeners:[], old=null, confs=<EMPTY_MAP>
2023-09-13 06:49:33,229 [317c0206-f59e-48b8-82fe-e4d21bebe462-groupManagement] INFO  server.RaftServerConfigKeys (ConfUtils.java:logGet(46)) - raft.server.storage.dir = [/home/runner/work/ozone/ozone/hadoop-ozone/integration-test/target/test-dir/MiniOzoneClusterImpl-af11299d-9bff-4b11-875a-a8648a114883/datanode-4/data/ratis] (custom)
2023-09-13 06:49:33,229 [317c0206-f59e-48b8-82fe-e4d21bebe462-groupManagement] INFO  server.RaftServerConfigKeys (ConfUtils.java:logGet(46)) - raft.server.log.corruption.policy = EXCEPTION (default)
2023-09-13 06:49:33,229 [317c0206-f59e-48b8-82fe-e4d21bebe462-groupManagement] INFO  server.RaftServerConfigKeys (ConfUtils.java:logGet(46)) - raft.server.storage.free-space.min = 0MB (=0) (default)
2023-09-13 06:49:33,230 [317c0206-f59e-48b8-82fe-e4d21bebe462-groupManagement] INFO  server.RaftServerConfigKeys (ConfUtils.java:logGet(46)) - raft.server.notification.no-leader.timeout = 300000ms (custom)
2023-09-13 06:49:33,230 [317c0206-f59e-48b8-82fe-e4d21bebe462-groupManagement] INFO  server.RaftServerConfigKeys (ConfUtils.java:logGet(46)) - raft.server.read.timeout = 10s (default)
2023-09-13 06:49:33,230 [317c0206-f59e-48b8-82fe-e4d21bebe462-groupManagement] INFO  server.RaftServerConfigKeys (ConfUtils.java:logGet(46)) - raft.server.retrycache.expirytime = 600000ms (custom)
2023-09-13 06:49:33,230 [317c0206-f59e-48b8-82fe-e4d21bebe462-groupManagement] INFO  server.RaftServerConfigKeys (ConfUtils.java:logGet(46)) - raft.server.retrycache.statistics.expirytime = 100μs (default)
2023-09-13 06:49:33,230 [317c0206-f59e-48b8-82fe-e4d21bebe462-groupManagement] INFO  server.RaftServerConfigKeys (ConfUtils.java:logGet(46)) - raft.server.read.option = DEFAULT (default)
2023-09-13 06:49:33,231 [317c0206-f59e-48b8-82fe-e4d21bebe462-groupManagement] INFO  server.RaftServerConfigKeys (ConfUtils.java:logGet(46)) - raft.server.rpc.request.timeout = 3000ms (default)
2023-09-13 06:49:33,233 [317c0206-f59e-48b8-82fe-e4d21bebe462-groupManagement] INFO  server.RaftServerConfigKeys (ConfUtils.java:logGet(46)) - raft.server.log.appender.install.snapshot.enabled = false (custom)
2023-09-13 06:49:33,234 [317c0206-f59e-48b8-82fe-e4d21bebe462-groupManagement] INFO  server.RaftServerConfigKeys (ConfUtils.java:logGet(46)) - raft.server.threadpool.server.cached = true (default)
2023-09-13 06:49:33,234 [317c0206-f59e-48b8-82fe-e4d21bebe462-groupManagement] INFO  server.RaftServerConfigKeys (ConfUtils.java:logGet(46)) - raft.server.threadpool.server.size = 0 (default)
2023-09-13 06:49:33,234 [317c0206-f59e-48b8-82fe-e4d21bebe462-groupManagement] INFO  server.RaftServerConfigKeys (ConfUtils.java:logGet(46)) - raft.server.threadpool.client.cached = true (default)
2023-09-13 06:49:33,234 [317c0206-f59e-48b8-82fe-e4d21bebe462-groupManagement] INFO  server.RaftServerConfigKeys (ConfUtils.java:logGet(46)) - raft.server.threadpool.client.size = 0 (default)
2023-09-13 06:49:33,234 [317c0206-f59e-48b8-82fe-e4d21bebe462-groupManagement] INFO  storage.RaftStorageDirectory (RaftStorageDirectoryImpl.java:analyzeStorage(137)) - The storage directory /home/runner/work/ozone/ozone/hadoop-ozone/integration-test/target/test-dir/MiniOzoneClusterImpl-af11299d-9bff-4b11-875a-a8648a114883/datanode-4/data/ratis/2ee501d7-3b90-4083-9120-5eaaa056106d does not exist. Creating ...
2023-09-13 06:49:33,236 [317c0206-f59e-48b8-82fe-e4d21bebe462-groupManagement] INFO  storage.RaftStorageDirectory (RaftStorageDirectoryImpl.java:tryLock(231)) - Lock on /home/runner/work/ozone/ozone/hadoop-ozone/integration-test/target/test-dir/MiniOzoneClusterImpl-af11299d-9bff-4b11-875a-a8648a114883/datanode-4/data/ratis/2ee501d7-3b90-4083-9120-5eaaa056106d/in_use.lock acquired by nodename 3839@fv-az460-410
2023-09-13 06:49:33,238 [317c0206-f59e-48b8-82fe-e4d21bebe462-groupManagement] INFO  storage.RaftStorage (RaftStorageImpl.java:format(96)) - Storage directory /home/runner/work/ozone/ozone/hadoop-ozone/integration-test/target/test-dir/MiniOzoneClusterImpl-af11299d-9bff-4b11-875a-a8648a114883/datanode-4/data/ratis/2ee501d7-3b90-4083-9120-5eaaa056106d has been successfully formatted.
2023-09-13 06:49:33,239 [317c0206-f59e-48b8-82fe-e4d21bebe462-groupManagement] INFO  ratis.ContainerStateMachine (ContainerStateMachine.java:loadSnapshot(262)) - group-5EAAA056106D: The snapshot info is null. Setting the last applied indexto:(t:0, i:~)
2023-09-13 06:49:33,239 [317c0206-f59e-48b8-82fe-e4d21bebe462-groupManagement] INFO  server.RaftServerConfigKeys (ConfUtils.java:logGet(46)) - raft.server.log.use.memory = false (default)
2023-09-13 06:49:33,240 [317c0206-f59e-48b8-82fe-e4d21bebe462-groupManagement] INFO  server.RaftServerConfigKeys (ConfUtils.java:logGet(46)) - raft.server.log.purge.gap = 1000000 (custom)
2023-09-13 06:49:33,240 [317c0206-f59e-48b8-82fe-e4d21bebe462-groupManagement] INFO  server.RaftServerConfigKeys (ConfUtils.java:logGet(46)) - raft.server.log.appender.buffer.byte-limit = 33554432 (custom)
2023-09-13 06:49:33,240 [317c0206-f59e-48b8-82fe-e4d21bebe462-groupManagement] INFO  server.RaftServerConfigKeys (ConfUtils.java:logGet(46)) - raft.server.log.statemachine.data.read.timeout = 1000ms (default)
2023-09-13 06:49:33,240 [317c0206-f59e-48b8-82fe-e4d21bebe462-groupManagement] INFO  server.RaftServerConfigKeys (ConfUtils.java:logGet(46)) - raft.server.log.purge.preservation.log.num = 0 (default)
2023-09-13 06:49:33,240 [317c0206-f59e-48b8-82fe-e4d21bebe462-groupManagement] INFO  server.RaftServerConfigKeys (ConfUtils.java:logGet(46)) - raft.server.log.segment.size.max = 1048576 (custom)
2023-09-13 06:49:33,241 [EventQueue-PipelineReportForPipelineReportHandler] INFO  pipeline.PipelineReportHandler (PipelineReportHandler.java:processPipelineReport(136)) - Opened pipeline PipelineID=2ee501d7-3b90-4083-9120-5eaaa056106d
2023-09-13 06:49:33,241 [EventQueue-OpenPipelineForHealthyPipelineSafeModeRule] INFO  safemode.SCMSafeModeManager (HealthyPipelineSafeModeRule.java:process(137)) - SCM in safe mode. Healthy pipelines reported count is 0, required healthy pipeline reported count is 1
2023-09-13 06:49:33,241 [317c0206-f59e-48b8-82fe-e4d21bebe462-groupManagement] INFO  server.RaftServerConfigKeys (ConfUtils.java:logGet(46)) - raft.server.log.segment.cache.num.max = 2 (custom)
2023-09-13 06:49:33,241 [317c0206-f59e-48b8-82fe-e4d21bebe462-groupManagement] INFO  server.RaftServerConfigKeys (ConfUtils.java:logGet(46)) - raft.server.log.segment.cache.size.max = 200MB (=209715200) (default)
2023-09-13 06:49:33,242 [317c0206-f59e-48b8-82fe-e4d21bebe462-groupManagement] INFO  server.RaftServerConfigKeys (ConfUtils.java:logGet(46)) - raft.server.log.appender.buffer.byte-limit = 33554432 (custom)
2023-09-13 06:49:33,242 [317c0206-f59e-48b8-82fe-e4d21bebe462-groupManagement] INFO  segmented.SegmentedRaftLogWorker (SegmentedRaftLogWorker.java:<init>(188)) - new 317c0206-f59e-48b8-82fe-e4d21bebe462@group-5EAAA056106D-SegmentedRaftLogWorker for RaftStorageImpl:Storage Directory /home/runner/work/ozone/ozone/hadoop-ozone/integration-test/target/test-dir/MiniOzoneClusterImpl-af11299d-9bff-4b11-875a-a8648a114883/datanode-4/data/ratis/2ee501d7-3b90-4083-9120-5eaaa056106d
2023-09-13 06:49:33,242 [317c0206-f59e-48b8-82fe-e4d21bebe462-groupManagement] INFO  server.RaftServerConfigKeys (ConfUtils.java:logGet(46)) - raft.server.log.queue.byte-limit = 4294967296 (custom)
2023-09-13 06:49:33,242 [317c0206-f59e-48b8-82fe-e4d21bebe462-groupManagement] INFO  server.RaftServerConfigKeys (ConfUtils.java:logGet(46)) - raft.server.log.queue.element-limit = 1024 (custom)
2023-09-13 06:49:33,242 [317c0206-f59e-48b8-82fe-e4d21bebe462-groupManagement] INFO  server.RaftServerConfigKeys (ConfUtils.java:logGet(46)) - raft.server.log.segment.size.max = 1048576 (custom)
2023-09-13 06:49:33,242 [317c0206-f59e-48b8-82fe-e4d21bebe462-groupManagement] INFO  server.RaftServerConfigKeys (ConfUtils.java:logGet(46)) - raft.server.log.preallocated.size = 16384 (custom)
2023-09-13 06:49:33,242 [317c0206-f59e-48b8-82fe-e4d21bebe462-groupManagement] INFO  server.RaftServerConfigKeys (ConfUtils.java:logGet(46)) - raft.server.log.force.sync.num = 128 (default)
2023-09-13 06:49:33,242 [317c0206-f59e-48b8-82fe-e4d21bebe462-groupManagement] INFO  server.RaftServerConfigKeys (ConfUtils.java:logGet(46)) - raft.server.log.statemachine.data.sync = true (default)
2023-09-13 06:49:33,242 [317c0206-f59e-48b8-82fe-e4d21bebe462-groupManagement] INFO  server.RaftServerConfigKeys (ConfUtils.java:logGet(46)) - raft.server.log.statemachine.data.sync.timeout = 10s (default)
2023-09-13 06:49:33,242 [317c0206-f59e-48b8-82fe-e4d21bebe462-groupManagement] INFO  server.RaftServerConfigKeys (ConfUtils.java:logGet(46)) - raft.server.log.statemachine.data.sync.timeout.retry = -1 (default)
2023-09-13 06:49:33,243 [317c0206-f59e-48b8-82fe-e4d21bebe462-groupManagement] INFO  server.RaftServerConfigKeys (ConfUtils.java:logGet(46)) - raft.server.log.write.buffer.size = 1048576 (custom)
2023-09-13 06:49:33,244 [317c0206-f59e-48b8-82fe-e4d21bebe462-groupManagement] INFO  server.RaftServerConfigKeys (ConfUtils.java:logGet(46)) - raft.server.log.appender.buffer.byte-limit = 33554432 (custom)
2023-09-13 06:49:33,810 [JvmPauseMonitor11] WARN  util.JvmPauseMonitor (JvmPauseMonitor.java:detectPause(124)) - JvmPauseMonitor-caee8b76-9fb6-4477-ae87-28d408607da3: Detected pause in JVM or host machine approximately 0.198s with 0.557s GC time.
GC pool 'PS MarkSweep' had collection(s): count=1 time=284ms
GC pool 'PS Scavenge' had collection(s): count=1 time=273ms
2023-09-13 06:49:33,818 [JvmPauseMonitor9] WARN  util.JvmPauseMonitor (JvmPauseMonitor.java:detectPause(124)) - JvmPauseMonitor-72a2b08b-a918-40a9-b5b7-0c0becce9b1d: Detected pause in JVM or host machine approximately 0.474s with 0.557s GC time.
GC pool 'PS MarkSweep' had collection(s): count=1 time=284ms
GC pool 'PS Scavenge' had collection(s): count=1 time=273ms
2023-09-13 06:49:33,821 [JvmPauseMonitor13] WARN  util.JvmPauseMonitor (JvmPauseMonitor.java:detectPause(124)) - JvmPauseMonitor-317c0206-f59e-48b8-82fe-e4d21bebe462: Detected pause in JVM or host machine approximately 0.545s with 0.557s GC time.
GC pool 'PS MarkSweep' had collection(s): count=1 time=284ms
GC pool 'PS Scavenge' had collection(s): count=1 time=273ms
2023-09-13 06:49:33,821 [JvmPauseMonitor10] WARN  util.JvmPauseMonitor (JvmPauseMonitor.java:detectPause(124)) - JvmPauseMonitor-4bb754f9-31d1-4c9b-ab82-9cb241c80a35: Detected pause in JVM or host machine approximately 0.566s with 0.557s GC time.
GC pool 'PS MarkSweep' had collection(s): count=1 time=284ms
GC pool 'PS Scavenge' had collection(s): count=1 time=273ms
2023-09-13 06:49:33,822 [JvmPauseMonitor8] WARN  util.JvmPauseMonitor (JvmPauseMonitor.java:detectPause(124)) - JvmPauseMonitor-om1: Detected pause in JVM or host machine approximately 0.415s with 0.557s GC time.
GC pool 'PS MarkSweep' had collection(s): count=1 time=284ms
GC pool 'PS Scavenge' had collection(s): count=1 time=273ms
2023-09-13 06:49:33,826 [JvmPauseMonitor12] WARN  util.JvmPauseMonitor (JvmPauseMonitor.java:detectPause(124)) - JvmPauseMonitor-7d333e3b-a912-4945-85a1-cfb45bef2dd4: Detected pause in JVM or host machine approximately 0.368s with 0.557s GC time.
GC pool 'PS MarkSweep' had collection(s): count=1 time=284ms
GC pool 'PS Scavenge' had collection(s): count=1 time=273ms
2023-09-13 06:49:33,827 [317c0206-f59e-48b8-82fe-e4d21bebe462-groupManagement] INFO  server.RaftServerConfigKeys (ConfUtils.java:logGet(46)) - raft.server.log.unsafe-flush.enabled = false (default)
2023-09-13 06:49:33,830 [317c0206-f59e-48b8-82fe-e4d21bebe462-groupManagement] INFO  server.RaftServerConfigKeys (ConfUtils.java:logGet(46)) - raft.server.log.async-flush.enabled = false (default)
2023-09-13 06:49:33,831 [317c0206-f59e-48b8-82fe-e4d21bebe462-groupManagement] INFO  server.RaftServerConfigKeys (ConfUtils.java:logGet(46)) - raft.server.log.statemachine.data.caching.enabled = true (custom)
2023-09-13 06:49:33,831 [317c0206-f59e-48b8-82fe-e4d21bebe462-groupManagement] INFO  segmented.SegmentedRaftLogWorker (SegmentedRaftLogWorker.java:lambda$new$0(135)) - 317c0206-f59e-48b8-82fe-e4d21bebe462@group-5EAAA056106D-SegmentedRaftLogWorker: flushIndex: setUnconditionally 0 -> -1
2023-09-13 06:49:33,841 [317c0206-f59e-48b8-82fe-e4d21bebe462-groupManagement] INFO  segmented.SegmentedRaftLogWorker (SegmentedRaftLogWorker.java:lambda$new$0(135)) - 317c0206-f59e-48b8-82fe-e4d21bebe462@group-5EAAA056106D-SegmentedRaftLogWorker: safeCacheEvictIndex: setUnconditionally 0 -> -1
2023-09-13 06:49:33,846 [317c0206-f59e-48b8-82fe-e4d21bebe462-groupManagement] INFO  server.RaftServer$Division (RaftServerImpl.java:start(342)) - 317c0206-f59e-48b8-82fe-e4d21bebe462@group-5EAAA056106D: start as a follower, conf=-1: peers:[317c0206-f59e-48b8-82fe-e4d21bebe462|rpc:10.1.0.17:15103|admin:10.1.0.17:15102|client:10.1.0.17:15101|dataStream:10.1.0.17:15104|priority:1|startupRole:FOLLOWER]|listeners:[], old=null
2023-09-13 06:49:33,846 [317c0206-f59e-48b8-82fe-e4d21bebe462-groupManagement] INFO  server.RaftServer$Division (RaftServerImpl.java:setRole(329)) - 317c0206-f59e-48b8-82fe-e4d21bebe462@group-5EAAA056106D: changes role from      null to FOLLOWER at term 0 for startAsFollower
2023-09-13 06:49:33,846 [317c0206-f59e-48b8-82fe-e4d21bebe462-groupManagement] INFO  impl.RoleInfo (RoleInfo.java:updateAndGet(139)) - 317c0206-f59e-48b8-82fe-e4d21bebe462: start 317c0206-f59e-48b8-82fe-e4d21bebe462@group-5EAAA056106D-FollowerState
2023-09-13 06:49:33,850 [317c0206-f59e-48b8-82fe-e4d21bebe462-groupManagement] INFO  util.JmxRegister (JmxRegister.java:tryRegister(44)) - Successfully registered JMX Bean with object name Ratis:service=RaftServer,group=group-5EAAA056106D,id=317c0206-f59e-48b8-82fe-e4d21bebe462
2023-09-13 06:49:33,850 [317c0206-f59e-48b8-82fe-e4d21bebe462-groupManagement] INFO  server.RaftServerConfigKeys (ConfUtils.java:logGet(46)) - raft.server.snapshot.auto.trigger.enabled = true (custom)
2023-09-13 06:49:33,850 [317c0206-f59e-48b8-82fe-e4d21bebe462-groupManagement] INFO  server.RaftServerConfigKeys (ConfUtils.java:logGet(46)) - raft.server.snapshot.auto.trigger.threshold = 10000 (custom)
2023-09-13 06:49:33,850 [317c0206-f59e-48b8-82fe-e4d21bebe462-groupManagement] INFO  server.RaftServerConfigKeys (ConfUtils.java:logGet(46)) - raft.server.snapshot.retention.file.num = 5 (custom)
2023-09-13 06:49:33,850 [317c0206-f59e-48b8-82fe-e4d21bebe462-groupManagement] INFO  server.RaftServerConfigKeys (ConfUtils.java:logGet(46)) - raft.server.log.purge.upto.snapshot.index = false (default)
2023-09-13 06:49:33,853 [PipelineCommandHandlerThread-0] INFO  ratis.XceiverServerRatis (XceiverServerRatis.java:addGroup(804)) - Created group PipelineID=2ee501d7-3b90-4083-9120-5eaaa056106d
2023-09-13 06:49:33,853 [PipelineCommandHandlerThread-0] INFO  commandhandler.CreatePipelineCommandHandler (CreatePipelineCommandHandler.java:lambda$handle$2(124)) - Created Pipeline RATIS ONE PipelineID=2ee501d7-3b90-4083-9120-5eaaa056106d.
2023-09-13 06:49:33,857 [317c0206-f59e-48b8-82fe-e4d21bebe462@group-5EAAA056106D-FollowerState] INFO  server.RaftServerConfigKeys (ConfUtils.java:logFallback(53)) - raft.server.rpc.first-election.timeout.min = 5s (fallback to raft.server.rpc.timeout.min)
2023-09-13 06:49:33,857 [317c0206-f59e-48b8-82fe-e4d21bebe462@group-5EAAA056106D-FollowerState] INFO  server.RaftServerConfigKeys (ConfUtils.java:logFallback(53)) - raft.server.rpc.first-election.timeout.max = 5200ms (fallback to raft.server.rpc.timeout.max)
2023-09-13 06:49:34,211 [JUnit] INFO  ozone.MiniOzoneClusterImpl (MiniOzoneClusterImpl.java:lambda$waitForClusterToBeReady$0(224)) - Nodes are ready. Got 5 of 5 DN Heartbeats.
2023-09-13 06:49:34,211 [JUnit] INFO  ozone.MiniOzoneClusterImpl (MiniOzoneClusterImpl.java:lambda$waitForClusterToBeReady$0(227)) - Waiting for cluster to exit safe mode
2023-09-13 06:49:34,212 [JUnit] INFO  ozone.MiniOzoneClusterImpl (MiniOzoneClusterImpl.java:lambda$waitForClusterToBeReady$0(229)) - SCM became leader
2023-09-13 06:49:35,212 [JUnit] INFO  ozone.MiniOzoneClusterImpl (MiniOzoneClusterImpl.java:lambda$waitForClusterToBeReady$0(224)) - Nodes are ready. Got 5 of 5 DN Heartbeats.
2023-09-13 06:49:35,212 [JUnit] INFO  ozone.MiniOzoneClusterImpl (MiniOzoneClusterImpl.java:lambda$waitForClusterToBeReady$0(227)) - Waiting for cluster to exit safe mode
2023-09-13 06:49:35,212 [JUnit] INFO  ozone.MiniOzoneClusterImpl (MiniOzoneClusterImpl.java:lambda$waitForClusterToBeReady$0(229)) - SCM became leader
2023-09-13 06:49:36,212 [JUnit] INFO  ozone.MiniOzoneClusterImpl (MiniOzoneClusterImpl.java:lambda$waitForClusterToBeReady$0(224)) - Nodes are ready. Got 5 of 5 DN Heartbeats.
2023-09-13 06:49:36,213 [JUnit] INFO  ozone.MiniOzoneClusterImpl (MiniOzoneClusterImpl.java:lambda$waitForClusterToBeReady$0(227)) - Waiting for cluster to exit safe mode
2023-09-13 06:49:36,213 [JUnit] INFO  ozone.MiniOzoneClusterImpl (MiniOzoneClusterImpl.java:lambda$waitForClusterToBeReady$0(229)) - SCM became leader
2023-09-13 06:49:36,827 [72a2b08b-a918-40a9-b5b7-0c0becce9b1d@group-97988C67EDE6-FollowerState] INFO  impl.FollowerState (FollowerState.java:run(143)) - 72a2b08b-a918-40a9-b5b7-0c0becce9b1d@group-97988C67EDE6-FollowerState: change to CANDIDATE, lastRpcElapsedTime:5016710886ns, electionTimeout:5016ms
2023-09-13 06:49:36,827 [72a2b08b-a918-40a9-b5b7-0c0becce9b1d@group-97988C67EDE6-FollowerState] INFO  impl.RoleInfo (RoleInfo.java:shutdownFollowerState(110)) - 72a2b08b-a918-40a9-b5b7-0c0becce9b1d: shutdown 72a2b08b-a918-40a9-b5b7-0c0becce9b1d@group-97988C67EDE6-FollowerState
2023-09-13 06:49:36,827 [72a2b08b-a918-40a9-b5b7-0c0becce9b1d@group-97988C67EDE6-FollowerState] INFO  server.RaftServer$Division (RaftServerImpl.java:setRole(329)) - 72a2b08b-a918-40a9-b5b7-0c0becce9b1d@group-97988C67EDE6: changes role from  FOLLOWER to CANDIDATE at term 0 for changeToCandidate
2023-09-13 06:49:36,827 [72a2b08b-a918-40a9-b5b7-0c0becce9b1d@group-97988C67EDE6-FollowerState] INFO  server.RaftServerConfigKeys (ConfUtils.java:logGet(46)) - raft.server.leaderelection.pre-vote = true (default)
2023-09-13 06:49:36,827 [72a2b08b-a918-40a9-b5b7-0c0becce9b1d@group-97988C67EDE6-FollowerState] INFO  impl.RoleInfo (RoleInfo.java:updateAndGet(139)) - 72a2b08b-a918-40a9-b5b7-0c0becce9b1d: start 72a2b08b-a918-40a9-b5b7-0c0becce9b1d@group-97988C67EDE6-LeaderElection11
2023-09-13 06:49:36,835 [72a2b08b-a918-40a9-b5b7-0c0becce9b1d@group-97988C67EDE6-LeaderElection11] INFO  impl.LeaderElection (LeaderElection.java:askForVotes(321)) - 72a2b08b-a918-40a9-b5b7-0c0becce9b1d@group-97988C67EDE6-LeaderElection11 PRE_VOTE round 0: submit vote requests at term 0 for -1: peers:[72a2b08b-a918-40a9-b5b7-0c0becce9b1d|rpc:10.1.0.17:15067|admin:10.1.0.17:15066|client:10.1.0.17:15065|dataStream:10.1.0.17:15068|priority:1|startupRole:FOLLOWER]|listeners:[], old=null
2023-09-13 06:49:36,835 [72a2b08b-a918-40a9-b5b7-0c0becce9b1d@group-97988C67EDE6-LeaderElection11] INFO  impl.LeaderElection (LeaderElection.java:askForVotes(323)) - 72a2b08b-a918-40a9-b5b7-0c0becce9b1d@group-97988C67EDE6-LeaderElection11 PRE_VOTE round 0: result PASSED (term=0)
2023-09-13 06:49:36,837 [72a2b08b-a918-40a9-b5b7-0c0becce9b1d@group-97988C67EDE6-LeaderElection11] INFO  impl.LeaderElection (LeaderElection.java:askForVotes(321)) - 72a2b08b-a918-40a9-b5b7-0c0becce9b1d@group-97988C67EDE6-LeaderElection11 ELECTION round 0: submit vote requests at term 1 for -1: peers:[72a2b08b-a918-40a9-b5b7-0c0becce9b1d|rpc:10.1.0.17:15067|admin:10.1.0.17:15066|client:10.1.0.17:15065|dataStream:10.1.0.17:15068|priority:1|startupRole:FOLLOWER]|listeners:[], old=null
2023-09-13 06:49:36,837 [72a2b08b-a918-40a9-b5b7-0c0becce9b1d@group-97988C67EDE6-LeaderElection11] INFO  impl.LeaderElection (LeaderElection.java:askForVotes(323)) - 72a2b08b-a918-40a9-b5b7-0c0becce9b1d@group-97988C67EDE6-LeaderElection11 ELECTION round 0: result PASSED (term=1)
2023-09-13 06:49:36,837 [72a2b08b-a918-40a9-b5b7-0c0becce9b1d@group-97988C67EDE6-LeaderElection11] INFO  impl.RoleInfo (RoleInfo.java:shutdownLeaderElection(130)) - 72a2b08b-a918-40a9-b5b7-0c0becce9b1d: shutdown 72a2b08b-a918-40a9-b5b7-0c0becce9b1d@group-97988C67EDE6-LeaderElection11
2023-09-13 06:49:36,837 [72a2b08b-a918-40a9-b5b7-0c0becce9b1d@group-97988C67EDE6-LeaderElection11] INFO  server.RaftServer$Division (RaftServerImpl.java:setRole(329)) - 72a2b08b-a918-40a9-b5b7-0c0becce9b1d@group-97988C67EDE6: changes role from CANDIDATE to LEADER at term 1 for changeToLeader
2023-09-13 06:49:36,837 [72a2b08b-a918-40a9-b5b7-0c0becce9b1d@group-97988C67EDE6-LeaderElection11] INFO  ratis.XceiverServerRatis (XceiverServerRatis.java:handleLeaderChangedNotification(902)) - Leader change notification received for group: group-97988C67EDE6 with new leaderId: 72a2b08b-a918-40a9-b5b7-0c0becce9b1d
2023-09-13 06:49:36,837 [72a2b08b-a918-40a9-b5b7-0c0becce9b1d@group-97988C67EDE6-LeaderElection11] INFO  server.RaftServer$Division (ServerState.java:setLeader(317)) - 72a2b08b-a918-40a9-b5b7-0c0becce9b1d@group-97988C67EDE6: change Leader from null to 72a2b08b-a918-40a9-b5b7-0c0becce9b1d at term 1 for becomeLeader, leader elected after 5060ms
2023-09-13 06:49:36,837 [72a2b08b-a918-40a9-b5b7-0c0becce9b1d@group-97988C67EDE6-LeaderElection11] INFO  server.RaftServerConfigKeys (ConfUtils.java:logGet(46)) - raft.server.staging.catchup.gap = 1000 (default)
2023-09-13 06:49:36,838 [72a2b08b-a918-40a9-b5b7-0c0becce9b1d@group-97988C67EDE6-LeaderElection11] INFO  server.RaftServerConfigKeys (ConfUtils.java:logGet(46)) - raft.server.write.element-limit = 1024 (custom)
2023-09-13 06:49:36,838 [72a2b08b-a918-40a9-b5b7-0c0becce9b1d@group-97988C67EDE6-LeaderElection11] INFO  server.RaftServerConfigKeys (ConfUtils.java:logGet(46)) - raft.server.write.byte-limit = 1024 M (=1073741824) (custom)
2023-09-13 06:49:36,839 [72a2b08b-a918-40a9-b5b7-0c0becce9b1d@group-97988C67EDE6-LeaderElection11] INFO  server.RaftServerConfigKeys (ConfUtils.java:logGet(46)) - raft.server.watch.timeout = 10000ms (default)
2023-09-13 06:49:36,839 [72a2b08b-a918-40a9-b5b7-0c0becce9b1d@group-97988C67EDE6-LeaderElection11] INFO  server.RaftServerConfigKeys (ConfUtils.java:logGet(46)) - raft.server.watch.timeout.denomination = 1s (default)
2023-09-13 06:49:36,839 [72a2b08b-a918-40a9-b5b7-0c0becce9b1d@group-97988C67EDE6-LeaderElection11] INFO  server.RaftServerConfigKeys (ConfUtils.java:logGet(46)) - raft.server.watch.element-limit = 65536 (default)
2023-09-13 06:49:36,839 [72a2b08b-a918-40a9-b5b7-0c0becce9b1d@group-97988C67EDE6-LeaderElection11] INFO  server.RaftServerConfigKeys (ConfUtils.java:logGet(46)) - raft.server.write.element-limit = 1024 (custom)
2023-09-13 06:49:36,839 [EventQueue-OpenPipelineForHealthyPipelineSafeModeRule] INFO  safemode.SCMSafeModeManager (HealthyPipelineSafeModeRule.java:process(137)) - SCM in safe mode. Healthy pipelines reported count is 0, required healthy pipeline reported count is 1
2023-09-13 06:49:36,839 [72a2b08b-a918-40a9-b5b7-0c0becce9b1d@group-97988C67EDE6-LeaderElection11] INFO  server.RaftServerConfigKeys (ConfUtils.java:logGet(46)) - raft.server.write.follower.gap.ratio.max = -1.0 (default)
2023-09-13 06:49:36,839 [72a2b08b-a918-40a9-b5b7-0c0becce9b1d@group-97988C67EDE6-LeaderElection11] INFO  impl.RoleInfo (RoleInfo.java:updateAndGet(139)) - 72a2b08b-a918-40a9-b5b7-0c0becce9b1d: start 72a2b08b-a918-40a9-b5b7-0c0becce9b1d@group-97988C67EDE6-LeaderStateImpl
2023-09-13 06:49:36,840 [72a2b08b-a918-40a9-b5b7-0c0becce9b1d@group-97988C67EDE6-LeaderElection11] INFO  segmented.SegmentedRaftLogWorker (SegmentedRaftLogWorker.java:startLogSegment(447)) - 72a2b08b-a918-40a9-b5b7-0c0becce9b1d@group-97988C67EDE6-SegmentedRaftLogWorker: Starting segment from index:0
2023-09-13 06:49:36,841 [72a2b08b-a918-40a9-b5b7-0c0becce9b1d@group-97988C67EDE6-SegmentedRaftLogWorker] INFO  segmented.SegmentedRaftLogWorker (SegmentedRaftLogWorker.java:execute(651)) - 72a2b08b-a918-40a9-b5b7-0c0becce9b1d@group-97988C67EDE6-SegmentedRaftLogWorker: created new log segment /home/runner/work/ozone/ozone/hadoop-ozone/integration-test/target/test-dir/MiniOzoneClusterImpl-af11299d-9bff-4b11-875a-a8648a114883/datanode-0/data/ratis/002c5251-2f4a-4ae4-9045-97988c67ede6/current/log_inprogress_0
2023-09-13 06:49:36,842 [72a2b08b-a918-40a9-b5b7-0c0becce9b1d@group-97988C67EDE6-LeaderElection11] INFO  server.RaftServer$Division (ServerState.java:setRaftConf(434)) - 72a2b08b-a918-40a9-b5b7-0c0becce9b1d@group-97988C67EDE6: set configuration 0: peers:[72a2b08b-a918-40a9-b5b7-0c0becce9b1d|rpc:10.1.0.17:15067|admin:10.1.0.17:15066|client:10.1.0.17:15065|dataStream:10.1.0.17:15068|priority:1|startupRole:FOLLOWER]|listeners:[], old=null
2023-09-13 06:49:36,884 [4bb754f9-31d1-4c9b-ab82-9cb241c80a35@group-DB0BD11390EA-FollowerState] INFO  impl.FollowerState (FollowerState.java:run(143)) - 4bb754f9-31d1-4c9b-ab82-9cb241c80a35@group-DB0BD11390EA-FollowerState: change to CANDIDATE, lastRpcElapsedTime:5015364968ns, electionTimeout:5011ms
2023-09-13 06:49:36,884 [4bb754f9-31d1-4c9b-ab82-9cb241c80a35@group-DB0BD11390EA-FollowerState] INFO  impl.RoleInfo (RoleInfo.java:shutdownFollowerState(110)) - 4bb754f9-31d1-4c9b-ab82-9cb241c80a35: shutdown 4bb754f9-31d1-4c9b-ab82-9cb241c80a35@group-DB0BD11390EA-FollowerState
2023-09-13 06:49:36,884 [4bb754f9-31d1-4c9b-ab82-9cb241c80a35@group-DB0BD11390EA-FollowerState] INFO  server.RaftServer$Division (RaftServerImpl.java:setRole(329)) - 4bb754f9-31d1-4c9b-ab82-9cb241c80a35@group-DB0BD11390EA: changes role from  FOLLOWER to CANDIDATE at term 0 for changeToCandidate
2023-09-13 06:49:36,884 [4bb754f9-31d1-4c9b-ab82-9cb241c80a35@group-DB0BD11390EA-FollowerState] INFO  server.RaftServerConfigKeys (ConfUtils.java:logGet(46)) - raft.server.leaderelection.pre-vote = true (default)
2023-09-13 06:49:36,884 [4bb754f9-31d1-4c9b-ab82-9cb241c80a35@group-DB0BD11390EA-FollowerState] INFO  impl.RoleInfo (RoleInfo.java:updateAndGet(139)) - 4bb754f9-31d1-4c9b-ab82-9cb241c80a35: start 4bb754f9-31d1-4c9b-ab82-9cb241c80a35@group-DB0BD11390EA-LeaderElection12
2023-09-13 06:49:36,888 [4bb754f9-31d1-4c9b-ab82-9cb241c80a35@group-DB0BD11390EA-LeaderElection12] INFO  impl.LeaderElection (LeaderElection.java:askForVotes(321)) - 4bb754f9-31d1-4c9b-ab82-9cb241c80a35@group-DB0BD11390EA-LeaderElection12 PRE_VOTE round 0: submit vote requests at term 0 for -1: peers:[72a2b08b-a918-40a9-b5b7-0c0becce9b1d|rpc:10.1.0.17:15067|admin:10.1.0.17:15066|client:10.1.0.17:15065|dataStream:10.1.0.17:15068|priority:1|startupRole:FOLLOWER, 4bb754f9-31d1-4c9b-ab82-9cb241c80a35|rpc:10.1.0.17:15076|admin:10.1.0.17:15075|client:10.1.0.17:15074|dataStream:10.1.0.17:15077|priority:0|startupRole:FOLLOWER, caee8b76-9fb6-4477-ae87-28d408607da3|rpc:10.1.0.17:15085|admin:10.1.0.17:15084|client:10.1.0.17:15083|dataStream:10.1.0.17:15086|priority:0|startupRole:FOLLOWER]|listeners:[], old=null
2023-09-13 06:49:36,888 [4bb754f9-31d1-4c9b-ab82-9cb241c80a35@group-DB0BD11390EA-LeaderElection12-1] INFO  server.GrpcServerProtocolClient (GrpcServerProtocolClient.java:<init>(65)) - Build channel for 72a2b08b-a918-40a9-b5b7-0c0becce9b1d
2023-09-13 06:49:36,888 [4bb754f9-31d1-4c9b-ab82-9cb241c80a35@group-DB0BD11390EA-LeaderElection12] INFO  server.RaftServerConfigKeys (ConfUtils.java:logFallback(53)) - raft.server.rpc.first-election.timeout.min = 5s (fallback to raft.server.rpc.timeout.min)
2023-09-13 06:49:36,888 [4bb754f9-31d1-4c9b-ab82-9cb241c80a35@group-DB0BD11390EA-LeaderElection12] INFO  server.RaftServerConfigKeys (ConfUtils.java:logFallback(53)) - raft.server.rpc.first-election.timeout.max = 5200ms (fallback to raft.server.rpc.timeout.max)
2023-09-13 06:49:36,889 [4bb754f9-31d1-4c9b-ab82-9cb241c80a35@group-DB0BD11390EA-LeaderElection12-2] INFO  server.GrpcServerProtocolClient (GrpcServerProtocolClient.java:<init>(65)) - Build channel for caee8b76-9fb6-4477-ae87-28d408607da3
2023-09-13 06:49:36,909 [grpc-default-executor-6] INFO  server.RaftServer$Division (RaftServerImpl.java:requestVote(1302)) - caee8b76-9fb6-4477-ae87-28d408607da3@group-DB0BD11390EA: receive requestVote(PRE_VOTE, 4bb754f9-31d1-4c9b-ab82-9cb241c80a35, group-DB0BD11390EA, 0, (t:0, i:0))
2023-09-13 06:49:36,909 [grpc-default-executor-6] INFO  impl.VoteContext (VoteContext.java:log(49)) - caee8b76-9fb6-4477-ae87-28d408607da3@group-DB0BD11390EA-FOLLOWER: accept PRE_VOTE from 4bb754f9-31d1-4c9b-ab82-9cb241c80a35: our priority 0 <= candidate's priority 0
2023-09-13 06:49:36,909 [grpc-default-executor-6] INFO  server.RaftServer$Division (RaftServerImpl.java:requestVote(1335)) - caee8b76-9fb6-4477-ae87-28d408607da3@group-DB0BD11390EA replies to PRE_VOTE vote request: 4bb754f9-31d1-4c9b-ab82-9cb241c80a35<-caee8b76-9fb6-4477-ae87-28d408607da3#0:OK-t0. Peer's state: caee8b76-9fb6-4477-ae87-28d408607da3@group-DB0BD11390EA:t0, leader=null, voted=, raftlog=Memoized:caee8b76-9fb6-4477-ae87-28d408607da3@group-DB0BD11390EA-SegmentedRaftLog:OPENED:c-1, conf=-1: peers:[72a2b08b-a918-40a9-b5b7-0c0becce9b1d|rpc:10.1.0.17:15067|admin:10.1.0.17:15066|client:10.1.0.17:15065|dataStream:10.1.0.17:15068|priority:1|startupRole:FOLLOWER, 4bb754f9-31d1-4c9b-ab82-9cb241c80a35|rpc:10.1.0.17:15076|admin:10.1.0.17:15075|client:10.1.0.17:15074|dataStream:10.1.0.17:15077|priority:0|startupRole:FOLLOWER, caee8b76-9fb6-4477-ae87-28d408607da3|rpc:10.1.0.17:15085|admin:10.1.0.17:15084|client:10.1.0.17:15083|dataStream:10.1.0.17:15086|priority:0|startupRole:FOLLOWER]|listeners:[], old=null
2023-09-13 06:49:36,915 [grpc-default-executor-6] INFO  server.RaftServer$Division (RaftServerImpl.java:requestVote(1302)) - 72a2b08b-a918-40a9-b5b7-0c0becce9b1d@group-DB0BD11390EA: receive requestVote(PRE_VOTE, 4bb754f9-31d1-4c9b-ab82-9cb241c80a35, group-DB0BD11390EA, 0, (t:0, i:0))
2023-09-13 06:49:36,915 [grpc-default-executor-6] INFO  impl.VoteContext (VoteContext.java:log(49)) - 72a2b08b-a918-40a9-b5b7-0c0becce9b1d@group-DB0BD11390EA-FOLLOWER: reject PRE_VOTE from 4bb754f9-31d1-4c9b-ab82-9cb241c80a35: our priority 1 > candidate's priority 0
2023-09-13 06:49:36,915 [grpc-default-executor-6] INFO  server.RaftServer$Division (RaftServerImpl.java:requestVote(1335)) - 72a2b08b-a918-40a9-b5b7-0c0becce9b1d@group-DB0BD11390EA replies to PRE_VOTE vote request: 4bb754f9-31d1-4c9b-ab82-9cb241c80a35<-72a2b08b-a918-40a9-b5b7-0c0becce9b1d#0:FAIL-t0. Peer's state: 72a2b08b-a918-40a9-b5b7-0c0becce9b1d@group-DB0BD11390EA:t0, leader=null, voted=, raftlog=Memoized:72a2b08b-a918-40a9-b5b7-0c0becce9b1d@group-DB0BD11390EA-SegmentedRaftLog:OPENED:c-1, conf=-1: peers:[72a2b08b-a918-40a9-b5b7-0c0becce9b1d|rpc:10.1.0.17:15067|admin:10.1.0.17:15066|client:10.1.0.17:15065|dataStream:10.1.0.17:15068|priority:1|startupRole:FOLLOWER, 4bb754f9-31d1-4c9b-ab82-9cb241c80a35|rpc:10.1.0.17:15076|admin:10.1.0.17:15075|client:10.1.0.17:15074|dataStream:10.1.0.17:15077|priority:0|startupRole:FOLLOWER, caee8b76-9fb6-4477-ae87-28d408607da3|rpc:10.1.0.17:15085|admin:10.1.0.17:15084|client:10.1.0.17:15083|dataStream:10.1.0.17:15086|priority:0|startupRole:FOLLOWER]|listeners:[], old=null
2023-09-13 06:49:36,919 [4bb754f9-31d1-4c9b-ab82-9cb241c80a35@group-DB0BD11390EA-LeaderElection12] INFO  impl.LeaderElection (LeaderElection.java:logAndReturn(90)) - 4bb754f9-31d1-4c9b-ab82-9cb241c80a35@group-DB0BD11390EA-LeaderElection12: PRE_VOTE REJECTED received 1 response(s) and 0 exception(s):
2023-09-13 06:49:36,919 [4bb754f9-31d1-4c9b-ab82-9cb241c80a35@group-DB0BD11390EA-LeaderElection12] INFO  impl.LeaderElection (LeaderElection.java:logAndReturn(94)) -   Response 0: 4bb754f9-31d1-4c9b-ab82-9cb241c80a35<-72a2b08b-a918-40a9-b5b7-0c0becce9b1d#0:FAIL-t0
2023-09-13 06:49:36,919 [4bb754f9-31d1-4c9b-ab82-9cb241c80a35@group-DB0BD11390EA-LeaderElection12] INFO  impl.LeaderElection (LeaderElection.java:askForVotes(323)) - 4bb754f9-31d1-4c9b-ab82-9cb241c80a35@group-DB0BD11390EA-LeaderElection12 PRE_VOTE round 0: result REJECTED
2023-09-13 06:49:36,919 [4bb754f9-31d1-4c9b-ab82-9cb241c80a35@group-DB0BD11390EA-LeaderElection12] INFO  server.RaftServer$Division (RaftServerImpl.java:setRole(329)) - 4bb754f9-31d1-4c9b-ab82-9cb241c80a35@group-DB0BD11390EA: changes role from CANDIDATE to FOLLOWER at term 0 for REJECTED
2023-09-13 06:49:36,919 [4bb754f9-31d1-4c9b-ab82-9cb241c80a35@group-DB0BD11390EA-LeaderElection12] INFO  impl.RoleInfo (RoleInfo.java:shutdownLeaderElection(130)) - 4bb754f9-31d1-4c9b-ab82-9cb241c80a35: shutdown 4bb754f9-31d1-4c9b-ab82-9cb241c80a35@group-DB0BD11390EA-LeaderElection12
2023-09-13 06:49:36,919 [4bb754f9-31d1-4c9b-ab82-9cb241c80a35@group-DB0BD11390EA-LeaderElection12] INFO  impl.RoleInfo (RoleInfo.java:updateAndGet(139)) - 4bb754f9-31d1-4c9b-ab82-9cb241c80a35: start 4bb754f9-31d1-4c9b-ab82-9cb241c80a35@group-DB0BD11390EA-FollowerState
2023-09-13 06:49:36,956 [caee8b76-9fb6-4477-ae87-28d408607da3@group-DB0BD11390EA-FollowerState] INFO  server.RaftServerConfigKeys (ConfUtils.java:logFallback(53)) - raft.server.rpc.first-election.timeout.min = 5s (fallback to raft.server.rpc.timeout.min)
2023-09-13 06:49:36,956 [caee8b76-9fb6-4477-ae87-28d408607da3@group-DB0BD11390EA-FollowerState] INFO  server.RaftServerConfigKeys (ConfUtils.java:logFallback(53)) - raft.server.rpc.first-election.timeout.max = 5200ms (fallback to raft.server.rpc.timeout.max)
2023-09-13 06:49:37,000 [72a2b08b-a918-40a9-b5b7-0c0becce9b1d@group-DB0BD11390EA-FollowerState] INFO  impl.FollowerState (FollowerState.java:run(143)) - 72a2b08b-a918-40a9-b5b7-0c0becce9b1d@group-DB0BD11390EA-FollowerState: change to CANDIDATE, lastRpcElapsedTime:5168507096ns, electionTimeout:5167ms
2023-09-13 06:49:37,000 [72a2b08b-a918-40a9-b5b7-0c0becce9b1d@group-DB0BD11390EA-FollowerState] INFO  impl.RoleInfo (RoleInfo.java:shutdownFollowerState(110)) - 72a2b08b-a918-40a9-b5b7-0c0becce9b1d: shutdown 72a2b08b-a918-40a9-b5b7-0c0becce9b1d@group-DB0BD11390EA-FollowerState
2023-09-13 06:49:37,000 [72a2b08b-a918-40a9-b5b7-0c0becce9b1d@group-DB0BD11390EA-FollowerState] INFO  server.RaftServer$Division (RaftServerImpl.java:setRole(329)) - 72a2b08b-a918-40a9-b5b7-0c0becce9b1d@group-DB0BD11390EA: changes role from  FOLLOWER to CANDIDATE at term 0 for changeToCandidate
2023-09-13 06:49:37,000 [72a2b08b-a918-40a9-b5b7-0c0becce9b1d@group-DB0BD11390EA-FollowerState] INFO  server.RaftServerConfigKeys (ConfUtils.java:logGet(46)) - raft.server.leaderelection.pre-vote = true (default)
2023-09-13 06:49:37,000 [72a2b08b-a918-40a9-b5b7-0c0becce9b1d@group-DB0BD11390EA-FollowerState] INFO  impl.RoleInfo (RoleInfo.java:updateAndGet(139)) - 72a2b08b-a918-40a9-b5b7-0c0becce9b1d: start 72a2b08b-a918-40a9-b5b7-0c0becce9b1d@group-DB0BD11390EA-LeaderElection13
2023-09-13 06:49:37,001 [72a2b08b-a918-40a9-b5b7-0c0becce9b1d@group-DB0BD11390EA-LeaderElection13] INFO  impl.LeaderElection (LeaderElection.java:askForVotes(321)) - 72a2b08b-a918-40a9-b5b7-0c0becce9b1d@group-DB0BD11390EA-LeaderElection13 PRE_VOTE round 0: submit vote requests at term 0 for -1: peers:[72a2b08b-a918-40a9-b5b7-0c0becce9b1d|rpc:10.1.0.17:15067|admin:10.1.0.17:15066|client:10.1.0.17:15065|dataStream:10.1.0.17:15068|priority:1|startupRole:FOLLOWER, 4bb754f9-31d1-4c9b-ab82-9cb241c80a35|rpc:10.1.0.17:15076|admin:10.1.0.17:15075|client:10.1.0.17:15074|dataStream:10.1.0.17:15077|priority:0|startupRole:FOLLOWER, caee8b76-9fb6-4477-ae87-28d408607da3|rpc:10.1.0.17:15085|admin:10.1.0.17:15084|client:10.1.0.17:15083|dataStream:10.1.0.17:15086|priority:0|startupRole:FOLLOWER]|listeners:[], old=null
2023-09-13 06:49:37,001 [72a2b08b-a918-40a9-b5b7-0c0becce9b1d@group-DB0BD11390EA-LeaderElection13-1] INFO  server.GrpcServerProtocolClient (GrpcServerProtocolClient.java:<init>(65)) - Build channel for 4bb754f9-31d1-4c9b-ab82-9cb241c80a35
2023-09-13 06:49:37,004 [72a2b08b-a918-40a9-b5b7-0c0becce9b1d@group-DB0BD11390EA-LeaderElection13] INFO  server.RaftServerConfigKeys (ConfUtils.java:logFallback(53)) - raft.server.rpc.first-election.timeout.min = 5s (fallback to raft.server.rpc.timeout.min)
2023-09-13 06:49:37,004 [72a2b08b-a918-40a9-b5b7-0c0becce9b1d@group-DB0BD11390EA-LeaderElection13] INFO  server.RaftServerConfigKeys (ConfUtils.java:logFallback(53)) - raft.server.rpc.first-election.timeout.max = 5200ms (fallback to raft.server.rpc.timeout.max)
2023-09-13 06:49:37,004 [72a2b08b-a918-40a9-b5b7-0c0becce9b1d@group-DB0BD11390EA-LeaderElection13-2] INFO  server.GrpcServerProtocolClient (GrpcServerProtocolClient.java:<init>(65)) - Build channel for caee8b76-9fb6-4477-ae87-28d408607da3
2023-09-13 06:49:37,008 [grpc-default-executor-4] INFO  server.RaftServer$Division (RaftServerImpl.java:requestVote(1302)) - 4bb754f9-31d1-4c9b-ab82-9cb241c80a35@group-DB0BD11390EA: receive requestVote(PRE_VOTE, 72a2b08b-a918-40a9-b5b7-0c0becce9b1d, group-DB0BD11390EA, 0, (t:0, i:0))
2023-09-13 06:49:37,009 [grpc-default-executor-4] INFO  impl.VoteContext (VoteContext.java:log(49)) - 4bb754f9-31d1-4c9b-ab82-9cb241c80a35@group-DB0BD11390EA-FOLLOWER: accept PRE_VOTE from 72a2b08b-a918-40a9-b5b7-0c0becce9b1d: our priority 0 <= candidate's priority 1
2023-09-13 06:49:37,009 [grpc-default-executor-4] INFO  server.RaftServer$Division (RaftServerImpl.java:requestVote(1335)) - 4bb754f9-31d1-4c9b-ab82-9cb241c80a35@group-DB0BD11390EA replies to PRE_VOTE vote request: 72a2b08b-a918-40a9-b5b7-0c0becce9b1d<-4bb754f9-31d1-4c9b-ab82-9cb241c80a35#0:OK-t0. Peer's state: 4bb754f9-31d1-4c9b-ab82-9cb241c80a35@group-DB0BD11390EA:t0, leader=null, voted=, raftlog=Memoized:4bb754f9-31d1-4c9b-ab82-9cb241c80a35@group-DB0BD11390EA-SegmentedRaftLog:OPENED:c-1, conf=-1: peers:[72a2b08b-a918-40a9-b5b7-0c0becce9b1d|rpc:10.1.0.17:15067|admin:10.1.0.17:15066|client:10.1.0.17:15065|dataStream:10.1.0.17:15068|priority:1|startupRole:FOLLOWER, 4bb754f9-31d1-4c9b-ab82-9cb241c80a35|rpc:10.1.0.17:15076|admin:10.1.0.17:15075|client:10.1.0.17:15074|dataStream:10.1.0.17:15077|priority:0|startupRole:FOLLOWER, caee8b76-9fb6-4477-ae87-28d408607da3|rpc:10.1.0.17:15085|admin:10.1.0.17:15084|client:10.1.0.17:15083|dataStream:10.1.0.17:15086|priority:0|startupRole:FOLLOWER]|listeners:[], old=null
2023-09-13 06:49:37,015 [grpc-default-executor-4] INFO  server.RaftServer$Division (RaftServerImpl.java:requestVote(1302)) - caee8b76-9fb6-4477-ae87-28d408607da3@group-DB0BD11390EA: receive requestVote(PRE_VOTE, 72a2b08b-a918-40a9-b5b7-0c0becce9b1d, group-DB0BD11390EA, 0, (t:0, i:0))
2023-09-13 06:49:37,015 [grpc-default-executor-4] INFO  impl.VoteContext (VoteContext.java:log(49)) - caee8b76-9fb6-4477-ae87-28d408607da3@group-DB0BD11390EA-FOLLOWER: accept PRE_VOTE from 72a2b08b-a918-40a9-b5b7-0c0becce9b1d: our priority 0 <= candidate's priority 1
2023-09-13 06:49:37,015 [grpc-default-executor-4] INFO  server.RaftServer$Division (RaftServerImpl.java:requestVote(1335)) - caee8b76-9fb6-4477-ae87-28d408607da3@group-DB0BD11390EA replies to PRE_VOTE vote request: 72a2b08b-a918-40a9-b5b7-0c0becce9b1d<-caee8b76-9fb6-4477-ae87-28d408607da3#0:OK-t0. Peer's state: caee8b76-9fb6-4477-ae87-28d408607da3@group-DB0BD11390EA:t0, leader=null, voted=, raftlog=Memoized:caee8b76-9fb6-4477-ae87-28d408607da3@group-DB0BD11390EA-SegmentedRaftLog:OPENED:c-1, conf=-1: peers:[72a2b08b-a918-40a9-b5b7-0c0becce9b1d|rpc:10.1.0.17:15067|admin:10.1.0.17:15066|client:10.1.0.17:15065|dataStream:10.1.0.17:15068|priority:1|startupRole:FOLLOWER, 4bb754f9-31d1-4c9b-ab82-9cb241c80a35|rpc:10.1.0.17:15076|admin:10.1.0.17:15075|client:10.1.0.17:15074|dataStream:10.1.0.17:15077|priority:0|startupRole:FOLLOWER, caee8b76-9fb6-4477-ae87-28d408607da3|rpc:10.1.0.17:15085|admin:10.1.0.17:15084|client:10.1.0.17:15083|dataStream:10.1.0.17:15086|priority:0|startupRole:FOLLOWER]|listeners:[], old=null
2023-09-13 06:49:37,016 [72a2b08b-a918-40a9-b5b7-0c0becce9b1d@group-DB0BD11390EA-LeaderElection13] INFO  impl.LeaderElection (LeaderElection.java:logAndReturn(90)) - 72a2b08b-a918-40a9-b5b7-0c0becce9b1d@group-DB0BD11390EA-LeaderElection13: PRE_VOTE PASSED received 1 response(s) and 0 exception(s):
2023-09-13 06:49:37,016 [72a2b08b-a918-40a9-b5b7-0c0becce9b1d@group-DB0BD11390EA-LeaderElection13] INFO  impl.LeaderElection (LeaderElection.java:logAndReturn(94)) -   Response 0: 72a2b08b-a918-40a9-b5b7-0c0becce9b1d<-4bb754f9-31d1-4c9b-ab82-9cb241c80a35#0:OK-t0
2023-09-13 06:49:37,016 [72a2b08b-a918-40a9-b5b7-0c0becce9b1d@group-DB0BD11390EA-LeaderElection13] INFO  impl.LeaderElection (LeaderElection.java:askForVotes(323)) - 72a2b08b-a918-40a9-b5b7-0c0becce9b1d@group-DB0BD11390EA-LeaderElection13 PRE_VOTE round 0: result PASSED
2023-09-13 06:49:37,018 [72a2b08b-a918-40a9-b5b7-0c0becce9b1d@group-DB0BD11390EA-LeaderElection13] INFO  impl.LeaderElection (LeaderElection.java:askForVotes(321)) - 72a2b08b-a918-40a9-b5b7-0c0becce9b1d@group-DB0BD11390EA-LeaderElection13 ELECTION round 0: submit vote requests at term 1 for -1: peers:[72a2b08b-a918-40a9-b5b7-0c0becce9b1d|rpc:10.1.0.17:15067|admin:10.1.0.17:15066|client:10.1.0.17:15065|dataStream:10.1.0.17:15068|priority:1|startupRole:FOLLOWER, 4bb754f9-31d1-4c9b-ab82-9cb241c80a35|rpc:10.1.0.17:15076|admin:10.1.0.17:15075|client:10.1.0.17:15074|dataStream:10.1.0.17:15077|priority:0|startupRole:FOLLOWER, caee8b76-9fb6-4477-ae87-28d408607da3|rpc:10.1.0.17:15085|admin:10.1.0.17:15084|client:10.1.0.17:15083|dataStream:10.1.0.17:15086|priority:0|startupRole:FOLLOWER]|listeners:[], old=null
2023-09-13 06:49:37,019 [72a2b08b-a918-40a9-b5b7-0c0becce9b1d@group-DB0BD11390EA-LeaderElection13] INFO  server.RaftServerConfigKeys (ConfUtils.java:logFallback(53)) - raft.server.rpc.first-election.timeout.min = 5s (fallback to raft.server.rpc.timeout.min)
2023-09-13 06:49:37,019 [72a2b08b-a918-40a9-b5b7-0c0becce9b1d@group-DB0BD11390EA-LeaderElection13] INFO  server.RaftServerConfigKeys (ConfUtils.java:logFallback(53)) - raft.server.rpc.first-election.timeout.max = 5200ms (fallback to raft.server.rpc.timeout.max)
2023-09-13 06:49:37,023 [grpc-default-executor-4] INFO  server.RaftServer$Division (RaftServerImpl.java:requestVote(1302)) - caee8b76-9fb6-4477-ae87-28d408607da3@group-DB0BD11390EA: receive requestVote(ELECTION, 72a2b08b-a918-40a9-b5b7-0c0becce9b1d, group-DB0BD11390EA, 1, (t:0, i:0))
2023-09-13 06:49:37,023 [grpc-default-executor-4] INFO  impl.VoteContext (VoteContext.java:log(49)) - caee8b76-9fb6-4477-ae87-28d408607da3@group-DB0BD11390EA-FOLLOWER: accept ELECTION from 72a2b08b-a918-40a9-b5b7-0c0becce9b1d: our priority 0 <= candidate's priority 1
2023-09-13 06:49:37,023 [grpc-default-executor-4] INFO  server.RaftServer$Division (RaftServerImpl.java:setRole(329)) - caee8b76-9fb6-4477-ae87-28d408607da3@group-DB0BD11390EA: changes role from  FOLLOWER to FOLLOWER at term 1 for candidate:72a2b08b-a918-40a9-b5b7-0c0becce9b1d
2023-09-13 06:49:37,023 [grpc-default-executor-4] INFO  impl.RoleInfo (RoleInfo.java:shutdownFollowerState(110)) - caee8b76-9fb6-4477-ae87-28d408607da3: shutdown caee8b76-9fb6-4477-ae87-28d408607da3@group-DB0BD11390EA-FollowerState
2023-09-13 06:49:37,023 [grpc-default-executor-4] INFO  impl.RoleInfo (RoleInfo.java:updateAndGet(139)) - caee8b76-9fb6-4477-ae87-28d408607da3: start caee8b76-9fb6-4477-ae87-28d408607da3@group-DB0BD11390EA-FollowerState
2023-09-13 06:49:37,023 [caee8b76-9fb6-4477-ae87-28d408607da3@group-DB0BD11390EA-FollowerState] INFO  impl.FollowerState (FollowerState.java:run(152)) - caee8b76-9fb6-4477-ae87-28d408607da3@group-DB0BD11390EA-FollowerState was interrupted
2023-09-13 06:49:37,024 [grpc-default-executor-6] INFO  server.RaftServer$Division (RaftServerImpl.java:requestVote(1302)) - 4bb754f9-31d1-4c9b-ab82-9cb241c80a35@group-DB0BD11390EA: receive requestVote(ELECTION, 72a2b08b-a918-40a9-b5b7-0c0becce9b1d, group-DB0BD11390EA, 1, (t:0, i:0))
2023-09-13 06:49:37,024 [grpc-default-executor-6] INFO  impl.VoteContext (VoteContext.java:log(49)) - 4bb754f9-31d1-4c9b-ab82-9cb241c80a35@group-DB0BD11390EA-FOLLOWER: accept ELECTION from 72a2b08b-a918-40a9-b5b7-0c0becce9b1d: our priority 0 <= candidate's priority 1
2023-09-13 06:49:37,024 [grpc-default-executor-6] INFO  server.RaftServer$Division (RaftServerImpl.java:setRole(329)) - 4bb754f9-31d1-4c9b-ab82-9cb241c80a35@group-DB0BD11390EA: changes role from  FOLLOWER to FOLLOWER at term 1 for candidate:72a2b08b-a918-40a9-b5b7-0c0becce9b1d
2023-09-13 06:49:37,024 [grpc-default-executor-6] INFO  impl.RoleInfo (RoleInfo.java:shutdownFollowerState(110)) - 4bb754f9-31d1-4c9b-ab82-9cb241c80a35: shutdown 4bb754f9-31d1-4c9b-ab82-9cb241c80a35@group-DB0BD11390EA-FollowerState
2023-09-13 06:49:37,024 [grpc-default-executor-6] INFO  impl.RoleInfo (RoleInfo.java:updateAndGet(139)) - 4bb754f9-31d1-4c9b-ab82-9cb241c80a35: start 4bb754f9-31d1-4c9b-ab82-9cb241c80a35@group-DB0BD11390EA-FollowerState
2023-09-13 06:49:37,024 [4bb754f9-31d1-4c9b-ab82-9cb241c80a35@group-DB0BD11390EA-FollowerState] INFO  impl.FollowerState (FollowerState.java:run(152)) - 4bb754f9-31d1-4c9b-ab82-9cb241c80a35@group-DB0BD11390EA-FollowerState was interrupted
2023-09-13 06:49:37,026 [grpc-default-executor-4] INFO  server.RaftServer$Division (RaftServerImpl.java:requestVote(1335)) - caee8b76-9fb6-4477-ae87-28d408607da3@group-DB0BD11390EA replies to ELECTION vote request: 72a2b08b-a918-40a9-b5b7-0c0becce9b1d<-caee8b76-9fb6-4477-ae87-28d408607da3#0:OK-t1. Peer's state: caee8b76-9fb6-4477-ae87-28d408607da3@group-DB0BD11390EA:t1, leader=null, voted=72a2b08b-a918-40a9-b5b7-0c0becce9b1d, raftlog=Memoized:caee8b76-9fb6-4477-ae87-28d408607da3@group-DB0BD11390EA-SegmentedRaftLog:OPENED:c-1, conf=-1: peers:[72a2b08b-a918-40a9-b5b7-0c0becce9b1d|rpc:10.1.0.17:15067|admin:10.1.0.17:15066|client:10.1.0.17:15065|dataStream:10.1.0.17:15068|priority:1|startupRole:FOLLOWER, 4bb754f9-31d1-4c9b-ab82-9cb241c80a35|rpc:10.1.0.17:15076|admin:10.1.0.17:15075|client:10.1.0.17:15074|dataStream:10.1.0.17:15077|priority:0|startupRole:FOLLOWER, caee8b76-9fb6-4477-ae87-28d408607da3|rpc:10.1.0.17:15085|admin:10.1.0.17:15084|client:10.1.0.17:15083|dataStream:10.1.0.17:15086|priority:0|startupRole:FOLLOWER]|listeners:[], old=null
2023-09-13 06:49:37,027 [72a2b08b-a918-40a9-b5b7-0c0becce9b1d@group-DB0BD11390EA-LeaderElection13] INFO  impl.LeaderElection (LeaderElection.java:logAndReturn(90)) - 72a2b08b-a918-40a9-b5b7-0c0becce9b1d@group-DB0BD11390EA-LeaderElection13: ELECTION PASSED received 1 response(s) and 0 exception(s):
2023-09-13 06:49:37,027 [72a2b08b-a918-40a9-b5b7-0c0becce9b1d@group-DB0BD11390EA-LeaderElection13] INFO  impl.LeaderElection (LeaderElection.java:logAndReturn(94)) -   Response 0: 72a2b08b-a918-40a9-b5b7-0c0becce9b1d<-caee8b76-9fb6-4477-ae87-28d408607da3#0:OK-t1
2023-09-13 06:49:37,027 [72a2b08b-a918-40a9-b5b7-0c0becce9b1d@group-DB0BD11390EA-LeaderElection13] INFO  impl.LeaderElection (LeaderElection.java:askForVotes(323)) - 72a2b08b-a918-40a9-b5b7-0c0becce9b1d@group-DB0BD11390EA-LeaderElection13 ELECTION round 0: result PASSED
2023-09-13 06:49:37,027 [72a2b08b-a918-40a9-b5b7-0c0becce9b1d@group-DB0BD11390EA-LeaderElection13] INFO  impl.RoleInfo (RoleInfo.java:shutdownLeaderElection(130)) - 72a2b08b-a918-40a9-b5b7-0c0becce9b1d: shutdown 72a2b08b-a918-40a9-b5b7-0c0becce9b1d@group-DB0BD11390EA-LeaderElection13
2023-09-13 06:49:37,028 [72a2b08b-a918-40a9-b5b7-0c0becce9b1d@group-DB0BD11390EA-LeaderElection13] INFO  server.RaftServer$Division (RaftServerImpl.java:setRole(329)) - 72a2b08b-a918-40a9-b5b7-0c0becce9b1d@group-DB0BD11390EA: changes role from CANDIDATE to LEADER at term 1 for changeToLeader
2023-09-13 06:49:37,028 [72a2b08b-a918-40a9-b5b7-0c0becce9b1d@group-DB0BD11390EA-LeaderElection13] INFO  ratis.XceiverServerRatis (XceiverServerRatis.java:handleLeaderChangedNotification(902)) - Leader change notification received for group: group-DB0BD11390EA with new leaderId: 72a2b08b-a918-40a9-b5b7-0c0becce9b1d
2023-09-13 06:49:37,028 [grpc-default-executor-6] INFO  server.RaftServer$Division (RaftServerImpl.java:requestVote(1335)) - 4bb754f9-31d1-4c9b-ab82-9cb241c80a35@group-DB0BD11390EA replies to ELECTION vote request: 72a2b08b-a918-40a9-b5b7-0c0becce9b1d<-4bb754f9-31d1-4c9b-ab82-9cb241c80a35#0:OK-t1. Peer's state: 4bb754f9-31d1-4c9b-ab82-9cb241c80a35@group-DB0BD11390EA:t1, leader=null, voted=72a2b08b-a918-40a9-b5b7-0c0becce9b1d, raftlog=Memoized:4bb754f9-31d1-4c9b-ab82-9cb241c80a35@group-DB0BD11390EA-SegmentedRaftLog:OPENED:c-1, conf=-1: peers:[72a2b08b-a918-40a9-b5b7-0c0becce9b1d|rpc:10.1.0.17:15067|admin:10.1.0.17:15066|client:10.1.0.17:15065|dataStream:10.1.0.17:15068|priority:1|startupRole:FOLLOWER, 4bb754f9-31d1-4c9b-ab82-9cb241c80a35|rpc:10.1.0.17:15076|admin:10.1.0.17:15075|client:10.1.0.17:15074|dataStream:10.1.0.17:15077|priority:0|startupRole:FOLLOWER, caee8b76-9fb6-4477-ae87-28d408607da3|rpc:10.1.0.17:15085|admin:10.1.0.17:15084|client:10.1.0.17:15083|dataStream:10.1.0.17:15086|priority:0|startupRole:FOLLOWER]|listeners:[], old=null
2023-09-13 06:49:37,028 [72a2b08b-a918-40a9-b5b7-0c0becce9b1d@group-DB0BD11390EA-LeaderElection13] INFO  server.RaftServer$Division (ServerState.java:setLeader(317)) - 72a2b08b-a918-40a9-b5b7-0c0becce9b1d@group-DB0BD11390EA: change Leader from null to 72a2b08b-a918-40a9-b5b7-0c0becce9b1d at term 1 for becomeLeader, leader elected after 5213ms
2023-09-13 06:49:37,028 [72a2b08b-a918-40a9-b5b7-0c0becce9b1d@group-DB0BD11390EA-LeaderElection13] INFO  server.RaftServerConfigKeys (ConfUtils.java:logGet(46)) - raft.server.staging.catchup.gap = 1000 (default)
2023-09-13 06:49:37,028 [72a2b08b-a918-40a9-b5b7-0c0becce9b1d@group-DB0BD11390EA-LeaderElection13] INFO  server.RaftServerConfigKeys (ConfUtils.java:logGet(46)) - raft.server.write.element-limit = 1024 (custom)
2023-09-13 06:49:37,028 [72a2b08b-a918-40a9-b5b7-0c0becce9b1d@group-DB0BD11390EA-LeaderElection13] INFO  server.RaftServerConfigKeys (ConfUtils.java:logGet(46)) - raft.server.write.byte-limit = 1024 M (=1073741824) (custom)
2023-09-13 06:49:37,028 [72a2b08b-a918-40a9-b5b7-0c0becce9b1d@group-DB0BD11390EA-LeaderElection13] INFO  server.RaftServerConfigKeys (ConfUtils.java:logGet(46)) - raft.server.watch.timeout = 10000ms (default)
2023-09-13 06:49:37,028 [72a2b08b-a918-40a9-b5b7-0c0becce9b1d@group-DB0BD11390EA-LeaderElection13] INFO  server.RaftServerConfigKeys (ConfUtils.java:logGet(46)) - raft.server.watch.timeout.denomination = 1s (default)
2023-09-13 06:49:37,028 [72a2b08b-a918-40a9-b5b7-0c0becce9b1d@group-DB0BD11390EA-LeaderElection13] INFO  server.RaftServerConfigKeys (ConfUtils.java:logGet(46)) - raft.server.watch.element-limit = 65536 (default)
2023-09-13 06:49:37,029 [72a2b08b-a918-40a9-b5b7-0c0becce9b1d@group-DB0BD11390EA-LeaderElection13] INFO  server.RaftServerConfigKeys (ConfUtils.java:logGet(46)) - raft.server.write.element-limit = 1024 (custom)
2023-09-13 06:49:37,029 [72a2b08b-a918-40a9-b5b7-0c0becce9b1d@group-DB0BD11390EA-LeaderElection13] INFO  server.RaftServerConfigKeys (ConfUtils.java:logGet(46)) - raft.server.write.follower.gap.ratio.max = -1.0 (default)
2023-09-13 06:49:37,029 [72a2b08b-a918-40a9-b5b7-0c0becce9b1d@group-DB0BD11390EA-LeaderElection13] INFO  server.RaftServerConfigKeys (ConfUtils.java:logGet(46)) - raft.server.log.appender.snapshot.chunk.size.max = 16MB (=16777216) (default)
2023-09-13 06:49:37,029 [72a2b08b-a918-40a9-b5b7-0c0becce9b1d@group-DB0BD11390EA-LeaderElection13] INFO  server.RaftServerConfigKeys (ConfUtils.java:logGet(46)) - raft.server.log.appender.buffer.byte-limit = 33554432 (custom)
2023-09-13 06:49:37,029 [72a2b08b-a918-40a9-b5b7-0c0becce9b1d@group-DB0BD11390EA-LeaderElection13] INFO  server.RaftServerConfigKeys (ConfUtils.java:logGet(46)) - raft.server.log.appender.buffer.element-limit = 1 (custom)
2023-09-13 06:49:37,029 [72a2b08b-a918-40a9-b5b7-0c0becce9b1d@group-DB0BD11390EA-LeaderElection13] INFO  server.RaftServerConfigKeys (ConfUtils.java:logGet(46)) - raft.server.log.appender.wait-time.min = 10ms (default)
2023-09-13 06:49:37,029 [72a2b08b-a918-40a9-b5b7-0c0becce9b1d@group-DB0BD11390EA-LeaderElection13] INFO  grpc.GrpcConfigKeys (ConfUtils.java:logGet(46)) - raft.grpc.server.leader.outstanding.appends.max = 128 (default)
2023-09-13 06:49:37,030 [72a2b08b-a918-40a9-b5b7-0c0becce9b1d@group-DB0BD11390EA-LeaderElection13] INFO  server.RaftServerConfigKeys (ConfUtils.java:logGet(46)) - raft.server.rpc.request.timeout = 3000ms (default)
2023-09-13 06:49:37,030 [72a2b08b-a918-40a9-b5b7-0c0becce9b1d@group-DB0BD11390EA-LeaderElection13] INFO  grpc.GrpcConfigKeys (ConfUtils.java:logGet(46)) - raft.grpc.server.install_snapshot.request.element-limit = 8 (default)
2023-09-13 06:49:37,030 [72a2b08b-a918-40a9-b5b7-0c0becce9b1d@group-DB0BD11390EA-LeaderElection13] INFO  grpc.GrpcConfigKeys (ConfUtils.java:logGet(46)) - raft.grpc.server.install_snapshot.request.timeout = 3000ms (default)
2023-09-13 06:49:37,030 [72a2b08b-a918-40a9-b5b7-0c0becce9b1d@group-DB0BD11390EA-LeaderElection13] INFO  server.RaftServerConfigKeys (ConfUtils.java:logGet(46)) - raft.server.log.appender.install.snapshot.enabled = false (custom)
2023-09-13 06:49:37,030 [72a2b08b-a918-40a9-b5b7-0c0becce9b1d@group-DB0BD11390EA-LeaderElection13] INFO  grpc.GrpcConfigKeys (ConfUtils.java:logGet(46)) - raft.grpc.server.heartbeat.channel = true (default)
2023-09-13 06:49:37,030 [72a2b08b-a918-40a9-b5b7-0c0becce9b1d@group-DB0BD11390EA-LeaderElection13] INFO  server.RaftServerConfigKeys (ConfUtils.java:logGet(46)) - raft.server.log.appender.snapshot.chunk.size.max = 16MB (=16777216) (default)
2023-09-13 06:49:37,030 [72a2b08b-a918-40a9-b5b7-0c0becce9b1d@group-DB0BD11390EA-LeaderElection13] INFO  server.RaftServerConfigKeys (ConfUtils.java:logGet(46)) - raft.server.log.appender.buffer.byte-limit = 33554432 (custom)
2023-09-13 06:49:37,030 [72a2b08b-a918-40a9-b5b7-0c0becce9b1d@group-DB0BD11390EA-LeaderElection13] INFO  server.RaftServerConfigKeys (ConfUtils.java:logGet(46)) - raft.server.log.appender.buffer.element-limit = 1 (custom)
2023-09-13 06:49:37,031 [72a2b08b-a918-40a9-b5b7-0c0becce9b1d@group-DB0BD11390EA-LeaderElection13] INFO  server.RaftServerConfigKeys (ConfUtils.java:logGet(46)) - raft.server.log.appender.wait-time.min = 10ms (default)
2023-09-13 06:49:37,031 [72a2b08b-a918-40a9-b5b7-0c0becce9b1d@group-DB0BD11390EA-LeaderElection13] INFO  grpc.GrpcConfigKeys (ConfUtils.java:logGet(46)) - raft.grpc.server.leader.outstanding.appends.max = 128 (default)
2023-09-13 06:49:37,031 [72a2b08b-a918-40a9-b5b7-0c0becce9b1d@group-DB0BD11390EA-LeaderElection13] INFO  server.RaftServerConfigKeys (ConfUtils.java:logGet(46)) - raft.server.rpc.request.timeout = 3000ms (default)
2023-09-13 06:49:37,031 [72a2b08b-a918-40a9-b5b7-0c0becce9b1d@group-DB0BD11390EA-LeaderElection13] INFO  grpc.GrpcConfigKeys (ConfUtils.java:logGet(46)) - raft.grpc.server.install_snapshot.request.element-limit = 8 (default)
2023-09-13 06:49:37,031 [72a2b08b-a918-40a9-b5b7-0c0becce9b1d@group-DB0BD11390EA-LeaderElection13] INFO  grpc.GrpcConfigKeys (ConfUtils.java:logGet(46)) - raft.grpc.server.install_snapshot.request.timeout = 3000ms (default)
2023-09-13 06:49:37,031 [72a2b08b-a918-40a9-b5b7-0c0becce9b1d@group-DB0BD11390EA-LeaderElection13] INFO  server.RaftServerConfigKeys (ConfUtils.java:logGet(46)) - raft.server.log.appender.install.snapshot.enabled = false (custom)
2023-09-13 06:49:37,031 [72a2b08b-a918-40a9-b5b7-0c0becce9b1d@group-DB0BD11390EA-LeaderElection13] INFO  grpc.GrpcConfigKeys (ConfUtils.java:logGet(46)) - raft.grpc.server.heartbeat.channel = true (default)
2023-09-13 06:49:37,031 [72a2b08b-a918-40a9-b5b7-0c0becce9b1d@group-DB0BD11390EA-LeaderElection13] INFO  impl.RoleInfo (RoleInfo.java:updateAndGet(139)) - 72a2b08b-a918-40a9-b5b7-0c0becce9b1d: start 72a2b08b-a918-40a9-b5b7-0c0becce9b1d@group-DB0BD11390EA-LeaderStateImpl
2023-09-13 06:49:37,031 [72a2b08b-a918-40a9-b5b7-0c0becce9b1d@group-DB0BD11390EA-LeaderElection13] INFO  segmented.SegmentedRaftLogWorker (SegmentedRaftLogWorker.java:startLogSegment(447)) - 72a2b08b-a918-40a9-b5b7-0c0becce9b1d@group-DB0BD11390EA-SegmentedRaftLogWorker: Starting segment from index:0
2023-09-13 06:49:37,032 [EventQueue-PipelineReportForPipelineReportHandler] INFO  pipeline.PipelineReportHandler (PipelineReportHandler.java:processPipelineReport(136)) - Opened pipeline PipelineID=e4ae056a-eecf-4e0f-bfc6-db0bd11390ea
2023-09-13 06:49:37,033 [EventQueue-OpenPipelineForHealthyPipelineSafeModeRule] INFO  safemode.SCMSafeModeManager (HealthyPipelineSafeModeRule.java:process(137)) - SCM in safe mode. Healthy pipelines reported count is 1, required healthy pipeline reported count is 1
2023-09-13 06:49:37,033 [EventQueue-OpenPipelineForHealthyPipelineSafeModeRule] INFO  safemode.SCMSafeModeManager (SCMSafeModeManager.java:validateSafeModeExitRules(200)) - HealthyPipelineSafeModeRule rule is successfully validated
2023-09-13 06:49:37,033 [EventQueue-OpenPipelineForHealthyPipelineSafeModeRule] INFO  safemode.SCMSafeModeManager (SCMSafeModeManager.java:validateSafeModeExitRules(215)) - ScmSafeModeManager, all rules are successfully validated
2023-09-13 06:49:37,033 [EventQueue-OpenPipelineForHealthyPipelineSafeModeRule] INFO  safemode.SCMSafeModeManager (SCMSafeModeManager.java:exitSafeMode(244)) - SCM exiting safe mode.
2023-09-13 06:49:37,037 [EventQueue-OpenPipelineForHealthyPipelineSafeModeRule] INFO  ha.SCMContext (SCMContext.java:updateSafeModeStatus(228)) - Update SafeModeStatus from SafeModeStatus{safeModeStatus=true, preCheckPassed=true} to SafeModeStatus{safeModeStatus=false, preCheckPassed=true}.
2023-09-13 06:49:37,037 [EventQueue-OpenPipelineForHealthyPipelineSafeModeRule] INFO  pipeline.BackgroundPipelineCreator (BackgroundPipelineCreator.java:notifyStatusChanged(255)) - Service BackgroundPipelineCreator transitions to RUNNING.
2023-09-13 06:49:37,037 [EventQueue-OpenPipelineForHealthyPipelineSafeModeRule] INFO  BackgroundPipelineScrubber (BackgroundSCMService.java:notifyStatusChanged(82)) - Service BackgroundPipelineScrubber transitions to RUNNING.
2023-09-13 06:49:37,037 [EventQueue-OpenPipelineForHealthyPipelineSafeModeRule] INFO  ExpiredContainerReplicaOpScrubber (BackgroundSCMService.java:notifyStatusChanged(82)) - Service ExpiredContainerReplicaOpScrubber transitions to RUNNING.
2023-09-13 06:49:37,037 [EventQueue-OpenPipelineForHealthyPipelineSafeModeRule] INFO  replication.ReplicationManager (ReplicationManager.java:notifyStatusChanged(1370)) - Service ReplicationManager transitions to RUNNING.
2023-09-13 06:49:37,037 [EventQueue-OpenPipelineForHealthyPipelineSafeModeRule] WARN  balancer.ContainerBalancer (ContainerBalancer.java:shouldRun(134)) - Could not find persisted configuration for ContainerBalancer when checking if ContainerBalancer should run. ContainerBalancer should not run now.
2023-09-13 06:49:37,033 [72a2b08b-a918-40a9-b5b7-0c0becce9b1d@group-DB0BD11390EA-SegmentedRaftLogWorker] INFO  segmented.SegmentedRaftLogWorker (SegmentedRaftLogWorker.java:execute(651)) - 72a2b08b-a918-40a9-b5b7-0c0becce9b1d@group-DB0BD11390EA-SegmentedRaftLogWorker: created new log segment /home/runner/work/ozone/ozone/hadoop-ozone/integration-test/target/test-dir/MiniOzoneClusterImpl-af11299d-9bff-4b11-875a-a8648a114883/datanode-0/data/ratis/e4ae056a-eecf-4e0f-bfc6-db0bd11390ea/current/log_inprogress_0
2023-09-13 06:49:37,042 [72a2b08b-a918-40a9-b5b7-0c0becce9b1d@group-DB0BD11390EA-LeaderElection13] INFO  server.RaftServer$Division (ServerState.java:setRaftConf(434)) - 72a2b08b-a918-40a9-b5b7-0c0becce9b1d@group-DB0BD11390EA: set configuration 0: peers:[72a2b08b-a918-40a9-b5b7-0c0becce9b1d|rpc:10.1.0.17:15067|admin:10.1.0.17:15066|client:10.1.0.17:15065|dataStream:10.1.0.17:15068|priority:1|startupRole:FOLLOWER, 4bb754f9-31d1-4c9b-ab82-9cb241c80a35|rpc:10.1.0.17:15076|admin:10.1.0.17:15075|client:10.1.0.17:15074|dataStream:10.1.0.17:15077|priority:0|startupRole:FOLLOWER, caee8b76-9fb6-4477-ae87-28d408607da3|rpc:10.1.0.17:15085|admin:10.1.0.17:15084|client:10.1.0.17:15083|dataStream:10.1.0.17:15086|priority:0|startupRole:FOLLOWER]|listeners:[], old=null
2023-09-13 06:49:37,050 [4bb754f9-31d1-4c9b-ab82-9cb241c80a35-server-thread1] INFO  ratis.XceiverServerRatis (XceiverServerRatis.java:handleLeaderChangedNotification(902)) - Leader change notification received for group: group-DB0BD11390EA with new leaderId: 72a2b08b-a918-40a9-b5b7-0c0becce9b1d
2023-09-13 06:49:37,050 [4bb754f9-31d1-4c9b-ab82-9cb241c80a35-server-thread1] INFO  server.RaftServer$Division (ServerState.java:setLeader(317)) - 4bb754f9-31d1-4c9b-ab82-9cb241c80a35@group-DB0BD11390EA: change Leader from null to 72a2b08b-a918-40a9-b5b7-0c0becce9b1d at term 1 for appendEntries, leader elected after 5199ms
2023-09-13 06:49:37,051 [caee8b76-9fb6-4477-ae87-28d408607da3-server-thread1] INFO  ratis.XceiverServerRatis (XceiverServerRatis.java:handleLeaderChangedNotification(902)) - Leader change notification received for group: group-DB0BD11390EA with new leaderId: 72a2b08b-a918-40a9-b5b7-0c0becce9b1d
2023-09-13 06:49:37,051 [caee8b76-9fb6-4477-ae87-28d408607da3-server-thread1] INFO  server.RaftServer$Division (ServerState.java:setLeader(317)) - caee8b76-9fb6-4477-ae87-28d408607da3@group-DB0BD11390EA: change Leader from null to 72a2b08b-a918-40a9-b5b7-0c0becce9b1d at term 1 for appendEntries, leader elected after 5148ms
2023-09-13 06:49:37,066 [4bb754f9-31d1-4c9b-ab82-9cb241c80a35-server-thread1] INFO  server.RaftServer$Division (ServerState.java:setRaftConf(434)) - 4bb754f9-31d1-4c9b-ab82-9cb241c80a35@group-DB0BD11390EA: set configuration 0: peers:[72a2b08b-a918-40a9-b5b7-0c0becce9b1d|rpc:10.1.0.17:15067|admin:10.1.0.17:15066|client:10.1.0.17:15065|dataStream:10.1.0.17:15068|priority:1|startupRole:FOLLOWER, 4bb754f9-31d1-4c9b-ab82-9cb241c80a35|rpc:10.1.0.17:15076|admin:10.1.0.17:15075|client:10.1.0.17:15074|dataStream:10.1.0.17:15077|priority:0|startupRole:FOLLOWER, caee8b76-9fb6-4477-ae87-28d408607da3|rpc:10.1.0.17:15085|admin:10.1.0.17:15084|client:10.1.0.17:15083|dataStream:10.1.0.17:15086|priority:0|startupRole:FOLLOWER]|listeners:[], old=null
2023-09-13 06:49:37,066 [4bb754f9-31d1-4c9b-ab82-9cb241c80a35-server-thread1] INFO  segmented.SegmentedRaftLogWorker (SegmentedRaftLogWorker.java:startLogSegment(447)) - 4bb754f9-31d1-4c9b-ab82-9cb241c80a35@group-DB0BD11390EA-SegmentedRaftLogWorker: Starting segment from index:0
2023-09-13 06:49:37,073 [caee8b76-9fb6-4477-ae87-28d408607da3-server-thread2] INFO  server.RaftServer$Division (ServerState.java:setRaftConf(434)) - caee8b76-9fb6-4477-ae87-28d408607da3@group-DB0BD11390EA: set configuration 0: peers:[72a2b08b-a918-40a9-b5b7-0c0becce9b1d|rpc:10.1.0.17:15067|admin:10.1.0.17:15066|client:10.1.0.17:15065|dataStream:10.1.0.17:15068|priority:1|startupRole:FOLLOWER, 4bb754f9-31d1-4c9b-ab82-9cb241c80a35|rpc:10.1.0.17:15076|admin:10.1.0.17:15075|client:10.1.0.17:15074|dataStream:10.1.0.17:15077|priority:0|startupRole:FOLLOWER, caee8b76-9fb6-4477-ae87-28d408607da3|rpc:10.1.0.17:15085|admin:10.1.0.17:15084|client:10.1.0.17:15083|dataStream:10.1.0.17:15086|priority:0|startupRole:FOLLOWER]|listeners:[], old=null
2023-09-13 06:49:37,073 [caee8b76-9fb6-4477-ae87-28d408607da3-server-thread2] INFO  segmented.SegmentedRaftLogWorker (SegmentedRaftLogWorker.java:startLogSegment(447)) - caee8b76-9fb6-4477-ae87-28d408607da3@group-DB0BD11390EA-SegmentedRaftLogWorker: Starting segment from index:0
2023-09-13 06:49:37,074 [4bb754f9-31d1-4c9b-ab82-9cb241c80a35@group-DB0BD11390EA-SegmentedRaftLogWorker] INFO  segmented.SegmentedRaftLogWorker (SegmentedRaftLogWorker.java:execute(651)) - 4bb754f9-31d1-4c9b-ab82-9cb241c80a35@group-DB0BD11390EA-SegmentedRaftLogWorker: created new log segment /home/runner/work/ozone/ozone/hadoop-ozone/integration-test/target/test-dir/MiniOzoneClusterImpl-af11299d-9bff-4b11-875a-a8648a114883/datanode-1/data/ratis/e4ae056a-eecf-4e0f-bfc6-db0bd11390ea/current/log_inprogress_0
2023-09-13 06:49:37,077 [caee8b76-9fb6-4477-ae87-28d408607da3@group-DB0BD11390EA-SegmentedRaftLogWorker] INFO  segmented.SegmentedRaftLogWorker (SegmentedRaftLogWorker.java:execute(651)) - caee8b76-9fb6-4477-ae87-28d408607da3@group-DB0BD11390EA-SegmentedRaftLogWorker: created new log segment /home/runner/work/ozone/ozone/hadoop-ozone/integration-test/target/test-dir/MiniOzoneClusterImpl-af11299d-9bff-4b11-875a-a8648a114883/datanode-2/data/ratis/e4ae056a-eecf-4e0f-bfc6-db0bd11390ea/current/log_inprogress_0
2023-09-13 06:49:37,119 [72a2b08b-a918-40a9-b5b7-0c0becce9b1d@group-964DC44F96A8-FollowerState] INFO  impl.FollowerState (FollowerState.java:run(143)) - 72a2b08b-a918-40a9-b5b7-0c0becce9b1d@group-964DC44F96A8-FollowerState: change to CANDIDATE, lastRpcElapsedTime:5143467426ns, electionTimeout:5142ms
2023-09-13 06:49:37,119 [72a2b08b-a918-40a9-b5b7-0c0becce9b1d@group-964DC44F96A8-FollowerState] INFO  impl.RoleInfo (RoleInfo.java:shutdownFollowerState(110)) - 72a2b08b-a918-40a9-b5b7-0c0becce9b1d: shutdown 72a2b08b-a918-40a9-b5b7-0c0becce9b1d@group-964DC44F96A8-FollowerState
2023-09-13 06:49:37,119 [72a2b08b-a918-40a9-b5b7-0c0becce9b1d@group-964DC44F96A8-FollowerState] INFO  server.RaftServer$Division (RaftServerImpl.java:setRole(329)) - 72a2b08b-a918-40a9-b5b7-0c0becce9b1d@group-964DC44F96A8: changes role from  FOLLOWER to CANDIDATE at term 0 for changeToCandidate
2023-09-13 06:49:37,119 [72a2b08b-a918-40a9-b5b7-0c0becce9b1d@group-964DC44F96A8-FollowerState] INFO  server.RaftServerConfigKeys (ConfUtils.java:logGet(46)) - raft.server.leaderelection.pre-vote = true (default)
2023-09-13 06:49:37,119 [72a2b08b-a918-40a9-b5b7-0c0becce9b1d@group-964DC44F96A8-FollowerState] INFO  impl.RoleInfo (RoleInfo.java:updateAndGet(139)) - 72a2b08b-a918-40a9-b5b7-0c0becce9b1d: start 72a2b08b-a918-40a9-b5b7-0c0becce9b1d@group-964DC44F96A8-LeaderElection14
2023-09-13 06:49:37,121 [72a2b08b-a918-40a9-b5b7-0c0becce9b1d@group-964DC44F96A8-LeaderElection14] INFO  impl.LeaderElection (LeaderElection.java:askForVotes(321)) - 72a2b08b-a918-40a9-b5b7-0c0becce9b1d@group-964DC44F96A8-LeaderElection14 PRE_VOTE round 0: submit vote requests at term 0 for -1: peers:[72a2b08b-a918-40a9-b5b7-0c0becce9b1d|rpc:10.1.0.17:15067|admin:10.1.0.17:15066|client:10.1.0.17:15065|dataStream:10.1.0.17:15068|priority:0|startupRole:FOLLOWER, caee8b76-9fb6-4477-ae87-28d408607da3|rpc:10.1.0.17:15085|admin:10.1.0.17:15084|client:10.1.0.17:15083|dataStream:10.1.0.17:15086|priority:1|startupRole:FOLLOWER, 4bb754f9-31d1-4c9b-ab82-9cb241c80a35|rpc:10.1.0.17:15076|admin:10.1.0.17:15075|client:10.1.0.17:15074|dataStream:10.1.0.17:15077|priority:0|startupRole:FOLLOWER]|listeners:[], old=null
2023-09-13 06:49:37,125 [72a2b08b-a918-40a9-b5b7-0c0becce9b1d@group-964DC44F96A8-LeaderElection14] INFO  server.RaftServerConfigKeys (ConfUtils.java:logFallback(53)) - raft.server.rpc.first-election.timeout.min = 5s (fallback to raft.server.rpc.timeout.min)
2023-09-13 06:49:37,125 [72a2b08b-a918-40a9-b5b7-0c0becce9b1d@group-964DC44F96A8-LeaderElection14] INFO  server.RaftServerConfigKeys (ConfUtils.java:logFallback(53)) - raft.server.rpc.first-election.timeout.max = 5200ms (fallback to raft.server.rpc.timeout.max)
2023-09-13 06:49:37,130 [grpc-default-executor-1] INFO  server.RaftServer$Division (RaftServerImpl.java:requestVote(1302)) - caee8b76-9fb6-4477-ae87-28d408607da3@group-964DC44F96A8: receive requestVote(PRE_VOTE, 72a2b08b-a918-40a9-b5b7-0c0becce9b1d, group-964DC44F96A8, 0, (t:0, i:0))
2023-09-13 06:49:37,130 [grpc-default-executor-1] INFO  impl.VoteContext (VoteContext.java:log(49)) - caee8b76-9fb6-4477-ae87-28d408607da3@group-964DC44F96A8-FOLLOWER: reject PRE_VOTE from 72a2b08b-a918-40a9-b5b7-0c0becce9b1d: our priority 1 > candidate's priority 0
2023-09-13 06:49:37,130 [grpc-default-executor-1] INFO  server.RaftServer$Division (RaftServerImpl.java:requestVote(1335)) - caee8b76-9fb6-4477-ae87-28d408607da3@group-964DC44F96A8 replies to PRE_VOTE vote request: 72a2b08b-a918-40a9-b5b7-0c0becce9b1d<-caee8b76-9fb6-4477-ae87-28d408607da3#0:FAIL-t0. Peer's state: caee8b76-9fb6-4477-ae87-28d408607da3@group-964DC44F96A8:t0, leader=null, voted=, raftlog=Memoized:caee8b76-9fb6-4477-ae87-28d408607da3@group-964DC44F96A8-SegmentedRaftLog:OPENED:c-1, conf=-1: peers:[72a2b08b-a918-40a9-b5b7-0c0becce9b1d|rpc:10.1.0.17:15067|admin:10.1.0.17:15066|client:10.1.0.17:15065|dataStream:10.1.0.17:15068|priority:0|startupRole:FOLLOWER, caee8b76-9fb6-4477-ae87-28d408607da3|rpc:10.1.0.17:15085|admin:10.1.0.17:15084|client:10.1.0.17:15083|dataStream:10.1.0.17:15086|priority:1|startupRole:FOLLOWER, 4bb754f9-31d1-4c9b-ab82-9cb241c80a35|rpc:10.1.0.17:15076|admin:10.1.0.17:15075|client:10.1.0.17:15074|dataStream:10.1.0.17:15077|priority:0|startupRole:FOLLOWER]|listeners:[], old=null
2023-09-13 06:49:37,133 [72a2b08b-a918-40a9-b5b7-0c0becce9b1d@group-964DC44F96A8-LeaderElection14] INFO  impl.LeaderElection (LeaderElection.java:logAndReturn(90)) - 72a2b08b-a918-40a9-b5b7-0c0becce9b1d@group-964DC44F96A8-LeaderElection14: PRE_VOTE REJECTED received 1 response(s) and 0 exception(s):
2023-09-13 06:49:37,133 [72a2b08b-a918-40a9-b5b7-0c0becce9b1d@group-964DC44F96A8-LeaderElection14] INFO  impl.LeaderElection (LeaderElection.java:logAndReturn(94)) -   Response 0: 72a2b08b-a918-40a9-b5b7-0c0becce9b1d<-caee8b76-9fb6-4477-ae87-28d408607da3#0:FAIL-t0
2023-09-13 06:49:37,133 [72a2b08b-a918-40a9-b5b7-0c0becce9b1d@group-964DC44F96A8-LeaderElection14] INFO  impl.LeaderElection (LeaderElection.java:askForVotes(323)) - 72a2b08b-a918-40a9-b5b7-0c0becce9b1d@group-964DC44F96A8-LeaderElection14 PRE_VOTE round 0: result REJECTED
2023-09-13 06:49:37,133 [72a2b08b-a918-40a9-b5b7-0c0becce9b1d@group-964DC44F96A8-LeaderElection14] INFO  server.RaftServer$Division (RaftServerImpl.java:setRole(329)) - 72a2b08b-a918-40a9-b5b7-0c0becce9b1d@group-964DC44F96A8: changes role from CANDIDATE to FOLLOWER at term 0 for REJECTED
2023-09-13 06:49:37,133 [72a2b08b-a918-40a9-b5b7-0c0becce9b1d@group-964DC44F96A8-LeaderElection14] INFO  impl.RoleInfo (RoleInfo.java:shutdownLeaderElection(130)) - 72a2b08b-a918-40a9-b5b7-0c0becce9b1d: shutdown 72a2b08b-a918-40a9-b5b7-0c0becce9b1d@group-964DC44F96A8-LeaderElection14
2023-09-13 06:49:37,133 [72a2b08b-a918-40a9-b5b7-0c0becce9b1d@group-964DC44F96A8-LeaderElection14] INFO  impl.RoleInfo (RoleInfo.java:updateAndGet(139)) - 72a2b08b-a918-40a9-b5b7-0c0becce9b1d: start 72a2b08b-a918-40a9-b5b7-0c0becce9b1d@group-964DC44F96A8-FollowerState
2023-09-13 06:49:37,135 [grpc-default-executor-1] INFO  server.RaftServer$Division (RaftServerImpl.java:requestVote(1302)) - 4bb754f9-31d1-4c9b-ab82-9cb241c80a35@group-964DC44F96A8: receive requestVote(PRE_VOTE, 72a2b08b-a918-40a9-b5b7-0c0becce9b1d, group-964DC44F96A8, 0, (t:0, i:0))
2023-09-13 06:49:37,135 [grpc-default-executor-1] INFO  impl.VoteContext (VoteContext.java:log(49)) - 4bb754f9-31d1-4c9b-ab82-9cb241c80a35@group-964DC44F96A8-FOLLOWER: accept PRE_VOTE from 72a2b08b-a918-40a9-b5b7-0c0becce9b1d: our priority 0 <= candidate's priority 0
2023-09-13 06:49:37,135 [grpc-default-executor-1] INFO  server.RaftServer$Division (RaftServerImpl.java:requestVote(1335)) - 4bb754f9-31d1-4c9b-ab82-9cb241c80a35@group-964DC44F96A8 replies to PRE_VOTE vote request: 72a2b08b-a918-40a9-b5b7-0c0becce9b1d<-4bb754f9-31d1-4c9b-ab82-9cb241c80a35#0:OK-t0. Peer's state: 4bb754f9-31d1-4c9b-ab82-9cb241c80a35@group-964DC44F96A8:t0, leader=null, voted=, raftlog=Memoized:4bb754f9-31d1-4c9b-ab82-9cb241c80a35@group-964DC44F96A8-SegmentedRaftLog:OPENED:c-1, conf=-1: peers:[72a2b08b-a918-40a9-b5b7-0c0becce9b1d|rpc:10.1.0.17:15067|admin:10.1.0.17:15066|client:10.1.0.17:15065|dataStream:10.1.0.17:15068|priority:0|startupRole:FOLLOWER, caee8b76-9fb6-4477-ae87-28d408607da3|rpc:10.1.0.17:15085|admin:10.1.0.17:15084|client:10.1.0.17:15083|dataStream:10.1.0.17:15086|priority:1|startupRole:FOLLOWER, 4bb754f9-31d1-4c9b-ab82-9cb241c80a35|rpc:10.1.0.17:15076|admin:10.1.0.17:15075|client:10.1.0.17:15074|dataStream:10.1.0.17:15077|priority:0|startupRole:FOLLOWER]|listeners:[], old=null
2023-09-13 06:49:37,211 [caee8b76-9fb6-4477-ae87-28d408607da3@group-964DC44F96A8-FollowerState] INFO  impl.FollowerState (FollowerState.java:run(143)) - caee8b76-9fb6-4477-ae87-28d408607da3@group-964DC44F96A8-FollowerState: change to CANDIDATE, lastRpcElapsedTime:5173961577ns, electionTimeout:5171ms
2023-09-13 06:49:37,211 [caee8b76-9fb6-4477-ae87-28d408607da3@group-964DC44F96A8-FollowerState] INFO  impl.RoleInfo (RoleInfo.java:shutdownFollowerState(110)) - caee8b76-9fb6-4477-ae87-28d408607da3: shutdown caee8b76-9fb6-4477-ae87-28d408607da3@group-964DC44F96A8-FollowerState
2023-09-13 06:49:37,211 [caee8b76-9fb6-4477-ae87-28d408607da3@group-964DC44F96A8-FollowerState] INFO  server.RaftServer$Division (RaftServerImpl.java:setRole(329)) - caee8b76-9fb6-4477-ae87-28d408607da3@group-964DC44F96A8: changes role from  FOLLOWER to CANDIDATE at term 0 for changeToCandidate
2023-09-13 06:49:37,211 [caee8b76-9fb6-4477-ae87-28d408607da3@group-964DC44F96A8-FollowerState] INFO  server.RaftServerConfigKeys (ConfUtils.java:logGet(46)) - raft.server.leaderelection.pre-vote = true (default)
2023-09-13 06:49:37,211 [caee8b76-9fb6-4477-ae87-28d408607da3@group-964DC44F96A8-FollowerState] INFO  impl.RoleInfo (RoleInfo.java:updateAndGet(139)) - caee8b76-9fb6-4477-ae87-28d408607da3: start caee8b76-9fb6-4477-ae87-28d408607da3@group-964DC44F96A8-LeaderElection15
2023-09-13 06:49:37,212 [caee8b76-9fb6-4477-ae87-28d408607da3@group-964DC44F96A8-LeaderElection15] INFO  impl.LeaderElection (LeaderElection.java:askForVotes(321)) - caee8b76-9fb6-4477-ae87-28d408607da3@group-964DC44F96A8-LeaderElection15 PRE_VOTE round 0: submit vote requests at term 0 for -1: peers:[72a2b08b-a918-40a9-b5b7-0c0becce9b1d|rpc:10.1.0.17:15067|admin:10.1.0.17:15066|client:10.1.0.17:15065|dataStream:10.1.0.17:15068|priority:0|startupRole:FOLLOWER, caee8b76-9fb6-4477-ae87-28d408607da3|rpc:10.1.0.17:15085|admin:10.1.0.17:15084|client:10.1.0.17:15083|dataStream:10.1.0.17:15086|priority:1|startupRole:FOLLOWER, 4bb754f9-31d1-4c9b-ab82-9cb241c80a35|rpc:10.1.0.17:15076|admin:10.1.0.17:15075|client:10.1.0.17:15074|dataStream:10.1.0.17:15077|priority:0|startupRole:FOLLOWER]|listeners:[], old=null
2023-09-13 06:49:37,212 [caee8b76-9fb6-4477-ae87-28d408607da3@group-964DC44F96A8-LeaderElection15-1] INFO  server.GrpcServerProtocolClient (GrpcServerProtocolClient.java:<init>(65)) - Build channel for 72a2b08b-a918-40a9-b5b7-0c0becce9b1d
2023-09-13 06:49:37,212 [caee8b76-9fb6-4477-ae87-28d408607da3@group-964DC44F96A8-LeaderElection15] INFO  server.RaftServerConfigKeys (ConfUtils.java:logFallback(53)) - raft.server.rpc.first-election.timeout.min = 5s (fallback to raft.server.rpc.timeout.min)
2023-09-13 06:49:37,213 [caee8b76-9fb6-4477-ae87-28d408607da3@group-964DC44F96A8-LeaderElection15] INFO  server.RaftServerConfigKeys (ConfUtils.java:logFallback(53)) - raft.server.rpc.first-election.timeout.max = 5200ms (fallback to raft.server.rpc.timeout.max)
2023-09-13 06:49:37,213 [JUnit] INFO  ozone.MiniOzoneClusterImpl (MiniOzoneClusterImpl.java:lambda$waitForClusterToBeReady$0(224)) - Nodes are ready. Got 5 of 5 DN Heartbeats.
2023-09-13 06:49:37,213 [JUnit] INFO  ozone.MiniOzoneClusterImpl (MiniOzoneClusterImpl.java:lambda$waitForClusterToBeReady$0(227)) - Cluster exits safe mode
2023-09-13 06:49:37,213 [JUnit] INFO  ozone.MiniOzoneClusterImpl (MiniOzoneClusterImpl.java:lambda$waitForClusterToBeReady$0(229)) - SCM became leader
2023-09-13 06:49:37,213 [caee8b76-9fb6-4477-ae87-28d408607da3@group-964DC44F96A8-LeaderElection15-2] INFO  server.GrpcServerProtocolClient (GrpcServerProtocolClient.java:<init>(65)) - Build channel for 4bb754f9-31d1-4c9b-ab82-9cb241c80a35
2023-09-13 06:49:37,249 [grpc-default-executor-1] INFO  server.RaftServer$Division (RaftServerImpl.java:requestVote(1302)) - 4bb754f9-31d1-4c9b-ab82-9cb241c80a35@group-964DC44F96A8: receive requestVote(PRE_VOTE, caee8b76-9fb6-4477-ae87-28d408607da3, group-964DC44F96A8, 0, (t:0, i:0))
2023-09-13 06:49:37,249 [grpc-default-executor-1] INFO  impl.VoteContext (VoteContext.java:log(49)) - 4bb754f9-31d1-4c9b-ab82-9cb241c80a35@group-964DC44F96A8-FOLLOWER: accept PRE_VOTE from caee8b76-9fb6-4477-ae87-28d408607da3: our priority 0 <= candidate's priority 1
2023-09-13 06:49:37,250 [grpc-default-executor-1] INFO  server.RaftServer$Division (RaftServerImpl.java:requestVote(1335)) - 4bb754f9-31d1-4c9b-ab82-9cb241c80a35@group-964DC44F96A8 replies to PRE_VOTE vote request: caee8b76-9fb6-4477-ae87-28d408607da3<-4bb754f9-31d1-4c9b-ab82-9cb241c80a35#0:OK-t0. Peer's state: 4bb754f9-31d1-4c9b-ab82-9cb241c80a35@group-964DC44F96A8:t0, leader=null, voted=, raftlog=Memoized:4bb754f9-31d1-4c9b-ab82-9cb241c80a35@group-964DC44F96A8-SegmentedRaftLog:OPENED:c-1, conf=-1: peers:[72a2b08b-a918-40a9-b5b7-0c0becce9b1d|rpc:10.1.0.17:15067|admin:10.1.0.17:15066|client:10.1.0.17:15065|dataStream:10.1.0.17:15068|priority:0|startupRole:FOLLOWER, caee8b76-9fb6-4477-ae87-28d408607da3|rpc:10.1.0.17:15085|admin:10.1.0.17:15084|client:10.1.0.17:15083|dataStream:10.1.0.17:15086|priority:1|startupRole:FOLLOWER, 4bb754f9-31d1-4c9b-ab82-9cb241c80a35|rpc:10.1.0.17:15076|admin:10.1.0.17:15075|client:10.1.0.17:15074|dataStream:10.1.0.17:15077|priority:0|startupRole:FOLLOWER]|listeners:[], old=null
2023-09-13 06:49:37,250 [grpc-default-executor-6] INFO  server.RaftServer$Division (RaftServerImpl.java:requestVote(1302)) - 72a2b08b-a918-40a9-b5b7-0c0becce9b1d@group-964DC44F96A8: receive requestVote(PRE_VOTE, caee8b76-9fb6-4477-ae87-28d408607da3, group-964DC44F96A8, 0, (t:0, i:0))
2023-09-13 06:49:37,250 [grpc-default-executor-6] INFO  impl.VoteContext (VoteContext.java:log(49)) - 72a2b08b-a918-40a9-b5b7-0c0becce9b1d@group-964DC44F96A8-FOLLOWER: accept PRE_VOTE from caee8b76-9fb6-4477-ae87-28d408607da3: our priority 0 <= candidate's priority 1
2023-09-13 06:49:37,250 [grpc-default-executor-6] INFO  server.RaftServer$Division (RaftServerImpl.java:requestVote(1335)) - 72a2b08b-a918-40a9-b5b7-0c0becce9b1d@group-964DC44F96A8 replies to PRE_VOTE vote request: caee8b76-9fb6-4477-ae87-28d408607da3<-72a2b08b-a918-40a9-b5b7-0c0becce9b1d#0:OK-t0. Peer's state: 72a2b08b-a918-40a9-b5b7-0c0becce9b1d@group-964DC44F96A8:t0, leader=null, voted=, raftlog=Memoized:72a2b08b-a918-40a9-b5b7-0c0becce9b1d@group-964DC44F96A8-SegmentedRaftLog:OPENED:c-1, conf=-1: peers:[72a2b08b-a918-40a9-b5b7-0c0becce9b1d|rpc:10.1.0.17:15067|admin:10.1.0.17:15066|client:10.1.0.17:15065|dataStream:10.1.0.17:15068|priority:0|startupRole:FOLLOWER, caee8b76-9fb6-4477-ae87-28d408607da3|rpc:10.1.0.17:15085|admin:10.1.0.17:15084|client:10.1.0.17:15083|dataStream:10.1.0.17:15086|priority:1|startupRole:FOLLOWER, 4bb754f9-31d1-4c9b-ab82-9cb241c80a35|rpc:10.1.0.17:15076|admin:10.1.0.17:15075|client:10.1.0.17:15074|dataStream:10.1.0.17:15077|priority:0|startupRole:FOLLOWER]|listeners:[], old=null
2023-09-13 06:49:37,261 [caee8b76-9fb6-4477-ae87-28d408607da3@group-964DC44F96A8-LeaderElection15] INFO  impl.LeaderElection (LeaderElection.java:logAndReturn(90)) - caee8b76-9fb6-4477-ae87-28d408607da3@group-964DC44F96A8-LeaderElection15: PRE_VOTE PASSED received 1 response(s) and 0 exception(s):
2023-09-13 06:49:37,261 [caee8b76-9fb6-4477-ae87-28d408607da3@group-964DC44F96A8-LeaderElection15] INFO  impl.LeaderElection (LeaderElection.java:logAndReturn(94)) -   Response 0: caee8b76-9fb6-4477-ae87-28d408607da3<-4bb754f9-31d1-4c9b-ab82-9cb241c80a35#0:OK-t0
2023-09-13 06:49:37,261 [caee8b76-9fb6-4477-ae87-28d408607da3@group-964DC44F96A8-LeaderElection15] INFO  impl.LeaderElection (LeaderElection.java:askForVotes(323)) - caee8b76-9fb6-4477-ae87-28d408607da3@group-964DC44F96A8-LeaderElection15 PRE_VOTE round 0: result PASSED
2023-09-13 06:49:37,265 [4bb754f9-31d1-4c9b-ab82-9cb241c80a35@group-964DC44F96A8-FollowerState] INFO  server.RaftServerConfigKeys (ConfUtils.java:logFallback(53)) - raft.server.rpc.first-election.timeout.min = 5s (fallback to raft.server.rpc.timeout.min)
2023-09-13 06:49:37,265 [4bb754f9-31d1-4c9b-ab82-9cb241c80a35@group-964DC44F96A8-FollowerState] INFO  server.RaftServerConfigKeys (ConfUtils.java:logFallback(53)) - raft.server.rpc.first-election.timeout.max = 5200ms (fallback to raft.server.rpc.timeout.max)
2023-09-13 06:49:37,265 [caee8b76-9fb6-4477-ae87-28d408607da3@group-964DC44F96A8-LeaderElection15] INFO  impl.LeaderElection (LeaderElection.java:askForVotes(321)) - caee8b76-9fb6-4477-ae87-28d408607da3@group-964DC44F96A8-LeaderElection15 ELECTION round 0: submit vote requests at term 1 for -1: peers:[72a2b08b-a918-40a9-b5b7-0c0becce9b1d|rpc:10.1.0.17:15067|admin:10.1.0.17:15066|client:10.1.0.17:15065|dataStream:10.1.0.17:15068|priority:0|startupRole:FOLLOWER, caee8b76-9fb6-4477-ae87-28d408607da3|rpc:10.1.0.17:15085|admin:10.1.0.17:15084|client:10.1.0.17:15083|dataStream:10.1.0.17:15086|priority:1|startupRole:FOLLOWER, 4bb754f9-31d1-4c9b-ab82-9cb241c80a35|rpc:10.1.0.17:15076|admin:10.1.0.17:15075|client:10.1.0.17:15074|dataStream:10.1.0.17:15077|priority:0|startupRole:FOLLOWER]|listeners:[], old=null
2023-09-13 06:49:37,265 [setup] INFO  rpc.RpcClient (RpcClient.java:createVolume(461)) - Creating Volume: volume82177, with user28842 as owner and space quota set to -1 bytes, counts quota set to -1
2023-09-13 06:49:37,271 [caee8b76-9fb6-4477-ae87-28d408607da3@group-964DC44F96A8-LeaderElection15] INFO  server.RaftServerConfigKeys (ConfUtils.java:logFallback(53)) - raft.server.rpc.first-election.timeout.min = 5s (fallback to raft.server.rpc.timeout.min)
2023-09-13 06:49:37,271 [caee8b76-9fb6-4477-ae87-28d408607da3@group-964DC44F96A8-LeaderElection15] INFO  server.RaftServerConfigKeys (ConfUtils.java:logFallback(53)) - raft.server.rpc.first-election.timeout.max = 5200ms (fallback to raft.server.rpc.timeout.max)
2023-09-13 06:49:37,276 [grpc-default-executor-6] INFO  server.RaftServer$Division (RaftServerImpl.java:requestVote(1302)) - 4bb754f9-31d1-4c9b-ab82-9cb241c80a35@group-964DC44F96A8: receive requestVote(ELECTION, caee8b76-9fb6-4477-ae87-28d408607da3, group-964DC44F96A8, 1, (t:0, i:0))
2023-09-13 06:49:37,278 [grpc-default-executor-6] INFO  impl.VoteContext (VoteContext.java:log(49)) - 4bb754f9-31d1-4c9b-ab82-9cb241c80a35@group-964DC44F96A8-FOLLOWER: accept ELECTION from caee8b76-9fb6-4477-ae87-28d408607da3: our priority 0 <= candidate's priority 1
2023-09-13 06:49:37,278 [grpc-default-executor-6] INFO  server.RaftServer$Division (RaftServerImpl.java:setRole(329)) - 4bb754f9-31d1-4c9b-ab82-9cb241c80a35@group-964DC44F96A8: changes role from  FOLLOWER to FOLLOWER at term 1 for candidate:caee8b76-9fb6-4477-ae87-28d408607da3
2023-09-13 06:49:37,278 [grpc-default-executor-6] INFO  impl.RoleInfo (RoleInfo.java:shutdownFollowerState(110)) - 4bb754f9-31d1-4c9b-ab82-9cb241c80a35: shutdown 4bb754f9-31d1-4c9b-ab82-9cb241c80a35@group-964DC44F96A8-FollowerState
2023-09-13 06:49:37,278 [grpc-default-executor-6] INFO  impl.RoleInfo (RoleInfo.java:updateAndGet(139)) - 4bb754f9-31d1-4c9b-ab82-9cb241c80a35: start 4bb754f9-31d1-4c9b-ab82-9cb241c80a35@group-964DC44F96A8-FollowerState
2023-09-13 06:49:37,278 [4bb754f9-31d1-4c9b-ab82-9cb241c80a35@group-96A4BEB0830B-FollowerState] INFO  impl.FollowerState (FollowerState.java:run(143)) - 4bb754f9-31d1-4c9b-ab82-9cb241c80a35@group-96A4BEB0830B-FollowerState: change to CANDIDATE, lastRpcElapsedTime:5071287326ns, electionTimeout:5070ms
2023-09-13 06:49:37,278 [4bb754f9-31d1-4c9b-ab82-9cb241c80a35@group-964DC44F96A8-FollowerState] INFO  impl.FollowerState (FollowerState.java:run(152)) - 4bb754f9-31d1-4c9b-ab82-9cb241c80a35@group-964DC44F96A8-FollowerState was interrupted
2023-09-13 06:49:37,278 [4bb754f9-31d1-4c9b-ab82-9cb241c80a35@group-96A4BEB0830B-FollowerState] INFO  impl.RoleInfo (RoleInfo.java:shutdownFollowerState(110)) - 4bb754f9-31d1-4c9b-ab82-9cb241c80a35: shutdown 4bb754f9-31d1-4c9b-ab82-9cb241c80a35@group-96A4BEB0830B-FollowerState
2023-09-13 06:49:37,278 [4bb754f9-31d1-4c9b-ab82-9cb241c80a35@group-96A4BEB0830B-FollowerState] INFO  server.RaftServer$Division (RaftServerImpl.java:setRole(329)) - 4bb754f9-31d1-4c9b-ab82-9cb241c80a35@group-96A4BEB0830B: changes role from  FOLLOWER to CANDIDATE at term 0 for changeToCandidate
2023-09-13 06:49:37,279 [4bb754f9-31d1-4c9b-ab82-9cb241c80a35@group-96A4BEB0830B-FollowerState] INFO  server.RaftServerConfigKeys (ConfUtils.java:logGet(46)) - raft.server.leaderelection.pre-vote = true (default)
2023-09-13 06:49:37,279 [4bb754f9-31d1-4c9b-ab82-9cb241c80a35@group-96A4BEB0830B-FollowerState] INFO  impl.RoleInfo (RoleInfo.java:updateAndGet(139)) - 4bb754f9-31d1-4c9b-ab82-9cb241c80a35: start 4bb754f9-31d1-4c9b-ab82-9cb241c80a35@group-96A4BEB0830B-LeaderElection16
2023-09-13 06:49:37,281 [grpc-default-executor-6] INFO  server.RaftServer$Division (RaftServerImpl.java:requestVote(1335)) - 4bb754f9-31d1-4c9b-ab82-9cb241c80a35@group-964DC44F96A8 replies to ELECTION vote request: caee8b76-9fb6-4477-ae87-28d408607da3<-4bb754f9-31d1-4c9b-ab82-9cb241c80a35#0:OK-t1. Peer's state: 4bb754f9-31d1-4c9b-ab82-9cb241c80a35@group-964DC44F96A8:t1, leader=null, voted=caee8b76-9fb6-4477-ae87-28d408607da3, raftlog=Memoized:4bb754f9-31d1-4c9b-ab82-9cb241c80a35@group-964DC44F96A8-SegmentedRaftLog:OPENED:c-1, conf=-1: peers:[72a2b08b-a918-40a9-b5b7-0c0becce9b1d|rpc:10.1.0.17:15067|admin:10.1.0.17:15066|client:10.1.0.17:15065|dataStream:10.1.0.17:15068|priority:0|startupRole:FOLLOWER, caee8b76-9fb6-4477-ae87-28d408607da3|rpc:10.1.0.17:15085|admin:10.1.0.17:15084|client:10.1.0.17:15083|dataStream:10.1.0.17:15086|priority:1|startupRole:FOLLOWER, 4bb754f9-31d1-4c9b-ab82-9cb241c80a35|rpc:10.1.0.17:15076|admin:10.1.0.17:15075|client:10.1.0.17:15074|dataStream:10.1.0.17:15077|priority:0|startupRole:FOLLOWER]|listeners:[], old=null
2023-09-13 06:49:37,285 [grpc-default-executor-1] INFO  server.RaftServer$Division (RaftServerImpl.java:requestVote(1302)) - 72a2b08b-a918-40a9-b5b7-0c0becce9b1d@group-964DC44F96A8: receive requestVote(ELECTION, caee8b76-9fb6-4477-ae87-28d408607da3, group-964DC44F96A8, 1, (t:0, i:0))
2023-09-13 06:49:37,286 [grpc-default-executor-1] INFO  impl.VoteContext (VoteContext.java:log(49)) - 72a2b08b-a918-40a9-b5b7-0c0becce9b1d@group-964DC44F96A8-FOLLOWER: accept ELECTION from caee8b76-9fb6-4477-ae87-28d408607da3: our priority 0 <= candidate's priority 1
2023-09-13 06:49:37,286 [grpc-default-executor-1] INFO  server.RaftServer$Division (RaftServerImpl.java:setRole(329)) - 72a2b08b-a918-40a9-b5b7-0c0becce9b1d@group-964DC44F96A8: changes role from  FOLLOWER to FOLLOWER at term 1 for candidate:caee8b76-9fb6-4477-ae87-28d408607da3
2023-09-13 06:49:37,286 [grpc-default-executor-1] INFO  impl.RoleInfo (RoleInfo.java:shutdownFollowerState(110)) - 72a2b08b-a918-40a9-b5b7-0c0becce9b1d: shutdown 72a2b08b-a918-40a9-b5b7-0c0becce9b1d@group-964DC44F96A8-FollowerState
2023-09-13 06:49:37,286 [72a2b08b-a918-40a9-b5b7-0c0becce9b1d@group-964DC44F96A8-FollowerState] INFO  impl.FollowerState (FollowerState.java:run(152)) - 72a2b08b-a918-40a9-b5b7-0c0becce9b1d@group-964DC44F96A8-FollowerState was interrupted
2023-09-13 06:49:37,287 [grpc-default-executor-1] INFO  impl.RoleInfo (RoleInfo.java:updateAndGet(139)) - 72a2b08b-a918-40a9-b5b7-0c0becce9b1d: start 72a2b08b-a918-40a9-b5b7-0c0becce9b1d@group-964DC44F96A8-FollowerState
2023-09-13 06:49:37,288 [grpc-default-executor-1] INFO  server.RaftServer$Division (RaftServerImpl.java:requestVote(1335)) - 72a2b08b-a918-40a9-b5b7-0c0becce9b1d@group-964DC44F96A8 replies to ELECTION vote request: caee8b76-9fb6-4477-ae87-28d408607da3<-72a2b08b-a918-40a9-b5b7-0c0becce9b1d#0:OK-t1. Peer's state: 72a2b08b-a918-40a9-b5b7-0c0becce9b1d@group-964DC44F96A8:t1, leader=null, voted=caee8b76-9fb6-4477-ae87-28d408607da3, raftlog=Memoized:72a2b08b-a918-40a9-b5b7-0c0becce9b1d@group-964DC44F96A8-SegmentedRaftLog:OPENED:c-1, conf=-1: peers:[72a2b08b-a918-40a9-b5b7-0c0becce9b1d|rpc:10.1.0.17:15067|admin:10.1.0.17:15066|client:10.1.0.17:15065|dataStream:10.1.0.17:15068|priority:0|startupRole:FOLLOWER, caee8b76-9fb6-4477-ae87-28d408607da3|rpc:10.1.0.17:15085|admin:10.1.0.17:15084|client:10.1.0.17:15083|dataStream:10.1.0.17:15086|priority:1|startupRole:FOLLOWER, 4bb754f9-31d1-4c9b-ab82-9cb241c80a35|rpc:10.1.0.17:15076|admin:10.1.0.17:15075|client:10.1.0.17:15074|dataStream:10.1.0.17:15077|priority:0|startupRole:FOLLOWER]|listeners:[], old=null
2023-09-13 06:49:37,290 [caee8b76-9fb6-4477-ae87-28d408607da3@group-964DC44F96A8-LeaderElection15] INFO  impl.LeaderElection (LeaderElection.java:logAndReturn(90)) - caee8b76-9fb6-4477-ae87-28d408607da3@group-964DC44F96A8-LeaderElection15: ELECTION PASSED received 1 response(s) and 0 exception(s):
2023-09-13 06:49:37,290 [caee8b76-9fb6-4477-ae87-28d408607da3@group-964DC44F96A8-LeaderElection15] INFO  impl.LeaderElection (LeaderElection.java:logAndReturn(94)) -   Response 0: caee8b76-9fb6-4477-ae87-28d408607da3<-4bb754f9-31d1-4c9b-ab82-9cb241c80a35#0:OK-t1
2023-09-13 06:49:37,290 [caee8b76-9fb6-4477-ae87-28d408607da3@group-964DC44F96A8-LeaderElection15] INFO  impl.LeaderElection (LeaderElection.java:askForVotes(323)) - caee8b76-9fb6-4477-ae87-28d408607da3@group-964DC44F96A8-LeaderElection15 ELECTION round 0: result PASSED
2023-09-13 06:49:37,290 [caee8b76-9fb6-4477-ae87-28d408607da3@group-964DC44F96A8-LeaderElection15] INFO  impl.RoleInfo (RoleInfo.java:shutdownLeaderElection(130)) - caee8b76-9fb6-4477-ae87-28d408607da3: shutdown caee8b76-9fb6-4477-ae87-28d408607da3@group-964DC44F96A8-LeaderElection15
2023-09-13 06:49:37,290 [caee8b76-9fb6-4477-ae87-28d408607da3@group-964DC44F96A8-LeaderElection15] INFO  server.RaftServer$Division (RaftServerImpl.java:setRole(329)) - caee8b76-9fb6-4477-ae87-28d408607da3@group-964DC44F96A8: changes role from CANDIDATE to LEADER at term 1 for changeToLeader
2023-09-13 06:49:37,290 [caee8b76-9fb6-4477-ae87-28d408607da3@group-964DC44F96A8-LeaderElection15] INFO  ratis.XceiverServerRatis (XceiverServerRatis.java:handleLeaderChangedNotification(902)) - Leader change notification received for group: group-964DC44F96A8 with new leaderId: caee8b76-9fb6-4477-ae87-28d408607da3
2023-09-13 06:49:37,298 [4bb754f9-31d1-4c9b-ab82-9cb241c80a35@group-96A4BEB0830B-LeaderElection16] INFO  impl.LeaderElection (LeaderElection.java:askForVotes(321)) - 4bb754f9-31d1-4c9b-ab82-9cb241c80a35@group-96A4BEB0830B-LeaderElection16 PRE_VOTE round 0: submit vote requests at term 0 for -1: peers:[4bb754f9-31d1-4c9b-ab82-9cb241c80a35|rpc:10.1.0.17:15076|admin:10.1.0.17:15075|client:10.1.0.17:15074|dataStream:10.1.0.17:15077|priority:1|startupRole:FOLLOWER]|listeners:[], old=null
2023-09-13 06:49:37,298 [4bb754f9-31d1-4c9b-ab82-9cb241c80a35@group-96A4BEB0830B-LeaderElection16] INFO  impl.LeaderElection (LeaderElection.java:askForVotes(323)) - 4bb754f9-31d1-4c9b-ab82-9cb241c80a35@group-96A4BEB0830B-LeaderElection16 PRE_VOTE round 0: result PASSED (term=0)
2023-09-13 06:49:37,298 [caee8b76-9fb6-4477-ae87-28d408607da3@group-964DC44F96A8-LeaderElection15] INFO  server.RaftServer$Division (ServerState.java:setLeader(317)) - caee8b76-9fb6-4477-ae87-28d408607da3@group-964DC44F96A8: change Leader from null to caee8b76-9fb6-4477-ae87-28d408607da3 at term 1 for becomeLeader, leader elected after 5277ms
2023-09-13 06:49:37,298 [caee8b76-9fb6-4477-ae87-28d408607da3@group-964DC44F96A8-LeaderElection15] INFO  server.RaftServerConfigKeys (ConfUtils.java:logGet(46)) - raft.server.staging.catchup.gap = 1000 (default)
2023-09-13 06:49:37,299 [caee8b76-9fb6-4477-ae87-28d408607da3@group-964DC44F96A8-LeaderElection15] INFO  server.RaftServerConfigKeys (ConfUtils.java:logGet(46)) - raft.server.write.element-limit = 1024 (custom)
2023-09-13 06:49:37,299 [caee8b76-9fb6-4477-ae87-28d408607da3@group-964DC44F96A8-LeaderElection15] INFO  server.RaftServerConfigKeys (ConfUtils.java:logGet(46)) - raft.server.write.byte-limit = 1024 M (=1073741824) (custom)
2023-09-13 06:49:37,300 [4bb754f9-31d1-4c9b-ab82-9cb241c80a35@group-96A4BEB0830B-LeaderElection16] INFO  impl.LeaderElection (LeaderElection.java:askForVotes(321)) - 4bb754f9-31d1-4c9b-ab82-9cb241c80a35@group-96A4BEB0830B-LeaderElection16 ELECTION round 0: submit vote requests at term 1 for -1: peers:[4bb754f9-31d1-4c9b-ab82-9cb241c80a35|rpc:10.1.0.17:15076|admin:10.1.0.17:15075|client:10.1.0.17:15074|dataStream:10.1.0.17:15077|priority:1|startupRole:FOLLOWER]|listeners:[], old=null
2023-09-13 06:49:37,300 [4bb754f9-31d1-4c9b-ab82-9cb241c80a35@group-96A4BEB0830B-LeaderElection16] INFO  impl.LeaderElection (LeaderElection.java:askForVotes(323)) - 4bb754f9-31d1-4c9b-ab82-9cb241c80a35@group-96A4BEB0830B-LeaderElection16 ELECTION round 0: result PASSED (term=1)
2023-09-13 06:49:37,300 [4bb754f9-31d1-4c9b-ab82-9cb241c80a35@group-96A4BEB0830B-LeaderElection16] INFO  impl.RoleInfo (RoleInfo.java:shutdownLeaderElection(130)) - 4bb754f9-31d1-4c9b-ab82-9cb241c80a35: shutdown 4bb754f9-31d1-4c9b-ab82-9cb241c80a35@group-96A4BEB0830B-LeaderElection16
2023-09-13 06:49:37,300 [4bb754f9-31d1-4c9b-ab82-9cb241c80a35@group-96A4BEB0830B-LeaderElection16] INFO  server.RaftServer$Division (RaftServerImpl.java:setRole(329)) - 4bb754f9-31d1-4c9b-ab82-9cb241c80a35@group-96A4BEB0830B: changes role from CANDIDATE to LEADER at term 1 for changeToLeader
2023-09-13 06:49:37,300 [4bb754f9-31d1-4c9b-ab82-9cb241c80a35@group-96A4BEB0830B-LeaderElection16] INFO  ratis.XceiverServerRatis (XceiverServerRatis.java:handleLeaderChangedNotification(902)) - Leader change notification received for group: group-96A4BEB0830B with new leaderId: 4bb754f9-31d1-4c9b-ab82-9cb241c80a35
2023-09-13 06:49:37,300 [EventQueue-PipelineReportForPipelineReportHandler] INFO  pipeline.PipelineReportHandler (PipelineReportHandler.java:processPipelineReport(136)) - Opened pipeline PipelineID=bb94ab7c-fc39-4e11-bc3d-964dc44f96a8
2023-09-13 06:49:37,300 [4bb754f9-31d1-4c9b-ab82-9cb241c80a35@group-96A4BEB0830B-LeaderElection16] INFO  server.RaftServer$Division (ServerState.java:setLeader(317)) - 4bb754f9-31d1-4c9b-ab82-9cb241c80a35@group-96A4BEB0830B: change Leader from null to 4bb754f9-31d1-4c9b-ab82-9cb241c80a35 at term 1 for becomeLeader, leader elected after 5109ms
2023-09-13 06:49:37,300 [4bb754f9-31d1-4c9b-ab82-9cb241c80a35@group-96A4BEB0830B-LeaderElection16] INFO  server.RaftServerConfigKeys (ConfUtils.java:logGet(46)) - raft.server.staging.catchup.gap = 1000 (default)
2023-09-13 06:49:37,300 [4bb754f9-31d1-4c9b-ab82-9cb241c80a35@group-96A4BEB0830B-LeaderElection16] INFO  server.RaftServerConfigKeys (ConfUtils.java:logGet(46)) - raft.server.write.element-limit = 1024 (custom)
2023-09-13 06:49:37,301 [4bb754f9-31d1-4c9b-ab82-9cb241c80a35@group-96A4BEB0830B-LeaderElection16] INFO  server.RaftServerConfigKeys (ConfUtils.java:logGet(46)) - raft.server.write.byte-limit = 1024 M (=1073741824) (custom)
2023-09-13 06:49:37,302 [caee8b76-9fb6-4477-ae87-28d408607da3@group-964DC44F96A8-LeaderElection15] INFO  server.RaftServerConfigKeys (ConfUtils.java:logGet(46)) - raft.server.watch.timeout = 10000ms (default)
2023-09-13 06:49:37,302 [caee8b76-9fb6-4477-ae87-28d408607da3@group-964DC44F96A8-LeaderElection15] INFO  server.RaftServerConfigKeys (ConfUtils.java:logGet(46)) - raft.server.watch.timeout.denomination = 1s (default)
2023-09-13 06:49:37,302 [caee8b76-9fb6-4477-ae87-28d408607da3@group-964DC44F96A8-LeaderElection15] INFO  server.RaftServerConfigKeys (ConfUtils.java:logGet(46)) - raft.server.watch.element-limit = 65536 (default)
2023-09-13 06:49:37,302 [caee8b76-9fb6-4477-ae87-28d408607da3@group-964DC44F96A8-LeaderElection15] INFO  server.RaftServerConfigKeys (ConfUtils.java:logGet(46)) - raft.server.write.element-limit = 1024 (custom)
2023-09-13 06:49:37,302 [caee8b76-9fb6-4477-ae87-28d408607da3@group-964DC44F96A8-LeaderElection15] INFO  server.RaftServerConfigKeys (ConfUtils.java:logGet(46)) - raft.server.write.follower.gap.ratio.max = -1.0 (default)
2023-09-13 06:49:37,302 [4bb754f9-31d1-4c9b-ab82-9cb241c80a35@group-96A4BEB0830B-LeaderElection16] INFO  server.RaftServerConfigKeys (ConfUtils.java:logGet(46)) - raft.server.watch.timeout = 10000ms (default)
2023-09-13 06:49:37,302 [4bb754f9-31d1-4c9b-ab82-9cb241c80a35@group-96A4BEB0830B-LeaderElection16] INFO  server.RaftServerConfigKeys (ConfUtils.java:logGet(46)) - raft.server.watch.timeout.denomination = 1s (default)
2023-09-13 06:49:37,302 [4bb754f9-31d1-4c9b-ab82-9cb241c80a35@group-96A4BEB0830B-LeaderElection16] INFO  server.RaftServerConfigKeys (ConfUtils.java:logGet(46)) - raft.server.watch.element-limit = 65536 (default)
2023-09-13 06:49:37,302 [4bb754f9-31d1-4c9b-ab82-9cb241c80a35@group-96A4BEB0830B-LeaderElection16] INFO  server.RaftServerConfigKeys (ConfUtils.java:logGet(46)) - raft.server.write.element-limit = 1024 (custom)
2023-09-13 06:49:37,302 [4bb754f9-31d1-4c9b-ab82-9cb241c80a35@group-96A4BEB0830B-LeaderElection16] INFO  server.RaftServerConfigKeys (ConfUtils.java:logGet(46)) - raft.server.write.follower.gap.ratio.max = -1.0 (default)
2023-09-13 06:49:37,302 [4bb754f9-31d1-4c9b-ab82-9cb241c80a35@group-96A4BEB0830B-LeaderElection16] INFO  impl.RoleInfo (RoleInfo.java:updateAndGet(139)) - 4bb754f9-31d1-4c9b-ab82-9cb241c80a35: start 4bb754f9-31d1-4c9b-ab82-9cb241c80a35@group-96A4BEB0830B-LeaderStateImpl
2023-09-13 06:49:37,303 [4bb754f9-31d1-4c9b-ab82-9cb241c80a35@group-96A4BEB0830B-LeaderElection16] INFO  segmented.SegmentedRaftLogWorker (SegmentedRaftLogWorker.java:startLogSegment(447)) - 4bb754f9-31d1-4c9b-ab82-9cb241c80a35@group-96A4BEB0830B-SegmentedRaftLogWorker: Starting segment from index:0
2023-09-13 06:49:37,303 [caee8b76-9fb6-4477-ae87-28d408607da3@group-964DC44F96A8-LeaderElection15] INFO  server.RaftServerConfigKeys (ConfUtils.java:logGet(46)) - raft.server.log.appender.snapshot.chunk.size.max = 16MB (=16777216) (default)
2023-09-13 06:49:37,303 [caee8b76-9fb6-4477-ae87-28d408607da3@group-964DC44F96A8-LeaderElection15] INFO  server.RaftServerConfigKeys (ConfUtils.java:logGet(46)) - raft.server.log.appender.buffer.byte-limit = 33554432 (custom)
2023-09-13 06:49:37,303 [caee8b76-9fb6-4477-ae87-28d408607da3@group-964DC44F96A8-LeaderElection15] INFO  server.RaftServerConfigKeys (ConfUtils.java:logGet(46)) - raft.server.log.appender.buffer.element-limit = 1 (custom)
2023-09-13 06:49:37,303 [caee8b76-9fb6-4477-ae87-28d408607da3@group-964DC44F96A8-LeaderElection15] INFO  server.RaftServerConfigKeys (ConfUtils.java:logGet(46)) - raft.server.log.appender.wait-time.min = 10ms (default)
2023-09-13 06:49:37,303 [caee8b76-9fb6-4477-ae87-28d408607da3@group-964DC44F96A8-LeaderElection15] INFO  grpc.GrpcConfigKeys (ConfUtils.java:logGet(46)) - raft.grpc.server.leader.outstanding.appends.max = 128 (default)
2023-09-13 06:49:37,303 [caee8b76-9fb6-4477-ae87-28d408607da3@group-964DC44F96A8-LeaderElection15] INFO  server.RaftServerConfigKeys (ConfUtils.java:logGet(46)) - raft.server.rpc.request.timeout = 3000ms (default)
2023-09-13 06:49:37,304 [caee8b76-9fb6-4477-ae87-28d408607da3@group-964DC44F96A8-LeaderElection15] INFO  grpc.GrpcConfigKeys (ConfUtils.java:logGet(46)) - raft.grpc.server.install_snapshot.request.element-limit = 8 (default)
2023-09-13 06:49:37,304 [caee8b76-9fb6-4477-ae87-28d408607da3@group-964DC44F96A8-LeaderElection15] INFO  grpc.GrpcConfigKeys (ConfUtils.java:logGet(46)) - raft.grpc.server.install_snapshot.request.timeout = 3000ms (default)
2023-09-13 06:49:37,304 [caee8b76-9fb6-4477-ae87-28d408607da3@group-964DC44F96A8-LeaderElection15] INFO  server.RaftServerConfigKeys (ConfUtils.java:logGet(46)) - raft.server.log.appender.install.snapshot.enabled = false (custom)
2023-09-13 06:49:37,304 [caee8b76-9fb6-4477-ae87-28d408607da3@group-964DC44F96A8-LeaderElection15] INFO  grpc.GrpcConfigKeys (ConfUtils.java:logGet(46)) - raft.grpc.server.heartbeat.channel = true (default)
2023-09-13 06:49:37,304 [caee8b76-9fb6-4477-ae87-28d408607da3@group-964DC44F96A8-LeaderElection15] INFO  server.RaftServerConfigKeys (ConfUtils.java:logGet(46)) - raft.server.log.appender.snapshot.chunk.size.max = 16MB (=16777216) (default)
2023-09-13 06:49:37,304 [caee8b76-9fb6-4477-ae87-28d408607da3@group-964DC44F96A8-LeaderElection15] INFO  server.RaftServerConfigKeys (ConfUtils.java:logGet(46)) - raft.server.log.appender.buffer.byte-limit = 33554432 (custom)
2023-09-13 06:49:37,304 [caee8b76-9fb6-4477-ae87-28d408607da3@group-964DC44F96A8-LeaderElection15] INFO  server.RaftServerConfigKeys (ConfUtils.java:logGet(46)) - raft.server.log.appender.buffer.element-limit = 1 (custom)
2023-09-13 06:49:37,304 [caee8b76-9fb6-4477-ae87-28d408607da3@group-964DC44F96A8-LeaderElection15] INFO  server.RaftServerConfigKeys (ConfUtils.java:logGet(46)) - raft.server.log.appender.wait-time.min = 10ms (default)
2023-09-13 06:49:37,305 [caee8b76-9fb6-4477-ae87-28d408607da3@group-964DC44F96A8-LeaderElection15] INFO  grpc.GrpcConfigKeys (ConfUtils.java:logGet(46)) - raft.grpc.server.leader.outstanding.appends.max = 128 (default)
2023-09-13 06:49:37,305 [caee8b76-9fb6-4477-ae87-28d408607da3@group-964DC44F96A8-LeaderElection15] INFO  server.RaftServerConfigKeys (ConfUtils.java:logGet(46)) - raft.server.rpc.request.timeout = 3000ms (default)
2023-09-13 06:49:37,305 [caee8b76-9fb6-4477-ae87-28d408607da3@group-964DC44F96A8-LeaderElection15] INFO  grpc.GrpcConfigKeys (ConfUtils.java:logGet(46)) - raft.grpc.server.install_snapshot.request.element-limit = 8 (default)
2023-09-13 06:49:37,305 [caee8b76-9fb6-4477-ae87-28d408607da3@group-964DC44F96A8-LeaderElection15] INFO  grpc.GrpcConfigKeys (ConfUtils.java:logGet(46)) - raft.grpc.server.install_snapshot.request.timeout = 3000ms (default)
2023-09-13 06:49:37,305 [caee8b76-9fb6-4477-ae87-28d408607da3@group-964DC44F96A8-LeaderElection15] INFO  server.RaftServerConfigKeys (ConfUtils.java:logGet(46)) - raft.server.log.appender.install.snapshot.enabled = false (custom)
2023-09-13 06:49:37,305 [caee8b76-9fb6-4477-ae87-28d408607da3@group-964DC44F96A8-LeaderElection15] INFO  grpc.GrpcConfigKeys (ConfUtils.java:logGet(46)) - raft.grpc.server.heartbeat.channel = true (default)
2023-09-13 06:49:37,306 [caee8b76-9fb6-4477-ae87-28d408607da3@group-964DC44F96A8-LeaderElection15] INFO  impl.RoleInfo (RoleInfo.java:updateAndGet(139)) - caee8b76-9fb6-4477-ae87-28d408607da3: start caee8b76-9fb6-4477-ae87-28d408607da3@group-964DC44F96A8-LeaderStateImpl
2023-09-13 06:49:37,306 [caee8b76-9fb6-4477-ae87-28d408607da3@group-964DC44F96A8-LeaderElection15] INFO  segmented.SegmentedRaftLogWorker (SegmentedRaftLogWorker.java:startLogSegment(447)) - caee8b76-9fb6-4477-ae87-28d408607da3@group-964DC44F96A8-SegmentedRaftLogWorker: Starting segment from index:0
2023-09-13 06:49:37,307 [4bb754f9-31d1-4c9b-ab82-9cb241c80a35@group-96A4BEB0830B-SegmentedRaftLogWorker] INFO  segmented.SegmentedRaftLogWorker (SegmentedRaftLogWorker.java:execute(651)) - 4bb754f9-31d1-4c9b-ab82-9cb241c80a35@group-96A4BEB0830B-SegmentedRaftLogWorker: created new log segment /home/runner/work/ozone/ozone/hadoop-ozone/integration-test/target/test-dir/MiniOzoneClusterImpl-af11299d-9bff-4b11-875a-a8648a114883/datanode-1/data/ratis/8ad79964-e239-4385-a656-96a4beb0830b/current/log_inprogress_0
2023-09-13 06:49:37,311 [4bb754f9-31d1-4c9b-ab82-9cb241c80a35@group-96A4BEB0830B-LeaderElection16] INFO  server.RaftServer$Division (ServerState.java:setRaftConf(434)) - 4bb754f9-31d1-4c9b-ab82-9cb241c80a35@group-96A4BEB0830B: set configuration 0: peers:[4bb754f9-31d1-4c9b-ab82-9cb241c80a35|rpc:10.1.0.17:15076|admin:10.1.0.17:15075|client:10.1.0.17:15074|dataStream:10.1.0.17:15077|priority:1|startupRole:FOLLOWER]|listeners:[], old=null
2023-09-13 06:49:37,312 [OM StateMachine ApplyTransaction Thread - 0] INFO  volume.OMVolumeCreateRequest (OMVolumeCreateRequest.java:validateAndUpdateCache(196)) - created volume:volume82177 for user:user28842
2023-09-13 06:49:37,318 [caee8b76-9fb6-4477-ae87-28d408607da3@group-964DC44F96A8-SegmentedRaftLogWorker] INFO  segmented.SegmentedRaftLogWorker (SegmentedRaftLogWorker.java:execute(651)) - caee8b76-9fb6-4477-ae87-28d408607da3@group-964DC44F96A8-SegmentedRaftLogWorker: created new log segment /home/runner/work/ozone/ozone/hadoop-ozone/integration-test/target/test-dir/MiniOzoneClusterImpl-af11299d-9bff-4b11-875a-a8648a114883/datanode-2/data/ratis/bb94ab7c-fc39-4e11-bc3d-964dc44f96a8/current/log_inprogress_0
2023-09-13 06:49:37,322 [caee8b76-9fb6-4477-ae87-28d408607da3@group-964DC44F96A8-LeaderElection15] INFO  server.RaftServer$Division (ServerState.java:setRaftConf(434)) - caee8b76-9fb6-4477-ae87-28d408607da3@group-964DC44F96A8: set configuration 0: peers:[72a2b08b-a918-40a9-b5b7-0c0becce9b1d|rpc:10.1.0.17:15067|admin:10.1.0.17:15066|client:10.1.0.17:15065|dataStream:10.1.0.17:15068|priority:0|startupRole:FOLLOWER, caee8b76-9fb6-4477-ae87-28d408607da3|rpc:10.1.0.17:15085|admin:10.1.0.17:15084|client:10.1.0.17:15083|dataStream:10.1.0.17:15086|priority:1|startupRole:FOLLOWER, 4bb754f9-31d1-4c9b-ab82-9cb241c80a35|rpc:10.1.0.17:15076|admin:10.1.0.17:15075|client:10.1.0.17:15074|dataStream:10.1.0.17:15077|priority:0|startupRole:FOLLOWER]|listeners:[], old=null
2023-09-13 06:49:37,324 [setup] INFO  rpc.RpcClient (RpcClient.java:createBucket(688)) - Creating Bucket: volume82177/bucket96696, with bucket layout LEGACY, runner as owner, Versioning false, Storage Type set to DISK and Encryption set to false, Replication Type set to server-side default replication type, Namespace Quota set to -1, Space Quota set to -1 
2023-09-13 06:49:37,328 [OM StateMachine ApplyTransaction Thread - 0] INFO  bucket.OMBucketCreateRequest (OMBucketCreateRequest.java:validateAndUpdateCache(270)) - created bucket: bucket96696 of layout LEGACY in volume: volume82177
2023-09-13 06:49:37,348 [72a2b08b-a918-40a9-b5b7-0c0becce9b1d-server-thread1] INFO  ratis.XceiverServerRatis (XceiverServerRatis.java:handleLeaderChangedNotification(902)) - Leader change notification received for group: group-964DC44F96A8 with new leaderId: caee8b76-9fb6-4477-ae87-28d408607da3
2023-09-13 06:49:37,348 [4bb754f9-31d1-4c9b-ab82-9cb241c80a35-server-thread2] INFO  ratis.XceiverServerRatis (XceiverServerRatis.java:handleLeaderChangedNotification(902)) - Leader change notification received for group: group-964DC44F96A8 with new leaderId: caee8b76-9fb6-4477-ae87-28d408607da3
2023-09-13 06:49:37,350 [4bb754f9-31d1-4c9b-ab82-9cb241c80a35-server-thread2] INFO  server.RaftServer$Division (ServerState.java:setLeader(317)) - 4bb754f9-31d1-4c9b-ab82-9cb241c80a35@group-964DC44F96A8: change Leader from null to caee8b76-9fb6-4477-ae87-28d408607da3 at term 1 for appendEntries, leader elected after 5275ms
2023-09-13 06:49:37,350 [72a2b08b-a918-40a9-b5b7-0c0becce9b1d-server-thread1] INFO  server.RaftServer$Division (ServerState.java:setLeader(317)) - 72a2b08b-a918-40a9-b5b7-0c0becce9b1d@group-964DC44F96A8: change Leader from null to caee8b76-9fb6-4477-ae87-28d408607da3 at term 1 for appendEntries, leader elected after 5397ms
2023-09-13 06:49:37,355 [4bb754f9-31d1-4c9b-ab82-9cb241c80a35-server-thread2] INFO  server.RaftServer$Division (ServerState.java:setRaftConf(434)) - 4bb754f9-31d1-4c9b-ab82-9cb241c80a35@group-964DC44F96A8: set configuration 0: peers:[72a2b08b-a918-40a9-b5b7-0c0becce9b1d|rpc:10.1.0.17:15067|admin:10.1.0.17:15066|client:10.1.0.17:15065|dataStream:10.1.0.17:15068|priority:0|startupRole:FOLLOWER, caee8b76-9fb6-4477-ae87-28d408607da3|rpc:10.1.0.17:15085|admin:10.1.0.17:15084|client:10.1.0.17:15083|dataStream:10.1.0.17:15086|priority:1|startupRole:FOLLOWER, 4bb754f9-31d1-4c9b-ab82-9cb241c80a35|rpc:10.1.0.17:15076|admin:10.1.0.17:15075|client:10.1.0.17:15074|dataStream:10.1.0.17:15077|priority:0|startupRole:FOLLOWER]|listeners:[], old=null
2023-09-13 06:49:37,356 [4bb754f9-31d1-4c9b-ab82-9cb241c80a35-server-thread2] INFO  segmented.SegmentedRaftLogWorker (SegmentedRaftLogWorker.java:startLogSegment(447)) - 4bb754f9-31d1-4c9b-ab82-9cb241c80a35@group-964DC44F96A8-SegmentedRaftLogWorker: Starting segment from index:0
2023-09-13 06:49:37,358 [4bb754f9-31d1-4c9b-ab82-9cb241c80a35@group-964DC44F96A8-SegmentedRaftLogWorker] INFO  segmented.SegmentedRaftLogWorker (SegmentedRaftLogWorker.java:execute(651)) - 4bb754f9-31d1-4c9b-ab82-9cb241c80a35@group-964DC44F96A8-SegmentedRaftLogWorker: created new log segment /home/runner/work/ozone/ozone/hadoop-ozone/integration-test/target/test-dir/MiniOzoneClusterImpl-af11299d-9bff-4b11-875a-a8648a114883/datanode-1/data/ratis/bb94ab7c-fc39-4e11-bc3d-964dc44f96a8/current/log_inprogress_0
2023-09-13 06:49:37,362 [72a2b08b-a918-40a9-b5b7-0c0becce9b1d-server-thread1] INFO  server.RaftServer$Division (ServerState.java:setRaftConf(434)) - 72a2b08b-a918-40a9-b5b7-0c0becce9b1d@group-964DC44F96A8: set configuration 0: peers:[72a2b08b-a918-40a9-b5b7-0c0becce9b1d|rpc:10.1.0.17:15067|admin:10.1.0.17:15066|client:10.1.0.17:15065|dataStream:10.1.0.17:15068|priority:0|startupRole:FOLLOWER, caee8b76-9fb6-4477-ae87-28d408607da3|rpc:10.1.0.17:15085|admin:10.1.0.17:15084|client:10.1.0.17:15083|dataStream:10.1.0.17:15086|priority:1|startupRole:FOLLOWER, 4bb754f9-31d1-4c9b-ab82-9cb241c80a35|rpc:10.1.0.17:15076|admin:10.1.0.17:15075|client:10.1.0.17:15074|dataStream:10.1.0.17:15077|priority:0|startupRole:FOLLOWER]|listeners:[], old=null
2023-09-13 06:49:37,364 [72a2b08b-a918-40a9-b5b7-0c0becce9b1d-server-thread1] INFO  segmented.SegmentedRaftLogWorker (SegmentedRaftLogWorker.java:startLogSegment(447)) - 72a2b08b-a918-40a9-b5b7-0c0becce9b1d@group-964DC44F96A8-SegmentedRaftLogWorker: Starting segment from index:0
2023-09-13 06:49:37,366 [72a2b08b-a918-40a9-b5b7-0c0becce9b1d@group-964DC44F96A8-SegmentedRaftLogWorker] INFO  segmented.SegmentedRaftLogWorker (SegmentedRaftLogWorker.java:execute(651)) - 72a2b08b-a918-40a9-b5b7-0c0becce9b1d@group-964DC44F96A8-SegmentedRaftLogWorker: created new log segment /home/runner/work/ozone/ozone/hadoop-ozone/integration-test/target/test-dir/MiniOzoneClusterImpl-af11299d-9bff-4b11-875a-a8648a114883/datanode-0/data/ratis/bb94ab7c-fc39-4e11-bc3d-964dc44f96a8/current/log_inprogress_0
2023-09-13 06:49:37,413 [setup] INFO  contract.AbstractFSContractTestBase (AbstractFSContractTestBase.java:setup(194)) - Test filesystem = o3fs://bucket96696.volume82177 implemented by OzoneFileSystem{URI=o3fs://bucket96696.volume82177, workingDir=o3fs://bucket96696.volume82177/user/runner, userName=runner, statistics=0 bytes read, 54 bytes written, 54 read ops, 0 large read ops, 19 write ops}
2023-09-13 06:49:37,439 [IPC Server handler 0 on default port 15054] INFO  ha.SequenceIdGenerator (SequenceIdGenerator.java:getNextId(140)) - Allocate a batch for containerId, change lastId from 0 to 1000.
2023-09-13 06:49:37,440 [IPC Server handler 0 on default port 15054] WARN  ha.SequenceIdGenerator (SequenceIdGenerator.java:allocateBatch(253)) - Failed to allocate a batch for localId, expected lastId is 0, actual lastId is 111677748019200000.
2023-09-13 06:49:37,440 [IPC Server handler 0 on default port 15054] INFO  ha.SequenceIdGenerator (SequenceIdGenerator.java:getNextId(140)) - Allocate a batch for localId, change lastId from 111677748019200000 to 111677748019201000.
]]></system-out>
  </testcase>
  <testcase name="testDeleteDeepEmptyDir" classname="ITestOzoneContractDelete" time="0.201">
    <system-out><![CDATA[2023-09-13 06:49:17,405 [setup] INFO  rpc.RpcClient (RpcClient.java:createVolume(461)) - Creating Volume: volume93234, with user62845 as owner and space quota set to -1 bytes, counts quota set to -1
2023-09-13 06:49:17,410 [OM StateMachine ApplyTransaction Thread - 0] INFO  volume.OMVolumeCreateRequest (OMVolumeCreateRequest.java:validateAndUpdateCache(196)) - created volume:volume93234 for user:user62845
2023-09-13 06:49:17,414 [setup] INFO  rpc.RpcClient (RpcClient.java:createBucket(688)) - Creating Bucket: volume93234/bucket79198, with bucket layout LEGACY, runner as owner, Versioning false, Storage Type set to DISK and Encryption set to false, Replication Type set to server-side default replication type, Namespace Quota set to -1, Space Quota set to -1 
2023-09-13 06:49:17,420 [OM StateMachine ApplyTransaction Thread - 0] INFO  bucket.OMBucketCreateRequest (OMBucketCreateRequest.java:validateAndUpdateCache(270)) - created bucket: bucket79198 of layout LEGACY in volume: volume93234
2023-09-13 06:49:17,500 [setup] INFO  contract.AbstractFSContractTestBase (AbstractFSContractTestBase.java:setup(194)) - Test filesystem = o3fs://bucket79198.volume93234 implemented by OzoneFileSystem{URI=o3fs://bucket79198.volume93234, workingDir=o3fs://bucket79198.volume93234/user/runner, userName=runner, statistics=0 bytes read, 14 bytes written, 6 read ops, 0 large read ops, 3 write ops}
06:49:17.543 [IPC Server handler 9 on default port 15004] ERROR OMAudit - user=runner | ip=127.0.0.1 | op=GET_FILE_STATUS {volume=volume93234, bucket=bucket79198, key=test/testDeleteDeepEmptyDir/d1/d2/d3, dataSize=0, replicationConfig=null} | ret=FAILURE
org.apache.hadoop.ozone.om.exceptions.OMException: Unable to get file status: volume: volume93234 bucket: bucket79198 key: test/testDeleteDeepEmptyDir/d1/d2/d3
	at org.apache.hadoop.ozone.om.KeyManagerImpl.getOzoneFileStatus(KeyManagerImpl.java:1195) ~[ozone-manager-1.4.0-SNAPSHOT.jar:?]
	at org.apache.hadoop.ozone.om.KeyManagerImpl.getFileStatus(KeyManagerImpl.java:1113) ~[ozone-manager-1.4.0-SNAPSHOT.jar:?]
	at org.apache.hadoop.ozone.om.OmMetadataReader.getFileStatus(OmMetadataReader.java:262) ~[ozone-manager-1.4.0-SNAPSHOT.jar:?]
	at org.apache.hadoop.ozone.om.OzoneManager.getFileStatus(OzoneManager.java:3533) ~[ozone-manager-1.4.0-SNAPSHOT.jar:?]
	at org.apache.hadoop.ozone.protocolPB.OzoneManagerRequestHandler.getOzoneFileStatus(OzoneManagerRequestHandler.java:971) ~[ozone-manager-1.4.0-SNAPSHOT.jar:?]
	at org.apache.hadoop.ozone.protocolPB.OzoneManagerRequestHandler.handleReadRequest(OzoneManagerRequestHandler.java:250) ~[ozone-manager-1.4.0-SNAPSHOT.jar:?]
	at org.apache.hadoop.ozone.protocolPB.OzoneManagerProtocolServerSideTranslatorPB.submitReadRequestToOM(OzoneManagerProtocolServerSideTranslatorPB.java:225) ~[ozone-manager-1.4.0-SNAPSHOT.jar:?]
	at org.apache.hadoop.ozone.protocolPB.OzoneManagerProtocolServerSideTranslatorPB.processRequest(OzoneManagerProtocolServerSideTranslatorPB.java:179) ~[ozone-manager-1.4.0-SNAPSHOT.jar:?]
	at org.apache.hadoop.hdds.server.OzoneProtocolMessageDispatcher.processRequest(OzoneProtocolMessageDispatcher.java:87) [hdds-server-framework-1.4.0-SNAPSHOT.jar:?]
	at org.apache.hadoop.ozone.protocolPB.OzoneManagerProtocolServerSideTranslatorPB.submitRequest(OzoneManagerProtocolServerSideTranslatorPB.java:148) [ozone-manager-1.4.0-SNAPSHOT.jar:?]
	at org.apache.hadoop.ozone.protocol.proto.OzoneManagerProtocolProtos$OzoneManagerService$2.callBlockingMethod(OzoneManagerProtocolProtos.java) [ozone-interface-client-1.4.0-SNAPSHOT.jar:?]
	at org.apache.hadoop.ipc.ProtobufRpcEngine$Server.processCall(ProtobufRpcEngine.java:484) [hadoop-common-3.3.6.jar:?]
	at org.apache.hadoop.ipc.ProtobufRpcEngine2$Server$ProtoBufRpcInvoker.call(ProtobufRpcEngine2.java:595) [hadoop-common-3.3.6.jar:?]
	at org.apache.hadoop.ipc.ProtobufRpcEngine2$Server$ProtoBufRpcInvoker.call(ProtobufRpcEngine2.java:573) [hadoop-common-3.3.6.jar:?]
	at org.apache.hadoop.ipc.RPC$Server.call(RPC.java:1227) [hadoop-common-3.3.6.jar:?]
	at org.apache.hadoop.ipc.Server$RpcCall.run(Server.java:1094) [hadoop-common-3.3.6.jar:?]
	at org.apache.hadoop.ipc.Server$RpcCall.run(Server.java:1017) [hadoop-common-3.3.6.jar:?]
	at java.security.AccessController.doPrivileged(Native Method) ~[?:1.8.0_382]
	at javax.security.auth.Subject.doAs(Subject.java:422) [?:1.8.0_382]
	at org.apache.hadoop.security.UserGroupInformation.doAs(UserGroupInformation.java:1899) [hadoop-common-3.3.6.jar:?]
	at org.apache.hadoop.ipc.Server$Handler.run(Server.java:3048) [hadoop-common-3.3.6.jar:?]
06:49:17.563 [IPC Server handler 0 on default port 15004] ERROR OMAudit - user=runner | ip=127.0.0.1 | op=GET_FILE_STATUS {volume=volume93234, bucket=bucket79198, key=test/testDeleteDeepEmptyDir/d1/d2/d3/d4, dataSize=0, replicationConfig=null} | ret=FAILURE
org.apache.hadoop.ozone.om.exceptions.OMException: Unable to get file status: volume: volume93234 bucket: bucket79198 key: test/testDeleteDeepEmptyDir/d1/d2/d3/d4
	at org.apache.hadoop.ozone.om.KeyManagerImpl.getOzoneFileStatus(KeyManagerImpl.java:1195) ~[ozone-manager-1.4.0-SNAPSHOT.jar:?]
	at org.apache.hadoop.ozone.om.KeyManagerImpl.getFileStatus(KeyManagerImpl.java:1113) ~[ozone-manager-1.4.0-SNAPSHOT.jar:?]
	at org.apache.hadoop.ozone.om.OmMetadataReader.getFileStatus(OmMetadataReader.java:262) ~[ozone-manager-1.4.0-SNAPSHOT.jar:?]
	at org.apache.hadoop.ozone.om.OzoneManager.getFileStatus(OzoneManager.java:3533) ~[ozone-manager-1.4.0-SNAPSHOT.jar:?]
	at org.apache.hadoop.ozone.protocolPB.OzoneManagerRequestHandler.getOzoneFileStatus(OzoneManagerRequestHandler.java:971) ~[ozone-manager-1.4.0-SNAPSHOT.jar:?]
	at org.apache.hadoop.ozone.protocolPB.OzoneManagerRequestHandler.handleReadRequest(OzoneManagerRequestHandler.java:250) ~[ozone-manager-1.4.0-SNAPSHOT.jar:?]
	at org.apache.hadoop.ozone.protocolPB.OzoneManagerProtocolServerSideTranslatorPB.submitReadRequestToOM(OzoneManagerProtocolServerSideTranslatorPB.java:225) ~[ozone-manager-1.4.0-SNAPSHOT.jar:?]
	at org.apache.hadoop.ozone.protocolPB.OzoneManagerProtocolServerSideTranslatorPB.processRequest(OzoneManagerProtocolServerSideTranslatorPB.java:179) ~[ozone-manager-1.4.0-SNAPSHOT.jar:?]
	at org.apache.hadoop.hdds.server.OzoneProtocolMessageDispatcher.processRequest(OzoneProtocolMessageDispatcher.java:87) [hdds-server-framework-1.4.0-SNAPSHOT.jar:?]
	at org.apache.hadoop.ozone.protocolPB.OzoneManagerProtocolServerSideTranslatorPB.submitRequest(OzoneManagerProtocolServerSideTranslatorPB.java:148) [ozone-manager-1.4.0-SNAPSHOT.jar:?]
	at org.apache.hadoop.ozone.protocol.proto.OzoneManagerProtocolProtos$OzoneManagerService$2.callBlockingMethod(OzoneManagerProtocolProtos.java) [ozone-interface-client-1.4.0-SNAPSHOT.jar:?]
	at org.apache.hadoop.ipc.ProtobufRpcEngine$Server.processCall(ProtobufRpcEngine.java:484) [hadoop-common-3.3.6.jar:?]
	at org.apache.hadoop.ipc.ProtobufRpcEngine2$Server$ProtoBufRpcInvoker.call(ProtobufRpcEngine2.java:595) [hadoop-common-3.3.6.jar:?]
	at org.apache.hadoop.ipc.ProtobufRpcEngine2$Server$ProtoBufRpcInvoker.call(ProtobufRpcEngine2.java:573) [hadoop-common-3.3.6.jar:?]
	at org.apache.hadoop.ipc.RPC$Server.call(RPC.java:1227) [hadoop-common-3.3.6.jar:?]
	at org.apache.hadoop.ipc.Server$RpcCall.run(Server.java:1094) [hadoop-common-3.3.6.jar:?]
	at org.apache.hadoop.ipc.Server$RpcCall.run(Server.java:1017) [hadoop-common-3.3.6.jar:?]
	at java.security.AccessController.doPrivileged(Native Method) ~[?:1.8.0_382]
	at javax.security.auth.Subject.doAs(Subject.java:422) [?:1.8.0_382]
	at org.apache.hadoop.security.UserGroupInformation.doAs(UserGroupInformation.java:1899) [hadoop-common-3.3.6.jar:?]
	at org.apache.hadoop.ipc.Server$Handler.run(Server.java:3048) [hadoop-common-3.3.6.jar:?]
06:49:17.565 [IPC Server handler 4 on default port 15004] ERROR OMAudit - user=runner | ip=127.0.0.1 | op=GET_FILE_STATUS {volume=volume93234, bucket=bucket79198, key=test/testDeleteDeepEmptyDir/d1/d2/d3, dataSize=0, replicationConfig=null} | ret=FAILURE
org.apache.hadoop.ozone.om.exceptions.OMException: Unable to get file status: volume: volume93234 bucket: bucket79198 key: test/testDeleteDeepEmptyDir/d1/d2/d3
	at org.apache.hadoop.ozone.om.KeyManagerImpl.getOzoneFileStatus(KeyManagerImpl.java:1195) ~[ozone-manager-1.4.0-SNAPSHOT.jar:?]
	at org.apache.hadoop.ozone.om.KeyManagerImpl.getFileStatus(KeyManagerImpl.java:1113) ~[ozone-manager-1.4.0-SNAPSHOT.jar:?]
	at org.apache.hadoop.ozone.om.OmMetadataReader.getFileStatus(OmMetadataReader.java:262) ~[ozone-manager-1.4.0-SNAPSHOT.jar:?]
	at org.apache.hadoop.ozone.om.OzoneManager.getFileStatus(OzoneManager.java:3533) ~[ozone-manager-1.4.0-SNAPSHOT.jar:?]
	at org.apache.hadoop.ozone.protocolPB.OzoneManagerRequestHandler.getOzoneFileStatus(OzoneManagerRequestHandler.java:971) ~[ozone-manager-1.4.0-SNAPSHOT.jar:?]
	at org.apache.hadoop.ozone.protocolPB.OzoneManagerRequestHandler.handleReadRequest(OzoneManagerRequestHandler.java:250) ~[ozone-manager-1.4.0-SNAPSHOT.jar:?]
	at org.apache.hadoop.ozone.protocolPB.OzoneManagerProtocolServerSideTranslatorPB.submitReadRequestToOM(OzoneManagerProtocolServerSideTranslatorPB.java:225) ~[ozone-manager-1.4.0-SNAPSHOT.jar:?]
	at org.apache.hadoop.ozone.protocolPB.OzoneManagerProtocolServerSideTranslatorPB.processRequest(OzoneManagerProtocolServerSideTranslatorPB.java:179) ~[ozone-manager-1.4.0-SNAPSHOT.jar:?]
	at org.apache.hadoop.hdds.server.OzoneProtocolMessageDispatcher.processRequest(OzoneProtocolMessageDispatcher.java:87) [hdds-server-framework-1.4.0-SNAPSHOT.jar:?]
	at org.apache.hadoop.ozone.protocolPB.OzoneManagerProtocolServerSideTranslatorPB.submitRequest(OzoneManagerProtocolServerSideTranslatorPB.java:148) [ozone-manager-1.4.0-SNAPSHOT.jar:?]
	at org.apache.hadoop.ozone.protocol.proto.OzoneManagerProtocolProtos$OzoneManagerService$2.callBlockingMethod(OzoneManagerProtocolProtos.java) [ozone-interface-client-1.4.0-SNAPSHOT.jar:?]
	at org.apache.hadoop.ipc.ProtobufRpcEngine$Server.processCall(ProtobufRpcEngine.java:484) [hadoop-common-3.3.6.jar:?]
	at org.apache.hadoop.ipc.ProtobufRpcEngine2$Server$ProtoBufRpcInvoker.call(ProtobufRpcEngine2.java:595) [hadoop-common-3.3.6.jar:?]
	at org.apache.hadoop.ipc.ProtobufRpcEngine2$Server$ProtoBufRpcInvoker.call(ProtobufRpcEngine2.java:573) [hadoop-common-3.3.6.jar:?]
	at org.apache.hadoop.ipc.RPC$Server.call(RPC.java:1227) [hadoop-common-3.3.6.jar:?]
	at org.apache.hadoop.ipc.Server$RpcCall.run(Server.java:1094) [hadoop-common-3.3.6.jar:?]
	at org.apache.hadoop.ipc.Server$RpcCall.run(Server.java:1017) [hadoop-common-3.3.6.jar:?]
	at java.security.AccessController.doPrivileged(Native Method) ~[?:1.8.0_382]
	at javax.security.auth.Subject.doAs(Subject.java:422) [?:1.8.0_382]
	at org.apache.hadoop.security.UserGroupInformation.doAs(UserGroupInformation.java:1899) [hadoop-common-3.3.6.jar:?]
	at org.apache.hadoop.ipc.Server$Handler.run(Server.java:3048) [hadoop-common-3.3.6.jar:?]
]]></system-out>
  </testcase>
  <testcase name="testDeleteDeepEmptyDir" classname="ITestOzoneContractDelete" time="0.182">
    <system-out><![CDATA[2023-09-13 06:49:37,603 [setup] INFO  rpc.RpcClient (RpcClient.java:createVolume(461)) - Creating Volume: volume56771, with user46370 as owner and space quota set to -1 bytes, counts quota set to -1
2023-09-13 06:49:37,628 [OM StateMachine ApplyTransaction Thread - 0] INFO  volume.OMVolumeCreateRequest (OMVolumeCreateRequest.java:validateAndUpdateCache(196)) - created volume:volume56771 for user:user46370
2023-09-13 06:49:37,632 [setup] INFO  rpc.RpcClient (RpcClient.java:createBucket(688)) - Creating Bucket: volume56771/bucket86668, with bucket layout LEGACY, runner as owner, Versioning false, Storage Type set to DISK and Encryption set to false, Replication Type set to server-side default replication type, Namespace Quota set to -1, Space Quota set to -1 
2023-09-13 06:49:37,637 [OM StateMachine ApplyTransaction Thread - 0] INFO  bucket.OMBucketCreateRequest (OMBucketCreateRequest.java:validateAndUpdateCache(270)) - created bucket: bucket86668 of layout LEGACY in volume: volume56771
2023-09-13 06:49:37,687 [caee8b76-9fb6-4477-ae87-28d408607da3@group-C090BCFDDE41-FollowerState] INFO  impl.FollowerState (FollowerState.java:run(143)) - caee8b76-9fb6-4477-ae87-28d408607da3@group-C090BCFDDE41-FollowerState: change to CANDIDATE, lastRpcElapsedTime:5120788992ns, electionTimeout:5118ms
2023-09-13 06:49:37,687 [caee8b76-9fb6-4477-ae87-28d408607da3@group-C090BCFDDE41-FollowerState] INFO  impl.RoleInfo (RoleInfo.java:shutdownFollowerState(110)) - caee8b76-9fb6-4477-ae87-28d408607da3: shutdown caee8b76-9fb6-4477-ae87-28d408607da3@group-C090BCFDDE41-FollowerState
2023-09-13 06:49:37,687 [caee8b76-9fb6-4477-ae87-28d408607da3@group-C090BCFDDE41-FollowerState] INFO  server.RaftServer$Division (RaftServerImpl.java:setRole(329)) - caee8b76-9fb6-4477-ae87-28d408607da3@group-C090BCFDDE41: changes role from  FOLLOWER to CANDIDATE at term 0 for changeToCandidate
2023-09-13 06:49:37,688 [caee8b76-9fb6-4477-ae87-28d408607da3@group-C090BCFDDE41-FollowerState] INFO  server.RaftServerConfigKeys (ConfUtils.java:logGet(46)) - raft.server.leaderelection.pre-vote = true (default)
2023-09-13 06:49:37,688 [caee8b76-9fb6-4477-ae87-28d408607da3@group-C090BCFDDE41-FollowerState] INFO  impl.RoleInfo (RoleInfo.java:updateAndGet(139)) - caee8b76-9fb6-4477-ae87-28d408607da3: start caee8b76-9fb6-4477-ae87-28d408607da3@group-C090BCFDDE41-LeaderElection17
2023-09-13 06:49:37,692 [caee8b76-9fb6-4477-ae87-28d408607da3@group-C090BCFDDE41-LeaderElection17] INFO  impl.LeaderElection (LeaderElection.java:askForVotes(321)) - caee8b76-9fb6-4477-ae87-28d408607da3@group-C090BCFDDE41-LeaderElection17 PRE_VOTE round 0: submit vote requests at term 0 for -1: peers:[caee8b76-9fb6-4477-ae87-28d408607da3|rpc:10.1.0.17:15085|admin:10.1.0.17:15084|client:10.1.0.17:15083|dataStream:10.1.0.17:15086|priority:1|startupRole:FOLLOWER]|listeners:[], old=null
2023-09-13 06:49:37,692 [caee8b76-9fb6-4477-ae87-28d408607da3@group-C090BCFDDE41-LeaderElection17] INFO  impl.LeaderElection (LeaderElection.java:askForVotes(323)) - caee8b76-9fb6-4477-ae87-28d408607da3@group-C090BCFDDE41-LeaderElection17 PRE_VOTE round 0: result PASSED (term=0)
2023-09-13 06:49:37,696 [caee8b76-9fb6-4477-ae87-28d408607da3@group-C090BCFDDE41-LeaderElection17] INFO  impl.LeaderElection (LeaderElection.java:askForVotes(321)) - caee8b76-9fb6-4477-ae87-28d408607da3@group-C090BCFDDE41-LeaderElection17 ELECTION round 0: submit vote requests at term 1 for -1: peers:[caee8b76-9fb6-4477-ae87-28d408607da3|rpc:10.1.0.17:15085|admin:10.1.0.17:15084|client:10.1.0.17:15083|dataStream:10.1.0.17:15086|priority:1|startupRole:FOLLOWER]|listeners:[], old=null
2023-09-13 06:49:37,696 [caee8b76-9fb6-4477-ae87-28d408607da3@group-C090BCFDDE41-LeaderElection17] INFO  impl.LeaderElection (LeaderElection.java:askForVotes(323)) - caee8b76-9fb6-4477-ae87-28d408607da3@group-C090BCFDDE41-LeaderElection17 ELECTION round 0: result PASSED (term=1)
2023-09-13 06:49:37,696 [caee8b76-9fb6-4477-ae87-28d408607da3@group-C090BCFDDE41-LeaderElection17] INFO  impl.RoleInfo (RoleInfo.java:shutdownLeaderElection(130)) - caee8b76-9fb6-4477-ae87-28d408607da3: shutdown caee8b76-9fb6-4477-ae87-28d408607da3@group-C090BCFDDE41-LeaderElection17
2023-09-13 06:49:37,697 [caee8b76-9fb6-4477-ae87-28d408607da3@group-C090BCFDDE41-LeaderElection17] INFO  server.RaftServer$Division (RaftServerImpl.java:setRole(329)) - caee8b76-9fb6-4477-ae87-28d408607da3@group-C090BCFDDE41: changes role from CANDIDATE to LEADER at term 1 for changeToLeader
2023-09-13 06:49:37,697 [caee8b76-9fb6-4477-ae87-28d408607da3@group-C090BCFDDE41-LeaderElection17] INFO  ratis.XceiverServerRatis (XceiverServerRatis.java:handleLeaderChangedNotification(902)) - Leader change notification received for group: group-C090BCFDDE41 with new leaderId: caee8b76-9fb6-4477-ae87-28d408607da3
2023-09-13 06:49:37,698 [caee8b76-9fb6-4477-ae87-28d408607da3@group-C090BCFDDE41-LeaderElection17] INFO  server.RaftServer$Division (ServerState.java:setLeader(317)) - caee8b76-9fb6-4477-ae87-28d408607da3@group-C090BCFDDE41: change Leader from null to caee8b76-9fb6-4477-ae87-28d408607da3 at term 1 for becomeLeader, leader elected after 5154ms
2023-09-13 06:49:37,698 [caee8b76-9fb6-4477-ae87-28d408607da3@group-C090BCFDDE41-LeaderElection17] INFO  server.RaftServerConfigKeys (ConfUtils.java:logGet(46)) - raft.server.staging.catchup.gap = 1000 (default)
2023-09-13 06:49:37,698 [setup] INFO  contract.AbstractFSContractTestBase (AbstractFSContractTestBase.java:setup(194)) - Test filesystem = o3fs://bucket86668.volume56771 implemented by OzoneFileSystem{URI=o3fs://bucket86668.volume56771, workingDir=o3fs://bucket86668.volume56771/user/runner, userName=runner, statistics=0 bytes read, 68 bytes written, 60 read ops, 0 large read ops, 22 write ops}
2023-09-13 06:49:37,698 [caee8b76-9fb6-4477-ae87-28d408607da3@group-C090BCFDDE41-LeaderElection17] INFO  server.RaftServerConfigKeys (ConfUtils.java:logGet(46)) - raft.server.write.element-limit = 1024 (custom)
2023-09-13 06:49:37,699 [caee8b76-9fb6-4477-ae87-28d408607da3@group-C090BCFDDE41-LeaderElection17] INFO  server.RaftServerConfigKeys (ConfUtils.java:logGet(46)) - raft.server.write.byte-limit = 1024 M (=1073741824) (custom)
2023-09-13 06:49:37,699 [caee8b76-9fb6-4477-ae87-28d408607da3@group-C090BCFDDE41-LeaderElection17] INFO  server.RaftServerConfigKeys (ConfUtils.java:logGet(46)) - raft.server.watch.timeout = 10000ms (default)
2023-09-13 06:49:37,699 [caee8b76-9fb6-4477-ae87-28d408607da3@group-C090BCFDDE41-LeaderElection17] INFO  server.RaftServerConfigKeys (ConfUtils.java:logGet(46)) - raft.server.watch.timeout.denomination = 1s (default)
2023-09-13 06:49:37,699 [caee8b76-9fb6-4477-ae87-28d408607da3@group-C090BCFDDE41-LeaderElection17] INFO  server.RaftServerConfigKeys (ConfUtils.java:logGet(46)) - raft.server.watch.element-limit = 65536 (default)
2023-09-13 06:49:37,699 [caee8b76-9fb6-4477-ae87-28d408607da3@group-C090BCFDDE41-LeaderElection17] INFO  server.RaftServerConfigKeys (ConfUtils.java:logGet(46)) - raft.server.write.element-limit = 1024 (custom)
2023-09-13 06:49:37,699 [caee8b76-9fb6-4477-ae87-28d408607da3@group-C090BCFDDE41-LeaderElection17] INFO  server.RaftServerConfigKeys (ConfUtils.java:logGet(46)) - raft.server.write.follower.gap.ratio.max = -1.0 (default)
2023-09-13 06:49:37,699 [caee8b76-9fb6-4477-ae87-28d408607da3@group-C090BCFDDE41-LeaderElection17] INFO  impl.RoleInfo (RoleInfo.java:updateAndGet(139)) - caee8b76-9fb6-4477-ae87-28d408607da3: start caee8b76-9fb6-4477-ae87-28d408607da3@group-C090BCFDDE41-LeaderStateImpl
2023-09-13 06:49:37,700 [caee8b76-9fb6-4477-ae87-28d408607da3@group-C090BCFDDE41-LeaderElection17] INFO  segmented.SegmentedRaftLogWorker (SegmentedRaftLogWorker.java:startLogSegment(447)) - caee8b76-9fb6-4477-ae87-28d408607da3@group-C090BCFDDE41-SegmentedRaftLogWorker: Starting segment from index:0
2023-09-13 06:49:37,700 [caee8b76-9fb6-4477-ae87-28d408607da3@group-C090BCFDDE41-LeaderElection17] INFO  server.RaftServer$Division (ServerState.java:setRaftConf(434)) - caee8b76-9fb6-4477-ae87-28d408607da3@group-C090BCFDDE41: set configuration 0: peers:[caee8b76-9fb6-4477-ae87-28d408607da3|rpc:10.1.0.17:15085|admin:10.1.0.17:15084|client:10.1.0.17:15083|dataStream:10.1.0.17:15086|priority:1|startupRole:FOLLOWER]|listeners:[], old=null
2023-09-13 06:49:37,702 [caee8b76-9fb6-4477-ae87-28d408607da3@group-C090BCFDDE41-SegmentedRaftLogWorker] INFO  segmented.SegmentedRaftLogWorker (SegmentedRaftLogWorker.java:execute(651)) - caee8b76-9fb6-4477-ae87-28d408607da3@group-C090BCFDDE41-SegmentedRaftLogWorker: created new log segment /home/runner/work/ozone/ozone/hadoop-ozone/integration-test/target/test-dir/MiniOzoneClusterImpl-af11299d-9bff-4b11-875a-a8648a114883/datanode-2/data/ratis/af033b87-63de-4266-b8cc-c090bcfdde41/current/log_inprogress_0
06:49:37.736 [IPC Server handler 8 on default port 15057] ERROR OMAudit - user=runner | ip=127.0.0.1 | op=GET_FILE_STATUS {volume=volume56771, bucket=bucket86668, key=test/testDeleteDeepEmptyDir/d1/d2/d3, dataSize=0, replicationConfig=null} | ret=FAILURE
org.apache.hadoop.ozone.om.exceptions.OMException: Unable to get file status: volume: volume56771 bucket: bucket86668 key: test/testDeleteDeepEmptyDir/d1/d2/d3
	at org.apache.hadoop.ozone.om.KeyManagerImpl.getOzoneFileStatus(KeyManagerImpl.java:1195) ~[ozone-manager-1.4.0-SNAPSHOT.jar:?]
	at org.apache.hadoop.ozone.om.KeyManagerImpl.getFileStatus(KeyManagerImpl.java:1113) ~[ozone-manager-1.4.0-SNAPSHOT.jar:?]
	at org.apache.hadoop.ozone.om.OmMetadataReader.getFileStatus(OmMetadataReader.java:262) ~[ozone-manager-1.4.0-SNAPSHOT.jar:?]
	at org.apache.hadoop.ozone.om.OzoneManager.getFileStatus(OzoneManager.java:3533) ~[ozone-manager-1.4.0-SNAPSHOT.jar:?]
	at org.apache.hadoop.ozone.protocolPB.OzoneManagerRequestHandler.getOzoneFileStatus(OzoneManagerRequestHandler.java:971) ~[ozone-manager-1.4.0-SNAPSHOT.jar:?]
	at org.apache.hadoop.ozone.protocolPB.OzoneManagerRequestHandler.handleReadRequest(OzoneManagerRequestHandler.java:250) ~[ozone-manager-1.4.0-SNAPSHOT.jar:?]
	at org.apache.hadoop.ozone.protocolPB.OzoneManagerProtocolServerSideTranslatorPB.submitReadRequestToOM(OzoneManagerProtocolServerSideTranslatorPB.java:225) ~[ozone-manager-1.4.0-SNAPSHOT.jar:?]
	at org.apache.hadoop.ozone.protocolPB.OzoneManagerProtocolServerSideTranslatorPB.processRequest(OzoneManagerProtocolServerSideTranslatorPB.java:179) ~[ozone-manager-1.4.0-SNAPSHOT.jar:?]
	at org.apache.hadoop.hdds.server.OzoneProtocolMessageDispatcher.processRequest(OzoneProtocolMessageDispatcher.java:87) [hdds-server-framework-1.4.0-SNAPSHOT.jar:?]
	at org.apache.hadoop.ozone.protocolPB.OzoneManagerProtocolServerSideTranslatorPB.submitRequest(OzoneManagerProtocolServerSideTranslatorPB.java:148) [ozone-manager-1.4.0-SNAPSHOT.jar:?]
	at org.apache.hadoop.ozone.protocol.proto.OzoneManagerProtocolProtos$OzoneManagerService$2.callBlockingMethod(OzoneManagerProtocolProtos.java) [ozone-interface-client-1.4.0-SNAPSHOT.jar:?]
	at org.apache.hadoop.ipc.ProtobufRpcEngine$Server.processCall(ProtobufRpcEngine.java:484) [hadoop-common-3.3.6.jar:?]
	at org.apache.hadoop.ipc.ProtobufRpcEngine2$Server$ProtoBufRpcInvoker.call(ProtobufRpcEngine2.java:595) [hadoop-common-3.3.6.jar:?]
	at org.apache.hadoop.ipc.ProtobufRpcEngine2$Server$ProtoBufRpcInvoker.call(ProtobufRpcEngine2.java:573) [hadoop-common-3.3.6.jar:?]
	at org.apache.hadoop.ipc.RPC$Server.call(RPC.java:1227) [hadoop-common-3.3.6.jar:?]
	at org.apache.hadoop.ipc.Server$RpcCall.run(Server.java:1094) [hadoop-common-3.3.6.jar:?]
	at org.apache.hadoop.ipc.Server$RpcCall.run(Server.java:1017) [hadoop-common-3.3.6.jar:?]
	at java.security.AccessController.doPrivileged(Native Method) ~[?:1.8.0_382]
	at javax.security.auth.Subject.doAs(Subject.java:422) [?:1.8.0_382]
	at org.apache.hadoop.security.UserGroupInformation.doAs(UserGroupInformation.java:1899) [hadoop-common-3.3.6.jar:?]
	at org.apache.hadoop.ipc.Server$Handler.run(Server.java:3048) [hadoop-common-3.3.6.jar:?]
06:49:37.738 [IPC Server handler 7 on default port 15057] ERROR OMAudit - user=runner | ip=127.0.0.1 | op=GET_FILE_STATUS {volume=volume56771, bucket=bucket86668, key=test/testDeleteDeepEmptyDir/d1/d2/d3/d4, dataSize=0, replicationConfig=null} | ret=FAILURE
org.apache.hadoop.ozone.om.exceptions.OMException: Unable to get file status: volume: volume56771 bucket: bucket86668 key: test/testDeleteDeepEmptyDir/d1/d2/d3/d4
	at org.apache.hadoop.ozone.om.KeyManagerImpl.getOzoneFileStatus(KeyManagerImpl.java:1195) ~[ozone-manager-1.4.0-SNAPSHOT.jar:?]
	at org.apache.hadoop.ozone.om.KeyManagerImpl.getFileStatus(KeyManagerImpl.java:1113) ~[ozone-manager-1.4.0-SNAPSHOT.jar:?]
	at org.apache.hadoop.ozone.om.OmMetadataReader.getFileStatus(OmMetadataReader.java:262) ~[ozone-manager-1.4.0-SNAPSHOT.jar:?]
	at org.apache.hadoop.ozone.om.OzoneManager.getFileStatus(OzoneManager.java:3533) ~[ozone-manager-1.4.0-SNAPSHOT.jar:?]
	at org.apache.hadoop.ozone.protocolPB.OzoneManagerRequestHandler.getOzoneFileStatus(OzoneManagerRequestHandler.java:971) ~[ozone-manager-1.4.0-SNAPSHOT.jar:?]
	at org.apache.hadoop.ozone.protocolPB.OzoneManagerRequestHandler.handleReadRequest(OzoneManagerRequestHandler.java:250) ~[ozone-manager-1.4.0-SNAPSHOT.jar:?]
	at org.apache.hadoop.ozone.protocolPB.OzoneManagerProtocolServerSideTranslatorPB.submitReadRequestToOM(OzoneManagerProtocolServerSideTranslatorPB.java:225) ~[ozone-manager-1.4.0-SNAPSHOT.jar:?]
	at org.apache.hadoop.ozone.protocolPB.OzoneManagerProtocolServerSideTranslatorPB.processRequest(OzoneManagerProtocolServerSideTranslatorPB.java:179) ~[ozone-manager-1.4.0-SNAPSHOT.jar:?]
	at org.apache.hadoop.hdds.server.OzoneProtocolMessageDispatcher.processRequest(OzoneProtocolMessageDispatcher.java:87) [hdds-server-framework-1.4.0-SNAPSHOT.jar:?]
	at org.apache.hadoop.ozone.protocolPB.OzoneManagerProtocolServerSideTranslatorPB.submitRequest(OzoneManagerProtocolServerSideTranslatorPB.java:148) [ozone-manager-1.4.0-SNAPSHOT.jar:?]
	at org.apache.hadoop.ozone.protocol.proto.OzoneManagerProtocolProtos$OzoneManagerService$2.callBlockingMethod(OzoneManagerProtocolProtos.java) [ozone-interface-client-1.4.0-SNAPSHOT.jar:?]
	at org.apache.hadoop.ipc.ProtobufRpcEngine$Server.processCall(ProtobufRpcEngine.java:484) [hadoop-common-3.3.6.jar:?]
	at org.apache.hadoop.ipc.ProtobufRpcEngine2$Server$ProtoBufRpcInvoker.call(ProtobufRpcEngine2.java:595) [hadoop-common-3.3.6.jar:?]
	at org.apache.hadoop.ipc.ProtobufRpcEngine2$Server$ProtoBufRpcInvoker.call(ProtobufRpcEngine2.java:573) [hadoop-common-3.3.6.jar:?]
	at org.apache.hadoop.ipc.RPC$Server.call(RPC.java:1227) [hadoop-common-3.3.6.jar:?]
	at org.apache.hadoop.ipc.Server$RpcCall.run(Server.java:1094) [hadoop-common-3.3.6.jar:?]
	at org.apache.hadoop.ipc.Server$RpcCall.run(Server.java:1017) [hadoop-common-3.3.6.jar:?]
	at java.security.AccessController.doPrivileged(Native Method) ~[?:1.8.0_382]
	at javax.security.auth.Subject.doAs(Subject.java:422) [?:1.8.0_382]
	at org.apache.hadoop.security.UserGroupInformation.doAs(UserGroupInformation.java:1899) [hadoop-common-3.3.6.jar:?]
	at org.apache.hadoop.ipc.Server$Handler.run(Server.java:3048) [hadoop-common-3.3.6.jar:?]
06:49:37.740 [IPC Server handler 19 on default port 15057] ERROR OMAudit - user=runner | ip=127.0.0.1 | op=GET_FILE_STATUS {volume=volume56771, bucket=bucket86668, key=test/testDeleteDeepEmptyDir/d1/d2/d3, dataSize=0, replicationConfig=null} | ret=FAILURE
org.apache.hadoop.ozone.om.exceptions.OMException: Unable to get file status: volume: volume56771 bucket: bucket86668 key: test/testDeleteDeepEmptyDir/d1/d2/d3
	at org.apache.hadoop.ozone.om.KeyManagerImpl.getOzoneFileStatus(KeyManagerImpl.java:1195) ~[ozone-manager-1.4.0-SNAPSHOT.jar:?]
	at org.apache.hadoop.ozone.om.KeyManagerImpl.getFileStatus(KeyManagerImpl.java:1113) ~[ozone-manager-1.4.0-SNAPSHOT.jar:?]
	at org.apache.hadoop.ozone.om.OmMetadataReader.getFileStatus(OmMetadataReader.java:262) ~[ozone-manager-1.4.0-SNAPSHOT.jar:?]
	at org.apache.hadoop.ozone.om.OzoneManager.getFileStatus(OzoneManager.java:3533) ~[ozone-manager-1.4.0-SNAPSHOT.jar:?]
	at org.apache.hadoop.ozone.protocolPB.OzoneManagerRequestHandler.getOzoneFileStatus(OzoneManagerRequestHandler.java:971) ~[ozone-manager-1.4.0-SNAPSHOT.jar:?]
	at org.apache.hadoop.ozone.protocolPB.OzoneManagerRequestHandler.handleReadRequest(OzoneManagerRequestHandler.java:250) ~[ozone-manager-1.4.0-SNAPSHOT.jar:?]
	at org.apache.hadoop.ozone.protocolPB.OzoneManagerProtocolServerSideTranslatorPB.submitReadRequestToOM(OzoneManagerProtocolServerSideTranslatorPB.java:225) ~[ozone-manager-1.4.0-SNAPSHOT.jar:?]
	at org.apache.hadoop.ozone.protocolPB.OzoneManagerProtocolServerSideTranslatorPB.processRequest(OzoneManagerProtocolServerSideTranslatorPB.java:179) ~[ozone-manager-1.4.0-SNAPSHOT.jar:?]
	at org.apache.hadoop.hdds.server.OzoneProtocolMessageDispatcher.processRequest(OzoneProtocolMessageDispatcher.java:87) [hdds-server-framework-1.4.0-SNAPSHOT.jar:?]
	at org.apache.hadoop.ozone.protocolPB.OzoneManagerProtocolServerSideTranslatorPB.submitRequest(OzoneManagerProtocolServerSideTranslatorPB.java:148) [ozone-manager-1.4.0-SNAPSHOT.jar:?]
	at org.apache.hadoop.ozone.protocol.proto.OzoneManagerProtocolProtos$OzoneManagerService$2.callBlockingMethod(OzoneManagerProtocolProtos.java) [ozone-interface-client-1.4.0-SNAPSHOT.jar:?]
	at org.apache.hadoop.ipc.ProtobufRpcEngine$Server.processCall(ProtobufRpcEngine.java:484) [hadoop-common-3.3.6.jar:?]
	at org.apache.hadoop.ipc.ProtobufRpcEngine2$Server$ProtoBufRpcInvoker.call(ProtobufRpcEngine2.java:595) [hadoop-common-3.3.6.jar:?]
	at org.apache.hadoop.ipc.ProtobufRpcEngine2$Server$ProtoBufRpcInvoker.call(ProtobufRpcEngine2.java:573) [hadoop-common-3.3.6.jar:?]
	at org.apache.hadoop.ipc.RPC$Server.call(RPC.java:1227) [hadoop-common-3.3.6.jar:?]
	at org.apache.hadoop.ipc.Server$RpcCall.run(Server.java:1094) [hadoop-common-3.3.6.jar:?]
	at org.apache.hadoop.ipc.Server$RpcCall.run(Server.java:1017) [hadoop-common-3.3.6.jar:?]
	at java.security.AccessController.doPrivileged(Native Method) ~[?:1.8.0_382]
	at javax.security.auth.Subject.doAs(Subject.java:422) [?:1.8.0_382]
	at org.apache.hadoop.security.UserGroupInformation.doAs(UserGroupInformation.java:1899) [hadoop-common-3.3.6.jar:?]
	at org.apache.hadoop.ipc.Server$Handler.run(Server.java:3048) [hadoop-common-3.3.6.jar:?]
]]></system-out>
  </testcase>
  <testcase name="testDeleteSingleFile" classname="ITestOzoneContractDelete" time="0.269">
    <system-out><![CDATA[2023-09-13 06:49:17,601 [setup] INFO  rpc.RpcClient (RpcClient.java:createVolume(461)) - Creating Volume: volume37187, with user39256 as owner and space quota set to -1 bytes, counts quota set to -1
2023-09-13 06:49:17,607 [OM StateMachine ApplyTransaction Thread - 0] INFO  volume.OMVolumeCreateRequest (OMVolumeCreateRequest.java:validateAndUpdateCache(196)) - created volume:volume37187 for user:user39256
2023-09-13 06:49:17,610 [setup] INFO  rpc.RpcClient (RpcClient.java:createBucket(688)) - Creating Bucket: volume37187/bucket60711, with bucket layout LEGACY, runner as owner, Versioning false, Storage Type set to DISK and Encryption set to false, Replication Type set to server-side default replication type, Namespace Quota set to -1, Space Quota set to -1 
2023-09-13 06:49:17,614 [OM StateMachine ApplyTransaction Thread - 0] INFO  bucket.OMBucketCreateRequest (OMBucketCreateRequest.java:validateAndUpdateCache(270)) - created bucket: bucket60711 of layout LEGACY in volume: volume37187
2023-09-13 06:49:17,676 [setup] INFO  contract.AbstractFSContractTestBase (AbstractFSContractTestBase.java:setup(194)) - Test filesystem = o3fs://bucket60711.volume37187 implemented by OzoneFileSystem{URI=o3fs://bucket60711.volume37187, workingDir=o3fs://bucket60711.volume37187/user/runner, userName=runner, statistics=0 bytes read, 14 bytes written, 16 read ops, 0 large read ops, 5 write ops}
06:49:17.840 [IPC Server handler 7 on default port 15004] ERROR OMAudit - user=runner | ip=127.0.0.1 | op=GET_FILE_STATUS {volume=volume37187, bucket=bucket60711, key=test/testDeleteSingleFile/d1/d2/childfile, dataSize=0, replicationConfig=null} | ret=FAILURE
org.apache.hadoop.ozone.om.exceptions.OMException: Unable to get file status: volume: volume37187 bucket: bucket60711 key: test/testDeleteSingleFile/d1/d2/childfile
	at org.apache.hadoop.ozone.om.KeyManagerImpl.getOzoneFileStatus(KeyManagerImpl.java:1195) ~[ozone-manager-1.4.0-SNAPSHOT.jar:?]
	at org.apache.hadoop.ozone.om.KeyManagerImpl.getFileStatus(KeyManagerImpl.java:1113) ~[ozone-manager-1.4.0-SNAPSHOT.jar:?]
	at org.apache.hadoop.ozone.om.OmMetadataReader.getFileStatus(OmMetadataReader.java:262) ~[ozone-manager-1.4.0-SNAPSHOT.jar:?]
	at org.apache.hadoop.ozone.om.OzoneManager.getFileStatus(OzoneManager.java:3533) ~[ozone-manager-1.4.0-SNAPSHOT.jar:?]
	at org.apache.hadoop.ozone.protocolPB.OzoneManagerRequestHandler.getOzoneFileStatus(OzoneManagerRequestHandler.java:971) ~[ozone-manager-1.4.0-SNAPSHOT.jar:?]
	at org.apache.hadoop.ozone.protocolPB.OzoneManagerRequestHandler.handleReadRequest(OzoneManagerRequestHandler.java:250) ~[ozone-manager-1.4.0-SNAPSHOT.jar:?]
	at org.apache.hadoop.ozone.protocolPB.OzoneManagerProtocolServerSideTranslatorPB.submitReadRequestToOM(OzoneManagerProtocolServerSideTranslatorPB.java:225) ~[ozone-manager-1.4.0-SNAPSHOT.jar:?]
	at org.apache.hadoop.ozone.protocolPB.OzoneManagerProtocolServerSideTranslatorPB.processRequest(OzoneManagerProtocolServerSideTranslatorPB.java:179) ~[ozone-manager-1.4.0-SNAPSHOT.jar:?]
	at org.apache.hadoop.hdds.server.OzoneProtocolMessageDispatcher.processRequest(OzoneProtocolMessageDispatcher.java:87) [hdds-server-framework-1.4.0-SNAPSHOT.jar:?]
	at org.apache.hadoop.ozone.protocolPB.OzoneManagerProtocolServerSideTranslatorPB.submitRequest(OzoneManagerProtocolServerSideTranslatorPB.java:148) [ozone-manager-1.4.0-SNAPSHOT.jar:?]
	at org.apache.hadoop.ozone.protocol.proto.OzoneManagerProtocolProtos$OzoneManagerService$2.callBlockingMethod(OzoneManagerProtocolProtos.java) [ozone-interface-client-1.4.0-SNAPSHOT.jar:?]
	at org.apache.hadoop.ipc.ProtobufRpcEngine$Server.processCall(ProtobufRpcEngine.java:484) [hadoop-common-3.3.6.jar:?]
	at org.apache.hadoop.ipc.ProtobufRpcEngine2$Server$ProtoBufRpcInvoker.call(ProtobufRpcEngine2.java:595) [hadoop-common-3.3.6.jar:?]
	at org.apache.hadoop.ipc.ProtobufRpcEngine2$Server$ProtoBufRpcInvoker.call(ProtobufRpcEngine2.java:573) [hadoop-common-3.3.6.jar:?]
	at org.apache.hadoop.ipc.RPC$Server.call(RPC.java:1227) [hadoop-common-3.3.6.jar:?]
	at org.apache.hadoop.ipc.Server$RpcCall.run(Server.java:1094) [hadoop-common-3.3.6.jar:?]
	at org.apache.hadoop.ipc.Server$RpcCall.run(Server.java:1017) [hadoop-common-3.3.6.jar:?]
	at java.security.AccessController.doPrivileged(Native Method) ~[?:1.8.0_382]
	at javax.security.auth.Subject.doAs(Subject.java:422) [?:1.8.0_382]
	at org.apache.hadoop.security.UserGroupInformation.doAs(UserGroupInformation.java:1899) [hadoop-common-3.3.6.jar:?]
	at org.apache.hadoop.ipc.Server$Handler.run(Server.java:3048) [hadoop-common-3.3.6.jar:?]
]]></system-out>
  </testcase>
  <testcase name="testDeleteSingleFile" classname="ITestOzoneContractDelete" time="0.235">
    <system-out><![CDATA[2023-09-13 06:49:37,770 [setup] INFO  rpc.RpcClient (RpcClient.java:createVolume(461)) - Creating Volume: volume39778, with user42912 as owner and space quota set to -1 bytes, counts quota set to -1
2023-09-13 06:49:37,776 [OM StateMachine ApplyTransaction Thread - 0] INFO  volume.OMVolumeCreateRequest (OMVolumeCreateRequest.java:validateAndUpdateCache(196)) - created volume:volume39778 for user:user42912
2023-09-13 06:49:37,778 [setup] INFO  rpc.RpcClient (RpcClient.java:createBucket(688)) - Creating Bucket: volume39778/bucket50495, with bucket layout LEGACY, runner as owner, Versioning false, Storage Type set to DISK and Encryption set to false, Replication Type set to server-side default replication type, Namespace Quota set to -1, Space Quota set to -1 
2023-09-13 06:49:37,783 [OM StateMachine ApplyTransaction Thread - 0] INFO  bucket.OMBucketCreateRequest (OMBucketCreateRequest.java:validateAndUpdateCache(270)) - created bucket: bucket50495 of layout LEGACY in volume: volume39778
2023-09-13 06:49:37,837 [setup] INFO  contract.AbstractFSContractTestBase (AbstractFSContractTestBase.java:setup(194)) - Test filesystem = o3fs://bucket50495.volume39778 implemented by OzoneFileSystem{URI=o3fs://bucket50495.volume39778, workingDir=o3fs://bucket50495.volume39778/user/runner, userName=runner, statistics=0 bytes read, 68 bytes written, 70 read ops, 0 large read ops, 24 write ops}
06:49:37.978 [IPC Server handler 6 on default port 15057] ERROR OMAudit - user=runner | ip=127.0.0.1 | op=GET_FILE_STATUS {volume=volume39778, bucket=bucket50495, key=test/testDeleteSingleFile/d1/d2/childfile, dataSize=0, replicationConfig=null} | ret=FAILURE
org.apache.hadoop.ozone.om.exceptions.OMException: Unable to get file status: volume: volume39778 bucket: bucket50495 key: test/testDeleteSingleFile/d1/d2/childfile
	at org.apache.hadoop.ozone.om.KeyManagerImpl.getOzoneFileStatus(KeyManagerImpl.java:1195) ~[ozone-manager-1.4.0-SNAPSHOT.jar:?]
	at org.apache.hadoop.ozone.om.KeyManagerImpl.getFileStatus(KeyManagerImpl.java:1113) ~[ozone-manager-1.4.0-SNAPSHOT.jar:?]
	at org.apache.hadoop.ozone.om.OmMetadataReader.getFileStatus(OmMetadataReader.java:262) ~[ozone-manager-1.4.0-SNAPSHOT.jar:?]
	at org.apache.hadoop.ozone.om.OzoneManager.getFileStatus(OzoneManager.java:3533) ~[ozone-manager-1.4.0-SNAPSHOT.jar:?]
	at org.apache.hadoop.ozone.protocolPB.OzoneManagerRequestHandler.getOzoneFileStatus(OzoneManagerRequestHandler.java:971) ~[ozone-manager-1.4.0-SNAPSHOT.jar:?]
	at org.apache.hadoop.ozone.protocolPB.OzoneManagerRequestHandler.handleReadRequest(OzoneManagerRequestHandler.java:250) ~[ozone-manager-1.4.0-SNAPSHOT.jar:?]
	at org.apache.hadoop.ozone.protocolPB.OzoneManagerProtocolServerSideTranslatorPB.submitReadRequestToOM(OzoneManagerProtocolServerSideTranslatorPB.java:225) ~[ozone-manager-1.4.0-SNAPSHOT.jar:?]
	at org.apache.hadoop.ozone.protocolPB.OzoneManagerProtocolServerSideTranslatorPB.processRequest(OzoneManagerProtocolServerSideTranslatorPB.java:179) ~[ozone-manager-1.4.0-SNAPSHOT.jar:?]
	at org.apache.hadoop.hdds.server.OzoneProtocolMessageDispatcher.processRequest(OzoneProtocolMessageDispatcher.java:87) [hdds-server-framework-1.4.0-SNAPSHOT.jar:?]
	at org.apache.hadoop.ozone.protocolPB.OzoneManagerProtocolServerSideTranslatorPB.submitRequest(OzoneManagerProtocolServerSideTranslatorPB.java:148) [ozone-manager-1.4.0-SNAPSHOT.jar:?]
	at org.apache.hadoop.ozone.protocol.proto.OzoneManagerProtocolProtos$OzoneManagerService$2.callBlockingMethod(OzoneManagerProtocolProtos.java) [ozone-interface-client-1.4.0-SNAPSHOT.jar:?]
	at org.apache.hadoop.ipc.ProtobufRpcEngine$Server.processCall(ProtobufRpcEngine.java:484) [hadoop-common-3.3.6.jar:?]
	at org.apache.hadoop.ipc.ProtobufRpcEngine2$Server$ProtoBufRpcInvoker.call(ProtobufRpcEngine2.java:595) [hadoop-common-3.3.6.jar:?]
	at org.apache.hadoop.ipc.ProtobufRpcEngine2$Server$ProtoBufRpcInvoker.call(ProtobufRpcEngine2.java:573) [hadoop-common-3.3.6.jar:?]
	at org.apache.hadoop.ipc.RPC$Server.call(RPC.java:1227) [hadoop-common-3.3.6.jar:?]
	at org.apache.hadoop.ipc.Server$RpcCall.run(Server.java:1094) [hadoop-common-3.3.6.jar:?]
	at org.apache.hadoop.ipc.Server$RpcCall.run(Server.java:1017) [hadoop-common-3.3.6.jar:?]
	at java.security.AccessController.doPrivileged(Native Method) ~[?:1.8.0_382]
	at javax.security.auth.Subject.doAs(Subject.java:422) [?:1.8.0_382]
	at org.apache.hadoop.security.UserGroupInformation.doAs(UserGroupInformation.java:1899) [hadoop-common-3.3.6.jar:?]
	at org.apache.hadoop.ipc.Server$Handler.run(Server.java:3048) [hadoop-common-3.3.6.jar:?]
]]></system-out>
  </testcase>
  <testcase name="testDeleteNonEmptyDirRecursive" classname="ITestOzoneContractDelete" time="0.222">
    <system-out><![CDATA[2023-09-13 06:49:17,871 [setup] INFO  rpc.RpcClient (RpcClient.java:createVolume(461)) - Creating Volume: volume51241, with user73227 as owner and space quota set to -1 bytes, counts quota set to -1
2023-09-13 06:49:17,876 [OM StateMachine ApplyTransaction Thread - 0] INFO  volume.OMVolumeCreateRequest (OMVolumeCreateRequest.java:validateAndUpdateCache(196)) - created volume:volume51241 for user:user73227
2023-09-13 06:49:17,879 [setup] INFO  rpc.RpcClient (RpcClient.java:createBucket(688)) - Creating Bucket: volume51241/bucket95187, with bucket layout LEGACY, runner as owner, Versioning false, Storage Type set to DISK and Encryption set to false, Replication Type set to server-side default replication type, Namespace Quota set to -1, Space Quota set to -1 
2023-09-13 06:49:17,882 [OM StateMachine ApplyTransaction Thread - 0] INFO  bucket.OMBucketCreateRequest (OMBucketCreateRequest.java:validateAndUpdateCache(270)) - created bucket: bucket95187 of layout LEGACY in volume: volume51241
2023-09-13 06:49:17,936 [setup] INFO  contract.AbstractFSContractTestBase (AbstractFSContractTestBase.java:setup(194)) - Test filesystem = o3fs://bucket95187.volume51241 implemented by OzoneFileSystem{URI=o3fs://bucket95187.volume51241, workingDir=o3fs://bucket95187.volume51241/user/runner, userName=runner, statistics=0 bytes read, 40 bytes written, 23 read ops, 0 large read ops, 8 write ops}
06:49:18.061 [IPC Server handler 17 on default port 15004] ERROR OMAudit - user=runner | ip=127.0.0.1 | op=GET_FILE_STATUS {volume=volume51241, bucket=bucket95187, key=test/testDeleteNonEmptyDirRecursive, dataSize=0, replicationConfig=null} | ret=FAILURE
org.apache.hadoop.ozone.om.exceptions.OMException: Unable to get file status: volume: volume51241 bucket: bucket95187 key: test/testDeleteNonEmptyDirRecursive
	at org.apache.hadoop.ozone.om.KeyManagerImpl.getOzoneFileStatus(KeyManagerImpl.java:1195) ~[ozone-manager-1.4.0-SNAPSHOT.jar:?]
	at org.apache.hadoop.ozone.om.KeyManagerImpl.getFileStatus(KeyManagerImpl.java:1113) ~[ozone-manager-1.4.0-SNAPSHOT.jar:?]
	at org.apache.hadoop.ozone.om.OmMetadataReader.getFileStatus(OmMetadataReader.java:262) ~[ozone-manager-1.4.0-SNAPSHOT.jar:?]
	at org.apache.hadoop.ozone.om.OzoneManager.getFileStatus(OzoneManager.java:3533) ~[ozone-manager-1.4.0-SNAPSHOT.jar:?]
	at org.apache.hadoop.ozone.protocolPB.OzoneManagerRequestHandler.getOzoneFileStatus(OzoneManagerRequestHandler.java:971) ~[ozone-manager-1.4.0-SNAPSHOT.jar:?]
	at org.apache.hadoop.ozone.protocolPB.OzoneManagerRequestHandler.handleReadRequest(OzoneManagerRequestHandler.java:250) ~[ozone-manager-1.4.0-SNAPSHOT.jar:?]
	at org.apache.hadoop.ozone.protocolPB.OzoneManagerProtocolServerSideTranslatorPB.submitReadRequestToOM(OzoneManagerProtocolServerSideTranslatorPB.java:225) ~[ozone-manager-1.4.0-SNAPSHOT.jar:?]
	at org.apache.hadoop.ozone.protocolPB.OzoneManagerProtocolServerSideTranslatorPB.processRequest(OzoneManagerProtocolServerSideTranslatorPB.java:179) ~[ozone-manager-1.4.0-SNAPSHOT.jar:?]
	at org.apache.hadoop.hdds.server.OzoneProtocolMessageDispatcher.processRequest(OzoneProtocolMessageDispatcher.java:87) [hdds-server-framework-1.4.0-SNAPSHOT.jar:?]
	at org.apache.hadoop.ozone.protocolPB.OzoneManagerProtocolServerSideTranslatorPB.submitRequest(OzoneManagerProtocolServerSideTranslatorPB.java:148) [ozone-manager-1.4.0-SNAPSHOT.jar:?]
	at org.apache.hadoop.ozone.protocol.proto.OzoneManagerProtocolProtos$OzoneManagerService$2.callBlockingMethod(OzoneManagerProtocolProtos.java) [ozone-interface-client-1.4.0-SNAPSHOT.jar:?]
	at org.apache.hadoop.ipc.ProtobufRpcEngine$Server.processCall(ProtobufRpcEngine.java:484) [hadoop-common-3.3.6.jar:?]
	at org.apache.hadoop.ipc.ProtobufRpcEngine2$Server$ProtoBufRpcInvoker.call(ProtobufRpcEngine2.java:595) [hadoop-common-3.3.6.jar:?]
	at org.apache.hadoop.ipc.ProtobufRpcEngine2$Server$ProtoBufRpcInvoker.call(ProtobufRpcEngine2.java:573) [hadoop-common-3.3.6.jar:?]
	at org.apache.hadoop.ipc.RPC$Server.call(RPC.java:1227) [hadoop-common-3.3.6.jar:?]
	at org.apache.hadoop.ipc.Server$RpcCall.run(Server.java:1094) [hadoop-common-3.3.6.jar:?]
	at org.apache.hadoop.ipc.Server$RpcCall.run(Server.java:1017) [hadoop-common-3.3.6.jar:?]
	at java.security.AccessController.doPrivileged(Native Method) ~[?:1.8.0_382]
	at javax.security.auth.Subject.doAs(Subject.java:422) [?:1.8.0_382]
	at org.apache.hadoop.security.UserGroupInformation.doAs(UserGroupInformation.java:1899) [hadoop-common-3.3.6.jar:?]
	at org.apache.hadoop.ipc.Server$Handler.run(Server.java:3048) [hadoop-common-3.3.6.jar:?]
06:49:18.064 [IPC Server handler 13 on default port 15004] ERROR OMAudit - user=runner | ip=127.0.0.1 | op=GET_FILE_STATUS {volume=volume51241, bucket=bucket95187, key=test/testDeleteNonEmptyDirRecursive/childfile, dataSize=0, replicationConfig=null} | ret=FAILURE
org.apache.hadoop.ozone.om.exceptions.OMException: Unable to get file status: volume: volume51241 bucket: bucket95187 key: test/testDeleteNonEmptyDirRecursive/childfile
	at org.apache.hadoop.ozone.om.KeyManagerImpl.getOzoneFileStatus(KeyManagerImpl.java:1195) ~[ozone-manager-1.4.0-SNAPSHOT.jar:?]
	at org.apache.hadoop.ozone.om.KeyManagerImpl.getFileStatus(KeyManagerImpl.java:1113) ~[ozone-manager-1.4.0-SNAPSHOT.jar:?]
	at org.apache.hadoop.ozone.om.OmMetadataReader.getFileStatus(OmMetadataReader.java:262) ~[ozone-manager-1.4.0-SNAPSHOT.jar:?]
	at org.apache.hadoop.ozone.om.OzoneManager.getFileStatus(OzoneManager.java:3533) ~[ozone-manager-1.4.0-SNAPSHOT.jar:?]
	at org.apache.hadoop.ozone.protocolPB.OzoneManagerRequestHandler.getOzoneFileStatus(OzoneManagerRequestHandler.java:971) ~[ozone-manager-1.4.0-SNAPSHOT.jar:?]
	at org.apache.hadoop.ozone.protocolPB.OzoneManagerRequestHandler.handleReadRequest(OzoneManagerRequestHandler.java:250) ~[ozone-manager-1.4.0-SNAPSHOT.jar:?]
	at org.apache.hadoop.ozone.protocolPB.OzoneManagerProtocolServerSideTranslatorPB.submitReadRequestToOM(OzoneManagerProtocolServerSideTranslatorPB.java:225) ~[ozone-manager-1.4.0-SNAPSHOT.jar:?]
	at org.apache.hadoop.ozone.protocolPB.OzoneManagerProtocolServerSideTranslatorPB.processRequest(OzoneManagerProtocolServerSideTranslatorPB.java:179) ~[ozone-manager-1.4.0-SNAPSHOT.jar:?]
	at org.apache.hadoop.hdds.server.OzoneProtocolMessageDispatcher.processRequest(OzoneProtocolMessageDispatcher.java:87) [hdds-server-framework-1.4.0-SNAPSHOT.jar:?]
	at org.apache.hadoop.ozone.protocolPB.OzoneManagerProtocolServerSideTranslatorPB.submitRequest(OzoneManagerProtocolServerSideTranslatorPB.java:148) [ozone-manager-1.4.0-SNAPSHOT.jar:?]
	at org.apache.hadoop.ozone.protocol.proto.OzoneManagerProtocolProtos$OzoneManagerService$2.callBlockingMethod(OzoneManagerProtocolProtos.java) [ozone-interface-client-1.4.0-SNAPSHOT.jar:?]
	at org.apache.hadoop.ipc.ProtobufRpcEngine$Server.processCall(ProtobufRpcEngine.java:484) [hadoop-common-3.3.6.jar:?]
	at org.apache.hadoop.ipc.ProtobufRpcEngine2$Server$ProtoBufRpcInvoker.call(ProtobufRpcEngine2.java:595) [hadoop-common-3.3.6.jar:?]
	at org.apache.hadoop.ipc.ProtobufRpcEngine2$Server$ProtoBufRpcInvoker.call(ProtobufRpcEngine2.java:573) [hadoop-common-3.3.6.jar:?]
	at org.apache.hadoop.ipc.RPC$Server.call(RPC.java:1227) [hadoop-common-3.3.6.jar:?]
	at org.apache.hadoop.ipc.Server$RpcCall.run(Server.java:1094) [hadoop-common-3.3.6.jar:?]
	at org.apache.hadoop.ipc.Server$RpcCall.run(Server.java:1017) [hadoop-common-3.3.6.jar:?]
	at java.security.AccessController.doPrivileged(Native Method) ~[?:1.8.0_382]
	at javax.security.auth.Subject.doAs(Subject.java:422) [?:1.8.0_382]
	at org.apache.hadoop.security.UserGroupInformation.doAs(UserGroupInformation.java:1899) [hadoop-common-3.3.6.jar:?]
	at org.apache.hadoop.ipc.Server$Handler.run(Server.java:3048) [hadoop-common-3.3.6.jar:?]
]]></system-out>
  </testcase>
  <testcase name="testDeleteNonEmptyDirRecursive" classname="ITestOzoneContractDelete" time="0.218">
    <failure type="java.lang.AssertionError"><![CDATA[java.lang.AssertionError: Deleted file: unexpectedly found o3fs://bucket75959.volume34153/test/testDeleteNonEmptyDirRecursive as  FileStatus{path=o3fs://bucket75959.volume34153/test/testDeleteNonEmptyDirRecursive; isDirectory=true; modification_time=1694587778195; access_time=1694587778195; owner=runner; group=runner; permission=rwxrwxrwx; isSymlink=false; hasAcl=false; isEncrypted=false; isErasureCoded=false}
	at org.junit.Assert.fail(Assert.java:89)
	at org.apache.hadoop.fs.contract.ContractTestUtils.assertPathDoesNotExist(ContractTestUtils.java:1018)
	at org.apache.hadoop.fs.contract.ContractTestUtils.assertDeleted(ContractTestUtils.java:747)
	at org.apache.hadoop.fs.contract.ContractTestUtils.assertDeleted(ContractTestUtils.java:720)
	at org.apache.hadoop.fs.contract.ContractTestUtils.assertDeleted(ContractTestUtils.java:702)
	at org.apache.hadoop.fs.contract.AbstractFSContractTestBase.assertDeleted(AbstractFSContractTestBase.java:372)
	at org.apache.hadoop.fs.contract.AbstractContractDeleteTest.testDeleteNonEmptyDirRecursive(AbstractContractDeleteTest.java:93)
	at sun.reflect.NativeMethodAccessorImpl.invoke0(Native Method)
	at sun.reflect.NativeMethodAccessorImpl.invoke(NativeMethodAccessorImpl.java:62)
	at sun.reflect.DelegatingMethodAccessorImpl.invoke(DelegatingMethodAccessorImpl.java:43)
	at java.lang.reflect.Method.invoke(Method.java:498)
	at org.junit.runners.model.FrameworkMethod$1.runReflectiveCall(FrameworkMethod.java:59)
	at org.junit.internal.runners.model.ReflectiveCallable.run(ReflectiveCallable.java:12)
	at org.junit.runners.model.FrameworkMethod.invokeExplosively(FrameworkMethod.java:56)
	at org.junit.internal.runners.statements.InvokeMethod.evaluate(InvokeMethod.java:17)
	at org.junit.internal.runners.statements.RunBefores.evaluate(RunBefores.java:26)
	at org.junit.internal.runners.statements.RunAfters.evaluate(RunAfters.java:27)
	at org.junit.rules.TestWatcher$1.evaluate(TestWatcher.java:61)
	at org.junit.internal.runners.statements.FailOnTimeout$CallableStatement.call(FailOnTimeout.java:288)
	at org.junit.internal.runners.statements.FailOnTimeout$CallableStatement.call(FailOnTimeout.java:282)
	at java.util.concurrent.FutureTask.run(FutureTask.java:266)
	at java.lang.Thread.run(Thread.java:750)
]]></failure>
    <system-out><![CDATA[2023-09-13 06:49:38,009 [setup] INFO  rpc.RpcClient (RpcClient.java:createVolume(461)) - Creating Volume: volume34153, with user90107 as owner and space quota set to -1 bytes, counts quota set to -1
2023-09-13 06:49:38,012 [OM StateMachine ApplyTransaction Thread - 0] INFO  volume.OMVolumeCreateRequest (OMVolumeCreateRequest.java:validateAndUpdateCache(196)) - created volume:volume34153 for user:user90107
2023-09-13 06:49:38,014 [setup] INFO  rpc.RpcClient (RpcClient.java:createBucket(688)) - Creating Bucket: volume34153/bucket75959, with bucket layout LEGACY, runner as owner, Versioning false, Storage Type set to DISK and Encryption set to false, Replication Type set to server-side default replication type, Namespace Quota set to -1, Space Quota set to -1 
2023-09-13 06:49:38,017 [OM StateMachine ApplyTransaction Thread - 0] INFO  bucket.OMBucketCreateRequest (OMBucketCreateRequest.java:validateAndUpdateCache(270)) - created bucket: bucket75959 of layout LEGACY in volume: volume34153
2023-09-13 06:49:38,069 [7d333e3b-a912-4945-85a1-cfb45bef2dd4@group-2DC6E749E0E2-FollowerState] INFO  impl.FollowerState (FollowerState.java:run(143)) - 7d333e3b-a912-4945-85a1-cfb45bef2dd4@group-2DC6E749E0E2-FollowerState: change to CANDIDATE, lastRpcElapsedTime:5163333263ns, electionTimeout:5159ms
2023-09-13 06:49:38,069 [7d333e3b-a912-4945-85a1-cfb45bef2dd4@group-2DC6E749E0E2-FollowerState] INFO  impl.RoleInfo (RoleInfo.java:shutdownFollowerState(110)) - 7d333e3b-a912-4945-85a1-cfb45bef2dd4: shutdown 7d333e3b-a912-4945-85a1-cfb45bef2dd4@group-2DC6E749E0E2-FollowerState
2023-09-13 06:49:38,069 [7d333e3b-a912-4945-85a1-cfb45bef2dd4@group-2DC6E749E0E2-FollowerState] INFO  server.RaftServer$Division (RaftServerImpl.java:setRole(329)) - 7d333e3b-a912-4945-85a1-cfb45bef2dd4@group-2DC6E749E0E2: changes role from  FOLLOWER to CANDIDATE at term 0 for changeToCandidate
2023-09-13 06:49:38,069 [7d333e3b-a912-4945-85a1-cfb45bef2dd4@group-2DC6E749E0E2-FollowerState] INFO  server.RaftServerConfigKeys (ConfUtils.java:logGet(46)) - raft.server.leaderelection.pre-vote = true (default)
2023-09-13 06:49:38,069 [7d333e3b-a912-4945-85a1-cfb45bef2dd4@group-2DC6E749E0E2-FollowerState] INFO  impl.RoleInfo (RoleInfo.java:updateAndGet(139)) - 7d333e3b-a912-4945-85a1-cfb45bef2dd4: start 7d333e3b-a912-4945-85a1-cfb45bef2dd4@group-2DC6E749E0E2-LeaderElection18
2023-09-13 06:49:38,077 [7d333e3b-a912-4945-85a1-cfb45bef2dd4@group-2DC6E749E0E2-LeaderElection18] INFO  impl.LeaderElection (LeaderElection.java:askForVotes(321)) - 7d333e3b-a912-4945-85a1-cfb45bef2dd4@group-2DC6E749E0E2-LeaderElection18 PRE_VOTE round 0: submit vote requests at term 0 for -1: peers:[7d333e3b-a912-4945-85a1-cfb45bef2dd4|rpc:10.1.0.17:15094|admin:10.1.0.17:15093|client:10.1.0.17:15092|dataStream:10.1.0.17:15095|priority:1|startupRole:FOLLOWER]|listeners:[], old=null
2023-09-13 06:49:38,077 [7d333e3b-a912-4945-85a1-cfb45bef2dd4@group-2DC6E749E0E2-LeaderElection18] INFO  impl.LeaderElection (LeaderElection.java:askForVotes(323)) - 7d333e3b-a912-4945-85a1-cfb45bef2dd4@group-2DC6E749E0E2-LeaderElection18 PRE_VOTE round 0: result PASSED (term=0)
2023-09-13 06:49:38,079 [setup] INFO  contract.AbstractFSContractTestBase (AbstractFSContractTestBase.java:setup(194)) - Test filesystem = o3fs://bucket75959.volume34153 implemented by OzoneFileSystem{URI=o3fs://bucket75959.volume34153, workingDir=o3fs://bucket75959.volume34153/user/runner, userName=runner, statistics=0 bytes read, 94 bytes written, 77 read ops, 0 large read ops, 27 write ops}
2023-09-13 06:49:38,081 [7d333e3b-a912-4945-85a1-cfb45bef2dd4@group-2DC6E749E0E2-LeaderElection18] INFO  impl.LeaderElection (LeaderElection.java:askForVotes(321)) - 7d333e3b-a912-4945-85a1-cfb45bef2dd4@group-2DC6E749E0E2-LeaderElection18 ELECTION round 0: submit vote requests at term 1 for -1: peers:[7d333e3b-a912-4945-85a1-cfb45bef2dd4|rpc:10.1.0.17:15094|admin:10.1.0.17:15093|client:10.1.0.17:15092|dataStream:10.1.0.17:15095|priority:1|startupRole:FOLLOWER]|listeners:[], old=null
2023-09-13 06:49:38,081 [7d333e3b-a912-4945-85a1-cfb45bef2dd4@group-2DC6E749E0E2-LeaderElection18] INFO  impl.LeaderElection (LeaderElection.java:askForVotes(323)) - 7d333e3b-a912-4945-85a1-cfb45bef2dd4@group-2DC6E749E0E2-LeaderElection18 ELECTION round 0: result PASSED (term=1)
2023-09-13 06:49:38,081 [7d333e3b-a912-4945-85a1-cfb45bef2dd4@group-2DC6E749E0E2-LeaderElection18] INFO  impl.RoleInfo (RoleInfo.java:shutdownLeaderElection(130)) - 7d333e3b-a912-4945-85a1-cfb45bef2dd4: shutdown 7d333e3b-a912-4945-85a1-cfb45bef2dd4@group-2DC6E749E0E2-LeaderElection18
2023-09-13 06:49:38,081 [7d333e3b-a912-4945-85a1-cfb45bef2dd4@group-2DC6E749E0E2-LeaderElection18] INFO  server.RaftServer$Division (RaftServerImpl.java:setRole(329)) - 7d333e3b-a912-4945-85a1-cfb45bef2dd4@group-2DC6E749E0E2: changes role from CANDIDATE to LEADER at term 1 for changeToLeader
2023-09-13 06:49:38,081 [7d333e3b-a912-4945-85a1-cfb45bef2dd4@group-2DC6E749E0E2-LeaderElection18] INFO  ratis.XceiverServerRatis (XceiverServerRatis.java:handleLeaderChangedNotification(902)) - Leader change notification received for group: group-2DC6E749E0E2 with new leaderId: 7d333e3b-a912-4945-85a1-cfb45bef2dd4
2023-09-13 06:49:38,082 [7d333e3b-a912-4945-85a1-cfb45bef2dd4@group-2DC6E749E0E2-LeaderElection18] INFO  server.RaftServer$Division (ServerState.java:setLeader(317)) - 7d333e3b-a912-4945-85a1-cfb45bef2dd4@group-2DC6E749E0E2: change Leader from null to 7d333e3b-a912-4945-85a1-cfb45bef2dd4 at term 1 for becomeLeader, leader elected after 5190ms
2023-09-13 06:49:38,082 [7d333e3b-a912-4945-85a1-cfb45bef2dd4@group-2DC6E749E0E2-LeaderElection18] INFO  server.RaftServerConfigKeys (ConfUtils.java:logGet(46)) - raft.server.staging.catchup.gap = 1000 (default)
2023-09-13 06:49:38,082 [7d333e3b-a912-4945-85a1-cfb45bef2dd4@group-2DC6E749E0E2-LeaderElection18] INFO  server.RaftServerConfigKeys (ConfUtils.java:logGet(46)) - raft.server.write.element-limit = 1024 (custom)
2023-09-13 06:49:38,082 [7d333e3b-a912-4945-85a1-cfb45bef2dd4@group-2DC6E749E0E2-LeaderElection18] INFO  server.RaftServerConfigKeys (ConfUtils.java:logGet(46)) - raft.server.write.byte-limit = 1024 M (=1073741824) (custom)
2023-09-13 06:49:38,082 [7d333e3b-a912-4945-85a1-cfb45bef2dd4@group-2DC6E749E0E2-LeaderElection18] INFO  server.RaftServerConfigKeys (ConfUtils.java:logGet(46)) - raft.server.watch.timeout = 10000ms (default)
2023-09-13 06:49:38,082 [7d333e3b-a912-4945-85a1-cfb45bef2dd4@group-2DC6E749E0E2-LeaderElection18] INFO  server.RaftServerConfigKeys (ConfUtils.java:logGet(46)) - raft.server.watch.timeout.denomination = 1s (default)
2023-09-13 06:49:38,082 [7d333e3b-a912-4945-85a1-cfb45bef2dd4@group-2DC6E749E0E2-LeaderElection18] INFO  server.RaftServerConfigKeys (ConfUtils.java:logGet(46)) - raft.server.watch.element-limit = 65536 (default)
2023-09-13 06:49:38,082 [7d333e3b-a912-4945-85a1-cfb45bef2dd4@group-2DC6E749E0E2-LeaderElection18] INFO  server.RaftServerConfigKeys (ConfUtils.java:logGet(46)) - raft.server.write.element-limit = 1024 (custom)
2023-09-13 06:49:38,082 [7d333e3b-a912-4945-85a1-cfb45bef2dd4@group-2DC6E749E0E2-LeaderElection18] INFO  server.RaftServerConfigKeys (ConfUtils.java:logGet(46)) - raft.server.write.follower.gap.ratio.max = -1.0 (default)
2023-09-13 06:49:38,083 [7d333e3b-a912-4945-85a1-cfb45bef2dd4@group-2DC6E749E0E2-LeaderElection18] INFO  impl.RoleInfo (RoleInfo.java:updateAndGet(139)) - 7d333e3b-a912-4945-85a1-cfb45bef2dd4: start 7d333e3b-a912-4945-85a1-cfb45bef2dd4@group-2DC6E749E0E2-LeaderStateImpl
2023-09-13 06:49:38,083 [7d333e3b-a912-4945-85a1-cfb45bef2dd4@group-2DC6E749E0E2-LeaderElection18] INFO  segmented.SegmentedRaftLogWorker (SegmentedRaftLogWorker.java:startLogSegment(447)) - 7d333e3b-a912-4945-85a1-cfb45bef2dd4@group-2DC6E749E0E2-SegmentedRaftLogWorker: Starting segment from index:0
2023-09-13 06:49:38,085 [7d333e3b-a912-4945-85a1-cfb45bef2dd4@group-2DC6E749E0E2-SegmentedRaftLogWorker] INFO  segmented.SegmentedRaftLogWorker (SegmentedRaftLogWorker.java:execute(651)) - 7d333e3b-a912-4945-85a1-cfb45bef2dd4@group-2DC6E749E0E2-SegmentedRaftLogWorker: created new log segment /home/runner/work/ozone/ozone/hadoop-ozone/integration-test/target/test-dir/MiniOzoneClusterImpl-af11299d-9bff-4b11-875a-a8648a114883/datanode-3/data/ratis/0ed812b2-3893-4e4b-ab60-2dc6e749e0e2/current/log_inprogress_0
2023-09-13 06:49:38,093 [7d333e3b-a912-4945-85a1-cfb45bef2dd4@group-2DC6E749E0E2-LeaderElection18] INFO  server.RaftServer$Division (ServerState.java:setRaftConf(434)) - 7d333e3b-a912-4945-85a1-cfb45bef2dd4@group-2DC6E749E0E2: set configuration 0: peers:[7d333e3b-a912-4945-85a1-cfb45bef2dd4|rpc:10.1.0.17:15094|admin:10.1.0.17:15093|client:10.1.0.17:15092|dataStream:10.1.0.17:15095|priority:1|startupRole:FOLLOWER]|listeners:[], old=null
]]></system-out>
  </testcase>
  <testcase name="testDeleteNonexistentPathRecursive" classname="ITestOzoneContractDelete" time="0.13">
    <system-out><![CDATA[2023-09-13 06:49:18,099 [setup] INFO  rpc.RpcClient (RpcClient.java:createVolume(461)) - Creating Volume: volume21425, with user15034 as owner and space quota set to -1 bytes, counts quota set to -1
2023-09-13 06:49:18,104 [OM StateMachine ApplyTransaction Thread - 0] INFO  volume.OMVolumeCreateRequest (OMVolumeCreateRequest.java:validateAndUpdateCache(196)) - created volume:volume21425 for user:user15034
2023-09-13 06:49:18,107 [setup] INFO  rpc.RpcClient (RpcClient.java:createBucket(688)) - Creating Bucket: volume21425/bucket91577, with bucket layout LEGACY, runner as owner, Versioning false, Storage Type set to DISK and Encryption set to false, Replication Type set to server-side default replication type, Namespace Quota set to -1, Space Quota set to -1 
2023-09-13 06:49:18,110 [OM StateMachine ApplyTransaction Thread - 0] INFO  bucket.OMBucketCreateRequest (OMBucketCreateRequest.java:validateAndUpdateCache(270)) - created bucket: bucket91577 of layout LEGACY in volume: volume21425
2023-09-13 06:49:18,180 [setup] INFO  contract.AbstractFSContractTestBase (AbstractFSContractTestBase.java:setup(194)) - Test filesystem = o3fs://bucket91577.volume21425 implemented by OzoneFileSystem{URI=o3fs://bucket91577.volume21425, workingDir=o3fs://bucket91577.volume21425/user/runner, userName=runner, statistics=0 bytes read, 54 bytes written, 31 read ops, 0 large read ops, 11 write ops}
06:49:18.188 [IPC Server handler 5 on default port 15004] ERROR OMAudit - user=runner | ip=127.0.0.1 | op=GET_FILE_STATUS {volume=volume21425, bucket=bucket91577, key=test/testDeleteNonexistentPathRecursive, dataSize=0, replicationConfig=null} | ret=FAILURE
org.apache.hadoop.ozone.om.exceptions.OMException: Unable to get file status: volume: volume21425 bucket: bucket91577 key: test/testDeleteNonexistentPathRecursive
	at org.apache.hadoop.ozone.om.KeyManagerImpl.getOzoneFileStatus(KeyManagerImpl.java:1195) ~[ozone-manager-1.4.0-SNAPSHOT.jar:?]
	at org.apache.hadoop.ozone.om.KeyManagerImpl.getFileStatus(KeyManagerImpl.java:1113) ~[ozone-manager-1.4.0-SNAPSHOT.jar:?]
	at org.apache.hadoop.ozone.om.OmMetadataReader.getFileStatus(OmMetadataReader.java:262) ~[ozone-manager-1.4.0-SNAPSHOT.jar:?]
	at org.apache.hadoop.ozone.om.OzoneManager.getFileStatus(OzoneManager.java:3533) ~[ozone-manager-1.4.0-SNAPSHOT.jar:?]
	at org.apache.hadoop.ozone.protocolPB.OzoneManagerRequestHandler.getOzoneFileStatus(OzoneManagerRequestHandler.java:971) ~[ozone-manager-1.4.0-SNAPSHOT.jar:?]
	at org.apache.hadoop.ozone.protocolPB.OzoneManagerRequestHandler.handleReadRequest(OzoneManagerRequestHandler.java:250) ~[ozone-manager-1.4.0-SNAPSHOT.jar:?]
	at org.apache.hadoop.ozone.protocolPB.OzoneManagerProtocolServerSideTranslatorPB.submitReadRequestToOM(OzoneManagerProtocolServerSideTranslatorPB.java:225) ~[ozone-manager-1.4.0-SNAPSHOT.jar:?]
	at org.apache.hadoop.ozone.protocolPB.OzoneManagerProtocolServerSideTranslatorPB.processRequest(OzoneManagerProtocolServerSideTranslatorPB.java:179) ~[ozone-manager-1.4.0-SNAPSHOT.jar:?]
	at org.apache.hadoop.hdds.server.OzoneProtocolMessageDispatcher.processRequest(OzoneProtocolMessageDispatcher.java:87) [hdds-server-framework-1.4.0-SNAPSHOT.jar:?]
	at org.apache.hadoop.ozone.protocolPB.OzoneManagerProtocolServerSideTranslatorPB.submitRequest(OzoneManagerProtocolServerSideTranslatorPB.java:148) [ozone-manager-1.4.0-SNAPSHOT.jar:?]
	at org.apache.hadoop.ozone.protocol.proto.OzoneManagerProtocolProtos$OzoneManagerService$2.callBlockingMethod(OzoneManagerProtocolProtos.java) [ozone-interface-client-1.4.0-SNAPSHOT.jar:?]
	at org.apache.hadoop.ipc.ProtobufRpcEngine$Server.processCall(ProtobufRpcEngine.java:484) [hadoop-common-3.3.6.jar:?]
	at org.apache.hadoop.ipc.ProtobufRpcEngine2$Server$ProtoBufRpcInvoker.call(ProtobufRpcEngine2.java:595) [hadoop-common-3.3.6.jar:?]
	at org.apache.hadoop.ipc.ProtobufRpcEngine2$Server$ProtoBufRpcInvoker.call(ProtobufRpcEngine2.java:573) [hadoop-common-3.3.6.jar:?]
	at org.apache.hadoop.ipc.RPC$Server.call(RPC.java:1227) [hadoop-common-3.3.6.jar:?]
	at org.apache.hadoop.ipc.Server$RpcCall.run(Server.java:1094) [hadoop-common-3.3.6.jar:?]
	at org.apache.hadoop.ipc.Server$RpcCall.run(Server.java:1017) [hadoop-common-3.3.6.jar:?]
	at java.security.AccessController.doPrivileged(Native Method) ~[?:1.8.0_382]
	at javax.security.auth.Subject.doAs(Subject.java:422) [?:1.8.0_382]
	at org.apache.hadoop.security.UserGroupInformation.doAs(UserGroupInformation.java:1899) [hadoop-common-3.3.6.jar:?]
	at org.apache.hadoop.ipc.Server$Handler.run(Server.java:3048) [hadoop-common-3.3.6.jar:?]
06:49:18.191 [IPC Server handler 7 on default port 15004] ERROR OMAudit - user=runner | ip=127.0.0.1 | op=GET_FILE_STATUS {volume=volume21425, bucket=bucket91577, key=test/testDeleteNonexistentPathRecursive, dataSize=0, replicationConfig=null} | ret=FAILURE
org.apache.hadoop.ozone.om.exceptions.OMException: Unable to get file status: volume: volume21425 bucket: bucket91577 key: test/testDeleteNonexistentPathRecursive
	at org.apache.hadoop.ozone.om.KeyManagerImpl.getOzoneFileStatus(KeyManagerImpl.java:1195) ~[ozone-manager-1.4.0-SNAPSHOT.jar:?]
	at org.apache.hadoop.ozone.om.KeyManagerImpl.getFileStatus(KeyManagerImpl.java:1113) ~[ozone-manager-1.4.0-SNAPSHOT.jar:?]
	at org.apache.hadoop.ozone.om.OmMetadataReader.getFileStatus(OmMetadataReader.java:262) ~[ozone-manager-1.4.0-SNAPSHOT.jar:?]
	at org.apache.hadoop.ozone.om.OzoneManager.getFileStatus(OzoneManager.java:3533) ~[ozone-manager-1.4.0-SNAPSHOT.jar:?]
	at org.apache.hadoop.ozone.protocolPB.OzoneManagerRequestHandler.getOzoneFileStatus(OzoneManagerRequestHandler.java:971) ~[ozone-manager-1.4.0-SNAPSHOT.jar:?]
	at org.apache.hadoop.ozone.protocolPB.OzoneManagerRequestHandler.handleReadRequest(OzoneManagerRequestHandler.java:250) ~[ozone-manager-1.4.0-SNAPSHOT.jar:?]
	at org.apache.hadoop.ozone.protocolPB.OzoneManagerProtocolServerSideTranslatorPB.submitReadRequestToOM(OzoneManagerProtocolServerSideTranslatorPB.java:225) ~[ozone-manager-1.4.0-SNAPSHOT.jar:?]
	at org.apache.hadoop.ozone.protocolPB.OzoneManagerProtocolServerSideTranslatorPB.processRequest(OzoneManagerProtocolServerSideTranslatorPB.java:179) ~[ozone-manager-1.4.0-SNAPSHOT.jar:?]
	at org.apache.hadoop.hdds.server.OzoneProtocolMessageDispatcher.processRequest(OzoneProtocolMessageDispatcher.java:87) [hdds-server-framework-1.4.0-SNAPSHOT.jar:?]
	at org.apache.hadoop.ozone.protocolPB.OzoneManagerProtocolServerSideTranslatorPB.submitRequest(OzoneManagerProtocolServerSideTranslatorPB.java:148) [ozone-manager-1.4.0-SNAPSHOT.jar:?]
	at org.apache.hadoop.ozone.protocol.proto.OzoneManagerProtocolProtos$OzoneManagerService$2.callBlockingMethod(OzoneManagerProtocolProtos.java) [ozone-interface-client-1.4.0-SNAPSHOT.jar:?]
	at org.apache.hadoop.ipc.ProtobufRpcEngine$Server.processCall(ProtobufRpcEngine.java:484) [hadoop-common-3.3.6.jar:?]
	at org.apache.hadoop.ipc.ProtobufRpcEngine2$Server$ProtoBufRpcInvoker.call(ProtobufRpcEngine2.java:595) [hadoop-common-3.3.6.jar:?]
	at org.apache.hadoop.ipc.ProtobufRpcEngine2$Server$ProtoBufRpcInvoker.call(ProtobufRpcEngine2.java:573) [hadoop-common-3.3.6.jar:?]
	at org.apache.hadoop.ipc.RPC$Server.call(RPC.java:1227) [hadoop-common-3.3.6.jar:?]
	at org.apache.hadoop.ipc.Server$RpcCall.run(Server.java:1094) [hadoop-common-3.3.6.jar:?]
	at org.apache.hadoop.ipc.Server$RpcCall.run(Server.java:1017) [hadoop-common-3.3.6.jar:?]
	at java.security.AccessController.doPrivileged(Native Method) ~[?:1.8.0_382]
	at javax.security.auth.Subject.doAs(Subject.java:422) [?:1.8.0_382]
	at org.apache.hadoop.security.UserGroupInformation.doAs(UserGroupInformation.java:1899) [hadoop-common-3.3.6.jar:?]
	at org.apache.hadoop.ipc.Server$Handler.run(Server.java:3048) [hadoop-common-3.3.6.jar:?]
2023-09-13 06:49:18,192 [JUnit-testDeleteNonexistentPathRecursive[0]] WARN  ozone.BasicOzoneFileSystem (BasicOzoneFileSystem.java:delete(607)) - delete: Path does not exist: o3fs://bucket91577.volume21425/test/testDeleteNonexistentPathRecursive
]]></system-out>
  </testcase>
  <testcase name="testDeleteNonexistentPathRecursive" classname="ITestOzoneContractDelete" time="0.102">
    <system-out><![CDATA[2023-09-13 06:49:38,234 [setup] INFO  rpc.RpcClient (RpcClient.java:createVolume(461)) - Creating Volume: volume94843, with user80429 as owner and space quota set to -1 bytes, counts quota set to -1
2023-09-13 06:49:38,237 [OM StateMachine ApplyTransaction Thread - 0] INFO  volume.OMVolumeCreateRequest (OMVolumeCreateRequest.java:validateAndUpdateCache(196)) - created volume:volume94843 for user:user80429
2023-09-13 06:49:38,240 [setup] INFO  rpc.RpcClient (RpcClient.java:createBucket(688)) - Creating Bucket: volume94843/bucket31057, with bucket layout LEGACY, runner as owner, Versioning false, Storage Type set to DISK and Encryption set to false, Replication Type set to server-side default replication type, Namespace Quota set to -1, Space Quota set to -1 
2023-09-13 06:49:38,243 [OM StateMachine ApplyTransaction Thread - 0] INFO  bucket.OMBucketCreateRequest (OMBucketCreateRequest.java:validateAndUpdateCache(270)) - created bucket: bucket31057 of layout LEGACY in volume: volume94843
2023-09-13 06:49:38,296 [setup] INFO  contract.AbstractFSContractTestBase (AbstractFSContractTestBase.java:setup(194)) - Test filesystem = o3fs://bucket31057.volume94843 implemented by OzoneFileSystem{URI=o3fs://bucket31057.volume94843, workingDir=o3fs://bucket31057.volume94843/user/runner, userName=runner, statistics=0 bytes read, 108 bytes written, 84 read ops, 0 large read ops, 30 write ops}
06:49:38.303 [IPC Server handler 16 on default port 15057] ERROR OMAudit - user=runner | ip=127.0.0.1 | op=GET_FILE_STATUS {volume=volume94843, bucket=bucket31057, key=test/testDeleteNonexistentPathRecursive, dataSize=0, replicationConfig=null} | ret=FAILURE
org.apache.hadoop.ozone.om.exceptions.OMException: Unable to get file status: volume: volume94843 bucket: bucket31057 key: test/testDeleteNonexistentPathRecursive
	at org.apache.hadoop.ozone.om.KeyManagerImpl.getOzoneFileStatus(KeyManagerImpl.java:1195) ~[ozone-manager-1.4.0-SNAPSHOT.jar:?]
	at org.apache.hadoop.ozone.om.KeyManagerImpl.getFileStatus(KeyManagerImpl.java:1113) ~[ozone-manager-1.4.0-SNAPSHOT.jar:?]
	at org.apache.hadoop.ozone.om.OmMetadataReader.getFileStatus(OmMetadataReader.java:262) ~[ozone-manager-1.4.0-SNAPSHOT.jar:?]
	at org.apache.hadoop.ozone.om.OzoneManager.getFileStatus(OzoneManager.java:3533) ~[ozone-manager-1.4.0-SNAPSHOT.jar:?]
	at org.apache.hadoop.ozone.protocolPB.OzoneManagerRequestHandler.getOzoneFileStatus(OzoneManagerRequestHandler.java:971) ~[ozone-manager-1.4.0-SNAPSHOT.jar:?]
	at org.apache.hadoop.ozone.protocolPB.OzoneManagerRequestHandler.handleReadRequest(OzoneManagerRequestHandler.java:250) ~[ozone-manager-1.4.0-SNAPSHOT.jar:?]
	at org.apache.hadoop.ozone.protocolPB.OzoneManagerProtocolServerSideTranslatorPB.submitReadRequestToOM(OzoneManagerProtocolServerSideTranslatorPB.java:225) ~[ozone-manager-1.4.0-SNAPSHOT.jar:?]
	at org.apache.hadoop.ozone.protocolPB.OzoneManagerProtocolServerSideTranslatorPB.processRequest(OzoneManagerProtocolServerSideTranslatorPB.java:179) ~[ozone-manager-1.4.0-SNAPSHOT.jar:?]
	at org.apache.hadoop.hdds.server.OzoneProtocolMessageDispatcher.processRequest(OzoneProtocolMessageDispatcher.java:87) [hdds-server-framework-1.4.0-SNAPSHOT.jar:?]
	at org.apache.hadoop.ozone.protocolPB.OzoneManagerProtocolServerSideTranslatorPB.submitRequest(OzoneManagerProtocolServerSideTranslatorPB.java:148) [ozone-manager-1.4.0-SNAPSHOT.jar:?]
	at org.apache.hadoop.ozone.protocol.proto.OzoneManagerProtocolProtos$OzoneManagerService$2.callBlockingMethod(OzoneManagerProtocolProtos.java) [ozone-interface-client-1.4.0-SNAPSHOT.jar:?]
	at org.apache.hadoop.ipc.ProtobufRpcEngine$Server.processCall(ProtobufRpcEngine.java:484) [hadoop-common-3.3.6.jar:?]
	at org.apache.hadoop.ipc.ProtobufRpcEngine2$Server$ProtoBufRpcInvoker.call(ProtobufRpcEngine2.java:595) [hadoop-common-3.3.6.jar:?]
	at org.apache.hadoop.ipc.ProtobufRpcEngine2$Server$ProtoBufRpcInvoker.call(ProtobufRpcEngine2.java:573) [hadoop-common-3.3.6.jar:?]
	at org.apache.hadoop.ipc.RPC$Server.call(RPC.java:1227) [hadoop-common-3.3.6.jar:?]
	at org.apache.hadoop.ipc.Server$RpcCall.run(Server.java:1094) [hadoop-common-3.3.6.jar:?]
	at org.apache.hadoop.ipc.Server$RpcCall.run(Server.java:1017) [hadoop-common-3.3.6.jar:?]
	at java.security.AccessController.doPrivileged(Native Method) ~[?:1.8.0_382]
	at javax.security.auth.Subject.doAs(Subject.java:422) [?:1.8.0_382]
	at org.apache.hadoop.security.UserGroupInformation.doAs(UserGroupInformation.java:1899) [hadoop-common-3.3.6.jar:?]
	at org.apache.hadoop.ipc.Server$Handler.run(Server.java:3048) [hadoop-common-3.3.6.jar:?]
06:49:38.306 [IPC Server handler 11 on default port 15057] ERROR OMAudit - user=runner | ip=127.0.0.1 | op=GET_FILE_STATUS {volume=volume94843, bucket=bucket31057, key=test/testDeleteNonexistentPathRecursive, dataSize=0, replicationConfig=null} | ret=FAILURE
org.apache.hadoop.ozone.om.exceptions.OMException: Unable to get file status: volume: volume94843 bucket: bucket31057 key: test/testDeleteNonexistentPathRecursive
	at org.apache.hadoop.ozone.om.KeyManagerImpl.getOzoneFileStatus(KeyManagerImpl.java:1195) ~[ozone-manager-1.4.0-SNAPSHOT.jar:?]
	at org.apache.hadoop.ozone.om.KeyManagerImpl.getFileStatus(KeyManagerImpl.java:1113) ~[ozone-manager-1.4.0-SNAPSHOT.jar:?]
	at org.apache.hadoop.ozone.om.OmMetadataReader.getFileStatus(OmMetadataReader.java:262) ~[ozone-manager-1.4.0-SNAPSHOT.jar:?]
	at org.apache.hadoop.ozone.om.OzoneManager.getFileStatus(OzoneManager.java:3533) ~[ozone-manager-1.4.0-SNAPSHOT.jar:?]
	at org.apache.hadoop.ozone.protocolPB.OzoneManagerRequestHandler.getOzoneFileStatus(OzoneManagerRequestHandler.java:971) ~[ozone-manager-1.4.0-SNAPSHOT.jar:?]
	at org.apache.hadoop.ozone.protocolPB.OzoneManagerRequestHandler.handleReadRequest(OzoneManagerRequestHandler.java:250) ~[ozone-manager-1.4.0-SNAPSHOT.jar:?]
	at org.apache.hadoop.ozone.protocolPB.OzoneManagerProtocolServerSideTranslatorPB.submitReadRequestToOM(OzoneManagerProtocolServerSideTranslatorPB.java:225) ~[ozone-manager-1.4.0-SNAPSHOT.jar:?]
	at org.apache.hadoop.ozone.protocolPB.OzoneManagerProtocolServerSideTranslatorPB.processRequest(OzoneManagerProtocolServerSideTranslatorPB.java:179) ~[ozone-manager-1.4.0-SNAPSHOT.jar:?]
	at org.apache.hadoop.hdds.server.OzoneProtocolMessageDispatcher.processRequest(OzoneProtocolMessageDispatcher.java:87) [hdds-server-framework-1.4.0-SNAPSHOT.jar:?]
	at org.apache.hadoop.ozone.protocolPB.OzoneManagerProtocolServerSideTranslatorPB.submitRequest(OzoneManagerProtocolServerSideTranslatorPB.java:148) [ozone-manager-1.4.0-SNAPSHOT.jar:?]
	at org.apache.hadoop.ozone.protocol.proto.OzoneManagerProtocolProtos$OzoneManagerService$2.callBlockingMethod(OzoneManagerProtocolProtos.java) [ozone-interface-client-1.4.0-SNAPSHOT.jar:?]
	at org.apache.hadoop.ipc.ProtobufRpcEngine$Server.processCall(ProtobufRpcEngine.java:484) [hadoop-common-3.3.6.jar:?]
	at org.apache.hadoop.ipc.ProtobufRpcEngine2$Server$ProtoBufRpcInvoker.call(ProtobufRpcEngine2.java:595) [hadoop-common-3.3.6.jar:?]
	at org.apache.hadoop.ipc.ProtobufRpcEngine2$Server$ProtoBufRpcInvoker.call(ProtobufRpcEngine2.java:573) [hadoop-common-3.3.6.jar:?]
	at org.apache.hadoop.ipc.RPC$Server.call(RPC.java:1227) [hadoop-common-3.3.6.jar:?]
	at org.apache.hadoop.ipc.Server$RpcCall.run(Server.java:1094) [hadoop-common-3.3.6.jar:?]
	at org.apache.hadoop.ipc.Server$RpcCall.run(Server.java:1017) [hadoop-common-3.3.6.jar:?]
	at java.security.AccessController.doPrivileged(Native Method) ~[?:1.8.0_382]
	at javax.security.auth.Subject.doAs(Subject.java:422) [?:1.8.0_382]
	at org.apache.hadoop.security.UserGroupInformation.doAs(UserGroupInformation.java:1899) [hadoop-common-3.3.6.jar:?]
	at org.apache.hadoop.ipc.Server$Handler.run(Server.java:3048) [hadoop-common-3.3.6.jar:?]
2023-09-13 06:49:38,306 [JUnit-testDeleteNonexistentPathRecursive[1]] WARN  ozone.BasicOzoneFileSystem (BasicOzoneFileSystem.java:delete(607)) - delete: Path does not exist: o3fs://bucket31057.volume94843/test/testDeleteNonexistentPathRecursive
]]></system-out>
  </testcase>
  <testcase name="testDeleteNonexistentPathNonRecursive" classname="ITestOzoneContractDelete" time="0.131">
    <system-out><![CDATA[2023-09-13 06:49:18,227 [setup] INFO  rpc.RpcClient (RpcClient.java:createVolume(461)) - Creating Volume: volume78573, with user38679 as owner and space quota set to -1 bytes, counts quota set to -1
2023-09-13 06:49:18,232 [OM StateMachine ApplyTransaction Thread - 0] INFO  volume.OMVolumeCreateRequest (OMVolumeCreateRequest.java:validateAndUpdateCache(196)) - created volume:volume78573 for user:user38679
2023-09-13 06:49:18,236 [setup] INFO  rpc.RpcClient (RpcClient.java:createBucket(688)) - Creating Bucket: volume78573/bucket70715, with bucket layout LEGACY, runner as owner, Versioning false, Storage Type set to DISK and Encryption set to false, Replication Type set to server-side default replication type, Namespace Quota set to -1, Space Quota set to -1 
2023-09-13 06:49:18,239 [OM StateMachine ApplyTransaction Thread - 0] INFO  bucket.OMBucketCreateRequest (OMBucketCreateRequest.java:validateAndUpdateCache(270)) - created bucket: bucket70715 of layout LEGACY in volume: volume78573
2023-09-13 06:49:18,309 [setup] INFO  contract.AbstractFSContractTestBase (AbstractFSContractTestBase.java:setup(194)) - Test filesystem = o3fs://bucket70715.volume78573 implemented by OzoneFileSystem{URI=o3fs://bucket70715.volume78573, workingDir=o3fs://bucket70715.volume78573/user/runner, userName=runner, statistics=0 bytes read, 54 bytes written, 35 read ops, 0 large read ops, 13 write ops}
06:49:18.319 [IPC Server handler 3 on default port 15004] ERROR OMAudit - user=runner | ip=127.0.0.1 | op=GET_FILE_STATUS {volume=volume78573, bucket=bucket70715, key=test/testDeleteNonexistentPathNonRecursive, dataSize=0, replicationConfig=null} | ret=FAILURE
org.apache.hadoop.ozone.om.exceptions.OMException: Unable to get file status: volume: volume78573 bucket: bucket70715 key: test/testDeleteNonexistentPathNonRecursive
	at org.apache.hadoop.ozone.om.KeyManagerImpl.getOzoneFileStatus(KeyManagerImpl.java:1195) ~[ozone-manager-1.4.0-SNAPSHOT.jar:?]
	at org.apache.hadoop.ozone.om.KeyManagerImpl.getFileStatus(KeyManagerImpl.java:1113) ~[ozone-manager-1.4.0-SNAPSHOT.jar:?]
	at org.apache.hadoop.ozone.om.OmMetadataReader.getFileStatus(OmMetadataReader.java:262) ~[ozone-manager-1.4.0-SNAPSHOT.jar:?]
	at org.apache.hadoop.ozone.om.OzoneManager.getFileStatus(OzoneManager.java:3533) ~[ozone-manager-1.4.0-SNAPSHOT.jar:?]
	at org.apache.hadoop.ozone.protocolPB.OzoneManagerRequestHandler.getOzoneFileStatus(OzoneManagerRequestHandler.java:971) ~[ozone-manager-1.4.0-SNAPSHOT.jar:?]
	at org.apache.hadoop.ozone.protocolPB.OzoneManagerRequestHandler.handleReadRequest(OzoneManagerRequestHandler.java:250) ~[ozone-manager-1.4.0-SNAPSHOT.jar:?]
	at org.apache.hadoop.ozone.protocolPB.OzoneManagerProtocolServerSideTranslatorPB.submitReadRequestToOM(OzoneManagerProtocolServerSideTranslatorPB.java:225) ~[ozone-manager-1.4.0-SNAPSHOT.jar:?]
	at org.apache.hadoop.ozone.protocolPB.OzoneManagerProtocolServerSideTranslatorPB.processRequest(OzoneManagerProtocolServerSideTranslatorPB.java:179) ~[ozone-manager-1.4.0-SNAPSHOT.jar:?]
	at org.apache.hadoop.hdds.server.OzoneProtocolMessageDispatcher.processRequest(OzoneProtocolMessageDispatcher.java:87) [hdds-server-framework-1.4.0-SNAPSHOT.jar:?]
	at org.apache.hadoop.ozone.protocolPB.OzoneManagerProtocolServerSideTranslatorPB.submitRequest(OzoneManagerProtocolServerSideTranslatorPB.java:148) [ozone-manager-1.4.0-SNAPSHOT.jar:?]
	at org.apache.hadoop.ozone.protocol.proto.OzoneManagerProtocolProtos$OzoneManagerService$2.callBlockingMethod(OzoneManagerProtocolProtos.java) [ozone-interface-client-1.4.0-SNAPSHOT.jar:?]
	at org.apache.hadoop.ipc.ProtobufRpcEngine$Server.processCall(ProtobufRpcEngine.java:484) [hadoop-common-3.3.6.jar:?]
	at org.apache.hadoop.ipc.ProtobufRpcEngine2$Server$ProtoBufRpcInvoker.call(ProtobufRpcEngine2.java:595) [hadoop-common-3.3.6.jar:?]
	at org.apache.hadoop.ipc.ProtobufRpcEngine2$Server$ProtoBufRpcInvoker.call(ProtobufRpcEngine2.java:573) [hadoop-common-3.3.6.jar:?]
	at org.apache.hadoop.ipc.RPC$Server.call(RPC.java:1227) [hadoop-common-3.3.6.jar:?]
	at org.apache.hadoop.ipc.Server$RpcCall.run(Server.java:1094) [hadoop-common-3.3.6.jar:?]
	at org.apache.hadoop.ipc.Server$RpcCall.run(Server.java:1017) [hadoop-common-3.3.6.jar:?]
	at java.security.AccessController.doPrivileged(Native Method) ~[?:1.8.0_382]
	at javax.security.auth.Subject.doAs(Subject.java:422) [?:1.8.0_382]
	at org.apache.hadoop.security.UserGroupInformation.doAs(UserGroupInformation.java:1899) [hadoop-common-3.3.6.jar:?]
	at org.apache.hadoop.ipc.Server$Handler.run(Server.java:3048) [hadoop-common-3.3.6.jar:?]
06:49:18.322 [IPC Server handler 9 on default port 15004] ERROR OMAudit - user=runner | ip=127.0.0.1 | op=GET_FILE_STATUS {volume=volume78573, bucket=bucket70715, key=test/testDeleteNonexistentPathNonRecursive, dataSize=0, replicationConfig=null} | ret=FAILURE
org.apache.hadoop.ozone.om.exceptions.OMException: Unable to get file status: volume: volume78573 bucket: bucket70715 key: test/testDeleteNonexistentPathNonRecursive
	at org.apache.hadoop.ozone.om.KeyManagerImpl.getOzoneFileStatus(KeyManagerImpl.java:1195) ~[ozone-manager-1.4.0-SNAPSHOT.jar:?]
	at org.apache.hadoop.ozone.om.KeyManagerImpl.getFileStatus(KeyManagerImpl.java:1113) ~[ozone-manager-1.4.0-SNAPSHOT.jar:?]
	at org.apache.hadoop.ozone.om.OmMetadataReader.getFileStatus(OmMetadataReader.java:262) ~[ozone-manager-1.4.0-SNAPSHOT.jar:?]
	at org.apache.hadoop.ozone.om.OzoneManager.getFileStatus(OzoneManager.java:3533) ~[ozone-manager-1.4.0-SNAPSHOT.jar:?]
	at org.apache.hadoop.ozone.protocolPB.OzoneManagerRequestHandler.getOzoneFileStatus(OzoneManagerRequestHandler.java:971) ~[ozone-manager-1.4.0-SNAPSHOT.jar:?]
	at org.apache.hadoop.ozone.protocolPB.OzoneManagerRequestHandler.handleReadRequest(OzoneManagerRequestHandler.java:250) ~[ozone-manager-1.4.0-SNAPSHOT.jar:?]
	at org.apache.hadoop.ozone.protocolPB.OzoneManagerProtocolServerSideTranslatorPB.submitReadRequestToOM(OzoneManagerProtocolServerSideTranslatorPB.java:225) ~[ozone-manager-1.4.0-SNAPSHOT.jar:?]
	at org.apache.hadoop.ozone.protocolPB.OzoneManagerProtocolServerSideTranslatorPB.processRequest(OzoneManagerProtocolServerSideTranslatorPB.java:179) ~[ozone-manager-1.4.0-SNAPSHOT.jar:?]
	at org.apache.hadoop.hdds.server.OzoneProtocolMessageDispatcher.processRequest(OzoneProtocolMessageDispatcher.java:87) [hdds-server-framework-1.4.0-SNAPSHOT.jar:?]
	at org.apache.hadoop.ozone.protocolPB.OzoneManagerProtocolServerSideTranslatorPB.submitRequest(OzoneManagerProtocolServerSideTranslatorPB.java:148) [ozone-manager-1.4.0-SNAPSHOT.jar:?]
	at org.apache.hadoop.ozone.protocol.proto.OzoneManagerProtocolProtos$OzoneManagerService$2.callBlockingMethod(OzoneManagerProtocolProtos.java) [ozone-interface-client-1.4.0-SNAPSHOT.jar:?]
	at org.apache.hadoop.ipc.ProtobufRpcEngine$Server.processCall(ProtobufRpcEngine.java:484) [hadoop-common-3.3.6.jar:?]
	at org.apache.hadoop.ipc.ProtobufRpcEngine2$Server$ProtoBufRpcInvoker.call(ProtobufRpcEngine2.java:595) [hadoop-common-3.3.6.jar:?]
	at org.apache.hadoop.ipc.ProtobufRpcEngine2$Server$ProtoBufRpcInvoker.call(ProtobufRpcEngine2.java:573) [hadoop-common-3.3.6.jar:?]
	at org.apache.hadoop.ipc.RPC$Server.call(RPC.java:1227) [hadoop-common-3.3.6.jar:?]
	at org.apache.hadoop.ipc.Server$RpcCall.run(Server.java:1094) [hadoop-common-3.3.6.jar:?]
	at org.apache.hadoop.ipc.Server$RpcCall.run(Server.java:1017) [hadoop-common-3.3.6.jar:?]
	at java.security.AccessController.doPrivileged(Native Method) ~[?:1.8.0_382]
	at javax.security.auth.Subject.doAs(Subject.java:422) [?:1.8.0_382]
	at org.apache.hadoop.security.UserGroupInformation.doAs(UserGroupInformation.java:1899) [hadoop-common-3.3.6.jar:?]
	at org.apache.hadoop.ipc.Server$Handler.run(Server.java:3048) [hadoop-common-3.3.6.jar:?]
2023-09-13 06:49:18,323 [JUnit-testDeleteNonexistentPathNonRecursive[0]] WARN  ozone.BasicOzoneFileSystem (BasicOzoneFileSystem.java:delete(607)) - delete: Path does not exist: o3fs://bucket70715.volume78573/test/testDeleteNonexistentPathNonRecursive
]]></system-out>
  </testcase>
  <testcase name="testDeleteNonexistentPathNonRecursive" classname="ITestOzoneContractDelete" time="0.121">
    <system-out><![CDATA[2023-09-13 06:49:38,335 [setup] INFO  rpc.RpcClient (RpcClient.java:createVolume(461)) - Creating Volume: volume22502, with user89483 as owner and space quota set to -1 bytes, counts quota set to -1
2023-09-13 06:49:38,339 [OM StateMachine ApplyTransaction Thread - 0] INFO  volume.OMVolumeCreateRequest (OMVolumeCreateRequest.java:validateAndUpdateCache(196)) - created volume:volume22502 for user:user89483
2023-09-13 06:49:38,341 [setup] INFO  rpc.RpcClient (RpcClient.java:createBucket(688)) - Creating Bucket: volume22502/bucket86181, with bucket layout LEGACY, runner as owner, Versioning false, Storage Type set to DISK and Encryption set to false, Replication Type set to server-side default replication type, Namespace Quota set to -1, Space Quota set to -1 
2023-09-13 06:49:38,344 [OM StateMachine ApplyTransaction Thread - 0] INFO  bucket.OMBucketCreateRequest (OMBucketCreateRequest.java:validateAndUpdateCache(270)) - created bucket: bucket86181 of layout LEGACY in volume: volume22502
2023-09-13 06:49:38,412 [setup] INFO  contract.AbstractFSContractTestBase (AbstractFSContractTestBase.java:setup(194)) - Test filesystem = o3fs://bucket86181.volume22502 implemented by OzoneFileSystem{URI=o3fs://bucket86181.volume22502, workingDir=o3fs://bucket86181.volume22502/user/runner, userName=runner, statistics=0 bytes read, 108 bytes written, 88 read ops, 0 large read ops, 32 write ops}
06:49:38.421 [IPC Server handler 4 on default port 15057] ERROR OMAudit - user=runner | ip=127.0.0.1 | op=GET_FILE_STATUS {volume=volume22502, bucket=bucket86181, key=test/testDeleteNonexistentPathNonRecursive, dataSize=0, replicationConfig=null} | ret=FAILURE
org.apache.hadoop.ozone.om.exceptions.OMException: Unable to get file status: volume: volume22502 bucket: bucket86181 key: test/testDeleteNonexistentPathNonRecursive
	at org.apache.hadoop.ozone.om.KeyManagerImpl.getOzoneFileStatus(KeyManagerImpl.java:1195) ~[ozone-manager-1.4.0-SNAPSHOT.jar:?]
	at org.apache.hadoop.ozone.om.KeyManagerImpl.getFileStatus(KeyManagerImpl.java:1113) ~[ozone-manager-1.4.0-SNAPSHOT.jar:?]
	at org.apache.hadoop.ozone.om.OmMetadataReader.getFileStatus(OmMetadataReader.java:262) ~[ozone-manager-1.4.0-SNAPSHOT.jar:?]
	at org.apache.hadoop.ozone.om.OzoneManager.getFileStatus(OzoneManager.java:3533) ~[ozone-manager-1.4.0-SNAPSHOT.jar:?]
	at org.apache.hadoop.ozone.protocolPB.OzoneManagerRequestHandler.getOzoneFileStatus(OzoneManagerRequestHandler.java:971) ~[ozone-manager-1.4.0-SNAPSHOT.jar:?]
	at org.apache.hadoop.ozone.protocolPB.OzoneManagerRequestHandler.handleReadRequest(OzoneManagerRequestHandler.java:250) ~[ozone-manager-1.4.0-SNAPSHOT.jar:?]
	at org.apache.hadoop.ozone.protocolPB.OzoneManagerProtocolServerSideTranslatorPB.submitReadRequestToOM(OzoneManagerProtocolServerSideTranslatorPB.java:225) ~[ozone-manager-1.4.0-SNAPSHOT.jar:?]
	at org.apache.hadoop.ozone.protocolPB.OzoneManagerProtocolServerSideTranslatorPB.processRequest(OzoneManagerProtocolServerSideTranslatorPB.java:179) ~[ozone-manager-1.4.0-SNAPSHOT.jar:?]
	at org.apache.hadoop.hdds.server.OzoneProtocolMessageDispatcher.processRequest(OzoneProtocolMessageDispatcher.java:87) [hdds-server-framework-1.4.0-SNAPSHOT.jar:?]
	at org.apache.hadoop.ozone.protocolPB.OzoneManagerProtocolServerSideTranslatorPB.submitRequest(OzoneManagerProtocolServerSideTranslatorPB.java:148) [ozone-manager-1.4.0-SNAPSHOT.jar:?]
	at org.apache.hadoop.ozone.protocol.proto.OzoneManagerProtocolProtos$OzoneManagerService$2.callBlockingMethod(OzoneManagerProtocolProtos.java) [ozone-interface-client-1.4.0-SNAPSHOT.jar:?]
	at org.apache.hadoop.ipc.ProtobufRpcEngine$Server.processCall(ProtobufRpcEngine.java:484) [hadoop-common-3.3.6.jar:?]
	at org.apache.hadoop.ipc.ProtobufRpcEngine2$Server$ProtoBufRpcInvoker.call(ProtobufRpcEngine2.java:595) [hadoop-common-3.3.6.jar:?]
	at org.apache.hadoop.ipc.ProtobufRpcEngine2$Server$ProtoBufRpcInvoker.call(ProtobufRpcEngine2.java:573) [hadoop-common-3.3.6.jar:?]
	at org.apache.hadoop.ipc.RPC$Server.call(RPC.java:1227) [hadoop-common-3.3.6.jar:?]
	at org.apache.hadoop.ipc.Server$RpcCall.run(Server.java:1094) [hadoop-common-3.3.6.jar:?]
	at org.apache.hadoop.ipc.Server$RpcCall.run(Server.java:1017) [hadoop-common-3.3.6.jar:?]
	at java.security.AccessController.doPrivileged(Native Method) ~[?:1.8.0_382]
	at javax.security.auth.Subject.doAs(Subject.java:422) [?:1.8.0_382]
	at org.apache.hadoop.security.UserGroupInformation.doAs(UserGroupInformation.java:1899) [hadoop-common-3.3.6.jar:?]
	at org.apache.hadoop.ipc.Server$Handler.run(Server.java:3048) [hadoop-common-3.3.6.jar:?]
06:49:38.423 [IPC Server handler 2 on default port 15057] ERROR OMAudit - user=runner | ip=127.0.0.1 | op=GET_FILE_STATUS {volume=volume22502, bucket=bucket86181, key=test/testDeleteNonexistentPathNonRecursive, dataSize=0, replicationConfig=null} | ret=FAILURE
org.apache.hadoop.ozone.om.exceptions.OMException: Unable to get file status: volume: volume22502 bucket: bucket86181 key: test/testDeleteNonexistentPathNonRecursive
	at org.apache.hadoop.ozone.om.KeyManagerImpl.getOzoneFileStatus(KeyManagerImpl.java:1195) ~[ozone-manager-1.4.0-SNAPSHOT.jar:?]
	at org.apache.hadoop.ozone.om.KeyManagerImpl.getFileStatus(KeyManagerImpl.java:1113) ~[ozone-manager-1.4.0-SNAPSHOT.jar:?]
	at org.apache.hadoop.ozone.om.OmMetadataReader.getFileStatus(OmMetadataReader.java:262) ~[ozone-manager-1.4.0-SNAPSHOT.jar:?]
	at org.apache.hadoop.ozone.om.OzoneManager.getFileStatus(OzoneManager.java:3533) ~[ozone-manager-1.4.0-SNAPSHOT.jar:?]
	at org.apache.hadoop.ozone.protocolPB.OzoneManagerRequestHandler.getOzoneFileStatus(OzoneManagerRequestHandler.java:971) ~[ozone-manager-1.4.0-SNAPSHOT.jar:?]
	at org.apache.hadoop.ozone.protocolPB.OzoneManagerRequestHandler.handleReadRequest(OzoneManagerRequestHandler.java:250) ~[ozone-manager-1.4.0-SNAPSHOT.jar:?]
	at org.apache.hadoop.ozone.protocolPB.OzoneManagerProtocolServerSideTranslatorPB.submitReadRequestToOM(OzoneManagerProtocolServerSideTranslatorPB.java:225) ~[ozone-manager-1.4.0-SNAPSHOT.jar:?]
	at org.apache.hadoop.ozone.protocolPB.OzoneManagerProtocolServerSideTranslatorPB.processRequest(OzoneManagerProtocolServerSideTranslatorPB.java:179) ~[ozone-manager-1.4.0-SNAPSHOT.jar:?]
	at org.apache.hadoop.hdds.server.OzoneProtocolMessageDispatcher.processRequest(OzoneProtocolMessageDispatcher.java:87) [hdds-server-framework-1.4.0-SNAPSHOT.jar:?]
	at org.apache.hadoop.ozone.protocolPB.OzoneManagerProtocolServerSideTranslatorPB.submitRequest(OzoneManagerProtocolServerSideTranslatorPB.java:148) [ozone-manager-1.4.0-SNAPSHOT.jar:?]
	at org.apache.hadoop.ozone.protocol.proto.OzoneManagerProtocolProtos$OzoneManagerService$2.callBlockingMethod(OzoneManagerProtocolProtos.java) [ozone-interface-client-1.4.0-SNAPSHOT.jar:?]
	at org.apache.hadoop.ipc.ProtobufRpcEngine$Server.processCall(ProtobufRpcEngine.java:484) [hadoop-common-3.3.6.jar:?]
	at org.apache.hadoop.ipc.ProtobufRpcEngine2$Server$ProtoBufRpcInvoker.call(ProtobufRpcEngine2.java:595) [hadoop-common-3.3.6.jar:?]
	at org.apache.hadoop.ipc.ProtobufRpcEngine2$Server$ProtoBufRpcInvoker.call(ProtobufRpcEngine2.java:573) [hadoop-common-3.3.6.jar:?]
	at org.apache.hadoop.ipc.RPC$Server.call(RPC.java:1227) [hadoop-common-3.3.6.jar:?]
	at org.apache.hadoop.ipc.Server$RpcCall.run(Server.java:1094) [hadoop-common-3.3.6.jar:?]
	at org.apache.hadoop.ipc.Server$RpcCall.run(Server.java:1017) [hadoop-common-3.3.6.jar:?]
	at java.security.AccessController.doPrivileged(Native Method) ~[?:1.8.0_382]
	at javax.security.auth.Subject.doAs(Subject.java:422) [?:1.8.0_382]
	at org.apache.hadoop.security.UserGroupInformation.doAs(UserGroupInformation.java:1899) [hadoop-common-3.3.6.jar:?]
	at org.apache.hadoop.ipc.Server$Handler.run(Server.java:3048) [hadoop-common-3.3.6.jar:?]
2023-09-13 06:49:38,424 [JUnit-testDeleteNonexistentPathNonRecursive[1]] WARN  ozone.BasicOzoneFileSystem (BasicOzoneFileSystem.java:delete(607)) - delete: Path does not exist: o3fs://bucket86181.volume22502/test/testDeleteNonexistentPathNonRecursive
]]></system-out>
  </testcase>
  <testcase name="testDeleteEmptyDirRecursive" classname="ITestOzoneContractDelete" time="0.133">
    <system-out><![CDATA[2023-09-13 06:49:18,357 [setup] INFO  rpc.RpcClient (RpcClient.java:createVolume(461)) - Creating Volume: volume44266, with user58283 as owner and space quota set to -1 bytes, counts quota set to -1
2023-09-13 06:49:18,362 [OM StateMachine ApplyTransaction Thread - 0] INFO  volume.OMVolumeCreateRequest (OMVolumeCreateRequest.java:validateAndUpdateCache(196)) - created volume:volume44266 for user:user58283
2023-09-13 06:49:18,366 [setup] INFO  rpc.RpcClient (RpcClient.java:createBucket(688)) - Creating Bucket: volume44266/bucket36805, with bucket layout LEGACY, runner as owner, Versioning false, Storage Type set to DISK and Encryption set to false, Replication Type set to server-side default replication type, Namespace Quota set to -1, Space Quota set to -1 
2023-09-13 06:49:18,370 [OM StateMachine ApplyTransaction Thread - 0] INFO  bucket.OMBucketCreateRequest (OMBucketCreateRequest.java:validateAndUpdateCache(270)) - created bucket: bucket36805 of layout LEGACY in volume: volume44266
2023-09-13 06:49:18,426 [setup] INFO  contract.AbstractFSContractTestBase (AbstractFSContractTestBase.java:setup(194)) - Test filesystem = o3fs://bucket36805.volume44266 implemented by OzoneFileSystem{URI=o3fs://bucket36805.volume44266, workingDir=o3fs://bucket36805.volume44266/user/runner, userName=runner, statistics=0 bytes read, 54 bytes written, 39 read ops, 0 large read ops, 15 write ops}
06:49:18.456 [IPC Server handler 4 on default port 15004] ERROR OMAudit - user=runner | ip=127.0.0.1 | op=GET_FILE_STATUS {volume=volume44266, bucket=bucket36805, key=test/testDeleteEmptyDirRecursive, dataSize=0, replicationConfig=null} | ret=FAILURE
org.apache.hadoop.ozone.om.exceptions.OMException: Unable to get file status: volume: volume44266 bucket: bucket36805 key: test/testDeleteEmptyDirRecursive
	at org.apache.hadoop.ozone.om.KeyManagerImpl.getOzoneFileStatus(KeyManagerImpl.java:1195) ~[ozone-manager-1.4.0-SNAPSHOT.jar:?]
	at org.apache.hadoop.ozone.om.KeyManagerImpl.getFileStatus(KeyManagerImpl.java:1113) ~[ozone-manager-1.4.0-SNAPSHOT.jar:?]
	at org.apache.hadoop.ozone.om.OmMetadataReader.getFileStatus(OmMetadataReader.java:262) ~[ozone-manager-1.4.0-SNAPSHOT.jar:?]
	at org.apache.hadoop.ozone.om.OzoneManager.getFileStatus(OzoneManager.java:3533) ~[ozone-manager-1.4.0-SNAPSHOT.jar:?]
	at org.apache.hadoop.ozone.protocolPB.OzoneManagerRequestHandler.getOzoneFileStatus(OzoneManagerRequestHandler.java:971) ~[ozone-manager-1.4.0-SNAPSHOT.jar:?]
	at org.apache.hadoop.ozone.protocolPB.OzoneManagerRequestHandler.handleReadRequest(OzoneManagerRequestHandler.java:250) ~[ozone-manager-1.4.0-SNAPSHOT.jar:?]
	at org.apache.hadoop.ozone.protocolPB.OzoneManagerProtocolServerSideTranslatorPB.submitReadRequestToOM(OzoneManagerProtocolServerSideTranslatorPB.java:225) ~[ozone-manager-1.4.0-SNAPSHOT.jar:?]
	at org.apache.hadoop.ozone.protocolPB.OzoneManagerProtocolServerSideTranslatorPB.processRequest(OzoneManagerProtocolServerSideTranslatorPB.java:179) ~[ozone-manager-1.4.0-SNAPSHOT.jar:?]
	at org.apache.hadoop.hdds.server.OzoneProtocolMessageDispatcher.processRequest(OzoneProtocolMessageDispatcher.java:87) [hdds-server-framework-1.4.0-SNAPSHOT.jar:?]
	at org.apache.hadoop.ozone.protocolPB.OzoneManagerProtocolServerSideTranslatorPB.submitRequest(OzoneManagerProtocolServerSideTranslatorPB.java:148) [ozone-manager-1.4.0-SNAPSHOT.jar:?]
	at org.apache.hadoop.ozone.protocol.proto.OzoneManagerProtocolProtos$OzoneManagerService$2.callBlockingMethod(OzoneManagerProtocolProtos.java) [ozone-interface-client-1.4.0-SNAPSHOT.jar:?]
	at org.apache.hadoop.ipc.ProtobufRpcEngine$Server.processCall(ProtobufRpcEngine.java:484) [hadoop-common-3.3.6.jar:?]
	at org.apache.hadoop.ipc.ProtobufRpcEngine2$Server$ProtoBufRpcInvoker.call(ProtobufRpcEngine2.java:595) [hadoop-common-3.3.6.jar:?]
	at org.apache.hadoop.ipc.ProtobufRpcEngine2$Server$ProtoBufRpcInvoker.call(ProtobufRpcEngine2.java:573) [hadoop-common-3.3.6.jar:?]
	at org.apache.hadoop.ipc.RPC$Server.call(RPC.java:1227) [hadoop-common-3.3.6.jar:?]
	at org.apache.hadoop.ipc.Server$RpcCall.run(Server.java:1094) [hadoop-common-3.3.6.jar:?]
	at org.apache.hadoop.ipc.Server$RpcCall.run(Server.java:1017) [hadoop-common-3.3.6.jar:?]
	at java.security.AccessController.doPrivileged(Native Method) ~[?:1.8.0_382]
	at javax.security.auth.Subject.doAs(Subject.java:422) [?:1.8.0_382]
	at org.apache.hadoop.security.UserGroupInformation.doAs(UserGroupInformation.java:1899) [hadoop-common-3.3.6.jar:?]
	at org.apache.hadoop.ipc.Server$Handler.run(Server.java:3048) [hadoop-common-3.3.6.jar:?]
]]></system-out>
  </testcase>
  <testcase name="testDeleteEmptyDirRecursive" classname="ITestOzoneContractDelete" time="0.132">
    <system-out><![CDATA[2023-09-13 06:49:38,454 [setup] INFO  rpc.RpcClient (RpcClient.java:createVolume(461)) - Creating Volume: volume66283, with user83681 as owner and space quota set to -1 bytes, counts quota set to -1
2023-09-13 06:49:38,461 [OM StateMachine ApplyTransaction Thread - 0] INFO  volume.OMVolumeCreateRequest (OMVolumeCreateRequest.java:validateAndUpdateCache(196)) - created volume:volume66283 for user:user83681
2023-09-13 06:49:38,463 [setup] INFO  rpc.RpcClient (RpcClient.java:createBucket(688)) - Creating Bucket: volume66283/bucket52908, with bucket layout LEGACY, runner as owner, Versioning false, Storage Type set to DISK and Encryption set to false, Replication Type set to server-side default replication type, Namespace Quota set to -1, Space Quota set to -1 
2023-09-13 06:49:38,465 [OM StateMachine ApplyTransaction Thread - 0] INFO  bucket.OMBucketCreateRequest (OMBucketCreateRequest.java:validateAndUpdateCache(270)) - created bucket: bucket52908 of layout LEGACY in volume: volume66283
2023-09-13 06:49:38,535 [setup] INFO  contract.AbstractFSContractTestBase (AbstractFSContractTestBase.java:setup(194)) - Test filesystem = o3fs://bucket52908.volume66283 implemented by OzoneFileSystem{URI=o3fs://bucket52908.volume66283, workingDir=o3fs://bucket52908.volume66283/user/runner, userName=runner, statistics=0 bytes read, 108 bytes written, 92 read ops, 0 large read ops, 34 write ops}
06:49:38.560 [IPC Server handler 7 on default port 15057] ERROR OMAudit - user=runner | ip=127.0.0.1 | op=GET_FILE_STATUS {volume=volume66283, bucket=bucket52908, key=test/testDeleteEmptyDirRecursive, dataSize=0, replicationConfig=null} | ret=FAILURE
org.apache.hadoop.ozone.om.exceptions.OMException: Unable to get file status: volume: volume66283 bucket: bucket52908 key: test/testDeleteEmptyDirRecursive
	at org.apache.hadoop.ozone.om.KeyManagerImpl.getOzoneFileStatus(KeyManagerImpl.java:1195) ~[ozone-manager-1.4.0-SNAPSHOT.jar:?]
	at org.apache.hadoop.ozone.om.KeyManagerImpl.getFileStatus(KeyManagerImpl.java:1113) ~[ozone-manager-1.4.0-SNAPSHOT.jar:?]
	at org.apache.hadoop.ozone.om.OmMetadataReader.getFileStatus(OmMetadataReader.java:262) ~[ozone-manager-1.4.0-SNAPSHOT.jar:?]
	at org.apache.hadoop.ozone.om.OzoneManager.getFileStatus(OzoneManager.java:3533) ~[ozone-manager-1.4.0-SNAPSHOT.jar:?]
	at org.apache.hadoop.ozone.protocolPB.OzoneManagerRequestHandler.getOzoneFileStatus(OzoneManagerRequestHandler.java:971) ~[ozone-manager-1.4.0-SNAPSHOT.jar:?]
	at org.apache.hadoop.ozone.protocolPB.OzoneManagerRequestHandler.handleReadRequest(OzoneManagerRequestHandler.java:250) ~[ozone-manager-1.4.0-SNAPSHOT.jar:?]
	at org.apache.hadoop.ozone.protocolPB.OzoneManagerProtocolServerSideTranslatorPB.submitReadRequestToOM(OzoneManagerProtocolServerSideTranslatorPB.java:225) ~[ozone-manager-1.4.0-SNAPSHOT.jar:?]
	at org.apache.hadoop.ozone.protocolPB.OzoneManagerProtocolServerSideTranslatorPB.processRequest(OzoneManagerProtocolServerSideTranslatorPB.java:179) ~[ozone-manager-1.4.0-SNAPSHOT.jar:?]
	at org.apache.hadoop.hdds.server.OzoneProtocolMessageDispatcher.processRequest(OzoneProtocolMessageDispatcher.java:87) [hdds-server-framework-1.4.0-SNAPSHOT.jar:?]
	at org.apache.hadoop.ozone.protocolPB.OzoneManagerProtocolServerSideTranslatorPB.submitRequest(OzoneManagerProtocolServerSideTranslatorPB.java:148) [ozone-manager-1.4.0-SNAPSHOT.jar:?]
	at org.apache.hadoop.ozone.protocol.proto.OzoneManagerProtocolProtos$OzoneManagerService$2.callBlockingMethod(OzoneManagerProtocolProtos.java) [ozone-interface-client-1.4.0-SNAPSHOT.jar:?]
	at org.apache.hadoop.ipc.ProtobufRpcEngine$Server.processCall(ProtobufRpcEngine.java:484) [hadoop-common-3.3.6.jar:?]
	at org.apache.hadoop.ipc.ProtobufRpcEngine2$Server$ProtoBufRpcInvoker.call(ProtobufRpcEngine2.java:595) [hadoop-common-3.3.6.jar:?]
	at org.apache.hadoop.ipc.ProtobufRpcEngine2$Server$ProtoBufRpcInvoker.call(ProtobufRpcEngine2.java:573) [hadoop-common-3.3.6.jar:?]
	at org.apache.hadoop.ipc.RPC$Server.call(RPC.java:1227) [hadoop-common-3.3.6.jar:?]
	at org.apache.hadoop.ipc.Server$RpcCall.run(Server.java:1094) [hadoop-common-3.3.6.jar:?]
	at org.apache.hadoop.ipc.Server$RpcCall.run(Server.java:1017) [hadoop-common-3.3.6.jar:?]
	at java.security.AccessController.doPrivileged(Native Method) ~[?:1.8.0_382]
	at javax.security.auth.Subject.doAs(Subject.java:422) [?:1.8.0_382]
	at org.apache.hadoop.security.UserGroupInformation.doAs(UserGroupInformation.java:1899) [hadoop-common-3.3.6.jar:?]
	at org.apache.hadoop.ipc.Server$Handler.run(Server.java:3048) [hadoop-common-3.3.6.jar:?]
]]></system-out>
  </testcase>
  <testcase name="testDeleteEmptyDirNonRecursive" classname="ITestOzoneContractDelete" time="0.139">
    <system-out><![CDATA[2023-09-13 06:49:18,488 [setup] INFO  rpc.RpcClient (RpcClient.java:createVolume(461)) - Creating Volume: volume45006, with user41606 as owner and space quota set to -1 bytes, counts quota set to -1
2023-09-13 06:49:18,495 [OM StateMachine ApplyTransaction Thread - 0] INFO  volume.OMVolumeCreateRequest (OMVolumeCreateRequest.java:validateAndUpdateCache(196)) - created volume:volume45006 for user:user41606
2023-09-13 06:49:18,498 [setup] INFO  rpc.RpcClient (RpcClient.java:createBucket(688)) - Creating Bucket: volume45006/bucket44796, with bucket layout LEGACY, runner as owner, Versioning false, Storage Type set to DISK and Encryption set to false, Replication Type set to server-side default replication type, Namespace Quota set to -1, Space Quota set to -1 
2023-09-13 06:49:18,501 [OM StateMachine ApplyTransaction Thread - 0] INFO  bucket.OMBucketCreateRequest (OMBucketCreateRequest.java:validateAndUpdateCache(270)) - created bucket: bucket44796 of layout LEGACY in volume: volume45006
2023-09-13 06:49:18,567 [setup] INFO  contract.AbstractFSContractTestBase (AbstractFSContractTestBase.java:setup(194)) - Test filesystem = o3fs://bucket44796.volume45006 implemented by OzoneFileSystem{URI=o3fs://bucket44796.volume45006, workingDir=o3fs://bucket44796.volume45006/user/runner, userName=runner, statistics=0 bytes read, 54 bytes written, 46 read ops, 0 large read ops, 17 write ops}
06:49:18.598 [IPC Server handler 7 on default port 15004] ERROR OMAudit - user=runner | ip=127.0.0.1 | op=GET_FILE_STATUS {volume=volume45006, bucket=bucket44796, key=test/testDeleteEmptyDirNonRecursive, dataSize=0, replicationConfig=null} | ret=FAILURE
org.apache.hadoop.ozone.om.exceptions.OMException: Unable to get file status: volume: volume45006 bucket: bucket44796 key: test/testDeleteEmptyDirNonRecursive
	at org.apache.hadoop.ozone.om.KeyManagerImpl.getOzoneFileStatus(KeyManagerImpl.java:1195) ~[ozone-manager-1.4.0-SNAPSHOT.jar:?]
	at org.apache.hadoop.ozone.om.KeyManagerImpl.getFileStatus(KeyManagerImpl.java:1113) ~[ozone-manager-1.4.0-SNAPSHOT.jar:?]
	at org.apache.hadoop.ozone.om.OmMetadataReader.getFileStatus(OmMetadataReader.java:262) ~[ozone-manager-1.4.0-SNAPSHOT.jar:?]
	at org.apache.hadoop.ozone.om.OzoneManager.getFileStatus(OzoneManager.java:3533) ~[ozone-manager-1.4.0-SNAPSHOT.jar:?]
	at org.apache.hadoop.ozone.protocolPB.OzoneManagerRequestHandler.getOzoneFileStatus(OzoneManagerRequestHandler.java:971) ~[ozone-manager-1.4.0-SNAPSHOT.jar:?]
	at org.apache.hadoop.ozone.protocolPB.OzoneManagerRequestHandler.handleReadRequest(OzoneManagerRequestHandler.java:250) ~[ozone-manager-1.4.0-SNAPSHOT.jar:?]
	at org.apache.hadoop.ozone.protocolPB.OzoneManagerProtocolServerSideTranslatorPB.submitReadRequestToOM(OzoneManagerProtocolServerSideTranslatorPB.java:225) ~[ozone-manager-1.4.0-SNAPSHOT.jar:?]
	at org.apache.hadoop.ozone.protocolPB.OzoneManagerProtocolServerSideTranslatorPB.processRequest(OzoneManagerProtocolServerSideTranslatorPB.java:179) ~[ozone-manager-1.4.0-SNAPSHOT.jar:?]
	at org.apache.hadoop.hdds.server.OzoneProtocolMessageDispatcher.processRequest(OzoneProtocolMessageDispatcher.java:87) [hdds-server-framework-1.4.0-SNAPSHOT.jar:?]
	at org.apache.hadoop.ozone.protocolPB.OzoneManagerProtocolServerSideTranslatorPB.submitRequest(OzoneManagerProtocolServerSideTranslatorPB.java:148) [ozone-manager-1.4.0-SNAPSHOT.jar:?]
	at org.apache.hadoop.ozone.protocol.proto.OzoneManagerProtocolProtos$OzoneManagerService$2.callBlockingMethod(OzoneManagerProtocolProtos.java) [ozone-interface-client-1.4.0-SNAPSHOT.jar:?]
	at org.apache.hadoop.ipc.ProtobufRpcEngine$Server.processCall(ProtobufRpcEngine.java:484) [hadoop-common-3.3.6.jar:?]
	at org.apache.hadoop.ipc.ProtobufRpcEngine2$Server$ProtoBufRpcInvoker.call(ProtobufRpcEngine2.java:595) [hadoop-common-3.3.6.jar:?]
	at org.apache.hadoop.ipc.ProtobufRpcEngine2$Server$ProtoBufRpcInvoker.call(ProtobufRpcEngine2.java:573) [hadoop-common-3.3.6.jar:?]
	at org.apache.hadoop.ipc.RPC$Server.call(RPC.java:1227) [hadoop-common-3.3.6.jar:?]
	at org.apache.hadoop.ipc.Server$RpcCall.run(Server.java:1094) [hadoop-common-3.3.6.jar:?]
	at org.apache.hadoop.ipc.Server$RpcCall.run(Server.java:1017) [hadoop-common-3.3.6.jar:?]
	at java.security.AccessController.doPrivileged(Native Method) ~[?:1.8.0_382]
	at javax.security.auth.Subject.doAs(Subject.java:422) [?:1.8.0_382]
	at org.apache.hadoop.security.UserGroupInformation.doAs(UserGroupInformation.java:1899) [hadoop-common-3.3.6.jar:?]
	at org.apache.hadoop.ipc.Server$Handler.run(Server.java:3048) [hadoop-common-3.3.6.jar:?]
]]></system-out>
  </testcase>
  <testcase name="testDeleteEmptyDirNonRecursive" classname="ITestOzoneContractDelete" time="0.119">
    <system-out><![CDATA[2023-09-13 06:49:38,588 [setup] INFO  rpc.RpcClient (RpcClient.java:createVolume(461)) - Creating Volume: volume85427, with user35860 as owner and space quota set to -1 bytes, counts quota set to -1
2023-09-13 06:49:38,592 [OM StateMachine ApplyTransaction Thread - 0] INFO  volume.OMVolumeCreateRequest (OMVolumeCreateRequest.java:validateAndUpdateCache(196)) - created volume:volume85427 for user:user35860
2023-09-13 06:49:38,594 [setup] INFO  rpc.RpcClient (RpcClient.java:createBucket(688)) - Creating Bucket: volume85427/bucket15038, with bucket layout LEGACY, runner as owner, Versioning false, Storage Type set to DISK and Encryption set to false, Replication Type set to server-side default replication type, Namespace Quota set to -1, Space Quota set to -1 
2023-09-13 06:49:38,599 [OM StateMachine ApplyTransaction Thread - 0] INFO  bucket.OMBucketCreateRequest (OMBucketCreateRequest.java:validateAndUpdateCache(270)) - created bucket: bucket15038 of layout LEGACY in volume: volume85427
2023-09-13 06:49:38,651 [setup] INFO  contract.AbstractFSContractTestBase (AbstractFSContractTestBase.java:setup(194)) - Test filesystem = o3fs://bucket15038.volume85427 implemented by OzoneFileSystem{URI=o3fs://bucket15038.volume85427, workingDir=o3fs://bucket15038.volume85427/user/runner, userName=runner, statistics=0 bytes read, 108 bytes written, 99 read ops, 0 large read ops, 36 write ops}
06:49:38.679 [IPC Server handler 11 on default port 15057] ERROR OMAudit - user=runner | ip=127.0.0.1 | op=GET_FILE_STATUS {volume=volume85427, bucket=bucket15038, key=test/testDeleteEmptyDirNonRecursive, dataSize=0, replicationConfig=null} | ret=FAILURE
org.apache.hadoop.ozone.om.exceptions.OMException: Unable to get file status: volume: volume85427 bucket: bucket15038 key: test/testDeleteEmptyDirNonRecursive
	at org.apache.hadoop.ozone.om.KeyManagerImpl.getOzoneFileStatus(KeyManagerImpl.java:1195) ~[ozone-manager-1.4.0-SNAPSHOT.jar:?]
	at org.apache.hadoop.ozone.om.KeyManagerImpl.getFileStatus(KeyManagerImpl.java:1113) ~[ozone-manager-1.4.0-SNAPSHOT.jar:?]
	at org.apache.hadoop.ozone.om.OmMetadataReader.getFileStatus(OmMetadataReader.java:262) ~[ozone-manager-1.4.0-SNAPSHOT.jar:?]
	at org.apache.hadoop.ozone.om.OzoneManager.getFileStatus(OzoneManager.java:3533) ~[ozone-manager-1.4.0-SNAPSHOT.jar:?]
	at org.apache.hadoop.ozone.protocolPB.OzoneManagerRequestHandler.getOzoneFileStatus(OzoneManagerRequestHandler.java:971) ~[ozone-manager-1.4.0-SNAPSHOT.jar:?]
	at org.apache.hadoop.ozone.protocolPB.OzoneManagerRequestHandler.handleReadRequest(OzoneManagerRequestHandler.java:250) ~[ozone-manager-1.4.0-SNAPSHOT.jar:?]
	at org.apache.hadoop.ozone.protocolPB.OzoneManagerProtocolServerSideTranslatorPB.submitReadRequestToOM(OzoneManagerProtocolServerSideTranslatorPB.java:225) ~[ozone-manager-1.4.0-SNAPSHOT.jar:?]
	at org.apache.hadoop.ozone.protocolPB.OzoneManagerProtocolServerSideTranslatorPB.processRequest(OzoneManagerProtocolServerSideTranslatorPB.java:179) ~[ozone-manager-1.4.0-SNAPSHOT.jar:?]
	at org.apache.hadoop.hdds.server.OzoneProtocolMessageDispatcher.processRequest(OzoneProtocolMessageDispatcher.java:87) [hdds-server-framework-1.4.0-SNAPSHOT.jar:?]
	at org.apache.hadoop.ozone.protocolPB.OzoneManagerProtocolServerSideTranslatorPB.submitRequest(OzoneManagerProtocolServerSideTranslatorPB.java:148) [ozone-manager-1.4.0-SNAPSHOT.jar:?]
	at org.apache.hadoop.ozone.protocol.proto.OzoneManagerProtocolProtos$OzoneManagerService$2.callBlockingMethod(OzoneManagerProtocolProtos.java) [ozone-interface-client-1.4.0-SNAPSHOT.jar:?]
	at org.apache.hadoop.ipc.ProtobufRpcEngine$Server.processCall(ProtobufRpcEngine.java:484) [hadoop-common-3.3.6.jar:?]
	at org.apache.hadoop.ipc.ProtobufRpcEngine2$Server$ProtoBufRpcInvoker.call(ProtobufRpcEngine2.java:595) [hadoop-common-3.3.6.jar:?]
	at org.apache.hadoop.ipc.ProtobufRpcEngine2$Server$ProtoBufRpcInvoker.call(ProtobufRpcEngine2.java:573) [hadoop-common-3.3.6.jar:?]
	at org.apache.hadoop.ipc.RPC$Server.call(RPC.java:1227) [hadoop-common-3.3.6.jar:?]
	at org.apache.hadoop.ipc.Server$RpcCall.run(Server.java:1094) [hadoop-common-3.3.6.jar:?]
	at org.apache.hadoop.ipc.Server$RpcCall.run(Server.java:1017) [hadoop-common-3.3.6.jar:?]
	at java.security.AccessController.doPrivileged(Native Method) ~[?:1.8.0_382]
	at javax.security.auth.Subject.doAs(Subject.java:422) [?:1.8.0_382]
	at org.apache.hadoop.security.UserGroupInformation.doAs(UserGroupInformation.java:1899) [hadoop-common-3.3.6.jar:?]
	at org.apache.hadoop.ipc.Server$Handler.run(Server.java:3048) [hadoop-common-3.3.6.jar:?]
]]></system-out>
  </testcase>
</testsuite>