<?xml version="1.0" encoding="UTF-8"?>
<testsuite xmlns:xsi="http://www.w3.org/2001/XMLSchema-instance" xsi:noNamespaceSchemaLocation="https://maven.apache.org/surefire/maven-surefire-plugin/xsd/surefire-test-report.xsd" name="org.apache.hadoop.ozone.client.rpc.TestWatchForCommit" time="395.162" tests="4" errors="1" skipped="0" failures="0">
  <properties>
    <property name="awt.toolkit" value="sun.awt.X11.XToolkit"/>
    <property name="file.encoding.pkg" value="sun.io"/>
    <property name="java.specification.version" value="1.8"/>
    <property name="sun.cpu.isalist" value=""/>
    <property name="sun.jnu.encoding" value="UTF-8"/>
    <property name="java.class.path" value="/home/runner/work/ozone/ozone/hadoop-ozone/integration-test/target/test-classes:/home/runner/work/ozone/ozone/hadoop-ozone/integration-test/target/classes:/home/runner/.m2/repository/org/apache/ozone/ozone-common/1.3.0-SNAPSHOT/ozone-common-1.3.0-SNAPSHOT.jar:/home/runner/.m2/repository/org/apache/commons/commons-compress/1.21/commons-compress-1.21.jar:/home/runner/.m2/repository/org/apache/ozone/hdds-common/1.3.0-SNAPSHOT/hdds-common-1.3.0-SNAPSHOT.jar:/home/runner/.m2/repository/org/apache/ozone/hdds-client/1.3.0-SNAPSHOT/hdds-client-1.3.0-SNAPSHOT.jar:/home/runner/.m2/repository/org/apache/ozone/ozone-interface-client/1.3.0-SNAPSHOT/ozone-interface-client-1.3.0-SNAPSHOT.jar:/home/runner/.m2/repository/org/apache/ozone/hdds-test-utils/1.3.0-SNAPSHOT/hdds-test-utils-1.3.0-SNAPSHOT.jar:/home/runner/.m2/repository/com/google/guava/guava/30.1.1-jre/guava-30.1.1-jre.jar:/home/runner/.m2/repository/com/google/guava/failureaccess/1.0.1/failureaccess-1.0.1.jar:/home/runner/.m2/repository/com/google/guava/listenablefuture/9999.0-empty-to-avoid-conflict-with-guava/listenablefuture-9999.0-empty-to-avoid-conflict-with-guava.jar:/home/runner/.m2/repository/com/google/code/findbugs/jsr305/3.0.0/jsr305-3.0.0.jar:/home/runner/.m2/repository/org/checkerframework/checker-qual/3.8.0/checker-qual-3.8.0.jar:/home/runner/.m2/repository/com/google/errorprone/error_prone_annotations/2.2.0/error_prone_annotations-2.2.0.jar:/home/runner/.m2/repository/com/google/j2objc/j2objc-annotations/1.3/j2objc-annotations-1.3.jar:/home/runner/.m2/repository/commons-io/commons-io/2.11.0/commons-io-2.11.0.jar:/home/runner/.m2/repository/commons-logging/commons-logging/1.2/commons-logging-1.2.jar:/home/runner/.m2/repository/log4j/log4j/1.2.17/log4j-1.2.17.jar:/home/runner/.m2/repository/org/slf4j/slf4j-api/1.7.30/slf4j-api-1.7.30.jar:/home/runner/.m2/repository/org/apache/ozone/hdds-server-scm/1.3.0-SNAPSHOT/hdds-server-scm-1.3.0-SNAPSHOT.jar:/home/runner/.m2/repository/org/apache/ozone/hdds-container-service/1.3.0-SNAPSHOT/hdds-container-service-1.3.0-SNAPSHOT.jar:/home/runner/.m2/repository/org/apache/ozone/hdds-hadoop-dependency-server/1.3.0-SNAPSHOT/hdds-hadoop-dependency-server-1.3.0-SNAPSHOT.jar:/home/runner/.m2/repository/org/apache/hadoop/hadoop-hdfs/3.3.1/hadoop-hdfs-3.3.1.jar:/home/runner/.m2/repository/org/apache/ozone/hdds-server-framework/1.3.0-SNAPSHOT/hdds-server-framework-1.3.0-SNAPSHOT.jar:/home/runner/.m2/repository/org/apache/ozone/hdds-interface-server/1.3.0-SNAPSHOT/hdds-interface-server-1.3.0-SNAPSHOT.jar:/home/runner/.m2/repository/org/eclipse/jetty/jetty-servlet/9.4.43.v20210629/jetty-servlet-9.4.43.v20210629.jar:/home/runner/.m2/repository/org/eclipse/jetty/jetty-security/9.4.43.v20210629/jetty-security-9.4.43.v20210629.jar:/home/runner/.m2/repository/org/rocksdb/rocksdbjni/6.25.3/rocksdbjni-6.25.3.jar:/home/runner/.m2/repository/io/prometheus/simpleclient_dropwizard/0.7.0/simpleclient_dropwizard-0.7.0.jar:/home/runner/.m2/repository/io/prometheus/simpleclient/0.7.0/simpleclient-0.7.0.jar:/home/runner/.m2/repository/io/prometheus/simpleclient_common/0.7.0/simpleclient_common-0.7.0.jar:/home/runner/.m2/repository/com/fasterxml/jackson/datatype/jackson-datatype-jsr310/2.12.1/jackson-datatype-jsr310-2.12.1.jar:/home/runner/.m2/repository/io/dropwizard/metrics/metrics-core/3.2.4/metrics-core-3.2.4.jar:/home/runner/.m2/repository/org/apache/hadoop/hadoop-hdfs-client/3.3.1/hadoop-hdfs-client-3.3.1.jar:/home/runner/.m2/repository/org/bouncycastle/bcprov-jdk15on/1.67/bcprov-jdk15on-1.67.jar:/home/runner/.m2/repository/com/google/protobuf/protobuf-java/2.5.0/protobuf-java-2.5.0.jar:/home/runner/.m2/repository/org/apache/ozone/ozone-manager/1.3.0-SNAPSHOT/ozone-manager-1.3.0-SNAPSHOT.jar:/home/runner/.m2/repository/org/aspectj/aspectjrt/1.9.7/aspectjrt-1.9.7.jar:/home/runner/.m2/repository/org/aspectj/aspectjweaver/1.9.7/aspectjweaver-1.9.7.jar:/home/runner/.m2/repository/org/apache/ozone/hdds-interface-client/1.3.0-SNAPSHOT/hdds-interface-client-1.3.0-SNAPSHOT.jar:/home/runner/.m2/repository/org/apache/hadoop/thirdparty/hadoop-shaded-protobuf_3_7/1.1.1/hadoop-shaded-protobuf_3_7-1.1.1.jar:/home/runner/.m2/repository/org/apache/ozone/ozone-interface-storage/1.3.0-SNAPSHOT/ozone-interface-storage-1.3.0-SNAPSHOT.jar:/home/runner/.m2/repository/org/reflections/reflections/0.9.11/reflections-0.9.11.jar:/home/runner/.m2/repository/org/apache/hadoop/hadoop-minikdc/3.3.1/hadoop-minikdc-3.3.1.jar:/home/runner/.m2/repository/org/apache/kerby/kerb-simplekdc/1.0.1/kerb-simplekdc-1.0.1.jar:/home/runner/.m2/repository/org/apache/kerby/kerb-client/1.0.1/kerb-client-1.0.1.jar:/home/runner/.m2/repository/org/apache/kerby/kerby-config/1.0.1/kerby-config-1.0.1.jar:/home/runner/.m2/repository/org/apache/kerby/kerb-common/1.0.1/kerb-common-1.0.1.jar:/home/runner/.m2/repository/org/apache/kerby/kerb-crypto/1.0.1/kerb-crypto-1.0.1.jar:/home/runner/.m2/repository/org/apache/kerby/kerb-util/1.0.1/kerb-util-1.0.1.jar:/home/runner/.m2/repository/org/apache/kerby/token-provider/1.0.1/token-provider-1.0.1.jar:/home/runner/.m2/repository/org/apache/kerby/kerb-admin/1.0.1/kerb-admin-1.0.1.jar:/home/runner/.m2/repository/org/apache/kerby/kerb-server/1.0.1/kerb-server-1.0.1.jar:/home/runner/.m2/repository/org/apache/kerby/kerb-identity/1.0.1/kerb-identity-1.0.1.jar:/home/runner/.m2/repository/org/apache/kerby/kerby-xdr/1.0.1/kerby-xdr-1.0.1.jar:/home/runner/.m2/repository/org/slf4j/slf4j-log4j12/1.7.30/slf4j-log4j12-1.7.30.jar:/home/runner/.m2/repository/org/apache/ozone/ozone-s3gateway/1.3.0-SNAPSHOT/ozone-s3gateway-1.3.0-SNAPSHOT.jar:/home/runner/.m2/repository/org/javassist/javassist/3.21.0-GA/javassist-3.21.0-GA.jar:/home/runner/.m2/repository/org/jboss/weld/servlet/weld-servlet/2.4.7.Final/weld-servlet-2.4.7.Final.jar:/home/runner/.m2/repository/org/glassfish/jersey/containers/jersey-container-servlet-core/2.33/jersey-container-servlet-core-2.33.jar:/home/runner/.m2/repository/org/glassfish/hk2/external/jakarta.inject/2.6.1/jakarta.inject-2.6.1.jar:/home/runner/.m2/repository/org/glassfish/jersey/core/jersey-common/2.33/jersey-common-2.33.jar:/home/runner/.m2/repository/jakarta/ws/rs/jakarta.ws.rs-api/2.1.6/jakarta.ws.rs-api-2.1.6.jar:/home/runner/.m2/repository/org/glassfish/jersey/ext/cdi/jersey-cdi1x/2.33/jersey-cdi1x-2.33.jar:/home/runner/.m2/repository/org/glassfish/jersey/inject/jersey-hk2/2.33/jersey-hk2-2.33.jar:/home/runner/.m2/repository/org/glassfish/hk2/hk2-locator/2.6.1/hk2-locator-2.6.1.jar:/home/runner/.m2/repository/org/glassfish/jersey/media/jersey-media-jaxb/2.33/jersey-media-jaxb-2.33.jar:/home/runner/.m2/repository/org/glassfish/hk2/osgi-resource-locator/1.0.3/osgi-resource-locator-1.0.3.jar:/home/runner/.m2/repository/org/glassfish/hk2/hk2-api/2.5.0/hk2-api-2.5.0.jar:/home/runner/.m2/repository/org/glassfish/hk2/hk2-utils/2.5.0/hk2-utils-2.5.0.jar:/home/runner/.m2/repository/org/glassfish/hk2/external/aopalliance-repackaged/2.5.0/aopalliance-repackaged-2.5.0.jar:/home/runner/.m2/repository/com/fasterxml/jackson/dataformat/jackson-dataformat-xml/2.12.1/jackson-dataformat-xml-2.12.1.jar:/home/runner/.m2/repository/com/fasterxml/jackson/core/jackson-core/2.12.1/jackson-core-2.12.1.jar:/home/runner/.m2/repository/com/fasterxml/jackson/module/jackson-module-jaxb-annotations/2.12.1/jackson-module-jaxb-annotations-2.12.1.jar:/home/runner/.m2/repository/jakarta/xml/bind/jakarta.xml.bind-api/2.3.2/jakarta.xml.bind-api-2.3.2.jar:/home/runner/.m2/repository/org/codehaus/woodstox/stax2-api/3.1.4/stax2-api-3.1.4.jar:/home/runner/.m2/repository/com/fasterxml/woodstox/woodstox-core/5.0.3/woodstox-core-5.0.3.jar:/home/runner/.m2/repository/javax/enterprise/cdi-api/1.2/cdi-api-1.2.jar:/home/runner/.m2/repository/javax/el/javax.el-api/3.0.0/javax.el-api-3.0.0.jar:/home/runner/.m2/repository/javax/interceptor/javax.interceptor-api/1.2/javax.interceptor-api-1.2.jar:/home/runner/.m2/repository/javax/inject/javax.inject/1/javax.inject-1.jar:/home/runner/.m2/repository/javax/xml/bind/jaxb-api/2.3.0/jaxb-api-2.3.0.jar:/home/runner/.m2/repository/org/glassfish/jaxb/jaxb-runtime/2.3.0.1/jaxb-runtime-2.3.0.1.jar:/home/runner/.m2/repository/org/glassfish/jaxb/jaxb-core/2.3.0.1/jaxb-core-2.3.0.1.jar:/home/runner/.m2/repository/org/glassfish/jaxb/txw2/2.3.0.1/txw2-2.3.0.1.jar:/home/runner/.m2/repository/com/sun/istack/istack-commons-runtime/3.0.5/istack-commons-runtime-3.0.5.jar:/home/runner/.m2/repository/org/jvnet/staxex/stax-ex/1.7.8/stax-ex-1.7.8.jar:/home/runner/.m2/repository/com/sun/xml/fastinfoset/FastInfoset/1.2.13/FastInfoset-1.2.13.jar:/home/runner/.m2/repository/javax/activation/activation/1.1.1/activation-1.1.1.jar:/home/runner/.m2/repository/org/apache/ozone/ozone-csi/1.3.0-SNAPSHOT/ozone-csi-1.3.0-SNAPSHOT.jar:/home/runner/.m2/repository/com/google/protobuf/protobuf-java-util/3.12.0/protobuf-java-util-3.12.0.jar:/home/runner/.m2/repository/com/google/code/gson/gson/2.2.4/gson-2.2.4.jar:/home/runner/.m2/repository/org/apache/ozone/hdds-config/1.3.0-SNAPSHOT/hdds-config-1.3.0-SNAPSHOT.jar:/home/runner/.m2/repository/io/grpc/grpc-netty/1.33.0/grpc-netty-1.33.0.jar:/home/runner/.m2/repository/io/grpc/grpc-core/1.33.0/grpc-core-1.33.0.jar:/home/runner/.m2/repository/com/google/android/annotations/4.1.1.4/annotations-4.1.1.4.jar:/home/runner/.m2/repository/io/netty/netty-codec-http2/4.1.63.Final/netty-codec-http2-4.1.63.Final.jar:/home/runner/.m2/repository/io/netty/netty-codec-http/4.1.63.Final/netty-codec-http-4.1.63.Final.jar:/home/runner/.m2/repository/io/netty/netty-handler-proxy/4.1.63.Final/netty-handler-proxy-4.1.63.Final.jar:/home/runner/.m2/repository/io/netty/netty-codec-socks/4.1.63.Final/netty-codec-socks-4.1.63.Final.jar:/home/runner/.m2/repository/io/perfmark/perfmark-api/0.19.0/perfmark-api-0.19.0.jar:/home/runner/.m2/repository/org/codehaus/mojo/animal-sniffer-annotations/1.18/animal-sniffer-annotations-1.18.jar:/home/runner/.m2/repository/io/netty/netty-transport-native-epoll/4.1.63.Final/netty-transport-native-epoll-4.1.63.Final.jar:/home/runner/.m2/repository/io/netty/netty-common/4.1.63.Final/netty-common-4.1.63.Final.jar:/home/runner/.m2/repository/io/netty/netty-buffer/4.1.63.Final/netty-buffer-4.1.63.Final.jar:/home/runner/.m2/repository/io/netty/netty-transport-native-unix-common/4.1.63.Final/netty-transport-native-unix-common-4.1.63.Final.jar:/home/runner/.m2/repository/io/grpc/grpc-protobuf/1.33.0/grpc-protobuf-1.33.0.jar:/home/runner/.m2/repository/io/grpc/grpc-api/1.33.0/grpc-api-1.33.0.jar:/home/runner/.m2/repository/io/grpc/grpc-context/1.33.0/grpc-context-1.33.0.jar:/home/runner/.m2/repository/com/google/api/grpc/proto-google-common-protos/1.17.0/proto-google-common-protos-1.17.0.jar:/home/runner/.m2/repository/io/grpc/grpc-protobuf-lite/1.33.0/grpc-protobuf-lite-1.33.0.jar:/home/runner/.m2/repository/io/grpc/grpc-stub/1.33.0/grpc-stub-1.33.0.jar:/home/runner/.m2/repository/org/apache/ozone/ozone-recon/1.3.0-SNAPSHOT/ozone-recon-1.3.0-SNAPSHOT.jar:/home/runner/.m2/repository/org/apache/ozone/ozone-reconcodegen/1.3.0-SNAPSHOT/ozone-reconcodegen-1.3.0-SNAPSHOT.jar:/home/runner/.m2/repository/com/google/inject/extensions/guice-multibindings/4.0/guice-multibindings-4.0.jar:/home/runner/.m2/repository/com/google/inject/guice/4.0/guice-4.0.jar:/home/runner/.m2/repository/aopalliance/aopalliance/1.0/aopalliance-1.0.jar:/home/runner/.m2/repository/com/google/inject/extensions/guice-assistedinject/4.0/guice-assistedinject-4.0.jar:/home/runner/.m2/repository/com/google/inject/extensions/guice-servlet/4.0/guice-servlet-4.0.jar:/home/runner/.m2/repository/org/glassfish/jersey/containers/jersey-container-servlet/2.33/jersey-container-servlet-2.33.jar:/home/runner/.m2/repository/org/glassfish/hk2/guice-bridge/2.5.0/guice-bridge-2.5.0.jar:/home/runner/.m2/repository/org/glassfish/jersey/core/jersey-server/2.33/jersey-server-2.33.jar:/home/runner/.m2/repository/org/glassfish/jersey/core/jersey-client/2.33/jersey-client-2.33.jar:/home/runner/.m2/repository/jakarta/annotation/jakarta.annotation-api/1.3.5/jakarta.annotation-api-1.3.5.jar:/home/runner/.m2/repository/jakarta/validation/jakarta.validation-api/2.0.2/jakarta.validation-api-2.0.2.jar:/home/runner/.m2/repository/org/glassfish/jersey/media/jersey-media-json-jackson/2.33/jersey-media-json-jackson-2.33.jar:/home/runner/.m2/repository/org/glassfish/jersey/ext/jersey-entity-filtering/2.33/jersey-entity-filtering-2.33.jar:/home/runner/.m2/repository/org/jooq/jooq/3.11.10/jooq-3.11.10.jar:/home/runner/.m2/repository/org/jooq/jooq-meta/3.11.10/jooq-meta-3.11.10.jar:/home/runner/.m2/repository/org/jooq/jooq-codegen/3.11.10/jooq-codegen-3.11.10.jar:/home/runner/.m2/repository/com/jolbox/bonecp/0.8.0.RELEASE/bonecp-0.8.0.RELEASE.jar:/home/runner/.m2/repository/org/apache/derby/derby/10.14.2.0/derby-10.14.2.0.jar:/home/runner/.m2/repository/org/xerial/sqlite-jdbc/3.25.2/sqlite-jdbc-3.25.2.jar:/home/runner/.m2/repository/org/springframework/spring-jdbc/5.2.18.RELEASE/spring-jdbc-5.2.18.RELEASE.jar:/home/runner/.m2/repository/org/springframework/spring-beans/5.2.18.RELEASE/spring-beans-5.2.18.RELEASE.jar:/home/runner/.m2/repository/org/springframework/spring-core/5.2.18.RELEASE/spring-core-5.2.18.RELEASE.jar:/home/runner/.m2/repository/org/springframework/spring-jcl/5.2.18.RELEASE/spring-jcl-5.2.18.RELEASE.jar:/home/runner/.m2/repository/org/springframework/spring-tx/5.2.18.RELEASE/spring-tx-5.2.18.RELEASE.jar:/home/runner/.m2/repository/org/apache/ozone/ozone-client/1.3.0-SNAPSHOT/ozone-client-1.3.0-SNAPSHOT.jar:/home/runner/.m2/repository/org/apache/ozone/ozone-filesystem/1.3.0-SNAPSHOT/ozone-filesystem-1.3.0-SNAPSHOT.jar:/home/runner/.m2/repository/org/apache/ozone/ozone-filesystem-common/1.3.0-SNAPSHOT/ozone-filesystem-common-1.3.0-SNAPSHOT.jar:/home/runner/.m2/repository/org/apache/ozone/ozone-tools/1.3.0-SNAPSHOT/ozone-tools-1.3.0-SNAPSHOT.jar:/home/runner/.m2/repository/org/apache/ratis/ratis-tools/2.2.0/ratis-tools-2.2.0.jar:/home/runner/.m2/repository/com/amazonaws/aws-java-sdk-core/1.12.124/aws-java-sdk-core-1.12.124.jar:/home/runner/.m2/repository/org/apache/httpcomponents/httpclient/4.5.13/httpclient-4.5.13.jar:/home/runner/.m2/repository/org/apache/httpcomponents/httpcore/4.4.13/httpcore-4.4.13.jar:/home/runner/.m2/repository/software/amazon/ion/ion-java/1.0.2/ion-java-1.0.2.jar:/home/runner/.m2/repository/com/fasterxml/jackson/dataformat/jackson-dataformat-cbor/2.12.1/jackson-dataformat-cbor-2.12.1.jar:/home/runner/.m2/repository/joda-time/joda-time/2.8.1/joda-time-2.8.1.jar:/home/runner/.m2/repository/com/amazonaws/aws-java-sdk-s3/1.12.124/aws-java-sdk-s3-1.12.124.jar:/home/runner/.m2/repository/com/amazonaws/aws-java-sdk-kms/1.12.124/aws-java-sdk-kms-1.12.124.jar:/home/runner/.m2/repository/com/amazonaws/jmespath-java/1.12.124/jmespath-java-1.12.124.jar:/home/runner/.m2/repository/org/kohsuke/metainf-services/metainf-services/1.8/metainf-services-1.8.jar:/home/runner/.m2/repository/org/apache/ozone/hdds-tools/1.3.0-SNAPSHOT/hdds-tools-1.3.0-SNAPSHOT.jar:/home/runner/.m2/repository/commons-cli/commons-cli/1.2/commons-cli-1.2.jar:/home/runner/.m2/repository/org/apache/commons/commons-lang3/3.7/commons-lang3-3.7.jar:/home/runner/.m2/repository/org/apache/ozone/ozone-manager/1.3.0-SNAPSHOT/ozone-manager-1.3.0-SNAPSHOT-tests.jar:/home/runner/.m2/repository/org/apache/ozone/hdds-common/1.3.0-SNAPSHOT/hdds-common-1.3.0-SNAPSHOT-tests.jar:/home/runner/.m2/repository/org/apache/ozone/hdds-hadoop-dependency-client/1.3.0-SNAPSHOT/hdds-hadoop-dependency-client-1.3.0-SNAPSHOT.jar:/home/runner/.m2/repository/info/picocli/picocli/4.6.1/picocli-4.6.1.jar:/home/runner/.m2/repository/com/fasterxml/jackson/core/jackson-annotations/2.12.1/jackson-annotations-2.12.1.jar:/home/runner/.m2/repository/javax/annotation/javax.annotation-api/1.2/javax.annotation-api-1.2.jar:/home/runner/.m2/repository/org/apache/ratis/ratis-server/2.2.0/ratis-server-2.2.0.jar:/home/runner/.m2/repository/org/apache/ratis/ratis-client/2.2.0/ratis-client-2.2.0.jar:/home/runner/.m2/repository/org/apache/ratis/ratis-server-api/2.2.0/ratis-server-api-2.2.0.jar:/home/runner/.m2/repository/org/apache/ratis/ratis-metrics/2.2.0/ratis-metrics-2.2.0.jar:/home/runner/.m2/repository/org/apache/ratis/ratis-netty/2.2.0/ratis-netty-2.2.0.jar:/home/runner/.m2/repository/org/apache/ratis/ratis-grpc/2.2.0/ratis-grpc-2.2.0.jar:/home/runner/.m2/repository/org/apache/logging/log4j/log4j-api/2.17.1/log4j-api-2.17.1.jar:/home/runner/.m2/repository/org/apache/logging/log4j/log4j-core/2.17.1/log4j-core-2.17.1.jar:/home/runner/.m2/repository/com/lmax/disruptor/3.4.2/disruptor-3.4.2.jar:/home/runner/.m2/repository/org/apache/commons/commons-pool2/2.6.0/commons-pool2-2.6.0.jar:/home/runner/.m2/repository/org/bouncycastle/bcpkix-jdk15on/1.67/bcpkix-jdk15on-1.67.jar:/home/runner/.m2/repository/commons-validator/commons-validator/1.6/commons-validator-1.6.jar:/home/runner/.m2/repository/commons-beanutils/commons-beanutils/1.9.4/commons-beanutils-1.9.4.jar:/home/runner/.m2/repository/commons-digester/commons-digester/1.8.1/commons-digester-1.8.1.jar:/home/runner/.m2/repository/commons-collections/commons-collections/3.2.2/commons-collections-3.2.2.jar:/home/runner/.m2/repository/io/jaegertracing/jaeger-client/1.6.0/jaeger-client-1.6.0.jar:/home/runner/.m2/repository/io/jaegertracing/jaeger-thrift/1.6.0/jaeger-thrift-1.6.0.jar:/home/runner/.m2/repository/org/apache/thrift/libthrift/0.14.1/libthrift-0.14.1.jar:/home/runner/.m2/repository/com/squareup/okhttp3/okhttp/4.9.0/okhttp-4.9.0.jar:/home/runner/.m2/repository/com/squareup/okio/okio/2.8.0/okio-2.8.0.jar:/home/runner/.m2/repository/io/jaegertracing/jaeger-core/1.6.0/jaeger-core-1.6.0.jar:/home/runner/.m2/repository/io/jaegertracing/jaeger-tracerresolver/1.6.0/jaeger-tracerresolver-1.6.0.jar:/home/runner/.m2/repository/io/opentracing/contrib/opentracing-tracerresolver/0.1.8/opentracing-tracerresolver-0.1.8.jar:/home/runner/.m2/repository/org/jetbrains/kotlin/kotlin-stdlib/1.4.31/kotlin-stdlib-1.4.31.jar:/home/runner/.m2/repository/org/jetbrains/kotlin/kotlin-stdlib-common/1.4.31/kotlin-stdlib-common-1.4.31.jar:/home/runner/.m2/repository/org/jetbrains/annotations/13.0/annotations-13.0.jar:/home/runner/.m2/repository/io/opentracing/opentracing-util/0.33.0/opentracing-util-0.33.0.jar:/home/runner/.m2/repository/io/opentracing/opentracing-api/0.33.0/opentracing-api-0.33.0.jar:/home/runner/.m2/repository/io/opentracing/opentracing-noop/0.33.0/opentracing-noop-0.33.0.jar:/home/runner/.m2/repository/org/yaml/snakeyaml/1.26/snakeyaml-1.26.jar:/home/runner/.m2/repository/org/apache/ozone/hdds-interface-admin/1.3.0-SNAPSHOT/hdds-interface-admin-1.3.0-SNAPSHOT.jar:/home/runner/.m2/repository/junit/junit/4.13.1/junit-4.13.1.jar:/home/runner/.m2/repository/org/hamcrest/hamcrest-core/1.3/hamcrest-core-1.3.jar:/home/runner/.m2/repository/org/junit/jupiter/junit-jupiter-api/5.7.0/junit-jupiter-api-5.7.0.jar:/home/runner/.m2/repository/org/apiguardian/apiguardian-api/1.1.0/apiguardian-api-1.1.0.jar:/home/runner/.m2/repository/org/opentest4j/opentest4j/1.2.0/opentest4j-1.2.0.jar:/home/runner/.m2/repository/org/junit/platform/junit-platform-commons/1.7.0/junit-platform-commons-1.7.0.jar:/home/runner/.m2/repository/org/junit/jupiter/junit-jupiter-engine/5.7.0/junit-jupiter-engine-5.7.0.jar:/home/runner/.m2/repository/org/junit/platform/junit-platform-engine/1.7.0/junit-platform-engine-1.7.0.jar:/home/runner/.m2/repository/org/junit/vintage/junit-vintage-engine/5.7.0/junit-vintage-engine-5.7.0.jar:/home/runner/.m2/repository/org/junit/platform/junit-platform-launcher/1.7.0/junit-platform-launcher-1.7.0.jar:/home/runner/.m2/repository/org/mockito/mockito-core/2.28.2/mockito-core-2.28.2.jar:/home/runner/.m2/repository/net/bytebuddy/byte-buddy/1.9.10/byte-buddy-1.9.10.jar:/home/runner/.m2/repository/net/bytebuddy/byte-buddy-agent/1.9.10/byte-buddy-agent-1.9.10.jar:/home/runner/.m2/repository/org/objenesis/objenesis/1.0/objenesis-1.0.jar:/home/runner/.m2/repository/org/apache/hadoop/hadoop-kms/3.3.1/hadoop-kms-3.3.1.jar:/home/runner/.m2/repository/org/apache/hadoop/hadoop-auth/3.3.1/hadoop-auth-3.3.1.jar:/home/runner/.m2/repository/com/nimbusds/nimbus-jose-jwt/7.9/nimbus-jose-jwt-7.9.jar:/home/runner/.m2/repository/com/github/stephenc/jcip/jcip-annotations/1.0-1/jcip-annotations-1.0-1.jar:/home/runner/.m2/repository/net/minidev/json-smart/2.3.1/json-smart-2.3.1.jar:/home/runner/.m2/repository/net/minidev/accessors-smart/2.3.1/accessors-smart-2.3.1.jar:/home/runner/.m2/repository/org/ow2/asm/asm/5.0.4/asm-5.0.4.jar:/home/runner/.m2/repository/org/apache/zookeeper/zookeeper/3.5.6/zookeeper-3.5.6.jar:/home/runner/.m2/repository/org/apache/zookeeper/zookeeper-jute/3.5.6/zookeeper-jute-3.5.6.jar:/home/runner/.m2/repository/org/apache/yetus/audience-annotations/0.5.0/audience-annotations-0.5.0.jar:/home/runner/.m2/repository/org/apache/curator/curator-framework/4.2.0/curator-framework-4.2.0.jar:/home/runner/.m2/repository/org/apache/hadoop/thirdparty/hadoop-shaded-guava/1.1.1/hadoop-shaded-guava-1.1.1.jar:/home/runner/.m2/repository/com/sun/jersey/jersey-core/1.19/jersey-core-1.19.jar:/home/runner/.m2/repository/javax/ws/rs/jsr311-api/1.1.1/jsr311-api-1.1.1.jar:/home/runner/.m2/repository/com/sun/jersey/jersey-server/1.19/jersey-server-1.19.jar:/home/runner/.m2/repository/javax/servlet/javax.servlet-api/3.1.0/javax.servlet-api-3.1.0.jar:/home/runner/.m2/repository/org/eclipse/jetty/jetty-server/9.4.43.v20210629/jetty-server-9.4.43.v20210629.jar:/home/runner/.m2/repository/org/eclipse/jetty/jetty-http/9.4.43.v20210629/jetty-http-9.4.43.v20210629.jar:/home/runner/.m2/repository/org/eclipse/jetty/jetty-io/9.4.43.v20210629/jetty-io-9.4.43.v20210629.jar:/home/runner/.m2/repository/org/eclipse/jetty/jetty-webapp/9.4.43.v20210629/jetty-webapp-9.4.43.v20210629.jar:/home/runner/.m2/repository/org/eclipse/jetty/jetty-xml/9.4.43.v20210629/jetty-xml-9.4.43.v20210629.jar:/home/runner/.m2/repository/org/apache/hadoop/hadoop-common/3.3.1/hadoop-common-3.3.1.jar:/home/runner/.m2/repository/org/apache/commons/commons-math3/3.1.1/commons-math3-3.1.1.jar:/home/runner/.m2/repository/commons-net/commons-net/3.6/commons-net-3.6.jar:/home/runner/.m2/repository/jakarta/activation/jakarta.activation-api/1.2.1/jakarta.activation-api-1.2.1.jar:/home/runner/.m2/repository/com/sun/jersey/jersey-servlet/1.19/jersey-servlet-1.19.jar:/home/runner/.m2/repository/com/sun/jersey/jersey-json/1.19/jersey-json-1.19.jar:/home/runner/.m2/repository/org/codehaus/jettison/jettison/1.1/jettison-1.1.jar:/home/runner/.m2/repository/com/sun/xml/bind/jaxb-impl/2.2.3-1/jaxb-impl-2.2.3-1.jar:/home/runner/.m2/repository/org/codehaus/jackson/jackson-jaxrs/1.9.2/jackson-jaxrs-1.9.2.jar:/home/runner/.m2/repository/org/codehaus/jackson/jackson-xc/1.9.2/jackson-xc-1.9.2.jar:/home/runner/.m2/repository/org/apache/commons/commons-configuration2/2.1.1/commons-configuration2-2.1.1.jar:/home/runner/.m2/repository/org/apache/commons/commons-text/1.4/commons-text-1.4.jar:/home/runner/.m2/repository/com/google/re2j/re2j/1.1/re2j-1.1.jar:/home/runner/.m2/repository/com/jcraft/jsch/0.1.54/jsch-0.1.54.jar:/home/runner/.m2/repository/org/apache/curator/curator-client/4.2.0/curator-client-4.2.0.jar:/home/runner/.m2/repository/org/apache/curator/curator-recipes/4.2.0/curator-recipes-4.2.0.jar:/home/runner/.m2/repository/org/apache/kerby/kerb-core/1.0.1/kerb-core-1.0.1.jar:/home/runner/.m2/repository/org/apache/kerby/kerby-pkix/1.0.1/kerby-pkix-1.0.1.jar:/home/runner/.m2/repository/org/apache/kerby/kerby-asn1/1.0.1/kerby-asn1-1.0.1.jar:/home/runner/.m2/repository/org/apache/kerby/kerby-util/1.0.1/kerby-util-1.0.1.jar:/home/runner/.m2/repository/dnsjava/dnsjava/2.1.7/dnsjava-2.1.7.jar:/home/runner/.m2/repository/org/xerial/snappy/snappy-java/1.1.8.2/snappy-java-1.1.8.2.jar:/home/runner/.m2/repository/org/slf4j/jul-to-slf4j/1.7.30/jul-to-slf4j-1.7.30.jar:/home/runner/.m2/repository/org/eclipse/jetty/jetty-util/9.4.43.v20210629/jetty-util-9.4.43.v20210629.jar:/home/runner/.m2/repository/com/fasterxml/jackson/core/jackson-databind/2.12.1/jackson-databind-2.12.1.jar:/home/runner/.m2/repository/org/apache/hadoop/hadoop-kms/3.3.1/hadoop-kms-3.3.1-tests.jar:/home/runner/.m2/repository/org/apache/ozone/hdds-server-scm/1.3.0-SNAPSHOT/hdds-server-scm-1.3.0-SNAPSHOT-tests.jar:/home/runner/.m2/repository/org/apache/ozone/hdds-container-service/1.3.0-SNAPSHOT/hdds-container-service-1.3.0-SNAPSHOT-tests.jar:/home/runner/.m2/repository/commons-codec/commons-codec/1.11/commons-codec-1.11.jar:/home/runner/.m2/repository/io/netty/netty-transport/4.1.63.Final/netty-transport-4.1.63.Final.jar:/home/runner/.m2/repository/io/netty/netty-resolver/4.1.63.Final/netty-resolver-4.1.63.Final.jar:/home/runner/.m2/repository/io/netty/netty-codec/4.1.63.Final/netty-codec-4.1.63.Final.jar:/home/runner/.m2/repository/io/netty/netty-handler/4.1.63.Final/netty-handler-4.1.63.Final.jar:/home/runner/.m2/repository/org/apache/ozone/hdds-hadoop-dependency-test/1.3.0-SNAPSHOT/hdds-hadoop-dependency-test-1.3.0-SNAPSHOT.jar:/home/runner/.m2/repository/org/apache/hadoop/hadoop-common/3.3.1/hadoop-common-3.3.1-tests.jar:/home/runner/.m2/repository/org/assertj/assertj-core/3.12.2/assertj-core-3.12.2.jar:/home/runner/.m2/repository/org/apache/hadoop/hadoop-hdfs/3.3.1/hadoop-hdfs-3.3.1-tests.jar:/home/runner/.m2/repository/org/eclipse/jetty/jetty-util-ajax/9.4.43.v20210629/jetty-util-ajax-9.4.43.v20210629.jar:/home/runner/.m2/repository/commons-daemon/commons-daemon/1.0.13/commons-daemon-1.0.13.jar:/home/runner/.m2/repository/io/netty/netty/3.10.6.Final/netty-3.10.6.Final.jar:/home/runner/.m2/repository/io/netty/netty-all/4.1.63.Final/netty-all-4.1.63.Final.jar:/home/runner/.m2/repository/org/apache/htrace/htrace-core4/4.1.0-incubating/htrace-core4-4.1.0-incubating.jar:/home/runner/.m2/repository/org/fusesource/leveldbjni/leveldbjni-all/1.8/leveldbjni-all-1.8.jar:/home/runner/.m2/repository/org/apache/hadoop/hadoop-distcp/3.3.1/hadoop-distcp-3.3.1.jar:/home/runner/.m2/repository/org/apache/hadoop/hadoop-mapreduce-client-jobclient/3.3.1/hadoop-mapreduce-client-jobclient-3.3.1.jar:/home/runner/.m2/repository/org/apache/hadoop/hadoop-mapreduce-client-common/3.3.1/hadoop-mapreduce-client-common-3.3.1.jar:/home/runner/.m2/repository/org/apache/hadoop/hadoop-yarn-common/3.3.1/hadoop-yarn-common-3.3.1.jar:/home/runner/.m2/repository/org/apache/hadoop/hadoop-yarn-api/3.3.1/hadoop-yarn-api-3.3.1.jar:/home/runner/.m2/repository/com/sun/jersey/jersey-client/1.19/jersey-client-1.19.jar:/home/runner/.m2/repository/com/sun/jersey/contribs/jersey-guice/1.19/jersey-guice-1.19.jar:/home/runner/.m2/repository/com/fasterxml/jackson/jaxrs/jackson-jaxrs-json-provider/2.12.1/jackson-jaxrs-json-provider-2.12.1.jar:/home/runner/.m2/repository/com/fasterxml/jackson/jaxrs/jackson-jaxrs-base/2.12.1/jackson-jaxrs-base-2.12.1.jar:/home/runner/.m2/repository/org/apache/hadoop/hadoop-yarn-client/3.3.1/hadoop-yarn-client-3.3.1.jar:/home/runner/.m2/repository/org/eclipse/jetty/websocket/websocket-client/9.4.40.v20210413/websocket-client-9.4.40.v20210413.jar:/home/runner/.m2/repository/org/eclipse/jetty/jetty-client/9.4.40.v20210413/jetty-client-9.4.40.v20210413.jar:/home/runner/.m2/repository/org/eclipse/jetty/websocket/websocket-common/9.4.40.v20210413/websocket-common-9.4.40.v20210413.jar:/home/runner/.m2/repository/org/eclipse/jetty/websocket/websocket-api/9.4.40.v20210413/websocket-api-9.4.40.v20210413.jar:/home/runner/.m2/repository/org/jline/jline/3.9.0/jline-3.9.0.jar:/home/runner/.m2/repository/org/apache/hadoop/hadoop-mapreduce-client-core/3.3.1/hadoop-mapreduce-client-core-3.3.1.jar:/home/runner/.m2/repository/org/apache/avro/avro/1.7.7/avro-1.7.7.jar:/home/runner/.m2/repository/org/codehaus/jackson/jackson-core-asl/1.9.13/jackson-core-asl-1.9.13.jar:/home/runner/.m2/repository/org/codehaus/jackson/jackson-mapper-asl/1.9.13/jackson-mapper-asl-1.9.13.jar:/home/runner/.m2/repository/com/thoughtworks/paranamer/paranamer/2.3/paranamer-2.3.jar:/home/runner/.m2/repository/org/apache/hadoop/hadoop-annotations/3.3.1/hadoop-annotations-3.3.1.jar:/usr/lib/jvm/temurin-8-jdk-amd64/jre/../lib/tools.jar:/home/runner/.m2/repository/org/apache/hadoop/hadoop-distcp/3.3.1/hadoop-distcp-3.3.1-tests.jar:/home/runner/.m2/repository/org/apache/ratis/ratis-common/2.2.0/ratis-common-2.2.0.jar:/home/runner/.m2/repository/org/apache/ratis/ratis-thirdparty-misc/0.7.0/ratis-thirdparty-misc-0.7.0.jar:/home/runner/.m2/repository/org/apache/ratis/ratis-proto/2.2.0/ratis-proto-2.2.0.jar:"/>
    <property name="java.vm.vendor" value="Temurin"/>
    <property name="sun.arch.data.model" value="64"/>
    <property name="test.build.dir" value="/home/runner/work/ozone/ozone/hadoop-ozone/integration-test/target/test-dir"/>
    <property name="test.cache.data" value=""/>
    <property name="java.vendor.url" value="https://adoptium.net/"/>
    <property name="user.timezone" value=""/>
    <property name="java.vm.specification.version" value="1.8"/>
    <property name="os.name" value="Linux"/>
    <property name="test.build.data" value="/home/runner/work/ozone/ozone/hadoop-ozone/integration-test/target/test-dir"/>
    <property name="sun.java.launcher" value="SUN_STANDARD"/>
    <property name="sun.boot.library.path" value="/usr/lib/jvm/temurin-8-jdk-amd64/jre/lib/amd64"/>
    <property name="sun.java.command" value="/home/runner/work/ozone/ozone/hadoop-ozone/integration-test/target/surefire/surefirebooter3269223691874786744.jar /home/runner/work/ozone/ozone/hadoop-ozone/integration-test/target/surefire 2022-02-08T13-04-23_452-jvmRun1 surefire4578774967063376493tmp surefire_206578696772694605328tmp"/>
    <property name="surefire.test.class.path" value="/home/runner/work/ozone/ozone/hadoop-ozone/integration-test/target/test-classes:/home/runner/work/ozone/ozone/hadoop-ozone/integration-test/target/classes:/home/runner/.m2/repository/org/apache/ozone/ozone-common/1.3.0-SNAPSHOT/ozone-common-1.3.0-SNAPSHOT.jar:/home/runner/.m2/repository/org/apache/commons/commons-compress/1.21/commons-compress-1.21.jar:/home/runner/.m2/repository/org/apache/ozone/hdds-common/1.3.0-SNAPSHOT/hdds-common-1.3.0-SNAPSHOT.jar:/home/runner/.m2/repository/org/apache/ozone/hdds-client/1.3.0-SNAPSHOT/hdds-client-1.3.0-SNAPSHOT.jar:/home/runner/.m2/repository/org/apache/ozone/ozone-interface-client/1.3.0-SNAPSHOT/ozone-interface-client-1.3.0-SNAPSHOT.jar:/home/runner/.m2/repository/org/apache/ozone/hdds-test-utils/1.3.0-SNAPSHOT/hdds-test-utils-1.3.0-SNAPSHOT.jar:/home/runner/.m2/repository/com/google/guava/guava/30.1.1-jre/guava-30.1.1-jre.jar:/home/runner/.m2/repository/com/google/guava/failureaccess/1.0.1/failureaccess-1.0.1.jar:/home/runner/.m2/repository/com/google/guava/listenablefuture/9999.0-empty-to-avoid-conflict-with-guava/listenablefuture-9999.0-empty-to-avoid-conflict-with-guava.jar:/home/runner/.m2/repository/com/google/code/findbugs/jsr305/3.0.0/jsr305-3.0.0.jar:/home/runner/.m2/repository/org/checkerframework/checker-qual/3.8.0/checker-qual-3.8.0.jar:/home/runner/.m2/repository/com/google/errorprone/error_prone_annotations/2.2.0/error_prone_annotations-2.2.0.jar:/home/runner/.m2/repository/com/google/j2objc/j2objc-annotations/1.3/j2objc-annotations-1.3.jar:/home/runner/.m2/repository/commons-io/commons-io/2.11.0/commons-io-2.11.0.jar:/home/runner/.m2/repository/commons-logging/commons-logging/1.2/commons-logging-1.2.jar:/home/runner/.m2/repository/log4j/log4j/1.2.17/log4j-1.2.17.jar:/home/runner/.m2/repository/org/slf4j/slf4j-api/1.7.30/slf4j-api-1.7.30.jar:/home/runner/.m2/repository/org/apache/ozone/hdds-server-scm/1.3.0-SNAPSHOT/hdds-server-scm-1.3.0-SNAPSHOT.jar:/home/runner/.m2/repository/org/apache/ozone/hdds-container-service/1.3.0-SNAPSHOT/hdds-container-service-1.3.0-SNAPSHOT.jar:/home/runner/.m2/repository/org/apache/ozone/hdds-hadoop-dependency-server/1.3.0-SNAPSHOT/hdds-hadoop-dependency-server-1.3.0-SNAPSHOT.jar:/home/runner/.m2/repository/org/apache/hadoop/hadoop-hdfs/3.3.1/hadoop-hdfs-3.3.1.jar:/home/runner/.m2/repository/org/apache/ozone/hdds-server-framework/1.3.0-SNAPSHOT/hdds-server-framework-1.3.0-SNAPSHOT.jar:/home/runner/.m2/repository/org/apache/ozone/hdds-interface-server/1.3.0-SNAPSHOT/hdds-interface-server-1.3.0-SNAPSHOT.jar:/home/runner/.m2/repository/org/eclipse/jetty/jetty-servlet/9.4.43.v20210629/jetty-servlet-9.4.43.v20210629.jar:/home/runner/.m2/repository/org/eclipse/jetty/jetty-security/9.4.43.v20210629/jetty-security-9.4.43.v20210629.jar:/home/runner/.m2/repository/org/rocksdb/rocksdbjni/6.25.3/rocksdbjni-6.25.3.jar:/home/runner/.m2/repository/io/prometheus/simpleclient_dropwizard/0.7.0/simpleclient_dropwizard-0.7.0.jar:/home/runner/.m2/repository/io/prometheus/simpleclient/0.7.0/simpleclient-0.7.0.jar:/home/runner/.m2/repository/io/prometheus/simpleclient_common/0.7.0/simpleclient_common-0.7.0.jar:/home/runner/.m2/repository/com/fasterxml/jackson/datatype/jackson-datatype-jsr310/2.12.1/jackson-datatype-jsr310-2.12.1.jar:/home/runner/.m2/repository/io/dropwizard/metrics/metrics-core/3.2.4/metrics-core-3.2.4.jar:/home/runner/.m2/repository/org/apache/hadoop/hadoop-hdfs-client/3.3.1/hadoop-hdfs-client-3.3.1.jar:/home/runner/.m2/repository/org/bouncycastle/bcprov-jdk15on/1.67/bcprov-jdk15on-1.67.jar:/home/runner/.m2/repository/com/google/protobuf/protobuf-java/2.5.0/protobuf-java-2.5.0.jar:/home/runner/.m2/repository/org/apache/ozone/ozone-manager/1.3.0-SNAPSHOT/ozone-manager-1.3.0-SNAPSHOT.jar:/home/runner/.m2/repository/org/aspectj/aspectjrt/1.9.7/aspectjrt-1.9.7.jar:/home/runner/.m2/repository/org/aspectj/aspectjweaver/1.9.7/aspectjweaver-1.9.7.jar:/home/runner/.m2/repository/org/apache/ozone/hdds-interface-client/1.3.0-SNAPSHOT/hdds-interface-client-1.3.0-SNAPSHOT.jar:/home/runner/.m2/repository/org/apache/hadoop/thirdparty/hadoop-shaded-protobuf_3_7/1.1.1/hadoop-shaded-protobuf_3_7-1.1.1.jar:/home/runner/.m2/repository/org/apache/ozone/ozone-interface-storage/1.3.0-SNAPSHOT/ozone-interface-storage-1.3.0-SNAPSHOT.jar:/home/runner/.m2/repository/org/reflections/reflections/0.9.11/reflections-0.9.11.jar:/home/runner/.m2/repository/org/apache/hadoop/hadoop-minikdc/3.3.1/hadoop-minikdc-3.3.1.jar:/home/runner/.m2/repository/org/apache/kerby/kerb-simplekdc/1.0.1/kerb-simplekdc-1.0.1.jar:/home/runner/.m2/repository/org/apache/kerby/kerb-client/1.0.1/kerb-client-1.0.1.jar:/home/runner/.m2/repository/org/apache/kerby/kerby-config/1.0.1/kerby-config-1.0.1.jar:/home/runner/.m2/repository/org/apache/kerby/kerb-common/1.0.1/kerb-common-1.0.1.jar:/home/runner/.m2/repository/org/apache/kerby/kerb-crypto/1.0.1/kerb-crypto-1.0.1.jar:/home/runner/.m2/repository/org/apache/kerby/kerb-util/1.0.1/kerb-util-1.0.1.jar:/home/runner/.m2/repository/org/apache/kerby/token-provider/1.0.1/token-provider-1.0.1.jar:/home/runner/.m2/repository/org/apache/kerby/kerb-admin/1.0.1/kerb-admin-1.0.1.jar:/home/runner/.m2/repository/org/apache/kerby/kerb-server/1.0.1/kerb-server-1.0.1.jar:/home/runner/.m2/repository/org/apache/kerby/kerb-identity/1.0.1/kerb-identity-1.0.1.jar:/home/runner/.m2/repository/org/apache/kerby/kerby-xdr/1.0.1/kerby-xdr-1.0.1.jar:/home/runner/.m2/repository/org/slf4j/slf4j-log4j12/1.7.30/slf4j-log4j12-1.7.30.jar:/home/runner/.m2/repository/org/apache/ozone/ozone-s3gateway/1.3.0-SNAPSHOT/ozone-s3gateway-1.3.0-SNAPSHOT.jar:/home/runner/.m2/repository/org/javassist/javassist/3.21.0-GA/javassist-3.21.0-GA.jar:/home/runner/.m2/repository/org/jboss/weld/servlet/weld-servlet/2.4.7.Final/weld-servlet-2.4.7.Final.jar:/home/runner/.m2/repository/org/glassfish/jersey/containers/jersey-container-servlet-core/2.33/jersey-container-servlet-core-2.33.jar:/home/runner/.m2/repository/org/glassfish/hk2/external/jakarta.inject/2.6.1/jakarta.inject-2.6.1.jar:/home/runner/.m2/repository/org/glassfish/jersey/core/jersey-common/2.33/jersey-common-2.33.jar:/home/runner/.m2/repository/jakarta/ws/rs/jakarta.ws.rs-api/2.1.6/jakarta.ws.rs-api-2.1.6.jar:/home/runner/.m2/repository/org/glassfish/jersey/ext/cdi/jersey-cdi1x/2.33/jersey-cdi1x-2.33.jar:/home/runner/.m2/repository/org/glassfish/jersey/inject/jersey-hk2/2.33/jersey-hk2-2.33.jar:/home/runner/.m2/repository/org/glassfish/hk2/hk2-locator/2.6.1/hk2-locator-2.6.1.jar:/home/runner/.m2/repository/org/glassfish/jersey/media/jersey-media-jaxb/2.33/jersey-media-jaxb-2.33.jar:/home/runner/.m2/repository/org/glassfish/hk2/osgi-resource-locator/1.0.3/osgi-resource-locator-1.0.3.jar:/home/runner/.m2/repository/org/glassfish/hk2/hk2-api/2.5.0/hk2-api-2.5.0.jar:/home/runner/.m2/repository/org/glassfish/hk2/hk2-utils/2.5.0/hk2-utils-2.5.0.jar:/home/runner/.m2/repository/org/glassfish/hk2/external/aopalliance-repackaged/2.5.0/aopalliance-repackaged-2.5.0.jar:/home/runner/.m2/repository/com/fasterxml/jackson/dataformat/jackson-dataformat-xml/2.12.1/jackson-dataformat-xml-2.12.1.jar:/home/runner/.m2/repository/com/fasterxml/jackson/core/jackson-core/2.12.1/jackson-core-2.12.1.jar:/home/runner/.m2/repository/com/fasterxml/jackson/module/jackson-module-jaxb-annotations/2.12.1/jackson-module-jaxb-annotations-2.12.1.jar:/home/runner/.m2/repository/jakarta/xml/bind/jakarta.xml.bind-api/2.3.2/jakarta.xml.bind-api-2.3.2.jar:/home/runner/.m2/repository/org/codehaus/woodstox/stax2-api/3.1.4/stax2-api-3.1.4.jar:/home/runner/.m2/repository/com/fasterxml/woodstox/woodstox-core/5.0.3/woodstox-core-5.0.3.jar:/home/runner/.m2/repository/javax/enterprise/cdi-api/1.2/cdi-api-1.2.jar:/home/runner/.m2/repository/javax/el/javax.el-api/3.0.0/javax.el-api-3.0.0.jar:/home/runner/.m2/repository/javax/interceptor/javax.interceptor-api/1.2/javax.interceptor-api-1.2.jar:/home/runner/.m2/repository/javax/inject/javax.inject/1/javax.inject-1.jar:/home/runner/.m2/repository/javax/xml/bind/jaxb-api/2.3.0/jaxb-api-2.3.0.jar:/home/runner/.m2/repository/org/glassfish/jaxb/jaxb-runtime/2.3.0.1/jaxb-runtime-2.3.0.1.jar:/home/runner/.m2/repository/org/glassfish/jaxb/jaxb-core/2.3.0.1/jaxb-core-2.3.0.1.jar:/home/runner/.m2/repository/org/glassfish/jaxb/txw2/2.3.0.1/txw2-2.3.0.1.jar:/home/runner/.m2/repository/com/sun/istack/istack-commons-runtime/3.0.5/istack-commons-runtime-3.0.5.jar:/home/runner/.m2/repository/org/jvnet/staxex/stax-ex/1.7.8/stax-ex-1.7.8.jar:/home/runner/.m2/repository/com/sun/xml/fastinfoset/FastInfoset/1.2.13/FastInfoset-1.2.13.jar:/home/runner/.m2/repository/javax/activation/activation/1.1.1/activation-1.1.1.jar:/home/runner/.m2/repository/org/apache/ozone/ozone-csi/1.3.0-SNAPSHOT/ozone-csi-1.3.0-SNAPSHOT.jar:/home/runner/.m2/repository/com/google/protobuf/protobuf-java-util/3.12.0/protobuf-java-util-3.12.0.jar:/home/runner/.m2/repository/com/google/code/gson/gson/2.2.4/gson-2.2.4.jar:/home/runner/.m2/repository/org/apache/ozone/hdds-config/1.3.0-SNAPSHOT/hdds-config-1.3.0-SNAPSHOT.jar:/home/runner/.m2/repository/io/grpc/grpc-netty/1.33.0/grpc-netty-1.33.0.jar:/home/runner/.m2/repository/io/grpc/grpc-core/1.33.0/grpc-core-1.33.0.jar:/home/runner/.m2/repository/com/google/android/annotations/4.1.1.4/annotations-4.1.1.4.jar:/home/runner/.m2/repository/io/netty/netty-codec-http2/4.1.63.Final/netty-codec-http2-4.1.63.Final.jar:/home/runner/.m2/repository/io/netty/netty-codec-http/4.1.63.Final/netty-codec-http-4.1.63.Final.jar:/home/runner/.m2/repository/io/netty/netty-handler-proxy/4.1.63.Final/netty-handler-proxy-4.1.63.Final.jar:/home/runner/.m2/repository/io/netty/netty-codec-socks/4.1.63.Final/netty-codec-socks-4.1.63.Final.jar:/home/runner/.m2/repository/io/perfmark/perfmark-api/0.19.0/perfmark-api-0.19.0.jar:/home/runner/.m2/repository/org/codehaus/mojo/animal-sniffer-annotations/1.18/animal-sniffer-annotations-1.18.jar:/home/runner/.m2/repository/io/netty/netty-transport-native-epoll/4.1.63.Final/netty-transport-native-epoll-4.1.63.Final.jar:/home/runner/.m2/repository/io/netty/netty-common/4.1.63.Final/netty-common-4.1.63.Final.jar:/home/runner/.m2/repository/io/netty/netty-buffer/4.1.63.Final/netty-buffer-4.1.63.Final.jar:/home/runner/.m2/repository/io/netty/netty-transport-native-unix-common/4.1.63.Final/netty-transport-native-unix-common-4.1.63.Final.jar:/home/runner/.m2/repository/io/grpc/grpc-protobuf/1.33.0/grpc-protobuf-1.33.0.jar:/home/runner/.m2/repository/io/grpc/grpc-api/1.33.0/grpc-api-1.33.0.jar:/home/runner/.m2/repository/io/grpc/grpc-context/1.33.0/grpc-context-1.33.0.jar:/home/runner/.m2/repository/com/google/api/grpc/proto-google-common-protos/1.17.0/proto-google-common-protos-1.17.0.jar:/home/runner/.m2/repository/io/grpc/grpc-protobuf-lite/1.33.0/grpc-protobuf-lite-1.33.0.jar:/home/runner/.m2/repository/io/grpc/grpc-stub/1.33.0/grpc-stub-1.33.0.jar:/home/runner/.m2/repository/org/apache/ozone/ozone-recon/1.3.0-SNAPSHOT/ozone-recon-1.3.0-SNAPSHOT.jar:/home/runner/.m2/repository/org/apache/ozone/ozone-reconcodegen/1.3.0-SNAPSHOT/ozone-reconcodegen-1.3.0-SNAPSHOT.jar:/home/runner/.m2/repository/com/google/inject/extensions/guice-multibindings/4.0/guice-multibindings-4.0.jar:/home/runner/.m2/repository/com/google/inject/guice/4.0/guice-4.0.jar:/home/runner/.m2/repository/aopalliance/aopalliance/1.0/aopalliance-1.0.jar:/home/runner/.m2/repository/com/google/inject/extensions/guice-assistedinject/4.0/guice-assistedinject-4.0.jar:/home/runner/.m2/repository/com/google/inject/extensions/guice-servlet/4.0/guice-servlet-4.0.jar:/home/runner/.m2/repository/org/glassfish/jersey/containers/jersey-container-servlet/2.33/jersey-container-servlet-2.33.jar:/home/runner/.m2/repository/org/glassfish/hk2/guice-bridge/2.5.0/guice-bridge-2.5.0.jar:/home/runner/.m2/repository/org/glassfish/jersey/core/jersey-server/2.33/jersey-server-2.33.jar:/home/runner/.m2/repository/org/glassfish/jersey/core/jersey-client/2.33/jersey-client-2.33.jar:/home/runner/.m2/repository/jakarta/annotation/jakarta.annotation-api/1.3.5/jakarta.annotation-api-1.3.5.jar:/home/runner/.m2/repository/jakarta/validation/jakarta.validation-api/2.0.2/jakarta.validation-api-2.0.2.jar:/home/runner/.m2/repository/org/glassfish/jersey/media/jersey-media-json-jackson/2.33/jersey-media-json-jackson-2.33.jar:/home/runner/.m2/repository/org/glassfish/jersey/ext/jersey-entity-filtering/2.33/jersey-entity-filtering-2.33.jar:/home/runner/.m2/repository/org/jooq/jooq/3.11.10/jooq-3.11.10.jar:/home/runner/.m2/repository/org/jooq/jooq-meta/3.11.10/jooq-meta-3.11.10.jar:/home/runner/.m2/repository/org/jooq/jooq-codegen/3.11.10/jooq-codegen-3.11.10.jar:/home/runner/.m2/repository/com/jolbox/bonecp/0.8.0.RELEASE/bonecp-0.8.0.RELEASE.jar:/home/runner/.m2/repository/org/apache/derby/derby/10.14.2.0/derby-10.14.2.0.jar:/home/runner/.m2/repository/org/xerial/sqlite-jdbc/3.25.2/sqlite-jdbc-3.25.2.jar:/home/runner/.m2/repository/org/springframework/spring-jdbc/5.2.18.RELEASE/spring-jdbc-5.2.18.RELEASE.jar:/home/runner/.m2/repository/org/springframework/spring-beans/5.2.18.RELEASE/spring-beans-5.2.18.RELEASE.jar:/home/runner/.m2/repository/org/springframework/spring-core/5.2.18.RELEASE/spring-core-5.2.18.RELEASE.jar:/home/runner/.m2/repository/org/springframework/spring-jcl/5.2.18.RELEASE/spring-jcl-5.2.18.RELEASE.jar:/home/runner/.m2/repository/org/springframework/spring-tx/5.2.18.RELEASE/spring-tx-5.2.18.RELEASE.jar:/home/runner/.m2/repository/org/apache/ozone/ozone-client/1.3.0-SNAPSHOT/ozone-client-1.3.0-SNAPSHOT.jar:/home/runner/.m2/repository/org/apache/ozone/ozone-filesystem/1.3.0-SNAPSHOT/ozone-filesystem-1.3.0-SNAPSHOT.jar:/home/runner/.m2/repository/org/apache/ozone/ozone-filesystem-common/1.3.0-SNAPSHOT/ozone-filesystem-common-1.3.0-SNAPSHOT.jar:/home/runner/.m2/repository/org/apache/ozone/ozone-tools/1.3.0-SNAPSHOT/ozone-tools-1.3.0-SNAPSHOT.jar:/home/runner/.m2/repository/org/apache/ratis/ratis-tools/2.2.0/ratis-tools-2.2.0.jar:/home/runner/.m2/repository/com/amazonaws/aws-java-sdk-core/1.12.124/aws-java-sdk-core-1.12.124.jar:/home/runner/.m2/repository/org/apache/httpcomponents/httpclient/4.5.13/httpclient-4.5.13.jar:/home/runner/.m2/repository/org/apache/httpcomponents/httpcore/4.4.13/httpcore-4.4.13.jar:/home/runner/.m2/repository/software/amazon/ion/ion-java/1.0.2/ion-java-1.0.2.jar:/home/runner/.m2/repository/com/fasterxml/jackson/dataformat/jackson-dataformat-cbor/2.12.1/jackson-dataformat-cbor-2.12.1.jar:/home/runner/.m2/repository/joda-time/joda-time/2.8.1/joda-time-2.8.1.jar:/home/runner/.m2/repository/com/amazonaws/aws-java-sdk-s3/1.12.124/aws-java-sdk-s3-1.12.124.jar:/home/runner/.m2/repository/com/amazonaws/aws-java-sdk-kms/1.12.124/aws-java-sdk-kms-1.12.124.jar:/home/runner/.m2/repository/com/amazonaws/jmespath-java/1.12.124/jmespath-java-1.12.124.jar:/home/runner/.m2/repository/org/kohsuke/metainf-services/metainf-services/1.8/metainf-services-1.8.jar:/home/runner/.m2/repository/org/apache/ozone/hdds-tools/1.3.0-SNAPSHOT/hdds-tools-1.3.0-SNAPSHOT.jar:/home/runner/.m2/repository/commons-cli/commons-cli/1.2/commons-cli-1.2.jar:/home/runner/.m2/repository/org/apache/commons/commons-lang3/3.7/commons-lang3-3.7.jar:/home/runner/.m2/repository/org/apache/ozone/ozone-manager/1.3.0-SNAPSHOT/ozone-manager-1.3.0-SNAPSHOT-tests.jar:/home/runner/.m2/repository/org/apache/ozone/hdds-common/1.3.0-SNAPSHOT/hdds-common-1.3.0-SNAPSHOT-tests.jar:/home/runner/.m2/repository/org/apache/ozone/hdds-hadoop-dependency-client/1.3.0-SNAPSHOT/hdds-hadoop-dependency-client-1.3.0-SNAPSHOT.jar:/home/runner/.m2/repository/info/picocli/picocli/4.6.1/picocli-4.6.1.jar:/home/runner/.m2/repository/com/fasterxml/jackson/core/jackson-annotations/2.12.1/jackson-annotations-2.12.1.jar:/home/runner/.m2/repository/javax/annotation/javax.annotation-api/1.2/javax.annotation-api-1.2.jar:/home/runner/.m2/repository/org/apache/ratis/ratis-server/2.2.0/ratis-server-2.2.0.jar:/home/runner/.m2/repository/org/apache/ratis/ratis-client/2.2.0/ratis-client-2.2.0.jar:/home/runner/.m2/repository/org/apache/ratis/ratis-server-api/2.2.0/ratis-server-api-2.2.0.jar:/home/runner/.m2/repository/org/apache/ratis/ratis-metrics/2.2.0/ratis-metrics-2.2.0.jar:/home/runner/.m2/repository/org/apache/ratis/ratis-netty/2.2.0/ratis-netty-2.2.0.jar:/home/runner/.m2/repository/org/apache/ratis/ratis-grpc/2.2.0/ratis-grpc-2.2.0.jar:/home/runner/.m2/repository/org/apache/logging/log4j/log4j-api/2.17.1/log4j-api-2.17.1.jar:/home/runner/.m2/repository/org/apache/logging/log4j/log4j-core/2.17.1/log4j-core-2.17.1.jar:/home/runner/.m2/repository/com/lmax/disruptor/3.4.2/disruptor-3.4.2.jar:/home/runner/.m2/repository/org/apache/commons/commons-pool2/2.6.0/commons-pool2-2.6.0.jar:/home/runner/.m2/repository/org/bouncycastle/bcpkix-jdk15on/1.67/bcpkix-jdk15on-1.67.jar:/home/runner/.m2/repository/commons-validator/commons-validator/1.6/commons-validator-1.6.jar:/home/runner/.m2/repository/commons-beanutils/commons-beanutils/1.9.4/commons-beanutils-1.9.4.jar:/home/runner/.m2/repository/commons-digester/commons-digester/1.8.1/commons-digester-1.8.1.jar:/home/runner/.m2/repository/commons-collections/commons-collections/3.2.2/commons-collections-3.2.2.jar:/home/runner/.m2/repository/io/jaegertracing/jaeger-client/1.6.0/jaeger-client-1.6.0.jar:/home/runner/.m2/repository/io/jaegertracing/jaeger-thrift/1.6.0/jaeger-thrift-1.6.0.jar:/home/runner/.m2/repository/org/apache/thrift/libthrift/0.14.1/libthrift-0.14.1.jar:/home/runner/.m2/repository/com/squareup/okhttp3/okhttp/4.9.0/okhttp-4.9.0.jar:/home/runner/.m2/repository/com/squareup/okio/okio/2.8.0/okio-2.8.0.jar:/home/runner/.m2/repository/io/jaegertracing/jaeger-core/1.6.0/jaeger-core-1.6.0.jar:/home/runner/.m2/repository/io/jaegertracing/jaeger-tracerresolver/1.6.0/jaeger-tracerresolver-1.6.0.jar:/home/runner/.m2/repository/io/opentracing/contrib/opentracing-tracerresolver/0.1.8/opentracing-tracerresolver-0.1.8.jar:/home/runner/.m2/repository/org/jetbrains/kotlin/kotlin-stdlib/1.4.31/kotlin-stdlib-1.4.31.jar:/home/runner/.m2/repository/org/jetbrains/kotlin/kotlin-stdlib-common/1.4.31/kotlin-stdlib-common-1.4.31.jar:/home/runner/.m2/repository/org/jetbrains/annotations/13.0/annotations-13.0.jar:/home/runner/.m2/repository/io/opentracing/opentracing-util/0.33.0/opentracing-util-0.33.0.jar:/home/runner/.m2/repository/io/opentracing/opentracing-api/0.33.0/opentracing-api-0.33.0.jar:/home/runner/.m2/repository/io/opentracing/opentracing-noop/0.33.0/opentracing-noop-0.33.0.jar:/home/runner/.m2/repository/org/yaml/snakeyaml/1.26/snakeyaml-1.26.jar:/home/runner/.m2/repository/org/apache/ozone/hdds-interface-admin/1.3.0-SNAPSHOT/hdds-interface-admin-1.3.0-SNAPSHOT.jar:/home/runner/.m2/repository/junit/junit/4.13.1/junit-4.13.1.jar:/home/runner/.m2/repository/org/hamcrest/hamcrest-core/1.3/hamcrest-core-1.3.jar:/home/runner/.m2/repository/org/junit/jupiter/junit-jupiter-api/5.7.0/junit-jupiter-api-5.7.0.jar:/home/runner/.m2/repository/org/apiguardian/apiguardian-api/1.1.0/apiguardian-api-1.1.0.jar:/home/runner/.m2/repository/org/opentest4j/opentest4j/1.2.0/opentest4j-1.2.0.jar:/home/runner/.m2/repository/org/junit/platform/junit-platform-commons/1.7.0/junit-platform-commons-1.7.0.jar:/home/runner/.m2/repository/org/junit/jupiter/junit-jupiter-engine/5.7.0/junit-jupiter-engine-5.7.0.jar:/home/runner/.m2/repository/org/junit/platform/junit-platform-engine/1.7.0/junit-platform-engine-1.7.0.jar:/home/runner/.m2/repository/org/junit/vintage/junit-vintage-engine/5.7.0/junit-vintage-engine-5.7.0.jar:/home/runner/.m2/repository/org/junit/platform/junit-platform-launcher/1.7.0/junit-platform-launcher-1.7.0.jar:/home/runner/.m2/repository/org/mockito/mockito-core/2.28.2/mockito-core-2.28.2.jar:/home/runner/.m2/repository/net/bytebuddy/byte-buddy/1.9.10/byte-buddy-1.9.10.jar:/home/runner/.m2/repository/net/bytebuddy/byte-buddy-agent/1.9.10/byte-buddy-agent-1.9.10.jar:/home/runner/.m2/repository/org/objenesis/objenesis/1.0/objenesis-1.0.jar:/home/runner/.m2/repository/org/apache/hadoop/hadoop-kms/3.3.1/hadoop-kms-3.3.1.jar:/home/runner/.m2/repository/org/apache/hadoop/hadoop-auth/3.3.1/hadoop-auth-3.3.1.jar:/home/runner/.m2/repository/com/nimbusds/nimbus-jose-jwt/7.9/nimbus-jose-jwt-7.9.jar:/home/runner/.m2/repository/com/github/stephenc/jcip/jcip-annotations/1.0-1/jcip-annotations-1.0-1.jar:/home/runner/.m2/repository/net/minidev/json-smart/2.3.1/json-smart-2.3.1.jar:/home/runner/.m2/repository/net/minidev/accessors-smart/2.3.1/accessors-smart-2.3.1.jar:/home/runner/.m2/repository/org/ow2/asm/asm/5.0.4/asm-5.0.4.jar:/home/runner/.m2/repository/org/apache/zookeeper/zookeeper/3.5.6/zookeeper-3.5.6.jar:/home/runner/.m2/repository/org/apache/zookeeper/zookeeper-jute/3.5.6/zookeeper-jute-3.5.6.jar:/home/runner/.m2/repository/org/apache/yetus/audience-annotations/0.5.0/audience-annotations-0.5.0.jar:/home/runner/.m2/repository/org/apache/curator/curator-framework/4.2.0/curator-framework-4.2.0.jar:/home/runner/.m2/repository/org/apache/hadoop/thirdparty/hadoop-shaded-guava/1.1.1/hadoop-shaded-guava-1.1.1.jar:/home/runner/.m2/repository/com/sun/jersey/jersey-core/1.19/jersey-core-1.19.jar:/home/runner/.m2/repository/javax/ws/rs/jsr311-api/1.1.1/jsr311-api-1.1.1.jar:/home/runner/.m2/repository/com/sun/jersey/jersey-server/1.19/jersey-server-1.19.jar:/home/runner/.m2/repository/javax/servlet/javax.servlet-api/3.1.0/javax.servlet-api-3.1.0.jar:/home/runner/.m2/repository/org/eclipse/jetty/jetty-server/9.4.43.v20210629/jetty-server-9.4.43.v20210629.jar:/home/runner/.m2/repository/org/eclipse/jetty/jetty-http/9.4.43.v20210629/jetty-http-9.4.43.v20210629.jar:/home/runner/.m2/repository/org/eclipse/jetty/jetty-io/9.4.43.v20210629/jetty-io-9.4.43.v20210629.jar:/home/runner/.m2/repository/org/eclipse/jetty/jetty-webapp/9.4.43.v20210629/jetty-webapp-9.4.43.v20210629.jar:/home/runner/.m2/repository/org/eclipse/jetty/jetty-xml/9.4.43.v20210629/jetty-xml-9.4.43.v20210629.jar:/home/runner/.m2/repository/org/apache/hadoop/hadoop-common/3.3.1/hadoop-common-3.3.1.jar:/home/runner/.m2/repository/org/apache/commons/commons-math3/3.1.1/commons-math3-3.1.1.jar:/home/runner/.m2/repository/commons-net/commons-net/3.6/commons-net-3.6.jar:/home/runner/.m2/repository/jakarta/activation/jakarta.activation-api/1.2.1/jakarta.activation-api-1.2.1.jar:/home/runner/.m2/repository/com/sun/jersey/jersey-servlet/1.19/jersey-servlet-1.19.jar:/home/runner/.m2/repository/com/sun/jersey/jersey-json/1.19/jersey-json-1.19.jar:/home/runner/.m2/repository/org/codehaus/jettison/jettison/1.1/jettison-1.1.jar:/home/runner/.m2/repository/com/sun/xml/bind/jaxb-impl/2.2.3-1/jaxb-impl-2.2.3-1.jar:/home/runner/.m2/repository/org/codehaus/jackson/jackson-jaxrs/1.9.2/jackson-jaxrs-1.9.2.jar:/home/runner/.m2/repository/org/codehaus/jackson/jackson-xc/1.9.2/jackson-xc-1.9.2.jar:/home/runner/.m2/repository/org/apache/commons/commons-configuration2/2.1.1/commons-configuration2-2.1.1.jar:/home/runner/.m2/repository/org/apache/commons/commons-text/1.4/commons-text-1.4.jar:/home/runner/.m2/repository/com/google/re2j/re2j/1.1/re2j-1.1.jar:/home/runner/.m2/repository/com/jcraft/jsch/0.1.54/jsch-0.1.54.jar:/home/runner/.m2/repository/org/apache/curator/curator-client/4.2.0/curator-client-4.2.0.jar:/home/runner/.m2/repository/org/apache/curator/curator-recipes/4.2.0/curator-recipes-4.2.0.jar:/home/runner/.m2/repository/org/apache/kerby/kerb-core/1.0.1/kerb-core-1.0.1.jar:/home/runner/.m2/repository/org/apache/kerby/kerby-pkix/1.0.1/kerby-pkix-1.0.1.jar:/home/runner/.m2/repository/org/apache/kerby/kerby-asn1/1.0.1/kerby-asn1-1.0.1.jar:/home/runner/.m2/repository/org/apache/kerby/kerby-util/1.0.1/kerby-util-1.0.1.jar:/home/runner/.m2/repository/dnsjava/dnsjava/2.1.7/dnsjava-2.1.7.jar:/home/runner/.m2/repository/org/xerial/snappy/snappy-java/1.1.8.2/snappy-java-1.1.8.2.jar:/home/runner/.m2/repository/org/slf4j/jul-to-slf4j/1.7.30/jul-to-slf4j-1.7.30.jar:/home/runner/.m2/repository/org/eclipse/jetty/jetty-util/9.4.43.v20210629/jetty-util-9.4.43.v20210629.jar:/home/runner/.m2/repository/com/fasterxml/jackson/core/jackson-databind/2.12.1/jackson-databind-2.12.1.jar:/home/runner/.m2/repository/org/apache/hadoop/hadoop-kms/3.3.1/hadoop-kms-3.3.1-tests.jar:/home/runner/.m2/repository/org/apache/ozone/hdds-server-scm/1.3.0-SNAPSHOT/hdds-server-scm-1.3.0-SNAPSHOT-tests.jar:/home/runner/.m2/repository/org/apache/ozone/hdds-container-service/1.3.0-SNAPSHOT/hdds-container-service-1.3.0-SNAPSHOT-tests.jar:/home/runner/.m2/repository/commons-codec/commons-codec/1.11/commons-codec-1.11.jar:/home/runner/.m2/repository/io/netty/netty-transport/4.1.63.Final/netty-transport-4.1.63.Final.jar:/home/runner/.m2/repository/io/netty/netty-resolver/4.1.63.Final/netty-resolver-4.1.63.Final.jar:/home/runner/.m2/repository/io/netty/netty-codec/4.1.63.Final/netty-codec-4.1.63.Final.jar:/home/runner/.m2/repository/io/netty/netty-handler/4.1.63.Final/netty-handler-4.1.63.Final.jar:/home/runner/.m2/repository/org/apache/ozone/hdds-hadoop-dependency-test/1.3.0-SNAPSHOT/hdds-hadoop-dependency-test-1.3.0-SNAPSHOT.jar:/home/runner/.m2/repository/org/apache/hadoop/hadoop-common/3.3.1/hadoop-common-3.3.1-tests.jar:/home/runner/.m2/repository/org/assertj/assertj-core/3.12.2/assertj-core-3.12.2.jar:/home/runner/.m2/repository/org/apache/hadoop/hadoop-hdfs/3.3.1/hadoop-hdfs-3.3.1-tests.jar:/home/runner/.m2/repository/org/eclipse/jetty/jetty-util-ajax/9.4.43.v20210629/jetty-util-ajax-9.4.43.v20210629.jar:/home/runner/.m2/repository/commons-daemon/commons-daemon/1.0.13/commons-daemon-1.0.13.jar:/home/runner/.m2/repository/io/netty/netty/3.10.6.Final/netty-3.10.6.Final.jar:/home/runner/.m2/repository/io/netty/netty-all/4.1.63.Final/netty-all-4.1.63.Final.jar:/home/runner/.m2/repository/org/apache/htrace/htrace-core4/4.1.0-incubating/htrace-core4-4.1.0-incubating.jar:/home/runner/.m2/repository/org/fusesource/leveldbjni/leveldbjni-all/1.8/leveldbjni-all-1.8.jar:/home/runner/.m2/repository/org/apache/hadoop/hadoop-distcp/3.3.1/hadoop-distcp-3.3.1.jar:/home/runner/.m2/repository/org/apache/hadoop/hadoop-mapreduce-client-jobclient/3.3.1/hadoop-mapreduce-client-jobclient-3.3.1.jar:/home/runner/.m2/repository/org/apache/hadoop/hadoop-mapreduce-client-common/3.3.1/hadoop-mapreduce-client-common-3.3.1.jar:/home/runner/.m2/repository/org/apache/hadoop/hadoop-yarn-common/3.3.1/hadoop-yarn-common-3.3.1.jar:/home/runner/.m2/repository/org/apache/hadoop/hadoop-yarn-api/3.3.1/hadoop-yarn-api-3.3.1.jar:/home/runner/.m2/repository/com/sun/jersey/jersey-client/1.19/jersey-client-1.19.jar:/home/runner/.m2/repository/com/sun/jersey/contribs/jersey-guice/1.19/jersey-guice-1.19.jar:/home/runner/.m2/repository/com/fasterxml/jackson/jaxrs/jackson-jaxrs-json-provider/2.12.1/jackson-jaxrs-json-provider-2.12.1.jar:/home/runner/.m2/repository/com/fasterxml/jackson/jaxrs/jackson-jaxrs-base/2.12.1/jackson-jaxrs-base-2.12.1.jar:/home/runner/.m2/repository/org/apache/hadoop/hadoop-yarn-client/3.3.1/hadoop-yarn-client-3.3.1.jar:/home/runner/.m2/repository/org/eclipse/jetty/websocket/websocket-client/9.4.40.v20210413/websocket-client-9.4.40.v20210413.jar:/home/runner/.m2/repository/org/eclipse/jetty/jetty-client/9.4.40.v20210413/jetty-client-9.4.40.v20210413.jar:/home/runner/.m2/repository/org/eclipse/jetty/websocket/websocket-common/9.4.40.v20210413/websocket-common-9.4.40.v20210413.jar:/home/runner/.m2/repository/org/eclipse/jetty/websocket/websocket-api/9.4.40.v20210413/websocket-api-9.4.40.v20210413.jar:/home/runner/.m2/repository/org/jline/jline/3.9.0/jline-3.9.0.jar:/home/runner/.m2/repository/org/apache/hadoop/hadoop-mapreduce-client-core/3.3.1/hadoop-mapreduce-client-core-3.3.1.jar:/home/runner/.m2/repository/org/apache/avro/avro/1.7.7/avro-1.7.7.jar:/home/runner/.m2/repository/org/codehaus/jackson/jackson-core-asl/1.9.13/jackson-core-asl-1.9.13.jar:/home/runner/.m2/repository/org/codehaus/jackson/jackson-mapper-asl/1.9.13/jackson-mapper-asl-1.9.13.jar:/home/runner/.m2/repository/com/thoughtworks/paranamer/paranamer/2.3/paranamer-2.3.jar:/home/runner/.m2/repository/org/apache/hadoop/hadoop-annotations/3.3.1/hadoop-annotations-3.3.1.jar:/usr/lib/jvm/temurin-8-jdk-amd64/jre/../lib/tools.jar:/home/runner/.m2/repository/org/apache/hadoop/hadoop-distcp/3.3.1/hadoop-distcp-3.3.1-tests.jar:/home/runner/.m2/repository/org/apache/ratis/ratis-common/2.2.0/ratis-common-2.2.0.jar:/home/runner/.m2/repository/org/apache/ratis/ratis-thirdparty-misc/0.7.0/ratis-thirdparty-misc-0.7.0.jar:/home/runner/.m2/repository/org/apache/ratis/ratis-proto/2.2.0/ratis-proto-2.2.0.jar:"/>
    <property name="sun.cpu.endian" value="little"/>
    <property name="user.home" value="/home/runner"/>
    <property name="user.language" value="en"/>
    <property name="java.specification.vendor" value="Oracle Corporation"/>
    <property name="java.home" value="/usr/lib/jvm/temurin-8-jdk-amd64/jre"/>
    <property name="java.security.krb5.conf" value="/home/runner/work/ozone/ozone/hadoop-ozone/integration-test/target/test-classes/krb5.conf"/>
    <property name="basedir" value="/home/runner/work/ozone/ozone/hadoop-ozone/integration-test"/>
    <property name="file.separator" value="/"/>
    <property name="line.separator" value="&#10;"/>
    <property name="java.vm.specification.vendor" value="Oracle Corporation"/>
    <property name="java.specification.name" value="Java Platform API Specification"/>
    <property name="java.awt.graphicsenv" value="sun.awt.X11GraphicsEnvironment"/>
    <property name="skip.installnpx" value="true"/>
    <property name="surefire.real.class.path" value="/home/runner/work/ozone/ozone/hadoop-ozone/integration-test/target/surefire/surefirebooter3269223691874786744.jar:/home/runner/.m2/repository/org/jacoco/org.jacoco.agent/0.8.5/org.jacoco.agent-0.8.5-runtime.jar"/>
    <property name="hadoop.log.dir" value="/home/runner/work/ozone/ozone/hadoop-ozone/integration-test/target/log"/>
    <property name="sun.boot.class.path" value="/usr/lib/jvm/temurin-8-jdk-amd64/jre/lib/resources.jar:/usr/lib/jvm/temurin-8-jdk-amd64/jre/lib/rt.jar:/usr/lib/jvm/temurin-8-jdk-amd64/jre/lib/sunrsasign.jar:/usr/lib/jvm/temurin-8-jdk-amd64/jre/lib/jsse.jar:/usr/lib/jvm/temurin-8-jdk-amd64/jre/lib/jce.jar:/usr/lib/jvm/temurin-8-jdk-amd64/jre/lib/charsets.jar:/usr/lib/jvm/temurin-8-jdk-amd64/jre/lib/jfr.jar:/usr/lib/jvm/temurin-8-jdk-amd64/jre/classes"/>
    <property name="sun.management.compiler" value="HotSpot 64-Bit Tiered Compilers"/>
    <property name="skip.npx" value="true"/>
    <property name="java.runtime.version" value="1.8.0_312-b07"/>
    <property name="java.net.preferIPv4Stack" value="true"/>
    <property name="user.name" value="runner"/>
    <property name="path.separator" value=":"/>
    <property name="java.security.egd" value="file:///dev/urandom"/>
    <property name="os.version" value="5.4.0-1068-azure"/>
    <property name="java.endorsed.dirs" value="/usr/lib/jvm/temurin-8-jdk-amd64/jre/lib/endorsed"/>
    <property name="java.runtime.name" value="OpenJDK Runtime Environment"/>
    <property name="file.encoding" value="UTF-8"/>
    <property name="java.vm.name" value="OpenJDK 64-Bit Server VM"/>
    <property name="test.build.webapps" value=""/>
    <property name="localRepository" value="/home/runner/.m2/repository"/>
    <property name="java.vendor.url.bug" value="https://github.com/adoptium/adoptium-support/issues"/>
    <property name="java.io.tmpdir" value="/tmp"/>
    <property name="require.test.libhadoop" value=""/>
    <property name="java.version" value="1.8.0_312"/>
    <property name="user.dir" value="/home/runner/work/ozone/ozone/hadoop-ozone/integration-test"/>
    <property name="os.arch" value="amd64"/>
    <property name="java.vm.specification.name" value="Java Virtual Machine Specification"/>
    <property name="test.build.classes" value="/home/runner/work/ozone/ozone/hadoop-ozone/integration-test/target/test-classes"/>
    <property name="java.awt.printerjob" value="sun.print.PSPrinterJob"/>
    <property name="sun.os.patch.level" value="unknown"/>
    <property name="hadoop.tmp.dir" value="/home/runner/work/ozone/ozone/hadoop-ozone/integration-test/target/tmp"/>
    <property name="java.library.path" value="/usr/java/packages/lib/amd64:/usr/lib64:/lib64:/lib:/usr/lib"/>
    <property name="java.vm.info" value="mixed mode"/>
    <property name="java.vendor" value="Temurin"/>
    <property name="java.vm.version" value="25.312-b07"/>
    <property name="java.ext.dirs" value="/usr/lib/jvm/temurin-8-jdk-amd64/jre/lib/ext:/usr/java/packages/lib/ext"/>
    <property name="sun.io.unicode.encoding" value="UnicodeLittle"/>
    <property name="java.class.version" value="52.0"/>
  </properties>
  <testcase name="testWatchForCommitWithKeyWrite" classname="org.apache.hadoop.ozone.client.rpc.TestWatchForCommit" time="106.19">
    <error message="java.io.IOException: INTERNAL_ERROR org.apache.hadoop.ozone.om.exceptions.OMException: Allocated 0 blocks. Requested 1 blocks" type="java.io.IOException">java.io.IOException: java.io.IOException: INTERNAL_ERROR org.apache.hadoop.ozone.om.exceptions.OMException: Allocated 0 blocks. Requested 1 blocks
	at org.apache.hadoop.ozone.client.io.KeyOutputStream.handleWrite(KeyOutputStream.java:243)
	at org.apache.hadoop.ozone.client.io.KeyOutputStream.write(KeyOutputStream.java:213)
	at org.apache.hadoop.ozone.client.io.OzoneOutputStream.write(OzoneOutputStream.java:50)
	at java.io.OutputStream.write(OutputStream.java:75)
	at org.apache.hadoop.ozone.client.rpc.TestWatchForCommit.testWatchForCommitWithKeyWrite(TestWatchForCommit.java:226)
	at sun.reflect.NativeMethodAccessorImpl.invoke0(Native Method)
	at sun.reflect.NativeMethodAccessorImpl.invoke(NativeMethodAccessorImpl.java:62)
	at sun.reflect.DelegatingMethodAccessorImpl.invoke(DelegatingMethodAccessorImpl.java:43)
	at java.lang.reflect.Method.invoke(Method.java:498)
	at org.junit.runners.model.FrameworkMethod$1.runReflectiveCall(FrameworkMethod.java:59)
	at org.junit.internal.runners.model.ReflectiveCallable.run(ReflectiveCallable.java:12)
	at org.junit.runners.model.FrameworkMethod.invokeExplosively(FrameworkMethod.java:56)
	at org.junit.internal.runners.statements.InvokeMethod.evaluate(InvokeMethod.java:17)
	at org.junit.internal.runners.statements.RunBefores.evaluate(RunBefores.java:26)
	at org.junit.internal.runners.statements.RunAfters.evaluate(RunAfters.java:27)
	at org.junit.runners.ParentRunner$3.evaluate(ParentRunner.java:306)
	at org.junit.runners.BlockJUnit4ClassRunner$1.evaluate(BlockJUnit4ClassRunner.java:100)
	at org.junit.runners.ParentRunner.runLeaf(ParentRunner.java:366)
	at org.junit.runners.BlockJUnit4ClassRunner.runChild(BlockJUnit4ClassRunner.java:103)
	at org.junit.runners.BlockJUnit4ClassRunner.runChild(BlockJUnit4ClassRunner.java:63)
	at org.junit.runners.ParentRunner$4.run(ParentRunner.java:331)
	at org.junit.runners.ParentRunner$1.schedule(ParentRunner.java:79)
	at org.junit.runners.ParentRunner.runChildren(ParentRunner.java:329)
	at org.junit.runners.ParentRunner.access$100(ParentRunner.java:66)
	at org.junit.runners.ParentRunner$2.evaluate(ParentRunner.java:293)
	at org.junit.runners.ParentRunner$3.evaluate(ParentRunner.java:306)
	at org.junit.runners.ParentRunner.run(ParentRunner.java:413)
	at org.junit.runner.JUnitCore.run(JUnitCore.java:137)
	at org.junit.runner.JUnitCore.run(JUnitCore.java:115)
	at org.junit.vintage.engine.execution.RunnerExecutor.execute(RunnerExecutor.java:43)
	at java.util.stream.ForEachOps$ForEachOp$OfRef.accept(ForEachOps.java:183)
	at java.util.stream.ReferencePipeline$3$1.accept(ReferencePipeline.java:193)
	at java.util.Iterator.forEachRemaining(Iterator.java:116)
	at java.util.Spliterators$IteratorSpliterator.forEachRemaining(Spliterators.java:1801)
	at java.util.stream.AbstractPipeline.copyInto(AbstractPipeline.java:482)
	at java.util.stream.AbstractPipeline.wrapAndCopyInto(AbstractPipeline.java:472)
	at java.util.stream.ForEachOps$ForEachOp.evaluateSequential(ForEachOps.java:150)
	at java.util.stream.ForEachOps$ForEachOp$OfRef.evaluateSequential(ForEachOps.java:173)
	at java.util.stream.AbstractPipeline.evaluate(AbstractPipeline.java:234)
	at java.util.stream.ReferencePipeline.forEach(ReferencePipeline.java:485)
	at org.junit.vintage.engine.VintageTestEngine.executeAllChildren(VintageTestEngine.java:82)
	at org.junit.vintage.engine.VintageTestEngine.execute(VintageTestEngine.java:73)
	at org.junit.platform.launcher.core.EngineExecutionOrchestrator.execute(EngineExecutionOrchestrator.java:108)
	at org.junit.platform.launcher.core.EngineExecutionOrchestrator.execute(EngineExecutionOrchestrator.java:88)
	at org.junit.platform.launcher.core.EngineExecutionOrchestrator.lambda$execute$0(EngineExecutionOrchestrator.java:54)
	at org.junit.platform.launcher.core.EngineExecutionOrchestrator.withInterceptedStreams(EngineExecutionOrchestrator.java:67)
	at org.junit.platform.launcher.core.EngineExecutionOrchestrator.execute(EngineExecutionOrchestrator.java:52)
	at org.junit.platform.launcher.core.DefaultLauncher.execute(DefaultLauncher.java:96)
	at org.junit.platform.launcher.core.DefaultLauncher.execute(DefaultLauncher.java:75)
	at org.apache.maven.surefire.junitplatform.JUnitPlatformProvider.invokeAllTests(JUnitPlatformProvider.java:142)
	at org.apache.maven.surefire.junitplatform.JUnitPlatformProvider.invoke(JUnitPlatformProvider.java:113)
	at org.apache.maven.surefire.booter.ForkedBooter.invokeProviderInSameClassLoader(ForkedBooter.java:384)
	at org.apache.maven.surefire.booter.ForkedBooter.runSuitesInProcess(ForkedBooter.java:345)
	at org.apache.maven.surefire.booter.ForkedBooter.execute(ForkedBooter.java:126)
	at org.apache.maven.surefire.booter.ForkedBooter.main(ForkedBooter.java:418)
Caused by: java.io.IOException: INTERNAL_ERROR org.apache.hadoop.ozone.om.exceptions.OMException: Allocated 0 blocks. Requested 1 blocks
	at org.apache.hadoop.ozone.client.io.KeyOutputStream.handleWrite(KeyOutputStream.java:243)
	at org.apache.hadoop.ozone.client.io.KeyOutputStream.handleRetry(KeyOutputStream.java:415)
	at org.apache.hadoop.ozone.client.io.KeyOutputStream.handleException(KeyOutputStream.java:360)
	at org.apache.hadoop.ozone.client.io.KeyOutputStream.handleFlushOrClose(KeyOutputStream.java:471)
	at org.apache.hadoop.ozone.client.io.KeyOutputStream.handleWrite(KeyOutputStream.java:237)
	... 54 more
Caused by: INTERNAL_ERROR org.apache.hadoop.ozone.om.exceptions.OMException: Allocated 0 blocks. Requested 1 blocks
	at org.apache.hadoop.ozone.om.protocolPB.OzoneManagerProtocolClientSideTranslatorPB.handleError(OzoneManagerProtocolClientSideTranslatorPB.java:654)
	at org.apache.hadoop.ozone.om.protocolPB.OzoneManagerProtocolClientSideTranslatorPB.allocateBlock(OzoneManagerProtocolClientSideTranslatorPB.java:684)
	at org.apache.hadoop.ozone.client.io.BlockOutputStreamEntryPool.allocateNewBlock(BlockOutputStreamEntryPool.java:305)
	at org.apache.hadoop.ozone.client.io.BlockOutputStreamEntryPool.allocateBlockIfNeeded(BlockOutputStreamEntryPool.java:366)
	at org.apache.hadoop.ozone.client.io.KeyOutputStream.handleWrite(KeyOutputStream.java:222)
	... 58 more
</error>
    <system-out><![CDATA[2022-02-08 13:52:09,036 [main] WARN  server.ServerUtils (ServerUtils.java:getScmDbDir(148)) - ozone.scm.db.dirs is not configured. We recommend adding this setting. Falling back to ozone.metadata.dirs instead.
2022-02-08 13:52:09,108 [main] INFO  ha.SCMHANodeDetails (SCMHANodeDetails.java:loadSCMHAConfig(157)) - ServiceID for StorageContainerManager is null
2022-02-08 13:52:09,108 [main] INFO  ha.SCMHANodeDetails (SCMHANodeDetails.java:loadSCMHAConfig(162)) - ozone.scm.default.service.id is not defined, falling back to ozone.scm.service.ids to find serviceID for StorageContainerManager if it is HA enabled cluster
2022-02-08 13:52:09,315 [main] INFO  server.RaftServer (ConfUtils.java:logGet(44)) - raft.rpc.type = GRPC (default)
2022-02-08 13:52:09,409 [main] INFO  grpc.GrpcFactory (GrpcFactory.java:checkPooledByteBufAllocatorUseCacheForAllThreads(48)) - PERFORMANCE WARNING: useCacheForAllThreads is true that may cause Netty to create a lot garbage objects and, as a result, trigger GC.
	It is recommended to disable useCacheForAllThreads by setting -Dorg.apache.ratis.thirdparty.io.netty.allocator.useCacheForAllThreads=false in command line.
2022-02-08 13:52:09,421 [main] INFO  grpc.GrpcConfigKeys (ConfUtils.java:logGet(44)) - raft.grpc.admin.port = -1 (default)
2022-02-08 13:52:09,422 [main] INFO  grpc.GrpcConfigKeys (ConfUtils.java:logGet(44)) - raft.grpc.server.port = 9894 (custom)
2022-02-08 13:52:09,423 [main] INFO  grpc.GrpcConfigKeys (ConfUtils.java:logGet(44)) - raft.grpc.client.port = -1 (default)
2022-02-08 13:52:09,423 [main] INFO  grpc.GrpcConfigKeys (ConfUtils.java:logGet(44)) - raft.grpc.server.port = 9894 (custom)
2022-02-08 13:52:09,424 [main] INFO  grpc.GrpcConfigKeys (ConfUtils.java:logGet(44)) - raft.grpc.server.port = 9894 (custom)
2022-02-08 13:52:09,425 [main] INFO  server.GrpcService (ConfUtils.java:logGet(44)) - raft.grpc.message.size.max = 32m (=33554432) (custom)
2022-02-08 13:52:09,428 [main] INFO  server.RaftServerConfigKeys (ConfUtils.java:logGet(44)) - raft.server.log.appender.buffer.byte-limit = 33554432 (custom)
2022-02-08 13:52:09,429 [main] INFO  server.GrpcService (ConfUtils.java:logGet(44)) - raft.grpc.flow.control.window = 1MB (=1048576) (default)
2022-02-08 13:52:09,430 [main] INFO  server.RaftServerConfigKeys (ConfUtils.java:logGet(44)) - raft.server.rpc.request.timeout = 30000ms (custom)
2022-02-08 13:52:09,805 [main] INFO  impl.DataStreamServerImpl (ConfUtils.java:logGet(44)) - raft.datastream.type = DISABLED (default)
2022-02-08 13:52:09,808 [main] INFO  server.RaftServerConfigKeys (ConfUtils.java:logGet(44)) - raft.server.rpc.slowness.timeout = 120000ms (custom)
2022-02-08 13:52:09,809 [main] INFO  server.RaftServerConfigKeys (ConfUtils.java:logGet(44)) - raft.server.leaderelection.leader.step-down.wait-time = 10s (default)
2022-02-08 13:52:09,826 [main] INFO  server.RaftServerConfigKeys (ConfUtils.java:logGet(44)) - raft.server.storage.dir = [/home/runner/work/ozone/ozone/hadoop-ozone/integration-test/target/test-dir/MiniOzoneClusterImpl-44b62ea4-a9d0-4540-a736-82fb29945a00/ozone-meta/scm-ha] (custom)
2022-02-08 13:52:09,834 [main] INFO  server.RaftServer (RaftServerProxy.java:addNew(95)) - 8e830768-0c32-4272-9818-b92ae3ba757d: addNew group-82FB29945A00:[8e830768-0c32-4272-9818-b92ae3ba757d|rpc:fv-az148-480:9894|priority:0] returns group-82FB29945A00:java.util.concurrent.CompletableFuture@5a9800f8[Not completed]
2022-02-08 13:52:09,856 [pool-1-thread-1] INFO  server.RaftServer$Division (RaftServerImpl.java:<init>(184)) - 8e830768-0c32-4272-9818-b92ae3ba757d: new RaftServerImpl for group-82FB29945A00:[8e830768-0c32-4272-9818-b92ae3ba757d|rpc:fv-az148-480:9894|priority:0] with SCMStateMachine:uninitialized
2022-02-08 13:52:09,858 [pool-1-thread-1] INFO  server.RaftServerConfigKeys (ConfUtils.java:logGet(44)) - raft.server.rpc.timeout.min = 5000ms (custom)
2022-02-08 13:52:09,858 [pool-1-thread-1] INFO  server.RaftServerConfigKeys (ConfUtils.java:logGet(44)) - raft.server.rpc.timeout.max = 5200ms (custom)
2022-02-08 13:52:09,858 [pool-1-thread-1] INFO  server.RaftServerConfigKeys (ConfUtils.java:logGet(44)) - raft.server.rpc.sleep.time = 25ms (default)
2022-02-08 13:52:09,858 [pool-1-thread-1] INFO  server.RaftServerConfigKeys (ConfUtils.java:logGet(44)) - raft.server.rpc.slowness.timeout = 120000ms (custom)
2022-02-08 13:52:09,859 [pool-1-thread-1] INFO  server.RaftServerConfigKeys (ConfUtils.java:logGet(44)) - raft.server.leaderelection.leader.step-down.wait-time = 10s (default)
2022-02-08 13:52:09,859 [pool-1-thread-1] INFO  server.RaftServerConfigKeys (ConfUtils.java:logGet(44)) - raft.server.sleep.deviation.threshold = 300ms (default)
2022-02-08 13:52:09,860 [pool-1-thread-1] INFO  server.RaftServerConfigKeys (ConfUtils.java:logGet(44)) - raft.server.log.appender.install.snapshot.enabled = false (custom)
2022-02-08 13:52:09,865 [pool-1-thread-1] INFO  server.RaftServer$Division (ServerState.java:<init>(105)) - 8e830768-0c32-4272-9818-b92ae3ba757d@group-82FB29945A00: ConfigurationManager, init=-1: [8e830768-0c32-4272-9818-b92ae3ba757d|rpc:fv-az148-480:9894|priority:0], old=null, confs=<EMPTY_MAP>
2022-02-08 13:52:09,865 [pool-1-thread-1] INFO  server.RaftServerConfigKeys (ConfUtils.java:logGet(44)) - raft.server.storage.dir = [/home/runner/work/ozone/ozone/hadoop-ozone/integration-test/target/test-dir/MiniOzoneClusterImpl-44b62ea4-a9d0-4540-a736-82fb29945a00/ozone-meta/scm-ha] (custom)
2022-02-08 13:52:09,870 [pool-1-thread-1] INFO  server.RaftServerConfigKeys (ConfUtils.java:logGet(44)) - raft.server.log.corruption.policy = EXCEPTION (default)
2022-02-08 13:52:09,870 [pool-1-thread-1] INFO  server.RaftServerConfigKeys (ConfUtils.java:logGet(44)) - raft.server.storage.free-space.min = 0MB (=0) (default)
2022-02-08 13:52:09,872 [pool-1-thread-1] INFO  storage.RaftStorageDirectory (RaftStorageDirectoryImpl.java:analyzeStorage(135)) - The storage directory /home/runner/work/ozone/ozone/hadoop-ozone/integration-test/target/test-dir/MiniOzoneClusterImpl-44b62ea4-a9d0-4540-a736-82fb29945a00/ozone-meta/scm-ha/44b62ea4-a9d0-4540-a736-82fb29945a00 does not exist. Creating ...
2022-02-08 13:52:09,877 [pool-1-thread-1] INFO  storage.RaftStorageDirectory (RaftStorageDirectoryImpl.java:tryLock(230)) - Lock on /home/runner/work/ozone/ozone/hadoop-ozone/integration-test/target/test-dir/MiniOzoneClusterImpl-44b62ea4-a9d0-4540-a736-82fb29945a00/ozone-meta/scm-ha/44b62ea4-a9d0-4540-a736-82fb29945a00/in_use.lock acquired by nodename 18376@fv-az148-480
2022-02-08 13:52:09,884 [pool-1-thread-1] INFO  storage.RaftStorage (RaftStorageImpl.java:format(89)) - Storage directory /home/runner/work/ozone/ozone/hadoop-ozone/integration-test/target/test-dir/MiniOzoneClusterImpl-44b62ea4-a9d0-4540-a736-82fb29945a00/ozone-meta/scm-ha/44b62ea4-a9d0-4540-a736-82fb29945a00 has been successfully formatted.
2022-02-08 13:52:09,887 [pool-1-thread-1] INFO  server.RaftServerConfigKeys (ConfUtils.java:logGet(44)) - raft.server.notification.no-leader.timeout = 60s (default)
2022-02-08 13:52:09,889 [pool-1-thread-1] INFO  server.RaftServerConfigKeys (ConfUtils.java:logGet(44)) - raft.server.log.use.memory = false (default)
2022-02-08 13:52:09,897 [pool-1-thread-1] INFO  server.RaftServerConfigKeys (ConfUtils.java:logGet(44)) - raft.server.log.purge.gap = 1000000 (custom)
2022-02-08 13:52:09,897 [pool-1-thread-1] INFO  server.RaftServerConfigKeys (ConfUtils.java:logGet(44)) - raft.server.log.appender.buffer.byte-limit = 33554432 (custom)
2022-02-08 13:52:09,905 [pool-1-thread-1] INFO  metrics.MetricRegistries (MetricRegistriesLoader.java:load(64)) - Loaded MetricRegistries class org.apache.ratis.metrics.impl.MetricRegistriesImpl
2022-02-08 13:52:09,955 [pool-1-thread-1] INFO  server.RaftServerConfigKeys (ConfUtils.java:logGet(44)) - raft.server.log.segment.size.max = 4194304 (custom)
2022-02-08 13:52:09,963 [pool-1-thread-1] INFO  server.RaftServerConfigKeys (ConfUtils.java:logGet(44)) - raft.server.log.segment.cache.num.max = 2 (custom)
2022-02-08 13:52:09,964 [pool-1-thread-1] INFO  server.RaftServerConfigKeys (ConfUtils.java:logGet(44)) - raft.server.log.segment.cache.size.max = 200MB (=209715200) (default)
2022-02-08 13:52:09,970 [pool-1-thread-1] INFO  segmented.SegmentedRaftLogWorker (SegmentedRaftLogWorker.java:<init>(182)) - new 8e830768-0c32-4272-9818-b92ae3ba757d@group-82FB29945A00-SegmentedRaftLogWorker for RaftStorageImpl:Storage Directory /home/runner/work/ozone/ozone/hadoop-ozone/integration-test/target/test-dir/MiniOzoneClusterImpl-44b62ea4-a9d0-4540-a736-82fb29945a00/ozone-meta/scm-ha/44b62ea4-a9d0-4540-a736-82fb29945a00
2022-02-08 13:52:09,970 [pool-1-thread-1] INFO  server.RaftServerConfigKeys (ConfUtils.java:logGet(44)) - raft.server.log.queue.byte-limit = 64MB (=67108864) (default)
2022-02-08 13:52:09,971 [pool-1-thread-1] INFO  server.RaftServerConfigKeys (ConfUtils.java:logGet(44)) - raft.server.log.queue.element-limit = 4096 (default)
2022-02-08 13:52:09,972 [pool-1-thread-1] INFO  server.RaftServerConfigKeys (ConfUtils.java:logGet(44)) - raft.server.log.segment.size.max = 4194304 (custom)
2022-02-08 13:52:09,972 [pool-1-thread-1] INFO  server.RaftServerConfigKeys (ConfUtils.java:logGet(44)) - raft.server.log.preallocated.size = 4194304 (custom)
2022-02-08 13:52:09,972 [pool-1-thread-1] INFO  server.RaftServerConfigKeys (ConfUtils.java:logGet(44)) - raft.server.log.force.sync.num = 128 (default)
2022-02-08 13:52:09,974 [pool-1-thread-1] INFO  server.RaftServerConfigKeys (ConfUtils.java:logGet(44)) - raft.server.log.statemachine.data.sync = true (default)
2022-02-08 13:52:09,974 [pool-1-thread-1] INFO  server.RaftServerConfigKeys (ConfUtils.java:logGet(44)) - raft.server.log.statemachine.data.sync.timeout = 10s (default)
2022-02-08 13:52:09,974 [pool-1-thread-1] INFO  server.RaftServerConfigKeys (ConfUtils.java:logGet(44)) - raft.server.log.statemachine.data.sync.timeout.retry = -1 (default)
2022-02-08 13:52:09,983 [pool-1-thread-1] INFO  server.RaftServerConfigKeys (ConfUtils.java:logGet(44)) - raft.server.log.write.buffer.size = 64KB (=65536) (default)
2022-02-08 13:52:09,983 [pool-1-thread-1] INFO  server.RaftServerConfigKeys (ConfUtils.java:logGet(44)) - raft.server.log.statemachine.data.caching.enabled = false (default)
2022-02-08 13:52:09,990 [pool-1-thread-1] INFO  segmented.SegmentedRaftLogWorker (SegmentedRaftLogWorker.java:lambda$new$0(133)) - 8e830768-0c32-4272-9818-b92ae3ba757d@group-82FB29945A00-SegmentedRaftLogWorker: flushIndex: setUnconditionally 0 -> -1
2022-02-08 13:52:09,990 [pool-1-thread-1] INFO  segmented.SegmentedRaftLogWorker (SegmentedRaftLogWorker.java:lambda$new$0(133)) - 8e830768-0c32-4272-9818-b92ae3ba757d@group-82FB29945A00-SegmentedRaftLogWorker: safeCacheEvictIndex: setUnconditionally 0 -> -1
2022-02-08 13:52:09,994 [pool-1-thread-1] INFO  server.RaftServerConfigKeys (ConfUtils.java:logGet(44)) - raft.server.snapshot.auto.trigger.enabled = true (custom)
2022-02-08 13:52:09,995 [pool-1-thread-1] INFO  server.RaftServerConfigKeys (ConfUtils.java:logGet(44)) - raft.server.snapshot.auto.trigger.threshold = 1000 (custom)
2022-02-08 13:52:09,995 [pool-1-thread-1] INFO  server.RaftServerConfigKeys (ConfUtils.java:logGet(44)) - raft.server.snapshot.retention.file.num = -1 (default)
2022-02-08 13:52:09,996 [pool-1-thread-1] INFO  server.RaftServerConfigKeys (ConfUtils.java:logGet(44)) - raft.server.log.purge.upto.snapshot.index = false (default)
2022-02-08 13:52:09,997 [pool-1-thread-1] INFO  server.RaftServerConfigKeys (ConfUtils.java:logGet(44)) - raft.server.retrycache.expirytime = 60000ms (default)
2022-02-08 13:52:09,998 [pool-1-thread-1] INFO  server.RaftServerConfigKeys (ConfUtils.java:logGet(44)) - raft.server.retrycache.statistics.expirytime = 100μs (default)
2022-02-08 13:52:10,039 [main] INFO  server.RaftServer$Division (RaftServerImpl.java:start(301)) - 8e830768-0c32-4272-9818-b92ae3ba757d@group-82FB29945A00: start as a follower, conf=-1: [8e830768-0c32-4272-9818-b92ae3ba757d|rpc:fv-az148-480:9894|priority:0], old=null
2022-02-08 13:52:10,041 [main] INFO  server.RaftServer$Division (RaftServerImpl.java:setRole(290)) - 8e830768-0c32-4272-9818-b92ae3ba757d@group-82FB29945A00: changes role from      null to FOLLOWER at term 0 for startAsFollower
2022-02-08 13:52:10,042 [main] INFO  impl.RoleInfo (RoleInfo.java:updateAndGet(130)) - 8e830768-0c32-4272-9818-b92ae3ba757d: start 8e830768-0c32-4272-9818-b92ae3ba757d@group-82FB29945A00-FollowerState
2022-02-08 13:52:10,047 [main] INFO  util.JmxRegister (JmxRegister.java:tryRegister(44)) - Successfully registered JMX Bean with object name Ratis:service=RaftServer,group=group-82FB29945A00,id=8e830768-0c32-4272-9818-b92ae3ba757d
2022-02-08 13:52:10,053 [main] INFO  server.RaftServer (RaftServerProxy.java:lambda$start$5(374)) - 8e830768-0c32-4272-9818-b92ae3ba757d: start RPC server
2022-02-08 13:52:10,124 [main] INFO  server.GrpcService (GrpcService.java:startImpl(253)) - 8e830768-0c32-4272-9818-b92ae3ba757d: GrpcService started, listening on 9894
2022-02-08 13:52:10,127 [org.apache.ratis.util.JvmPauseMonitor$$Lambda$431/1827212229@a567e72] INFO  util.JvmPauseMonitor (JvmPauseMonitor.java:run(103)) - JvmPauseMonitor-8e830768-0c32-4272-9818-b92ae3ba757d: Started
2022-02-08 13:52:15,062 [8e830768-0c32-4272-9818-b92ae3ba757d@group-82FB29945A00-FollowerState] INFO  impl.FollowerState (FollowerState.java:run(134)) - 8e830768-0c32-4272-9818-b92ae3ba757d@group-82FB29945A00-FollowerState: change to CANDIDATE, lastRpcElapsedTime:5019983658ns, electionTimeout:5012ms
2022-02-08 13:52:15,063 [8e830768-0c32-4272-9818-b92ae3ba757d@group-82FB29945A00-FollowerState] INFO  impl.RoleInfo (RoleInfo.java:shutdownFollowerState(108)) - 8e830768-0c32-4272-9818-b92ae3ba757d: shutdown 8e830768-0c32-4272-9818-b92ae3ba757d@group-82FB29945A00-FollowerState
2022-02-08 13:52:15,063 [8e830768-0c32-4272-9818-b92ae3ba757d@group-82FB29945A00-FollowerState] INFO  server.RaftServer$Division (RaftServerImpl.java:setRole(290)) - 8e830768-0c32-4272-9818-b92ae3ba757d@group-82FB29945A00: changes role from  FOLLOWER to CANDIDATE at term 0 for changeToCandidate
2022-02-08 13:52:15,066 [8e830768-0c32-4272-9818-b92ae3ba757d@group-82FB29945A00-FollowerState] INFO  server.RaftServerConfigKeys (ConfUtils.java:logGet(44)) - raft.server.leaderelection.pre-vote = false (custom)
2022-02-08 13:52:15,066 [8e830768-0c32-4272-9818-b92ae3ba757d@group-82FB29945A00-FollowerState] INFO  impl.RoleInfo (RoleInfo.java:updateAndGet(130)) - 8e830768-0c32-4272-9818-b92ae3ba757d: start 8e830768-0c32-4272-9818-b92ae3ba757d@group-82FB29945A00-LeaderElection1
2022-02-08 13:52:15,071 [8e830768-0c32-4272-9818-b92ae3ba757d@group-82FB29945A00-LeaderElection1] INFO  impl.LeaderElection (LeaderElection.java:askForVotes(306)) - 8e830768-0c32-4272-9818-b92ae3ba757d@group-82FB29945A00-LeaderElection1 ELECTION round 0: submit vote requests at term 1 for -1: [8e830768-0c32-4272-9818-b92ae3ba757d|rpc:fv-az148-480:9894|priority:0], old=null
2022-02-08 13:52:15,072 [8e830768-0c32-4272-9818-b92ae3ba757d@group-82FB29945A00-LeaderElection1] INFO  impl.LeaderElection (LeaderElection.java:askForVotes(308)) - 8e830768-0c32-4272-9818-b92ae3ba757d@group-82FB29945A00-LeaderElection1 ELECTION round 0: result PASSED (term=1)
2022-02-08 13:52:15,073 [8e830768-0c32-4272-9818-b92ae3ba757d@group-82FB29945A00-LeaderElection1] INFO  impl.RoleInfo (RoleInfo.java:shutdownLeaderElection(121)) - 8e830768-0c32-4272-9818-b92ae3ba757d: shutdown 8e830768-0c32-4272-9818-b92ae3ba757d@group-82FB29945A00-LeaderElection1
2022-02-08 13:52:15,074 [8e830768-0c32-4272-9818-b92ae3ba757d@group-82FB29945A00-LeaderElection1] INFO  server.RaftServer$Division (RaftServerImpl.java:setRole(290)) - 8e830768-0c32-4272-9818-b92ae3ba757d@group-82FB29945A00: changes role from CANDIDATE to LEADER at term 1 for changeToLeader
2022-02-08 13:52:15,074 [8e830768-0c32-4272-9818-b92ae3ba757d@group-82FB29945A00-LeaderElection1] INFO  server.RaftServer$Division (ServerState.java:setLeader(285)) - 8e830768-0c32-4272-9818-b92ae3ba757d@group-82FB29945A00: change Leader from null to 8e830768-0c32-4272-9818-b92ae3ba757d at term 1 for becomeLeader, leader elected after 5187ms
2022-02-08 13:52:15,081 [8e830768-0c32-4272-9818-b92ae3ba757d@group-82FB29945A00-LeaderElection1] INFO  server.RaftServerConfigKeys (ConfUtils.java:logGet(44)) - raft.server.staging.catchup.gap = 1000 (default)
2022-02-08 13:52:15,087 [8e830768-0c32-4272-9818-b92ae3ba757d@group-82FB29945A00-LeaderElection1] INFO  server.RaftServerConfigKeys (ConfUtils.java:logGet(44)) - raft.server.write.element-limit = 4096 (default)
2022-02-08 13:52:15,088 [8e830768-0c32-4272-9818-b92ae3ba757d@group-82FB29945A00-LeaderElection1] INFO  server.RaftServerConfigKeys (ConfUtils.java:logGet(44)) - raft.server.write.byte-limit = 64MB (=67108864) (default)
2022-02-08 13:52:15,096 [8e830768-0c32-4272-9818-b92ae3ba757d@group-82FB29945A00-LeaderElection1] INFO  server.RaftServerConfigKeys (ConfUtils.java:logGet(44)) - raft.server.watch.timeout = 10s (default)
2022-02-08 13:52:15,097 [8e830768-0c32-4272-9818-b92ae3ba757d@group-82FB29945A00-LeaderElection1] INFO  server.RaftServerConfigKeys (ConfUtils.java:logGet(44)) - raft.server.watch.timeout.denomination = 1s (default)
2022-02-08 13:52:15,098 [8e830768-0c32-4272-9818-b92ae3ba757d@group-82FB29945A00-LeaderElection1] INFO  server.RaftServerConfigKeys (ConfUtils.java:logGet(44)) - raft.server.watch.element-limit = 65536 (default)
2022-02-08 13:52:15,103 [8e830768-0c32-4272-9818-b92ae3ba757d@group-82FB29945A00-LeaderElection1] INFO  server.RaftServerConfigKeys (ConfUtils.java:logGet(44)) - raft.server.write.element-limit = 4096 (default)
2022-02-08 13:52:15,106 [8e830768-0c32-4272-9818-b92ae3ba757d@group-82FB29945A00-LeaderElection1] INFO  server.RaftServerConfigKeys (ConfUtils.java:logGet(44)) - raft.server.write.follower.gap.ratio.max = -1.0 (default)
2022-02-08 13:52:15,111 [8e830768-0c32-4272-9818-b92ae3ba757d@group-82FB29945A00-LeaderElection1] INFO  impl.RoleInfo (RoleInfo.java:updateAndGet(130)) - 8e830768-0c32-4272-9818-b92ae3ba757d: start 8e830768-0c32-4272-9818-b92ae3ba757d@group-82FB29945A00-LeaderStateImpl
2022-02-08 13:52:15,139 [8e830768-0c32-4272-9818-b92ae3ba757d@group-82FB29945A00-LeaderElection1] INFO  segmented.SegmentedRaftLogWorker (SegmentedRaftLogWorker.java:startLogSegment(394)) - 8e830768-0c32-4272-9818-b92ae3ba757d@group-82FB29945A00-SegmentedRaftLogWorker: Starting segment from index:0
2022-02-08 13:52:15,167 [8e830768-0c32-4272-9818-b92ae3ba757d@group-82FB29945A00-LeaderElection1] INFO  server.RaftServer$Division (ServerState.java:setRaftConf(387)) - 8e830768-0c32-4272-9818-b92ae3ba757d@group-82FB29945A00: set configuration 0: [8e830768-0c32-4272-9818-b92ae3ba757d|rpc:fv-az148-480:9894|admin:|client:|dataStream:|priority:0], old=null
2022-02-08 13:52:15,266 [8e830768-0c32-4272-9818-b92ae3ba757d@group-82FB29945A00-SegmentedRaftLogWorker] INFO  segmented.SegmentedRaftLogWorker (SegmentedRaftLogWorker.java:execute(601)) - 8e830768-0c32-4272-9818-b92ae3ba757d@group-82FB29945A00-SegmentedRaftLogWorker: created new log segment /home/runner/work/ozone/ozone/hadoop-ozone/integration-test/target/test-dir/MiniOzoneClusterImpl-44b62ea4-a9d0-4540-a736-82fb29945a00/ozone-meta/scm-ha/44b62ea4-a9d0-4540-a736-82fb29945a00/current/log_inprogress_0
2022-02-08 13:52:16,129 [main] INFO  server.RaftServer (RaftServerProxy.java:lambda$close$6(391)) - 8e830768-0c32-4272-9818-b92ae3ba757d: close
2022-02-08 13:52:16,131 [main] INFO  server.RaftServer$Division (RaftServerImpl.java:lambda$close$4(412)) - 8e830768-0c32-4272-9818-b92ae3ba757d@group-82FB29945A00: shutdown
2022-02-08 13:52:16,132 [main] INFO  util.JmxRegister (JmxRegister.java:unregister(73)) - Successfully un-registered JMX Bean with object name Ratis:service=RaftServer,group=group-82FB29945A00,id=8e830768-0c32-4272-9818-b92ae3ba757d
2022-02-08 13:52:16,132 [main] INFO  impl.RoleInfo (RoleInfo.java:shutdownLeaderState(91)) - 8e830768-0c32-4272-9818-b92ae3ba757d: shutdown 8e830768-0c32-4272-9818-b92ae3ba757d@group-82FB29945A00-LeaderStateImpl
2022-02-08 13:52:16,141 [main] INFO  impl.PendingRequests (PendingRequests.java:sendNotLeaderResponses(282)) - 8e830768-0c32-4272-9818-b92ae3ba757d@group-82FB29945A00-PendingRequests: sendNotLeaderResponses
2022-02-08 13:52:16,144 [8e830768-0c32-4272-9818-b92ae3ba757d@group-82FB29945A00-StateMachineUpdater] INFO  impl.StateMachineUpdater (StateMachineUpdater.java:takeSnapshot(281)) - 8e830768-0c32-4272-9818-b92ae3ba757d@group-82FB29945A00-StateMachineUpdater: Took a snapshot at index 0
2022-02-08 13:52:16,144 [8e830768-0c32-4272-9818-b92ae3ba757d@group-82FB29945A00-StateMachineUpdater] INFO  impl.StateMachineUpdater (StateMachineUpdater.java:lambda$new$0(89)) - 8e830768-0c32-4272-9818-b92ae3ba757d@group-82FB29945A00-StateMachineUpdater: snapshotIndex: updateIncreasingly -1 -> 0
2022-02-08 13:52:16,144 [main] INFO  impl.StateMachineUpdater (StateMachineUpdater.java:stopAndJoin(149)) - 8e830768-0c32-4272-9818-b92ae3ba757d@group-82FB29945A00-StateMachineUpdater: set stopIndex = 0
2022-02-08 13:52:16,147 [main] INFO  server.RaftServer$Division (ServerState.java:close(419)) - 8e830768-0c32-4272-9818-b92ae3ba757d@group-82FB29945A00: closes. applyIndex: 0
2022-02-08 13:52:16,148 [8e830768-0c32-4272-9818-b92ae3ba757d@group-82FB29945A00-SegmentedRaftLogWorker] INFO  segmented.SegmentedRaftLogWorker (SegmentedRaftLogWorker.java:run(327)) - 8e830768-0c32-4272-9818-b92ae3ba757d@group-82FB29945A00-SegmentedRaftLogWorker was interrupted, exiting. There are 0 tasks remaining in the queue.
2022-02-08 13:52:16,150 [main] INFO  segmented.SegmentedRaftLogWorker (SegmentedRaftLogWorker.java:close(237)) - 8e830768-0c32-4272-9818-b92ae3ba757d@group-82FB29945A00-SegmentedRaftLogWorker close()
2022-02-08 13:52:16,151 [main] INFO  server.GrpcService (GrpcService.java:closeImpl(262)) - 8e830768-0c32-4272-9818-b92ae3ba757d: shutdown server with port 9894 now
2022-02-08 13:52:16,157 [main] INFO  server.GrpcService (GrpcService.java:closeImpl(271)) - 8e830768-0c32-4272-9818-b92ae3ba757d: shutdown server with port 9894 successfully
2022-02-08 13:52:16,158 [org.apache.ratis.util.JvmPauseMonitor$$Lambda$431/1827212229@a567e72] INFO  util.JvmPauseMonitor (JvmPauseMonitor.java:run(109)) - JvmPauseMonitor-8e830768-0c32-4272-9818-b92ae3ba757d: Stopped
2022-02-08 13:52:16,188 [main] INFO  ha.SCMHANodeDetails (SCMHANodeDetails.java:loadSCMHAConfig(157)) - ServiceID for StorageContainerManager is null
2022-02-08 13:52:16,189 [main] INFO  ha.SCMHANodeDetails (SCMHANodeDetails.java:loadSCMHAConfig(162)) - ozone.scm.default.service.id is not defined, falling back to ozone.scm.service.ids to find serviceID for StorageContainerManager if it is HA enabled cluster
2022-02-08 13:52:16,216 [main] WARN  server.ServerUtils (ServerUtils.java:getScmDbDir(148)) - ozone.scm.db.dirs is not configured. We recommend adding this setting. Falling back to ozone.metadata.dirs instead.
2022-02-08 13:52:16,220 [main] INFO  upgrade.AbstractLayoutVersionManager (AbstractLayoutVersionManager.java:init(79)) - Initializing Layout version manager with metadata layout = SCM_HA (version = 2), software layout = SCM_HA (version = 2)
2022-02-08 13:52:16,430 [main] INFO  reflections.Reflections (Reflections.java:scan(232)) - Reflections took 171 ms to scan 7 urls, producing 119 keys and 279 values 
2022-02-08 13:52:16,898 [main] WARN  utils.HAUtils (HAUtils.java:getMetaDir(342)) - ozone.scm.db.dirs is not configured. We recommend adding this setting. Falling back to ozone.metadata.dirs instead.
2022-02-08 13:52:17,033 [main] WARN  db.DBStoreBuilder (DBStoreBuilder.java:applyDBDefinition(145)) - ozone.scm.db.dirs is not configured. We recommend adding this setting. Falling back to ozone.metadata.dirs instead.
2022-02-08 13:52:17,214 [main] INFO  net.NodeSchemaLoader (NodeSchemaLoader.java:loadSchemaFromFile(129)) - Loading schema from [jar:file:/home/runner/.m2/repository/org/apache/ozone/hdds-common/1.3.0-SNAPSHOT/hdds-common-1.3.0-SNAPSHOT.jar!/network-topology-default.xml]
2022-02-08 13:52:17,216 [main] INFO  net.NodeSchemaLoader (NodeSchemaLoader.java:loadSchema(176)) - Loading network topology layer schema file
2022-02-08 13:52:17,277 [main] INFO  ha.SCMRatisServerImpl (SCMRatisServerImpl.java:<init>(87)) - starting Raft server for scm:8e830768-0c32-4272-9818-b92ae3ba757d
2022-02-08 13:52:17,283 [main] INFO  server.RaftServer (ConfUtils.java:logGet(44)) - raft.rpc.type = GRPC (default)
2022-02-08 13:52:17,283 [main] INFO  grpc.GrpcFactory (GrpcFactory.java:checkPooledByteBufAllocatorUseCacheForAllThreads(48)) - PERFORMANCE WARNING: useCacheForAllThreads is true that may cause Netty to create a lot garbage objects and, as a result, trigger GC.
	It is recommended to disable useCacheForAllThreads by setting -Dorg.apache.ratis.thirdparty.io.netty.allocator.useCacheForAllThreads=false in command line.
2022-02-08 13:52:17,284 [main] INFO  grpc.GrpcConfigKeys (ConfUtils.java:logGet(44)) - raft.grpc.admin.port = -1 (default)
2022-02-08 13:52:17,284 [main] INFO  grpc.GrpcConfigKeys (ConfUtils.java:logGet(44)) - raft.grpc.server.port = 9894 (custom)
2022-02-08 13:52:17,284 [main] INFO  grpc.GrpcConfigKeys (ConfUtils.java:logGet(44)) - raft.grpc.client.port = -1 (default)
2022-02-08 13:52:17,284 [main] INFO  grpc.GrpcConfigKeys (ConfUtils.java:logGet(44)) - raft.grpc.server.port = 9894 (custom)
2022-02-08 13:52:17,284 [main] INFO  grpc.GrpcConfigKeys (ConfUtils.java:logGet(44)) - raft.grpc.server.port = 9894 (custom)
2022-02-08 13:52:17,285 [main] INFO  server.GrpcService (ConfUtils.java:logGet(44)) - raft.grpc.message.size.max = 32m (=33554432) (custom)
2022-02-08 13:52:17,285 [main] INFO  server.RaftServerConfigKeys (ConfUtils.java:logGet(44)) - raft.server.log.appender.buffer.byte-limit = 33554432 (custom)
2022-02-08 13:52:17,286 [main] INFO  server.GrpcService (ConfUtils.java:logGet(44)) - raft.grpc.flow.control.window = 1MB (=1048576) (default)
2022-02-08 13:52:17,286 [main] INFO  server.RaftServerConfigKeys (ConfUtils.java:logGet(44)) - raft.server.rpc.request.timeout = 30000ms (custom)
2022-02-08 13:52:17,289 [main] INFO  impl.DataStreamServerImpl (ConfUtils.java:logGet(44)) - raft.datastream.type = DISABLED (default)
2022-02-08 13:52:17,289 [main] INFO  server.RaftServerConfigKeys (ConfUtils.java:logGet(44)) - raft.server.rpc.slowness.timeout = 120000ms (custom)
2022-02-08 13:52:17,289 [main] INFO  server.RaftServerConfigKeys (ConfUtils.java:logGet(44)) - raft.server.leaderelection.leader.step-down.wait-time = 10s (default)
2022-02-08 13:52:17,290 [main] INFO  server.RaftServerConfigKeys (ConfUtils.java:logGet(44)) - raft.server.storage.dir = [/home/runner/work/ozone/ozone/hadoop-ozone/integration-test/target/test-dir/MiniOzoneClusterImpl-44b62ea4-a9d0-4540-a736-82fb29945a00/ozone-meta/scm-ha] (custom)
2022-02-08 13:52:17,291 [main] INFO  server.RaftServer (RaftServerProxy.java:lambda$null$1(235)) - 8e830768-0c32-4272-9818-b92ae3ba757d: found a subdirectory /home/runner/work/ozone/ozone/hadoop-ozone/integration-test/target/test-dir/MiniOzoneClusterImpl-44b62ea4-a9d0-4540-a736-82fb29945a00/ozone-meta/scm-ha/44b62ea4-a9d0-4540-a736-82fb29945a00
2022-02-08 13:52:17,293 [main] INFO  server.RaftServer (RaftServerProxy.java:addNew(95)) - 8e830768-0c32-4272-9818-b92ae3ba757d: addNew group-82FB29945A00:[] returns group-82FB29945A00:java.util.concurrent.CompletableFuture@36359723[Not completed]
2022-02-08 13:52:17,297 [pool-16-thread-1] INFO  server.RaftServer$Division (RaftServerImpl.java:<init>(184)) - 8e830768-0c32-4272-9818-b92ae3ba757d: new RaftServerImpl for group-82FB29945A00:[] with SCMStateMachine:uninitialized
2022-02-08 13:52:17,297 [pool-16-thread-1] INFO  server.RaftServerConfigKeys (ConfUtils.java:logGet(44)) - raft.server.rpc.timeout.min = 5000ms (custom)
2022-02-08 13:52:17,297 [pool-16-thread-1] INFO  server.RaftServerConfigKeys (ConfUtils.java:logGet(44)) - raft.server.rpc.timeout.max = 5200ms (custom)
2022-02-08 13:52:17,297 [pool-16-thread-1] INFO  server.RaftServerConfigKeys (ConfUtils.java:logGet(44)) - raft.server.rpc.sleep.time = 25ms (default)
2022-02-08 13:52:17,297 [pool-16-thread-1] INFO  server.RaftServerConfigKeys (ConfUtils.java:logGet(44)) - raft.server.rpc.slowness.timeout = 120000ms (custom)
2022-02-08 13:52:17,297 [pool-16-thread-1] INFO  server.RaftServerConfigKeys (ConfUtils.java:logGet(44)) - raft.server.leaderelection.leader.step-down.wait-time = 10s (default)
2022-02-08 13:52:17,298 [pool-16-thread-1] INFO  server.RaftServerConfigKeys (ConfUtils.java:logGet(44)) - raft.server.sleep.deviation.threshold = 300ms (default)
2022-02-08 13:52:17,298 [pool-16-thread-1] INFO  server.RaftServerConfigKeys (ConfUtils.java:logGet(44)) - raft.server.log.appender.install.snapshot.enabled = false (custom)
2022-02-08 13:52:17,298 [pool-16-thread-1] INFO  server.RaftServer$Division (ServerState.java:<init>(105)) - 8e830768-0c32-4272-9818-b92ae3ba757d@group-82FB29945A00: ConfigurationManager, init=-1: [], old=null, confs=<EMPTY_MAP>
2022-02-08 13:52:17,298 [pool-16-thread-1] INFO  server.RaftServerConfigKeys (ConfUtils.java:logGet(44)) - raft.server.storage.dir = [/home/runner/work/ozone/ozone/hadoop-ozone/integration-test/target/test-dir/MiniOzoneClusterImpl-44b62ea4-a9d0-4540-a736-82fb29945a00/ozone-meta/scm-ha] (custom)
2022-02-08 13:52:17,299 [pool-16-thread-1] INFO  server.RaftServerConfigKeys (ConfUtils.java:logGet(44)) - raft.server.log.corruption.policy = EXCEPTION (default)
2022-02-08 13:52:17,299 [pool-16-thread-1] INFO  server.RaftServerConfigKeys (ConfUtils.java:logGet(44)) - raft.server.storage.free-space.min = 0MB (=0) (default)
2022-02-08 13:52:17,301 [pool-16-thread-1] INFO  storage.RaftStorageDirectory (RaftStorageDirectoryImpl.java:tryLock(230)) - Lock on /home/runner/work/ozone/ozone/hadoop-ozone/integration-test/target/test-dir/MiniOzoneClusterImpl-44b62ea4-a9d0-4540-a736-82fb29945a00/ozone-meta/scm-ha/44b62ea4-a9d0-4540-a736-82fb29945a00/in_use.lock acquired by nodename 18376@fv-az148-480
2022-02-08 13:52:17,303 [pool-16-thread-1] INFO  storage.RaftStorage (RaftStorageImpl.java:analyzeAndRecoverStorage(110)) - Read RaftStorageMetadata{term=1, votedFor=8e830768-0c32-4272-9818-b92ae3ba757d} from /home/runner/work/ozone/ozone/hadoop-ozone/integration-test/target/test-dir/MiniOzoneClusterImpl-44b62ea4-a9d0-4540-a736-82fb29945a00/ozone-meta/scm-ha/44b62ea4-a9d0-4540-a736-82fb29945a00/current/raft-meta
2022-02-08 13:52:17,315 [pool-16-thread-1] INFO  server.RaftServer$Division (ServerState.java:setRaftConf(387)) - 8e830768-0c32-4272-9818-b92ae3ba757d@group-82FB29945A00: set configuration 0: [8e830768-0c32-4272-9818-b92ae3ba757d|rpc:fv-az148-480:9894|admin:|client:|dataStream:|priority:0], old=null
2022-02-08 13:52:17,315 [pool-16-thread-1] INFO  server.RaftServerConfigKeys (ConfUtils.java:logGet(44)) - raft.server.notification.no-leader.timeout = 60s (default)
2022-02-08 13:52:17,315 [pool-16-thread-1] INFO  server.RaftServerConfigKeys (ConfUtils.java:logGet(44)) - raft.server.log.use.memory = false (default)
2022-02-08 13:52:17,315 [pool-16-thread-1] INFO  server.RaftServerConfigKeys (ConfUtils.java:logGet(44)) - raft.server.log.purge.gap = 1000000 (custom)
2022-02-08 13:52:17,315 [pool-16-thread-1] INFO  server.RaftServerConfigKeys (ConfUtils.java:logGet(44)) - raft.server.log.appender.buffer.byte-limit = 33554432 (custom)
2022-02-08 13:52:17,319 [pool-16-thread-1] INFO  server.RaftServerConfigKeys (ConfUtils.java:logGet(44)) - raft.server.log.segment.size.max = 4194304 (custom)
2022-02-08 13:52:17,320 [pool-16-thread-1] INFO  server.RaftServerConfigKeys (ConfUtils.java:logGet(44)) - raft.server.log.segment.cache.num.max = 2 (custom)
2022-02-08 13:52:17,320 [pool-16-thread-1] INFO  server.RaftServerConfigKeys (ConfUtils.java:logGet(44)) - raft.server.log.segment.cache.size.max = 200MB (=209715200) (default)
2022-02-08 13:52:17,321 [pool-16-thread-1] INFO  segmented.SegmentedRaftLogWorker (SegmentedRaftLogWorker.java:<init>(182)) - new 8e830768-0c32-4272-9818-b92ae3ba757d@group-82FB29945A00-SegmentedRaftLogWorker for RaftStorageImpl:Storage Directory /home/runner/work/ozone/ozone/hadoop-ozone/integration-test/target/test-dir/MiniOzoneClusterImpl-44b62ea4-a9d0-4540-a736-82fb29945a00/ozone-meta/scm-ha/44b62ea4-a9d0-4540-a736-82fb29945a00
2022-02-08 13:52:17,321 [pool-16-thread-1] INFO  server.RaftServerConfigKeys (ConfUtils.java:logGet(44)) - raft.server.log.queue.byte-limit = 64MB (=67108864) (default)
2022-02-08 13:52:17,321 [pool-16-thread-1] INFO  server.RaftServerConfigKeys (ConfUtils.java:logGet(44)) - raft.server.log.queue.element-limit = 4096 (default)
2022-02-08 13:52:17,321 [pool-16-thread-1] INFO  server.RaftServerConfigKeys (ConfUtils.java:logGet(44)) - raft.server.log.segment.size.max = 4194304 (custom)
2022-02-08 13:52:17,325 [pool-16-thread-1] INFO  server.RaftServerConfigKeys (ConfUtils.java:logGet(44)) - raft.server.log.preallocated.size = 4194304 (custom)
2022-02-08 13:52:17,327 [pool-16-thread-1] INFO  server.RaftServerConfigKeys (ConfUtils.java:logGet(44)) - raft.server.log.force.sync.num = 128 (default)
2022-02-08 13:52:17,328 [pool-16-thread-1] INFO  server.RaftServerConfigKeys (ConfUtils.java:logGet(44)) - raft.server.log.statemachine.data.sync = true (default)
2022-02-08 13:52:17,328 [pool-16-thread-1] INFO  server.RaftServerConfigKeys (ConfUtils.java:logGet(44)) - raft.server.log.statemachine.data.sync.timeout = 10s (default)
2022-02-08 13:52:17,328 [pool-16-thread-1] INFO  server.RaftServerConfigKeys (ConfUtils.java:logGet(44)) - raft.server.log.statemachine.data.sync.timeout.retry = -1 (default)
2022-02-08 13:52:17,329 [pool-16-thread-1] INFO  server.RaftServerConfigKeys (ConfUtils.java:logGet(44)) - raft.server.log.write.buffer.size = 64KB (=65536) (default)
2022-02-08 13:52:17,329 [pool-16-thread-1] INFO  server.RaftServerConfigKeys (ConfUtils.java:logGet(44)) - raft.server.log.statemachine.data.caching.enabled = false (default)
2022-02-08 13:52:17,338 [pool-16-thread-1] INFO  server.RaftServer$Division (ServerState.java:setRaftConf(387)) - 8e830768-0c32-4272-9818-b92ae3ba757d@group-82FB29945A00: set configuration 0: [8e830768-0c32-4272-9818-b92ae3ba757d|rpc:fv-az148-480:9894|admin:|client:|dataStream:|priority:0], old=null
2022-02-08 13:52:17,339 [pool-16-thread-1] INFO  segmented.LogSegment (LogSegment.java:loadSegment(173)) - Successfully read 1 entries from segment file /home/runner/work/ozone/ozone/hadoop-ozone/integration-test/target/test-dir/MiniOzoneClusterImpl-44b62ea4-a9d0-4540-a736-82fb29945a00/ozone-meta/scm-ha/44b62ea4-a9d0-4540-a736-82fb29945a00/current/log_inprogress_0
2022-02-08 13:52:17,339 [pool-16-thread-1] INFO  segmented.SegmentedRaftLogWorker (SegmentedRaftLogWorker.java:lambda$new$0(133)) - 8e830768-0c32-4272-9818-b92ae3ba757d@group-82FB29945A00-SegmentedRaftLogWorker: flushIndex: setUnconditionally 0 -> 0
2022-02-08 13:52:17,339 [pool-16-thread-1] INFO  segmented.SegmentedRaftLogWorker (SegmentedRaftLogWorker.java:lambda$new$0(133)) - 8e830768-0c32-4272-9818-b92ae3ba757d@group-82FB29945A00-SegmentedRaftLogWorker: safeCacheEvictIndex: setUnconditionally 0 -> -1
2022-02-08 13:52:17,340 [pool-16-thread-1] INFO  server.RaftServerConfigKeys (ConfUtils.java:logGet(44)) - raft.server.snapshot.auto.trigger.enabled = true (custom)
2022-02-08 13:52:17,340 [pool-16-thread-1] INFO  server.RaftServerConfigKeys (ConfUtils.java:logGet(44)) - raft.server.snapshot.auto.trigger.threshold = 1000 (custom)
2022-02-08 13:52:17,340 [pool-16-thread-1] INFO  server.RaftServerConfigKeys (ConfUtils.java:logGet(44)) - raft.server.snapshot.retention.file.num = -1 (default)
2022-02-08 13:52:17,340 [pool-16-thread-1] INFO  server.RaftServerConfigKeys (ConfUtils.java:logGet(44)) - raft.server.log.purge.upto.snapshot.index = false (default)
2022-02-08 13:52:17,340 [pool-16-thread-1] INFO  server.RaftServerConfigKeys (ConfUtils.java:logGet(44)) - raft.server.retrycache.expirytime = 60000ms (default)
2022-02-08 13:52:17,340 [pool-16-thread-1] INFO  server.RaftServerConfigKeys (ConfUtils.java:logGet(44)) - raft.server.retrycache.statistics.expirytime = 100μs (default)
2022-02-08 13:52:17,343 [main] INFO  ha.SCMSnapshotProvider (SCMSnapshotProvider.java:<init>(66)) - Initializing SCM Snapshot Provider
2022-02-08 13:52:17,343 [main] WARN  server.ServerUtils (ServerUtils.java:getDefaultRatisDirectory(237)) - Storage directory for Ratis is not configured. It is a good idea to map this to an SSD disk. Falling back to ozone.metadata.dirs
2022-02-08 13:52:17,344 [main] WARN  ha.SCMHAUtils (SCMHAUtils.java:getSCMRatisSnapshotDirectory(146)) - SCM snapshot dir is not configured. Falling back to ozone.metadata.dirs config
2022-02-08 13:52:17,372 [main] INFO  ha.SequenceIdGenerator (SequenceIdGenerator.java:upgradeToSequenceId(347)) - upgrade localId to 109611004723200000
2022-02-08 13:52:17,372 [main] INFO  ha.SequenceIdGenerator (SequenceIdGenerator.java:upgradeToSequenceId(357)) - upgrade delTxnId to 0
2022-02-08 13:52:17,466 [main] INFO  ha.SequenceIdGenerator (SequenceIdGenerator.java:upgradeToSequenceId(371)) - upgrade containerId to 0
2022-02-08 13:52:17,469 [main] INFO  ha.SequenceIdGenerator (SequenceIdGenerator.java:<init>(218)) - Init the HA SequenceIdGenerator.
2022-02-08 13:52:17,514 [main] INFO  node.SCMNodeManager (SCMNodeManager.java:<init>(144)) - Entering startup safe mode.
2022-02-08 13:52:17,570 [main] INFO  algorithms.ContainerPlacementPolicyFactory (ContainerPlacementPolicyFactory.java:getPolicy(60)) - Create container placement policy of type org.apache.hadoop.hdds.scm.container.placement.algorithms.SCMContainerPlacementRandom
2022-02-08 13:52:17,579 [main] INFO  pipeline.PipelineStateManagerImpl (PipelineStateManagerImpl.java:initialize(78)) - No pipeline exists in current db
2022-02-08 13:52:17,609 [main] INFO  algorithms.LeaderChoosePolicyFactory (LeaderChoosePolicyFactory.java:getPolicy(57)) - Create leader choose policy of type org.apache.hadoop.hdds.scm.pipeline.leader.choose.algorithms.MinLeaderCountChoosePolicy
2022-02-08 13:52:17,617 [main] INFO  ha.SCMServiceManager (SCMServiceManager.java:register(43)) - Registering service BackgroundPipelineCreator.
2022-02-08 13:52:17,617 [main] INFO  pipeline.BackgroundPipelineCreator (BackgroundPipelineCreator.java:start(130)) - Starting RatisPipelineUtilsThread.
2022-02-08 13:52:17,644 [main] INFO  algorithms.PipelineChoosePolicyFactory (PipelineChoosePolicyFactory.java:createPipelineChoosePolicyFromClass(73)) - Create pipeline choose policy of type org.apache.hadoop.hdds.scm.pipeline.choose.algorithms.RandomPipelineChoosePolicy
2022-02-08 13:52:17,659 [main] INFO  ha.SCMServiceManager (SCMServiceManager.java:register(43)) - Registering service SCMBlockDeletingService.
2022-02-08 13:52:17,684 [main] INFO  ha.SCMServiceManager (SCMServiceManager.java:register(43)) - Registering service ReplicationManager.
2022-02-08 13:52:17,696 [main] INFO  container.ReplicationManager (ReplicationManager.java:start(326)) - Starting Replication Monitor Thread.
2022-02-08 13:52:17,706 [main] INFO  safemode.ContainerSafeModeRule (ContainerSafeModeRule.java:<init>(89)) - containers with one replica threshold count 0
2022-02-08 13:52:17,708 [ReplicationMonitor] INFO  container.ReplicationManager (ReplicationManager.java:processAll(374)) - Replication Manager is not ready to run until 3000ms after safemode exit
2022-02-08 13:52:17,710 [main] INFO  safemode.HealthyPipelineSafeModeRule (HealthyPipelineSafeModeRule.java:initializeRule(156)) - Total pipeline count is 0, healthy pipeline threshold count is 1
2022-02-08 13:52:17,713 [main] INFO  safemode.OneReplicaPipelineSafeModeRule (OneReplicaPipelineSafeModeRule.java:initializeRule(180)) - Total pipeline count is 0, pipeline's with at least one datanode reported threshold count is 0
2022-02-08 13:52:18,086 [main] INFO  ipc.CallQueueManager (CallQueueManager.java:<init>(90)) - Using callQueue: class java.util.concurrent.LinkedBlockingQueue, queueCapacity: 2000, scheduler: class org.apache.hadoop.ipc.DefaultRpcScheduler, ipcBackoff: false.
2022-02-08 13:52:18,127 [Socket Reader #1 for port 0] INFO  ipc.Server (Server.java:run(1265)) - Starting Socket Reader #1 for port 0
2022-02-08 13:52:18,172 [Listener at 0.0.0.0/40099] INFO  ipc.CallQueueManager (CallQueueManager.java:<init>(90)) - Using callQueue: class java.util.concurrent.LinkedBlockingQueue, queueCapacity: 2000, scheduler: class org.apache.hadoop.ipc.DefaultRpcScheduler, ipcBackoff: false.
2022-02-08 13:52:18,174 [Socket Reader #1 for port 0] INFO  ipc.Server (Server.java:run(1265)) - Starting Socket Reader #1 for port 0
2022-02-08 13:52:18,199 [Listener at 0.0.0.0/42993] INFO  ipc.CallQueueManager (CallQueueManager.java:<init>(90)) - Using callQueue: class java.util.concurrent.LinkedBlockingQueue, queueCapacity: 2000, scheduler: class org.apache.hadoop.ipc.DefaultRpcScheduler, ipcBackoff: false.
2022-02-08 13:52:18,201 [Socket Reader #1 for port 0] INFO  ipc.Server (Server.java:run(1265)) - Starting Socket Reader #1 for port 0
2022-02-08 13:52:18,252 [Listener at 0.0.0.0/36263] INFO  algorithms.ContainerPlacementPolicyFactory (ContainerPlacementPolicyFactory.java:getPolicy(60)) - Create container placement policy of type org.apache.hadoop.hdds.scm.container.placement.algorithms.SCMContainerPlacementRandom
2022-02-08 13:52:18,259 [Listener at 0.0.0.0/36263] INFO  server.StorageContainerManager (StorageContainerManager.java:<init>(388)) - 
Container Balancer status:
Key                            Value
Running                        false
Container Balancer Configuration values:
Key                                                Value
Threshold                                          10
Max Datanodes to Involve per Iteration(percent)    20
Max Size to Move per Iteration                     500GB
Max Size Entering Target per Iteration             26GB
Max Size Leaving Source per Iteration              26GB

2022-02-08 13:52:18,260 [Listener at 0.0.0.0/36263] WARN  events.EventQueue (EventQueue.java:fireEvent(194)) - No event handler registered for event TypedEvent{payloadType=SafeModeStatus, name='Safe mode status'}
2022-02-08 13:52:18,260 [Listener at 0.0.0.0/36263] INFO  ha.SCMContext (SCMContext.java:updateSafeModeStatus(211)) - Update SafeModeStatus from SafeModeStatus{safeModeStatus=true, preCheckPassed=false} to SafeModeStatus{safeModeStatus=true, preCheckPassed=false}.
2022-02-08 13:52:18,263 [Listener at 0.0.0.0/36263] INFO  server.StorageContainerManager (StorageContainerManager.java:start(1303)) - StorageContainerLocationProtocol RPC server is listening at /0.0.0.0:36263
2022-02-08 13:52:18,264 [Listener at 0.0.0.0/36263] INFO  ha.SCMRatisServerImpl (SCMRatisServerImpl.java:start(177)) - starting ratis server 0.0.0.0:9894
2022-02-08 13:52:18,265 [Listener at 0.0.0.0/36263] INFO  server.RaftServer$Division (RaftServerImpl.java:start(301)) - 8e830768-0c32-4272-9818-b92ae3ba757d@group-82FB29945A00: start as a follower, conf=0: [8e830768-0c32-4272-9818-b92ae3ba757d|rpc:fv-az148-480:9894|admin:|client:|dataStream:|priority:0], old=null
2022-02-08 13:52:18,265 [Listener at 0.0.0.0/36263] INFO  server.RaftServer$Division (RaftServerImpl.java:setRole(290)) - 8e830768-0c32-4272-9818-b92ae3ba757d@group-82FB29945A00: changes role from      null to FOLLOWER at term 1 for startAsFollower
2022-02-08 13:52:18,265 [Listener at 0.0.0.0/36263] INFO  impl.RoleInfo (RoleInfo.java:updateAndGet(130)) - 8e830768-0c32-4272-9818-b92ae3ba757d: start 8e830768-0c32-4272-9818-b92ae3ba757d@group-82FB29945A00-FollowerState
2022-02-08 13:52:18,270 [Listener at 0.0.0.0/36263] INFO  util.JmxRegister (JmxRegister.java:tryRegister(44)) - Successfully registered JMX Bean with object name Ratis:service=RaftServer,group=group-82FB29945A00,id=8e830768-0c32-4272-9818-b92ae3ba757d
2022-02-08 13:52:18,275 [Listener at 0.0.0.0/36263] INFO  server.RaftServer (RaftServerProxy.java:lambda$start$5(374)) - 8e830768-0c32-4272-9818-b92ae3ba757d: start RPC server
2022-02-08 13:52:18,277 [Listener at 0.0.0.0/36263] INFO  server.GrpcService (GrpcService.java:startImpl(253)) - 8e830768-0c32-4272-9818-b92ae3ba757d: GrpcService started, listening on 9894
2022-02-08 13:52:18,278 [Listener at 0.0.0.0/36263] INFO  ha.SCMHAManagerImpl (SCMHAManagerImpl.java:start(121)) -  scm role is FOLLOWER peers [8e830768-0c32-4272-9818-b92ae3ba757d|rpc:fv-az148-480:9894|admin:|client:|dataStream:|priority:0]
2022-02-08 13:52:18,278 [Listener at 0.0.0.0/36263] INFO  ha.InterSCMGrpcService (InterSCMGrpcProtocolService.java:start(94)) - Starting SCM Grpc Service at port 9895
2022-02-08 13:52:18,294 [org.apache.ratis.util.JvmPauseMonitor$$Lambda$431/1827212229@7aca299e] INFO  util.JvmPauseMonitor (JvmPauseMonitor.java:run(103)) - JvmPauseMonitor-8e830768-0c32-4272-9818-b92ae3ba757d: Started
2022-02-08 13:52:18,357 [Listener at 0.0.0.0/36263] WARN  impl.MetricsConfig (MetricsConfig.java:loadFirst(136)) - Cannot locate configuration: tried hadoop-metrics2-storagecontainermanager.properties,hadoop-metrics2.properties
2022-02-08 13:52:18,371 [Listener at 0.0.0.0/36263] INFO  impl.MetricsSystemImpl (MetricsSystemImpl.java:startTimer(378)) - Scheduled Metric snapshot period at 10 second(s).
2022-02-08 13:52:18,372 [Listener at 0.0.0.0/36263] INFO  impl.MetricsSystemImpl (MetricsSystemImpl.java:start(191)) - StorageContainerManager metrics system started
2022-02-08 13:52:18,645 [Listener at 0.0.0.0/36263] INFO  server.SCMClientProtocolServer (SCMClientProtocolServer.java:start(165)) - RPC server for Client  is listening at /0.0.0.0:36263
2022-02-08 13:52:18,649 [IPC Server Responder] INFO  ipc.Server (Server.java:run(1507)) - IPC Server Responder: starting
2022-02-08 13:52:18,658 [IPC Server listener on 0] INFO  ipc.Server (Server.java:run(1344)) - IPC Server listener on 0: starting
2022-02-08 13:52:18,662 [Listener at 0.0.0.0/36263] INFO  server.StorageContainerManager (StorageContainerManager.java:start(1318)) - ScmBlockLocationProtocol RPC server is listening at /0.0.0.0:42993
2022-02-08 13:52:18,663 [Listener at 0.0.0.0/36263] INFO  server.SCMBlockProtocolServer (SCMBlockProtocolServer.java:start(151)) - RPC server for Block Protocol is listening at /0.0.0.0:42993
2022-02-08 13:52:18,665 [IPC Server Responder] INFO  ipc.Server (Server.java:run(1507)) - IPC Server Responder: starting
2022-02-08 13:52:18,665 [IPC Server listener on 0] INFO  ipc.Server (Server.java:run(1344)) - IPC Server listener on 0: starting
2022-02-08 13:52:18,681 [org.apache.hadoop.util.JvmPauseMonitor$Monitor@7e28f150] INFO  util.JvmPauseMonitor (JvmPauseMonitor.java:run(188)) - Starting JVM pause monitor
2022-02-08 13:52:18,702 [Listener at 0.0.0.0/36263] INFO  http.BaseHttpServer (BaseHttpServer.java:newHttpServer2BuilderForOzone(209)) - Starting Web-server for scm at: http://0.0.0.0:0
2022-02-08 13:52:18,703 [Listener at 0.0.0.0/36263] INFO  http.BaseHttpServer (BaseHttpServer.java:<init>(107)) - Hadoop Security Enabled: false Ozone Security Enabled: false Ozone HTTP Security Enabled: false 
2022-02-08 13:52:18,734 [Listener at 0.0.0.0/36263] INFO  util.log (Log.java:initialized(170)) - Logging initialized @11081ms to org.eclipse.jetty.util.log.Slf4jLog
2022-02-08 13:52:18,851 [Listener at 0.0.0.0/36263] INFO  server.AuthenticationFilter (AuthenticationFilter.java:constructSecretProvider(240)) - Unable to initialize FileSignerSecretProvider, falling back to use random secrets.
2022-02-08 13:52:18,857 [Listener at 0.0.0.0/36263] WARN  http.HttpRequestLog (HttpRequestLog.java:getRequestLog(103)) - Jetty request log can only be enabled using Log4j
2022-02-08 13:52:18,863 [Listener at 0.0.0.0/36263] INFO  http.HttpServer2 (HttpServer2.java:addGlobalFilter(1030)) - Added global filter 'safety' (class=org.apache.hadoop.hdds.server.http.HttpServer2$QuotingInputFilter)
2022-02-08 13:52:18,865 [Listener at 0.0.0.0/36263] INFO  http.HttpServer2 (HttpServer2.java:addFilter(1006)) - Added filter static_user_filter (class=org.apache.hadoop.http.lib.StaticUserWebFilter$StaticUserFilter) to context scm
2022-02-08 13:52:18,865 [Listener at 0.0.0.0/36263] INFO  http.HttpServer2 (HttpServer2.java:addFilter(1014)) - Added filter static_user_filter (class=org.apache.hadoop.http.lib.StaticUserWebFilter$StaticUserFilter) to context logs
2022-02-08 13:52:18,865 [Listener at 0.0.0.0/36263] INFO  http.HttpServer2 (HttpServer2.java:addFilter(1014)) - Added filter static_user_filter (class=org.apache.hadoop.http.lib.StaticUserWebFilter$StaticUserFilter) to context static
2022-02-08 13:52:18,905 [Listener at 0.0.0.0/36263] INFO  http.HttpServer2 (HttpServer2.java:bindListener(1249)) - Jetty bound to port 40673
2022-02-08 13:52:18,907 [Listener at 0.0.0.0/36263] INFO  server.Server (Server.java:doStart(375)) - jetty-9.4.43.v20210629; built: 2021-06-30T11:07:22.254Z; git: 526006ecfa3af7f1a27ef3a288e2bef7ea9dd7e8; jvm 1.8.0_312-b07
2022-02-08 13:52:18,946 [Listener at 0.0.0.0/36263] INFO  server.session (DefaultSessionIdManager.java:doStart(334)) - DefaultSessionIdManager workerName=node0
2022-02-08 13:52:18,946 [Listener at 0.0.0.0/36263] INFO  server.session (DefaultSessionIdManager.java:doStart(339)) - No SessionScavenger set, using defaults
2022-02-08 13:52:18,948 [Listener at 0.0.0.0/36263] INFO  server.session (HouseKeeper.java:startScavenging(132)) - node0 Scavenging every 600000ms
2022-02-08 13:52:18,972 [Listener at 0.0.0.0/36263] INFO  handler.ContextHandler (ContextHandler.java:doStart(915)) - Started o.e.j.s.ServletContextHandler@b75f3f4{logs,/logs,file:///home/runner/work/ozone/ozone/hadoop-ozone/integration-test/target/log,AVAILABLE}
2022-02-08 13:52:18,974 [Listener at 0.0.0.0/36263] INFO  handler.ContextHandler (ContextHandler.java:doStart(915)) - Started o.e.j.s.ServletContextHandler@583b4af4{static,/static,file:///home/runner/work/ozone/ozone/hadoop-ozone/integration-test/target/test-classes/webapps/static,AVAILABLE}
2022-02-08 13:52:19,025 [Listener at 0.0.0.0/36263] INFO  handler.ContextHandler (ContextHandler.java:doStart(915)) - Started o.e.j.w.WebAppContext@3962b216{scm,/,file:///home/runner/work/ozone/ozone/hadoop-ozone/integration-test/target/test-classes/webapps/scm/,AVAILABLE}{file:/home/runner/work/ozone/ozone/hadoop-ozone/integration-test/target/test-classes/webapps/scm}
2022-02-08 13:52:19,035 [Listener at 0.0.0.0/36263] INFO  server.AbstractConnector (AbstractConnector.java:doStart(331)) - Started ServerConnector@2d2afc39{HTTP/1.1, (http/1.1)}{0.0.0.0:40673}
2022-02-08 13:52:19,036 [Listener at 0.0.0.0/36263] INFO  server.Server (Server.java:doStart(415)) - Started @11383ms
2022-02-08 13:52:19,038 [Listener at 0.0.0.0/36263] INFO  impl.MetricsSinkAdapter (MetricsSinkAdapter.java:start(204)) - Sink prometheus started
2022-02-08 13:52:19,038 [Listener at 0.0.0.0/36263] INFO  impl.MetricsSystemImpl (MetricsSystemImpl.java:registerSink(305)) - Registered sink prometheus
2022-02-08 13:52:19,039 [Listener at 0.0.0.0/36263] INFO  http.BaseHttpServer (BaseHttpServer.java:updateConnectorAddress(329)) - HTTP server of scm listening at http://0.0.0.0:40673
2022-02-08 13:52:19,041 [Listener at 0.0.0.0/36263] WARN  server.ServerUtils (ServerUtils.java:getDBPath(225)) - ozone.om.db.dirs is not configured. We recommend adding this setting. Falling back to ozone.metadata.dirs instead.
2022-02-08 13:52:19,155 [Listener at 0.0.0.0/36263] INFO  ha.OMHANodeDetails (OMHANodeDetails.java:loadOMHAConfig(112)) - ozone.om.internal.service.id is not defined, falling back to ozone.om.service.ids to find serviceID for OzoneManager if it is HA enabled cluster
2022-02-08 13:52:19,158 [Listener at 0.0.0.0/36263] INFO  ha.OMHANodeDetails (OMHANodeDetails.java:loadOMHAConfig(218)) - Configuration does not have ozone.om.address set. Falling back to the default OM address /127.0.0.1:0
2022-02-08 13:52:19,158 [Listener at 0.0.0.0/36263] INFO  ha.OMHANodeDetails (OMHANodeDetails.java:getOMNodeDetailsForNonHA(246)) - OM Service ID is not set. Setting it to the default ID: omServiceIdDefault
2022-02-08 13:52:19,159 [Listener at 0.0.0.0/36263] INFO  ha.OMHANodeDetails (OMHANodeDetails.java:getOMNodeDetailsForNonHA(253)) - OM Node ID is not set. Setting it to the default ID: om1
2022-02-08 13:52:19,164 [Listener at 0.0.0.0/36263] WARN  server.ServerUtils (ServerUtils.java:getDBPath(225)) - ozone.om.db.dirs is not configured. We recommend adding this setting. Falling back to ozone.metadata.dirs instead.
2022-02-08 13:52:19,166 [Listener at 0.0.0.0/36263] INFO  upgrade.AbstractLayoutVersionManager (AbstractLayoutVersionManager.java:init(79)) - Initializing Layout version manager with metadata layout = INITIAL_VERSION (version = 0), software layout = INITIAL_VERSION (version = 0)
2022-02-08 13:52:19,226 [Listener at 0.0.0.0/36263] INFO  reflections.Reflections (Reflections.java:scan(232)) - Reflections took 56 ms to scan 2 urls, producing 133 keys and 348 values [using 2 cores]
2022-02-08 13:52:19,233 [Listener at 0.0.0.0/36263] INFO  upgrade.OMLayoutVersionManager (OMLayoutVersionManager.java:lambda$0(115)) - Skipping Upgrade Action MockOmUpgradeAction since it has been finalized.
2022-02-08 13:52:19,234 [Listener at 0.0.0.0/36263] WARN  server.ServerUtils (ServerUtils.java:getDBPath(225)) - ozone.om.db.dirs is not configured. We recommend adding this setting. Falling back to ozone.metadata.dirs instead.
2022-02-08 13:52:21,659 [Listener at 0.0.0.0/36263] INFO  retry.RetryInvocationHandler (RetryInvocationHandler.java:log(411)) - com.google.protobuf.ServiceException: org.apache.hadoop.ipc.RemoteException(org.apache.hadoop.hdds.ratis.ServerNotLeaderException): Server:8e830768-0c32-4272-9818-b92ae3ba757d is not the leader. Could not determine the leader node.
	at org.apache.hadoop.hdds.ratis.ServerNotLeaderException.convertToNotLeaderException(ServerNotLeaderException.java:109)
	at org.apache.hadoop.hdds.scm.ha.RatisUtil.checkRatisException(RatisUtil.java:245)
	at org.apache.hadoop.hdds.scm.protocol.ScmBlockLocationProtocolServerSideTranslatorPB.send(ScmBlockLocationProtocolServerSideTranslatorPB.java:108)
	at org.apache.hadoop.hdds.protocol.proto.ScmBlockLocationProtocolProtos$ScmBlockLocationProtocolService$2.callBlockingMethod(ScmBlockLocationProtocolProtos.java:13937)
	at org.apache.hadoop.ipc.ProtobufRpcEngine$Server.processCall(ProtobufRpcEngine.java:466)
	at org.apache.hadoop.ipc.ProtobufRpcEngine2$Server$ProtoBufRpcInvoker.call(ProtobufRpcEngine2.java:574)
	at org.apache.hadoop.ipc.ProtobufRpcEngine2$Server$ProtoBufRpcInvoker.call(ProtobufRpcEngine2.java:552)
	at org.apache.hadoop.ipc.RPC$Server.call(RPC.java:1093)
	at org.apache.hadoop.ipc.Server$RpcCall.run(Server.java:1035)
	at org.apache.hadoop.ipc.Server$RpcCall.run(Server.java:963)
	at java.security.AccessController.doPrivileged(Native Method)
	at javax.security.auth.Subject.doAs(Subject.java:422)
	at org.apache.hadoop.security.UserGroupInformation.doAs(UserGroupInformation.java:1878)
	at org.apache.hadoop.ipc.Server$Handler.run(Server.java:2966)
, while invoking $Proxy42.send over nodeId=scmNodeId,nodeAddress=/0.0.0.0:42993 after 1 failover attempts. Trying to failover after sleeping for 2000ms.
2022-02-08 13:52:23,355 [8e830768-0c32-4272-9818-b92ae3ba757d@group-82FB29945A00-FollowerState] INFO  impl.FollowerState (FollowerState.java:run(134)) - 8e830768-0c32-4272-9818-b92ae3ba757d@group-82FB29945A00-FollowerState: change to CANDIDATE, lastRpcElapsedTime:5090280347ns, electionTimeout:5079ms
2022-02-08 13:52:23,356 [8e830768-0c32-4272-9818-b92ae3ba757d@group-82FB29945A00-FollowerState] INFO  impl.RoleInfo (RoleInfo.java:shutdownFollowerState(108)) - 8e830768-0c32-4272-9818-b92ae3ba757d: shutdown 8e830768-0c32-4272-9818-b92ae3ba757d@group-82FB29945A00-FollowerState
2022-02-08 13:52:23,356 [8e830768-0c32-4272-9818-b92ae3ba757d@group-82FB29945A00-FollowerState] INFO  server.RaftServer$Division (RaftServerImpl.java:setRole(290)) - 8e830768-0c32-4272-9818-b92ae3ba757d@group-82FB29945A00: changes role from  FOLLOWER to CANDIDATE at term 1 for changeToCandidate
2022-02-08 13:52:23,357 [8e830768-0c32-4272-9818-b92ae3ba757d@group-82FB29945A00-FollowerState] INFO  server.RaftServerConfigKeys (ConfUtils.java:logGet(44)) - raft.server.leaderelection.pre-vote = false (custom)
2022-02-08 13:52:23,357 [8e830768-0c32-4272-9818-b92ae3ba757d@group-82FB29945A00-FollowerState] INFO  impl.RoleInfo (RoleInfo.java:updateAndGet(130)) - 8e830768-0c32-4272-9818-b92ae3ba757d: start 8e830768-0c32-4272-9818-b92ae3ba757d@group-82FB29945A00-LeaderElection2
2022-02-08 13:52:23,364 [8e830768-0c32-4272-9818-b92ae3ba757d@group-82FB29945A00-LeaderElection2] INFO  impl.LeaderElection (LeaderElection.java:askForVotes(306)) - 8e830768-0c32-4272-9818-b92ae3ba757d@group-82FB29945A00-LeaderElection2 ELECTION round 0: submit vote requests at term 2 for 0: [8e830768-0c32-4272-9818-b92ae3ba757d|rpc:fv-az148-480:9894|admin:|client:|dataStream:|priority:0], old=null
2022-02-08 13:52:23,364 [8e830768-0c32-4272-9818-b92ae3ba757d@group-82FB29945A00-LeaderElection2] INFO  impl.LeaderElection (LeaderElection.java:askForVotes(308)) - 8e830768-0c32-4272-9818-b92ae3ba757d@group-82FB29945A00-LeaderElection2 ELECTION round 0: result PASSED (term=2)
2022-02-08 13:52:23,365 [8e830768-0c32-4272-9818-b92ae3ba757d@group-82FB29945A00-LeaderElection2] INFO  impl.RoleInfo (RoleInfo.java:shutdownLeaderElection(121)) - 8e830768-0c32-4272-9818-b92ae3ba757d: shutdown 8e830768-0c32-4272-9818-b92ae3ba757d@group-82FB29945A00-LeaderElection2
2022-02-08 13:52:23,365 [8e830768-0c32-4272-9818-b92ae3ba757d@group-82FB29945A00-LeaderElection2] INFO  server.RaftServer$Division (RaftServerImpl.java:setRole(290)) - 8e830768-0c32-4272-9818-b92ae3ba757d@group-82FB29945A00: changes role from CANDIDATE to LEADER at term 2 for changeToLeader
2022-02-08 13:52:23,365 [8e830768-0c32-4272-9818-b92ae3ba757d@group-82FB29945A00-LeaderElection2] INFO  ha.SCMStateMachine (SCMStateMachine.java:notifyLeaderChanged(259)) - current SCM becomes leader of term 2.
2022-02-08 13:52:23,365 [8e830768-0c32-4272-9818-b92ae3ba757d@group-82FB29945A00-LeaderElection2] INFO  ha.SCMContext (SCMContext.java:updateLeaderAndTerm(90)) - update <isLeader,term> from <false,0> to <true,2>
2022-02-08 13:52:23,367 [8e830768-0c32-4272-9818-b92ae3ba757d@group-82FB29945A00-LeaderElection2] INFO  server.RaftServer$Division (ServerState.java:setLeader(285)) - 8e830768-0c32-4272-9818-b92ae3ba757d@group-82FB29945A00: change Leader from null to 8e830768-0c32-4272-9818-b92ae3ba757d at term 2 for becomeLeader, leader elected after 6049ms
2022-02-08 13:52:23,367 [8e830768-0c32-4272-9818-b92ae3ba757d@group-82FB29945A00-LeaderElection2] INFO  server.RaftServerConfigKeys (ConfUtils.java:logGet(44)) - raft.server.staging.catchup.gap = 1000 (default)
2022-02-08 13:52:23,368 [8e830768-0c32-4272-9818-b92ae3ba757d@group-82FB29945A00-LeaderElection2] INFO  server.RaftServerConfigKeys (ConfUtils.java:logGet(44)) - raft.server.write.element-limit = 4096 (default)
2022-02-08 13:52:23,368 [8e830768-0c32-4272-9818-b92ae3ba757d@group-82FB29945A00-LeaderElection2] INFO  server.RaftServerConfigKeys (ConfUtils.java:logGet(44)) - raft.server.write.byte-limit = 64MB (=67108864) (default)
2022-02-08 13:52:23,368 [8e830768-0c32-4272-9818-b92ae3ba757d@group-82FB29945A00-LeaderElection2] INFO  server.RaftServerConfigKeys (ConfUtils.java:logGet(44)) - raft.server.watch.timeout = 10s (default)
2022-02-08 13:52:23,368 [8e830768-0c32-4272-9818-b92ae3ba757d@group-82FB29945A00-LeaderElection2] INFO  server.RaftServerConfigKeys (ConfUtils.java:logGet(44)) - raft.server.watch.timeout.denomination = 1s (default)
2022-02-08 13:52:23,368 [8e830768-0c32-4272-9818-b92ae3ba757d@group-82FB29945A00-LeaderElection2] INFO  server.RaftServerConfigKeys (ConfUtils.java:logGet(44)) - raft.server.watch.element-limit = 65536 (default)
2022-02-08 13:52:23,368 [8e830768-0c32-4272-9818-b92ae3ba757d@group-82FB29945A00-LeaderElection2] INFO  server.RaftServerConfigKeys (ConfUtils.java:logGet(44)) - raft.server.write.element-limit = 4096 (default)
2022-02-08 13:52:23,368 [8e830768-0c32-4272-9818-b92ae3ba757d@group-82FB29945A00-LeaderElection2] INFO  server.RaftServerConfigKeys (ConfUtils.java:logGet(44)) - raft.server.write.follower.gap.ratio.max = -1.0 (default)
2022-02-08 13:52:23,369 [8e830768-0c32-4272-9818-b92ae3ba757d@group-82FB29945A00-LeaderElection2] INFO  impl.RoleInfo (RoleInfo.java:updateAndGet(130)) - 8e830768-0c32-4272-9818-b92ae3ba757d: start 8e830768-0c32-4272-9818-b92ae3ba757d@group-82FB29945A00-LeaderStateImpl
2022-02-08 13:52:23,369 [8e830768-0c32-4272-9818-b92ae3ba757d@group-82FB29945A00-LeaderElection2] INFO  segmented.SegmentedRaftLogWorker (SegmentedRaftLogWorker.java:rollLogSegment(399)) - 8e830768-0c32-4272-9818-b92ae3ba757d@group-82FB29945A00-SegmentedRaftLogWorker: Rolling segment log-0_0 to index:0
2022-02-08 13:52:23,373 [8e830768-0c32-4272-9818-b92ae3ba757d@group-82FB29945A00-SegmentedRaftLogWorker] INFO  segmented.SegmentedRaftLogWorker (SegmentedRaftLogWorker.java:execute(558)) - 8e830768-0c32-4272-9818-b92ae3ba757d@group-82FB29945A00-SegmentedRaftLogWorker: Rolled log segment from /home/runner/work/ozone/ozone/hadoop-ozone/integration-test/target/test-dir/MiniOzoneClusterImpl-44b62ea4-a9d0-4540-a736-82fb29945a00/ozone-meta/scm-ha/44b62ea4-a9d0-4540-a736-82fb29945a00/current/log_inprogress_0 to /home/runner/work/ozone/ozone/hadoop-ozone/integration-test/target/test-dir/MiniOzoneClusterImpl-44b62ea4-a9d0-4540-a736-82fb29945a00/ozone-meta/scm-ha/44b62ea4-a9d0-4540-a736-82fb29945a00/current/log_0-0
2022-02-08 13:52:23,374 [8e830768-0c32-4272-9818-b92ae3ba757d@group-82FB29945A00-LeaderElection2] INFO  server.RaftServer$Division (ServerState.java:setRaftConf(387)) - 8e830768-0c32-4272-9818-b92ae3ba757d@group-82FB29945A00: set configuration 1: [8e830768-0c32-4272-9818-b92ae3ba757d|rpc:fv-az148-480:9894|admin:|client:|dataStream:|priority:0], old=null
2022-02-08 13:52:23,390 [8e830768-0c32-4272-9818-b92ae3ba757d@group-82FB29945A00-SegmentedRaftLogWorker] INFO  segmented.SegmentedRaftLogWorker (SegmentedRaftLogWorker.java:execute(601)) - 8e830768-0c32-4272-9818-b92ae3ba757d@group-82FB29945A00-SegmentedRaftLogWorker: created new log segment /home/runner/work/ozone/ozone/hadoop-ozone/integration-test/target/test-dir/MiniOzoneClusterImpl-44b62ea4-a9d0-4540-a736-82fb29945a00/ozone-meta/scm-ha/44b62ea4-a9d0-4540-a736-82fb29945a00/current/log_inprogress_1
2022-02-08 13:52:23,395 [8e830768-0c32-4272-9818-b92ae3ba757d@group-82FB29945A00-StateMachineUpdater] INFO  ha.SCMContext (SCMContext.java:setLeaderReady(117)) - update <isLeaderReady> from <false> to <true>
2022-02-08 13:52:23,396 [8e830768-0c32-4272-9818-b92ae3ba757d@group-82FB29945A00-StateMachineUpdater] INFO  pipeline.BackgroundPipelineCreator (BackgroundPipelineCreator.java:notifyStatusChanged(264)) - Service BackgroundPipelineCreator transitions to RUNNING.
2022-02-08 13:52:23,397 [8e830768-0c32-4272-9818-b92ae3ba757d@group-82FB29945A00-StateMachineUpdater] INFO  safemode.HealthyPipelineSafeModeRule (HealthyPipelineSafeModeRule.java:initializeRule(152)) - Refreshed total pipeline count is 0, healthy pipeline threshold count is 1
2022-02-08 13:52:23,397 [8e830768-0c32-4272-9818-b92ae3ba757d@group-82FB29945A00-StateMachineUpdater] INFO  safemode.ContainerSafeModeRule (ContainerSafeModeRule.java:reInitializeRule(177)) - Refreshed one replica container threshold 0, currentThreshold 0
2022-02-08 13:52:23,398 [8e830768-0c32-4272-9818-b92ae3ba757d@group-82FB29945A00-StateMachineUpdater] INFO  safemode.OneReplicaPipelineSafeModeRule (OneReplicaPipelineSafeModeRule.java:initializeRule(176)) - Refreshed Total pipeline count is 0, pipeline's with at least one datanode reported threshold count is 0
2022-02-08 13:52:23,398 [8e830768-0c32-4272-9818-b92ae3ba757d@group-82FB29945A00-StateMachineUpdater] INFO  server.SCMDatanodeProtocolServer (SCMDatanodeProtocolServer.java:start(181)) - ScmDatanodeProtocol RPC server for DataNodes is listening at /0.0.0.0:40099
2022-02-08 13:52:23,399 [IPC Server Responder] INFO  ipc.Server (Server.java:run(1507)) - IPC Server Responder: starting
2022-02-08 13:52:23,399 [IPC Server listener on 0] INFO  ipc.Server (Server.java:run(1344)) - IPC Server listener on 0: starting
2022-02-08 13:52:23,717 [Listener at 0.0.0.0/36263] WARN  server.ServerUtils (ServerUtils.java:getDBPath(225)) - ozone.om.db.dirs is not configured. We recommend adding this setting. Falling back to ozone.metadata.dirs instead.
2022-02-08 13:52:23,724 [Listener at 0.0.0.0/36263] INFO  codec.OmKeyInfoCodec (OmKeyInfoCodec.java:<init>(50)) - OmKeyInfoCodec ignorePipeline = true
2022-02-08 13:52:23,725 [Listener at 0.0.0.0/36263] INFO  codec.RepeatedOmKeyInfoCodec (RepeatedOmKeyInfoCodec.java:<init>(42)) - RepeatedOmKeyInfoCodec ignorePipeline = true
2022-02-08 13:52:23,940 [Listener at 0.0.0.0/36263] INFO  om.OzoneManager (OzoneManager.java:addS3GVolumeToDB(3732)) - Created Volume s3v With Owner runner required for S3Gateway operations.
2022-02-08 13:52:23,984 [Listener at 0.0.0.0/36263] WARN  server.ServerUtils (ServerUtils.java:getDefaultRatisDirectory(237)) - Storage directory for Ratis is not configured. It is a good idea to map this to an SSD disk. Falling back to ozone.metadata.dirs
2022-02-08 13:52:23,984 [Listener at 0.0.0.0/36263] WARN  utils.OzoneManagerRatisUtils (OzoneManagerRatisUtils.java:getOMRatisSnapshotDirectory(330)) - ozone.om.ratis.snapshot.dir is not configured. Falling back to ozone.metadata.dirs config
2022-02-08 13:52:23,989 [Listener at 0.0.0.0/36263] WARN  impl.MetricRegistriesImpl (MetricRegistriesImpl.java:addReporterRegistration(111)) - New reporters are added after registries were created. Some metrics will be missing from the reporter. Please add reporter before adding any new registry.
2022-02-08 13:52:23,989 [Listener at 0.0.0.0/36263] WARN  impl.MetricRegistriesImpl (MetricRegistriesImpl.java:addReporterRegistration(111)) - New reporters are added after registries were created. Some metrics will be missing from the reporter. Please add reporter before adding any new registry.
2022-02-08 13:52:23,989 [Listener at 0.0.0.0/36263] WARN  server.ServerUtils (ServerUtils.java:getDefaultRatisDirectory(237)) - Storage directory for Ratis is not configured. It is a good idea to map this to an SSD disk. Falling back to ozone.metadata.dirs
2022-02-08 13:52:23,992 [Listener at 0.0.0.0/36263] INFO  ratis.OzoneManagerRatisServer (OzoneManagerRatisServer.java:<init>(159)) - Instantiating OM Ratis server with groupID: omServiceIdDefault and peers: localhost:9872
2022-02-08 13:52:23,995 [Listener at 0.0.0.0/36263] INFO  ratis.OzoneManagerStateMachine (OzoneManagerStateMachine.java:loadSnapshotInfoFromDB(605)) - LastAppliedIndex is set from TransactionInfo from OM DB as (t:0, i:~)
2022-02-08 13:52:24,007 [Listener at 0.0.0.0/36263] INFO  server.RaftServer (ConfUtils.java:logGet(44)) - raft.rpc.type = GRPC (default)
2022-02-08 13:52:24,007 [Listener at 0.0.0.0/36263] INFO  grpc.GrpcFactory (GrpcFactory.java:checkPooledByteBufAllocatorUseCacheForAllThreads(48)) - PERFORMANCE WARNING: useCacheForAllThreads is true that may cause Netty to create a lot garbage objects and, as a result, trigger GC.
	It is recommended to disable useCacheForAllThreads by setting -Dorg.apache.ratis.thirdparty.io.netty.allocator.useCacheForAllThreads=false in command line.
2022-02-08 13:52:24,007 [Listener at 0.0.0.0/36263] INFO  grpc.GrpcConfigKeys (ConfUtils.java:logGet(44)) - raft.grpc.admin.port = -1 (default)
2022-02-08 13:52:24,007 [Listener at 0.0.0.0/36263] INFO  grpc.GrpcConfigKeys (ConfUtils.java:logGet(44)) - raft.grpc.server.port = 9872 (custom)
2022-02-08 13:52:24,008 [Listener at 0.0.0.0/36263] INFO  grpc.GrpcConfigKeys (ConfUtils.java:logGet(44)) - raft.grpc.client.port = -1 (default)
2022-02-08 13:52:24,008 [Listener at 0.0.0.0/36263] INFO  grpc.GrpcConfigKeys (ConfUtils.java:logGet(44)) - raft.grpc.server.port = 9872 (custom)
2022-02-08 13:52:24,008 [Listener at 0.0.0.0/36263] INFO  grpc.GrpcConfigKeys (ConfUtils.java:logGet(44)) - raft.grpc.server.port = 9872 (custom)
2022-02-08 13:52:24,008 [Listener at 0.0.0.0/36263] INFO  server.GrpcService (ConfUtils.java:logGet(44)) - raft.grpc.message.size.max = 33554432 (custom)
2022-02-08 13:52:24,008 [Listener at 0.0.0.0/36263] INFO  server.RaftServerConfigKeys (ConfUtils.java:logGet(44)) - raft.server.log.appender.buffer.byte-limit = 33554432 (custom)
2022-02-08 13:52:24,009 [Listener at 0.0.0.0/36263] INFO  server.GrpcService (ConfUtils.java:logGet(44)) - raft.grpc.flow.control.window = 1MB (=1048576) (default)
2022-02-08 13:52:24,009 [Listener at 0.0.0.0/36263] INFO  server.RaftServerConfigKeys (ConfUtils.java:logGet(44)) - raft.server.rpc.request.timeout = 3000ms (default)
2022-02-08 13:52:24,010 [Listener at 0.0.0.0/36263] INFO  impl.DataStreamServerImpl (ConfUtils.java:logGet(44)) - raft.datastream.type = DISABLED (default)
2022-02-08 13:52:24,010 [Listener at 0.0.0.0/36263] INFO  server.RaftServerConfigKeys (ConfUtils.java:logGet(44)) - raft.server.rpc.slowness.timeout = 120s (custom)
2022-02-08 13:52:24,011 [Listener at 0.0.0.0/36263] INFO  server.RaftServerConfigKeys (ConfUtils.java:logGet(44)) - raft.server.leaderelection.leader.step-down.wait-time = 10s (default)
2022-02-08 13:52:24,011 [Listener at 0.0.0.0/36263] INFO  server.RaftServerConfigKeys (ConfUtils.java:logGet(44)) - raft.server.storage.dir = [/home/runner/work/ozone/ozone/hadoop-ozone/integration-test/target/test-dir/MiniOzoneClusterImpl-44b62ea4-a9d0-4540-a736-82fb29945a00/ozone-meta/ratis] (custom)
2022-02-08 13:52:24,013 [Listener at 0.0.0.0/36263] INFO  server.RaftServer (RaftServerProxy.java:addNew(95)) - om1: addNew group-C5BA1605619E:[om1|rpc:localhost:9872|priority:0] returns group-C5BA1605619E:java.util.concurrent.CompletableFuture@5c00b341[Not completed]
2022-02-08 13:52:24,013 [Listener at 0.0.0.0/36263] INFO  om.OzoneManager (OzoneManager.java:initializeRatisServer(1834)) - OzoneManager Ratis server initialized at port 9872
2022-02-08 13:52:24,021 [pool-45-thread-1] INFO  server.RaftServer$Division (RaftServerImpl.java:<init>(184)) - om1: new RaftServerImpl for group-C5BA1605619E:[om1|rpc:localhost:9872|priority:0] with OzoneManagerStateMachine:uninitialized
2022-02-08 13:52:24,022 [pool-45-thread-1] INFO  server.RaftServerConfigKeys (ConfUtils.java:logGet(44)) - raft.server.rpc.timeout.min = 1s (custom)
2022-02-08 13:52:24,022 [pool-45-thread-1] INFO  server.RaftServerConfigKeys (ConfUtils.java:logGet(44)) - raft.server.rpc.timeout.max = 1200ms (custom)
2022-02-08 13:52:24,022 [pool-45-thread-1] INFO  server.RaftServerConfigKeys (ConfUtils.java:logGet(44)) - raft.server.rpc.sleep.time = 25ms (default)
2022-02-08 13:52:24,022 [pool-45-thread-1] INFO  server.RaftServerConfigKeys (ConfUtils.java:logGet(44)) - raft.server.rpc.slowness.timeout = 120s (custom)
2022-02-08 13:52:24,023 [pool-45-thread-1] INFO  server.RaftServerConfigKeys (ConfUtils.java:logGet(44)) - raft.server.leaderelection.leader.step-down.wait-time = 10s (default)
2022-02-08 13:52:24,023 [pool-45-thread-1] INFO  server.RaftServerConfigKeys (ConfUtils.java:logGet(44)) - raft.server.sleep.deviation.threshold = 300ms (default)
2022-02-08 13:52:24,023 [pool-45-thread-1] INFO  server.RaftServerConfigKeys (ConfUtils.java:logGet(44)) - raft.server.log.appender.install.snapshot.enabled = false (custom)
2022-02-08 13:52:24,023 [pool-45-thread-1] INFO  server.RaftServer$Division (ServerState.java:<init>(105)) - om1@group-C5BA1605619E: ConfigurationManager, init=-1: [om1|rpc:localhost:9872|priority:0], old=null, confs=<EMPTY_MAP>
2022-02-08 13:52:24,023 [pool-45-thread-1] INFO  server.RaftServerConfigKeys (ConfUtils.java:logGet(44)) - raft.server.storage.dir = [/home/runner/work/ozone/ozone/hadoop-ozone/integration-test/target/test-dir/MiniOzoneClusterImpl-44b62ea4-a9d0-4540-a736-82fb29945a00/ozone-meta/ratis] (custom)
2022-02-08 13:52:24,023 [pool-45-thread-1] INFO  server.RaftServerConfigKeys (ConfUtils.java:logGet(44)) - raft.server.log.corruption.policy = EXCEPTION (default)
2022-02-08 13:52:24,023 [pool-45-thread-1] INFO  server.RaftServerConfigKeys (ConfUtils.java:logGet(44)) - raft.server.storage.free-space.min = 0MB (=0) (default)
2022-02-08 13:52:24,024 [pool-45-thread-1] INFO  storage.RaftStorageDirectory (RaftStorageDirectoryImpl.java:analyzeStorage(135)) - The storage directory /home/runner/work/ozone/ozone/hadoop-ozone/integration-test/target/test-dir/MiniOzoneClusterImpl-44b62ea4-a9d0-4540-a736-82fb29945a00/ozone-meta/ratis/bf265839-605b-3f16-9796-c5ba1605619e does not exist. Creating ...
2022-02-08 13:52:24,025 [pool-45-thread-1] INFO  storage.RaftStorageDirectory (RaftStorageDirectoryImpl.java:tryLock(230)) - Lock on /home/runner/work/ozone/ozone/hadoop-ozone/integration-test/target/test-dir/MiniOzoneClusterImpl-44b62ea4-a9d0-4540-a736-82fb29945a00/ozone-meta/ratis/bf265839-605b-3f16-9796-c5ba1605619e/in_use.lock acquired by nodename 18376@fv-az148-480
2022-02-08 13:52:24,026 [pool-45-thread-1] INFO  storage.RaftStorage (RaftStorageImpl.java:format(89)) - Storage directory /home/runner/work/ozone/ozone/hadoop-ozone/integration-test/target/test-dir/MiniOzoneClusterImpl-44b62ea4-a9d0-4540-a736-82fb29945a00/ozone-meta/ratis/bf265839-605b-3f16-9796-c5ba1605619e has been successfully formatted.
2022-02-08 13:52:24,027 [pool-45-thread-1] INFO  server.RaftServerConfigKeys (ConfUtils.java:logGet(44)) - raft.server.notification.no-leader.timeout = 120s (custom)
2022-02-08 13:52:24,027 [pool-45-thread-1] INFO  server.RaftServerConfigKeys (ConfUtils.java:logGet(44)) - raft.server.log.use.memory = false (default)
2022-02-08 13:52:24,027 [pool-45-thread-1] INFO  server.RaftServerConfigKeys (ConfUtils.java:logGet(44)) - raft.server.log.purge.gap = 1000000 (custom)
2022-02-08 13:52:24,028 [pool-45-thread-1] INFO  server.RaftServerConfigKeys (ConfUtils.java:logGet(44)) - raft.server.log.appender.buffer.byte-limit = 33554432 (custom)
2022-02-08 13:52:24,028 [pool-45-thread-1] INFO  server.RaftServerConfigKeys (ConfUtils.java:logGet(44)) - raft.server.log.segment.size.max = 4194304 (custom)
2022-02-08 13:52:24,028 [pool-45-thread-1] INFO  server.RaftServerConfigKeys (ConfUtils.java:logGet(44)) - raft.server.log.segment.cache.num.max = 2 (custom)
2022-02-08 13:52:24,028 [pool-45-thread-1] INFO  server.RaftServerConfigKeys (ConfUtils.java:logGet(44)) - raft.server.log.segment.cache.size.max = 200MB (=209715200) (default)
2022-02-08 13:52:24,029 [pool-45-thread-1] INFO  segmented.SegmentedRaftLogWorker (SegmentedRaftLogWorker.java:<init>(182)) - new om1@group-C5BA1605619E-SegmentedRaftLogWorker for RaftStorageImpl:Storage Directory /home/runner/work/ozone/ozone/hadoop-ozone/integration-test/target/test-dir/MiniOzoneClusterImpl-44b62ea4-a9d0-4540-a736-82fb29945a00/ozone-meta/ratis/bf265839-605b-3f16-9796-c5ba1605619e
2022-02-08 13:52:24,029 [pool-45-thread-1] INFO  server.RaftServerConfigKeys (ConfUtils.java:logGet(44)) - raft.server.log.queue.byte-limit = 64MB (=67108864) (default)
2022-02-08 13:52:24,029 [pool-45-thread-1] INFO  server.RaftServerConfigKeys (ConfUtils.java:logGet(44)) - raft.server.log.queue.element-limit = 4096 (default)
2022-02-08 13:52:24,029 [pool-45-thread-1] INFO  server.RaftServerConfigKeys (ConfUtils.java:logGet(44)) - raft.server.log.segment.size.max = 4194304 (custom)
2022-02-08 13:52:24,029 [pool-45-thread-1] INFO  server.RaftServerConfigKeys (ConfUtils.java:logGet(44)) - raft.server.log.preallocated.size = 4194304 (custom)
2022-02-08 13:52:24,029 [pool-45-thread-1] INFO  server.RaftServerConfigKeys (ConfUtils.java:logGet(44)) - raft.server.log.force.sync.num = 128 (default)
2022-02-08 13:52:24,029 [pool-45-thread-1] INFO  server.RaftServerConfigKeys (ConfUtils.java:logGet(44)) - raft.server.log.statemachine.data.sync = true (default)
2022-02-08 13:52:24,029 [pool-45-thread-1] INFO  server.RaftServerConfigKeys (ConfUtils.java:logGet(44)) - raft.server.log.statemachine.data.sync.timeout = 10s (default)
2022-02-08 13:52:24,029 [pool-45-thread-1] INFO  server.RaftServerConfigKeys (ConfUtils.java:logGet(44)) - raft.server.log.statemachine.data.sync.timeout.retry = -1 (default)
2022-02-08 13:52:24,032 [pool-45-thread-1] INFO  server.RaftServerConfigKeys (ConfUtils.java:logGet(44)) - raft.server.log.write.buffer.size = 64KB (=65536) (default)
2022-02-08 13:52:24,032 [pool-45-thread-1] INFO  server.RaftServerConfigKeys (ConfUtils.java:logGet(44)) - raft.server.log.statemachine.data.caching.enabled = false (default)
2022-02-08 13:52:24,032 [pool-45-thread-1] INFO  segmented.SegmentedRaftLogWorker (SegmentedRaftLogWorker.java:lambda$new$0(133)) - om1@group-C5BA1605619E-SegmentedRaftLogWorker: flushIndex: setUnconditionally 0 -> -1
2022-02-08 13:52:24,037 [pool-45-thread-1] INFO  segmented.SegmentedRaftLogWorker (SegmentedRaftLogWorker.java:lambda$new$0(133)) - om1@group-C5BA1605619E-SegmentedRaftLogWorker: safeCacheEvictIndex: setUnconditionally 0 -> -1
2022-02-08 13:52:24,039 [Listener at 0.0.0.0/36263] INFO  ipc.CallQueueManager (CallQueueManager.java:<init>(90)) - Using callQueue: class java.util.concurrent.LinkedBlockingQueue, queueCapacity: 2000, scheduler: class org.apache.hadoop.ipc.DefaultRpcScheduler, ipcBackoff: false.
2022-02-08 13:52:24,040 [pool-45-thread-1] INFO  server.RaftServerConfigKeys (ConfUtils.java:logGet(44)) - raft.server.snapshot.auto.trigger.enabled = true (custom)
2022-02-08 13:52:24,040 [pool-45-thread-1] INFO  server.RaftServerConfigKeys (ConfUtils.java:logGet(44)) - raft.server.snapshot.auto.trigger.threshold = 400000 (default)
2022-02-08 13:52:24,040 [pool-45-thread-1] INFO  server.RaftServerConfigKeys (ConfUtils.java:logGet(44)) - raft.server.snapshot.retention.file.num = -1 (default)
2022-02-08 13:52:24,040 [pool-45-thread-1] INFO  server.RaftServerConfigKeys (ConfUtils.java:logGet(44)) - raft.server.log.purge.upto.snapshot.index = true (custom)
2022-02-08 13:52:24,040 [pool-45-thread-1] INFO  server.RaftServerConfigKeys (ConfUtils.java:logGet(44)) - raft.server.retrycache.expirytime = 300s (custom)
2022-02-08 13:52:24,040 [pool-45-thread-1] INFO  server.RaftServerConfigKeys (ConfUtils.java:logGet(44)) - raft.server.retrycache.statistics.expirytime = 100μs (default)
2022-02-08 13:52:24,040 [Socket Reader #1 for port 0] INFO  ipc.Server (Server.java:run(1265)) - Starting Socket Reader #1 for port 0
2022-02-08 13:52:24,069 [Listener at 127.0.0.1/36213] INFO  impl.MetricsSystemImpl (MetricsSystemImpl.java:init(158)) - OzoneManager metrics system started (again)
2022-02-08 13:52:24,082 [Listener at 127.0.0.1/36213] INFO  om.OzoneManager (OzoneManager.java:start(1365)) - OzoneManager RPC server is listening at localhost/127.0.0.1:36213
2022-02-08 13:52:24,082 [Listener at 127.0.0.1/36213] INFO  ratis.OzoneManagerRatisServer (OzoneManagerRatisServer.java:start(554)) - Starting OzoneManagerRatisServer om1 at port 9872
2022-02-08 13:52:24,082 [Listener at 127.0.0.1/36213] INFO  server.RaftServer$Division (RaftServerImpl.java:start(301)) - om1@group-C5BA1605619E: start as a follower, conf=-1: [om1|rpc:localhost:9872|priority:0], old=null
2022-02-08 13:52:24,082 [Listener at 127.0.0.1/36213] INFO  server.RaftServer$Division (RaftServerImpl.java:setRole(290)) - om1@group-C5BA1605619E: changes role from      null to FOLLOWER at term 0 for startAsFollower
2022-02-08 13:52:24,083 [Listener at 127.0.0.1/36213] INFO  impl.RoleInfo (RoleInfo.java:updateAndGet(130)) - om1: start om1@group-C5BA1605619E-FollowerState
2022-02-08 13:52:24,083 [Listener at 127.0.0.1/36213] INFO  util.JmxRegister (JmxRegister.java:tryRegister(44)) - Successfully registered JMX Bean with object name Ratis:service=RaftServer,group=group-C5BA1605619E,id=om1
2022-02-08 13:52:24,089 [Listener at 127.0.0.1/36213] INFO  server.RaftServer (RaftServerProxy.java:lambda$start$5(374)) - om1: start RPC server
2022-02-08 13:52:24,091 [Listener at 127.0.0.1/36213] INFO  server.GrpcService (GrpcService.java:startImpl(253)) - om1: GrpcService started, listening on 9872
2022-02-08 13:52:24,091 [Listener at 127.0.0.1/36213] INFO  om.OzoneManager (OzoneManager.java:start(1381)) - Version File has different layout version (0) than OM DB (null). That is expected if this OM has never been finalized to a newer layout version.
2022-02-08 13:52:24,094 [org.apache.ratis.util.JvmPauseMonitor$$Lambda$431/1827212229@13485e82] INFO  util.JvmPauseMonitor (JvmPauseMonitor.java:run(103)) - JvmPauseMonitor-om1: Started
2022-02-08 13:52:24,102 [Listener at 127.0.0.1/36213] INFO  http.BaseHttpServer (BaseHttpServer.java:newHttpServer2BuilderForOzone(209)) - Starting Web-server for ozoneManager at: http://0.0.0.0:0
2022-02-08 13:52:24,102 [Listener at 127.0.0.1/36213] INFO  http.BaseHttpServer (BaseHttpServer.java:<init>(107)) - Hadoop Security Enabled: false Ozone Security Enabled: false Ozone HTTP Security Enabled: false 
2022-02-08 13:52:24,103 [Listener at 127.0.0.1/36213] INFO  server.AuthenticationFilter (AuthenticationFilter.java:constructSecretProvider(240)) - Unable to initialize FileSignerSecretProvider, falling back to use random secrets.
2022-02-08 13:52:24,109 [Listener at 127.0.0.1/36213] WARN  http.HttpRequestLog (HttpRequestLog.java:getRequestLog(103)) - Jetty request log can only be enabled using Log4j
2022-02-08 13:52:24,111 [Listener at 127.0.0.1/36213] INFO  http.HttpServer2 (HttpServer2.java:addGlobalFilter(1030)) - Added global filter 'safety' (class=org.apache.hadoop.hdds.server.http.HttpServer2$QuotingInputFilter)
2022-02-08 13:52:24,113 [Listener at 127.0.0.1/36213] INFO  http.HttpServer2 (HttpServer2.java:addFilter(1006)) - Added filter static_user_filter (class=org.apache.hadoop.http.lib.StaticUserWebFilter$StaticUserFilter) to context ozoneManager
2022-02-08 13:52:24,113 [Listener at 127.0.0.1/36213] INFO  http.HttpServer2 (HttpServer2.java:addFilter(1014)) - Added filter static_user_filter (class=org.apache.hadoop.http.lib.StaticUserWebFilter$StaticUserFilter) to context logs
2022-02-08 13:52:24,113 [Listener at 127.0.0.1/36213] INFO  http.HttpServer2 (HttpServer2.java:addFilter(1014)) - Added filter static_user_filter (class=org.apache.hadoop.http.lib.StaticUserWebFilter$StaticUserFilter) to context static
2022-02-08 13:52:24,115 [Listener at 127.0.0.1/36213] INFO  http.HttpServer2 (HttpServer2.java:bindListener(1249)) - Jetty bound to port 39111
2022-02-08 13:52:24,118 [Listener at 127.0.0.1/36213] INFO  server.Server (Server.java:doStart(375)) - jetty-9.4.43.v20210629; built: 2021-06-30T11:07:22.254Z; git: 526006ecfa3af7f1a27ef3a288e2bef7ea9dd7e8; jvm 1.8.0_312-b07
2022-02-08 13:52:24,127 [Listener at 127.0.0.1/36213] INFO  server.session (DefaultSessionIdManager.java:doStart(334)) - DefaultSessionIdManager workerName=node0
2022-02-08 13:52:24,127 [Listener at 127.0.0.1/36213] INFO  server.session (DefaultSessionIdManager.java:doStart(339)) - No SessionScavenger set, using defaults
2022-02-08 13:52:24,128 [Listener at 127.0.0.1/36213] INFO  server.session (HouseKeeper.java:startScavenging(132)) - node0 Scavenging every 660000ms
2022-02-08 13:52:24,129 [Listener at 127.0.0.1/36213] INFO  handler.ContextHandler (ContextHandler.java:doStart(915)) - Started o.e.j.s.ServletContextHandler@6f798e5a{logs,/logs,file:///home/runner/work/ozone/ozone/hadoop-ozone/integration-test/target/log,AVAILABLE}
2022-02-08 13:52:24,129 [Listener at 127.0.0.1/36213] INFO  handler.ContextHandler (ContextHandler.java:doStart(915)) - Started o.e.j.s.ServletContextHandler@570fc662{static,/static,file:///home/runner/work/ozone/ozone/hadoop-ozone/integration-test/target/test-classes/webapps/static,AVAILABLE}
2022-02-08 13:52:24,133 [Listener at 127.0.0.1/36213] INFO  handler.ContextHandler (ContextHandler.java:doStart(915)) - Started o.e.j.w.WebAppContext@ef21eba{ozoneManager,/,file:///home/runner/work/ozone/ozone/hadoop-ozone/integration-test/target/test-classes/webapps/ozoneManager/,AVAILABLE}{file:/home/runner/work/ozone/ozone/hadoop-ozone/integration-test/target/test-classes/webapps/ozoneManager}
2022-02-08 13:52:24,135 [Listener at 127.0.0.1/36213] INFO  server.AbstractConnector (AbstractConnector.java:doStart(331)) - Started ServerConnector@55feda3f{HTTP/1.1, (http/1.1)}{0.0.0.0:39111}
2022-02-08 13:52:24,135 [Listener at 127.0.0.1/36213] INFO  server.Server (Server.java:doStart(415)) - Started @16483ms
2022-02-08 13:52:24,135 [Listener at 127.0.0.1/36213] WARN  impl.MetricsSystemImpl (MetricsSystemImpl.java:register(279)) - Sink prometheus already exists!
2022-02-08 13:52:24,136 [Listener at 127.0.0.1/36213] INFO  http.BaseHttpServer (BaseHttpServer.java:updateConnectorAddress(329)) - HTTP server of ozoneManager listening at http://0.0.0.0:39111
2022-02-08 13:52:24,138 [IPC Server Responder] INFO  ipc.Server (Server.java:run(1507)) - IPC Server Responder: starting
2022-02-08 13:52:24,138 [IPC Server listener on 0] INFO  ipc.Server (Server.java:run(1344)) - IPC Server listener on 0: starting
2022-02-08 13:52:24,141 [Listener at 127.0.0.1/36213] INFO  om.OzoneManager (OzoneManager.java:startTrashEmptier(1792)) - Trash Interval set to 0. Files deleted will not move to trash
2022-02-08 13:52:24,157 [org.apache.hadoop.util.JvmPauseMonitor$Monitor@1d123972] INFO  util.JvmPauseMonitor (JvmPauseMonitor.java:run(188)) - Starting JVM pause monitor
2022-02-08 13:52:24,322 [Listener at 127.0.0.1/36213] WARN  impl.MetricRegistriesImpl (MetricRegistriesImpl.java:addReporterRegistration(111)) - New reporters are added after registries were created. Some metrics will be missing from the reporter. Please add reporter before adding any new registry.
2022-02-08 13:52:24,322 [Listener at 127.0.0.1/36213] WARN  impl.MetricRegistriesImpl (MetricRegistriesImpl.java:addReporterRegistration(111)) - New reporters are added after registries were created. Some metrics will be missing from the reporter. Please add reporter before adding any new registry.
2022-02-08 13:52:24,323 [Listener at 127.0.0.1/36213] INFO  impl.MetricsSystemImpl (MetricsSystemImpl.java:init(158)) - HddsDatanode metrics system started (again)
2022-02-08 13:52:24,339 [Listener at 127.0.0.1/36213] INFO  ozone.HddsDatanodeService (HddsDatanodeService.java:start(234)) - HddsDatanodeService host:fv-az148-480.bm4ck3pvxvsene1rjriu5fhcdb.bx.internal.cloudapp.net ip:10.1.0.34
2022-02-08 13:52:24,368 [Listener at 127.0.0.1/36213] INFO  upgrade.AbstractLayoutVersionManager (AbstractLayoutVersionManager.java:init(79)) - Initializing Layout version manager with metadata layout = SCM_HA (version = 2), software layout = SCM_HA (version = 2)
2022-02-08 13:52:24,435 [Listener at 127.0.0.1/36213] INFO  reflections.Reflections (Reflections.java:scan(232)) - Reflections took 66 ms to scan 7 urls, producing 119 keys and 279 values 
2022-02-08 13:52:24,440 [Listener at 127.0.0.1/36213] INFO  statemachine.DatanodeStateMachine (DatanodeStateMachine.java:getEndPointTaskThreadPoolSize(222)) - Datanode State Machine Task Thread Pool size 2
2022-02-08 13:52:24,649 [Listener at 127.0.0.1/36213] INFO  volume.HddsVolume (HddsVolume.java:<init>(120)) - Creating HddsVolume: /home/runner/work/ozone/ozone/hadoop-ozone/integration-test/target/test-dir/MiniOzoneClusterImpl-44b62ea4-a9d0-4540-a736-82fb29945a00/datanode-0/data-0/containers/hdds of storage type : DISK capacity : 9223372036854775807
2022-02-08 13:52:24,654 [Listener at 127.0.0.1/36213] INFO  volume.MutableVolumeSet (MutableVolumeSet.java:initializeVolumeSet(168)) - Added Volume : /home/runner/work/ozone/ozone/hadoop-ozone/integration-test/target/test-dir/MiniOzoneClusterImpl-44b62ea4-a9d0-4540-a736-82fb29945a00/datanode-0/data-0/containers/hdds to VolumeSet
2022-02-08 13:52:24,655 [Listener at 127.0.0.1/36213] INFO  volume.ThrottledAsyncChecker (ThrottledAsyncChecker.java:schedule(141)) - Scheduling a check for /home/runner/work/ozone/ozone/hadoop-ozone/integration-test/target/test-dir/MiniOzoneClusterImpl-44b62ea4-a9d0-4540-a736-82fb29945a00/datanode-0/data-0/containers/hdds
2022-02-08 13:52:24,673 [Listener at 127.0.0.1/36213] INFO  volume.StorageVolumeChecker (StorageVolumeChecker.java:checkAllVolumes(202)) - Scheduled health check for volume /home/runner/work/ozone/ozone/hadoop-ozone/integration-test/target/test-dir/MiniOzoneClusterImpl-44b62ea4-a9d0-4540-a736-82fb29945a00/datanode-0/data-0/containers/hdds
2022-02-08 13:52:24,692 [Listener at 127.0.0.1/36213] INFO  volume.MutableVolumeSet (MutableVolumeSet.java:initializeVolumeSet(168)) - Added Volume : /home/runner/work/ozone/ozone/hadoop-ozone/integration-test/target/test-dir/MiniOzoneClusterImpl-44b62ea4-a9d0-4540-a736-82fb29945a00/datanode-0/data/ratis to VolumeSet
2022-02-08 13:52:24,693 [Listener at 127.0.0.1/36213] INFO  volume.ThrottledAsyncChecker (ThrottledAsyncChecker.java:schedule(141)) - Scheduling a check for /home/runner/work/ozone/ozone/hadoop-ozone/integration-test/target/test-dir/MiniOzoneClusterImpl-44b62ea4-a9d0-4540-a736-82fb29945a00/datanode-0/data/ratis
2022-02-08 13:52:24,693 [Listener at 127.0.0.1/36213] INFO  volume.StorageVolumeChecker (StorageVolumeChecker.java:checkAllVolumes(202)) - Scheduled health check for volume /home/runner/work/ozone/ozone/hadoop-ozone/integration-test/target/test-dir/MiniOzoneClusterImpl-44b62ea4-a9d0-4540-a736-82fb29945a00/datanode-0/data/ratis
2022-02-08 13:52:24,709 [Thread-139] INFO  ozoneimpl.ContainerReader (ContainerReader.java:readVolume(172)) - Finish verifying containers on volume /home/runner/work/ozone/ozone/hadoop-ozone/integration-test/target/test-dir/MiniOzoneClusterImpl-44b62ea4-a9d0-4540-a736-82fb29945a00/datanode-0/data-0/containers/hdds
2022-02-08 13:52:24,709 [Listener at 127.0.0.1/36213] INFO  ozoneimpl.OzoneContainer (OzoneContainer.java:buildContainerSet(237)) - Build ContainerSet costs 0s
2022-02-08 13:52:24,779 [Listener at 127.0.0.1/36213] INFO  server.RaftServer (ConfUtils.java:logGet(44)) - raft.rpc.type = GRPC (default)
2022-02-08 13:52:24,780 [Listener at 127.0.0.1/36213] INFO  grpc.GrpcFactory (GrpcFactory.java:checkPooledByteBufAllocatorUseCacheForAllThreads(48)) - PERFORMANCE WARNING: useCacheForAllThreads is true that may cause Netty to create a lot garbage objects and, as a result, trigger GC.
	It is recommended to disable useCacheForAllThreads by setting -Dorg.apache.ratis.thirdparty.io.netty.allocator.useCacheForAllThreads=false in command line.
2022-02-08 13:52:24,780 [Listener at 127.0.0.1/36213] INFO  grpc.GrpcConfigKeys (ConfUtils.java:logGet(44)) - raft.grpc.admin.port = 0 (custom)
2022-02-08 13:52:24,780 [Listener at 127.0.0.1/36213] INFO  grpc.GrpcConfigKeys (ConfUtils.java:logGet(44)) - raft.grpc.client.port = 0 (custom)
2022-02-08 13:52:24,780 [Listener at 127.0.0.1/36213] INFO  grpc.GrpcConfigKeys (ConfUtils.java:logGet(44)) - raft.grpc.server.port = 0 (default)
2022-02-08 13:52:24,781 [Listener at 127.0.0.1/36213] INFO  server.GrpcService (ConfUtils.java:logGet(44)) - raft.grpc.message.size.max = 32MB (=33554432) (custom)
2022-02-08 13:52:24,781 [Listener at 127.0.0.1/36213] INFO  server.RaftServerConfigKeys (ConfUtils.java:logGet(44)) - raft.server.log.appender.buffer.byte-limit = 33554432 (custom)
2022-02-08 13:52:24,781 [Listener at 127.0.0.1/36213] INFO  server.GrpcService (ConfUtils.java:logGet(44)) - raft.grpc.flow.control.window = 5MB (=5242880) (custom)
2022-02-08 13:52:24,781 [Listener at 127.0.0.1/36213] INFO  server.RaftServerConfigKeys (ConfUtils.java:logGet(44)) - raft.server.rpc.request.timeout = 3000ms (default)
2022-02-08 13:52:24,782 [Listener at 127.0.0.1/36213] INFO  impl.DataStreamServerImpl (ConfUtils.java:logGet(44)) - raft.datastream.type = DISABLED (default)
2022-02-08 13:52:24,784 [Listener at 127.0.0.1/36213] INFO  server.RaftServerConfigKeys (ConfUtils.java:logGet(44)) - raft.server.rpc.slowness.timeout = 300000ms (custom)
2022-02-08 13:52:24,786 [Listener at 127.0.0.1/36213] INFO  server.RaftServerConfigKeys (ConfUtils.java:logGet(44)) - raft.server.leaderelection.leader.step-down.wait-time = 10s (default)
2022-02-08 13:52:24,787 [Listener at 127.0.0.1/36213] INFO  server.RaftServerConfigKeys (ConfUtils.java:logGet(44)) - raft.server.storage.dir = [/home/runner/work/ozone/ozone/hadoop-ozone/integration-test/target/test-dir/MiniOzoneClusterImpl-44b62ea4-a9d0-4540-a736-82fb29945a00/datanode-0/data/ratis] (custom)
2022-02-08 13:52:24,806 [Listener at 127.0.0.1/36213] INFO  server.XceiverServerGrpc (XceiverServerGrpc.java:<init>(132)) - GrpcServer channel type EpollServerSocketChannel
2022-02-08 13:52:24,850 [Listener at 127.0.0.1/36213] INFO  http.BaseHttpServer (BaseHttpServer.java:newHttpServer2BuilderForOzone(209)) - Starting Web-server for hddsDatanode at: http://0.0.0.0:0
2022-02-08 13:52:24,851 [Listener at 127.0.0.1/36213] INFO  http.BaseHttpServer (BaseHttpServer.java:<init>(107)) - Hadoop Security Enabled: false Ozone Security Enabled: false Ozone HTTP Security Enabled: false 
2022-02-08 13:52:24,852 [Listener at 127.0.0.1/36213] INFO  server.AuthenticationFilter (AuthenticationFilter.java:constructSecretProvider(240)) - Unable to initialize FileSignerSecretProvider, falling back to use random secrets.
2022-02-08 13:52:24,853 [Listener at 127.0.0.1/36213] WARN  http.HttpRequestLog (HttpRequestLog.java:getRequestLog(103)) - Jetty request log can only be enabled using Log4j
2022-02-08 13:52:24,854 [Listener at 127.0.0.1/36213] INFO  http.HttpServer2 (HttpServer2.java:addGlobalFilter(1030)) - Added global filter 'safety' (class=org.apache.hadoop.hdds.server.http.HttpServer2$QuotingInputFilter)
2022-02-08 13:52:24,855 [Listener at 127.0.0.1/36213] INFO  http.HttpServer2 (HttpServer2.java:addFilter(1006)) - Added filter static_user_filter (class=org.apache.hadoop.http.lib.StaticUserWebFilter$StaticUserFilter) to context hddsDatanode
2022-02-08 13:52:24,855 [Listener at 127.0.0.1/36213] INFO  http.HttpServer2 (HttpServer2.java:addFilter(1014)) - Added filter static_user_filter (class=org.apache.hadoop.http.lib.StaticUserWebFilter$StaticUserFilter) to context logs
2022-02-08 13:52:24,855 [Listener at 127.0.0.1/36213] INFO  http.HttpServer2 (HttpServer2.java:addFilter(1014)) - Added filter static_user_filter (class=org.apache.hadoop.http.lib.StaticUserWebFilter$StaticUserFilter) to context static
2022-02-08 13:52:24,856 [Listener at 127.0.0.1/36213] INFO  http.HttpServer2 (HttpServer2.java:bindListener(1249)) - Jetty bound to port 45909
2022-02-08 13:52:24,856 [Listener at 127.0.0.1/36213] INFO  server.Server (Server.java:doStart(375)) - jetty-9.4.43.v20210629; built: 2021-06-30T11:07:22.254Z; git: 526006ecfa3af7f1a27ef3a288e2bef7ea9dd7e8; jvm 1.8.0_312-b07
2022-02-08 13:52:24,858 [Listener at 127.0.0.1/36213] INFO  server.session (DefaultSessionIdManager.java:doStart(334)) - DefaultSessionIdManager workerName=node0
2022-02-08 13:52:24,859 [Listener at 127.0.0.1/36213] INFO  server.session (DefaultSessionIdManager.java:doStart(339)) - No SessionScavenger set, using defaults
2022-02-08 13:52:24,859 [Listener at 127.0.0.1/36213] INFO  server.session (HouseKeeper.java:startScavenging(132)) - node0 Scavenging every 600000ms
2022-02-08 13:52:24,860 [Listener at 127.0.0.1/36213] INFO  handler.ContextHandler (ContextHandler.java:doStart(915)) - Started o.e.j.s.ServletContextHandler@2c6d5b2e{logs,/logs,file:///home/runner/work/ozone/ozone/hadoop-ozone/integration-test/target/log,AVAILABLE}
2022-02-08 13:52:24,860 [Listener at 127.0.0.1/36213] INFO  handler.ContextHandler (ContextHandler.java:doStart(915)) - Started o.e.j.s.ServletContextHandler@35c8dd30{static,/static,jar:file:/home/runner/.m2/repository/org/apache/ozone/hdds-container-service/1.3.0-SNAPSHOT/hdds-container-service-1.3.0-SNAPSHOT.jar!/webapps/static,AVAILABLE}
2022-02-08 13:52:24,920 [Listener at 127.0.0.1/36213] INFO  handler.ContextHandler (ContextHandler.java:doStart(915)) - Started o.e.j.w.WebAppContext@54236211{hddsDatanode,/,file:///tmp/jetty-0_0_0_0-45909-hdds-container-service-1_3_0-SNAPSHOT_jar-_-any-4022023963844849008/webapp/,AVAILABLE}{jar:file:/home/runner/.m2/repository/org/apache/ozone/hdds-container-service/1.3.0-SNAPSHOT/hdds-container-service-1.3.0-SNAPSHOT.jar!/webapps/hddsDatanode}
2022-02-08 13:52:24,921 [Listener at 127.0.0.1/36213] INFO  server.AbstractConnector (AbstractConnector.java:doStart(331)) - Started ServerConnector@537caf04{HTTP/1.1, (http/1.1)}{0.0.0.0:45909}
2022-02-08 13:52:24,921 [Listener at 127.0.0.1/36213] INFO  server.Server (Server.java:doStart(415)) - Started @17269ms
2022-02-08 13:52:24,922 [Listener at 127.0.0.1/36213] WARN  impl.MetricsSystemImpl (MetricsSystemImpl.java:register(279)) - Sink prometheus already exists!
2022-02-08 13:52:24,922 [Listener at 127.0.0.1/36213] INFO  http.BaseHttpServer (BaseHttpServer.java:updateConnectorAddress(329)) - HTTP server of hddsDatanode listening at http://0.0.0.0:45909
2022-02-08 13:52:24,924 [Listener at 127.0.0.1/36213] WARN  impl.MetricRegistriesImpl (MetricRegistriesImpl.java:addReporterRegistration(111)) - New reporters are added after registries were created. Some metrics will be missing from the reporter. Please add reporter before adding any new registry.
2022-02-08 13:52:24,924 [Listener at 127.0.0.1/36213] WARN  impl.MetricRegistriesImpl (MetricRegistriesImpl.java:addReporterRegistration(111)) - New reporters are added after registries were created. Some metrics will be missing from the reporter. Please add reporter before adding any new registry.
2022-02-08 13:52:24,924 [Listener at 127.0.0.1/36213] INFO  impl.MetricsSystemImpl (MetricsSystemImpl.java:init(158)) - HddsDatanode metrics system started (again)
2022-02-08 13:52:24,931 [Datanode State Machine Daemon Thread] INFO  statemachine.DatanodeStateMachine (DatanodeStateMachine.java:lambda$startDaemon$0(470)) - Ozone container server started.
2022-02-08 13:52:24,950 [Listener at 127.0.0.1/36213] INFO  ozone.HddsDatanodeService (HddsDatanodeService.java:start(234)) - HddsDatanodeService host:fv-az148-480.bm4ck3pvxvsene1rjriu5fhcdb.bx.internal.cloudapp.net ip:10.1.0.34
2022-02-08 13:52:24,953 [org.apache.hadoop.util.JvmPauseMonitor$Monitor@5edf23c2] INFO  util.JvmPauseMonitor (JvmPauseMonitor.java:run(188)) - Starting JVM pause monitor
2022-02-08 13:52:24,988 [Listener at 127.0.0.1/36213] INFO  upgrade.AbstractLayoutVersionManager (AbstractLayoutVersionManager.java:init(79)) - Initializing Layout version manager with metadata layout = SCM_HA (version = 2), software layout = SCM_HA (version = 2)
2022-02-08 13:52:25,059 [Listener at 127.0.0.1/36213] INFO  reflections.Reflections (Reflections.java:scan(232)) - Reflections took 60 ms to scan 7 urls, producing 119 keys and 279 values 
2022-02-08 13:52:25,069 [Datanode State Machine Task Thread - 0] INFO  datanode.InitDatanodeState (InitDatanodeState.java:persistContainerDatanodeDetails(145)) - DatanodeDetails is persisted to /home/runner/work/ozone/ozone/hadoop-ozone/integration-test/target/test-dir/MiniOzoneClusterImpl-44b62ea4-a9d0-4540-a736-82fb29945a00/datanode-0/meta/datanode.id
2022-02-08 13:52:25,069 [Listener at 127.0.0.1/36213] INFO  statemachine.DatanodeStateMachine (DatanodeStateMachine.java:getEndPointTaskThreadPoolSize(222)) - Datanode State Machine Task Thread Pool size 2
2022-02-08 13:52:25,076 [Listener at 127.0.0.1/36213] INFO  volume.HddsVolume (HddsVolume.java:<init>(120)) - Creating HddsVolume: /home/runner/work/ozone/ozone/hadoop-ozone/integration-test/target/test-dir/MiniOzoneClusterImpl-44b62ea4-a9d0-4540-a736-82fb29945a00/datanode-1/data-0/containers/hdds of storage type : DISK capacity : 9223372036854775807
2022-02-08 13:52:25,077 [Listener at 127.0.0.1/36213] INFO  volume.MutableVolumeSet (MutableVolumeSet.java:initializeVolumeSet(168)) - Added Volume : /home/runner/work/ozone/ozone/hadoop-ozone/integration-test/target/test-dir/MiniOzoneClusterImpl-44b62ea4-a9d0-4540-a736-82fb29945a00/datanode-1/data-0/containers/hdds to VolumeSet
2022-02-08 13:52:25,077 [Listener at 127.0.0.1/36213] INFO  volume.ThrottledAsyncChecker (ThrottledAsyncChecker.java:schedule(141)) - Scheduling a check for /home/runner/work/ozone/ozone/hadoop-ozone/integration-test/target/test-dir/MiniOzoneClusterImpl-44b62ea4-a9d0-4540-a736-82fb29945a00/datanode-1/data-0/containers/hdds
2022-02-08 13:52:25,078 [Listener at 127.0.0.1/36213] INFO  volume.StorageVolumeChecker (StorageVolumeChecker.java:checkAllVolumes(202)) - Scheduled health check for volume /home/runner/work/ozone/ozone/hadoop-ozone/integration-test/target/test-dir/MiniOzoneClusterImpl-44b62ea4-a9d0-4540-a736-82fb29945a00/datanode-1/data-0/containers/hdds
2022-02-08 13:52:25,093 [Listener at 127.0.0.1/36213] INFO  volume.MutableVolumeSet (MutableVolumeSet.java:initializeVolumeSet(168)) - Added Volume : /home/runner/work/ozone/ozone/hadoop-ozone/integration-test/target/test-dir/MiniOzoneClusterImpl-44b62ea4-a9d0-4540-a736-82fb29945a00/datanode-1/data/ratis to VolumeSet
2022-02-08 13:52:25,093 [Listener at 127.0.0.1/36213] INFO  volume.ThrottledAsyncChecker (ThrottledAsyncChecker.java:schedule(141)) - Scheduling a check for /home/runner/work/ozone/ozone/hadoop-ozone/integration-test/target/test-dir/MiniOzoneClusterImpl-44b62ea4-a9d0-4540-a736-82fb29945a00/datanode-1/data/ratis
2022-02-08 13:52:25,094 [Listener at 127.0.0.1/36213] INFO  volume.StorageVolumeChecker (StorageVolumeChecker.java:checkAllVolumes(202)) - Scheduled health check for volume /home/runner/work/ozone/ozone/hadoop-ozone/integration-test/target/test-dir/MiniOzoneClusterImpl-44b62ea4-a9d0-4540-a736-82fb29945a00/datanode-1/data/ratis
2022-02-08 13:52:25,106 [Thread-151] INFO  ozoneimpl.ContainerReader (ContainerReader.java:readVolume(172)) - Finish verifying containers on volume /home/runner/work/ozone/ozone/hadoop-ozone/integration-test/target/test-dir/MiniOzoneClusterImpl-44b62ea4-a9d0-4540-a736-82fb29945a00/datanode-1/data-0/containers/hdds
2022-02-08 13:52:25,107 [Listener at 127.0.0.1/36213] INFO  ozoneimpl.OzoneContainer (OzoneContainer.java:buildContainerSet(237)) - Build ContainerSet costs 0s
2022-02-08 13:52:25,110 [Listener at 127.0.0.1/36213] INFO  server.RaftServer (ConfUtils.java:logGet(44)) - raft.rpc.type = GRPC (default)
2022-02-08 13:52:25,110 [Listener at 127.0.0.1/36213] INFO  grpc.GrpcFactory (GrpcFactory.java:checkPooledByteBufAllocatorUseCacheForAllThreads(48)) - PERFORMANCE WARNING: useCacheForAllThreads is true that may cause Netty to create a lot garbage objects and, as a result, trigger GC.
	It is recommended to disable useCacheForAllThreads by setting -Dorg.apache.ratis.thirdparty.io.netty.allocator.useCacheForAllThreads=false in command line.
2022-02-08 13:52:25,110 [Listener at 127.0.0.1/36213] INFO  grpc.GrpcConfigKeys (ConfUtils.java:logGet(44)) - raft.grpc.admin.port = 0 (custom)
2022-02-08 13:52:25,110 [Listener at 127.0.0.1/36213] INFO  grpc.GrpcConfigKeys (ConfUtils.java:logGet(44)) - raft.grpc.client.port = 0 (custom)
2022-02-08 13:52:25,110 [Listener at 127.0.0.1/36213] INFO  grpc.GrpcConfigKeys (ConfUtils.java:logGet(44)) - raft.grpc.server.port = 0 (default)
2022-02-08 13:52:25,111 [Listener at 127.0.0.1/36213] INFO  server.GrpcService (ConfUtils.java:logGet(44)) - raft.grpc.message.size.max = 32MB (=33554432) (custom)
2022-02-08 13:52:25,111 [Listener at 127.0.0.1/36213] INFO  server.RaftServerConfigKeys (ConfUtils.java:logGet(44)) - raft.server.log.appender.buffer.byte-limit = 33554432 (custom)
2022-02-08 13:52:25,111 [Listener at 127.0.0.1/36213] INFO  server.GrpcService (ConfUtils.java:logGet(44)) - raft.grpc.flow.control.window = 5MB (=5242880) (custom)
2022-02-08 13:52:25,111 [Listener at 127.0.0.1/36213] INFO  server.RaftServerConfigKeys (ConfUtils.java:logGet(44)) - raft.server.rpc.request.timeout = 3000ms (default)
2022-02-08 13:52:25,112 [Listener at 127.0.0.1/36213] INFO  impl.DataStreamServerImpl (ConfUtils.java:logGet(44)) - raft.datastream.type = DISABLED (default)
2022-02-08 13:52:25,112 [Listener at 127.0.0.1/36213] INFO  server.RaftServerConfigKeys (ConfUtils.java:logGet(44)) - raft.server.rpc.slowness.timeout = 300000ms (custom)
2022-02-08 13:52:25,113 [Listener at 127.0.0.1/36213] INFO  server.RaftServerConfigKeys (ConfUtils.java:logGet(44)) - raft.server.leaderelection.leader.step-down.wait-time = 10s (default)
2022-02-08 13:52:25,113 [Listener at 127.0.0.1/36213] INFO  server.RaftServerConfigKeys (ConfUtils.java:logGet(44)) - raft.server.storage.dir = [/home/runner/work/ozone/ozone/hadoop-ozone/integration-test/target/test-dir/MiniOzoneClusterImpl-44b62ea4-a9d0-4540-a736-82fb29945a00/datanode-1/data/ratis] (custom)
2022-02-08 13:52:25,116 [Listener at 127.0.0.1/36213] INFO  server.XceiverServerGrpc (XceiverServerGrpc.java:<init>(132)) - GrpcServer channel type EpollServerSocketChannel
2022-02-08 13:52:25,123 [Listener at 127.0.0.1/36213] INFO  http.BaseHttpServer (BaseHttpServer.java:newHttpServer2BuilderForOzone(209)) - Starting Web-server for hddsDatanode at: http://0.0.0.0:0
2022-02-08 13:52:25,123 [Listener at 127.0.0.1/36213] INFO  http.BaseHttpServer (BaseHttpServer.java:<init>(107)) - Hadoop Security Enabled: false Ozone Security Enabled: false Ozone HTTP Security Enabled: false 
2022-02-08 13:52:25,125 [Listener at 127.0.0.1/36213] INFO  server.AuthenticationFilter (AuthenticationFilter.java:constructSecretProvider(240)) - Unable to initialize FileSignerSecretProvider, falling back to use random secrets.
2022-02-08 13:52:25,127 [Listener at 127.0.0.1/36213] WARN  http.HttpRequestLog (HttpRequestLog.java:getRequestLog(103)) - Jetty request log can only be enabled using Log4j
2022-02-08 13:52:25,128 [Listener at 127.0.0.1/36213] INFO  http.HttpServer2 (HttpServer2.java:addGlobalFilter(1030)) - Added global filter 'safety' (class=org.apache.hadoop.hdds.server.http.HttpServer2$QuotingInputFilter)
2022-02-08 13:52:25,128 [Listener at 127.0.0.1/36213] INFO  http.HttpServer2 (HttpServer2.java:addFilter(1006)) - Added filter static_user_filter (class=org.apache.hadoop.http.lib.StaticUserWebFilter$StaticUserFilter) to context hddsDatanode
2022-02-08 13:52:25,129 [Listener at 127.0.0.1/36213] INFO  http.HttpServer2 (HttpServer2.java:addFilter(1014)) - Added filter static_user_filter (class=org.apache.hadoop.http.lib.StaticUserWebFilter$StaticUserFilter) to context static
2022-02-08 13:52:25,129 [Listener at 127.0.0.1/36213] INFO  http.HttpServer2 (HttpServer2.java:addFilter(1014)) - Added filter static_user_filter (class=org.apache.hadoop.http.lib.StaticUserWebFilter$StaticUserFilter) to context logs
2022-02-08 13:52:25,129 [Listener at 127.0.0.1/36213] INFO  http.HttpServer2 (HttpServer2.java:bindListener(1249)) - Jetty bound to port 42527
2022-02-08 13:52:25,130 [Listener at 127.0.0.1/36213] INFO  server.Server (Server.java:doStart(375)) - jetty-9.4.43.v20210629; built: 2021-06-30T11:07:22.254Z; git: 526006ecfa3af7f1a27ef3a288e2bef7ea9dd7e8; jvm 1.8.0_312-b07
2022-02-08 13:52:25,138 [Listener at 127.0.0.1/36213] INFO  server.session (DefaultSessionIdManager.java:doStart(334)) - DefaultSessionIdManager workerName=node0
2022-02-08 13:52:25,139 [Listener at 127.0.0.1/36213] INFO  server.session (DefaultSessionIdManager.java:doStart(339)) - No SessionScavenger set, using defaults
2022-02-08 13:52:25,139 [Listener at 127.0.0.1/36213] INFO  server.session (HouseKeeper.java:startScavenging(132)) - node0 Scavenging every 600000ms
2022-02-08 13:52:25,140 [Listener at 127.0.0.1/36213] INFO  handler.ContextHandler (ContextHandler.java:doStart(915)) - Started o.e.j.s.ServletContextHandler@796a1cd1{logs,/logs,file:///home/runner/work/ozone/ozone/hadoop-ozone/integration-test/target/log,AVAILABLE}
2022-02-08 13:52:25,140 [Listener at 127.0.0.1/36213] INFO  handler.ContextHandler (ContextHandler.java:doStart(915)) - Started o.e.j.s.ServletContextHandler@17acd4c5{static,/static,jar:file:/home/runner/.m2/repository/org/apache/ozone/hdds-container-service/1.3.0-SNAPSHOT/hdds-container-service-1.3.0-SNAPSHOT.jar!/webapps/static,AVAILABLE}
2022-02-08 13:52:25,146 [om1@group-C5BA1605619E-FollowerState] INFO  impl.FollowerState (FollowerState.java:run(134)) - om1@group-C5BA1605619E-FollowerState: change to CANDIDATE, lastRpcElapsedTime:1063331568ns, electionTimeout:1049ms
2022-02-08 13:52:25,146 [om1@group-C5BA1605619E-FollowerState] INFO  impl.RoleInfo (RoleInfo.java:shutdownFollowerState(108)) - om1: shutdown om1@group-C5BA1605619E-FollowerState
2022-02-08 13:52:25,146 [om1@group-C5BA1605619E-FollowerState] INFO  server.RaftServer$Division (RaftServerImpl.java:setRole(290)) - om1@group-C5BA1605619E: changes role from  FOLLOWER to CANDIDATE at term 0 for changeToCandidate
2022-02-08 13:52:25,147 [om1@group-C5BA1605619E-FollowerState] INFO  server.RaftServerConfigKeys (ConfUtils.java:logGet(44)) - raft.server.leaderelection.pre-vote = false (custom)
2022-02-08 13:52:25,147 [om1@group-C5BA1605619E-FollowerState] INFO  impl.RoleInfo (RoleInfo.java:updateAndGet(130)) - om1: start om1@group-C5BA1605619E-LeaderElection3
2022-02-08 13:52:25,165 [om1@group-C5BA1605619E-LeaderElection3] INFO  impl.LeaderElection (LeaderElection.java:askForVotes(306)) - om1@group-C5BA1605619E-LeaderElection3 ELECTION round 0: submit vote requests at term 1 for -1: [om1|rpc:localhost:9872|priority:0], old=null
2022-02-08 13:52:25,165 [om1@group-C5BA1605619E-LeaderElection3] INFO  impl.LeaderElection (LeaderElection.java:askForVotes(308)) - om1@group-C5BA1605619E-LeaderElection3 ELECTION round 0: result PASSED (term=1)
2022-02-08 13:52:25,165 [om1@group-C5BA1605619E-LeaderElection3] INFO  impl.RoleInfo (RoleInfo.java:shutdownLeaderElection(121)) - om1: shutdown om1@group-C5BA1605619E-LeaderElection3
2022-02-08 13:52:25,165 [om1@group-C5BA1605619E-LeaderElection3] INFO  server.RaftServer$Division (RaftServerImpl.java:setRole(290)) - om1@group-C5BA1605619E: changes role from CANDIDATE to LEADER at term 1 for changeToLeader
2022-02-08 13:52:25,165 [om1@group-C5BA1605619E-LeaderElection3] INFO  server.RaftServer$Division (ServerState.java:setLeader(285)) - om1@group-C5BA1605619E: change Leader from null to om1 at term 1 for becomeLeader, leader elected after 1138ms
2022-02-08 13:52:25,166 [om1@group-C5BA1605619E-LeaderElection3] INFO  server.RaftServerConfigKeys (ConfUtils.java:logGet(44)) - raft.server.staging.catchup.gap = 1000 (default)
2022-02-08 13:52:25,166 [om1@group-C5BA1605619E-LeaderElection3] INFO  server.RaftServerConfigKeys (ConfUtils.java:logGet(44)) - raft.server.write.element-limit = 4096 (default)
2022-02-08 13:52:25,166 [om1@group-C5BA1605619E-LeaderElection3] INFO  server.RaftServerConfigKeys (ConfUtils.java:logGet(44)) - raft.server.write.byte-limit = 64MB (=67108864) (default)
2022-02-08 13:52:25,166 [om1@group-C5BA1605619E-LeaderElection3] INFO  server.RaftServerConfigKeys (ConfUtils.java:logGet(44)) - raft.server.watch.timeout = 10s (default)
2022-02-08 13:52:25,167 [om1@group-C5BA1605619E-LeaderElection3] INFO  server.RaftServerConfigKeys (ConfUtils.java:logGet(44)) - raft.server.watch.timeout.denomination = 1s (default)
2022-02-08 13:52:25,171 [om1@group-C5BA1605619E-LeaderElection3] INFO  server.RaftServerConfigKeys (ConfUtils.java:logGet(44)) - raft.server.watch.element-limit = 65536 (default)
2022-02-08 13:52:25,172 [om1@group-C5BA1605619E-LeaderElection3] INFO  server.RaftServerConfigKeys (ConfUtils.java:logGet(44)) - raft.server.write.element-limit = 4096 (default)
2022-02-08 13:52:25,172 [om1@group-C5BA1605619E-LeaderElection3] INFO  server.RaftServerConfigKeys (ConfUtils.java:logGet(44)) - raft.server.write.follower.gap.ratio.max = -1.0 (default)
2022-02-08 13:52:25,172 [om1@group-C5BA1605619E-LeaderElection3] INFO  impl.RoleInfo (RoleInfo.java:updateAndGet(130)) - om1: start om1@group-C5BA1605619E-LeaderStateImpl
2022-02-08 13:52:25,172 [om1@group-C5BA1605619E-LeaderElection3] INFO  segmented.SegmentedRaftLogWorker (SegmentedRaftLogWorker.java:startLogSegment(394)) - om1@group-C5BA1605619E-SegmentedRaftLogWorker: Starting segment from index:0
2022-02-08 13:52:25,180 [om1@group-C5BA1605619E-LeaderElection3] INFO  server.RaftServer$Division (ServerState.java:setRaftConf(387)) - om1@group-C5BA1605619E: set configuration 0: [om1|rpc:localhost:9872|admin:|client:|dataStream:|priority:0], old=null
2022-02-08 13:52:25,184 [om1@group-C5BA1605619E-SegmentedRaftLogWorker] INFO  segmented.SegmentedRaftLogWorker (SegmentedRaftLogWorker.java:execute(601)) - om1@group-C5BA1605619E-SegmentedRaftLogWorker: created new log segment /home/runner/work/ozone/ozone/hadoop-ozone/integration-test/target/test-dir/MiniOzoneClusterImpl-44b62ea4-a9d0-4540-a736-82fb29945a00/ozone-meta/ratis/bf265839-605b-3f16-9796-c5ba1605619e/current/log_inprogress_0
2022-02-08 13:52:25,252 [Listener at 127.0.0.1/36213] INFO  handler.ContextHandler (ContextHandler.java:doStart(915)) - Started o.e.j.w.WebAppContext@1d502d6c{hddsDatanode,/,file:///tmp/jetty-0_0_0_0-42527-hdds-container-service-1_3_0-SNAPSHOT_jar-_-any-3667814264469060037/webapp/,AVAILABLE}{jar:file:/home/runner/.m2/repository/org/apache/ozone/hdds-container-service/1.3.0-SNAPSHOT/hdds-container-service-1.3.0-SNAPSHOT.jar!/webapps/hddsDatanode}
2022-02-08 13:52:25,253 [Listener at 127.0.0.1/36213] INFO  server.AbstractConnector (AbstractConnector.java:doStart(331)) - Started ServerConnector@5ee29735{HTTP/1.1, (http/1.1)}{0.0.0.0:42527}
2022-02-08 13:52:25,254 [Listener at 127.0.0.1/36213] INFO  server.Server (Server.java:doStart(415)) - Started @17601ms
2022-02-08 13:52:25,254 [Listener at 127.0.0.1/36213] WARN  impl.MetricsSystemImpl (MetricsSystemImpl.java:register(279)) - Sink prometheus already exists!
2022-02-08 13:52:25,254 [Listener at 127.0.0.1/36213] INFO  http.BaseHttpServer (BaseHttpServer.java:updateConnectorAddress(329)) - HTTP server of hddsDatanode listening at http://0.0.0.0:42527
2022-02-08 13:52:25,262 [Datanode State Machine Daemon Thread] INFO  statemachine.DatanodeStateMachine (DatanodeStateMachine.java:lambda$startDaemon$0(470)) - Ozone container server started.
2022-02-08 13:52:25,262 [Listener at 127.0.0.1/36213] WARN  impl.MetricRegistriesImpl (MetricRegistriesImpl.java:addReporterRegistration(111)) - New reporters are added after registries were created. Some metrics will be missing from the reporter. Please add reporter before adding any new registry.
2022-02-08 13:52:25,263 [Listener at 127.0.0.1/36213] WARN  impl.MetricRegistriesImpl (MetricRegistriesImpl.java:addReporterRegistration(111)) - New reporters are added after registries were created. Some metrics will be missing from the reporter. Please add reporter before adding any new registry.
2022-02-08 13:52:25,263 [Listener at 127.0.0.1/36213] INFO  impl.MetricsSystemImpl (MetricsSystemImpl.java:init(158)) - HddsDatanode metrics system started (again)
2022-02-08 13:52:25,285 [org.apache.hadoop.util.JvmPauseMonitor$Monitor@2c01b449] INFO  util.JvmPauseMonitor (JvmPauseMonitor.java:run(188)) - Starting JVM pause monitor
2022-02-08 13:52:25,306 [Listener at 127.0.0.1/36213] INFO  ozone.HddsDatanodeService (HddsDatanodeService.java:start(234)) - HddsDatanodeService host:fv-az148-480.bm4ck3pvxvsene1rjriu5fhcdb.bx.internal.cloudapp.net ip:10.1.0.34
2022-02-08 13:52:25,311 [Datanode State Machine Task Thread - 0] INFO  datanode.InitDatanodeState (InitDatanodeState.java:persistContainerDatanodeDetails(145)) - DatanodeDetails is persisted to /home/runner/work/ozone/ozone/hadoop-ozone/integration-test/target/test-dir/MiniOzoneClusterImpl-44b62ea4-a9d0-4540-a736-82fb29945a00/datanode-1/meta/datanode.id
2022-02-08 13:52:25,322 [om1@group-C5BA1605619E-StateMachineUpdater] INFO  ratis.OzoneManagerStateMachine (OzoneManagerStateMachine.java:notifyConfigurationChanged(188)) - Received Configuration change notification from Ratis. New Peer list:
[id: "om1"
address: "localhost:9872"
]
2022-02-08 13:52:25,335 [Listener at 127.0.0.1/36213] INFO  upgrade.AbstractLayoutVersionManager (AbstractLayoutVersionManager.java:init(79)) - Initializing Layout version manager with metadata layout = SCM_HA (version = 2), software layout = SCM_HA (version = 2)
2022-02-08 13:52:25,384 [Listener at 127.0.0.1/36213] INFO  reflections.Reflections (Reflections.java:scan(232)) - Reflections took 47 ms to scan 7 urls, producing 119 keys and 279 values 
2022-02-08 13:52:25,386 [Listener at 127.0.0.1/36213] INFO  statemachine.DatanodeStateMachine (DatanodeStateMachine.java:getEndPointTaskThreadPoolSize(222)) - Datanode State Machine Task Thread Pool size 2
2022-02-08 13:52:25,390 [Listener at 127.0.0.1/36213] INFO  volume.HddsVolume (HddsVolume.java:<init>(120)) - Creating HddsVolume: /home/runner/work/ozone/ozone/hadoop-ozone/integration-test/target/test-dir/MiniOzoneClusterImpl-44b62ea4-a9d0-4540-a736-82fb29945a00/datanode-2/data-0/containers/hdds of storage type : DISK capacity : 9223372036854775807
2022-02-08 13:52:25,391 [Listener at 127.0.0.1/36213] INFO  volume.MutableVolumeSet (MutableVolumeSet.java:initializeVolumeSet(168)) - Added Volume : /home/runner/work/ozone/ozone/hadoop-ozone/integration-test/target/test-dir/MiniOzoneClusterImpl-44b62ea4-a9d0-4540-a736-82fb29945a00/datanode-2/data-0/containers/hdds to VolumeSet
2022-02-08 13:52:25,391 [Listener at 127.0.0.1/36213] INFO  volume.ThrottledAsyncChecker (ThrottledAsyncChecker.java:schedule(141)) - Scheduling a check for /home/runner/work/ozone/ozone/hadoop-ozone/integration-test/target/test-dir/MiniOzoneClusterImpl-44b62ea4-a9d0-4540-a736-82fb29945a00/datanode-2/data-0/containers/hdds
2022-02-08 13:52:25,392 [Listener at 127.0.0.1/36213] INFO  volume.StorageVolumeChecker (StorageVolumeChecker.java:checkAllVolumes(202)) - Scheduled health check for volume /home/runner/work/ozone/ozone/hadoop-ozone/integration-test/target/test-dir/MiniOzoneClusterImpl-44b62ea4-a9d0-4540-a736-82fb29945a00/datanode-2/data-0/containers/hdds
2022-02-08 13:52:25,405 [Listener at 127.0.0.1/36213] INFO  volume.MutableVolumeSet (MutableVolumeSet.java:initializeVolumeSet(168)) - Added Volume : /home/runner/work/ozone/ozone/hadoop-ozone/integration-test/target/test-dir/MiniOzoneClusterImpl-44b62ea4-a9d0-4540-a736-82fb29945a00/datanode-2/data/ratis to VolumeSet
2022-02-08 13:52:25,405 [Listener at 127.0.0.1/36213] INFO  volume.ThrottledAsyncChecker (ThrottledAsyncChecker.java:schedule(141)) - Scheduling a check for /home/runner/work/ozone/ozone/hadoop-ozone/integration-test/target/test-dir/MiniOzoneClusterImpl-44b62ea4-a9d0-4540-a736-82fb29945a00/datanode-2/data/ratis
2022-02-08 13:52:25,406 [Listener at 127.0.0.1/36213] INFO  volume.StorageVolumeChecker (StorageVolumeChecker.java:checkAllVolumes(202)) - Scheduled health check for volume /home/runner/work/ozone/ozone/hadoop-ozone/integration-test/target/test-dir/MiniOzoneClusterImpl-44b62ea4-a9d0-4540-a736-82fb29945a00/datanode-2/data/ratis
2022-02-08 13:52:25,418 [Thread-165] INFO  ozoneimpl.ContainerReader (ContainerReader.java:readVolume(172)) - Finish verifying containers on volume /home/runner/work/ozone/ozone/hadoop-ozone/integration-test/target/test-dir/MiniOzoneClusterImpl-44b62ea4-a9d0-4540-a736-82fb29945a00/datanode-2/data-0/containers/hdds
2022-02-08 13:52:25,418 [Listener at 127.0.0.1/36213] INFO  ozoneimpl.OzoneContainer (OzoneContainer.java:buildContainerSet(237)) - Build ContainerSet costs 0s
2022-02-08 13:52:25,422 [Listener at 127.0.0.1/36213] INFO  server.RaftServer (ConfUtils.java:logGet(44)) - raft.rpc.type = GRPC (default)
2022-02-08 13:52:25,422 [Listener at 127.0.0.1/36213] INFO  grpc.GrpcFactory (GrpcFactory.java:checkPooledByteBufAllocatorUseCacheForAllThreads(48)) - PERFORMANCE WARNING: useCacheForAllThreads is true that may cause Netty to create a lot garbage objects and, as a result, trigger GC.
	It is recommended to disable useCacheForAllThreads by setting -Dorg.apache.ratis.thirdparty.io.netty.allocator.useCacheForAllThreads=false in command line.
2022-02-08 13:52:25,422 [Listener at 127.0.0.1/36213] INFO  grpc.GrpcConfigKeys (ConfUtils.java:logGet(44)) - raft.grpc.admin.port = 0 (custom)
2022-02-08 13:52:25,423 [Listener at 127.0.0.1/36213] INFO  grpc.GrpcConfigKeys (ConfUtils.java:logGet(44)) - raft.grpc.client.port = 0 (custom)
2022-02-08 13:52:25,423 [Listener at 127.0.0.1/36213] INFO  grpc.GrpcConfigKeys (ConfUtils.java:logGet(44)) - raft.grpc.server.port = 0 (default)
2022-02-08 13:52:25,423 [Listener at 127.0.0.1/36213] INFO  server.GrpcService (ConfUtils.java:logGet(44)) - raft.grpc.message.size.max = 32MB (=33554432) (custom)
2022-02-08 13:52:25,423 [Listener at 127.0.0.1/36213] INFO  server.RaftServerConfigKeys (ConfUtils.java:logGet(44)) - raft.server.log.appender.buffer.byte-limit = 33554432 (custom)
2022-02-08 13:52:25,423 [Listener at 127.0.0.1/36213] INFO  server.GrpcService (ConfUtils.java:logGet(44)) - raft.grpc.flow.control.window = 5MB (=5242880) (custom)
2022-02-08 13:52:25,423 [Listener at 127.0.0.1/36213] INFO  server.RaftServerConfigKeys (ConfUtils.java:logGet(44)) - raft.server.rpc.request.timeout = 3000ms (default)
2022-02-08 13:52:25,425 [Listener at 127.0.0.1/36213] INFO  impl.DataStreamServerImpl (ConfUtils.java:logGet(44)) - raft.datastream.type = DISABLED (default)
2022-02-08 13:52:25,425 [Listener at 127.0.0.1/36213] INFO  server.RaftServerConfigKeys (ConfUtils.java:logGet(44)) - raft.server.rpc.slowness.timeout = 300000ms (custom)
2022-02-08 13:52:25,425 [Listener at 127.0.0.1/36213] INFO  server.RaftServerConfigKeys (ConfUtils.java:logGet(44)) - raft.server.leaderelection.leader.step-down.wait-time = 10s (default)
2022-02-08 13:52:25,425 [Listener at 127.0.0.1/36213] INFO  server.RaftServerConfigKeys (ConfUtils.java:logGet(44)) - raft.server.storage.dir = [/home/runner/work/ozone/ozone/hadoop-ozone/integration-test/target/test-dir/MiniOzoneClusterImpl-44b62ea4-a9d0-4540-a736-82fb29945a00/datanode-2/data/ratis] (custom)
2022-02-08 13:52:25,427 [Listener at 127.0.0.1/36213] INFO  server.XceiverServerGrpc (XceiverServerGrpc.java:<init>(132)) - GrpcServer channel type EpollServerSocketChannel
2022-02-08 13:52:25,430 [Listener at 127.0.0.1/36213] INFO  http.BaseHttpServer (BaseHttpServer.java:newHttpServer2BuilderForOzone(209)) - Starting Web-server for hddsDatanode at: http://0.0.0.0:0
2022-02-08 13:52:25,430 [Listener at 127.0.0.1/36213] INFO  http.BaseHttpServer (BaseHttpServer.java:<init>(107)) - Hadoop Security Enabled: false Ozone Security Enabled: false Ozone HTTP Security Enabled: false 
2022-02-08 13:52:25,431 [Listener at 127.0.0.1/36213] INFO  server.AuthenticationFilter (AuthenticationFilter.java:constructSecretProvider(240)) - Unable to initialize FileSignerSecretProvider, falling back to use random secrets.
2022-02-08 13:52:25,432 [Listener at 127.0.0.1/36213] WARN  http.HttpRequestLog (HttpRequestLog.java:getRequestLog(103)) - Jetty request log can only be enabled using Log4j
2022-02-08 13:52:25,433 [Listener at 127.0.0.1/36213] INFO  http.HttpServer2 (HttpServer2.java:addGlobalFilter(1030)) - Added global filter 'safety' (class=org.apache.hadoop.hdds.server.http.HttpServer2$QuotingInputFilter)
2022-02-08 13:52:25,434 [Listener at 127.0.0.1/36213] INFO  http.HttpServer2 (HttpServer2.java:addFilter(1006)) - Added filter static_user_filter (class=org.apache.hadoop.http.lib.StaticUserWebFilter$StaticUserFilter) to context hddsDatanode
2022-02-08 13:52:25,434 [Listener at 127.0.0.1/36213] INFO  http.HttpServer2 (HttpServer2.java:addFilter(1014)) - Added filter static_user_filter (class=org.apache.hadoop.http.lib.StaticUserWebFilter$StaticUserFilter) to context logs
2022-02-08 13:52:25,434 [Listener at 127.0.0.1/36213] INFO  http.HttpServer2 (HttpServer2.java:addFilter(1014)) - Added filter static_user_filter (class=org.apache.hadoop.http.lib.StaticUserWebFilter$StaticUserFilter) to context static
2022-02-08 13:52:25,435 [Listener at 127.0.0.1/36213] INFO  http.HttpServer2 (HttpServer2.java:bindListener(1249)) - Jetty bound to port 44639
2022-02-08 13:52:25,435 [Listener at 127.0.0.1/36213] INFO  server.Server (Server.java:doStart(375)) - jetty-9.4.43.v20210629; built: 2021-06-30T11:07:22.254Z; git: 526006ecfa3af7f1a27ef3a288e2bef7ea9dd7e8; jvm 1.8.0_312-b07
2022-02-08 13:52:25,437 [Listener at 127.0.0.1/36213] INFO  server.session (DefaultSessionIdManager.java:doStart(334)) - DefaultSessionIdManager workerName=node0
2022-02-08 13:52:25,437 [Listener at 127.0.0.1/36213] INFO  server.session (DefaultSessionIdManager.java:doStart(339)) - No SessionScavenger set, using defaults
2022-02-08 13:52:25,437 [Listener at 127.0.0.1/36213] INFO  server.session (HouseKeeper.java:startScavenging(132)) - node0 Scavenging every 600000ms
2022-02-08 13:52:25,438 [Listener at 127.0.0.1/36213] INFO  handler.ContextHandler (ContextHandler.java:doStart(915)) - Started o.e.j.s.ServletContextHandler@27c2b83a{logs,/logs,file:///home/runner/work/ozone/ozone/hadoop-ozone/integration-test/target/log,AVAILABLE}
2022-02-08 13:52:25,438 [Listener at 127.0.0.1/36213] INFO  handler.ContextHandler (ContextHandler.java:doStart(915)) - Started o.e.j.s.ServletContextHandler@22445d8e{static,/static,jar:file:/home/runner/.m2/repository/org/apache/ozone/hdds-container-service/1.3.0-SNAPSHOT/hdds-container-service-1.3.0-SNAPSHOT.jar!/webapps/static,AVAILABLE}
2022-02-08 13:52:25,486 [Listener at 127.0.0.1/36213] INFO  handler.ContextHandler (ContextHandler.java:doStart(915)) - Started o.e.j.w.WebAppContext@138c28b5{hddsDatanode,/,file:///tmp/jetty-0_0_0_0-44639-hdds-container-service-1_3_0-SNAPSHOT_jar-_-any-7548278073981632445/webapp/,AVAILABLE}{jar:file:/home/runner/.m2/repository/org/apache/ozone/hdds-container-service/1.3.0-SNAPSHOT/hdds-container-service-1.3.0-SNAPSHOT.jar!/webapps/hddsDatanode}
2022-02-08 13:52:25,488 [Listener at 127.0.0.1/36213] INFO  server.AbstractConnector (AbstractConnector.java:doStart(331)) - Started ServerConnector@1da9b95d{HTTP/1.1, (http/1.1)}{0.0.0.0:44639}
2022-02-08 13:52:25,488 [Listener at 127.0.0.1/36213] INFO  server.Server (Server.java:doStart(415)) - Started @17836ms
2022-02-08 13:52:25,488 [Listener at 127.0.0.1/36213] WARN  impl.MetricsSystemImpl (MetricsSystemImpl.java:register(279)) - Sink prometheus already exists!
2022-02-08 13:52:25,489 [Listener at 127.0.0.1/36213] INFO  http.BaseHttpServer (BaseHttpServer.java:updateConnectorAddress(329)) - HTTP server of hddsDatanode listening at http://0.0.0.0:44639
2022-02-08 13:52:25,490 [Listener at 127.0.0.1/36213] WARN  impl.MetricRegistriesImpl (MetricRegistriesImpl.java:addReporterRegistration(111)) - New reporters are added after registries were created. Some metrics will be missing from the reporter. Please add reporter before adding any new registry.
2022-02-08 13:52:25,490 [Listener at 127.0.0.1/36213] WARN  impl.MetricRegistriesImpl (MetricRegistriesImpl.java:addReporterRegistration(111)) - New reporters are added after registries were created. Some metrics will be missing from the reporter. Please add reporter before adding any new registry.
2022-02-08 13:52:25,490 [Listener at 127.0.0.1/36213] INFO  impl.MetricsSystemImpl (MetricsSystemImpl.java:init(158)) - HddsDatanode metrics system started (again)
2022-02-08 13:52:25,490 [Datanode State Machine Daemon Thread] INFO  statemachine.DatanodeStateMachine (DatanodeStateMachine.java:lambda$startDaemon$0(470)) - Ozone container server started.
2022-02-08 13:52:25,503 [Listener at 127.0.0.1/36213] INFO  ozone.HddsDatanodeService (HddsDatanodeService.java:start(234)) - HddsDatanodeService host:fv-az148-480.bm4ck3pvxvsene1rjriu5fhcdb.bx.internal.cloudapp.net ip:10.1.0.34
2022-02-08 13:52:25,513 [org.apache.hadoop.util.JvmPauseMonitor$Monitor@57086139] INFO  util.JvmPauseMonitor (JvmPauseMonitor.java:run(188)) - Starting JVM pause monitor
2022-02-08 13:52:25,516 [Datanode State Machine Task Thread - 0] INFO  datanode.InitDatanodeState (InitDatanodeState.java:persistContainerDatanodeDetails(145)) - DatanodeDetails is persisted to /home/runner/work/ozone/ozone/hadoop-ozone/integration-test/target/test-dir/MiniOzoneClusterImpl-44b62ea4-a9d0-4540-a736-82fb29945a00/datanode-2/meta/datanode.id
2022-02-08 13:52:25,526 [Listener at 127.0.0.1/36213] INFO  upgrade.AbstractLayoutVersionManager (AbstractLayoutVersionManager.java:init(79)) - Initializing Layout version manager with metadata layout = SCM_HA (version = 2), software layout = SCM_HA (version = 2)
2022-02-08 13:52:25,570 [Listener at 127.0.0.1/36213] INFO  reflections.Reflections (Reflections.java:scan(232)) - Reflections took 42 ms to scan 7 urls, producing 119 keys and 279 values 
2022-02-08 13:52:25,572 [Listener at 127.0.0.1/36213] INFO  statemachine.DatanodeStateMachine (DatanodeStateMachine.java:getEndPointTaskThreadPoolSize(222)) - Datanode State Machine Task Thread Pool size 2
2022-02-08 13:52:25,576 [Listener at 127.0.0.1/36213] INFO  volume.HddsVolume (HddsVolume.java:<init>(120)) - Creating HddsVolume: /home/runner/work/ozone/ozone/hadoop-ozone/integration-test/target/test-dir/MiniOzoneClusterImpl-44b62ea4-a9d0-4540-a736-82fb29945a00/datanode-3/data-0/containers/hdds of storage type : DISK capacity : 9223372036854775807
2022-02-08 13:52:25,576 [Listener at 127.0.0.1/36213] INFO  volume.MutableVolumeSet (MutableVolumeSet.java:initializeVolumeSet(168)) - Added Volume : /home/runner/work/ozone/ozone/hadoop-ozone/integration-test/target/test-dir/MiniOzoneClusterImpl-44b62ea4-a9d0-4540-a736-82fb29945a00/datanode-3/data-0/containers/hdds to VolumeSet
2022-02-08 13:52:25,576 [Listener at 127.0.0.1/36213] INFO  volume.ThrottledAsyncChecker (ThrottledAsyncChecker.java:schedule(141)) - Scheduling a check for /home/runner/work/ozone/ozone/hadoop-ozone/integration-test/target/test-dir/MiniOzoneClusterImpl-44b62ea4-a9d0-4540-a736-82fb29945a00/datanode-3/data-0/containers/hdds
2022-02-08 13:52:25,578 [Listener at 127.0.0.1/36213] INFO  volume.StorageVolumeChecker (StorageVolumeChecker.java:checkAllVolumes(202)) - Scheduled health check for volume /home/runner/work/ozone/ozone/hadoop-ozone/integration-test/target/test-dir/MiniOzoneClusterImpl-44b62ea4-a9d0-4540-a736-82fb29945a00/datanode-3/data-0/containers/hdds
2022-02-08 13:52:25,591 [Listener at 127.0.0.1/36213] INFO  volume.MutableVolumeSet (MutableVolumeSet.java:initializeVolumeSet(168)) - Added Volume : /home/runner/work/ozone/ozone/hadoop-ozone/integration-test/target/test-dir/MiniOzoneClusterImpl-44b62ea4-a9d0-4540-a736-82fb29945a00/datanode-3/data/ratis to VolumeSet
2022-02-08 13:52:25,592 [Listener at 127.0.0.1/36213] INFO  volume.ThrottledAsyncChecker (ThrottledAsyncChecker.java:schedule(141)) - Scheduling a check for /home/runner/work/ozone/ozone/hadoop-ozone/integration-test/target/test-dir/MiniOzoneClusterImpl-44b62ea4-a9d0-4540-a736-82fb29945a00/datanode-3/data/ratis
2022-02-08 13:52:25,592 [Listener at 127.0.0.1/36213] INFO  volume.StorageVolumeChecker (StorageVolumeChecker.java:checkAllVolumes(202)) - Scheduled health check for volume /home/runner/work/ozone/ozone/hadoop-ozone/integration-test/target/test-dir/MiniOzoneClusterImpl-44b62ea4-a9d0-4540-a736-82fb29945a00/datanode-3/data/ratis
2022-02-08 13:52:25,608 [Thread-177] INFO  ozoneimpl.ContainerReader (ContainerReader.java:readVolume(172)) - Finish verifying containers on volume /home/runner/work/ozone/ozone/hadoop-ozone/integration-test/target/test-dir/MiniOzoneClusterImpl-44b62ea4-a9d0-4540-a736-82fb29945a00/datanode-3/data-0/containers/hdds
2022-02-08 13:52:25,608 [Listener at 127.0.0.1/36213] INFO  ozoneimpl.OzoneContainer (OzoneContainer.java:buildContainerSet(237)) - Build ContainerSet costs 0s
2022-02-08 13:52:25,611 [Listener at 127.0.0.1/36213] INFO  server.RaftServer (ConfUtils.java:logGet(44)) - raft.rpc.type = GRPC (default)
2022-02-08 13:52:25,612 [Listener at 127.0.0.1/36213] INFO  grpc.GrpcFactory (GrpcFactory.java:checkPooledByteBufAllocatorUseCacheForAllThreads(48)) - PERFORMANCE WARNING: useCacheForAllThreads is true that may cause Netty to create a lot garbage objects and, as a result, trigger GC.
	It is recommended to disable useCacheForAllThreads by setting -Dorg.apache.ratis.thirdparty.io.netty.allocator.useCacheForAllThreads=false in command line.
2022-02-08 13:52:25,612 [Listener at 127.0.0.1/36213] INFO  grpc.GrpcConfigKeys (ConfUtils.java:logGet(44)) - raft.grpc.admin.port = 0 (custom)
2022-02-08 13:52:25,612 [Listener at 127.0.0.1/36213] INFO  grpc.GrpcConfigKeys (ConfUtils.java:logGet(44)) - raft.grpc.client.port = 0 (custom)
2022-02-08 13:52:25,612 [Listener at 127.0.0.1/36213] INFO  grpc.GrpcConfigKeys (ConfUtils.java:logGet(44)) - raft.grpc.server.port = 0 (default)
2022-02-08 13:52:25,612 [Listener at 127.0.0.1/36213] INFO  server.GrpcService (ConfUtils.java:logGet(44)) - raft.grpc.message.size.max = 32MB (=33554432) (custom)
2022-02-08 13:52:25,612 [Listener at 127.0.0.1/36213] INFO  server.RaftServerConfigKeys (ConfUtils.java:logGet(44)) - raft.server.log.appender.buffer.byte-limit = 33554432 (custom)
2022-02-08 13:52:25,613 [Listener at 127.0.0.1/36213] INFO  server.GrpcService (ConfUtils.java:logGet(44)) - raft.grpc.flow.control.window = 5MB (=5242880) (custom)
2022-02-08 13:52:25,613 [Listener at 127.0.0.1/36213] INFO  server.RaftServerConfigKeys (ConfUtils.java:logGet(44)) - raft.server.rpc.request.timeout = 3000ms (default)
2022-02-08 13:52:25,614 [Listener at 127.0.0.1/36213] INFO  impl.DataStreamServerImpl (ConfUtils.java:logGet(44)) - raft.datastream.type = DISABLED (default)
2022-02-08 13:52:25,614 [Listener at 127.0.0.1/36213] INFO  server.RaftServerConfigKeys (ConfUtils.java:logGet(44)) - raft.server.rpc.slowness.timeout = 300000ms (custom)
2022-02-08 13:52:25,614 [Listener at 127.0.0.1/36213] INFO  server.RaftServerConfigKeys (ConfUtils.java:logGet(44)) - raft.server.leaderelection.leader.step-down.wait-time = 10s (default)
2022-02-08 13:52:25,615 [Listener at 127.0.0.1/36213] INFO  server.RaftServerConfigKeys (ConfUtils.java:logGet(44)) - raft.server.storage.dir = [/home/runner/work/ozone/ozone/hadoop-ozone/integration-test/target/test-dir/MiniOzoneClusterImpl-44b62ea4-a9d0-4540-a736-82fb29945a00/datanode-3/data/ratis] (custom)
2022-02-08 13:52:25,616 [Listener at 127.0.0.1/36213] INFO  server.XceiverServerGrpc (XceiverServerGrpc.java:<init>(132)) - GrpcServer channel type EpollServerSocketChannel
2022-02-08 13:52:25,619 [Listener at 127.0.0.1/36213] INFO  http.BaseHttpServer (BaseHttpServer.java:newHttpServer2BuilderForOzone(209)) - Starting Web-server for hddsDatanode at: http://0.0.0.0:0
2022-02-08 13:52:25,619 [Listener at 127.0.0.1/36213] INFO  http.BaseHttpServer (BaseHttpServer.java:<init>(107)) - Hadoop Security Enabled: false Ozone Security Enabled: false Ozone HTTP Security Enabled: false 
2022-02-08 13:52:25,621 [Listener at 127.0.0.1/36213] INFO  server.AuthenticationFilter (AuthenticationFilter.java:constructSecretProvider(240)) - Unable to initialize FileSignerSecretProvider, falling back to use random secrets.
2022-02-08 13:52:25,621 [Listener at 127.0.0.1/36213] WARN  http.HttpRequestLog (HttpRequestLog.java:getRequestLog(103)) - Jetty request log can only be enabled using Log4j
2022-02-08 13:52:25,622 [Listener at 127.0.0.1/36213] INFO  http.HttpServer2 (HttpServer2.java:addGlobalFilter(1030)) - Added global filter 'safety' (class=org.apache.hadoop.hdds.server.http.HttpServer2$QuotingInputFilter)
2022-02-08 13:52:25,623 [Listener at 127.0.0.1/36213] INFO  http.HttpServer2 (HttpServer2.java:addFilter(1006)) - Added filter static_user_filter (class=org.apache.hadoop.http.lib.StaticUserWebFilter$StaticUserFilter) to context hddsDatanode
2022-02-08 13:52:25,623 [Listener at 127.0.0.1/36213] INFO  http.HttpServer2 (HttpServer2.java:addFilter(1014)) - Added filter static_user_filter (class=org.apache.hadoop.http.lib.StaticUserWebFilter$StaticUserFilter) to context logs
2022-02-08 13:52:25,623 [Listener at 127.0.0.1/36213] INFO  http.HttpServer2 (HttpServer2.java:addFilter(1014)) - Added filter static_user_filter (class=org.apache.hadoop.http.lib.StaticUserWebFilter$StaticUserFilter) to context static
2022-02-08 13:52:25,624 [Listener at 127.0.0.1/36213] INFO  http.HttpServer2 (HttpServer2.java:bindListener(1249)) - Jetty bound to port 39871
2022-02-08 13:52:25,624 [Listener at 127.0.0.1/36213] INFO  server.Server (Server.java:doStart(375)) - jetty-9.4.43.v20210629; built: 2021-06-30T11:07:22.254Z; git: 526006ecfa3af7f1a27ef3a288e2bef7ea9dd7e8; jvm 1.8.0_312-b07
2022-02-08 13:52:25,627 [Listener at 127.0.0.1/36213] INFO  server.session (DefaultSessionIdManager.java:doStart(334)) - DefaultSessionIdManager workerName=node0
2022-02-08 13:52:25,627 [Listener at 127.0.0.1/36213] INFO  server.session (DefaultSessionIdManager.java:doStart(339)) - No SessionScavenger set, using defaults
2022-02-08 13:52:25,627 [Listener at 127.0.0.1/36213] INFO  server.session (HouseKeeper.java:startScavenging(132)) - node0 Scavenging every 600000ms
2022-02-08 13:52:25,630 [Listener at 127.0.0.1/36213] INFO  handler.ContextHandler (ContextHandler.java:doStart(915)) - Started o.e.j.s.ServletContextHandler@5956b966{logs,/logs,file:///home/runner/work/ozone/ozone/hadoop-ozone/integration-test/target/log,AVAILABLE}
2022-02-08 13:52:25,630 [Listener at 127.0.0.1/36213] INFO  handler.ContextHandler (ContextHandler.java:doStart(915)) - Started o.e.j.s.ServletContextHandler@75d7e128{static,/static,jar:file:/home/runner/.m2/repository/org/apache/ozone/hdds-container-service/1.3.0-SNAPSHOT/hdds-container-service-1.3.0-SNAPSHOT.jar!/webapps/static,AVAILABLE}
2022-02-08 13:52:25,681 [Listener at 127.0.0.1/36213] INFO  handler.ContextHandler (ContextHandler.java:doStart(915)) - Started o.e.j.w.WebAppContext@1f7410c5{hddsDatanode,/,file:///tmp/jetty-0_0_0_0-39871-hdds-container-service-1_3_0-SNAPSHOT_jar-_-any-1333695559349352167/webapp/,AVAILABLE}{jar:file:/home/runner/.m2/repository/org/apache/ozone/hdds-container-service/1.3.0-SNAPSHOT/hdds-container-service-1.3.0-SNAPSHOT.jar!/webapps/hddsDatanode}
2022-02-08 13:52:25,683 [Listener at 127.0.0.1/36213] INFO  server.AbstractConnector (AbstractConnector.java:doStart(331)) - Started ServerConnector@4fbc8862{HTTP/1.1, (http/1.1)}{0.0.0.0:39871}
2022-02-08 13:52:25,683 [Listener at 127.0.0.1/36213] INFO  server.Server (Server.java:doStart(415)) - Started @18031ms
2022-02-08 13:52:25,683 [Listener at 127.0.0.1/36213] WARN  impl.MetricsSystemImpl (MetricsSystemImpl.java:register(279)) - Sink prometheus already exists!
2022-02-08 13:52:25,684 [Listener at 127.0.0.1/36213] INFO  http.BaseHttpServer (BaseHttpServer.java:updateConnectorAddress(329)) - HTTP server of hddsDatanode listening at http://0.0.0.0:39871
2022-02-08 13:52:25,685 [Listener at 127.0.0.1/36213] WARN  impl.MetricRegistriesImpl (MetricRegistriesImpl.java:addReporterRegistration(111)) - New reporters are added after registries were created. Some metrics will be missing from the reporter. Please add reporter before adding any new registry.
2022-02-08 13:52:25,685 [Listener at 127.0.0.1/36213] WARN  impl.MetricRegistriesImpl (MetricRegistriesImpl.java:addReporterRegistration(111)) - New reporters are added after registries were created. Some metrics will be missing from the reporter. Please add reporter before adding any new registry.
2022-02-08 13:52:25,685 [Listener at 127.0.0.1/36213] INFO  impl.MetricsSystemImpl (MetricsSystemImpl.java:init(158)) - HddsDatanode metrics system started (again)
2022-02-08 13:52:25,688 [Datanode State Machine Daemon Thread] INFO  statemachine.DatanodeStateMachine (DatanodeStateMachine.java:lambda$startDaemon$0(470)) - Ozone container server started.
2022-02-08 13:52:25,699 [Listener at 127.0.0.1/36213] INFO  ozone.HddsDatanodeService (HddsDatanodeService.java:start(234)) - HddsDatanodeService host:fv-az148-480.bm4ck3pvxvsene1rjriu5fhcdb.bx.internal.cloudapp.net ip:10.1.0.34
2022-02-08 13:52:25,711 [org.apache.hadoop.util.JvmPauseMonitor$Monitor@466b47a7] INFO  util.JvmPauseMonitor (JvmPauseMonitor.java:run(188)) - Starting JVM pause monitor
2022-02-08 13:52:25,718 [Datanode State Machine Task Thread - 0] INFO  datanode.InitDatanodeState (InitDatanodeState.java:persistContainerDatanodeDetails(145)) - DatanodeDetails is persisted to /home/runner/work/ozone/ozone/hadoop-ozone/integration-test/target/test-dir/MiniOzoneClusterImpl-44b62ea4-a9d0-4540-a736-82fb29945a00/datanode-3/meta/datanode.id
2022-02-08 13:52:25,728 [Listener at 127.0.0.1/36213] INFO  upgrade.AbstractLayoutVersionManager (AbstractLayoutVersionManager.java:init(79)) - Initializing Layout version manager with metadata layout = SCM_HA (version = 2), software layout = SCM_HA (version = 2)
2022-02-08 13:52:25,776 [Listener at 127.0.0.1/36213] INFO  reflections.Reflections (Reflections.java:scan(232)) - Reflections took 46 ms to scan 7 urls, producing 119 keys and 279 values 
2022-02-08 13:52:25,778 [Listener at 127.0.0.1/36213] INFO  statemachine.DatanodeStateMachine (DatanodeStateMachine.java:getEndPointTaskThreadPoolSize(222)) - Datanode State Machine Task Thread Pool size 2
2022-02-08 13:52:25,783 [Listener at 127.0.0.1/36213] INFO  volume.HddsVolume (HddsVolume.java:<init>(120)) - Creating HddsVolume: /home/runner/work/ozone/ozone/hadoop-ozone/integration-test/target/test-dir/MiniOzoneClusterImpl-44b62ea4-a9d0-4540-a736-82fb29945a00/datanode-4/data-0/containers/hdds of storage type : DISK capacity : 9223372036854775807
2022-02-08 13:52:25,784 [Listener at 127.0.0.1/36213] INFO  volume.MutableVolumeSet (MutableVolumeSet.java:initializeVolumeSet(168)) - Added Volume : /home/runner/work/ozone/ozone/hadoop-ozone/integration-test/target/test-dir/MiniOzoneClusterImpl-44b62ea4-a9d0-4540-a736-82fb29945a00/datanode-4/data-0/containers/hdds to VolumeSet
2022-02-08 13:52:25,784 [Listener at 127.0.0.1/36213] INFO  volume.ThrottledAsyncChecker (ThrottledAsyncChecker.java:schedule(141)) - Scheduling a check for /home/runner/work/ozone/ozone/hadoop-ozone/integration-test/target/test-dir/MiniOzoneClusterImpl-44b62ea4-a9d0-4540-a736-82fb29945a00/datanode-4/data-0/containers/hdds
2022-02-08 13:52:25,787 [Listener at 127.0.0.1/36213] INFO  volume.StorageVolumeChecker (StorageVolumeChecker.java:checkAllVolumes(202)) - Scheduled health check for volume /home/runner/work/ozone/ozone/hadoop-ozone/integration-test/target/test-dir/MiniOzoneClusterImpl-44b62ea4-a9d0-4540-a736-82fb29945a00/datanode-4/data-0/containers/hdds
2022-02-08 13:52:25,800 [Listener at 127.0.0.1/36213] INFO  volume.MutableVolumeSet (MutableVolumeSet.java:initializeVolumeSet(168)) - Added Volume : /home/runner/work/ozone/ozone/hadoop-ozone/integration-test/target/test-dir/MiniOzoneClusterImpl-44b62ea4-a9d0-4540-a736-82fb29945a00/datanode-4/data/ratis to VolumeSet
2022-02-08 13:52:25,800 [Listener at 127.0.0.1/36213] INFO  volume.ThrottledAsyncChecker (ThrottledAsyncChecker.java:schedule(141)) - Scheduling a check for /home/runner/work/ozone/ozone/hadoop-ozone/integration-test/target/test-dir/MiniOzoneClusterImpl-44b62ea4-a9d0-4540-a736-82fb29945a00/datanode-4/data/ratis
2022-02-08 13:52:25,800 [Listener at 127.0.0.1/36213] INFO  volume.StorageVolumeChecker (StorageVolumeChecker.java:checkAllVolumes(202)) - Scheduled health check for volume /home/runner/work/ozone/ozone/hadoop-ozone/integration-test/target/test-dir/MiniOzoneClusterImpl-44b62ea4-a9d0-4540-a736-82fb29945a00/datanode-4/data/ratis
2022-02-08 13:52:25,813 [Thread-189] INFO  ozoneimpl.ContainerReader (ContainerReader.java:readVolume(172)) - Finish verifying containers on volume /home/runner/work/ozone/ozone/hadoop-ozone/integration-test/target/test-dir/MiniOzoneClusterImpl-44b62ea4-a9d0-4540-a736-82fb29945a00/datanode-4/data-0/containers/hdds
2022-02-08 13:52:25,813 [Listener at 127.0.0.1/36213] INFO  ozoneimpl.OzoneContainer (OzoneContainer.java:buildContainerSet(237)) - Build ContainerSet costs 0s
2022-02-08 13:52:25,817 [Listener at 127.0.0.1/36213] INFO  server.RaftServer (ConfUtils.java:logGet(44)) - raft.rpc.type = GRPC (default)
2022-02-08 13:52:25,817 [Listener at 127.0.0.1/36213] INFO  grpc.GrpcFactory (GrpcFactory.java:checkPooledByteBufAllocatorUseCacheForAllThreads(48)) - PERFORMANCE WARNING: useCacheForAllThreads is true that may cause Netty to create a lot garbage objects and, as a result, trigger GC.
	It is recommended to disable useCacheForAllThreads by setting -Dorg.apache.ratis.thirdparty.io.netty.allocator.useCacheForAllThreads=false in command line.
2022-02-08 13:52:25,817 [Listener at 127.0.0.1/36213] INFO  grpc.GrpcConfigKeys (ConfUtils.java:logGet(44)) - raft.grpc.admin.port = 0 (custom)
2022-02-08 13:52:25,818 [Listener at 127.0.0.1/36213] INFO  grpc.GrpcConfigKeys (ConfUtils.java:logGet(44)) - raft.grpc.client.port = 0 (custom)
2022-02-08 13:52:25,818 [Listener at 127.0.0.1/36213] INFO  grpc.GrpcConfigKeys (ConfUtils.java:logGet(44)) - raft.grpc.server.port = 0 (default)
2022-02-08 13:52:25,818 [Listener at 127.0.0.1/36213] INFO  server.GrpcService (ConfUtils.java:logGet(44)) - raft.grpc.message.size.max = 32MB (=33554432) (custom)
2022-02-08 13:52:25,819 [Listener at 127.0.0.1/36213] INFO  server.RaftServerConfigKeys (ConfUtils.java:logGet(44)) - raft.server.log.appender.buffer.byte-limit = 33554432 (custom)
2022-02-08 13:52:25,819 [Listener at 127.0.0.1/36213] INFO  server.GrpcService (ConfUtils.java:logGet(44)) - raft.grpc.flow.control.window = 5MB (=5242880) (custom)
2022-02-08 13:52:25,819 [Listener at 127.0.0.1/36213] INFO  server.RaftServerConfigKeys (ConfUtils.java:logGet(44)) - raft.server.rpc.request.timeout = 3000ms (default)
2022-02-08 13:52:25,820 [Listener at 127.0.0.1/36213] INFO  impl.DataStreamServerImpl (ConfUtils.java:logGet(44)) - raft.datastream.type = DISABLED (default)
2022-02-08 13:52:25,820 [Listener at 127.0.0.1/36213] INFO  server.RaftServerConfigKeys (ConfUtils.java:logGet(44)) - raft.server.rpc.slowness.timeout = 300000ms (custom)
2022-02-08 13:52:25,820 [Listener at 127.0.0.1/36213] INFO  server.RaftServerConfigKeys (ConfUtils.java:logGet(44)) - raft.server.leaderelection.leader.step-down.wait-time = 10s (default)
2022-02-08 13:52:25,821 [Listener at 127.0.0.1/36213] INFO  server.RaftServerConfigKeys (ConfUtils.java:logGet(44)) - raft.server.storage.dir = [/home/runner/work/ozone/ozone/hadoop-ozone/integration-test/target/test-dir/MiniOzoneClusterImpl-44b62ea4-a9d0-4540-a736-82fb29945a00/datanode-4/data/ratis] (custom)
2022-02-08 13:52:25,822 [Listener at 127.0.0.1/36213] INFO  server.XceiverServerGrpc (XceiverServerGrpc.java:<init>(132)) - GrpcServer channel type EpollServerSocketChannel
2022-02-08 13:52:25,825 [Listener at 127.0.0.1/36213] INFO  http.BaseHttpServer (BaseHttpServer.java:newHttpServer2BuilderForOzone(209)) - Starting Web-server for hddsDatanode at: http://0.0.0.0:0
2022-02-08 13:52:25,825 [Listener at 127.0.0.1/36213] INFO  http.BaseHttpServer (BaseHttpServer.java:<init>(107)) - Hadoop Security Enabled: false Ozone Security Enabled: false Ozone HTTP Security Enabled: false 
2022-02-08 13:52:25,826 [Listener at 127.0.0.1/36213] INFO  server.AuthenticationFilter (AuthenticationFilter.java:constructSecretProvider(240)) - Unable to initialize FileSignerSecretProvider, falling back to use random secrets.
2022-02-08 13:52:25,827 [Listener at 127.0.0.1/36213] WARN  http.HttpRequestLog (HttpRequestLog.java:getRequestLog(103)) - Jetty request log can only be enabled using Log4j
2022-02-08 13:52:25,828 [Listener at 127.0.0.1/36213] INFO  http.HttpServer2 (HttpServer2.java:addGlobalFilter(1030)) - Added global filter 'safety' (class=org.apache.hadoop.hdds.server.http.HttpServer2$QuotingInputFilter)
2022-02-08 13:52:25,829 [Listener at 127.0.0.1/36213] INFO  http.HttpServer2 (HttpServer2.java:addFilter(1006)) - Added filter static_user_filter (class=org.apache.hadoop.http.lib.StaticUserWebFilter$StaticUserFilter) to context hddsDatanode
2022-02-08 13:52:25,829 [Listener at 127.0.0.1/36213] INFO  http.HttpServer2 (HttpServer2.java:addFilter(1014)) - Added filter static_user_filter (class=org.apache.hadoop.http.lib.StaticUserWebFilter$StaticUserFilter) to context logs
2022-02-08 13:52:25,829 [Listener at 127.0.0.1/36213] INFO  http.HttpServer2 (HttpServer2.java:addFilter(1014)) - Added filter static_user_filter (class=org.apache.hadoop.http.lib.StaticUserWebFilter$StaticUserFilter) to context static
2022-02-08 13:52:25,830 [Listener at 127.0.0.1/36213] INFO  http.HttpServer2 (HttpServer2.java:bindListener(1249)) - Jetty bound to port 39335
2022-02-08 13:52:25,830 [Listener at 127.0.0.1/36213] INFO  server.Server (Server.java:doStart(375)) - jetty-9.4.43.v20210629; built: 2021-06-30T11:07:22.254Z; git: 526006ecfa3af7f1a27ef3a288e2bef7ea9dd7e8; jvm 1.8.0_312-b07
2022-02-08 13:52:25,838 [Listener at 127.0.0.1/36213] INFO  server.session (DefaultSessionIdManager.java:doStart(334)) - DefaultSessionIdManager workerName=node0
2022-02-08 13:52:25,838 [Listener at 127.0.0.1/36213] INFO  server.session (DefaultSessionIdManager.java:doStart(339)) - No SessionScavenger set, using defaults
2022-02-08 13:52:25,838 [Listener at 127.0.0.1/36213] INFO  server.session (HouseKeeper.java:startScavenging(132)) - node0 Scavenging every 660000ms
2022-02-08 13:52:25,839 [Listener at 127.0.0.1/36213] INFO  handler.ContextHandler (ContextHandler.java:doStart(915)) - Started o.e.j.s.ServletContextHandler@1fdf1a6b{logs,/logs,file:///home/runner/work/ozone/ozone/hadoop-ozone/integration-test/target/log,AVAILABLE}
2022-02-08 13:52:25,839 [Listener at 127.0.0.1/36213] INFO  handler.ContextHandler (ContextHandler.java:doStart(915)) - Started o.e.j.s.ServletContextHandler@633c9699{static,/static,jar:file:/home/runner/.m2/repository/org/apache/ozone/hdds-container-service/1.3.0-SNAPSHOT/hdds-container-service-1.3.0-SNAPSHOT.jar!/webapps/static,AVAILABLE}
2022-02-08 13:52:25,887 [Listener at 127.0.0.1/36213] INFO  handler.ContextHandler (ContextHandler.java:doStart(915)) - Started o.e.j.w.WebAppContext@5b0ea41{hddsDatanode,/,file:///tmp/jetty-0_0_0_0-39335-hdds-container-service-1_3_0-SNAPSHOT_jar-_-any-3839386160359874307/webapp/,AVAILABLE}{jar:file:/home/runner/.m2/repository/org/apache/ozone/hdds-container-service/1.3.0-SNAPSHOT/hdds-container-service-1.3.0-SNAPSHOT.jar!/webapps/hddsDatanode}
2022-02-08 13:52:25,906 [Listener at 127.0.0.1/36213] INFO  server.AbstractConnector (AbstractConnector.java:doStart(331)) - Started ServerConnector@7e4d93e7{HTTP/1.1, (http/1.1)}{0.0.0.0:39335}
2022-02-08 13:52:25,906 [Listener at 127.0.0.1/36213] INFO  server.Server (Server.java:doStart(415)) - Started @18254ms
2022-02-08 13:52:25,907 [Listener at 127.0.0.1/36213] WARN  impl.MetricsSystemImpl (MetricsSystemImpl.java:register(279)) - Sink prometheus already exists!
2022-02-08 13:52:25,907 [Listener at 127.0.0.1/36213] INFO  http.BaseHttpServer (BaseHttpServer.java:updateConnectorAddress(329)) - HTTP server of hddsDatanode listening at http://0.0.0.0:39335
2022-02-08 13:52:25,908 [Datanode State Machine Daemon Thread] INFO  statemachine.DatanodeStateMachine (DatanodeStateMachine.java:lambda$startDaemon$0(470)) - Ozone container server started.
2022-02-08 13:52:25,914 [Listener at 127.0.0.1/36213] WARN  impl.MetricRegistriesImpl (MetricRegistriesImpl.java:addReporterRegistration(111)) - New reporters are added after registries were created. Some metrics will be missing from the reporter. Please add reporter before adding any new registry.
2022-02-08 13:52:25,914 [Listener at 127.0.0.1/36213] WARN  impl.MetricRegistriesImpl (MetricRegistriesImpl.java:addReporterRegistration(111)) - New reporters are added after registries were created. Some metrics will be missing from the reporter. Please add reporter before adding any new registry.
2022-02-08 13:52:25,914 [Listener at 127.0.0.1/36213] INFO  impl.MetricsSystemImpl (MetricsSystemImpl.java:init(158)) - HddsDatanode metrics system started (again)
2022-02-08 13:52:25,924 [org.apache.hadoop.util.JvmPauseMonitor$Monitor@65859ddf] INFO  util.JvmPauseMonitor (JvmPauseMonitor.java:run(188)) - Starting JVM pause monitor
2022-02-08 13:52:25,924 [Datanode State Machine Task Thread - 0] INFO  datanode.InitDatanodeState (InitDatanodeState.java:persistContainerDatanodeDetails(145)) - DatanodeDetails is persisted to /home/runner/work/ozone/ozone/hadoop-ozone/integration-test/target/test-dir/MiniOzoneClusterImpl-44b62ea4-a9d0-4540-a736-82fb29945a00/datanode-4/meta/datanode.id
2022-02-08 13:52:25,931 [Listener at 127.0.0.1/36213] INFO  ozone.HddsDatanodeService (HddsDatanodeService.java:start(234)) - HddsDatanodeService host:fv-az148-480.bm4ck3pvxvsene1rjriu5fhcdb.bx.internal.cloudapp.net ip:10.1.0.34
2022-02-08 13:52:25,951 [Listener at 127.0.0.1/36213] INFO  upgrade.AbstractLayoutVersionManager (AbstractLayoutVersionManager.java:init(79)) - Initializing Layout version manager with metadata layout = SCM_HA (version = 2), software layout = SCM_HA (version = 2)
2022-02-08 13:52:26,024 [Listener at 127.0.0.1/36213] INFO  reflections.Reflections (Reflections.java:scan(232)) - Reflections took 71 ms to scan 7 urls, producing 119 keys and 279 values 
2022-02-08 13:52:26,029 [Listener at 127.0.0.1/36213] INFO  statemachine.DatanodeStateMachine (DatanodeStateMachine.java:getEndPointTaskThreadPoolSize(222)) - Datanode State Machine Task Thread Pool size 2
2022-02-08 13:52:26,038 [Listener at 127.0.0.1/36213] INFO  volume.HddsVolume (HddsVolume.java:<init>(120)) - Creating HddsVolume: /home/runner/work/ozone/ozone/hadoop-ozone/integration-test/target/test-dir/MiniOzoneClusterImpl-44b62ea4-a9d0-4540-a736-82fb29945a00/datanode-5/data-0/containers/hdds of storage type : DISK capacity : 9223372036854775807
2022-02-08 13:52:26,038 [Listener at 127.0.0.1/36213] INFO  volume.MutableVolumeSet (MutableVolumeSet.java:initializeVolumeSet(168)) - Added Volume : /home/runner/work/ozone/ozone/hadoop-ozone/integration-test/target/test-dir/MiniOzoneClusterImpl-44b62ea4-a9d0-4540-a736-82fb29945a00/datanode-5/data-0/containers/hdds to VolumeSet
2022-02-08 13:52:26,038 [Listener at 127.0.0.1/36213] INFO  volume.ThrottledAsyncChecker (ThrottledAsyncChecker.java:schedule(141)) - Scheduling a check for /home/runner/work/ozone/ozone/hadoop-ozone/integration-test/target/test-dir/MiniOzoneClusterImpl-44b62ea4-a9d0-4540-a736-82fb29945a00/datanode-5/data-0/containers/hdds
2022-02-08 13:52:26,041 [Listener at 127.0.0.1/36213] INFO  volume.StorageVolumeChecker (StorageVolumeChecker.java:checkAllVolumes(202)) - Scheduled health check for volume /home/runner/work/ozone/ozone/hadoop-ozone/integration-test/target/test-dir/MiniOzoneClusterImpl-44b62ea4-a9d0-4540-a736-82fb29945a00/datanode-5/data-0/containers/hdds
2022-02-08 13:52:26,061 [Listener at 127.0.0.1/36213] INFO  volume.MutableVolumeSet (MutableVolumeSet.java:initializeVolumeSet(168)) - Added Volume : /home/runner/work/ozone/ozone/hadoop-ozone/integration-test/target/test-dir/MiniOzoneClusterImpl-44b62ea4-a9d0-4540-a736-82fb29945a00/datanode-5/data/ratis to VolumeSet
2022-02-08 13:52:26,061 [Listener at 127.0.0.1/36213] INFO  volume.ThrottledAsyncChecker (ThrottledAsyncChecker.java:schedule(141)) - Scheduling a check for /home/runner/work/ozone/ozone/hadoop-ozone/integration-test/target/test-dir/MiniOzoneClusterImpl-44b62ea4-a9d0-4540-a736-82fb29945a00/datanode-5/data/ratis
2022-02-08 13:52:26,062 [Listener at 127.0.0.1/36213] INFO  volume.StorageVolumeChecker (StorageVolumeChecker.java:checkAllVolumes(202)) - Scheduled health check for volume /home/runner/work/ozone/ozone/hadoop-ozone/integration-test/target/test-dir/MiniOzoneClusterImpl-44b62ea4-a9d0-4540-a736-82fb29945a00/datanode-5/data/ratis
2022-02-08 13:52:26,081 [Thread-201] INFO  ozoneimpl.ContainerReader (ContainerReader.java:readVolume(172)) - Finish verifying containers on volume /home/runner/work/ozone/ozone/hadoop-ozone/integration-test/target/test-dir/MiniOzoneClusterImpl-44b62ea4-a9d0-4540-a736-82fb29945a00/datanode-5/data-0/containers/hdds
2022-02-08 13:52:26,081 [Listener at 127.0.0.1/36213] INFO  ozoneimpl.OzoneContainer (OzoneContainer.java:buildContainerSet(237)) - Build ContainerSet costs 0s
2022-02-08 13:52:26,085 [Listener at 127.0.0.1/36213] INFO  server.RaftServer (ConfUtils.java:logGet(44)) - raft.rpc.type = GRPC (default)
2022-02-08 13:52:26,086 [Listener at 127.0.0.1/36213] INFO  grpc.GrpcFactory (GrpcFactory.java:checkPooledByteBufAllocatorUseCacheForAllThreads(48)) - PERFORMANCE WARNING: useCacheForAllThreads is true that may cause Netty to create a lot garbage objects and, as a result, trigger GC.
	It is recommended to disable useCacheForAllThreads by setting -Dorg.apache.ratis.thirdparty.io.netty.allocator.useCacheForAllThreads=false in command line.
2022-02-08 13:52:26,086 [Listener at 127.0.0.1/36213] INFO  grpc.GrpcConfigKeys (ConfUtils.java:logGet(44)) - raft.grpc.admin.port = 0 (custom)
2022-02-08 13:52:26,086 [Listener at 127.0.0.1/36213] INFO  grpc.GrpcConfigKeys (ConfUtils.java:logGet(44)) - raft.grpc.client.port = 0 (custom)
2022-02-08 13:52:26,087 [Listener at 127.0.0.1/36213] INFO  grpc.GrpcConfigKeys (ConfUtils.java:logGet(44)) - raft.grpc.server.port = 0 (default)
2022-02-08 13:52:26,087 [Listener at 127.0.0.1/36213] INFO  server.GrpcService (ConfUtils.java:logGet(44)) - raft.grpc.message.size.max = 32MB (=33554432) (custom)
2022-02-08 13:52:26,087 [Listener at 127.0.0.1/36213] INFO  server.RaftServerConfigKeys (ConfUtils.java:logGet(44)) - raft.server.log.appender.buffer.byte-limit = 33554432 (custom)
2022-02-08 13:52:26,087 [Listener at 127.0.0.1/36213] INFO  server.GrpcService (ConfUtils.java:logGet(44)) - raft.grpc.flow.control.window = 5MB (=5242880) (custom)
2022-02-08 13:52:26,087 [Listener at 127.0.0.1/36213] INFO  server.RaftServerConfigKeys (ConfUtils.java:logGet(44)) - raft.server.rpc.request.timeout = 3000ms (default)
2022-02-08 13:52:26,088 [Listener at 127.0.0.1/36213] INFO  impl.DataStreamServerImpl (ConfUtils.java:logGet(44)) - raft.datastream.type = DISABLED (default)
2022-02-08 13:52:26,089 [Listener at 127.0.0.1/36213] INFO  server.RaftServerConfigKeys (ConfUtils.java:logGet(44)) - raft.server.rpc.slowness.timeout = 300000ms (custom)
2022-02-08 13:52:26,089 [Listener at 127.0.0.1/36213] INFO  server.RaftServerConfigKeys (ConfUtils.java:logGet(44)) - raft.server.leaderelection.leader.step-down.wait-time = 10s (default)
2022-02-08 13:52:26,089 [Listener at 127.0.0.1/36213] INFO  server.RaftServerConfigKeys (ConfUtils.java:logGet(44)) - raft.server.storage.dir = [/home/runner/work/ozone/ozone/hadoop-ozone/integration-test/target/test-dir/MiniOzoneClusterImpl-44b62ea4-a9d0-4540-a736-82fb29945a00/datanode-5/data/ratis] (custom)
2022-02-08 13:52:26,096 [Listener at 127.0.0.1/36213] INFO  server.XceiverServerGrpc (XceiverServerGrpc.java:<init>(132)) - GrpcServer channel type EpollServerSocketChannel
2022-02-08 13:52:26,101 [Listener at 127.0.0.1/36213] INFO  http.BaseHttpServer (BaseHttpServer.java:newHttpServer2BuilderForOzone(209)) - Starting Web-server for hddsDatanode at: http://0.0.0.0:0
2022-02-08 13:52:26,101 [Listener at 127.0.0.1/36213] INFO  http.BaseHttpServer (BaseHttpServer.java:<init>(107)) - Hadoop Security Enabled: false Ozone Security Enabled: false Ozone HTTP Security Enabled: false 
2022-02-08 13:52:26,103 [Listener at 127.0.0.1/36213] INFO  server.AuthenticationFilter (AuthenticationFilter.java:constructSecretProvider(240)) - Unable to initialize FileSignerSecretProvider, falling back to use random secrets.
2022-02-08 13:52:26,103 [Listener at 127.0.0.1/36213] WARN  http.HttpRequestLog (HttpRequestLog.java:getRequestLog(103)) - Jetty request log can only be enabled using Log4j
2022-02-08 13:52:26,104 [Listener at 127.0.0.1/36213] INFO  http.HttpServer2 (HttpServer2.java:addGlobalFilter(1030)) - Added global filter 'safety' (class=org.apache.hadoop.hdds.server.http.HttpServer2$QuotingInputFilter)
2022-02-08 13:52:26,105 [Listener at 127.0.0.1/36213] INFO  http.HttpServer2 (HttpServer2.java:addFilter(1006)) - Added filter static_user_filter (class=org.apache.hadoop.http.lib.StaticUserWebFilter$StaticUserFilter) to context hddsDatanode
2022-02-08 13:52:26,105 [Listener at 127.0.0.1/36213] INFO  http.HttpServer2 (HttpServer2.java:addFilter(1014)) - Added filter static_user_filter (class=org.apache.hadoop.http.lib.StaticUserWebFilter$StaticUserFilter) to context logs
2022-02-08 13:52:26,105 [Listener at 127.0.0.1/36213] INFO  http.HttpServer2 (HttpServer2.java:addFilter(1014)) - Added filter static_user_filter (class=org.apache.hadoop.http.lib.StaticUserWebFilter$StaticUserFilter) to context static
2022-02-08 13:52:26,106 [Listener at 127.0.0.1/36213] INFO  http.HttpServer2 (HttpServer2.java:bindListener(1249)) - Jetty bound to port 38945
2022-02-08 13:52:26,106 [Listener at 127.0.0.1/36213] INFO  server.Server (Server.java:doStart(375)) - jetty-9.4.43.v20210629; built: 2021-06-30T11:07:22.254Z; git: 526006ecfa3af7f1a27ef3a288e2bef7ea9dd7e8; jvm 1.8.0_312-b07
2022-02-08 13:52:26,108 [Listener at 127.0.0.1/36213] INFO  server.session (DefaultSessionIdManager.java:doStart(334)) - DefaultSessionIdManager workerName=node0
2022-02-08 13:52:26,108 [Listener at 127.0.0.1/36213] INFO  server.session (DefaultSessionIdManager.java:doStart(339)) - No SessionScavenger set, using defaults
2022-02-08 13:52:26,108 [Listener at 127.0.0.1/36213] INFO  server.session (HouseKeeper.java:startScavenging(132)) - node0 Scavenging every 660000ms
2022-02-08 13:52:26,110 [Listener at 127.0.0.1/36213] INFO  handler.ContextHandler (ContextHandler.java:doStart(915)) - Started o.e.j.s.ServletContextHandler@23184551{logs,/logs,file:///home/runner/work/ozone/ozone/hadoop-ozone/integration-test/target/log,AVAILABLE}
2022-02-08 13:52:26,110 [Listener at 127.0.0.1/36213] INFO  handler.ContextHandler (ContextHandler.java:doStart(915)) - Started o.e.j.s.ServletContextHandler@5a524a19{static,/static,jar:file:/home/runner/.m2/repository/org/apache/ozone/hdds-container-service/1.3.0-SNAPSHOT/hdds-container-service-1.3.0-SNAPSHOT.jar!/webapps/static,AVAILABLE}
2022-02-08 13:52:26,161 [Listener at 127.0.0.1/36213] INFO  handler.ContextHandler (ContextHandler.java:doStart(915)) - Started o.e.j.w.WebAppContext@1640a06f{hddsDatanode,/,file:///tmp/jetty-0_0_0_0-38945-hdds-container-service-1_3_0-SNAPSHOT_jar-_-any-6971665953635892739/webapp/,AVAILABLE}{jar:file:/home/runner/.m2/repository/org/apache/ozone/hdds-container-service/1.3.0-SNAPSHOT/hdds-container-service-1.3.0-SNAPSHOT.jar!/webapps/hddsDatanode}
2022-02-08 13:52:26,164 [Listener at 127.0.0.1/36213] INFO  server.AbstractConnector (AbstractConnector.java:doStart(331)) - Started ServerConnector@785a632{HTTP/1.1, (http/1.1)}{0.0.0.0:38945}
2022-02-08 13:52:26,164 [Listener at 127.0.0.1/36213] INFO  server.Server (Server.java:doStart(415)) - Started @18511ms
2022-02-08 13:52:26,164 [Listener at 127.0.0.1/36213] WARN  impl.MetricsSystemImpl (MetricsSystemImpl.java:register(279)) - Sink prometheus already exists!
2022-02-08 13:52:26,165 [Listener at 127.0.0.1/36213] INFO  http.BaseHttpServer (BaseHttpServer.java:updateConnectorAddress(329)) - HTTP server of hddsDatanode listening at http://0.0.0.0:38945
2022-02-08 13:52:26,165 [Listener at 127.0.0.1/36213] WARN  impl.MetricRegistriesImpl (MetricRegistriesImpl.java:addReporterRegistration(111)) - New reporters are added after registries were created. Some metrics will be missing from the reporter. Please add reporter before adding any new registry.
2022-02-08 13:52:26,166 [Listener at 127.0.0.1/36213] WARN  impl.MetricRegistriesImpl (MetricRegistriesImpl.java:addReporterRegistration(111)) - New reporters are added after registries were created. Some metrics will be missing from the reporter. Please add reporter before adding any new registry.
2022-02-08 13:52:26,166 [Listener at 127.0.0.1/36213] INFO  impl.MetricsSystemImpl (MetricsSystemImpl.java:init(158)) - HddsDatanode metrics system started (again)
2022-02-08 13:52:26,177 [Datanode State Machine Daemon Thread] INFO  statemachine.DatanodeStateMachine (DatanodeStateMachine.java:lambda$startDaemon$0(470)) - Ozone container server started.
2022-02-08 13:52:26,194 [org.apache.hadoop.util.JvmPauseMonitor$Monitor@1cebe649] INFO  util.JvmPauseMonitor (JvmPauseMonitor.java:run(188)) - Starting JVM pause monitor
2022-02-08 13:52:26,196 [Listener at 127.0.0.1/36213] INFO  ozone.HddsDatanodeService (HddsDatanodeService.java:start(234)) - HddsDatanodeService host:fv-az148-480.bm4ck3pvxvsene1rjriu5fhcdb.bx.internal.cloudapp.net ip:10.1.0.34
2022-02-08 13:52:26,199 [Datanode State Machine Task Thread - 0] INFO  datanode.InitDatanodeState (InitDatanodeState.java:persistContainerDatanodeDetails(145)) - DatanodeDetails is persisted to /home/runner/work/ozone/ozone/hadoop-ozone/integration-test/target/test-dir/MiniOzoneClusterImpl-44b62ea4-a9d0-4540-a736-82fb29945a00/datanode-5/meta/datanode.id
2022-02-08 13:52:26,226 [Listener at 127.0.0.1/36213] INFO  upgrade.AbstractLayoutVersionManager (AbstractLayoutVersionManager.java:init(79)) - Initializing Layout version manager with metadata layout = SCM_HA (version = 2), software layout = SCM_HA (version = 2)
2022-02-08 13:52:26,272 [Listener at 127.0.0.1/36213] INFO  reflections.Reflections (Reflections.java:scan(232)) - Reflections took 43 ms to scan 7 urls, producing 119 keys and 279 values 
2022-02-08 13:52:26,274 [Listener at 127.0.0.1/36213] INFO  statemachine.DatanodeStateMachine (DatanodeStateMachine.java:getEndPointTaskThreadPoolSize(222)) - Datanode State Machine Task Thread Pool size 2
2022-02-08 13:52:26,278 [Listener at 127.0.0.1/36213] INFO  volume.HddsVolume (HddsVolume.java:<init>(120)) - Creating HddsVolume: /home/runner/work/ozone/ozone/hadoop-ozone/integration-test/target/test-dir/MiniOzoneClusterImpl-44b62ea4-a9d0-4540-a736-82fb29945a00/datanode-6/data-0/containers/hdds of storage type : DISK capacity : 9223372036854775807
2022-02-08 13:52:26,278 [Listener at 127.0.0.1/36213] INFO  volume.MutableVolumeSet (MutableVolumeSet.java:initializeVolumeSet(168)) - Added Volume : /home/runner/work/ozone/ozone/hadoop-ozone/integration-test/target/test-dir/MiniOzoneClusterImpl-44b62ea4-a9d0-4540-a736-82fb29945a00/datanode-6/data-0/containers/hdds to VolumeSet
2022-02-08 13:52:26,279 [Listener at 127.0.0.1/36213] INFO  volume.ThrottledAsyncChecker (ThrottledAsyncChecker.java:schedule(141)) - Scheduling a check for /home/runner/work/ozone/ozone/hadoop-ozone/integration-test/target/test-dir/MiniOzoneClusterImpl-44b62ea4-a9d0-4540-a736-82fb29945a00/datanode-6/data-0/containers/hdds
2022-02-08 13:52:26,282 [Listener at 127.0.0.1/36213] INFO  volume.StorageVolumeChecker (StorageVolumeChecker.java:checkAllVolumes(202)) - Scheduled health check for volume /home/runner/work/ozone/ozone/hadoop-ozone/integration-test/target/test-dir/MiniOzoneClusterImpl-44b62ea4-a9d0-4540-a736-82fb29945a00/datanode-6/data-0/containers/hdds
2022-02-08 13:52:26,296 [Listener at 127.0.0.1/36213] INFO  volume.MutableVolumeSet (MutableVolumeSet.java:initializeVolumeSet(168)) - Added Volume : /home/runner/work/ozone/ozone/hadoop-ozone/integration-test/target/test-dir/MiniOzoneClusterImpl-44b62ea4-a9d0-4540-a736-82fb29945a00/datanode-6/data/ratis to VolumeSet
2022-02-08 13:52:26,296 [Listener at 127.0.0.1/36213] INFO  volume.ThrottledAsyncChecker (ThrottledAsyncChecker.java:schedule(141)) - Scheduling a check for /home/runner/work/ozone/ozone/hadoop-ozone/integration-test/target/test-dir/MiniOzoneClusterImpl-44b62ea4-a9d0-4540-a736-82fb29945a00/datanode-6/data/ratis
2022-02-08 13:52:26,297 [Listener at 127.0.0.1/36213] INFO  volume.StorageVolumeChecker (StorageVolumeChecker.java:checkAllVolumes(202)) - Scheduled health check for volume /home/runner/work/ozone/ozone/hadoop-ozone/integration-test/target/test-dir/MiniOzoneClusterImpl-44b62ea4-a9d0-4540-a736-82fb29945a00/datanode-6/data/ratis
2022-02-08 13:52:26,310 [Thread-213] INFO  ozoneimpl.ContainerReader (ContainerReader.java:readVolume(172)) - Finish verifying containers on volume /home/runner/work/ozone/ozone/hadoop-ozone/integration-test/target/test-dir/MiniOzoneClusterImpl-44b62ea4-a9d0-4540-a736-82fb29945a00/datanode-6/data-0/containers/hdds
2022-02-08 13:52:26,310 [Listener at 127.0.0.1/36213] INFO  ozoneimpl.OzoneContainer (OzoneContainer.java:buildContainerSet(237)) - Build ContainerSet costs 0s
2022-02-08 13:52:26,313 [Listener at 127.0.0.1/36213] INFO  server.RaftServer (ConfUtils.java:logGet(44)) - raft.rpc.type = GRPC (default)
2022-02-08 13:52:26,313 [Listener at 127.0.0.1/36213] INFO  grpc.GrpcFactory (GrpcFactory.java:checkPooledByteBufAllocatorUseCacheForAllThreads(48)) - PERFORMANCE WARNING: useCacheForAllThreads is true that may cause Netty to create a lot garbage objects and, as a result, trigger GC.
	It is recommended to disable useCacheForAllThreads by setting -Dorg.apache.ratis.thirdparty.io.netty.allocator.useCacheForAllThreads=false in command line.
2022-02-08 13:52:26,313 [Listener at 127.0.0.1/36213] INFO  grpc.GrpcConfigKeys (ConfUtils.java:logGet(44)) - raft.grpc.admin.port = 0 (custom)
2022-02-08 13:52:26,314 [Listener at 127.0.0.1/36213] INFO  grpc.GrpcConfigKeys (ConfUtils.java:logGet(44)) - raft.grpc.client.port = 0 (custom)
2022-02-08 13:52:26,314 [Listener at 127.0.0.1/36213] INFO  grpc.GrpcConfigKeys (ConfUtils.java:logGet(44)) - raft.grpc.server.port = 0 (default)
2022-02-08 13:52:26,314 [Listener at 127.0.0.1/36213] INFO  server.GrpcService (ConfUtils.java:logGet(44)) - raft.grpc.message.size.max = 32MB (=33554432) (custom)
2022-02-08 13:52:26,314 [Listener at 127.0.0.1/36213] INFO  server.RaftServerConfigKeys (ConfUtils.java:logGet(44)) - raft.server.log.appender.buffer.byte-limit = 33554432 (custom)
2022-02-08 13:52:26,314 [Listener at 127.0.0.1/36213] INFO  server.GrpcService (ConfUtils.java:logGet(44)) - raft.grpc.flow.control.window = 5MB (=5242880) (custom)
2022-02-08 13:52:26,314 [Listener at 127.0.0.1/36213] INFO  server.RaftServerConfigKeys (ConfUtils.java:logGet(44)) - raft.server.rpc.request.timeout = 3000ms (default)
2022-02-08 13:52:26,316 [Listener at 127.0.0.1/36213] INFO  impl.DataStreamServerImpl (ConfUtils.java:logGet(44)) - raft.datastream.type = DISABLED (default)
2022-02-08 13:52:26,316 [Listener at 127.0.0.1/36213] INFO  server.RaftServerConfigKeys (ConfUtils.java:logGet(44)) - raft.server.rpc.slowness.timeout = 300000ms (custom)
2022-02-08 13:52:26,316 [Listener at 127.0.0.1/36213] INFO  server.RaftServerConfigKeys (ConfUtils.java:logGet(44)) - raft.server.leaderelection.leader.step-down.wait-time = 10s (default)
2022-02-08 13:52:26,317 [Listener at 127.0.0.1/36213] INFO  server.RaftServerConfigKeys (ConfUtils.java:logGet(44)) - raft.server.storage.dir = [/home/runner/work/ozone/ozone/hadoop-ozone/integration-test/target/test-dir/MiniOzoneClusterImpl-44b62ea4-a9d0-4540-a736-82fb29945a00/datanode-6/data/ratis] (custom)
2022-02-08 13:52:26,318 [Listener at 127.0.0.1/36213] INFO  server.XceiverServerGrpc (XceiverServerGrpc.java:<init>(132)) - GrpcServer channel type EpollServerSocketChannel
2022-02-08 13:52:26,321 [Listener at 127.0.0.1/36213] INFO  http.BaseHttpServer (BaseHttpServer.java:newHttpServer2BuilderForOzone(209)) - Starting Web-server for hddsDatanode at: http://0.0.0.0:0
2022-02-08 13:52:26,322 [Listener at 127.0.0.1/36213] INFO  http.BaseHttpServer (BaseHttpServer.java:<init>(107)) - Hadoop Security Enabled: false Ozone Security Enabled: false Ozone HTTP Security Enabled: false 
2022-02-08 13:52:26,323 [Listener at 127.0.0.1/36213] INFO  server.AuthenticationFilter (AuthenticationFilter.java:constructSecretProvider(240)) - Unable to initialize FileSignerSecretProvider, falling back to use random secrets.
2022-02-08 13:52:26,324 [Listener at 127.0.0.1/36213] WARN  http.HttpRequestLog (HttpRequestLog.java:getRequestLog(103)) - Jetty request log can only be enabled using Log4j
2022-02-08 13:52:26,324 [Listener at 127.0.0.1/36213] INFO  http.HttpServer2 (HttpServer2.java:addGlobalFilter(1030)) - Added global filter 'safety' (class=org.apache.hadoop.hdds.server.http.HttpServer2$QuotingInputFilter)
2022-02-08 13:52:26,325 [Listener at 127.0.0.1/36213] INFO  http.HttpServer2 (HttpServer2.java:addFilter(1006)) - Added filter static_user_filter (class=org.apache.hadoop.http.lib.StaticUserWebFilter$StaticUserFilter) to context hddsDatanode
2022-02-08 13:52:26,325 [Listener at 127.0.0.1/36213] INFO  http.HttpServer2 (HttpServer2.java:addFilter(1014)) - Added filter static_user_filter (class=org.apache.hadoop.http.lib.StaticUserWebFilter$StaticUserFilter) to context static
2022-02-08 13:52:26,325 [Listener at 127.0.0.1/36213] INFO  http.HttpServer2 (HttpServer2.java:addFilter(1014)) - Added filter static_user_filter (class=org.apache.hadoop.http.lib.StaticUserWebFilter$StaticUserFilter) to context logs
2022-02-08 13:52:26,326 [Listener at 127.0.0.1/36213] INFO  http.HttpServer2 (HttpServer2.java:bindListener(1249)) - Jetty bound to port 35027
2022-02-08 13:52:26,326 [Listener at 127.0.0.1/36213] INFO  server.Server (Server.java:doStart(375)) - jetty-9.4.43.v20210629; built: 2021-06-30T11:07:22.254Z; git: 526006ecfa3af7f1a27ef3a288e2bef7ea9dd7e8; jvm 1.8.0_312-b07
2022-02-08 13:52:26,328 [Listener at 127.0.0.1/36213] INFO  server.session (DefaultSessionIdManager.java:doStart(334)) - DefaultSessionIdManager workerName=node0
2022-02-08 13:52:26,328 [Listener at 127.0.0.1/36213] INFO  server.session (DefaultSessionIdManager.java:doStart(339)) - No SessionScavenger set, using defaults
2022-02-08 13:52:26,329 [Listener at 127.0.0.1/36213] INFO  server.session (HouseKeeper.java:startScavenging(132)) - node0 Scavenging every 600000ms
2022-02-08 13:52:26,329 [Listener at 127.0.0.1/36213] INFO  handler.ContextHandler (ContextHandler.java:doStart(915)) - Started o.e.j.s.ServletContextHandler@2603ad0a{logs,/logs,file:///home/runner/work/ozone/ozone/hadoop-ozone/integration-test/target/log,AVAILABLE}
2022-02-08 13:52:26,330 [Listener at 127.0.0.1/36213] INFO  handler.ContextHandler (ContextHandler.java:doStart(915)) - Started o.e.j.s.ServletContextHandler@463aa3da{static,/static,jar:file:/home/runner/.m2/repository/org/apache/ozone/hdds-container-service/1.3.0-SNAPSHOT/hdds-container-service-1.3.0-SNAPSHOT.jar!/webapps/static,AVAILABLE}
2022-02-08 13:52:26,377 [Listener at 127.0.0.1/36213] INFO  handler.ContextHandler (ContextHandler.java:doStart(915)) - Started o.e.j.w.WebAppContext@1c9e9bfb{hddsDatanode,/,file:///tmp/jetty-0_0_0_0-35027-hdds-container-service-1_3_0-SNAPSHOT_jar-_-any-1076083229990940510/webapp/,AVAILABLE}{jar:file:/home/runner/.m2/repository/org/apache/ozone/hdds-container-service/1.3.0-SNAPSHOT/hdds-container-service-1.3.0-SNAPSHOT.jar!/webapps/hddsDatanode}
2022-02-08 13:52:26,378 [Listener at 127.0.0.1/36213] INFO  server.AbstractConnector (AbstractConnector.java:doStart(331)) - Started ServerConnector@54210bb8{HTTP/1.1, (http/1.1)}{0.0.0.0:35027}
2022-02-08 13:52:26,379 [Listener at 127.0.0.1/36213] INFO  server.Server (Server.java:doStart(415)) - Started @18726ms
2022-02-08 13:52:26,379 [Listener at 127.0.0.1/36213] WARN  impl.MetricsSystemImpl (MetricsSystemImpl.java:register(279)) - Sink prometheus already exists!
2022-02-08 13:52:26,380 [Listener at 127.0.0.1/36213] INFO  http.BaseHttpServer (BaseHttpServer.java:updateConnectorAddress(329)) - HTTP server of hddsDatanode listening at http://0.0.0.0:35027
2022-02-08 13:52:26,381 [Datanode State Machine Daemon Thread] INFO  statemachine.DatanodeStateMachine (DatanodeStateMachine.java:lambda$startDaemon$0(470)) - Ozone container server started.
2022-02-08 13:52:26,384 [Listener at 127.0.0.1/36213] WARN  impl.MetricRegistriesImpl (MetricRegistriesImpl.java:addReporterRegistration(111)) - New reporters are added after registries were created. Some metrics will be missing from the reporter. Please add reporter before adding any new registry.
2022-02-08 13:52:26,385 [Listener at 127.0.0.1/36213] WARN  impl.MetricRegistriesImpl (MetricRegistriesImpl.java:addReporterRegistration(111)) - New reporters are added after registries were created. Some metrics will be missing from the reporter. Please add reporter before adding any new registry.
2022-02-08 13:52:26,385 [Listener at 127.0.0.1/36213] INFO  impl.MetricsSystemImpl (MetricsSystemImpl.java:init(158)) - HddsDatanode metrics system started (again)
2022-02-08 13:52:26,397 [Listener at 127.0.0.1/36213] INFO  ozone.HddsDatanodeService (HddsDatanodeService.java:start(234)) - HddsDatanodeService host:fv-az148-480.bm4ck3pvxvsene1rjriu5fhcdb.bx.internal.cloudapp.net ip:10.1.0.34
2022-02-08 13:52:26,399 [org.apache.hadoop.util.JvmPauseMonitor$Monitor@5a72f15c] INFO  util.JvmPauseMonitor (JvmPauseMonitor.java:run(188)) - Starting JVM pause monitor
2022-02-08 13:52:26,404 [Datanode State Machine Task Thread - 0] INFO  datanode.InitDatanodeState (InitDatanodeState.java:persistContainerDatanodeDetails(145)) - DatanodeDetails is persisted to /home/runner/work/ozone/ozone/hadoop-ozone/integration-test/target/test-dir/MiniOzoneClusterImpl-44b62ea4-a9d0-4540-a736-82fb29945a00/datanode-6/meta/datanode.id
2022-02-08 13:52:26,417 [Listener at 127.0.0.1/36213] INFO  upgrade.AbstractLayoutVersionManager (AbstractLayoutVersionManager.java:init(79)) - Initializing Layout version manager with metadata layout = SCM_HA (version = 2), software layout = SCM_HA (version = 2)
2022-02-08 13:52:26,459 [Listener at 127.0.0.1/36213] INFO  reflections.Reflections (Reflections.java:scan(232)) - Reflections took 40 ms to scan 7 urls, producing 119 keys and 279 values 
2022-02-08 13:52:26,461 [Listener at 127.0.0.1/36213] INFO  statemachine.DatanodeStateMachine (DatanodeStateMachine.java:getEndPointTaskThreadPoolSize(222)) - Datanode State Machine Task Thread Pool size 2
2022-02-08 13:52:26,462 [Listener at 127.0.0.1/36213] INFO  volume.HddsVolume (HddsVolume.java:<init>(120)) - Creating HddsVolume: /home/runner/work/ozone/ozone/hadoop-ozone/integration-test/target/test-dir/MiniOzoneClusterImpl-44b62ea4-a9d0-4540-a736-82fb29945a00/datanode-7/data-0/containers/hdds of storage type : DISK capacity : 9223372036854775807
2022-02-08 13:52:26,463 [Listener at 127.0.0.1/36213] INFO  volume.MutableVolumeSet (MutableVolumeSet.java:initializeVolumeSet(168)) - Added Volume : /home/runner/work/ozone/ozone/hadoop-ozone/integration-test/target/test-dir/MiniOzoneClusterImpl-44b62ea4-a9d0-4540-a736-82fb29945a00/datanode-7/data-0/containers/hdds to VolumeSet
2022-02-08 13:52:26,463 [Listener at 127.0.0.1/36213] INFO  volume.ThrottledAsyncChecker (ThrottledAsyncChecker.java:schedule(141)) - Scheduling a check for /home/runner/work/ozone/ozone/hadoop-ozone/integration-test/target/test-dir/MiniOzoneClusterImpl-44b62ea4-a9d0-4540-a736-82fb29945a00/datanode-7/data-0/containers/hdds
2022-02-08 13:52:26,466 [Listener at 127.0.0.1/36213] INFO  volume.StorageVolumeChecker (StorageVolumeChecker.java:checkAllVolumes(202)) - Scheduled health check for volume /home/runner/work/ozone/ozone/hadoop-ozone/integration-test/target/test-dir/MiniOzoneClusterImpl-44b62ea4-a9d0-4540-a736-82fb29945a00/datanode-7/data-0/containers/hdds
2022-02-08 13:52:26,479 [Listener at 127.0.0.1/36213] INFO  volume.MutableVolumeSet (MutableVolumeSet.java:initializeVolumeSet(168)) - Added Volume : /home/runner/work/ozone/ozone/hadoop-ozone/integration-test/target/test-dir/MiniOzoneClusterImpl-44b62ea4-a9d0-4540-a736-82fb29945a00/datanode-7/data/ratis to VolumeSet
2022-02-08 13:52:26,479 [Listener at 127.0.0.1/36213] INFO  volume.ThrottledAsyncChecker (ThrottledAsyncChecker.java:schedule(141)) - Scheduling a check for /home/runner/work/ozone/ozone/hadoop-ozone/integration-test/target/test-dir/MiniOzoneClusterImpl-44b62ea4-a9d0-4540-a736-82fb29945a00/datanode-7/data/ratis
2022-02-08 13:52:26,479 [Listener at 127.0.0.1/36213] INFO  volume.StorageVolumeChecker (StorageVolumeChecker.java:checkAllVolumes(202)) - Scheduled health check for volume /home/runner/work/ozone/ozone/hadoop-ozone/integration-test/target/test-dir/MiniOzoneClusterImpl-44b62ea4-a9d0-4540-a736-82fb29945a00/datanode-7/data/ratis
2022-02-08 13:52:26,491 [Thread-225] INFO  ozoneimpl.ContainerReader (ContainerReader.java:readVolume(172)) - Finish verifying containers on volume /home/runner/work/ozone/ozone/hadoop-ozone/integration-test/target/test-dir/MiniOzoneClusterImpl-44b62ea4-a9d0-4540-a736-82fb29945a00/datanode-7/data-0/containers/hdds
2022-02-08 13:52:26,491 [Listener at 127.0.0.1/36213] INFO  ozoneimpl.OzoneContainer (OzoneContainer.java:buildContainerSet(237)) - Build ContainerSet costs 0s
2022-02-08 13:52:26,494 [Listener at 127.0.0.1/36213] INFO  server.RaftServer (ConfUtils.java:logGet(44)) - raft.rpc.type = GRPC (default)
2022-02-08 13:52:26,494 [Listener at 127.0.0.1/36213] INFO  grpc.GrpcFactory (GrpcFactory.java:checkPooledByteBufAllocatorUseCacheForAllThreads(48)) - PERFORMANCE WARNING: useCacheForAllThreads is true that may cause Netty to create a lot garbage objects and, as a result, trigger GC.
	It is recommended to disable useCacheForAllThreads by setting -Dorg.apache.ratis.thirdparty.io.netty.allocator.useCacheForAllThreads=false in command line.
2022-02-08 13:52:26,494 [Listener at 127.0.0.1/36213] INFO  grpc.GrpcConfigKeys (ConfUtils.java:logGet(44)) - raft.grpc.admin.port = 0 (custom)
2022-02-08 13:52:26,494 [Listener at 127.0.0.1/36213] INFO  grpc.GrpcConfigKeys (ConfUtils.java:logGet(44)) - raft.grpc.client.port = 0 (custom)
2022-02-08 13:52:26,495 [Listener at 127.0.0.1/36213] INFO  grpc.GrpcConfigKeys (ConfUtils.java:logGet(44)) - raft.grpc.server.port = 0 (default)
2022-02-08 13:52:26,495 [Listener at 127.0.0.1/36213] INFO  server.GrpcService (ConfUtils.java:logGet(44)) - raft.grpc.message.size.max = 32MB (=33554432) (custom)
2022-02-08 13:52:26,495 [Listener at 127.0.0.1/36213] INFO  server.RaftServerConfigKeys (ConfUtils.java:logGet(44)) - raft.server.log.appender.buffer.byte-limit = 33554432 (custom)
2022-02-08 13:52:26,495 [Listener at 127.0.0.1/36213] INFO  server.GrpcService (ConfUtils.java:logGet(44)) - raft.grpc.flow.control.window = 5MB (=5242880) (custom)
2022-02-08 13:52:26,495 [Listener at 127.0.0.1/36213] INFO  server.RaftServerConfigKeys (ConfUtils.java:logGet(44)) - raft.server.rpc.request.timeout = 3000ms (default)
2022-02-08 13:52:26,496 [Listener at 127.0.0.1/36213] INFO  impl.DataStreamServerImpl (ConfUtils.java:logGet(44)) - raft.datastream.type = DISABLED (default)
2022-02-08 13:52:26,497 [Listener at 127.0.0.1/36213] INFO  server.RaftServerConfigKeys (ConfUtils.java:logGet(44)) - raft.server.rpc.slowness.timeout = 300000ms (custom)
2022-02-08 13:52:26,497 [Listener at 127.0.0.1/36213] INFO  server.RaftServerConfigKeys (ConfUtils.java:logGet(44)) - raft.server.leaderelection.leader.step-down.wait-time = 10s (default)
2022-02-08 13:52:26,497 [Listener at 127.0.0.1/36213] INFO  server.RaftServerConfigKeys (ConfUtils.java:logGet(44)) - raft.server.storage.dir = [/home/runner/work/ozone/ozone/hadoop-ozone/integration-test/target/test-dir/MiniOzoneClusterImpl-44b62ea4-a9d0-4540-a736-82fb29945a00/datanode-7/data/ratis] (custom)
2022-02-08 13:52:26,499 [Listener at 127.0.0.1/36213] INFO  server.XceiverServerGrpc (XceiverServerGrpc.java:<init>(132)) - GrpcServer channel type EpollServerSocketChannel
2022-02-08 13:52:26,502 [Listener at 127.0.0.1/36213] INFO  http.BaseHttpServer (BaseHttpServer.java:newHttpServer2BuilderForOzone(209)) - Starting Web-server for hddsDatanode at: http://0.0.0.0:0
2022-02-08 13:52:26,502 [Listener at 127.0.0.1/36213] INFO  http.BaseHttpServer (BaseHttpServer.java:<init>(107)) - Hadoop Security Enabled: false Ozone Security Enabled: false Ozone HTTP Security Enabled: false 
2022-02-08 13:52:26,503 [Listener at 127.0.0.1/36213] INFO  server.AuthenticationFilter (AuthenticationFilter.java:constructSecretProvider(240)) - Unable to initialize FileSignerSecretProvider, falling back to use random secrets.
2022-02-08 13:52:26,504 [Listener at 127.0.0.1/36213] WARN  http.HttpRequestLog (HttpRequestLog.java:getRequestLog(103)) - Jetty request log can only be enabled using Log4j
2022-02-08 13:52:26,505 [Listener at 127.0.0.1/36213] INFO  http.HttpServer2 (HttpServer2.java:addGlobalFilter(1030)) - Added global filter 'safety' (class=org.apache.hadoop.hdds.server.http.HttpServer2$QuotingInputFilter)
2022-02-08 13:52:26,506 [Listener at 127.0.0.1/36213] INFO  http.HttpServer2 (HttpServer2.java:addFilter(1006)) - Added filter static_user_filter (class=org.apache.hadoop.http.lib.StaticUserWebFilter$StaticUserFilter) to context hddsDatanode
2022-02-08 13:52:26,506 [Listener at 127.0.0.1/36213] INFO  http.HttpServer2 (HttpServer2.java:addFilter(1014)) - Added filter static_user_filter (class=org.apache.hadoop.http.lib.StaticUserWebFilter$StaticUserFilter) to context logs
2022-02-08 13:52:26,506 [Listener at 127.0.0.1/36213] INFO  http.HttpServer2 (HttpServer2.java:addFilter(1014)) - Added filter static_user_filter (class=org.apache.hadoop.http.lib.StaticUserWebFilter$StaticUserFilter) to context static
2022-02-08 13:52:26,506 [Listener at 127.0.0.1/36213] INFO  http.HttpServer2 (HttpServer2.java:bindListener(1249)) - Jetty bound to port 36253
2022-02-08 13:52:26,507 [Listener at 127.0.0.1/36213] INFO  server.Server (Server.java:doStart(375)) - jetty-9.4.43.v20210629; built: 2021-06-30T11:07:22.254Z; git: 526006ecfa3af7f1a27ef3a288e2bef7ea9dd7e8; jvm 1.8.0_312-b07
2022-02-08 13:52:26,508 [Listener at 127.0.0.1/36213] INFO  server.session (DefaultSessionIdManager.java:doStart(334)) - DefaultSessionIdManager workerName=node0
2022-02-08 13:52:26,508 [Listener at 127.0.0.1/36213] INFO  server.session (DefaultSessionIdManager.java:doStart(339)) - No SessionScavenger set, using defaults
2022-02-08 13:52:26,508 [Listener at 127.0.0.1/36213] INFO  server.session (HouseKeeper.java:startScavenging(132)) - node0 Scavenging every 660000ms
2022-02-08 13:52:26,509 [Listener at 127.0.0.1/36213] INFO  handler.ContextHandler (ContextHandler.java:doStart(915)) - Started o.e.j.s.ServletContextHandler@5451d7a0{logs,/logs,file:///home/runner/work/ozone/ozone/hadoop-ozone/integration-test/target/log,AVAILABLE}
2022-02-08 13:52:26,510 [Listener at 127.0.0.1/36213] INFO  handler.ContextHandler (ContextHandler.java:doStart(915)) - Started o.e.j.s.ServletContextHandler@729c251b{static,/static,jar:file:/home/runner/.m2/repository/org/apache/ozone/hdds-container-service/1.3.0-SNAPSHOT/hdds-container-service-1.3.0-SNAPSHOT.jar!/webapps/static,AVAILABLE}
2022-02-08 13:52:26,556 [Listener at 127.0.0.1/36213] INFO  handler.ContextHandler (ContextHandler.java:doStart(915)) - Started o.e.j.w.WebAppContext@d1ccec8{hddsDatanode,/,file:///tmp/jetty-0_0_0_0-36253-hdds-container-service-1_3_0-SNAPSHOT_jar-_-any-3864276792036504799/webapp/,AVAILABLE}{jar:file:/home/runner/.m2/repository/org/apache/ozone/hdds-container-service/1.3.0-SNAPSHOT/hdds-container-service-1.3.0-SNAPSHOT.jar!/webapps/hddsDatanode}
2022-02-08 13:52:26,558 [Listener at 127.0.0.1/36213] INFO  server.AbstractConnector (AbstractConnector.java:doStart(331)) - Started ServerConnector@6fab6ea2{HTTP/1.1, (http/1.1)}{0.0.0.0:36253}
2022-02-08 13:52:26,558 [Listener at 127.0.0.1/36213] INFO  server.Server (Server.java:doStart(415)) - Started @18905ms
2022-02-08 13:52:26,558 [Listener at 127.0.0.1/36213] WARN  impl.MetricsSystemImpl (MetricsSystemImpl.java:register(279)) - Sink prometheus already exists!
2022-02-08 13:52:26,559 [Listener at 127.0.0.1/36213] INFO  http.BaseHttpServer (BaseHttpServer.java:updateConnectorAddress(329)) - HTTP server of hddsDatanode listening at http://0.0.0.0:36253
2022-02-08 13:52:26,559 [Datanode State Machine Daemon Thread] INFO  statemachine.DatanodeStateMachine (DatanodeStateMachine.java:lambda$startDaemon$0(470)) - Ozone container server started.
2022-02-08 13:52:26,562 [Listener at 127.0.0.1/36213] WARN  impl.MetricRegistriesImpl (MetricRegistriesImpl.java:addReporterRegistration(111)) - New reporters are added after registries were created. Some metrics will be missing from the reporter. Please add reporter before adding any new registry.
2022-02-08 13:52:26,565 [Listener at 127.0.0.1/36213] WARN  impl.MetricRegistriesImpl (MetricRegistriesImpl.java:addReporterRegistration(111)) - New reporters are added after registries were created. Some metrics will be missing from the reporter. Please add reporter before adding any new registry.
2022-02-08 13:52:26,565 [Listener at 127.0.0.1/36213] INFO  impl.MetricsSystemImpl (MetricsSystemImpl.java:init(158)) - HddsDatanode metrics system started (again)
2022-02-08 13:52:26,570 [org.apache.hadoop.util.JvmPauseMonitor$Monitor@e3cfe6c] INFO  util.JvmPauseMonitor (JvmPauseMonitor.java:run(188)) - Starting JVM pause monitor
2022-02-08 13:52:26,580 [Listener at 127.0.0.1/36213] INFO  ozone.HddsDatanodeService (HddsDatanodeService.java:start(234)) - HddsDatanodeService host:fv-az148-480.bm4ck3pvxvsene1rjriu5fhcdb.bx.internal.cloudapp.net ip:10.1.0.34
2022-02-08 13:52:26,582 [Datanode State Machine Task Thread - 0] INFO  datanode.InitDatanodeState (InitDatanodeState.java:persistContainerDatanodeDetails(145)) - DatanodeDetails is persisted to /home/runner/work/ozone/ozone/hadoop-ozone/integration-test/target/test-dir/MiniOzoneClusterImpl-44b62ea4-a9d0-4540-a736-82fb29945a00/datanode-7/meta/datanode.id
2022-02-08 13:52:26,608 [Listener at 127.0.0.1/36213] INFO  upgrade.AbstractLayoutVersionManager (AbstractLayoutVersionManager.java:init(79)) - Initializing Layout version manager with metadata layout = SCM_HA (version = 2), software layout = SCM_HA (version = 2)
2022-02-08 13:52:26,649 [Listener at 127.0.0.1/36213] INFO  reflections.Reflections (Reflections.java:scan(232)) - Reflections took 40 ms to scan 7 urls, producing 119 keys and 279 values 
2022-02-08 13:52:26,651 [Listener at 127.0.0.1/36213] INFO  statemachine.DatanodeStateMachine (DatanodeStateMachine.java:getEndPointTaskThreadPoolSize(222)) - Datanode State Machine Task Thread Pool size 2
2022-02-08 13:52:26,656 [Listener at 127.0.0.1/36213] INFO  volume.HddsVolume (HddsVolume.java:<init>(120)) - Creating HddsVolume: /home/runner/work/ozone/ozone/hadoop-ozone/integration-test/target/test-dir/MiniOzoneClusterImpl-44b62ea4-a9d0-4540-a736-82fb29945a00/datanode-8/data-0/containers/hdds of storage type : DISK capacity : 9223372036854775807
2022-02-08 13:52:26,656 [Listener at 127.0.0.1/36213] INFO  volume.MutableVolumeSet (MutableVolumeSet.java:initializeVolumeSet(168)) - Added Volume : /home/runner/work/ozone/ozone/hadoop-ozone/integration-test/target/test-dir/MiniOzoneClusterImpl-44b62ea4-a9d0-4540-a736-82fb29945a00/datanode-8/data-0/containers/hdds to VolumeSet
2022-02-08 13:52:26,657 [Listener at 127.0.0.1/36213] INFO  volume.ThrottledAsyncChecker (ThrottledAsyncChecker.java:schedule(141)) - Scheduling a check for /home/runner/work/ozone/ozone/hadoop-ozone/integration-test/target/test-dir/MiniOzoneClusterImpl-44b62ea4-a9d0-4540-a736-82fb29945a00/datanode-8/data-0/containers/hdds
2022-02-08 13:52:26,657 [Listener at 127.0.0.1/36213] INFO  volume.StorageVolumeChecker (StorageVolumeChecker.java:checkAllVolumes(202)) - Scheduled health check for volume /home/runner/work/ozone/ozone/hadoop-ozone/integration-test/target/test-dir/MiniOzoneClusterImpl-44b62ea4-a9d0-4540-a736-82fb29945a00/datanode-8/data-0/containers/hdds
2022-02-08 13:52:26,670 [Listener at 127.0.0.1/36213] INFO  volume.MutableVolumeSet (MutableVolumeSet.java:initializeVolumeSet(168)) - Added Volume : /home/runner/work/ozone/ozone/hadoop-ozone/integration-test/target/test-dir/MiniOzoneClusterImpl-44b62ea4-a9d0-4540-a736-82fb29945a00/datanode-8/data/ratis to VolumeSet
2022-02-08 13:52:26,670 [Listener at 127.0.0.1/36213] INFO  volume.ThrottledAsyncChecker (ThrottledAsyncChecker.java:schedule(141)) - Scheduling a check for /home/runner/work/ozone/ozone/hadoop-ozone/integration-test/target/test-dir/MiniOzoneClusterImpl-44b62ea4-a9d0-4540-a736-82fb29945a00/datanode-8/data/ratis
2022-02-08 13:52:26,671 [Listener at 127.0.0.1/36213] INFO  volume.StorageVolumeChecker (StorageVolumeChecker.java:checkAllVolumes(202)) - Scheduled health check for volume /home/runner/work/ozone/ozone/hadoop-ozone/integration-test/target/test-dir/MiniOzoneClusterImpl-44b62ea4-a9d0-4540-a736-82fb29945a00/datanode-8/data/ratis
2022-02-08 13:52:26,689 [Thread-237] INFO  ozoneimpl.ContainerReader (ContainerReader.java:readVolume(172)) - Finish verifying containers on volume /home/runner/work/ozone/ozone/hadoop-ozone/integration-test/target/test-dir/MiniOzoneClusterImpl-44b62ea4-a9d0-4540-a736-82fb29945a00/datanode-8/data-0/containers/hdds
2022-02-08 13:52:26,689 [Listener at 127.0.0.1/36213] INFO  ozoneimpl.OzoneContainer (OzoneContainer.java:buildContainerSet(237)) - Build ContainerSet costs 0s
2022-02-08 13:52:26,692 [Listener at 127.0.0.1/36213] INFO  server.RaftServer (ConfUtils.java:logGet(44)) - raft.rpc.type = GRPC (default)
2022-02-08 13:52:26,693 [Listener at 127.0.0.1/36213] INFO  grpc.GrpcFactory (GrpcFactory.java:checkPooledByteBufAllocatorUseCacheForAllThreads(48)) - PERFORMANCE WARNING: useCacheForAllThreads is true that may cause Netty to create a lot garbage objects and, as a result, trigger GC.
	It is recommended to disable useCacheForAllThreads by setting -Dorg.apache.ratis.thirdparty.io.netty.allocator.useCacheForAllThreads=false in command line.
2022-02-08 13:52:26,693 [Listener at 127.0.0.1/36213] INFO  grpc.GrpcConfigKeys (ConfUtils.java:logGet(44)) - raft.grpc.admin.port = 0 (custom)
2022-02-08 13:52:26,693 [Listener at 127.0.0.1/36213] INFO  grpc.GrpcConfigKeys (ConfUtils.java:logGet(44)) - raft.grpc.client.port = 0 (custom)
2022-02-08 13:52:26,693 [Listener at 127.0.0.1/36213] INFO  grpc.GrpcConfigKeys (ConfUtils.java:logGet(44)) - raft.grpc.server.port = 0 (default)
2022-02-08 13:52:26,693 [Listener at 127.0.0.1/36213] INFO  server.GrpcService (ConfUtils.java:logGet(44)) - raft.grpc.message.size.max = 32MB (=33554432) (custom)
2022-02-08 13:52:26,694 [Listener at 127.0.0.1/36213] INFO  server.RaftServerConfigKeys (ConfUtils.java:logGet(44)) - raft.server.log.appender.buffer.byte-limit = 33554432 (custom)
2022-02-08 13:52:26,694 [Listener at 127.0.0.1/36213] INFO  server.GrpcService (ConfUtils.java:logGet(44)) - raft.grpc.flow.control.window = 5MB (=5242880) (custom)
2022-02-08 13:52:26,694 [Listener at 127.0.0.1/36213] INFO  server.RaftServerConfigKeys (ConfUtils.java:logGet(44)) - raft.server.rpc.request.timeout = 3000ms (default)
2022-02-08 13:52:26,695 [Listener at 127.0.0.1/36213] INFO  impl.DataStreamServerImpl (ConfUtils.java:logGet(44)) - raft.datastream.type = DISABLED (default)
2022-02-08 13:52:26,696 [Listener at 127.0.0.1/36213] INFO  server.RaftServerConfigKeys (ConfUtils.java:logGet(44)) - raft.server.rpc.slowness.timeout = 300000ms (custom)
2022-02-08 13:52:26,696 [Listener at 127.0.0.1/36213] INFO  server.RaftServerConfigKeys (ConfUtils.java:logGet(44)) - raft.server.leaderelection.leader.step-down.wait-time = 10s (default)
2022-02-08 13:52:26,696 [Listener at 127.0.0.1/36213] INFO  server.RaftServerConfigKeys (ConfUtils.java:logGet(44)) - raft.server.storage.dir = [/home/runner/work/ozone/ozone/hadoop-ozone/integration-test/target/test-dir/MiniOzoneClusterImpl-44b62ea4-a9d0-4540-a736-82fb29945a00/datanode-8/data/ratis] (custom)
2022-02-08 13:52:26,697 [Listener at 127.0.0.1/36213] INFO  server.XceiverServerGrpc (XceiverServerGrpc.java:<init>(132)) - GrpcServer channel type EpollServerSocketChannel
2022-02-08 13:52:26,702 [Listener at 127.0.0.1/36213] INFO  http.BaseHttpServer (BaseHttpServer.java:newHttpServer2BuilderForOzone(209)) - Starting Web-server for hddsDatanode at: http://0.0.0.0:0
2022-02-08 13:52:26,703 [Listener at 127.0.0.1/36213] INFO  http.BaseHttpServer (BaseHttpServer.java:<init>(107)) - Hadoop Security Enabled: false Ozone Security Enabled: false Ozone HTTP Security Enabled: false 
2022-02-08 13:52:26,704 [Listener at 127.0.0.1/36213] INFO  server.AuthenticationFilter (AuthenticationFilter.java:constructSecretProvider(240)) - Unable to initialize FileSignerSecretProvider, falling back to use random secrets.
2022-02-08 13:52:26,705 [Listener at 127.0.0.1/36213] WARN  http.HttpRequestLog (HttpRequestLog.java:getRequestLog(103)) - Jetty request log can only be enabled using Log4j
2022-02-08 13:52:26,705 [Listener at 127.0.0.1/36213] INFO  http.HttpServer2 (HttpServer2.java:addGlobalFilter(1030)) - Added global filter 'safety' (class=org.apache.hadoop.hdds.server.http.HttpServer2$QuotingInputFilter)
2022-02-08 13:52:26,706 [Listener at 127.0.0.1/36213] INFO  http.HttpServer2 (HttpServer2.java:addFilter(1006)) - Added filter static_user_filter (class=org.apache.hadoop.http.lib.StaticUserWebFilter$StaticUserFilter) to context hddsDatanode
2022-02-08 13:52:26,706 [Listener at 127.0.0.1/36213] INFO  http.HttpServer2 (HttpServer2.java:addFilter(1014)) - Added filter static_user_filter (class=org.apache.hadoop.http.lib.StaticUserWebFilter$StaticUserFilter) to context logs
2022-02-08 13:52:26,707 [Listener at 127.0.0.1/36213] INFO  http.HttpServer2 (HttpServer2.java:addFilter(1014)) - Added filter static_user_filter (class=org.apache.hadoop.http.lib.StaticUserWebFilter$StaticUserFilter) to context static
2022-02-08 13:52:26,707 [Listener at 127.0.0.1/36213] INFO  http.HttpServer2 (HttpServer2.java:bindListener(1249)) - Jetty bound to port 42489
2022-02-08 13:52:26,707 [Listener at 127.0.0.1/36213] INFO  server.Server (Server.java:doStart(375)) - jetty-9.4.43.v20210629; built: 2021-06-30T11:07:22.254Z; git: 526006ecfa3af7f1a27ef3a288e2bef7ea9dd7e8; jvm 1.8.0_312-b07
2022-02-08 13:52:26,709 [Listener at 127.0.0.1/36213] INFO  server.session (DefaultSessionIdManager.java:doStart(334)) - DefaultSessionIdManager workerName=node0
2022-02-08 13:52:26,709 [Listener at 127.0.0.1/36213] INFO  server.session (DefaultSessionIdManager.java:doStart(339)) - No SessionScavenger set, using defaults
2022-02-08 13:52:26,709 [Listener at 127.0.0.1/36213] INFO  server.session (HouseKeeper.java:startScavenging(132)) - node0 Scavenging every 600000ms
2022-02-08 13:52:26,710 [Listener at 127.0.0.1/36213] INFO  handler.ContextHandler (ContextHandler.java:doStart(915)) - Started o.e.j.s.ServletContextHandler@37443848{logs,/logs,file:///home/runner/work/ozone/ozone/hadoop-ozone/integration-test/target/log,AVAILABLE}
2022-02-08 13:52:26,710 [Listener at 127.0.0.1/36213] INFO  handler.ContextHandler (ContextHandler.java:doStart(915)) - Started o.e.j.s.ServletContextHandler@70d8380{static,/static,jar:file:/home/runner/.m2/repository/org/apache/ozone/hdds-container-service/1.3.0-SNAPSHOT/hdds-container-service-1.3.0-SNAPSHOT.jar!/webapps/static,AVAILABLE}
2022-02-08 13:52:26,758 [Listener at 127.0.0.1/36213] INFO  handler.ContextHandler (ContextHandler.java:doStart(915)) - Started o.e.j.w.WebAppContext@63d9cd59{hddsDatanode,/,file:///tmp/jetty-0_0_0_0-42489-hdds-container-service-1_3_0-SNAPSHOT_jar-_-any-1920044920964011360/webapp/,AVAILABLE}{jar:file:/home/runner/.m2/repository/org/apache/ozone/hdds-container-service/1.3.0-SNAPSHOT/hdds-container-service-1.3.0-SNAPSHOT.jar!/webapps/hddsDatanode}
2022-02-08 13:52:26,759 [Listener at 127.0.0.1/36213] INFO  server.AbstractConnector (AbstractConnector.java:doStart(331)) - Started ServerConnector@5bdb605c{HTTP/1.1, (http/1.1)}{0.0.0.0:42489}
2022-02-08 13:52:26,760 [Listener at 127.0.0.1/36213] INFO  server.Server (Server.java:doStart(415)) - Started @19107ms
2022-02-08 13:52:26,760 [Listener at 127.0.0.1/36213] WARN  impl.MetricsSystemImpl (MetricsSystemImpl.java:register(279)) - Sink prometheus already exists!
2022-02-08 13:52:26,761 [Listener at 127.0.0.1/36213] INFO  http.BaseHttpServer (BaseHttpServer.java:updateConnectorAddress(329)) - HTTP server of hddsDatanode listening at http://0.0.0.0:42489
2022-02-08 13:52:26,761 [Datanode State Machine Daemon Thread] INFO  statemachine.DatanodeStateMachine (DatanodeStateMachine.java:lambda$startDaemon$0(470)) - Ozone container server started.
2022-02-08 13:52:26,764 [Listener at 127.0.0.1/36213] INFO  ozone.MiniOzoneClusterImpl (MiniOzoneClusterImpl.java:lambda$waitForClusterToBeReady$0(219)) - Waiting for nodes to be ready. Got 0 of 9 DN Heartbeats.
2022-02-08 13:52:26,764 [Listener at 127.0.0.1/36213] INFO  ozone.MiniOzoneClusterImpl (MiniOzoneClusterImpl.java:lambda$waitForClusterToBeReady$0(222)) - Waiting for cluster to exit safe mode
2022-02-08 13:52:26,764 [Listener at 127.0.0.1/36213] INFO  ozone.MiniOzoneClusterImpl (MiniOzoneClusterImpl.java:lambda$waitForClusterToBeReady$0(224)) - SCM became leader
2022-02-08 13:52:26,777 [org.apache.hadoop.util.JvmPauseMonitor$Monitor@7d6558a0] INFO  util.JvmPauseMonitor (JvmPauseMonitor.java:run(188)) - Starting JVM pause monitor
2022-02-08 13:52:26,778 [Datanode State Machine Task Thread - 0] INFO  datanode.InitDatanodeState (InitDatanodeState.java:persistContainerDatanodeDetails(145)) - DatanodeDetails is persisted to /home/runner/work/ozone/ozone/hadoop-ozone/integration-test/target/test-dir/MiniOzoneClusterImpl-44b62ea4-a9d0-4540-a736-82fb29945a00/datanode-8/meta/datanode.id
2022-02-08 13:52:27,018 [EndpointStateMachine task thread for /0.0.0.0:40099 - 0 ] INFO  ozoneimpl.OzoneContainer (OzoneContainer.java:start(315)) - Attempting to start container services.
2022-02-08 13:52:27,021 [EndpointStateMachine task thread for /0.0.0.0:40099 - 0 ] INFO  ozoneimpl.OzoneContainer (OzoneContainer.java:startContainerScrub(250)) - Background container scanner has been disabled.
2022-02-08 13:52:27,023 [EndpointStateMachine task thread for /0.0.0.0:40099 - 0 ] INFO  replication.ReplicationServer (ReplicationServer.java:start(111)) - ReplicationServer is started using port 41959
2022-02-08 13:52:27,025 [EndpointStateMachine task thread for /0.0.0.0:40099 - 0 ] INFO  ratis.XceiverServerRatis (XceiverServerRatis.java:start(484)) - Starting XceiverServerRatis 74cc591c-4d52-479e-aacc-08a66935e120
2022-02-08 13:52:27,027 [EndpointStateMachine task thread for /0.0.0.0:40099 - 0 ] INFO  server.RaftServer (RaftServerProxy.java:lambda$start$5(374)) - 74cc591c-4d52-479e-aacc-08a66935e120: start RPC server
2022-02-08 13:52:27,034 [EndpointStateMachine task thread for /0.0.0.0:40099 - 0 ] INFO  server.GrpcService (GrpcService.java:startImpl(253)) - 74cc591c-4d52-479e-aacc-08a66935e120: GrpcService started, listening on 33121
2022-02-08 13:52:27,036 [EndpointStateMachine task thread for /0.0.0.0:40099 - 0 ] INFO  ratis.XceiverServerRatis (XceiverServerRatis.java:getRealPort(505)) - XceiverServerRatis 74cc591c-4d52-479e-aacc-08a66935e120 is started using port 33121 for RATIS
2022-02-08 13:52:27,036 [EndpointStateMachine task thread for /0.0.0.0:40099 - 0 ] INFO  ratis.XceiverServerRatis (XceiverServerRatis.java:getRealPort(505)) - XceiverServerRatis 74cc591c-4d52-479e-aacc-08a66935e120 is started using port 33121 for RATIS_ADMIN
2022-02-08 13:52:27,036 [EndpointStateMachine task thread for /0.0.0.0:40099 - 0 ] INFO  ratis.XceiverServerRatis (XceiverServerRatis.java:getRealPort(505)) - XceiverServerRatis 74cc591c-4d52-479e-aacc-08a66935e120 is started using port 33121 for RATIS_SERVER
2022-02-08 13:52:27,036 [org.apache.ratis.util.JvmPauseMonitor$$Lambda$431/1827212229@27d07b64] INFO  util.JvmPauseMonitor (JvmPauseMonitor.java:run(103)) - JvmPauseMonitor-74cc591c-4d52-479e-aacc-08a66935e120: Started
2022-02-08 13:52:27,038 [EndpointStateMachine task thread for /0.0.0.0:40099 - 0 ] INFO  server.XceiverServerGrpc (XceiverServerGrpc.java:start(180)) - XceiverServerGrpc 74cc591c-4d52-479e-aacc-08a66935e120 is started using port 46775
2022-02-08 13:52:27,280 [EndpointStateMachine task thread for /0.0.0.0:40099 - 0 ] INFO  ozoneimpl.OzoneContainer (OzoneContainer.java:start(315)) - Attempting to start container services.
2022-02-08 13:52:27,281 [EndpointStateMachine task thread for /0.0.0.0:40099 - 0 ] INFO  ozoneimpl.OzoneContainer (OzoneContainer.java:startContainerScrub(250)) - Background container scanner has been disabled.
2022-02-08 13:52:27,282 [EndpointStateMachine task thread for /0.0.0.0:40099 - 0 ] INFO  replication.ReplicationServer (ReplicationServer.java:start(111)) - ReplicationServer is started using port 45891
2022-02-08 13:52:27,283 [EndpointStateMachine task thread for /0.0.0.0:40099 - 0 ] INFO  ratis.XceiverServerRatis (XceiverServerRatis.java:start(484)) - Starting XceiverServerRatis 0fed3ba6-79cb-4518-b48b-c28a0e29dbfb
2022-02-08 13:52:27,284 [EndpointStateMachine task thread for /0.0.0.0:40099 - 0 ] INFO  server.RaftServer (RaftServerProxy.java:lambda$start$5(374)) - 0fed3ba6-79cb-4518-b48b-c28a0e29dbfb: start RPC server
2022-02-08 13:52:27,286 [EndpointStateMachine task thread for /0.0.0.0:40099 - 0 ] INFO  server.GrpcService (GrpcService.java:startImpl(253)) - 0fed3ba6-79cb-4518-b48b-c28a0e29dbfb: GrpcService started, listening on 40047
2022-02-08 13:52:27,286 [EndpointStateMachine task thread for /0.0.0.0:40099 - 0 ] INFO  ratis.XceiverServerRatis (XceiverServerRatis.java:getRealPort(505)) - XceiverServerRatis 0fed3ba6-79cb-4518-b48b-c28a0e29dbfb is started using port 40047 for RATIS
2022-02-08 13:52:27,286 [EndpointStateMachine task thread for /0.0.0.0:40099 - 0 ] INFO  ratis.XceiverServerRatis (XceiverServerRatis.java:getRealPort(505)) - XceiverServerRatis 0fed3ba6-79cb-4518-b48b-c28a0e29dbfb is started using port 40047 for RATIS_ADMIN
2022-02-08 13:52:27,286 [org.apache.ratis.util.JvmPauseMonitor$$Lambda$431/1827212229@5b115aa7] INFO  util.JvmPauseMonitor (JvmPauseMonitor.java:run(103)) - JvmPauseMonitor-0fed3ba6-79cb-4518-b48b-c28a0e29dbfb: Started
2022-02-08 13:52:27,286 [EndpointStateMachine task thread for /0.0.0.0:40099 - 0 ] INFO  ratis.XceiverServerRatis (XceiverServerRatis.java:getRealPort(505)) - XceiverServerRatis 0fed3ba6-79cb-4518-b48b-c28a0e29dbfb is started using port 40047 for RATIS_SERVER
2022-02-08 13:52:27,288 [EndpointStateMachine task thread for /0.0.0.0:40099 - 0 ] INFO  server.XceiverServerGrpc (XceiverServerGrpc.java:start(180)) - XceiverServerGrpc 0fed3ba6-79cb-4518-b48b-c28a0e29dbfb is started using port 39945
2022-02-08 13:52:27,519 [EndpointStateMachine task thread for /0.0.0.0:40099 - 0 ] INFO  ozoneimpl.OzoneContainer (OzoneContainer.java:start(315)) - Attempting to start container services.
2022-02-08 13:52:27,520 [EndpointStateMachine task thread for /0.0.0.0:40099 - 0 ] INFO  ozoneimpl.OzoneContainer (OzoneContainer.java:startContainerScrub(250)) - Background container scanner has been disabled.
2022-02-08 13:52:27,522 [EndpointStateMachine task thread for /0.0.0.0:40099 - 0 ] INFO  replication.ReplicationServer (ReplicationServer.java:start(111)) - ReplicationServer is started using port 46009
2022-02-08 13:52:27,523 [EndpointStateMachine task thread for /0.0.0.0:40099 - 0 ] INFO  ratis.XceiverServerRatis (XceiverServerRatis.java:start(484)) - Starting XceiverServerRatis 915ea2a1-2b04-4a8b-905a-cfef4591970c
2022-02-08 13:52:27,529 [EndpointStateMachine task thread for /0.0.0.0:40099 - 0 ] INFO  server.RaftServer (RaftServerProxy.java:lambda$start$5(374)) - 915ea2a1-2b04-4a8b-905a-cfef4591970c: start RPC server
2022-02-08 13:52:27,531 [EndpointStateMachine task thread for /0.0.0.0:40099 - 0 ] INFO  server.GrpcService (GrpcService.java:startImpl(253)) - 915ea2a1-2b04-4a8b-905a-cfef4591970c: GrpcService started, listening on 35197
2022-02-08 13:52:27,531 [EndpointStateMachine task thread for /0.0.0.0:40099 - 0 ] INFO  ratis.XceiverServerRatis (XceiverServerRatis.java:getRealPort(505)) - XceiverServerRatis 915ea2a1-2b04-4a8b-905a-cfef4591970c is started using port 35197 for RATIS
2022-02-08 13:52:27,531 [org.apache.ratis.util.JvmPauseMonitor$$Lambda$431/1827212229@3a273804] INFO  util.JvmPauseMonitor (JvmPauseMonitor.java:run(103)) - JvmPauseMonitor-915ea2a1-2b04-4a8b-905a-cfef4591970c: Started
2022-02-08 13:52:27,531 [EndpointStateMachine task thread for /0.0.0.0:40099 - 0 ] INFO  ratis.XceiverServerRatis (XceiverServerRatis.java:getRealPort(505)) - XceiverServerRatis 915ea2a1-2b04-4a8b-905a-cfef4591970c is started using port 35197 for RATIS_ADMIN
2022-02-08 13:52:27,531 [EndpointStateMachine task thread for /0.0.0.0:40099 - 0 ] INFO  ratis.XceiverServerRatis (XceiverServerRatis.java:getRealPort(505)) - XceiverServerRatis 915ea2a1-2b04-4a8b-905a-cfef4591970c is started using port 35197 for RATIS_SERVER
2022-02-08 13:52:27,533 [EndpointStateMachine task thread for /0.0.0.0:40099 - 0 ] INFO  server.XceiverServerGrpc (XceiverServerGrpc.java:start(180)) - XceiverServerGrpc 915ea2a1-2b04-4a8b-905a-cfef4591970c is started using port 36031
2022-02-08 13:52:27,715 [EndpointStateMachine task thread for /0.0.0.0:40099 - 0 ] INFO  ozoneimpl.OzoneContainer (OzoneContainer.java:start(315)) - Attempting to start container services.
2022-02-08 13:52:27,715 [EndpointStateMachine task thread for /0.0.0.0:40099 - 0 ] INFO  ozoneimpl.OzoneContainer (OzoneContainer.java:startContainerScrub(250)) - Background container scanner has been disabled.
2022-02-08 13:52:27,718 [EndpointStateMachine task thread for /0.0.0.0:40099 - 0 ] INFO  replication.ReplicationServer (ReplicationServer.java:start(111)) - ReplicationServer is started using port 33213
2022-02-08 13:52:27,719 [EndpointStateMachine task thread for /0.0.0.0:40099 - 0 ] INFO  ratis.XceiverServerRatis (XceiverServerRatis.java:start(484)) - Starting XceiverServerRatis a5053940-3165-42e9-acd7-ef11441d188e
2022-02-08 13:52:27,724 [EndpointStateMachine task thread for /0.0.0.0:40099 - 0 ] INFO  server.RaftServer (RaftServerProxy.java:lambda$start$5(374)) - a5053940-3165-42e9-acd7-ef11441d188e: start RPC server
2022-02-08 13:52:27,725 [EndpointStateMachine task thread for /0.0.0.0:40099 - 0 ] INFO  server.GrpcService (GrpcService.java:startImpl(253)) - a5053940-3165-42e9-acd7-ef11441d188e: GrpcService started, listening on 35549
2022-02-08 13:52:27,726 [EndpointStateMachine task thread for /0.0.0.0:40099 - 0 ] INFO  ratis.XceiverServerRatis (XceiverServerRatis.java:getRealPort(505)) - XceiverServerRatis a5053940-3165-42e9-acd7-ef11441d188e is started using port 35549 for RATIS
2022-02-08 13:52:27,726 [EndpointStateMachine task thread for /0.0.0.0:40099 - 0 ] INFO  ratis.XceiverServerRatis (XceiverServerRatis.java:getRealPort(505)) - XceiverServerRatis a5053940-3165-42e9-acd7-ef11441d188e is started using port 35549 for RATIS_ADMIN
2022-02-08 13:52:27,726 [org.apache.ratis.util.JvmPauseMonitor$$Lambda$431/1827212229@166e640f] INFO  util.JvmPauseMonitor (JvmPauseMonitor.java:run(103)) - JvmPauseMonitor-a5053940-3165-42e9-acd7-ef11441d188e: Started
2022-02-08 13:52:27,726 [EndpointStateMachine task thread for /0.0.0.0:40099 - 0 ] INFO  ratis.XceiverServerRatis (XceiverServerRatis.java:getRealPort(505)) - XceiverServerRatis a5053940-3165-42e9-acd7-ef11441d188e is started using port 35549 for RATIS_SERVER
2022-02-08 13:52:27,728 [EndpointStateMachine task thread for /0.0.0.0:40099 - 0 ] INFO  server.XceiverServerGrpc (XceiverServerGrpc.java:start(180)) - XceiverServerGrpc a5053940-3165-42e9-acd7-ef11441d188e is started using port 33911
2022-02-08 13:52:27,765 [Listener at 127.0.0.1/36213] INFO  ozone.MiniOzoneClusterImpl (MiniOzoneClusterImpl.java:lambda$waitForClusterToBeReady$0(219)) - Waiting for nodes to be ready. Got 0 of 9 DN Heartbeats.
2022-02-08 13:52:27,765 [Listener at 127.0.0.1/36213] INFO  ozone.MiniOzoneClusterImpl (MiniOzoneClusterImpl.java:lambda$waitForClusterToBeReady$0(222)) - Waiting for cluster to exit safe mode
2022-02-08 13:52:27,765 [Listener at 127.0.0.1/36213] INFO  ozone.MiniOzoneClusterImpl (MiniOzoneClusterImpl.java:lambda$waitForClusterToBeReady$0(224)) - SCM became leader
2022-02-08 13:52:27,927 [EndpointStateMachine task thread for /0.0.0.0:40099 - 0 ] INFO  ozoneimpl.OzoneContainer (OzoneContainer.java:start(315)) - Attempting to start container services.
2022-02-08 13:52:27,927 [EndpointStateMachine task thread for /0.0.0.0:40099 - 0 ] INFO  ozoneimpl.OzoneContainer (OzoneContainer.java:startContainerScrub(250)) - Background container scanner has been disabled.
2022-02-08 13:52:27,929 [EndpointStateMachine task thread for /0.0.0.0:40099 - 0 ] INFO  replication.ReplicationServer (ReplicationServer.java:start(111)) - ReplicationServer is started using port 35127
2022-02-08 13:52:27,930 [EndpointStateMachine task thread for /0.0.0.0:40099 - 0 ] INFO  ratis.XceiverServerRatis (XceiverServerRatis.java:start(484)) - Starting XceiverServerRatis da611cd8-d6f8-40e9-9825-4d5039a9b9e1
2022-02-08 13:52:27,931 [EndpointStateMachine task thread for /0.0.0.0:40099 - 0 ] INFO  server.RaftServer (RaftServerProxy.java:lambda$start$5(374)) - da611cd8-d6f8-40e9-9825-4d5039a9b9e1: start RPC server
2022-02-08 13:52:27,932 [EndpointStateMachine task thread for /0.0.0.0:40099 - 0 ] INFO  server.GrpcService (GrpcService.java:startImpl(253)) - da611cd8-d6f8-40e9-9825-4d5039a9b9e1: GrpcService started, listening on 39351
2022-02-08 13:52:27,932 [EndpointStateMachine task thread for /0.0.0.0:40099 - 0 ] INFO  ratis.XceiverServerRatis (XceiverServerRatis.java:getRealPort(505)) - XceiverServerRatis da611cd8-d6f8-40e9-9825-4d5039a9b9e1 is started using port 39351 for RATIS
2022-02-08 13:52:27,932 [EndpointStateMachine task thread for /0.0.0.0:40099 - 0 ] INFO  ratis.XceiverServerRatis (XceiverServerRatis.java:getRealPort(505)) - XceiverServerRatis da611cd8-d6f8-40e9-9825-4d5039a9b9e1 is started using port 39351 for RATIS_ADMIN
2022-02-08 13:52:27,932 [EndpointStateMachine task thread for /0.0.0.0:40099 - 0 ] INFO  ratis.XceiverServerRatis (XceiverServerRatis.java:getRealPort(505)) - XceiverServerRatis da611cd8-d6f8-40e9-9825-4d5039a9b9e1 is started using port 39351 for RATIS_SERVER
2022-02-08 13:52:27,933 [org.apache.ratis.util.JvmPauseMonitor$$Lambda$431/1827212229@6b8cb917] INFO  util.JvmPauseMonitor (JvmPauseMonitor.java:run(103)) - JvmPauseMonitor-da611cd8-d6f8-40e9-9825-4d5039a9b9e1: Started
2022-02-08 13:52:27,940 [EndpointStateMachine task thread for /0.0.0.0:40099 - 0 ] INFO  server.XceiverServerGrpc (XceiverServerGrpc.java:start(180)) - XceiverServerGrpc da611cd8-d6f8-40e9-9825-4d5039a9b9e1 is started using port 43979
2022-02-08 13:52:28,199 [EndpointStateMachine task thread for /0.0.0.0:40099 - 0 ] INFO  ozoneimpl.OzoneContainer (OzoneContainer.java:start(315)) - Attempting to start container services.
2022-02-08 13:52:28,200 [EndpointStateMachine task thread for /0.0.0.0:40099 - 0 ] INFO  ozoneimpl.OzoneContainer (OzoneContainer.java:startContainerScrub(250)) - Background container scanner has been disabled.
2022-02-08 13:52:28,202 [EndpointStateMachine task thread for /0.0.0.0:40099 - 0 ] INFO  replication.ReplicationServer (ReplicationServer.java:start(111)) - ReplicationServer is started using port 34671
2022-02-08 13:52:28,203 [EndpointStateMachine task thread for /0.0.0.0:40099 - 0 ] INFO  ratis.XceiverServerRatis (XceiverServerRatis.java:start(484)) - Starting XceiverServerRatis f61a4b31-682a-41d1-a434-a20bd71c25fb
2022-02-08 13:52:28,203 [EndpointStateMachine task thread for /0.0.0.0:40099 - 0 ] INFO  server.RaftServer (RaftServerProxy.java:lambda$start$5(374)) - f61a4b31-682a-41d1-a434-a20bd71c25fb: start RPC server
2022-02-08 13:52:28,209 [EndpointStateMachine task thread for /0.0.0.0:40099 - 0 ] INFO  server.GrpcService (GrpcService.java:startImpl(253)) - f61a4b31-682a-41d1-a434-a20bd71c25fb: GrpcService started, listening on 43123
2022-02-08 13:52:28,209 [EndpointStateMachine task thread for /0.0.0.0:40099 - 0 ] INFO  ratis.XceiverServerRatis (XceiverServerRatis.java:getRealPort(505)) - XceiverServerRatis f61a4b31-682a-41d1-a434-a20bd71c25fb is started using port 43123 for RATIS
2022-02-08 13:52:28,209 [org.apache.ratis.util.JvmPauseMonitor$$Lambda$431/1827212229@3f0764b8] INFO  util.JvmPauseMonitor (JvmPauseMonitor.java:run(103)) - JvmPauseMonitor-f61a4b31-682a-41d1-a434-a20bd71c25fb: Started
2022-02-08 13:52:28,209 [EndpointStateMachine task thread for /0.0.0.0:40099 - 0 ] INFO  ratis.XceiverServerRatis (XceiverServerRatis.java:getRealPort(505)) - XceiverServerRatis f61a4b31-682a-41d1-a434-a20bd71c25fb is started using port 43123 for RATIS_ADMIN
2022-02-08 13:52:28,209 [EndpointStateMachine task thread for /0.0.0.0:40099 - 0 ] INFO  ratis.XceiverServerRatis (XceiverServerRatis.java:getRealPort(505)) - XceiverServerRatis f61a4b31-682a-41d1-a434-a20bd71c25fb is started using port 43123 for RATIS_SERVER
2022-02-08 13:52:28,213 [EndpointStateMachine task thread for /0.0.0.0:40099 - 0 ] INFO  server.XceiverServerGrpc (XceiverServerGrpc.java:start(180)) - XceiverServerGrpc f61a4b31-682a-41d1-a434-a20bd71c25fb is started using port 43787
2022-02-08 13:52:28,424 [EndpointStateMachine task thread for /0.0.0.0:40099 - 0 ] INFO  ozoneimpl.OzoneContainer (OzoneContainer.java:start(315)) - Attempting to start container services.
2022-02-08 13:52:28,427 [EndpointStateMachine task thread for /0.0.0.0:40099 - 0 ] INFO  ozoneimpl.OzoneContainer (OzoneContainer.java:startContainerScrub(250)) - Background container scanner has been disabled.
2022-02-08 13:52:28,436 [EndpointStateMachine task thread for /0.0.0.0:40099 - 0 ] INFO  replication.ReplicationServer (ReplicationServer.java:start(111)) - ReplicationServer is started using port 39911
2022-02-08 13:52:28,436 [EndpointStateMachine task thread for /0.0.0.0:40099 - 0 ] INFO  ratis.XceiverServerRatis (XceiverServerRatis.java:start(484)) - Starting XceiverServerRatis a7553d9d-67d8-423e-ad9b-7e30726581c7
2022-02-08 13:52:28,441 [EndpointStateMachine task thread for /0.0.0.0:40099 - 0 ] INFO  server.RaftServer (RaftServerProxy.java:lambda$start$5(374)) - a7553d9d-67d8-423e-ad9b-7e30726581c7: start RPC server
2022-02-08 13:52:28,445 [EndpointStateMachine task thread for /0.0.0.0:40099 - 0 ] INFO  server.GrpcService (GrpcService.java:startImpl(253)) - a7553d9d-67d8-423e-ad9b-7e30726581c7: GrpcService started, listening on 32871
2022-02-08 13:52:28,448 [EndpointStateMachine task thread for /0.0.0.0:40099 - 0 ] INFO  ratis.XceiverServerRatis (XceiverServerRatis.java:getRealPort(505)) - XceiverServerRatis a7553d9d-67d8-423e-ad9b-7e30726581c7 is started using port 32871 for RATIS
2022-02-08 13:52:28,449 [EndpointStateMachine task thread for /0.0.0.0:40099 - 0 ] INFO  ratis.XceiverServerRatis (XceiverServerRatis.java:getRealPort(505)) - XceiverServerRatis a7553d9d-67d8-423e-ad9b-7e30726581c7 is started using port 32871 for RATIS_ADMIN
2022-02-08 13:52:28,449 [EndpointStateMachine task thread for /0.0.0.0:40099 - 0 ] INFO  ratis.XceiverServerRatis (XceiverServerRatis.java:getRealPort(505)) - XceiverServerRatis a7553d9d-67d8-423e-ad9b-7e30726581c7 is started using port 32871 for RATIS_SERVER
2022-02-08 13:52:28,449 [org.apache.ratis.util.JvmPauseMonitor$$Lambda$431/1827212229@21b5e831] INFO  util.JvmPauseMonitor (JvmPauseMonitor.java:run(103)) - JvmPauseMonitor-a7553d9d-67d8-423e-ad9b-7e30726581c7: Started
2022-02-08 13:52:28,468 [EndpointStateMachine task thread for /0.0.0.0:40099 - 0 ] INFO  server.XceiverServerGrpc (XceiverServerGrpc.java:start(180)) - XceiverServerGrpc a7553d9d-67d8-423e-ad9b-7e30726581c7 is started using port 46847
2022-02-08 13:52:28,576 [EndpointStateMachine task thread for /0.0.0.0:40099 - 0 ] INFO  ozoneimpl.OzoneContainer (OzoneContainer.java:start(315)) - Attempting to start container services.
2022-02-08 13:52:28,577 [EndpointStateMachine task thread for /0.0.0.0:40099 - 0 ] INFO  ozoneimpl.OzoneContainer (OzoneContainer.java:startContainerScrub(250)) - Background container scanner has been disabled.
2022-02-08 13:52:28,580 [EndpointStateMachine task thread for /0.0.0.0:40099 - 0 ] INFO  replication.ReplicationServer (ReplicationServer.java:start(111)) - ReplicationServer is started using port 37231
2022-02-08 13:52:28,581 [EndpointStateMachine task thread for /0.0.0.0:40099 - 0 ] INFO  ratis.XceiverServerRatis (XceiverServerRatis.java:start(484)) - Starting XceiverServerRatis db4f20b8-0dce-4a7c-897b-5d9165b059cf
2022-02-08 13:52:28,582 [EndpointStateMachine task thread for /0.0.0.0:40099 - 0 ] INFO  server.RaftServer (RaftServerProxy.java:lambda$start$5(374)) - db4f20b8-0dce-4a7c-897b-5d9165b059cf: start RPC server
2022-02-08 13:52:28,586 [EndpointStateMachine task thread for /0.0.0.0:40099 - 0 ] INFO  server.GrpcService (GrpcService.java:startImpl(253)) - db4f20b8-0dce-4a7c-897b-5d9165b059cf: GrpcService started, listening on 43059
2022-02-08 13:52:28,587 [EndpointStateMachine task thread for /0.0.0.0:40099 - 0 ] INFO  ratis.XceiverServerRatis (XceiverServerRatis.java:getRealPort(505)) - XceiverServerRatis db4f20b8-0dce-4a7c-897b-5d9165b059cf is started using port 43059 for RATIS
2022-02-08 13:52:28,587 [org.apache.ratis.util.JvmPauseMonitor$$Lambda$431/1827212229@c74a0cb] INFO  util.JvmPauseMonitor (JvmPauseMonitor.java:run(103)) - JvmPauseMonitor-db4f20b8-0dce-4a7c-897b-5d9165b059cf: Started
2022-02-08 13:52:28,587 [EndpointStateMachine task thread for /0.0.0.0:40099 - 0 ] INFO  ratis.XceiverServerRatis (XceiverServerRatis.java:getRealPort(505)) - XceiverServerRatis db4f20b8-0dce-4a7c-897b-5d9165b059cf is started using port 43059 for RATIS_ADMIN
2022-02-08 13:52:28,587 [EndpointStateMachine task thread for /0.0.0.0:40099 - 0 ] INFO  ratis.XceiverServerRatis (XceiverServerRatis.java:getRealPort(505)) - XceiverServerRatis db4f20b8-0dce-4a7c-897b-5d9165b059cf is started using port 43059 for RATIS_SERVER
2022-02-08 13:52:28,589 [EndpointStateMachine task thread for /0.0.0.0:40099 - 0 ] INFO  server.XceiverServerGrpc (XceiverServerGrpc.java:start(180)) - XceiverServerGrpc db4f20b8-0dce-4a7c-897b-5d9165b059cf is started using port 36809
2022-02-08 13:52:28,765 [Listener at 127.0.0.1/36213] INFO  ozone.MiniOzoneClusterImpl (MiniOzoneClusterImpl.java:lambda$waitForClusterToBeReady$0(219)) - Waiting for nodes to be ready. Got 0 of 9 DN Heartbeats.
2022-02-08 13:52:28,766 [Listener at 127.0.0.1/36213] INFO  ozone.MiniOzoneClusterImpl (MiniOzoneClusterImpl.java:lambda$waitForClusterToBeReady$0(222)) - Waiting for cluster to exit safe mode
2022-02-08 13:52:28,766 [Listener at 127.0.0.1/36213] INFO  ozone.MiniOzoneClusterImpl (MiniOzoneClusterImpl.java:lambda$waitForClusterToBeReady$0(224)) - SCM became leader
2022-02-08 13:52:28,782 [EndpointStateMachine task thread for /0.0.0.0:40099 - 0 ] INFO  ozoneimpl.OzoneContainer (OzoneContainer.java:start(315)) - Attempting to start container services.
2022-02-08 13:52:28,782 [EndpointStateMachine task thread for /0.0.0.0:40099 - 0 ] INFO  ozoneimpl.OzoneContainer (OzoneContainer.java:startContainerScrub(250)) - Background container scanner has been disabled.
2022-02-08 13:52:28,785 [EndpointStateMachine task thread for /0.0.0.0:40099 - 0 ] INFO  replication.ReplicationServer (ReplicationServer.java:start(111)) - ReplicationServer is started using port 41637
2022-02-08 13:52:28,786 [EndpointStateMachine task thread for /0.0.0.0:40099 - 0 ] INFO  ratis.XceiverServerRatis (XceiverServerRatis.java:start(484)) - Starting XceiverServerRatis 5f9aa48b-2f61-4154-bb84-50a0aaf99a3b
2022-02-08 13:52:28,786 [EndpointStateMachine task thread for /0.0.0.0:40099 - 0 ] INFO  server.RaftServer (RaftServerProxy.java:lambda$start$5(374)) - 5f9aa48b-2f61-4154-bb84-50a0aaf99a3b: start RPC server
2022-02-08 13:52:28,788 [EndpointStateMachine task thread for /0.0.0.0:40099 - 0 ] INFO  server.GrpcService (GrpcService.java:startImpl(253)) - 5f9aa48b-2f61-4154-bb84-50a0aaf99a3b: GrpcService started, listening on 40765
2022-02-08 13:52:28,788 [EndpointStateMachine task thread for /0.0.0.0:40099 - 0 ] INFO  ratis.XceiverServerRatis (XceiverServerRatis.java:getRealPort(505)) - XceiverServerRatis 5f9aa48b-2f61-4154-bb84-50a0aaf99a3b is started using port 40765 for RATIS
2022-02-08 13:52:28,788 [EndpointStateMachine task thread for /0.0.0.0:40099 - 0 ] INFO  ratis.XceiverServerRatis (XceiverServerRatis.java:getRealPort(505)) - XceiverServerRatis 5f9aa48b-2f61-4154-bb84-50a0aaf99a3b is started using port 40765 for RATIS_ADMIN
2022-02-08 13:52:28,788 [org.apache.ratis.util.JvmPauseMonitor$$Lambda$431/1827212229@2497c803] INFO  util.JvmPauseMonitor (JvmPauseMonitor.java:run(103)) - JvmPauseMonitor-5f9aa48b-2f61-4154-bb84-50a0aaf99a3b: Started
2022-02-08 13:52:28,788 [EndpointStateMachine task thread for /0.0.0.0:40099 - 0 ] INFO  ratis.XceiverServerRatis (XceiverServerRatis.java:getRealPort(505)) - XceiverServerRatis 5f9aa48b-2f61-4154-bb84-50a0aaf99a3b is started using port 40765 for RATIS_SERVER
2022-02-08 13:52:28,791 [EndpointStateMachine task thread for /0.0.0.0:40099 - 0 ] INFO  server.XceiverServerGrpc (XceiverServerGrpc.java:start(180)) - XceiverServerGrpc 5f9aa48b-2f61-4154-bb84-50a0aaf99a3b is started using port 45425
2022-02-08 13:52:28,979 [IPC Server handler 16 on default port 40099] INFO  net.NetworkTopologyImpl (NetworkTopologyImpl.java:add(112)) - Added a new node: /default-rack/74cc591c-4d52-479e-aacc-08a66935e120
2022-02-08 13:52:28,981 [IPC Server handler 16 on default port 40099] INFO  node.SCMNodeManager (SCMNodeManager.java:register(389)) - Registered Data node : 74cc591c-4d52-479e-aacc-08a66935e120{ip: 10.1.0.34, host: fv-az148-480.bm4ck3pvxvsene1rjriu5fhcdb.bx.internal.cloudapp.net, ports: [REPLICATION=41959, RATIS=33121, RATIS_ADMIN=33121, RATIS_SERVER=33121, STANDALONE=46775], networkLocation: /default-rack, certSerialId: null, persistedOpState: null, persistedOpStateExpiryEpochSec: 0}
2022-02-08 13:52:28,984 [EventQueue-NewNodeForNewNodeHandler] INFO  pipeline.BackgroundPipelineCreator (BackgroundPipelineCreator.java:notifyEventTriggered(285)) - trigger a one-shot run on RatisPipelineUtilsThread.
2022-02-08 13:52:28,991 [EventQueue-NodeRegistrationContainerReportForDataNodeSafeModeRule] INFO  safemode.SCMSafeModeManager (DataNodeSafeModeRule.java:process(71)) - SCM in safe mode. 1 DataNodes registered, 3 required.
2022-02-08 13:52:28,997 [RatisPipelineUtilsThread - 0] INFO  pipeline.RatisPipelineProvider (RatisPipelineProvider.java:lambda$create$0(183)) - Sending CreatePipelineCommand for pipeline:PipelineID=fade1a64-d0d1-4281-9e9b-3c477149a74c to datanode:74cc591c-4d52-479e-aacc-08a66935e120
2022-02-08 13:52:28,998 [EventQueue-NodeRegistrationContainerReportForContainerSafeModeRule] INFO  safemode.SCMSafeModeManager (SCMSafeModeManager.java:validateSafeModeExitRules(204)) - ContainerSafeModeRule rule is successfully validated
2022-02-08 13:52:29,005 [EventQueue-PipelineReportForOneReplicaPipelineSafeModeRule] INFO  safemode.SCMSafeModeManager (SCMSafeModeManager.java:validateSafeModeExitRules(204)) - AtleastOneDatanodeReportedRule rule is successfully validated
2022-02-08 13:52:29,100 [8e830768-0c32-4272-9818-b92ae3ba757d@group-82FB29945A00-StateMachineUpdater] INFO  pipeline.PipelineStateManagerImpl (PipelineStateManagerImpl.java:addPipeline(101)) - Created pipeline Pipeline[ Id: fade1a64-d0d1-4281-9e9b-3c477149a74c, Nodes: 74cc591c-4d52-479e-aacc-08a66935e120{ip: 10.1.0.34, host: fv-az148-480.bm4ck3pvxvsene1rjriu5fhcdb.bx.internal.cloudapp.net, ports: [REPLICATION=41959, RATIS=33121, RATIS_ADMIN=33121, RATIS_SERVER=33121, STANDALONE=46775], networkLocation: /default-rack, certSerialId: null, persistedOpState: IN_SERVICE, persistedOpStateExpiryEpochSec: 0}, ReplicationConfig: RATIS/ONE, State:ALLOCATED, leaderId:, CreationTimestamp2022-02-08T13:52:28.994Z[Etc/UTC]].
2022-02-08 13:52:29,105 [8e830768-0c32-4272-9818-b92ae3ba757d@group-82FB29945A00-StateMachineUpdater] INFO  safemode.HealthyPipelineSafeModeRule (HealthyPipelineSafeModeRule.java:initializeRule(152)) - Refreshed total pipeline count is 0, healthy pipeline threshold count is 1
2022-02-08 13:52:29,278 [IPC Server handler 14 on default port 40099] INFO  net.NetworkTopologyImpl (NetworkTopologyImpl.java:add(112)) - Added a new node: /default-rack/0fed3ba6-79cb-4518-b48b-c28a0e29dbfb
2022-02-08 13:52:29,280 [IPC Server handler 14 on default port 40099] INFO  node.SCMNodeManager (SCMNodeManager.java:register(389)) - Registered Data node : 0fed3ba6-79cb-4518-b48b-c28a0e29dbfb{ip: 10.1.0.34, host: fv-az148-480.bm4ck3pvxvsene1rjriu5fhcdb.bx.internal.cloudapp.net, ports: [REPLICATION=45891, RATIS=40047, RATIS_ADMIN=40047, RATIS_SERVER=40047, STANDALONE=39945], networkLocation: /default-rack, certSerialId: null, persistedOpState: null, persistedOpStateExpiryEpochSec: 0}
2022-02-08 13:52:29,280 [EventQueue-NewNodeForNewNodeHandler] INFO  pipeline.BackgroundPipelineCreator (BackgroundPipelineCreator.java:notifyEventTriggered(285)) - trigger a one-shot run on RatisPipelineUtilsThread.
2022-02-08 13:52:29,281 [EventQueue-NodeRegistrationContainerReportForDataNodeSafeModeRule] INFO  safemode.SCMSafeModeManager (DataNodeSafeModeRule.java:process(71)) - SCM in safe mode. 2 DataNodes registered, 3 required.
2022-02-08 13:52:29,282 [RatisPipelineUtilsThread - 0] INFO  pipeline.RatisPipelineProvider (RatisPipelineProvider.java:lambda$create$0(183)) - Sending CreatePipelineCommand for pipeline:PipelineID=0c21a561-7bc0-4bfd-a90c-80ab70c4b0e4 to datanode:0fed3ba6-79cb-4518-b48b-c28a0e29dbfb
2022-02-08 13:52:29,285 [8e830768-0c32-4272-9818-b92ae3ba757d@group-82FB29945A00-StateMachineUpdater] INFO  pipeline.PipelineStateManagerImpl (PipelineStateManagerImpl.java:addPipeline(101)) - Created pipeline Pipeline[ Id: 0c21a561-7bc0-4bfd-a90c-80ab70c4b0e4, Nodes: 0fed3ba6-79cb-4518-b48b-c28a0e29dbfb{ip: 10.1.0.34, host: fv-az148-480.bm4ck3pvxvsene1rjriu5fhcdb.bx.internal.cloudapp.net, ports: [REPLICATION=45891, RATIS=40047, RATIS_ADMIN=40047, RATIS_SERVER=40047, STANDALONE=39945], networkLocation: /default-rack, certSerialId: null, persistedOpState: IN_SERVICE, persistedOpStateExpiryEpochSec: 0}, ReplicationConfig: RATIS/ONE, State:ALLOCATED, leaderId:, CreationTimestamp2022-02-08T13:52:29.282Z[Etc/UTC]].
2022-02-08 13:52:29,285 [8e830768-0c32-4272-9818-b92ae3ba757d@group-82FB29945A00-StateMachineUpdater] INFO  safemode.HealthyPipelineSafeModeRule (HealthyPipelineSafeModeRule.java:initializeRule(152)) - Refreshed total pipeline count is 0, healthy pipeline threshold count is 1
2022-02-08 13:52:29,517 [IPC Server handler 0 on default port 40099] INFO  net.NetworkTopologyImpl (NetworkTopologyImpl.java:add(112)) - Added a new node: /default-rack/915ea2a1-2b04-4a8b-905a-cfef4591970c
2022-02-08 13:52:29,519 [IPC Server handler 0 on default port 40099] INFO  node.SCMNodeManager (SCMNodeManager.java:register(389)) - Registered Data node : 915ea2a1-2b04-4a8b-905a-cfef4591970c{ip: 10.1.0.34, host: fv-az148-480.bm4ck3pvxvsene1rjriu5fhcdb.bx.internal.cloudapp.net, ports: [REPLICATION=46009, RATIS=35197, RATIS_ADMIN=35197, RATIS_SERVER=35197, STANDALONE=36031], networkLocation: /default-rack, certSerialId: null, persistedOpState: null, persistedOpStateExpiryEpochSec: 0}
2022-02-08 13:52:29,520 [EventQueue-NewNodeForNewNodeHandler] INFO  pipeline.BackgroundPipelineCreator (BackgroundPipelineCreator.java:notifyEventTriggered(285)) - trigger a one-shot run on RatisPipelineUtilsThread.
2022-02-08 13:52:29,521 [RatisPipelineUtilsThread - 0] INFO  pipeline.RatisPipelineProvider (RatisPipelineProvider.java:lambda$create$0(183)) - Sending CreatePipelineCommand for pipeline:PipelineID=98e7b338-9c64-484b-bec3-281919e82a1e to datanode:915ea2a1-2b04-4a8b-905a-cfef4591970c
2022-02-08 13:52:29,524 [8e830768-0c32-4272-9818-b92ae3ba757d@group-82FB29945A00-StateMachineUpdater] INFO  pipeline.PipelineStateManagerImpl (PipelineStateManagerImpl.java:addPipeline(101)) - Created pipeline Pipeline[ Id: 98e7b338-9c64-484b-bec3-281919e82a1e, Nodes: 915ea2a1-2b04-4a8b-905a-cfef4591970c{ip: 10.1.0.34, host: fv-az148-480.bm4ck3pvxvsene1rjriu5fhcdb.bx.internal.cloudapp.net, ports: [REPLICATION=46009, RATIS=35197, RATIS_ADMIN=35197, RATIS_SERVER=35197, STANDALONE=36031], networkLocation: /default-rack, certSerialId: null, persistedOpState: IN_SERVICE, persistedOpStateExpiryEpochSec: 0}, ReplicationConfig: RATIS/ONE, State:ALLOCATED, leaderId:, CreationTimestamp2022-02-08T13:52:29.521Z[Etc/UTC]].
2022-02-08 13:52:29,525 [8e830768-0c32-4272-9818-b92ae3ba757d@group-82FB29945A00-StateMachineUpdater] INFO  safemode.HealthyPipelineSafeModeRule (HealthyPipelineSafeModeRule.java:initializeRule(152)) - Refreshed total pipeline count is 0, healthy pipeline threshold count is 1
2022-02-08 13:52:29,525 [EventQueue-NodeRegistrationContainerReportForDataNodeSafeModeRule] INFO  safemode.SCMSafeModeManager (DataNodeSafeModeRule.java:process(71)) - SCM in safe mode. 3 DataNodes registered, 3 required.
2022-02-08 13:52:29,526 [EventQueue-NodeRegistrationContainerReportForDataNodeSafeModeRule] INFO  safemode.SCMSafeModeManager (SCMSafeModeManager.java:validateSafeModeExitRules(204)) - DataNodeSafeModeRule rule is successfully validated
2022-02-08 13:52:29,526 [EventQueue-NodeRegistrationContainerReportForDataNodeSafeModeRule] INFO  safemode.SCMSafeModeManager (SCMSafeModeManager.java:completePreCheck(233)) - All SCM safe mode pre check rules have passed
2022-02-08 13:52:29,526 [EventQueue-NodeRegistrationContainerReportForDataNodeSafeModeRule] WARN  events.EventQueue (EventQueue.java:fireEvent(194)) - No event handler registered for event TypedEvent{payloadType=SafeModeStatus, name='Safe mode status'}
2022-02-08 13:52:29,526 [EventQueue-NodeRegistrationContainerReportForDataNodeSafeModeRule] INFO  ha.SCMContext (SCMContext.java:updateSafeModeStatus(211)) - Update SafeModeStatus from SafeModeStatus{safeModeStatus=true, preCheckPassed=false} to SafeModeStatus{safeModeStatus=true, preCheckPassed=true}.
2022-02-08 13:52:29,526 [EventQueue-NodeRegistrationContainerReportForDataNodeSafeModeRule] INFO  pipeline.BackgroundPipelineCreator (BackgroundPipelineCreator.java:notifyEventTriggered(285)) - trigger a one-shot run on RatisPipelineUtilsThread.
2022-02-08 13:52:29,529 [RatisPipelineUtilsThread - 0] INFO  pipeline.RatisPipelineProvider (RatisPipelineProvider.java:lambda$create$0(183)) - Sending CreatePipelineCommand for pipeline:PipelineID=60fdb779-c7c1-4438-b616-25469f3653d4 to datanode:915ea2a1-2b04-4a8b-905a-cfef4591970c
2022-02-08 13:52:29,529 [RatisPipelineUtilsThread - 0] INFO  pipeline.RatisPipelineProvider (RatisPipelineProvider.java:lambda$create$0(183)) - Sending CreatePipelineCommand for pipeline:PipelineID=60fdb779-c7c1-4438-b616-25469f3653d4 to datanode:0fed3ba6-79cb-4518-b48b-c28a0e29dbfb
2022-02-08 13:52:29,529 [RatisPipelineUtilsThread - 0] INFO  pipeline.RatisPipelineProvider (RatisPipelineProvider.java:lambda$create$0(183)) - Sending CreatePipelineCommand for pipeline:PipelineID=60fdb779-c7c1-4438-b616-25469f3653d4 to datanode:74cc591c-4d52-479e-aacc-08a66935e120
2022-02-08 13:52:29,532 [8e830768-0c32-4272-9818-b92ae3ba757d@group-82FB29945A00-StateMachineUpdater] INFO  pipeline.PipelineStateManagerImpl (PipelineStateManagerImpl.java:addPipeline(101)) - Created pipeline Pipeline[ Id: 60fdb779-c7c1-4438-b616-25469f3653d4, Nodes: 915ea2a1-2b04-4a8b-905a-cfef4591970c{ip: 10.1.0.34, host: fv-az148-480.bm4ck3pvxvsene1rjriu5fhcdb.bx.internal.cloudapp.net, ports: [REPLICATION=46009, RATIS=35197, RATIS_ADMIN=35197, RATIS_SERVER=35197, STANDALONE=36031], networkLocation: /default-rack, certSerialId: null, persistedOpState: IN_SERVICE, persistedOpStateExpiryEpochSec: 0}0fed3ba6-79cb-4518-b48b-c28a0e29dbfb{ip: 10.1.0.34, host: fv-az148-480.bm4ck3pvxvsene1rjriu5fhcdb.bx.internal.cloudapp.net, ports: [REPLICATION=45891, RATIS=40047, RATIS_ADMIN=40047, RATIS_SERVER=40047, STANDALONE=39945], networkLocation: /default-rack, certSerialId: null, persistedOpState: IN_SERVICE, persistedOpStateExpiryEpochSec: 0}74cc591c-4d52-479e-aacc-08a66935e120{ip: 10.1.0.34, host: fv-az148-480.bm4ck3pvxvsene1rjriu5fhcdb.bx.internal.cloudapp.net, ports: [REPLICATION=41959, RATIS=33121, RATIS_ADMIN=33121, RATIS_SERVER=33121, STANDALONE=46775], networkLocation: /default-rack, certSerialId: null, persistedOpState: IN_SERVICE, persistedOpStateExpiryEpochSec: 0}, ReplicationConfig: RATIS/THREE, State:ALLOCATED, leaderId:, CreationTimestamp2022-02-08T13:52:29.529Z[Etc/UTC]].
2022-02-08 13:52:29,532 [8e830768-0c32-4272-9818-b92ae3ba757d@group-82FB29945A00-StateMachineUpdater] INFO  safemode.HealthyPipelineSafeModeRule (HealthyPipelineSafeModeRule.java:initializeRule(152)) - Refreshed total pipeline count is 0, healthy pipeline threshold count is 1
2022-02-08 13:52:29,715 [IPC Server handler 17 on default port 40099] INFO  net.NetworkTopologyImpl (NetworkTopologyImpl.java:add(112)) - Added a new node: /default-rack/a5053940-3165-42e9-acd7-ef11441d188e
2022-02-08 13:52:29,716 [IPC Server handler 17 on default port 40099] INFO  node.SCMNodeManager (SCMNodeManager.java:register(389)) - Registered Data node : a5053940-3165-42e9-acd7-ef11441d188e{ip: 10.1.0.34, host: fv-az148-480.bm4ck3pvxvsene1rjriu5fhcdb.bx.internal.cloudapp.net, ports: [REPLICATION=33213, RATIS=35549, RATIS_ADMIN=35549, RATIS_SERVER=35549, STANDALONE=33911], networkLocation: /default-rack, certSerialId: null, persistedOpState: null, persistedOpStateExpiryEpochSec: 0}
2022-02-08 13:52:29,716 [EventQueue-NewNodeForNewNodeHandler] INFO  pipeline.BackgroundPipelineCreator (BackgroundPipelineCreator.java:notifyEventTriggered(285)) - trigger a one-shot run on RatisPipelineUtilsThread.
2022-02-08 13:52:29,717 [RatisPipelineUtilsThread - 0] INFO  pipeline.RatisPipelineProvider (RatisPipelineProvider.java:lambda$create$0(183)) - Sending CreatePipelineCommand for pipeline:PipelineID=2ef527be-fa2f-4c23-b658-58eb8389fc4f to datanode:a5053940-3165-42e9-acd7-ef11441d188e
2022-02-08 13:52:29,723 [8e830768-0c32-4272-9818-b92ae3ba757d@group-82FB29945A00-StateMachineUpdater] INFO  pipeline.PipelineStateManagerImpl (PipelineStateManagerImpl.java:addPipeline(101)) - Created pipeline Pipeline[ Id: 2ef527be-fa2f-4c23-b658-58eb8389fc4f, Nodes: a5053940-3165-42e9-acd7-ef11441d188e{ip: 10.1.0.34, host: fv-az148-480.bm4ck3pvxvsene1rjriu5fhcdb.bx.internal.cloudapp.net, ports: [REPLICATION=33213, RATIS=35549, RATIS_ADMIN=35549, RATIS_SERVER=35549, STANDALONE=33911], networkLocation: /default-rack, certSerialId: null, persistedOpState: IN_SERVICE, persistedOpStateExpiryEpochSec: 0}, ReplicationConfig: RATIS/ONE, State:ALLOCATED, leaderId:, CreationTimestamp2022-02-08T13:52:29.717Z[Etc/UTC]].
2022-02-08 13:52:29,723 [8e830768-0c32-4272-9818-b92ae3ba757d@group-82FB29945A00-StateMachineUpdater] INFO  safemode.HealthyPipelineSafeModeRule (HealthyPipelineSafeModeRule.java:initializeRule(152)) - Refreshed total pipeline count is 0, healthy pipeline threshold count is 1
2022-02-08 13:52:29,766 [Listener at 127.0.0.1/36213] INFO  ozone.MiniOzoneClusterImpl (MiniOzoneClusterImpl.java:lambda$waitForClusterToBeReady$0(219)) - Waiting for nodes to be ready. Got 4 of 9 DN Heartbeats.
2022-02-08 13:52:29,768 [Listener at 127.0.0.1/36213] INFO  ozone.MiniOzoneClusterImpl (MiniOzoneClusterImpl.java:lambda$waitForClusterToBeReady$0(222)) - Waiting for cluster to exit safe mode
2022-02-08 13:52:29,768 [Listener at 127.0.0.1/36213] INFO  ozone.MiniOzoneClusterImpl (MiniOzoneClusterImpl.java:lambda$waitForClusterToBeReady$0(224)) - SCM became leader
2022-02-08 13:52:29,925 [IPC Server handler 16 on default port 40099] INFO  net.NetworkTopologyImpl (NetworkTopologyImpl.java:add(112)) - Added a new node: /default-rack/da611cd8-d6f8-40e9-9825-4d5039a9b9e1
2022-02-08 13:52:29,926 [IPC Server handler 16 on default port 40099] INFO  node.SCMNodeManager (SCMNodeManager.java:register(389)) - Registered Data node : da611cd8-d6f8-40e9-9825-4d5039a9b9e1{ip: 10.1.0.34, host: fv-az148-480.bm4ck3pvxvsene1rjriu5fhcdb.bx.internal.cloudapp.net, ports: [REPLICATION=35127, RATIS=39351, RATIS_ADMIN=39351, RATIS_SERVER=39351, STANDALONE=43979], networkLocation: /default-rack, certSerialId: null, persistedOpState: null, persistedOpStateExpiryEpochSec: 0}
2022-02-08 13:52:29,926 [EventQueue-NewNodeForNewNodeHandler] INFO  pipeline.BackgroundPipelineCreator (BackgroundPipelineCreator.java:notifyEventTriggered(285)) - trigger a one-shot run on RatisPipelineUtilsThread.
2022-02-08 13:52:29,927 [RatisPipelineUtilsThread - 0] INFO  pipeline.RatisPipelineProvider (RatisPipelineProvider.java:lambda$create$0(183)) - Sending CreatePipelineCommand for pipeline:PipelineID=2dd21e55-0995-494b-87e3-05807f1afb9a to datanode:da611cd8-d6f8-40e9-9825-4d5039a9b9e1
2022-02-08 13:52:29,930 [8e830768-0c32-4272-9818-b92ae3ba757d@group-82FB29945A00-StateMachineUpdater] INFO  pipeline.PipelineStateManagerImpl (PipelineStateManagerImpl.java:addPipeline(101)) - Created pipeline Pipeline[ Id: 2dd21e55-0995-494b-87e3-05807f1afb9a, Nodes: da611cd8-d6f8-40e9-9825-4d5039a9b9e1{ip: 10.1.0.34, host: fv-az148-480.bm4ck3pvxvsene1rjriu5fhcdb.bx.internal.cloudapp.net, ports: [REPLICATION=35127, RATIS=39351, RATIS_ADMIN=39351, RATIS_SERVER=39351, STANDALONE=43979], networkLocation: /default-rack, certSerialId: null, persistedOpState: IN_SERVICE, persistedOpStateExpiryEpochSec: 0}, ReplicationConfig: RATIS/ONE, State:ALLOCATED, leaderId:, CreationTimestamp2022-02-08T13:52:29.927Z[Etc/UTC]].
2022-02-08 13:52:29,930 [8e830768-0c32-4272-9818-b92ae3ba757d@group-82FB29945A00-StateMachineUpdater] INFO  safemode.HealthyPipelineSafeModeRule (HealthyPipelineSafeModeRule.java:initializeRule(152)) - Refreshed total pipeline count is 0, healthy pipeline threshold count is 1
2022-02-08 13:52:30,198 [IPC Server handler 14 on default port 40099] INFO  net.NetworkTopologyImpl (NetworkTopologyImpl.java:add(112)) - Added a new node: /default-rack/f61a4b31-682a-41d1-a434-a20bd71c25fb
2022-02-08 13:52:30,199 [IPC Server handler 14 on default port 40099] INFO  node.SCMNodeManager (SCMNodeManager.java:register(389)) - Registered Data node : f61a4b31-682a-41d1-a434-a20bd71c25fb{ip: 10.1.0.34, host: fv-az148-480.bm4ck3pvxvsene1rjriu5fhcdb.bx.internal.cloudapp.net, ports: [REPLICATION=34671, RATIS=43123, RATIS_ADMIN=43123, RATIS_SERVER=43123, STANDALONE=43787], networkLocation: /default-rack, certSerialId: null, persistedOpState: null, persistedOpStateExpiryEpochSec: 0}
2022-02-08 13:52:30,200 [EventQueue-NewNodeForNewNodeHandler] INFO  pipeline.BackgroundPipelineCreator (BackgroundPipelineCreator.java:notifyEventTriggered(285)) - trigger a one-shot run on RatisPipelineUtilsThread.
2022-02-08 13:52:30,201 [RatisPipelineUtilsThread - 0] INFO  pipeline.RatisPipelineProvider (RatisPipelineProvider.java:lambda$create$0(183)) - Sending CreatePipelineCommand for pipeline:PipelineID=76856bf5-1ed6-4d95-ad34-3efc0426b04c to datanode:f61a4b31-682a-41d1-a434-a20bd71c25fb
2022-02-08 13:52:30,204 [8e830768-0c32-4272-9818-b92ae3ba757d@group-82FB29945A00-StateMachineUpdater] INFO  pipeline.PipelineStateManagerImpl (PipelineStateManagerImpl.java:addPipeline(101)) - Created pipeline Pipeline[ Id: 76856bf5-1ed6-4d95-ad34-3efc0426b04c, Nodes: f61a4b31-682a-41d1-a434-a20bd71c25fb{ip: 10.1.0.34, host: fv-az148-480.bm4ck3pvxvsene1rjriu5fhcdb.bx.internal.cloudapp.net, ports: [REPLICATION=34671, RATIS=43123, RATIS_ADMIN=43123, RATIS_SERVER=43123, STANDALONE=43787], networkLocation: /default-rack, certSerialId: null, persistedOpState: IN_SERVICE, persistedOpStateExpiryEpochSec: 0}, ReplicationConfig: RATIS/ONE, State:ALLOCATED, leaderId:, CreationTimestamp2022-02-08T13:52:30.201Z[Etc/UTC]].
2022-02-08 13:52:30,204 [8e830768-0c32-4272-9818-b92ae3ba757d@group-82FB29945A00-StateMachineUpdater] INFO  safemode.HealthyPipelineSafeModeRule (HealthyPipelineSafeModeRule.java:initializeRule(152)) - Refreshed total pipeline count is 0, healthy pipeline threshold count is 1
2022-02-08 13:52:30,205 [RatisPipelineUtilsThread - 0] INFO  pipeline.RatisPipelineProvider (RatisPipelineProvider.java:lambda$create$0(183)) - Sending CreatePipelineCommand for pipeline:PipelineID=5b69d1c0-01d2-451e-b624-99362a9385e5 to datanode:da611cd8-d6f8-40e9-9825-4d5039a9b9e1
2022-02-08 13:52:30,206 [RatisPipelineUtilsThread - 0] INFO  pipeline.RatisPipelineProvider (RatisPipelineProvider.java:lambda$create$0(183)) - Sending CreatePipelineCommand for pipeline:PipelineID=5b69d1c0-01d2-451e-b624-99362a9385e5 to datanode:a5053940-3165-42e9-acd7-ef11441d188e
2022-02-08 13:52:30,206 [RatisPipelineUtilsThread - 0] INFO  pipeline.RatisPipelineProvider (RatisPipelineProvider.java:lambda$create$0(183)) - Sending CreatePipelineCommand for pipeline:PipelineID=5b69d1c0-01d2-451e-b624-99362a9385e5 to datanode:f61a4b31-682a-41d1-a434-a20bd71c25fb
2022-02-08 13:52:30,209 [8e830768-0c32-4272-9818-b92ae3ba757d@group-82FB29945A00-StateMachineUpdater] INFO  pipeline.PipelineStateManagerImpl (PipelineStateManagerImpl.java:addPipeline(101)) - Created pipeline Pipeline[ Id: 5b69d1c0-01d2-451e-b624-99362a9385e5, Nodes: da611cd8-d6f8-40e9-9825-4d5039a9b9e1{ip: 10.1.0.34, host: fv-az148-480.bm4ck3pvxvsene1rjriu5fhcdb.bx.internal.cloudapp.net, ports: [REPLICATION=35127, RATIS=39351, RATIS_ADMIN=39351, RATIS_SERVER=39351, STANDALONE=43979], networkLocation: /default-rack, certSerialId: null, persistedOpState: IN_SERVICE, persistedOpStateExpiryEpochSec: 0}a5053940-3165-42e9-acd7-ef11441d188e{ip: 10.1.0.34, host: fv-az148-480.bm4ck3pvxvsene1rjriu5fhcdb.bx.internal.cloudapp.net, ports: [REPLICATION=33213, RATIS=35549, RATIS_ADMIN=35549, RATIS_SERVER=35549, STANDALONE=33911], networkLocation: /default-rack, certSerialId: null, persistedOpState: IN_SERVICE, persistedOpStateExpiryEpochSec: 0}f61a4b31-682a-41d1-a434-a20bd71c25fb{ip: 10.1.0.34, host: fv-az148-480.bm4ck3pvxvsene1rjriu5fhcdb.bx.internal.cloudapp.net, ports: [REPLICATION=34671, RATIS=43123, RATIS_ADMIN=43123, RATIS_SERVER=43123, STANDALONE=43787], networkLocation: /default-rack, certSerialId: null, persistedOpState: IN_SERVICE, persistedOpStateExpiryEpochSec: 0}, ReplicationConfig: RATIS/THREE, State:ALLOCATED, leaderId:, CreationTimestamp2022-02-08T13:52:30.205Z[Etc/UTC]].
2022-02-08 13:52:30,209 [8e830768-0c32-4272-9818-b92ae3ba757d@group-82FB29945A00-StateMachineUpdater] INFO  safemode.HealthyPipelineSafeModeRule (HealthyPipelineSafeModeRule.java:initializeRule(152)) - Refreshed total pipeline count is 0, healthy pipeline threshold count is 1
2022-02-08 13:52:30,403 [IPC Server handler 13 on default port 40099] INFO  net.NetworkTopologyImpl (NetworkTopologyImpl.java:add(112)) - Added a new node: /default-rack/a7553d9d-67d8-423e-ad9b-7e30726581c7
2022-02-08 13:52:30,404 [IPC Server handler 13 on default port 40099] INFO  node.SCMNodeManager (SCMNodeManager.java:register(389)) - Registered Data node : a7553d9d-67d8-423e-ad9b-7e30726581c7{ip: 10.1.0.34, host: fv-az148-480.bm4ck3pvxvsene1rjriu5fhcdb.bx.internal.cloudapp.net, ports: [REPLICATION=39911, RATIS=32871, RATIS_ADMIN=32871, RATIS_SERVER=32871, STANDALONE=46847], networkLocation: /default-rack, certSerialId: null, persistedOpState: null, persistedOpStateExpiryEpochSec: 0}
2022-02-08 13:52:30,404 [EventQueue-NewNodeForNewNodeHandler] INFO  pipeline.BackgroundPipelineCreator (BackgroundPipelineCreator.java:notifyEventTriggered(285)) - trigger a one-shot run on RatisPipelineUtilsThread.
2022-02-08 13:52:30,405 [RatisPipelineUtilsThread - 0] INFO  pipeline.RatisPipelineProvider (RatisPipelineProvider.java:lambda$create$0(183)) - Sending CreatePipelineCommand for pipeline:PipelineID=a490a9aa-9c69-42eb-a390-5ddb25827537 to datanode:a7553d9d-67d8-423e-ad9b-7e30726581c7
2022-02-08 13:52:30,408 [8e830768-0c32-4272-9818-b92ae3ba757d@group-82FB29945A00-StateMachineUpdater] INFO  pipeline.PipelineStateManagerImpl (PipelineStateManagerImpl.java:addPipeline(101)) - Created pipeline Pipeline[ Id: a490a9aa-9c69-42eb-a390-5ddb25827537, Nodes: a7553d9d-67d8-423e-ad9b-7e30726581c7{ip: 10.1.0.34, host: fv-az148-480.bm4ck3pvxvsene1rjriu5fhcdb.bx.internal.cloudapp.net, ports: [REPLICATION=39911, RATIS=32871, RATIS_ADMIN=32871, RATIS_SERVER=32871, STANDALONE=46847], networkLocation: /default-rack, certSerialId: null, persistedOpState: IN_SERVICE, persistedOpStateExpiryEpochSec: 0}, ReplicationConfig: RATIS/ONE, State:ALLOCATED, leaderId:, CreationTimestamp2022-02-08T13:52:30.405Z[Etc/UTC]].
2022-02-08 13:52:30,408 [8e830768-0c32-4272-9818-b92ae3ba757d@group-82FB29945A00-StateMachineUpdater] INFO  safemode.HealthyPipelineSafeModeRule (HealthyPipelineSafeModeRule.java:initializeRule(152)) - Refreshed total pipeline count is 0, healthy pipeline threshold count is 1
2022-02-08 13:52:30,578 [IPC Server handler 17 on default port 40099] INFO  net.NetworkTopologyImpl (NetworkTopologyImpl.java:add(112)) - Added a new node: /default-rack/db4f20b8-0dce-4a7c-897b-5d9165b059cf
2022-02-08 13:52:30,580 [IPC Server handler 17 on default port 40099] INFO  node.SCMNodeManager (SCMNodeManager.java:register(389)) - Registered Data node : db4f20b8-0dce-4a7c-897b-5d9165b059cf{ip: 10.1.0.34, host: fv-az148-480.bm4ck3pvxvsene1rjriu5fhcdb.bx.internal.cloudapp.net, ports: [REPLICATION=37231, RATIS=43059, RATIS_ADMIN=43059, RATIS_SERVER=43059, STANDALONE=36809], networkLocation: /default-rack, certSerialId: null, persistedOpState: null, persistedOpStateExpiryEpochSec: 0}
2022-02-08 13:52:30,580 [EventQueue-NewNodeForNewNodeHandler] INFO  pipeline.BackgroundPipelineCreator (BackgroundPipelineCreator.java:notifyEventTriggered(285)) - trigger a one-shot run on RatisPipelineUtilsThread.
2022-02-08 13:52:30,580 [RatisPipelineUtilsThread - 0] INFO  pipeline.RatisPipelineProvider (RatisPipelineProvider.java:lambda$create$0(183)) - Sending CreatePipelineCommand for pipeline:PipelineID=8121bfcd-f61c-40ed-971b-f95e9b378b5a to datanode:db4f20b8-0dce-4a7c-897b-5d9165b059cf
2022-02-08 13:52:30,583 [8e830768-0c32-4272-9818-b92ae3ba757d@group-82FB29945A00-StateMachineUpdater] INFO  pipeline.PipelineStateManagerImpl (PipelineStateManagerImpl.java:addPipeline(101)) - Created pipeline Pipeline[ Id: 8121bfcd-f61c-40ed-971b-f95e9b378b5a, Nodes: db4f20b8-0dce-4a7c-897b-5d9165b059cf{ip: 10.1.0.34, host: fv-az148-480.bm4ck3pvxvsene1rjriu5fhcdb.bx.internal.cloudapp.net, ports: [REPLICATION=37231, RATIS=43059, RATIS_ADMIN=43059, RATIS_SERVER=43059, STANDALONE=36809], networkLocation: /default-rack, certSerialId: null, persistedOpState: IN_SERVICE, persistedOpStateExpiryEpochSec: 0}, ReplicationConfig: RATIS/ONE, State:ALLOCATED, leaderId:, CreationTimestamp2022-02-08T13:52:30.580Z[Etc/UTC]].
2022-02-08 13:52:30,583 [8e830768-0c32-4272-9818-b92ae3ba757d@group-82FB29945A00-StateMachineUpdater] INFO  safemode.HealthyPipelineSafeModeRule (HealthyPipelineSafeModeRule.java:initializeRule(152)) - Refreshed total pipeline count is 0, healthy pipeline threshold count is 1
2022-02-08 13:52:30,768 [Listener at 127.0.0.1/36213] INFO  ozone.MiniOzoneClusterImpl (MiniOzoneClusterImpl.java:lambda$waitForClusterToBeReady$0(219)) - Waiting for nodes to be ready. Got 8 of 9 DN Heartbeats.
2022-02-08 13:52:30,770 [Listener at 127.0.0.1/36213] INFO  ozone.MiniOzoneClusterImpl (MiniOzoneClusterImpl.java:lambda$waitForClusterToBeReady$0(222)) - Waiting for cluster to exit safe mode
2022-02-08 13:52:30,770 [Listener at 127.0.0.1/36213] INFO  ozone.MiniOzoneClusterImpl (MiniOzoneClusterImpl.java:lambda$waitForClusterToBeReady$0(224)) - SCM became leader
2022-02-08 13:52:30,780 [IPC Server handler 16 on default port 40099] INFO  net.NetworkTopologyImpl (NetworkTopologyImpl.java:add(112)) - Added a new node: /default-rack/5f9aa48b-2f61-4154-bb84-50a0aaf99a3b
2022-02-08 13:52:30,780 [IPC Server handler 16 on default port 40099] INFO  node.SCMNodeManager (SCMNodeManager.java:register(389)) - Registered Data node : 5f9aa48b-2f61-4154-bb84-50a0aaf99a3b{ip: 10.1.0.34, host: fv-az148-480.bm4ck3pvxvsene1rjriu5fhcdb.bx.internal.cloudapp.net, ports: [REPLICATION=41637, RATIS=40765, RATIS_ADMIN=40765, RATIS_SERVER=40765, STANDALONE=45425], networkLocation: /default-rack, certSerialId: null, persistedOpState: null, persistedOpStateExpiryEpochSec: 0}
2022-02-08 13:52:30,780 [EventQueue-NewNodeForNewNodeHandler] INFO  pipeline.BackgroundPipelineCreator (BackgroundPipelineCreator.java:notifyEventTriggered(285)) - trigger a one-shot run on RatisPipelineUtilsThread.
2022-02-08 13:52:30,781 [RatisPipelineUtilsThread - 0] INFO  pipeline.RatisPipelineProvider (RatisPipelineProvider.java:lambda$create$0(183)) - Sending CreatePipelineCommand for pipeline:PipelineID=fd1fb063-de4c-42ce-b0b2-2afce8a443c3 to datanode:5f9aa48b-2f61-4154-bb84-50a0aaf99a3b
2022-02-08 13:52:30,784 [8e830768-0c32-4272-9818-b92ae3ba757d@group-82FB29945A00-StateMachineUpdater] INFO  pipeline.PipelineStateManagerImpl (PipelineStateManagerImpl.java:addPipeline(101)) - Created pipeline Pipeline[ Id: fd1fb063-de4c-42ce-b0b2-2afce8a443c3, Nodes: 5f9aa48b-2f61-4154-bb84-50a0aaf99a3b{ip: 10.1.0.34, host: fv-az148-480.bm4ck3pvxvsene1rjriu5fhcdb.bx.internal.cloudapp.net, ports: [REPLICATION=41637, RATIS=40765, RATIS_ADMIN=40765, RATIS_SERVER=40765, STANDALONE=45425], networkLocation: /default-rack, certSerialId: null, persistedOpState: IN_SERVICE, persistedOpStateExpiryEpochSec: 0}, ReplicationConfig: RATIS/ONE, State:ALLOCATED, leaderId:, CreationTimestamp2022-02-08T13:52:30.781Z[Etc/UTC]].
2022-02-08 13:52:30,784 [8e830768-0c32-4272-9818-b92ae3ba757d@group-82FB29945A00-StateMachineUpdater] INFO  safemode.HealthyPipelineSafeModeRule (HealthyPipelineSafeModeRule.java:initializeRule(152)) - Refreshed total pipeline count is 0, healthy pipeline threshold count is 1
2022-02-08 13:52:30,786 [RatisPipelineUtilsThread - 0] INFO  pipeline.RatisPipelineProvider (RatisPipelineProvider.java:lambda$create$0(183)) - Sending CreatePipelineCommand for pipeline:PipelineID=50a32fd0-5e0e-40aa-abe4-6046e76b0741 to datanode:5f9aa48b-2f61-4154-bb84-50a0aaf99a3b
2022-02-08 13:52:30,786 [RatisPipelineUtilsThread - 0] INFO  pipeline.RatisPipelineProvider (RatisPipelineProvider.java:lambda$create$0(183)) - Sending CreatePipelineCommand for pipeline:PipelineID=50a32fd0-5e0e-40aa-abe4-6046e76b0741 to datanode:a7553d9d-67d8-423e-ad9b-7e30726581c7
2022-02-08 13:52:30,787 [RatisPipelineUtilsThread - 0] INFO  pipeline.RatisPipelineProvider (RatisPipelineProvider.java:lambda$create$0(183)) - Sending CreatePipelineCommand for pipeline:PipelineID=50a32fd0-5e0e-40aa-abe4-6046e76b0741 to datanode:db4f20b8-0dce-4a7c-897b-5d9165b059cf
2022-02-08 13:52:30,789 [8e830768-0c32-4272-9818-b92ae3ba757d@group-82FB29945A00-StateMachineUpdater] INFO  pipeline.PipelineStateManagerImpl (PipelineStateManagerImpl.java:addPipeline(101)) - Created pipeline Pipeline[ Id: 50a32fd0-5e0e-40aa-abe4-6046e76b0741, Nodes: 5f9aa48b-2f61-4154-bb84-50a0aaf99a3b{ip: 10.1.0.34, host: fv-az148-480.bm4ck3pvxvsene1rjriu5fhcdb.bx.internal.cloudapp.net, ports: [REPLICATION=41637, RATIS=40765, RATIS_ADMIN=40765, RATIS_SERVER=40765, STANDALONE=45425], networkLocation: /default-rack, certSerialId: null, persistedOpState: IN_SERVICE, persistedOpStateExpiryEpochSec: 0}a7553d9d-67d8-423e-ad9b-7e30726581c7{ip: 10.1.0.34, host: fv-az148-480.bm4ck3pvxvsene1rjriu5fhcdb.bx.internal.cloudapp.net, ports: [REPLICATION=39911, RATIS=32871, RATIS_ADMIN=32871, RATIS_SERVER=32871, STANDALONE=46847], networkLocation: /default-rack, certSerialId: null, persistedOpState: IN_SERVICE, persistedOpStateExpiryEpochSec: 0}db4f20b8-0dce-4a7c-897b-5d9165b059cf{ip: 10.1.0.34, host: fv-az148-480.bm4ck3pvxvsene1rjriu5fhcdb.bx.internal.cloudapp.net, ports: [REPLICATION=37231, RATIS=43059, RATIS_ADMIN=43059, RATIS_SERVER=43059, STANDALONE=36809], networkLocation: /default-rack, certSerialId: null, persistedOpState: IN_SERVICE, persistedOpStateExpiryEpochSec: 0}, ReplicationConfig: RATIS/THREE, State:ALLOCATED, leaderId:, CreationTimestamp2022-02-08T13:52:30.786Z[Etc/UTC]].
2022-02-08 13:52:30,789 [8e830768-0c32-4272-9818-b92ae3ba757d@group-82FB29945A00-StateMachineUpdater] INFO  safemode.HealthyPipelineSafeModeRule (HealthyPipelineSafeModeRule.java:initializeRule(152)) - Refreshed total pipeline count is 0, healthy pipeline threshold count is 1
2022-02-08 13:52:31,770 [Listener at 127.0.0.1/36213] INFO  ozone.MiniOzoneClusterImpl (MiniOzoneClusterImpl.java:lambda$waitForClusterToBeReady$0(219)) - Nodes are ready. Got 9 of 9 DN Heartbeats.
2022-02-08 13:52:31,771 [Listener at 127.0.0.1/36213] INFO  ozone.MiniOzoneClusterImpl (MiniOzoneClusterImpl.java:lambda$waitForClusterToBeReady$0(222)) - Waiting for cluster to exit safe mode
2022-02-08 13:52:31,772 [Listener at 127.0.0.1/36213] INFO  ozone.MiniOzoneClusterImpl (MiniOzoneClusterImpl.java:lambda$waitForClusterToBeReady$0(224)) - SCM became leader
2022-02-08 13:52:31,951 [Command processor thread] INFO  server.RaftServer (RaftServerProxy.java:addNew(95)) - 74cc591c-4d52-479e-aacc-08a66935e120: addNew group-3C477149A74C:[74cc591c-4d52-479e-aacc-08a66935e120|rpc:10.1.0.34:33121|priority:1] returns group-3C477149A74C:java.util.concurrent.CompletableFuture@2a52f1f0[Not completed]
2022-02-08 13:52:31,962 [pool-60-thread-1] INFO  server.RaftServer$Division (RaftServerImpl.java:<init>(184)) - 74cc591c-4d52-479e-aacc-08a66935e120: new RaftServerImpl for group-3C477149A74C:[74cc591c-4d52-479e-aacc-08a66935e120|rpc:10.1.0.34:33121|priority:1] with ContainerStateMachine:uninitialized
2022-02-08 13:52:31,962 [pool-60-thread-1] INFO  server.RaftServerConfigKeys (ConfUtils.java:logGet(44)) - raft.server.rpc.timeout.min = 5s (custom)
2022-02-08 13:52:31,963 [pool-60-thread-1] INFO  server.RaftServerConfigKeys (ConfUtils.java:logGet(44)) - raft.server.rpc.timeout.max = 5200ms (custom)
2022-02-08 13:52:31,963 [pool-60-thread-1] INFO  server.RaftServerConfigKeys (ConfUtils.java:logGet(44)) - raft.server.rpc.sleep.time = 25ms (default)
2022-02-08 13:52:31,963 [pool-60-thread-1] INFO  server.RaftServerConfigKeys (ConfUtils.java:logGet(44)) - raft.server.rpc.slowness.timeout = 300000ms (custom)
2022-02-08 13:52:31,964 [pool-60-thread-1] INFO  server.RaftServerConfigKeys (ConfUtils.java:logGet(44)) - raft.server.leaderelection.leader.step-down.wait-time = 10s (default)
2022-02-08 13:52:31,964 [pool-60-thread-1] INFO  server.RaftServerConfigKeys (ConfUtils.java:logGet(44)) - raft.server.sleep.deviation.threshold = 300ms (default)
2022-02-08 13:52:31,964 [pool-60-thread-1] INFO  server.RaftServerConfigKeys (ConfUtils.java:logGet(44)) - raft.server.log.appender.install.snapshot.enabled = false (custom)
2022-02-08 13:52:31,964 [pool-60-thread-1] INFO  server.RaftServer$Division (ServerState.java:<init>(105)) - 74cc591c-4d52-479e-aacc-08a66935e120@group-3C477149A74C: ConfigurationManager, init=-1: [74cc591c-4d52-479e-aacc-08a66935e120|rpc:10.1.0.34:33121|priority:1], old=null, confs=<EMPTY_MAP>
2022-02-08 13:52:31,965 [pool-60-thread-1] INFO  server.RaftServerConfigKeys (ConfUtils.java:logGet(44)) - raft.server.storage.dir = [/home/runner/work/ozone/ozone/hadoop-ozone/integration-test/target/test-dir/MiniOzoneClusterImpl-44b62ea4-a9d0-4540-a736-82fb29945a00/datanode-0/data/ratis] (custom)
2022-02-08 13:52:31,965 [pool-60-thread-1] INFO  server.RaftServerConfigKeys (ConfUtils.java:logGet(44)) - raft.server.log.corruption.policy = EXCEPTION (default)
2022-02-08 13:52:31,965 [pool-60-thread-1] INFO  server.RaftServerConfigKeys (ConfUtils.java:logGet(44)) - raft.server.storage.free-space.min = 0MB (=0) (default)
2022-02-08 13:52:31,965 [pool-60-thread-1] INFO  storage.RaftStorageDirectory (RaftStorageDirectoryImpl.java:analyzeStorage(135)) - The storage directory /home/runner/work/ozone/ozone/hadoop-ozone/integration-test/target/test-dir/MiniOzoneClusterImpl-44b62ea4-a9d0-4540-a736-82fb29945a00/datanode-0/data/ratis/fade1a64-d0d1-4281-9e9b-3c477149a74c does not exist. Creating ...
2022-02-08 13:52:31,967 [pool-60-thread-1] INFO  storage.RaftStorageDirectory (RaftStorageDirectoryImpl.java:tryLock(230)) - Lock on /home/runner/work/ozone/ozone/hadoop-ozone/integration-test/target/test-dir/MiniOzoneClusterImpl-44b62ea4-a9d0-4540-a736-82fb29945a00/datanode-0/data/ratis/fade1a64-d0d1-4281-9e9b-3c477149a74c/in_use.lock acquired by nodename 18376@fv-az148-480
2022-02-08 13:52:31,968 [pool-60-thread-1] INFO  storage.RaftStorage (RaftStorageImpl.java:format(89)) - Storage directory /home/runner/work/ozone/ozone/hadoop-ozone/integration-test/target/test-dir/MiniOzoneClusterImpl-44b62ea4-a9d0-4540-a736-82fb29945a00/datanode-0/data/ratis/fade1a64-d0d1-4281-9e9b-3c477149a74c has been successfully formatted.
2022-02-08 13:52:31,977 [pool-60-thread-1] INFO  ratis.ContainerStateMachine (ContainerStateMachine.java:loadSnapshot(231)) - group-3C477149A74C: The snapshot info is null. Setting the last applied indexto:(t:0, i:~)
2022-02-08 13:52:31,977 [pool-60-thread-1] INFO  server.RaftServerConfigKeys (ConfUtils.java:logGet(44)) - raft.server.notification.no-leader.timeout = 300000ms (custom)
2022-02-08 13:52:31,977 [pool-60-thread-1] INFO  server.RaftServerConfigKeys (ConfUtils.java:logGet(44)) - raft.server.log.use.memory = false (default)
2022-02-08 13:52:31,977 [pool-60-thread-1] INFO  server.RaftServerConfigKeys (ConfUtils.java:logGet(44)) - raft.server.log.purge.gap = 1000000 (custom)
2022-02-08 13:52:31,977 [pool-60-thread-1] INFO  server.RaftServerConfigKeys (ConfUtils.java:logGet(44)) - raft.server.log.appender.buffer.byte-limit = 33554432 (custom)
2022-02-08 13:52:31,977 [pool-60-thread-1] INFO  server.RaftServerConfigKeys (ConfUtils.java:logGet(44)) - raft.server.log.segment.size.max = 1048576 (custom)
2022-02-08 13:52:31,979 [pool-60-thread-1] INFO  server.RaftServerConfigKeys (ConfUtils.java:logGet(44)) - raft.server.log.segment.cache.num.max = 2 (custom)
2022-02-08 13:52:31,979 [pool-60-thread-1] INFO  server.RaftServerConfigKeys (ConfUtils.java:logGet(44)) - raft.server.log.segment.cache.size.max = 200MB (=209715200) (default)
2022-02-08 13:52:31,979 [pool-60-thread-1] INFO  segmented.SegmentedRaftLogWorker (SegmentedRaftLogWorker.java:<init>(182)) - new 74cc591c-4d52-479e-aacc-08a66935e120@group-3C477149A74C-SegmentedRaftLogWorker for RaftStorageImpl:Storage Directory /home/runner/work/ozone/ozone/hadoop-ozone/integration-test/target/test-dir/MiniOzoneClusterImpl-44b62ea4-a9d0-4540-a736-82fb29945a00/datanode-0/data/ratis/fade1a64-d0d1-4281-9e9b-3c477149a74c
2022-02-08 13:52:31,979 [pool-60-thread-1] INFO  server.RaftServerConfigKeys (ConfUtils.java:logGet(44)) - raft.server.log.queue.byte-limit = 2147483647 (custom)
2022-02-08 13:52:31,979 [pool-60-thread-1] INFO  server.RaftServerConfigKeys (ConfUtils.java:logGet(44)) - raft.server.log.queue.element-limit = 1024 (custom)
2022-02-08 13:52:31,979 [pool-60-thread-1] INFO  server.RaftServerConfigKeys (ConfUtils.java:logGet(44)) - raft.server.log.segment.size.max = 1048576 (custom)
2022-02-08 13:52:31,979 [pool-60-thread-1] INFO  server.RaftServerConfigKeys (ConfUtils.java:logGet(44)) - raft.server.log.preallocated.size = 16384 (custom)
2022-02-08 13:52:31,979 [pool-60-thread-1] INFO  server.RaftServerConfigKeys (ConfUtils.java:logGet(44)) - raft.server.log.force.sync.num = 128 (default)
2022-02-08 13:52:31,979 [pool-60-thread-1] INFO  server.RaftServerConfigKeys (ConfUtils.java:logGet(44)) - raft.server.log.statemachine.data.sync = true (default)
2022-02-08 13:52:31,979 [pool-60-thread-1] INFO  server.RaftServerConfigKeys (ConfUtils.java:logGet(44)) - raft.server.log.statemachine.data.sync.timeout = 10s (default)
2022-02-08 13:52:31,979 [pool-60-thread-1] INFO  server.RaftServerConfigKeys (ConfUtils.java:logGet(44)) - raft.server.log.statemachine.data.sync.timeout.retry = -1 (default)
2022-02-08 13:52:31,989 [EventQueue-PipelineReportForPipelineReportHandler] INFO  pipeline.PipelineManagerImpl (PipelineManagerImpl.java:openPipeline(291)) - Pipeline Pipeline[ Id: fade1a64-d0d1-4281-9e9b-3c477149a74c, Nodes: 74cc591c-4d52-479e-aacc-08a66935e120{ip: 10.1.0.34, host: fv-az148-480.bm4ck3pvxvsene1rjriu5fhcdb.bx.internal.cloudapp.net, ports: [REPLICATION=41959, RATIS=33121, RATIS_ADMIN=33121, RATIS_SERVER=33121, STANDALONE=46775], networkLocation: /default-rack, certSerialId: null, persistedOpState: IN_SERVICE, persistedOpStateExpiryEpochSec: 0}, ReplicationConfig: RATIS/ONE, State:ALLOCATED, leaderId:74cc591c-4d52-479e-aacc-08a66935e120, CreationTimestamp2022-02-08T13:52:28.994Z[Etc/UTC]] moved to OPEN state
2022-02-08 13:52:31,992 [pool-60-thread-1] INFO  server.RaftServerConfigKeys (ConfUtils.java:logGet(44)) - raft.server.log.write.buffer.size = 1048576 (custom)
2022-02-08 13:52:31,994 [8e830768-0c32-4272-9818-b92ae3ba757d@group-82FB29945A00-StateMachineUpdater] INFO  safemode.HealthyPipelineSafeModeRule (HealthyPipelineSafeModeRule.java:initializeRule(152)) - Refreshed total pipeline count is 0, healthy pipeline threshold count is 1
2022-02-08 13:52:31,994 [pool-60-thread-1] INFO  server.RaftServerConfigKeys (ConfUtils.java:logGet(44)) - raft.server.log.statemachine.data.caching.enabled = true (custom)
2022-02-08 13:52:32,010 [pool-60-thread-1] INFO  segmented.SegmentedRaftLogWorker (SegmentedRaftLogWorker.java:lambda$new$0(133)) - 74cc591c-4d52-479e-aacc-08a66935e120@group-3C477149A74C-SegmentedRaftLogWorker: flushIndex: setUnconditionally 0 -> -1
2022-02-08 13:52:32,010 [pool-60-thread-1] INFO  segmented.SegmentedRaftLogWorker (SegmentedRaftLogWorker.java:lambda$new$0(133)) - 74cc591c-4d52-479e-aacc-08a66935e120@group-3C477149A74C-SegmentedRaftLogWorker: safeCacheEvictIndex: setUnconditionally 0 -> -1
2022-02-08 13:52:32,010 [pool-60-thread-1] INFO  server.RaftServerConfigKeys (ConfUtils.java:logGet(44)) - raft.server.snapshot.auto.trigger.enabled = true (custom)
2022-02-08 13:52:32,010 [pool-60-thread-1] INFO  server.RaftServerConfigKeys (ConfUtils.java:logGet(44)) - raft.server.snapshot.auto.trigger.threshold = 10000 (custom)
2022-02-08 13:52:32,010 [pool-60-thread-1] INFO  server.RaftServerConfigKeys (ConfUtils.java:logGet(44)) - raft.server.snapshot.retention.file.num = 5 (custom)
2022-02-08 13:52:32,011 [pool-60-thread-1] INFO  server.RaftServerConfigKeys (ConfUtils.java:logGet(44)) - raft.server.log.purge.upto.snapshot.index = false (default)
2022-02-08 13:52:32,011 [pool-60-thread-1] INFO  server.RaftServerConfigKeys (ConfUtils.java:logGet(44)) - raft.server.retrycache.expirytime = 600000ms (custom)
2022-02-08 13:52:32,011 [pool-60-thread-1] INFO  server.RaftServerConfigKeys (ConfUtils.java:logGet(44)) - raft.server.retrycache.statistics.expirytime = 100μs (default)
2022-02-08 13:52:32,022 [pool-60-thread-1] INFO  server.RaftServer$Division (RaftServerImpl.java:start(301)) - 74cc591c-4d52-479e-aacc-08a66935e120@group-3C477149A74C: start as a follower, conf=-1: [74cc591c-4d52-479e-aacc-08a66935e120|rpc:10.1.0.34:33121|priority:1], old=null
2022-02-08 13:52:32,022 [pool-60-thread-1] INFO  server.RaftServer$Division (RaftServerImpl.java:setRole(290)) - 74cc591c-4d52-479e-aacc-08a66935e120@group-3C477149A74C: changes role from      null to FOLLOWER at term 0 for startAsFollower
2022-02-08 13:52:32,022 [pool-60-thread-1] INFO  impl.RoleInfo (RoleInfo.java:updateAndGet(130)) - 74cc591c-4d52-479e-aacc-08a66935e120: start 74cc591c-4d52-479e-aacc-08a66935e120@group-3C477149A74C-FollowerState
2022-02-08 13:52:32,022 [EventQueue-OpenPipelineForHealthyPipelineSafeModeRule] INFO  safemode.SCMSafeModeManager (HealthyPipelineSafeModeRule.java:process(124)) - SCM in safe mode. Healthy pipelines reported count is 0, required healthy pipeline reported count is 1
2022-02-08 13:52:32,027 [pool-60-thread-1] INFO  util.JmxRegister (JmxRegister.java:tryRegister(44)) - Successfully registered JMX Bean with object name Ratis:service=RaftServer,group=group-3C477149A74C,id=74cc591c-4d52-479e-aacc-08a66935e120
2022-02-08 13:52:32,031 [Command processor thread] INFO  ratis.XceiverServerRatis (XceiverServerRatis.java:addGroup(768)) - Created group PipelineID=fade1a64-d0d1-4281-9e9b-3c477149a74c
2022-02-08 13:52:32,031 [Command processor thread] INFO  commandhandler.CreatePipelineCommandHandler (CreatePipelineCommandHandler.java:handle(106)) - Created Pipeline RATIS ONE PipelineID=fade1a64-d0d1-4281-9e9b-3c477149a74c.
2022-02-08 13:52:32,031 [Command processor thread] INFO  server.RaftServer (RaftServerProxy.java:addNew(95)) - 74cc591c-4d52-479e-aacc-08a66935e120: addNew group-25469F3653D4:[74cc591c-4d52-479e-aacc-08a66935e120|rpc:10.1.0.34:33121|priority:1, 915ea2a1-2b04-4a8b-905a-cfef4591970c|rpc:10.1.0.34:35197|priority:0, 0fed3ba6-79cb-4518-b48b-c28a0e29dbfb|rpc:10.1.0.34:40047|priority:0] returns group-25469F3653D4:java.util.concurrent.CompletableFuture@24d74d53[Not completed]
2022-02-08 13:52:32,033 [pool-60-thread-1] INFO  server.RaftServer$Division (RaftServerImpl.java:<init>(184)) - 74cc591c-4d52-479e-aacc-08a66935e120: new RaftServerImpl for group-25469F3653D4:[74cc591c-4d52-479e-aacc-08a66935e120|rpc:10.1.0.34:33121|priority:1, 915ea2a1-2b04-4a8b-905a-cfef4591970c|rpc:10.1.0.34:35197|priority:0, 0fed3ba6-79cb-4518-b48b-c28a0e29dbfb|rpc:10.1.0.34:40047|priority:0] with ContainerStateMachine:uninitialized
2022-02-08 13:52:32,033 [pool-60-thread-1] INFO  server.RaftServerConfigKeys (ConfUtils.java:logGet(44)) - raft.server.rpc.timeout.min = 5s (custom)
2022-02-08 13:52:32,033 [pool-60-thread-1] INFO  server.RaftServerConfigKeys (ConfUtils.java:logGet(44)) - raft.server.rpc.timeout.max = 5200ms (custom)
2022-02-08 13:52:32,033 [pool-60-thread-1] INFO  server.RaftServerConfigKeys (ConfUtils.java:logGet(44)) - raft.server.rpc.sleep.time = 25ms (default)
2022-02-08 13:52:32,033 [pool-60-thread-1] INFO  server.RaftServerConfigKeys (ConfUtils.java:logGet(44)) - raft.server.rpc.slowness.timeout = 300000ms (custom)
2022-02-08 13:52:32,033 [pool-60-thread-1] INFO  server.RaftServerConfigKeys (ConfUtils.java:logGet(44)) - raft.server.leaderelection.leader.step-down.wait-time = 10s (default)
2022-02-08 13:52:32,033 [pool-60-thread-1] INFO  server.RaftServerConfigKeys (ConfUtils.java:logGet(44)) - raft.server.sleep.deviation.threshold = 300ms (default)
2022-02-08 13:52:32,033 [pool-60-thread-1] INFO  server.RaftServerConfigKeys (ConfUtils.java:logGet(44)) - raft.server.log.appender.install.snapshot.enabled = false (custom)
2022-02-08 13:52:32,033 [pool-60-thread-1] INFO  server.RaftServer$Division (ServerState.java:<init>(105)) - 74cc591c-4d52-479e-aacc-08a66935e120@group-25469F3653D4: ConfigurationManager, init=-1: [74cc591c-4d52-479e-aacc-08a66935e120|rpc:10.1.0.34:33121|priority:1, 915ea2a1-2b04-4a8b-905a-cfef4591970c|rpc:10.1.0.34:35197|priority:0, 0fed3ba6-79cb-4518-b48b-c28a0e29dbfb|rpc:10.1.0.34:40047|priority:0], old=null, confs=<EMPTY_MAP>
2022-02-08 13:52:32,033 [pool-60-thread-1] INFO  server.RaftServerConfigKeys (ConfUtils.java:logGet(44)) - raft.server.storage.dir = [/home/runner/work/ozone/ozone/hadoop-ozone/integration-test/target/test-dir/MiniOzoneClusterImpl-44b62ea4-a9d0-4540-a736-82fb29945a00/datanode-0/data/ratis] (custom)
2022-02-08 13:52:32,034 [pool-60-thread-1] INFO  server.RaftServerConfigKeys (ConfUtils.java:logGet(44)) - raft.server.log.corruption.policy = EXCEPTION (default)
2022-02-08 13:52:32,034 [pool-60-thread-1] INFO  server.RaftServerConfigKeys (ConfUtils.java:logGet(44)) - raft.server.storage.free-space.min = 0MB (=0) (default)
2022-02-08 13:52:32,034 [pool-60-thread-1] INFO  storage.RaftStorageDirectory (RaftStorageDirectoryImpl.java:analyzeStorage(135)) - The storage directory /home/runner/work/ozone/ozone/hadoop-ozone/integration-test/target/test-dir/MiniOzoneClusterImpl-44b62ea4-a9d0-4540-a736-82fb29945a00/datanode-0/data/ratis/60fdb779-c7c1-4438-b616-25469f3653d4 does not exist. Creating ...
2022-02-08 13:52:32,035 [pool-60-thread-1] INFO  storage.RaftStorageDirectory (RaftStorageDirectoryImpl.java:tryLock(230)) - Lock on /home/runner/work/ozone/ozone/hadoop-ozone/integration-test/target/test-dir/MiniOzoneClusterImpl-44b62ea4-a9d0-4540-a736-82fb29945a00/datanode-0/data/ratis/60fdb779-c7c1-4438-b616-25469f3653d4/in_use.lock acquired by nodename 18376@fv-az148-480
2022-02-08 13:52:32,037 [pool-60-thread-1] INFO  storage.RaftStorage (RaftStorageImpl.java:format(89)) - Storage directory /home/runner/work/ozone/ozone/hadoop-ozone/integration-test/target/test-dir/MiniOzoneClusterImpl-44b62ea4-a9d0-4540-a736-82fb29945a00/datanode-0/data/ratis/60fdb779-c7c1-4438-b616-25469f3653d4 has been successfully formatted.
2022-02-08 13:52:32,037 [pool-60-thread-1] INFO  ratis.ContainerStateMachine (ContainerStateMachine.java:loadSnapshot(231)) - group-25469F3653D4: The snapshot info is null. Setting the last applied indexto:(t:0, i:~)
2022-02-08 13:52:32,037 [pool-60-thread-1] INFO  server.RaftServerConfigKeys (ConfUtils.java:logGet(44)) - raft.server.notification.no-leader.timeout = 300000ms (custom)
2022-02-08 13:52:32,037 [pool-60-thread-1] INFO  server.RaftServerConfigKeys (ConfUtils.java:logGet(44)) - raft.server.log.use.memory = false (default)
2022-02-08 13:52:32,037 [pool-60-thread-1] INFO  server.RaftServerConfigKeys (ConfUtils.java:logGet(44)) - raft.server.log.purge.gap = 1000000 (custom)
2022-02-08 13:52:32,038 [pool-60-thread-1] INFO  server.RaftServerConfigKeys (ConfUtils.java:logGet(44)) - raft.server.log.appender.buffer.byte-limit = 33554432 (custom)
2022-02-08 13:52:32,040 [EventQueue-OpenPipelineForHealthyPipelineSafeModeRule] INFO  safemode.SCMSafeModeManager (HealthyPipelineSafeModeRule.java:process(124)) - SCM in safe mode. Healthy pipelines reported count is 0, required healthy pipeline reported count is 1
2022-02-08 13:52:32,041 [pool-60-thread-1] INFO  server.RaftServerConfigKeys (ConfUtils.java:logGet(44)) - raft.server.log.segment.size.max = 1048576 (custom)
2022-02-08 13:52:32,042 [pool-60-thread-1] INFO  server.RaftServerConfigKeys (ConfUtils.java:logGet(44)) - raft.server.log.segment.cache.num.max = 2 (custom)
2022-02-08 13:52:32,042 [pool-60-thread-1] INFO  server.RaftServerConfigKeys (ConfUtils.java:logGet(44)) - raft.server.log.segment.cache.size.max = 200MB (=209715200) (default)
2022-02-08 13:52:32,042 [pool-60-thread-1] INFO  segmented.SegmentedRaftLogWorker (SegmentedRaftLogWorker.java:<init>(182)) - new 74cc591c-4d52-479e-aacc-08a66935e120@group-25469F3653D4-SegmentedRaftLogWorker for RaftStorageImpl:Storage Directory /home/runner/work/ozone/ozone/hadoop-ozone/integration-test/target/test-dir/MiniOzoneClusterImpl-44b62ea4-a9d0-4540-a736-82fb29945a00/datanode-0/data/ratis/60fdb779-c7c1-4438-b616-25469f3653d4
2022-02-08 13:52:32,042 [pool-60-thread-1] INFO  server.RaftServerConfigKeys (ConfUtils.java:logGet(44)) - raft.server.log.queue.byte-limit = 2147483647 (custom)
2022-02-08 13:52:32,042 [pool-60-thread-1] INFO  server.RaftServerConfigKeys (ConfUtils.java:logGet(44)) - raft.server.log.queue.element-limit = 1024 (custom)
2022-02-08 13:52:32,042 [pool-60-thread-1] INFO  server.RaftServerConfigKeys (ConfUtils.java:logGet(44)) - raft.server.log.segment.size.max = 1048576 (custom)
2022-02-08 13:52:32,042 [pool-60-thread-1] INFO  server.RaftServerConfigKeys (ConfUtils.java:logGet(44)) - raft.server.log.preallocated.size = 16384 (custom)
2022-02-08 13:52:32,043 [pool-60-thread-1] INFO  server.RaftServerConfigKeys (ConfUtils.java:logGet(44)) - raft.server.log.force.sync.num = 128 (default)
2022-02-08 13:52:32,043 [pool-60-thread-1] INFO  server.RaftServerConfigKeys (ConfUtils.java:logGet(44)) - raft.server.log.statemachine.data.sync = true (default)
2022-02-08 13:52:32,043 [pool-60-thread-1] INFO  server.RaftServerConfigKeys (ConfUtils.java:logGet(44)) - raft.server.log.statemachine.data.sync.timeout = 10s (default)
2022-02-08 13:52:32,043 [pool-60-thread-1] INFO  server.RaftServerConfigKeys (ConfUtils.java:logGet(44)) - raft.server.log.statemachine.data.sync.timeout.retry = -1 (default)
2022-02-08 13:52:32,049 [pool-60-thread-1] INFO  server.RaftServerConfigKeys (ConfUtils.java:logGet(44)) - raft.server.log.write.buffer.size = 1048576 (custom)
2022-02-08 13:52:32,050 [pool-60-thread-1] INFO  server.RaftServerConfigKeys (ConfUtils.java:logGet(44)) - raft.server.log.statemachine.data.caching.enabled = true (custom)
2022-02-08 13:52:32,050 [pool-60-thread-1] INFO  segmented.SegmentedRaftLogWorker (SegmentedRaftLogWorker.java:lambda$new$0(133)) - 74cc591c-4d52-479e-aacc-08a66935e120@group-25469F3653D4-SegmentedRaftLogWorker: flushIndex: setUnconditionally 0 -> -1
2022-02-08 13:52:32,050 [pool-60-thread-1] INFO  segmented.SegmentedRaftLogWorker (SegmentedRaftLogWorker.java:lambda$new$0(133)) - 74cc591c-4d52-479e-aacc-08a66935e120@group-25469F3653D4-SegmentedRaftLogWorker: safeCacheEvictIndex: setUnconditionally 0 -> -1
2022-02-08 13:52:32,050 [pool-60-thread-1] INFO  server.RaftServerConfigKeys (ConfUtils.java:logGet(44)) - raft.server.snapshot.auto.trigger.enabled = true (custom)
2022-02-08 13:52:32,050 [pool-60-thread-1] INFO  server.RaftServerConfigKeys (ConfUtils.java:logGet(44)) - raft.server.snapshot.auto.trigger.threshold = 10000 (custom)
2022-02-08 13:52:32,051 [pool-60-thread-1] INFO  server.RaftServerConfigKeys (ConfUtils.java:logGet(44)) - raft.server.snapshot.retention.file.num = 5 (custom)
2022-02-08 13:52:32,051 [pool-60-thread-1] INFO  server.RaftServerConfigKeys (ConfUtils.java:logGet(44)) - raft.server.log.purge.upto.snapshot.index = false (default)
2022-02-08 13:52:32,051 [pool-60-thread-1] INFO  server.RaftServerConfigKeys (ConfUtils.java:logGet(44)) - raft.server.retrycache.expirytime = 600000ms (custom)
2022-02-08 13:52:32,051 [pool-60-thread-1] INFO  server.RaftServerConfigKeys (ConfUtils.java:logGet(44)) - raft.server.retrycache.statistics.expirytime = 100μs (default)
2022-02-08 13:52:32,053 [pool-60-thread-1] INFO  server.RaftServer$Division (RaftServerImpl.java:start(301)) - 74cc591c-4d52-479e-aacc-08a66935e120@group-25469F3653D4: start as a follower, conf=-1: [74cc591c-4d52-479e-aacc-08a66935e120|rpc:10.1.0.34:33121|priority:1, 915ea2a1-2b04-4a8b-905a-cfef4591970c|rpc:10.1.0.34:35197|priority:0, 0fed3ba6-79cb-4518-b48b-c28a0e29dbfb|rpc:10.1.0.34:40047|priority:0], old=null
2022-02-08 13:52:32,053 [pool-60-thread-1] INFO  server.RaftServer$Division (RaftServerImpl.java:setRole(290)) - 74cc591c-4d52-479e-aacc-08a66935e120@group-25469F3653D4: changes role from      null to FOLLOWER at term 0 for startAsFollower
2022-02-08 13:52:32,053 [pool-60-thread-1] INFO  impl.RoleInfo (RoleInfo.java:updateAndGet(130)) - 74cc591c-4d52-479e-aacc-08a66935e120: start 74cc591c-4d52-479e-aacc-08a66935e120@group-25469F3653D4-FollowerState
2022-02-08 13:52:32,058 [pool-60-thread-1] INFO  util.JmxRegister (JmxRegister.java:tryRegister(44)) - Successfully registered JMX Bean with object name Ratis:service=RaftServer,group=group-25469F3653D4,id=74cc591c-4d52-479e-aacc-08a66935e120
2022-02-08 13:52:32,060 [Command processor thread] INFO  ratis.XceiverServerRatis (XceiverServerRatis.java:addGroup(768)) - Created group PipelineID=60fdb779-c7c1-4438-b616-25469f3653d4
2022-02-08 13:52:32,276 [Command processor thread] INFO  server.RaftServer (RaftServerProxy.java:addNew(95)) - 0fed3ba6-79cb-4518-b48b-c28a0e29dbfb: addNew group-80AB70C4B0E4:[0fed3ba6-79cb-4518-b48b-c28a0e29dbfb|rpc:10.1.0.34:40047|priority:1] returns group-80AB70C4B0E4:java.util.concurrent.CompletableFuture@58e41556[Not completed]
2022-02-08 13:52:32,291 [pool-81-thread-1] INFO  server.RaftServer$Division (RaftServerImpl.java:<init>(184)) - 0fed3ba6-79cb-4518-b48b-c28a0e29dbfb: new RaftServerImpl for group-80AB70C4B0E4:[0fed3ba6-79cb-4518-b48b-c28a0e29dbfb|rpc:10.1.0.34:40047|priority:1] with ContainerStateMachine:uninitialized
2022-02-08 13:52:32,291 [pool-81-thread-1] INFO  server.RaftServerConfigKeys (ConfUtils.java:logGet(44)) - raft.server.rpc.timeout.min = 5s (custom)
2022-02-08 13:52:32,291 [pool-81-thread-1] INFO  server.RaftServerConfigKeys (ConfUtils.java:logGet(44)) - raft.server.rpc.timeout.max = 5200ms (custom)
2022-02-08 13:52:32,291 [pool-81-thread-1] INFO  server.RaftServerConfigKeys (ConfUtils.java:logGet(44)) - raft.server.rpc.sleep.time = 25ms (default)
2022-02-08 13:52:32,291 [pool-81-thread-1] INFO  server.RaftServerConfigKeys (ConfUtils.java:logGet(44)) - raft.server.rpc.slowness.timeout = 300000ms (custom)
2022-02-08 13:52:32,291 [pool-81-thread-1] INFO  server.RaftServerConfigKeys (ConfUtils.java:logGet(44)) - raft.server.leaderelection.leader.step-down.wait-time = 10s (default)
2022-02-08 13:52:32,291 [pool-81-thread-1] INFO  server.RaftServerConfigKeys (ConfUtils.java:logGet(44)) - raft.server.sleep.deviation.threshold = 300ms (default)
2022-02-08 13:52:32,291 [pool-81-thread-1] INFO  server.RaftServerConfigKeys (ConfUtils.java:logGet(44)) - raft.server.log.appender.install.snapshot.enabled = false (custom)
2022-02-08 13:52:32,291 [pool-81-thread-1] INFO  server.RaftServer$Division (ServerState.java:<init>(105)) - 0fed3ba6-79cb-4518-b48b-c28a0e29dbfb@group-80AB70C4B0E4: ConfigurationManager, init=-1: [0fed3ba6-79cb-4518-b48b-c28a0e29dbfb|rpc:10.1.0.34:40047|priority:1], old=null, confs=<EMPTY_MAP>
2022-02-08 13:52:32,291 [pool-81-thread-1] INFO  server.RaftServerConfigKeys (ConfUtils.java:logGet(44)) - raft.server.storage.dir = [/home/runner/work/ozone/ozone/hadoop-ozone/integration-test/target/test-dir/MiniOzoneClusterImpl-44b62ea4-a9d0-4540-a736-82fb29945a00/datanode-1/data/ratis] (custom)
2022-02-08 13:52:32,292 [pool-81-thread-1] INFO  server.RaftServerConfigKeys (ConfUtils.java:logGet(44)) - raft.server.log.corruption.policy = EXCEPTION (default)
2022-02-08 13:52:32,292 [pool-81-thread-1] INFO  server.RaftServerConfigKeys (ConfUtils.java:logGet(44)) - raft.server.storage.free-space.min = 0MB (=0) (default)
2022-02-08 13:52:32,292 [pool-81-thread-1] INFO  storage.RaftStorageDirectory (RaftStorageDirectoryImpl.java:analyzeStorage(135)) - The storage directory /home/runner/work/ozone/ozone/hadoop-ozone/integration-test/target/test-dir/MiniOzoneClusterImpl-44b62ea4-a9d0-4540-a736-82fb29945a00/datanode-1/data/ratis/0c21a561-7bc0-4bfd-a90c-80ab70c4b0e4 does not exist. Creating ...
2022-02-08 13:52:32,293 [pool-81-thread-1] INFO  storage.RaftStorageDirectory (RaftStorageDirectoryImpl.java:tryLock(230)) - Lock on /home/runner/work/ozone/ozone/hadoop-ozone/integration-test/target/test-dir/MiniOzoneClusterImpl-44b62ea4-a9d0-4540-a736-82fb29945a00/datanode-1/data/ratis/0c21a561-7bc0-4bfd-a90c-80ab70c4b0e4/in_use.lock acquired by nodename 18376@fv-az148-480
2022-02-08 13:52:32,295 [pool-81-thread-1] INFO  storage.RaftStorage (RaftStorageImpl.java:format(89)) - Storage directory /home/runner/work/ozone/ozone/hadoop-ozone/integration-test/target/test-dir/MiniOzoneClusterImpl-44b62ea4-a9d0-4540-a736-82fb29945a00/datanode-1/data/ratis/0c21a561-7bc0-4bfd-a90c-80ab70c4b0e4 has been successfully formatted.
2022-02-08 13:52:32,297 [pool-81-thread-1] INFO  ratis.ContainerStateMachine (ContainerStateMachine.java:loadSnapshot(231)) - group-80AB70C4B0E4: The snapshot info is null. Setting the last applied indexto:(t:0, i:~)
2022-02-08 13:52:32,302 [EventQueue-PipelineReportForPipelineReportHandler] INFO  pipeline.PipelineManagerImpl (PipelineManagerImpl.java:openPipeline(291)) - Pipeline Pipeline[ Id: 0c21a561-7bc0-4bfd-a90c-80ab70c4b0e4, Nodes: 0fed3ba6-79cb-4518-b48b-c28a0e29dbfb{ip: 10.1.0.34, host: fv-az148-480.bm4ck3pvxvsene1rjriu5fhcdb.bx.internal.cloudapp.net, ports: [REPLICATION=45891, RATIS=40047, RATIS_ADMIN=40047, RATIS_SERVER=40047, STANDALONE=39945], networkLocation: /default-rack, certSerialId: null, persistedOpState: IN_SERVICE, persistedOpStateExpiryEpochSec: 0}, ReplicationConfig: RATIS/ONE, State:ALLOCATED, leaderId:0fed3ba6-79cb-4518-b48b-c28a0e29dbfb, CreationTimestamp2022-02-08T13:52:29.282Z[Etc/UTC]] moved to OPEN state
2022-02-08 13:52:32,306 [pool-81-thread-1] INFO  server.RaftServerConfigKeys (ConfUtils.java:logGet(44)) - raft.server.notification.no-leader.timeout = 300000ms (custom)
2022-02-08 13:52:32,306 [pool-81-thread-1] INFO  server.RaftServerConfigKeys (ConfUtils.java:logGet(44)) - raft.server.log.use.memory = false (default)
2022-02-08 13:52:32,306 [pool-81-thread-1] INFO  server.RaftServerConfigKeys (ConfUtils.java:logGet(44)) - raft.server.log.purge.gap = 1000000 (custom)
2022-02-08 13:52:32,307 [8e830768-0c32-4272-9818-b92ae3ba757d@group-82FB29945A00-StateMachineUpdater] INFO  safemode.HealthyPipelineSafeModeRule (HealthyPipelineSafeModeRule.java:initializeRule(152)) - Refreshed total pipeline count is 0, healthy pipeline threshold count is 1
2022-02-08 13:52:32,309 [EventQueue-OpenPipelineForHealthyPipelineSafeModeRule] INFO  safemode.SCMSafeModeManager (HealthyPipelineSafeModeRule.java:process(124)) - SCM in safe mode. Healthy pipelines reported count is 0, required healthy pipeline reported count is 1
2022-02-08 13:52:32,307 [pool-81-thread-1] INFO  server.RaftServerConfigKeys (ConfUtils.java:logGet(44)) - raft.server.log.appender.buffer.byte-limit = 33554432 (custom)
2022-02-08 13:52:32,309 [pool-81-thread-1] INFO  server.RaftServerConfigKeys (ConfUtils.java:logGet(44)) - raft.server.log.segment.size.max = 1048576 (custom)
2022-02-08 13:52:32,310 [pool-81-thread-1] INFO  server.RaftServerConfigKeys (ConfUtils.java:logGet(44)) - raft.server.log.segment.cache.num.max = 2 (custom)
2022-02-08 13:52:32,310 [pool-81-thread-1] INFO  server.RaftServerConfigKeys (ConfUtils.java:logGet(44)) - raft.server.log.segment.cache.size.max = 200MB (=209715200) (default)
2022-02-08 13:52:32,310 [pool-81-thread-1] INFO  segmented.SegmentedRaftLogWorker (SegmentedRaftLogWorker.java:<init>(182)) - new 0fed3ba6-79cb-4518-b48b-c28a0e29dbfb@group-80AB70C4B0E4-SegmentedRaftLogWorker for RaftStorageImpl:Storage Directory /home/runner/work/ozone/ozone/hadoop-ozone/integration-test/target/test-dir/MiniOzoneClusterImpl-44b62ea4-a9d0-4540-a736-82fb29945a00/datanode-1/data/ratis/0c21a561-7bc0-4bfd-a90c-80ab70c4b0e4
2022-02-08 13:52:32,310 [pool-81-thread-1] INFO  server.RaftServerConfigKeys (ConfUtils.java:logGet(44)) - raft.server.log.queue.byte-limit = 2147483647 (custom)
2022-02-08 13:52:32,310 [pool-81-thread-1] INFO  server.RaftServerConfigKeys (ConfUtils.java:logGet(44)) - raft.server.log.queue.element-limit = 1024 (custom)
2022-02-08 13:52:32,310 [pool-81-thread-1] INFO  server.RaftServerConfigKeys (ConfUtils.java:logGet(44)) - raft.server.log.segment.size.max = 1048576 (custom)
2022-02-08 13:52:32,310 [pool-81-thread-1] INFO  server.RaftServerConfigKeys (ConfUtils.java:logGet(44)) - raft.server.log.preallocated.size = 16384 (custom)
2022-02-08 13:52:32,310 [pool-81-thread-1] INFO  server.RaftServerConfigKeys (ConfUtils.java:logGet(44)) - raft.server.log.force.sync.num = 128 (default)
2022-02-08 13:52:32,310 [pool-81-thread-1] INFO  server.RaftServerConfigKeys (ConfUtils.java:logGet(44)) - raft.server.log.statemachine.data.sync = true (default)
2022-02-08 13:52:32,310 [pool-81-thread-1] INFO  server.RaftServerConfigKeys (ConfUtils.java:logGet(44)) - raft.server.log.statemachine.data.sync.timeout = 10s (default)
2022-02-08 13:52:32,311 [pool-81-thread-1] INFO  server.RaftServerConfigKeys (ConfUtils.java:logGet(44)) - raft.server.log.statemachine.data.sync.timeout.retry = -1 (default)
2022-02-08 13:52:32,312 [pool-81-thread-1] INFO  server.RaftServerConfigKeys (ConfUtils.java:logGet(44)) - raft.server.log.write.buffer.size = 1048576 (custom)
2022-02-08 13:52:32,322 [pool-81-thread-1] INFO  server.RaftServerConfigKeys (ConfUtils.java:logGet(44)) - raft.server.log.statemachine.data.caching.enabled = true (custom)
2022-02-08 13:52:32,322 [pool-81-thread-1] INFO  segmented.SegmentedRaftLogWorker (SegmentedRaftLogWorker.java:lambda$new$0(133)) - 0fed3ba6-79cb-4518-b48b-c28a0e29dbfb@group-80AB70C4B0E4-SegmentedRaftLogWorker: flushIndex: setUnconditionally 0 -> -1
2022-02-08 13:52:32,323 [pool-81-thread-1] INFO  segmented.SegmentedRaftLogWorker (SegmentedRaftLogWorker.java:lambda$new$0(133)) - 0fed3ba6-79cb-4518-b48b-c28a0e29dbfb@group-80AB70C4B0E4-SegmentedRaftLogWorker: safeCacheEvictIndex: setUnconditionally 0 -> -1
2022-02-08 13:52:32,329 [pool-81-thread-1] INFO  server.RaftServerConfigKeys (ConfUtils.java:logGet(44)) - raft.server.snapshot.auto.trigger.enabled = true (custom)
2022-02-08 13:52:32,329 [pool-81-thread-1] INFO  server.RaftServerConfigKeys (ConfUtils.java:logGet(44)) - raft.server.snapshot.auto.trigger.threshold = 10000 (custom)
2022-02-08 13:52:32,329 [pool-81-thread-1] INFO  server.RaftServerConfigKeys (ConfUtils.java:logGet(44)) - raft.server.snapshot.retention.file.num = 5 (custom)
2022-02-08 13:52:32,330 [pool-81-thread-1] INFO  server.RaftServerConfigKeys (ConfUtils.java:logGet(44)) - raft.server.log.purge.upto.snapshot.index = false (default)
2022-02-08 13:52:32,330 [pool-81-thread-1] INFO  server.RaftServerConfigKeys (ConfUtils.java:logGet(44)) - raft.server.retrycache.expirytime = 600000ms (custom)
2022-02-08 13:52:32,330 [pool-81-thread-1] INFO  server.RaftServerConfigKeys (ConfUtils.java:logGet(44)) - raft.server.retrycache.statistics.expirytime = 100μs (default)
2022-02-08 13:52:32,332 [pool-81-thread-1] INFO  server.RaftServer$Division (RaftServerImpl.java:start(301)) - 0fed3ba6-79cb-4518-b48b-c28a0e29dbfb@group-80AB70C4B0E4: start as a follower, conf=-1: [0fed3ba6-79cb-4518-b48b-c28a0e29dbfb|rpc:10.1.0.34:40047|priority:1], old=null
2022-02-08 13:52:32,332 [pool-81-thread-1] INFO  server.RaftServer$Division (RaftServerImpl.java:setRole(290)) - 0fed3ba6-79cb-4518-b48b-c28a0e29dbfb@group-80AB70C4B0E4: changes role from      null to FOLLOWER at term 0 for startAsFollower
2022-02-08 13:52:32,332 [pool-81-thread-1] INFO  impl.RoleInfo (RoleInfo.java:updateAndGet(130)) - 0fed3ba6-79cb-4518-b48b-c28a0e29dbfb: start 0fed3ba6-79cb-4518-b48b-c28a0e29dbfb@group-80AB70C4B0E4-FollowerState
2022-02-08 13:52:32,337 [pool-81-thread-1] INFO  util.JmxRegister (JmxRegister.java:tryRegister(44)) - Successfully registered JMX Bean with object name Ratis:service=RaftServer,group=group-80AB70C4B0E4,id=0fed3ba6-79cb-4518-b48b-c28a0e29dbfb
2022-02-08 13:52:32,345 [Command processor thread] INFO  ratis.XceiverServerRatis (XceiverServerRatis.java:addGroup(768)) - Created group PipelineID=0c21a561-7bc0-4bfd-a90c-80ab70c4b0e4
2022-02-08 13:52:32,346 [Command processor thread] INFO  commandhandler.CreatePipelineCommandHandler (CreatePipelineCommandHandler.java:handle(106)) - Created Pipeline RATIS ONE PipelineID=0c21a561-7bc0-4bfd-a90c-80ab70c4b0e4.
2022-02-08 13:52:32,347 [Command processor thread] INFO  server.RaftServer (RaftServerProxy.java:addNew(95)) - 0fed3ba6-79cb-4518-b48b-c28a0e29dbfb: addNew group-25469F3653D4:[74cc591c-4d52-479e-aacc-08a66935e120|rpc:10.1.0.34:33121|priority:1, 915ea2a1-2b04-4a8b-905a-cfef4591970c|rpc:10.1.0.34:35197|priority:0, 0fed3ba6-79cb-4518-b48b-c28a0e29dbfb|rpc:10.1.0.34:40047|priority:0] returns group-25469F3653D4:java.util.concurrent.CompletableFuture@5cdb8a92[Not completed]
2022-02-08 13:52:32,348 [pool-81-thread-1] INFO  server.RaftServer$Division (RaftServerImpl.java:<init>(184)) - 0fed3ba6-79cb-4518-b48b-c28a0e29dbfb: new RaftServerImpl for group-25469F3653D4:[74cc591c-4d52-479e-aacc-08a66935e120|rpc:10.1.0.34:33121|priority:1, 915ea2a1-2b04-4a8b-905a-cfef4591970c|rpc:10.1.0.34:35197|priority:0, 0fed3ba6-79cb-4518-b48b-c28a0e29dbfb|rpc:10.1.0.34:40047|priority:0] with ContainerStateMachine:uninitialized
2022-02-08 13:52:32,348 [pool-81-thread-1] INFO  server.RaftServerConfigKeys (ConfUtils.java:logGet(44)) - raft.server.rpc.timeout.min = 5s (custom)
2022-02-08 13:52:32,348 [pool-81-thread-1] INFO  server.RaftServerConfigKeys (ConfUtils.java:logGet(44)) - raft.server.rpc.timeout.max = 5200ms (custom)
2022-02-08 13:52:32,348 [pool-81-thread-1] INFO  server.RaftServerConfigKeys (ConfUtils.java:logGet(44)) - raft.server.rpc.sleep.time = 25ms (default)
2022-02-08 13:52:32,349 [pool-81-thread-1] INFO  server.RaftServerConfigKeys (ConfUtils.java:logGet(44)) - raft.server.rpc.slowness.timeout = 300000ms (custom)
2022-02-08 13:52:32,349 [pool-81-thread-1] INFO  server.RaftServerConfigKeys (ConfUtils.java:logGet(44)) - raft.server.leaderelection.leader.step-down.wait-time = 10s (default)
2022-02-08 13:52:32,349 [pool-81-thread-1] INFO  server.RaftServerConfigKeys (ConfUtils.java:logGet(44)) - raft.server.sleep.deviation.threshold = 300ms (default)
2022-02-08 13:52:32,349 [pool-81-thread-1] INFO  server.RaftServerConfigKeys (ConfUtils.java:logGet(44)) - raft.server.log.appender.install.snapshot.enabled = false (custom)
2022-02-08 13:52:32,349 [pool-81-thread-1] INFO  server.RaftServer$Division (ServerState.java:<init>(105)) - 0fed3ba6-79cb-4518-b48b-c28a0e29dbfb@group-25469F3653D4: ConfigurationManager, init=-1: [74cc591c-4d52-479e-aacc-08a66935e120|rpc:10.1.0.34:33121|priority:1, 915ea2a1-2b04-4a8b-905a-cfef4591970c|rpc:10.1.0.34:35197|priority:0, 0fed3ba6-79cb-4518-b48b-c28a0e29dbfb|rpc:10.1.0.34:40047|priority:0], old=null, confs=<EMPTY_MAP>
2022-02-08 13:52:32,349 [pool-81-thread-1] INFO  server.RaftServerConfigKeys (ConfUtils.java:logGet(44)) - raft.server.storage.dir = [/home/runner/work/ozone/ozone/hadoop-ozone/integration-test/target/test-dir/MiniOzoneClusterImpl-44b62ea4-a9d0-4540-a736-82fb29945a00/datanode-1/data/ratis] (custom)
2022-02-08 13:52:32,349 [pool-81-thread-1] INFO  server.RaftServerConfigKeys (ConfUtils.java:logGet(44)) - raft.server.log.corruption.policy = EXCEPTION (default)
2022-02-08 13:52:32,349 [pool-81-thread-1] INFO  server.RaftServerConfigKeys (ConfUtils.java:logGet(44)) - raft.server.storage.free-space.min = 0MB (=0) (default)
2022-02-08 13:52:32,349 [pool-81-thread-1] INFO  storage.RaftStorageDirectory (RaftStorageDirectoryImpl.java:analyzeStorage(135)) - The storage directory /home/runner/work/ozone/ozone/hadoop-ozone/integration-test/target/test-dir/MiniOzoneClusterImpl-44b62ea4-a9d0-4540-a736-82fb29945a00/datanode-1/data/ratis/60fdb779-c7c1-4438-b616-25469f3653d4 does not exist. Creating ...
2022-02-08 13:52:32,351 [pool-81-thread-1] INFO  storage.RaftStorageDirectory (RaftStorageDirectoryImpl.java:tryLock(230)) - Lock on /home/runner/work/ozone/ozone/hadoop-ozone/integration-test/target/test-dir/MiniOzoneClusterImpl-44b62ea4-a9d0-4540-a736-82fb29945a00/datanode-1/data/ratis/60fdb779-c7c1-4438-b616-25469f3653d4/in_use.lock acquired by nodename 18376@fv-az148-480
2022-02-08 13:52:32,353 [pool-81-thread-1] INFO  storage.RaftStorage (RaftStorageImpl.java:format(89)) - Storage directory /home/runner/work/ozone/ozone/hadoop-ozone/integration-test/target/test-dir/MiniOzoneClusterImpl-44b62ea4-a9d0-4540-a736-82fb29945a00/datanode-1/data/ratis/60fdb779-c7c1-4438-b616-25469f3653d4 has been successfully formatted.
2022-02-08 13:52:32,353 [pool-81-thread-1] INFO  ratis.ContainerStateMachine (ContainerStateMachine.java:loadSnapshot(231)) - group-25469F3653D4: The snapshot info is null. Setting the last applied indexto:(t:0, i:~)
2022-02-08 13:52:32,353 [pool-81-thread-1] INFO  server.RaftServerConfigKeys (ConfUtils.java:logGet(44)) - raft.server.notification.no-leader.timeout = 300000ms (custom)
2022-02-08 13:52:32,353 [pool-81-thread-1] INFO  server.RaftServerConfigKeys (ConfUtils.java:logGet(44)) - raft.server.log.use.memory = false (default)
2022-02-08 13:52:32,354 [pool-81-thread-1] INFO  server.RaftServerConfigKeys (ConfUtils.java:logGet(44)) - raft.server.log.purge.gap = 1000000 (custom)
2022-02-08 13:52:32,354 [pool-81-thread-1] INFO  server.RaftServerConfigKeys (ConfUtils.java:logGet(44)) - raft.server.log.appender.buffer.byte-limit = 33554432 (custom)
2022-02-08 13:52:32,358 [pool-81-thread-1] INFO  server.RaftServerConfigKeys (ConfUtils.java:logGet(44)) - raft.server.log.segment.size.max = 1048576 (custom)
2022-02-08 13:52:32,362 [EventQueue-OpenPipelineForHealthyPipelineSafeModeRule] INFO  safemode.SCMSafeModeManager (HealthyPipelineSafeModeRule.java:process(124)) - SCM in safe mode. Healthy pipelines reported count is 0, required healthy pipeline reported count is 1
2022-02-08 13:52:32,363 [pool-81-thread-1] INFO  server.RaftServerConfigKeys (ConfUtils.java:logGet(44)) - raft.server.log.segment.cache.num.max = 2 (custom)
2022-02-08 13:52:32,363 [pool-81-thread-1] INFO  server.RaftServerConfigKeys (ConfUtils.java:logGet(44)) - raft.server.log.segment.cache.size.max = 200MB (=209715200) (default)
2022-02-08 13:52:32,363 [pool-81-thread-1] INFO  segmented.SegmentedRaftLogWorker (SegmentedRaftLogWorker.java:<init>(182)) - new 0fed3ba6-79cb-4518-b48b-c28a0e29dbfb@group-25469F3653D4-SegmentedRaftLogWorker for RaftStorageImpl:Storage Directory /home/runner/work/ozone/ozone/hadoop-ozone/integration-test/target/test-dir/MiniOzoneClusterImpl-44b62ea4-a9d0-4540-a736-82fb29945a00/datanode-1/data/ratis/60fdb779-c7c1-4438-b616-25469f3653d4
2022-02-08 13:52:32,363 [pool-81-thread-1] INFO  server.RaftServerConfigKeys (ConfUtils.java:logGet(44)) - raft.server.log.queue.byte-limit = 2147483647 (custom)
2022-02-08 13:52:32,363 [pool-81-thread-1] INFO  server.RaftServerConfigKeys (ConfUtils.java:logGet(44)) - raft.server.log.queue.element-limit = 1024 (custom)
2022-02-08 13:52:32,363 [pool-81-thread-1] INFO  server.RaftServerConfigKeys (ConfUtils.java:logGet(44)) - raft.server.log.segment.size.max = 1048576 (custom)
2022-02-08 13:52:32,363 [pool-81-thread-1] INFO  server.RaftServerConfigKeys (ConfUtils.java:logGet(44)) - raft.server.log.preallocated.size = 16384 (custom)
2022-02-08 13:52:32,363 [pool-81-thread-1] INFO  server.RaftServerConfigKeys (ConfUtils.java:logGet(44)) - raft.server.log.force.sync.num = 128 (default)
2022-02-08 13:52:32,363 [pool-81-thread-1] INFO  server.RaftServerConfigKeys (ConfUtils.java:logGet(44)) - raft.server.log.statemachine.data.sync = true (default)
2022-02-08 13:52:32,363 [pool-81-thread-1] INFO  server.RaftServerConfigKeys (ConfUtils.java:logGet(44)) - raft.server.log.statemachine.data.sync.timeout = 10s (default)
2022-02-08 13:52:32,364 [pool-81-thread-1] INFO  server.RaftServerConfigKeys (ConfUtils.java:logGet(44)) - raft.server.log.statemachine.data.sync.timeout.retry = -1 (default)
2022-02-08 13:52:32,365 [pool-81-thread-1] INFO  server.RaftServerConfigKeys (ConfUtils.java:logGet(44)) - raft.server.log.write.buffer.size = 1048576 (custom)
2022-02-08 13:52:32,365 [pool-81-thread-1] INFO  server.RaftServerConfigKeys (ConfUtils.java:logGet(44)) - raft.server.log.statemachine.data.caching.enabled = true (custom)
2022-02-08 13:52:32,366 [pool-81-thread-1] INFO  segmented.SegmentedRaftLogWorker (SegmentedRaftLogWorker.java:lambda$new$0(133)) - 0fed3ba6-79cb-4518-b48b-c28a0e29dbfb@group-25469F3653D4-SegmentedRaftLogWorker: flushIndex: setUnconditionally 0 -> -1
2022-02-08 13:52:32,366 [pool-81-thread-1] INFO  segmented.SegmentedRaftLogWorker (SegmentedRaftLogWorker.java:lambda$new$0(133)) - 0fed3ba6-79cb-4518-b48b-c28a0e29dbfb@group-25469F3653D4-SegmentedRaftLogWorker: safeCacheEvictIndex: setUnconditionally 0 -> -1
2022-02-08 13:52:32,378 [pool-81-thread-1] INFO  server.RaftServerConfigKeys (ConfUtils.java:logGet(44)) - raft.server.snapshot.auto.trigger.enabled = true (custom)
2022-02-08 13:52:32,378 [pool-81-thread-1] INFO  server.RaftServerConfigKeys (ConfUtils.java:logGet(44)) - raft.server.snapshot.auto.trigger.threshold = 10000 (custom)
2022-02-08 13:52:32,378 [pool-81-thread-1] INFO  server.RaftServerConfigKeys (ConfUtils.java:logGet(44)) - raft.server.snapshot.retention.file.num = 5 (custom)
2022-02-08 13:52:32,378 [pool-81-thread-1] INFO  server.RaftServerConfigKeys (ConfUtils.java:logGet(44)) - raft.server.log.purge.upto.snapshot.index = false (default)
2022-02-08 13:52:32,378 [pool-81-thread-1] INFO  server.RaftServerConfigKeys (ConfUtils.java:logGet(44)) - raft.server.retrycache.expirytime = 600000ms (custom)
2022-02-08 13:52:32,378 [pool-81-thread-1] INFO  server.RaftServerConfigKeys (ConfUtils.java:logGet(44)) - raft.server.retrycache.statistics.expirytime = 100μs (default)
2022-02-08 13:52:32,380 [pool-81-thread-1] INFO  server.RaftServer$Division (RaftServerImpl.java:start(301)) - 0fed3ba6-79cb-4518-b48b-c28a0e29dbfb@group-25469F3653D4: start as a follower, conf=-1: [74cc591c-4d52-479e-aacc-08a66935e120|rpc:10.1.0.34:33121|priority:1, 915ea2a1-2b04-4a8b-905a-cfef4591970c|rpc:10.1.0.34:35197|priority:0, 0fed3ba6-79cb-4518-b48b-c28a0e29dbfb|rpc:10.1.0.34:40047|priority:0], old=null
2022-02-08 13:52:32,380 [pool-81-thread-1] INFO  server.RaftServer$Division (RaftServerImpl.java:setRole(290)) - 0fed3ba6-79cb-4518-b48b-c28a0e29dbfb@group-25469F3653D4: changes role from      null to FOLLOWER at term 0 for startAsFollower
2022-02-08 13:52:32,380 [pool-81-thread-1] INFO  impl.RoleInfo (RoleInfo.java:updateAndGet(130)) - 0fed3ba6-79cb-4518-b48b-c28a0e29dbfb: start 0fed3ba6-79cb-4518-b48b-c28a0e29dbfb@group-25469F3653D4-FollowerState
2022-02-08 13:52:32,385 [pool-81-thread-1] INFO  util.JmxRegister (JmxRegister.java:tryRegister(44)) - Successfully registered JMX Bean with object name Ratis:service=RaftServer,group=group-25469F3653D4,id=0fed3ba6-79cb-4518-b48b-c28a0e29dbfb
2022-02-08 13:52:32,389 [Command processor thread] INFO  ratis.XceiverServerRatis (XceiverServerRatis.java:addGroup(768)) - Created group PipelineID=60fdb779-c7c1-4438-b616-25469f3653d4
2022-02-08 13:52:32,514 [Command processor thread] INFO  server.RaftServer (RaftServerProxy.java:addNew(95)) - 915ea2a1-2b04-4a8b-905a-cfef4591970c: addNew group-281919E82A1E:[915ea2a1-2b04-4a8b-905a-cfef4591970c|rpc:10.1.0.34:35197|priority:1] returns group-281919E82A1E:java.util.concurrent.CompletableFuture@c280a5c[Not completed]
2022-02-08 13:52:32,539 [pool-102-thread-1] INFO  server.RaftServer$Division (RaftServerImpl.java:<init>(184)) - 915ea2a1-2b04-4a8b-905a-cfef4591970c: new RaftServerImpl for group-281919E82A1E:[915ea2a1-2b04-4a8b-905a-cfef4591970c|rpc:10.1.0.34:35197|priority:1] with ContainerStateMachine:uninitialized
2022-02-08 13:52:32,539 [pool-102-thread-1] INFO  server.RaftServerConfigKeys (ConfUtils.java:logGet(44)) - raft.server.rpc.timeout.min = 5s (custom)
2022-02-08 13:52:32,539 [pool-102-thread-1] INFO  server.RaftServerConfigKeys (ConfUtils.java:logGet(44)) - raft.server.rpc.timeout.max = 5200ms (custom)
2022-02-08 13:52:32,539 [pool-102-thread-1] INFO  server.RaftServerConfigKeys (ConfUtils.java:logGet(44)) - raft.server.rpc.sleep.time = 25ms (default)
2022-02-08 13:52:32,540 [pool-102-thread-1] INFO  server.RaftServerConfigKeys (ConfUtils.java:logGet(44)) - raft.server.rpc.slowness.timeout = 300000ms (custom)
2022-02-08 13:52:32,540 [pool-102-thread-1] INFO  server.RaftServerConfigKeys (ConfUtils.java:logGet(44)) - raft.server.leaderelection.leader.step-down.wait-time = 10s (default)
2022-02-08 13:52:32,540 [pool-102-thread-1] INFO  server.RaftServerConfigKeys (ConfUtils.java:logGet(44)) - raft.server.sleep.deviation.threshold = 300ms (default)
2022-02-08 13:52:32,540 [pool-102-thread-1] INFO  server.RaftServerConfigKeys (ConfUtils.java:logGet(44)) - raft.server.log.appender.install.snapshot.enabled = false (custom)
2022-02-08 13:52:32,540 [pool-102-thread-1] INFO  server.RaftServer$Division (ServerState.java:<init>(105)) - 915ea2a1-2b04-4a8b-905a-cfef4591970c@group-281919E82A1E: ConfigurationManager, init=-1: [915ea2a1-2b04-4a8b-905a-cfef4591970c|rpc:10.1.0.34:35197|priority:1], old=null, confs=<EMPTY_MAP>
2022-02-08 13:52:32,540 [pool-102-thread-1] INFO  server.RaftServerConfigKeys (ConfUtils.java:logGet(44)) - raft.server.storage.dir = [/home/runner/work/ozone/ozone/hadoop-ozone/integration-test/target/test-dir/MiniOzoneClusterImpl-44b62ea4-a9d0-4540-a736-82fb29945a00/datanode-2/data/ratis] (custom)
2022-02-08 13:52:32,540 [pool-102-thread-1] INFO  server.RaftServerConfigKeys (ConfUtils.java:logGet(44)) - raft.server.log.corruption.policy = EXCEPTION (default)
2022-02-08 13:52:32,540 [pool-102-thread-1] INFO  server.RaftServerConfigKeys (ConfUtils.java:logGet(44)) - raft.server.storage.free-space.min = 0MB (=0) (default)
2022-02-08 13:52:32,540 [pool-102-thread-1] INFO  storage.RaftStorageDirectory (RaftStorageDirectoryImpl.java:analyzeStorage(135)) - The storage directory /home/runner/work/ozone/ozone/hadoop-ozone/integration-test/target/test-dir/MiniOzoneClusterImpl-44b62ea4-a9d0-4540-a736-82fb29945a00/datanode-2/data/ratis/98e7b338-9c64-484b-bec3-281919e82a1e does not exist. Creating ...
2022-02-08 13:52:32,542 [pool-102-thread-1] INFO  storage.RaftStorageDirectory (RaftStorageDirectoryImpl.java:tryLock(230)) - Lock on /home/runner/work/ozone/ozone/hadoop-ozone/integration-test/target/test-dir/MiniOzoneClusterImpl-44b62ea4-a9d0-4540-a736-82fb29945a00/datanode-2/data/ratis/98e7b338-9c64-484b-bec3-281919e82a1e/in_use.lock acquired by nodename 18376@fv-az148-480
2022-02-08 13:52:32,543 [pool-102-thread-1] INFO  storage.RaftStorage (RaftStorageImpl.java:format(89)) - Storage directory /home/runner/work/ozone/ozone/hadoop-ozone/integration-test/target/test-dir/MiniOzoneClusterImpl-44b62ea4-a9d0-4540-a736-82fb29945a00/datanode-2/data/ratis/98e7b338-9c64-484b-bec3-281919e82a1e has been successfully formatted.
2022-02-08 13:52:32,544 [pool-102-thread-1] INFO  ratis.ContainerStateMachine (ContainerStateMachine.java:loadSnapshot(231)) - group-281919E82A1E: The snapshot info is null. Setting the last applied indexto:(t:0, i:~)
2022-02-08 13:52:32,544 [pool-102-thread-1] INFO  server.RaftServerConfigKeys (ConfUtils.java:logGet(44)) - raft.server.notification.no-leader.timeout = 300000ms (custom)
2022-02-08 13:52:32,544 [pool-102-thread-1] INFO  server.RaftServerConfigKeys (ConfUtils.java:logGet(44)) - raft.server.log.use.memory = false (default)
2022-02-08 13:52:32,545 [pool-102-thread-1] INFO  server.RaftServerConfigKeys (ConfUtils.java:logGet(44)) - raft.server.log.purge.gap = 1000000 (custom)
2022-02-08 13:52:32,545 [pool-102-thread-1] INFO  server.RaftServerConfigKeys (ConfUtils.java:logGet(44)) - raft.server.log.appender.buffer.byte-limit = 33554432 (custom)
2022-02-08 13:52:32,545 [pool-102-thread-1] INFO  server.RaftServerConfigKeys (ConfUtils.java:logGet(44)) - raft.server.log.segment.size.max = 1048576 (custom)
2022-02-08 13:52:32,546 [pool-102-thread-1] INFO  server.RaftServerConfigKeys (ConfUtils.java:logGet(44)) - raft.server.log.segment.cache.num.max = 2 (custom)
2022-02-08 13:52:32,546 [pool-102-thread-1] INFO  server.RaftServerConfigKeys (ConfUtils.java:logGet(44)) - raft.server.log.segment.cache.size.max = 200MB (=209715200) (default)
2022-02-08 13:52:32,546 [pool-102-thread-1] INFO  segmented.SegmentedRaftLogWorker (SegmentedRaftLogWorker.java:<init>(182)) - new 915ea2a1-2b04-4a8b-905a-cfef4591970c@group-281919E82A1E-SegmentedRaftLogWorker for RaftStorageImpl:Storage Directory /home/runner/work/ozone/ozone/hadoop-ozone/integration-test/target/test-dir/MiniOzoneClusterImpl-44b62ea4-a9d0-4540-a736-82fb29945a00/datanode-2/data/ratis/98e7b338-9c64-484b-bec3-281919e82a1e
2022-02-08 13:52:32,546 [pool-102-thread-1] INFO  server.RaftServerConfigKeys (ConfUtils.java:logGet(44)) - raft.server.log.queue.byte-limit = 2147483647 (custom)
2022-02-08 13:52:32,546 [pool-102-thread-1] INFO  server.RaftServerConfigKeys (ConfUtils.java:logGet(44)) - raft.server.log.queue.element-limit = 1024 (custom)
2022-02-08 13:52:32,546 [pool-102-thread-1] INFO  server.RaftServerConfigKeys (ConfUtils.java:logGet(44)) - raft.server.log.segment.size.max = 1048576 (custom)
2022-02-08 13:52:32,546 [pool-102-thread-1] INFO  server.RaftServerConfigKeys (ConfUtils.java:logGet(44)) - raft.server.log.preallocated.size = 16384 (custom)
2022-02-08 13:52:32,546 [pool-102-thread-1] INFO  server.RaftServerConfigKeys (ConfUtils.java:logGet(44)) - raft.server.log.force.sync.num = 128 (default)
2022-02-08 13:52:32,546 [pool-102-thread-1] INFO  server.RaftServerConfigKeys (ConfUtils.java:logGet(44)) - raft.server.log.statemachine.data.sync = true (default)
2022-02-08 13:52:32,546 [pool-102-thread-1] INFO  server.RaftServerConfigKeys (ConfUtils.java:logGet(44)) - raft.server.log.statemachine.data.sync.timeout = 10s (default)
2022-02-08 13:52:32,546 [pool-102-thread-1] INFO  server.RaftServerConfigKeys (ConfUtils.java:logGet(44)) - raft.server.log.statemachine.data.sync.timeout.retry = -1 (default)
2022-02-08 13:52:32,548 [pool-102-thread-1] INFO  server.RaftServerConfigKeys (ConfUtils.java:logGet(44)) - raft.server.log.write.buffer.size = 1048576 (custom)
2022-02-08 13:52:32,549 [pool-102-thread-1] INFO  server.RaftServerConfigKeys (ConfUtils.java:logGet(44)) - raft.server.log.statemachine.data.caching.enabled = true (custom)
2022-02-08 13:52:32,556 [EventQueue-PipelineReportForPipelineReportHandler] INFO  pipeline.PipelineManagerImpl (PipelineManagerImpl.java:openPipeline(291)) - Pipeline Pipeline[ Id: 98e7b338-9c64-484b-bec3-281919e82a1e, Nodes: 915ea2a1-2b04-4a8b-905a-cfef4591970c{ip: 10.1.0.34, host: fv-az148-480.bm4ck3pvxvsene1rjriu5fhcdb.bx.internal.cloudapp.net, ports: [REPLICATION=46009, RATIS=35197, RATIS_ADMIN=35197, RATIS_SERVER=35197, STANDALONE=36031], networkLocation: /default-rack, certSerialId: null, persistedOpState: IN_SERVICE, persistedOpStateExpiryEpochSec: 0}, ReplicationConfig: RATIS/ONE, State:ALLOCATED, leaderId:915ea2a1-2b04-4a8b-905a-cfef4591970c, CreationTimestamp2022-02-08T13:52:29.521Z[Etc/UTC]] moved to OPEN state
2022-02-08 13:52:32,557 [pool-102-thread-1] INFO  segmented.SegmentedRaftLogWorker (SegmentedRaftLogWorker.java:lambda$new$0(133)) - 915ea2a1-2b04-4a8b-905a-cfef4591970c@group-281919E82A1E-SegmentedRaftLogWorker: flushIndex: setUnconditionally 0 -> -1
2022-02-08 13:52:32,561 [pool-102-thread-1] INFO  segmented.SegmentedRaftLogWorker (SegmentedRaftLogWorker.java:lambda$new$0(133)) - 915ea2a1-2b04-4a8b-905a-cfef4591970c@group-281919E82A1E-SegmentedRaftLogWorker: safeCacheEvictIndex: setUnconditionally 0 -> -1
2022-02-08 13:52:32,563 [8e830768-0c32-4272-9818-b92ae3ba757d@group-82FB29945A00-StateMachineUpdater] INFO  safemode.HealthyPipelineSafeModeRule (HealthyPipelineSafeModeRule.java:initializeRule(152)) - Refreshed total pipeline count is 0, healthy pipeline threshold count is 1
2022-02-08 13:52:32,573 [EventQueue-OpenPipelineForHealthyPipelineSafeModeRule] INFO  safemode.SCMSafeModeManager (HealthyPipelineSafeModeRule.java:process(124)) - SCM in safe mode. Healthy pipelines reported count is 0, required healthy pipeline reported count is 1
2022-02-08 13:52:32,570 [pool-102-thread-1] INFO  server.RaftServerConfigKeys (ConfUtils.java:logGet(44)) - raft.server.snapshot.auto.trigger.enabled = true (custom)
2022-02-08 13:52:32,575 [pool-102-thread-1] INFO  server.RaftServerConfigKeys (ConfUtils.java:logGet(44)) - raft.server.snapshot.auto.trigger.threshold = 10000 (custom)
2022-02-08 13:52:32,575 [pool-102-thread-1] INFO  server.RaftServerConfigKeys (ConfUtils.java:logGet(44)) - raft.server.snapshot.retention.file.num = 5 (custom)
2022-02-08 13:52:32,575 [pool-102-thread-1] INFO  server.RaftServerConfigKeys (ConfUtils.java:logGet(44)) - raft.server.log.purge.upto.snapshot.index = false (default)
2022-02-08 13:52:32,575 [pool-102-thread-1] INFO  server.RaftServerConfigKeys (ConfUtils.java:logGet(44)) - raft.server.retrycache.expirytime = 600000ms (custom)
2022-02-08 13:52:32,575 [pool-102-thread-1] INFO  server.RaftServerConfigKeys (ConfUtils.java:logGet(44)) - raft.server.retrycache.statistics.expirytime = 100μs (default)
2022-02-08 13:52:32,578 [pool-102-thread-1] INFO  server.RaftServer$Division (RaftServerImpl.java:start(301)) - 915ea2a1-2b04-4a8b-905a-cfef4591970c@group-281919E82A1E: start as a follower, conf=-1: [915ea2a1-2b04-4a8b-905a-cfef4591970c|rpc:10.1.0.34:35197|priority:1], old=null
2022-02-08 13:52:32,578 [pool-102-thread-1] INFO  server.RaftServer$Division (RaftServerImpl.java:setRole(290)) - 915ea2a1-2b04-4a8b-905a-cfef4591970c@group-281919E82A1E: changes role from      null to FOLLOWER at term 0 for startAsFollower
2022-02-08 13:52:32,578 [pool-102-thread-1] INFO  impl.RoleInfo (RoleInfo.java:updateAndGet(130)) - 915ea2a1-2b04-4a8b-905a-cfef4591970c: start 915ea2a1-2b04-4a8b-905a-cfef4591970c@group-281919E82A1E-FollowerState
2022-02-08 13:52:32,578 [pool-102-thread-1] INFO  util.JmxRegister (JmxRegister.java:tryRegister(44)) - Successfully registered JMX Bean with object name Ratis:service=RaftServer,group=group-281919E82A1E,id=915ea2a1-2b04-4a8b-905a-cfef4591970c
2022-02-08 13:52:32,579 [Command processor thread] INFO  ratis.XceiverServerRatis (XceiverServerRatis.java:addGroup(768)) - Created group PipelineID=98e7b338-9c64-484b-bec3-281919e82a1e
2022-02-08 13:52:32,579 [Command processor thread] INFO  commandhandler.CreatePipelineCommandHandler (CreatePipelineCommandHandler.java:handle(106)) - Created Pipeline RATIS ONE PipelineID=98e7b338-9c64-484b-bec3-281919e82a1e.
2022-02-08 13:52:32,580 [Command processor thread] INFO  server.RaftServer (RaftServerProxy.java:addNew(95)) - 915ea2a1-2b04-4a8b-905a-cfef4591970c: addNew group-25469F3653D4:[74cc591c-4d52-479e-aacc-08a66935e120|rpc:10.1.0.34:33121|priority:1, 915ea2a1-2b04-4a8b-905a-cfef4591970c|rpc:10.1.0.34:35197|priority:0, 0fed3ba6-79cb-4518-b48b-c28a0e29dbfb|rpc:10.1.0.34:40047|priority:0] returns group-25469F3653D4:java.util.concurrent.CompletableFuture@8178f01[Not completed]
2022-02-08 13:52:32,581 [pool-102-thread-1] INFO  server.RaftServer$Division (RaftServerImpl.java:<init>(184)) - 915ea2a1-2b04-4a8b-905a-cfef4591970c: new RaftServerImpl for group-25469F3653D4:[74cc591c-4d52-479e-aacc-08a66935e120|rpc:10.1.0.34:33121|priority:1, 915ea2a1-2b04-4a8b-905a-cfef4591970c|rpc:10.1.0.34:35197|priority:0, 0fed3ba6-79cb-4518-b48b-c28a0e29dbfb|rpc:10.1.0.34:40047|priority:0] with ContainerStateMachine:uninitialized
2022-02-08 13:52:32,581 [pool-102-thread-1] INFO  server.RaftServerConfigKeys (ConfUtils.java:logGet(44)) - raft.server.rpc.timeout.min = 5s (custom)
2022-02-08 13:52:32,581 [pool-102-thread-1] INFO  server.RaftServerConfigKeys (ConfUtils.java:logGet(44)) - raft.server.rpc.timeout.max = 5200ms (custom)
2022-02-08 13:52:32,581 [pool-102-thread-1] INFO  server.RaftServerConfigKeys (ConfUtils.java:logGet(44)) - raft.server.rpc.sleep.time = 25ms (default)
2022-02-08 13:52:32,581 [pool-102-thread-1] INFO  server.RaftServerConfigKeys (ConfUtils.java:logGet(44)) - raft.server.rpc.slowness.timeout = 300000ms (custom)
2022-02-08 13:52:32,581 [pool-102-thread-1] INFO  server.RaftServerConfigKeys (ConfUtils.java:logGet(44)) - raft.server.leaderelection.leader.step-down.wait-time = 10s (default)
2022-02-08 13:52:32,581 [pool-102-thread-1] INFO  server.RaftServerConfigKeys (ConfUtils.java:logGet(44)) - raft.server.sleep.deviation.threshold = 300ms (default)
2022-02-08 13:52:32,581 [pool-102-thread-1] INFO  server.RaftServerConfigKeys (ConfUtils.java:logGet(44)) - raft.server.log.appender.install.snapshot.enabled = false (custom)
2022-02-08 13:52:32,581 [pool-102-thread-1] INFO  server.RaftServer$Division (ServerState.java:<init>(105)) - 915ea2a1-2b04-4a8b-905a-cfef4591970c@group-25469F3653D4: ConfigurationManager, init=-1: [74cc591c-4d52-479e-aacc-08a66935e120|rpc:10.1.0.34:33121|priority:1, 915ea2a1-2b04-4a8b-905a-cfef4591970c|rpc:10.1.0.34:35197|priority:0, 0fed3ba6-79cb-4518-b48b-c28a0e29dbfb|rpc:10.1.0.34:40047|priority:0], old=null, confs=<EMPTY_MAP>
2022-02-08 13:52:32,581 [pool-102-thread-1] INFO  server.RaftServerConfigKeys (ConfUtils.java:logGet(44)) - raft.server.storage.dir = [/home/runner/work/ozone/ozone/hadoop-ozone/integration-test/target/test-dir/MiniOzoneClusterImpl-44b62ea4-a9d0-4540-a736-82fb29945a00/datanode-2/data/ratis] (custom)
2022-02-08 13:52:32,581 [pool-102-thread-1] INFO  server.RaftServerConfigKeys (ConfUtils.java:logGet(44)) - raft.server.log.corruption.policy = EXCEPTION (default)
2022-02-08 13:52:32,581 [pool-102-thread-1] INFO  server.RaftServerConfigKeys (ConfUtils.java:logGet(44)) - raft.server.storage.free-space.min = 0MB (=0) (default)
2022-02-08 13:52:32,582 [pool-102-thread-1] INFO  storage.RaftStorageDirectory (RaftStorageDirectoryImpl.java:analyzeStorage(135)) - The storage directory /home/runner/work/ozone/ozone/hadoop-ozone/integration-test/target/test-dir/MiniOzoneClusterImpl-44b62ea4-a9d0-4540-a736-82fb29945a00/datanode-2/data/ratis/60fdb779-c7c1-4438-b616-25469f3653d4 does not exist. Creating ...
2022-02-08 13:52:32,583 [pool-102-thread-1] INFO  storage.RaftStorageDirectory (RaftStorageDirectoryImpl.java:tryLock(230)) - Lock on /home/runner/work/ozone/ozone/hadoop-ozone/integration-test/target/test-dir/MiniOzoneClusterImpl-44b62ea4-a9d0-4540-a736-82fb29945a00/datanode-2/data/ratis/60fdb779-c7c1-4438-b616-25469f3653d4/in_use.lock acquired by nodename 18376@fv-az148-480
2022-02-08 13:52:32,584 [pool-102-thread-1] INFO  storage.RaftStorage (RaftStorageImpl.java:format(89)) - Storage directory /home/runner/work/ozone/ozone/hadoop-ozone/integration-test/target/test-dir/MiniOzoneClusterImpl-44b62ea4-a9d0-4540-a736-82fb29945a00/datanode-2/data/ratis/60fdb779-c7c1-4438-b616-25469f3653d4 has been successfully formatted.
2022-02-08 13:52:32,584 [pool-102-thread-1] INFO  ratis.ContainerStateMachine (ContainerStateMachine.java:loadSnapshot(231)) - group-25469F3653D4: The snapshot info is null. Setting the last applied indexto:(t:0, i:~)
2022-02-08 13:52:32,584 [pool-102-thread-1] INFO  server.RaftServerConfigKeys (ConfUtils.java:logGet(44)) - raft.server.notification.no-leader.timeout = 300000ms (custom)
2022-02-08 13:52:32,584 [pool-102-thread-1] INFO  server.RaftServerConfigKeys (ConfUtils.java:logGet(44)) - raft.server.log.use.memory = false (default)
2022-02-08 13:52:32,585 [pool-102-thread-1] INFO  server.RaftServerConfigKeys (ConfUtils.java:logGet(44)) - raft.server.log.purge.gap = 1000000 (custom)
2022-02-08 13:52:32,585 [pool-102-thread-1] INFO  server.RaftServerConfigKeys (ConfUtils.java:logGet(44)) - raft.server.log.appender.buffer.byte-limit = 33554432 (custom)
2022-02-08 13:52:32,592 [pool-102-thread-1] INFO  server.RaftServerConfigKeys (ConfUtils.java:logGet(44)) - raft.server.log.segment.size.max = 1048576 (custom)
2022-02-08 13:52:32,593 [pool-102-thread-1] INFO  server.RaftServerConfigKeys (ConfUtils.java:logGet(44)) - raft.server.log.segment.cache.num.max = 2 (custom)
2022-02-08 13:52:32,593 [pool-102-thread-1] INFO  server.RaftServerConfigKeys (ConfUtils.java:logGet(44)) - raft.server.log.segment.cache.size.max = 200MB (=209715200) (default)
2022-02-08 13:52:32,593 [pool-102-thread-1] INFO  segmented.SegmentedRaftLogWorker (SegmentedRaftLogWorker.java:<init>(182)) - new 915ea2a1-2b04-4a8b-905a-cfef4591970c@group-25469F3653D4-SegmentedRaftLogWorker for RaftStorageImpl:Storage Directory /home/runner/work/ozone/ozone/hadoop-ozone/integration-test/target/test-dir/MiniOzoneClusterImpl-44b62ea4-a9d0-4540-a736-82fb29945a00/datanode-2/data/ratis/60fdb779-c7c1-4438-b616-25469f3653d4
2022-02-08 13:52:32,593 [pool-102-thread-1] INFO  server.RaftServerConfigKeys (ConfUtils.java:logGet(44)) - raft.server.log.queue.byte-limit = 2147483647 (custom)
2022-02-08 13:52:32,593 [pool-102-thread-1] INFO  server.RaftServerConfigKeys (ConfUtils.java:logGet(44)) - raft.server.log.queue.element-limit = 1024 (custom)
2022-02-08 13:52:32,594 [EventQueue-OpenPipelineForHealthyPipelineSafeModeRule] INFO  safemode.SCMSafeModeManager (HealthyPipelineSafeModeRule.java:process(124)) - SCM in safe mode. Healthy pipelines reported count is 0, required healthy pipeline reported count is 1
2022-02-08 13:52:32,601 [pool-102-thread-1] INFO  server.RaftServerConfigKeys (ConfUtils.java:logGet(44)) - raft.server.log.segment.size.max = 1048576 (custom)
2022-02-08 13:52:32,601 [pool-102-thread-1] INFO  server.RaftServerConfigKeys (ConfUtils.java:logGet(44)) - raft.server.log.preallocated.size = 16384 (custom)
2022-02-08 13:52:32,602 [pool-102-thread-1] INFO  server.RaftServerConfigKeys (ConfUtils.java:logGet(44)) - raft.server.log.force.sync.num = 128 (default)
2022-02-08 13:52:32,602 [pool-102-thread-1] INFO  server.RaftServerConfigKeys (ConfUtils.java:logGet(44)) - raft.server.log.statemachine.data.sync = true (default)
2022-02-08 13:52:32,602 [pool-102-thread-1] INFO  server.RaftServerConfigKeys (ConfUtils.java:logGet(44)) - raft.server.log.statemachine.data.sync.timeout = 10s (default)
2022-02-08 13:52:32,602 [pool-102-thread-1] INFO  server.RaftServerConfigKeys (ConfUtils.java:logGet(44)) - raft.server.log.statemachine.data.sync.timeout.retry = -1 (default)
2022-02-08 13:52:32,603 [pool-102-thread-1] INFO  server.RaftServerConfigKeys (ConfUtils.java:logGet(44)) - raft.server.log.write.buffer.size = 1048576 (custom)
2022-02-08 13:52:32,615 [pool-102-thread-1] INFO  server.RaftServerConfigKeys (ConfUtils.java:logGet(44)) - raft.server.log.statemachine.data.caching.enabled = true (custom)
2022-02-08 13:52:32,615 [pool-102-thread-1] INFO  segmented.SegmentedRaftLogWorker (SegmentedRaftLogWorker.java:lambda$new$0(133)) - 915ea2a1-2b04-4a8b-905a-cfef4591970c@group-25469F3653D4-SegmentedRaftLogWorker: flushIndex: setUnconditionally 0 -> -1
2022-02-08 13:52:32,615 [pool-102-thread-1] INFO  segmented.SegmentedRaftLogWorker (SegmentedRaftLogWorker.java:lambda$new$0(133)) - 915ea2a1-2b04-4a8b-905a-cfef4591970c@group-25469F3653D4-SegmentedRaftLogWorker: safeCacheEvictIndex: setUnconditionally 0 -> -1
2022-02-08 13:52:32,616 [pool-102-thread-1] INFO  server.RaftServerConfigKeys (ConfUtils.java:logGet(44)) - raft.server.snapshot.auto.trigger.enabled = true (custom)
2022-02-08 13:52:32,616 [pool-102-thread-1] INFO  server.RaftServerConfigKeys (ConfUtils.java:logGet(44)) - raft.server.snapshot.auto.trigger.threshold = 10000 (custom)
2022-02-08 13:52:32,616 [pool-102-thread-1] INFO  server.RaftServerConfigKeys (ConfUtils.java:logGet(44)) - raft.server.snapshot.retention.file.num = 5 (custom)
2022-02-08 13:52:32,616 [pool-102-thread-1] INFO  server.RaftServerConfigKeys (ConfUtils.java:logGet(44)) - raft.server.log.purge.upto.snapshot.index = false (default)
2022-02-08 13:52:32,616 [pool-102-thread-1] INFO  server.RaftServerConfigKeys (ConfUtils.java:logGet(44)) - raft.server.retrycache.expirytime = 600000ms (custom)
2022-02-08 13:52:32,616 [pool-102-thread-1] INFO  server.RaftServerConfigKeys (ConfUtils.java:logGet(44)) - raft.server.retrycache.statistics.expirytime = 100μs (default)
2022-02-08 13:52:32,618 [pool-102-thread-1] INFO  server.RaftServer$Division (RaftServerImpl.java:start(301)) - 915ea2a1-2b04-4a8b-905a-cfef4591970c@group-25469F3653D4: start as a follower, conf=-1: [74cc591c-4d52-479e-aacc-08a66935e120|rpc:10.1.0.34:33121|priority:1, 915ea2a1-2b04-4a8b-905a-cfef4591970c|rpc:10.1.0.34:35197|priority:0, 0fed3ba6-79cb-4518-b48b-c28a0e29dbfb|rpc:10.1.0.34:40047|priority:0], old=null
2022-02-08 13:52:32,618 [pool-102-thread-1] INFO  server.RaftServer$Division (RaftServerImpl.java:setRole(290)) - 915ea2a1-2b04-4a8b-905a-cfef4591970c@group-25469F3653D4: changes role from      null to FOLLOWER at term 0 for startAsFollower
2022-02-08 13:52:32,618 [pool-102-thread-1] INFO  impl.RoleInfo (RoleInfo.java:updateAndGet(130)) - 915ea2a1-2b04-4a8b-905a-cfef4591970c: start 915ea2a1-2b04-4a8b-905a-cfef4591970c@group-25469F3653D4-FollowerState
2022-02-08 13:52:32,620 [pool-102-thread-1] INFO  util.JmxRegister (JmxRegister.java:tryRegister(44)) - Successfully registered JMX Bean with object name Ratis:service=RaftServer,group=group-25469F3653D4,id=915ea2a1-2b04-4a8b-905a-cfef4591970c
2022-02-08 13:52:32,634 [Command processor thread] INFO  ratis.XceiverServerRatis (XceiverServerRatis.java:addGroup(768)) - Created group PipelineID=60fdb779-c7c1-4438-b616-25469f3653d4
2022-02-08 13:52:32,735 [Command processor thread] INFO  server.RaftServer (RaftServerProxy.java:addNew(95)) - a5053940-3165-42e9-acd7-ef11441d188e: addNew group-58EB8389FC4F:[a5053940-3165-42e9-acd7-ef11441d188e|rpc:10.1.0.34:35549|priority:1] returns group-58EB8389FC4F:java.util.concurrent.CompletableFuture@3c45b78b[Not completed]
2022-02-08 13:52:32,750 [pool-123-thread-1] INFO  server.RaftServer$Division (RaftServerImpl.java:<init>(184)) - a5053940-3165-42e9-acd7-ef11441d188e: new RaftServerImpl for group-58EB8389FC4F:[a5053940-3165-42e9-acd7-ef11441d188e|rpc:10.1.0.34:35549|priority:1] with ContainerStateMachine:uninitialized
2022-02-08 13:52:32,750 [pool-123-thread-1] INFO  server.RaftServerConfigKeys (ConfUtils.java:logGet(44)) - raft.server.rpc.timeout.min = 5s (custom)
2022-02-08 13:52:32,750 [pool-123-thread-1] INFO  server.RaftServerConfigKeys (ConfUtils.java:logGet(44)) - raft.server.rpc.timeout.max = 5200ms (custom)
2022-02-08 13:52:32,750 [pool-123-thread-1] INFO  server.RaftServerConfigKeys (ConfUtils.java:logGet(44)) - raft.server.rpc.sleep.time = 25ms (default)
2022-02-08 13:52:32,750 [pool-123-thread-1] INFO  server.RaftServerConfigKeys (ConfUtils.java:logGet(44)) - raft.server.rpc.slowness.timeout = 300000ms (custom)
2022-02-08 13:52:32,750 [pool-123-thread-1] INFO  server.RaftServerConfigKeys (ConfUtils.java:logGet(44)) - raft.server.leaderelection.leader.step-down.wait-time = 10s (default)
2022-02-08 13:52:32,750 [pool-123-thread-1] INFO  server.RaftServerConfigKeys (ConfUtils.java:logGet(44)) - raft.server.sleep.deviation.threshold = 300ms (default)
2022-02-08 13:52:32,750 [pool-123-thread-1] INFO  server.RaftServerConfigKeys (ConfUtils.java:logGet(44)) - raft.server.log.appender.install.snapshot.enabled = false (custom)
2022-02-08 13:52:32,750 [pool-123-thread-1] INFO  server.RaftServer$Division (ServerState.java:<init>(105)) - a5053940-3165-42e9-acd7-ef11441d188e@group-58EB8389FC4F: ConfigurationManager, init=-1: [a5053940-3165-42e9-acd7-ef11441d188e|rpc:10.1.0.34:35549|priority:1], old=null, confs=<EMPTY_MAP>
2022-02-08 13:52:32,750 [pool-123-thread-1] INFO  server.RaftServerConfigKeys (ConfUtils.java:logGet(44)) - raft.server.storage.dir = [/home/runner/work/ozone/ozone/hadoop-ozone/integration-test/target/test-dir/MiniOzoneClusterImpl-44b62ea4-a9d0-4540-a736-82fb29945a00/datanode-3/data/ratis] (custom)
2022-02-08 13:52:32,750 [pool-123-thread-1] INFO  server.RaftServerConfigKeys (ConfUtils.java:logGet(44)) - raft.server.log.corruption.policy = EXCEPTION (default)
2022-02-08 13:52:32,750 [pool-123-thread-1] INFO  server.RaftServerConfigKeys (ConfUtils.java:logGet(44)) - raft.server.storage.free-space.min = 0MB (=0) (default)
2022-02-08 13:52:32,751 [pool-123-thread-1] INFO  storage.RaftStorageDirectory (RaftStorageDirectoryImpl.java:analyzeStorage(135)) - The storage directory /home/runner/work/ozone/ozone/hadoop-ozone/integration-test/target/test-dir/MiniOzoneClusterImpl-44b62ea4-a9d0-4540-a736-82fb29945a00/datanode-3/data/ratis/2ef527be-fa2f-4c23-b658-58eb8389fc4f does not exist. Creating ...
2022-02-08 13:52:32,756 [pool-123-thread-1] INFO  storage.RaftStorageDirectory (RaftStorageDirectoryImpl.java:tryLock(230)) - Lock on /home/runner/work/ozone/ozone/hadoop-ozone/integration-test/target/test-dir/MiniOzoneClusterImpl-44b62ea4-a9d0-4540-a736-82fb29945a00/datanode-3/data/ratis/2ef527be-fa2f-4c23-b658-58eb8389fc4f/in_use.lock acquired by nodename 18376@fv-az148-480
2022-02-08 13:52:32,770 [pool-123-thread-1] INFO  storage.RaftStorage (RaftStorageImpl.java:format(89)) - Storage directory /home/runner/work/ozone/ozone/hadoop-ozone/integration-test/target/test-dir/MiniOzoneClusterImpl-44b62ea4-a9d0-4540-a736-82fb29945a00/datanode-3/data/ratis/2ef527be-fa2f-4c23-b658-58eb8389fc4f has been successfully formatted.
2022-02-08 13:52:32,772 [Listener at 127.0.0.1/36213] INFO  ozone.MiniOzoneClusterImpl (MiniOzoneClusterImpl.java:lambda$waitForClusterToBeReady$0(219)) - Nodes are ready. Got 9 of 9 DN Heartbeats.
2022-02-08 13:52:32,772 [Listener at 127.0.0.1/36213] INFO  ozone.MiniOzoneClusterImpl (MiniOzoneClusterImpl.java:lambda$waitForClusterToBeReady$0(222)) - Waiting for cluster to exit safe mode
2022-02-08 13:52:32,772 [Listener at 127.0.0.1/36213] INFO  ozone.MiniOzoneClusterImpl (MiniOzoneClusterImpl.java:lambda$waitForClusterToBeReady$0(224)) - SCM became leader
2022-02-08 13:52:32,772 [pool-123-thread-1] INFO  ratis.ContainerStateMachine (ContainerStateMachine.java:loadSnapshot(231)) - group-58EB8389FC4F: The snapshot info is null. Setting the last applied indexto:(t:0, i:~)
2022-02-08 13:52:32,772 [pool-123-thread-1] INFO  server.RaftServerConfigKeys (ConfUtils.java:logGet(44)) - raft.server.notification.no-leader.timeout = 300000ms (custom)
2022-02-08 13:52:32,773 [pool-123-thread-1] INFO  server.RaftServerConfigKeys (ConfUtils.java:logGet(44)) - raft.server.log.use.memory = false (default)
2022-02-08 13:52:32,773 [pool-123-thread-1] INFO  server.RaftServerConfigKeys (ConfUtils.java:logGet(44)) - raft.server.log.purge.gap = 1000000 (custom)
2022-02-08 13:52:32,773 [pool-123-thread-1] INFO  server.RaftServerConfigKeys (ConfUtils.java:logGet(44)) - raft.server.log.appender.buffer.byte-limit = 33554432 (custom)
2022-02-08 13:52:32,773 [pool-123-thread-1] INFO  server.RaftServerConfigKeys (ConfUtils.java:logGet(44)) - raft.server.log.segment.size.max = 1048576 (custom)
2022-02-08 13:52:32,773 [EventQueue-PipelineReportForPipelineReportHandler] INFO  pipeline.PipelineManagerImpl (PipelineManagerImpl.java:openPipeline(291)) - Pipeline Pipeline[ Id: 2ef527be-fa2f-4c23-b658-58eb8389fc4f, Nodes: a5053940-3165-42e9-acd7-ef11441d188e{ip: 10.1.0.34, host: fv-az148-480.bm4ck3pvxvsene1rjriu5fhcdb.bx.internal.cloudapp.net, ports: [REPLICATION=33213, RATIS=35549, RATIS_ADMIN=35549, RATIS_SERVER=35549, STANDALONE=33911], networkLocation: /default-rack, certSerialId: null, persistedOpState: IN_SERVICE, persistedOpStateExpiryEpochSec: 0}, ReplicationConfig: RATIS/ONE, State:ALLOCATED, leaderId:a5053940-3165-42e9-acd7-ef11441d188e, CreationTimestamp2022-02-08T13:52:29.717Z[Etc/UTC]] moved to OPEN state
2022-02-08 13:52:32,773 [pool-123-thread-1] INFO  server.RaftServerConfigKeys (ConfUtils.java:logGet(44)) - raft.server.log.segment.cache.num.max = 2 (custom)
2022-02-08 13:52:32,774 [pool-123-thread-1] INFO  server.RaftServerConfigKeys (ConfUtils.java:logGet(44)) - raft.server.log.segment.cache.size.max = 200MB (=209715200) (default)
2022-02-08 13:52:32,774 [pool-123-thread-1] INFO  segmented.SegmentedRaftLogWorker (SegmentedRaftLogWorker.java:<init>(182)) - new a5053940-3165-42e9-acd7-ef11441d188e@group-58EB8389FC4F-SegmentedRaftLogWorker for RaftStorageImpl:Storage Directory /home/runner/work/ozone/ozone/hadoop-ozone/integration-test/target/test-dir/MiniOzoneClusterImpl-44b62ea4-a9d0-4540-a736-82fb29945a00/datanode-3/data/ratis/2ef527be-fa2f-4c23-b658-58eb8389fc4f
2022-02-08 13:52:32,774 [pool-123-thread-1] INFO  server.RaftServerConfigKeys (ConfUtils.java:logGet(44)) - raft.server.log.queue.byte-limit = 2147483647 (custom)
2022-02-08 13:52:32,774 [pool-123-thread-1] INFO  server.RaftServerConfigKeys (ConfUtils.java:logGet(44)) - raft.server.log.queue.element-limit = 1024 (custom)
2022-02-08 13:52:32,774 [pool-123-thread-1] INFO  server.RaftServerConfigKeys (ConfUtils.java:logGet(44)) - raft.server.log.segment.size.max = 1048576 (custom)
2022-02-08 13:52:32,774 [pool-123-thread-1] INFO  server.RaftServerConfigKeys (ConfUtils.java:logGet(44)) - raft.server.log.preallocated.size = 16384 (custom)
2022-02-08 13:52:32,774 [pool-123-thread-1] INFO  server.RaftServerConfigKeys (ConfUtils.java:logGet(44)) - raft.server.log.force.sync.num = 128 (default)
2022-02-08 13:52:32,774 [pool-123-thread-1] INFO  server.RaftServerConfigKeys (ConfUtils.java:logGet(44)) - raft.server.log.statemachine.data.sync = true (default)
2022-02-08 13:52:32,774 [pool-123-thread-1] INFO  server.RaftServerConfigKeys (ConfUtils.java:logGet(44)) - raft.server.log.statemachine.data.sync.timeout = 10s (default)
2022-02-08 13:52:32,774 [pool-123-thread-1] INFO  server.RaftServerConfigKeys (ConfUtils.java:logGet(44)) - raft.server.log.statemachine.data.sync.timeout.retry = -1 (default)
2022-02-08 13:52:32,776 [8e830768-0c32-4272-9818-b92ae3ba757d@group-82FB29945A00-StateMachineUpdater] INFO  safemode.HealthyPipelineSafeModeRule (HealthyPipelineSafeModeRule.java:initializeRule(152)) - Refreshed total pipeline count is 0, healthy pipeline threshold count is 1
2022-02-08 13:52:32,783 [EventQueue-OpenPipelineForHealthyPipelineSafeModeRule] INFO  safemode.SCMSafeModeManager (HealthyPipelineSafeModeRule.java:process(124)) - SCM in safe mode. Healthy pipelines reported count is 0, required healthy pipeline reported count is 1
2022-02-08 13:52:32,793 [pool-123-thread-1] INFO  server.RaftServerConfigKeys (ConfUtils.java:logGet(44)) - raft.server.log.write.buffer.size = 1048576 (custom)
2022-02-08 13:52:32,794 [pool-123-thread-1] INFO  server.RaftServerConfigKeys (ConfUtils.java:logGet(44)) - raft.server.log.statemachine.data.caching.enabled = true (custom)
2022-02-08 13:52:32,794 [pool-123-thread-1] INFO  segmented.SegmentedRaftLogWorker (SegmentedRaftLogWorker.java:lambda$new$0(133)) - a5053940-3165-42e9-acd7-ef11441d188e@group-58EB8389FC4F-SegmentedRaftLogWorker: flushIndex: setUnconditionally 0 -> -1
2022-02-08 13:52:32,794 [pool-123-thread-1] INFO  segmented.SegmentedRaftLogWorker (SegmentedRaftLogWorker.java:lambda$new$0(133)) - a5053940-3165-42e9-acd7-ef11441d188e@group-58EB8389FC4F-SegmentedRaftLogWorker: safeCacheEvictIndex: setUnconditionally 0 -> -1
2022-02-08 13:52:32,797 [pool-123-thread-1] INFO  server.RaftServerConfigKeys (ConfUtils.java:logGet(44)) - raft.server.snapshot.auto.trigger.enabled = true (custom)
2022-02-08 13:52:32,809 [pool-123-thread-1] INFO  server.RaftServerConfigKeys (ConfUtils.java:logGet(44)) - raft.server.snapshot.auto.trigger.threshold = 10000 (custom)
2022-02-08 13:52:32,810 [pool-123-thread-1] INFO  server.RaftServerConfigKeys (ConfUtils.java:logGet(44)) - raft.server.snapshot.retention.file.num = 5 (custom)
2022-02-08 13:52:32,810 [pool-123-thread-1] INFO  server.RaftServerConfigKeys (ConfUtils.java:logGet(44)) - raft.server.log.purge.upto.snapshot.index = false (default)
2022-02-08 13:52:32,810 [pool-123-thread-1] INFO  server.RaftServerConfigKeys (ConfUtils.java:logGet(44)) - raft.server.retrycache.expirytime = 600000ms (custom)
2022-02-08 13:52:32,810 [pool-123-thread-1] INFO  server.RaftServerConfigKeys (ConfUtils.java:logGet(44)) - raft.server.retrycache.statistics.expirytime = 100μs (default)
2022-02-08 13:52:32,812 [pool-123-thread-1] INFO  server.RaftServer$Division (RaftServerImpl.java:start(301)) - a5053940-3165-42e9-acd7-ef11441d188e@group-58EB8389FC4F: start as a follower, conf=-1: [a5053940-3165-42e9-acd7-ef11441d188e|rpc:10.1.0.34:35549|priority:1], old=null
2022-02-08 13:52:32,812 [pool-123-thread-1] INFO  server.RaftServer$Division (RaftServerImpl.java:setRole(290)) - a5053940-3165-42e9-acd7-ef11441d188e@group-58EB8389FC4F: changes role from      null to FOLLOWER at term 0 for startAsFollower
2022-02-08 13:52:32,812 [pool-123-thread-1] INFO  impl.RoleInfo (RoleInfo.java:updateAndGet(130)) - a5053940-3165-42e9-acd7-ef11441d188e: start a5053940-3165-42e9-acd7-ef11441d188e@group-58EB8389FC4F-FollowerState
2022-02-08 13:52:32,814 [pool-123-thread-1] INFO  util.JmxRegister (JmxRegister.java:tryRegister(44)) - Successfully registered JMX Bean with object name Ratis:service=RaftServer,group=group-58EB8389FC4F,id=a5053940-3165-42e9-acd7-ef11441d188e
2022-02-08 13:52:32,822 [Command processor thread] INFO  ratis.XceiverServerRatis (XceiverServerRatis.java:addGroup(768)) - Created group PipelineID=2ef527be-fa2f-4c23-b658-58eb8389fc4f
2022-02-08 13:52:32,823 [Command processor thread] INFO  commandhandler.CreatePipelineCommandHandler (CreatePipelineCommandHandler.java:handle(106)) - Created Pipeline RATIS ONE PipelineID=2ef527be-fa2f-4c23-b658-58eb8389fc4f.
2022-02-08 13:52:32,825 [Command processor thread] INFO  server.RaftServer (RaftServerProxy.java:addNew(95)) - a5053940-3165-42e9-acd7-ef11441d188e: addNew group-99362A9385E5:[da611cd8-d6f8-40e9-9825-4d5039a9b9e1|rpc:10.1.0.34:39351|priority:1, a5053940-3165-42e9-acd7-ef11441d188e|rpc:10.1.0.34:35549|priority:0, f61a4b31-682a-41d1-a434-a20bd71c25fb|rpc:10.1.0.34:43123|priority:0] returns group-99362A9385E5:java.util.concurrent.CompletableFuture@387a34db[Not completed]
2022-02-08 13:52:32,826 [pool-123-thread-1] INFO  server.RaftServer$Division (RaftServerImpl.java:<init>(184)) - a5053940-3165-42e9-acd7-ef11441d188e: new RaftServerImpl for group-99362A9385E5:[da611cd8-d6f8-40e9-9825-4d5039a9b9e1|rpc:10.1.0.34:39351|priority:1, a5053940-3165-42e9-acd7-ef11441d188e|rpc:10.1.0.34:35549|priority:0, f61a4b31-682a-41d1-a434-a20bd71c25fb|rpc:10.1.0.34:43123|priority:0] with ContainerStateMachine:uninitialized
2022-02-08 13:52:32,827 [pool-123-thread-1] INFO  server.RaftServerConfigKeys (ConfUtils.java:logGet(44)) - raft.server.rpc.timeout.min = 5s (custom)
2022-02-08 13:52:32,827 [pool-123-thread-1] INFO  server.RaftServerConfigKeys (ConfUtils.java:logGet(44)) - raft.server.rpc.timeout.max = 5200ms (custom)
2022-02-08 13:52:32,827 [pool-123-thread-1] INFO  server.RaftServerConfigKeys (ConfUtils.java:logGet(44)) - raft.server.rpc.sleep.time = 25ms (default)
2022-02-08 13:52:32,827 [pool-123-thread-1] INFO  server.RaftServerConfigKeys (ConfUtils.java:logGet(44)) - raft.server.rpc.slowness.timeout = 300000ms (custom)
2022-02-08 13:52:32,827 [pool-123-thread-1] INFO  server.RaftServerConfigKeys (ConfUtils.java:logGet(44)) - raft.server.leaderelection.leader.step-down.wait-time = 10s (default)
2022-02-08 13:52:32,827 [pool-123-thread-1] INFO  server.RaftServerConfigKeys (ConfUtils.java:logGet(44)) - raft.server.sleep.deviation.threshold = 300ms (default)
2022-02-08 13:52:32,827 [pool-123-thread-1] INFO  server.RaftServerConfigKeys (ConfUtils.java:logGet(44)) - raft.server.log.appender.install.snapshot.enabled = false (custom)
2022-02-08 13:52:32,827 [pool-123-thread-1] INFO  server.RaftServer$Division (ServerState.java:<init>(105)) - a5053940-3165-42e9-acd7-ef11441d188e@group-99362A9385E5: ConfigurationManager, init=-1: [da611cd8-d6f8-40e9-9825-4d5039a9b9e1|rpc:10.1.0.34:39351|priority:1, a5053940-3165-42e9-acd7-ef11441d188e|rpc:10.1.0.34:35549|priority:0, f61a4b31-682a-41d1-a434-a20bd71c25fb|rpc:10.1.0.34:43123|priority:0], old=null, confs=<EMPTY_MAP>
2022-02-08 13:52:32,827 [pool-123-thread-1] INFO  server.RaftServerConfigKeys (ConfUtils.java:logGet(44)) - raft.server.storage.dir = [/home/runner/work/ozone/ozone/hadoop-ozone/integration-test/target/test-dir/MiniOzoneClusterImpl-44b62ea4-a9d0-4540-a736-82fb29945a00/datanode-3/data/ratis] (custom)
2022-02-08 13:52:32,827 [pool-123-thread-1] INFO  server.RaftServerConfigKeys (ConfUtils.java:logGet(44)) - raft.server.log.corruption.policy = EXCEPTION (default)
2022-02-08 13:52:32,828 [pool-123-thread-1] INFO  server.RaftServerConfigKeys (ConfUtils.java:logGet(44)) - raft.server.storage.free-space.min = 0MB (=0) (default)
2022-02-08 13:52:32,829 [pool-123-thread-1] INFO  storage.RaftStorageDirectory (RaftStorageDirectoryImpl.java:analyzeStorage(135)) - The storage directory /home/runner/work/ozone/ozone/hadoop-ozone/integration-test/target/test-dir/MiniOzoneClusterImpl-44b62ea4-a9d0-4540-a736-82fb29945a00/datanode-3/data/ratis/5b69d1c0-01d2-451e-b624-99362a9385e5 does not exist. Creating ...
2022-02-08 13:52:32,836 [pool-123-thread-1] INFO  storage.RaftStorageDirectory (RaftStorageDirectoryImpl.java:tryLock(230)) - Lock on /home/runner/work/ozone/ozone/hadoop-ozone/integration-test/target/test-dir/MiniOzoneClusterImpl-44b62ea4-a9d0-4540-a736-82fb29945a00/datanode-3/data/ratis/5b69d1c0-01d2-451e-b624-99362a9385e5/in_use.lock acquired by nodename 18376@fv-az148-480
2022-02-08 13:52:32,838 [pool-123-thread-1] INFO  storage.RaftStorage (RaftStorageImpl.java:format(89)) - Storage directory /home/runner/work/ozone/ozone/hadoop-ozone/integration-test/target/test-dir/MiniOzoneClusterImpl-44b62ea4-a9d0-4540-a736-82fb29945a00/datanode-3/data/ratis/5b69d1c0-01d2-451e-b624-99362a9385e5 has been successfully formatted.
2022-02-08 13:52:32,838 [pool-123-thread-1] INFO  ratis.ContainerStateMachine (ContainerStateMachine.java:loadSnapshot(231)) - group-99362A9385E5: The snapshot info is null. Setting the last applied indexto:(t:0, i:~)
2022-02-08 13:52:32,838 [pool-123-thread-1] INFO  server.RaftServerConfigKeys (ConfUtils.java:logGet(44)) - raft.server.notification.no-leader.timeout = 300000ms (custom)
2022-02-08 13:52:32,839 [pool-123-thread-1] INFO  server.RaftServerConfigKeys (ConfUtils.java:logGet(44)) - raft.server.log.use.memory = false (default)
2022-02-08 13:52:32,839 [pool-123-thread-1] INFO  server.RaftServerConfigKeys (ConfUtils.java:logGet(44)) - raft.server.log.purge.gap = 1000000 (custom)
2022-02-08 13:52:32,839 [pool-123-thread-1] INFO  server.RaftServerConfigKeys (ConfUtils.java:logGet(44)) - raft.server.log.appender.buffer.byte-limit = 33554432 (custom)
2022-02-08 13:52:32,839 [pool-123-thread-1] INFO  server.RaftServerConfigKeys (ConfUtils.java:logGet(44)) - raft.server.log.segment.size.max = 1048576 (custom)
2022-02-08 13:52:32,839 [pool-123-thread-1] INFO  server.RaftServerConfigKeys (ConfUtils.java:logGet(44)) - raft.server.log.segment.cache.num.max = 2 (custom)
2022-02-08 13:52:32,839 [pool-123-thread-1] INFO  server.RaftServerConfigKeys (ConfUtils.java:logGet(44)) - raft.server.log.segment.cache.size.max = 200MB (=209715200) (default)
2022-02-08 13:52:32,840 [pool-123-thread-1] INFO  segmented.SegmentedRaftLogWorker (SegmentedRaftLogWorker.java:<init>(182)) - new a5053940-3165-42e9-acd7-ef11441d188e@group-99362A9385E5-SegmentedRaftLogWorker for RaftStorageImpl:Storage Directory /home/runner/work/ozone/ozone/hadoop-ozone/integration-test/target/test-dir/MiniOzoneClusterImpl-44b62ea4-a9d0-4540-a736-82fb29945a00/datanode-3/data/ratis/5b69d1c0-01d2-451e-b624-99362a9385e5
2022-02-08 13:52:32,840 [pool-123-thread-1] INFO  server.RaftServerConfigKeys (ConfUtils.java:logGet(44)) - raft.server.log.queue.byte-limit = 2147483647 (custom)
2022-02-08 13:52:32,840 [pool-123-thread-1] INFO  server.RaftServerConfigKeys (ConfUtils.java:logGet(44)) - raft.server.log.queue.element-limit = 1024 (custom)
2022-02-08 13:52:32,840 [pool-123-thread-1] INFO  server.RaftServerConfigKeys (ConfUtils.java:logGet(44)) - raft.server.log.segment.size.max = 1048576 (custom)
2022-02-08 13:52:32,840 [pool-123-thread-1] INFO  server.RaftServerConfigKeys (ConfUtils.java:logGet(44)) - raft.server.log.preallocated.size = 16384 (custom)
2022-02-08 13:52:32,840 [pool-123-thread-1] INFO  server.RaftServerConfigKeys (ConfUtils.java:logGet(44)) - raft.server.log.force.sync.num = 128 (default)
2022-02-08 13:52:32,840 [pool-123-thread-1] INFO  server.RaftServerConfigKeys (ConfUtils.java:logGet(44)) - raft.server.log.statemachine.data.sync = true (default)
2022-02-08 13:52:32,840 [pool-123-thread-1] INFO  server.RaftServerConfigKeys (ConfUtils.java:logGet(44)) - raft.server.log.statemachine.data.sync.timeout = 10s (default)
2022-02-08 13:52:32,840 [pool-123-thread-1] INFO  server.RaftServerConfigKeys (ConfUtils.java:logGet(44)) - raft.server.log.statemachine.data.sync.timeout.retry = -1 (default)
2022-02-08 13:52:32,841 [pool-123-thread-1] INFO  server.RaftServerConfigKeys (ConfUtils.java:logGet(44)) - raft.server.log.write.buffer.size = 1048576 (custom)
2022-02-08 13:52:32,842 [pool-123-thread-1] INFO  server.RaftServerConfigKeys (ConfUtils.java:logGet(44)) - raft.server.log.statemachine.data.caching.enabled = true (custom)
2022-02-08 13:52:32,842 [pool-123-thread-1] INFO  segmented.SegmentedRaftLogWorker (SegmentedRaftLogWorker.java:lambda$new$0(133)) - a5053940-3165-42e9-acd7-ef11441d188e@group-99362A9385E5-SegmentedRaftLogWorker: flushIndex: setUnconditionally 0 -> -1
2022-02-08 13:52:32,842 [pool-123-thread-1] INFO  segmented.SegmentedRaftLogWorker (SegmentedRaftLogWorker.java:lambda$new$0(133)) - a5053940-3165-42e9-acd7-ef11441d188e@group-99362A9385E5-SegmentedRaftLogWorker: safeCacheEvictIndex: setUnconditionally 0 -> -1
2022-02-08 13:52:32,844 [EventQueue-OpenPipelineForHealthyPipelineSafeModeRule] INFO  safemode.SCMSafeModeManager (HealthyPipelineSafeModeRule.java:process(124)) - SCM in safe mode. Healthy pipelines reported count is 0, required healthy pipeline reported count is 1
2022-02-08 13:52:32,846 [pool-123-thread-1] INFO  server.RaftServerConfigKeys (ConfUtils.java:logGet(44)) - raft.server.snapshot.auto.trigger.enabled = true (custom)
2022-02-08 13:52:32,846 [pool-123-thread-1] INFO  server.RaftServerConfigKeys (ConfUtils.java:logGet(44)) - raft.server.snapshot.auto.trigger.threshold = 10000 (custom)
2022-02-08 13:52:32,846 [pool-123-thread-1] INFO  server.RaftServerConfigKeys (ConfUtils.java:logGet(44)) - raft.server.snapshot.retention.file.num = 5 (custom)
2022-02-08 13:52:32,846 [pool-123-thread-1] INFO  server.RaftServerConfigKeys (ConfUtils.java:logGet(44)) - raft.server.log.purge.upto.snapshot.index = false (default)
2022-02-08 13:52:32,846 [pool-123-thread-1] INFO  server.RaftServerConfigKeys (ConfUtils.java:logGet(44)) - raft.server.retrycache.expirytime = 600000ms (custom)
2022-02-08 13:52:32,846 [pool-123-thread-1] INFO  server.RaftServerConfigKeys (ConfUtils.java:logGet(44)) - raft.server.retrycache.statistics.expirytime = 100μs (default)
2022-02-08 13:52:32,848 [pool-123-thread-1] INFO  server.RaftServer$Division (RaftServerImpl.java:start(301)) - a5053940-3165-42e9-acd7-ef11441d188e@group-99362A9385E5: start as a follower, conf=-1: [da611cd8-d6f8-40e9-9825-4d5039a9b9e1|rpc:10.1.0.34:39351|priority:1, a5053940-3165-42e9-acd7-ef11441d188e|rpc:10.1.0.34:35549|priority:0, f61a4b31-682a-41d1-a434-a20bd71c25fb|rpc:10.1.0.34:43123|priority:0], old=null
2022-02-08 13:52:32,848 [pool-123-thread-1] INFO  server.RaftServer$Division (RaftServerImpl.java:setRole(290)) - a5053940-3165-42e9-acd7-ef11441d188e@group-99362A9385E5: changes role from      null to FOLLOWER at term 0 for startAsFollower
2022-02-08 13:52:32,860 [pool-123-thread-1] INFO  impl.RoleInfo (RoleInfo.java:updateAndGet(130)) - a5053940-3165-42e9-acd7-ef11441d188e: start a5053940-3165-42e9-acd7-ef11441d188e@group-99362A9385E5-FollowerState
2022-02-08 13:52:32,861 [pool-123-thread-1] INFO  util.JmxRegister (JmxRegister.java:tryRegister(44)) - Successfully registered JMX Bean with object name Ratis:service=RaftServer,group=group-99362A9385E5,id=a5053940-3165-42e9-acd7-ef11441d188e
2022-02-08 13:52:32,863 [Command processor thread] INFO  ratis.XceiverServerRatis (XceiverServerRatis.java:addGroup(768)) - Created group PipelineID=5b69d1c0-01d2-451e-b624-99362a9385e5
2022-02-08 13:52:32,922 [Command processor thread] INFO  server.RaftServer (RaftServerProxy.java:addNew(95)) - da611cd8-d6f8-40e9-9825-4d5039a9b9e1: addNew group-05807F1AFB9A:[da611cd8-d6f8-40e9-9825-4d5039a9b9e1|rpc:10.1.0.34:39351|priority:1] returns group-05807F1AFB9A:java.util.concurrent.CompletableFuture@50179bed[Not completed]
2022-02-08 13:52:32,924 [pool-144-thread-1] INFO  server.RaftServer$Division (RaftServerImpl.java:<init>(184)) - da611cd8-d6f8-40e9-9825-4d5039a9b9e1: new RaftServerImpl for group-05807F1AFB9A:[da611cd8-d6f8-40e9-9825-4d5039a9b9e1|rpc:10.1.0.34:39351|priority:1] with ContainerStateMachine:uninitialized
2022-02-08 13:52:32,925 [pool-144-thread-1] INFO  server.RaftServerConfigKeys (ConfUtils.java:logGet(44)) - raft.server.rpc.timeout.min = 5s (custom)
2022-02-08 13:52:32,925 [pool-144-thread-1] INFO  server.RaftServerConfigKeys (ConfUtils.java:logGet(44)) - raft.server.rpc.timeout.max = 5200ms (custom)
2022-02-08 13:52:32,925 [pool-144-thread-1] INFO  server.RaftServerConfigKeys (ConfUtils.java:logGet(44)) - raft.server.rpc.sleep.time = 25ms (default)
2022-02-08 13:52:32,925 [pool-144-thread-1] INFO  server.RaftServerConfigKeys (ConfUtils.java:logGet(44)) - raft.server.rpc.slowness.timeout = 300000ms (custom)
2022-02-08 13:52:32,925 [pool-144-thread-1] INFO  server.RaftServerConfigKeys (ConfUtils.java:logGet(44)) - raft.server.leaderelection.leader.step-down.wait-time = 10s (default)
2022-02-08 13:52:32,925 [pool-144-thread-1] INFO  server.RaftServerConfigKeys (ConfUtils.java:logGet(44)) - raft.server.sleep.deviation.threshold = 300ms (default)
2022-02-08 13:52:32,925 [pool-144-thread-1] INFO  server.RaftServerConfigKeys (ConfUtils.java:logGet(44)) - raft.server.log.appender.install.snapshot.enabled = false (custom)
2022-02-08 13:52:32,926 [pool-144-thread-1] INFO  server.RaftServer$Division (ServerState.java:<init>(105)) - da611cd8-d6f8-40e9-9825-4d5039a9b9e1@group-05807F1AFB9A: ConfigurationManager, init=-1: [da611cd8-d6f8-40e9-9825-4d5039a9b9e1|rpc:10.1.0.34:39351|priority:1], old=null, confs=<EMPTY_MAP>
2022-02-08 13:52:32,928 [pool-144-thread-1] INFO  server.RaftServerConfigKeys (ConfUtils.java:logGet(44)) - raft.server.storage.dir = [/home/runner/work/ozone/ozone/hadoop-ozone/integration-test/target/test-dir/MiniOzoneClusterImpl-44b62ea4-a9d0-4540-a736-82fb29945a00/datanode-4/data/ratis] (custom)
2022-02-08 13:52:32,928 [pool-144-thread-1] INFO  server.RaftServerConfigKeys (ConfUtils.java:logGet(44)) - raft.server.log.corruption.policy = EXCEPTION (default)
2022-02-08 13:52:32,928 [pool-144-thread-1] INFO  server.RaftServerConfigKeys (ConfUtils.java:logGet(44)) - raft.server.storage.free-space.min = 0MB (=0) (default)
2022-02-08 13:52:32,928 [pool-144-thread-1] INFO  storage.RaftStorageDirectory (RaftStorageDirectoryImpl.java:analyzeStorage(135)) - The storage directory /home/runner/work/ozone/ozone/hadoop-ozone/integration-test/target/test-dir/MiniOzoneClusterImpl-44b62ea4-a9d0-4540-a736-82fb29945a00/datanode-4/data/ratis/2dd21e55-0995-494b-87e3-05807f1afb9a does not exist. Creating ...
2022-02-08 13:52:32,929 [pool-144-thread-1] INFO  storage.RaftStorageDirectory (RaftStorageDirectoryImpl.java:tryLock(230)) - Lock on /home/runner/work/ozone/ozone/hadoop-ozone/integration-test/target/test-dir/MiniOzoneClusterImpl-44b62ea4-a9d0-4540-a736-82fb29945a00/datanode-4/data/ratis/2dd21e55-0995-494b-87e3-05807f1afb9a/in_use.lock acquired by nodename 18376@fv-az148-480
2022-02-08 13:52:32,932 [pool-144-thread-1] INFO  storage.RaftStorage (RaftStorageImpl.java:format(89)) - Storage directory /home/runner/work/ozone/ozone/hadoop-ozone/integration-test/target/test-dir/MiniOzoneClusterImpl-44b62ea4-a9d0-4540-a736-82fb29945a00/datanode-4/data/ratis/2dd21e55-0995-494b-87e3-05807f1afb9a has been successfully formatted.
2022-02-08 13:52:32,935 [pool-144-thread-1] INFO  ratis.ContainerStateMachine (ContainerStateMachine.java:loadSnapshot(231)) - group-05807F1AFB9A: The snapshot info is null. Setting the last applied indexto:(t:0, i:~)
2022-02-08 13:52:32,937 [EventQueue-PipelineReportForPipelineReportHandler] INFO  pipeline.PipelineManagerImpl (PipelineManagerImpl.java:openPipeline(291)) - Pipeline Pipeline[ Id: 2dd21e55-0995-494b-87e3-05807f1afb9a, Nodes: da611cd8-d6f8-40e9-9825-4d5039a9b9e1{ip: 10.1.0.34, host: fv-az148-480.bm4ck3pvxvsene1rjriu5fhcdb.bx.internal.cloudapp.net, ports: [REPLICATION=35127, RATIS=39351, RATIS_ADMIN=39351, RATIS_SERVER=39351, STANDALONE=43979], networkLocation: /default-rack, certSerialId: null, persistedOpState: IN_SERVICE, persistedOpStateExpiryEpochSec: 0}, ReplicationConfig: RATIS/ONE, State:ALLOCATED, leaderId:da611cd8-d6f8-40e9-9825-4d5039a9b9e1, CreationTimestamp2022-02-08T13:52:29.927Z[Etc/UTC]] moved to OPEN state
2022-02-08 13:52:32,939 [8e830768-0c32-4272-9818-b92ae3ba757d@group-82FB29945A00-StateMachineUpdater] INFO  safemode.HealthyPipelineSafeModeRule (HealthyPipelineSafeModeRule.java:initializeRule(152)) - Refreshed total pipeline count is 0, healthy pipeline threshold count is 1
2022-02-08 13:52:32,940 [EventQueue-OpenPipelineForHealthyPipelineSafeModeRule] INFO  safemode.SCMSafeModeManager (HealthyPipelineSafeModeRule.java:process(124)) - SCM in safe mode. Healthy pipelines reported count is 0, required healthy pipeline reported count is 1
2022-02-08 13:52:32,941 [pool-144-thread-1] INFO  server.RaftServerConfigKeys (ConfUtils.java:logGet(44)) - raft.server.notification.no-leader.timeout = 300000ms (custom)
2022-02-08 13:52:32,955 [grpc-default-executor-2] INFO  server.RaftServer (RaftServerProxy.java:addNew(95)) - da611cd8-d6f8-40e9-9825-4d5039a9b9e1: addNew group-99362A9385E5:[da611cd8-d6f8-40e9-9825-4d5039a9b9e1|rpc:10.1.0.34:39351|dataStream:|priority:1, a5053940-3165-42e9-acd7-ef11441d188e|rpc:10.1.0.34:35549|dataStream:|priority:0, f61a4b31-682a-41d1-a434-a20bd71c25fb|rpc:10.1.0.34:43123|dataStream:|priority:0] returns group-99362A9385E5:java.util.concurrent.CompletableFuture@4a646c87[Not completed]
2022-02-08 13:52:32,966 [pool-144-thread-1] INFO  server.RaftServerConfigKeys (ConfUtils.java:logGet(44)) - raft.server.log.use.memory = false (default)
2022-02-08 13:52:32,966 [pool-144-thread-1] INFO  server.RaftServerConfigKeys (ConfUtils.java:logGet(44)) - raft.server.log.purge.gap = 1000000 (custom)
2022-02-08 13:52:32,966 [pool-144-thread-1] INFO  server.RaftServerConfigKeys (ConfUtils.java:logGet(44)) - raft.server.log.appender.buffer.byte-limit = 33554432 (custom)
2022-02-08 13:52:32,967 [pool-144-thread-1] INFO  server.RaftServerConfigKeys (ConfUtils.java:logGet(44)) - raft.server.log.segment.size.max = 1048576 (custom)
2022-02-08 13:52:32,967 [pool-144-thread-1] INFO  server.RaftServerConfigKeys (ConfUtils.java:logGet(44)) - raft.server.log.segment.cache.num.max = 2 (custom)
2022-02-08 13:52:32,967 [pool-144-thread-1] INFO  server.RaftServerConfigKeys (ConfUtils.java:logGet(44)) - raft.server.log.segment.cache.size.max = 200MB (=209715200) (default)
2022-02-08 13:52:32,967 [pool-144-thread-1] INFO  segmented.SegmentedRaftLogWorker (SegmentedRaftLogWorker.java:<init>(182)) - new da611cd8-d6f8-40e9-9825-4d5039a9b9e1@group-05807F1AFB9A-SegmentedRaftLogWorker for RaftStorageImpl:Storage Directory /home/runner/work/ozone/ozone/hadoop-ozone/integration-test/target/test-dir/MiniOzoneClusterImpl-44b62ea4-a9d0-4540-a736-82fb29945a00/datanode-4/data/ratis/2dd21e55-0995-494b-87e3-05807f1afb9a
2022-02-08 13:52:32,967 [pool-144-thread-1] INFO  server.RaftServerConfigKeys (ConfUtils.java:logGet(44)) - raft.server.log.queue.byte-limit = 2147483647 (custom)
2022-02-08 13:52:32,967 [pool-144-thread-1] INFO  server.RaftServerConfigKeys (ConfUtils.java:logGet(44)) - raft.server.log.queue.element-limit = 1024 (custom)
2022-02-08 13:52:32,967 [pool-144-thread-1] INFO  server.RaftServerConfigKeys (ConfUtils.java:logGet(44)) - raft.server.log.segment.size.max = 1048576 (custom)
2022-02-08 13:52:32,967 [pool-144-thread-1] INFO  server.RaftServerConfigKeys (ConfUtils.java:logGet(44)) - raft.server.log.preallocated.size = 16384 (custom)
2022-02-08 13:52:32,967 [pool-144-thread-1] INFO  server.RaftServerConfigKeys (ConfUtils.java:logGet(44)) - raft.server.log.force.sync.num = 128 (default)
2022-02-08 13:52:32,967 [pool-144-thread-1] INFO  server.RaftServerConfigKeys (ConfUtils.java:logGet(44)) - raft.server.log.statemachine.data.sync = true (default)
2022-02-08 13:52:32,967 [pool-144-thread-1] INFO  server.RaftServerConfigKeys (ConfUtils.java:logGet(44)) - raft.server.log.statemachine.data.sync.timeout = 10s (default)
2022-02-08 13:52:32,967 [pool-144-thread-1] INFO  server.RaftServerConfigKeys (ConfUtils.java:logGet(44)) - raft.server.log.statemachine.data.sync.timeout.retry = -1 (default)
2022-02-08 13:52:32,985 [pool-144-thread-1] INFO  server.RaftServerConfigKeys (ConfUtils.java:logGet(44)) - raft.server.log.write.buffer.size = 1048576 (custom)
2022-02-08 13:52:32,986 [pool-144-thread-1] INFO  server.RaftServerConfigKeys (ConfUtils.java:logGet(44)) - raft.server.log.statemachine.data.caching.enabled = true (custom)
2022-02-08 13:52:32,986 [pool-144-thread-1] INFO  segmented.SegmentedRaftLogWorker (SegmentedRaftLogWorker.java:lambda$new$0(133)) - da611cd8-d6f8-40e9-9825-4d5039a9b9e1@group-05807F1AFB9A-SegmentedRaftLogWorker: flushIndex: setUnconditionally 0 -> -1
2022-02-08 13:52:32,986 [pool-144-thread-1] INFO  segmented.SegmentedRaftLogWorker (SegmentedRaftLogWorker.java:lambda$new$0(133)) - da611cd8-d6f8-40e9-9825-4d5039a9b9e1@group-05807F1AFB9A-SegmentedRaftLogWorker: safeCacheEvictIndex: setUnconditionally 0 -> -1
2022-02-08 13:52:32,986 [pool-144-thread-1] INFO  server.RaftServerConfigKeys (ConfUtils.java:logGet(44)) - raft.server.snapshot.auto.trigger.enabled = true (custom)
2022-02-08 13:52:32,986 [pool-144-thread-1] INFO  server.RaftServerConfigKeys (ConfUtils.java:logGet(44)) - raft.server.snapshot.auto.trigger.threshold = 10000 (custom)
2022-02-08 13:52:32,986 [pool-144-thread-1] INFO  server.RaftServerConfigKeys (ConfUtils.java:logGet(44)) - raft.server.snapshot.retention.file.num = 5 (custom)
2022-02-08 13:52:32,986 [pool-144-thread-1] INFO  server.RaftServerConfigKeys (ConfUtils.java:logGet(44)) - raft.server.log.purge.upto.snapshot.index = false (default)
2022-02-08 13:52:32,986 [pool-144-thread-1] INFO  server.RaftServerConfigKeys (ConfUtils.java:logGet(44)) - raft.server.retrycache.expirytime = 600000ms (custom)
2022-02-08 13:52:32,986 [pool-144-thread-1] INFO  server.RaftServerConfigKeys (ConfUtils.java:logGet(44)) - raft.server.retrycache.statistics.expirytime = 100μs (default)
2022-02-08 13:52:32,989 [pool-144-thread-1] INFO  server.RaftServer$Division (RaftServerImpl.java:<init>(184)) - da611cd8-d6f8-40e9-9825-4d5039a9b9e1: new RaftServerImpl for group-99362A9385E5:[da611cd8-d6f8-40e9-9825-4d5039a9b9e1|rpc:10.1.0.34:39351|dataStream:|priority:1, a5053940-3165-42e9-acd7-ef11441d188e|rpc:10.1.0.34:35549|dataStream:|priority:0, f61a4b31-682a-41d1-a434-a20bd71c25fb|rpc:10.1.0.34:43123|dataStream:|priority:0] with ContainerStateMachine:uninitialized
2022-02-08 13:52:32,989 [pool-144-thread-1] INFO  server.RaftServerConfigKeys (ConfUtils.java:logGet(44)) - raft.server.rpc.timeout.min = 5s (custom)
2022-02-08 13:52:32,989 [pool-144-thread-1] INFO  server.RaftServerConfigKeys (ConfUtils.java:logGet(44)) - raft.server.rpc.timeout.max = 5200ms (custom)
2022-02-08 13:52:32,989 [pool-144-thread-1] INFO  server.RaftServerConfigKeys (ConfUtils.java:logGet(44)) - raft.server.rpc.sleep.time = 25ms (default)
2022-02-08 13:52:32,989 [pool-144-thread-1] INFO  server.RaftServerConfigKeys (ConfUtils.java:logGet(44)) - raft.server.rpc.slowness.timeout = 300000ms (custom)
2022-02-08 13:52:32,989 [pool-144-thread-1] INFO  server.RaftServerConfigKeys (ConfUtils.java:logGet(44)) - raft.server.leaderelection.leader.step-down.wait-time = 10s (default)
2022-02-08 13:52:32,989 [pool-144-thread-1] INFO  server.RaftServerConfigKeys (ConfUtils.java:logGet(44)) - raft.server.sleep.deviation.threshold = 300ms (default)
2022-02-08 13:52:32,989 [pool-144-thread-1] INFO  server.RaftServerConfigKeys (ConfUtils.java:logGet(44)) - raft.server.log.appender.install.snapshot.enabled = false (custom)
2022-02-08 13:52:32,989 [pool-144-thread-1] INFO  server.RaftServer$Division (ServerState.java:<init>(105)) - da611cd8-d6f8-40e9-9825-4d5039a9b9e1@group-99362A9385E5: ConfigurationManager, init=-1: [da611cd8-d6f8-40e9-9825-4d5039a9b9e1|rpc:10.1.0.34:39351|dataStream:|priority:1, a5053940-3165-42e9-acd7-ef11441d188e|rpc:10.1.0.34:35549|dataStream:|priority:0, f61a4b31-682a-41d1-a434-a20bd71c25fb|rpc:10.1.0.34:43123|dataStream:|priority:0], old=null, confs=<EMPTY_MAP>
2022-02-08 13:52:32,989 [pool-144-thread-1] INFO  server.RaftServerConfigKeys (ConfUtils.java:logGet(44)) - raft.server.storage.dir = [/home/runner/work/ozone/ozone/hadoop-ozone/integration-test/target/test-dir/MiniOzoneClusterImpl-44b62ea4-a9d0-4540-a736-82fb29945a00/datanode-4/data/ratis] (custom)
2022-02-08 13:52:32,989 [pool-144-thread-1] INFO  server.RaftServerConfigKeys (ConfUtils.java:logGet(44)) - raft.server.log.corruption.policy = EXCEPTION (default)
2022-02-08 13:52:32,989 [pool-144-thread-1] INFO  server.RaftServerConfigKeys (ConfUtils.java:logGet(44)) - raft.server.storage.free-space.min = 0MB (=0) (default)
2022-02-08 13:52:32,990 [pool-144-thread-1] INFO  storage.RaftStorageDirectory (RaftStorageDirectoryImpl.java:analyzeStorage(135)) - The storage directory /home/runner/work/ozone/ozone/hadoop-ozone/integration-test/target/test-dir/MiniOzoneClusterImpl-44b62ea4-a9d0-4540-a736-82fb29945a00/datanode-4/data/ratis/5b69d1c0-01d2-451e-b624-99362a9385e5 does not exist. Creating ...
2022-02-08 13:52:32,997 [pool-144-thread-1] INFO  storage.RaftStorageDirectory (RaftStorageDirectoryImpl.java:tryLock(230)) - Lock on /home/runner/work/ozone/ozone/hadoop-ozone/integration-test/target/test-dir/MiniOzoneClusterImpl-44b62ea4-a9d0-4540-a736-82fb29945a00/datanode-4/data/ratis/5b69d1c0-01d2-451e-b624-99362a9385e5/in_use.lock acquired by nodename 18376@fv-az148-480
2022-02-08 13:52:32,999 [pool-144-thread-1] INFO  storage.RaftStorage (RaftStorageImpl.java:format(89)) - Storage directory /home/runner/work/ozone/ozone/hadoop-ozone/integration-test/target/test-dir/MiniOzoneClusterImpl-44b62ea4-a9d0-4540-a736-82fb29945a00/datanode-4/data/ratis/5b69d1c0-01d2-451e-b624-99362a9385e5 has been successfully formatted.
2022-02-08 13:52:32,999 [Command processor thread] INFO  commandhandler.CreatePipelineCommandHandler (CreatePipelineCommandHandler.java:handle(106)) - Created Pipeline RATIS THREE PipelineID=60fdb779-c7c1-4438-b616-25469f3653d4.
2022-02-08 13:52:32,999 [pool-144-thread-1] INFO  ratis.ContainerStateMachine (ContainerStateMachine.java:loadSnapshot(231)) - group-99362A9385E5: The snapshot info is null. Setting the last applied indexto:(t:0, i:~)
2022-02-08 13:52:32,999 [pool-144-thread-1] INFO  server.RaftServerConfigKeys (ConfUtils.java:logGet(44)) - raft.server.notification.no-leader.timeout = 300000ms (custom)
2022-02-08 13:52:32,999 [pool-144-thread-1] INFO  server.RaftServerConfigKeys (ConfUtils.java:logGet(44)) - raft.server.log.use.memory = false (default)
2022-02-08 13:52:32,999 [pool-144-thread-1] INFO  server.RaftServerConfigKeys (ConfUtils.java:logGet(44)) - raft.server.log.purge.gap = 1000000 (custom)
2022-02-08 13:52:33,000 [pool-144-thread-1] INFO  server.RaftServerConfigKeys (ConfUtils.java:logGet(44)) - raft.server.log.appender.buffer.byte-limit = 33554432 (custom)
2022-02-08 13:52:33,000 [pool-144-thread-1] INFO  server.RaftServerConfigKeys (ConfUtils.java:logGet(44)) - raft.server.log.segment.size.max = 1048576 (custom)
2022-02-08 13:52:33,001 [EventQueue-OpenPipelineForHealthyPipelineSafeModeRule] INFO  safemode.SCMSafeModeManager (HealthyPipelineSafeModeRule.java:process(124)) - SCM in safe mode. Healthy pipelines reported count is 0, required healthy pipeline reported count is 1
2022-02-08 13:52:33,010 [pool-144-thread-1] INFO  server.RaftServerConfigKeys (ConfUtils.java:logGet(44)) - raft.server.log.segment.cache.num.max = 2 (custom)
2022-02-08 13:52:33,010 [pool-144-thread-1] INFO  server.RaftServerConfigKeys (ConfUtils.java:logGet(44)) - raft.server.log.segment.cache.size.max = 200MB (=209715200) (default)
2022-02-08 13:52:33,010 [pool-144-thread-1] INFO  segmented.SegmentedRaftLogWorker (SegmentedRaftLogWorker.java:<init>(182)) - new da611cd8-d6f8-40e9-9825-4d5039a9b9e1@group-99362A9385E5-SegmentedRaftLogWorker for RaftStorageImpl:Storage Directory /home/runner/work/ozone/ozone/hadoop-ozone/integration-test/target/test-dir/MiniOzoneClusterImpl-44b62ea4-a9d0-4540-a736-82fb29945a00/datanode-4/data/ratis/5b69d1c0-01d2-451e-b624-99362a9385e5
2022-02-08 13:52:33,010 [pool-144-thread-1] INFO  server.RaftServerConfigKeys (ConfUtils.java:logGet(44)) - raft.server.log.queue.byte-limit = 2147483647 (custom)
2022-02-08 13:52:33,010 [pool-144-thread-1] INFO  server.RaftServerConfigKeys (ConfUtils.java:logGet(44)) - raft.server.log.queue.element-limit = 1024 (custom)
2022-02-08 13:52:33,010 [pool-144-thread-1] INFO  server.RaftServerConfigKeys (ConfUtils.java:logGet(44)) - raft.server.log.segment.size.max = 1048576 (custom)
2022-02-08 13:52:33,010 [pool-144-thread-1] INFO  server.RaftServerConfigKeys (ConfUtils.java:logGet(44)) - raft.server.log.preallocated.size = 16384 (custom)
2022-02-08 13:52:33,010 [pool-144-thread-1] INFO  server.RaftServerConfigKeys (ConfUtils.java:logGet(44)) - raft.server.log.force.sync.num = 128 (default)
2022-02-08 13:52:33,011 [pool-144-thread-1] INFO  server.RaftServerConfigKeys (ConfUtils.java:logGet(44)) - raft.server.log.statemachine.data.sync = true (default)
2022-02-08 13:52:33,011 [pool-144-thread-1] INFO  server.RaftServerConfigKeys (ConfUtils.java:logGet(44)) - raft.server.log.statemachine.data.sync.timeout = 10s (default)
2022-02-08 13:52:33,011 [pool-144-thread-1] INFO  server.RaftServerConfigKeys (ConfUtils.java:logGet(44)) - raft.server.log.statemachine.data.sync.timeout.retry = -1 (default)
2022-02-08 13:52:33,012 [pool-144-thread-1] INFO  server.RaftServerConfigKeys (ConfUtils.java:logGet(44)) - raft.server.log.write.buffer.size = 1048576 (custom)
2022-02-08 13:52:33,012 [pool-144-thread-1] INFO  server.RaftServerConfigKeys (ConfUtils.java:logGet(44)) - raft.server.log.statemachine.data.caching.enabled = true (custom)
2022-02-08 13:52:33,013 [pool-144-thread-1] INFO  segmented.SegmentedRaftLogWorker (SegmentedRaftLogWorker.java:lambda$new$0(133)) - da611cd8-d6f8-40e9-9825-4d5039a9b9e1@group-99362A9385E5-SegmentedRaftLogWorker: flushIndex: setUnconditionally 0 -> -1
2022-02-08 13:52:33,013 [pool-144-thread-1] INFO  segmented.SegmentedRaftLogWorker (SegmentedRaftLogWorker.java:lambda$new$0(133)) - da611cd8-d6f8-40e9-9825-4d5039a9b9e1@group-99362A9385E5-SegmentedRaftLogWorker: safeCacheEvictIndex: setUnconditionally 0 -> -1
2022-02-08 13:52:33,030 [pool-144-thread-1] INFO  server.RaftServerConfigKeys (ConfUtils.java:logGet(44)) - raft.server.snapshot.auto.trigger.enabled = true (custom)
2022-02-08 13:52:33,031 [pool-144-thread-1] INFO  server.RaftServerConfigKeys (ConfUtils.java:logGet(44)) - raft.server.snapshot.auto.trigger.threshold = 10000 (custom)
2022-02-08 13:52:33,031 [pool-144-thread-1] INFO  server.RaftServerConfigKeys (ConfUtils.java:logGet(44)) - raft.server.snapshot.retention.file.num = 5 (custom)
2022-02-08 13:52:33,031 [pool-144-thread-1] INFO  server.RaftServerConfigKeys (ConfUtils.java:logGet(44)) - raft.server.log.purge.upto.snapshot.index = false (default)
2022-02-08 13:52:33,031 [pool-144-thread-1] INFO  server.RaftServerConfigKeys (ConfUtils.java:logGet(44)) - raft.server.retrycache.expirytime = 600000ms (custom)
2022-02-08 13:52:33,031 [pool-144-thread-1] INFO  server.RaftServerConfigKeys (ConfUtils.java:logGet(44)) - raft.server.retrycache.statistics.expirytime = 100μs (default)
2022-02-08 13:52:33,032 [pool-144-thread-1] INFO  server.RaftServer$Division (RaftServerImpl.java:start(301)) - da611cd8-d6f8-40e9-9825-4d5039a9b9e1@group-05807F1AFB9A: start as a follower, conf=-1: [da611cd8-d6f8-40e9-9825-4d5039a9b9e1|rpc:10.1.0.34:39351|priority:1], old=null
2022-02-08 13:52:33,032 [pool-144-thread-1] INFO  server.RaftServer$Division (RaftServerImpl.java:setRole(290)) - da611cd8-d6f8-40e9-9825-4d5039a9b9e1@group-05807F1AFB9A: changes role from      null to FOLLOWER at term 0 for startAsFollower
2022-02-08 13:52:33,033 [pool-144-thread-1] INFO  impl.RoleInfo (RoleInfo.java:updateAndGet(130)) - da611cd8-d6f8-40e9-9825-4d5039a9b9e1: start da611cd8-d6f8-40e9-9825-4d5039a9b9e1@group-05807F1AFB9A-FollowerState
2022-02-08 13:52:33,033 [pool-144-thread-1] INFO  util.JmxRegister (JmxRegister.java:tryRegister(44)) - Successfully registered JMX Bean with object name Ratis:service=RaftServer,group=group-05807F1AFB9A,id=da611cd8-d6f8-40e9-9825-4d5039a9b9e1
2022-02-08 13:52:33,033 [Command processor thread] INFO  commandhandler.CreatePipelineCommandHandler (CreatePipelineCommandHandler.java:handle(106)) - Created Pipeline RATIS THREE PipelineID=60fdb779-c7c1-4438-b616-25469f3653d4.
2022-02-08 13:52:33,034 [pool-144-thread-1] INFO  server.RaftServer$Division (RaftServerImpl.java:start(301)) - da611cd8-d6f8-40e9-9825-4d5039a9b9e1@group-99362A9385E5: start as a follower, conf=-1: [da611cd8-d6f8-40e9-9825-4d5039a9b9e1|rpc:10.1.0.34:39351|dataStream:|priority:1, a5053940-3165-42e9-acd7-ef11441d188e|rpc:10.1.0.34:35549|dataStream:|priority:0, f61a4b31-682a-41d1-a434-a20bd71c25fb|rpc:10.1.0.34:43123|dataStream:|priority:0], old=null
2022-02-08 13:52:33,034 [pool-144-thread-1] INFO  server.RaftServer$Division (RaftServerImpl.java:setRole(290)) - da611cd8-d6f8-40e9-9825-4d5039a9b9e1@group-99362A9385E5: changes role from      null to FOLLOWER at term 0 for startAsFollower
2022-02-08 13:52:33,034 [pool-144-thread-1] INFO  impl.RoleInfo (RoleInfo.java:updateAndGet(130)) - da611cd8-d6f8-40e9-9825-4d5039a9b9e1: start da611cd8-d6f8-40e9-9825-4d5039a9b9e1@group-99362A9385E5-FollowerState
2022-02-08 13:52:33,034 [Command processor thread] INFO  ratis.XceiverServerRatis (XceiverServerRatis.java:addGroup(768)) - Created group PipelineID=2dd21e55-0995-494b-87e3-05807f1afb9a
2022-02-08 13:52:33,035 [Command processor thread] INFO  commandhandler.CreatePipelineCommandHandler (CreatePipelineCommandHandler.java:handle(106)) - Created Pipeline RATIS ONE PipelineID=2dd21e55-0995-494b-87e3-05807f1afb9a.
2022-02-08 13:52:33,035 [pool-144-thread-1] INFO  util.JmxRegister (JmxRegister.java:tryRegister(44)) - Successfully registered JMX Bean with object name Ratis:service=RaftServer,group=group-99362A9385E5,id=da611cd8-d6f8-40e9-9825-4d5039a9b9e1
2022-02-08 13:52:33,039 [Command processor thread] INFO  commandhandler.CreatePipelineCommandHandler (CreatePipelineCommandHandler.java:handle(106)) - Created Pipeline RATIS THREE PipelineID=60fdb779-c7c1-4438-b616-25469f3653d4.
2022-02-08 13:52:33,079 [grpc-default-executor-0] INFO  server.RaftServer (RaftServerProxy.java:addNew(95)) - f61a4b31-682a-41d1-a434-a20bd71c25fb: addNew group-99362A9385E5:[da611cd8-d6f8-40e9-9825-4d5039a9b9e1|rpc:10.1.0.34:39351|dataStream:|priority:1, a5053940-3165-42e9-acd7-ef11441d188e|rpc:10.1.0.34:35549|dataStream:|priority:0, f61a4b31-682a-41d1-a434-a20bd71c25fb|rpc:10.1.0.34:43123|dataStream:|priority:0] returns group-99362A9385E5:java.util.concurrent.CompletableFuture@39f7bdcb[Not completed]
2022-02-08 13:52:33,080 [pool-165-thread-1] INFO  server.RaftServer$Division (RaftServerImpl.java:<init>(184)) - f61a4b31-682a-41d1-a434-a20bd71c25fb: new RaftServerImpl for group-99362A9385E5:[da611cd8-d6f8-40e9-9825-4d5039a9b9e1|rpc:10.1.0.34:39351|dataStream:|priority:1, a5053940-3165-42e9-acd7-ef11441d188e|rpc:10.1.0.34:35549|dataStream:|priority:0, f61a4b31-682a-41d1-a434-a20bd71c25fb|rpc:10.1.0.34:43123|dataStream:|priority:0] with ContainerStateMachine:uninitialized
2022-02-08 13:52:33,080 [pool-165-thread-1] INFO  server.RaftServerConfigKeys (ConfUtils.java:logGet(44)) - raft.server.rpc.timeout.min = 5s (custom)
2022-02-08 13:52:33,080 [pool-165-thread-1] INFO  server.RaftServerConfigKeys (ConfUtils.java:logGet(44)) - raft.server.rpc.timeout.max = 5200ms (custom)
2022-02-08 13:52:33,080 [pool-165-thread-1] INFO  server.RaftServerConfigKeys (ConfUtils.java:logGet(44)) - raft.server.rpc.sleep.time = 25ms (default)
2022-02-08 13:52:33,080 [pool-165-thread-1] INFO  server.RaftServerConfigKeys (ConfUtils.java:logGet(44)) - raft.server.rpc.slowness.timeout = 300000ms (custom)
2022-02-08 13:52:33,080 [pool-165-thread-1] INFO  server.RaftServerConfigKeys (ConfUtils.java:logGet(44)) - raft.server.leaderelection.leader.step-down.wait-time = 10s (default)
2022-02-08 13:52:33,080 [pool-165-thread-1] INFO  server.RaftServerConfigKeys (ConfUtils.java:logGet(44)) - raft.server.sleep.deviation.threshold = 300ms (default)
2022-02-08 13:52:33,080 [pool-165-thread-1] INFO  server.RaftServerConfigKeys (ConfUtils.java:logGet(44)) - raft.server.log.appender.install.snapshot.enabled = false (custom)
2022-02-08 13:52:33,081 [pool-165-thread-1] INFO  server.RaftServer$Division (ServerState.java:<init>(105)) - f61a4b31-682a-41d1-a434-a20bd71c25fb@group-99362A9385E5: ConfigurationManager, init=-1: [da611cd8-d6f8-40e9-9825-4d5039a9b9e1|rpc:10.1.0.34:39351|dataStream:|priority:1, a5053940-3165-42e9-acd7-ef11441d188e|rpc:10.1.0.34:35549|dataStream:|priority:0, f61a4b31-682a-41d1-a434-a20bd71c25fb|rpc:10.1.0.34:43123|dataStream:|priority:0], old=null, confs=<EMPTY_MAP>
2022-02-08 13:52:33,081 [pool-165-thread-1] INFO  server.RaftServerConfigKeys (ConfUtils.java:logGet(44)) - raft.server.storage.dir = [/home/runner/work/ozone/ozone/hadoop-ozone/integration-test/target/test-dir/MiniOzoneClusterImpl-44b62ea4-a9d0-4540-a736-82fb29945a00/datanode-5/data/ratis] (custom)
2022-02-08 13:52:33,081 [pool-165-thread-1] INFO  server.RaftServerConfigKeys (ConfUtils.java:logGet(44)) - raft.server.log.corruption.policy = EXCEPTION (default)
2022-02-08 13:52:33,081 [pool-165-thread-1] INFO  server.RaftServerConfigKeys (ConfUtils.java:logGet(44)) - raft.server.storage.free-space.min = 0MB (=0) (default)
2022-02-08 13:52:33,081 [pool-165-thread-1] INFO  storage.RaftStorageDirectory (RaftStorageDirectoryImpl.java:analyzeStorage(135)) - The storage directory /home/runner/work/ozone/ozone/hadoop-ozone/integration-test/target/test-dir/MiniOzoneClusterImpl-44b62ea4-a9d0-4540-a736-82fb29945a00/datanode-5/data/ratis/5b69d1c0-01d2-451e-b624-99362a9385e5 does not exist. Creating ...
2022-02-08 13:52:33,084 [pool-165-thread-1] INFO  storage.RaftStorageDirectory (RaftStorageDirectoryImpl.java:tryLock(230)) - Lock on /home/runner/work/ozone/ozone/hadoop-ozone/integration-test/target/test-dir/MiniOzoneClusterImpl-44b62ea4-a9d0-4540-a736-82fb29945a00/datanode-5/data/ratis/5b69d1c0-01d2-451e-b624-99362a9385e5/in_use.lock acquired by nodename 18376@fv-az148-480
2022-02-08 13:52:33,085 [pool-165-thread-1] INFO  storage.RaftStorage (RaftStorageImpl.java:format(89)) - Storage directory /home/runner/work/ozone/ozone/hadoop-ozone/integration-test/target/test-dir/MiniOzoneClusterImpl-44b62ea4-a9d0-4540-a736-82fb29945a00/datanode-5/data/ratis/5b69d1c0-01d2-451e-b624-99362a9385e5 has been successfully formatted.
2022-02-08 13:52:33,086 [pool-165-thread-1] INFO  ratis.ContainerStateMachine (ContainerStateMachine.java:loadSnapshot(231)) - group-99362A9385E5: The snapshot info is null. Setting the last applied indexto:(t:0, i:~)
2022-02-08 13:52:33,087 [pool-165-thread-1] INFO  server.RaftServerConfigKeys (ConfUtils.java:logGet(44)) - raft.server.notification.no-leader.timeout = 300000ms (custom)
2022-02-08 13:52:33,087 [pool-165-thread-1] INFO  server.RaftServerConfigKeys (ConfUtils.java:logGet(44)) - raft.server.log.use.memory = false (default)
2022-02-08 13:52:33,087 [pool-165-thread-1] INFO  server.RaftServerConfigKeys (ConfUtils.java:logGet(44)) - raft.server.log.purge.gap = 1000000 (custom)
2022-02-08 13:52:33,087 [pool-165-thread-1] INFO  server.RaftServerConfigKeys (ConfUtils.java:logGet(44)) - raft.server.log.appender.buffer.byte-limit = 33554432 (custom)
2022-02-08 13:52:33,087 [pool-165-thread-1] INFO  server.RaftServerConfigKeys (ConfUtils.java:logGet(44)) - raft.server.log.segment.size.max = 1048576 (custom)
2022-02-08 13:52:33,090 [pool-165-thread-1] INFO  server.RaftServerConfigKeys (ConfUtils.java:logGet(44)) - raft.server.log.segment.cache.num.max = 2 (custom)
2022-02-08 13:52:33,090 [pool-165-thread-1] INFO  server.RaftServerConfigKeys (ConfUtils.java:logGet(44)) - raft.server.log.segment.cache.size.max = 200MB (=209715200) (default)
2022-02-08 13:52:33,090 [pool-165-thread-1] INFO  segmented.SegmentedRaftLogWorker (SegmentedRaftLogWorker.java:<init>(182)) - new f61a4b31-682a-41d1-a434-a20bd71c25fb@group-99362A9385E5-SegmentedRaftLogWorker for RaftStorageImpl:Storage Directory /home/runner/work/ozone/ozone/hadoop-ozone/integration-test/target/test-dir/MiniOzoneClusterImpl-44b62ea4-a9d0-4540-a736-82fb29945a00/datanode-5/data/ratis/5b69d1c0-01d2-451e-b624-99362a9385e5
2022-02-08 13:52:33,090 [pool-165-thread-1] INFO  server.RaftServerConfigKeys (ConfUtils.java:logGet(44)) - raft.server.log.queue.byte-limit = 2147483647 (custom)
2022-02-08 13:52:33,090 [pool-165-thread-1] INFO  server.RaftServerConfigKeys (ConfUtils.java:logGet(44)) - raft.server.log.queue.element-limit = 1024 (custom)
2022-02-08 13:52:33,090 [pool-165-thread-1] INFO  server.RaftServerConfigKeys (ConfUtils.java:logGet(44)) - raft.server.log.segment.size.max = 1048576 (custom)
2022-02-08 13:52:33,091 [pool-165-thread-1] INFO  server.RaftServerConfigKeys (ConfUtils.java:logGet(44)) - raft.server.log.preallocated.size = 16384 (custom)
2022-02-08 13:52:33,091 [pool-165-thread-1] INFO  server.RaftServerConfigKeys (ConfUtils.java:logGet(44)) - raft.server.log.force.sync.num = 128 (default)
2022-02-08 13:52:33,091 [pool-165-thread-1] INFO  server.RaftServerConfigKeys (ConfUtils.java:logGet(44)) - raft.server.log.statemachine.data.sync = true (default)
2022-02-08 13:52:33,091 [pool-165-thread-1] INFO  server.RaftServerConfigKeys (ConfUtils.java:logGet(44)) - raft.server.log.statemachine.data.sync.timeout = 10s (default)
2022-02-08 13:52:33,091 [pool-165-thread-1] INFO  server.RaftServerConfigKeys (ConfUtils.java:logGet(44)) - raft.server.log.statemachine.data.sync.timeout.retry = -1 (default)
2022-02-08 13:52:33,092 [pool-165-thread-1] INFO  server.RaftServerConfigKeys (ConfUtils.java:logGet(44)) - raft.server.log.write.buffer.size = 1048576 (custom)
2022-02-08 13:52:33,092 [pool-165-thread-1] INFO  server.RaftServerConfigKeys (ConfUtils.java:logGet(44)) - raft.server.log.statemachine.data.caching.enabled = true (custom)
2022-02-08 13:52:33,093 [pool-165-thread-1] INFO  segmented.SegmentedRaftLogWorker (SegmentedRaftLogWorker.java:lambda$new$0(133)) - f61a4b31-682a-41d1-a434-a20bd71c25fb@group-99362A9385E5-SegmentedRaftLogWorker: flushIndex: setUnconditionally 0 -> -1
2022-02-08 13:52:33,093 [pool-165-thread-1] INFO  segmented.SegmentedRaftLogWorker (SegmentedRaftLogWorker.java:lambda$new$0(133)) - f61a4b31-682a-41d1-a434-a20bd71c25fb@group-99362A9385E5-SegmentedRaftLogWorker: safeCacheEvictIndex: setUnconditionally 0 -> -1
2022-02-08 13:52:33,093 [pool-165-thread-1] INFO  server.RaftServerConfigKeys (ConfUtils.java:logGet(44)) - raft.server.snapshot.auto.trigger.enabled = true (custom)
2022-02-08 13:52:33,093 [pool-165-thread-1] INFO  server.RaftServerConfigKeys (ConfUtils.java:logGet(44)) - raft.server.snapshot.auto.trigger.threshold = 10000 (custom)
2022-02-08 13:52:33,093 [pool-165-thread-1] INFO  server.RaftServerConfigKeys (ConfUtils.java:logGet(44)) - raft.server.snapshot.retention.file.num = 5 (custom)
2022-02-08 13:52:33,093 [pool-165-thread-1] INFO  server.RaftServerConfigKeys (ConfUtils.java:logGet(44)) - raft.server.log.purge.upto.snapshot.index = false (default)
2022-02-08 13:52:33,094 [pool-165-thread-1] INFO  server.RaftServerConfigKeys (ConfUtils.java:logGet(44)) - raft.server.retrycache.expirytime = 600000ms (custom)
2022-02-08 13:52:33,094 [pool-165-thread-1] INFO  server.RaftServerConfigKeys (ConfUtils.java:logGet(44)) - raft.server.retrycache.statistics.expirytime = 100μs (default)
2022-02-08 13:52:33,095 [pool-165-thread-1] INFO  server.RaftServer$Division (RaftServerImpl.java:start(301)) - f61a4b31-682a-41d1-a434-a20bd71c25fb@group-99362A9385E5: start as a follower, conf=-1: [da611cd8-d6f8-40e9-9825-4d5039a9b9e1|rpc:10.1.0.34:39351|dataStream:|priority:1, a5053940-3165-42e9-acd7-ef11441d188e|rpc:10.1.0.34:35549|dataStream:|priority:0, f61a4b31-682a-41d1-a434-a20bd71c25fb|rpc:10.1.0.34:43123|dataStream:|priority:0], old=null
2022-02-08 13:52:33,095 [pool-165-thread-1] INFO  server.RaftServer$Division (RaftServerImpl.java:setRole(290)) - f61a4b31-682a-41d1-a434-a20bd71c25fb@group-99362A9385E5: changes role from      null to FOLLOWER at term 0 for startAsFollower
2022-02-08 13:52:33,095 [pool-165-thread-1] INFO  impl.RoleInfo (RoleInfo.java:updateAndGet(130)) - f61a4b31-682a-41d1-a434-a20bd71c25fb: start f61a4b31-682a-41d1-a434-a20bd71c25fb@group-99362A9385E5-FollowerState
2022-02-08 13:52:33,095 [pool-165-thread-1] INFO  util.JmxRegister (JmxRegister.java:tryRegister(44)) - Successfully registered JMX Bean with object name Ratis:service=RaftServer,group=group-99362A9385E5,id=f61a4b31-682a-41d1-a434-a20bd71c25fb
2022-02-08 13:52:33,106 [Command processor thread] INFO  commandhandler.CreatePipelineCommandHandler (CreatePipelineCommandHandler.java:handle(106)) - Created Pipeline RATIS THREE PipelineID=5b69d1c0-01d2-451e-b624-99362a9385e5.
2022-02-08 13:52:33,195 [Command processor thread] INFO  server.RaftServer (RaftServerProxy.java:addNew(95)) - f61a4b31-682a-41d1-a434-a20bd71c25fb: addNew group-3EFC0426B04C:[f61a4b31-682a-41d1-a434-a20bd71c25fb|rpc:10.1.0.34:43123|priority:1] returns group-3EFC0426B04C:java.util.concurrent.CompletableFuture@1c5c7943[Not completed]
2022-02-08 13:52:33,196 [pool-165-thread-1] INFO  server.RaftServer$Division (RaftServerImpl.java:<init>(184)) - f61a4b31-682a-41d1-a434-a20bd71c25fb: new RaftServerImpl for group-3EFC0426B04C:[f61a4b31-682a-41d1-a434-a20bd71c25fb|rpc:10.1.0.34:43123|priority:1] with ContainerStateMachine:uninitialized
2022-02-08 13:52:33,197 [pool-165-thread-1] INFO  server.RaftServerConfigKeys (ConfUtils.java:logGet(44)) - raft.server.rpc.timeout.min = 5s (custom)
2022-02-08 13:52:33,197 [pool-165-thread-1] INFO  server.RaftServerConfigKeys (ConfUtils.java:logGet(44)) - raft.server.rpc.timeout.max = 5200ms (custom)
2022-02-08 13:52:33,197 [pool-165-thread-1] INFO  server.RaftServerConfigKeys (ConfUtils.java:logGet(44)) - raft.server.rpc.sleep.time = 25ms (default)
2022-02-08 13:52:33,197 [pool-165-thread-1] INFO  server.RaftServerConfigKeys (ConfUtils.java:logGet(44)) - raft.server.rpc.slowness.timeout = 300000ms (custom)
2022-02-08 13:52:33,197 [pool-165-thread-1] INFO  server.RaftServerConfigKeys (ConfUtils.java:logGet(44)) - raft.server.leaderelection.leader.step-down.wait-time = 10s (default)
2022-02-08 13:52:33,197 [pool-165-thread-1] INFO  server.RaftServerConfigKeys (ConfUtils.java:logGet(44)) - raft.server.sleep.deviation.threshold = 300ms (default)
2022-02-08 13:52:33,197 [pool-165-thread-1] INFO  server.RaftServerConfigKeys (ConfUtils.java:logGet(44)) - raft.server.log.appender.install.snapshot.enabled = false (custom)
2022-02-08 13:52:33,197 [pool-165-thread-1] INFO  server.RaftServer$Division (ServerState.java:<init>(105)) - f61a4b31-682a-41d1-a434-a20bd71c25fb@group-3EFC0426B04C: ConfigurationManager, init=-1: [f61a4b31-682a-41d1-a434-a20bd71c25fb|rpc:10.1.0.34:43123|priority:1], old=null, confs=<EMPTY_MAP>
2022-02-08 13:52:33,197 [pool-165-thread-1] INFO  server.RaftServerConfigKeys (ConfUtils.java:logGet(44)) - raft.server.storage.dir = [/home/runner/work/ozone/ozone/hadoop-ozone/integration-test/target/test-dir/MiniOzoneClusterImpl-44b62ea4-a9d0-4540-a736-82fb29945a00/datanode-5/data/ratis] (custom)
2022-02-08 13:52:33,197 [pool-165-thread-1] INFO  server.RaftServerConfigKeys (ConfUtils.java:logGet(44)) - raft.server.log.corruption.policy = EXCEPTION (default)
2022-02-08 13:52:33,197 [pool-165-thread-1] INFO  server.RaftServerConfigKeys (ConfUtils.java:logGet(44)) - raft.server.storage.free-space.min = 0MB (=0) (default)
2022-02-08 13:52:33,198 [pool-165-thread-1] INFO  storage.RaftStorageDirectory (RaftStorageDirectoryImpl.java:analyzeStorage(135)) - The storage directory /home/runner/work/ozone/ozone/hadoop-ozone/integration-test/target/test-dir/MiniOzoneClusterImpl-44b62ea4-a9d0-4540-a736-82fb29945a00/datanode-5/data/ratis/76856bf5-1ed6-4d95-ad34-3efc0426b04c does not exist. Creating ...
2022-02-08 13:52:33,199 [pool-165-thread-1] INFO  storage.RaftStorageDirectory (RaftStorageDirectoryImpl.java:tryLock(230)) - Lock on /home/runner/work/ozone/ozone/hadoop-ozone/integration-test/target/test-dir/MiniOzoneClusterImpl-44b62ea4-a9d0-4540-a736-82fb29945a00/datanode-5/data/ratis/76856bf5-1ed6-4d95-ad34-3efc0426b04c/in_use.lock acquired by nodename 18376@fv-az148-480
2022-02-08 13:52:33,200 [pool-165-thread-1] INFO  storage.RaftStorage (RaftStorageImpl.java:format(89)) - Storage directory /home/runner/work/ozone/ozone/hadoop-ozone/integration-test/target/test-dir/MiniOzoneClusterImpl-44b62ea4-a9d0-4540-a736-82fb29945a00/datanode-5/data/ratis/76856bf5-1ed6-4d95-ad34-3efc0426b04c has been successfully formatted.
2022-02-08 13:52:33,200 [pool-165-thread-1] INFO  ratis.ContainerStateMachine (ContainerStateMachine.java:loadSnapshot(231)) - group-3EFC0426B04C: The snapshot info is null. Setting the last applied indexto:(t:0, i:~)
2022-02-08 13:52:33,201 [pool-165-thread-1] INFO  server.RaftServerConfigKeys (ConfUtils.java:logGet(44)) - raft.server.notification.no-leader.timeout = 300000ms (custom)
2022-02-08 13:52:33,201 [pool-165-thread-1] INFO  server.RaftServerConfigKeys (ConfUtils.java:logGet(44)) - raft.server.log.use.memory = false (default)
2022-02-08 13:52:33,201 [pool-165-thread-1] INFO  server.RaftServerConfigKeys (ConfUtils.java:logGet(44)) - raft.server.log.purge.gap = 1000000 (custom)
2022-02-08 13:52:33,201 [pool-165-thread-1] INFO  server.RaftServerConfigKeys (ConfUtils.java:logGet(44)) - raft.server.log.appender.buffer.byte-limit = 33554432 (custom)
2022-02-08 13:52:33,201 [pool-165-thread-1] INFO  server.RaftServerConfigKeys (ConfUtils.java:logGet(44)) - raft.server.log.segment.size.max = 1048576 (custom)
2022-02-08 13:52:33,202 [pool-165-thread-1] INFO  server.RaftServerConfigKeys (ConfUtils.java:logGet(44)) - raft.server.log.segment.cache.num.max = 2 (custom)
2022-02-08 13:52:33,203 [EventQueue-PipelineReportForPipelineReportHandler] INFO  pipeline.PipelineManagerImpl (PipelineManagerImpl.java:openPipeline(291)) - Pipeline Pipeline[ Id: 76856bf5-1ed6-4d95-ad34-3efc0426b04c, Nodes: f61a4b31-682a-41d1-a434-a20bd71c25fb{ip: 10.1.0.34, host: fv-az148-480.bm4ck3pvxvsene1rjriu5fhcdb.bx.internal.cloudapp.net, ports: [REPLICATION=34671, RATIS=43123, RATIS_ADMIN=43123, RATIS_SERVER=43123, STANDALONE=43787], networkLocation: /default-rack, certSerialId: null, persistedOpState: IN_SERVICE, persistedOpStateExpiryEpochSec: 0}, ReplicationConfig: RATIS/ONE, State:ALLOCATED, leaderId:f61a4b31-682a-41d1-a434-a20bd71c25fb, CreationTimestamp2022-02-08T13:52:30.201Z[Etc/UTC]] moved to OPEN state
2022-02-08 13:52:33,206 [8e830768-0c32-4272-9818-b92ae3ba757d@group-82FB29945A00-StateMachineUpdater] INFO  safemode.HealthyPipelineSafeModeRule (HealthyPipelineSafeModeRule.java:initializeRule(152)) - Refreshed total pipeline count is 0, healthy pipeline threshold count is 1
2022-02-08 13:52:33,206 [EventQueue-OpenPipelineForHealthyPipelineSafeModeRule] INFO  safemode.SCMSafeModeManager (HealthyPipelineSafeModeRule.java:process(124)) - SCM in safe mode. Healthy pipelines reported count is 0, required healthy pipeline reported count is 1
2022-02-08 13:52:33,206 [pool-165-thread-1] INFO  server.RaftServerConfigKeys (ConfUtils.java:logGet(44)) - raft.server.log.segment.cache.size.max = 200MB (=209715200) (default)
2022-02-08 13:52:33,208 [pool-165-thread-1] INFO  segmented.SegmentedRaftLogWorker (SegmentedRaftLogWorker.java:<init>(182)) - new f61a4b31-682a-41d1-a434-a20bd71c25fb@group-3EFC0426B04C-SegmentedRaftLogWorker for RaftStorageImpl:Storage Directory /home/runner/work/ozone/ozone/hadoop-ozone/integration-test/target/test-dir/MiniOzoneClusterImpl-44b62ea4-a9d0-4540-a736-82fb29945a00/datanode-5/data/ratis/76856bf5-1ed6-4d95-ad34-3efc0426b04c
2022-02-08 13:52:33,208 [pool-165-thread-1] INFO  server.RaftServerConfigKeys (ConfUtils.java:logGet(44)) - raft.server.log.queue.byte-limit = 2147483647 (custom)
2022-02-08 13:52:33,208 [pool-165-thread-1] INFO  server.RaftServerConfigKeys (ConfUtils.java:logGet(44)) - raft.server.log.queue.element-limit = 1024 (custom)
2022-02-08 13:52:33,208 [pool-165-thread-1] INFO  server.RaftServerConfigKeys (ConfUtils.java:logGet(44)) - raft.server.log.segment.size.max = 1048576 (custom)
2022-02-08 13:52:33,208 [pool-165-thread-1] INFO  server.RaftServerConfigKeys (ConfUtils.java:logGet(44)) - raft.server.log.preallocated.size = 16384 (custom)
2022-02-08 13:52:33,208 [pool-165-thread-1] INFO  server.RaftServerConfigKeys (ConfUtils.java:logGet(44)) - raft.server.log.force.sync.num = 128 (default)
2022-02-08 13:52:33,208 [pool-165-thread-1] INFO  server.RaftServerConfigKeys (ConfUtils.java:logGet(44)) - raft.server.log.statemachine.data.sync = true (default)
2022-02-08 13:52:33,208 [pool-165-thread-1] INFO  server.RaftServerConfigKeys (ConfUtils.java:logGet(44)) - raft.server.log.statemachine.data.sync.timeout = 10s (default)
2022-02-08 13:52:33,208 [pool-165-thread-1] INFO  server.RaftServerConfigKeys (ConfUtils.java:logGet(44)) - raft.server.log.statemachine.data.sync.timeout.retry = -1 (default)
2022-02-08 13:52:33,209 [pool-165-thread-1] INFO  server.RaftServerConfigKeys (ConfUtils.java:logGet(44)) - raft.server.log.write.buffer.size = 1048576 (custom)
2022-02-08 13:52:33,210 [pool-165-thread-1] INFO  server.RaftServerConfigKeys (ConfUtils.java:logGet(44)) - raft.server.log.statemachine.data.caching.enabled = true (custom)
2022-02-08 13:52:33,210 [pool-165-thread-1] INFO  segmented.SegmentedRaftLogWorker (SegmentedRaftLogWorker.java:lambda$new$0(133)) - f61a4b31-682a-41d1-a434-a20bd71c25fb@group-3EFC0426B04C-SegmentedRaftLogWorker: flushIndex: setUnconditionally 0 -> -1
2022-02-08 13:52:33,210 [pool-165-thread-1] INFO  segmented.SegmentedRaftLogWorker (SegmentedRaftLogWorker.java:lambda$new$0(133)) - f61a4b31-682a-41d1-a434-a20bd71c25fb@group-3EFC0426B04C-SegmentedRaftLogWorker: safeCacheEvictIndex: setUnconditionally 0 -> -1
2022-02-08 13:52:33,210 [pool-165-thread-1] INFO  server.RaftServerConfigKeys (ConfUtils.java:logGet(44)) - raft.server.snapshot.auto.trigger.enabled = true (custom)
2022-02-08 13:52:33,210 [pool-165-thread-1] INFO  server.RaftServerConfigKeys (ConfUtils.java:logGet(44)) - raft.server.snapshot.auto.trigger.threshold = 10000 (custom)
2022-02-08 13:52:33,210 [pool-165-thread-1] INFO  server.RaftServerConfigKeys (ConfUtils.java:logGet(44)) - raft.server.snapshot.retention.file.num = 5 (custom)
2022-02-08 13:52:33,210 [pool-165-thread-1] INFO  server.RaftServerConfigKeys (ConfUtils.java:logGet(44)) - raft.server.log.purge.upto.snapshot.index = false (default)
2022-02-08 13:52:33,210 [pool-165-thread-1] INFO  server.RaftServerConfigKeys (ConfUtils.java:logGet(44)) - raft.server.retrycache.expirytime = 600000ms (custom)
2022-02-08 13:52:33,210 [pool-165-thread-1] INFO  server.RaftServerConfigKeys (ConfUtils.java:logGet(44)) - raft.server.retrycache.statistics.expirytime = 100μs (default)
2022-02-08 13:52:33,212 [pool-165-thread-1] INFO  server.RaftServer$Division (RaftServerImpl.java:start(301)) - f61a4b31-682a-41d1-a434-a20bd71c25fb@group-3EFC0426B04C: start as a follower, conf=-1: [f61a4b31-682a-41d1-a434-a20bd71c25fb|rpc:10.1.0.34:43123|priority:1], old=null
2022-02-08 13:52:33,212 [pool-165-thread-1] INFO  server.RaftServer$Division (RaftServerImpl.java:setRole(290)) - f61a4b31-682a-41d1-a434-a20bd71c25fb@group-3EFC0426B04C: changes role from      null to FOLLOWER at term 0 for startAsFollower
2022-02-08 13:52:33,212 [pool-165-thread-1] INFO  impl.RoleInfo (RoleInfo.java:updateAndGet(130)) - f61a4b31-682a-41d1-a434-a20bd71c25fb: start f61a4b31-682a-41d1-a434-a20bd71c25fb@group-3EFC0426B04C-FollowerState
2022-02-08 13:52:33,212 [pool-165-thread-1] INFO  util.JmxRegister (JmxRegister.java:tryRegister(44)) - Successfully registered JMX Bean with object name Ratis:service=RaftServer,group=group-3EFC0426B04C,id=f61a4b31-682a-41d1-a434-a20bd71c25fb
2022-02-08 13:52:33,213 [Command processor thread] INFO  ratis.XceiverServerRatis (XceiverServerRatis.java:addGroup(768)) - Created group PipelineID=76856bf5-1ed6-4d95-ad34-3efc0426b04c
2022-02-08 13:52:33,213 [Command processor thread] INFO  commandhandler.CreatePipelineCommandHandler (CreatePipelineCommandHandler.java:handle(106)) - Created Pipeline RATIS ONE PipelineID=76856bf5-1ed6-4d95-ad34-3efc0426b04c.
2022-02-08 13:52:33,402 [Command processor thread] INFO  server.RaftServer (RaftServerProxy.java:addNew(95)) - a7553d9d-67d8-423e-ad9b-7e30726581c7: addNew group-5DDB25827537:[a7553d9d-67d8-423e-ad9b-7e30726581c7|rpc:10.1.0.34:32871|priority:1] returns group-5DDB25827537:java.util.concurrent.CompletableFuture@8fd394c[Not completed]
2022-02-08 13:52:33,404 [pool-186-thread-1] INFO  server.RaftServer$Division (RaftServerImpl.java:<init>(184)) - a7553d9d-67d8-423e-ad9b-7e30726581c7: new RaftServerImpl for group-5DDB25827537:[a7553d9d-67d8-423e-ad9b-7e30726581c7|rpc:10.1.0.34:32871|priority:1] with ContainerStateMachine:uninitialized
2022-02-08 13:52:33,405 [pool-186-thread-1] INFO  server.RaftServerConfigKeys (ConfUtils.java:logGet(44)) - raft.server.rpc.timeout.min = 5s (custom)
2022-02-08 13:52:33,406 [pool-186-thread-1] INFO  server.RaftServerConfigKeys (ConfUtils.java:logGet(44)) - raft.server.rpc.timeout.max = 5200ms (custom)
2022-02-08 13:52:33,406 [pool-186-thread-1] INFO  server.RaftServerConfigKeys (ConfUtils.java:logGet(44)) - raft.server.rpc.sleep.time = 25ms (default)
2022-02-08 13:52:33,406 [pool-186-thread-1] INFO  server.RaftServerConfigKeys (ConfUtils.java:logGet(44)) - raft.server.rpc.slowness.timeout = 300000ms (custom)
2022-02-08 13:52:33,406 [pool-186-thread-1] INFO  server.RaftServerConfigKeys (ConfUtils.java:logGet(44)) - raft.server.leaderelection.leader.step-down.wait-time = 10s (default)
2022-02-08 13:52:33,406 [pool-186-thread-1] INFO  server.RaftServerConfigKeys (ConfUtils.java:logGet(44)) - raft.server.sleep.deviation.threshold = 300ms (default)
2022-02-08 13:52:33,406 [pool-186-thread-1] INFO  server.RaftServerConfigKeys (ConfUtils.java:logGet(44)) - raft.server.log.appender.install.snapshot.enabled = false (custom)
2022-02-08 13:52:33,406 [pool-186-thread-1] INFO  server.RaftServer$Division (ServerState.java:<init>(105)) - a7553d9d-67d8-423e-ad9b-7e30726581c7@group-5DDB25827537: ConfigurationManager, init=-1: [a7553d9d-67d8-423e-ad9b-7e30726581c7|rpc:10.1.0.34:32871|priority:1], old=null, confs=<EMPTY_MAP>
2022-02-08 13:52:33,406 [pool-186-thread-1] INFO  server.RaftServerConfigKeys (ConfUtils.java:logGet(44)) - raft.server.storage.dir = [/home/runner/work/ozone/ozone/hadoop-ozone/integration-test/target/test-dir/MiniOzoneClusterImpl-44b62ea4-a9d0-4540-a736-82fb29945a00/datanode-6/data/ratis] (custom)
2022-02-08 13:52:33,406 [pool-186-thread-1] INFO  server.RaftServerConfigKeys (ConfUtils.java:logGet(44)) - raft.server.log.corruption.policy = EXCEPTION (default)
2022-02-08 13:52:33,407 [pool-186-thread-1] INFO  server.RaftServerConfigKeys (ConfUtils.java:logGet(44)) - raft.server.storage.free-space.min = 0MB (=0) (default)
2022-02-08 13:52:33,407 [pool-186-thread-1] INFO  storage.RaftStorageDirectory (RaftStorageDirectoryImpl.java:analyzeStorage(135)) - The storage directory /home/runner/work/ozone/ozone/hadoop-ozone/integration-test/target/test-dir/MiniOzoneClusterImpl-44b62ea4-a9d0-4540-a736-82fb29945a00/datanode-6/data/ratis/a490a9aa-9c69-42eb-a390-5ddb25827537 does not exist. Creating ...
2022-02-08 13:52:33,408 [pool-186-thread-1] INFO  storage.RaftStorageDirectory (RaftStorageDirectoryImpl.java:tryLock(230)) - Lock on /home/runner/work/ozone/ozone/hadoop-ozone/integration-test/target/test-dir/MiniOzoneClusterImpl-44b62ea4-a9d0-4540-a736-82fb29945a00/datanode-6/data/ratis/a490a9aa-9c69-42eb-a390-5ddb25827537/in_use.lock acquired by nodename 18376@fv-az148-480
2022-02-08 13:52:33,410 [pool-186-thread-1] INFO  storage.RaftStorage (RaftStorageImpl.java:format(89)) - Storage directory /home/runner/work/ozone/ozone/hadoop-ozone/integration-test/target/test-dir/MiniOzoneClusterImpl-44b62ea4-a9d0-4540-a736-82fb29945a00/datanode-6/data/ratis/a490a9aa-9c69-42eb-a390-5ddb25827537 has been successfully formatted.
2022-02-08 13:52:33,411 [pool-186-thread-1] INFO  ratis.ContainerStateMachine (ContainerStateMachine.java:loadSnapshot(231)) - group-5DDB25827537: The snapshot info is null. Setting the last applied indexto:(t:0, i:~)
2022-02-08 13:52:33,412 [pool-186-thread-1] INFO  server.RaftServerConfigKeys (ConfUtils.java:logGet(44)) - raft.server.notification.no-leader.timeout = 300000ms (custom)
2022-02-08 13:52:33,412 [pool-186-thread-1] INFO  server.RaftServerConfigKeys (ConfUtils.java:logGet(44)) - raft.server.log.use.memory = false (default)
2022-02-08 13:52:33,412 [pool-186-thread-1] INFO  server.RaftServerConfigKeys (ConfUtils.java:logGet(44)) - raft.server.log.purge.gap = 1000000 (custom)
2022-02-08 13:52:33,412 [pool-186-thread-1] INFO  server.RaftServerConfigKeys (ConfUtils.java:logGet(44)) - raft.server.log.appender.buffer.byte-limit = 33554432 (custom)
2022-02-08 13:52:33,413 [pool-186-thread-1] INFO  server.RaftServerConfigKeys (ConfUtils.java:logGet(44)) - raft.server.log.segment.size.max = 1048576 (custom)
2022-02-08 13:52:33,413 [EventQueue-PipelineReportForPipelineReportHandler] INFO  pipeline.PipelineManagerImpl (PipelineManagerImpl.java:openPipeline(291)) - Pipeline Pipeline[ Id: a490a9aa-9c69-42eb-a390-5ddb25827537, Nodes: a7553d9d-67d8-423e-ad9b-7e30726581c7{ip: 10.1.0.34, host: fv-az148-480.bm4ck3pvxvsene1rjriu5fhcdb.bx.internal.cloudapp.net, ports: [REPLICATION=39911, RATIS=32871, RATIS_ADMIN=32871, RATIS_SERVER=32871, STANDALONE=46847], networkLocation: /default-rack, certSerialId: null, persistedOpState: IN_SERVICE, persistedOpStateExpiryEpochSec: 0}, ReplicationConfig: RATIS/ONE, State:ALLOCATED, leaderId:a7553d9d-67d8-423e-ad9b-7e30726581c7, CreationTimestamp2022-02-08T13:52:30.405Z[Etc/UTC]] moved to OPEN state
2022-02-08 13:52:33,413 [pool-186-thread-1] INFO  server.RaftServerConfigKeys (ConfUtils.java:logGet(44)) - raft.server.log.segment.cache.num.max = 2 (custom)
2022-02-08 13:52:33,413 [pool-186-thread-1] INFO  server.RaftServerConfigKeys (ConfUtils.java:logGet(44)) - raft.server.log.segment.cache.size.max = 200MB (=209715200) (default)
2022-02-08 13:52:33,413 [pool-186-thread-1] INFO  segmented.SegmentedRaftLogWorker (SegmentedRaftLogWorker.java:<init>(182)) - new a7553d9d-67d8-423e-ad9b-7e30726581c7@group-5DDB25827537-SegmentedRaftLogWorker for RaftStorageImpl:Storage Directory /home/runner/work/ozone/ozone/hadoop-ozone/integration-test/target/test-dir/MiniOzoneClusterImpl-44b62ea4-a9d0-4540-a736-82fb29945a00/datanode-6/data/ratis/a490a9aa-9c69-42eb-a390-5ddb25827537
2022-02-08 13:52:33,413 [pool-186-thread-1] INFO  server.RaftServerConfigKeys (ConfUtils.java:logGet(44)) - raft.server.log.queue.byte-limit = 2147483647 (custom)
2022-02-08 13:52:33,413 [pool-186-thread-1] INFO  server.RaftServerConfigKeys (ConfUtils.java:logGet(44)) - raft.server.log.queue.element-limit = 1024 (custom)
2022-02-08 13:52:33,413 [pool-186-thread-1] INFO  server.RaftServerConfigKeys (ConfUtils.java:logGet(44)) - raft.server.log.segment.size.max = 1048576 (custom)
2022-02-08 13:52:33,413 [pool-186-thread-1] INFO  server.RaftServerConfigKeys (ConfUtils.java:logGet(44)) - raft.server.log.preallocated.size = 16384 (custom)
2022-02-08 13:52:33,414 [pool-186-thread-1] INFO  server.RaftServerConfigKeys (ConfUtils.java:logGet(44)) - raft.server.log.force.sync.num = 128 (default)
2022-02-08 13:52:33,414 [pool-186-thread-1] INFO  server.RaftServerConfigKeys (ConfUtils.java:logGet(44)) - raft.server.log.statemachine.data.sync = true (default)
2022-02-08 13:52:33,414 [pool-186-thread-1] INFO  server.RaftServerConfigKeys (ConfUtils.java:logGet(44)) - raft.server.log.statemachine.data.sync.timeout = 10s (default)
2022-02-08 13:52:33,414 [pool-186-thread-1] INFO  server.RaftServerConfigKeys (ConfUtils.java:logGet(44)) - raft.server.log.statemachine.data.sync.timeout.retry = -1 (default)
2022-02-08 13:52:33,416 [8e830768-0c32-4272-9818-b92ae3ba757d@group-82FB29945A00-StateMachineUpdater] INFO  safemode.HealthyPipelineSafeModeRule (HealthyPipelineSafeModeRule.java:initializeRule(152)) - Refreshed total pipeline count is 0, healthy pipeline threshold count is 1
2022-02-08 13:52:33,417 [EventQueue-OpenPipelineForHealthyPipelineSafeModeRule] INFO  safemode.SCMSafeModeManager (HealthyPipelineSafeModeRule.java:process(124)) - SCM in safe mode. Healthy pipelines reported count is 0, required healthy pipeline reported count is 1
2022-02-08 13:52:33,417 [pool-186-thread-1] INFO  server.RaftServerConfigKeys (ConfUtils.java:logGet(44)) - raft.server.log.write.buffer.size = 1048576 (custom)
2022-02-08 13:52:33,418 [pool-186-thread-1] INFO  server.RaftServerConfigKeys (ConfUtils.java:logGet(44)) - raft.server.log.statemachine.data.caching.enabled = true (custom)
2022-02-08 13:52:33,419 [pool-186-thread-1] INFO  segmented.SegmentedRaftLogWorker (SegmentedRaftLogWorker.java:lambda$new$0(133)) - a7553d9d-67d8-423e-ad9b-7e30726581c7@group-5DDB25827537-SegmentedRaftLogWorker: flushIndex: setUnconditionally 0 -> -1
2022-02-08 13:52:33,419 [pool-186-thread-1] INFO  segmented.SegmentedRaftLogWorker (SegmentedRaftLogWorker.java:lambda$new$0(133)) - a7553d9d-67d8-423e-ad9b-7e30726581c7@group-5DDB25827537-SegmentedRaftLogWorker: safeCacheEvictIndex: setUnconditionally 0 -> -1
2022-02-08 13:52:33,422 [pool-186-thread-1] INFO  server.RaftServerConfigKeys (ConfUtils.java:logGet(44)) - raft.server.snapshot.auto.trigger.enabled = true (custom)
2022-02-08 13:52:33,422 [pool-186-thread-1] INFO  server.RaftServerConfigKeys (ConfUtils.java:logGet(44)) - raft.server.snapshot.auto.trigger.threshold = 10000 (custom)
2022-02-08 13:52:33,422 [pool-186-thread-1] INFO  server.RaftServerConfigKeys (ConfUtils.java:logGet(44)) - raft.server.snapshot.retention.file.num = 5 (custom)
2022-02-08 13:52:33,422 [pool-186-thread-1] INFO  server.RaftServerConfigKeys (ConfUtils.java:logGet(44)) - raft.server.log.purge.upto.snapshot.index = false (default)
2022-02-08 13:52:33,422 [pool-186-thread-1] INFO  server.RaftServerConfigKeys (ConfUtils.java:logGet(44)) - raft.server.retrycache.expirytime = 600000ms (custom)
2022-02-08 13:52:33,422 [pool-186-thread-1] INFO  server.RaftServerConfigKeys (ConfUtils.java:logGet(44)) - raft.server.retrycache.statistics.expirytime = 100μs (default)
2022-02-08 13:52:33,424 [pool-186-thread-1] INFO  server.RaftServer$Division (RaftServerImpl.java:start(301)) - a7553d9d-67d8-423e-ad9b-7e30726581c7@group-5DDB25827537: start as a follower, conf=-1: [a7553d9d-67d8-423e-ad9b-7e30726581c7|rpc:10.1.0.34:32871|priority:1], old=null
2022-02-08 13:52:33,424 [pool-186-thread-1] INFO  server.RaftServer$Division (RaftServerImpl.java:setRole(290)) - a7553d9d-67d8-423e-ad9b-7e30726581c7@group-5DDB25827537: changes role from      null to FOLLOWER at term 0 for startAsFollower
2022-02-08 13:52:33,424 [pool-186-thread-1] INFO  impl.RoleInfo (RoleInfo.java:updateAndGet(130)) - a7553d9d-67d8-423e-ad9b-7e30726581c7: start a7553d9d-67d8-423e-ad9b-7e30726581c7@group-5DDB25827537-FollowerState
2022-02-08 13:52:33,424 [pool-186-thread-1] INFO  util.JmxRegister (JmxRegister.java:tryRegister(44)) - Successfully registered JMX Bean with object name Ratis:service=RaftServer,group=group-5DDB25827537,id=a7553d9d-67d8-423e-ad9b-7e30726581c7
2022-02-08 13:52:33,425 [Command processor thread] INFO  ratis.XceiverServerRatis (XceiverServerRatis.java:addGroup(768)) - Created group PipelineID=a490a9aa-9c69-42eb-a390-5ddb25827537
2022-02-08 13:52:33,425 [Command processor thread] INFO  commandhandler.CreatePipelineCommandHandler (CreatePipelineCommandHandler.java:handle(106)) - Created Pipeline RATIS ONE PipelineID=a490a9aa-9c69-42eb-a390-5ddb25827537.
2022-02-08 13:52:33,425 [Command processor thread] INFO  server.RaftServer (RaftServerProxy.java:addNew(95)) - a7553d9d-67d8-423e-ad9b-7e30726581c7: addNew group-6046E76B0741:[a7553d9d-67d8-423e-ad9b-7e30726581c7|rpc:10.1.0.34:32871|priority:0, 5f9aa48b-2f61-4154-bb84-50a0aaf99a3b|rpc:10.1.0.34:40765|priority:0, db4f20b8-0dce-4a7c-897b-5d9165b059cf|rpc:10.1.0.34:43059|priority:1] returns group-6046E76B0741:java.util.concurrent.CompletableFuture@cc2bc8b[Not completed]
2022-02-08 13:52:33,426 [pool-186-thread-1] INFO  server.RaftServer$Division (RaftServerImpl.java:<init>(184)) - a7553d9d-67d8-423e-ad9b-7e30726581c7: new RaftServerImpl for group-6046E76B0741:[a7553d9d-67d8-423e-ad9b-7e30726581c7|rpc:10.1.0.34:32871|priority:0, 5f9aa48b-2f61-4154-bb84-50a0aaf99a3b|rpc:10.1.0.34:40765|priority:0, db4f20b8-0dce-4a7c-897b-5d9165b059cf|rpc:10.1.0.34:43059|priority:1] with ContainerStateMachine:uninitialized
2022-02-08 13:52:33,426 [pool-186-thread-1] INFO  server.RaftServerConfigKeys (ConfUtils.java:logGet(44)) - raft.server.rpc.timeout.min = 5s (custom)
2022-02-08 13:52:33,426 [pool-186-thread-1] INFO  server.RaftServerConfigKeys (ConfUtils.java:logGet(44)) - raft.server.rpc.timeout.max = 5200ms (custom)
2022-02-08 13:52:33,426 [pool-186-thread-1] INFO  server.RaftServerConfigKeys (ConfUtils.java:logGet(44)) - raft.server.rpc.sleep.time = 25ms (default)
2022-02-08 13:52:33,426 [pool-186-thread-1] INFO  server.RaftServerConfigKeys (ConfUtils.java:logGet(44)) - raft.server.rpc.slowness.timeout = 300000ms (custom)
2022-02-08 13:52:33,426 [pool-186-thread-1] INFO  server.RaftServerConfigKeys (ConfUtils.java:logGet(44)) - raft.server.leaderelection.leader.step-down.wait-time = 10s (default)
2022-02-08 13:52:33,426 [pool-186-thread-1] INFO  server.RaftServerConfigKeys (ConfUtils.java:logGet(44)) - raft.server.sleep.deviation.threshold = 300ms (default)
2022-02-08 13:52:33,426 [pool-186-thread-1] INFO  server.RaftServerConfigKeys (ConfUtils.java:logGet(44)) - raft.server.log.appender.install.snapshot.enabled = false (custom)
2022-02-08 13:52:33,427 [pool-186-thread-1] INFO  server.RaftServer$Division (ServerState.java:<init>(105)) - a7553d9d-67d8-423e-ad9b-7e30726581c7@group-6046E76B0741: ConfigurationManager, init=-1: [a7553d9d-67d8-423e-ad9b-7e30726581c7|rpc:10.1.0.34:32871|priority:0, 5f9aa48b-2f61-4154-bb84-50a0aaf99a3b|rpc:10.1.0.34:40765|priority:0, db4f20b8-0dce-4a7c-897b-5d9165b059cf|rpc:10.1.0.34:43059|priority:1], old=null, confs=<EMPTY_MAP>
2022-02-08 13:52:33,427 [pool-186-thread-1] INFO  server.RaftServerConfigKeys (ConfUtils.java:logGet(44)) - raft.server.storage.dir = [/home/runner/work/ozone/ozone/hadoop-ozone/integration-test/target/test-dir/MiniOzoneClusterImpl-44b62ea4-a9d0-4540-a736-82fb29945a00/datanode-6/data/ratis] (custom)
2022-02-08 13:52:33,427 [pool-186-thread-1] INFO  server.RaftServerConfigKeys (ConfUtils.java:logGet(44)) - raft.server.log.corruption.policy = EXCEPTION (default)
2022-02-08 13:52:33,427 [pool-186-thread-1] INFO  server.RaftServerConfigKeys (ConfUtils.java:logGet(44)) - raft.server.storage.free-space.min = 0MB (=0) (default)
2022-02-08 13:52:33,427 [pool-186-thread-1] INFO  storage.RaftStorageDirectory (RaftStorageDirectoryImpl.java:analyzeStorage(135)) - The storage directory /home/runner/work/ozone/ozone/hadoop-ozone/integration-test/target/test-dir/MiniOzoneClusterImpl-44b62ea4-a9d0-4540-a736-82fb29945a00/datanode-6/data/ratis/50a32fd0-5e0e-40aa-abe4-6046e76b0741 does not exist. Creating ...
2022-02-08 13:52:33,428 [pool-186-thread-1] INFO  storage.RaftStorageDirectory (RaftStorageDirectoryImpl.java:tryLock(230)) - Lock on /home/runner/work/ozone/ozone/hadoop-ozone/integration-test/target/test-dir/MiniOzoneClusterImpl-44b62ea4-a9d0-4540-a736-82fb29945a00/datanode-6/data/ratis/50a32fd0-5e0e-40aa-abe4-6046e76b0741/in_use.lock acquired by nodename 18376@fv-az148-480
2022-02-08 13:52:33,429 [pool-186-thread-1] INFO  storage.RaftStorage (RaftStorageImpl.java:format(89)) - Storage directory /home/runner/work/ozone/ozone/hadoop-ozone/integration-test/target/test-dir/MiniOzoneClusterImpl-44b62ea4-a9d0-4540-a736-82fb29945a00/datanode-6/data/ratis/50a32fd0-5e0e-40aa-abe4-6046e76b0741 has been successfully formatted.
2022-02-08 13:52:33,430 [pool-186-thread-1] INFO  ratis.ContainerStateMachine (ContainerStateMachine.java:loadSnapshot(231)) - group-6046E76B0741: The snapshot info is null. Setting the last applied indexto:(t:0, i:~)
2022-02-08 13:52:33,430 [pool-186-thread-1] INFO  server.RaftServerConfigKeys (ConfUtils.java:logGet(44)) - raft.server.notification.no-leader.timeout = 300000ms (custom)
2022-02-08 13:52:33,430 [pool-186-thread-1] INFO  server.RaftServerConfigKeys (ConfUtils.java:logGet(44)) - raft.server.log.use.memory = false (default)
2022-02-08 13:52:33,430 [pool-186-thread-1] INFO  server.RaftServerConfigKeys (ConfUtils.java:logGet(44)) - raft.server.log.purge.gap = 1000000 (custom)
2022-02-08 13:52:33,430 [pool-186-thread-1] INFO  server.RaftServerConfigKeys (ConfUtils.java:logGet(44)) - raft.server.log.appender.buffer.byte-limit = 33554432 (custom)
2022-02-08 13:52:33,430 [pool-186-thread-1] INFO  server.RaftServerConfigKeys (ConfUtils.java:logGet(44)) - raft.server.log.segment.size.max = 1048576 (custom)
2022-02-08 13:52:33,431 [pool-186-thread-1] INFO  server.RaftServerConfigKeys (ConfUtils.java:logGet(44)) - raft.server.log.segment.cache.num.max = 2 (custom)
2022-02-08 13:52:33,431 [pool-186-thread-1] INFO  server.RaftServerConfigKeys (ConfUtils.java:logGet(44)) - raft.server.log.segment.cache.size.max = 200MB (=209715200) (default)
2022-02-08 13:52:33,431 [pool-186-thread-1] INFO  segmented.SegmentedRaftLogWorker (SegmentedRaftLogWorker.java:<init>(182)) - new a7553d9d-67d8-423e-ad9b-7e30726581c7@group-6046E76B0741-SegmentedRaftLogWorker for RaftStorageImpl:Storage Directory /home/runner/work/ozone/ozone/hadoop-ozone/integration-test/target/test-dir/MiniOzoneClusterImpl-44b62ea4-a9d0-4540-a736-82fb29945a00/datanode-6/data/ratis/50a32fd0-5e0e-40aa-abe4-6046e76b0741
2022-02-08 13:52:33,431 [pool-186-thread-1] INFO  server.RaftServerConfigKeys (ConfUtils.java:logGet(44)) - raft.server.log.queue.byte-limit = 2147483647 (custom)
2022-02-08 13:52:33,431 [pool-186-thread-1] INFO  server.RaftServerConfigKeys (ConfUtils.java:logGet(44)) - raft.server.log.queue.element-limit = 1024 (custom)
2022-02-08 13:52:33,431 [pool-186-thread-1] INFO  server.RaftServerConfigKeys (ConfUtils.java:logGet(44)) - raft.server.log.segment.size.max = 1048576 (custom)
2022-02-08 13:52:33,431 [pool-186-thread-1] INFO  server.RaftServerConfigKeys (ConfUtils.java:logGet(44)) - raft.server.log.preallocated.size = 16384 (custom)
2022-02-08 13:52:33,431 [pool-186-thread-1] INFO  server.RaftServerConfigKeys (ConfUtils.java:logGet(44)) - raft.server.log.force.sync.num = 128 (default)
2022-02-08 13:52:33,431 [pool-186-thread-1] INFO  server.RaftServerConfigKeys (ConfUtils.java:logGet(44)) - raft.server.log.statemachine.data.sync = true (default)
2022-02-08 13:52:33,431 [pool-186-thread-1] INFO  server.RaftServerConfigKeys (ConfUtils.java:logGet(44)) - raft.server.log.statemachine.data.sync.timeout = 10s (default)
2022-02-08 13:52:33,431 [pool-186-thread-1] INFO  server.RaftServerConfigKeys (ConfUtils.java:logGet(44)) - raft.server.log.statemachine.data.sync.timeout.retry = -1 (default)
2022-02-08 13:52:33,431 [EventQueue-OpenPipelineForHealthyPipelineSafeModeRule] INFO  safemode.SCMSafeModeManager (HealthyPipelineSafeModeRule.java:process(124)) - SCM in safe mode. Healthy pipelines reported count is 0, required healthy pipeline reported count is 1
2022-02-08 13:52:33,432 [pool-186-thread-1] INFO  server.RaftServerConfigKeys (ConfUtils.java:logGet(44)) - raft.server.log.write.buffer.size = 1048576 (custom)
2022-02-08 13:52:33,433 [pool-186-thread-1] INFO  server.RaftServerConfigKeys (ConfUtils.java:logGet(44)) - raft.server.log.statemachine.data.caching.enabled = true (custom)
2022-02-08 13:52:33,433 [pool-186-thread-1] INFO  segmented.SegmentedRaftLogWorker (SegmentedRaftLogWorker.java:lambda$new$0(133)) - a7553d9d-67d8-423e-ad9b-7e30726581c7@group-6046E76B0741-SegmentedRaftLogWorker: flushIndex: setUnconditionally 0 -> -1
2022-02-08 13:52:33,433 [pool-186-thread-1] INFO  segmented.SegmentedRaftLogWorker (SegmentedRaftLogWorker.java:lambda$new$0(133)) - a7553d9d-67d8-423e-ad9b-7e30726581c7@group-6046E76B0741-SegmentedRaftLogWorker: safeCacheEvictIndex: setUnconditionally 0 -> -1
2022-02-08 13:52:33,435 [pool-186-thread-1] INFO  server.RaftServerConfigKeys (ConfUtils.java:logGet(44)) - raft.server.snapshot.auto.trigger.enabled = true (custom)
2022-02-08 13:52:33,435 [pool-186-thread-1] INFO  server.RaftServerConfigKeys (ConfUtils.java:logGet(44)) - raft.server.snapshot.auto.trigger.threshold = 10000 (custom)
2022-02-08 13:52:33,435 [pool-186-thread-1] INFO  server.RaftServerConfigKeys (ConfUtils.java:logGet(44)) - raft.server.snapshot.retention.file.num = 5 (custom)
2022-02-08 13:52:33,435 [pool-186-thread-1] INFO  server.RaftServerConfigKeys (ConfUtils.java:logGet(44)) - raft.server.log.purge.upto.snapshot.index = false (default)
2022-02-08 13:52:33,436 [pool-186-thread-1] INFO  server.RaftServerConfigKeys (ConfUtils.java:logGet(44)) - raft.server.retrycache.expirytime = 600000ms (custom)
2022-02-08 13:52:33,436 [pool-186-thread-1] INFO  server.RaftServerConfigKeys (ConfUtils.java:logGet(44)) - raft.server.retrycache.statistics.expirytime = 100μs (default)
2022-02-08 13:52:33,437 [pool-186-thread-1] INFO  server.RaftServer$Division (RaftServerImpl.java:start(301)) - a7553d9d-67d8-423e-ad9b-7e30726581c7@group-6046E76B0741: start as a follower, conf=-1: [a7553d9d-67d8-423e-ad9b-7e30726581c7|rpc:10.1.0.34:32871|priority:0, 5f9aa48b-2f61-4154-bb84-50a0aaf99a3b|rpc:10.1.0.34:40765|priority:0, db4f20b8-0dce-4a7c-897b-5d9165b059cf|rpc:10.1.0.34:43059|priority:1], old=null
2022-02-08 13:52:33,437 [pool-186-thread-1] INFO  server.RaftServer$Division (RaftServerImpl.java:setRole(290)) - a7553d9d-67d8-423e-ad9b-7e30726581c7@group-6046E76B0741: changes role from      null to FOLLOWER at term 0 for startAsFollower
2022-02-08 13:52:33,437 [pool-186-thread-1] INFO  impl.RoleInfo (RoleInfo.java:updateAndGet(130)) - a7553d9d-67d8-423e-ad9b-7e30726581c7: start a7553d9d-67d8-423e-ad9b-7e30726581c7@group-6046E76B0741-FollowerState
2022-02-08 13:52:33,437 [pool-186-thread-1] INFO  util.JmxRegister (JmxRegister.java:tryRegister(44)) - Successfully registered JMX Bean with object name Ratis:service=RaftServer,group=group-6046E76B0741,id=a7553d9d-67d8-423e-ad9b-7e30726581c7
2022-02-08 13:52:33,438 [Command processor thread] INFO  ratis.XceiverServerRatis (XceiverServerRatis.java:addGroup(768)) - Created group PipelineID=50a32fd0-5e0e-40aa-abe4-6046e76b0741
2022-02-08 13:52:33,450 [grpc-default-executor-0] INFO  server.RaftServer (RaftServerProxy.java:addNew(95)) - 5f9aa48b-2f61-4154-bb84-50a0aaf99a3b: addNew group-6046E76B0741:[a7553d9d-67d8-423e-ad9b-7e30726581c7|rpc:10.1.0.34:32871|dataStream:|priority:0, 5f9aa48b-2f61-4154-bb84-50a0aaf99a3b|rpc:10.1.0.34:40765|dataStream:|priority:0, db4f20b8-0dce-4a7c-897b-5d9165b059cf|rpc:10.1.0.34:43059|dataStream:|priority:1] returns group-6046E76B0741:java.util.concurrent.CompletableFuture@68ca9029[Not completed]
2022-02-08 13:52:33,454 [pool-228-thread-1] INFO  server.RaftServer$Division (RaftServerImpl.java:<init>(184)) - 5f9aa48b-2f61-4154-bb84-50a0aaf99a3b: new RaftServerImpl for group-6046E76B0741:[a7553d9d-67d8-423e-ad9b-7e30726581c7|rpc:10.1.0.34:32871|dataStream:|priority:0, 5f9aa48b-2f61-4154-bb84-50a0aaf99a3b|rpc:10.1.0.34:40765|dataStream:|priority:0, db4f20b8-0dce-4a7c-897b-5d9165b059cf|rpc:10.1.0.34:43059|dataStream:|priority:1] with ContainerStateMachine:uninitialized
2022-02-08 13:52:33,455 [pool-228-thread-1] INFO  server.RaftServerConfigKeys (ConfUtils.java:logGet(44)) - raft.server.rpc.timeout.min = 5s (custom)
2022-02-08 13:52:33,455 [pool-228-thread-1] INFO  server.RaftServerConfigKeys (ConfUtils.java:logGet(44)) - raft.server.rpc.timeout.max = 5200ms (custom)
2022-02-08 13:52:33,455 [pool-228-thread-1] INFO  server.RaftServerConfigKeys (ConfUtils.java:logGet(44)) - raft.server.rpc.sleep.time = 25ms (default)
2022-02-08 13:52:33,455 [pool-228-thread-1] INFO  server.RaftServerConfigKeys (ConfUtils.java:logGet(44)) - raft.server.rpc.slowness.timeout = 300000ms (custom)
2022-02-08 13:52:33,456 [pool-228-thread-1] INFO  server.RaftServerConfigKeys (ConfUtils.java:logGet(44)) - raft.server.leaderelection.leader.step-down.wait-time = 10s (default)
2022-02-08 13:52:33,456 [pool-228-thread-1] INFO  server.RaftServerConfigKeys (ConfUtils.java:logGet(44)) - raft.server.sleep.deviation.threshold = 300ms (default)
2022-02-08 13:52:33,456 [pool-228-thread-1] INFO  server.RaftServerConfigKeys (ConfUtils.java:logGet(44)) - raft.server.log.appender.install.snapshot.enabled = false (custom)
2022-02-08 13:52:33,456 [pool-228-thread-1] INFO  server.RaftServer$Division (ServerState.java:<init>(105)) - 5f9aa48b-2f61-4154-bb84-50a0aaf99a3b@group-6046E76B0741: ConfigurationManager, init=-1: [a7553d9d-67d8-423e-ad9b-7e30726581c7|rpc:10.1.0.34:32871|dataStream:|priority:0, 5f9aa48b-2f61-4154-bb84-50a0aaf99a3b|rpc:10.1.0.34:40765|dataStream:|priority:0, db4f20b8-0dce-4a7c-897b-5d9165b059cf|rpc:10.1.0.34:43059|dataStream:|priority:1], old=null, confs=<EMPTY_MAP>
2022-02-08 13:52:33,456 [pool-228-thread-1] INFO  server.RaftServerConfigKeys (ConfUtils.java:logGet(44)) - raft.server.storage.dir = [/home/runner/work/ozone/ozone/hadoop-ozone/integration-test/target/test-dir/MiniOzoneClusterImpl-44b62ea4-a9d0-4540-a736-82fb29945a00/datanode-8/data/ratis] (custom)
2022-02-08 13:52:33,456 [pool-228-thread-1] INFO  server.RaftServerConfigKeys (ConfUtils.java:logGet(44)) - raft.server.log.corruption.policy = EXCEPTION (default)
2022-02-08 13:52:33,456 [pool-228-thread-1] INFO  server.RaftServerConfigKeys (ConfUtils.java:logGet(44)) - raft.server.storage.free-space.min = 0MB (=0) (default)
2022-02-08 13:52:33,456 [pool-228-thread-1] INFO  storage.RaftStorageDirectory (RaftStorageDirectoryImpl.java:analyzeStorage(135)) - The storage directory /home/runner/work/ozone/ozone/hadoop-ozone/integration-test/target/test-dir/MiniOzoneClusterImpl-44b62ea4-a9d0-4540-a736-82fb29945a00/datanode-8/data/ratis/50a32fd0-5e0e-40aa-abe4-6046e76b0741 does not exist. Creating ...
2022-02-08 13:52:33,458 [pool-228-thread-1] INFO  storage.RaftStorageDirectory (RaftStorageDirectoryImpl.java:tryLock(230)) - Lock on /home/runner/work/ozone/ozone/hadoop-ozone/integration-test/target/test-dir/MiniOzoneClusterImpl-44b62ea4-a9d0-4540-a736-82fb29945a00/datanode-8/data/ratis/50a32fd0-5e0e-40aa-abe4-6046e76b0741/in_use.lock acquired by nodename 18376@fv-az148-480
2022-02-08 13:52:33,459 [pool-228-thread-1] INFO  storage.RaftStorage (RaftStorageImpl.java:format(89)) - Storage directory /home/runner/work/ozone/ozone/hadoop-ozone/integration-test/target/test-dir/MiniOzoneClusterImpl-44b62ea4-a9d0-4540-a736-82fb29945a00/datanode-8/data/ratis/50a32fd0-5e0e-40aa-abe4-6046e76b0741 has been successfully formatted.
2022-02-08 13:52:33,460 [pool-228-thread-1] INFO  ratis.ContainerStateMachine (ContainerStateMachine.java:loadSnapshot(231)) - group-6046E76B0741: The snapshot info is null. Setting the last applied indexto:(t:0, i:~)
2022-02-08 13:52:33,460 [pool-228-thread-1] INFO  server.RaftServerConfigKeys (ConfUtils.java:logGet(44)) - raft.server.notification.no-leader.timeout = 300000ms (custom)
2022-02-08 13:52:33,460 [pool-228-thread-1] INFO  server.RaftServerConfigKeys (ConfUtils.java:logGet(44)) - raft.server.log.use.memory = false (default)
2022-02-08 13:52:33,460 [pool-228-thread-1] INFO  server.RaftServerConfigKeys (ConfUtils.java:logGet(44)) - raft.server.log.purge.gap = 1000000 (custom)
2022-02-08 13:52:33,460 [pool-228-thread-1] INFO  server.RaftServerConfigKeys (ConfUtils.java:logGet(44)) - raft.server.log.appender.buffer.byte-limit = 33554432 (custom)
2022-02-08 13:52:33,460 [pool-228-thread-1] INFO  server.RaftServerConfigKeys (ConfUtils.java:logGet(44)) - raft.server.log.segment.size.max = 1048576 (custom)
2022-02-08 13:52:33,462 [pool-228-thread-1] INFO  server.RaftServerConfigKeys (ConfUtils.java:logGet(44)) - raft.server.log.segment.cache.num.max = 2 (custom)
2022-02-08 13:52:33,462 [pool-228-thread-1] INFO  server.RaftServerConfigKeys (ConfUtils.java:logGet(44)) - raft.server.log.segment.cache.size.max = 200MB (=209715200) (default)
2022-02-08 13:52:33,462 [pool-228-thread-1] INFO  segmented.SegmentedRaftLogWorker (SegmentedRaftLogWorker.java:<init>(182)) - new 5f9aa48b-2f61-4154-bb84-50a0aaf99a3b@group-6046E76B0741-SegmentedRaftLogWorker for RaftStorageImpl:Storage Directory /home/runner/work/ozone/ozone/hadoop-ozone/integration-test/target/test-dir/MiniOzoneClusterImpl-44b62ea4-a9d0-4540-a736-82fb29945a00/datanode-8/data/ratis/50a32fd0-5e0e-40aa-abe4-6046e76b0741
2022-02-08 13:52:33,463 [pool-228-thread-1] INFO  server.RaftServerConfigKeys (ConfUtils.java:logGet(44)) - raft.server.log.queue.byte-limit = 2147483647 (custom)
2022-02-08 13:52:33,463 [pool-228-thread-1] INFO  server.RaftServerConfigKeys (ConfUtils.java:logGet(44)) - raft.server.log.queue.element-limit = 1024 (custom)
2022-02-08 13:52:33,463 [pool-228-thread-1] INFO  server.RaftServerConfigKeys (ConfUtils.java:logGet(44)) - raft.server.log.segment.size.max = 1048576 (custom)
2022-02-08 13:52:33,463 [pool-228-thread-1] INFO  server.RaftServerConfigKeys (ConfUtils.java:logGet(44)) - raft.server.log.preallocated.size = 16384 (custom)
2022-02-08 13:52:33,463 [pool-228-thread-1] INFO  server.RaftServerConfigKeys (ConfUtils.java:logGet(44)) - raft.server.log.force.sync.num = 128 (default)
2022-02-08 13:52:33,463 [pool-228-thread-1] INFO  server.RaftServerConfigKeys (ConfUtils.java:logGet(44)) - raft.server.log.statemachine.data.sync = true (default)
2022-02-08 13:52:33,463 [pool-228-thread-1] INFO  server.RaftServerConfigKeys (ConfUtils.java:logGet(44)) - raft.server.log.statemachine.data.sync.timeout = 10s (default)
2022-02-08 13:52:33,463 [pool-228-thread-1] INFO  server.RaftServerConfigKeys (ConfUtils.java:logGet(44)) - raft.server.log.statemachine.data.sync.timeout.retry = -1 (default)
2022-02-08 13:52:33,465 [pool-228-thread-1] INFO  server.RaftServerConfigKeys (ConfUtils.java:logGet(44)) - raft.server.log.write.buffer.size = 1048576 (custom)
2022-02-08 13:52:33,465 [pool-228-thread-1] INFO  server.RaftServerConfigKeys (ConfUtils.java:logGet(44)) - raft.server.log.statemachine.data.caching.enabled = true (custom)
2022-02-08 13:52:33,465 [pool-228-thread-1] INFO  segmented.SegmentedRaftLogWorker (SegmentedRaftLogWorker.java:lambda$new$0(133)) - 5f9aa48b-2f61-4154-bb84-50a0aaf99a3b@group-6046E76B0741-SegmentedRaftLogWorker: flushIndex: setUnconditionally 0 -> -1
2022-02-08 13:52:33,465 [pool-228-thread-1] INFO  segmented.SegmentedRaftLogWorker (SegmentedRaftLogWorker.java:lambda$new$0(133)) - 5f9aa48b-2f61-4154-bb84-50a0aaf99a3b@group-6046E76B0741-SegmentedRaftLogWorker: safeCacheEvictIndex: setUnconditionally 0 -> -1
2022-02-08 13:52:33,466 [pool-228-thread-1] INFO  server.RaftServerConfigKeys (ConfUtils.java:logGet(44)) - raft.server.snapshot.auto.trigger.enabled = true (custom)
2022-02-08 13:52:33,467 [pool-228-thread-1] INFO  server.RaftServerConfigKeys (ConfUtils.java:logGet(44)) - raft.server.snapshot.auto.trigger.threshold = 10000 (custom)
2022-02-08 13:52:33,467 [pool-228-thread-1] INFO  server.RaftServerConfigKeys (ConfUtils.java:logGet(44)) - raft.server.snapshot.retention.file.num = 5 (custom)
2022-02-08 13:52:33,467 [pool-228-thread-1] INFO  server.RaftServerConfigKeys (ConfUtils.java:logGet(44)) - raft.server.log.purge.upto.snapshot.index = false (default)
2022-02-08 13:52:33,467 [pool-228-thread-1] INFO  server.RaftServerConfigKeys (ConfUtils.java:logGet(44)) - raft.server.retrycache.expirytime = 600000ms (custom)
2022-02-08 13:52:33,467 [pool-228-thread-1] INFO  server.RaftServerConfigKeys (ConfUtils.java:logGet(44)) - raft.server.retrycache.statistics.expirytime = 100μs (default)
2022-02-08 13:52:33,468 [pool-228-thread-1] INFO  server.RaftServer$Division (RaftServerImpl.java:start(301)) - 5f9aa48b-2f61-4154-bb84-50a0aaf99a3b@group-6046E76B0741: start as a follower, conf=-1: [a7553d9d-67d8-423e-ad9b-7e30726581c7|rpc:10.1.0.34:32871|dataStream:|priority:0, 5f9aa48b-2f61-4154-bb84-50a0aaf99a3b|rpc:10.1.0.34:40765|dataStream:|priority:0, db4f20b8-0dce-4a7c-897b-5d9165b059cf|rpc:10.1.0.34:43059|dataStream:|priority:1], old=null
2022-02-08 13:52:33,468 [pool-228-thread-1] INFO  server.RaftServer$Division (RaftServerImpl.java:setRole(290)) - 5f9aa48b-2f61-4154-bb84-50a0aaf99a3b@group-6046E76B0741: changes role from      null to FOLLOWER at term 0 for startAsFollower
2022-02-08 13:52:33,468 [pool-228-thread-1] INFO  impl.RoleInfo (RoleInfo.java:updateAndGet(130)) - 5f9aa48b-2f61-4154-bb84-50a0aaf99a3b: start 5f9aa48b-2f61-4154-bb84-50a0aaf99a3b@group-6046E76B0741-FollowerState
2022-02-08 13:52:33,469 [pool-228-thread-1] INFO  util.JmxRegister (JmxRegister.java:tryRegister(44)) - Successfully registered JMX Bean with object name Ratis:service=RaftServer,group=group-6046E76B0741,id=5f9aa48b-2f61-4154-bb84-50a0aaf99a3b
2022-02-08 13:52:33,484 [grpc-default-executor-0] INFO  server.RaftServer (RaftServerProxy.java:addNew(95)) - db4f20b8-0dce-4a7c-897b-5d9165b059cf: addNew group-6046E76B0741:[a7553d9d-67d8-423e-ad9b-7e30726581c7|rpc:10.1.0.34:32871|dataStream:|priority:0, 5f9aa48b-2f61-4154-bb84-50a0aaf99a3b|rpc:10.1.0.34:40765|dataStream:|priority:0, db4f20b8-0dce-4a7c-897b-5d9165b059cf|rpc:10.1.0.34:43059|dataStream:|priority:1] returns group-6046E76B0741:java.util.concurrent.CompletableFuture@506b3104[Not completed]
2022-02-08 13:52:33,486 [pool-207-thread-1] INFO  server.RaftServer$Division (RaftServerImpl.java:<init>(184)) - db4f20b8-0dce-4a7c-897b-5d9165b059cf: new RaftServerImpl for group-6046E76B0741:[a7553d9d-67d8-423e-ad9b-7e30726581c7|rpc:10.1.0.34:32871|dataStream:|priority:0, 5f9aa48b-2f61-4154-bb84-50a0aaf99a3b|rpc:10.1.0.34:40765|dataStream:|priority:0, db4f20b8-0dce-4a7c-897b-5d9165b059cf|rpc:10.1.0.34:43059|dataStream:|priority:1] with ContainerStateMachine:uninitialized
2022-02-08 13:52:33,486 [pool-207-thread-1] INFO  server.RaftServerConfigKeys (ConfUtils.java:logGet(44)) - raft.server.rpc.timeout.min = 5s (custom)
2022-02-08 13:52:33,486 [pool-207-thread-1] INFO  server.RaftServerConfigKeys (ConfUtils.java:logGet(44)) - raft.server.rpc.timeout.max = 5200ms (custom)
2022-02-08 13:52:33,486 [pool-207-thread-1] INFO  server.RaftServerConfigKeys (ConfUtils.java:logGet(44)) - raft.server.rpc.sleep.time = 25ms (default)
2022-02-08 13:52:33,486 [pool-207-thread-1] INFO  server.RaftServerConfigKeys (ConfUtils.java:logGet(44)) - raft.server.rpc.slowness.timeout = 300000ms (custom)
2022-02-08 13:52:33,486 [pool-207-thread-1] INFO  server.RaftServerConfigKeys (ConfUtils.java:logGet(44)) - raft.server.leaderelection.leader.step-down.wait-time = 10s (default)
2022-02-08 13:52:33,486 [pool-207-thread-1] INFO  server.RaftServerConfigKeys (ConfUtils.java:logGet(44)) - raft.server.sleep.deviation.threshold = 300ms (default)
2022-02-08 13:52:33,486 [pool-207-thread-1] INFO  server.RaftServerConfigKeys (ConfUtils.java:logGet(44)) - raft.server.log.appender.install.snapshot.enabled = false (custom)
2022-02-08 13:52:33,486 [pool-207-thread-1] INFO  server.RaftServer$Division (ServerState.java:<init>(105)) - db4f20b8-0dce-4a7c-897b-5d9165b059cf@group-6046E76B0741: ConfigurationManager, init=-1: [a7553d9d-67d8-423e-ad9b-7e30726581c7|rpc:10.1.0.34:32871|dataStream:|priority:0, 5f9aa48b-2f61-4154-bb84-50a0aaf99a3b|rpc:10.1.0.34:40765|dataStream:|priority:0, db4f20b8-0dce-4a7c-897b-5d9165b059cf|rpc:10.1.0.34:43059|dataStream:|priority:1], old=null, confs=<EMPTY_MAP>
2022-02-08 13:52:33,486 [pool-207-thread-1] INFO  server.RaftServerConfigKeys (ConfUtils.java:logGet(44)) - raft.server.storage.dir = [/home/runner/work/ozone/ozone/hadoop-ozone/integration-test/target/test-dir/MiniOzoneClusterImpl-44b62ea4-a9d0-4540-a736-82fb29945a00/datanode-7/data/ratis] (custom)
2022-02-08 13:52:33,487 [pool-207-thread-1] INFO  server.RaftServerConfigKeys (ConfUtils.java:logGet(44)) - raft.server.log.corruption.policy = EXCEPTION (default)
2022-02-08 13:52:33,487 [pool-207-thread-1] INFO  server.RaftServerConfigKeys (ConfUtils.java:logGet(44)) - raft.server.storage.free-space.min = 0MB (=0) (default)
2022-02-08 13:52:33,487 [pool-207-thread-1] INFO  storage.RaftStorageDirectory (RaftStorageDirectoryImpl.java:analyzeStorage(135)) - The storage directory /home/runner/work/ozone/ozone/hadoop-ozone/integration-test/target/test-dir/MiniOzoneClusterImpl-44b62ea4-a9d0-4540-a736-82fb29945a00/datanode-7/data/ratis/50a32fd0-5e0e-40aa-abe4-6046e76b0741 does not exist. Creating ...
2022-02-08 13:52:33,488 [pool-207-thread-1] INFO  storage.RaftStorageDirectory (RaftStorageDirectoryImpl.java:tryLock(230)) - Lock on /home/runner/work/ozone/ozone/hadoop-ozone/integration-test/target/test-dir/MiniOzoneClusterImpl-44b62ea4-a9d0-4540-a736-82fb29945a00/datanode-7/data/ratis/50a32fd0-5e0e-40aa-abe4-6046e76b0741/in_use.lock acquired by nodename 18376@fv-az148-480
2022-02-08 13:52:33,489 [pool-207-thread-1] INFO  storage.RaftStorage (RaftStorageImpl.java:format(89)) - Storage directory /home/runner/work/ozone/ozone/hadoop-ozone/integration-test/target/test-dir/MiniOzoneClusterImpl-44b62ea4-a9d0-4540-a736-82fb29945a00/datanode-7/data/ratis/50a32fd0-5e0e-40aa-abe4-6046e76b0741 has been successfully formatted.
2022-02-08 13:52:33,490 [pool-207-thread-1] INFO  ratis.ContainerStateMachine (ContainerStateMachine.java:loadSnapshot(231)) - group-6046E76B0741: The snapshot info is null. Setting the last applied indexto:(t:0, i:~)
2022-02-08 13:52:33,491 [pool-207-thread-1] INFO  server.RaftServerConfigKeys (ConfUtils.java:logGet(44)) - raft.server.notification.no-leader.timeout = 300000ms (custom)
2022-02-08 13:52:33,492 [pool-207-thread-1] INFO  server.RaftServerConfigKeys (ConfUtils.java:logGet(44)) - raft.server.log.use.memory = false (default)
2022-02-08 13:52:33,493 [pool-207-thread-1] INFO  server.RaftServerConfigKeys (ConfUtils.java:logGet(44)) - raft.server.log.purge.gap = 1000000 (custom)
2022-02-08 13:52:33,493 [pool-207-thread-1] INFO  server.RaftServerConfigKeys (ConfUtils.java:logGet(44)) - raft.server.log.appender.buffer.byte-limit = 33554432 (custom)
2022-02-08 13:52:33,494 [pool-207-thread-1] INFO  server.RaftServerConfigKeys (ConfUtils.java:logGet(44)) - raft.server.log.segment.size.max = 1048576 (custom)
2022-02-08 13:52:33,494 [pool-207-thread-1] INFO  server.RaftServerConfigKeys (ConfUtils.java:logGet(44)) - raft.server.log.segment.cache.num.max = 2 (custom)
2022-02-08 13:52:33,494 [pool-207-thread-1] INFO  server.RaftServerConfigKeys (ConfUtils.java:logGet(44)) - raft.server.log.segment.cache.size.max = 200MB (=209715200) (default)
2022-02-08 13:52:33,494 [pool-207-thread-1] INFO  segmented.SegmentedRaftLogWorker (SegmentedRaftLogWorker.java:<init>(182)) - new db4f20b8-0dce-4a7c-897b-5d9165b059cf@group-6046E76B0741-SegmentedRaftLogWorker for RaftStorageImpl:Storage Directory /home/runner/work/ozone/ozone/hadoop-ozone/integration-test/target/test-dir/MiniOzoneClusterImpl-44b62ea4-a9d0-4540-a736-82fb29945a00/datanode-7/data/ratis/50a32fd0-5e0e-40aa-abe4-6046e76b0741
2022-02-08 13:52:33,494 [pool-207-thread-1] INFO  server.RaftServerConfigKeys (ConfUtils.java:logGet(44)) - raft.server.log.queue.byte-limit = 2147483647 (custom)
2022-02-08 13:52:33,495 [pool-207-thread-1] INFO  server.RaftServerConfigKeys (ConfUtils.java:logGet(44)) - raft.server.log.queue.element-limit = 1024 (custom)
2022-02-08 13:52:33,495 [pool-207-thread-1] INFO  server.RaftServerConfigKeys (ConfUtils.java:logGet(44)) - raft.server.log.segment.size.max = 1048576 (custom)
2022-02-08 13:52:33,495 [pool-207-thread-1] INFO  server.RaftServerConfigKeys (ConfUtils.java:logGet(44)) - raft.server.log.preallocated.size = 16384 (custom)
2022-02-08 13:52:33,495 [pool-207-thread-1] INFO  server.RaftServerConfigKeys (ConfUtils.java:logGet(44)) - raft.server.log.force.sync.num = 128 (default)
2022-02-08 13:52:33,495 [pool-207-thread-1] INFO  server.RaftServerConfigKeys (ConfUtils.java:logGet(44)) - raft.server.log.statemachine.data.sync = true (default)
2022-02-08 13:52:33,495 [pool-207-thread-1] INFO  server.RaftServerConfigKeys (ConfUtils.java:logGet(44)) - raft.server.log.statemachine.data.sync.timeout = 10s (default)
2022-02-08 13:52:33,495 [pool-207-thread-1] INFO  server.RaftServerConfigKeys (ConfUtils.java:logGet(44)) - raft.server.log.statemachine.data.sync.timeout.retry = -1 (default)
2022-02-08 13:52:33,496 [pool-207-thread-1] INFO  server.RaftServerConfigKeys (ConfUtils.java:logGet(44)) - raft.server.log.write.buffer.size = 1048576 (custom)
2022-02-08 13:52:33,497 [pool-207-thread-1] INFO  server.RaftServerConfigKeys (ConfUtils.java:logGet(44)) - raft.server.log.statemachine.data.caching.enabled = true (custom)
2022-02-08 13:52:33,497 [pool-207-thread-1] INFO  segmented.SegmentedRaftLogWorker (SegmentedRaftLogWorker.java:lambda$new$0(133)) - db4f20b8-0dce-4a7c-897b-5d9165b059cf@group-6046E76B0741-SegmentedRaftLogWorker: flushIndex: setUnconditionally 0 -> -1
2022-02-08 13:52:33,497 [pool-207-thread-1] INFO  segmented.SegmentedRaftLogWorker (SegmentedRaftLogWorker.java:lambda$new$0(133)) - db4f20b8-0dce-4a7c-897b-5d9165b059cf@group-6046E76B0741-SegmentedRaftLogWorker: safeCacheEvictIndex: setUnconditionally 0 -> -1
2022-02-08 13:52:33,497 [pool-207-thread-1] INFO  server.RaftServerConfigKeys (ConfUtils.java:logGet(44)) - raft.server.snapshot.auto.trigger.enabled = true (custom)
2022-02-08 13:52:33,497 [pool-207-thread-1] INFO  server.RaftServerConfigKeys (ConfUtils.java:logGet(44)) - raft.server.snapshot.auto.trigger.threshold = 10000 (custom)
2022-02-08 13:52:33,497 [pool-207-thread-1] INFO  server.RaftServerConfigKeys (ConfUtils.java:logGet(44)) - raft.server.snapshot.retention.file.num = 5 (custom)
2022-02-08 13:52:33,497 [pool-207-thread-1] INFO  server.RaftServerConfigKeys (ConfUtils.java:logGet(44)) - raft.server.log.purge.upto.snapshot.index = false (default)
2022-02-08 13:52:33,497 [pool-207-thread-1] INFO  server.RaftServerConfigKeys (ConfUtils.java:logGet(44)) - raft.server.retrycache.expirytime = 600000ms (custom)
2022-02-08 13:52:33,497 [pool-207-thread-1] INFO  server.RaftServerConfigKeys (ConfUtils.java:logGet(44)) - raft.server.retrycache.statistics.expirytime = 100μs (default)
2022-02-08 13:52:33,499 [pool-207-thread-1] INFO  server.RaftServer$Division (RaftServerImpl.java:start(301)) - db4f20b8-0dce-4a7c-897b-5d9165b059cf@group-6046E76B0741: start as a follower, conf=-1: [a7553d9d-67d8-423e-ad9b-7e30726581c7|rpc:10.1.0.34:32871|dataStream:|priority:0, 5f9aa48b-2f61-4154-bb84-50a0aaf99a3b|rpc:10.1.0.34:40765|dataStream:|priority:0, db4f20b8-0dce-4a7c-897b-5d9165b059cf|rpc:10.1.0.34:43059|dataStream:|priority:1], old=null
2022-02-08 13:52:33,499 [pool-207-thread-1] INFO  server.RaftServer$Division (RaftServerImpl.java:setRole(290)) - db4f20b8-0dce-4a7c-897b-5d9165b059cf@group-6046E76B0741: changes role from      null to FOLLOWER at term 0 for startAsFollower
2022-02-08 13:52:33,499 [pool-207-thread-1] INFO  impl.RoleInfo (RoleInfo.java:updateAndGet(130)) - db4f20b8-0dce-4a7c-897b-5d9165b059cf: start db4f20b8-0dce-4a7c-897b-5d9165b059cf@group-6046E76B0741-FollowerState
2022-02-08 13:52:33,501 [pool-207-thread-1] INFO  util.JmxRegister (JmxRegister.java:tryRegister(44)) - Successfully registered JMX Bean with object name Ratis:service=RaftServer,group=group-6046E76B0741,id=db4f20b8-0dce-4a7c-897b-5d9165b059cf
2022-02-08 13:52:33,515 [Command processor thread] INFO  commandhandler.CreatePipelineCommandHandler (CreatePipelineCommandHandler.java:handle(106)) - Created Pipeline RATIS THREE PipelineID=50a32fd0-5e0e-40aa-abe4-6046e76b0741.
2022-02-08 13:52:33,570 [Command processor thread] INFO  server.RaftServer (RaftServerProxy.java:addNew(95)) - db4f20b8-0dce-4a7c-897b-5d9165b059cf: addNew group-F95E9B378B5A:[db4f20b8-0dce-4a7c-897b-5d9165b059cf|rpc:10.1.0.34:43059|priority:1] returns group-F95E9B378B5A:java.util.concurrent.CompletableFuture@3a605f5[Not completed]
2022-02-08 13:52:33,572 [pool-207-thread-1] INFO  server.RaftServer$Division (RaftServerImpl.java:<init>(184)) - db4f20b8-0dce-4a7c-897b-5d9165b059cf: new RaftServerImpl for group-F95E9B378B5A:[db4f20b8-0dce-4a7c-897b-5d9165b059cf|rpc:10.1.0.34:43059|priority:1] with ContainerStateMachine:uninitialized
2022-02-08 13:52:33,572 [pool-207-thread-1] INFO  server.RaftServerConfigKeys (ConfUtils.java:logGet(44)) - raft.server.rpc.timeout.min = 5s (custom)
2022-02-08 13:52:33,572 [pool-207-thread-1] INFO  server.RaftServerConfigKeys (ConfUtils.java:logGet(44)) - raft.server.rpc.timeout.max = 5200ms (custom)
2022-02-08 13:52:33,572 [pool-207-thread-1] INFO  server.RaftServerConfigKeys (ConfUtils.java:logGet(44)) - raft.server.rpc.sleep.time = 25ms (default)
2022-02-08 13:52:33,572 [pool-207-thread-1] INFO  server.RaftServerConfigKeys (ConfUtils.java:logGet(44)) - raft.server.rpc.slowness.timeout = 300000ms (custom)
2022-02-08 13:52:33,572 [pool-207-thread-1] INFO  server.RaftServerConfigKeys (ConfUtils.java:logGet(44)) - raft.server.leaderelection.leader.step-down.wait-time = 10s (default)
2022-02-08 13:52:33,573 [pool-207-thread-1] INFO  server.RaftServerConfigKeys (ConfUtils.java:logGet(44)) - raft.server.sleep.deviation.threshold = 300ms (default)
2022-02-08 13:52:33,573 [pool-207-thread-1] INFO  server.RaftServerConfigKeys (ConfUtils.java:logGet(44)) - raft.server.log.appender.install.snapshot.enabled = false (custom)
2022-02-08 13:52:33,573 [pool-207-thread-1] INFO  server.RaftServer$Division (ServerState.java:<init>(105)) - db4f20b8-0dce-4a7c-897b-5d9165b059cf@group-F95E9B378B5A: ConfigurationManager, init=-1: [db4f20b8-0dce-4a7c-897b-5d9165b059cf|rpc:10.1.0.34:43059|priority:1], old=null, confs=<EMPTY_MAP>
2022-02-08 13:52:33,573 [pool-207-thread-1] INFO  server.RaftServerConfigKeys (ConfUtils.java:logGet(44)) - raft.server.storage.dir = [/home/runner/work/ozone/ozone/hadoop-ozone/integration-test/target/test-dir/MiniOzoneClusterImpl-44b62ea4-a9d0-4540-a736-82fb29945a00/datanode-7/data/ratis] (custom)
2022-02-08 13:52:33,573 [pool-207-thread-1] INFO  server.RaftServerConfigKeys (ConfUtils.java:logGet(44)) - raft.server.log.corruption.policy = EXCEPTION (default)
2022-02-08 13:52:33,573 [pool-207-thread-1] INFO  server.RaftServerConfigKeys (ConfUtils.java:logGet(44)) - raft.server.storage.free-space.min = 0MB (=0) (default)
2022-02-08 13:52:33,573 [pool-207-thread-1] INFO  storage.RaftStorageDirectory (RaftStorageDirectoryImpl.java:analyzeStorage(135)) - The storage directory /home/runner/work/ozone/ozone/hadoop-ozone/integration-test/target/test-dir/MiniOzoneClusterImpl-44b62ea4-a9d0-4540-a736-82fb29945a00/datanode-7/data/ratis/8121bfcd-f61c-40ed-971b-f95e9b378b5a does not exist. Creating ...
2022-02-08 13:52:33,575 [pool-207-thread-1] INFO  storage.RaftStorageDirectory (RaftStorageDirectoryImpl.java:tryLock(230)) - Lock on /home/runner/work/ozone/ozone/hadoop-ozone/integration-test/target/test-dir/MiniOzoneClusterImpl-44b62ea4-a9d0-4540-a736-82fb29945a00/datanode-7/data/ratis/8121bfcd-f61c-40ed-971b-f95e9b378b5a/in_use.lock acquired by nodename 18376@fv-az148-480
2022-02-08 13:52:33,576 [pool-207-thread-1] INFO  storage.RaftStorage (RaftStorageImpl.java:format(89)) - Storage directory /home/runner/work/ozone/ozone/hadoop-ozone/integration-test/target/test-dir/MiniOzoneClusterImpl-44b62ea4-a9d0-4540-a736-82fb29945a00/datanode-7/data/ratis/8121bfcd-f61c-40ed-971b-f95e9b378b5a has been successfully formatted.
2022-02-08 13:52:33,576 [pool-207-thread-1] INFO  ratis.ContainerStateMachine (ContainerStateMachine.java:loadSnapshot(231)) - group-F95E9B378B5A: The snapshot info is null. Setting the last applied indexto:(t:0, i:~)
2022-02-08 13:52:33,576 [pool-207-thread-1] INFO  server.RaftServerConfigKeys (ConfUtils.java:logGet(44)) - raft.server.notification.no-leader.timeout = 300000ms (custom)
2022-02-08 13:52:33,577 [pool-207-thread-1] INFO  server.RaftServerConfigKeys (ConfUtils.java:logGet(44)) - raft.server.log.use.memory = false (default)
2022-02-08 13:52:33,577 [pool-207-thread-1] INFO  server.RaftServerConfigKeys (ConfUtils.java:logGet(44)) - raft.server.log.purge.gap = 1000000 (custom)
2022-02-08 13:52:33,577 [pool-207-thread-1] INFO  server.RaftServerConfigKeys (ConfUtils.java:logGet(44)) - raft.server.log.appender.buffer.byte-limit = 33554432 (custom)
2022-02-08 13:52:33,577 [pool-207-thread-1] INFO  server.RaftServerConfigKeys (ConfUtils.java:logGet(44)) - raft.server.log.segment.size.max = 1048576 (custom)
2022-02-08 13:52:33,577 [pool-207-thread-1] INFO  server.RaftServerConfigKeys (ConfUtils.java:logGet(44)) - raft.server.log.segment.cache.num.max = 2 (custom)
2022-02-08 13:52:33,577 [pool-207-thread-1] INFO  server.RaftServerConfigKeys (ConfUtils.java:logGet(44)) - raft.server.log.segment.cache.size.max = 200MB (=209715200) (default)
2022-02-08 13:52:33,578 [pool-207-thread-1] INFO  segmented.SegmentedRaftLogWorker (SegmentedRaftLogWorker.java:<init>(182)) - new db4f20b8-0dce-4a7c-897b-5d9165b059cf@group-F95E9B378B5A-SegmentedRaftLogWorker for RaftStorageImpl:Storage Directory /home/runner/work/ozone/ozone/hadoop-ozone/integration-test/target/test-dir/MiniOzoneClusterImpl-44b62ea4-a9d0-4540-a736-82fb29945a00/datanode-7/data/ratis/8121bfcd-f61c-40ed-971b-f95e9b378b5a
2022-02-08 13:52:33,578 [pool-207-thread-1] INFO  server.RaftServerConfigKeys (ConfUtils.java:logGet(44)) - raft.server.log.queue.byte-limit = 2147483647 (custom)
2022-02-08 13:52:33,578 [pool-207-thread-1] INFO  server.RaftServerConfigKeys (ConfUtils.java:logGet(44)) - raft.server.log.queue.element-limit = 1024 (custom)
2022-02-08 13:52:33,578 [pool-207-thread-1] INFO  server.RaftServerConfigKeys (ConfUtils.java:logGet(44)) - raft.server.log.segment.size.max = 1048576 (custom)
2022-02-08 13:52:33,578 [pool-207-thread-1] INFO  server.RaftServerConfigKeys (ConfUtils.java:logGet(44)) - raft.server.log.preallocated.size = 16384 (custom)
2022-02-08 13:52:33,578 [pool-207-thread-1] INFO  server.RaftServerConfigKeys (ConfUtils.java:logGet(44)) - raft.server.log.force.sync.num = 128 (default)
2022-02-08 13:52:33,578 [pool-207-thread-1] INFO  server.RaftServerConfigKeys (ConfUtils.java:logGet(44)) - raft.server.log.statemachine.data.sync = true (default)
2022-02-08 13:52:33,578 [pool-207-thread-1] INFO  server.RaftServerConfigKeys (ConfUtils.java:logGet(44)) - raft.server.log.statemachine.data.sync.timeout = 10s (default)
2022-02-08 13:52:33,578 [pool-207-thread-1] INFO  server.RaftServerConfigKeys (ConfUtils.java:logGet(44)) - raft.server.log.statemachine.data.sync.timeout.retry = -1 (default)
2022-02-08 13:52:33,579 [EventQueue-PipelineReportForPipelineReportHandler] INFO  pipeline.PipelineManagerImpl (PipelineManagerImpl.java:openPipeline(291)) - Pipeline Pipeline[ Id: 8121bfcd-f61c-40ed-971b-f95e9b378b5a, Nodes: db4f20b8-0dce-4a7c-897b-5d9165b059cf{ip: 10.1.0.34, host: fv-az148-480.bm4ck3pvxvsene1rjriu5fhcdb.bx.internal.cloudapp.net, ports: [REPLICATION=37231, RATIS=43059, RATIS_ADMIN=43059, RATIS_SERVER=43059, STANDALONE=36809], networkLocation: /default-rack, certSerialId: null, persistedOpState: IN_SERVICE, persistedOpStateExpiryEpochSec: 0}, ReplicationConfig: RATIS/ONE, State:ALLOCATED, leaderId:db4f20b8-0dce-4a7c-897b-5d9165b059cf, CreationTimestamp2022-02-08T13:52:30.580Z[Etc/UTC]] moved to OPEN state
2022-02-08 13:52:33,582 [8e830768-0c32-4272-9818-b92ae3ba757d@group-82FB29945A00-StateMachineUpdater] INFO  safemode.HealthyPipelineSafeModeRule (HealthyPipelineSafeModeRule.java:initializeRule(152)) - Refreshed total pipeline count is 0, healthy pipeline threshold count is 1
2022-02-08 13:52:33,582 [EventQueue-OpenPipelineForHealthyPipelineSafeModeRule] INFO  safemode.SCMSafeModeManager (HealthyPipelineSafeModeRule.java:process(124)) - SCM in safe mode. Healthy pipelines reported count is 0, required healthy pipeline reported count is 1
2022-02-08 13:52:33,585 [pool-207-thread-1] INFO  server.RaftServerConfigKeys (ConfUtils.java:logGet(44)) - raft.server.log.write.buffer.size = 1048576 (custom)
2022-02-08 13:52:33,585 [pool-207-thread-1] INFO  server.RaftServerConfigKeys (ConfUtils.java:logGet(44)) - raft.server.log.statemachine.data.caching.enabled = true (custom)
2022-02-08 13:52:33,586 [pool-207-thread-1] INFO  segmented.SegmentedRaftLogWorker (SegmentedRaftLogWorker.java:lambda$new$0(133)) - db4f20b8-0dce-4a7c-897b-5d9165b059cf@group-F95E9B378B5A-SegmentedRaftLogWorker: flushIndex: setUnconditionally 0 -> -1
2022-02-08 13:52:33,586 [pool-207-thread-1] INFO  segmented.SegmentedRaftLogWorker (SegmentedRaftLogWorker.java:lambda$new$0(133)) - db4f20b8-0dce-4a7c-897b-5d9165b059cf@group-F95E9B378B5A-SegmentedRaftLogWorker: safeCacheEvictIndex: setUnconditionally 0 -> -1
2022-02-08 13:52:33,586 [pool-207-thread-1] INFO  server.RaftServerConfigKeys (ConfUtils.java:logGet(44)) - raft.server.snapshot.auto.trigger.enabled = true (custom)
2022-02-08 13:52:33,586 [pool-207-thread-1] INFO  server.RaftServerConfigKeys (ConfUtils.java:logGet(44)) - raft.server.snapshot.auto.trigger.threshold = 10000 (custom)
2022-02-08 13:52:33,586 [pool-207-thread-1] INFO  server.RaftServerConfigKeys (ConfUtils.java:logGet(44)) - raft.server.snapshot.retention.file.num = 5 (custom)
2022-02-08 13:52:33,586 [pool-207-thread-1] INFO  server.RaftServerConfigKeys (ConfUtils.java:logGet(44)) - raft.server.log.purge.upto.snapshot.index = false (default)
2022-02-08 13:52:33,586 [pool-207-thread-1] INFO  server.RaftServerConfigKeys (ConfUtils.java:logGet(44)) - raft.server.retrycache.expirytime = 600000ms (custom)
2022-02-08 13:52:33,586 [pool-207-thread-1] INFO  server.RaftServerConfigKeys (ConfUtils.java:logGet(44)) - raft.server.retrycache.statistics.expirytime = 100μs (default)
2022-02-08 13:52:33,587 [pool-207-thread-1] INFO  server.RaftServer$Division (RaftServerImpl.java:start(301)) - db4f20b8-0dce-4a7c-897b-5d9165b059cf@group-F95E9B378B5A: start as a follower, conf=-1: [db4f20b8-0dce-4a7c-897b-5d9165b059cf|rpc:10.1.0.34:43059|priority:1], old=null
2022-02-08 13:52:33,587 [pool-207-thread-1] INFO  server.RaftServer$Division (RaftServerImpl.java:setRole(290)) - db4f20b8-0dce-4a7c-897b-5d9165b059cf@group-F95E9B378B5A: changes role from      null to FOLLOWER at term 0 for startAsFollower
2022-02-08 13:52:33,587 [pool-207-thread-1] INFO  impl.RoleInfo (RoleInfo.java:updateAndGet(130)) - db4f20b8-0dce-4a7c-897b-5d9165b059cf: start db4f20b8-0dce-4a7c-897b-5d9165b059cf@group-F95E9B378B5A-FollowerState
2022-02-08 13:52:33,588 [pool-207-thread-1] INFO  util.JmxRegister (JmxRegister.java:tryRegister(44)) - Successfully registered JMX Bean with object name Ratis:service=RaftServer,group=group-F95E9B378B5A,id=db4f20b8-0dce-4a7c-897b-5d9165b059cf
2022-02-08 13:52:33,588 [Command processor thread] INFO  ratis.XceiverServerRatis (XceiverServerRatis.java:addGroup(768)) - Created group PipelineID=8121bfcd-f61c-40ed-971b-f95e9b378b5a
2022-02-08 13:52:33,588 [Command processor thread] INFO  commandhandler.CreatePipelineCommandHandler (CreatePipelineCommandHandler.java:handle(106)) - Created Pipeline RATIS ONE PipelineID=8121bfcd-f61c-40ed-971b-f95e9b378b5a.
2022-02-08 13:52:33,773 [Listener at 127.0.0.1/36213] INFO  ozone.MiniOzoneClusterImpl (MiniOzoneClusterImpl.java:lambda$waitForClusterToBeReady$0(219)) - Nodes are ready. Got 9 of 9 DN Heartbeats.
2022-02-08 13:52:33,773 [Listener at 127.0.0.1/36213] INFO  ozone.MiniOzoneClusterImpl (MiniOzoneClusterImpl.java:lambda$waitForClusterToBeReady$0(222)) - Waiting for cluster to exit safe mode
2022-02-08 13:52:33,773 [Listener at 127.0.0.1/36213] INFO  ozone.MiniOzoneClusterImpl (MiniOzoneClusterImpl.java:lambda$waitForClusterToBeReady$0(224)) - SCM became leader
2022-02-08 13:52:33,778 [Command processor thread] INFO  server.RaftServer (RaftServerProxy.java:addNew(95)) - 5f9aa48b-2f61-4154-bb84-50a0aaf99a3b: addNew group-2AFCE8A443C3:[5f9aa48b-2f61-4154-bb84-50a0aaf99a3b|rpc:10.1.0.34:40765|priority:1] returns group-2AFCE8A443C3:java.util.concurrent.CompletableFuture@52635844[Not completed]
2022-02-08 13:52:33,779 [pool-228-thread-1] INFO  server.RaftServer$Division (RaftServerImpl.java:<init>(184)) - 5f9aa48b-2f61-4154-bb84-50a0aaf99a3b: new RaftServerImpl for group-2AFCE8A443C3:[5f9aa48b-2f61-4154-bb84-50a0aaf99a3b|rpc:10.1.0.34:40765|priority:1] with ContainerStateMachine:uninitialized
2022-02-08 13:52:33,779 [pool-228-thread-1] INFO  server.RaftServerConfigKeys (ConfUtils.java:logGet(44)) - raft.server.rpc.timeout.min = 5s (custom)
2022-02-08 13:52:33,779 [pool-228-thread-1] INFO  server.RaftServerConfigKeys (ConfUtils.java:logGet(44)) - raft.server.rpc.timeout.max = 5200ms (custom)
2022-02-08 13:52:33,779 [pool-228-thread-1] INFO  server.RaftServerConfigKeys (ConfUtils.java:logGet(44)) - raft.server.rpc.sleep.time = 25ms (default)
2022-02-08 13:52:33,779 [pool-228-thread-1] INFO  server.RaftServerConfigKeys (ConfUtils.java:logGet(44)) - raft.server.rpc.slowness.timeout = 300000ms (custom)
2022-02-08 13:52:33,779 [pool-228-thread-1] INFO  server.RaftServerConfigKeys (ConfUtils.java:logGet(44)) - raft.server.leaderelection.leader.step-down.wait-time = 10s (default)
2022-02-08 13:52:33,779 [pool-228-thread-1] INFO  server.RaftServerConfigKeys (ConfUtils.java:logGet(44)) - raft.server.sleep.deviation.threshold = 300ms (default)
2022-02-08 13:52:33,779 [pool-228-thread-1] INFO  server.RaftServerConfigKeys (ConfUtils.java:logGet(44)) - raft.server.log.appender.install.snapshot.enabled = false (custom)
2022-02-08 13:52:33,779 [pool-228-thread-1] INFO  server.RaftServer$Division (ServerState.java:<init>(105)) - 5f9aa48b-2f61-4154-bb84-50a0aaf99a3b@group-2AFCE8A443C3: ConfigurationManager, init=-1: [5f9aa48b-2f61-4154-bb84-50a0aaf99a3b|rpc:10.1.0.34:40765|priority:1], old=null, confs=<EMPTY_MAP>
2022-02-08 13:52:33,779 [pool-228-thread-1] INFO  server.RaftServerConfigKeys (ConfUtils.java:logGet(44)) - raft.server.storage.dir = [/home/runner/work/ozone/ozone/hadoop-ozone/integration-test/target/test-dir/MiniOzoneClusterImpl-44b62ea4-a9d0-4540-a736-82fb29945a00/datanode-8/data/ratis] (custom)
2022-02-08 13:52:33,779 [pool-228-thread-1] INFO  server.RaftServerConfigKeys (ConfUtils.java:logGet(44)) - raft.server.log.corruption.policy = EXCEPTION (default)
2022-02-08 13:52:33,779 [pool-228-thread-1] INFO  server.RaftServerConfigKeys (ConfUtils.java:logGet(44)) - raft.server.storage.free-space.min = 0MB (=0) (default)
2022-02-08 13:52:33,780 [pool-228-thread-1] INFO  storage.RaftStorageDirectory (RaftStorageDirectoryImpl.java:analyzeStorage(135)) - The storage directory /home/runner/work/ozone/ozone/hadoop-ozone/integration-test/target/test-dir/MiniOzoneClusterImpl-44b62ea4-a9d0-4540-a736-82fb29945a00/datanode-8/data/ratis/fd1fb063-de4c-42ce-b0b2-2afce8a443c3 does not exist. Creating ...
2022-02-08 13:52:33,781 [pool-228-thread-1] INFO  storage.RaftStorageDirectory (RaftStorageDirectoryImpl.java:tryLock(230)) - Lock on /home/runner/work/ozone/ozone/hadoop-ozone/integration-test/target/test-dir/MiniOzoneClusterImpl-44b62ea4-a9d0-4540-a736-82fb29945a00/datanode-8/data/ratis/fd1fb063-de4c-42ce-b0b2-2afce8a443c3/in_use.lock acquired by nodename 18376@fv-az148-480
2022-02-08 13:52:33,783 [pool-228-thread-1] INFO  storage.RaftStorage (RaftStorageImpl.java:format(89)) - Storage directory /home/runner/work/ozone/ozone/hadoop-ozone/integration-test/target/test-dir/MiniOzoneClusterImpl-44b62ea4-a9d0-4540-a736-82fb29945a00/datanode-8/data/ratis/fd1fb063-de4c-42ce-b0b2-2afce8a443c3 has been successfully formatted.
2022-02-08 13:52:33,783 [pool-228-thread-1] INFO  ratis.ContainerStateMachine (ContainerStateMachine.java:loadSnapshot(231)) - group-2AFCE8A443C3: The snapshot info is null. Setting the last applied indexto:(t:0, i:~)
2022-02-08 13:52:33,783 [pool-228-thread-1] INFO  server.RaftServerConfigKeys (ConfUtils.java:logGet(44)) - raft.server.notification.no-leader.timeout = 300000ms (custom)
2022-02-08 13:52:33,783 [pool-228-thread-1] INFO  server.RaftServerConfigKeys (ConfUtils.java:logGet(44)) - raft.server.log.use.memory = false (default)
2022-02-08 13:52:33,783 [pool-228-thread-1] INFO  server.RaftServerConfigKeys (ConfUtils.java:logGet(44)) - raft.server.log.purge.gap = 1000000 (custom)
2022-02-08 13:52:33,783 [pool-228-thread-1] INFO  server.RaftServerConfigKeys (ConfUtils.java:logGet(44)) - raft.server.log.appender.buffer.byte-limit = 33554432 (custom)
2022-02-08 13:52:33,783 [pool-228-thread-1] INFO  server.RaftServerConfigKeys (ConfUtils.java:logGet(44)) - raft.server.log.segment.size.max = 1048576 (custom)
2022-02-08 13:52:33,785 [pool-228-thread-1] INFO  server.RaftServerConfigKeys (ConfUtils.java:logGet(44)) - raft.server.log.segment.cache.num.max = 2 (custom)
2022-02-08 13:52:33,786 [pool-228-thread-1] INFO  server.RaftServerConfigKeys (ConfUtils.java:logGet(44)) - raft.server.log.segment.cache.size.max = 200MB (=209715200) (default)
2022-02-08 13:52:33,787 [pool-228-thread-1] INFO  segmented.SegmentedRaftLogWorker (SegmentedRaftLogWorker.java:<init>(182)) - new 5f9aa48b-2f61-4154-bb84-50a0aaf99a3b@group-2AFCE8A443C3-SegmentedRaftLogWorker for RaftStorageImpl:Storage Directory /home/runner/work/ozone/ozone/hadoop-ozone/integration-test/target/test-dir/MiniOzoneClusterImpl-44b62ea4-a9d0-4540-a736-82fb29945a00/datanode-8/data/ratis/fd1fb063-de4c-42ce-b0b2-2afce8a443c3
2022-02-08 13:52:33,787 [pool-228-thread-1] INFO  server.RaftServerConfigKeys (ConfUtils.java:logGet(44)) - raft.server.log.queue.byte-limit = 2147483647 (custom)
2022-02-08 13:52:33,787 [pool-228-thread-1] INFO  server.RaftServerConfigKeys (ConfUtils.java:logGet(44)) - raft.server.log.queue.element-limit = 1024 (custom)
2022-02-08 13:52:33,787 [pool-228-thread-1] INFO  server.RaftServerConfigKeys (ConfUtils.java:logGet(44)) - raft.server.log.segment.size.max = 1048576 (custom)
2022-02-08 13:52:33,787 [pool-228-thread-1] INFO  server.RaftServerConfigKeys (ConfUtils.java:logGet(44)) - raft.server.log.preallocated.size = 16384 (custom)
2022-02-08 13:52:33,787 [pool-228-thread-1] INFO  server.RaftServerConfigKeys (ConfUtils.java:logGet(44)) - raft.server.log.force.sync.num = 128 (default)
2022-02-08 13:52:33,787 [pool-228-thread-1] INFO  server.RaftServerConfigKeys (ConfUtils.java:logGet(44)) - raft.server.log.statemachine.data.sync = true (default)
2022-02-08 13:52:33,787 [pool-228-thread-1] INFO  server.RaftServerConfigKeys (ConfUtils.java:logGet(44)) - raft.server.log.statemachine.data.sync.timeout = 10s (default)
2022-02-08 13:52:33,787 [pool-228-thread-1] INFO  server.RaftServerConfigKeys (ConfUtils.java:logGet(44)) - raft.server.log.statemachine.data.sync.timeout.retry = -1 (default)
2022-02-08 13:52:33,788 [EventQueue-PipelineReportForPipelineReportHandler] INFO  pipeline.PipelineManagerImpl (PipelineManagerImpl.java:openPipeline(291)) - Pipeline Pipeline[ Id: fd1fb063-de4c-42ce-b0b2-2afce8a443c3, Nodes: 5f9aa48b-2f61-4154-bb84-50a0aaf99a3b{ip: 10.1.0.34, host: fv-az148-480.bm4ck3pvxvsene1rjriu5fhcdb.bx.internal.cloudapp.net, ports: [REPLICATION=41637, RATIS=40765, RATIS_ADMIN=40765, RATIS_SERVER=40765, STANDALONE=45425], networkLocation: /default-rack, certSerialId: null, persistedOpState: IN_SERVICE, persistedOpStateExpiryEpochSec: 0}, ReplicationConfig: RATIS/ONE, State:ALLOCATED, leaderId:5f9aa48b-2f61-4154-bb84-50a0aaf99a3b, CreationTimestamp2022-02-08T13:52:30.781Z[Etc/UTC]] moved to OPEN state
2022-02-08 13:52:33,788 [pool-228-thread-1] INFO  server.RaftServerConfigKeys (ConfUtils.java:logGet(44)) - raft.server.log.write.buffer.size = 1048576 (custom)
2022-02-08 13:52:33,788 [pool-228-thread-1] INFO  server.RaftServerConfigKeys (ConfUtils.java:logGet(44)) - raft.server.log.statemachine.data.caching.enabled = true (custom)
2022-02-08 13:52:33,788 [pool-228-thread-1] INFO  segmented.SegmentedRaftLogWorker (SegmentedRaftLogWorker.java:lambda$new$0(133)) - 5f9aa48b-2f61-4154-bb84-50a0aaf99a3b@group-2AFCE8A443C3-SegmentedRaftLogWorker: flushIndex: setUnconditionally 0 -> -1
2022-02-08 13:52:33,788 [pool-228-thread-1] INFO  segmented.SegmentedRaftLogWorker (SegmentedRaftLogWorker.java:lambda$new$0(133)) - 5f9aa48b-2f61-4154-bb84-50a0aaf99a3b@group-2AFCE8A443C3-SegmentedRaftLogWorker: safeCacheEvictIndex: setUnconditionally 0 -> -1
2022-02-08 13:52:33,790 [8e830768-0c32-4272-9818-b92ae3ba757d@group-82FB29945A00-StateMachineUpdater] INFO  safemode.HealthyPipelineSafeModeRule (HealthyPipelineSafeModeRule.java:initializeRule(152)) - Refreshed total pipeline count is 0, healthy pipeline threshold count is 1
2022-02-08 13:52:33,797 [EventQueue-OpenPipelineForHealthyPipelineSafeModeRule] INFO  safemode.SCMSafeModeManager (HealthyPipelineSafeModeRule.java:process(124)) - SCM in safe mode. Healthy pipelines reported count is 0, required healthy pipeline reported count is 1
2022-02-08 13:52:33,797 [pool-228-thread-1] INFO  server.RaftServerConfigKeys (ConfUtils.java:logGet(44)) - raft.server.snapshot.auto.trigger.enabled = true (custom)
2022-02-08 13:52:33,797 [pool-228-thread-1] INFO  server.RaftServerConfigKeys (ConfUtils.java:logGet(44)) - raft.server.snapshot.auto.trigger.threshold = 10000 (custom)
2022-02-08 13:52:33,797 [pool-228-thread-1] INFO  server.RaftServerConfigKeys (ConfUtils.java:logGet(44)) - raft.server.snapshot.retention.file.num = 5 (custom)
2022-02-08 13:52:33,797 [pool-228-thread-1] INFO  server.RaftServerConfigKeys (ConfUtils.java:logGet(44)) - raft.server.log.purge.upto.snapshot.index = false (default)
2022-02-08 13:52:33,797 [pool-228-thread-1] INFO  server.RaftServerConfigKeys (ConfUtils.java:logGet(44)) - raft.server.retrycache.expirytime = 600000ms (custom)
2022-02-08 13:52:33,797 [pool-228-thread-1] INFO  server.RaftServerConfigKeys (ConfUtils.java:logGet(44)) - raft.server.retrycache.statistics.expirytime = 100μs (default)
2022-02-08 13:52:33,799 [pool-228-thread-1] INFO  server.RaftServer$Division (RaftServerImpl.java:start(301)) - 5f9aa48b-2f61-4154-bb84-50a0aaf99a3b@group-2AFCE8A443C3: start as a follower, conf=-1: [5f9aa48b-2f61-4154-bb84-50a0aaf99a3b|rpc:10.1.0.34:40765|priority:1], old=null
2022-02-08 13:52:33,800 [pool-228-thread-1] INFO  server.RaftServer$Division (RaftServerImpl.java:setRole(290)) - 5f9aa48b-2f61-4154-bb84-50a0aaf99a3b@group-2AFCE8A443C3: changes role from      null to FOLLOWER at term 0 for startAsFollower
2022-02-08 13:52:33,800 [pool-228-thread-1] INFO  impl.RoleInfo (RoleInfo.java:updateAndGet(130)) - 5f9aa48b-2f61-4154-bb84-50a0aaf99a3b: start 5f9aa48b-2f61-4154-bb84-50a0aaf99a3b@group-2AFCE8A443C3-FollowerState
2022-02-08 13:52:33,811 [pool-228-thread-1] INFO  util.JmxRegister (JmxRegister.java:tryRegister(44)) - Successfully registered JMX Bean with object name Ratis:service=RaftServer,group=group-2AFCE8A443C3,id=5f9aa48b-2f61-4154-bb84-50a0aaf99a3b
2022-02-08 13:52:33,811 [Command processor thread] INFO  ratis.XceiverServerRatis (XceiverServerRatis.java:addGroup(768)) - Created group PipelineID=fd1fb063-de4c-42ce-b0b2-2afce8a443c3
2022-02-08 13:52:33,811 [Command processor thread] INFO  commandhandler.CreatePipelineCommandHandler (CreatePipelineCommandHandler.java:handle(106)) - Created Pipeline RATIS ONE PipelineID=fd1fb063-de4c-42ce-b0b2-2afce8a443c3.
2022-02-08 13:52:34,774 [Listener at 127.0.0.1/36213] INFO  ozone.MiniOzoneClusterImpl (MiniOzoneClusterImpl.java:lambda$waitForClusterToBeReady$0(219)) - Nodes are ready. Got 9 of 9 DN Heartbeats.
2022-02-08 13:52:34,774 [Listener at 127.0.0.1/36213] INFO  ozone.MiniOzoneClusterImpl (MiniOzoneClusterImpl.java:lambda$waitForClusterToBeReady$0(222)) - Waiting for cluster to exit safe mode
2022-02-08 13:52:34,774 [Listener at 127.0.0.1/36213] INFO  ozone.MiniOzoneClusterImpl (MiniOzoneClusterImpl.java:lambda$waitForClusterToBeReady$0(224)) - SCM became leader
2022-02-08 13:52:35,775 [Listener at 127.0.0.1/36213] INFO  ozone.MiniOzoneClusterImpl (MiniOzoneClusterImpl.java:lambda$waitForClusterToBeReady$0(219)) - Nodes are ready. Got 9 of 9 DN Heartbeats.
2022-02-08 13:52:35,775 [Listener at 127.0.0.1/36213] INFO  ozone.MiniOzoneClusterImpl (MiniOzoneClusterImpl.java:lambda$waitForClusterToBeReady$0(222)) - Waiting for cluster to exit safe mode
2022-02-08 13:52:35,775 [Listener at 127.0.0.1/36213] INFO  ozone.MiniOzoneClusterImpl (MiniOzoneClusterImpl.java:lambda$waitForClusterToBeReady$0(224)) - SCM became leader
2022-02-08 13:52:36,776 [Listener at 127.0.0.1/36213] INFO  ozone.MiniOzoneClusterImpl (MiniOzoneClusterImpl.java:lambda$waitForClusterToBeReady$0(219)) - Nodes are ready. Got 9 of 9 DN Heartbeats.
2022-02-08 13:52:36,776 [Listener at 127.0.0.1/36213] INFO  ozone.MiniOzoneClusterImpl (MiniOzoneClusterImpl.java:lambda$waitForClusterToBeReady$0(222)) - Waiting for cluster to exit safe mode
2022-02-08 13:52:36,776 [Listener at 127.0.0.1/36213] INFO  ozone.MiniOzoneClusterImpl (MiniOzoneClusterImpl.java:lambda$waitForClusterToBeReady$0(224)) - SCM became leader
2022-02-08 13:52:37,170 [74cc591c-4d52-479e-aacc-08a66935e120@group-3C477149A74C-FollowerState] INFO  impl.FollowerState (FollowerState.java:run(134)) - 74cc591c-4d52-479e-aacc-08a66935e120@group-3C477149A74C-FollowerState: change to CANDIDATE, lastRpcElapsedTime:5148049149ns, electionTimeout:5141ms
2022-02-08 13:52:37,171 [74cc591c-4d52-479e-aacc-08a66935e120@group-3C477149A74C-FollowerState] INFO  impl.RoleInfo (RoleInfo.java:shutdownFollowerState(108)) - 74cc591c-4d52-479e-aacc-08a66935e120: shutdown 74cc591c-4d52-479e-aacc-08a66935e120@group-3C477149A74C-FollowerState
2022-02-08 13:52:37,171 [74cc591c-4d52-479e-aacc-08a66935e120@group-3C477149A74C-FollowerState] INFO  server.RaftServer$Division (RaftServerImpl.java:setRole(290)) - 74cc591c-4d52-479e-aacc-08a66935e120@group-3C477149A74C: changes role from  FOLLOWER to CANDIDATE at term 0 for changeToCandidate
2022-02-08 13:52:37,172 [74cc591c-4d52-479e-aacc-08a66935e120@group-3C477149A74C-FollowerState] INFO  server.RaftServerConfigKeys (ConfUtils.java:logGet(44)) - raft.server.leaderelection.pre-vote = false (custom)
2022-02-08 13:52:37,173 [74cc591c-4d52-479e-aacc-08a66935e120@group-3C477149A74C-FollowerState] INFO  impl.RoleInfo (RoleInfo.java:updateAndGet(130)) - 74cc591c-4d52-479e-aacc-08a66935e120: start 74cc591c-4d52-479e-aacc-08a66935e120@group-3C477149A74C-LeaderElection4
2022-02-08 13:52:37,177 [74cc591c-4d52-479e-aacc-08a66935e120@group-3C477149A74C-LeaderElection4] INFO  impl.LeaderElection (LeaderElection.java:askForVotes(306)) - 74cc591c-4d52-479e-aacc-08a66935e120@group-3C477149A74C-LeaderElection4 ELECTION round 0: submit vote requests at term 1 for -1: [74cc591c-4d52-479e-aacc-08a66935e120|rpc:10.1.0.34:33121|priority:1], old=null
2022-02-08 13:52:37,177 [74cc591c-4d52-479e-aacc-08a66935e120@group-3C477149A74C-LeaderElection4] INFO  impl.LeaderElection (LeaderElection.java:askForVotes(308)) - 74cc591c-4d52-479e-aacc-08a66935e120@group-3C477149A74C-LeaderElection4 ELECTION round 0: result PASSED (term=1)
2022-02-08 13:52:37,177 [74cc591c-4d52-479e-aacc-08a66935e120@group-3C477149A74C-LeaderElection4] INFO  impl.RoleInfo (RoleInfo.java:shutdownLeaderElection(121)) - 74cc591c-4d52-479e-aacc-08a66935e120: shutdown 74cc591c-4d52-479e-aacc-08a66935e120@group-3C477149A74C-LeaderElection4
2022-02-08 13:52:37,177 [74cc591c-4d52-479e-aacc-08a66935e120@group-3C477149A74C-LeaderElection4] INFO  server.RaftServer$Division (RaftServerImpl.java:setRole(290)) - 74cc591c-4d52-479e-aacc-08a66935e120@group-3C477149A74C: changes role from CANDIDATE to LEADER at term 1 for changeToLeader
2022-02-08 13:52:37,177 [74cc591c-4d52-479e-aacc-08a66935e120@group-3C477149A74C-LeaderElection4] INFO  ratis.XceiverServerRatis (XceiverServerRatis.java:handleLeaderChangedNotification(866)) - Leader change notification received for group: group-3C477149A74C with new leaderId: 74cc591c-4d52-479e-aacc-08a66935e120
2022-02-08 13:52:37,178 [74cc591c-4d52-479e-aacc-08a66935e120@group-3C477149A74C-LeaderElection4] INFO  server.RaftServer$Division (ServerState.java:setLeader(285)) - 74cc591c-4d52-479e-aacc-08a66935e120@group-3C477149A74C: change Leader from null to 74cc591c-4d52-479e-aacc-08a66935e120 at term 1 for becomeLeader, leader elected after 5200ms
2022-02-08 13:52:37,178 [74cc591c-4d52-479e-aacc-08a66935e120@group-3C477149A74C-LeaderElection4] INFO  server.RaftServerConfigKeys (ConfUtils.java:logGet(44)) - raft.server.staging.catchup.gap = 1000 (default)
2022-02-08 13:52:37,179 [74cc591c-4d52-479e-aacc-08a66935e120@group-3C477149A74C-LeaderElection4] INFO  server.RaftServerConfigKeys (ConfUtils.java:logGet(44)) - raft.server.write.element-limit = 1024 (custom)
2022-02-08 13:52:37,179 [74cc591c-4d52-479e-aacc-08a66935e120@group-3C477149A74C-LeaderElection4] INFO  server.RaftServerConfigKeys (ConfUtils.java:logGet(44)) - raft.server.write.byte-limit = 1024 M (=1073741824) (custom)
2022-02-08 13:52:37,179 [74cc591c-4d52-479e-aacc-08a66935e120@group-3C477149A74C-LeaderElection4] INFO  server.RaftServerConfigKeys (ConfUtils.java:logGet(44)) - raft.server.watch.timeout = 3000ms (custom)
2022-02-08 13:52:37,179 [74cc591c-4d52-479e-aacc-08a66935e120@group-3C477149A74C-LeaderElection4] INFO  server.RaftServerConfigKeys (ConfUtils.java:logGet(44)) - raft.server.watch.timeout.denomination = 1s (default)
2022-02-08 13:52:37,179 [74cc591c-4d52-479e-aacc-08a66935e120@group-3C477149A74C-LeaderElection4] INFO  server.RaftServerConfigKeys (ConfUtils.java:logGet(44)) - raft.server.watch.element-limit = 65536 (default)
2022-02-08 13:52:37,179 [74cc591c-4d52-479e-aacc-08a66935e120@group-3C477149A74C-LeaderElection4] INFO  server.RaftServerConfigKeys (ConfUtils.java:logGet(44)) - raft.server.write.element-limit = 1024 (custom)
2022-02-08 13:52:37,180 [74cc591c-4d52-479e-aacc-08a66935e120@group-3C477149A74C-LeaderElection4] INFO  server.RaftServerConfigKeys (ConfUtils.java:logGet(44)) - raft.server.write.follower.gap.ratio.max = -1.0 (default)
2022-02-08 13:52:37,180 [EventQueue-OpenPipelineForHealthyPipelineSafeModeRule] INFO  safemode.SCMSafeModeManager (HealthyPipelineSafeModeRule.java:process(124)) - SCM in safe mode. Healthy pipelines reported count is 0, required healthy pipeline reported count is 1
2022-02-08 13:52:37,180 [74cc591c-4d52-479e-aacc-08a66935e120@group-3C477149A74C-LeaderElection4] INFO  impl.RoleInfo (RoleInfo.java:updateAndGet(130)) - 74cc591c-4d52-479e-aacc-08a66935e120: start 74cc591c-4d52-479e-aacc-08a66935e120@group-3C477149A74C-LeaderStateImpl
2022-02-08 13:52:37,180 [74cc591c-4d52-479e-aacc-08a66935e120@group-3C477149A74C-LeaderElection4] INFO  segmented.SegmentedRaftLogWorker (SegmentedRaftLogWorker.java:startLogSegment(394)) - 74cc591c-4d52-479e-aacc-08a66935e120@group-3C477149A74C-SegmentedRaftLogWorker: Starting segment from index:0
2022-02-08 13:52:37,186 [74cc591c-4d52-479e-aacc-08a66935e120@group-3C477149A74C-LeaderElection4] INFO  server.RaftServer$Division (ServerState.java:setRaftConf(387)) - 74cc591c-4d52-479e-aacc-08a66935e120@group-3C477149A74C: set configuration 0: [74cc591c-4d52-479e-aacc-08a66935e120|rpc:10.1.0.34:33121|dataStream:|priority:1], old=null
2022-02-08 13:52:37,186 [74cc591c-4d52-479e-aacc-08a66935e120@group-3C477149A74C-SegmentedRaftLogWorker] INFO  segmented.SegmentedRaftLogWorker (SegmentedRaftLogWorker.java:execute(601)) - 74cc591c-4d52-479e-aacc-08a66935e120@group-3C477149A74C-SegmentedRaftLogWorker: created new log segment /home/runner/work/ozone/ozone/hadoop-ozone/integration-test/target/test-dir/MiniOzoneClusterImpl-44b62ea4-a9d0-4540-a736-82fb29945a00/datanode-0/data/ratis/fade1a64-d0d1-4281-9e9b-3c477149a74c/current/log_inprogress_0
2022-02-08 13:52:37,215 [74cc591c-4d52-479e-aacc-08a66935e120@group-25469F3653D4-FollowerState] INFO  impl.FollowerState (FollowerState.java:run(134)) - 74cc591c-4d52-479e-aacc-08a66935e120@group-25469F3653D4-FollowerState: change to CANDIDATE, lastRpcElapsedTime:5161693079ns, electionTimeout:5155ms
2022-02-08 13:52:37,215 [74cc591c-4d52-479e-aacc-08a66935e120@group-25469F3653D4-FollowerState] INFO  impl.RoleInfo (RoleInfo.java:shutdownFollowerState(108)) - 74cc591c-4d52-479e-aacc-08a66935e120: shutdown 74cc591c-4d52-479e-aacc-08a66935e120@group-25469F3653D4-FollowerState
2022-02-08 13:52:37,215 [74cc591c-4d52-479e-aacc-08a66935e120@group-25469F3653D4-FollowerState] INFO  server.RaftServer$Division (RaftServerImpl.java:setRole(290)) - 74cc591c-4d52-479e-aacc-08a66935e120@group-25469F3653D4: changes role from  FOLLOWER to CANDIDATE at term 0 for changeToCandidate
2022-02-08 13:52:37,215 [74cc591c-4d52-479e-aacc-08a66935e120@group-25469F3653D4-FollowerState] INFO  server.RaftServerConfigKeys (ConfUtils.java:logGet(44)) - raft.server.leaderelection.pre-vote = false (custom)
2022-02-08 13:52:37,215 [74cc591c-4d52-479e-aacc-08a66935e120@group-25469F3653D4-FollowerState] INFO  impl.RoleInfo (RoleInfo.java:updateAndGet(130)) - 74cc591c-4d52-479e-aacc-08a66935e120: start 74cc591c-4d52-479e-aacc-08a66935e120@group-25469F3653D4-LeaderElection5
2022-02-08 13:52:37,221 [74cc591c-4d52-479e-aacc-08a66935e120@group-25469F3653D4-LeaderElection5] INFO  impl.LeaderElection (LeaderElection.java:askForVotes(306)) - 74cc591c-4d52-479e-aacc-08a66935e120@group-25469F3653D4-LeaderElection5 ELECTION round 0: submit vote requests at term 1 for -1: [74cc591c-4d52-479e-aacc-08a66935e120|rpc:10.1.0.34:33121|priority:1, 915ea2a1-2b04-4a8b-905a-cfef4591970c|rpc:10.1.0.34:35197|priority:0, 0fed3ba6-79cb-4518-b48b-c28a0e29dbfb|rpc:10.1.0.34:40047|priority:0], old=null
2022-02-08 13:52:37,245 [grpc-default-executor-0] INFO  server.RaftServer$Division (RaftServerImpl.java:requestVote(1046)) - 0fed3ba6-79cb-4518-b48b-c28a0e29dbfb@group-25469F3653D4: receive requestVote(ELECTION, 74cc591c-4d52-479e-aacc-08a66935e120, group-25469F3653D4, 1, (t:0, i:0))
2022-02-08 13:52:37,247 [grpc-default-executor-1] INFO  server.RaftServer$Division (RaftServerImpl.java:requestVote(1046)) - 915ea2a1-2b04-4a8b-905a-cfef4591970c@group-25469F3653D4: receive requestVote(ELECTION, 74cc591c-4d52-479e-aacc-08a66935e120, group-25469F3653D4, 1, (t:0, i:0))
2022-02-08 13:52:37,251 [grpc-default-executor-0] INFO  impl.VoteContext (VoteContext.java:log(48)) - 0fed3ba6-79cb-4518-b48b-c28a0e29dbfb@group-25469F3653D4-FOLLOWER: accept ELECTION from 74cc591c-4d52-479e-aacc-08a66935e120: our priority 0 <= candidate's priority 1
2022-02-08 13:52:37,251 [grpc-default-executor-0] INFO  server.RaftServer$Division (RaftServerImpl.java:setRole(290)) - 0fed3ba6-79cb-4518-b48b-c28a0e29dbfb@group-25469F3653D4: changes role from  FOLLOWER to FOLLOWER at term 1 for candidate:74cc591c-4d52-479e-aacc-08a66935e120
2022-02-08 13:52:37,251 [grpc-default-executor-0] INFO  impl.RoleInfo (RoleInfo.java:shutdownFollowerState(108)) - 0fed3ba6-79cb-4518-b48b-c28a0e29dbfb: shutdown 0fed3ba6-79cb-4518-b48b-c28a0e29dbfb@group-25469F3653D4-FollowerState
2022-02-08 13:52:37,252 [0fed3ba6-79cb-4518-b48b-c28a0e29dbfb@group-25469F3653D4-FollowerState] INFO  impl.FollowerState (FollowerState.java:run(143)) - 0fed3ba6-79cb-4518-b48b-c28a0e29dbfb@group-25469F3653D4-FollowerState was interrupted: {}
java.lang.InterruptedException: sleep interrupted
	at java.lang.Thread.sleep(Native Method)
	at java.lang.Thread.sleep(Thread.java:340)
	at java.util.concurrent.TimeUnit.sleep(TimeUnit.java:386)
	at org.apache.ratis.util.TimeDuration.sleep(TimeDuration.java:324)
	at org.apache.ratis.util.TimeDuration.sleep(TimeDuration.java:309)
	at org.apache.ratis.server.impl.FollowerState.run(FollowerState.java:118)
2022-02-08 13:52:37,253 [grpc-default-executor-0] INFO  impl.RoleInfo (RoleInfo.java:updateAndGet(130)) - 0fed3ba6-79cb-4518-b48b-c28a0e29dbfb: start 0fed3ba6-79cb-4518-b48b-c28a0e29dbfb@group-25469F3653D4-FollowerState
2022-02-08 13:52:37,251 [grpc-default-executor-1] INFO  impl.VoteContext (VoteContext.java:log(48)) - 915ea2a1-2b04-4a8b-905a-cfef4591970c@group-25469F3653D4-FOLLOWER: accept ELECTION from 74cc591c-4d52-479e-aacc-08a66935e120: our priority 0 <= candidate's priority 1
2022-02-08 13:52:37,258 [grpc-default-executor-1] INFO  server.RaftServer$Division (RaftServerImpl.java:setRole(290)) - 915ea2a1-2b04-4a8b-905a-cfef4591970c@group-25469F3653D4: changes role from  FOLLOWER to FOLLOWER at term 1 for candidate:74cc591c-4d52-479e-aacc-08a66935e120
2022-02-08 13:52:37,258 [grpc-default-executor-1] INFO  impl.RoleInfo (RoleInfo.java:shutdownFollowerState(108)) - 915ea2a1-2b04-4a8b-905a-cfef4591970c: shutdown 915ea2a1-2b04-4a8b-905a-cfef4591970c@group-25469F3653D4-FollowerState
2022-02-08 13:52:37,258 [grpc-default-executor-1] INFO  impl.RoleInfo (RoleInfo.java:updateAndGet(130)) - 915ea2a1-2b04-4a8b-905a-cfef4591970c: start 915ea2a1-2b04-4a8b-905a-cfef4591970c@group-25469F3653D4-FollowerState
2022-02-08 13:52:37,259 [915ea2a1-2b04-4a8b-905a-cfef4591970c@group-25469F3653D4-FollowerState] INFO  impl.FollowerState (FollowerState.java:run(143)) - 915ea2a1-2b04-4a8b-905a-cfef4591970c@group-25469F3653D4-FollowerState was interrupted: {}
java.lang.InterruptedException: sleep interrupted
	at java.lang.Thread.sleep(Native Method)
	at java.lang.Thread.sleep(Thread.java:340)
	at java.util.concurrent.TimeUnit.sleep(TimeUnit.java:386)
	at org.apache.ratis.util.TimeDuration.sleep(TimeDuration.java:324)
	at org.apache.ratis.util.TimeDuration.sleep(TimeDuration.java:309)
	at org.apache.ratis.server.impl.FollowerState.run(FollowerState.java:118)
2022-02-08 13:52:37,270 [grpc-default-executor-1] INFO  server.RaftServer$Division (RaftServerImpl.java:requestVote(1078)) - 915ea2a1-2b04-4a8b-905a-cfef4591970c@group-25469F3653D4 replies to ELECTION vote request: 74cc591c-4d52-479e-aacc-08a66935e120<-915ea2a1-2b04-4a8b-905a-cfef4591970c#0:OK-t1. Peer's state: 915ea2a1-2b04-4a8b-905a-cfef4591970c@group-25469F3653D4:t1, leader=null, voted=74cc591c-4d52-479e-aacc-08a66935e120, raftlog=915ea2a1-2b04-4a8b-905a-cfef4591970c@group-25469F3653D4-SegmentedRaftLog:OPENED:c-1, conf=-1: [74cc591c-4d52-479e-aacc-08a66935e120|rpc:10.1.0.34:33121|priority:1, 915ea2a1-2b04-4a8b-905a-cfef4591970c|rpc:10.1.0.34:35197|priority:0, 0fed3ba6-79cb-4518-b48b-c28a0e29dbfb|rpc:10.1.0.34:40047|priority:0], old=null
2022-02-08 13:52:37,272 [grpc-default-executor-0] INFO  server.RaftServer$Division (RaftServerImpl.java:requestVote(1078)) - 0fed3ba6-79cb-4518-b48b-c28a0e29dbfb@group-25469F3653D4 replies to ELECTION vote request: 74cc591c-4d52-479e-aacc-08a66935e120<-0fed3ba6-79cb-4518-b48b-c28a0e29dbfb#0:OK-t1. Peer's state: 0fed3ba6-79cb-4518-b48b-c28a0e29dbfb@group-25469F3653D4:t1, leader=null, voted=74cc591c-4d52-479e-aacc-08a66935e120, raftlog=0fed3ba6-79cb-4518-b48b-c28a0e29dbfb@group-25469F3653D4-SegmentedRaftLog:OPENED:c-1, conf=-1: [74cc591c-4d52-479e-aacc-08a66935e120|rpc:10.1.0.34:33121|priority:1, 915ea2a1-2b04-4a8b-905a-cfef4591970c|rpc:10.1.0.34:35197|priority:0, 0fed3ba6-79cb-4518-b48b-c28a0e29dbfb|rpc:10.1.0.34:40047|priority:0], old=null
2022-02-08 13:52:37,272 [74cc591c-4d52-479e-aacc-08a66935e120@group-25469F3653D4-LeaderElection5] INFO  impl.LeaderElection (LeaderElection.java:logAndReturn(89)) - 74cc591c-4d52-479e-aacc-08a66935e120@group-25469F3653D4-LeaderElection5: ELECTION PASSED received 1 response(s) and 0 exception(s):
2022-02-08 13:52:37,273 [74cc591c-4d52-479e-aacc-08a66935e120@group-25469F3653D4-LeaderElection5] INFO  impl.LeaderElection (LeaderElection.java:logAndReturn(93)) -   Response 0: 74cc591c-4d52-479e-aacc-08a66935e120<-915ea2a1-2b04-4a8b-905a-cfef4591970c#0:OK-t1
2022-02-08 13:52:37,273 [74cc591c-4d52-479e-aacc-08a66935e120@group-25469F3653D4-LeaderElection5] INFO  impl.LeaderElection (LeaderElection.java:askForVotes(308)) - 74cc591c-4d52-479e-aacc-08a66935e120@group-25469F3653D4-LeaderElection5 ELECTION round 0: result PASSED
2022-02-08 13:52:37,273 [74cc591c-4d52-479e-aacc-08a66935e120@group-25469F3653D4-LeaderElection5] INFO  impl.RoleInfo (RoleInfo.java:shutdownLeaderElection(121)) - 74cc591c-4d52-479e-aacc-08a66935e120: shutdown 74cc591c-4d52-479e-aacc-08a66935e120@group-25469F3653D4-LeaderElection5
2022-02-08 13:52:37,274 [74cc591c-4d52-479e-aacc-08a66935e120@group-25469F3653D4-LeaderElection5] INFO  server.RaftServer$Division (RaftServerImpl.java:setRole(290)) - 74cc591c-4d52-479e-aacc-08a66935e120@group-25469F3653D4: changes role from CANDIDATE to LEADER at term 1 for changeToLeader
2022-02-08 13:52:37,274 [74cc591c-4d52-479e-aacc-08a66935e120@group-25469F3653D4-LeaderElection5] INFO  ratis.XceiverServerRatis (XceiverServerRatis.java:handleLeaderChangedNotification(866)) - Leader change notification received for group: group-25469F3653D4 with new leaderId: 74cc591c-4d52-479e-aacc-08a66935e120
2022-02-08 13:52:37,274 [74cc591c-4d52-479e-aacc-08a66935e120@group-25469F3653D4-LeaderElection5] INFO  server.RaftServer$Division (ServerState.java:setLeader(285)) - 74cc591c-4d52-479e-aacc-08a66935e120@group-25469F3653D4: change Leader from null to 74cc591c-4d52-479e-aacc-08a66935e120 at term 1 for becomeLeader, leader elected after 5236ms
2022-02-08 13:52:37,274 [74cc591c-4d52-479e-aacc-08a66935e120@group-25469F3653D4-LeaderElection5] INFO  server.RaftServerConfigKeys (ConfUtils.java:logGet(44)) - raft.server.staging.catchup.gap = 1000 (default)
2022-02-08 13:52:37,274 [74cc591c-4d52-479e-aacc-08a66935e120@group-25469F3653D4-LeaderElection5] INFO  server.RaftServerConfigKeys (ConfUtils.java:logGet(44)) - raft.server.write.element-limit = 1024 (custom)
2022-02-08 13:52:37,274 [74cc591c-4d52-479e-aacc-08a66935e120@group-25469F3653D4-LeaderElection5] INFO  server.RaftServerConfigKeys (ConfUtils.java:logGet(44)) - raft.server.write.byte-limit = 1024 M (=1073741824) (custom)
2022-02-08 13:52:37,275 [74cc591c-4d52-479e-aacc-08a66935e120@group-25469F3653D4-LeaderElection5] INFO  server.RaftServerConfigKeys (ConfUtils.java:logGet(44)) - raft.server.watch.timeout = 3000ms (custom)
2022-02-08 13:52:37,275 [74cc591c-4d52-479e-aacc-08a66935e120@group-25469F3653D4-LeaderElection5] INFO  server.RaftServerConfigKeys (ConfUtils.java:logGet(44)) - raft.server.watch.timeout.denomination = 1s (default)
2022-02-08 13:52:37,275 [74cc591c-4d52-479e-aacc-08a66935e120@group-25469F3653D4-LeaderElection5] INFO  server.RaftServerConfigKeys (ConfUtils.java:logGet(44)) - raft.server.watch.element-limit = 65536 (default)
2022-02-08 13:52:37,275 [74cc591c-4d52-479e-aacc-08a66935e120@group-25469F3653D4-LeaderElection5] INFO  server.RaftServerConfigKeys (ConfUtils.java:logGet(44)) - raft.server.write.element-limit = 1024 (custom)
2022-02-08 13:52:37,275 [74cc591c-4d52-479e-aacc-08a66935e120@group-25469F3653D4-LeaderElection5] INFO  server.RaftServerConfigKeys (ConfUtils.java:logGet(44)) - raft.server.write.follower.gap.ratio.max = -1.0 (default)
2022-02-08 13:52:37,278 [EventQueue-PipelineReportForPipelineReportHandler] INFO  pipeline.PipelineManagerImpl (PipelineManagerImpl.java:openPipeline(291)) - Pipeline Pipeline[ Id: 60fdb779-c7c1-4438-b616-25469f3653d4, Nodes: 915ea2a1-2b04-4a8b-905a-cfef4591970c{ip: 10.1.0.34, host: fv-az148-480.bm4ck3pvxvsene1rjriu5fhcdb.bx.internal.cloudapp.net, ports: [REPLICATION=46009, RATIS=35197, RATIS_ADMIN=35197, RATIS_SERVER=35197, STANDALONE=36031], networkLocation: /default-rack, certSerialId: null, persistedOpState: IN_SERVICE, persistedOpStateExpiryEpochSec: 0}0fed3ba6-79cb-4518-b48b-c28a0e29dbfb{ip: 10.1.0.34, host: fv-az148-480.bm4ck3pvxvsene1rjriu5fhcdb.bx.internal.cloudapp.net, ports: [REPLICATION=45891, RATIS=40047, RATIS_ADMIN=40047, RATIS_SERVER=40047, STANDALONE=39945], networkLocation: /default-rack, certSerialId: null, persistedOpState: IN_SERVICE, persistedOpStateExpiryEpochSec: 0}74cc591c-4d52-479e-aacc-08a66935e120{ip: 10.1.0.34, host: fv-az148-480.bm4ck3pvxvsene1rjriu5fhcdb.bx.internal.cloudapp.net, ports: [REPLICATION=41959, RATIS=33121, RATIS_ADMIN=33121, RATIS_SERVER=33121, STANDALONE=46775], networkLocation: /default-rack, certSerialId: null, persistedOpState: IN_SERVICE, persistedOpStateExpiryEpochSec: 0}, ReplicationConfig: RATIS/THREE, State:ALLOCATED, leaderId:74cc591c-4d52-479e-aacc-08a66935e120, CreationTimestamp2022-02-08T13:52:29.529Z[Etc/UTC]] moved to OPEN state
2022-02-08 13:52:37,284 [74cc591c-4d52-479e-aacc-08a66935e120@group-25469F3653D4-LeaderElection5] INFO  server.RaftServerConfigKeys (ConfUtils.java:logGet(44)) - raft.server.log.appender.snapshot.chunk.size.max = 16MB (=16777216) (default)
2022-02-08 13:52:37,284 [74cc591c-4d52-479e-aacc-08a66935e120@group-25469F3653D4-LeaderElection5] INFO  server.RaftServerConfigKeys (ConfUtils.java:logGet(44)) - raft.server.log.appender.buffer.byte-limit = 33554432 (custom)
2022-02-08 13:52:37,278 [EventQueue-OpenPipelineForHealthyPipelineSafeModeRule] INFO  safemode.SCMSafeModeManager (HealthyPipelineSafeModeRule.java:process(124)) - SCM in safe mode. Healthy pipelines reported count is 0, required healthy pipeline reported count is 1
2022-02-08 13:52:37,286 [74cc591c-4d52-479e-aacc-08a66935e120@group-25469F3653D4-LeaderElection5] INFO  server.RaftServerConfigKeys (ConfUtils.java:logGet(44)) - raft.server.log.appender.buffer.element-limit = 1 (custom)
2022-02-08 13:52:37,286 [8e830768-0c32-4272-9818-b92ae3ba757d@group-82FB29945A00-StateMachineUpdater] INFO  safemode.HealthyPipelineSafeModeRule (HealthyPipelineSafeModeRule.java:initializeRule(152)) - Refreshed total pipeline count is 1, healthy pipeline threshold count is 1
2022-02-08 13:52:37,288 [EventQueue-OpenPipelineForHealthyPipelineSafeModeRule] INFO  safemode.SCMSafeModeManager (HealthyPipelineSafeModeRule.java:process(124)) - SCM in safe mode. Healthy pipelines reported count is 1, required healthy pipeline reported count is 1
2022-02-08 13:52:37,288 [EventQueue-OpenPipelineForHealthyPipelineSafeModeRule] INFO  safemode.SCMSafeModeManager (SCMSafeModeManager.java:validateSafeModeExitRules(204)) - HealthyPipelineSafeModeRule rule is successfully validated
2022-02-08 13:52:37,288 [EventQueue-OpenPipelineForHealthyPipelineSafeModeRule] INFO  safemode.SCMSafeModeManager (SCMSafeModeManager.java:validateSafeModeExitRules(219)) - ScmSafeModeManager, all rules are successfully validated
2022-02-08 13:52:37,288 [EventQueue-OpenPipelineForHealthyPipelineSafeModeRule] INFO  safemode.SCMSafeModeManager (SCMSafeModeManager.java:exitSafeMode(248)) - SCM exiting safe mode.
2022-02-08 13:52:37,288 [EventQueue-OpenPipelineForHealthyPipelineSafeModeRule] WARN  events.EventQueue (EventQueue.java:fireEvent(194)) - No event handler registered for event TypedEvent{payloadType=SafeModeStatus, name='Safe mode status'}
2022-02-08 13:52:37,289 [EventQueue-OpenPipelineForHealthyPipelineSafeModeRule] INFO  ha.SCMContext (SCMContext.java:updateSafeModeStatus(211)) - Update SafeModeStatus from SafeModeStatus{safeModeStatus=true, preCheckPassed=true} to SafeModeStatus{safeModeStatus=false, preCheckPassed=true}.
2022-02-08 13:52:37,289 [EventQueue-OpenPipelineForHealthyPipelineSafeModeRule] INFO  container.ReplicationManager (ReplicationManager.java:notifyStatusChanged(1807)) - Service ReplicationManager transitions to RUNNING.
2022-02-08 13:52:37,292 [74cc591c-4d52-479e-aacc-08a66935e120@group-25469F3653D4-LeaderElection5] INFO  grpc.GrpcConfigKeys (ConfUtils.java:logGet(44)) - raft.grpc.server.leader.outstanding.appends.max = 128 (default)
2022-02-08 13:52:37,292 [74cc591c-4d52-479e-aacc-08a66935e120@group-25469F3653D4-LeaderElection5] INFO  server.RaftServerConfigKeys (ConfUtils.java:logGet(44)) - raft.server.rpc.request.timeout = 3000ms (default)
2022-02-08 13:52:37,292 [74cc591c-4d52-479e-aacc-08a66935e120@group-25469F3653D4-LeaderElection5] INFO  server.RaftServerConfigKeys (ConfUtils.java:logGet(44)) - raft.server.log.appender.install.snapshot.enabled = false (custom)
2022-02-08 13:52:37,296 [74cc591c-4d52-479e-aacc-08a66935e120@group-25469F3653D4-LeaderElection5] INFO  server.RaftServerConfigKeys (ConfUtils.java:logGet(44)) - raft.server.log.appender.snapshot.chunk.size.max = 16MB (=16777216) (default)
2022-02-08 13:52:37,297 [74cc591c-4d52-479e-aacc-08a66935e120@group-25469F3653D4-LeaderElection5] INFO  server.RaftServerConfigKeys (ConfUtils.java:logGet(44)) - raft.server.log.appender.buffer.byte-limit = 33554432 (custom)
2022-02-08 13:52:37,297 [74cc591c-4d52-479e-aacc-08a66935e120@group-25469F3653D4-LeaderElection5] INFO  server.RaftServerConfigKeys (ConfUtils.java:logGet(44)) - raft.server.log.appender.buffer.element-limit = 1 (custom)
2022-02-08 13:52:37,297 [74cc591c-4d52-479e-aacc-08a66935e120@group-25469F3653D4-LeaderElection5] INFO  grpc.GrpcConfigKeys (ConfUtils.java:logGet(44)) - raft.grpc.server.leader.outstanding.appends.max = 128 (default)
2022-02-08 13:52:37,297 [74cc591c-4d52-479e-aacc-08a66935e120@group-25469F3653D4-LeaderElection5] INFO  server.RaftServerConfigKeys (ConfUtils.java:logGet(44)) - raft.server.rpc.request.timeout = 3000ms (default)
2022-02-08 13:52:37,297 [74cc591c-4d52-479e-aacc-08a66935e120@group-25469F3653D4-LeaderElection5] INFO  server.RaftServerConfigKeys (ConfUtils.java:logGet(44)) - raft.server.log.appender.install.snapshot.enabled = false (custom)
2022-02-08 13:52:37,298 [74cc591c-4d52-479e-aacc-08a66935e120@group-25469F3653D4-LeaderElection5] INFO  impl.RoleInfo (RoleInfo.java:updateAndGet(130)) - 74cc591c-4d52-479e-aacc-08a66935e120: start 74cc591c-4d52-479e-aacc-08a66935e120@group-25469F3653D4-LeaderStateImpl
2022-02-08 13:52:37,299 [74cc591c-4d52-479e-aacc-08a66935e120@group-25469F3653D4-LeaderElection5] INFO  segmented.SegmentedRaftLogWorker (SegmentedRaftLogWorker.java:startLogSegment(394)) - 74cc591c-4d52-479e-aacc-08a66935e120@group-25469F3653D4-SegmentedRaftLogWorker: Starting segment from index:0
2022-02-08 13:52:37,305 [74cc591c-4d52-479e-aacc-08a66935e120@group-25469F3653D4-SegmentedRaftLogWorker] INFO  segmented.SegmentedRaftLogWorker (SegmentedRaftLogWorker.java:execute(601)) - 74cc591c-4d52-479e-aacc-08a66935e120@group-25469F3653D4-SegmentedRaftLogWorker: created new log segment /home/runner/work/ozone/ozone/hadoop-ozone/integration-test/target/test-dir/MiniOzoneClusterImpl-44b62ea4-a9d0-4540-a736-82fb29945a00/datanode-0/data/ratis/60fdb779-c7c1-4438-b616-25469f3653d4/current/log_inprogress_0
2022-02-08 13:52:37,310 [74cc591c-4d52-479e-aacc-08a66935e120@group-25469F3653D4-LeaderElection5] INFO  server.RaftServer$Division (ServerState.java:setRaftConf(387)) - 74cc591c-4d52-479e-aacc-08a66935e120@group-25469F3653D4: set configuration 0: [74cc591c-4d52-479e-aacc-08a66935e120|rpc:10.1.0.34:33121|dataStream:|priority:1, 915ea2a1-2b04-4a8b-905a-cfef4591970c|rpc:10.1.0.34:35197|dataStream:|priority:0, 0fed3ba6-79cb-4518-b48b-c28a0e29dbfb|rpc:10.1.0.34:40047|dataStream:|priority:0], old=null
2022-02-08 13:52:37,335 [grpc-default-executor-1] INFO  ratis.XceiverServerRatis (XceiverServerRatis.java:handleLeaderChangedNotification(866)) - Leader change notification received for group: group-25469F3653D4 with new leaderId: 74cc591c-4d52-479e-aacc-08a66935e120
2022-02-08 13:52:37,335 [grpc-default-executor-1] INFO  server.RaftServer$Division (ServerState.java:setLeader(285)) - 0fed3ba6-79cb-4518-b48b-c28a0e29dbfb@group-25469F3653D4: change Leader from null to 74cc591c-4d52-479e-aacc-08a66935e120 at term 1 for appendEntries, leader elected after 4981ms
2022-02-08 13:52:37,356 [grpc-default-executor-0] INFO  ratis.XceiverServerRatis (XceiverServerRatis.java:handleLeaderChangedNotification(866)) - Leader change notification received for group: group-25469F3653D4 with new leaderId: 74cc591c-4d52-479e-aacc-08a66935e120
2022-02-08 13:52:37,356 [grpc-default-executor-0] INFO  server.RaftServer$Division (ServerState.java:setLeader(285)) - 915ea2a1-2b04-4a8b-905a-cfef4591970c@group-25469F3653D4: change Leader from null to 74cc591c-4d52-479e-aacc-08a66935e120 at term 1 for appendEntries, leader elected after 4771ms
2022-02-08 13:52:37,384 [grpc-default-executor-1] INFO  server.RaftServer$Division (ServerState.java:setRaftConf(387)) - 0fed3ba6-79cb-4518-b48b-c28a0e29dbfb@group-25469F3653D4: set configuration 0: [74cc591c-4d52-479e-aacc-08a66935e120|rpc:10.1.0.34:33121|dataStream:|priority:1, 915ea2a1-2b04-4a8b-905a-cfef4591970c|rpc:10.1.0.34:35197|dataStream:|priority:0, 0fed3ba6-79cb-4518-b48b-c28a0e29dbfb|rpc:10.1.0.34:40047|dataStream:|priority:0], old=null
2022-02-08 13:52:37,385 [grpc-default-executor-0] INFO  server.RaftServer$Division (ServerState.java:setRaftConf(387)) - 915ea2a1-2b04-4a8b-905a-cfef4591970c@group-25469F3653D4: set configuration 0: [74cc591c-4d52-479e-aacc-08a66935e120|rpc:10.1.0.34:33121|dataStream:|priority:1, 915ea2a1-2b04-4a8b-905a-cfef4591970c|rpc:10.1.0.34:35197|dataStream:|priority:0, 0fed3ba6-79cb-4518-b48b-c28a0e29dbfb|rpc:10.1.0.34:40047|dataStream:|priority:0], old=null
2022-02-08 13:52:37,385 [grpc-default-executor-0] INFO  segmented.SegmentedRaftLogWorker (SegmentedRaftLogWorker.java:startLogSegment(394)) - 915ea2a1-2b04-4a8b-905a-cfef4591970c@group-25469F3653D4-SegmentedRaftLogWorker: Starting segment from index:0
2022-02-08 13:52:37,385 [grpc-default-executor-1] INFO  segmented.SegmentedRaftLogWorker (SegmentedRaftLogWorker.java:startLogSegment(394)) - 0fed3ba6-79cb-4518-b48b-c28a0e29dbfb@group-25469F3653D4-SegmentedRaftLogWorker: Starting segment from index:0
2022-02-08 13:52:37,387 [915ea2a1-2b04-4a8b-905a-cfef4591970c@group-25469F3653D4-SegmentedRaftLogWorker] INFO  segmented.SegmentedRaftLogWorker (SegmentedRaftLogWorker.java:execute(601)) - 915ea2a1-2b04-4a8b-905a-cfef4591970c@group-25469F3653D4-SegmentedRaftLogWorker: created new log segment /home/runner/work/ozone/ozone/hadoop-ozone/integration-test/target/test-dir/MiniOzoneClusterImpl-44b62ea4-a9d0-4540-a736-82fb29945a00/datanode-2/data/ratis/60fdb779-c7c1-4438-b616-25469f3653d4/current/log_inprogress_0
2022-02-08 13:52:37,389 [0fed3ba6-79cb-4518-b48b-c28a0e29dbfb@group-25469F3653D4-SegmentedRaftLogWorker] INFO  segmented.SegmentedRaftLogWorker (SegmentedRaftLogWorker.java:execute(601)) - 0fed3ba6-79cb-4518-b48b-c28a0e29dbfb@group-25469F3653D4-SegmentedRaftLogWorker: created new log segment /home/runner/work/ozone/ozone/hadoop-ozone/integration-test/target/test-dir/MiniOzoneClusterImpl-44b62ea4-a9d0-4540-a736-82fb29945a00/datanode-1/data/ratis/60fdb779-c7c1-4438-b616-25469f3653d4/current/log_inprogress_0
2022-02-08 13:52:37,496 [0fed3ba6-79cb-4518-b48b-c28a0e29dbfb@group-80AB70C4B0E4-FollowerState] INFO  impl.FollowerState (FollowerState.java:run(134)) - 0fed3ba6-79cb-4518-b48b-c28a0e29dbfb@group-80AB70C4B0E4-FollowerState: change to CANDIDATE, lastRpcElapsedTime:5163837073ns, electionTimeout:5158ms
2022-02-08 13:52:37,496 [0fed3ba6-79cb-4518-b48b-c28a0e29dbfb@group-80AB70C4B0E4-FollowerState] INFO  impl.RoleInfo (RoleInfo.java:shutdownFollowerState(108)) - 0fed3ba6-79cb-4518-b48b-c28a0e29dbfb: shutdown 0fed3ba6-79cb-4518-b48b-c28a0e29dbfb@group-80AB70C4B0E4-FollowerState
2022-02-08 13:52:37,496 [0fed3ba6-79cb-4518-b48b-c28a0e29dbfb@group-80AB70C4B0E4-FollowerState] INFO  server.RaftServer$Division (RaftServerImpl.java:setRole(290)) - 0fed3ba6-79cb-4518-b48b-c28a0e29dbfb@group-80AB70C4B0E4: changes role from  FOLLOWER to CANDIDATE at term 0 for changeToCandidate
2022-02-08 13:52:37,498 [0fed3ba6-79cb-4518-b48b-c28a0e29dbfb@group-80AB70C4B0E4-FollowerState] INFO  server.RaftServerConfigKeys (ConfUtils.java:logGet(44)) - raft.server.leaderelection.pre-vote = false (custom)
2022-02-08 13:52:37,498 [0fed3ba6-79cb-4518-b48b-c28a0e29dbfb@group-80AB70C4B0E4-FollowerState] INFO  impl.RoleInfo (RoleInfo.java:updateAndGet(130)) - 0fed3ba6-79cb-4518-b48b-c28a0e29dbfb: start 0fed3ba6-79cb-4518-b48b-c28a0e29dbfb@group-80AB70C4B0E4-LeaderElection6
2022-02-08 13:52:37,501 [0fed3ba6-79cb-4518-b48b-c28a0e29dbfb@group-80AB70C4B0E4-LeaderElection6] INFO  impl.LeaderElection (LeaderElection.java:askForVotes(306)) - 0fed3ba6-79cb-4518-b48b-c28a0e29dbfb@group-80AB70C4B0E4-LeaderElection6 ELECTION round 0: submit vote requests at term 1 for -1: [0fed3ba6-79cb-4518-b48b-c28a0e29dbfb|rpc:10.1.0.34:40047|priority:1], old=null
2022-02-08 13:52:37,501 [0fed3ba6-79cb-4518-b48b-c28a0e29dbfb@group-80AB70C4B0E4-LeaderElection6] INFO  impl.LeaderElection (LeaderElection.java:askForVotes(308)) - 0fed3ba6-79cb-4518-b48b-c28a0e29dbfb@group-80AB70C4B0E4-LeaderElection6 ELECTION round 0: result PASSED (term=1)
2022-02-08 13:52:37,501 [0fed3ba6-79cb-4518-b48b-c28a0e29dbfb@group-80AB70C4B0E4-LeaderElection6] INFO  impl.RoleInfo (RoleInfo.java:shutdownLeaderElection(121)) - 0fed3ba6-79cb-4518-b48b-c28a0e29dbfb: shutdown 0fed3ba6-79cb-4518-b48b-c28a0e29dbfb@group-80AB70C4B0E4-LeaderElection6
2022-02-08 13:52:37,501 [0fed3ba6-79cb-4518-b48b-c28a0e29dbfb@group-80AB70C4B0E4-LeaderElection6] INFO  server.RaftServer$Division (RaftServerImpl.java:setRole(290)) - 0fed3ba6-79cb-4518-b48b-c28a0e29dbfb@group-80AB70C4B0E4: changes role from CANDIDATE to LEADER at term 1 for changeToLeader
2022-02-08 13:52:37,502 [0fed3ba6-79cb-4518-b48b-c28a0e29dbfb@group-80AB70C4B0E4-LeaderElection6] INFO  ratis.XceiverServerRatis (XceiverServerRatis.java:handleLeaderChangedNotification(866)) - Leader change notification received for group: group-80AB70C4B0E4 with new leaderId: 0fed3ba6-79cb-4518-b48b-c28a0e29dbfb
2022-02-08 13:52:37,503 [0fed3ba6-79cb-4518-b48b-c28a0e29dbfb@group-80AB70C4B0E4-LeaderElection6] INFO  server.RaftServer$Division (ServerState.java:setLeader(285)) - 0fed3ba6-79cb-4518-b48b-c28a0e29dbfb@group-80AB70C4B0E4: change Leader from null to 0fed3ba6-79cb-4518-b48b-c28a0e29dbfb at term 1 for becomeLeader, leader elected after 5195ms
2022-02-08 13:52:37,503 [0fed3ba6-79cb-4518-b48b-c28a0e29dbfb@group-80AB70C4B0E4-LeaderElection6] INFO  server.RaftServerConfigKeys (ConfUtils.java:logGet(44)) - raft.server.staging.catchup.gap = 1000 (default)
2022-02-08 13:52:37,503 [0fed3ba6-79cb-4518-b48b-c28a0e29dbfb@group-80AB70C4B0E4-LeaderElection6] INFO  server.RaftServerConfigKeys (ConfUtils.java:logGet(44)) - raft.server.write.element-limit = 1024 (custom)
2022-02-08 13:52:37,504 [0fed3ba6-79cb-4518-b48b-c28a0e29dbfb@group-80AB70C4B0E4-LeaderElection6] INFO  server.RaftServerConfigKeys (ConfUtils.java:logGet(44)) - raft.server.write.byte-limit = 1024 M (=1073741824) (custom)
2022-02-08 13:52:37,505 [0fed3ba6-79cb-4518-b48b-c28a0e29dbfb@group-80AB70C4B0E4-LeaderElection6] INFO  server.RaftServerConfigKeys (ConfUtils.java:logGet(44)) - raft.server.watch.timeout = 3000ms (custom)
2022-02-08 13:52:37,505 [0fed3ba6-79cb-4518-b48b-c28a0e29dbfb@group-80AB70C4B0E4-LeaderElection6] INFO  server.RaftServerConfigKeys (ConfUtils.java:logGet(44)) - raft.server.watch.timeout.denomination = 1s (default)
2022-02-08 13:52:37,505 [0fed3ba6-79cb-4518-b48b-c28a0e29dbfb@group-80AB70C4B0E4-LeaderElection6] INFO  server.RaftServerConfigKeys (ConfUtils.java:logGet(44)) - raft.server.watch.element-limit = 65536 (default)
2022-02-08 13:52:37,505 [0fed3ba6-79cb-4518-b48b-c28a0e29dbfb@group-80AB70C4B0E4-LeaderElection6] INFO  server.RaftServerConfigKeys (ConfUtils.java:logGet(44)) - raft.server.write.element-limit = 1024 (custom)
2022-02-08 13:52:37,505 [0fed3ba6-79cb-4518-b48b-c28a0e29dbfb@group-80AB70C4B0E4-LeaderElection6] INFO  server.RaftServerConfigKeys (ConfUtils.java:logGet(44)) - raft.server.write.follower.gap.ratio.max = -1.0 (default)
2022-02-08 13:52:37,505 [0fed3ba6-79cb-4518-b48b-c28a0e29dbfb@group-80AB70C4B0E4-LeaderElection6] INFO  impl.RoleInfo (RoleInfo.java:updateAndGet(130)) - 0fed3ba6-79cb-4518-b48b-c28a0e29dbfb: start 0fed3ba6-79cb-4518-b48b-c28a0e29dbfb@group-80AB70C4B0E4-LeaderStateImpl
2022-02-08 13:52:37,505 [0fed3ba6-79cb-4518-b48b-c28a0e29dbfb@group-80AB70C4B0E4-LeaderElection6] INFO  segmented.SegmentedRaftLogWorker (SegmentedRaftLogWorker.java:startLogSegment(394)) - 0fed3ba6-79cb-4518-b48b-c28a0e29dbfb@group-80AB70C4B0E4-SegmentedRaftLogWorker: Starting segment from index:0
2022-02-08 13:52:37,507 [0fed3ba6-79cb-4518-b48b-c28a0e29dbfb@group-80AB70C4B0E4-SegmentedRaftLogWorker] INFO  segmented.SegmentedRaftLogWorker (SegmentedRaftLogWorker.java:execute(601)) - 0fed3ba6-79cb-4518-b48b-c28a0e29dbfb@group-80AB70C4B0E4-SegmentedRaftLogWorker: created new log segment /home/runner/work/ozone/ozone/hadoop-ozone/integration-test/target/test-dir/MiniOzoneClusterImpl-44b62ea4-a9d0-4540-a736-82fb29945a00/datanode-1/data/ratis/0c21a561-7bc0-4bfd-a90c-80ab70c4b0e4/current/log_inprogress_0
2022-02-08 13:52:37,511 [0fed3ba6-79cb-4518-b48b-c28a0e29dbfb@group-80AB70C4B0E4-LeaderElection6] INFO  server.RaftServer$Division (ServerState.java:setRaftConf(387)) - 0fed3ba6-79cb-4518-b48b-c28a0e29dbfb@group-80AB70C4B0E4: set configuration 0: [0fed3ba6-79cb-4518-b48b-c28a0e29dbfb|rpc:10.1.0.34:40047|dataStream:|priority:1], old=null
2022-02-08 13:52:37,644 [915ea2a1-2b04-4a8b-905a-cfef4591970c@group-281919E82A1E-FollowerState] INFO  impl.FollowerState (FollowerState.java:run(134)) - 915ea2a1-2b04-4a8b-905a-cfef4591970c@group-281919E82A1E-FollowerState: change to CANDIDATE, lastRpcElapsedTime:5066225959ns, electionTimeout:5065ms
2022-02-08 13:52:37,645 [915ea2a1-2b04-4a8b-905a-cfef4591970c@group-281919E82A1E-FollowerState] INFO  impl.RoleInfo (RoleInfo.java:shutdownFollowerState(108)) - 915ea2a1-2b04-4a8b-905a-cfef4591970c: shutdown 915ea2a1-2b04-4a8b-905a-cfef4591970c@group-281919E82A1E-FollowerState
2022-02-08 13:52:37,645 [915ea2a1-2b04-4a8b-905a-cfef4591970c@group-281919E82A1E-FollowerState] INFO  server.RaftServer$Division (RaftServerImpl.java:setRole(290)) - 915ea2a1-2b04-4a8b-905a-cfef4591970c@group-281919E82A1E: changes role from  FOLLOWER to CANDIDATE at term 0 for changeToCandidate
2022-02-08 13:52:37,647 [915ea2a1-2b04-4a8b-905a-cfef4591970c@group-281919E82A1E-FollowerState] INFO  server.RaftServerConfigKeys (ConfUtils.java:logGet(44)) - raft.server.leaderelection.pre-vote = false (custom)
2022-02-08 13:52:37,647 [915ea2a1-2b04-4a8b-905a-cfef4591970c@group-281919E82A1E-FollowerState] INFO  impl.RoleInfo (RoleInfo.java:updateAndGet(130)) - 915ea2a1-2b04-4a8b-905a-cfef4591970c: start 915ea2a1-2b04-4a8b-905a-cfef4591970c@group-281919E82A1E-LeaderElection7
2022-02-08 13:52:37,655 [915ea2a1-2b04-4a8b-905a-cfef4591970c@group-281919E82A1E-LeaderElection7] INFO  impl.LeaderElection (LeaderElection.java:askForVotes(306)) - 915ea2a1-2b04-4a8b-905a-cfef4591970c@group-281919E82A1E-LeaderElection7 ELECTION round 0: submit vote requests at term 1 for -1: [915ea2a1-2b04-4a8b-905a-cfef4591970c|rpc:10.1.0.34:35197|priority:1], old=null
2022-02-08 13:52:37,655 [915ea2a1-2b04-4a8b-905a-cfef4591970c@group-281919E82A1E-LeaderElection7] INFO  impl.LeaderElection (LeaderElection.java:askForVotes(308)) - 915ea2a1-2b04-4a8b-905a-cfef4591970c@group-281919E82A1E-LeaderElection7 ELECTION round 0: result PASSED (term=1)
2022-02-08 13:52:37,655 [915ea2a1-2b04-4a8b-905a-cfef4591970c@group-281919E82A1E-LeaderElection7] INFO  impl.RoleInfo (RoleInfo.java:shutdownLeaderElection(121)) - 915ea2a1-2b04-4a8b-905a-cfef4591970c: shutdown 915ea2a1-2b04-4a8b-905a-cfef4591970c@group-281919E82A1E-LeaderElection7
2022-02-08 13:52:37,655 [915ea2a1-2b04-4a8b-905a-cfef4591970c@group-281919E82A1E-LeaderElection7] INFO  server.RaftServer$Division (RaftServerImpl.java:setRole(290)) - 915ea2a1-2b04-4a8b-905a-cfef4591970c@group-281919E82A1E: changes role from CANDIDATE to LEADER at term 1 for changeToLeader
2022-02-08 13:52:37,655 [915ea2a1-2b04-4a8b-905a-cfef4591970c@group-281919E82A1E-LeaderElection7] INFO  ratis.XceiverServerRatis (XceiverServerRatis.java:handleLeaderChangedNotification(866)) - Leader change notification received for group: group-281919E82A1E with new leaderId: 915ea2a1-2b04-4a8b-905a-cfef4591970c
2022-02-08 13:52:37,656 [915ea2a1-2b04-4a8b-905a-cfef4591970c@group-281919E82A1E-LeaderElection7] INFO  server.RaftServer$Division (ServerState.java:setLeader(285)) - 915ea2a1-2b04-4a8b-905a-cfef4591970c@group-281919E82A1E: change Leader from null to 915ea2a1-2b04-4a8b-905a-cfef4591970c at term 1 for becomeLeader, leader elected after 5111ms
2022-02-08 13:52:37,656 [915ea2a1-2b04-4a8b-905a-cfef4591970c@group-281919E82A1E-LeaderElection7] INFO  server.RaftServerConfigKeys (ConfUtils.java:logGet(44)) - raft.server.staging.catchup.gap = 1000 (default)
2022-02-08 13:52:37,656 [915ea2a1-2b04-4a8b-905a-cfef4591970c@group-281919E82A1E-LeaderElection7] INFO  server.RaftServerConfigKeys (ConfUtils.java:logGet(44)) - raft.server.write.element-limit = 1024 (custom)
2022-02-08 13:52:37,656 [915ea2a1-2b04-4a8b-905a-cfef4591970c@group-281919E82A1E-LeaderElection7] INFO  server.RaftServerConfigKeys (ConfUtils.java:logGet(44)) - raft.server.write.byte-limit = 1024 M (=1073741824) (custom)
2022-02-08 13:52:37,657 [915ea2a1-2b04-4a8b-905a-cfef4591970c@group-281919E82A1E-LeaderElection7] INFO  server.RaftServerConfigKeys (ConfUtils.java:logGet(44)) - raft.server.watch.timeout = 3000ms (custom)
2022-02-08 13:52:37,657 [915ea2a1-2b04-4a8b-905a-cfef4591970c@group-281919E82A1E-LeaderElection7] INFO  server.RaftServerConfigKeys (ConfUtils.java:logGet(44)) - raft.server.watch.timeout.denomination = 1s (default)
2022-02-08 13:52:37,658 [915ea2a1-2b04-4a8b-905a-cfef4591970c@group-281919E82A1E-LeaderElection7] INFO  server.RaftServerConfigKeys (ConfUtils.java:logGet(44)) - raft.server.watch.element-limit = 65536 (default)
2022-02-08 13:52:37,658 [915ea2a1-2b04-4a8b-905a-cfef4591970c@group-281919E82A1E-LeaderElection7] INFO  server.RaftServerConfigKeys (ConfUtils.java:logGet(44)) - raft.server.write.element-limit = 1024 (custom)
2022-02-08 13:52:37,658 [915ea2a1-2b04-4a8b-905a-cfef4591970c@group-281919E82A1E-LeaderElection7] INFO  server.RaftServerConfigKeys (ConfUtils.java:logGet(44)) - raft.server.write.follower.gap.ratio.max = -1.0 (default)
2022-02-08 13:52:37,658 [915ea2a1-2b04-4a8b-905a-cfef4591970c@group-281919E82A1E-LeaderElection7] INFO  impl.RoleInfo (RoleInfo.java:updateAndGet(130)) - 915ea2a1-2b04-4a8b-905a-cfef4591970c: start 915ea2a1-2b04-4a8b-905a-cfef4591970c@group-281919E82A1E-LeaderStateImpl
2022-02-08 13:52:37,658 [915ea2a1-2b04-4a8b-905a-cfef4591970c@group-281919E82A1E-LeaderElection7] INFO  segmented.SegmentedRaftLogWorker (SegmentedRaftLogWorker.java:startLogSegment(394)) - 915ea2a1-2b04-4a8b-905a-cfef4591970c@group-281919E82A1E-SegmentedRaftLogWorker: Starting segment from index:0
2022-02-08 13:52:37,661 [915ea2a1-2b04-4a8b-905a-cfef4591970c@group-281919E82A1E-LeaderElection7] INFO  server.RaftServer$Division (ServerState.java:setRaftConf(387)) - 915ea2a1-2b04-4a8b-905a-cfef4591970c@group-281919E82A1E: set configuration 0: [915ea2a1-2b04-4a8b-905a-cfef4591970c|rpc:10.1.0.34:35197|dataStream:|priority:1], old=null
2022-02-08 13:52:37,664 [915ea2a1-2b04-4a8b-905a-cfef4591970c@group-281919E82A1E-SegmentedRaftLogWorker] INFO  segmented.SegmentedRaftLogWorker (SegmentedRaftLogWorker.java:execute(601)) - 915ea2a1-2b04-4a8b-905a-cfef4591970c@group-281919E82A1E-SegmentedRaftLogWorker: created new log segment /home/runner/work/ozone/ozone/hadoop-ozone/integration-test/target/test-dir/MiniOzoneClusterImpl-44b62ea4-a9d0-4540-a736-82fb29945a00/datanode-2/data/ratis/98e7b338-9c64-484b-bec3-281919e82a1e/current/log_inprogress_0
2022-02-08 13:52:37,777 [Listener at 127.0.0.1/36213] INFO  ozone.MiniOzoneClusterImpl (MiniOzoneClusterImpl.java:lambda$waitForClusterToBeReady$0(219)) - Nodes are ready. Got 9 of 9 DN Heartbeats.
2022-02-08 13:52:37,777 [Listener at 127.0.0.1/36213] INFO  ozone.MiniOzoneClusterImpl (MiniOzoneClusterImpl.java:lambda$waitForClusterToBeReady$0(222)) - Cluster exits safe mode
2022-02-08 13:52:37,777 [Listener at 127.0.0.1/36213] INFO  ozone.MiniOzoneClusterImpl (MiniOzoneClusterImpl.java:lambda$waitForClusterToBeReady$0(224)) - SCM became leader
2022-02-08 13:52:37,818 [a5053940-3165-42e9-acd7-ef11441d188e@group-58EB8389FC4F-FollowerState] INFO  impl.FollowerState (FollowerState.java:run(134)) - a5053940-3165-42e9-acd7-ef11441d188e@group-58EB8389FC4F-FollowerState: change to CANDIDATE, lastRpcElapsedTime:5005690058ns, electionTimeout:5003ms
2022-02-08 13:52:37,818 [a5053940-3165-42e9-acd7-ef11441d188e@group-58EB8389FC4F-FollowerState] INFO  impl.RoleInfo (RoleInfo.java:shutdownFollowerState(108)) - a5053940-3165-42e9-acd7-ef11441d188e: shutdown a5053940-3165-42e9-acd7-ef11441d188e@group-58EB8389FC4F-FollowerState
2022-02-08 13:52:37,818 [a5053940-3165-42e9-acd7-ef11441d188e@group-58EB8389FC4F-FollowerState] INFO  server.RaftServer$Division (RaftServerImpl.java:setRole(290)) - a5053940-3165-42e9-acd7-ef11441d188e@group-58EB8389FC4F: changes role from  FOLLOWER to CANDIDATE at term 0 for changeToCandidate
2022-02-08 13:52:37,819 [a5053940-3165-42e9-acd7-ef11441d188e@group-58EB8389FC4F-FollowerState] INFO  server.RaftServerConfigKeys (ConfUtils.java:logGet(44)) - raft.server.leaderelection.pre-vote = false (custom)
2022-02-08 13:52:37,820 [a5053940-3165-42e9-acd7-ef11441d188e@group-58EB8389FC4F-FollowerState] INFO  impl.RoleInfo (RoleInfo.java:updateAndGet(130)) - a5053940-3165-42e9-acd7-ef11441d188e: start a5053940-3165-42e9-acd7-ef11441d188e@group-58EB8389FC4F-LeaderElection8
2022-02-08 13:52:37,831 [a5053940-3165-42e9-acd7-ef11441d188e@group-58EB8389FC4F-LeaderElection8] INFO  impl.LeaderElection (LeaderElection.java:askForVotes(306)) - a5053940-3165-42e9-acd7-ef11441d188e@group-58EB8389FC4F-LeaderElection8 ELECTION round 0: submit vote requests at term 1 for -1: [a5053940-3165-42e9-acd7-ef11441d188e|rpc:10.1.0.34:35549|priority:1], old=null
2022-02-08 13:52:37,831 [a5053940-3165-42e9-acd7-ef11441d188e@group-58EB8389FC4F-LeaderElection8] INFO  impl.LeaderElection (LeaderElection.java:askForVotes(308)) - a5053940-3165-42e9-acd7-ef11441d188e@group-58EB8389FC4F-LeaderElection8 ELECTION round 0: result PASSED (term=1)
2022-02-08 13:52:37,831 [a5053940-3165-42e9-acd7-ef11441d188e@group-58EB8389FC4F-LeaderElection8] INFO  impl.RoleInfo (RoleInfo.java:shutdownLeaderElection(121)) - a5053940-3165-42e9-acd7-ef11441d188e: shutdown a5053940-3165-42e9-acd7-ef11441d188e@group-58EB8389FC4F-LeaderElection8
2022-02-08 13:52:37,831 [a5053940-3165-42e9-acd7-ef11441d188e@group-58EB8389FC4F-LeaderElection8] INFO  server.RaftServer$Division (RaftServerImpl.java:setRole(290)) - a5053940-3165-42e9-acd7-ef11441d188e@group-58EB8389FC4F: changes role from CANDIDATE to LEADER at term 1 for changeToLeader
2022-02-08 13:52:37,831 [a5053940-3165-42e9-acd7-ef11441d188e@group-58EB8389FC4F-LeaderElection8] INFO  ratis.XceiverServerRatis (XceiverServerRatis.java:handleLeaderChangedNotification(866)) - Leader change notification received for group: group-58EB8389FC4F with new leaderId: a5053940-3165-42e9-acd7-ef11441d188e
2022-02-08 13:52:37,831 [a5053940-3165-42e9-acd7-ef11441d188e@group-58EB8389FC4F-LeaderElection8] INFO  server.RaftServer$Division (ServerState.java:setLeader(285)) - a5053940-3165-42e9-acd7-ef11441d188e@group-58EB8389FC4F: change Leader from null to a5053940-3165-42e9-acd7-ef11441d188e at term 1 for becomeLeader, leader elected after 5058ms
2022-02-08 13:52:37,831 [a5053940-3165-42e9-acd7-ef11441d188e@group-58EB8389FC4F-LeaderElection8] INFO  server.RaftServerConfigKeys (ConfUtils.java:logGet(44)) - raft.server.staging.catchup.gap = 1000 (default)
2022-02-08 13:52:37,832 [a5053940-3165-42e9-acd7-ef11441d188e@group-58EB8389FC4F-LeaderElection8] INFO  server.RaftServerConfigKeys (ConfUtils.java:logGet(44)) - raft.server.write.element-limit = 1024 (custom)
2022-02-08 13:52:37,832 [a5053940-3165-42e9-acd7-ef11441d188e@group-58EB8389FC4F-LeaderElection8] INFO  server.RaftServerConfigKeys (ConfUtils.java:logGet(44)) - raft.server.write.byte-limit = 1024 M (=1073741824) (custom)
2022-02-08 13:52:37,832 [a5053940-3165-42e9-acd7-ef11441d188e@group-58EB8389FC4F-LeaderElection8] INFO  server.RaftServerConfigKeys (ConfUtils.java:logGet(44)) - raft.server.watch.timeout = 3000ms (custom)
2022-02-08 13:52:37,832 [a5053940-3165-42e9-acd7-ef11441d188e@group-58EB8389FC4F-LeaderElection8] INFO  server.RaftServerConfigKeys (ConfUtils.java:logGet(44)) - raft.server.watch.timeout.denomination = 1s (default)
2022-02-08 13:52:37,832 [a5053940-3165-42e9-acd7-ef11441d188e@group-58EB8389FC4F-LeaderElection8] INFO  server.RaftServerConfigKeys (ConfUtils.java:logGet(44)) - raft.server.watch.element-limit = 65536 (default)
2022-02-08 13:52:37,832 [a5053940-3165-42e9-acd7-ef11441d188e@group-58EB8389FC4F-LeaderElection8] INFO  server.RaftServerConfigKeys (ConfUtils.java:logGet(44)) - raft.server.write.element-limit = 1024 (custom)
2022-02-08 13:52:37,832 [a5053940-3165-42e9-acd7-ef11441d188e@group-58EB8389FC4F-LeaderElection8] INFO  server.RaftServerConfigKeys (ConfUtils.java:logGet(44)) - raft.server.write.follower.gap.ratio.max = -1.0 (default)
2022-02-08 13:52:37,832 [a5053940-3165-42e9-acd7-ef11441d188e@group-58EB8389FC4F-LeaderElection8] INFO  impl.RoleInfo (RoleInfo.java:updateAndGet(130)) - a5053940-3165-42e9-acd7-ef11441d188e: start a5053940-3165-42e9-acd7-ef11441d188e@group-58EB8389FC4F-LeaderStateImpl
2022-02-08 13:52:37,833 [a5053940-3165-42e9-acd7-ef11441d188e@group-58EB8389FC4F-LeaderElection8] INFO  segmented.SegmentedRaftLogWorker (SegmentedRaftLogWorker.java:startLogSegment(394)) - a5053940-3165-42e9-acd7-ef11441d188e@group-58EB8389FC4F-SegmentedRaftLogWorker: Starting segment from index:0
2022-02-08 13:52:37,837 [a5053940-3165-42e9-acd7-ef11441d188e@group-58EB8389FC4F-SegmentedRaftLogWorker] INFO  segmented.SegmentedRaftLogWorker (SegmentedRaftLogWorker.java:execute(601)) - a5053940-3165-42e9-acd7-ef11441d188e@group-58EB8389FC4F-SegmentedRaftLogWorker: created new log segment /home/runner/work/ozone/ozone/hadoop-ozone/integration-test/target/test-dir/MiniOzoneClusterImpl-44b62ea4-a9d0-4540-a736-82fb29945a00/datanode-3/data/ratis/2ef527be-fa2f-4c23-b658-58eb8389fc4f/current/log_inprogress_0
2022-02-08 13:52:37,843 [a5053940-3165-42e9-acd7-ef11441d188e@group-58EB8389FC4F-LeaderElection8] INFO  server.RaftServer$Division (ServerState.java:setRaftConf(387)) - a5053940-3165-42e9-acd7-ef11441d188e@group-58EB8389FC4F: set configuration 0: [a5053940-3165-42e9-acd7-ef11441d188e|rpc:10.1.0.34:35549|dataStream:|priority:1], old=null
2022-02-08 13:52:37,886 [a5053940-3165-42e9-acd7-ef11441d188e@group-99362A9385E5-FollowerState] INFO  impl.FollowerState (FollowerState.java:run(134)) - a5053940-3165-42e9-acd7-ef11441d188e@group-99362A9385E5-FollowerState: change to CANDIDATE, lastRpcElapsedTime:5025747884ns, electionTimeout:5024ms
2022-02-08 13:52:37,886 [a5053940-3165-42e9-acd7-ef11441d188e@group-99362A9385E5-FollowerState] INFO  impl.RoleInfo (RoleInfo.java:shutdownFollowerState(108)) - a5053940-3165-42e9-acd7-ef11441d188e: shutdown a5053940-3165-42e9-acd7-ef11441d188e@group-99362A9385E5-FollowerState
2022-02-08 13:52:37,886 [a5053940-3165-42e9-acd7-ef11441d188e@group-99362A9385E5-FollowerState] INFO  server.RaftServer$Division (RaftServerImpl.java:setRole(290)) - a5053940-3165-42e9-acd7-ef11441d188e@group-99362A9385E5: changes role from  FOLLOWER to CANDIDATE at term 0 for changeToCandidate
2022-02-08 13:52:37,887 [a5053940-3165-42e9-acd7-ef11441d188e@group-99362A9385E5-FollowerState] INFO  server.RaftServerConfigKeys (ConfUtils.java:logGet(44)) - raft.server.leaderelection.pre-vote = false (custom)
2022-02-08 13:52:37,887 [a5053940-3165-42e9-acd7-ef11441d188e@group-99362A9385E5-FollowerState] INFO  impl.RoleInfo (RoleInfo.java:updateAndGet(130)) - a5053940-3165-42e9-acd7-ef11441d188e: start a5053940-3165-42e9-acd7-ef11441d188e@group-99362A9385E5-LeaderElection9
2022-02-08 13:52:37,898 [a5053940-3165-42e9-acd7-ef11441d188e@group-99362A9385E5-LeaderElection9] INFO  impl.LeaderElection (LeaderElection.java:askForVotes(306)) - a5053940-3165-42e9-acd7-ef11441d188e@group-99362A9385E5-LeaderElection9 ELECTION round 0: submit vote requests at term 1 for -1: [da611cd8-d6f8-40e9-9825-4d5039a9b9e1|rpc:10.1.0.34:39351|priority:1, a5053940-3165-42e9-acd7-ef11441d188e|rpc:10.1.0.34:35549|priority:0, f61a4b31-682a-41d1-a434-a20bd71c25fb|rpc:10.1.0.34:43123|priority:0], old=null
2022-02-08 13:52:37,917 [grpc-default-executor-0] INFO  server.RaftServer$Division (RaftServerImpl.java:requestVote(1046)) - da611cd8-d6f8-40e9-9825-4d5039a9b9e1@group-99362A9385E5: receive requestVote(ELECTION, a5053940-3165-42e9-acd7-ef11441d188e, group-99362A9385E5, 1, (t:0, i:0))
2022-02-08 13:52:37,917 [grpc-default-executor-0] INFO  impl.VoteContext (VoteContext.java:log(48)) - da611cd8-d6f8-40e9-9825-4d5039a9b9e1@group-99362A9385E5-FOLLOWER: reject ELECTION from a5053940-3165-42e9-acd7-ef11441d188e: our priority 1 > candidate's priority 0
2022-02-08 13:52:37,917 [grpc-default-executor-0] INFO  server.RaftServer$Division (RaftServerImpl.java:setRole(290)) - da611cd8-d6f8-40e9-9825-4d5039a9b9e1@group-99362A9385E5: changes role from  FOLLOWER to FOLLOWER at term 1 for candidate:a5053940-3165-42e9-acd7-ef11441d188e
2022-02-08 13:52:37,917 [grpc-default-executor-0] INFO  impl.RoleInfo (RoleInfo.java:shutdownFollowerState(108)) - da611cd8-d6f8-40e9-9825-4d5039a9b9e1: shutdown da611cd8-d6f8-40e9-9825-4d5039a9b9e1@group-99362A9385E5-FollowerState
2022-02-08 13:52:37,918 [grpc-default-executor-0] INFO  impl.RoleInfo (RoleInfo.java:updateAndGet(130)) - da611cd8-d6f8-40e9-9825-4d5039a9b9e1: start da611cd8-d6f8-40e9-9825-4d5039a9b9e1@group-99362A9385E5-FollowerState
2022-02-08 13:52:37,918 [da611cd8-d6f8-40e9-9825-4d5039a9b9e1@group-99362A9385E5-FollowerState] INFO  impl.FollowerState (FollowerState.java:run(143)) - da611cd8-d6f8-40e9-9825-4d5039a9b9e1@group-99362A9385E5-FollowerState was interrupted: {}
java.lang.InterruptedException: sleep interrupted
	at java.lang.Thread.sleep(Native Method)
	at java.lang.Thread.sleep(Thread.java:340)
	at java.util.concurrent.TimeUnit.sleep(TimeUnit.java:386)
	at org.apache.ratis.util.TimeDuration.sleep(TimeDuration.java:324)
	at org.apache.ratis.util.TimeDuration.sleep(TimeDuration.java:309)
	at org.apache.ratis.server.impl.FollowerState.run(FollowerState.java:118)
2022-02-08 13:52:37,928 [grpc-default-executor-0] INFO  server.RaftServer$Division (RaftServerImpl.java:requestVote(1078)) - da611cd8-d6f8-40e9-9825-4d5039a9b9e1@group-99362A9385E5 replies to ELECTION vote request: a5053940-3165-42e9-acd7-ef11441d188e<-da611cd8-d6f8-40e9-9825-4d5039a9b9e1#0:FAIL-t1. Peer's state: da611cd8-d6f8-40e9-9825-4d5039a9b9e1@group-99362A9385E5:t1, leader=null, voted=null, raftlog=da611cd8-d6f8-40e9-9825-4d5039a9b9e1@group-99362A9385E5-SegmentedRaftLog:OPENED:c-1, conf=-1: [da611cd8-d6f8-40e9-9825-4d5039a9b9e1|rpc:10.1.0.34:39351|dataStream:|priority:1, a5053940-3165-42e9-acd7-ef11441d188e|rpc:10.1.0.34:35549|dataStream:|priority:0, f61a4b31-682a-41d1-a434-a20bd71c25fb|rpc:10.1.0.34:43123|dataStream:|priority:0], old=null
2022-02-08 13:52:37,934 [a5053940-3165-42e9-acd7-ef11441d188e@group-99362A9385E5-LeaderElection9] INFO  impl.LeaderElection (LeaderElection.java:logAndReturn(89)) - a5053940-3165-42e9-acd7-ef11441d188e@group-99362A9385E5-LeaderElection9: ELECTION REJECTED received 1 response(s) and 0 exception(s):
2022-02-08 13:52:37,934 [a5053940-3165-42e9-acd7-ef11441d188e@group-99362A9385E5-LeaderElection9] INFO  impl.LeaderElection (LeaderElection.java:logAndReturn(93)) -   Response 0: a5053940-3165-42e9-acd7-ef11441d188e<-da611cd8-d6f8-40e9-9825-4d5039a9b9e1#0:FAIL-t1
2022-02-08 13:52:37,934 [a5053940-3165-42e9-acd7-ef11441d188e@group-99362A9385E5-LeaderElection9] INFO  impl.LeaderElection (LeaderElection.java:askForVotes(308)) - a5053940-3165-42e9-acd7-ef11441d188e@group-99362A9385E5-LeaderElection9 ELECTION round 0: result REJECTED
2022-02-08 13:52:37,934 [a5053940-3165-42e9-acd7-ef11441d188e@group-99362A9385E5-LeaderElection9] INFO  server.RaftServer$Division (RaftServerImpl.java:setRole(290)) - a5053940-3165-42e9-acd7-ef11441d188e@group-99362A9385E5: changes role from CANDIDATE to FOLLOWER at term 1 for REJECTED
2022-02-08 13:52:37,938 [a5053940-3165-42e9-acd7-ef11441d188e@group-99362A9385E5-LeaderElection9] INFO  impl.RoleInfo (RoleInfo.java:shutdownLeaderElection(121)) - a5053940-3165-42e9-acd7-ef11441d188e: shutdown a5053940-3165-42e9-acd7-ef11441d188e@group-99362A9385E5-LeaderElection9
2022-02-08 13:52:37,938 [a5053940-3165-42e9-acd7-ef11441d188e@group-99362A9385E5-LeaderElection9] INFO  impl.RoleInfo (RoleInfo.java:updateAndGet(130)) - a5053940-3165-42e9-acd7-ef11441d188e: start a5053940-3165-42e9-acd7-ef11441d188e@group-99362A9385E5-FollowerState
2022-02-08 13:52:37,947 [grpc-default-executor-0] INFO  server.RaftServer$Division (RaftServerImpl.java:requestVote(1046)) - f61a4b31-682a-41d1-a434-a20bd71c25fb@group-99362A9385E5: receive requestVote(ELECTION, a5053940-3165-42e9-acd7-ef11441d188e, group-99362A9385E5, 1, (t:0, i:0))
2022-02-08 13:52:37,947 [grpc-default-executor-0] INFO  impl.VoteContext (VoteContext.java:log(48)) - f61a4b31-682a-41d1-a434-a20bd71c25fb@group-99362A9385E5-FOLLOWER: accept ELECTION from a5053940-3165-42e9-acd7-ef11441d188e: our priority 0 <= candidate's priority 0
2022-02-08 13:52:37,947 [grpc-default-executor-0] INFO  server.RaftServer$Division (RaftServerImpl.java:setRole(290)) - f61a4b31-682a-41d1-a434-a20bd71c25fb@group-99362A9385E5: changes role from  FOLLOWER to FOLLOWER at term 1 for candidate:a5053940-3165-42e9-acd7-ef11441d188e
2022-02-08 13:52:37,948 [grpc-default-executor-0] INFO  impl.RoleInfo (RoleInfo.java:shutdownFollowerState(108)) - f61a4b31-682a-41d1-a434-a20bd71c25fb: shutdown f61a4b31-682a-41d1-a434-a20bd71c25fb@group-99362A9385E5-FollowerState
2022-02-08 13:52:37,948 [grpc-default-executor-0] INFO  impl.RoleInfo (RoleInfo.java:updateAndGet(130)) - f61a4b31-682a-41d1-a434-a20bd71c25fb: start f61a4b31-682a-41d1-a434-a20bd71c25fb@group-99362A9385E5-FollowerState
2022-02-08 13:52:37,948 [f61a4b31-682a-41d1-a434-a20bd71c25fb@group-99362A9385E5-FollowerState] INFO  impl.FollowerState (FollowerState.java:run(143)) - f61a4b31-682a-41d1-a434-a20bd71c25fb@group-99362A9385E5-FollowerState was interrupted: {}
java.lang.InterruptedException: sleep interrupted
	at java.lang.Thread.sleep(Native Method)
	at java.lang.Thread.sleep(Thread.java:340)
	at java.util.concurrent.TimeUnit.sleep(TimeUnit.java:386)
	at org.apache.ratis.util.TimeDuration.sleep(TimeDuration.java:324)
	at org.apache.ratis.util.TimeDuration.sleep(TimeDuration.java:309)
	at org.apache.ratis.server.impl.FollowerState.run(FollowerState.java:118)
2022-02-08 13:52:37,954 [grpc-default-executor-0] INFO  server.RaftServer$Division (RaftServerImpl.java:requestVote(1078)) - f61a4b31-682a-41d1-a434-a20bd71c25fb@group-99362A9385E5 replies to ELECTION vote request: a5053940-3165-42e9-acd7-ef11441d188e<-f61a4b31-682a-41d1-a434-a20bd71c25fb#0:OK-t1. Peer's state: f61a4b31-682a-41d1-a434-a20bd71c25fb@group-99362A9385E5:t1, leader=null, voted=a5053940-3165-42e9-acd7-ef11441d188e, raftlog=f61a4b31-682a-41d1-a434-a20bd71c25fb@group-99362A9385E5-SegmentedRaftLog:OPENED:c-1, conf=-1: [da611cd8-d6f8-40e9-9825-4d5039a9b9e1|rpc:10.1.0.34:39351|dataStream:|priority:1, a5053940-3165-42e9-acd7-ef11441d188e|rpc:10.1.0.34:35549|dataStream:|priority:0, f61a4b31-682a-41d1-a434-a20bd71c25fb|rpc:10.1.0.34:43123|dataStream:|priority:0], old=null
2022-02-08 13:52:38,089 [Listener at 127.0.0.1/36213] INFO  rpc.RpcClient (RpcClient.java:createVolume(399)) - Creating Volume: watchforcommithandlingtest, with runner as owner and space quota set to -1 bytes, counts quota set to -1
2022-02-08 13:52:38,129 [da611cd8-d6f8-40e9-9825-4d5039a9b9e1@group-05807F1AFB9A-FollowerState] INFO  impl.FollowerState (FollowerState.java:run(134)) - da611cd8-d6f8-40e9-9825-4d5039a9b9e1@group-05807F1AFB9A-FollowerState: change to CANDIDATE, lastRpcElapsedTime:5096108930ns, electionTimeout:5094ms
2022-02-08 13:52:38,130 [da611cd8-d6f8-40e9-9825-4d5039a9b9e1@group-05807F1AFB9A-FollowerState] INFO  impl.RoleInfo (RoleInfo.java:shutdownFollowerState(108)) - da611cd8-d6f8-40e9-9825-4d5039a9b9e1: shutdown da611cd8-d6f8-40e9-9825-4d5039a9b9e1@group-05807F1AFB9A-FollowerState
2022-02-08 13:52:38,130 [da611cd8-d6f8-40e9-9825-4d5039a9b9e1@group-05807F1AFB9A-FollowerState] INFO  server.RaftServer$Division (RaftServerImpl.java:setRole(290)) - da611cd8-d6f8-40e9-9825-4d5039a9b9e1@group-05807F1AFB9A: changes role from  FOLLOWER to CANDIDATE at term 0 for changeToCandidate
2022-02-08 13:52:38,131 [da611cd8-d6f8-40e9-9825-4d5039a9b9e1@group-05807F1AFB9A-FollowerState] INFO  server.RaftServerConfigKeys (ConfUtils.java:logGet(44)) - raft.server.leaderelection.pre-vote = false (custom)
2022-02-08 13:52:38,131 [da611cd8-d6f8-40e9-9825-4d5039a9b9e1@group-05807F1AFB9A-FollowerState] INFO  impl.RoleInfo (RoleInfo.java:updateAndGet(130)) - da611cd8-d6f8-40e9-9825-4d5039a9b9e1: start da611cd8-d6f8-40e9-9825-4d5039a9b9e1@group-05807F1AFB9A-LeaderElection10
2022-02-08 13:52:38,144 [da611cd8-d6f8-40e9-9825-4d5039a9b9e1@group-05807F1AFB9A-LeaderElection10] INFO  impl.LeaderElection (LeaderElection.java:askForVotes(306)) - da611cd8-d6f8-40e9-9825-4d5039a9b9e1@group-05807F1AFB9A-LeaderElection10 ELECTION round 0: submit vote requests at term 1 for -1: [da611cd8-d6f8-40e9-9825-4d5039a9b9e1|rpc:10.1.0.34:39351|priority:1], old=null
2022-02-08 13:52:38,144 [da611cd8-d6f8-40e9-9825-4d5039a9b9e1@group-05807F1AFB9A-LeaderElection10] INFO  impl.LeaderElection (LeaderElection.java:askForVotes(308)) - da611cd8-d6f8-40e9-9825-4d5039a9b9e1@group-05807F1AFB9A-LeaderElection10 ELECTION round 0: result PASSED (term=1)
2022-02-08 13:52:38,144 [da611cd8-d6f8-40e9-9825-4d5039a9b9e1@group-05807F1AFB9A-LeaderElection10] INFO  impl.RoleInfo (RoleInfo.java:shutdownLeaderElection(121)) - da611cd8-d6f8-40e9-9825-4d5039a9b9e1: shutdown da611cd8-d6f8-40e9-9825-4d5039a9b9e1@group-05807F1AFB9A-LeaderElection10
2022-02-08 13:52:38,144 [da611cd8-d6f8-40e9-9825-4d5039a9b9e1@group-05807F1AFB9A-LeaderElection10] INFO  server.RaftServer$Division (RaftServerImpl.java:setRole(290)) - da611cd8-d6f8-40e9-9825-4d5039a9b9e1@group-05807F1AFB9A: changes role from CANDIDATE to LEADER at term 1 for changeToLeader
2022-02-08 13:52:38,144 [da611cd8-d6f8-40e9-9825-4d5039a9b9e1@group-05807F1AFB9A-LeaderElection10] INFO  ratis.XceiverServerRatis (XceiverServerRatis.java:handleLeaderChangedNotification(866)) - Leader change notification received for group: group-05807F1AFB9A with new leaderId: da611cd8-d6f8-40e9-9825-4d5039a9b9e1
2022-02-08 13:52:38,144 [da611cd8-d6f8-40e9-9825-4d5039a9b9e1@group-05807F1AFB9A-LeaderElection10] INFO  server.RaftServer$Division (ServerState.java:setLeader(285)) - da611cd8-d6f8-40e9-9825-4d5039a9b9e1@group-05807F1AFB9A: change Leader from null to da611cd8-d6f8-40e9-9825-4d5039a9b9e1 at term 1 for becomeLeader, leader elected after 5202ms
2022-02-08 13:52:38,144 [da611cd8-d6f8-40e9-9825-4d5039a9b9e1@group-05807F1AFB9A-LeaderElection10] INFO  server.RaftServerConfigKeys (ConfUtils.java:logGet(44)) - raft.server.staging.catchup.gap = 1000 (default)
2022-02-08 13:52:38,144 [da611cd8-d6f8-40e9-9825-4d5039a9b9e1@group-05807F1AFB9A-LeaderElection10] INFO  server.RaftServerConfigKeys (ConfUtils.java:logGet(44)) - raft.server.write.element-limit = 1024 (custom)
2022-02-08 13:52:38,145 [da611cd8-d6f8-40e9-9825-4d5039a9b9e1@group-05807F1AFB9A-LeaderElection10] INFO  server.RaftServerConfigKeys (ConfUtils.java:logGet(44)) - raft.server.write.byte-limit = 1024 M (=1073741824) (custom)
2022-02-08 13:52:38,145 [da611cd8-d6f8-40e9-9825-4d5039a9b9e1@group-05807F1AFB9A-LeaderElection10] INFO  server.RaftServerConfigKeys (ConfUtils.java:logGet(44)) - raft.server.watch.timeout = 3000ms (custom)
2022-02-08 13:52:38,145 [da611cd8-d6f8-40e9-9825-4d5039a9b9e1@group-05807F1AFB9A-LeaderElection10] INFO  server.RaftServerConfigKeys (ConfUtils.java:logGet(44)) - raft.server.watch.timeout.denomination = 1s (default)
2022-02-08 13:52:38,145 [da611cd8-d6f8-40e9-9825-4d5039a9b9e1@group-05807F1AFB9A-LeaderElection10] INFO  server.RaftServerConfigKeys (ConfUtils.java:logGet(44)) - raft.server.watch.element-limit = 65536 (default)
2022-02-08 13:52:38,145 [da611cd8-d6f8-40e9-9825-4d5039a9b9e1@group-05807F1AFB9A-LeaderElection10] INFO  server.RaftServerConfigKeys (ConfUtils.java:logGet(44)) - raft.server.write.element-limit = 1024 (custom)
2022-02-08 13:52:38,145 [da611cd8-d6f8-40e9-9825-4d5039a9b9e1@group-05807F1AFB9A-LeaderElection10] INFO  server.RaftServerConfigKeys (ConfUtils.java:logGet(44)) - raft.server.write.follower.gap.ratio.max = -1.0 (default)
2022-02-08 13:52:38,145 [da611cd8-d6f8-40e9-9825-4d5039a9b9e1@group-05807F1AFB9A-LeaderElection10] INFO  impl.RoleInfo (RoleInfo.java:updateAndGet(130)) - da611cd8-d6f8-40e9-9825-4d5039a9b9e1: start da611cd8-d6f8-40e9-9825-4d5039a9b9e1@group-05807F1AFB9A-LeaderStateImpl
2022-02-08 13:52:38,146 [da611cd8-d6f8-40e9-9825-4d5039a9b9e1@group-05807F1AFB9A-LeaderElection10] INFO  segmented.SegmentedRaftLogWorker (SegmentedRaftLogWorker.java:startLogSegment(394)) - da611cd8-d6f8-40e9-9825-4d5039a9b9e1@group-05807F1AFB9A-SegmentedRaftLogWorker: Starting segment from index:0
2022-02-08 13:52:38,147 [da611cd8-d6f8-40e9-9825-4d5039a9b9e1@group-05807F1AFB9A-SegmentedRaftLogWorker] INFO  segmented.SegmentedRaftLogWorker (SegmentedRaftLogWorker.java:execute(601)) - da611cd8-d6f8-40e9-9825-4d5039a9b9e1@group-05807F1AFB9A-SegmentedRaftLogWorker: created new log segment /home/runner/work/ozone/ozone/hadoop-ozone/integration-test/target/test-dir/MiniOzoneClusterImpl-44b62ea4-a9d0-4540-a736-82fb29945a00/datanode-4/data/ratis/2dd21e55-0995-494b-87e3-05807f1afb9a/current/log_inprogress_0
2022-02-08 13:52:38,159 [da611cd8-d6f8-40e9-9825-4d5039a9b9e1@group-05807F1AFB9A-LeaderElection10] INFO  server.RaftServer$Division (ServerState.java:setRaftConf(387)) - da611cd8-d6f8-40e9-9825-4d5039a9b9e1@group-05807F1AFB9A: set configuration 0: [da611cd8-d6f8-40e9-9825-4d5039a9b9e1|rpc:10.1.0.34:39351|dataStream:|priority:1], old=null
2022-02-08 13:52:38,236 [f61a4b31-682a-41d1-a434-a20bd71c25fb@group-3EFC0426B04C-FollowerState] INFO  impl.FollowerState (FollowerState.java:run(134)) - f61a4b31-682a-41d1-a434-a20bd71c25fb@group-3EFC0426B04C-FollowerState: change to CANDIDATE, lastRpcElapsedTime:5024023698ns, electionTimeout:5023ms
2022-02-08 13:52:38,236 [f61a4b31-682a-41d1-a434-a20bd71c25fb@group-3EFC0426B04C-FollowerState] INFO  impl.RoleInfo (RoleInfo.java:shutdownFollowerState(108)) - f61a4b31-682a-41d1-a434-a20bd71c25fb: shutdown f61a4b31-682a-41d1-a434-a20bd71c25fb@group-3EFC0426B04C-FollowerState
2022-02-08 13:52:38,236 [f61a4b31-682a-41d1-a434-a20bd71c25fb@group-3EFC0426B04C-FollowerState] INFO  server.RaftServer$Division (RaftServerImpl.java:setRole(290)) - f61a4b31-682a-41d1-a434-a20bd71c25fb@group-3EFC0426B04C: changes role from  FOLLOWER to CANDIDATE at term 0 for changeToCandidate
2022-02-08 13:52:38,238 [f61a4b31-682a-41d1-a434-a20bd71c25fb@group-3EFC0426B04C-FollowerState] INFO  server.RaftServerConfigKeys (ConfUtils.java:logGet(44)) - raft.server.leaderelection.pre-vote = false (custom)
2022-02-08 13:52:38,238 [f61a4b31-682a-41d1-a434-a20bd71c25fb@group-3EFC0426B04C-FollowerState] INFO  impl.RoleInfo (RoleInfo.java:updateAndGet(130)) - f61a4b31-682a-41d1-a434-a20bd71c25fb: start f61a4b31-682a-41d1-a434-a20bd71c25fb@group-3EFC0426B04C-LeaderElection11
2022-02-08 13:52:38,252 [f61a4b31-682a-41d1-a434-a20bd71c25fb@group-3EFC0426B04C-LeaderElection11] INFO  impl.LeaderElection (LeaderElection.java:askForVotes(306)) - f61a4b31-682a-41d1-a434-a20bd71c25fb@group-3EFC0426B04C-LeaderElection11 ELECTION round 0: submit vote requests at term 1 for -1: [f61a4b31-682a-41d1-a434-a20bd71c25fb|rpc:10.1.0.34:43123|priority:1], old=null
2022-02-08 13:52:38,252 [f61a4b31-682a-41d1-a434-a20bd71c25fb@group-3EFC0426B04C-LeaderElection11] INFO  impl.LeaderElection (LeaderElection.java:askForVotes(308)) - f61a4b31-682a-41d1-a434-a20bd71c25fb@group-3EFC0426B04C-LeaderElection11 ELECTION round 0: result PASSED (term=1)
2022-02-08 13:52:38,252 [f61a4b31-682a-41d1-a434-a20bd71c25fb@group-3EFC0426B04C-LeaderElection11] INFO  impl.RoleInfo (RoleInfo.java:shutdownLeaderElection(121)) - f61a4b31-682a-41d1-a434-a20bd71c25fb: shutdown f61a4b31-682a-41d1-a434-a20bd71c25fb@group-3EFC0426B04C-LeaderElection11
2022-02-08 13:52:38,253 [f61a4b31-682a-41d1-a434-a20bd71c25fb@group-3EFC0426B04C-LeaderElection11] INFO  server.RaftServer$Division (RaftServerImpl.java:setRole(290)) - f61a4b31-682a-41d1-a434-a20bd71c25fb@group-3EFC0426B04C: changes role from CANDIDATE to LEADER at term 1 for changeToLeader
2022-02-08 13:52:38,253 [f61a4b31-682a-41d1-a434-a20bd71c25fb@group-3EFC0426B04C-LeaderElection11] INFO  ratis.XceiverServerRatis (XceiverServerRatis.java:handleLeaderChangedNotification(866)) - Leader change notification received for group: group-3EFC0426B04C with new leaderId: f61a4b31-682a-41d1-a434-a20bd71c25fb
2022-02-08 13:52:38,253 [f61a4b31-682a-41d1-a434-a20bd71c25fb@group-3EFC0426B04C-LeaderElection11] INFO  server.RaftServer$Division (ServerState.java:setLeader(285)) - f61a4b31-682a-41d1-a434-a20bd71c25fb@group-3EFC0426B04C: change Leader from null to f61a4b31-682a-41d1-a434-a20bd71c25fb at term 1 for becomeLeader, leader elected after 5052ms
2022-02-08 13:52:38,253 [f61a4b31-682a-41d1-a434-a20bd71c25fb@group-3EFC0426B04C-LeaderElection11] INFO  server.RaftServerConfigKeys (ConfUtils.java:logGet(44)) - raft.server.staging.catchup.gap = 1000 (default)
2022-02-08 13:52:38,253 [f61a4b31-682a-41d1-a434-a20bd71c25fb@group-3EFC0426B04C-LeaderElection11] INFO  server.RaftServerConfigKeys (ConfUtils.java:logGet(44)) - raft.server.write.element-limit = 1024 (custom)
2022-02-08 13:52:38,253 [f61a4b31-682a-41d1-a434-a20bd71c25fb@group-3EFC0426B04C-LeaderElection11] INFO  server.RaftServerConfigKeys (ConfUtils.java:logGet(44)) - raft.server.write.byte-limit = 1024 M (=1073741824) (custom)
2022-02-08 13:52:38,265 [f61a4b31-682a-41d1-a434-a20bd71c25fb@group-3EFC0426B04C-LeaderElection11] INFO  server.RaftServerConfigKeys (ConfUtils.java:logGet(44)) - raft.server.watch.timeout = 3000ms (custom)
2022-02-08 13:52:38,266 [f61a4b31-682a-41d1-a434-a20bd71c25fb@group-3EFC0426B04C-LeaderElection11] INFO  server.RaftServerConfigKeys (ConfUtils.java:logGet(44)) - raft.server.watch.timeout.denomination = 1s (default)
2022-02-08 13:52:38,266 [f61a4b31-682a-41d1-a434-a20bd71c25fb@group-3EFC0426B04C-LeaderElection11] INFO  server.RaftServerConfigKeys (ConfUtils.java:logGet(44)) - raft.server.watch.element-limit = 65536 (default)
2022-02-08 13:52:38,266 [f61a4b31-682a-41d1-a434-a20bd71c25fb@group-3EFC0426B04C-LeaderElection11] INFO  server.RaftServerConfigKeys (ConfUtils.java:logGet(44)) - raft.server.write.element-limit = 1024 (custom)
2022-02-08 13:52:38,266 [f61a4b31-682a-41d1-a434-a20bd71c25fb@group-3EFC0426B04C-LeaderElection11] INFO  server.RaftServerConfigKeys (ConfUtils.java:logGet(44)) - raft.server.write.follower.gap.ratio.max = -1.0 (default)
2022-02-08 13:52:38,266 [f61a4b31-682a-41d1-a434-a20bd71c25fb@group-3EFC0426B04C-LeaderElection11] INFO  impl.RoleInfo (RoleInfo.java:updateAndGet(130)) - f61a4b31-682a-41d1-a434-a20bd71c25fb: start f61a4b31-682a-41d1-a434-a20bd71c25fb@group-3EFC0426B04C-LeaderStateImpl
2022-02-08 13:52:38,266 [f61a4b31-682a-41d1-a434-a20bd71c25fb@group-3EFC0426B04C-LeaderElection11] INFO  segmented.SegmentedRaftLogWorker (SegmentedRaftLogWorker.java:startLogSegment(394)) - f61a4b31-682a-41d1-a434-a20bd71c25fb@group-3EFC0426B04C-SegmentedRaftLogWorker: Starting segment from index:0
2022-02-08 13:52:38,271 [f61a4b31-682a-41d1-a434-a20bd71c25fb@group-3EFC0426B04C-SegmentedRaftLogWorker] INFO  segmented.SegmentedRaftLogWorker (SegmentedRaftLogWorker.java:execute(601)) - f61a4b31-682a-41d1-a434-a20bd71c25fb@group-3EFC0426B04C-SegmentedRaftLogWorker: created new log segment /home/runner/work/ozone/ozone/hadoop-ozone/integration-test/target/test-dir/MiniOzoneClusterImpl-44b62ea4-a9d0-4540-a736-82fb29945a00/datanode-5/data/ratis/76856bf5-1ed6-4d95-ad34-3efc0426b04c/current/log_inprogress_0
2022-02-08 13:52:38,278 [f61a4b31-682a-41d1-a434-a20bd71c25fb@group-3EFC0426B04C-LeaderElection11] INFO  server.RaftServer$Division (ServerState.java:setRaftConf(387)) - f61a4b31-682a-41d1-a434-a20bd71c25fb@group-3EFC0426B04C: set configuration 0: [f61a4b31-682a-41d1-a434-a20bd71c25fb|rpc:10.1.0.34:43123|dataStream:|priority:1], old=null
2022-02-08 13:52:38,353 [OM StateMachine ApplyTransaction Thread - 0] INFO  volume.OMVolumeCreateRequest (OMVolumeCreateRequest.java:validateAndUpdateCache(195)) - created volume:watchforcommithandlingtest for user:runner
2022-02-08 13:52:38,395 [Listener at 127.0.0.1/36213] INFO  rpc.RpcClient (RpcClient.java:createBucket(562)) - Creating Bucket: watchforcommithandlingtest/watchforcommithandlingtest, with runner as owner and Versioning false and Storage Type set to DISK and Encryption set to false 
2022-02-08 13:52:38,439 [Listener at 127.0.0.1/36213] INFO  ozone.MiniOzoneClusterImpl (MiniOzoneClusterImpl.java:getStorageContainerLocationClient(330)) - Creating StorageContainerLocationProtocol RPC client with address /0.0.0.0:36263
2022-02-08 13:52:38,440 [a7553d9d-67d8-423e-ad9b-7e30726581c7@group-5DDB25827537-FollowerState] INFO  impl.FollowerState (FollowerState.java:run(134)) - a7553d9d-67d8-423e-ad9b-7e30726581c7@group-5DDB25827537-FollowerState: change to CANDIDATE, lastRpcElapsedTime:5015852516ns, electionTimeout:5015ms
2022-02-08 13:52:38,440 [a7553d9d-67d8-423e-ad9b-7e30726581c7@group-5DDB25827537-FollowerState] INFO  impl.RoleInfo (RoleInfo.java:shutdownFollowerState(108)) - a7553d9d-67d8-423e-ad9b-7e30726581c7: shutdown a7553d9d-67d8-423e-ad9b-7e30726581c7@group-5DDB25827537-FollowerState
2022-02-08 13:52:38,440 [a7553d9d-67d8-423e-ad9b-7e30726581c7@group-5DDB25827537-FollowerState] INFO  server.RaftServer$Division (RaftServerImpl.java:setRole(290)) - a7553d9d-67d8-423e-ad9b-7e30726581c7@group-5DDB25827537: changes role from  FOLLOWER to CANDIDATE at term 0 for changeToCandidate
2022-02-08 13:52:38,454 [a7553d9d-67d8-423e-ad9b-7e30726581c7@group-5DDB25827537-FollowerState] INFO  server.RaftServerConfigKeys (ConfUtils.java:logGet(44)) - raft.server.leaderelection.pre-vote = false (custom)
2022-02-08 13:52:38,454 [a7553d9d-67d8-423e-ad9b-7e30726581c7@group-5DDB25827537-FollowerState] INFO  impl.RoleInfo (RoleInfo.java:updateAndGet(130)) - a7553d9d-67d8-423e-ad9b-7e30726581c7: start a7553d9d-67d8-423e-ad9b-7e30726581c7@group-5DDB25827537-LeaderElection12
2022-02-08 13:52:38,476 [a7553d9d-67d8-423e-ad9b-7e30726581c7@group-5DDB25827537-LeaderElection12] INFO  impl.LeaderElection (LeaderElection.java:askForVotes(306)) - a7553d9d-67d8-423e-ad9b-7e30726581c7@group-5DDB25827537-LeaderElection12 ELECTION round 0: submit vote requests at term 1 for -1: [a7553d9d-67d8-423e-ad9b-7e30726581c7|rpc:10.1.0.34:32871|priority:1], old=null
2022-02-08 13:52:38,476 [a7553d9d-67d8-423e-ad9b-7e30726581c7@group-5DDB25827537-LeaderElection12] INFO  impl.LeaderElection (LeaderElection.java:askForVotes(308)) - a7553d9d-67d8-423e-ad9b-7e30726581c7@group-5DDB25827537-LeaderElection12 ELECTION round 0: result PASSED (term=1)
2022-02-08 13:52:38,476 [a7553d9d-67d8-423e-ad9b-7e30726581c7@group-5DDB25827537-LeaderElection12] INFO  impl.RoleInfo (RoleInfo.java:shutdownLeaderElection(121)) - a7553d9d-67d8-423e-ad9b-7e30726581c7: shutdown a7553d9d-67d8-423e-ad9b-7e30726581c7@group-5DDB25827537-LeaderElection12
2022-02-08 13:52:38,476 [a7553d9d-67d8-423e-ad9b-7e30726581c7@group-5DDB25827537-LeaderElection12] INFO  server.RaftServer$Division (RaftServerImpl.java:setRole(290)) - a7553d9d-67d8-423e-ad9b-7e30726581c7@group-5DDB25827537: changes role from CANDIDATE to LEADER at term 1 for changeToLeader
2022-02-08 13:52:38,476 [a7553d9d-67d8-423e-ad9b-7e30726581c7@group-5DDB25827537-LeaderElection12] INFO  ratis.XceiverServerRatis (XceiverServerRatis.java:handleLeaderChangedNotification(866)) - Leader change notification received for group: group-5DDB25827537 with new leaderId: a7553d9d-67d8-423e-ad9b-7e30726581c7
2022-02-08 13:52:38,477 [a7553d9d-67d8-423e-ad9b-7e30726581c7@group-5DDB25827537-LeaderElection12] INFO  server.RaftServer$Division (ServerState.java:setLeader(285)) - a7553d9d-67d8-423e-ad9b-7e30726581c7@group-5DDB25827537: change Leader from null to a7553d9d-67d8-423e-ad9b-7e30726581c7 at term 1 for becomeLeader, leader elected after 5064ms
2022-02-08 13:52:38,477 [a7553d9d-67d8-423e-ad9b-7e30726581c7@group-5DDB25827537-LeaderElection12] INFO  server.RaftServerConfigKeys (ConfUtils.java:logGet(44)) - raft.server.staging.catchup.gap = 1000 (default)
2022-02-08 13:52:38,477 [a7553d9d-67d8-423e-ad9b-7e30726581c7@group-5DDB25827537-LeaderElection12] INFO  server.RaftServerConfigKeys (ConfUtils.java:logGet(44)) - raft.server.write.element-limit = 1024 (custom)
2022-02-08 13:52:38,477 [a7553d9d-67d8-423e-ad9b-7e30726581c7@group-5DDB25827537-LeaderElection12] INFO  server.RaftServerConfigKeys (ConfUtils.java:logGet(44)) - raft.server.write.byte-limit = 1024 M (=1073741824) (custom)
2022-02-08 13:52:38,479 [a7553d9d-67d8-423e-ad9b-7e30726581c7@group-5DDB25827537-LeaderElection12] INFO  server.RaftServerConfigKeys (ConfUtils.java:logGet(44)) - raft.server.watch.timeout = 3000ms (custom)
2022-02-08 13:52:38,479 [a7553d9d-67d8-423e-ad9b-7e30726581c7@group-5DDB25827537-LeaderElection12] INFO  server.RaftServerConfigKeys (ConfUtils.java:logGet(44)) - raft.server.watch.timeout.denomination = 1s (default)
2022-02-08 13:52:38,479 [a7553d9d-67d8-423e-ad9b-7e30726581c7@group-5DDB25827537-LeaderElection12] INFO  server.RaftServerConfigKeys (ConfUtils.java:logGet(44)) - raft.server.watch.element-limit = 65536 (default)
2022-02-08 13:52:38,479 [a7553d9d-67d8-423e-ad9b-7e30726581c7@group-5DDB25827537-LeaderElection12] INFO  server.RaftServerConfigKeys (ConfUtils.java:logGet(44)) - raft.server.write.element-limit = 1024 (custom)
2022-02-08 13:52:38,480 [a7553d9d-67d8-423e-ad9b-7e30726581c7@group-5DDB25827537-LeaderElection12] INFO  server.RaftServerConfigKeys (ConfUtils.java:logGet(44)) - raft.server.write.follower.gap.ratio.max = -1.0 (default)
2022-02-08 13:52:38,481 [a7553d9d-67d8-423e-ad9b-7e30726581c7@group-5DDB25827537-LeaderElection12] INFO  impl.RoleInfo (RoleInfo.java:updateAndGet(130)) - a7553d9d-67d8-423e-ad9b-7e30726581c7: start a7553d9d-67d8-423e-ad9b-7e30726581c7@group-5DDB25827537-LeaderStateImpl
2022-02-08 13:52:38,482 [a7553d9d-67d8-423e-ad9b-7e30726581c7@group-5DDB25827537-LeaderElection12] INFO  segmented.SegmentedRaftLogWorker (SegmentedRaftLogWorker.java:startLogSegment(394)) - a7553d9d-67d8-423e-ad9b-7e30726581c7@group-5DDB25827537-SegmentedRaftLogWorker: Starting segment from index:0
2022-02-08 13:52:38,483 [a7553d9d-67d8-423e-ad9b-7e30726581c7@group-5DDB25827537-SegmentedRaftLogWorker] INFO  segmented.SegmentedRaftLogWorker (SegmentedRaftLogWorker.java:execute(601)) - a7553d9d-67d8-423e-ad9b-7e30726581c7@group-5DDB25827537-SegmentedRaftLogWorker: created new log segment /home/runner/work/ozone/ozone/hadoop-ozone/integration-test/target/test-dir/MiniOzoneClusterImpl-44b62ea4-a9d0-4540-a736-82fb29945a00/datanode-6/data/ratis/a490a9aa-9c69-42eb-a390-5ddb25827537/current/log_inprogress_0
2022-02-08 13:52:38,501 [a7553d9d-67d8-423e-ad9b-7e30726581c7@group-5DDB25827537-LeaderElection12] INFO  server.RaftServer$Division (ServerState.java:setRaftConf(387)) - a7553d9d-67d8-423e-ad9b-7e30726581c7@group-5DDB25827537: set configuration 0: [a7553d9d-67d8-423e-ad9b-7e30726581c7|rpc:10.1.0.34:32871|dataStream:|priority:1], old=null
2022-02-08 13:52:38,546 [db4f20b8-0dce-4a7c-897b-5d9165b059cf@group-6046E76B0741-FollowerState] INFO  impl.FollowerState (FollowerState.java:run(134)) - db4f20b8-0dce-4a7c-897b-5d9165b059cf@group-6046E76B0741-FollowerState: change to CANDIDATE, lastRpcElapsedTime:5047176961ns, electionTimeout:5044ms
2022-02-08 13:52:38,546 [db4f20b8-0dce-4a7c-897b-5d9165b059cf@group-6046E76B0741-FollowerState] INFO  impl.RoleInfo (RoleInfo.java:shutdownFollowerState(108)) - db4f20b8-0dce-4a7c-897b-5d9165b059cf: shutdown db4f20b8-0dce-4a7c-897b-5d9165b059cf@group-6046E76B0741-FollowerState
2022-02-08 13:52:38,546 [db4f20b8-0dce-4a7c-897b-5d9165b059cf@group-6046E76B0741-FollowerState] INFO  server.RaftServer$Division (RaftServerImpl.java:setRole(290)) - db4f20b8-0dce-4a7c-897b-5d9165b059cf@group-6046E76B0741: changes role from  FOLLOWER to CANDIDATE at term 0 for changeToCandidate
2022-02-08 13:52:38,554 [a7553d9d-67d8-423e-ad9b-7e30726581c7@group-6046E76B0741-FollowerState] INFO  impl.FollowerState (FollowerState.java:run(134)) - a7553d9d-67d8-423e-ad9b-7e30726581c7@group-6046E76B0741-FollowerState: change to CANDIDATE, lastRpcElapsedTime:5117201597ns, electionTimeout:5116ms
2022-02-08 13:52:38,554 [a7553d9d-67d8-423e-ad9b-7e30726581c7@group-6046E76B0741-FollowerState] INFO  impl.RoleInfo (RoleInfo.java:shutdownFollowerState(108)) - a7553d9d-67d8-423e-ad9b-7e30726581c7: shutdown a7553d9d-67d8-423e-ad9b-7e30726581c7@group-6046E76B0741-FollowerState
2022-02-08 13:52:38,554 [a7553d9d-67d8-423e-ad9b-7e30726581c7@group-6046E76B0741-FollowerState] INFO  server.RaftServer$Division (RaftServerImpl.java:setRole(290)) - a7553d9d-67d8-423e-ad9b-7e30726581c7@group-6046E76B0741: changes role from  FOLLOWER to CANDIDATE at term 0 for changeToCandidate
2022-02-08 13:52:38,555 [a7553d9d-67d8-423e-ad9b-7e30726581c7@group-6046E76B0741-FollowerState] INFO  server.RaftServerConfigKeys (ConfUtils.java:logGet(44)) - raft.server.leaderelection.pre-vote = false (custom)
2022-02-08 13:52:38,555 [a7553d9d-67d8-423e-ad9b-7e30726581c7@group-6046E76B0741-FollowerState] INFO  impl.RoleInfo (RoleInfo.java:updateAndGet(130)) - a7553d9d-67d8-423e-ad9b-7e30726581c7: start a7553d9d-67d8-423e-ad9b-7e30726581c7@group-6046E76B0741-LeaderElection14
2022-02-08 13:52:38,555 [db4f20b8-0dce-4a7c-897b-5d9165b059cf@group-6046E76B0741-FollowerState] INFO  server.RaftServerConfigKeys (ConfUtils.java:logGet(44)) - raft.server.leaderelection.pre-vote = false (custom)
2022-02-08 13:52:38,555 [db4f20b8-0dce-4a7c-897b-5d9165b059cf@group-6046E76B0741-FollowerState] INFO  impl.RoleInfo (RoleInfo.java:updateAndGet(130)) - db4f20b8-0dce-4a7c-897b-5d9165b059cf: start db4f20b8-0dce-4a7c-897b-5d9165b059cf@group-6046E76B0741-LeaderElection13
2022-02-08 13:52:38,577 [a7553d9d-67d8-423e-ad9b-7e30726581c7@group-6046E76B0741-LeaderElection14] INFO  impl.LeaderElection (LeaderElection.java:askForVotes(306)) - a7553d9d-67d8-423e-ad9b-7e30726581c7@group-6046E76B0741-LeaderElection14 ELECTION round 0: submit vote requests at term 1 for -1: [a7553d9d-67d8-423e-ad9b-7e30726581c7|rpc:10.1.0.34:32871|priority:0, 5f9aa48b-2f61-4154-bb84-50a0aaf99a3b|rpc:10.1.0.34:40765|priority:0, db4f20b8-0dce-4a7c-897b-5d9165b059cf|rpc:10.1.0.34:43059|priority:1], old=null
2022-02-08 13:52:38,583 [db4f20b8-0dce-4a7c-897b-5d9165b059cf@group-6046E76B0741-LeaderElection13] INFO  impl.LeaderElection (LeaderElection.java:askForVotes(306)) - db4f20b8-0dce-4a7c-897b-5d9165b059cf@group-6046E76B0741-LeaderElection13 ELECTION round 0: submit vote requests at term 1 for -1: [a7553d9d-67d8-423e-ad9b-7e30726581c7|rpc:10.1.0.34:32871|dataStream:|priority:0, 5f9aa48b-2f61-4154-bb84-50a0aaf99a3b|rpc:10.1.0.34:40765|dataStream:|priority:0, db4f20b8-0dce-4a7c-897b-5d9165b059cf|rpc:10.1.0.34:43059|dataStream:|priority:1], old=null
2022-02-08 13:52:38,593 [grpc-default-executor-1] INFO  server.RaftServer$Division (RaftServerImpl.java:requestVote(1046)) - 5f9aa48b-2f61-4154-bb84-50a0aaf99a3b@group-6046E76B0741: receive requestVote(ELECTION, a7553d9d-67d8-423e-ad9b-7e30726581c7, group-6046E76B0741, 1, (t:0, i:0))
2022-02-08 13:52:38,593 [grpc-default-executor-1] INFO  impl.VoteContext (VoteContext.java:log(48)) - 5f9aa48b-2f61-4154-bb84-50a0aaf99a3b@group-6046E76B0741-FOLLOWER: accept ELECTION from a7553d9d-67d8-423e-ad9b-7e30726581c7: our priority 0 <= candidate's priority 0
2022-02-08 13:52:38,593 [grpc-default-executor-1] INFO  server.RaftServer$Division (RaftServerImpl.java:setRole(290)) - 5f9aa48b-2f61-4154-bb84-50a0aaf99a3b@group-6046E76B0741: changes role from  FOLLOWER to FOLLOWER at term 1 for candidate:a7553d9d-67d8-423e-ad9b-7e30726581c7
2022-02-08 13:52:38,593 [grpc-default-executor-1] INFO  impl.RoleInfo (RoleInfo.java:shutdownFollowerState(108)) - 5f9aa48b-2f61-4154-bb84-50a0aaf99a3b: shutdown 5f9aa48b-2f61-4154-bb84-50a0aaf99a3b@group-6046E76B0741-FollowerState
2022-02-08 13:52:38,593 [grpc-default-executor-1] INFO  impl.RoleInfo (RoleInfo.java:updateAndGet(130)) - 5f9aa48b-2f61-4154-bb84-50a0aaf99a3b: start 5f9aa48b-2f61-4154-bb84-50a0aaf99a3b@group-6046E76B0741-FollowerState
2022-02-08 13:52:38,593 [5f9aa48b-2f61-4154-bb84-50a0aaf99a3b@group-6046E76B0741-FollowerState] INFO  impl.FollowerState (FollowerState.java:run(143)) - 5f9aa48b-2f61-4154-bb84-50a0aaf99a3b@group-6046E76B0741-FollowerState was interrupted: {}
java.lang.InterruptedException: sleep interrupted
	at java.lang.Thread.sleep(Native Method)
	at java.lang.Thread.sleep(Thread.java:340)
	at java.util.concurrent.TimeUnit.sleep(TimeUnit.java:386)
	at org.apache.ratis.util.TimeDuration.sleep(TimeDuration.java:324)
	at org.apache.ratis.util.TimeDuration.sleep(TimeDuration.java:309)
	at org.apache.ratis.server.impl.FollowerState.run(FollowerState.java:118)
2022-02-08 13:52:38,606 [grpc-default-executor-1] INFO  server.RaftServer$Division (RaftServerImpl.java:requestVote(1078)) - 5f9aa48b-2f61-4154-bb84-50a0aaf99a3b@group-6046E76B0741 replies to ELECTION vote request: a7553d9d-67d8-423e-ad9b-7e30726581c7<-5f9aa48b-2f61-4154-bb84-50a0aaf99a3b#0:OK-t1. Peer's state: 5f9aa48b-2f61-4154-bb84-50a0aaf99a3b@group-6046E76B0741:t1, leader=null, voted=a7553d9d-67d8-423e-ad9b-7e30726581c7, raftlog=5f9aa48b-2f61-4154-bb84-50a0aaf99a3b@group-6046E76B0741-SegmentedRaftLog:OPENED:c-1, conf=-1: [a7553d9d-67d8-423e-ad9b-7e30726581c7|rpc:10.1.0.34:32871|dataStream:|priority:0, 5f9aa48b-2f61-4154-bb84-50a0aaf99a3b|rpc:10.1.0.34:40765|dataStream:|priority:0, db4f20b8-0dce-4a7c-897b-5d9165b059cf|rpc:10.1.0.34:43059|dataStream:|priority:1], old=null
2022-02-08 13:52:38,606 [grpc-default-executor-0] INFO  server.RaftServer$Division (RaftServerImpl.java:requestVote(1046)) - db4f20b8-0dce-4a7c-897b-5d9165b059cf@group-6046E76B0741: receive requestVote(ELECTION, a7553d9d-67d8-423e-ad9b-7e30726581c7, group-6046E76B0741, 1, (t:0, i:0))
2022-02-08 13:52:38,606 [grpc-default-executor-0] INFO  impl.VoteContext (VoteContext.java:log(48)) - db4f20b8-0dce-4a7c-897b-5d9165b059cf@group-6046E76B0741-CANDIDATE: reject ELECTION from a7553d9d-67d8-423e-ad9b-7e30726581c7: already has voted for db4f20b8-0dce-4a7c-897b-5d9165b059cf at current term 1
2022-02-08 13:52:38,606 [grpc-default-executor-0] INFO  server.RaftServer$Division (RaftServerImpl.java:requestVote(1078)) - db4f20b8-0dce-4a7c-897b-5d9165b059cf@group-6046E76B0741 replies to ELECTION vote request: a7553d9d-67d8-423e-ad9b-7e30726581c7<-db4f20b8-0dce-4a7c-897b-5d9165b059cf#0:FAIL-t1. Peer's state: db4f20b8-0dce-4a7c-897b-5d9165b059cf@group-6046E76B0741:t1, leader=null, voted=db4f20b8-0dce-4a7c-897b-5d9165b059cf, raftlog=db4f20b8-0dce-4a7c-897b-5d9165b059cf@group-6046E76B0741-SegmentedRaftLog:OPENED:c-1, conf=-1: [a7553d9d-67d8-423e-ad9b-7e30726581c7|rpc:10.1.0.34:32871|dataStream:|priority:0, 5f9aa48b-2f61-4154-bb84-50a0aaf99a3b|rpc:10.1.0.34:40765|dataStream:|priority:0, db4f20b8-0dce-4a7c-897b-5d9165b059cf|rpc:10.1.0.34:43059|dataStream:|priority:1], old=null
2022-02-08 13:52:38,607 [grpc-default-executor-2] INFO  server.RaftServer$Division (RaftServerImpl.java:requestVote(1046)) - a7553d9d-67d8-423e-ad9b-7e30726581c7@group-6046E76B0741: receive requestVote(ELECTION, db4f20b8-0dce-4a7c-897b-5d9165b059cf, group-6046E76B0741, 1, (t:0, i:0))
2022-02-08 13:52:38,614 [grpc-default-executor-2] INFO  impl.VoteContext (VoteContext.java:log(48)) - a7553d9d-67d8-423e-ad9b-7e30726581c7@group-6046E76B0741-CANDIDATE: reject ELECTION from db4f20b8-0dce-4a7c-897b-5d9165b059cf: already has voted for a7553d9d-67d8-423e-ad9b-7e30726581c7 at current term 1
2022-02-08 13:52:38,614 [grpc-default-executor-2] INFO  server.RaftServer$Division (RaftServerImpl.java:requestVote(1078)) - a7553d9d-67d8-423e-ad9b-7e30726581c7@group-6046E76B0741 replies to ELECTION vote request: db4f20b8-0dce-4a7c-897b-5d9165b059cf<-a7553d9d-67d8-423e-ad9b-7e30726581c7#0:FAIL-t1. Peer's state: a7553d9d-67d8-423e-ad9b-7e30726581c7@group-6046E76B0741:t1, leader=null, voted=a7553d9d-67d8-423e-ad9b-7e30726581c7, raftlog=a7553d9d-67d8-423e-ad9b-7e30726581c7@group-6046E76B0741-SegmentedRaftLog:OPENED:c-1, conf=-1: [a7553d9d-67d8-423e-ad9b-7e30726581c7|rpc:10.1.0.34:32871|priority:0, 5f9aa48b-2f61-4154-bb84-50a0aaf99a3b|rpc:10.1.0.34:40765|priority:0, db4f20b8-0dce-4a7c-897b-5d9165b059cf|rpc:10.1.0.34:43059|priority:1], old=null
2022-02-08 13:52:38,615 [a7553d9d-67d8-423e-ad9b-7e30726581c7@group-6046E76B0741-LeaderElection14] INFO  impl.LeaderElection (LeaderElection.java:logAndReturn(89)) - a7553d9d-67d8-423e-ad9b-7e30726581c7@group-6046E76B0741-LeaderElection14: ELECTION REJECTED received 2 response(s) and 0 exception(s):
2022-02-08 13:52:38,618 [a7553d9d-67d8-423e-ad9b-7e30726581c7@group-6046E76B0741-LeaderElection14] INFO  impl.LeaderElection (LeaderElection.java:logAndReturn(93)) -   Response 0: a7553d9d-67d8-423e-ad9b-7e30726581c7<-5f9aa48b-2f61-4154-bb84-50a0aaf99a3b#0:OK-t1
2022-02-08 13:52:38,618 [a7553d9d-67d8-423e-ad9b-7e30726581c7@group-6046E76B0741-LeaderElection14] INFO  impl.LeaderElection (LeaderElection.java:logAndReturn(93)) -   Response 1: a7553d9d-67d8-423e-ad9b-7e30726581c7<-db4f20b8-0dce-4a7c-897b-5d9165b059cf#0:FAIL-t1
2022-02-08 13:52:38,618 [a7553d9d-67d8-423e-ad9b-7e30726581c7@group-6046E76B0741-LeaderElection14] INFO  impl.LeaderElection (LeaderElection.java:askForVotes(308)) - a7553d9d-67d8-423e-ad9b-7e30726581c7@group-6046E76B0741-LeaderElection14 ELECTION round 0: result REJECTED
2022-02-08 13:52:38,618 [a7553d9d-67d8-423e-ad9b-7e30726581c7@group-6046E76B0741-LeaderElection14] INFO  server.RaftServer$Division (RaftServerImpl.java:setRole(290)) - a7553d9d-67d8-423e-ad9b-7e30726581c7@group-6046E76B0741: changes role from CANDIDATE to FOLLOWER at term 1 for REJECTED
2022-02-08 13:52:38,618 [a7553d9d-67d8-423e-ad9b-7e30726581c7@group-6046E76B0741-LeaderElection14] INFO  impl.RoleInfo (RoleInfo.java:shutdownLeaderElection(121)) - a7553d9d-67d8-423e-ad9b-7e30726581c7: shutdown a7553d9d-67d8-423e-ad9b-7e30726581c7@group-6046E76B0741-LeaderElection14
2022-02-08 13:52:38,618 [a7553d9d-67d8-423e-ad9b-7e30726581c7@group-6046E76B0741-LeaderElection14] INFO  impl.RoleInfo (RoleInfo.java:updateAndGet(130)) - a7553d9d-67d8-423e-ad9b-7e30726581c7: start a7553d9d-67d8-423e-ad9b-7e30726581c7@group-6046E76B0741-FollowerState
2022-02-08 13:52:38,616 [grpc-default-executor-0] INFO  server.RaftServer$Division (RaftServerImpl.java:requestVote(1046)) - 5f9aa48b-2f61-4154-bb84-50a0aaf99a3b@group-6046E76B0741: receive requestVote(ELECTION, db4f20b8-0dce-4a7c-897b-5d9165b059cf, group-6046E76B0741, 1, (t:0, i:0))
2022-02-08 13:52:38,622 [grpc-default-executor-0] INFO  impl.VoteContext (VoteContext.java:log(48)) - 5f9aa48b-2f61-4154-bb84-50a0aaf99a3b@group-6046E76B0741-FOLLOWER: reject ELECTION from db4f20b8-0dce-4a7c-897b-5d9165b059cf: already has voted for a7553d9d-67d8-423e-ad9b-7e30726581c7 at current term 1
2022-02-08 13:52:38,622 [grpc-default-executor-0] INFO  server.RaftServer$Division (RaftServerImpl.java:requestVote(1078)) - 5f9aa48b-2f61-4154-bb84-50a0aaf99a3b@group-6046E76B0741 replies to ELECTION vote request: db4f20b8-0dce-4a7c-897b-5d9165b059cf<-5f9aa48b-2f61-4154-bb84-50a0aaf99a3b#0:FAIL-t1. Peer's state: 5f9aa48b-2f61-4154-bb84-50a0aaf99a3b@group-6046E76B0741:t1, leader=null, voted=a7553d9d-67d8-423e-ad9b-7e30726581c7, raftlog=5f9aa48b-2f61-4154-bb84-50a0aaf99a3b@group-6046E76B0741-SegmentedRaftLog:OPENED:c-1, conf=-1: [a7553d9d-67d8-423e-ad9b-7e30726581c7|rpc:10.1.0.34:32871|dataStream:|priority:0, 5f9aa48b-2f61-4154-bb84-50a0aaf99a3b|rpc:10.1.0.34:40765|dataStream:|priority:0, db4f20b8-0dce-4a7c-897b-5d9165b059cf|rpc:10.1.0.34:43059|dataStream:|priority:1], old=null
2022-02-08 13:52:38,624 [db4f20b8-0dce-4a7c-897b-5d9165b059cf@group-6046E76B0741-LeaderElection13] INFO  impl.LeaderElection (LeaderElection.java:logAndReturn(89)) - db4f20b8-0dce-4a7c-897b-5d9165b059cf@group-6046E76B0741-LeaderElection13: ELECTION REJECTED received 2 response(s) and 0 exception(s):
2022-02-08 13:52:38,624 [db4f20b8-0dce-4a7c-897b-5d9165b059cf@group-6046E76B0741-LeaderElection13] INFO  impl.LeaderElection (LeaderElection.java:logAndReturn(93)) -   Response 0: db4f20b8-0dce-4a7c-897b-5d9165b059cf<-a7553d9d-67d8-423e-ad9b-7e30726581c7#0:FAIL-t1
2022-02-08 13:52:38,624 [db4f20b8-0dce-4a7c-897b-5d9165b059cf@group-6046E76B0741-LeaderElection13] INFO  impl.LeaderElection (LeaderElection.java:logAndReturn(93)) -   Response 1: db4f20b8-0dce-4a7c-897b-5d9165b059cf<-5f9aa48b-2f61-4154-bb84-50a0aaf99a3b#0:FAIL-t1
2022-02-08 13:52:38,624 [db4f20b8-0dce-4a7c-897b-5d9165b059cf@group-6046E76B0741-LeaderElection13] INFO  impl.LeaderElection (LeaderElection.java:askForVotes(308)) - db4f20b8-0dce-4a7c-897b-5d9165b059cf@group-6046E76B0741-LeaderElection13 ELECTION round 0: result REJECTED
2022-02-08 13:52:38,624 [db4f20b8-0dce-4a7c-897b-5d9165b059cf@group-6046E76B0741-LeaderElection13] INFO  server.RaftServer$Division (RaftServerImpl.java:setRole(290)) - db4f20b8-0dce-4a7c-897b-5d9165b059cf@group-6046E76B0741: changes role from CANDIDATE to FOLLOWER at term 1 for REJECTED
2022-02-08 13:52:38,624 [db4f20b8-0dce-4a7c-897b-5d9165b059cf@group-6046E76B0741-LeaderElection13] INFO  impl.RoleInfo (RoleInfo.java:shutdownLeaderElection(121)) - db4f20b8-0dce-4a7c-897b-5d9165b059cf: shutdown db4f20b8-0dce-4a7c-897b-5d9165b059cf@group-6046E76B0741-LeaderElection13
2022-02-08 13:52:38,624 [db4f20b8-0dce-4a7c-897b-5d9165b059cf@group-6046E76B0741-LeaderElection13] INFO  impl.RoleInfo (RoleInfo.java:updateAndGet(130)) - db4f20b8-0dce-4a7c-897b-5d9165b059cf: start db4f20b8-0dce-4a7c-897b-5d9165b059cf@group-6046E76B0741-FollowerState
2022-02-08 13:52:38,634 [IPC Server handler 1 on default port 42993] INFO  ha.SequenceIdGenerator (SequenceIdGenerator.java:getNextId(127)) - Allocate a batch for containerId, change lastId from 0 to 1000.
2022-02-08 13:52:38,651 [8e830768-0c32-4272-9818-b92ae3ba757d@group-82FB29945A00-StateMachineUpdater] WARN  ha.SequenceIdGenerator (SequenceIdGenerator.java:allocateBatch(235)) - Failed to allocate a batch for localId, expected lastId is 0, actual lastId is 109611004723200000.
2022-02-08 13:52:38,655 [IPC Server handler 1 on default port 42993] INFO  ha.SequenceIdGenerator (SequenceIdGenerator.java:getNextId(127)) - Allocate a batch for localId, change lastId from 109611004723200000 to 109611004723201000.
2022-02-08 13:52:38,708 [db4f20b8-0dce-4a7c-897b-5d9165b059cf@group-F95E9B378B5A-FollowerState] INFO  impl.FollowerState (FollowerState.java:run(134)) - db4f20b8-0dce-4a7c-897b-5d9165b059cf@group-F95E9B378B5A-FollowerState: change to CANDIDATE, lastRpcElapsedTime:5120573850ns, electionTimeout:5117ms
2022-02-08 13:52:38,708 [db4f20b8-0dce-4a7c-897b-5d9165b059cf@group-F95E9B378B5A-FollowerState] INFO  impl.RoleInfo (RoleInfo.java:shutdownFollowerState(108)) - db4f20b8-0dce-4a7c-897b-5d9165b059cf: shutdown db4f20b8-0dce-4a7c-897b-5d9165b059cf@group-F95E9B378B5A-FollowerState
2022-02-08 13:52:38,708 [db4f20b8-0dce-4a7c-897b-5d9165b059cf@group-F95E9B378B5A-FollowerState] INFO  server.RaftServer$Division (RaftServerImpl.java:setRole(290)) - db4f20b8-0dce-4a7c-897b-5d9165b059cf@group-F95E9B378B5A: changes role from  FOLLOWER to CANDIDATE at term 0 for changeToCandidate
2022-02-08 13:52:38,708 [db4f20b8-0dce-4a7c-897b-5d9165b059cf@group-F95E9B378B5A-FollowerState] INFO  server.RaftServerConfigKeys (ConfUtils.java:logGet(44)) - raft.server.leaderelection.pre-vote = false (custom)
2022-02-08 13:52:38,708 [db4f20b8-0dce-4a7c-897b-5d9165b059cf@group-F95E9B378B5A-FollowerState] INFO  impl.RoleInfo (RoleInfo.java:updateAndGet(130)) - db4f20b8-0dce-4a7c-897b-5d9165b059cf: start db4f20b8-0dce-4a7c-897b-5d9165b059cf@group-F95E9B378B5A-LeaderElection15
2022-02-08 13:52:38,738 [db4f20b8-0dce-4a7c-897b-5d9165b059cf@group-F95E9B378B5A-LeaderElection15] INFO  impl.LeaderElection (LeaderElection.java:askForVotes(306)) - db4f20b8-0dce-4a7c-897b-5d9165b059cf@group-F95E9B378B5A-LeaderElection15 ELECTION round 0: submit vote requests at term 1 for -1: [db4f20b8-0dce-4a7c-897b-5d9165b059cf|rpc:10.1.0.34:43059|priority:1], old=null
2022-02-08 13:52:38,738 [db4f20b8-0dce-4a7c-897b-5d9165b059cf@group-F95E9B378B5A-LeaderElection15] INFO  impl.LeaderElection (LeaderElection.java:askForVotes(308)) - db4f20b8-0dce-4a7c-897b-5d9165b059cf@group-F95E9B378B5A-LeaderElection15 ELECTION round 0: result PASSED (term=1)
2022-02-08 13:52:38,738 [db4f20b8-0dce-4a7c-897b-5d9165b059cf@group-F95E9B378B5A-LeaderElection15] INFO  impl.RoleInfo (RoleInfo.java:shutdownLeaderElection(121)) - db4f20b8-0dce-4a7c-897b-5d9165b059cf: shutdown db4f20b8-0dce-4a7c-897b-5d9165b059cf@group-F95E9B378B5A-LeaderElection15
2022-02-08 13:52:38,738 [db4f20b8-0dce-4a7c-897b-5d9165b059cf@group-F95E9B378B5A-LeaderElection15] INFO  server.RaftServer$Division (RaftServerImpl.java:setRole(290)) - db4f20b8-0dce-4a7c-897b-5d9165b059cf@group-F95E9B378B5A: changes role from CANDIDATE to LEADER at term 1 for changeToLeader
2022-02-08 13:52:38,738 [db4f20b8-0dce-4a7c-897b-5d9165b059cf@group-F95E9B378B5A-LeaderElection15] INFO  ratis.XceiverServerRatis (XceiverServerRatis.java:handleLeaderChangedNotification(866)) - Leader change notification received for group: group-F95E9B378B5A with new leaderId: db4f20b8-0dce-4a7c-897b-5d9165b059cf
2022-02-08 13:52:38,739 [db4f20b8-0dce-4a7c-897b-5d9165b059cf@group-F95E9B378B5A-LeaderElection15] INFO  server.RaftServer$Division (ServerState.java:setLeader(285)) - db4f20b8-0dce-4a7c-897b-5d9165b059cf@group-F95E9B378B5A: change Leader from null to db4f20b8-0dce-4a7c-897b-5d9165b059cf at term 1 for becomeLeader, leader elected after 5161ms
2022-02-08 13:52:38,739 [db4f20b8-0dce-4a7c-897b-5d9165b059cf@group-F95E9B378B5A-LeaderElection15] INFO  server.RaftServerConfigKeys (ConfUtils.java:logGet(44)) - raft.server.staging.catchup.gap = 1000 (default)
2022-02-08 13:52:38,739 [db4f20b8-0dce-4a7c-897b-5d9165b059cf@group-F95E9B378B5A-LeaderElection15] INFO  server.RaftServerConfigKeys (ConfUtils.java:logGet(44)) - raft.server.write.element-limit = 1024 (custom)
2022-02-08 13:52:38,739 [db4f20b8-0dce-4a7c-897b-5d9165b059cf@group-F95E9B378B5A-LeaderElection15] INFO  server.RaftServerConfigKeys (ConfUtils.java:logGet(44)) - raft.server.write.byte-limit = 1024 M (=1073741824) (custom)
2022-02-08 13:52:38,739 [db4f20b8-0dce-4a7c-897b-5d9165b059cf@group-F95E9B378B5A-LeaderElection15] INFO  server.RaftServerConfigKeys (ConfUtils.java:logGet(44)) - raft.server.watch.timeout = 3000ms (custom)
2022-02-08 13:52:38,739 [db4f20b8-0dce-4a7c-897b-5d9165b059cf@group-F95E9B378B5A-LeaderElection15] INFO  server.RaftServerConfigKeys (ConfUtils.java:logGet(44)) - raft.server.watch.timeout.denomination = 1s (default)
2022-02-08 13:52:38,739 [db4f20b8-0dce-4a7c-897b-5d9165b059cf@group-F95E9B378B5A-LeaderElection15] INFO  server.RaftServerConfigKeys (ConfUtils.java:logGet(44)) - raft.server.watch.element-limit = 65536 (default)
2022-02-08 13:52:38,739 [db4f20b8-0dce-4a7c-897b-5d9165b059cf@group-F95E9B378B5A-LeaderElection15] INFO  server.RaftServerConfigKeys (ConfUtils.java:logGet(44)) - raft.server.write.element-limit = 1024 (custom)
2022-02-08 13:52:38,740 [db4f20b8-0dce-4a7c-897b-5d9165b059cf@group-F95E9B378B5A-LeaderElection15] INFO  server.RaftServerConfigKeys (ConfUtils.java:logGet(44)) - raft.server.write.follower.gap.ratio.max = -1.0 (default)
2022-02-08 13:52:38,740 [db4f20b8-0dce-4a7c-897b-5d9165b059cf@group-F95E9B378B5A-LeaderElection15] INFO  impl.RoleInfo (RoleInfo.java:updateAndGet(130)) - db4f20b8-0dce-4a7c-897b-5d9165b059cf: start db4f20b8-0dce-4a7c-897b-5d9165b059cf@group-F95E9B378B5A-LeaderStateImpl
2022-02-08 13:52:38,740 [db4f20b8-0dce-4a7c-897b-5d9165b059cf@group-F95E9B378B5A-LeaderElection15] INFO  segmented.SegmentedRaftLogWorker (SegmentedRaftLogWorker.java:startLogSegment(394)) - db4f20b8-0dce-4a7c-897b-5d9165b059cf@group-F95E9B378B5A-SegmentedRaftLogWorker: Starting segment from index:0
2022-02-08 13:52:38,743 [db4f20b8-0dce-4a7c-897b-5d9165b059cf@group-F95E9B378B5A-SegmentedRaftLogWorker] INFO  segmented.SegmentedRaftLogWorker (SegmentedRaftLogWorker.java:execute(601)) - db4f20b8-0dce-4a7c-897b-5d9165b059cf@group-F95E9B378B5A-SegmentedRaftLogWorker: created new log segment /home/runner/work/ozone/ozone/hadoop-ozone/integration-test/target/test-dir/MiniOzoneClusterImpl-44b62ea4-a9d0-4540-a736-82fb29945a00/datanode-7/data/ratis/8121bfcd-f61c-40ed-971b-f95e9b378b5a/current/log_inprogress_0
2022-02-08 13:52:38,765 [db4f20b8-0dce-4a7c-897b-5d9165b059cf@group-F95E9B378B5A-LeaderElection15] INFO  server.RaftServer$Division (ServerState.java:setRaftConf(387)) - db4f20b8-0dce-4a7c-897b-5d9165b059cf@group-F95E9B378B5A: set configuration 0: [db4f20b8-0dce-4a7c-897b-5d9165b059cf|rpc:10.1.0.34:43059|dataStream:|priority:1], old=null
2022-02-08 13:52:38,780 [Listener at 127.0.0.1/36213] INFO  impl.MetricsSystemImpl (MetricsSystemImpl.java:init(158)) - XceiverClientMetrics metrics system started (again)
2022-02-08 13:52:38,997 [5f9aa48b-2f61-4154-bb84-50a0aaf99a3b@group-2AFCE8A443C3-FollowerState] INFO  impl.FollowerState (FollowerState.java:run(134)) - 5f9aa48b-2f61-4154-bb84-50a0aaf99a3b@group-2AFCE8A443C3-FollowerState: change to CANDIDATE, lastRpcElapsedTime:5197791012ns, electionTimeout:5180ms
2022-02-08 13:52:38,998 [5f9aa48b-2f61-4154-bb84-50a0aaf99a3b@group-2AFCE8A443C3-FollowerState] INFO  impl.RoleInfo (RoleInfo.java:shutdownFollowerState(108)) - 5f9aa48b-2f61-4154-bb84-50a0aaf99a3b: shutdown 5f9aa48b-2f61-4154-bb84-50a0aaf99a3b@group-2AFCE8A443C3-FollowerState
2022-02-08 13:52:38,998 [5f9aa48b-2f61-4154-bb84-50a0aaf99a3b@group-2AFCE8A443C3-FollowerState] INFO  server.RaftServer$Division (RaftServerImpl.java:setRole(290)) - 5f9aa48b-2f61-4154-bb84-50a0aaf99a3b@group-2AFCE8A443C3: changes role from  FOLLOWER to CANDIDATE at term 0 for changeToCandidate
2022-02-08 13:52:38,998 [5f9aa48b-2f61-4154-bb84-50a0aaf99a3b@group-2AFCE8A443C3-FollowerState] INFO  server.RaftServerConfigKeys (ConfUtils.java:logGet(44)) - raft.server.leaderelection.pre-vote = false (custom)
2022-02-08 13:52:38,998 [5f9aa48b-2f61-4154-bb84-50a0aaf99a3b@group-2AFCE8A443C3-FollowerState] INFO  impl.RoleInfo (RoleInfo.java:updateAndGet(130)) - 5f9aa48b-2f61-4154-bb84-50a0aaf99a3b: start 5f9aa48b-2f61-4154-bb84-50a0aaf99a3b@group-2AFCE8A443C3-LeaderElection16
2022-02-08 13:52:39,008 [5f9aa48b-2f61-4154-bb84-50a0aaf99a3b@group-2AFCE8A443C3-LeaderElection16] INFO  impl.LeaderElection (LeaderElection.java:askForVotes(306)) - 5f9aa48b-2f61-4154-bb84-50a0aaf99a3b@group-2AFCE8A443C3-LeaderElection16 ELECTION round 0: submit vote requests at term 1 for -1: [5f9aa48b-2f61-4154-bb84-50a0aaf99a3b|rpc:10.1.0.34:40765|priority:1], old=null
2022-02-08 13:52:39,008 [5f9aa48b-2f61-4154-bb84-50a0aaf99a3b@group-2AFCE8A443C3-LeaderElection16] INFO  impl.LeaderElection (LeaderElection.java:askForVotes(308)) - 5f9aa48b-2f61-4154-bb84-50a0aaf99a3b@group-2AFCE8A443C3-LeaderElection16 ELECTION round 0: result PASSED (term=1)
2022-02-08 13:52:39,009 [5f9aa48b-2f61-4154-bb84-50a0aaf99a3b@group-2AFCE8A443C3-LeaderElection16] INFO  impl.RoleInfo (RoleInfo.java:shutdownLeaderElection(121)) - 5f9aa48b-2f61-4154-bb84-50a0aaf99a3b: shutdown 5f9aa48b-2f61-4154-bb84-50a0aaf99a3b@group-2AFCE8A443C3-LeaderElection16
2022-02-08 13:52:39,009 [5f9aa48b-2f61-4154-bb84-50a0aaf99a3b@group-2AFCE8A443C3-LeaderElection16] INFO  server.RaftServer$Division (RaftServerImpl.java:setRole(290)) - 5f9aa48b-2f61-4154-bb84-50a0aaf99a3b@group-2AFCE8A443C3: changes role from CANDIDATE to LEADER at term 1 for changeToLeader
2022-02-08 13:52:39,009 [5f9aa48b-2f61-4154-bb84-50a0aaf99a3b@group-2AFCE8A443C3-LeaderElection16] INFO  ratis.XceiverServerRatis (XceiverServerRatis.java:handleLeaderChangedNotification(866)) - Leader change notification received for group: group-2AFCE8A443C3 with new leaderId: 5f9aa48b-2f61-4154-bb84-50a0aaf99a3b
2022-02-08 13:52:39,009 [5f9aa48b-2f61-4154-bb84-50a0aaf99a3b@group-2AFCE8A443C3-LeaderElection16] INFO  server.RaftServer$Division (ServerState.java:setLeader(285)) - 5f9aa48b-2f61-4154-bb84-50a0aaf99a3b@group-2AFCE8A443C3: change Leader from null to 5f9aa48b-2f61-4154-bb84-50a0aaf99a3b at term 1 for becomeLeader, leader elected after 5225ms
2022-02-08 13:52:39,009 [5f9aa48b-2f61-4154-bb84-50a0aaf99a3b@group-2AFCE8A443C3-LeaderElection16] INFO  server.RaftServerConfigKeys (ConfUtils.java:logGet(44)) - raft.server.staging.catchup.gap = 1000 (default)
2022-02-08 13:52:39,010 [5f9aa48b-2f61-4154-bb84-50a0aaf99a3b@group-2AFCE8A443C3-LeaderElection16] INFO  server.RaftServerConfigKeys (ConfUtils.java:logGet(44)) - raft.server.write.element-limit = 1024 (custom)
2022-02-08 13:52:39,010 [5f9aa48b-2f61-4154-bb84-50a0aaf99a3b@group-2AFCE8A443C3-LeaderElection16] INFO  server.RaftServerConfigKeys (ConfUtils.java:logGet(44)) - raft.server.write.byte-limit = 1024 M (=1073741824) (custom)
2022-02-08 13:52:39,010 [5f9aa48b-2f61-4154-bb84-50a0aaf99a3b@group-2AFCE8A443C3-LeaderElection16] INFO  server.RaftServerConfigKeys (ConfUtils.java:logGet(44)) - raft.server.watch.timeout = 3000ms (custom)
2022-02-08 13:52:39,011 [5f9aa48b-2f61-4154-bb84-50a0aaf99a3b@group-2AFCE8A443C3-LeaderElection16] INFO  server.RaftServerConfigKeys (ConfUtils.java:logGet(44)) - raft.server.watch.timeout.denomination = 1s (default)
2022-02-08 13:52:39,011 [5f9aa48b-2f61-4154-bb84-50a0aaf99a3b@group-2AFCE8A443C3-LeaderElection16] INFO  server.RaftServerConfigKeys (ConfUtils.java:logGet(44)) - raft.server.watch.element-limit = 65536 (default)
2022-02-08 13:52:39,011 [5f9aa48b-2f61-4154-bb84-50a0aaf99a3b@group-2AFCE8A443C3-LeaderElection16] INFO  server.RaftServerConfigKeys (ConfUtils.java:logGet(44)) - raft.server.write.element-limit = 1024 (custom)
2022-02-08 13:52:39,012 [5f9aa48b-2f61-4154-bb84-50a0aaf99a3b@group-2AFCE8A443C3-LeaderElection16] INFO  server.RaftServerConfigKeys (ConfUtils.java:logGet(44)) - raft.server.write.follower.gap.ratio.max = -1.0 (default)
2022-02-08 13:52:39,012 [5f9aa48b-2f61-4154-bb84-50a0aaf99a3b@group-2AFCE8A443C3-LeaderElection16] INFO  impl.RoleInfo (RoleInfo.java:updateAndGet(130)) - 5f9aa48b-2f61-4154-bb84-50a0aaf99a3b: start 5f9aa48b-2f61-4154-bb84-50a0aaf99a3b@group-2AFCE8A443C3-LeaderStateImpl
2022-02-08 13:52:39,012 [5f9aa48b-2f61-4154-bb84-50a0aaf99a3b@group-2AFCE8A443C3-LeaderElection16] INFO  segmented.SegmentedRaftLogWorker (SegmentedRaftLogWorker.java:startLogSegment(394)) - 5f9aa48b-2f61-4154-bb84-50a0aaf99a3b@group-2AFCE8A443C3-SegmentedRaftLogWorker: Starting segment from index:0
2022-02-08 13:52:39,013 [5f9aa48b-2f61-4154-bb84-50a0aaf99a3b@group-2AFCE8A443C3-SegmentedRaftLogWorker] INFO  segmented.SegmentedRaftLogWorker (SegmentedRaftLogWorker.java:execute(601)) - 5f9aa48b-2f61-4154-bb84-50a0aaf99a3b@group-2AFCE8A443C3-SegmentedRaftLogWorker: created new log segment /home/runner/work/ozone/ozone/hadoop-ozone/integration-test/target/test-dir/MiniOzoneClusterImpl-44b62ea4-a9d0-4540-a736-82fb29945a00/datanode-8/data/ratis/fd1fb063-de4c-42ce-b0b2-2afce8a443c3/current/log_inprogress_0
2022-02-08 13:52:39,024 [5f9aa48b-2f61-4154-bb84-50a0aaf99a3b@group-2AFCE8A443C3-LeaderElection16] INFO  server.RaftServer$Division (ServerState.java:setRaftConf(387)) - 5f9aa48b-2f61-4154-bb84-50a0aaf99a3b@group-2AFCE8A443C3: set configuration 0: [5f9aa48b-2f61-4154-bb84-50a0aaf99a3b|rpc:10.1.0.34:40765|dataStream:|priority:1], old=null
2022-02-08 13:52:42,958 [f61a4b31-682a-41d1-a434-a20bd71c25fb@group-99362A9385E5-FollowerState] INFO  impl.FollowerState (FollowerState.java:run(134)) - f61a4b31-682a-41d1-a434-a20bd71c25fb@group-99362A9385E5-FollowerState: change to CANDIDATE, lastRpcElapsedTime:5003965783ns, electionTimeout:5002ms
2022-02-08 13:52:42,958 [f61a4b31-682a-41d1-a434-a20bd71c25fb@group-99362A9385E5-FollowerState] INFO  impl.RoleInfo (RoleInfo.java:shutdownFollowerState(108)) - f61a4b31-682a-41d1-a434-a20bd71c25fb: shutdown f61a4b31-682a-41d1-a434-a20bd71c25fb@group-99362A9385E5-FollowerState
2022-02-08 13:52:42,959 [f61a4b31-682a-41d1-a434-a20bd71c25fb@group-99362A9385E5-FollowerState] INFO  server.RaftServer$Division (RaftServerImpl.java:setRole(290)) - f61a4b31-682a-41d1-a434-a20bd71c25fb@group-99362A9385E5: changes role from  FOLLOWER to CANDIDATE at term 1 for changeToCandidate
2022-02-08 13:52:42,959 [f61a4b31-682a-41d1-a434-a20bd71c25fb@group-99362A9385E5-FollowerState] INFO  server.RaftServerConfigKeys (ConfUtils.java:logGet(44)) - raft.server.leaderelection.pre-vote = false (custom)
2022-02-08 13:52:42,959 [f61a4b31-682a-41d1-a434-a20bd71c25fb@group-99362A9385E5-FollowerState] INFO  impl.RoleInfo (RoleInfo.java:updateAndGet(130)) - f61a4b31-682a-41d1-a434-a20bd71c25fb: start f61a4b31-682a-41d1-a434-a20bd71c25fb@group-99362A9385E5-LeaderElection17
2022-02-08 13:52:42,961 [f61a4b31-682a-41d1-a434-a20bd71c25fb@group-99362A9385E5-LeaderElection17] INFO  impl.LeaderElection (LeaderElection.java:askForVotes(306)) - f61a4b31-682a-41d1-a434-a20bd71c25fb@group-99362A9385E5-LeaderElection17 ELECTION round 0: submit vote requests at term 2 for -1: [da611cd8-d6f8-40e9-9825-4d5039a9b9e1|rpc:10.1.0.34:39351|dataStream:|priority:1, a5053940-3165-42e9-acd7-ef11441d188e|rpc:10.1.0.34:35549|dataStream:|priority:0, f61a4b31-682a-41d1-a434-a20bd71c25fb|rpc:10.1.0.34:43123|dataStream:|priority:0], old=null
2022-02-08 13:52:42,971 [grpc-default-executor-2] INFO  server.RaftServer$Division (RaftServerImpl.java:requestVote(1046)) - da611cd8-d6f8-40e9-9825-4d5039a9b9e1@group-99362A9385E5: receive requestVote(ELECTION, f61a4b31-682a-41d1-a434-a20bd71c25fb, group-99362A9385E5, 2, (t:0, i:0))
2022-02-08 13:52:42,975 [grpc-default-executor-2] INFO  impl.VoteContext (VoteContext.java:log(48)) - da611cd8-d6f8-40e9-9825-4d5039a9b9e1@group-99362A9385E5-FOLLOWER: reject ELECTION from f61a4b31-682a-41d1-a434-a20bd71c25fb: our priority 1 > candidate's priority 0
2022-02-08 13:52:42,975 [grpc-default-executor-2] INFO  server.RaftServer$Division (RaftServerImpl.java:setRole(290)) - da611cd8-d6f8-40e9-9825-4d5039a9b9e1@group-99362A9385E5: changes role from  FOLLOWER to FOLLOWER at term 2 for candidate:f61a4b31-682a-41d1-a434-a20bd71c25fb
2022-02-08 13:52:42,975 [grpc-default-executor-2] INFO  impl.RoleInfo (RoleInfo.java:shutdownFollowerState(108)) - da611cd8-d6f8-40e9-9825-4d5039a9b9e1: shutdown da611cd8-d6f8-40e9-9825-4d5039a9b9e1@group-99362A9385E5-FollowerState
2022-02-08 13:52:42,975 [grpc-default-executor-2] INFO  impl.RoleInfo (RoleInfo.java:updateAndGet(130)) - da611cd8-d6f8-40e9-9825-4d5039a9b9e1: start da611cd8-d6f8-40e9-9825-4d5039a9b9e1@group-99362A9385E5-FollowerState
2022-02-08 13:52:42,975 [da611cd8-d6f8-40e9-9825-4d5039a9b9e1@group-99362A9385E5-FollowerState] INFO  impl.FollowerState (FollowerState.java:run(143)) - da611cd8-d6f8-40e9-9825-4d5039a9b9e1@group-99362A9385E5-FollowerState was interrupted: {}
java.lang.InterruptedException: sleep interrupted
	at java.lang.Thread.sleep(Native Method)
	at java.lang.Thread.sleep(Thread.java:340)
	at java.util.concurrent.TimeUnit.sleep(TimeUnit.java:386)
	at org.apache.ratis.util.TimeDuration.sleep(TimeDuration.java:324)
	at org.apache.ratis.util.TimeDuration.sleep(TimeDuration.java:309)
	at org.apache.ratis.server.impl.FollowerState.run(FollowerState.java:118)
2022-02-08 13:52:42,977 [grpc-default-executor-2] INFO  server.RaftServer$Division (RaftServerImpl.java:requestVote(1078)) - da611cd8-d6f8-40e9-9825-4d5039a9b9e1@group-99362A9385E5 replies to ELECTION vote request: f61a4b31-682a-41d1-a434-a20bd71c25fb<-da611cd8-d6f8-40e9-9825-4d5039a9b9e1#0:FAIL-t2. Peer's state: da611cd8-d6f8-40e9-9825-4d5039a9b9e1@group-99362A9385E5:t2, leader=null, voted=null, raftlog=da611cd8-d6f8-40e9-9825-4d5039a9b9e1@group-99362A9385E5-SegmentedRaftLog:OPENED:c-1, conf=-1: [da611cd8-d6f8-40e9-9825-4d5039a9b9e1|rpc:10.1.0.34:39351|dataStream:|priority:1, a5053940-3165-42e9-acd7-ef11441d188e|rpc:10.1.0.34:35549|dataStream:|priority:0, f61a4b31-682a-41d1-a434-a20bd71c25fb|rpc:10.1.0.34:43123|dataStream:|priority:0], old=null
2022-02-08 13:52:42,980 [f61a4b31-682a-41d1-a434-a20bd71c25fb@group-99362A9385E5-LeaderElection17] INFO  impl.LeaderElection (LeaderElection.java:logAndReturn(89)) - f61a4b31-682a-41d1-a434-a20bd71c25fb@group-99362A9385E5-LeaderElection17: ELECTION REJECTED received 1 response(s) and 0 exception(s):
2022-02-08 13:52:42,981 [f61a4b31-682a-41d1-a434-a20bd71c25fb@group-99362A9385E5-LeaderElection17] INFO  impl.LeaderElection (LeaderElection.java:logAndReturn(93)) -   Response 0: f61a4b31-682a-41d1-a434-a20bd71c25fb<-da611cd8-d6f8-40e9-9825-4d5039a9b9e1#0:FAIL-t2
2022-02-08 13:52:42,981 [f61a4b31-682a-41d1-a434-a20bd71c25fb@group-99362A9385E5-LeaderElection17] INFO  impl.LeaderElection (LeaderElection.java:askForVotes(308)) - f61a4b31-682a-41d1-a434-a20bd71c25fb@group-99362A9385E5-LeaderElection17 ELECTION round 0: result REJECTED
2022-02-08 13:52:42,981 [f61a4b31-682a-41d1-a434-a20bd71c25fb@group-99362A9385E5-LeaderElection17] INFO  server.RaftServer$Division (RaftServerImpl.java:setRole(290)) - f61a4b31-682a-41d1-a434-a20bd71c25fb@group-99362A9385E5: changes role from CANDIDATE to FOLLOWER at term 2 for REJECTED
2022-02-08 13:52:42,981 [f61a4b31-682a-41d1-a434-a20bd71c25fb@group-99362A9385E5-LeaderElection17] INFO  impl.RoleInfo (RoleInfo.java:shutdownLeaderElection(121)) - f61a4b31-682a-41d1-a434-a20bd71c25fb: shutdown f61a4b31-682a-41d1-a434-a20bd71c25fb@group-99362A9385E5-LeaderElection17
2022-02-08 13:52:42,981 [f61a4b31-682a-41d1-a434-a20bd71c25fb@group-99362A9385E5-LeaderElection17] INFO  impl.RoleInfo (RoleInfo.java:updateAndGet(130)) - f61a4b31-682a-41d1-a434-a20bd71c25fb: start f61a4b31-682a-41d1-a434-a20bd71c25fb@group-99362A9385E5-FollowerState
2022-02-08 13:52:42,992 [grpc-default-executor-2] INFO  server.RaftServer$Division (RaftServerImpl.java:requestVote(1046)) - a5053940-3165-42e9-acd7-ef11441d188e@group-99362A9385E5: receive requestVote(ELECTION, f61a4b31-682a-41d1-a434-a20bd71c25fb, group-99362A9385E5, 2, (t:0, i:0))
2022-02-08 13:52:42,992 [grpc-default-executor-2] INFO  impl.VoteContext (VoteContext.java:log(48)) - a5053940-3165-42e9-acd7-ef11441d188e@group-99362A9385E5-FOLLOWER: accept ELECTION from f61a4b31-682a-41d1-a434-a20bd71c25fb: our priority 0 <= candidate's priority 0
2022-02-08 13:52:42,992 [grpc-default-executor-2] INFO  server.RaftServer$Division (RaftServerImpl.java:setRole(290)) - a5053940-3165-42e9-acd7-ef11441d188e@group-99362A9385E5: changes role from  FOLLOWER to FOLLOWER at term 2 for candidate:f61a4b31-682a-41d1-a434-a20bd71c25fb
2022-02-08 13:52:42,992 [grpc-default-executor-2] INFO  impl.RoleInfo (RoleInfo.java:shutdownFollowerState(108)) - a5053940-3165-42e9-acd7-ef11441d188e: shutdown a5053940-3165-42e9-acd7-ef11441d188e@group-99362A9385E5-FollowerState
2022-02-08 13:52:42,993 [grpc-default-executor-2] INFO  impl.RoleInfo (RoleInfo.java:updateAndGet(130)) - a5053940-3165-42e9-acd7-ef11441d188e: start a5053940-3165-42e9-acd7-ef11441d188e@group-99362A9385E5-FollowerState
2022-02-08 13:52:42,993 [a5053940-3165-42e9-acd7-ef11441d188e@group-99362A9385E5-FollowerState] INFO  impl.FollowerState (FollowerState.java:run(143)) - a5053940-3165-42e9-acd7-ef11441d188e@group-99362A9385E5-FollowerState was interrupted: {}
java.lang.InterruptedException: sleep interrupted
	at java.lang.Thread.sleep(Native Method)
	at java.lang.Thread.sleep(Thread.java:340)
	at java.util.concurrent.TimeUnit.sleep(TimeUnit.java:386)
	at org.apache.ratis.util.TimeDuration.sleep(TimeDuration.java:324)
	at org.apache.ratis.util.TimeDuration.sleep(TimeDuration.java:309)
	at org.apache.ratis.server.impl.FollowerState.run(FollowerState.java:118)
2022-02-08 13:52:42,994 [grpc-default-executor-2] INFO  server.RaftServer$Division (RaftServerImpl.java:requestVote(1078)) - a5053940-3165-42e9-acd7-ef11441d188e@group-99362A9385E5 replies to ELECTION vote request: f61a4b31-682a-41d1-a434-a20bd71c25fb<-a5053940-3165-42e9-acd7-ef11441d188e#0:OK-t2. Peer's state: a5053940-3165-42e9-acd7-ef11441d188e@group-99362A9385E5:t2, leader=null, voted=f61a4b31-682a-41d1-a434-a20bd71c25fb, raftlog=a5053940-3165-42e9-acd7-ef11441d188e@group-99362A9385E5-SegmentedRaftLog:OPENED:c-1, conf=-1: [da611cd8-d6f8-40e9-9825-4d5039a9b9e1|rpc:10.1.0.34:39351|priority:1, a5053940-3165-42e9-acd7-ef11441d188e|rpc:10.1.0.34:35549|priority:0, f61a4b31-682a-41d1-a434-a20bd71c25fb|rpc:10.1.0.34:43123|priority:0], old=null
2022-02-08 13:52:43,651 [a7553d9d-67d8-423e-ad9b-7e30726581c7@group-6046E76B0741-FollowerState] INFO  impl.FollowerState (FollowerState.java:run(134)) - a7553d9d-67d8-423e-ad9b-7e30726581c7@group-6046E76B0741-FollowerState: change to CANDIDATE, lastRpcElapsedTime:5032856505ns, electionTimeout:5032ms
2022-02-08 13:52:43,651 [a7553d9d-67d8-423e-ad9b-7e30726581c7@group-6046E76B0741-FollowerState] INFO  impl.RoleInfo (RoleInfo.java:shutdownFollowerState(108)) - a7553d9d-67d8-423e-ad9b-7e30726581c7: shutdown a7553d9d-67d8-423e-ad9b-7e30726581c7@group-6046E76B0741-FollowerState
2022-02-08 13:52:43,651 [a7553d9d-67d8-423e-ad9b-7e30726581c7@group-6046E76B0741-FollowerState] INFO  server.RaftServer$Division (RaftServerImpl.java:setRole(290)) - a7553d9d-67d8-423e-ad9b-7e30726581c7@group-6046E76B0741: changes role from  FOLLOWER to CANDIDATE at term 1 for changeToCandidate
2022-02-08 13:52:43,652 [a7553d9d-67d8-423e-ad9b-7e30726581c7@group-6046E76B0741-FollowerState] INFO  server.RaftServerConfigKeys (ConfUtils.java:logGet(44)) - raft.server.leaderelection.pre-vote = false (custom)
2022-02-08 13:52:43,652 [a7553d9d-67d8-423e-ad9b-7e30726581c7@group-6046E76B0741-FollowerState] INFO  impl.RoleInfo (RoleInfo.java:updateAndGet(130)) - a7553d9d-67d8-423e-ad9b-7e30726581c7: start a7553d9d-67d8-423e-ad9b-7e30726581c7@group-6046E76B0741-LeaderElection18
2022-02-08 13:52:43,655 [a7553d9d-67d8-423e-ad9b-7e30726581c7@group-6046E76B0741-LeaderElection18] INFO  impl.LeaderElection (LeaderElection.java:askForVotes(306)) - a7553d9d-67d8-423e-ad9b-7e30726581c7@group-6046E76B0741-LeaderElection18 ELECTION round 0: submit vote requests at term 2 for -1: [a7553d9d-67d8-423e-ad9b-7e30726581c7|rpc:10.1.0.34:32871|priority:0, 5f9aa48b-2f61-4154-bb84-50a0aaf99a3b|rpc:10.1.0.34:40765|priority:0, db4f20b8-0dce-4a7c-897b-5d9165b059cf|rpc:10.1.0.34:43059|priority:1], old=null
2022-02-08 13:52:43,662 [grpc-default-executor-1] INFO  server.RaftServer$Division (RaftServerImpl.java:requestVote(1046)) - 5f9aa48b-2f61-4154-bb84-50a0aaf99a3b@group-6046E76B0741: receive requestVote(ELECTION, a7553d9d-67d8-423e-ad9b-7e30726581c7, group-6046E76B0741, 2, (t:0, i:0))
2022-02-08 13:52:43,662 [grpc-default-executor-1] INFO  impl.VoteContext (VoteContext.java:log(48)) - 5f9aa48b-2f61-4154-bb84-50a0aaf99a3b@group-6046E76B0741-FOLLOWER: accept ELECTION from a7553d9d-67d8-423e-ad9b-7e30726581c7: our priority 0 <= candidate's priority 0
2022-02-08 13:52:43,662 [grpc-default-executor-1] INFO  server.RaftServer$Division (RaftServerImpl.java:setRole(290)) - 5f9aa48b-2f61-4154-bb84-50a0aaf99a3b@group-6046E76B0741: changes role from  FOLLOWER to FOLLOWER at term 2 for candidate:a7553d9d-67d8-423e-ad9b-7e30726581c7
2022-02-08 13:52:43,662 [grpc-default-executor-1] INFO  impl.RoleInfo (RoleInfo.java:shutdownFollowerState(108)) - 5f9aa48b-2f61-4154-bb84-50a0aaf99a3b: shutdown 5f9aa48b-2f61-4154-bb84-50a0aaf99a3b@group-6046E76B0741-FollowerState
2022-02-08 13:52:43,663 [grpc-default-executor-1] INFO  impl.RoleInfo (RoleInfo.java:updateAndGet(130)) - 5f9aa48b-2f61-4154-bb84-50a0aaf99a3b: start 5f9aa48b-2f61-4154-bb84-50a0aaf99a3b@group-6046E76B0741-FollowerState
2022-02-08 13:52:43,663 [5f9aa48b-2f61-4154-bb84-50a0aaf99a3b@group-6046E76B0741-FollowerState] INFO  impl.FollowerState (FollowerState.java:run(143)) - 5f9aa48b-2f61-4154-bb84-50a0aaf99a3b@group-6046E76B0741-FollowerState was interrupted: {}
java.lang.InterruptedException: sleep interrupted
	at java.lang.Thread.sleep(Native Method)
	at java.lang.Thread.sleep(Thread.java:340)
	at java.util.concurrent.TimeUnit.sleep(TimeUnit.java:386)
	at org.apache.ratis.util.TimeDuration.sleep(TimeDuration.java:324)
	at org.apache.ratis.util.TimeDuration.sleep(TimeDuration.java:309)
	at org.apache.ratis.server.impl.FollowerState.run(FollowerState.java:118)
2022-02-08 13:52:43,664 [grpc-default-executor-2] INFO  server.RaftServer$Division (RaftServerImpl.java:requestVote(1046)) - db4f20b8-0dce-4a7c-897b-5d9165b059cf@group-6046E76B0741: receive requestVote(ELECTION, a7553d9d-67d8-423e-ad9b-7e30726581c7, group-6046E76B0741, 2, (t:0, i:0))
2022-02-08 13:52:43,664 [grpc-default-executor-2] INFO  impl.VoteContext (VoteContext.java:log(48)) - db4f20b8-0dce-4a7c-897b-5d9165b059cf@group-6046E76B0741-FOLLOWER: reject ELECTION from a7553d9d-67d8-423e-ad9b-7e30726581c7: our priority 1 > candidate's priority 0
2022-02-08 13:52:43,664 [grpc-default-executor-2] INFO  server.RaftServer$Division (RaftServerImpl.java:setRole(290)) - db4f20b8-0dce-4a7c-897b-5d9165b059cf@group-6046E76B0741: changes role from  FOLLOWER to FOLLOWER at term 2 for candidate:a7553d9d-67d8-423e-ad9b-7e30726581c7
2022-02-08 13:52:43,664 [grpc-default-executor-2] INFO  impl.RoleInfo (RoleInfo.java:shutdownFollowerState(108)) - db4f20b8-0dce-4a7c-897b-5d9165b059cf: shutdown db4f20b8-0dce-4a7c-897b-5d9165b059cf@group-6046E76B0741-FollowerState
2022-02-08 13:52:43,664 [grpc-default-executor-2] INFO  impl.RoleInfo (RoleInfo.java:updateAndGet(130)) - db4f20b8-0dce-4a7c-897b-5d9165b059cf: start db4f20b8-0dce-4a7c-897b-5d9165b059cf@group-6046E76B0741-FollowerState
2022-02-08 13:52:43,665 [db4f20b8-0dce-4a7c-897b-5d9165b059cf@group-6046E76B0741-FollowerState] INFO  impl.FollowerState (FollowerState.java:run(143)) - db4f20b8-0dce-4a7c-897b-5d9165b059cf@group-6046E76B0741-FollowerState was interrupted: {}
java.lang.InterruptedException: sleep interrupted
	at java.lang.Thread.sleep(Native Method)
	at java.lang.Thread.sleep(Thread.java:340)
	at java.util.concurrent.TimeUnit.sleep(TimeUnit.java:386)
	at org.apache.ratis.util.TimeDuration.sleep(TimeDuration.java:324)
	at org.apache.ratis.util.TimeDuration.sleep(TimeDuration.java:309)
	at org.apache.ratis.server.impl.FollowerState.run(FollowerState.java:118)
2022-02-08 13:52:43,665 [grpc-default-executor-1] INFO  server.RaftServer$Division (RaftServerImpl.java:requestVote(1078)) - 5f9aa48b-2f61-4154-bb84-50a0aaf99a3b@group-6046E76B0741 replies to ELECTION vote request: a7553d9d-67d8-423e-ad9b-7e30726581c7<-5f9aa48b-2f61-4154-bb84-50a0aaf99a3b#0:OK-t2. Peer's state: 5f9aa48b-2f61-4154-bb84-50a0aaf99a3b@group-6046E76B0741:t2, leader=null, voted=a7553d9d-67d8-423e-ad9b-7e30726581c7, raftlog=5f9aa48b-2f61-4154-bb84-50a0aaf99a3b@group-6046E76B0741-SegmentedRaftLog:OPENED:c-1, conf=-1: [a7553d9d-67d8-423e-ad9b-7e30726581c7|rpc:10.1.0.34:32871|dataStream:|priority:0, 5f9aa48b-2f61-4154-bb84-50a0aaf99a3b|rpc:10.1.0.34:40765|dataStream:|priority:0, db4f20b8-0dce-4a7c-897b-5d9165b059cf|rpc:10.1.0.34:43059|dataStream:|priority:1], old=null
2022-02-08 13:52:43,667 [grpc-default-executor-2] INFO  server.RaftServer$Division (RaftServerImpl.java:requestVote(1078)) - db4f20b8-0dce-4a7c-897b-5d9165b059cf@group-6046E76B0741 replies to ELECTION vote request: a7553d9d-67d8-423e-ad9b-7e30726581c7<-db4f20b8-0dce-4a7c-897b-5d9165b059cf#0:FAIL-t2. Peer's state: db4f20b8-0dce-4a7c-897b-5d9165b059cf@group-6046E76B0741:t2, leader=null, voted=null, raftlog=db4f20b8-0dce-4a7c-897b-5d9165b059cf@group-6046E76B0741-SegmentedRaftLog:OPENED:c-1, conf=-1: [a7553d9d-67d8-423e-ad9b-7e30726581c7|rpc:10.1.0.34:32871|dataStream:|priority:0, 5f9aa48b-2f61-4154-bb84-50a0aaf99a3b|rpc:10.1.0.34:40765|dataStream:|priority:0, db4f20b8-0dce-4a7c-897b-5d9165b059cf|rpc:10.1.0.34:43059|dataStream:|priority:1], old=null
2022-02-08 13:52:43,668 [a7553d9d-67d8-423e-ad9b-7e30726581c7@group-6046E76B0741-LeaderElection18] INFO  impl.LeaderElection (LeaderElection.java:logAndReturn(89)) - a7553d9d-67d8-423e-ad9b-7e30726581c7@group-6046E76B0741-LeaderElection18: ELECTION REJECTED received 2 response(s) and 0 exception(s):
2022-02-08 13:52:43,669 [a7553d9d-67d8-423e-ad9b-7e30726581c7@group-6046E76B0741-LeaderElection18] INFO  impl.LeaderElection (LeaderElection.java:logAndReturn(93)) -   Response 0: a7553d9d-67d8-423e-ad9b-7e30726581c7<-5f9aa48b-2f61-4154-bb84-50a0aaf99a3b#0:OK-t2
2022-02-08 13:52:43,669 [a7553d9d-67d8-423e-ad9b-7e30726581c7@group-6046E76B0741-LeaderElection18] INFO  impl.LeaderElection (LeaderElection.java:logAndReturn(93)) -   Response 1: a7553d9d-67d8-423e-ad9b-7e30726581c7<-db4f20b8-0dce-4a7c-897b-5d9165b059cf#0:FAIL-t2
2022-02-08 13:52:43,669 [a7553d9d-67d8-423e-ad9b-7e30726581c7@group-6046E76B0741-LeaderElection18] INFO  impl.LeaderElection (LeaderElection.java:askForVotes(308)) - a7553d9d-67d8-423e-ad9b-7e30726581c7@group-6046E76B0741-LeaderElection18 ELECTION round 0: result REJECTED
2022-02-08 13:52:43,669 [a7553d9d-67d8-423e-ad9b-7e30726581c7@group-6046E76B0741-LeaderElection18] INFO  server.RaftServer$Division (RaftServerImpl.java:setRole(290)) - a7553d9d-67d8-423e-ad9b-7e30726581c7@group-6046E76B0741: changes role from CANDIDATE to FOLLOWER at term 2 for REJECTED
2022-02-08 13:52:43,669 [a7553d9d-67d8-423e-ad9b-7e30726581c7@group-6046E76B0741-LeaderElection18] INFO  impl.RoleInfo (RoleInfo.java:shutdownLeaderElection(121)) - a7553d9d-67d8-423e-ad9b-7e30726581c7: shutdown a7553d9d-67d8-423e-ad9b-7e30726581c7@group-6046E76B0741-LeaderElection18
2022-02-08 13:52:43,669 [a7553d9d-67d8-423e-ad9b-7e30726581c7@group-6046E76B0741-LeaderElection18] INFO  impl.RoleInfo (RoleInfo.java:updateAndGet(130)) - a7553d9d-67d8-423e-ad9b-7e30726581c7: start a7553d9d-67d8-423e-ad9b-7e30726581c7@group-6046E76B0741-FollowerState
2022-02-08 13:52:46,848 [Listener at 127.0.0.1/36213] INFO  ozoneimpl.OzoneContainer (OzoneContainer.java:stop(336)) - Attempting to stop container services.
2022-02-08 13:52:46,852 [Listener at 127.0.0.1/36213] INFO  server.RaftServer (RaftServerProxy.java:lambda$close$6(391)) - 915ea2a1-2b04-4a8b-905a-cfef4591970c: close
2022-02-08 13:52:46,852 [Listener at 127.0.0.1/36213] INFO  server.RaftServer$Division (RaftServerImpl.java:lambda$close$4(412)) - 915ea2a1-2b04-4a8b-905a-cfef4591970c@group-281919E82A1E: shutdown
2022-02-08 13:52:46,853 [Listener at 127.0.0.1/36213] INFO  util.JmxRegister (JmxRegister.java:unregister(73)) - Successfully un-registered JMX Bean with object name Ratis:service=RaftServer,group=group-281919E82A1E,id=915ea2a1-2b04-4a8b-905a-cfef4591970c
2022-02-08 13:52:46,853 [Listener at 127.0.0.1/36213] INFO  impl.RoleInfo (RoleInfo.java:shutdownLeaderState(91)) - 915ea2a1-2b04-4a8b-905a-cfef4591970c: shutdown 915ea2a1-2b04-4a8b-905a-cfef4591970c@group-281919E82A1E-LeaderStateImpl
2022-02-08 13:52:46,853 [Listener at 127.0.0.1/36213] INFO  impl.PendingRequests (PendingRequests.java:sendNotLeaderResponses(282)) - 915ea2a1-2b04-4a8b-905a-cfef4591970c@group-281919E82A1E-PendingRequests: sendNotLeaderResponses
2022-02-08 13:52:46,854 [Listener at 127.0.0.1/36213] INFO  impl.StateMachineUpdater (StateMachineUpdater.java:stopAndJoin(149)) - 915ea2a1-2b04-4a8b-905a-cfef4591970c@group-281919E82A1E-StateMachineUpdater: set stopIndex = 0
2022-02-08 13:52:46,854 [915ea2a1-2b04-4a8b-905a-cfef4591970c@group-281919E82A1E-StateMachineUpdater] INFO  ratis.ContainerStateMachine (ContainerStateMachine.java:takeSnapshot(299)) - group-281919E82A1E: Taking a snapshot at:(t:1, i:0) file /home/runner/work/ozone/ozone/hadoop-ozone/integration-test/target/test-dir/MiniOzoneClusterImpl-44b62ea4-a9d0-4540-a736-82fb29945a00/datanode-2/data/ratis/98e7b338-9c64-484b-bec3-281919e82a1e/sm/snapshot.1_0
2022-02-08 13:52:46,883 [915ea2a1-2b04-4a8b-905a-cfef4591970c@group-281919E82A1E-StateMachineUpdater] INFO  ratis.ContainerStateMachine (ContainerStateMachine.java:takeSnapshot(310)) - group-281919E82A1E: Finished taking a snapshot at:(t:1, i:0) file:/home/runner/work/ozone/ozone/hadoop-ozone/integration-test/target/test-dir/MiniOzoneClusterImpl-44b62ea4-a9d0-4540-a736-82fb29945a00/datanode-2/data/ratis/98e7b338-9c64-484b-bec3-281919e82a1e/sm/snapshot.1_0 took: 29 ms
2022-02-08 13:52:46,885 [915ea2a1-2b04-4a8b-905a-cfef4591970c@group-281919E82A1E-StateMachineUpdater] INFO  impl.StateMachineUpdater (StateMachineUpdater.java:takeSnapshot(281)) - 915ea2a1-2b04-4a8b-905a-cfef4591970c@group-281919E82A1E-StateMachineUpdater: Took a snapshot at index 0
2022-02-08 13:52:46,885 [915ea2a1-2b04-4a8b-905a-cfef4591970c@group-281919E82A1E-StateMachineUpdater] INFO  impl.StateMachineUpdater (StateMachineUpdater.java:lambda$new$0(89)) - 915ea2a1-2b04-4a8b-905a-cfef4591970c@group-281919E82A1E-StateMachineUpdater: snapshotIndex: updateIncreasingly -1 -> 0
2022-02-08 13:52:46,885 [Listener at 127.0.0.1/36213] INFO  server.RaftServer$Division (ServerState.java:close(419)) - 915ea2a1-2b04-4a8b-905a-cfef4591970c@group-281919E82A1E: closes. applyIndex: 0
2022-02-08 13:52:46,885 [915ea2a1-2b04-4a8b-905a-cfef4591970c@group-281919E82A1E-SegmentedRaftLogWorker] INFO  segmented.SegmentedRaftLogWorker (SegmentedRaftLogWorker.java:run(327)) - 915ea2a1-2b04-4a8b-905a-cfef4591970c@group-281919E82A1E-SegmentedRaftLogWorker was interrupted, exiting. There are 0 tasks remaining in the queue.
2022-02-08 13:52:46,887 [Listener at 127.0.0.1/36213] INFO  segmented.SegmentedRaftLogWorker (SegmentedRaftLogWorker.java:close(237)) - 915ea2a1-2b04-4a8b-905a-cfef4591970c@group-281919E82A1E-SegmentedRaftLogWorker close()
2022-02-08 13:52:46,889 [Listener at 127.0.0.1/36213] INFO  server.RaftServer$Division (RaftServerImpl.java:lambda$close$4(412)) - 915ea2a1-2b04-4a8b-905a-cfef4591970c@group-25469F3653D4: shutdown
2022-02-08 13:52:46,889 [Listener at 127.0.0.1/36213] INFO  util.JmxRegister (JmxRegister.java:unregister(73)) - Successfully un-registered JMX Bean with object name Ratis:service=RaftServer,group=group-25469F3653D4,id=915ea2a1-2b04-4a8b-905a-cfef4591970c
2022-02-08 13:52:46,889 [Listener at 127.0.0.1/36213] INFO  impl.RoleInfo (RoleInfo.java:shutdownFollowerState(108)) - 915ea2a1-2b04-4a8b-905a-cfef4591970c: shutdown 915ea2a1-2b04-4a8b-905a-cfef4591970c@group-25469F3653D4-FollowerState
2022-02-08 13:52:46,889 [Listener at 127.0.0.1/36213] INFO  impl.StateMachineUpdater (StateMachineUpdater.java:stopAndJoin(149)) - 915ea2a1-2b04-4a8b-905a-cfef4591970c@group-25469F3653D4-StateMachineUpdater: set stopIndex = 11
2022-02-08 13:52:46,889 [915ea2a1-2b04-4a8b-905a-cfef4591970c@group-25469F3653D4-FollowerState] INFO  impl.FollowerState (FollowerState.java:run(143)) - 915ea2a1-2b04-4a8b-905a-cfef4591970c@group-25469F3653D4-FollowerState was interrupted: {}
java.lang.InterruptedException: sleep interrupted
	at java.lang.Thread.sleep(Native Method)
	at java.lang.Thread.sleep(Thread.java:340)
	at java.util.concurrent.TimeUnit.sleep(TimeUnit.java:386)
	at org.apache.ratis.util.TimeDuration.sleep(TimeDuration.java:324)
	at org.apache.ratis.util.TimeDuration.sleep(TimeDuration.java:309)
	at org.apache.ratis.server.impl.FollowerState.run(FollowerState.java:118)
2022-02-08 13:52:46,890 [915ea2a1-2b04-4a8b-905a-cfef4591970c@group-25469F3653D4-StateMachineUpdater] INFO  ratis.ContainerStateMachine (ContainerStateMachine.java:takeSnapshot(299)) - group-25469F3653D4: Taking a snapshot at:(t:1, i:11) file /home/runner/work/ozone/ozone/hadoop-ozone/integration-test/target/test-dir/MiniOzoneClusterImpl-44b62ea4-a9d0-4540-a736-82fb29945a00/datanode-2/data/ratis/60fdb779-c7c1-4438-b616-25469f3653d4/sm/snapshot.1_11
2022-02-08 13:52:46,894 [915ea2a1-2b04-4a8b-905a-cfef4591970c@group-25469F3653D4-StateMachineUpdater] INFO  ratis.ContainerStateMachine (ContainerStateMachine.java:takeSnapshot(310)) - group-25469F3653D4: Finished taking a snapshot at:(t:1, i:11) file:/home/runner/work/ozone/ozone/hadoop-ozone/integration-test/target/test-dir/MiniOzoneClusterImpl-44b62ea4-a9d0-4540-a736-82fb29945a00/datanode-2/data/ratis/60fdb779-c7c1-4438-b616-25469f3653d4/sm/snapshot.1_11 took: 4 ms
2022-02-08 13:52:46,894 [915ea2a1-2b04-4a8b-905a-cfef4591970c@group-25469F3653D4-StateMachineUpdater] INFO  impl.StateMachineUpdater (StateMachineUpdater.java:takeSnapshot(281)) - 915ea2a1-2b04-4a8b-905a-cfef4591970c@group-25469F3653D4-StateMachineUpdater: Took a snapshot at index 11
2022-02-08 13:52:46,894 [915ea2a1-2b04-4a8b-905a-cfef4591970c@group-25469F3653D4-StateMachineUpdater] INFO  impl.StateMachineUpdater (StateMachineUpdater.java:lambda$new$0(89)) - 915ea2a1-2b04-4a8b-905a-cfef4591970c@group-25469F3653D4-StateMachineUpdater: snapshotIndex: updateIncreasingly -1 -> 11
2022-02-08 13:52:46,895 [Listener at 127.0.0.1/36213] INFO  server.RaftServer$Division (ServerState.java:close(419)) - 915ea2a1-2b04-4a8b-905a-cfef4591970c@group-25469F3653D4: closes. applyIndex: 11
2022-02-08 13:52:46,895 [915ea2a1-2b04-4a8b-905a-cfef4591970c@group-25469F3653D4-SegmentedRaftLogWorker] INFO  segmented.SegmentedRaftLogWorker (SegmentedRaftLogWorker.java:run(327)) - 915ea2a1-2b04-4a8b-905a-cfef4591970c@group-25469F3653D4-SegmentedRaftLogWorker was interrupted, exiting. There are 0 tasks remaining in the queue.
2022-02-08 13:52:46,896 [Listener at 127.0.0.1/36213] INFO  segmented.SegmentedRaftLogWorker (SegmentedRaftLogWorker.java:close(237)) - 915ea2a1-2b04-4a8b-905a-cfef4591970c@group-25469F3653D4-SegmentedRaftLogWorker close()
2022-02-08 13:52:46,898 [Listener at 127.0.0.1/36213] INFO  server.GrpcService (GrpcService.java:closeImpl(262)) - 915ea2a1-2b04-4a8b-905a-cfef4591970c: shutdown server with port 35197 now
2022-02-08 13:52:46,903 [grpc-default-executor-1] WARN  server.GrpcServerProtocolService (LogUtils.java:warn(122)) - 915ea2a1-2b04-4a8b-905a-cfef4591970c: installSnapshot onError, lastRequest: 74cc591c-4d52-479e-aacc-08a66935e120->915ea2a1-2b04-4a8b-905a-cfef4591970c#26-t1,previous=(t:1, i:10),leaderCommit=9,initializing? true,entries: size=1, first=(t:1, i:11), METADATAENTRY(c:9): org.apache.ratis.thirdparty.io.grpc.StatusRuntimeException: CANCELLED: client cancelled
2022-02-08 13:52:46,906 [Listener at 127.0.0.1/36213] INFO  server.GrpcService (GrpcService.java:closeImpl(271)) - 915ea2a1-2b04-4a8b-905a-cfef4591970c: shutdown server with port 35197 successfully
2022-02-08 13:52:46,907 [grpc-default-executor-1] WARN  server.GrpcLogAppender (LogUtils.java:warn(122)) - 74cc591c-4d52-479e-aacc-08a66935e120@group-25469F3653D4->915ea2a1-2b04-4a8b-905a-cfef4591970c-AppendLogResponseHandler: Failed appendEntries: org.apache.ratis.thirdparty.io.grpc.StatusRuntimeException: CANCELLED: HTTP/2 error code: CANCEL
Received Rst Stream
2022-02-08 13:52:46,909 [org.apache.ratis.util.JvmPauseMonitor$$Lambda$431/1827212229@3a273804] INFO  util.JvmPauseMonitor (JvmPauseMonitor.java:run(109)) - JvmPauseMonitor-915ea2a1-2b04-4a8b-905a-cfef4591970c: Stopped
2022-02-08 13:52:46,910 [grpc-default-executor-1] INFO  leader.FollowerInfo (FollowerInfoImpl.java:lambda$new$0(47)) - 74cc591c-4d52-479e-aacc-08a66935e120@group-25469F3653D4->915ea2a1-2b04-4a8b-905a-cfef4591970c: nextIndex: updateUnconditionally 12 -> 11
2022-02-08 13:52:46,958 [grpc-default-executor-2] WARN  server.GrpcLogAppender (LogUtils.java:warn(122)) - 74cc591c-4d52-479e-aacc-08a66935e120@group-25469F3653D4->915ea2a1-2b04-4a8b-905a-cfef4591970c-AppendLogResponseHandler: Failed appendEntries: org.apache.ratis.thirdparty.io.grpc.StatusRuntimeException: UNAVAILABLE: io exception
2022-02-08 13:52:46,960 [grpc-default-executor-2] INFO  leader.FollowerInfo (FollowerInfoImpl.java:lambda$new$0(47)) - 74cc591c-4d52-479e-aacc-08a66935e120@group-25469F3653D4->915ea2a1-2b04-4a8b-905a-cfef4591970c: nextIndex: updateUnconditionally 12 -> 11
2022-02-08 13:52:47,994 [f61a4b31-682a-41d1-a434-a20bd71c25fb@group-99362A9385E5-FollowerState] INFO  impl.FollowerState (FollowerState.java:run(134)) - f61a4b31-682a-41d1-a434-a20bd71c25fb@group-99362A9385E5-FollowerState: change to CANDIDATE, lastRpcElapsedTime:5012328576ns, electionTimeout:5012ms
2022-02-08 13:52:47,994 [f61a4b31-682a-41d1-a434-a20bd71c25fb@group-99362A9385E5-FollowerState] INFO  impl.RoleInfo (RoleInfo.java:shutdownFollowerState(108)) - f61a4b31-682a-41d1-a434-a20bd71c25fb: shutdown f61a4b31-682a-41d1-a434-a20bd71c25fb@group-99362A9385E5-FollowerState
2022-02-08 13:52:47,994 [f61a4b31-682a-41d1-a434-a20bd71c25fb@group-99362A9385E5-FollowerState] INFO  server.RaftServer$Division (RaftServerImpl.java:setRole(290)) - f61a4b31-682a-41d1-a434-a20bd71c25fb@group-99362A9385E5: changes role from  FOLLOWER to CANDIDATE at term 2 for changeToCandidate
2022-02-08 13:52:47,994 [f61a4b31-682a-41d1-a434-a20bd71c25fb@group-99362A9385E5-FollowerState] INFO  server.RaftServerConfigKeys (ConfUtils.java:logGet(44)) - raft.server.leaderelection.pre-vote = false (custom)
2022-02-08 13:52:47,994 [f61a4b31-682a-41d1-a434-a20bd71c25fb@group-99362A9385E5-FollowerState] INFO  impl.RoleInfo (RoleInfo.java:updateAndGet(130)) - f61a4b31-682a-41d1-a434-a20bd71c25fb: start f61a4b31-682a-41d1-a434-a20bd71c25fb@group-99362A9385E5-LeaderElection19
2022-02-08 13:52:47,999 [f61a4b31-682a-41d1-a434-a20bd71c25fb@group-99362A9385E5-LeaderElection19] INFO  impl.LeaderElection (LeaderElection.java:askForVotes(306)) - f61a4b31-682a-41d1-a434-a20bd71c25fb@group-99362A9385E5-LeaderElection19 ELECTION round 0: submit vote requests at term 3 for -1: [da611cd8-d6f8-40e9-9825-4d5039a9b9e1|rpc:10.1.0.34:39351|dataStream:|priority:1, a5053940-3165-42e9-acd7-ef11441d188e|rpc:10.1.0.34:35549|dataStream:|priority:0, f61a4b31-682a-41d1-a434-a20bd71c25fb|rpc:10.1.0.34:43123|dataStream:|priority:0], old=null
2022-02-08 13:52:48,003 [grpc-default-executor-2] INFO  server.RaftServer$Division (RaftServerImpl.java:requestVote(1046)) - a5053940-3165-42e9-acd7-ef11441d188e@group-99362A9385E5: receive requestVote(ELECTION, f61a4b31-682a-41d1-a434-a20bd71c25fb, group-99362A9385E5, 3, (t:0, i:0))
2022-02-08 13:52:48,004 [grpc-default-executor-2] INFO  impl.VoteContext (VoteContext.java:log(48)) - a5053940-3165-42e9-acd7-ef11441d188e@group-99362A9385E5-FOLLOWER: accept ELECTION from f61a4b31-682a-41d1-a434-a20bd71c25fb: our priority 0 <= candidate's priority 0
2022-02-08 13:52:48,004 [grpc-default-executor-2] INFO  server.RaftServer$Division (RaftServerImpl.java:setRole(290)) - a5053940-3165-42e9-acd7-ef11441d188e@group-99362A9385E5: changes role from  FOLLOWER to FOLLOWER at term 3 for candidate:f61a4b31-682a-41d1-a434-a20bd71c25fb
2022-02-08 13:52:48,004 [grpc-default-executor-2] INFO  impl.RoleInfo (RoleInfo.java:shutdownFollowerState(108)) - a5053940-3165-42e9-acd7-ef11441d188e: shutdown a5053940-3165-42e9-acd7-ef11441d188e@group-99362A9385E5-FollowerState
2022-02-08 13:52:48,004 [grpc-default-executor-2] INFO  impl.RoleInfo (RoleInfo.java:updateAndGet(130)) - a5053940-3165-42e9-acd7-ef11441d188e: start a5053940-3165-42e9-acd7-ef11441d188e@group-99362A9385E5-FollowerState
2022-02-08 13:52:48,004 [a5053940-3165-42e9-acd7-ef11441d188e@group-99362A9385E5-FollowerState] INFO  impl.FollowerState (FollowerState.java:run(143)) - a5053940-3165-42e9-acd7-ef11441d188e@group-99362A9385E5-FollowerState was interrupted: {}
java.lang.InterruptedException: sleep interrupted
	at java.lang.Thread.sleep(Native Method)
	at java.lang.Thread.sleep(Thread.java:340)
	at java.util.concurrent.TimeUnit.sleep(TimeUnit.java:386)
	at org.apache.ratis.util.TimeDuration.sleep(TimeDuration.java:324)
	at org.apache.ratis.util.TimeDuration.sleep(TimeDuration.java:309)
	at org.apache.ratis.server.impl.FollowerState.run(FollowerState.java:118)
2022-02-08 13:52:48,012 [grpc-default-executor-1] INFO  server.RaftServer$Division (RaftServerImpl.java:requestVote(1046)) - da611cd8-d6f8-40e9-9825-4d5039a9b9e1@group-99362A9385E5: receive requestVote(ELECTION, f61a4b31-682a-41d1-a434-a20bd71c25fb, group-99362A9385E5, 3, (t:0, i:0))
2022-02-08 13:52:48,014 [grpc-default-executor-2] INFO  server.RaftServer$Division (RaftServerImpl.java:requestVote(1078)) - a5053940-3165-42e9-acd7-ef11441d188e@group-99362A9385E5 replies to ELECTION vote request: f61a4b31-682a-41d1-a434-a20bd71c25fb<-a5053940-3165-42e9-acd7-ef11441d188e#0:OK-t3. Peer's state: a5053940-3165-42e9-acd7-ef11441d188e@group-99362A9385E5:t3, leader=null, voted=f61a4b31-682a-41d1-a434-a20bd71c25fb, raftlog=a5053940-3165-42e9-acd7-ef11441d188e@group-99362A9385E5-SegmentedRaftLog:OPENED:c-1, conf=-1: [da611cd8-d6f8-40e9-9825-4d5039a9b9e1|rpc:10.1.0.34:39351|priority:1, a5053940-3165-42e9-acd7-ef11441d188e|rpc:10.1.0.34:35549|priority:0, f61a4b31-682a-41d1-a434-a20bd71c25fb|rpc:10.1.0.34:43123|priority:0], old=null
2022-02-08 13:52:48,016 [grpc-default-executor-1] INFO  impl.VoteContext (VoteContext.java:log(48)) - da611cd8-d6f8-40e9-9825-4d5039a9b9e1@group-99362A9385E5-FOLLOWER: reject ELECTION from f61a4b31-682a-41d1-a434-a20bd71c25fb: our priority 1 > candidate's priority 0
2022-02-08 13:52:48,016 [grpc-default-executor-1] INFO  server.RaftServer$Division (RaftServerImpl.java:setRole(290)) - da611cd8-d6f8-40e9-9825-4d5039a9b9e1@group-99362A9385E5: changes role from  FOLLOWER to FOLLOWER at term 3 for candidate:f61a4b31-682a-41d1-a434-a20bd71c25fb
2022-02-08 13:52:48,016 [grpc-default-executor-1] INFO  impl.RoleInfo (RoleInfo.java:shutdownFollowerState(108)) - da611cd8-d6f8-40e9-9825-4d5039a9b9e1: shutdown da611cd8-d6f8-40e9-9825-4d5039a9b9e1@group-99362A9385E5-FollowerState
2022-02-08 13:52:48,016 [grpc-default-executor-1] INFO  impl.RoleInfo (RoleInfo.java:updateAndGet(130)) - da611cd8-d6f8-40e9-9825-4d5039a9b9e1: start da611cd8-d6f8-40e9-9825-4d5039a9b9e1@group-99362A9385E5-FollowerState
2022-02-08 13:52:48,016 [da611cd8-d6f8-40e9-9825-4d5039a9b9e1@group-99362A9385E5-FollowerState] INFO  impl.FollowerState (FollowerState.java:run(143)) - da611cd8-d6f8-40e9-9825-4d5039a9b9e1@group-99362A9385E5-FollowerState was interrupted: {}
java.lang.InterruptedException: sleep interrupted
	at java.lang.Thread.sleep(Native Method)
	at java.lang.Thread.sleep(Thread.java:340)
	at java.util.concurrent.TimeUnit.sleep(TimeUnit.java:386)
	at org.apache.ratis.util.TimeDuration.sleep(TimeDuration.java:324)
	at org.apache.ratis.util.TimeDuration.sleep(TimeDuration.java:309)
	at org.apache.ratis.server.impl.FollowerState.run(FollowerState.java:118)
2022-02-08 13:52:48,027 [grpc-default-executor-1] INFO  server.RaftServer$Division (RaftServerImpl.java:requestVote(1078)) - da611cd8-d6f8-40e9-9825-4d5039a9b9e1@group-99362A9385E5 replies to ELECTION vote request: f61a4b31-682a-41d1-a434-a20bd71c25fb<-da611cd8-d6f8-40e9-9825-4d5039a9b9e1#0:FAIL-t3. Peer's state: da611cd8-d6f8-40e9-9825-4d5039a9b9e1@group-99362A9385E5:t3, leader=null, voted=null, raftlog=da611cd8-d6f8-40e9-9825-4d5039a9b9e1@group-99362A9385E5-SegmentedRaftLog:OPENED:c-1, conf=-1: [da611cd8-d6f8-40e9-9825-4d5039a9b9e1|rpc:10.1.0.34:39351|dataStream:|priority:1, a5053940-3165-42e9-acd7-ef11441d188e|rpc:10.1.0.34:35549|dataStream:|priority:0, f61a4b31-682a-41d1-a434-a20bd71c25fb|rpc:10.1.0.34:43123|dataStream:|priority:0], old=null
2022-02-08 13:52:48,029 [f61a4b31-682a-41d1-a434-a20bd71c25fb@group-99362A9385E5-LeaderElection19] INFO  impl.LeaderElection (LeaderElection.java:logAndReturn(89)) - f61a4b31-682a-41d1-a434-a20bd71c25fb@group-99362A9385E5-LeaderElection19: ELECTION REJECTED received 2 response(s) and 0 exception(s):
2022-02-08 13:52:48,029 [f61a4b31-682a-41d1-a434-a20bd71c25fb@group-99362A9385E5-LeaderElection19] INFO  impl.LeaderElection (LeaderElection.java:logAndReturn(93)) -   Response 0: f61a4b31-682a-41d1-a434-a20bd71c25fb<-a5053940-3165-42e9-acd7-ef11441d188e#0:OK-t3
2022-02-08 13:52:48,029 [f61a4b31-682a-41d1-a434-a20bd71c25fb@group-99362A9385E5-LeaderElection19] INFO  impl.LeaderElection (LeaderElection.java:logAndReturn(93)) -   Response 1: f61a4b31-682a-41d1-a434-a20bd71c25fb<-da611cd8-d6f8-40e9-9825-4d5039a9b9e1#0:FAIL-t3
2022-02-08 13:52:48,029 [f61a4b31-682a-41d1-a434-a20bd71c25fb@group-99362A9385E5-LeaderElection19] INFO  impl.LeaderElection (LeaderElection.java:askForVotes(308)) - f61a4b31-682a-41d1-a434-a20bd71c25fb@group-99362A9385E5-LeaderElection19 ELECTION round 0: result REJECTED
2022-02-08 13:52:48,030 [f61a4b31-682a-41d1-a434-a20bd71c25fb@group-99362A9385E5-LeaderElection19] INFO  server.RaftServer$Division (RaftServerImpl.java:setRole(290)) - f61a4b31-682a-41d1-a434-a20bd71c25fb@group-99362A9385E5: changes role from CANDIDATE to FOLLOWER at term 3 for REJECTED
2022-02-08 13:52:48,030 [f61a4b31-682a-41d1-a434-a20bd71c25fb@group-99362A9385E5-LeaderElection19] INFO  impl.RoleInfo (RoleInfo.java:shutdownLeaderElection(121)) - f61a4b31-682a-41d1-a434-a20bd71c25fb: shutdown f61a4b31-682a-41d1-a434-a20bd71c25fb@group-99362A9385E5-LeaderElection19
2022-02-08 13:52:48,031 [f61a4b31-682a-41d1-a434-a20bd71c25fb@group-99362A9385E5-LeaderElection19] INFO  impl.RoleInfo (RoleInfo.java:updateAndGet(130)) - f61a4b31-682a-41d1-a434-a20bd71c25fb: start f61a4b31-682a-41d1-a434-a20bd71c25fb@group-99362A9385E5-FollowerState
2022-02-08 13:52:48,707 [a7553d9d-67d8-423e-ad9b-7e30726581c7@group-6046E76B0741-FollowerState] INFO  impl.FollowerState (FollowerState.java:run(134)) - a7553d9d-67d8-423e-ad9b-7e30726581c7@group-6046E76B0741-FollowerState: change to CANDIDATE, lastRpcElapsedTime:5037701634ns, electionTimeout:5036ms
2022-02-08 13:52:48,707 [a7553d9d-67d8-423e-ad9b-7e30726581c7@group-6046E76B0741-FollowerState] INFO  impl.RoleInfo (RoleInfo.java:shutdownFollowerState(108)) - a7553d9d-67d8-423e-ad9b-7e30726581c7: shutdown a7553d9d-67d8-423e-ad9b-7e30726581c7@group-6046E76B0741-FollowerState
2022-02-08 13:52:48,707 [a7553d9d-67d8-423e-ad9b-7e30726581c7@group-6046E76B0741-FollowerState] INFO  server.RaftServer$Division (RaftServerImpl.java:setRole(290)) - a7553d9d-67d8-423e-ad9b-7e30726581c7@group-6046E76B0741: changes role from  FOLLOWER to CANDIDATE at term 2 for changeToCandidate
2022-02-08 13:52:48,707 [a7553d9d-67d8-423e-ad9b-7e30726581c7@group-6046E76B0741-FollowerState] INFO  server.RaftServerConfigKeys (ConfUtils.java:logGet(44)) - raft.server.leaderelection.pre-vote = false (custom)
2022-02-08 13:52:48,707 [a7553d9d-67d8-423e-ad9b-7e30726581c7@group-6046E76B0741-FollowerState] INFO  impl.RoleInfo (RoleInfo.java:updateAndGet(130)) - a7553d9d-67d8-423e-ad9b-7e30726581c7: start a7553d9d-67d8-423e-ad9b-7e30726581c7@group-6046E76B0741-LeaderElection20
2022-02-08 13:52:48,710 [db4f20b8-0dce-4a7c-897b-5d9165b059cf@group-6046E76B0741-FollowerState] INFO  impl.FollowerState (FollowerState.java:run(134)) - db4f20b8-0dce-4a7c-897b-5d9165b059cf@group-6046E76B0741-FollowerState: change to CANDIDATE, lastRpcElapsedTime:5045701903ns, electionTimeout:5044ms
2022-02-08 13:52:48,710 [db4f20b8-0dce-4a7c-897b-5d9165b059cf@group-6046E76B0741-FollowerState] INFO  impl.RoleInfo (RoleInfo.java:shutdownFollowerState(108)) - db4f20b8-0dce-4a7c-897b-5d9165b059cf: shutdown db4f20b8-0dce-4a7c-897b-5d9165b059cf@group-6046E76B0741-FollowerState
2022-02-08 13:52:48,710 [db4f20b8-0dce-4a7c-897b-5d9165b059cf@group-6046E76B0741-FollowerState] INFO  server.RaftServer$Division (RaftServerImpl.java:setRole(290)) - db4f20b8-0dce-4a7c-897b-5d9165b059cf@group-6046E76B0741: changes role from  FOLLOWER to CANDIDATE at term 2 for changeToCandidate
2022-02-08 13:52:48,710 [db4f20b8-0dce-4a7c-897b-5d9165b059cf@group-6046E76B0741-FollowerState] INFO  server.RaftServerConfigKeys (ConfUtils.java:logGet(44)) - raft.server.leaderelection.pre-vote = false (custom)
2022-02-08 13:52:48,710 [db4f20b8-0dce-4a7c-897b-5d9165b059cf@group-6046E76B0741-FollowerState] INFO  impl.RoleInfo (RoleInfo.java:updateAndGet(130)) - db4f20b8-0dce-4a7c-897b-5d9165b059cf: start db4f20b8-0dce-4a7c-897b-5d9165b059cf@group-6046E76B0741-LeaderElection21
2022-02-08 13:52:48,712 [a7553d9d-67d8-423e-ad9b-7e30726581c7@group-6046E76B0741-LeaderElection20] INFO  impl.LeaderElection (LeaderElection.java:askForVotes(306)) - a7553d9d-67d8-423e-ad9b-7e30726581c7@group-6046E76B0741-LeaderElection20 ELECTION round 0: submit vote requests at term 3 for -1: [a7553d9d-67d8-423e-ad9b-7e30726581c7|rpc:10.1.0.34:32871|priority:0, 5f9aa48b-2f61-4154-bb84-50a0aaf99a3b|rpc:10.1.0.34:40765|priority:0, db4f20b8-0dce-4a7c-897b-5d9165b059cf|rpc:10.1.0.34:43059|priority:1], old=null
2022-02-08 13:52:48,719 [db4f20b8-0dce-4a7c-897b-5d9165b059cf@group-6046E76B0741-LeaderElection21] INFO  impl.LeaderElection (LeaderElection.java:askForVotes(306)) - db4f20b8-0dce-4a7c-897b-5d9165b059cf@group-6046E76B0741-LeaderElection21 ELECTION round 0: submit vote requests at term 3 for -1: [a7553d9d-67d8-423e-ad9b-7e30726581c7|rpc:10.1.0.34:32871|dataStream:|priority:0, 5f9aa48b-2f61-4154-bb84-50a0aaf99a3b|rpc:10.1.0.34:40765|dataStream:|priority:0, db4f20b8-0dce-4a7c-897b-5d9165b059cf|rpc:10.1.0.34:43059|dataStream:|priority:1], old=null
2022-02-08 13:52:48,723 [grpc-default-executor-1] INFO  server.RaftServer$Division (RaftServerImpl.java:requestVote(1046)) - 5f9aa48b-2f61-4154-bb84-50a0aaf99a3b@group-6046E76B0741: receive requestVote(ELECTION, a7553d9d-67d8-423e-ad9b-7e30726581c7, group-6046E76B0741, 3, (t:0, i:0))
2022-02-08 13:52:48,723 [grpc-default-executor-1] INFO  impl.VoteContext (VoteContext.java:log(48)) - 5f9aa48b-2f61-4154-bb84-50a0aaf99a3b@group-6046E76B0741-FOLLOWER: accept ELECTION from a7553d9d-67d8-423e-ad9b-7e30726581c7: our priority 0 <= candidate's priority 0
2022-02-08 13:52:48,723 [grpc-default-executor-1] INFO  server.RaftServer$Division (RaftServerImpl.java:setRole(290)) - 5f9aa48b-2f61-4154-bb84-50a0aaf99a3b@group-6046E76B0741: changes role from  FOLLOWER to FOLLOWER at term 3 for candidate:a7553d9d-67d8-423e-ad9b-7e30726581c7
2022-02-08 13:52:48,723 [grpc-default-executor-1] INFO  impl.RoleInfo (RoleInfo.java:shutdownFollowerState(108)) - 5f9aa48b-2f61-4154-bb84-50a0aaf99a3b: shutdown 5f9aa48b-2f61-4154-bb84-50a0aaf99a3b@group-6046E76B0741-FollowerState
2022-02-08 13:52:48,724 [grpc-default-executor-1] INFO  impl.RoleInfo (RoleInfo.java:updateAndGet(130)) - 5f9aa48b-2f61-4154-bb84-50a0aaf99a3b: start 5f9aa48b-2f61-4154-bb84-50a0aaf99a3b@group-6046E76B0741-FollowerState
2022-02-08 13:52:48,725 [5f9aa48b-2f61-4154-bb84-50a0aaf99a3b@group-6046E76B0741-FollowerState] INFO  impl.FollowerState (FollowerState.java:run(143)) - 5f9aa48b-2f61-4154-bb84-50a0aaf99a3b@group-6046E76B0741-FollowerState was interrupted: {}
java.lang.InterruptedException: sleep interrupted
	at java.lang.Thread.sleep(Native Method)
	at java.lang.Thread.sleep(Thread.java:340)
	at java.util.concurrent.TimeUnit.sleep(TimeUnit.java:386)
	at org.apache.ratis.util.TimeDuration.sleep(TimeDuration.java:324)
	at org.apache.ratis.util.TimeDuration.sleep(TimeDuration.java:309)
	at org.apache.ratis.server.impl.FollowerState.run(FollowerState.java:118)
2022-02-08 13:52:48,730 [grpc-default-executor-2] INFO  server.RaftServer$Division (RaftServerImpl.java:requestVote(1046)) - a7553d9d-67d8-423e-ad9b-7e30726581c7@group-6046E76B0741: receive requestVote(ELECTION, db4f20b8-0dce-4a7c-897b-5d9165b059cf, group-6046E76B0741, 3, (t:0, i:0))
2022-02-08 13:52:48,731 [grpc-default-executor-2] INFO  impl.VoteContext (VoteContext.java:log(48)) - a7553d9d-67d8-423e-ad9b-7e30726581c7@group-6046E76B0741-CANDIDATE: reject ELECTION from db4f20b8-0dce-4a7c-897b-5d9165b059cf: already has voted for a7553d9d-67d8-423e-ad9b-7e30726581c7 at current term 3
2022-02-08 13:52:48,731 [grpc-default-executor-2] INFO  server.RaftServer$Division (RaftServerImpl.java:requestVote(1078)) - a7553d9d-67d8-423e-ad9b-7e30726581c7@group-6046E76B0741 replies to ELECTION vote request: db4f20b8-0dce-4a7c-897b-5d9165b059cf<-a7553d9d-67d8-423e-ad9b-7e30726581c7#0:FAIL-t3. Peer's state: a7553d9d-67d8-423e-ad9b-7e30726581c7@group-6046E76B0741:t3, leader=null, voted=a7553d9d-67d8-423e-ad9b-7e30726581c7, raftlog=a7553d9d-67d8-423e-ad9b-7e30726581c7@group-6046E76B0741-SegmentedRaftLog:OPENED:c-1, conf=-1: [a7553d9d-67d8-423e-ad9b-7e30726581c7|rpc:10.1.0.34:32871|priority:0, 5f9aa48b-2f61-4154-bb84-50a0aaf99a3b|rpc:10.1.0.34:40765|priority:0, db4f20b8-0dce-4a7c-897b-5d9165b059cf|rpc:10.1.0.34:43059|priority:1], old=null
2022-02-08 13:52:48,731 [grpc-default-executor-1] INFO  server.RaftServer$Division (RaftServerImpl.java:requestVote(1078)) - 5f9aa48b-2f61-4154-bb84-50a0aaf99a3b@group-6046E76B0741 replies to ELECTION vote request: a7553d9d-67d8-423e-ad9b-7e30726581c7<-5f9aa48b-2f61-4154-bb84-50a0aaf99a3b#0:OK-t3. Peer's state: 5f9aa48b-2f61-4154-bb84-50a0aaf99a3b@group-6046E76B0741:t3, leader=null, voted=a7553d9d-67d8-423e-ad9b-7e30726581c7, raftlog=5f9aa48b-2f61-4154-bb84-50a0aaf99a3b@group-6046E76B0741-SegmentedRaftLog:OPENED:c-1, conf=-1: [a7553d9d-67d8-423e-ad9b-7e30726581c7|rpc:10.1.0.34:32871|dataStream:|priority:0, 5f9aa48b-2f61-4154-bb84-50a0aaf99a3b|rpc:10.1.0.34:40765|dataStream:|priority:0, db4f20b8-0dce-4a7c-897b-5d9165b059cf|rpc:10.1.0.34:43059|dataStream:|priority:1], old=null
2022-02-08 13:52:48,740 [grpc-default-executor-1] INFO  server.RaftServer$Division (RaftServerImpl.java:requestVote(1046)) - db4f20b8-0dce-4a7c-897b-5d9165b059cf@group-6046E76B0741: receive requestVote(ELECTION, a7553d9d-67d8-423e-ad9b-7e30726581c7, group-6046E76B0741, 3, (t:0, i:0))
2022-02-08 13:52:48,740 [grpc-default-executor-1] INFO  impl.VoteContext (VoteContext.java:log(48)) - db4f20b8-0dce-4a7c-897b-5d9165b059cf@group-6046E76B0741-CANDIDATE: reject ELECTION from a7553d9d-67d8-423e-ad9b-7e30726581c7: already has voted for db4f20b8-0dce-4a7c-897b-5d9165b059cf at current term 3
2022-02-08 13:52:48,740 [grpc-default-executor-1] INFO  server.RaftServer$Division (RaftServerImpl.java:requestVote(1078)) - db4f20b8-0dce-4a7c-897b-5d9165b059cf@group-6046E76B0741 replies to ELECTION vote request: a7553d9d-67d8-423e-ad9b-7e30726581c7<-db4f20b8-0dce-4a7c-897b-5d9165b059cf#0:FAIL-t3. Peer's state: db4f20b8-0dce-4a7c-897b-5d9165b059cf@group-6046E76B0741:t3, leader=null, voted=db4f20b8-0dce-4a7c-897b-5d9165b059cf, raftlog=db4f20b8-0dce-4a7c-897b-5d9165b059cf@group-6046E76B0741-SegmentedRaftLog:OPENED:c-1, conf=-1: [a7553d9d-67d8-423e-ad9b-7e30726581c7|rpc:10.1.0.34:32871|dataStream:|priority:0, 5f9aa48b-2f61-4154-bb84-50a0aaf99a3b|rpc:10.1.0.34:40765|dataStream:|priority:0, db4f20b8-0dce-4a7c-897b-5d9165b059cf|rpc:10.1.0.34:43059|dataStream:|priority:1], old=null
2022-02-08 13:52:48,741 [a7553d9d-67d8-423e-ad9b-7e30726581c7@group-6046E76B0741-LeaderElection20] INFO  impl.LeaderElection (LeaderElection.java:logAndReturn(89)) - a7553d9d-67d8-423e-ad9b-7e30726581c7@group-6046E76B0741-LeaderElection20: ELECTION REJECTED received 2 response(s) and 0 exception(s):
2022-02-08 13:52:48,742 [a7553d9d-67d8-423e-ad9b-7e30726581c7@group-6046E76B0741-LeaderElection20] INFO  impl.LeaderElection (LeaderElection.java:logAndReturn(93)) -   Response 0: a7553d9d-67d8-423e-ad9b-7e30726581c7<-5f9aa48b-2f61-4154-bb84-50a0aaf99a3b#0:OK-t3
2022-02-08 13:52:48,742 [a7553d9d-67d8-423e-ad9b-7e30726581c7@group-6046E76B0741-LeaderElection20] INFO  impl.LeaderElection (LeaderElection.java:logAndReturn(93)) -   Response 1: a7553d9d-67d8-423e-ad9b-7e30726581c7<-db4f20b8-0dce-4a7c-897b-5d9165b059cf#0:FAIL-t3
2022-02-08 13:52:48,742 [a7553d9d-67d8-423e-ad9b-7e30726581c7@group-6046E76B0741-LeaderElection20] INFO  impl.LeaderElection (LeaderElection.java:askForVotes(308)) - a7553d9d-67d8-423e-ad9b-7e30726581c7@group-6046E76B0741-LeaderElection20 ELECTION round 0: result REJECTED
2022-02-08 13:52:48,742 [a7553d9d-67d8-423e-ad9b-7e30726581c7@group-6046E76B0741-LeaderElection20] INFO  server.RaftServer$Division (RaftServerImpl.java:setRole(290)) - a7553d9d-67d8-423e-ad9b-7e30726581c7@group-6046E76B0741: changes role from CANDIDATE to FOLLOWER at term 3 for REJECTED
2022-02-08 13:52:48,742 [a7553d9d-67d8-423e-ad9b-7e30726581c7@group-6046E76B0741-LeaderElection20] INFO  impl.RoleInfo (RoleInfo.java:shutdownLeaderElection(121)) - a7553d9d-67d8-423e-ad9b-7e30726581c7: shutdown a7553d9d-67d8-423e-ad9b-7e30726581c7@group-6046E76B0741-LeaderElection20
2022-02-08 13:52:48,742 [a7553d9d-67d8-423e-ad9b-7e30726581c7@group-6046E76B0741-LeaderElection20] INFO  impl.RoleInfo (RoleInfo.java:updateAndGet(130)) - a7553d9d-67d8-423e-ad9b-7e30726581c7: start a7553d9d-67d8-423e-ad9b-7e30726581c7@group-6046E76B0741-FollowerState
2022-02-08 13:52:48,745 [grpc-default-executor-2] INFO  server.RaftServer$Division (RaftServerImpl.java:requestVote(1046)) - 5f9aa48b-2f61-4154-bb84-50a0aaf99a3b@group-6046E76B0741: receive requestVote(ELECTION, db4f20b8-0dce-4a7c-897b-5d9165b059cf, group-6046E76B0741, 3, (t:0, i:0))
2022-02-08 13:52:48,746 [grpc-default-executor-2] INFO  impl.VoteContext (VoteContext.java:log(48)) - 5f9aa48b-2f61-4154-bb84-50a0aaf99a3b@group-6046E76B0741-FOLLOWER: reject ELECTION from db4f20b8-0dce-4a7c-897b-5d9165b059cf: already has voted for a7553d9d-67d8-423e-ad9b-7e30726581c7 at current term 3
2022-02-08 13:52:48,746 [grpc-default-executor-2] INFO  server.RaftServer$Division (RaftServerImpl.java:requestVote(1078)) - 5f9aa48b-2f61-4154-bb84-50a0aaf99a3b@group-6046E76B0741 replies to ELECTION vote request: db4f20b8-0dce-4a7c-897b-5d9165b059cf<-5f9aa48b-2f61-4154-bb84-50a0aaf99a3b#0:FAIL-t3. Peer's state: 5f9aa48b-2f61-4154-bb84-50a0aaf99a3b@group-6046E76B0741:t3, leader=null, voted=a7553d9d-67d8-423e-ad9b-7e30726581c7, raftlog=5f9aa48b-2f61-4154-bb84-50a0aaf99a3b@group-6046E76B0741-SegmentedRaftLog:OPENED:c-1, conf=-1: [a7553d9d-67d8-423e-ad9b-7e30726581c7|rpc:10.1.0.34:32871|dataStream:|priority:0, 5f9aa48b-2f61-4154-bb84-50a0aaf99a3b|rpc:10.1.0.34:40765|dataStream:|priority:0, db4f20b8-0dce-4a7c-897b-5d9165b059cf|rpc:10.1.0.34:43059|dataStream:|priority:1], old=null
2022-02-08 13:52:48,769 [db4f20b8-0dce-4a7c-897b-5d9165b059cf@group-6046E76B0741-LeaderElection21] INFO  impl.LeaderElection (LeaderElection.java:logAndReturn(89)) - db4f20b8-0dce-4a7c-897b-5d9165b059cf@group-6046E76B0741-LeaderElection21: ELECTION REJECTED received 2 response(s) and 0 exception(s):
2022-02-08 13:52:48,769 [db4f20b8-0dce-4a7c-897b-5d9165b059cf@group-6046E76B0741-LeaderElection21] INFO  impl.LeaderElection (LeaderElection.java:logAndReturn(93)) -   Response 0: db4f20b8-0dce-4a7c-897b-5d9165b059cf<-a7553d9d-67d8-423e-ad9b-7e30726581c7#0:FAIL-t3
2022-02-08 13:52:48,769 [db4f20b8-0dce-4a7c-897b-5d9165b059cf@group-6046E76B0741-LeaderElection21] INFO  impl.LeaderElection (LeaderElection.java:logAndReturn(93)) -   Response 1: db4f20b8-0dce-4a7c-897b-5d9165b059cf<-5f9aa48b-2f61-4154-bb84-50a0aaf99a3b#0:FAIL-t3
2022-02-08 13:52:48,769 [db4f20b8-0dce-4a7c-897b-5d9165b059cf@group-6046E76B0741-LeaderElection21] INFO  impl.LeaderElection (LeaderElection.java:askForVotes(308)) - db4f20b8-0dce-4a7c-897b-5d9165b059cf@group-6046E76B0741-LeaderElection21 ELECTION round 0: result REJECTED
2022-02-08 13:52:48,769 [db4f20b8-0dce-4a7c-897b-5d9165b059cf@group-6046E76B0741-LeaderElection21] INFO  server.RaftServer$Division (RaftServerImpl.java:setRole(290)) - db4f20b8-0dce-4a7c-897b-5d9165b059cf@group-6046E76B0741: changes role from CANDIDATE to FOLLOWER at term 3 for REJECTED
2022-02-08 13:52:48,769 [db4f20b8-0dce-4a7c-897b-5d9165b059cf@group-6046E76B0741-LeaderElection21] INFO  impl.RoleInfo (RoleInfo.java:shutdownLeaderElection(121)) - db4f20b8-0dce-4a7c-897b-5d9165b059cf: shutdown db4f20b8-0dce-4a7c-897b-5d9165b059cf@group-6046E76B0741-LeaderElection21
2022-02-08 13:52:48,769 [db4f20b8-0dce-4a7c-897b-5d9165b059cf@group-6046E76B0741-LeaderElection21] INFO  impl.RoleInfo (RoleInfo.java:updateAndGet(130)) - db4f20b8-0dce-4a7c-897b-5d9165b059cf: start db4f20b8-0dce-4a7c-897b-5d9165b059cf@group-6046E76B0741-FollowerState
2022-02-08 13:52:48,923 [Listener at 127.0.0.1/36213] INFO  utils.BackgroundService (BackgroundService.java:shutdown(132)) - Shutting down service BlockDeletingService
2022-02-08 13:52:49,449 [grpc-default-executor-2] WARN  server.GrpcLogAppender (LogUtils.java:warn(122)) - 74cc591c-4d52-479e-aacc-08a66935e120@group-25469F3653D4->915ea2a1-2b04-4a8b-905a-cfef4591970c-AppendLogResponseHandler: Failed appendEntries: org.apache.ratis.thirdparty.io.grpc.StatusRuntimeException: UNAVAILABLE: io exception
2022-02-08 13:52:49,450 [grpc-default-executor-2] INFO  leader.FollowerInfo (FollowerInfoImpl.java:lambda$new$0(47)) - 74cc591c-4d52-479e-aacc-08a66935e120@group-25469F3653D4->915ea2a1-2b04-4a8b-905a-cfef4591970c: nextIndex: updateUnconditionally 12 -> 11
2022-02-08 13:52:51,926 [Listener at 127.0.0.1/36213] INFO  statemachine.DatanodeStateMachine (DatanodeStateMachine.java:stopDaemon(529)) - Ozone container server stopped.
2022-02-08 13:52:51,929 [Listener at 127.0.0.1/36213] INFO  handler.ContextHandler (ContextHandler.java:doStop(1153)) - Stopped o.e.j.w.WebAppContext@138c28b5{hddsDatanode,/,null,STOPPED}{jar:file:/home/runner/.m2/repository/org/apache/ozone/hdds-container-service/1.3.0-SNAPSHOT/hdds-container-service-1.3.0-SNAPSHOT.jar!/webapps/hddsDatanode}
2022-02-08 13:52:51,934 [Listener at 127.0.0.1/36213] INFO  server.AbstractConnector (AbstractConnector.java:doStop(381)) - Stopped ServerConnector@1da9b95d{HTTP/1.1, (http/1.1)}{0.0.0.0:0}
2022-02-08 13:52:51,934 [Listener at 127.0.0.1/36213] INFO  server.session (HouseKeeper.java:stopScavenging(149)) - node0 Stopped scavenging
2022-02-08 13:52:51,936 [Listener at 127.0.0.1/36213] INFO  handler.ContextHandler (ContextHandler.java:doStop(1153)) - Stopped o.e.j.s.ServletContextHandler@22445d8e{static,/static,jar:file:/home/runner/.m2/repository/org/apache/ozone/hdds-container-service/1.3.0-SNAPSHOT/hdds-container-service-1.3.0-SNAPSHOT.jar!/webapps/static,STOPPED}
2022-02-08 13:52:51,936 [Listener at 127.0.0.1/36213] INFO  handler.ContextHandler (ContextHandler.java:doStop(1153)) - Stopped o.e.j.s.ServletContextHandler@27c2b83a{logs,/logs,file:///home/runner/work/ozone/ozone/hadoop-ozone/integration-test/target/log,STOPPED}
2022-02-08 13:52:51,951 [grpc-default-executor-2] WARN  server.GrpcLogAppender (LogUtils.java:warn(122)) - 74cc591c-4d52-479e-aacc-08a66935e120@group-25469F3653D4->915ea2a1-2b04-4a8b-905a-cfef4591970c-AppendLogResponseHandler: Failed appendEntries: org.apache.ratis.thirdparty.io.grpc.StatusRuntimeException: UNAVAILABLE: io exception
2022-02-08 13:52:51,952 [grpc-default-executor-2] INFO  leader.FollowerInfo (FollowerInfoImpl.java:lambda$new$0(47)) - 74cc591c-4d52-479e-aacc-08a66935e120@group-25469F3653D4->915ea2a1-2b04-4a8b-905a-cfef4591970c: nextIndex: updateUnconditionally 12 -> 11
2022-02-08 13:52:53,076 [f61a4b31-682a-41d1-a434-a20bd71c25fb@group-99362A9385E5-FollowerState] INFO  impl.FollowerState (FollowerState.java:run(134)) - f61a4b31-682a-41d1-a434-a20bd71c25fb@group-99362A9385E5-FollowerState: change to CANDIDATE, lastRpcElapsedTime:5045711924ns, electionTimeout:5042ms
2022-02-08 13:52:53,077 [f61a4b31-682a-41d1-a434-a20bd71c25fb@group-99362A9385E5-FollowerState] INFO  impl.RoleInfo (RoleInfo.java:shutdownFollowerState(108)) - f61a4b31-682a-41d1-a434-a20bd71c25fb: shutdown f61a4b31-682a-41d1-a434-a20bd71c25fb@group-99362A9385E5-FollowerState
2022-02-08 13:52:53,077 [f61a4b31-682a-41d1-a434-a20bd71c25fb@group-99362A9385E5-FollowerState] INFO  server.RaftServer$Division (RaftServerImpl.java:setRole(290)) - f61a4b31-682a-41d1-a434-a20bd71c25fb@group-99362A9385E5: changes role from  FOLLOWER to CANDIDATE at term 3 for changeToCandidate
2022-02-08 13:52:53,077 [f61a4b31-682a-41d1-a434-a20bd71c25fb@group-99362A9385E5-FollowerState] INFO  server.RaftServerConfigKeys (ConfUtils.java:logGet(44)) - raft.server.leaderelection.pre-vote = false (custom)
2022-02-08 13:52:53,077 [f61a4b31-682a-41d1-a434-a20bd71c25fb@group-99362A9385E5-FollowerState] INFO  impl.RoleInfo (RoleInfo.java:updateAndGet(130)) - f61a4b31-682a-41d1-a434-a20bd71c25fb: start f61a4b31-682a-41d1-a434-a20bd71c25fb@group-99362A9385E5-LeaderElection22
2022-02-08 13:52:53,085 [f61a4b31-682a-41d1-a434-a20bd71c25fb@group-99362A9385E5-LeaderElection22] INFO  impl.LeaderElection (LeaderElection.java:askForVotes(306)) - f61a4b31-682a-41d1-a434-a20bd71c25fb@group-99362A9385E5-LeaderElection22 ELECTION round 0: submit vote requests at term 4 for -1: [da611cd8-d6f8-40e9-9825-4d5039a9b9e1|rpc:10.1.0.34:39351|dataStream:|priority:1, a5053940-3165-42e9-acd7-ef11441d188e|rpc:10.1.0.34:35549|dataStream:|priority:0, f61a4b31-682a-41d1-a434-a20bd71c25fb|rpc:10.1.0.34:43123|dataStream:|priority:0], old=null
2022-02-08 13:52:53,094 [grpc-default-executor-2] INFO  server.RaftServer$Division (RaftServerImpl.java:requestVote(1046)) - da611cd8-d6f8-40e9-9825-4d5039a9b9e1@group-99362A9385E5: receive requestVote(ELECTION, f61a4b31-682a-41d1-a434-a20bd71c25fb, group-99362A9385E5, 4, (t:0, i:0))
2022-02-08 13:52:53,095 [grpc-default-executor-2] INFO  impl.VoteContext (VoteContext.java:log(48)) - da611cd8-d6f8-40e9-9825-4d5039a9b9e1@group-99362A9385E5-FOLLOWER: reject ELECTION from f61a4b31-682a-41d1-a434-a20bd71c25fb: our priority 1 > candidate's priority 0
2022-02-08 13:52:53,095 [grpc-default-executor-2] INFO  server.RaftServer$Division (RaftServerImpl.java:setRole(290)) - da611cd8-d6f8-40e9-9825-4d5039a9b9e1@group-99362A9385E5: changes role from  FOLLOWER to FOLLOWER at term 4 for candidate:f61a4b31-682a-41d1-a434-a20bd71c25fb
2022-02-08 13:52:53,095 [grpc-default-executor-2] INFO  impl.RoleInfo (RoleInfo.java:shutdownFollowerState(108)) - da611cd8-d6f8-40e9-9825-4d5039a9b9e1: shutdown da611cd8-d6f8-40e9-9825-4d5039a9b9e1@group-99362A9385E5-FollowerState
2022-02-08 13:52:53,095 [grpc-default-executor-2] INFO  impl.RoleInfo (RoleInfo.java:updateAndGet(130)) - da611cd8-d6f8-40e9-9825-4d5039a9b9e1: start da611cd8-d6f8-40e9-9825-4d5039a9b9e1@group-99362A9385E5-FollowerState
2022-02-08 13:52:53,095 [da611cd8-d6f8-40e9-9825-4d5039a9b9e1@group-99362A9385E5-FollowerState] INFO  impl.FollowerState (FollowerState.java:run(143)) - da611cd8-d6f8-40e9-9825-4d5039a9b9e1@group-99362A9385E5-FollowerState was interrupted: {}
java.lang.InterruptedException: sleep interrupted
	at java.lang.Thread.sleep(Native Method)
	at java.lang.Thread.sleep(Thread.java:340)
	at java.util.concurrent.TimeUnit.sleep(TimeUnit.java:386)
	at org.apache.ratis.util.TimeDuration.sleep(TimeDuration.java:324)
	at org.apache.ratis.util.TimeDuration.sleep(TimeDuration.java:309)
	at org.apache.ratis.server.impl.FollowerState.run(FollowerState.java:118)
2022-02-08 13:52:53,101 [grpc-default-executor-2] INFO  server.RaftServer$Division (RaftServerImpl.java:requestVote(1078)) - da611cd8-d6f8-40e9-9825-4d5039a9b9e1@group-99362A9385E5 replies to ELECTION vote request: f61a4b31-682a-41d1-a434-a20bd71c25fb<-da611cd8-d6f8-40e9-9825-4d5039a9b9e1#0:FAIL-t4. Peer's state: da611cd8-d6f8-40e9-9825-4d5039a9b9e1@group-99362A9385E5:t4, leader=null, voted=null, raftlog=da611cd8-d6f8-40e9-9825-4d5039a9b9e1@group-99362A9385E5-SegmentedRaftLog:OPENED:c-1, conf=-1: [da611cd8-d6f8-40e9-9825-4d5039a9b9e1|rpc:10.1.0.34:39351|dataStream:|priority:1, a5053940-3165-42e9-acd7-ef11441d188e|rpc:10.1.0.34:35549|dataStream:|priority:0, f61a4b31-682a-41d1-a434-a20bd71c25fb|rpc:10.1.0.34:43123|dataStream:|priority:0], old=null
2022-02-08 13:52:53,105 [grpc-default-executor-1] INFO  server.RaftServer$Division (RaftServerImpl.java:requestVote(1046)) - a5053940-3165-42e9-acd7-ef11441d188e@group-99362A9385E5: receive requestVote(ELECTION, f61a4b31-682a-41d1-a434-a20bd71c25fb, group-99362A9385E5, 4, (t:0, i:0))
2022-02-08 13:52:53,106 [grpc-default-executor-1] INFO  impl.VoteContext (VoteContext.java:log(48)) - a5053940-3165-42e9-acd7-ef11441d188e@group-99362A9385E5-FOLLOWER: accept ELECTION from f61a4b31-682a-41d1-a434-a20bd71c25fb: our priority 0 <= candidate's priority 0
2022-02-08 13:52:53,106 [grpc-default-executor-1] INFO  server.RaftServer$Division (RaftServerImpl.java:setRole(290)) - a5053940-3165-42e9-acd7-ef11441d188e@group-99362A9385E5: changes role from  FOLLOWER to FOLLOWER at term 4 for candidate:f61a4b31-682a-41d1-a434-a20bd71c25fb
2022-02-08 13:52:53,106 [grpc-default-executor-1] INFO  impl.RoleInfo (RoleInfo.java:shutdownFollowerState(108)) - a5053940-3165-42e9-acd7-ef11441d188e: shutdown a5053940-3165-42e9-acd7-ef11441d188e@group-99362A9385E5-FollowerState
2022-02-08 13:52:53,106 [grpc-default-executor-1] INFO  impl.RoleInfo (RoleInfo.java:updateAndGet(130)) - a5053940-3165-42e9-acd7-ef11441d188e: start a5053940-3165-42e9-acd7-ef11441d188e@group-99362A9385E5-FollowerState
2022-02-08 13:52:53,106 [a5053940-3165-42e9-acd7-ef11441d188e@group-99362A9385E5-FollowerState] INFO  impl.FollowerState (FollowerState.java:run(143)) - a5053940-3165-42e9-acd7-ef11441d188e@group-99362A9385E5-FollowerState was interrupted: {}
java.lang.InterruptedException: sleep interrupted
	at java.lang.Thread.sleep(Native Method)
	at java.lang.Thread.sleep(Thread.java:340)
	at java.util.concurrent.TimeUnit.sleep(TimeUnit.java:386)
	at org.apache.ratis.util.TimeDuration.sleep(TimeDuration.java:324)
	at org.apache.ratis.util.TimeDuration.sleep(TimeDuration.java:309)
	at org.apache.ratis.server.impl.FollowerState.run(FollowerState.java:118)
2022-02-08 13:52:53,112 [grpc-default-executor-1] INFO  server.RaftServer$Division (RaftServerImpl.java:requestVote(1078)) - a5053940-3165-42e9-acd7-ef11441d188e@group-99362A9385E5 replies to ELECTION vote request: f61a4b31-682a-41d1-a434-a20bd71c25fb<-a5053940-3165-42e9-acd7-ef11441d188e#0:OK-t4. Peer's state: a5053940-3165-42e9-acd7-ef11441d188e@group-99362A9385E5:t4, leader=null, voted=f61a4b31-682a-41d1-a434-a20bd71c25fb, raftlog=a5053940-3165-42e9-acd7-ef11441d188e@group-99362A9385E5-SegmentedRaftLog:OPENED:c-1, conf=-1: [da611cd8-d6f8-40e9-9825-4d5039a9b9e1|rpc:10.1.0.34:39351|priority:1, a5053940-3165-42e9-acd7-ef11441d188e|rpc:10.1.0.34:35549|priority:0, f61a4b31-682a-41d1-a434-a20bd71c25fb|rpc:10.1.0.34:43123|priority:0], old=null
2022-02-08 13:52:53,115 [f61a4b31-682a-41d1-a434-a20bd71c25fb@group-99362A9385E5-LeaderElection22] INFO  impl.LeaderElection (LeaderElection.java:logAndReturn(89)) - f61a4b31-682a-41d1-a434-a20bd71c25fb@group-99362A9385E5-LeaderElection22: ELECTION REJECTED received 1 response(s) and 0 exception(s):
2022-02-08 13:52:53,115 [f61a4b31-682a-41d1-a434-a20bd71c25fb@group-99362A9385E5-LeaderElection22] INFO  impl.LeaderElection (LeaderElection.java:logAndReturn(93)) -   Response 0: f61a4b31-682a-41d1-a434-a20bd71c25fb<-da611cd8-d6f8-40e9-9825-4d5039a9b9e1#0:FAIL-t4
2022-02-08 13:52:53,115 [f61a4b31-682a-41d1-a434-a20bd71c25fb@group-99362A9385E5-LeaderElection22] INFO  impl.LeaderElection (LeaderElection.java:askForVotes(308)) - f61a4b31-682a-41d1-a434-a20bd71c25fb@group-99362A9385E5-LeaderElection22 ELECTION round 0: result REJECTED
2022-02-08 13:52:53,115 [f61a4b31-682a-41d1-a434-a20bd71c25fb@group-99362A9385E5-LeaderElection22] INFO  server.RaftServer$Division (RaftServerImpl.java:setRole(290)) - f61a4b31-682a-41d1-a434-a20bd71c25fb@group-99362A9385E5: changes role from CANDIDATE to FOLLOWER at term 4 for REJECTED
2022-02-08 13:52:53,115 [f61a4b31-682a-41d1-a434-a20bd71c25fb@group-99362A9385E5-LeaderElection22] INFO  impl.RoleInfo (RoleInfo.java:shutdownLeaderElection(121)) - f61a4b31-682a-41d1-a434-a20bd71c25fb: shutdown f61a4b31-682a-41d1-a434-a20bd71c25fb@group-99362A9385E5-LeaderElection22
2022-02-08 13:52:53,115 [f61a4b31-682a-41d1-a434-a20bd71c25fb@group-99362A9385E5-LeaderElection22] INFO  impl.RoleInfo (RoleInfo.java:updateAndGet(130)) - f61a4b31-682a-41d1-a434-a20bd71c25fb: start f61a4b31-682a-41d1-a434-a20bd71c25fb@group-99362A9385E5-FollowerState
2022-02-08 13:52:53,793 [a7553d9d-67d8-423e-ad9b-7e30726581c7@group-6046E76B0741-FollowerState] INFO  impl.FollowerState (FollowerState.java:run(134)) - a7553d9d-67d8-423e-ad9b-7e30726581c7@group-6046E76B0741-FollowerState: change to CANDIDATE, lastRpcElapsedTime:5051564881ns, electionTimeout:5025ms
2022-02-08 13:52:53,794 [a7553d9d-67d8-423e-ad9b-7e30726581c7@group-6046E76B0741-FollowerState] INFO  impl.RoleInfo (RoleInfo.java:shutdownFollowerState(108)) - a7553d9d-67d8-423e-ad9b-7e30726581c7: shutdown a7553d9d-67d8-423e-ad9b-7e30726581c7@group-6046E76B0741-FollowerState
2022-02-08 13:52:53,794 [a7553d9d-67d8-423e-ad9b-7e30726581c7@group-6046E76B0741-FollowerState] INFO  server.RaftServer$Division (RaftServerImpl.java:setRole(290)) - a7553d9d-67d8-423e-ad9b-7e30726581c7@group-6046E76B0741: changes role from  FOLLOWER to CANDIDATE at term 3 for changeToCandidate
2022-02-08 13:52:53,794 [a7553d9d-67d8-423e-ad9b-7e30726581c7@group-6046E76B0741-FollowerState] INFO  server.RaftServerConfigKeys (ConfUtils.java:logGet(44)) - raft.server.leaderelection.pre-vote = false (custom)
2022-02-08 13:52:53,794 [a7553d9d-67d8-423e-ad9b-7e30726581c7@group-6046E76B0741-FollowerState] INFO  impl.RoleInfo (RoleInfo.java:updateAndGet(130)) - a7553d9d-67d8-423e-ad9b-7e30726581c7: start a7553d9d-67d8-423e-ad9b-7e30726581c7@group-6046E76B0741-LeaderElection23
2022-02-08 13:52:53,804 [a7553d9d-67d8-423e-ad9b-7e30726581c7@group-6046E76B0741-LeaderElection23] INFO  impl.LeaderElection (LeaderElection.java:askForVotes(306)) - a7553d9d-67d8-423e-ad9b-7e30726581c7@group-6046E76B0741-LeaderElection23 ELECTION round 0: submit vote requests at term 4 for -1: [a7553d9d-67d8-423e-ad9b-7e30726581c7|rpc:10.1.0.34:32871|priority:0, 5f9aa48b-2f61-4154-bb84-50a0aaf99a3b|rpc:10.1.0.34:40765|priority:0, db4f20b8-0dce-4a7c-897b-5d9165b059cf|rpc:10.1.0.34:43059|priority:1], old=null
2022-02-08 13:52:53,811 [grpc-default-executor-1] INFO  server.RaftServer$Division (RaftServerImpl.java:requestVote(1046)) - 5f9aa48b-2f61-4154-bb84-50a0aaf99a3b@group-6046E76B0741: receive requestVote(ELECTION, a7553d9d-67d8-423e-ad9b-7e30726581c7, group-6046E76B0741, 4, (t:0, i:0))
2022-02-08 13:52:53,811 [grpc-default-executor-1] INFO  impl.VoteContext (VoteContext.java:log(48)) - 5f9aa48b-2f61-4154-bb84-50a0aaf99a3b@group-6046E76B0741-FOLLOWER: accept ELECTION from a7553d9d-67d8-423e-ad9b-7e30726581c7: our priority 0 <= candidate's priority 0
2022-02-08 13:52:53,812 [grpc-default-executor-1] INFO  server.RaftServer$Division (RaftServerImpl.java:setRole(290)) - 5f9aa48b-2f61-4154-bb84-50a0aaf99a3b@group-6046E76B0741: changes role from  FOLLOWER to FOLLOWER at term 4 for candidate:a7553d9d-67d8-423e-ad9b-7e30726581c7
2022-02-08 13:52:53,812 [grpc-default-executor-1] INFO  impl.RoleInfo (RoleInfo.java:shutdownFollowerState(108)) - 5f9aa48b-2f61-4154-bb84-50a0aaf99a3b: shutdown 5f9aa48b-2f61-4154-bb84-50a0aaf99a3b@group-6046E76B0741-FollowerState
2022-02-08 13:52:53,812 [grpc-default-executor-1] INFO  impl.RoleInfo (RoleInfo.java:updateAndGet(130)) - 5f9aa48b-2f61-4154-bb84-50a0aaf99a3b: start 5f9aa48b-2f61-4154-bb84-50a0aaf99a3b@group-6046E76B0741-FollowerState
2022-02-08 13:52:53,812 [5f9aa48b-2f61-4154-bb84-50a0aaf99a3b@group-6046E76B0741-FollowerState] INFO  impl.FollowerState (FollowerState.java:run(143)) - 5f9aa48b-2f61-4154-bb84-50a0aaf99a3b@group-6046E76B0741-FollowerState was interrupted: {}
java.lang.InterruptedException: sleep interrupted
	at java.lang.Thread.sleep(Native Method)
	at java.lang.Thread.sleep(Thread.java:340)
	at java.util.concurrent.TimeUnit.sleep(TimeUnit.java:386)
	at org.apache.ratis.util.TimeDuration.sleep(TimeDuration.java:324)
	at org.apache.ratis.util.TimeDuration.sleep(TimeDuration.java:309)
	at org.apache.ratis.server.impl.FollowerState.run(FollowerState.java:118)
2022-02-08 13:52:53,827 [grpc-default-executor-2] INFO  server.RaftServer$Division (RaftServerImpl.java:requestVote(1046)) - db4f20b8-0dce-4a7c-897b-5d9165b059cf@group-6046E76B0741: receive requestVote(ELECTION, a7553d9d-67d8-423e-ad9b-7e30726581c7, group-6046E76B0741, 4, (t:0, i:0))
2022-02-08 13:52:53,827 [grpc-default-executor-2] INFO  impl.VoteContext (VoteContext.java:log(48)) - db4f20b8-0dce-4a7c-897b-5d9165b059cf@group-6046E76B0741-FOLLOWER: reject ELECTION from a7553d9d-67d8-423e-ad9b-7e30726581c7: our priority 1 > candidate's priority 0
2022-02-08 13:52:53,827 [grpc-default-executor-2] INFO  server.RaftServer$Division (RaftServerImpl.java:setRole(290)) - db4f20b8-0dce-4a7c-897b-5d9165b059cf@group-6046E76B0741: changes role from  FOLLOWER to FOLLOWER at term 4 for candidate:a7553d9d-67d8-423e-ad9b-7e30726581c7
2022-02-08 13:52:53,827 [grpc-default-executor-2] INFO  impl.RoleInfo (RoleInfo.java:shutdownFollowerState(108)) - db4f20b8-0dce-4a7c-897b-5d9165b059cf: shutdown db4f20b8-0dce-4a7c-897b-5d9165b059cf@group-6046E76B0741-FollowerState
2022-02-08 13:52:53,827 [grpc-default-executor-2] INFO  impl.RoleInfo (RoleInfo.java:updateAndGet(130)) - db4f20b8-0dce-4a7c-897b-5d9165b059cf: start db4f20b8-0dce-4a7c-897b-5d9165b059cf@group-6046E76B0741-FollowerState
2022-02-08 13:52:53,827 [db4f20b8-0dce-4a7c-897b-5d9165b059cf@group-6046E76B0741-FollowerState] INFO  impl.FollowerState (FollowerState.java:run(143)) - db4f20b8-0dce-4a7c-897b-5d9165b059cf@group-6046E76B0741-FollowerState was interrupted: {}
java.lang.InterruptedException: sleep interrupted
	at java.lang.Thread.sleep(Native Method)
	at java.lang.Thread.sleep(Thread.java:340)
	at java.util.concurrent.TimeUnit.sleep(TimeUnit.java:386)
	at org.apache.ratis.util.TimeDuration.sleep(TimeDuration.java:324)
	at org.apache.ratis.util.TimeDuration.sleep(TimeDuration.java:309)
	at org.apache.ratis.server.impl.FollowerState.run(FollowerState.java:118)
2022-02-08 13:52:53,829 [grpc-default-executor-1] INFO  server.RaftServer$Division (RaftServerImpl.java:requestVote(1078)) - 5f9aa48b-2f61-4154-bb84-50a0aaf99a3b@group-6046E76B0741 replies to ELECTION vote request: a7553d9d-67d8-423e-ad9b-7e30726581c7<-5f9aa48b-2f61-4154-bb84-50a0aaf99a3b#0:OK-t4. Peer's state: 5f9aa48b-2f61-4154-bb84-50a0aaf99a3b@group-6046E76B0741:t4, leader=null, voted=a7553d9d-67d8-423e-ad9b-7e30726581c7, raftlog=5f9aa48b-2f61-4154-bb84-50a0aaf99a3b@group-6046E76B0741-SegmentedRaftLog:OPENED:c-1, conf=-1: [a7553d9d-67d8-423e-ad9b-7e30726581c7|rpc:10.1.0.34:32871|dataStream:|priority:0, 5f9aa48b-2f61-4154-bb84-50a0aaf99a3b|rpc:10.1.0.34:40765|dataStream:|priority:0, db4f20b8-0dce-4a7c-897b-5d9165b059cf|rpc:10.1.0.34:43059|dataStream:|priority:1], old=null
2022-02-08 13:52:53,831 [grpc-default-executor-2] INFO  server.RaftServer$Division (RaftServerImpl.java:requestVote(1078)) - db4f20b8-0dce-4a7c-897b-5d9165b059cf@group-6046E76B0741 replies to ELECTION vote request: a7553d9d-67d8-423e-ad9b-7e30726581c7<-db4f20b8-0dce-4a7c-897b-5d9165b059cf#0:FAIL-t4. Peer's state: db4f20b8-0dce-4a7c-897b-5d9165b059cf@group-6046E76B0741:t4, leader=null, voted=null, raftlog=db4f20b8-0dce-4a7c-897b-5d9165b059cf@group-6046E76B0741-SegmentedRaftLog:OPENED:c-1, conf=-1: [a7553d9d-67d8-423e-ad9b-7e30726581c7|rpc:10.1.0.34:32871|dataStream:|priority:0, 5f9aa48b-2f61-4154-bb84-50a0aaf99a3b|rpc:10.1.0.34:40765|dataStream:|priority:0, db4f20b8-0dce-4a7c-897b-5d9165b059cf|rpc:10.1.0.34:43059|dataStream:|priority:1], old=null
2022-02-08 13:52:53,832 [a7553d9d-67d8-423e-ad9b-7e30726581c7@group-6046E76B0741-LeaderElection23] INFO  impl.LeaderElection (LeaderElection.java:logAndReturn(89)) - a7553d9d-67d8-423e-ad9b-7e30726581c7@group-6046E76B0741-LeaderElection23: ELECTION REJECTED received 2 response(s) and 0 exception(s):
2022-02-08 13:52:53,832 [a7553d9d-67d8-423e-ad9b-7e30726581c7@group-6046E76B0741-LeaderElection23] INFO  impl.LeaderElection (LeaderElection.java:logAndReturn(93)) -   Response 0: a7553d9d-67d8-423e-ad9b-7e30726581c7<-5f9aa48b-2f61-4154-bb84-50a0aaf99a3b#0:OK-t4
2022-02-08 13:52:53,832 [a7553d9d-67d8-423e-ad9b-7e30726581c7@group-6046E76B0741-LeaderElection23] INFO  impl.LeaderElection (LeaderElection.java:logAndReturn(93)) -   Response 1: a7553d9d-67d8-423e-ad9b-7e30726581c7<-db4f20b8-0dce-4a7c-897b-5d9165b059cf#0:FAIL-t4
2022-02-08 13:52:53,832 [a7553d9d-67d8-423e-ad9b-7e30726581c7@group-6046E76B0741-LeaderElection23] INFO  impl.LeaderElection (LeaderElection.java:askForVotes(308)) - a7553d9d-67d8-423e-ad9b-7e30726581c7@group-6046E76B0741-LeaderElection23 ELECTION round 0: result REJECTED
2022-02-08 13:52:53,833 [a7553d9d-67d8-423e-ad9b-7e30726581c7@group-6046E76B0741-LeaderElection23] INFO  server.RaftServer$Division (RaftServerImpl.java:setRole(290)) - a7553d9d-67d8-423e-ad9b-7e30726581c7@group-6046E76B0741: changes role from CANDIDATE to FOLLOWER at term 4 for REJECTED
2022-02-08 13:52:53,833 [a7553d9d-67d8-423e-ad9b-7e30726581c7@group-6046E76B0741-LeaderElection23] INFO  impl.RoleInfo (RoleInfo.java:shutdownLeaderElection(121)) - a7553d9d-67d8-423e-ad9b-7e30726581c7: shutdown a7553d9d-67d8-423e-ad9b-7e30726581c7@group-6046E76B0741-LeaderElection23
2022-02-08 13:52:53,833 [a7553d9d-67d8-423e-ad9b-7e30726581c7@group-6046E76B0741-LeaderElection23] INFO  impl.RoleInfo (RoleInfo.java:updateAndGet(130)) - a7553d9d-67d8-423e-ad9b-7e30726581c7: start a7553d9d-67d8-423e-ad9b-7e30726581c7@group-6046E76B0741-FollowerState
2022-02-08 13:52:54,451 [grpc-default-executor-2] WARN  server.GrpcLogAppender (LogUtils.java:warn(122)) - 74cc591c-4d52-479e-aacc-08a66935e120@group-25469F3653D4->915ea2a1-2b04-4a8b-905a-cfef4591970c-AppendLogResponseHandler: Failed appendEntries: org.apache.ratis.thirdparty.io.grpc.StatusRuntimeException: UNAVAILABLE: io exception
2022-02-08 13:52:54,452 [grpc-default-executor-2] INFO  leader.FollowerInfo (FollowerInfoImpl.java:lambda$new$0(47)) - 74cc591c-4d52-479e-aacc-08a66935e120@group-25469F3653D4->915ea2a1-2b04-4a8b-905a-cfef4591970c: nextIndex: updateUnconditionally 12 -> 11
2022-02-08 13:52:56,939 [Listener at 127.0.0.1/36213] INFO  ozoneimpl.OzoneContainer (OzoneContainer.java:stop(336)) - Attempting to stop container services.
2022-02-08 13:52:56,941 [Listener at 127.0.0.1/36213] INFO  server.RaftServer (RaftServerProxy.java:lambda$close$6(391)) - 0fed3ba6-79cb-4518-b48b-c28a0e29dbfb: close
2022-02-08 13:52:56,942 [Listener at 127.0.0.1/36213] INFO  server.RaftServer$Division (RaftServerImpl.java:lambda$close$4(412)) - 0fed3ba6-79cb-4518-b48b-c28a0e29dbfb@group-80AB70C4B0E4: shutdown
2022-02-08 13:52:56,942 [Listener at 127.0.0.1/36213] INFO  util.JmxRegister (JmxRegister.java:unregister(73)) - Successfully un-registered JMX Bean with object name Ratis:service=RaftServer,group=group-80AB70C4B0E4,id=0fed3ba6-79cb-4518-b48b-c28a0e29dbfb
2022-02-08 13:52:56,943 [Listener at 127.0.0.1/36213] INFO  impl.RoleInfo (RoleInfo.java:shutdownLeaderState(91)) - 0fed3ba6-79cb-4518-b48b-c28a0e29dbfb: shutdown 0fed3ba6-79cb-4518-b48b-c28a0e29dbfb@group-80AB70C4B0E4-LeaderStateImpl
2022-02-08 13:52:56,943 [Listener at 127.0.0.1/36213] INFO  impl.PendingRequests (PendingRequests.java:sendNotLeaderResponses(282)) - 0fed3ba6-79cb-4518-b48b-c28a0e29dbfb@group-80AB70C4B0E4-PendingRequests: sendNotLeaderResponses
2022-02-08 13:52:56,946 [0fed3ba6-79cb-4518-b48b-c28a0e29dbfb@group-80AB70C4B0E4-StateMachineUpdater] INFO  ratis.ContainerStateMachine (ContainerStateMachine.java:takeSnapshot(299)) - group-80AB70C4B0E4: Taking a snapshot at:(t:1, i:0) file /home/runner/work/ozone/ozone/hadoop-ozone/integration-test/target/test-dir/MiniOzoneClusterImpl-44b62ea4-a9d0-4540-a736-82fb29945a00/datanode-1/data/ratis/0c21a561-7bc0-4bfd-a90c-80ab70c4b0e4/sm/snapshot.1_0
2022-02-08 13:52:56,946 [Listener at 127.0.0.1/36213] INFO  impl.StateMachineUpdater (StateMachineUpdater.java:stopAndJoin(149)) - 0fed3ba6-79cb-4518-b48b-c28a0e29dbfb@group-80AB70C4B0E4-StateMachineUpdater: set stopIndex = 0
2022-02-08 13:52:56,949 [0fed3ba6-79cb-4518-b48b-c28a0e29dbfb@group-80AB70C4B0E4-StateMachineUpdater] INFO  ratis.ContainerStateMachine (ContainerStateMachine.java:takeSnapshot(310)) - group-80AB70C4B0E4: Finished taking a snapshot at:(t:1, i:0) file:/home/runner/work/ozone/ozone/hadoop-ozone/integration-test/target/test-dir/MiniOzoneClusterImpl-44b62ea4-a9d0-4540-a736-82fb29945a00/datanode-1/data/ratis/0c21a561-7bc0-4bfd-a90c-80ab70c4b0e4/sm/snapshot.1_0 took: 3 ms
2022-02-08 13:52:56,950 [0fed3ba6-79cb-4518-b48b-c28a0e29dbfb@group-80AB70C4B0E4-StateMachineUpdater] INFO  impl.StateMachineUpdater (StateMachineUpdater.java:takeSnapshot(281)) - 0fed3ba6-79cb-4518-b48b-c28a0e29dbfb@group-80AB70C4B0E4-StateMachineUpdater: Took a snapshot at index 0
2022-02-08 13:52:56,950 [0fed3ba6-79cb-4518-b48b-c28a0e29dbfb@group-80AB70C4B0E4-StateMachineUpdater] INFO  impl.StateMachineUpdater (StateMachineUpdater.java:lambda$new$0(89)) - 0fed3ba6-79cb-4518-b48b-c28a0e29dbfb@group-80AB70C4B0E4-StateMachineUpdater: snapshotIndex: updateIncreasingly -1 -> 0
2022-02-08 13:52:56,950 [Listener at 127.0.0.1/36213] INFO  server.RaftServer$Division (ServerState.java:close(419)) - 0fed3ba6-79cb-4518-b48b-c28a0e29dbfb@group-80AB70C4B0E4: closes. applyIndex: 0
2022-02-08 13:52:56,950 [0fed3ba6-79cb-4518-b48b-c28a0e29dbfb@group-80AB70C4B0E4-SegmentedRaftLogWorker] INFO  segmented.SegmentedRaftLogWorker (SegmentedRaftLogWorker.java:run(327)) - 0fed3ba6-79cb-4518-b48b-c28a0e29dbfb@group-80AB70C4B0E4-SegmentedRaftLogWorker was interrupted, exiting. There are 0 tasks remaining in the queue.
2022-02-08 13:52:56,953 [grpc-default-executor-2] WARN  server.GrpcLogAppender (LogUtils.java:warn(122)) - 74cc591c-4d52-479e-aacc-08a66935e120@group-25469F3653D4->915ea2a1-2b04-4a8b-905a-cfef4591970c-AppendLogResponseHandler: Failed appendEntries: org.apache.ratis.thirdparty.io.grpc.StatusRuntimeException: UNAVAILABLE: io exception
2022-02-08 13:52:56,954 [grpc-default-executor-2] INFO  leader.FollowerInfo (FollowerInfoImpl.java:lambda$new$0(47)) - 74cc591c-4d52-479e-aacc-08a66935e120@group-25469F3653D4->915ea2a1-2b04-4a8b-905a-cfef4591970c: nextIndex: updateUnconditionally 12 -> 11
2022-02-08 13:52:56,955 [Listener at 127.0.0.1/36213] INFO  segmented.SegmentedRaftLogWorker (SegmentedRaftLogWorker.java:close(237)) - 0fed3ba6-79cb-4518-b48b-c28a0e29dbfb@group-80AB70C4B0E4-SegmentedRaftLogWorker close()
2022-02-08 13:52:56,958 [Listener at 127.0.0.1/36213] INFO  server.RaftServer$Division (RaftServerImpl.java:lambda$close$4(412)) - 0fed3ba6-79cb-4518-b48b-c28a0e29dbfb@group-25469F3653D4: shutdown
2022-02-08 13:52:56,958 [Listener at 127.0.0.1/36213] INFO  util.JmxRegister (JmxRegister.java:unregister(73)) - Successfully un-registered JMX Bean with object name Ratis:service=RaftServer,group=group-25469F3653D4,id=0fed3ba6-79cb-4518-b48b-c28a0e29dbfb
2022-02-08 13:52:56,958 [Listener at 127.0.0.1/36213] INFO  impl.RoleInfo (RoleInfo.java:shutdownFollowerState(108)) - 0fed3ba6-79cb-4518-b48b-c28a0e29dbfb: shutdown 0fed3ba6-79cb-4518-b48b-c28a0e29dbfb@group-25469F3653D4-FollowerState
2022-02-08 13:52:56,959 [0fed3ba6-79cb-4518-b48b-c28a0e29dbfb@group-25469F3653D4-FollowerState] INFO  impl.FollowerState (FollowerState.java:run(143)) - 0fed3ba6-79cb-4518-b48b-c28a0e29dbfb@group-25469F3653D4-FollowerState was interrupted: {}
java.lang.InterruptedException: sleep interrupted
	at java.lang.Thread.sleep(Native Method)
	at java.lang.Thread.sleep(Thread.java:340)
	at java.util.concurrent.TimeUnit.sleep(TimeUnit.java:386)
	at org.apache.ratis.util.TimeDuration.sleep(TimeDuration.java:324)
	at org.apache.ratis.util.TimeDuration.sleep(TimeDuration.java:309)
	at org.apache.ratis.server.impl.FollowerState.run(FollowerState.java:118)
2022-02-08 13:52:56,959 [0fed3ba6-79cb-4518-b48b-c28a0e29dbfb@group-25469F3653D4-StateMachineUpdater] INFO  ratis.ContainerStateMachine (ContainerStateMachine.java:takeSnapshot(299)) - group-25469F3653D4: Taking a snapshot at:(t:1, i:11) file /home/runner/work/ozone/ozone/hadoop-ozone/integration-test/target/test-dir/MiniOzoneClusterImpl-44b62ea4-a9d0-4540-a736-82fb29945a00/datanode-1/data/ratis/60fdb779-c7c1-4438-b616-25469f3653d4/sm/snapshot.1_11
2022-02-08 13:52:56,959 [Listener at 127.0.0.1/36213] INFO  impl.StateMachineUpdater (StateMachineUpdater.java:stopAndJoin(149)) - 0fed3ba6-79cb-4518-b48b-c28a0e29dbfb@group-25469F3653D4-StateMachineUpdater: set stopIndex = 11
2022-02-08 13:52:56,960 [0fed3ba6-79cb-4518-b48b-c28a0e29dbfb@group-25469F3653D4-StateMachineUpdater] INFO  ratis.ContainerStateMachine (ContainerStateMachine.java:takeSnapshot(310)) - group-25469F3653D4: Finished taking a snapshot at:(t:1, i:11) file:/home/runner/work/ozone/ozone/hadoop-ozone/integration-test/target/test-dir/MiniOzoneClusterImpl-44b62ea4-a9d0-4540-a736-82fb29945a00/datanode-1/data/ratis/60fdb779-c7c1-4438-b616-25469f3653d4/sm/snapshot.1_11 took: 2 ms
2022-02-08 13:52:56,961 [0fed3ba6-79cb-4518-b48b-c28a0e29dbfb@group-25469F3653D4-StateMachineUpdater] INFO  impl.StateMachineUpdater (StateMachineUpdater.java:takeSnapshot(281)) - 0fed3ba6-79cb-4518-b48b-c28a0e29dbfb@group-25469F3653D4-StateMachineUpdater: Took a snapshot at index 11
2022-02-08 13:52:56,961 [0fed3ba6-79cb-4518-b48b-c28a0e29dbfb@group-25469F3653D4-StateMachineUpdater] INFO  impl.StateMachineUpdater (StateMachineUpdater.java:lambda$new$0(89)) - 0fed3ba6-79cb-4518-b48b-c28a0e29dbfb@group-25469F3653D4-StateMachineUpdater: snapshotIndex: updateIncreasingly -1 -> 11
2022-02-08 13:52:56,962 [Listener at 127.0.0.1/36213] INFO  server.RaftServer$Division (ServerState.java:close(419)) - 0fed3ba6-79cb-4518-b48b-c28a0e29dbfb@group-25469F3653D4: closes. applyIndex: 11
2022-02-08 13:52:56,962 [0fed3ba6-79cb-4518-b48b-c28a0e29dbfb@group-25469F3653D4-SegmentedRaftLogWorker] INFO  segmented.SegmentedRaftLogWorker (SegmentedRaftLogWorker.java:run(327)) - 0fed3ba6-79cb-4518-b48b-c28a0e29dbfb@group-25469F3653D4-SegmentedRaftLogWorker was interrupted, exiting. There are 0 tasks remaining in the queue.
2022-02-08 13:52:56,963 [Listener at 127.0.0.1/36213] INFO  segmented.SegmentedRaftLogWorker (SegmentedRaftLogWorker.java:close(237)) - 0fed3ba6-79cb-4518-b48b-c28a0e29dbfb@group-25469F3653D4-SegmentedRaftLogWorker close()
2022-02-08 13:52:56,965 [Listener at 127.0.0.1/36213] INFO  server.GrpcService (GrpcService.java:closeImpl(262)) - 0fed3ba6-79cb-4518-b48b-c28a0e29dbfb: shutdown server with port 40047 now
2022-02-08 13:52:56,967 [grpc-default-executor-2] WARN  server.GrpcLogAppender (LogUtils.java:warn(122)) - 74cc591c-4d52-479e-aacc-08a66935e120@group-25469F3653D4->0fed3ba6-79cb-4518-b48b-c28a0e29dbfb-AppendLogResponseHandler: Failed appendEntries: org.apache.ratis.thirdparty.io.grpc.StatusRuntimeException: CANCELLED: HTTP/2 error code: CANCEL
Received Rst Stream
2022-02-08 13:52:56,967 [grpc-default-executor-2] INFO  leader.FollowerInfo (FollowerInfoImpl.java:lambda$new$0(47)) - 74cc591c-4d52-479e-aacc-08a66935e120@group-25469F3653D4->0fed3ba6-79cb-4518-b48b-c28a0e29dbfb: nextIndex: updateUnconditionally 12 -> 11
2022-02-08 13:52:56,967 [grpc-default-executor-1] WARN  server.GrpcServerProtocolService (LogUtils.java:warn(122)) - 0fed3ba6-79cb-4518-b48b-c28a0e29dbfb: installSnapshot onError, lastRequest: 74cc591c-4d52-479e-aacc-08a66935e120->0fed3ba6-79cb-4518-b48b-c28a0e29dbfb#27-t1,previous=(t:1, i:10),leaderCommit=9,initializing? true,entries: size=1, first=(t:1, i:11), METADATAENTRY(c:9): org.apache.ratis.thirdparty.io.grpc.StatusRuntimeException: CANCELLED: client cancelled
2022-02-08 13:52:56,969 [Listener at 127.0.0.1/36213] INFO  server.GrpcService (GrpcService.java:closeImpl(271)) - 0fed3ba6-79cb-4518-b48b-c28a0e29dbfb: shutdown server with port 40047 successfully
2022-02-08 13:52:56,969 [org.apache.ratis.util.JvmPauseMonitor$$Lambda$431/1827212229@5b115aa7] INFO  util.JvmPauseMonitor (JvmPauseMonitor.java:run(109)) - JvmPauseMonitor-0fed3ba6-79cb-4518-b48b-c28a0e29dbfb: Stopped
2022-02-08 13:52:56,972 [grpc-default-executor-2] WARN  server.GrpcLogAppender (LogUtils.java:warn(122)) - 74cc591c-4d52-479e-aacc-08a66935e120@group-25469F3653D4->0fed3ba6-79cb-4518-b48b-c28a0e29dbfb-AppendLogResponseHandler: Failed appendEntries: org.apache.ratis.thirdparty.io.grpc.StatusRuntimeException: UNAVAILABLE: io exception
2022-02-08 13:52:56,972 [grpc-default-executor-2] INFO  leader.FollowerInfo (FollowerInfoImpl.java:lambda$new$0(47)) - 74cc591c-4d52-479e-aacc-08a66935e120@group-25469F3653D4->0fed3ba6-79cb-4518-b48b-c28a0e29dbfb: nextIndex: updateUnconditionally 12 -> 11
2022-02-08 13:52:58,176 [a5053940-3165-42e9-acd7-ef11441d188e@group-99362A9385E5-FollowerState] INFO  impl.FollowerState (FollowerState.java:run(134)) - a5053940-3165-42e9-acd7-ef11441d188e@group-99362A9385E5-FollowerState: change to CANDIDATE, lastRpcElapsedTime:5065284233ns, electionTimeout:5061ms
2022-02-08 13:52:58,177 [a5053940-3165-42e9-acd7-ef11441d188e@group-99362A9385E5-FollowerState] INFO  impl.RoleInfo (RoleInfo.java:shutdownFollowerState(108)) - a5053940-3165-42e9-acd7-ef11441d188e: shutdown a5053940-3165-42e9-acd7-ef11441d188e@group-99362A9385E5-FollowerState
2022-02-08 13:52:58,177 [a5053940-3165-42e9-acd7-ef11441d188e@group-99362A9385E5-FollowerState] INFO  server.RaftServer$Division (RaftServerImpl.java:setRole(290)) - a5053940-3165-42e9-acd7-ef11441d188e@group-99362A9385E5: changes role from  FOLLOWER to CANDIDATE at term 4 for changeToCandidate
2022-02-08 13:52:58,177 [a5053940-3165-42e9-acd7-ef11441d188e@group-99362A9385E5-FollowerState] INFO  server.RaftServerConfigKeys (ConfUtils.java:logGet(44)) - raft.server.leaderelection.pre-vote = false (custom)
2022-02-08 13:52:58,177 [a5053940-3165-42e9-acd7-ef11441d188e@group-99362A9385E5-FollowerState] INFO  impl.RoleInfo (RoleInfo.java:updateAndGet(130)) - a5053940-3165-42e9-acd7-ef11441d188e: start a5053940-3165-42e9-acd7-ef11441d188e@group-99362A9385E5-LeaderElection24
2022-02-08 13:52:58,188 [a5053940-3165-42e9-acd7-ef11441d188e@group-99362A9385E5-LeaderElection24] INFO  impl.LeaderElection (LeaderElection.java:askForVotes(306)) - a5053940-3165-42e9-acd7-ef11441d188e@group-99362A9385E5-LeaderElection24 ELECTION round 0: submit vote requests at term 5 for -1: [da611cd8-d6f8-40e9-9825-4d5039a9b9e1|rpc:10.1.0.34:39351|priority:1, a5053940-3165-42e9-acd7-ef11441d188e|rpc:10.1.0.34:35549|priority:0, f61a4b31-682a-41d1-a434-a20bd71c25fb|rpc:10.1.0.34:43123|priority:0], old=null
2022-02-08 13:52:58,195 [grpc-default-executor-2] INFO  server.RaftServer$Division (RaftServerImpl.java:requestVote(1046)) - da611cd8-d6f8-40e9-9825-4d5039a9b9e1@group-99362A9385E5: receive requestVote(ELECTION, a5053940-3165-42e9-acd7-ef11441d188e, group-99362A9385E5, 5, (t:0, i:0))
2022-02-08 13:52:58,195 [grpc-default-executor-2] INFO  impl.VoteContext (VoteContext.java:log(48)) - da611cd8-d6f8-40e9-9825-4d5039a9b9e1@group-99362A9385E5-FOLLOWER: reject ELECTION from a5053940-3165-42e9-acd7-ef11441d188e: our priority 1 > candidate's priority 0
2022-02-08 13:52:58,195 [grpc-default-executor-2] INFO  server.RaftServer$Division (RaftServerImpl.java:setRole(290)) - da611cd8-d6f8-40e9-9825-4d5039a9b9e1@group-99362A9385E5: changes role from  FOLLOWER to FOLLOWER at term 5 for candidate:a5053940-3165-42e9-acd7-ef11441d188e
2022-02-08 13:52:58,195 [grpc-default-executor-2] INFO  impl.RoleInfo (RoleInfo.java:shutdownFollowerState(108)) - da611cd8-d6f8-40e9-9825-4d5039a9b9e1: shutdown da611cd8-d6f8-40e9-9825-4d5039a9b9e1@group-99362A9385E5-FollowerState
2022-02-08 13:52:58,195 [grpc-default-executor-2] INFO  impl.RoleInfo (RoleInfo.java:updateAndGet(130)) - da611cd8-d6f8-40e9-9825-4d5039a9b9e1: start da611cd8-d6f8-40e9-9825-4d5039a9b9e1@group-99362A9385E5-FollowerState
2022-02-08 13:52:58,195 [da611cd8-d6f8-40e9-9825-4d5039a9b9e1@group-99362A9385E5-FollowerState] INFO  impl.FollowerState (FollowerState.java:run(143)) - da611cd8-d6f8-40e9-9825-4d5039a9b9e1@group-99362A9385E5-FollowerState was interrupted: {}
java.lang.InterruptedException: sleep interrupted
	at java.lang.Thread.sleep(Native Method)
	at java.lang.Thread.sleep(Thread.java:340)
	at java.util.concurrent.TimeUnit.sleep(TimeUnit.java:386)
	at org.apache.ratis.util.TimeDuration.sleep(TimeDuration.java:324)
	at org.apache.ratis.util.TimeDuration.sleep(TimeDuration.java:309)
	at org.apache.ratis.server.impl.FollowerState.run(FollowerState.java:118)
2022-02-08 13:52:58,199 [grpc-default-executor-2] INFO  server.RaftServer$Division (RaftServerImpl.java:requestVote(1078)) - da611cd8-d6f8-40e9-9825-4d5039a9b9e1@group-99362A9385E5 replies to ELECTION vote request: a5053940-3165-42e9-acd7-ef11441d188e<-da611cd8-d6f8-40e9-9825-4d5039a9b9e1#0:FAIL-t5. Peer's state: da611cd8-d6f8-40e9-9825-4d5039a9b9e1@group-99362A9385E5:t5, leader=null, voted=null, raftlog=da611cd8-d6f8-40e9-9825-4d5039a9b9e1@group-99362A9385E5-SegmentedRaftLog:OPENED:c-1, conf=-1: [da611cd8-d6f8-40e9-9825-4d5039a9b9e1|rpc:10.1.0.34:39351|dataStream:|priority:1, a5053940-3165-42e9-acd7-ef11441d188e|rpc:10.1.0.34:35549|dataStream:|priority:0, f61a4b31-682a-41d1-a434-a20bd71c25fb|rpc:10.1.0.34:43123|dataStream:|priority:0], old=null
2022-02-08 13:52:58,205 [grpc-default-executor-2] INFO  server.RaftServer$Division (RaftServerImpl.java:requestVote(1046)) - f61a4b31-682a-41d1-a434-a20bd71c25fb@group-99362A9385E5: receive requestVote(ELECTION, a5053940-3165-42e9-acd7-ef11441d188e, group-99362A9385E5, 5, (t:0, i:0))
2022-02-08 13:52:58,206 [grpc-default-executor-2] INFO  impl.VoteContext (VoteContext.java:log(48)) - f61a4b31-682a-41d1-a434-a20bd71c25fb@group-99362A9385E5-FOLLOWER: accept ELECTION from a5053940-3165-42e9-acd7-ef11441d188e: our priority 0 <= candidate's priority 0
2022-02-08 13:52:58,206 [grpc-default-executor-2] INFO  server.RaftServer$Division (RaftServerImpl.java:setRole(290)) - f61a4b31-682a-41d1-a434-a20bd71c25fb@group-99362A9385E5: changes role from  FOLLOWER to FOLLOWER at term 5 for candidate:a5053940-3165-42e9-acd7-ef11441d188e
2022-02-08 13:52:58,206 [grpc-default-executor-2] INFO  impl.RoleInfo (RoleInfo.java:shutdownFollowerState(108)) - f61a4b31-682a-41d1-a434-a20bd71c25fb: shutdown f61a4b31-682a-41d1-a434-a20bd71c25fb@group-99362A9385E5-FollowerState
2022-02-08 13:52:58,206 [grpc-default-executor-2] INFO  impl.RoleInfo (RoleInfo.java:updateAndGet(130)) - f61a4b31-682a-41d1-a434-a20bd71c25fb: start f61a4b31-682a-41d1-a434-a20bd71c25fb@group-99362A9385E5-FollowerState
2022-02-08 13:52:58,206 [f61a4b31-682a-41d1-a434-a20bd71c25fb@group-99362A9385E5-FollowerState] INFO  impl.FollowerState (FollowerState.java:run(143)) - f61a4b31-682a-41d1-a434-a20bd71c25fb@group-99362A9385E5-FollowerState was interrupted: {}
java.lang.InterruptedException: sleep interrupted
	at java.lang.Thread.sleep(Native Method)
	at java.lang.Thread.sleep(Thread.java:340)
	at java.util.concurrent.TimeUnit.sleep(TimeUnit.java:386)
	at org.apache.ratis.util.TimeDuration.sleep(TimeDuration.java:324)
	at org.apache.ratis.util.TimeDuration.sleep(TimeDuration.java:309)
	at org.apache.ratis.server.impl.FollowerState.run(FollowerState.java:118)
2022-02-08 13:52:58,212 [grpc-default-executor-2] INFO  server.RaftServer$Division (RaftServerImpl.java:requestVote(1078)) - f61a4b31-682a-41d1-a434-a20bd71c25fb@group-99362A9385E5 replies to ELECTION vote request: a5053940-3165-42e9-acd7-ef11441d188e<-f61a4b31-682a-41d1-a434-a20bd71c25fb#0:OK-t5. Peer's state: f61a4b31-682a-41d1-a434-a20bd71c25fb@group-99362A9385E5:t5, leader=null, voted=a5053940-3165-42e9-acd7-ef11441d188e, raftlog=f61a4b31-682a-41d1-a434-a20bd71c25fb@group-99362A9385E5-SegmentedRaftLog:OPENED:c-1, conf=-1: [da611cd8-d6f8-40e9-9825-4d5039a9b9e1|rpc:10.1.0.34:39351|dataStream:|priority:1, a5053940-3165-42e9-acd7-ef11441d188e|rpc:10.1.0.34:35549|dataStream:|priority:0, f61a4b31-682a-41d1-a434-a20bd71c25fb|rpc:10.1.0.34:43123|dataStream:|priority:0], old=null
2022-02-08 13:52:58,213 [a5053940-3165-42e9-acd7-ef11441d188e@group-99362A9385E5-LeaderElection24] INFO  impl.LeaderElection (LeaderElection.java:logAndReturn(89)) - a5053940-3165-42e9-acd7-ef11441d188e@group-99362A9385E5-LeaderElection24: ELECTION REJECTED received 1 response(s) and 0 exception(s):
2022-02-08 13:52:58,214 [a5053940-3165-42e9-acd7-ef11441d188e@group-99362A9385E5-LeaderElection24] INFO  impl.LeaderElection (LeaderElection.java:logAndReturn(93)) -   Response 0: a5053940-3165-42e9-acd7-ef11441d188e<-da611cd8-d6f8-40e9-9825-4d5039a9b9e1#0:FAIL-t5
2022-02-08 13:52:58,214 [a5053940-3165-42e9-acd7-ef11441d188e@group-99362A9385E5-LeaderElection24] INFO  impl.LeaderElection (LeaderElection.java:askForVotes(308)) - a5053940-3165-42e9-acd7-ef11441d188e@group-99362A9385E5-LeaderElection24 ELECTION round 0: result REJECTED
2022-02-08 13:52:58,214 [a5053940-3165-42e9-acd7-ef11441d188e@group-99362A9385E5-LeaderElection24] INFO  server.RaftServer$Division (RaftServerImpl.java:setRole(290)) - a5053940-3165-42e9-acd7-ef11441d188e@group-99362A9385E5: changes role from CANDIDATE to FOLLOWER at term 5 for REJECTED
2022-02-08 13:52:58,214 [a5053940-3165-42e9-acd7-ef11441d188e@group-99362A9385E5-LeaderElection24] INFO  impl.RoleInfo (RoleInfo.java:shutdownLeaderElection(121)) - a5053940-3165-42e9-acd7-ef11441d188e: shutdown a5053940-3165-42e9-acd7-ef11441d188e@group-99362A9385E5-LeaderElection24
2022-02-08 13:52:58,214 [a5053940-3165-42e9-acd7-ef11441d188e@group-99362A9385E5-LeaderElection24] INFO  impl.RoleInfo (RoleInfo.java:updateAndGet(130)) - a5053940-3165-42e9-acd7-ef11441d188e: start a5053940-3165-42e9-acd7-ef11441d188e@group-99362A9385E5-FollowerState
2022-02-08 13:52:58,836 [a7553d9d-67d8-423e-ad9b-7e30726581c7@group-6046E76B0741-FollowerState] INFO  impl.FollowerState (FollowerState.java:run(134)) - a7553d9d-67d8-423e-ad9b-7e30726581c7@group-6046E76B0741-FollowerState: change to CANDIDATE, lastRpcElapsedTime:5003416767ns, electionTimeout:5000ms
2022-02-08 13:52:58,836 [a7553d9d-67d8-423e-ad9b-7e30726581c7@group-6046E76B0741-FollowerState] INFO  impl.RoleInfo (RoleInfo.java:shutdownFollowerState(108)) - a7553d9d-67d8-423e-ad9b-7e30726581c7: shutdown a7553d9d-67d8-423e-ad9b-7e30726581c7@group-6046E76B0741-FollowerState
2022-02-08 13:52:58,836 [a7553d9d-67d8-423e-ad9b-7e30726581c7@group-6046E76B0741-FollowerState] INFO  server.RaftServer$Division (RaftServerImpl.java:setRole(290)) - a7553d9d-67d8-423e-ad9b-7e30726581c7@group-6046E76B0741: changes role from  FOLLOWER to CANDIDATE at term 4 for changeToCandidate
2022-02-08 13:52:58,837 [a7553d9d-67d8-423e-ad9b-7e30726581c7@group-6046E76B0741-FollowerState] INFO  server.RaftServerConfigKeys (ConfUtils.java:logGet(44)) - raft.server.leaderelection.pre-vote = false (custom)
2022-02-08 13:52:58,837 [a7553d9d-67d8-423e-ad9b-7e30726581c7@group-6046E76B0741-FollowerState] INFO  impl.RoleInfo (RoleInfo.java:updateAndGet(130)) - a7553d9d-67d8-423e-ad9b-7e30726581c7: start a7553d9d-67d8-423e-ad9b-7e30726581c7@group-6046E76B0741-LeaderElection25
2022-02-08 13:52:58,839 [5f9aa48b-2f61-4154-bb84-50a0aaf99a3b@group-6046E76B0741-FollowerState] INFO  impl.FollowerState (FollowerState.java:run(134)) - 5f9aa48b-2f61-4154-bb84-50a0aaf99a3b@group-6046E76B0741-FollowerState: change to CANDIDATE, lastRpcElapsedTime:5010641501ns, electionTimeout:5010ms
2022-02-08 13:52:58,840 [5f9aa48b-2f61-4154-bb84-50a0aaf99a3b@group-6046E76B0741-FollowerState] INFO  impl.RoleInfo (RoleInfo.java:shutdownFollowerState(108)) - 5f9aa48b-2f61-4154-bb84-50a0aaf99a3b: shutdown 5f9aa48b-2f61-4154-bb84-50a0aaf99a3b@group-6046E76B0741-FollowerState
2022-02-08 13:52:58,840 [5f9aa48b-2f61-4154-bb84-50a0aaf99a3b@group-6046E76B0741-FollowerState] INFO  server.RaftServer$Division (RaftServerImpl.java:setRole(290)) - 5f9aa48b-2f61-4154-bb84-50a0aaf99a3b@group-6046E76B0741: changes role from  FOLLOWER to CANDIDATE at term 4 for changeToCandidate
2022-02-08 13:52:58,840 [5f9aa48b-2f61-4154-bb84-50a0aaf99a3b@group-6046E76B0741-FollowerState] INFO  server.RaftServerConfigKeys (ConfUtils.java:logGet(44)) - raft.server.leaderelection.pre-vote = false (custom)
2022-02-08 13:52:58,840 [5f9aa48b-2f61-4154-bb84-50a0aaf99a3b@group-6046E76B0741-FollowerState] INFO  impl.RoleInfo (RoleInfo.java:updateAndGet(130)) - 5f9aa48b-2f61-4154-bb84-50a0aaf99a3b: start 5f9aa48b-2f61-4154-bb84-50a0aaf99a3b@group-6046E76B0741-LeaderElection26
2022-02-08 13:52:58,844 [a7553d9d-67d8-423e-ad9b-7e30726581c7@group-6046E76B0741-LeaderElection25] INFO  impl.LeaderElection (LeaderElection.java:askForVotes(306)) - a7553d9d-67d8-423e-ad9b-7e30726581c7@group-6046E76B0741-LeaderElection25 ELECTION round 0: submit vote requests at term 5 for -1: [a7553d9d-67d8-423e-ad9b-7e30726581c7|rpc:10.1.0.34:32871|priority:0, 5f9aa48b-2f61-4154-bb84-50a0aaf99a3b|rpc:10.1.0.34:40765|priority:0, db4f20b8-0dce-4a7c-897b-5d9165b059cf|rpc:10.1.0.34:43059|priority:1], old=null
2022-02-08 13:52:58,850 [grpc-default-executor-2] INFO  server.RaftServer$Division (RaftServerImpl.java:requestVote(1046)) - 5f9aa48b-2f61-4154-bb84-50a0aaf99a3b@group-6046E76B0741: receive requestVote(ELECTION, a7553d9d-67d8-423e-ad9b-7e30726581c7, group-6046E76B0741, 5, (t:0, i:0))
2022-02-08 13:52:58,852 [grpc-default-executor-2] INFO  impl.VoteContext (VoteContext.java:log(48)) - 5f9aa48b-2f61-4154-bb84-50a0aaf99a3b@group-6046E76B0741-CANDIDATE: reject ELECTION from a7553d9d-67d8-423e-ad9b-7e30726581c7: already has voted for 5f9aa48b-2f61-4154-bb84-50a0aaf99a3b at current term 5
2022-02-08 13:52:58,852 [grpc-default-executor-2] INFO  server.RaftServer$Division (RaftServerImpl.java:requestVote(1078)) - 5f9aa48b-2f61-4154-bb84-50a0aaf99a3b@group-6046E76B0741 replies to ELECTION vote request: a7553d9d-67d8-423e-ad9b-7e30726581c7<-5f9aa48b-2f61-4154-bb84-50a0aaf99a3b#0:FAIL-t5. Peer's state: 5f9aa48b-2f61-4154-bb84-50a0aaf99a3b@group-6046E76B0741:t5, leader=null, voted=5f9aa48b-2f61-4154-bb84-50a0aaf99a3b, raftlog=5f9aa48b-2f61-4154-bb84-50a0aaf99a3b@group-6046E76B0741-SegmentedRaftLog:OPENED:c-1, conf=-1: [a7553d9d-67d8-423e-ad9b-7e30726581c7|rpc:10.1.0.34:32871|dataStream:|priority:0, 5f9aa48b-2f61-4154-bb84-50a0aaf99a3b|rpc:10.1.0.34:40765|dataStream:|priority:0, db4f20b8-0dce-4a7c-897b-5d9165b059cf|rpc:10.1.0.34:43059|dataStream:|priority:1], old=null
2022-02-08 13:52:58,854 [5f9aa48b-2f61-4154-bb84-50a0aaf99a3b@group-6046E76B0741-LeaderElection26] INFO  impl.LeaderElection (LeaderElection.java:askForVotes(306)) - 5f9aa48b-2f61-4154-bb84-50a0aaf99a3b@group-6046E76B0741-LeaderElection26 ELECTION round 0: submit vote requests at term 5 for -1: [a7553d9d-67d8-423e-ad9b-7e30726581c7|rpc:10.1.0.34:32871|dataStream:|priority:0, 5f9aa48b-2f61-4154-bb84-50a0aaf99a3b|rpc:10.1.0.34:40765|dataStream:|priority:0, db4f20b8-0dce-4a7c-897b-5d9165b059cf|rpc:10.1.0.34:43059|dataStream:|priority:1], old=null
2022-02-08 13:52:58,858 [grpc-default-executor-0] INFO  server.RaftServer$Division (RaftServerImpl.java:requestVote(1046)) - db4f20b8-0dce-4a7c-897b-5d9165b059cf@group-6046E76B0741: receive requestVote(ELECTION, a7553d9d-67d8-423e-ad9b-7e30726581c7, group-6046E76B0741, 5, (t:0, i:0))
2022-02-08 13:52:58,858 [grpc-default-executor-0] INFO  impl.VoteContext (VoteContext.java:log(48)) - db4f20b8-0dce-4a7c-897b-5d9165b059cf@group-6046E76B0741-FOLLOWER: reject ELECTION from a7553d9d-67d8-423e-ad9b-7e30726581c7: our priority 1 > candidate's priority 0
2022-02-08 13:52:58,858 [grpc-default-executor-0] INFO  server.RaftServer$Division (RaftServerImpl.java:setRole(290)) - db4f20b8-0dce-4a7c-897b-5d9165b059cf@group-6046E76B0741: changes role from  FOLLOWER to FOLLOWER at term 5 for candidate:a7553d9d-67d8-423e-ad9b-7e30726581c7
2022-02-08 13:52:58,858 [grpc-default-executor-0] INFO  impl.RoleInfo (RoleInfo.java:shutdownFollowerState(108)) - db4f20b8-0dce-4a7c-897b-5d9165b059cf: shutdown db4f20b8-0dce-4a7c-897b-5d9165b059cf@group-6046E76B0741-FollowerState
2022-02-08 13:52:58,859 [grpc-default-executor-0] INFO  impl.RoleInfo (RoleInfo.java:updateAndGet(130)) - db4f20b8-0dce-4a7c-897b-5d9165b059cf: start db4f20b8-0dce-4a7c-897b-5d9165b059cf@group-6046E76B0741-FollowerState
2022-02-08 13:52:58,859 [db4f20b8-0dce-4a7c-897b-5d9165b059cf@group-6046E76B0741-FollowerState] INFO  impl.FollowerState (FollowerState.java:run(143)) - db4f20b8-0dce-4a7c-897b-5d9165b059cf@group-6046E76B0741-FollowerState was interrupted: {}
java.lang.InterruptedException: sleep interrupted
	at java.lang.Thread.sleep(Native Method)
	at java.lang.Thread.sleep(Thread.java:340)
	at java.util.concurrent.TimeUnit.sleep(TimeUnit.java:386)
	at org.apache.ratis.util.TimeDuration.sleep(TimeDuration.java:324)
	at org.apache.ratis.util.TimeDuration.sleep(TimeDuration.java:309)
	at org.apache.ratis.server.impl.FollowerState.run(FollowerState.java:118)
2022-02-08 13:52:58,868 [grpc-default-executor-1] INFO  server.RaftServer$Division (RaftServerImpl.java:requestVote(1046)) - a7553d9d-67d8-423e-ad9b-7e30726581c7@group-6046E76B0741: receive requestVote(ELECTION, 5f9aa48b-2f61-4154-bb84-50a0aaf99a3b, group-6046E76B0741, 5, (t:0, i:0))
2022-02-08 13:52:58,868 [grpc-default-executor-1] INFO  impl.VoteContext (VoteContext.java:log(48)) - a7553d9d-67d8-423e-ad9b-7e30726581c7@group-6046E76B0741-CANDIDATE: reject ELECTION from 5f9aa48b-2f61-4154-bb84-50a0aaf99a3b: already has voted for a7553d9d-67d8-423e-ad9b-7e30726581c7 at current term 5
2022-02-08 13:52:58,868 [grpc-default-executor-1] INFO  server.RaftServer$Division (RaftServerImpl.java:requestVote(1078)) - a7553d9d-67d8-423e-ad9b-7e30726581c7@group-6046E76B0741 replies to ELECTION vote request: 5f9aa48b-2f61-4154-bb84-50a0aaf99a3b<-a7553d9d-67d8-423e-ad9b-7e30726581c7#0:FAIL-t5. Peer's state: a7553d9d-67d8-423e-ad9b-7e30726581c7@group-6046E76B0741:t5, leader=null, voted=a7553d9d-67d8-423e-ad9b-7e30726581c7, raftlog=a7553d9d-67d8-423e-ad9b-7e30726581c7@group-6046E76B0741-SegmentedRaftLog:OPENED:c-1, conf=-1: [a7553d9d-67d8-423e-ad9b-7e30726581c7|rpc:10.1.0.34:32871|priority:0, 5f9aa48b-2f61-4154-bb84-50a0aaf99a3b|rpc:10.1.0.34:40765|priority:0, db4f20b8-0dce-4a7c-897b-5d9165b059cf|rpc:10.1.0.34:43059|priority:1], old=null
2022-02-08 13:52:58,870 [grpc-default-executor-2] INFO  server.RaftServer$Division (RaftServerImpl.java:requestVote(1046)) - db4f20b8-0dce-4a7c-897b-5d9165b059cf@group-6046E76B0741: receive requestVote(ELECTION, 5f9aa48b-2f61-4154-bb84-50a0aaf99a3b, group-6046E76B0741, 5, (t:0, i:0))
2022-02-08 13:52:58,871 [grpc-default-executor-0] INFO  server.RaftServer$Division (RaftServerImpl.java:requestVote(1078)) - db4f20b8-0dce-4a7c-897b-5d9165b059cf@group-6046E76B0741 replies to ELECTION vote request: a7553d9d-67d8-423e-ad9b-7e30726581c7<-db4f20b8-0dce-4a7c-897b-5d9165b059cf#0:FAIL-t5. Peer's state: db4f20b8-0dce-4a7c-897b-5d9165b059cf@group-6046E76B0741:t5, leader=null, voted=null, raftlog=db4f20b8-0dce-4a7c-897b-5d9165b059cf@group-6046E76B0741-SegmentedRaftLog:OPENED:c-1, conf=-1: [a7553d9d-67d8-423e-ad9b-7e30726581c7|rpc:10.1.0.34:32871|dataStream:|priority:0, 5f9aa48b-2f61-4154-bb84-50a0aaf99a3b|rpc:10.1.0.34:40765|dataStream:|priority:0, db4f20b8-0dce-4a7c-897b-5d9165b059cf|rpc:10.1.0.34:43059|dataStream:|priority:1], old=null
2022-02-08 13:52:58,872 [grpc-default-executor-2] INFO  impl.VoteContext (VoteContext.java:log(48)) - db4f20b8-0dce-4a7c-897b-5d9165b059cf@group-6046E76B0741-FOLLOWER: reject ELECTION from 5f9aa48b-2f61-4154-bb84-50a0aaf99a3b: our priority 1 > candidate's priority 0
2022-02-08 13:52:58,872 [grpc-default-executor-2] INFO  server.RaftServer$Division (RaftServerImpl.java:setRole(290)) - db4f20b8-0dce-4a7c-897b-5d9165b059cf@group-6046E76B0741: changes role from  FOLLOWER to FOLLOWER at term 5 for candidate:5f9aa48b-2f61-4154-bb84-50a0aaf99a3b
2022-02-08 13:52:58,872 [grpc-default-executor-2] INFO  impl.RoleInfo (RoleInfo.java:shutdownFollowerState(108)) - db4f20b8-0dce-4a7c-897b-5d9165b059cf: shutdown db4f20b8-0dce-4a7c-897b-5d9165b059cf@group-6046E76B0741-FollowerState
2022-02-08 13:52:58,872 [grpc-default-executor-2] INFO  impl.RoleInfo (RoleInfo.java:updateAndGet(130)) - db4f20b8-0dce-4a7c-897b-5d9165b059cf: start db4f20b8-0dce-4a7c-897b-5d9165b059cf@group-6046E76B0741-FollowerState
2022-02-08 13:52:58,873 [a7553d9d-67d8-423e-ad9b-7e30726581c7@group-6046E76B0741-LeaderElection25] INFO  impl.LeaderElection (LeaderElection.java:logAndReturn(89)) - a7553d9d-67d8-423e-ad9b-7e30726581c7@group-6046E76B0741-LeaderElection25: ELECTION REJECTED received 2 response(s) and 0 exception(s):
2022-02-08 13:52:58,873 [a7553d9d-67d8-423e-ad9b-7e30726581c7@group-6046E76B0741-LeaderElection25] INFO  impl.LeaderElection (LeaderElection.java:logAndReturn(93)) -   Response 0: a7553d9d-67d8-423e-ad9b-7e30726581c7<-5f9aa48b-2f61-4154-bb84-50a0aaf99a3b#0:FAIL-t5
2022-02-08 13:52:58,873 [a7553d9d-67d8-423e-ad9b-7e30726581c7@group-6046E76B0741-LeaderElection25] INFO  impl.LeaderElection (LeaderElection.java:logAndReturn(93)) -   Response 1: a7553d9d-67d8-423e-ad9b-7e30726581c7<-db4f20b8-0dce-4a7c-897b-5d9165b059cf#0:FAIL-t5
2022-02-08 13:52:58,873 [db4f20b8-0dce-4a7c-897b-5d9165b059cf@group-6046E76B0741-FollowerState] INFO  impl.FollowerState (FollowerState.java:run(143)) - db4f20b8-0dce-4a7c-897b-5d9165b059cf@group-6046E76B0741-FollowerState was interrupted: {}
java.lang.InterruptedException: sleep interrupted
	at java.lang.Thread.sleep(Native Method)
	at java.lang.Thread.sleep(Thread.java:340)
	at java.util.concurrent.TimeUnit.sleep(TimeUnit.java:386)
	at org.apache.ratis.util.TimeDuration.sleep(TimeDuration.java:324)
	at org.apache.ratis.util.TimeDuration.sleep(TimeDuration.java:309)
	at org.apache.ratis.server.impl.FollowerState.run(FollowerState.java:118)
2022-02-08 13:52:58,874 [grpc-default-executor-2] INFO  server.RaftServer$Division (RaftServerImpl.java:requestVote(1078)) - db4f20b8-0dce-4a7c-897b-5d9165b059cf@group-6046E76B0741 replies to ELECTION vote request: 5f9aa48b-2f61-4154-bb84-50a0aaf99a3b<-db4f20b8-0dce-4a7c-897b-5d9165b059cf#0:FAIL-t5. Peer's state: db4f20b8-0dce-4a7c-897b-5d9165b059cf@group-6046E76B0741:t5, leader=null, voted=null, raftlog=db4f20b8-0dce-4a7c-897b-5d9165b059cf@group-6046E76B0741-SegmentedRaftLog:OPENED:c-1, conf=-1: [a7553d9d-67d8-423e-ad9b-7e30726581c7|rpc:10.1.0.34:32871|dataStream:|priority:0, 5f9aa48b-2f61-4154-bb84-50a0aaf99a3b|rpc:10.1.0.34:40765|dataStream:|priority:0, db4f20b8-0dce-4a7c-897b-5d9165b059cf|rpc:10.1.0.34:43059|dataStream:|priority:1], old=null
2022-02-08 13:52:58,875 [5f9aa48b-2f61-4154-bb84-50a0aaf99a3b@group-6046E76B0741-LeaderElection26] INFO  impl.LeaderElection (LeaderElection.java:logAndReturn(89)) - 5f9aa48b-2f61-4154-bb84-50a0aaf99a3b@group-6046E76B0741-LeaderElection26: ELECTION REJECTED received 2 response(s) and 0 exception(s):
2022-02-08 13:52:58,875 [5f9aa48b-2f61-4154-bb84-50a0aaf99a3b@group-6046E76B0741-LeaderElection26] INFO  impl.LeaderElection (LeaderElection.java:logAndReturn(93)) -   Response 0: 5f9aa48b-2f61-4154-bb84-50a0aaf99a3b<-a7553d9d-67d8-423e-ad9b-7e30726581c7#0:FAIL-t5
2022-02-08 13:52:58,875 [5f9aa48b-2f61-4154-bb84-50a0aaf99a3b@group-6046E76B0741-LeaderElection26] INFO  impl.LeaderElection (LeaderElection.java:logAndReturn(93)) -   Response 1: 5f9aa48b-2f61-4154-bb84-50a0aaf99a3b<-db4f20b8-0dce-4a7c-897b-5d9165b059cf#0:FAIL-t5
2022-02-08 13:52:58,875 [5f9aa48b-2f61-4154-bb84-50a0aaf99a3b@group-6046E76B0741-LeaderElection26] INFO  impl.LeaderElection (LeaderElection.java:askForVotes(308)) - 5f9aa48b-2f61-4154-bb84-50a0aaf99a3b@group-6046E76B0741-LeaderElection26 ELECTION round 0: result REJECTED
2022-02-08 13:52:58,875 [5f9aa48b-2f61-4154-bb84-50a0aaf99a3b@group-6046E76B0741-LeaderElection26] INFO  server.RaftServer$Division (RaftServerImpl.java:setRole(290)) - 5f9aa48b-2f61-4154-bb84-50a0aaf99a3b@group-6046E76B0741: changes role from CANDIDATE to FOLLOWER at term 5 for REJECTED
2022-02-08 13:52:58,875 [5f9aa48b-2f61-4154-bb84-50a0aaf99a3b@group-6046E76B0741-LeaderElection26] INFO  impl.RoleInfo (RoleInfo.java:shutdownLeaderElection(121)) - 5f9aa48b-2f61-4154-bb84-50a0aaf99a3b: shutdown 5f9aa48b-2f61-4154-bb84-50a0aaf99a3b@group-6046E76B0741-LeaderElection26
2022-02-08 13:52:58,875 [5f9aa48b-2f61-4154-bb84-50a0aaf99a3b@group-6046E76B0741-LeaderElection26] INFO  impl.RoleInfo (RoleInfo.java:updateAndGet(130)) - 5f9aa48b-2f61-4154-bb84-50a0aaf99a3b: start 5f9aa48b-2f61-4154-bb84-50a0aaf99a3b@group-6046E76B0741-FollowerState
2022-02-08 13:52:58,886 [a7553d9d-67d8-423e-ad9b-7e30726581c7@group-6046E76B0741-LeaderElection25] INFO  impl.LeaderElection (LeaderElection.java:askForVotes(308)) - a7553d9d-67d8-423e-ad9b-7e30726581c7@group-6046E76B0741-LeaderElection25 ELECTION round 0: result REJECTED
2022-02-08 13:52:58,886 [a7553d9d-67d8-423e-ad9b-7e30726581c7@group-6046E76B0741-LeaderElection25] INFO  server.RaftServer$Division (RaftServerImpl.java:setRole(290)) - a7553d9d-67d8-423e-ad9b-7e30726581c7@group-6046E76B0741: changes role from CANDIDATE to FOLLOWER at term 5 for REJECTED
2022-02-08 13:52:58,886 [a7553d9d-67d8-423e-ad9b-7e30726581c7@group-6046E76B0741-LeaderElection25] INFO  impl.RoleInfo (RoleInfo.java:shutdownLeaderElection(121)) - a7553d9d-67d8-423e-ad9b-7e30726581c7: shutdown a7553d9d-67d8-423e-ad9b-7e30726581c7@group-6046E76B0741-LeaderElection25
2022-02-08 13:52:58,886 [a7553d9d-67d8-423e-ad9b-7e30726581c7@group-6046E76B0741-LeaderElection25] INFO  impl.RoleInfo (RoleInfo.java:updateAndGet(130)) - a7553d9d-67d8-423e-ad9b-7e30726581c7: start a7553d9d-67d8-423e-ad9b-7e30726581c7@group-6046E76B0741-FollowerState
2022-02-08 13:52:58,990 [Listener at 127.0.0.1/36213] INFO  utils.BackgroundService (BackgroundService.java:shutdown(132)) - Shutting down service BlockDeletingService
2022-02-08 13:52:59,453 [grpc-default-executor-2] WARN  server.GrpcLogAppender (LogUtils.java:warn(122)) - 74cc591c-4d52-479e-aacc-08a66935e120@group-25469F3653D4->915ea2a1-2b04-4a8b-905a-cfef4591970c-AppendLogResponseHandler: Failed appendEntries: org.apache.ratis.thirdparty.io.grpc.StatusRuntimeException: UNAVAILABLE: io exception
2022-02-08 13:52:59,454 [grpc-default-executor-2] INFO  leader.FollowerInfo (FollowerInfoImpl.java:lambda$new$0(47)) - 74cc591c-4d52-479e-aacc-08a66935e120@group-25469F3653D4->915ea2a1-2b04-4a8b-905a-cfef4591970c: nextIndex: updateUnconditionally 12 -> 11
2022-02-08 13:52:59,472 [grpc-default-executor-2] WARN  server.GrpcLogAppender (LogUtils.java:warn(122)) - 74cc591c-4d52-479e-aacc-08a66935e120@group-25469F3653D4->0fed3ba6-79cb-4518-b48b-c28a0e29dbfb-AppendLogResponseHandler: Failed appendEntries: org.apache.ratis.thirdparty.io.grpc.StatusRuntimeException: UNAVAILABLE: io exception
2022-02-08 13:52:59,473 [grpc-default-executor-2] INFO  leader.FollowerInfo (FollowerInfoImpl.java:lambda$new$0(47)) - 74cc591c-4d52-479e-aacc-08a66935e120@group-25469F3653D4->0fed3ba6-79cb-4518-b48b-c28a0e29dbfb: nextIndex: updateUnconditionally 12 -> 11
2022-02-08 13:53:01,954 [grpc-default-executor-2] WARN  server.GrpcLogAppender (LogUtils.java:warn(122)) - 74cc591c-4d52-479e-aacc-08a66935e120@group-25469F3653D4->915ea2a1-2b04-4a8b-905a-cfef4591970c-AppendLogResponseHandler: Failed appendEntries: org.apache.ratis.thirdparty.io.grpc.StatusRuntimeException: UNAVAILABLE: io exception
2022-02-08 13:53:01,955 [grpc-default-executor-2] INFO  leader.FollowerInfo (FollowerInfoImpl.java:lambda$new$0(47)) - 74cc591c-4d52-479e-aacc-08a66935e120@group-25469F3653D4->915ea2a1-2b04-4a8b-905a-cfef4591970c: nextIndex: updateUnconditionally 12 -> 11
2022-02-08 13:53:01,973 [grpc-default-executor-2] WARN  server.GrpcLogAppender (LogUtils.java:warn(122)) - 74cc591c-4d52-479e-aacc-08a66935e120@group-25469F3653D4->0fed3ba6-79cb-4518-b48b-c28a0e29dbfb-AppendLogResponseHandler: Failed appendEntries: org.apache.ratis.thirdparty.io.grpc.StatusRuntimeException: UNAVAILABLE: io exception
2022-02-08 13:53:01,973 [grpc-default-executor-2] INFO  leader.FollowerInfo (FollowerInfoImpl.java:lambda$new$0(47)) - 74cc591c-4d52-479e-aacc-08a66935e120@group-25469F3653D4->0fed3ba6-79cb-4518-b48b-c28a0e29dbfb: nextIndex: updateUnconditionally 12 -> 11
2022-02-08 13:53:01,994 [Listener at 127.0.0.1/36213] INFO  statemachine.DatanodeStateMachine (DatanodeStateMachine.java:stopDaemon(529)) - Ozone container server stopped.
2022-02-08 13:53:01,995 [Listener at 127.0.0.1/36213] INFO  handler.ContextHandler (ContextHandler.java:doStop(1153)) - Stopped o.e.j.w.WebAppContext@1d502d6c{hddsDatanode,/,null,STOPPED}{jar:file:/home/runner/.m2/repository/org/apache/ozone/hdds-container-service/1.3.0-SNAPSHOT/hdds-container-service-1.3.0-SNAPSHOT.jar!/webapps/hddsDatanode}
2022-02-08 13:53:01,997 [Listener at 127.0.0.1/36213] INFO  server.AbstractConnector (AbstractConnector.java:doStop(381)) - Stopped ServerConnector@5ee29735{HTTP/1.1, (http/1.1)}{0.0.0.0:0}
2022-02-08 13:53:01,998 [Listener at 127.0.0.1/36213] INFO  server.session (HouseKeeper.java:stopScavenging(149)) - node0 Stopped scavenging
2022-02-08 13:53:01,998 [Listener at 127.0.0.1/36213] INFO  handler.ContextHandler (ContextHandler.java:doStop(1153)) - Stopped o.e.j.s.ServletContextHandler@17acd4c5{static,/static,jar:file:/home/runner/.m2/repository/org/apache/ozone/hdds-container-service/1.3.0-SNAPSHOT/hdds-container-service-1.3.0-SNAPSHOT.jar!/webapps/static,STOPPED}
2022-02-08 13:53:01,998 [Listener at 127.0.0.1/36213] INFO  handler.ContextHandler (ContextHandler.java:doStop(1153)) - Stopped o.e.j.s.ServletContextHandler@796a1cd1{logs,/logs,file:///home/runner/work/ozone/ozone/hadoop-ozone/integration-test/target/log,STOPPED}
2022-02-08 13:53:02,013 [grpc-default-executor-0] WARN  server.GrpcLogAppender (LogUtils.java:warn(122)) - 74cc591c-4d52-479e-aacc-08a66935e120@group-25469F3653D4->915ea2a1-2b04-4a8b-905a-cfef4591970c-AppendLogResponseHandler: Failed appendEntries: org.apache.ratis.thirdparty.io.grpc.StatusRuntimeException: UNAVAILABLE: io exception
2022-02-08 13:53:02,014 [grpc-default-executor-0] INFO  leader.FollowerInfo (FollowerInfoImpl.java:lambda$new$0(47)) - 74cc591c-4d52-479e-aacc-08a66935e120@group-25469F3653D4->915ea2a1-2b04-4a8b-905a-cfef4591970c: nextIndex: updateUnconditionally 12 -> 11
2022-02-08 13:53:02,020 [grpc-default-executor-1] WARN  server.GrpcLogAppender (LogUtils.java:warn(122)) - 74cc591c-4d52-479e-aacc-08a66935e120@group-25469F3653D4->0fed3ba6-79cb-4518-b48b-c28a0e29dbfb-AppendLogResponseHandler: Failed appendEntries: org.apache.ratis.thirdparty.io.grpc.StatusRuntimeException: UNAVAILABLE: io exception
2022-02-08 13:53:02,020 [grpc-default-executor-1] INFO  leader.FollowerInfo (FollowerInfoImpl.java:lambda$new$0(47)) - 74cc591c-4d52-479e-aacc-08a66935e120@group-25469F3653D4->0fed3ba6-79cb-4518-b48b-c28a0e29dbfb: nextIndex: updateUnconditionally 12 -> 11
2022-02-08 13:53:02,021 [grpc-default-executor-1] WARN  server.GrpcLogAppender (LogUtils.java:warn(122)) - 74cc591c-4d52-479e-aacc-08a66935e120@group-25469F3653D4->0fed3ba6-79cb-4518-b48b-c28a0e29dbfb-AppendLogResponseHandler: Failed appendEntries: org.apache.ratis.thirdparty.io.grpc.StatusRuntimeException: UNAVAILABLE: io exception
2022-02-08 13:53:02,022 [grpc-default-executor-1] INFO  leader.FollowerInfo (FollowerInfoImpl.java:lambda$new$0(47)) - 74cc591c-4d52-479e-aacc-08a66935e120@group-25469F3653D4->0fed3ba6-79cb-4518-b48b-c28a0e29dbfb: nextIndex: updateUnconditionally 11 -> 10
2022-02-08 13:53:02,024 [grpc-default-executor-1] WARN  server.GrpcLogAppender (LogUtils.java:warn(122)) - 74cc591c-4d52-479e-aacc-08a66935e120@group-25469F3653D4->0fed3ba6-79cb-4518-b48b-c28a0e29dbfb-AppendLogResponseHandler: Failed appendEntries: org.apache.ratis.thirdparty.io.grpc.StatusRuntimeException: UNAVAILABLE: io exception
2022-02-08 13:53:02,024 [grpc-default-executor-1] INFO  leader.FollowerInfo (FollowerInfoImpl.java:lambda$new$0(47)) - 74cc591c-4d52-479e-aacc-08a66935e120@group-25469F3653D4->0fed3ba6-79cb-4518-b48b-c28a0e29dbfb: nextIndex: updateUnconditionally 11 -> 10
2022-02-08 13:53:02,029 [grpc-default-executor-3] WARN  server.GrpcLogAppender (LogUtils.java:warn(122)) - 74cc591c-4d52-479e-aacc-08a66935e120@group-25469F3653D4->915ea2a1-2b04-4a8b-905a-cfef4591970c-AppendLogResponseHandler: Failed appendEntries: org.apache.ratis.thirdparty.io.grpc.StatusRuntimeException: UNAVAILABLE: io exception
2022-02-08 13:53:02,030 [grpc-default-executor-3] INFO  leader.FollowerInfo (FollowerInfoImpl.java:lambda$new$0(47)) - 74cc591c-4d52-479e-aacc-08a66935e120@group-25469F3653D4->915ea2a1-2b04-4a8b-905a-cfef4591970c: nextIndex: updateUnconditionally 12 -> 11
2022-02-08 13:53:03,245 [a5053940-3165-42e9-acd7-ef11441d188e@group-99362A9385E5-FollowerState] INFO  impl.FollowerState (FollowerState.java:run(134)) - a5053940-3165-42e9-acd7-ef11441d188e@group-99362A9385E5-FollowerState: change to CANDIDATE, lastRpcElapsedTime:5030890655ns, electionTimeout:5030ms
2022-02-08 13:53:03,245 [a5053940-3165-42e9-acd7-ef11441d188e@group-99362A9385E5-FollowerState] INFO  impl.RoleInfo (RoleInfo.java:shutdownFollowerState(108)) - a5053940-3165-42e9-acd7-ef11441d188e: shutdown a5053940-3165-42e9-acd7-ef11441d188e@group-99362A9385E5-FollowerState
2022-02-08 13:53:03,245 [a5053940-3165-42e9-acd7-ef11441d188e@group-99362A9385E5-FollowerState] INFO  server.RaftServer$Division (RaftServerImpl.java:setRole(290)) - a5053940-3165-42e9-acd7-ef11441d188e@group-99362A9385E5: changes role from  FOLLOWER to CANDIDATE at term 5 for changeToCandidate
2022-02-08 13:53:03,245 [a5053940-3165-42e9-acd7-ef11441d188e@group-99362A9385E5-FollowerState] INFO  server.RaftServerConfigKeys (ConfUtils.java:logGet(44)) - raft.server.leaderelection.pre-vote = false (custom)
2022-02-08 13:53:03,245 [a5053940-3165-42e9-acd7-ef11441d188e@group-99362A9385E5-FollowerState] INFO  impl.RoleInfo (RoleInfo.java:updateAndGet(130)) - a5053940-3165-42e9-acd7-ef11441d188e: start a5053940-3165-42e9-acd7-ef11441d188e@group-99362A9385E5-LeaderElection27
2022-02-08 13:53:03,266 [a5053940-3165-42e9-acd7-ef11441d188e@group-99362A9385E5-LeaderElection27] INFO  impl.LeaderElection (LeaderElection.java:askForVotes(306)) - a5053940-3165-42e9-acd7-ef11441d188e@group-99362A9385E5-LeaderElection27 ELECTION round 0: submit vote requests at term 6 for -1: [da611cd8-d6f8-40e9-9825-4d5039a9b9e1|rpc:10.1.0.34:39351|priority:1, a5053940-3165-42e9-acd7-ef11441d188e|rpc:10.1.0.34:35549|priority:0, f61a4b31-682a-41d1-a434-a20bd71c25fb|rpc:10.1.0.34:43123|priority:0], old=null
2022-02-08 13:53:03,282 [grpc-default-executor-3] INFO  server.RaftServer$Division (RaftServerImpl.java:requestVote(1046)) - da611cd8-d6f8-40e9-9825-4d5039a9b9e1@group-99362A9385E5: receive requestVote(ELECTION, a5053940-3165-42e9-acd7-ef11441d188e, group-99362A9385E5, 6, (t:0, i:0))
2022-02-08 13:53:03,282 [grpc-default-executor-3] INFO  impl.VoteContext (VoteContext.java:log(48)) - da611cd8-d6f8-40e9-9825-4d5039a9b9e1@group-99362A9385E5-FOLLOWER: reject ELECTION from a5053940-3165-42e9-acd7-ef11441d188e: our priority 1 > candidate's priority 0
2022-02-08 13:53:03,282 [grpc-default-executor-3] INFO  server.RaftServer$Division (RaftServerImpl.java:setRole(290)) - da611cd8-d6f8-40e9-9825-4d5039a9b9e1@group-99362A9385E5: changes role from  FOLLOWER to FOLLOWER at term 6 for candidate:a5053940-3165-42e9-acd7-ef11441d188e
2022-02-08 13:53:03,282 [grpc-default-executor-3] INFO  impl.RoleInfo (RoleInfo.java:shutdownFollowerState(108)) - da611cd8-d6f8-40e9-9825-4d5039a9b9e1: shutdown da611cd8-d6f8-40e9-9825-4d5039a9b9e1@group-99362A9385E5-FollowerState
2022-02-08 13:53:03,282 [grpc-default-executor-3] INFO  impl.RoleInfo (RoleInfo.java:updateAndGet(130)) - da611cd8-d6f8-40e9-9825-4d5039a9b9e1: start da611cd8-d6f8-40e9-9825-4d5039a9b9e1@group-99362A9385E5-FollowerState
2022-02-08 13:53:03,282 [da611cd8-d6f8-40e9-9825-4d5039a9b9e1@group-99362A9385E5-FollowerState] INFO  impl.FollowerState (FollowerState.java:run(143)) - da611cd8-d6f8-40e9-9825-4d5039a9b9e1@group-99362A9385E5-FollowerState was interrupted: {}
java.lang.InterruptedException: sleep interrupted
	at java.lang.Thread.sleep(Native Method)
	at java.lang.Thread.sleep(Thread.java:340)
	at java.util.concurrent.TimeUnit.sleep(TimeUnit.java:386)
	at org.apache.ratis.util.TimeDuration.sleep(TimeDuration.java:324)
	at org.apache.ratis.util.TimeDuration.sleep(TimeDuration.java:309)
	at org.apache.ratis.server.impl.FollowerState.run(FollowerState.java:118)
2022-02-08 13:53:03,285 [grpc-default-executor-2] INFO  server.RaftServer$Division (RaftServerImpl.java:requestVote(1046)) - f61a4b31-682a-41d1-a434-a20bd71c25fb@group-99362A9385E5: receive requestVote(ELECTION, a5053940-3165-42e9-acd7-ef11441d188e, group-99362A9385E5, 6, (t:0, i:0))
2022-02-08 13:53:03,285 [grpc-default-executor-2] INFO  impl.VoteContext (VoteContext.java:log(48)) - f61a4b31-682a-41d1-a434-a20bd71c25fb@group-99362A9385E5-FOLLOWER: accept ELECTION from a5053940-3165-42e9-acd7-ef11441d188e: our priority 0 <= candidate's priority 0
2022-02-08 13:53:03,285 [grpc-default-executor-2] INFO  server.RaftServer$Division (RaftServerImpl.java:setRole(290)) - f61a4b31-682a-41d1-a434-a20bd71c25fb@group-99362A9385E5: changes role from  FOLLOWER to FOLLOWER at term 6 for candidate:a5053940-3165-42e9-acd7-ef11441d188e
2022-02-08 13:53:03,285 [grpc-default-executor-2] INFO  impl.RoleInfo (RoleInfo.java:shutdownFollowerState(108)) - f61a4b31-682a-41d1-a434-a20bd71c25fb: shutdown f61a4b31-682a-41d1-a434-a20bd71c25fb@group-99362A9385E5-FollowerState
2022-02-08 13:53:03,301 [grpc-default-executor-2] INFO  impl.RoleInfo (RoleInfo.java:updateAndGet(130)) - f61a4b31-682a-41d1-a434-a20bd71c25fb: start f61a4b31-682a-41d1-a434-a20bd71c25fb@group-99362A9385E5-FollowerState
2022-02-08 13:53:03,301 [f61a4b31-682a-41d1-a434-a20bd71c25fb@group-99362A9385E5-FollowerState] INFO  impl.FollowerState (FollowerState.java:run(143)) - f61a4b31-682a-41d1-a434-a20bd71c25fb@group-99362A9385E5-FollowerState was interrupted: {}
java.lang.InterruptedException: sleep interrupted
	at java.lang.Thread.sleep(Native Method)
	at java.lang.Thread.sleep(Thread.java:340)
	at java.util.concurrent.TimeUnit.sleep(TimeUnit.java:386)
	at org.apache.ratis.util.TimeDuration.sleep(TimeDuration.java:324)
	at org.apache.ratis.util.TimeDuration.sleep(TimeDuration.java:309)
	at org.apache.ratis.server.impl.FollowerState.run(FollowerState.java:118)
2022-02-08 13:53:03,303 [grpc-default-executor-3] INFO  server.RaftServer$Division (RaftServerImpl.java:requestVote(1078)) - da611cd8-d6f8-40e9-9825-4d5039a9b9e1@group-99362A9385E5 replies to ELECTION vote request: a5053940-3165-42e9-acd7-ef11441d188e<-da611cd8-d6f8-40e9-9825-4d5039a9b9e1#0:FAIL-t6. Peer's state: da611cd8-d6f8-40e9-9825-4d5039a9b9e1@group-99362A9385E5:t6, leader=null, voted=null, raftlog=da611cd8-d6f8-40e9-9825-4d5039a9b9e1@group-99362A9385E5-SegmentedRaftLog:OPENED:c-1, conf=-1: [da611cd8-d6f8-40e9-9825-4d5039a9b9e1|rpc:10.1.0.34:39351|dataStream:|priority:1, a5053940-3165-42e9-acd7-ef11441d188e|rpc:10.1.0.34:35549|dataStream:|priority:0, f61a4b31-682a-41d1-a434-a20bd71c25fb|rpc:10.1.0.34:43123|dataStream:|priority:0], old=null
2022-02-08 13:53:03,308 [a5053940-3165-42e9-acd7-ef11441d188e@group-99362A9385E5-LeaderElection27] INFO  impl.LeaderElection (LeaderElection.java:logAndReturn(89)) - a5053940-3165-42e9-acd7-ef11441d188e@group-99362A9385E5-LeaderElection27: ELECTION REJECTED received 1 response(s) and 0 exception(s):
2022-02-08 13:53:03,309 [a5053940-3165-42e9-acd7-ef11441d188e@group-99362A9385E5-LeaderElection27] INFO  impl.LeaderElection (LeaderElection.java:logAndReturn(93)) -   Response 0: a5053940-3165-42e9-acd7-ef11441d188e<-da611cd8-d6f8-40e9-9825-4d5039a9b9e1#0:FAIL-t6
2022-02-08 13:53:03,309 [a5053940-3165-42e9-acd7-ef11441d188e@group-99362A9385E5-LeaderElection27] INFO  impl.LeaderElection (LeaderElection.java:askForVotes(308)) - a5053940-3165-42e9-acd7-ef11441d188e@group-99362A9385E5-LeaderElection27 ELECTION round 0: result REJECTED
2022-02-08 13:53:03,309 [a5053940-3165-42e9-acd7-ef11441d188e@group-99362A9385E5-LeaderElection27] INFO  server.RaftServer$Division (RaftServerImpl.java:setRole(290)) - a5053940-3165-42e9-acd7-ef11441d188e@group-99362A9385E5: changes role from CANDIDATE to FOLLOWER at term 6 for REJECTED
2022-02-08 13:53:03,309 [a5053940-3165-42e9-acd7-ef11441d188e@group-99362A9385E5-LeaderElection27] INFO  impl.RoleInfo (RoleInfo.java:shutdownLeaderElection(121)) - a5053940-3165-42e9-acd7-ef11441d188e: shutdown a5053940-3165-42e9-acd7-ef11441d188e@group-99362A9385E5-LeaderElection27
2022-02-08 13:53:03,309 [a5053940-3165-42e9-acd7-ef11441d188e@group-99362A9385E5-LeaderElection27] INFO  impl.RoleInfo (RoleInfo.java:updateAndGet(130)) - a5053940-3165-42e9-acd7-ef11441d188e: start a5053940-3165-42e9-acd7-ef11441d188e@group-99362A9385E5-FollowerState
2022-02-08 13:53:03,309 [grpc-default-executor-2] INFO  server.RaftServer$Division (RaftServerImpl.java:requestVote(1078)) - f61a4b31-682a-41d1-a434-a20bd71c25fb@group-99362A9385E5 replies to ELECTION vote request: a5053940-3165-42e9-acd7-ef11441d188e<-f61a4b31-682a-41d1-a434-a20bd71c25fb#0:OK-t6. Peer's state: f61a4b31-682a-41d1-a434-a20bd71c25fb@group-99362A9385E5:t6, leader=null, voted=a5053940-3165-42e9-acd7-ef11441d188e, raftlog=f61a4b31-682a-41d1-a434-a20bd71c25fb@group-99362A9385E5-SegmentedRaftLog:OPENED:c-1, conf=-1: [da611cd8-d6f8-40e9-9825-4d5039a9b9e1|rpc:10.1.0.34:39351|dataStream:|priority:1, a5053940-3165-42e9-acd7-ef11441d188e|rpc:10.1.0.34:35549|dataStream:|priority:0, f61a4b31-682a-41d1-a434-a20bd71c25fb|rpc:10.1.0.34:43123|dataStream:|priority:0], old=null
2022-02-08 13:53:03,922 [5f9aa48b-2f61-4154-bb84-50a0aaf99a3b@group-6046E76B0741-FollowerState] INFO  impl.FollowerState (FollowerState.java:run(134)) - 5f9aa48b-2f61-4154-bb84-50a0aaf99a3b@group-6046E76B0741-FollowerState: change to CANDIDATE, lastRpcElapsedTime:5046502163ns, electionTimeout:5033ms
2022-02-08 13:53:03,922 [5f9aa48b-2f61-4154-bb84-50a0aaf99a3b@group-6046E76B0741-FollowerState] INFO  impl.RoleInfo (RoleInfo.java:shutdownFollowerState(108)) - 5f9aa48b-2f61-4154-bb84-50a0aaf99a3b: shutdown 5f9aa48b-2f61-4154-bb84-50a0aaf99a3b@group-6046E76B0741-FollowerState
2022-02-08 13:53:03,922 [5f9aa48b-2f61-4154-bb84-50a0aaf99a3b@group-6046E76B0741-FollowerState] INFO  server.RaftServer$Division (RaftServerImpl.java:setRole(290)) - 5f9aa48b-2f61-4154-bb84-50a0aaf99a3b@group-6046E76B0741: changes role from  FOLLOWER to CANDIDATE at term 5 for changeToCandidate
2022-02-08 13:53:03,922 [5f9aa48b-2f61-4154-bb84-50a0aaf99a3b@group-6046E76B0741-FollowerState] INFO  server.RaftServerConfigKeys (ConfUtils.java:logGet(44)) - raft.server.leaderelection.pre-vote = false (custom)
2022-02-08 13:53:03,922 [5f9aa48b-2f61-4154-bb84-50a0aaf99a3b@group-6046E76B0741-FollowerState] INFO  impl.RoleInfo (RoleInfo.java:updateAndGet(130)) - 5f9aa48b-2f61-4154-bb84-50a0aaf99a3b: start 5f9aa48b-2f61-4154-bb84-50a0aaf99a3b@group-6046E76B0741-LeaderElection28
2022-02-08 13:53:03,924 [5f9aa48b-2f61-4154-bb84-50a0aaf99a3b@group-6046E76B0741-LeaderElection28] INFO  impl.LeaderElection (LeaderElection.java:askForVotes(306)) - 5f9aa48b-2f61-4154-bb84-50a0aaf99a3b@group-6046E76B0741-LeaderElection28 ELECTION round 0: submit vote requests at term 6 for -1: [a7553d9d-67d8-423e-ad9b-7e30726581c7|rpc:10.1.0.34:32871|dataStream:|priority:0, 5f9aa48b-2f61-4154-bb84-50a0aaf99a3b|rpc:10.1.0.34:40765|dataStream:|priority:0, db4f20b8-0dce-4a7c-897b-5d9165b059cf|rpc:10.1.0.34:43059|dataStream:|priority:1], old=null
2022-02-08 13:53:03,926 [grpc-default-executor-2] INFO  server.RaftServer$Division (RaftServerImpl.java:requestVote(1046)) - a7553d9d-67d8-423e-ad9b-7e30726581c7@group-6046E76B0741: receive requestVote(ELECTION, 5f9aa48b-2f61-4154-bb84-50a0aaf99a3b, group-6046E76B0741, 6, (t:0, i:0))
2022-02-08 13:53:03,927 [grpc-default-executor-2] INFO  impl.VoteContext (VoteContext.java:log(48)) - a7553d9d-67d8-423e-ad9b-7e30726581c7@group-6046E76B0741-FOLLOWER: accept ELECTION from 5f9aa48b-2f61-4154-bb84-50a0aaf99a3b: our priority 0 <= candidate's priority 0
2022-02-08 13:53:03,927 [grpc-default-executor-2] INFO  server.RaftServer$Division (RaftServerImpl.java:setRole(290)) - a7553d9d-67d8-423e-ad9b-7e30726581c7@group-6046E76B0741: changes role from  FOLLOWER to FOLLOWER at term 6 for candidate:5f9aa48b-2f61-4154-bb84-50a0aaf99a3b
2022-02-08 13:53:03,927 [grpc-default-executor-2] INFO  impl.RoleInfo (RoleInfo.java:shutdownFollowerState(108)) - a7553d9d-67d8-423e-ad9b-7e30726581c7: shutdown a7553d9d-67d8-423e-ad9b-7e30726581c7@group-6046E76B0741-FollowerState
2022-02-08 13:53:03,927 [grpc-default-executor-2] INFO  impl.RoleInfo (RoleInfo.java:updateAndGet(130)) - a7553d9d-67d8-423e-ad9b-7e30726581c7: start a7553d9d-67d8-423e-ad9b-7e30726581c7@group-6046E76B0741-FollowerState
2022-02-08 13:53:03,927 [a7553d9d-67d8-423e-ad9b-7e30726581c7@group-6046E76B0741-FollowerState] INFO  impl.FollowerState (FollowerState.java:run(143)) - a7553d9d-67d8-423e-ad9b-7e30726581c7@group-6046E76B0741-FollowerState was interrupted: {}
java.lang.InterruptedException: sleep interrupted
	at java.lang.Thread.sleep(Native Method)
	at java.lang.Thread.sleep(Thread.java:340)
	at java.util.concurrent.TimeUnit.sleep(TimeUnit.java:386)
	at org.apache.ratis.util.TimeDuration.sleep(TimeDuration.java:324)
	at org.apache.ratis.util.TimeDuration.sleep(TimeDuration.java:309)
	at org.apache.ratis.server.impl.FollowerState.run(FollowerState.java:118)
2022-02-08 13:53:03,931 [grpc-default-executor-3] INFO  server.RaftServer$Division (RaftServerImpl.java:requestVote(1046)) - db4f20b8-0dce-4a7c-897b-5d9165b059cf@group-6046E76B0741: receive requestVote(ELECTION, 5f9aa48b-2f61-4154-bb84-50a0aaf99a3b, group-6046E76B0741, 6, (t:0, i:0))
2022-02-08 13:53:03,931 [grpc-default-executor-3] INFO  impl.VoteContext (VoteContext.java:log(48)) - db4f20b8-0dce-4a7c-897b-5d9165b059cf@group-6046E76B0741-FOLLOWER: reject ELECTION from 5f9aa48b-2f61-4154-bb84-50a0aaf99a3b: our priority 1 > candidate's priority 0
2022-02-08 13:53:03,931 [grpc-default-executor-3] INFO  server.RaftServer$Division (RaftServerImpl.java:setRole(290)) - db4f20b8-0dce-4a7c-897b-5d9165b059cf@group-6046E76B0741: changes role from  FOLLOWER to FOLLOWER at term 6 for candidate:5f9aa48b-2f61-4154-bb84-50a0aaf99a3b
2022-02-08 13:53:03,931 [grpc-default-executor-3] INFO  impl.RoleInfo (RoleInfo.java:shutdownFollowerState(108)) - db4f20b8-0dce-4a7c-897b-5d9165b059cf: shutdown db4f20b8-0dce-4a7c-897b-5d9165b059cf@group-6046E76B0741-FollowerState
2022-02-08 13:53:03,932 [db4f20b8-0dce-4a7c-897b-5d9165b059cf@group-6046E76B0741-FollowerState] INFO  impl.FollowerState (FollowerState.java:run(143)) - db4f20b8-0dce-4a7c-897b-5d9165b059cf@group-6046E76B0741-FollowerState was interrupted: {}
java.lang.InterruptedException: sleep interrupted
	at java.lang.Thread.sleep(Native Method)
	at java.lang.Thread.sleep(Thread.java:340)
	at java.util.concurrent.TimeUnit.sleep(TimeUnit.java:386)
	at org.apache.ratis.util.TimeDuration.sleep(TimeDuration.java:324)
	at org.apache.ratis.util.TimeDuration.sleep(TimeDuration.java:309)
	at org.apache.ratis.server.impl.FollowerState.run(FollowerState.java:118)
2022-02-08 13:53:03,932 [grpc-default-executor-3] INFO  impl.RoleInfo (RoleInfo.java:updateAndGet(130)) - db4f20b8-0dce-4a7c-897b-5d9165b059cf: start db4f20b8-0dce-4a7c-897b-5d9165b059cf@group-6046E76B0741-FollowerState
2022-02-08 13:53:03,933 [grpc-default-executor-2] INFO  server.RaftServer$Division (RaftServerImpl.java:requestVote(1078)) - a7553d9d-67d8-423e-ad9b-7e30726581c7@group-6046E76B0741 replies to ELECTION vote request: 5f9aa48b-2f61-4154-bb84-50a0aaf99a3b<-a7553d9d-67d8-423e-ad9b-7e30726581c7#0:OK-t6. Peer's state: a7553d9d-67d8-423e-ad9b-7e30726581c7@group-6046E76B0741:t6, leader=null, voted=5f9aa48b-2f61-4154-bb84-50a0aaf99a3b, raftlog=a7553d9d-67d8-423e-ad9b-7e30726581c7@group-6046E76B0741-SegmentedRaftLog:OPENED:c-1, conf=-1: [a7553d9d-67d8-423e-ad9b-7e30726581c7|rpc:10.1.0.34:32871|priority:0, 5f9aa48b-2f61-4154-bb84-50a0aaf99a3b|rpc:10.1.0.34:40765|priority:0, db4f20b8-0dce-4a7c-897b-5d9165b059cf|rpc:10.1.0.34:43059|priority:1], old=null
2022-02-08 13:53:03,936 [grpc-default-executor-3] INFO  server.RaftServer$Division (RaftServerImpl.java:requestVote(1078)) - db4f20b8-0dce-4a7c-897b-5d9165b059cf@group-6046E76B0741 replies to ELECTION vote request: 5f9aa48b-2f61-4154-bb84-50a0aaf99a3b<-db4f20b8-0dce-4a7c-897b-5d9165b059cf#0:FAIL-t6. Peer's state: db4f20b8-0dce-4a7c-897b-5d9165b059cf@group-6046E76B0741:t6, leader=null, voted=null, raftlog=db4f20b8-0dce-4a7c-897b-5d9165b059cf@group-6046E76B0741-SegmentedRaftLog:OPENED:c-1, conf=-1: [a7553d9d-67d8-423e-ad9b-7e30726581c7|rpc:10.1.0.34:32871|dataStream:|priority:0, 5f9aa48b-2f61-4154-bb84-50a0aaf99a3b|rpc:10.1.0.34:40765|dataStream:|priority:0, db4f20b8-0dce-4a7c-897b-5d9165b059cf|rpc:10.1.0.34:43059|dataStream:|priority:1], old=null
2022-02-08 13:53:03,939 [5f9aa48b-2f61-4154-bb84-50a0aaf99a3b@group-6046E76B0741-LeaderElection28] INFO  impl.LeaderElection (LeaderElection.java:logAndReturn(89)) - 5f9aa48b-2f61-4154-bb84-50a0aaf99a3b@group-6046E76B0741-LeaderElection28: ELECTION REJECTED received 2 response(s) and 0 exception(s):
2022-02-08 13:53:03,939 [5f9aa48b-2f61-4154-bb84-50a0aaf99a3b@group-6046E76B0741-LeaderElection28] INFO  impl.LeaderElection (LeaderElection.java:logAndReturn(93)) -   Response 0: 5f9aa48b-2f61-4154-bb84-50a0aaf99a3b<-a7553d9d-67d8-423e-ad9b-7e30726581c7#0:OK-t6
2022-02-08 13:53:03,939 [5f9aa48b-2f61-4154-bb84-50a0aaf99a3b@group-6046E76B0741-LeaderElection28] INFO  impl.LeaderElection (LeaderElection.java:logAndReturn(93)) -   Response 1: 5f9aa48b-2f61-4154-bb84-50a0aaf99a3b<-db4f20b8-0dce-4a7c-897b-5d9165b059cf#0:FAIL-t6
2022-02-08 13:53:03,939 [5f9aa48b-2f61-4154-bb84-50a0aaf99a3b@group-6046E76B0741-LeaderElection28] INFO  impl.LeaderElection (LeaderElection.java:askForVotes(308)) - 5f9aa48b-2f61-4154-bb84-50a0aaf99a3b@group-6046E76B0741-LeaderElection28 ELECTION round 0: result REJECTED
2022-02-08 13:53:03,939 [5f9aa48b-2f61-4154-bb84-50a0aaf99a3b@group-6046E76B0741-LeaderElection28] INFO  server.RaftServer$Division (RaftServerImpl.java:setRole(290)) - 5f9aa48b-2f61-4154-bb84-50a0aaf99a3b@group-6046E76B0741: changes role from CANDIDATE to FOLLOWER at term 6 for REJECTED
2022-02-08 13:53:03,939 [5f9aa48b-2f61-4154-bb84-50a0aaf99a3b@group-6046E76B0741-LeaderElection28] INFO  impl.RoleInfo (RoleInfo.java:shutdownLeaderElection(121)) - 5f9aa48b-2f61-4154-bb84-50a0aaf99a3b: shutdown 5f9aa48b-2f61-4154-bb84-50a0aaf99a3b@group-6046E76B0741-LeaderElection28
2022-02-08 13:53:03,939 [5f9aa48b-2f61-4154-bb84-50a0aaf99a3b@group-6046E76B0741-LeaderElection28] INFO  impl.RoleInfo (RoleInfo.java:updateAndGet(130)) - 5f9aa48b-2f61-4154-bb84-50a0aaf99a3b: start 5f9aa48b-2f61-4154-bb84-50a0aaf99a3b@group-6046E76B0741-FollowerState
2022-02-08 13:53:04,524 [grpc-default-executor-3] WARN  server.GrpcLogAppender (LogUtils.java:warn(122)) - 74cc591c-4d52-479e-aacc-08a66935e120@group-25469F3653D4->915ea2a1-2b04-4a8b-905a-cfef4591970c-AppendLogResponseHandler: Failed appendEntries: org.apache.ratis.thirdparty.io.grpc.StatusRuntimeException: UNAVAILABLE: io exception
2022-02-08 13:53:04,525 [grpc-default-executor-3] INFO  leader.FollowerInfo (FollowerInfoImpl.java:lambda$new$0(47)) - 74cc591c-4d52-479e-aacc-08a66935e120@group-25469F3653D4->915ea2a1-2b04-4a8b-905a-cfef4591970c: nextIndex: updateUnconditionally 12 -> 11
2022-02-08 13:53:04,525 [grpc-default-executor-2] WARN  server.GrpcLogAppender (LogUtils.java:warn(122)) - 74cc591c-4d52-479e-aacc-08a66935e120@group-25469F3653D4->0fed3ba6-79cb-4518-b48b-c28a0e29dbfb-AppendLogResponseHandler: Failed appendEntries: org.apache.ratis.thirdparty.io.grpc.StatusRuntimeException: UNAVAILABLE: io exception
2022-02-08 13:53:04,525 [grpc-default-executor-2] INFO  leader.FollowerInfo (FollowerInfoImpl.java:lambda$new$0(47)) - 74cc591c-4d52-479e-aacc-08a66935e120@group-25469F3653D4->0fed3ba6-79cb-4518-b48b-c28a0e29dbfb: nextIndex: updateUnconditionally 11 -> 10
2022-02-08 13:53:07,025 [grpc-default-executor-2] WARN  server.GrpcLogAppender (LogUtils.java:warn(122)) - 74cc591c-4d52-479e-aacc-08a66935e120@group-25469F3653D4->0fed3ba6-79cb-4518-b48b-c28a0e29dbfb-AppendLogResponseHandler: Failed appendEntries: org.apache.ratis.thirdparty.io.grpc.StatusRuntimeException: UNAVAILABLE: io exception
2022-02-08 13:53:07,025 [grpc-default-executor-3] WARN  server.GrpcLogAppender (LogUtils.java:warn(122)) - 74cc591c-4d52-479e-aacc-08a66935e120@group-25469F3653D4->915ea2a1-2b04-4a8b-905a-cfef4591970c-AppendLogResponseHandler: Failed appendEntries: org.apache.ratis.thirdparty.io.grpc.StatusRuntimeException: UNAVAILABLE: io exception
2022-02-08 13:53:07,026 [grpc-default-executor-3] INFO  leader.FollowerInfo (FollowerInfoImpl.java:lambda$new$0(47)) - 74cc591c-4d52-479e-aacc-08a66935e120@group-25469F3653D4->915ea2a1-2b04-4a8b-905a-cfef4591970c: nextIndex: updateUnconditionally 12 -> 11
2022-02-08 13:53:07,027 [grpc-default-executor-2] INFO  leader.FollowerInfo (FollowerInfoImpl.java:lambda$new$0(47)) - 74cc591c-4d52-479e-aacc-08a66935e120@group-25469F3653D4->0fed3ba6-79cb-4518-b48b-c28a0e29dbfb: nextIndex: updateUnconditionally 11 -> 10
2022-02-08 13:53:07,224 [74cc591c-4d52-479e-aacc-08a66935e120@group-25469F3653D4-LeaderStateImpl] WARN  server.RaftServer$Division (LeaderStateImpl.java:checkLeadership(974)) - 74cc591c-4d52-479e-aacc-08a66935e120@group-25469F3653D4-LeaderStateImpl: Lost leadership on term: 1. Election timeout: 5200ms. In charge for: 29949ms. Conf: 0: [74cc591c-4d52-479e-aacc-08a66935e120|rpc:10.1.0.34:33121|dataStream:|priority:1, 915ea2a1-2b04-4a8b-905a-cfef4591970c|rpc:10.1.0.34:35197|dataStream:|priority:0, 0fed3ba6-79cb-4518-b48b-c28a0e29dbfb|rpc:10.1.0.34:40047|dataStream:|priority:0], old=null
2022-02-08 13:53:07,224 [74cc591c-4d52-479e-aacc-08a66935e120@group-25469F3653D4-LeaderStateImpl] WARN  server.RaftServer$Division (LeaderStateImpl.java:lambda$checkLeadership$15(978)) - Follower 74cc591c-4d52-479e-aacc-08a66935e120@group-25469F3653D4->915ea2a1-2b04-4a8b-905a-cfef4591970c(c11,m11,n11, attendVote=true, lastRpcSendTime=199, lastRpcResponseTime=20390)
2022-02-08 13:53:07,225 [74cc591c-4d52-479e-aacc-08a66935e120@group-25469F3653D4-LeaderStateImpl] WARN  server.RaftServer$Division (LeaderStateImpl.java:lambda$checkLeadership$15(978)) - Follower 74cc591c-4d52-479e-aacc-08a66935e120@group-25469F3653D4->0fed3ba6-79cb-4518-b48b-c28a0e29dbfb(c11,m11,n10, attendVote=true, lastRpcSendTime=200, lastRpcResponseTime=10355)
2022-02-08 13:53:07,225 [74cc591c-4d52-479e-aacc-08a66935e120@group-25469F3653D4-LeaderStateImpl] INFO  server.RaftServer$Division (RaftServerImpl.java:setRole(290)) - 74cc591c-4d52-479e-aacc-08a66935e120@group-25469F3653D4: changes role from    LEADER to FOLLOWER at term 1 for StepDownReason:LOST_MAJORITY_HEARTBEATS
2022-02-08 13:53:07,225 [74cc591c-4d52-479e-aacc-08a66935e120@group-25469F3653D4-LeaderStateImpl] INFO  impl.RoleInfo (RoleInfo.java:shutdownLeaderState(91)) - 74cc591c-4d52-479e-aacc-08a66935e120: shutdown 74cc591c-4d52-479e-aacc-08a66935e120@group-25469F3653D4-LeaderStateImpl
2022-02-08 13:53:07,226 [74cc591c-4d52-479e-aacc-08a66935e120@group-25469F3653D4->0fed3ba6-79cb-4518-b48b-c28a0e29dbfb-GrpcLogAppender-LogAppenderDaemon] WARN  server.GrpcLogAppender (GrpcLogAppender.java:mayWait(177)) - 74cc591c-4d52-479e-aacc-08a66935e120@group-25469F3653D4->0fed3ba6-79cb-4518-b48b-c28a0e29dbfb-GrpcLogAppender: Wait interrupted by java.lang.InterruptedException
2022-02-08 13:53:07,226 [74cc591c-4d52-479e-aacc-08a66935e120@group-25469F3653D4-LeaderStateImpl] INFO  impl.PendingRequests (PendingRequests.java:sendNotLeaderResponses(282)) - 74cc591c-4d52-479e-aacc-08a66935e120@group-25469F3653D4-PendingRequests: sendNotLeaderResponses
2022-02-08 13:53:07,238 [74cc591c-4d52-479e-aacc-08a66935e120@group-25469F3653D4->915ea2a1-2b04-4a8b-905a-cfef4591970c-GrpcLogAppender-LogAppenderDaemon] WARN  server.GrpcLogAppender (GrpcLogAppender.java:mayWait(177)) - 74cc591c-4d52-479e-aacc-08a66935e120@group-25469F3653D4->915ea2a1-2b04-4a8b-905a-cfef4591970c-GrpcLogAppender: Wait interrupted by java.lang.InterruptedException
2022-02-08 13:53:07,287 [74cc591c-4d52-479e-aacc-08a66935e120@group-25469F3653D4-LeaderStateImpl] INFO  impl.RoleInfo (RoleInfo.java:updateAndGet(130)) - 74cc591c-4d52-479e-aacc-08a66935e120: start 74cc591c-4d52-479e-aacc-08a66935e120@group-25469F3653D4-FollowerState
2022-02-08 13:53:08,417 [a5053940-3165-42e9-acd7-ef11441d188e@group-99362A9385E5-FollowerState] INFO  impl.FollowerState (FollowerState.java:run(134)) - a5053940-3165-42e9-acd7-ef11441d188e@group-99362A9385E5-FollowerState: change to CANDIDATE, lastRpcElapsedTime:5107850110ns, electionTimeout:5103ms
2022-02-08 13:53:08,417 [a5053940-3165-42e9-acd7-ef11441d188e@group-99362A9385E5-FollowerState] INFO  impl.RoleInfo (RoleInfo.java:shutdownFollowerState(108)) - a5053940-3165-42e9-acd7-ef11441d188e: shutdown a5053940-3165-42e9-acd7-ef11441d188e@group-99362A9385E5-FollowerState
2022-02-08 13:53:08,417 [a5053940-3165-42e9-acd7-ef11441d188e@group-99362A9385E5-FollowerState] INFO  server.RaftServer$Division (RaftServerImpl.java:setRole(290)) - a5053940-3165-42e9-acd7-ef11441d188e@group-99362A9385E5: changes role from  FOLLOWER to CANDIDATE at term 6 for changeToCandidate
2022-02-08 13:53:08,417 [a5053940-3165-42e9-acd7-ef11441d188e@group-99362A9385E5-FollowerState] INFO  server.RaftServerConfigKeys (ConfUtils.java:logGet(44)) - raft.server.leaderelection.pre-vote = false (custom)
2022-02-08 13:53:08,417 [a5053940-3165-42e9-acd7-ef11441d188e@group-99362A9385E5-FollowerState] INFO  impl.RoleInfo (RoleInfo.java:updateAndGet(130)) - a5053940-3165-42e9-acd7-ef11441d188e: start a5053940-3165-42e9-acd7-ef11441d188e@group-99362A9385E5-LeaderElection29
2022-02-08 13:53:08,430 [a5053940-3165-42e9-acd7-ef11441d188e@group-99362A9385E5-LeaderElection29] INFO  impl.LeaderElection (LeaderElection.java:askForVotes(306)) - a5053940-3165-42e9-acd7-ef11441d188e@group-99362A9385E5-LeaderElection29 ELECTION round 0: submit vote requests at term 7 for -1: [da611cd8-d6f8-40e9-9825-4d5039a9b9e1|rpc:10.1.0.34:39351|priority:1, a5053940-3165-42e9-acd7-ef11441d188e|rpc:10.1.0.34:35549|priority:0, f61a4b31-682a-41d1-a434-a20bd71c25fb|rpc:10.1.0.34:43123|priority:0], old=null
2022-02-08 13:53:08,444 [grpc-default-executor-3] INFO  server.RaftServer$Division (RaftServerImpl.java:requestVote(1046)) - da611cd8-d6f8-40e9-9825-4d5039a9b9e1@group-99362A9385E5: receive requestVote(ELECTION, a5053940-3165-42e9-acd7-ef11441d188e, group-99362A9385E5, 7, (t:0, i:0))
2022-02-08 13:53:08,444 [grpc-default-executor-3] INFO  impl.VoteContext (VoteContext.java:log(48)) - da611cd8-d6f8-40e9-9825-4d5039a9b9e1@group-99362A9385E5-FOLLOWER: reject ELECTION from a5053940-3165-42e9-acd7-ef11441d188e: our priority 1 > candidate's priority 0
2022-02-08 13:53:08,444 [grpc-default-executor-3] INFO  server.RaftServer$Division (RaftServerImpl.java:setRole(290)) - da611cd8-d6f8-40e9-9825-4d5039a9b9e1@group-99362A9385E5: changes role from  FOLLOWER to FOLLOWER at term 7 for candidate:a5053940-3165-42e9-acd7-ef11441d188e
2022-02-08 13:53:08,445 [grpc-default-executor-3] INFO  impl.RoleInfo (RoleInfo.java:shutdownFollowerState(108)) - da611cd8-d6f8-40e9-9825-4d5039a9b9e1: shutdown da611cd8-d6f8-40e9-9825-4d5039a9b9e1@group-99362A9385E5-FollowerState
2022-02-08 13:53:08,453 [grpc-default-executor-3] INFO  impl.RoleInfo (RoleInfo.java:updateAndGet(130)) - da611cd8-d6f8-40e9-9825-4d5039a9b9e1: start da611cd8-d6f8-40e9-9825-4d5039a9b9e1@group-99362A9385E5-FollowerState
2022-02-08 13:53:08,453 [da611cd8-d6f8-40e9-9825-4d5039a9b9e1@group-99362A9385E5-FollowerState] INFO  impl.FollowerState (FollowerState.java:run(143)) - da611cd8-d6f8-40e9-9825-4d5039a9b9e1@group-99362A9385E5-FollowerState was interrupted: {}
java.lang.InterruptedException: sleep interrupted
	at java.lang.Thread.sleep(Native Method)
	at java.lang.Thread.sleep(Thread.java:340)
	at java.util.concurrent.TimeUnit.sleep(TimeUnit.java:386)
	at org.apache.ratis.util.TimeDuration.sleep(TimeDuration.java:324)
	at org.apache.ratis.util.TimeDuration.sleep(TimeDuration.java:309)
	at org.apache.ratis.server.impl.FollowerState.run(FollowerState.java:118)
2022-02-08 13:53:08,456 [grpc-default-executor-2] INFO  server.RaftServer$Division (RaftServerImpl.java:requestVote(1046)) - f61a4b31-682a-41d1-a434-a20bd71c25fb@group-99362A9385E5: receive requestVote(ELECTION, a5053940-3165-42e9-acd7-ef11441d188e, group-99362A9385E5, 7, (t:0, i:0))
2022-02-08 13:53:08,456 [grpc-default-executor-2] INFO  impl.VoteContext (VoteContext.java:log(48)) - f61a4b31-682a-41d1-a434-a20bd71c25fb@group-99362A9385E5-FOLLOWER: accept ELECTION from a5053940-3165-42e9-acd7-ef11441d188e: our priority 0 <= candidate's priority 0
2022-02-08 13:53:08,456 [grpc-default-executor-2] INFO  server.RaftServer$Division (RaftServerImpl.java:setRole(290)) - f61a4b31-682a-41d1-a434-a20bd71c25fb@group-99362A9385E5: changes role from  FOLLOWER to FOLLOWER at term 7 for candidate:a5053940-3165-42e9-acd7-ef11441d188e
2022-02-08 13:53:08,456 [grpc-default-executor-2] INFO  impl.RoleInfo (RoleInfo.java:shutdownFollowerState(108)) - f61a4b31-682a-41d1-a434-a20bd71c25fb: shutdown f61a4b31-682a-41d1-a434-a20bd71c25fb@group-99362A9385E5-FollowerState
2022-02-08 13:53:08,456 [grpc-default-executor-2] INFO  impl.RoleInfo (RoleInfo.java:updateAndGet(130)) - f61a4b31-682a-41d1-a434-a20bd71c25fb: start f61a4b31-682a-41d1-a434-a20bd71c25fb@group-99362A9385E5-FollowerState
2022-02-08 13:53:08,457 [f61a4b31-682a-41d1-a434-a20bd71c25fb@group-99362A9385E5-FollowerState] INFO  impl.FollowerState (FollowerState.java:run(143)) - f61a4b31-682a-41d1-a434-a20bd71c25fb@group-99362A9385E5-FollowerState was interrupted: {}
java.lang.InterruptedException: sleep interrupted
	at java.lang.Thread.sleep(Native Method)
	at java.lang.Thread.sleep(Thread.java:340)
	at java.util.concurrent.TimeUnit.sleep(TimeUnit.java:386)
	at org.apache.ratis.util.TimeDuration.sleep(TimeDuration.java:324)
	at org.apache.ratis.util.TimeDuration.sleep(TimeDuration.java:309)
	at org.apache.ratis.server.impl.FollowerState.run(FollowerState.java:118)
2022-02-08 13:53:08,458 [grpc-default-executor-3] INFO  server.RaftServer$Division (RaftServerImpl.java:requestVote(1078)) - da611cd8-d6f8-40e9-9825-4d5039a9b9e1@group-99362A9385E5 replies to ELECTION vote request: a5053940-3165-42e9-acd7-ef11441d188e<-da611cd8-d6f8-40e9-9825-4d5039a9b9e1#0:FAIL-t7. Peer's state: da611cd8-d6f8-40e9-9825-4d5039a9b9e1@group-99362A9385E5:t7, leader=null, voted=null, raftlog=da611cd8-d6f8-40e9-9825-4d5039a9b9e1@group-99362A9385E5-SegmentedRaftLog:OPENED:c-1, conf=-1: [da611cd8-d6f8-40e9-9825-4d5039a9b9e1|rpc:10.1.0.34:39351|dataStream:|priority:1, a5053940-3165-42e9-acd7-ef11441d188e|rpc:10.1.0.34:35549|dataStream:|priority:0, f61a4b31-682a-41d1-a434-a20bd71c25fb|rpc:10.1.0.34:43123|dataStream:|priority:0], old=null
2022-02-08 13:53:08,459 [grpc-default-executor-2] INFO  server.RaftServer$Division (RaftServerImpl.java:requestVote(1078)) - f61a4b31-682a-41d1-a434-a20bd71c25fb@group-99362A9385E5 replies to ELECTION vote request: a5053940-3165-42e9-acd7-ef11441d188e<-f61a4b31-682a-41d1-a434-a20bd71c25fb#0:OK-t7. Peer's state: f61a4b31-682a-41d1-a434-a20bd71c25fb@group-99362A9385E5:t7, leader=null, voted=a5053940-3165-42e9-acd7-ef11441d188e, raftlog=f61a4b31-682a-41d1-a434-a20bd71c25fb@group-99362A9385E5-SegmentedRaftLog:OPENED:c-1, conf=-1: [da611cd8-d6f8-40e9-9825-4d5039a9b9e1|rpc:10.1.0.34:39351|dataStream:|priority:1, a5053940-3165-42e9-acd7-ef11441d188e|rpc:10.1.0.34:35549|dataStream:|priority:0, f61a4b31-682a-41d1-a434-a20bd71c25fb|rpc:10.1.0.34:43123|dataStream:|priority:0], old=null
2022-02-08 13:53:08,460 [a5053940-3165-42e9-acd7-ef11441d188e@group-99362A9385E5-LeaderElection29] INFO  impl.LeaderElection (LeaderElection.java:logAndReturn(89)) - a5053940-3165-42e9-acd7-ef11441d188e@group-99362A9385E5-LeaderElection29: ELECTION REJECTED received 1 response(s) and 0 exception(s):
2022-02-08 13:53:08,460 [a5053940-3165-42e9-acd7-ef11441d188e@group-99362A9385E5-LeaderElection29] INFO  impl.LeaderElection (LeaderElection.java:logAndReturn(93)) -   Response 0: a5053940-3165-42e9-acd7-ef11441d188e<-da611cd8-d6f8-40e9-9825-4d5039a9b9e1#0:FAIL-t7
2022-02-08 13:53:08,460 [a5053940-3165-42e9-acd7-ef11441d188e@group-99362A9385E5-LeaderElection29] INFO  impl.LeaderElection (LeaderElection.java:askForVotes(308)) - a5053940-3165-42e9-acd7-ef11441d188e@group-99362A9385E5-LeaderElection29 ELECTION round 0: result REJECTED
2022-02-08 13:53:08,460 [a5053940-3165-42e9-acd7-ef11441d188e@group-99362A9385E5-LeaderElection29] INFO  server.RaftServer$Division (RaftServerImpl.java:setRole(290)) - a5053940-3165-42e9-acd7-ef11441d188e@group-99362A9385E5: changes role from CANDIDATE to FOLLOWER at term 7 for REJECTED
2022-02-08 13:53:08,460 [a5053940-3165-42e9-acd7-ef11441d188e@group-99362A9385E5-LeaderElection29] INFO  impl.RoleInfo (RoleInfo.java:shutdownLeaderElection(121)) - a5053940-3165-42e9-acd7-ef11441d188e: shutdown a5053940-3165-42e9-acd7-ef11441d188e@group-99362A9385E5-LeaderElection29
2022-02-08 13:53:08,460 [a5053940-3165-42e9-acd7-ef11441d188e@group-99362A9385E5-LeaderElection29] INFO  impl.RoleInfo (RoleInfo.java:updateAndGet(130)) - a5053940-3165-42e9-acd7-ef11441d188e: start a5053940-3165-42e9-acd7-ef11441d188e@group-99362A9385E5-FollowerState
2022-02-08 13:53:08,987 [5f9aa48b-2f61-4154-bb84-50a0aaf99a3b@group-6046E76B0741-FollowerState] INFO  impl.FollowerState (FollowerState.java:run(134)) - 5f9aa48b-2f61-4154-bb84-50a0aaf99a3b@group-6046E76B0741-FollowerState: change to CANDIDATE, lastRpcElapsedTime:5048482564ns, electionTimeout:5038ms
2022-02-08 13:53:08,988 [5f9aa48b-2f61-4154-bb84-50a0aaf99a3b@group-6046E76B0741-FollowerState] INFO  impl.RoleInfo (RoleInfo.java:shutdownFollowerState(108)) - 5f9aa48b-2f61-4154-bb84-50a0aaf99a3b: shutdown 5f9aa48b-2f61-4154-bb84-50a0aaf99a3b@group-6046E76B0741-FollowerState
2022-02-08 13:53:08,988 [5f9aa48b-2f61-4154-bb84-50a0aaf99a3b@group-6046E76B0741-FollowerState] INFO  server.RaftServer$Division (RaftServerImpl.java:setRole(290)) - 5f9aa48b-2f61-4154-bb84-50a0aaf99a3b@group-6046E76B0741: changes role from  FOLLOWER to CANDIDATE at term 6 for changeToCandidate
2022-02-08 13:53:08,988 [5f9aa48b-2f61-4154-bb84-50a0aaf99a3b@group-6046E76B0741-FollowerState] INFO  server.RaftServerConfigKeys (ConfUtils.java:logGet(44)) - raft.server.leaderelection.pre-vote = false (custom)
2022-02-08 13:53:08,988 [5f9aa48b-2f61-4154-bb84-50a0aaf99a3b@group-6046E76B0741-FollowerState] INFO  impl.RoleInfo (RoleInfo.java:updateAndGet(130)) - 5f9aa48b-2f61-4154-bb84-50a0aaf99a3b: start 5f9aa48b-2f61-4154-bb84-50a0aaf99a3b@group-6046E76B0741-LeaderElection30
2022-02-08 13:53:08,997 [5f9aa48b-2f61-4154-bb84-50a0aaf99a3b@group-6046E76B0741-LeaderElection30] INFO  impl.LeaderElection (LeaderElection.java:askForVotes(306)) - 5f9aa48b-2f61-4154-bb84-50a0aaf99a3b@group-6046E76B0741-LeaderElection30 ELECTION round 0: submit vote requests at term 7 for -1: [a7553d9d-67d8-423e-ad9b-7e30726581c7|rpc:10.1.0.34:32871|dataStream:|priority:0, 5f9aa48b-2f61-4154-bb84-50a0aaf99a3b|rpc:10.1.0.34:40765|dataStream:|priority:0, db4f20b8-0dce-4a7c-897b-5d9165b059cf|rpc:10.1.0.34:43059|dataStream:|priority:1], old=null
2022-02-08 13:53:09,003 [db4f20b8-0dce-4a7c-897b-5d9165b059cf@group-6046E76B0741-FollowerState] INFO  impl.FollowerState (FollowerState.java:run(134)) - db4f20b8-0dce-4a7c-897b-5d9165b059cf@group-6046E76B0741-FollowerState: change to CANDIDATE, lastRpcElapsedTime:5070846395ns, electionTimeout:5070ms
2022-02-08 13:53:09,003 [db4f20b8-0dce-4a7c-897b-5d9165b059cf@group-6046E76B0741-FollowerState] INFO  impl.RoleInfo (RoleInfo.java:shutdownFollowerState(108)) - db4f20b8-0dce-4a7c-897b-5d9165b059cf: shutdown db4f20b8-0dce-4a7c-897b-5d9165b059cf@group-6046E76B0741-FollowerState
2022-02-08 13:53:09,003 [db4f20b8-0dce-4a7c-897b-5d9165b059cf@group-6046E76B0741-FollowerState] INFO  server.RaftServer$Division (RaftServerImpl.java:setRole(290)) - db4f20b8-0dce-4a7c-897b-5d9165b059cf@group-6046E76B0741: changes role from  FOLLOWER to CANDIDATE at term 6 for changeToCandidate
2022-02-08 13:53:09,005 [grpc-default-executor-2] INFO  server.RaftServer$Division (RaftServerImpl.java:requestVote(1046)) - a7553d9d-67d8-423e-ad9b-7e30726581c7@group-6046E76B0741: receive requestVote(ELECTION, 5f9aa48b-2f61-4154-bb84-50a0aaf99a3b, group-6046E76B0741, 7, (t:0, i:0))
2022-02-08 13:53:09,005 [grpc-default-executor-2] INFO  impl.VoteContext (VoteContext.java:log(48)) - a7553d9d-67d8-423e-ad9b-7e30726581c7@group-6046E76B0741-FOLLOWER: accept ELECTION from 5f9aa48b-2f61-4154-bb84-50a0aaf99a3b: our priority 0 <= candidate's priority 0
2022-02-08 13:53:09,005 [grpc-default-executor-2] INFO  server.RaftServer$Division (RaftServerImpl.java:setRole(290)) - a7553d9d-67d8-423e-ad9b-7e30726581c7@group-6046E76B0741: changes role from  FOLLOWER to FOLLOWER at term 7 for candidate:5f9aa48b-2f61-4154-bb84-50a0aaf99a3b
2022-02-08 13:53:09,005 [grpc-default-executor-2] INFO  impl.RoleInfo (RoleInfo.java:shutdownFollowerState(108)) - a7553d9d-67d8-423e-ad9b-7e30726581c7: shutdown a7553d9d-67d8-423e-ad9b-7e30726581c7@group-6046E76B0741-FollowerState
2022-02-08 13:53:09,006 [db4f20b8-0dce-4a7c-897b-5d9165b059cf@group-6046E76B0741-FollowerState] INFO  server.RaftServerConfigKeys (ConfUtils.java:logGet(44)) - raft.server.leaderelection.pre-vote = false (custom)
2022-02-08 13:53:09,006 [db4f20b8-0dce-4a7c-897b-5d9165b059cf@group-6046E76B0741-FollowerState] INFO  impl.RoleInfo (RoleInfo.java:updateAndGet(130)) - db4f20b8-0dce-4a7c-897b-5d9165b059cf: start db4f20b8-0dce-4a7c-897b-5d9165b059cf@group-6046E76B0741-LeaderElection31
2022-02-08 13:53:09,010 [grpc-default-executor-3] INFO  server.RaftServer$Division (RaftServerImpl.java:requestVote(1046)) - db4f20b8-0dce-4a7c-897b-5d9165b059cf@group-6046E76B0741: receive requestVote(ELECTION, 5f9aa48b-2f61-4154-bb84-50a0aaf99a3b, group-6046E76B0741, 7, (t:0, i:0))
2022-02-08 13:53:09,017 [grpc-default-executor-3] INFO  impl.VoteContext (VoteContext.java:log(48)) - db4f20b8-0dce-4a7c-897b-5d9165b059cf@group-6046E76B0741-CANDIDATE: reject ELECTION from 5f9aa48b-2f61-4154-bb84-50a0aaf99a3b: our priority 1 > candidate's priority 0
2022-02-08 13:53:09,017 [a7553d9d-67d8-423e-ad9b-7e30726581c7@group-6046E76B0741-FollowerState] INFO  impl.FollowerState (FollowerState.java:run(143)) - a7553d9d-67d8-423e-ad9b-7e30726581c7@group-6046E76B0741-FollowerState was interrupted: {}
java.lang.InterruptedException: sleep interrupted
	at java.lang.Thread.sleep(Native Method)
	at java.lang.Thread.sleep(Thread.java:340)
	at java.util.concurrent.TimeUnit.sleep(TimeUnit.java:386)
	at org.apache.ratis.util.TimeDuration.sleep(TimeDuration.java:324)
	at org.apache.ratis.util.TimeDuration.sleep(TimeDuration.java:309)
	at org.apache.ratis.server.impl.FollowerState.run(FollowerState.java:118)
2022-02-08 13:53:09,017 [grpc-default-executor-2] INFO  impl.RoleInfo (RoleInfo.java:updateAndGet(130)) - a7553d9d-67d8-423e-ad9b-7e30726581c7: start a7553d9d-67d8-423e-ad9b-7e30726581c7@group-6046E76B0741-FollowerState
2022-02-08 13:53:09,017 [grpc-default-executor-3] INFO  server.RaftServer$Division (RaftServerImpl.java:setRole(290)) - db4f20b8-0dce-4a7c-897b-5d9165b059cf@group-6046E76B0741: changes role from CANDIDATE to FOLLOWER at term 7 for candidate:5f9aa48b-2f61-4154-bb84-50a0aaf99a3b
2022-02-08 13:53:09,017 [grpc-default-executor-3] INFO  impl.RoleInfo (RoleInfo.java:shutdownLeaderElection(121)) - db4f20b8-0dce-4a7c-897b-5d9165b059cf: shutdown db4f20b8-0dce-4a7c-897b-5d9165b059cf@group-6046E76B0741-LeaderElection31
2022-02-08 13:53:09,025 [grpc-default-executor-3] INFO  impl.RoleInfo (RoleInfo.java:updateAndGet(130)) - db4f20b8-0dce-4a7c-897b-5d9165b059cf: start db4f20b8-0dce-4a7c-897b-5d9165b059cf@group-6046E76B0741-FollowerState
2022-02-08 13:53:09,027 [grpc-default-executor-2] INFO  server.RaftServer$Division (RaftServerImpl.java:requestVote(1078)) - a7553d9d-67d8-423e-ad9b-7e30726581c7@group-6046E76B0741 replies to ELECTION vote request: 5f9aa48b-2f61-4154-bb84-50a0aaf99a3b<-a7553d9d-67d8-423e-ad9b-7e30726581c7#0:OK-t7. Peer's state: a7553d9d-67d8-423e-ad9b-7e30726581c7@group-6046E76B0741:t7, leader=null, voted=5f9aa48b-2f61-4154-bb84-50a0aaf99a3b, raftlog=a7553d9d-67d8-423e-ad9b-7e30726581c7@group-6046E76B0741-SegmentedRaftLog:OPENED:c-1, conf=-1: [a7553d9d-67d8-423e-ad9b-7e30726581c7|rpc:10.1.0.34:32871|priority:0, 5f9aa48b-2f61-4154-bb84-50a0aaf99a3b|rpc:10.1.0.34:40765|priority:0, db4f20b8-0dce-4a7c-897b-5d9165b059cf|rpc:10.1.0.34:43059|priority:1], old=null
2022-02-08 13:53:09,031 [grpc-default-executor-3] INFO  server.RaftServer$Division (RaftServerImpl.java:requestVote(1078)) - db4f20b8-0dce-4a7c-897b-5d9165b059cf@group-6046E76B0741 replies to ELECTION vote request: 5f9aa48b-2f61-4154-bb84-50a0aaf99a3b<-db4f20b8-0dce-4a7c-897b-5d9165b059cf#0:FAIL-t7. Peer's state: db4f20b8-0dce-4a7c-897b-5d9165b059cf@group-6046E76B0741:t7, leader=null, voted=null, raftlog=db4f20b8-0dce-4a7c-897b-5d9165b059cf@group-6046E76B0741-SegmentedRaftLog:OPENED:c-1, conf=-1: [a7553d9d-67d8-423e-ad9b-7e30726581c7|rpc:10.1.0.34:32871|dataStream:|priority:0, 5f9aa48b-2f61-4154-bb84-50a0aaf99a3b|rpc:10.1.0.34:40765|dataStream:|priority:0, db4f20b8-0dce-4a7c-897b-5d9165b059cf|rpc:10.1.0.34:43059|dataStream:|priority:1], old=null
2022-02-08 13:53:09,032 [5f9aa48b-2f61-4154-bb84-50a0aaf99a3b@group-6046E76B0741-LeaderElection30] INFO  impl.LeaderElection (LeaderElection.java:logAndReturn(89)) - 5f9aa48b-2f61-4154-bb84-50a0aaf99a3b@group-6046E76B0741-LeaderElection30: ELECTION REJECTED received 2 response(s) and 0 exception(s):
2022-02-08 13:53:09,032 [5f9aa48b-2f61-4154-bb84-50a0aaf99a3b@group-6046E76B0741-LeaderElection30] INFO  impl.LeaderElection (LeaderElection.java:logAndReturn(93)) -   Response 0: 5f9aa48b-2f61-4154-bb84-50a0aaf99a3b<-a7553d9d-67d8-423e-ad9b-7e30726581c7#0:OK-t7
2022-02-08 13:53:09,032 [5f9aa48b-2f61-4154-bb84-50a0aaf99a3b@group-6046E76B0741-LeaderElection30] INFO  impl.LeaderElection (LeaderElection.java:logAndReturn(93)) -   Response 1: 5f9aa48b-2f61-4154-bb84-50a0aaf99a3b<-db4f20b8-0dce-4a7c-897b-5d9165b059cf#0:FAIL-t7
2022-02-08 13:53:09,033 [5f9aa48b-2f61-4154-bb84-50a0aaf99a3b@group-6046E76B0741-LeaderElection30] INFO  impl.LeaderElection (LeaderElection.java:askForVotes(308)) - 5f9aa48b-2f61-4154-bb84-50a0aaf99a3b@group-6046E76B0741-LeaderElection30 ELECTION round 0: result REJECTED
2022-02-08 13:53:09,033 [5f9aa48b-2f61-4154-bb84-50a0aaf99a3b@group-6046E76B0741-LeaderElection30] INFO  server.RaftServer$Division (RaftServerImpl.java:setRole(290)) - 5f9aa48b-2f61-4154-bb84-50a0aaf99a3b@group-6046E76B0741: changes role from CANDIDATE to FOLLOWER at term 7 for REJECTED
2022-02-08 13:53:09,033 [5f9aa48b-2f61-4154-bb84-50a0aaf99a3b@group-6046E76B0741-LeaderElection30] INFO  impl.RoleInfo (RoleInfo.java:shutdownLeaderElection(121)) - 5f9aa48b-2f61-4154-bb84-50a0aaf99a3b: shutdown 5f9aa48b-2f61-4154-bb84-50a0aaf99a3b@group-6046E76B0741-LeaderElection30
2022-02-08 13:53:09,033 [5f9aa48b-2f61-4154-bb84-50a0aaf99a3b@group-6046E76B0741-LeaderElection30] INFO  impl.RoleInfo (RoleInfo.java:updateAndGet(130)) - 5f9aa48b-2f61-4154-bb84-50a0aaf99a3b: start 5f9aa48b-2f61-4154-bb84-50a0aaf99a3b@group-6046E76B0741-FollowerState
2022-02-08 13:53:11,177 [EventQueue-StaleNodeForStaleNodeHandler] INFO  node.StaleNodeHandler (StaleNodeHandler.java:onMessage(58)) - Datanode 915ea2a1-2b04-4a8b-905a-cfef4591970c{ip: 10.1.0.34, host: fv-az148-480.bm4ck3pvxvsene1rjriu5fhcdb.bx.internal.cloudapp.net, ports: [REPLICATION=46009, RATIS=35197, RATIS_ADMIN=35197, RATIS_SERVER=35197, STANDALONE=36031], networkLocation: /default-rack, certSerialId: null, persistedOpState: IN_SERVICE, persistedOpStateExpiryEpochSec: 0} moved to stale state. Finalizing its pipelines [PipelineID=98e7b338-9c64-484b-bec3-281919e82a1e, PipelineID=60fdb779-c7c1-4438-b616-25469f3653d4]
2022-02-08 13:53:11,180 [EventQueue-StaleNodeForStaleNodeHandler] INFO  pipeline.PipelineManagerImpl (PipelineManagerImpl.java:closePipeline(365)) - Pipeline Pipeline[ Id: 98e7b338-9c64-484b-bec3-281919e82a1e, Nodes: 915ea2a1-2b04-4a8b-905a-cfef4591970c{ip: 10.1.0.34, host: fv-az148-480.bm4ck3pvxvsene1rjriu5fhcdb.bx.internal.cloudapp.net, ports: [REPLICATION=46009, RATIS=35197, RATIS_ADMIN=35197, RATIS_SERVER=35197, STANDALONE=36031], networkLocation: /default-rack, certSerialId: null, persistedOpState: IN_SERVICE, persistedOpStateExpiryEpochSec: 0}, ReplicationConfig: RATIS/ONE, State:OPEN, leaderId:915ea2a1-2b04-4a8b-905a-cfef4591970c, CreationTimestamp2022-02-08T13:52:29.521Z[Etc/UTC]] moved to CLOSED state
2022-02-08 13:53:11,193 [EventQueue-StaleNodeForStaleNodeHandler] INFO  pipeline.PipelineManagerImpl (PipelineManagerImpl.java:closeContainersForPipeline(344)) - Container #1 closed for pipeline=PipelineID=60fdb779-c7c1-4438-b616-25469f3653d4
2022-02-08 13:53:11,196 [EventQueue-StaleNodeForStaleNodeHandler] INFO  pipeline.PipelineManagerImpl (PipelineManagerImpl.java:closePipeline(365)) - Pipeline Pipeline[ Id: 60fdb779-c7c1-4438-b616-25469f3653d4, Nodes: 915ea2a1-2b04-4a8b-905a-cfef4591970c{ip: 10.1.0.34, host: fv-az148-480.bm4ck3pvxvsene1rjriu5fhcdb.bx.internal.cloudapp.net, ports: [REPLICATION=46009, RATIS=35197, RATIS_ADMIN=35197, RATIS_SERVER=35197, STANDALONE=36031], networkLocation: /default-rack, certSerialId: null, persistedOpState: IN_SERVICE, persistedOpStateExpiryEpochSec: 0}0fed3ba6-79cb-4518-b48b-c28a0e29dbfb{ip: 10.1.0.34, host: fv-az148-480.bm4ck3pvxvsene1rjriu5fhcdb.bx.internal.cloudapp.net, ports: [REPLICATION=45891, RATIS=40047, RATIS_ADMIN=40047, RATIS_SERVER=40047, STANDALONE=39945], networkLocation: /default-rack, certSerialId: null, persistedOpState: IN_SERVICE, persistedOpStateExpiryEpochSec: 0}74cc591c-4d52-479e-aacc-08a66935e120{ip: 10.1.0.34, host: fv-az148-480.bm4ck3pvxvsene1rjriu5fhcdb.bx.internal.cloudapp.net, ports: [REPLICATION=41959, RATIS=33121, RATIS_ADMIN=33121, RATIS_SERVER=33121, STANDALONE=46775], networkLocation: /default-rack, certSerialId: null, persistedOpState: IN_SERVICE, persistedOpStateExpiryEpochSec: 0}, ReplicationConfig: RATIS/THREE, State:OPEN, leaderId:74cc591c-4d52-479e-aacc-08a66935e120, CreationTimestamp2022-02-08T13:52:29.529Z[Etc/UTC]] moved to CLOSED state
2022-02-08 13:53:11,197 [EventQueue-CloseContainerForCloseContainerEventHandler] INFO  container.CloseContainerEventHandler (CloseContainerEventHandler.java:onMessage(69)) - Close container Event triggered for container : #1
2022-02-08 13:53:12,357 [74cc591c-4d52-479e-aacc-08a66935e120@group-25469F3653D4-FollowerState] INFO  impl.FollowerState (FollowerState.java:lostMajorityHeartbeatsRecently(107)) - 74cc591c-4d52-479e-aacc-08a66935e120@group-25469F3653D4-FollowerState: Skipping leader election since it stepped down recently (elapsed = 5070ms < waitTime = 10s)
2022-02-08 13:53:13,509 [a5053940-3165-42e9-acd7-ef11441d188e@group-99362A9385E5-FollowerState] INFO  impl.FollowerState (FollowerState.java:run(134)) - a5053940-3165-42e9-acd7-ef11441d188e@group-99362A9385E5-FollowerState: change to CANDIDATE, lastRpcElapsedTime:5049321122ns, electionTimeout:5044ms
2022-02-08 13:53:13,510 [a5053940-3165-42e9-acd7-ef11441d188e@group-99362A9385E5-FollowerState] INFO  impl.RoleInfo (RoleInfo.java:shutdownFollowerState(108)) - a5053940-3165-42e9-acd7-ef11441d188e: shutdown a5053940-3165-42e9-acd7-ef11441d188e@group-99362A9385E5-FollowerState
2022-02-08 13:53:13,510 [a5053940-3165-42e9-acd7-ef11441d188e@group-99362A9385E5-FollowerState] INFO  server.RaftServer$Division (RaftServerImpl.java:setRole(290)) - a5053940-3165-42e9-acd7-ef11441d188e@group-99362A9385E5: changes role from  FOLLOWER to CANDIDATE at term 7 for changeToCandidate
2022-02-08 13:53:13,510 [a5053940-3165-42e9-acd7-ef11441d188e@group-99362A9385E5-FollowerState] INFO  server.RaftServerConfigKeys (ConfUtils.java:logGet(44)) - raft.server.leaderelection.pre-vote = false (custom)
2022-02-08 13:53:13,510 [a5053940-3165-42e9-acd7-ef11441d188e@group-99362A9385E5-FollowerState] INFO  impl.RoleInfo (RoleInfo.java:updateAndGet(130)) - a5053940-3165-42e9-acd7-ef11441d188e: start a5053940-3165-42e9-acd7-ef11441d188e@group-99362A9385E5-LeaderElection32
2022-02-08 13:53:13,519 [a5053940-3165-42e9-acd7-ef11441d188e@group-99362A9385E5-LeaderElection32] INFO  impl.LeaderElection (LeaderElection.java:askForVotes(306)) - a5053940-3165-42e9-acd7-ef11441d188e@group-99362A9385E5-LeaderElection32 ELECTION round 0: submit vote requests at term 8 for -1: [da611cd8-d6f8-40e9-9825-4d5039a9b9e1|rpc:10.1.0.34:39351|priority:1, a5053940-3165-42e9-acd7-ef11441d188e|rpc:10.1.0.34:35549|priority:0, f61a4b31-682a-41d1-a434-a20bd71c25fb|rpc:10.1.0.34:43123|priority:0], old=null
2022-02-08 13:53:13,527 [grpc-default-executor-3] INFO  server.RaftServer$Division (RaftServerImpl.java:requestVote(1046)) - da611cd8-d6f8-40e9-9825-4d5039a9b9e1@group-99362A9385E5: receive requestVote(ELECTION, a5053940-3165-42e9-acd7-ef11441d188e, group-99362A9385E5, 8, (t:0, i:0))
2022-02-08 13:53:13,527 [grpc-default-executor-3] INFO  impl.VoteContext (VoteContext.java:log(48)) - da611cd8-d6f8-40e9-9825-4d5039a9b9e1@group-99362A9385E5-FOLLOWER: reject ELECTION from a5053940-3165-42e9-acd7-ef11441d188e: our priority 1 > candidate's priority 0
2022-02-08 13:53:13,528 [grpc-default-executor-3] INFO  server.RaftServer$Division (RaftServerImpl.java:setRole(290)) - da611cd8-d6f8-40e9-9825-4d5039a9b9e1@group-99362A9385E5: changes role from  FOLLOWER to FOLLOWER at term 8 for candidate:a5053940-3165-42e9-acd7-ef11441d188e
2022-02-08 13:53:13,528 [grpc-default-executor-3] INFO  impl.RoleInfo (RoleInfo.java:shutdownFollowerState(108)) - da611cd8-d6f8-40e9-9825-4d5039a9b9e1: shutdown da611cd8-d6f8-40e9-9825-4d5039a9b9e1@group-99362A9385E5-FollowerState
2022-02-08 13:53:13,529 [grpc-default-executor-3] INFO  impl.RoleInfo (RoleInfo.java:updateAndGet(130)) - da611cd8-d6f8-40e9-9825-4d5039a9b9e1: start da611cd8-d6f8-40e9-9825-4d5039a9b9e1@group-99362A9385E5-FollowerState
2022-02-08 13:53:13,529 [da611cd8-d6f8-40e9-9825-4d5039a9b9e1@group-99362A9385E5-FollowerState] INFO  impl.FollowerState (FollowerState.java:run(143)) - da611cd8-d6f8-40e9-9825-4d5039a9b9e1@group-99362A9385E5-FollowerState was interrupted: {}
java.lang.InterruptedException: sleep interrupted
	at java.lang.Thread.sleep(Native Method)
	at java.lang.Thread.sleep(Thread.java:340)
	at java.util.concurrent.TimeUnit.sleep(TimeUnit.java:386)
	at org.apache.ratis.util.TimeDuration.sleep(TimeDuration.java:324)
	at org.apache.ratis.util.TimeDuration.sleep(TimeDuration.java:309)
	at org.apache.ratis.server.impl.FollowerState.run(FollowerState.java:118)
2022-02-08 13:53:13,532 [grpc-default-executor-2] INFO  server.RaftServer$Division (RaftServerImpl.java:requestVote(1046)) - f61a4b31-682a-41d1-a434-a20bd71c25fb@group-99362A9385E5: receive requestVote(ELECTION, a5053940-3165-42e9-acd7-ef11441d188e, group-99362A9385E5, 8, (t:0, i:0))
2022-02-08 13:53:13,532 [grpc-default-executor-2] INFO  impl.VoteContext (VoteContext.java:log(48)) - f61a4b31-682a-41d1-a434-a20bd71c25fb@group-99362A9385E5-FOLLOWER: accept ELECTION from a5053940-3165-42e9-acd7-ef11441d188e: our priority 0 <= candidate's priority 0
2022-02-08 13:53:13,532 [grpc-default-executor-2] INFO  server.RaftServer$Division (RaftServerImpl.java:setRole(290)) - f61a4b31-682a-41d1-a434-a20bd71c25fb@group-99362A9385E5: changes role from  FOLLOWER to FOLLOWER at term 8 for candidate:a5053940-3165-42e9-acd7-ef11441d188e
2022-02-08 13:53:13,532 [grpc-default-executor-2] INFO  impl.RoleInfo (RoleInfo.java:shutdownFollowerState(108)) - f61a4b31-682a-41d1-a434-a20bd71c25fb: shutdown f61a4b31-682a-41d1-a434-a20bd71c25fb@group-99362A9385E5-FollowerState
2022-02-08 13:53:13,538 [grpc-default-executor-2] INFO  impl.RoleInfo (RoleInfo.java:updateAndGet(130)) - f61a4b31-682a-41d1-a434-a20bd71c25fb: start f61a4b31-682a-41d1-a434-a20bd71c25fb@group-99362A9385E5-FollowerState
2022-02-08 13:53:13,538 [f61a4b31-682a-41d1-a434-a20bd71c25fb@group-99362A9385E5-FollowerState] INFO  impl.FollowerState (FollowerState.java:run(143)) - f61a4b31-682a-41d1-a434-a20bd71c25fb@group-99362A9385E5-FollowerState was interrupted: {}
java.lang.InterruptedException: sleep interrupted
	at java.lang.Thread.sleep(Native Method)
	at java.lang.Thread.sleep(Thread.java:340)
	at java.util.concurrent.TimeUnit.sleep(TimeUnit.java:386)
	at org.apache.ratis.util.TimeDuration.sleep(TimeDuration.java:324)
	at org.apache.ratis.util.TimeDuration.sleep(TimeDuration.java:309)
	at org.apache.ratis.server.impl.FollowerState.run(FollowerState.java:118)
2022-02-08 13:53:13,540 [grpc-default-executor-3] INFO  server.RaftServer$Division (RaftServerImpl.java:requestVote(1078)) - da611cd8-d6f8-40e9-9825-4d5039a9b9e1@group-99362A9385E5 replies to ELECTION vote request: a5053940-3165-42e9-acd7-ef11441d188e<-da611cd8-d6f8-40e9-9825-4d5039a9b9e1#0:FAIL-t8. Peer's state: da611cd8-d6f8-40e9-9825-4d5039a9b9e1@group-99362A9385E5:t8, leader=null, voted=null, raftlog=da611cd8-d6f8-40e9-9825-4d5039a9b9e1@group-99362A9385E5-SegmentedRaftLog:OPENED:c-1, conf=-1: [da611cd8-d6f8-40e9-9825-4d5039a9b9e1|rpc:10.1.0.34:39351|dataStream:|priority:1, a5053940-3165-42e9-acd7-ef11441d188e|rpc:10.1.0.34:35549|dataStream:|priority:0, f61a4b31-682a-41d1-a434-a20bd71c25fb|rpc:10.1.0.34:43123|dataStream:|priority:0], old=null
2022-02-08 13:53:13,540 [grpc-default-executor-2] INFO  server.RaftServer$Division (RaftServerImpl.java:requestVote(1078)) - f61a4b31-682a-41d1-a434-a20bd71c25fb@group-99362A9385E5 replies to ELECTION vote request: a5053940-3165-42e9-acd7-ef11441d188e<-f61a4b31-682a-41d1-a434-a20bd71c25fb#0:OK-t8. Peer's state: f61a4b31-682a-41d1-a434-a20bd71c25fb@group-99362A9385E5:t8, leader=null, voted=a5053940-3165-42e9-acd7-ef11441d188e, raftlog=f61a4b31-682a-41d1-a434-a20bd71c25fb@group-99362A9385E5-SegmentedRaftLog:OPENED:c-1, conf=-1: [da611cd8-d6f8-40e9-9825-4d5039a9b9e1|rpc:10.1.0.34:39351|dataStream:|priority:1, a5053940-3165-42e9-acd7-ef11441d188e|rpc:10.1.0.34:35549|dataStream:|priority:0, f61a4b31-682a-41d1-a434-a20bd71c25fb|rpc:10.1.0.34:43123|dataStream:|priority:0], old=null
2022-02-08 13:53:13,541 [a5053940-3165-42e9-acd7-ef11441d188e@group-99362A9385E5-LeaderElection32] INFO  impl.LeaderElection (LeaderElection.java:logAndReturn(89)) - a5053940-3165-42e9-acd7-ef11441d188e@group-99362A9385E5-LeaderElection32: ELECTION REJECTED received 1 response(s) and 0 exception(s):
2022-02-08 13:53:13,541 [a5053940-3165-42e9-acd7-ef11441d188e@group-99362A9385E5-LeaderElection32] INFO  impl.LeaderElection (LeaderElection.java:logAndReturn(93)) -   Response 0: a5053940-3165-42e9-acd7-ef11441d188e<-da611cd8-d6f8-40e9-9825-4d5039a9b9e1#0:FAIL-t8
2022-02-08 13:53:13,541 [a5053940-3165-42e9-acd7-ef11441d188e@group-99362A9385E5-LeaderElection32] INFO  impl.LeaderElection (LeaderElection.java:askForVotes(308)) - a5053940-3165-42e9-acd7-ef11441d188e@group-99362A9385E5-LeaderElection32 ELECTION round 0: result REJECTED
2022-02-08 13:53:13,541 [a5053940-3165-42e9-acd7-ef11441d188e@group-99362A9385E5-LeaderElection32] INFO  server.RaftServer$Division (RaftServerImpl.java:setRole(290)) - a5053940-3165-42e9-acd7-ef11441d188e@group-99362A9385E5: changes role from CANDIDATE to FOLLOWER at term 8 for REJECTED
2022-02-08 13:53:13,542 [a5053940-3165-42e9-acd7-ef11441d188e@group-99362A9385E5-LeaderElection32] INFO  impl.RoleInfo (RoleInfo.java:shutdownLeaderElection(121)) - a5053940-3165-42e9-acd7-ef11441d188e: shutdown a5053940-3165-42e9-acd7-ef11441d188e@group-99362A9385E5-LeaderElection32
2022-02-08 13:53:13,542 [a5053940-3165-42e9-acd7-ef11441d188e@group-99362A9385E5-LeaderElection32] INFO  impl.RoleInfo (RoleInfo.java:updateAndGet(130)) - a5053940-3165-42e9-acd7-ef11441d188e: start a5053940-3165-42e9-acd7-ef11441d188e@group-99362A9385E5-FollowerState
2022-02-08 13:53:13,903 [Listener at 127.0.0.1/36213] WARN  io.KeyOutputStream (KeyOutputStream.java:handleException(310)) - Encountered exception java.io.IOException: Unexpected Storage Container Exception: java.util.concurrent.CompletionException: Failed to write chunk 109611004723200001_chunk_6 into block conID: 1 locID: 109611004723200001 bcsId: 10 on the pipeline Pipeline[ Id: 60fdb779-c7c1-4438-b616-25469f3653d4, Nodes: 915ea2a1-2b04-4a8b-905a-cfef4591970c{ip: 10.1.0.34, host: fv-az148-480.bm4ck3pvxvsene1rjriu5fhcdb.bx.internal.cloudapp.net, ports: [REPLICATION=46009, RATIS=35197, RATIS_ADMIN=35197, RATIS_SERVER=35197, STANDALONE=36031], networkLocation: /default-rack, certSerialId: null, persistedOpState: IN_SERVICE, persistedOpStateExpiryEpochSec: 0}0fed3ba6-79cb-4518-b48b-c28a0e29dbfb{ip: 10.1.0.34, host: fv-az148-480.bm4ck3pvxvsene1rjriu5fhcdb.bx.internal.cloudapp.net, ports: [REPLICATION=45891, RATIS=40047, RATIS_ADMIN=40047, RATIS_SERVER=40047, STANDALONE=39945], networkLocation: /default-rack, certSerialId: null, persistedOpState: IN_SERVICE, persistedOpStateExpiryEpochSec: 0}74cc591c-4d52-479e-aacc-08a66935e120{ip: 10.1.0.34, host: fv-az148-480.bm4ck3pvxvsene1rjriu5fhcdb.bx.internal.cloudapp.net, ports: [REPLICATION=41959, RATIS=33121, RATIS_ADMIN=33121, RATIS_SERVER=33121, STANDALONE=46775], networkLocation: /default-rack, certSerialId: null, persistedOpState: IN_SERVICE, persistedOpStateExpiryEpochSec: 0}, ReplicationConfig: RATIS/THREE, State:OPEN, leaderId:74cc591c-4d52-479e-aacc-08a66935e120, CreationTimestamp2022-02-08T13:52:29.529Z[Etc/UTC]]. The last committed block length is 450, uncommitted data length is 350 retry count 0
2022-02-08 13:53:13,938 [IPC Server handler 0 on default port 42993] WARN  pipeline.WritableRatisContainerProvider (WritableRatisContainerProvider.java:getContainer(125)) - Pipeline creation failed for repConfig RATIS/THREE Datanodes may be used up.
org.apache.hadoop.hdds.scm.exceptions.SCMException: Pipeline creation failed because nodes are engaged in other pipelines and every node can only be engaged in max 1 pipelines. Required 3. Found 2
	at org.apache.hadoop.hdds.scm.pipeline.PipelinePlacementPolicy.filterViableNodes(PipelinePlacementPolicy.java:184)
	at org.apache.hadoop.hdds.scm.pipeline.PipelinePlacementPolicy.chooseDatanodes(PipelinePlacementPolicy.java:237)
	at org.apache.hadoop.hdds.scm.pipeline.RatisPipelineProvider.create(RatisPipelineProvider.java:153)
	at org.apache.hadoop.hdds.scm.pipeline.RatisPipelineProvider.create(RatisPipelineProvider.java:50)
	at org.apache.hadoop.hdds.scm.pipeline.PipelineFactory.create(PipelineFactory.java:72)
	at org.apache.hadoop.hdds.scm.pipeline.PipelineManagerImpl.createPipeline(PipelineManagerImpl.java:170)
	at org.apache.hadoop.hdds.scm.pipeline.WritableRatisContainerProvider.getContainer(WritableRatisContainerProvider.java:119)
	at org.apache.hadoop.hdds.scm.pipeline.WritableContainerFactory.getContainer(WritableContainerFactory.java:52)
	at org.apache.hadoop.hdds.scm.block.BlockManagerImpl.allocateBlock(BlockManagerImpl.java:176)
	at org.apache.hadoop.hdds.scm.server.SCMBlockProtocolServer.allocateBlock(SCMBlockProtocolServer.java:194)
	at org.apache.hadoop.hdds.scm.protocol.ScmBlockLocationProtocolServerSideTranslatorPB.allocateScmBlock(ScmBlockLocationProtocolServerSideTranslatorPB.java:180)
	at org.apache.hadoop.hdds.scm.protocol.ScmBlockLocationProtocolServerSideTranslatorPB.processMessage(ScmBlockLocationProtocolServerSideTranslatorPB.java:130)
	at org.apache.hadoop.hdds.server.OzoneProtocolMessageDispatcher.processRequest(OzoneProtocolMessageDispatcher.java:87)
	at org.apache.hadoop.hdds.scm.protocol.ScmBlockLocationProtocolServerSideTranslatorPB.send(ScmBlockLocationProtocolServerSideTranslatorPB.java:112)
	at org.apache.hadoop.hdds.protocol.proto.ScmBlockLocationProtocolProtos$ScmBlockLocationProtocolService$2.callBlockingMethod(ScmBlockLocationProtocolProtos.java:13937)
	at org.apache.hadoop.ipc.ProtobufRpcEngine$Server.processCall(ProtobufRpcEngine.java:466)
	at org.apache.hadoop.ipc.ProtobufRpcEngine2$Server$ProtoBufRpcInvoker.call(ProtobufRpcEngine2.java:574)
	at org.apache.hadoop.ipc.ProtobufRpcEngine2$Server$ProtoBufRpcInvoker.call(ProtobufRpcEngine2.java:552)
	at org.apache.hadoop.ipc.RPC$Server.call(RPC.java:1093)
	at org.apache.hadoop.ipc.Server$RpcCall.run(Server.java:1035)
	at org.apache.hadoop.ipc.Server$RpcCall.run(Server.java:963)
	at java.security.AccessController.doPrivileged(Native Method)
	at javax.security.auth.Subject.doAs(Subject.java:422)
	at org.apache.hadoop.security.UserGroupInformation.doAs(UserGroupInformation.java:1878)
	at org.apache.hadoop.ipc.Server$Handler.run(Server.java:2966)
2022-02-08 13:53:13,939 [IPC Server handler 0 on default port 42993] ERROR pipeline.WritableRatisContainerProvider (WritableRatisContainerProvider.java:getContainer(164)) - Unable to allocate a block for the size: 800, repConfig: RATIS/THREE
2022-02-08 13:53:13,939 [IPC Server handler 0 on default port 42993] ERROR block.BlockManagerImpl (BlockManagerImpl.java:allocateBlock(184)) - Unable to allocate a block for the size: 800, replicationConfig: RATIS/THREE
2022-02-08 13:53:13,945 [Listener at 127.0.0.1/36213] INFO  ozone.MiniOzoneClusterImpl (MiniOzoneClusterImpl.java:shutdown(437)) - Shutting down the Mini Ozone Cluster
2022-02-08 13:53:13,945 [Listener at 127.0.0.1/36213] INFO  ozone.MiniOzoneClusterImpl (MiniOzoneClusterImpl.java:stop(452)) - Stopping the Mini Ozone Cluster
2022-02-08 13:53:13,946 [Listener at 127.0.0.1/36213] INFO  ozone.MiniOzoneClusterImpl (MiniOzoneClusterImpl.java:stopOM(534)) - Stopping the OzoneManager
2022-02-08 13:53:13,946 [Listener at 127.0.0.1/36213] INFO  om.OzoneManager (OzoneManager.java:stop(1893)) - om1[localhost:0]: Stopping Ozone Manager
2022-02-08 13:53:13,946 [Listener at 127.0.0.1/36213] INFO  ipc.Server (Server.java:stop(3414)) - Stopping server on 36213
2022-02-08 13:53:13,946 [IPC Server listener on 0] INFO  ipc.Server (Server.java:run(1376)) - Stopping IPC Server listener on 0
2022-02-08 13:53:13,952 [IPC Server Responder] INFO  ipc.Server (Server.java:run(1512)) - Stopping IPC Server Responder
2022-02-08 13:53:13,953 [Listener at 127.0.0.1/36213] INFO  server.RaftServer (RaftServerProxy.java:lambda$close$6(391)) - om1: close
2022-02-08 13:53:13,953 [Listener at 127.0.0.1/36213] INFO  server.RaftServer$Division (RaftServerImpl.java:lambda$close$4(412)) - om1@group-C5BA1605619E: shutdown
2022-02-08 13:53:13,953 [Listener at 127.0.0.1/36213] INFO  util.JmxRegister (JmxRegister.java:unregister(73)) - Successfully un-registered JMX Bean with object name Ratis:service=RaftServer,group=group-C5BA1605619E,id=om1
2022-02-08 13:53:13,953 [Listener at 127.0.0.1/36213] INFO  impl.RoleInfo (RoleInfo.java:shutdownLeaderState(91)) - om1: shutdown om1@group-C5BA1605619E-LeaderStateImpl
2022-02-08 13:53:13,954 [Listener at 127.0.0.1/36213] INFO  impl.PendingRequests (PendingRequests.java:sendNotLeaderResponses(282)) - om1@group-C5BA1605619E-PendingRequests: sendNotLeaderResponses
2022-02-08 13:53:13,959 [Listener at 127.0.0.1/36213] INFO  impl.StateMachineUpdater (StateMachineUpdater.java:stopAndJoin(149)) - om1@group-C5BA1605619E-StateMachineUpdater: set stopIndex = 6
2022-02-08 13:53:13,960 [om1@group-C5BA1605619E-StateMachineUpdater] INFO  ratis.OzoneManagerStateMachine (OzoneManagerStateMachine.java:takeSnapshot(417)) - Current Snapshot Index (t:1, i:6)
2022-02-08 13:53:13,961 [om1@group-C5BA1605619E-StateMachineUpdater] INFO  impl.StateMachineUpdater (StateMachineUpdater.java:takeSnapshot(281)) - om1@group-C5BA1605619E-StateMachineUpdater: Took a snapshot at index 6
2022-02-08 13:53:13,961 [om1@group-C5BA1605619E-StateMachineUpdater] INFO  impl.StateMachineUpdater (StateMachineUpdater.java:lambda$new$0(89)) - om1@group-C5BA1605619E-StateMachineUpdater: snapshotIndex: updateIncreasingly -1 -> 6
2022-02-08 13:53:13,961 [om1@group-C5BA1605619E-StateMachineUpdater] INFO  ratis.OzoneManagerStateMachine (OzoneManagerStateMachine.java:close(471)) - StateMachine has shutdown. Shutdown OzoneManager if not already shutdown.
2022-02-08 13:53:13,962 [Listener at 127.0.0.1/36213] INFO  server.RaftServer$Division (ServerState.java:close(419)) - om1@group-C5BA1605619E: closes. applyIndex: 6
2022-02-08 13:53:13,962 [om1@group-C5BA1605619E-SegmentedRaftLogWorker] INFO  segmented.SegmentedRaftLogWorker (SegmentedRaftLogWorker.java:run(327)) - om1@group-C5BA1605619E-SegmentedRaftLogWorker was interrupted, exiting. There are 0 tasks remaining in the queue.
2022-02-08 13:53:13,964 [Listener at 127.0.0.1/36213] INFO  segmented.SegmentedRaftLogWorker (SegmentedRaftLogWorker.java:close(237)) - om1@group-C5BA1605619E-SegmentedRaftLogWorker close()
2022-02-08 13:53:13,966 [Listener at 127.0.0.1/36213] INFO  server.GrpcService (GrpcService.java:closeImpl(262)) - om1: shutdown server with port 9872 now
2022-02-08 13:53:13,967 [Listener at 127.0.0.1/36213] INFO  server.GrpcService (GrpcService.java:closeImpl(271)) - om1: shutdown server with port 9872 successfully
2022-02-08 13:53:13,967 [org.apache.ratis.util.JvmPauseMonitor$$Lambda$431/1827212229@13485e82] INFO  util.JvmPauseMonitor (JvmPauseMonitor.java:run(109)) - JvmPauseMonitor-om1: Stopped
2022-02-08 13:53:13,967 [Listener at 127.0.0.1/36213] INFO  ratis.OzoneManagerDoubleBuffer (OzoneManagerDoubleBuffer.java:stop(437)) - Stopping OMDoubleBuffer flush thread
2022-02-08 13:53:13,967 [OMDoubleBufferFlushThread] INFO  ratis.OzoneManagerDoubleBuffer (OzoneManagerDoubleBuffer.java:flushTransactions(356)) - OMDoubleBuffer flush thread OMDoubleBufferFlushThread is interrupted and will exit. OMDoubleBufferFlushThread
2022-02-08 13:53:13,968 [Listener at 127.0.0.1/36213] INFO  utils.BackgroundService (BackgroundService.java:shutdown(132)) - Shutting down service KeyDeletingService
2022-02-08 13:53:13,969 [Listener at 127.0.0.1/36213] INFO  utils.BackgroundService (BackgroundService.java:shutdown(132)) - Shutting down service DirectoryDeletingService
2022-02-08 13:53:13,972 [Listener at 127.0.0.1/36213] INFO  handler.ContextHandler (ContextHandler.java:doStop(1153)) - Stopped o.e.j.w.WebAppContext@ef21eba{ozoneManager,/,null,STOPPED}{file:/home/runner/work/ozone/ozone/hadoop-ozone/integration-test/target/test-classes/webapps/ozoneManager}
2022-02-08 13:53:13,973 [Listener at 127.0.0.1/36213] INFO  server.AbstractConnector (AbstractConnector.java:doStop(381)) - Stopped ServerConnector@55feda3f{HTTP/1.1, (http/1.1)}{0.0.0.0:0}
2022-02-08 13:53:13,973 [Listener at 127.0.0.1/36213] INFO  server.session (HouseKeeper.java:stopScavenging(149)) - node0 Stopped scavenging
2022-02-08 13:53:13,975 [Listener at 127.0.0.1/36213] INFO  handler.ContextHandler (ContextHandler.java:doStop(1153)) - Stopped o.e.j.s.ServletContextHandler@570fc662{static,/static,file:///home/runner/work/ozone/ozone/hadoop-ozone/integration-test/target/test-classes/webapps/static,STOPPED}
2022-02-08 13:53:13,975 [Listener at 127.0.0.1/36213] INFO  handler.ContextHandler (ContextHandler.java:doStop(1153)) - Stopped o.e.j.s.ServletContextHandler@6f798e5a{logs,/logs,file:///home/runner/work/ozone/ozone/hadoop-ozone/integration-test/target/log,STOPPED}
2022-02-08 13:53:13,979 [Listener at 127.0.0.1/36213] INFO  ozone.MiniOzoneClusterImpl (MiniOzoneClusterImpl.java:stopDatanodes(511)) - Stopping the HddsDatanodes
2022-02-08 13:53:14,062 [5f9aa48b-2f61-4154-bb84-50a0aaf99a3b@group-6046E76B0741-FollowerState] INFO  impl.FollowerState (FollowerState.java:run(134)) - 5f9aa48b-2f61-4154-bb84-50a0aaf99a3b@group-6046E76B0741-FollowerState: change to CANDIDATE, lastRpcElapsedTime:5028869570ns, electionTimeout:5020ms
2022-02-08 13:53:14,062 [5f9aa48b-2f61-4154-bb84-50a0aaf99a3b@group-6046E76B0741-FollowerState] INFO  impl.RoleInfo (RoleInfo.java:shutdownFollowerState(108)) - 5f9aa48b-2f61-4154-bb84-50a0aaf99a3b: shutdown 5f9aa48b-2f61-4154-bb84-50a0aaf99a3b@group-6046E76B0741-FollowerState
2022-02-08 13:53:14,062 [5f9aa48b-2f61-4154-bb84-50a0aaf99a3b@group-6046E76B0741-FollowerState] INFO  server.RaftServer$Division (RaftServerImpl.java:setRole(290)) - 5f9aa48b-2f61-4154-bb84-50a0aaf99a3b@group-6046E76B0741: changes role from  FOLLOWER to CANDIDATE at term 7 for changeToCandidate
2022-02-08 13:53:14,062 [5f9aa48b-2f61-4154-bb84-50a0aaf99a3b@group-6046E76B0741-FollowerState] INFO  server.RaftServerConfigKeys (ConfUtils.java:logGet(44)) - raft.server.leaderelection.pre-vote = false (custom)
2022-02-08 13:53:14,062 [5f9aa48b-2f61-4154-bb84-50a0aaf99a3b@group-6046E76B0741-FollowerState] INFO  impl.RoleInfo (RoleInfo.java:updateAndGet(130)) - 5f9aa48b-2f61-4154-bb84-50a0aaf99a3b: start 5f9aa48b-2f61-4154-bb84-50a0aaf99a3b@group-6046E76B0741-LeaderElection33
2022-02-08 13:53:14,070 [5f9aa48b-2f61-4154-bb84-50a0aaf99a3b@group-6046E76B0741-LeaderElection33] INFO  impl.LeaderElection (LeaderElection.java:askForVotes(306)) - 5f9aa48b-2f61-4154-bb84-50a0aaf99a3b@group-6046E76B0741-LeaderElection33 ELECTION round 0: submit vote requests at term 8 for -1: [a7553d9d-67d8-423e-ad9b-7e30726581c7|rpc:10.1.0.34:32871|dataStream:|priority:0, 5f9aa48b-2f61-4154-bb84-50a0aaf99a3b|rpc:10.1.0.34:40765|dataStream:|priority:0, db4f20b8-0dce-4a7c-897b-5d9165b059cf|rpc:10.1.0.34:43059|dataStream:|priority:1], old=null
2022-02-08 13:53:14,080 [grpc-default-executor-3] INFO  server.RaftServer$Division (RaftServerImpl.java:requestVote(1046)) - a7553d9d-67d8-423e-ad9b-7e30726581c7@group-6046E76B0741: receive requestVote(ELECTION, 5f9aa48b-2f61-4154-bb84-50a0aaf99a3b, group-6046E76B0741, 8, (t:0, i:0))
2022-02-08 13:53:14,080 [grpc-default-executor-3] INFO  impl.VoteContext (VoteContext.java:log(48)) - a7553d9d-67d8-423e-ad9b-7e30726581c7@group-6046E76B0741-FOLLOWER: accept ELECTION from 5f9aa48b-2f61-4154-bb84-50a0aaf99a3b: our priority 0 <= candidate's priority 0
2022-02-08 13:53:14,080 [grpc-default-executor-3] INFO  server.RaftServer$Division (RaftServerImpl.java:setRole(290)) - a7553d9d-67d8-423e-ad9b-7e30726581c7@group-6046E76B0741: changes role from  FOLLOWER to FOLLOWER at term 8 for candidate:5f9aa48b-2f61-4154-bb84-50a0aaf99a3b
2022-02-08 13:53:14,080 [grpc-default-executor-3] INFO  impl.RoleInfo (RoleInfo.java:shutdownFollowerState(108)) - a7553d9d-67d8-423e-ad9b-7e30726581c7: shutdown a7553d9d-67d8-423e-ad9b-7e30726581c7@group-6046E76B0741-FollowerState
2022-02-08 13:53:14,080 [grpc-default-executor-3] INFO  impl.RoleInfo (RoleInfo.java:updateAndGet(130)) - a7553d9d-67d8-423e-ad9b-7e30726581c7: start a7553d9d-67d8-423e-ad9b-7e30726581c7@group-6046E76B0741-FollowerState
2022-02-08 13:53:14,080 [a7553d9d-67d8-423e-ad9b-7e30726581c7@group-6046E76B0741-FollowerState] INFO  impl.FollowerState (FollowerState.java:run(143)) - a7553d9d-67d8-423e-ad9b-7e30726581c7@group-6046E76B0741-FollowerState was interrupted: {}
java.lang.InterruptedException: sleep interrupted
	at java.lang.Thread.sleep(Native Method)
	at java.lang.Thread.sleep(Thread.java:340)
	at java.util.concurrent.TimeUnit.sleep(TimeUnit.java:386)
	at org.apache.ratis.util.TimeDuration.sleep(TimeDuration.java:324)
	at org.apache.ratis.util.TimeDuration.sleep(TimeDuration.java:309)
	at org.apache.ratis.server.impl.FollowerState.run(FollowerState.java:118)
2022-02-08 13:53:14,082 [grpc-default-executor-2] INFO  server.RaftServer$Division (RaftServerImpl.java:requestVote(1046)) - db4f20b8-0dce-4a7c-897b-5d9165b059cf@group-6046E76B0741: receive requestVote(ELECTION, 5f9aa48b-2f61-4154-bb84-50a0aaf99a3b, group-6046E76B0741, 8, (t:0, i:0))
2022-02-08 13:53:14,082 [grpc-default-executor-2] INFO  impl.VoteContext (VoteContext.java:log(48)) - db4f20b8-0dce-4a7c-897b-5d9165b059cf@group-6046E76B0741-FOLLOWER: reject ELECTION from 5f9aa48b-2f61-4154-bb84-50a0aaf99a3b: our priority 1 > candidate's priority 0
2022-02-08 13:53:14,082 [grpc-default-executor-2] INFO  server.RaftServer$Division (RaftServerImpl.java:setRole(290)) - db4f20b8-0dce-4a7c-897b-5d9165b059cf@group-6046E76B0741: changes role from  FOLLOWER to FOLLOWER at term 8 for candidate:5f9aa48b-2f61-4154-bb84-50a0aaf99a3b
2022-02-08 13:53:14,082 [grpc-default-executor-2] INFO  impl.RoleInfo (RoleInfo.java:shutdownFollowerState(108)) - db4f20b8-0dce-4a7c-897b-5d9165b059cf: shutdown db4f20b8-0dce-4a7c-897b-5d9165b059cf@group-6046E76B0741-FollowerState
2022-02-08 13:53:14,082 [grpc-default-executor-2] INFO  impl.RoleInfo (RoleInfo.java:updateAndGet(130)) - db4f20b8-0dce-4a7c-897b-5d9165b059cf: start db4f20b8-0dce-4a7c-897b-5d9165b059cf@group-6046E76B0741-FollowerState
2022-02-08 13:53:14,082 [db4f20b8-0dce-4a7c-897b-5d9165b059cf@group-6046E76B0741-FollowerState] INFO  impl.FollowerState (FollowerState.java:run(143)) - db4f20b8-0dce-4a7c-897b-5d9165b059cf@group-6046E76B0741-FollowerState was interrupted: {}
java.lang.InterruptedException: sleep interrupted
	at java.lang.Thread.sleep(Native Method)
	at java.lang.Thread.sleep(Thread.java:340)
	at java.util.concurrent.TimeUnit.sleep(TimeUnit.java:386)
	at org.apache.ratis.util.TimeDuration.sleep(TimeDuration.java:324)
	at org.apache.ratis.util.TimeDuration.sleep(TimeDuration.java:309)
	at org.apache.ratis.server.impl.FollowerState.run(FollowerState.java:118)
2022-02-08 13:53:14,084 [grpc-default-executor-3] INFO  server.RaftServer$Division (RaftServerImpl.java:requestVote(1078)) - a7553d9d-67d8-423e-ad9b-7e30726581c7@group-6046E76B0741 replies to ELECTION vote request: 5f9aa48b-2f61-4154-bb84-50a0aaf99a3b<-a7553d9d-67d8-423e-ad9b-7e30726581c7#0:OK-t8. Peer's state: a7553d9d-67d8-423e-ad9b-7e30726581c7@group-6046E76B0741:t8, leader=null, voted=5f9aa48b-2f61-4154-bb84-50a0aaf99a3b, raftlog=a7553d9d-67d8-423e-ad9b-7e30726581c7@group-6046E76B0741-SegmentedRaftLog:OPENED:c-1, conf=-1: [a7553d9d-67d8-423e-ad9b-7e30726581c7|rpc:10.1.0.34:32871|priority:0, 5f9aa48b-2f61-4154-bb84-50a0aaf99a3b|rpc:10.1.0.34:40765|priority:0, db4f20b8-0dce-4a7c-897b-5d9165b059cf|rpc:10.1.0.34:43059|priority:1], old=null
2022-02-08 13:53:14,087 [grpc-default-executor-2] INFO  server.RaftServer$Division (RaftServerImpl.java:requestVote(1078)) - db4f20b8-0dce-4a7c-897b-5d9165b059cf@group-6046E76B0741 replies to ELECTION vote request: 5f9aa48b-2f61-4154-bb84-50a0aaf99a3b<-db4f20b8-0dce-4a7c-897b-5d9165b059cf#0:FAIL-t8. Peer's state: db4f20b8-0dce-4a7c-897b-5d9165b059cf@group-6046E76B0741:t8, leader=null, voted=null, raftlog=db4f20b8-0dce-4a7c-897b-5d9165b059cf@group-6046E76B0741-SegmentedRaftLog:OPENED:c-1, conf=-1: [a7553d9d-67d8-423e-ad9b-7e30726581c7|rpc:10.1.0.34:32871|dataStream:|priority:0, 5f9aa48b-2f61-4154-bb84-50a0aaf99a3b|rpc:10.1.0.34:40765|dataStream:|priority:0, db4f20b8-0dce-4a7c-897b-5d9165b059cf|rpc:10.1.0.34:43059|dataStream:|priority:1], old=null
2022-02-08 13:53:14,088 [5f9aa48b-2f61-4154-bb84-50a0aaf99a3b@group-6046E76B0741-LeaderElection33] INFO  impl.LeaderElection (LeaderElection.java:logAndReturn(89)) - 5f9aa48b-2f61-4154-bb84-50a0aaf99a3b@group-6046E76B0741-LeaderElection33: ELECTION REJECTED received 2 response(s) and 0 exception(s):
2022-02-08 13:53:14,088 [5f9aa48b-2f61-4154-bb84-50a0aaf99a3b@group-6046E76B0741-LeaderElection33] INFO  impl.LeaderElection (LeaderElection.java:logAndReturn(93)) -   Response 0: 5f9aa48b-2f61-4154-bb84-50a0aaf99a3b<-a7553d9d-67d8-423e-ad9b-7e30726581c7#0:OK-t8
2022-02-08 13:53:14,088 [5f9aa48b-2f61-4154-bb84-50a0aaf99a3b@group-6046E76B0741-LeaderElection33] INFO  impl.LeaderElection (LeaderElection.java:logAndReturn(93)) -   Response 1: 5f9aa48b-2f61-4154-bb84-50a0aaf99a3b<-db4f20b8-0dce-4a7c-897b-5d9165b059cf#0:FAIL-t8
2022-02-08 13:53:14,088 [5f9aa48b-2f61-4154-bb84-50a0aaf99a3b@group-6046E76B0741-LeaderElection33] INFO  impl.LeaderElection (LeaderElection.java:askForVotes(308)) - 5f9aa48b-2f61-4154-bb84-50a0aaf99a3b@group-6046E76B0741-LeaderElection33 ELECTION round 0: result REJECTED
2022-02-08 13:53:14,088 [5f9aa48b-2f61-4154-bb84-50a0aaf99a3b@group-6046E76B0741-LeaderElection33] INFO  server.RaftServer$Division (RaftServerImpl.java:setRole(290)) - 5f9aa48b-2f61-4154-bb84-50a0aaf99a3b@group-6046E76B0741: changes role from CANDIDATE to FOLLOWER at term 8 for REJECTED
2022-02-08 13:53:14,088 [5f9aa48b-2f61-4154-bb84-50a0aaf99a3b@group-6046E76B0741-LeaderElection33] INFO  impl.RoleInfo (RoleInfo.java:shutdownLeaderElection(121)) - 5f9aa48b-2f61-4154-bb84-50a0aaf99a3b: shutdown 5f9aa48b-2f61-4154-bb84-50a0aaf99a3b@group-6046E76B0741-LeaderElection33
2022-02-08 13:53:14,088 [5f9aa48b-2f61-4154-bb84-50a0aaf99a3b@group-6046E76B0741-LeaderElection33] INFO  impl.RoleInfo (RoleInfo.java:updateAndGet(130)) - 5f9aa48b-2f61-4154-bb84-50a0aaf99a3b: start 5f9aa48b-2f61-4154-bb84-50a0aaf99a3b@group-6046E76B0741-FollowerState
2022-02-08 13:53:17,397 [74cc591c-4d52-479e-aacc-08a66935e120@group-25469F3653D4-FollowerState] INFO  impl.FollowerState (FollowerState.java:run(134)) - 74cc591c-4d52-479e-aacc-08a66935e120@group-25469F3653D4-FollowerState: change to CANDIDATE, lastRpcElapsedTime:10109481495ns, electionTimeout:5039ms
2022-02-08 13:53:17,397 [74cc591c-4d52-479e-aacc-08a66935e120@group-25469F3653D4-FollowerState] INFO  impl.RoleInfo (RoleInfo.java:shutdownFollowerState(108)) - 74cc591c-4d52-479e-aacc-08a66935e120: shutdown 74cc591c-4d52-479e-aacc-08a66935e120@group-25469F3653D4-FollowerState
2022-02-08 13:53:17,397 [74cc591c-4d52-479e-aacc-08a66935e120@group-25469F3653D4-FollowerState] INFO  server.RaftServer$Division (RaftServerImpl.java:setRole(290)) - 74cc591c-4d52-479e-aacc-08a66935e120@group-25469F3653D4: changes role from  FOLLOWER to CANDIDATE at term 1 for changeToCandidate
2022-02-08 13:53:17,397 [74cc591c-4d52-479e-aacc-08a66935e120@group-25469F3653D4-FollowerState] INFO  server.RaftServerConfigKeys (ConfUtils.java:logGet(44)) - raft.server.leaderelection.pre-vote = false (custom)
2022-02-08 13:53:17,397 [74cc591c-4d52-479e-aacc-08a66935e120@group-25469F3653D4-FollowerState] INFO  impl.RoleInfo (RoleInfo.java:updateAndGet(130)) - 74cc591c-4d52-479e-aacc-08a66935e120: start 74cc591c-4d52-479e-aacc-08a66935e120@group-25469F3653D4-LeaderElection34
2022-02-08 13:53:17,405 [74cc591c-4d52-479e-aacc-08a66935e120@group-25469F3653D4-LeaderElection34] INFO  server.RaftServer$Division (ServerState.java:setLeader(285)) - 74cc591c-4d52-479e-aacc-08a66935e120@group-25469F3653D4: change Leader from 74cc591c-4d52-479e-aacc-08a66935e120 to null at term 1 for ELECTION
2022-02-08 13:53:17,407 [74cc591c-4d52-479e-aacc-08a66935e120@group-25469F3653D4-LeaderElection34] INFO  impl.LeaderElection (LeaderElection.java:askForVotes(306)) - 74cc591c-4d52-479e-aacc-08a66935e120@group-25469F3653D4-LeaderElection34 ELECTION round 0: submit vote requests at term 2 for 0: [74cc591c-4d52-479e-aacc-08a66935e120|rpc:10.1.0.34:33121|dataStream:|priority:1, 915ea2a1-2b04-4a8b-905a-cfef4591970c|rpc:10.1.0.34:35197|dataStream:|priority:0, 0fed3ba6-79cb-4518-b48b-c28a0e29dbfb|rpc:10.1.0.34:40047|dataStream:|priority:0], old=null
2022-02-08 13:53:17,426 [74cc591c-4d52-479e-aacc-08a66935e120@group-25469F3653D4-LeaderElection34] INFO  impl.LeaderElection (LogUtils.java:infoOrTrace(137)) - 74cc591c-4d52-479e-aacc-08a66935e120@group-25469F3653D4-LeaderElection34 got exception when requesting votes: java.util.concurrent.ExecutionException: org.apache.ratis.thirdparty.io.grpc.StatusRuntimeException: UNAVAILABLE: io exception
2022-02-08 13:53:17,426 [74cc591c-4d52-479e-aacc-08a66935e120@group-25469F3653D4-LeaderElection34] INFO  impl.LeaderElection (LogUtils.java:infoOrTrace(137)) - 74cc591c-4d52-479e-aacc-08a66935e120@group-25469F3653D4-LeaderElection34 got exception when requesting votes: java.util.concurrent.ExecutionException: org.apache.ratis.thirdparty.io.grpc.StatusRuntimeException: UNAVAILABLE: io exception
2022-02-08 13:53:17,426 [74cc591c-4d52-479e-aacc-08a66935e120@group-25469F3653D4-LeaderElection34] INFO  impl.LeaderElection (LeaderElection.java:logAndReturn(89)) - 74cc591c-4d52-479e-aacc-08a66935e120@group-25469F3653D4-LeaderElection34: ELECTION REJECTED received 0 response(s) and 2 exception(s):
2022-02-08 13:53:17,426 [74cc591c-4d52-479e-aacc-08a66935e120@group-25469F3653D4-LeaderElection34] INFO  impl.LeaderElection (LogUtils.java:infoOrTrace(137)) -   Exception 0: java.util.concurrent.ExecutionException: org.apache.ratis.thirdparty.io.grpc.StatusRuntimeException: UNAVAILABLE: io exception
2022-02-08 13:53:17,426 [74cc591c-4d52-479e-aacc-08a66935e120@group-25469F3653D4-LeaderElection34] INFO  impl.LeaderElection (LogUtils.java:infoOrTrace(137)) -   Exception 1: java.util.concurrent.ExecutionException: org.apache.ratis.thirdparty.io.grpc.StatusRuntimeException: UNAVAILABLE: io exception
2022-02-08 13:53:17,427 [74cc591c-4d52-479e-aacc-08a66935e120@group-25469F3653D4-LeaderElection34] INFO  impl.LeaderElection (LeaderElection.java:askForVotes(308)) - 74cc591c-4d52-479e-aacc-08a66935e120@group-25469F3653D4-LeaderElection34 ELECTION round 0: result REJECTED
2022-02-08 13:53:17,427 [74cc591c-4d52-479e-aacc-08a66935e120@group-25469F3653D4-LeaderElection34] INFO  server.RaftServer$Division (RaftServerImpl.java:setRole(290)) - 74cc591c-4d52-479e-aacc-08a66935e120@group-25469F3653D4: changes role from CANDIDATE to FOLLOWER at term 2 for REJECTED
2022-02-08 13:53:17,427 [74cc591c-4d52-479e-aacc-08a66935e120@group-25469F3653D4-LeaderElection34] INFO  impl.RoleInfo (RoleInfo.java:shutdownLeaderElection(121)) - 74cc591c-4d52-479e-aacc-08a66935e120: shutdown 74cc591c-4d52-479e-aacc-08a66935e120@group-25469F3653D4-LeaderElection34
2022-02-08 13:53:17,427 [74cc591c-4d52-479e-aacc-08a66935e120@group-25469F3653D4-LeaderElection34] INFO  impl.RoleInfo (RoleInfo.java:updateAndGet(130)) - 74cc591c-4d52-479e-aacc-08a66935e120: start 74cc591c-4d52-479e-aacc-08a66935e120@group-25469F3653D4-FollowerState
2022-02-08 13:53:18,582 [da611cd8-d6f8-40e9-9825-4d5039a9b9e1@group-99362A9385E5-FollowerState] INFO  impl.FollowerState (FollowerState.java:run(134)) - da611cd8-d6f8-40e9-9825-4d5039a9b9e1@group-99362A9385E5-FollowerState: change to CANDIDATE, lastRpcElapsedTime:5052635486ns, electionTimeout:5043ms
2022-02-08 13:53:18,582 [da611cd8-d6f8-40e9-9825-4d5039a9b9e1@group-99362A9385E5-FollowerState] INFO  impl.RoleInfo (RoleInfo.java:shutdownFollowerState(108)) - da611cd8-d6f8-40e9-9825-4d5039a9b9e1: shutdown da611cd8-d6f8-40e9-9825-4d5039a9b9e1@group-99362A9385E5-FollowerState
2022-02-08 13:53:18,582 [da611cd8-d6f8-40e9-9825-4d5039a9b9e1@group-99362A9385E5-FollowerState] INFO  server.RaftServer$Division (RaftServerImpl.java:setRole(290)) - da611cd8-d6f8-40e9-9825-4d5039a9b9e1@group-99362A9385E5: changes role from  FOLLOWER to CANDIDATE at term 8 for changeToCandidate
2022-02-08 13:53:18,582 [da611cd8-d6f8-40e9-9825-4d5039a9b9e1@group-99362A9385E5-FollowerState] INFO  server.RaftServerConfigKeys (ConfUtils.java:logGet(44)) - raft.server.leaderelection.pre-vote = false (custom)
2022-02-08 13:53:18,582 [da611cd8-d6f8-40e9-9825-4d5039a9b9e1@group-99362A9385E5-FollowerState] INFO  impl.RoleInfo (RoleInfo.java:updateAndGet(130)) - da611cd8-d6f8-40e9-9825-4d5039a9b9e1: start da611cd8-d6f8-40e9-9825-4d5039a9b9e1@group-99362A9385E5-LeaderElection35
2022-02-08 13:53:18,589 [a5053940-3165-42e9-acd7-ef11441d188e@group-99362A9385E5-FollowerState] INFO  impl.FollowerState (FollowerState.java:run(134)) - a5053940-3165-42e9-acd7-ef11441d188e@group-99362A9385E5-FollowerState: change to CANDIDATE, lastRpcElapsedTime:5047012827ns, electionTimeout:5040ms
2022-02-08 13:53:18,589 [a5053940-3165-42e9-acd7-ef11441d188e@group-99362A9385E5-FollowerState] INFO  impl.RoleInfo (RoleInfo.java:shutdownFollowerState(108)) - a5053940-3165-42e9-acd7-ef11441d188e: shutdown a5053940-3165-42e9-acd7-ef11441d188e@group-99362A9385E5-FollowerState
2022-02-08 13:53:18,589 [a5053940-3165-42e9-acd7-ef11441d188e@group-99362A9385E5-FollowerState] INFO  server.RaftServer$Division (RaftServerImpl.java:setRole(290)) - a5053940-3165-42e9-acd7-ef11441d188e@group-99362A9385E5: changes role from  FOLLOWER to CANDIDATE at term 8 for changeToCandidate
2022-02-08 13:53:18,589 [a5053940-3165-42e9-acd7-ef11441d188e@group-99362A9385E5-FollowerState] INFO  server.RaftServerConfigKeys (ConfUtils.java:logGet(44)) - raft.server.leaderelection.pre-vote = false (custom)
2022-02-08 13:53:18,589 [a5053940-3165-42e9-acd7-ef11441d188e@group-99362A9385E5-FollowerState] INFO  impl.RoleInfo (RoleInfo.java:updateAndGet(130)) - a5053940-3165-42e9-acd7-ef11441d188e: start a5053940-3165-42e9-acd7-ef11441d188e@group-99362A9385E5-LeaderElection36
2022-02-08 13:53:18,598 [a5053940-3165-42e9-acd7-ef11441d188e@group-99362A9385E5-LeaderElection36] INFO  impl.LeaderElection (LeaderElection.java:askForVotes(306)) - a5053940-3165-42e9-acd7-ef11441d188e@group-99362A9385E5-LeaderElection36 ELECTION round 0: submit vote requests at term 9 for -1: [da611cd8-d6f8-40e9-9825-4d5039a9b9e1|rpc:10.1.0.34:39351|priority:1, a5053940-3165-42e9-acd7-ef11441d188e|rpc:10.1.0.34:35549|priority:0, f61a4b31-682a-41d1-a434-a20bd71c25fb|rpc:10.1.0.34:43123|priority:0], old=null
2022-02-08 13:53:18,598 [da611cd8-d6f8-40e9-9825-4d5039a9b9e1@group-99362A9385E5-LeaderElection35] INFO  impl.LeaderElection (LeaderElection.java:askForVotes(306)) - da611cd8-d6f8-40e9-9825-4d5039a9b9e1@group-99362A9385E5-LeaderElection35 ELECTION round 0: submit vote requests at term 9 for -1: [da611cd8-d6f8-40e9-9825-4d5039a9b9e1|rpc:10.1.0.34:39351|dataStream:|priority:1, a5053940-3165-42e9-acd7-ef11441d188e|rpc:10.1.0.34:35549|dataStream:|priority:0, f61a4b31-682a-41d1-a434-a20bd71c25fb|rpc:10.1.0.34:43123|dataStream:|priority:0], old=null
2022-02-08 13:53:18,607 [grpc-default-executor-2] INFO  server.RaftServer$Division (RaftServerImpl.java:requestVote(1046)) - da611cd8-d6f8-40e9-9825-4d5039a9b9e1@group-99362A9385E5: receive requestVote(ELECTION, a5053940-3165-42e9-acd7-ef11441d188e, group-99362A9385E5, 9, (t:0, i:0))
2022-02-08 13:53:18,607 [grpc-default-executor-2] INFO  impl.VoteContext (VoteContext.java:log(48)) - da611cd8-d6f8-40e9-9825-4d5039a9b9e1@group-99362A9385E5-CANDIDATE: reject ELECTION from a5053940-3165-42e9-acd7-ef11441d188e: already has voted for da611cd8-d6f8-40e9-9825-4d5039a9b9e1 at current term 9
2022-02-08 13:53:18,607 [grpc-default-executor-2] INFO  server.RaftServer$Division (RaftServerImpl.java:requestVote(1078)) - da611cd8-d6f8-40e9-9825-4d5039a9b9e1@group-99362A9385E5 replies to ELECTION vote request: a5053940-3165-42e9-acd7-ef11441d188e<-da611cd8-d6f8-40e9-9825-4d5039a9b9e1#0:FAIL-t9. Peer's state: da611cd8-d6f8-40e9-9825-4d5039a9b9e1@group-99362A9385E5:t9, leader=null, voted=da611cd8-d6f8-40e9-9825-4d5039a9b9e1, raftlog=da611cd8-d6f8-40e9-9825-4d5039a9b9e1@group-99362A9385E5-SegmentedRaftLog:OPENED:c-1, conf=-1: [da611cd8-d6f8-40e9-9825-4d5039a9b9e1|rpc:10.1.0.34:39351|dataStream:|priority:1, a5053940-3165-42e9-acd7-ef11441d188e|rpc:10.1.0.34:35549|dataStream:|priority:0, f61a4b31-682a-41d1-a434-a20bd71c25fb|rpc:10.1.0.34:43123|dataStream:|priority:0], old=null
2022-02-08 13:53:18,623 [a5053940-3165-42e9-acd7-ef11441d188e@group-99362A9385E5-LeaderElection36] INFO  impl.LeaderElection (LeaderElection.java:logAndReturn(89)) - a5053940-3165-42e9-acd7-ef11441d188e@group-99362A9385E5-LeaderElection36: ELECTION REJECTED received 1 response(s) and 0 exception(s):
2022-02-08 13:53:18,623 [a5053940-3165-42e9-acd7-ef11441d188e@group-99362A9385E5-LeaderElection36] INFO  impl.LeaderElection (LeaderElection.java:logAndReturn(93)) -   Response 0: a5053940-3165-42e9-acd7-ef11441d188e<-da611cd8-d6f8-40e9-9825-4d5039a9b9e1#0:FAIL-t9
2022-02-08 13:53:18,623 [a5053940-3165-42e9-acd7-ef11441d188e@group-99362A9385E5-LeaderElection36] INFO  impl.LeaderElection (LeaderElection.java:askForVotes(308)) - a5053940-3165-42e9-acd7-ef11441d188e@group-99362A9385E5-LeaderElection36 ELECTION round 0: result REJECTED
2022-02-08 13:53:18,623 [a5053940-3165-42e9-acd7-ef11441d188e@group-99362A9385E5-LeaderElection36] INFO  server.RaftServer$Division (RaftServerImpl.java:setRole(290)) - a5053940-3165-42e9-acd7-ef11441d188e@group-99362A9385E5: changes role from CANDIDATE to FOLLOWER at term 9 for REJECTED
2022-02-08 13:53:18,623 [a5053940-3165-42e9-acd7-ef11441d188e@group-99362A9385E5-LeaderElection36] INFO  impl.RoleInfo (RoleInfo.java:shutdownLeaderElection(121)) - a5053940-3165-42e9-acd7-ef11441d188e: shutdown a5053940-3165-42e9-acd7-ef11441d188e@group-99362A9385E5-LeaderElection36
2022-02-08 13:53:18,623 [a5053940-3165-42e9-acd7-ef11441d188e@group-99362A9385E5-LeaderElection36] INFO  impl.RoleInfo (RoleInfo.java:updateAndGet(130)) - a5053940-3165-42e9-acd7-ef11441d188e: start a5053940-3165-42e9-acd7-ef11441d188e@group-99362A9385E5-FollowerState
2022-02-08 13:53:18,628 [grpc-default-executor-2] INFO  server.RaftServer$Division (RaftServerImpl.java:requestVote(1046)) - a5053940-3165-42e9-acd7-ef11441d188e@group-99362A9385E5: receive requestVote(ELECTION, da611cd8-d6f8-40e9-9825-4d5039a9b9e1, group-99362A9385E5, 9, (t:0, i:0))
2022-02-08 13:53:18,628 [grpc-default-executor-2] INFO  impl.VoteContext (VoteContext.java:log(48)) - a5053940-3165-42e9-acd7-ef11441d188e@group-99362A9385E5-FOLLOWER: reject ELECTION from da611cd8-d6f8-40e9-9825-4d5039a9b9e1: already has voted for a5053940-3165-42e9-acd7-ef11441d188e at current term 9
2022-02-08 13:53:18,628 [grpc-default-executor-2] INFO  server.RaftServer$Division (RaftServerImpl.java:requestVote(1078)) - a5053940-3165-42e9-acd7-ef11441d188e@group-99362A9385E5 replies to ELECTION vote request: da611cd8-d6f8-40e9-9825-4d5039a9b9e1<-a5053940-3165-42e9-acd7-ef11441d188e#0:FAIL-t9. Peer's state: a5053940-3165-42e9-acd7-ef11441d188e@group-99362A9385E5:t9, leader=null, voted=a5053940-3165-42e9-acd7-ef11441d188e, raftlog=a5053940-3165-42e9-acd7-ef11441d188e@group-99362A9385E5-SegmentedRaftLog:OPENED:c-1, conf=-1: [da611cd8-d6f8-40e9-9825-4d5039a9b9e1|rpc:10.1.0.34:39351|priority:1, a5053940-3165-42e9-acd7-ef11441d188e|rpc:10.1.0.34:35549|priority:0, f61a4b31-682a-41d1-a434-a20bd71c25fb|rpc:10.1.0.34:43123|priority:0], old=null
2022-02-08 13:53:18,631 [grpc-default-executor-3] INFO  server.RaftServer$Division (RaftServerImpl.java:requestVote(1046)) - f61a4b31-682a-41d1-a434-a20bd71c25fb@group-99362A9385E5: receive requestVote(ELECTION, da611cd8-d6f8-40e9-9825-4d5039a9b9e1, group-99362A9385E5, 9, (t:0, i:0))
2022-02-08 13:53:18,632 [grpc-default-executor-3] INFO  impl.VoteContext (VoteContext.java:log(48)) - f61a4b31-682a-41d1-a434-a20bd71c25fb@group-99362A9385E5-FOLLOWER: accept ELECTION from da611cd8-d6f8-40e9-9825-4d5039a9b9e1: our priority 0 <= candidate's priority 1
2022-02-08 13:53:18,632 [grpc-default-executor-3] INFO  server.RaftServer$Division (RaftServerImpl.java:setRole(290)) - f61a4b31-682a-41d1-a434-a20bd71c25fb@group-99362A9385E5: changes role from  FOLLOWER to FOLLOWER at term 9 for candidate:da611cd8-d6f8-40e9-9825-4d5039a9b9e1
2022-02-08 13:53:18,632 [grpc-default-executor-3] INFO  impl.RoleInfo (RoleInfo.java:shutdownFollowerState(108)) - f61a4b31-682a-41d1-a434-a20bd71c25fb: shutdown f61a4b31-682a-41d1-a434-a20bd71c25fb@group-99362A9385E5-FollowerState
2022-02-08 13:53:18,632 [grpc-default-executor-3] INFO  impl.RoleInfo (RoleInfo.java:updateAndGet(130)) - f61a4b31-682a-41d1-a434-a20bd71c25fb: start f61a4b31-682a-41d1-a434-a20bd71c25fb@group-99362A9385E5-FollowerState
2022-02-08 13:53:18,632 [f61a4b31-682a-41d1-a434-a20bd71c25fb@group-99362A9385E5-FollowerState] INFO  impl.FollowerState (FollowerState.java:run(143)) - f61a4b31-682a-41d1-a434-a20bd71c25fb@group-99362A9385E5-FollowerState was interrupted: {}
java.lang.InterruptedException: sleep interrupted
	at java.lang.Thread.sleep(Native Method)
	at java.lang.Thread.sleep(Thread.java:340)
	at java.util.concurrent.TimeUnit.sleep(TimeUnit.java:386)
	at org.apache.ratis.util.TimeDuration.sleep(TimeDuration.java:324)
	at org.apache.ratis.util.TimeDuration.sleep(TimeDuration.java:309)
	at org.apache.ratis.server.impl.FollowerState.run(FollowerState.java:118)
2022-02-08 13:53:18,654 [grpc-default-executor-2] INFO  server.RaftServer$Division (RaftServerImpl.java:requestVote(1046)) - f61a4b31-682a-41d1-a434-a20bd71c25fb@group-99362A9385E5: receive requestVote(ELECTION, a5053940-3165-42e9-acd7-ef11441d188e, group-99362A9385E5, 9, (t:0, i:0))
2022-02-08 13:53:18,658 [grpc-default-executor-3] INFO  server.RaftServer$Division (RaftServerImpl.java:requestVote(1078)) - f61a4b31-682a-41d1-a434-a20bd71c25fb@group-99362A9385E5 replies to ELECTION vote request: da611cd8-d6f8-40e9-9825-4d5039a9b9e1<-f61a4b31-682a-41d1-a434-a20bd71c25fb#0:OK-t9. Peer's state: f61a4b31-682a-41d1-a434-a20bd71c25fb@group-99362A9385E5:t9, leader=null, voted=da611cd8-d6f8-40e9-9825-4d5039a9b9e1, raftlog=f61a4b31-682a-41d1-a434-a20bd71c25fb@group-99362A9385E5-SegmentedRaftLog:OPENED:c-1, conf=-1: [da611cd8-d6f8-40e9-9825-4d5039a9b9e1|rpc:10.1.0.34:39351|dataStream:|priority:1, a5053940-3165-42e9-acd7-ef11441d188e|rpc:10.1.0.34:35549|dataStream:|priority:0, f61a4b31-682a-41d1-a434-a20bd71c25fb|rpc:10.1.0.34:43123|dataStream:|priority:0], old=null
2022-02-08 13:53:18,658 [grpc-default-executor-2] INFO  impl.VoteContext (VoteContext.java:log(48)) - f61a4b31-682a-41d1-a434-a20bd71c25fb@group-99362A9385E5-FOLLOWER: reject ELECTION from a5053940-3165-42e9-acd7-ef11441d188e: already has voted for da611cd8-d6f8-40e9-9825-4d5039a9b9e1 at current term 9
2022-02-08 13:53:18,658 [grpc-default-executor-2] INFO  server.RaftServer$Division (RaftServerImpl.java:requestVote(1078)) - f61a4b31-682a-41d1-a434-a20bd71c25fb@group-99362A9385E5 replies to ELECTION vote request: a5053940-3165-42e9-acd7-ef11441d188e<-f61a4b31-682a-41d1-a434-a20bd71c25fb#0:FAIL-t9. Peer's state: f61a4b31-682a-41d1-a434-a20bd71c25fb@group-99362A9385E5:t9, leader=null, voted=da611cd8-d6f8-40e9-9825-4d5039a9b9e1, raftlog=f61a4b31-682a-41d1-a434-a20bd71c25fb@group-99362A9385E5-SegmentedRaftLog:OPENED:c-1, conf=-1: [da611cd8-d6f8-40e9-9825-4d5039a9b9e1|rpc:10.1.0.34:39351|dataStream:|priority:1, a5053940-3165-42e9-acd7-ef11441d188e|rpc:10.1.0.34:35549|dataStream:|priority:0, f61a4b31-682a-41d1-a434-a20bd71c25fb|rpc:10.1.0.34:43123|dataStream:|priority:0], old=null
2022-02-08 13:53:18,659 [da611cd8-d6f8-40e9-9825-4d5039a9b9e1@group-99362A9385E5-LeaderElection35] INFO  impl.LeaderElection (LeaderElection.java:logAndReturn(89)) - da611cd8-d6f8-40e9-9825-4d5039a9b9e1@group-99362A9385E5-LeaderElection35: ELECTION PASSED received 2 response(s) and 0 exception(s):
2022-02-08 13:53:18,659 [da611cd8-d6f8-40e9-9825-4d5039a9b9e1@group-99362A9385E5-LeaderElection35] INFO  impl.LeaderElection (LeaderElection.java:logAndReturn(93)) -   Response 0: da611cd8-d6f8-40e9-9825-4d5039a9b9e1<-a5053940-3165-42e9-acd7-ef11441d188e#0:FAIL-t9
2022-02-08 13:53:18,659 [da611cd8-d6f8-40e9-9825-4d5039a9b9e1@group-99362A9385E5-LeaderElection35] INFO  impl.LeaderElection (LeaderElection.java:logAndReturn(93)) -   Response 1: da611cd8-d6f8-40e9-9825-4d5039a9b9e1<-f61a4b31-682a-41d1-a434-a20bd71c25fb#0:OK-t9
2022-02-08 13:53:18,659 [da611cd8-d6f8-40e9-9825-4d5039a9b9e1@group-99362A9385E5-LeaderElection35] INFO  impl.LeaderElection (LeaderElection.java:askForVotes(308)) - da611cd8-d6f8-40e9-9825-4d5039a9b9e1@group-99362A9385E5-LeaderElection35 ELECTION round 0: result PASSED
2022-02-08 13:53:18,659 [da611cd8-d6f8-40e9-9825-4d5039a9b9e1@group-99362A9385E5-LeaderElection35] INFO  impl.RoleInfo (RoleInfo.java:shutdownLeaderElection(121)) - da611cd8-d6f8-40e9-9825-4d5039a9b9e1: shutdown da611cd8-d6f8-40e9-9825-4d5039a9b9e1@group-99362A9385E5-LeaderElection35
2022-02-08 13:53:18,659 [da611cd8-d6f8-40e9-9825-4d5039a9b9e1@group-99362A9385E5-LeaderElection35] INFO  server.RaftServer$Division (RaftServerImpl.java:setRole(290)) - da611cd8-d6f8-40e9-9825-4d5039a9b9e1@group-99362A9385E5: changes role from CANDIDATE to LEADER at term 9 for changeToLeader
2022-02-08 13:53:18,659 [da611cd8-d6f8-40e9-9825-4d5039a9b9e1@group-99362A9385E5-LeaderElection35] INFO  ratis.XceiverServerRatis (XceiverServerRatis.java:handleLeaderChangedNotification(866)) - Leader change notification received for group: group-99362A9385E5 with new leaderId: da611cd8-d6f8-40e9-9825-4d5039a9b9e1
2022-02-08 13:53:18,660 [da611cd8-d6f8-40e9-9825-4d5039a9b9e1@group-99362A9385E5-LeaderElection35] INFO  server.RaftServer$Division (ServerState.java:setLeader(285)) - da611cd8-d6f8-40e9-9825-4d5039a9b9e1@group-99362A9385E5: change Leader from null to da611cd8-d6f8-40e9-9825-4d5039a9b9e1 at term 9 for becomeLeader, leader elected after 45660ms
2022-02-08 13:53:18,660 [da611cd8-d6f8-40e9-9825-4d5039a9b9e1@group-99362A9385E5-LeaderElection35] INFO  server.RaftServerConfigKeys (ConfUtils.java:logGet(44)) - raft.server.staging.catchup.gap = 1000 (default)
2022-02-08 13:53:18,660 [da611cd8-d6f8-40e9-9825-4d5039a9b9e1@group-99362A9385E5-LeaderElection35] INFO  server.RaftServerConfigKeys (ConfUtils.java:logGet(44)) - raft.server.write.element-limit = 1024 (custom)
2022-02-08 13:53:18,660 [da611cd8-d6f8-40e9-9825-4d5039a9b9e1@group-99362A9385E5-LeaderElection35] INFO  server.RaftServerConfigKeys (ConfUtils.java:logGet(44)) - raft.server.write.byte-limit = 1024 M (=1073741824) (custom)
2022-02-08 13:53:18,660 [da611cd8-d6f8-40e9-9825-4d5039a9b9e1@group-99362A9385E5-LeaderElection35] INFO  server.RaftServerConfigKeys (ConfUtils.java:logGet(44)) - raft.server.watch.timeout = 3000ms (custom)
2022-02-08 13:53:18,660 [da611cd8-d6f8-40e9-9825-4d5039a9b9e1@group-99362A9385E5-LeaderElection35] INFO  server.RaftServerConfigKeys (ConfUtils.java:logGet(44)) - raft.server.watch.timeout.denomination = 1s (default)
2022-02-08 13:53:18,660 [da611cd8-d6f8-40e9-9825-4d5039a9b9e1@group-99362A9385E5-LeaderElection35] INFO  server.RaftServerConfigKeys (ConfUtils.java:logGet(44)) - raft.server.watch.element-limit = 65536 (default)
2022-02-08 13:53:18,660 [da611cd8-d6f8-40e9-9825-4d5039a9b9e1@group-99362A9385E5-LeaderElection35] INFO  server.RaftServerConfigKeys (ConfUtils.java:logGet(44)) - raft.server.write.element-limit = 1024 (custom)
2022-02-08 13:53:18,660 [da611cd8-d6f8-40e9-9825-4d5039a9b9e1@group-99362A9385E5-LeaderElection35] INFO  server.RaftServerConfigKeys (ConfUtils.java:logGet(44)) - raft.server.write.follower.gap.ratio.max = -1.0 (default)
2022-02-08 13:53:18,661 [da611cd8-d6f8-40e9-9825-4d5039a9b9e1@group-99362A9385E5-LeaderElection35] INFO  server.RaftServerConfigKeys (ConfUtils.java:logGet(44)) - raft.server.log.appender.snapshot.chunk.size.max = 16MB (=16777216) (default)
2022-02-08 13:53:18,661 [da611cd8-d6f8-40e9-9825-4d5039a9b9e1@group-99362A9385E5-LeaderElection35] INFO  server.RaftServerConfigKeys (ConfUtils.java:logGet(44)) - raft.server.log.appender.buffer.byte-limit = 33554432 (custom)
2022-02-08 13:53:18,661 [da611cd8-d6f8-40e9-9825-4d5039a9b9e1@group-99362A9385E5-LeaderElection35] INFO  server.RaftServerConfigKeys (ConfUtils.java:logGet(44)) - raft.server.log.appender.buffer.element-limit = 1 (custom)
2022-02-08 13:53:18,661 [da611cd8-d6f8-40e9-9825-4d5039a9b9e1@group-99362A9385E5-LeaderElection35] INFO  grpc.GrpcConfigKeys (ConfUtils.java:logGet(44)) - raft.grpc.server.leader.outstanding.appends.max = 128 (default)
2022-02-08 13:53:18,661 [da611cd8-d6f8-40e9-9825-4d5039a9b9e1@group-99362A9385E5-LeaderElection35] INFO  server.RaftServerConfigKeys (ConfUtils.java:logGet(44)) - raft.server.rpc.request.timeout = 3000ms (default)
2022-02-08 13:53:18,661 [da611cd8-d6f8-40e9-9825-4d5039a9b9e1@group-99362A9385E5-LeaderElection35] INFO  server.RaftServerConfigKeys (ConfUtils.java:logGet(44)) - raft.server.log.appender.install.snapshot.enabled = false (custom)
2022-02-08 13:53:18,663 [da611cd8-d6f8-40e9-9825-4d5039a9b9e1@group-99362A9385E5-LeaderElection35] INFO  server.RaftServerConfigKeys (ConfUtils.java:logGet(44)) - raft.server.log.appender.snapshot.chunk.size.max = 16MB (=16777216) (default)
2022-02-08 13:53:18,665 [da611cd8-d6f8-40e9-9825-4d5039a9b9e1@group-99362A9385E5-LeaderElection35] INFO  server.RaftServerConfigKeys (ConfUtils.java:logGet(44)) - raft.server.log.appender.buffer.byte-limit = 33554432 (custom)
2022-02-08 13:53:18,666 [da611cd8-d6f8-40e9-9825-4d5039a9b9e1@group-99362A9385E5-LeaderElection35] INFO  server.RaftServerConfigKeys (ConfUtils.java:logGet(44)) - raft.server.log.appender.buffer.element-limit = 1 (custom)
2022-02-08 13:53:18,666 [da611cd8-d6f8-40e9-9825-4d5039a9b9e1@group-99362A9385E5-LeaderElection35] INFO  grpc.GrpcConfigKeys (ConfUtils.java:logGet(44)) - raft.grpc.server.leader.outstanding.appends.max = 128 (default)
2022-02-08 13:53:18,666 [da611cd8-d6f8-40e9-9825-4d5039a9b9e1@group-99362A9385E5-LeaderElection35] INFO  server.RaftServerConfigKeys (ConfUtils.java:logGet(44)) - raft.server.rpc.request.timeout = 3000ms (default)
2022-02-08 13:53:18,666 [da611cd8-d6f8-40e9-9825-4d5039a9b9e1@group-99362A9385E5-LeaderElection35] INFO  server.RaftServerConfigKeys (ConfUtils.java:logGet(44)) - raft.server.log.appender.install.snapshot.enabled = false (custom)
2022-02-08 13:53:18,667 [da611cd8-d6f8-40e9-9825-4d5039a9b9e1@group-99362A9385E5-LeaderElection35] INFO  impl.RoleInfo (RoleInfo.java:updateAndGet(130)) - da611cd8-d6f8-40e9-9825-4d5039a9b9e1: start da611cd8-d6f8-40e9-9825-4d5039a9b9e1@group-99362A9385E5-LeaderStateImpl
2022-02-08 13:53:18,673 [da611cd8-d6f8-40e9-9825-4d5039a9b9e1@group-99362A9385E5-LeaderElection35] INFO  segmented.SegmentedRaftLogWorker (SegmentedRaftLogWorker.java:startLogSegment(394)) - da611cd8-d6f8-40e9-9825-4d5039a9b9e1@group-99362A9385E5-SegmentedRaftLogWorker: Starting segment from index:0
2022-02-08 13:53:18,674 [da611cd8-d6f8-40e9-9825-4d5039a9b9e1@group-99362A9385E5-SegmentedRaftLogWorker] INFO  segmented.SegmentedRaftLogWorker (SegmentedRaftLogWorker.java:execute(601)) - da611cd8-d6f8-40e9-9825-4d5039a9b9e1@group-99362A9385E5-SegmentedRaftLogWorker: created new log segment /home/runner/work/ozone/ozone/hadoop-ozone/integration-test/target/test-dir/MiniOzoneClusterImpl-44b62ea4-a9d0-4540-a736-82fb29945a00/datanode-4/data/ratis/5b69d1c0-01d2-451e-b624-99362a9385e5/current/log_inprogress_0
2022-02-08 13:53:18,681 [grpc-default-executor-2] INFO  ratis.XceiverServerRatis (XceiverServerRatis.java:handleLeaderChangedNotification(866)) - Leader change notification received for group: group-99362A9385E5 with new leaderId: da611cd8-d6f8-40e9-9825-4d5039a9b9e1
2022-02-08 13:53:18,681 [grpc-default-executor-2] INFO  server.RaftServer$Division (ServerState.java:setLeader(285)) - f61a4b31-682a-41d1-a434-a20bd71c25fb@group-99362A9385E5: change Leader from null to da611cd8-d6f8-40e9-9825-4d5039a9b9e1 at term 9 for appendEntries, leader elected after 45595ms
2022-02-08 13:53:18,692 [da611cd8-d6f8-40e9-9825-4d5039a9b9e1@group-99362A9385E5-LeaderElection35] INFO  server.RaftServer$Division (ServerState.java:setRaftConf(387)) - da611cd8-d6f8-40e9-9825-4d5039a9b9e1@group-99362A9385E5: set configuration 0: [da611cd8-d6f8-40e9-9825-4d5039a9b9e1|rpc:10.1.0.34:39351|dataStream:|priority:1, a5053940-3165-42e9-acd7-ef11441d188e|rpc:10.1.0.34:35549|dataStream:|priority:0, f61a4b31-682a-41d1-a434-a20bd71c25fb|rpc:10.1.0.34:43123|dataStream:|priority:0], old=null
2022-02-08 13:53:18,702 [grpc-default-executor-2] INFO  server.RaftServer$Division (ServerState.java:setRaftConf(387)) - f61a4b31-682a-41d1-a434-a20bd71c25fb@group-99362A9385E5: set configuration 0: [da611cd8-d6f8-40e9-9825-4d5039a9b9e1|rpc:10.1.0.34:39351|dataStream:|priority:1, a5053940-3165-42e9-acd7-ef11441d188e|rpc:10.1.0.34:35549|dataStream:|priority:0, f61a4b31-682a-41d1-a434-a20bd71c25fb|rpc:10.1.0.34:43123|dataStream:|priority:0], old=null
2022-02-08 13:53:18,703 [grpc-default-executor-2] INFO  segmented.SegmentedRaftLogWorker (SegmentedRaftLogWorker.java:startLogSegment(394)) - f61a4b31-682a-41d1-a434-a20bd71c25fb@group-99362A9385E5-SegmentedRaftLogWorker: Starting segment from index:0
2022-02-08 13:53:18,705 [grpc-default-executor-3] INFO  ratis.XceiverServerRatis (XceiverServerRatis.java:handleLeaderChangedNotification(866)) - Leader change notification received for group: group-99362A9385E5 with new leaderId: da611cd8-d6f8-40e9-9825-4d5039a9b9e1
2022-02-08 13:53:18,705 [grpc-default-executor-3] INFO  server.RaftServer$Division (ServerState.java:setLeader(285)) - a5053940-3165-42e9-acd7-ef11441d188e@group-99362A9385E5: change Leader from null to da611cd8-d6f8-40e9-9825-4d5039a9b9e1 at term 9 for appendEntries, leader elected after 45866ms
2022-02-08 13:53:18,705 [f61a4b31-682a-41d1-a434-a20bd71c25fb@group-99362A9385E5-SegmentedRaftLogWorker] INFO  segmented.SegmentedRaftLogWorker (SegmentedRaftLogWorker.java:execute(601)) - f61a4b31-682a-41d1-a434-a20bd71c25fb@group-99362A9385E5-SegmentedRaftLogWorker: created new log segment /home/runner/work/ozone/ozone/hadoop-ozone/integration-test/target/test-dir/MiniOzoneClusterImpl-44b62ea4-a9d0-4540-a736-82fb29945a00/datanode-5/data/ratis/5b69d1c0-01d2-451e-b624-99362a9385e5/current/log_inprogress_0
2022-02-08 13:53:18,710 [grpc-default-executor-3] INFO  server.RaftServer$Division (ServerState.java:setRaftConf(387)) - a5053940-3165-42e9-acd7-ef11441d188e@group-99362A9385E5: set configuration 0: [da611cd8-d6f8-40e9-9825-4d5039a9b9e1|rpc:10.1.0.34:39351|dataStream:|priority:1, a5053940-3165-42e9-acd7-ef11441d188e|rpc:10.1.0.34:35549|dataStream:|priority:0, f61a4b31-682a-41d1-a434-a20bd71c25fb|rpc:10.1.0.34:43123|dataStream:|priority:0], old=null
2022-02-08 13:53:18,710 [grpc-default-executor-3] INFO  segmented.SegmentedRaftLogWorker (SegmentedRaftLogWorker.java:startLogSegment(394)) - a5053940-3165-42e9-acd7-ef11441d188e@group-99362A9385E5-SegmentedRaftLogWorker: Starting segment from index:0
2022-02-08 13:53:18,712 [a5053940-3165-42e9-acd7-ef11441d188e@group-99362A9385E5-SegmentedRaftLogWorker] INFO  segmented.SegmentedRaftLogWorker (SegmentedRaftLogWorker.java:execute(601)) - a5053940-3165-42e9-acd7-ef11441d188e@group-99362A9385E5-SegmentedRaftLogWorker: created new log segment /home/runner/work/ozone/ozone/hadoop-ozone/integration-test/target/test-dir/MiniOzoneClusterImpl-44b62ea4-a9d0-4540-a736-82fb29945a00/datanode-3/data/ratis/5b69d1c0-01d2-451e-b624-99362a9385e5/current/log_inprogress_0
2022-02-08 13:53:18,981 [ForkJoinPool.commonPool-worker-1] INFO  ozoneimpl.OzoneContainer (OzoneContainer.java:stop(336)) - Attempting to stop container services.
2022-02-08 13:53:18,981 [Listener at 127.0.0.1/36213] INFO  ozoneimpl.OzoneContainer (OzoneContainer.java:stop(336)) - Attempting to stop container services.
2022-02-08 13:53:18,982 [ForkJoinPool.commonPool-worker-1] INFO  server.RaftServer (RaftServerProxy.java:lambda$close$6(391)) - a5053940-3165-42e9-acd7-ef11441d188e: close
2022-02-08 13:53:18,982 [ForkJoinPool.commonPool-worker-1] INFO  server.RaftServer$Division (RaftServerImpl.java:lambda$close$4(412)) - a5053940-3165-42e9-acd7-ef11441d188e@group-99362A9385E5: shutdown
2022-02-08 13:53:18,982 [ForkJoinPool.commonPool-worker-1] INFO  util.JmxRegister (JmxRegister.java:unregister(73)) - Successfully un-registered JMX Bean with object name Ratis:service=RaftServer,group=group-99362A9385E5,id=a5053940-3165-42e9-acd7-ef11441d188e
2022-02-08 13:53:18,982 [ForkJoinPool.commonPool-worker-1] INFO  impl.RoleInfo (RoleInfo.java:shutdownFollowerState(108)) - a5053940-3165-42e9-acd7-ef11441d188e: shutdown a5053940-3165-42e9-acd7-ef11441d188e@group-99362A9385E5-FollowerState
2022-02-08 13:53:18,982 [ForkJoinPool.commonPool-worker-1] INFO  impl.StateMachineUpdater (StateMachineUpdater.java:stopAndJoin(149)) - a5053940-3165-42e9-acd7-ef11441d188e@group-99362A9385E5-StateMachineUpdater: set stopIndex = 0
2022-02-08 13:53:18,982 [a5053940-3165-42e9-acd7-ef11441d188e@group-99362A9385E5-FollowerState] INFO  impl.FollowerState (FollowerState.java:run(143)) - a5053940-3165-42e9-acd7-ef11441d188e@group-99362A9385E5-FollowerState was interrupted: {}
java.lang.InterruptedException: sleep interrupted
	at java.lang.Thread.sleep(Native Method)
	at java.lang.Thread.sleep(Thread.java:340)
	at java.util.concurrent.TimeUnit.sleep(TimeUnit.java:386)
	at org.apache.ratis.util.TimeDuration.sleep(TimeDuration.java:324)
	at org.apache.ratis.util.TimeDuration.sleep(TimeDuration.java:309)
	at org.apache.ratis.server.impl.FollowerState.run(FollowerState.java:118)
2022-02-08 13:53:18,983 [Listener at 127.0.0.1/36213] INFO  server.RaftServer (RaftServerProxy.java:lambda$close$6(391)) - da611cd8-d6f8-40e9-9825-4d5039a9b9e1: close
2022-02-08 13:53:18,983 [Listener at 127.0.0.1/36213] INFO  server.RaftServer$Division (RaftServerImpl.java:lambda$close$4(412)) - da611cd8-d6f8-40e9-9825-4d5039a9b9e1@group-99362A9385E5: shutdown
2022-02-08 13:53:18,983 [Listener at 127.0.0.1/36213] INFO  util.JmxRegister (JmxRegister.java:unregister(73)) - Successfully un-registered JMX Bean with object name Ratis:service=RaftServer,group=group-99362A9385E5,id=da611cd8-d6f8-40e9-9825-4d5039a9b9e1
2022-02-08 13:53:18,983 [Listener at 127.0.0.1/36213] INFO  impl.RoleInfo (RoleInfo.java:shutdownLeaderState(91)) - da611cd8-d6f8-40e9-9825-4d5039a9b9e1: shutdown da611cd8-d6f8-40e9-9825-4d5039a9b9e1@group-99362A9385E5-LeaderStateImpl
2022-02-08 13:53:18,983 [da611cd8-d6f8-40e9-9825-4d5039a9b9e1@group-99362A9385E5->a5053940-3165-42e9-acd7-ef11441d188e-GrpcLogAppender-LogAppenderDaemon] WARN  server.GrpcLogAppender (GrpcLogAppender.java:mayWait(177)) - da611cd8-d6f8-40e9-9825-4d5039a9b9e1@group-99362A9385E5->a5053940-3165-42e9-acd7-ef11441d188e-GrpcLogAppender: Wait interrupted by java.lang.InterruptedException
2022-02-08 13:53:18,983 [da611cd8-d6f8-40e9-9825-4d5039a9b9e1@group-99362A9385E5->f61a4b31-682a-41d1-a434-a20bd71c25fb-GrpcLogAppender-LogAppenderDaemon] WARN  server.GrpcLogAppender (GrpcLogAppender.java:mayWait(177)) - da611cd8-d6f8-40e9-9825-4d5039a9b9e1@group-99362A9385E5->f61a4b31-682a-41d1-a434-a20bd71c25fb-GrpcLogAppender: Wait interrupted by java.lang.InterruptedException
2022-02-08 13:53:18,983 [a5053940-3165-42e9-acd7-ef11441d188e@group-99362A9385E5-StateMachineUpdater] INFO  ratis.ContainerStateMachine (ContainerStateMachine.java:takeSnapshot(299)) - group-99362A9385E5: Taking a snapshot at:(t:9, i:0) file /home/runner/work/ozone/ozone/hadoop-ozone/integration-test/target/test-dir/MiniOzoneClusterImpl-44b62ea4-a9d0-4540-a736-82fb29945a00/datanode-3/data/ratis/5b69d1c0-01d2-451e-b624-99362a9385e5/sm/snapshot.9_0
2022-02-08 13:53:18,983 [Listener at 127.0.0.1/36213] INFO  impl.PendingRequests (PendingRequests.java:sendNotLeaderResponses(282)) - da611cd8-d6f8-40e9-9825-4d5039a9b9e1@group-99362A9385E5-PendingRequests: sendNotLeaderResponses
2022-02-08 13:53:18,985 [grpc-default-executor-2] INFO  server.GrpcServerProtocolService (GrpcServerProtocolService.java:onCompleted(140)) - a5053940-3165-42e9-acd7-ef11441d188e: Completed APPEND_ENTRIES, lastRequest: da611cd8-d6f8-40e9-9825-4d5039a9b9e1->a5053940-3165-42e9-acd7-ef11441d188e#1-t9,previous=(t:0, i:0),leaderCommit=0,initializing? true,entries: size=1, first=(t:9, i:0), CONFIGURATIONENTRY
2022-02-08 13:53:18,985 [grpc-default-executor-3] INFO  server.GrpcServerProtocolService (GrpcServerProtocolService.java:onCompleted(140)) - f61a4b31-682a-41d1-a434-a20bd71c25fb: Completed APPEND_ENTRIES, lastRequest: da611cd8-d6f8-40e9-9825-4d5039a9b9e1->f61a4b31-682a-41d1-a434-a20bd71c25fb#1-t9,previous=(t:0, i:0),leaderCommit=-1,initializing? true,entries: size=1, first=(t:9, i:0), CONFIGURATIONENTRY
2022-02-08 13:53:18,985 [a5053940-3165-42e9-acd7-ef11441d188e@group-99362A9385E5-StateMachineUpdater] INFO  ratis.ContainerStateMachine (ContainerStateMachine.java:takeSnapshot(310)) - group-99362A9385E5: Finished taking a snapshot at:(t:9, i:0) file:/home/runner/work/ozone/ozone/hadoop-ozone/integration-test/target/test-dir/MiniOzoneClusterImpl-44b62ea4-a9d0-4540-a736-82fb29945a00/datanode-3/data/ratis/5b69d1c0-01d2-451e-b624-99362a9385e5/sm/snapshot.9_0 took: 2 ms
2022-02-08 13:53:18,986 [a5053940-3165-42e9-acd7-ef11441d188e@group-99362A9385E5-StateMachineUpdater] INFO  impl.StateMachineUpdater (StateMachineUpdater.java:takeSnapshot(281)) - a5053940-3165-42e9-acd7-ef11441d188e@group-99362A9385E5-StateMachineUpdater: Took a snapshot at index 0
2022-02-08 13:53:18,986 [a5053940-3165-42e9-acd7-ef11441d188e@group-99362A9385E5-StateMachineUpdater] INFO  impl.StateMachineUpdater (StateMachineUpdater.java:lambda$new$0(89)) - a5053940-3165-42e9-acd7-ef11441d188e@group-99362A9385E5-StateMachineUpdater: snapshotIndex: updateIncreasingly -1 -> 0
2022-02-08 13:53:18,986 [Listener at 127.0.0.1/36213] INFO  impl.StateMachineUpdater (StateMachineUpdater.java:stopAndJoin(149)) - da611cd8-d6f8-40e9-9825-4d5039a9b9e1@group-99362A9385E5-StateMachineUpdater: set stopIndex = 0
2022-02-08 13:53:18,986 [da611cd8-d6f8-40e9-9825-4d5039a9b9e1@group-99362A9385E5-StateMachineUpdater] INFO  ratis.ContainerStateMachine (ContainerStateMachine.java:takeSnapshot(299)) - group-99362A9385E5: Taking a snapshot at:(t:9, i:0) file /home/runner/work/ozone/ozone/hadoop-ozone/integration-test/target/test-dir/MiniOzoneClusterImpl-44b62ea4-a9d0-4540-a736-82fb29945a00/datanode-4/data/ratis/5b69d1c0-01d2-451e-b624-99362a9385e5/sm/snapshot.9_0
2022-02-08 13:53:18,987 [ForkJoinPool.commonPool-worker-1] INFO  server.RaftServer$Division (ServerState.java:close(419)) - a5053940-3165-42e9-acd7-ef11441d188e@group-99362A9385E5: closes. applyIndex: 0
2022-02-08 13:53:18,987 [a5053940-3165-42e9-acd7-ef11441d188e@group-99362A9385E5-SegmentedRaftLogWorker] INFO  segmented.SegmentedRaftLogWorker (SegmentedRaftLogWorker.java:run(327)) - a5053940-3165-42e9-acd7-ef11441d188e@group-99362A9385E5-SegmentedRaftLogWorker was interrupted, exiting. There are 0 tasks remaining in the queue.
2022-02-08 13:53:18,987 [da611cd8-d6f8-40e9-9825-4d5039a9b9e1@group-99362A9385E5-StateMachineUpdater] INFO  ratis.ContainerStateMachine (ContainerStateMachine.java:takeSnapshot(310)) - group-99362A9385E5: Finished taking a snapshot at:(t:9, i:0) file:/home/runner/work/ozone/ozone/hadoop-ozone/integration-test/target/test-dir/MiniOzoneClusterImpl-44b62ea4-a9d0-4540-a736-82fb29945a00/datanode-4/data/ratis/5b69d1c0-01d2-451e-b624-99362a9385e5/sm/snapshot.9_0 took: 0 ms
2022-02-08 13:53:18,988 [da611cd8-d6f8-40e9-9825-4d5039a9b9e1@group-99362A9385E5-StateMachineUpdater] INFO  impl.StateMachineUpdater (StateMachineUpdater.java:takeSnapshot(281)) - da611cd8-d6f8-40e9-9825-4d5039a9b9e1@group-99362A9385E5-StateMachineUpdater: Took a snapshot at index 0
2022-02-08 13:53:18,988 [da611cd8-d6f8-40e9-9825-4d5039a9b9e1@group-99362A9385E5-StateMachineUpdater] INFO  impl.StateMachineUpdater (StateMachineUpdater.java:lambda$new$0(89)) - da611cd8-d6f8-40e9-9825-4d5039a9b9e1@group-99362A9385E5-StateMachineUpdater: snapshotIndex: updateIncreasingly -1 -> 0
2022-02-08 13:53:18,989 [Listener at 127.0.0.1/36213] INFO  server.RaftServer$Division (ServerState.java:close(419)) - da611cd8-d6f8-40e9-9825-4d5039a9b9e1@group-99362A9385E5: closes. applyIndex: 0
2022-02-08 13:53:18,988 [grpc-default-executor-3] INFO  server.GrpcLogAppender (GrpcLogAppender.java:onCompleted(346)) - da611cd8-d6f8-40e9-9825-4d5039a9b9e1@group-99362A9385E5->a5053940-3165-42e9-acd7-ef11441d188e-AppendLogResponseHandler: follower responses appendEntries COMPLETED
2022-02-08 13:53:18,989 [grpc-default-executor-3] INFO  leader.FollowerInfo (FollowerInfoImpl.java:lambda$new$0(47)) - da611cd8-d6f8-40e9-9825-4d5039a9b9e1@group-99362A9385E5->a5053940-3165-42e9-acd7-ef11441d188e: nextIndex: updateUnconditionally 1 -> 0
2022-02-08 13:53:18,990 [da611cd8-d6f8-40e9-9825-4d5039a9b9e1@group-99362A9385E5-SegmentedRaftLogWorker] INFO  segmented.SegmentedRaftLogWorker (SegmentedRaftLogWorker.java:run(327)) - da611cd8-d6f8-40e9-9825-4d5039a9b9e1@group-99362A9385E5-SegmentedRaftLogWorker was interrupted, exiting. There are 0 tasks remaining in the queue.
2022-02-08 13:53:18,989 [grpc-default-executor-2] INFO  server.GrpcLogAppender (GrpcLogAppender.java:onCompleted(346)) - da611cd8-d6f8-40e9-9825-4d5039a9b9e1@group-99362A9385E5->f61a4b31-682a-41d1-a434-a20bd71c25fb-AppendLogResponseHandler: follower responses appendEntries COMPLETED
2022-02-08 13:53:18,989 [ForkJoinPool.commonPool-worker-1] INFO  segmented.SegmentedRaftLogWorker (SegmentedRaftLogWorker.java:close(237)) - a5053940-3165-42e9-acd7-ef11441d188e@group-99362A9385E5-SegmentedRaftLogWorker close()
2022-02-08 13:53:18,994 [grpc-default-executor-2] INFO  leader.FollowerInfo (FollowerInfoImpl.java:lambda$new$0(47)) - da611cd8-d6f8-40e9-9825-4d5039a9b9e1@group-99362A9385E5->f61a4b31-682a-41d1-a434-a20bd71c25fb: nextIndex: updateUnconditionally 1 -> 0
2022-02-08 13:53:18,994 [Listener at 127.0.0.1/36213] INFO  segmented.SegmentedRaftLogWorker (SegmentedRaftLogWorker.java:close(237)) - da611cd8-d6f8-40e9-9825-4d5039a9b9e1@group-99362A9385E5-SegmentedRaftLogWorker close()
2022-02-08 13:53:18,996 [Listener at 127.0.0.1/36213] INFO  server.RaftServer$Division (RaftServerImpl.java:lambda$close$4(412)) - da611cd8-d6f8-40e9-9825-4d5039a9b9e1@group-05807F1AFB9A: shutdown
2022-02-08 13:53:18,996 [Listener at 127.0.0.1/36213] INFO  util.JmxRegister (JmxRegister.java:unregister(73)) - Successfully un-registered JMX Bean with object name Ratis:service=RaftServer,group=group-05807F1AFB9A,id=da611cd8-d6f8-40e9-9825-4d5039a9b9e1
2022-02-08 13:53:18,996 [Listener at 127.0.0.1/36213] INFO  impl.RoleInfo (RoleInfo.java:shutdownLeaderState(91)) - da611cd8-d6f8-40e9-9825-4d5039a9b9e1: shutdown da611cd8-d6f8-40e9-9825-4d5039a9b9e1@group-05807F1AFB9A-LeaderStateImpl
2022-02-08 13:53:18,997 [Listener at 127.0.0.1/36213] INFO  impl.PendingRequests (PendingRequests.java:sendNotLeaderResponses(282)) - da611cd8-d6f8-40e9-9825-4d5039a9b9e1@group-05807F1AFB9A-PendingRequests: sendNotLeaderResponses
2022-02-08 13:53:18,998 [da611cd8-d6f8-40e9-9825-4d5039a9b9e1@group-05807F1AFB9A-StateMachineUpdater] INFO  ratis.ContainerStateMachine (ContainerStateMachine.java:takeSnapshot(299)) - group-05807F1AFB9A: Taking a snapshot at:(t:1, i:0) file /home/runner/work/ozone/ozone/hadoop-ozone/integration-test/target/test-dir/MiniOzoneClusterImpl-44b62ea4-a9d0-4540-a736-82fb29945a00/datanode-4/data/ratis/2dd21e55-0995-494b-87e3-05807f1afb9a/sm/snapshot.1_0
2022-02-08 13:53:18,998 [Listener at 127.0.0.1/36213] INFO  impl.StateMachineUpdater (StateMachineUpdater.java:stopAndJoin(149)) - da611cd8-d6f8-40e9-9825-4d5039a9b9e1@group-05807F1AFB9A-StateMachineUpdater: set stopIndex = 0
2022-02-08 13:53:19,000 [da611cd8-d6f8-40e9-9825-4d5039a9b9e1@group-05807F1AFB9A-StateMachineUpdater] INFO  ratis.ContainerStateMachine (ContainerStateMachine.java:takeSnapshot(310)) - group-05807F1AFB9A: Finished taking a snapshot at:(t:1, i:0) file:/home/runner/work/ozone/ozone/hadoop-ozone/integration-test/target/test-dir/MiniOzoneClusterImpl-44b62ea4-a9d0-4540-a736-82fb29945a00/datanode-4/data/ratis/2dd21e55-0995-494b-87e3-05807f1afb9a/sm/snapshot.1_0 took: 2 ms
2022-02-08 13:53:19,000 [da611cd8-d6f8-40e9-9825-4d5039a9b9e1@group-05807F1AFB9A-StateMachineUpdater] INFO  impl.StateMachineUpdater (StateMachineUpdater.java:takeSnapshot(281)) - da611cd8-d6f8-40e9-9825-4d5039a9b9e1@group-05807F1AFB9A-StateMachineUpdater: Took a snapshot at index 0
2022-02-08 13:53:19,000 [da611cd8-d6f8-40e9-9825-4d5039a9b9e1@group-05807F1AFB9A-StateMachineUpdater] INFO  impl.StateMachineUpdater (StateMachineUpdater.java:lambda$new$0(89)) - da611cd8-d6f8-40e9-9825-4d5039a9b9e1@group-05807F1AFB9A-StateMachineUpdater: snapshotIndex: updateIncreasingly -1 -> 0
2022-02-08 13:53:19,000 [Listener at 127.0.0.1/36213] INFO  server.RaftServer$Division (ServerState.java:close(419)) - da611cd8-d6f8-40e9-9825-4d5039a9b9e1@group-05807F1AFB9A: closes. applyIndex: 0
2022-02-08 13:53:19,001 [da611cd8-d6f8-40e9-9825-4d5039a9b9e1@group-05807F1AFB9A-SegmentedRaftLogWorker] INFO  segmented.SegmentedRaftLogWorker (SegmentedRaftLogWorker.java:run(327)) - da611cd8-d6f8-40e9-9825-4d5039a9b9e1@group-05807F1AFB9A-SegmentedRaftLogWorker was interrupted, exiting. There are 0 tasks remaining in the queue.
2022-02-08 13:53:18,996 [ForkJoinPool.commonPool-worker-1] INFO  server.RaftServer$Division (RaftServerImpl.java:lambda$close$4(412)) - a5053940-3165-42e9-acd7-ef11441d188e@group-58EB8389FC4F: shutdown
2022-02-08 13:53:19,001 [ForkJoinPool.commonPool-worker-1] INFO  util.JmxRegister (JmxRegister.java:unregister(73)) - Successfully un-registered JMX Bean with object name Ratis:service=RaftServer,group=group-58EB8389FC4F,id=a5053940-3165-42e9-acd7-ef11441d188e
2022-02-08 13:53:19,001 [ForkJoinPool.commonPool-worker-1] INFO  impl.RoleInfo (RoleInfo.java:shutdownLeaderState(91)) - a5053940-3165-42e9-acd7-ef11441d188e: shutdown a5053940-3165-42e9-acd7-ef11441d188e@group-58EB8389FC4F-LeaderStateImpl
2022-02-08 13:53:19,001 [ForkJoinPool.commonPool-worker-1] INFO  impl.PendingRequests (PendingRequests.java:sendNotLeaderResponses(282)) - a5053940-3165-42e9-acd7-ef11441d188e@group-58EB8389FC4F-PendingRequests: sendNotLeaderResponses
2022-02-08 13:53:19,002 [ForkJoinPool.commonPool-worker-1] INFO  impl.StateMachineUpdater (StateMachineUpdater.java:stopAndJoin(149)) - a5053940-3165-42e9-acd7-ef11441d188e@group-58EB8389FC4F-StateMachineUpdater: set stopIndex = 0
2022-02-08 13:53:19,002 [a5053940-3165-42e9-acd7-ef11441d188e@group-58EB8389FC4F-StateMachineUpdater] INFO  ratis.ContainerStateMachine (ContainerStateMachine.java:takeSnapshot(299)) - group-58EB8389FC4F: Taking a snapshot at:(t:1, i:0) file /home/runner/work/ozone/ozone/hadoop-ozone/integration-test/target/test-dir/MiniOzoneClusterImpl-44b62ea4-a9d0-4540-a736-82fb29945a00/datanode-3/data/ratis/2ef527be-fa2f-4c23-b658-58eb8389fc4f/sm/snapshot.1_0
2022-02-08 13:53:19,003 [a5053940-3165-42e9-acd7-ef11441d188e@group-58EB8389FC4F-StateMachineUpdater] INFO  ratis.ContainerStateMachine (ContainerStateMachine.java:takeSnapshot(310)) - group-58EB8389FC4F: Finished taking a snapshot at:(t:1, i:0) file:/home/runner/work/ozone/ozone/hadoop-ozone/integration-test/target/test-dir/MiniOzoneClusterImpl-44b62ea4-a9d0-4540-a736-82fb29945a00/datanode-3/data/ratis/2ef527be-fa2f-4c23-b658-58eb8389fc4f/sm/snapshot.1_0 took: 1 ms
2022-02-08 13:53:19,003 [a5053940-3165-42e9-acd7-ef11441d188e@group-58EB8389FC4F-StateMachineUpdater] INFO  impl.StateMachineUpdater (StateMachineUpdater.java:takeSnapshot(281)) - a5053940-3165-42e9-acd7-ef11441d188e@group-58EB8389FC4F-StateMachineUpdater: Took a snapshot at index 0
2022-02-08 13:53:19,003 [a5053940-3165-42e9-acd7-ef11441d188e@group-58EB8389FC4F-StateMachineUpdater] INFO  impl.StateMachineUpdater (StateMachineUpdater.java:lambda$new$0(89)) - a5053940-3165-42e9-acd7-ef11441d188e@group-58EB8389FC4F-StateMachineUpdater: snapshotIndex: updateIncreasingly -1 -> 0
2022-02-08 13:53:19,004 [ForkJoinPool.commonPool-worker-1] INFO  server.RaftServer$Division (ServerState.java:close(419)) - a5053940-3165-42e9-acd7-ef11441d188e@group-58EB8389FC4F: closes. applyIndex: 0
2022-02-08 13:53:19,004 [a5053940-3165-42e9-acd7-ef11441d188e@group-58EB8389FC4F-SegmentedRaftLogWorker] INFO  segmented.SegmentedRaftLogWorker (SegmentedRaftLogWorker.java:run(327)) - a5053940-3165-42e9-acd7-ef11441d188e@group-58EB8389FC4F-SegmentedRaftLogWorker was interrupted, exiting. There are 0 tasks remaining in the queue.
2022-02-08 13:53:19,013 [Listener at 127.0.0.1/36213] INFO  segmented.SegmentedRaftLogWorker (SegmentedRaftLogWorker.java:close(237)) - da611cd8-d6f8-40e9-9825-4d5039a9b9e1@group-05807F1AFB9A-SegmentedRaftLogWorker close()
2022-02-08 13:53:19,013 [ForkJoinPool.commonPool-worker-1] INFO  segmented.SegmentedRaftLogWorker (SegmentedRaftLogWorker.java:close(237)) - a5053940-3165-42e9-acd7-ef11441d188e@group-58EB8389FC4F-SegmentedRaftLogWorker close()
2022-02-08 13:53:19,016 [Listener at 127.0.0.1/36213] INFO  server.GrpcService (GrpcService.java:closeImpl(262)) - da611cd8-d6f8-40e9-9825-4d5039a9b9e1: shutdown server with port 39351 now
2022-02-08 13:53:19,016 [ForkJoinPool.commonPool-worker-1] INFO  server.GrpcService (GrpcService.java:closeImpl(262)) - a5053940-3165-42e9-acd7-ef11441d188e: shutdown server with port 35549 now
2022-02-08 13:53:19,029 [ForkJoinPool.commonPool-worker-1] INFO  server.GrpcService (GrpcService.java:closeImpl(271)) - a5053940-3165-42e9-acd7-ef11441d188e: shutdown server with port 35549 successfully
2022-02-08 13:53:19,029 [org.apache.ratis.util.JvmPauseMonitor$$Lambda$431/1827212229@166e640f] INFO  util.JvmPauseMonitor (JvmPauseMonitor.java:run(109)) - JvmPauseMonitor-a5053940-3165-42e9-acd7-ef11441d188e: Stopped
2022-02-08 13:53:19,031 [Listener at 127.0.0.1/36213] INFO  server.GrpcService (GrpcService.java:closeImpl(271)) - da611cd8-d6f8-40e9-9825-4d5039a9b9e1: shutdown server with port 39351 successfully
2022-02-08 13:53:19,031 [org.apache.ratis.util.JvmPauseMonitor$$Lambda$431/1827212229@6b8cb917] INFO  util.JvmPauseMonitor (JvmPauseMonitor.java:run(109)) - JvmPauseMonitor-da611cd8-d6f8-40e9-9825-4d5039a9b9e1: Stopped
2022-02-08 13:53:19,241 [5f9aa48b-2f61-4154-bb84-50a0aaf99a3b@group-6046E76B0741-FollowerState] INFO  impl.FollowerState (FollowerState.java:run(134)) - 5f9aa48b-2f61-4154-bb84-50a0aaf99a3b@group-6046E76B0741-FollowerState: change to CANDIDATE, lastRpcElapsedTime:5153387414ns, electionTimeout:5148ms
2022-02-08 13:53:19,242 [5f9aa48b-2f61-4154-bb84-50a0aaf99a3b@group-6046E76B0741-FollowerState] INFO  impl.RoleInfo (RoleInfo.java:shutdownFollowerState(108)) - 5f9aa48b-2f61-4154-bb84-50a0aaf99a3b: shutdown 5f9aa48b-2f61-4154-bb84-50a0aaf99a3b@group-6046E76B0741-FollowerState
2022-02-08 13:53:19,242 [5f9aa48b-2f61-4154-bb84-50a0aaf99a3b@group-6046E76B0741-FollowerState] INFO  server.RaftServer$Division (RaftServerImpl.java:setRole(290)) - 5f9aa48b-2f61-4154-bb84-50a0aaf99a3b@group-6046E76B0741: changes role from  FOLLOWER to CANDIDATE at term 8 for changeToCandidate
2022-02-08 13:53:19,242 [5f9aa48b-2f61-4154-bb84-50a0aaf99a3b@group-6046E76B0741-FollowerState] INFO  server.RaftServerConfigKeys (ConfUtils.java:logGet(44)) - raft.server.leaderelection.pre-vote = false (custom)
2022-02-08 13:53:19,242 [5f9aa48b-2f61-4154-bb84-50a0aaf99a3b@group-6046E76B0741-FollowerState] INFO  impl.RoleInfo (RoleInfo.java:updateAndGet(130)) - 5f9aa48b-2f61-4154-bb84-50a0aaf99a3b: start 5f9aa48b-2f61-4154-bb84-50a0aaf99a3b@group-6046E76B0741-LeaderElection37
2022-02-08 13:53:19,255 [5f9aa48b-2f61-4154-bb84-50a0aaf99a3b@group-6046E76B0741-LeaderElection37] INFO  impl.LeaderElection (LeaderElection.java:askForVotes(306)) - 5f9aa48b-2f61-4154-bb84-50a0aaf99a3b@group-6046E76B0741-LeaderElection37 ELECTION round 0: submit vote requests at term 9 for -1: [a7553d9d-67d8-423e-ad9b-7e30726581c7|rpc:10.1.0.34:32871|dataStream:|priority:0, 5f9aa48b-2f61-4154-bb84-50a0aaf99a3b|rpc:10.1.0.34:40765|dataStream:|priority:0, db4f20b8-0dce-4a7c-897b-5d9165b059cf|rpc:10.1.0.34:43059|dataStream:|priority:1], old=null
2022-02-08 13:53:19,263 [grpc-default-executor-2] INFO  server.RaftServer$Division (RaftServerImpl.java:requestVote(1046)) - a7553d9d-67d8-423e-ad9b-7e30726581c7@group-6046E76B0741: receive requestVote(ELECTION, 5f9aa48b-2f61-4154-bb84-50a0aaf99a3b, group-6046E76B0741, 9, (t:0, i:0))
2022-02-08 13:53:19,263 [grpc-default-executor-2] INFO  impl.VoteContext (VoteContext.java:log(48)) - a7553d9d-67d8-423e-ad9b-7e30726581c7@group-6046E76B0741-FOLLOWER: accept ELECTION from 5f9aa48b-2f61-4154-bb84-50a0aaf99a3b: our priority 0 <= candidate's priority 0
2022-02-08 13:53:19,263 [grpc-default-executor-2] INFO  server.RaftServer$Division (RaftServerImpl.java:setRole(290)) - a7553d9d-67d8-423e-ad9b-7e30726581c7@group-6046E76B0741: changes role from  FOLLOWER to FOLLOWER at term 9 for candidate:5f9aa48b-2f61-4154-bb84-50a0aaf99a3b
2022-02-08 13:53:19,263 [grpc-default-executor-2] INFO  impl.RoleInfo (RoleInfo.java:shutdownFollowerState(108)) - a7553d9d-67d8-423e-ad9b-7e30726581c7: shutdown a7553d9d-67d8-423e-ad9b-7e30726581c7@group-6046E76B0741-FollowerState
2022-02-08 13:53:19,266 [grpc-default-executor-2] INFO  impl.RoleInfo (RoleInfo.java:updateAndGet(130)) - a7553d9d-67d8-423e-ad9b-7e30726581c7: start a7553d9d-67d8-423e-ad9b-7e30726581c7@group-6046E76B0741-FollowerState
2022-02-08 13:53:19,266 [a7553d9d-67d8-423e-ad9b-7e30726581c7@group-6046E76B0741-FollowerState] INFO  impl.FollowerState (FollowerState.java:run(143)) - a7553d9d-67d8-423e-ad9b-7e30726581c7@group-6046E76B0741-FollowerState was interrupted: {}
java.lang.InterruptedException: sleep interrupted
	at java.lang.Thread.sleep(Native Method)
	at java.lang.Thread.sleep(Thread.java:340)
	at java.util.concurrent.TimeUnit.sleep(TimeUnit.java:386)
	at org.apache.ratis.util.TimeDuration.sleep(TimeDuration.java:324)
	at org.apache.ratis.util.TimeDuration.sleep(TimeDuration.java:309)
	at org.apache.ratis.server.impl.FollowerState.run(FollowerState.java:118)
2022-02-08 13:53:19,271 [grpc-default-executor-3] INFO  server.RaftServer$Division (RaftServerImpl.java:requestVote(1046)) - db4f20b8-0dce-4a7c-897b-5d9165b059cf@group-6046E76B0741: receive requestVote(ELECTION, 5f9aa48b-2f61-4154-bb84-50a0aaf99a3b, group-6046E76B0741, 9, (t:0, i:0))
2022-02-08 13:53:19,272 [grpc-default-executor-3] INFO  impl.VoteContext (VoteContext.java:log(48)) - db4f20b8-0dce-4a7c-897b-5d9165b059cf@group-6046E76B0741-FOLLOWER: reject ELECTION from 5f9aa48b-2f61-4154-bb84-50a0aaf99a3b: our priority 1 > candidate's priority 0
2022-02-08 13:53:19,272 [grpc-default-executor-3] INFO  server.RaftServer$Division (RaftServerImpl.java:setRole(290)) - db4f20b8-0dce-4a7c-897b-5d9165b059cf@group-6046E76B0741: changes role from  FOLLOWER to FOLLOWER at term 9 for candidate:5f9aa48b-2f61-4154-bb84-50a0aaf99a3b
2022-02-08 13:53:19,272 [grpc-default-executor-3] INFO  impl.RoleInfo (RoleInfo.java:shutdownFollowerState(108)) - db4f20b8-0dce-4a7c-897b-5d9165b059cf: shutdown db4f20b8-0dce-4a7c-897b-5d9165b059cf@group-6046E76B0741-FollowerState
2022-02-08 13:53:19,272 [grpc-default-executor-3] INFO  impl.RoleInfo (RoleInfo.java:updateAndGet(130)) - db4f20b8-0dce-4a7c-897b-5d9165b059cf: start db4f20b8-0dce-4a7c-897b-5d9165b059cf@group-6046E76B0741-FollowerState
2022-02-08 13:53:19,272 [grpc-default-executor-2] INFO  server.RaftServer$Division (RaftServerImpl.java:requestVote(1078)) - a7553d9d-67d8-423e-ad9b-7e30726581c7@group-6046E76B0741 replies to ELECTION vote request: 5f9aa48b-2f61-4154-bb84-50a0aaf99a3b<-a7553d9d-67d8-423e-ad9b-7e30726581c7#0:OK-t9. Peer's state: a7553d9d-67d8-423e-ad9b-7e30726581c7@group-6046E76B0741:t9, leader=null, voted=5f9aa48b-2f61-4154-bb84-50a0aaf99a3b, raftlog=a7553d9d-67d8-423e-ad9b-7e30726581c7@group-6046E76B0741-SegmentedRaftLog:OPENED:c-1, conf=-1: [a7553d9d-67d8-423e-ad9b-7e30726581c7|rpc:10.1.0.34:32871|priority:0, 5f9aa48b-2f61-4154-bb84-50a0aaf99a3b|rpc:10.1.0.34:40765|priority:0, db4f20b8-0dce-4a7c-897b-5d9165b059cf|rpc:10.1.0.34:43059|priority:1], old=null
2022-02-08 13:53:19,272 [db4f20b8-0dce-4a7c-897b-5d9165b059cf@group-6046E76B0741-FollowerState] INFO  impl.FollowerState (FollowerState.java:run(143)) - db4f20b8-0dce-4a7c-897b-5d9165b059cf@group-6046E76B0741-FollowerState was interrupted: {}
java.lang.InterruptedException: sleep interrupted
	at java.lang.Thread.sleep(Native Method)
	at java.lang.Thread.sleep(Thread.java:340)
	at java.util.concurrent.TimeUnit.sleep(TimeUnit.java:386)
	at org.apache.ratis.util.TimeDuration.sleep(TimeDuration.java:324)
	at org.apache.ratis.util.TimeDuration.sleep(TimeDuration.java:309)
	at org.apache.ratis.server.impl.FollowerState.run(FollowerState.java:118)
2022-02-08 13:53:19,291 [grpc-default-executor-3] INFO  server.RaftServer$Division (RaftServerImpl.java:requestVote(1078)) - db4f20b8-0dce-4a7c-897b-5d9165b059cf@group-6046E76B0741 replies to ELECTION vote request: 5f9aa48b-2f61-4154-bb84-50a0aaf99a3b<-db4f20b8-0dce-4a7c-897b-5d9165b059cf#0:FAIL-t9. Peer's state: db4f20b8-0dce-4a7c-897b-5d9165b059cf@group-6046E76B0741:t9, leader=null, voted=null, raftlog=db4f20b8-0dce-4a7c-897b-5d9165b059cf@group-6046E76B0741-SegmentedRaftLog:OPENED:c-1, conf=-1: [a7553d9d-67d8-423e-ad9b-7e30726581c7|rpc:10.1.0.34:32871|dataStream:|priority:0, 5f9aa48b-2f61-4154-bb84-50a0aaf99a3b|rpc:10.1.0.34:40765|dataStream:|priority:0, db4f20b8-0dce-4a7c-897b-5d9165b059cf|rpc:10.1.0.34:43059|dataStream:|priority:1], old=null
2022-02-08 13:53:19,292 [5f9aa48b-2f61-4154-bb84-50a0aaf99a3b@group-6046E76B0741-LeaderElection37] INFO  impl.LeaderElection (LeaderElection.java:logAndReturn(89)) - 5f9aa48b-2f61-4154-bb84-50a0aaf99a3b@group-6046E76B0741-LeaderElection37: ELECTION REJECTED received 2 response(s) and 0 exception(s):
2022-02-08 13:53:19,292 [5f9aa48b-2f61-4154-bb84-50a0aaf99a3b@group-6046E76B0741-LeaderElection37] INFO  impl.LeaderElection (LeaderElection.java:logAndReturn(93)) -   Response 0: 5f9aa48b-2f61-4154-bb84-50a0aaf99a3b<-a7553d9d-67d8-423e-ad9b-7e30726581c7#0:OK-t9
2022-02-08 13:53:19,292 [5f9aa48b-2f61-4154-bb84-50a0aaf99a3b@group-6046E76B0741-LeaderElection37] INFO  impl.LeaderElection (LeaderElection.java:logAndReturn(93)) -   Response 1: 5f9aa48b-2f61-4154-bb84-50a0aaf99a3b<-db4f20b8-0dce-4a7c-897b-5d9165b059cf#0:FAIL-t9
2022-02-08 13:53:19,292 [5f9aa48b-2f61-4154-bb84-50a0aaf99a3b@group-6046E76B0741-LeaderElection37] INFO  impl.LeaderElection (LeaderElection.java:askForVotes(308)) - 5f9aa48b-2f61-4154-bb84-50a0aaf99a3b@group-6046E76B0741-LeaderElection37 ELECTION round 0: result REJECTED
2022-02-08 13:53:19,292 [5f9aa48b-2f61-4154-bb84-50a0aaf99a3b@group-6046E76B0741-LeaderElection37] INFO  server.RaftServer$Division (RaftServerImpl.java:setRole(290)) - 5f9aa48b-2f61-4154-bb84-50a0aaf99a3b@group-6046E76B0741: changes role from CANDIDATE to FOLLOWER at term 9 for REJECTED
2022-02-08 13:53:19,292 [5f9aa48b-2f61-4154-bb84-50a0aaf99a3b@group-6046E76B0741-LeaderElection37] INFO  impl.RoleInfo (RoleInfo.java:shutdownLeaderElection(121)) - 5f9aa48b-2f61-4154-bb84-50a0aaf99a3b: shutdown 5f9aa48b-2f61-4154-bb84-50a0aaf99a3b@group-6046E76B0741-LeaderElection37
2022-02-08 13:53:19,292 [5f9aa48b-2f61-4154-bb84-50a0aaf99a3b@group-6046E76B0741-LeaderElection37] INFO  impl.RoleInfo (RoleInfo.java:updateAndGet(130)) - 5f9aa48b-2f61-4154-bb84-50a0aaf99a3b: start 5f9aa48b-2f61-4154-bb84-50a0aaf99a3b@group-6046E76B0741-FollowerState
2022-02-08 13:53:21,043 [Listener at 127.0.0.1/36213] INFO  utils.BackgroundService (BackgroundService.java:shutdown(132)) - Shutting down service BlockDeletingService
2022-02-08 13:53:21,043 [ForkJoinPool.commonPool-worker-1] INFO  utils.BackgroundService (BackgroundService.java:shutdown(132)) - Shutting down service BlockDeletingService
2022-02-08 13:53:21,115 [EventQueue-StaleNodeForStaleNodeHandler] INFO  node.StaleNodeHandler (StaleNodeHandler.java:onMessage(58)) - Datanode 0fed3ba6-79cb-4518-b48b-c28a0e29dbfb{ip: 10.1.0.34, host: fv-az148-480.bm4ck3pvxvsene1rjriu5fhcdb.bx.internal.cloudapp.net, ports: [REPLICATION=45891, RATIS=40047, RATIS_ADMIN=40047, RATIS_SERVER=40047, STANDALONE=39945], networkLocation: /default-rack, certSerialId: null, persistedOpState: IN_SERVICE, persistedOpStateExpiryEpochSec: 0} moved to stale state. Finalizing its pipelines [PipelineID=0c21a561-7bc0-4bfd-a90c-80ab70c4b0e4, PipelineID=60fdb779-c7c1-4438-b616-25469f3653d4]
2022-02-08 13:53:21,120 [EventQueue-StaleNodeForStaleNodeHandler] INFO  pipeline.PipelineManagerImpl (PipelineManagerImpl.java:closePipeline(365)) - Pipeline Pipeline[ Id: 0c21a561-7bc0-4bfd-a90c-80ab70c4b0e4, Nodes: 0fed3ba6-79cb-4518-b48b-c28a0e29dbfb{ip: 10.1.0.34, host: fv-az148-480.bm4ck3pvxvsene1rjriu5fhcdb.bx.internal.cloudapp.net, ports: [REPLICATION=45891, RATIS=40047, RATIS_ADMIN=40047, RATIS_SERVER=40047, STANDALONE=39945], networkLocation: /default-rack, certSerialId: null, persistedOpState: IN_SERVICE, persistedOpStateExpiryEpochSec: 0}, ReplicationConfig: RATIS/ONE, State:OPEN, leaderId:0fed3ba6-79cb-4518-b48b-c28a0e29dbfb, CreationTimestamp2022-02-08T13:52:29.282Z[Etc/UTC]] moved to CLOSED state
2022-02-08 13:53:22,595 [74cc591c-4d52-479e-aacc-08a66935e120@group-25469F3653D4-FollowerState] INFO  impl.FollowerState (FollowerState.java:run(134)) - 74cc591c-4d52-479e-aacc-08a66935e120@group-25469F3653D4-FollowerState: change to CANDIDATE, lastRpcElapsedTime:5168612756ns, electionTimeout:5166ms
2022-02-08 13:53:22,596 [74cc591c-4d52-479e-aacc-08a66935e120@group-25469F3653D4-FollowerState] INFO  impl.RoleInfo (RoleInfo.java:shutdownFollowerState(108)) - 74cc591c-4d52-479e-aacc-08a66935e120: shutdown 74cc591c-4d52-479e-aacc-08a66935e120@group-25469F3653D4-FollowerState
2022-02-08 13:53:22,596 [74cc591c-4d52-479e-aacc-08a66935e120@group-25469F3653D4-FollowerState] INFO  server.RaftServer$Division (RaftServerImpl.java:setRole(290)) - 74cc591c-4d52-479e-aacc-08a66935e120@group-25469F3653D4: changes role from  FOLLOWER to CANDIDATE at term 2 for changeToCandidate
2022-02-08 13:53:22,596 [74cc591c-4d52-479e-aacc-08a66935e120@group-25469F3653D4-FollowerState] INFO  server.RaftServerConfigKeys (ConfUtils.java:logGet(44)) - raft.server.leaderelection.pre-vote = false (custom)
2022-02-08 13:53:22,596 [74cc591c-4d52-479e-aacc-08a66935e120@group-25469F3653D4-FollowerState] INFO  impl.RoleInfo (RoleInfo.java:updateAndGet(130)) - 74cc591c-4d52-479e-aacc-08a66935e120: start 74cc591c-4d52-479e-aacc-08a66935e120@group-25469F3653D4-LeaderElection38
2022-02-08 13:53:22,607 [74cc591c-4d52-479e-aacc-08a66935e120@group-25469F3653D4-LeaderElection38] INFO  impl.LeaderElection (LeaderElection.java:askForVotes(306)) - 74cc591c-4d52-479e-aacc-08a66935e120@group-25469F3653D4-LeaderElection38 ELECTION round 0: submit vote requests at term 3 for 0: [74cc591c-4d52-479e-aacc-08a66935e120|rpc:10.1.0.34:33121|dataStream:|priority:1, 915ea2a1-2b04-4a8b-905a-cfef4591970c|rpc:10.1.0.34:35197|dataStream:|priority:0, 0fed3ba6-79cb-4518-b48b-c28a0e29dbfb|rpc:10.1.0.34:40047|dataStream:|priority:0], old=null
2022-02-08 13:53:22,617 [74cc591c-4d52-479e-aacc-08a66935e120@group-25469F3653D4-LeaderElection38] INFO  impl.LeaderElection (LogUtils.java:infoOrTrace(137)) - 74cc591c-4d52-479e-aacc-08a66935e120@group-25469F3653D4-LeaderElection38 got exception when requesting votes: java.util.concurrent.ExecutionException: org.apache.ratis.thirdparty.io.grpc.StatusRuntimeException: UNAVAILABLE: io exception
2022-02-08 13:53:22,618 [74cc591c-4d52-479e-aacc-08a66935e120@group-25469F3653D4-LeaderElection38] INFO  impl.LeaderElection (LogUtils.java:infoOrTrace(137)) - 74cc591c-4d52-479e-aacc-08a66935e120@group-25469F3653D4-LeaderElection38 got exception when requesting votes: java.util.concurrent.ExecutionException: org.apache.ratis.thirdparty.io.grpc.StatusRuntimeException: UNAVAILABLE: io exception
2022-02-08 13:53:22,618 [74cc591c-4d52-479e-aacc-08a66935e120@group-25469F3653D4-LeaderElection38] INFO  impl.LeaderElection (LeaderElection.java:logAndReturn(89)) - 74cc591c-4d52-479e-aacc-08a66935e120@group-25469F3653D4-LeaderElection38: ELECTION REJECTED received 0 response(s) and 2 exception(s):
2022-02-08 13:53:22,618 [74cc591c-4d52-479e-aacc-08a66935e120@group-25469F3653D4-LeaderElection38] INFO  impl.LeaderElection (LogUtils.java:infoOrTrace(137)) -   Exception 0: java.util.concurrent.ExecutionException: org.apache.ratis.thirdparty.io.grpc.StatusRuntimeException: UNAVAILABLE: io exception
2022-02-08 13:53:22,618 [74cc591c-4d52-479e-aacc-08a66935e120@group-25469F3653D4-LeaderElection38] INFO  impl.LeaderElection (LogUtils.java:infoOrTrace(137)) -   Exception 1: java.util.concurrent.ExecutionException: org.apache.ratis.thirdparty.io.grpc.StatusRuntimeException: UNAVAILABLE: io exception
2022-02-08 13:53:22,618 [74cc591c-4d52-479e-aacc-08a66935e120@group-25469F3653D4-LeaderElection38] INFO  impl.LeaderElection (LeaderElection.java:askForVotes(308)) - 74cc591c-4d52-479e-aacc-08a66935e120@group-25469F3653D4-LeaderElection38 ELECTION round 0: result REJECTED
2022-02-08 13:53:22,618 [74cc591c-4d52-479e-aacc-08a66935e120@group-25469F3653D4-LeaderElection38] INFO  server.RaftServer$Division (RaftServerImpl.java:setRole(290)) - 74cc591c-4d52-479e-aacc-08a66935e120@group-25469F3653D4: changes role from CANDIDATE to FOLLOWER at term 3 for REJECTED
2022-02-08 13:53:22,618 [74cc591c-4d52-479e-aacc-08a66935e120@group-25469F3653D4-LeaderElection38] INFO  impl.RoleInfo (RoleInfo.java:shutdownLeaderElection(121)) - 74cc591c-4d52-479e-aacc-08a66935e120: shutdown 74cc591c-4d52-479e-aacc-08a66935e120@group-25469F3653D4-LeaderElection38
2022-02-08 13:53:22,618 [74cc591c-4d52-479e-aacc-08a66935e120@group-25469F3653D4-LeaderElection38] INFO  impl.RoleInfo (RoleInfo.java:updateAndGet(130)) - 74cc591c-4d52-479e-aacc-08a66935e120: start 74cc591c-4d52-479e-aacc-08a66935e120@group-25469F3653D4-FollowerState
2022-02-08 13:53:24,048 [Listener at 127.0.0.1/36213] INFO  statemachine.DatanodeStateMachine (DatanodeStateMachine.java:stopDaemon(529)) - Ozone container server stopped.
2022-02-08 13:53:24,049 [Listener at 127.0.0.1/36213] INFO  handler.ContextHandler (ContextHandler.java:doStop(1153)) - Stopped o.e.j.w.WebAppContext@5b0ea41{hddsDatanode,/,null,STOPPED}{jar:file:/home/runner/.m2/repository/org/apache/ozone/hdds-container-service/1.3.0-SNAPSHOT/hdds-container-service-1.3.0-SNAPSHOT.jar!/webapps/hddsDatanode}
2022-02-08 13:53:24,050 [Listener at 127.0.0.1/36213] INFO  server.AbstractConnector (AbstractConnector.java:doStop(381)) - Stopped ServerConnector@7e4d93e7{HTTP/1.1, (http/1.1)}{0.0.0.0:0}
2022-02-08 13:53:24,050 [Listener at 127.0.0.1/36213] INFO  server.session (HouseKeeper.java:stopScavenging(149)) - node0 Stopped scavenging
2022-02-08 13:53:24,051 [Listener at 127.0.0.1/36213] INFO  handler.ContextHandler (ContextHandler.java:doStop(1153)) - Stopped o.e.j.s.ServletContextHandler@633c9699{static,/static,jar:file:/home/runner/.m2/repository/org/apache/ozone/hdds-container-service/1.3.0-SNAPSHOT/hdds-container-service-1.3.0-SNAPSHOT.jar!/webapps/static,STOPPED}
2022-02-08 13:53:24,051 [Listener at 127.0.0.1/36213] INFO  handler.ContextHandler (ContextHandler.java:doStop(1153)) - Stopped o.e.j.s.ServletContextHandler@1fdf1a6b{logs,/logs,file:///home/runner/work/ozone/ozone/hadoop-ozone/integration-test/target/log,STOPPED}
2022-02-08 13:53:24,062 [ForkJoinPool.commonPool-worker-1] INFO  statemachine.DatanodeStateMachine (DatanodeStateMachine.java:stopDaemon(529)) - Ozone container server stopped.
2022-02-08 13:53:24,065 [ForkJoinPool.commonPool-worker-1] INFO  handler.ContextHandler (ContextHandler.java:doStop(1153)) - Stopped o.e.j.w.WebAppContext@1f7410c5{hddsDatanode,/,null,STOPPED}{jar:file:/home/runner/.m2/repository/org/apache/ozone/hdds-container-service/1.3.0-SNAPSHOT/hdds-container-service-1.3.0-SNAPSHOT.jar!/webapps/hddsDatanode}
2022-02-08 13:53:24,066 [ForkJoinPool.commonPool-worker-1] INFO  server.AbstractConnector (AbstractConnector.java:doStop(381)) - Stopped ServerConnector@4fbc8862{HTTP/1.1, (http/1.1)}{0.0.0.0:0}
2022-02-08 13:53:24,067 [ForkJoinPool.commonPool-worker-1] INFO  server.session (HouseKeeper.java:stopScavenging(149)) - node0 Stopped scavenging
2022-02-08 13:53:24,068 [ForkJoinPool.commonPool-worker-1] INFO  handler.ContextHandler (ContextHandler.java:doStop(1153)) - Stopped o.e.j.s.ServletContextHandler@75d7e128{static,/static,jar:file:/home/runner/.m2/repository/org/apache/ozone/hdds-container-service/1.3.0-SNAPSHOT/hdds-container-service-1.3.0-SNAPSHOT.jar!/webapps/static,STOPPED}
2022-02-08 13:53:24,069 [ForkJoinPool.commonPool-worker-1] INFO  handler.ContextHandler (ContextHandler.java:doStop(1153)) - Stopped o.e.j.s.ServletContextHandler@5956b966{logs,/logs,file:///home/runner/work/ozone/ozone/hadoop-ozone/integration-test/target/log,STOPPED}
2022-02-08 13:53:24,357 [5f9aa48b-2f61-4154-bb84-50a0aaf99a3b@group-6046E76B0741-FollowerState] INFO  impl.FollowerState (FollowerState.java:run(134)) - 5f9aa48b-2f61-4154-bb84-50a0aaf99a3b@group-6046E76B0741-FollowerState: change to CANDIDATE, lastRpcElapsedTime:5064588335ns, electionTimeout:5059ms
2022-02-08 13:53:24,357 [5f9aa48b-2f61-4154-bb84-50a0aaf99a3b@group-6046E76B0741-FollowerState] INFO  impl.RoleInfo (RoleInfo.java:shutdownFollowerState(108)) - 5f9aa48b-2f61-4154-bb84-50a0aaf99a3b: shutdown 5f9aa48b-2f61-4154-bb84-50a0aaf99a3b@group-6046E76B0741-FollowerState
2022-02-08 13:53:24,357 [5f9aa48b-2f61-4154-bb84-50a0aaf99a3b@group-6046E76B0741-FollowerState] INFO  server.RaftServer$Division (RaftServerImpl.java:setRole(290)) - 5f9aa48b-2f61-4154-bb84-50a0aaf99a3b@group-6046E76B0741: changes role from  FOLLOWER to CANDIDATE at term 9 for changeToCandidate
2022-02-08 13:53:24,357 [5f9aa48b-2f61-4154-bb84-50a0aaf99a3b@group-6046E76B0741-FollowerState] INFO  server.RaftServerConfigKeys (ConfUtils.java:logGet(44)) - raft.server.leaderelection.pre-vote = false (custom)
2022-02-08 13:53:24,357 [5f9aa48b-2f61-4154-bb84-50a0aaf99a3b@group-6046E76B0741-FollowerState] INFO  impl.RoleInfo (RoleInfo.java:updateAndGet(130)) - 5f9aa48b-2f61-4154-bb84-50a0aaf99a3b: start 5f9aa48b-2f61-4154-bb84-50a0aaf99a3b@group-6046E76B0741-LeaderElection39
2022-02-08 13:53:24,372 [5f9aa48b-2f61-4154-bb84-50a0aaf99a3b@group-6046E76B0741-LeaderElection39] INFO  impl.LeaderElection (LeaderElection.java:askForVotes(306)) - 5f9aa48b-2f61-4154-bb84-50a0aaf99a3b@group-6046E76B0741-LeaderElection39 ELECTION round 0: submit vote requests at term 10 for -1: [a7553d9d-67d8-423e-ad9b-7e30726581c7|rpc:10.1.0.34:32871|dataStream:|priority:0, 5f9aa48b-2f61-4154-bb84-50a0aaf99a3b|rpc:10.1.0.34:40765|dataStream:|priority:0, db4f20b8-0dce-4a7c-897b-5d9165b059cf|rpc:10.1.0.34:43059|dataStream:|priority:1], old=null
2022-02-08 13:53:24,386 [grpc-default-executor-3] INFO  server.RaftServer$Division (RaftServerImpl.java:requestVote(1046)) - a7553d9d-67d8-423e-ad9b-7e30726581c7@group-6046E76B0741: receive requestVote(ELECTION, 5f9aa48b-2f61-4154-bb84-50a0aaf99a3b, group-6046E76B0741, 10, (t:0, i:0))
2022-02-08 13:53:24,386 [grpc-default-executor-3] INFO  impl.VoteContext (VoteContext.java:log(48)) - a7553d9d-67d8-423e-ad9b-7e30726581c7@group-6046E76B0741-FOLLOWER: accept ELECTION from 5f9aa48b-2f61-4154-bb84-50a0aaf99a3b: our priority 0 <= candidate's priority 0
2022-02-08 13:53:24,386 [grpc-default-executor-3] INFO  server.RaftServer$Division (RaftServerImpl.java:setRole(290)) - a7553d9d-67d8-423e-ad9b-7e30726581c7@group-6046E76B0741: changes role from  FOLLOWER to FOLLOWER at term 10 for candidate:5f9aa48b-2f61-4154-bb84-50a0aaf99a3b
2022-02-08 13:53:24,386 [grpc-default-executor-3] INFO  impl.RoleInfo (RoleInfo.java:shutdownFollowerState(108)) - a7553d9d-67d8-423e-ad9b-7e30726581c7: shutdown a7553d9d-67d8-423e-ad9b-7e30726581c7@group-6046E76B0741-FollowerState
2022-02-08 13:53:24,394 [grpc-default-executor-3] INFO  impl.RoleInfo (RoleInfo.java:updateAndGet(130)) - a7553d9d-67d8-423e-ad9b-7e30726581c7: start a7553d9d-67d8-423e-ad9b-7e30726581c7@group-6046E76B0741-FollowerState
2022-02-08 13:53:24,394 [a7553d9d-67d8-423e-ad9b-7e30726581c7@group-6046E76B0741-FollowerState] INFO  impl.FollowerState (FollowerState.java:run(143)) - a7553d9d-67d8-423e-ad9b-7e30726581c7@group-6046E76B0741-FollowerState was interrupted: {}
java.lang.InterruptedException: sleep interrupted
	at java.lang.Thread.sleep(Native Method)
	at java.lang.Thread.sleep(Thread.java:340)
	at java.util.concurrent.TimeUnit.sleep(TimeUnit.java:386)
	at org.apache.ratis.util.TimeDuration.sleep(TimeDuration.java:324)
	at org.apache.ratis.util.TimeDuration.sleep(TimeDuration.java:309)
	at org.apache.ratis.server.impl.FollowerState.run(FollowerState.java:118)
2022-02-08 13:53:24,397 [grpc-default-executor-2] INFO  server.RaftServer$Division (RaftServerImpl.java:requestVote(1046)) - db4f20b8-0dce-4a7c-897b-5d9165b059cf@group-6046E76B0741: receive requestVote(ELECTION, 5f9aa48b-2f61-4154-bb84-50a0aaf99a3b, group-6046E76B0741, 10, (t:0, i:0))
2022-02-08 13:53:24,397 [grpc-default-executor-2] INFO  impl.VoteContext (VoteContext.java:log(48)) - db4f20b8-0dce-4a7c-897b-5d9165b059cf@group-6046E76B0741-FOLLOWER: reject ELECTION from 5f9aa48b-2f61-4154-bb84-50a0aaf99a3b: our priority 1 > candidate's priority 0
2022-02-08 13:53:24,397 [grpc-default-executor-2] INFO  server.RaftServer$Division (RaftServerImpl.java:setRole(290)) - db4f20b8-0dce-4a7c-897b-5d9165b059cf@group-6046E76B0741: changes role from  FOLLOWER to FOLLOWER at term 10 for candidate:5f9aa48b-2f61-4154-bb84-50a0aaf99a3b
2022-02-08 13:53:24,397 [grpc-default-executor-2] INFO  impl.RoleInfo (RoleInfo.java:shutdownFollowerState(108)) - db4f20b8-0dce-4a7c-897b-5d9165b059cf: shutdown db4f20b8-0dce-4a7c-897b-5d9165b059cf@group-6046E76B0741-FollowerState
2022-02-08 13:53:24,398 [grpc-default-executor-2] INFO  impl.RoleInfo (RoleInfo.java:updateAndGet(130)) - db4f20b8-0dce-4a7c-897b-5d9165b059cf: start db4f20b8-0dce-4a7c-897b-5d9165b059cf@group-6046E76B0741-FollowerState
2022-02-08 13:53:24,400 [db4f20b8-0dce-4a7c-897b-5d9165b059cf@group-6046E76B0741-FollowerState] INFO  impl.FollowerState (FollowerState.java:run(143)) - db4f20b8-0dce-4a7c-897b-5d9165b059cf@group-6046E76B0741-FollowerState was interrupted: {}
java.lang.InterruptedException: sleep interrupted
	at java.lang.Thread.sleep(Native Method)
	at java.lang.Thread.sleep(Thread.java:340)
	at java.util.concurrent.TimeUnit.sleep(TimeUnit.java:386)
	at org.apache.ratis.util.TimeDuration.sleep(TimeDuration.java:324)
	at org.apache.ratis.util.TimeDuration.sleep(TimeDuration.java:309)
	at org.apache.ratis.server.impl.FollowerState.run(FollowerState.java:118)
2022-02-08 13:53:24,401 [grpc-default-executor-3] INFO  server.RaftServer$Division (RaftServerImpl.java:requestVote(1078)) - a7553d9d-67d8-423e-ad9b-7e30726581c7@group-6046E76B0741 replies to ELECTION vote request: 5f9aa48b-2f61-4154-bb84-50a0aaf99a3b<-a7553d9d-67d8-423e-ad9b-7e30726581c7#0:OK-t10. Peer's state: a7553d9d-67d8-423e-ad9b-7e30726581c7@group-6046E76B0741:t10, leader=null, voted=5f9aa48b-2f61-4154-bb84-50a0aaf99a3b, raftlog=a7553d9d-67d8-423e-ad9b-7e30726581c7@group-6046E76B0741-SegmentedRaftLog:OPENED:c-1, conf=-1: [a7553d9d-67d8-423e-ad9b-7e30726581c7|rpc:10.1.0.34:32871|priority:0, 5f9aa48b-2f61-4154-bb84-50a0aaf99a3b|rpc:10.1.0.34:40765|priority:0, db4f20b8-0dce-4a7c-897b-5d9165b059cf|rpc:10.1.0.34:43059|priority:1], old=null
2022-02-08 13:53:24,415 [grpc-default-executor-2] INFO  server.RaftServer$Division (RaftServerImpl.java:requestVote(1078)) - db4f20b8-0dce-4a7c-897b-5d9165b059cf@group-6046E76B0741 replies to ELECTION vote request: 5f9aa48b-2f61-4154-bb84-50a0aaf99a3b<-db4f20b8-0dce-4a7c-897b-5d9165b059cf#0:FAIL-t10. Peer's state: db4f20b8-0dce-4a7c-897b-5d9165b059cf@group-6046E76B0741:t10, leader=null, voted=null, raftlog=db4f20b8-0dce-4a7c-897b-5d9165b059cf@group-6046E76B0741-SegmentedRaftLog:OPENED:c-1, conf=-1: [a7553d9d-67d8-423e-ad9b-7e30726581c7|rpc:10.1.0.34:32871|dataStream:|priority:0, 5f9aa48b-2f61-4154-bb84-50a0aaf99a3b|rpc:10.1.0.34:40765|dataStream:|priority:0, db4f20b8-0dce-4a7c-897b-5d9165b059cf|rpc:10.1.0.34:43059|dataStream:|priority:1], old=null
2022-02-08 13:53:24,420 [5f9aa48b-2f61-4154-bb84-50a0aaf99a3b@group-6046E76B0741-LeaderElection39] INFO  impl.LeaderElection (LeaderElection.java:logAndReturn(89)) - 5f9aa48b-2f61-4154-bb84-50a0aaf99a3b@group-6046E76B0741-LeaderElection39: ELECTION REJECTED received 2 response(s) and 0 exception(s):
2022-02-08 13:53:24,420 [5f9aa48b-2f61-4154-bb84-50a0aaf99a3b@group-6046E76B0741-LeaderElection39] INFO  impl.LeaderElection (LeaderElection.java:logAndReturn(93)) -   Response 0: 5f9aa48b-2f61-4154-bb84-50a0aaf99a3b<-a7553d9d-67d8-423e-ad9b-7e30726581c7#0:OK-t10
2022-02-08 13:53:24,420 [5f9aa48b-2f61-4154-bb84-50a0aaf99a3b@group-6046E76B0741-LeaderElection39] INFO  impl.LeaderElection (LeaderElection.java:logAndReturn(93)) -   Response 1: 5f9aa48b-2f61-4154-bb84-50a0aaf99a3b<-db4f20b8-0dce-4a7c-897b-5d9165b059cf#0:FAIL-t10
2022-02-08 13:53:24,420 [5f9aa48b-2f61-4154-bb84-50a0aaf99a3b@group-6046E76B0741-LeaderElection39] INFO  impl.LeaderElection (LeaderElection.java:askForVotes(308)) - 5f9aa48b-2f61-4154-bb84-50a0aaf99a3b@group-6046E76B0741-LeaderElection39 ELECTION round 0: result REJECTED
2022-02-08 13:53:24,420 [5f9aa48b-2f61-4154-bb84-50a0aaf99a3b@group-6046E76B0741-LeaderElection39] INFO  server.RaftServer$Division (RaftServerImpl.java:setRole(290)) - 5f9aa48b-2f61-4154-bb84-50a0aaf99a3b@group-6046E76B0741: changes role from CANDIDATE to FOLLOWER at term 10 for REJECTED
2022-02-08 13:53:24,420 [5f9aa48b-2f61-4154-bb84-50a0aaf99a3b@group-6046E76B0741-LeaderElection39] INFO  impl.RoleInfo (RoleInfo.java:shutdownLeaderElection(121)) - 5f9aa48b-2f61-4154-bb84-50a0aaf99a3b: shutdown 5f9aa48b-2f61-4154-bb84-50a0aaf99a3b@group-6046E76B0741-LeaderElection39
2022-02-08 13:53:24,420 [5f9aa48b-2f61-4154-bb84-50a0aaf99a3b@group-6046E76B0741-LeaderElection39] INFO  impl.RoleInfo (RoleInfo.java:updateAndGet(130)) - 5f9aa48b-2f61-4154-bb84-50a0aaf99a3b: start 5f9aa48b-2f61-4154-bb84-50a0aaf99a3b@group-6046E76B0741-FollowerState
2022-02-08 13:53:27,670 [74cc591c-4d52-479e-aacc-08a66935e120@group-25469F3653D4-FollowerState] INFO  impl.FollowerState (FollowerState.java:run(134)) - 74cc591c-4d52-479e-aacc-08a66935e120@group-25469F3653D4-FollowerState: change to CANDIDATE, lastRpcElapsedTime:5051632181ns, electionTimeout:5051ms
2022-02-08 13:53:27,670 [74cc591c-4d52-479e-aacc-08a66935e120@group-25469F3653D4-FollowerState] INFO  impl.RoleInfo (RoleInfo.java:shutdownFollowerState(108)) - 74cc591c-4d52-479e-aacc-08a66935e120: shutdown 74cc591c-4d52-479e-aacc-08a66935e120@group-25469F3653D4-FollowerState
2022-02-08 13:53:27,670 [74cc591c-4d52-479e-aacc-08a66935e120@group-25469F3653D4-FollowerState] INFO  server.RaftServer$Division (RaftServerImpl.java:setRole(290)) - 74cc591c-4d52-479e-aacc-08a66935e120@group-25469F3653D4: changes role from  FOLLOWER to CANDIDATE at term 3 for changeToCandidate
2022-02-08 13:53:27,670 [74cc591c-4d52-479e-aacc-08a66935e120@group-25469F3653D4-FollowerState] INFO  server.RaftServerConfigKeys (ConfUtils.java:logGet(44)) - raft.server.leaderelection.pre-vote = false (custom)
2022-02-08 13:53:27,670 [74cc591c-4d52-479e-aacc-08a66935e120@group-25469F3653D4-FollowerState] INFO  impl.RoleInfo (RoleInfo.java:updateAndGet(130)) - 74cc591c-4d52-479e-aacc-08a66935e120: start 74cc591c-4d52-479e-aacc-08a66935e120@group-25469F3653D4-LeaderElection40
2022-02-08 13:53:27,679 [74cc591c-4d52-479e-aacc-08a66935e120@group-25469F3653D4-LeaderElection40] INFO  impl.LeaderElection (LeaderElection.java:askForVotes(306)) - 74cc591c-4d52-479e-aacc-08a66935e120@group-25469F3653D4-LeaderElection40 ELECTION round 0: submit vote requests at term 4 for 0: [74cc591c-4d52-479e-aacc-08a66935e120|rpc:10.1.0.34:33121|dataStream:|priority:1, 915ea2a1-2b04-4a8b-905a-cfef4591970c|rpc:10.1.0.34:35197|dataStream:|priority:0, 0fed3ba6-79cb-4518-b48b-c28a0e29dbfb|rpc:10.1.0.34:40047|dataStream:|priority:0], old=null
2022-02-08 13:53:27,681 [74cc591c-4d52-479e-aacc-08a66935e120@group-25469F3653D4-LeaderElection40] INFO  impl.LeaderElection (LogUtils.java:infoOrTrace(137)) - 74cc591c-4d52-479e-aacc-08a66935e120@group-25469F3653D4-LeaderElection40 got exception when requesting votes: java.util.concurrent.ExecutionException: org.apache.ratis.thirdparty.io.grpc.StatusRuntimeException: UNAVAILABLE: io exception
2022-02-08 13:53:27,684 [74cc591c-4d52-479e-aacc-08a66935e120@group-25469F3653D4-LeaderElection40] INFO  impl.LeaderElection (LogUtils.java:infoOrTrace(137)) - 74cc591c-4d52-479e-aacc-08a66935e120@group-25469F3653D4-LeaderElection40 got exception when requesting votes: java.util.concurrent.ExecutionException: org.apache.ratis.thirdparty.io.grpc.StatusRuntimeException: UNAVAILABLE: io exception
2022-02-08 13:53:27,684 [74cc591c-4d52-479e-aacc-08a66935e120@group-25469F3653D4-LeaderElection40] INFO  impl.LeaderElection (LeaderElection.java:logAndReturn(89)) - 74cc591c-4d52-479e-aacc-08a66935e120@group-25469F3653D4-LeaderElection40: ELECTION REJECTED received 0 response(s) and 2 exception(s):
2022-02-08 13:53:27,684 [74cc591c-4d52-479e-aacc-08a66935e120@group-25469F3653D4-LeaderElection40] INFO  impl.LeaderElection (LogUtils.java:infoOrTrace(137)) -   Exception 0: java.util.concurrent.ExecutionException: org.apache.ratis.thirdparty.io.grpc.StatusRuntimeException: UNAVAILABLE: io exception
2022-02-08 13:53:27,684 [74cc591c-4d52-479e-aacc-08a66935e120@group-25469F3653D4-LeaderElection40] INFO  impl.LeaderElection (LogUtils.java:infoOrTrace(137)) -   Exception 1: java.util.concurrent.ExecutionException: org.apache.ratis.thirdparty.io.grpc.StatusRuntimeException: UNAVAILABLE: io exception
2022-02-08 13:53:27,684 [74cc591c-4d52-479e-aacc-08a66935e120@group-25469F3653D4-LeaderElection40] INFO  impl.LeaderElection (LeaderElection.java:askForVotes(308)) - 74cc591c-4d52-479e-aacc-08a66935e120@group-25469F3653D4-LeaderElection40 ELECTION round 0: result REJECTED
2022-02-08 13:53:27,684 [74cc591c-4d52-479e-aacc-08a66935e120@group-25469F3653D4-LeaderElection40] INFO  server.RaftServer$Division (RaftServerImpl.java:setRole(290)) - 74cc591c-4d52-479e-aacc-08a66935e120@group-25469F3653D4: changes role from CANDIDATE to FOLLOWER at term 4 for REJECTED
2022-02-08 13:53:27,684 [74cc591c-4d52-479e-aacc-08a66935e120@group-25469F3653D4-LeaderElection40] INFO  impl.RoleInfo (RoleInfo.java:shutdownLeaderElection(121)) - 74cc591c-4d52-479e-aacc-08a66935e120: shutdown 74cc591c-4d52-479e-aacc-08a66935e120@group-25469F3653D4-LeaderElection40
2022-02-08 13:53:27,684 [74cc591c-4d52-479e-aacc-08a66935e120@group-25469F3653D4-LeaderElection40] INFO  impl.RoleInfo (RoleInfo.java:updateAndGet(130)) - 74cc591c-4d52-479e-aacc-08a66935e120: start 74cc591c-4d52-479e-aacc-08a66935e120@group-25469F3653D4-FollowerState
2022-02-08 13:53:28,811 [f61a4b31-682a-41d1-a434-a20bd71c25fb@group-99362A9385E5-FollowerState] INFO  impl.FollowerState (FollowerState.java:run(134)) - f61a4b31-682a-41d1-a434-a20bd71c25fb@group-99362A9385E5-FollowerState: change to CANDIDATE, lastRpcElapsedTime:10086835655ns, electionTimeout:5063ms
2022-02-08 13:53:28,811 [f61a4b31-682a-41d1-a434-a20bd71c25fb@group-99362A9385E5-FollowerState] INFO  impl.RoleInfo (RoleInfo.java:shutdownFollowerState(108)) - f61a4b31-682a-41d1-a434-a20bd71c25fb: shutdown f61a4b31-682a-41d1-a434-a20bd71c25fb@group-99362A9385E5-FollowerState
2022-02-08 13:53:28,811 [f61a4b31-682a-41d1-a434-a20bd71c25fb@group-99362A9385E5-FollowerState] INFO  server.RaftServer$Division (RaftServerImpl.java:setRole(290)) - f61a4b31-682a-41d1-a434-a20bd71c25fb@group-99362A9385E5: changes role from  FOLLOWER to CANDIDATE at term 9 for changeToCandidate
2022-02-08 13:53:28,811 [f61a4b31-682a-41d1-a434-a20bd71c25fb@group-99362A9385E5-FollowerState] INFO  server.RaftServerConfigKeys (ConfUtils.java:logGet(44)) - raft.server.leaderelection.pre-vote = false (custom)
2022-02-08 13:53:28,811 [f61a4b31-682a-41d1-a434-a20bd71c25fb@group-99362A9385E5-FollowerState] INFO  impl.RoleInfo (RoleInfo.java:updateAndGet(130)) - f61a4b31-682a-41d1-a434-a20bd71c25fb: start f61a4b31-682a-41d1-a434-a20bd71c25fb@group-99362A9385E5-LeaderElection41
2022-02-08 13:53:28,817 [f61a4b31-682a-41d1-a434-a20bd71c25fb@group-99362A9385E5-LeaderElection41] INFO  server.RaftServer$Division (ServerState.java:setLeader(285)) - f61a4b31-682a-41d1-a434-a20bd71c25fb@group-99362A9385E5: change Leader from da611cd8-d6f8-40e9-9825-4d5039a9b9e1 to null at term 9 for ELECTION
2022-02-08 13:53:28,819 [f61a4b31-682a-41d1-a434-a20bd71c25fb@group-99362A9385E5-LeaderElection41] INFO  impl.LeaderElection (LeaderElection.java:askForVotes(306)) - f61a4b31-682a-41d1-a434-a20bd71c25fb@group-99362A9385E5-LeaderElection41 ELECTION round 0: submit vote requests at term 10 for 0: [da611cd8-d6f8-40e9-9825-4d5039a9b9e1|rpc:10.1.0.34:39351|dataStream:|priority:1, a5053940-3165-42e9-acd7-ef11441d188e|rpc:10.1.0.34:35549|dataStream:|priority:0, f61a4b31-682a-41d1-a434-a20bd71c25fb|rpc:10.1.0.34:43123|dataStream:|priority:0], old=null
2022-02-08 13:53:28,843 [f61a4b31-682a-41d1-a434-a20bd71c25fb@group-99362A9385E5-LeaderElection41] INFO  impl.LeaderElection (LogUtils.java:infoOrTrace(137)) - f61a4b31-682a-41d1-a434-a20bd71c25fb@group-99362A9385E5-LeaderElection41 got exception when requesting votes: java.util.concurrent.ExecutionException: org.apache.ratis.thirdparty.io.grpc.StatusRuntimeException: UNAVAILABLE: io exception
2022-02-08 13:53:28,844 [f61a4b31-682a-41d1-a434-a20bd71c25fb@group-99362A9385E5-LeaderElection41] INFO  impl.LeaderElection (LogUtils.java:infoOrTrace(137)) - f61a4b31-682a-41d1-a434-a20bd71c25fb@group-99362A9385E5-LeaderElection41 got exception when requesting votes: java.util.concurrent.ExecutionException: org.apache.ratis.thirdparty.io.grpc.StatusRuntimeException: UNAVAILABLE: io exception
2022-02-08 13:53:28,844 [f61a4b31-682a-41d1-a434-a20bd71c25fb@group-99362A9385E5-LeaderElection41] INFO  impl.LeaderElection (LeaderElection.java:logAndReturn(89)) - f61a4b31-682a-41d1-a434-a20bd71c25fb@group-99362A9385E5-LeaderElection41: ELECTION REJECTED received 0 response(s) and 2 exception(s):
2022-02-08 13:53:28,844 [f61a4b31-682a-41d1-a434-a20bd71c25fb@group-99362A9385E5-LeaderElection41] INFO  impl.LeaderElection (LogUtils.java:infoOrTrace(137)) -   Exception 0: java.util.concurrent.ExecutionException: org.apache.ratis.thirdparty.io.grpc.StatusRuntimeException: UNAVAILABLE: io exception
2022-02-08 13:53:28,844 [f61a4b31-682a-41d1-a434-a20bd71c25fb@group-99362A9385E5-LeaderElection41] INFO  impl.LeaderElection (LogUtils.java:infoOrTrace(137)) -   Exception 1: java.util.concurrent.ExecutionException: org.apache.ratis.thirdparty.io.grpc.StatusRuntimeException: UNAVAILABLE: io exception
2022-02-08 13:53:28,844 [f61a4b31-682a-41d1-a434-a20bd71c25fb@group-99362A9385E5-LeaderElection41] INFO  impl.LeaderElection (LeaderElection.java:askForVotes(308)) - f61a4b31-682a-41d1-a434-a20bd71c25fb@group-99362A9385E5-LeaderElection41 ELECTION round 0: result REJECTED
2022-02-08 13:53:28,844 [f61a4b31-682a-41d1-a434-a20bd71c25fb@group-99362A9385E5-LeaderElection41] INFO  server.RaftServer$Division (RaftServerImpl.java:setRole(290)) - f61a4b31-682a-41d1-a434-a20bd71c25fb@group-99362A9385E5: changes role from CANDIDATE to FOLLOWER at term 10 for REJECTED
2022-02-08 13:53:28,844 [f61a4b31-682a-41d1-a434-a20bd71c25fb@group-99362A9385E5-LeaderElection41] INFO  impl.RoleInfo (RoleInfo.java:shutdownLeaderElection(121)) - f61a4b31-682a-41d1-a434-a20bd71c25fb: shutdown f61a4b31-682a-41d1-a434-a20bd71c25fb@group-99362A9385E5-LeaderElection41
2022-02-08 13:53:28,844 [f61a4b31-682a-41d1-a434-a20bd71c25fb@group-99362A9385E5-LeaderElection41] INFO  impl.RoleInfo (RoleInfo.java:updateAndGet(130)) - f61a4b31-682a-41d1-a434-a20bd71c25fb: start f61a4b31-682a-41d1-a434-a20bd71c25fb@group-99362A9385E5-FollowerState
2022-02-08 13:53:29,053 [Listener at 127.0.0.1/36213] INFO  ozoneimpl.OzoneContainer (OzoneContainer.java:stop(336)) - Attempting to stop container services.
2022-02-08 13:53:29,054 [Listener at 127.0.0.1/36213] INFO  server.RaftServer (RaftServerProxy.java:lambda$close$6(391)) - f61a4b31-682a-41d1-a434-a20bd71c25fb: close
2022-02-08 13:53:29,055 [Listener at 127.0.0.1/36213] INFO  server.RaftServer$Division (RaftServerImpl.java:lambda$close$4(412)) - f61a4b31-682a-41d1-a434-a20bd71c25fb@group-99362A9385E5: shutdown
2022-02-08 13:53:29,055 [Listener at 127.0.0.1/36213] INFO  util.JmxRegister (JmxRegister.java:unregister(73)) - Successfully un-registered JMX Bean with object name Ratis:service=RaftServer,group=group-99362A9385E5,id=f61a4b31-682a-41d1-a434-a20bd71c25fb
2022-02-08 13:53:29,055 [Listener at 127.0.0.1/36213] INFO  impl.RoleInfo (RoleInfo.java:shutdownFollowerState(108)) - f61a4b31-682a-41d1-a434-a20bd71c25fb: shutdown f61a4b31-682a-41d1-a434-a20bd71c25fb@group-99362A9385E5-FollowerState
2022-02-08 13:53:29,055 [Listener at 127.0.0.1/36213] INFO  impl.StateMachineUpdater (StateMachineUpdater.java:stopAndJoin(149)) - f61a4b31-682a-41d1-a434-a20bd71c25fb@group-99362A9385E5-StateMachineUpdater: set stopIndex = 0
2022-02-08 13:53:29,055 [f61a4b31-682a-41d1-a434-a20bd71c25fb@group-99362A9385E5-FollowerState] INFO  impl.FollowerState (FollowerState.java:run(143)) - f61a4b31-682a-41d1-a434-a20bd71c25fb@group-99362A9385E5-FollowerState was interrupted: {}
java.lang.InterruptedException: sleep interrupted
	at java.lang.Thread.sleep(Native Method)
	at java.lang.Thread.sleep(Thread.java:340)
	at java.util.concurrent.TimeUnit.sleep(TimeUnit.java:386)
	at org.apache.ratis.util.TimeDuration.sleep(TimeDuration.java:324)
	at org.apache.ratis.util.TimeDuration.sleep(TimeDuration.java:309)
	at org.apache.ratis.server.impl.FollowerState.run(FollowerState.java:118)
2022-02-08 13:53:29,055 [f61a4b31-682a-41d1-a434-a20bd71c25fb@group-99362A9385E5-StateMachineUpdater] INFO  ratis.ContainerStateMachine (ContainerStateMachine.java:takeSnapshot(299)) - group-99362A9385E5: Taking a snapshot at:(t:9, i:0) file /home/runner/work/ozone/ozone/hadoop-ozone/integration-test/target/test-dir/MiniOzoneClusterImpl-44b62ea4-a9d0-4540-a736-82fb29945a00/datanode-5/data/ratis/5b69d1c0-01d2-451e-b624-99362a9385e5/sm/snapshot.9_0
2022-02-08 13:53:29,056 [f61a4b31-682a-41d1-a434-a20bd71c25fb@group-99362A9385E5-StateMachineUpdater] INFO  ratis.ContainerStateMachine (ContainerStateMachine.java:takeSnapshot(310)) - group-99362A9385E5: Finished taking a snapshot at:(t:9, i:0) file:/home/runner/work/ozone/ozone/hadoop-ozone/integration-test/target/test-dir/MiniOzoneClusterImpl-44b62ea4-a9d0-4540-a736-82fb29945a00/datanode-5/data/ratis/5b69d1c0-01d2-451e-b624-99362a9385e5/sm/snapshot.9_0 took: 2 ms
2022-02-08 13:53:29,057 [f61a4b31-682a-41d1-a434-a20bd71c25fb@group-99362A9385E5-StateMachineUpdater] INFO  impl.StateMachineUpdater (StateMachineUpdater.java:takeSnapshot(281)) - f61a4b31-682a-41d1-a434-a20bd71c25fb@group-99362A9385E5-StateMachineUpdater: Took a snapshot at index 0
2022-02-08 13:53:29,057 [f61a4b31-682a-41d1-a434-a20bd71c25fb@group-99362A9385E5-StateMachineUpdater] INFO  impl.StateMachineUpdater (StateMachineUpdater.java:lambda$new$0(89)) - f61a4b31-682a-41d1-a434-a20bd71c25fb@group-99362A9385E5-StateMachineUpdater: snapshotIndex: updateIncreasingly -1 -> 0
2022-02-08 13:53:29,057 [Listener at 127.0.0.1/36213] INFO  server.RaftServer$Division (ServerState.java:close(419)) - f61a4b31-682a-41d1-a434-a20bd71c25fb@group-99362A9385E5: closes. applyIndex: 0
2022-02-08 13:53:29,057 [f61a4b31-682a-41d1-a434-a20bd71c25fb@group-99362A9385E5-SegmentedRaftLogWorker] INFO  segmented.SegmentedRaftLogWorker (SegmentedRaftLogWorker.java:run(327)) - f61a4b31-682a-41d1-a434-a20bd71c25fb@group-99362A9385E5-SegmentedRaftLogWorker was interrupted, exiting. There are 0 tasks remaining in the queue.
2022-02-08 13:53:29,058 [Listener at 127.0.0.1/36213] INFO  segmented.SegmentedRaftLogWorker (SegmentedRaftLogWorker.java:close(237)) - f61a4b31-682a-41d1-a434-a20bd71c25fb@group-99362A9385E5-SegmentedRaftLogWorker close()
2022-02-08 13:53:29,059 [Listener at 127.0.0.1/36213] INFO  server.RaftServer$Division (RaftServerImpl.java:lambda$close$4(412)) - f61a4b31-682a-41d1-a434-a20bd71c25fb@group-3EFC0426B04C: shutdown
2022-02-08 13:53:29,059 [Listener at 127.0.0.1/36213] INFO  util.JmxRegister (JmxRegister.java:unregister(73)) - Successfully un-registered JMX Bean with object name Ratis:service=RaftServer,group=group-3EFC0426B04C,id=f61a4b31-682a-41d1-a434-a20bd71c25fb
2022-02-08 13:53:29,059 [Listener at 127.0.0.1/36213] INFO  impl.RoleInfo (RoleInfo.java:shutdownLeaderState(91)) - f61a4b31-682a-41d1-a434-a20bd71c25fb: shutdown f61a4b31-682a-41d1-a434-a20bd71c25fb@group-3EFC0426B04C-LeaderStateImpl
2022-02-08 13:53:29,060 [Listener at 127.0.0.1/36213] INFO  impl.PendingRequests (PendingRequests.java:sendNotLeaderResponses(282)) - f61a4b31-682a-41d1-a434-a20bd71c25fb@group-3EFC0426B04C-PendingRequests: sendNotLeaderResponses
2022-02-08 13:53:29,061 [f61a4b31-682a-41d1-a434-a20bd71c25fb@group-3EFC0426B04C-StateMachineUpdater] INFO  ratis.ContainerStateMachine (ContainerStateMachine.java:takeSnapshot(299)) - group-3EFC0426B04C: Taking a snapshot at:(t:1, i:0) file /home/runner/work/ozone/ozone/hadoop-ozone/integration-test/target/test-dir/MiniOzoneClusterImpl-44b62ea4-a9d0-4540-a736-82fb29945a00/datanode-5/data/ratis/76856bf5-1ed6-4d95-ad34-3efc0426b04c/sm/snapshot.1_0
2022-02-08 13:53:29,061 [Listener at 127.0.0.1/36213] INFO  impl.StateMachineUpdater (StateMachineUpdater.java:stopAndJoin(149)) - f61a4b31-682a-41d1-a434-a20bd71c25fb@group-3EFC0426B04C-StateMachineUpdater: set stopIndex = 0
2022-02-08 13:53:29,061 [f61a4b31-682a-41d1-a434-a20bd71c25fb@group-3EFC0426B04C-StateMachineUpdater] INFO  ratis.ContainerStateMachine (ContainerStateMachine.java:takeSnapshot(310)) - group-3EFC0426B04C: Finished taking a snapshot at:(t:1, i:0) file:/home/runner/work/ozone/ozone/hadoop-ozone/integration-test/target/test-dir/MiniOzoneClusterImpl-44b62ea4-a9d0-4540-a736-82fb29945a00/datanode-5/data/ratis/76856bf5-1ed6-4d95-ad34-3efc0426b04c/sm/snapshot.1_0 took: 1 ms
2022-02-08 13:53:29,062 [f61a4b31-682a-41d1-a434-a20bd71c25fb@group-3EFC0426B04C-StateMachineUpdater] INFO  impl.StateMachineUpdater (StateMachineUpdater.java:takeSnapshot(281)) - f61a4b31-682a-41d1-a434-a20bd71c25fb@group-3EFC0426B04C-StateMachineUpdater: Took a snapshot at index 0
2022-02-08 13:53:29,062 [f61a4b31-682a-41d1-a434-a20bd71c25fb@group-3EFC0426B04C-StateMachineUpdater] INFO  impl.StateMachineUpdater (StateMachineUpdater.java:lambda$new$0(89)) - f61a4b31-682a-41d1-a434-a20bd71c25fb@group-3EFC0426B04C-StateMachineUpdater: snapshotIndex: updateIncreasingly -1 -> 0
2022-02-08 13:53:29,062 [Listener at 127.0.0.1/36213] INFO  server.RaftServer$Division (ServerState.java:close(419)) - f61a4b31-682a-41d1-a434-a20bd71c25fb@group-3EFC0426B04C: closes. applyIndex: 0
2022-02-08 13:53:29,062 [f61a4b31-682a-41d1-a434-a20bd71c25fb@group-3EFC0426B04C-SegmentedRaftLogWorker] INFO  segmented.SegmentedRaftLogWorker (SegmentedRaftLogWorker.java:run(327)) - f61a4b31-682a-41d1-a434-a20bd71c25fb@group-3EFC0426B04C-SegmentedRaftLogWorker was interrupted, exiting. There are 0 tasks remaining in the queue.
2022-02-08 13:53:29,063 [Listener at 127.0.0.1/36213] INFO  segmented.SegmentedRaftLogWorker (SegmentedRaftLogWorker.java:close(237)) - f61a4b31-682a-41d1-a434-a20bd71c25fb@group-3EFC0426B04C-SegmentedRaftLogWorker close()
2022-02-08 13:53:29,064 [Listener at 127.0.0.1/36213] INFO  server.GrpcService (GrpcService.java:closeImpl(262)) - f61a4b31-682a-41d1-a434-a20bd71c25fb: shutdown server with port 43123 now
2022-02-08 13:53:29,078 [Listener at 127.0.0.1/36213] INFO  server.GrpcService (GrpcService.java:closeImpl(271)) - f61a4b31-682a-41d1-a434-a20bd71c25fb: shutdown server with port 43123 successfully
2022-02-08 13:53:29,078 [org.apache.ratis.util.JvmPauseMonitor$$Lambda$431/1827212229@3f0764b8] INFO  util.JvmPauseMonitor (JvmPauseMonitor.java:run(109)) - JvmPauseMonitor-f61a4b31-682a-41d1-a434-a20bd71c25fb: Stopped
2022-02-08 13:53:29,079 [ForkJoinPool.commonPool-worker-1] INFO  ozoneimpl.OzoneContainer (OzoneContainer.java:stop(336)) - Attempting to stop container services.
2022-02-08 13:53:29,080 [ForkJoinPool.commonPool-worker-1] INFO  server.RaftServer (RaftServerProxy.java:lambda$close$6(391)) - 74cc591c-4d52-479e-aacc-08a66935e120: close
2022-02-08 13:53:29,080 [ForkJoinPool.commonPool-worker-1] INFO  server.RaftServer$Division (RaftServerImpl.java:lambda$close$4(412)) - 74cc591c-4d52-479e-aacc-08a66935e120@group-3C477149A74C: shutdown
2022-02-08 13:53:29,080 [ForkJoinPool.commonPool-worker-1] INFO  util.JmxRegister (JmxRegister.java:unregister(73)) - Successfully un-registered JMX Bean with object name Ratis:service=RaftServer,group=group-3C477149A74C,id=74cc591c-4d52-479e-aacc-08a66935e120
2022-02-08 13:53:29,080 [ForkJoinPool.commonPool-worker-1] INFO  impl.RoleInfo (RoleInfo.java:shutdownLeaderState(91)) - 74cc591c-4d52-479e-aacc-08a66935e120: shutdown 74cc591c-4d52-479e-aacc-08a66935e120@group-3C477149A74C-LeaderStateImpl
2022-02-08 13:53:29,080 [ForkJoinPool.commonPool-worker-1] INFO  impl.PendingRequests (PendingRequests.java:sendNotLeaderResponses(282)) - 74cc591c-4d52-479e-aacc-08a66935e120@group-3C477149A74C-PendingRequests: sendNotLeaderResponses
2022-02-08 13:53:29,081 [ForkJoinPool.commonPool-worker-1] INFO  impl.StateMachineUpdater (StateMachineUpdater.java:stopAndJoin(149)) - 74cc591c-4d52-479e-aacc-08a66935e120@group-3C477149A74C-StateMachineUpdater: set stopIndex = 0
2022-02-08 13:53:29,081 [74cc591c-4d52-479e-aacc-08a66935e120@group-3C477149A74C-StateMachineUpdater] INFO  ratis.ContainerStateMachine (ContainerStateMachine.java:takeSnapshot(299)) - group-3C477149A74C: Taking a snapshot at:(t:1, i:0) file /home/runner/work/ozone/ozone/hadoop-ozone/integration-test/target/test-dir/MiniOzoneClusterImpl-44b62ea4-a9d0-4540-a736-82fb29945a00/datanode-0/data/ratis/fade1a64-d0d1-4281-9e9b-3c477149a74c/sm/snapshot.1_0
2022-02-08 13:53:29,082 [74cc591c-4d52-479e-aacc-08a66935e120@group-3C477149A74C-StateMachineUpdater] INFO  ratis.ContainerStateMachine (ContainerStateMachine.java:takeSnapshot(310)) - group-3C477149A74C: Finished taking a snapshot at:(t:1, i:0) file:/home/runner/work/ozone/ozone/hadoop-ozone/integration-test/target/test-dir/MiniOzoneClusterImpl-44b62ea4-a9d0-4540-a736-82fb29945a00/datanode-0/data/ratis/fade1a64-d0d1-4281-9e9b-3c477149a74c/sm/snapshot.1_0 took: 2 ms
2022-02-08 13:53:29,083 [74cc591c-4d52-479e-aacc-08a66935e120@group-3C477149A74C-StateMachineUpdater] INFO  impl.StateMachineUpdater (StateMachineUpdater.java:takeSnapshot(281)) - 74cc591c-4d52-479e-aacc-08a66935e120@group-3C477149A74C-StateMachineUpdater: Took a snapshot at index 0
2022-02-08 13:53:29,083 [74cc591c-4d52-479e-aacc-08a66935e120@group-3C477149A74C-StateMachineUpdater] INFO  impl.StateMachineUpdater (StateMachineUpdater.java:lambda$new$0(89)) - 74cc591c-4d52-479e-aacc-08a66935e120@group-3C477149A74C-StateMachineUpdater: snapshotIndex: updateIncreasingly -1 -> 0
2022-02-08 13:53:29,083 [ForkJoinPool.commonPool-worker-1] INFO  server.RaftServer$Division (ServerState.java:close(419)) - 74cc591c-4d52-479e-aacc-08a66935e120@group-3C477149A74C: closes. applyIndex: 0
2022-02-08 13:53:29,083 [74cc591c-4d52-479e-aacc-08a66935e120@group-3C477149A74C-SegmentedRaftLogWorker] INFO  segmented.SegmentedRaftLogWorker (SegmentedRaftLogWorker.java:run(327)) - 74cc591c-4d52-479e-aacc-08a66935e120@group-3C477149A74C-SegmentedRaftLogWorker was interrupted, exiting. There are 0 tasks remaining in the queue.
2022-02-08 13:53:29,083 [ForkJoinPool.commonPool-worker-1] INFO  segmented.SegmentedRaftLogWorker (SegmentedRaftLogWorker.java:close(237)) - 74cc591c-4d52-479e-aacc-08a66935e120@group-3C477149A74C-SegmentedRaftLogWorker close()
2022-02-08 13:53:29,086 [ForkJoinPool.commonPool-worker-1] INFO  server.RaftServer$Division (RaftServerImpl.java:lambda$close$4(412)) - 74cc591c-4d52-479e-aacc-08a66935e120@group-25469F3653D4: shutdown
2022-02-08 13:53:29,086 [ForkJoinPool.commonPool-worker-1] INFO  util.JmxRegister (JmxRegister.java:unregister(73)) - Successfully un-registered JMX Bean with object name Ratis:service=RaftServer,group=group-25469F3653D4,id=74cc591c-4d52-479e-aacc-08a66935e120
2022-02-08 13:53:29,087 [ForkJoinPool.commonPool-worker-1] INFO  impl.RoleInfo (RoleInfo.java:shutdownFollowerState(108)) - 74cc591c-4d52-479e-aacc-08a66935e120: shutdown 74cc591c-4d52-479e-aacc-08a66935e120@group-25469F3653D4-FollowerState
2022-02-08 13:53:29,087 [74cc591c-4d52-479e-aacc-08a66935e120@group-25469F3653D4-FollowerState] INFO  impl.FollowerState (FollowerState.java:run(143)) - 74cc591c-4d52-479e-aacc-08a66935e120@group-25469F3653D4-FollowerState was interrupted: {}
java.lang.InterruptedException: sleep interrupted
	at java.lang.Thread.sleep(Native Method)
	at java.lang.Thread.sleep(Thread.java:340)
	at java.util.concurrent.TimeUnit.sleep(TimeUnit.java:386)
	at org.apache.ratis.util.TimeDuration.sleep(TimeDuration.java:324)
	at org.apache.ratis.util.TimeDuration.sleep(TimeDuration.java:309)
	at org.apache.ratis.server.impl.FollowerState.run(FollowerState.java:118)
2022-02-08 13:53:29,087 [74cc591c-4d52-479e-aacc-08a66935e120@group-25469F3653D4-StateMachineUpdater] INFO  ratis.ContainerStateMachine (ContainerStateMachine.java:takeSnapshot(299)) - group-25469F3653D4: Taking a snapshot at:(t:1, i:11) file /home/runner/work/ozone/ozone/hadoop-ozone/integration-test/target/test-dir/MiniOzoneClusterImpl-44b62ea4-a9d0-4540-a736-82fb29945a00/datanode-0/data/ratis/60fdb779-c7c1-4438-b616-25469f3653d4/sm/snapshot.1_11
2022-02-08 13:53:29,087 [ForkJoinPool.commonPool-worker-1] INFO  impl.StateMachineUpdater (StateMachineUpdater.java:stopAndJoin(149)) - 74cc591c-4d52-479e-aacc-08a66935e120@group-25469F3653D4-StateMachineUpdater: set stopIndex = 11
2022-02-08 13:53:29,088 [74cc591c-4d52-479e-aacc-08a66935e120@group-25469F3653D4-StateMachineUpdater] INFO  ratis.ContainerStateMachine (ContainerStateMachine.java:takeSnapshot(310)) - group-25469F3653D4: Finished taking a snapshot at:(t:1, i:11) file:/home/runner/work/ozone/ozone/hadoop-ozone/integration-test/target/test-dir/MiniOzoneClusterImpl-44b62ea4-a9d0-4540-a736-82fb29945a00/datanode-0/data/ratis/60fdb779-c7c1-4438-b616-25469f3653d4/sm/snapshot.1_11 took: 1 ms
2022-02-08 13:53:29,088 [74cc591c-4d52-479e-aacc-08a66935e120@group-25469F3653D4-StateMachineUpdater] INFO  impl.StateMachineUpdater (StateMachineUpdater.java:takeSnapshot(281)) - 74cc591c-4d52-479e-aacc-08a66935e120@group-25469F3653D4-StateMachineUpdater: Took a snapshot at index 11
2022-02-08 13:53:29,088 [74cc591c-4d52-479e-aacc-08a66935e120@group-25469F3653D4-StateMachineUpdater] INFO  impl.StateMachineUpdater (StateMachineUpdater.java:lambda$new$0(89)) - 74cc591c-4d52-479e-aacc-08a66935e120@group-25469F3653D4-StateMachineUpdater: snapshotIndex: updateIncreasingly -1 -> 11
2022-02-08 13:53:29,089 [ForkJoinPool.commonPool-worker-1] INFO  server.RaftServer$Division (ServerState.java:close(419)) - 74cc591c-4d52-479e-aacc-08a66935e120@group-25469F3653D4: closes. applyIndex: 11
2022-02-08 13:53:29,090 [74cc591c-4d52-479e-aacc-08a66935e120@group-25469F3653D4-SegmentedRaftLogWorker] INFO  segmented.SegmentedRaftLogWorker (SegmentedRaftLogWorker.java:run(327)) - 74cc591c-4d52-479e-aacc-08a66935e120@group-25469F3653D4-SegmentedRaftLogWorker was interrupted, exiting. There are 0 tasks remaining in the queue.
2022-02-08 13:53:29,090 [ForkJoinPool.commonPool-worker-1] INFO  segmented.SegmentedRaftLogWorker (SegmentedRaftLogWorker.java:close(237)) - 74cc591c-4d52-479e-aacc-08a66935e120@group-25469F3653D4-SegmentedRaftLogWorker close()
2022-02-08 13:53:29,106 [ForkJoinPool.commonPool-worker-1] INFO  server.GrpcService (GrpcService.java:closeImpl(262)) - 74cc591c-4d52-479e-aacc-08a66935e120: shutdown server with port 33121 now
2022-02-08 13:53:29,107 [ForkJoinPool.commonPool-worker-1] INFO  server.GrpcService (GrpcService.java:closeImpl(271)) - 74cc591c-4d52-479e-aacc-08a66935e120: shutdown server with port 33121 successfully
2022-02-08 13:53:29,108 [org.apache.ratis.util.JvmPauseMonitor$$Lambda$431/1827212229@27d07b64] INFO  util.JvmPauseMonitor (JvmPauseMonitor.java:run(109)) - JvmPauseMonitor-74cc591c-4d52-479e-aacc-08a66935e120: Stopped
2022-02-08 13:53:29,474 [5f9aa48b-2f61-4154-bb84-50a0aaf99a3b@group-6046E76B0741-FollowerState] INFO  impl.FollowerState (FollowerState.java:run(134)) - 5f9aa48b-2f61-4154-bb84-50a0aaf99a3b@group-6046E76B0741-FollowerState: change to CANDIDATE, lastRpcElapsedTime:5053907555ns, electionTimeout:5045ms
2022-02-08 13:53:29,474 [5f9aa48b-2f61-4154-bb84-50a0aaf99a3b@group-6046E76B0741-FollowerState] INFO  impl.RoleInfo (RoleInfo.java:shutdownFollowerState(108)) - 5f9aa48b-2f61-4154-bb84-50a0aaf99a3b: shutdown 5f9aa48b-2f61-4154-bb84-50a0aaf99a3b@group-6046E76B0741-FollowerState
2022-02-08 13:53:29,474 [5f9aa48b-2f61-4154-bb84-50a0aaf99a3b@group-6046E76B0741-FollowerState] INFO  server.RaftServer$Division (RaftServerImpl.java:setRole(290)) - 5f9aa48b-2f61-4154-bb84-50a0aaf99a3b@group-6046E76B0741: changes role from  FOLLOWER to CANDIDATE at term 10 for changeToCandidate
2022-02-08 13:53:29,475 [5f9aa48b-2f61-4154-bb84-50a0aaf99a3b@group-6046E76B0741-FollowerState] INFO  server.RaftServerConfigKeys (ConfUtils.java:logGet(44)) - raft.server.leaderelection.pre-vote = false (custom)
2022-02-08 13:53:29,475 [5f9aa48b-2f61-4154-bb84-50a0aaf99a3b@group-6046E76B0741-FollowerState] INFO  impl.RoleInfo (RoleInfo.java:updateAndGet(130)) - 5f9aa48b-2f61-4154-bb84-50a0aaf99a3b: start 5f9aa48b-2f61-4154-bb84-50a0aaf99a3b@group-6046E76B0741-LeaderElection42
2022-02-08 13:53:29,485 [5f9aa48b-2f61-4154-bb84-50a0aaf99a3b@group-6046E76B0741-LeaderElection42] INFO  impl.LeaderElection (LeaderElection.java:askForVotes(306)) - 5f9aa48b-2f61-4154-bb84-50a0aaf99a3b@group-6046E76B0741-LeaderElection42 ELECTION round 0: submit vote requests at term 11 for -1: [a7553d9d-67d8-423e-ad9b-7e30726581c7|rpc:10.1.0.34:32871|dataStream:|priority:0, 5f9aa48b-2f61-4154-bb84-50a0aaf99a3b|rpc:10.1.0.34:40765|dataStream:|priority:0, db4f20b8-0dce-4a7c-897b-5d9165b059cf|rpc:10.1.0.34:43059|dataStream:|priority:1], old=null
2022-02-08 13:53:29,497 [db4f20b8-0dce-4a7c-897b-5d9165b059cf@group-6046E76B0741-FollowerState] INFO  impl.FollowerState (FollowerState.java:run(134)) - db4f20b8-0dce-4a7c-897b-5d9165b059cf@group-6046E76B0741-FollowerState: change to CANDIDATE, lastRpcElapsedTime:5099791167ns, electionTimeout:5083ms
2022-02-08 13:53:29,497 [db4f20b8-0dce-4a7c-897b-5d9165b059cf@group-6046E76B0741-FollowerState] INFO  impl.RoleInfo (RoleInfo.java:shutdownFollowerState(108)) - db4f20b8-0dce-4a7c-897b-5d9165b059cf: shutdown db4f20b8-0dce-4a7c-897b-5d9165b059cf@group-6046E76B0741-FollowerState
2022-02-08 13:53:29,498 [db4f20b8-0dce-4a7c-897b-5d9165b059cf@group-6046E76B0741-FollowerState] INFO  server.RaftServer$Division (RaftServerImpl.java:setRole(290)) - db4f20b8-0dce-4a7c-897b-5d9165b059cf@group-6046E76B0741: changes role from  FOLLOWER to CANDIDATE at term 10 for changeToCandidate
2022-02-08 13:53:29,499 [grpc-default-executor-2] INFO  server.RaftServer$Division (RaftServerImpl.java:requestVote(1046)) - a7553d9d-67d8-423e-ad9b-7e30726581c7@group-6046E76B0741: receive requestVote(ELECTION, 5f9aa48b-2f61-4154-bb84-50a0aaf99a3b, group-6046E76B0741, 11, (t:0, i:0))
2022-02-08 13:53:29,499 [grpc-default-executor-2] INFO  impl.VoteContext (VoteContext.java:log(48)) - a7553d9d-67d8-423e-ad9b-7e30726581c7@group-6046E76B0741-FOLLOWER: accept ELECTION from 5f9aa48b-2f61-4154-bb84-50a0aaf99a3b: our priority 0 <= candidate's priority 0
2022-02-08 13:53:29,499 [grpc-default-executor-2] INFO  server.RaftServer$Division (RaftServerImpl.java:setRole(290)) - a7553d9d-67d8-423e-ad9b-7e30726581c7@group-6046E76B0741: changes role from  FOLLOWER to FOLLOWER at term 11 for candidate:5f9aa48b-2f61-4154-bb84-50a0aaf99a3b
2022-02-08 13:53:29,499 [grpc-default-executor-2] INFO  impl.RoleInfo (RoleInfo.java:shutdownFollowerState(108)) - a7553d9d-67d8-423e-ad9b-7e30726581c7: shutdown a7553d9d-67d8-423e-ad9b-7e30726581c7@group-6046E76B0741-FollowerState
2022-02-08 13:53:29,504 [a7553d9d-67d8-423e-ad9b-7e30726581c7@group-6046E76B0741-FollowerState] INFO  impl.FollowerState (FollowerState.java:run(127)) - a7553d9d-67d8-423e-ad9b-7e30726581c7@group-6046E76B0741-FollowerState: Stopping now (isRunning? false, isFollower? true)
2022-02-08 13:53:29,504 [grpc-default-executor-2] INFO  impl.RoleInfo (RoleInfo.java:updateAndGet(130)) - a7553d9d-67d8-423e-ad9b-7e30726581c7: start a7553d9d-67d8-423e-ad9b-7e30726581c7@group-6046E76B0741-FollowerState
2022-02-08 13:53:29,504 [db4f20b8-0dce-4a7c-897b-5d9165b059cf@group-6046E76B0741-FollowerState] INFO  server.RaftServerConfigKeys (ConfUtils.java:logGet(44)) - raft.server.leaderelection.pre-vote = false (custom)
2022-02-08 13:53:29,504 [db4f20b8-0dce-4a7c-897b-5d9165b059cf@group-6046E76B0741-FollowerState] INFO  impl.RoleInfo (RoleInfo.java:updateAndGet(130)) - db4f20b8-0dce-4a7c-897b-5d9165b059cf: start db4f20b8-0dce-4a7c-897b-5d9165b059cf@group-6046E76B0741-LeaderElection43
2022-02-08 13:53:29,506 [grpc-default-executor-3] INFO  server.RaftServer$Division (RaftServerImpl.java:requestVote(1046)) - db4f20b8-0dce-4a7c-897b-5d9165b059cf@group-6046E76B0741: receive requestVote(ELECTION, 5f9aa48b-2f61-4154-bb84-50a0aaf99a3b, group-6046E76B0741, 11, (t:0, i:0))
2022-02-08 13:53:29,517 [grpc-default-executor-3] INFO  impl.VoteContext (VoteContext.java:log(48)) - db4f20b8-0dce-4a7c-897b-5d9165b059cf@group-6046E76B0741-CANDIDATE: reject ELECTION from 5f9aa48b-2f61-4154-bb84-50a0aaf99a3b: our priority 1 > candidate's priority 0
2022-02-08 13:53:29,517 [grpc-default-executor-2] INFO  server.RaftServer$Division (RaftServerImpl.java:requestVote(1078)) - a7553d9d-67d8-423e-ad9b-7e30726581c7@group-6046E76B0741 replies to ELECTION vote request: 5f9aa48b-2f61-4154-bb84-50a0aaf99a3b<-a7553d9d-67d8-423e-ad9b-7e30726581c7#0:OK-t11. Peer's state: a7553d9d-67d8-423e-ad9b-7e30726581c7@group-6046E76B0741:t11, leader=null, voted=5f9aa48b-2f61-4154-bb84-50a0aaf99a3b, raftlog=a7553d9d-67d8-423e-ad9b-7e30726581c7@group-6046E76B0741-SegmentedRaftLog:OPENED:c-1, conf=-1: [a7553d9d-67d8-423e-ad9b-7e30726581c7|rpc:10.1.0.34:32871|priority:0, 5f9aa48b-2f61-4154-bb84-50a0aaf99a3b|rpc:10.1.0.34:40765|priority:0, db4f20b8-0dce-4a7c-897b-5d9165b059cf|rpc:10.1.0.34:43059|priority:1], old=null
2022-02-08 13:53:29,517 [grpc-default-executor-3] INFO  server.RaftServer$Division (RaftServerImpl.java:setRole(290)) - db4f20b8-0dce-4a7c-897b-5d9165b059cf@group-6046E76B0741: changes role from CANDIDATE to FOLLOWER at term 11 for candidate:5f9aa48b-2f61-4154-bb84-50a0aaf99a3b
2022-02-08 13:53:29,517 [grpc-default-executor-3] INFO  impl.RoleInfo (RoleInfo.java:shutdownLeaderElection(121)) - db4f20b8-0dce-4a7c-897b-5d9165b059cf: shutdown db4f20b8-0dce-4a7c-897b-5d9165b059cf@group-6046E76B0741-LeaderElection43
2022-02-08 13:53:29,517 [grpc-default-executor-3] INFO  impl.RoleInfo (RoleInfo.java:updateAndGet(130)) - db4f20b8-0dce-4a7c-897b-5d9165b059cf: start db4f20b8-0dce-4a7c-897b-5d9165b059cf@group-6046E76B0741-FollowerState
2022-02-08 13:53:29,518 [db4f20b8-0dce-4a7c-897b-5d9165b059cf@group-6046E76B0741-LeaderElection43] INFO  impl.LeaderElection (LeaderElection.java:run(230)) - db4f20b8-0dce-4a7c-897b-5d9165b059cf@group-6046E76B0741-LeaderElection43: skip running since this is already CLOSING
2022-02-08 13:53:29,527 [grpc-default-executor-3] INFO  server.RaftServer$Division (RaftServerImpl.java:requestVote(1078)) - db4f20b8-0dce-4a7c-897b-5d9165b059cf@group-6046E76B0741 replies to ELECTION vote request: 5f9aa48b-2f61-4154-bb84-50a0aaf99a3b<-db4f20b8-0dce-4a7c-897b-5d9165b059cf#0:FAIL-t11. Peer's state: db4f20b8-0dce-4a7c-897b-5d9165b059cf@group-6046E76B0741:t11, leader=null, voted=null, raftlog=db4f20b8-0dce-4a7c-897b-5d9165b059cf@group-6046E76B0741-SegmentedRaftLog:OPENED:c-1, conf=-1: [a7553d9d-67d8-423e-ad9b-7e30726581c7|rpc:10.1.0.34:32871|dataStream:|priority:0, 5f9aa48b-2f61-4154-bb84-50a0aaf99a3b|rpc:10.1.0.34:40765|dataStream:|priority:0, db4f20b8-0dce-4a7c-897b-5d9165b059cf|rpc:10.1.0.34:43059|dataStream:|priority:1], old=null
2022-02-08 13:53:29,529 [5f9aa48b-2f61-4154-bb84-50a0aaf99a3b@group-6046E76B0741-LeaderElection42] INFO  impl.LeaderElection (LeaderElection.java:logAndReturn(89)) - 5f9aa48b-2f61-4154-bb84-50a0aaf99a3b@group-6046E76B0741-LeaderElection42: ELECTION REJECTED received 2 response(s) and 0 exception(s):
2022-02-08 13:53:29,529 [5f9aa48b-2f61-4154-bb84-50a0aaf99a3b@group-6046E76B0741-LeaderElection42] INFO  impl.LeaderElection (LeaderElection.java:logAndReturn(93)) -   Response 0: 5f9aa48b-2f61-4154-bb84-50a0aaf99a3b<-a7553d9d-67d8-423e-ad9b-7e30726581c7#0:OK-t11
2022-02-08 13:53:29,529 [5f9aa48b-2f61-4154-bb84-50a0aaf99a3b@group-6046E76B0741-LeaderElection42] INFO  impl.LeaderElection (LeaderElection.java:logAndReturn(93)) -   Response 1: 5f9aa48b-2f61-4154-bb84-50a0aaf99a3b<-db4f20b8-0dce-4a7c-897b-5d9165b059cf#0:FAIL-t11
2022-02-08 13:53:29,529 [5f9aa48b-2f61-4154-bb84-50a0aaf99a3b@group-6046E76B0741-LeaderElection42] INFO  impl.LeaderElection (LeaderElection.java:askForVotes(308)) - 5f9aa48b-2f61-4154-bb84-50a0aaf99a3b@group-6046E76B0741-LeaderElection42 ELECTION round 0: result REJECTED
2022-02-08 13:53:29,529 [5f9aa48b-2f61-4154-bb84-50a0aaf99a3b@group-6046E76B0741-LeaderElection42] INFO  server.RaftServer$Division (RaftServerImpl.java:setRole(290)) - 5f9aa48b-2f61-4154-bb84-50a0aaf99a3b@group-6046E76B0741: changes role from CANDIDATE to FOLLOWER at term 11 for REJECTED
2022-02-08 13:53:29,529 [5f9aa48b-2f61-4154-bb84-50a0aaf99a3b@group-6046E76B0741-LeaderElection42] INFO  impl.RoleInfo (RoleInfo.java:shutdownLeaderElection(121)) - 5f9aa48b-2f61-4154-bb84-50a0aaf99a3b: shutdown 5f9aa48b-2f61-4154-bb84-50a0aaf99a3b@group-6046E76B0741-LeaderElection42
2022-02-08 13:53:29,529 [5f9aa48b-2f61-4154-bb84-50a0aaf99a3b@group-6046E76B0741-LeaderElection42] INFO  impl.RoleInfo (RoleInfo.java:updateAndGet(130)) - 5f9aa48b-2f61-4154-bb84-50a0aaf99a3b: start 5f9aa48b-2f61-4154-bb84-50a0aaf99a3b@group-6046E76B0741-FollowerState
2022-02-08 13:53:31,089 [Listener at 127.0.0.1/36213] INFO  utils.BackgroundService (BackgroundService.java:shutdown(132)) - Shutting down service BlockDeletingService
2022-02-08 13:53:31,127 [ForkJoinPool.commonPool-worker-1] INFO  utils.BackgroundService (BackgroundService.java:shutdown(132)) - Shutting down service BlockDeletingService
2022-02-08 13:53:34,111 [Listener at 127.0.0.1/36213] INFO  statemachine.DatanodeStateMachine (DatanodeStateMachine.java:stopDaemon(529)) - Ozone container server stopped.
2022-02-08 13:53:34,112 [Listener at 127.0.0.1/36213] INFO  handler.ContextHandler (ContextHandler.java:doStop(1153)) - Stopped o.e.j.w.WebAppContext@1640a06f{hddsDatanode,/,null,STOPPED}{jar:file:/home/runner/.m2/repository/org/apache/ozone/hdds-container-service/1.3.0-SNAPSHOT/hdds-container-service-1.3.0-SNAPSHOT.jar!/webapps/hddsDatanode}
2022-02-08 13:53:34,114 [Listener at 127.0.0.1/36213] INFO  server.AbstractConnector (AbstractConnector.java:doStop(381)) - Stopped ServerConnector@785a632{HTTP/1.1, (http/1.1)}{0.0.0.0:0}
2022-02-08 13:53:34,114 [Listener at 127.0.0.1/36213] INFO  server.session (HouseKeeper.java:stopScavenging(149)) - node0 Stopped scavenging
2022-02-08 13:53:34,114 [Listener at 127.0.0.1/36213] INFO  handler.ContextHandler (ContextHandler.java:doStop(1153)) - Stopped o.e.j.s.ServletContextHandler@5a524a19{static,/static,jar:file:/home/runner/.m2/repository/org/apache/ozone/hdds-container-service/1.3.0-SNAPSHOT/hdds-container-service-1.3.0-SNAPSHOT.jar!/webapps/static,STOPPED}
2022-02-08 13:53:34,115 [Listener at 127.0.0.1/36213] INFO  handler.ContextHandler (ContextHandler.java:doStop(1153)) - Stopped o.e.j.s.ServletContextHandler@23184551{logs,/logs,file:///home/runner/work/ozone/ozone/hadoop-ozone/integration-test/target/log,STOPPED}
2022-02-08 13:53:34,130 [ForkJoinPool.commonPool-worker-1] INFO  statemachine.DatanodeStateMachine (DatanodeStateMachine.java:stopDaemon(529)) - Ozone container server stopped.
2022-02-08 13:53:34,133 [ForkJoinPool.commonPool-worker-1] INFO  handler.ContextHandler (ContextHandler.java:doStop(1153)) - Stopped o.e.j.w.WebAppContext@54236211{hddsDatanode,/,null,STOPPED}{jar:file:/home/runner/.m2/repository/org/apache/ozone/hdds-container-service/1.3.0-SNAPSHOT/hdds-container-service-1.3.0-SNAPSHOT.jar!/webapps/hddsDatanode}
2022-02-08 13:53:34,139 [ForkJoinPool.commonPool-worker-1] INFO  server.AbstractConnector (AbstractConnector.java:doStop(381)) - Stopped ServerConnector@537caf04{HTTP/1.1, (http/1.1)}{0.0.0.0:0}
2022-02-08 13:53:34,139 [ForkJoinPool.commonPool-worker-1] INFO  server.session (HouseKeeper.java:stopScavenging(149)) - node0 Stopped scavenging
2022-02-08 13:53:34,141 [ForkJoinPool.commonPool-worker-1] INFO  handler.ContextHandler (ContextHandler.java:doStop(1153)) - Stopped o.e.j.s.ServletContextHandler@35c8dd30{static,/static,jar:file:/home/runner/.m2/repository/org/apache/ozone/hdds-container-service/1.3.0-SNAPSHOT/hdds-container-service-1.3.0-SNAPSHOT.jar!/webapps/static,STOPPED}
2022-02-08 13:53:34,153 [ForkJoinPool.commonPool-worker-1] INFO  handler.ContextHandler (ContextHandler.java:doStop(1153)) - Stopped o.e.j.s.ServletContextHandler@2c6d5b2e{logs,/logs,file:///home/runner/work/ozone/ozone/hadoop-ozone/integration-test/target/log,STOPPED}
2022-02-08 13:53:34,609 [5f9aa48b-2f61-4154-bb84-50a0aaf99a3b@group-6046E76B0741-FollowerState] INFO  impl.FollowerState (FollowerState.java:run(134)) - 5f9aa48b-2f61-4154-bb84-50a0aaf99a3b@group-6046E76B0741-FollowerState: change to CANDIDATE, lastRpcElapsedTime:5080032170ns, electionTimeout:5077ms
2022-02-08 13:53:34,610 [5f9aa48b-2f61-4154-bb84-50a0aaf99a3b@group-6046E76B0741-FollowerState] INFO  impl.RoleInfo (RoleInfo.java:shutdownFollowerState(108)) - 5f9aa48b-2f61-4154-bb84-50a0aaf99a3b: shutdown 5f9aa48b-2f61-4154-bb84-50a0aaf99a3b@group-6046E76B0741-FollowerState
2022-02-08 13:53:34,610 [5f9aa48b-2f61-4154-bb84-50a0aaf99a3b@group-6046E76B0741-FollowerState] INFO  server.RaftServer$Division (RaftServerImpl.java:setRole(290)) - 5f9aa48b-2f61-4154-bb84-50a0aaf99a3b@group-6046E76B0741: changes role from  FOLLOWER to CANDIDATE at term 11 for changeToCandidate
2022-02-08 13:53:34,610 [5f9aa48b-2f61-4154-bb84-50a0aaf99a3b@group-6046E76B0741-FollowerState] INFO  server.RaftServerConfigKeys (ConfUtils.java:logGet(44)) - raft.server.leaderelection.pre-vote = false (custom)
2022-02-08 13:53:34,610 [5f9aa48b-2f61-4154-bb84-50a0aaf99a3b@group-6046E76B0741-FollowerState] INFO  impl.RoleInfo (RoleInfo.java:updateAndGet(130)) - 5f9aa48b-2f61-4154-bb84-50a0aaf99a3b: start 5f9aa48b-2f61-4154-bb84-50a0aaf99a3b@group-6046E76B0741-LeaderElection44
2022-02-08 13:53:34,631 [5f9aa48b-2f61-4154-bb84-50a0aaf99a3b@group-6046E76B0741-LeaderElection44] INFO  impl.LeaderElection (LeaderElection.java:askForVotes(306)) - 5f9aa48b-2f61-4154-bb84-50a0aaf99a3b@group-6046E76B0741-LeaderElection44 ELECTION round 0: submit vote requests at term 12 for -1: [a7553d9d-67d8-423e-ad9b-7e30726581c7|rpc:10.1.0.34:32871|dataStream:|priority:0, 5f9aa48b-2f61-4154-bb84-50a0aaf99a3b|rpc:10.1.0.34:40765|dataStream:|priority:0, db4f20b8-0dce-4a7c-897b-5d9165b059cf|rpc:10.1.0.34:43059|dataStream:|priority:1], old=null
2022-02-08 13:53:34,637 [db4f20b8-0dce-4a7c-897b-5d9165b059cf@group-6046E76B0741-FollowerState] INFO  impl.FollowerState (FollowerState.java:run(134)) - db4f20b8-0dce-4a7c-897b-5d9165b059cf@group-6046E76B0741-FollowerState: change to CANDIDATE, lastRpcElapsedTime:5120388527ns, electionTimeout:5105ms
2022-02-08 13:53:34,637 [db4f20b8-0dce-4a7c-897b-5d9165b059cf@group-6046E76B0741-FollowerState] INFO  impl.RoleInfo (RoleInfo.java:shutdownFollowerState(108)) - db4f20b8-0dce-4a7c-897b-5d9165b059cf: shutdown db4f20b8-0dce-4a7c-897b-5d9165b059cf@group-6046E76B0741-FollowerState
2022-02-08 13:53:34,638 [db4f20b8-0dce-4a7c-897b-5d9165b059cf@group-6046E76B0741-FollowerState] INFO  server.RaftServer$Division (RaftServerImpl.java:setRole(290)) - db4f20b8-0dce-4a7c-897b-5d9165b059cf@group-6046E76B0741: changes role from  FOLLOWER to CANDIDATE at term 11 for changeToCandidate
2022-02-08 13:53:34,640 [db4f20b8-0dce-4a7c-897b-5d9165b059cf@group-6046E76B0741-FollowerState] INFO  server.RaftServerConfigKeys (ConfUtils.java:logGet(44)) - raft.server.leaderelection.pre-vote = false (custom)
2022-02-08 13:53:34,640 [db4f20b8-0dce-4a7c-897b-5d9165b059cf@group-6046E76B0741-FollowerState] INFO  impl.RoleInfo (RoleInfo.java:updateAndGet(130)) - db4f20b8-0dce-4a7c-897b-5d9165b059cf: start db4f20b8-0dce-4a7c-897b-5d9165b059cf@group-6046E76B0741-LeaderElection45
2022-02-08 13:53:34,644 [grpc-default-executor-3] INFO  server.RaftServer$Division (RaftServerImpl.java:requestVote(1046)) - db4f20b8-0dce-4a7c-897b-5d9165b059cf@group-6046E76B0741: receive requestVote(ELECTION, 5f9aa48b-2f61-4154-bb84-50a0aaf99a3b, group-6046E76B0741, 12, (t:0, i:0))
2022-02-08 13:53:34,644 [grpc-default-executor-3] INFO  impl.VoteContext (VoteContext.java:log(48)) - db4f20b8-0dce-4a7c-897b-5d9165b059cf@group-6046E76B0741-CANDIDATE: reject ELECTION from 5f9aa48b-2f61-4154-bb84-50a0aaf99a3b: our priority 1 > candidate's priority 0
2022-02-08 13:53:34,644 [grpc-default-executor-3] INFO  server.RaftServer$Division (RaftServerImpl.java:setRole(290)) - db4f20b8-0dce-4a7c-897b-5d9165b059cf@group-6046E76B0741: changes role from CANDIDATE to FOLLOWER at term 12 for candidate:5f9aa48b-2f61-4154-bb84-50a0aaf99a3b
2022-02-08 13:53:34,644 [grpc-default-executor-3] INFO  impl.RoleInfo (RoleInfo.java:shutdownLeaderElection(121)) - db4f20b8-0dce-4a7c-897b-5d9165b059cf: shutdown db4f20b8-0dce-4a7c-897b-5d9165b059cf@group-6046E76B0741-LeaderElection45
2022-02-08 13:53:34,645 [grpc-default-executor-3] INFO  impl.RoleInfo (RoleInfo.java:updateAndGet(130)) - db4f20b8-0dce-4a7c-897b-5d9165b059cf: start db4f20b8-0dce-4a7c-897b-5d9165b059cf@group-6046E76B0741-FollowerState
2022-02-08 13:53:34,645 [db4f20b8-0dce-4a7c-897b-5d9165b059cf@group-6046E76B0741-LeaderElection45] INFO  impl.LeaderElection (LeaderElection.java:run(230)) - db4f20b8-0dce-4a7c-897b-5d9165b059cf@group-6046E76B0741-LeaderElection45: skip running since this is already CLOSING
2022-02-08 13:53:34,646 [grpc-default-executor-2] INFO  server.RaftServer$Division (RaftServerImpl.java:requestVote(1046)) - a7553d9d-67d8-423e-ad9b-7e30726581c7@group-6046E76B0741: receive requestVote(ELECTION, 5f9aa48b-2f61-4154-bb84-50a0aaf99a3b, group-6046E76B0741, 12, (t:0, i:0))
2022-02-08 13:53:34,646 [grpc-default-executor-2] INFO  impl.VoteContext (VoteContext.java:log(48)) - a7553d9d-67d8-423e-ad9b-7e30726581c7@group-6046E76B0741-FOLLOWER: accept ELECTION from 5f9aa48b-2f61-4154-bb84-50a0aaf99a3b: our priority 0 <= candidate's priority 0
2022-02-08 13:53:34,646 [grpc-default-executor-2] INFO  server.RaftServer$Division (RaftServerImpl.java:setRole(290)) - a7553d9d-67d8-423e-ad9b-7e30726581c7@group-6046E76B0741: changes role from  FOLLOWER to FOLLOWER at term 12 for candidate:5f9aa48b-2f61-4154-bb84-50a0aaf99a3b
2022-02-08 13:53:34,646 [grpc-default-executor-2] INFO  impl.RoleInfo (RoleInfo.java:shutdownFollowerState(108)) - a7553d9d-67d8-423e-ad9b-7e30726581c7: shutdown a7553d9d-67d8-423e-ad9b-7e30726581c7@group-6046E76B0741-FollowerState
2022-02-08 13:53:34,669 [grpc-default-executor-2] INFO  impl.RoleInfo (RoleInfo.java:updateAndGet(130)) - a7553d9d-67d8-423e-ad9b-7e30726581c7: start a7553d9d-67d8-423e-ad9b-7e30726581c7@group-6046E76B0741-FollowerState
2022-02-08 13:53:34,671 [grpc-default-executor-2] INFO  server.RaftServer$Division (RaftServerImpl.java:requestVote(1078)) - a7553d9d-67d8-423e-ad9b-7e30726581c7@group-6046E76B0741 replies to ELECTION vote request: 5f9aa48b-2f61-4154-bb84-50a0aaf99a3b<-a7553d9d-67d8-423e-ad9b-7e30726581c7#0:OK-t12. Peer's state: a7553d9d-67d8-423e-ad9b-7e30726581c7@group-6046E76B0741:t12, leader=null, voted=5f9aa48b-2f61-4154-bb84-50a0aaf99a3b, raftlog=a7553d9d-67d8-423e-ad9b-7e30726581c7@group-6046E76B0741-SegmentedRaftLog:OPENED:c-1, conf=-1: [a7553d9d-67d8-423e-ad9b-7e30726581c7|rpc:10.1.0.34:32871|priority:0, 5f9aa48b-2f61-4154-bb84-50a0aaf99a3b|rpc:10.1.0.34:40765|priority:0, db4f20b8-0dce-4a7c-897b-5d9165b059cf|rpc:10.1.0.34:43059|priority:1], old=null
2022-02-08 13:53:34,673 [grpc-default-executor-3] INFO  server.RaftServer$Division (RaftServerImpl.java:requestVote(1078)) - db4f20b8-0dce-4a7c-897b-5d9165b059cf@group-6046E76B0741 replies to ELECTION vote request: 5f9aa48b-2f61-4154-bb84-50a0aaf99a3b<-db4f20b8-0dce-4a7c-897b-5d9165b059cf#0:FAIL-t12. Peer's state: db4f20b8-0dce-4a7c-897b-5d9165b059cf@group-6046E76B0741:t12, leader=null, voted=null, raftlog=db4f20b8-0dce-4a7c-897b-5d9165b059cf@group-6046E76B0741-SegmentedRaftLog:OPENED:c-1, conf=-1: [a7553d9d-67d8-423e-ad9b-7e30726581c7|rpc:10.1.0.34:32871|dataStream:|priority:0, 5f9aa48b-2f61-4154-bb84-50a0aaf99a3b|rpc:10.1.0.34:40765|dataStream:|priority:0, db4f20b8-0dce-4a7c-897b-5d9165b059cf|rpc:10.1.0.34:43059|dataStream:|priority:1], old=null
2022-02-08 13:53:34,675 [a7553d9d-67d8-423e-ad9b-7e30726581c7@group-6046E76B0741-FollowerState] INFO  impl.FollowerState (FollowerState.java:run(143)) - a7553d9d-67d8-423e-ad9b-7e30726581c7@group-6046E76B0741-FollowerState was interrupted: {}
java.lang.InterruptedException: sleep interrupted
	at java.lang.Thread.sleep(Native Method)
	at java.lang.Thread.sleep(Thread.java:340)
	at java.util.concurrent.TimeUnit.sleep(TimeUnit.java:386)
	at org.apache.ratis.util.TimeDuration.sleep(TimeDuration.java:324)
	at org.apache.ratis.util.TimeDuration.sleep(TimeDuration.java:309)
	at org.apache.ratis.server.impl.FollowerState.run(FollowerState.java:118)
2022-02-08 13:53:34,677 [5f9aa48b-2f61-4154-bb84-50a0aaf99a3b@group-6046E76B0741-LeaderElection44] INFO  impl.LeaderElection (LeaderElection.java:logAndReturn(89)) - 5f9aa48b-2f61-4154-bb84-50a0aaf99a3b@group-6046E76B0741-LeaderElection44: ELECTION REJECTED received 2 response(s) and 0 exception(s):
2022-02-08 13:53:34,678 [5f9aa48b-2f61-4154-bb84-50a0aaf99a3b@group-6046E76B0741-LeaderElection44] INFO  impl.LeaderElection (LeaderElection.java:logAndReturn(93)) -   Response 0: 5f9aa48b-2f61-4154-bb84-50a0aaf99a3b<-a7553d9d-67d8-423e-ad9b-7e30726581c7#0:OK-t12
2022-02-08 13:53:34,678 [5f9aa48b-2f61-4154-bb84-50a0aaf99a3b@group-6046E76B0741-LeaderElection44] INFO  impl.LeaderElection (LeaderElection.java:logAndReturn(93)) -   Response 1: 5f9aa48b-2f61-4154-bb84-50a0aaf99a3b<-db4f20b8-0dce-4a7c-897b-5d9165b059cf#0:FAIL-t12
2022-02-08 13:53:34,678 [5f9aa48b-2f61-4154-bb84-50a0aaf99a3b@group-6046E76B0741-LeaderElection44] INFO  impl.LeaderElection (LeaderElection.java:askForVotes(308)) - 5f9aa48b-2f61-4154-bb84-50a0aaf99a3b@group-6046E76B0741-LeaderElection44 ELECTION round 0: result REJECTED
2022-02-08 13:53:34,678 [5f9aa48b-2f61-4154-bb84-50a0aaf99a3b@group-6046E76B0741-LeaderElection44] INFO  server.RaftServer$Division (RaftServerImpl.java:setRole(290)) - 5f9aa48b-2f61-4154-bb84-50a0aaf99a3b@group-6046E76B0741: changes role from CANDIDATE to FOLLOWER at term 12 for REJECTED
2022-02-08 13:53:34,678 [5f9aa48b-2f61-4154-bb84-50a0aaf99a3b@group-6046E76B0741-LeaderElection44] INFO  impl.RoleInfo (RoleInfo.java:shutdownLeaderElection(121)) - 5f9aa48b-2f61-4154-bb84-50a0aaf99a3b: shutdown 5f9aa48b-2f61-4154-bb84-50a0aaf99a3b@group-6046E76B0741-LeaderElection44
2022-02-08 13:53:34,678 [5f9aa48b-2f61-4154-bb84-50a0aaf99a3b@group-6046E76B0741-LeaderElection44] INFO  impl.RoleInfo (RoleInfo.java:updateAndGet(130)) - 5f9aa48b-2f61-4154-bb84-50a0aaf99a3b: start 5f9aa48b-2f61-4154-bb84-50a0aaf99a3b@group-6046E76B0741-FollowerState
2022-02-08 13:53:39,117 [Listener at 127.0.0.1/36213] INFO  ozoneimpl.OzoneContainer (OzoneContainer.java:stop(336)) - Attempting to stop container services.
2022-02-08 13:53:39,118 [Listener at 127.0.0.1/36213] INFO  server.RaftServer (RaftServerProxy.java:lambda$close$6(391)) - db4f20b8-0dce-4a7c-897b-5d9165b059cf: close
2022-02-08 13:53:39,118 [Listener at 127.0.0.1/36213] INFO  server.RaftServer$Division (RaftServerImpl.java:lambda$close$4(412)) - db4f20b8-0dce-4a7c-897b-5d9165b059cf@group-F95E9B378B5A: shutdown
2022-02-08 13:53:39,118 [Listener at 127.0.0.1/36213] INFO  util.JmxRegister (JmxRegister.java:unregister(73)) - Successfully un-registered JMX Bean with object name Ratis:service=RaftServer,group=group-F95E9B378B5A,id=db4f20b8-0dce-4a7c-897b-5d9165b059cf
2022-02-08 13:53:39,118 [Listener at 127.0.0.1/36213] INFO  impl.RoleInfo (RoleInfo.java:shutdownLeaderState(91)) - db4f20b8-0dce-4a7c-897b-5d9165b059cf: shutdown db4f20b8-0dce-4a7c-897b-5d9165b059cf@group-F95E9B378B5A-LeaderStateImpl
2022-02-08 13:53:39,119 [Listener at 127.0.0.1/36213] INFO  impl.PendingRequests (PendingRequests.java:sendNotLeaderResponses(282)) - db4f20b8-0dce-4a7c-897b-5d9165b059cf@group-F95E9B378B5A-PendingRequests: sendNotLeaderResponses
2022-02-08 13:53:39,120 [db4f20b8-0dce-4a7c-897b-5d9165b059cf@group-F95E9B378B5A-StateMachineUpdater] INFO  ratis.ContainerStateMachine (ContainerStateMachine.java:takeSnapshot(299)) - group-F95E9B378B5A: Taking a snapshot at:(t:1, i:0) file /home/runner/work/ozone/ozone/hadoop-ozone/integration-test/target/test-dir/MiniOzoneClusterImpl-44b62ea4-a9d0-4540-a736-82fb29945a00/datanode-7/data/ratis/8121bfcd-f61c-40ed-971b-f95e9b378b5a/sm/snapshot.1_0
2022-02-08 13:53:39,120 [Listener at 127.0.0.1/36213] INFO  impl.StateMachineUpdater (StateMachineUpdater.java:stopAndJoin(149)) - db4f20b8-0dce-4a7c-897b-5d9165b059cf@group-F95E9B378B5A-StateMachineUpdater: set stopIndex = 0
2022-02-08 13:53:39,121 [db4f20b8-0dce-4a7c-897b-5d9165b059cf@group-F95E9B378B5A-StateMachineUpdater] INFO  ratis.ContainerStateMachine (ContainerStateMachine.java:takeSnapshot(310)) - group-F95E9B378B5A: Finished taking a snapshot at:(t:1, i:0) file:/home/runner/work/ozone/ozone/hadoop-ozone/integration-test/target/test-dir/MiniOzoneClusterImpl-44b62ea4-a9d0-4540-a736-82fb29945a00/datanode-7/data/ratis/8121bfcd-f61c-40ed-971b-f95e9b378b5a/sm/snapshot.1_0 took: 1 ms
2022-02-08 13:53:39,121 [db4f20b8-0dce-4a7c-897b-5d9165b059cf@group-F95E9B378B5A-StateMachineUpdater] INFO  impl.StateMachineUpdater (StateMachineUpdater.java:takeSnapshot(281)) - db4f20b8-0dce-4a7c-897b-5d9165b059cf@group-F95E9B378B5A-StateMachineUpdater: Took a snapshot at index 0
2022-02-08 13:53:39,121 [db4f20b8-0dce-4a7c-897b-5d9165b059cf@group-F95E9B378B5A-StateMachineUpdater] INFO  impl.StateMachineUpdater (StateMachineUpdater.java:lambda$new$0(89)) - db4f20b8-0dce-4a7c-897b-5d9165b059cf@group-F95E9B378B5A-StateMachineUpdater: snapshotIndex: updateIncreasingly -1 -> 0
2022-02-08 13:53:39,121 [Listener at 127.0.0.1/36213] INFO  server.RaftServer$Division (ServerState.java:close(419)) - db4f20b8-0dce-4a7c-897b-5d9165b059cf@group-F95E9B378B5A: closes. applyIndex: 0
2022-02-08 13:53:39,122 [db4f20b8-0dce-4a7c-897b-5d9165b059cf@group-F95E9B378B5A-SegmentedRaftLogWorker] INFO  segmented.SegmentedRaftLogWorker (SegmentedRaftLogWorker.java:run(327)) - db4f20b8-0dce-4a7c-897b-5d9165b059cf@group-F95E9B378B5A-SegmentedRaftLogWorker was interrupted, exiting. There are 0 tasks remaining in the queue.
2022-02-08 13:53:39,122 [Listener at 127.0.0.1/36213] INFO  segmented.SegmentedRaftLogWorker (SegmentedRaftLogWorker.java:close(237)) - db4f20b8-0dce-4a7c-897b-5d9165b059cf@group-F95E9B378B5A-SegmentedRaftLogWorker close()
2022-02-08 13:53:39,126 [Listener at 127.0.0.1/36213] INFO  server.RaftServer$Division (RaftServerImpl.java:lambda$close$4(412)) - db4f20b8-0dce-4a7c-897b-5d9165b059cf@group-6046E76B0741: shutdown
2022-02-08 13:53:39,126 [Listener at 127.0.0.1/36213] INFO  util.JmxRegister (JmxRegister.java:unregister(73)) - Successfully un-registered JMX Bean with object name Ratis:service=RaftServer,group=group-6046E76B0741,id=db4f20b8-0dce-4a7c-897b-5d9165b059cf
2022-02-08 13:53:39,126 [Listener at 127.0.0.1/36213] INFO  impl.RoleInfo (RoleInfo.java:shutdownFollowerState(108)) - db4f20b8-0dce-4a7c-897b-5d9165b059cf: shutdown db4f20b8-0dce-4a7c-897b-5d9165b059cf@group-6046E76B0741-FollowerState
2022-02-08 13:53:39,126 [db4f20b8-0dce-4a7c-897b-5d9165b059cf@group-6046E76B0741-FollowerState] INFO  impl.FollowerState (FollowerState.java:run(143)) - db4f20b8-0dce-4a7c-897b-5d9165b059cf@group-6046E76B0741-FollowerState was interrupted: {}
java.lang.InterruptedException: sleep interrupted
	at java.lang.Thread.sleep(Native Method)
	at java.lang.Thread.sleep(Thread.java:340)
	at java.util.concurrent.TimeUnit.sleep(TimeUnit.java:386)
	at org.apache.ratis.util.TimeDuration.sleep(TimeDuration.java:324)
	at org.apache.ratis.util.TimeDuration.sleep(TimeDuration.java:309)
	at org.apache.ratis.server.impl.FollowerState.run(FollowerState.java:118)
2022-02-08 13:53:39,126 [Listener at 127.0.0.1/36213] INFO  impl.StateMachineUpdater (StateMachineUpdater.java:stopAndJoin(149)) - db4f20b8-0dce-4a7c-897b-5d9165b059cf@group-6046E76B0741-StateMachineUpdater: set stopIndex = -1
2022-02-08 13:53:39,127 [Listener at 127.0.0.1/36213] INFO  server.RaftServer$Division (ServerState.java:close(419)) - db4f20b8-0dce-4a7c-897b-5d9165b059cf@group-6046E76B0741: closes. applyIndex: -1
2022-02-08 13:53:39,127 [db4f20b8-0dce-4a7c-897b-5d9165b059cf@group-6046E76B0741-SegmentedRaftLogWorker] INFO  segmented.SegmentedRaftLogWorker (SegmentedRaftLogWorker.java:run(327)) - db4f20b8-0dce-4a7c-897b-5d9165b059cf@group-6046E76B0741-SegmentedRaftLogWorker was interrupted, exiting. There are 0 tasks remaining in the queue.
2022-02-08 13:53:39,127 [Listener at 127.0.0.1/36213] INFO  segmented.SegmentedRaftLogWorker (SegmentedRaftLogWorker.java:close(237)) - db4f20b8-0dce-4a7c-897b-5d9165b059cf@group-6046E76B0741-SegmentedRaftLogWorker close()
2022-02-08 13:53:39,129 [Listener at 127.0.0.1/36213] INFO  server.GrpcService (GrpcService.java:closeImpl(262)) - db4f20b8-0dce-4a7c-897b-5d9165b059cf: shutdown server with port 43059 now
2022-02-08 13:53:39,156 [ForkJoinPool.commonPool-worker-1] INFO  ozoneimpl.OzoneContainer (OzoneContainer.java:stop(336)) - Attempting to stop container services.
2022-02-08 13:53:39,156 [ForkJoinPool.commonPool-worker-1] INFO  server.RaftServer (RaftServerProxy.java:lambda$close$6(391)) - a7553d9d-67d8-423e-ad9b-7e30726581c7: close
2022-02-08 13:53:39,157 [ForkJoinPool.commonPool-worker-1] INFO  server.RaftServer$Division (RaftServerImpl.java:lambda$close$4(412)) - a7553d9d-67d8-423e-ad9b-7e30726581c7@group-5DDB25827537: shutdown
2022-02-08 13:53:39,157 [ForkJoinPool.commonPool-worker-1] INFO  util.JmxRegister (JmxRegister.java:unregister(73)) - Successfully un-registered JMX Bean with object name Ratis:service=RaftServer,group=group-5DDB25827537,id=a7553d9d-67d8-423e-ad9b-7e30726581c7
2022-02-08 13:53:39,157 [ForkJoinPool.commonPool-worker-1] INFO  impl.RoleInfo (RoleInfo.java:shutdownLeaderState(91)) - a7553d9d-67d8-423e-ad9b-7e30726581c7: shutdown a7553d9d-67d8-423e-ad9b-7e30726581c7@group-5DDB25827537-LeaderStateImpl
2022-02-08 13:53:39,157 [ForkJoinPool.commonPool-worker-1] INFO  impl.PendingRequests (PendingRequests.java:sendNotLeaderResponses(282)) - a7553d9d-67d8-423e-ad9b-7e30726581c7@group-5DDB25827537-PendingRequests: sendNotLeaderResponses
2022-02-08 13:53:39,158 [ForkJoinPool.commonPool-worker-1] INFO  impl.StateMachineUpdater (StateMachineUpdater.java:stopAndJoin(149)) - a7553d9d-67d8-423e-ad9b-7e30726581c7@group-5DDB25827537-StateMachineUpdater: set stopIndex = 0
2022-02-08 13:53:39,158 [a7553d9d-67d8-423e-ad9b-7e30726581c7@group-5DDB25827537-StateMachineUpdater] INFO  ratis.ContainerStateMachine (ContainerStateMachine.java:takeSnapshot(299)) - group-5DDB25827537: Taking a snapshot at:(t:1, i:0) file /home/runner/work/ozone/ozone/hadoop-ozone/integration-test/target/test-dir/MiniOzoneClusterImpl-44b62ea4-a9d0-4540-a736-82fb29945a00/datanode-6/data/ratis/a490a9aa-9c69-42eb-a390-5ddb25827537/sm/snapshot.1_0
2022-02-08 13:53:39,159 [a7553d9d-67d8-423e-ad9b-7e30726581c7@group-5DDB25827537-StateMachineUpdater] INFO  ratis.ContainerStateMachine (ContainerStateMachine.java:takeSnapshot(310)) - group-5DDB25827537: Finished taking a snapshot at:(t:1, i:0) file:/home/runner/work/ozone/ozone/hadoop-ozone/integration-test/target/test-dir/MiniOzoneClusterImpl-44b62ea4-a9d0-4540-a736-82fb29945a00/datanode-6/data/ratis/a490a9aa-9c69-42eb-a390-5ddb25827537/sm/snapshot.1_0 took: 1 ms
2022-02-08 13:53:39,160 [a7553d9d-67d8-423e-ad9b-7e30726581c7@group-5DDB25827537-StateMachineUpdater] INFO  impl.StateMachineUpdater (StateMachineUpdater.java:takeSnapshot(281)) - a7553d9d-67d8-423e-ad9b-7e30726581c7@group-5DDB25827537-StateMachineUpdater: Took a snapshot at index 0
2022-02-08 13:53:39,160 [a7553d9d-67d8-423e-ad9b-7e30726581c7@group-5DDB25827537-StateMachineUpdater] INFO  impl.StateMachineUpdater (StateMachineUpdater.java:lambda$new$0(89)) - a7553d9d-67d8-423e-ad9b-7e30726581c7@group-5DDB25827537-StateMachineUpdater: snapshotIndex: updateIncreasingly -1 -> 0
2022-02-08 13:53:39,160 [ForkJoinPool.commonPool-worker-1] INFO  server.RaftServer$Division (ServerState.java:close(419)) - a7553d9d-67d8-423e-ad9b-7e30726581c7@group-5DDB25827537: closes. applyIndex: 0
2022-02-08 13:53:39,160 [a7553d9d-67d8-423e-ad9b-7e30726581c7@group-5DDB25827537-SegmentedRaftLogWorker] INFO  segmented.SegmentedRaftLogWorker (SegmentedRaftLogWorker.java:run(327)) - a7553d9d-67d8-423e-ad9b-7e30726581c7@group-5DDB25827537-SegmentedRaftLogWorker was interrupted, exiting. There are 0 tasks remaining in the queue.
2022-02-08 13:53:39,160 [ForkJoinPool.commonPool-worker-1] INFO  segmented.SegmentedRaftLogWorker (SegmentedRaftLogWorker.java:close(237)) - a7553d9d-67d8-423e-ad9b-7e30726581c7@group-5DDB25827537-SegmentedRaftLogWorker close()
2022-02-08 13:53:39,177 [ForkJoinPool.commonPool-worker-1] INFO  server.RaftServer$Division (RaftServerImpl.java:lambda$close$4(412)) - a7553d9d-67d8-423e-ad9b-7e30726581c7@group-6046E76B0741: shutdown
2022-02-08 13:53:39,178 [ForkJoinPool.commonPool-worker-1] INFO  util.JmxRegister (JmxRegister.java:unregister(73)) - Successfully un-registered JMX Bean with object name Ratis:service=RaftServer,group=group-6046E76B0741,id=a7553d9d-67d8-423e-ad9b-7e30726581c7
2022-02-08 13:53:39,178 [ForkJoinPool.commonPool-worker-1] INFO  impl.RoleInfo (RoleInfo.java:shutdownFollowerState(108)) - a7553d9d-67d8-423e-ad9b-7e30726581c7: shutdown a7553d9d-67d8-423e-ad9b-7e30726581c7@group-6046E76B0741-FollowerState
2022-02-08 13:53:39,178 [ForkJoinPool.commonPool-worker-1] INFO  impl.StateMachineUpdater (StateMachineUpdater.java:stopAndJoin(149)) - a7553d9d-67d8-423e-ad9b-7e30726581c7@group-6046E76B0741-StateMachineUpdater: set stopIndex = -1
2022-02-08 13:53:39,178 [a7553d9d-67d8-423e-ad9b-7e30726581c7@group-6046E76B0741-FollowerState] INFO  impl.FollowerState (FollowerState.java:run(143)) - a7553d9d-67d8-423e-ad9b-7e30726581c7@group-6046E76B0741-FollowerState was interrupted: {}
java.lang.InterruptedException: sleep interrupted
	at java.lang.Thread.sleep(Native Method)
	at java.lang.Thread.sleep(Thread.java:340)
	at java.util.concurrent.TimeUnit.sleep(TimeUnit.java:386)
	at org.apache.ratis.util.TimeDuration.sleep(TimeDuration.java:324)
	at org.apache.ratis.util.TimeDuration.sleep(TimeDuration.java:309)
	at org.apache.ratis.server.impl.FollowerState.run(FollowerState.java:118)
2022-02-08 13:53:39,178 [ForkJoinPool.commonPool-worker-1] INFO  server.RaftServer$Division (ServerState.java:close(419)) - a7553d9d-67d8-423e-ad9b-7e30726581c7@group-6046E76B0741: closes. applyIndex: -1
2022-02-08 13:53:39,178 [a7553d9d-67d8-423e-ad9b-7e30726581c7@group-6046E76B0741-SegmentedRaftLogWorker] INFO  segmented.SegmentedRaftLogWorker (SegmentedRaftLogWorker.java:run(327)) - a7553d9d-67d8-423e-ad9b-7e30726581c7@group-6046E76B0741-SegmentedRaftLogWorker was interrupted, exiting. There are 0 tasks remaining in the queue.
2022-02-08 13:53:39,178 [ForkJoinPool.commonPool-worker-1] INFO  segmented.SegmentedRaftLogWorker (SegmentedRaftLogWorker.java:close(237)) - a7553d9d-67d8-423e-ad9b-7e30726581c7@group-6046E76B0741-SegmentedRaftLogWorker close()
2022-02-08 13:53:39,185 [Listener at 127.0.0.1/36213] INFO  server.GrpcService (GrpcService.java:closeImpl(271)) - db4f20b8-0dce-4a7c-897b-5d9165b059cf: shutdown server with port 43059 successfully
2022-02-08 13:53:39,186 [ForkJoinPool.commonPool-worker-1] INFO  server.GrpcService (GrpcService.java:closeImpl(262)) - a7553d9d-67d8-423e-ad9b-7e30726581c7: shutdown server with port 32871 now
2022-02-08 13:53:39,186 [org.apache.ratis.util.JvmPauseMonitor$$Lambda$431/1827212229@c74a0cb] INFO  util.JvmPauseMonitor (JvmPauseMonitor.java:run(109)) - JvmPauseMonitor-db4f20b8-0dce-4a7c-897b-5d9165b059cf: Stopped
2022-02-08 13:53:39,204 [ForkJoinPool.commonPool-worker-1] INFO  server.GrpcService (GrpcService.java:closeImpl(271)) - a7553d9d-67d8-423e-ad9b-7e30726581c7: shutdown server with port 32871 successfully
2022-02-08 13:53:39,205 [org.apache.ratis.util.JvmPauseMonitor$$Lambda$431/1827212229@21b5e831] INFO  util.JvmPauseMonitor (JvmPauseMonitor.java:run(109)) - JvmPauseMonitor-a7553d9d-67d8-423e-ad9b-7e30726581c7: Stopped
2022-02-08 13:53:39,773 [5f9aa48b-2f61-4154-bb84-50a0aaf99a3b@group-6046E76B0741-FollowerState] INFO  impl.FollowerState (FollowerState.java:run(134)) - 5f9aa48b-2f61-4154-bb84-50a0aaf99a3b@group-6046E76B0741-FollowerState: change to CANDIDATE, lastRpcElapsedTime:5095431691ns, electionTimeout:5081ms
2022-02-08 13:53:39,773 [5f9aa48b-2f61-4154-bb84-50a0aaf99a3b@group-6046E76B0741-FollowerState] INFO  impl.RoleInfo (RoleInfo.java:shutdownFollowerState(108)) - 5f9aa48b-2f61-4154-bb84-50a0aaf99a3b: shutdown 5f9aa48b-2f61-4154-bb84-50a0aaf99a3b@group-6046E76B0741-FollowerState
2022-02-08 13:53:39,773 [5f9aa48b-2f61-4154-bb84-50a0aaf99a3b@group-6046E76B0741-FollowerState] INFO  server.RaftServer$Division (RaftServerImpl.java:setRole(290)) - 5f9aa48b-2f61-4154-bb84-50a0aaf99a3b@group-6046E76B0741: changes role from  FOLLOWER to CANDIDATE at term 12 for changeToCandidate
2022-02-08 13:53:39,774 [5f9aa48b-2f61-4154-bb84-50a0aaf99a3b@group-6046E76B0741-FollowerState] INFO  server.RaftServerConfigKeys (ConfUtils.java:logGet(44)) - raft.server.leaderelection.pre-vote = false (custom)
2022-02-08 13:53:39,774 [5f9aa48b-2f61-4154-bb84-50a0aaf99a3b@group-6046E76B0741-FollowerState] INFO  impl.RoleInfo (RoleInfo.java:updateAndGet(130)) - 5f9aa48b-2f61-4154-bb84-50a0aaf99a3b: start 5f9aa48b-2f61-4154-bb84-50a0aaf99a3b@group-6046E76B0741-LeaderElection46
2022-02-08 13:53:39,788 [5f9aa48b-2f61-4154-bb84-50a0aaf99a3b@group-6046E76B0741-LeaderElection46] INFO  impl.LeaderElection (LeaderElection.java:askForVotes(306)) - 5f9aa48b-2f61-4154-bb84-50a0aaf99a3b@group-6046E76B0741-LeaderElection46 ELECTION round 0: submit vote requests at term 13 for -1: [a7553d9d-67d8-423e-ad9b-7e30726581c7|rpc:10.1.0.34:32871|dataStream:|priority:0, 5f9aa48b-2f61-4154-bb84-50a0aaf99a3b|rpc:10.1.0.34:40765|dataStream:|priority:0, db4f20b8-0dce-4a7c-897b-5d9165b059cf|rpc:10.1.0.34:43059|dataStream:|priority:1], old=null
2022-02-08 13:53:39,805 [5f9aa48b-2f61-4154-bb84-50a0aaf99a3b@group-6046E76B0741-LeaderElection46] INFO  impl.LeaderElection (LogUtils.java:infoOrTrace(137)) - 5f9aa48b-2f61-4154-bb84-50a0aaf99a3b@group-6046E76B0741-LeaderElection46 got exception when requesting votes: java.util.concurrent.ExecutionException: org.apache.ratis.thirdparty.io.grpc.StatusRuntimeException: UNAVAILABLE: io exception
2022-02-08 13:53:39,807 [5f9aa48b-2f61-4154-bb84-50a0aaf99a3b@group-6046E76B0741-LeaderElection46] INFO  impl.LeaderElection (LogUtils.java:infoOrTrace(137)) - 5f9aa48b-2f61-4154-bb84-50a0aaf99a3b@group-6046E76B0741-LeaderElection46 got exception when requesting votes: java.util.concurrent.ExecutionException: org.apache.ratis.thirdparty.io.grpc.StatusRuntimeException: UNAVAILABLE: io exception
2022-02-08 13:53:39,807 [5f9aa48b-2f61-4154-bb84-50a0aaf99a3b@group-6046E76B0741-LeaderElection46] INFO  impl.LeaderElection (LeaderElection.java:logAndReturn(89)) - 5f9aa48b-2f61-4154-bb84-50a0aaf99a3b@group-6046E76B0741-LeaderElection46: ELECTION REJECTED received 0 response(s) and 2 exception(s):
2022-02-08 13:53:39,807 [5f9aa48b-2f61-4154-bb84-50a0aaf99a3b@group-6046E76B0741-LeaderElection46] INFO  impl.LeaderElection (LogUtils.java:infoOrTrace(137)) -   Exception 0: java.util.concurrent.ExecutionException: org.apache.ratis.thirdparty.io.grpc.StatusRuntimeException: UNAVAILABLE: io exception
2022-02-08 13:53:39,808 [5f9aa48b-2f61-4154-bb84-50a0aaf99a3b@group-6046E76B0741-LeaderElection46] INFO  impl.LeaderElection (LogUtils.java:infoOrTrace(137)) -   Exception 1: java.util.concurrent.ExecutionException: org.apache.ratis.thirdparty.io.grpc.StatusRuntimeException: UNAVAILABLE: io exception
2022-02-08 13:53:39,808 [5f9aa48b-2f61-4154-bb84-50a0aaf99a3b@group-6046E76B0741-LeaderElection46] INFO  impl.LeaderElection (LeaderElection.java:askForVotes(308)) - 5f9aa48b-2f61-4154-bb84-50a0aaf99a3b@group-6046E76B0741-LeaderElection46 ELECTION round 0: result REJECTED
2022-02-08 13:53:39,808 [5f9aa48b-2f61-4154-bb84-50a0aaf99a3b@group-6046E76B0741-LeaderElection46] INFO  server.RaftServer$Division (RaftServerImpl.java:setRole(290)) - 5f9aa48b-2f61-4154-bb84-50a0aaf99a3b@group-6046E76B0741: changes role from CANDIDATE to FOLLOWER at term 13 for REJECTED
2022-02-08 13:53:39,808 [5f9aa48b-2f61-4154-bb84-50a0aaf99a3b@group-6046E76B0741-LeaderElection46] INFO  impl.RoleInfo (RoleInfo.java:shutdownLeaderElection(121)) - 5f9aa48b-2f61-4154-bb84-50a0aaf99a3b: shutdown 5f9aa48b-2f61-4154-bb84-50a0aaf99a3b@group-6046E76B0741-LeaderElection46
2022-02-08 13:53:39,808 [5f9aa48b-2f61-4154-bb84-50a0aaf99a3b@group-6046E76B0741-LeaderElection46] INFO  impl.RoleInfo (RoleInfo.java:updateAndGet(130)) - 5f9aa48b-2f61-4154-bb84-50a0aaf99a3b: start 5f9aa48b-2f61-4154-bb84-50a0aaf99a3b@group-6046E76B0741-FollowerState
2022-02-08 13:53:41,200 [Listener at 127.0.0.1/36213] INFO  utils.BackgroundService (BackgroundService.java:shutdown(132)) - Shutting down service BlockDeletingService
2022-02-08 13:53:41,230 [ForkJoinPool.commonPool-worker-1] INFO  utils.BackgroundService (BackgroundService.java:shutdown(132)) - Shutting down service BlockDeletingService
2022-02-08 13:53:43,170 [EventQueue-StaleNodeForStaleNodeHandler] INFO  node.StaleNodeHandler (StaleNodeHandler.java:onMessage(58)) - Datanode da611cd8-d6f8-40e9-9825-4d5039a9b9e1{ip: 10.1.0.34, host: fv-az148-480.bm4ck3pvxvsene1rjriu5fhcdb.bx.internal.cloudapp.net, ports: [REPLICATION=35127, RATIS=39351, RATIS_ADMIN=39351, RATIS_SERVER=39351, STANDALONE=43979], networkLocation: /default-rack, certSerialId: null, persistedOpState: IN_SERVICE, persistedOpStateExpiryEpochSec: 0} moved to stale state. Finalizing its pipelines [PipelineID=5b69d1c0-01d2-451e-b624-99362a9385e5, PipelineID=2dd21e55-0995-494b-87e3-05807f1afb9a]
2022-02-08 13:53:43,225 [EventQueue-StaleNodeForStaleNodeHandler] INFO  pipeline.PipelineManagerImpl (PipelineManagerImpl.java:closePipeline(365)) - Pipeline Pipeline[ Id: 5b69d1c0-01d2-451e-b624-99362a9385e5, Nodes: da611cd8-d6f8-40e9-9825-4d5039a9b9e1{ip: 10.1.0.34, host: fv-az148-480.bm4ck3pvxvsene1rjriu5fhcdb.bx.internal.cloudapp.net, ports: [REPLICATION=35127, RATIS=39351, RATIS_ADMIN=39351, RATIS_SERVER=39351, STANDALONE=43979], networkLocation: /default-rack, certSerialId: null, persistedOpState: IN_SERVICE, persistedOpStateExpiryEpochSec: 0}a5053940-3165-42e9-acd7-ef11441d188e{ip: 10.1.0.34, host: fv-az148-480.bm4ck3pvxvsene1rjriu5fhcdb.bx.internal.cloudapp.net, ports: [REPLICATION=33213, RATIS=35549, RATIS_ADMIN=35549, RATIS_SERVER=35549, STANDALONE=33911], networkLocation: /default-rack, certSerialId: null, persistedOpState: IN_SERVICE, persistedOpStateExpiryEpochSec: 0}f61a4b31-682a-41d1-a434-a20bd71c25fb{ip: 10.1.0.34, host: fv-az148-480.bm4ck3pvxvsene1rjriu5fhcdb.bx.internal.cloudapp.net, ports: [REPLICATION=34671, RATIS=43123, RATIS_ADMIN=43123, RATIS_SERVER=43123, STANDALONE=43787], networkLocation: /default-rack, certSerialId: null, persistedOpState: IN_SERVICE, persistedOpStateExpiryEpochSec: 0}, ReplicationConfig: RATIS/THREE, State:ALLOCATED, leaderId:, CreationTimestamp2022-02-08T13:52:30.205Z[Etc/UTC]] moved to CLOSED state
2022-02-08 13:53:43,229 [EventQueue-StaleNodeForStaleNodeHandler] INFO  pipeline.PipelineManagerImpl (PipelineManagerImpl.java:closePipeline(365)) - Pipeline Pipeline[ Id: 2dd21e55-0995-494b-87e3-05807f1afb9a, Nodes: da611cd8-d6f8-40e9-9825-4d5039a9b9e1{ip: 10.1.0.34, host: fv-az148-480.bm4ck3pvxvsene1rjriu5fhcdb.bx.internal.cloudapp.net, ports: [REPLICATION=35127, RATIS=39351, RATIS_ADMIN=39351, RATIS_SERVER=39351, STANDALONE=43979], networkLocation: /default-rack, certSerialId: null, persistedOpState: IN_SERVICE, persistedOpStateExpiryEpochSec: 0}, ReplicationConfig: RATIS/ONE, State:OPEN, leaderId:da611cd8-d6f8-40e9-9825-4d5039a9b9e1, CreationTimestamp2022-02-08T13:52:29.927Z[Etc/UTC]] moved to CLOSED state
2022-02-08 13:53:43,876 [EventQueue-StaleNodeForStaleNodeHandler] INFO  node.StaleNodeHandler (StaleNodeHandler.java:onMessage(58)) - Datanode a5053940-3165-42e9-acd7-ef11441d188e{ip: 10.1.0.34, host: fv-az148-480.bm4ck3pvxvsene1rjriu5fhcdb.bx.internal.cloudapp.net, ports: [REPLICATION=33213, RATIS=35549, RATIS_ADMIN=35549, RATIS_SERVER=35549, STANDALONE=33911], networkLocation: /default-rack, certSerialId: null, persistedOpState: IN_SERVICE, persistedOpStateExpiryEpochSec: 0} moved to stale state. Finalizing its pipelines [PipelineID=5b69d1c0-01d2-451e-b624-99362a9385e5, PipelineID=2ef527be-fa2f-4c23-b658-58eb8389fc4f]
2022-02-08 13:53:43,881 [EventQueue-StaleNodeForStaleNodeHandler] INFO  pipeline.PipelineManagerImpl (PipelineManagerImpl.java:closePipeline(365)) - Pipeline Pipeline[ Id: 2ef527be-fa2f-4c23-b658-58eb8389fc4f, Nodes: a5053940-3165-42e9-acd7-ef11441d188e{ip: 10.1.0.34, host: fv-az148-480.bm4ck3pvxvsene1rjriu5fhcdb.bx.internal.cloudapp.net, ports: [REPLICATION=33213, RATIS=35549, RATIS_ADMIN=35549, RATIS_SERVER=35549, STANDALONE=33911], networkLocation: /default-rack, certSerialId: null, persistedOpState: IN_SERVICE, persistedOpStateExpiryEpochSec: 0}, ReplicationConfig: RATIS/ONE, State:OPEN, leaderId:a5053940-3165-42e9-acd7-ef11441d188e, CreationTimestamp2022-02-08T13:52:29.717Z[Etc/UTC]] moved to CLOSED state
2022-02-08 13:53:44,230 [Listener at 127.0.0.1/36213] INFO  statemachine.DatanodeStateMachine (DatanodeStateMachine.java:stopDaemon(529)) - Ozone container server stopped.
2022-02-08 13:53:44,231 [Listener at 127.0.0.1/36213] INFO  handler.ContextHandler (ContextHandler.java:doStop(1153)) - Stopped o.e.j.w.WebAppContext@d1ccec8{hddsDatanode,/,null,STOPPED}{jar:file:/home/runner/.m2/repository/org/apache/ozone/hdds-container-service/1.3.0-SNAPSHOT/hdds-container-service-1.3.0-SNAPSHOT.jar!/webapps/hddsDatanode}
2022-02-08 13:53:44,232 [Listener at 127.0.0.1/36213] INFO  server.AbstractConnector (AbstractConnector.java:doStop(381)) - Stopped ServerConnector@6fab6ea2{HTTP/1.1, (http/1.1)}{0.0.0.0:0}
2022-02-08 13:53:44,232 [Listener at 127.0.0.1/36213] INFO  server.session (HouseKeeper.java:stopScavenging(149)) - node0 Stopped scavenging
2022-02-08 13:53:44,232 [Listener at 127.0.0.1/36213] INFO  handler.ContextHandler (ContextHandler.java:doStop(1153)) - Stopped o.e.j.s.ServletContextHandler@729c251b{static,/static,jar:file:/home/runner/.m2/repository/org/apache/ozone/hdds-container-service/1.3.0-SNAPSHOT/hdds-container-service-1.3.0-SNAPSHOT.jar!/webapps/static,STOPPED}
2022-02-08 13:53:44,233 [Listener at 127.0.0.1/36213] INFO  handler.ContextHandler (ContextHandler.java:doStop(1153)) - Stopped o.e.j.s.ServletContextHandler@5451d7a0{logs,/logs,file:///home/runner/work/ozone/ozone/hadoop-ozone/integration-test/target/log,STOPPED}
2022-02-08 13:53:44,235 [ForkJoinPool.commonPool-worker-1] INFO  statemachine.DatanodeStateMachine (DatanodeStateMachine.java:stopDaemon(529)) - Ozone container server stopped.
2022-02-08 13:53:44,251 [ForkJoinPool.commonPool-worker-1] INFO  handler.ContextHandler (ContextHandler.java:doStop(1153)) - Stopped o.e.j.w.WebAppContext@1c9e9bfb{hddsDatanode,/,null,STOPPED}{jar:file:/home/runner/.m2/repository/org/apache/ozone/hdds-container-service/1.3.0-SNAPSHOT/hdds-container-service-1.3.0-SNAPSHOT.jar!/webapps/hddsDatanode}
2022-02-08 13:53:44,251 [ForkJoinPool.commonPool-worker-1] INFO  server.AbstractConnector (AbstractConnector.java:doStop(381)) - Stopped ServerConnector@54210bb8{HTTP/1.1, (http/1.1)}{0.0.0.0:0}
2022-02-08 13:53:44,251 [ForkJoinPool.commonPool-worker-1] INFO  server.session (HouseKeeper.java:stopScavenging(149)) - node0 Stopped scavenging
2022-02-08 13:53:44,252 [ForkJoinPool.commonPool-worker-1] INFO  handler.ContextHandler (ContextHandler.java:doStop(1153)) - Stopped o.e.j.s.ServletContextHandler@463aa3da{static,/static,jar:file:/home/runner/.m2/repository/org/apache/ozone/hdds-container-service/1.3.0-SNAPSHOT/hdds-container-service-1.3.0-SNAPSHOT.jar!/webapps/static,STOPPED}
2022-02-08 13:53:44,261 [ForkJoinPool.commonPool-worker-1] INFO  handler.ContextHandler (ContextHandler.java:doStop(1153)) - Stopped o.e.j.s.ServletContextHandler@2603ad0a{logs,/logs,file:///home/runner/work/ozone/ozone/hadoop-ozone/integration-test/target/log,STOPPED}
2022-02-08 13:53:44,861 [5f9aa48b-2f61-4154-bb84-50a0aaf99a3b@group-6046E76B0741-FollowerState] INFO  impl.FollowerState (FollowerState.java:run(134)) - 5f9aa48b-2f61-4154-bb84-50a0aaf99a3b@group-6046E76B0741-FollowerState: change to CANDIDATE, lastRpcElapsedTime:5053288668ns, electionTimeout:5047ms
2022-02-08 13:53:44,861 [5f9aa48b-2f61-4154-bb84-50a0aaf99a3b@group-6046E76B0741-FollowerState] INFO  impl.RoleInfo (RoleInfo.java:shutdownFollowerState(108)) - 5f9aa48b-2f61-4154-bb84-50a0aaf99a3b: shutdown 5f9aa48b-2f61-4154-bb84-50a0aaf99a3b@group-6046E76B0741-FollowerState
2022-02-08 13:53:44,861 [5f9aa48b-2f61-4154-bb84-50a0aaf99a3b@group-6046E76B0741-FollowerState] INFO  server.RaftServer$Division (RaftServerImpl.java:setRole(290)) - 5f9aa48b-2f61-4154-bb84-50a0aaf99a3b@group-6046E76B0741: changes role from  FOLLOWER to CANDIDATE at term 13 for changeToCandidate
2022-02-08 13:53:44,861 [5f9aa48b-2f61-4154-bb84-50a0aaf99a3b@group-6046E76B0741-FollowerState] INFO  server.RaftServerConfigKeys (ConfUtils.java:logGet(44)) - raft.server.leaderelection.pre-vote = false (custom)
2022-02-08 13:53:44,861 [5f9aa48b-2f61-4154-bb84-50a0aaf99a3b@group-6046E76B0741-FollowerState] INFO  impl.RoleInfo (RoleInfo.java:updateAndGet(130)) - 5f9aa48b-2f61-4154-bb84-50a0aaf99a3b: start 5f9aa48b-2f61-4154-bb84-50a0aaf99a3b@group-6046E76B0741-LeaderElection47
2022-02-08 13:53:44,882 [5f9aa48b-2f61-4154-bb84-50a0aaf99a3b@group-6046E76B0741-LeaderElection47] INFO  impl.LeaderElection (LeaderElection.java:askForVotes(306)) - 5f9aa48b-2f61-4154-bb84-50a0aaf99a3b@group-6046E76B0741-LeaderElection47 ELECTION round 0: submit vote requests at term 14 for -1: [a7553d9d-67d8-423e-ad9b-7e30726581c7|rpc:10.1.0.34:32871|dataStream:|priority:0, 5f9aa48b-2f61-4154-bb84-50a0aaf99a3b|rpc:10.1.0.34:40765|dataStream:|priority:0, db4f20b8-0dce-4a7c-897b-5d9165b059cf|rpc:10.1.0.34:43059|dataStream:|priority:1], old=null
2022-02-08 13:53:44,891 [5f9aa48b-2f61-4154-bb84-50a0aaf99a3b@group-6046E76B0741-LeaderElection47] INFO  impl.LeaderElection (LogUtils.java:infoOrTrace(137)) - 5f9aa48b-2f61-4154-bb84-50a0aaf99a3b@group-6046E76B0741-LeaderElection47 got exception when requesting votes: java.util.concurrent.ExecutionException: org.apache.ratis.thirdparty.io.grpc.StatusRuntimeException: UNAVAILABLE: io exception
2022-02-08 13:53:44,892 [5f9aa48b-2f61-4154-bb84-50a0aaf99a3b@group-6046E76B0741-LeaderElection47] INFO  impl.LeaderElection (LogUtils.java:infoOrTrace(137)) - 5f9aa48b-2f61-4154-bb84-50a0aaf99a3b@group-6046E76B0741-LeaderElection47 got exception when requesting votes: java.util.concurrent.ExecutionException: org.apache.ratis.thirdparty.io.grpc.StatusRuntimeException: UNAVAILABLE: io exception
2022-02-08 13:53:44,892 [5f9aa48b-2f61-4154-bb84-50a0aaf99a3b@group-6046E76B0741-LeaderElection47] INFO  impl.LeaderElection (LeaderElection.java:logAndReturn(89)) - 5f9aa48b-2f61-4154-bb84-50a0aaf99a3b@group-6046E76B0741-LeaderElection47: ELECTION REJECTED received 0 response(s) and 2 exception(s):
2022-02-08 13:53:44,892 [5f9aa48b-2f61-4154-bb84-50a0aaf99a3b@group-6046E76B0741-LeaderElection47] INFO  impl.LeaderElection (LogUtils.java:infoOrTrace(137)) -   Exception 0: java.util.concurrent.ExecutionException: org.apache.ratis.thirdparty.io.grpc.StatusRuntimeException: UNAVAILABLE: io exception
2022-02-08 13:53:44,892 [5f9aa48b-2f61-4154-bb84-50a0aaf99a3b@group-6046E76B0741-LeaderElection47] INFO  impl.LeaderElection (LogUtils.java:infoOrTrace(137)) -   Exception 1: java.util.concurrent.ExecutionException: org.apache.ratis.thirdparty.io.grpc.StatusRuntimeException: UNAVAILABLE: io exception
2022-02-08 13:53:44,892 [5f9aa48b-2f61-4154-bb84-50a0aaf99a3b@group-6046E76B0741-LeaderElection47] INFO  impl.LeaderElection (LeaderElection.java:askForVotes(308)) - 5f9aa48b-2f61-4154-bb84-50a0aaf99a3b@group-6046E76B0741-LeaderElection47 ELECTION round 0: result REJECTED
2022-02-08 13:53:44,892 [5f9aa48b-2f61-4154-bb84-50a0aaf99a3b@group-6046E76B0741-LeaderElection47] INFO  server.RaftServer$Division (RaftServerImpl.java:setRole(290)) - 5f9aa48b-2f61-4154-bb84-50a0aaf99a3b@group-6046E76B0741: changes role from CANDIDATE to FOLLOWER at term 14 for REJECTED
2022-02-08 13:53:44,892 [5f9aa48b-2f61-4154-bb84-50a0aaf99a3b@group-6046E76B0741-LeaderElection47] INFO  impl.RoleInfo (RoleInfo.java:shutdownLeaderElection(121)) - 5f9aa48b-2f61-4154-bb84-50a0aaf99a3b: shutdown 5f9aa48b-2f61-4154-bb84-50a0aaf99a3b@group-6046E76B0741-LeaderElection47
2022-02-08 13:53:44,892 [5f9aa48b-2f61-4154-bb84-50a0aaf99a3b@group-6046E76B0741-LeaderElection47] INFO  impl.RoleInfo (RoleInfo.java:updateAndGet(130)) - 5f9aa48b-2f61-4154-bb84-50a0aaf99a3b: start 5f9aa48b-2f61-4154-bb84-50a0aaf99a3b@group-6046E76B0741-FollowerState
2022-02-08 13:53:49,236 [Listener at 127.0.0.1/36213] INFO  ozoneimpl.OzoneContainer (OzoneContainer.java:stop(336)) - Attempting to stop container services.
2022-02-08 13:53:49,237 [Listener at 127.0.0.1/36213] INFO  server.RaftServer (RaftServerProxy.java:lambda$close$6(391)) - 5f9aa48b-2f61-4154-bb84-50a0aaf99a3b: close
2022-02-08 13:53:49,252 [Listener at 127.0.0.1/36213] INFO  server.RaftServer$Division (RaftServerImpl.java:lambda$close$4(412)) - 5f9aa48b-2f61-4154-bb84-50a0aaf99a3b@group-2AFCE8A443C3: shutdown
2022-02-08 13:53:49,252 [Listener at 127.0.0.1/36213] INFO  util.JmxRegister (JmxRegister.java:unregister(73)) - Successfully un-registered JMX Bean with object name Ratis:service=RaftServer,group=group-2AFCE8A443C3,id=5f9aa48b-2f61-4154-bb84-50a0aaf99a3b
2022-02-08 13:53:49,252 [Listener at 127.0.0.1/36213] INFO  impl.RoleInfo (RoleInfo.java:shutdownLeaderState(91)) - 5f9aa48b-2f61-4154-bb84-50a0aaf99a3b: shutdown 5f9aa48b-2f61-4154-bb84-50a0aaf99a3b@group-2AFCE8A443C3-LeaderStateImpl
2022-02-08 13:53:49,253 [Listener at 127.0.0.1/36213] INFO  impl.PendingRequests (PendingRequests.java:sendNotLeaderResponses(282)) - 5f9aa48b-2f61-4154-bb84-50a0aaf99a3b@group-2AFCE8A443C3-PendingRequests: sendNotLeaderResponses
2022-02-08 13:53:49,253 [ForkJoinPool.commonPool-worker-0] INFO  server.RaftServer$Division (RaftServerImpl.java:lambda$close$4(412)) - 5f9aa48b-2f61-4154-bb84-50a0aaf99a3b@group-6046E76B0741: shutdown
2022-02-08 13:53:49,254 [5f9aa48b-2f61-4154-bb84-50a0aaf99a3b@group-2AFCE8A443C3-StateMachineUpdater] INFO  ratis.ContainerStateMachine (ContainerStateMachine.java:takeSnapshot(299)) - group-2AFCE8A443C3: Taking a snapshot at:(t:1, i:0) file /home/runner/work/ozone/ozone/hadoop-ozone/integration-test/target/test-dir/MiniOzoneClusterImpl-44b62ea4-a9d0-4540-a736-82fb29945a00/datanode-8/data/ratis/fd1fb063-de4c-42ce-b0b2-2afce8a443c3/sm/snapshot.1_0
2022-02-08 13:53:49,253 [Listener at 127.0.0.1/36213] INFO  impl.StateMachineUpdater (StateMachineUpdater.java:stopAndJoin(149)) - 5f9aa48b-2f61-4154-bb84-50a0aaf99a3b@group-2AFCE8A443C3-StateMachineUpdater: set stopIndex = 0
2022-02-08 13:53:49,254 [ForkJoinPool.commonPool-worker-0] INFO  util.JmxRegister (JmxRegister.java:unregister(73)) - Successfully un-registered JMX Bean with object name Ratis:service=RaftServer,group=group-6046E76B0741,id=5f9aa48b-2f61-4154-bb84-50a0aaf99a3b
2022-02-08 13:53:49,254 [ForkJoinPool.commonPool-worker-0] INFO  impl.RoleInfo (RoleInfo.java:shutdownFollowerState(108)) - 5f9aa48b-2f61-4154-bb84-50a0aaf99a3b: shutdown 5f9aa48b-2f61-4154-bb84-50a0aaf99a3b@group-6046E76B0741-FollowerState
2022-02-08 13:53:49,254 [ForkJoinPool.commonPool-worker-0] INFO  impl.StateMachineUpdater (StateMachineUpdater.java:stopAndJoin(149)) - 5f9aa48b-2f61-4154-bb84-50a0aaf99a3b@group-6046E76B0741-StateMachineUpdater: set stopIndex = -1
2022-02-08 13:53:49,255 [5f9aa48b-2f61-4154-bb84-50a0aaf99a3b@group-2AFCE8A443C3-StateMachineUpdater] INFO  ratis.ContainerStateMachine (ContainerStateMachine.java:takeSnapshot(310)) - group-2AFCE8A443C3: Finished taking a snapshot at:(t:1, i:0) file:/home/runner/work/ozone/ozone/hadoop-ozone/integration-test/target/test-dir/MiniOzoneClusterImpl-44b62ea4-a9d0-4540-a736-82fb29945a00/datanode-8/data/ratis/fd1fb063-de4c-42ce-b0b2-2afce8a443c3/sm/snapshot.1_0 took: 1 ms
2022-02-08 13:53:49,255 [5f9aa48b-2f61-4154-bb84-50a0aaf99a3b@group-6046E76B0741-FollowerState] INFO  impl.FollowerState (FollowerState.java:run(143)) - 5f9aa48b-2f61-4154-bb84-50a0aaf99a3b@group-6046E76B0741-FollowerState was interrupted: {}
java.lang.InterruptedException: sleep interrupted
	at java.lang.Thread.sleep(Native Method)
	at java.lang.Thread.sleep(Thread.java:340)
	at java.util.concurrent.TimeUnit.sleep(TimeUnit.java:386)
	at org.apache.ratis.util.TimeDuration.sleep(TimeDuration.java:324)
	at org.apache.ratis.util.TimeDuration.sleep(TimeDuration.java:309)
	at org.apache.ratis.server.impl.FollowerState.run(FollowerState.java:118)
2022-02-08 13:53:49,255 [5f9aa48b-2f61-4154-bb84-50a0aaf99a3b@group-2AFCE8A443C3-StateMachineUpdater] INFO  impl.StateMachineUpdater (StateMachineUpdater.java:takeSnapshot(281)) - 5f9aa48b-2f61-4154-bb84-50a0aaf99a3b@group-2AFCE8A443C3-StateMachineUpdater: Took a snapshot at index 0
2022-02-08 13:53:49,255 [5f9aa48b-2f61-4154-bb84-50a0aaf99a3b@group-2AFCE8A443C3-StateMachineUpdater] INFO  impl.StateMachineUpdater (StateMachineUpdater.java:lambda$new$0(89)) - 5f9aa48b-2f61-4154-bb84-50a0aaf99a3b@group-2AFCE8A443C3-StateMachineUpdater: snapshotIndex: updateIncreasingly -1 -> 0
2022-02-08 13:53:49,255 [Listener at 127.0.0.1/36213] INFO  server.RaftServer$Division (ServerState.java:close(419)) - 5f9aa48b-2f61-4154-bb84-50a0aaf99a3b@group-2AFCE8A443C3: closes. applyIndex: 0
2022-02-08 13:53:49,256 [5f9aa48b-2f61-4154-bb84-50a0aaf99a3b@group-2AFCE8A443C3-SegmentedRaftLogWorker] INFO  segmented.SegmentedRaftLogWorker (SegmentedRaftLogWorker.java:run(327)) - 5f9aa48b-2f61-4154-bb84-50a0aaf99a3b@group-2AFCE8A443C3-SegmentedRaftLogWorker was interrupted, exiting. There are 0 tasks remaining in the queue.
2022-02-08 13:53:49,256 [Listener at 127.0.0.1/36213] INFO  segmented.SegmentedRaftLogWorker (SegmentedRaftLogWorker.java:close(237)) - 5f9aa48b-2f61-4154-bb84-50a0aaf99a3b@group-2AFCE8A443C3-SegmentedRaftLogWorker close()
2022-02-08 13:53:49,261 [ForkJoinPool.commonPool-worker-0] INFO  server.RaftServer$Division (ServerState.java:close(419)) - 5f9aa48b-2f61-4154-bb84-50a0aaf99a3b@group-6046E76B0741: closes. applyIndex: -1
2022-02-08 13:53:49,261 [5f9aa48b-2f61-4154-bb84-50a0aaf99a3b@group-6046E76B0741-SegmentedRaftLogWorker] INFO  segmented.SegmentedRaftLogWorker (SegmentedRaftLogWorker.java:run(327)) - 5f9aa48b-2f61-4154-bb84-50a0aaf99a3b@group-6046E76B0741-SegmentedRaftLogWorker was interrupted, exiting. There are 0 tasks remaining in the queue.
2022-02-08 13:53:49,265 [ForkJoinPool.commonPool-worker-0] INFO  segmented.SegmentedRaftLogWorker (SegmentedRaftLogWorker.java:close(237)) - 5f9aa48b-2f61-4154-bb84-50a0aaf99a3b@group-6046E76B0741-SegmentedRaftLogWorker close()
2022-02-08 13:53:49,271 [Listener at 127.0.0.1/36213] INFO  server.GrpcService (GrpcService.java:closeImpl(262)) - 5f9aa48b-2f61-4154-bb84-50a0aaf99a3b: shutdown server with port 40765 now
2022-02-08 13:53:49,279 [Listener at 127.0.0.1/36213] INFO  server.GrpcService (GrpcService.java:closeImpl(271)) - 5f9aa48b-2f61-4154-bb84-50a0aaf99a3b: shutdown server with port 40765 successfully
2022-02-08 13:53:49,279 [org.apache.ratis.util.JvmPauseMonitor$$Lambda$431/1827212229@2497c803] INFO  util.JvmPauseMonitor (JvmPauseMonitor.java:run(109)) - JvmPauseMonitor-5f9aa48b-2f61-4154-bb84-50a0aaf99a3b: Stopped
2022-02-08 13:53:51,343 [Listener at 127.0.0.1/36213] INFO  utils.BackgroundService (BackgroundService.java:shutdown(132)) - Shutting down service BlockDeletingService
2022-02-08 13:53:53,203 [EventQueue-StaleNodeForStaleNodeHandler] INFO  node.StaleNodeHandler (StaleNodeHandler.java:onMessage(58)) - Datanode 74cc591c-4d52-479e-aacc-08a66935e120{ip: 10.1.0.34, host: fv-az148-480.bm4ck3pvxvsene1rjriu5fhcdb.bx.internal.cloudapp.net, ports: [REPLICATION=41959, RATIS=33121, RATIS_ADMIN=33121, RATIS_SERVER=33121, STANDALONE=46775], networkLocation: /default-rack, certSerialId: null, persistedOpState: IN_SERVICE, persistedOpStateExpiryEpochSec: 0} moved to stale state. Finalizing its pipelines [PipelineID=fade1a64-d0d1-4281-9e9b-3c477149a74c, PipelineID=60fdb779-c7c1-4438-b616-25469f3653d4]
2022-02-08 13:53:53,207 [EventQueue-StaleNodeForStaleNodeHandler] INFO  pipeline.PipelineManagerImpl (PipelineManagerImpl.java:closePipeline(365)) - Pipeline Pipeline[ Id: fade1a64-d0d1-4281-9e9b-3c477149a74c, Nodes: 74cc591c-4d52-479e-aacc-08a66935e120{ip: 10.1.0.34, host: fv-az148-480.bm4ck3pvxvsene1rjriu5fhcdb.bx.internal.cloudapp.net, ports: [REPLICATION=41959, RATIS=33121, RATIS_ADMIN=33121, RATIS_SERVER=33121, STANDALONE=46775], networkLocation: /default-rack, certSerialId: null, persistedOpState: IN_SERVICE, persistedOpStateExpiryEpochSec: 0}, ReplicationConfig: RATIS/ONE, State:OPEN, leaderId:74cc591c-4d52-479e-aacc-08a66935e120, CreationTimestamp2022-02-08T13:52:28.994Z[Etc/UTC]] moved to CLOSED state
2022-02-08 13:53:53,306 [EventQueue-StaleNodeForStaleNodeHandler] INFO  node.StaleNodeHandler (StaleNodeHandler.java:onMessage(58)) - Datanode f61a4b31-682a-41d1-a434-a20bd71c25fb{ip: 10.1.0.34, host: fv-az148-480.bm4ck3pvxvsene1rjriu5fhcdb.bx.internal.cloudapp.net, ports: [REPLICATION=34671, RATIS=43123, RATIS_ADMIN=43123, RATIS_SERVER=43123, STANDALONE=43787], networkLocation: /default-rack, certSerialId: null, persistedOpState: IN_SERVICE, persistedOpStateExpiryEpochSec: 0} moved to stale state. Finalizing its pipelines [PipelineID=76856bf5-1ed6-4d95-ad34-3efc0426b04c, PipelineID=5b69d1c0-01d2-451e-b624-99362a9385e5]
2022-02-08 13:53:53,315 [EventQueue-StaleNodeForStaleNodeHandler] INFO  pipeline.PipelineManagerImpl (PipelineManagerImpl.java:closePipeline(365)) - Pipeline Pipeline[ Id: 76856bf5-1ed6-4d95-ad34-3efc0426b04c, Nodes: f61a4b31-682a-41d1-a434-a20bd71c25fb{ip: 10.1.0.34, host: fv-az148-480.bm4ck3pvxvsene1rjriu5fhcdb.bx.internal.cloudapp.net, ports: [REPLICATION=34671, RATIS=43123, RATIS_ADMIN=43123, RATIS_SERVER=43123, STANDALONE=43787], networkLocation: /default-rack, certSerialId: null, persistedOpState: IN_SERVICE, persistedOpStateExpiryEpochSec: 0}, ReplicationConfig: RATIS/ONE, State:OPEN, leaderId:f61a4b31-682a-41d1-a434-a20bd71c25fb, CreationTimestamp2022-02-08T13:52:30.201Z[Etc/UTC]] moved to CLOSED state
2022-02-08 13:53:54,362 [Listener at 127.0.0.1/36213] INFO  statemachine.DatanodeStateMachine (DatanodeStateMachine.java:stopDaemon(529)) - Ozone container server stopped.
2022-02-08 13:53:54,363 [Listener at 127.0.0.1/36213] INFO  handler.ContextHandler (ContextHandler.java:doStop(1153)) - Stopped o.e.j.w.WebAppContext@63d9cd59{hddsDatanode,/,null,STOPPED}{jar:file:/home/runner/.m2/repository/org/apache/ozone/hdds-container-service/1.3.0-SNAPSHOT/hdds-container-service-1.3.0-SNAPSHOT.jar!/webapps/hddsDatanode}
2022-02-08 13:53:54,364 [Listener at 127.0.0.1/36213] INFO  server.AbstractConnector (AbstractConnector.java:doStop(381)) - Stopped ServerConnector@5bdb605c{HTTP/1.1, (http/1.1)}{0.0.0.0:0}
2022-02-08 13:53:54,364 [Listener at 127.0.0.1/36213] INFO  server.session (HouseKeeper.java:stopScavenging(149)) - node0 Stopped scavenging
2022-02-08 13:53:54,364 [Listener at 127.0.0.1/36213] INFO  handler.ContextHandler (ContextHandler.java:doStop(1153)) - Stopped o.e.j.s.ServletContextHandler@70d8380{static,/static,jar:file:/home/runner/.m2/repository/org/apache/ozone/hdds-container-service/1.3.0-SNAPSHOT/hdds-container-service-1.3.0-SNAPSHOT.jar!/webapps/static,STOPPED}
2022-02-08 13:53:54,364 [Listener at 127.0.0.1/36213] INFO  handler.ContextHandler (ContextHandler.java:doStop(1153)) - Stopped o.e.j.s.ServletContextHandler@37443848{logs,/logs,file:///home/runner/work/ozone/ozone/hadoop-ozone/integration-test/target/log,STOPPED}
2022-02-08 13:53:54,366 [Listener at 127.0.0.1/36213] INFO  ozone.MiniOzoneClusterImpl (MiniOzoneClusterImpl.java:stopSCM(526)) - Stopping the StorageContainerManager
2022-02-08 13:53:54,367 [Listener at 127.0.0.1/36213] INFO  server.StorageContainerManager (StorageContainerManager.java:stop(1390)) - Stopping Container Balancer service.
2022-02-08 13:53:54,367 [Listener at 127.0.0.1/36213] INFO  balancer.ContainerBalancer (ContainerBalancer.java:stop(751)) - Container Balancer is not running.
2022-02-08 13:53:54,367 [Listener at 127.0.0.1/36213] INFO  server.StorageContainerManager (StorageContainerManager.java:stop(1397)) - Stopping Replication Manager Service.
2022-02-08 13:53:54,367 [Listener at 127.0.0.1/36213] INFO  container.ReplicationManager (ReplicationManager.java:stop(357)) - Stopping Replication Monitor Thread.
2022-02-08 13:53:54,367 [Listener at 127.0.0.1/36213] INFO  server.StorageContainerManager (StorageContainerManager.java:stop(1404)) - Stopping the Datanode Admin Monitor.
2022-02-08 13:53:54,367 [Listener at 127.0.0.1/36213] INFO  server.StorageContainerManager (StorageContainerManager.java:stop(1411)) - Stopping Lease Manager of the command watchers
2022-02-08 13:53:54,367 [Listener at 127.0.0.1/36213] INFO  server.StorageContainerManager (StorageContainerManager.java:stop(1418)) - Stopping datanode service RPC server
2022-02-08 13:53:54,367 [Listener at 127.0.0.1/36213] INFO  server.SCMDatanodeProtocolServer (SCMDatanodeProtocolServer.java:stop(390)) - Stopping the RPC server for DataNodes
2022-02-08 13:53:54,367 [Listener at 127.0.0.1/36213] INFO  ipc.Server (Server.java:stop(3414)) - Stopping server on 40099
2022-02-08 13:53:54,370 [IPC Server listener on 0] INFO  ipc.Server (Server.java:run(1376)) - Stopping IPC Server listener on 0
2022-02-08 13:53:54,394 [IPC Server Responder] INFO  ipc.Server (Server.java:run(1512)) - Stopping IPC Server Responder
2022-02-08 13:53:54,413 [SCM Heartbeat Processing Thread - 0] WARN  node.NodeStateManager (NodeStateManager.java:scheduleNextHealthCheck(799)) - Current Thread is interrupted, shutting down HB processing thread for Node Manager.
2022-02-08 13:53:54,414 [Listener at 127.0.0.1/36213] INFO  server.StorageContainerManager (StorageContainerManager.java:stop(1426)) - Stopping block service RPC server
2022-02-08 13:53:54,415 [Listener at 127.0.0.1/36213] INFO  server.SCMBlockProtocolServer (SCMBlockProtocolServer.java:stop(160)) - Stopping the RPC server for Block Protocol
2022-02-08 13:53:54,415 [Listener at 127.0.0.1/36213] INFO  ipc.Server (Server.java:stop(3414)) - Stopping server on 42993
2022-02-08 13:53:54,425 [IPC Server Responder] INFO  ipc.Server (Server.java:run(1512)) - Stopping IPC Server Responder
2022-02-08 13:53:54,426 [Listener at 127.0.0.1/36213] INFO  server.StorageContainerManager (StorageContainerManager.java:stop(1433)) - Stopping the StorageContainerLocationProtocol RPC server
2022-02-08 13:53:54,426 [IPC Server listener on 0] INFO  ipc.Server (Server.java:run(1376)) - Stopping IPC Server listener on 0
2022-02-08 13:53:54,426 [Listener at 127.0.0.1/36213] INFO  server.SCMClientProtocolServer (SCMClientProtocolServer.java:stop(174)) - Stopping the RPC server for Client Protocol
2022-02-08 13:53:54,426 [Listener at 127.0.0.1/36213] INFO  ipc.Server (Server.java:stop(3414)) - Stopping server on 36263
2022-02-08 13:53:54,447 [Listener at 127.0.0.1/36213] INFO  server.StorageContainerManager (StorageContainerManager.java:stop(1440)) - Stopping Storage Container Manager HTTP server.
2022-02-08 13:53:54,447 [Listener at 127.0.0.1/36213] INFO  handler.ContextHandler (ContextHandler.java:doStop(1153)) - Stopped o.e.j.w.WebAppContext@3962b216{scm,/,null,STOPPED}{file:/home/runner/work/ozone/ozone/hadoop-ozone/integration-test/target/test-classes/webapps/scm}
2022-02-08 13:53:54,448 [IPC Server Responder] INFO  ipc.Server (Server.java:run(1512)) - Stopping IPC Server Responder
2022-02-08 13:53:54,453 [IPC Server listener on 0] INFO  ipc.Server (Server.java:run(1376)) - Stopping IPC Server listener on 0
2022-02-08 13:53:54,458 [Listener at 127.0.0.1/36213] INFO  server.AbstractConnector (AbstractConnector.java:doStop(381)) - Stopped ServerConnector@2d2afc39{HTTP/1.1, (http/1.1)}{0.0.0.0:0}
2022-02-08 13:53:54,472 [Listener at 127.0.0.1/36213] INFO  server.session (HouseKeeper.java:stopScavenging(149)) - node0 Stopped scavenging
2022-02-08 13:53:54,472 [Listener at 127.0.0.1/36213] INFO  handler.ContextHandler (ContextHandler.java:doStop(1153)) - Stopped o.e.j.s.ServletContextHandler@583b4af4{static,/static,file:///home/runner/work/ozone/ozone/hadoop-ozone/integration-test/target/test-classes/webapps/static,STOPPED}
2022-02-08 13:53:54,472 [Listener at 127.0.0.1/36213] INFO  handler.ContextHandler (ContextHandler.java:doStop(1153)) - Stopped o.e.j.s.ServletContextHandler@b75f3f4{logs,/logs,file:///home/runner/work/ozone/ozone/hadoop-ozone/integration-test/target/log,STOPPED}
2022-02-08 13:53:54,481 [Listener at 127.0.0.1/36213] INFO  server.StorageContainerManager (StorageContainerManager.java:stop(1451)) - Stopping Block Manager Service.
2022-02-08 13:53:54,481 [Listener at 127.0.0.1/36213] INFO  utils.BackgroundService (BackgroundService.java:shutdown(132)) - Shutting down service SCMBlockDeletingService
2022-02-08 13:53:54,482 [Listener at 127.0.0.1/36213] INFO  utils.BackgroundService (BackgroundService.java:shutdown(132)) - Shutting down service SCMBlockDeletingService
2022-02-08 13:53:54,482 [Listener at 127.0.0.1/36213] INFO  server.StorageContainerManager (StorageContainerManager.java:stop(1478)) - Stopping SCM Event Queue.
2022-02-08 13:53:54,488 [Listener at 127.0.0.1/36213] INFO  server.StorageContainerManager (StorageContainerManager.java:stop(1489)) - Stopping SCM HA services.
2022-02-08 13:53:54,488 [Listener at 127.0.0.1/36213] INFO  ha.SCMRatisServerImpl (SCMRatisServerImpl.java:stop(236)) - stopping ratis server 0.0.0.0:9894
2022-02-08 13:53:54,488 [Listener at 127.0.0.1/36213] INFO  server.RaftServer (RaftServerProxy.java:lambda$close$6(391)) - 8e830768-0c32-4272-9818-b92ae3ba757d: close
2022-02-08 13:53:54,489 [Listener at 127.0.0.1/36213] INFO  server.RaftServer$Division (RaftServerImpl.java:lambda$close$4(412)) - 8e830768-0c32-4272-9818-b92ae3ba757d@group-82FB29945A00: shutdown
2022-02-08 13:53:54,489 [Listener at 127.0.0.1/36213] INFO  util.JmxRegister (JmxRegister.java:unregister(73)) - Successfully un-registered JMX Bean with object name Ratis:service=RaftServer,group=group-82FB29945A00,id=8e830768-0c32-4272-9818-b92ae3ba757d
2022-02-08 13:53:54,489 [Listener at 127.0.0.1/36213] INFO  impl.RoleInfo (RoleInfo.java:shutdownLeaderState(91)) - 8e830768-0c32-4272-9818-b92ae3ba757d: shutdown 8e830768-0c32-4272-9818-b92ae3ba757d@group-82FB29945A00-LeaderStateImpl
2022-02-08 13:53:54,489 [Listener at 127.0.0.1/36213] INFO  impl.PendingRequests (PendingRequests.java:sendNotLeaderResponses(282)) - 8e830768-0c32-4272-9818-b92ae3ba757d@group-82FB29945A00-PendingRequests: sendNotLeaderResponses
2022-02-08 13:53:54,489 [Listener at 127.0.0.1/36213] INFO  ha.SCMStateMachine (SCMStateMachine.java:notifyNotLeader(190)) - current leader SCM steps down.
2022-02-08 13:53:54,489 [Listener at 127.0.0.1/36213] INFO  ha.SCMContext (SCMContext.java:updateLeaderAndTerm(90)) - update <isLeader,term> from <true,2> to <false,0>
2022-02-08 13:53:54,490 [Listener at 127.0.0.1/36213] INFO  ha.SCMContext (SCMContext.java:updateLeaderAndTerm(97)) - update <isLeaderReady> from <false> to <false>
2022-02-08 13:53:54,515 [Listener at 127.0.0.1/36213] INFO  impl.StateMachineUpdater (StateMachineUpdater.java:stopAndJoin(149)) - 8e830768-0c32-4272-9818-b92ae3ba757d@group-82FB29945A00-StateMachineUpdater: set stopIndex = 72
2022-02-08 13:53:54,515 [8e830768-0c32-4272-9818-b92ae3ba757d@group-82FB29945A00-StateMachineUpdater] INFO  ha.SCMStateMachine (SCMStateMachine.java:takeSnapshot(297)) - Current Snapshot Index 72, takeSnapshot took 1 ms
2022-02-08 13:53:54,516 [8e830768-0c32-4272-9818-b92ae3ba757d@group-82FB29945A00-StateMachineUpdater] INFO  impl.StateMachineUpdater (StateMachineUpdater.java:takeSnapshot(281)) - 8e830768-0c32-4272-9818-b92ae3ba757d@group-82FB29945A00-StateMachineUpdater: Took a snapshot at index 72
2022-02-08 13:53:54,516 [8e830768-0c32-4272-9818-b92ae3ba757d@group-82FB29945A00-StateMachineUpdater] INFO  impl.StateMachineUpdater (StateMachineUpdater.java:lambda$new$0(89)) - 8e830768-0c32-4272-9818-b92ae3ba757d@group-82FB29945A00-StateMachineUpdater: snapshotIndex: updateIncreasingly -1 -> 72
2022-02-08 13:53:54,517 [Listener at 127.0.0.1/36213] INFO  server.RaftServer$Division (ServerState.java:close(419)) - 8e830768-0c32-4272-9818-b92ae3ba757d@group-82FB29945A00: closes. applyIndex: 72
2022-02-08 13:53:54,517 [8e830768-0c32-4272-9818-b92ae3ba757d@group-82FB29945A00-SegmentedRaftLogWorker] INFO  segmented.SegmentedRaftLogWorker (SegmentedRaftLogWorker.java:run(327)) - 8e830768-0c32-4272-9818-b92ae3ba757d@group-82FB29945A00-SegmentedRaftLogWorker was interrupted, exiting. There are 0 tasks remaining in the queue.
2022-02-08 13:53:54,522 [Listener at 127.0.0.1/36213] INFO  segmented.SegmentedRaftLogWorker (SegmentedRaftLogWorker.java:close(237)) - 8e830768-0c32-4272-9818-b92ae3ba757d@group-82FB29945A00-SegmentedRaftLogWorker close()
2022-02-08 13:53:54,523 [Listener at 127.0.0.1/36213] INFO  server.GrpcService (GrpcService.java:closeImpl(262)) - 8e830768-0c32-4272-9818-b92ae3ba757d: shutdown server with port 9894 now
2022-02-08 13:53:54,524 [Listener at 127.0.0.1/36213] INFO  server.GrpcService (GrpcService.java:closeImpl(271)) - 8e830768-0c32-4272-9818-b92ae3ba757d: shutdown server with port 9894 successfully
2022-02-08 13:53:54,529 [org.apache.ratis.util.JvmPauseMonitor$$Lambda$431/1827212229@7aca299e] INFO  util.JvmPauseMonitor (JvmPauseMonitor.java:run(109)) - JvmPauseMonitor-8e830768-0c32-4272-9818-b92ae3ba757d: Stopped
2022-02-08 13:53:54,557 [Listener at 127.0.0.1/36213] INFO  pipeline.BackgroundPipelineCreator (BackgroundPipelineCreator.java:stop(158)) - Stopping RatisPipelineUtilsThread.
2022-02-08 13:53:54,558 [Listener at 127.0.0.1/36213] INFO  server.StorageContainerManager (StorageContainerManager.java:stop(1499)) - Stopping SCM MetadataStore.
2022-02-08 13:53:54,560 [Listener at 127.0.0.1/36213] INFO  impl.MetricsSystemImpl (MetricsSystemImpl.java:stop(210)) - Stopping XceiverClientMetrics metrics system...
2022-02-08 13:53:54,642 [prometheus] INFO  impl.MetricsSinkAdapter (MetricsSinkAdapter.java:publishMetricsFromQueue(141)) - prometheus thread interrupted.
2022-02-08 13:53:54,642 [Listener at 127.0.0.1/36213] INFO  impl.MetricsSystemImpl (MetricsSystemImpl.java:stop(216)) - XceiverClientMetrics metrics system stopped.
]]></system-out>
  </testcase>
  <testcase name="testWatchForCommitForRetryfailure" classname="org.apache.hadoop.ozone.client.rpc.TestWatchForCommit" time="118.395"/>
  <testcase name="testWatchForCommitForGroupMismatchException" classname="org.apache.hadoop.ozone.client.rpc.TestWatchForCommit" time="84.43"/>
  <testcase name="test2WayCommitForTimeoutException" classname="org.apache.hadoop.ozone.client.rpc.TestWatchForCommit" time="86.137"/>
</testsuite>