<?xml version="1.0" encoding="UTF-8"?>
<testsuite xmlns:xsi="http://www.w3.org/2001/XMLSchema-instance" xsi:noNamespaceSchemaLocation="https://maven.apache.org/surefire/maven-surefire-plugin/xsd/surefire-test-report-3.0.xsd" version="3.0" name="org.apache.hadoop.ozone.client.rpc.TestBlockOutputStreamWithFailures" time="548.655" tests="12" errors="1" skipped="0" failures="0">
  <properties>
    <property name="java.specification.version" value="17"/>
    <property name="sun.jnu.encoding" value="UTF-8"/>
    <property name="java.class.path" value="/home/runner/work/ozone/ozone/hadoop-ozone/integration-test/target/test-classes:/home/runner/work/ozone/ozone/hadoop-ozone/integration-test/target/classes:/home/runner/work/ozone/ozone/hadoop-ozone/common/target/ozone-common-1.5.0-SNAPSHOT.jar:/home/runner/.m2/repository/io/grpc/grpc-netty/1.58.0/grpc-netty-1.58.0.jar:/home/runner/.m2/repository/io/grpc/grpc-core/1.58.0/grpc-core-1.58.0.jar:/home/runner/.m2/repository/com/google/android/annotations/4.1.1.4/annotations-4.1.1.4.jar:/home/runner/.m2/repository/org/codehaus/mojo/animal-sniffer-annotations/1.23/animal-sniffer-annotations-1.23.jar:/home/runner/.m2/repository/io/grpc/grpc-context/1.58.0/grpc-context-1.58.0.jar:/home/runner/.m2/repository/io/grpc/grpc-util/1.58.0/grpc-util-1.58.0.jar:/home/runner/.m2/repository/com/google/errorprone/error_prone_annotations/2.29.2/error_prone_annotations-2.29.2.jar:/home/runner/.m2/repository/io/perfmark/perfmark-api/0.26.0/perfmark-api-0.26.0.jar:/home/runner/.m2/repository/io/netty/netty-codec-http2/4.1.109.Final/netty-codec-http2-4.1.109.Final.jar:/home/runner/.m2/repository/io/netty/netty-codec-http/4.1.109.Final/netty-codec-http-4.1.109.Final.jar:/home/runner/.m2/repository/io/netty/netty-handler-proxy/4.1.109.Final/netty-handler-proxy-4.1.109.Final.jar:/home/runner/.m2/repository/io/netty/netty-codec-socks/4.1.109.Final/netty-codec-socks-4.1.109.Final.jar:/home/runner/.m2/repository/io/netty/netty-tcnative-boringssl-static/2.0.65.Final/netty-tcnative-boringssl-static-2.0.65.Final.jar:/home/runner/.m2/repository/io/netty/netty-tcnative-classes/2.0.65.Final/netty-tcnative-classes-2.0.65.Final.jar:/home/runner/.m2/repository/io/netty/netty-tcnative-boringssl-static/2.0.65.Final/netty-tcnative-boringssl-static-2.0.65.Final-linux-x86_64.jar:/home/runner/.m2/repository/io/netty/netty-tcnative-boringssl-static/2.0.65.Final/netty-tcnative-boringssl-static-2.0.65.Final-linux-aarch_64.jar:/home/runner/.m2/repository/io/netty/netty-tcnative-boringssl-static/2.0.65.Final/netty-tcnative-boringssl-static-2.0.65.Final-osx-x86_64.jar:/home/runner/.m2/repository/io/netty/netty-tcnative-boringssl-static/2.0.65.Final/netty-tcnative-boringssl-static-2.0.65.Final-osx-aarch_64.jar:/home/runner/.m2/repository/io/netty/netty-tcnative-boringssl-static/2.0.65.Final/netty-tcnative-boringssl-static-2.0.65.Final-windows-x86_64.jar:/home/runner/.m2/repository/org/apache/commons/commons-compress/1.27.1/commons-compress-1.27.1.jar:/home/runner/work/ozone/ozone/hadoop-hdds/common/target/hdds-common-1.5.0-SNAPSHOT.jar:/home/runner/work/ozone/ozone/hadoop-hdds/client/target/hdds-client-1.5.0-SNAPSHOT.jar:/home/runner/work/ozone/ozone/hadoop-hdds/config/target/hdds-config-1.5.0-SNAPSHOT.jar:/home/runner/work/ozone/ozone/hadoop-hdds/interface-client/target/hdds-interface-client-1.5.0-SNAPSHOT.jar:/home/runner/.m2/repository/org/apache/hadoop/thirdparty/hadoop-shaded-protobuf_3_7/1.1.1/hadoop-shaded-protobuf_3_7-1.1.1.jar:/home/runner/work/ozone/ozone/hadoop-ozone/interface-client/target/ozone-interface-client-1.5.0-SNAPSHOT.jar:/home/runner/.m2/repository/org/apache/hadoop/hadoop-hdfs-client/3.3.6/hadoop-hdfs-client-3.3.6.jar:/home/runner/.m2/repository/com/squareup/okhttp3/okhttp/4.12.0/okhttp-4.12.0.jar:/home/runner/.m2/repository/com/squareup/okio/okio/3.6.0/okio-3.6.0.jar:/home/runner/.m2/repository/com/squareup/okio/okio-jvm/3.6.0/okio-jvm-3.6.0.jar:/home/runner/.m2/repository/org/jetbrains/kotlin/kotlin-stdlib-jdk8/1.9.25/kotlin-stdlib-jdk8-1.9.25.jar:/home/runner/.m2/repository/org/jetbrains/kotlin/kotlin-stdlib-jdk7/1.9.25/kotlin-stdlib-jdk7-1.9.25.jar:/home/runner/.m2/repository/org/jetbrains/kotlin/kotlin-stdlib-common/1.9.25/kotlin-stdlib-common-1.9.25.jar:/home/runner/.m2/repository/org/apache/httpcomponents/httpclient/4.5.14/httpclient-4.5.14.jar:/home/runner/.m2/repository/org/apache/httpcomponents/httpcore/4.4.16/httpcore-4.4.16.jar:/home/runner/.m2/repository/org/apache/ratis/ratis-common/3.1.0/ratis-common-3.1.0.jar:/home/runner/.m2/repository/org/apache/ratis/ratis-proto/3.1.0/ratis-proto-3.1.0.jar:/home/runner/.m2/repository/org/apache/ratis/ratis-thirdparty-misc/1.0.6/ratis-thirdparty-misc-1.0.6.jar:/home/runner/.m2/repository/org/slf4j/slf4j-api/2.0.16/slf4j-api-2.0.16.jar:/home/runner/.m2/repository/com/fasterxml/jackson/core/jackson-annotations/2.16.2/jackson-annotations-2.16.2.jar:/home/runner/.m2/repository/com/fasterxml/jackson/core/jackson-databind/2.16.2/jackson-databind-2.16.2.jar:/home/runner/.m2/repository/com/github/stephenc/jcip/jcip-annotations/1.0-1/jcip-annotations-1.0-1.jar:/home/runner/.m2/repository/com/google/guava/guava/32.1.3-jre/guava-32.1.3-jre.jar:/home/runner/.m2/repository/com/google/guava/failureaccess/1.0.1/failureaccess-1.0.1.jar:/home/runner/.m2/repository/com/google/guava/listenablefuture/9999.0-empty-to-avoid-conflict-with-guava/listenablefuture-9999.0-empty-to-avoid-conflict-with-guava.jar:/home/runner/.m2/repository/org/checkerframework/checker-qual/3.37.0/checker-qual-3.37.0.jar:/home/runner/.m2/repository/com/google/j2objc/j2objc-annotations/2.8/j2objc-annotations-2.8.jar:/home/runner/.m2/repository/com/google/protobuf/protobuf-java/2.5.0/protobuf-java-2.5.0.jar:/home/runner/.m2/repository/io/grpc/grpc-api/1.58.0/grpc-api-1.58.0.jar:/home/runner/.m2/repository/io/grpc/grpc-stub/1.58.0/grpc-stub-1.58.0.jar:/home/runner/.m2/repository/io/netty/netty-common/4.1.109.Final/netty-common-4.1.109.Final.jar:/home/runner/.m2/repository/io/netty/netty-handler/4.1.109.Final/netty-handler-4.1.109.Final.jar:/home/runner/.m2/repository/io/netty/netty-resolver/4.1.109.Final/netty-resolver-4.1.109.Final.jar:/home/runner/.m2/repository/jakarta/annotation/jakarta.annotation-api/2.1.1/jakarta.annotation-api-2.1.1.jar:/home/runner/work/ozone/ozone/hadoop-hdds/test-utils/target/hdds-test-utils-1.5.0-SNAPSHOT.jar:/home/runner/.m2/repository/org/assertj/assertj-core/3.26.3/assertj-core-3.26.3.jar:/home/runner/.m2/repository/net/bytebuddy/byte-buddy/1.14.18/byte-buddy-1.14.18.jar:/home/runner/.m2/repository/commons-io/commons-io/2.16.1/commons-io-2.16.1.jar:/home/runner/.m2/repository/commons-logging/commons-logging/1.2/commons-logging-1.2.jar:/home/runner/.m2/repository/org/junit/jupiter/junit-jupiter-api/5.10.3/junit-jupiter-api-5.10.3.jar:/home/runner/.m2/repository/org/opentest4j/opentest4j/1.3.0/opentest4j-1.3.0.jar:/home/runner/.m2/repository/org/junit/platform/junit-platform-commons/1.10.3/junit-platform-commons-1.10.3.jar:/home/runner/.m2/repository/ch/qos/reload4j/reload4j/1.2.25/reload4j-1.2.25.jar:/home/runner/.m2/repository/org/apache/logging/log4j/log4j-api/2.24.0/log4j-api-2.24.0.jar:/home/runner/work/ozone/ozone/hadoop-hdds/server-scm/target/hdds-server-scm-1.5.0-SNAPSHOT.jar:/home/runner/work/ozone/ozone/hadoop-hdds/container-service/target/hdds-container-service-1.5.0-SNAPSHOT.jar:/home/runner/work/ozone/ozone/hadoop-hdds/hadoop-dependency-server/target/hdds-hadoop-dependency-server-1.5.0-SNAPSHOT.jar:/home/runner/.m2/repository/com/nimbusds/nimbus-jose-jwt/9.40/nimbus-jose-jwt-9.40.jar:/home/runner/.m2/repository/org/apache/hadoop/hadoop-hdfs/3.3.6/hadoop-hdfs-3.3.6.jar:/home/runner/.m2/repository/commons-daemon/commons-daemon/1.4.0/commons-daemon-1.4.0.jar:/home/runner/.m2/repository/org/apache/kerby/kerb-core/1.0.1/kerb-core-1.0.1.jar:/home/runner/.m2/repository/org/apache/kerby/kerby-pkix/1.0.1/kerby-pkix-1.0.1.jar:/home/runner/.m2/repository/org/apache/kerby/kerby-asn1/1.0.1/kerby-asn1-1.0.1.jar:/home/runner/.m2/repository/org/apache/kerby/kerb-util/1.0.1/kerb-util-1.0.1.jar:/home/runner/.m2/repository/org/apache/kerby/kerby-config/1.0.1/kerby-config-1.0.1.jar:/home/runner/.m2/repository/org/apache/kerby/kerb-crypto/1.0.1/kerb-crypto-1.0.1.jar:/home/runner/.m2/repository/org/xerial/snappy/snappy-java/1.1.10.6/snappy-java-1.1.10.6.jar:/home/runner/work/ozone/ozone/hadoop-hdds/interface-admin/target/hdds-interface-admin-1.5.0-SNAPSHOT.jar:/home/runner/work/ozone/ozone/hadoop-hdds/interface-server/target/hdds-interface-server-1.5.0-SNAPSHOT.jar:/home/runner/work/ozone/ozone/hadoop-hdds/framework/target/hdds-server-framework-1.5.0-SNAPSHOT.jar:/home/runner/.m2/repository/org/apache/ratis/ratis-client/3.1.0/ratis-client-3.1.0.jar:/home/runner/.m2/repository/org/apache/ratis/ratis-grpc/3.1.0/ratis-grpc-3.1.0.jar:/home/runner/.m2/repository/org/apache/ratis/ratis-netty/3.1.0/ratis-netty-3.1.0.jar:/home/runner/.m2/repository/org/apache/ratis/ratis-server-api/3.1.0/ratis-server-api-3.1.0.jar:/home/runner/.m2/repository/org/bouncycastle/bcpkix-jdk18on/1.78.1/bcpkix-jdk18on-1.78.1.jar:/home/runner/.m2/repository/org/bouncycastle/bcprov-jdk18on/1.78.1/bcprov-jdk18on-1.78.1.jar:/home/runner/.m2/repository/io/dropwizard/metrics/metrics-core/3.2.6/metrics-core-3.2.6.jar:/home/runner/.m2/repository/org/apache/commons/commons-text/1.12.0/commons-text-1.12.0.jar:/home/runner/.m2/repository/org/eclipse/jetty/jetty-webapp/9.4.56.v20240826/jetty-webapp-9.4.56.v20240826.jar:/home/runner/.m2/repository/org/eclipse/jetty/jetty-xml/9.4.56.v20240826/jetty-xml-9.4.56.v20240826.jar:/home/runner/.m2/repository/com/fasterxml/jackson/core/jackson-core/2.16.2/jackson-core-2.16.2.jar:/home/runner/.m2/repository/info/picocli/picocli/4.7.6/picocli-4.7.6.jar:/home/runner/.m2/repository/javax/servlet/javax.servlet-api/3.1.0/javax.servlet-api-3.1.0.jar:/home/runner/.m2/repository/commons-collections/commons-collections/3.2.2/commons-collections-3.2.2.jar:/home/runner/work/ozone/ozone/hadoop-hdds/framework/target/hdds-server-framework-1.5.0-SNAPSHOT-tests.jar:/home/runner/work/ozone/ozone/hadoop-hdds/managed-rocksdb/target/hdds-managed-rocksdb-1.5.0-SNAPSHOT.jar:/home/runner/.m2/repository/org/slf4j/slf4j-reload4j/2.0.16/slf4j-reload4j-2.0.16.jar:/home/runner/.m2/repository/org/apache/commons/commons-configuration2/2.10.1/commons-configuration2-2.10.1.jar:/home/runner/.m2/repository/commons-codec/commons-codec/1.17.0/commons-codec-1.17.0.jar:/home/runner/.m2/repository/commons-fileupload/commons-fileupload/1.5/commons-fileupload-1.5.jar:/home/runner/.m2/repository/commons-validator/commons-validator/1.6/commons-validator-1.6.jar:/home/runner/.m2/repository/commons-beanutils/commons-beanutils/1.9.4/commons-beanutils-1.9.4.jar:/home/runner/.m2/repository/commons-digester/commons-digester/1.8.1/commons-digester-1.8.1.jar:/home/runner/.m2/repository/org/apache/logging/log4j/log4j-core/2.24.0/log4j-core-2.24.0.jar:/home/runner/.m2/repository/com/lmax/disruptor/3.4.4/disruptor-3.4.4.jar:/home/runner/.m2/repository/org/eclipse/jetty/jetty-http/9.4.56.v20240826/jetty-http-9.4.56.v20240826.jar:/home/runner/.m2/repository/org/eclipse/jetty/jetty-io/9.4.56.v20240826/jetty-io-9.4.56.v20240826.jar:/home/runner/.m2/repository/org/eclipse/jetty/jetty-util/9.4.56.v20240826/jetty-util-9.4.56.v20240826.jar:/home/runner/.m2/repository/org/eclipse/jetty/jetty-server/9.4.56.v20240826/jetty-server-9.4.56.v20240826.jar:/home/runner/.m2/repository/org/eclipse/jetty/jetty-servlet/9.4.56.v20240826/jetty-servlet-9.4.56.v20240826.jar:/home/runner/.m2/repository/org/eclipse/jetty/jetty-security/9.4.56.v20240826/jetty-security-9.4.56.v20240826.jar:/home/runner/.m2/repository/org/eclipse/jetty/jetty-util-ajax/9.4.56.v20240826/jetty-util-ajax-9.4.56.v20240826.jar:/home/runner/.m2/repository/org/glassfish/jersey/core/jersey-server/2.45/jersey-server-2.45.jar:/home/runner/.m2/repository/org/glassfish/jersey/core/jersey-client/2.45/jersey-client-2.45.jar:/home/runner/.m2/repository/org/glassfish/jersey/containers/jersey-container-servlet-core/2.45/jersey-container-servlet-core-2.45.jar:/home/runner/.m2/repository/org/rocksdb/rocksdbjni/7.7.3/rocksdbjni-7.7.3.jar:/home/runner/.m2/repository/org/apache/ratis/ratis-metrics-api/3.1.0/ratis-metrics-api-3.1.0.jar:/home/runner/.m2/repository/org/apache/ratis/ratis-metrics-dropwizard3/3.1.0/ratis-metrics-dropwizard3-3.1.0.jar:/home/runner/.m2/repository/io/opentracing/opentracing-api/0.33.0/opentracing-api-0.33.0.jar:/home/runner/.m2/repository/io/prometheus/simpleclient/0.16.0/simpleclient-0.16.0.jar:/home/runner/.m2/repository/io/prometheus/simpleclient_dropwizard/0.16.0/simpleclient_dropwizard-0.16.0.jar:/home/runner/.m2/repository/io/prometheus/simpleclient_common/0.16.0/simpleclient_common-0.16.0.jar:/home/runner/.m2/repository/com/fasterxml/jackson/datatype/jackson-datatype-jsr310/2.16.2/jackson-datatype-jsr310-2.16.2.jar:/home/runner/.m2/repository/com/github/jnr/jnr-constants/0.10.4/jnr-constants-0.10.4.jar:/home/runner/.m2/repository/com/github/jnr/jnr-posix/3.1.19/jnr-posix-3.1.19.jar:/home/runner/.m2/repository/com/github/jnr/jnr-ffi/2.2.16/jnr-ffi-2.2.16.jar:/home/runner/.m2/repository/com/github/jnr/jffi/1.3.13/jffi-1.3.13.jar:/home/runner/.m2/repository/com/github/jnr/jffi/1.3.13/jffi-1.3.13-native.jar:/home/runner/.m2/repository/org/ow2/asm/asm/9.2/asm-9.2.jar:/home/runner/.m2/repository/org/ow2/asm/asm-commons/9.2/asm-commons-9.2.jar:/home/runner/.m2/repository/org/ow2/asm/asm-analysis/9.2/asm-analysis-9.2.jar:/home/runner/.m2/repository/org/ow2/asm/asm-tree/9.2/asm-tree-9.2.jar:/home/runner/.m2/repository/org/ow2/asm/asm-util/9.2/asm-util-9.2.jar:/home/runner/.m2/repository/com/github/jnr/jnr-a64asm/1.0.0/jnr-a64asm-1.0.0.jar:/home/runner/.m2/repository/com/github/jnr/jnr-x86asm/1.0.2/jnr-x86asm-1.0.2.jar:/home/runner/.m2/repository/com/google/code/gson/gson/2.10.1/gson-2.10.1.jar:/home/runner/work/ozone/ozone/hadoop-hdds/rocksdb-checkpoint-differ/target/rocksdb-checkpoint-differ-1.5.0-SNAPSHOT.jar:/home/runner/.m2/repository/org/jgrapht/jgrapht-core/1.4.0/jgrapht-core-1.4.0.jar:/home/runner/.m2/repository/org/jheaps/jheaps/0.11/jheaps-0.11.jar:/home/runner/.m2/repository/org/jgrapht/jgrapht-ext/1.4.0/jgrapht-ext-1.4.0.jar:/home/runner/.m2/repository/com/github/vlsi/mxgraph/jgraphx/3.9.12/jgraphx-3.9.12.jar:/home/runner/.m2/repository/jakarta/ws/rs/jakarta.ws.rs-api/2.1.6/jakarta.ws.rs-api-2.1.6.jar:/home/runner/work/ozone/ozone/hadoop-ozone/ozone-manager/target/ozone-manager-1.5.0-SNAPSHOT.jar:/home/runner/.m2/repository/org/aspectj/aspectjrt/1.9.7/aspectjrt-1.9.7.jar:/home/runner/.m2/repository/org/aspectj/aspectjweaver/1.9.7/aspectjweaver-1.9.7.jar:/home/runner/work/ozone/ozone/hadoop-ozone/interface-storage/target/ozone-interface-storage-1.5.0-SNAPSHOT.jar:/home/runner/.m2/repository/org/apache/kerby/kerby-util/1.0.1/kerby-util-1.0.1.jar:/home/runner/.m2/repository/io/netty/netty-transport/4.1.109.Final/netty-transport-4.1.109.Final.jar:/home/runner/.m2/repository/org/reflections/reflections/0.10.2/reflections-0.10.2.jar:/home/runner/.m2/repository/com/sun/jersey/jersey-client/1.19.4/jersey-client-1.19.4.jar:/home/runner/.m2/repository/jakarta/xml/bind/jakarta.xml.bind-api/2.3.3/jakarta.xml.bind-api-2.3.3.jar:/home/runner/.m2/repository/org/codehaus/jackson/jackson-core-asl/1.9.13/jackson-core-asl-1.9.13.jar:/home/runner/.m2/repository/org/codehaus/jackson/jackson-mapper-asl/1.9.13/jackson-mapper-asl-1.9.13.jar:/home/runner/.m2/repository/org/codehaus/jackson/jackson-jaxrs/1.9.13/jackson-jaxrs-1.9.13.jar:/home/runner/.m2/repository/org/apache/ranger/ranger-plugins-common/2.3.0/ranger-plugins-common-2.3.0.jar:/home/runner/.m2/repository/commons-lang/commons-lang/2.6/commons-lang-2.6.jar:/home/runner/.m2/repository/org/apache/ranger/ranger-plugins-cred/2.3.0/ranger-plugins-cred-2.3.0.jar:/home/runner/.m2/repository/org/apache/ranger/ranger-plugins-audit/2.3.0/ranger-plugins-audit-2.3.0.jar:/home/runner/.m2/repository/org/eclipse/jetty/jetty-client/9.4.56.v20240826/jetty-client-9.4.56.v20240826.jar:/home/runner/.m2/repository/org/apache/httpcomponents/httpmime/4.5.6/httpmime-4.5.6.jar:/home/runner/.m2/repository/org/apache/httpcomponents/httpcore-nio/4.4.16/httpcore-nio-4.4.16.jar:/home/runner/.m2/repository/org/apache/httpcomponents/httpasyncclient/4.1.3/httpasyncclient-4.1.3.jar:/home/runner/.m2/repository/com/carrotsearch/hppc/0.8.0/hppc-0.8.0.jar:/home/runner/.m2/repository/org/apache/orc/orc-core/1.5.8/orc-core-1.5.8.jar:/home/runner/.m2/repository/net/java/dev/jna/jna/5.2.0/jna-5.2.0.jar:/home/runner/.m2/repository/net/java/dev/jna/jna-platform/5.2.0/jna-platform-5.2.0.jar:/home/runner/.m2/repository/com/kstruct/gethostname4j/0.0.2/gethostname4j-0.0.2.jar:/home/runner/.m2/repository/org/apache/ranger/ranger-plugin-classloader/2.3.0/ranger-plugin-classloader-2.3.0.jar:/home/runner/.m2/repository/org/apache/ranger/ranger-intg/2.3.0/ranger-intg-2.3.0.jar:/home/runner/work/ozone/ozone/hadoop-hdds/rocks-native/target/hdds-rocks-native-1.5.0-SNAPSHOT.jar:/home/runner/.m2/repository/org/apache/hadoop/hadoop-minikdc/3.3.6/hadoop-minikdc-3.3.6.jar:/home/runner/.m2/repository/org/apache/kerby/kerb-simplekdc/1.0.1/kerb-simplekdc-1.0.1.jar:/home/runner/.m2/repository/org/apache/kerby/kerb-client/1.0.1/kerb-client-1.0.1.jar:/home/runner/.m2/repository/org/apache/kerby/kerb-common/1.0.1/kerb-common-1.0.1.jar:/home/runner/.m2/repository/org/apache/kerby/token-provider/1.0.1/token-provider-1.0.1.jar:/home/runner/.m2/repository/org/apache/kerby/kerb-admin/1.0.1/kerb-admin-1.0.1.jar:/home/runner/.m2/repository/org/apache/kerby/kerb-server/1.0.1/kerb-server-1.0.1.jar:/home/runner/.m2/repository/org/apache/kerby/kerb-identity/1.0.1/kerb-identity-1.0.1.jar:/home/runner/.m2/repository/org/apache/kerby/kerby-xdr/1.0.1/kerby-xdr-1.0.1.jar:/home/runner/.m2/repository/junit/junit/4.13.2/junit-4.13.2.jar:/home/runner/.m2/repository/org/hamcrest/hamcrest-core/1.3/hamcrest-core-1.3.jar:/home/runner/work/ozone/ozone/hadoop-ozone/s3gateway/target/ozone-s3gateway-1.5.0-SNAPSHOT.jar:/home/runner/.m2/repository/org/javassist/javassist/3.30.2-GA/javassist-3.30.2-GA.jar:/home/runner/.m2/repository/org/jboss/weld/servlet/weld-servlet-shaded/3.1.9.Final/weld-servlet-shaded-3.1.9.Final.jar:/home/runner/.m2/repository/org/glassfish/jersey/core/jersey-common/2.45/jersey-common-2.45.jar:/home/runner/.m2/repository/org/glassfish/hk2/osgi-resource-locator/1.0.3/osgi-resource-locator-1.0.3.jar:/home/runner/.m2/repository/org/glassfish/jersey/ext/cdi/jersey-cdi1x/2.45/jersey-cdi1x-2.45.jar:/home/runner/.m2/repository/org/glassfish/jersey/inject/jersey-hk2/2.45/jersey-hk2-2.45.jar:/home/runner/.m2/repository/org/glassfish/hk2/hk2-locator/2.6.1/hk2-locator-2.6.1.jar:/home/runner/.m2/repository/org/glassfish/jersey/media/jersey-media-jaxb/2.45/jersey-media-jaxb-2.45.jar:/home/runner/.m2/repository/org/glassfish/hk2/hk2-api/2.6.1/hk2-api-2.6.1.jar:/home/runner/.m2/repository/org/glassfish/hk2/hk2-utils/2.6.1/hk2-utils-2.6.1.jar:/home/runner/.m2/repository/org/glassfish/hk2/external/aopalliance-repackaged/2.6.1/aopalliance-repackaged-2.6.1.jar:/home/runner/.m2/repository/com/fasterxml/jackson/dataformat/jackson-dataformat-xml/2.16.2/jackson-dataformat-xml-2.16.2.jar:/home/runner/.m2/repository/org/codehaus/woodstox/stax2-api/4.2.2/stax2-api-4.2.2.jar:/home/runner/.m2/repository/com/fasterxml/woodstox/woodstox-core/5.4.0/woodstox-core-5.4.0.jar:/home/runner/.m2/repository/com/fasterxml/jackson/module/jackson-module-jaxb-annotations/2.16.2/jackson-module-jaxb-annotations-2.16.2.jar:/home/runner/.m2/repository/javax/annotation/javax.annotation-api/1.3.2/javax.annotation-api-1.3.2.jar:/home/runner/.m2/repository/javax/enterprise/cdi-api/2.0/cdi-api-2.0.jar:/home/runner/.m2/repository/javax/el/javax.el-api/3.0.0/javax.el-api-3.0.0.jar:/home/runner/.m2/repository/javax/interceptor/javax.interceptor-api/1.2/javax.interceptor-api-1.2.jar:/home/runner/.m2/repository/org/glassfish/jaxb/jaxb-runtime/2.3.9/jaxb-runtime-2.3.9.jar:/home/runner/.m2/repository/org/glassfish/jaxb/txw2/2.3.9/txw2-2.3.9.jar:/home/runner/.m2/repository/com/sun/istack/istack-commons-runtime/3.0.12/istack-commons-runtime-3.0.12.jar:/home/runner/.m2/repository/com/sun/activation/jakarta.activation/1.2.2/jakarta.activation-1.2.2.jar:/home/runner/.m2/repository/jakarta/activation/jakarta.activation-api/1.2.2/jakarta.activation-api-1.2.2.jar:/home/runner/.m2/repository/io/grpc/grpc-protobuf/1.58.0/grpc-protobuf-1.58.0.jar:/home/runner/.m2/repository/com/google/api/grpc/proto-google-common-protos/2.22.0/proto-google-common-protos-2.22.0.jar:/home/runner/.m2/repository/io/grpc/grpc-protobuf-lite/1.58.0/grpc-protobuf-lite-1.58.0.jar:/home/runner/.m2/repository/io/opentracing/opentracing-noop/0.33.0/opentracing-noop-0.33.0.jar:/home/runner/.m2/repository/io/opentracing/opentracing-util/0.33.0/opentracing-util-0.33.0.jar:/home/runner/work/ozone/ozone/hadoop-ozone/csi/target/ozone-csi-1.5.0-SNAPSHOT.jar:/home/runner/.m2/repository/com/google/protobuf/protobuf-java-util/3.19.6/protobuf-java-util-3.19.6.jar:/home/runner/.m2/repository/io/netty/netty-transport-classes-epoll/4.1.109.Final/netty-transport-classes-epoll-4.1.109.Final.jar:/home/runner/.m2/repository/io/netty/netty-transport-native-epoll/4.1.109.Final/netty-transport-native-epoll-4.1.109.Final-linux-x86_64.jar:/home/runner/.m2/repository/io/netty/netty-transport-native-unix-common/4.1.109.Final/netty-transport-native-unix-common-4.1.109.Final.jar:/home/runner/work/ozone/ozone/hadoop-ozone/recon/target/ozone-recon-1.5.0-SNAPSHOT.jar:/home/runner/work/ozone/ozone/hadoop-ozone/recon-codegen/target/ozone-reconcodegen-1.5.0-SNAPSHOT.jar:/home/runner/.m2/repository/aopalliance/aopalliance/1.0/aopalliance-1.0.jar:/home/runner/.m2/repository/com/google/inject/guice/6.0.0/guice-6.0.0.jar:/home/runner/.m2/repository/jakarta/inject/jakarta.inject-api/2.0.1/jakarta.inject-api-2.0.1.jar:/home/runner/.m2/repository/com/google/inject/extensions/guice-assistedinject/6.0.0/guice-assistedinject-6.0.0.jar:/home/runner/.m2/repository/com/google/inject/extensions/guice-servlet/6.0.0/guice-servlet-6.0.0.jar:/home/runner/.m2/repository/org/glassfish/jersey/containers/jersey-container-servlet/2.45/jersey-container-servlet-2.45.jar:/home/runner/.m2/repository/org/glassfish/hk2/guice-bridge/2.6.1/guice-bridge-2.6.1.jar:/home/runner/.m2/repository/org/glassfish/hk2/external/jakarta.inject/2.6.1/jakarta.inject-2.6.1.jar:/home/runner/.m2/repository/org/glassfish/jersey/media/jersey-media-json-jackson/2.45/jersey-media-json-jackson-2.45.jar:/home/runner/.m2/repository/org/glassfish/jersey/ext/jersey-entity-filtering/2.45/jersey-entity-filtering-2.45.jar:/home/runner/.m2/repository/org/jooq/jooq/3.11.10/jooq-3.11.10.jar:/home/runner/.m2/repository/org/jooq/jooq-meta/3.11.10/jooq-meta-3.11.10.jar:/home/runner/.m2/repository/org/jooq/jooq-codegen/3.11.10/jooq-codegen-3.11.10.jar:/home/runner/.m2/repository/com/jolbox/bonecp/0.8.0.RELEASE/bonecp-0.8.0.RELEASE.jar:/home/runner/.m2/repository/org/apache/derby/derby/10.14.2.0/derby-10.14.2.0.jar:/home/runner/.m2/repository/org/xerial/sqlite-jdbc/3.46.1.0/sqlite-jdbc-3.46.1.0.jar:/home/runner/.m2/repository/org/springframework/spring-core/5.3.39/spring-core-5.3.39.jar:/home/runner/.m2/repository/org/springframework/spring-jdbc/5.3.39/spring-jdbc-5.3.39.jar:/home/runner/.m2/repository/org/springframework/spring-beans/5.3.39/spring-beans-5.3.39.jar:/home/runner/.m2/repository/org/springframework/spring-tx/5.3.39/spring-tx-5.3.39.jar:/home/runner/.m2/repository/jakarta/validation/jakarta.validation-api/2.0.2/jakarta.validation-api-2.0.2.jar:/home/runner/.m2/repository/javax/inject/javax.inject/1/javax.inject-1.jar:/home/runner/work/ozone/ozone/hadoop-ozone/client/target/ozone-client-1.5.0-SNAPSHOT.jar:/home/runner/work/ozone/ozone/hadoop-hdds/erasurecode/target/hdds-erasurecode-1.5.0-SNAPSHOT.jar:/home/runner/work/ozone/ozone/hadoop-ozone/ozonefs/target/ozone-filesystem-1.5.0-SNAPSHOT.jar:/home/runner/work/ozone/ozone/hadoop-ozone/ozonefs-common/target/ozone-filesystem-common-1.5.0-SNAPSHOT.jar:/home/runner/work/ozone/ozone/hadoop-ozone/tools/target/ozone-tools-1.5.0-SNAPSHOT.jar:/home/runner/.m2/repository/org/apache/ratis/ratis-tools/3.1.0/ratis-tools-3.1.0.jar:/home/runner/.m2/repository/com/amazonaws/aws-java-sdk-core/1.12.661/aws-java-sdk-core-1.12.661.jar:/home/runner/.m2/repository/com/fasterxml/jackson/dataformat/jackson-dataformat-cbor/2.16.2/jackson-dataformat-cbor-2.16.2.jar:/home/runner/.m2/repository/joda-time/joda-time/2.12.7/joda-time-2.12.7.jar:/home/runner/.m2/repository/com/amazonaws/aws-java-sdk-s3/1.12.661/aws-java-sdk-s3-1.12.661.jar:/home/runner/.m2/repository/com/amazonaws/aws-java-sdk-kms/1.12.661/aws-java-sdk-kms-1.12.661.jar:/home/runner/.m2/repository/com/amazonaws/jmespath-java/1.12.661/jmespath-java-1.12.661.jar:/home/runner/.m2/repository/org/kohsuke/metainf-services/metainf-services/1.11/metainf-services-1.11.jar:/home/runner/work/ozone/ozone/hadoop-hdds/tools/target/hdds-tools-1.5.0-SNAPSHOT.jar:/home/runner/.m2/repository/commons-cli/commons-cli/1.8.0/commons-cli-1.8.0.jar:/home/runner/.m2/repository/org/apache/commons/commons-lang3/3.14.0/commons-lang3-3.14.0.jar:/home/runner/work/ozone/ozone/hadoop-ozone/ozone-manager/target/ozone-manager-1.5.0-SNAPSHOT-tests.jar:/home/runner/work/ozone/ozone/hadoop-hdds/common/target/hdds-common-1.5.0-SNAPSHOT-tests.jar:/home/runner/work/ozone/ozone/hadoop-hdds/hadoop-dependency-client/target/hdds-hadoop-dependency-client-1.5.0-SNAPSHOT.jar:/home/runner/work/ozone/ozone/hadoop-hdds/annotations/target/hdds-annotation-processing-1.5.0-SNAPSHOT.jar:/home/runner/.m2/repository/org/bouncycastle/bcutil-jdk18on/1.78.1/bcutil-jdk18on-1.78.1.jar:/home/runner/.m2/repository/io/jaegertracing/jaeger-client/1.8.1/jaeger-client-1.8.1.jar:/home/runner/.m2/repository/io/jaegertracing/jaeger-thrift/1.8.1/jaeger-thrift-1.8.1.jar:/home/runner/.m2/repository/org/apache/thrift/libthrift/0.15.0/libthrift-0.15.0.jar:/home/runner/.m2/repository/io/jaegertracing/jaeger-tracerresolver/1.8.1/jaeger-tracerresolver-1.8.1.jar:/home/runner/.m2/repository/io/opentracing/contrib/opentracing-tracerresolver/0.1.8/opentracing-tracerresolver-0.1.8.jar:/home/runner/.m2/repository/io/jaegertracing/jaeger-core/1.8.1/jaeger-core-1.8.1.jar:/home/runner/.m2/repository/org/jetbrains/kotlin/kotlin-stdlib/1.9.25/kotlin-stdlib-1.9.25.jar:/home/runner/.m2/repository/org/jetbrains/annotations/13.0/annotations-13.0.jar:/home/runner/.m2/repository/org/yaml/snakeyaml/2.0/snakeyaml-2.0.jar:/home/runner/.m2/repository/org/junit/platform/junit-platform-launcher/1.10.3/junit-platform-launcher-1.10.3.jar:/home/runner/.m2/repository/org/junit/platform/junit-platform-engine/1.10.3/junit-platform-engine-1.10.3.jar:/home/runner/.m2/repository/org/apiguardian/apiguardian-api/1.1.2/apiguardian-api-1.1.2.jar:/home/runner/.m2/repository/org/apache/hadoop/hadoop-kms/3.3.6/hadoop-kms-3.3.6.jar:/home/runner/.m2/repository/org/apache/hadoop/hadoop-auth/3.3.6/hadoop-auth-3.3.6.jar:/home/runner/.m2/repository/org/apache/zookeeper/zookeeper/3.8.4/zookeeper-3.8.4.jar:/home/runner/.m2/repository/org/apache/zookeeper/zookeeper-jute/3.8.4/zookeeper-jute-3.8.4.jar:/home/runner/.m2/repository/org/apache/yetus/audience-annotations/0.12.0/audience-annotations-0.12.0.jar:/home/runner/.m2/repository/org/apache/curator/curator-framework/4.2.0/curator-framework-4.2.0.jar:/home/runner/.m2/repository/org/apache/hadoop/thirdparty/hadoop-shaded-guava/1.2.0/hadoop-shaded-guava-1.2.0.jar:/home/runner/.m2/repository/com/sun/jersey/jersey-core/1.19.4/jersey-core-1.19.4.jar:/home/runner/.m2/repository/javax/ws/rs/jsr311-api/1.1.1/jsr311-api-1.1.1.jar:/home/runner/.m2/repository/com/sun/jersey/jersey-server/1.19.4/jersey-server-1.19.4.jar:/home/runner/.m2/repository/org/apache/hadoop/hadoop-common/3.3.6/hadoop-common-3.3.6.jar:/home/runner/.m2/repository/org/apache/commons/commons-math3/3.6.1/commons-math3-3.6.1.jar:/home/runner/.m2/repository/commons-net/commons-net/3.11.1/commons-net-3.11.1.jar:/home/runner/.m2/repository/com/sun/jersey/jersey-servlet/1.19.4/jersey-servlet-1.19.4.jar:/home/runner/.m2/repository/com/github/pjfanning/jersey-json/1.20/jersey-json-1.20.jar:/home/runner/.m2/repository/org/codehaus/jettison/jettison/1.1/jettison-1.1.jar:/home/runner/.m2/repository/com/sun/xml/bind/jaxb-impl/2.2.3-1/jaxb-impl-2.2.3-1.jar:/home/runner/.m2/repository/com/google/re2j/re2j/1.7/re2j-1.7.jar:/home/runner/.m2/repository/com/jcraft/jsch/0.1.55/jsch-0.1.55.jar:/home/runner/.m2/repository/org/apache/curator/curator-client/4.2.0/curator-client-4.2.0.jar:/home/runner/.m2/repository/org/apache/curator/curator-recipes/5.2.0/curator-recipes-5.2.0.jar:/home/runner/.m2/repository/com/google/code/findbugs/jsr305/3.0.2/jsr305-3.0.2.jar:/home/runner/.m2/repository/dnsjava/dnsjava/2.1.9/dnsjava-2.1.9.jar:/home/runner/.m2/repository/org/apache/hadoop/hadoop-kms/3.3.6/hadoop-kms-3.3.6-tests.jar:/home/runner/work/ozone/ozone/hadoop-hdds/server-scm/target/hdds-server-scm-1.5.0-SNAPSHOT-tests.jar:/home/runner/work/ozone/ozone/hadoop-hdds/container-service/target/hdds-container-service-1.5.0-SNAPSHOT-tests.jar:/home/runner/.m2/repository/com/github/luben/zstd-jni/1.5.6-4/zstd-jni-1.5.6-4.jar:/home/runner/.m2/repository/io/netty/netty-buffer/4.1.109.Final/netty-buffer-4.1.109.Final.jar:/home/runner/.m2/repository/io/netty/netty-codec/4.1.109.Final/netty-codec-4.1.109.Final.jar:/home/runner/work/ozone/ozone/hadoop-hdds/hadoop-dependency-test/target/hdds-hadoop-dependency-test-1.5.0-SNAPSHOT.jar:/home/runner/.m2/repository/org/apache/hadoop/hadoop-common/3.3.6/hadoop-common-3.3.6-tests.jar:/home/runner/.m2/repository/org/apache/hadoop/hadoop-hdfs/3.3.6/hadoop-hdfs-3.3.6-tests.jar:/home/runner/.m2/repository/org/junit/jupiter/junit-jupiter-engine/5.10.3/junit-jupiter-engine-5.10.3.jar:/home/runner/.m2/repository/org/junit/jupiter/junit-jupiter-params/5.10.3/junit-jupiter-params-5.10.3.jar:/home/runner/.m2/repository/org/mockito/mockito-core/4.11.0/mockito-core-4.11.0.jar:/home/runner/.m2/repository/net/bytebuddy/byte-buddy-agent/1.12.19/byte-buddy-agent-1.12.19.jar:/home/runner/.m2/repository/org/objenesis/objenesis/3.3/objenesis-3.3.jar:/home/runner/.m2/repository/org/mockito/mockito-inline/4.11.0/mockito-inline-4.11.0.jar:/home/runner/.m2/repository/org/mockito/mockito-junit-jupiter/4.11.0/mockito-junit-jupiter-4.11.0.jar:/home/runner/.m2/repository/org/apache/hadoop/hadoop-distcp/3.3.6/hadoop-distcp-3.3.6.jar:/home/runner/.m2/repository/org/apache/hadoop/hadoop-mapreduce-client-jobclient/3.3.6/hadoop-mapreduce-client-jobclient-3.3.6.jar:/home/runner/.m2/repository/org/apache/hadoop/hadoop-mapreduce-client-common/3.3.6/hadoop-mapreduce-client-common-3.3.6.jar:/home/runner/.m2/repository/org/apache/hadoop/hadoop-yarn-common/3.3.6/hadoop-yarn-common-3.3.6.jar:/home/runner/.m2/repository/org/apache/hadoop/hadoop-yarn-api/3.3.6/hadoop-yarn-api-3.3.6.jar:/home/runner/.m2/repository/javax/xml/bind/jaxb-api/2.2.11/jaxb-api-2.2.11.jar:/home/runner/.m2/repository/com/sun/jersey/contribs/jersey-guice/1.19.4/jersey-guice-1.19.4.jar:/home/runner/.m2/repository/com/fasterxml/jackson/jaxrs/jackson-jaxrs-json-provider/2.16.2/jackson-jaxrs-json-provider-2.16.2.jar:/home/runner/.m2/repository/com/fasterxml/jackson/jaxrs/jackson-jaxrs-base/2.16.2/jackson-jaxrs-base-2.16.2.jar:/home/runner/.m2/repository/org/apache/hadoop/hadoop-yarn-client/3.3.6/hadoop-yarn-client-3.3.6.jar:/home/runner/.m2/repository/org/eclipse/jetty/websocket/websocket-client/9.4.51.v20230217/websocket-client-9.4.51.v20230217.jar:/home/runner/.m2/repository/org/eclipse/jetty/websocket/websocket-common/9.4.51.v20230217/websocket-common-9.4.51.v20230217.jar:/home/runner/.m2/repository/org/eclipse/jetty/websocket/websocket-api/9.4.51.v20230217/websocket-api-9.4.51.v20230217.jar:/home/runner/.m2/repository/org/jline/jline/3.9.0/jline-3.9.0.jar:/home/runner/.m2/repository/org/apache/hadoop/hadoop-mapreduce-client-core/3.3.6/hadoop-mapreduce-client-core-3.3.6.jar:/home/runner/.m2/repository/org/apache/avro/avro/1.7.7/avro-1.7.7.jar:/home/runner/.m2/repository/com/thoughtworks/paranamer/paranamer/2.3/paranamer-2.3.jar:/home/runner/.m2/repository/org/apache/hadoop/hadoop-annotations/3.3.6/hadoop-annotations-3.3.6.jar:/home/runner/.m2/repository/io/netty/netty/3.10.6.Final/netty-3.10.6.Final.jar:/home/runner/.m2/repository/org/apache/hadoop/hadoop-distcp/3.3.6/hadoop-distcp-3.3.6-tests.jar:/home/runner/.m2/repository/org/apache/ratis/ratis-server/3.1.0/ratis-server-3.1.0.jar:/home/runner/.m2/repository/org/hamcrest/hamcrest/2.2/hamcrest-2.2.jar:/home/runner/.m2/repository/org/slf4j/jul-to-slf4j/2.0.16/jul-to-slf4j-2.0.16.jar:/home/runner/work/ozone/ozone/hadoop-ozone/integration-test/target/gradle-enterprise/test-listeners.jar:"/>
    <property name="java.vm.vendor" value="Eclipse Adoptium"/>
    <property name="sun.arch.data.model" value="64"/>
    <property name="test.build.dir" value="/home/runner/work/ozone/ozone/hadoop-ozone/integration-test/target/test-dir"/>
    <property name="test.cache.data" value=""/>
    <property name="java.vendor.url" value="https://adoptium.net/"/>
    <property name="user.timezone" value="Etc/UTC"/>
    <property name="maven-surefire-plugin.argLineAccessArgs" value=" --add-opens java.management/com.sun.jmx.mbeanserver=ALL-UNNAMED --add-exports java.management/com.sun.jmx.mbeanserver=ALL-UNNAMED --add-opens java.base/java.nio=ALL-UNNAMED --add-opens java.base/java.lang=ALL-UNNAMED --add-opens java.base/java.lang.reflect=ALL-UNNAMED"/>
    <property name="os.name" value="Linux"/>
    <property name="java.vm.specification.version" value="17"/>
    <property name="test.build.data" value="/home/runner/work/ozone/ozone/hadoop-ozone/integration-test/target/test-dir"/>
    <property name="sun.java.launcher" value="SUN_STANDARD"/>
    <property name="sun.boot.library.path" value="/usr/lib/jvm/temurin-17-jdk-amd64/lib"/>
    <property name="sun.java.command" value="/home/runner/work/ozone/ozone/hadoop-ozone/integration-test/target/surefire/surefirebooter4663195490731205217.jar /home/runner/work/ozone/ozone/hadoop-ozone/integration-test/target/surefire 2024-09-10T16-10-19_912-jvmRun1 surefire10008543274312208932tmp surefire_388313619457939221397tmp"/>
    <property name="jdk.debug" value="release"/>
    <property name="native.lib.tmp.dir" value="/tmp"/>
    <property name="surefire.test.class.path" value="/home/runner/work/ozone/ozone/hadoop-ozone/integration-test/target/test-classes:/home/runner/work/ozone/ozone/hadoop-ozone/integration-test/target/classes:/home/runner/work/ozone/ozone/hadoop-ozone/common/target/ozone-common-1.5.0-SNAPSHOT.jar:/home/runner/.m2/repository/io/grpc/grpc-netty/1.58.0/grpc-netty-1.58.0.jar:/home/runner/.m2/repository/io/grpc/grpc-core/1.58.0/grpc-core-1.58.0.jar:/home/runner/.m2/repository/com/google/android/annotations/4.1.1.4/annotations-4.1.1.4.jar:/home/runner/.m2/repository/org/codehaus/mojo/animal-sniffer-annotations/1.23/animal-sniffer-annotations-1.23.jar:/home/runner/.m2/repository/io/grpc/grpc-context/1.58.0/grpc-context-1.58.0.jar:/home/runner/.m2/repository/io/grpc/grpc-util/1.58.0/grpc-util-1.58.0.jar:/home/runner/.m2/repository/com/google/errorprone/error_prone_annotations/2.29.2/error_prone_annotations-2.29.2.jar:/home/runner/.m2/repository/io/perfmark/perfmark-api/0.26.0/perfmark-api-0.26.0.jar:/home/runner/.m2/repository/io/netty/netty-codec-http2/4.1.109.Final/netty-codec-http2-4.1.109.Final.jar:/home/runner/.m2/repository/io/netty/netty-codec-http/4.1.109.Final/netty-codec-http-4.1.109.Final.jar:/home/runner/.m2/repository/io/netty/netty-handler-proxy/4.1.109.Final/netty-handler-proxy-4.1.109.Final.jar:/home/runner/.m2/repository/io/netty/netty-codec-socks/4.1.109.Final/netty-codec-socks-4.1.109.Final.jar:/home/runner/.m2/repository/io/netty/netty-tcnative-boringssl-static/2.0.65.Final/netty-tcnative-boringssl-static-2.0.65.Final.jar:/home/runner/.m2/repository/io/netty/netty-tcnative-classes/2.0.65.Final/netty-tcnative-classes-2.0.65.Final.jar:/home/runner/.m2/repository/io/netty/netty-tcnative-boringssl-static/2.0.65.Final/netty-tcnative-boringssl-static-2.0.65.Final-linux-x86_64.jar:/home/runner/.m2/repository/io/netty/netty-tcnative-boringssl-static/2.0.65.Final/netty-tcnative-boringssl-static-2.0.65.Final-linux-aarch_64.jar:/home/runner/.m2/repository/io/netty/netty-tcnative-boringssl-static/2.0.65.Final/netty-tcnative-boringssl-static-2.0.65.Final-osx-x86_64.jar:/home/runner/.m2/repository/io/netty/netty-tcnative-boringssl-static/2.0.65.Final/netty-tcnative-boringssl-static-2.0.65.Final-osx-aarch_64.jar:/home/runner/.m2/repository/io/netty/netty-tcnative-boringssl-static/2.0.65.Final/netty-tcnative-boringssl-static-2.0.65.Final-windows-x86_64.jar:/home/runner/.m2/repository/org/apache/commons/commons-compress/1.27.1/commons-compress-1.27.1.jar:/home/runner/work/ozone/ozone/hadoop-hdds/common/target/hdds-common-1.5.0-SNAPSHOT.jar:/home/runner/work/ozone/ozone/hadoop-hdds/client/target/hdds-client-1.5.0-SNAPSHOT.jar:/home/runner/work/ozone/ozone/hadoop-hdds/config/target/hdds-config-1.5.0-SNAPSHOT.jar:/home/runner/work/ozone/ozone/hadoop-hdds/interface-client/target/hdds-interface-client-1.5.0-SNAPSHOT.jar:/home/runner/.m2/repository/org/apache/hadoop/thirdparty/hadoop-shaded-protobuf_3_7/1.1.1/hadoop-shaded-protobuf_3_7-1.1.1.jar:/home/runner/work/ozone/ozone/hadoop-ozone/interface-client/target/ozone-interface-client-1.5.0-SNAPSHOT.jar:/home/runner/.m2/repository/org/apache/hadoop/hadoop-hdfs-client/3.3.6/hadoop-hdfs-client-3.3.6.jar:/home/runner/.m2/repository/com/squareup/okhttp3/okhttp/4.12.0/okhttp-4.12.0.jar:/home/runner/.m2/repository/com/squareup/okio/okio/3.6.0/okio-3.6.0.jar:/home/runner/.m2/repository/com/squareup/okio/okio-jvm/3.6.0/okio-jvm-3.6.0.jar:/home/runner/.m2/repository/org/jetbrains/kotlin/kotlin-stdlib-jdk8/1.9.25/kotlin-stdlib-jdk8-1.9.25.jar:/home/runner/.m2/repository/org/jetbrains/kotlin/kotlin-stdlib-jdk7/1.9.25/kotlin-stdlib-jdk7-1.9.25.jar:/home/runner/.m2/repository/org/jetbrains/kotlin/kotlin-stdlib-common/1.9.25/kotlin-stdlib-common-1.9.25.jar:/home/runner/.m2/repository/org/apache/httpcomponents/httpclient/4.5.14/httpclient-4.5.14.jar:/home/runner/.m2/repository/org/apache/httpcomponents/httpcore/4.4.16/httpcore-4.4.16.jar:/home/runner/.m2/repository/org/apache/ratis/ratis-common/3.1.0/ratis-common-3.1.0.jar:/home/runner/.m2/repository/org/apache/ratis/ratis-proto/3.1.0/ratis-proto-3.1.0.jar:/home/runner/.m2/repository/org/apache/ratis/ratis-thirdparty-misc/1.0.6/ratis-thirdparty-misc-1.0.6.jar:/home/runner/.m2/repository/org/slf4j/slf4j-api/2.0.16/slf4j-api-2.0.16.jar:/home/runner/.m2/repository/com/fasterxml/jackson/core/jackson-annotations/2.16.2/jackson-annotations-2.16.2.jar:/home/runner/.m2/repository/com/fasterxml/jackson/core/jackson-databind/2.16.2/jackson-databind-2.16.2.jar:/home/runner/.m2/repository/com/github/stephenc/jcip/jcip-annotations/1.0-1/jcip-annotations-1.0-1.jar:/home/runner/.m2/repository/com/google/guava/guava/32.1.3-jre/guava-32.1.3-jre.jar:/home/runner/.m2/repository/com/google/guava/failureaccess/1.0.1/failureaccess-1.0.1.jar:/home/runner/.m2/repository/com/google/guava/listenablefuture/9999.0-empty-to-avoid-conflict-with-guava/listenablefuture-9999.0-empty-to-avoid-conflict-with-guava.jar:/home/runner/.m2/repository/org/checkerframework/checker-qual/3.37.0/checker-qual-3.37.0.jar:/home/runner/.m2/repository/com/google/j2objc/j2objc-annotations/2.8/j2objc-annotations-2.8.jar:/home/runner/.m2/repository/com/google/protobuf/protobuf-java/2.5.0/protobuf-java-2.5.0.jar:/home/runner/.m2/repository/io/grpc/grpc-api/1.58.0/grpc-api-1.58.0.jar:/home/runner/.m2/repository/io/grpc/grpc-stub/1.58.0/grpc-stub-1.58.0.jar:/home/runner/.m2/repository/io/netty/netty-common/4.1.109.Final/netty-common-4.1.109.Final.jar:/home/runner/.m2/repository/io/netty/netty-handler/4.1.109.Final/netty-handler-4.1.109.Final.jar:/home/runner/.m2/repository/io/netty/netty-resolver/4.1.109.Final/netty-resolver-4.1.109.Final.jar:/home/runner/.m2/repository/jakarta/annotation/jakarta.annotation-api/2.1.1/jakarta.annotation-api-2.1.1.jar:/home/runner/work/ozone/ozone/hadoop-hdds/test-utils/target/hdds-test-utils-1.5.0-SNAPSHOT.jar:/home/runner/.m2/repository/org/assertj/assertj-core/3.26.3/assertj-core-3.26.3.jar:/home/runner/.m2/repository/net/bytebuddy/byte-buddy/1.14.18/byte-buddy-1.14.18.jar:/home/runner/.m2/repository/commons-io/commons-io/2.16.1/commons-io-2.16.1.jar:/home/runner/.m2/repository/commons-logging/commons-logging/1.2/commons-logging-1.2.jar:/home/runner/.m2/repository/org/junit/jupiter/junit-jupiter-api/5.10.3/junit-jupiter-api-5.10.3.jar:/home/runner/.m2/repository/org/opentest4j/opentest4j/1.3.0/opentest4j-1.3.0.jar:/home/runner/.m2/repository/org/junit/platform/junit-platform-commons/1.10.3/junit-platform-commons-1.10.3.jar:/home/runner/.m2/repository/ch/qos/reload4j/reload4j/1.2.25/reload4j-1.2.25.jar:/home/runner/.m2/repository/org/apache/logging/log4j/log4j-api/2.24.0/log4j-api-2.24.0.jar:/home/runner/work/ozone/ozone/hadoop-hdds/server-scm/target/hdds-server-scm-1.5.0-SNAPSHOT.jar:/home/runner/work/ozone/ozone/hadoop-hdds/container-service/target/hdds-container-service-1.5.0-SNAPSHOT.jar:/home/runner/work/ozone/ozone/hadoop-hdds/hadoop-dependency-server/target/hdds-hadoop-dependency-server-1.5.0-SNAPSHOT.jar:/home/runner/.m2/repository/com/nimbusds/nimbus-jose-jwt/9.40/nimbus-jose-jwt-9.40.jar:/home/runner/.m2/repository/org/apache/hadoop/hadoop-hdfs/3.3.6/hadoop-hdfs-3.3.6.jar:/home/runner/.m2/repository/commons-daemon/commons-daemon/1.4.0/commons-daemon-1.4.0.jar:/home/runner/.m2/repository/org/apache/kerby/kerb-core/1.0.1/kerb-core-1.0.1.jar:/home/runner/.m2/repository/org/apache/kerby/kerby-pkix/1.0.1/kerby-pkix-1.0.1.jar:/home/runner/.m2/repository/org/apache/kerby/kerby-asn1/1.0.1/kerby-asn1-1.0.1.jar:/home/runner/.m2/repository/org/apache/kerby/kerb-util/1.0.1/kerb-util-1.0.1.jar:/home/runner/.m2/repository/org/apache/kerby/kerby-config/1.0.1/kerby-config-1.0.1.jar:/home/runner/.m2/repository/org/apache/kerby/kerb-crypto/1.0.1/kerb-crypto-1.0.1.jar:/home/runner/.m2/repository/org/xerial/snappy/snappy-java/1.1.10.6/snappy-java-1.1.10.6.jar:/home/runner/work/ozone/ozone/hadoop-hdds/interface-admin/target/hdds-interface-admin-1.5.0-SNAPSHOT.jar:/home/runner/work/ozone/ozone/hadoop-hdds/interface-server/target/hdds-interface-server-1.5.0-SNAPSHOT.jar:/home/runner/work/ozone/ozone/hadoop-hdds/framework/target/hdds-server-framework-1.5.0-SNAPSHOT.jar:/home/runner/.m2/repository/org/apache/ratis/ratis-client/3.1.0/ratis-client-3.1.0.jar:/home/runner/.m2/repository/org/apache/ratis/ratis-grpc/3.1.0/ratis-grpc-3.1.0.jar:/home/runner/.m2/repository/org/apache/ratis/ratis-netty/3.1.0/ratis-netty-3.1.0.jar:/home/runner/.m2/repository/org/apache/ratis/ratis-server-api/3.1.0/ratis-server-api-3.1.0.jar:/home/runner/.m2/repository/org/bouncycastle/bcpkix-jdk18on/1.78.1/bcpkix-jdk18on-1.78.1.jar:/home/runner/.m2/repository/org/bouncycastle/bcprov-jdk18on/1.78.1/bcprov-jdk18on-1.78.1.jar:/home/runner/.m2/repository/io/dropwizard/metrics/metrics-core/3.2.6/metrics-core-3.2.6.jar:/home/runner/.m2/repository/org/apache/commons/commons-text/1.12.0/commons-text-1.12.0.jar:/home/runner/.m2/repository/org/eclipse/jetty/jetty-webapp/9.4.56.v20240826/jetty-webapp-9.4.56.v20240826.jar:/home/runner/.m2/repository/org/eclipse/jetty/jetty-xml/9.4.56.v20240826/jetty-xml-9.4.56.v20240826.jar:/home/runner/.m2/repository/com/fasterxml/jackson/core/jackson-core/2.16.2/jackson-core-2.16.2.jar:/home/runner/.m2/repository/info/picocli/picocli/4.7.6/picocli-4.7.6.jar:/home/runner/.m2/repository/javax/servlet/javax.servlet-api/3.1.0/javax.servlet-api-3.1.0.jar:/home/runner/.m2/repository/commons-collections/commons-collections/3.2.2/commons-collections-3.2.2.jar:/home/runner/work/ozone/ozone/hadoop-hdds/framework/target/hdds-server-framework-1.5.0-SNAPSHOT-tests.jar:/home/runner/work/ozone/ozone/hadoop-hdds/managed-rocksdb/target/hdds-managed-rocksdb-1.5.0-SNAPSHOT.jar:/home/runner/.m2/repository/org/slf4j/slf4j-reload4j/2.0.16/slf4j-reload4j-2.0.16.jar:/home/runner/.m2/repository/org/apache/commons/commons-configuration2/2.10.1/commons-configuration2-2.10.1.jar:/home/runner/.m2/repository/commons-codec/commons-codec/1.17.0/commons-codec-1.17.0.jar:/home/runner/.m2/repository/commons-fileupload/commons-fileupload/1.5/commons-fileupload-1.5.jar:/home/runner/.m2/repository/commons-validator/commons-validator/1.6/commons-validator-1.6.jar:/home/runner/.m2/repository/commons-beanutils/commons-beanutils/1.9.4/commons-beanutils-1.9.4.jar:/home/runner/.m2/repository/commons-digester/commons-digester/1.8.1/commons-digester-1.8.1.jar:/home/runner/.m2/repository/org/apache/logging/log4j/log4j-core/2.24.0/log4j-core-2.24.0.jar:/home/runner/.m2/repository/com/lmax/disruptor/3.4.4/disruptor-3.4.4.jar:/home/runner/.m2/repository/org/eclipse/jetty/jetty-http/9.4.56.v20240826/jetty-http-9.4.56.v20240826.jar:/home/runner/.m2/repository/org/eclipse/jetty/jetty-io/9.4.56.v20240826/jetty-io-9.4.56.v20240826.jar:/home/runner/.m2/repository/org/eclipse/jetty/jetty-util/9.4.56.v20240826/jetty-util-9.4.56.v20240826.jar:/home/runner/.m2/repository/org/eclipse/jetty/jetty-server/9.4.56.v20240826/jetty-server-9.4.56.v20240826.jar:/home/runner/.m2/repository/org/eclipse/jetty/jetty-servlet/9.4.56.v20240826/jetty-servlet-9.4.56.v20240826.jar:/home/runner/.m2/repository/org/eclipse/jetty/jetty-security/9.4.56.v20240826/jetty-security-9.4.56.v20240826.jar:/home/runner/.m2/repository/org/eclipse/jetty/jetty-util-ajax/9.4.56.v20240826/jetty-util-ajax-9.4.56.v20240826.jar:/home/runner/.m2/repository/org/glassfish/jersey/core/jersey-server/2.45/jersey-server-2.45.jar:/home/runner/.m2/repository/org/glassfish/jersey/core/jersey-client/2.45/jersey-client-2.45.jar:/home/runner/.m2/repository/org/glassfish/jersey/containers/jersey-container-servlet-core/2.45/jersey-container-servlet-core-2.45.jar:/home/runner/.m2/repository/org/rocksdb/rocksdbjni/7.7.3/rocksdbjni-7.7.3.jar:/home/runner/.m2/repository/org/apache/ratis/ratis-metrics-api/3.1.0/ratis-metrics-api-3.1.0.jar:/home/runner/.m2/repository/org/apache/ratis/ratis-metrics-dropwizard3/3.1.0/ratis-metrics-dropwizard3-3.1.0.jar:/home/runner/.m2/repository/io/opentracing/opentracing-api/0.33.0/opentracing-api-0.33.0.jar:/home/runner/.m2/repository/io/prometheus/simpleclient/0.16.0/simpleclient-0.16.0.jar:/home/runner/.m2/repository/io/prometheus/simpleclient_dropwizard/0.16.0/simpleclient_dropwizard-0.16.0.jar:/home/runner/.m2/repository/io/prometheus/simpleclient_common/0.16.0/simpleclient_common-0.16.0.jar:/home/runner/.m2/repository/com/fasterxml/jackson/datatype/jackson-datatype-jsr310/2.16.2/jackson-datatype-jsr310-2.16.2.jar:/home/runner/.m2/repository/com/github/jnr/jnr-constants/0.10.4/jnr-constants-0.10.4.jar:/home/runner/.m2/repository/com/github/jnr/jnr-posix/3.1.19/jnr-posix-3.1.19.jar:/home/runner/.m2/repository/com/github/jnr/jnr-ffi/2.2.16/jnr-ffi-2.2.16.jar:/home/runner/.m2/repository/com/github/jnr/jffi/1.3.13/jffi-1.3.13.jar:/home/runner/.m2/repository/com/github/jnr/jffi/1.3.13/jffi-1.3.13-native.jar:/home/runner/.m2/repository/org/ow2/asm/asm/9.2/asm-9.2.jar:/home/runner/.m2/repository/org/ow2/asm/asm-commons/9.2/asm-commons-9.2.jar:/home/runner/.m2/repository/org/ow2/asm/asm-analysis/9.2/asm-analysis-9.2.jar:/home/runner/.m2/repository/org/ow2/asm/asm-tree/9.2/asm-tree-9.2.jar:/home/runner/.m2/repository/org/ow2/asm/asm-util/9.2/asm-util-9.2.jar:/home/runner/.m2/repository/com/github/jnr/jnr-a64asm/1.0.0/jnr-a64asm-1.0.0.jar:/home/runner/.m2/repository/com/github/jnr/jnr-x86asm/1.0.2/jnr-x86asm-1.0.2.jar:/home/runner/.m2/repository/com/google/code/gson/gson/2.10.1/gson-2.10.1.jar:/home/runner/work/ozone/ozone/hadoop-hdds/rocksdb-checkpoint-differ/target/rocksdb-checkpoint-differ-1.5.0-SNAPSHOT.jar:/home/runner/.m2/repository/org/jgrapht/jgrapht-core/1.4.0/jgrapht-core-1.4.0.jar:/home/runner/.m2/repository/org/jheaps/jheaps/0.11/jheaps-0.11.jar:/home/runner/.m2/repository/org/jgrapht/jgrapht-ext/1.4.0/jgrapht-ext-1.4.0.jar:/home/runner/.m2/repository/com/github/vlsi/mxgraph/jgraphx/3.9.12/jgraphx-3.9.12.jar:/home/runner/.m2/repository/jakarta/ws/rs/jakarta.ws.rs-api/2.1.6/jakarta.ws.rs-api-2.1.6.jar:/home/runner/work/ozone/ozone/hadoop-ozone/ozone-manager/target/ozone-manager-1.5.0-SNAPSHOT.jar:/home/runner/.m2/repository/org/aspectj/aspectjrt/1.9.7/aspectjrt-1.9.7.jar:/home/runner/.m2/repository/org/aspectj/aspectjweaver/1.9.7/aspectjweaver-1.9.7.jar:/home/runner/work/ozone/ozone/hadoop-ozone/interface-storage/target/ozone-interface-storage-1.5.0-SNAPSHOT.jar:/home/runner/.m2/repository/org/apache/kerby/kerby-util/1.0.1/kerby-util-1.0.1.jar:/home/runner/.m2/repository/io/netty/netty-transport/4.1.109.Final/netty-transport-4.1.109.Final.jar:/home/runner/.m2/repository/org/reflections/reflections/0.10.2/reflections-0.10.2.jar:/home/runner/.m2/repository/com/sun/jersey/jersey-client/1.19.4/jersey-client-1.19.4.jar:/home/runner/.m2/repository/jakarta/xml/bind/jakarta.xml.bind-api/2.3.3/jakarta.xml.bind-api-2.3.3.jar:/home/runner/.m2/repository/org/codehaus/jackson/jackson-core-asl/1.9.13/jackson-core-asl-1.9.13.jar:/home/runner/.m2/repository/org/codehaus/jackson/jackson-mapper-asl/1.9.13/jackson-mapper-asl-1.9.13.jar:/home/runner/.m2/repository/org/codehaus/jackson/jackson-jaxrs/1.9.13/jackson-jaxrs-1.9.13.jar:/home/runner/.m2/repository/org/apache/ranger/ranger-plugins-common/2.3.0/ranger-plugins-common-2.3.0.jar:/home/runner/.m2/repository/commons-lang/commons-lang/2.6/commons-lang-2.6.jar:/home/runner/.m2/repository/org/apache/ranger/ranger-plugins-cred/2.3.0/ranger-plugins-cred-2.3.0.jar:/home/runner/.m2/repository/org/apache/ranger/ranger-plugins-audit/2.3.0/ranger-plugins-audit-2.3.0.jar:/home/runner/.m2/repository/org/eclipse/jetty/jetty-client/9.4.56.v20240826/jetty-client-9.4.56.v20240826.jar:/home/runner/.m2/repository/org/apache/httpcomponents/httpmime/4.5.6/httpmime-4.5.6.jar:/home/runner/.m2/repository/org/apache/httpcomponents/httpcore-nio/4.4.16/httpcore-nio-4.4.16.jar:/home/runner/.m2/repository/org/apache/httpcomponents/httpasyncclient/4.1.3/httpasyncclient-4.1.3.jar:/home/runner/.m2/repository/com/carrotsearch/hppc/0.8.0/hppc-0.8.0.jar:/home/runner/.m2/repository/org/apache/orc/orc-core/1.5.8/orc-core-1.5.8.jar:/home/runner/.m2/repository/net/java/dev/jna/jna/5.2.0/jna-5.2.0.jar:/home/runner/.m2/repository/net/java/dev/jna/jna-platform/5.2.0/jna-platform-5.2.0.jar:/home/runner/.m2/repository/com/kstruct/gethostname4j/0.0.2/gethostname4j-0.0.2.jar:/home/runner/.m2/repository/org/apache/ranger/ranger-plugin-classloader/2.3.0/ranger-plugin-classloader-2.3.0.jar:/home/runner/.m2/repository/org/apache/ranger/ranger-intg/2.3.0/ranger-intg-2.3.0.jar:/home/runner/work/ozone/ozone/hadoop-hdds/rocks-native/target/hdds-rocks-native-1.5.0-SNAPSHOT.jar:/home/runner/.m2/repository/org/apache/hadoop/hadoop-minikdc/3.3.6/hadoop-minikdc-3.3.6.jar:/home/runner/.m2/repository/org/apache/kerby/kerb-simplekdc/1.0.1/kerb-simplekdc-1.0.1.jar:/home/runner/.m2/repository/org/apache/kerby/kerb-client/1.0.1/kerb-client-1.0.1.jar:/home/runner/.m2/repository/org/apache/kerby/kerb-common/1.0.1/kerb-common-1.0.1.jar:/home/runner/.m2/repository/org/apache/kerby/token-provider/1.0.1/token-provider-1.0.1.jar:/home/runner/.m2/repository/org/apache/kerby/kerb-admin/1.0.1/kerb-admin-1.0.1.jar:/home/runner/.m2/repository/org/apache/kerby/kerb-server/1.0.1/kerb-server-1.0.1.jar:/home/runner/.m2/repository/org/apache/kerby/kerb-identity/1.0.1/kerb-identity-1.0.1.jar:/home/runner/.m2/repository/org/apache/kerby/kerby-xdr/1.0.1/kerby-xdr-1.0.1.jar:/home/runner/.m2/repository/junit/junit/4.13.2/junit-4.13.2.jar:/home/runner/.m2/repository/org/hamcrest/hamcrest-core/1.3/hamcrest-core-1.3.jar:/home/runner/work/ozone/ozone/hadoop-ozone/s3gateway/target/ozone-s3gateway-1.5.0-SNAPSHOT.jar:/home/runner/.m2/repository/org/javassist/javassist/3.30.2-GA/javassist-3.30.2-GA.jar:/home/runner/.m2/repository/org/jboss/weld/servlet/weld-servlet-shaded/3.1.9.Final/weld-servlet-shaded-3.1.9.Final.jar:/home/runner/.m2/repository/org/glassfish/jersey/core/jersey-common/2.45/jersey-common-2.45.jar:/home/runner/.m2/repository/org/glassfish/hk2/osgi-resource-locator/1.0.3/osgi-resource-locator-1.0.3.jar:/home/runner/.m2/repository/org/glassfish/jersey/ext/cdi/jersey-cdi1x/2.45/jersey-cdi1x-2.45.jar:/home/runner/.m2/repository/org/glassfish/jersey/inject/jersey-hk2/2.45/jersey-hk2-2.45.jar:/home/runner/.m2/repository/org/glassfish/hk2/hk2-locator/2.6.1/hk2-locator-2.6.1.jar:/home/runner/.m2/repository/org/glassfish/jersey/media/jersey-media-jaxb/2.45/jersey-media-jaxb-2.45.jar:/home/runner/.m2/repository/org/glassfish/hk2/hk2-api/2.6.1/hk2-api-2.6.1.jar:/home/runner/.m2/repository/org/glassfish/hk2/hk2-utils/2.6.1/hk2-utils-2.6.1.jar:/home/runner/.m2/repository/org/glassfish/hk2/external/aopalliance-repackaged/2.6.1/aopalliance-repackaged-2.6.1.jar:/home/runner/.m2/repository/com/fasterxml/jackson/dataformat/jackson-dataformat-xml/2.16.2/jackson-dataformat-xml-2.16.2.jar:/home/runner/.m2/repository/org/codehaus/woodstox/stax2-api/4.2.2/stax2-api-4.2.2.jar:/home/runner/.m2/repository/com/fasterxml/woodstox/woodstox-core/5.4.0/woodstox-core-5.4.0.jar:/home/runner/.m2/repository/com/fasterxml/jackson/module/jackson-module-jaxb-annotations/2.16.2/jackson-module-jaxb-annotations-2.16.2.jar:/home/runner/.m2/repository/javax/annotation/javax.annotation-api/1.3.2/javax.annotation-api-1.3.2.jar:/home/runner/.m2/repository/javax/enterprise/cdi-api/2.0/cdi-api-2.0.jar:/home/runner/.m2/repository/javax/el/javax.el-api/3.0.0/javax.el-api-3.0.0.jar:/home/runner/.m2/repository/javax/interceptor/javax.interceptor-api/1.2/javax.interceptor-api-1.2.jar:/home/runner/.m2/repository/org/glassfish/jaxb/jaxb-runtime/2.3.9/jaxb-runtime-2.3.9.jar:/home/runner/.m2/repository/org/glassfish/jaxb/txw2/2.3.9/txw2-2.3.9.jar:/home/runner/.m2/repository/com/sun/istack/istack-commons-runtime/3.0.12/istack-commons-runtime-3.0.12.jar:/home/runner/.m2/repository/com/sun/activation/jakarta.activation/1.2.2/jakarta.activation-1.2.2.jar:/home/runner/.m2/repository/jakarta/activation/jakarta.activation-api/1.2.2/jakarta.activation-api-1.2.2.jar:/home/runner/.m2/repository/io/grpc/grpc-protobuf/1.58.0/grpc-protobuf-1.58.0.jar:/home/runner/.m2/repository/com/google/api/grpc/proto-google-common-protos/2.22.0/proto-google-common-protos-2.22.0.jar:/home/runner/.m2/repository/io/grpc/grpc-protobuf-lite/1.58.0/grpc-protobuf-lite-1.58.0.jar:/home/runner/.m2/repository/io/opentracing/opentracing-noop/0.33.0/opentracing-noop-0.33.0.jar:/home/runner/.m2/repository/io/opentracing/opentracing-util/0.33.0/opentracing-util-0.33.0.jar:/home/runner/work/ozone/ozone/hadoop-ozone/csi/target/ozone-csi-1.5.0-SNAPSHOT.jar:/home/runner/.m2/repository/com/google/protobuf/protobuf-java-util/3.19.6/protobuf-java-util-3.19.6.jar:/home/runner/.m2/repository/io/netty/netty-transport-classes-epoll/4.1.109.Final/netty-transport-classes-epoll-4.1.109.Final.jar:/home/runner/.m2/repository/io/netty/netty-transport-native-epoll/4.1.109.Final/netty-transport-native-epoll-4.1.109.Final-linux-x86_64.jar:/home/runner/.m2/repository/io/netty/netty-transport-native-unix-common/4.1.109.Final/netty-transport-native-unix-common-4.1.109.Final.jar:/home/runner/work/ozone/ozone/hadoop-ozone/recon/target/ozone-recon-1.5.0-SNAPSHOT.jar:/home/runner/work/ozone/ozone/hadoop-ozone/recon-codegen/target/ozone-reconcodegen-1.5.0-SNAPSHOT.jar:/home/runner/.m2/repository/aopalliance/aopalliance/1.0/aopalliance-1.0.jar:/home/runner/.m2/repository/com/google/inject/guice/6.0.0/guice-6.0.0.jar:/home/runner/.m2/repository/jakarta/inject/jakarta.inject-api/2.0.1/jakarta.inject-api-2.0.1.jar:/home/runner/.m2/repository/com/google/inject/extensions/guice-assistedinject/6.0.0/guice-assistedinject-6.0.0.jar:/home/runner/.m2/repository/com/google/inject/extensions/guice-servlet/6.0.0/guice-servlet-6.0.0.jar:/home/runner/.m2/repository/org/glassfish/jersey/containers/jersey-container-servlet/2.45/jersey-container-servlet-2.45.jar:/home/runner/.m2/repository/org/glassfish/hk2/guice-bridge/2.6.1/guice-bridge-2.6.1.jar:/home/runner/.m2/repository/org/glassfish/hk2/external/jakarta.inject/2.6.1/jakarta.inject-2.6.1.jar:/home/runner/.m2/repository/org/glassfish/jersey/media/jersey-media-json-jackson/2.45/jersey-media-json-jackson-2.45.jar:/home/runner/.m2/repository/org/glassfish/jersey/ext/jersey-entity-filtering/2.45/jersey-entity-filtering-2.45.jar:/home/runner/.m2/repository/org/jooq/jooq/3.11.10/jooq-3.11.10.jar:/home/runner/.m2/repository/org/jooq/jooq-meta/3.11.10/jooq-meta-3.11.10.jar:/home/runner/.m2/repository/org/jooq/jooq-codegen/3.11.10/jooq-codegen-3.11.10.jar:/home/runner/.m2/repository/com/jolbox/bonecp/0.8.0.RELEASE/bonecp-0.8.0.RELEASE.jar:/home/runner/.m2/repository/org/apache/derby/derby/10.14.2.0/derby-10.14.2.0.jar:/home/runner/.m2/repository/org/xerial/sqlite-jdbc/3.46.1.0/sqlite-jdbc-3.46.1.0.jar:/home/runner/.m2/repository/org/springframework/spring-core/5.3.39/spring-core-5.3.39.jar:/home/runner/.m2/repository/org/springframework/spring-jdbc/5.3.39/spring-jdbc-5.3.39.jar:/home/runner/.m2/repository/org/springframework/spring-beans/5.3.39/spring-beans-5.3.39.jar:/home/runner/.m2/repository/org/springframework/spring-tx/5.3.39/spring-tx-5.3.39.jar:/home/runner/.m2/repository/jakarta/validation/jakarta.validation-api/2.0.2/jakarta.validation-api-2.0.2.jar:/home/runner/.m2/repository/javax/inject/javax.inject/1/javax.inject-1.jar:/home/runner/work/ozone/ozone/hadoop-ozone/client/target/ozone-client-1.5.0-SNAPSHOT.jar:/home/runner/work/ozone/ozone/hadoop-hdds/erasurecode/target/hdds-erasurecode-1.5.0-SNAPSHOT.jar:/home/runner/work/ozone/ozone/hadoop-ozone/ozonefs/target/ozone-filesystem-1.5.0-SNAPSHOT.jar:/home/runner/work/ozone/ozone/hadoop-ozone/ozonefs-common/target/ozone-filesystem-common-1.5.0-SNAPSHOT.jar:/home/runner/work/ozone/ozone/hadoop-ozone/tools/target/ozone-tools-1.5.0-SNAPSHOT.jar:/home/runner/.m2/repository/org/apache/ratis/ratis-tools/3.1.0/ratis-tools-3.1.0.jar:/home/runner/.m2/repository/com/amazonaws/aws-java-sdk-core/1.12.661/aws-java-sdk-core-1.12.661.jar:/home/runner/.m2/repository/com/fasterxml/jackson/dataformat/jackson-dataformat-cbor/2.16.2/jackson-dataformat-cbor-2.16.2.jar:/home/runner/.m2/repository/joda-time/joda-time/2.12.7/joda-time-2.12.7.jar:/home/runner/.m2/repository/com/amazonaws/aws-java-sdk-s3/1.12.661/aws-java-sdk-s3-1.12.661.jar:/home/runner/.m2/repository/com/amazonaws/aws-java-sdk-kms/1.12.661/aws-java-sdk-kms-1.12.661.jar:/home/runner/.m2/repository/com/amazonaws/jmespath-java/1.12.661/jmespath-java-1.12.661.jar:/home/runner/.m2/repository/org/kohsuke/metainf-services/metainf-services/1.11/metainf-services-1.11.jar:/home/runner/work/ozone/ozone/hadoop-hdds/tools/target/hdds-tools-1.5.0-SNAPSHOT.jar:/home/runner/.m2/repository/commons-cli/commons-cli/1.8.0/commons-cli-1.8.0.jar:/home/runner/.m2/repository/org/apache/commons/commons-lang3/3.14.0/commons-lang3-3.14.0.jar:/home/runner/work/ozone/ozone/hadoop-ozone/ozone-manager/target/ozone-manager-1.5.0-SNAPSHOT-tests.jar:/home/runner/work/ozone/ozone/hadoop-hdds/common/target/hdds-common-1.5.0-SNAPSHOT-tests.jar:/home/runner/work/ozone/ozone/hadoop-hdds/hadoop-dependency-client/target/hdds-hadoop-dependency-client-1.5.0-SNAPSHOT.jar:/home/runner/work/ozone/ozone/hadoop-hdds/annotations/target/hdds-annotation-processing-1.5.0-SNAPSHOT.jar:/home/runner/.m2/repository/org/bouncycastle/bcutil-jdk18on/1.78.1/bcutil-jdk18on-1.78.1.jar:/home/runner/.m2/repository/io/jaegertracing/jaeger-client/1.8.1/jaeger-client-1.8.1.jar:/home/runner/.m2/repository/io/jaegertracing/jaeger-thrift/1.8.1/jaeger-thrift-1.8.1.jar:/home/runner/.m2/repository/org/apache/thrift/libthrift/0.15.0/libthrift-0.15.0.jar:/home/runner/.m2/repository/io/jaegertracing/jaeger-tracerresolver/1.8.1/jaeger-tracerresolver-1.8.1.jar:/home/runner/.m2/repository/io/opentracing/contrib/opentracing-tracerresolver/0.1.8/opentracing-tracerresolver-0.1.8.jar:/home/runner/.m2/repository/io/jaegertracing/jaeger-core/1.8.1/jaeger-core-1.8.1.jar:/home/runner/.m2/repository/org/jetbrains/kotlin/kotlin-stdlib/1.9.25/kotlin-stdlib-1.9.25.jar:/home/runner/.m2/repository/org/jetbrains/annotations/13.0/annotations-13.0.jar:/home/runner/.m2/repository/org/yaml/snakeyaml/2.0/snakeyaml-2.0.jar:/home/runner/.m2/repository/org/junit/platform/junit-platform-launcher/1.10.3/junit-platform-launcher-1.10.3.jar:/home/runner/.m2/repository/org/junit/platform/junit-platform-engine/1.10.3/junit-platform-engine-1.10.3.jar:/home/runner/.m2/repository/org/apiguardian/apiguardian-api/1.1.2/apiguardian-api-1.1.2.jar:/home/runner/.m2/repository/org/apache/hadoop/hadoop-kms/3.3.6/hadoop-kms-3.3.6.jar:/home/runner/.m2/repository/org/apache/hadoop/hadoop-auth/3.3.6/hadoop-auth-3.3.6.jar:/home/runner/.m2/repository/org/apache/zookeeper/zookeeper/3.8.4/zookeeper-3.8.4.jar:/home/runner/.m2/repository/org/apache/zookeeper/zookeeper-jute/3.8.4/zookeeper-jute-3.8.4.jar:/home/runner/.m2/repository/org/apache/yetus/audience-annotations/0.12.0/audience-annotations-0.12.0.jar:/home/runner/.m2/repository/org/apache/curator/curator-framework/4.2.0/curator-framework-4.2.0.jar:/home/runner/.m2/repository/org/apache/hadoop/thirdparty/hadoop-shaded-guava/1.2.0/hadoop-shaded-guava-1.2.0.jar:/home/runner/.m2/repository/com/sun/jersey/jersey-core/1.19.4/jersey-core-1.19.4.jar:/home/runner/.m2/repository/javax/ws/rs/jsr311-api/1.1.1/jsr311-api-1.1.1.jar:/home/runner/.m2/repository/com/sun/jersey/jersey-server/1.19.4/jersey-server-1.19.4.jar:/home/runner/.m2/repository/org/apache/hadoop/hadoop-common/3.3.6/hadoop-common-3.3.6.jar:/home/runner/.m2/repository/org/apache/commons/commons-math3/3.6.1/commons-math3-3.6.1.jar:/home/runner/.m2/repository/commons-net/commons-net/3.11.1/commons-net-3.11.1.jar:/home/runner/.m2/repository/com/sun/jersey/jersey-servlet/1.19.4/jersey-servlet-1.19.4.jar:/home/runner/.m2/repository/com/github/pjfanning/jersey-json/1.20/jersey-json-1.20.jar:/home/runner/.m2/repository/org/codehaus/jettison/jettison/1.1/jettison-1.1.jar:/home/runner/.m2/repository/com/sun/xml/bind/jaxb-impl/2.2.3-1/jaxb-impl-2.2.3-1.jar:/home/runner/.m2/repository/com/google/re2j/re2j/1.7/re2j-1.7.jar:/home/runner/.m2/repository/com/jcraft/jsch/0.1.55/jsch-0.1.55.jar:/home/runner/.m2/repository/org/apache/curator/curator-client/4.2.0/curator-client-4.2.0.jar:/home/runner/.m2/repository/org/apache/curator/curator-recipes/5.2.0/curator-recipes-5.2.0.jar:/home/runner/.m2/repository/com/google/code/findbugs/jsr305/3.0.2/jsr305-3.0.2.jar:/home/runner/.m2/repository/dnsjava/dnsjava/2.1.9/dnsjava-2.1.9.jar:/home/runner/.m2/repository/org/apache/hadoop/hadoop-kms/3.3.6/hadoop-kms-3.3.6-tests.jar:/home/runner/work/ozone/ozone/hadoop-hdds/server-scm/target/hdds-server-scm-1.5.0-SNAPSHOT-tests.jar:/home/runner/work/ozone/ozone/hadoop-hdds/container-service/target/hdds-container-service-1.5.0-SNAPSHOT-tests.jar:/home/runner/.m2/repository/com/github/luben/zstd-jni/1.5.6-4/zstd-jni-1.5.6-4.jar:/home/runner/.m2/repository/io/netty/netty-buffer/4.1.109.Final/netty-buffer-4.1.109.Final.jar:/home/runner/.m2/repository/io/netty/netty-codec/4.1.109.Final/netty-codec-4.1.109.Final.jar:/home/runner/work/ozone/ozone/hadoop-hdds/hadoop-dependency-test/target/hdds-hadoop-dependency-test-1.5.0-SNAPSHOT.jar:/home/runner/.m2/repository/org/apache/hadoop/hadoop-common/3.3.6/hadoop-common-3.3.6-tests.jar:/home/runner/.m2/repository/org/apache/hadoop/hadoop-hdfs/3.3.6/hadoop-hdfs-3.3.6-tests.jar:/home/runner/.m2/repository/org/junit/jupiter/junit-jupiter-engine/5.10.3/junit-jupiter-engine-5.10.3.jar:/home/runner/.m2/repository/org/junit/jupiter/junit-jupiter-params/5.10.3/junit-jupiter-params-5.10.3.jar:/home/runner/.m2/repository/org/mockito/mockito-core/4.11.0/mockito-core-4.11.0.jar:/home/runner/.m2/repository/net/bytebuddy/byte-buddy-agent/1.12.19/byte-buddy-agent-1.12.19.jar:/home/runner/.m2/repository/org/objenesis/objenesis/3.3/objenesis-3.3.jar:/home/runner/.m2/repository/org/mockito/mockito-inline/4.11.0/mockito-inline-4.11.0.jar:/home/runner/.m2/repository/org/mockito/mockito-junit-jupiter/4.11.0/mockito-junit-jupiter-4.11.0.jar:/home/runner/.m2/repository/org/apache/hadoop/hadoop-distcp/3.3.6/hadoop-distcp-3.3.6.jar:/home/runner/.m2/repository/org/apache/hadoop/hadoop-mapreduce-client-jobclient/3.3.6/hadoop-mapreduce-client-jobclient-3.3.6.jar:/home/runner/.m2/repository/org/apache/hadoop/hadoop-mapreduce-client-common/3.3.6/hadoop-mapreduce-client-common-3.3.6.jar:/home/runner/.m2/repository/org/apache/hadoop/hadoop-yarn-common/3.3.6/hadoop-yarn-common-3.3.6.jar:/home/runner/.m2/repository/org/apache/hadoop/hadoop-yarn-api/3.3.6/hadoop-yarn-api-3.3.6.jar:/home/runner/.m2/repository/javax/xml/bind/jaxb-api/2.2.11/jaxb-api-2.2.11.jar:/home/runner/.m2/repository/com/sun/jersey/contribs/jersey-guice/1.19.4/jersey-guice-1.19.4.jar:/home/runner/.m2/repository/com/fasterxml/jackson/jaxrs/jackson-jaxrs-json-provider/2.16.2/jackson-jaxrs-json-provider-2.16.2.jar:/home/runner/.m2/repository/com/fasterxml/jackson/jaxrs/jackson-jaxrs-base/2.16.2/jackson-jaxrs-base-2.16.2.jar:/home/runner/.m2/repository/org/apache/hadoop/hadoop-yarn-client/3.3.6/hadoop-yarn-client-3.3.6.jar:/home/runner/.m2/repository/org/eclipse/jetty/websocket/websocket-client/9.4.51.v20230217/websocket-client-9.4.51.v20230217.jar:/home/runner/.m2/repository/org/eclipse/jetty/websocket/websocket-common/9.4.51.v20230217/websocket-common-9.4.51.v20230217.jar:/home/runner/.m2/repository/org/eclipse/jetty/websocket/websocket-api/9.4.51.v20230217/websocket-api-9.4.51.v20230217.jar:/home/runner/.m2/repository/org/jline/jline/3.9.0/jline-3.9.0.jar:/home/runner/.m2/repository/org/apache/hadoop/hadoop-mapreduce-client-core/3.3.6/hadoop-mapreduce-client-core-3.3.6.jar:/home/runner/.m2/repository/org/apache/avro/avro/1.7.7/avro-1.7.7.jar:/home/runner/.m2/repository/com/thoughtworks/paranamer/paranamer/2.3/paranamer-2.3.jar:/home/runner/.m2/repository/org/apache/hadoop/hadoop-annotations/3.3.6/hadoop-annotations-3.3.6.jar:/home/runner/.m2/repository/io/netty/netty/3.10.6.Final/netty-3.10.6.Final.jar:/home/runner/.m2/repository/org/apache/hadoop/hadoop-distcp/3.3.6/hadoop-distcp-3.3.6-tests.jar:/home/runner/.m2/repository/org/apache/ratis/ratis-server/3.1.0/ratis-server-3.1.0.jar:/home/runner/.m2/repository/org/hamcrest/hamcrest/2.2/hamcrest-2.2.jar:/home/runner/.m2/repository/org/slf4j/jul-to-slf4j/2.0.16/jul-to-slf4j-2.0.16.jar:/home/runner/work/ozone/ozone/hadoop-ozone/integration-test/target/gradle-enterprise/test-listeners.jar:"/>
    <property name="sun.cpu.endian" value="little"/>
    <property name="user.home" value="/home/runner"/>
    <property name="user.language" value="en"/>
    <property name="java.specification.vendor" value="Oracle Corporation"/>
    <property name="java.version.date" value="2024-07-16"/>
    <property name="java.home" value="/usr/lib/jvm/temurin-17-jdk-amd64"/>
    <property name="java.security.krb5.conf" value="/home/runner/work/ozone/ozone/hadoop-ozone/integration-test/target/test-classes/krb5.conf"/>
    <property name="file.separator" value="/"/>
    <property name="basedir" value="/home/runner/work/ozone/ozone/hadoop-ozone/integration-test"/>
    <property name="java.vm.compressedOopsMode" value="Zero based"/>
    <property name="line.separator" value="&#10;"/>
    <property name="java.vm.specification.vendor" value="Oracle Corporation"/>
    <property name="java.specification.name" value="Java Platform API Specification"/>
    <property name="skip.installnpx" value="true"/>
    <property name="surefire.real.class.path" value="/home/runner/work/ozone/ozone/hadoop-ozone/integration-test/target/surefire/surefirebooter4663195490731205217.jar"/>
    <property name="hadoop.log.dir" value="/home/runner/work/ozone/ozone/hadoop-ozone/integration-test/target/log"/>
    <property name="sun.management.compiler" value="HotSpot 64-Bit Tiered Compilers"/>
    <property name="java.runtime.version" value="17.0.12+7"/>
    <property name="skip.npx" value="true"/>
    <property name="user.name" value="runner"/>
    <property name="java.net.preferIPv4Stack" value="true"/>
    <property name="path.separator" value=":"/>
    <property name="java.security.egd" value="file:///dev/urandom"/>
    <property name="os.version" value="5.15.0-1071-azure"/>
    <property name="java.runtime.name" value="OpenJDK Runtime Environment"/>
    <property name="com.gradle.maven.scan.extension.test.listener.junitplatform.NestedExecutionSafeDelegatingTestExecutionListener" value="57d7f8ca"/>
    <property name="file.encoding" value="UTF-8"/>
    <property name="java.vm.name" value="OpenJDK 64-Bit Server VM"/>
    <property name="java.vendor.version" value="Temurin-17.0.12+7"/>
    <property name="test.build.webapps" value=""/>
    <property name="develocity.listener.surefire.forkId" value="1"/>
    <property name="localRepository" value="/home/runner/.m2/repository"/>
    <property name="java.vendor.url.bug" value="https://github.com/adoptium/adoptium-support/issues"/>
    <property name="jetty.git.hash" value="ec6782ff5ead824dabdcf47fa98f90a4aedff401"/>
    <property name="java.io.tmpdir" value="/tmp"/>
    <property name="require.test.libhadoop" value=""/>
    <property name="java.version" value="17.0.12"/>
    <property name="user.dir" value="/home/runner/work/ozone/ozone/hadoop-ozone/integration-test"/>
    <property name="os.arch" value="amd64"/>
    <property name="java.vm.specification.name" value="Java Virtual Machine Specification"/>
    <property name="test.build.classes" value="/home/runner/work/ozone/ozone/hadoop-ozone/integration-test/target/test-classes"/>
    <property name="org.apache.ratis.thirdparty.io.netty.allocator.useCacheForAllThreads" value="false"/>
    <property name="native.encoding" value="UTF-8"/>
    <property name="hadoop.tmp.dir" value="/home/runner/work/ozone/ozone/hadoop-ozone/integration-test/target/tmp"/>
    <property name="java.library.path" value="/usr/java/packages/lib:/usr/lib64:/lib64:/lib:/usr/lib"/>
    <property name="java.vm.info" value="mixed mode, sharing"/>
    <property name="java.vendor" value="Eclipse Adoptium"/>
    <property name="java.vm.version" value="17.0.12+7"/>
    <property name="sun.io.unicode.encoding" value="UnicodeLittle"/>
    <property name="develocity.listener.port" value="45947"/>
    <property name="java.class.version" value="61.0"/>
  </properties>
  <testcase name="test2DatanodesFailure(boolean, boolean)[1]" classname="org.apache.hadoop.ozone.client.rpc.TestBlockOutputStreamWithFailures" time="45.504"/>
  <testcase name="test2DatanodesFailure(boolean, boolean)[2]" classname="org.apache.hadoop.ozone.client.rpc.TestBlockOutputStreamWithFailures" time="36.299"/>
  <testcase name="test2DatanodesFailure(boolean, boolean)[3]" classname="org.apache.hadoop.ozone.client.rpc.TestBlockOutputStreamWithFailures" time="37.731"/>
  <testcase name="test2DatanodesFailure(boolean, boolean)[4]" classname="org.apache.hadoop.ozone.client.rpc.TestBlockOutputStreamWithFailures" time="32.169">
    <error type="java.io.IOException"><![CDATA[java.io.IOException: java.io.IOException: INTERNAL_ERROR org.apache.hadoop.ozone.om.exceptions.OMException: Unable to allocate a container to the block of size: 800, replicationConfig: RATIS/THREE. The input pipeline IDs b90310fe-41f6-43a3-a698-7133c33d95e9 cannot be found
	at org.apache.hadoop.ozone.client.io.KeyOutputStream.handleWrite(KeyOutputStream.java:293)
	at org.apache.hadoop.ozone.client.io.KeyOutputStream.lambda$write$1(KeyOutputStream.java:249)
	at org.apache.hadoop.ozone.client.io.KeyOutputStream.doInWriteLock(KeyOutputStream.java:260)
	at org.apache.hadoop.ozone.client.io.KeyOutputStream.write(KeyOutputStream.java:248)
	at org.apache.hadoop.ozone.client.io.OzoneOutputStream.write(OzoneOutputStream.java:94)
	at java.base/java.io.OutputStream.write(OutputStream.java:127)
	at org.apache.hadoop.ozone.client.rpc.TestBlockOutputStreamWithFailures.test2DatanodesFailure(TestBlockOutputStreamWithFailures.java:339)
	at java.base/java.lang.reflect.Method.invoke(Method.java:569)
	at java.base/java.util.stream.ForEachOps$ForEachOp$OfRef.accept(ForEachOps.java:183)
	at java.base/java.util.stream.ReferencePipeline$3$1.accept(ReferencePipeline.java:197)
	at java.base/java.util.stream.ReferencePipeline$2$1.accept(ReferencePipeline.java:179)
	at java.base/java.util.stream.ReferencePipeline$3$1.accept(ReferencePipeline.java:197)
	at java.base/java.util.stream.ForEachOps$ForEachOp$OfRef.accept(ForEachOps.java:183)
	at java.base/java.util.stream.ReferencePipeline$3$1.accept(ReferencePipeline.java:197)
	at java.base/java.util.stream.ReferencePipeline$3$1.accept(ReferencePipeline.java:197)
	at java.base/java.util.stream.ReferencePipeline$3$1.accept(ReferencePipeline.java:197)
	at java.base/java.util.stream.ForEachOps$ForEachOp$OfRef.accept(ForEachOps.java:183)
	at java.base/java.util.stream.ReferencePipeline$3$1.accept(ReferencePipeline.java:197)
	at java.base/java.util.Spliterators$ArraySpliterator.forEachRemaining(Spliterators.java:992)
	at java.base/java.util.stream.ReferencePipeline$Head.forEach(ReferencePipeline.java:762)
	at java.base/java.util.stream.ReferencePipeline$7$1.accept(ReferencePipeline.java:276)
	at java.base/java.util.stream.ReferencePipeline$3$1.accept(ReferencePipeline.java:197)
	at java.base/java.util.stream.ReferencePipeline$3$1.accept(ReferencePipeline.java:197)
	at java.base/java.util.stream.ReferencePipeline$3$1.accept(ReferencePipeline.java:197)
	at java.base/java.util.Spliterators$ArraySpliterator.forEachRemaining(Spliterators.java:992)
	at java.base/java.util.stream.AbstractPipeline.copyInto(AbstractPipeline.java:509)
	at java.base/java.util.stream.AbstractPipeline.wrapAndCopyInto(AbstractPipeline.java:499)
	at java.base/java.util.stream.ForEachOps$ForEachOp.evaluateSequential(ForEachOps.java:150)
	at java.base/java.util.stream.ForEachOps$ForEachOp$OfRef.evaluateSequential(ForEachOps.java:173)
	at java.base/java.util.stream.AbstractPipeline.evaluate(AbstractPipeline.java:234)
	at java.base/java.util.stream.ReferencePipeline.forEach(ReferencePipeline.java:596)
	at java.base/java.util.stream.ReferencePipeline$7$1.accept(ReferencePipeline.java:276)
	at java.base/java.util.stream.ReferencePipeline$3$1.accept(ReferencePipeline.java:197)
	at java.base/java.util.stream.ReferencePipeline$3$1.accept(ReferencePipeline.java:197)
	at java.base/java.util.stream.ReferencePipeline$3$1.accept(ReferencePipeline.java:197)
	at java.base/java.util.ArrayList$ArrayListSpliterator.forEachRemaining(ArrayList.java:1625)
	at java.base/java.util.stream.AbstractPipeline.copyInto(AbstractPipeline.java:509)
	at java.base/java.util.stream.AbstractPipeline.wrapAndCopyInto(AbstractPipeline.java:499)
	at java.base/java.util.stream.ForEachOps$ForEachOp.evaluateSequential(ForEachOps.java:150)
	at java.base/java.util.stream.ForEachOps$ForEachOp$OfRef.evaluateSequential(ForEachOps.java:173)
	at java.base/java.util.stream.AbstractPipeline.evaluate(AbstractPipeline.java:234)
	at java.base/java.util.stream.ReferencePipeline.forEach(ReferencePipeline.java:596)
	at java.base/java.util.stream.ReferencePipeline$7$1.accept(ReferencePipeline.java:276)
	at java.base/java.util.ArrayList$ArrayListSpliterator.forEachRemaining(ArrayList.java:1625)
	at java.base/java.util.stream.AbstractPipeline.copyInto(AbstractPipeline.java:509)
	at java.base/java.util.stream.AbstractPipeline.wrapAndCopyInto(AbstractPipeline.java:499)
	at java.base/java.util.stream.ForEachOps$ForEachOp.evaluateSequential(ForEachOps.java:150)
	at java.base/java.util.stream.ForEachOps$ForEachOp$OfRef.evaluateSequential(ForEachOps.java:173)
	at java.base/java.util.stream.AbstractPipeline.evaluate(AbstractPipeline.java:234)
	at java.base/java.util.stream.ReferencePipeline.forEach(ReferencePipeline.java:596)
	at java.base/java.util.ArrayList.forEach(ArrayList.java:1511)
	at java.base/java.util.ArrayList.forEach(ArrayList.java:1511)
Caused by: java.io.IOException: INTERNAL_ERROR org.apache.hadoop.ozone.om.exceptions.OMException: Unable to allocate a container to the block of size: 800, replicationConfig: RATIS/THREE. The input pipeline IDs b90310fe-41f6-43a3-a698-7133c33d95e9 cannot be found
	at org.apache.hadoop.ozone.client.io.KeyOutputStream.handleWrite(KeyOutputStream.java:293)
	at org.apache.hadoop.ozone.client.io.KeyOutputStream.handleRetry(KeyOutputStream.java:489)
	at org.apache.hadoop.ozone.client.io.KeyOutputStream.handleExceptionInternal(KeyOutputStream.java:434)
	at org.apache.hadoop.ozone.client.io.KeyOutputStream.lambda$handleException$2(KeyOutputStream.java:339)
	at org.apache.hadoop.ozone.client.io.KeyOutputStream.doInWriteLock(KeyOutputStream.java:260)
	at org.apache.hadoop.ozone.client.io.KeyOutputStream.handleException(KeyOutputStream.java:338)
	at org.apache.hadoop.ozone.client.io.KeyOutputStream.handleFlushOrClose(KeyOutputStream.java:593)
	at org.apache.hadoop.ozone.client.io.KeyOutputStream.handleWrite(KeyOutputStream.java:287)
	... 51 more
Caused by: INTERNAL_ERROR org.apache.hadoop.ozone.om.exceptions.OMException: Unable to allocate a container to the block of size: 800, replicationConfig: RATIS/THREE. The input pipeline IDs b90310fe-41f6-43a3-a698-7133c33d95e9 cannot be found
	at org.apache.hadoop.ozone.om.protocolPB.OzoneManagerProtocolClientSideTranslatorPB.handleError(OzoneManagerProtocolClientSideTranslatorPB.java:762)
	at org.apache.hadoop.ozone.om.protocolPB.OzoneManagerProtocolClientSideTranslatorPB.handleSubmitRequestAndSCMSafeModeRetry(OzoneManagerProtocolClientSideTranslatorPB.java:2335)
	at org.apache.hadoop.ozone.om.protocolPB.OzoneManagerProtocolClientSideTranslatorPB.allocateBlock(OzoneManagerProtocolClientSideTranslatorPB.java:798)
	at org.apache.hadoop.ozone.client.io.BlockOutputStreamEntryPool.allocateNewBlock(BlockOutputStreamEntryPool.java:304)
	at org.apache.hadoop.ozone.client.io.BlockOutputStreamEntryPool.allocateBlockIfNeeded(BlockOutputStreamEntryPool.java:395)
	at org.apache.hadoop.ozone.client.io.KeyOutputStream.handleWrite(KeyOutputStream.java:272)
	... 58 more
]]></error>
    <system-out><![CDATA[2024-09-10 16:46:21,102 [main] WARN  server.ServerUtils (ServerUtils.java:getScmDbDir(143)) - ozone.scm.db.dirs is not configured. We recommend adding this setting. Falling back to ozone.metadata.dirs instead.
2024-09-10 16:46:21,106 [main] WARN  server.ServerUtils (ServerUtils.java:getScmDbDir(143)) - ozone.scm.db.dirs is not configured. We recommend adding this setting. Falling back to ozone.metadata.dirs instead.
2024-09-10 16:46:21,106 [main] INFO  ha.SCMHANodeDetails (SCMHANodeDetails.java:loadSCMHAConfig(207)) - ServiceID for StorageContainerManager is null
2024-09-10 16:46:21,106 [main] INFO  ha.SCMHANodeDetails (SCMHANodeDetails.java:loadSCMHAConfig(212)) - ozone.scm.default.service.id is not defined, falling back to ozone.scm.service.ids to find serviceID for StorageContainerManager if it is HA enabled cluster
2024-09-10 16:46:21,107 [main] WARN  utils.HAUtils (HAUtils.java:getMetaDir(337)) - ozone.scm.db.dirs is not configured. We recommend adding this setting. Falling back to ozone.metadata.dirs instead.
2024-09-10 16:46:21,107 [main] WARN  db.DBStoreBuilder (DBStoreBuilder.java:applyDBDefinition(171)) - ozone.scm.db.dirs is not configured. We recommend adding this setting. Falling back to ozone.metadata.dirs instead.
2024-09-10 16:46:21,167 [main] INFO  net.NodeSchemaLoader (NodeSchemaLoader.java:loadSchemaFromFile(129)) - Loading schema from [jar:file:/home/runner/work/ozone/ozone/hadoop-hdds/common/target/hdds-common-1.5.0-SNAPSHOT.jar!/network-topology-default.xml]
2024-09-10 16:46:21,167 [main] INFO  net.NodeSchemaLoader (NodeSchemaLoader.java:loadSchema(176)) - Loading network topology layer schema file
2024-09-10 16:46:21,169 [main] INFO  upgrade.AbstractLayoutVersionManager (AbstractLayoutVersionManager.java:init(83)) - Initializing Layout version manager with metadata layout = HBASE_SUPPORT (version = 8), software layout = HBASE_SUPPORT (version = 8)
2024-09-10 16:46:21,170 [main] INFO  ha.SequenceIdGenerator (SequenceIdGenerator.java:upgradeToSequenceId(369)) - upgrade localId to 113750153625600000
2024-09-10 16:46:21,171 [main] INFO  ha.SequenceIdGenerator (SequenceIdGenerator.java:upgradeToSequenceId(379)) - upgrade delTxnId to 0
2024-09-10 16:46:21,172 [main] INFO  ha.SequenceIdGenerator (SequenceIdGenerator.java:upgradeToSequenceId(396)) - upgrade containerId to 0
2024-09-10 16:46:21,173 [main] INFO  ha.SequenceIdGenerator (SequenceIdGenerator.java:upgradeToCertificateSequenceId(433)) - upgrade CertificateId to 2
2024-09-10 16:46:21,173 [main] INFO  ha.SequenceIdGenerator (SequenceIdGenerator.java:<init>(240)) - Init the HA SequenceIdGenerator.
2024-09-10 16:46:21,174 [main] INFO  node.SCMNodeManager (SCMNodeManager.java:<init>(178)) - Entering startup safe mode.
2024-09-10 16:46:21,174 [main] INFO  algorithms.ContainerPlacementPolicyFactory (ContainerPlacementPolicyFactory.java:getPolicyInternal(86)) - Create container placement policy of type org.apache.hadoop.hdds.scm.container.placement.algorithms.SCMContainerPlacementRackAware
2024-09-10 16:46:21,174 [main] INFO  algorithms.ContainerPlacementPolicyFactory (ContainerPlacementPolicyFactory.java:getPolicyInternal(86)) - Create container placement policy of type org.apache.hadoop.hdds.scm.container.placement.algorithms.SCMContainerPlacementRackScatter
2024-09-10 16:46:21,174 [main] INFO  pipeline.PipelineStateManagerImpl (PipelineStateManagerImpl.java:initialize(78)) - No pipeline exists in current db
2024-09-10 16:46:21,175 [main] INFO  algorithms.LeaderChoosePolicyFactory (LeaderChoosePolicyFactory.java:getPolicy(57)) - Create leader choose policy of type org.apache.hadoop.hdds.scm.pipeline.leader.choose.algorithms.MinLeaderCountChoosePolicy
2024-09-10 16:46:21,175 [main] INFO  algorithms.ContainerPlacementPolicyFactory (ContainerPlacementPolicyFactory.java:getPolicyInternal(86)) - Create container placement policy of type org.apache.hadoop.hdds.scm.container.placement.algorithms.SCMContainerPlacementRackScatter
2024-09-10 16:46:21,175 [main] INFO  ha.SCMServiceManager (SCMServiceManager.java:register(42)) - Registering service BackgroundPipelineCreator.
2024-09-10 16:46:21,175 [main] INFO  pipeline.BackgroundPipelineCreator (BackgroundPipelineCreator.java:start(127)) - Starting RatisPipelineUtilsThread.
2024-09-10 16:46:21,176 [main] INFO  BackgroundPipelineScrubber (BackgroundSCMService.java:start(65)) - Starting BackgroundPipelineScrubber Service.
2024-09-10 16:46:21,176 [main] INFO  ha.SCMServiceManager (SCMServiceManager.java:register(42)) - Registering service BackgroundPipelineScrubber.
2024-09-10 16:46:21,176 [main] INFO  ExpiredContainerReplicaOpScrubber (BackgroundSCMService.java:start(65)) - Starting ExpiredContainerReplicaOpScrubber Service.
2024-09-10 16:46:21,176 [main] INFO  ha.SCMServiceManager (SCMServiceManager.java:register(42)) - Registering service ExpiredContainerReplicaOpScrubber.
2024-09-10 16:46:21,177 [main] INFO  algorithms.PipelineChoosePolicyFactory (PipelineChoosePolicyFactory.java:createPipelineChoosePolicyFromClass(80)) - Create pipeline choose policy of type org.apache.hadoop.hdds.scm.pipeline.choose.algorithms.RandomPipelineChoosePolicy
2024-09-10 16:46:21,177 [main] INFO  algorithms.PipelineChoosePolicyFactory (PipelineChoosePolicyFactory.java:createPipelineChoosePolicyFromClass(80)) - Create pipeline choose policy of type org.apache.hadoop.hdds.scm.pipeline.choose.algorithms.RandomPipelineChoosePolicy
2024-09-10 16:46:21,178 [main] INFO  ha.SCMServiceManager (SCMServiceManager.java:register(42)) - Registering service SCMBlockDeletingService.
2024-09-10 16:46:21,178 [main] INFO  replication.ReplicationManager (ReplicationManager.java:start(296)) - Starting Replication Monitor Thread.
2024-09-10 16:46:21,181 [main] INFO  ha.SCMServiceManager (SCMServiceManager.java:register(42)) - Registering service ReplicationManager.
2024-09-10 16:46:21,181 [ReplicationMonitor] INFO  replication.ReplicationManager (ReplicationManager.java:processAll(373)) - Replication Manager is not ready to run until 3000ms after safemode exit
2024-09-10 16:46:21,181 [main] INFO  safemode.ContainerSafeModeRule (ContainerSafeModeRule.java:<init>(91)) - containers with one replica threshold count 0
2024-09-10 16:46:21,182 [main] INFO  safemode.HealthyPipelineSafeModeRule (HealthyPipelineSafeModeRule.java:initializeRule(176)) - Total pipeline count is 0, healthy pipeline threshold count is 1
2024-09-10 16:46:21,182 [main] INFO  safemode.OneReplicaPipelineSafeModeRule (OneReplicaPipelineSafeModeRule.java:initializeRule(193)) - Total pipeline count is 0, pipeline's with at least one datanode reported threshold count is 0
2024-09-10 16:46:21,183 [main] INFO  server.StorageContainerManager (StorageContainerManager.java:<init>(442)) - SCM start with adminUsers: [runner]
2024-09-10 16:46:21,183 [main] INFO  ipc.CallQueueManager (CallQueueManager.java:<init>(90)) - Using callQueue: class java.util.concurrent.LinkedBlockingQueue, queueCapacity: 10000, scheduler: class org.apache.hadoop.ipc.DefaultRpcScheduler, ipcBackoff: false.
2024-09-10 16:46:21,183 [main] INFO  ipc.Server (Server.java:<init>(1287)) - Listener at 0.0.0.0:15161
2024-09-10 16:46:21,184 [Socket Reader #1 for port 15161] INFO  ipc.Server (Server.java:run(1323)) - Starting Socket Reader #1 for port 15161
2024-09-10 16:46:21,185 [Socket Reader #3 for port 15161] INFO  ipc.Server (Server.java:run(1323)) - Starting Socket Reader #3 for port 15161
2024-09-10 16:46:21,185 [Socket Reader #2 for port 15161] INFO  ipc.Server (Server.java:run(1323)) - Starting Socket Reader #2 for port 15161
2024-09-10 16:46:21,188 [Socket Reader #4 for port 15161] INFO  ipc.Server (Server.java:run(1323)) - Starting Socket Reader #4 for port 15161
2024-09-10 16:46:21,188 [Socket Reader #5 for port 15161] INFO  ipc.Server (Server.java:run(1323)) - Starting Socket Reader #5 for port 15161
2024-09-10 16:46:21,188 [Socket Reader #6 for port 15161] INFO  ipc.Server (Server.java:run(1323)) - Starting Socket Reader #6 for port 15161
2024-09-10 16:46:21,188 [Socket Reader #7 for port 15161] INFO  ipc.Server (Server.java:run(1323)) - Starting Socket Reader #7 for port 15161
2024-09-10 16:46:21,188 [Socket Reader #8 for port 15161] INFO  ipc.Server (Server.java:run(1323)) - Starting Socket Reader #8 for port 15161
2024-09-10 16:46:21,188 [Socket Reader #9 for port 15161] INFO  ipc.Server (Server.java:run(1323)) - Starting Socket Reader #9 for port 15161
2024-09-10 16:46:21,188 [Socket Reader #10 for port 15161] INFO  ipc.Server (Server.java:run(1323)) - Starting Socket Reader #10 for port 15161
2024-09-10 16:46:21,189 [main] INFO  ipc.CallQueueManager (CallQueueManager.java:<init>(90)) - Using callQueue: class java.util.concurrent.LinkedBlockingQueue, queueCapacity: 10000, scheduler: class org.apache.hadoop.ipc.DefaultRpcScheduler, ipcBackoff: false.
2024-09-10 16:46:21,189 [main] INFO  ipc.Server (Server.java:<init>(1287)) - Listener at 0.0.0.0:15160
2024-09-10 16:46:21,190 [Socket Reader #1 for port 15160] INFO  ipc.Server (Server.java:run(1323)) - Starting Socket Reader #1 for port 15160
2024-09-10 16:46:21,190 [Socket Reader #2 for port 15160] INFO  ipc.Server (Server.java:run(1323)) - Starting Socket Reader #2 for port 15160
2024-09-10 16:46:21,190 [Socket Reader #3 for port 15160] INFO  ipc.Server (Server.java:run(1323)) - Starting Socket Reader #3 for port 15160
2024-09-10 16:46:21,190 [Socket Reader #4 for port 15160] INFO  ipc.Server (Server.java:run(1323)) - Starting Socket Reader #4 for port 15160
2024-09-10 16:46:21,190 [Socket Reader #5 for port 15160] INFO  ipc.Server (Server.java:run(1323)) - Starting Socket Reader #5 for port 15160
2024-09-10 16:46:21,190 [Socket Reader #6 for port 15160] INFO  ipc.Server (Server.java:run(1323)) - Starting Socket Reader #6 for port 15160
2024-09-10 16:46:21,191 [Socket Reader #7 for port 15160] INFO  ipc.Server (Server.java:run(1323)) - Starting Socket Reader #7 for port 15160
2024-09-10 16:46:21,191 [Socket Reader #8 for port 15160] INFO  ipc.Server (Server.java:run(1323)) - Starting Socket Reader #8 for port 15160
2024-09-10 16:46:21,191 [Socket Reader #9 for port 15160] INFO  ipc.Server (Server.java:run(1323)) - Starting Socket Reader #9 for port 15160
2024-09-10 16:46:21,191 [Socket Reader #10 for port 15160] INFO  ipc.Server (Server.java:run(1323)) - Starting Socket Reader #10 for port 15160
2024-09-10 16:46:21,192 [main] INFO  ipc.CallQueueManager (CallQueueManager.java:<init>(90)) - Using callQueue: class java.util.concurrent.LinkedBlockingQueue, queueCapacity: 10000, scheduler: class org.apache.hadoop.ipc.DefaultRpcScheduler, ipcBackoff: false.
2024-09-10 16:46:21,192 [main] INFO  ipc.Server (Server.java:<init>(1287)) - Listener at 0.0.0.0:15159
2024-09-10 16:46:21,192 [Socket Reader #1 for port 15159] INFO  ipc.Server (Server.java:run(1323)) - Starting Socket Reader #1 for port 15159
2024-09-10 16:46:21,192 [Socket Reader #2 for port 15159] INFO  ipc.Server (Server.java:run(1323)) - Starting Socket Reader #2 for port 15159
2024-09-10 16:46:21,192 [Socket Reader #3 for port 15159] INFO  ipc.Server (Server.java:run(1323)) - Starting Socket Reader #3 for port 15159
2024-09-10 16:46:21,193 [Socket Reader #4 for port 15159] INFO  ipc.Server (Server.java:run(1323)) - Starting Socket Reader #4 for port 15159
2024-09-10 16:46:21,193 [Socket Reader #5 for port 15159] INFO  ipc.Server (Server.java:run(1323)) - Starting Socket Reader #5 for port 15159
2024-09-10 16:46:21,193 [Socket Reader #6 for port 15159] INFO  ipc.Server (Server.java:run(1323)) - Starting Socket Reader #6 for port 15159
2024-09-10 16:46:21,193 [Socket Reader #7 for port 15159] INFO  ipc.Server (Server.java:run(1323)) - Starting Socket Reader #7 for port 15159
2024-09-10 16:46:21,193 [Socket Reader #8 for port 15159] INFO  ipc.Server (Server.java:run(1323)) - Starting Socket Reader #8 for port 15159
2024-09-10 16:46:21,193 [Socket Reader #9 for port 15159] INFO  ipc.Server (Server.java:run(1323)) - Starting Socket Reader #9 for port 15159
2024-09-10 16:46:21,193 [Socket Reader #10 for port 15159] INFO  ipc.Server (Server.java:run(1323)) - Starting Socket Reader #10 for port 15159
2024-09-10 16:46:21,198 [main] INFO  ha.SCMServiceManager (SCMServiceManager.java:register(42)) - Registering service ContainerBalancer.
2024-09-10 16:46:21,198 [main] INFO  ha.SCMContext (SCMContext.java:updateSafeModeStatus(225)) - Update SafeModeStatus from SafeModeStatus{safeModeStatus=true, preCheckPassed=false} to SafeModeStatus{safeModeStatus=true, preCheckPassed=false}.
2024-09-10 16:46:21,199 [main] INFO  server.StorageContainerManager (StorageContainerManager.java:start(1543)) - StorageContainerLocationProtocol RPC server is listening at /0.0.0.0:15159
2024-09-10 16:46:21,200 [main] WARN  impl.MetricsConfig (MetricsConfig.java:loadFirst(136)) - Cannot locate configuration: tried hadoop-metrics2-storagecontainermanager.properties,hadoop-metrics2.properties
2024-09-10 16:46:21,200 [main] INFO  impl.MetricsSystemImpl (MetricsSystemImpl.java:startTimer(378)) - Scheduled Metric snapshot period at 10 second(s).
2024-09-10 16:46:21,200 [main] INFO  impl.MetricsSystemImpl (MetricsSystemImpl.java:start(191)) - StorageContainerManager metrics system started
2024-09-10 16:46:21,204 [main] INFO  impl.MetricsSinkAdapter (MetricsSinkAdapter.java:start(204)) - Sink prometheus started
2024-09-10 16:46:21,205 [main] INFO  impl.MetricsSystemImpl (MetricsSystemImpl.java:registerSink(305)) - Registered sink prometheus
2024-09-10 16:46:21,222 [main] INFO  server.SCMClientProtocolServer (SCMClientProtocolServer.java:start(213)) - RPC server for Client  is listening at /0.0.0.0:15159
2024-09-10 16:46:21,222 [IPC Server Responder] INFO  ipc.Server (Server.java:run(1562)) - IPC Server Responder: starting
2024-09-10 16:46:21,222 [IPC Server listener on 15159] INFO  ipc.Server (Server.java:run(1402)) - IPC Server listener on 15159: starting
2024-09-10 16:46:21,230 [main] INFO  server.StorageContainerManager (StorageContainerManager.java:start(1556)) - ScmBlockLocationProtocol RPC server is listening at /0.0.0.0:15160
2024-09-10 16:46:21,230 [main] INFO  server.SCMBlockProtocolServer (SCMBlockProtocolServer.java:start(172)) - RPC server for Block Protocol is listening at /0.0.0.0:15160
2024-09-10 16:46:21,231 [IPC Server Responder] INFO  ipc.Server (Server.java:run(1562)) - IPC Server Responder: starting
2024-09-10 16:46:21,231 [IPC Server listener on 15160] INFO  ipc.Server (Server.java:run(1402)) - IPC Server listener on 15160: starting
2024-09-10 16:46:21,239 [main] INFO  server.SCMDatanodeProtocolServer (SCMDatanodeProtocolServer.java:start(199)) - ScmDatanodeProtocol RPC server for DataNodes is listening at /0.0.0.0:15161
2024-09-10 16:46:21,239 [IPC Server Responder] INFO  ipc.Server (Server.java:run(1562)) - IPC Server Responder: starting
2024-09-10 16:46:21,239 [IPC Server listener on 15161] INFO  ipc.Server (Server.java:run(1402)) - IPC Server listener on 15161: starting
2024-09-10 16:46:21,248 [JvmPauseMonitor21] INFO  util.JvmPauseMonitor (JvmPauseMonitor.java:run(146)) - JvmPauseMonitor-c3e17e41-90f6-44ff-895a-dd1dfb1dc7c6: Started
2024-09-10 16:46:21,249 [main] INFO  http.BaseHttpServer (BaseHttpServer.java:newHttpServer2BuilderForOzone(223)) - Starting Web-server for scm at: http://0.0.0.0:15162
2024-09-10 16:46:21,249 [main] INFO  http.BaseHttpServer (BaseHttpServer.java:<init>(110)) - Hadoop Security Enabled: false Ozone Security Enabled: false Ozone HTTP Security Enabled: false 
2024-09-10 16:46:21,250 [main] WARN  server.AuthenticationFilter (AuthenticationFilter.java:constructSecretProvider(240)) - Unable to initialize FileSignerSecretProvider, falling back to use random secrets. Reason: Could not read signature secret file: /home/runner/hadoop-http-auth-signature-secret
2024-09-10 16:46:21,250 [main] INFO  http.HttpRequestLog (HttpRequestLog.java:getRequestLog(86)) - Http request log for http.requests.scm is not defined
2024-09-10 16:46:21,252 [main] INFO  http.HttpServer2 (HttpServer2.java:addGlobalFilter(1035)) - Added global filter 'safety' (class=org.apache.hadoop.hdds.server.http.HttpServer2$QuotingInputFilter)
2024-09-10 16:46:21,252 [main] INFO  http.HttpServer2 (HttpServer2.java:addFilter(1011)) - Added filter static_user_filter (class=org.apache.hadoop.http.lib.StaticUserWebFilter$StaticUserFilter) to context scm
2024-09-10 16:46:21,252 [main] INFO  http.HttpServer2 (HttpServer2.java:addFilter(1019)) - Added filter static_user_filter (class=org.apache.hadoop.http.lib.StaticUserWebFilter$StaticUserFilter) to context static
2024-09-10 16:46:21,252 [main] INFO  http.HttpServer2 (HttpServer2.java:addFilter(1019)) - Added filter static_user_filter (class=org.apache.hadoop.http.lib.StaticUserWebFilter$StaticUserFilter) to context logs
2024-09-10 16:46:21,253 [main] INFO  http.BaseHttpServer (BaseHttpServer.java:<init>(189)) - HTTP server of scm uses base directory /home/runner/work/ozone/ozone/hadoop-ozone/integration-test/target/test-dir/MiniOzoneClusterImpl-4ea98613-7ec2-40e8-bdf5-64593f2fdf96/ozone-meta/webserver
2024-09-10 16:46:21,253 [main] INFO  http.HttpServer2 (HttpServer2.java:bindListener(1235)) - Jetty bound to port 15162
2024-09-10 16:46:21,253 [main] INFO  server.Server (Server.java:doStart(375)) - jetty-9.4.56.v20240826; built: 2024-08-26T17:15:05.868Z; git: ec6782ff5ead824dabdcf47fa98f90a4aedff401; jvm 17.0.12+7
2024-09-10 16:46:21,254 [main] INFO  server.session (DefaultSessionIdManager.java:doStart(334)) - DefaultSessionIdManager workerName=node0
2024-09-10 16:46:21,254 [main] INFO  server.session (DefaultSessionIdManager.java:doStart(339)) - No SessionScavenger set, using defaults
2024-09-10 16:46:21,254 [main] INFO  server.session (HouseKeeper.java:startScavenging(132)) - node0 Scavenging every 660000ms
2024-09-10 16:46:21,255 [main] INFO  handler.ContextHandler (ContextHandler.java:doStart(921)) - Started o.e.j.s.ServletContextHandler@1c5918bc{logs,/logs,file:///home/runner/work/ozone/ozone/hadoop-ozone/integration-test/target/log,AVAILABLE}
2024-09-10 16:46:21,255 [main] INFO  handler.ContextHandler (ContextHandler.java:doStart(921)) - Started o.e.j.s.ServletContextHandler@67cb4d69{static,/static,file:///home/runner/work/ozone/ozone/hadoop-ozone/integration-test/target/test-classes/webapps/static,AVAILABLE}
2024-09-10 16:46:21,259 [main] INFO  handler.ContextHandler (ContextHandler.java:doStart(921)) - Started o.e.j.w.WebAppContext@390cd91e{scm,/,file:///home/runner/work/ozone/ozone/hadoop-ozone/integration-test/target/test-classes/webapps/scm/,AVAILABLE}{file:/home/runner/work/ozone/ozone/hadoop-ozone/integration-test/target/test-classes/webapps/scm}
2024-09-10 16:46:21,260 [main] INFO  server.AbstractConnector (AbstractConnector.java:doStart(333)) - Started ServerConnector@44992585{HTTP/1.1, (http/1.1)}{0.0.0.0:15162}
2024-09-10 16:46:21,260 [main] INFO  server.Server (Server.java:doStart(415)) - Started @120621ms
2024-09-10 16:46:21,260 [main] WARN  impl.MetricsSystemImpl (MetricsSystemImpl.java:register(279)) - Sink prometheus already exists!
2024-09-10 16:46:21,261 [main] INFO  http.BaseHttpServer (BaseHttpServer.java:updateConnectorAddress(354)) - HTTP server of scm listening at http://0.0.0.0:15162
2024-09-10 16:46:21,261 [main] WARN  server.ServerUtils (ServerUtils.java:getDBPath(299)) - ozone.om.db.dirs is not configured. We recommend adding this setting. Falling back to ozone.metadata.dirs instead.
2024-09-10 16:46:21,263 [main] INFO  ha.OMHANodeDetails (OMHANodeDetails.java:loadOMHAConfig(115)) - ozone.om.internal.service.id is not defined, falling back to ozone.om.service.ids to find serviceID for OzoneManager if it is HA enabled cluster
2024-09-10 16:46:21,263 [main] INFO  ha.OMHANodeDetails (OMHANodeDetails.java:loadOMHAConfig(226)) - Configuration does not have ozone.om.address set. Falling back to the default OM address /127.0.0.1:15163
2024-09-10 16:46:21,263 [main] INFO  ha.OMHANodeDetails (OMHANodeDetails.java:getOMNodeDetailsForNonHA(254)) - OM Service ID is not set. Setting it to the default ID: omServiceIdDefault
2024-09-10 16:46:21,264 [main] INFO  ha.OMHANodeDetails (OMHANodeDetails.java:getOMNodeDetailsForNonHA(261)) - OM Node ID is not set. Setting it to the default ID: om1
2024-09-10 16:46:21,264 [main] WARN  server.ServerUtils (ServerUtils.java:getDBPath(299)) - ozone.om.db.dirs is not configured. We recommend adding this setting. Falling back to ozone.metadata.dirs instead.
2024-09-10 16:46:21,265 [main] INFO  upgrade.AbstractLayoutVersionManager (AbstractLayoutVersionManager.java:init(83)) - Initializing Layout version manager with metadata layout = HBASE_SUPPORT (version = 7), software layout = HBASE_SUPPORT (version = 7)
2024-09-10 16:46:21,298 [main] INFO  reflections.Reflections (Reflections.java:scan(219)) - Reflections took 33 ms to scan 2 urls, producing 188 keys and 552 values
2024-09-10 16:46:21,299 [main] INFO  upgrade.OMLayoutVersionManager (OMLayoutVersionManager.java:lambda$0(113)) - Skipping Upgrade Action QuotaRepairUpgradeAction since it has been finalized.
2024-09-10 16:46:21,299 [main] INFO  upgrade.OMLayoutVersionManager (OMLayoutVersionManager.java:lambda$0(113)) - Skipping Upgrade Action MockOmUpgradeAction since it has been finalized.
2024-09-10 16:46:21,299 [main] WARN  server.ServerUtils (ServerUtils.java:getDBPath(299)) - ozone.om.db.dirs is not configured. We recommend adding this setting. Falling back to ozone.metadata.dirs instead.
2024-09-10 16:46:21,300 [main] INFO  proxy.SCMBlockLocationFailoverProxyProvider (SCMBlockLocationFailoverProxyProvider.java:<init>(115)) - Created block location fail-over proxy with 1 nodes: [nodeId=scmNodeId,nodeAddress=/0.0.0.0:15160]
2024-09-10 16:46:21,301 [main] INFO  proxy.SCMBlockLocationFailoverProxyProvider (SCMBlockLocationFailoverProxyProvider.java:<init>(115)) - Created block location fail-over proxy with 1 nodes: [nodeId=scmNodeId,nodeAddress=/0.0.0.0:15160]
2024-09-10 16:46:21,305 [main] INFO  om.OzoneManager (OzoneManager.java:<init>(702)) - OM start with adminUsers: [runner]
2024-09-10 16:46:21,305 [main] WARN  server.ServerUtils (ServerUtils.java:getDBPath(299)) - ozone.om.db.dirs is not configured. We recommend adding this setting. Falling back to ozone.metadata.dirs instead.
2024-09-10 16:46:21,306 [main] INFO  helpers.OmKeyInfo (OmKeyInfo.java:getCodec(72)) - OmKeyInfo.getCodec ignorePipeline = true
2024-09-10 16:46:21,441 [main] INFO  om.OzoneManager (OzoneManager.java:instantiateServices(836)) - S3 Multi-Tenancy is disabled
2024-09-10 16:46:21,442 [main] INFO  om.OmSnapshotManager (OmSnapshotManager.java:<init>(181)) - Ozone filesystem snapshot feature is enabled.
2024-09-10 16:46:21,442 [main] WARN  server.ServerUtils (ServerUtils.java:getDBPath(299)) - ozone.om.snapshot.diff.db.dir is not configured. We recommend adding this setting. Falling back to ozone.metadata.dirs instead.
2024-09-10 16:46:21,456 [main] INFO  utils.NativeLibraryLoader (NativeLibraryLoader.java:loadLibrary(111)) - Loading Library: ozone_rocksdb_tools
2024-09-10 16:46:21,457 [main] ERROR snapshot.SnapshotDiffManager (SnapshotDiffManager.java:initNativeLibraryForEfficientDiff(287)) - Native Library for raw sst file reading loading failed.
org.apache.hadoop.hdds.utils.NativeLibraryNotLoadedException: Unable to load library ozone_rocksdb_tools from both java.library.path & resource file libozone_rocksdb_tools.so from jar.
	at org.apache.hadoop.hdds.utils.db.managed.ManagedRawSSTFileReader.loadLibrary(ManagedRawSSTFileReader.java:40)
	at org.apache.hadoop.ozone.om.snapshot.SnapshotDiffManager.initNativeLibraryForEfficientDiff(SnapshotDiffManager.java:285)
	at org.apache.hadoop.ozone.om.snapshot.SnapshotDiffManager.<init>(SnapshotDiffManager.java:259)
	at org.apache.hadoop.ozone.om.OmSnapshotManager.<init>(OmSnapshotManager.java:288)
	at org.apache.hadoop.ozone.om.OzoneManager.instantiateServices(OzoneManager.java:888)
	at org.apache.hadoop.ozone.om.OzoneManager.<init>(OzoneManager.java:712)
	at org.apache.hadoop.ozone.om.OzoneManager.createOm(OzoneManager.java:799)
	at org.apache.hadoop.ozone.MiniOzoneClusterImpl$Builder.createOM(MiniOzoneClusterImpl.java:703)
	at org.apache.hadoop.ozone.MiniOzoneClusterImpl$Builder.createAndStartSingleOM(MiniOzoneClusterImpl.java:687)
	at org.apache.hadoop.ozone.MiniOzoneClusterImpl$Builder.build(MiniOzoneClusterImpl.java:549)
	at org.apache.hadoop.ozone.client.rpc.TestBlockOutputStream.createCluster(TestBlockOutputStream.java:129)
	at org.apache.hadoop.ozone.client.rpc.TestBlockOutputStreamWithFailures.init(TestBlockOutputStreamWithFailures.java:75)
	at java.base/jdk.internal.reflect.NativeMethodAccessorImpl.invoke0(Native Method)
	at java.base/jdk.internal.reflect.NativeMethodAccessorImpl.invoke(NativeMethodAccessorImpl.java:77)
	at java.base/jdk.internal.reflect.DelegatingMethodAccessorImpl.invoke(DelegatingMethodAccessorImpl.java:43)
	at java.base/java.lang.reflect.Method.invoke(Method.java:569)
	at org.junit.platform.commons.util.ReflectionUtils.invokeMethod(ReflectionUtils.java:728)
	at org.junit.jupiter.engine.execution.MethodInvocation.proceed(MethodInvocation.java:60)
	at org.junit.jupiter.engine.execution.InvocationInterceptorChain$ValidatingInvocation.proceed(InvocationInterceptorChain.java:131)
	at org.junit.jupiter.engine.extension.TimeoutExtension.intercept(TimeoutExtension.java:156)
	at org.junit.jupiter.engine.extension.TimeoutExtension.interceptLifecycleMethod(TimeoutExtension.java:128)
	at org.junit.jupiter.engine.extension.TimeoutExtension.interceptBeforeEachMethod(TimeoutExtension.java:78)
	at org.junit.jupiter.engine.execution.InterceptingExecutableInvoker$ReflectiveInterceptorCall.lambda$ofVoidMethod$0(InterceptingExecutableInvoker.java:103)
	at org.junit.jupiter.engine.execution.InterceptingExecutableInvoker.lambda$invoke$0(InterceptingExecutableInvoker.java:93)
	at org.junit.jupiter.engine.execution.InvocationInterceptorChain$InterceptedInvocation.proceed(InvocationInterceptorChain.java:106)
	at org.junit.jupiter.engine.execution.InvocationInterceptorChain.proceed(InvocationInterceptorChain.java:64)
	at org.junit.jupiter.engine.execution.InvocationInterceptorChain.chainAndInvoke(InvocationInterceptorChain.java:45)
	at org.junit.jupiter.engine.execution.InvocationInterceptorChain.invoke(InvocationInterceptorChain.java:37)
	at org.junit.jupiter.engine.execution.InterceptingExecutableInvoker.invoke(InterceptingExecutableInvoker.java:92)
	at org.junit.jupiter.engine.execution.InterceptingExecutableInvoker.invoke(InterceptingExecutableInvoker.java:86)
	at org.junit.jupiter.engine.descriptor.ClassBasedTestDescriptor.invokeMethodInExtensionContext(ClassBasedTestDescriptor.java:521)
	at org.junit.jupiter.engine.descriptor.ClassBasedTestDescriptor.lambda$synthesizeBeforeEachMethodAdapter$23(ClassBasedTestDescriptor.java:506)
	at org.junit.jupiter.engine.descriptor.TestMethodTestDescriptor.lambda$invokeBeforeEachMethods$3(TestMethodTestDescriptor.java:175)
	at org.junit.jupiter.engine.descriptor.TestMethodTestDescriptor.lambda$invokeBeforeMethodsOrCallbacksUntilExceptionOccurs$6(TestMethodTestDescriptor.java:203)
	at org.junit.platform.engine.support.hierarchical.ThrowableCollector.execute(ThrowableCollector.java:73)
	at org.junit.jupiter.engine.descriptor.TestMethodTestDescriptor.invokeBeforeMethodsOrCallbacksUntilExceptionOccurs(TestMethodTestDescriptor.java:203)
	at org.junit.jupiter.engine.descriptor.TestMethodTestDescriptor.invokeBeforeEachMethods(TestMethodTestDescriptor.java:172)
	at org.junit.jupiter.engine.descriptor.TestMethodTestDescriptor.execute(TestMethodTestDescriptor.java:135)
	at org.junit.jupiter.engine.descriptor.TestMethodTestDescriptor.execute(TestMethodTestDescriptor.java:69)
	at org.junit.platform.engine.support.hierarchical.NodeTestTask.lambda$executeRecursively$6(NodeTestTask.java:151)
	at org.junit.platform.engine.support.hierarchical.ThrowableCollector.execute(ThrowableCollector.java:73)
	at org.junit.platform.engine.support.hierarchical.NodeTestTask.lambda$executeRecursively$8(NodeTestTask.java:141)
	at org.junit.platform.engine.support.hierarchical.Node.around(Node.java:137)
	at org.junit.platform.engine.support.hierarchical.NodeTestTask.lambda$executeRecursively$9(NodeTestTask.java:139)
	at org.junit.platform.engine.support.hierarchical.ThrowableCollector.execute(ThrowableCollector.java:73)
	at org.junit.platform.engine.support.hierarchical.NodeTestTask.executeRecursively(NodeTestTask.java:138)
	at org.junit.platform.engine.support.hierarchical.NodeTestTask.execute(NodeTestTask.java:95)
	at org.junit.platform.engine.support.hierarchical.SameThreadHierarchicalTestExecutorService.submit(SameThreadHierarchicalTestExecutorService.java:35)
	at org.junit.platform.engine.support.hierarchical.NodeTestTask$DefaultDynamicTestExecutor.execute(NodeTestTask.java:226)
	at org.junit.platform.engine.support.hierarchical.NodeTestTask$DefaultDynamicTestExecutor.execute(NodeTestTask.java:204)
	at org.junit.jupiter.engine.descriptor.TestTemplateTestDescriptor.execute(TestTemplateTestDescriptor.java:142)
	at org.junit.jupiter.engine.descriptor.TestTemplateTestDescriptor.lambda$execute$2(TestTemplateTestDescriptor.java:110)
	at java.base/java.util.stream.ForEachOps$ForEachOp$OfRef.accept(ForEachOps.java:183)
	at java.base/java.util.stream.ReferencePipeline$3$1.accept(ReferencePipeline.java:197)
	at java.base/java.util.stream.ReferencePipeline$2$1.accept(ReferencePipeline.java:179)
	at java.base/java.util.stream.ReferencePipeline$3$1.accept(ReferencePipeline.java:197)
	at java.base/java.util.stream.ForEachOps$ForEachOp$OfRef.accept(ForEachOps.java:183)
	at java.base/java.util.stream.ReferencePipeline$3$1.accept(ReferencePipeline.java:197)
	at java.base/java.util.stream.ReferencePipeline$3$1.accept(ReferencePipeline.java:197)
	at java.base/java.util.stream.ReferencePipeline$3$1.accept(ReferencePipeline.java:197)
	at java.base/java.util.stream.ForEachOps$ForEachOp$OfRef.accept(ForEachOps.java:183)
	at java.base/java.util.stream.ReferencePipeline$3$1.accept(ReferencePipeline.java:197)
	at java.base/java.util.Spliterators$ArraySpliterator.forEachRemaining(Spliterators.java:992)
	at java.base/java.util.stream.ReferencePipeline$Head.forEach(ReferencePipeline.java:762)
	at java.base/java.util.stream.ReferencePipeline$7$1.accept(ReferencePipeline.java:276)
	at java.base/java.util.stream.ReferencePipeline$3$1.accept(ReferencePipeline.java:197)
	at java.base/java.util.stream.ReferencePipeline$3$1.accept(ReferencePipeline.java:197)
	at java.base/java.util.stream.ReferencePipeline$3$1.accept(ReferencePipeline.java:197)
	at java.base/java.util.Spliterators$ArraySpliterator.forEachRemaining(Spliterators.java:992)
	at java.base/java.util.stream.AbstractPipeline.copyInto(AbstractPipeline.java:509)
	at java.base/java.util.stream.AbstractPipeline.wrapAndCopyInto(AbstractPipeline.java:499)
	at java.base/java.util.stream.ForEachOps$ForEachOp.evaluateSequential(ForEachOps.java:150)
	at java.base/java.util.stream.ForEachOps$ForEachOp$OfRef.evaluateSequential(ForEachOps.java:173)
	at java.base/java.util.stream.AbstractPipeline.evaluate(AbstractPipeline.java:234)
	at java.base/java.util.stream.ReferencePipeline.forEach(ReferencePipeline.java:596)
	at java.base/java.util.stream.ReferencePipeline$7$1.accept(ReferencePipeline.java:276)
	at java.base/java.util.stream.ReferencePipeline$3$1.accept(ReferencePipeline.java:197)
	at java.base/java.util.stream.ReferencePipeline$3$1.accept(ReferencePipeline.java:197)
	at java.base/java.util.stream.ReferencePipeline$3$1.accept(ReferencePipeline.java:197)
	at java.base/java.util.ArrayList$ArrayListSpliterator.forEachRemaining(ArrayList.java:1625)
	at java.base/java.util.stream.AbstractPipeline.copyInto(AbstractPipeline.java:509)
	at java.base/java.util.stream.AbstractPipeline.wrapAndCopyInto(AbstractPipeline.java:499)
	at java.base/java.util.stream.ForEachOps$ForEachOp.evaluateSequential(ForEachOps.java:150)
	at java.base/java.util.stream.ForEachOps$ForEachOp$OfRef.evaluateSequential(ForEachOps.java:173)
	at java.base/java.util.stream.AbstractPipeline.evaluate(AbstractPipeline.java:234)
	at java.base/java.util.stream.ReferencePipeline.forEach(ReferencePipeline.java:596)
	at java.base/java.util.stream.ReferencePipeline$7$1.accept(ReferencePipeline.java:276)
	at java.base/java.util.ArrayList$ArrayListSpliterator.forEachRemaining(ArrayList.java:1625)
	at java.base/java.util.stream.AbstractPipeline.copyInto(AbstractPipeline.java:509)
	at java.base/java.util.stream.AbstractPipeline.wrapAndCopyInto(AbstractPipeline.java:499)
	at java.base/java.util.stream.ForEachOps$ForEachOp.evaluateSequential(ForEachOps.java:150)
	at java.base/java.util.stream.ForEachOps$ForEachOp$OfRef.evaluateSequential(ForEachOps.java:173)
	at java.base/java.util.stream.AbstractPipeline.evaluate(AbstractPipeline.java:234)
	at java.base/java.util.stream.ReferencePipeline.forEach(ReferencePipeline.java:596)
	at org.junit.jupiter.engine.descriptor.TestTemplateTestDescriptor.execute(TestTemplateTestDescriptor.java:110)
	at org.junit.jupiter.engine.descriptor.TestTemplateTestDescriptor.execute(TestTemplateTestDescriptor.java:44)
	at org.junit.platform.engine.support.hierarchical.NodeTestTask.lambda$executeRecursively$6(NodeTestTask.java:151)
	at org.junit.platform.engine.support.hierarchical.ThrowableCollector.execute(ThrowableCollector.java:73)
	at org.junit.platform.engine.support.hierarchical.NodeTestTask.lambda$executeRecursively$8(NodeTestTask.java:141)
	at org.junit.platform.engine.support.hierarchical.Node.around(Node.java:137)
	at org.junit.platform.engine.support.hierarchical.NodeTestTask.lambda$executeRecursively$9(NodeTestTask.java:139)
	at org.junit.platform.engine.support.hierarchical.ThrowableCollector.execute(ThrowableCollector.java:73)
	at org.junit.platform.engine.support.hierarchical.NodeTestTask.executeRecursively(NodeTestTask.java:138)
	at org.junit.platform.engine.support.hierarchical.NodeTestTask.execute(NodeTestTask.java:95)
	at java.base/java.util.ArrayList.forEach(ArrayList.java:1511)
	at org.junit.platform.engine.support.hierarchical.SameThreadHierarchicalTestExecutorService.invokeAll(SameThreadHierarchicalTestExecutorService.java:41)
	at org.junit.platform.engine.support.hierarchical.NodeTestTask.lambda$executeRecursively$6(NodeTestTask.java:155)
	at org.junit.platform.engine.support.hierarchical.ThrowableCollector.execute(ThrowableCollector.java:73)
	at org.junit.platform.engine.support.hierarchical.NodeTestTask.lambda$executeRecursively$8(NodeTestTask.java:141)
	at org.junit.platform.engine.support.hierarchical.Node.around(Node.java:137)
	at org.junit.platform.engine.support.hierarchical.NodeTestTask.lambda$executeRecursively$9(NodeTestTask.java:139)
	at org.junit.platform.engine.support.hierarchical.ThrowableCollector.execute(ThrowableCollector.java:73)
	at org.junit.platform.engine.support.hierarchical.NodeTestTask.executeRecursively(NodeTestTask.java:138)
	at org.junit.platform.engine.support.hierarchical.NodeTestTask.execute(NodeTestTask.java:95)
	at java.base/java.util.ArrayList.forEach(ArrayList.java:1511)
	at org.junit.platform.engine.support.hierarchical.SameThreadHierarchicalTestExecutorService.invokeAll(SameThreadHierarchicalTestExecutorService.java:41)
	at org.junit.platform.engine.support.hierarchical.NodeTestTask.lambda$executeRecursively$6(NodeTestTask.java:155)
	at org.junit.platform.engine.support.hierarchical.ThrowableCollector.execute(ThrowableCollector.java:73)
	at org.junit.platform.engine.support.hierarchical.NodeTestTask.lambda$executeRecursively$8(NodeTestTask.java:141)
	at org.junit.platform.engine.support.hierarchical.Node.around(Node.java:137)
	at org.junit.platform.engine.support.hierarchical.NodeTestTask.lambda$executeRecursively$9(NodeTestTask.java:139)
	at org.junit.platform.engine.support.hierarchical.ThrowableCollector.execute(ThrowableCollector.java:73)
	at org.junit.platform.engine.support.hierarchical.NodeTestTask.executeRecursively(NodeTestTask.java:138)
	at org.junit.platform.engine.support.hierarchical.NodeTestTask.execute(NodeTestTask.java:95)
	at org.junit.platform.engine.support.hierarchical.SameThreadHierarchicalTestExecutorService.submit(SameThreadHierarchicalTestExecutorService.java:35)
	at org.junit.platform.engine.support.hierarchical.HierarchicalTestExecutor.execute(HierarchicalTestExecutor.java:57)
	at org.junit.platform.engine.support.hierarchical.HierarchicalTestEngine.execute(HierarchicalTestEngine.java:54)
	at org.junit.platform.launcher.core.EngineExecutionOrchestrator.execute(EngineExecutionOrchestrator.java:198)
	at org.junit.platform.launcher.core.EngineExecutionOrchestrator.execute(EngineExecutionOrchestrator.java:169)
	at org.junit.platform.launcher.core.EngineExecutionOrchestrator.execute(EngineExecutionOrchestrator.java:93)
	at org.junit.platform.launcher.core.EngineExecutionOrchestrator.lambda$execute$0(EngineExecutionOrchestrator.java:58)
	at org.junit.platform.launcher.core.EngineExecutionOrchestrator.withInterceptedStreams(EngineExecutionOrchestrator.java:141)
	at org.junit.platform.launcher.core.EngineExecutionOrchestrator.execute(EngineExecutionOrchestrator.java:57)
	at org.junit.platform.launcher.core.DefaultLauncher.execute(DefaultLauncher.java:103)
	at org.junit.platform.launcher.core.DefaultLauncher.execute(DefaultLauncher.java:85)
	at org.junit.platform.launcher.core.DelegatingLauncher.execute(DelegatingLauncher.java:47)
	at org.junit.platform.launcher.core.SessionPerRequestLauncher.execute(SessionPerRequestLauncher.java:63)
	at org.apache.maven.surefire.junitplatform.JUnitPlatformProvider.invokeAllTests(JUnitPlatformProvider.java:154)
	at org.apache.maven.surefire.junitplatform.JUnitPlatformProvider.invoke(JUnitPlatformProvider.java:123)
	at org.apache.maven.surefire.booter.ForkedBooter.runSuitesInProcess(ForkedBooter.java:377)
	at org.apache.maven.surefire.booter.ForkedBooter.execute(ForkedBooter.java:138)
	at org.apache.maven.surefire.booter.ForkedBooter.run(ForkedBooter.java:465)
	at org.apache.maven.surefire.booter.ForkedBooter.main(ForkedBooter.java:451)
2024-09-10 16:46:21,459 [main] INFO  om.OzoneManager (OzoneManager.java:addS3GVolumeToDB(4556)) - Created Volume s3v With Owner runner required for S3Gateway operations.
2024-09-10 16:46:21,459 [main] WARN  server.ServerUtils (ServerUtils.java:getDefaultRatisDirectory(311)) - Storage directory for Ratis is not configured. It is a good idea to map this to an SSD disk. Falling back to ozone.metadata.dirs
2024-09-10 16:46:21,459 [main] WARN  utils.OzoneManagerRatisUtils (OzoneManagerRatisUtils.java:getOMRatisSnapshotDirectory(478)) - ozone.om.ratis.snapshot.dir is not configured. Falling back to ozone.metadata.dirs config
2024-09-10 16:46:21,460 [main] WARN  server.ServerUtils (ServerUtils.java:getDefaultRatisDirectory(311)) - Storage directory for Ratis is not configured. It is a good idea to map this to an SSD disk. Falling back to ozone.metadata.dirs
2024-09-10 16:46:21,460 [main] INFO  server.RaftServerConfigKeys (ConfUtils.java:logGet(46)) - raft.server.log.appender.buffer.byte-limit = 4194304 (custom)
2024-09-10 16:46:21,461 [main] INFO  ratis.OzoneManagerRatisServer (OzoneManagerRatisServer.java:<init>(169)) - Instantiating OM Ratis server with groupID: omServiceIdDefault and peers: localhost:15166
2024-09-10 16:46:21,461 [main] INFO  ratis.OzoneManagerStateMachine (OzoneManagerStateMachine.java:loadSnapshotInfoFromDB(593)) - TransactionInfo not found in OM DB.
2024-09-10 16:46:21,462 [main] INFO  server.RaftServer (ConfUtils.java:logGet(46)) - raft.rpc.type = GRPC (default)
2024-09-10 16:46:21,462 [main] INFO  grpc.GrpcConfigKeys (ConfUtils.java:logFallback(53)) - raft.grpc.admin.host = null (fallback to raft.grpc.server.host)
2024-09-10 16:46:21,462 [main] INFO  grpc.GrpcConfigKeys (ConfUtils.java:logFallback(53)) - raft.grpc.admin.port = 15166 (fallback to raft.grpc.server.port)
2024-09-10 16:46:21,462 [main] INFO  grpc.GrpcConfigKeys (ConfUtils.java:logFallback(53)) - raft.grpc.client.host = null (fallback to raft.grpc.server.host)
2024-09-10 16:46:21,462 [main] INFO  grpc.GrpcConfigKeys (ConfUtils.java:logFallback(53)) - raft.grpc.client.port = 15166 (fallback to raft.grpc.server.port)
2024-09-10 16:46:21,462 [main] INFO  grpc.GrpcConfigKeys (ConfUtils.java:logGet(46)) - raft.grpc.server.host = null (default)
2024-09-10 16:46:21,462 [main] INFO  grpc.GrpcConfigKeys (ConfUtils.java:logGet(46)) - raft.grpc.server.port = 15166 (custom)
2024-09-10 16:46:21,462 [main] INFO  server.GrpcService (ConfUtils.java:logGet(46)) - raft.grpc.message.size.max = 5242880 (custom)
2024-09-10 16:46:21,463 [main] INFO  server.RaftServerConfigKeys (ConfUtils.java:logGet(46)) - raft.server.log.appender.buffer.byte-limit = 4194304 (custom)
2024-09-10 16:46:21,463 [main] INFO  server.GrpcService (ConfUtils.java:logGet(46)) - raft.grpc.flow.control.window = 1MB (=1048576) (default)
2024-09-10 16:46:21,463 [main] INFO  server.RaftServerConfigKeys (ConfUtils.java:logGet(46)) - raft.server.rpc.request.timeout = 3000ms (default)
2024-09-10 16:46:21,463 [main] INFO  grpc.GrpcConfigKeys (ConfUtils.java:logGet(46)) - raft.grpc.server.heartbeat.channel = true (default)
2024-09-10 16:46:21,463 [main] INFO  grpc.GrpcConfigKeys (ConfUtils.java:logGet(46)) - raft.grpc.server.async.request.thread.pool.cached = true (default)
2024-09-10 16:46:21,463 [main] INFO  grpc.GrpcConfigKeys (ConfUtils.java:logGet(46)) - raft.grpc.server.async.request.thread.pool.size = 32 (default)
2024-09-10 16:46:21,464 [main] INFO  impl.DataStreamServerImpl (ConfUtils.java:logGet(46)) - raft.datastream.type = DISABLED (default)
2024-09-10 16:46:21,464 [main] INFO  server.RaftServerConfigKeys (ConfUtils.java:logGet(46)) - raft.server.sleep.deviation.threshold = 300ms (default)
2024-09-10 16:46:21,464 [main] INFO  server.RaftServerConfigKeys (ConfUtils.java:logGet(46)) - raft.server.close.threshold = 60s (default)
2024-09-10 16:46:21,464 [main] INFO  server.RaftServerConfigKeys (ConfUtils.java:logGet(46)) - raft.server.leaderelection.leader.step-down.wait-time = 10s (default)
2024-09-10 16:46:21,465 [main] INFO  server.RaftServerConfigKeys (ConfUtils.java:logGet(46)) - raft.server.storage.dir = [/home/runner/work/ozone/ozone/hadoop-ozone/integration-test/target/test-dir/MiniOzoneClusterImpl-4ea98613-7ec2-40e8-bdf5-64593f2fdf96/ozone-meta/ratis] (custom)
2024-09-10 16:46:21,465 [main] INFO  server.RaftServerConfigKeys (ConfUtils.java:logGet(46)) - raft.server.threadpool.proxy.cached = true (default)
2024-09-10 16:46:21,465 [main] INFO  server.RaftServerConfigKeys (ConfUtils.java:logGet(46)) - raft.server.threadpool.proxy.size = 0 (default)
2024-09-10 16:46:21,465 [main] INFO  server.RaftServer (RaftServerProxy.java:addNew(101)) - om1: addNew group-C5BA1605619E:[om1|localhost:15166] returns group-C5BA1605619E:java.util.concurrent.CompletableFuture@4ed4f01f[Not completed]
2024-09-10 16:46:21,466 [main] INFO  om.OzoneManager (OzoneManager.java:initializeRatisServer(2204)) - OzoneManager Ratis server initialized at port 15166
2024-09-10 16:46:21,465 [om1-groupManagement] INFO  server.RaftServer$Division (RaftServerImpl.java:<init>(253)) - om1: new RaftServerImpl for group-C5BA1605619E:[om1|localhost:15166] with OzoneManagerStateMachine:uninitialized
2024-09-10 16:46:21,466 [main] INFO  om.OzoneManager (OzoneManager.java:getRpcServer(1252)) - Creating RPC Server
2024-09-10 16:46:21,466 [om1-groupManagement] INFO  server.RaftServerConfigKeys (ConfUtils.java:logGet(46)) - raft.server.rpc.timeout.min = 1s (custom)
2024-09-10 16:46:21,466 [om1-groupManagement] INFO  server.RaftServerConfigKeys (ConfUtils.java:logGet(46)) - raft.server.rpc.timeout.max = 1200ms (custom)
2024-09-10 16:46:21,466 [om1-groupManagement] INFO  server.RaftServerConfigKeys (ConfUtils.java:logGet(46)) - raft.server.rpc.sleep.time = 25ms (default)
2024-09-10 16:46:21,466 [om1-groupManagement] INFO  server.RaftServerConfigKeys (ConfUtils.java:logGet(46)) - raft.server.rpc.slowness.timeout = 120s (custom)
2024-09-10 16:46:21,466 [om1-groupManagement] INFO  server.RaftServerConfigKeys (ConfUtils.java:logGet(46)) - raft.server.leaderelection.leader.step-down.wait-time = 10s (default)
2024-09-10 16:46:21,466 [om1-groupManagement] INFO  server.RaftServerConfigKeys (ConfUtils.java:logGet(46)) - raft.server.leaderelection.member.majority-add = false (default)
2024-09-10 16:46:21,466 [om1-groupManagement] INFO  server.RaftServerConfigKeys (ConfUtils.java:logGet(46)) - raft.server.sleep.deviation.threshold = 300ms (default)
2024-09-10 16:46:21,466 [om1-groupManagement] INFO  server.RaftServer$Division (ServerState.java:<init>(114)) - om1@group-C5BA1605619E: ConfigurationManager, init=conf: {index: -1, cur=peers:[om1|localhost:15166]|listeners:[], old=null}, confs=<EMPTY_MAP>
2024-09-10 16:46:21,466 [om1-groupManagement] INFO  server.RaftServerConfigKeys (ConfUtils.java:logGet(46)) - raft.server.notification.no-leader.timeout = 120s (custom)
2024-09-10 16:46:21,467 [om1-groupManagement] INFO  server.RaftServerConfigKeys (ConfUtils.java:logGet(46)) - raft.server.read.timeout = 10s (default)
2024-09-10 16:46:21,467 [om1-groupManagement] INFO  server.RaftServerConfigKeys (ConfUtils.java:logGet(46)) - raft.server.retrycache.expirytime = 300s (custom)
2024-09-10 16:46:21,467 [om1-groupManagement] INFO  server.RaftServerConfigKeys (ConfUtils.java:logGet(46)) - raft.server.retrycache.statistics.expirytime = 100ms (default)
2024-09-10 16:46:21,467 [om1-groupManagement] INFO  server.RaftServerConfigKeys (ConfUtils.java:logGet(46)) - raft.server.read.option = DEFAULT (default)
2024-09-10 16:46:21,467 [om1-groupManagement] INFO  server.RaftServerConfigKeys (ConfUtils.java:logGet(46)) - raft.server.read.read-after-write-consistent.write-index-cache.expiry-time = 60s (default)
2024-09-10 16:46:21,472 [om1-groupManagement] INFO  server.RaftServerConfigKeys (ConfUtils.java:logGet(46)) - raft.server.rpc.request.timeout = 3000ms (default)
2024-09-10 16:46:21,472 [om1-groupManagement] INFO  server.RaftServerConfigKeys (ConfUtils.java:logGet(46)) - raft.server.log.appender.install.snapshot.enabled = false (custom)
2024-09-10 16:46:21,472 [om1-groupManagement] INFO  server.RaftServerConfigKeys (ConfUtils.java:logGet(46)) - raft.server.threadpool.server.cached = true (default)
2024-09-10 16:46:21,472 [om1-groupManagement] INFO  server.RaftServerConfigKeys (ConfUtils.java:logGet(46)) - raft.server.threadpool.server.size = 0 (default)
2024-09-10 16:46:21,473 [om1-groupManagement] INFO  server.RaftServerConfigKeys (ConfUtils.java:logGet(46)) - raft.server.threadpool.client.cached = true (default)
2024-09-10 16:46:21,473 [om1-groupManagement] INFO  server.RaftServerConfigKeys (ConfUtils.java:logGet(46)) - raft.server.threadpool.client.size = 0 (default)
2024-09-10 16:46:21,779 [main] INFO  reflections.Reflections (Reflections.java:scan(219)) - Reflections took 312 ms to scan 20 urls, producing 59 keys and 7189 values
2024-09-10 16:46:21,781 [main] INFO  ipc.CallQueueManager (CallQueueManager.java:<init>(90)) - Using callQueue: class java.util.concurrent.LinkedBlockingQueue, queueCapacity: 2000, scheduler: class org.apache.hadoop.ipc.DefaultRpcScheduler, ipcBackoff: false.
2024-09-10 16:46:21,781 [main] INFO  ipc.Server (Server.java:<init>(1287)) - Listener at 127.0.0.1:15163
2024-09-10 16:46:21,782 [Socket Reader #1 for port 15163] INFO  ipc.Server (Server.java:run(1323)) - Starting Socket Reader #1 for port 15163
2024-09-10 16:46:21,782 [Socket Reader #2 for port 15163] INFO  ipc.Server (Server.java:run(1323)) - Starting Socket Reader #2 for port 15163
2024-09-10 16:46:21,782 [Socket Reader #3 for port 15163] INFO  ipc.Server (Server.java:run(1323)) - Starting Socket Reader #3 for port 15163
2024-09-10 16:46:21,783 [Socket Reader #4 for port 15163] INFO  ipc.Server (Server.java:run(1323)) - Starting Socket Reader #4 for port 15163
2024-09-10 16:46:21,784 [Socket Reader #5 for port 15163] INFO  ipc.Server (Server.java:run(1323)) - Starting Socket Reader #5 for port 15163
2024-09-10 16:46:21,784 [Socket Reader #6 for port 15163] INFO  ipc.Server (Server.java:run(1323)) - Starting Socket Reader #6 for port 15163
2024-09-10 16:46:21,784 [Socket Reader #7 for port 15163] INFO  ipc.Server (Server.java:run(1323)) - Starting Socket Reader #7 for port 15163
2024-09-10 16:46:21,784 [Socket Reader #8 for port 15163] INFO  ipc.Server (Server.java:run(1323)) - Starting Socket Reader #8 for port 15163
2024-09-10 16:46:21,784 [Socket Reader #9 for port 15163] INFO  ipc.Server (Server.java:run(1323)) - Starting Socket Reader #9 for port 15163
2024-09-10 16:46:21,784 [Socket Reader #10 for port 15163] INFO  ipc.Server (Server.java:run(1323)) - Starting Socket Reader #10 for port 15163
2024-09-10 16:46:21,799 [main] INFO  impl.MetricsSystemImpl (MetricsSystemImpl.java:init(158)) - OzoneManager metrics system started (again)
2024-09-10 16:46:21,807 [main] INFO  om.OzoneManager (OzoneManager.java:start(1680)) - OzoneManager RPC server is listening at localhost/127.0.0.1:15163
2024-09-10 16:46:21,807 [main] INFO  ratis.OzoneManagerRatisServer (OzoneManagerRatisServer.java:start(595)) - Starting OzoneManagerRatisServer om1 at port 15166
2024-09-10 16:46:21,808 [om1-impl-thread1] INFO  server.RaftServerConfigKeys (ConfUtils.java:logGet(46)) - raft.server.storage.free-space.min = 0MB (=0) (default)
2024-09-10 16:46:21,808 [om1-impl-thread1] INFO  server.RaftServerConfigKeys (ConfUtils.java:logGet(46)) - raft.server.log.corruption.policy = EXCEPTION (default)
2024-09-10 16:46:21,808 [om1-impl-thread1] INFO  server.RaftServerConfigKeys (ConfUtils.java:logGet(46)) - raft.server.storage.dir = [/home/runner/work/ozone/ozone/hadoop-ozone/integration-test/target/test-dir/MiniOzoneClusterImpl-4ea98613-7ec2-40e8-bdf5-64593f2fdf96/ozone-meta/ratis] (custom)
2024-09-10 16:46:21,808 [om1-impl-thread1] INFO  storage.RaftStorageDirectory (RaftStorageDirectoryImpl.java:analyzeStorage(138)) - The storage directory /home/runner/work/ozone/ozone/hadoop-ozone/integration-test/target/test-dir/MiniOzoneClusterImpl-4ea98613-7ec2-40e8-bdf5-64593f2fdf96/ozone-meta/ratis/bf265839-605b-3f16-9796-c5ba1605619e does not exist. Creating ...
2024-09-10 16:46:21,809 [om1-impl-thread1] INFO  storage.RaftStorageDirectory (RaftStorageDirectoryImpl.java:tryLock(229)) - Lock on /home/runner/work/ozone/ozone/hadoop-ozone/integration-test/target/test-dir/MiniOzoneClusterImpl-4ea98613-7ec2-40e8-bdf5-64593f2fdf96/ozone-meta/ratis/bf265839-605b-3f16-9796-c5ba1605619e/in_use.lock acquired by nodename 77969@fv-az1492-488
2024-09-10 16:46:21,810 [om1-impl-thread1] INFO  storage.RaftStorage (RaftStorageImpl.java:format(98)) - Storage directory /home/runner/work/ozone/ozone/hadoop-ozone/integration-test/target/test-dir/MiniOzoneClusterImpl-4ea98613-7ec2-40e8-bdf5-64593f2fdf96/ozone-meta/ratis/bf265839-605b-3f16-9796-c5ba1605619e has been successfully formatted.
2024-09-10 16:46:21,810 [om1-impl-thread1] INFO  server.RaftServerConfigKeys (ConfUtils.java:logGet(46)) - raft.server.log.use.memory = false (default)
2024-09-10 16:46:21,811 [om1-impl-thread1] INFO  server.RaftServerConfigKeys (ConfUtils.java:logGet(46)) - raft.server.log.purge.gap = 1000000 (custom)
2024-09-10 16:46:21,811 [om1-impl-thread1] INFO  server.RaftServerConfigKeys (ConfUtils.java:logGet(46)) - raft.server.log.appender.buffer.byte-limit = 4194304 (custom)
2024-09-10 16:46:21,811 [om1-impl-thread1] INFO  server.RaftServerConfigKeys (ConfUtils.java:logGet(46)) - raft.server.log.statemachine.data.read.timeout = 1000ms (default)
2024-09-10 16:46:21,811 [om1-impl-thread1] INFO  server.RaftServerConfigKeys (ConfUtils.java:logGet(46)) - raft.server.log.purge.preservation.log.num = 0 (default)
2024-09-10 16:46:21,811 [om1-impl-thread1] INFO  server.RaftServerConfigKeys (ConfUtils.java:logGet(46)) - raft.server.log.segment.size.max = 4194304 (custom)
2024-09-10 16:46:21,811 [om1-impl-thread1] INFO  server.RaftServerConfigKeys (ConfUtils.java:logGet(46)) - raft.server.log.segment.cache.num.max = 2 (custom)
2024-09-10 16:46:21,811 [om1-impl-thread1] INFO  server.RaftServerConfigKeys (ConfUtils.java:logGet(46)) - raft.server.log.segment.cache.size.max = 200MB (=209715200) (default)
2024-09-10 16:46:21,811 [om1-impl-thread1] INFO  server.RaftServerConfigKeys (ConfUtils.java:logGet(46)) - raft.server.log.appender.buffer.byte-limit = 4194304 (custom)
2024-09-10 16:46:21,812 [om1-impl-thread1] INFO  util.AwaitToRun (AwaitToRun.java:start(81)) - Thread[om1@group-C5BA1605619E-cacheEviction-AwaitToRun,5,main] started
2024-09-10 16:46:21,812 [om1-impl-thread1] INFO  segmented.SegmentedRaftLogWorker (SegmentedRaftLogWorker.java:<init>(184)) - new om1@group-C5BA1605619E-SegmentedRaftLogWorker for RaftStorageImpl:Storage Directory /home/runner/work/ozone/ozone/hadoop-ozone/integration-test/target/test-dir/MiniOzoneClusterImpl-4ea98613-7ec2-40e8-bdf5-64593f2fdf96/ozone-meta/ratis/bf265839-605b-3f16-9796-c5ba1605619e
2024-09-10 16:46:21,812 [om1-impl-thread1] INFO  server.RaftServerConfigKeys (ConfUtils.java:logGet(46)) - raft.server.log.queue.byte-limit = 64MB (=67108864) (default)
2024-09-10 16:46:21,812 [om1-impl-thread1] INFO  server.RaftServerConfigKeys (ConfUtils.java:logGet(46)) - raft.server.log.queue.element-limit = 4096 (default)
2024-09-10 16:46:21,812 [om1-impl-thread1] INFO  server.RaftServerConfigKeys (ConfUtils.java:logGet(46)) - raft.server.log.segment.size.max = 4194304 (custom)
2024-09-10 16:46:21,812 [om1-impl-thread1] INFO  server.RaftServerConfigKeys (ConfUtils.java:logGet(46)) - raft.server.log.preallocated.size = 4194304 (custom)
2024-09-10 16:46:21,812 [om1-impl-thread1] INFO  server.RaftServerConfigKeys (ConfUtils.java:logGet(46)) - raft.server.log.force.sync.num = 128 (default)
2024-09-10 16:46:21,812 [om1-impl-thread1] INFO  server.RaftServerConfigKeys (ConfUtils.java:logGet(46)) - raft.server.log.statemachine.data.sync = true (default)
2024-09-10 16:46:21,812 [om1-impl-thread1] INFO  server.RaftServerConfigKeys (ConfUtils.java:logGet(46)) - raft.server.log.statemachine.data.sync.timeout = 10s (default)
2024-09-10 16:46:21,812 [om1-impl-thread1] INFO  server.RaftServerConfigKeys (ConfUtils.java:logGet(46)) - raft.server.log.statemachine.data.sync.timeout.retry = -1 (default)
2024-09-10 16:46:21,812 [om1-impl-thread1] INFO  server.RaftServerConfigKeys (ConfUtils.java:logGet(46)) - raft.server.log.write.buffer.size = 4194312 (custom)
2024-09-10 16:46:21,813 [om1-impl-thread1] INFO  server.RaftServerConfigKeys (ConfUtils.java:logGet(46)) - raft.server.log.appender.buffer.byte-limit = 4194304 (custom)
2024-09-10 16:46:21,813 [om1-impl-thread1] INFO  server.RaftServerConfigKeys (ConfUtils.java:logGet(46)) - raft.server.log.unsafe-flush.enabled = false (default)
2024-09-10 16:46:21,813 [om1-impl-thread1] INFO  server.RaftServerConfigKeys (ConfUtils.java:logGet(46)) - raft.server.log.async-flush.enabled = false (default)
2024-09-10 16:46:21,813 [om1-impl-thread1] INFO  server.RaftServerConfigKeys (ConfUtils.java:logGet(46)) - raft.server.log.statemachine.data.caching.enabled = false (default)
2024-09-10 16:46:21,813 [om1-impl-thread1] INFO  segmented.SegmentedRaftLogWorker (SegmentedRaftLogWorker.java:lambda$new$0(135)) - om1@group-C5BA1605619E-SegmentedRaftLogWorker: flushIndex: setUnconditionally 0 -> -1
2024-09-10 16:46:21,813 [om1-impl-thread1] INFO  segmented.SegmentedRaftLogWorker (SegmentedRaftLogWorker.java:lambda$new$0(135)) - om1@group-C5BA1605619E-SegmentedRaftLogWorker: safeCacheEvictIndex: setUnconditionally 0 -> -1
2024-09-10 16:46:21,813 [om1-impl-thread1] INFO  server.RaftServer$Division (RaftServerImpl.java:start(389)) - om1@group-C5BA1605619E: start as a follower, conf=conf: {index: -1, cur=peers:[om1|localhost:15166]|listeners:[], old=null}
2024-09-10 16:46:21,813 [om1-impl-thread1] INFO  server.RaftServer$Division (RaftServerImpl.java:setRole(376)) - om1@group-C5BA1605619E: changes role from      null to FOLLOWER at term 0 for startAsFollower
2024-09-10 16:46:21,813 [om1-impl-thread1] INFO  impl.RoleInfo (RoleInfo.java:updateAndGet(148)) - om1: start om1@group-C5BA1605619E-FollowerState
2024-09-10 16:46:21,813 [om1-impl-thread1] INFO  util.JmxRegister (JmxRegister.java:tryRegister(44)) - Successfully registered JMX Bean with object name Ratis:service=RaftServer,group=group-C5BA1605619E,id=om1
2024-09-10 16:46:21,813 [om1-impl-thread1] INFO  util.JmxRegister (JmxRegister.java:register(58)) - register mxBean class org.apache.ratis.server.impl.RaftServerJmxAdapter as Ratis:service=RaftServer,group=group-C5BA1605619E,id=om1
2024-09-10 16:46:21,813 [om1@group-C5BA1605619E-FollowerState] INFO  server.RaftServerConfigKeys (ConfUtils.java:logFallback(53)) - raft.server.rpc.first-election.timeout.min = 1s (fallback to raft.server.rpc.timeout.min)
2024-09-10 16:46:21,814 [om1-impl-thread1] INFO  server.RaftServerConfigKeys (ConfUtils.java:logGet(46)) - raft.server.snapshot.trigger-when-stop.enabled = true (default)
2024-09-10 16:46:21,814 [om1-impl-thread1] INFO  server.RaftServerConfigKeys (ConfUtils.java:logGet(46)) - raft.server.snapshot.trigger-when-remove.enabled = true (default)
2024-09-10 16:46:21,814 [om1@group-C5BA1605619E-FollowerState] INFO  server.RaftServerConfigKeys (ConfUtils.java:logFallback(53)) - raft.server.rpc.first-election.timeout.max = 1200ms (fallback to raft.server.rpc.timeout.max)
2024-09-10 16:46:21,814 [om1-impl-thread1] INFO  server.RaftServerConfigKeys (ConfUtils.java:logGet(46)) - raft.server.snapshot.auto.trigger.enabled = true (custom)
2024-09-10 16:46:21,814 [om1-impl-thread1] INFO  server.RaftServerConfigKeys (ConfUtils.java:logGet(46)) - raft.server.snapshot.auto.trigger.threshold = 400000 (default)
2024-09-10 16:46:21,814 [om1-impl-thread1] INFO  server.RaftServerConfigKeys (ConfUtils.java:logGet(46)) - raft.server.snapshot.retention.file.num = -1 (default)
2024-09-10 16:46:21,814 [om1-impl-thread1] INFO  server.RaftServerConfigKeys (ConfUtils.java:logGet(46)) - raft.server.log.purge.upto.snapshot.index = true (custom)
2024-09-10 16:46:21,814 [main] INFO  server.RaftServer (RaftServerProxy.java:startImpl(408)) - om1: start RPC server
2024-09-10 16:46:21,815 [main] INFO  server.GrpcService (GrpcService.java:startImpl(302)) - om1: GrpcService started, listening on 15166
2024-09-10 16:46:21,816 [JvmPauseMonitor22] INFO  util.JvmPauseMonitor (JvmPauseMonitor.java:run(146)) - JvmPauseMonitor-om1: Started
2024-09-10 16:46:21,816 [main] INFO  om.OzoneManager (OzoneManager.java:start(1695)) - Version File has different layout version (7) than OM DB (null). That is expected if this OM has never been finalized to a newer layout version.
2024-09-10 16:46:21,819 [main] INFO  client.ScmTopologyClient (ScmTopologyClient.java:start(72)) - Initial network topology fetched from SCM: /.
2024-09-10 16:46:21,819 [main] INFO  net.NodeSchemaLoader (NodeSchemaLoader.java:loadSchemaFromFile(129)) - Loading schema from [jar:file:/home/runner/work/ozone/ozone/hadoop-hdds/common/target/hdds-common-1.5.0-SNAPSHOT.jar!/network-topology-default.xml]
2024-09-10 16:46:21,820 [main] INFO  net.NodeSchemaLoader (NodeSchemaLoader.java:loadSchema(176)) - Loading network topology layer schema file
2024-09-10 16:46:21,827 [main] INFO  http.BaseHttpServer (BaseHttpServer.java:newHttpServer2BuilderForOzone(223)) - Starting Web-server for ozoneManager at: http://0.0.0.0:15164
2024-09-10 16:46:21,828 [main] INFO  http.BaseHttpServer (BaseHttpServer.java:<init>(110)) - Hadoop Security Enabled: false Ozone Security Enabled: false Ozone HTTP Security Enabled: false 
2024-09-10 16:46:21,829 [main] WARN  server.AuthenticationFilter (AuthenticationFilter.java:constructSecretProvider(240)) - Unable to initialize FileSignerSecretProvider, falling back to use random secrets. Reason: Could not read signature secret file: /home/runner/hadoop-http-auth-signature-secret
2024-09-10 16:46:21,829 [main] INFO  http.HttpRequestLog (HttpRequestLog.java:getRequestLog(86)) - Http request log for http.requests.ozoneManager is not defined
2024-09-10 16:46:21,830 [main] INFO  http.HttpServer2 (HttpServer2.java:addGlobalFilter(1035)) - Added global filter 'safety' (class=org.apache.hadoop.hdds.server.http.HttpServer2$QuotingInputFilter)
2024-09-10 16:46:21,831 [main] INFO  http.HttpServer2 (HttpServer2.java:addFilter(1011)) - Added filter static_user_filter (class=org.apache.hadoop.http.lib.StaticUserWebFilter$StaticUserFilter) to context ozoneManager
2024-09-10 16:46:21,831 [main] INFO  http.HttpServer2 (HttpServer2.java:addFilter(1019)) - Added filter static_user_filter (class=org.apache.hadoop.http.lib.StaticUserWebFilter$StaticUserFilter) to context static
2024-09-10 16:46:21,831 [main] INFO  http.HttpServer2 (HttpServer2.java:addFilter(1019)) - Added filter static_user_filter (class=org.apache.hadoop.http.lib.StaticUserWebFilter$StaticUserFilter) to context logs
2024-09-10 16:46:21,831 [main] INFO  http.BaseHttpServer (BaseHttpServer.java:<init>(189)) - HTTP server of ozoneManager uses base directory /home/runner/work/ozone/ozone/hadoop-ozone/integration-test/target/test-dir/MiniOzoneClusterImpl-4ea98613-7ec2-40e8-bdf5-64593f2fdf96/ozone-meta/webserver
2024-09-10 16:46:21,831 [main] INFO  http.HttpServer2 (HttpServer2.java:bindListener(1235)) - Jetty bound to port 15164
2024-09-10 16:46:21,831 [main] INFO  server.Server (Server.java:doStart(375)) - jetty-9.4.56.v20240826; built: 2024-08-26T17:15:05.868Z; git: ec6782ff5ead824dabdcf47fa98f90a4aedff401; jvm 17.0.12+7
2024-09-10 16:46:21,833 [main] INFO  server.session (DefaultSessionIdManager.java:doStart(334)) - DefaultSessionIdManager workerName=node0
2024-09-10 16:46:21,833 [main] INFO  server.session (DefaultSessionIdManager.java:doStart(339)) - No SessionScavenger set, using defaults
2024-09-10 16:46:21,833 [main] INFO  server.session (HouseKeeper.java:startScavenging(132)) - node0 Scavenging every 600000ms
2024-09-10 16:46:21,833 [main] INFO  handler.ContextHandler (ContextHandler.java:doStart(921)) - Started o.e.j.s.ServletContextHandler@2a7fa6a6{logs,/logs,file:///home/runner/work/ozone/ozone/hadoop-ozone/integration-test/target/log,AVAILABLE}
2024-09-10 16:46:21,833 [main] INFO  handler.ContextHandler (ContextHandler.java:doStart(921)) - Started o.e.j.s.ServletContextHandler@5fb26827{static,/static,file:///home/runner/work/ozone/ozone/hadoop-ozone/integration-test/target/test-classes/webapps/static,AVAILABLE}
2024-09-10 16:46:21,837 [main] INFO  handler.ContextHandler (ContextHandler.java:doStart(921)) - Started o.e.j.w.WebAppContext@2e2fdb8c{ozoneManager,/,file:///home/runner/work/ozone/ozone/hadoop-ozone/integration-test/target/test-classes/webapps/ozoneManager/,AVAILABLE}{file:/home/runner/work/ozone/ozone/hadoop-ozone/integration-test/target/test-classes/webapps/ozoneManager}
2024-09-10 16:46:21,838 [main] INFO  server.AbstractConnector (AbstractConnector.java:doStart(333)) - Started ServerConnector@2d99470c{HTTP/1.1, (http/1.1)}{0.0.0.0:15164}
2024-09-10 16:46:21,838 [main] INFO  server.Server (Server.java:doStart(415)) - Started @121199ms
2024-09-10 16:46:21,838 [main] WARN  impl.MetricsSystemImpl (MetricsSystemImpl.java:register(279)) - Sink prometheus already exists!
2024-09-10 16:46:21,839 [main] INFO  http.BaseHttpServer (BaseHttpServer.java:updateConnectorAddress(354)) - HTTP server of ozoneManager listening at http://0.0.0.0:15164
2024-09-10 16:46:21,839 [IPC Server Responder] INFO  ipc.Server (Server.java:run(1562)) - IPC Server Responder: starting
2024-09-10 16:46:21,839 [IPC Server listener on 15163] INFO  ipc.Server (Server.java:run(1402)) - IPC Server listener on 15163: starting
2024-09-10 16:46:21,842 [main] INFO  om.OzoneManager (OzoneManager.java:startTrashEmptier(2157)) - Trash Interval set to 0. Files deleted won't move to trash
2024-09-10 16:46:21,854 [main] WARN  dropwizard3.Dm3MetricRegistriesImpl (Dm3MetricRegistriesImpl.java:addReporterRegistration(114)) - New reporters are added after registries were created. Some metrics will be missing from the reporter. Please add reporter before adding any new registry.
2024-09-10 16:46:21,854 [main] WARN  dropwizard3.Dm3MetricRegistriesImpl (Dm3MetricRegistriesImpl.java:addReporterRegistration(114)) - New reporters are added after registries were created. Some metrics will be missing from the reporter. Please add reporter before adding any new registry.
2024-09-10 16:46:21,854 [main] INFO  impl.MetricsSystemImpl (MetricsSystemImpl.java:init(158)) - HddsDatanode metrics system started (again)
2024-09-10 16:46:21,863 [main] INFO  ozone.HddsDatanodeService (HddsDatanodeService.java:start(235)) - HddsDatanodeService host:fv-az1492-488.ogi1bwjwhrgedewjzlxt1givkg.dx.internal.cloudapp.net ip:10.1.0.21
2024-09-10 16:46:21,865 [main] INFO  upgrade.AbstractLayoutVersionManager (AbstractLayoutVersionManager.java:init(83)) - Initializing Layout version manager with metadata layout = HBASE_SUPPORT (version = 8), software layout = HBASE_SUPPORT (version = 8)
2024-09-10 16:46:21,866 [main] INFO  statemachine.DatanodeStateMachine (DatanodeStateMachine.java:getEndPointTaskThreadPoolSize(294)) - Datanode State Machine Task Thread Pool size 2
2024-09-10 16:46:21,867 [main] INFO  volume.HddsVolume (HddsVolume.java:<init>(127)) - Creating HddsVolume: /home/runner/work/ozone/ozone/hadoop-ozone/integration-test/target/test-dir/MiniOzoneClusterImpl-4ea98613-7ec2-40e8-bdf5-64593f2fdf96/ozone-meta/datanode-1/data-0/hdds of storage type : DISK capacity : 9222449699674390527
2024-09-10 16:46:21,867 [main] INFO  volume.MutableVolumeSet (MutableVolumeSet.java:initializeVolumeSet(173)) - Added Volume : /home/runner/work/ozone/ozone/hadoop-ozone/integration-test/target/test-dir/MiniOzoneClusterImpl-4ea98613-7ec2-40e8-bdf5-64593f2fdf96/ozone-meta/datanode-1/data-0/hdds to VolumeSet
2024-09-10 16:46:21,867 [main] INFO  volume.MutableVolumeSet (MutableVolumeSet.java:initializeVolumeSet(173)) - Added Volume : /home/runner/work/ozone/ozone/hadoop-ozone/integration-test/target/test-dir/MiniOzoneClusterImpl-4ea98613-7ec2-40e8-bdf5-64593f2fdf96/ozone-meta/datanode-1/ratis to VolumeSet
2024-09-10 16:46:21,868 [main] INFO  ozoneimpl.OzoneContainer (HddsVolumeUtil.java:loadAllHddsVolumeDbStore(103)) - Load 1 volumes DbStore cost: 0ms
2024-09-10 16:46:21,869 [main] INFO  impl.FilePerChunkStrategy (FilePerChunkStrategy.java:<init>(84)) - ozone.chunk.read.mapped.buffer.max.count is load with 0
2024-09-10 16:46:21,869 [main] INFO  impl.FilePerBlockStrategy (FilePerBlockStrategy.java:<init>(91)) - ozone.chunk.read.mapped.buffer.max.count is load with 0
2024-09-10 16:46:21,869 [main] INFO  server.RaftServerConfigKeys (ConfUtils.java:logGet(46)) - raft.server.log.appender.buffer.byte-limit = 33554432 (custom)
2024-09-10 16:46:21,870 [main] INFO  server.RaftServer (ConfUtils.java:logGet(46)) - raft.rpc.type = GRPC (default)
2024-09-10 16:46:21,870 [main] INFO  grpc.GrpcConfigKeys (ConfUtils.java:logFallback(53)) - raft.grpc.admin.host = null (fallback to raft.grpc.server.host)
2024-09-10 16:46:21,870 [main] INFO  grpc.GrpcConfigKeys (ConfUtils.java:logGet(46)) - raft.grpc.admin.port = 15171 (custom)
2024-09-10 16:46:21,871 [main] INFO  grpc.GrpcConfigKeys (ConfUtils.java:logFallback(53)) - raft.grpc.client.host = null (fallback to raft.grpc.server.host)
2024-09-10 16:46:21,871 [main] INFO  grpc.GrpcConfigKeys (ConfUtils.java:logGet(46)) - raft.grpc.client.port = 15171 (custom)
2024-09-10 16:46:21,871 [main] INFO  grpc.GrpcConfigKeys (ConfUtils.java:logGet(46)) - raft.grpc.server.host = null (default)
2024-09-10 16:46:21,871 [main] INFO  grpc.GrpcConfigKeys (ConfUtils.java:logGet(46)) - raft.grpc.server.port = 15171 (custom)
2024-09-10 16:46:21,871 [main] INFO  server.GrpcService (ConfUtils.java:logGet(46)) - raft.grpc.message.size.max = 34603008 (custom)
2024-09-10 16:46:21,871 [main] INFO  server.RaftServerConfigKeys (ConfUtils.java:logGet(46)) - raft.server.log.appender.buffer.byte-limit = 33554432 (custom)
2024-09-10 16:46:21,871 [main] INFO  server.GrpcService (ConfUtils.java:logGet(46)) - raft.grpc.flow.control.window = 5MB (=5242880) (custom)
2024-09-10 16:46:21,871 [main] INFO  server.RaftServerConfigKeys (ConfUtils.java:logGet(46)) - raft.server.rpc.request.timeout = 3000ms (default)
2024-09-10 16:46:21,871 [main] INFO  grpc.GrpcConfigKeys (ConfUtils.java:logGet(46)) - raft.grpc.server.heartbeat.channel = true (default)
2024-09-10 16:46:21,872 [main] INFO  grpc.GrpcConfigKeys (ConfUtils.java:logGet(46)) - raft.grpc.server.async.request.thread.pool.cached = true (default)
2024-09-10 16:46:21,872 [main] INFO  grpc.GrpcConfigKeys (ConfUtils.java:logGet(46)) - raft.grpc.server.async.request.thread.pool.size = 32 (default)
2024-09-10 16:46:21,872 [main] INFO  impl.DataStreamServerImpl (ConfUtils.java:logGet(46)) - raft.datastream.type = NETTY (custom)
2024-09-10 16:46:21,873 [main] INFO  server.RaftServerConfigKeys (ConfUtils.java:logGet(46)) - raft.server.data-stream.async.request.thread.pool.cached = false (default)
2024-09-10 16:46:21,873 [main] INFO  server.RaftServerConfigKeys (ConfUtils.java:logGet(46)) - raft.server.data-stream.async.request.thread.pool.size = 20 (custom)
2024-09-10 16:46:21,873 [main] INFO  server.RaftServerConfigKeys (ConfUtils.java:logGet(46)) - raft.server.data-stream.async.write.thread.pool.size = 16 (default)
2024-09-10 16:46:21,873 [main] INFO  netty.NettyConfigKeys$DataStream (ConfUtils.java:logGet(46)) - raft.netty.dataStream.server.channel.inactive.grace-period = 10min (default)
2024-09-10 16:46:21,873 [main] INFO  server.RaftServerConfigKeys (ConfUtils.java:logGet(46)) - raft.server.data-stream.client.pool.size = 10 (default)
2024-09-10 16:46:21,873 [main] INFO  netty.NettyConfigKeys$DataStream (ConfUtils.java:logGet(46)) - raft.netty.dataStream.server.use-epoll = true (default)
2024-09-10 16:46:21,873 [main] INFO  netty.NettyConfigKeys$DataStream (ConfUtils.java:logGet(46)) - raft.netty.dataStream.server.boss-group.size = 0 (default)
2024-09-10 16:46:21,874 [main] INFO  netty.NettyUtils (NettyUtils.java:newEventLoopGroup(74)) - Create EpollEventLoopGroup for e5502358-b128-4a46-b87d-f44ed006f965-NettyServerStreamRpc-bossGroup; Thread size is 0.
2024-09-10 16:46:21,874 [main] INFO  netty.NettyConfigKeys$DataStream (ConfUtils.java:logGet(46)) - raft.netty.dataStream.server.worker-group.size = 0 (default)
2024-09-10 16:46:21,874 [main] INFO  netty.NettyUtils (NettyUtils.java:newEventLoopGroup(74)) - Create EpollEventLoopGroup for e5502358-b128-4a46-b87d-f44ed006f965-NettyServerStreamRpc-workerGroup; Thread size is 0.
2024-09-10 16:46:21,874 [main] INFO  netty.NettyConfigKeys$DataStream (ConfUtils.java:logGet(46)) - raft.netty.dataStream.server.tls.conf = null (default)
2024-09-10 16:46:21,874 [main] INFO  netty.NettyConfigKeys$DataStream (ConfUtils.java:logGet(46)) - raft.netty.dataStream.host = null (default)
2024-09-10 16:46:21,874 [main] INFO  netty.NettyConfigKeys$DataStream (ConfUtils.java:logGet(46)) - raft.netty.dataStream.port = 15174 (custom)
2024-09-10 16:46:21,875 [main] INFO  server.RaftServerConfigKeys (ConfUtils.java:logGet(46)) - raft.server.sleep.deviation.threshold = 300ms (default)
2024-09-10 16:46:21,875 [main] INFO  server.RaftServerConfigKeys (ConfUtils.java:logGet(46)) - raft.server.close.threshold = 60s (default)
2024-09-10 16:46:21,875 [main] INFO  server.RaftServerConfigKeys (ConfUtils.java:logGet(46)) - raft.server.leaderelection.leader.step-down.wait-time = 10s (default)
2024-09-10 16:46:21,875 [e5502358-b128-4a46-b87d-f44ed006f965-NettyServerStreamRpc-bossGroup--thread1] INFO  logging.LoggingHandler (AbstractInternalLogger.java:log(148)) - [id: 0x498dde5e] REGISTERED
2024-09-10 16:46:21,875 [main] INFO  server.RaftServerConfigKeys (ConfUtils.java:logGet(46)) - raft.server.storage.dir = [/home/runner/work/ozone/ozone/hadoop-ozone/integration-test/target/test-dir/MiniOzoneClusterImpl-4ea98613-7ec2-40e8-bdf5-64593f2fdf96/ozone-meta/datanode-1/ratis] (custom)
2024-09-10 16:46:21,876 [main] INFO  server.RaftServerConfigKeys (ConfUtils.java:logGet(46)) - raft.server.threadpool.proxy.cached = true (default)
2024-09-10 16:46:21,876 [main] INFO  server.RaftServerConfigKeys (ConfUtils.java:logGet(46)) - raft.server.threadpool.proxy.size = 0 (default)
2024-09-10 16:46:21,876 [e5502358-b128-4a46-b87d-f44ed006f965-NettyServerStreamRpc-bossGroup--thread1] INFO  logging.LoggingHandler (AbstractInternalLogger.java:log(148)) - [id: 0x498dde5e] BIND: 0.0.0.0/0.0.0.0:15174
2024-09-10 16:46:21,876 [e5502358-b128-4a46-b87d-f44ed006f965-NettyServerStreamRpc-bossGroup--thread1] INFO  logging.LoggingHandler (AbstractInternalLogger.java:log(148)) - [id: 0x498dde5e, L:/0.0.0.0:15174] ACTIVE
2024-09-10 16:46:21,876 [e5502358-b128-4a46-b87d-f44ed006f965-impl-thread1] INFO  server.RaftServer (RaftServerProxy.java:initGroupDir(266)) - e5502358-b128-4a46-b87d-f44ed006f965: found a subdirectory /home/runner/work/ozone/ozone/hadoop-ozone/integration-test/target/test-dir/MiniOzoneClusterImpl-4ea98613-7ec2-40e8-bdf5-64593f2fdf96/ozone-meta/datanode-1/ratis/tmp
2024-09-10 16:46:21,876 [e5502358-b128-4a46-b87d-f44ed006f965-impl-thread1] INFO  server.RaftServer (RaftServerProxy.java:initGroupDir(271)) - e5502358-b128-4a46-b87d-f44ed006f965: The directory /home/runner/work/ozone/ozone/hadoop-ozone/integration-test/target/test-dir/MiniOzoneClusterImpl-4ea98613-7ec2-40e8-bdf5-64593f2fdf96/ozone-meta/datanode-1/ratis/tmp is not a group directory; ignoring it. 
2024-09-10 16:46:21,877 [main] INFO  replication.ReplicationServer (ReplicationServer.java:<init>(86)) - Initializing replication server with thread count = 10 queue length = 4096
2024-09-10 16:46:21,878 [main] INFO  server.XceiverServerGrpc (XceiverServerGrpc.java:<init>(141)) - GrpcServer channel type EpollServerSocketChannel
2024-09-10 16:46:21,879 [main] INFO  replication.ReplicationSupervisor (ReplicationSupervisor.java:build(157)) - Initializing replication supervisor with thread count = 10
2024-09-10 16:46:21,879 [main] INFO  replication.ReplicationSupervisor (ReplicationSupervisor.java:nodeStateUpdated(312)) - Node state updated to IN_SERVICE, scaling executor pool size to 10
2024-09-10 16:46:21,882 [main] INFO  http.BaseHttpServer (BaseHttpServer.java:newHttpServer2BuilderForOzone(223)) - Starting Web-server for hddsDatanode at: http://0.0.0.0:15168
2024-09-10 16:46:21,882 [main] INFO  http.BaseHttpServer (BaseHttpServer.java:<init>(110)) - Hadoop Security Enabled: false Ozone Security Enabled: false Ozone HTTP Security Enabled: false 
2024-09-10 16:46:21,883 [main] WARN  server.AuthenticationFilter (AuthenticationFilter.java:constructSecretProvider(240)) - Unable to initialize FileSignerSecretProvider, falling back to use random secrets. Reason: Could not read signature secret file: /home/runner/hadoop-http-auth-signature-secret
2024-09-10 16:46:21,883 [main] INFO  http.HttpRequestLog (HttpRequestLog.java:getRequestLog(86)) - Http request log for http.requests.hddsDatanode is not defined
2024-09-10 16:46:21,884 [main] INFO  http.HttpServer2 (HttpServer2.java:addGlobalFilter(1035)) - Added global filter 'safety' (class=org.apache.hadoop.hdds.server.http.HttpServer2$QuotingInputFilter)
2024-09-10 16:46:21,884 [main] INFO  http.HttpServer2 (HttpServer2.java:addFilter(1011)) - Added filter static_user_filter (class=org.apache.hadoop.http.lib.StaticUserWebFilter$StaticUserFilter) to context hddsDatanode
2024-09-10 16:46:21,885 [main] INFO  http.HttpServer2 (HttpServer2.java:addFilter(1019)) - Added filter static_user_filter (class=org.apache.hadoop.http.lib.StaticUserWebFilter$StaticUserFilter) to context static
2024-09-10 16:46:21,885 [main] INFO  http.HttpServer2 (HttpServer2.java:addFilter(1019)) - Added filter static_user_filter (class=org.apache.hadoop.http.lib.StaticUserWebFilter$StaticUserFilter) to context logs
2024-09-10 16:46:21,885 [main] INFO  http.BaseHttpServer (BaseHttpServer.java:<init>(189)) - HTTP server of hddsDatanode uses base directory /home/runner/work/ozone/ozone/hadoop-ozone/integration-test/target/test-dir/MiniOzoneClusterImpl-4ea98613-7ec2-40e8-bdf5-64593f2fdf96/ozone-meta/datanode-1/meta/webserver
2024-09-10 16:46:21,885 [main] INFO  http.HttpServer2 (HttpServer2.java:bindListener(1235)) - Jetty bound to port 15168
2024-09-10 16:46:21,885 [main] INFO  server.Server (Server.java:doStart(375)) - jetty-9.4.56.v20240826; built: 2024-08-26T17:15:05.868Z; git: ec6782ff5ead824dabdcf47fa98f90a4aedff401; jvm 17.0.12+7
2024-09-10 16:46:21,887 [main] INFO  server.session (DefaultSessionIdManager.java:doStart(334)) - DefaultSessionIdManager workerName=node0
2024-09-10 16:46:21,887 [main] INFO  server.session (DefaultSessionIdManager.java:doStart(339)) - No SessionScavenger set, using defaults
2024-09-10 16:46:21,887 [main] INFO  server.session (HouseKeeper.java:startScavenging(132)) - node0 Scavenging every 600000ms
2024-09-10 16:46:21,888 [main] INFO  handler.ContextHandler (ContextHandler.java:doStart(921)) - Started o.e.j.s.ServletContextHandler@6bd10b84{logs,/logs,file:///home/runner/work/ozone/ozone/hadoop-ozone/integration-test/target/log,AVAILABLE}
2024-09-10 16:46:21,888 [main] INFO  handler.ContextHandler (ContextHandler.java:doStart(921)) - Started o.e.j.s.ServletContextHandler@2568bffc{static,/static,jar:file:/home/runner/work/ozone/ozone/hadoop-hdds/container-service/target/hdds-container-service-1.5.0-SNAPSHOT.jar!/webapps/static,AVAILABLE}
2024-09-10 16:46:22,090 [main] INFO  handler.ContextHandler (ContextHandler.java:doStart(921)) - Started o.e.j.w.WebAppContext@36cba188{hddsDatanode,/,file:///home/runner/work/ozone/ozone/hadoop-ozone/integration-test/target/test-dir/MiniOzoneClusterImpl-4ea98613-7ec2-40e8-bdf5-64593f2fdf96/ozone-meta/datanode-1/meta/webserver/jetty-0_0_0_0-15168-hdds-container-service-1_5_0-SNAPSHOT_jar-_-any-13987248012976951566/webapp/,AVAILABLE}{jar:file:/home/runner/work/ozone/ozone/hadoop-hdds/container-service/target/hdds-container-service-1.5.0-SNAPSHOT.jar!/webapps/hddsDatanode}
2024-09-10 16:46:22,091 [main] INFO  server.AbstractConnector (AbstractConnector.java:doStart(333)) - Started ServerConnector@5d8be063{HTTP/1.1, (http/1.1)}{0.0.0.0:15168}
2024-09-10 16:46:22,091 [main] INFO  server.Server (Server.java:doStart(415)) - Started @121452ms
2024-09-10 16:46:22,091 [main] WARN  impl.MetricsSystemImpl (MetricsSystemImpl.java:register(279)) - Sink prometheus already exists!
2024-09-10 16:46:22,092 [main] INFO  http.BaseHttpServer (BaseHttpServer.java:updateConnectorAddress(354)) - HTTP server of hddsDatanode listening at http://0.0.0.0:15168
2024-09-10 16:46:22,092 [main] INFO  ipc.CallQueueManager (CallQueueManager.java:<init>(90)) - Using callQueue: class java.util.concurrent.LinkedBlockingQueue, queueCapacity: 1000, scheduler: class org.apache.hadoop.ipc.DefaultRpcScheduler, ipcBackoff: false.
2024-09-10 16:46:22,092 [main] INFO  ipc.Server (Server.java:<init>(1287)) - Listener at 0.0.0.0:15169
2024-09-10 16:46:22,093 [Socket Reader #1 for port 15169] INFO  ipc.Server (Server.java:run(1323)) - Starting Socket Reader #1 for port 15169
2024-09-10 16:46:22,093 [Socket Reader #2 for port 15169] INFO  ipc.Server (Server.java:run(1323)) - Starting Socket Reader #2 for port 15169
2024-09-10 16:46:22,093 [Socket Reader #3 for port 15169] INFO  ipc.Server (Server.java:run(1323)) - Starting Socket Reader #3 for port 15169
2024-09-10 16:46:22,094 [Socket Reader #4 for port 15169] INFO  ipc.Server (Server.java:run(1323)) - Starting Socket Reader #4 for port 15169
2024-09-10 16:46:22,094 [Socket Reader #5 for port 15169] INFO  ipc.Server (Server.java:run(1323)) - Starting Socket Reader #5 for port 15169
2024-09-10 16:46:22,094 [Socket Reader #6 for port 15169] INFO  ipc.Server (Server.java:run(1323)) - Starting Socket Reader #6 for port 15169
2024-09-10 16:46:22,094 [Socket Reader #7 for port 15169] INFO  ipc.Server (Server.java:run(1323)) - Starting Socket Reader #7 for port 15169
2024-09-10 16:46:22,094 [Socket Reader #8 for port 15169] INFO  ipc.Server (Server.java:run(1323)) - Starting Socket Reader #8 for port 15169
2024-09-10 16:46:22,094 [Socket Reader #9 for port 15169] INFO  ipc.Server (Server.java:run(1323)) - Starting Socket Reader #9 for port 15169
2024-09-10 16:46:22,095 [Socket Reader #10 for port 15169] INFO  ipc.Server (Server.java:run(1323)) - Starting Socket Reader #10 for port 15169
2024-09-10 16:46:22,096 [main] INFO  ozone.HddsDatanodeService (HddsDatanodeService.java:start(319)) - Datanode start with admins: [runner]
2024-09-10 16:46:22,097 [main] INFO  ozone.HddsDatanodeClientProtocolServer (HddsDatanodeClientProtocolServer.java:start(79)) - RPC server for Client /0.0.0.0:15169
2024-09-10 16:46:22,097 [IPC Server Responder] INFO  ipc.Server (Server.java:run(1562)) - IPC Server Responder: starting
2024-09-10 16:46:22,097 [IPC Server listener on 15169] INFO  ipc.Server (Server.java:run(1402)) - IPC Server listener on 15169: starting
2024-09-10 16:46:22,098 [main] WARN  dropwizard3.Dm3MetricRegistriesImpl (Dm3MetricRegistriesImpl.java:addReporterRegistration(114)) - New reporters are added after registries were created. Some metrics will be missing from the reporter. Please add reporter before adding any new registry.
2024-09-10 16:46:22,098 [main] WARN  dropwizard3.Dm3MetricRegistriesImpl (Dm3MetricRegistriesImpl.java:addReporterRegistration(114)) - New reporters are added after registries were created. Some metrics will be missing from the reporter. Please add reporter before adding any new registry.
2024-09-10 16:46:22,098 [main] INFO  impl.MetricsSystemImpl (MetricsSystemImpl.java:init(158)) - HddsDatanode metrics system started (again)
2024-09-10 16:46:22,099 [e5502358-b128-4a46-b87d-f44ed006f965-DatanodeStateMachineDaemonThread] INFO  statemachine.DatanodeStateMachine (DatanodeStateMachine.java:startStateMachineThread(337)) - Ozone container server started.
2024-09-10 16:46:22,108 [e5502358-b128-4a46-b87d-f44ed006f965-DatanodeStateMachineTaskThread-0] INFO  datanode.InitDatanodeState (InitDatanodeState.java:persistContainerDatanodeDetails(139)) - DatanodeDetails is persisted to /home/runner/work/ozone/ozone/hadoop-ozone/integration-test/target/test-dir/MiniOzoneClusterImpl-4ea98613-7ec2-40e8-bdf5-64593f2fdf96/ozone-meta/datanode-1/meta/datanode.id
2024-09-10 16:46:22,109 [main] INFO  ozone.HddsDatanodeService (HddsDatanodeService.java:start(235)) - HddsDatanodeService host:fv-az1492-488.ogi1bwjwhrgedewjzlxt1givkg.dx.internal.cloudapp.net ip:10.1.0.21
2024-09-10 16:46:22,111 [main] INFO  upgrade.AbstractLayoutVersionManager (AbstractLayoutVersionManager.java:init(83)) - Initializing Layout version manager with metadata layout = HBASE_SUPPORT (version = 8), software layout = HBASE_SUPPORT (version = 8)
2024-09-10 16:46:22,111 [main] INFO  statemachine.DatanodeStateMachine (DatanodeStateMachine.java:getEndPointTaskThreadPoolSize(294)) - Datanode State Machine Task Thread Pool size 2
2024-09-10 16:46:22,112 [main] INFO  volume.HddsVolume (HddsVolume.java:<init>(127)) - Creating HddsVolume: /home/runner/work/ozone/ozone/hadoop-ozone/integration-test/target/test-dir/MiniOzoneClusterImpl-4ea98613-7ec2-40e8-bdf5-64593f2fdf96/ozone-meta/datanode-2/data-0/hdds of storage type : DISK capacity : 9222449699674390527
2024-09-10 16:46:22,112 [main] INFO  volume.MutableVolumeSet (MutableVolumeSet.java:initializeVolumeSet(173)) - Added Volume : /home/runner/work/ozone/ozone/hadoop-ozone/integration-test/target/test-dir/MiniOzoneClusterImpl-4ea98613-7ec2-40e8-bdf5-64593f2fdf96/ozone-meta/datanode-2/data-0/hdds to VolumeSet
2024-09-10 16:46:22,113 [main] INFO  volume.MutableVolumeSet (MutableVolumeSet.java:initializeVolumeSet(173)) - Added Volume : /home/runner/work/ozone/ozone/hadoop-ozone/integration-test/target/test-dir/MiniOzoneClusterImpl-4ea98613-7ec2-40e8-bdf5-64593f2fdf96/ozone-meta/datanode-2/ratis to VolumeSet
2024-09-10 16:46:22,113 [main] INFO  ozoneimpl.OzoneContainer (HddsVolumeUtil.java:loadAllHddsVolumeDbStore(103)) - Load 1 volumes DbStore cost: 0ms
2024-09-10 16:46:22,114 [main] INFO  impl.FilePerChunkStrategy (FilePerChunkStrategy.java:<init>(84)) - ozone.chunk.read.mapped.buffer.max.count is load with 0
2024-09-10 16:46:22,114 [main] INFO  impl.FilePerBlockStrategy (FilePerBlockStrategy.java:<init>(91)) - ozone.chunk.read.mapped.buffer.max.count is load with 0
2024-09-10 16:46:22,115 [main] INFO  server.RaftServerConfigKeys (ConfUtils.java:logGet(46)) - raft.server.log.appender.buffer.byte-limit = 33554432 (custom)
2024-09-10 16:46:22,115 [main] INFO  server.RaftServer (ConfUtils.java:logGet(46)) - raft.rpc.type = GRPC (default)
2024-09-10 16:46:22,115 [main] INFO  grpc.GrpcConfigKeys (ConfUtils.java:logFallback(53)) - raft.grpc.admin.host = null (fallback to raft.grpc.server.host)
2024-09-10 16:46:22,115 [main] INFO  grpc.GrpcConfigKeys (ConfUtils.java:logGet(46)) - raft.grpc.admin.port = 15180 (custom)
2024-09-10 16:46:22,116 [main] INFO  grpc.GrpcConfigKeys (ConfUtils.java:logFallback(53)) - raft.grpc.client.host = null (fallback to raft.grpc.server.host)
2024-09-10 16:46:22,116 [main] INFO  grpc.GrpcConfigKeys (ConfUtils.java:logGet(46)) - raft.grpc.client.port = 15180 (custom)
2024-09-10 16:46:22,116 [main] INFO  grpc.GrpcConfigKeys (ConfUtils.java:logGet(46)) - raft.grpc.server.host = null (default)
2024-09-10 16:46:22,116 [main] INFO  grpc.GrpcConfigKeys (ConfUtils.java:logGet(46)) - raft.grpc.server.port = 15180 (custom)
2024-09-10 16:46:22,116 [main] INFO  server.GrpcService (ConfUtils.java:logGet(46)) - raft.grpc.message.size.max = 34603008 (custom)
2024-09-10 16:46:22,116 [main] INFO  server.RaftServerConfigKeys (ConfUtils.java:logGet(46)) - raft.server.log.appender.buffer.byte-limit = 33554432 (custom)
2024-09-10 16:46:22,116 [main] INFO  server.GrpcService (ConfUtils.java:logGet(46)) - raft.grpc.flow.control.window = 5MB (=5242880) (custom)
2024-09-10 16:46:22,117 [main] INFO  server.RaftServerConfigKeys (ConfUtils.java:logGet(46)) - raft.server.rpc.request.timeout = 3000ms (default)
2024-09-10 16:46:22,117 [main] INFO  grpc.GrpcConfigKeys (ConfUtils.java:logGet(46)) - raft.grpc.server.heartbeat.channel = true (default)
2024-09-10 16:46:22,117 [main] INFO  grpc.GrpcConfigKeys (ConfUtils.java:logGet(46)) - raft.grpc.server.async.request.thread.pool.cached = true (default)
2024-09-10 16:46:22,117 [main] INFO  grpc.GrpcConfigKeys (ConfUtils.java:logGet(46)) - raft.grpc.server.async.request.thread.pool.size = 32 (default)
2024-09-10 16:46:22,118 [main] INFO  impl.DataStreamServerImpl (ConfUtils.java:logGet(46)) - raft.datastream.type = NETTY (custom)
2024-09-10 16:46:22,118 [main] INFO  server.RaftServerConfigKeys (ConfUtils.java:logGet(46)) - raft.server.data-stream.async.request.thread.pool.cached = false (default)
2024-09-10 16:46:22,118 [main] INFO  server.RaftServerConfigKeys (ConfUtils.java:logGet(46)) - raft.server.data-stream.async.request.thread.pool.size = 20 (custom)
2024-09-10 16:46:22,118 [main] INFO  server.RaftServerConfigKeys (ConfUtils.java:logGet(46)) - raft.server.data-stream.async.write.thread.pool.size = 16 (default)
2024-09-10 16:46:22,119 [main] INFO  netty.NettyConfigKeys$DataStream (ConfUtils.java:logGet(46)) - raft.netty.dataStream.server.channel.inactive.grace-period = 10min (default)
2024-09-10 16:46:22,119 [main] INFO  server.RaftServerConfigKeys (ConfUtils.java:logGet(46)) - raft.server.data-stream.client.pool.size = 10 (default)
2024-09-10 16:46:22,119 [main] INFO  netty.NettyConfigKeys$DataStream (ConfUtils.java:logGet(46)) - raft.netty.dataStream.server.use-epoll = true (default)
2024-09-10 16:46:22,119 [main] INFO  netty.NettyConfigKeys$DataStream (ConfUtils.java:logGet(46)) - raft.netty.dataStream.server.boss-group.size = 0 (default)
2024-09-10 16:46:22,119 [main] INFO  netty.NettyUtils (NettyUtils.java:newEventLoopGroup(74)) - Create EpollEventLoopGroup for 2330440b-2504-4263-b461-07f8c416a88f-NettyServerStreamRpc-bossGroup; Thread size is 0.
2024-09-10 16:46:22,119 [main] INFO  netty.NettyConfigKeys$DataStream (ConfUtils.java:logGet(46)) - raft.netty.dataStream.server.worker-group.size = 0 (default)
2024-09-10 16:46:22,120 [main] INFO  netty.NettyUtils (NettyUtils.java:newEventLoopGroup(74)) - Create EpollEventLoopGroup for 2330440b-2504-4263-b461-07f8c416a88f-NettyServerStreamRpc-workerGroup; Thread size is 0.
2024-09-10 16:46:22,120 [main] INFO  netty.NettyConfigKeys$DataStream (ConfUtils.java:logGet(46)) - raft.netty.dataStream.server.tls.conf = null (default)
2024-09-10 16:46:22,120 [main] INFO  netty.NettyConfigKeys$DataStream (ConfUtils.java:logGet(46)) - raft.netty.dataStream.host = null (default)
2024-09-10 16:46:22,120 [main] INFO  netty.NettyConfigKeys$DataStream (ConfUtils.java:logGet(46)) - raft.netty.dataStream.port = 15183 (custom)
2024-09-10 16:46:22,121 [main] INFO  server.RaftServerConfigKeys (ConfUtils.java:logGet(46)) - raft.server.sleep.deviation.threshold = 300ms (default)
2024-09-10 16:46:22,121 [main] INFO  server.RaftServerConfigKeys (ConfUtils.java:logGet(46)) - raft.server.close.threshold = 60s (default)
2024-09-10 16:46:22,121 [main] INFO  server.RaftServerConfigKeys (ConfUtils.java:logGet(46)) - raft.server.leaderelection.leader.step-down.wait-time = 10s (default)
2024-09-10 16:46:22,121 [2330440b-2504-4263-b461-07f8c416a88f-NettyServerStreamRpc-bossGroup--thread1] INFO  logging.LoggingHandler (AbstractInternalLogger.java:log(148)) - [id: 0x577a8e85] REGISTERED
2024-09-10 16:46:22,121 [main] INFO  server.RaftServerConfigKeys (ConfUtils.java:logGet(46)) - raft.server.storage.dir = [/home/runner/work/ozone/ozone/hadoop-ozone/integration-test/target/test-dir/MiniOzoneClusterImpl-4ea98613-7ec2-40e8-bdf5-64593f2fdf96/ozone-meta/datanode-2/ratis] (custom)
2024-09-10 16:46:22,121 [2330440b-2504-4263-b461-07f8c416a88f-NettyServerStreamRpc-bossGroup--thread1] INFO  logging.LoggingHandler (AbstractInternalLogger.java:log(148)) - [id: 0x577a8e85] BIND: 0.0.0.0/0.0.0.0:15183
2024-09-10 16:46:22,122 [main] INFO  server.RaftServerConfigKeys (ConfUtils.java:logGet(46)) - raft.server.threadpool.proxy.cached = true (default)
2024-09-10 16:46:22,122 [2330440b-2504-4263-b461-07f8c416a88f-NettyServerStreamRpc-bossGroup--thread1] INFO  logging.LoggingHandler (AbstractInternalLogger.java:log(148)) - [id: 0x577a8e85, L:/0.0.0.0:15183] ACTIVE
2024-09-10 16:46:22,122 [main] INFO  server.RaftServerConfigKeys (ConfUtils.java:logGet(46)) - raft.server.threadpool.proxy.size = 0 (default)
2024-09-10 16:46:22,122 [2330440b-2504-4263-b461-07f8c416a88f-impl-thread1] INFO  server.RaftServer (RaftServerProxy.java:initGroupDir(266)) - 2330440b-2504-4263-b461-07f8c416a88f: found a subdirectory /home/runner/work/ozone/ozone/hadoop-ozone/integration-test/target/test-dir/MiniOzoneClusterImpl-4ea98613-7ec2-40e8-bdf5-64593f2fdf96/ozone-meta/datanode-2/ratis/tmp
2024-09-10 16:46:22,122 [2330440b-2504-4263-b461-07f8c416a88f-impl-thread1] INFO  server.RaftServer (RaftServerProxy.java:initGroupDir(271)) - 2330440b-2504-4263-b461-07f8c416a88f: The directory /home/runner/work/ozone/ozone/hadoop-ozone/integration-test/target/test-dir/MiniOzoneClusterImpl-4ea98613-7ec2-40e8-bdf5-64593f2fdf96/ozone-meta/datanode-2/ratis/tmp is not a group directory; ignoring it. 
2024-09-10 16:46:22,122 [main] INFO  replication.ReplicationServer (ReplicationServer.java:<init>(86)) - Initializing replication server with thread count = 10 queue length = 4096
2024-09-10 16:46:22,123 [main] INFO  server.XceiverServerGrpc (XceiverServerGrpc.java:<init>(141)) - GrpcServer channel type EpollServerSocketChannel
2024-09-10 16:46:22,124 [main] INFO  replication.ReplicationSupervisor (ReplicationSupervisor.java:build(157)) - Initializing replication supervisor with thread count = 10
2024-09-10 16:46:22,125 [main] INFO  replication.ReplicationSupervisor (ReplicationSupervisor.java:nodeStateUpdated(312)) - Node state updated to IN_SERVICE, scaling executor pool size to 10
2024-09-10 16:46:22,126 [main] INFO  http.BaseHttpServer (BaseHttpServer.java:newHttpServer2BuilderForOzone(223)) - Starting Web-server for hddsDatanode at: http://0.0.0.0:15177
2024-09-10 16:46:22,127 [main] INFO  http.BaseHttpServer (BaseHttpServer.java:<init>(110)) - Hadoop Security Enabled: false Ozone Security Enabled: false Ozone HTTP Security Enabled: false 
2024-09-10 16:46:22,128 [main] WARN  server.AuthenticationFilter (AuthenticationFilter.java:constructSecretProvider(240)) - Unable to initialize FileSignerSecretProvider, falling back to use random secrets. Reason: Could not read signature secret file: /home/runner/hadoop-http-auth-signature-secret
2024-09-10 16:46:22,128 [main] INFO  http.HttpRequestLog (HttpRequestLog.java:getRequestLog(86)) - Http request log for http.requests.hddsDatanode is not defined
2024-09-10 16:46:22,129 [main] INFO  http.HttpServer2 (HttpServer2.java:addGlobalFilter(1035)) - Added global filter 'safety' (class=org.apache.hadoop.hdds.server.http.HttpServer2$QuotingInputFilter)
2024-09-10 16:46:22,130 [main] INFO  http.HttpServer2 (HttpServer2.java:addFilter(1011)) - Added filter static_user_filter (class=org.apache.hadoop.http.lib.StaticUserWebFilter$StaticUserFilter) to context hddsDatanode
2024-09-10 16:46:22,130 [main] INFO  http.HttpServer2 (HttpServer2.java:addFilter(1019)) - Added filter static_user_filter (class=org.apache.hadoop.http.lib.StaticUserWebFilter$StaticUserFilter) to context static
2024-09-10 16:46:22,130 [main] INFO  http.HttpServer2 (HttpServer2.java:addFilter(1019)) - Added filter static_user_filter (class=org.apache.hadoop.http.lib.StaticUserWebFilter$StaticUserFilter) to context logs
2024-09-10 16:46:22,130 [main] INFO  http.BaseHttpServer (BaseHttpServer.java:<init>(189)) - HTTP server of hddsDatanode uses base directory /home/runner/work/ozone/ozone/hadoop-ozone/integration-test/target/test-dir/MiniOzoneClusterImpl-4ea98613-7ec2-40e8-bdf5-64593f2fdf96/ozone-meta/datanode-2/meta/webserver
2024-09-10 16:46:22,131 [main] INFO  http.HttpServer2 (HttpServer2.java:bindListener(1235)) - Jetty bound to port 15177
2024-09-10 16:46:22,131 [main] INFO  server.Server (Server.java:doStart(375)) - jetty-9.4.56.v20240826; built: 2024-08-26T17:15:05.868Z; git: ec6782ff5ead824dabdcf47fa98f90a4aedff401; jvm 17.0.12+7
2024-09-10 16:46:22,132 [main] INFO  server.session (DefaultSessionIdManager.java:doStart(334)) - DefaultSessionIdManager workerName=node0
2024-09-10 16:46:22,132 [main] INFO  server.session (DefaultSessionIdManager.java:doStart(339)) - No SessionScavenger set, using defaults
2024-09-10 16:46:22,132 [main] INFO  server.session (HouseKeeper.java:startScavenging(132)) - node0 Scavenging every 660000ms
2024-09-10 16:46:22,133 [main] INFO  handler.ContextHandler (ContextHandler.java:doStart(921)) - Started o.e.j.s.ServletContextHandler@3c81b47e{logs,/logs,file:///home/runner/work/ozone/ozone/hadoop-ozone/integration-test/target/log,AVAILABLE}
2024-09-10 16:46:22,133 [main] INFO  handler.ContextHandler (ContextHandler.java:doStart(921)) - Started o.e.j.s.ServletContextHandler@459606bd{static,/static,jar:file:/home/runner/work/ozone/ozone/hadoop-hdds/container-service/target/hdds-container-service-1.5.0-SNAPSHOT.jar!/webapps/static,AVAILABLE}
2024-09-10 16:46:22,326 [main] INFO  handler.ContextHandler (ContextHandler.java:doStart(921)) - Started o.e.j.w.WebAppContext@f437753{hddsDatanode,/,file:///home/runner/work/ozone/ozone/hadoop-ozone/integration-test/target/test-dir/MiniOzoneClusterImpl-4ea98613-7ec2-40e8-bdf5-64593f2fdf96/ozone-meta/datanode-2/meta/webserver/jetty-0_0_0_0-15177-hdds-container-service-1_5_0-SNAPSHOT_jar-_-any-11150034741869819243/webapp/,AVAILABLE}{jar:file:/home/runner/work/ozone/ozone/hadoop-hdds/container-service/target/hdds-container-service-1.5.0-SNAPSHOT.jar!/webapps/hddsDatanode}
2024-09-10 16:46:22,326 [main] INFO  server.AbstractConnector (AbstractConnector.java:doStart(333)) - Started ServerConnector@6b6a3486{HTTP/1.1, (http/1.1)}{0.0.0.0:15177}
2024-09-10 16:46:22,326 [main] INFO  server.Server (Server.java:doStart(415)) - Started @121687ms
2024-09-10 16:46:22,326 [main] WARN  impl.MetricsSystemImpl (MetricsSystemImpl.java:register(279)) - Sink prometheus already exists!
2024-09-10 16:46:22,327 [main] INFO  http.BaseHttpServer (BaseHttpServer.java:updateConnectorAddress(354)) - HTTP server of hddsDatanode listening at http://0.0.0.0:15177
2024-09-10 16:46:22,327 [main] INFO  ipc.CallQueueManager (CallQueueManager.java:<init>(90)) - Using callQueue: class java.util.concurrent.LinkedBlockingQueue, queueCapacity: 1000, scheduler: class org.apache.hadoop.ipc.DefaultRpcScheduler, ipcBackoff: false.
2024-09-10 16:46:22,327 [main] INFO  ipc.Server (Server.java:<init>(1287)) - Listener at 0.0.0.0:15178
2024-09-10 16:46:22,328 [Socket Reader #1 for port 15178] INFO  ipc.Server (Server.java:run(1323)) - Starting Socket Reader #1 for port 15178
2024-09-10 16:46:22,328 [Socket Reader #2 for port 15178] INFO  ipc.Server (Server.java:run(1323)) - Starting Socket Reader #2 for port 15178
2024-09-10 16:46:22,328 [Socket Reader #3 for port 15178] INFO  ipc.Server (Server.java:run(1323)) - Starting Socket Reader #3 for port 15178
2024-09-10 16:46:22,329 [Socket Reader #4 for port 15178] INFO  ipc.Server (Server.java:run(1323)) - Starting Socket Reader #4 for port 15178
2024-09-10 16:46:22,329 [Socket Reader #6 for port 15178] INFO  ipc.Server (Server.java:run(1323)) - Starting Socket Reader #6 for port 15178
2024-09-10 16:46:22,329 [Socket Reader #7 for port 15178] INFO  ipc.Server (Server.java:run(1323)) - Starting Socket Reader #7 for port 15178
2024-09-10 16:46:22,329 [Socket Reader #8 for port 15178] INFO  ipc.Server (Server.java:run(1323)) - Starting Socket Reader #8 for port 15178
2024-09-10 16:46:22,330 [Socket Reader #9 for port 15178] INFO  ipc.Server (Server.java:run(1323)) - Starting Socket Reader #9 for port 15178
2024-09-10 16:46:22,330 [Socket Reader #5 for port 15178] INFO  ipc.Server (Server.java:run(1323)) - Starting Socket Reader #5 for port 15178
2024-09-10 16:46:22,330 [Socket Reader #10 for port 15178] INFO  ipc.Server (Server.java:run(1323)) - Starting Socket Reader #10 for port 15178
2024-09-10 16:46:22,331 [main] INFO  ozone.HddsDatanodeService (HddsDatanodeService.java:start(319)) - Datanode start with admins: [runner]
2024-09-10 16:46:22,331 [main] INFO  ozone.HddsDatanodeClientProtocolServer (HddsDatanodeClientProtocolServer.java:start(79)) - RPC server for Client /0.0.0.0:15178
2024-09-10 16:46:22,331 [IPC Server Responder] INFO  ipc.Server (Server.java:run(1562)) - IPC Server Responder: starting
2024-09-10 16:46:22,331 [IPC Server listener on 15178] INFO  ipc.Server (Server.java:run(1402)) - IPC Server listener on 15178: starting
2024-09-10 16:46:22,333 [main] WARN  dropwizard3.Dm3MetricRegistriesImpl (Dm3MetricRegistriesImpl.java:addReporterRegistration(114)) - New reporters are added after registries were created. Some metrics will be missing from the reporter. Please add reporter before adding any new registry.
2024-09-10 16:46:22,333 [main] WARN  dropwizard3.Dm3MetricRegistriesImpl (Dm3MetricRegistriesImpl.java:addReporterRegistration(114)) - New reporters are added after registries were created. Some metrics will be missing from the reporter. Please add reporter before adding any new registry.
2024-09-10 16:46:22,333 [main] INFO  impl.MetricsSystemImpl (MetricsSystemImpl.java:init(158)) - HddsDatanode metrics system started (again)
2024-09-10 16:46:22,336 [2330440b-2504-4263-b461-07f8c416a88f-DatanodeStateMachineDaemonThread] INFO  statemachine.DatanodeStateMachine (DatanodeStateMachine.java:startStateMachineThread(337)) - Ozone container server started.
2024-09-10 16:46:22,338 [2330440b-2504-4263-b461-07f8c416a88f-DatanodeStateMachineTaskThread-0] INFO  datanode.InitDatanodeState (InitDatanodeState.java:persistContainerDatanodeDetails(139)) - DatanodeDetails is persisted to /home/runner/work/ozone/ozone/hadoop-ozone/integration-test/target/test-dir/MiniOzoneClusterImpl-4ea98613-7ec2-40e8-bdf5-64593f2fdf96/ozone-meta/datanode-2/meta/datanode.id
2024-09-10 16:46:22,342 [main] INFO  ozone.HddsDatanodeService (HddsDatanodeService.java:start(235)) - HddsDatanodeService host:fv-az1492-488.ogi1bwjwhrgedewjzlxt1givkg.dx.internal.cloudapp.net ip:10.1.0.21
2024-09-10 16:46:22,344 [main] INFO  upgrade.AbstractLayoutVersionManager (AbstractLayoutVersionManager.java:init(83)) - Initializing Layout version manager with metadata layout = HBASE_SUPPORT (version = 8), software layout = HBASE_SUPPORT (version = 8)
2024-09-10 16:46:22,344 [main] INFO  statemachine.DatanodeStateMachine (DatanodeStateMachine.java:getEndPointTaskThreadPoolSize(294)) - Datanode State Machine Task Thread Pool size 2
2024-09-10 16:46:22,345 [main] INFO  volume.HddsVolume (HddsVolume.java:<init>(127)) - Creating HddsVolume: /home/runner/work/ozone/ozone/hadoop-ozone/integration-test/target/test-dir/MiniOzoneClusterImpl-4ea98613-7ec2-40e8-bdf5-64593f2fdf96/ozone-meta/datanode-3/data-0/hdds of storage type : DISK capacity : 9222449699674390527
2024-09-10 16:46:22,345 [main] INFO  volume.MutableVolumeSet (MutableVolumeSet.java:initializeVolumeSet(173)) - Added Volume : /home/runner/work/ozone/ozone/hadoop-ozone/integration-test/target/test-dir/MiniOzoneClusterImpl-4ea98613-7ec2-40e8-bdf5-64593f2fdf96/ozone-meta/datanode-3/data-0/hdds to VolumeSet
2024-09-10 16:46:22,346 [main] INFO  volume.MutableVolumeSet (MutableVolumeSet.java:initializeVolumeSet(173)) - Added Volume : /home/runner/work/ozone/ozone/hadoop-ozone/integration-test/target/test-dir/MiniOzoneClusterImpl-4ea98613-7ec2-40e8-bdf5-64593f2fdf96/ozone-meta/datanode-3/ratis to VolumeSet
2024-09-10 16:46:22,346 [main] INFO  ozoneimpl.OzoneContainer (HddsVolumeUtil.java:loadAllHddsVolumeDbStore(103)) - Load 1 volumes DbStore cost: 0ms
2024-09-10 16:46:22,347 [main] INFO  impl.FilePerChunkStrategy (FilePerChunkStrategy.java:<init>(84)) - ozone.chunk.read.mapped.buffer.max.count is load with 0
2024-09-10 16:46:22,347 [main] INFO  impl.FilePerBlockStrategy (FilePerBlockStrategy.java:<init>(91)) - ozone.chunk.read.mapped.buffer.max.count is load with 0
2024-09-10 16:46:22,347 [main] INFO  server.RaftServerConfigKeys (ConfUtils.java:logGet(46)) - raft.server.log.appender.buffer.byte-limit = 33554432 (custom)
2024-09-10 16:46:22,348 [main] INFO  server.RaftServer (ConfUtils.java:logGet(46)) - raft.rpc.type = GRPC (default)
2024-09-10 16:46:22,348 [main] INFO  grpc.GrpcConfigKeys (ConfUtils.java:logFallback(53)) - raft.grpc.admin.host = null (fallback to raft.grpc.server.host)
2024-09-10 16:46:22,348 [main] INFO  grpc.GrpcConfigKeys (ConfUtils.java:logGet(46)) - raft.grpc.admin.port = 15189 (custom)
2024-09-10 16:46:22,348 [main] INFO  grpc.GrpcConfigKeys (ConfUtils.java:logFallback(53)) - raft.grpc.client.host = null (fallback to raft.grpc.server.host)
2024-09-10 16:46:22,348 [main] INFO  grpc.GrpcConfigKeys (ConfUtils.java:logGet(46)) - raft.grpc.client.port = 15189 (custom)
2024-09-10 16:46:22,349 [main] INFO  grpc.GrpcConfigKeys (ConfUtils.java:logGet(46)) - raft.grpc.server.host = null (default)
2024-09-10 16:46:22,349 [main] INFO  grpc.GrpcConfigKeys (ConfUtils.java:logGet(46)) - raft.grpc.server.port = 15189 (custom)
2024-09-10 16:46:22,349 [main] INFO  server.GrpcService (ConfUtils.java:logGet(46)) - raft.grpc.message.size.max = 34603008 (custom)
2024-09-10 16:46:22,349 [main] INFO  server.RaftServerConfigKeys (ConfUtils.java:logGet(46)) - raft.server.log.appender.buffer.byte-limit = 33554432 (custom)
2024-09-10 16:46:22,349 [main] INFO  server.GrpcService (ConfUtils.java:logGet(46)) - raft.grpc.flow.control.window = 5MB (=5242880) (custom)
2024-09-10 16:46:22,349 [main] INFO  server.RaftServerConfigKeys (ConfUtils.java:logGet(46)) - raft.server.rpc.request.timeout = 3000ms (default)
2024-09-10 16:46:22,349 [main] INFO  grpc.GrpcConfigKeys (ConfUtils.java:logGet(46)) - raft.grpc.server.heartbeat.channel = true (default)
2024-09-10 16:46:22,349 [main] INFO  grpc.GrpcConfigKeys (ConfUtils.java:logGet(46)) - raft.grpc.server.async.request.thread.pool.cached = true (default)
2024-09-10 16:46:22,349 [main] INFO  grpc.GrpcConfigKeys (ConfUtils.java:logGet(46)) - raft.grpc.server.async.request.thread.pool.size = 32 (default)
2024-09-10 16:46:22,350 [main] INFO  impl.DataStreamServerImpl (ConfUtils.java:logGet(46)) - raft.datastream.type = NETTY (custom)
2024-09-10 16:46:22,350 [main] INFO  server.RaftServerConfigKeys (ConfUtils.java:logGet(46)) - raft.server.data-stream.async.request.thread.pool.cached = false (default)
2024-09-10 16:46:22,351 [main] INFO  server.RaftServerConfigKeys (ConfUtils.java:logGet(46)) - raft.server.data-stream.async.request.thread.pool.size = 20 (custom)
2024-09-10 16:46:22,351 [main] INFO  server.RaftServerConfigKeys (ConfUtils.java:logGet(46)) - raft.server.data-stream.async.write.thread.pool.size = 16 (default)
2024-09-10 16:46:22,351 [main] INFO  netty.NettyConfigKeys$DataStream (ConfUtils.java:logGet(46)) - raft.netty.dataStream.server.channel.inactive.grace-period = 10min (default)
2024-09-10 16:46:22,351 [main] INFO  server.RaftServerConfigKeys (ConfUtils.java:logGet(46)) - raft.server.data-stream.client.pool.size = 10 (default)
2024-09-10 16:46:22,351 [main] INFO  netty.NettyConfigKeys$DataStream (ConfUtils.java:logGet(46)) - raft.netty.dataStream.server.use-epoll = true (default)
2024-09-10 16:46:22,351 [main] INFO  netty.NettyConfigKeys$DataStream (ConfUtils.java:logGet(46)) - raft.netty.dataStream.server.boss-group.size = 0 (default)
2024-09-10 16:46:22,351 [main] INFO  netty.NettyUtils (NettyUtils.java:newEventLoopGroup(74)) - Create EpollEventLoopGroup for f49a985e-efe9-405d-8922-13d0c1bb1d78-NettyServerStreamRpc-bossGroup; Thread size is 0.
2024-09-10 16:46:22,352 [main] INFO  netty.NettyConfigKeys$DataStream (ConfUtils.java:logGet(46)) - raft.netty.dataStream.server.worker-group.size = 0 (default)
2024-09-10 16:46:22,352 [main] INFO  netty.NettyUtils (NettyUtils.java:newEventLoopGroup(74)) - Create EpollEventLoopGroup for f49a985e-efe9-405d-8922-13d0c1bb1d78-NettyServerStreamRpc-workerGroup; Thread size is 0.
2024-09-10 16:46:22,352 [main] INFO  netty.NettyConfigKeys$DataStream (ConfUtils.java:logGet(46)) - raft.netty.dataStream.server.tls.conf = null (default)
2024-09-10 16:46:22,352 [main] INFO  netty.NettyConfigKeys$DataStream (ConfUtils.java:logGet(46)) - raft.netty.dataStream.host = null (default)
2024-09-10 16:46:22,352 [main] INFO  netty.NettyConfigKeys$DataStream (ConfUtils.java:logGet(46)) - raft.netty.dataStream.port = 15192 (custom)
2024-09-10 16:46:22,353 [main] INFO  server.RaftServerConfigKeys (ConfUtils.java:logGet(46)) - raft.server.sleep.deviation.threshold = 300ms (default)
2024-09-10 16:46:22,353 [main] INFO  server.RaftServerConfigKeys (ConfUtils.java:logGet(46)) - raft.server.close.threshold = 60s (default)
2024-09-10 16:46:22,353 [main] INFO  server.RaftServerConfigKeys (ConfUtils.java:logGet(46)) - raft.server.leaderelection.leader.step-down.wait-time = 10s (default)
2024-09-10 16:46:22,353 [main] INFO  server.RaftServerConfigKeys (ConfUtils.java:logGet(46)) - raft.server.storage.dir = [/home/runner/work/ozone/ozone/hadoop-ozone/integration-test/target/test-dir/MiniOzoneClusterImpl-4ea98613-7ec2-40e8-bdf5-64593f2fdf96/ozone-meta/datanode-3/ratis] (custom)
2024-09-10 16:46:22,353 [main] INFO  server.RaftServerConfigKeys (ConfUtils.java:logGet(46)) - raft.server.threadpool.proxy.cached = true (default)
2024-09-10 16:46:22,353 [main] INFO  server.RaftServerConfigKeys (ConfUtils.java:logGet(46)) - raft.server.threadpool.proxy.size = 0 (default)
2024-09-10 16:46:22,353 [f49a985e-efe9-405d-8922-13d0c1bb1d78-NettyServerStreamRpc-bossGroup--thread1] INFO  logging.LoggingHandler (AbstractInternalLogger.java:log(148)) - [id: 0xa15d8761] REGISTERED
2024-09-10 16:46:22,354 [f49a985e-efe9-405d-8922-13d0c1bb1d78-NettyServerStreamRpc-bossGroup--thread1] INFO  logging.LoggingHandler (AbstractInternalLogger.java:log(148)) - [id: 0xa15d8761] BIND: 0.0.0.0/0.0.0.0:15192
2024-09-10 16:46:22,354 [f49a985e-efe9-405d-8922-13d0c1bb1d78-NettyServerStreamRpc-bossGroup--thread1] INFO  logging.LoggingHandler (AbstractInternalLogger.java:log(148)) - [id: 0xa15d8761, L:/0.0.0.0:15192] ACTIVE
2024-09-10 16:46:22,354 [f49a985e-efe9-405d-8922-13d0c1bb1d78-impl-thread1] INFO  server.RaftServer (RaftServerProxy.java:initGroupDir(266)) - f49a985e-efe9-405d-8922-13d0c1bb1d78: found a subdirectory /home/runner/work/ozone/ozone/hadoop-ozone/integration-test/target/test-dir/MiniOzoneClusterImpl-4ea98613-7ec2-40e8-bdf5-64593f2fdf96/ozone-meta/datanode-3/ratis/tmp
2024-09-10 16:46:22,354 [f49a985e-efe9-405d-8922-13d0c1bb1d78-impl-thread1] INFO  server.RaftServer (RaftServerProxy.java:initGroupDir(271)) - f49a985e-efe9-405d-8922-13d0c1bb1d78: The directory /home/runner/work/ozone/ozone/hadoop-ozone/integration-test/target/test-dir/MiniOzoneClusterImpl-4ea98613-7ec2-40e8-bdf5-64593f2fdf96/ozone-meta/datanode-3/ratis/tmp is not a group directory; ignoring it. 
2024-09-10 16:46:22,355 [main] INFO  replication.ReplicationServer (ReplicationServer.java:<init>(86)) - Initializing replication server with thread count = 10 queue length = 4096
2024-09-10 16:46:22,355 [main] INFO  server.XceiverServerGrpc (XceiverServerGrpc.java:<init>(141)) - GrpcServer channel type EpollServerSocketChannel
2024-09-10 16:46:22,357 [main] INFO  replication.ReplicationSupervisor (ReplicationSupervisor.java:build(157)) - Initializing replication supervisor with thread count = 10
2024-09-10 16:46:22,357 [main] INFO  replication.ReplicationSupervisor (ReplicationSupervisor.java:nodeStateUpdated(312)) - Node state updated to IN_SERVICE, scaling executor pool size to 10
2024-09-10 16:46:22,359 [main] INFO  http.BaseHttpServer (BaseHttpServer.java:newHttpServer2BuilderForOzone(223)) - Starting Web-server for hddsDatanode at: http://0.0.0.0:15186
2024-09-10 16:46:22,359 [main] INFO  http.BaseHttpServer (BaseHttpServer.java:<init>(110)) - Hadoop Security Enabled: false Ozone Security Enabled: false Ozone HTTP Security Enabled: false 
2024-09-10 16:46:22,361 [main] WARN  server.AuthenticationFilter (AuthenticationFilter.java:constructSecretProvider(240)) - Unable to initialize FileSignerSecretProvider, falling back to use random secrets. Reason: Could not read signature secret file: /home/runner/hadoop-http-auth-signature-secret
2024-09-10 16:46:22,361 [main] INFO  http.HttpRequestLog (HttpRequestLog.java:getRequestLog(86)) - Http request log for http.requests.hddsDatanode is not defined
2024-09-10 16:46:22,362 [main] INFO  http.HttpServer2 (HttpServer2.java:addGlobalFilter(1035)) - Added global filter 'safety' (class=org.apache.hadoop.hdds.server.http.HttpServer2$QuotingInputFilter)
2024-09-10 16:46:22,363 [main] INFO  http.HttpServer2 (HttpServer2.java:addFilter(1011)) - Added filter static_user_filter (class=org.apache.hadoop.http.lib.StaticUserWebFilter$StaticUserFilter) to context hddsDatanode
2024-09-10 16:46:22,363 [main] INFO  http.HttpServer2 (HttpServer2.java:addFilter(1019)) - Added filter static_user_filter (class=org.apache.hadoop.http.lib.StaticUserWebFilter$StaticUserFilter) to context logs
2024-09-10 16:46:22,363 [main] INFO  http.HttpServer2 (HttpServer2.java:addFilter(1019)) - Added filter static_user_filter (class=org.apache.hadoop.http.lib.StaticUserWebFilter$StaticUserFilter) to context static
2024-09-10 16:46:22,364 [main] INFO  http.BaseHttpServer (BaseHttpServer.java:<init>(189)) - HTTP server of hddsDatanode uses base directory /home/runner/work/ozone/ozone/hadoop-ozone/integration-test/target/test-dir/MiniOzoneClusterImpl-4ea98613-7ec2-40e8-bdf5-64593f2fdf96/ozone-meta/datanode-3/meta/webserver
2024-09-10 16:46:22,364 [main] INFO  http.HttpServer2 (HttpServer2.java:bindListener(1235)) - Jetty bound to port 15186
2024-09-10 16:46:22,364 [main] INFO  server.Server (Server.java:doStart(375)) - jetty-9.4.56.v20240826; built: 2024-08-26T17:15:05.868Z; git: ec6782ff5ead824dabdcf47fa98f90a4aedff401; jvm 17.0.12+7
2024-09-10 16:46:22,366 [main] INFO  server.session (DefaultSessionIdManager.java:doStart(334)) - DefaultSessionIdManager workerName=node0
2024-09-10 16:46:22,366 [main] INFO  server.session (DefaultSessionIdManager.java:doStart(339)) - No SessionScavenger set, using defaults
2024-09-10 16:46:22,366 [main] INFO  server.session (HouseKeeper.java:startScavenging(132)) - node0 Scavenging every 660000ms
2024-09-10 16:46:22,366 [main] INFO  handler.ContextHandler (ContextHandler.java:doStart(921)) - Started o.e.j.s.ServletContextHandler@4d3abb20{logs,/logs,file:///home/runner/work/ozone/ozone/hadoop-ozone/integration-test/target/log,AVAILABLE}
2024-09-10 16:46:22,366 [main] INFO  handler.ContextHandler (ContextHandler.java:doStart(921)) - Started o.e.j.s.ServletContextHandler@707993c6{static,/static,jar:file:/home/runner/work/ozone/ozone/hadoop-hdds/container-service/target/hdds-container-service-1.5.0-SNAPSHOT.jar!/webapps/static,AVAILABLE}
2024-09-10 16:46:22,562 [main] INFO  handler.ContextHandler (ContextHandler.java:doStart(921)) - Started o.e.j.w.WebAppContext@2baa48e3{hddsDatanode,/,file:///home/runner/work/ozone/ozone/hadoop-ozone/integration-test/target/test-dir/MiniOzoneClusterImpl-4ea98613-7ec2-40e8-bdf5-64593f2fdf96/ozone-meta/datanode-3/meta/webserver/jetty-0_0_0_0-15186-hdds-container-service-1_5_0-SNAPSHOT_jar-_-any-11474290363947014427/webapp/,AVAILABLE}{jar:file:/home/runner/work/ozone/ozone/hadoop-hdds/container-service/target/hdds-container-service-1.5.0-SNAPSHOT.jar!/webapps/hddsDatanode}
2024-09-10 16:46:22,563 [main] INFO  server.AbstractConnector (AbstractConnector.java:doStart(333)) - Started ServerConnector@52351801{HTTP/1.1, (http/1.1)}{0.0.0.0:15186}
2024-09-10 16:46:22,563 [main] INFO  server.Server (Server.java:doStart(415)) - Started @121924ms
2024-09-10 16:46:22,563 [main] WARN  impl.MetricsSystemImpl (MetricsSystemImpl.java:register(279)) - Sink prometheus already exists!
2024-09-10 16:46:22,564 [main] INFO  http.BaseHttpServer (BaseHttpServer.java:updateConnectorAddress(354)) - HTTP server of hddsDatanode listening at http://0.0.0.0:15186
2024-09-10 16:46:22,564 [main] INFO  ipc.CallQueueManager (CallQueueManager.java:<init>(90)) - Using callQueue: class java.util.concurrent.LinkedBlockingQueue, queueCapacity: 1000, scheduler: class org.apache.hadoop.ipc.DefaultRpcScheduler, ipcBackoff: false.
2024-09-10 16:46:22,564 [main] INFO  ipc.Server (Server.java:<init>(1287)) - Listener at 0.0.0.0:15187
2024-09-10 16:46:22,565 [Socket Reader #1 for port 15187] INFO  ipc.Server (Server.java:run(1323)) - Starting Socket Reader #1 for port 15187
2024-09-10 16:46:22,565 [Socket Reader #2 for port 15187] INFO  ipc.Server (Server.java:run(1323)) - Starting Socket Reader #2 for port 15187
2024-09-10 16:46:22,565 [Socket Reader #3 for port 15187] INFO  ipc.Server (Server.java:run(1323)) - Starting Socket Reader #3 for port 15187
2024-09-10 16:46:22,565 [Socket Reader #4 for port 15187] INFO  ipc.Server (Server.java:run(1323)) - Starting Socket Reader #4 for port 15187
2024-09-10 16:46:22,566 [Socket Reader #5 for port 15187] INFO  ipc.Server (Server.java:run(1323)) - Starting Socket Reader #5 for port 15187
2024-09-10 16:46:22,566 [Socket Reader #6 for port 15187] INFO  ipc.Server (Server.java:run(1323)) - Starting Socket Reader #6 for port 15187
2024-09-10 16:46:22,566 [Socket Reader #7 for port 15187] INFO  ipc.Server (Server.java:run(1323)) - Starting Socket Reader #7 for port 15187
2024-09-10 16:46:22,566 [Socket Reader #8 for port 15187] INFO  ipc.Server (Server.java:run(1323)) - Starting Socket Reader #8 for port 15187
2024-09-10 16:46:22,566 [Socket Reader #9 for port 15187] INFO  ipc.Server (Server.java:run(1323)) - Starting Socket Reader #9 for port 15187
2024-09-10 16:46:22,566 [Socket Reader #10 for port 15187] INFO  ipc.Server (Server.java:run(1323)) - Starting Socket Reader #10 for port 15187
2024-09-10 16:46:22,568 [main] INFO  ozone.HddsDatanodeService (HddsDatanodeService.java:start(319)) - Datanode start with admins: [runner]
2024-09-10 16:46:22,568 [main] INFO  ozone.HddsDatanodeClientProtocolServer (HddsDatanodeClientProtocolServer.java:start(79)) - RPC server for Client /0.0.0.0:15187
2024-09-10 16:46:22,568 [IPC Server Responder] INFO  ipc.Server (Server.java:run(1562)) - IPC Server Responder: starting
2024-09-10 16:46:22,568 [IPC Server listener on 15187] INFO  ipc.Server (Server.java:run(1402)) - IPC Server listener on 15187: starting
2024-09-10 16:46:22,569 [main] WARN  dropwizard3.Dm3MetricRegistriesImpl (Dm3MetricRegistriesImpl.java:addReporterRegistration(114)) - New reporters are added after registries were created. Some metrics will be missing from the reporter. Please add reporter before adding any new registry.
2024-09-10 16:46:22,569 [main] WARN  dropwizard3.Dm3MetricRegistriesImpl (Dm3MetricRegistriesImpl.java:addReporterRegistration(114)) - New reporters are added after registries were created. Some metrics will be missing from the reporter. Please add reporter before adding any new registry.
2024-09-10 16:46:22,569 [main] INFO  impl.MetricsSystemImpl (MetricsSystemImpl.java:init(158)) - HddsDatanode metrics system started (again)
2024-09-10 16:46:22,570 [f49a985e-efe9-405d-8922-13d0c1bb1d78-DatanodeStateMachineDaemonThread] INFO  statemachine.DatanodeStateMachine (DatanodeStateMachine.java:startStateMachineThread(337)) - Ozone container server started.
2024-09-10 16:46:22,571 [f49a985e-efe9-405d-8922-13d0c1bb1d78-DatanodeStateMachineTaskThread-0] INFO  datanode.InitDatanodeState (InitDatanodeState.java:persistContainerDatanodeDetails(139)) - DatanodeDetails is persisted to /home/runner/work/ozone/ozone/hadoop-ozone/integration-test/target/test-dir/MiniOzoneClusterImpl-4ea98613-7ec2-40e8-bdf5-64593f2fdf96/ozone-meta/datanode-3/meta/datanode.id
2024-09-10 16:46:22,579 [main] INFO  ozone.HddsDatanodeService (HddsDatanodeService.java:start(235)) - HddsDatanodeService host:fv-az1492-488.ogi1bwjwhrgedewjzlxt1givkg.dx.internal.cloudapp.net ip:10.1.0.21
2024-09-10 16:46:22,581 [main] INFO  upgrade.AbstractLayoutVersionManager (AbstractLayoutVersionManager.java:init(83)) - Initializing Layout version manager with metadata layout = HBASE_SUPPORT (version = 8), software layout = HBASE_SUPPORT (version = 8)
2024-09-10 16:46:22,581 [main] INFO  statemachine.DatanodeStateMachine (DatanodeStateMachine.java:getEndPointTaskThreadPoolSize(294)) - Datanode State Machine Task Thread Pool size 2
2024-09-10 16:46:22,583 [main] INFO  volume.HddsVolume (HddsVolume.java:<init>(127)) - Creating HddsVolume: /home/runner/work/ozone/ozone/hadoop-ozone/integration-test/target/test-dir/MiniOzoneClusterImpl-4ea98613-7ec2-40e8-bdf5-64593f2fdf96/ozone-meta/datanode-4/data-0/hdds of storage type : DISK capacity : 9222449699674390527
2024-09-10 16:46:22,583 [main] INFO  volume.MutableVolumeSet (MutableVolumeSet.java:initializeVolumeSet(173)) - Added Volume : /home/runner/work/ozone/ozone/hadoop-ozone/integration-test/target/test-dir/MiniOzoneClusterImpl-4ea98613-7ec2-40e8-bdf5-64593f2fdf96/ozone-meta/datanode-4/data-0/hdds to VolumeSet
2024-09-10 16:46:22,583 [main] INFO  volume.MutableVolumeSet (MutableVolumeSet.java:initializeVolumeSet(173)) - Added Volume : /home/runner/work/ozone/ozone/hadoop-ozone/integration-test/target/test-dir/MiniOzoneClusterImpl-4ea98613-7ec2-40e8-bdf5-64593f2fdf96/ozone-meta/datanode-4/ratis to VolumeSet
2024-09-10 16:46:22,584 [main] INFO  ozoneimpl.OzoneContainer (HddsVolumeUtil.java:loadAllHddsVolumeDbStore(103)) - Load 1 volumes DbStore cost: 0ms
2024-09-10 16:46:22,584 [main] INFO  impl.FilePerChunkStrategy (FilePerChunkStrategy.java:<init>(84)) - ozone.chunk.read.mapped.buffer.max.count is load with 0
2024-09-10 16:46:22,585 [main] INFO  impl.FilePerBlockStrategy (FilePerBlockStrategy.java:<init>(91)) - ozone.chunk.read.mapped.buffer.max.count is load with 0
2024-09-10 16:46:22,585 [main] INFO  server.RaftServerConfigKeys (ConfUtils.java:logGet(46)) - raft.server.log.appender.buffer.byte-limit = 33554432 (custom)
2024-09-10 16:46:22,586 [main] INFO  server.RaftServer (ConfUtils.java:logGet(46)) - raft.rpc.type = GRPC (default)
2024-09-10 16:46:22,586 [main] INFO  grpc.GrpcConfigKeys (ConfUtils.java:logFallback(53)) - raft.grpc.admin.host = null (fallback to raft.grpc.server.host)
2024-09-10 16:46:22,586 [main] INFO  grpc.GrpcConfigKeys (ConfUtils.java:logGet(46)) - raft.grpc.admin.port = 15198 (custom)
2024-09-10 16:46:22,587 [main] INFO  grpc.GrpcConfigKeys (ConfUtils.java:logFallback(53)) - raft.grpc.client.host = null (fallback to raft.grpc.server.host)
2024-09-10 16:46:22,587 [main] INFO  grpc.GrpcConfigKeys (ConfUtils.java:logGet(46)) - raft.grpc.client.port = 15198 (custom)
2024-09-10 16:46:22,587 [main] INFO  grpc.GrpcConfigKeys (ConfUtils.java:logGet(46)) - raft.grpc.server.host = null (default)
2024-09-10 16:46:22,587 [main] INFO  grpc.GrpcConfigKeys (ConfUtils.java:logGet(46)) - raft.grpc.server.port = 15198 (custom)
2024-09-10 16:46:22,587 [main] INFO  server.GrpcService (ConfUtils.java:logGet(46)) - raft.grpc.message.size.max = 34603008 (custom)
2024-09-10 16:46:22,587 [main] INFO  server.RaftServerConfigKeys (ConfUtils.java:logGet(46)) - raft.server.log.appender.buffer.byte-limit = 33554432 (custom)
2024-09-10 16:46:22,587 [main] INFO  server.GrpcService (ConfUtils.java:logGet(46)) - raft.grpc.flow.control.window = 5MB (=5242880) (custom)
2024-09-10 16:46:22,588 [main] INFO  server.RaftServerConfigKeys (ConfUtils.java:logGet(46)) - raft.server.rpc.request.timeout = 3000ms (default)
2024-09-10 16:46:22,588 [main] INFO  grpc.GrpcConfigKeys (ConfUtils.java:logGet(46)) - raft.grpc.server.heartbeat.channel = true (default)
2024-09-10 16:46:22,588 [main] INFO  grpc.GrpcConfigKeys (ConfUtils.java:logGet(46)) - raft.grpc.server.async.request.thread.pool.cached = true (default)
2024-09-10 16:46:22,588 [main] INFO  grpc.GrpcConfigKeys (ConfUtils.java:logGet(46)) - raft.grpc.server.async.request.thread.pool.size = 32 (default)
2024-09-10 16:46:22,589 [main] INFO  impl.DataStreamServerImpl (ConfUtils.java:logGet(46)) - raft.datastream.type = NETTY (custom)
2024-09-10 16:46:22,589 [main] INFO  server.RaftServerConfigKeys (ConfUtils.java:logGet(46)) - raft.server.data-stream.async.request.thread.pool.cached = false (default)
2024-09-10 16:46:22,589 [main] INFO  server.RaftServerConfigKeys (ConfUtils.java:logGet(46)) - raft.server.data-stream.async.request.thread.pool.size = 20 (custom)
2024-09-10 16:46:22,589 [main] INFO  server.RaftServerConfigKeys (ConfUtils.java:logGet(46)) - raft.server.data-stream.async.write.thread.pool.size = 16 (default)
2024-09-10 16:46:22,590 [main] INFO  netty.NettyConfigKeys$DataStream (ConfUtils.java:logGet(46)) - raft.netty.dataStream.server.channel.inactive.grace-period = 10min (default)
2024-09-10 16:46:22,590 [main] INFO  server.RaftServerConfigKeys (ConfUtils.java:logGet(46)) - raft.server.data-stream.client.pool.size = 10 (default)
2024-09-10 16:46:22,590 [main] INFO  netty.NettyConfigKeys$DataStream (ConfUtils.java:logGet(46)) - raft.netty.dataStream.server.use-epoll = true (default)
2024-09-10 16:46:22,590 [main] INFO  netty.NettyConfigKeys$DataStream (ConfUtils.java:logGet(46)) - raft.netty.dataStream.server.boss-group.size = 0 (default)
2024-09-10 16:46:22,590 [main] INFO  netty.NettyUtils (NettyUtils.java:newEventLoopGroup(74)) - Create EpollEventLoopGroup for c95620fd-712c-4929-b988-78cb42202719-NettyServerStreamRpc-bossGroup; Thread size is 0.
2024-09-10 16:46:22,591 [main] INFO  netty.NettyConfigKeys$DataStream (ConfUtils.java:logGet(46)) - raft.netty.dataStream.server.worker-group.size = 0 (default)
2024-09-10 16:46:22,591 [main] INFO  netty.NettyUtils (NettyUtils.java:newEventLoopGroup(74)) - Create EpollEventLoopGroup for c95620fd-712c-4929-b988-78cb42202719-NettyServerStreamRpc-workerGroup; Thread size is 0.
2024-09-10 16:46:22,591 [main] INFO  netty.NettyConfigKeys$DataStream (ConfUtils.java:logGet(46)) - raft.netty.dataStream.server.tls.conf = null (default)
2024-09-10 16:46:22,591 [main] INFO  netty.NettyConfigKeys$DataStream (ConfUtils.java:logGet(46)) - raft.netty.dataStream.host = null (default)
2024-09-10 16:46:22,591 [main] INFO  netty.NettyConfigKeys$DataStream (ConfUtils.java:logGet(46)) - raft.netty.dataStream.port = 15201 (custom)
2024-09-10 16:46:22,592 [main] INFO  server.RaftServerConfigKeys (ConfUtils.java:logGet(46)) - raft.server.sleep.deviation.threshold = 300ms (default)
2024-09-10 16:46:22,592 [main] INFO  server.RaftServerConfigKeys (ConfUtils.java:logGet(46)) - raft.server.close.threshold = 60s (default)
2024-09-10 16:46:22,592 [main] INFO  server.RaftServerConfigKeys (ConfUtils.java:logGet(46)) - raft.server.leaderelection.leader.step-down.wait-time = 10s (default)
2024-09-10 16:46:22,593 [main] INFO  server.RaftServerConfigKeys (ConfUtils.java:logGet(46)) - raft.server.storage.dir = [/home/runner/work/ozone/ozone/hadoop-ozone/integration-test/target/test-dir/MiniOzoneClusterImpl-4ea98613-7ec2-40e8-bdf5-64593f2fdf96/ozone-meta/datanode-4/ratis] (custom)
2024-09-10 16:46:22,593 [main] INFO  server.RaftServerConfigKeys (ConfUtils.java:logGet(46)) - raft.server.threadpool.proxy.cached = true (default)
2024-09-10 16:46:22,593 [main] INFO  server.RaftServerConfigKeys (ConfUtils.java:logGet(46)) - raft.server.threadpool.proxy.size = 0 (default)
2024-09-10 16:46:22,592 [c95620fd-712c-4929-b988-78cb42202719-NettyServerStreamRpc-bossGroup--thread1] INFO  logging.LoggingHandler (AbstractInternalLogger.java:log(148)) - [id: 0x0f60c9d1] REGISTERED
2024-09-10 16:46:22,593 [c95620fd-712c-4929-b988-78cb42202719-NettyServerStreamRpc-bossGroup--thread1] INFO  logging.LoggingHandler (AbstractInternalLogger.java:log(148)) - [id: 0x0f60c9d1] BIND: 0.0.0.0/0.0.0.0:15201
2024-09-10 16:46:22,593 [c95620fd-712c-4929-b988-78cb42202719-impl-thread1] INFO  server.RaftServer (RaftServerProxy.java:initGroupDir(266)) - c95620fd-712c-4929-b988-78cb42202719: found a subdirectory /home/runner/work/ozone/ozone/hadoop-ozone/integration-test/target/test-dir/MiniOzoneClusterImpl-4ea98613-7ec2-40e8-bdf5-64593f2fdf96/ozone-meta/datanode-4/ratis/tmp
2024-09-10 16:46:22,593 [c95620fd-712c-4929-b988-78cb42202719-impl-thread1] INFO  server.RaftServer (RaftServerProxy.java:initGroupDir(271)) - c95620fd-712c-4929-b988-78cb42202719: The directory /home/runner/work/ozone/ozone/hadoop-ozone/integration-test/target/test-dir/MiniOzoneClusterImpl-4ea98613-7ec2-40e8-bdf5-64593f2fdf96/ozone-meta/datanode-4/ratis/tmp is not a group directory; ignoring it. 
2024-09-10 16:46:22,593 [c95620fd-712c-4929-b988-78cb42202719-NettyServerStreamRpc-bossGroup--thread1] INFO  logging.LoggingHandler (AbstractInternalLogger.java:log(148)) - [id: 0x0f60c9d1, L:/0.0.0.0:15201] ACTIVE
2024-09-10 16:46:22,594 [main] INFO  replication.ReplicationServer (ReplicationServer.java:<init>(86)) - Initializing replication server with thread count = 10 queue length = 4096
2024-09-10 16:46:22,594 [main] INFO  server.XceiverServerGrpc (XceiverServerGrpc.java:<init>(141)) - GrpcServer channel type EpollServerSocketChannel
2024-09-10 16:46:22,595 [main] INFO  replication.ReplicationSupervisor (ReplicationSupervisor.java:build(157)) - Initializing replication supervisor with thread count = 10
2024-09-10 16:46:22,595 [main] INFO  replication.ReplicationSupervisor (ReplicationSupervisor.java:nodeStateUpdated(312)) - Node state updated to IN_SERVICE, scaling executor pool size to 10
2024-09-10 16:46:22,597 [main] INFO  http.BaseHttpServer (BaseHttpServer.java:newHttpServer2BuilderForOzone(223)) - Starting Web-server for hddsDatanode at: http://0.0.0.0:15195
2024-09-10 16:46:22,597 [main] INFO  http.BaseHttpServer (BaseHttpServer.java:<init>(110)) - Hadoop Security Enabled: false Ozone Security Enabled: false Ozone HTTP Security Enabled: false 
2024-09-10 16:46:22,598 [main] WARN  server.AuthenticationFilter (AuthenticationFilter.java:constructSecretProvider(240)) - Unable to initialize FileSignerSecretProvider, falling back to use random secrets. Reason: Could not read signature secret file: /home/runner/hadoop-http-auth-signature-secret
2024-09-10 16:46:22,599 [main] INFO  http.HttpRequestLog (HttpRequestLog.java:getRequestLog(86)) - Http request log for http.requests.hddsDatanode is not defined
2024-09-10 16:46:22,600 [main] INFO  http.HttpServer2 (HttpServer2.java:addGlobalFilter(1035)) - Added global filter 'safety' (class=org.apache.hadoop.hdds.server.http.HttpServer2$QuotingInputFilter)
2024-09-10 16:46:22,600 [main] INFO  http.HttpServer2 (HttpServer2.java:addFilter(1011)) - Added filter static_user_filter (class=org.apache.hadoop.http.lib.StaticUserWebFilter$StaticUserFilter) to context hddsDatanode
2024-09-10 16:46:22,600 [main] INFO  http.HttpServer2 (HttpServer2.java:addFilter(1019)) - Added filter static_user_filter (class=org.apache.hadoop.http.lib.StaticUserWebFilter$StaticUserFilter) to context logs
2024-09-10 16:46:22,600 [main] INFO  http.HttpServer2 (HttpServer2.java:addFilter(1019)) - Added filter static_user_filter (class=org.apache.hadoop.http.lib.StaticUserWebFilter$StaticUserFilter) to context static
2024-09-10 16:46:22,601 [main] INFO  http.BaseHttpServer (BaseHttpServer.java:<init>(189)) - HTTP server of hddsDatanode uses base directory /home/runner/work/ozone/ozone/hadoop-ozone/integration-test/target/test-dir/MiniOzoneClusterImpl-4ea98613-7ec2-40e8-bdf5-64593f2fdf96/ozone-meta/datanode-4/meta/webserver
2024-09-10 16:46:22,601 [main] INFO  http.HttpServer2 (HttpServer2.java:bindListener(1235)) - Jetty bound to port 15195
2024-09-10 16:46:22,601 [main] INFO  server.Server (Server.java:doStart(375)) - jetty-9.4.56.v20240826; built: 2024-08-26T17:15:05.868Z; git: ec6782ff5ead824dabdcf47fa98f90a4aedff401; jvm 17.0.12+7
2024-09-10 16:46:22,603 [main] INFO  server.session (DefaultSessionIdManager.java:doStart(334)) - DefaultSessionIdManager workerName=node0
2024-09-10 16:46:22,603 [main] INFO  server.session (DefaultSessionIdManager.java:doStart(339)) - No SessionScavenger set, using defaults
2024-09-10 16:46:22,603 [main] INFO  server.session (HouseKeeper.java:startScavenging(132)) - node0 Scavenging every 600000ms
2024-09-10 16:46:22,604 [main] INFO  handler.ContextHandler (ContextHandler.java:doStart(921)) - Started o.e.j.s.ServletContextHandler@79d0d204{logs,/logs,file:///home/runner/work/ozone/ozone/hadoop-ozone/integration-test/target/log,AVAILABLE}
2024-09-10 16:46:22,604 [main] INFO  handler.ContextHandler (ContextHandler.java:doStart(921)) - Started o.e.j.s.ServletContextHandler@73da1f76{static,/static,jar:file:/home/runner/work/ozone/ozone/hadoop-hdds/container-service/target/hdds-container-service-1.5.0-SNAPSHOT.jar!/webapps/static,AVAILABLE}
2024-09-10 16:46:22,796 [main] INFO  handler.ContextHandler (ContextHandler.java:doStart(921)) - Started o.e.j.w.WebAppContext@21bdd0c3{hddsDatanode,/,file:///home/runner/work/ozone/ozone/hadoop-ozone/integration-test/target/test-dir/MiniOzoneClusterImpl-4ea98613-7ec2-40e8-bdf5-64593f2fdf96/ozone-meta/datanode-4/meta/webserver/jetty-0_0_0_0-15195-hdds-container-service-1_5_0-SNAPSHOT_jar-_-any-1186091154576594896/webapp/,AVAILABLE}{jar:file:/home/runner/work/ozone/ozone/hadoop-hdds/container-service/target/hdds-container-service-1.5.0-SNAPSHOT.jar!/webapps/hddsDatanode}
2024-09-10 16:46:22,796 [main] INFO  server.AbstractConnector (AbstractConnector.java:doStart(333)) - Started ServerConnector@2e923046{HTTP/1.1, (http/1.1)}{0.0.0.0:15195}
2024-09-10 16:46:22,797 [main] INFO  server.Server (Server.java:doStart(415)) - Started @122158ms
2024-09-10 16:46:22,797 [main] WARN  impl.MetricsSystemImpl (MetricsSystemImpl.java:register(279)) - Sink prometheus already exists!
2024-09-10 16:46:22,797 [main] INFO  http.BaseHttpServer (BaseHttpServer.java:updateConnectorAddress(354)) - HTTP server of hddsDatanode listening at http://0.0.0.0:15195
2024-09-10 16:46:22,798 [main] INFO  ipc.CallQueueManager (CallQueueManager.java:<init>(90)) - Using callQueue: class java.util.concurrent.LinkedBlockingQueue, queueCapacity: 1000, scheduler: class org.apache.hadoop.ipc.DefaultRpcScheduler, ipcBackoff: false.
2024-09-10 16:46:22,798 [main] INFO  ipc.Server (Server.java:<init>(1287)) - Listener at 0.0.0.0:15196
2024-09-10 16:46:22,798 [Socket Reader #1 for port 15196] INFO  ipc.Server (Server.java:run(1323)) - Starting Socket Reader #1 for port 15196
2024-09-10 16:46:22,798 [Socket Reader #2 for port 15196] INFO  ipc.Server (Server.java:run(1323)) - Starting Socket Reader #2 for port 15196
2024-09-10 16:46:22,799 [Socket Reader #3 for port 15196] INFO  ipc.Server (Server.java:run(1323)) - Starting Socket Reader #3 for port 15196
2024-09-10 16:46:22,799 [Socket Reader #4 for port 15196] INFO  ipc.Server (Server.java:run(1323)) - Starting Socket Reader #4 for port 15196
2024-09-10 16:46:22,799 [Socket Reader #5 for port 15196] INFO  ipc.Server (Server.java:run(1323)) - Starting Socket Reader #5 for port 15196
2024-09-10 16:46:22,799 [Socket Reader #6 for port 15196] INFO  ipc.Server (Server.java:run(1323)) - Starting Socket Reader #6 for port 15196
2024-09-10 16:46:22,799 [Socket Reader #7 for port 15196] INFO  ipc.Server (Server.java:run(1323)) - Starting Socket Reader #7 for port 15196
2024-09-10 16:46:22,799 [Socket Reader #8 for port 15196] INFO  ipc.Server (Server.java:run(1323)) - Starting Socket Reader #8 for port 15196
2024-09-10 16:46:22,800 [Socket Reader #9 for port 15196] INFO  ipc.Server (Server.java:run(1323)) - Starting Socket Reader #9 for port 15196
2024-09-10 16:46:22,800 [Socket Reader #10 for port 15196] INFO  ipc.Server (Server.java:run(1323)) - Starting Socket Reader #10 for port 15196
2024-09-10 16:46:22,801 [main] INFO  ozone.HddsDatanodeService (HddsDatanodeService.java:start(319)) - Datanode start with admins: [runner]
2024-09-10 16:46:22,801 [main] INFO  ozone.HddsDatanodeClientProtocolServer (HddsDatanodeClientProtocolServer.java:start(79)) - RPC server for Client /0.0.0.0:15196
2024-09-10 16:46:22,801 [IPC Server Responder] INFO  ipc.Server (Server.java:run(1562)) - IPC Server Responder: starting
2024-09-10 16:46:22,802 [IPC Server listener on 15196] INFO  ipc.Server (Server.java:run(1402)) - IPC Server listener on 15196: starting
2024-09-10 16:46:22,803 [main] WARN  dropwizard3.Dm3MetricRegistriesImpl (Dm3MetricRegistriesImpl.java:addReporterRegistration(114)) - New reporters are added after registries were created. Some metrics will be missing from the reporter. Please add reporter before adding any new registry.
2024-09-10 16:46:22,803 [main] WARN  dropwizard3.Dm3MetricRegistriesImpl (Dm3MetricRegistriesImpl.java:addReporterRegistration(114)) - New reporters are added after registries were created. Some metrics will be missing from the reporter. Please add reporter before adding any new registry.
2024-09-10 16:46:22,803 [main] INFO  impl.MetricsSystemImpl (MetricsSystemImpl.java:init(158)) - HddsDatanode metrics system started (again)
2024-09-10 16:46:22,804 [c95620fd-712c-4929-b988-78cb42202719-DatanodeStateMachineDaemonThread] INFO  statemachine.DatanodeStateMachine (DatanodeStateMachine.java:startStateMachineThread(337)) - Ozone container server started.
2024-09-10 16:46:22,807 [c95620fd-712c-4929-b988-78cb42202719-DatanodeStateMachineTaskThread-0] INFO  datanode.InitDatanodeState (InitDatanodeState.java:persistContainerDatanodeDetails(139)) - DatanodeDetails is persisted to /home/runner/work/ozone/ozone/hadoop-ozone/integration-test/target/test-dir/MiniOzoneClusterImpl-4ea98613-7ec2-40e8-bdf5-64593f2fdf96/ozone-meta/datanode-4/meta/datanode.id
2024-09-10 16:46:22,812 [main] INFO  ozone.HddsDatanodeService (HddsDatanodeService.java:start(235)) - HddsDatanodeService host:fv-az1492-488.ogi1bwjwhrgedewjzlxt1givkg.dx.internal.cloudapp.net ip:10.1.0.21
2024-09-10 16:46:22,814 [main] INFO  upgrade.AbstractLayoutVersionManager (AbstractLayoutVersionManager.java:init(83)) - Initializing Layout version manager with metadata layout = HBASE_SUPPORT (version = 8), software layout = HBASE_SUPPORT (version = 8)
2024-09-10 16:46:22,815 [main] INFO  statemachine.DatanodeStateMachine (DatanodeStateMachine.java:getEndPointTaskThreadPoolSize(294)) - Datanode State Machine Task Thread Pool size 2
2024-09-10 16:46:22,816 [main] INFO  volume.HddsVolume (HddsVolume.java:<init>(127)) - Creating HddsVolume: /home/runner/work/ozone/ozone/hadoop-ozone/integration-test/target/test-dir/MiniOzoneClusterImpl-4ea98613-7ec2-40e8-bdf5-64593f2fdf96/ozone-meta/datanode-5/data-0/hdds of storage type : DISK capacity : 9222449699674390527
2024-09-10 16:46:22,816 [main] INFO  volume.MutableVolumeSet (MutableVolumeSet.java:initializeVolumeSet(173)) - Added Volume : /home/runner/work/ozone/ozone/hadoop-ozone/integration-test/target/test-dir/MiniOzoneClusterImpl-4ea98613-7ec2-40e8-bdf5-64593f2fdf96/ozone-meta/datanode-5/data-0/hdds to VolumeSet
2024-09-10 16:46:22,816 [main] INFO  volume.MutableVolumeSet (MutableVolumeSet.java:initializeVolumeSet(173)) - Added Volume : /home/runner/work/ozone/ozone/hadoop-ozone/integration-test/target/test-dir/MiniOzoneClusterImpl-4ea98613-7ec2-40e8-bdf5-64593f2fdf96/ozone-meta/datanode-5/ratis to VolumeSet
2024-09-10 16:46:22,817 [main] INFO  ozoneimpl.OzoneContainer (HddsVolumeUtil.java:loadAllHddsVolumeDbStore(103)) - Load 1 volumes DbStore cost: 0ms
2024-09-10 16:46:22,818 [main] INFO  impl.FilePerChunkStrategy (FilePerChunkStrategy.java:<init>(84)) - ozone.chunk.read.mapped.buffer.max.count is load with 0
2024-09-10 16:46:22,818 [main] INFO  impl.FilePerBlockStrategy (FilePerBlockStrategy.java:<init>(91)) - ozone.chunk.read.mapped.buffer.max.count is load with 0
2024-09-10 16:46:22,818 [main] INFO  server.RaftServerConfigKeys (ConfUtils.java:logGet(46)) - raft.server.log.appender.buffer.byte-limit = 33554432 (custom)
2024-09-10 16:46:22,819 [main] INFO  server.RaftServer (ConfUtils.java:logGet(46)) - raft.rpc.type = GRPC (default)
2024-09-10 16:46:22,819 [main] INFO  grpc.GrpcConfigKeys (ConfUtils.java:logFallback(53)) - raft.grpc.admin.host = null (fallback to raft.grpc.server.host)
2024-09-10 16:46:22,819 [main] INFO  grpc.GrpcConfigKeys (ConfUtils.java:logGet(46)) - raft.grpc.admin.port = 15207 (custom)
2024-09-10 16:46:22,819 [main] INFO  grpc.GrpcConfigKeys (ConfUtils.java:logFallback(53)) - raft.grpc.client.host = null (fallback to raft.grpc.server.host)
2024-09-10 16:46:22,819 [main] INFO  grpc.GrpcConfigKeys (ConfUtils.java:logGet(46)) - raft.grpc.client.port = 15207 (custom)
2024-09-10 16:46:22,819 [main] INFO  grpc.GrpcConfigKeys (ConfUtils.java:logGet(46)) - raft.grpc.server.host = null (default)
2024-09-10 16:46:22,820 [main] INFO  grpc.GrpcConfigKeys (ConfUtils.java:logGet(46)) - raft.grpc.server.port = 15207 (custom)
2024-09-10 16:46:22,820 [main] INFO  server.GrpcService (ConfUtils.java:logGet(46)) - raft.grpc.message.size.max = 34603008 (custom)
2024-09-10 16:46:22,820 [main] INFO  server.RaftServerConfigKeys (ConfUtils.java:logGet(46)) - raft.server.log.appender.buffer.byte-limit = 33554432 (custom)
2024-09-10 16:46:22,820 [main] INFO  server.GrpcService (ConfUtils.java:logGet(46)) - raft.grpc.flow.control.window = 5MB (=5242880) (custom)
2024-09-10 16:46:22,820 [main] INFO  server.RaftServerConfigKeys (ConfUtils.java:logGet(46)) - raft.server.rpc.request.timeout = 3000ms (default)
2024-09-10 16:46:22,820 [main] INFO  grpc.GrpcConfigKeys (ConfUtils.java:logGet(46)) - raft.grpc.server.heartbeat.channel = true (default)
2024-09-10 16:46:22,820 [main] INFO  grpc.GrpcConfigKeys (ConfUtils.java:logGet(46)) - raft.grpc.server.async.request.thread.pool.cached = true (default)
2024-09-10 16:46:22,820 [main] INFO  grpc.GrpcConfigKeys (ConfUtils.java:logGet(46)) - raft.grpc.server.async.request.thread.pool.size = 32 (default)
2024-09-10 16:46:22,821 [main] INFO  impl.DataStreamServerImpl (ConfUtils.java:logGet(46)) - raft.datastream.type = NETTY (custom)
2024-09-10 16:46:22,821 [main] INFO  server.RaftServerConfigKeys (ConfUtils.java:logGet(46)) - raft.server.data-stream.async.request.thread.pool.cached = false (default)
2024-09-10 16:46:22,822 [main] INFO  server.RaftServerConfigKeys (ConfUtils.java:logGet(46)) - raft.server.data-stream.async.request.thread.pool.size = 20 (custom)
2024-09-10 16:46:22,822 [main] INFO  server.RaftServerConfigKeys (ConfUtils.java:logGet(46)) - raft.server.data-stream.async.write.thread.pool.size = 16 (default)
2024-09-10 16:46:22,822 [main] INFO  netty.NettyConfigKeys$DataStream (ConfUtils.java:logGet(46)) - raft.netty.dataStream.server.channel.inactive.grace-period = 10min (default)
2024-09-10 16:46:22,822 [main] INFO  server.RaftServerConfigKeys (ConfUtils.java:logGet(46)) - raft.server.data-stream.client.pool.size = 10 (default)
2024-09-10 16:46:22,822 [main] INFO  netty.NettyConfigKeys$DataStream (ConfUtils.java:logGet(46)) - raft.netty.dataStream.server.use-epoll = true (default)
2024-09-10 16:46:22,822 [main] INFO  netty.NettyConfigKeys$DataStream (ConfUtils.java:logGet(46)) - raft.netty.dataStream.server.boss-group.size = 0 (default)
2024-09-10 16:46:22,822 [main] INFO  netty.NettyUtils (NettyUtils.java:newEventLoopGroup(74)) - Create EpollEventLoopGroup for b02980de-72b7-4a99-a802-296f21296c04-NettyServerStreamRpc-bossGroup; Thread size is 0.
2024-09-10 16:46:22,822 [main] INFO  netty.NettyConfigKeys$DataStream (ConfUtils.java:logGet(46)) - raft.netty.dataStream.server.worker-group.size = 0 (default)
2024-09-10 16:46:22,823 [main] INFO  netty.NettyUtils (NettyUtils.java:newEventLoopGroup(74)) - Create EpollEventLoopGroup for b02980de-72b7-4a99-a802-296f21296c04-NettyServerStreamRpc-workerGroup; Thread size is 0.
2024-09-10 16:46:22,823 [main] INFO  netty.NettyConfigKeys$DataStream (ConfUtils.java:logGet(46)) - raft.netty.dataStream.server.tls.conf = null (default)
2024-09-10 16:46:22,823 [om1@group-C5BA1605619E-FollowerState] INFO  impl.FollowerState (FollowerState.java:run(144)) - om1@group-C5BA1605619E-FollowerState: change to CANDIDATE, lastRpcElapsedTime:1009629977ns, electionTimeout:1009ms
2024-09-10 16:46:22,823 [main] INFO  netty.NettyConfigKeys$DataStream (ConfUtils.java:logGet(46)) - raft.netty.dataStream.host = null (default)
2024-09-10 16:46:22,823 [om1@group-C5BA1605619E-FollowerState] INFO  impl.RoleInfo (RoleInfo.java:shutdownFollowerState(119)) - om1: shutdown om1@group-C5BA1605619E-FollowerState
2024-09-10 16:46:22,823 [main] INFO  netty.NettyConfigKeys$DataStream (ConfUtils.java:logGet(46)) - raft.netty.dataStream.port = 15210 (custom)
2024-09-10 16:46:22,823 [om1@group-C5BA1605619E-FollowerState] INFO  server.RaftServer$Division (RaftServerImpl.java:setRole(376)) - om1@group-C5BA1605619E: changes role from  FOLLOWER to CANDIDATE at term 0 for changeToCandidate
2024-09-10 16:46:22,823 [om1@group-C5BA1605619E-FollowerState] INFO  server.RaftServerConfigKeys (ConfUtils.java:logGet(46)) - raft.server.leaderelection.pre-vote = true (default)
2024-09-10 16:46:22,823 [om1@group-C5BA1605619E-FollowerState] INFO  impl.RoleInfo (RoleInfo.java:updateAndGet(148)) - om1: start om1@group-C5BA1605619E-LeaderElection46
2024-09-10 16:46:22,824 [main] INFO  server.RaftServerConfigKeys (ConfUtils.java:logGet(46)) - raft.server.sleep.deviation.threshold = 300ms (default)
2024-09-10 16:46:22,824 [main] INFO  server.RaftServerConfigKeys (ConfUtils.java:logGet(46)) - raft.server.close.threshold = 60s (default)
2024-09-10 16:46:22,824 [main] INFO  server.RaftServerConfigKeys (ConfUtils.java:logGet(46)) - raft.server.leaderelection.leader.step-down.wait-time = 10s (default)
2024-09-10 16:46:22,824 [b02980de-72b7-4a99-a802-296f21296c04-NettyServerStreamRpc-bossGroup--thread1] INFO  logging.LoggingHandler (AbstractInternalLogger.java:log(148)) - [id: 0x38d4ff34] REGISTERED
2024-09-10 16:46:22,824 [main] INFO  server.RaftServerConfigKeys (ConfUtils.java:logGet(46)) - raft.server.storage.dir = [/home/runner/work/ozone/ozone/hadoop-ozone/integration-test/target/test-dir/MiniOzoneClusterImpl-4ea98613-7ec2-40e8-bdf5-64593f2fdf96/ozone-meta/datanode-5/ratis] (custom)
2024-09-10 16:46:22,824 [om1@group-C5BA1605619E-LeaderElection46] INFO  impl.LeaderElection (LeaderElection.java:askForVotes(321)) - om1@group-C5BA1605619E-LeaderElection46 PRE_VOTE round 0: submit vote requests at term 0 for conf: {index: -1, cur=peers:[om1|localhost:15166]|listeners:[], old=null}
2024-09-10 16:46:22,824 [main] INFO  server.RaftServerConfigKeys (ConfUtils.java:logGet(46)) - raft.server.threadpool.proxy.cached = true (default)
2024-09-10 16:46:22,824 [main] INFO  server.RaftServerConfigKeys (ConfUtils.java:logGet(46)) - raft.server.threadpool.proxy.size = 0 (default)
2024-09-10 16:46:22,824 [b02980de-72b7-4a99-a802-296f21296c04-NettyServerStreamRpc-bossGroup--thread1] INFO  logging.LoggingHandler (AbstractInternalLogger.java:log(148)) - [id: 0x38d4ff34] BIND: 0.0.0.0/0.0.0.0:15210
2024-09-10 16:46:22,824 [om1@group-C5BA1605619E-LeaderElection46] INFO  impl.LeaderElection (LeaderElection.java:askForVotes(323)) - om1@group-C5BA1605619E-LeaderElection46 PRE_VOTE round 0: result PASSED (term=0)
2024-09-10 16:46:22,825 [b02980de-72b7-4a99-a802-296f21296c04-NettyServerStreamRpc-bossGroup--thread1] INFO  logging.LoggingHandler (AbstractInternalLogger.java:log(148)) - [id: 0x38d4ff34, L:/0.0.0.0:15210] ACTIVE
2024-09-10 16:46:22,825 [b02980de-72b7-4a99-a802-296f21296c04-impl-thread1] INFO  server.RaftServer (RaftServerProxy.java:initGroupDir(266)) - b02980de-72b7-4a99-a802-296f21296c04: found a subdirectory /home/runner/work/ozone/ozone/hadoop-ozone/integration-test/target/test-dir/MiniOzoneClusterImpl-4ea98613-7ec2-40e8-bdf5-64593f2fdf96/ozone-meta/datanode-5/ratis/tmp
2024-09-10 16:46:22,826 [b02980de-72b7-4a99-a802-296f21296c04-impl-thread1] INFO  server.RaftServer (RaftServerProxy.java:initGroupDir(271)) - b02980de-72b7-4a99-a802-296f21296c04: The directory /home/runner/work/ozone/ozone/hadoop-ozone/integration-test/target/test-dir/MiniOzoneClusterImpl-4ea98613-7ec2-40e8-bdf5-64593f2fdf96/ozone-meta/datanode-5/ratis/tmp is not a group directory; ignoring it. 
2024-09-10 16:46:22,826 [main] INFO  replication.ReplicationServer (ReplicationServer.java:<init>(86)) - Initializing replication server with thread count = 10 queue length = 4096
2024-09-10 16:46:22,826 [om1@group-C5BA1605619E-LeaderElection46] INFO  impl.LeaderElection (LeaderElection.java:askForVotes(321)) - om1@group-C5BA1605619E-LeaderElection46 ELECTION round 0: submit vote requests at term 1 for conf: {index: -1, cur=peers:[om1|localhost:15166]|listeners:[], old=null}
2024-09-10 16:46:22,826 [om1@group-C5BA1605619E-LeaderElection46] INFO  impl.LeaderElection (LeaderElection.java:askForVotes(323)) - om1@group-C5BA1605619E-LeaderElection46 ELECTION round 0: result PASSED (term=1)
2024-09-10 16:46:22,826 [om1@group-C5BA1605619E-LeaderElection46] INFO  impl.RoleInfo (RoleInfo.java:shutdownLeaderElection(139)) - om1: shutdown om1@group-C5BA1605619E-LeaderElection46
2024-09-10 16:46:22,826 [om1@group-C5BA1605619E-LeaderElection46] INFO  server.RaftServer$Division (RaftServerImpl.java:setRole(376)) - om1@group-C5BA1605619E: changes role from CANDIDATE to LEADER at term 1 for changeToLeader
2024-09-10 16:46:22,826 [om1@group-C5BA1605619E-LeaderElection46] INFO  server.RaftServerConfigKeys (ConfUtils.java:logGet(46)) - raft.server.staging.catchup.gap = 1000 (default)
2024-09-10 16:46:22,826 [main] INFO  server.XceiverServerGrpc (XceiverServerGrpc.java:<init>(141)) - GrpcServer channel type EpollServerSocketChannel
2024-09-10 16:46:22,827 [om1@group-C5BA1605619E-LeaderElection46] INFO  server.RaftServerConfigKeys (ConfUtils.java:logGet(46)) - raft.server.write.element-limit = 4096 (default)
2024-09-10 16:46:22,827 [om1@group-C5BA1605619E-LeaderElection46] INFO  server.RaftServerConfigKeys (ConfUtils.java:logGet(46)) - raft.server.write.byte-limit = 64MB (=67108864) (default)
2024-09-10 16:46:22,827 [om1@group-C5BA1605619E-LeaderElection46] INFO  server.RaftServerConfigKeys (ConfUtils.java:logGet(46)) - raft.server.watch.timeout = 10s (default)
2024-09-10 16:46:22,827 [om1@group-C5BA1605619E-LeaderElection46] INFO  server.RaftServerConfigKeys (ConfUtils.java:logGet(46)) - raft.server.watch.timeout.denomination = 1s (default)
2024-09-10 16:46:22,827 [om1@group-C5BA1605619E-LeaderElection46] INFO  server.RaftServerConfigKeys (ConfUtils.java:logGet(46)) - raft.server.watch.element-limit = 65536 (default)
2024-09-10 16:46:22,827 [om1@group-C5BA1605619E-LeaderElection46] INFO  server.RaftServerConfigKeys (ConfUtils.java:logGet(46)) - raft.server.read.leader.lease.enabled = false (default)
2024-09-10 16:46:22,827 [om1@group-C5BA1605619E-LeaderElection46] INFO  server.RaftServerConfigKeys (ConfUtils.java:logGet(46)) - raft.server.read.leader.lease.timeout.ratio = 0.9 (default)
2024-09-10 16:46:22,827 [om1@group-C5BA1605619E-LeaderElection46] INFO  server.RaftServerConfigKeys (ConfUtils.java:logGet(46)) - raft.server.rpc.timeout.min = 1s (custom)
2024-09-10 16:46:22,827 [om1@group-C5BA1605619E-LeaderElection46] INFO  server.RaftServerConfigKeys (ConfUtils.java:logGet(46)) - raft.server.log.log-metadata.enabled = true (default)
2024-09-10 16:46:22,827 [main] INFO  replication.ReplicationSupervisor (ReplicationSupervisor.java:build(157)) - Initializing replication supervisor with thread count = 10
2024-09-10 16:46:22,827 [om1@group-C5BA1605619E-LeaderElection46] INFO  server.RaftServerConfigKeys (ConfUtils.java:logGet(46)) - raft.server.write.element-limit = 4096 (default)
2024-09-10 16:46:22,828 [main] INFO  replication.ReplicationSupervisor (ReplicationSupervisor.java:nodeStateUpdated(312)) - Node state updated to IN_SERVICE, scaling executor pool size to 10
2024-09-10 16:46:22,828 [om1@group-C5BA1605619E-LeaderElection46] INFO  server.RaftServerConfigKeys (ConfUtils.java:logGet(46)) - raft.server.write.follower.gap.ratio.max = -1.0 (default)
2024-09-10 16:46:22,828 [om1@group-C5BA1605619E-LeaderElection46] INFO  impl.RoleInfo (RoleInfo.java:updateAndGet(148)) - om1: start om1@group-C5BA1605619E-LeaderStateImpl
2024-09-10 16:46:22,828 [om1@group-C5BA1605619E-LeaderElection46] INFO  server.RaftServer$Division (RaftServerImpl.java:setFirstElection(549)) - om1@group-C5BA1605619E: set firstElectionSinceStartup to false for becomeLeader
2024-09-10 16:46:22,828 [om1@group-C5BA1605619E-LeaderElection46] INFO  server.RaftServer$Division (ServerState.java:setLeader(272)) - om1@group-C5BA1605619E: change Leader from null to om1 at term 1 for becomeLeader, leader elected after 1361ms
2024-09-10 16:46:22,828 [om1@group-C5BA1605619E-LeaderElection46] INFO  segmented.SegmentedRaftLogWorker (SegmentedRaftLogWorker.java:startLogSegment(433)) - om1@group-C5BA1605619E-SegmentedRaftLogWorker: Starting segment from index:0
2024-09-10 16:46:22,829 [om1@group-C5BA1605619E-LeaderElection46] INFO  server.RaftServer$Division (ServerState.java:setRaftConf(386)) - om1@group-C5BA1605619E: set configuration conf: {index: 0, cur=peers:[om1|localhost:15166]|listeners:[], old=null}
2024-09-10 16:46:22,829 [om1@group-C5BA1605619E-SegmentedRaftLogWorker] INFO  segmented.BufferedWriteChannel (BufferedWriteChannel.java:open(61)) - open log_inprogress_0 at position 0
2024-09-10 16:46:22,829 [main] INFO  http.BaseHttpServer (BaseHttpServer.java:newHttpServer2BuilderForOzone(223)) - Starting Web-server for hddsDatanode at: http://0.0.0.0:15204
2024-09-10 16:46:22,829 [main] INFO  http.BaseHttpServer (BaseHttpServer.java:<init>(110)) - Hadoop Security Enabled: false Ozone Security Enabled: false Ozone HTTP Security Enabled: false 
2024-09-10 16:46:22,830 [main] WARN  server.AuthenticationFilter (AuthenticationFilter.java:constructSecretProvider(240)) - Unable to initialize FileSignerSecretProvider, falling back to use random secrets. Reason: Could not read signature secret file: /home/runner/hadoop-http-auth-signature-secret
2024-09-10 16:46:22,834 [main] INFO  http.HttpRequestLog (HttpRequestLog.java:getRequestLog(86)) - Http request log for http.requests.hddsDatanode is not defined
2024-09-10 16:46:22,835 [main] INFO  http.HttpServer2 (HttpServer2.java:addGlobalFilter(1035)) - Added global filter 'safety' (class=org.apache.hadoop.hdds.server.http.HttpServer2$QuotingInputFilter)
2024-09-10 16:46:22,835 [main] INFO  http.HttpServer2 (HttpServer2.java:addFilter(1011)) - Added filter static_user_filter (class=org.apache.hadoop.http.lib.StaticUserWebFilter$StaticUserFilter) to context hddsDatanode
2024-09-10 16:46:22,836 [main] INFO  http.HttpServer2 (HttpServer2.java:addFilter(1019)) - Added filter static_user_filter (class=org.apache.hadoop.http.lib.StaticUserWebFilter$StaticUserFilter) to context logs
2024-09-10 16:46:22,836 [main] INFO  http.HttpServer2 (HttpServer2.java:addFilter(1019)) - Added filter static_user_filter (class=org.apache.hadoop.http.lib.StaticUserWebFilter$StaticUserFilter) to context static
2024-09-10 16:46:22,837 [main] INFO  http.BaseHttpServer (BaseHttpServer.java:<init>(189)) - HTTP server of hddsDatanode uses base directory /home/runner/work/ozone/ozone/hadoop-ozone/integration-test/target/test-dir/MiniOzoneClusterImpl-4ea98613-7ec2-40e8-bdf5-64593f2fdf96/ozone-meta/datanode-5/meta/webserver
2024-09-10 16:46:22,837 [main] INFO  http.HttpServer2 (HttpServer2.java:bindListener(1235)) - Jetty bound to port 15204
2024-09-10 16:46:22,837 [main] INFO  server.Server (Server.java:doStart(375)) - jetty-9.4.56.v20240826; built: 2024-08-26T17:15:05.868Z; git: ec6782ff5ead824dabdcf47fa98f90a4aedff401; jvm 17.0.12+7
2024-09-10 16:46:22,838 [om1@group-C5BA1605619E-SegmentedRaftLogWorker] INFO  segmented.SegmentedRaftLogWorker (SegmentedRaftLogWorker.java:execute(637)) - om1@group-C5BA1605619E-SegmentedRaftLogWorker: created new log segment /home/runner/work/ozone/ozone/hadoop-ozone/integration-test/target/test-dir/MiniOzoneClusterImpl-4ea98613-7ec2-40e8-bdf5-64593f2fdf96/ozone-meta/ratis/bf265839-605b-3f16-9796-c5ba1605619e/current/log_inprogress_0
2024-09-10 16:46:22,840 [om1@group-C5BA1605619E-StateMachineUpdater] INFO  ratis.OzoneManagerStateMachine (OzoneManagerStateMachine.java:notifyConfigurationChanged(216)) - Received Configuration change notification from Ratis. New Peer list:
[id: "om1"
address: "localhost:15166"
startupRole: FOLLOWER
]
2024-09-10 16:46:22,840 [om1@group-C5BA1605619E-StateMachineUpdater] INFO  server.RaftServer$Division (LeaderStateImpl.java:checkStartIndex(316)) - Leader om1@group-C5BA1605619E-LeaderStateImpl is ready since appliedIndex == startIndex == 0
2024-09-10 16:46:22,841 [main] INFO  server.session (DefaultSessionIdManager.java:doStart(334)) - DefaultSessionIdManager workerName=node0
2024-09-10 16:46:22,841 [main] INFO  server.session (DefaultSessionIdManager.java:doStart(339)) - No SessionScavenger set, using defaults
2024-09-10 16:46:22,841 [main] INFO  server.session (HouseKeeper.java:startScavenging(132)) - node0 Scavenging every 600000ms
2024-09-10 16:46:22,842 [main] INFO  handler.ContextHandler (ContextHandler.java:doStart(921)) - Started o.e.j.s.ServletContextHandler@733620d0{logs,/logs,file:///home/runner/work/ozone/ozone/hadoop-ozone/integration-test/target/log,AVAILABLE}
2024-09-10 16:46:22,842 [main] INFO  handler.ContextHandler (ContextHandler.java:doStart(921)) - Started o.e.j.s.ServletContextHandler@30c23fcb{static,/static,jar:file:/home/runner/work/ozone/ozone/hadoop-hdds/container-service/target/hdds-container-service-1.5.0-SNAPSHOT.jar!/webapps/static,AVAILABLE}
2024-09-10 16:46:23,031 [main] INFO  handler.ContextHandler (ContextHandler.java:doStart(921)) - Started o.e.j.w.WebAppContext@2918e3d7{hddsDatanode,/,file:///home/runner/work/ozone/ozone/hadoop-ozone/integration-test/target/test-dir/MiniOzoneClusterImpl-4ea98613-7ec2-40e8-bdf5-64593f2fdf96/ozone-meta/datanode-5/meta/webserver/jetty-0_0_0_0-15204-hdds-container-service-1_5_0-SNAPSHOT_jar-_-any-11814634136868689333/webapp/,AVAILABLE}{jar:file:/home/runner/work/ozone/ozone/hadoop-hdds/container-service/target/hdds-container-service-1.5.0-SNAPSHOT.jar!/webapps/hddsDatanode}
2024-09-10 16:46:23,032 [main] INFO  server.AbstractConnector (AbstractConnector.java:doStart(333)) - Started ServerConnector@34ef29c5{HTTP/1.1, (http/1.1)}{0.0.0.0:15204}
2024-09-10 16:46:23,032 [main] INFO  server.Server (Server.java:doStart(415)) - Started @122393ms
2024-09-10 16:46:23,032 [main] WARN  impl.MetricsSystemImpl (MetricsSystemImpl.java:register(279)) - Sink prometheus already exists!
2024-09-10 16:46:23,033 [main] INFO  http.BaseHttpServer (BaseHttpServer.java:updateConnectorAddress(354)) - HTTP server of hddsDatanode listening at http://0.0.0.0:15204
2024-09-10 16:46:23,033 [main] INFO  ipc.CallQueueManager (CallQueueManager.java:<init>(90)) - Using callQueue: class java.util.concurrent.LinkedBlockingQueue, queueCapacity: 1000, scheduler: class org.apache.hadoop.ipc.DefaultRpcScheduler, ipcBackoff: false.
2024-09-10 16:46:23,033 [main] INFO  ipc.Server (Server.java:<init>(1287)) - Listener at 0.0.0.0:15205
2024-09-10 16:46:23,034 [Socket Reader #1 for port 15205] INFO  ipc.Server (Server.java:run(1323)) - Starting Socket Reader #1 for port 15205
2024-09-10 16:46:23,034 [Socket Reader #2 for port 15205] INFO  ipc.Server (Server.java:run(1323)) - Starting Socket Reader #2 for port 15205
2024-09-10 16:46:23,034 [Socket Reader #3 for port 15205] INFO  ipc.Server (Server.java:run(1323)) - Starting Socket Reader #3 for port 15205
2024-09-10 16:46:23,034 [Socket Reader #4 for port 15205] INFO  ipc.Server (Server.java:run(1323)) - Starting Socket Reader #4 for port 15205
2024-09-10 16:46:23,035 [Socket Reader #5 for port 15205] INFO  ipc.Server (Server.java:run(1323)) - Starting Socket Reader #5 for port 15205
2024-09-10 16:46:23,035 [Socket Reader #6 for port 15205] INFO  ipc.Server (Server.java:run(1323)) - Starting Socket Reader #6 for port 15205
2024-09-10 16:46:23,035 [Socket Reader #7 for port 15205] INFO  ipc.Server (Server.java:run(1323)) - Starting Socket Reader #7 for port 15205
2024-09-10 16:46:23,035 [Socket Reader #8 for port 15205] INFO  ipc.Server (Server.java:run(1323)) - Starting Socket Reader #8 for port 15205
2024-09-10 16:46:23,035 [Socket Reader #9 for port 15205] INFO  ipc.Server (Server.java:run(1323)) - Starting Socket Reader #9 for port 15205
2024-09-10 16:46:23,035 [Socket Reader #10 for port 15205] INFO  ipc.Server (Server.java:run(1323)) - Starting Socket Reader #10 for port 15205
2024-09-10 16:46:23,036 [main] INFO  ozone.HddsDatanodeService (HddsDatanodeService.java:start(319)) - Datanode start with admins: [runner]
2024-09-10 16:46:23,037 [main] INFO  ozone.HddsDatanodeClientProtocolServer (HddsDatanodeClientProtocolServer.java:start(79)) - RPC server for Client /0.0.0.0:15205
2024-09-10 16:46:23,037 [IPC Server Responder] INFO  ipc.Server (Server.java:run(1562)) - IPC Server Responder: starting
2024-09-10 16:46:23,037 [IPC Server listener on 15205] INFO  ipc.Server (Server.java:run(1402)) - IPC Server listener on 15205: starting
2024-09-10 16:46:23,038 [main] INFO  ozone.MiniOzoneClusterImpl (MiniOzoneClusterImpl.java:lambda$waitForClusterToBeReady$0(198)) - Waiting for nodes to be ready. Got 0 of 5 DN Heartbeats.
2024-09-10 16:46:23,039 [main] INFO  ozone.MiniOzoneClusterImpl (MiniOzoneClusterImpl.java:lambda$waitForClusterToBeReady$0(201)) - Waiting for cluster to exit safe mode
2024-09-10 16:46:23,039 [main] INFO  ozone.MiniOzoneClusterImpl (MiniOzoneClusterImpl.java:lambda$waitForClusterToBeReady$0(203)) - SCM became leader
2024-09-10 16:46:23,039 [b02980de-72b7-4a99-a802-296f21296c04-DatanodeStateMachineDaemonThread] INFO  statemachine.DatanodeStateMachine (DatanodeStateMachine.java:startStateMachineThread(337)) - Ozone container server started.
2024-09-10 16:46:23,041 [b02980de-72b7-4a99-a802-296f21296c04-DatanodeStateMachineTaskThread-0] INFO  datanode.InitDatanodeState (InitDatanodeState.java:persistContainerDatanodeDetails(139)) - DatanodeDetails is persisted to /home/runner/work/ozone/ozone/hadoop-ozone/integration-test/target/test-dir/MiniOzoneClusterImpl-4ea98613-7ec2-40e8-bdf5-64593f2fdf96/ozone-meta/datanode-5/meta/datanode.id
2024-09-10 16:46:24,039 [main] INFO  ozone.MiniOzoneClusterImpl (MiniOzoneClusterImpl.java:lambda$waitForClusterToBeReady$0(198)) - Waiting for nodes to be ready. Got 0 of 5 DN Heartbeats.
2024-09-10 16:46:24,039 [main] INFO  ozone.MiniOzoneClusterImpl (MiniOzoneClusterImpl.java:lambda$waitForClusterToBeReady$0(201)) - Waiting for cluster to exit safe mode
2024-09-10 16:46:24,039 [main] INFO  ozone.MiniOzoneClusterImpl (MiniOzoneClusterImpl.java:lambda$waitForClusterToBeReady$0(203)) - SCM became leader
2024-09-10 16:46:24,129 [e5502358-b128-4a46-b87d-f44ed006f965-EndpointStateMachineTaskThread-/0.0.0.0:15161-0 ] INFO  utils.DatanodeStoreCache (DatanodeStoreCache.java:addDB(72)) - Added db /home/runner/work/ozone/ozone/hadoop-ozone/integration-test/target/test-dir/MiniOzoneClusterImpl-4ea98613-7ec2-40e8-bdf5-64593f2fdf96/ozone-meta/datanode-1/data-0/hdds/4ea98613-7ec2-40e8-bdf5-64593f2fdf96/DS-43fa935b-a4f9-4809-accb-fd45f2307b5f/container.db to cache
2024-09-10 16:46:24,129 [e5502358-b128-4a46-b87d-f44ed006f965-EndpointStateMachineTaskThread-/0.0.0.0:15161-0 ] INFO  volume.HddsVolume (HddsVolume.java:createDbStore(429)) - SchemaV3 db is created and loaded at /home/runner/work/ozone/ozone/hadoop-ozone/integration-test/target/test-dir/MiniOzoneClusterImpl-4ea98613-7ec2-40e8-bdf5-64593f2fdf96/ozone-meta/datanode-1/data-0/hdds/4ea98613-7ec2-40e8-bdf5-64593f2fdf96/DS-43fa935b-a4f9-4809-accb-fd45f2307b5f/container.db for volume DS-43fa935b-a4f9-4809-accb-fd45f2307b5f
2024-09-10 16:46:24,131 [e5502358-b128-4a46-b87d-f44ed006f965-ContainerReader-0] INFO  ozoneimpl.ContainerReader (ContainerReader.java:readVolume(148)) - Start to verify containers on volume /home/runner/work/ozone/ozone/hadoop-ozone/integration-test/target/test-dir/MiniOzoneClusterImpl-4ea98613-7ec2-40e8-bdf5-64593f2fdf96/ozone-meta/datanode-1/data-0/hdds
2024-09-10 16:46:24,131 [e5502358-b128-4a46-b87d-f44ed006f965-ContainerReader-0] INFO  ozoneimpl.ContainerReader (ContainerReader.java:readVolume(178)) - Finish verifying containers on volume /home/runner/work/ozone/ozone/hadoop-ozone/integration-test/target/test-dir/MiniOzoneClusterImpl-4ea98613-7ec2-40e8-bdf5-64593f2fdf96/ozone-meta/datanode-1/data-0/hdds
2024-09-10 16:46:24,132 [e5502358-b128-4a46-b87d-f44ed006f965-EndpointStateMachineTaskThread-/0.0.0.0:15161-0 ] INFO  ozoneimpl.OzoneContainer (OzoneContainer.java:buildContainerSet(344)) - Build ContainerSet costs 0s
2024-09-10 16:46:24,132 [e5502358-b128-4a46-b87d-f44ed006f965-EndpointStateMachineTaskThread-/0.0.0.0:15161-0 ] INFO  volume.ThrottledAsyncChecker (ThrottledAsyncChecker.java:schedule(141)) - Scheduling a check for /home/runner/work/ozone/ozone/hadoop-ozone/integration-test/target/test-dir/MiniOzoneClusterImpl-4ea98613-7ec2-40e8-bdf5-64593f2fdf96/ozone-meta/datanode-1/data-0/hdds
2024-09-10 16:46:24,132 [e5502358-b128-4a46-b87d-f44ed006f965-EndpointStateMachineTaskThread-/0.0.0.0:15161-0 ] INFO  volume.StorageVolumeChecker (StorageVolumeChecker.java:checkAllVolumes(218)) - Scheduled health check for volume /home/runner/work/ozone/ozone/hadoop-ozone/integration-test/target/test-dir/MiniOzoneClusterImpl-4ea98613-7ec2-40e8-bdf5-64593f2fdf96/ozone-meta/datanode-1/data-0/hdds
2024-09-10 16:46:24,134 [e5502358-b128-4a46-b87d-f44ed006f965-EndpointStateMachineTaskThread-/0.0.0.0:15161-0 ] INFO  volume.ThrottledAsyncChecker (ThrottledAsyncChecker.java:schedule(141)) - Scheduling a check for /home/runner/work/ozone/ozone/hadoop-ozone/integration-test/target/test-dir/MiniOzoneClusterImpl-4ea98613-7ec2-40e8-bdf5-64593f2fdf96/ozone-meta/datanode-1/ratis
2024-09-10 16:46:24,134 [e5502358-b128-4a46-b87d-f44ed006f965-EndpointStateMachineTaskThread-/0.0.0.0:15161-0 ] INFO  volume.StorageVolumeChecker (StorageVolumeChecker.java:checkAllVolumes(218)) - Scheduled health check for volume /home/runner/work/ozone/ozone/hadoop-ozone/integration-test/target/test-dir/MiniOzoneClusterImpl-4ea98613-7ec2-40e8-bdf5-64593f2fdf96/ozone-meta/datanode-1/ratis
2024-09-10 16:46:24,135 [e5502358-b128-4a46-b87d-f44ed006f965-EndpointStateMachineTaskThread-/0.0.0.0:15161-0 ] INFO  ozoneimpl.OzoneContainer (OzoneContainer.java:start(475)) - Attempting to start container services.
2024-09-10 16:46:24,136 [ContainerMetadataScanner] INFO  ozoneimpl.AbstractBackgroundContainerScanner (AbstractBackgroundContainerScanner.java:runIteration(87)) - Completed an iteration in 0 minutes. Number of iterations (since the data-node restart) : 1, Number of containers scanned in this iteration : 0, Number of unhealthy containers found in this iteration : 0
2024-09-10 16:46:24,136 [ContainerDataScanner(/home/runner/work/ozone/ozone/hadoop-ozone/integration-test/target/test-dir/MiniOzoneClusterImpl-4ea98613-7ec2-40e8-bdf5-64593f2fdf96/ozone-meta/datanode-1/data-0/hdds)] INFO  ozoneimpl.AbstractBackgroundContainerScanner (AbstractBackgroundContainerScanner.java:runIteration(87)) - Completed an iteration in 0 minutes. Number of iterations (since the data-node restart) : 1, Number of containers scanned in this iteration : 0, Number of unhealthy containers found in this iteration : 0
2024-09-10 16:46:24,136 [e5502358-b128-4a46-b87d-f44ed006f965-EndpointStateMachineTaskThread-/0.0.0.0:15161-0 ] INFO  replication.ReplicationServer (ReplicationServer.java:start(140)) - ReplicationServer is started using port 15175
2024-09-10 16:46:24,137 [e5502358-b128-4a46-b87d-f44ed006f965-EndpointStateMachineTaskThread-/0.0.0.0:15161-0 ] INFO  ratis.XceiverServerRatis (XceiverServerRatis.java:start(561)) - Starting XceiverServerRatis e5502358-b128-4a46-b87d-f44ed006f965
2024-09-10 16:46:24,137 [e5502358-b128-4a46-b87d-f44ed006f965-EndpointStateMachineTaskThread-/0.0.0.0:15161-0 ] INFO  server.RaftServer (RaftServerProxy.java:startImpl(408)) - e5502358-b128-4a46-b87d-f44ed006f965: start RPC server
2024-09-10 16:46:24,137 [e5502358-b128-4a46-b87d-f44ed006f965-EndpointStateMachineTaskThread-/0.0.0.0:15161-0 ] INFO  server.GrpcService (GrpcService.java:startImpl(302)) - e5502358-b128-4a46-b87d-f44ed006f965: GrpcService started, listening on 15171
2024-09-10 16:46:24,138 [e5502358-b128-4a46-b87d-f44ed006f965-EndpointStateMachineTaskThread-/0.0.0.0:15161-0 ] INFO  ratis.XceiverServerRatis (XceiverServerRatis.java:getRealPort(587)) - XceiverServerRatis e5502358-b128-4a46-b87d-f44ed006f965 is started using port 15171 for RATIS
2024-09-10 16:46:24,138 [e5502358-b128-4a46-b87d-f44ed006f965-EndpointStateMachineTaskThread-/0.0.0.0:15161-0 ] INFO  ratis.XceiverServerRatis (XceiverServerRatis.java:getRealPort(587)) - XceiverServerRatis e5502358-b128-4a46-b87d-f44ed006f965 is started using port 15171 for RATIS_ADMIN
2024-09-10 16:46:24,138 [e5502358-b128-4a46-b87d-f44ed006f965-EndpointStateMachineTaskThread-/0.0.0.0:15161-0 ] INFO  ratis.XceiverServerRatis (XceiverServerRatis.java:getRealPort(587)) - XceiverServerRatis e5502358-b128-4a46-b87d-f44ed006f965 is started using port 15171 for RATIS_SERVER
2024-09-10 16:46:24,138 [e5502358-b128-4a46-b87d-f44ed006f965-EndpointStateMachineTaskThread-/0.0.0.0:15161-0 ] INFO  ratis.XceiverServerRatis (XceiverServerRatis.java:getRealPort(587)) - XceiverServerRatis e5502358-b128-4a46-b87d-f44ed006f965 is started using port 15174 for RATIS_DATASTREAM
2024-09-10 16:46:24,138 [JvmPauseMonitor23] INFO  util.JvmPauseMonitor (JvmPauseMonitor.java:run(146)) - JvmPauseMonitor-e5502358-b128-4a46-b87d-f44ed006f965: Started
2024-09-10 16:46:24,139 [e5502358-b128-4a46-b87d-f44ed006f965-BlockDeletingService#0] INFO  interfaces.ContainerDeletionChoosingPolicyTemplate (ContainerDeletionChoosingPolicyTemplate.java:chooseContainerForBlockDeletion(85)) - Chosen 0/5000 blocks from 0 candidate containers.
2024-09-10 16:46:24,365 [2330440b-2504-4263-b461-07f8c416a88f-EndpointStateMachineTaskThread-/0.0.0.0:15161-0 ] INFO  utils.DatanodeStoreCache (DatanodeStoreCache.java:addDB(72)) - Added db /home/runner/work/ozone/ozone/hadoop-ozone/integration-test/target/test-dir/MiniOzoneClusterImpl-4ea98613-7ec2-40e8-bdf5-64593f2fdf96/ozone-meta/datanode-2/data-0/hdds/4ea98613-7ec2-40e8-bdf5-64593f2fdf96/DS-252248ec-5af4-40b1-a99b-312c160e1ebd/container.db to cache
2024-09-10 16:46:24,365 [2330440b-2504-4263-b461-07f8c416a88f-EndpointStateMachineTaskThread-/0.0.0.0:15161-0 ] INFO  volume.HddsVolume (HddsVolume.java:createDbStore(429)) - SchemaV3 db is created and loaded at /home/runner/work/ozone/ozone/hadoop-ozone/integration-test/target/test-dir/MiniOzoneClusterImpl-4ea98613-7ec2-40e8-bdf5-64593f2fdf96/ozone-meta/datanode-2/data-0/hdds/4ea98613-7ec2-40e8-bdf5-64593f2fdf96/DS-252248ec-5af4-40b1-a99b-312c160e1ebd/container.db for volume DS-252248ec-5af4-40b1-a99b-312c160e1ebd
2024-09-10 16:46:24,367 [2330440b-2504-4263-b461-07f8c416a88f-ContainerReader-0] INFO  ozoneimpl.ContainerReader (ContainerReader.java:readVolume(148)) - Start to verify containers on volume /home/runner/work/ozone/ozone/hadoop-ozone/integration-test/target/test-dir/MiniOzoneClusterImpl-4ea98613-7ec2-40e8-bdf5-64593f2fdf96/ozone-meta/datanode-2/data-0/hdds
2024-09-10 16:46:24,367 [2330440b-2504-4263-b461-07f8c416a88f-ContainerReader-0] INFO  ozoneimpl.ContainerReader (ContainerReader.java:readVolume(178)) - Finish verifying containers on volume /home/runner/work/ozone/ozone/hadoop-ozone/integration-test/target/test-dir/MiniOzoneClusterImpl-4ea98613-7ec2-40e8-bdf5-64593f2fdf96/ozone-meta/datanode-2/data-0/hdds
2024-09-10 16:46:24,367 [2330440b-2504-4263-b461-07f8c416a88f-EndpointStateMachineTaskThread-/0.0.0.0:15161-0 ] INFO  ozoneimpl.OzoneContainer (OzoneContainer.java:buildContainerSet(344)) - Build ContainerSet costs 0s
2024-09-10 16:46:24,368 [2330440b-2504-4263-b461-07f8c416a88f-EndpointStateMachineTaskThread-/0.0.0.0:15161-0 ] INFO  volume.ThrottledAsyncChecker (ThrottledAsyncChecker.java:schedule(141)) - Scheduling a check for /home/runner/work/ozone/ozone/hadoop-ozone/integration-test/target/test-dir/MiniOzoneClusterImpl-4ea98613-7ec2-40e8-bdf5-64593f2fdf96/ozone-meta/datanode-2/data-0/hdds
2024-09-10 16:46:24,368 [2330440b-2504-4263-b461-07f8c416a88f-EndpointStateMachineTaskThread-/0.0.0.0:15161-0 ] INFO  volume.StorageVolumeChecker (StorageVolumeChecker.java:checkAllVolumes(218)) - Scheduled health check for volume /home/runner/work/ozone/ozone/hadoop-ozone/integration-test/target/test-dir/MiniOzoneClusterImpl-4ea98613-7ec2-40e8-bdf5-64593f2fdf96/ozone-meta/datanode-2/data-0/hdds
2024-09-10 16:46:24,369 [2330440b-2504-4263-b461-07f8c416a88f-EndpointStateMachineTaskThread-/0.0.0.0:15161-0 ] INFO  volume.ThrottledAsyncChecker (ThrottledAsyncChecker.java:schedule(141)) - Scheduling a check for /home/runner/work/ozone/ozone/hadoop-ozone/integration-test/target/test-dir/MiniOzoneClusterImpl-4ea98613-7ec2-40e8-bdf5-64593f2fdf96/ozone-meta/datanode-2/ratis
2024-09-10 16:46:24,369 [2330440b-2504-4263-b461-07f8c416a88f-EndpointStateMachineTaskThread-/0.0.0.0:15161-0 ] INFO  volume.StorageVolumeChecker (StorageVolumeChecker.java:checkAllVolumes(218)) - Scheduled health check for volume /home/runner/work/ozone/ozone/hadoop-ozone/integration-test/target/test-dir/MiniOzoneClusterImpl-4ea98613-7ec2-40e8-bdf5-64593f2fdf96/ozone-meta/datanode-2/ratis
2024-09-10 16:46:24,370 [2330440b-2504-4263-b461-07f8c416a88f-EndpointStateMachineTaskThread-/0.0.0.0:15161-0 ] INFO  ozoneimpl.OzoneContainer (OzoneContainer.java:start(475)) - Attempting to start container services.
2024-09-10 16:46:24,370 [2330440b-2504-4263-b461-07f8c416a88f-EndpointStateMachineTaskThread-/0.0.0.0:15161-0 ] WARN  ozoneimpl.OnDemandContainerDataScanner (OnDemandContainerDataScanner.java:init(75)) - Trying to initialize on demand scanner a second time on a datanode.
2024-09-10 16:46:24,370 [ContainerMetadataScanner] INFO  ozoneimpl.AbstractBackgroundContainerScanner (AbstractBackgroundContainerScanner.java:runIteration(87)) - Completed an iteration in 0 minutes. Number of iterations (since the data-node restart) : 1, Number of containers scanned in this iteration : 0, Number of unhealthy containers found in this iteration : 0
2024-09-10 16:46:24,370 [ContainerDataScanner(/home/runner/work/ozone/ozone/hadoop-ozone/integration-test/target/test-dir/MiniOzoneClusterImpl-4ea98613-7ec2-40e8-bdf5-64593f2fdf96/ozone-meta/datanode-2/data-0/hdds)] INFO  ozoneimpl.AbstractBackgroundContainerScanner (AbstractBackgroundContainerScanner.java:runIteration(87)) - Completed an iteration in 0 minutes. Number of iterations (since the data-node restart) : 1, Number of containers scanned in this iteration : 0, Number of unhealthy containers found in this iteration : 0
2024-09-10 16:46:24,371 [2330440b-2504-4263-b461-07f8c416a88f-EndpointStateMachineTaskThread-/0.0.0.0:15161-0 ] INFO  replication.ReplicationServer (ReplicationServer.java:start(140)) - ReplicationServer is started using port 15184
2024-09-10 16:46:24,371 [2330440b-2504-4263-b461-07f8c416a88f-EndpointStateMachineTaskThread-/0.0.0.0:15161-0 ] INFO  ratis.XceiverServerRatis (XceiverServerRatis.java:start(561)) - Starting XceiverServerRatis 2330440b-2504-4263-b461-07f8c416a88f
2024-09-10 16:46:24,371 [2330440b-2504-4263-b461-07f8c416a88f-EndpointStateMachineTaskThread-/0.0.0.0:15161-0 ] INFO  server.RaftServer (RaftServerProxy.java:startImpl(408)) - 2330440b-2504-4263-b461-07f8c416a88f: start RPC server
2024-09-10 16:46:24,372 [2330440b-2504-4263-b461-07f8c416a88f-EndpointStateMachineTaskThread-/0.0.0.0:15161-0 ] INFO  server.GrpcService (GrpcService.java:startImpl(302)) - 2330440b-2504-4263-b461-07f8c416a88f: GrpcService started, listening on 15180
2024-09-10 16:46:24,372 [2330440b-2504-4263-b461-07f8c416a88f-EndpointStateMachineTaskThread-/0.0.0.0:15161-0 ] INFO  ratis.XceiverServerRatis (XceiverServerRatis.java:getRealPort(587)) - XceiverServerRatis 2330440b-2504-4263-b461-07f8c416a88f is started using port 15180 for RATIS
2024-09-10 16:46:24,372 [JvmPauseMonitor24] INFO  util.JvmPauseMonitor (JvmPauseMonitor.java:run(146)) - JvmPauseMonitor-2330440b-2504-4263-b461-07f8c416a88f: Started
2024-09-10 16:46:24,372 [2330440b-2504-4263-b461-07f8c416a88f-EndpointStateMachineTaskThread-/0.0.0.0:15161-0 ] INFO  ratis.XceiverServerRatis (XceiverServerRatis.java:getRealPort(587)) - XceiverServerRatis 2330440b-2504-4263-b461-07f8c416a88f is started using port 15180 for RATIS_ADMIN
2024-09-10 16:46:24,372 [2330440b-2504-4263-b461-07f8c416a88f-EndpointStateMachineTaskThread-/0.0.0.0:15161-0 ] INFO  ratis.XceiverServerRatis (XceiverServerRatis.java:getRealPort(587)) - XceiverServerRatis 2330440b-2504-4263-b461-07f8c416a88f is started using port 15180 for RATIS_SERVER
2024-09-10 16:46:24,372 [2330440b-2504-4263-b461-07f8c416a88f-EndpointStateMachineTaskThread-/0.0.0.0:15161-0 ] INFO  ratis.XceiverServerRatis (XceiverServerRatis.java:getRealPort(587)) - XceiverServerRatis 2330440b-2504-4263-b461-07f8c416a88f is started using port 15183 for RATIS_DATASTREAM
2024-09-10 16:46:24,379 [2330440b-2504-4263-b461-07f8c416a88f-BlockDeletingService#0] INFO  interfaces.ContainerDeletionChoosingPolicyTemplate (ContainerDeletionChoosingPolicyTemplate.java:chooseContainerForBlockDeletion(85)) - Chosen 0/5000 blocks from 0 candidate containers.
2024-09-10 16:46:24,597 [f49a985e-efe9-405d-8922-13d0c1bb1d78-EndpointStateMachineTaskThread-/0.0.0.0:15161-0 ] INFO  utils.DatanodeStoreCache (DatanodeStoreCache.java:addDB(72)) - Added db /home/runner/work/ozone/ozone/hadoop-ozone/integration-test/target/test-dir/MiniOzoneClusterImpl-4ea98613-7ec2-40e8-bdf5-64593f2fdf96/ozone-meta/datanode-3/data-0/hdds/4ea98613-7ec2-40e8-bdf5-64593f2fdf96/DS-ef7ff716-8888-4ef0-9bf3-80ced1797c12/container.db to cache
2024-09-10 16:46:24,597 [f49a985e-efe9-405d-8922-13d0c1bb1d78-EndpointStateMachineTaskThread-/0.0.0.0:15161-0 ] INFO  volume.HddsVolume (HddsVolume.java:createDbStore(429)) - SchemaV3 db is created and loaded at /home/runner/work/ozone/ozone/hadoop-ozone/integration-test/target/test-dir/MiniOzoneClusterImpl-4ea98613-7ec2-40e8-bdf5-64593f2fdf96/ozone-meta/datanode-3/data-0/hdds/4ea98613-7ec2-40e8-bdf5-64593f2fdf96/DS-ef7ff716-8888-4ef0-9bf3-80ced1797c12/container.db for volume DS-ef7ff716-8888-4ef0-9bf3-80ced1797c12
2024-09-10 16:46:24,599 [f49a985e-efe9-405d-8922-13d0c1bb1d78-ContainerReader-0] INFO  ozoneimpl.ContainerReader (ContainerReader.java:readVolume(148)) - Start to verify containers on volume /home/runner/work/ozone/ozone/hadoop-ozone/integration-test/target/test-dir/MiniOzoneClusterImpl-4ea98613-7ec2-40e8-bdf5-64593f2fdf96/ozone-meta/datanode-3/data-0/hdds
2024-09-10 16:46:24,599 [f49a985e-efe9-405d-8922-13d0c1bb1d78-ContainerReader-0] INFO  ozoneimpl.ContainerReader (ContainerReader.java:readVolume(178)) - Finish verifying containers on volume /home/runner/work/ozone/ozone/hadoop-ozone/integration-test/target/test-dir/MiniOzoneClusterImpl-4ea98613-7ec2-40e8-bdf5-64593f2fdf96/ozone-meta/datanode-3/data-0/hdds
2024-09-10 16:46:24,599 [f49a985e-efe9-405d-8922-13d0c1bb1d78-EndpointStateMachineTaskThread-/0.0.0.0:15161-0 ] INFO  ozoneimpl.OzoneContainer (OzoneContainer.java:buildContainerSet(344)) - Build ContainerSet costs 0s
2024-09-10 16:46:24,599 [f49a985e-efe9-405d-8922-13d0c1bb1d78-EndpointStateMachineTaskThread-/0.0.0.0:15161-0 ] INFO  volume.ThrottledAsyncChecker (ThrottledAsyncChecker.java:schedule(141)) - Scheduling a check for /home/runner/work/ozone/ozone/hadoop-ozone/integration-test/target/test-dir/MiniOzoneClusterImpl-4ea98613-7ec2-40e8-bdf5-64593f2fdf96/ozone-meta/datanode-3/data-0/hdds
2024-09-10 16:46:24,599 [f49a985e-efe9-405d-8922-13d0c1bb1d78-EndpointStateMachineTaskThread-/0.0.0.0:15161-0 ] INFO  volume.StorageVolumeChecker (StorageVolumeChecker.java:checkAllVolumes(218)) - Scheduled health check for volume /home/runner/work/ozone/ozone/hadoop-ozone/integration-test/target/test-dir/MiniOzoneClusterImpl-4ea98613-7ec2-40e8-bdf5-64593f2fdf96/ozone-meta/datanode-3/data-0/hdds
2024-09-10 16:46:24,600 [f49a985e-efe9-405d-8922-13d0c1bb1d78-EndpointStateMachineTaskThread-/0.0.0.0:15161-0 ] INFO  volume.ThrottledAsyncChecker (ThrottledAsyncChecker.java:schedule(141)) - Scheduling a check for /home/runner/work/ozone/ozone/hadoop-ozone/integration-test/target/test-dir/MiniOzoneClusterImpl-4ea98613-7ec2-40e8-bdf5-64593f2fdf96/ozone-meta/datanode-3/ratis
2024-09-10 16:46:24,600 [f49a985e-efe9-405d-8922-13d0c1bb1d78-EndpointStateMachineTaskThread-/0.0.0.0:15161-0 ] INFO  volume.StorageVolumeChecker (StorageVolumeChecker.java:checkAllVolumes(218)) - Scheduled health check for volume /home/runner/work/ozone/ozone/hadoop-ozone/integration-test/target/test-dir/MiniOzoneClusterImpl-4ea98613-7ec2-40e8-bdf5-64593f2fdf96/ozone-meta/datanode-3/ratis
2024-09-10 16:46:24,601 [f49a985e-efe9-405d-8922-13d0c1bb1d78-EndpointStateMachineTaskThread-/0.0.0.0:15161-0 ] INFO  ozoneimpl.OzoneContainer (OzoneContainer.java:start(475)) - Attempting to start container services.
2024-09-10 16:46:24,601 [f49a985e-efe9-405d-8922-13d0c1bb1d78-EndpointStateMachineTaskThread-/0.0.0.0:15161-0 ] WARN  ozoneimpl.OnDemandContainerDataScanner (OnDemandContainerDataScanner.java:init(75)) - Trying to initialize on demand scanner a second time on a datanode.
2024-09-10 16:46:24,601 [ContainerMetadataScanner] INFO  ozoneimpl.AbstractBackgroundContainerScanner (AbstractBackgroundContainerScanner.java:runIteration(87)) - Completed an iteration in 0 minutes. Number of iterations (since the data-node restart) : 1, Number of containers scanned in this iteration : 0, Number of unhealthy containers found in this iteration : 0
2024-09-10 16:46:24,602 [ContainerDataScanner(/home/runner/work/ozone/ozone/hadoop-ozone/integration-test/target/test-dir/MiniOzoneClusterImpl-4ea98613-7ec2-40e8-bdf5-64593f2fdf96/ozone-meta/datanode-3/data-0/hdds)] INFO  ozoneimpl.AbstractBackgroundContainerScanner (AbstractBackgroundContainerScanner.java:runIteration(87)) - Completed an iteration in 0 minutes. Number of iterations (since the data-node restart) : 1, Number of containers scanned in this iteration : 0, Number of unhealthy containers found in this iteration : 0
2024-09-10 16:46:24,602 [f49a985e-efe9-405d-8922-13d0c1bb1d78-EndpointStateMachineTaskThread-/0.0.0.0:15161-0 ] INFO  replication.ReplicationServer (ReplicationServer.java:start(140)) - ReplicationServer is started using port 15193
2024-09-10 16:46:24,602 [f49a985e-efe9-405d-8922-13d0c1bb1d78-EndpointStateMachineTaskThread-/0.0.0.0:15161-0 ] INFO  ratis.XceiverServerRatis (XceiverServerRatis.java:start(561)) - Starting XceiverServerRatis f49a985e-efe9-405d-8922-13d0c1bb1d78
2024-09-10 16:46:24,602 [f49a985e-efe9-405d-8922-13d0c1bb1d78-EndpointStateMachineTaskThread-/0.0.0.0:15161-0 ] INFO  server.RaftServer (RaftServerProxy.java:startImpl(408)) - f49a985e-efe9-405d-8922-13d0c1bb1d78: start RPC server
2024-09-10 16:46:24,603 [f49a985e-efe9-405d-8922-13d0c1bb1d78-EndpointStateMachineTaskThread-/0.0.0.0:15161-0 ] INFO  server.GrpcService (GrpcService.java:startImpl(302)) - f49a985e-efe9-405d-8922-13d0c1bb1d78: GrpcService started, listening on 15189
2024-09-10 16:46:24,603 [f49a985e-efe9-405d-8922-13d0c1bb1d78-EndpointStateMachineTaskThread-/0.0.0.0:15161-0 ] INFO  ratis.XceiverServerRatis (XceiverServerRatis.java:getRealPort(587)) - XceiverServerRatis f49a985e-efe9-405d-8922-13d0c1bb1d78 is started using port 15189 for RATIS
2024-09-10 16:46:24,603 [f49a985e-efe9-405d-8922-13d0c1bb1d78-EndpointStateMachineTaskThread-/0.0.0.0:15161-0 ] INFO  ratis.XceiverServerRatis (XceiverServerRatis.java:getRealPort(587)) - XceiverServerRatis f49a985e-efe9-405d-8922-13d0c1bb1d78 is started using port 15189 for RATIS_ADMIN
2024-09-10 16:46:24,603 [f49a985e-efe9-405d-8922-13d0c1bb1d78-EndpointStateMachineTaskThread-/0.0.0.0:15161-0 ] INFO  ratis.XceiverServerRatis (XceiverServerRatis.java:getRealPort(587)) - XceiverServerRatis f49a985e-efe9-405d-8922-13d0c1bb1d78 is started using port 15189 for RATIS_SERVER
2024-09-10 16:46:24,603 [f49a985e-efe9-405d-8922-13d0c1bb1d78-EndpointStateMachineTaskThread-/0.0.0.0:15161-0 ] INFO  ratis.XceiverServerRatis (XceiverServerRatis.java:getRealPort(587)) - XceiverServerRatis f49a985e-efe9-405d-8922-13d0c1bb1d78 is started using port 15192 for RATIS_DATASTREAM
2024-09-10 16:46:24,603 [JvmPauseMonitor25] INFO  util.JvmPauseMonitor (JvmPauseMonitor.java:run(146)) - JvmPauseMonitor-f49a985e-efe9-405d-8922-13d0c1bb1d78: Started
2024-09-10 16:46:24,604 [f49a985e-efe9-405d-8922-13d0c1bb1d78-BlockDeletingService#0] INFO  interfaces.ContainerDeletionChoosingPolicyTemplate (ContainerDeletionChoosingPolicyTemplate.java:chooseContainerForBlockDeletion(85)) - Chosen 0/5000 blocks from 0 candidate containers.
2024-09-10 16:46:24,831 [c95620fd-712c-4929-b988-78cb42202719-EndpointStateMachineTaskThread-/0.0.0.0:15161-0 ] INFO  utils.DatanodeStoreCache (DatanodeStoreCache.java:addDB(72)) - Added db /home/runner/work/ozone/ozone/hadoop-ozone/integration-test/target/test-dir/MiniOzoneClusterImpl-4ea98613-7ec2-40e8-bdf5-64593f2fdf96/ozone-meta/datanode-4/data-0/hdds/4ea98613-7ec2-40e8-bdf5-64593f2fdf96/DS-94c6076b-6cdd-4a2b-a89c-cc35a629c6a3/container.db to cache
2024-09-10 16:46:24,831 [c95620fd-712c-4929-b988-78cb42202719-EndpointStateMachineTaskThread-/0.0.0.0:15161-0 ] INFO  volume.HddsVolume (HddsVolume.java:createDbStore(429)) - SchemaV3 db is created and loaded at /home/runner/work/ozone/ozone/hadoop-ozone/integration-test/target/test-dir/MiniOzoneClusterImpl-4ea98613-7ec2-40e8-bdf5-64593f2fdf96/ozone-meta/datanode-4/data-0/hdds/4ea98613-7ec2-40e8-bdf5-64593f2fdf96/DS-94c6076b-6cdd-4a2b-a89c-cc35a629c6a3/container.db for volume DS-94c6076b-6cdd-4a2b-a89c-cc35a629c6a3
2024-09-10 16:46:24,833 [c95620fd-712c-4929-b988-78cb42202719-ContainerReader-0] INFO  ozoneimpl.ContainerReader (ContainerReader.java:readVolume(148)) - Start to verify containers on volume /home/runner/work/ozone/ozone/hadoop-ozone/integration-test/target/test-dir/MiniOzoneClusterImpl-4ea98613-7ec2-40e8-bdf5-64593f2fdf96/ozone-meta/datanode-4/data-0/hdds
2024-09-10 16:46:24,833 [c95620fd-712c-4929-b988-78cb42202719-ContainerReader-0] INFO  ozoneimpl.ContainerReader (ContainerReader.java:readVolume(178)) - Finish verifying containers on volume /home/runner/work/ozone/ozone/hadoop-ozone/integration-test/target/test-dir/MiniOzoneClusterImpl-4ea98613-7ec2-40e8-bdf5-64593f2fdf96/ozone-meta/datanode-4/data-0/hdds
2024-09-10 16:46:24,833 [c95620fd-712c-4929-b988-78cb42202719-EndpointStateMachineTaskThread-/0.0.0.0:15161-0 ] INFO  ozoneimpl.OzoneContainer (OzoneContainer.java:buildContainerSet(344)) - Build ContainerSet costs 0s
2024-09-10 16:46:24,834 [c95620fd-712c-4929-b988-78cb42202719-EndpointStateMachineTaskThread-/0.0.0.0:15161-0 ] INFO  volume.ThrottledAsyncChecker (ThrottledAsyncChecker.java:schedule(141)) - Scheduling a check for /home/runner/work/ozone/ozone/hadoop-ozone/integration-test/target/test-dir/MiniOzoneClusterImpl-4ea98613-7ec2-40e8-bdf5-64593f2fdf96/ozone-meta/datanode-4/data-0/hdds
2024-09-10 16:46:24,834 [c95620fd-712c-4929-b988-78cb42202719-EndpointStateMachineTaskThread-/0.0.0.0:15161-0 ] INFO  volume.StorageVolumeChecker (StorageVolumeChecker.java:checkAllVolumes(218)) - Scheduled health check for volume /home/runner/work/ozone/ozone/hadoop-ozone/integration-test/target/test-dir/MiniOzoneClusterImpl-4ea98613-7ec2-40e8-bdf5-64593f2fdf96/ozone-meta/datanode-4/data-0/hdds
2024-09-10 16:46:24,835 [c95620fd-712c-4929-b988-78cb42202719-EndpointStateMachineTaskThread-/0.0.0.0:15161-0 ] INFO  volume.ThrottledAsyncChecker (ThrottledAsyncChecker.java:schedule(141)) - Scheduling a check for /home/runner/work/ozone/ozone/hadoop-ozone/integration-test/target/test-dir/MiniOzoneClusterImpl-4ea98613-7ec2-40e8-bdf5-64593f2fdf96/ozone-meta/datanode-4/ratis
2024-09-10 16:46:24,835 [c95620fd-712c-4929-b988-78cb42202719-EndpointStateMachineTaskThread-/0.0.0.0:15161-0 ] INFO  volume.StorageVolumeChecker (StorageVolumeChecker.java:checkAllVolumes(218)) - Scheduled health check for volume /home/runner/work/ozone/ozone/hadoop-ozone/integration-test/target/test-dir/MiniOzoneClusterImpl-4ea98613-7ec2-40e8-bdf5-64593f2fdf96/ozone-meta/datanode-4/ratis
2024-09-10 16:46:24,836 [c95620fd-712c-4929-b988-78cb42202719-EndpointStateMachineTaskThread-/0.0.0.0:15161-0 ] INFO  ozoneimpl.OzoneContainer (OzoneContainer.java:start(475)) - Attempting to start container services.
2024-09-10 16:46:24,836 [c95620fd-712c-4929-b988-78cb42202719-EndpointStateMachineTaskThread-/0.0.0.0:15161-0 ] WARN  ozoneimpl.OnDemandContainerDataScanner (OnDemandContainerDataScanner.java:init(75)) - Trying to initialize on demand scanner a second time on a datanode.
2024-09-10 16:46:24,840 [ContainerMetadataScanner] INFO  ozoneimpl.AbstractBackgroundContainerScanner (AbstractBackgroundContainerScanner.java:runIteration(87)) - Completed an iteration in 0 minutes. Number of iterations (since the data-node restart) : 1, Number of containers scanned in this iteration : 0, Number of unhealthy containers found in this iteration : 0
2024-09-10 16:46:24,840 [ContainerDataScanner(/home/runner/work/ozone/ozone/hadoop-ozone/integration-test/target/test-dir/MiniOzoneClusterImpl-4ea98613-7ec2-40e8-bdf5-64593f2fdf96/ozone-meta/datanode-4/data-0/hdds)] INFO  ozoneimpl.AbstractBackgroundContainerScanner (AbstractBackgroundContainerScanner.java:runIteration(87)) - Completed an iteration in 0 minutes. Number of iterations (since the data-node restart) : 1, Number of containers scanned in this iteration : 0, Number of unhealthy containers found in this iteration : 0
2024-09-10 16:46:24,841 [c95620fd-712c-4929-b988-78cb42202719-EndpointStateMachineTaskThread-/0.0.0.0:15161-0 ] INFO  replication.ReplicationServer (ReplicationServer.java:start(140)) - ReplicationServer is started using port 15202
2024-09-10 16:46:24,841 [c95620fd-712c-4929-b988-78cb42202719-EndpointStateMachineTaskThread-/0.0.0.0:15161-0 ] INFO  ratis.XceiverServerRatis (XceiverServerRatis.java:start(561)) - Starting XceiverServerRatis c95620fd-712c-4929-b988-78cb42202719
2024-09-10 16:46:24,843 [c95620fd-712c-4929-b988-78cb42202719-EndpointStateMachineTaskThread-/0.0.0.0:15161-0 ] INFO  server.RaftServer (RaftServerProxy.java:startImpl(408)) - c95620fd-712c-4929-b988-78cb42202719: start RPC server
2024-09-10 16:46:24,843 [c95620fd-712c-4929-b988-78cb42202719-EndpointStateMachineTaskThread-/0.0.0.0:15161-0 ] INFO  server.GrpcService (GrpcService.java:startImpl(302)) - c95620fd-712c-4929-b988-78cb42202719: GrpcService started, listening on 15198
2024-09-10 16:46:24,843 [c95620fd-712c-4929-b988-78cb42202719-EndpointStateMachineTaskThread-/0.0.0.0:15161-0 ] INFO  ratis.XceiverServerRatis (XceiverServerRatis.java:getRealPort(587)) - XceiverServerRatis c95620fd-712c-4929-b988-78cb42202719 is started using port 15198 for RATIS
2024-09-10 16:46:24,843 [c95620fd-712c-4929-b988-78cb42202719-EndpointStateMachineTaskThread-/0.0.0.0:15161-0 ] INFO  ratis.XceiverServerRatis (XceiverServerRatis.java:getRealPort(587)) - XceiverServerRatis c95620fd-712c-4929-b988-78cb42202719 is started using port 15198 for RATIS_ADMIN
2024-09-10 16:46:24,843 [c95620fd-712c-4929-b988-78cb42202719-EndpointStateMachineTaskThread-/0.0.0.0:15161-0 ] INFO  ratis.XceiverServerRatis (XceiverServerRatis.java:getRealPort(587)) - XceiverServerRatis c95620fd-712c-4929-b988-78cb42202719 is started using port 15198 for RATIS_SERVER
2024-09-10 16:46:24,843 [c95620fd-712c-4929-b988-78cb42202719-EndpointStateMachineTaskThread-/0.0.0.0:15161-0 ] INFO  ratis.XceiverServerRatis (XceiverServerRatis.java:getRealPort(587)) - XceiverServerRatis c95620fd-712c-4929-b988-78cb42202719 is started using port 15201 for RATIS_DATASTREAM
2024-09-10 16:46:24,843 [JvmPauseMonitor26] INFO  util.JvmPauseMonitor (JvmPauseMonitor.java:run(146)) - JvmPauseMonitor-c95620fd-712c-4929-b988-78cb42202719: Started
2024-09-10 16:46:24,845 [c95620fd-712c-4929-b988-78cb42202719-BlockDeletingService#0] INFO  interfaces.ContainerDeletionChoosingPolicyTemplate (ContainerDeletionChoosingPolicyTemplate.java:chooseContainerForBlockDeletion(85)) - Chosen 0/5000 blocks from 0 candidate containers.
2024-09-10 16:46:25,039 [main] INFO  ozone.MiniOzoneClusterImpl (MiniOzoneClusterImpl.java:lambda$waitForClusterToBeReady$0(198)) - Waiting for nodes to be ready. Got 0 of 5 DN Heartbeats.
2024-09-10 16:46:25,040 [main] INFO  ozone.MiniOzoneClusterImpl (MiniOzoneClusterImpl.java:lambda$waitForClusterToBeReady$0(201)) - Waiting for cluster to exit safe mode
2024-09-10 16:46:25,040 [main] INFO  ozone.MiniOzoneClusterImpl (MiniOzoneClusterImpl.java:lambda$waitForClusterToBeReady$0(203)) - SCM became leader
2024-09-10 16:46:25,067 [b02980de-72b7-4a99-a802-296f21296c04-EndpointStateMachineTaskThread-/0.0.0.0:15161-0 ] INFO  utils.DatanodeStoreCache (DatanodeStoreCache.java:addDB(72)) - Added db /home/runner/work/ozone/ozone/hadoop-ozone/integration-test/target/test-dir/MiniOzoneClusterImpl-4ea98613-7ec2-40e8-bdf5-64593f2fdf96/ozone-meta/datanode-5/data-0/hdds/4ea98613-7ec2-40e8-bdf5-64593f2fdf96/DS-140e863a-d1b8-4ca2-a0f1-c2e16b58400c/container.db to cache
2024-09-10 16:46:25,067 [b02980de-72b7-4a99-a802-296f21296c04-EndpointStateMachineTaskThread-/0.0.0.0:15161-0 ] INFO  volume.HddsVolume (HddsVolume.java:createDbStore(429)) - SchemaV3 db is created and loaded at /home/runner/work/ozone/ozone/hadoop-ozone/integration-test/target/test-dir/MiniOzoneClusterImpl-4ea98613-7ec2-40e8-bdf5-64593f2fdf96/ozone-meta/datanode-5/data-0/hdds/4ea98613-7ec2-40e8-bdf5-64593f2fdf96/DS-140e863a-d1b8-4ca2-a0f1-c2e16b58400c/container.db for volume DS-140e863a-d1b8-4ca2-a0f1-c2e16b58400c
2024-09-10 16:46:25,069 [b02980de-72b7-4a99-a802-296f21296c04-ContainerReader-0] INFO  ozoneimpl.ContainerReader (ContainerReader.java:readVolume(148)) - Start to verify containers on volume /home/runner/work/ozone/ozone/hadoop-ozone/integration-test/target/test-dir/MiniOzoneClusterImpl-4ea98613-7ec2-40e8-bdf5-64593f2fdf96/ozone-meta/datanode-5/data-0/hdds
2024-09-10 16:46:25,069 [b02980de-72b7-4a99-a802-296f21296c04-ContainerReader-0] INFO  ozoneimpl.ContainerReader (ContainerReader.java:readVolume(178)) - Finish verifying containers on volume /home/runner/work/ozone/ozone/hadoop-ozone/integration-test/target/test-dir/MiniOzoneClusterImpl-4ea98613-7ec2-40e8-bdf5-64593f2fdf96/ozone-meta/datanode-5/data-0/hdds
2024-09-10 16:46:25,069 [b02980de-72b7-4a99-a802-296f21296c04-EndpointStateMachineTaskThread-/0.0.0.0:15161-0 ] INFO  ozoneimpl.OzoneContainer (OzoneContainer.java:buildContainerSet(344)) - Build ContainerSet costs 0s
2024-09-10 16:46:25,069 [b02980de-72b7-4a99-a802-296f21296c04-EndpointStateMachineTaskThread-/0.0.0.0:15161-0 ] INFO  volume.ThrottledAsyncChecker (ThrottledAsyncChecker.java:schedule(141)) - Scheduling a check for /home/runner/work/ozone/ozone/hadoop-ozone/integration-test/target/test-dir/MiniOzoneClusterImpl-4ea98613-7ec2-40e8-bdf5-64593f2fdf96/ozone-meta/datanode-5/data-0/hdds
2024-09-10 16:46:25,069 [b02980de-72b7-4a99-a802-296f21296c04-EndpointStateMachineTaskThread-/0.0.0.0:15161-0 ] INFO  volume.StorageVolumeChecker (StorageVolumeChecker.java:checkAllVolumes(218)) - Scheduled health check for volume /home/runner/work/ozone/ozone/hadoop-ozone/integration-test/target/test-dir/MiniOzoneClusterImpl-4ea98613-7ec2-40e8-bdf5-64593f2fdf96/ozone-meta/datanode-5/data-0/hdds
2024-09-10 16:46:25,070 [b02980de-72b7-4a99-a802-296f21296c04-EndpointStateMachineTaskThread-/0.0.0.0:15161-0 ] INFO  volume.ThrottledAsyncChecker (ThrottledAsyncChecker.java:schedule(141)) - Scheduling a check for /home/runner/work/ozone/ozone/hadoop-ozone/integration-test/target/test-dir/MiniOzoneClusterImpl-4ea98613-7ec2-40e8-bdf5-64593f2fdf96/ozone-meta/datanode-5/ratis
2024-09-10 16:46:25,070 [b02980de-72b7-4a99-a802-296f21296c04-EndpointStateMachineTaskThread-/0.0.0.0:15161-0 ] INFO  volume.StorageVolumeChecker (StorageVolumeChecker.java:checkAllVolumes(218)) - Scheduled health check for volume /home/runner/work/ozone/ozone/hadoop-ozone/integration-test/target/test-dir/MiniOzoneClusterImpl-4ea98613-7ec2-40e8-bdf5-64593f2fdf96/ozone-meta/datanode-5/ratis
2024-09-10 16:46:25,071 [b02980de-72b7-4a99-a802-296f21296c04-EndpointStateMachineTaskThread-/0.0.0.0:15161-0 ] INFO  ozoneimpl.OzoneContainer (OzoneContainer.java:start(475)) - Attempting to start container services.
2024-09-10 16:46:25,071 [b02980de-72b7-4a99-a802-296f21296c04-EndpointStateMachineTaskThread-/0.0.0.0:15161-0 ] WARN  ozoneimpl.OnDemandContainerDataScanner (OnDemandContainerDataScanner.java:init(75)) - Trying to initialize on demand scanner a second time on a datanode.
2024-09-10 16:46:25,071 [ContainerMetadataScanner] INFO  ozoneimpl.AbstractBackgroundContainerScanner (AbstractBackgroundContainerScanner.java:runIteration(87)) - Completed an iteration in 0 minutes. Number of iterations (since the data-node restart) : 1, Number of containers scanned in this iteration : 0, Number of unhealthy containers found in this iteration : 0
2024-09-10 16:46:25,072 [ContainerDataScanner(/home/runner/work/ozone/ozone/hadoop-ozone/integration-test/target/test-dir/MiniOzoneClusterImpl-4ea98613-7ec2-40e8-bdf5-64593f2fdf96/ozone-meta/datanode-5/data-0/hdds)] INFO  ozoneimpl.AbstractBackgroundContainerScanner (AbstractBackgroundContainerScanner.java:runIteration(87)) - Completed an iteration in 0 minutes. Number of iterations (since the data-node restart) : 1, Number of containers scanned in this iteration : 0, Number of unhealthy containers found in this iteration : 0
2024-09-10 16:46:25,072 [b02980de-72b7-4a99-a802-296f21296c04-EndpointStateMachineTaskThread-/0.0.0.0:15161-0 ] INFO  replication.ReplicationServer (ReplicationServer.java:start(140)) - ReplicationServer is started using port 15211
2024-09-10 16:46:25,072 [b02980de-72b7-4a99-a802-296f21296c04-EndpointStateMachineTaskThread-/0.0.0.0:15161-0 ] INFO  ratis.XceiverServerRatis (XceiverServerRatis.java:start(561)) - Starting XceiverServerRatis b02980de-72b7-4a99-a802-296f21296c04
2024-09-10 16:46:25,073 [b02980de-72b7-4a99-a802-296f21296c04-EndpointStateMachineTaskThread-/0.0.0.0:15161-0 ] INFO  server.RaftServer (RaftServerProxy.java:startImpl(408)) - b02980de-72b7-4a99-a802-296f21296c04: start RPC server
2024-09-10 16:46:25,073 [b02980de-72b7-4a99-a802-296f21296c04-EndpointStateMachineTaskThread-/0.0.0.0:15161-0 ] INFO  server.GrpcService (GrpcService.java:startImpl(302)) - b02980de-72b7-4a99-a802-296f21296c04: GrpcService started, listening on 15207
2024-09-10 16:46:25,073 [b02980de-72b7-4a99-a802-296f21296c04-EndpointStateMachineTaskThread-/0.0.0.0:15161-0 ] INFO  ratis.XceiverServerRatis (XceiverServerRatis.java:getRealPort(587)) - XceiverServerRatis b02980de-72b7-4a99-a802-296f21296c04 is started using port 15207 for RATIS
2024-09-10 16:46:25,073 [b02980de-72b7-4a99-a802-296f21296c04-EndpointStateMachineTaskThread-/0.0.0.0:15161-0 ] INFO  ratis.XceiverServerRatis (XceiverServerRatis.java:getRealPort(587)) - XceiverServerRatis b02980de-72b7-4a99-a802-296f21296c04 is started using port 15207 for RATIS_ADMIN
2024-09-10 16:46:25,073 [b02980de-72b7-4a99-a802-296f21296c04-EndpointStateMachineTaskThread-/0.0.0.0:15161-0 ] INFO  ratis.XceiverServerRatis (XceiverServerRatis.java:getRealPort(587)) - XceiverServerRatis b02980de-72b7-4a99-a802-296f21296c04 is started using port 15207 for RATIS_SERVER
2024-09-10 16:46:25,073 [b02980de-72b7-4a99-a802-296f21296c04-EndpointStateMachineTaskThread-/0.0.0.0:15161-0 ] INFO  ratis.XceiverServerRatis (XceiverServerRatis.java:getRealPort(587)) - XceiverServerRatis b02980de-72b7-4a99-a802-296f21296c04 is started using port 15210 for RATIS_DATASTREAM
2024-09-10 16:46:25,073 [JvmPauseMonitor27] INFO  util.JvmPauseMonitor (JvmPauseMonitor.java:run(146)) - JvmPauseMonitor-b02980de-72b7-4a99-a802-296f21296c04: Started
2024-09-10 16:46:25,074 [b02980de-72b7-4a99-a802-296f21296c04-BlockDeletingService#0] INFO  interfaces.ContainerDeletionChoosingPolicyTemplate (ContainerDeletionChoosingPolicyTemplate.java:chooseContainerForBlockDeletion(85)) - Chosen 0/5000 blocks from 0 candidate containers.
2024-09-10 16:46:26,040 [main] INFO  ozone.MiniOzoneClusterImpl (MiniOzoneClusterImpl.java:lambda$waitForClusterToBeReady$0(198)) - Waiting for nodes to be ready. Got 0 of 5 DN Heartbeats.
2024-09-10 16:46:26,040 [main] INFO  ozone.MiniOzoneClusterImpl (MiniOzoneClusterImpl.java:lambda$waitForClusterToBeReady$0(201)) - Waiting for cluster to exit safe mode
2024-09-10 16:46:26,040 [main] INFO  ozone.MiniOzoneClusterImpl (MiniOzoneClusterImpl.java:lambda$waitForClusterToBeReady$0(203)) - SCM became leader
2024-09-10 16:46:26,100 [IPC Server handler 4 on default port 15161] INFO  net.NetworkTopologyImpl (NetworkTopologyImpl.java:add(134)) - Added a new node: /default-rack/e5502358-b128-4a46-b87d-f44ed006f965
2024-09-10 16:46:26,100 [IPC Server handler 4 on default port 15161] INFO  node.SCMNodeManager (SCMNodeManager.java:register(422)) - Registered datanode: e5502358-b128-4a46-b87d-f44ed006f965{ip: 127.0.0.1, host: localhost, ports: [HTTP=15168, CLIENT_RPC=15169, REPLICATION=15175, RATIS=15171, RATIS_ADMIN=15171, RATIS_SERVER=15171, RATIS_DATASTREAM=15174, STANDALONE=15170], networkLocation: /default-rack, certSerialId: null, persistedOpState: null, persistedOpStateExpiryEpochSec: 0}
2024-09-10 16:46:26,101 [EventQueue-NodeRegistrationContainerReportForContainerSafeModeRule] INFO  safemode.SCMSafeModeManager (SCMSafeModeManager.java:validateSafeModeExitRules(203)) - ContainerSafeModeRule rule is successfully validated
2024-09-10 16:46:26,101 [EventQueue-NodeRegistrationContainerReportForDataNodeSafeModeRule] INFO  safemode.SCMSafeModeManager (DataNodeSafeModeRule.java:process(71)) - SCM in safe mode. 1 DataNodes registered, 3 required.
2024-09-10 16:46:26,101 [EventQueue-NewNodeForNewNodeHandler] INFO  pipeline.BackgroundPipelineCreator (BackgroundPipelineCreator.java:notifyEventTriggered(280)) - trigger a one-shot run on RatisPipelineUtilsThread.
2024-09-10 16:46:26,102 [RatisPipelineUtilsThread-0] INFO  pipeline.RatisPipelineProvider (RatisPipelineProvider.java:lambda$create$0(205)) - Sending CreatePipelineCommand for pipeline:PipelineID=fd2ec4e1-122d-4f69-9097-f68757adee15 to datanode:e5502358-b128-4a46-b87d-f44ed006f965
2024-09-10 16:46:26,102 [EventQueue-PipelineReportForOneReplicaPipelineSafeModeRule] INFO  safemode.SCMSafeModeManager (SCMSafeModeManager.java:validateSafeModeExitRules(203)) - AtleastOneDatanodeReportedRule rule is successfully validated
2024-09-10 16:46:26,102 [RatisPipelineUtilsThread-0] INFO  pipeline.BackgroundPipelineCreator (BackgroundPipelineCreator.java:createPipelines(236)) - Created new pipeline Pipeline[ Id: fd2ec4e1-122d-4f69-9097-f68757adee15, Nodes: e5502358-b128-4a46-b87d-f44ed006f965(localhost/127.0.0.1) ReplicaIndex: 0, ReplicationConfig: RATIS/ONE, State:ALLOCATED, leaderId:, CreationTimestamp2024-09-10T16:46:26.102027268Z[Etc/UTC]]
2024-09-10 16:46:26,337 [IPC Server handler 0 on default port 15161] INFO  net.NetworkTopologyImpl (NetworkTopologyImpl.java:add(134)) - Added a new node: /default-rack/2330440b-2504-4263-b461-07f8c416a88f
2024-09-10 16:46:26,337 [IPC Server handler 0 on default port 15161] INFO  node.SCMNodeManager (SCMNodeManager.java:register(422)) - Registered datanode: 2330440b-2504-4263-b461-07f8c416a88f{ip: 127.0.0.1, host: localhost, ports: [HTTP=15177, CLIENT_RPC=15178, REPLICATION=15184, RATIS=15180, RATIS_ADMIN=15180, RATIS_SERVER=15180, RATIS_DATASTREAM=15183, STANDALONE=15179], networkLocation: /default-rack, certSerialId: null, persistedOpState: null, persistedOpStateExpiryEpochSec: 0}
2024-09-10 16:46:26,337 [EventQueue-NodeRegistrationContainerReportForDataNodeSafeModeRule] INFO  safemode.SCMSafeModeManager (DataNodeSafeModeRule.java:process(71)) - SCM in safe mode. 2 DataNodes registered, 3 required.
2024-09-10 16:46:26,337 [EventQueue-NewNodeForNewNodeHandler] INFO  pipeline.BackgroundPipelineCreator (BackgroundPipelineCreator.java:notifyEventTriggered(280)) - trigger a one-shot run on RatisPipelineUtilsThread.
2024-09-10 16:46:26,338 [RatisPipelineUtilsThread-0] INFO  pipeline.RatisPipelineProvider (RatisPipelineProvider.java:lambda$create$0(205)) - Sending CreatePipelineCommand for pipeline:PipelineID=f898d4e5-ee40-457b-b42b-b172c2eb6515 to datanode:2330440b-2504-4263-b461-07f8c416a88f
2024-09-10 16:46:26,338 [RatisPipelineUtilsThread-0] INFO  pipeline.BackgroundPipelineCreator (BackgroundPipelineCreator.java:createPipelines(236)) - Created new pipeline Pipeline[ Id: f898d4e5-ee40-457b-b42b-b172c2eb6515, Nodes: 2330440b-2504-4263-b461-07f8c416a88f(localhost/127.0.0.1) ReplicaIndex: 0, ReplicationConfig: RATIS/ONE, State:ALLOCATED, leaderId:, CreationTimestamp2024-09-10T16:46:26.338319480Z[Etc/UTC]]
2024-09-10 16:46:26,571 [IPC Server handler 1 on default port 15161] INFO  net.NetworkTopologyImpl (NetworkTopologyImpl.java:add(134)) - Added a new node: /default-rack/f49a985e-efe9-405d-8922-13d0c1bb1d78
2024-09-10 16:46:26,572 [IPC Server handler 1 on default port 15161] INFO  node.SCMNodeManager (SCMNodeManager.java:register(422)) - Registered datanode: f49a985e-efe9-405d-8922-13d0c1bb1d78{ip: 127.0.0.1, host: localhost, ports: [HTTP=15186, CLIENT_RPC=15187, REPLICATION=15193, RATIS=15189, RATIS_ADMIN=15189, RATIS_SERVER=15189, RATIS_DATASTREAM=15192, STANDALONE=15188], networkLocation: /default-rack, certSerialId: null, persistedOpState: null, persistedOpStateExpiryEpochSec: 0}
2024-09-10 16:46:26,572 [EventQueue-NodeRegistrationContainerReportForDataNodeSafeModeRule] INFO  safemode.SCMSafeModeManager (DataNodeSafeModeRule.java:process(71)) - SCM in safe mode. 3 DataNodes registered, 3 required.
2024-09-10 16:46:26,572 [EventQueue-NodeRegistrationContainerReportForDataNodeSafeModeRule] INFO  safemode.SCMSafeModeManager (SCMSafeModeManager.java:validateSafeModeExitRules(203)) - DataNodeSafeModeRule rule is successfully validated
2024-09-10 16:46:26,572 [EventQueue-NodeRegistrationContainerReportForDataNodeSafeModeRule] INFO  safemode.SCMSafeModeManager (SCMSafeModeManager.java:completePreCheck(232)) - All SCM safe mode pre check rules have passed
2024-09-10 16:46:26,572 [EventQueue-NodeRegistrationContainerReportForDataNodeSafeModeRule] INFO  ha.SCMContext (SCMContext.java:updateSafeModeStatus(225)) - Update SafeModeStatus from SafeModeStatus{safeModeStatus=true, preCheckPassed=false} to SafeModeStatus{safeModeStatus=true, preCheckPassed=true}.
2024-09-10 16:46:26,572 [EventQueue-NewNodeForNewNodeHandler] INFO  pipeline.BackgroundPipelineCreator (BackgroundPipelineCreator.java:notifyEventTriggered(280)) - trigger a one-shot run on RatisPipelineUtilsThread.
2024-09-10 16:46:26,572 [EventQueue-NodeRegistrationContainerReportForDataNodeSafeModeRule] INFO  pipeline.BackgroundPipelineCreator (BackgroundPipelineCreator.java:notifyEventTriggered(280)) - trigger a one-shot run on RatisPipelineUtilsThread.
2024-09-10 16:46:26,573 [RatisPipelineUtilsThread-0] INFO  pipeline.RatisPipelineProvider (RatisPipelineProvider.java:lambda$create$0(205)) - Sending CreatePipelineCommand for pipeline:PipelineID=9c790425-bdf2-4c41-a261-55398a06e63a to datanode:f49a985e-efe9-405d-8922-13d0c1bb1d78
2024-09-10 16:46:26,573 [RatisPipelineUtilsThread-0] INFO  pipeline.BackgroundPipelineCreator (BackgroundPipelineCreator.java:createPipelines(236)) - Created new pipeline Pipeline[ Id: 9c790425-bdf2-4c41-a261-55398a06e63a, Nodes: f49a985e-efe9-405d-8922-13d0c1bb1d78(localhost/127.0.0.1) ReplicaIndex: 0, ReplicationConfig: RATIS/ONE, State:ALLOCATED, leaderId:, CreationTimestamp2024-09-10T16:46:26.573158955Z[Etc/UTC]]
2024-09-10 16:46:26,574 [RatisPipelineUtilsThread-0] INFO  pipeline.RatisPipelineProvider (RatisPipelineProvider.java:lambda$create$0(205)) - Sending CreatePipelineCommand for pipeline:PipelineID=7646dd5a-ad1c-44c3-ab45-a76aad3ea5b0 to datanode:e5502358-b128-4a46-b87d-f44ed006f965
2024-09-10 16:46:26,574 [RatisPipelineUtilsThread-0] INFO  pipeline.RatisPipelineProvider (RatisPipelineProvider.java:lambda$create$0(205)) - Sending CreatePipelineCommand for pipeline:PipelineID=7646dd5a-ad1c-44c3-ab45-a76aad3ea5b0 to datanode:2330440b-2504-4263-b461-07f8c416a88f
2024-09-10 16:46:26,574 [RatisPipelineUtilsThread-0] INFO  pipeline.RatisPipelineProvider (RatisPipelineProvider.java:lambda$create$0(205)) - Sending CreatePipelineCommand for pipeline:PipelineID=7646dd5a-ad1c-44c3-ab45-a76aad3ea5b0 to datanode:f49a985e-efe9-405d-8922-13d0c1bb1d78
2024-09-10 16:46:26,574 [RatisPipelineUtilsThread-0] INFO  pipeline.BackgroundPipelineCreator (BackgroundPipelineCreator.java:createPipelines(236)) - Created new pipeline Pipeline[ Id: 7646dd5a-ad1c-44c3-ab45-a76aad3ea5b0, Nodes: e5502358-b128-4a46-b87d-f44ed006f965(localhost/127.0.0.1) ReplicaIndex: 02330440b-2504-4263-b461-07f8c416a88f(localhost/127.0.0.1) ReplicaIndex: 0f49a985e-efe9-405d-8922-13d0c1bb1d78(localhost/127.0.0.1) ReplicaIndex: 0, ReplicationConfig: RATIS/THREE, State:ALLOCATED, leaderId:, CreationTimestamp2024-09-10T16:46:26.574095702Z[Etc/UTC]]
2024-09-10 16:46:26,575 [RatisPipelineUtilsThread-0] INFO  pipeline.RatisPipelineProvider (RatisPipelineProvider.java:lambda$create$0(205)) - Sending CreatePipelineCommand for pipeline:PipelineID=998c03c0-f7d5-40e6-a397-bd59e781ad1c to datanode:f49a985e-efe9-405d-8922-13d0c1bb1d78
2024-09-10 16:46:26,575 [RatisPipelineUtilsThread-0] INFO  pipeline.RatisPipelineProvider (RatisPipelineProvider.java:lambda$create$0(205)) - Sending CreatePipelineCommand for pipeline:PipelineID=998c03c0-f7d5-40e6-a397-bd59e781ad1c to datanode:2330440b-2504-4263-b461-07f8c416a88f
2024-09-10 16:46:26,575 [RatisPipelineUtilsThread-0] INFO  pipeline.RatisPipelineProvider (RatisPipelineProvider.java:lambda$create$0(205)) - Sending CreatePipelineCommand for pipeline:PipelineID=998c03c0-f7d5-40e6-a397-bd59e781ad1c to datanode:e5502358-b128-4a46-b87d-f44ed006f965
2024-09-10 16:46:26,576 [RatisPipelineUtilsThread-0] INFO  pipeline.PipelineManagerImpl (PipelineManagerImpl.java:recordMetricsForPipeline(916)) - Pipeline: PipelineID=998c03c0-f7d5-40e6-a397-bd59e781ad1c contains same datanodes as previous pipelines: PipelineID=7646dd5a-ad1c-44c3-ab45-a76aad3ea5b0 nodeIds: f49a985e-efe9-405d-8922-13d0c1bb1d78, 2330440b-2504-4263-b461-07f8c416a88f, e5502358-b128-4a46-b87d-f44ed006f965
2024-09-10 16:46:26,576 [RatisPipelineUtilsThread-0] INFO  pipeline.BackgroundPipelineCreator (BackgroundPipelineCreator.java:createPipelines(236)) - Created new pipeline Pipeline[ Id: 998c03c0-f7d5-40e6-a397-bd59e781ad1c, Nodes: f49a985e-efe9-405d-8922-13d0c1bb1d78(localhost/127.0.0.1) ReplicaIndex: 02330440b-2504-4263-b461-07f8c416a88f(localhost/127.0.0.1) ReplicaIndex: 0e5502358-b128-4a46-b87d-f44ed006f965(localhost/127.0.0.1) ReplicaIndex: 0, ReplicationConfig: RATIS/THREE, State:ALLOCATED, leaderId:, CreationTimestamp2024-09-10T16:46:26.575716165Z[Etc/UTC]]
2024-09-10 16:46:26,576 [RatisPipelineUtilsThread-0] INFO  pipeline.RatisPipelineProvider (RatisPipelineProvider.java:lambda$create$0(205)) - Sending CreatePipelineCommand for pipeline:PipelineID=41bac477-4634-43db-9c8d-c733a4596614 to datanode:e5502358-b128-4a46-b87d-f44ed006f965
2024-09-10 16:46:26,576 [RatisPipelineUtilsThread-0] INFO  pipeline.RatisPipelineProvider (RatisPipelineProvider.java:lambda$create$0(205)) - Sending CreatePipelineCommand for pipeline:PipelineID=41bac477-4634-43db-9c8d-c733a4596614 to datanode:f49a985e-efe9-405d-8922-13d0c1bb1d78
2024-09-10 16:46:26,576 [RatisPipelineUtilsThread-0] INFO  pipeline.RatisPipelineProvider (RatisPipelineProvider.java:lambda$create$0(205)) - Sending CreatePipelineCommand for pipeline:PipelineID=41bac477-4634-43db-9c8d-c733a4596614 to datanode:2330440b-2504-4263-b461-07f8c416a88f
2024-09-10 16:46:26,577 [RatisPipelineUtilsThread-0] INFO  pipeline.PipelineManagerImpl (PipelineManagerImpl.java:recordMetricsForPipeline(916)) - Pipeline: PipelineID=41bac477-4634-43db-9c8d-c733a4596614 contains same datanodes as previous pipelines: PipelineID=7646dd5a-ad1c-44c3-ab45-a76aad3ea5b0 nodeIds: e5502358-b128-4a46-b87d-f44ed006f965, f49a985e-efe9-405d-8922-13d0c1bb1d78, 2330440b-2504-4263-b461-07f8c416a88f
2024-09-10 16:46:26,577 [RatisPipelineUtilsThread-0] INFO  pipeline.PipelineManagerImpl (PipelineManagerImpl.java:recordMetricsForPipeline(916)) - Pipeline: PipelineID=41bac477-4634-43db-9c8d-c733a4596614 contains same datanodes as previous pipelines: PipelineID=998c03c0-f7d5-40e6-a397-bd59e781ad1c nodeIds: e5502358-b128-4a46-b87d-f44ed006f965, f49a985e-efe9-405d-8922-13d0c1bb1d78, 2330440b-2504-4263-b461-07f8c416a88f
2024-09-10 16:46:26,577 [RatisPipelineUtilsThread-0] INFO  pipeline.BackgroundPipelineCreator (BackgroundPipelineCreator.java:createPipelines(236)) - Created new pipeline Pipeline[ Id: 41bac477-4634-43db-9c8d-c733a4596614, Nodes: e5502358-b128-4a46-b87d-f44ed006f965(localhost/127.0.0.1) ReplicaIndex: 0f49a985e-efe9-405d-8922-13d0c1bb1d78(localhost/127.0.0.1) ReplicaIndex: 02330440b-2504-4263-b461-07f8c416a88f(localhost/127.0.0.1) ReplicaIndex: 0, ReplicationConfig: RATIS/THREE, State:ALLOCATED, leaderId:, CreationTimestamp2024-09-10T16:46:26.576626483Z[Etc/UTC]]
2024-09-10 16:46:26,806 [IPC Server handler 2 on default port 15161] INFO  net.NetworkTopologyImpl (NetworkTopologyImpl.java:add(134)) - Added a new node: /default-rack/c95620fd-712c-4929-b988-78cb42202719
2024-09-10 16:46:26,806 [IPC Server handler 2 on default port 15161] INFO  node.SCMNodeManager (SCMNodeManager.java:register(422)) - Registered datanode: c95620fd-712c-4929-b988-78cb42202719{ip: 127.0.0.1, host: localhost, ports: [HTTP=15195, CLIENT_RPC=15196, REPLICATION=15202, RATIS=15198, RATIS_ADMIN=15198, RATIS_SERVER=15198, RATIS_DATASTREAM=15201, STANDALONE=15197], networkLocation: /default-rack, certSerialId: null, persistedOpState: null, persistedOpStateExpiryEpochSec: 0}
2024-09-10 16:46:26,806 [EventQueue-NewNodeForNewNodeHandler] INFO  pipeline.BackgroundPipelineCreator (BackgroundPipelineCreator.java:notifyEventTriggered(280)) - trigger a one-shot run on RatisPipelineUtilsThread.
2024-09-10 16:46:26,807 [RatisPipelineUtilsThread-0] INFO  pipeline.RatisPipelineProvider (RatisPipelineProvider.java:lambda$create$0(205)) - Sending CreatePipelineCommand for pipeline:PipelineID=8dd5ed1b-6e7e-464a-8720-9a91bcd6d020 to datanode:c95620fd-712c-4929-b988-78cb42202719
2024-09-10 16:46:26,807 [RatisPipelineUtilsThread-0] INFO  pipeline.BackgroundPipelineCreator (BackgroundPipelineCreator.java:createPipelines(236)) - Created new pipeline Pipeline[ Id: 8dd5ed1b-6e7e-464a-8720-9a91bcd6d020, Nodes: c95620fd-712c-4929-b988-78cb42202719(localhost/127.0.0.1) ReplicaIndex: 0, ReplicationConfig: RATIS/ONE, State:ALLOCATED, leaderId:, CreationTimestamp2024-09-10T16:46:26.807242662Z[Etc/UTC]]
2024-09-10 16:46:27,041 [main] INFO  ozone.MiniOzoneClusterImpl (MiniOzoneClusterImpl.java:lambda$waitForClusterToBeReady$0(198)) - Waiting for nodes to be ready. Got 4 of 5 DN Heartbeats.
2024-09-10 16:46:27,041 [main] INFO  ozone.MiniOzoneClusterImpl (MiniOzoneClusterImpl.java:lambda$waitForClusterToBeReady$0(201)) - Waiting for cluster to exit safe mode
2024-09-10 16:46:27,041 [main] INFO  ozone.MiniOzoneClusterImpl (MiniOzoneClusterImpl.java:lambda$waitForClusterToBeReady$0(203)) - SCM became leader
2024-09-10 16:46:27,041 [IPC Server handler 3 on default port 15161] INFO  net.NetworkTopologyImpl (NetworkTopologyImpl.java:add(134)) - Added a new node: /default-rack/b02980de-72b7-4a99-a802-296f21296c04
2024-09-10 16:46:27,041 [IPC Server handler 3 on default port 15161] INFO  node.SCMNodeManager (SCMNodeManager.java:register(422)) - Registered datanode: b02980de-72b7-4a99-a802-296f21296c04{ip: 127.0.0.1, host: localhost, ports: [HTTP=15204, CLIENT_RPC=15205, REPLICATION=15211, RATIS=15207, RATIS_ADMIN=15207, RATIS_SERVER=15207, RATIS_DATASTREAM=15210, STANDALONE=15206], networkLocation: /default-rack, certSerialId: null, persistedOpState: null, persistedOpStateExpiryEpochSec: 0}
2024-09-10 16:46:27,042 [EventQueue-NewNodeForNewNodeHandler] INFO  pipeline.BackgroundPipelineCreator (BackgroundPipelineCreator.java:notifyEventTriggered(280)) - trigger a one-shot run on RatisPipelineUtilsThread.
2024-09-10 16:46:27,042 [RatisPipelineUtilsThread-0] INFO  pipeline.RatisPipelineProvider (RatisPipelineProvider.java:lambda$create$0(205)) - Sending CreatePipelineCommand for pipeline:PipelineID=2b7e01a2-3953-4eaf-b082-58973242f5df to datanode:b02980de-72b7-4a99-a802-296f21296c04
2024-09-10 16:46:27,043 [RatisPipelineUtilsThread-0] INFO  pipeline.BackgroundPipelineCreator (BackgroundPipelineCreator.java:createPipelines(236)) - Created new pipeline Pipeline[ Id: 2b7e01a2-3953-4eaf-b082-58973242f5df, Nodes: b02980de-72b7-4a99-a802-296f21296c04(localhost/127.0.0.1) ReplicaIndex: 0, ReplicationConfig: RATIS/ONE, State:ALLOCATED, leaderId:, CreationTimestamp2024-09-10T16:46:27.042504135Z[Etc/UTC]]
2024-09-10 16:46:28,041 [main] INFO  ozone.MiniOzoneClusterImpl (MiniOzoneClusterImpl.java:lambda$waitForClusterToBeReady$0(198)) - Nodes are ready. Got 5 of 5 DN Heartbeats.
2024-09-10 16:46:28,041 [main] INFO  ozone.MiniOzoneClusterImpl (MiniOzoneClusterImpl.java:lambda$waitForClusterToBeReady$0(201)) - Waiting for cluster to exit safe mode
2024-09-10 16:46:28,042 [main] INFO  ozone.MiniOzoneClusterImpl (MiniOzoneClusterImpl.java:lambda$waitForClusterToBeReady$0(203)) - SCM became leader
2024-09-10 16:46:29,042 [main] INFO  ozone.MiniOzoneClusterImpl (MiniOzoneClusterImpl.java:lambda$waitForClusterToBeReady$0(198)) - Nodes are ready. Got 5 of 5 DN Heartbeats.
2024-09-10 16:46:29,042 [main] INFO  ozone.MiniOzoneClusterImpl (MiniOzoneClusterImpl.java:lambda$waitForClusterToBeReady$0(201)) - Waiting for cluster to exit safe mode
2024-09-10 16:46:29,042 [main] INFO  ozone.MiniOzoneClusterImpl (MiniOzoneClusterImpl.java:lambda$waitForClusterToBeReady$0(203)) - SCM became leader
2024-09-10 16:46:29,100 [e5502358-b128-4a46-b87d-f44ed006f965-PipelineCommandHandlerThread-0] INFO  server.RaftServer (RaftServerProxy.java:addNew(101)) - e5502358-b128-4a46-b87d-f44ed006f965: addNew group-F68757ADEE15:[e5502358-b128-4a46-b87d-f44ed006f965|127.0.0.1:15171] returns group-F68757ADEE15:java.util.concurrent.CompletableFuture@7c4518dd[Not completed]
2024-09-10 16:46:29,102 [e5502358-b128-4a46-b87d-f44ed006f965-groupManagement] INFO  server.RaftServer$Division (RaftServerImpl.java:<init>(253)) - e5502358-b128-4a46-b87d-f44ed006f965: new RaftServerImpl for group-F68757ADEE15:[e5502358-b128-4a46-b87d-f44ed006f965|127.0.0.1:15171] with ContainerStateMachine:uninitialized
2024-09-10 16:46:29,102 [e5502358-b128-4a46-b87d-f44ed006f965-groupManagement] INFO  server.RaftServerConfigKeys (ConfUtils.java:logGet(46)) - raft.server.rpc.timeout.min = 5s (custom)
2024-09-10 16:46:29,102 [e5502358-b128-4a46-b87d-f44ed006f965-groupManagement] INFO  server.RaftServerConfigKeys (ConfUtils.java:logGet(46)) - raft.server.rpc.timeout.max = 5200ms (custom)
2024-09-10 16:46:29,102 [e5502358-b128-4a46-b87d-f44ed006f965-groupManagement] INFO  server.RaftServerConfigKeys (ConfUtils.java:logGet(46)) - raft.server.rpc.sleep.time = 25ms (default)
2024-09-10 16:46:29,102 [e5502358-b128-4a46-b87d-f44ed006f965-groupManagement] INFO  server.RaftServerConfigKeys (ConfUtils.java:logGet(46)) - raft.server.rpc.slowness.timeout = 300000ms (custom)
2024-09-10 16:46:29,102 [e5502358-b128-4a46-b87d-f44ed006f965-groupManagement] INFO  server.RaftServerConfigKeys (ConfUtils.java:logGet(46)) - raft.server.leaderelection.leader.step-down.wait-time = 10s (default)
2024-09-10 16:46:29,102 [e5502358-b128-4a46-b87d-f44ed006f965-groupManagement] INFO  server.RaftServerConfigKeys (ConfUtils.java:logGet(46)) - raft.server.leaderelection.member.majority-add = false (default)
2024-09-10 16:46:29,102 [e5502358-b128-4a46-b87d-f44ed006f965-groupManagement] INFO  server.RaftServerConfigKeys (ConfUtils.java:logGet(46)) - raft.server.sleep.deviation.threshold = 300ms (default)
2024-09-10 16:46:29,102 [e5502358-b128-4a46-b87d-f44ed006f965-groupManagement] INFO  server.RaftServer$Division (ServerState.java:<init>(114)) - e5502358-b128-4a46-b87d-f44ed006f965@group-F68757ADEE15: ConfigurationManager, init=conf: {index: -1, cur=peers:[e5502358-b128-4a46-b87d-f44ed006f965|127.0.0.1:15171]|listeners:[], old=null}, confs=<EMPTY_MAP>
2024-09-10 16:46:29,102 [e5502358-b128-4a46-b87d-f44ed006f965-groupManagement] INFO  server.RaftServerConfigKeys (ConfUtils.java:logGet(46)) - raft.server.notification.no-leader.timeout = 300000ms (custom)
2024-09-10 16:46:29,102 [e5502358-b128-4a46-b87d-f44ed006f965-groupManagement] INFO  server.RaftServerConfigKeys (ConfUtils.java:logGet(46)) - raft.server.read.timeout = 10s (default)
2024-09-10 16:46:29,102 [e5502358-b128-4a46-b87d-f44ed006f965-groupManagement] INFO  server.RaftServerConfigKeys (ConfUtils.java:logGet(46)) - raft.server.retrycache.expirytime = 600000ms (custom)
2024-09-10 16:46:29,102 [e5502358-b128-4a46-b87d-f44ed006f965-groupManagement] INFO  server.RaftServerConfigKeys (ConfUtils.java:logGet(46)) - raft.server.retrycache.statistics.expirytime = 100ms (default)
2024-09-10 16:46:29,102 [e5502358-b128-4a46-b87d-f44ed006f965-groupManagement] INFO  server.RaftServerConfigKeys (ConfUtils.java:logGet(46)) - raft.server.read.option = DEFAULT (default)
2024-09-10 16:46:29,102 [e5502358-b128-4a46-b87d-f44ed006f965-groupManagement] INFO  server.RaftServerConfigKeys (ConfUtils.java:logGet(46)) - raft.server.read.read-after-write-consistent.write-index-cache.expiry-time = 60s (default)
2024-09-10 16:46:29,105 [e5502358-b128-4a46-b87d-f44ed006f965-groupManagement] INFO  server.RaftServerConfigKeys (ConfUtils.java:logGet(46)) - raft.server.rpc.request.timeout = 3000ms (default)
2024-09-10 16:46:29,105 [e5502358-b128-4a46-b87d-f44ed006f965-groupManagement] INFO  server.RaftServerConfigKeys (ConfUtils.java:logGet(46)) - raft.server.log.appender.install.snapshot.enabled = false (custom)
2024-09-10 16:46:29,105 [e5502358-b128-4a46-b87d-f44ed006f965-groupManagement] INFO  server.RaftServerConfigKeys (ConfUtils.java:logGet(46)) - raft.server.threadpool.server.cached = true (default)
2024-09-10 16:46:29,105 [e5502358-b128-4a46-b87d-f44ed006f965-groupManagement] INFO  server.RaftServerConfigKeys (ConfUtils.java:logGet(46)) - raft.server.threadpool.server.size = 0 (default)
2024-09-10 16:46:29,105 [e5502358-b128-4a46-b87d-f44ed006f965-groupManagement] INFO  server.RaftServerConfigKeys (ConfUtils.java:logGet(46)) - raft.server.threadpool.client.cached = true (default)
2024-09-10 16:46:29,105 [e5502358-b128-4a46-b87d-f44ed006f965-groupManagement] INFO  server.RaftServerConfigKeys (ConfUtils.java:logGet(46)) - raft.server.threadpool.client.size = 0 (default)
2024-09-10 16:46:29,105 [e5502358-b128-4a46-b87d-f44ed006f965-groupManagement] INFO  server.RaftServerConfigKeys (ConfUtils.java:logGet(46)) - raft.server.storage.free-space.min = 0MB (=0) (default)
2024-09-10 16:46:29,105 [e5502358-b128-4a46-b87d-f44ed006f965-groupManagement] INFO  server.RaftServerConfigKeys (ConfUtils.java:logGet(46)) - raft.server.log.corruption.policy = EXCEPTION (default)
2024-09-10 16:46:29,105 [e5502358-b128-4a46-b87d-f44ed006f965-groupManagement] INFO  server.RaftServerConfigKeys (ConfUtils.java:logGet(46)) - raft.server.storage.dir = [/home/runner/work/ozone/ozone/hadoop-ozone/integration-test/target/test-dir/MiniOzoneClusterImpl-4ea98613-7ec2-40e8-bdf5-64593f2fdf96/ozone-meta/datanode-1/ratis] (custom)
2024-09-10 16:46:29,105 [e5502358-b128-4a46-b87d-f44ed006f965-groupManagement] INFO  storage.RaftStorageDirectory (RaftStorageDirectoryImpl.java:analyzeStorage(138)) - The storage directory /home/runner/work/ozone/ozone/hadoop-ozone/integration-test/target/test-dir/MiniOzoneClusterImpl-4ea98613-7ec2-40e8-bdf5-64593f2fdf96/ozone-meta/datanode-1/ratis/fd2ec4e1-122d-4f69-9097-f68757adee15 does not exist. Creating ...
2024-09-10 16:46:29,106 [e5502358-b128-4a46-b87d-f44ed006f965-groupManagement] INFO  storage.RaftStorageDirectory (RaftStorageDirectoryImpl.java:tryLock(229)) - Lock on /home/runner/work/ozone/ozone/hadoop-ozone/integration-test/target/test-dir/MiniOzoneClusterImpl-4ea98613-7ec2-40e8-bdf5-64593f2fdf96/ozone-meta/datanode-1/ratis/fd2ec4e1-122d-4f69-9097-f68757adee15/in_use.lock acquired by nodename 77969@fv-az1492-488
2024-09-10 16:46:29,107 [e5502358-b128-4a46-b87d-f44ed006f965-groupManagement] INFO  storage.RaftStorage (RaftStorageImpl.java:format(98)) - Storage directory /home/runner/work/ozone/ozone/hadoop-ozone/integration-test/target/test-dir/MiniOzoneClusterImpl-4ea98613-7ec2-40e8-bdf5-64593f2fdf96/ozone-meta/datanode-1/ratis/fd2ec4e1-122d-4f69-9097-f68757adee15 has been successfully formatted.
2024-09-10 16:46:29,107 [e5502358-b128-4a46-b87d-f44ed006f965-groupManagement] INFO  ratis.ContainerStateMachine (ContainerStateMachine.java:loadSnapshot(295)) - group-F68757ADEE15: The snapshot info is null. Setting the last applied index to:(t:0, i:~)
2024-09-10 16:46:29,108 [e5502358-b128-4a46-b87d-f44ed006f965-groupManagement] INFO  server.RaftServerConfigKeys (ConfUtils.java:logGet(46)) - raft.server.log.use.memory = false (default)
2024-09-10 16:46:29,108 [e5502358-b128-4a46-b87d-f44ed006f965-groupManagement] INFO  server.RaftServerConfigKeys (ConfUtils.java:logGet(46)) - raft.server.log.purge.gap = 1000000 (custom)
2024-09-10 16:46:29,108 [e5502358-b128-4a46-b87d-f44ed006f965-groupManagement] INFO  server.RaftServerConfigKeys (ConfUtils.java:logGet(46)) - raft.server.log.appender.buffer.byte-limit = 33554432 (custom)
2024-09-10 16:46:29,108 [e5502358-b128-4a46-b87d-f44ed006f965-groupManagement] INFO  server.RaftServerConfigKeys (ConfUtils.java:logGet(46)) - raft.server.log.statemachine.data.read.timeout = 1000ms (default)
2024-09-10 16:46:29,108 [e5502358-b128-4a46-b87d-f44ed006f965-groupManagement] INFO  server.RaftServerConfigKeys (ConfUtils.java:logGet(46)) - raft.server.log.purge.preservation.log.num = 0 (default)
2024-09-10 16:46:29,109 [e5502358-b128-4a46-b87d-f44ed006f965-groupManagement] INFO  server.RaftServerConfigKeys (ConfUtils.java:logGet(46)) - raft.server.log.segment.size.max = 67108864 (custom)
2024-09-10 16:46:29,109 [EventQueue-PipelineReportForPipelineReportHandler] INFO  pipeline.PipelineReportHandler (PipelineReportHandler.java:processPipelineReport(136)) - Opened pipeline PipelineID=fd2ec4e1-122d-4f69-9097-f68757adee15
2024-09-10 16:46:29,109 [e5502358-b128-4a46-b87d-f44ed006f965-groupManagement] INFO  server.RaftServerConfigKeys (ConfUtils.java:logGet(46)) - raft.server.log.segment.cache.num.max = 2 (custom)
2024-09-10 16:46:29,109 [e5502358-b128-4a46-b87d-f44ed006f965-groupManagement] INFO  server.RaftServerConfigKeys (ConfUtils.java:logGet(46)) - raft.server.log.segment.cache.size.max = 200MB (=209715200) (default)
2024-09-10 16:46:29,109 [e5502358-b128-4a46-b87d-f44ed006f965-groupManagement] INFO  server.RaftServerConfigKeys (ConfUtils.java:logGet(46)) - raft.server.log.appender.buffer.byte-limit = 33554432 (custom)
2024-09-10 16:46:29,109 [EventQueue-OpenPipelineForHealthyPipelineSafeModeRule] INFO  safemode.SCMSafeModeManager (HealthyPipelineSafeModeRule.java:process(140)) - SCM in safe mode. Healthy pipelines reported count is 0, required healthy pipeline reported count is 1
2024-09-10 16:46:29,109 [e5502358-b128-4a46-b87d-f44ed006f965-groupManagement] INFO  util.AwaitToRun (AwaitToRun.java:start(81)) - Thread[e5502358-b128-4a46-b87d-f44ed006f965@group-F68757ADEE15-cacheEviction-AwaitToRun,5,main] started
2024-09-10 16:46:29,110 [e5502358-b128-4a46-b87d-f44ed006f965-groupManagement] INFO  segmented.SegmentedRaftLogWorker (SegmentedRaftLogWorker.java:<init>(184)) - new e5502358-b128-4a46-b87d-f44ed006f965@group-F68757ADEE15-SegmentedRaftLogWorker for RaftStorageImpl:Storage Directory /home/runner/work/ozone/ozone/hadoop-ozone/integration-test/target/test-dir/MiniOzoneClusterImpl-4ea98613-7ec2-40e8-bdf5-64593f2fdf96/ozone-meta/datanode-1/ratis/fd2ec4e1-122d-4f69-9097-f68757adee15
2024-09-10 16:46:29,110 [e5502358-b128-4a46-b87d-f44ed006f965-groupManagement] INFO  server.RaftServerConfigKeys (ConfUtils.java:logGet(46)) - raft.server.log.queue.byte-limit = 4294967296 (custom)
2024-09-10 16:46:29,110 [e5502358-b128-4a46-b87d-f44ed006f965-groupManagement] INFO  server.RaftServerConfigKeys (ConfUtils.java:logGet(46)) - raft.server.log.queue.element-limit = 1024 (custom)
2024-09-10 16:46:29,110 [e5502358-b128-4a46-b87d-f44ed006f965-groupManagement] INFO  server.RaftServerConfigKeys (ConfUtils.java:logGet(46)) - raft.server.log.segment.size.max = 67108864 (custom)
2024-09-10 16:46:29,110 [e5502358-b128-4a46-b87d-f44ed006f965-groupManagement] INFO  server.RaftServerConfigKeys (ConfUtils.java:logGet(46)) - raft.server.log.preallocated.size = 4194304 (custom)
2024-09-10 16:46:29,110 [e5502358-b128-4a46-b87d-f44ed006f965-groupManagement] INFO  server.RaftServerConfigKeys (ConfUtils.java:logGet(46)) - raft.server.log.force.sync.num = 128 (default)
2024-09-10 16:46:29,110 [e5502358-b128-4a46-b87d-f44ed006f965-groupManagement] INFO  server.RaftServerConfigKeys (ConfUtils.java:logGet(46)) - raft.server.log.statemachine.data.sync = true (default)
2024-09-10 16:46:29,110 [e5502358-b128-4a46-b87d-f44ed006f965-groupManagement] INFO  server.RaftServerConfigKeys (ConfUtils.java:logGet(46)) - raft.server.log.statemachine.data.sync.timeout = 10s (default)
2024-09-10 16:46:29,110 [e5502358-b128-4a46-b87d-f44ed006f965-groupManagement] INFO  server.RaftServerConfigKeys (ConfUtils.java:logGet(46)) - raft.server.log.statemachine.data.sync.timeout.retry = 30 (custom)
2024-09-10 16:46:29,110 [e5502358-b128-4a46-b87d-f44ed006f965-groupManagement] INFO  server.RaftServerConfigKeys (ConfUtils.java:logGet(46)) - raft.server.log.write.buffer.size = 33554440 (custom)
2024-09-10 16:46:29,114 [e5502358-b128-4a46-b87d-f44ed006f965-groupManagement] INFO  server.RaftServerConfigKeys (ConfUtils.java:logGet(46)) - raft.server.log.appender.buffer.byte-limit = 33554432 (custom)
2024-09-10 16:46:29,115 [e5502358-b128-4a46-b87d-f44ed006f965-groupManagement] INFO  server.RaftServerConfigKeys (ConfUtils.java:logGet(46)) - raft.server.log.unsafe-flush.enabled = false (default)
2024-09-10 16:46:29,115 [e5502358-b128-4a46-b87d-f44ed006f965-groupManagement] INFO  server.RaftServerConfigKeys (ConfUtils.java:logGet(46)) - raft.server.log.async-flush.enabled = false (default)
2024-09-10 16:46:29,115 [e5502358-b128-4a46-b87d-f44ed006f965-groupManagement] INFO  server.RaftServerConfigKeys (ConfUtils.java:logGet(46)) - raft.server.log.statemachine.data.caching.enabled = true (custom)
2024-09-10 16:46:29,115 [e5502358-b128-4a46-b87d-f44ed006f965-groupManagement] INFO  segmented.SegmentedRaftLogWorker (SegmentedRaftLogWorker.java:lambda$new$0(135)) - e5502358-b128-4a46-b87d-f44ed006f965@group-F68757ADEE15-SegmentedRaftLogWorker: flushIndex: setUnconditionally 0 -> -1
2024-09-10 16:46:29,115 [e5502358-b128-4a46-b87d-f44ed006f965-groupManagement] INFO  segmented.SegmentedRaftLogWorker (SegmentedRaftLogWorker.java:lambda$new$0(135)) - e5502358-b128-4a46-b87d-f44ed006f965@group-F68757ADEE15-SegmentedRaftLogWorker: safeCacheEvictIndex: setUnconditionally 0 -> -1
2024-09-10 16:46:29,115 [e5502358-b128-4a46-b87d-f44ed006f965-groupManagement] INFO  server.RaftServer$Division (RaftServerImpl.java:start(389)) - e5502358-b128-4a46-b87d-f44ed006f965@group-F68757ADEE15: start as a follower, conf=conf: {index: -1, cur=peers:[e5502358-b128-4a46-b87d-f44ed006f965|127.0.0.1:15171]|listeners:[], old=null}
2024-09-10 16:46:29,115 [e5502358-b128-4a46-b87d-f44ed006f965-groupManagement] INFO  server.RaftServer$Division (RaftServerImpl.java:setRole(376)) - e5502358-b128-4a46-b87d-f44ed006f965@group-F68757ADEE15: changes role from      null to FOLLOWER at term 0 for startAsFollower
2024-09-10 16:46:29,115 [e5502358-b128-4a46-b87d-f44ed006f965-groupManagement] INFO  impl.RoleInfo (RoleInfo.java:updateAndGet(148)) - e5502358-b128-4a46-b87d-f44ed006f965: start e5502358-b128-4a46-b87d-f44ed006f965@group-F68757ADEE15-FollowerState
2024-09-10 16:46:29,115 [e5502358-b128-4a46-b87d-f44ed006f965-groupManagement] INFO  util.JmxRegister (JmxRegister.java:tryRegister(44)) - Successfully registered JMX Bean with object name Ratis:service=RaftServer,group=group-F68757ADEE15,id=e5502358-b128-4a46-b87d-f44ed006f965
2024-09-10 16:46:29,116 [e5502358-b128-4a46-b87d-f44ed006f965-groupManagement] INFO  util.JmxRegister (JmxRegister.java:register(58)) - register mxBean class org.apache.ratis.server.impl.RaftServerJmxAdapter as Ratis:service=RaftServer,group=group-F68757ADEE15,id=e5502358-b128-4a46-b87d-f44ed006f965
2024-09-10 16:46:29,116 [e5502358-b128-4a46-b87d-f44ed006f965@group-F68757ADEE15-FollowerState] INFO  server.RaftServerConfigKeys (ConfUtils.java:logFallback(53)) - raft.server.rpc.first-election.timeout.min = 5s (fallback to raft.server.rpc.timeout.min)
2024-09-10 16:46:29,116 [e5502358-b128-4a46-b87d-f44ed006f965-groupManagement] INFO  server.RaftServerConfigKeys (ConfUtils.java:logGet(46)) - raft.server.snapshot.trigger-when-stop.enabled = true (default)
2024-09-10 16:46:29,116 [e5502358-b128-4a46-b87d-f44ed006f965-groupManagement] INFO  server.RaftServerConfigKeys (ConfUtils.java:logGet(46)) - raft.server.snapshot.trigger-when-remove.enabled = true (default)
2024-09-10 16:46:29,116 [e5502358-b128-4a46-b87d-f44ed006f965-groupManagement] INFO  server.RaftServerConfigKeys (ConfUtils.java:logGet(46)) - raft.server.snapshot.auto.trigger.enabled = true (custom)
2024-09-10 16:46:29,116 [e5502358-b128-4a46-b87d-f44ed006f965-groupManagement] INFO  server.RaftServerConfigKeys (ConfUtils.java:logGet(46)) - raft.server.snapshot.auto.trigger.threshold = 10000 (custom)
2024-09-10 16:46:29,116 [e5502358-b128-4a46-b87d-f44ed006f965-groupManagement] INFO  server.RaftServerConfigKeys (ConfUtils.java:logGet(46)) - raft.server.snapshot.retention.file.num = 5 (custom)
2024-09-10 16:46:29,116 [e5502358-b128-4a46-b87d-f44ed006f965-groupManagement] INFO  server.RaftServerConfigKeys (ConfUtils.java:logGet(46)) - raft.server.log.purge.upto.snapshot.index = false (default)
2024-09-10 16:46:29,116 [e5502358-b128-4a46-b87d-f44ed006f965@group-F68757ADEE15-FollowerState] INFO  server.RaftServerConfigKeys (ConfUtils.java:logFallback(53)) - raft.server.rpc.first-election.timeout.max = 5200ms (fallback to raft.server.rpc.timeout.max)
2024-09-10 16:46:29,117 [e5502358-b128-4a46-b87d-f44ed006f965-PipelineCommandHandlerThread-0] INFO  ratis.XceiverServerRatis (XceiverServerRatis.java:addGroup(849)) - Created group PipelineID=fd2ec4e1-122d-4f69-9097-f68757adee15
2024-09-10 16:46:29,117 [e5502358-b128-4a46-b87d-f44ed006f965-PipelineCommandHandlerThread-0] INFO  commandhandler.CreatePipelineCommandHandler (CreatePipelineCommandHandler.java:lambda$handle$2(124)) - Created Pipeline RATIS ONE PipelineID=fd2ec4e1-122d-4f69-9097-f68757adee15.
2024-09-10 16:46:29,117 [e5502358-b128-4a46-b87d-f44ed006f965-PipelineCommandHandlerThread-0] INFO  server.RaftServer (RaftServerProxy.java:addNew(101)) - e5502358-b128-4a46-b87d-f44ed006f965: addNew group-A76AAD3EA5B0:[2330440b-2504-4263-b461-07f8c416a88f|127.0.0.1:15180, f49a985e-efe9-405d-8922-13d0c1bb1d78|127.0.0.1:15189, e5502358-b128-4a46-b87d-f44ed006f965|127.0.0.1:15171] returns group-A76AAD3EA5B0:java.util.concurrent.CompletableFuture@787a838d[Not completed]
2024-09-10 16:46:29,118 [e5502358-b128-4a46-b87d-f44ed006f965-groupManagement] INFO  server.RaftServer$Division (RaftServerImpl.java:<init>(253)) - e5502358-b128-4a46-b87d-f44ed006f965: new RaftServerImpl for group-A76AAD3EA5B0:[2330440b-2504-4263-b461-07f8c416a88f|127.0.0.1:15180, f49a985e-efe9-405d-8922-13d0c1bb1d78|127.0.0.1:15189, e5502358-b128-4a46-b87d-f44ed006f965|127.0.0.1:15171] with ContainerStateMachine:uninitialized
2024-09-10 16:46:29,118 [e5502358-b128-4a46-b87d-f44ed006f965-groupManagement] INFO  server.RaftServerConfigKeys (ConfUtils.java:logGet(46)) - raft.server.rpc.timeout.min = 5s (custom)
2024-09-10 16:46:29,118 [e5502358-b128-4a46-b87d-f44ed006f965-groupManagement] INFO  server.RaftServerConfigKeys (ConfUtils.java:logGet(46)) - raft.server.rpc.timeout.max = 5200ms (custom)
2024-09-10 16:46:29,118 [e5502358-b128-4a46-b87d-f44ed006f965-groupManagement] INFO  server.RaftServerConfigKeys (ConfUtils.java:logGet(46)) - raft.server.rpc.sleep.time = 25ms (default)
2024-09-10 16:46:29,118 [e5502358-b128-4a46-b87d-f44ed006f965-groupManagement] INFO  server.RaftServerConfigKeys (ConfUtils.java:logGet(46)) - raft.server.rpc.slowness.timeout = 300000ms (custom)
2024-09-10 16:46:29,118 [e5502358-b128-4a46-b87d-f44ed006f965-groupManagement] INFO  server.RaftServerConfigKeys (ConfUtils.java:logGet(46)) - raft.server.leaderelection.leader.step-down.wait-time = 10s (default)
2024-09-10 16:46:29,118 [e5502358-b128-4a46-b87d-f44ed006f965-groupManagement] INFO  server.RaftServerConfigKeys (ConfUtils.java:logGet(46)) - raft.server.leaderelection.member.majority-add = false (default)
2024-09-10 16:46:29,118 [e5502358-b128-4a46-b87d-f44ed006f965-groupManagement] INFO  server.RaftServerConfigKeys (ConfUtils.java:logGet(46)) - raft.server.sleep.deviation.threshold = 300ms (default)
2024-09-10 16:46:29,118 [e5502358-b128-4a46-b87d-f44ed006f965-groupManagement] INFO  server.RaftServer$Division (ServerState.java:<init>(114)) - e5502358-b128-4a46-b87d-f44ed006f965@group-A76AAD3EA5B0: ConfigurationManager, init=conf: {index: -1, cur=peers:[2330440b-2504-4263-b461-07f8c416a88f|127.0.0.1:15180, f49a985e-efe9-405d-8922-13d0c1bb1d78|127.0.0.1:15189, e5502358-b128-4a46-b87d-f44ed006f965|127.0.0.1:15171]|listeners:[], old=null}, confs=<EMPTY_MAP>
2024-09-10 16:46:29,118 [e5502358-b128-4a46-b87d-f44ed006f965-groupManagement] INFO  server.RaftServerConfigKeys (ConfUtils.java:logGet(46)) - raft.server.notification.no-leader.timeout = 300000ms (custom)
2024-09-10 16:46:29,118 [e5502358-b128-4a46-b87d-f44ed006f965-groupManagement] INFO  server.RaftServerConfigKeys (ConfUtils.java:logGet(46)) - raft.server.read.timeout = 10s (default)
2024-09-10 16:46:29,118 [e5502358-b128-4a46-b87d-f44ed006f965-groupManagement] INFO  server.RaftServerConfigKeys (ConfUtils.java:logGet(46)) - raft.server.retrycache.expirytime = 600000ms (custom)
2024-09-10 16:46:29,118 [e5502358-b128-4a46-b87d-f44ed006f965-groupManagement] INFO  server.RaftServerConfigKeys (ConfUtils.java:logGet(46)) - raft.server.retrycache.statistics.expirytime = 100ms (default)
2024-09-10 16:46:29,119 [e5502358-b128-4a46-b87d-f44ed006f965-groupManagement] INFO  server.RaftServerConfigKeys (ConfUtils.java:logGet(46)) - raft.server.read.option = DEFAULT (default)
2024-09-10 16:46:29,119 [e5502358-b128-4a46-b87d-f44ed006f965-groupManagement] INFO  server.RaftServerConfigKeys (ConfUtils.java:logGet(46)) - raft.server.read.read-after-write-consistent.write-index-cache.expiry-time = 60s (default)
2024-09-10 16:46:29,121 [e5502358-b128-4a46-b87d-f44ed006f965-groupManagement] INFO  server.RaftServerConfigKeys (ConfUtils.java:logGet(46)) - raft.server.rpc.request.timeout = 3000ms (default)
2024-09-10 16:46:29,121 [e5502358-b128-4a46-b87d-f44ed006f965-groupManagement] INFO  server.RaftServerConfigKeys (ConfUtils.java:logGet(46)) - raft.server.log.appender.install.snapshot.enabled = false (custom)
2024-09-10 16:46:29,121 [e5502358-b128-4a46-b87d-f44ed006f965-groupManagement] INFO  server.RaftServerConfigKeys (ConfUtils.java:logGet(46)) - raft.server.threadpool.server.cached = true (default)
2024-09-10 16:46:29,121 [e5502358-b128-4a46-b87d-f44ed006f965-groupManagement] INFO  server.RaftServerConfigKeys (ConfUtils.java:logGet(46)) - raft.server.threadpool.server.size = 0 (default)
2024-09-10 16:46:29,121 [e5502358-b128-4a46-b87d-f44ed006f965-groupManagement] INFO  server.RaftServerConfigKeys (ConfUtils.java:logGet(46)) - raft.server.threadpool.client.cached = true (default)
2024-09-10 16:46:29,121 [e5502358-b128-4a46-b87d-f44ed006f965-groupManagement] INFO  server.RaftServerConfigKeys (ConfUtils.java:logGet(46)) - raft.server.threadpool.client.size = 0 (default)
2024-09-10 16:46:29,121 [e5502358-b128-4a46-b87d-f44ed006f965-groupManagement] INFO  server.RaftServerConfigKeys (ConfUtils.java:logGet(46)) - raft.server.storage.free-space.min = 0MB (=0) (default)
2024-09-10 16:46:29,121 [e5502358-b128-4a46-b87d-f44ed006f965-groupManagement] INFO  server.RaftServerConfigKeys (ConfUtils.java:logGet(46)) - raft.server.log.corruption.policy = EXCEPTION (default)
2024-09-10 16:46:29,121 [e5502358-b128-4a46-b87d-f44ed006f965-groupManagement] INFO  server.RaftServerConfigKeys (ConfUtils.java:logGet(46)) - raft.server.storage.dir = [/home/runner/work/ozone/ozone/hadoop-ozone/integration-test/target/test-dir/MiniOzoneClusterImpl-4ea98613-7ec2-40e8-bdf5-64593f2fdf96/ozone-meta/datanode-1/ratis] (custom)
2024-09-10 16:46:29,121 [e5502358-b128-4a46-b87d-f44ed006f965-groupManagement] INFO  storage.RaftStorageDirectory (RaftStorageDirectoryImpl.java:analyzeStorage(138)) - The storage directory /home/runner/work/ozone/ozone/hadoop-ozone/integration-test/target/test-dir/MiniOzoneClusterImpl-4ea98613-7ec2-40e8-bdf5-64593f2fdf96/ozone-meta/datanode-1/ratis/7646dd5a-ad1c-44c3-ab45-a76aad3ea5b0 does not exist. Creating ...
2024-09-10 16:46:29,122 [e5502358-b128-4a46-b87d-f44ed006f965-groupManagement] INFO  storage.RaftStorageDirectory (RaftStorageDirectoryImpl.java:tryLock(229)) - Lock on /home/runner/work/ozone/ozone/hadoop-ozone/integration-test/target/test-dir/MiniOzoneClusterImpl-4ea98613-7ec2-40e8-bdf5-64593f2fdf96/ozone-meta/datanode-1/ratis/7646dd5a-ad1c-44c3-ab45-a76aad3ea5b0/in_use.lock acquired by nodename 77969@fv-az1492-488
2024-09-10 16:46:29,123 [e5502358-b128-4a46-b87d-f44ed006f965-groupManagement] INFO  storage.RaftStorage (RaftStorageImpl.java:format(98)) - Storage directory /home/runner/work/ozone/ozone/hadoop-ozone/integration-test/target/test-dir/MiniOzoneClusterImpl-4ea98613-7ec2-40e8-bdf5-64593f2fdf96/ozone-meta/datanode-1/ratis/7646dd5a-ad1c-44c3-ab45-a76aad3ea5b0 has been successfully formatted.
2024-09-10 16:46:29,124 [e5502358-b128-4a46-b87d-f44ed006f965-groupManagement] INFO  ratis.ContainerStateMachine (ContainerStateMachine.java:loadSnapshot(295)) - group-A76AAD3EA5B0: The snapshot info is null. Setting the last applied index to:(t:0, i:~)
2024-09-10 16:46:29,124 [e5502358-b128-4a46-b87d-f44ed006f965-groupManagement] INFO  server.RaftServerConfigKeys (ConfUtils.java:logGet(46)) - raft.server.log.use.memory = false (default)
2024-09-10 16:46:29,124 [e5502358-b128-4a46-b87d-f44ed006f965-groupManagement] INFO  server.RaftServerConfigKeys (ConfUtils.java:logGet(46)) - raft.server.log.purge.gap = 1000000 (custom)
2024-09-10 16:46:29,124 [e5502358-b128-4a46-b87d-f44ed006f965-groupManagement] INFO  server.RaftServerConfigKeys (ConfUtils.java:logGet(46)) - raft.server.log.appender.buffer.byte-limit = 33554432 (custom)
2024-09-10 16:46:29,124 [e5502358-b128-4a46-b87d-f44ed006f965-groupManagement] INFO  server.RaftServerConfigKeys (ConfUtils.java:logGet(46)) - raft.server.log.statemachine.data.read.timeout = 1000ms (default)
2024-09-10 16:46:29,124 [e5502358-b128-4a46-b87d-f44ed006f965-groupManagement] INFO  server.RaftServerConfigKeys (ConfUtils.java:logGet(46)) - raft.server.log.purge.preservation.log.num = 0 (default)
2024-09-10 16:46:29,125 [EventQueue-OpenPipelineForHealthyPipelineSafeModeRule] INFO  safemode.SCMSafeModeManager (HealthyPipelineSafeModeRule.java:process(140)) - SCM in safe mode. Healthy pipelines reported count is 0, required healthy pipeline reported count is 1
2024-09-10 16:46:29,125 [e5502358-b128-4a46-b87d-f44ed006f965-groupManagement] INFO  server.RaftServerConfigKeys (ConfUtils.java:logGet(46)) - raft.server.log.segment.size.max = 67108864 (custom)
2024-09-10 16:46:29,125 [e5502358-b128-4a46-b87d-f44ed006f965-groupManagement] INFO  server.RaftServerConfigKeys (ConfUtils.java:logGet(46)) - raft.server.log.segment.cache.num.max = 2 (custom)
2024-09-10 16:46:29,126 [e5502358-b128-4a46-b87d-f44ed006f965-groupManagement] INFO  server.RaftServerConfigKeys (ConfUtils.java:logGet(46)) - raft.server.log.segment.cache.size.max = 200MB (=209715200) (default)
2024-09-10 16:46:29,126 [e5502358-b128-4a46-b87d-f44ed006f965-groupManagement] INFO  server.RaftServerConfigKeys (ConfUtils.java:logGet(46)) - raft.server.log.appender.buffer.byte-limit = 33554432 (custom)
2024-09-10 16:46:29,126 [e5502358-b128-4a46-b87d-f44ed006f965-groupManagement] INFO  util.AwaitToRun (AwaitToRun.java:start(81)) - Thread[e5502358-b128-4a46-b87d-f44ed006f965@group-A76AAD3EA5B0-cacheEviction-AwaitToRun,5,main] started
2024-09-10 16:46:29,126 [e5502358-b128-4a46-b87d-f44ed006f965-groupManagement] INFO  segmented.SegmentedRaftLogWorker (SegmentedRaftLogWorker.java:<init>(184)) - new e5502358-b128-4a46-b87d-f44ed006f965@group-A76AAD3EA5B0-SegmentedRaftLogWorker for RaftStorageImpl:Storage Directory /home/runner/work/ozone/ozone/hadoop-ozone/integration-test/target/test-dir/MiniOzoneClusterImpl-4ea98613-7ec2-40e8-bdf5-64593f2fdf96/ozone-meta/datanode-1/ratis/7646dd5a-ad1c-44c3-ab45-a76aad3ea5b0
2024-09-10 16:46:29,126 [e5502358-b128-4a46-b87d-f44ed006f965-groupManagement] INFO  server.RaftServerConfigKeys (ConfUtils.java:logGet(46)) - raft.server.log.queue.byte-limit = 4294967296 (custom)
2024-09-10 16:46:29,126 [e5502358-b128-4a46-b87d-f44ed006f965-groupManagement] INFO  server.RaftServerConfigKeys (ConfUtils.java:logGet(46)) - raft.server.log.queue.element-limit = 1024 (custom)
2024-09-10 16:46:29,126 [e5502358-b128-4a46-b87d-f44ed006f965-groupManagement] INFO  server.RaftServerConfigKeys (ConfUtils.java:logGet(46)) - raft.server.log.segment.size.max = 67108864 (custom)
2024-09-10 16:46:29,126 [e5502358-b128-4a46-b87d-f44ed006f965-groupManagement] INFO  server.RaftServerConfigKeys (ConfUtils.java:logGet(46)) - raft.server.log.preallocated.size = 4194304 (custom)
2024-09-10 16:46:29,126 [e5502358-b128-4a46-b87d-f44ed006f965-groupManagement] INFO  server.RaftServerConfigKeys (ConfUtils.java:logGet(46)) - raft.server.log.force.sync.num = 128 (default)
2024-09-10 16:46:29,126 [e5502358-b128-4a46-b87d-f44ed006f965-groupManagement] INFO  server.RaftServerConfigKeys (ConfUtils.java:logGet(46)) - raft.server.log.statemachine.data.sync = true (default)
2024-09-10 16:46:29,126 [e5502358-b128-4a46-b87d-f44ed006f965-groupManagement] INFO  server.RaftServerConfigKeys (ConfUtils.java:logGet(46)) - raft.server.log.statemachine.data.sync.timeout = 10s (default)
2024-09-10 16:46:29,126 [e5502358-b128-4a46-b87d-f44ed006f965-groupManagement] INFO  server.RaftServerConfigKeys (ConfUtils.java:logGet(46)) - raft.server.log.statemachine.data.sync.timeout.retry = 30 (custom)
2024-09-10 16:46:29,126 [e5502358-b128-4a46-b87d-f44ed006f965-groupManagement] INFO  server.RaftServerConfigKeys (ConfUtils.java:logGet(46)) - raft.server.log.write.buffer.size = 33554440 (custom)
2024-09-10 16:46:29,132 [e5502358-b128-4a46-b87d-f44ed006f965-groupManagement] INFO  server.RaftServerConfigKeys (ConfUtils.java:logGet(46)) - raft.server.log.appender.buffer.byte-limit = 33554432 (custom)
2024-09-10 16:46:29,132 [e5502358-b128-4a46-b87d-f44ed006f965-groupManagement] INFO  server.RaftServerConfigKeys (ConfUtils.java:logGet(46)) - raft.server.log.unsafe-flush.enabled = false (default)
2024-09-10 16:46:29,132 [e5502358-b128-4a46-b87d-f44ed006f965-groupManagement] INFO  server.RaftServerConfigKeys (ConfUtils.java:logGet(46)) - raft.server.log.async-flush.enabled = false (default)
2024-09-10 16:46:29,132 [e5502358-b128-4a46-b87d-f44ed006f965-groupManagement] INFO  server.RaftServerConfigKeys (ConfUtils.java:logGet(46)) - raft.server.log.statemachine.data.caching.enabled = true (custom)
2024-09-10 16:46:29,132 [e5502358-b128-4a46-b87d-f44ed006f965-groupManagement] INFO  segmented.SegmentedRaftLogWorker (SegmentedRaftLogWorker.java:lambda$new$0(135)) - e5502358-b128-4a46-b87d-f44ed006f965@group-A76AAD3EA5B0-SegmentedRaftLogWorker: flushIndex: setUnconditionally 0 -> -1
2024-09-10 16:46:29,132 [e5502358-b128-4a46-b87d-f44ed006f965-groupManagement] INFO  segmented.SegmentedRaftLogWorker (SegmentedRaftLogWorker.java:lambda$new$0(135)) - e5502358-b128-4a46-b87d-f44ed006f965@group-A76AAD3EA5B0-SegmentedRaftLogWorker: safeCacheEvictIndex: setUnconditionally 0 -> -1
2024-09-10 16:46:29,133 [e5502358-b128-4a46-b87d-f44ed006f965-groupManagement] INFO  server.RaftServer$Division (RaftServerImpl.java:start(389)) - e5502358-b128-4a46-b87d-f44ed006f965@group-A76AAD3EA5B0: start as a follower, conf=conf: {index: -1, cur=peers:[2330440b-2504-4263-b461-07f8c416a88f|127.0.0.1:15180, f49a985e-efe9-405d-8922-13d0c1bb1d78|127.0.0.1:15189, e5502358-b128-4a46-b87d-f44ed006f965|127.0.0.1:15171]|listeners:[], old=null}
2024-09-10 16:46:29,133 [e5502358-b128-4a46-b87d-f44ed006f965-groupManagement] INFO  server.RaftServer$Division (RaftServerImpl.java:setRole(376)) - e5502358-b128-4a46-b87d-f44ed006f965@group-A76AAD3EA5B0: changes role from      null to FOLLOWER at term 0 for startAsFollower
2024-09-10 16:46:29,133 [e5502358-b128-4a46-b87d-f44ed006f965-groupManagement] INFO  impl.RoleInfo (RoleInfo.java:updateAndGet(148)) - e5502358-b128-4a46-b87d-f44ed006f965: start e5502358-b128-4a46-b87d-f44ed006f965@group-A76AAD3EA5B0-FollowerState
2024-09-10 16:46:29,136 [e5502358-b128-4a46-b87d-f44ed006f965@group-A76AAD3EA5B0-FollowerState] INFO  server.RaftServerConfigKeys (ConfUtils.java:logFallback(53)) - raft.server.rpc.first-election.timeout.min = 5s (fallback to raft.server.rpc.timeout.min)
2024-09-10 16:46:29,136 [e5502358-b128-4a46-b87d-f44ed006f965-groupManagement] INFO  util.JmxRegister (JmxRegister.java:tryRegister(44)) - Successfully registered JMX Bean with object name Ratis:service=RaftServer,group=group-A76AAD3EA5B0,id=e5502358-b128-4a46-b87d-f44ed006f965
2024-09-10 16:46:29,136 [e5502358-b128-4a46-b87d-f44ed006f965@group-A76AAD3EA5B0-FollowerState] INFO  server.RaftServerConfigKeys (ConfUtils.java:logFallback(53)) - raft.server.rpc.first-election.timeout.max = 5200ms (fallback to raft.server.rpc.timeout.max)
2024-09-10 16:46:29,136 [e5502358-b128-4a46-b87d-f44ed006f965-groupManagement] INFO  util.JmxRegister (JmxRegister.java:register(58)) - register mxBean class org.apache.ratis.server.impl.RaftServerJmxAdapter as Ratis:service=RaftServer,group=group-A76AAD3EA5B0,id=e5502358-b128-4a46-b87d-f44ed006f965
2024-09-10 16:46:29,136 [e5502358-b128-4a46-b87d-f44ed006f965-groupManagement] INFO  server.RaftServerConfigKeys (ConfUtils.java:logGet(46)) - raft.server.snapshot.trigger-when-stop.enabled = true (default)
2024-09-10 16:46:29,136 [e5502358-b128-4a46-b87d-f44ed006f965-groupManagement] INFO  server.RaftServerConfigKeys (ConfUtils.java:logGet(46)) - raft.server.snapshot.trigger-when-remove.enabled = true (default)
2024-09-10 16:46:29,136 [e5502358-b128-4a46-b87d-f44ed006f965-groupManagement] INFO  server.RaftServerConfigKeys (ConfUtils.java:logGet(46)) - raft.server.snapshot.auto.trigger.enabled = true (custom)
2024-09-10 16:46:29,136 [e5502358-b128-4a46-b87d-f44ed006f965-groupManagement] INFO  server.RaftServerConfigKeys (ConfUtils.java:logGet(46)) - raft.server.snapshot.auto.trigger.threshold = 10000 (custom)
2024-09-10 16:46:29,137 [e5502358-b128-4a46-b87d-f44ed006f965-groupManagement] INFO  server.RaftServerConfigKeys (ConfUtils.java:logGet(46)) - raft.server.snapshot.retention.file.num = 5 (custom)
2024-09-10 16:46:29,137 [e5502358-b128-4a46-b87d-f44ed006f965-groupManagement] INFO  server.RaftServerConfigKeys (ConfUtils.java:logGet(46)) - raft.server.log.purge.upto.snapshot.index = false (default)
2024-09-10 16:46:29,137 [e5502358-b128-4a46-b87d-f44ed006f965-PipelineCommandHandlerThread-0] INFO  ratis.XceiverServerRatis (XceiverServerRatis.java:addGroup(849)) - Created group PipelineID=7646dd5a-ad1c-44c3-ab45-a76aad3ea5b0
2024-09-10 16:46:29,150 [grpc-default-executor-0] INFO  server.RaftServer (RaftServerProxy.java:addNew(101)) - 2330440b-2504-4263-b461-07f8c416a88f: addNew group-A76AAD3EA5B0:[2330440b-2504-4263-b461-07f8c416a88f|127.0.0.1:15180, f49a985e-efe9-405d-8922-13d0c1bb1d78|127.0.0.1:15189, e5502358-b128-4a46-b87d-f44ed006f965|127.0.0.1:15171] returns group-A76AAD3EA5B0:java.util.concurrent.CompletableFuture@5f36a75a[Not completed]
2024-09-10 16:46:29,151 [2330440b-2504-4263-b461-07f8c416a88f-groupManagement] INFO  server.RaftServer$Division (RaftServerImpl.java:<init>(253)) - 2330440b-2504-4263-b461-07f8c416a88f: new RaftServerImpl for group-A76AAD3EA5B0:[2330440b-2504-4263-b461-07f8c416a88f|127.0.0.1:15180, f49a985e-efe9-405d-8922-13d0c1bb1d78|127.0.0.1:15189, e5502358-b128-4a46-b87d-f44ed006f965|127.0.0.1:15171] with ContainerStateMachine:uninitialized
2024-09-10 16:46:29,151 [2330440b-2504-4263-b461-07f8c416a88f-groupManagement] INFO  server.RaftServerConfigKeys (ConfUtils.java:logGet(46)) - raft.server.rpc.timeout.min = 5s (custom)
2024-09-10 16:46:29,151 [2330440b-2504-4263-b461-07f8c416a88f-groupManagement] INFO  server.RaftServerConfigKeys (ConfUtils.java:logGet(46)) - raft.server.rpc.timeout.max = 5200ms (custom)
2024-09-10 16:46:29,151 [2330440b-2504-4263-b461-07f8c416a88f-groupManagement] INFO  server.RaftServerConfigKeys (ConfUtils.java:logGet(46)) - raft.server.rpc.sleep.time = 25ms (default)
2024-09-10 16:46:29,151 [2330440b-2504-4263-b461-07f8c416a88f-groupManagement] INFO  server.RaftServerConfigKeys (ConfUtils.java:logGet(46)) - raft.server.rpc.slowness.timeout = 300000ms (custom)
2024-09-10 16:46:29,151 [2330440b-2504-4263-b461-07f8c416a88f-groupManagement] INFO  server.RaftServerConfigKeys (ConfUtils.java:logGet(46)) - raft.server.leaderelection.leader.step-down.wait-time = 10s (default)
2024-09-10 16:46:29,151 [2330440b-2504-4263-b461-07f8c416a88f-groupManagement] INFO  server.RaftServerConfigKeys (ConfUtils.java:logGet(46)) - raft.server.leaderelection.member.majority-add = false (default)
2024-09-10 16:46:29,151 [2330440b-2504-4263-b461-07f8c416a88f-groupManagement] INFO  server.RaftServerConfigKeys (ConfUtils.java:logGet(46)) - raft.server.sleep.deviation.threshold = 300ms (default)
2024-09-10 16:46:29,152 [2330440b-2504-4263-b461-07f8c416a88f-groupManagement] INFO  server.RaftServer$Division (ServerState.java:<init>(114)) - 2330440b-2504-4263-b461-07f8c416a88f@group-A76AAD3EA5B0: ConfigurationManager, init=conf: {index: -1, cur=peers:[2330440b-2504-4263-b461-07f8c416a88f|127.0.0.1:15180, f49a985e-efe9-405d-8922-13d0c1bb1d78|127.0.0.1:15189, e5502358-b128-4a46-b87d-f44ed006f965|127.0.0.1:15171]|listeners:[], old=null}, confs=<EMPTY_MAP>
2024-09-10 16:46:29,152 [2330440b-2504-4263-b461-07f8c416a88f-groupManagement] INFO  server.RaftServerConfigKeys (ConfUtils.java:logGet(46)) - raft.server.notification.no-leader.timeout = 300000ms (custom)
2024-09-10 16:46:29,152 [2330440b-2504-4263-b461-07f8c416a88f-groupManagement] INFO  server.RaftServerConfigKeys (ConfUtils.java:logGet(46)) - raft.server.read.timeout = 10s (default)
2024-09-10 16:46:29,152 [2330440b-2504-4263-b461-07f8c416a88f-groupManagement] INFO  server.RaftServerConfigKeys (ConfUtils.java:logGet(46)) - raft.server.retrycache.expirytime = 600000ms (custom)
2024-09-10 16:46:29,152 [2330440b-2504-4263-b461-07f8c416a88f-groupManagement] INFO  server.RaftServerConfigKeys (ConfUtils.java:logGet(46)) - raft.server.retrycache.statistics.expirytime = 100ms (default)
2024-09-10 16:46:29,152 [2330440b-2504-4263-b461-07f8c416a88f-groupManagement] INFO  server.RaftServerConfigKeys (ConfUtils.java:logGet(46)) - raft.server.read.option = DEFAULT (default)
2024-09-10 16:46:29,152 [2330440b-2504-4263-b461-07f8c416a88f-groupManagement] INFO  server.RaftServerConfigKeys (ConfUtils.java:logGet(46)) - raft.server.read.read-after-write-consistent.write-index-cache.expiry-time = 60s (default)
2024-09-10 16:46:29,154 [2330440b-2504-4263-b461-07f8c416a88f-groupManagement] INFO  server.RaftServerConfigKeys (ConfUtils.java:logGet(46)) - raft.server.rpc.request.timeout = 3000ms (default)
2024-09-10 16:46:29,154 [2330440b-2504-4263-b461-07f8c416a88f-groupManagement] INFO  server.RaftServerConfigKeys (ConfUtils.java:logGet(46)) - raft.server.log.appender.install.snapshot.enabled = false (custom)
2024-09-10 16:46:29,154 [2330440b-2504-4263-b461-07f8c416a88f-groupManagement] INFO  server.RaftServerConfigKeys (ConfUtils.java:logGet(46)) - raft.server.threadpool.server.cached = true (default)
2024-09-10 16:46:29,154 [2330440b-2504-4263-b461-07f8c416a88f-groupManagement] INFO  server.RaftServerConfigKeys (ConfUtils.java:logGet(46)) - raft.server.threadpool.server.size = 0 (default)
2024-09-10 16:46:29,154 [2330440b-2504-4263-b461-07f8c416a88f-groupManagement] INFO  server.RaftServerConfigKeys (ConfUtils.java:logGet(46)) - raft.server.threadpool.client.cached = true (default)
2024-09-10 16:46:29,155 [2330440b-2504-4263-b461-07f8c416a88f-groupManagement] INFO  server.RaftServerConfigKeys (ConfUtils.java:logGet(46)) - raft.server.threadpool.client.size = 0 (default)
2024-09-10 16:46:29,155 [2330440b-2504-4263-b461-07f8c416a88f-groupManagement] INFO  server.RaftServerConfigKeys (ConfUtils.java:logGet(46)) - raft.server.storage.free-space.min = 0MB (=0) (default)
2024-09-10 16:46:29,155 [2330440b-2504-4263-b461-07f8c416a88f-groupManagement] INFO  server.RaftServerConfigKeys (ConfUtils.java:logGet(46)) - raft.server.log.corruption.policy = EXCEPTION (default)
2024-09-10 16:46:29,155 [2330440b-2504-4263-b461-07f8c416a88f-groupManagement] INFO  server.RaftServerConfigKeys (ConfUtils.java:logGet(46)) - raft.server.storage.dir = [/home/runner/work/ozone/ozone/hadoop-ozone/integration-test/target/test-dir/MiniOzoneClusterImpl-4ea98613-7ec2-40e8-bdf5-64593f2fdf96/ozone-meta/datanode-2/ratis] (custom)
2024-09-10 16:46:29,155 [2330440b-2504-4263-b461-07f8c416a88f-groupManagement] INFO  storage.RaftStorageDirectory (RaftStorageDirectoryImpl.java:analyzeStorage(138)) - The storage directory /home/runner/work/ozone/ozone/hadoop-ozone/integration-test/target/test-dir/MiniOzoneClusterImpl-4ea98613-7ec2-40e8-bdf5-64593f2fdf96/ozone-meta/datanode-2/ratis/7646dd5a-ad1c-44c3-ab45-a76aad3ea5b0 does not exist. Creating ...
2024-09-10 16:46:29,157 [2330440b-2504-4263-b461-07f8c416a88f-groupManagement] INFO  storage.RaftStorageDirectory (RaftStorageDirectoryImpl.java:tryLock(229)) - Lock on /home/runner/work/ozone/ozone/hadoop-ozone/integration-test/target/test-dir/MiniOzoneClusterImpl-4ea98613-7ec2-40e8-bdf5-64593f2fdf96/ozone-meta/datanode-2/ratis/7646dd5a-ad1c-44c3-ab45-a76aad3ea5b0/in_use.lock acquired by nodename 77969@fv-az1492-488
2024-09-10 16:46:29,158 [2330440b-2504-4263-b461-07f8c416a88f-groupManagement] INFO  storage.RaftStorage (RaftStorageImpl.java:format(98)) - Storage directory /home/runner/work/ozone/ozone/hadoop-ozone/integration-test/target/test-dir/MiniOzoneClusterImpl-4ea98613-7ec2-40e8-bdf5-64593f2fdf96/ozone-meta/datanode-2/ratis/7646dd5a-ad1c-44c3-ab45-a76aad3ea5b0 has been successfully formatted.
2024-09-10 16:46:29,158 [2330440b-2504-4263-b461-07f8c416a88f-groupManagement] INFO  ratis.ContainerStateMachine (ContainerStateMachine.java:loadSnapshot(295)) - group-A76AAD3EA5B0: The snapshot info is null. Setting the last applied index to:(t:0, i:~)
2024-09-10 16:46:29,158 [2330440b-2504-4263-b461-07f8c416a88f-groupManagement] INFO  server.RaftServerConfigKeys (ConfUtils.java:logGet(46)) - raft.server.log.use.memory = false (default)
2024-09-10 16:46:29,158 [2330440b-2504-4263-b461-07f8c416a88f-groupManagement] INFO  server.RaftServerConfigKeys (ConfUtils.java:logGet(46)) - raft.server.log.purge.gap = 1000000 (custom)
2024-09-10 16:46:29,159 [2330440b-2504-4263-b461-07f8c416a88f-groupManagement] INFO  server.RaftServerConfigKeys (ConfUtils.java:logGet(46)) - raft.server.log.appender.buffer.byte-limit = 33554432 (custom)
2024-09-10 16:46:29,159 [2330440b-2504-4263-b461-07f8c416a88f-groupManagement] INFO  server.RaftServerConfigKeys (ConfUtils.java:logGet(46)) - raft.server.log.statemachine.data.read.timeout = 1000ms (default)
2024-09-10 16:46:29,159 [2330440b-2504-4263-b461-07f8c416a88f-groupManagement] INFO  server.RaftServerConfigKeys (ConfUtils.java:logGet(46)) - raft.server.log.purge.preservation.log.num = 0 (default)
2024-09-10 16:46:29,160 [2330440b-2504-4263-b461-07f8c416a88f-groupManagement] INFO  server.RaftServerConfigKeys (ConfUtils.java:logGet(46)) - raft.server.log.segment.size.max = 67108864 (custom)
2024-09-10 16:46:29,160 [2330440b-2504-4263-b461-07f8c416a88f-groupManagement] INFO  server.RaftServerConfigKeys (ConfUtils.java:logGet(46)) - raft.server.log.segment.cache.num.max = 2 (custom)
2024-09-10 16:46:29,160 [2330440b-2504-4263-b461-07f8c416a88f-groupManagement] INFO  server.RaftServerConfigKeys (ConfUtils.java:logGet(46)) - raft.server.log.segment.cache.size.max = 200MB (=209715200) (default)
2024-09-10 16:46:29,160 [2330440b-2504-4263-b461-07f8c416a88f-groupManagement] INFO  server.RaftServerConfigKeys (ConfUtils.java:logGet(46)) - raft.server.log.appender.buffer.byte-limit = 33554432 (custom)
2024-09-10 16:46:29,160 [2330440b-2504-4263-b461-07f8c416a88f-groupManagement] INFO  util.AwaitToRun (AwaitToRun.java:start(81)) - Thread[2330440b-2504-4263-b461-07f8c416a88f@group-A76AAD3EA5B0-cacheEviction-AwaitToRun,5,main] started
2024-09-10 16:46:29,160 [2330440b-2504-4263-b461-07f8c416a88f-groupManagement] INFO  segmented.SegmentedRaftLogWorker (SegmentedRaftLogWorker.java:<init>(184)) - new 2330440b-2504-4263-b461-07f8c416a88f@group-A76AAD3EA5B0-SegmentedRaftLogWorker for RaftStorageImpl:Storage Directory /home/runner/work/ozone/ozone/hadoop-ozone/integration-test/target/test-dir/MiniOzoneClusterImpl-4ea98613-7ec2-40e8-bdf5-64593f2fdf96/ozone-meta/datanode-2/ratis/7646dd5a-ad1c-44c3-ab45-a76aad3ea5b0
2024-09-10 16:46:29,160 [2330440b-2504-4263-b461-07f8c416a88f-groupManagement] INFO  server.RaftServerConfigKeys (ConfUtils.java:logGet(46)) - raft.server.log.queue.byte-limit = 4294967296 (custom)
2024-09-10 16:46:29,160 [2330440b-2504-4263-b461-07f8c416a88f-groupManagement] INFO  server.RaftServerConfigKeys (ConfUtils.java:logGet(46)) - raft.server.log.queue.element-limit = 1024 (custom)
2024-09-10 16:46:29,160 [2330440b-2504-4263-b461-07f8c416a88f-groupManagement] INFO  server.RaftServerConfigKeys (ConfUtils.java:logGet(46)) - raft.server.log.segment.size.max = 67108864 (custom)
2024-09-10 16:46:29,161 [2330440b-2504-4263-b461-07f8c416a88f-groupManagement] INFO  server.RaftServerConfigKeys (ConfUtils.java:logGet(46)) - raft.server.log.preallocated.size = 4194304 (custom)
2024-09-10 16:46:29,161 [2330440b-2504-4263-b461-07f8c416a88f-groupManagement] INFO  server.RaftServerConfigKeys (ConfUtils.java:logGet(46)) - raft.server.log.force.sync.num = 128 (default)
2024-09-10 16:46:29,161 [2330440b-2504-4263-b461-07f8c416a88f-groupManagement] INFO  server.RaftServerConfigKeys (ConfUtils.java:logGet(46)) - raft.server.log.statemachine.data.sync = true (default)
2024-09-10 16:46:29,161 [2330440b-2504-4263-b461-07f8c416a88f-groupManagement] INFO  server.RaftServerConfigKeys (ConfUtils.java:logGet(46)) - raft.server.log.statemachine.data.sync.timeout = 10s (default)
2024-09-10 16:46:29,161 [2330440b-2504-4263-b461-07f8c416a88f-groupManagement] INFO  server.RaftServerConfigKeys (ConfUtils.java:logGet(46)) - raft.server.log.statemachine.data.sync.timeout.retry = 30 (custom)
2024-09-10 16:46:29,161 [2330440b-2504-4263-b461-07f8c416a88f-groupManagement] INFO  server.RaftServerConfigKeys (ConfUtils.java:logGet(46)) - raft.server.log.write.buffer.size = 33554440 (custom)
2024-09-10 16:46:29,165 [2330440b-2504-4263-b461-07f8c416a88f-groupManagement] INFO  server.RaftServerConfigKeys (ConfUtils.java:logGet(46)) - raft.server.log.appender.buffer.byte-limit = 33554432 (custom)
2024-09-10 16:46:29,165 [2330440b-2504-4263-b461-07f8c416a88f-groupManagement] INFO  server.RaftServerConfigKeys (ConfUtils.java:logGet(46)) - raft.server.log.unsafe-flush.enabled = false (default)
2024-09-10 16:46:29,165 [2330440b-2504-4263-b461-07f8c416a88f-groupManagement] INFO  server.RaftServerConfigKeys (ConfUtils.java:logGet(46)) - raft.server.log.async-flush.enabled = false (default)
2024-09-10 16:46:29,166 [2330440b-2504-4263-b461-07f8c416a88f-groupManagement] INFO  server.RaftServerConfigKeys (ConfUtils.java:logGet(46)) - raft.server.log.statemachine.data.caching.enabled = true (custom)
2024-09-10 16:46:29,166 [2330440b-2504-4263-b461-07f8c416a88f-groupManagement] INFO  segmented.SegmentedRaftLogWorker (SegmentedRaftLogWorker.java:lambda$new$0(135)) - 2330440b-2504-4263-b461-07f8c416a88f@group-A76AAD3EA5B0-SegmentedRaftLogWorker: flushIndex: setUnconditionally 0 -> -1
2024-09-10 16:46:29,166 [2330440b-2504-4263-b461-07f8c416a88f-groupManagement] INFO  segmented.SegmentedRaftLogWorker (SegmentedRaftLogWorker.java:lambda$new$0(135)) - 2330440b-2504-4263-b461-07f8c416a88f@group-A76AAD3EA5B0-SegmentedRaftLogWorker: safeCacheEvictIndex: setUnconditionally 0 -> -1
2024-09-10 16:46:29,166 [2330440b-2504-4263-b461-07f8c416a88f-groupManagement] INFO  server.RaftServer$Division (RaftServerImpl.java:start(389)) - 2330440b-2504-4263-b461-07f8c416a88f@group-A76AAD3EA5B0: start as a follower, conf=conf: {index: -1, cur=peers:[2330440b-2504-4263-b461-07f8c416a88f|127.0.0.1:15180, f49a985e-efe9-405d-8922-13d0c1bb1d78|127.0.0.1:15189, e5502358-b128-4a46-b87d-f44ed006f965|127.0.0.1:15171]|listeners:[], old=null}
2024-09-10 16:46:29,166 [2330440b-2504-4263-b461-07f8c416a88f-groupManagement] INFO  server.RaftServer$Division (RaftServerImpl.java:setRole(376)) - 2330440b-2504-4263-b461-07f8c416a88f@group-A76AAD3EA5B0: changes role from      null to FOLLOWER at term 0 for startAsFollower
2024-09-10 16:46:29,166 [2330440b-2504-4263-b461-07f8c416a88f-groupManagement] INFO  impl.RoleInfo (RoleInfo.java:updateAndGet(148)) - 2330440b-2504-4263-b461-07f8c416a88f: start 2330440b-2504-4263-b461-07f8c416a88f@group-A76AAD3EA5B0-FollowerState
2024-09-10 16:46:29,166 [2330440b-2504-4263-b461-07f8c416a88f-groupManagement] INFO  util.JmxRegister (JmxRegister.java:tryRegister(44)) - Successfully registered JMX Bean with object name Ratis:service=RaftServer,group=group-A76AAD3EA5B0,id=2330440b-2504-4263-b461-07f8c416a88f
2024-09-10 16:46:29,167 [2330440b-2504-4263-b461-07f8c416a88f-groupManagement] INFO  util.JmxRegister (JmxRegister.java:register(58)) - register mxBean class org.apache.ratis.server.impl.RaftServerJmxAdapter as Ratis:service=RaftServer,group=group-A76AAD3EA5B0,id=2330440b-2504-4263-b461-07f8c416a88f
2024-09-10 16:46:29,167 [2330440b-2504-4263-b461-07f8c416a88f-groupManagement] INFO  server.RaftServerConfigKeys (ConfUtils.java:logGet(46)) - raft.server.snapshot.trigger-when-stop.enabled = true (default)
2024-09-10 16:46:29,167 [2330440b-2504-4263-b461-07f8c416a88f-groupManagement] INFO  server.RaftServerConfigKeys (ConfUtils.java:logGet(46)) - raft.server.snapshot.trigger-when-remove.enabled = true (default)
2024-09-10 16:46:29,167 [2330440b-2504-4263-b461-07f8c416a88f-groupManagement] INFO  server.RaftServerConfigKeys (ConfUtils.java:logGet(46)) - raft.server.snapshot.auto.trigger.enabled = true (custom)
2024-09-10 16:46:29,167 [2330440b-2504-4263-b461-07f8c416a88f-groupManagement] INFO  server.RaftServerConfigKeys (ConfUtils.java:logGet(46)) - raft.server.snapshot.auto.trigger.threshold = 10000 (custom)
2024-09-10 16:46:29,167 [2330440b-2504-4263-b461-07f8c416a88f-groupManagement] INFO  server.RaftServerConfigKeys (ConfUtils.java:logGet(46)) - raft.server.snapshot.retention.file.num = 5 (custom)
2024-09-10 16:46:29,167 [2330440b-2504-4263-b461-07f8c416a88f-groupManagement] INFO  server.RaftServerConfigKeys (ConfUtils.java:logGet(46)) - raft.server.log.purge.upto.snapshot.index = false (default)
2024-09-10 16:46:29,166 [2330440b-2504-4263-b461-07f8c416a88f@group-A76AAD3EA5B0-FollowerState] INFO  server.RaftServerConfigKeys (ConfUtils.java:logFallback(53)) - raft.server.rpc.first-election.timeout.min = 5s (fallback to raft.server.rpc.timeout.min)
2024-09-10 16:46:29,167 [2330440b-2504-4263-b461-07f8c416a88f@group-A76AAD3EA5B0-FollowerState] INFO  server.RaftServerConfigKeys (ConfUtils.java:logFallback(53)) - raft.server.rpc.first-election.timeout.max = 5200ms (fallback to raft.server.rpc.timeout.max)
2024-09-10 16:46:29,176 [grpc-default-executor-0] INFO  server.RaftServer (RaftServerProxy.java:addNew(101)) - f49a985e-efe9-405d-8922-13d0c1bb1d78: addNew group-A76AAD3EA5B0:[2330440b-2504-4263-b461-07f8c416a88f|127.0.0.1:15180, f49a985e-efe9-405d-8922-13d0c1bb1d78|127.0.0.1:15189, e5502358-b128-4a46-b87d-f44ed006f965|127.0.0.1:15171] returns group-A76AAD3EA5B0:java.util.concurrent.CompletableFuture@672c4b0e[Not completed]
2024-09-10 16:46:29,177 [f49a985e-efe9-405d-8922-13d0c1bb1d78-groupManagement] INFO  server.RaftServer$Division (RaftServerImpl.java:<init>(253)) - f49a985e-efe9-405d-8922-13d0c1bb1d78: new RaftServerImpl for group-A76AAD3EA5B0:[2330440b-2504-4263-b461-07f8c416a88f|127.0.0.1:15180, f49a985e-efe9-405d-8922-13d0c1bb1d78|127.0.0.1:15189, e5502358-b128-4a46-b87d-f44ed006f965|127.0.0.1:15171] with ContainerStateMachine:uninitialized
2024-09-10 16:46:29,177 [f49a985e-efe9-405d-8922-13d0c1bb1d78-groupManagement] INFO  server.RaftServerConfigKeys (ConfUtils.java:logGet(46)) - raft.server.rpc.timeout.min = 5s (custom)
2024-09-10 16:46:29,177 [f49a985e-efe9-405d-8922-13d0c1bb1d78-groupManagement] INFO  server.RaftServerConfigKeys (ConfUtils.java:logGet(46)) - raft.server.rpc.timeout.max = 5200ms (custom)
2024-09-10 16:46:29,177 [f49a985e-efe9-405d-8922-13d0c1bb1d78-groupManagement] INFO  server.RaftServerConfigKeys (ConfUtils.java:logGet(46)) - raft.server.rpc.sleep.time = 25ms (default)
2024-09-10 16:46:29,177 [f49a985e-efe9-405d-8922-13d0c1bb1d78-groupManagement] INFO  server.RaftServerConfigKeys (ConfUtils.java:logGet(46)) - raft.server.rpc.slowness.timeout = 300000ms (custom)
2024-09-10 16:46:29,177 [f49a985e-efe9-405d-8922-13d0c1bb1d78-groupManagement] INFO  server.RaftServerConfigKeys (ConfUtils.java:logGet(46)) - raft.server.leaderelection.leader.step-down.wait-time = 10s (default)
2024-09-10 16:46:29,177 [f49a985e-efe9-405d-8922-13d0c1bb1d78-groupManagement] INFO  server.RaftServerConfigKeys (ConfUtils.java:logGet(46)) - raft.server.leaderelection.member.majority-add = false (default)
2024-09-10 16:46:29,177 [f49a985e-efe9-405d-8922-13d0c1bb1d78-groupManagement] INFO  server.RaftServerConfigKeys (ConfUtils.java:logGet(46)) - raft.server.sleep.deviation.threshold = 300ms (default)
2024-09-10 16:46:29,177 [f49a985e-efe9-405d-8922-13d0c1bb1d78-groupManagement] INFO  server.RaftServer$Division (ServerState.java:<init>(114)) - f49a985e-efe9-405d-8922-13d0c1bb1d78@group-A76AAD3EA5B0: ConfigurationManager, init=conf: {index: -1, cur=peers:[2330440b-2504-4263-b461-07f8c416a88f|127.0.0.1:15180, f49a985e-efe9-405d-8922-13d0c1bb1d78|127.0.0.1:15189, e5502358-b128-4a46-b87d-f44ed006f965|127.0.0.1:15171]|listeners:[], old=null}, confs=<EMPTY_MAP>
2024-09-10 16:46:29,177 [f49a985e-efe9-405d-8922-13d0c1bb1d78-groupManagement] INFO  server.RaftServerConfigKeys (ConfUtils.java:logGet(46)) - raft.server.notification.no-leader.timeout = 300000ms (custom)
2024-09-10 16:46:29,178 [f49a985e-efe9-405d-8922-13d0c1bb1d78-groupManagement] INFO  server.RaftServerConfigKeys (ConfUtils.java:logGet(46)) - raft.server.read.timeout = 10s (default)
2024-09-10 16:46:29,178 [f49a985e-efe9-405d-8922-13d0c1bb1d78-groupManagement] INFO  server.RaftServerConfigKeys (ConfUtils.java:logGet(46)) - raft.server.retrycache.expirytime = 600000ms (custom)
2024-09-10 16:46:29,178 [f49a985e-efe9-405d-8922-13d0c1bb1d78-groupManagement] INFO  server.RaftServerConfigKeys (ConfUtils.java:logGet(46)) - raft.server.retrycache.statistics.expirytime = 100ms (default)
2024-09-10 16:46:29,178 [f49a985e-efe9-405d-8922-13d0c1bb1d78-groupManagement] INFO  server.RaftServerConfigKeys (ConfUtils.java:logGet(46)) - raft.server.read.option = DEFAULT (default)
2024-09-10 16:46:29,178 [f49a985e-efe9-405d-8922-13d0c1bb1d78-groupManagement] INFO  server.RaftServerConfigKeys (ConfUtils.java:logGet(46)) - raft.server.read.read-after-write-consistent.write-index-cache.expiry-time = 60s (default)
2024-09-10 16:46:29,179 [f49a985e-efe9-405d-8922-13d0c1bb1d78-groupManagement] INFO  server.RaftServerConfigKeys (ConfUtils.java:logGet(46)) - raft.server.rpc.request.timeout = 3000ms (default)
2024-09-10 16:46:29,179 [f49a985e-efe9-405d-8922-13d0c1bb1d78-groupManagement] INFO  server.RaftServerConfigKeys (ConfUtils.java:logGet(46)) - raft.server.log.appender.install.snapshot.enabled = false (custom)
2024-09-10 16:46:29,179 [f49a985e-efe9-405d-8922-13d0c1bb1d78-groupManagement] INFO  server.RaftServerConfigKeys (ConfUtils.java:logGet(46)) - raft.server.threadpool.server.cached = true (default)
2024-09-10 16:46:29,179 [f49a985e-efe9-405d-8922-13d0c1bb1d78-groupManagement] INFO  server.RaftServerConfigKeys (ConfUtils.java:logGet(46)) - raft.server.threadpool.server.size = 0 (default)
2024-09-10 16:46:29,179 [f49a985e-efe9-405d-8922-13d0c1bb1d78-groupManagement] INFO  server.RaftServerConfigKeys (ConfUtils.java:logGet(46)) - raft.server.threadpool.client.cached = true (default)
2024-09-10 16:46:29,179 [f49a985e-efe9-405d-8922-13d0c1bb1d78-groupManagement] INFO  server.RaftServerConfigKeys (ConfUtils.java:logGet(46)) - raft.server.threadpool.client.size = 0 (default)
2024-09-10 16:46:29,179 [f49a985e-efe9-405d-8922-13d0c1bb1d78-groupManagement] INFO  server.RaftServerConfigKeys (ConfUtils.java:logGet(46)) - raft.server.storage.free-space.min = 0MB (=0) (default)
2024-09-10 16:46:29,180 [f49a985e-efe9-405d-8922-13d0c1bb1d78-groupManagement] INFO  server.RaftServerConfigKeys (ConfUtils.java:logGet(46)) - raft.server.log.corruption.policy = EXCEPTION (default)
2024-09-10 16:46:29,180 [f49a985e-efe9-405d-8922-13d0c1bb1d78-groupManagement] INFO  server.RaftServerConfigKeys (ConfUtils.java:logGet(46)) - raft.server.storage.dir = [/home/runner/work/ozone/ozone/hadoop-ozone/integration-test/target/test-dir/MiniOzoneClusterImpl-4ea98613-7ec2-40e8-bdf5-64593f2fdf96/ozone-meta/datanode-3/ratis] (custom)
2024-09-10 16:46:29,180 [f49a985e-efe9-405d-8922-13d0c1bb1d78-groupManagement] INFO  storage.RaftStorageDirectory (RaftStorageDirectoryImpl.java:analyzeStorage(138)) - The storage directory /home/runner/work/ozone/ozone/hadoop-ozone/integration-test/target/test-dir/MiniOzoneClusterImpl-4ea98613-7ec2-40e8-bdf5-64593f2fdf96/ozone-meta/datanode-3/ratis/7646dd5a-ad1c-44c3-ab45-a76aad3ea5b0 does not exist. Creating ...
2024-09-10 16:46:29,181 [f49a985e-efe9-405d-8922-13d0c1bb1d78-groupManagement] INFO  storage.RaftStorageDirectory (RaftStorageDirectoryImpl.java:tryLock(229)) - Lock on /home/runner/work/ozone/ozone/hadoop-ozone/integration-test/target/test-dir/MiniOzoneClusterImpl-4ea98613-7ec2-40e8-bdf5-64593f2fdf96/ozone-meta/datanode-3/ratis/7646dd5a-ad1c-44c3-ab45-a76aad3ea5b0/in_use.lock acquired by nodename 77969@fv-az1492-488
2024-09-10 16:46:29,182 [f49a985e-efe9-405d-8922-13d0c1bb1d78-groupManagement] INFO  storage.RaftStorage (RaftStorageImpl.java:format(98)) - Storage directory /home/runner/work/ozone/ozone/hadoop-ozone/integration-test/target/test-dir/MiniOzoneClusterImpl-4ea98613-7ec2-40e8-bdf5-64593f2fdf96/ozone-meta/datanode-3/ratis/7646dd5a-ad1c-44c3-ab45-a76aad3ea5b0 has been successfully formatted.
2024-09-10 16:46:29,182 [f49a985e-efe9-405d-8922-13d0c1bb1d78-groupManagement] INFO  ratis.ContainerStateMachine (ContainerStateMachine.java:loadSnapshot(295)) - group-A76AAD3EA5B0: The snapshot info is null. Setting the last applied index to:(t:0, i:~)
2024-09-10 16:46:29,182 [f49a985e-efe9-405d-8922-13d0c1bb1d78-groupManagement] INFO  server.RaftServerConfigKeys (ConfUtils.java:logGet(46)) - raft.server.log.use.memory = false (default)
2024-09-10 16:46:29,182 [f49a985e-efe9-405d-8922-13d0c1bb1d78-groupManagement] INFO  server.RaftServerConfigKeys (ConfUtils.java:logGet(46)) - raft.server.log.purge.gap = 1000000 (custom)
2024-09-10 16:46:29,182 [f49a985e-efe9-405d-8922-13d0c1bb1d78-groupManagement] INFO  server.RaftServerConfigKeys (ConfUtils.java:logGet(46)) - raft.server.log.appender.buffer.byte-limit = 33554432 (custom)
2024-09-10 16:46:29,182 [f49a985e-efe9-405d-8922-13d0c1bb1d78-groupManagement] INFO  server.RaftServerConfigKeys (ConfUtils.java:logGet(46)) - raft.server.log.statemachine.data.read.timeout = 1000ms (default)
2024-09-10 16:46:29,182 [f49a985e-efe9-405d-8922-13d0c1bb1d78-groupManagement] INFO  server.RaftServerConfigKeys (ConfUtils.java:logGet(46)) - raft.server.log.purge.preservation.log.num = 0 (default)
2024-09-10 16:46:29,183 [f49a985e-efe9-405d-8922-13d0c1bb1d78-groupManagement] INFO  server.RaftServerConfigKeys (ConfUtils.java:logGet(46)) - raft.server.log.segment.size.max = 67108864 (custom)
2024-09-10 16:46:29,184 [f49a985e-efe9-405d-8922-13d0c1bb1d78-groupManagement] INFO  server.RaftServerConfigKeys (ConfUtils.java:logGet(46)) - raft.server.log.segment.cache.num.max = 2 (custom)
2024-09-10 16:46:29,184 [f49a985e-efe9-405d-8922-13d0c1bb1d78-groupManagement] INFO  server.RaftServerConfigKeys (ConfUtils.java:logGet(46)) - raft.server.log.segment.cache.size.max = 200MB (=209715200) (default)
2024-09-10 16:46:29,184 [f49a985e-efe9-405d-8922-13d0c1bb1d78-groupManagement] INFO  server.RaftServerConfigKeys (ConfUtils.java:logGet(46)) - raft.server.log.appender.buffer.byte-limit = 33554432 (custom)
2024-09-10 16:46:29,184 [f49a985e-efe9-405d-8922-13d0c1bb1d78-groupManagement] INFO  util.AwaitToRun (AwaitToRun.java:start(81)) - Thread[f49a985e-efe9-405d-8922-13d0c1bb1d78@group-A76AAD3EA5B0-cacheEviction-AwaitToRun,5,main] started
2024-09-10 16:46:29,184 [f49a985e-efe9-405d-8922-13d0c1bb1d78-groupManagement] INFO  segmented.SegmentedRaftLogWorker (SegmentedRaftLogWorker.java:<init>(184)) - new f49a985e-efe9-405d-8922-13d0c1bb1d78@group-A76AAD3EA5B0-SegmentedRaftLogWorker for RaftStorageImpl:Storage Directory /home/runner/work/ozone/ozone/hadoop-ozone/integration-test/target/test-dir/MiniOzoneClusterImpl-4ea98613-7ec2-40e8-bdf5-64593f2fdf96/ozone-meta/datanode-3/ratis/7646dd5a-ad1c-44c3-ab45-a76aad3ea5b0
2024-09-10 16:46:29,184 [f49a985e-efe9-405d-8922-13d0c1bb1d78-groupManagement] INFO  server.RaftServerConfigKeys (ConfUtils.java:logGet(46)) - raft.server.log.queue.byte-limit = 4294967296 (custom)
2024-09-10 16:46:29,184 [f49a985e-efe9-405d-8922-13d0c1bb1d78-groupManagement] INFO  server.RaftServerConfigKeys (ConfUtils.java:logGet(46)) - raft.server.log.queue.element-limit = 1024 (custom)
2024-09-10 16:46:29,184 [f49a985e-efe9-405d-8922-13d0c1bb1d78-groupManagement] INFO  server.RaftServerConfigKeys (ConfUtils.java:logGet(46)) - raft.server.log.segment.size.max = 67108864 (custom)
2024-09-10 16:46:29,184 [f49a985e-efe9-405d-8922-13d0c1bb1d78-groupManagement] INFO  server.RaftServerConfigKeys (ConfUtils.java:logGet(46)) - raft.server.log.preallocated.size = 4194304 (custom)
2024-09-10 16:46:29,184 [f49a985e-efe9-405d-8922-13d0c1bb1d78-groupManagement] INFO  server.RaftServerConfigKeys (ConfUtils.java:logGet(46)) - raft.server.log.force.sync.num = 128 (default)
2024-09-10 16:46:29,184 [f49a985e-efe9-405d-8922-13d0c1bb1d78-groupManagement] INFO  server.RaftServerConfigKeys (ConfUtils.java:logGet(46)) - raft.server.log.statemachine.data.sync = true (default)
2024-09-10 16:46:29,184 [f49a985e-efe9-405d-8922-13d0c1bb1d78-groupManagement] INFO  server.RaftServerConfigKeys (ConfUtils.java:logGet(46)) - raft.server.log.statemachine.data.sync.timeout = 10s (default)
2024-09-10 16:46:29,184 [f49a985e-efe9-405d-8922-13d0c1bb1d78-groupManagement] INFO  server.RaftServerConfigKeys (ConfUtils.java:logGet(46)) - raft.server.log.statemachine.data.sync.timeout.retry = 30 (custom)
2024-09-10 16:46:29,185 [f49a985e-efe9-405d-8922-13d0c1bb1d78-groupManagement] INFO  server.RaftServerConfigKeys (ConfUtils.java:logGet(46)) - raft.server.log.write.buffer.size = 33554440 (custom)
2024-09-10 16:46:29,189 [f49a985e-efe9-405d-8922-13d0c1bb1d78-groupManagement] INFO  server.RaftServerConfigKeys (ConfUtils.java:logGet(46)) - raft.server.log.appender.buffer.byte-limit = 33554432 (custom)
2024-09-10 16:46:29,189 [f49a985e-efe9-405d-8922-13d0c1bb1d78-groupManagement] INFO  server.RaftServerConfigKeys (ConfUtils.java:logGet(46)) - raft.server.log.unsafe-flush.enabled = false (default)
2024-09-10 16:46:29,189 [f49a985e-efe9-405d-8922-13d0c1bb1d78-groupManagement] INFO  server.RaftServerConfigKeys (ConfUtils.java:logGet(46)) - raft.server.log.async-flush.enabled = false (default)
2024-09-10 16:46:29,189 [f49a985e-efe9-405d-8922-13d0c1bb1d78-groupManagement] INFO  server.RaftServerConfigKeys (ConfUtils.java:logGet(46)) - raft.server.log.statemachine.data.caching.enabled = true (custom)
2024-09-10 16:46:29,189 [f49a985e-efe9-405d-8922-13d0c1bb1d78-groupManagement] INFO  segmented.SegmentedRaftLogWorker (SegmentedRaftLogWorker.java:lambda$new$0(135)) - f49a985e-efe9-405d-8922-13d0c1bb1d78@group-A76AAD3EA5B0-SegmentedRaftLogWorker: flushIndex: setUnconditionally 0 -> -1
2024-09-10 16:46:29,189 [f49a985e-efe9-405d-8922-13d0c1bb1d78-groupManagement] INFO  segmented.SegmentedRaftLogWorker (SegmentedRaftLogWorker.java:lambda$new$0(135)) - f49a985e-efe9-405d-8922-13d0c1bb1d78@group-A76AAD3EA5B0-SegmentedRaftLogWorker: safeCacheEvictIndex: setUnconditionally 0 -> -1
2024-09-10 16:46:29,190 [f49a985e-efe9-405d-8922-13d0c1bb1d78-groupManagement] INFO  server.RaftServer$Division (RaftServerImpl.java:start(389)) - f49a985e-efe9-405d-8922-13d0c1bb1d78@group-A76AAD3EA5B0: start as a follower, conf=conf: {index: -1, cur=peers:[2330440b-2504-4263-b461-07f8c416a88f|127.0.0.1:15180, f49a985e-efe9-405d-8922-13d0c1bb1d78|127.0.0.1:15189, e5502358-b128-4a46-b87d-f44ed006f965|127.0.0.1:15171]|listeners:[], old=null}
2024-09-10 16:46:29,190 [f49a985e-efe9-405d-8922-13d0c1bb1d78-groupManagement] INFO  server.RaftServer$Division (RaftServerImpl.java:setRole(376)) - f49a985e-efe9-405d-8922-13d0c1bb1d78@group-A76AAD3EA5B0: changes role from      null to FOLLOWER at term 0 for startAsFollower
2024-09-10 16:46:29,190 [f49a985e-efe9-405d-8922-13d0c1bb1d78-groupManagement] INFO  impl.RoleInfo (RoleInfo.java:updateAndGet(148)) - f49a985e-efe9-405d-8922-13d0c1bb1d78: start f49a985e-efe9-405d-8922-13d0c1bb1d78@group-A76AAD3EA5B0-FollowerState
2024-09-10 16:46:29,190 [f49a985e-efe9-405d-8922-13d0c1bb1d78-groupManagement] INFO  util.JmxRegister (JmxRegister.java:tryRegister(44)) - Successfully registered JMX Bean with object name Ratis:service=RaftServer,group=group-A76AAD3EA5B0,id=f49a985e-efe9-405d-8922-13d0c1bb1d78
2024-09-10 16:46:29,190 [f49a985e-efe9-405d-8922-13d0c1bb1d78-groupManagement] INFO  util.JmxRegister (JmxRegister.java:register(58)) - register mxBean class org.apache.ratis.server.impl.RaftServerJmxAdapter as Ratis:service=RaftServer,group=group-A76AAD3EA5B0,id=f49a985e-efe9-405d-8922-13d0c1bb1d78
2024-09-10 16:46:29,190 [f49a985e-efe9-405d-8922-13d0c1bb1d78-groupManagement] INFO  server.RaftServerConfigKeys (ConfUtils.java:logGet(46)) - raft.server.snapshot.trigger-when-stop.enabled = true (default)
2024-09-10 16:46:29,190 [f49a985e-efe9-405d-8922-13d0c1bb1d78-groupManagement] INFO  server.RaftServerConfigKeys (ConfUtils.java:logGet(46)) - raft.server.snapshot.trigger-when-remove.enabled = true (default)
2024-09-10 16:46:29,190 [f49a985e-efe9-405d-8922-13d0c1bb1d78-groupManagement] INFO  server.RaftServerConfigKeys (ConfUtils.java:logGet(46)) - raft.server.snapshot.auto.trigger.enabled = true (custom)
2024-09-10 16:46:29,190 [f49a985e-efe9-405d-8922-13d0c1bb1d78-groupManagement] INFO  server.RaftServerConfigKeys (ConfUtils.java:logGet(46)) - raft.server.snapshot.auto.trigger.threshold = 10000 (custom)
2024-09-10 16:46:29,190 [f49a985e-efe9-405d-8922-13d0c1bb1d78-groupManagement] INFO  server.RaftServerConfigKeys (ConfUtils.java:logGet(46)) - raft.server.snapshot.retention.file.num = 5 (custom)
2024-09-10 16:46:29,190 [f49a985e-efe9-405d-8922-13d0c1bb1d78-groupManagement] INFO  server.RaftServerConfigKeys (ConfUtils.java:logGet(46)) - raft.server.log.purge.upto.snapshot.index = false (default)
2024-09-10 16:46:29,190 [f49a985e-efe9-405d-8922-13d0c1bb1d78@group-A76AAD3EA5B0-FollowerState] INFO  server.RaftServerConfigKeys (ConfUtils.java:logFallback(53)) - raft.server.rpc.first-election.timeout.min = 5s (fallback to raft.server.rpc.timeout.min)
2024-09-10 16:46:29,190 [f49a985e-efe9-405d-8922-13d0c1bb1d78@group-A76AAD3EA5B0-FollowerState] INFO  server.RaftServerConfigKeys (ConfUtils.java:logFallback(53)) - raft.server.rpc.first-election.timeout.max = 5200ms (fallback to raft.server.rpc.timeout.max)
2024-09-10 16:46:29,200 [e5502358-b128-4a46-b87d-f44ed006f965-PipelineCommandHandlerThread-0] INFO  commandhandler.CreatePipelineCommandHandler (CreatePipelineCommandHandler.java:lambda$handle$2(124)) - Created Pipeline RATIS THREE PipelineID=7646dd5a-ad1c-44c3-ab45-a76aad3ea5b0.
2024-09-10 16:46:29,200 [e5502358-b128-4a46-b87d-f44ed006f965-PipelineCommandHandlerThread-0] INFO  server.RaftServer (RaftServerProxy.java:addNew(101)) - e5502358-b128-4a46-b87d-f44ed006f965: addNew group-BD59E781AD1C:[2330440b-2504-4263-b461-07f8c416a88f|127.0.0.1:15180, f49a985e-efe9-405d-8922-13d0c1bb1d78|127.0.0.1:15189, e5502358-b128-4a46-b87d-f44ed006f965|127.0.0.1:15171] returns group-BD59E781AD1C:java.util.concurrent.CompletableFuture@5a5aebbf[Not completed]
2024-09-10 16:46:29,201 [e5502358-b128-4a46-b87d-f44ed006f965-groupManagement] INFO  server.RaftServer$Division (RaftServerImpl.java:<init>(253)) - e5502358-b128-4a46-b87d-f44ed006f965: new RaftServerImpl for group-BD59E781AD1C:[2330440b-2504-4263-b461-07f8c416a88f|127.0.0.1:15180, f49a985e-efe9-405d-8922-13d0c1bb1d78|127.0.0.1:15189, e5502358-b128-4a46-b87d-f44ed006f965|127.0.0.1:15171] with ContainerStateMachine:uninitialized
2024-09-10 16:46:29,201 [e5502358-b128-4a46-b87d-f44ed006f965-groupManagement] INFO  server.RaftServerConfigKeys (ConfUtils.java:logGet(46)) - raft.server.rpc.timeout.min = 5s (custom)
2024-09-10 16:46:29,201 [e5502358-b128-4a46-b87d-f44ed006f965-groupManagement] INFO  server.RaftServerConfigKeys (ConfUtils.java:logGet(46)) - raft.server.rpc.timeout.max = 5200ms (custom)
2024-09-10 16:46:29,201 [e5502358-b128-4a46-b87d-f44ed006f965-groupManagement] INFO  server.RaftServerConfigKeys (ConfUtils.java:logGet(46)) - raft.server.rpc.sleep.time = 25ms (default)
2024-09-10 16:46:29,201 [e5502358-b128-4a46-b87d-f44ed006f965-groupManagement] INFO  server.RaftServerConfigKeys (ConfUtils.java:logGet(46)) - raft.server.rpc.slowness.timeout = 300000ms (custom)
2024-09-10 16:46:29,201 [e5502358-b128-4a46-b87d-f44ed006f965-groupManagement] INFO  server.RaftServerConfigKeys (ConfUtils.java:logGet(46)) - raft.server.leaderelection.leader.step-down.wait-time = 10s (default)
2024-09-10 16:46:29,202 [e5502358-b128-4a46-b87d-f44ed006f965-groupManagement] INFO  server.RaftServerConfigKeys (ConfUtils.java:logGet(46)) - raft.server.leaderelection.member.majority-add = false (default)
2024-09-10 16:46:29,202 [e5502358-b128-4a46-b87d-f44ed006f965-groupManagement] INFO  server.RaftServerConfigKeys (ConfUtils.java:logGet(46)) - raft.server.sleep.deviation.threshold = 300ms (default)
2024-09-10 16:46:29,202 [e5502358-b128-4a46-b87d-f44ed006f965-groupManagement] INFO  server.RaftServer$Division (ServerState.java:<init>(114)) - e5502358-b128-4a46-b87d-f44ed006f965@group-BD59E781AD1C: ConfigurationManager, init=conf: {index: -1, cur=peers:[2330440b-2504-4263-b461-07f8c416a88f|127.0.0.1:15180, f49a985e-efe9-405d-8922-13d0c1bb1d78|127.0.0.1:15189, e5502358-b128-4a46-b87d-f44ed006f965|127.0.0.1:15171]|listeners:[], old=null}, confs=<EMPTY_MAP>
2024-09-10 16:46:29,202 [e5502358-b128-4a46-b87d-f44ed006f965-groupManagement] INFO  server.RaftServerConfigKeys (ConfUtils.java:logGet(46)) - raft.server.notification.no-leader.timeout = 300000ms (custom)
2024-09-10 16:46:29,202 [e5502358-b128-4a46-b87d-f44ed006f965-groupManagement] INFO  server.RaftServerConfigKeys (ConfUtils.java:logGet(46)) - raft.server.read.timeout = 10s (default)
2024-09-10 16:46:29,202 [e5502358-b128-4a46-b87d-f44ed006f965-groupManagement] INFO  server.RaftServerConfigKeys (ConfUtils.java:logGet(46)) - raft.server.retrycache.expirytime = 600000ms (custom)
2024-09-10 16:46:29,202 [e5502358-b128-4a46-b87d-f44ed006f965-groupManagement] INFO  server.RaftServerConfigKeys (ConfUtils.java:logGet(46)) - raft.server.retrycache.statistics.expirytime = 100ms (default)
2024-09-10 16:46:29,202 [e5502358-b128-4a46-b87d-f44ed006f965-groupManagement] INFO  server.RaftServerConfigKeys (ConfUtils.java:logGet(46)) - raft.server.read.option = DEFAULT (default)
2024-09-10 16:46:29,202 [e5502358-b128-4a46-b87d-f44ed006f965-groupManagement] INFO  server.RaftServerConfigKeys (ConfUtils.java:logGet(46)) - raft.server.read.read-after-write-consistent.write-index-cache.expiry-time = 60s (default)
2024-09-10 16:46:29,204 [e5502358-b128-4a46-b87d-f44ed006f965-groupManagement] INFO  server.RaftServerConfigKeys (ConfUtils.java:logGet(46)) - raft.server.rpc.request.timeout = 3000ms (default)
2024-09-10 16:46:29,204 [e5502358-b128-4a46-b87d-f44ed006f965-groupManagement] INFO  server.RaftServerConfigKeys (ConfUtils.java:logGet(46)) - raft.server.log.appender.install.snapshot.enabled = false (custom)
2024-09-10 16:46:29,204 [e5502358-b128-4a46-b87d-f44ed006f965-groupManagement] INFO  server.RaftServerConfigKeys (ConfUtils.java:logGet(46)) - raft.server.threadpool.server.cached = true (default)
2024-09-10 16:46:29,204 [e5502358-b128-4a46-b87d-f44ed006f965-groupManagement] INFO  server.RaftServerConfigKeys (ConfUtils.java:logGet(46)) - raft.server.threadpool.server.size = 0 (default)
2024-09-10 16:46:29,204 [e5502358-b128-4a46-b87d-f44ed006f965-groupManagement] INFO  server.RaftServerConfigKeys (ConfUtils.java:logGet(46)) - raft.server.threadpool.client.cached = true (default)
2024-09-10 16:46:29,204 [e5502358-b128-4a46-b87d-f44ed006f965-groupManagement] INFO  server.RaftServerConfigKeys (ConfUtils.java:logGet(46)) - raft.server.threadpool.client.size = 0 (default)
2024-09-10 16:46:29,204 [e5502358-b128-4a46-b87d-f44ed006f965-groupManagement] INFO  server.RaftServerConfigKeys (ConfUtils.java:logGet(46)) - raft.server.storage.free-space.min = 0MB (=0) (default)
2024-09-10 16:46:29,204 [e5502358-b128-4a46-b87d-f44ed006f965-groupManagement] INFO  server.RaftServerConfigKeys (ConfUtils.java:logGet(46)) - raft.server.log.corruption.policy = EXCEPTION (default)
2024-09-10 16:46:29,205 [e5502358-b128-4a46-b87d-f44ed006f965-groupManagement] INFO  server.RaftServerConfigKeys (ConfUtils.java:logGet(46)) - raft.server.storage.dir = [/home/runner/work/ozone/ozone/hadoop-ozone/integration-test/target/test-dir/MiniOzoneClusterImpl-4ea98613-7ec2-40e8-bdf5-64593f2fdf96/ozone-meta/datanode-1/ratis] (custom)
2024-09-10 16:46:29,205 [e5502358-b128-4a46-b87d-f44ed006f965-groupManagement] INFO  storage.RaftStorageDirectory (RaftStorageDirectoryImpl.java:analyzeStorage(138)) - The storage directory /home/runner/work/ozone/ozone/hadoop-ozone/integration-test/target/test-dir/MiniOzoneClusterImpl-4ea98613-7ec2-40e8-bdf5-64593f2fdf96/ozone-meta/datanode-1/ratis/998c03c0-f7d5-40e6-a397-bd59e781ad1c does not exist. Creating ...
2024-09-10 16:46:29,206 [e5502358-b128-4a46-b87d-f44ed006f965-groupManagement] INFO  storage.RaftStorageDirectory (RaftStorageDirectoryImpl.java:tryLock(229)) - Lock on /home/runner/work/ozone/ozone/hadoop-ozone/integration-test/target/test-dir/MiniOzoneClusterImpl-4ea98613-7ec2-40e8-bdf5-64593f2fdf96/ozone-meta/datanode-1/ratis/998c03c0-f7d5-40e6-a397-bd59e781ad1c/in_use.lock acquired by nodename 77969@fv-az1492-488
2024-09-10 16:46:29,207 [e5502358-b128-4a46-b87d-f44ed006f965-groupManagement] INFO  storage.RaftStorage (RaftStorageImpl.java:format(98)) - Storage directory /home/runner/work/ozone/ozone/hadoop-ozone/integration-test/target/test-dir/MiniOzoneClusterImpl-4ea98613-7ec2-40e8-bdf5-64593f2fdf96/ozone-meta/datanode-1/ratis/998c03c0-f7d5-40e6-a397-bd59e781ad1c has been successfully formatted.
2024-09-10 16:46:29,207 [e5502358-b128-4a46-b87d-f44ed006f965-groupManagement] INFO  ratis.ContainerStateMachine (ContainerStateMachine.java:loadSnapshot(295)) - group-BD59E781AD1C: The snapshot info is null. Setting the last applied index to:(t:0, i:~)
2024-09-10 16:46:29,207 [e5502358-b128-4a46-b87d-f44ed006f965-groupManagement] INFO  server.RaftServerConfigKeys (ConfUtils.java:logGet(46)) - raft.server.log.use.memory = false (default)
2024-09-10 16:46:29,208 [e5502358-b128-4a46-b87d-f44ed006f965-groupManagement] INFO  server.RaftServerConfigKeys (ConfUtils.java:logGet(46)) - raft.server.log.purge.gap = 1000000 (custom)
2024-09-10 16:46:29,208 [e5502358-b128-4a46-b87d-f44ed006f965-groupManagement] INFO  server.RaftServerConfigKeys (ConfUtils.java:logGet(46)) - raft.server.log.appender.buffer.byte-limit = 33554432 (custom)
2024-09-10 16:46:29,208 [e5502358-b128-4a46-b87d-f44ed006f965-groupManagement] INFO  server.RaftServerConfigKeys (ConfUtils.java:logGet(46)) - raft.server.log.statemachine.data.read.timeout = 1000ms (default)
2024-09-10 16:46:29,208 [e5502358-b128-4a46-b87d-f44ed006f965-groupManagement] INFO  server.RaftServerConfigKeys (ConfUtils.java:logGet(46)) - raft.server.log.purge.preservation.log.num = 0 (default)
2024-09-10 16:46:29,208 [EventQueue-OpenPipelineForHealthyPipelineSafeModeRule] INFO  safemode.SCMSafeModeManager (HealthyPipelineSafeModeRule.java:process(140)) - SCM in safe mode. Healthy pipelines reported count is 0, required healthy pipeline reported count is 1
2024-09-10 16:46:29,209 [e5502358-b128-4a46-b87d-f44ed006f965-groupManagement] INFO  server.RaftServerConfigKeys (ConfUtils.java:logGet(46)) - raft.server.log.segment.size.max = 67108864 (custom)
2024-09-10 16:46:29,209 [e5502358-b128-4a46-b87d-f44ed006f965-groupManagement] INFO  server.RaftServerConfigKeys (ConfUtils.java:logGet(46)) - raft.server.log.segment.cache.num.max = 2 (custom)
2024-09-10 16:46:29,210 [e5502358-b128-4a46-b87d-f44ed006f965-groupManagement] INFO  server.RaftServerConfigKeys (ConfUtils.java:logGet(46)) - raft.server.log.segment.cache.size.max = 200MB (=209715200) (default)
2024-09-10 16:46:29,210 [e5502358-b128-4a46-b87d-f44ed006f965-groupManagement] INFO  server.RaftServerConfigKeys (ConfUtils.java:logGet(46)) - raft.server.log.appender.buffer.byte-limit = 33554432 (custom)
2024-09-10 16:46:29,210 [e5502358-b128-4a46-b87d-f44ed006f965-groupManagement] INFO  util.AwaitToRun (AwaitToRun.java:start(81)) - Thread[e5502358-b128-4a46-b87d-f44ed006f965@group-BD59E781AD1C-cacheEviction-AwaitToRun,5,main] started
2024-09-10 16:46:29,210 [e5502358-b128-4a46-b87d-f44ed006f965-groupManagement] INFO  segmented.SegmentedRaftLogWorker (SegmentedRaftLogWorker.java:<init>(184)) - new e5502358-b128-4a46-b87d-f44ed006f965@group-BD59E781AD1C-SegmentedRaftLogWorker for RaftStorageImpl:Storage Directory /home/runner/work/ozone/ozone/hadoop-ozone/integration-test/target/test-dir/MiniOzoneClusterImpl-4ea98613-7ec2-40e8-bdf5-64593f2fdf96/ozone-meta/datanode-1/ratis/998c03c0-f7d5-40e6-a397-bd59e781ad1c
2024-09-10 16:46:29,210 [e5502358-b128-4a46-b87d-f44ed006f965-groupManagement] INFO  server.RaftServerConfigKeys (ConfUtils.java:logGet(46)) - raft.server.log.queue.byte-limit = 4294967296 (custom)
2024-09-10 16:46:29,210 [e5502358-b128-4a46-b87d-f44ed006f965-groupManagement] INFO  server.RaftServerConfigKeys (ConfUtils.java:logGet(46)) - raft.server.log.queue.element-limit = 1024 (custom)
2024-09-10 16:46:29,210 [e5502358-b128-4a46-b87d-f44ed006f965-groupManagement] INFO  server.RaftServerConfigKeys (ConfUtils.java:logGet(46)) - raft.server.log.segment.size.max = 67108864 (custom)
2024-09-10 16:46:29,210 [e5502358-b128-4a46-b87d-f44ed006f965-groupManagement] INFO  server.RaftServerConfigKeys (ConfUtils.java:logGet(46)) - raft.server.log.preallocated.size = 4194304 (custom)
2024-09-10 16:46:29,210 [e5502358-b128-4a46-b87d-f44ed006f965-groupManagement] INFO  server.RaftServerConfigKeys (ConfUtils.java:logGet(46)) - raft.server.log.force.sync.num = 128 (default)
2024-09-10 16:46:29,210 [e5502358-b128-4a46-b87d-f44ed006f965-groupManagement] INFO  server.RaftServerConfigKeys (ConfUtils.java:logGet(46)) - raft.server.log.statemachine.data.sync = true (default)
2024-09-10 16:46:29,210 [e5502358-b128-4a46-b87d-f44ed006f965-groupManagement] INFO  server.RaftServerConfigKeys (ConfUtils.java:logGet(46)) - raft.server.log.statemachine.data.sync.timeout = 10s (default)
2024-09-10 16:46:29,210 [e5502358-b128-4a46-b87d-f44ed006f965-groupManagement] INFO  server.RaftServerConfigKeys (ConfUtils.java:logGet(46)) - raft.server.log.statemachine.data.sync.timeout.retry = 30 (custom)
2024-09-10 16:46:29,210 [e5502358-b128-4a46-b87d-f44ed006f965-groupManagement] INFO  server.RaftServerConfigKeys (ConfUtils.java:logGet(46)) - raft.server.log.write.buffer.size = 33554440 (custom)
2024-09-10 16:46:29,216 [e5502358-b128-4a46-b87d-f44ed006f965-groupManagement] INFO  server.RaftServerConfigKeys (ConfUtils.java:logGet(46)) - raft.server.log.appender.buffer.byte-limit = 33554432 (custom)
2024-09-10 16:46:29,216 [e5502358-b128-4a46-b87d-f44ed006f965-groupManagement] INFO  server.RaftServerConfigKeys (ConfUtils.java:logGet(46)) - raft.server.log.unsafe-flush.enabled = false (default)
2024-09-10 16:46:29,216 [e5502358-b128-4a46-b87d-f44ed006f965-groupManagement] INFO  server.RaftServerConfigKeys (ConfUtils.java:logGet(46)) - raft.server.log.async-flush.enabled = false (default)
2024-09-10 16:46:29,216 [e5502358-b128-4a46-b87d-f44ed006f965-groupManagement] INFO  server.RaftServerConfigKeys (ConfUtils.java:logGet(46)) - raft.server.log.statemachine.data.caching.enabled = true (custom)
2024-09-10 16:46:29,216 [e5502358-b128-4a46-b87d-f44ed006f965-groupManagement] INFO  segmented.SegmentedRaftLogWorker (SegmentedRaftLogWorker.java:lambda$new$0(135)) - e5502358-b128-4a46-b87d-f44ed006f965@group-BD59E781AD1C-SegmentedRaftLogWorker: flushIndex: setUnconditionally 0 -> -1
2024-09-10 16:46:29,216 [e5502358-b128-4a46-b87d-f44ed006f965-groupManagement] INFO  segmented.SegmentedRaftLogWorker (SegmentedRaftLogWorker.java:lambda$new$0(135)) - e5502358-b128-4a46-b87d-f44ed006f965@group-BD59E781AD1C-SegmentedRaftLogWorker: safeCacheEvictIndex: setUnconditionally 0 -> -1
2024-09-10 16:46:29,217 [e5502358-b128-4a46-b87d-f44ed006f965-groupManagement] INFO  server.RaftServer$Division (RaftServerImpl.java:start(389)) - e5502358-b128-4a46-b87d-f44ed006f965@group-BD59E781AD1C: start as a follower, conf=conf: {index: -1, cur=peers:[2330440b-2504-4263-b461-07f8c416a88f|127.0.0.1:15180, f49a985e-efe9-405d-8922-13d0c1bb1d78|127.0.0.1:15189, e5502358-b128-4a46-b87d-f44ed006f965|127.0.0.1:15171]|listeners:[], old=null}
2024-09-10 16:46:29,217 [e5502358-b128-4a46-b87d-f44ed006f965-groupManagement] INFO  server.RaftServer$Division (RaftServerImpl.java:setRole(376)) - e5502358-b128-4a46-b87d-f44ed006f965@group-BD59E781AD1C: changes role from      null to FOLLOWER at term 0 for startAsFollower
2024-09-10 16:46:29,217 [e5502358-b128-4a46-b87d-f44ed006f965-groupManagement] INFO  impl.RoleInfo (RoleInfo.java:updateAndGet(148)) - e5502358-b128-4a46-b87d-f44ed006f965: start e5502358-b128-4a46-b87d-f44ed006f965@group-BD59E781AD1C-FollowerState
2024-09-10 16:46:29,217 [e5502358-b128-4a46-b87d-f44ed006f965-groupManagement] INFO  util.JmxRegister (JmxRegister.java:tryRegister(44)) - Successfully registered JMX Bean with object name Ratis:service=RaftServer,group=group-BD59E781AD1C,id=e5502358-b128-4a46-b87d-f44ed006f965
2024-09-10 16:46:29,217 [e5502358-b128-4a46-b87d-f44ed006f965-groupManagement] INFO  util.JmxRegister (JmxRegister.java:register(58)) - register mxBean class org.apache.ratis.server.impl.RaftServerJmxAdapter as Ratis:service=RaftServer,group=group-BD59E781AD1C,id=e5502358-b128-4a46-b87d-f44ed006f965
2024-09-10 16:46:29,217 [e5502358-b128-4a46-b87d-f44ed006f965-groupManagement] INFO  server.RaftServerConfigKeys (ConfUtils.java:logGet(46)) - raft.server.snapshot.trigger-when-stop.enabled = true (default)
2024-09-10 16:46:29,217 [e5502358-b128-4a46-b87d-f44ed006f965-groupManagement] INFO  server.RaftServerConfigKeys (ConfUtils.java:logGet(46)) - raft.server.snapshot.trigger-when-remove.enabled = true (default)
2024-09-10 16:46:29,217 [e5502358-b128-4a46-b87d-f44ed006f965-groupManagement] INFO  server.RaftServerConfigKeys (ConfUtils.java:logGet(46)) - raft.server.snapshot.auto.trigger.enabled = true (custom)
2024-09-10 16:46:29,217 [e5502358-b128-4a46-b87d-f44ed006f965-groupManagement] INFO  server.RaftServerConfigKeys (ConfUtils.java:logGet(46)) - raft.server.snapshot.auto.trigger.threshold = 10000 (custom)
2024-09-10 16:46:29,217 [e5502358-b128-4a46-b87d-f44ed006f965-groupManagement] INFO  server.RaftServerConfigKeys (ConfUtils.java:logGet(46)) - raft.server.snapshot.retention.file.num = 5 (custom)
2024-09-10 16:46:29,217 [e5502358-b128-4a46-b87d-f44ed006f965-groupManagement] INFO  server.RaftServerConfigKeys (ConfUtils.java:logGet(46)) - raft.server.log.purge.upto.snapshot.index = false (default)
2024-09-10 16:46:29,218 [e5502358-b128-4a46-b87d-f44ed006f965-PipelineCommandHandlerThread-0] INFO  ratis.XceiverServerRatis (XceiverServerRatis.java:addGroup(849)) - Created group PipelineID=998c03c0-f7d5-40e6-a397-bd59e781ad1c
2024-09-10 16:46:29,221 [e5502358-b128-4a46-b87d-f44ed006f965@group-BD59E781AD1C-FollowerState] INFO  server.RaftServerConfigKeys (ConfUtils.java:logFallback(53)) - raft.server.rpc.first-election.timeout.min = 5s (fallback to raft.server.rpc.timeout.min)
2024-09-10 16:46:29,221 [e5502358-b128-4a46-b87d-f44ed006f965@group-BD59E781AD1C-FollowerState] INFO  server.RaftServerConfigKeys (ConfUtils.java:logFallback(53)) - raft.server.rpc.first-election.timeout.max = 5200ms (fallback to raft.server.rpc.timeout.max)
2024-09-10 16:46:29,222 [grpc-default-executor-0] INFO  server.RaftServer (RaftServerProxy.java:addNew(101)) - f49a985e-efe9-405d-8922-13d0c1bb1d78: addNew group-BD59E781AD1C:[2330440b-2504-4263-b461-07f8c416a88f|127.0.0.1:15180, f49a985e-efe9-405d-8922-13d0c1bb1d78|127.0.0.1:15189, e5502358-b128-4a46-b87d-f44ed006f965|127.0.0.1:15171] returns group-BD59E781AD1C:java.util.concurrent.CompletableFuture@1439a759[Not completed]
2024-09-10 16:46:29,223 [f49a985e-efe9-405d-8922-13d0c1bb1d78-groupManagement] INFO  server.RaftServer$Division (RaftServerImpl.java:<init>(253)) - f49a985e-efe9-405d-8922-13d0c1bb1d78: new RaftServerImpl for group-BD59E781AD1C:[2330440b-2504-4263-b461-07f8c416a88f|127.0.0.1:15180, f49a985e-efe9-405d-8922-13d0c1bb1d78|127.0.0.1:15189, e5502358-b128-4a46-b87d-f44ed006f965|127.0.0.1:15171] with ContainerStateMachine:uninitialized
2024-09-10 16:46:29,223 [f49a985e-efe9-405d-8922-13d0c1bb1d78-groupManagement] INFO  server.RaftServerConfigKeys (ConfUtils.java:logGet(46)) - raft.server.rpc.timeout.min = 5s (custom)
2024-09-10 16:46:29,224 [f49a985e-efe9-405d-8922-13d0c1bb1d78-groupManagement] INFO  server.RaftServerConfigKeys (ConfUtils.java:logGet(46)) - raft.server.rpc.timeout.max = 5200ms (custom)
2024-09-10 16:46:29,224 [f49a985e-efe9-405d-8922-13d0c1bb1d78-groupManagement] INFO  server.RaftServerConfigKeys (ConfUtils.java:logGet(46)) - raft.server.rpc.sleep.time = 25ms (default)
2024-09-10 16:46:29,224 [f49a985e-efe9-405d-8922-13d0c1bb1d78-groupManagement] INFO  server.RaftServerConfigKeys (ConfUtils.java:logGet(46)) - raft.server.rpc.slowness.timeout = 300000ms (custom)
2024-09-10 16:46:29,224 [f49a985e-efe9-405d-8922-13d0c1bb1d78-groupManagement] INFO  server.RaftServerConfigKeys (ConfUtils.java:logGet(46)) - raft.server.leaderelection.leader.step-down.wait-time = 10s (default)
2024-09-10 16:46:29,224 [f49a985e-efe9-405d-8922-13d0c1bb1d78-groupManagement] INFO  server.RaftServerConfigKeys (ConfUtils.java:logGet(46)) - raft.server.leaderelection.member.majority-add = false (default)
2024-09-10 16:46:29,224 [f49a985e-efe9-405d-8922-13d0c1bb1d78-groupManagement] INFO  server.RaftServerConfigKeys (ConfUtils.java:logGet(46)) - raft.server.sleep.deviation.threshold = 300ms (default)
2024-09-10 16:46:29,224 [f49a985e-efe9-405d-8922-13d0c1bb1d78-groupManagement] INFO  server.RaftServer$Division (ServerState.java:<init>(114)) - f49a985e-efe9-405d-8922-13d0c1bb1d78@group-BD59E781AD1C: ConfigurationManager, init=conf: {index: -1, cur=peers:[2330440b-2504-4263-b461-07f8c416a88f|127.0.0.1:15180, f49a985e-efe9-405d-8922-13d0c1bb1d78|127.0.0.1:15189, e5502358-b128-4a46-b87d-f44ed006f965|127.0.0.1:15171]|listeners:[], old=null}, confs=<EMPTY_MAP>
2024-09-10 16:46:29,224 [f49a985e-efe9-405d-8922-13d0c1bb1d78-groupManagement] INFO  server.RaftServerConfigKeys (ConfUtils.java:logGet(46)) - raft.server.notification.no-leader.timeout = 300000ms (custom)
2024-09-10 16:46:29,224 [f49a985e-efe9-405d-8922-13d0c1bb1d78-groupManagement] INFO  server.RaftServerConfigKeys (ConfUtils.java:logGet(46)) - raft.server.read.timeout = 10s (default)
2024-09-10 16:46:29,224 [f49a985e-efe9-405d-8922-13d0c1bb1d78-groupManagement] INFO  server.RaftServerConfigKeys (ConfUtils.java:logGet(46)) - raft.server.retrycache.expirytime = 600000ms (custom)
2024-09-10 16:46:29,224 [f49a985e-efe9-405d-8922-13d0c1bb1d78-groupManagement] INFO  server.RaftServerConfigKeys (ConfUtils.java:logGet(46)) - raft.server.retrycache.statistics.expirytime = 100ms (default)
2024-09-10 16:46:29,225 [f49a985e-efe9-405d-8922-13d0c1bb1d78-groupManagement] INFO  server.RaftServerConfigKeys (ConfUtils.java:logGet(46)) - raft.server.read.option = DEFAULT (default)
2024-09-10 16:46:29,225 [f49a985e-efe9-405d-8922-13d0c1bb1d78-groupManagement] INFO  server.RaftServerConfigKeys (ConfUtils.java:logGet(46)) - raft.server.read.read-after-write-consistent.write-index-cache.expiry-time = 60s (default)
2024-09-10 16:46:29,227 [f49a985e-efe9-405d-8922-13d0c1bb1d78-groupManagement] INFO  server.RaftServerConfigKeys (ConfUtils.java:logGet(46)) - raft.server.rpc.request.timeout = 3000ms (default)
2024-09-10 16:46:29,227 [f49a985e-efe9-405d-8922-13d0c1bb1d78-groupManagement] INFO  server.RaftServerConfigKeys (ConfUtils.java:logGet(46)) - raft.server.log.appender.install.snapshot.enabled = false (custom)
2024-09-10 16:46:29,227 [f49a985e-efe9-405d-8922-13d0c1bb1d78-groupManagement] INFO  server.RaftServerConfigKeys (ConfUtils.java:logGet(46)) - raft.server.threadpool.server.cached = true (default)
2024-09-10 16:46:29,228 [f49a985e-efe9-405d-8922-13d0c1bb1d78-groupManagement] INFO  server.RaftServerConfigKeys (ConfUtils.java:logGet(46)) - raft.server.threadpool.server.size = 0 (default)
2024-09-10 16:46:29,228 [f49a985e-efe9-405d-8922-13d0c1bb1d78-groupManagement] INFO  server.RaftServerConfigKeys (ConfUtils.java:logGet(46)) - raft.server.threadpool.client.cached = true (default)
2024-09-10 16:46:29,228 [f49a985e-efe9-405d-8922-13d0c1bb1d78-groupManagement] INFO  server.RaftServerConfigKeys (ConfUtils.java:logGet(46)) - raft.server.threadpool.client.size = 0 (default)
2024-09-10 16:46:29,228 [f49a985e-efe9-405d-8922-13d0c1bb1d78-groupManagement] INFO  server.RaftServerConfigKeys (ConfUtils.java:logGet(46)) - raft.server.storage.free-space.min = 0MB (=0) (default)
2024-09-10 16:46:29,228 [f49a985e-efe9-405d-8922-13d0c1bb1d78-groupManagement] INFO  server.RaftServerConfigKeys (ConfUtils.java:logGet(46)) - raft.server.log.corruption.policy = EXCEPTION (default)
2024-09-10 16:46:29,228 [f49a985e-efe9-405d-8922-13d0c1bb1d78-groupManagement] INFO  server.RaftServerConfigKeys (ConfUtils.java:logGet(46)) - raft.server.storage.dir = [/home/runner/work/ozone/ozone/hadoop-ozone/integration-test/target/test-dir/MiniOzoneClusterImpl-4ea98613-7ec2-40e8-bdf5-64593f2fdf96/ozone-meta/datanode-3/ratis] (custom)
2024-09-10 16:46:29,228 [f49a985e-efe9-405d-8922-13d0c1bb1d78-groupManagement] INFO  storage.RaftStorageDirectory (RaftStorageDirectoryImpl.java:analyzeStorage(138)) - The storage directory /home/runner/work/ozone/ozone/hadoop-ozone/integration-test/target/test-dir/MiniOzoneClusterImpl-4ea98613-7ec2-40e8-bdf5-64593f2fdf96/ozone-meta/datanode-3/ratis/998c03c0-f7d5-40e6-a397-bd59e781ad1c does not exist. Creating ...
2024-09-10 16:46:29,230 [f49a985e-efe9-405d-8922-13d0c1bb1d78-groupManagement] INFO  storage.RaftStorageDirectory (RaftStorageDirectoryImpl.java:tryLock(229)) - Lock on /home/runner/work/ozone/ozone/hadoop-ozone/integration-test/target/test-dir/MiniOzoneClusterImpl-4ea98613-7ec2-40e8-bdf5-64593f2fdf96/ozone-meta/datanode-3/ratis/998c03c0-f7d5-40e6-a397-bd59e781ad1c/in_use.lock acquired by nodename 77969@fv-az1492-488
2024-09-10 16:46:29,231 [f49a985e-efe9-405d-8922-13d0c1bb1d78-groupManagement] INFO  storage.RaftStorage (RaftStorageImpl.java:format(98)) - Storage directory /home/runner/work/ozone/ozone/hadoop-ozone/integration-test/target/test-dir/MiniOzoneClusterImpl-4ea98613-7ec2-40e8-bdf5-64593f2fdf96/ozone-meta/datanode-3/ratis/998c03c0-f7d5-40e6-a397-bd59e781ad1c has been successfully formatted.
2024-09-10 16:46:29,231 [f49a985e-efe9-405d-8922-13d0c1bb1d78-groupManagement] INFO  ratis.ContainerStateMachine (ContainerStateMachine.java:loadSnapshot(295)) - group-BD59E781AD1C: The snapshot info is null. Setting the last applied index to:(t:0, i:~)
2024-09-10 16:46:29,231 [f49a985e-efe9-405d-8922-13d0c1bb1d78-groupManagement] INFO  server.RaftServerConfigKeys (ConfUtils.java:logGet(46)) - raft.server.log.use.memory = false (default)
2024-09-10 16:46:29,231 [f49a985e-efe9-405d-8922-13d0c1bb1d78-groupManagement] INFO  server.RaftServerConfigKeys (ConfUtils.java:logGet(46)) - raft.server.log.purge.gap = 1000000 (custom)
2024-09-10 16:46:29,232 [f49a985e-efe9-405d-8922-13d0c1bb1d78-groupManagement] INFO  server.RaftServerConfigKeys (ConfUtils.java:logGet(46)) - raft.server.log.appender.buffer.byte-limit = 33554432 (custom)
2024-09-10 16:46:29,232 [f49a985e-efe9-405d-8922-13d0c1bb1d78-groupManagement] INFO  server.RaftServerConfigKeys (ConfUtils.java:logGet(46)) - raft.server.log.statemachine.data.read.timeout = 1000ms (default)
2024-09-10 16:46:29,232 [f49a985e-efe9-405d-8922-13d0c1bb1d78-groupManagement] INFO  server.RaftServerConfigKeys (ConfUtils.java:logGet(46)) - raft.server.log.purge.preservation.log.num = 0 (default)
2024-09-10 16:46:29,233 [f49a985e-efe9-405d-8922-13d0c1bb1d78-groupManagement] INFO  server.RaftServerConfigKeys (ConfUtils.java:logGet(46)) - raft.server.log.segment.size.max = 67108864 (custom)
2024-09-10 16:46:29,233 [f49a985e-efe9-405d-8922-13d0c1bb1d78-groupManagement] INFO  server.RaftServerConfigKeys (ConfUtils.java:logGet(46)) - raft.server.log.segment.cache.num.max = 2 (custom)
2024-09-10 16:46:29,233 [f49a985e-efe9-405d-8922-13d0c1bb1d78-groupManagement] INFO  server.RaftServerConfigKeys (ConfUtils.java:logGet(46)) - raft.server.log.segment.cache.size.max = 200MB (=209715200) (default)
2024-09-10 16:46:29,233 [f49a985e-efe9-405d-8922-13d0c1bb1d78-groupManagement] INFO  server.RaftServerConfigKeys (ConfUtils.java:logGet(46)) - raft.server.log.appender.buffer.byte-limit = 33554432 (custom)
2024-09-10 16:46:29,236 [f49a985e-efe9-405d-8922-13d0c1bb1d78-groupManagement] INFO  util.AwaitToRun (AwaitToRun.java:start(81)) - Thread[f49a985e-efe9-405d-8922-13d0c1bb1d78@group-BD59E781AD1C-cacheEviction-AwaitToRun,5,main] started
2024-09-10 16:46:29,236 [f49a985e-efe9-405d-8922-13d0c1bb1d78-groupManagement] INFO  segmented.SegmentedRaftLogWorker (SegmentedRaftLogWorker.java:<init>(184)) - new f49a985e-efe9-405d-8922-13d0c1bb1d78@group-BD59E781AD1C-SegmentedRaftLogWorker for RaftStorageImpl:Storage Directory /home/runner/work/ozone/ozone/hadoop-ozone/integration-test/target/test-dir/MiniOzoneClusterImpl-4ea98613-7ec2-40e8-bdf5-64593f2fdf96/ozone-meta/datanode-3/ratis/998c03c0-f7d5-40e6-a397-bd59e781ad1c
2024-09-10 16:46:29,236 [f49a985e-efe9-405d-8922-13d0c1bb1d78-groupManagement] INFO  server.RaftServerConfigKeys (ConfUtils.java:logGet(46)) - raft.server.log.queue.byte-limit = 4294967296 (custom)
2024-09-10 16:46:29,236 [f49a985e-efe9-405d-8922-13d0c1bb1d78-groupManagement] INFO  server.RaftServerConfigKeys (ConfUtils.java:logGet(46)) - raft.server.log.queue.element-limit = 1024 (custom)
2024-09-10 16:46:29,236 [f49a985e-efe9-405d-8922-13d0c1bb1d78-groupManagement] INFO  server.RaftServerConfigKeys (ConfUtils.java:logGet(46)) - raft.server.log.segment.size.max = 67108864 (custom)
2024-09-10 16:46:29,236 [f49a985e-efe9-405d-8922-13d0c1bb1d78-groupManagement] INFO  server.RaftServerConfigKeys (ConfUtils.java:logGet(46)) - raft.server.log.preallocated.size = 4194304 (custom)
2024-09-10 16:46:29,236 [f49a985e-efe9-405d-8922-13d0c1bb1d78-groupManagement] INFO  server.RaftServerConfigKeys (ConfUtils.java:logGet(46)) - raft.server.log.force.sync.num = 128 (default)
2024-09-10 16:46:29,236 [f49a985e-efe9-405d-8922-13d0c1bb1d78-groupManagement] INFO  server.RaftServerConfigKeys (ConfUtils.java:logGet(46)) - raft.server.log.statemachine.data.sync = true (default)
2024-09-10 16:46:29,236 [f49a985e-efe9-405d-8922-13d0c1bb1d78-groupManagement] INFO  server.RaftServerConfigKeys (ConfUtils.java:logGet(46)) - raft.server.log.statemachine.data.sync.timeout = 10s (default)
2024-09-10 16:46:29,236 [f49a985e-efe9-405d-8922-13d0c1bb1d78-groupManagement] INFO  server.RaftServerConfigKeys (ConfUtils.java:logGet(46)) - raft.server.log.statemachine.data.sync.timeout.retry = 30 (custom)
2024-09-10 16:46:29,236 [f49a985e-efe9-405d-8922-13d0c1bb1d78-groupManagement] INFO  server.RaftServerConfigKeys (ConfUtils.java:logGet(46)) - raft.server.log.write.buffer.size = 33554440 (custom)
2024-09-10 16:46:29,242 [f49a985e-efe9-405d-8922-13d0c1bb1d78-groupManagement] INFO  server.RaftServerConfigKeys (ConfUtils.java:logGet(46)) - raft.server.log.appender.buffer.byte-limit = 33554432 (custom)
2024-09-10 16:46:29,242 [f49a985e-efe9-405d-8922-13d0c1bb1d78-groupManagement] INFO  server.RaftServerConfigKeys (ConfUtils.java:logGet(46)) - raft.server.log.unsafe-flush.enabled = false (default)
2024-09-10 16:46:29,242 [f49a985e-efe9-405d-8922-13d0c1bb1d78-groupManagement] INFO  server.RaftServerConfigKeys (ConfUtils.java:logGet(46)) - raft.server.log.async-flush.enabled = false (default)
2024-09-10 16:46:29,242 [f49a985e-efe9-405d-8922-13d0c1bb1d78-groupManagement] INFO  server.RaftServerConfigKeys (ConfUtils.java:logGet(46)) - raft.server.log.statemachine.data.caching.enabled = true (custom)
2024-09-10 16:46:29,243 [f49a985e-efe9-405d-8922-13d0c1bb1d78-groupManagement] INFO  segmented.SegmentedRaftLogWorker (SegmentedRaftLogWorker.java:lambda$new$0(135)) - f49a985e-efe9-405d-8922-13d0c1bb1d78@group-BD59E781AD1C-SegmentedRaftLogWorker: flushIndex: setUnconditionally 0 -> -1
2024-09-10 16:46:29,243 [f49a985e-efe9-405d-8922-13d0c1bb1d78-groupManagement] INFO  segmented.SegmentedRaftLogWorker (SegmentedRaftLogWorker.java:lambda$new$0(135)) - f49a985e-efe9-405d-8922-13d0c1bb1d78@group-BD59E781AD1C-SegmentedRaftLogWorker: safeCacheEvictIndex: setUnconditionally 0 -> -1
2024-09-10 16:46:29,243 [f49a985e-efe9-405d-8922-13d0c1bb1d78-groupManagement] INFO  server.RaftServer$Division (RaftServerImpl.java:start(389)) - f49a985e-efe9-405d-8922-13d0c1bb1d78@group-BD59E781AD1C: start as a follower, conf=conf: {index: -1, cur=peers:[2330440b-2504-4263-b461-07f8c416a88f|127.0.0.1:15180, f49a985e-efe9-405d-8922-13d0c1bb1d78|127.0.0.1:15189, e5502358-b128-4a46-b87d-f44ed006f965|127.0.0.1:15171]|listeners:[], old=null}
2024-09-10 16:46:29,243 [f49a985e-efe9-405d-8922-13d0c1bb1d78-groupManagement] INFO  server.RaftServer$Division (RaftServerImpl.java:setRole(376)) - f49a985e-efe9-405d-8922-13d0c1bb1d78@group-BD59E781AD1C: changes role from      null to FOLLOWER at term 0 for startAsFollower
2024-09-10 16:46:29,243 [f49a985e-efe9-405d-8922-13d0c1bb1d78-groupManagement] INFO  impl.RoleInfo (RoleInfo.java:updateAndGet(148)) - f49a985e-efe9-405d-8922-13d0c1bb1d78: start f49a985e-efe9-405d-8922-13d0c1bb1d78@group-BD59E781AD1C-FollowerState
2024-09-10 16:46:29,244 [f49a985e-efe9-405d-8922-13d0c1bb1d78@group-BD59E781AD1C-FollowerState] INFO  server.RaftServerConfigKeys (ConfUtils.java:logFallback(53)) - raft.server.rpc.first-election.timeout.min = 5s (fallback to raft.server.rpc.timeout.min)
2024-09-10 16:46:29,244 [f49a985e-efe9-405d-8922-13d0c1bb1d78@group-BD59E781AD1C-FollowerState] INFO  server.RaftServerConfigKeys (ConfUtils.java:logFallback(53)) - raft.server.rpc.first-election.timeout.max = 5200ms (fallback to raft.server.rpc.timeout.max)
2024-09-10 16:46:29,244 [f49a985e-efe9-405d-8922-13d0c1bb1d78-groupManagement] INFO  util.JmxRegister (JmxRegister.java:tryRegister(44)) - Successfully registered JMX Bean with object name Ratis:service=RaftServer,group=group-BD59E781AD1C,id=f49a985e-efe9-405d-8922-13d0c1bb1d78
2024-09-10 16:46:29,244 [f49a985e-efe9-405d-8922-13d0c1bb1d78-groupManagement] INFO  util.JmxRegister (JmxRegister.java:register(58)) - register mxBean class org.apache.ratis.server.impl.RaftServerJmxAdapter as Ratis:service=RaftServer,group=group-BD59E781AD1C,id=f49a985e-efe9-405d-8922-13d0c1bb1d78
2024-09-10 16:46:29,244 [f49a985e-efe9-405d-8922-13d0c1bb1d78-groupManagement] INFO  server.RaftServerConfigKeys (ConfUtils.java:logGet(46)) - raft.server.snapshot.trigger-when-stop.enabled = true (default)
2024-09-10 16:46:29,244 [f49a985e-efe9-405d-8922-13d0c1bb1d78-groupManagement] INFO  server.RaftServerConfigKeys (ConfUtils.java:logGet(46)) - raft.server.snapshot.trigger-when-remove.enabled = true (default)
2024-09-10 16:46:29,244 [f49a985e-efe9-405d-8922-13d0c1bb1d78-groupManagement] INFO  server.RaftServerConfigKeys (ConfUtils.java:logGet(46)) - raft.server.snapshot.auto.trigger.enabled = true (custom)
2024-09-10 16:46:29,244 [f49a985e-efe9-405d-8922-13d0c1bb1d78-groupManagement] INFO  server.RaftServerConfigKeys (ConfUtils.java:logGet(46)) - raft.server.snapshot.auto.trigger.threshold = 10000 (custom)
2024-09-10 16:46:29,244 [f49a985e-efe9-405d-8922-13d0c1bb1d78-groupManagement] INFO  server.RaftServerConfigKeys (ConfUtils.java:logGet(46)) - raft.server.snapshot.retention.file.num = 5 (custom)
2024-09-10 16:46:29,244 [f49a985e-efe9-405d-8922-13d0c1bb1d78-groupManagement] INFO  server.RaftServerConfigKeys (ConfUtils.java:logGet(46)) - raft.server.log.purge.upto.snapshot.index = false (default)
2024-09-10 16:46:29,252 [grpc-default-executor-0] INFO  server.RaftServer (RaftServerProxy.java:addNew(101)) - 2330440b-2504-4263-b461-07f8c416a88f: addNew group-BD59E781AD1C:[2330440b-2504-4263-b461-07f8c416a88f|127.0.0.1:15180, f49a985e-efe9-405d-8922-13d0c1bb1d78|127.0.0.1:15189, e5502358-b128-4a46-b87d-f44ed006f965|127.0.0.1:15171] returns group-BD59E781AD1C:java.util.concurrent.CompletableFuture@60fdd7fc[Not completed]
2024-09-10 16:46:29,253 [2330440b-2504-4263-b461-07f8c416a88f-groupManagement] INFO  server.RaftServer$Division (RaftServerImpl.java:<init>(253)) - 2330440b-2504-4263-b461-07f8c416a88f: new RaftServerImpl for group-BD59E781AD1C:[2330440b-2504-4263-b461-07f8c416a88f|127.0.0.1:15180, f49a985e-efe9-405d-8922-13d0c1bb1d78|127.0.0.1:15189, e5502358-b128-4a46-b87d-f44ed006f965|127.0.0.1:15171] with ContainerStateMachine:uninitialized
2024-09-10 16:46:29,253 [2330440b-2504-4263-b461-07f8c416a88f-groupManagement] INFO  server.RaftServerConfigKeys (ConfUtils.java:logGet(46)) - raft.server.rpc.timeout.min = 5s (custom)
2024-09-10 16:46:29,253 [2330440b-2504-4263-b461-07f8c416a88f-groupManagement] INFO  server.RaftServerConfigKeys (ConfUtils.java:logGet(46)) - raft.server.rpc.timeout.max = 5200ms (custom)
2024-09-10 16:46:29,253 [2330440b-2504-4263-b461-07f8c416a88f-groupManagement] INFO  server.RaftServerConfigKeys (ConfUtils.java:logGet(46)) - raft.server.rpc.sleep.time = 25ms (default)
2024-09-10 16:46:29,253 [2330440b-2504-4263-b461-07f8c416a88f-groupManagement] INFO  server.RaftServerConfigKeys (ConfUtils.java:logGet(46)) - raft.server.rpc.slowness.timeout = 300000ms (custom)
2024-09-10 16:46:29,253 [2330440b-2504-4263-b461-07f8c416a88f-groupManagement] INFO  server.RaftServerConfigKeys (ConfUtils.java:logGet(46)) - raft.server.leaderelection.leader.step-down.wait-time = 10s (default)
2024-09-10 16:46:29,253 [2330440b-2504-4263-b461-07f8c416a88f-groupManagement] INFO  server.RaftServerConfigKeys (ConfUtils.java:logGet(46)) - raft.server.leaderelection.member.majority-add = false (default)
2024-09-10 16:46:29,253 [2330440b-2504-4263-b461-07f8c416a88f-groupManagement] INFO  server.RaftServerConfigKeys (ConfUtils.java:logGet(46)) - raft.server.sleep.deviation.threshold = 300ms (default)
2024-09-10 16:46:29,254 [2330440b-2504-4263-b461-07f8c416a88f-groupManagement] INFO  server.RaftServer$Division (ServerState.java:<init>(114)) - 2330440b-2504-4263-b461-07f8c416a88f@group-BD59E781AD1C: ConfigurationManager, init=conf: {index: -1, cur=peers:[2330440b-2504-4263-b461-07f8c416a88f|127.0.0.1:15180, f49a985e-efe9-405d-8922-13d0c1bb1d78|127.0.0.1:15189, e5502358-b128-4a46-b87d-f44ed006f965|127.0.0.1:15171]|listeners:[], old=null}, confs=<EMPTY_MAP>
2024-09-10 16:46:29,254 [2330440b-2504-4263-b461-07f8c416a88f-groupManagement] INFO  server.RaftServerConfigKeys (ConfUtils.java:logGet(46)) - raft.server.notification.no-leader.timeout = 300000ms (custom)
2024-09-10 16:46:29,254 [2330440b-2504-4263-b461-07f8c416a88f-groupManagement] INFO  server.RaftServerConfigKeys (ConfUtils.java:logGet(46)) - raft.server.read.timeout = 10s (default)
2024-09-10 16:46:29,254 [2330440b-2504-4263-b461-07f8c416a88f-groupManagement] INFO  server.RaftServerConfigKeys (ConfUtils.java:logGet(46)) - raft.server.retrycache.expirytime = 600000ms (custom)
2024-09-10 16:46:29,254 [2330440b-2504-4263-b461-07f8c416a88f-groupManagement] INFO  server.RaftServerConfigKeys (ConfUtils.java:logGet(46)) - raft.server.retrycache.statistics.expirytime = 100ms (default)
2024-09-10 16:46:29,254 [2330440b-2504-4263-b461-07f8c416a88f-groupManagement] INFO  server.RaftServerConfigKeys (ConfUtils.java:logGet(46)) - raft.server.read.option = DEFAULT (default)
2024-09-10 16:46:29,254 [2330440b-2504-4263-b461-07f8c416a88f-groupManagement] INFO  server.RaftServerConfigKeys (ConfUtils.java:logGet(46)) - raft.server.read.read-after-write-consistent.write-index-cache.expiry-time = 60s (default)
2024-09-10 16:46:29,256 [2330440b-2504-4263-b461-07f8c416a88f-groupManagement] INFO  server.RaftServerConfigKeys (ConfUtils.java:logGet(46)) - raft.server.rpc.request.timeout = 3000ms (default)
2024-09-10 16:46:29,256 [2330440b-2504-4263-b461-07f8c416a88f-groupManagement] INFO  server.RaftServerConfigKeys (ConfUtils.java:logGet(46)) - raft.server.log.appender.install.snapshot.enabled = false (custom)
2024-09-10 16:46:29,257 [2330440b-2504-4263-b461-07f8c416a88f-groupManagement] INFO  server.RaftServerConfigKeys (ConfUtils.java:logGet(46)) - raft.server.threadpool.server.cached = true (default)
2024-09-10 16:46:29,257 [2330440b-2504-4263-b461-07f8c416a88f-groupManagement] INFO  server.RaftServerConfigKeys (ConfUtils.java:logGet(46)) - raft.server.threadpool.server.size = 0 (default)
2024-09-10 16:46:29,257 [2330440b-2504-4263-b461-07f8c416a88f-groupManagement] INFO  server.RaftServerConfigKeys (ConfUtils.java:logGet(46)) - raft.server.threadpool.client.cached = true (default)
2024-09-10 16:46:29,257 [2330440b-2504-4263-b461-07f8c416a88f-groupManagement] INFO  server.RaftServerConfigKeys (ConfUtils.java:logGet(46)) - raft.server.threadpool.client.size = 0 (default)
2024-09-10 16:46:29,257 [2330440b-2504-4263-b461-07f8c416a88f-groupManagement] INFO  server.RaftServerConfigKeys (ConfUtils.java:logGet(46)) - raft.server.storage.free-space.min = 0MB (=0) (default)
2024-09-10 16:46:29,257 [2330440b-2504-4263-b461-07f8c416a88f-groupManagement] INFO  server.RaftServerConfigKeys (ConfUtils.java:logGet(46)) - raft.server.log.corruption.policy = EXCEPTION (default)
2024-09-10 16:46:29,257 [2330440b-2504-4263-b461-07f8c416a88f-groupManagement] INFO  server.RaftServerConfigKeys (ConfUtils.java:logGet(46)) - raft.server.storage.dir = [/home/runner/work/ozone/ozone/hadoop-ozone/integration-test/target/test-dir/MiniOzoneClusterImpl-4ea98613-7ec2-40e8-bdf5-64593f2fdf96/ozone-meta/datanode-2/ratis] (custom)
2024-09-10 16:46:29,257 [2330440b-2504-4263-b461-07f8c416a88f-groupManagement] INFO  storage.RaftStorageDirectory (RaftStorageDirectoryImpl.java:analyzeStorage(138)) - The storage directory /home/runner/work/ozone/ozone/hadoop-ozone/integration-test/target/test-dir/MiniOzoneClusterImpl-4ea98613-7ec2-40e8-bdf5-64593f2fdf96/ozone-meta/datanode-2/ratis/998c03c0-f7d5-40e6-a397-bd59e781ad1c does not exist. Creating ...
2024-09-10 16:46:29,258 [2330440b-2504-4263-b461-07f8c416a88f-groupManagement] INFO  storage.RaftStorageDirectory (RaftStorageDirectoryImpl.java:tryLock(229)) - Lock on /home/runner/work/ozone/ozone/hadoop-ozone/integration-test/target/test-dir/MiniOzoneClusterImpl-4ea98613-7ec2-40e8-bdf5-64593f2fdf96/ozone-meta/datanode-2/ratis/998c03c0-f7d5-40e6-a397-bd59e781ad1c/in_use.lock acquired by nodename 77969@fv-az1492-488
2024-09-10 16:46:29,259 [2330440b-2504-4263-b461-07f8c416a88f-groupManagement] INFO  storage.RaftStorage (RaftStorageImpl.java:format(98)) - Storage directory /home/runner/work/ozone/ozone/hadoop-ozone/integration-test/target/test-dir/MiniOzoneClusterImpl-4ea98613-7ec2-40e8-bdf5-64593f2fdf96/ozone-meta/datanode-2/ratis/998c03c0-f7d5-40e6-a397-bd59e781ad1c has been successfully formatted.
2024-09-10 16:46:29,260 [2330440b-2504-4263-b461-07f8c416a88f-groupManagement] INFO  ratis.ContainerStateMachine (ContainerStateMachine.java:loadSnapshot(295)) - group-BD59E781AD1C: The snapshot info is null. Setting the last applied index to:(t:0, i:~)
2024-09-10 16:46:29,260 [2330440b-2504-4263-b461-07f8c416a88f-groupManagement] INFO  server.RaftServerConfigKeys (ConfUtils.java:logGet(46)) - raft.server.log.use.memory = false (default)
2024-09-10 16:46:29,260 [2330440b-2504-4263-b461-07f8c416a88f-groupManagement] INFO  server.RaftServerConfigKeys (ConfUtils.java:logGet(46)) - raft.server.log.purge.gap = 1000000 (custom)
2024-09-10 16:46:29,260 [2330440b-2504-4263-b461-07f8c416a88f-groupManagement] INFO  server.RaftServerConfigKeys (ConfUtils.java:logGet(46)) - raft.server.log.appender.buffer.byte-limit = 33554432 (custom)
2024-09-10 16:46:29,260 [2330440b-2504-4263-b461-07f8c416a88f-groupManagement] INFO  server.RaftServerConfigKeys (ConfUtils.java:logGet(46)) - raft.server.log.statemachine.data.read.timeout = 1000ms (default)
2024-09-10 16:46:29,260 [2330440b-2504-4263-b461-07f8c416a88f-groupManagement] INFO  server.RaftServerConfigKeys (ConfUtils.java:logGet(46)) - raft.server.log.purge.preservation.log.num = 0 (default)
2024-09-10 16:46:29,261 [2330440b-2504-4263-b461-07f8c416a88f-groupManagement] INFO  server.RaftServerConfigKeys (ConfUtils.java:logGet(46)) - raft.server.log.segment.size.max = 67108864 (custom)
2024-09-10 16:46:29,262 [2330440b-2504-4263-b461-07f8c416a88f-groupManagement] INFO  server.RaftServerConfigKeys (ConfUtils.java:logGet(46)) - raft.server.log.segment.cache.num.max = 2 (custom)
2024-09-10 16:46:29,262 [2330440b-2504-4263-b461-07f8c416a88f-groupManagement] INFO  server.RaftServerConfigKeys (ConfUtils.java:logGet(46)) - raft.server.log.segment.cache.size.max = 200MB (=209715200) (default)
2024-09-10 16:46:29,262 [2330440b-2504-4263-b461-07f8c416a88f-groupManagement] INFO  server.RaftServerConfigKeys (ConfUtils.java:logGet(46)) - raft.server.log.appender.buffer.byte-limit = 33554432 (custom)
2024-09-10 16:46:29,262 [2330440b-2504-4263-b461-07f8c416a88f-groupManagement] INFO  util.AwaitToRun (AwaitToRun.java:start(81)) - Thread[2330440b-2504-4263-b461-07f8c416a88f@group-BD59E781AD1C-cacheEviction-AwaitToRun,5,main] started
2024-09-10 16:46:29,262 [2330440b-2504-4263-b461-07f8c416a88f-groupManagement] INFO  segmented.SegmentedRaftLogWorker (SegmentedRaftLogWorker.java:<init>(184)) - new 2330440b-2504-4263-b461-07f8c416a88f@group-BD59E781AD1C-SegmentedRaftLogWorker for RaftStorageImpl:Storage Directory /home/runner/work/ozone/ozone/hadoop-ozone/integration-test/target/test-dir/MiniOzoneClusterImpl-4ea98613-7ec2-40e8-bdf5-64593f2fdf96/ozone-meta/datanode-2/ratis/998c03c0-f7d5-40e6-a397-bd59e781ad1c
2024-09-10 16:46:29,262 [2330440b-2504-4263-b461-07f8c416a88f-groupManagement] INFO  server.RaftServerConfigKeys (ConfUtils.java:logGet(46)) - raft.server.log.queue.byte-limit = 4294967296 (custom)
2024-09-10 16:46:29,263 [2330440b-2504-4263-b461-07f8c416a88f-groupManagement] INFO  server.RaftServerConfigKeys (ConfUtils.java:logGet(46)) - raft.server.log.queue.element-limit = 1024 (custom)
2024-09-10 16:46:29,263 [2330440b-2504-4263-b461-07f8c416a88f-groupManagement] INFO  server.RaftServerConfigKeys (ConfUtils.java:logGet(46)) - raft.server.log.segment.size.max = 67108864 (custom)
2024-09-10 16:46:29,263 [2330440b-2504-4263-b461-07f8c416a88f-groupManagement] INFO  server.RaftServerConfigKeys (ConfUtils.java:logGet(46)) - raft.server.log.preallocated.size = 4194304 (custom)
2024-09-10 16:46:29,263 [2330440b-2504-4263-b461-07f8c416a88f-groupManagement] INFO  server.RaftServerConfigKeys (ConfUtils.java:logGet(46)) - raft.server.log.force.sync.num = 128 (default)
2024-09-10 16:46:29,263 [2330440b-2504-4263-b461-07f8c416a88f-groupManagement] INFO  server.RaftServerConfigKeys (ConfUtils.java:logGet(46)) - raft.server.log.statemachine.data.sync = true (default)
2024-09-10 16:46:29,263 [2330440b-2504-4263-b461-07f8c416a88f-groupManagement] INFO  server.RaftServerConfigKeys (ConfUtils.java:logGet(46)) - raft.server.log.statemachine.data.sync.timeout = 10s (default)
2024-09-10 16:46:29,263 [2330440b-2504-4263-b461-07f8c416a88f-groupManagement] INFO  server.RaftServerConfigKeys (ConfUtils.java:logGet(46)) - raft.server.log.statemachine.data.sync.timeout.retry = 30 (custom)
2024-09-10 16:46:29,263 [2330440b-2504-4263-b461-07f8c416a88f-groupManagement] INFO  server.RaftServerConfigKeys (ConfUtils.java:logGet(46)) - raft.server.log.write.buffer.size = 33554440 (custom)
2024-09-10 16:46:29,268 [2330440b-2504-4263-b461-07f8c416a88f-groupManagement] INFO  server.RaftServerConfigKeys (ConfUtils.java:logGet(46)) - raft.server.log.appender.buffer.byte-limit = 33554432 (custom)
2024-09-10 16:46:29,269 [2330440b-2504-4263-b461-07f8c416a88f-groupManagement] INFO  server.RaftServerConfigKeys (ConfUtils.java:logGet(46)) - raft.server.log.unsafe-flush.enabled = false (default)
2024-09-10 16:46:29,269 [2330440b-2504-4263-b461-07f8c416a88f-groupManagement] INFO  server.RaftServerConfigKeys (ConfUtils.java:logGet(46)) - raft.server.log.async-flush.enabled = false (default)
2024-09-10 16:46:29,269 [2330440b-2504-4263-b461-07f8c416a88f-groupManagement] INFO  server.RaftServerConfigKeys (ConfUtils.java:logGet(46)) - raft.server.log.statemachine.data.caching.enabled = true (custom)
2024-09-10 16:46:29,269 [2330440b-2504-4263-b461-07f8c416a88f-groupManagement] INFO  segmented.SegmentedRaftLogWorker (SegmentedRaftLogWorker.java:lambda$new$0(135)) - 2330440b-2504-4263-b461-07f8c416a88f@group-BD59E781AD1C-SegmentedRaftLogWorker: flushIndex: setUnconditionally 0 -> -1
2024-09-10 16:46:29,269 [2330440b-2504-4263-b461-07f8c416a88f-groupManagement] INFO  segmented.SegmentedRaftLogWorker (SegmentedRaftLogWorker.java:lambda$new$0(135)) - 2330440b-2504-4263-b461-07f8c416a88f@group-BD59E781AD1C-SegmentedRaftLogWorker: safeCacheEvictIndex: setUnconditionally 0 -> -1
2024-09-10 16:46:29,269 [2330440b-2504-4263-b461-07f8c416a88f-groupManagement] INFO  server.RaftServer$Division (RaftServerImpl.java:start(389)) - 2330440b-2504-4263-b461-07f8c416a88f@group-BD59E781AD1C: start as a follower, conf=conf: {index: -1, cur=peers:[2330440b-2504-4263-b461-07f8c416a88f|127.0.0.1:15180, f49a985e-efe9-405d-8922-13d0c1bb1d78|127.0.0.1:15189, e5502358-b128-4a46-b87d-f44ed006f965|127.0.0.1:15171]|listeners:[], old=null}
2024-09-10 16:46:29,270 [2330440b-2504-4263-b461-07f8c416a88f-groupManagement] INFO  server.RaftServer$Division (RaftServerImpl.java:setRole(376)) - 2330440b-2504-4263-b461-07f8c416a88f@group-BD59E781AD1C: changes role from      null to FOLLOWER at term 0 for startAsFollower
2024-09-10 16:46:29,270 [2330440b-2504-4263-b461-07f8c416a88f-groupManagement] INFO  impl.RoleInfo (RoleInfo.java:updateAndGet(148)) - 2330440b-2504-4263-b461-07f8c416a88f: start 2330440b-2504-4263-b461-07f8c416a88f@group-BD59E781AD1C-FollowerState
2024-09-10 16:46:29,270 [2330440b-2504-4263-b461-07f8c416a88f@group-BD59E781AD1C-FollowerState] INFO  server.RaftServerConfigKeys (ConfUtils.java:logFallback(53)) - raft.server.rpc.first-election.timeout.min = 5s (fallback to raft.server.rpc.timeout.min)
2024-09-10 16:46:29,270 [2330440b-2504-4263-b461-07f8c416a88f@group-BD59E781AD1C-FollowerState] INFO  server.RaftServerConfigKeys (ConfUtils.java:logFallback(53)) - raft.server.rpc.first-election.timeout.max = 5200ms (fallback to raft.server.rpc.timeout.max)
2024-09-10 16:46:29,270 [2330440b-2504-4263-b461-07f8c416a88f-groupManagement] INFO  util.JmxRegister (JmxRegister.java:tryRegister(44)) - Successfully registered JMX Bean with object name Ratis:service=RaftServer,group=group-BD59E781AD1C,id=2330440b-2504-4263-b461-07f8c416a88f
2024-09-10 16:46:29,270 [2330440b-2504-4263-b461-07f8c416a88f-groupManagement] INFO  util.JmxRegister (JmxRegister.java:register(58)) - register mxBean class org.apache.ratis.server.impl.RaftServerJmxAdapter as Ratis:service=RaftServer,group=group-BD59E781AD1C,id=2330440b-2504-4263-b461-07f8c416a88f
2024-09-10 16:46:29,270 [2330440b-2504-4263-b461-07f8c416a88f-groupManagement] INFO  server.RaftServerConfigKeys (ConfUtils.java:logGet(46)) - raft.server.snapshot.trigger-when-stop.enabled = true (default)
2024-09-10 16:46:29,270 [2330440b-2504-4263-b461-07f8c416a88f-groupManagement] INFO  server.RaftServerConfigKeys (ConfUtils.java:logGet(46)) - raft.server.snapshot.trigger-when-remove.enabled = true (default)
2024-09-10 16:46:29,270 [2330440b-2504-4263-b461-07f8c416a88f-groupManagement] INFO  server.RaftServerConfigKeys (ConfUtils.java:logGet(46)) - raft.server.snapshot.auto.trigger.enabled = true (custom)
2024-09-10 16:46:29,270 [2330440b-2504-4263-b461-07f8c416a88f-groupManagement] INFO  server.RaftServerConfigKeys (ConfUtils.java:logGet(46)) - raft.server.snapshot.auto.trigger.threshold = 10000 (custom)
2024-09-10 16:46:29,271 [2330440b-2504-4263-b461-07f8c416a88f-groupManagement] INFO  server.RaftServerConfigKeys (ConfUtils.java:logGet(46)) - raft.server.snapshot.retention.file.num = 5 (custom)
2024-09-10 16:46:29,271 [2330440b-2504-4263-b461-07f8c416a88f-groupManagement] INFO  server.RaftServerConfigKeys (ConfUtils.java:logGet(46)) - raft.server.log.purge.upto.snapshot.index = false (default)
2024-09-10 16:46:29,276 [e5502358-b128-4a46-b87d-f44ed006f965-PipelineCommandHandlerThread-0] INFO  commandhandler.CreatePipelineCommandHandler (CreatePipelineCommandHandler.java:lambda$handle$2(124)) - Created Pipeline RATIS THREE PipelineID=998c03c0-f7d5-40e6-a397-bd59e781ad1c.
2024-09-10 16:46:29,276 [e5502358-b128-4a46-b87d-f44ed006f965-PipelineCommandHandlerThread-0] INFO  server.RaftServer (RaftServerProxy.java:addNew(101)) - e5502358-b128-4a46-b87d-f44ed006f965: addNew group-C733A4596614:[2330440b-2504-4263-b461-07f8c416a88f|127.0.0.1:15180, f49a985e-efe9-405d-8922-13d0c1bb1d78|127.0.0.1:15189, e5502358-b128-4a46-b87d-f44ed006f965|127.0.0.1:15171] returns group-C733A4596614:java.util.concurrent.CompletableFuture@56a012be[Not completed]
2024-09-10 16:46:29,277 [e5502358-b128-4a46-b87d-f44ed006f965-groupManagement] INFO  server.RaftServer$Division (RaftServerImpl.java:<init>(253)) - e5502358-b128-4a46-b87d-f44ed006f965: new RaftServerImpl for group-C733A4596614:[2330440b-2504-4263-b461-07f8c416a88f|127.0.0.1:15180, f49a985e-efe9-405d-8922-13d0c1bb1d78|127.0.0.1:15189, e5502358-b128-4a46-b87d-f44ed006f965|127.0.0.1:15171] with ContainerStateMachine:uninitialized
2024-09-10 16:46:29,277 [e5502358-b128-4a46-b87d-f44ed006f965-groupManagement] INFO  server.RaftServerConfigKeys (ConfUtils.java:logGet(46)) - raft.server.rpc.timeout.min = 5s (custom)
2024-09-10 16:46:29,277 [e5502358-b128-4a46-b87d-f44ed006f965-groupManagement] INFO  server.RaftServerConfigKeys (ConfUtils.java:logGet(46)) - raft.server.rpc.timeout.max = 5200ms (custom)
2024-09-10 16:46:29,277 [e5502358-b128-4a46-b87d-f44ed006f965-groupManagement] INFO  server.RaftServerConfigKeys (ConfUtils.java:logGet(46)) - raft.server.rpc.sleep.time = 25ms (default)
2024-09-10 16:46:29,277 [e5502358-b128-4a46-b87d-f44ed006f965-groupManagement] INFO  server.RaftServerConfigKeys (ConfUtils.java:logGet(46)) - raft.server.rpc.slowness.timeout = 300000ms (custom)
2024-09-10 16:46:29,277 [e5502358-b128-4a46-b87d-f44ed006f965-groupManagement] INFO  server.RaftServerConfigKeys (ConfUtils.java:logGet(46)) - raft.server.leaderelection.leader.step-down.wait-time = 10s (default)
2024-09-10 16:46:29,277 [e5502358-b128-4a46-b87d-f44ed006f965-groupManagement] INFO  server.RaftServerConfigKeys (ConfUtils.java:logGet(46)) - raft.server.leaderelection.member.majority-add = false (default)
2024-09-10 16:46:29,277 [e5502358-b128-4a46-b87d-f44ed006f965-groupManagement] INFO  server.RaftServerConfigKeys (ConfUtils.java:logGet(46)) - raft.server.sleep.deviation.threshold = 300ms (default)
2024-09-10 16:46:29,277 [e5502358-b128-4a46-b87d-f44ed006f965-groupManagement] INFO  server.RaftServer$Division (ServerState.java:<init>(114)) - e5502358-b128-4a46-b87d-f44ed006f965@group-C733A4596614: ConfigurationManager, init=conf: {index: -1, cur=peers:[2330440b-2504-4263-b461-07f8c416a88f|127.0.0.1:15180, f49a985e-efe9-405d-8922-13d0c1bb1d78|127.0.0.1:15189, e5502358-b128-4a46-b87d-f44ed006f965|127.0.0.1:15171]|listeners:[], old=null}, confs=<EMPTY_MAP>
2024-09-10 16:46:29,277 [e5502358-b128-4a46-b87d-f44ed006f965-groupManagement] INFO  server.RaftServerConfigKeys (ConfUtils.java:logGet(46)) - raft.server.notification.no-leader.timeout = 300000ms (custom)
2024-09-10 16:46:29,277 [e5502358-b128-4a46-b87d-f44ed006f965-groupManagement] INFO  server.RaftServerConfigKeys (ConfUtils.java:logGet(46)) - raft.server.read.timeout = 10s (default)
2024-09-10 16:46:29,278 [e5502358-b128-4a46-b87d-f44ed006f965-groupManagement] INFO  server.RaftServerConfigKeys (ConfUtils.java:logGet(46)) - raft.server.retrycache.expirytime = 600000ms (custom)
2024-09-10 16:46:29,278 [e5502358-b128-4a46-b87d-f44ed006f965-groupManagement] INFO  server.RaftServerConfigKeys (ConfUtils.java:logGet(46)) - raft.server.retrycache.statistics.expirytime = 100ms (default)
2024-09-10 16:46:29,278 [e5502358-b128-4a46-b87d-f44ed006f965-groupManagement] INFO  server.RaftServerConfigKeys (ConfUtils.java:logGet(46)) - raft.server.read.option = DEFAULT (default)
2024-09-10 16:46:29,278 [e5502358-b128-4a46-b87d-f44ed006f965-groupManagement] INFO  server.RaftServerConfigKeys (ConfUtils.java:logGet(46)) - raft.server.read.read-after-write-consistent.write-index-cache.expiry-time = 60s (default)
2024-09-10 16:46:29,279 [e5502358-b128-4a46-b87d-f44ed006f965-groupManagement] INFO  server.RaftServerConfigKeys (ConfUtils.java:logGet(46)) - raft.server.rpc.request.timeout = 3000ms (default)
2024-09-10 16:46:29,279 [e5502358-b128-4a46-b87d-f44ed006f965-groupManagement] INFO  server.RaftServerConfigKeys (ConfUtils.java:logGet(46)) - raft.server.log.appender.install.snapshot.enabled = false (custom)
2024-09-10 16:46:29,279 [e5502358-b128-4a46-b87d-f44ed006f965-groupManagement] INFO  server.RaftServerConfigKeys (ConfUtils.java:logGet(46)) - raft.server.threadpool.server.cached = true (default)
2024-09-10 16:46:29,279 [e5502358-b128-4a46-b87d-f44ed006f965-groupManagement] INFO  server.RaftServerConfigKeys (ConfUtils.java:logGet(46)) - raft.server.threadpool.server.size = 0 (default)
2024-09-10 16:46:29,279 [e5502358-b128-4a46-b87d-f44ed006f965-groupManagement] INFO  server.RaftServerConfigKeys (ConfUtils.java:logGet(46)) - raft.server.threadpool.client.cached = true (default)
2024-09-10 16:46:29,279 [e5502358-b128-4a46-b87d-f44ed006f965-groupManagement] INFO  server.RaftServerConfigKeys (ConfUtils.java:logGet(46)) - raft.server.threadpool.client.size = 0 (default)
2024-09-10 16:46:29,279 [e5502358-b128-4a46-b87d-f44ed006f965-groupManagement] INFO  server.RaftServerConfigKeys (ConfUtils.java:logGet(46)) - raft.server.storage.free-space.min = 0MB (=0) (default)
2024-09-10 16:46:29,279 [e5502358-b128-4a46-b87d-f44ed006f965-groupManagement] INFO  server.RaftServerConfigKeys (ConfUtils.java:logGet(46)) - raft.server.log.corruption.policy = EXCEPTION (default)
2024-09-10 16:46:29,279 [e5502358-b128-4a46-b87d-f44ed006f965-groupManagement] INFO  server.RaftServerConfigKeys (ConfUtils.java:logGet(46)) - raft.server.storage.dir = [/home/runner/work/ozone/ozone/hadoop-ozone/integration-test/target/test-dir/MiniOzoneClusterImpl-4ea98613-7ec2-40e8-bdf5-64593f2fdf96/ozone-meta/datanode-1/ratis] (custom)
2024-09-10 16:46:29,280 [e5502358-b128-4a46-b87d-f44ed006f965-groupManagement] INFO  storage.RaftStorageDirectory (RaftStorageDirectoryImpl.java:analyzeStorage(138)) - The storage directory /home/runner/work/ozone/ozone/hadoop-ozone/integration-test/target/test-dir/MiniOzoneClusterImpl-4ea98613-7ec2-40e8-bdf5-64593f2fdf96/ozone-meta/datanode-1/ratis/41bac477-4634-43db-9c8d-c733a4596614 does not exist. Creating ...
2024-09-10 16:46:29,281 [e5502358-b128-4a46-b87d-f44ed006f965-groupManagement] INFO  storage.RaftStorageDirectory (RaftStorageDirectoryImpl.java:tryLock(229)) - Lock on /home/runner/work/ozone/ozone/hadoop-ozone/integration-test/target/test-dir/MiniOzoneClusterImpl-4ea98613-7ec2-40e8-bdf5-64593f2fdf96/ozone-meta/datanode-1/ratis/41bac477-4634-43db-9c8d-c733a4596614/in_use.lock acquired by nodename 77969@fv-az1492-488
2024-09-10 16:46:29,282 [e5502358-b128-4a46-b87d-f44ed006f965-groupManagement] INFO  storage.RaftStorage (RaftStorageImpl.java:format(98)) - Storage directory /home/runner/work/ozone/ozone/hadoop-ozone/integration-test/target/test-dir/MiniOzoneClusterImpl-4ea98613-7ec2-40e8-bdf5-64593f2fdf96/ozone-meta/datanode-1/ratis/41bac477-4634-43db-9c8d-c733a4596614 has been successfully formatted.
2024-09-10 16:46:29,282 [e5502358-b128-4a46-b87d-f44ed006f965-groupManagement] INFO  ratis.ContainerStateMachine (ContainerStateMachine.java:loadSnapshot(295)) - group-C733A4596614: The snapshot info is null. Setting the last applied index to:(t:0, i:~)
2024-09-10 16:46:29,282 [e5502358-b128-4a46-b87d-f44ed006f965-groupManagement] INFO  server.RaftServerConfigKeys (ConfUtils.java:logGet(46)) - raft.server.log.use.memory = false (default)
2024-09-10 16:46:29,282 [e5502358-b128-4a46-b87d-f44ed006f965-groupManagement] INFO  server.RaftServerConfigKeys (ConfUtils.java:logGet(46)) - raft.server.log.purge.gap = 1000000 (custom)
2024-09-10 16:46:29,282 [e5502358-b128-4a46-b87d-f44ed006f965-groupManagement] INFO  server.RaftServerConfigKeys (ConfUtils.java:logGet(46)) - raft.server.log.appender.buffer.byte-limit = 33554432 (custom)
2024-09-10 16:46:29,282 [e5502358-b128-4a46-b87d-f44ed006f965-groupManagement] INFO  server.RaftServerConfigKeys (ConfUtils.java:logGet(46)) - raft.server.log.statemachine.data.read.timeout = 1000ms (default)
2024-09-10 16:46:29,283 [e5502358-b128-4a46-b87d-f44ed006f965-groupManagement] INFO  server.RaftServerConfigKeys (ConfUtils.java:logGet(46)) - raft.server.log.purge.preservation.log.num = 0 (default)
2024-09-10 16:46:29,283 [EventQueue-OpenPipelineForHealthyPipelineSafeModeRule] INFO  safemode.SCMSafeModeManager (HealthyPipelineSafeModeRule.java:process(140)) - SCM in safe mode. Healthy pipelines reported count is 0, required healthy pipeline reported count is 1
2024-09-10 16:46:29,283 [e5502358-b128-4a46-b87d-f44ed006f965-groupManagement] INFO  server.RaftServerConfigKeys (ConfUtils.java:logGet(46)) - raft.server.log.segment.size.max = 67108864 (custom)
2024-09-10 16:46:29,283 [e5502358-b128-4a46-b87d-f44ed006f965-groupManagement] INFO  server.RaftServerConfigKeys (ConfUtils.java:logGet(46)) - raft.server.log.segment.cache.num.max = 2 (custom)
2024-09-10 16:46:29,283 [e5502358-b128-4a46-b87d-f44ed006f965-groupManagement] INFO  server.RaftServerConfigKeys (ConfUtils.java:logGet(46)) - raft.server.log.segment.cache.size.max = 200MB (=209715200) (default)
2024-09-10 16:46:29,284 [e5502358-b128-4a46-b87d-f44ed006f965-groupManagement] INFO  server.RaftServerConfigKeys (ConfUtils.java:logGet(46)) - raft.server.log.appender.buffer.byte-limit = 33554432 (custom)
2024-09-10 16:46:29,284 [e5502358-b128-4a46-b87d-f44ed006f965-groupManagement] INFO  util.AwaitToRun (AwaitToRun.java:start(81)) - Thread[e5502358-b128-4a46-b87d-f44ed006f965@group-C733A4596614-cacheEviction-AwaitToRun,5,main] started
2024-09-10 16:46:29,284 [e5502358-b128-4a46-b87d-f44ed006f965-groupManagement] INFO  segmented.SegmentedRaftLogWorker (SegmentedRaftLogWorker.java:<init>(184)) - new e5502358-b128-4a46-b87d-f44ed006f965@group-C733A4596614-SegmentedRaftLogWorker for RaftStorageImpl:Storage Directory /home/runner/work/ozone/ozone/hadoop-ozone/integration-test/target/test-dir/MiniOzoneClusterImpl-4ea98613-7ec2-40e8-bdf5-64593f2fdf96/ozone-meta/datanode-1/ratis/41bac477-4634-43db-9c8d-c733a4596614
2024-09-10 16:46:29,284 [e5502358-b128-4a46-b87d-f44ed006f965-groupManagement] INFO  server.RaftServerConfigKeys (ConfUtils.java:logGet(46)) - raft.server.log.queue.byte-limit = 4294967296 (custom)
2024-09-10 16:46:29,284 [e5502358-b128-4a46-b87d-f44ed006f965-groupManagement] INFO  server.RaftServerConfigKeys (ConfUtils.java:logGet(46)) - raft.server.log.queue.element-limit = 1024 (custom)
2024-09-10 16:46:29,284 [e5502358-b128-4a46-b87d-f44ed006f965-groupManagement] INFO  server.RaftServerConfigKeys (ConfUtils.java:logGet(46)) - raft.server.log.segment.size.max = 67108864 (custom)
2024-09-10 16:46:29,284 [e5502358-b128-4a46-b87d-f44ed006f965-groupManagement] INFO  server.RaftServerConfigKeys (ConfUtils.java:logGet(46)) - raft.server.log.preallocated.size = 4194304 (custom)
2024-09-10 16:46:29,284 [e5502358-b128-4a46-b87d-f44ed006f965-groupManagement] INFO  server.RaftServerConfigKeys (ConfUtils.java:logGet(46)) - raft.server.log.force.sync.num = 128 (default)
2024-09-10 16:46:29,284 [e5502358-b128-4a46-b87d-f44ed006f965-groupManagement] INFO  server.RaftServerConfigKeys (ConfUtils.java:logGet(46)) - raft.server.log.statemachine.data.sync = true (default)
2024-09-10 16:46:29,284 [e5502358-b128-4a46-b87d-f44ed006f965-groupManagement] INFO  server.RaftServerConfigKeys (ConfUtils.java:logGet(46)) - raft.server.log.statemachine.data.sync.timeout = 10s (default)
2024-09-10 16:46:29,284 [e5502358-b128-4a46-b87d-f44ed006f965-groupManagement] INFO  server.RaftServerConfigKeys (ConfUtils.java:logGet(46)) - raft.server.log.statemachine.data.sync.timeout.retry = 30 (custom)
2024-09-10 16:46:29,284 [e5502358-b128-4a46-b87d-f44ed006f965-groupManagement] INFO  server.RaftServerConfigKeys (ConfUtils.java:logGet(46)) - raft.server.log.write.buffer.size = 33554440 (custom)
2024-09-10 16:46:29,290 [e5502358-b128-4a46-b87d-f44ed006f965-groupManagement] INFO  server.RaftServerConfigKeys (ConfUtils.java:logGet(46)) - raft.server.log.appender.buffer.byte-limit = 33554432 (custom)
2024-09-10 16:46:29,290 [e5502358-b128-4a46-b87d-f44ed006f965-groupManagement] INFO  server.RaftServerConfigKeys (ConfUtils.java:logGet(46)) - raft.server.log.unsafe-flush.enabled = false (default)
2024-09-10 16:46:29,290 [e5502358-b128-4a46-b87d-f44ed006f965-groupManagement] INFO  server.RaftServerConfigKeys (ConfUtils.java:logGet(46)) - raft.server.log.async-flush.enabled = false (default)
2024-09-10 16:46:29,290 [e5502358-b128-4a46-b87d-f44ed006f965-groupManagement] INFO  server.RaftServerConfigKeys (ConfUtils.java:logGet(46)) - raft.server.log.statemachine.data.caching.enabled = true (custom)
2024-09-10 16:46:29,290 [e5502358-b128-4a46-b87d-f44ed006f965-groupManagement] INFO  segmented.SegmentedRaftLogWorker (SegmentedRaftLogWorker.java:lambda$new$0(135)) - e5502358-b128-4a46-b87d-f44ed006f965@group-C733A4596614-SegmentedRaftLogWorker: flushIndex: setUnconditionally 0 -> -1
2024-09-10 16:46:29,290 [e5502358-b128-4a46-b87d-f44ed006f965-groupManagement] INFO  segmented.SegmentedRaftLogWorker (SegmentedRaftLogWorker.java:lambda$new$0(135)) - e5502358-b128-4a46-b87d-f44ed006f965@group-C733A4596614-SegmentedRaftLogWorker: safeCacheEvictIndex: setUnconditionally 0 -> -1
2024-09-10 16:46:29,291 [e5502358-b128-4a46-b87d-f44ed006f965-groupManagement] INFO  server.RaftServer$Division (RaftServerImpl.java:start(389)) - e5502358-b128-4a46-b87d-f44ed006f965@group-C733A4596614: start as a follower, conf=conf: {index: -1, cur=peers:[2330440b-2504-4263-b461-07f8c416a88f|127.0.0.1:15180, f49a985e-efe9-405d-8922-13d0c1bb1d78|127.0.0.1:15189, e5502358-b128-4a46-b87d-f44ed006f965|127.0.0.1:15171]|listeners:[], old=null}
2024-09-10 16:46:29,291 [e5502358-b128-4a46-b87d-f44ed006f965-groupManagement] INFO  server.RaftServer$Division (RaftServerImpl.java:setRole(376)) - e5502358-b128-4a46-b87d-f44ed006f965@group-C733A4596614: changes role from      null to FOLLOWER at term 0 for startAsFollower
2024-09-10 16:46:29,291 [e5502358-b128-4a46-b87d-f44ed006f965-groupManagement] INFO  impl.RoleInfo (RoleInfo.java:updateAndGet(148)) - e5502358-b128-4a46-b87d-f44ed006f965: start e5502358-b128-4a46-b87d-f44ed006f965@group-C733A4596614-FollowerState
2024-09-10 16:46:29,291 [e5502358-b128-4a46-b87d-f44ed006f965-groupManagement] INFO  util.JmxRegister (JmxRegister.java:tryRegister(44)) - Successfully registered JMX Bean with object name Ratis:service=RaftServer,group=group-C733A4596614,id=e5502358-b128-4a46-b87d-f44ed006f965
2024-09-10 16:46:29,291 [e5502358-b128-4a46-b87d-f44ed006f965-groupManagement] INFO  util.JmxRegister (JmxRegister.java:register(58)) - register mxBean class org.apache.ratis.server.impl.RaftServerJmxAdapter as Ratis:service=RaftServer,group=group-C733A4596614,id=e5502358-b128-4a46-b87d-f44ed006f965
2024-09-10 16:46:29,291 [e5502358-b128-4a46-b87d-f44ed006f965-groupManagement] INFO  server.RaftServerConfigKeys (ConfUtils.java:logGet(46)) - raft.server.snapshot.trigger-when-stop.enabled = true (default)
2024-09-10 16:46:29,291 [e5502358-b128-4a46-b87d-f44ed006f965-groupManagement] INFO  server.RaftServerConfigKeys (ConfUtils.java:logGet(46)) - raft.server.snapshot.trigger-when-remove.enabled = true (default)
2024-09-10 16:46:29,291 [e5502358-b128-4a46-b87d-f44ed006f965-groupManagement] INFO  server.RaftServerConfigKeys (ConfUtils.java:logGet(46)) - raft.server.snapshot.auto.trigger.enabled = true (custom)
2024-09-10 16:46:29,291 [e5502358-b128-4a46-b87d-f44ed006f965-groupManagement] INFO  server.RaftServerConfigKeys (ConfUtils.java:logGet(46)) - raft.server.snapshot.auto.trigger.threshold = 10000 (custom)
2024-09-10 16:46:29,291 [e5502358-b128-4a46-b87d-f44ed006f965-groupManagement] INFO  server.RaftServerConfigKeys (ConfUtils.java:logGet(46)) - raft.server.snapshot.retention.file.num = 5 (custom)
2024-09-10 16:46:29,291 [e5502358-b128-4a46-b87d-f44ed006f965-groupManagement] INFO  server.RaftServerConfigKeys (ConfUtils.java:logGet(46)) - raft.server.log.purge.upto.snapshot.index = false (default)
2024-09-10 16:46:29,292 [e5502358-b128-4a46-b87d-f44ed006f965-PipelineCommandHandlerThread-0] INFO  ratis.XceiverServerRatis (XceiverServerRatis.java:addGroup(849)) - Created group PipelineID=41bac477-4634-43db-9c8d-c733a4596614
2024-09-10 16:46:29,296 [e5502358-b128-4a46-b87d-f44ed006f965@group-C733A4596614-FollowerState] INFO  server.RaftServerConfigKeys (ConfUtils.java:logFallback(53)) - raft.server.rpc.first-election.timeout.min = 5s (fallback to raft.server.rpc.timeout.min)
2024-09-10 16:46:29,296 [e5502358-b128-4a46-b87d-f44ed006f965@group-C733A4596614-FollowerState] INFO  server.RaftServerConfigKeys (ConfUtils.java:logFallback(53)) - raft.server.rpc.first-election.timeout.max = 5200ms (fallback to raft.server.rpc.timeout.max)
2024-09-10 16:46:29,296 [grpc-default-executor-0] INFO  server.RaftServer (RaftServerProxy.java:addNew(101)) - f49a985e-efe9-405d-8922-13d0c1bb1d78: addNew group-C733A4596614:[2330440b-2504-4263-b461-07f8c416a88f|127.0.0.1:15180, f49a985e-efe9-405d-8922-13d0c1bb1d78|127.0.0.1:15189, e5502358-b128-4a46-b87d-f44ed006f965|127.0.0.1:15171] returns group-C733A4596614:java.util.concurrent.CompletableFuture@74790b19[Not completed]
2024-09-10 16:46:29,297 [f49a985e-efe9-405d-8922-13d0c1bb1d78-groupManagement] INFO  server.RaftServer$Division (RaftServerImpl.java:<init>(253)) - f49a985e-efe9-405d-8922-13d0c1bb1d78: new RaftServerImpl for group-C733A4596614:[2330440b-2504-4263-b461-07f8c416a88f|127.0.0.1:15180, f49a985e-efe9-405d-8922-13d0c1bb1d78|127.0.0.1:15189, e5502358-b128-4a46-b87d-f44ed006f965|127.0.0.1:15171] with ContainerStateMachine:uninitialized
2024-09-10 16:46:29,297 [f49a985e-efe9-405d-8922-13d0c1bb1d78-groupManagement] INFO  server.RaftServerConfigKeys (ConfUtils.java:logGet(46)) - raft.server.rpc.timeout.min = 5s (custom)
2024-09-10 16:46:29,297 [f49a985e-efe9-405d-8922-13d0c1bb1d78-groupManagement] INFO  server.RaftServerConfigKeys (ConfUtils.java:logGet(46)) - raft.server.rpc.timeout.max = 5200ms (custom)
2024-09-10 16:46:29,297 [f49a985e-efe9-405d-8922-13d0c1bb1d78-groupManagement] INFO  server.RaftServerConfigKeys (ConfUtils.java:logGet(46)) - raft.server.rpc.sleep.time = 25ms (default)
2024-09-10 16:46:29,297 [f49a985e-efe9-405d-8922-13d0c1bb1d78-groupManagement] INFO  server.RaftServerConfigKeys (ConfUtils.java:logGet(46)) - raft.server.rpc.slowness.timeout = 300000ms (custom)
2024-09-10 16:46:29,297 [f49a985e-efe9-405d-8922-13d0c1bb1d78-groupManagement] INFO  server.RaftServerConfigKeys (ConfUtils.java:logGet(46)) - raft.server.leaderelection.leader.step-down.wait-time = 10s (default)
2024-09-10 16:46:29,297 [f49a985e-efe9-405d-8922-13d0c1bb1d78-groupManagement] INFO  server.RaftServerConfigKeys (ConfUtils.java:logGet(46)) - raft.server.leaderelection.member.majority-add = false (default)
2024-09-10 16:46:29,297 [f49a985e-efe9-405d-8922-13d0c1bb1d78-groupManagement] INFO  server.RaftServerConfigKeys (ConfUtils.java:logGet(46)) - raft.server.sleep.deviation.threshold = 300ms (default)
2024-09-10 16:46:29,297 [f49a985e-efe9-405d-8922-13d0c1bb1d78-groupManagement] INFO  server.RaftServer$Division (ServerState.java:<init>(114)) - f49a985e-efe9-405d-8922-13d0c1bb1d78@group-C733A4596614: ConfigurationManager, init=conf: {index: -1, cur=peers:[2330440b-2504-4263-b461-07f8c416a88f|127.0.0.1:15180, f49a985e-efe9-405d-8922-13d0c1bb1d78|127.0.0.1:15189, e5502358-b128-4a46-b87d-f44ed006f965|127.0.0.1:15171]|listeners:[], old=null}, confs=<EMPTY_MAP>
2024-09-10 16:46:29,298 [f49a985e-efe9-405d-8922-13d0c1bb1d78-groupManagement] INFO  server.RaftServerConfigKeys (ConfUtils.java:logGet(46)) - raft.server.notification.no-leader.timeout = 300000ms (custom)
2024-09-10 16:46:29,298 [f49a985e-efe9-405d-8922-13d0c1bb1d78-groupManagement] INFO  server.RaftServerConfigKeys (ConfUtils.java:logGet(46)) - raft.server.read.timeout = 10s (default)
2024-09-10 16:46:29,298 [f49a985e-efe9-405d-8922-13d0c1bb1d78-groupManagement] INFO  server.RaftServerConfigKeys (ConfUtils.java:logGet(46)) - raft.server.retrycache.expirytime = 600000ms (custom)
2024-09-10 16:46:29,298 [f49a985e-efe9-405d-8922-13d0c1bb1d78-groupManagement] INFO  server.RaftServerConfigKeys (ConfUtils.java:logGet(46)) - raft.server.retrycache.statistics.expirytime = 100ms (default)
2024-09-10 16:46:29,298 [f49a985e-efe9-405d-8922-13d0c1bb1d78-groupManagement] INFO  server.RaftServerConfigKeys (ConfUtils.java:logGet(46)) - raft.server.read.option = DEFAULT (default)
2024-09-10 16:46:29,298 [f49a985e-efe9-405d-8922-13d0c1bb1d78-groupManagement] INFO  server.RaftServerConfigKeys (ConfUtils.java:logGet(46)) - raft.server.read.read-after-write-consistent.write-index-cache.expiry-time = 60s (default)
2024-09-10 16:46:29,299 [f49a985e-efe9-405d-8922-13d0c1bb1d78-groupManagement] INFO  server.RaftServerConfigKeys (ConfUtils.java:logGet(46)) - raft.server.rpc.request.timeout = 3000ms (default)
2024-09-10 16:46:29,299 [f49a985e-efe9-405d-8922-13d0c1bb1d78-groupManagement] INFO  server.RaftServerConfigKeys (ConfUtils.java:logGet(46)) - raft.server.log.appender.install.snapshot.enabled = false (custom)
2024-09-10 16:46:29,299 [f49a985e-efe9-405d-8922-13d0c1bb1d78-groupManagement] INFO  server.RaftServerConfigKeys (ConfUtils.java:logGet(46)) - raft.server.threadpool.server.cached = true (default)
2024-09-10 16:46:29,299 [f49a985e-efe9-405d-8922-13d0c1bb1d78-groupManagement] INFO  server.RaftServerConfigKeys (ConfUtils.java:logGet(46)) - raft.server.threadpool.server.size = 0 (default)
2024-09-10 16:46:29,299 [f49a985e-efe9-405d-8922-13d0c1bb1d78-groupManagement] INFO  server.RaftServerConfigKeys (ConfUtils.java:logGet(46)) - raft.server.threadpool.client.cached = true (default)
2024-09-10 16:46:29,299 [f49a985e-efe9-405d-8922-13d0c1bb1d78-groupManagement] INFO  server.RaftServerConfigKeys (ConfUtils.java:logGet(46)) - raft.server.threadpool.client.size = 0 (default)
2024-09-10 16:46:29,299 [f49a985e-efe9-405d-8922-13d0c1bb1d78-groupManagement] INFO  server.RaftServerConfigKeys (ConfUtils.java:logGet(46)) - raft.server.storage.free-space.min = 0MB (=0) (default)
2024-09-10 16:46:29,300 [f49a985e-efe9-405d-8922-13d0c1bb1d78-groupManagement] INFO  server.RaftServerConfigKeys (ConfUtils.java:logGet(46)) - raft.server.log.corruption.policy = EXCEPTION (default)
2024-09-10 16:46:29,300 [f49a985e-efe9-405d-8922-13d0c1bb1d78-groupManagement] INFO  server.RaftServerConfigKeys (ConfUtils.java:logGet(46)) - raft.server.storage.dir = [/home/runner/work/ozone/ozone/hadoop-ozone/integration-test/target/test-dir/MiniOzoneClusterImpl-4ea98613-7ec2-40e8-bdf5-64593f2fdf96/ozone-meta/datanode-3/ratis] (custom)
2024-09-10 16:46:29,300 [f49a985e-efe9-405d-8922-13d0c1bb1d78-groupManagement] INFO  storage.RaftStorageDirectory (RaftStorageDirectoryImpl.java:analyzeStorage(138)) - The storage directory /home/runner/work/ozone/ozone/hadoop-ozone/integration-test/target/test-dir/MiniOzoneClusterImpl-4ea98613-7ec2-40e8-bdf5-64593f2fdf96/ozone-meta/datanode-3/ratis/41bac477-4634-43db-9c8d-c733a4596614 does not exist. Creating ...
2024-09-10 16:46:29,301 [f49a985e-efe9-405d-8922-13d0c1bb1d78-groupManagement] INFO  storage.RaftStorageDirectory (RaftStorageDirectoryImpl.java:tryLock(229)) - Lock on /home/runner/work/ozone/ozone/hadoop-ozone/integration-test/target/test-dir/MiniOzoneClusterImpl-4ea98613-7ec2-40e8-bdf5-64593f2fdf96/ozone-meta/datanode-3/ratis/41bac477-4634-43db-9c8d-c733a4596614/in_use.lock acquired by nodename 77969@fv-az1492-488
2024-09-10 16:46:29,302 [f49a985e-efe9-405d-8922-13d0c1bb1d78-groupManagement] INFO  storage.RaftStorage (RaftStorageImpl.java:format(98)) - Storage directory /home/runner/work/ozone/ozone/hadoop-ozone/integration-test/target/test-dir/MiniOzoneClusterImpl-4ea98613-7ec2-40e8-bdf5-64593f2fdf96/ozone-meta/datanode-3/ratis/41bac477-4634-43db-9c8d-c733a4596614 has been successfully formatted.
2024-09-10 16:46:29,302 [f49a985e-efe9-405d-8922-13d0c1bb1d78-groupManagement] INFO  ratis.ContainerStateMachine (ContainerStateMachine.java:loadSnapshot(295)) - group-C733A4596614: The snapshot info is null. Setting the last applied index to:(t:0, i:~)
2024-09-10 16:46:29,302 [f49a985e-efe9-405d-8922-13d0c1bb1d78-groupManagement] INFO  server.RaftServerConfigKeys (ConfUtils.java:logGet(46)) - raft.server.log.use.memory = false (default)
2024-09-10 16:46:29,303 [f49a985e-efe9-405d-8922-13d0c1bb1d78-groupManagement] INFO  server.RaftServerConfigKeys (ConfUtils.java:logGet(46)) - raft.server.log.purge.gap = 1000000 (custom)
2024-09-10 16:46:29,303 [f49a985e-efe9-405d-8922-13d0c1bb1d78-groupManagement] INFO  server.RaftServerConfigKeys (ConfUtils.java:logGet(46)) - raft.server.log.appender.buffer.byte-limit = 33554432 (custom)
2024-09-10 16:46:29,303 [f49a985e-efe9-405d-8922-13d0c1bb1d78-groupManagement] INFO  server.RaftServerConfigKeys (ConfUtils.java:logGet(46)) - raft.server.log.statemachine.data.read.timeout = 1000ms (default)
2024-09-10 16:46:29,303 [f49a985e-efe9-405d-8922-13d0c1bb1d78-groupManagement] INFO  server.RaftServerConfigKeys (ConfUtils.java:logGet(46)) - raft.server.log.purge.preservation.log.num = 0 (default)
2024-09-10 16:46:29,304 [f49a985e-efe9-405d-8922-13d0c1bb1d78-groupManagement] INFO  server.RaftServerConfigKeys (ConfUtils.java:logGet(46)) - raft.server.log.segment.size.max = 67108864 (custom)
2024-09-10 16:46:29,304 [f49a985e-efe9-405d-8922-13d0c1bb1d78-groupManagement] INFO  server.RaftServerConfigKeys (ConfUtils.java:logGet(46)) - raft.server.log.segment.cache.num.max = 2 (custom)
2024-09-10 16:46:29,304 [f49a985e-efe9-405d-8922-13d0c1bb1d78-groupManagement] INFO  server.RaftServerConfigKeys (ConfUtils.java:logGet(46)) - raft.server.log.segment.cache.size.max = 200MB (=209715200) (default)
2024-09-10 16:46:29,304 [f49a985e-efe9-405d-8922-13d0c1bb1d78-groupManagement] INFO  server.RaftServerConfigKeys (ConfUtils.java:logGet(46)) - raft.server.log.appender.buffer.byte-limit = 33554432 (custom)
2024-09-10 16:46:29,304 [f49a985e-efe9-405d-8922-13d0c1bb1d78-groupManagement] INFO  util.AwaitToRun (AwaitToRun.java:start(81)) - Thread[f49a985e-efe9-405d-8922-13d0c1bb1d78@group-C733A4596614-cacheEviction-AwaitToRun,5,main] started
2024-09-10 16:46:29,304 [f49a985e-efe9-405d-8922-13d0c1bb1d78-groupManagement] INFO  segmented.SegmentedRaftLogWorker (SegmentedRaftLogWorker.java:<init>(184)) - new f49a985e-efe9-405d-8922-13d0c1bb1d78@group-C733A4596614-SegmentedRaftLogWorker for RaftStorageImpl:Storage Directory /home/runner/work/ozone/ozone/hadoop-ozone/integration-test/target/test-dir/MiniOzoneClusterImpl-4ea98613-7ec2-40e8-bdf5-64593f2fdf96/ozone-meta/datanode-3/ratis/41bac477-4634-43db-9c8d-c733a4596614
2024-09-10 16:46:29,304 [f49a985e-efe9-405d-8922-13d0c1bb1d78-groupManagement] INFO  server.RaftServerConfigKeys (ConfUtils.java:logGet(46)) - raft.server.log.queue.byte-limit = 4294967296 (custom)
2024-09-10 16:46:29,304 [f49a985e-efe9-405d-8922-13d0c1bb1d78-groupManagement] INFO  server.RaftServerConfigKeys (ConfUtils.java:logGet(46)) - raft.server.log.queue.element-limit = 1024 (custom)
2024-09-10 16:46:29,305 [f49a985e-efe9-405d-8922-13d0c1bb1d78-groupManagement] INFO  server.RaftServerConfigKeys (ConfUtils.java:logGet(46)) - raft.server.log.segment.size.max = 67108864 (custom)
2024-09-10 16:46:29,305 [f49a985e-efe9-405d-8922-13d0c1bb1d78-groupManagement] INFO  server.RaftServerConfigKeys (ConfUtils.java:logGet(46)) - raft.server.log.preallocated.size = 4194304 (custom)
2024-09-10 16:46:29,305 [f49a985e-efe9-405d-8922-13d0c1bb1d78-groupManagement] INFO  server.RaftServerConfigKeys (ConfUtils.java:logGet(46)) - raft.server.log.force.sync.num = 128 (default)
2024-09-10 16:46:29,305 [f49a985e-efe9-405d-8922-13d0c1bb1d78-groupManagement] INFO  server.RaftServerConfigKeys (ConfUtils.java:logGet(46)) - raft.server.log.statemachine.data.sync = true (default)
2024-09-10 16:46:29,305 [f49a985e-efe9-405d-8922-13d0c1bb1d78-groupManagement] INFO  server.RaftServerConfigKeys (ConfUtils.java:logGet(46)) - raft.server.log.statemachine.data.sync.timeout = 10s (default)
2024-09-10 16:46:29,305 [f49a985e-efe9-405d-8922-13d0c1bb1d78-groupManagement] INFO  server.RaftServerConfigKeys (ConfUtils.java:logGet(46)) - raft.server.log.statemachine.data.sync.timeout.retry = 30 (custom)
2024-09-10 16:46:29,305 [f49a985e-efe9-405d-8922-13d0c1bb1d78-groupManagement] INFO  server.RaftServerConfigKeys (ConfUtils.java:logGet(46)) - raft.server.log.write.buffer.size = 33554440 (custom)
2024-09-10 16:46:29,310 [f49a985e-efe9-405d-8922-13d0c1bb1d78-groupManagement] INFO  server.RaftServerConfigKeys (ConfUtils.java:logGet(46)) - raft.server.log.appender.buffer.byte-limit = 33554432 (custom)
2024-09-10 16:46:29,310 [f49a985e-efe9-405d-8922-13d0c1bb1d78-groupManagement] INFO  server.RaftServerConfigKeys (ConfUtils.java:logGet(46)) - raft.server.log.unsafe-flush.enabled = false (default)
2024-09-10 16:46:29,310 [f49a985e-efe9-405d-8922-13d0c1bb1d78-groupManagement] INFO  server.RaftServerConfigKeys (ConfUtils.java:logGet(46)) - raft.server.log.async-flush.enabled = false (default)
2024-09-10 16:46:29,310 [f49a985e-efe9-405d-8922-13d0c1bb1d78-groupManagement] INFO  server.RaftServerConfigKeys (ConfUtils.java:logGet(46)) - raft.server.log.statemachine.data.caching.enabled = true (custom)
2024-09-10 16:46:29,310 [f49a985e-efe9-405d-8922-13d0c1bb1d78-groupManagement] INFO  segmented.SegmentedRaftLogWorker (SegmentedRaftLogWorker.java:lambda$new$0(135)) - f49a985e-efe9-405d-8922-13d0c1bb1d78@group-C733A4596614-SegmentedRaftLogWorker: flushIndex: setUnconditionally 0 -> -1
2024-09-10 16:46:29,311 [f49a985e-efe9-405d-8922-13d0c1bb1d78-groupManagement] INFO  segmented.SegmentedRaftLogWorker (SegmentedRaftLogWorker.java:lambda$new$0(135)) - f49a985e-efe9-405d-8922-13d0c1bb1d78@group-C733A4596614-SegmentedRaftLogWorker: safeCacheEvictIndex: setUnconditionally 0 -> -1
2024-09-10 16:46:29,311 [f49a985e-efe9-405d-8922-13d0c1bb1d78-groupManagement] INFO  server.RaftServer$Division (RaftServerImpl.java:start(389)) - f49a985e-efe9-405d-8922-13d0c1bb1d78@group-C733A4596614: start as a follower, conf=conf: {index: -1, cur=peers:[2330440b-2504-4263-b461-07f8c416a88f|127.0.0.1:15180, f49a985e-efe9-405d-8922-13d0c1bb1d78|127.0.0.1:15189, e5502358-b128-4a46-b87d-f44ed006f965|127.0.0.1:15171]|listeners:[], old=null}
2024-09-10 16:46:29,311 [f49a985e-efe9-405d-8922-13d0c1bb1d78-groupManagement] INFO  server.RaftServer$Division (RaftServerImpl.java:setRole(376)) - f49a985e-efe9-405d-8922-13d0c1bb1d78@group-C733A4596614: changes role from      null to FOLLOWER at term 0 for startAsFollower
2024-09-10 16:46:29,311 [f49a985e-efe9-405d-8922-13d0c1bb1d78-groupManagement] INFO  impl.RoleInfo (RoleInfo.java:updateAndGet(148)) - f49a985e-efe9-405d-8922-13d0c1bb1d78: start f49a985e-efe9-405d-8922-13d0c1bb1d78@group-C733A4596614-FollowerState
2024-09-10 16:46:29,311 [f49a985e-efe9-405d-8922-13d0c1bb1d78-groupManagement] INFO  util.JmxRegister (JmxRegister.java:tryRegister(44)) - Successfully registered JMX Bean with object name Ratis:service=RaftServer,group=group-C733A4596614,id=f49a985e-efe9-405d-8922-13d0c1bb1d78
2024-09-10 16:46:29,311 [f49a985e-efe9-405d-8922-13d0c1bb1d78-groupManagement] INFO  util.JmxRegister (JmxRegister.java:register(58)) - register mxBean class org.apache.ratis.server.impl.RaftServerJmxAdapter as Ratis:service=RaftServer,group=group-C733A4596614,id=f49a985e-efe9-405d-8922-13d0c1bb1d78
2024-09-10 16:46:29,311 [f49a985e-efe9-405d-8922-13d0c1bb1d78-groupManagement] INFO  server.RaftServerConfigKeys (ConfUtils.java:logGet(46)) - raft.server.snapshot.trigger-when-stop.enabled = true (default)
2024-09-10 16:46:29,311 [f49a985e-efe9-405d-8922-13d0c1bb1d78-groupManagement] INFO  server.RaftServerConfigKeys (ConfUtils.java:logGet(46)) - raft.server.snapshot.trigger-when-remove.enabled = true (default)
2024-09-10 16:46:29,311 [f49a985e-efe9-405d-8922-13d0c1bb1d78-groupManagement] INFO  server.RaftServerConfigKeys (ConfUtils.java:logGet(46)) - raft.server.snapshot.auto.trigger.enabled = true (custom)
2024-09-10 16:46:29,311 [f49a985e-efe9-405d-8922-13d0c1bb1d78-groupManagement] INFO  server.RaftServerConfigKeys (ConfUtils.java:logGet(46)) - raft.server.snapshot.auto.trigger.threshold = 10000 (custom)
2024-09-10 16:46:29,311 [f49a985e-efe9-405d-8922-13d0c1bb1d78-groupManagement] INFO  server.RaftServerConfigKeys (ConfUtils.java:logGet(46)) - raft.server.snapshot.retention.file.num = 5 (custom)
2024-09-10 16:46:29,311 [f49a985e-efe9-405d-8922-13d0c1bb1d78-groupManagement] INFO  server.RaftServerConfigKeys (ConfUtils.java:logGet(46)) - raft.server.log.purge.upto.snapshot.index = false (default)
2024-09-10 16:46:29,316 [f49a985e-efe9-405d-8922-13d0c1bb1d78@group-C733A4596614-FollowerState] INFO  server.RaftServerConfigKeys (ConfUtils.java:logFallback(53)) - raft.server.rpc.first-election.timeout.min = 5s (fallback to raft.server.rpc.timeout.min)
2024-09-10 16:46:29,316 [f49a985e-efe9-405d-8922-13d0c1bb1d78@group-C733A4596614-FollowerState] INFO  server.RaftServerConfigKeys (ConfUtils.java:logFallback(53)) - raft.server.rpc.first-election.timeout.max = 5200ms (fallback to raft.server.rpc.timeout.max)
2024-09-10 16:46:29,320 [grpc-default-executor-0] INFO  server.RaftServer (RaftServerProxy.java:addNew(101)) - 2330440b-2504-4263-b461-07f8c416a88f: addNew group-C733A4596614:[2330440b-2504-4263-b461-07f8c416a88f|127.0.0.1:15180, f49a985e-efe9-405d-8922-13d0c1bb1d78|127.0.0.1:15189, e5502358-b128-4a46-b87d-f44ed006f965|127.0.0.1:15171] returns group-C733A4596614:java.util.concurrent.CompletableFuture@4c7d0a1d[Not completed]
2024-09-10 16:46:29,321 [2330440b-2504-4263-b461-07f8c416a88f-groupManagement] INFO  server.RaftServer$Division (RaftServerImpl.java:<init>(253)) - 2330440b-2504-4263-b461-07f8c416a88f: new RaftServerImpl for group-C733A4596614:[2330440b-2504-4263-b461-07f8c416a88f|127.0.0.1:15180, f49a985e-efe9-405d-8922-13d0c1bb1d78|127.0.0.1:15189, e5502358-b128-4a46-b87d-f44ed006f965|127.0.0.1:15171] with ContainerStateMachine:uninitialized
2024-09-10 16:46:29,321 [2330440b-2504-4263-b461-07f8c416a88f-groupManagement] INFO  server.RaftServerConfigKeys (ConfUtils.java:logGet(46)) - raft.server.rpc.timeout.min = 5s (custom)
2024-09-10 16:46:29,321 [2330440b-2504-4263-b461-07f8c416a88f-groupManagement] INFO  server.RaftServerConfigKeys (ConfUtils.java:logGet(46)) - raft.server.rpc.timeout.max = 5200ms (custom)
2024-09-10 16:46:29,321 [2330440b-2504-4263-b461-07f8c416a88f-groupManagement] INFO  server.RaftServerConfigKeys (ConfUtils.java:logGet(46)) - raft.server.rpc.sleep.time = 25ms (default)
2024-09-10 16:46:29,321 [2330440b-2504-4263-b461-07f8c416a88f-groupManagement] INFO  server.RaftServerConfigKeys (ConfUtils.java:logGet(46)) - raft.server.rpc.slowness.timeout = 300000ms (custom)
2024-09-10 16:46:29,321 [2330440b-2504-4263-b461-07f8c416a88f-groupManagement] INFO  server.RaftServerConfigKeys (ConfUtils.java:logGet(46)) - raft.server.leaderelection.leader.step-down.wait-time = 10s (default)
2024-09-10 16:46:29,321 [2330440b-2504-4263-b461-07f8c416a88f-groupManagement] INFO  server.RaftServerConfigKeys (ConfUtils.java:logGet(46)) - raft.server.leaderelection.member.majority-add = false (default)
2024-09-10 16:46:29,321 [2330440b-2504-4263-b461-07f8c416a88f-groupManagement] INFO  server.RaftServerConfigKeys (ConfUtils.java:logGet(46)) - raft.server.sleep.deviation.threshold = 300ms (default)
2024-09-10 16:46:29,321 [2330440b-2504-4263-b461-07f8c416a88f-groupManagement] INFO  server.RaftServer$Division (ServerState.java:<init>(114)) - 2330440b-2504-4263-b461-07f8c416a88f@group-C733A4596614: ConfigurationManager, init=conf: {index: -1, cur=peers:[2330440b-2504-4263-b461-07f8c416a88f|127.0.0.1:15180, f49a985e-efe9-405d-8922-13d0c1bb1d78|127.0.0.1:15189, e5502358-b128-4a46-b87d-f44ed006f965|127.0.0.1:15171]|listeners:[], old=null}, confs=<EMPTY_MAP>
2024-09-10 16:46:29,321 [2330440b-2504-4263-b461-07f8c416a88f-groupManagement] INFO  server.RaftServerConfigKeys (ConfUtils.java:logGet(46)) - raft.server.notification.no-leader.timeout = 300000ms (custom)
2024-09-10 16:46:29,321 [2330440b-2504-4263-b461-07f8c416a88f-groupManagement] INFO  server.RaftServerConfigKeys (ConfUtils.java:logGet(46)) - raft.server.read.timeout = 10s (default)
2024-09-10 16:46:29,322 [2330440b-2504-4263-b461-07f8c416a88f-groupManagement] INFO  server.RaftServerConfigKeys (ConfUtils.java:logGet(46)) - raft.server.retrycache.expirytime = 600000ms (custom)
2024-09-10 16:46:29,322 [2330440b-2504-4263-b461-07f8c416a88f-groupManagement] INFO  server.RaftServerConfigKeys (ConfUtils.java:logGet(46)) - raft.server.retrycache.statistics.expirytime = 100ms (default)
2024-09-10 16:46:29,322 [2330440b-2504-4263-b461-07f8c416a88f-groupManagement] INFO  server.RaftServerConfigKeys (ConfUtils.java:logGet(46)) - raft.server.read.option = DEFAULT (default)
2024-09-10 16:46:29,322 [2330440b-2504-4263-b461-07f8c416a88f-groupManagement] INFO  server.RaftServerConfigKeys (ConfUtils.java:logGet(46)) - raft.server.read.read-after-write-consistent.write-index-cache.expiry-time = 60s (default)
2024-09-10 16:46:29,324 [2330440b-2504-4263-b461-07f8c416a88f-groupManagement] INFO  server.RaftServerConfigKeys (ConfUtils.java:logGet(46)) - raft.server.rpc.request.timeout = 3000ms (default)
2024-09-10 16:46:29,324 [2330440b-2504-4263-b461-07f8c416a88f-groupManagement] INFO  server.RaftServerConfigKeys (ConfUtils.java:logGet(46)) - raft.server.log.appender.install.snapshot.enabled = false (custom)
2024-09-10 16:46:29,324 [2330440b-2504-4263-b461-07f8c416a88f-groupManagement] INFO  server.RaftServerConfigKeys (ConfUtils.java:logGet(46)) - raft.server.threadpool.server.cached = true (default)
2024-09-10 16:46:29,324 [2330440b-2504-4263-b461-07f8c416a88f-groupManagement] INFO  server.RaftServerConfigKeys (ConfUtils.java:logGet(46)) - raft.server.threadpool.server.size = 0 (default)
2024-09-10 16:46:29,324 [2330440b-2504-4263-b461-07f8c416a88f-groupManagement] INFO  server.RaftServerConfigKeys (ConfUtils.java:logGet(46)) - raft.server.threadpool.client.cached = true (default)
2024-09-10 16:46:29,324 [2330440b-2504-4263-b461-07f8c416a88f-groupManagement] INFO  server.RaftServerConfigKeys (ConfUtils.java:logGet(46)) - raft.server.threadpool.client.size = 0 (default)
2024-09-10 16:46:29,325 [2330440b-2504-4263-b461-07f8c416a88f-groupManagement] INFO  server.RaftServerConfigKeys (ConfUtils.java:logGet(46)) - raft.server.storage.free-space.min = 0MB (=0) (default)
2024-09-10 16:46:29,325 [2330440b-2504-4263-b461-07f8c416a88f-groupManagement] INFO  server.RaftServerConfigKeys (ConfUtils.java:logGet(46)) - raft.server.log.corruption.policy = EXCEPTION (default)
2024-09-10 16:46:29,325 [2330440b-2504-4263-b461-07f8c416a88f-groupManagement] INFO  server.RaftServerConfigKeys (ConfUtils.java:logGet(46)) - raft.server.storage.dir = [/home/runner/work/ozone/ozone/hadoop-ozone/integration-test/target/test-dir/MiniOzoneClusterImpl-4ea98613-7ec2-40e8-bdf5-64593f2fdf96/ozone-meta/datanode-2/ratis] (custom)
2024-09-10 16:46:29,325 [2330440b-2504-4263-b461-07f8c416a88f-groupManagement] INFO  storage.RaftStorageDirectory (RaftStorageDirectoryImpl.java:analyzeStorage(138)) - The storage directory /home/runner/work/ozone/ozone/hadoop-ozone/integration-test/target/test-dir/MiniOzoneClusterImpl-4ea98613-7ec2-40e8-bdf5-64593f2fdf96/ozone-meta/datanode-2/ratis/41bac477-4634-43db-9c8d-c733a4596614 does not exist. Creating ...
2024-09-10 16:46:29,326 [2330440b-2504-4263-b461-07f8c416a88f-groupManagement] INFO  storage.RaftStorageDirectory (RaftStorageDirectoryImpl.java:tryLock(229)) - Lock on /home/runner/work/ozone/ozone/hadoop-ozone/integration-test/target/test-dir/MiniOzoneClusterImpl-4ea98613-7ec2-40e8-bdf5-64593f2fdf96/ozone-meta/datanode-2/ratis/41bac477-4634-43db-9c8d-c733a4596614/in_use.lock acquired by nodename 77969@fv-az1492-488
2024-09-10 16:46:29,327 [2330440b-2504-4263-b461-07f8c416a88f-groupManagement] INFO  storage.RaftStorage (RaftStorageImpl.java:format(98)) - Storage directory /home/runner/work/ozone/ozone/hadoop-ozone/integration-test/target/test-dir/MiniOzoneClusterImpl-4ea98613-7ec2-40e8-bdf5-64593f2fdf96/ozone-meta/datanode-2/ratis/41bac477-4634-43db-9c8d-c733a4596614 has been successfully formatted.
2024-09-10 16:46:29,327 [2330440b-2504-4263-b461-07f8c416a88f-groupManagement] INFO  ratis.ContainerStateMachine (ContainerStateMachine.java:loadSnapshot(295)) - group-C733A4596614: The snapshot info is null. Setting the last applied index to:(t:0, i:~)
2024-09-10 16:46:29,328 [2330440b-2504-4263-b461-07f8c416a88f-groupManagement] INFO  server.RaftServerConfigKeys (ConfUtils.java:logGet(46)) - raft.server.log.use.memory = false (default)
2024-09-10 16:46:29,328 [2330440b-2504-4263-b461-07f8c416a88f-groupManagement] INFO  server.RaftServerConfigKeys (ConfUtils.java:logGet(46)) - raft.server.log.purge.gap = 1000000 (custom)
2024-09-10 16:46:29,328 [2330440b-2504-4263-b461-07f8c416a88f-groupManagement] INFO  server.RaftServerConfigKeys (ConfUtils.java:logGet(46)) - raft.server.log.appender.buffer.byte-limit = 33554432 (custom)
2024-09-10 16:46:29,328 [2330440b-2504-4263-b461-07f8c416a88f-groupManagement] INFO  server.RaftServerConfigKeys (ConfUtils.java:logGet(46)) - raft.server.log.statemachine.data.read.timeout = 1000ms (default)
2024-09-10 16:46:29,328 [2330440b-2504-4263-b461-07f8c416a88f-groupManagement] INFO  server.RaftServerConfigKeys (ConfUtils.java:logGet(46)) - raft.server.log.purge.preservation.log.num = 0 (default)
2024-09-10 16:46:29,329 [2330440b-2504-4263-b461-07f8c416a88f-groupManagement] INFO  server.RaftServerConfigKeys (ConfUtils.java:logGet(46)) - raft.server.log.segment.size.max = 67108864 (custom)
2024-09-10 16:46:29,330 [2330440b-2504-4263-b461-07f8c416a88f-groupManagement] INFO  server.RaftServerConfigKeys (ConfUtils.java:logGet(46)) - raft.server.log.segment.cache.num.max = 2 (custom)
2024-09-10 16:46:29,330 [2330440b-2504-4263-b461-07f8c416a88f-groupManagement] INFO  server.RaftServerConfigKeys (ConfUtils.java:logGet(46)) - raft.server.log.segment.cache.size.max = 200MB (=209715200) (default)
2024-09-10 16:46:29,330 [2330440b-2504-4263-b461-07f8c416a88f-groupManagement] INFO  server.RaftServerConfigKeys (ConfUtils.java:logGet(46)) - raft.server.log.appender.buffer.byte-limit = 33554432 (custom)
2024-09-10 16:46:29,330 [2330440b-2504-4263-b461-07f8c416a88f-groupManagement] INFO  util.AwaitToRun (AwaitToRun.java:start(81)) - Thread[2330440b-2504-4263-b461-07f8c416a88f@group-C733A4596614-cacheEviction-AwaitToRun,5,main] started
2024-09-10 16:46:29,330 [2330440b-2504-4263-b461-07f8c416a88f-groupManagement] INFO  segmented.SegmentedRaftLogWorker (SegmentedRaftLogWorker.java:<init>(184)) - new 2330440b-2504-4263-b461-07f8c416a88f@group-C733A4596614-SegmentedRaftLogWorker for RaftStorageImpl:Storage Directory /home/runner/work/ozone/ozone/hadoop-ozone/integration-test/target/test-dir/MiniOzoneClusterImpl-4ea98613-7ec2-40e8-bdf5-64593f2fdf96/ozone-meta/datanode-2/ratis/41bac477-4634-43db-9c8d-c733a4596614
2024-09-10 16:46:29,330 [2330440b-2504-4263-b461-07f8c416a88f-groupManagement] INFO  server.RaftServerConfigKeys (ConfUtils.java:logGet(46)) - raft.server.log.queue.byte-limit = 4294967296 (custom)
2024-09-10 16:46:29,330 [2330440b-2504-4263-b461-07f8c416a88f-groupManagement] INFO  server.RaftServerConfigKeys (ConfUtils.java:logGet(46)) - raft.server.log.queue.element-limit = 1024 (custom)
2024-09-10 16:46:29,330 [2330440b-2504-4263-b461-07f8c416a88f-groupManagement] INFO  server.RaftServerConfigKeys (ConfUtils.java:logGet(46)) - raft.server.log.segment.size.max = 67108864 (custom)
2024-09-10 16:46:29,330 [2330440b-2504-4263-b461-07f8c416a88f-groupManagement] INFO  server.RaftServerConfigKeys (ConfUtils.java:logGet(46)) - raft.server.log.preallocated.size = 4194304 (custom)
2024-09-10 16:46:29,330 [2330440b-2504-4263-b461-07f8c416a88f-groupManagement] INFO  server.RaftServerConfigKeys (ConfUtils.java:logGet(46)) - raft.server.log.force.sync.num = 128 (default)
2024-09-10 16:46:29,330 [2330440b-2504-4263-b461-07f8c416a88f-groupManagement] INFO  server.RaftServerConfigKeys (ConfUtils.java:logGet(46)) - raft.server.log.statemachine.data.sync = true (default)
2024-09-10 16:46:29,330 [2330440b-2504-4263-b461-07f8c416a88f-groupManagement] INFO  server.RaftServerConfigKeys (ConfUtils.java:logGet(46)) - raft.server.log.statemachine.data.sync.timeout = 10s (default)
2024-09-10 16:46:29,330 [2330440b-2504-4263-b461-07f8c416a88f-groupManagement] INFO  server.RaftServerConfigKeys (ConfUtils.java:logGet(46)) - raft.server.log.statemachine.data.sync.timeout.retry = 30 (custom)
2024-09-10 16:46:29,331 [2330440b-2504-4263-b461-07f8c416a88f-groupManagement] INFO  server.RaftServerConfigKeys (ConfUtils.java:logGet(46)) - raft.server.log.write.buffer.size = 33554440 (custom)
2024-09-10 16:46:29,336 [2330440b-2504-4263-b461-07f8c416a88f-groupManagement] INFO  server.RaftServerConfigKeys (ConfUtils.java:logGet(46)) - raft.server.log.appender.buffer.byte-limit = 33554432 (custom)
2024-09-10 16:46:29,336 [2330440b-2504-4263-b461-07f8c416a88f-groupManagement] INFO  server.RaftServerConfigKeys (ConfUtils.java:logGet(46)) - raft.server.log.unsafe-flush.enabled = false (default)
2024-09-10 16:46:29,336 [2330440b-2504-4263-b461-07f8c416a88f-groupManagement] INFO  server.RaftServerConfigKeys (ConfUtils.java:logGet(46)) - raft.server.log.async-flush.enabled = false (default)
2024-09-10 16:46:29,336 [2330440b-2504-4263-b461-07f8c416a88f-groupManagement] INFO  server.RaftServerConfigKeys (ConfUtils.java:logGet(46)) - raft.server.log.statemachine.data.caching.enabled = true (custom)
2024-09-10 16:46:29,336 [2330440b-2504-4263-b461-07f8c416a88f-groupManagement] INFO  segmented.SegmentedRaftLogWorker (SegmentedRaftLogWorker.java:lambda$new$0(135)) - 2330440b-2504-4263-b461-07f8c416a88f@group-C733A4596614-SegmentedRaftLogWorker: flushIndex: setUnconditionally 0 -> -1
2024-09-10 16:46:29,336 [2330440b-2504-4263-b461-07f8c416a88f-groupManagement] INFO  segmented.SegmentedRaftLogWorker (SegmentedRaftLogWorker.java:lambda$new$0(135)) - 2330440b-2504-4263-b461-07f8c416a88f@group-C733A4596614-SegmentedRaftLogWorker: safeCacheEvictIndex: setUnconditionally 0 -> -1
2024-09-10 16:46:29,337 [2330440b-2504-4263-b461-07f8c416a88f-groupManagement] INFO  server.RaftServer$Division (RaftServerImpl.java:start(389)) - 2330440b-2504-4263-b461-07f8c416a88f@group-C733A4596614: start as a follower, conf=conf: {index: -1, cur=peers:[2330440b-2504-4263-b461-07f8c416a88f|127.0.0.1:15180, f49a985e-efe9-405d-8922-13d0c1bb1d78|127.0.0.1:15189, e5502358-b128-4a46-b87d-f44ed006f965|127.0.0.1:15171]|listeners:[], old=null}
2024-09-10 16:46:29,337 [2330440b-2504-4263-b461-07f8c416a88f-groupManagement] INFO  server.RaftServer$Division (RaftServerImpl.java:setRole(376)) - 2330440b-2504-4263-b461-07f8c416a88f@group-C733A4596614: changes role from      null to FOLLOWER at term 0 for startAsFollower
2024-09-10 16:46:29,337 [2330440b-2504-4263-b461-07f8c416a88f-groupManagement] INFO  impl.RoleInfo (RoleInfo.java:updateAndGet(148)) - 2330440b-2504-4263-b461-07f8c416a88f: start 2330440b-2504-4263-b461-07f8c416a88f@group-C733A4596614-FollowerState
2024-09-10 16:46:29,338 [2330440b-2504-4263-b461-07f8c416a88f-PipelineCommandHandlerThread-0] INFO  server.RaftServer (RaftServerProxy.java:addNew(101)) - 2330440b-2504-4263-b461-07f8c416a88f: addNew group-B172C2EB6515:[2330440b-2504-4263-b461-07f8c416a88f|127.0.0.1:15180] returns group-B172C2EB6515:java.util.concurrent.CompletableFuture@10397738[Not completed]
2024-09-10 16:46:29,340 [2330440b-2504-4263-b461-07f8c416a88f-groupManagement] INFO  util.JmxRegister (JmxRegister.java:tryRegister(44)) - Successfully registered JMX Bean with object name Ratis:service=RaftServer,group=group-C733A4596614,id=2330440b-2504-4263-b461-07f8c416a88f
2024-09-10 16:46:29,340 [2330440b-2504-4263-b461-07f8c416a88f-groupManagement] INFO  util.JmxRegister (JmxRegister.java:register(58)) - register mxBean class org.apache.ratis.server.impl.RaftServerJmxAdapter as Ratis:service=RaftServer,group=group-C733A4596614,id=2330440b-2504-4263-b461-07f8c416a88f
2024-09-10 16:46:29,340 [2330440b-2504-4263-b461-07f8c416a88f-groupManagement] INFO  server.RaftServerConfigKeys (ConfUtils.java:logGet(46)) - raft.server.snapshot.trigger-when-stop.enabled = true (default)
2024-09-10 16:46:29,340 [2330440b-2504-4263-b461-07f8c416a88f-groupManagement] INFO  server.RaftServerConfigKeys (ConfUtils.java:logGet(46)) - raft.server.snapshot.trigger-when-remove.enabled = true (default)
2024-09-10 16:46:29,340 [2330440b-2504-4263-b461-07f8c416a88f-groupManagement] INFO  server.RaftServerConfigKeys (ConfUtils.java:logGet(46)) - raft.server.snapshot.auto.trigger.enabled = true (custom)
2024-09-10 16:46:29,340 [2330440b-2504-4263-b461-07f8c416a88f-groupManagement] INFO  server.RaftServerConfigKeys (ConfUtils.java:logGet(46)) - raft.server.snapshot.auto.trigger.threshold = 10000 (custom)
2024-09-10 16:46:29,340 [2330440b-2504-4263-b461-07f8c416a88f-groupManagement] INFO  server.RaftServerConfigKeys (ConfUtils.java:logGet(46)) - raft.server.snapshot.retention.file.num = 5 (custom)
2024-09-10 16:46:29,340 [2330440b-2504-4263-b461-07f8c416a88f-groupManagement] INFO  server.RaftServerConfigKeys (ConfUtils.java:logGet(46)) - raft.server.log.purge.upto.snapshot.index = false (default)
2024-09-10 16:46:29,342 [2330440b-2504-4263-b461-07f8c416a88f-groupManagement] INFO  server.RaftServer$Division (RaftServerImpl.java:<init>(253)) - 2330440b-2504-4263-b461-07f8c416a88f: new RaftServerImpl for group-B172C2EB6515:[2330440b-2504-4263-b461-07f8c416a88f|127.0.0.1:15180] with ContainerStateMachine:uninitialized
2024-09-10 16:46:29,342 [2330440b-2504-4263-b461-07f8c416a88f-groupManagement] INFO  server.RaftServerConfigKeys (ConfUtils.java:logGet(46)) - raft.server.rpc.timeout.min = 5s (custom)
2024-09-10 16:46:29,342 [2330440b-2504-4263-b461-07f8c416a88f-groupManagement] INFO  server.RaftServerConfigKeys (ConfUtils.java:logGet(46)) - raft.server.rpc.timeout.max = 5200ms (custom)
2024-09-10 16:46:29,342 [2330440b-2504-4263-b461-07f8c416a88f-groupManagement] INFO  server.RaftServerConfigKeys (ConfUtils.java:logGet(46)) - raft.server.rpc.sleep.time = 25ms (default)
2024-09-10 16:46:29,342 [2330440b-2504-4263-b461-07f8c416a88f-groupManagement] INFO  server.RaftServerConfigKeys (ConfUtils.java:logGet(46)) - raft.server.rpc.slowness.timeout = 300000ms (custom)
2024-09-10 16:46:29,342 [2330440b-2504-4263-b461-07f8c416a88f-groupManagement] INFO  server.RaftServerConfigKeys (ConfUtils.java:logGet(46)) - raft.server.leaderelection.leader.step-down.wait-time = 10s (default)
2024-09-10 16:46:29,342 [2330440b-2504-4263-b461-07f8c416a88f-groupManagement] INFO  server.RaftServerConfigKeys (ConfUtils.java:logGet(46)) - raft.server.leaderelection.member.majority-add = false (default)
2024-09-10 16:46:29,342 [2330440b-2504-4263-b461-07f8c416a88f-groupManagement] INFO  server.RaftServerConfigKeys (ConfUtils.java:logGet(46)) - raft.server.sleep.deviation.threshold = 300ms (default)
2024-09-10 16:46:29,342 [2330440b-2504-4263-b461-07f8c416a88f-groupManagement] INFO  server.RaftServer$Division (ServerState.java:<init>(114)) - 2330440b-2504-4263-b461-07f8c416a88f@group-B172C2EB6515: ConfigurationManager, init=conf: {index: -1, cur=peers:[2330440b-2504-4263-b461-07f8c416a88f|127.0.0.1:15180]|listeners:[], old=null}, confs=<EMPTY_MAP>
2024-09-10 16:46:29,342 [2330440b-2504-4263-b461-07f8c416a88f-groupManagement] INFO  server.RaftServerConfigKeys (ConfUtils.java:logGet(46)) - raft.server.notification.no-leader.timeout = 300000ms (custom)
2024-09-10 16:46:29,342 [2330440b-2504-4263-b461-07f8c416a88f-groupManagement] INFO  server.RaftServerConfigKeys (ConfUtils.java:logGet(46)) - raft.server.read.timeout = 10s (default)
2024-09-10 16:46:29,342 [2330440b-2504-4263-b461-07f8c416a88f-groupManagement] INFO  server.RaftServerConfigKeys (ConfUtils.java:logGet(46)) - raft.server.retrycache.expirytime = 600000ms (custom)
2024-09-10 16:46:29,342 [2330440b-2504-4263-b461-07f8c416a88f-groupManagement] INFO  server.RaftServerConfigKeys (ConfUtils.java:logGet(46)) - raft.server.retrycache.statistics.expirytime = 100ms (default)
2024-09-10 16:46:29,343 [2330440b-2504-4263-b461-07f8c416a88f-groupManagement] INFO  server.RaftServerConfigKeys (ConfUtils.java:logGet(46)) - raft.server.read.option = DEFAULT (default)
2024-09-10 16:46:29,343 [2330440b-2504-4263-b461-07f8c416a88f-groupManagement] INFO  server.RaftServerConfigKeys (ConfUtils.java:logGet(46)) - raft.server.read.read-after-write-consistent.write-index-cache.expiry-time = 60s (default)
2024-09-10 16:46:29,345 [e5502358-b128-4a46-b87d-f44ed006f965-PipelineCommandHandlerThread-0] INFO  commandhandler.CreatePipelineCommandHandler (CreatePipelineCommandHandler.java:lambda$handle$2(124)) - Created Pipeline RATIS THREE PipelineID=41bac477-4634-43db-9c8d-c733a4596614.
2024-09-10 16:46:29,346 [2330440b-2504-4263-b461-07f8c416a88f-groupManagement] INFO  server.RaftServerConfigKeys (ConfUtils.java:logGet(46)) - raft.server.rpc.request.timeout = 3000ms (default)
2024-09-10 16:46:29,346 [2330440b-2504-4263-b461-07f8c416a88f-groupManagement] INFO  server.RaftServerConfigKeys (ConfUtils.java:logGet(46)) - raft.server.log.appender.install.snapshot.enabled = false (custom)
2024-09-10 16:46:29,346 [2330440b-2504-4263-b461-07f8c416a88f-groupManagement] INFO  server.RaftServerConfigKeys (ConfUtils.java:logGet(46)) - raft.server.threadpool.server.cached = true (default)
2024-09-10 16:46:29,346 [2330440b-2504-4263-b461-07f8c416a88f-groupManagement] INFO  server.RaftServerConfigKeys (ConfUtils.java:logGet(46)) - raft.server.threadpool.server.size = 0 (default)
2024-09-10 16:46:29,346 [2330440b-2504-4263-b461-07f8c416a88f-groupManagement] INFO  server.RaftServerConfigKeys (ConfUtils.java:logGet(46)) - raft.server.threadpool.client.cached = true (default)
2024-09-10 16:46:29,346 [2330440b-2504-4263-b461-07f8c416a88f-groupManagement] INFO  server.RaftServerConfigKeys (ConfUtils.java:logGet(46)) - raft.server.threadpool.client.size = 0 (default)
2024-09-10 16:46:29,346 [2330440b-2504-4263-b461-07f8c416a88f-groupManagement] INFO  server.RaftServerConfigKeys (ConfUtils.java:logGet(46)) - raft.server.storage.free-space.min = 0MB (=0) (default)
2024-09-10 16:46:29,346 [2330440b-2504-4263-b461-07f8c416a88f-groupManagement] INFO  server.RaftServerConfigKeys (ConfUtils.java:logGet(46)) - raft.server.log.corruption.policy = EXCEPTION (default)
2024-09-10 16:46:29,346 [2330440b-2504-4263-b461-07f8c416a88f-groupManagement] INFO  server.RaftServerConfigKeys (ConfUtils.java:logGet(46)) - raft.server.storage.dir = [/home/runner/work/ozone/ozone/hadoop-ozone/integration-test/target/test-dir/MiniOzoneClusterImpl-4ea98613-7ec2-40e8-bdf5-64593f2fdf96/ozone-meta/datanode-2/ratis] (custom)
2024-09-10 16:46:29,347 [2330440b-2504-4263-b461-07f8c416a88f-groupManagement] INFO  storage.RaftStorageDirectory (RaftStorageDirectoryImpl.java:analyzeStorage(138)) - The storage directory /home/runner/work/ozone/ozone/hadoop-ozone/integration-test/target/test-dir/MiniOzoneClusterImpl-4ea98613-7ec2-40e8-bdf5-64593f2fdf96/ozone-meta/datanode-2/ratis/f898d4e5-ee40-457b-b42b-b172c2eb6515 does not exist. Creating ...
2024-09-10 16:46:29,347 [2330440b-2504-4263-b461-07f8c416a88f@group-C733A4596614-FollowerState] INFO  server.RaftServerConfigKeys (ConfUtils.java:logFallback(53)) - raft.server.rpc.first-election.timeout.min = 5s (fallback to raft.server.rpc.timeout.min)
2024-09-10 16:46:29,347 [2330440b-2504-4263-b461-07f8c416a88f@group-C733A4596614-FollowerState] INFO  server.RaftServerConfigKeys (ConfUtils.java:logFallback(53)) - raft.server.rpc.first-election.timeout.max = 5200ms (fallback to raft.server.rpc.timeout.max)
2024-09-10 16:46:29,347 [2330440b-2504-4263-b461-07f8c416a88f-groupManagement] INFO  storage.RaftStorageDirectory (RaftStorageDirectoryImpl.java:tryLock(229)) - Lock on /home/runner/work/ozone/ozone/hadoop-ozone/integration-test/target/test-dir/MiniOzoneClusterImpl-4ea98613-7ec2-40e8-bdf5-64593f2fdf96/ozone-meta/datanode-2/ratis/f898d4e5-ee40-457b-b42b-b172c2eb6515/in_use.lock acquired by nodename 77969@fv-az1492-488
2024-09-10 16:46:29,349 [2330440b-2504-4263-b461-07f8c416a88f-groupManagement] INFO  storage.RaftStorage (RaftStorageImpl.java:format(98)) - Storage directory /home/runner/work/ozone/ozone/hadoop-ozone/integration-test/target/test-dir/MiniOzoneClusterImpl-4ea98613-7ec2-40e8-bdf5-64593f2fdf96/ozone-meta/datanode-2/ratis/f898d4e5-ee40-457b-b42b-b172c2eb6515 has been successfully formatted.
2024-09-10 16:46:29,349 [2330440b-2504-4263-b461-07f8c416a88f-groupManagement] INFO  ratis.ContainerStateMachine (ContainerStateMachine.java:loadSnapshot(295)) - group-B172C2EB6515: The snapshot info is null. Setting the last applied index to:(t:0, i:~)
2024-09-10 16:46:29,349 [2330440b-2504-4263-b461-07f8c416a88f-groupManagement] INFO  server.RaftServerConfigKeys (ConfUtils.java:logGet(46)) - raft.server.log.use.memory = false (default)
2024-09-10 16:46:29,349 [2330440b-2504-4263-b461-07f8c416a88f-groupManagement] INFO  server.RaftServerConfigKeys (ConfUtils.java:logGet(46)) - raft.server.log.purge.gap = 1000000 (custom)
2024-09-10 16:46:29,349 [2330440b-2504-4263-b461-07f8c416a88f-groupManagement] INFO  server.RaftServerConfigKeys (ConfUtils.java:logGet(46)) - raft.server.log.appender.buffer.byte-limit = 33554432 (custom)
2024-09-10 16:46:29,349 [2330440b-2504-4263-b461-07f8c416a88f-groupManagement] INFO  server.RaftServerConfigKeys (ConfUtils.java:logGet(46)) - raft.server.log.statemachine.data.read.timeout = 1000ms (default)
2024-09-10 16:46:29,349 [2330440b-2504-4263-b461-07f8c416a88f-groupManagement] INFO  server.RaftServerConfigKeys (ConfUtils.java:logGet(46)) - raft.server.log.purge.preservation.log.num = 0 (default)
2024-09-10 16:46:29,350 [2330440b-2504-4263-b461-07f8c416a88f-groupManagement] INFO  server.RaftServerConfigKeys (ConfUtils.java:logGet(46)) - raft.server.log.segment.size.max = 67108864 (custom)
2024-09-10 16:46:29,350 [2330440b-2504-4263-b461-07f8c416a88f-groupManagement] INFO  server.RaftServerConfigKeys (ConfUtils.java:logGet(46)) - raft.server.log.segment.cache.num.max = 2 (custom)
2024-09-10 16:46:29,351 [2330440b-2504-4263-b461-07f8c416a88f-groupManagement] INFO  server.RaftServerConfigKeys (ConfUtils.java:logGet(46)) - raft.server.log.segment.cache.size.max = 200MB (=209715200) (default)
2024-09-10 16:46:29,351 [2330440b-2504-4263-b461-07f8c416a88f-groupManagement] INFO  server.RaftServerConfigKeys (ConfUtils.java:logGet(46)) - raft.server.log.appender.buffer.byte-limit = 33554432 (custom)
2024-09-10 16:46:29,351 [EventQueue-PipelineReportForPipelineReportHandler] INFO  pipeline.PipelineReportHandler (PipelineReportHandler.java:processPipelineReport(136)) - Opened pipeline PipelineID=f898d4e5-ee40-457b-b42b-b172c2eb6515
2024-09-10 16:46:29,351 [EventQueue-OpenPipelineForHealthyPipelineSafeModeRule] INFO  safemode.SCMSafeModeManager (HealthyPipelineSafeModeRule.java:process(140)) - SCM in safe mode. Healthy pipelines reported count is 0, required healthy pipeline reported count is 1
2024-09-10 16:46:29,351 [2330440b-2504-4263-b461-07f8c416a88f-groupManagement] INFO  util.AwaitToRun (AwaitToRun.java:start(81)) - Thread[2330440b-2504-4263-b461-07f8c416a88f@group-B172C2EB6515-cacheEviction-AwaitToRun,5,main] started
2024-09-10 16:46:29,351 [2330440b-2504-4263-b461-07f8c416a88f-groupManagement] INFO  segmented.SegmentedRaftLogWorker (SegmentedRaftLogWorker.java:<init>(184)) - new 2330440b-2504-4263-b461-07f8c416a88f@group-B172C2EB6515-SegmentedRaftLogWorker for RaftStorageImpl:Storage Directory /home/runner/work/ozone/ozone/hadoop-ozone/integration-test/target/test-dir/MiniOzoneClusterImpl-4ea98613-7ec2-40e8-bdf5-64593f2fdf96/ozone-meta/datanode-2/ratis/f898d4e5-ee40-457b-b42b-b172c2eb6515
2024-09-10 16:46:29,351 [2330440b-2504-4263-b461-07f8c416a88f-groupManagement] INFO  server.RaftServerConfigKeys (ConfUtils.java:logGet(46)) - raft.server.log.queue.byte-limit = 4294967296 (custom)
2024-09-10 16:46:29,351 [2330440b-2504-4263-b461-07f8c416a88f-groupManagement] INFO  server.RaftServerConfigKeys (ConfUtils.java:logGet(46)) - raft.server.log.queue.element-limit = 1024 (custom)
2024-09-10 16:46:29,351 [2330440b-2504-4263-b461-07f8c416a88f-groupManagement] INFO  server.RaftServerConfigKeys (ConfUtils.java:logGet(46)) - raft.server.log.segment.size.max = 67108864 (custom)
2024-09-10 16:46:29,351 [2330440b-2504-4263-b461-07f8c416a88f-groupManagement] INFO  server.RaftServerConfigKeys (ConfUtils.java:logGet(46)) - raft.server.log.preallocated.size = 4194304 (custom)
2024-09-10 16:46:29,351 [2330440b-2504-4263-b461-07f8c416a88f-groupManagement] INFO  server.RaftServerConfigKeys (ConfUtils.java:logGet(46)) - raft.server.log.force.sync.num = 128 (default)
2024-09-10 16:46:29,352 [2330440b-2504-4263-b461-07f8c416a88f-groupManagement] INFO  server.RaftServerConfigKeys (ConfUtils.java:logGet(46)) - raft.server.log.statemachine.data.sync = true (default)
2024-09-10 16:46:29,352 [2330440b-2504-4263-b461-07f8c416a88f-groupManagement] INFO  server.RaftServerConfigKeys (ConfUtils.java:logGet(46)) - raft.server.log.statemachine.data.sync.timeout = 10s (default)
2024-09-10 16:46:29,352 [2330440b-2504-4263-b461-07f8c416a88f-groupManagement] INFO  server.RaftServerConfigKeys (ConfUtils.java:logGet(46)) - raft.server.log.statemachine.data.sync.timeout.retry = 30 (custom)
2024-09-10 16:46:29,352 [2330440b-2504-4263-b461-07f8c416a88f-groupManagement] INFO  server.RaftServerConfigKeys (ConfUtils.java:logGet(46)) - raft.server.log.write.buffer.size = 33554440 (custom)
2024-09-10 16:46:29,357 [2330440b-2504-4263-b461-07f8c416a88f-groupManagement] INFO  server.RaftServerConfigKeys (ConfUtils.java:logGet(46)) - raft.server.log.appender.buffer.byte-limit = 33554432 (custom)
2024-09-10 16:46:29,358 [2330440b-2504-4263-b461-07f8c416a88f-groupManagement] INFO  server.RaftServerConfigKeys (ConfUtils.java:logGet(46)) - raft.server.log.unsafe-flush.enabled = false (default)
2024-09-10 16:46:29,358 [2330440b-2504-4263-b461-07f8c416a88f-groupManagement] INFO  server.RaftServerConfigKeys (ConfUtils.java:logGet(46)) - raft.server.log.async-flush.enabled = false (default)
2024-09-10 16:46:29,358 [2330440b-2504-4263-b461-07f8c416a88f-groupManagement] INFO  server.RaftServerConfigKeys (ConfUtils.java:logGet(46)) - raft.server.log.statemachine.data.caching.enabled = true (custom)
2024-09-10 16:46:29,358 [2330440b-2504-4263-b461-07f8c416a88f-groupManagement] INFO  segmented.SegmentedRaftLogWorker (SegmentedRaftLogWorker.java:lambda$new$0(135)) - 2330440b-2504-4263-b461-07f8c416a88f@group-B172C2EB6515-SegmentedRaftLogWorker: flushIndex: setUnconditionally 0 -> -1
2024-09-10 16:46:29,358 [2330440b-2504-4263-b461-07f8c416a88f-groupManagement] INFO  segmented.SegmentedRaftLogWorker (SegmentedRaftLogWorker.java:lambda$new$0(135)) - 2330440b-2504-4263-b461-07f8c416a88f@group-B172C2EB6515-SegmentedRaftLogWorker: safeCacheEvictIndex: setUnconditionally 0 -> -1
2024-09-10 16:46:29,358 [2330440b-2504-4263-b461-07f8c416a88f-groupManagement] INFO  server.RaftServer$Division (RaftServerImpl.java:start(389)) - 2330440b-2504-4263-b461-07f8c416a88f@group-B172C2EB6515: start as a follower, conf=conf: {index: -1, cur=peers:[2330440b-2504-4263-b461-07f8c416a88f|127.0.0.1:15180]|listeners:[], old=null}
2024-09-10 16:46:29,358 [2330440b-2504-4263-b461-07f8c416a88f-groupManagement] INFO  server.RaftServer$Division (RaftServerImpl.java:setRole(376)) - 2330440b-2504-4263-b461-07f8c416a88f@group-B172C2EB6515: changes role from      null to FOLLOWER at term 0 for startAsFollower
2024-09-10 16:46:29,359 [2330440b-2504-4263-b461-07f8c416a88f-groupManagement] INFO  impl.RoleInfo (RoleInfo.java:updateAndGet(148)) - 2330440b-2504-4263-b461-07f8c416a88f: start 2330440b-2504-4263-b461-07f8c416a88f@group-B172C2EB6515-FollowerState
2024-09-10 16:46:29,359 [2330440b-2504-4263-b461-07f8c416a88f-groupManagement] INFO  util.JmxRegister (JmxRegister.java:tryRegister(44)) - Successfully registered JMX Bean with object name Ratis:service=RaftServer,group=group-B172C2EB6515,id=2330440b-2504-4263-b461-07f8c416a88f
2024-09-10 16:46:29,359 [2330440b-2504-4263-b461-07f8c416a88f-groupManagement] INFO  util.JmxRegister (JmxRegister.java:register(58)) - register mxBean class org.apache.ratis.server.impl.RaftServerJmxAdapter as Ratis:service=RaftServer,group=group-B172C2EB6515,id=2330440b-2504-4263-b461-07f8c416a88f
2024-09-10 16:46:29,359 [2330440b-2504-4263-b461-07f8c416a88f-groupManagement] INFO  server.RaftServerConfigKeys (ConfUtils.java:logGet(46)) - raft.server.snapshot.trigger-when-stop.enabled = true (default)
2024-09-10 16:46:29,359 [2330440b-2504-4263-b461-07f8c416a88f-groupManagement] INFO  server.RaftServerConfigKeys (ConfUtils.java:logGet(46)) - raft.server.snapshot.trigger-when-remove.enabled = true (default)
2024-09-10 16:46:29,359 [2330440b-2504-4263-b461-07f8c416a88f-groupManagement] INFO  server.RaftServerConfigKeys (ConfUtils.java:logGet(46)) - raft.server.snapshot.auto.trigger.enabled = true (custom)
2024-09-10 16:46:29,359 [2330440b-2504-4263-b461-07f8c416a88f-groupManagement] INFO  server.RaftServerConfigKeys (ConfUtils.java:logGet(46)) - raft.server.snapshot.auto.trigger.threshold = 10000 (custom)
2024-09-10 16:46:29,359 [2330440b-2504-4263-b461-07f8c416a88f-groupManagement] INFO  server.RaftServerConfigKeys (ConfUtils.java:logGet(46)) - raft.server.snapshot.retention.file.num = 5 (custom)
2024-09-10 16:46:29,359 [2330440b-2504-4263-b461-07f8c416a88f-groupManagement] INFO  server.RaftServerConfigKeys (ConfUtils.java:logGet(46)) - raft.server.log.purge.upto.snapshot.index = false (default)
2024-09-10 16:46:29,360 [2330440b-2504-4263-b461-07f8c416a88f@group-B172C2EB6515-FollowerState] INFO  server.RaftServerConfigKeys (ConfUtils.java:logFallback(53)) - raft.server.rpc.first-election.timeout.min = 5s (fallback to raft.server.rpc.timeout.min)
2024-09-10 16:46:29,360 [2330440b-2504-4263-b461-07f8c416a88f@group-B172C2EB6515-FollowerState] INFO  server.RaftServerConfigKeys (ConfUtils.java:logFallback(53)) - raft.server.rpc.first-election.timeout.max = 5200ms (fallback to raft.server.rpc.timeout.max)
2024-09-10 16:46:29,361 [2330440b-2504-4263-b461-07f8c416a88f-PipelineCommandHandlerThread-0] INFO  ratis.XceiverServerRatis (XceiverServerRatis.java:addGroup(849)) - Created group PipelineID=f898d4e5-ee40-457b-b42b-b172c2eb6515
2024-09-10 16:46:29,361 [2330440b-2504-4263-b461-07f8c416a88f-PipelineCommandHandlerThread-0] INFO  commandhandler.CreatePipelineCommandHandler (CreatePipelineCommandHandler.java:lambda$handle$2(124)) - Created Pipeline RATIS ONE PipelineID=f898d4e5-ee40-457b-b42b-b172c2eb6515.
2024-09-10 16:46:29,571 [f49a985e-efe9-405d-8922-13d0c1bb1d78-PipelineCommandHandlerThread-0] INFO  server.RaftServer (RaftServerProxy.java:addNew(101)) - f49a985e-efe9-405d-8922-13d0c1bb1d78: addNew group-55398A06E63A:[f49a985e-efe9-405d-8922-13d0c1bb1d78|127.0.0.1:15189] returns group-55398A06E63A:java.util.concurrent.CompletableFuture@2d2cbfc1[Not completed]
2024-09-10 16:46:29,572 [f49a985e-efe9-405d-8922-13d0c1bb1d78-groupManagement] INFO  server.RaftServer$Division (RaftServerImpl.java:<init>(253)) - f49a985e-efe9-405d-8922-13d0c1bb1d78: new RaftServerImpl for group-55398A06E63A:[f49a985e-efe9-405d-8922-13d0c1bb1d78|127.0.0.1:15189] with ContainerStateMachine:uninitialized
2024-09-10 16:46:29,572 [f49a985e-efe9-405d-8922-13d0c1bb1d78-groupManagement] INFO  server.RaftServerConfigKeys (ConfUtils.java:logGet(46)) - raft.server.rpc.timeout.min = 5s (custom)
2024-09-10 16:46:29,572 [f49a985e-efe9-405d-8922-13d0c1bb1d78-groupManagement] INFO  server.RaftServerConfigKeys (ConfUtils.java:logGet(46)) - raft.server.rpc.timeout.max = 5200ms (custom)
2024-09-10 16:46:29,572 [f49a985e-efe9-405d-8922-13d0c1bb1d78-groupManagement] INFO  server.RaftServerConfigKeys (ConfUtils.java:logGet(46)) - raft.server.rpc.sleep.time = 25ms (default)
2024-09-10 16:46:29,572 [f49a985e-efe9-405d-8922-13d0c1bb1d78-groupManagement] INFO  server.RaftServerConfigKeys (ConfUtils.java:logGet(46)) - raft.server.rpc.slowness.timeout = 300000ms (custom)
2024-09-10 16:46:29,572 [f49a985e-efe9-405d-8922-13d0c1bb1d78-groupManagement] INFO  server.RaftServerConfigKeys (ConfUtils.java:logGet(46)) - raft.server.leaderelection.leader.step-down.wait-time = 10s (default)
2024-09-10 16:46:29,572 [f49a985e-efe9-405d-8922-13d0c1bb1d78-groupManagement] INFO  server.RaftServerConfigKeys (ConfUtils.java:logGet(46)) - raft.server.leaderelection.member.majority-add = false (default)
2024-09-10 16:46:29,572 [f49a985e-efe9-405d-8922-13d0c1bb1d78-groupManagement] INFO  server.RaftServerConfigKeys (ConfUtils.java:logGet(46)) - raft.server.sleep.deviation.threshold = 300ms (default)
2024-09-10 16:46:29,572 [f49a985e-efe9-405d-8922-13d0c1bb1d78-groupManagement] INFO  server.RaftServer$Division (ServerState.java:<init>(114)) - f49a985e-efe9-405d-8922-13d0c1bb1d78@group-55398A06E63A: ConfigurationManager, init=conf: {index: -1, cur=peers:[f49a985e-efe9-405d-8922-13d0c1bb1d78|127.0.0.1:15189]|listeners:[], old=null}, confs=<EMPTY_MAP>
2024-09-10 16:46:29,572 [f49a985e-efe9-405d-8922-13d0c1bb1d78-groupManagement] INFO  server.RaftServerConfigKeys (ConfUtils.java:logGet(46)) - raft.server.notification.no-leader.timeout = 300000ms (custom)
2024-09-10 16:46:29,573 [f49a985e-efe9-405d-8922-13d0c1bb1d78-groupManagement] INFO  server.RaftServerConfigKeys (ConfUtils.java:logGet(46)) - raft.server.read.timeout = 10s (default)
2024-09-10 16:46:29,573 [f49a985e-efe9-405d-8922-13d0c1bb1d78-groupManagement] INFO  server.RaftServerConfigKeys (ConfUtils.java:logGet(46)) - raft.server.retrycache.expirytime = 600000ms (custom)
2024-09-10 16:46:29,573 [f49a985e-efe9-405d-8922-13d0c1bb1d78-groupManagement] INFO  server.RaftServerConfigKeys (ConfUtils.java:logGet(46)) - raft.server.retrycache.statistics.expirytime = 100ms (default)
2024-09-10 16:46:29,573 [f49a985e-efe9-405d-8922-13d0c1bb1d78-groupManagement] INFO  server.RaftServerConfigKeys (ConfUtils.java:logGet(46)) - raft.server.read.option = DEFAULT (default)
2024-09-10 16:46:29,573 [f49a985e-efe9-405d-8922-13d0c1bb1d78-groupManagement] INFO  server.RaftServerConfigKeys (ConfUtils.java:logGet(46)) - raft.server.read.read-after-write-consistent.write-index-cache.expiry-time = 60s (default)
2024-09-10 16:46:29,574 [f49a985e-efe9-405d-8922-13d0c1bb1d78-groupManagement] INFO  server.RaftServerConfigKeys (ConfUtils.java:logGet(46)) - raft.server.rpc.request.timeout = 3000ms (default)
2024-09-10 16:46:29,574 [f49a985e-efe9-405d-8922-13d0c1bb1d78-groupManagement] INFO  server.RaftServerConfigKeys (ConfUtils.java:logGet(46)) - raft.server.log.appender.install.snapshot.enabled = false (custom)
2024-09-10 16:46:29,574 [f49a985e-efe9-405d-8922-13d0c1bb1d78-groupManagement] INFO  server.RaftServerConfigKeys (ConfUtils.java:logGet(46)) - raft.server.threadpool.server.cached = true (default)
2024-09-10 16:46:29,574 [f49a985e-efe9-405d-8922-13d0c1bb1d78-groupManagement] INFO  server.RaftServerConfigKeys (ConfUtils.java:logGet(46)) - raft.server.threadpool.server.size = 0 (default)
2024-09-10 16:46:29,574 [f49a985e-efe9-405d-8922-13d0c1bb1d78-groupManagement] INFO  server.RaftServerConfigKeys (ConfUtils.java:logGet(46)) - raft.server.threadpool.client.cached = true (default)
2024-09-10 16:46:29,574 [f49a985e-efe9-405d-8922-13d0c1bb1d78-groupManagement] INFO  server.RaftServerConfigKeys (ConfUtils.java:logGet(46)) - raft.server.threadpool.client.size = 0 (default)
2024-09-10 16:46:29,574 [f49a985e-efe9-405d-8922-13d0c1bb1d78-groupManagement] INFO  server.RaftServerConfigKeys (ConfUtils.java:logGet(46)) - raft.server.storage.free-space.min = 0MB (=0) (default)
2024-09-10 16:46:29,574 [f49a985e-efe9-405d-8922-13d0c1bb1d78-groupManagement] INFO  server.RaftServerConfigKeys (ConfUtils.java:logGet(46)) - raft.server.log.corruption.policy = EXCEPTION (default)
2024-09-10 16:46:29,575 [f49a985e-efe9-405d-8922-13d0c1bb1d78-groupManagement] INFO  server.RaftServerConfigKeys (ConfUtils.java:logGet(46)) - raft.server.storage.dir = [/home/runner/work/ozone/ozone/hadoop-ozone/integration-test/target/test-dir/MiniOzoneClusterImpl-4ea98613-7ec2-40e8-bdf5-64593f2fdf96/ozone-meta/datanode-3/ratis] (custom)
2024-09-10 16:46:29,575 [f49a985e-efe9-405d-8922-13d0c1bb1d78-groupManagement] INFO  storage.RaftStorageDirectory (RaftStorageDirectoryImpl.java:analyzeStorage(138)) - The storage directory /home/runner/work/ozone/ozone/hadoop-ozone/integration-test/target/test-dir/MiniOzoneClusterImpl-4ea98613-7ec2-40e8-bdf5-64593f2fdf96/ozone-meta/datanode-3/ratis/9c790425-bdf2-4c41-a261-55398a06e63a does not exist. Creating ...
2024-09-10 16:46:29,576 [f49a985e-efe9-405d-8922-13d0c1bb1d78-groupManagement] INFO  storage.RaftStorageDirectory (RaftStorageDirectoryImpl.java:tryLock(229)) - Lock on /home/runner/work/ozone/ozone/hadoop-ozone/integration-test/target/test-dir/MiniOzoneClusterImpl-4ea98613-7ec2-40e8-bdf5-64593f2fdf96/ozone-meta/datanode-3/ratis/9c790425-bdf2-4c41-a261-55398a06e63a/in_use.lock acquired by nodename 77969@fv-az1492-488
2024-09-10 16:46:29,577 [f49a985e-efe9-405d-8922-13d0c1bb1d78-groupManagement] INFO  storage.RaftStorage (RaftStorageImpl.java:format(98)) - Storage directory /home/runner/work/ozone/ozone/hadoop-ozone/integration-test/target/test-dir/MiniOzoneClusterImpl-4ea98613-7ec2-40e8-bdf5-64593f2fdf96/ozone-meta/datanode-3/ratis/9c790425-bdf2-4c41-a261-55398a06e63a has been successfully formatted.
2024-09-10 16:46:29,577 [f49a985e-efe9-405d-8922-13d0c1bb1d78-groupManagement] INFO  ratis.ContainerStateMachine (ContainerStateMachine.java:loadSnapshot(295)) - group-55398A06E63A: The snapshot info is null. Setting the last applied index to:(t:0, i:~)
2024-09-10 16:46:29,577 [f49a985e-efe9-405d-8922-13d0c1bb1d78-groupManagement] INFO  server.RaftServerConfigKeys (ConfUtils.java:logGet(46)) - raft.server.log.use.memory = false (default)
2024-09-10 16:46:29,577 [f49a985e-efe9-405d-8922-13d0c1bb1d78-groupManagement] INFO  server.RaftServerConfigKeys (ConfUtils.java:logGet(46)) - raft.server.log.purge.gap = 1000000 (custom)
2024-09-10 16:46:29,577 [f49a985e-efe9-405d-8922-13d0c1bb1d78-groupManagement] INFO  server.RaftServerConfigKeys (ConfUtils.java:logGet(46)) - raft.server.log.appender.buffer.byte-limit = 33554432 (custom)
2024-09-10 16:46:29,577 [f49a985e-efe9-405d-8922-13d0c1bb1d78-groupManagement] INFO  server.RaftServerConfigKeys (ConfUtils.java:logGet(46)) - raft.server.log.statemachine.data.read.timeout = 1000ms (default)
2024-09-10 16:46:29,577 [f49a985e-efe9-405d-8922-13d0c1bb1d78-groupManagement] INFO  server.RaftServerConfigKeys (ConfUtils.java:logGet(46)) - raft.server.log.purge.preservation.log.num = 0 (default)
2024-09-10 16:46:29,578 [f49a985e-efe9-405d-8922-13d0c1bb1d78-groupManagement] INFO  server.RaftServerConfigKeys (ConfUtils.java:logGet(46)) - raft.server.log.segment.size.max = 67108864 (custom)
2024-09-10 16:46:29,578 [f49a985e-efe9-405d-8922-13d0c1bb1d78-groupManagement] INFO  server.RaftServerConfigKeys (ConfUtils.java:logGet(46)) - raft.server.log.segment.cache.num.max = 2 (custom)
2024-09-10 16:46:29,578 [f49a985e-efe9-405d-8922-13d0c1bb1d78-groupManagement] INFO  server.RaftServerConfigKeys (ConfUtils.java:logGet(46)) - raft.server.log.segment.cache.size.max = 200MB (=209715200) (default)
2024-09-10 16:46:29,578 [f49a985e-efe9-405d-8922-13d0c1bb1d78-groupManagement] INFO  server.RaftServerConfigKeys (ConfUtils.java:logGet(46)) - raft.server.log.appender.buffer.byte-limit = 33554432 (custom)
2024-09-10 16:46:29,578 [EventQueue-PipelineReportForPipelineReportHandler] INFO  pipeline.PipelineReportHandler (PipelineReportHandler.java:processPipelineReport(136)) - Opened pipeline PipelineID=9c790425-bdf2-4c41-a261-55398a06e63a
2024-09-10 16:46:29,578 [EventQueue-OpenPipelineForHealthyPipelineSafeModeRule] INFO  safemode.SCMSafeModeManager (HealthyPipelineSafeModeRule.java:process(140)) - SCM in safe mode. Healthy pipelines reported count is 0, required healthy pipeline reported count is 1
2024-09-10 16:46:29,579 [f49a985e-efe9-405d-8922-13d0c1bb1d78-groupManagement] INFO  util.AwaitToRun (AwaitToRun.java:start(81)) - Thread[f49a985e-efe9-405d-8922-13d0c1bb1d78@group-55398A06E63A-cacheEviction-AwaitToRun,5,main] started
2024-09-10 16:46:29,579 [f49a985e-efe9-405d-8922-13d0c1bb1d78-groupManagement] INFO  segmented.SegmentedRaftLogWorker (SegmentedRaftLogWorker.java:<init>(184)) - new f49a985e-efe9-405d-8922-13d0c1bb1d78@group-55398A06E63A-SegmentedRaftLogWorker for RaftStorageImpl:Storage Directory /home/runner/work/ozone/ozone/hadoop-ozone/integration-test/target/test-dir/MiniOzoneClusterImpl-4ea98613-7ec2-40e8-bdf5-64593f2fdf96/ozone-meta/datanode-3/ratis/9c790425-bdf2-4c41-a261-55398a06e63a
2024-09-10 16:46:29,579 [f49a985e-efe9-405d-8922-13d0c1bb1d78-groupManagement] INFO  server.RaftServerConfigKeys (ConfUtils.java:logGet(46)) - raft.server.log.queue.byte-limit = 4294967296 (custom)
2024-09-10 16:46:29,579 [f49a985e-efe9-405d-8922-13d0c1bb1d78-groupManagement] INFO  server.RaftServerConfigKeys (ConfUtils.java:logGet(46)) - raft.server.log.queue.element-limit = 1024 (custom)
2024-09-10 16:46:29,579 [f49a985e-efe9-405d-8922-13d0c1bb1d78-groupManagement] INFO  server.RaftServerConfigKeys (ConfUtils.java:logGet(46)) - raft.server.log.segment.size.max = 67108864 (custom)
2024-09-10 16:46:29,579 [f49a985e-efe9-405d-8922-13d0c1bb1d78-groupManagement] INFO  server.RaftServerConfigKeys (ConfUtils.java:logGet(46)) - raft.server.log.preallocated.size = 4194304 (custom)
2024-09-10 16:46:29,579 [f49a985e-efe9-405d-8922-13d0c1bb1d78-groupManagement] INFO  server.RaftServerConfigKeys (ConfUtils.java:logGet(46)) - raft.server.log.force.sync.num = 128 (default)
2024-09-10 16:46:29,579 [f49a985e-efe9-405d-8922-13d0c1bb1d78-groupManagement] INFO  server.RaftServerConfigKeys (ConfUtils.java:logGet(46)) - raft.server.log.statemachine.data.sync = true (default)
2024-09-10 16:46:29,579 [f49a985e-efe9-405d-8922-13d0c1bb1d78-groupManagement] INFO  server.RaftServerConfigKeys (ConfUtils.java:logGet(46)) - raft.server.log.statemachine.data.sync.timeout = 10s (default)
2024-09-10 16:46:29,579 [f49a985e-efe9-405d-8922-13d0c1bb1d78-groupManagement] INFO  server.RaftServerConfigKeys (ConfUtils.java:logGet(46)) - raft.server.log.statemachine.data.sync.timeout.retry = 30 (custom)
2024-09-10 16:46:29,579 [f49a985e-efe9-405d-8922-13d0c1bb1d78-groupManagement] INFO  server.RaftServerConfigKeys (ConfUtils.java:logGet(46)) - raft.server.log.write.buffer.size = 33554440 (custom)
2024-09-10 16:46:29,583 [f49a985e-efe9-405d-8922-13d0c1bb1d78-groupManagement] INFO  server.RaftServerConfigKeys (ConfUtils.java:logGet(46)) - raft.server.log.appender.buffer.byte-limit = 33554432 (custom)
2024-09-10 16:46:29,583 [f49a985e-efe9-405d-8922-13d0c1bb1d78-groupManagement] INFO  server.RaftServerConfigKeys (ConfUtils.java:logGet(46)) - raft.server.log.unsafe-flush.enabled = false (default)
2024-09-10 16:46:29,583 [f49a985e-efe9-405d-8922-13d0c1bb1d78-groupManagement] INFO  server.RaftServerConfigKeys (ConfUtils.java:logGet(46)) - raft.server.log.async-flush.enabled = false (default)
2024-09-10 16:46:29,583 [f49a985e-efe9-405d-8922-13d0c1bb1d78-groupManagement] INFO  server.RaftServerConfigKeys (ConfUtils.java:logGet(46)) - raft.server.log.statemachine.data.caching.enabled = true (custom)
2024-09-10 16:46:29,583 [f49a985e-efe9-405d-8922-13d0c1bb1d78-groupManagement] INFO  segmented.SegmentedRaftLogWorker (SegmentedRaftLogWorker.java:lambda$new$0(135)) - f49a985e-efe9-405d-8922-13d0c1bb1d78@group-55398A06E63A-SegmentedRaftLogWorker: flushIndex: setUnconditionally 0 -> -1
2024-09-10 16:46:29,584 [f49a985e-efe9-405d-8922-13d0c1bb1d78-groupManagement] INFO  segmented.SegmentedRaftLogWorker (SegmentedRaftLogWorker.java:lambda$new$0(135)) - f49a985e-efe9-405d-8922-13d0c1bb1d78@group-55398A06E63A-SegmentedRaftLogWorker: safeCacheEvictIndex: setUnconditionally 0 -> -1
2024-09-10 16:46:29,584 [f49a985e-efe9-405d-8922-13d0c1bb1d78-groupManagement] INFO  server.RaftServer$Division (RaftServerImpl.java:start(389)) - f49a985e-efe9-405d-8922-13d0c1bb1d78@group-55398A06E63A: start as a follower, conf=conf: {index: -1, cur=peers:[f49a985e-efe9-405d-8922-13d0c1bb1d78|127.0.0.1:15189]|listeners:[], old=null}
2024-09-10 16:46:29,584 [f49a985e-efe9-405d-8922-13d0c1bb1d78-groupManagement] INFO  server.RaftServer$Division (RaftServerImpl.java:setRole(376)) - f49a985e-efe9-405d-8922-13d0c1bb1d78@group-55398A06E63A: changes role from      null to FOLLOWER at term 0 for startAsFollower
2024-09-10 16:46:29,584 [f49a985e-efe9-405d-8922-13d0c1bb1d78-groupManagement] INFO  impl.RoleInfo (RoleInfo.java:updateAndGet(148)) - f49a985e-efe9-405d-8922-13d0c1bb1d78: start f49a985e-efe9-405d-8922-13d0c1bb1d78@group-55398A06E63A-FollowerState
2024-09-10 16:46:29,584 [f49a985e-efe9-405d-8922-13d0c1bb1d78@group-55398A06E63A-FollowerState] INFO  server.RaftServerConfigKeys (ConfUtils.java:logFallback(53)) - raft.server.rpc.first-election.timeout.min = 5s (fallback to raft.server.rpc.timeout.min)
2024-09-10 16:46:29,584 [f49a985e-efe9-405d-8922-13d0c1bb1d78@group-55398A06E63A-FollowerState] INFO  server.RaftServerConfigKeys (ConfUtils.java:logFallback(53)) - raft.server.rpc.first-election.timeout.max = 5200ms (fallback to raft.server.rpc.timeout.max)
2024-09-10 16:46:29,584 [f49a985e-efe9-405d-8922-13d0c1bb1d78-groupManagement] INFO  util.JmxRegister (JmxRegister.java:tryRegister(44)) - Successfully registered JMX Bean with object name Ratis:service=RaftServer,group=group-55398A06E63A,id=f49a985e-efe9-405d-8922-13d0c1bb1d78
2024-09-10 16:46:29,584 [f49a985e-efe9-405d-8922-13d0c1bb1d78-groupManagement] INFO  util.JmxRegister (JmxRegister.java:register(58)) - register mxBean class org.apache.ratis.server.impl.RaftServerJmxAdapter as Ratis:service=RaftServer,group=group-55398A06E63A,id=f49a985e-efe9-405d-8922-13d0c1bb1d78
2024-09-10 16:46:29,584 [f49a985e-efe9-405d-8922-13d0c1bb1d78-groupManagement] INFO  server.RaftServerConfigKeys (ConfUtils.java:logGet(46)) - raft.server.snapshot.trigger-when-stop.enabled = true (default)
2024-09-10 16:46:29,584 [f49a985e-efe9-405d-8922-13d0c1bb1d78-groupManagement] INFO  server.RaftServerConfigKeys (ConfUtils.java:logGet(46)) - raft.server.snapshot.trigger-when-remove.enabled = true (default)
2024-09-10 16:46:29,585 [f49a985e-efe9-405d-8922-13d0c1bb1d78-groupManagement] INFO  server.RaftServerConfigKeys (ConfUtils.java:logGet(46)) - raft.server.snapshot.auto.trigger.enabled = true (custom)
2024-09-10 16:46:29,585 [f49a985e-efe9-405d-8922-13d0c1bb1d78-groupManagement] INFO  server.RaftServerConfigKeys (ConfUtils.java:logGet(46)) - raft.server.snapshot.auto.trigger.threshold = 10000 (custom)
2024-09-10 16:46:29,585 [f49a985e-efe9-405d-8922-13d0c1bb1d78-groupManagement] INFO  server.RaftServerConfigKeys (ConfUtils.java:logGet(46)) - raft.server.snapshot.retention.file.num = 5 (custom)
2024-09-10 16:46:29,585 [f49a985e-efe9-405d-8922-13d0c1bb1d78-groupManagement] INFO  server.RaftServerConfigKeys (ConfUtils.java:logGet(46)) - raft.server.log.purge.upto.snapshot.index = false (default)
2024-09-10 16:46:29,585 [f49a985e-efe9-405d-8922-13d0c1bb1d78-PipelineCommandHandlerThread-0] INFO  ratis.XceiverServerRatis (XceiverServerRatis.java:addGroup(849)) - Created group PipelineID=9c790425-bdf2-4c41-a261-55398a06e63a
2024-09-10 16:46:29,585 [f49a985e-efe9-405d-8922-13d0c1bb1d78-PipelineCommandHandlerThread-0] INFO  commandhandler.CreatePipelineCommandHandler (CreatePipelineCommandHandler.java:lambda$handle$2(124)) - Created Pipeline RATIS ONE PipelineID=9c790425-bdf2-4c41-a261-55398a06e63a.
2024-09-10 16:46:29,806 [c95620fd-712c-4929-b988-78cb42202719-PipelineCommandHandlerThread-0] INFO  server.RaftServer (RaftServerProxy.java:addNew(101)) - c95620fd-712c-4929-b988-78cb42202719: addNew group-9A91BCD6D020:[c95620fd-712c-4929-b988-78cb42202719|127.0.0.1:15198] returns group-9A91BCD6D020:java.util.concurrent.CompletableFuture@10af858[Not completed]
2024-09-10 16:46:29,807 [c95620fd-712c-4929-b988-78cb42202719-groupManagement] INFO  server.RaftServer$Division (RaftServerImpl.java:<init>(253)) - c95620fd-712c-4929-b988-78cb42202719: new RaftServerImpl for group-9A91BCD6D020:[c95620fd-712c-4929-b988-78cb42202719|127.0.0.1:15198] with ContainerStateMachine:uninitialized
2024-09-10 16:46:29,807 [c95620fd-712c-4929-b988-78cb42202719-groupManagement] INFO  server.RaftServerConfigKeys (ConfUtils.java:logGet(46)) - raft.server.rpc.timeout.min = 5s (custom)
2024-09-10 16:46:29,807 [c95620fd-712c-4929-b988-78cb42202719-groupManagement] INFO  server.RaftServerConfigKeys (ConfUtils.java:logGet(46)) - raft.server.rpc.timeout.max = 5200ms (custom)
2024-09-10 16:46:29,807 [c95620fd-712c-4929-b988-78cb42202719-groupManagement] INFO  server.RaftServerConfigKeys (ConfUtils.java:logGet(46)) - raft.server.rpc.sleep.time = 25ms (default)
2024-09-10 16:46:29,807 [c95620fd-712c-4929-b988-78cb42202719-groupManagement] INFO  server.RaftServerConfigKeys (ConfUtils.java:logGet(46)) - raft.server.rpc.slowness.timeout = 300000ms (custom)
2024-09-10 16:46:29,807 [c95620fd-712c-4929-b988-78cb42202719-groupManagement] INFO  server.RaftServerConfigKeys (ConfUtils.java:logGet(46)) - raft.server.leaderelection.leader.step-down.wait-time = 10s (default)
2024-09-10 16:46:29,807 [c95620fd-712c-4929-b988-78cb42202719-groupManagement] INFO  server.RaftServerConfigKeys (ConfUtils.java:logGet(46)) - raft.server.leaderelection.member.majority-add = false (default)
2024-09-10 16:46:29,807 [c95620fd-712c-4929-b988-78cb42202719-groupManagement] INFO  server.RaftServerConfigKeys (ConfUtils.java:logGet(46)) - raft.server.sleep.deviation.threshold = 300ms (default)
2024-09-10 16:46:29,807 [c95620fd-712c-4929-b988-78cb42202719-groupManagement] INFO  server.RaftServer$Division (ServerState.java:<init>(114)) - c95620fd-712c-4929-b988-78cb42202719@group-9A91BCD6D020: ConfigurationManager, init=conf: {index: -1, cur=peers:[c95620fd-712c-4929-b988-78cb42202719|127.0.0.1:15198]|listeners:[], old=null}, confs=<EMPTY_MAP>
2024-09-10 16:46:29,807 [c95620fd-712c-4929-b988-78cb42202719-groupManagement] INFO  server.RaftServerConfigKeys (ConfUtils.java:logGet(46)) - raft.server.notification.no-leader.timeout = 300000ms (custom)
2024-09-10 16:46:29,808 [c95620fd-712c-4929-b988-78cb42202719-groupManagement] INFO  server.RaftServerConfigKeys (ConfUtils.java:logGet(46)) - raft.server.read.timeout = 10s (default)
2024-09-10 16:46:29,808 [c95620fd-712c-4929-b988-78cb42202719-groupManagement] INFO  server.RaftServerConfigKeys (ConfUtils.java:logGet(46)) - raft.server.retrycache.expirytime = 600000ms (custom)
2024-09-10 16:46:29,808 [c95620fd-712c-4929-b988-78cb42202719-groupManagement] INFO  server.RaftServerConfigKeys (ConfUtils.java:logGet(46)) - raft.server.retrycache.statistics.expirytime = 100ms (default)
2024-09-10 16:46:29,808 [c95620fd-712c-4929-b988-78cb42202719-groupManagement] INFO  server.RaftServerConfigKeys (ConfUtils.java:logGet(46)) - raft.server.read.option = DEFAULT (default)
2024-09-10 16:46:29,808 [c95620fd-712c-4929-b988-78cb42202719-groupManagement] INFO  server.RaftServerConfigKeys (ConfUtils.java:logGet(46)) - raft.server.read.read-after-write-consistent.write-index-cache.expiry-time = 60s (default)
2024-09-10 16:46:29,810 [c95620fd-712c-4929-b988-78cb42202719-groupManagement] INFO  server.RaftServerConfigKeys (ConfUtils.java:logGet(46)) - raft.server.rpc.request.timeout = 3000ms (default)
2024-09-10 16:46:29,810 [c95620fd-712c-4929-b988-78cb42202719-groupManagement] INFO  server.RaftServerConfigKeys (ConfUtils.java:logGet(46)) - raft.server.log.appender.install.snapshot.enabled = false (custom)
2024-09-10 16:46:29,810 [c95620fd-712c-4929-b988-78cb42202719-groupManagement] INFO  server.RaftServerConfigKeys (ConfUtils.java:logGet(46)) - raft.server.threadpool.server.cached = true (default)
2024-09-10 16:46:29,810 [c95620fd-712c-4929-b988-78cb42202719-groupManagement] INFO  server.RaftServerConfigKeys (ConfUtils.java:logGet(46)) - raft.server.threadpool.server.size = 0 (default)
2024-09-10 16:46:29,810 [c95620fd-712c-4929-b988-78cb42202719-groupManagement] INFO  server.RaftServerConfigKeys (ConfUtils.java:logGet(46)) - raft.server.threadpool.client.cached = true (default)
2024-09-10 16:46:29,810 [c95620fd-712c-4929-b988-78cb42202719-groupManagement] INFO  server.RaftServerConfigKeys (ConfUtils.java:logGet(46)) - raft.server.threadpool.client.size = 0 (default)
2024-09-10 16:46:29,810 [c95620fd-712c-4929-b988-78cb42202719-groupManagement] INFO  server.RaftServerConfigKeys (ConfUtils.java:logGet(46)) - raft.server.storage.free-space.min = 0MB (=0) (default)
2024-09-10 16:46:29,810 [c95620fd-712c-4929-b988-78cb42202719-groupManagement] INFO  server.RaftServerConfigKeys (ConfUtils.java:logGet(46)) - raft.server.log.corruption.policy = EXCEPTION (default)
2024-09-10 16:46:29,810 [c95620fd-712c-4929-b988-78cb42202719-groupManagement] INFO  server.RaftServerConfigKeys (ConfUtils.java:logGet(46)) - raft.server.storage.dir = [/home/runner/work/ozone/ozone/hadoop-ozone/integration-test/target/test-dir/MiniOzoneClusterImpl-4ea98613-7ec2-40e8-bdf5-64593f2fdf96/ozone-meta/datanode-4/ratis] (custom)
2024-09-10 16:46:29,811 [c95620fd-712c-4929-b988-78cb42202719-groupManagement] INFO  storage.RaftStorageDirectory (RaftStorageDirectoryImpl.java:analyzeStorage(138)) - The storage directory /home/runner/work/ozone/ozone/hadoop-ozone/integration-test/target/test-dir/MiniOzoneClusterImpl-4ea98613-7ec2-40e8-bdf5-64593f2fdf96/ozone-meta/datanode-4/ratis/8dd5ed1b-6e7e-464a-8720-9a91bcd6d020 does not exist. Creating ...
2024-09-10 16:46:29,811 [c95620fd-712c-4929-b988-78cb42202719-groupManagement] INFO  storage.RaftStorageDirectory (RaftStorageDirectoryImpl.java:tryLock(229)) - Lock on /home/runner/work/ozone/ozone/hadoop-ozone/integration-test/target/test-dir/MiniOzoneClusterImpl-4ea98613-7ec2-40e8-bdf5-64593f2fdf96/ozone-meta/datanode-4/ratis/8dd5ed1b-6e7e-464a-8720-9a91bcd6d020/in_use.lock acquired by nodename 77969@fv-az1492-488
2024-09-10 16:46:29,812 [c95620fd-712c-4929-b988-78cb42202719-groupManagement] INFO  storage.RaftStorage (RaftStorageImpl.java:format(98)) - Storage directory /home/runner/work/ozone/ozone/hadoop-ozone/integration-test/target/test-dir/MiniOzoneClusterImpl-4ea98613-7ec2-40e8-bdf5-64593f2fdf96/ozone-meta/datanode-4/ratis/8dd5ed1b-6e7e-464a-8720-9a91bcd6d020 has been successfully formatted.
2024-09-10 16:46:29,813 [c95620fd-712c-4929-b988-78cb42202719-groupManagement] INFO  ratis.ContainerStateMachine (ContainerStateMachine.java:loadSnapshot(295)) - group-9A91BCD6D020: The snapshot info is null. Setting the last applied index to:(t:0, i:~)
2024-09-10 16:46:29,813 [c95620fd-712c-4929-b988-78cb42202719-groupManagement] INFO  server.RaftServerConfigKeys (ConfUtils.java:logGet(46)) - raft.server.log.use.memory = false (default)
2024-09-10 16:46:29,813 [c95620fd-712c-4929-b988-78cb42202719-groupManagement] INFO  server.RaftServerConfigKeys (ConfUtils.java:logGet(46)) - raft.server.log.purge.gap = 1000000 (custom)
2024-09-10 16:46:29,813 [c95620fd-712c-4929-b988-78cb42202719-groupManagement] INFO  server.RaftServerConfigKeys (ConfUtils.java:logGet(46)) - raft.server.log.appender.buffer.byte-limit = 33554432 (custom)
2024-09-10 16:46:29,813 [c95620fd-712c-4929-b988-78cb42202719-groupManagement] INFO  server.RaftServerConfigKeys (ConfUtils.java:logGet(46)) - raft.server.log.statemachine.data.read.timeout = 1000ms (default)
2024-09-10 16:46:29,813 [c95620fd-712c-4929-b988-78cb42202719-groupManagement] INFO  server.RaftServerConfigKeys (ConfUtils.java:logGet(46)) - raft.server.log.purge.preservation.log.num = 0 (default)
2024-09-10 16:46:29,814 [EventQueue-PipelineReportForPipelineReportHandler] INFO  pipeline.PipelineReportHandler (PipelineReportHandler.java:processPipelineReport(136)) - Opened pipeline PipelineID=8dd5ed1b-6e7e-464a-8720-9a91bcd6d020
2024-09-10 16:46:29,814 [EventQueue-OpenPipelineForHealthyPipelineSafeModeRule] INFO  safemode.SCMSafeModeManager (HealthyPipelineSafeModeRule.java:process(140)) - SCM in safe mode. Healthy pipelines reported count is 0, required healthy pipeline reported count is 1
2024-09-10 16:46:29,815 [c95620fd-712c-4929-b988-78cb42202719-groupManagement] INFO  server.RaftServerConfigKeys (ConfUtils.java:logGet(46)) - raft.server.log.segment.size.max = 67108864 (custom)
2024-09-10 16:46:29,815 [c95620fd-712c-4929-b988-78cb42202719-groupManagement] INFO  server.RaftServerConfigKeys (ConfUtils.java:logGet(46)) - raft.server.log.segment.cache.num.max = 2 (custom)
2024-09-10 16:46:29,816 [c95620fd-712c-4929-b988-78cb42202719-groupManagement] INFO  server.RaftServerConfigKeys (ConfUtils.java:logGet(46)) - raft.server.log.segment.cache.size.max = 200MB (=209715200) (default)
2024-09-10 16:46:29,816 [c95620fd-712c-4929-b988-78cb42202719-groupManagement] INFO  server.RaftServerConfigKeys (ConfUtils.java:logGet(46)) - raft.server.log.appender.buffer.byte-limit = 33554432 (custom)
2024-09-10 16:46:29,816 [c95620fd-712c-4929-b988-78cb42202719-groupManagement] INFO  util.AwaitToRun (AwaitToRun.java:start(81)) - Thread[c95620fd-712c-4929-b988-78cb42202719@group-9A91BCD6D020-cacheEviction-AwaitToRun,5,main] started
2024-09-10 16:46:29,816 [c95620fd-712c-4929-b988-78cb42202719-groupManagement] INFO  segmented.SegmentedRaftLogWorker (SegmentedRaftLogWorker.java:<init>(184)) - new c95620fd-712c-4929-b988-78cb42202719@group-9A91BCD6D020-SegmentedRaftLogWorker for RaftStorageImpl:Storage Directory /home/runner/work/ozone/ozone/hadoop-ozone/integration-test/target/test-dir/MiniOzoneClusterImpl-4ea98613-7ec2-40e8-bdf5-64593f2fdf96/ozone-meta/datanode-4/ratis/8dd5ed1b-6e7e-464a-8720-9a91bcd6d020
2024-09-10 16:46:29,816 [c95620fd-712c-4929-b988-78cb42202719-groupManagement] INFO  server.RaftServerConfigKeys (ConfUtils.java:logGet(46)) - raft.server.log.queue.byte-limit = 4294967296 (custom)
2024-09-10 16:46:29,816 [c95620fd-712c-4929-b988-78cb42202719-groupManagement] INFO  server.RaftServerConfigKeys (ConfUtils.java:logGet(46)) - raft.server.log.queue.element-limit = 1024 (custom)
2024-09-10 16:46:29,816 [c95620fd-712c-4929-b988-78cb42202719-groupManagement] INFO  server.RaftServerConfigKeys (ConfUtils.java:logGet(46)) - raft.server.log.segment.size.max = 67108864 (custom)
2024-09-10 16:46:29,816 [c95620fd-712c-4929-b988-78cb42202719-groupManagement] INFO  server.RaftServerConfigKeys (ConfUtils.java:logGet(46)) - raft.server.log.preallocated.size = 4194304 (custom)
2024-09-10 16:46:29,816 [c95620fd-712c-4929-b988-78cb42202719-groupManagement] INFO  server.RaftServerConfigKeys (ConfUtils.java:logGet(46)) - raft.server.log.force.sync.num = 128 (default)
2024-09-10 16:46:29,816 [c95620fd-712c-4929-b988-78cb42202719-groupManagement] INFO  server.RaftServerConfigKeys (ConfUtils.java:logGet(46)) - raft.server.log.statemachine.data.sync = true (default)
2024-09-10 16:46:29,816 [c95620fd-712c-4929-b988-78cb42202719-groupManagement] INFO  server.RaftServerConfigKeys (ConfUtils.java:logGet(46)) - raft.server.log.statemachine.data.sync.timeout = 10s (default)
2024-09-10 16:46:29,816 [c95620fd-712c-4929-b988-78cb42202719-groupManagement] INFO  server.RaftServerConfigKeys (ConfUtils.java:logGet(46)) - raft.server.log.statemachine.data.sync.timeout.retry = 30 (custom)
2024-09-10 16:46:29,816 [c95620fd-712c-4929-b988-78cb42202719-groupManagement] INFO  server.RaftServerConfigKeys (ConfUtils.java:logGet(46)) - raft.server.log.write.buffer.size = 33554440 (custom)
2024-09-10 16:46:29,821 [c95620fd-712c-4929-b988-78cb42202719-groupManagement] INFO  server.RaftServerConfigKeys (ConfUtils.java:logGet(46)) - raft.server.log.appender.buffer.byte-limit = 33554432 (custom)
2024-09-10 16:46:29,821 [c95620fd-712c-4929-b988-78cb42202719-groupManagement] INFO  server.RaftServerConfigKeys (ConfUtils.java:logGet(46)) - raft.server.log.unsafe-flush.enabled = false (default)
2024-09-10 16:46:29,821 [c95620fd-712c-4929-b988-78cb42202719-groupManagement] INFO  server.RaftServerConfigKeys (ConfUtils.java:logGet(46)) - raft.server.log.async-flush.enabled = false (default)
2024-09-10 16:46:29,821 [c95620fd-712c-4929-b988-78cb42202719-groupManagement] INFO  server.RaftServerConfigKeys (ConfUtils.java:logGet(46)) - raft.server.log.statemachine.data.caching.enabled = true (custom)
2024-09-10 16:46:29,821 [c95620fd-712c-4929-b988-78cb42202719-groupManagement] INFO  segmented.SegmentedRaftLogWorker (SegmentedRaftLogWorker.java:lambda$new$0(135)) - c95620fd-712c-4929-b988-78cb42202719@group-9A91BCD6D020-SegmentedRaftLogWorker: flushIndex: setUnconditionally 0 -> -1
2024-09-10 16:46:29,821 [c95620fd-712c-4929-b988-78cb42202719-groupManagement] INFO  segmented.SegmentedRaftLogWorker (SegmentedRaftLogWorker.java:lambda$new$0(135)) - c95620fd-712c-4929-b988-78cb42202719@group-9A91BCD6D020-SegmentedRaftLogWorker: safeCacheEvictIndex: setUnconditionally 0 -> -1
2024-09-10 16:46:29,822 [c95620fd-712c-4929-b988-78cb42202719-groupManagement] INFO  server.RaftServer$Division (RaftServerImpl.java:start(389)) - c95620fd-712c-4929-b988-78cb42202719@group-9A91BCD6D020: start as a follower, conf=conf: {index: -1, cur=peers:[c95620fd-712c-4929-b988-78cb42202719|127.0.0.1:15198]|listeners:[], old=null}
2024-09-10 16:46:29,822 [c95620fd-712c-4929-b988-78cb42202719-groupManagement] INFO  server.RaftServer$Division (RaftServerImpl.java:setRole(376)) - c95620fd-712c-4929-b988-78cb42202719@group-9A91BCD6D020: changes role from      null to FOLLOWER at term 0 for startAsFollower
2024-09-10 16:46:29,822 [c95620fd-712c-4929-b988-78cb42202719-groupManagement] INFO  impl.RoleInfo (RoleInfo.java:updateAndGet(148)) - c95620fd-712c-4929-b988-78cb42202719: start c95620fd-712c-4929-b988-78cb42202719@group-9A91BCD6D020-FollowerState
2024-09-10 16:46:29,822 [c95620fd-712c-4929-b988-78cb42202719-groupManagement] INFO  util.JmxRegister (JmxRegister.java:tryRegister(44)) - Successfully registered JMX Bean with object name Ratis:service=RaftServer,group=group-9A91BCD6D020,id=c95620fd-712c-4929-b988-78cb42202719
2024-09-10 16:46:29,822 [c95620fd-712c-4929-b988-78cb42202719-groupManagement] INFO  util.JmxRegister (JmxRegister.java:register(58)) - register mxBean class org.apache.ratis.server.impl.RaftServerJmxAdapter as Ratis:service=RaftServer,group=group-9A91BCD6D020,id=c95620fd-712c-4929-b988-78cb42202719
2024-09-10 16:46:29,822 [c95620fd-712c-4929-b988-78cb42202719-groupManagement] INFO  server.RaftServerConfigKeys (ConfUtils.java:logGet(46)) - raft.server.snapshot.trigger-when-stop.enabled = true (default)
2024-09-10 16:46:29,822 [c95620fd-712c-4929-b988-78cb42202719-groupManagement] INFO  server.RaftServerConfigKeys (ConfUtils.java:logGet(46)) - raft.server.snapshot.trigger-when-remove.enabled = true (default)
2024-09-10 16:46:29,822 [c95620fd-712c-4929-b988-78cb42202719-groupManagement] INFO  server.RaftServerConfigKeys (ConfUtils.java:logGet(46)) - raft.server.snapshot.auto.trigger.enabled = true (custom)
2024-09-10 16:46:29,822 [c95620fd-712c-4929-b988-78cb42202719-groupManagement] INFO  server.RaftServerConfigKeys (ConfUtils.java:logGet(46)) - raft.server.snapshot.auto.trigger.threshold = 10000 (custom)
2024-09-10 16:46:29,822 [c95620fd-712c-4929-b988-78cb42202719-groupManagement] INFO  server.RaftServerConfigKeys (ConfUtils.java:logGet(46)) - raft.server.snapshot.retention.file.num = 5 (custom)
2024-09-10 16:46:29,822 [c95620fd-712c-4929-b988-78cb42202719-groupManagement] INFO  server.RaftServerConfigKeys (ConfUtils.java:logGet(46)) - raft.server.log.purge.upto.snapshot.index = false (default)
2024-09-10 16:46:29,822 [c95620fd-712c-4929-b988-78cb42202719@group-9A91BCD6D020-FollowerState] INFO  server.RaftServerConfigKeys (ConfUtils.java:logFallback(53)) - raft.server.rpc.first-election.timeout.min = 5s (fallback to raft.server.rpc.timeout.min)
2024-09-10 16:46:29,823 [c95620fd-712c-4929-b988-78cb42202719@group-9A91BCD6D020-FollowerState] INFO  server.RaftServerConfigKeys (ConfUtils.java:logFallback(53)) - raft.server.rpc.first-election.timeout.max = 5200ms (fallback to raft.server.rpc.timeout.max)
2024-09-10 16:46:29,823 [c95620fd-712c-4929-b988-78cb42202719-PipelineCommandHandlerThread-0] INFO  ratis.XceiverServerRatis (XceiverServerRatis.java:addGroup(849)) - Created group PipelineID=8dd5ed1b-6e7e-464a-8720-9a91bcd6d020
2024-09-10 16:46:29,823 [c95620fd-712c-4929-b988-78cb42202719-PipelineCommandHandlerThread-0] INFO  commandhandler.CreatePipelineCommandHandler (CreatePipelineCommandHandler.java:lambda$handle$2(124)) - Created Pipeline RATIS ONE PipelineID=8dd5ed1b-6e7e-464a-8720-9a91bcd6d020.
2024-09-10 16:46:30,041 [b02980de-72b7-4a99-a802-296f21296c04-PipelineCommandHandlerThread-0] INFO  server.RaftServer (RaftServerProxy.java:addNew(101)) - b02980de-72b7-4a99-a802-296f21296c04: addNew group-58973242F5DF:[b02980de-72b7-4a99-a802-296f21296c04|127.0.0.1:15207] returns group-58973242F5DF:java.util.concurrent.CompletableFuture@35e3220a[Not completed]
2024-09-10 16:46:30,042 [b02980de-72b7-4a99-a802-296f21296c04-groupManagement] INFO  server.RaftServer$Division (RaftServerImpl.java:<init>(253)) - b02980de-72b7-4a99-a802-296f21296c04: new RaftServerImpl for group-58973242F5DF:[b02980de-72b7-4a99-a802-296f21296c04|127.0.0.1:15207] with ContainerStateMachine:uninitialized
2024-09-10 16:46:30,042 [b02980de-72b7-4a99-a802-296f21296c04-groupManagement] INFO  server.RaftServerConfigKeys (ConfUtils.java:logGet(46)) - raft.server.rpc.timeout.min = 5s (custom)
2024-09-10 16:46:30,042 [b02980de-72b7-4a99-a802-296f21296c04-groupManagement] INFO  server.RaftServerConfigKeys (ConfUtils.java:logGet(46)) - raft.server.rpc.timeout.max = 5200ms (custom)
2024-09-10 16:46:30,042 [b02980de-72b7-4a99-a802-296f21296c04-groupManagement] INFO  server.RaftServerConfigKeys (ConfUtils.java:logGet(46)) - raft.server.rpc.sleep.time = 25ms (default)
2024-09-10 16:46:30,042 [b02980de-72b7-4a99-a802-296f21296c04-groupManagement] INFO  server.RaftServerConfigKeys (ConfUtils.java:logGet(46)) - raft.server.rpc.slowness.timeout = 300000ms (custom)
2024-09-10 16:46:30,042 [b02980de-72b7-4a99-a802-296f21296c04-groupManagement] INFO  server.RaftServerConfigKeys (ConfUtils.java:logGet(46)) - raft.server.leaderelection.leader.step-down.wait-time = 10s (default)
2024-09-10 16:46:30,042 [b02980de-72b7-4a99-a802-296f21296c04-groupManagement] INFO  server.RaftServerConfigKeys (ConfUtils.java:logGet(46)) - raft.server.leaderelection.member.majority-add = false (default)
2024-09-10 16:46:30,042 [b02980de-72b7-4a99-a802-296f21296c04-groupManagement] INFO  server.RaftServerConfigKeys (ConfUtils.java:logGet(46)) - raft.server.sleep.deviation.threshold = 300ms (default)
2024-09-10 16:46:30,042 [b02980de-72b7-4a99-a802-296f21296c04-groupManagement] INFO  server.RaftServer$Division (ServerState.java:<init>(114)) - b02980de-72b7-4a99-a802-296f21296c04@group-58973242F5DF: ConfigurationManager, init=conf: {index: -1, cur=peers:[b02980de-72b7-4a99-a802-296f21296c04|127.0.0.1:15207]|listeners:[], old=null}, confs=<EMPTY_MAP>
2024-09-10 16:46:30,042 [b02980de-72b7-4a99-a802-296f21296c04-groupManagement] INFO  server.RaftServerConfigKeys (ConfUtils.java:logGet(46)) - raft.server.notification.no-leader.timeout = 300000ms (custom)
2024-09-10 16:46:30,042 [b02980de-72b7-4a99-a802-296f21296c04-groupManagement] INFO  server.RaftServerConfigKeys (ConfUtils.java:logGet(46)) - raft.server.read.timeout = 10s (default)
2024-09-10 16:46:30,042 [b02980de-72b7-4a99-a802-296f21296c04-groupManagement] INFO  server.RaftServerConfigKeys (ConfUtils.java:logGet(46)) - raft.server.retrycache.expirytime = 600000ms (custom)
2024-09-10 16:46:30,042 [main] INFO  ozone.MiniOzoneClusterImpl (MiniOzoneClusterImpl.java:lambda$waitForClusterToBeReady$0(198)) - Nodes are ready. Got 5 of 5 DN Heartbeats.
2024-09-10 16:46:30,043 [main] INFO  ozone.MiniOzoneClusterImpl (MiniOzoneClusterImpl.java:lambda$waitForClusterToBeReady$0(201)) - Waiting for cluster to exit safe mode
2024-09-10 16:46:30,043 [main] INFO  ozone.MiniOzoneClusterImpl (MiniOzoneClusterImpl.java:lambda$waitForClusterToBeReady$0(203)) - SCM became leader
2024-09-10 16:46:30,043 [b02980de-72b7-4a99-a802-296f21296c04-groupManagement] INFO  server.RaftServerConfigKeys (ConfUtils.java:logGet(46)) - raft.server.retrycache.statistics.expirytime = 100ms (default)
2024-09-10 16:46:30,043 [b02980de-72b7-4a99-a802-296f21296c04-groupManagement] INFO  server.RaftServerConfigKeys (ConfUtils.java:logGet(46)) - raft.server.read.option = DEFAULT (default)
2024-09-10 16:46:30,043 [b02980de-72b7-4a99-a802-296f21296c04-groupManagement] INFO  server.RaftServerConfigKeys (ConfUtils.java:logGet(46)) - raft.server.read.read-after-write-consistent.write-index-cache.expiry-time = 60s (default)
2024-09-10 16:46:30,044 [b02980de-72b7-4a99-a802-296f21296c04-groupManagement] INFO  server.RaftServerConfigKeys (ConfUtils.java:logGet(46)) - raft.server.rpc.request.timeout = 3000ms (default)
2024-09-10 16:46:30,044 [b02980de-72b7-4a99-a802-296f21296c04-groupManagement] INFO  server.RaftServerConfigKeys (ConfUtils.java:logGet(46)) - raft.server.log.appender.install.snapshot.enabled = false (custom)
2024-09-10 16:46:30,044 [b02980de-72b7-4a99-a802-296f21296c04-groupManagement] INFO  server.RaftServerConfigKeys (ConfUtils.java:logGet(46)) - raft.server.threadpool.server.cached = true (default)
2024-09-10 16:46:30,044 [b02980de-72b7-4a99-a802-296f21296c04-groupManagement] INFO  server.RaftServerConfigKeys (ConfUtils.java:logGet(46)) - raft.server.threadpool.server.size = 0 (default)
2024-09-10 16:46:30,045 [b02980de-72b7-4a99-a802-296f21296c04-groupManagement] INFO  server.RaftServerConfigKeys (ConfUtils.java:logGet(46)) - raft.server.threadpool.client.cached = true (default)
2024-09-10 16:46:30,045 [b02980de-72b7-4a99-a802-296f21296c04-groupManagement] INFO  server.RaftServerConfigKeys (ConfUtils.java:logGet(46)) - raft.server.threadpool.client.size = 0 (default)
2024-09-10 16:46:30,045 [b02980de-72b7-4a99-a802-296f21296c04-groupManagement] INFO  server.RaftServerConfigKeys (ConfUtils.java:logGet(46)) - raft.server.storage.free-space.min = 0MB (=0) (default)
2024-09-10 16:46:30,045 [b02980de-72b7-4a99-a802-296f21296c04-groupManagement] INFO  server.RaftServerConfigKeys (ConfUtils.java:logGet(46)) - raft.server.log.corruption.policy = EXCEPTION (default)
2024-09-10 16:46:30,045 [b02980de-72b7-4a99-a802-296f21296c04-groupManagement] INFO  server.RaftServerConfigKeys (ConfUtils.java:logGet(46)) - raft.server.storage.dir = [/home/runner/work/ozone/ozone/hadoop-ozone/integration-test/target/test-dir/MiniOzoneClusterImpl-4ea98613-7ec2-40e8-bdf5-64593f2fdf96/ozone-meta/datanode-5/ratis] (custom)
2024-09-10 16:46:30,045 [b02980de-72b7-4a99-a802-296f21296c04-groupManagement] INFO  storage.RaftStorageDirectory (RaftStorageDirectoryImpl.java:analyzeStorage(138)) - The storage directory /home/runner/work/ozone/ozone/hadoop-ozone/integration-test/target/test-dir/MiniOzoneClusterImpl-4ea98613-7ec2-40e8-bdf5-64593f2fdf96/ozone-meta/datanode-5/ratis/2b7e01a2-3953-4eaf-b082-58973242f5df does not exist. Creating ...
2024-09-10 16:46:30,046 [b02980de-72b7-4a99-a802-296f21296c04-groupManagement] INFO  storage.RaftStorageDirectory (RaftStorageDirectoryImpl.java:tryLock(229)) - Lock on /home/runner/work/ozone/ozone/hadoop-ozone/integration-test/target/test-dir/MiniOzoneClusterImpl-4ea98613-7ec2-40e8-bdf5-64593f2fdf96/ozone-meta/datanode-5/ratis/2b7e01a2-3953-4eaf-b082-58973242f5df/in_use.lock acquired by nodename 77969@fv-az1492-488
2024-09-10 16:46:30,047 [b02980de-72b7-4a99-a802-296f21296c04-groupManagement] INFO  storage.RaftStorage (RaftStorageImpl.java:format(98)) - Storage directory /home/runner/work/ozone/ozone/hadoop-ozone/integration-test/target/test-dir/MiniOzoneClusterImpl-4ea98613-7ec2-40e8-bdf5-64593f2fdf96/ozone-meta/datanode-5/ratis/2b7e01a2-3953-4eaf-b082-58973242f5df has been successfully formatted.
2024-09-10 16:46:30,047 [b02980de-72b7-4a99-a802-296f21296c04-groupManagement] INFO  ratis.ContainerStateMachine (ContainerStateMachine.java:loadSnapshot(295)) - group-58973242F5DF: The snapshot info is null. Setting the last applied index to:(t:0, i:~)
2024-09-10 16:46:30,047 [b02980de-72b7-4a99-a802-296f21296c04-groupManagement] INFO  server.RaftServerConfigKeys (ConfUtils.java:logGet(46)) - raft.server.log.use.memory = false (default)
2024-09-10 16:46:30,047 [b02980de-72b7-4a99-a802-296f21296c04-groupManagement] INFO  server.RaftServerConfigKeys (ConfUtils.java:logGet(46)) - raft.server.log.purge.gap = 1000000 (custom)
2024-09-10 16:46:30,047 [b02980de-72b7-4a99-a802-296f21296c04-groupManagement] INFO  server.RaftServerConfigKeys (ConfUtils.java:logGet(46)) - raft.server.log.appender.buffer.byte-limit = 33554432 (custom)
2024-09-10 16:46:30,048 [b02980de-72b7-4a99-a802-296f21296c04-groupManagement] INFO  server.RaftServerConfigKeys (ConfUtils.java:logGet(46)) - raft.server.log.statemachine.data.read.timeout = 1000ms (default)
2024-09-10 16:46:30,048 [b02980de-72b7-4a99-a802-296f21296c04-groupManagement] INFO  server.RaftServerConfigKeys (ConfUtils.java:logGet(46)) - raft.server.log.purge.preservation.log.num = 0 (default)
2024-09-10 16:46:30,049 [b02980de-72b7-4a99-a802-296f21296c04-groupManagement] INFO  server.RaftServerConfigKeys (ConfUtils.java:logGet(46)) - raft.server.log.segment.size.max = 67108864 (custom)
2024-09-10 16:46:30,049 [EventQueue-PipelineReportForPipelineReportHandler] INFO  pipeline.PipelineReportHandler (PipelineReportHandler.java:processPipelineReport(136)) - Opened pipeline PipelineID=2b7e01a2-3953-4eaf-b082-58973242f5df
2024-09-10 16:46:30,049 [EventQueue-OpenPipelineForHealthyPipelineSafeModeRule] INFO  safemode.SCMSafeModeManager (HealthyPipelineSafeModeRule.java:process(140)) - SCM in safe mode. Healthy pipelines reported count is 0, required healthy pipeline reported count is 1
2024-09-10 16:46:30,049 [b02980de-72b7-4a99-a802-296f21296c04-groupManagement] INFO  server.RaftServerConfigKeys (ConfUtils.java:logGet(46)) - raft.server.log.segment.cache.num.max = 2 (custom)
2024-09-10 16:46:30,049 [b02980de-72b7-4a99-a802-296f21296c04-groupManagement] INFO  server.RaftServerConfigKeys (ConfUtils.java:logGet(46)) - raft.server.log.segment.cache.size.max = 200MB (=209715200) (default)
2024-09-10 16:46:30,049 [b02980de-72b7-4a99-a802-296f21296c04-groupManagement] INFO  server.RaftServerConfigKeys (ConfUtils.java:logGet(46)) - raft.server.log.appender.buffer.byte-limit = 33554432 (custom)
2024-09-10 16:46:30,049 [b02980de-72b7-4a99-a802-296f21296c04-groupManagement] INFO  util.AwaitToRun (AwaitToRun.java:start(81)) - Thread[b02980de-72b7-4a99-a802-296f21296c04@group-58973242F5DF-cacheEviction-AwaitToRun,5,main] started
2024-09-10 16:46:30,049 [b02980de-72b7-4a99-a802-296f21296c04-groupManagement] INFO  segmented.SegmentedRaftLogWorker (SegmentedRaftLogWorker.java:<init>(184)) - new b02980de-72b7-4a99-a802-296f21296c04@group-58973242F5DF-SegmentedRaftLogWorker for RaftStorageImpl:Storage Directory /home/runner/work/ozone/ozone/hadoop-ozone/integration-test/target/test-dir/MiniOzoneClusterImpl-4ea98613-7ec2-40e8-bdf5-64593f2fdf96/ozone-meta/datanode-5/ratis/2b7e01a2-3953-4eaf-b082-58973242f5df
2024-09-10 16:46:30,049 [b02980de-72b7-4a99-a802-296f21296c04-groupManagement] INFO  server.RaftServerConfigKeys (ConfUtils.java:logGet(46)) - raft.server.log.queue.byte-limit = 4294967296 (custom)
2024-09-10 16:46:30,049 [b02980de-72b7-4a99-a802-296f21296c04-groupManagement] INFO  server.RaftServerConfigKeys (ConfUtils.java:logGet(46)) - raft.server.log.queue.element-limit = 1024 (custom)
2024-09-10 16:46:30,049 [b02980de-72b7-4a99-a802-296f21296c04-groupManagement] INFO  server.RaftServerConfigKeys (ConfUtils.java:logGet(46)) - raft.server.log.segment.size.max = 67108864 (custom)
2024-09-10 16:46:30,049 [b02980de-72b7-4a99-a802-296f21296c04-groupManagement] INFO  server.RaftServerConfigKeys (ConfUtils.java:logGet(46)) - raft.server.log.preallocated.size = 4194304 (custom)
2024-09-10 16:46:30,049 [b02980de-72b7-4a99-a802-296f21296c04-groupManagement] INFO  server.RaftServerConfigKeys (ConfUtils.java:logGet(46)) - raft.server.log.force.sync.num = 128 (default)
2024-09-10 16:46:30,049 [b02980de-72b7-4a99-a802-296f21296c04-groupManagement] INFO  server.RaftServerConfigKeys (ConfUtils.java:logGet(46)) - raft.server.log.statemachine.data.sync = true (default)
2024-09-10 16:46:30,049 [b02980de-72b7-4a99-a802-296f21296c04-groupManagement] INFO  server.RaftServerConfigKeys (ConfUtils.java:logGet(46)) - raft.server.log.statemachine.data.sync.timeout = 10s (default)
2024-09-10 16:46:30,050 [b02980de-72b7-4a99-a802-296f21296c04-groupManagement] INFO  server.RaftServerConfigKeys (ConfUtils.java:logGet(46)) - raft.server.log.statemachine.data.sync.timeout.retry = 30 (custom)
2024-09-10 16:46:30,050 [b02980de-72b7-4a99-a802-296f21296c04-groupManagement] INFO  server.RaftServerConfigKeys (ConfUtils.java:logGet(46)) - raft.server.log.write.buffer.size = 33554440 (custom)
2024-09-10 16:46:30,055 [b02980de-72b7-4a99-a802-296f21296c04-groupManagement] INFO  server.RaftServerConfigKeys (ConfUtils.java:logGet(46)) - raft.server.log.appender.buffer.byte-limit = 33554432 (custom)
2024-09-10 16:46:30,055 [b02980de-72b7-4a99-a802-296f21296c04-groupManagement] INFO  server.RaftServerConfigKeys (ConfUtils.java:logGet(46)) - raft.server.log.unsafe-flush.enabled = false (default)
2024-09-10 16:46:30,055 [b02980de-72b7-4a99-a802-296f21296c04-groupManagement] INFO  server.RaftServerConfigKeys (ConfUtils.java:logGet(46)) - raft.server.log.async-flush.enabled = false (default)
2024-09-10 16:46:30,055 [b02980de-72b7-4a99-a802-296f21296c04-groupManagement] INFO  server.RaftServerConfigKeys (ConfUtils.java:logGet(46)) - raft.server.log.statemachine.data.caching.enabled = true (custom)
2024-09-10 16:46:30,055 [b02980de-72b7-4a99-a802-296f21296c04-groupManagement] INFO  segmented.SegmentedRaftLogWorker (SegmentedRaftLogWorker.java:lambda$new$0(135)) - b02980de-72b7-4a99-a802-296f21296c04@group-58973242F5DF-SegmentedRaftLogWorker: flushIndex: setUnconditionally 0 -> -1
2024-09-10 16:46:30,055 [b02980de-72b7-4a99-a802-296f21296c04-groupManagement] INFO  segmented.SegmentedRaftLogWorker (SegmentedRaftLogWorker.java:lambda$new$0(135)) - b02980de-72b7-4a99-a802-296f21296c04@group-58973242F5DF-SegmentedRaftLogWorker: safeCacheEvictIndex: setUnconditionally 0 -> -1
2024-09-10 16:46:30,055 [b02980de-72b7-4a99-a802-296f21296c04-groupManagement] INFO  server.RaftServer$Division (RaftServerImpl.java:start(389)) - b02980de-72b7-4a99-a802-296f21296c04@group-58973242F5DF: start as a follower, conf=conf: {index: -1, cur=peers:[b02980de-72b7-4a99-a802-296f21296c04|127.0.0.1:15207]|listeners:[], old=null}
2024-09-10 16:46:30,055 [b02980de-72b7-4a99-a802-296f21296c04-groupManagement] INFO  server.RaftServer$Division (RaftServerImpl.java:setRole(376)) - b02980de-72b7-4a99-a802-296f21296c04@group-58973242F5DF: changes role from      null to FOLLOWER at term 0 for startAsFollower
2024-09-10 16:46:30,055 [b02980de-72b7-4a99-a802-296f21296c04-groupManagement] INFO  impl.RoleInfo (RoleInfo.java:updateAndGet(148)) - b02980de-72b7-4a99-a802-296f21296c04: start b02980de-72b7-4a99-a802-296f21296c04@group-58973242F5DF-FollowerState
2024-09-10 16:46:30,056 [b02980de-72b7-4a99-a802-296f21296c04-groupManagement] INFO  util.JmxRegister (JmxRegister.java:tryRegister(44)) - Successfully registered JMX Bean with object name Ratis:service=RaftServer,group=group-58973242F5DF,id=b02980de-72b7-4a99-a802-296f21296c04
2024-09-10 16:46:30,056 [b02980de-72b7-4a99-a802-296f21296c04-groupManagement] INFO  util.JmxRegister (JmxRegister.java:register(58)) - register mxBean class org.apache.ratis.server.impl.RaftServerJmxAdapter as Ratis:service=RaftServer,group=group-58973242F5DF,id=b02980de-72b7-4a99-a802-296f21296c04
2024-09-10 16:46:30,056 [b02980de-72b7-4a99-a802-296f21296c04-groupManagement] INFO  server.RaftServerConfigKeys (ConfUtils.java:logGet(46)) - raft.server.snapshot.trigger-when-stop.enabled = true (default)
2024-09-10 16:46:30,056 [b02980de-72b7-4a99-a802-296f21296c04-groupManagement] INFO  server.RaftServerConfigKeys (ConfUtils.java:logGet(46)) - raft.server.snapshot.trigger-when-remove.enabled = true (default)
2024-09-10 16:46:30,056 [b02980de-72b7-4a99-a802-296f21296c04-groupManagement] INFO  server.RaftServerConfigKeys (ConfUtils.java:logGet(46)) - raft.server.snapshot.auto.trigger.enabled = true (custom)
2024-09-10 16:46:30,056 [b02980de-72b7-4a99-a802-296f21296c04-groupManagement] INFO  server.RaftServerConfigKeys (ConfUtils.java:logGet(46)) - raft.server.snapshot.auto.trigger.threshold = 10000 (custom)
2024-09-10 16:46:30,056 [b02980de-72b7-4a99-a802-296f21296c04-groupManagement] INFO  server.RaftServerConfigKeys (ConfUtils.java:logGet(46)) - raft.server.snapshot.retention.file.num = 5 (custom)
2024-09-10 16:46:30,056 [b02980de-72b7-4a99-a802-296f21296c04-groupManagement] INFO  server.RaftServerConfigKeys (ConfUtils.java:logGet(46)) - raft.server.log.purge.upto.snapshot.index = false (default)
2024-09-10 16:46:30,056 [b02980de-72b7-4a99-a802-296f21296c04@group-58973242F5DF-FollowerState] INFO  server.RaftServerConfigKeys (ConfUtils.java:logFallback(53)) - raft.server.rpc.first-election.timeout.min = 5s (fallback to raft.server.rpc.timeout.min)
2024-09-10 16:46:30,056 [b02980de-72b7-4a99-a802-296f21296c04@group-58973242F5DF-FollowerState] INFO  server.RaftServerConfigKeys (ConfUtils.java:logFallback(53)) - raft.server.rpc.first-election.timeout.max = 5200ms (fallback to raft.server.rpc.timeout.max)
2024-09-10 16:46:30,057 [b02980de-72b7-4a99-a802-296f21296c04-PipelineCommandHandlerThread-0] INFO  ratis.XceiverServerRatis (XceiverServerRatis.java:addGroup(849)) - Created group PipelineID=2b7e01a2-3953-4eaf-b082-58973242f5df
2024-09-10 16:46:30,057 [b02980de-72b7-4a99-a802-296f21296c04-PipelineCommandHandlerThread-0] INFO  commandhandler.CreatePipelineCommandHandler (CreatePipelineCommandHandler.java:lambda$handle$2(124)) - Created Pipeline RATIS ONE PipelineID=2b7e01a2-3953-4eaf-b082-58973242f5df.
2024-09-10 16:46:31,043 [main] INFO  ozone.MiniOzoneClusterImpl (MiniOzoneClusterImpl.java:lambda$waitForClusterToBeReady$0(198)) - Nodes are ready. Got 5 of 5 DN Heartbeats.
2024-09-10 16:46:31,043 [main] INFO  ozone.MiniOzoneClusterImpl (MiniOzoneClusterImpl.java:lambda$waitForClusterToBeReady$0(201)) - Waiting for cluster to exit safe mode
2024-09-10 16:46:31,043 [main] INFO  ozone.MiniOzoneClusterImpl (MiniOzoneClusterImpl.java:lambda$waitForClusterToBeReady$0(203)) - SCM became leader
2024-09-10 16:46:32,044 [main] INFO  ozone.MiniOzoneClusterImpl (MiniOzoneClusterImpl.java:lambda$waitForClusterToBeReady$0(198)) - Nodes are ready. Got 5 of 5 DN Heartbeats.
2024-09-10 16:46:32,044 [main] INFO  ozone.MiniOzoneClusterImpl (MiniOzoneClusterImpl.java:lambda$waitForClusterToBeReady$0(201)) - Waiting for cluster to exit safe mode
2024-09-10 16:46:32,044 [main] INFO  ozone.MiniOzoneClusterImpl (MiniOzoneClusterImpl.java:lambda$waitForClusterToBeReady$0(203)) - SCM became leader
2024-09-10 16:46:33,044 [main] INFO  ozone.MiniOzoneClusterImpl (MiniOzoneClusterImpl.java:lambda$waitForClusterToBeReady$0(198)) - Nodes are ready. Got 5 of 5 DN Heartbeats.
2024-09-10 16:46:33,044 [main] INFO  ozone.MiniOzoneClusterImpl (MiniOzoneClusterImpl.java:lambda$waitForClusterToBeReady$0(201)) - Waiting for cluster to exit safe mode
2024-09-10 16:46:33,044 [main] INFO  ozone.MiniOzoneClusterImpl (MiniOzoneClusterImpl.java:lambda$waitForClusterToBeReady$0(203)) - SCM became leader
2024-09-10 16:46:34,045 [main] INFO  ozone.MiniOzoneClusterImpl (MiniOzoneClusterImpl.java:lambda$waitForClusterToBeReady$0(198)) - Nodes are ready. Got 5 of 5 DN Heartbeats.
2024-09-10 16:46:34,045 [main] INFO  ozone.MiniOzoneClusterImpl (MiniOzoneClusterImpl.java:lambda$waitForClusterToBeReady$0(201)) - Waiting for cluster to exit safe mode
2024-09-10 16:46:34,045 [main] INFO  ozone.MiniOzoneClusterImpl (MiniOzoneClusterImpl.java:lambda$waitForClusterToBeReady$0(203)) - SCM became leader
2024-09-10 16:46:34,142 [e5502358-b128-4a46-b87d-f44ed006f965@group-A76AAD3EA5B0-FollowerState] INFO  impl.FollowerState (FollowerState.java:run(144)) - e5502358-b128-4a46-b87d-f44ed006f965@group-A76AAD3EA5B0-FollowerState: change to CANDIDATE, lastRpcElapsedTime:5009624118ns, electionTimeout:5006ms
2024-09-10 16:46:34,142 [e5502358-b128-4a46-b87d-f44ed006f965@group-A76AAD3EA5B0-FollowerState] INFO  impl.RoleInfo (RoleInfo.java:shutdownFollowerState(119)) - e5502358-b128-4a46-b87d-f44ed006f965: shutdown e5502358-b128-4a46-b87d-f44ed006f965@group-A76AAD3EA5B0-FollowerState
2024-09-10 16:46:34,143 [e5502358-b128-4a46-b87d-f44ed006f965@group-A76AAD3EA5B0-FollowerState] INFO  server.RaftServer$Division (RaftServerImpl.java:setRole(376)) - e5502358-b128-4a46-b87d-f44ed006f965@group-A76AAD3EA5B0: changes role from  FOLLOWER to CANDIDATE at term 0 for changeToCandidate
2024-09-10 16:46:34,143 [e5502358-b128-4a46-b87d-f44ed006f965@group-A76AAD3EA5B0-FollowerState] INFO  server.RaftServerConfigKeys (ConfUtils.java:logGet(46)) - raft.server.leaderelection.pre-vote = true (default)
2024-09-10 16:46:34,143 [e5502358-b128-4a46-b87d-f44ed006f965@group-A76AAD3EA5B0-FollowerState] INFO  impl.RoleInfo (RoleInfo.java:updateAndGet(148)) - e5502358-b128-4a46-b87d-f44ed006f965: start e5502358-b128-4a46-b87d-f44ed006f965@group-A76AAD3EA5B0-LeaderElection47
2024-09-10 16:46:34,143 [e5502358-b128-4a46-b87d-f44ed006f965@group-A76AAD3EA5B0-LeaderElection47] INFO  impl.LeaderElection (LeaderElection.java:askForVotes(321)) - e5502358-b128-4a46-b87d-f44ed006f965@group-A76AAD3EA5B0-LeaderElection47 PRE_VOTE round 0: submit vote requests at term 0 for conf: {index: -1, cur=peers:[2330440b-2504-4263-b461-07f8c416a88f|127.0.0.1:15180, f49a985e-efe9-405d-8922-13d0c1bb1d78|127.0.0.1:15189, e5502358-b128-4a46-b87d-f44ed006f965|127.0.0.1:15171]|listeners:[], old=null}
2024-09-10 16:46:34,143 [e5502358-b128-4a46-b87d-f44ed006f965@group-A76AAD3EA5B0-LeaderElection47-1] INFO  server.GrpcServerProtocolClient (GrpcServerProtocolClient.java:<init>(65)) - Build channel for 2330440b-2504-4263-b461-07f8c416a88f|127.0.0.1:15180
2024-09-10 16:46:34,144 [e5502358-b128-4a46-b87d-f44ed006f965@group-A76AAD3EA5B0-LeaderElection47-2] INFO  server.GrpcServerProtocolClient (GrpcServerProtocolClient.java:<init>(65)) - Build channel for f49a985e-efe9-405d-8922-13d0c1bb1d78|127.0.0.1:15189
2024-09-10 16:46:34,143 [e5502358-b128-4a46-b87d-f44ed006f965@group-A76AAD3EA5B0-LeaderElection47] INFO  server.RaftServerConfigKeys (ConfUtils.java:logFallback(53)) - raft.server.rpc.first-election.timeout.min = 5s (fallback to raft.server.rpc.timeout.min)
2024-09-10 16:46:34,144 [e5502358-b128-4a46-b87d-f44ed006f965@group-A76AAD3EA5B0-LeaderElection47] INFO  server.RaftServerConfigKeys (ConfUtils.java:logFallback(53)) - raft.server.rpc.first-election.timeout.max = 5200ms (fallback to raft.server.rpc.timeout.max)
2024-09-10 16:46:34,147 [grpc-default-executor-1] INFO  server.RaftServer$Division (RaftServerImpl.java:requestVote(1416)) - f49a985e-efe9-405d-8922-13d0c1bb1d78@group-A76AAD3EA5B0: receive requestVote(PRE_VOTE, e5502358-b128-4a46-b87d-f44ed006f965, group-A76AAD3EA5B0, 0, (t:0, i:0))
2024-09-10 16:46:34,147 [grpc-default-executor-1] INFO  impl.VoteContext (VoteContext.java:log(49)) - f49a985e-efe9-405d-8922-13d0c1bb1d78@group-A76AAD3EA5B0-FOLLOWER: reject PRE_VOTE from e5502358-b128-4a46-b87d-f44ed006f965: our priority 1 > candidate's priority 0
2024-09-10 16:46:34,147 [grpc-default-executor-1] INFO  server.RaftServer$Division (RaftServerImpl.java:requestVote(1449)) - f49a985e-efe9-405d-8922-13d0c1bb1d78@group-A76AAD3EA5B0 replies to PRE_VOTE vote request: e5502358-b128-4a46-b87d-f44ed006f965<-f49a985e-efe9-405d-8922-13d0c1bb1d78#0:FAIL-t0. Peer's state: f49a985e-efe9-405d-8922-13d0c1bb1d78@group-A76AAD3EA5B0:t0, leader=null, voted=, raftlog=Memoized:f49a985e-efe9-405d-8922-13d0c1bb1d78@group-A76AAD3EA5B0-SegmentedRaftLog:OPENED:c-1:lastnull, conf=conf: {index: -1, cur=peers:[2330440b-2504-4263-b461-07f8c416a88f|127.0.0.1:15180, f49a985e-efe9-405d-8922-13d0c1bb1d78|127.0.0.1:15189, e5502358-b128-4a46-b87d-f44ed006f965|127.0.0.1:15171]|listeners:[], old=null}
2024-09-10 16:46:34,148 [e5502358-b128-4a46-b87d-f44ed006f965@group-A76AAD3EA5B0-LeaderElection47] INFO  impl.LeaderElection (LeaderElection.java:logAndReturn(89)) - e5502358-b128-4a46-b87d-f44ed006f965@group-A76AAD3EA5B0-LeaderElection47: PRE_VOTE REJECTED received 1 response(s) and 0 exception(s):
2024-09-10 16:46:34,148 [e5502358-b128-4a46-b87d-f44ed006f965@group-A76AAD3EA5B0-LeaderElection47] INFO  impl.LeaderElection (LeaderElection.java:logAndReturn(93)) -   Response 0: e5502358-b128-4a46-b87d-f44ed006f965<-f49a985e-efe9-405d-8922-13d0c1bb1d78#0:FAIL-t0
2024-09-10 16:46:34,148 [e5502358-b128-4a46-b87d-f44ed006f965@group-A76AAD3EA5B0-LeaderElection47] INFO  impl.LeaderElection (LeaderElection.java:askForVotes(323)) - e5502358-b128-4a46-b87d-f44ed006f965@group-A76AAD3EA5B0-LeaderElection47 PRE_VOTE round 0: result REJECTED
2024-09-10 16:46:34,148 [e5502358-b128-4a46-b87d-f44ed006f965@group-A76AAD3EA5B0-LeaderElection47] INFO  server.RaftServer$Division (RaftServerImpl.java:setRole(376)) - e5502358-b128-4a46-b87d-f44ed006f965@group-A76AAD3EA5B0: changes role from CANDIDATE to FOLLOWER at term 0 for REJECTED
2024-09-10 16:46:34,148 [e5502358-b128-4a46-b87d-f44ed006f965@group-A76AAD3EA5B0-LeaderElection47] INFO  impl.RoleInfo (RoleInfo.java:shutdownLeaderElection(139)) - e5502358-b128-4a46-b87d-f44ed006f965: shutdown e5502358-b128-4a46-b87d-f44ed006f965@group-A76AAD3EA5B0-LeaderElection47
2024-09-10 16:46:34,149 [e5502358-b128-4a46-b87d-f44ed006f965@group-A76AAD3EA5B0-LeaderElection47] INFO  impl.RoleInfo (RoleInfo.java:updateAndGet(148)) - e5502358-b128-4a46-b87d-f44ed006f965: start e5502358-b128-4a46-b87d-f44ed006f965@group-A76AAD3EA5B0-FollowerState
2024-09-10 16:46:34,149 [e5502358-b128-4a46-b87d-f44ed006f965@group-A76AAD3EA5B0-LeaderElection47] INFO  server.RaftServer$Division (RaftServerImpl.java:setFirstElection(549)) - e5502358-b128-4a46-b87d-f44ed006f965@group-A76AAD3EA5B0: set firstElectionSinceStartup to false for REJECTED
2024-09-10 16:46:34,281 [2330440b-2504-4263-b461-07f8c416a88f@group-BD59E781AD1C-FollowerState] INFO  impl.FollowerState (FollowerState.java:run(144)) - 2330440b-2504-4263-b461-07f8c416a88f@group-BD59E781AD1C-FollowerState: change to CANDIDATE, lastRpcElapsedTime:5011468156ns, electionTimeout:5011ms
2024-09-10 16:46:34,281 [2330440b-2504-4263-b461-07f8c416a88f@group-BD59E781AD1C-FollowerState] INFO  impl.RoleInfo (RoleInfo.java:shutdownFollowerState(119)) - 2330440b-2504-4263-b461-07f8c416a88f: shutdown 2330440b-2504-4263-b461-07f8c416a88f@group-BD59E781AD1C-FollowerState
2024-09-10 16:46:34,281 [2330440b-2504-4263-b461-07f8c416a88f@group-BD59E781AD1C-FollowerState] INFO  server.RaftServer$Division (RaftServerImpl.java:setRole(376)) - 2330440b-2504-4263-b461-07f8c416a88f@group-BD59E781AD1C: changes role from  FOLLOWER to CANDIDATE at term 0 for changeToCandidate
2024-09-10 16:46:34,281 [2330440b-2504-4263-b461-07f8c416a88f@group-BD59E781AD1C-FollowerState] INFO  server.RaftServerConfigKeys (ConfUtils.java:logGet(46)) - raft.server.leaderelection.pre-vote = true (default)
2024-09-10 16:46:34,281 [2330440b-2504-4263-b461-07f8c416a88f@group-BD59E781AD1C-FollowerState] INFO  impl.RoleInfo (RoleInfo.java:updateAndGet(148)) - 2330440b-2504-4263-b461-07f8c416a88f: start 2330440b-2504-4263-b461-07f8c416a88f@group-BD59E781AD1C-LeaderElection48
2024-09-10 16:46:34,282 [2330440b-2504-4263-b461-07f8c416a88f@group-BD59E781AD1C-LeaderElection48] INFO  impl.LeaderElection (LeaderElection.java:askForVotes(321)) - 2330440b-2504-4263-b461-07f8c416a88f@group-BD59E781AD1C-LeaderElection48 PRE_VOTE round 0: submit vote requests at term 0 for conf: {index: -1, cur=peers:[2330440b-2504-4263-b461-07f8c416a88f|127.0.0.1:15180, f49a985e-efe9-405d-8922-13d0c1bb1d78|127.0.0.1:15189, e5502358-b128-4a46-b87d-f44ed006f965|127.0.0.1:15171]|listeners:[], old=null}
2024-09-10 16:46:34,282 [2330440b-2504-4263-b461-07f8c416a88f@group-BD59E781AD1C-LeaderElection48-1] INFO  server.GrpcServerProtocolClient (GrpcServerProtocolClient.java:<init>(65)) - Build channel for f49a985e-efe9-405d-8922-13d0c1bb1d78|127.0.0.1:15189
2024-09-10 16:46:34,282 [2330440b-2504-4263-b461-07f8c416a88f@group-BD59E781AD1C-LeaderElection48] INFO  server.RaftServerConfigKeys (ConfUtils.java:logFallback(53)) - raft.server.rpc.first-election.timeout.min = 5s (fallback to raft.server.rpc.timeout.min)
2024-09-10 16:46:34,282 [2330440b-2504-4263-b461-07f8c416a88f@group-BD59E781AD1C-LeaderElection48] INFO  server.RaftServerConfigKeys (ConfUtils.java:logFallback(53)) - raft.server.rpc.first-election.timeout.max = 5200ms (fallback to raft.server.rpc.timeout.max)
2024-09-10 16:46:34,283 [2330440b-2504-4263-b461-07f8c416a88f@group-BD59E781AD1C-LeaderElection48-2] INFO  server.GrpcServerProtocolClient (GrpcServerProtocolClient.java:<init>(65)) - Build channel for e5502358-b128-4a46-b87d-f44ed006f965|127.0.0.1:15171
2024-09-10 16:46:34,286 [grpc-default-executor-1] INFO  server.RaftServer$Division (RaftServerImpl.java:requestVote(1416)) - f49a985e-efe9-405d-8922-13d0c1bb1d78@group-BD59E781AD1C: receive requestVote(PRE_VOTE, 2330440b-2504-4263-b461-07f8c416a88f, group-BD59E781AD1C, 0, (t:0, i:0))
2024-09-10 16:46:34,286 [grpc-default-executor-0] INFO  server.RaftServer$Division (RaftServerImpl.java:requestVote(1416)) - e5502358-b128-4a46-b87d-f44ed006f965@group-BD59E781AD1C: receive requestVote(PRE_VOTE, 2330440b-2504-4263-b461-07f8c416a88f, group-BD59E781AD1C, 0, (t:0, i:0))
2024-09-10 16:46:34,286 [grpc-default-executor-1] INFO  impl.VoteContext (VoteContext.java:log(49)) - f49a985e-efe9-405d-8922-13d0c1bb1d78@group-BD59E781AD1C-FOLLOWER: accept PRE_VOTE from 2330440b-2504-4263-b461-07f8c416a88f: our priority 0 <= candidate's priority 0
2024-09-10 16:46:34,286 [grpc-default-executor-0] INFO  impl.VoteContext (VoteContext.java:log(49)) - e5502358-b128-4a46-b87d-f44ed006f965@group-BD59E781AD1C-FOLLOWER: reject PRE_VOTE from 2330440b-2504-4263-b461-07f8c416a88f: our priority 1 > candidate's priority 0
2024-09-10 16:46:34,287 [grpc-default-executor-1] INFO  server.RaftServer$Division (RaftServerImpl.java:requestVote(1449)) - f49a985e-efe9-405d-8922-13d0c1bb1d78@group-BD59E781AD1C replies to PRE_VOTE vote request: 2330440b-2504-4263-b461-07f8c416a88f<-f49a985e-efe9-405d-8922-13d0c1bb1d78#0:OK-t0. Peer's state: f49a985e-efe9-405d-8922-13d0c1bb1d78@group-BD59E781AD1C:t0, leader=null, voted=, raftlog=Memoized:f49a985e-efe9-405d-8922-13d0c1bb1d78@group-BD59E781AD1C-SegmentedRaftLog:OPENED:c-1:lastnull, conf=conf: {index: -1, cur=peers:[2330440b-2504-4263-b461-07f8c416a88f|127.0.0.1:15180, f49a985e-efe9-405d-8922-13d0c1bb1d78|127.0.0.1:15189, e5502358-b128-4a46-b87d-f44ed006f965|127.0.0.1:15171]|listeners:[], old=null}
2024-09-10 16:46:34,287 [grpc-default-executor-0] INFO  server.RaftServer$Division (RaftServerImpl.java:requestVote(1449)) - e5502358-b128-4a46-b87d-f44ed006f965@group-BD59E781AD1C replies to PRE_VOTE vote request: 2330440b-2504-4263-b461-07f8c416a88f<-e5502358-b128-4a46-b87d-f44ed006f965#0:FAIL-t0. Peer's state: e5502358-b128-4a46-b87d-f44ed006f965@group-BD59E781AD1C:t0, leader=null, voted=, raftlog=Memoized:e5502358-b128-4a46-b87d-f44ed006f965@group-BD59E781AD1C-SegmentedRaftLog:OPENED:c-1:lastnull, conf=conf: {index: -1, cur=peers:[2330440b-2504-4263-b461-07f8c416a88f|127.0.0.1:15180, f49a985e-efe9-405d-8922-13d0c1bb1d78|127.0.0.1:15189, e5502358-b128-4a46-b87d-f44ed006f965|127.0.0.1:15171]|listeners:[], old=null}
2024-09-10 16:46:34,287 [2330440b-2504-4263-b461-07f8c416a88f@group-BD59E781AD1C-LeaderElection48] INFO  impl.LeaderElection (LeaderElection.java:logAndReturn(89)) - 2330440b-2504-4263-b461-07f8c416a88f@group-BD59E781AD1C-LeaderElection48: PRE_VOTE REJECTED received 2 response(s) and 0 exception(s):
2024-09-10 16:46:34,287 [2330440b-2504-4263-b461-07f8c416a88f@group-BD59E781AD1C-LeaderElection48] INFO  impl.LeaderElection (LeaderElection.java:logAndReturn(93)) -   Response 0: 2330440b-2504-4263-b461-07f8c416a88f<-f49a985e-efe9-405d-8922-13d0c1bb1d78#0:OK-t0
2024-09-10 16:46:34,287 [2330440b-2504-4263-b461-07f8c416a88f@group-BD59E781AD1C-LeaderElection48] INFO  impl.LeaderElection (LeaderElection.java:logAndReturn(93)) -   Response 1: 2330440b-2504-4263-b461-07f8c416a88f<-e5502358-b128-4a46-b87d-f44ed006f965#0:FAIL-t0
2024-09-10 16:46:34,287 [2330440b-2504-4263-b461-07f8c416a88f@group-BD59E781AD1C-LeaderElection48] INFO  impl.LeaderElection (LeaderElection.java:askForVotes(323)) - 2330440b-2504-4263-b461-07f8c416a88f@group-BD59E781AD1C-LeaderElection48 PRE_VOTE round 0: result REJECTED
2024-09-10 16:46:34,288 [2330440b-2504-4263-b461-07f8c416a88f@group-BD59E781AD1C-LeaderElection48] INFO  server.RaftServer$Division (RaftServerImpl.java:setRole(376)) - 2330440b-2504-4263-b461-07f8c416a88f@group-BD59E781AD1C: changes role from CANDIDATE to FOLLOWER at term 0 for REJECTED
2024-09-10 16:46:34,288 [2330440b-2504-4263-b461-07f8c416a88f@group-BD59E781AD1C-LeaderElection48] INFO  impl.RoleInfo (RoleInfo.java:shutdownLeaderElection(139)) - 2330440b-2504-4263-b461-07f8c416a88f: shutdown 2330440b-2504-4263-b461-07f8c416a88f@group-BD59E781AD1C-LeaderElection48
2024-09-10 16:46:34,288 [2330440b-2504-4263-b461-07f8c416a88f@group-BD59E781AD1C-LeaderElection48] INFO  impl.RoleInfo (RoleInfo.java:updateAndGet(148)) - 2330440b-2504-4263-b461-07f8c416a88f: start 2330440b-2504-4263-b461-07f8c416a88f@group-BD59E781AD1C-FollowerState
2024-09-10 16:46:34,288 [2330440b-2504-4263-b461-07f8c416a88f@group-BD59E781AD1C-LeaderElection48] INFO  server.RaftServer$Division (RaftServerImpl.java:setFirstElection(549)) - 2330440b-2504-4263-b461-07f8c416a88f@group-BD59E781AD1C: set firstElectionSinceStartup to false for REJECTED
2024-09-10 16:46:34,289 [f49a985e-efe9-405d-8922-13d0c1bb1d78@group-A76AAD3EA5B0-FollowerState] INFO  impl.FollowerState (FollowerState.java:run(144)) - f49a985e-efe9-405d-8922-13d0c1bb1d78@group-A76AAD3EA5B0-FollowerState: change to CANDIDATE, lastRpcElapsedTime:5098832644ns, electionTimeout:5098ms
2024-09-10 16:46:34,289 [f49a985e-efe9-405d-8922-13d0c1bb1d78@group-A76AAD3EA5B0-FollowerState] INFO  impl.RoleInfo (RoleInfo.java:shutdownFollowerState(119)) - f49a985e-efe9-405d-8922-13d0c1bb1d78: shutdown f49a985e-efe9-405d-8922-13d0c1bb1d78@group-A76AAD3EA5B0-FollowerState
2024-09-10 16:46:34,289 [f49a985e-efe9-405d-8922-13d0c1bb1d78@group-A76AAD3EA5B0-FollowerState] INFO  server.RaftServer$Division (RaftServerImpl.java:setRole(376)) - f49a985e-efe9-405d-8922-13d0c1bb1d78@group-A76AAD3EA5B0: changes role from  FOLLOWER to CANDIDATE at term 0 for changeToCandidate
2024-09-10 16:46:34,289 [f49a985e-efe9-405d-8922-13d0c1bb1d78@group-A76AAD3EA5B0-FollowerState] INFO  server.RaftServerConfigKeys (ConfUtils.java:logGet(46)) - raft.server.leaderelection.pre-vote = true (default)
2024-09-10 16:46:34,289 [f49a985e-efe9-405d-8922-13d0c1bb1d78@group-A76AAD3EA5B0-FollowerState] INFO  impl.RoleInfo (RoleInfo.java:updateAndGet(148)) - f49a985e-efe9-405d-8922-13d0c1bb1d78: start f49a985e-efe9-405d-8922-13d0c1bb1d78@group-A76AAD3EA5B0-LeaderElection49
2024-09-10 16:46:34,289 [f49a985e-efe9-405d-8922-13d0c1bb1d78@group-A76AAD3EA5B0-LeaderElection49] INFO  impl.LeaderElection (LeaderElection.java:askForVotes(321)) - f49a985e-efe9-405d-8922-13d0c1bb1d78@group-A76AAD3EA5B0-LeaderElection49 PRE_VOTE round 0: submit vote requests at term 0 for conf: {index: -1, cur=peers:[2330440b-2504-4263-b461-07f8c416a88f|127.0.0.1:15180, f49a985e-efe9-405d-8922-13d0c1bb1d78|127.0.0.1:15189, e5502358-b128-4a46-b87d-f44ed006f965|127.0.0.1:15171]|listeners:[], old=null}
2024-09-10 16:46:34,289 [f49a985e-efe9-405d-8922-13d0c1bb1d78@group-A76AAD3EA5B0-LeaderElection49-1] INFO  server.GrpcServerProtocolClient (GrpcServerProtocolClient.java:<init>(65)) - Build channel for 2330440b-2504-4263-b461-07f8c416a88f|127.0.0.1:15180
2024-09-10 16:46:34,289 [f49a985e-efe9-405d-8922-13d0c1bb1d78@group-A76AAD3EA5B0-LeaderElection49-2] INFO  server.GrpcServerProtocolClient (GrpcServerProtocolClient.java:<init>(65)) - Build channel for e5502358-b128-4a46-b87d-f44ed006f965|127.0.0.1:15171
2024-09-10 16:46:34,289 [f49a985e-efe9-405d-8922-13d0c1bb1d78@group-A76AAD3EA5B0-LeaderElection49] INFO  server.RaftServerConfigKeys (ConfUtils.java:logFallback(53)) - raft.server.rpc.first-election.timeout.min = 5s (fallback to raft.server.rpc.timeout.min)
2024-09-10 16:46:34,290 [f49a985e-efe9-405d-8922-13d0c1bb1d78@group-A76AAD3EA5B0-LeaderElection49] INFO  server.RaftServerConfigKeys (ConfUtils.java:logFallback(53)) - raft.server.rpc.first-election.timeout.max = 5200ms (fallback to raft.server.rpc.timeout.max)
2024-09-10 16:46:34,292 [grpc-default-executor-1] INFO  server.RaftServer$Division (RaftServerImpl.java:requestVote(1416)) - e5502358-b128-4a46-b87d-f44ed006f965@group-A76AAD3EA5B0: receive requestVote(PRE_VOTE, f49a985e-efe9-405d-8922-13d0c1bb1d78, group-A76AAD3EA5B0, 0, (t:0, i:0))
2024-09-10 16:46:34,292 [grpc-default-executor-1] INFO  impl.VoteContext (VoteContext.java:log(49)) - e5502358-b128-4a46-b87d-f44ed006f965@group-A76AAD3EA5B0-FOLLOWER: accept PRE_VOTE from f49a985e-efe9-405d-8922-13d0c1bb1d78: our priority 0 <= candidate's priority 1
2024-09-10 16:46:34,292 [grpc-default-executor-1] INFO  server.RaftServer$Division (RaftServerImpl.java:requestVote(1449)) - e5502358-b128-4a46-b87d-f44ed006f965@group-A76AAD3EA5B0 replies to PRE_VOTE vote request: f49a985e-efe9-405d-8922-13d0c1bb1d78<-e5502358-b128-4a46-b87d-f44ed006f965#0:OK-t0. Peer's state: e5502358-b128-4a46-b87d-f44ed006f965@group-A76AAD3EA5B0:t0, leader=null, voted=, raftlog=Memoized:e5502358-b128-4a46-b87d-f44ed006f965@group-A76AAD3EA5B0-SegmentedRaftLog:OPENED:c-1:lastnull, conf=conf: {index: -1, cur=peers:[2330440b-2504-4263-b461-07f8c416a88f|127.0.0.1:15180, f49a985e-efe9-405d-8922-13d0c1bb1d78|127.0.0.1:15189, e5502358-b128-4a46-b87d-f44ed006f965|127.0.0.1:15171]|listeners:[], old=null}
2024-09-10 16:46:34,293 [f49a985e-efe9-405d-8922-13d0c1bb1d78@group-A76AAD3EA5B0-LeaderElection49] INFO  impl.LeaderElection (LeaderElection.java:logAndReturn(89)) - f49a985e-efe9-405d-8922-13d0c1bb1d78@group-A76AAD3EA5B0-LeaderElection49: PRE_VOTE PASSED received 1 response(s) and 0 exception(s):
2024-09-10 16:46:34,293 [f49a985e-efe9-405d-8922-13d0c1bb1d78@group-A76AAD3EA5B0-LeaderElection49] INFO  impl.LeaderElection (LeaderElection.java:logAndReturn(93)) -   Response 0: f49a985e-efe9-405d-8922-13d0c1bb1d78<-e5502358-b128-4a46-b87d-f44ed006f965#0:OK-t0
2024-09-10 16:46:34,293 [f49a985e-efe9-405d-8922-13d0c1bb1d78@group-A76AAD3EA5B0-LeaderElection49] INFO  impl.LeaderElection (LeaderElection.java:askForVotes(323)) - f49a985e-efe9-405d-8922-13d0c1bb1d78@group-A76AAD3EA5B0-LeaderElection49 PRE_VOTE round 0: result PASSED
2024-09-10 16:46:34,294 [f49a985e-efe9-405d-8922-13d0c1bb1d78@group-A76AAD3EA5B0-LeaderElection49] INFO  impl.LeaderElection (LeaderElection.java:askForVotes(321)) - f49a985e-efe9-405d-8922-13d0c1bb1d78@group-A76AAD3EA5B0-LeaderElection49 ELECTION round 0: submit vote requests at term 1 for conf: {index: -1, cur=peers:[2330440b-2504-4263-b461-07f8c416a88f|127.0.0.1:15180, f49a985e-efe9-405d-8922-13d0c1bb1d78|127.0.0.1:15189, e5502358-b128-4a46-b87d-f44ed006f965|127.0.0.1:15171]|listeners:[], old=null}
2024-09-10 16:46:34,295 [f49a985e-efe9-405d-8922-13d0c1bb1d78@group-A76AAD3EA5B0-LeaderElection49] INFO  server.RaftServerConfigKeys (ConfUtils.java:logFallback(53)) - raft.server.rpc.first-election.timeout.min = 5s (fallback to raft.server.rpc.timeout.min)
2024-09-10 16:46:34,295 [f49a985e-efe9-405d-8922-13d0c1bb1d78@group-A76AAD3EA5B0-LeaderElection49] INFO  server.RaftServerConfigKeys (ConfUtils.java:logFallback(53)) - raft.server.rpc.first-election.timeout.max = 5200ms (fallback to raft.server.rpc.timeout.max)
2024-09-10 16:46:34,296 [grpc-default-executor-0] INFO  server.RaftServer$Division (RaftServerImpl.java:requestVote(1416)) - 2330440b-2504-4263-b461-07f8c416a88f@group-A76AAD3EA5B0: receive requestVote(ELECTION, f49a985e-efe9-405d-8922-13d0c1bb1d78, group-A76AAD3EA5B0, 1, (t:0, i:0))
2024-09-10 16:46:34,296 [grpc-default-executor-0] INFO  impl.VoteContext (VoteContext.java:log(49)) - 2330440b-2504-4263-b461-07f8c416a88f@group-A76AAD3EA5B0-FOLLOWER: accept ELECTION from f49a985e-efe9-405d-8922-13d0c1bb1d78: our priority 0 <= candidate's priority 1
2024-09-10 16:46:34,296 [grpc-default-executor-0] INFO  server.RaftServer$Division (RaftServerImpl.java:setRole(376)) - 2330440b-2504-4263-b461-07f8c416a88f@group-A76AAD3EA5B0: changes role from  FOLLOWER to FOLLOWER at term 1 for candidate:f49a985e-efe9-405d-8922-13d0c1bb1d78
2024-09-10 16:46:34,296 [grpc-default-executor-0] INFO  impl.RoleInfo (RoleInfo.java:shutdownFollowerState(119)) - 2330440b-2504-4263-b461-07f8c416a88f: shutdown 2330440b-2504-4263-b461-07f8c416a88f@group-A76AAD3EA5B0-FollowerState
2024-09-10 16:46:34,296 [grpc-default-executor-0] INFO  impl.RoleInfo (RoleInfo.java:updateAndGet(148)) - 2330440b-2504-4263-b461-07f8c416a88f: start 2330440b-2504-4263-b461-07f8c416a88f@group-A76AAD3EA5B0-FollowerState
2024-09-10 16:46:34,296 [2330440b-2504-4263-b461-07f8c416a88f@group-A76AAD3EA5B0-FollowerState] INFO  impl.FollowerState (FollowerState.java:run(153)) - 2330440b-2504-4263-b461-07f8c416a88f@group-A76AAD3EA5B0-FollowerState was interrupted
2024-09-10 16:46:34,297 [grpc-default-executor-0] INFO  server.RaftServer$Division (RaftServerImpl.java:setFirstElection(549)) - 2330440b-2504-4263-b461-07f8c416a88f@group-A76AAD3EA5B0: set firstElectionSinceStartup to false for candidate:f49a985e-efe9-405d-8922-13d0c1bb1d78
2024-09-10 16:46:34,298 [grpc-default-executor-0] INFO  server.RaftServer$Division (RaftServerImpl.java:requestVote(1449)) - 2330440b-2504-4263-b461-07f8c416a88f@group-A76AAD3EA5B0 replies to ELECTION vote request: f49a985e-efe9-405d-8922-13d0c1bb1d78<-2330440b-2504-4263-b461-07f8c416a88f#0:OK-t1. Peer's state: 2330440b-2504-4263-b461-07f8c416a88f@group-A76AAD3EA5B0:t1, leader=null, voted=f49a985e-efe9-405d-8922-13d0c1bb1d78, raftlog=Memoized:2330440b-2504-4263-b461-07f8c416a88f@group-A76AAD3EA5B0-SegmentedRaftLog:OPENED:c-1:lastnull, conf=conf: {index: -1, cur=peers:[2330440b-2504-4263-b461-07f8c416a88f|127.0.0.1:15180, f49a985e-efe9-405d-8922-13d0c1bb1d78|127.0.0.1:15189, e5502358-b128-4a46-b87d-f44ed006f965|127.0.0.1:15171]|listeners:[], old=null}
2024-09-10 16:46:34,299 [f49a985e-efe9-405d-8922-13d0c1bb1d78@group-A76AAD3EA5B0-LeaderElection49] INFO  impl.LeaderElection (LeaderElection.java:logAndReturn(89)) - f49a985e-efe9-405d-8922-13d0c1bb1d78@group-A76AAD3EA5B0-LeaderElection49: ELECTION PASSED received 1 response(s) and 0 exception(s):
2024-09-10 16:46:34,299 [f49a985e-efe9-405d-8922-13d0c1bb1d78@group-A76AAD3EA5B0-LeaderElection49] INFO  impl.LeaderElection (LeaderElection.java:logAndReturn(93)) -   Response 0: f49a985e-efe9-405d-8922-13d0c1bb1d78<-2330440b-2504-4263-b461-07f8c416a88f#0:OK-t1
2024-09-10 16:46:34,299 [f49a985e-efe9-405d-8922-13d0c1bb1d78@group-A76AAD3EA5B0-LeaderElection49] INFO  impl.LeaderElection (LeaderElection.java:askForVotes(323)) - f49a985e-efe9-405d-8922-13d0c1bb1d78@group-A76AAD3EA5B0-LeaderElection49 ELECTION round 0: result PASSED
2024-09-10 16:46:34,299 [f49a985e-efe9-405d-8922-13d0c1bb1d78@group-A76AAD3EA5B0-LeaderElection49] INFO  impl.RoleInfo (RoleInfo.java:shutdownLeaderElection(139)) - f49a985e-efe9-405d-8922-13d0c1bb1d78: shutdown f49a985e-efe9-405d-8922-13d0c1bb1d78@group-A76AAD3EA5B0-LeaderElection49
2024-09-10 16:46:34,299 [f49a985e-efe9-405d-8922-13d0c1bb1d78@group-A76AAD3EA5B0-LeaderElection49] INFO  server.RaftServer$Division (RaftServerImpl.java:setRole(376)) - f49a985e-efe9-405d-8922-13d0c1bb1d78@group-A76AAD3EA5B0: changes role from CANDIDATE to LEADER at term 1 for changeToLeader
2024-09-10 16:46:34,299 [f49a985e-efe9-405d-8922-13d0c1bb1d78@group-A76AAD3EA5B0-LeaderElection49] INFO  server.RaftServerConfigKeys (ConfUtils.java:logGet(46)) - raft.server.staging.catchup.gap = 1000 (default)
2024-09-10 16:46:34,299 [grpc-default-executor-1] INFO  server.RaftServer$Division (RaftServerImpl.java:requestVote(1416)) - e5502358-b128-4a46-b87d-f44ed006f965@group-A76AAD3EA5B0: receive requestVote(ELECTION, f49a985e-efe9-405d-8922-13d0c1bb1d78, group-A76AAD3EA5B0, 1, (t:0, i:0))
2024-09-10 16:46:34,299 [grpc-default-executor-1] INFO  impl.VoteContext (VoteContext.java:log(49)) - e5502358-b128-4a46-b87d-f44ed006f965@group-A76AAD3EA5B0-FOLLOWER: accept ELECTION from f49a985e-efe9-405d-8922-13d0c1bb1d78: our priority 0 <= candidate's priority 1
2024-09-10 16:46:34,299 [grpc-default-executor-1] INFO  server.RaftServer$Division (RaftServerImpl.java:setRole(376)) - e5502358-b128-4a46-b87d-f44ed006f965@group-A76AAD3EA5B0: changes role from  FOLLOWER to FOLLOWER at term 1 for candidate:f49a985e-efe9-405d-8922-13d0c1bb1d78
2024-09-10 16:46:34,300 [grpc-default-executor-1] INFO  impl.RoleInfo (RoleInfo.java:shutdownFollowerState(119)) - e5502358-b128-4a46-b87d-f44ed006f965: shutdown e5502358-b128-4a46-b87d-f44ed006f965@group-A76AAD3EA5B0-FollowerState
2024-09-10 16:46:34,299 [f49a985e-efe9-405d-8922-13d0c1bb1d78@group-A76AAD3EA5B0-LeaderElection49] INFO  server.RaftServerConfigKeys (ConfUtils.java:logGet(46)) - raft.server.write.element-limit = 1024 (custom)
2024-09-10 16:46:34,300 [e5502358-b128-4a46-b87d-f44ed006f965@group-A76AAD3EA5B0-FollowerState] INFO  impl.FollowerState (FollowerState.java:run(153)) - e5502358-b128-4a46-b87d-f44ed006f965@group-A76AAD3EA5B0-FollowerState was interrupted
2024-09-10 16:46:34,300 [grpc-default-executor-1] INFO  impl.RoleInfo (RoleInfo.java:updateAndGet(148)) - e5502358-b128-4a46-b87d-f44ed006f965: start e5502358-b128-4a46-b87d-f44ed006f965@group-A76AAD3EA5B0-FollowerState
2024-09-10 16:46:34,300 [f49a985e-efe9-405d-8922-13d0c1bb1d78@group-A76AAD3EA5B0-LeaderElection49] INFO  server.RaftServerConfigKeys (ConfUtils.java:logGet(46)) - raft.server.write.byte-limit = 1024 M (=1073741824) (custom)
2024-09-10 16:46:34,300 [f49a985e-efe9-405d-8922-13d0c1bb1d78@group-A76AAD3EA5B0-LeaderElection49] INFO  server.RaftServerConfigKeys (ConfUtils.java:logGet(46)) - raft.server.watch.timeout = 3000ms (custom)
2024-09-10 16:46:34,300 [f49a985e-efe9-405d-8922-13d0c1bb1d78@group-A76AAD3EA5B0-LeaderElection49] INFO  server.RaftServerConfigKeys (ConfUtils.java:logGet(46)) - raft.server.watch.timeout.denomination = 1s (default)
2024-09-10 16:46:34,300 [f49a985e-efe9-405d-8922-13d0c1bb1d78@group-A76AAD3EA5B0-LeaderElection49] INFO  server.RaftServerConfigKeys (ConfUtils.java:logGet(46)) - raft.server.watch.element-limit = 65536 (default)
2024-09-10 16:46:34,301 [f49a985e-efe9-405d-8922-13d0c1bb1d78@group-A76AAD3EA5B0-LeaderElection49] INFO  server.RaftServerConfigKeys (ConfUtils.java:logGet(46)) - raft.server.read.leader.lease.enabled = false (default)
2024-09-10 16:46:34,301 [f49a985e-efe9-405d-8922-13d0c1bb1d78@group-A76AAD3EA5B0-LeaderElection49] INFO  server.RaftServerConfigKeys (ConfUtils.java:logGet(46)) - raft.server.read.leader.lease.timeout.ratio = 0.9 (default)
2024-09-10 16:46:34,301 [f49a985e-efe9-405d-8922-13d0c1bb1d78@group-A76AAD3EA5B0-LeaderElection49] INFO  server.RaftServerConfigKeys (ConfUtils.java:logGet(46)) - raft.server.rpc.timeout.min = 5s (custom)
2024-09-10 16:46:34,301 [f49a985e-efe9-405d-8922-13d0c1bb1d78@group-A76AAD3EA5B0-LeaderElection49] INFO  server.RaftServerConfigKeys (ConfUtils.java:logGet(46)) - raft.server.log.log-metadata.enabled = true (default)
2024-09-10 16:46:34,301 [f49a985e-efe9-405d-8922-13d0c1bb1d78@group-A76AAD3EA5B0-LeaderElection49] INFO  server.RaftServerConfigKeys (ConfUtils.java:logGet(46)) - raft.server.write.element-limit = 1024 (custom)
2024-09-10 16:46:34,301 [f49a985e-efe9-405d-8922-13d0c1bb1d78@group-A76AAD3EA5B0-LeaderElection49] INFO  server.RaftServerConfigKeys (ConfUtils.java:logGet(46)) - raft.server.write.follower.gap.ratio.max = -1.0 (default)
2024-09-10 16:46:34,301 [f49a985e-efe9-405d-8922-13d0c1bb1d78@group-A76AAD3EA5B0-LeaderElection49] INFO  server.RaftServerConfigKeys (ConfUtils.java:logGet(46)) - raft.server.log.appender.snapshot.chunk.size.max = 16MB (=16777216) (default)
2024-09-10 16:46:34,301 [f49a985e-efe9-405d-8922-13d0c1bb1d78@group-A76AAD3EA5B0-LeaderElection49] INFO  server.RaftServerConfigKeys (ConfUtils.java:logGet(46)) - raft.server.log.appender.buffer.byte-limit = 33554432 (custom)
2024-09-10 16:46:34,301 [f49a985e-efe9-405d-8922-13d0c1bb1d78@group-A76AAD3EA5B0-LeaderElection49] INFO  server.RaftServerConfigKeys (ConfUtils.java:logGet(46)) - raft.server.log.appender.buffer.element-limit = 1024 (custom)
2024-09-10 16:46:34,301 [f49a985e-efe9-405d-8922-13d0c1bb1d78@group-A76AAD3EA5B0-LeaderElection49] INFO  server.RaftServerConfigKeys (ConfUtils.java:logGet(46)) - raft.server.log.appender.wait-time.min = 0ms (custom)
2024-09-10 16:46:34,301 [f49a985e-efe9-405d-8922-13d0c1bb1d78@group-A76AAD3EA5B0-LeaderElection49] INFO  grpc.GrpcConfigKeys (ConfUtils.java:logGet(46)) - raft.grpc.server.leader.outstanding.appends.max = 8 (default)
2024-09-10 16:46:34,302 [f49a985e-efe9-405d-8922-13d0c1bb1d78@group-A76AAD3EA5B0-LeaderElection49] INFO  server.RaftServerConfigKeys (ConfUtils.java:logGet(46)) - raft.server.rpc.request.timeout = 3000ms (default)
2024-09-10 16:46:34,302 [f49a985e-efe9-405d-8922-13d0c1bb1d78@group-A76AAD3EA5B0-LeaderElection49] INFO  grpc.GrpcConfigKeys (ConfUtils.java:logGet(46)) - raft.grpc.server.install_snapshot.request.element-limit = 8 (default)
2024-09-10 16:46:34,302 [f49a985e-efe9-405d-8922-13d0c1bb1d78@group-A76AAD3EA5B0-LeaderElection49] INFO  grpc.GrpcConfigKeys (ConfUtils.java:logGet(46)) - raft.grpc.server.install_snapshot.request.timeout = 3000ms (default)
2024-09-10 16:46:34,302 [f49a985e-efe9-405d-8922-13d0c1bb1d78@group-A76AAD3EA5B0-LeaderElection49] INFO  grpc.GrpcConfigKeys (ConfUtils.java:logGet(46)) - raft.grpc.server.log-message.batch.duration = 5s (default)
2024-09-10 16:46:34,302 [f49a985e-efe9-405d-8922-13d0c1bb1d78@group-A76AAD3EA5B0-LeaderElection49] INFO  server.RaftServerConfigKeys (ConfUtils.java:logGet(46)) - raft.server.log.appender.install.snapshot.enabled = false (custom)
2024-09-10 16:46:34,302 [f49a985e-efe9-405d-8922-13d0c1bb1d78@group-A76AAD3EA5B0-LeaderElection49] INFO  grpc.GrpcConfigKeys (ConfUtils.java:logGet(46)) - raft.grpc.server.heartbeat.channel = true (default)
2024-09-10 16:46:34,302 [f49a985e-efe9-405d-8922-13d0c1bb1d78@group-A76AAD3EA5B0-LeaderElection49] INFO  server.RaftServerConfigKeys (ConfUtils.java:logGet(46)) - raft.server.log.appender.snapshot.chunk.size.max = 16MB (=16777216) (default)
2024-09-10 16:46:34,302 [f49a985e-efe9-405d-8922-13d0c1bb1d78@group-A76AAD3EA5B0-LeaderElection49] INFO  server.RaftServerConfigKeys (ConfUtils.java:logGet(46)) - raft.server.log.appender.buffer.byte-limit = 33554432 (custom)
2024-09-10 16:46:34,302 [f49a985e-efe9-405d-8922-13d0c1bb1d78@group-A76AAD3EA5B0-LeaderElection49] INFO  server.RaftServerConfigKeys (ConfUtils.java:logGet(46)) - raft.server.log.appender.buffer.element-limit = 1024 (custom)
2024-09-10 16:46:34,303 [f49a985e-efe9-405d-8922-13d0c1bb1d78@group-A76AAD3EA5B0-LeaderElection49] INFO  server.RaftServerConfigKeys (ConfUtils.java:logGet(46)) - raft.server.log.appender.wait-time.min = 0ms (custom)
2024-09-10 16:46:34,303 [f49a985e-efe9-405d-8922-13d0c1bb1d78@group-A76AAD3EA5B0-LeaderElection49] INFO  grpc.GrpcConfigKeys (ConfUtils.java:logGet(46)) - raft.grpc.server.leader.outstanding.appends.max = 8 (default)
2024-09-10 16:46:34,303 [f49a985e-efe9-405d-8922-13d0c1bb1d78@group-A76AAD3EA5B0-LeaderElection49] INFO  server.RaftServerConfigKeys (ConfUtils.java:logGet(46)) - raft.server.rpc.request.timeout = 3000ms (default)
2024-09-10 16:46:34,303 [f49a985e-efe9-405d-8922-13d0c1bb1d78@group-A76AAD3EA5B0-LeaderElection49] INFO  grpc.GrpcConfigKeys (ConfUtils.java:logGet(46)) - raft.grpc.server.install_snapshot.request.element-limit = 8 (default)
2024-09-10 16:46:34,303 [f49a985e-efe9-405d-8922-13d0c1bb1d78@group-A76AAD3EA5B0-LeaderElection49] INFO  grpc.GrpcConfigKeys (ConfUtils.java:logGet(46)) - raft.grpc.server.install_snapshot.request.timeout = 3000ms (default)
2024-09-10 16:46:34,303 [f49a985e-efe9-405d-8922-13d0c1bb1d78@group-A76AAD3EA5B0-LeaderElection49] INFO  grpc.GrpcConfigKeys (ConfUtils.java:logGet(46)) - raft.grpc.server.log-message.batch.duration = 5s (default)
2024-09-10 16:46:34,303 [f49a985e-efe9-405d-8922-13d0c1bb1d78@group-A76AAD3EA5B0-LeaderElection49] INFO  server.RaftServerConfigKeys (ConfUtils.java:logGet(46)) - raft.server.log.appender.install.snapshot.enabled = false (custom)
2024-09-10 16:46:34,303 [f49a985e-efe9-405d-8922-13d0c1bb1d78@group-A76AAD3EA5B0-LeaderElection49] INFO  grpc.GrpcConfigKeys (ConfUtils.java:logGet(46)) - raft.grpc.server.heartbeat.channel = true (default)
2024-09-10 16:46:34,303 [f49a985e-efe9-405d-8922-13d0c1bb1d78@group-A76AAD3EA5B0-LeaderElection49] INFO  impl.RoleInfo (RoleInfo.java:updateAndGet(148)) - f49a985e-efe9-405d-8922-13d0c1bb1d78: start f49a985e-efe9-405d-8922-13d0c1bb1d78@group-A76AAD3EA5B0-LeaderStateImpl
2024-09-10 16:46:34,303 [f49a985e-efe9-405d-8922-13d0c1bb1d78@group-A76AAD3EA5B0-LeaderElection49] INFO  server.RaftServer$Division (RaftServerImpl.java:setFirstElection(549)) - f49a985e-efe9-405d-8922-13d0c1bb1d78@group-A76AAD3EA5B0: set firstElectionSinceStartup to false for becomeLeader
2024-09-10 16:46:34,303 [f49a985e-efe9-405d-8922-13d0c1bb1d78@group-A76AAD3EA5B0-LeaderElection49] INFO  ratis.XceiverServerRatis (XceiverServerRatis.java:handleLeaderChangedNotification(950)) - Leader change notification received for group: group-A76AAD3EA5B0 with new leaderId: f49a985e-efe9-405d-8922-13d0c1bb1d78
2024-09-10 16:46:34,303 [f49a985e-efe9-405d-8922-13d0c1bb1d78@group-A76AAD3EA5B0-LeaderElection49] INFO  server.RaftServer$Division (ServerState.java:setLeader(272)) - f49a985e-efe9-405d-8922-13d0c1bb1d78@group-A76AAD3EA5B0: change Leader from null to f49a985e-efe9-405d-8922-13d0c1bb1d78 at term 1 for becomeLeader, leader elected after 5125ms
2024-09-10 16:46:34,304 [f49a985e-efe9-405d-8922-13d0c1bb1d78@group-A76AAD3EA5B0-LeaderElection49] INFO  segmented.SegmentedRaftLogWorker (SegmentedRaftLogWorker.java:startLogSegment(433)) - f49a985e-efe9-405d-8922-13d0c1bb1d78@group-A76AAD3EA5B0-SegmentedRaftLogWorker: Starting segment from index:0
2024-09-10 16:46:34,304 [f49a985e-efe9-405d-8922-13d0c1bb1d78@group-A76AAD3EA5B0-LeaderElection49] INFO  server.RaftServer$Division (ServerState.java:setRaftConf(386)) - f49a985e-efe9-405d-8922-13d0c1bb1d78@group-A76AAD3EA5B0: set configuration conf: {index: 0, cur=peers:[2330440b-2504-4263-b461-07f8c416a88f|127.0.0.1:15180, f49a985e-efe9-405d-8922-13d0c1bb1d78|127.0.0.1:15189, e5502358-b128-4a46-b87d-f44ed006f965|127.0.0.1:15171]|listeners:[], old=null}
2024-09-10 16:46:34,304 [f49a985e-efe9-405d-8922-13d0c1bb1d78@group-A76AAD3EA5B0-SegmentedRaftLogWorker] INFO  segmented.BufferedWriteChannel (BufferedWriteChannel.java:open(61)) - open log_inprogress_0 at position 0
2024-09-10 16:46:34,306 [EventQueue-PipelineReportForPipelineReportHandler] INFO  pipeline.PipelineReportHandler (PipelineReportHandler.java:processPipelineReport(136)) - Opened pipeline PipelineID=7646dd5a-ad1c-44c3-ab45-a76aad3ea5b0
2024-09-10 16:46:34,306 [EventQueue-OpenPipelineForHealthyPipelineSafeModeRule] INFO  safemode.SCMSafeModeManager (HealthyPipelineSafeModeRule.java:process(140)) - SCM in safe mode. Healthy pipelines reported count is 1, required healthy pipeline reported count is 1
2024-09-10 16:46:34,306 [EventQueue-OpenPipelineForHealthyPipelineSafeModeRule] INFO  safemode.SCMSafeModeManager (SCMSafeModeManager.java:validateSafeModeExitRules(203)) - HealthyPipelineSafeModeRule rule is successfully validated
2024-09-10 16:46:34,306 [EventQueue-OpenPipelineForHealthyPipelineSafeModeRule] INFO  safemode.SCMSafeModeManager (SCMSafeModeManager.java:validateSafeModeExitRules(218)) - ScmSafeModeManager, all rules are successfully validated
2024-09-10 16:46:34,306 [EventQueue-OpenPipelineForHealthyPipelineSafeModeRule] INFO  safemode.SCMSafeModeManager (SCMSafeModeManager.java:exitSafeMode(248)) - SCM exiting safe mode.
2024-09-10 16:46:34,306 [EventQueue-OpenPipelineForHealthyPipelineSafeModeRule] INFO  ha.SCMContext (SCMContext.java:updateSafeModeStatus(225)) - Update SafeModeStatus from SafeModeStatus{safeModeStatus=true, preCheckPassed=true} to SafeModeStatus{safeModeStatus=false, preCheckPassed=true}.
2024-09-10 16:46:34,306 [EventQueue-OpenPipelineForHealthyPipelineSafeModeRule] INFO  pipeline.BackgroundPipelineCreator (BackgroundPipelineCreator.java:notifyStatusChanged(258)) - Service BackgroundPipelineCreator transitions to RUNNING.
2024-09-10 16:46:34,306 [EventQueue-OpenPipelineForHealthyPipelineSafeModeRule] INFO  BackgroundPipelineScrubber (BackgroundSCMService.java:notifyStatusChanged(79)) - Service BackgroundPipelineScrubber transitions to RUNNING.
2024-09-10 16:46:34,306 [EventQueue-OpenPipelineForHealthyPipelineSafeModeRule] INFO  ExpiredContainerReplicaOpScrubber (BackgroundSCMService.java:notifyStatusChanged(79)) - Service ExpiredContainerReplicaOpScrubber transitions to RUNNING.
2024-09-10 16:46:34,306 [EventQueue-OpenPipelineForHealthyPipelineSafeModeRule] INFO  block.SCMBlockDeletingService (SCMBlockDeletingService.java:notifyStatusChanged(247)) - notifyStatusChanged:RUNNING
2024-09-10 16:46:34,306 [EventQueue-OpenPipelineForHealthyPipelineSafeModeRule] INFO  replication.ReplicationManager (ReplicationManager.java:notifyStatusChanged(1406)) - Service ReplicationManager transitions to RUNNING.
2024-09-10 16:46:34,306 [EventQueue-OpenPipelineForHealthyPipelineSafeModeRule] WARN  balancer.ContainerBalancer (ContainerBalancer.java:shouldRun(136)) - Could not find persisted configuration for ContainerBalancer when checking if ContainerBalancer should run. ContainerBalancer should not run now.
2024-09-10 16:46:34,307 [grpc-default-executor-1] INFO  server.RaftServer$Division (RaftServerImpl.java:requestVote(1449)) - e5502358-b128-4a46-b87d-f44ed006f965@group-A76AAD3EA5B0 replies to ELECTION vote request: f49a985e-efe9-405d-8922-13d0c1bb1d78<-e5502358-b128-4a46-b87d-f44ed006f965#0:OK-t1. Peer's state: e5502358-b128-4a46-b87d-f44ed006f965@group-A76AAD3EA5B0:t1, leader=null, voted=f49a985e-efe9-405d-8922-13d0c1bb1d78, raftlog=Memoized:e5502358-b128-4a46-b87d-f44ed006f965@group-A76AAD3EA5B0-SegmentedRaftLog:OPENED:c-1:lastnull, conf=conf: {index: -1, cur=peers:[2330440b-2504-4263-b461-07f8c416a88f|127.0.0.1:15180, f49a985e-efe9-405d-8922-13d0c1bb1d78|127.0.0.1:15189, e5502358-b128-4a46-b87d-f44ed006f965|127.0.0.1:15171]|listeners:[], old=null}
2024-09-10 16:46:34,314 [2330440b-2504-4263-b461-07f8c416a88f-server-thread1] INFO  ratis.XceiverServerRatis (XceiverServerRatis.java:handleLeaderChangedNotification(950)) - Leader change notification received for group: group-A76AAD3EA5B0 with new leaderId: f49a985e-efe9-405d-8922-13d0c1bb1d78
2024-09-10 16:46:34,314 [2330440b-2504-4263-b461-07f8c416a88f-server-thread1] INFO  server.RaftServer$Division (ServerState.java:setLeader(272)) - 2330440b-2504-4263-b461-07f8c416a88f@group-A76AAD3EA5B0: change Leader from null to f49a985e-efe9-405d-8922-13d0c1bb1d78 at term 1 for appendEntries, leader elected after 5162ms
2024-09-10 16:46:34,315 [2330440b-2504-4263-b461-07f8c416a88f-server-thread2] INFO  server.RaftServer$Division (ServerState.java:setRaftConf(386)) - 2330440b-2504-4263-b461-07f8c416a88f@group-A76AAD3EA5B0: set configuration conf: {index: 0, cur=peers:[2330440b-2504-4263-b461-07f8c416a88f|127.0.0.1:15180, f49a985e-efe9-405d-8922-13d0c1bb1d78|127.0.0.1:15189, e5502358-b128-4a46-b87d-f44ed006f965|127.0.0.1:15171]|listeners:[], old=null}
2024-09-10 16:46:34,315 [2330440b-2504-4263-b461-07f8c416a88f-server-thread2] INFO  segmented.SegmentedRaftLogWorker (SegmentedRaftLogWorker.java:startLogSegment(433)) - 2330440b-2504-4263-b461-07f8c416a88f@group-A76AAD3EA5B0-SegmentedRaftLogWorker: Starting segment from index:0
2024-09-10 16:46:34,315 [f49a985e-efe9-405d-8922-13d0c1bb1d78@group-A76AAD3EA5B0-SegmentedRaftLogWorker] INFO  segmented.SegmentedRaftLogWorker (SegmentedRaftLogWorker.java:execute(637)) - f49a985e-efe9-405d-8922-13d0c1bb1d78@group-A76AAD3EA5B0-SegmentedRaftLogWorker: created new log segment /home/runner/work/ozone/ozone/hadoop-ozone/integration-test/target/test-dir/MiniOzoneClusterImpl-4ea98613-7ec2-40e8-bdf5-64593f2fdf96/ozone-meta/datanode-3/ratis/7646dd5a-ad1c-44c3-ab45-a76aad3ea5b0/current/log_inprogress_0
2024-09-10 16:46:34,315 [e5502358-b128-4a46-b87d-f44ed006f965@group-F68757ADEE15-FollowerState] INFO  impl.FollowerState (FollowerState.java:run(144)) - e5502358-b128-4a46-b87d-f44ed006f965@group-F68757ADEE15-FollowerState: change to CANDIDATE, lastRpcElapsedTime:5199946375ns, electionTimeout:5199ms
2024-09-10 16:46:34,315 [e5502358-b128-4a46-b87d-f44ed006f965@group-F68757ADEE15-FollowerState] INFO  impl.RoleInfo (RoleInfo.java:shutdownFollowerState(119)) - e5502358-b128-4a46-b87d-f44ed006f965: shutdown e5502358-b128-4a46-b87d-f44ed006f965@group-F68757ADEE15-FollowerState
2024-09-10 16:46:34,315 [e5502358-b128-4a46-b87d-f44ed006f965@group-F68757ADEE15-FollowerState] INFO  server.RaftServer$Division (RaftServerImpl.java:setRole(376)) - e5502358-b128-4a46-b87d-f44ed006f965@group-F68757ADEE15: changes role from  FOLLOWER to CANDIDATE at term 0 for changeToCandidate
2024-09-10 16:46:34,315 [e5502358-b128-4a46-b87d-f44ed006f965@group-F68757ADEE15-FollowerState] INFO  server.RaftServerConfigKeys (ConfUtils.java:logGet(46)) - raft.server.leaderelection.pre-vote = true (default)
2024-09-10 16:46:34,315 [2330440b-2504-4263-b461-07f8c416a88f@group-A76AAD3EA5B0-SegmentedRaftLogWorker] INFO  segmented.BufferedWriteChannel (BufferedWriteChannel.java:open(61)) - open log_inprogress_0 at position 0
2024-09-10 16:46:34,317 [e5502358-b128-4a46-b87d-f44ed006f965-server-thread1] INFO  ratis.XceiverServerRatis (XceiverServerRatis.java:handleLeaderChangedNotification(950)) - Leader change notification received for group: group-A76AAD3EA5B0 with new leaderId: f49a985e-efe9-405d-8922-13d0c1bb1d78
2024-09-10 16:46:34,317 [e5502358-b128-4a46-b87d-f44ed006f965-server-thread1] INFO  server.RaftServer$Division (ServerState.java:setLeader(272)) - e5502358-b128-4a46-b87d-f44ed006f965@group-A76AAD3EA5B0: change Leader from null to f49a985e-efe9-405d-8922-13d0c1bb1d78 at term 1 for appendEntries, leader elected after 5199ms
2024-09-10 16:46:34,319 [e5502358-b128-4a46-b87d-f44ed006f965-server-thread2] INFO  server.RaftServer$Division (ServerState.java:setRaftConf(386)) - e5502358-b128-4a46-b87d-f44ed006f965@group-A76AAD3EA5B0: set configuration conf: {index: 0, cur=peers:[2330440b-2504-4263-b461-07f8c416a88f|127.0.0.1:15180, f49a985e-efe9-405d-8922-13d0c1bb1d78|127.0.0.1:15189, e5502358-b128-4a46-b87d-f44ed006f965|127.0.0.1:15171]|listeners:[], old=null}
2024-09-10 16:46:34,319 [e5502358-b128-4a46-b87d-f44ed006f965-server-thread2] INFO  segmented.SegmentedRaftLogWorker (SegmentedRaftLogWorker.java:startLogSegment(433)) - e5502358-b128-4a46-b87d-f44ed006f965@group-A76AAD3EA5B0-SegmentedRaftLogWorker: Starting segment from index:0
2024-09-10 16:46:34,319 [e5502358-b128-4a46-b87d-f44ed006f965@group-A76AAD3EA5B0-SegmentedRaftLogWorker] INFO  segmented.BufferedWriteChannel (BufferedWriteChannel.java:open(61)) - open log_inprogress_0 at position 0
2024-09-10 16:46:34,315 [e5502358-b128-4a46-b87d-f44ed006f965@group-F68757ADEE15-FollowerState] INFO  impl.RoleInfo (RoleInfo.java:updateAndGet(148)) - e5502358-b128-4a46-b87d-f44ed006f965: start e5502358-b128-4a46-b87d-f44ed006f965@group-F68757ADEE15-LeaderElection50
2024-09-10 16:46:34,320 [e5502358-b128-4a46-b87d-f44ed006f965@group-C733A4596614-FollowerState] INFO  impl.FollowerState (FollowerState.java:run(144)) - e5502358-b128-4a46-b87d-f44ed006f965@group-C733A4596614-FollowerState: change to CANDIDATE, lastRpcElapsedTime:5029349503ns, electionTimeout:5024ms
2024-09-10 16:46:34,320 [e5502358-b128-4a46-b87d-f44ed006f965@group-C733A4596614-FollowerState] INFO  impl.RoleInfo (RoleInfo.java:shutdownFollowerState(119)) - e5502358-b128-4a46-b87d-f44ed006f965: shutdown e5502358-b128-4a46-b87d-f44ed006f965@group-C733A4596614-FollowerState
2024-09-10 16:46:34,320 [e5502358-b128-4a46-b87d-f44ed006f965@group-C733A4596614-FollowerState] INFO  server.RaftServer$Division (RaftServerImpl.java:setRole(376)) - e5502358-b128-4a46-b87d-f44ed006f965@group-C733A4596614: changes role from  FOLLOWER to CANDIDATE at term 0 for changeToCandidate
2024-09-10 16:46:34,320 [e5502358-b128-4a46-b87d-f44ed006f965@group-C733A4596614-FollowerState] INFO  server.RaftServerConfigKeys (ConfUtils.java:logGet(46)) - raft.server.leaderelection.pre-vote = true (default)
2024-09-10 16:46:34,320 [e5502358-b128-4a46-b87d-f44ed006f965@group-C733A4596614-FollowerState] INFO  impl.RoleInfo (RoleInfo.java:updateAndGet(148)) - e5502358-b128-4a46-b87d-f44ed006f965: start e5502358-b128-4a46-b87d-f44ed006f965@group-C733A4596614-LeaderElection51
2024-09-10 16:46:34,320 [e5502358-b128-4a46-b87d-f44ed006f965@group-F68757ADEE15-LeaderElection50] INFO  impl.LeaderElection (LeaderElection.java:askForVotes(321)) - e5502358-b128-4a46-b87d-f44ed006f965@group-F68757ADEE15-LeaderElection50 PRE_VOTE round 0: submit vote requests at term 0 for conf: {index: -1, cur=peers:[e5502358-b128-4a46-b87d-f44ed006f965|127.0.0.1:15171]|listeners:[], old=null}
2024-09-10 16:46:34,320 [e5502358-b128-4a46-b87d-f44ed006f965@group-F68757ADEE15-LeaderElection50] INFO  impl.LeaderElection (LeaderElection.java:askForVotes(323)) - e5502358-b128-4a46-b87d-f44ed006f965@group-F68757ADEE15-LeaderElection50 PRE_VOTE round 0: result PASSED (term=0)
2024-09-10 16:46:34,321 [e5502358-b128-4a46-b87d-f44ed006f965@group-C733A4596614-LeaderElection51] INFO  impl.LeaderElection (LeaderElection.java:askForVotes(321)) - e5502358-b128-4a46-b87d-f44ed006f965@group-C733A4596614-LeaderElection51 PRE_VOTE round 0: submit vote requests at term 0 for conf: {index: -1, cur=peers:[2330440b-2504-4263-b461-07f8c416a88f|127.0.0.1:15180, f49a985e-efe9-405d-8922-13d0c1bb1d78|127.0.0.1:15189, e5502358-b128-4a46-b87d-f44ed006f965|127.0.0.1:15171]|listeners:[], old=null}
2024-09-10 16:46:34,322 [e5502358-b128-4a46-b87d-f44ed006f965@group-C733A4596614-LeaderElection51] INFO  server.RaftServerConfigKeys (ConfUtils.java:logFallback(53)) - raft.server.rpc.first-election.timeout.min = 5s (fallback to raft.server.rpc.timeout.min)
2024-09-10 16:46:34,322 [e5502358-b128-4a46-b87d-f44ed006f965@group-C733A4596614-LeaderElection51] INFO  server.RaftServerConfigKeys (ConfUtils.java:logFallback(53)) - raft.server.rpc.first-election.timeout.max = 5200ms (fallback to raft.server.rpc.timeout.max)
2024-09-10 16:46:34,324 [e5502358-b128-4a46-b87d-f44ed006f965@group-F68757ADEE15-LeaderElection50] INFO  impl.LeaderElection (LeaderElection.java:askForVotes(321)) - e5502358-b128-4a46-b87d-f44ed006f965@group-F68757ADEE15-LeaderElection50 ELECTION round 0: submit vote requests at term 1 for conf: {index: -1, cur=peers:[e5502358-b128-4a46-b87d-f44ed006f965|127.0.0.1:15171]|listeners:[], old=null}
2024-09-10 16:46:34,324 [e5502358-b128-4a46-b87d-f44ed006f965@group-F68757ADEE15-LeaderElection50] INFO  impl.LeaderElection (LeaderElection.java:askForVotes(323)) - e5502358-b128-4a46-b87d-f44ed006f965@group-F68757ADEE15-LeaderElection50 ELECTION round 0: result PASSED (term=1)
2024-09-10 16:46:34,324 [e5502358-b128-4a46-b87d-f44ed006f965@group-F68757ADEE15-LeaderElection50] INFO  impl.RoleInfo (RoleInfo.java:shutdownLeaderElection(139)) - e5502358-b128-4a46-b87d-f44ed006f965: shutdown e5502358-b128-4a46-b87d-f44ed006f965@group-F68757ADEE15-LeaderElection50
2024-09-10 16:46:34,325 [e5502358-b128-4a46-b87d-f44ed006f965@group-F68757ADEE15-LeaderElection50] INFO  server.RaftServer$Division (RaftServerImpl.java:setRole(376)) - e5502358-b128-4a46-b87d-f44ed006f965@group-F68757ADEE15: changes role from CANDIDATE to LEADER at term 1 for changeToLeader
2024-09-10 16:46:34,325 [e5502358-b128-4a46-b87d-f44ed006f965@group-F68757ADEE15-LeaderElection50] INFO  server.RaftServerConfigKeys (ConfUtils.java:logGet(46)) - raft.server.staging.catchup.gap = 1000 (default)
2024-09-10 16:46:34,325 [e5502358-b128-4a46-b87d-f44ed006f965@group-F68757ADEE15-LeaderElection50] INFO  server.RaftServerConfigKeys (ConfUtils.java:logGet(46)) - raft.server.write.element-limit = 1024 (custom)
2024-09-10 16:46:34,325 [e5502358-b128-4a46-b87d-f44ed006f965@group-F68757ADEE15-LeaderElection50] INFO  server.RaftServerConfigKeys (ConfUtils.java:logGet(46)) - raft.server.write.byte-limit = 1024 M (=1073741824) (custom)
2024-09-10 16:46:34,325 [e5502358-b128-4a46-b87d-f44ed006f965@group-BD59E781AD1C-FollowerState] INFO  impl.FollowerState (FollowerState.java:run(144)) - e5502358-b128-4a46-b87d-f44ed006f965@group-BD59E781AD1C-FollowerState: change to CANDIDATE, lastRpcElapsedTime:5107883274ns, electionTimeout:5104ms
2024-09-10 16:46:34,325 [e5502358-b128-4a46-b87d-f44ed006f965@group-BD59E781AD1C-FollowerState] INFO  impl.RoleInfo (RoleInfo.java:shutdownFollowerState(119)) - e5502358-b128-4a46-b87d-f44ed006f965: shutdown e5502358-b128-4a46-b87d-f44ed006f965@group-BD59E781AD1C-FollowerState
2024-09-10 16:46:34,325 [e5502358-b128-4a46-b87d-f44ed006f965@group-BD59E781AD1C-FollowerState] INFO  server.RaftServer$Division (RaftServerImpl.java:setRole(376)) - e5502358-b128-4a46-b87d-f44ed006f965@group-BD59E781AD1C: changes role from  FOLLOWER to CANDIDATE at term 0 for changeToCandidate
2024-09-10 16:46:34,325 [e5502358-b128-4a46-b87d-f44ed006f965@group-F68757ADEE15-LeaderElection50] INFO  server.RaftServerConfigKeys (ConfUtils.java:logGet(46)) - raft.server.watch.timeout = 3000ms (custom)
2024-09-10 16:46:34,325 [e5502358-b128-4a46-b87d-f44ed006f965@group-F68757ADEE15-LeaderElection50] INFO  server.RaftServerConfigKeys (ConfUtils.java:logGet(46)) - raft.server.watch.timeout.denomination = 1s (default)
2024-09-10 16:46:34,325 [e5502358-b128-4a46-b87d-f44ed006f965@group-BD59E781AD1C-FollowerState] INFO  server.RaftServerConfigKeys (ConfUtils.java:logGet(46)) - raft.server.leaderelection.pre-vote = true (default)
2024-09-10 16:46:34,325 [e5502358-b128-4a46-b87d-f44ed006f965@group-BD59E781AD1C-FollowerState] INFO  impl.RoleInfo (RoleInfo.java:updateAndGet(148)) - e5502358-b128-4a46-b87d-f44ed006f965: start e5502358-b128-4a46-b87d-f44ed006f965@group-BD59E781AD1C-LeaderElection52
2024-09-10 16:46:34,325 [e5502358-b128-4a46-b87d-f44ed006f965@group-F68757ADEE15-LeaderElection50] INFO  server.RaftServerConfigKeys (ConfUtils.java:logGet(46)) - raft.server.watch.element-limit = 65536 (default)
2024-09-10 16:46:34,325 [grpc-default-executor-2] INFO  server.RaftServer$Division (RaftServerImpl.java:requestVote(1416)) - f49a985e-efe9-405d-8922-13d0c1bb1d78@group-C733A4596614: receive requestVote(PRE_VOTE, e5502358-b128-4a46-b87d-f44ed006f965, group-C733A4596614, 0, (t:0, i:0))
2024-09-10 16:46:34,326 [grpc-default-executor-2] INFO  impl.VoteContext (VoteContext.java:log(49)) - f49a985e-efe9-405d-8922-13d0c1bb1d78@group-C733A4596614-FOLLOWER: accept PRE_VOTE from e5502358-b128-4a46-b87d-f44ed006f965: our priority 0 <= candidate's priority 0
2024-09-10 16:46:34,326 [grpc-default-executor-2] INFO  server.RaftServer$Division (RaftServerImpl.java:requestVote(1449)) - f49a985e-efe9-405d-8922-13d0c1bb1d78@group-C733A4596614 replies to PRE_VOTE vote request: e5502358-b128-4a46-b87d-f44ed006f965<-f49a985e-efe9-405d-8922-13d0c1bb1d78#0:OK-t0. Peer's state: f49a985e-efe9-405d-8922-13d0c1bb1d78@group-C733A4596614:t0, leader=null, voted=, raftlog=Memoized:f49a985e-efe9-405d-8922-13d0c1bb1d78@group-C733A4596614-SegmentedRaftLog:OPENED:c-1:lastnull, conf=conf: {index: -1, cur=peers:[2330440b-2504-4263-b461-07f8c416a88f|127.0.0.1:15180, f49a985e-efe9-405d-8922-13d0c1bb1d78|127.0.0.1:15189, e5502358-b128-4a46-b87d-f44ed006f965|127.0.0.1:15171]|listeners:[], old=null}
2024-09-10 16:46:34,326 [e5502358-b128-4a46-b87d-f44ed006f965@group-BD59E781AD1C-LeaderElection52] INFO  impl.LeaderElection (LeaderElection.java:askForVotes(321)) - e5502358-b128-4a46-b87d-f44ed006f965@group-BD59E781AD1C-LeaderElection52 PRE_VOTE round 0: submit vote requests at term 0 for conf: {index: -1, cur=peers:[2330440b-2504-4263-b461-07f8c416a88f|127.0.0.1:15180, f49a985e-efe9-405d-8922-13d0c1bb1d78|127.0.0.1:15189, e5502358-b128-4a46-b87d-f44ed006f965|127.0.0.1:15171]|listeners:[], old=null}
2024-09-10 16:46:34,326 [grpc-default-executor-0] INFO  server.RaftServer$Division (RaftServerImpl.java:requestVote(1416)) - 2330440b-2504-4263-b461-07f8c416a88f@group-C733A4596614: receive requestVote(PRE_VOTE, e5502358-b128-4a46-b87d-f44ed006f965, group-C733A4596614, 0, (t:0, i:0))
2024-09-10 16:46:34,326 [grpc-default-executor-0] INFO  impl.VoteContext (VoteContext.java:log(49)) - 2330440b-2504-4263-b461-07f8c416a88f@group-C733A4596614-FOLLOWER: reject PRE_VOTE from e5502358-b128-4a46-b87d-f44ed006f965: our priority 1 > candidate's priority 0
2024-09-10 16:46:34,326 [grpc-default-executor-0] INFO  server.RaftServer$Division (RaftServerImpl.java:requestVote(1449)) - 2330440b-2504-4263-b461-07f8c416a88f@group-C733A4596614 replies to PRE_VOTE vote request: e5502358-b128-4a46-b87d-f44ed006f965<-2330440b-2504-4263-b461-07f8c416a88f#0:FAIL-t0. Peer's state: 2330440b-2504-4263-b461-07f8c416a88f@group-C733A4596614:t0, leader=null, voted=, raftlog=Memoized:2330440b-2504-4263-b461-07f8c416a88f@group-C733A4596614-SegmentedRaftLog:OPENED:c-1:lastnull, conf=conf: {index: -1, cur=peers:[2330440b-2504-4263-b461-07f8c416a88f|127.0.0.1:15180, f49a985e-efe9-405d-8922-13d0c1bb1d78|127.0.0.1:15189, e5502358-b128-4a46-b87d-f44ed006f965|127.0.0.1:15171]|listeners:[], old=null}
2024-09-10 16:46:34,326 [2330440b-2504-4263-b461-07f8c416a88f@group-A76AAD3EA5B0-SegmentedRaftLogWorker] INFO  segmented.SegmentedRaftLogWorker (SegmentedRaftLogWorker.java:execute(637)) - 2330440b-2504-4263-b461-07f8c416a88f@group-A76AAD3EA5B0-SegmentedRaftLogWorker: created new log segment /home/runner/work/ozone/ozone/hadoop-ozone/integration-test/target/test-dir/MiniOzoneClusterImpl-4ea98613-7ec2-40e8-bdf5-64593f2fdf96/ozone-meta/datanode-2/ratis/7646dd5a-ad1c-44c3-ab45-a76aad3ea5b0/current/log_inprogress_0
2024-09-10 16:46:34,327 [e5502358-b128-4a46-b87d-f44ed006f965@group-F68757ADEE15-LeaderElection50] INFO  server.RaftServerConfigKeys (ConfUtils.java:logGet(46)) - raft.server.read.leader.lease.enabled = false (default)
2024-09-10 16:46:34,327 [e5502358-b128-4a46-b87d-f44ed006f965@group-F68757ADEE15-LeaderElection50] INFO  server.RaftServerConfigKeys (ConfUtils.java:logGet(46)) - raft.server.read.leader.lease.timeout.ratio = 0.9 (default)
2024-09-10 16:46:34,327 [e5502358-b128-4a46-b87d-f44ed006f965@group-F68757ADEE15-LeaderElection50] INFO  server.RaftServerConfigKeys (ConfUtils.java:logGet(46)) - raft.server.rpc.timeout.min = 5s (custom)
2024-09-10 16:46:34,327 [e5502358-b128-4a46-b87d-f44ed006f965@group-F68757ADEE15-LeaderElection50] INFO  server.RaftServerConfigKeys (ConfUtils.java:logGet(46)) - raft.server.log.log-metadata.enabled = true (default)
2024-09-10 16:46:34,327 [e5502358-b128-4a46-b87d-f44ed006f965@group-F68757ADEE15-LeaderElection50] INFO  server.RaftServerConfigKeys (ConfUtils.java:logGet(46)) - raft.server.write.element-limit = 1024 (custom)
2024-09-10 16:46:34,327 [e5502358-b128-4a46-b87d-f44ed006f965@group-F68757ADEE15-LeaderElection50] INFO  server.RaftServerConfigKeys (ConfUtils.java:logGet(46)) - raft.server.write.follower.gap.ratio.max = -1.0 (default)
2024-09-10 16:46:34,327 [e5502358-b128-4a46-b87d-f44ed006f965@group-F68757ADEE15-LeaderElection50] INFO  impl.RoleInfo (RoleInfo.java:updateAndGet(148)) - e5502358-b128-4a46-b87d-f44ed006f965: start e5502358-b128-4a46-b87d-f44ed006f965@group-F68757ADEE15-LeaderStateImpl
2024-09-10 16:46:34,327 [e5502358-b128-4a46-b87d-f44ed006f965@group-F68757ADEE15-LeaderElection50] INFO  server.RaftServer$Division (RaftServerImpl.java:setFirstElection(549)) - e5502358-b128-4a46-b87d-f44ed006f965@group-F68757ADEE15: set firstElectionSinceStartup to false for becomeLeader
2024-09-10 16:46:34,327 [e5502358-b128-4a46-b87d-f44ed006f965@group-F68757ADEE15-LeaderElection50] INFO  ratis.XceiverServerRatis (XceiverServerRatis.java:handleLeaderChangedNotification(950)) - Leader change notification received for group: group-F68757ADEE15 with new leaderId: e5502358-b128-4a46-b87d-f44ed006f965
2024-09-10 16:46:34,327 [e5502358-b128-4a46-b87d-f44ed006f965@group-C733A4596614-LeaderElection51] INFO  impl.LeaderElection (LeaderElection.java:logAndReturn(89)) - e5502358-b128-4a46-b87d-f44ed006f965@group-C733A4596614-LeaderElection51: PRE_VOTE REJECTED received 1 response(s) and 0 exception(s):
2024-09-10 16:46:34,327 [e5502358-b128-4a46-b87d-f44ed006f965@group-C733A4596614-LeaderElection51] INFO  impl.LeaderElection (LeaderElection.java:logAndReturn(93)) -   Response 0: e5502358-b128-4a46-b87d-f44ed006f965<-2330440b-2504-4263-b461-07f8c416a88f#0:FAIL-t0
2024-09-10 16:46:34,327 [e5502358-b128-4a46-b87d-f44ed006f965@group-F68757ADEE15-LeaderElection50] INFO  server.RaftServer$Division (ServerState.java:setLeader(272)) - e5502358-b128-4a46-b87d-f44ed006f965@group-F68757ADEE15: change Leader from null to e5502358-b128-4a46-b87d-f44ed006f965 at term 1 for becomeLeader, leader elected after 5224ms
2024-09-10 16:46:34,327 [e5502358-b128-4a46-b87d-f44ed006f965@group-C733A4596614-LeaderElection51] INFO  impl.LeaderElection (LeaderElection.java:askForVotes(323)) - e5502358-b128-4a46-b87d-f44ed006f965@group-C733A4596614-LeaderElection51 PRE_VOTE round 0: result REJECTED
2024-09-10 16:46:34,327 [e5502358-b128-4a46-b87d-f44ed006f965@group-C733A4596614-LeaderElection51] INFO  server.RaftServer$Division (RaftServerImpl.java:setRole(376)) - e5502358-b128-4a46-b87d-f44ed006f965@group-C733A4596614: changes role from CANDIDATE to FOLLOWER at term 0 for REJECTED
2024-09-10 16:46:34,327 [e5502358-b128-4a46-b87d-f44ed006f965@group-F68757ADEE15-LeaderElection50] INFO  segmented.SegmentedRaftLogWorker (SegmentedRaftLogWorker.java:startLogSegment(433)) - e5502358-b128-4a46-b87d-f44ed006f965@group-F68757ADEE15-SegmentedRaftLogWorker: Starting segment from index:0
2024-09-10 16:46:34,327 [e5502358-b128-4a46-b87d-f44ed006f965@group-C733A4596614-LeaderElection51] INFO  impl.RoleInfo (RoleInfo.java:shutdownLeaderElection(139)) - e5502358-b128-4a46-b87d-f44ed006f965: shutdown e5502358-b128-4a46-b87d-f44ed006f965@group-C733A4596614-LeaderElection51
2024-09-10 16:46:34,327 [e5502358-b128-4a46-b87d-f44ed006f965@group-C733A4596614-LeaderElection51] INFO  impl.RoleInfo (RoleInfo.java:updateAndGet(148)) - e5502358-b128-4a46-b87d-f44ed006f965: start e5502358-b128-4a46-b87d-f44ed006f965@group-C733A4596614-FollowerState
2024-09-10 16:46:34,328 [e5502358-b128-4a46-b87d-f44ed006f965@group-BD59E781AD1C-LeaderElection52] INFO  server.RaftServerConfigKeys (ConfUtils.java:logFallback(53)) - raft.server.rpc.first-election.timeout.min = 5s (fallback to raft.server.rpc.timeout.min)
2024-09-10 16:46:34,328 [e5502358-b128-4a46-b87d-f44ed006f965@group-BD59E781AD1C-LeaderElection52] INFO  server.RaftServerConfigKeys (ConfUtils.java:logFallback(53)) - raft.server.rpc.first-election.timeout.max = 5200ms (fallback to raft.server.rpc.timeout.max)
2024-09-10 16:46:34,328 [e5502358-b128-4a46-b87d-f44ed006f965@group-F68757ADEE15-SegmentedRaftLogWorker] INFO  segmented.BufferedWriteChannel (BufferedWriteChannel.java:open(61)) - open log_inprogress_0 at position 0
2024-09-10 16:46:34,328 [e5502358-b128-4a46-b87d-f44ed006f965@group-C733A4596614-LeaderElection51] INFO  server.RaftServer$Division (RaftServerImpl.java:setFirstElection(549)) - e5502358-b128-4a46-b87d-f44ed006f965@group-C733A4596614: set firstElectionSinceStartup to false for REJECTED
2024-09-10 16:46:34,329 [grpc-default-executor-0] INFO  server.RaftServer$Division (RaftServerImpl.java:requestVote(1416)) - f49a985e-efe9-405d-8922-13d0c1bb1d78@group-BD59E781AD1C: receive requestVote(PRE_VOTE, e5502358-b128-4a46-b87d-f44ed006f965, group-BD59E781AD1C, 0, (t:0, i:0))
2024-09-10 16:46:34,329 [grpc-default-executor-0] INFO  impl.VoteContext (VoteContext.java:log(49)) - f49a985e-efe9-405d-8922-13d0c1bb1d78@group-BD59E781AD1C-FOLLOWER: accept PRE_VOTE from e5502358-b128-4a46-b87d-f44ed006f965: our priority 0 <= candidate's priority 1
2024-09-10 16:46:34,329 [grpc-default-executor-0] INFO  server.RaftServer$Division (RaftServerImpl.java:requestVote(1449)) - f49a985e-efe9-405d-8922-13d0c1bb1d78@group-BD59E781AD1C replies to PRE_VOTE vote request: e5502358-b128-4a46-b87d-f44ed006f965<-f49a985e-efe9-405d-8922-13d0c1bb1d78#0:OK-t0. Peer's state: f49a985e-efe9-405d-8922-13d0c1bb1d78@group-BD59E781AD1C:t0, leader=null, voted=, raftlog=Memoized:f49a985e-efe9-405d-8922-13d0c1bb1d78@group-BD59E781AD1C-SegmentedRaftLog:OPENED:c-1:lastnull, conf=conf: {index: -1, cur=peers:[2330440b-2504-4263-b461-07f8c416a88f|127.0.0.1:15180, f49a985e-efe9-405d-8922-13d0c1bb1d78|127.0.0.1:15189, e5502358-b128-4a46-b87d-f44ed006f965|127.0.0.1:15171]|listeners:[], old=null}
2024-09-10 16:46:34,329 [e5502358-b128-4a46-b87d-f44ed006f965@group-BD59E781AD1C-LeaderElection52] INFO  impl.LeaderElection (LeaderElection.java:logAndReturn(89)) - e5502358-b128-4a46-b87d-f44ed006f965@group-BD59E781AD1C-LeaderElection52: PRE_VOTE PASSED received 1 response(s) and 0 exception(s):
2024-09-10 16:46:34,329 [e5502358-b128-4a46-b87d-f44ed006f965@group-BD59E781AD1C-LeaderElection52] INFO  impl.LeaderElection (LeaderElection.java:logAndReturn(93)) -   Response 0: e5502358-b128-4a46-b87d-f44ed006f965<-f49a985e-efe9-405d-8922-13d0c1bb1d78#0:OK-t0
2024-09-10 16:46:34,329 [e5502358-b128-4a46-b87d-f44ed006f965@group-BD59E781AD1C-LeaderElection52] INFO  impl.LeaderElection (LeaderElection.java:askForVotes(323)) - e5502358-b128-4a46-b87d-f44ed006f965@group-BD59E781AD1C-LeaderElection52 PRE_VOTE round 0: result PASSED
2024-09-10 16:46:34,327 [e5502358-b128-4a46-b87d-f44ed006f965@group-F68757ADEE15-LeaderElection50] INFO  server.RaftServer$Division (ServerState.java:setRaftConf(386)) - e5502358-b128-4a46-b87d-f44ed006f965@group-F68757ADEE15: set configuration conf: {index: 0, cur=peers:[e5502358-b128-4a46-b87d-f44ed006f965|127.0.0.1:15171]|listeners:[], old=null}
2024-09-10 16:46:34,331 [e5502358-b128-4a46-b87d-f44ed006f965@group-BD59E781AD1C-LeaderElection52] INFO  impl.LeaderElection (LeaderElection.java:askForVotes(321)) - e5502358-b128-4a46-b87d-f44ed006f965@group-BD59E781AD1C-LeaderElection52 ELECTION round 0: submit vote requests at term 1 for conf: {index: -1, cur=peers:[2330440b-2504-4263-b461-07f8c416a88f|127.0.0.1:15180, f49a985e-efe9-405d-8922-13d0c1bb1d78|127.0.0.1:15189, e5502358-b128-4a46-b87d-f44ed006f965|127.0.0.1:15171]|listeners:[], old=null}
2024-09-10 16:46:34,331 [e5502358-b128-4a46-b87d-f44ed006f965@group-BD59E781AD1C-LeaderElection52] INFO  server.RaftServerConfigKeys (ConfUtils.java:logFallback(53)) - raft.server.rpc.first-election.timeout.min = 5s (fallback to raft.server.rpc.timeout.min)
2024-09-10 16:46:34,331 [e5502358-b128-4a46-b87d-f44ed006f965@group-BD59E781AD1C-LeaderElection52] INFO  server.RaftServerConfigKeys (ConfUtils.java:logFallback(53)) - raft.server.rpc.first-election.timeout.max = 5200ms (fallback to raft.server.rpc.timeout.max)
2024-09-10 16:46:34,332 [grpc-default-executor-0] INFO  server.RaftServer$Division (RaftServerImpl.java:requestVote(1416)) - f49a985e-efe9-405d-8922-13d0c1bb1d78@group-BD59E781AD1C: receive requestVote(ELECTION, e5502358-b128-4a46-b87d-f44ed006f965, group-BD59E781AD1C, 1, (t:0, i:0))
2024-09-10 16:46:34,332 [grpc-default-executor-0] INFO  impl.VoteContext (VoteContext.java:log(49)) - f49a985e-efe9-405d-8922-13d0c1bb1d78@group-BD59E781AD1C-FOLLOWER: accept ELECTION from e5502358-b128-4a46-b87d-f44ed006f965: our priority 0 <= candidate's priority 1
2024-09-10 16:46:34,332 [grpc-default-executor-0] INFO  server.RaftServer$Division (RaftServerImpl.java:setRole(376)) - f49a985e-efe9-405d-8922-13d0c1bb1d78@group-BD59E781AD1C: changes role from  FOLLOWER to FOLLOWER at term 1 for candidate:e5502358-b128-4a46-b87d-f44ed006f965
2024-09-10 16:46:34,332 [grpc-default-executor-0] INFO  impl.RoleInfo (RoleInfo.java:shutdownFollowerState(119)) - f49a985e-efe9-405d-8922-13d0c1bb1d78: shutdown f49a985e-efe9-405d-8922-13d0c1bb1d78@group-BD59E781AD1C-FollowerState
2024-09-10 16:46:34,333 [grpc-default-executor-0] INFO  impl.RoleInfo (RoleInfo.java:updateAndGet(148)) - f49a985e-efe9-405d-8922-13d0c1bb1d78: start f49a985e-efe9-405d-8922-13d0c1bb1d78@group-BD59E781AD1C-FollowerState
2024-09-10 16:46:34,333 [f49a985e-efe9-405d-8922-13d0c1bb1d78@group-BD59E781AD1C-FollowerState] INFO  impl.FollowerState (FollowerState.java:run(153)) - f49a985e-efe9-405d-8922-13d0c1bb1d78@group-BD59E781AD1C-FollowerState was interrupted
2024-09-10 16:46:34,333 [grpc-default-executor-1] INFO  server.RaftServer$Division (RaftServerImpl.java:requestVote(1416)) - 2330440b-2504-4263-b461-07f8c416a88f@group-BD59E781AD1C: receive requestVote(ELECTION, e5502358-b128-4a46-b87d-f44ed006f965, group-BD59E781AD1C, 1, (t:0, i:0))
2024-09-10 16:46:34,333 [grpc-default-executor-1] INFO  impl.VoteContext (VoteContext.java:log(49)) - 2330440b-2504-4263-b461-07f8c416a88f@group-BD59E781AD1C-FOLLOWER: accept ELECTION from e5502358-b128-4a46-b87d-f44ed006f965: our priority 0 <= candidate's priority 1
2024-09-10 16:46:34,333 [grpc-default-executor-1] INFO  server.RaftServer$Division (RaftServerImpl.java:setRole(376)) - 2330440b-2504-4263-b461-07f8c416a88f@group-BD59E781AD1C: changes role from  FOLLOWER to FOLLOWER at term 1 for candidate:e5502358-b128-4a46-b87d-f44ed006f965
2024-09-10 16:46:34,333 [grpc-default-executor-1] INFO  impl.RoleInfo (RoleInfo.java:shutdownFollowerState(119)) - 2330440b-2504-4263-b461-07f8c416a88f: shutdown 2330440b-2504-4263-b461-07f8c416a88f@group-BD59E781AD1C-FollowerState
2024-09-10 16:46:34,333 [grpc-default-executor-1] INFO  impl.RoleInfo (RoleInfo.java:updateAndGet(148)) - 2330440b-2504-4263-b461-07f8c416a88f: start 2330440b-2504-4263-b461-07f8c416a88f@group-BD59E781AD1C-FollowerState
2024-09-10 16:46:34,333 [2330440b-2504-4263-b461-07f8c416a88f@group-BD59E781AD1C-FollowerState] INFO  impl.FollowerState (FollowerState.java:run(153)) - 2330440b-2504-4263-b461-07f8c416a88f@group-BD59E781AD1C-FollowerState was interrupted
2024-09-10 16:46:34,336 [grpc-default-executor-0] INFO  server.RaftServer$Division (RaftServerImpl.java:setFirstElection(549)) - f49a985e-efe9-405d-8922-13d0c1bb1d78@group-BD59E781AD1C: set firstElectionSinceStartup to false for candidate:e5502358-b128-4a46-b87d-f44ed006f965
2024-09-10 16:46:34,340 [e5502358-b128-4a46-b87d-f44ed006f965@group-A76AAD3EA5B0-SegmentedRaftLogWorker] INFO  segmented.SegmentedRaftLogWorker (SegmentedRaftLogWorker.java:execute(637)) - e5502358-b128-4a46-b87d-f44ed006f965@group-A76AAD3EA5B0-SegmentedRaftLogWorker: created new log segment /home/runner/work/ozone/ozone/hadoop-ozone/integration-test/target/test-dir/MiniOzoneClusterImpl-4ea98613-7ec2-40e8-bdf5-64593f2fdf96/ozone-meta/datanode-1/ratis/7646dd5a-ad1c-44c3-ab45-a76aad3ea5b0/current/log_inprogress_0
2024-09-10 16:46:34,341 [f49a985e-efe9-405d-8922-13d0c1bb1d78@group-A76AAD3EA5B0-StateMachineUpdater] INFO  server.RaftServer$Division (LeaderStateImpl.java:checkStartIndex(316)) - Leader f49a985e-efe9-405d-8922-13d0c1bb1d78@group-A76AAD3EA5B0-LeaderStateImpl is ready since appliedIndex == startIndex == 0
2024-09-10 16:46:34,341 [grpc-default-executor-0] INFO  server.RaftServer$Division (RaftServerImpl.java:requestVote(1449)) - f49a985e-efe9-405d-8922-13d0c1bb1d78@group-BD59E781AD1C replies to ELECTION vote request: e5502358-b128-4a46-b87d-f44ed006f965<-f49a985e-efe9-405d-8922-13d0c1bb1d78#0:OK-t1. Peer's state: f49a985e-efe9-405d-8922-13d0c1bb1d78@group-BD59E781AD1C:t1, leader=null, voted=e5502358-b128-4a46-b87d-f44ed006f965, raftlog=Memoized:f49a985e-efe9-405d-8922-13d0c1bb1d78@group-BD59E781AD1C-SegmentedRaftLog:OPENED:c-1:lastnull, conf=conf: {index: -1, cur=peers:[2330440b-2504-4263-b461-07f8c416a88f|127.0.0.1:15180, f49a985e-efe9-405d-8922-13d0c1bb1d78|127.0.0.1:15189, e5502358-b128-4a46-b87d-f44ed006f965|127.0.0.1:15171]|listeners:[], old=null}
2024-09-10 16:46:34,342 [e5502358-b128-4a46-b87d-f44ed006f965@group-BD59E781AD1C-LeaderElection52] INFO  impl.LeaderElection (LeaderElection.java:logAndReturn(89)) - e5502358-b128-4a46-b87d-f44ed006f965@group-BD59E781AD1C-LeaderElection52: ELECTION PASSED received 1 response(s) and 0 exception(s):
2024-09-10 16:46:34,342 [e5502358-b128-4a46-b87d-f44ed006f965@group-BD59E781AD1C-LeaderElection52] INFO  impl.LeaderElection (LeaderElection.java:logAndReturn(93)) -   Response 0: e5502358-b128-4a46-b87d-f44ed006f965<-f49a985e-efe9-405d-8922-13d0c1bb1d78#0:OK-t1
2024-09-10 16:46:34,342 [e5502358-b128-4a46-b87d-f44ed006f965@group-BD59E781AD1C-LeaderElection52] INFO  impl.LeaderElection (LeaderElection.java:askForVotes(323)) - e5502358-b128-4a46-b87d-f44ed006f965@group-BD59E781AD1C-LeaderElection52 ELECTION round 0: result PASSED
2024-09-10 16:46:34,342 [e5502358-b128-4a46-b87d-f44ed006f965@group-BD59E781AD1C-LeaderElection52] INFO  impl.RoleInfo (RoleInfo.java:shutdownLeaderElection(139)) - e5502358-b128-4a46-b87d-f44ed006f965: shutdown e5502358-b128-4a46-b87d-f44ed006f965@group-BD59E781AD1C-LeaderElection52
2024-09-10 16:46:34,342 [e5502358-b128-4a46-b87d-f44ed006f965@group-BD59E781AD1C-LeaderElection52] INFO  server.RaftServer$Division (RaftServerImpl.java:setRole(376)) - e5502358-b128-4a46-b87d-f44ed006f965@group-BD59E781AD1C: changes role from CANDIDATE to LEADER at term 1 for changeToLeader
2024-09-10 16:46:34,342 [e5502358-b128-4a46-b87d-f44ed006f965@group-F68757ADEE15-SegmentedRaftLogWorker] INFO  segmented.SegmentedRaftLogWorker (SegmentedRaftLogWorker.java:execute(637)) - e5502358-b128-4a46-b87d-f44ed006f965@group-F68757ADEE15-SegmentedRaftLogWorker: created new log segment /home/runner/work/ozone/ozone/hadoop-ozone/integration-test/target/test-dir/MiniOzoneClusterImpl-4ea98613-7ec2-40e8-bdf5-64593f2fdf96/ozone-meta/datanode-1/ratis/fd2ec4e1-122d-4f69-9097-f68757adee15/current/log_inprogress_0
2024-09-10 16:46:34,342 [e5502358-b128-4a46-b87d-f44ed006f965@group-BD59E781AD1C-LeaderElection52] INFO  server.RaftServerConfigKeys (ConfUtils.java:logGet(46)) - raft.server.staging.catchup.gap = 1000 (default)
2024-09-10 16:46:34,343 [e5502358-b128-4a46-b87d-f44ed006f965@group-BD59E781AD1C-LeaderElection52] INFO  server.RaftServerConfigKeys (ConfUtils.java:logGet(46)) - raft.server.write.element-limit = 1024 (custom)
2024-09-10 16:46:34,343 [e5502358-b128-4a46-b87d-f44ed006f965@group-BD59E781AD1C-LeaderElection52] INFO  server.RaftServerConfigKeys (ConfUtils.java:logGet(46)) - raft.server.write.byte-limit = 1024 M (=1073741824) (custom)
2024-09-10 16:46:34,343 [e5502358-b128-4a46-b87d-f44ed006f965@group-BD59E781AD1C-LeaderElection52] INFO  server.RaftServerConfigKeys (ConfUtils.java:logGet(46)) - raft.server.watch.timeout = 3000ms (custom)
2024-09-10 16:46:34,343 [e5502358-b128-4a46-b87d-f44ed006f965@group-BD59E781AD1C-LeaderElection52] INFO  server.RaftServerConfigKeys (ConfUtils.java:logGet(46)) - raft.server.watch.timeout.denomination = 1s (default)
2024-09-10 16:46:34,343 [e5502358-b128-4a46-b87d-f44ed006f965@group-BD59E781AD1C-LeaderElection52] INFO  server.RaftServerConfigKeys (ConfUtils.java:logGet(46)) - raft.server.watch.element-limit = 65536 (default)
2024-09-10 16:46:34,343 [e5502358-b128-4a46-b87d-f44ed006f965@group-BD59E781AD1C-LeaderElection52] INFO  server.RaftServerConfigKeys (ConfUtils.java:logGet(46)) - raft.server.read.leader.lease.enabled = false (default)
2024-09-10 16:46:34,343 [e5502358-b128-4a46-b87d-f44ed006f965@group-BD59E781AD1C-LeaderElection52] INFO  server.RaftServerConfigKeys (ConfUtils.java:logGet(46)) - raft.server.read.leader.lease.timeout.ratio = 0.9 (default)
2024-09-10 16:46:34,343 [e5502358-b128-4a46-b87d-f44ed006f965@group-BD59E781AD1C-LeaderElection52] INFO  server.RaftServerConfigKeys (ConfUtils.java:logGet(46)) - raft.server.rpc.timeout.min = 5s (custom)
2024-09-10 16:46:34,343 [e5502358-b128-4a46-b87d-f44ed006f965@group-BD59E781AD1C-LeaderElection52] INFO  server.RaftServerConfigKeys (ConfUtils.java:logGet(46)) - raft.server.log.log-metadata.enabled = true (default)
2024-09-10 16:46:34,343 [e5502358-b128-4a46-b87d-f44ed006f965@group-BD59E781AD1C-LeaderElection52] INFO  server.RaftServerConfigKeys (ConfUtils.java:logGet(46)) - raft.server.write.element-limit = 1024 (custom)
2024-09-10 16:46:34,343 [e5502358-b128-4a46-b87d-f44ed006f965@group-BD59E781AD1C-LeaderElection52] INFO  server.RaftServerConfigKeys (ConfUtils.java:logGet(46)) - raft.server.write.follower.gap.ratio.max = -1.0 (default)
2024-09-10 16:46:34,344 [e5502358-b128-4a46-b87d-f44ed006f965@group-BD59E781AD1C-LeaderElection52] INFO  server.RaftServerConfigKeys (ConfUtils.java:logGet(46)) - raft.server.log.appender.snapshot.chunk.size.max = 16MB (=16777216) (default)
2024-09-10 16:46:34,344 [e5502358-b128-4a46-b87d-f44ed006f965@group-BD59E781AD1C-LeaderElection52] INFO  server.RaftServerConfigKeys (ConfUtils.java:logGet(46)) - raft.server.log.appender.buffer.byte-limit = 33554432 (custom)
2024-09-10 16:46:34,344 [e5502358-b128-4a46-b87d-f44ed006f965@group-BD59E781AD1C-LeaderElection52] INFO  server.RaftServerConfigKeys (ConfUtils.java:logGet(46)) - raft.server.log.appender.buffer.element-limit = 1024 (custom)
2024-09-10 16:46:34,344 [e5502358-b128-4a46-b87d-f44ed006f965@group-BD59E781AD1C-LeaderElection52] INFO  server.RaftServerConfigKeys (ConfUtils.java:logGet(46)) - raft.server.log.appender.wait-time.min = 0ms (custom)
2024-09-10 16:46:34,344 [grpc-default-executor-1] INFO  server.RaftServer$Division (RaftServerImpl.java:requestVote(1449)) - 2330440b-2504-4263-b461-07f8c416a88f@group-BD59E781AD1C replies to ELECTION vote request: e5502358-b128-4a46-b87d-f44ed006f965<-2330440b-2504-4263-b461-07f8c416a88f#0:OK-t1. Peer's state: 2330440b-2504-4263-b461-07f8c416a88f@group-BD59E781AD1C:t1, leader=null, voted=e5502358-b128-4a46-b87d-f44ed006f965, raftlog=Memoized:2330440b-2504-4263-b461-07f8c416a88f@group-BD59E781AD1C-SegmentedRaftLog:OPENED:c-1:lastnull, conf=conf: {index: -1, cur=peers:[2330440b-2504-4263-b461-07f8c416a88f|127.0.0.1:15180, f49a985e-efe9-405d-8922-13d0c1bb1d78|127.0.0.1:15189, e5502358-b128-4a46-b87d-f44ed006f965|127.0.0.1:15171]|listeners:[], old=null}
2024-09-10 16:46:34,344 [e5502358-b128-4a46-b87d-f44ed006f965@group-BD59E781AD1C-LeaderElection52] INFO  grpc.GrpcConfigKeys (ConfUtils.java:logGet(46)) - raft.grpc.server.leader.outstanding.appends.max = 8 (default)
2024-09-10 16:46:34,344 [e5502358-b128-4a46-b87d-f44ed006f965@group-BD59E781AD1C-LeaderElection52] INFO  server.RaftServerConfigKeys (ConfUtils.java:logGet(46)) - raft.server.rpc.request.timeout = 3000ms (default)
2024-09-10 16:46:34,344 [e5502358-b128-4a46-b87d-f44ed006f965@group-BD59E781AD1C-LeaderElection52] INFO  grpc.GrpcConfigKeys (ConfUtils.java:logGet(46)) - raft.grpc.server.install_snapshot.request.element-limit = 8 (default)
2024-09-10 16:46:34,344 [e5502358-b128-4a46-b87d-f44ed006f965@group-BD59E781AD1C-LeaderElection52] INFO  grpc.GrpcConfigKeys (ConfUtils.java:logGet(46)) - raft.grpc.server.install_snapshot.request.timeout = 3000ms (default)
2024-09-10 16:46:34,344 [e5502358-b128-4a46-b87d-f44ed006f965@group-BD59E781AD1C-LeaderElection52] INFO  grpc.GrpcConfigKeys (ConfUtils.java:logGet(46)) - raft.grpc.server.log-message.batch.duration = 5s (default)
2024-09-10 16:46:34,344 [e5502358-b128-4a46-b87d-f44ed006f965@group-BD59E781AD1C-LeaderElection52] INFO  server.RaftServerConfigKeys (ConfUtils.java:logGet(46)) - raft.server.log.appender.install.snapshot.enabled = false (custom)
2024-09-10 16:46:34,344 [e5502358-b128-4a46-b87d-f44ed006f965@group-BD59E781AD1C-LeaderElection52] INFO  grpc.GrpcConfigKeys (ConfUtils.java:logGet(46)) - raft.grpc.server.heartbeat.channel = true (default)
2024-09-10 16:46:34,344 [e5502358-b128-4a46-b87d-f44ed006f965@group-F68757ADEE15-StateMachineUpdater] INFO  server.RaftServer$Division (LeaderStateImpl.java:checkStartIndex(316)) - Leader e5502358-b128-4a46-b87d-f44ed006f965@group-F68757ADEE15-LeaderStateImpl is ready since appliedIndex == startIndex == 0
2024-09-10 16:46:34,345 [e5502358-b128-4a46-b87d-f44ed006f965@group-BD59E781AD1C-LeaderElection52] INFO  server.RaftServerConfigKeys (ConfUtils.java:logGet(46)) - raft.server.log.appender.snapshot.chunk.size.max = 16MB (=16777216) (default)
2024-09-10 16:46:34,345 [e5502358-b128-4a46-b87d-f44ed006f965@group-BD59E781AD1C-LeaderElection52] INFO  server.RaftServerConfigKeys (ConfUtils.java:logGet(46)) - raft.server.log.appender.buffer.byte-limit = 33554432 (custom)
2024-09-10 16:46:34,345 [e5502358-b128-4a46-b87d-f44ed006f965@group-BD59E781AD1C-LeaderElection52] INFO  server.RaftServerConfigKeys (ConfUtils.java:logGet(46)) - raft.server.log.appender.buffer.element-limit = 1024 (custom)
2024-09-10 16:46:34,345 [e5502358-b128-4a46-b87d-f44ed006f965@group-BD59E781AD1C-LeaderElection52] INFO  server.RaftServerConfigKeys (ConfUtils.java:logGet(46)) - raft.server.log.appender.wait-time.min = 0ms (custom)
2024-09-10 16:46:34,345 [e5502358-b128-4a46-b87d-f44ed006f965@group-BD59E781AD1C-LeaderElection52] INFO  grpc.GrpcConfigKeys (ConfUtils.java:logGet(46)) - raft.grpc.server.leader.outstanding.appends.max = 8 (default)
2024-09-10 16:46:34,345 [e5502358-b128-4a46-b87d-f44ed006f965@group-BD59E781AD1C-LeaderElection52] INFO  server.RaftServerConfigKeys (ConfUtils.java:logGet(46)) - raft.server.rpc.request.timeout = 3000ms (default)
2024-09-10 16:46:34,345 [e5502358-b128-4a46-b87d-f44ed006f965@group-BD59E781AD1C-LeaderElection52] INFO  grpc.GrpcConfigKeys (ConfUtils.java:logGet(46)) - raft.grpc.server.install_snapshot.request.element-limit = 8 (default)
2024-09-10 16:46:34,345 [e5502358-b128-4a46-b87d-f44ed006f965@group-BD59E781AD1C-LeaderElection52] INFO  grpc.GrpcConfigKeys (ConfUtils.java:logGet(46)) - raft.grpc.server.install_snapshot.request.timeout = 3000ms (default)
2024-09-10 16:46:34,345 [e5502358-b128-4a46-b87d-f44ed006f965@group-BD59E781AD1C-LeaderElection52] INFO  grpc.GrpcConfigKeys (ConfUtils.java:logGet(46)) - raft.grpc.server.log-message.batch.duration = 5s (default)
2024-09-10 16:46:34,345 [e5502358-b128-4a46-b87d-f44ed006f965@group-BD59E781AD1C-LeaderElection52] INFO  server.RaftServerConfigKeys (ConfUtils.java:logGet(46)) - raft.server.log.appender.install.snapshot.enabled = false (custom)
2024-09-10 16:46:34,345 [e5502358-b128-4a46-b87d-f44ed006f965@group-BD59E781AD1C-LeaderElection52] INFO  grpc.GrpcConfigKeys (ConfUtils.java:logGet(46)) - raft.grpc.server.heartbeat.channel = true (default)
2024-09-10 16:46:34,345 [e5502358-b128-4a46-b87d-f44ed006f965@group-BD59E781AD1C-LeaderElection52] INFO  impl.RoleInfo (RoleInfo.java:updateAndGet(148)) - e5502358-b128-4a46-b87d-f44ed006f965: start e5502358-b128-4a46-b87d-f44ed006f965@group-BD59E781AD1C-LeaderStateImpl
2024-09-10 16:46:34,346 [e5502358-b128-4a46-b87d-f44ed006f965@group-BD59E781AD1C-LeaderElection52] INFO  server.RaftServer$Division (RaftServerImpl.java:setFirstElection(549)) - e5502358-b128-4a46-b87d-f44ed006f965@group-BD59E781AD1C: set firstElectionSinceStartup to false for becomeLeader
2024-09-10 16:46:34,346 [e5502358-b128-4a46-b87d-f44ed006f965@group-BD59E781AD1C-LeaderElection52] INFO  ratis.XceiverServerRatis (XceiverServerRatis.java:handleLeaderChangedNotification(950)) - Leader change notification received for group: group-BD59E781AD1C with new leaderId: e5502358-b128-4a46-b87d-f44ed006f965
2024-09-10 16:46:34,346 [e5502358-b128-4a46-b87d-f44ed006f965@group-BD59E781AD1C-LeaderElection52] INFO  server.RaftServer$Division (ServerState.java:setLeader(272)) - e5502358-b128-4a46-b87d-f44ed006f965@group-BD59E781AD1C: change Leader from null to e5502358-b128-4a46-b87d-f44ed006f965 at term 1 for becomeLeader, leader elected after 5143ms
2024-09-10 16:46:34,347 [EventQueue-PipelineReportForPipelineReportHandler] INFO  pipeline.PipelineReportHandler (PipelineReportHandler.java:processPipelineReport(136)) - Opened pipeline PipelineID=998c03c0-f7d5-40e6-a397-bd59e781ad1c
2024-09-10 16:46:34,347 [e5502358-b128-4a46-b87d-f44ed006f965@group-BD59E781AD1C-LeaderElection52] INFO  segmented.SegmentedRaftLogWorker (SegmentedRaftLogWorker.java:startLogSegment(433)) - e5502358-b128-4a46-b87d-f44ed006f965@group-BD59E781AD1C-SegmentedRaftLogWorker: Starting segment from index:0
2024-09-10 16:46:34,348 [e5502358-b128-4a46-b87d-f44ed006f965@group-BD59E781AD1C-LeaderElection52] INFO  server.RaftServer$Division (ServerState.java:setRaftConf(386)) - e5502358-b128-4a46-b87d-f44ed006f965@group-BD59E781AD1C: set configuration conf: {index: 0, cur=peers:[2330440b-2504-4263-b461-07f8c416a88f|127.0.0.1:15180, f49a985e-efe9-405d-8922-13d0c1bb1d78|127.0.0.1:15189, e5502358-b128-4a46-b87d-f44ed006f965|127.0.0.1:15171]|listeners:[], old=null}
2024-09-10 16:46:34,348 [e5502358-b128-4a46-b87d-f44ed006f965@group-BD59E781AD1C-SegmentedRaftLogWorker] INFO  segmented.BufferedWriteChannel (BufferedWriteChannel.java:open(61)) - open log_inprogress_0 at position 0
2024-09-10 16:46:34,358 [e5502358-b128-4a46-b87d-f44ed006f965@group-BD59E781AD1C-SegmentedRaftLogWorker] INFO  segmented.SegmentedRaftLogWorker (SegmentedRaftLogWorker.java:execute(637)) - e5502358-b128-4a46-b87d-f44ed006f965@group-BD59E781AD1C-SegmentedRaftLogWorker: created new log segment /home/runner/work/ozone/ozone/hadoop-ozone/integration-test/target/test-dir/MiniOzoneClusterImpl-4ea98613-7ec2-40e8-bdf5-64593f2fdf96/ozone-meta/datanode-1/ratis/998c03c0-f7d5-40e6-a397-bd59e781ad1c/current/log_inprogress_0
2024-09-10 16:46:34,364 [f49a985e-efe9-405d-8922-13d0c1bb1d78-server-thread1] INFO  ratis.XceiverServerRatis (XceiverServerRatis.java:handleLeaderChangedNotification(950)) - Leader change notification received for group: group-BD59E781AD1C with new leaderId: e5502358-b128-4a46-b87d-f44ed006f965
2024-09-10 16:46:34,364 [f49a985e-efe9-405d-8922-13d0c1bb1d78-server-thread1] INFO  server.RaftServer$Division (ServerState.java:setLeader(272)) - f49a985e-efe9-405d-8922-13d0c1bb1d78@group-BD59E781AD1C: change Leader from null to e5502358-b128-4a46-b87d-f44ed006f965 at term 1 for appendEntries, leader elected after 5140ms
2024-09-10 16:46:34,365 [f49a985e-efe9-405d-8922-13d0c1bb1d78-server-thread1] INFO  server.RaftServer$Division (ServerState.java:setRaftConf(386)) - f49a985e-efe9-405d-8922-13d0c1bb1d78@group-BD59E781AD1C: set configuration conf: {index: 0, cur=peers:[2330440b-2504-4263-b461-07f8c416a88f|127.0.0.1:15180, f49a985e-efe9-405d-8922-13d0c1bb1d78|127.0.0.1:15189, e5502358-b128-4a46-b87d-f44ed006f965|127.0.0.1:15171]|listeners:[], old=null}
2024-09-10 16:46:34,365 [f49a985e-efe9-405d-8922-13d0c1bb1d78-server-thread1] INFO  segmented.SegmentedRaftLogWorker (SegmentedRaftLogWorker.java:startLogSegment(433)) - f49a985e-efe9-405d-8922-13d0c1bb1d78@group-BD59E781AD1C-SegmentedRaftLogWorker: Starting segment from index:0
2024-09-10 16:46:34,365 [f49a985e-efe9-405d-8922-13d0c1bb1d78@group-BD59E781AD1C-SegmentedRaftLogWorker] INFO  segmented.BufferedWriteChannel (BufferedWriteChannel.java:open(61)) - open log_inprogress_0 at position 0
2024-09-10 16:46:34,371 [2330440b-2504-4263-b461-07f8c416a88f-server-thread1] INFO  ratis.XceiverServerRatis (XceiverServerRatis.java:handleLeaderChangedNotification(950)) - Leader change notification received for group: group-BD59E781AD1C with new leaderId: e5502358-b128-4a46-b87d-f44ed006f965
2024-09-10 16:46:34,371 [2330440b-2504-4263-b461-07f8c416a88f-server-thread1] INFO  server.RaftServer$Division (ServerState.java:setLeader(272)) - 2330440b-2504-4263-b461-07f8c416a88f@group-BD59E781AD1C: change Leader from null to e5502358-b128-4a46-b87d-f44ed006f965 at term 1 for appendEntries, leader elected after 5117ms
2024-09-10 16:46:34,373 [2330440b-2504-4263-b461-07f8c416a88f-server-thread2] INFO  server.RaftServer$Division (ServerState.java:setRaftConf(386)) - 2330440b-2504-4263-b461-07f8c416a88f@group-BD59E781AD1C: set configuration conf: {index: 0, cur=peers:[2330440b-2504-4263-b461-07f8c416a88f|127.0.0.1:15180, f49a985e-efe9-405d-8922-13d0c1bb1d78|127.0.0.1:15189, e5502358-b128-4a46-b87d-f44ed006f965|127.0.0.1:15171]|listeners:[], old=null}
2024-09-10 16:46:34,373 [2330440b-2504-4263-b461-07f8c416a88f-server-thread2] INFO  segmented.SegmentedRaftLogWorker (SegmentedRaftLogWorker.java:startLogSegment(433)) - 2330440b-2504-4263-b461-07f8c416a88f@group-BD59E781AD1C-SegmentedRaftLogWorker: Starting segment from index:0
2024-09-10 16:46:34,373 [2330440b-2504-4263-b461-07f8c416a88f@group-BD59E781AD1C-SegmentedRaftLogWorker] INFO  segmented.BufferedWriteChannel (BufferedWriteChannel.java:open(61)) - open log_inprogress_0 at position 0
2024-09-10 16:46:34,381 [f49a985e-efe9-405d-8922-13d0c1bb1d78@group-BD59E781AD1C-SegmentedRaftLogWorker] INFO  segmented.SegmentedRaftLogWorker (SegmentedRaftLogWorker.java:execute(637)) - f49a985e-efe9-405d-8922-13d0c1bb1d78@group-BD59E781AD1C-SegmentedRaftLogWorker: created new log segment /home/runner/work/ozone/ozone/hadoop-ozone/integration-test/target/test-dir/MiniOzoneClusterImpl-4ea98613-7ec2-40e8-bdf5-64593f2fdf96/ozone-meta/datanode-3/ratis/998c03c0-f7d5-40e6-a397-bd59e781ad1c/current/log_inprogress_0
2024-09-10 16:46:34,384 [2330440b-2504-4263-b461-07f8c416a88f@group-BD59E781AD1C-SegmentedRaftLogWorker] INFO  segmented.SegmentedRaftLogWorker (SegmentedRaftLogWorker.java:execute(637)) - 2330440b-2504-4263-b461-07f8c416a88f@group-BD59E781AD1C-SegmentedRaftLogWorker: created new log segment /home/runner/work/ozone/ozone/hadoop-ozone/integration-test/target/test-dir/MiniOzoneClusterImpl-4ea98613-7ec2-40e8-bdf5-64593f2fdf96/ozone-meta/datanode-2/ratis/998c03c0-f7d5-40e6-a397-bd59e781ad1c/current/log_inprogress_0
2024-09-10 16:46:34,385 [e5502358-b128-4a46-b87d-f44ed006f965@group-BD59E781AD1C-StateMachineUpdater] INFO  server.RaftServer$Division (LeaderStateImpl.java:checkStartIndex(316)) - Leader e5502358-b128-4a46-b87d-f44ed006f965@group-BD59E781AD1C-LeaderStateImpl is ready since appliedIndex == startIndex == 0
2024-09-10 16:46:34,452 [2330440b-2504-4263-b461-07f8c416a88f@group-C733A4596614-FollowerState] INFO  impl.FollowerState (FollowerState.java:run(144)) - 2330440b-2504-4263-b461-07f8c416a88f@group-C733A4596614-FollowerState: change to CANDIDATE, lastRpcElapsedTime:5115283156ns, electionTimeout:5105ms
2024-09-10 16:46:34,452 [2330440b-2504-4263-b461-07f8c416a88f@group-C733A4596614-FollowerState] INFO  impl.RoleInfo (RoleInfo.java:shutdownFollowerState(119)) - 2330440b-2504-4263-b461-07f8c416a88f: shutdown 2330440b-2504-4263-b461-07f8c416a88f@group-C733A4596614-FollowerState
2024-09-10 16:46:34,452 [2330440b-2504-4263-b461-07f8c416a88f@group-C733A4596614-FollowerState] INFO  server.RaftServer$Division (RaftServerImpl.java:setRole(376)) - 2330440b-2504-4263-b461-07f8c416a88f@group-C733A4596614: changes role from  FOLLOWER to CANDIDATE at term 0 for changeToCandidate
2024-09-10 16:46:34,452 [2330440b-2504-4263-b461-07f8c416a88f@group-C733A4596614-FollowerState] INFO  server.RaftServerConfigKeys (ConfUtils.java:logGet(46)) - raft.server.leaderelection.pre-vote = true (default)
2024-09-10 16:46:34,452 [2330440b-2504-4263-b461-07f8c416a88f@group-C733A4596614-FollowerState] INFO  impl.RoleInfo (RoleInfo.java:updateAndGet(148)) - 2330440b-2504-4263-b461-07f8c416a88f: start 2330440b-2504-4263-b461-07f8c416a88f@group-C733A4596614-LeaderElection53
2024-09-10 16:46:34,453 [2330440b-2504-4263-b461-07f8c416a88f@group-C733A4596614-LeaderElection53] INFO  impl.LeaderElection (LeaderElection.java:askForVotes(321)) - 2330440b-2504-4263-b461-07f8c416a88f@group-C733A4596614-LeaderElection53 PRE_VOTE round 0: submit vote requests at term 0 for conf: {index: -1, cur=peers:[2330440b-2504-4263-b461-07f8c416a88f|127.0.0.1:15180, f49a985e-efe9-405d-8922-13d0c1bb1d78|127.0.0.1:15189, e5502358-b128-4a46-b87d-f44ed006f965|127.0.0.1:15171]|listeners:[], old=null}
2024-09-10 16:46:34,453 [2330440b-2504-4263-b461-07f8c416a88f@group-C733A4596614-LeaderElection53] INFO  server.RaftServerConfigKeys (ConfUtils.java:logFallback(53)) - raft.server.rpc.first-election.timeout.min = 5s (fallback to raft.server.rpc.timeout.min)
2024-09-10 16:46:34,453 [2330440b-2504-4263-b461-07f8c416a88f@group-C733A4596614-LeaderElection53] INFO  server.RaftServerConfigKeys (ConfUtils.java:logFallback(53)) - raft.server.rpc.first-election.timeout.max = 5200ms (fallback to raft.server.rpc.timeout.max)
2024-09-10 16:46:34,454 [grpc-default-executor-2] INFO  server.RaftServer$Division (RaftServerImpl.java:requestVote(1416)) - e5502358-b128-4a46-b87d-f44ed006f965@group-C733A4596614: receive requestVote(PRE_VOTE, 2330440b-2504-4263-b461-07f8c416a88f, group-C733A4596614, 0, (t:0, i:0))
2024-09-10 16:46:34,454 [grpc-default-executor-0] INFO  server.RaftServer$Division (RaftServerImpl.java:requestVote(1416)) - f49a985e-efe9-405d-8922-13d0c1bb1d78@group-C733A4596614: receive requestVote(PRE_VOTE, 2330440b-2504-4263-b461-07f8c416a88f, group-C733A4596614, 0, (t:0, i:0))
2024-09-10 16:46:34,454 [grpc-default-executor-2] INFO  impl.VoteContext (VoteContext.java:log(49)) - e5502358-b128-4a46-b87d-f44ed006f965@group-C733A4596614-FOLLOWER: accept PRE_VOTE from 2330440b-2504-4263-b461-07f8c416a88f: our priority 0 <= candidate's priority 1
2024-09-10 16:46:34,455 [grpc-default-executor-2] INFO  server.RaftServer$Division (RaftServerImpl.java:requestVote(1449)) - e5502358-b128-4a46-b87d-f44ed006f965@group-C733A4596614 replies to PRE_VOTE vote request: 2330440b-2504-4263-b461-07f8c416a88f<-e5502358-b128-4a46-b87d-f44ed006f965#0:OK-t0. Peer's state: e5502358-b128-4a46-b87d-f44ed006f965@group-C733A4596614:t0, leader=null, voted=, raftlog=Memoized:e5502358-b128-4a46-b87d-f44ed006f965@group-C733A4596614-SegmentedRaftLog:OPENED:c-1:lastnull, conf=conf: {index: -1, cur=peers:[2330440b-2504-4263-b461-07f8c416a88f|127.0.0.1:15180, f49a985e-efe9-405d-8922-13d0c1bb1d78|127.0.0.1:15189, e5502358-b128-4a46-b87d-f44ed006f965|127.0.0.1:15171]|listeners:[], old=null}
2024-09-10 16:46:34,454 [grpc-default-executor-0] INFO  impl.VoteContext (VoteContext.java:log(49)) - f49a985e-efe9-405d-8922-13d0c1bb1d78@group-C733A4596614-FOLLOWER: accept PRE_VOTE from 2330440b-2504-4263-b461-07f8c416a88f: our priority 0 <= candidate's priority 1
2024-09-10 16:46:34,455 [grpc-default-executor-0] INFO  server.RaftServer$Division (RaftServerImpl.java:requestVote(1449)) - f49a985e-efe9-405d-8922-13d0c1bb1d78@group-C733A4596614 replies to PRE_VOTE vote request: 2330440b-2504-4263-b461-07f8c416a88f<-f49a985e-efe9-405d-8922-13d0c1bb1d78#0:OK-t0. Peer's state: f49a985e-efe9-405d-8922-13d0c1bb1d78@group-C733A4596614:t0, leader=null, voted=, raftlog=Memoized:f49a985e-efe9-405d-8922-13d0c1bb1d78@group-C733A4596614-SegmentedRaftLog:OPENED:c-1:lastnull, conf=conf: {index: -1, cur=peers:[2330440b-2504-4263-b461-07f8c416a88f|127.0.0.1:15180, f49a985e-efe9-405d-8922-13d0c1bb1d78|127.0.0.1:15189, e5502358-b128-4a46-b87d-f44ed006f965|127.0.0.1:15171]|listeners:[], old=null}
2024-09-10 16:46:34,455 [2330440b-2504-4263-b461-07f8c416a88f@group-C733A4596614-LeaderElection53] INFO  impl.LeaderElection (LeaderElection.java:logAndReturn(89)) - 2330440b-2504-4263-b461-07f8c416a88f@group-C733A4596614-LeaderElection53: PRE_VOTE PASSED received 1 response(s) and 0 exception(s):
2024-09-10 16:46:34,455 [2330440b-2504-4263-b461-07f8c416a88f@group-C733A4596614-LeaderElection53] INFO  impl.LeaderElection (LeaderElection.java:logAndReturn(93)) -   Response 0: 2330440b-2504-4263-b461-07f8c416a88f<-f49a985e-efe9-405d-8922-13d0c1bb1d78#0:OK-t0
2024-09-10 16:46:34,456 [2330440b-2504-4263-b461-07f8c416a88f@group-C733A4596614-LeaderElection53] INFO  impl.LeaderElection (LeaderElection.java:askForVotes(323)) - 2330440b-2504-4263-b461-07f8c416a88f@group-C733A4596614-LeaderElection53 PRE_VOTE round 0: result PASSED
2024-09-10 16:46:34,457 [2330440b-2504-4263-b461-07f8c416a88f@group-C733A4596614-LeaderElection53] INFO  impl.LeaderElection (LeaderElection.java:askForVotes(321)) - 2330440b-2504-4263-b461-07f8c416a88f@group-C733A4596614-LeaderElection53 ELECTION round 0: submit vote requests at term 1 for conf: {index: -1, cur=peers:[2330440b-2504-4263-b461-07f8c416a88f|127.0.0.1:15180, f49a985e-efe9-405d-8922-13d0c1bb1d78|127.0.0.1:15189, e5502358-b128-4a46-b87d-f44ed006f965|127.0.0.1:15171]|listeners:[], old=null}
2024-09-10 16:46:34,458 [2330440b-2504-4263-b461-07f8c416a88f@group-C733A4596614-LeaderElection53] INFO  server.RaftServerConfigKeys (ConfUtils.java:logFallback(53)) - raft.server.rpc.first-election.timeout.min = 5s (fallback to raft.server.rpc.timeout.min)
2024-09-10 16:46:34,458 [2330440b-2504-4263-b461-07f8c416a88f@group-C733A4596614-LeaderElection53] INFO  server.RaftServerConfigKeys (ConfUtils.java:logFallback(53)) - raft.server.rpc.first-election.timeout.max = 5200ms (fallback to raft.server.rpc.timeout.max)
2024-09-10 16:46:34,458 [grpc-default-executor-0] INFO  server.RaftServer$Division (RaftServerImpl.java:requestVote(1416)) - f49a985e-efe9-405d-8922-13d0c1bb1d78@group-C733A4596614: receive requestVote(ELECTION, 2330440b-2504-4263-b461-07f8c416a88f, group-C733A4596614, 1, (t:0, i:0))
2024-09-10 16:46:34,459 [grpc-default-executor-0] INFO  impl.VoteContext (VoteContext.java:log(49)) - f49a985e-efe9-405d-8922-13d0c1bb1d78@group-C733A4596614-FOLLOWER: accept ELECTION from 2330440b-2504-4263-b461-07f8c416a88f: our priority 0 <= candidate's priority 1
2024-09-10 16:46:34,459 [grpc-default-executor-0] INFO  server.RaftServer$Division (RaftServerImpl.java:setRole(376)) - f49a985e-efe9-405d-8922-13d0c1bb1d78@group-C733A4596614: changes role from  FOLLOWER to FOLLOWER at term 1 for candidate:2330440b-2504-4263-b461-07f8c416a88f
2024-09-10 16:46:34,459 [grpc-default-executor-0] INFO  impl.RoleInfo (RoleInfo.java:shutdownFollowerState(119)) - f49a985e-efe9-405d-8922-13d0c1bb1d78: shutdown f49a985e-efe9-405d-8922-13d0c1bb1d78@group-C733A4596614-FollowerState
2024-09-10 16:46:34,459 [grpc-default-executor-0] INFO  impl.RoleInfo (RoleInfo.java:updateAndGet(148)) - f49a985e-efe9-405d-8922-13d0c1bb1d78: start f49a985e-efe9-405d-8922-13d0c1bb1d78@group-C733A4596614-FollowerState
2024-09-10 16:46:34,459 [f49a985e-efe9-405d-8922-13d0c1bb1d78@group-C733A4596614-FollowerState] INFO  impl.FollowerState (FollowerState.java:run(153)) - f49a985e-efe9-405d-8922-13d0c1bb1d78@group-C733A4596614-FollowerState was interrupted
2024-09-10 16:46:34,459 [grpc-default-executor-0] INFO  server.RaftServer$Division (RaftServerImpl.java:setFirstElection(549)) - f49a985e-efe9-405d-8922-13d0c1bb1d78@group-C733A4596614: set firstElectionSinceStartup to false for candidate:2330440b-2504-4263-b461-07f8c416a88f
2024-09-10 16:46:34,460 [grpc-default-executor-2] INFO  server.RaftServer$Division (RaftServerImpl.java:requestVote(1416)) - e5502358-b128-4a46-b87d-f44ed006f965@group-C733A4596614: receive requestVote(ELECTION, 2330440b-2504-4263-b461-07f8c416a88f, group-C733A4596614, 1, (t:0, i:0))
2024-09-10 16:46:34,460 [grpc-default-executor-2] INFO  impl.VoteContext (VoteContext.java:log(49)) - e5502358-b128-4a46-b87d-f44ed006f965@group-C733A4596614-FOLLOWER: accept ELECTION from 2330440b-2504-4263-b461-07f8c416a88f: our priority 0 <= candidate's priority 1
2024-09-10 16:46:34,460 [grpc-default-executor-2] INFO  server.RaftServer$Division (RaftServerImpl.java:setRole(376)) - e5502358-b128-4a46-b87d-f44ed006f965@group-C733A4596614: changes role from  FOLLOWER to FOLLOWER at term 1 for candidate:2330440b-2504-4263-b461-07f8c416a88f
2024-09-10 16:46:34,460 [grpc-default-executor-2] INFO  impl.RoleInfo (RoleInfo.java:shutdownFollowerState(119)) - e5502358-b128-4a46-b87d-f44ed006f965: shutdown e5502358-b128-4a46-b87d-f44ed006f965@group-C733A4596614-FollowerState
2024-09-10 16:46:34,460 [grpc-default-executor-2] INFO  impl.RoleInfo (RoleInfo.java:updateAndGet(148)) - e5502358-b128-4a46-b87d-f44ed006f965: start e5502358-b128-4a46-b87d-f44ed006f965@group-C733A4596614-FollowerState
2024-09-10 16:46:34,460 [e5502358-b128-4a46-b87d-f44ed006f965@group-C733A4596614-FollowerState] INFO  impl.FollowerState (FollowerState.java:run(153)) - e5502358-b128-4a46-b87d-f44ed006f965@group-C733A4596614-FollowerState was interrupted
2024-09-10 16:46:34,461 [grpc-default-executor-0] INFO  server.RaftServer$Division (RaftServerImpl.java:requestVote(1449)) - f49a985e-efe9-405d-8922-13d0c1bb1d78@group-C733A4596614 replies to ELECTION vote request: 2330440b-2504-4263-b461-07f8c416a88f<-f49a985e-efe9-405d-8922-13d0c1bb1d78#0:OK-t1. Peer's state: f49a985e-efe9-405d-8922-13d0c1bb1d78@group-C733A4596614:t1, leader=null, voted=2330440b-2504-4263-b461-07f8c416a88f, raftlog=Memoized:f49a985e-efe9-405d-8922-13d0c1bb1d78@group-C733A4596614-SegmentedRaftLog:OPENED:c-1:lastnull, conf=conf: {index: -1, cur=peers:[2330440b-2504-4263-b461-07f8c416a88f|127.0.0.1:15180, f49a985e-efe9-405d-8922-13d0c1bb1d78|127.0.0.1:15189, e5502358-b128-4a46-b87d-f44ed006f965|127.0.0.1:15171]|listeners:[], old=null}
2024-09-10 16:46:34,463 [2330440b-2504-4263-b461-07f8c416a88f@group-C733A4596614-LeaderElection53] INFO  impl.LeaderElection (LeaderElection.java:logAndReturn(89)) - 2330440b-2504-4263-b461-07f8c416a88f@group-C733A4596614-LeaderElection53: ELECTION PASSED received 1 response(s) and 0 exception(s):
2024-09-10 16:46:34,463 [2330440b-2504-4263-b461-07f8c416a88f@group-C733A4596614-LeaderElection53] INFO  impl.LeaderElection (LeaderElection.java:logAndReturn(93)) -   Response 0: 2330440b-2504-4263-b461-07f8c416a88f<-f49a985e-efe9-405d-8922-13d0c1bb1d78#0:OK-t1
2024-09-10 16:46:34,463 [2330440b-2504-4263-b461-07f8c416a88f@group-C733A4596614-LeaderElection53] INFO  impl.LeaderElection (LeaderElection.java:askForVotes(323)) - 2330440b-2504-4263-b461-07f8c416a88f@group-C733A4596614-LeaderElection53 ELECTION round 0: result PASSED
2024-09-10 16:46:34,463 [2330440b-2504-4263-b461-07f8c416a88f@group-C733A4596614-LeaderElection53] INFO  impl.RoleInfo (RoleInfo.java:shutdownLeaderElection(139)) - 2330440b-2504-4263-b461-07f8c416a88f: shutdown 2330440b-2504-4263-b461-07f8c416a88f@group-C733A4596614-LeaderElection53
2024-09-10 16:46:34,463 [grpc-default-executor-2] INFO  server.RaftServer$Division (RaftServerImpl.java:requestVote(1449)) - e5502358-b128-4a46-b87d-f44ed006f965@group-C733A4596614 replies to ELECTION vote request: 2330440b-2504-4263-b461-07f8c416a88f<-e5502358-b128-4a46-b87d-f44ed006f965#0:OK-t1. Peer's state: e5502358-b128-4a46-b87d-f44ed006f965@group-C733A4596614:t1, leader=null, voted=2330440b-2504-4263-b461-07f8c416a88f, raftlog=Memoized:e5502358-b128-4a46-b87d-f44ed006f965@group-C733A4596614-SegmentedRaftLog:OPENED:c-1:lastnull, conf=conf: {index: -1, cur=peers:[2330440b-2504-4263-b461-07f8c416a88f|127.0.0.1:15180, f49a985e-efe9-405d-8922-13d0c1bb1d78|127.0.0.1:15189, e5502358-b128-4a46-b87d-f44ed006f965|127.0.0.1:15171]|listeners:[], old=null}
2024-09-10 16:46:34,463 [2330440b-2504-4263-b461-07f8c416a88f@group-C733A4596614-LeaderElection53] INFO  server.RaftServer$Division (RaftServerImpl.java:setRole(376)) - 2330440b-2504-4263-b461-07f8c416a88f@group-C733A4596614: changes role from CANDIDATE to LEADER at term 1 for changeToLeader
2024-09-10 16:46:34,463 [2330440b-2504-4263-b461-07f8c416a88f@group-C733A4596614-LeaderElection53] INFO  server.RaftServerConfigKeys (ConfUtils.java:logGet(46)) - raft.server.staging.catchup.gap = 1000 (default)
2024-09-10 16:46:34,463 [2330440b-2504-4263-b461-07f8c416a88f@group-C733A4596614-LeaderElection53] INFO  server.RaftServerConfigKeys (ConfUtils.java:logGet(46)) - raft.server.write.element-limit = 1024 (custom)
2024-09-10 16:46:34,463 [2330440b-2504-4263-b461-07f8c416a88f@group-C733A4596614-LeaderElection53] INFO  server.RaftServerConfigKeys (ConfUtils.java:logGet(46)) - raft.server.write.byte-limit = 1024 M (=1073741824) (custom)
2024-09-10 16:46:34,464 [2330440b-2504-4263-b461-07f8c416a88f@group-C733A4596614-LeaderElection53] INFO  server.RaftServerConfigKeys (ConfUtils.java:logGet(46)) - raft.server.watch.timeout = 3000ms (custom)
2024-09-10 16:46:34,464 [2330440b-2504-4263-b461-07f8c416a88f@group-C733A4596614-LeaderElection53] INFO  server.RaftServerConfigKeys (ConfUtils.java:logGet(46)) - raft.server.watch.timeout.denomination = 1s (default)
2024-09-10 16:46:34,464 [2330440b-2504-4263-b461-07f8c416a88f@group-C733A4596614-LeaderElection53] INFO  server.RaftServerConfigKeys (ConfUtils.java:logGet(46)) - raft.server.watch.element-limit = 65536 (default)
2024-09-10 16:46:34,464 [2330440b-2504-4263-b461-07f8c416a88f@group-C733A4596614-LeaderElection53] INFO  server.RaftServerConfigKeys (ConfUtils.java:logGet(46)) - raft.server.read.leader.lease.enabled = false (default)
2024-09-10 16:46:34,464 [2330440b-2504-4263-b461-07f8c416a88f@group-C733A4596614-LeaderElection53] INFO  server.RaftServerConfigKeys (ConfUtils.java:logGet(46)) - raft.server.read.leader.lease.timeout.ratio = 0.9 (default)
2024-09-10 16:46:34,464 [2330440b-2504-4263-b461-07f8c416a88f@group-C733A4596614-LeaderElection53] INFO  server.RaftServerConfigKeys (ConfUtils.java:logGet(46)) - raft.server.rpc.timeout.min = 5s (custom)
2024-09-10 16:46:34,464 [2330440b-2504-4263-b461-07f8c416a88f@group-C733A4596614-LeaderElection53] INFO  server.RaftServerConfigKeys (ConfUtils.java:logGet(46)) - raft.server.log.log-metadata.enabled = true (default)
2024-09-10 16:46:34,464 [2330440b-2504-4263-b461-07f8c416a88f@group-C733A4596614-LeaderElection53] INFO  server.RaftServerConfigKeys (ConfUtils.java:logGet(46)) - raft.server.write.element-limit = 1024 (custom)
2024-09-10 16:46:34,464 [2330440b-2504-4263-b461-07f8c416a88f@group-C733A4596614-LeaderElection53] INFO  server.RaftServerConfigKeys (ConfUtils.java:logGet(46)) - raft.server.write.follower.gap.ratio.max = -1.0 (default)
2024-09-10 16:46:34,464 [2330440b-2504-4263-b461-07f8c416a88f@group-C733A4596614-LeaderElection53] INFO  server.RaftServerConfigKeys (ConfUtils.java:logGet(46)) - raft.server.log.appender.snapshot.chunk.size.max = 16MB (=16777216) (default)
2024-09-10 16:46:34,465 [2330440b-2504-4263-b461-07f8c416a88f@group-C733A4596614-LeaderElection53] INFO  server.RaftServerConfigKeys (ConfUtils.java:logGet(46)) - raft.server.log.appender.buffer.byte-limit = 33554432 (custom)
2024-09-10 16:46:34,465 [2330440b-2504-4263-b461-07f8c416a88f@group-C733A4596614-LeaderElection53] INFO  server.RaftServerConfigKeys (ConfUtils.java:logGet(46)) - raft.server.log.appender.buffer.element-limit = 1024 (custom)
2024-09-10 16:46:34,465 [2330440b-2504-4263-b461-07f8c416a88f@group-C733A4596614-LeaderElection53] INFO  server.RaftServerConfigKeys (ConfUtils.java:logGet(46)) - raft.server.log.appender.wait-time.min = 0ms (custom)
2024-09-10 16:46:34,465 [2330440b-2504-4263-b461-07f8c416a88f@group-C733A4596614-LeaderElection53] INFO  grpc.GrpcConfigKeys (ConfUtils.java:logGet(46)) - raft.grpc.server.leader.outstanding.appends.max = 8 (default)
2024-09-10 16:46:34,465 [2330440b-2504-4263-b461-07f8c416a88f@group-C733A4596614-LeaderElection53] INFO  server.RaftServerConfigKeys (ConfUtils.java:logGet(46)) - raft.server.rpc.request.timeout = 3000ms (default)
2024-09-10 16:46:34,465 [2330440b-2504-4263-b461-07f8c416a88f@group-C733A4596614-LeaderElection53] INFO  grpc.GrpcConfigKeys (ConfUtils.java:logGet(46)) - raft.grpc.server.install_snapshot.request.element-limit = 8 (default)
2024-09-10 16:46:34,465 [2330440b-2504-4263-b461-07f8c416a88f@group-C733A4596614-LeaderElection53] INFO  grpc.GrpcConfigKeys (ConfUtils.java:logGet(46)) - raft.grpc.server.install_snapshot.request.timeout = 3000ms (default)
2024-09-10 16:46:34,465 [2330440b-2504-4263-b461-07f8c416a88f@group-C733A4596614-LeaderElection53] INFO  grpc.GrpcConfigKeys (ConfUtils.java:logGet(46)) - raft.grpc.server.log-message.batch.duration = 5s (default)
2024-09-10 16:46:34,465 [2330440b-2504-4263-b461-07f8c416a88f@group-C733A4596614-LeaderElection53] INFO  server.RaftServerConfigKeys (ConfUtils.java:logGet(46)) - raft.server.log.appender.install.snapshot.enabled = false (custom)
2024-09-10 16:46:34,465 [2330440b-2504-4263-b461-07f8c416a88f@group-C733A4596614-LeaderElection53] INFO  grpc.GrpcConfigKeys (ConfUtils.java:logGet(46)) - raft.grpc.server.heartbeat.channel = true (default)
2024-09-10 16:46:34,465 [2330440b-2504-4263-b461-07f8c416a88f@group-C733A4596614-LeaderElection53] INFO  server.RaftServerConfigKeys (ConfUtils.java:logGet(46)) - raft.server.log.appender.snapshot.chunk.size.max = 16MB (=16777216) (default)
2024-09-10 16:46:34,466 [2330440b-2504-4263-b461-07f8c416a88f@group-C733A4596614-LeaderElection53] INFO  server.RaftServerConfigKeys (ConfUtils.java:logGet(46)) - raft.server.log.appender.buffer.byte-limit = 33554432 (custom)
2024-09-10 16:46:34,466 [2330440b-2504-4263-b461-07f8c416a88f@group-C733A4596614-LeaderElection53] INFO  server.RaftServerConfigKeys (ConfUtils.java:logGet(46)) - raft.server.log.appender.buffer.element-limit = 1024 (custom)
2024-09-10 16:46:34,466 [2330440b-2504-4263-b461-07f8c416a88f@group-C733A4596614-LeaderElection53] INFO  server.RaftServerConfigKeys (ConfUtils.java:logGet(46)) - raft.server.log.appender.wait-time.min = 0ms (custom)
2024-09-10 16:46:34,466 [2330440b-2504-4263-b461-07f8c416a88f@group-C733A4596614-LeaderElection53] INFO  grpc.GrpcConfigKeys (ConfUtils.java:logGet(46)) - raft.grpc.server.leader.outstanding.appends.max = 8 (default)
2024-09-10 16:46:34,466 [2330440b-2504-4263-b461-07f8c416a88f@group-C733A4596614-LeaderElection53] INFO  server.RaftServerConfigKeys (ConfUtils.java:logGet(46)) - raft.server.rpc.request.timeout = 3000ms (default)
2024-09-10 16:46:34,466 [2330440b-2504-4263-b461-07f8c416a88f@group-C733A4596614-LeaderElection53] INFO  grpc.GrpcConfigKeys (ConfUtils.java:logGet(46)) - raft.grpc.server.install_snapshot.request.element-limit = 8 (default)
2024-09-10 16:46:34,466 [2330440b-2504-4263-b461-07f8c416a88f@group-C733A4596614-LeaderElection53] INFO  grpc.GrpcConfigKeys (ConfUtils.java:logGet(46)) - raft.grpc.server.install_snapshot.request.timeout = 3000ms (default)
2024-09-10 16:46:34,466 [2330440b-2504-4263-b461-07f8c416a88f@group-C733A4596614-LeaderElection53] INFO  grpc.GrpcConfigKeys (ConfUtils.java:logGet(46)) - raft.grpc.server.log-message.batch.duration = 5s (default)
2024-09-10 16:46:34,466 [2330440b-2504-4263-b461-07f8c416a88f@group-C733A4596614-LeaderElection53] INFO  server.RaftServerConfigKeys (ConfUtils.java:logGet(46)) - raft.server.log.appender.install.snapshot.enabled = false (custom)
2024-09-10 16:46:34,466 [2330440b-2504-4263-b461-07f8c416a88f@group-C733A4596614-LeaderElection53] INFO  grpc.GrpcConfigKeys (ConfUtils.java:logGet(46)) - raft.grpc.server.heartbeat.channel = true (default)
2024-09-10 16:46:34,466 [2330440b-2504-4263-b461-07f8c416a88f@group-C733A4596614-LeaderElection53] INFO  impl.RoleInfo (RoleInfo.java:updateAndGet(148)) - 2330440b-2504-4263-b461-07f8c416a88f: start 2330440b-2504-4263-b461-07f8c416a88f@group-C733A4596614-LeaderStateImpl
2024-09-10 16:46:34,466 [2330440b-2504-4263-b461-07f8c416a88f@group-C733A4596614-LeaderElection53] INFO  server.RaftServer$Division (RaftServerImpl.java:setFirstElection(549)) - 2330440b-2504-4263-b461-07f8c416a88f@group-C733A4596614: set firstElectionSinceStartup to false for becomeLeader
2024-09-10 16:46:34,466 [2330440b-2504-4263-b461-07f8c416a88f@group-C733A4596614-LeaderElection53] INFO  ratis.XceiverServerRatis (XceiverServerRatis.java:handleLeaderChangedNotification(950)) - Leader change notification received for group: group-C733A4596614 with new leaderId: 2330440b-2504-4263-b461-07f8c416a88f
2024-09-10 16:46:34,466 [2330440b-2504-4263-b461-07f8c416a88f@group-C733A4596614-LeaderElection53] INFO  server.RaftServer$Division (ServerState.java:setLeader(272)) - 2330440b-2504-4263-b461-07f8c416a88f@group-C733A4596614: change Leader from null to 2330440b-2504-4263-b461-07f8c416a88f at term 1 for becomeLeader, leader elected after 5144ms
2024-09-10 16:46:34,466 [2330440b-2504-4263-b461-07f8c416a88f@group-C733A4596614-LeaderElection53] INFO  segmented.SegmentedRaftLogWorker (SegmentedRaftLogWorker.java:startLogSegment(433)) - 2330440b-2504-4263-b461-07f8c416a88f@group-C733A4596614-SegmentedRaftLogWorker: Starting segment from index:0
2024-09-10 16:46:34,467 [2330440b-2504-4263-b461-07f8c416a88f@group-C733A4596614-LeaderElection53] INFO  server.RaftServer$Division (ServerState.java:setRaftConf(386)) - 2330440b-2504-4263-b461-07f8c416a88f@group-C733A4596614: set configuration conf: {index: 0, cur=peers:[2330440b-2504-4263-b461-07f8c416a88f|127.0.0.1:15180, f49a985e-efe9-405d-8922-13d0c1bb1d78|127.0.0.1:15189, e5502358-b128-4a46-b87d-f44ed006f965|127.0.0.1:15171]|listeners:[], old=null}
2024-09-10 16:46:34,467 [2330440b-2504-4263-b461-07f8c416a88f@group-C733A4596614-SegmentedRaftLogWorker] INFO  segmented.BufferedWriteChannel (BufferedWriteChannel.java:open(61)) - open log_inprogress_0 at position 0
2024-09-10 16:46:34,468 [EventQueue-PipelineReportForPipelineReportHandler] INFO  pipeline.PipelineReportHandler (PipelineReportHandler.java:processPipelineReport(136)) - Opened pipeline PipelineID=41bac477-4634-43db-9c8d-c733a4596614
2024-09-10 16:46:34,471 [e5502358-b128-4a46-b87d-f44ed006f965-server-thread1] INFO  ratis.XceiverServerRatis (XceiverServerRatis.java:handleLeaderChangedNotification(950)) - Leader change notification received for group: group-C733A4596614 with new leaderId: 2330440b-2504-4263-b461-07f8c416a88f
2024-09-10 16:46:34,472 [e5502358-b128-4a46-b87d-f44ed006f965-server-thread1] INFO  server.RaftServer$Division (ServerState.java:setLeader(272)) - e5502358-b128-4a46-b87d-f44ed006f965@group-C733A4596614: change Leader from null to 2330440b-2504-4263-b461-07f8c416a88f at term 1 for appendEntries, leader elected after 5194ms
2024-09-10 16:46:34,473 [f49a985e-efe9-405d-8922-13d0c1bb1d78-server-thread1] INFO  ratis.XceiverServerRatis (XceiverServerRatis.java:handleLeaderChangedNotification(950)) - Leader change notification received for group: group-C733A4596614 with new leaderId: 2330440b-2504-4263-b461-07f8c416a88f
2024-09-10 16:46:34,473 [f49a985e-efe9-405d-8922-13d0c1bb1d78-server-thread1] INFO  server.RaftServer$Division (ServerState.java:setLeader(272)) - f49a985e-efe9-405d-8922-13d0c1bb1d78@group-C733A4596614: change Leader from null to 2330440b-2504-4263-b461-07f8c416a88f at term 1 for appendEntries, leader elected after 5175ms
2024-09-10 16:46:34,475 [e5502358-b128-4a46-b87d-f44ed006f965-server-thread3] INFO  server.RaftServer$Division (ServerState.java:setRaftConf(386)) - e5502358-b128-4a46-b87d-f44ed006f965@group-C733A4596614: set configuration conf: {index: 0, cur=peers:[2330440b-2504-4263-b461-07f8c416a88f|127.0.0.1:15180, f49a985e-efe9-405d-8922-13d0c1bb1d78|127.0.0.1:15189, e5502358-b128-4a46-b87d-f44ed006f965|127.0.0.1:15171]|listeners:[], old=null}
2024-09-10 16:46:34,475 [e5502358-b128-4a46-b87d-f44ed006f965-server-thread3] INFO  segmented.SegmentedRaftLogWorker (SegmentedRaftLogWorker.java:startLogSegment(433)) - e5502358-b128-4a46-b87d-f44ed006f965@group-C733A4596614-SegmentedRaftLogWorker: Starting segment from index:0
2024-09-10 16:46:34,476 [e5502358-b128-4a46-b87d-f44ed006f965@group-C733A4596614-SegmentedRaftLogWorker] INFO  segmented.BufferedWriteChannel (BufferedWriteChannel.java:open(61)) - open log_inprogress_0 at position 0
2024-09-10 16:46:34,479 [2330440b-2504-4263-b461-07f8c416a88f@group-C733A4596614-SegmentedRaftLogWorker] INFO  segmented.SegmentedRaftLogWorker (SegmentedRaftLogWorker.java:execute(637)) - 2330440b-2504-4263-b461-07f8c416a88f@group-C733A4596614-SegmentedRaftLogWorker: created new log segment /home/runner/work/ozone/ozone/hadoop-ozone/integration-test/target/test-dir/MiniOzoneClusterImpl-4ea98613-7ec2-40e8-bdf5-64593f2fdf96/ozone-meta/datanode-2/ratis/41bac477-4634-43db-9c8d-c733a4596614/current/log_inprogress_0
2024-09-10 16:46:34,480 [f49a985e-efe9-405d-8922-13d0c1bb1d78-server-thread3] INFO  server.RaftServer$Division (ServerState.java:setRaftConf(386)) - f49a985e-efe9-405d-8922-13d0c1bb1d78@group-C733A4596614: set configuration conf: {index: 0, cur=peers:[2330440b-2504-4263-b461-07f8c416a88f|127.0.0.1:15180, f49a985e-efe9-405d-8922-13d0c1bb1d78|127.0.0.1:15189, e5502358-b128-4a46-b87d-f44ed006f965|127.0.0.1:15171]|listeners:[], old=null}
2024-09-10 16:46:34,480 [f49a985e-efe9-405d-8922-13d0c1bb1d78-server-thread3] INFO  segmented.SegmentedRaftLogWorker (SegmentedRaftLogWorker.java:startLogSegment(433)) - f49a985e-efe9-405d-8922-13d0c1bb1d78@group-C733A4596614-SegmentedRaftLogWorker: Starting segment from index:0
2024-09-10 16:46:34,480 [f49a985e-efe9-405d-8922-13d0c1bb1d78@group-C733A4596614-SegmentedRaftLogWorker] INFO  segmented.BufferedWriteChannel (BufferedWriteChannel.java:open(61)) - open log_inprogress_0 at position 0
2024-09-10 16:46:34,489 [e5502358-b128-4a46-b87d-f44ed006f965@group-C733A4596614-SegmentedRaftLogWorker] INFO  segmented.SegmentedRaftLogWorker (SegmentedRaftLogWorker.java:execute(637)) - e5502358-b128-4a46-b87d-f44ed006f965@group-C733A4596614-SegmentedRaftLogWorker: created new log segment /home/runner/work/ozone/ozone/hadoop-ozone/integration-test/target/test-dir/MiniOzoneClusterImpl-4ea98613-7ec2-40e8-bdf5-64593f2fdf96/ozone-meta/datanode-1/ratis/41bac477-4634-43db-9c8d-c733a4596614/current/log_inprogress_0
2024-09-10 16:46:34,490 [f49a985e-efe9-405d-8922-13d0c1bb1d78@group-C733A4596614-SegmentedRaftLogWorker] INFO  segmented.SegmentedRaftLogWorker (SegmentedRaftLogWorker.java:execute(637)) - f49a985e-efe9-405d-8922-13d0c1bb1d78@group-C733A4596614-SegmentedRaftLogWorker: created new log segment /home/runner/work/ozone/ozone/hadoop-ozone/integration-test/target/test-dir/MiniOzoneClusterImpl-4ea98613-7ec2-40e8-bdf5-64593f2fdf96/ozone-meta/datanode-3/ratis/41bac477-4634-43db-9c8d-c733a4596614/current/log_inprogress_0
2024-09-10 16:46:34,493 [2330440b-2504-4263-b461-07f8c416a88f@group-C733A4596614-StateMachineUpdater] INFO  server.RaftServer$Division (LeaderStateImpl.java:checkStartIndex(316)) - Leader 2330440b-2504-4263-b461-07f8c416a88f@group-C733A4596614-LeaderStateImpl is ready since appliedIndex == startIndex == 0
2024-09-10 16:46:34,560 [2330440b-2504-4263-b461-07f8c416a88f@group-B172C2EB6515-FollowerState] INFO  impl.FollowerState (FollowerState.java:run(144)) - 2330440b-2504-4263-b461-07f8c416a88f@group-B172C2EB6515-FollowerState: change to CANDIDATE, lastRpcElapsedTime:5201424254ns, electionTimeout:5200ms
2024-09-10 16:46:34,560 [2330440b-2504-4263-b461-07f8c416a88f@group-B172C2EB6515-FollowerState] INFO  impl.RoleInfo (RoleInfo.java:shutdownFollowerState(119)) - 2330440b-2504-4263-b461-07f8c416a88f: shutdown 2330440b-2504-4263-b461-07f8c416a88f@group-B172C2EB6515-FollowerState
2024-09-10 16:46:34,560 [2330440b-2504-4263-b461-07f8c416a88f@group-B172C2EB6515-FollowerState] INFO  server.RaftServer$Division (RaftServerImpl.java:setRole(376)) - 2330440b-2504-4263-b461-07f8c416a88f@group-B172C2EB6515: changes role from  FOLLOWER to CANDIDATE at term 0 for changeToCandidate
2024-09-10 16:46:34,560 [2330440b-2504-4263-b461-07f8c416a88f@group-B172C2EB6515-FollowerState] INFO  server.RaftServerConfigKeys (ConfUtils.java:logGet(46)) - raft.server.leaderelection.pre-vote = true (default)
2024-09-10 16:46:34,560 [2330440b-2504-4263-b461-07f8c416a88f@group-B172C2EB6515-FollowerState] INFO  impl.RoleInfo (RoleInfo.java:updateAndGet(148)) - 2330440b-2504-4263-b461-07f8c416a88f: start 2330440b-2504-4263-b461-07f8c416a88f@group-B172C2EB6515-LeaderElection54
2024-09-10 16:46:34,561 [2330440b-2504-4263-b461-07f8c416a88f@group-B172C2EB6515-LeaderElection54] INFO  impl.LeaderElection (LeaderElection.java:askForVotes(321)) - 2330440b-2504-4263-b461-07f8c416a88f@group-B172C2EB6515-LeaderElection54 PRE_VOTE round 0: submit vote requests at term 0 for conf: {index: -1, cur=peers:[2330440b-2504-4263-b461-07f8c416a88f|127.0.0.1:15180]|listeners:[], old=null}
2024-09-10 16:46:34,561 [2330440b-2504-4263-b461-07f8c416a88f@group-B172C2EB6515-LeaderElection54] INFO  impl.LeaderElection (LeaderElection.java:askForVotes(323)) - 2330440b-2504-4263-b461-07f8c416a88f@group-B172C2EB6515-LeaderElection54 PRE_VOTE round 0: result PASSED (term=0)
2024-09-10 16:46:34,562 [2330440b-2504-4263-b461-07f8c416a88f@group-B172C2EB6515-LeaderElection54] INFO  impl.LeaderElection (LeaderElection.java:askForVotes(321)) - 2330440b-2504-4263-b461-07f8c416a88f@group-B172C2EB6515-LeaderElection54 ELECTION round 0: submit vote requests at term 1 for conf: {index: -1, cur=peers:[2330440b-2504-4263-b461-07f8c416a88f|127.0.0.1:15180]|listeners:[], old=null}
2024-09-10 16:46:34,562 [2330440b-2504-4263-b461-07f8c416a88f@group-B172C2EB6515-LeaderElection54] INFO  impl.LeaderElection (LeaderElection.java:askForVotes(323)) - 2330440b-2504-4263-b461-07f8c416a88f@group-B172C2EB6515-LeaderElection54 ELECTION round 0: result PASSED (term=1)
2024-09-10 16:46:34,562 [2330440b-2504-4263-b461-07f8c416a88f@group-B172C2EB6515-LeaderElection54] INFO  impl.RoleInfo (RoleInfo.java:shutdownLeaderElection(139)) - 2330440b-2504-4263-b461-07f8c416a88f: shutdown 2330440b-2504-4263-b461-07f8c416a88f@group-B172C2EB6515-LeaderElection54
2024-09-10 16:46:34,562 [2330440b-2504-4263-b461-07f8c416a88f@group-B172C2EB6515-LeaderElection54] INFO  server.RaftServer$Division (RaftServerImpl.java:setRole(376)) - 2330440b-2504-4263-b461-07f8c416a88f@group-B172C2EB6515: changes role from CANDIDATE to LEADER at term 1 for changeToLeader
2024-09-10 16:46:34,562 [2330440b-2504-4263-b461-07f8c416a88f@group-B172C2EB6515-LeaderElection54] INFO  server.RaftServerConfigKeys (ConfUtils.java:logGet(46)) - raft.server.staging.catchup.gap = 1000 (default)
2024-09-10 16:46:34,562 [2330440b-2504-4263-b461-07f8c416a88f@group-B172C2EB6515-LeaderElection54] INFO  server.RaftServerConfigKeys (ConfUtils.java:logGet(46)) - raft.server.write.element-limit = 1024 (custom)
2024-09-10 16:46:34,562 [2330440b-2504-4263-b461-07f8c416a88f@group-B172C2EB6515-LeaderElection54] INFO  server.RaftServerConfigKeys (ConfUtils.java:logGet(46)) - raft.server.write.byte-limit = 1024 M (=1073741824) (custom)
2024-09-10 16:46:34,562 [2330440b-2504-4263-b461-07f8c416a88f@group-B172C2EB6515-LeaderElection54] INFO  server.RaftServerConfigKeys (ConfUtils.java:logGet(46)) - raft.server.watch.timeout = 3000ms (custom)
2024-09-10 16:46:34,563 [2330440b-2504-4263-b461-07f8c416a88f@group-B172C2EB6515-LeaderElection54] INFO  server.RaftServerConfigKeys (ConfUtils.java:logGet(46)) - raft.server.watch.timeout.denomination = 1s (default)
2024-09-10 16:46:34,563 [2330440b-2504-4263-b461-07f8c416a88f@group-B172C2EB6515-LeaderElection54] INFO  server.RaftServerConfigKeys (ConfUtils.java:logGet(46)) - raft.server.watch.element-limit = 65536 (default)
2024-09-10 16:46:34,563 [2330440b-2504-4263-b461-07f8c416a88f@group-B172C2EB6515-LeaderElection54] INFO  server.RaftServerConfigKeys (ConfUtils.java:logGet(46)) - raft.server.read.leader.lease.enabled = false (default)
2024-09-10 16:46:34,563 [2330440b-2504-4263-b461-07f8c416a88f@group-B172C2EB6515-LeaderElection54] INFO  server.RaftServerConfigKeys (ConfUtils.java:logGet(46)) - raft.server.read.leader.lease.timeout.ratio = 0.9 (default)
2024-09-10 16:46:34,563 [2330440b-2504-4263-b461-07f8c416a88f@group-B172C2EB6515-LeaderElection54] INFO  server.RaftServerConfigKeys (ConfUtils.java:logGet(46)) - raft.server.rpc.timeout.min = 5s (custom)
2024-09-10 16:46:34,563 [2330440b-2504-4263-b461-07f8c416a88f@group-B172C2EB6515-LeaderElection54] INFO  server.RaftServerConfigKeys (ConfUtils.java:logGet(46)) - raft.server.log.log-metadata.enabled = true (default)
2024-09-10 16:46:34,563 [2330440b-2504-4263-b461-07f8c416a88f@group-B172C2EB6515-LeaderElection54] INFO  server.RaftServerConfigKeys (ConfUtils.java:logGet(46)) - raft.server.write.element-limit = 1024 (custom)
2024-09-10 16:46:34,563 [2330440b-2504-4263-b461-07f8c416a88f@group-B172C2EB6515-LeaderElection54] INFO  server.RaftServerConfigKeys (ConfUtils.java:logGet(46)) - raft.server.write.follower.gap.ratio.max = -1.0 (default)
2024-09-10 16:46:34,563 [2330440b-2504-4263-b461-07f8c416a88f@group-B172C2EB6515-LeaderElection54] INFO  impl.RoleInfo (RoleInfo.java:updateAndGet(148)) - 2330440b-2504-4263-b461-07f8c416a88f: start 2330440b-2504-4263-b461-07f8c416a88f@group-B172C2EB6515-LeaderStateImpl
2024-09-10 16:46:34,563 [2330440b-2504-4263-b461-07f8c416a88f@group-B172C2EB6515-LeaderElection54] INFO  server.RaftServer$Division (RaftServerImpl.java:setFirstElection(549)) - 2330440b-2504-4263-b461-07f8c416a88f@group-B172C2EB6515: set firstElectionSinceStartup to false for becomeLeader
2024-09-10 16:46:34,563 [2330440b-2504-4263-b461-07f8c416a88f@group-B172C2EB6515-LeaderElection54] INFO  ratis.XceiverServerRatis (XceiverServerRatis.java:handleLeaderChangedNotification(950)) - Leader change notification received for group: group-B172C2EB6515 with new leaderId: 2330440b-2504-4263-b461-07f8c416a88f
2024-09-10 16:46:34,563 [2330440b-2504-4263-b461-07f8c416a88f@group-B172C2EB6515-LeaderElection54] INFO  server.RaftServer$Division (ServerState.java:setLeader(272)) - 2330440b-2504-4263-b461-07f8c416a88f@group-B172C2EB6515: change Leader from null to 2330440b-2504-4263-b461-07f8c416a88f at term 1 for becomeLeader, leader elected after 5220ms
2024-09-10 16:46:34,564 [2330440b-2504-4263-b461-07f8c416a88f@group-B172C2EB6515-LeaderElection54] INFO  segmented.SegmentedRaftLogWorker (SegmentedRaftLogWorker.java:startLogSegment(433)) - 2330440b-2504-4263-b461-07f8c416a88f@group-B172C2EB6515-SegmentedRaftLogWorker: Starting segment from index:0
2024-09-10 16:46:34,564 [2330440b-2504-4263-b461-07f8c416a88f@group-B172C2EB6515-LeaderElection54] INFO  server.RaftServer$Division (ServerState.java:setRaftConf(386)) - 2330440b-2504-4263-b461-07f8c416a88f@group-B172C2EB6515: set configuration conf: {index: 0, cur=peers:[2330440b-2504-4263-b461-07f8c416a88f|127.0.0.1:15180]|listeners:[], old=null}
2024-09-10 16:46:34,564 [2330440b-2504-4263-b461-07f8c416a88f@group-B172C2EB6515-SegmentedRaftLogWorker] INFO  segmented.BufferedWriteChannel (BufferedWriteChannel.java:open(61)) - open log_inprogress_0 at position 0
2024-09-10 16:46:34,573 [2330440b-2504-4263-b461-07f8c416a88f@group-B172C2EB6515-SegmentedRaftLogWorker] INFO  segmented.SegmentedRaftLogWorker (SegmentedRaftLogWorker.java:execute(637)) - 2330440b-2504-4263-b461-07f8c416a88f@group-B172C2EB6515-SegmentedRaftLogWorker: created new log segment /home/runner/work/ozone/ozone/hadoop-ozone/integration-test/target/test-dir/MiniOzoneClusterImpl-4ea98613-7ec2-40e8-bdf5-64593f2fdf96/ozone-meta/datanode-2/ratis/f898d4e5-ee40-457b-b42b-b172c2eb6515/current/log_inprogress_0
2024-09-10 16:46:34,575 [2330440b-2504-4263-b461-07f8c416a88f@group-B172C2EB6515-StateMachineUpdater] INFO  server.RaftServer$Division (LeaderStateImpl.java:checkStartIndex(316)) - Leader 2330440b-2504-4263-b461-07f8c416a88f@group-B172C2EB6515-LeaderStateImpl is ready since appliedIndex == startIndex == 0
2024-09-10 16:46:34,631 [f49a985e-efe9-405d-8922-13d0c1bb1d78@group-55398A06E63A-FollowerState] INFO  impl.FollowerState (FollowerState.java:run(144)) - f49a985e-efe9-405d-8922-13d0c1bb1d78@group-55398A06E63A-FollowerState: change to CANDIDATE, lastRpcElapsedTime:5047466461ns, electionTimeout:5047ms
2024-09-10 16:46:34,632 [f49a985e-efe9-405d-8922-13d0c1bb1d78@group-55398A06E63A-FollowerState] INFO  impl.RoleInfo (RoleInfo.java:shutdownFollowerState(119)) - f49a985e-efe9-405d-8922-13d0c1bb1d78: shutdown f49a985e-efe9-405d-8922-13d0c1bb1d78@group-55398A06E63A-FollowerState
2024-09-10 16:46:34,632 [f49a985e-efe9-405d-8922-13d0c1bb1d78@group-55398A06E63A-FollowerState] INFO  server.RaftServer$Division (RaftServerImpl.java:setRole(376)) - f49a985e-efe9-405d-8922-13d0c1bb1d78@group-55398A06E63A: changes role from  FOLLOWER to CANDIDATE at term 0 for changeToCandidate
2024-09-10 16:46:34,632 [f49a985e-efe9-405d-8922-13d0c1bb1d78@group-55398A06E63A-FollowerState] INFO  server.RaftServerConfigKeys (ConfUtils.java:logGet(46)) - raft.server.leaderelection.pre-vote = true (default)
2024-09-10 16:46:34,632 [f49a985e-efe9-405d-8922-13d0c1bb1d78@group-55398A06E63A-FollowerState] INFO  impl.RoleInfo (RoleInfo.java:updateAndGet(148)) - f49a985e-efe9-405d-8922-13d0c1bb1d78: start f49a985e-efe9-405d-8922-13d0c1bb1d78@group-55398A06E63A-LeaderElection55
2024-09-10 16:46:34,632 [f49a985e-efe9-405d-8922-13d0c1bb1d78@group-55398A06E63A-LeaderElection55] INFO  impl.LeaderElection (LeaderElection.java:askForVotes(321)) - f49a985e-efe9-405d-8922-13d0c1bb1d78@group-55398A06E63A-LeaderElection55 PRE_VOTE round 0: submit vote requests at term 0 for conf: {index: -1, cur=peers:[f49a985e-efe9-405d-8922-13d0c1bb1d78|127.0.0.1:15189]|listeners:[], old=null}
2024-09-10 16:46:34,632 [f49a985e-efe9-405d-8922-13d0c1bb1d78@group-55398A06E63A-LeaderElection55] INFO  impl.LeaderElection (LeaderElection.java:askForVotes(323)) - f49a985e-efe9-405d-8922-13d0c1bb1d78@group-55398A06E63A-LeaderElection55 PRE_VOTE round 0: result PASSED (term=0)
2024-09-10 16:46:34,633 [f49a985e-efe9-405d-8922-13d0c1bb1d78@group-55398A06E63A-LeaderElection55] INFO  impl.LeaderElection (LeaderElection.java:askForVotes(321)) - f49a985e-efe9-405d-8922-13d0c1bb1d78@group-55398A06E63A-LeaderElection55 ELECTION round 0: submit vote requests at term 1 for conf: {index: -1, cur=peers:[f49a985e-efe9-405d-8922-13d0c1bb1d78|127.0.0.1:15189]|listeners:[], old=null}
2024-09-10 16:46:34,633 [f49a985e-efe9-405d-8922-13d0c1bb1d78@group-55398A06E63A-LeaderElection55] INFO  impl.LeaderElection (LeaderElection.java:askForVotes(323)) - f49a985e-efe9-405d-8922-13d0c1bb1d78@group-55398A06E63A-LeaderElection55 ELECTION round 0: result PASSED (term=1)
2024-09-10 16:46:34,633 [f49a985e-efe9-405d-8922-13d0c1bb1d78@group-55398A06E63A-LeaderElection55] INFO  impl.RoleInfo (RoleInfo.java:shutdownLeaderElection(139)) - f49a985e-efe9-405d-8922-13d0c1bb1d78: shutdown f49a985e-efe9-405d-8922-13d0c1bb1d78@group-55398A06E63A-LeaderElection55
2024-09-10 16:46:34,633 [f49a985e-efe9-405d-8922-13d0c1bb1d78@group-55398A06E63A-LeaderElection55] INFO  server.RaftServer$Division (RaftServerImpl.java:setRole(376)) - f49a985e-efe9-405d-8922-13d0c1bb1d78@group-55398A06E63A: changes role from CANDIDATE to LEADER at term 1 for changeToLeader
2024-09-10 16:46:34,634 [f49a985e-efe9-405d-8922-13d0c1bb1d78@group-55398A06E63A-LeaderElection55] INFO  server.RaftServerConfigKeys (ConfUtils.java:logGet(46)) - raft.server.staging.catchup.gap = 1000 (default)
2024-09-10 16:46:34,634 [f49a985e-efe9-405d-8922-13d0c1bb1d78@group-55398A06E63A-LeaderElection55] INFO  server.RaftServerConfigKeys (ConfUtils.java:logGet(46)) - raft.server.write.element-limit = 1024 (custom)
2024-09-10 16:46:34,634 [f49a985e-efe9-405d-8922-13d0c1bb1d78@group-55398A06E63A-LeaderElection55] INFO  server.RaftServerConfigKeys (ConfUtils.java:logGet(46)) - raft.server.write.byte-limit = 1024 M (=1073741824) (custom)
2024-09-10 16:46:34,634 [f49a985e-efe9-405d-8922-13d0c1bb1d78@group-55398A06E63A-LeaderElection55] INFO  server.RaftServerConfigKeys (ConfUtils.java:logGet(46)) - raft.server.watch.timeout = 3000ms (custom)
2024-09-10 16:46:34,634 [f49a985e-efe9-405d-8922-13d0c1bb1d78@group-55398A06E63A-LeaderElection55] INFO  server.RaftServerConfigKeys (ConfUtils.java:logGet(46)) - raft.server.watch.timeout.denomination = 1s (default)
2024-09-10 16:46:34,634 [f49a985e-efe9-405d-8922-13d0c1bb1d78@group-55398A06E63A-LeaderElection55] INFO  server.RaftServerConfigKeys (ConfUtils.java:logGet(46)) - raft.server.watch.element-limit = 65536 (default)
2024-09-10 16:46:34,634 [f49a985e-efe9-405d-8922-13d0c1bb1d78@group-55398A06E63A-LeaderElection55] INFO  server.RaftServerConfigKeys (ConfUtils.java:logGet(46)) - raft.server.read.leader.lease.enabled = false (default)
2024-09-10 16:46:34,635 [f49a985e-efe9-405d-8922-13d0c1bb1d78@group-55398A06E63A-LeaderElection55] INFO  server.RaftServerConfigKeys (ConfUtils.java:logGet(46)) - raft.server.read.leader.lease.timeout.ratio = 0.9 (default)
2024-09-10 16:46:34,635 [f49a985e-efe9-405d-8922-13d0c1bb1d78@group-55398A06E63A-LeaderElection55] INFO  server.RaftServerConfigKeys (ConfUtils.java:logGet(46)) - raft.server.rpc.timeout.min = 5s (custom)
2024-09-10 16:46:34,635 [f49a985e-efe9-405d-8922-13d0c1bb1d78@group-55398A06E63A-LeaderElection55] INFO  server.RaftServerConfigKeys (ConfUtils.java:logGet(46)) - raft.server.log.log-metadata.enabled = true (default)
2024-09-10 16:46:34,635 [f49a985e-efe9-405d-8922-13d0c1bb1d78@group-55398A06E63A-LeaderElection55] INFO  server.RaftServerConfigKeys (ConfUtils.java:logGet(46)) - raft.server.write.element-limit = 1024 (custom)
2024-09-10 16:46:34,635 [f49a985e-efe9-405d-8922-13d0c1bb1d78@group-55398A06E63A-LeaderElection55] INFO  server.RaftServerConfigKeys (ConfUtils.java:logGet(46)) - raft.server.write.follower.gap.ratio.max = -1.0 (default)
2024-09-10 16:46:34,635 [f49a985e-efe9-405d-8922-13d0c1bb1d78@group-55398A06E63A-LeaderElection55] INFO  impl.RoleInfo (RoleInfo.java:updateAndGet(148)) - f49a985e-efe9-405d-8922-13d0c1bb1d78: start f49a985e-efe9-405d-8922-13d0c1bb1d78@group-55398A06E63A-LeaderStateImpl
2024-09-10 16:46:34,635 [f49a985e-efe9-405d-8922-13d0c1bb1d78@group-55398A06E63A-LeaderElection55] INFO  server.RaftServer$Division (RaftServerImpl.java:setFirstElection(549)) - f49a985e-efe9-405d-8922-13d0c1bb1d78@group-55398A06E63A: set firstElectionSinceStartup to false for becomeLeader
2024-09-10 16:46:34,635 [f49a985e-efe9-405d-8922-13d0c1bb1d78@group-55398A06E63A-LeaderElection55] INFO  ratis.XceiverServerRatis (XceiverServerRatis.java:handleLeaderChangedNotification(950)) - Leader change notification received for group: group-55398A06E63A with new leaderId: f49a985e-efe9-405d-8922-13d0c1bb1d78
2024-09-10 16:46:34,635 [f49a985e-efe9-405d-8922-13d0c1bb1d78@group-55398A06E63A-LeaderElection55] INFO  server.RaftServer$Division (ServerState.java:setLeader(272)) - f49a985e-efe9-405d-8922-13d0c1bb1d78@group-55398A06E63A: change Leader from null to f49a985e-efe9-405d-8922-13d0c1bb1d78 at term 1 for becomeLeader, leader elected after 5062ms
2024-09-10 16:46:34,635 [f49a985e-efe9-405d-8922-13d0c1bb1d78@group-55398A06E63A-LeaderElection55] INFO  segmented.SegmentedRaftLogWorker (SegmentedRaftLogWorker.java:startLogSegment(433)) - f49a985e-efe9-405d-8922-13d0c1bb1d78@group-55398A06E63A-SegmentedRaftLogWorker: Starting segment from index:0
2024-09-10 16:46:34,635 [f49a985e-efe9-405d-8922-13d0c1bb1d78@group-55398A06E63A-SegmentedRaftLogWorker] INFO  segmented.BufferedWriteChannel (BufferedWriteChannel.java:open(61)) - open log_inprogress_0 at position 0
2024-09-10 16:46:34,640 [f49a985e-efe9-405d-8922-13d0c1bb1d78@group-55398A06E63A-LeaderElection55] INFO  server.RaftServer$Division (ServerState.java:setRaftConf(386)) - f49a985e-efe9-405d-8922-13d0c1bb1d78@group-55398A06E63A: set configuration conf: {index: 0, cur=peers:[f49a985e-efe9-405d-8922-13d0c1bb1d78|127.0.0.1:15189]|listeners:[], old=null}
2024-09-10 16:46:34,645 [f49a985e-efe9-405d-8922-13d0c1bb1d78@group-55398A06E63A-SegmentedRaftLogWorker] INFO  segmented.SegmentedRaftLogWorker (SegmentedRaftLogWorker.java:execute(637)) - f49a985e-efe9-405d-8922-13d0c1bb1d78@group-55398A06E63A-SegmentedRaftLogWorker: created new log segment /home/runner/work/ozone/ozone/hadoop-ozone/integration-test/target/test-dir/MiniOzoneClusterImpl-4ea98613-7ec2-40e8-bdf5-64593f2fdf96/ozone-meta/datanode-3/ratis/9c790425-bdf2-4c41-a261-55398a06e63a/current/log_inprogress_0
2024-09-10 16:46:34,646 [f49a985e-efe9-405d-8922-13d0c1bb1d78@group-55398A06E63A-StateMachineUpdater] INFO  server.RaftServer$Division (LeaderStateImpl.java:checkStartIndex(316)) - Leader f49a985e-efe9-405d-8922-13d0c1bb1d78@group-55398A06E63A-LeaderStateImpl is ready since appliedIndex == startIndex == 0
2024-09-10 16:46:34,850 [c95620fd-712c-4929-b988-78cb42202719@group-9A91BCD6D020-FollowerState] INFO  impl.FollowerState (FollowerState.java:run(144)) - c95620fd-712c-4929-b988-78cb42202719@group-9A91BCD6D020-FollowerState: change to CANDIDATE, lastRpcElapsedTime:5027831305ns, electionTimeout:5027ms
2024-09-10 16:46:34,850 [c95620fd-712c-4929-b988-78cb42202719@group-9A91BCD6D020-FollowerState] INFO  impl.RoleInfo (RoleInfo.java:shutdownFollowerState(119)) - c95620fd-712c-4929-b988-78cb42202719: shutdown c95620fd-712c-4929-b988-78cb42202719@group-9A91BCD6D020-FollowerState
2024-09-10 16:46:34,850 [c95620fd-712c-4929-b988-78cb42202719@group-9A91BCD6D020-FollowerState] INFO  server.RaftServer$Division (RaftServerImpl.java:setRole(376)) - c95620fd-712c-4929-b988-78cb42202719@group-9A91BCD6D020: changes role from  FOLLOWER to CANDIDATE at term 0 for changeToCandidate
2024-09-10 16:46:34,850 [c95620fd-712c-4929-b988-78cb42202719@group-9A91BCD6D020-FollowerState] INFO  server.RaftServerConfigKeys (ConfUtils.java:logGet(46)) - raft.server.leaderelection.pre-vote = true (default)
2024-09-10 16:46:34,850 [c95620fd-712c-4929-b988-78cb42202719@group-9A91BCD6D020-FollowerState] INFO  impl.RoleInfo (RoleInfo.java:updateAndGet(148)) - c95620fd-712c-4929-b988-78cb42202719: start c95620fd-712c-4929-b988-78cb42202719@group-9A91BCD6D020-LeaderElection56
2024-09-10 16:46:34,850 [c95620fd-712c-4929-b988-78cb42202719@group-9A91BCD6D020-LeaderElection56] INFO  impl.LeaderElection (LeaderElection.java:askForVotes(321)) - c95620fd-712c-4929-b988-78cb42202719@group-9A91BCD6D020-LeaderElection56 PRE_VOTE round 0: submit vote requests at term 0 for conf: {index: -1, cur=peers:[c95620fd-712c-4929-b988-78cb42202719|127.0.0.1:15198]|listeners:[], old=null}
2024-09-10 16:46:34,850 [c95620fd-712c-4929-b988-78cb42202719@group-9A91BCD6D020-LeaderElection56] INFO  impl.LeaderElection (LeaderElection.java:askForVotes(323)) - c95620fd-712c-4929-b988-78cb42202719@group-9A91BCD6D020-LeaderElection56 PRE_VOTE round 0: result PASSED (term=0)
2024-09-10 16:46:34,852 [c95620fd-712c-4929-b988-78cb42202719@group-9A91BCD6D020-LeaderElection56] INFO  impl.LeaderElection (LeaderElection.java:askForVotes(321)) - c95620fd-712c-4929-b988-78cb42202719@group-9A91BCD6D020-LeaderElection56 ELECTION round 0: submit vote requests at term 1 for conf: {index: -1, cur=peers:[c95620fd-712c-4929-b988-78cb42202719|127.0.0.1:15198]|listeners:[], old=null}
2024-09-10 16:46:34,852 [c95620fd-712c-4929-b988-78cb42202719@group-9A91BCD6D020-LeaderElection56] INFO  impl.LeaderElection (LeaderElection.java:askForVotes(323)) - c95620fd-712c-4929-b988-78cb42202719@group-9A91BCD6D020-LeaderElection56 ELECTION round 0: result PASSED (term=1)
2024-09-10 16:46:34,852 [c95620fd-712c-4929-b988-78cb42202719@group-9A91BCD6D020-LeaderElection56] INFO  impl.RoleInfo (RoleInfo.java:shutdownLeaderElection(139)) - c95620fd-712c-4929-b988-78cb42202719: shutdown c95620fd-712c-4929-b988-78cb42202719@group-9A91BCD6D020-LeaderElection56
2024-09-10 16:46:34,852 [c95620fd-712c-4929-b988-78cb42202719@group-9A91BCD6D020-LeaderElection56] INFO  server.RaftServer$Division (RaftServerImpl.java:setRole(376)) - c95620fd-712c-4929-b988-78cb42202719@group-9A91BCD6D020: changes role from CANDIDATE to LEADER at term 1 for changeToLeader
2024-09-10 16:46:34,852 [c95620fd-712c-4929-b988-78cb42202719@group-9A91BCD6D020-LeaderElection56] INFO  server.RaftServerConfigKeys (ConfUtils.java:logGet(46)) - raft.server.staging.catchup.gap = 1000 (default)
2024-09-10 16:46:34,852 [c95620fd-712c-4929-b988-78cb42202719@group-9A91BCD6D020-LeaderElection56] INFO  server.RaftServerConfigKeys (ConfUtils.java:logGet(46)) - raft.server.write.element-limit = 1024 (custom)
2024-09-10 16:46:34,852 [c95620fd-712c-4929-b988-78cb42202719@group-9A91BCD6D020-LeaderElection56] INFO  server.RaftServerConfigKeys (ConfUtils.java:logGet(46)) - raft.server.write.byte-limit = 1024 M (=1073741824) (custom)
2024-09-10 16:46:34,852 [c95620fd-712c-4929-b988-78cb42202719@group-9A91BCD6D020-LeaderElection56] INFO  server.RaftServerConfigKeys (ConfUtils.java:logGet(46)) - raft.server.watch.timeout = 3000ms (custom)
2024-09-10 16:46:34,852 [c95620fd-712c-4929-b988-78cb42202719@group-9A91BCD6D020-LeaderElection56] INFO  server.RaftServerConfigKeys (ConfUtils.java:logGet(46)) - raft.server.watch.timeout.denomination = 1s (default)
2024-09-10 16:46:34,852 [c95620fd-712c-4929-b988-78cb42202719@group-9A91BCD6D020-LeaderElection56] INFO  server.RaftServerConfigKeys (ConfUtils.java:logGet(46)) - raft.server.watch.element-limit = 65536 (default)
2024-09-10 16:46:34,853 [c95620fd-712c-4929-b988-78cb42202719@group-9A91BCD6D020-LeaderElection56] INFO  server.RaftServerConfigKeys (ConfUtils.java:logGet(46)) - raft.server.read.leader.lease.enabled = false (default)
2024-09-10 16:46:34,853 [c95620fd-712c-4929-b988-78cb42202719@group-9A91BCD6D020-LeaderElection56] INFO  server.RaftServerConfigKeys (ConfUtils.java:logGet(46)) - raft.server.read.leader.lease.timeout.ratio = 0.9 (default)
2024-09-10 16:46:34,853 [c95620fd-712c-4929-b988-78cb42202719@group-9A91BCD6D020-LeaderElection56] INFO  server.RaftServerConfigKeys (ConfUtils.java:logGet(46)) - raft.server.rpc.timeout.min = 5s (custom)
2024-09-10 16:46:34,853 [c95620fd-712c-4929-b988-78cb42202719@group-9A91BCD6D020-LeaderElection56] INFO  server.RaftServerConfigKeys (ConfUtils.java:logGet(46)) - raft.server.log.log-metadata.enabled = true (default)
2024-09-10 16:46:34,853 [c95620fd-712c-4929-b988-78cb42202719@group-9A91BCD6D020-LeaderElection56] INFO  server.RaftServerConfigKeys (ConfUtils.java:logGet(46)) - raft.server.write.element-limit = 1024 (custom)
2024-09-10 16:46:34,853 [c95620fd-712c-4929-b988-78cb42202719@group-9A91BCD6D020-LeaderElection56] INFO  server.RaftServerConfigKeys (ConfUtils.java:logGet(46)) - raft.server.write.follower.gap.ratio.max = -1.0 (default)
2024-09-10 16:46:34,853 [c95620fd-712c-4929-b988-78cb42202719@group-9A91BCD6D020-LeaderElection56] INFO  impl.RoleInfo (RoleInfo.java:updateAndGet(148)) - c95620fd-712c-4929-b988-78cb42202719: start c95620fd-712c-4929-b988-78cb42202719@group-9A91BCD6D020-LeaderStateImpl
2024-09-10 16:46:34,853 [c95620fd-712c-4929-b988-78cb42202719@group-9A91BCD6D020-LeaderElection56] INFO  server.RaftServer$Division (RaftServerImpl.java:setFirstElection(549)) - c95620fd-712c-4929-b988-78cb42202719@group-9A91BCD6D020: set firstElectionSinceStartup to false for becomeLeader
2024-09-10 16:46:34,853 [c95620fd-712c-4929-b988-78cb42202719@group-9A91BCD6D020-LeaderElection56] INFO  ratis.XceiverServerRatis (XceiverServerRatis.java:handleLeaderChangedNotification(950)) - Leader change notification received for group: group-9A91BCD6D020 with new leaderId: c95620fd-712c-4929-b988-78cb42202719
2024-09-10 16:46:34,853 [c95620fd-712c-4929-b988-78cb42202719@group-9A91BCD6D020-LeaderElection56] INFO  server.RaftServer$Division (ServerState.java:setLeader(272)) - c95620fd-712c-4929-b988-78cb42202719@group-9A91BCD6D020: change Leader from null to c95620fd-712c-4929-b988-78cb42202719 at term 1 for becomeLeader, leader elected after 5045ms
2024-09-10 16:46:34,853 [c95620fd-712c-4929-b988-78cb42202719@group-9A91BCD6D020-LeaderElection56] INFO  segmented.SegmentedRaftLogWorker (SegmentedRaftLogWorker.java:startLogSegment(433)) - c95620fd-712c-4929-b988-78cb42202719@group-9A91BCD6D020-SegmentedRaftLogWorker: Starting segment from index:0
2024-09-10 16:46:34,854 [c95620fd-712c-4929-b988-78cb42202719@group-9A91BCD6D020-LeaderElection56] INFO  server.RaftServer$Division (ServerState.java:setRaftConf(386)) - c95620fd-712c-4929-b988-78cb42202719@group-9A91BCD6D020: set configuration conf: {index: 0, cur=peers:[c95620fd-712c-4929-b988-78cb42202719|127.0.0.1:15198]|listeners:[], old=null}
2024-09-10 16:46:34,854 [c95620fd-712c-4929-b988-78cb42202719@group-9A91BCD6D020-SegmentedRaftLogWorker] INFO  segmented.BufferedWriteChannel (BufferedWriteChannel.java:open(61)) - open log_inprogress_0 at position 0
2024-09-10 16:46:34,863 [c95620fd-712c-4929-b988-78cb42202719@group-9A91BCD6D020-SegmentedRaftLogWorker] INFO  segmented.SegmentedRaftLogWorker (SegmentedRaftLogWorker.java:execute(637)) - c95620fd-712c-4929-b988-78cb42202719@group-9A91BCD6D020-SegmentedRaftLogWorker: created new log segment /home/runner/work/ozone/ozone/hadoop-ozone/integration-test/target/test-dir/MiniOzoneClusterImpl-4ea98613-7ec2-40e8-bdf5-64593f2fdf96/ozone-meta/datanode-4/ratis/8dd5ed1b-6e7e-464a-8720-9a91bcd6d020/current/log_inprogress_0
2024-09-10 16:46:34,865 [c95620fd-712c-4929-b988-78cb42202719@group-9A91BCD6D020-StateMachineUpdater] INFO  server.RaftServer$Division (LeaderStateImpl.java:checkStartIndex(316)) - Leader c95620fd-712c-4929-b988-78cb42202719@group-9A91BCD6D020-LeaderStateImpl is ready since appliedIndex == startIndex == 0
2024-09-10 16:46:35,045 [main] INFO  ozone.MiniOzoneClusterImpl (MiniOzoneClusterImpl.java:lambda$waitForClusterToBeReady$0(198)) - Nodes are ready. Got 5 of 5 DN Heartbeats.
2024-09-10 16:46:35,046 [main] INFO  ozone.MiniOzoneClusterImpl (MiniOzoneClusterImpl.java:lambda$waitForClusterToBeReady$0(201)) - Cluster exits safe mode
2024-09-10 16:46:35,046 [main] INFO  ozone.MiniOzoneClusterImpl (MiniOzoneClusterImpl.java:lambda$waitForClusterToBeReady$0(203)) - SCM became leader
2024-09-10 16:46:35,050 [main] INFO  rpc.RpcClient (RpcClient.java:createVolume(486)) - Creating Volume: testblockoutputstream, with runner as owner and space quota set to -1 bytes, counts quota set to -1
2024-09-10 16:46:35,053 [om1-OMStateMachineApplyTransactionThread - 0] INFO  volume.OMVolumeCreateRequest (OMVolumeCreateRequest.java:validateAndUpdateCache(198)) - created volume:testblockoutputstream for user:runner
2024-09-10 16:46:35,055 [main] INFO  rpc.RpcClient (RpcClient.java:createBucket(712)) - Creating Bucket: testblockoutputstream/testblockoutputstream, with server-side default bucket layout, runner as owner, Versioning false, Storage Type set to DISK and Encryption set to false, Replication Type set to server-side default replication type, Namespace Quota set to -1, Space Quota set to -1 
2024-09-10 16:46:35,057 [om1-OMStateMachineApplyTransactionThread - 0] INFO  bucket.OMBucketCreateRequest (OMBucketCreateRequest.java:validateAndUpdateCache(293)) - created bucket: testblockoutputstream of layout FILE_SYSTEM_OPTIMIZED in volume: testblockoutputstream
2024-09-10 16:46:35,068 [IPC Server handler 3 on default port 15160] INFO  ha.SequenceIdGenerator (SequenceIdGenerator.java:getNextId(144)) - Allocate a batch for containerId, change lastId from 0 to 1000.
2024-09-10 16:46:35,068 [IPC Server handler 3 on default port 15160] WARN  ha.SequenceIdGenerator (SequenceIdGenerator.java:allocateBatch(257)) - Failed to allocate a batch for localId, expected lastId is 0, actual lastId is 113750153625600000.
2024-09-10 16:46:35,068 [IPC Server handler 3 on default port 15160] INFO  ha.SequenceIdGenerator (SequenceIdGenerator.java:getNextId(144)) - Allocate a batch for localId, change lastId from 113750153625600000 to 113750153625601000.
2024-09-10 16:46:35,141 [main] INFO  ozoneimpl.OzoneContainer (OzoneContainer.java:stop(497)) - Attempting to stop container services.
2024-09-10 16:46:35,141 [ContainerMetadataScanner] WARN  ozoneimpl.AbstractBackgroundContainerScanner (AbstractBackgroundContainerScanner.java:handleRemainingSleep(134)) - Background container scan was interrupted.
2024-09-10 16:46:35,141 [ContainerMetadataScanner] INFO  ozoneimpl.AbstractBackgroundContainerScanner (AbstractBackgroundContainerScanner.java:run(61)) - Thread[ContainerMetadataScanner,5,main] exiting.
2024-09-10 16:46:35,141 [main] INFO  ozoneimpl.BackgroundContainerDataScanner (BackgroundContainerDataScanner.java:shutdown(141)) - ContainerDataScanner(/home/runner/work/ozone/ozone/hadoop-ozone/integration-test/target/test-dir/MiniOzoneClusterImpl-4ea98613-7ec2-40e8-bdf5-64593f2fdf96/ozone-meta/datanode-1/data-0/hdds) is shutting down. 
2024-09-10 16:46:35,142 [ContainerDataScanner(/home/runner/work/ozone/ozone/hadoop-ozone/integration-test/target/test-dir/MiniOzoneClusterImpl-4ea98613-7ec2-40e8-bdf5-64593f2fdf96/ozone-meta/datanode-1/data-0/hdds)] WARN  ozoneimpl.AbstractBackgroundContainerScanner (AbstractBackgroundContainerScanner.java:handleRemainingSleep(134)) - Background container scan was interrupted.
2024-09-10 16:46:35,142 [ContainerDataScanner(/home/runner/work/ozone/ozone/hadoop-ozone/integration-test/target/test-dir/MiniOzoneClusterImpl-4ea98613-7ec2-40e8-bdf5-64593f2fdf96/ozone-meta/datanode-1/data-0/hdds)] INFO  ozoneimpl.AbstractBackgroundContainerScanner (AbstractBackgroundContainerScanner.java:run(61)) - ContainerDataScanner(/home/runner/work/ozone/ozone/hadoop-ozone/integration-test/target/test-dir/MiniOzoneClusterImpl-4ea98613-7ec2-40e8-bdf5-64593f2fdf96/ozone-meta/datanode-1/data-0/hdds, DS-43fa935b-a4f9-4809-accb-fd45f2307b5f) exiting.
2024-09-10 16:46:35,142 [main] INFO  ozoneimpl.OnDemandContainerDataScanner (OnDemandContainerDataScanner.java:shutdownScanner(206)) - On-demand container scanner is shutting down.
2024-09-10 16:46:35,142 [main] INFO  ratis.XceiverServerRatis (XceiverServerRatis.java:stop(596)) - Stopping XceiverServerRatis e5502358-b128-4a46-b87d-f44ed006f965
2024-09-10 16:46:35,142 [main] INFO  server.RaftServer (RaftServerProxy.java:lambda$close$9(418)) - e5502358-b128-4a46-b87d-f44ed006f965: close
2024-09-10 16:46:35,143 [e5502358-b128-4a46-b87d-f44ed006f965-impl-thread2] INFO  server.RaftServer$Division (RaftServerImpl.java:lambda$close$1(501)) - e5502358-b128-4a46-b87d-f44ed006f965@group-A76AAD3EA5B0: shutdown
2024-09-10 16:46:35,143 [e5502358-b128-4a46-b87d-f44ed006f965-impl-thread3] INFO  server.RaftServer$Division (RaftServerImpl.java:lambda$close$1(501)) - e5502358-b128-4a46-b87d-f44ed006f965@group-F68757ADEE15: shutdown
2024-09-10 16:46:35,143 [e5502358-b128-4a46-b87d-f44ed006f965-impl-thread3] INFO  util.JmxRegister (JmxRegister.java:unregister(74)) - Successfully un-registered JMX Bean with object name Ratis:service=RaftServer,group=group-F68757ADEE15,id=e5502358-b128-4a46-b87d-f44ed006f965
2024-09-10 16:46:35,143 [e5502358-b128-4a46-b87d-f44ed006f965-impl-thread3] INFO  impl.RoleInfo (RoleInfo.java:shutdownLeaderState(103)) - e5502358-b128-4a46-b87d-f44ed006f965: shutdown e5502358-b128-4a46-b87d-f44ed006f965@group-F68757ADEE15-LeaderStateImpl
2024-09-10 16:46:35,143 [e5502358-b128-4a46-b87d-f44ed006f965-impl-thread3] INFO  impl.PendingRequests (PendingRequests.java:sendNotLeaderResponses(287)) - e5502358-b128-4a46-b87d-f44ed006f965@group-F68757ADEE15-PendingRequests: sendNotLeaderResponses
2024-09-10 16:46:35,143 [e5502358-b128-4a46-b87d-f44ed006f965-impl-thread1] INFO  server.RaftServer$Division (RaftServerImpl.java:lambda$close$1(501)) - e5502358-b128-4a46-b87d-f44ed006f965@group-C733A4596614: shutdown
2024-09-10 16:46:35,144 [e5502358-b128-4a46-b87d-f44ed006f965-impl-thread1] INFO  util.JmxRegister (JmxRegister.java:unregister(74)) - Successfully un-registered JMX Bean with object name Ratis:service=RaftServer,group=group-C733A4596614,id=e5502358-b128-4a46-b87d-f44ed006f965
2024-09-10 16:46:35,144 [e5502358-b128-4a46-b87d-f44ed006f965-impl-thread1] INFO  impl.RoleInfo (RoleInfo.java:shutdownFollowerState(119)) - e5502358-b128-4a46-b87d-f44ed006f965: shutdown e5502358-b128-4a46-b87d-f44ed006f965@group-C733A4596614-FollowerState
2024-09-10 16:46:35,144 [e5502358-b128-4a46-b87d-f44ed006f965-impl-thread1] INFO  impl.StateMachineUpdater (StateMachineUpdater.java:stopAndJoin(164)) - e5502358-b128-4a46-b87d-f44ed006f965@group-C733A4596614-StateMachineUpdater: set stopIndex = -1
2024-09-10 16:46:35,144 [e5502358-b128-4a46-b87d-f44ed006f965@group-C733A4596614-FollowerState] INFO  impl.FollowerState (FollowerState.java:run(153)) - e5502358-b128-4a46-b87d-f44ed006f965@group-C733A4596614-FollowerState was interrupted
2024-09-10 16:46:35,144 [e5502358-b128-4a46-b87d-f44ed006f965@group-C733A4596614-StateMachineUpdater] INFO  impl.StateMachineUpdater (StateMachineUpdater.java:stop(141)) - e5502358-b128-4a46-b87d-f44ed006f965@group-C733A4596614-StateMachineUpdater: closing ContainerStateMachine, lastApplied=(t:0, i:~)
2024-09-10 16:46:35,143 [e5502358-b128-4a46-b87d-f44ed006f965-impl-thread2] INFO  util.JmxRegister (JmxRegister.java:unregister(74)) - Successfully un-registered JMX Bean with object name Ratis:service=RaftServer,group=group-A76AAD3EA5B0,id=e5502358-b128-4a46-b87d-f44ed006f965
2024-09-10 16:46:35,144 [e5502358-b128-4a46-b87d-f44ed006f965-impl-thread2] INFO  impl.RoleInfo (RoleInfo.java:shutdownFollowerState(119)) - e5502358-b128-4a46-b87d-f44ed006f965: shutdown e5502358-b128-4a46-b87d-f44ed006f965@group-A76AAD3EA5B0-FollowerState
2024-09-10 16:46:35,145 [e5502358-b128-4a46-b87d-f44ed006f965-impl-thread2] INFO  impl.StateMachineUpdater (StateMachineUpdater.java:stopAndJoin(164)) - e5502358-b128-4a46-b87d-f44ed006f965@group-A76AAD3EA5B0-StateMachineUpdater: set stopIndex = 13
2024-09-10 16:46:35,145 [e5502358-b128-4a46-b87d-f44ed006f965@group-A76AAD3EA5B0-FollowerState] INFO  impl.FollowerState (FollowerState.java:run(153)) - e5502358-b128-4a46-b87d-f44ed006f965@group-A76AAD3EA5B0-FollowerState was interrupted
2024-09-10 16:46:35,144 [e5502358-b128-4a46-b87d-f44ed006f965@group-C733A4596614-cacheEviction-AwaitToRun] INFO  util.AwaitToRun (AwaitToRun.java:run(49)) - e5502358-b128-4a46-b87d-f44ed006f965@group-C733A4596614-cacheEviction-AwaitToRun-AwaitForSignal is interrupted
2024-09-10 16:46:35,144 [e5502358-b128-4a46-b87d-f44ed006f965-impl-thread3] INFO  impl.StateMachineUpdater (StateMachineUpdater.java:stopAndJoin(164)) - e5502358-b128-4a46-b87d-f44ed006f965@group-F68757ADEE15-StateMachineUpdater: set stopIndex = 0
2024-09-10 16:46:35,144 [e5502358-b128-4a46-b87d-f44ed006f965@group-F68757ADEE15-StateMachineUpdater] INFO  ratis.ContainerStateMachine (ContainerStateMachine.java:takeSnapshot(363)) - group-F68757ADEE15: Taking a snapshot at:(t:1, i:0) file /home/runner/work/ozone/ozone/hadoop-ozone/integration-test/target/test-dir/MiniOzoneClusterImpl-4ea98613-7ec2-40e8-bdf5-64593f2fdf96/ozone-meta/datanode-1/ratis/fd2ec4e1-122d-4f69-9097-f68757adee15/sm/snapshot.1_0
2024-09-10 16:46:35,145 [e5502358-b128-4a46-b87d-f44ed006f965@group-A76AAD3EA5B0-StateMachineUpdater] INFO  ratis.ContainerStateMachine (ContainerStateMachine.java:takeSnapshot(363)) - group-A76AAD3EA5B0: Taking a snapshot at:(t:1, i:13) file /home/runner/work/ozone/ozone/hadoop-ozone/integration-test/target/test-dir/MiniOzoneClusterImpl-4ea98613-7ec2-40e8-bdf5-64593f2fdf96/ozone-meta/datanode-1/ratis/7646dd5a-ad1c-44c3-ab45-a76aad3ea5b0/sm/snapshot.1_13
2024-09-10 16:46:35,146 [e5502358-b128-4a46-b87d-f44ed006f965@group-F68757ADEE15-StateMachineUpdater] INFO  ratis.ContainerStateMachine (ContainerStateMachine.java:takeSnapshot(374)) - group-F68757ADEE15: Finished taking a snapshot at:(t:1, i:0) file:/home/runner/work/ozone/ozone/hadoop-ozone/integration-test/target/test-dir/MiniOzoneClusterImpl-4ea98613-7ec2-40e8-bdf5-64593f2fdf96/ozone-meta/datanode-1/ratis/fd2ec4e1-122d-4f69-9097-f68757adee15/sm/snapshot.1_0 took: 2 ms
2024-09-10 16:46:35,147 [e5502358-b128-4a46-b87d-f44ed006f965@group-F68757ADEE15-StateMachineUpdater] INFO  impl.StateMachineUpdater (StateMachineUpdater.java:takeSnapshot(303)) - e5502358-b128-4a46-b87d-f44ed006f965@group-F68757ADEE15-StateMachineUpdater: Took a snapshot at index 0
2024-09-10 16:46:35,147 [e5502358-b128-4a46-b87d-f44ed006f965@group-F68757ADEE15-StateMachineUpdater] INFO  impl.StateMachineUpdater (StateMachineUpdater.java:lambda$new$0(102)) - e5502358-b128-4a46-b87d-f44ed006f965@group-F68757ADEE15-StateMachineUpdater: snapshotIndex: updateIncreasingly -1 -> 0
2024-09-10 16:46:35,147 [e5502358-b128-4a46-b87d-f44ed006f965@group-F68757ADEE15-StateMachineUpdater] INFO  impl.StateMachineUpdater (StateMachineUpdater.java:stop(141)) - e5502358-b128-4a46-b87d-f44ed006f965@group-F68757ADEE15-StateMachineUpdater: closing ContainerStateMachine, lastApplied=(t:1, i:0)
2024-09-10 16:46:35,147 [e5502358-b128-4a46-b87d-f44ed006f965@group-F68757ADEE15-cacheEviction-AwaitToRun] INFO  util.AwaitToRun (AwaitToRun.java:run(49)) - e5502358-b128-4a46-b87d-f44ed006f965@group-F68757ADEE15-cacheEviction-AwaitToRun-AwaitForSignal is interrupted
2024-09-10 16:46:35,148 [e5502358-b128-4a46-b87d-f44ed006f965@group-A76AAD3EA5B0-StateMachineUpdater] INFO  ratis.ContainerStateMachine (ContainerStateMachine.java:takeSnapshot(374)) - group-A76AAD3EA5B0: Finished taking a snapshot at:(t:1, i:13) file:/home/runner/work/ozone/ozone/hadoop-ozone/integration-test/target/test-dir/MiniOzoneClusterImpl-4ea98613-7ec2-40e8-bdf5-64593f2fdf96/ozone-meta/datanode-1/ratis/7646dd5a-ad1c-44c3-ab45-a76aad3ea5b0/sm/snapshot.1_13 took: 4 ms
2024-09-10 16:46:35,148 [e5502358-b128-4a46-b87d-f44ed006f965@group-A76AAD3EA5B0-StateMachineUpdater] INFO  impl.StateMachineUpdater (StateMachineUpdater.java:takeSnapshot(303)) - e5502358-b128-4a46-b87d-f44ed006f965@group-A76AAD3EA5B0-StateMachineUpdater: Took a snapshot at index 13
2024-09-10 16:46:35,148 [e5502358-b128-4a46-b87d-f44ed006f965@group-A76AAD3EA5B0-StateMachineUpdater] INFO  impl.StateMachineUpdater (StateMachineUpdater.java:lambda$new$0(102)) - e5502358-b128-4a46-b87d-f44ed006f965@group-A76AAD3EA5B0-StateMachineUpdater: snapshotIndex: updateIncreasingly -1 -> 13
2024-09-10 16:46:35,148 [e5502358-b128-4a46-b87d-f44ed006f965@group-A76AAD3EA5B0-StateMachineUpdater] INFO  impl.StateMachineUpdater (StateMachineUpdater.java:stop(141)) - e5502358-b128-4a46-b87d-f44ed006f965@group-A76AAD3EA5B0-StateMachineUpdater: closing ContainerStateMachine, lastApplied=(t:1, i:13)
2024-09-10 16:46:35,148 [e5502358-b128-4a46-b87d-f44ed006f965@group-A76AAD3EA5B0-cacheEviction-AwaitToRun] INFO  util.AwaitToRun (AwaitToRun.java:run(49)) - e5502358-b128-4a46-b87d-f44ed006f965@group-A76AAD3EA5B0-cacheEviction-AwaitToRun-AwaitForSignal is interrupted
2024-09-10 16:46:35,148 [main] INFO  server.GrpcService (GrpcService.java:closeImpl(311)) - e5502358-b128-4a46-b87d-f44ed006f965: shutdown server GrpcServerProtocolService now
2024-09-10 16:46:35,151 [grpc-default-executor-0] WARN  server.GrpcServerProtocolService (LogUtils.java:warn(121)) - e5502358-b128-4a46-b87d-f44ed006f965: APPEND_ENTRIES onError, lastRequest: null: org.apache.ratis.thirdparty.io.grpc.StatusRuntimeException: CANCELLED: client cancelled
2024-09-10 16:46:35,151 [grpc-default-executor-0] WARN  server.GrpcServerProtocolService (LogUtils.java:warn(121)) - e5502358-b128-4a46-b87d-f44ed006f965: APPEND_ENTRIES onError, lastRequest: null: org.apache.ratis.thirdparty.io.grpc.StatusRuntimeException: CANCELLED: client cancelled
2024-09-10 16:46:35,151 [grpc-default-executor-2] WARN  server.GrpcServerProtocolService (LogUtils.java:warn(121)) - e5502358-b128-4a46-b87d-f44ed006f965: APPEND_ENTRIES onError, lastRequest: f49a985e-efe9-405d-8922-13d0c1bb1d78->e5502358-b128-4a46-b87d-f44ed006f965#34-t1,previous=(t:1, i:14),leaderCommit=13,initializing? false,entries: size=1, first=(t:1, i:15), METADATAENTRY(c:13): org.apache.ratis.thirdparty.io.grpc.StatusRuntimeException: CANCELLED: client cancelled
2024-09-10 16:46:35,152 [grpc-default-executor-3] WARN  server.GrpcLogAppender (LogUtils.java:warn(121)) - 2330440b-2504-4263-b461-07f8c416a88f@group-C733A4596614->e5502358-b128-4a46-b87d-f44ed006f965-AppendLogResponseHandler: Failed appendEntries: org.apache.ratis.thirdparty.io.grpc.StatusRuntimeException: CANCELLED: RST_STREAM closed stream. HTTP/2 error code: CANCEL
2024-09-10 16:46:35,152 [grpc-default-executor-3] WARN  server.GrpcLogAppender (GrpcLogAppender.java:lambda$resetClient$1(221)) - 2330440b-2504-4263-b461-07f8c416a88f@group-C733A4596614->e5502358-b128-4a46-b87d-f44ed006f965-GrpcLogAppender: Follower failed (request=null, errorCount=1); keep nextIndex (1) unchanged and retry.
2024-09-10 16:46:35,152 [grpc-default-executor-1] WARN  server.GrpcLogAppender (LogUtils.java:warn(121)) - f49a985e-efe9-405d-8922-13d0c1bb1d78@group-A76AAD3EA5B0->e5502358-b128-4a46-b87d-f44ed006f965-AppendLogResponseHandler: Failed appendEntries: org.apache.ratis.thirdparty.io.grpc.StatusRuntimeException: CANCELLED: RST_STREAM closed stream. HTTP/2 error code: CANCEL
2024-09-10 16:46:35,152 [grpc-default-executor-1] WARN  server.GrpcLogAppender (GrpcLogAppender.java:lambda$resetClient$1(221)) - f49a985e-efe9-405d-8922-13d0c1bb1d78@group-A76AAD3EA5B0->e5502358-b128-4a46-b87d-f44ed006f965-GrpcLogAppender: Follower failed (request=null, errorCount=1); keep nextIndex (16) unchanged and retry.
2024-09-10 16:46:35,153 [grpc-default-executor-0] WARN  server.GrpcServerProtocolService (LogUtils.java:warn(121)) - e5502358-b128-4a46-b87d-f44ed006f965: APPEND_ENTRIES onError, lastRequest: 2330440b-2504-4263-b461-07f8c416a88f->e5502358-b128-4a46-b87d-f44ed006f965#1-t1,previous=(t:0, i:0),leaderCommit=-1,initializing? false,entries: size=1, first=(t:1, i:0), CONFIGURATIONENTRY(current:id:"2330440b-2504-4263-b461-07f8c416a88f"address:"127.0.0.1:15180"priority:1dataStreamAddress:"127.0.0.1:15183"clientAddress:"127.0.0.1:15180"adminAddress:"127.0.0.1:15180"startupRole:FOLLOWER, id:"f49a985e-efe9-405d-8922-13d0c1bb1d78"address:"127.0.0.1:15189"dataStreamAddress:"127.0.0.1:15192"clientAddress:"127.0.0.1:15189"adminAddress:"127.0.0.1:15189"startupRole:FOLLOWER, id:"e5502358-b128-4a46-b87d-f44ed006f965"address:"127.0.0.1:15171"dataStreamAddress:"127.0.0.1:15174"clientAddress:"127.0.0.1:15171"adminAddress:"127.0.0.1:15171"startupRole:FOLLOWER, old:): org.apache.ratis.thirdparty.io.grpc.StatusRuntimeException: CANCELLED: client cancelled
2024-09-10 16:46:35,152 [e5502358-b128-4a46-b87d-f44ed006f965-impl-thread4] INFO  server.RaftServer$Division (RaftServerImpl.java:lambda$close$1(501)) - e5502358-b128-4a46-b87d-f44ed006f965@group-BD59E781AD1C: shutdown
2024-09-10 16:46:35,153 [e5502358-b128-4a46-b87d-f44ed006f965-impl-thread4] INFO  util.JmxRegister (JmxRegister.java:unregister(74)) - Successfully un-registered JMX Bean with object name Ratis:service=RaftServer,group=group-BD59E781AD1C,id=e5502358-b128-4a46-b87d-f44ed006f965
2024-09-10 16:46:35,153 [e5502358-b128-4a46-b87d-f44ed006f965-impl-thread4] INFO  impl.RoleInfo (RoleInfo.java:shutdownLeaderState(103)) - e5502358-b128-4a46-b87d-f44ed006f965: shutdown e5502358-b128-4a46-b87d-f44ed006f965@group-BD59E781AD1C-LeaderStateImpl
2024-09-10 16:46:35,153 [Thread-3913] INFO  server.GrpcServerProtocolClient (GrpcServerProtocolClient.java:close(103)) - 2330440b-2504-4263-b461-07f8c416a88f Close channels
2024-09-10 16:46:35,153 [Thread-3914] INFO  server.GrpcServerProtocolClient (GrpcServerProtocolClient.java:close(103)) - f49a985e-efe9-405d-8922-13d0c1bb1d78 Close channels
2024-09-10 16:46:35,154 [e5502358-b128-4a46-b87d-f44ed006f965@group-BD59E781AD1C->2330440b-2504-4263-b461-07f8c416a88f-GrpcLogAppender-LogAppenderDaemon] WARN  server.GrpcLogAppender (GrpcLogAppender.java:mayWait(293)) - e5502358-b128-4a46-b87d-f44ed006f965@group-BD59E781AD1C->2330440b-2504-4263-b461-07f8c416a88f-GrpcLogAppender: Wait interrupted by java.lang.InterruptedException
2024-09-10 16:46:35,154 [e5502358-b128-4a46-b87d-f44ed006f965-impl-thread4] INFO  impl.PendingRequests (PendingRequests.java:sendNotLeaderResponses(287)) - e5502358-b128-4a46-b87d-f44ed006f965@group-BD59E781AD1C-PendingRequests: sendNotLeaderResponses
2024-09-10 16:46:35,154 [e5502358-b128-4a46-b87d-f44ed006f965@group-BD59E781AD1C->f49a985e-efe9-405d-8922-13d0c1bb1d78-GrpcLogAppender-LogAppenderDaemon] WARN  server.GrpcLogAppender (GrpcLogAppender.java:mayWait(293)) - e5502358-b128-4a46-b87d-f44ed006f965@group-BD59E781AD1C->f49a985e-efe9-405d-8922-13d0c1bb1d78-GrpcLogAppender: Wait interrupted by java.lang.InterruptedException
2024-09-10 16:46:35,154 [grpc-default-executor-0] INFO  server.GrpcServerProtocolService (GrpcServerProtocolService.java:onCompleted(157)) - 2330440b-2504-4263-b461-07f8c416a88f: Completed APPEND_ENTRIES, lastRequest: null
2024-09-10 16:46:35,155 [grpc-default-executor-2] INFO  server.GrpcServerProtocolService (GrpcServerProtocolService.java:onCompleted(157)) - f49a985e-efe9-405d-8922-13d0c1bb1d78: Completed APPEND_ENTRIES, lastRequest: e5502358-b128-4a46-b87d-f44ed006f965->f49a985e-efe9-405d-8922-13d0c1bb1d78#1-t1,previous=(t:0, i:0),leaderCommit=-1,initializing? false,entries: size=1, first=(t:1, i:0), CONFIGURATIONENTRY(current:id:"2330440b-2504-4263-b461-07f8c416a88f"address:"127.0.0.1:15180"dataStreamAddress:"127.0.0.1:15183"clientAddress:"127.0.0.1:15180"adminAddress:"127.0.0.1:15180"startupRole:FOLLOWER, id:"f49a985e-efe9-405d-8922-13d0c1bb1d78"address:"127.0.0.1:15189"dataStreamAddress:"127.0.0.1:15192"clientAddress:"127.0.0.1:15189"adminAddress:"127.0.0.1:15189"startupRole:FOLLOWER, id:"e5502358-b128-4a46-b87d-f44ed006f965"address:"127.0.0.1:15171"priority:1dataStreamAddress:"127.0.0.1:15174"clientAddress:"127.0.0.1:15171"adminAddress:"127.0.0.1:15171"startupRole:FOLLOWER, old:)
2024-09-10 16:46:35,155 [grpc-default-executor-2] INFO  server.GrpcServerProtocolService (GrpcServerProtocolService.java:lambda$onCompleted$5(159)) - f49a985e-efe9-405d-8922-13d0c1bb1d78: Completed APPEND_ENTRIES, lastReply: null
2024-09-10 16:46:35,155 [grpc-default-executor-1] INFO  server.GrpcLogAppender (GrpcLogAppender.java:onCompleted(550)) - e5502358-b128-4a46-b87d-f44ed006f965@group-BD59E781AD1C->f49a985e-efe9-405d-8922-13d0c1bb1d78-AppendLogResponseHandler: follower responses appendEntries COMPLETED
2024-09-10 16:46:35,155 [grpc-default-executor-1] WARN  server.GrpcLogAppender (GrpcLogAppender.java:resetClient(230)) - e5502358-b128-4a46-b87d-f44ed006f965@group-BD59E781AD1C->f49a985e-efe9-405d-8922-13d0c1bb1d78-GrpcLogAppender: Failed to getClient for f49a985e-efe9-405d-8922-13d0c1bb1d78
org.apache.ratis.protocol.exceptions.AlreadyClosedException: e5502358-b128-4a46-b87d-f44ed006f965 is already CLOSED
	at org.apache.ratis.util.PeerProxyMap$PeerAndProxy.getProxy(PeerProxyMap.java:67)
	at org.apache.ratis.util.PeerProxyMap.getProxy(PeerProxyMap.java:124)
	at org.apache.ratis.grpc.server.GrpcLogAppender.getClient(GrpcLogAppender.java:200)
	at org.apache.ratis.grpc.server.GrpcLogAppender.resetClient(GrpcLogAppender.java:205)
	at org.apache.ratis.grpc.server.GrpcLogAppender.access$800(GrpcLogAppender.java:64)
	at org.apache.ratis.grpc.server.GrpcLogAppender$AppendLogResponseHandler.onCompleted(GrpcLogAppender.java:551)
	at org.apache.ratis.thirdparty.io.grpc.stub.ClientCalls$StreamObserverToCallListenerAdapter.onClose(ClientCalls.java:479)
	at org.apache.ratis.thirdparty.io.grpc.internal.ClientCallImpl.closeObserver(ClientCallImpl.java:567)
	at org.apache.ratis.thirdparty.io.grpc.internal.ClientCallImpl.access$300(ClientCallImpl.java:71)
	at org.apache.ratis.thirdparty.io.grpc.internal.ClientCallImpl$ClientStreamListenerImpl$1StreamClosed.runInternal(ClientCallImpl.java:735)
	at org.apache.ratis.thirdparty.io.grpc.internal.ClientCallImpl$ClientStreamListenerImpl$1StreamClosed.runInContext(ClientCallImpl.java:716)
	at org.apache.ratis.thirdparty.io.grpc.internal.ContextRunnable.run(ContextRunnable.java:37)
	at org.apache.ratis.thirdparty.io.grpc.internal.SerializingExecutor.run(SerializingExecutor.java:133)
	at java.base/java.util.concurrent.ThreadPoolExecutor.runWorker(ThreadPoolExecutor.java:1136)
	at java.base/java.util.concurrent.ThreadPoolExecutor$Worker.run(ThreadPoolExecutor.java:635)
	at java.base/java.lang.Thread.run(Thread.java:840)
2024-09-10 16:46:35,155 [grpc-default-executor-0] INFO  server.GrpcServerProtocolService (GrpcServerProtocolService.java:lambda$onCompleted$5(159)) - 2330440b-2504-4263-b461-07f8c416a88f: Completed APPEND_ENTRIES, lastReply: serverReply {
  requestorId: "e5502358-b128-4a46-b87d-f44ed006f965"
  replyId: "2330440b-2504-4263-b461-07f8c416a88f"
  raftGroupId {
    id: "\231\214\003\300\367\325@\346\243\227\275Y\347\201\255\034"
  }
  success: true
}
term: 1
followerCommit: 18446744073709551615
matchIndex: 18446744073709551615
isHearbeat: true

2024-09-10 16:46:35,156 [grpc-default-executor-2] INFO  server.GrpcLogAppender (GrpcLogAppender.java:onCompleted(550)) - e5502358-b128-4a46-b87d-f44ed006f965@group-BD59E781AD1C->2330440b-2504-4263-b461-07f8c416a88f-AppendLogResponseHandler: follower responses appendEntries COMPLETED
2024-09-10 16:46:35,156 [grpc-default-executor-2] WARN  server.GrpcLogAppender (GrpcLogAppender.java:resetClient(230)) - e5502358-b128-4a46-b87d-f44ed006f965@group-BD59E781AD1C->2330440b-2504-4263-b461-07f8c416a88f-GrpcLogAppender: Failed to getClient for 2330440b-2504-4263-b461-07f8c416a88f
org.apache.ratis.protocol.exceptions.AlreadyClosedException: e5502358-b128-4a46-b87d-f44ed006f965 is already CLOSED
	at org.apache.ratis.util.PeerProxyMap$PeerAndProxy.getProxy(PeerProxyMap.java:67)
	at org.apache.ratis.util.PeerProxyMap.getProxy(PeerProxyMap.java:124)
	at org.apache.ratis.grpc.server.GrpcLogAppender.getClient(GrpcLogAppender.java:200)
	at org.apache.ratis.grpc.server.GrpcLogAppender.resetClient(GrpcLogAppender.java:205)
	at org.apache.ratis.grpc.server.GrpcLogAppender.access$800(GrpcLogAppender.java:64)
	at org.apache.ratis.grpc.server.GrpcLogAppender$AppendLogResponseHandler.onCompleted(GrpcLogAppender.java:551)
	at org.apache.ratis.thirdparty.io.grpc.stub.ClientCalls$StreamObserverToCallListenerAdapter.onClose(ClientCalls.java:479)
	at org.apache.ratis.thirdparty.io.grpc.internal.ClientCallImpl.closeObserver(ClientCallImpl.java:567)
	at org.apache.ratis.thirdparty.io.grpc.internal.ClientCallImpl.access$300(ClientCallImpl.java:71)
	at org.apache.ratis.thirdparty.io.grpc.internal.ClientCallImpl$ClientStreamListenerImpl$1StreamClosed.runInternal(ClientCallImpl.java:735)
	at org.apache.ratis.thirdparty.io.grpc.internal.ClientCallImpl$ClientStreamListenerImpl$1StreamClosed.runInContext(ClientCallImpl.java:716)
	at org.apache.ratis.thirdparty.io.grpc.internal.ContextRunnable.run(ContextRunnable.java:37)
	at org.apache.ratis.thirdparty.io.grpc.internal.SerializingExecutor.run(SerializingExecutor.java:133)
	at java.base/java.util.concurrent.ThreadPoolExecutor.runWorker(ThreadPoolExecutor.java:1136)
	at java.base/java.util.concurrent.ThreadPoolExecutor$Worker.run(ThreadPoolExecutor.java:635)
	at java.base/java.lang.Thread.run(Thread.java:840)
2024-09-10 16:46:35,157 [e5502358-b128-4a46-b87d-f44ed006f965-impl-thread4] INFO  impl.StateMachineUpdater (StateMachineUpdater.java:stopAndJoin(164)) - e5502358-b128-4a46-b87d-f44ed006f965@group-BD59E781AD1C-StateMachineUpdater: set stopIndex = 0
2024-09-10 16:46:35,157 [e5502358-b128-4a46-b87d-f44ed006f965@group-BD59E781AD1C-StateMachineUpdater] INFO  ratis.ContainerStateMachine (ContainerStateMachine.java:takeSnapshot(363)) - group-BD59E781AD1C: Taking a snapshot at:(t:1, i:0) file /home/runner/work/ozone/ozone/hadoop-ozone/integration-test/target/test-dir/MiniOzoneClusterImpl-4ea98613-7ec2-40e8-bdf5-64593f2fdf96/ozone-meta/datanode-1/ratis/998c03c0-f7d5-40e6-a397-bd59e781ad1c/sm/snapshot.1_0
2024-09-10 16:46:35,157 [e5502358-b128-4a46-b87d-f44ed006f965@group-BD59E781AD1C-StateMachineUpdater] INFO  ratis.ContainerStateMachine (ContainerStateMachine.java:takeSnapshot(374)) - group-BD59E781AD1C: Finished taking a snapshot at:(t:1, i:0) file:/home/runner/work/ozone/ozone/hadoop-ozone/integration-test/target/test-dir/MiniOzoneClusterImpl-4ea98613-7ec2-40e8-bdf5-64593f2fdf96/ozone-meta/datanode-1/ratis/998c03c0-f7d5-40e6-a397-bd59e781ad1c/sm/snapshot.1_0 took: 0 ms
2024-09-10 16:46:35,158 [e5502358-b128-4a46-b87d-f44ed006f965@group-BD59E781AD1C-StateMachineUpdater] INFO  impl.StateMachineUpdater (StateMachineUpdater.java:takeSnapshot(303)) - e5502358-b128-4a46-b87d-f44ed006f965@group-BD59E781AD1C-StateMachineUpdater: Took a snapshot at index 0
2024-09-10 16:46:35,158 [e5502358-b128-4a46-b87d-f44ed006f965@group-BD59E781AD1C-StateMachineUpdater] INFO  impl.StateMachineUpdater (StateMachineUpdater.java:lambda$new$0(102)) - e5502358-b128-4a46-b87d-f44ed006f965@group-BD59E781AD1C-StateMachineUpdater: snapshotIndex: updateIncreasingly -1 -> 0
2024-09-10 16:46:35,158 [e5502358-b128-4a46-b87d-f44ed006f965@group-BD59E781AD1C-StateMachineUpdater] INFO  impl.StateMachineUpdater (StateMachineUpdater.java:stop(141)) - e5502358-b128-4a46-b87d-f44ed006f965@group-BD59E781AD1C-StateMachineUpdater: closing ContainerStateMachine, lastApplied=(t:1, i:0)
2024-09-10 16:46:35,158 [e5502358-b128-4a46-b87d-f44ed006f965@group-BD59E781AD1C-cacheEviction-AwaitToRun] INFO  util.AwaitToRun (AwaitToRun.java:run(49)) - e5502358-b128-4a46-b87d-f44ed006f965@group-BD59E781AD1C-cacheEviction-AwaitToRun-AwaitForSignal is interrupted
2024-09-10 16:46:35,160 [grpc-default-executor-4] INFO  server.GrpcServerProtocolService (GrpcServerProtocolService.java:onCompleted(157)) - f49a985e-efe9-405d-8922-13d0c1bb1d78: Completed APPEND_ENTRIES, lastRequest: null
2024-09-10 16:46:35,160 [grpc-default-executor-0] INFO  server.GrpcServerProtocolService (GrpcServerProtocolService.java:onCompleted(157)) - 2330440b-2504-4263-b461-07f8c416a88f: Completed APPEND_ENTRIES, lastRequest: e5502358-b128-4a46-b87d-f44ed006f965->2330440b-2504-4263-b461-07f8c416a88f#1-t1,previous=(t:0, i:0),leaderCommit=-1,initializing? false,entries: size=1, first=(t:1, i:0), CONFIGURATIONENTRY(current:id:"2330440b-2504-4263-b461-07f8c416a88f"address:"127.0.0.1:15180"dataStreamAddress:"127.0.0.1:15183"clientAddress:"127.0.0.1:15180"adminAddress:"127.0.0.1:15180"startupRole:FOLLOWER, id:"f49a985e-efe9-405d-8922-13d0c1bb1d78"address:"127.0.0.1:15189"dataStreamAddress:"127.0.0.1:15192"clientAddress:"127.0.0.1:15189"adminAddress:"127.0.0.1:15189"startupRole:FOLLOWER, id:"e5502358-b128-4a46-b87d-f44ed006f965"address:"127.0.0.1:15171"priority:1dataStreamAddress:"127.0.0.1:15174"clientAddress:"127.0.0.1:15171"adminAddress:"127.0.0.1:15171"startupRole:FOLLOWER, old:)
2024-09-10 16:46:35,160 [grpc-default-executor-0] INFO  server.GrpcServerProtocolService (GrpcServerProtocolService.java:lambda$onCompleted$5(159)) - 2330440b-2504-4263-b461-07f8c416a88f: Completed APPEND_ENTRIES, lastReply: null
2024-09-10 16:46:35,161 [grpc-default-executor-0] INFO  server.GrpcLogAppender (GrpcLogAppender.java:onCompleted(550)) - e5502358-b128-4a46-b87d-f44ed006f965@group-BD59E781AD1C->2330440b-2504-4263-b461-07f8c416a88f-AppendLogResponseHandler: follower responses appendEntries COMPLETED
2024-09-10 16:46:35,161 [grpc-default-executor-0] WARN  server.GrpcLogAppender (GrpcLogAppender.java:resetClient(230)) - e5502358-b128-4a46-b87d-f44ed006f965@group-BD59E781AD1C->2330440b-2504-4263-b461-07f8c416a88f-GrpcLogAppender: Failed to getClient for 2330440b-2504-4263-b461-07f8c416a88f
org.apache.ratis.protocol.exceptions.AlreadyClosedException: e5502358-b128-4a46-b87d-f44ed006f965 is already CLOSED
	at org.apache.ratis.util.PeerProxyMap$PeerAndProxy.getProxy(PeerProxyMap.java:67)
	at org.apache.ratis.util.PeerProxyMap.getProxy(PeerProxyMap.java:124)
	at org.apache.ratis.grpc.server.GrpcLogAppender.getClient(GrpcLogAppender.java:200)
	at org.apache.ratis.grpc.server.GrpcLogAppender.resetClient(GrpcLogAppender.java:205)
	at org.apache.ratis.grpc.server.GrpcLogAppender.access$800(GrpcLogAppender.java:64)
	at org.apache.ratis.grpc.server.GrpcLogAppender$AppendLogResponseHandler.onCompleted(GrpcLogAppender.java:551)
	at org.apache.ratis.thirdparty.io.grpc.stub.ClientCalls$StreamObserverToCallListenerAdapter.onClose(ClientCalls.java:479)
	at org.apache.ratis.thirdparty.io.grpc.internal.ClientCallImpl.closeObserver(ClientCallImpl.java:567)
	at org.apache.ratis.thirdparty.io.grpc.internal.ClientCallImpl.access$300(ClientCallImpl.java:71)
	at org.apache.ratis.thirdparty.io.grpc.internal.ClientCallImpl$ClientStreamListenerImpl$1StreamClosed.runInternal(ClientCallImpl.java:735)
	at org.apache.ratis.thirdparty.io.grpc.internal.ClientCallImpl$ClientStreamListenerImpl$1StreamClosed.runInContext(ClientCallImpl.java:716)
	at org.apache.ratis.thirdparty.io.grpc.internal.ContextRunnable.run(ContextRunnable.java:37)
	at org.apache.ratis.thirdparty.io.grpc.internal.SerializingExecutor.run(SerializingExecutor.java:133)
	at java.base/java.util.concurrent.ThreadPoolExecutor.runWorker(ThreadPoolExecutor.java:1136)
	at java.base/java.util.concurrent.ThreadPoolExecutor$Worker.run(ThreadPoolExecutor.java:635)
	at java.base/java.lang.Thread.run(Thread.java:840)
2024-09-10 16:46:35,162 [grpc-default-executor-4] INFO  server.GrpcServerProtocolService (GrpcServerProtocolService.java:lambda$onCompleted$5(159)) - f49a985e-efe9-405d-8922-13d0c1bb1d78: Completed APPEND_ENTRIES, lastReply: serverReply {
  requestorId: "e5502358-b128-4a46-b87d-f44ed006f965"
  replyId: "f49a985e-efe9-405d-8922-13d0c1bb1d78"
  raftGroupId {
    id: "\231\214\003\300\367\325@\346\243\227\275Y\347\201\255\034"
  }
  success: true
}
term: 1
nextIndex: 1
followerCommit: 18446744073709551615
matchIndex: 18446744073709551615
isHearbeat: true

2024-09-10 16:46:35,162 [grpc-default-executor-4] INFO  server.GrpcLogAppender (GrpcLogAppender.java:onCompleted(550)) - e5502358-b128-4a46-b87d-f44ed006f965@group-BD59E781AD1C->f49a985e-efe9-405d-8922-13d0c1bb1d78-AppendLogResponseHandler: follower responses appendEntries COMPLETED
2024-09-10 16:46:35,162 [main] INFO  server.GrpcService (GrpcService.java:closeImpl(320)) - e5502358-b128-4a46-b87d-f44ed006f965: shutdown server GrpcServerProtocolService successfully
2024-09-10 16:46:35,163 [grpc-default-executor-4] WARN  server.GrpcLogAppender (GrpcLogAppender.java:resetClient(230)) - e5502358-b128-4a46-b87d-f44ed006f965@group-BD59E781AD1C->f49a985e-efe9-405d-8922-13d0c1bb1d78-GrpcLogAppender: Failed to getClient for f49a985e-efe9-405d-8922-13d0c1bb1d78
org.apache.ratis.protocol.exceptions.AlreadyClosedException: e5502358-b128-4a46-b87d-f44ed006f965 is already CLOSED
	at org.apache.ratis.util.PeerProxyMap$PeerAndProxy.getProxy(PeerProxyMap.java:67)
	at org.apache.ratis.util.PeerProxyMap.getProxy(PeerProxyMap.java:124)
	at org.apache.ratis.grpc.server.GrpcLogAppender.getClient(GrpcLogAppender.java:200)
	at org.apache.ratis.grpc.server.GrpcLogAppender.resetClient(GrpcLogAppender.java:205)
	at org.apache.ratis.grpc.server.GrpcLogAppender.access$800(GrpcLogAppender.java:64)
	at org.apache.ratis.grpc.server.GrpcLogAppender$AppendLogResponseHandler.onCompleted(GrpcLogAppender.java:551)
	at org.apache.ratis.thirdparty.io.grpc.stub.ClientCalls$StreamObserverToCallListenerAdapter.onClose(ClientCalls.java:479)
	at org.apache.ratis.thirdparty.io.grpc.internal.DelayedClientCall$DelayedListener$3.run(DelayedClientCall.java:489)
	at org.apache.ratis.thirdparty.io.grpc.internal.DelayedClientCall$DelayedListener.delayOrExecute(DelayedClientCall.java:453)
	at org.apache.ratis.thirdparty.io.grpc.internal.DelayedClientCall$DelayedListener.onClose(DelayedClientCall.java:486)
	at org.apache.ratis.thirdparty.io.grpc.internal.ClientCallImpl.closeObserver(ClientCallImpl.java:567)
	at org.apache.ratis.thirdparty.io.grpc.internal.ClientCallImpl.access$300(ClientCallImpl.java:71)
	at org.apache.ratis.thirdparty.io.grpc.internal.ClientCallImpl$ClientStreamListenerImpl$1StreamClosed.runInternal(ClientCallImpl.java:735)
	at org.apache.ratis.thirdparty.io.grpc.internal.ClientCallImpl$ClientStreamListenerImpl$1StreamClosed.runInContext(ClientCallImpl.java:716)
	at org.apache.ratis.thirdparty.io.grpc.internal.ContextRunnable.run(ContextRunnable.java:37)
	at org.apache.ratis.thirdparty.io.grpc.internal.SerializingExecutor.run(SerializingExecutor.java:133)
	at java.base/java.util.concurrent.ThreadPoolExecutor.runWorker(ThreadPoolExecutor.java:1136)
	at java.base/java.util.concurrent.ThreadPoolExecutor$Worker.run(ThreadPoolExecutor.java:635)
	at java.base/java.lang.Thread.run(Thread.java:840)
2024-09-10 16:46:35,168 [e5502358-b128-4a46-b87d-f44ed006f965-NettyServerStreamRpc-bossGroup--thread1] INFO  logging.LoggingHandler (AbstractInternalLogger.java:log(148)) - [id: 0x498dde5e, L:/0.0.0.0:15174] CLOSE
2024-09-10 16:46:35,169 [e5502358-b128-4a46-b87d-f44ed006f965-NettyServerStreamRpc-bossGroup--thread1] INFO  logging.LoggingHandler (AbstractInternalLogger.java:log(148)) - [id: 0x498dde5e, L:/0.0.0.0:15174] INACTIVE
2024-09-10 16:46:35,169 [e5502358-b128-4a46-b87d-f44ed006f965-NettyServerStreamRpc-bossGroup--thread1] INFO  logging.LoggingHandler (AbstractInternalLogger.java:log(148)) - [id: 0x498dde5e, L:/0.0.0.0:15174] UNREGISTERED
2024-09-10 16:46:35,218 [b02980de-72b7-4a99-a802-296f21296c04@group-58973242F5DF-FollowerState] INFO  impl.FollowerState (FollowerState.java:run(144)) - b02980de-72b7-4a99-a802-296f21296c04@group-58973242F5DF-FollowerState: change to CANDIDATE, lastRpcElapsedTime:5162914965ns, electionTimeout:5162ms
2024-09-10 16:46:35,218 [b02980de-72b7-4a99-a802-296f21296c04@group-58973242F5DF-FollowerState] INFO  impl.RoleInfo (RoleInfo.java:shutdownFollowerState(119)) - b02980de-72b7-4a99-a802-296f21296c04: shutdown b02980de-72b7-4a99-a802-296f21296c04@group-58973242F5DF-FollowerState
2024-09-10 16:46:35,219 [b02980de-72b7-4a99-a802-296f21296c04@group-58973242F5DF-FollowerState] INFO  server.RaftServer$Division (RaftServerImpl.java:setRole(376)) - b02980de-72b7-4a99-a802-296f21296c04@group-58973242F5DF: changes role from  FOLLOWER to CANDIDATE at term 0 for changeToCandidate
2024-09-10 16:46:35,219 [b02980de-72b7-4a99-a802-296f21296c04@group-58973242F5DF-FollowerState] INFO  server.RaftServerConfigKeys (ConfUtils.java:logGet(46)) - raft.server.leaderelection.pre-vote = true (default)
2024-09-10 16:46:35,219 [b02980de-72b7-4a99-a802-296f21296c04@group-58973242F5DF-FollowerState] INFO  impl.RoleInfo (RoleInfo.java:updateAndGet(148)) - b02980de-72b7-4a99-a802-296f21296c04: start b02980de-72b7-4a99-a802-296f21296c04@group-58973242F5DF-LeaderElection57
2024-09-10 16:46:35,219 [b02980de-72b7-4a99-a802-296f21296c04@group-58973242F5DF-LeaderElection57] INFO  impl.LeaderElection (LeaderElection.java:askForVotes(321)) - b02980de-72b7-4a99-a802-296f21296c04@group-58973242F5DF-LeaderElection57 PRE_VOTE round 0: submit vote requests at term 0 for conf: {index: -1, cur=peers:[b02980de-72b7-4a99-a802-296f21296c04|127.0.0.1:15207]|listeners:[], old=null}
2024-09-10 16:46:35,219 [b02980de-72b7-4a99-a802-296f21296c04@group-58973242F5DF-LeaderElection57] INFO  impl.LeaderElection (LeaderElection.java:askForVotes(323)) - b02980de-72b7-4a99-a802-296f21296c04@group-58973242F5DF-LeaderElection57 PRE_VOTE round 0: result PASSED (term=0)
2024-09-10 16:46:35,220 [b02980de-72b7-4a99-a802-296f21296c04@group-58973242F5DF-LeaderElection57] INFO  impl.LeaderElection (LeaderElection.java:askForVotes(321)) - b02980de-72b7-4a99-a802-296f21296c04@group-58973242F5DF-LeaderElection57 ELECTION round 0: submit vote requests at term 1 for conf: {index: -1, cur=peers:[b02980de-72b7-4a99-a802-296f21296c04|127.0.0.1:15207]|listeners:[], old=null}
2024-09-10 16:46:35,220 [b02980de-72b7-4a99-a802-296f21296c04@group-58973242F5DF-LeaderElection57] INFO  impl.LeaderElection (LeaderElection.java:askForVotes(323)) - b02980de-72b7-4a99-a802-296f21296c04@group-58973242F5DF-LeaderElection57 ELECTION round 0: result PASSED (term=1)
2024-09-10 16:46:35,220 [b02980de-72b7-4a99-a802-296f21296c04@group-58973242F5DF-LeaderElection57] INFO  impl.RoleInfo (RoleInfo.java:shutdownLeaderElection(139)) - b02980de-72b7-4a99-a802-296f21296c04: shutdown b02980de-72b7-4a99-a802-296f21296c04@group-58973242F5DF-LeaderElection57
2024-09-10 16:46:35,221 [b02980de-72b7-4a99-a802-296f21296c04@group-58973242F5DF-LeaderElection57] INFO  server.RaftServer$Division (RaftServerImpl.java:setRole(376)) - b02980de-72b7-4a99-a802-296f21296c04@group-58973242F5DF: changes role from CANDIDATE to LEADER at term 1 for changeToLeader
2024-09-10 16:46:35,221 [b02980de-72b7-4a99-a802-296f21296c04@group-58973242F5DF-LeaderElection57] INFO  server.RaftServerConfigKeys (ConfUtils.java:logGet(46)) - raft.server.staging.catchup.gap = 1000 (default)
2024-09-10 16:46:35,221 [b02980de-72b7-4a99-a802-296f21296c04@group-58973242F5DF-LeaderElection57] INFO  server.RaftServerConfigKeys (ConfUtils.java:logGet(46)) - raft.server.write.element-limit = 1024 (custom)
2024-09-10 16:46:35,221 [b02980de-72b7-4a99-a802-296f21296c04@group-58973242F5DF-LeaderElection57] INFO  server.RaftServerConfigKeys (ConfUtils.java:logGet(46)) - raft.server.write.byte-limit = 1024 M (=1073741824) (custom)
2024-09-10 16:46:35,221 [b02980de-72b7-4a99-a802-296f21296c04@group-58973242F5DF-LeaderElection57] INFO  server.RaftServerConfigKeys (ConfUtils.java:logGet(46)) - raft.server.watch.timeout = 3000ms (custom)
2024-09-10 16:46:35,221 [b02980de-72b7-4a99-a802-296f21296c04@group-58973242F5DF-LeaderElection57] INFO  server.RaftServerConfigKeys (ConfUtils.java:logGet(46)) - raft.server.watch.timeout.denomination = 1s (default)
2024-09-10 16:46:35,221 [b02980de-72b7-4a99-a802-296f21296c04@group-58973242F5DF-LeaderElection57] INFO  server.RaftServerConfigKeys (ConfUtils.java:logGet(46)) - raft.server.watch.element-limit = 65536 (default)
2024-09-10 16:46:35,221 [b02980de-72b7-4a99-a802-296f21296c04@group-58973242F5DF-LeaderElection57] INFO  server.RaftServerConfigKeys (ConfUtils.java:logGet(46)) - raft.server.read.leader.lease.enabled = false (default)
2024-09-10 16:46:35,221 [b02980de-72b7-4a99-a802-296f21296c04@group-58973242F5DF-LeaderElection57] INFO  server.RaftServerConfigKeys (ConfUtils.java:logGet(46)) - raft.server.read.leader.lease.timeout.ratio = 0.9 (default)
2024-09-10 16:46:35,221 [b02980de-72b7-4a99-a802-296f21296c04@group-58973242F5DF-LeaderElection57] INFO  server.RaftServerConfigKeys (ConfUtils.java:logGet(46)) - raft.server.rpc.timeout.min = 5s (custom)
2024-09-10 16:46:35,222 [b02980de-72b7-4a99-a802-296f21296c04@group-58973242F5DF-LeaderElection57] INFO  server.RaftServerConfigKeys (ConfUtils.java:logGet(46)) - raft.server.log.log-metadata.enabled = true (default)
2024-09-10 16:46:35,222 [b02980de-72b7-4a99-a802-296f21296c04@group-58973242F5DF-LeaderElection57] INFO  server.RaftServerConfigKeys (ConfUtils.java:logGet(46)) - raft.server.write.element-limit = 1024 (custom)
2024-09-10 16:46:35,222 [b02980de-72b7-4a99-a802-296f21296c04@group-58973242F5DF-LeaderElection57] INFO  server.RaftServerConfigKeys (ConfUtils.java:logGet(46)) - raft.server.write.follower.gap.ratio.max = -1.0 (default)
2024-09-10 16:46:35,222 [b02980de-72b7-4a99-a802-296f21296c04@group-58973242F5DF-LeaderElection57] INFO  impl.RoleInfo (RoleInfo.java:updateAndGet(148)) - b02980de-72b7-4a99-a802-296f21296c04: start b02980de-72b7-4a99-a802-296f21296c04@group-58973242F5DF-LeaderStateImpl
2024-09-10 16:46:35,222 [b02980de-72b7-4a99-a802-296f21296c04@group-58973242F5DF-LeaderElection57] INFO  server.RaftServer$Division (RaftServerImpl.java:setFirstElection(549)) - b02980de-72b7-4a99-a802-296f21296c04@group-58973242F5DF: set firstElectionSinceStartup to false for becomeLeader
2024-09-10 16:46:35,222 [b02980de-72b7-4a99-a802-296f21296c04@group-58973242F5DF-LeaderElection57] INFO  ratis.XceiverServerRatis (XceiverServerRatis.java:handleLeaderChangedNotification(950)) - Leader change notification received for group: group-58973242F5DF with new leaderId: b02980de-72b7-4a99-a802-296f21296c04
2024-09-10 16:46:35,222 [b02980de-72b7-4a99-a802-296f21296c04@group-58973242F5DF-LeaderElection57] INFO  server.RaftServer$Division (ServerState.java:setLeader(272)) - b02980de-72b7-4a99-a802-296f21296c04@group-58973242F5DF: change Leader from null to b02980de-72b7-4a99-a802-296f21296c04 at term 1 for becomeLeader, leader elected after 5179ms
2024-09-10 16:46:35,222 [b02980de-72b7-4a99-a802-296f21296c04@group-58973242F5DF-LeaderElection57] INFO  segmented.SegmentedRaftLogWorker (SegmentedRaftLogWorker.java:startLogSegment(433)) - b02980de-72b7-4a99-a802-296f21296c04@group-58973242F5DF-SegmentedRaftLogWorker: Starting segment from index:0
2024-09-10 16:46:35,222 [b02980de-72b7-4a99-a802-296f21296c04@group-58973242F5DF-LeaderElection57] INFO  server.RaftServer$Division (ServerState.java:setRaftConf(386)) - b02980de-72b7-4a99-a802-296f21296c04@group-58973242F5DF: set configuration conf: {index: 0, cur=peers:[b02980de-72b7-4a99-a802-296f21296c04|127.0.0.1:15207]|listeners:[], old=null}
2024-09-10 16:46:35,224 [b02980de-72b7-4a99-a802-296f21296c04@group-58973242F5DF-SegmentedRaftLogWorker] INFO  segmented.BufferedWriteChannel (BufferedWriteChannel.java:open(61)) - open log_inprogress_0 at position 0
2024-09-10 16:46:35,233 [b02980de-72b7-4a99-a802-296f21296c04@group-58973242F5DF-SegmentedRaftLogWorker] INFO  segmented.SegmentedRaftLogWorker (SegmentedRaftLogWorker.java:execute(637)) - b02980de-72b7-4a99-a802-296f21296c04@group-58973242F5DF-SegmentedRaftLogWorker: created new log segment /home/runner/work/ozone/ozone/hadoop-ozone/integration-test/target/test-dir/MiniOzoneClusterImpl-4ea98613-7ec2-40e8-bdf5-64593f2fdf96/ozone-meta/datanode-5/ratis/2b7e01a2-3953-4eaf-b082-58973242f5df/current/log_inprogress_0
2024-09-10 16:46:35,235 [b02980de-72b7-4a99-a802-296f21296c04@group-58973242F5DF-StateMachineUpdater] INFO  server.RaftServer$Division (LeaderStateImpl.java:checkStartIndex(316)) - Leader b02980de-72b7-4a99-a802-296f21296c04@group-58973242F5DF-LeaderStateImpl is ready since appliedIndex == startIndex == 0
2024-09-10 16:46:35,344 [e5502358-b128-4a46-b87d-f44ed006f965-impl-thread3] INFO  segmented.SegmentedRaftLogWorker (SegmentedRaftLogWorker.java:close(248)) - e5502358-b128-4a46-b87d-f44ed006f965@group-F68757ADEE15-SegmentedRaftLogWorker close()
2024-09-10 16:46:35,344 [e5502358-b128-4a46-b87d-f44ed006f965-impl-thread3] INFO  ratis.ContainerStateMachine (ContainerStateMachine.java:notifyServerShutdown(956)) - group-F68757ADEE15 is closed by HddsDatanodeService
2024-09-10 16:46:35,360 [e5502358-b128-4a46-b87d-f44ed006f965-impl-thread4] INFO  segmented.SegmentedRaftLogWorker (SegmentedRaftLogWorker.java:close(248)) - e5502358-b128-4a46-b87d-f44ed006f965@group-BD59E781AD1C-SegmentedRaftLogWorker close()
2024-09-10 16:46:35,360 [e5502358-b128-4a46-b87d-f44ed006f965-impl-thread4] INFO  ratis.ContainerStateMachine (ContainerStateMachine.java:notifyServerShutdown(956)) - group-BD59E781AD1C is closed by HddsDatanodeService
2024-09-10 16:46:35,491 [e5502358-b128-4a46-b87d-f44ed006f965-impl-thread1] INFO  segmented.SegmentedRaftLogWorker (SegmentedRaftLogWorker.java:close(248)) - e5502358-b128-4a46-b87d-f44ed006f965@group-C733A4596614-SegmentedRaftLogWorker close()
2024-09-10 16:46:35,491 [e5502358-b128-4a46-b87d-f44ed006f965-impl-thread1] INFO  ratis.ContainerStateMachine (ContainerStateMachine.java:notifyServerShutdown(956)) - group-C733A4596614 is closed by HddsDatanodeService
2024-09-10 16:46:36,131 [e5502358-b128-4a46-b87d-f44ed006f965-impl-thread2] INFO  segmented.SegmentedRaftLogWorker (SegmentedRaftLogWorker.java:close(248)) - e5502358-b128-4a46-b87d-f44ed006f965@group-A76AAD3EA5B0-SegmentedRaftLogWorker close()
2024-09-10 16:46:36,131 [e5502358-b128-4a46-b87d-f44ed006f965-impl-thread2] INFO  ratis.ContainerStateMachine (ContainerStateMachine.java:notifyServerShutdown(956)) - group-A76AAD3EA5B0 is closed by HddsDatanodeService
2024-09-10 16:46:36,131 [JvmPauseMonitor23] INFO  util.JvmPauseMonitor (JvmPauseMonitor.java:run(152)) - JvmPauseMonitor-e5502358-b128-4a46-b87d-f44ed006f965: Stopped
2024-09-10 16:46:38,134 [main] INFO  utils.DatanodeStoreCache (DatanodeStoreCache.java:shutdownCache(116)) - Skip clearing cache in mini cluster mode. Entries left: [/home/runner/work/ozone/ozone/hadoop-ozone/integration-test/target/test-dir/MiniOzoneClusterImpl-4ea98613-7ec2-40e8-bdf5-64593f2fdf96/ozone-meta/datanode-1/data-0/hdds/4ea98613-7ec2-40e8-bdf5-64593f2fdf96/DS-43fa935b-a4f9-4809-accb-fd45f2307b5f/container.db, /home/runner/work/ozone/ozone/hadoop-ozone/integration-test/target/test-dir/MiniOzoneClusterImpl-4ea98613-7ec2-40e8-bdf5-64593f2fdf96/ozone-meta/datanode-2/data-0/hdds/4ea98613-7ec2-40e8-bdf5-64593f2fdf96/DS-252248ec-5af4-40b1-a99b-312c160e1ebd/container.db, /home/runner/work/ozone/ozone/hadoop-ozone/integration-test/target/test-dir/MiniOzoneClusterImpl-4ea98613-7ec2-40e8-bdf5-64593f2fdf96/ozone-meta/datanode-3/data-0/hdds/4ea98613-7ec2-40e8-bdf5-64593f2fdf96/DS-ef7ff716-8888-4ef0-9bf3-80ced1797c12/container.db, /home/runner/work/ozone/ozone/hadoop-ozone/integration-test/target/test-dir/MiniOzoneClusterImpl-4ea98613-7ec2-40e8-bdf5-64593f2fdf96/ozone-meta/datanode-4/data-0/hdds/4ea98613-7ec2-40e8-bdf5-64593f2fdf96/DS-94c6076b-6cdd-4a2b-a89c-cc35a629c6a3/container.db, /home/runner/work/ozone/ozone/hadoop-ozone/integration-test/target/test-dir/MiniOzoneClusterImpl-4ea98613-7ec2-40e8-bdf5-64593f2fdf96/ozone-meta/datanode-5/data-0/hdds/4ea98613-7ec2-40e8-bdf5-64593f2fdf96/DS-140e863a-d1b8-4ca2-a0f1-c2e16b58400c/container.db]
2024-09-10 16:46:38,135 [main] INFO  utils.DatanodeStoreCache (DatanodeStoreCache.java:removeDB(110)) - Removed db /home/runner/work/ozone/ozone/hadoop-ozone/integration-test/target/test-dir/MiniOzoneClusterImpl-4ea98613-7ec2-40e8-bdf5-64593f2fdf96/ozone-meta/datanode-1/data-0/hdds/4ea98613-7ec2-40e8-bdf5-64593f2fdf96/DS-43fa935b-a4f9-4809-accb-fd45f2307b5f/container.db from cache
2024-09-10 16:46:38,135 [main] INFO  volume.HddsVolume (HddsVolume.java:closeDbStore(462)) - SchemaV3 db is stopped at /home/runner/work/ozone/ozone/hadoop-ozone/integration-test/target/test-dir/MiniOzoneClusterImpl-4ea98613-7ec2-40e8-bdf5-64593f2fdf96/ozone-meta/datanode-1/data-0/hdds/4ea98613-7ec2-40e8-bdf5-64593f2fdf96/DS-43fa935b-a4f9-4809-accb-fd45f2307b5f/container.db for volume DS-43fa935b-a4f9-4809-accb-fd45f2307b5f
2024-09-10 16:46:38,136 [main] INFO  utils.BackgroundService (BackgroundService.java:shutdown(163)) - Shutting down service BlockDeletingService
2024-09-10 16:46:38,136 [main] INFO  utils.BackgroundService (BackgroundService.java:shutdown(163)) - Shutting down service StaleRecoveringContainerScrubbingService
2024-09-10 16:46:38,137 [main] INFO  statemachine.DatanodeStateMachine (DatanodeStateMachine.java:stopDaemon(626)) - Ozone container server stopped.
2024-09-10 16:46:38,149 [main] INFO  handler.ContextHandler (ContextHandler.java:doStop(1159)) - Stopped o.e.j.w.WebAppContext@36cba188{hddsDatanode,/,null,STOPPED}{jar:file:/home/runner/work/ozone/ozone/hadoop-hdds/container-service/target/hdds-container-service-1.5.0-SNAPSHOT.jar!/webapps/hddsDatanode}
2024-09-10 16:46:38,150 [main] INFO  server.AbstractConnector (AbstractConnector.java:doStop(383)) - Stopped ServerConnector@5d8be063{HTTP/1.1, (http/1.1)}{0.0.0.0:15168}
2024-09-10 16:46:38,150 [main] INFO  server.session (HouseKeeper.java:stopScavenging(149)) - node0 Stopped scavenging
2024-09-10 16:46:38,150 [main] INFO  handler.ContextHandler (ContextHandler.java:doStop(1159)) - Stopped o.e.j.s.ServletContextHandler@2568bffc{static,/static,jar:file:/home/runner/work/ozone/ozone/hadoop-hdds/container-service/target/hdds-container-service-1.5.0-SNAPSHOT.jar!/webapps/static,STOPPED}
2024-09-10 16:46:38,150 [main] INFO  handler.ContextHandler (ContextHandler.java:doStop(1159)) - Stopped o.e.j.s.ServletContextHandler@6bd10b84{logs,/logs,file:///home/runner/work/ozone/ozone/hadoop-ozone/integration-test/target/log,STOPPED}
2024-09-10 16:46:38,151 [main] INFO  ozone.HddsDatanodeClientProtocolServer (HddsDatanodeClientProtocolServer.java:stop(85)) - Stopping the RPC server for Client Protocol
2024-09-10 16:46:38,151 [main] INFO  ipc.Server (Server.java:stop(3523)) - Stopping server on 15169
2024-09-10 16:46:38,154 [IPC Server listener on 15169] INFO  ipc.Server (Server.java:run(1434)) - Stopping IPC Server listener on 15169
2024-09-10 16:46:38,154 [IPC Server Responder] INFO  ipc.Server (Server.java:run(1567)) - Stopping IPC Server Responder
2024-09-10 16:46:38,155 [main] INFO  ozoneimpl.OzoneContainer (OzoneContainer.java:stop(497)) - Attempting to stop container services.
2024-09-10 16:46:38,155 [ContainerMetadataScanner] WARN  ozoneimpl.AbstractBackgroundContainerScanner (AbstractBackgroundContainerScanner.java:handleRemainingSleep(134)) - Background container scan was interrupted.
2024-09-10 16:46:38,155 [ContainerMetadataScanner] INFO  ozoneimpl.AbstractBackgroundContainerScanner (AbstractBackgroundContainerScanner.java:run(61)) - Thread[ContainerMetadataScanner,5,main] exiting.
2024-09-10 16:46:38,156 [main] INFO  ozoneimpl.BackgroundContainerDataScanner (BackgroundContainerDataScanner.java:shutdown(141)) - ContainerDataScanner(/home/runner/work/ozone/ozone/hadoop-ozone/integration-test/target/test-dir/MiniOzoneClusterImpl-4ea98613-7ec2-40e8-bdf5-64593f2fdf96/ozone-meta/datanode-2/data-0/hdds) is shutting down. 
2024-09-10 16:46:38,156 [ContainerDataScanner(/home/runner/work/ozone/ozone/hadoop-ozone/integration-test/target/test-dir/MiniOzoneClusterImpl-4ea98613-7ec2-40e8-bdf5-64593f2fdf96/ozone-meta/datanode-2/data-0/hdds)] WARN  ozoneimpl.AbstractBackgroundContainerScanner (AbstractBackgroundContainerScanner.java:handleRemainingSleep(134)) - Background container scan was interrupted.
2024-09-10 16:46:38,156 [ContainerDataScanner(/home/runner/work/ozone/ozone/hadoop-ozone/integration-test/target/test-dir/MiniOzoneClusterImpl-4ea98613-7ec2-40e8-bdf5-64593f2fdf96/ozone-meta/datanode-2/data-0/hdds)] INFO  ozoneimpl.AbstractBackgroundContainerScanner (AbstractBackgroundContainerScanner.java:run(61)) - ContainerDataScanner(/home/runner/work/ozone/ozone/hadoop-ozone/integration-test/target/test-dir/MiniOzoneClusterImpl-4ea98613-7ec2-40e8-bdf5-64593f2fdf96/ozone-meta/datanode-2/data-0/hdds, DS-252248ec-5af4-40b1-a99b-312c160e1ebd) exiting.
2024-09-10 16:46:38,156 [main] INFO  ratis.XceiverServerRatis (XceiverServerRatis.java:stop(596)) - Stopping XceiverServerRatis 2330440b-2504-4263-b461-07f8c416a88f
2024-09-10 16:46:38,156 [main] INFO  server.RaftServer (RaftServerProxy.java:lambda$close$9(418)) - 2330440b-2504-4263-b461-07f8c416a88f: close
2024-09-10 16:46:38,156 [2330440b-2504-4263-b461-07f8c416a88f-impl-thread1] INFO  server.RaftServer$Division (RaftServerImpl.java:lambda$close$1(501)) - 2330440b-2504-4263-b461-07f8c416a88f@group-C733A4596614: shutdown
2024-09-10 16:46:38,156 [2330440b-2504-4263-b461-07f8c416a88f-impl-thread1] INFO  util.JmxRegister (JmxRegister.java:unregister(74)) - Successfully un-registered JMX Bean with object name Ratis:service=RaftServer,group=group-C733A4596614,id=2330440b-2504-4263-b461-07f8c416a88f
2024-09-10 16:46:38,156 [2330440b-2504-4263-b461-07f8c416a88f-impl-thread1] INFO  impl.RoleInfo (RoleInfo.java:shutdownLeaderState(103)) - 2330440b-2504-4263-b461-07f8c416a88f: shutdown 2330440b-2504-4263-b461-07f8c416a88f@group-C733A4596614-LeaderStateImpl
2024-09-10 16:46:38,157 [2330440b-2504-4263-b461-07f8c416a88f-impl-thread2] INFO  server.RaftServer$Division (RaftServerImpl.java:lambda$close$1(501)) - 2330440b-2504-4263-b461-07f8c416a88f@group-B172C2EB6515: shutdown
2024-09-10 16:46:38,157 [2330440b-2504-4263-b461-07f8c416a88f-impl-thread2] INFO  util.JmxRegister (JmxRegister.java:unregister(74)) - Successfully un-registered JMX Bean with object name Ratis:service=RaftServer,group=group-B172C2EB6515,id=2330440b-2504-4263-b461-07f8c416a88f
2024-09-10 16:46:38,157 [2330440b-2504-4263-b461-07f8c416a88f-impl-thread2] INFO  impl.RoleInfo (RoleInfo.java:shutdownLeaderState(103)) - 2330440b-2504-4263-b461-07f8c416a88f: shutdown 2330440b-2504-4263-b461-07f8c416a88f@group-B172C2EB6515-LeaderStateImpl
2024-09-10 16:46:38,157 [2330440b-2504-4263-b461-07f8c416a88f-impl-thread2] INFO  impl.PendingRequests (PendingRequests.java:sendNotLeaderResponses(287)) - 2330440b-2504-4263-b461-07f8c416a88f@group-B172C2EB6515-PendingRequests: sendNotLeaderResponses
2024-09-10 16:46:38,157 [2330440b-2504-4263-b461-07f8c416a88f@group-C733A4596614->f49a985e-efe9-405d-8922-13d0c1bb1d78-GrpcLogAppender-LogAppenderDaemon] WARN  server.GrpcLogAppender (GrpcLogAppender.java:mayWait(293)) - 2330440b-2504-4263-b461-07f8c416a88f@group-C733A4596614->f49a985e-efe9-405d-8922-13d0c1bb1d78-GrpcLogAppender: Wait interrupted by java.lang.InterruptedException
2024-09-10 16:46:38,157 [grpc-default-executor-1] INFO  server.GrpcServerProtocolService (GrpcServerProtocolService.java:onCompleted(157)) - f49a985e-efe9-405d-8922-13d0c1bb1d78: Completed APPEND_ENTRIES, lastRequest: null
2024-09-10 16:46:38,157 [2330440b-2504-4263-b461-07f8c416a88f-impl-thread2] INFO  impl.StateMachineUpdater (StateMachineUpdater.java:stopAndJoin(164)) - 2330440b-2504-4263-b461-07f8c416a88f@group-B172C2EB6515-StateMachineUpdater: set stopIndex = 0
2024-09-10 16:46:38,157 [2330440b-2504-4263-b461-07f8c416a88f@group-B172C2EB6515-StateMachineUpdater] INFO  ratis.ContainerStateMachine (ContainerStateMachine.java:takeSnapshot(363)) - group-B172C2EB6515: Taking a snapshot at:(t:1, i:0) file /home/runner/work/ozone/ozone/hadoop-ozone/integration-test/target/test-dir/MiniOzoneClusterImpl-4ea98613-7ec2-40e8-bdf5-64593f2fdf96/ozone-meta/datanode-2/ratis/f898d4e5-ee40-457b-b42b-b172c2eb6515/sm/snapshot.1_0
2024-09-10 16:46:38,157 [grpc-default-executor-1] INFO  server.GrpcServerProtocolService (GrpcServerProtocolService.java:lambda$onCompleted$5(159)) - f49a985e-efe9-405d-8922-13d0c1bb1d78: Completed APPEND_ENTRIES, lastReply: serverReply {
  requestorId: "2330440b-2504-4263-b461-07f8c416a88f"
  replyId: "f49a985e-efe9-405d-8922-13d0c1bb1d78"
  raftGroupId {
    id: "A\272\304wF4C\333\234\215\3073\244Yf\024"
  }
  callId: 5
  success: true
}
term: 1
nextIndex: 1
matchIndex: 18446744073709551615
isHearbeat: true

2024-09-10 16:46:38,158 [2330440b-2504-4263-b461-07f8c416a88f-impl-thread3] INFO  server.RaftServer$Division (RaftServerImpl.java:lambda$close$1(501)) - 2330440b-2504-4263-b461-07f8c416a88f@group-A76AAD3EA5B0: shutdown
2024-09-10 16:46:38,158 [2330440b-2504-4263-b461-07f8c416a88f-impl-thread3] INFO  util.JmxRegister (JmxRegister.java:unregister(74)) - Successfully un-registered JMX Bean with object name Ratis:service=RaftServer,group=group-A76AAD3EA5B0,id=2330440b-2504-4263-b461-07f8c416a88f
2024-09-10 16:46:38,158 [2330440b-2504-4263-b461-07f8c416a88f-impl-thread3] INFO  impl.RoleInfo (RoleInfo.java:shutdownFollowerState(119)) - 2330440b-2504-4263-b461-07f8c416a88f: shutdown 2330440b-2504-4263-b461-07f8c416a88f@group-A76AAD3EA5B0-FollowerState
2024-09-10 16:46:38,158 [2330440b-2504-4263-b461-07f8c416a88f-impl-thread3] INFO  impl.StateMachineUpdater (StateMachineUpdater.java:stopAndJoin(164)) - 2330440b-2504-4263-b461-07f8c416a88f@group-A76AAD3EA5B0-StateMachineUpdater: set stopIndex = 15
2024-09-10 16:46:38,158 [main] INFO  server.GrpcService (GrpcService.java:closeImpl(311)) - 2330440b-2504-4263-b461-07f8c416a88f: shutdown server GrpcServerProtocolService now
2024-09-10 16:46:38,158 [grpc-default-executor-4] INFO  server.GrpcServerProtocolService (GrpcServerProtocolService.java:onCompleted(157)) - f49a985e-efe9-405d-8922-13d0c1bb1d78: Completed APPEND_ENTRIES, lastRequest: 2330440b-2504-4263-b461-07f8c416a88f->f49a985e-efe9-405d-8922-13d0c1bb1d78#1-t1,previous=(t:0, i:0),leaderCommit=-1,initializing? false,entries: size=1, first=(t:1, i:0), CONFIGURATIONENTRY(current:id:"2330440b-2504-4263-b461-07f8c416a88f"address:"127.0.0.1:15180"priority:1dataStreamAddress:"127.0.0.1:15183"clientAddress:"127.0.0.1:15180"adminAddress:"127.0.0.1:15180"startupRole:FOLLOWER, id:"f49a985e-efe9-405d-8922-13d0c1bb1d78"address:"127.0.0.1:15189"dataStreamAddress:"127.0.0.1:15192"clientAddress:"127.0.0.1:15189"adminAddress:"127.0.0.1:15189"startupRole:FOLLOWER, id:"e5502358-b128-4a46-b87d-f44ed006f965"address:"127.0.0.1:15171"dataStreamAddress:"127.0.0.1:15174"clientAddress:"127.0.0.1:15171"adminAddress:"127.0.0.1:15171"startupRole:FOLLOWER, old:)
2024-09-10 16:46:38,157 [2330440b-2504-4263-b461-07f8c416a88f-impl-thread1] INFO  impl.PendingRequests (PendingRequests.java:sendNotLeaderResponses(287)) - 2330440b-2504-4263-b461-07f8c416a88f@group-C733A4596614-PendingRequests: sendNotLeaderResponses
2024-09-10 16:46:38,158 [2330440b-2504-4263-b461-07f8c416a88f@group-A76AAD3EA5B0-FollowerState] INFO  impl.FollowerState (FollowerState.java:run(153)) - 2330440b-2504-4263-b461-07f8c416a88f@group-A76AAD3EA5B0-FollowerState was interrupted
2024-09-10 16:46:38,157 [2330440b-2504-4263-b461-07f8c416a88f@group-C733A4596614->e5502358-b128-4a46-b87d-f44ed006f965-GrpcLogAppender-LogAppenderDaemon] WARN  server.GrpcLogAppender (GrpcLogAppender.java:mayWait(293)) - 2330440b-2504-4263-b461-07f8c416a88f@group-C733A4596614->e5502358-b128-4a46-b87d-f44ed006f965-GrpcLogAppender: Wait interrupted by java.lang.InterruptedException
2024-09-10 16:46:38,159 [2330440b-2504-4263-b461-07f8c416a88f@group-B172C2EB6515-StateMachineUpdater] INFO  ratis.ContainerStateMachine (ContainerStateMachine.java:takeSnapshot(374)) - group-B172C2EB6515: Finished taking a snapshot at:(t:1, i:0) file:/home/runner/work/ozone/ozone/hadoop-ozone/integration-test/target/test-dir/MiniOzoneClusterImpl-4ea98613-7ec2-40e8-bdf5-64593f2fdf96/ozone-meta/datanode-2/ratis/f898d4e5-ee40-457b-b42b-b172c2eb6515/sm/snapshot.1_0 took: 2 ms
2024-09-10 16:46:38,159 [grpc-default-executor-2] WARN  server.GrpcServerProtocolService (LogUtils.java:warn(121)) - 2330440b-2504-4263-b461-07f8c416a88f: APPEND_ENTRIES onError, lastRequest: f49a985e-efe9-405d-8922-13d0c1bb1d78->2330440b-2504-4263-b461-07f8c416a88f#28-t1,previous=(t:1, i:14),leaderCommit=13,initializing? false,entries: size=1, first=(t:1, i:15), METADATAENTRY(c:13): org.apache.ratis.thirdparty.io.grpc.StatusRuntimeException: CANCELLED: client cancelled
2024-09-10 16:46:38,159 [2330440b-2504-4263-b461-07f8c416a88f@group-C733A4596614-StateMachineUpdater] INFO  ratis.ContainerStateMachine (ContainerStateMachine.java:takeSnapshot(363)) - group-C733A4596614: Taking a snapshot at:(t:1, i:0) file /home/runner/work/ozone/ozone/hadoop-ozone/integration-test/target/test-dir/MiniOzoneClusterImpl-4ea98613-7ec2-40e8-bdf5-64593f2fdf96/ozone-meta/datanode-2/ratis/41bac477-4634-43db-9c8d-c733a4596614/sm/snapshot.1_0
2024-09-10 16:46:38,159 [grpc-default-executor-3] WARN  server.GrpcServerProtocolService (LogUtils.java:warn(121)) - 2330440b-2504-4263-b461-07f8c416a88f: APPEND_ENTRIES onError, lastRequest: null: org.apache.ratis.thirdparty.io.grpc.StatusRuntimeException: CANCELLED: client cancelled
2024-09-10 16:46:38,160 [grpc-default-executor-1] INFO  server.GrpcLogAppender (GrpcLogAppender.java:onCompleted(550)) - 2330440b-2504-4263-b461-07f8c416a88f@group-C733A4596614->f49a985e-efe9-405d-8922-13d0c1bb1d78-AppendLogResponseHandler: follower responses appendEntries COMPLETED
2024-09-10 16:46:38,158 [2330440b-2504-4263-b461-07f8c416a88f-impl-thread4] INFO  server.RaftServer$Division (RaftServerImpl.java:lambda$close$1(501)) - 2330440b-2504-4263-b461-07f8c416a88f@group-BD59E781AD1C: shutdown
2024-09-10 16:46:38,158 [grpc-default-executor-4] INFO  server.GrpcServerProtocolService (GrpcServerProtocolService.java:lambda$onCompleted$5(159)) - f49a985e-efe9-405d-8922-13d0c1bb1d78: Completed APPEND_ENTRIES, lastReply: null
2024-09-10 16:46:38,160 [2330440b-2504-4263-b461-07f8c416a88f-impl-thread4] INFO  util.JmxRegister (JmxRegister.java:unregister(74)) - Successfully un-registered JMX Bean with object name Ratis:service=RaftServer,group=group-BD59E781AD1C,id=2330440b-2504-4263-b461-07f8c416a88f
2024-09-10 16:46:38,160 [2330440b-2504-4263-b461-07f8c416a88f@group-C733A4596614-StateMachineUpdater] INFO  ratis.ContainerStateMachine (ContainerStateMachine.java:takeSnapshot(374)) - group-C733A4596614: Finished taking a snapshot at:(t:1, i:0) file:/home/runner/work/ozone/ozone/hadoop-ozone/integration-test/target/test-dir/MiniOzoneClusterImpl-4ea98613-7ec2-40e8-bdf5-64593f2fdf96/ozone-meta/datanode-2/ratis/41bac477-4634-43db-9c8d-c733a4596614/sm/snapshot.1_0 took: 1 ms
2024-09-10 16:46:38,160 [2330440b-2504-4263-b461-07f8c416a88f@group-C733A4596614-StateMachineUpdater] INFO  impl.StateMachineUpdater (StateMachineUpdater.java:takeSnapshot(303)) - 2330440b-2504-4263-b461-07f8c416a88f@group-C733A4596614-StateMachineUpdater: Took a snapshot at index 0
2024-09-10 16:46:38,160 [2330440b-2504-4263-b461-07f8c416a88f@group-C733A4596614-StateMachineUpdater] INFO  impl.StateMachineUpdater (StateMachineUpdater.java:lambda$new$0(102)) - 2330440b-2504-4263-b461-07f8c416a88f@group-C733A4596614-StateMachineUpdater: snapshotIndex: updateIncreasingly -1 -> 0
2024-09-10 16:46:38,160 [2330440b-2504-4263-b461-07f8c416a88f@group-C733A4596614-StateMachineUpdater] INFO  impl.StateMachineUpdater (StateMachineUpdater.java:stop(141)) - 2330440b-2504-4263-b461-07f8c416a88f@group-C733A4596614-StateMachineUpdater: closing ContainerStateMachine, lastApplied=(t:1, i:0)
2024-09-10 16:46:38,160 [Thread-3957] INFO  server.GrpcServerProtocolClient (GrpcServerProtocolClient.java:close(103)) - f49a985e-efe9-405d-8922-13d0c1bb1d78 Close channels
2024-09-10 16:46:38,158 [2330440b-2504-4263-b461-07f8c416a88f@group-A76AAD3EA5B0-StateMachineUpdater] INFO  ratis.ContainerStateMachine (ContainerStateMachine.java:takeSnapshot(363)) - group-A76AAD3EA5B0: Taking a snapshot at:(t:1, i:15) file /home/runner/work/ozone/ozone/hadoop-ozone/integration-test/target/test-dir/MiniOzoneClusterImpl-4ea98613-7ec2-40e8-bdf5-64593f2fdf96/ozone-meta/datanode-2/ratis/7646dd5a-ad1c-44c3-ab45-a76aad3ea5b0/sm/snapshot.1_15
2024-09-10 16:46:38,161 [grpc-default-executor-4] INFO  server.GrpcLogAppender (GrpcLogAppender.java:onCompleted(550)) - 2330440b-2504-4263-b461-07f8c416a88f@group-C733A4596614->f49a985e-efe9-405d-8922-13d0c1bb1d78-AppendLogResponseHandler: follower responses appendEntries COMPLETED
2024-09-10 16:46:38,161 [grpc-default-executor-4] WARN  server.GrpcLogAppender (GrpcLogAppender.java:resetClient(230)) - 2330440b-2504-4263-b461-07f8c416a88f@group-C733A4596614->f49a985e-efe9-405d-8922-13d0c1bb1d78-GrpcLogAppender: Failed to getClient for f49a985e-efe9-405d-8922-13d0c1bb1d78
org.apache.ratis.protocol.exceptions.AlreadyClosedException: 2330440b-2504-4263-b461-07f8c416a88f is already CLOSED
	at org.apache.ratis.util.PeerProxyMap$PeerAndProxy.getProxy(PeerProxyMap.java:67)
	at org.apache.ratis.util.PeerProxyMap.getProxy(PeerProxyMap.java:124)
	at org.apache.ratis.grpc.server.GrpcLogAppender.getClient(GrpcLogAppender.java:200)
	at org.apache.ratis.grpc.server.GrpcLogAppender.resetClient(GrpcLogAppender.java:205)
	at org.apache.ratis.grpc.server.GrpcLogAppender.access$800(GrpcLogAppender.java:64)
	at org.apache.ratis.grpc.server.GrpcLogAppender$AppendLogResponseHandler.onCompleted(GrpcLogAppender.java:551)
	at org.apache.ratis.thirdparty.io.grpc.stub.ClientCalls$StreamObserverToCallListenerAdapter.onClose(ClientCalls.java:479)
	at org.apache.ratis.thirdparty.io.grpc.internal.ClientCallImpl.closeObserver(ClientCallImpl.java:567)
	at org.apache.ratis.thirdparty.io.grpc.internal.ClientCallImpl.access$300(ClientCallImpl.java:71)
	at org.apache.ratis.thirdparty.io.grpc.internal.ClientCallImpl$ClientStreamListenerImpl$1StreamClosed.runInternal(ClientCallImpl.java:735)
	at org.apache.ratis.thirdparty.io.grpc.internal.ClientCallImpl$ClientStreamListenerImpl$1StreamClosed.runInContext(ClientCallImpl.java:716)
	at org.apache.ratis.thirdparty.io.grpc.internal.ContextRunnable.run(ContextRunnable.java:37)
	at org.apache.ratis.thirdparty.io.grpc.internal.SerializingExecutor.run(SerializingExecutor.java:133)
	at java.base/java.util.concurrent.ThreadPoolExecutor.runWorker(ThreadPoolExecutor.java:1136)
	at java.base/java.util.concurrent.ThreadPoolExecutor$Worker.run(ThreadPoolExecutor.java:635)
	at java.base/java.lang.Thread.run(Thread.java:840)
2024-09-10 16:46:38,160 [2330440b-2504-4263-b461-07f8c416a88f-impl-thread4] INFO  impl.RoleInfo (RoleInfo.java:shutdownFollowerState(119)) - 2330440b-2504-4263-b461-07f8c416a88f: shutdown 2330440b-2504-4263-b461-07f8c416a88f@group-BD59E781AD1C-FollowerState
2024-09-10 16:46:38,161 [2330440b-2504-4263-b461-07f8c416a88f-impl-thread4] INFO  impl.StateMachineUpdater (StateMachineUpdater.java:stopAndJoin(164)) - 2330440b-2504-4263-b461-07f8c416a88f@group-BD59E781AD1C-StateMachineUpdater: set stopIndex = -1
2024-09-10 16:46:38,161 [2330440b-2504-4263-b461-07f8c416a88f@group-BD59E781AD1C-StateMachineUpdater] INFO  impl.StateMachineUpdater (StateMachineUpdater.java:stop(141)) - 2330440b-2504-4263-b461-07f8c416a88f@group-BD59E781AD1C-StateMachineUpdater: closing ContainerStateMachine, lastApplied=(t:0, i:~)
2024-09-10 16:46:38,159 [grpc-default-executor-2] WARN  server.GrpcLogAppender (LogUtils.java:warn(121)) - f49a985e-efe9-405d-8922-13d0c1bb1d78@group-A76AAD3EA5B0->2330440b-2504-4263-b461-07f8c416a88f-AppendLogResponseHandler: Failed appendEntries: org.apache.ratis.thirdparty.io.grpc.StatusRuntimeException: CANCELLED: RST_STREAM closed stream. HTTP/2 error code: CANCEL
2024-09-10 16:46:38,162 [2330440b-2504-4263-b461-07f8c416a88f@group-BD59E781AD1C-cacheEviction-AwaitToRun] INFO  util.AwaitToRun (AwaitToRun.java:run(49)) - 2330440b-2504-4263-b461-07f8c416a88f@group-BD59E781AD1C-cacheEviction-AwaitToRun-AwaitForSignal is interrupted
2024-09-10 16:46:38,162 [Thread-3958] INFO  server.GrpcServerProtocolClient (GrpcServerProtocolClient.java:close(103)) - e5502358-b128-4a46-b87d-f44ed006f965 Close channels
2024-09-10 16:46:38,162 [main] INFO  server.GrpcService (GrpcService.java:closeImpl(320)) - 2330440b-2504-4263-b461-07f8c416a88f: shutdown server GrpcServerProtocolService successfully
2024-09-10 16:46:38,159 [2330440b-2504-4263-b461-07f8c416a88f@group-B172C2EB6515-StateMachineUpdater] INFO  impl.StateMachineUpdater (StateMachineUpdater.java:takeSnapshot(303)) - 2330440b-2504-4263-b461-07f8c416a88f@group-B172C2EB6515-StateMachineUpdater: Took a snapshot at index 0
2024-09-10 16:46:38,164 [2330440b-2504-4263-b461-07f8c416a88f@group-B172C2EB6515-StateMachineUpdater] INFO  impl.StateMachineUpdater (StateMachineUpdater.java:lambda$new$0(102)) - 2330440b-2504-4263-b461-07f8c416a88f@group-B172C2EB6515-StateMachineUpdater: snapshotIndex: updateIncreasingly -1 -> 0
2024-09-10 16:46:38,164 [2330440b-2504-4263-b461-07f8c416a88f@group-B172C2EB6515-StateMachineUpdater] INFO  impl.StateMachineUpdater (StateMachineUpdater.java:stop(141)) - 2330440b-2504-4263-b461-07f8c416a88f@group-B172C2EB6515-StateMachineUpdater: closing ContainerStateMachine, lastApplied=(t:1, i:0)
2024-09-10 16:46:38,164 [2330440b-2504-4263-b461-07f8c416a88f@group-B172C2EB6515-cacheEviction-AwaitToRun] INFO  util.AwaitToRun (AwaitToRun.java:run(49)) - 2330440b-2504-4263-b461-07f8c416a88f@group-B172C2EB6515-cacheEviction-AwaitToRun-AwaitForSignal is interrupted
2024-09-10 16:46:38,159 [2330440b-2504-4263-b461-07f8c416a88f-impl-thread1] INFO  impl.StateMachineUpdater (StateMachineUpdater.java:stopAndJoin(164)) - 2330440b-2504-4263-b461-07f8c416a88f@group-C733A4596614-StateMachineUpdater: set stopIndex = 0
2024-09-10 16:46:38,162 [2330440b-2504-4263-b461-07f8c416a88f@group-A76AAD3EA5B0-StateMachineUpdater] INFO  ratis.ContainerStateMachine (ContainerStateMachine.java:takeSnapshot(374)) - group-A76AAD3EA5B0: Finished taking a snapshot at:(t:1, i:15) file:/home/runner/work/ozone/ozone/hadoop-ozone/integration-test/target/test-dir/MiniOzoneClusterImpl-4ea98613-7ec2-40e8-bdf5-64593f2fdf96/ozone-meta/datanode-2/ratis/7646dd5a-ad1c-44c3-ab45-a76aad3ea5b0/sm/snapshot.1_15 took: 4 ms
2024-09-10 16:46:38,162 [grpc-default-executor-0] WARN  server.GrpcLogAppender (GrpcLogAppender.java:lambda$resetClient$1(221)) - f49a985e-efe9-405d-8922-13d0c1bb1d78@group-A76AAD3EA5B0->2330440b-2504-4263-b461-07f8c416a88f-GrpcLogAppender: Follower failed (request=null, errorCount=1); keep nextIndex (16) unchanged and retry.
2024-09-10 16:46:38,161 [2330440b-2504-4263-b461-07f8c416a88f@group-BD59E781AD1C-FollowerState] INFO  impl.FollowerState (FollowerState.java:run(153)) - 2330440b-2504-4263-b461-07f8c416a88f@group-BD59E781AD1C-FollowerState was interrupted
2024-09-10 16:46:38,164 [2330440b-2504-4263-b461-07f8c416a88f@group-C733A4596614-cacheEviction-AwaitToRun] INFO  util.AwaitToRun (AwaitToRun.java:run(49)) - 2330440b-2504-4263-b461-07f8c416a88f@group-C733A4596614-cacheEviction-AwaitToRun-AwaitForSignal is interrupted
2024-09-10 16:46:38,164 [2330440b-2504-4263-b461-07f8c416a88f@group-A76AAD3EA5B0-StateMachineUpdater] INFO  impl.StateMachineUpdater (StateMachineUpdater.java:takeSnapshot(303)) - 2330440b-2504-4263-b461-07f8c416a88f@group-A76AAD3EA5B0-StateMachineUpdater: Took a snapshot at index 15
2024-09-10 16:46:38,165 [2330440b-2504-4263-b461-07f8c416a88f@group-A76AAD3EA5B0-StateMachineUpdater] INFO  impl.StateMachineUpdater (StateMachineUpdater.java:lambda$new$0(102)) - 2330440b-2504-4263-b461-07f8c416a88f@group-A76AAD3EA5B0-StateMachineUpdater: snapshotIndex: updateIncreasingly -1 -> 15
2024-09-10 16:46:38,165 [2330440b-2504-4263-b461-07f8c416a88f@group-A76AAD3EA5B0-StateMachineUpdater] INFO  impl.StateMachineUpdater (StateMachineUpdater.java:stop(141)) - 2330440b-2504-4263-b461-07f8c416a88f@group-A76AAD3EA5B0-StateMachineUpdater: closing ContainerStateMachine, lastApplied=(t:1, i:15)
2024-09-10 16:46:38,165 [2330440b-2504-4263-b461-07f8c416a88f@group-A76AAD3EA5B0-cacheEviction-AwaitToRun] INFO  util.AwaitToRun (AwaitToRun.java:run(49)) - 2330440b-2504-4263-b461-07f8c416a88f@group-A76AAD3EA5B0-cacheEviction-AwaitToRun-AwaitForSignal is interrupted
2024-09-10 16:46:38,168 [2330440b-2504-4263-b461-07f8c416a88f-NettyServerStreamRpc-bossGroup--thread1] INFO  logging.LoggingHandler (AbstractInternalLogger.java:log(148)) - [id: 0x577a8e85, L:/0.0.0.0:15183] CLOSE
2024-09-10 16:46:38,168 [2330440b-2504-4263-b461-07f8c416a88f-NettyServerStreamRpc-bossGroup--thread1] INFO  logging.LoggingHandler (AbstractInternalLogger.java:log(148)) - [id: 0x577a8e85, L:/0.0.0.0:15183] INACTIVE
2024-09-10 16:46:38,168 [2330440b-2504-4263-b461-07f8c416a88f-NettyServerStreamRpc-bossGroup--thread1] INFO  logging.LoggingHandler (AbstractInternalLogger.java:log(148)) - [id: 0x577a8e85, L:/0.0.0.0:15183] UNREGISTERED
2024-09-10 16:46:38,189 [EventQueue-StaleNodeForStaleNodeHandler] INFO  node.StaleNodeHandler (StaleNodeHandler.java:onMessage(57)) - Datanode e5502358-b128-4a46-b87d-f44ed006f965(localhost/127.0.0.1) moved to stale state. Finalizing its pipelines [PipelineID=41bac477-4634-43db-9c8d-c733a4596614, PipelineID=7646dd5a-ad1c-44c3-ab45-a76aad3ea5b0, PipelineID=fd2ec4e1-122d-4f69-9097-f68757adee15, PipelineID=998c03c0-f7d5-40e6-a397-bd59e781ad1c]
2024-09-10 16:46:38,190 [EventQueue-StaleNodeForStaleNodeHandler] INFO  pipeline.PipelineManagerImpl (PipelineManagerImpl.java:closePipeline(518)) - Pipeline PipelineID=41bac477-4634-43db-9c8d-c733a4596614 moved to CLOSED state
2024-09-10 16:46:38,190 [EventQueue-StaleNodeForStaleNodeHandler] INFO  pipeline.PipelineManagerImpl (PipelineManagerImpl.java:closeContainersForPipeline(484)) - Container #1 closed for pipeline=PipelineID=7646dd5a-ad1c-44c3-ab45-a76aad3ea5b0
2024-09-10 16:46:38,190 [EventQueue-CloseContainerForCloseContainerEventHandler] INFO  container.CloseContainerEventHandler (CloseContainerEventHandler.java:onMessage(88)) - Close container Event triggered for container : #1, current state: CLOSING
2024-09-10 16:46:38,191 [EventQueue-StaleNodeForStaleNodeHandler] INFO  pipeline.PipelineManagerImpl (PipelineManagerImpl.java:closePipeline(518)) - Pipeline PipelineID=7646dd5a-ad1c-44c3-ab45-a76aad3ea5b0 moved to CLOSED state
2024-09-10 16:46:38,191 [EventQueue-StaleNodeForStaleNodeHandler] INFO  pipeline.PipelineManagerImpl (PipelineManagerImpl.java:closePipeline(518)) - Pipeline PipelineID=fd2ec4e1-122d-4f69-9097-f68757adee15 moved to CLOSED state
2024-09-10 16:46:38,192 [EventQueue-StaleNodeForStaleNodeHandler] INFO  pipeline.PipelineManagerImpl (PipelineManagerImpl.java:closePipeline(518)) - Pipeline PipelineID=998c03c0-f7d5-40e6-a397-bd59e781ad1c moved to CLOSED state
2024-09-10 16:46:38,386 [2330440b-2504-4263-b461-07f8c416a88f-impl-thread4] INFO  segmented.SegmentedRaftLogWorker (SegmentedRaftLogWorker.java:close(248)) - 2330440b-2504-4263-b461-07f8c416a88f@group-BD59E781AD1C-SegmentedRaftLogWorker close()
2024-09-10 16:46:38,386 [2330440b-2504-4263-b461-07f8c416a88f-impl-thread4] INFO  ratis.ContainerStateMachine (ContainerStateMachine.java:notifyServerShutdown(956)) - group-BD59E781AD1C is closed by HddsDatanodeService
2024-09-10 16:46:38,481 [2330440b-2504-4263-b461-07f8c416a88f-impl-thread1] INFO  segmented.SegmentedRaftLogWorker (SegmentedRaftLogWorker.java:close(248)) - 2330440b-2504-4263-b461-07f8c416a88f@group-C733A4596614-SegmentedRaftLogWorker close()
2024-09-10 16:46:38,481 [2330440b-2504-4263-b461-07f8c416a88f-impl-thread1] INFO  ratis.ContainerStateMachine (ContainerStateMachine.java:notifyServerShutdown(956)) - group-C733A4596614 is closed by HddsDatanodeService
2024-09-10 16:46:38,575 [2330440b-2504-4263-b461-07f8c416a88f-impl-thread2] INFO  segmented.SegmentedRaftLogWorker (SegmentedRaftLogWorker.java:close(248)) - 2330440b-2504-4263-b461-07f8c416a88f@group-B172C2EB6515-SegmentedRaftLogWorker close()
2024-09-10 16:46:38,576 [2330440b-2504-4263-b461-07f8c416a88f-impl-thread2] INFO  ratis.ContainerStateMachine (ContainerStateMachine.java:notifyServerShutdown(956)) - group-B172C2EB6515 is closed by HddsDatanodeService
2024-09-10 16:46:39,131 [2330440b-2504-4263-b461-07f8c416a88f-impl-thread3] INFO  segmented.SegmentedRaftLogWorker (SegmentedRaftLogWorker.java:close(248)) - 2330440b-2504-4263-b461-07f8c416a88f@group-A76AAD3EA5B0-SegmentedRaftLogWorker close()
2024-09-10 16:46:39,132 [2330440b-2504-4263-b461-07f8c416a88f-impl-thread3] INFO  ratis.ContainerStateMachine (ContainerStateMachine.java:notifyServerShutdown(956)) - group-A76AAD3EA5B0 is closed by HddsDatanodeService
2024-09-10 16:46:39,132 [JvmPauseMonitor24] INFO  util.JvmPauseMonitor (JvmPauseMonitor.java:run(152)) - JvmPauseMonitor-2330440b-2504-4263-b461-07f8c416a88f: Stopped
2024-09-10 16:46:40,152 [timer1] WARN  server.GrpcLogAppender (GrpcLogAppender.java:lambda$resetClient$1(221)) - 2330440b-2504-4263-b461-07f8c416a88f@group-C733A4596614->e5502358-b128-4a46-b87d-f44ed006f965-GrpcLogAppender: Follower failed (request=null, errorCount=4); keep nextIndex (1) unchanged and retry. (Repeated 4 times in the last 5.000s)
2024-09-10 16:46:40,152 [timer2] WARN  server.GrpcLogAppender (LogUtils.java:warn(121)) - f49a985e-efe9-405d-8922-13d0c1bb1d78@group-A76AAD3EA5B0->e5502358-b128-4a46-b87d-f44ed006f965-AppendLogResponseHandler: Failed appendEntries (Repeated 8 times in the last 5.000s): org.apache.ratis.thirdparty.io.grpc.StatusRuntimeException: UNAVAILABLE: io exception
2024-09-10 16:46:40,152 [timer3] WARN  server.GrpcLogAppender (GrpcLogAppender.java:lambda$resetClient$1(221)) - f49a985e-efe9-405d-8922-13d0c1bb1d78@group-A76AAD3EA5B0->e5502358-b128-4a46-b87d-f44ed006f965-GrpcLogAppender: Follower failed (request=null, errorCount=8); keep nextIndex (16) unchanged and retry. (Repeated 8 times in the last 4.999s)
2024-09-10 16:46:40,152 [timer0] WARN  server.GrpcLogAppender (LogUtils.java:warn(121)) - 2330440b-2504-4263-b461-07f8c416a88f@group-C733A4596614->e5502358-b128-4a46-b87d-f44ed006f965-AppendLogResponseHandler: Failed appendEntries (Repeated 4 times in the last 5.000s): org.apache.ratis.thirdparty.io.grpc.StatusRuntimeException: UNAVAILABLE: io exception
2024-09-10 16:46:41,092 [grpc-default-executor-4] WARN  server.GrpcLogAppender (LogUtils.java:warn(121)) - f49a985e-efe9-405d-8922-13d0c1bb1d78@group-A76AAD3EA5B0->e5502358-b128-4a46-b87d-f44ed006f965-AppendLogResponseHandler: Failed appendEntries: org.apache.ratis.thirdparty.io.grpc.StatusRuntimeException: UNAVAILABLE: io exception
2024-09-10 16:46:41,093 [grpc-default-executor-0] WARN  server.GrpcLogAppender (GrpcLogAppender.java:lambda$resetClient$1(221)) - f49a985e-efe9-405d-8922-13d0c1bb1d78@group-A76AAD3EA5B0->e5502358-b128-4a46-b87d-f44ed006f965-GrpcLogAppender: Follower failed (request=null, errorCount=9); keep nextIndex (17) unchanged and retry.
2024-09-10 16:46:41,093 [grpc-default-executor-1] WARN  server.GrpcLogAppender (GrpcLogAppender.java:lambda$resetClient$1(221)) - f49a985e-efe9-405d-8922-13d0c1bb1d78@group-A76AAD3EA5B0->2330440b-2504-4263-b461-07f8c416a88f-GrpcLogAppender: Follower failed (request=null, errorCount=5); keep nextIndex (17) unchanged and retry.
2024-09-10 16:46:41,134 [main] INFO  utils.DatanodeStoreCache (DatanodeStoreCache.java:shutdownCache(116)) - Skip clearing cache in mini cluster mode. Entries left: [/home/runner/work/ozone/ozone/hadoop-ozone/integration-test/target/test-dir/MiniOzoneClusterImpl-4ea98613-7ec2-40e8-bdf5-64593f2fdf96/ozone-meta/datanode-2/data-0/hdds/4ea98613-7ec2-40e8-bdf5-64593f2fdf96/DS-252248ec-5af4-40b1-a99b-312c160e1ebd/container.db, /home/runner/work/ozone/ozone/hadoop-ozone/integration-test/target/test-dir/MiniOzoneClusterImpl-4ea98613-7ec2-40e8-bdf5-64593f2fdf96/ozone-meta/datanode-3/data-0/hdds/4ea98613-7ec2-40e8-bdf5-64593f2fdf96/DS-ef7ff716-8888-4ef0-9bf3-80ced1797c12/container.db, /home/runner/work/ozone/ozone/hadoop-ozone/integration-test/target/test-dir/MiniOzoneClusterImpl-4ea98613-7ec2-40e8-bdf5-64593f2fdf96/ozone-meta/datanode-4/data-0/hdds/4ea98613-7ec2-40e8-bdf5-64593f2fdf96/DS-94c6076b-6cdd-4a2b-a89c-cc35a629c6a3/container.db, /home/runner/work/ozone/ozone/hadoop-ozone/integration-test/target/test-dir/MiniOzoneClusterImpl-4ea98613-7ec2-40e8-bdf5-64593f2fdf96/ozone-meta/datanode-5/data-0/hdds/4ea98613-7ec2-40e8-bdf5-64593f2fdf96/DS-140e863a-d1b8-4ca2-a0f1-c2e16b58400c/container.db]
2024-09-10 16:46:41,135 [main] INFO  utils.DatanodeStoreCache (DatanodeStoreCache.java:removeDB(110)) - Removed db /home/runner/work/ozone/ozone/hadoop-ozone/integration-test/target/test-dir/MiniOzoneClusterImpl-4ea98613-7ec2-40e8-bdf5-64593f2fdf96/ozone-meta/datanode-2/data-0/hdds/4ea98613-7ec2-40e8-bdf5-64593f2fdf96/DS-252248ec-5af4-40b1-a99b-312c160e1ebd/container.db from cache
2024-09-10 16:46:41,135 [main] INFO  volume.HddsVolume (HddsVolume.java:closeDbStore(462)) - SchemaV3 db is stopped at /home/runner/work/ozone/ozone/hadoop-ozone/integration-test/target/test-dir/MiniOzoneClusterImpl-4ea98613-7ec2-40e8-bdf5-64593f2fdf96/ozone-meta/datanode-2/data-0/hdds/4ea98613-7ec2-40e8-bdf5-64593f2fdf96/DS-252248ec-5af4-40b1-a99b-312c160e1ebd/container.db for volume DS-252248ec-5af4-40b1-a99b-312c160e1ebd
2024-09-10 16:46:41,136 [main] INFO  utils.BackgroundService (BackgroundService.java:shutdown(163)) - Shutting down service BlockDeletingService
2024-09-10 16:46:41,136 [main] INFO  utils.BackgroundService (BackgroundService.java:shutdown(163)) - Shutting down service StaleRecoveringContainerScrubbingService
2024-09-10 16:46:41,137 [main] INFO  statemachine.DatanodeStateMachine (DatanodeStateMachine.java:stopDaemon(626)) - Ozone container server stopped.
2024-09-10 16:46:41,150 [main] INFO  handler.ContextHandler (ContextHandler.java:doStop(1159)) - Stopped o.e.j.w.WebAppContext@f437753{hddsDatanode,/,null,STOPPED}{jar:file:/home/runner/work/ozone/ozone/hadoop-hdds/container-service/target/hdds-container-service-1.5.0-SNAPSHOT.jar!/webapps/hddsDatanode}
2024-09-10 16:46:41,151 [main] INFO  server.AbstractConnector (AbstractConnector.java:doStop(383)) - Stopped ServerConnector@6b6a3486{HTTP/1.1, (http/1.1)}{0.0.0.0:15177}
2024-09-10 16:46:41,151 [main] INFO  server.session (HouseKeeper.java:stopScavenging(149)) - node0 Stopped scavenging
2024-09-10 16:46:41,151 [main] INFO  handler.ContextHandler (ContextHandler.java:doStop(1159)) - Stopped o.e.j.s.ServletContextHandler@459606bd{static,/static,jar:file:/home/runner/work/ozone/ozone/hadoop-hdds/container-service/target/hdds-container-service-1.5.0-SNAPSHOT.jar!/webapps/static,STOPPED}
2024-09-10 16:46:41,151 [main] INFO  handler.ContextHandler (ContextHandler.java:doStop(1159)) - Stopped o.e.j.s.ServletContextHandler@3c81b47e{logs,/logs,file:///home/runner/work/ozone/ozone/hadoop-ozone/integration-test/target/log,STOPPED}
2024-09-10 16:46:41,152 [main] INFO  ozone.HddsDatanodeClientProtocolServer (HddsDatanodeClientProtocolServer.java:stop(85)) - Stopping the RPC server for Client Protocol
2024-09-10 16:46:41,152 [main] INFO  ipc.Server (Server.java:stop(3523)) - Stopping server on 15178
2024-09-10 16:46:41,154 [IPC Server listener on 15178] INFO  ipc.Server (Server.java:run(1434)) - Stopping IPC Server listener on 15178
2024-09-10 16:46:41,154 [IPC Server Responder] INFO  ipc.Server (Server.java:run(1567)) - Stopping IPC Server Responder
16:46:41.158 [f49a985e-efe9-405d-8922-13d0c1bb1d78-client-thread1] ERROR DNAudit - user=null | ip=null | op=WRITE_CHUNK {blockData=conID: 1 locID: 113750153625600001 bcsId: 13 replicaIndex: 0, offset=500, size=100} | ret=FAILURE
org.apache.hadoop.hdds.scm.container.common.helpers.ContainerNotOpenException: Container 1 in CLOSING state
	at org.apache.hadoop.ozone.container.common.impl.HddsDispatcher.validateContainerCommand(HddsDispatcher.java:571) ~[hdds-container-service-1.5.0-SNAPSHOT.jar:?]
	at org.apache.hadoop.ozone.container.common.transport.server.ratis.ContainerStateMachine.startTransaction(ContainerStateMachine.java:426) ~[hdds-container-service-1.5.0-SNAPSHOT.jar:?]
	at org.apache.ratis.server.impl.RaftServerImpl.writeAsyncImpl(RaftServerImpl.java:975) ~[ratis-server-3.1.0.jar:3.1.0]
	at org.apache.ratis.server.impl.RaftServerImpl.writeAsync(RaftServerImpl.java:945) ~[ratis-server-3.1.0.jar:3.1.0]
	at org.apache.ratis.server.impl.RaftServerImpl.replyFuture(RaftServerImpl.java:937) ~[ratis-server-3.1.0.jar:3.1.0]
	at org.apache.ratis.server.impl.RaftServerImpl.submitClientRequestAsync(RaftServerImpl.java:912) ~[ratis-server-3.1.0.jar:3.1.0]
	at org.apache.ratis.server.impl.RaftServerImpl.lambda$executeSubmitClientRequestAsync$11(RaftServerImpl.java:893) ~[ratis-server-3.1.0.jar:3.1.0]
	at java.base/java.util.concurrent.CompletableFuture$AsyncSupply.run(CompletableFuture.java:1768) [?:?]
	at java.base/java.util.concurrent.ThreadPoolExecutor.runWorker(ThreadPoolExecutor.java:1136) [?:?]
	at java.base/java.util.concurrent.ThreadPoolExecutor$Worker.run(ThreadPoolExecutor.java:635) [?:?]
	at java.base/java.lang.Thread.run(Thread.java:840) [?:?]
2024-09-10 16:46:41,174 [grpc-default-executor-4] ERROR impl.OrderedAsync (OrderedAsync.java:lambda$send$4(181)) - Failed to send request, message=cmdType: WriteChunk
traceID: ""
containerID: 1
datanodeUuid: "e5502358-b128-4a46-b87d-f44ed006f965"
writeChunk {
  blockID {
    containerID: 1
    localID: 113750153625600001
    blockCommitSequenceId: 13
    replicaIndex: 0
  }
  chunkData {
    chunkName: "113750153625600001_chunk_6"
    offset: 500
    len: 100
    checksumData {
      type: NONE
      bytesPerChecksum: 16384
    }
  }
}
version: 4
, data.size=100
java.util.concurrent.CompletionException: org.apache.ratis.protocol.exceptions.StateMachineException: org.apache.hadoop.hdds.scm.container.common.helpers.ContainerNotOpenException from Server f49a985e-efe9-405d-8922-13d0c1bb1d78@group-A76AAD3EA5B0: Container 1 in CLOSING state
	at org.apache.ratis.client.impl.RaftClientImpl.handleRaftException(RaftClientImpl.java:373)
	at org.apache.ratis.client.impl.OrderedAsync.lambda$send$3(OrderedAsync.java:175)
	at java.base/java.util.concurrent.CompletableFuture$UniApply.tryFire(CompletableFuture.java:646)
	at java.base/java.util.concurrent.CompletableFuture.postComplete(CompletableFuture.java:510)
	at java.base/java.util.concurrent.CompletableFuture.complete(CompletableFuture.java:2147)
	at org.apache.ratis.client.impl.OrderedAsync$PendingOrderedRequest.setReply(OrderedAsync.java:105)
	at org.apache.ratis.client.impl.OrderedAsync$PendingOrderedRequest.setReply(OrderedAsync.java:66)
	at org.apache.ratis.util.SlidingWindow$RequestMap.setReply(SlidingWindow.java:147)
	at org.apache.ratis.util.SlidingWindow$Client.receiveReply(SlidingWindow.java:351)
	at org.apache.ratis.client.impl.OrderedAsync.lambda$sendRequestWithRetry$5(OrderedAsync.java:210)
	at java.base/java.util.concurrent.CompletableFuture$UniAccept.tryFire(CompletableFuture.java:718)
	at java.base/java.util.concurrent.CompletableFuture.postComplete(CompletableFuture.java:510)
	at java.base/java.util.concurrent.CompletableFuture.complete(CompletableFuture.java:2147)
	at org.apache.ratis.grpc.client.GrpcClientProtocolClient$AsyncStreamObservers$1.lambda$onNext$0(GrpcClientProtocolClient.java:322)
	at java.base/java.util.Optional.ifPresent(Optional.java:178)
	at org.apache.ratis.grpc.client.GrpcClientProtocolClient$AsyncStreamObservers.handleReplyFuture(GrpcClientProtocolClient.java:378)
	at org.apache.ratis.grpc.client.GrpcClientProtocolClient$AsyncStreamObservers.access$100(GrpcClientProtocolClient.java:300)
	at org.apache.ratis.grpc.client.GrpcClientProtocolClient$AsyncStreamObservers$1.onNext(GrpcClientProtocolClient.java:322)
	at org.apache.ratis.grpc.client.GrpcClientProtocolClient$AsyncStreamObservers$1.onNext(GrpcClientProtocolClient.java:305)
	at org.apache.ratis.thirdparty.io.grpc.stub.ClientCalls$StreamObserverToCallListenerAdapter.onMessage(ClientCalls.java:468)
	at org.apache.ratis.thirdparty.io.grpc.ForwardingClientCallListener.onMessage(ForwardingClientCallListener.java:33)
	at org.apache.ratis.thirdparty.io.grpc.internal.DelayedClientCall$DelayedListener.onMessage(DelayedClientCall.java:473)
	at org.apache.ratis.thirdparty.io.grpc.internal.ClientCallImpl$ClientStreamListenerImpl$1MessagesAvailable.runInternal(ClientCallImpl.java:660)
	at org.apache.ratis.thirdparty.io.grpc.internal.ClientCallImpl$ClientStreamListenerImpl$1MessagesAvailable.runInContext(ClientCallImpl.java:647)
	at org.apache.ratis.thirdparty.io.grpc.internal.ContextRunnable.run(ContextRunnable.java:37)
	at org.apache.ratis.thirdparty.io.grpc.internal.SerializingExecutor.run(SerializingExecutor.java:133)
	at java.base/java.util.concurrent.ThreadPoolExecutor.runWorker(ThreadPoolExecutor.java:1136)
	at java.base/java.util.concurrent.ThreadPoolExecutor$Worker.run(ThreadPoolExecutor.java:635)
	at java.base/java.lang.Thread.run(Thread.java:840)
Caused by: org.apache.ratis.protocol.exceptions.StateMachineException: org.apache.hadoop.hdds.scm.container.common.helpers.ContainerNotOpenException from Server f49a985e-efe9-405d-8922-13d0c1bb1d78@group-A76AAD3EA5B0: Container 1 in CLOSING state
	at org.apache.hadoop.ozone.container.common.impl.HddsDispatcher.validateContainerCommand(HddsDispatcher.java:571)
	at org.apache.hadoop.ozone.container.common.transport.server.ratis.ContainerStateMachine.startTransaction(ContainerStateMachine.java:426)
	at org.apache.ratis.server.impl.RaftServerImpl.writeAsyncImpl(RaftServerImpl.java:975)
	at org.apache.ratis.server.impl.RaftServerImpl.writeAsync(RaftServerImpl.java:945)
	at org.apache.ratis.server.impl.RaftServerImpl.replyFuture(RaftServerImpl.java:937)
	at org.apache.ratis.server.impl.RaftServerImpl.submitClientRequestAsync(RaftServerImpl.java:912)
	at org.apache.ratis.server.impl.RaftServerImpl.lambda$executeSubmitClientRequestAsync$11(RaftServerImpl.java:893)
	at java.base/java.util.concurrent.CompletableFuture$AsyncSupply.run(CompletableFuture.java:1768)
	... 3 more
Caused by: org.apache.hadoop.hdds.scm.container.common.helpers.ContainerNotOpenException: Container 1 in CLOSING state
	at java.base/jdk.internal.reflect.NativeConstructorAccessorImpl.newInstance0(Native Method)
	at java.base/jdk.internal.reflect.NativeConstructorAccessorImpl.newInstance(NativeConstructorAccessorImpl.java:77)
	at java.base/jdk.internal.reflect.DelegatingConstructorAccessorImpl.newInstance(DelegatingConstructorAccessorImpl.java:45)
	at java.base/java.lang.reflect.Constructor.newInstanceWithCaller(Constructor.java:500)
	at java.base/java.lang.reflect.Constructor.newInstance(Constructor.java:481)
	at org.apache.ratis.util.ReflectionUtils.instantiateException(ReflectionUtils.java:259)
	at org.apache.ratis.client.impl.ClientProtoUtils.toStateMachineException(ClientProtoUtils.java:451)
	at org.apache.ratis.client.impl.ClientProtoUtils.toStateMachineException(ClientProtoUtils.java:437)
	at org.apache.ratis.client.impl.ClientProtoUtils.toRaftClientReply(ClientProtoUtils.java:404)
	at org.apache.ratis.grpc.client.GrpcClientProtocolClient$AsyncStreamObservers$1.onNext(GrpcClientProtocolClient.java:310)
	at org.apache.ratis.grpc.client.GrpcClientProtocolClient$AsyncStreamObservers$1.onNext(GrpcClientProtocolClient.java:305)
	at org.apache.ratis.thirdparty.io.grpc.stub.ClientCalls$StreamObserverToCallListenerAdapter.onMessage(ClientCalls.java:468)
	at org.apache.ratis.thirdparty.io.grpc.ForwardingClientCallListener.onMessage(ForwardingClientCallListener.java:33)
	at org.apache.ratis.thirdparty.io.grpc.internal.DelayedClientCall$DelayedListener.onMessage(DelayedClientCall.java:473)
	at org.apache.ratis.thirdparty.io.grpc.internal.ClientCallImpl$ClientStreamListenerImpl$1MessagesAvailable.runInternal(ClientCallImpl.java:660)
	at org.apache.ratis.thirdparty.io.grpc.internal.ClientCallImpl$ClientStreamListenerImpl$1MessagesAvailable.runInContext(ClientCallImpl.java:647)
	at org.apache.ratis.thirdparty.io.grpc.internal.ContextRunnable.run(ContextRunnable.java:37)
	at org.apache.ratis.thirdparty.io.grpc.internal.SerializingExecutor.run(SerializingExecutor.java:133)
	... 3 more
16:46:41.173 [f49a985e-efe9-405d-8922-13d0c1bb1d78-client-thread1] ERROR DNAudit - user=null | ip=null | op=WRITE_CHUNK {blockData=conID: 1 locID: 113750153625600001 bcsId: 13 replicaIndex: 0, offset=600, size=100} | ret=FAILURE
org.apache.hadoop.hdds.scm.container.common.helpers.ContainerNotOpenException: Container 1 in CLOSING state
	at org.apache.hadoop.ozone.container.common.impl.HddsDispatcher.validateContainerCommand(HddsDispatcher.java:571) ~[hdds-container-service-1.5.0-SNAPSHOT.jar:?]
	at org.apache.hadoop.ozone.container.common.transport.server.ratis.ContainerStateMachine.startTransaction(ContainerStateMachine.java:426) ~[hdds-container-service-1.5.0-SNAPSHOT.jar:?]
	at org.apache.ratis.server.impl.RaftServerImpl.writeAsyncImpl(RaftServerImpl.java:975) ~[ratis-server-3.1.0.jar:3.1.0]
	at org.apache.ratis.server.impl.RaftServerImpl.writeAsync(RaftServerImpl.java:945) ~[ratis-server-3.1.0.jar:3.1.0]
	at org.apache.ratis.server.impl.RaftServerImpl.replyFuture(RaftServerImpl.java:937) ~[ratis-server-3.1.0.jar:3.1.0]
	at org.apache.ratis.server.impl.RaftServerImpl.submitClientRequestAsync(RaftServerImpl.java:912) ~[ratis-server-3.1.0.jar:3.1.0]
	at org.apache.ratis.server.impl.RaftServerImpl.lambda$executeSubmitClientRequestAsync$11(RaftServerImpl.java:893) ~[ratis-server-3.1.0.jar:3.1.0]
	at java.base/java.util.concurrent.CompletableFuture$AsyncSupply.run(CompletableFuture.java:1768) [?:?]
	at java.base/java.util.concurrent.ThreadPoolExecutor.runWorker(ThreadPoolExecutor.java:1136) [?:?]
	at java.base/java.util.concurrent.ThreadPoolExecutor$Worker.run(ThreadPoolExecutor.java:635) [?:?]
	at java.base/java.lang.Thread.run(Thread.java:840) [?:?]
16:46:41.178 [f49a985e-efe9-405d-8922-13d0c1bb1d78-client-thread1] ERROR DNAudit - user=null | ip=null | op=PUT_BLOCK {blockData=[blockId=conID: 1 locID: 113750153625600001 bcsId: 0 replicaIndex: null, size=700]} | ret=FAILURE
org.apache.hadoop.hdds.scm.container.common.helpers.ContainerNotOpenException: Container 1 in CLOSING state
	at org.apache.hadoop.ozone.container.common.impl.HddsDispatcher.validateContainerCommand(HddsDispatcher.java:571) ~[hdds-container-service-1.5.0-SNAPSHOT.jar:?]
	at org.apache.hadoop.ozone.container.common.transport.server.ratis.ContainerStateMachine.startTransaction(ContainerStateMachine.java:426) ~[hdds-container-service-1.5.0-SNAPSHOT.jar:?]
	at org.apache.ratis.server.impl.RaftServerImpl.writeAsyncImpl(RaftServerImpl.java:975) ~[ratis-server-3.1.0.jar:3.1.0]
	at org.apache.ratis.server.impl.RaftServerImpl.writeAsync(RaftServerImpl.java:945) ~[ratis-server-3.1.0.jar:3.1.0]
	at org.apache.ratis.server.impl.RaftServerImpl.replyFuture(RaftServerImpl.java:937) ~[ratis-server-3.1.0.jar:3.1.0]
	at org.apache.ratis.server.impl.RaftServerImpl.submitClientRequestAsync(RaftServerImpl.java:912) ~[ratis-server-3.1.0.jar:3.1.0]
	at org.apache.ratis.server.impl.RaftServerImpl.lambda$executeSubmitClientRequestAsync$11(RaftServerImpl.java:893) ~[ratis-server-3.1.0.jar:3.1.0]
	at java.base/java.util.concurrent.CompletableFuture$AsyncSupply.run(CompletableFuture.java:1768) [?:?]
	at java.base/java.util.concurrent.ThreadPoolExecutor.runWorker(ThreadPoolExecutor.java:1136) [?:?]
	at java.base/java.util.concurrent.ThreadPoolExecutor$Worker.run(ThreadPoolExecutor.java:635) [?:?]
	at java.base/java.lang.Thread.run(Thread.java:840) [?:?]
2024-09-10 16:46:41,178 [grpc-default-executor-4] ERROR impl.OrderedAsync (OrderedAsync.java:lambda$send$4(181)) - Failed to send request, message=cmdType: WriteChunk
traceID: ""
containerID: 1
datanodeUuid: "e5502358-b128-4a46-b87d-f44ed006f965"
writeChunk {
  blockID {
    containerID: 1
    localID: 113750153625600001
    blockCommitSequenceId: 13
    replicaIndex: 0
  }
  chunkData {
    chunkName: "113750153625600001_chunk_7"
    offset: 600
    len: 100
    checksumData {
      type: NONE
      bytesPerChecksum: 16384
    }
  }
}
version: 4
, data.size=100
java.util.concurrent.CompletionException: org.apache.ratis.protocol.exceptions.StateMachineException: org.apache.hadoop.hdds.scm.container.common.helpers.ContainerNotOpenException from Server f49a985e-efe9-405d-8922-13d0c1bb1d78@group-A76AAD3EA5B0: Container 1 in CLOSING state
	at org.apache.ratis.client.impl.RaftClientImpl.handleRaftException(RaftClientImpl.java:373)
	at org.apache.ratis.client.impl.OrderedAsync.lambda$send$3(OrderedAsync.java:175)
	at java.base/java.util.concurrent.CompletableFuture$UniApply.tryFire(CompletableFuture.java:646)
	at java.base/java.util.concurrent.CompletableFuture.postComplete(CompletableFuture.java:510)
	at java.base/java.util.concurrent.CompletableFuture.complete(CompletableFuture.java:2147)
	at org.apache.ratis.client.impl.OrderedAsync$PendingOrderedRequest.setReply(OrderedAsync.java:105)
	at org.apache.ratis.client.impl.OrderedAsync$PendingOrderedRequest.setReply(OrderedAsync.java:66)
	at org.apache.ratis.util.SlidingWindow$RequestMap.setReply(SlidingWindow.java:147)
	at org.apache.ratis.util.SlidingWindow$Client.receiveReply(SlidingWindow.java:351)
	at org.apache.ratis.client.impl.OrderedAsync.lambda$sendRequestWithRetry$5(OrderedAsync.java:210)
	at java.base/java.util.concurrent.CompletableFuture$UniAccept.tryFire(CompletableFuture.java:718)
	at java.base/java.util.concurrent.CompletableFuture.postComplete(CompletableFuture.java:510)
	at java.base/java.util.concurrent.CompletableFuture.complete(CompletableFuture.java:2147)
	at org.apache.ratis.grpc.client.GrpcClientProtocolClient$AsyncStreamObservers$1.lambda$onNext$0(GrpcClientProtocolClient.java:322)
	at java.base/java.util.Optional.ifPresent(Optional.java:178)
	at org.apache.ratis.grpc.client.GrpcClientProtocolClient$AsyncStreamObservers.handleReplyFuture(GrpcClientProtocolClient.java:378)
	at org.apache.ratis.grpc.client.GrpcClientProtocolClient$AsyncStreamObservers.access$100(GrpcClientProtocolClient.java:300)
	at org.apache.ratis.grpc.client.GrpcClientProtocolClient$AsyncStreamObservers$1.onNext(GrpcClientProtocolClient.java:322)
	at org.apache.ratis.grpc.client.GrpcClientProtocolClient$AsyncStreamObservers$1.onNext(GrpcClientProtocolClient.java:305)
	at org.apache.ratis.thirdparty.io.grpc.stub.ClientCalls$StreamObserverToCallListenerAdapter.onMessage(ClientCalls.java:468)
	at org.apache.ratis.thirdparty.io.grpc.ForwardingClientCallListener.onMessage(ForwardingClientCallListener.java:33)
	at org.apache.ratis.thirdparty.io.grpc.internal.DelayedClientCall$DelayedListener.onMessage(DelayedClientCall.java:473)
	at org.apache.ratis.thirdparty.io.grpc.internal.ClientCallImpl$ClientStreamListenerImpl$1MessagesAvailable.runInternal(ClientCallImpl.java:660)
	at org.apache.ratis.thirdparty.io.grpc.internal.ClientCallImpl$ClientStreamListenerImpl$1MessagesAvailable.runInContext(ClientCallImpl.java:647)
	at org.apache.ratis.thirdparty.io.grpc.internal.ContextRunnable.run(ContextRunnable.java:37)
	at org.apache.ratis.thirdparty.io.grpc.internal.SerializingExecutor.run(SerializingExecutor.java:133)
	at java.base/java.util.concurrent.ThreadPoolExecutor.runWorker(ThreadPoolExecutor.java:1136)
	at java.base/java.util.concurrent.ThreadPoolExecutor$Worker.run(ThreadPoolExecutor.java:635)
	at java.base/java.lang.Thread.run(Thread.java:840)
Caused by: org.apache.ratis.protocol.exceptions.StateMachineException: org.apache.hadoop.hdds.scm.container.common.helpers.ContainerNotOpenException from Server f49a985e-efe9-405d-8922-13d0c1bb1d78@group-A76AAD3EA5B0: Container 1 in CLOSING state
	at org.apache.hadoop.ozone.container.common.impl.HddsDispatcher.validateContainerCommand(HddsDispatcher.java:571)
	at org.apache.hadoop.ozone.container.common.transport.server.ratis.ContainerStateMachine.startTransaction(ContainerStateMachine.java:426)
	at org.apache.ratis.server.impl.RaftServerImpl.writeAsyncImpl(RaftServerImpl.java:975)
	at org.apache.ratis.server.impl.RaftServerImpl.writeAsync(RaftServerImpl.java:945)
	at org.apache.ratis.server.impl.RaftServerImpl.replyFuture(RaftServerImpl.java:937)
	at org.apache.ratis.server.impl.RaftServerImpl.submitClientRequestAsync(RaftServerImpl.java:912)
	at org.apache.ratis.server.impl.RaftServerImpl.lambda$executeSubmitClientRequestAsync$11(RaftServerImpl.java:893)
	at java.base/java.util.concurrent.CompletableFuture$AsyncSupply.run(CompletableFuture.java:1768)
	... 3 more
Caused by: org.apache.hadoop.hdds.scm.container.common.helpers.ContainerNotOpenException: Container 1 in CLOSING state
	at java.base/jdk.internal.reflect.NativeConstructorAccessorImpl.newInstance0(Native Method)
	at java.base/jdk.internal.reflect.NativeConstructorAccessorImpl.newInstance(NativeConstructorAccessorImpl.java:77)
	at java.base/jdk.internal.reflect.DelegatingConstructorAccessorImpl.newInstance(DelegatingConstructorAccessorImpl.java:45)
	at java.base/java.lang.reflect.Constructor.newInstanceWithCaller(Constructor.java:500)
	at java.base/java.lang.reflect.Constructor.newInstance(Constructor.java:481)
	at org.apache.ratis.util.ReflectionUtils.instantiateException(ReflectionUtils.java:259)
	at org.apache.ratis.client.impl.ClientProtoUtils.toStateMachineException(ClientProtoUtils.java:451)
	at org.apache.ratis.client.impl.ClientProtoUtils.toStateMachineException(ClientProtoUtils.java:437)
	at org.apache.ratis.client.impl.ClientProtoUtils.toRaftClientReply(ClientProtoUtils.java:404)
	at org.apache.ratis.grpc.client.GrpcClientProtocolClient$AsyncStreamObservers$1.onNext(GrpcClientProtocolClient.java:310)
	at org.apache.ratis.grpc.client.GrpcClientProtocolClient$AsyncStreamObservers$1.onNext(GrpcClientProtocolClient.java:305)
	at org.apache.ratis.thirdparty.io.grpc.stub.ClientCalls$StreamObserverToCallListenerAdapter.onMessage(ClientCalls.java:468)
	at org.apache.ratis.thirdparty.io.grpc.ForwardingClientCallListener.onMessage(ForwardingClientCallListener.java:33)
	at org.apache.ratis.thirdparty.io.grpc.internal.DelayedClientCall$DelayedListener.onMessage(DelayedClientCall.java:473)
	at org.apache.ratis.thirdparty.io.grpc.internal.ClientCallImpl$ClientStreamListenerImpl$1MessagesAvailable.runInternal(ClientCallImpl.java:660)
	at org.apache.ratis.thirdparty.io.grpc.internal.ClientCallImpl$ClientStreamListenerImpl$1MessagesAvailable.runInContext(ClientCallImpl.java:647)
	at org.apache.ratis.thirdparty.io.grpc.internal.ContextRunnable.run(ContextRunnable.java:37)
	at org.apache.ratis.thirdparty.io.grpc.internal.SerializingExecutor.run(SerializingExecutor.java:133)
	... 3 more
16:46:41.179 [f49a985e-efe9-405d-8922-13d0c1bb1d78-client-thread1] ERROR DNAudit - user=null | ip=null | op=WRITE_CHUNK {blockData=conID: 1 locID: 113750153625600001 bcsId: 13 replicaIndex: 0, offset=700, size=100} | ret=FAILURE
org.apache.hadoop.hdds.scm.container.common.helpers.ContainerNotOpenException: Container 1 in CLOSING state
	at org.apache.hadoop.ozone.container.common.impl.HddsDispatcher.validateContainerCommand(HddsDispatcher.java:571) ~[hdds-container-service-1.5.0-SNAPSHOT.jar:?]
	at org.apache.hadoop.ozone.container.common.transport.server.ratis.ContainerStateMachine.startTransaction(ContainerStateMachine.java:426) ~[hdds-container-service-1.5.0-SNAPSHOT.jar:?]
	at org.apache.ratis.server.impl.RaftServerImpl.writeAsyncImpl(RaftServerImpl.java:975) ~[ratis-server-3.1.0.jar:3.1.0]
	at org.apache.ratis.server.impl.RaftServerImpl.writeAsync(RaftServerImpl.java:945) ~[ratis-server-3.1.0.jar:3.1.0]
	at org.apache.ratis.server.impl.RaftServerImpl.replyFuture(RaftServerImpl.java:937) ~[ratis-server-3.1.0.jar:3.1.0]
	at org.apache.ratis.server.impl.RaftServerImpl.submitClientRequestAsync(RaftServerImpl.java:912) ~[ratis-server-3.1.0.jar:3.1.0]
	at org.apache.ratis.server.impl.RaftServerImpl.lambda$executeSubmitClientRequestAsync$11(RaftServerImpl.java:893) ~[ratis-server-3.1.0.jar:3.1.0]
	at java.base/java.util.concurrent.CompletableFuture$AsyncSupply.run(CompletableFuture.java:1768) [?:?]
	at java.base/java.util.concurrent.ThreadPoolExecutor.runWorker(ThreadPoolExecutor.java:1136) [?:?]
	at java.base/java.util.concurrent.ThreadPoolExecutor$Worker.run(ThreadPoolExecutor.java:635) [?:?]
	at java.base/java.lang.Thread.run(Thread.java:840) [?:?]
2024-09-10 16:46:41,180 [grpc-default-executor-4] ERROR impl.OrderedAsync (OrderedAsync.java:lambda$send$4(181)) - Failed to send request, message=cmdType: PutBlock
traceID: ""
containerID: 1
datanodeUuid: "e5502358-b128-4a46-b87d-f44ed006f965"
putBlock {
  blockData {
    blockID {
      containerID: 1
      localID: 113750153625600001
      blockCommitSequenceId: 0
    }
    metadata {
      key: "TYPE"
      value: "KEY"
    }
    chunks {
      chunkName: "113750153625600001_chunk_1"
      offset: 0
      len: 100
      checksumData {
        type: NONE
        bytesPerChecksum: 16384
      }
    }
    chunks {
      chunkName: "113750153625600001_chunk_2"
      offset: 100
      len: 100
      checksumData {
        type: NONE
        bytesPerChecksum: 16384
      }
    }
    chunks {
      chunkName: "113750153625600001_chunk_3"
      offset: 200
      len: 100
      checksumData {
        type: NONE
        bytesPerChecksum: 16384
      }
    }
    chunks {
      chunkName: "113750153625600001_chunk_4"
      offset: 300
      len: 100
      checksumData {
        type: NONE
        bytesPerChecksum: 16384
      }
    }
    chunks {
      chunkName: "113750153625600001_chunk_5"
      offset: 400
      len: 100
      checksumData {
        type: NONE
        bytesPerChecksum: 16384
      }
    }
    chunks {
      chunkName: "113750153625600001_chunk_6"
      offset: 500
      len: 100
      checksumData {
        type: NONE
        bytesPerChecksum: 16384
      }
    }
    chunks {
      chunkName: "113750153625600001_chunk_7"
      offset: 600
      len: 100
      checksumData {
        type: NONE
        bytesPerChecksum: 16384
      }
    }
  }
  eof: false
}
version: 4
, data.size=0
java.util.concurrent.CompletionException: org.apache.ratis.protocol.exceptions.StateMachineException: org.apache.hadoop.hdds.scm.container.common.helpers.ContainerNotOpenException from Server f49a985e-efe9-405d-8922-13d0c1bb1d78@group-A76AAD3EA5B0: Container 1 in CLOSING state
	at org.apache.ratis.client.impl.RaftClientImpl.handleRaftException(RaftClientImpl.java:373)
	at org.apache.ratis.client.impl.OrderedAsync.lambda$send$3(OrderedAsync.java:175)
	at java.base/java.util.concurrent.CompletableFuture$UniApply.tryFire(CompletableFuture.java:646)
	at java.base/java.util.concurrent.CompletableFuture.postComplete(CompletableFuture.java:510)
	at java.base/java.util.concurrent.CompletableFuture.complete(CompletableFuture.java:2147)
	at org.apache.ratis.client.impl.OrderedAsync$PendingOrderedRequest.setReply(OrderedAsync.java:105)
	at org.apache.ratis.client.impl.OrderedAsync$PendingOrderedRequest.setReply(OrderedAsync.java:66)
	at org.apache.ratis.util.SlidingWindow$RequestMap.setReply(SlidingWindow.java:147)
	at org.apache.ratis.util.SlidingWindow$Client.receiveReply(SlidingWindow.java:351)
	at org.apache.ratis.client.impl.OrderedAsync.lambda$sendRequestWithRetry$5(OrderedAsync.java:210)
	at java.base/java.util.concurrent.CompletableFuture$UniAccept.tryFire(CompletableFuture.java:718)
	at java.base/java.util.concurrent.CompletableFuture.postComplete(CompletableFuture.java:510)
	at java.base/java.util.concurrent.CompletableFuture.complete(CompletableFuture.java:2147)
	at org.apache.ratis.grpc.client.GrpcClientProtocolClient$AsyncStreamObservers$1.lambda$onNext$0(GrpcClientProtocolClient.java:322)
	at java.base/java.util.Optional.ifPresent(Optional.java:178)
	at org.apache.ratis.grpc.client.GrpcClientProtocolClient$AsyncStreamObservers.handleReplyFuture(GrpcClientProtocolClient.java:378)
	at org.apache.ratis.grpc.client.GrpcClientProtocolClient$AsyncStreamObservers.access$100(GrpcClientProtocolClient.java:300)
	at org.apache.ratis.grpc.client.GrpcClientProtocolClient$AsyncStreamObservers$1.onNext(GrpcClientProtocolClient.java:322)
	at org.apache.ratis.grpc.client.GrpcClientProtocolClient$AsyncStreamObservers$1.onNext(GrpcClientProtocolClient.java:305)
	at org.apache.ratis.thirdparty.io.grpc.stub.ClientCalls$StreamObserverToCallListenerAdapter.onMessage(ClientCalls.java:468)
	at org.apache.ratis.thirdparty.io.grpc.ForwardingClientCallListener.onMessage(ForwardingClientCallListener.java:33)
	at org.apache.ratis.thirdparty.io.grpc.internal.DelayedClientCall$DelayedListener.onMessage(DelayedClientCall.java:473)
	at org.apache.ratis.thirdparty.io.grpc.internal.ClientCallImpl$ClientStreamListenerImpl$1MessagesAvailable.runInternal(ClientCallImpl.java:660)
	at org.apache.ratis.thirdparty.io.grpc.internal.ClientCallImpl$ClientStreamListenerImpl$1MessagesAvailable.runInContext(ClientCallImpl.java:647)
	at org.apache.ratis.thirdparty.io.grpc.internal.ContextRunnable.run(ContextRunnable.java:37)
	at org.apache.ratis.thirdparty.io.grpc.internal.SerializingExecutor.run(SerializingExecutor.java:133)
	at java.base/java.util.concurrent.ThreadPoolExecutor.runWorker(ThreadPoolExecutor.java:1136)
	at java.base/java.util.concurrent.ThreadPoolExecutor$Worker.run(ThreadPoolExecutor.java:635)
	at java.base/java.lang.Thread.run(Thread.java:840)
Caused by: org.apache.ratis.protocol.exceptions.StateMachineException: org.apache.hadoop.hdds.scm.container.common.helpers.ContainerNotOpenException from Server f49a985e-efe9-405d-8922-13d0c1bb1d78@group-A76AAD3EA5B0: Container 1 in CLOSING state
	at org.apache.hadoop.ozone.container.common.impl.HddsDispatcher.validateContainerCommand(HddsDispatcher.java:571)
	at org.apache.hadoop.ozone.container.common.transport.server.ratis.ContainerStateMachine.startTransaction(ContainerStateMachine.java:426)
	at org.apache.ratis.server.impl.RaftServerImpl.writeAsyncImpl(RaftServerImpl.java:975)
	at org.apache.ratis.server.impl.RaftServerImpl.writeAsync(RaftServerImpl.java:945)
	at org.apache.ratis.server.impl.RaftServerImpl.replyFuture(RaftServerImpl.java:937)
	at org.apache.ratis.server.impl.RaftServerImpl.submitClientRequestAsync(RaftServerImpl.java:912)
	at org.apache.ratis.server.impl.RaftServerImpl.lambda$executeSubmitClientRequestAsync$11(RaftServerImpl.java:893)
	at java.base/java.util.concurrent.CompletableFuture$AsyncSupply.run(CompletableFuture.java:1768)
	... 3 more
Caused by: org.apache.hadoop.hdds.scm.container.common.helpers.ContainerNotOpenException: Container 1 in CLOSING state
	at java.base/jdk.internal.reflect.NativeConstructorAccessorImpl.newInstance0(Native Method)
	at java.base/jdk.internal.reflect.NativeConstructorAccessorImpl.newInstance(NativeConstructorAccessorImpl.java:77)
	at java.base/jdk.internal.reflect.DelegatingConstructorAccessorImpl.newInstance(DelegatingConstructorAccessorImpl.java:45)
	at java.base/java.lang.reflect.Constructor.newInstanceWithCaller(Constructor.java:500)
	at java.base/java.lang.reflect.Constructor.newInstance(Constructor.java:481)
	at org.apache.ratis.util.ReflectionUtils.instantiateException(ReflectionUtils.java:259)
	at org.apache.ratis.client.impl.ClientProtoUtils.toStateMachineException(ClientProtoUtils.java:451)
	at org.apache.ratis.client.impl.ClientProtoUtils.toStateMachineException(ClientProtoUtils.java:437)
	at org.apache.ratis.client.impl.ClientProtoUtils.toRaftClientReply(ClientProtoUtils.java:404)
	at org.apache.ratis.grpc.client.GrpcClientProtocolClient$AsyncStreamObservers$1.onNext(GrpcClientProtocolClient.java:310)
	at org.apache.ratis.grpc.client.GrpcClientProtocolClient$AsyncStreamObservers$1.onNext(GrpcClientProtocolClient.java:305)
	at org.apache.ratis.thirdparty.io.grpc.stub.ClientCalls$StreamObserverToCallListenerAdapter.onMessage(ClientCalls.java:468)
	at org.apache.ratis.thirdparty.io.grpc.ForwardingClientCallListener.onMessage(ForwardingClientCallListener.java:33)
	at org.apache.ratis.thirdparty.io.grpc.internal.DelayedClientCall$DelayedListener.onMessage(DelayedClientCall.java:473)
	at org.apache.ratis.thirdparty.io.grpc.internal.ClientCallImpl$ClientStreamListenerImpl$1MessagesAvailable.runInternal(ClientCallImpl.java:660)
	at org.apache.ratis.thirdparty.io.grpc.internal.ClientCallImpl$ClientStreamListenerImpl$1MessagesAvailable.runInContext(ClientCallImpl.java:647)
	at org.apache.ratis.thirdparty.io.grpc.internal.ContextRunnable.run(ContextRunnable.java:37)
	at org.apache.ratis.thirdparty.io.grpc.internal.SerializingExecutor.run(SerializingExecutor.java:133)
	... 3 more
16:46:41.181 [f49a985e-efe9-405d-8922-13d0c1bb1d78-client-thread1] ERROR DNAudit - user=null | ip=null | op=PUT_BLOCK {blockData=[blockId=conID: 1 locID: 113750153625600001 bcsId: 0 replicaIndex: null, size=800]} | ret=FAILURE
org.apache.hadoop.hdds.scm.container.common.helpers.ContainerNotOpenException: Container 1 in CLOSING state
	at org.apache.hadoop.ozone.container.common.impl.HddsDispatcher.validateContainerCommand(HddsDispatcher.java:571) ~[hdds-container-service-1.5.0-SNAPSHOT.jar:?]
	at org.apache.hadoop.ozone.container.common.transport.server.ratis.ContainerStateMachine.startTransaction(ContainerStateMachine.java:426) ~[hdds-container-service-1.5.0-SNAPSHOT.jar:?]
	at org.apache.ratis.server.impl.RaftServerImpl.writeAsyncImpl(RaftServerImpl.java:975) ~[ratis-server-3.1.0.jar:3.1.0]
	at org.apache.ratis.server.impl.RaftServerImpl.writeAsync(RaftServerImpl.java:945) ~[ratis-server-3.1.0.jar:3.1.0]
	at org.apache.ratis.server.impl.RaftServerImpl.replyFuture(RaftServerImpl.java:937) ~[ratis-server-3.1.0.jar:3.1.0]
	at org.apache.ratis.server.impl.RaftServerImpl.submitClientRequestAsync(RaftServerImpl.java:912) ~[ratis-server-3.1.0.jar:3.1.0]
	at org.apache.ratis.server.impl.RaftServerImpl.lambda$executeSubmitClientRequestAsync$11(RaftServerImpl.java:893) ~[ratis-server-3.1.0.jar:3.1.0]
	at java.base/java.util.concurrent.CompletableFuture$AsyncSupply.run(CompletableFuture.java:1768) [?:?]
	at java.base/java.util.concurrent.ThreadPoolExecutor.runWorker(ThreadPoolExecutor.java:1136) [?:?]
	at java.base/java.util.concurrent.ThreadPoolExecutor$Worker.run(ThreadPoolExecutor.java:635) [?:?]
	at java.base/java.lang.Thread.run(Thread.java:840) [?:?]
2024-09-10 16:46:41,181 [grpc-default-executor-4] ERROR impl.OrderedAsync (OrderedAsync.java:lambda$send$4(181)) - Failed to send request, message=cmdType: WriteChunk
traceID: ""
containerID: 1
datanodeUuid: "e5502358-b128-4a46-b87d-f44ed006f965"
writeChunk {
  blockID {
    containerID: 1
    localID: 113750153625600001
    blockCommitSequenceId: 13
    replicaIndex: 0
  }
  chunkData {
    chunkName: "113750153625600001_chunk_8"
    offset: 700
    len: 100
    checksumData {
      type: NONE
      bytesPerChecksum: 16384
    }
  }
}
version: 4
, data.size=100
java.util.concurrent.CompletionException: org.apache.ratis.protocol.exceptions.StateMachineException: org.apache.hadoop.hdds.scm.container.common.helpers.ContainerNotOpenException from Server f49a985e-efe9-405d-8922-13d0c1bb1d78@group-A76AAD3EA5B0: Container 1 in CLOSING state
	at org.apache.ratis.client.impl.RaftClientImpl.handleRaftException(RaftClientImpl.java:373)
	at org.apache.ratis.client.impl.OrderedAsync.lambda$send$3(OrderedAsync.java:175)
	at java.base/java.util.concurrent.CompletableFuture$UniApply.tryFire(CompletableFuture.java:646)
	at java.base/java.util.concurrent.CompletableFuture.postComplete(CompletableFuture.java:510)
	at java.base/java.util.concurrent.CompletableFuture.complete(CompletableFuture.java:2147)
	at org.apache.ratis.client.impl.OrderedAsync$PendingOrderedRequest.setReply(OrderedAsync.java:105)
	at org.apache.ratis.client.impl.OrderedAsync$PendingOrderedRequest.setReply(OrderedAsync.java:66)
	at org.apache.ratis.util.SlidingWindow$RequestMap.setReply(SlidingWindow.java:147)
	at org.apache.ratis.util.SlidingWindow$Client.receiveReply(SlidingWindow.java:351)
	at org.apache.ratis.client.impl.OrderedAsync.lambda$sendRequestWithRetry$5(OrderedAsync.java:210)
	at java.base/java.util.concurrent.CompletableFuture$UniAccept.tryFire(CompletableFuture.java:718)
	at java.base/java.util.concurrent.CompletableFuture.postComplete(CompletableFuture.java:510)
	at java.base/java.util.concurrent.CompletableFuture.complete(CompletableFuture.java:2147)
	at org.apache.ratis.grpc.client.GrpcClientProtocolClient$AsyncStreamObservers$1.lambda$onNext$0(GrpcClientProtocolClient.java:322)
	at java.base/java.util.Optional.ifPresent(Optional.java:178)
	at org.apache.ratis.grpc.client.GrpcClientProtocolClient$AsyncStreamObservers.handleReplyFuture(GrpcClientProtocolClient.java:378)
	at org.apache.ratis.grpc.client.GrpcClientProtocolClient$AsyncStreamObservers.access$100(GrpcClientProtocolClient.java:300)
	at org.apache.ratis.grpc.client.GrpcClientProtocolClient$AsyncStreamObservers$1.onNext(GrpcClientProtocolClient.java:322)
	at org.apache.ratis.grpc.client.GrpcClientProtocolClient$AsyncStreamObservers$1.onNext(GrpcClientProtocolClient.java:305)
	at org.apache.ratis.thirdparty.io.grpc.stub.ClientCalls$StreamObserverToCallListenerAdapter.onMessage(ClientCalls.java:468)
	at org.apache.ratis.thirdparty.io.grpc.ForwardingClientCallListener.onMessage(ForwardingClientCallListener.java:33)
	at org.apache.ratis.thirdparty.io.grpc.internal.DelayedClientCall$DelayedListener.onMessage(DelayedClientCall.java:473)
	at org.apache.ratis.thirdparty.io.grpc.internal.ClientCallImpl$ClientStreamListenerImpl$1MessagesAvailable.runInternal(ClientCallImpl.java:660)
	at org.apache.ratis.thirdparty.io.grpc.internal.ClientCallImpl$ClientStreamListenerImpl$1MessagesAvailable.runInContext(ClientCallImpl.java:647)
	at org.apache.ratis.thirdparty.io.grpc.internal.ContextRunnable.run(ContextRunnable.java:37)
	at org.apache.ratis.thirdparty.io.grpc.internal.SerializingExecutor.run(SerializingExecutor.java:133)
	at java.base/java.util.concurrent.ThreadPoolExecutor.runWorker(ThreadPoolExecutor.java:1136)
	at java.base/java.util.concurrent.ThreadPoolExecutor$Worker.run(ThreadPoolExecutor.java:635)
	at java.base/java.lang.Thread.run(Thread.java:840)
Caused by: org.apache.ratis.protocol.exceptions.StateMachineException: org.apache.hadoop.hdds.scm.container.common.helpers.ContainerNotOpenException from Server f49a985e-efe9-405d-8922-13d0c1bb1d78@group-A76AAD3EA5B0: Container 1 in CLOSING state
	at org.apache.hadoop.ozone.container.common.impl.HddsDispatcher.validateContainerCommand(HddsDispatcher.java:571)
	at org.apache.hadoop.ozone.container.common.transport.server.ratis.ContainerStateMachine.startTransaction(ContainerStateMachine.java:426)
	at org.apache.ratis.server.impl.RaftServerImpl.writeAsyncImpl(RaftServerImpl.java:975)
	at org.apache.ratis.server.impl.RaftServerImpl.writeAsync(RaftServerImpl.java:945)
	at org.apache.ratis.server.impl.RaftServerImpl.replyFuture(RaftServerImpl.java:937)
	at org.apache.ratis.server.impl.RaftServerImpl.submitClientRequestAsync(RaftServerImpl.java:912)
	at org.apache.ratis.server.impl.RaftServerImpl.lambda$executeSubmitClientRequestAsync$11(RaftServerImpl.java:893)
	at java.base/java.util.concurrent.CompletableFuture$AsyncSupply.run(CompletableFuture.java:1768)
	... 3 more
Caused by: org.apache.hadoop.hdds.scm.container.common.helpers.ContainerNotOpenException: Container 1 in CLOSING state
	at java.base/jdk.internal.reflect.NativeConstructorAccessorImpl.newInstance0(Native Method)
	at java.base/jdk.internal.reflect.NativeConstructorAccessorImpl.newInstance(NativeConstructorAccessorImpl.java:77)
	at java.base/jdk.internal.reflect.DelegatingConstructorAccessorImpl.newInstance(DelegatingConstructorAccessorImpl.java:45)
	at java.base/java.lang.reflect.Constructor.newInstanceWithCaller(Constructor.java:500)
	at java.base/java.lang.reflect.Constructor.newInstance(Constructor.java:481)
	at org.apache.ratis.util.ReflectionUtils.instantiateException(ReflectionUtils.java:259)
	at org.apache.ratis.client.impl.ClientProtoUtils.toStateMachineException(ClientProtoUtils.java:451)
	at org.apache.ratis.client.impl.ClientProtoUtils.toStateMachineException(ClientProtoUtils.java:437)
	at org.apache.ratis.client.impl.ClientProtoUtils.toRaftClientReply(ClientProtoUtils.java:404)
	at org.apache.ratis.grpc.client.GrpcClientProtocolClient$AsyncStreamObservers$1.onNext(GrpcClientProtocolClient.java:310)
	at org.apache.ratis.grpc.client.GrpcClientProtocolClient$AsyncStreamObservers$1.onNext(GrpcClientProtocolClient.java:305)
	at org.apache.ratis.thirdparty.io.grpc.stub.ClientCalls$StreamObserverToCallListenerAdapter.onMessage(ClientCalls.java:468)
	at org.apache.ratis.thirdparty.io.grpc.ForwardingClientCallListener.onMessage(ForwardingClientCallListener.java:33)
	at org.apache.ratis.thirdparty.io.grpc.internal.DelayedClientCall$DelayedListener.onMessage(DelayedClientCall.java:473)
	at org.apache.ratis.thirdparty.io.grpc.internal.ClientCallImpl$ClientStreamListenerImpl$1MessagesAvailable.runInternal(ClientCallImpl.java:660)
	at org.apache.ratis.thirdparty.io.grpc.internal.ClientCallImpl$ClientStreamListenerImpl$1MessagesAvailable.runInContext(ClientCallImpl.java:647)
	at org.apache.ratis.thirdparty.io.grpc.internal.ContextRunnable.run(ContextRunnable.java:37)
	at org.apache.ratis.thirdparty.io.grpc.internal.SerializingExecutor.run(SerializingExecutor.java:133)
	... 3 more
2024-09-10 16:46:41,184 [grpc-default-executor-4] ERROR impl.OrderedAsync (OrderedAsync.java:lambda$send$4(181)) - Failed to send request, message=cmdType: PutBlock
traceID: ""
containerID: 1
datanodeUuid: "e5502358-b128-4a46-b87d-f44ed006f965"
putBlock {
  blockData {
    blockID {
      containerID: 1
      localID: 113750153625600001
      blockCommitSequenceId: 0
    }
    metadata {
      key: "TYPE"
      value: "KEY"
    }
    chunks {
      chunkName: "113750153625600001_chunk_1"
      offset: 0
      len: 100
      checksumData {
        type: NONE
        bytesPerChecksum: 16384
      }
    }
    chunks {
      chunkName: "113750153625600001_chunk_2"
      offset: 100
      len: 100
      checksumData {
        type: NONE
        bytesPerChecksum: 16384
      }
    }
    chunks {
      chunkName: "113750153625600001_chunk_3"
      offset: 200
      len: 100
      checksumData {
        type: NONE
        bytesPerChecksum: 16384
      }
    }
    chunks {
      chunkName: "113750153625600001_chunk_4"
      offset: 300
      len: 100
      checksumData {
        type: NONE
        bytesPerChecksum: 16384
      }
    }
    chunks {
      chunkName: "113750153625600001_chunk_5"
      offset: 400
      len: 100
      checksumData {
        type: NONE
        bytesPerChecksum: 16384
      }
    }
    chunks {
      chunkName: "113750153625600001_chunk_6"
      offset: 500
      len: 100
      checksumData {
        type: NONE
        bytesPerChecksum: 16384
      }
    }
    chunks {
      chunkName: "113750153625600001_chunk_7"
      offset: 600
      len: 100
      checksumData {
        type: NONE
        bytesPerChecksum: 16384
      }
    }
    chunks {
      chunkName: "113750153625600001_chunk_8"
      offset: 700
      len: 100
      checksumData {
        type: NONE
        bytesPerChecksum: 16384
      }
    }
  }
  eof: true
}
version: 4
, data.size=0
java.util.concurrent.CompletionException: org.apache.ratis.protocol.exceptions.StateMachineException: org.apache.hadoop.hdds.scm.container.common.helpers.ContainerNotOpenException from Server f49a985e-efe9-405d-8922-13d0c1bb1d78@group-A76AAD3EA5B0: Container 1 in CLOSING state
	at org.apache.ratis.client.impl.RaftClientImpl.handleRaftException(RaftClientImpl.java:373)
	at org.apache.ratis.client.impl.OrderedAsync.lambda$send$3(OrderedAsync.java:175)
	at java.base/java.util.concurrent.CompletableFuture$UniApply.tryFire(CompletableFuture.java:646)
	at java.base/java.util.concurrent.CompletableFuture.postComplete(CompletableFuture.java:510)
	at java.base/java.util.concurrent.CompletableFuture.complete(CompletableFuture.java:2147)
	at org.apache.ratis.client.impl.OrderedAsync$PendingOrderedRequest.setReply(OrderedAsync.java:105)
	at org.apache.ratis.client.impl.OrderedAsync$PendingOrderedRequest.setReply(OrderedAsync.java:66)
	at org.apache.ratis.util.SlidingWindow$RequestMap.setReply(SlidingWindow.java:147)
	at org.apache.ratis.util.SlidingWindow$Client.receiveReply(SlidingWindow.java:351)
	at org.apache.ratis.client.impl.OrderedAsync.lambda$sendRequestWithRetry$5(OrderedAsync.java:210)
	at java.base/java.util.concurrent.CompletableFuture$UniAccept.tryFire(CompletableFuture.java:718)
	at java.base/java.util.concurrent.CompletableFuture.postComplete(CompletableFuture.java:510)
	at java.base/java.util.concurrent.CompletableFuture.complete(CompletableFuture.java:2147)
	at org.apache.ratis.grpc.client.GrpcClientProtocolClient$AsyncStreamObservers$1.lambda$onNext$0(GrpcClientProtocolClient.java:322)
	at java.base/java.util.Optional.ifPresent(Optional.java:178)
	at org.apache.ratis.grpc.client.GrpcClientProtocolClient$AsyncStreamObservers.handleReplyFuture(GrpcClientProtocolClient.java:378)
	at org.apache.ratis.grpc.client.GrpcClientProtocolClient$AsyncStreamObservers.access$100(GrpcClientProtocolClient.java:300)
	at org.apache.ratis.grpc.client.GrpcClientProtocolClient$AsyncStreamObservers$1.onNext(GrpcClientProtocolClient.java:322)
	at org.apache.ratis.grpc.client.GrpcClientProtocolClient$AsyncStreamObservers$1.onNext(GrpcClientProtocolClient.java:305)
	at org.apache.ratis.thirdparty.io.grpc.stub.ClientCalls$StreamObserverToCallListenerAdapter.onMessage(ClientCalls.java:468)
	at org.apache.ratis.thirdparty.io.grpc.ForwardingClientCallListener.onMessage(ForwardingClientCallListener.java:33)
	at org.apache.ratis.thirdparty.io.grpc.internal.DelayedClientCall$DelayedListener.onMessage(DelayedClientCall.java:473)
	at org.apache.ratis.thirdparty.io.grpc.internal.ClientCallImpl$ClientStreamListenerImpl$1MessagesAvailable.runInternal(ClientCallImpl.java:660)
	at org.apache.ratis.thirdparty.io.grpc.internal.ClientCallImpl$ClientStreamListenerImpl$1MessagesAvailable.runInContext(ClientCallImpl.java:647)
	at org.apache.ratis.thirdparty.io.grpc.internal.ContextRunnable.run(ContextRunnable.java:37)
	at org.apache.ratis.thirdparty.io.grpc.internal.SerializingExecutor.run(SerializingExecutor.java:133)
	at java.base/java.util.concurrent.ThreadPoolExecutor.runWorker(ThreadPoolExecutor.java:1136)
	at java.base/java.util.concurrent.ThreadPoolExecutor$Worker.run(ThreadPoolExecutor.java:635)
	at java.base/java.lang.Thread.run(Thread.java:840)
Caused by: org.apache.ratis.protocol.exceptions.StateMachineException: org.apache.hadoop.hdds.scm.container.common.helpers.ContainerNotOpenException from Server f49a985e-efe9-405d-8922-13d0c1bb1d78@group-A76AAD3EA5B0: Container 1 in CLOSING state
	at org.apache.hadoop.ozone.container.common.impl.HddsDispatcher.validateContainerCommand(HddsDispatcher.java:571)
	at org.apache.hadoop.ozone.container.common.transport.server.ratis.ContainerStateMachine.startTransaction(ContainerStateMachine.java:426)
	at org.apache.ratis.server.impl.RaftServerImpl.writeAsyncImpl(RaftServerImpl.java:975)
	at org.apache.ratis.server.impl.RaftServerImpl.writeAsync(RaftServerImpl.java:945)
	at org.apache.ratis.server.impl.RaftServerImpl.replyFuture(RaftServerImpl.java:937)
	at org.apache.ratis.server.impl.RaftServerImpl.submitClientRequestAsync(RaftServerImpl.java:912)
	at org.apache.ratis.server.impl.RaftServerImpl.lambda$executeSubmitClientRequestAsync$11(RaftServerImpl.java:893)
	at java.base/java.util.concurrent.CompletableFuture$AsyncSupply.run(CompletableFuture.java:1768)
	... 3 more
Caused by: org.apache.hadoop.hdds.scm.container.common.helpers.ContainerNotOpenException: Container 1 in CLOSING state
	at java.base/jdk.internal.reflect.NativeConstructorAccessorImpl.newInstance0(Native Method)
	at java.base/jdk.internal.reflect.NativeConstructorAccessorImpl.newInstance(NativeConstructorAccessorImpl.java:77)
	at java.base/jdk.internal.reflect.DelegatingConstructorAccessorImpl.newInstance(DelegatingConstructorAccessorImpl.java:45)
	at java.base/java.lang.reflect.Constructor.newInstanceWithCaller(Constructor.java:500)
	at java.base/java.lang.reflect.Constructor.newInstance(Constructor.java:481)
	at org.apache.ratis.util.ReflectionUtils.instantiateException(ReflectionUtils.java:259)
	at org.apache.ratis.client.impl.ClientProtoUtils.toStateMachineException(ClientProtoUtils.java:451)
	at org.apache.ratis.client.impl.ClientProtoUtils.toStateMachineException(ClientProtoUtils.java:437)
	at org.apache.ratis.client.impl.ClientProtoUtils.toRaftClientReply(ClientProtoUtils.java:404)
	at org.apache.ratis.grpc.client.GrpcClientProtocolClient$AsyncStreamObservers$1.onNext(GrpcClientProtocolClient.java:310)
	at org.apache.ratis.grpc.client.GrpcClientProtocolClient$AsyncStreamObservers$1.onNext(GrpcClientProtocolClient.java:305)
	at org.apache.ratis.thirdparty.io.grpc.stub.ClientCalls$StreamObserverToCallListenerAdapter.onMessage(ClientCalls.java:468)
	at org.apache.ratis.thirdparty.io.grpc.ForwardingClientCallListener.onMessage(ForwardingClientCallListener.java:33)
	at org.apache.ratis.thirdparty.io.grpc.internal.DelayedClientCall$DelayedListener.onMessage(DelayedClientCall.java:473)
	at org.apache.ratis.thirdparty.io.grpc.internal.ClientCallImpl$ClientStreamListenerImpl$1MessagesAvailable.runInternal(ClientCallImpl.java:660)
	at org.apache.ratis.thirdparty.io.grpc.internal.ClientCallImpl$ClientStreamListenerImpl$1MessagesAvailable.runInContext(ClientCallImpl.java:647)
	at org.apache.ratis.thirdparty.io.grpc.internal.ContextRunnable.run(ContextRunnable.java:37)
	at org.apache.ratis.thirdparty.io.grpc.internal.SerializingExecutor.run(SerializingExecutor.java:133)
	... 3 more
2024-09-10 16:46:41,187 [IPC Server handler 5 on default port 15160] INFO  pipeline.RatisPipelineProvider (RatisPipelineProvider.java:lambda$create$0(205)) - Sending CreatePipelineCommand for pipeline:PipelineID=b90310fe-41f6-43a3-a698-7133c33d95e9 to datanode:2330440b-2504-4263-b461-07f8c416a88f
2024-09-10 16:46:41,187 [IPC Server handler 5 on default port 15160] INFO  pipeline.RatisPipelineProvider (RatisPipelineProvider.java:lambda$create$0(205)) - Sending CreatePipelineCommand for pipeline:PipelineID=b90310fe-41f6-43a3-a698-7133c33d95e9 to datanode:f49a985e-efe9-405d-8922-13d0c1bb1d78
2024-09-10 16:46:41,187 [IPC Server handler 5 on default port 15160] INFO  pipeline.RatisPipelineProvider (RatisPipelineProvider.java:lambda$create$0(205)) - Sending CreatePipelineCommand for pipeline:PipelineID=b90310fe-41f6-43a3-a698-7133c33d95e9 to datanode:b02980de-72b7-4a99-a802-296f21296c04
2024-09-10 16:46:41,192 [EventQueue-StaleNodeForStaleNodeHandler] INFO  node.StaleNodeHandler (StaleNodeHandler.java:onMessage(57)) - Datanode 2330440b-2504-4263-b461-07f8c416a88f(localhost/127.0.0.1) moved to stale state. Finalizing its pipelines [PipelineID=f898d4e5-ee40-457b-b42b-b172c2eb6515, PipelineID=41bac477-4634-43db-9c8d-c733a4596614, PipelineID=7646dd5a-ad1c-44c3-ab45-a76aad3ea5b0, PipelineID=b90310fe-41f6-43a3-a698-7133c33d95e9, PipelineID=998c03c0-f7d5-40e6-a397-bd59e781ad1c]
2024-09-10 16:46:41,192 [EventQueue-DeadNodeForDeadNodeHandler] INFO  node.DeadNodeHandler (DeadNodeHandler.java:onMessage(95)) - A dead datanode is detected. e5502358-b128-4a46-b87d-f44ed006f965(localhost/127.0.0.1)
2024-09-10 16:46:41,193 [EventQueue-StaleNodeForStaleNodeHandler] INFO  pipeline.PipelineManagerImpl (PipelineManagerImpl.java:closePipeline(518)) - Pipeline PipelineID=f898d4e5-ee40-457b-b42b-b172c2eb6515 moved to CLOSED state
2024-09-10 16:46:41,193 [EventQueue-DeadNodeForDeadNodeHandler] INFO  pipeline.RatisPipelineProvider (RatisPipelineProvider.java:lambda$close$4(270)) - Send pipeline:PipelineID=41bac477-4634-43db-9c8d-c733a4596614 close command to datanode e5502358-b128-4a46-b87d-f44ed006f965
2024-09-10 16:46:41,193 [EventQueue-DeadNodeForDeadNodeHandler] INFO  pipeline.RatisPipelineProvider (RatisPipelineProvider.java:lambda$close$4(270)) - Send pipeline:PipelineID=41bac477-4634-43db-9c8d-c733a4596614 close command to datanode f49a985e-efe9-405d-8922-13d0c1bb1d78
2024-09-10 16:46:41,193 [EventQueue-StaleNodeForStaleNodeHandler] INFO  pipeline.PipelineManagerImpl (PipelineManagerImpl.java:closePipeline(518)) - Pipeline PipelineID=b90310fe-41f6-43a3-a698-7133c33d95e9 moved to CLOSED state
2024-09-10 16:46:41,193 [EventQueue-DeadNodeForDeadNodeHandler] INFO  pipeline.RatisPipelineProvider (RatisPipelineProvider.java:lambda$close$4(270)) - Send pipeline:PipelineID=41bac477-4634-43db-9c8d-c733a4596614 close command to datanode 2330440b-2504-4263-b461-07f8c416a88f
2024-09-10 16:46:41,194 [EventQueue-DeadNodeForDeadNodeHandler] INFO  pipeline.PipelineManagerImpl (PipelineManagerImpl.java:removePipeline(459)) - Pipeline Pipeline[ Id: 41bac477-4634-43db-9c8d-c733a4596614, Nodes: e5502358-b128-4a46-b87d-f44ed006f965(localhost/127.0.0.1) ReplicaIndex: 0f49a985e-efe9-405d-8922-13d0c1bb1d78(localhost/127.0.0.1) ReplicaIndex: 02330440b-2504-4263-b461-07f8c416a88f(localhost/127.0.0.1) ReplicaIndex: 0, ReplicationConfig: RATIS/THREE, State:CLOSED, leaderId:2330440b-2504-4263-b461-07f8c416a88f, CreationTimestamp2024-09-10T16:46:26.576Z[Etc/UTC]] removed.
2024-09-10 16:46:41,194 [EventQueue-DeadNodeForDeadNodeHandler] INFO  pipeline.RatisPipelineProvider (RatisPipelineProvider.java:lambda$close$4(270)) - Send pipeline:PipelineID=7646dd5a-ad1c-44c3-ab45-a76aad3ea5b0 close command to datanode e5502358-b128-4a46-b87d-f44ed006f965
2024-09-10 16:46:41,194 [EventQueue-DeadNodeForDeadNodeHandler] INFO  pipeline.RatisPipelineProvider (RatisPipelineProvider.java:lambda$close$4(270)) - Send pipeline:PipelineID=7646dd5a-ad1c-44c3-ab45-a76aad3ea5b0 close command to datanode 2330440b-2504-4263-b461-07f8c416a88f
2024-09-10 16:46:41,194 [EventQueue-DeadNodeForDeadNodeHandler] INFO  pipeline.RatisPipelineProvider (RatisPipelineProvider.java:lambda$close$4(270)) - Send pipeline:PipelineID=7646dd5a-ad1c-44c3-ab45-a76aad3ea5b0 close command to datanode f49a985e-efe9-405d-8922-13d0c1bb1d78
2024-09-10 16:46:41,194 [EventQueue-DeadNodeForDeadNodeHandler] INFO  pipeline.PipelineManagerImpl (PipelineManagerImpl.java:removePipeline(459)) - Pipeline Pipeline[ Id: 7646dd5a-ad1c-44c3-ab45-a76aad3ea5b0, Nodes: e5502358-b128-4a46-b87d-f44ed006f965(localhost/127.0.0.1) ReplicaIndex: 02330440b-2504-4263-b461-07f8c416a88f(localhost/127.0.0.1) ReplicaIndex: 0f49a985e-efe9-405d-8922-13d0c1bb1d78(localhost/127.0.0.1) ReplicaIndex: 0, ReplicationConfig: RATIS/THREE, State:CLOSED, leaderId:f49a985e-efe9-405d-8922-13d0c1bb1d78, CreationTimestamp2024-09-10T16:46:26.574Z[Etc/UTC]] removed.
2024-09-10 16:46:41,194 [EventQueue-DeadNodeForDeadNodeHandler] INFO  pipeline.RatisPipelineProvider (RatisPipelineProvider.java:lambda$close$4(270)) - Send pipeline:PipelineID=fd2ec4e1-122d-4f69-9097-f68757adee15 close command to datanode e5502358-b128-4a46-b87d-f44ed006f965
2024-09-10 16:46:41,195 [EventQueue-DeadNodeForDeadNodeHandler] INFO  pipeline.PipelineManagerImpl (PipelineManagerImpl.java:removePipeline(459)) - Pipeline Pipeline[ Id: fd2ec4e1-122d-4f69-9097-f68757adee15, Nodes: e5502358-b128-4a46-b87d-f44ed006f965(localhost/127.0.0.1) ReplicaIndex: 0, ReplicationConfig: RATIS/ONE, State:CLOSED, leaderId:e5502358-b128-4a46-b87d-f44ed006f965, CreationTimestamp2024-09-10T16:46:26.102Z[Etc/UTC]] removed.
2024-09-10 16:46:41,195 [EventQueue-DeadNodeForDeadNodeHandler] INFO  pipeline.RatisPipelineProvider (RatisPipelineProvider.java:lambda$close$4(270)) - Send pipeline:PipelineID=998c03c0-f7d5-40e6-a397-bd59e781ad1c close command to datanode f49a985e-efe9-405d-8922-13d0c1bb1d78
2024-09-10 16:46:41,195 [EventQueue-DeadNodeForDeadNodeHandler] INFO  pipeline.RatisPipelineProvider (RatisPipelineProvider.java:lambda$close$4(270)) - Send pipeline:PipelineID=998c03c0-f7d5-40e6-a397-bd59e781ad1c close command to datanode 2330440b-2504-4263-b461-07f8c416a88f
2024-09-10 16:46:41,195 [EventQueue-DeadNodeForDeadNodeHandler] INFO  pipeline.RatisPipelineProvider (RatisPipelineProvider.java:lambda$close$4(270)) - Send pipeline:PipelineID=998c03c0-f7d5-40e6-a397-bd59e781ad1c close command to datanode e5502358-b128-4a46-b87d-f44ed006f965
2024-09-10 16:46:41,195 [EventQueue-DeadNodeForDeadNodeHandler] INFO  pipeline.PipelineManagerImpl (PipelineManagerImpl.java:removePipeline(459)) - Pipeline Pipeline[ Id: 998c03c0-f7d5-40e6-a397-bd59e781ad1c, Nodes: f49a985e-efe9-405d-8922-13d0c1bb1d78(localhost/127.0.0.1) ReplicaIndex: 02330440b-2504-4263-b461-07f8c416a88f(localhost/127.0.0.1) ReplicaIndex: 0e5502358-b128-4a46-b87d-f44ed006f965(localhost/127.0.0.1) ReplicaIndex: 0, ReplicationConfig: RATIS/THREE, State:CLOSED, leaderId:e5502358-b128-4a46-b87d-f44ed006f965, CreationTimestamp2024-09-10T16:46:26.575Z[Etc/UTC]] removed.
2024-09-10 16:46:41,196 [EventQueue-DeadNodeForDeadNodeHandler] INFO  node.DeadNodeHandler (DeadNodeHandler.java:onMessage(108)) - Clearing command queue of size 5 for DN e5502358-b128-4a46-b87d-f44ed006f965(localhost/127.0.0.1)
2024-09-10 16:46:41,196 [EventQueue-DeadNodeForDeadNodeHandler] INFO  net.NetworkTopologyImpl (NetworkTopologyImpl.java:remove(212)) - Removed a node: /default-rack/e5502358-b128-4a46-b87d-f44ed006f965
2024-09-10 16:46:42,223 [b02980de-72b7-4a99-a802-296f21296c04-PipelineCommandHandlerThread-0] INFO  server.RaftServer (RaftServerProxy.java:addNew(101)) - b02980de-72b7-4a99-a802-296f21296c04: addNew group-7133C33D95E9:[2330440b-2504-4263-b461-07f8c416a88f|127.0.0.1:15180, b02980de-72b7-4a99-a802-296f21296c04|127.0.0.1:15207, f49a985e-efe9-405d-8922-13d0c1bb1d78|127.0.0.1:15189] returns group-7133C33D95E9:java.util.concurrent.CompletableFuture@31dcb06e[Not completed]
2024-09-10 16:46:42,224 [b02980de-72b7-4a99-a802-296f21296c04-groupManagement] INFO  server.RaftServer$Division (RaftServerImpl.java:<init>(253)) - b02980de-72b7-4a99-a802-296f21296c04: new RaftServerImpl for group-7133C33D95E9:[2330440b-2504-4263-b461-07f8c416a88f|127.0.0.1:15180, b02980de-72b7-4a99-a802-296f21296c04|127.0.0.1:15207, f49a985e-efe9-405d-8922-13d0c1bb1d78|127.0.0.1:15189] with ContainerStateMachine:uninitialized
2024-09-10 16:46:42,224 [b02980de-72b7-4a99-a802-296f21296c04-groupManagement] INFO  server.RaftServerConfigKeys (ConfUtils.java:logGet(46)) - raft.server.rpc.timeout.min = 5s (custom)
2024-09-10 16:46:42,225 [b02980de-72b7-4a99-a802-296f21296c04-groupManagement] INFO  server.RaftServerConfigKeys (ConfUtils.java:logGet(46)) - raft.server.rpc.timeout.max = 5200ms (custom)
2024-09-10 16:46:42,225 [b02980de-72b7-4a99-a802-296f21296c04-groupManagement] INFO  server.RaftServerConfigKeys (ConfUtils.java:logGet(46)) - raft.server.rpc.sleep.time = 25ms (default)
2024-09-10 16:46:42,225 [b02980de-72b7-4a99-a802-296f21296c04-groupManagement] INFO  server.RaftServerConfigKeys (ConfUtils.java:logGet(46)) - raft.server.rpc.slowness.timeout = 300000ms (custom)
2024-09-10 16:46:42,225 [b02980de-72b7-4a99-a802-296f21296c04-groupManagement] INFO  server.RaftServerConfigKeys (ConfUtils.java:logGet(46)) - raft.server.leaderelection.leader.step-down.wait-time = 10s (default)
2024-09-10 16:46:42,225 [b02980de-72b7-4a99-a802-296f21296c04-groupManagement] INFO  server.RaftServerConfigKeys (ConfUtils.java:logGet(46)) - raft.server.leaderelection.member.majority-add = false (default)
2024-09-10 16:46:42,225 [b02980de-72b7-4a99-a802-296f21296c04-groupManagement] INFO  server.RaftServerConfigKeys (ConfUtils.java:logGet(46)) - raft.server.sleep.deviation.threshold = 300ms (default)
2024-09-10 16:46:42,225 [b02980de-72b7-4a99-a802-296f21296c04-groupManagement] INFO  server.RaftServer$Division (ServerState.java:<init>(114)) - b02980de-72b7-4a99-a802-296f21296c04@group-7133C33D95E9: ConfigurationManager, init=conf: {index: -1, cur=peers:[2330440b-2504-4263-b461-07f8c416a88f|127.0.0.1:15180, b02980de-72b7-4a99-a802-296f21296c04|127.0.0.1:15207, f49a985e-efe9-405d-8922-13d0c1bb1d78|127.0.0.1:15189]|listeners:[], old=null}, confs=<EMPTY_MAP>
2024-09-10 16:46:42,225 [b02980de-72b7-4a99-a802-296f21296c04-groupManagement] INFO  server.RaftServerConfigKeys (ConfUtils.java:logGet(46)) - raft.server.notification.no-leader.timeout = 300000ms (custom)
2024-09-10 16:46:42,225 [b02980de-72b7-4a99-a802-296f21296c04-groupManagement] INFO  server.RaftServerConfigKeys (ConfUtils.java:logGet(46)) - raft.server.read.timeout = 10s (default)
2024-09-10 16:46:42,225 [b02980de-72b7-4a99-a802-296f21296c04-groupManagement] INFO  server.RaftServerConfigKeys (ConfUtils.java:logGet(46)) - raft.server.retrycache.expirytime = 600000ms (custom)
2024-09-10 16:46:42,225 [b02980de-72b7-4a99-a802-296f21296c04-groupManagement] INFO  server.RaftServerConfigKeys (ConfUtils.java:logGet(46)) - raft.server.retrycache.statistics.expirytime = 100ms (default)
2024-09-10 16:46:42,225 [b02980de-72b7-4a99-a802-296f21296c04-groupManagement] INFO  server.RaftServerConfigKeys (ConfUtils.java:logGet(46)) - raft.server.read.option = DEFAULT (default)
2024-09-10 16:46:42,225 [b02980de-72b7-4a99-a802-296f21296c04-groupManagement] INFO  server.RaftServerConfigKeys (ConfUtils.java:logGet(46)) - raft.server.read.read-after-write-consistent.write-index-cache.expiry-time = 60s (default)
2024-09-10 16:46:42,227 [b02980de-72b7-4a99-a802-296f21296c04-groupManagement] INFO  server.RaftServerConfigKeys (ConfUtils.java:logGet(46)) - raft.server.rpc.request.timeout = 3000ms (default)
2024-09-10 16:46:42,227 [b02980de-72b7-4a99-a802-296f21296c04-groupManagement] INFO  server.RaftServerConfigKeys (ConfUtils.java:logGet(46)) - raft.server.log.appender.install.snapshot.enabled = false (custom)
2024-09-10 16:46:42,227 [b02980de-72b7-4a99-a802-296f21296c04-groupManagement] INFO  server.RaftServerConfigKeys (ConfUtils.java:logGet(46)) - raft.server.threadpool.server.cached = true (default)
2024-09-10 16:46:42,227 [b02980de-72b7-4a99-a802-296f21296c04-groupManagement] INFO  server.RaftServerConfigKeys (ConfUtils.java:logGet(46)) - raft.server.threadpool.server.size = 0 (default)
2024-09-10 16:46:42,227 [b02980de-72b7-4a99-a802-296f21296c04-groupManagement] INFO  server.RaftServerConfigKeys (ConfUtils.java:logGet(46)) - raft.server.threadpool.client.cached = true (default)
2024-09-10 16:46:42,228 [b02980de-72b7-4a99-a802-296f21296c04-groupManagement] INFO  server.RaftServerConfigKeys (ConfUtils.java:logGet(46)) - raft.server.threadpool.client.size = 0 (default)
2024-09-10 16:46:42,228 [b02980de-72b7-4a99-a802-296f21296c04-groupManagement] INFO  server.RaftServerConfigKeys (ConfUtils.java:logGet(46)) - raft.server.storage.free-space.min = 0MB (=0) (default)
2024-09-10 16:46:42,228 [b02980de-72b7-4a99-a802-296f21296c04-groupManagement] INFO  server.RaftServerConfigKeys (ConfUtils.java:logGet(46)) - raft.server.log.corruption.policy = EXCEPTION (default)
2024-09-10 16:46:42,228 [b02980de-72b7-4a99-a802-296f21296c04-groupManagement] INFO  server.RaftServerConfigKeys (ConfUtils.java:logGet(46)) - raft.server.storage.dir = [/home/runner/work/ozone/ozone/hadoop-ozone/integration-test/target/test-dir/MiniOzoneClusterImpl-4ea98613-7ec2-40e8-bdf5-64593f2fdf96/ozone-meta/datanode-5/ratis] (custom)
2024-09-10 16:46:42,228 [b02980de-72b7-4a99-a802-296f21296c04-groupManagement] INFO  storage.RaftStorageDirectory (RaftStorageDirectoryImpl.java:analyzeStorage(138)) - The storage directory /home/runner/work/ozone/ozone/hadoop-ozone/integration-test/target/test-dir/MiniOzoneClusterImpl-4ea98613-7ec2-40e8-bdf5-64593f2fdf96/ozone-meta/datanode-5/ratis/b90310fe-41f6-43a3-a698-7133c33d95e9 does not exist. Creating ...
2024-09-10 16:46:42,230 [b02980de-72b7-4a99-a802-296f21296c04-groupManagement] INFO  storage.RaftStorageDirectory (RaftStorageDirectoryImpl.java:tryLock(229)) - Lock on /home/runner/work/ozone/ozone/hadoop-ozone/integration-test/target/test-dir/MiniOzoneClusterImpl-4ea98613-7ec2-40e8-bdf5-64593f2fdf96/ozone-meta/datanode-5/ratis/b90310fe-41f6-43a3-a698-7133c33d95e9/in_use.lock acquired by nodename 77969@fv-az1492-488
2024-09-10 16:46:42,231 [b02980de-72b7-4a99-a802-296f21296c04-groupManagement] INFO  storage.RaftStorage (RaftStorageImpl.java:format(98)) - Storage directory /home/runner/work/ozone/ozone/hadoop-ozone/integration-test/target/test-dir/MiniOzoneClusterImpl-4ea98613-7ec2-40e8-bdf5-64593f2fdf96/ozone-meta/datanode-5/ratis/b90310fe-41f6-43a3-a698-7133c33d95e9 has been successfully formatted.
2024-09-10 16:46:42,231 [b02980de-72b7-4a99-a802-296f21296c04-groupManagement] INFO  ratis.ContainerStateMachine (ContainerStateMachine.java:loadSnapshot(295)) - group-7133C33D95E9: The snapshot info is null. Setting the last applied index to:(t:0, i:~)
2024-09-10 16:46:42,231 [b02980de-72b7-4a99-a802-296f21296c04-groupManagement] INFO  server.RaftServerConfigKeys (ConfUtils.java:logGet(46)) - raft.server.log.use.memory = false (default)
2024-09-10 16:46:42,232 [b02980de-72b7-4a99-a802-296f21296c04-groupManagement] INFO  server.RaftServerConfigKeys (ConfUtils.java:logGet(46)) - raft.server.log.purge.gap = 1000000 (custom)
2024-09-10 16:46:42,232 [b02980de-72b7-4a99-a802-296f21296c04-groupManagement] INFO  server.RaftServerConfigKeys (ConfUtils.java:logGet(46)) - raft.server.log.appender.buffer.byte-limit = 33554432 (custom)
2024-09-10 16:46:42,232 [b02980de-72b7-4a99-a802-296f21296c04-groupManagement] INFO  server.RaftServerConfigKeys (ConfUtils.java:logGet(46)) - raft.server.log.statemachine.data.read.timeout = 1000ms (default)
2024-09-10 16:46:42,232 [b02980de-72b7-4a99-a802-296f21296c04-groupManagement] INFO  server.RaftServerConfigKeys (ConfUtils.java:logGet(46)) - raft.server.log.purge.preservation.log.num = 0 (default)
2024-09-10 16:46:42,233 [b02980de-72b7-4a99-a802-296f21296c04-groupManagement] INFO  server.RaftServerConfigKeys (ConfUtils.java:logGet(46)) - raft.server.log.segment.size.max = 67108864 (custom)
2024-09-10 16:46:42,233 [b02980de-72b7-4a99-a802-296f21296c04-groupManagement] INFO  server.RaftServerConfigKeys (ConfUtils.java:logGet(46)) - raft.server.log.segment.cache.num.max = 2 (custom)
2024-09-10 16:46:42,233 [b02980de-72b7-4a99-a802-296f21296c04-groupManagement] INFO  server.RaftServerConfigKeys (ConfUtils.java:logGet(46)) - raft.server.log.segment.cache.size.max = 200MB (=209715200) (default)
2024-09-10 16:46:42,233 [b02980de-72b7-4a99-a802-296f21296c04-groupManagement] INFO  server.RaftServerConfigKeys (ConfUtils.java:logGet(46)) - raft.server.log.appender.buffer.byte-limit = 33554432 (custom)
2024-09-10 16:46:42,233 [b02980de-72b7-4a99-a802-296f21296c04-groupManagement] INFO  util.AwaitToRun (AwaitToRun.java:start(81)) - Thread[b02980de-72b7-4a99-a802-296f21296c04@group-7133C33D95E9-cacheEviction-AwaitToRun,5,main] started
2024-09-10 16:46:42,233 [b02980de-72b7-4a99-a802-296f21296c04-groupManagement] INFO  segmented.SegmentedRaftLogWorker (SegmentedRaftLogWorker.java:<init>(184)) - new b02980de-72b7-4a99-a802-296f21296c04@group-7133C33D95E9-SegmentedRaftLogWorker for RaftStorageImpl:Storage Directory /home/runner/work/ozone/ozone/hadoop-ozone/integration-test/target/test-dir/MiniOzoneClusterImpl-4ea98613-7ec2-40e8-bdf5-64593f2fdf96/ozone-meta/datanode-5/ratis/b90310fe-41f6-43a3-a698-7133c33d95e9
2024-09-10 16:46:42,233 [b02980de-72b7-4a99-a802-296f21296c04-groupManagement] INFO  server.RaftServerConfigKeys (ConfUtils.java:logGet(46)) - raft.server.log.queue.byte-limit = 4294967296 (custom)
2024-09-10 16:46:42,233 [b02980de-72b7-4a99-a802-296f21296c04-groupManagement] INFO  server.RaftServerConfigKeys (ConfUtils.java:logGet(46)) - raft.server.log.queue.element-limit = 1024 (custom)
2024-09-10 16:46:42,233 [b02980de-72b7-4a99-a802-296f21296c04-groupManagement] INFO  server.RaftServerConfigKeys (ConfUtils.java:logGet(46)) - raft.server.log.segment.size.max = 67108864 (custom)
2024-09-10 16:46:42,233 [b02980de-72b7-4a99-a802-296f21296c04-groupManagement] INFO  server.RaftServerConfigKeys (ConfUtils.java:logGet(46)) - raft.server.log.preallocated.size = 4194304 (custom)
2024-09-10 16:46:42,233 [b02980de-72b7-4a99-a802-296f21296c04-groupManagement] INFO  server.RaftServerConfigKeys (ConfUtils.java:logGet(46)) - raft.server.log.force.sync.num = 128 (default)
2024-09-10 16:46:42,234 [b02980de-72b7-4a99-a802-296f21296c04-groupManagement] INFO  server.RaftServerConfigKeys (ConfUtils.java:logGet(46)) - raft.server.log.statemachine.data.sync = true (default)
2024-09-10 16:46:42,234 [b02980de-72b7-4a99-a802-296f21296c04-groupManagement] INFO  server.RaftServerConfigKeys (ConfUtils.java:logGet(46)) - raft.server.log.statemachine.data.sync.timeout = 10s (default)
2024-09-10 16:46:42,234 [b02980de-72b7-4a99-a802-296f21296c04-groupManagement] INFO  server.RaftServerConfigKeys (ConfUtils.java:logGet(46)) - raft.server.log.statemachine.data.sync.timeout.retry = 30 (custom)
2024-09-10 16:46:42,234 [b02980de-72b7-4a99-a802-296f21296c04-groupManagement] INFO  server.RaftServerConfigKeys (ConfUtils.java:logGet(46)) - raft.server.log.write.buffer.size = 33554440 (custom)
2024-09-10 16:46:42,240 [b02980de-72b7-4a99-a802-296f21296c04-groupManagement] INFO  server.RaftServerConfigKeys (ConfUtils.java:logGet(46)) - raft.server.log.appender.buffer.byte-limit = 33554432 (custom)
2024-09-10 16:46:42,240 [b02980de-72b7-4a99-a802-296f21296c04-groupManagement] INFO  server.RaftServerConfigKeys (ConfUtils.java:logGet(46)) - raft.server.log.unsafe-flush.enabled = false (default)
2024-09-10 16:46:42,240 [b02980de-72b7-4a99-a802-296f21296c04-groupManagement] INFO  server.RaftServerConfigKeys (ConfUtils.java:logGet(46)) - raft.server.log.async-flush.enabled = false (default)
2024-09-10 16:46:42,240 [b02980de-72b7-4a99-a802-296f21296c04-groupManagement] INFO  server.RaftServerConfigKeys (ConfUtils.java:logGet(46)) - raft.server.log.statemachine.data.caching.enabled = true (custom)
2024-09-10 16:46:42,240 [b02980de-72b7-4a99-a802-296f21296c04-groupManagement] INFO  segmented.SegmentedRaftLogWorker (SegmentedRaftLogWorker.java:lambda$new$0(135)) - b02980de-72b7-4a99-a802-296f21296c04@group-7133C33D95E9-SegmentedRaftLogWorker: flushIndex: setUnconditionally 0 -> -1
2024-09-10 16:46:42,240 [b02980de-72b7-4a99-a802-296f21296c04-groupManagement] INFO  segmented.SegmentedRaftLogWorker (SegmentedRaftLogWorker.java:lambda$new$0(135)) - b02980de-72b7-4a99-a802-296f21296c04@group-7133C33D95E9-SegmentedRaftLogWorker: safeCacheEvictIndex: setUnconditionally 0 -> -1
2024-09-10 16:46:42,241 [b02980de-72b7-4a99-a802-296f21296c04-groupManagement] INFO  server.RaftServer$Division (RaftServerImpl.java:start(389)) - b02980de-72b7-4a99-a802-296f21296c04@group-7133C33D95E9: start as a follower, conf=conf: {index: -1, cur=peers:[2330440b-2504-4263-b461-07f8c416a88f|127.0.0.1:15180, b02980de-72b7-4a99-a802-296f21296c04|127.0.0.1:15207, f49a985e-efe9-405d-8922-13d0c1bb1d78|127.0.0.1:15189]|listeners:[], old=null}
2024-09-10 16:46:42,241 [b02980de-72b7-4a99-a802-296f21296c04-groupManagement] INFO  server.RaftServer$Division (RaftServerImpl.java:setRole(376)) - b02980de-72b7-4a99-a802-296f21296c04@group-7133C33D95E9: changes role from      null to FOLLOWER at term 0 for startAsFollower
2024-09-10 16:46:42,241 [b02980de-72b7-4a99-a802-296f21296c04-groupManagement] INFO  impl.RoleInfo (RoleInfo.java:updateAndGet(148)) - b02980de-72b7-4a99-a802-296f21296c04: start b02980de-72b7-4a99-a802-296f21296c04@group-7133C33D95E9-FollowerState
2024-09-10 16:46:42,241 [b02980de-72b7-4a99-a802-296f21296c04-groupManagement] INFO  util.JmxRegister (JmxRegister.java:tryRegister(44)) - Successfully registered JMX Bean with object name Ratis:service=RaftServer,group=group-7133C33D95E9,id=b02980de-72b7-4a99-a802-296f21296c04
2024-09-10 16:46:42,241 [b02980de-72b7-4a99-a802-296f21296c04-groupManagement] INFO  util.JmxRegister (JmxRegister.java:register(58)) - register mxBean class org.apache.ratis.server.impl.RaftServerJmxAdapter as Ratis:service=RaftServer,group=group-7133C33D95E9,id=b02980de-72b7-4a99-a802-296f21296c04
2024-09-10 16:46:42,241 [b02980de-72b7-4a99-a802-296f21296c04-groupManagement] INFO  server.RaftServerConfigKeys (ConfUtils.java:logGet(46)) - raft.server.snapshot.trigger-when-stop.enabled = true (default)
2024-09-10 16:46:42,241 [b02980de-72b7-4a99-a802-296f21296c04-groupManagement] INFO  server.RaftServerConfigKeys (ConfUtils.java:logGet(46)) - raft.server.snapshot.trigger-when-remove.enabled = true (default)
2024-09-10 16:46:42,241 [b02980de-72b7-4a99-a802-296f21296c04-groupManagement] INFO  server.RaftServerConfigKeys (ConfUtils.java:logGet(46)) - raft.server.snapshot.auto.trigger.enabled = true (custom)
2024-09-10 16:46:42,241 [b02980de-72b7-4a99-a802-296f21296c04-groupManagement] INFO  server.RaftServerConfigKeys (ConfUtils.java:logGet(46)) - raft.server.snapshot.auto.trigger.threshold = 10000 (custom)
2024-09-10 16:46:42,242 [b02980de-72b7-4a99-a802-296f21296c04-groupManagement] INFO  server.RaftServerConfigKeys (ConfUtils.java:logGet(46)) - raft.server.snapshot.retention.file.num = 5 (custom)
2024-09-10 16:46:42,242 [b02980de-72b7-4a99-a802-296f21296c04-groupManagement] INFO  server.RaftServerConfigKeys (ConfUtils.java:logGet(46)) - raft.server.log.purge.upto.snapshot.index = false (default)
2024-09-10 16:46:42,241 [b02980de-72b7-4a99-a802-296f21296c04@group-7133C33D95E9-FollowerState] INFO  server.RaftServerConfigKeys (ConfUtils.java:logFallback(53)) - raft.server.rpc.first-election.timeout.min = 5s (fallback to raft.server.rpc.timeout.min)
2024-09-10 16:46:42,242 [b02980de-72b7-4a99-a802-296f21296c04@group-7133C33D95E9-FollowerState] INFO  server.RaftServerConfigKeys (ConfUtils.java:logFallback(53)) - raft.server.rpc.first-election.timeout.max = 5200ms (fallback to raft.server.rpc.timeout.max)
2024-09-10 16:46:42,242 [b02980de-72b7-4a99-a802-296f21296c04-PipelineCommandHandlerThread-0] INFO  ratis.XceiverServerRatis (XceiverServerRatis.java:addGroup(849)) - Created group PipelineID=b90310fe-41f6-43a3-a698-7133c33d95e9
2024-09-10 16:46:43,087 [f49a985e-efe9-405d-8922-13d0c1bb1d78-PipelineCommandHandlerThread-0] INFO  server.RaftServer (RaftServerProxy.java:addNew(101)) - f49a985e-efe9-405d-8922-13d0c1bb1d78: addNew group-7133C33D95E9:[2330440b-2504-4263-b461-07f8c416a88f|127.0.0.1:15180, b02980de-72b7-4a99-a802-296f21296c04|127.0.0.1:15207, f49a985e-efe9-405d-8922-13d0c1bb1d78|127.0.0.1:15189] returns group-7133C33D95E9:java.util.concurrent.CompletableFuture@23eb4414[Not completed]
2024-09-10 16:46:43,088 [f49a985e-efe9-405d-8922-13d0c1bb1d78-groupManagement] INFO  server.RaftServer$Division (RaftServerImpl.java:<init>(253)) - f49a985e-efe9-405d-8922-13d0c1bb1d78: new RaftServerImpl for group-7133C33D95E9:[2330440b-2504-4263-b461-07f8c416a88f|127.0.0.1:15180, b02980de-72b7-4a99-a802-296f21296c04|127.0.0.1:15207, f49a985e-efe9-405d-8922-13d0c1bb1d78|127.0.0.1:15189] with ContainerStateMachine:uninitialized
2024-09-10 16:46:43,088 [f49a985e-efe9-405d-8922-13d0c1bb1d78-groupManagement] INFO  server.RaftServerConfigKeys (ConfUtils.java:logGet(46)) - raft.server.rpc.timeout.min = 5s (custom)
2024-09-10 16:46:43,088 [f49a985e-efe9-405d-8922-13d0c1bb1d78-groupManagement] INFO  server.RaftServerConfigKeys (ConfUtils.java:logGet(46)) - raft.server.rpc.timeout.max = 5200ms (custom)
2024-09-10 16:46:43,088 [f49a985e-efe9-405d-8922-13d0c1bb1d78-groupManagement] INFO  server.RaftServerConfigKeys (ConfUtils.java:logGet(46)) - raft.server.rpc.sleep.time = 25ms (default)
2024-09-10 16:46:43,088 [f49a985e-efe9-405d-8922-13d0c1bb1d78-groupManagement] INFO  server.RaftServerConfigKeys (ConfUtils.java:logGet(46)) - raft.server.rpc.slowness.timeout = 300000ms (custom)
2024-09-10 16:46:43,088 [f49a985e-efe9-405d-8922-13d0c1bb1d78-groupManagement] INFO  server.RaftServerConfigKeys (ConfUtils.java:logGet(46)) - raft.server.leaderelection.leader.step-down.wait-time = 10s (default)
2024-09-10 16:46:43,088 [f49a985e-efe9-405d-8922-13d0c1bb1d78-groupManagement] INFO  server.RaftServerConfigKeys (ConfUtils.java:logGet(46)) - raft.server.leaderelection.member.majority-add = false (default)
2024-09-10 16:46:43,088 [f49a985e-efe9-405d-8922-13d0c1bb1d78-groupManagement] INFO  server.RaftServerConfigKeys (ConfUtils.java:logGet(46)) - raft.server.sleep.deviation.threshold = 300ms (default)
2024-09-10 16:46:43,088 [f49a985e-efe9-405d-8922-13d0c1bb1d78-groupManagement] INFO  server.RaftServer$Division (ServerState.java:<init>(114)) - f49a985e-efe9-405d-8922-13d0c1bb1d78@group-7133C33D95E9: ConfigurationManager, init=conf: {index: -1, cur=peers:[2330440b-2504-4263-b461-07f8c416a88f|127.0.0.1:15180, b02980de-72b7-4a99-a802-296f21296c04|127.0.0.1:15207, f49a985e-efe9-405d-8922-13d0c1bb1d78|127.0.0.1:15189]|listeners:[], old=null}, confs=<EMPTY_MAP>
2024-09-10 16:46:43,088 [f49a985e-efe9-405d-8922-13d0c1bb1d78-groupManagement] INFO  server.RaftServerConfigKeys (ConfUtils.java:logGet(46)) - raft.server.notification.no-leader.timeout = 300000ms (custom)
2024-09-10 16:46:43,088 [f49a985e-efe9-405d-8922-13d0c1bb1d78-groupManagement] INFO  server.RaftServerConfigKeys (ConfUtils.java:logGet(46)) - raft.server.read.timeout = 10s (default)
2024-09-10 16:46:43,088 [f49a985e-efe9-405d-8922-13d0c1bb1d78-groupManagement] INFO  server.RaftServerConfigKeys (ConfUtils.java:logGet(46)) - raft.server.retrycache.expirytime = 600000ms (custom)
2024-09-10 16:46:43,088 [f49a985e-efe9-405d-8922-13d0c1bb1d78-groupManagement] INFO  server.RaftServerConfigKeys (ConfUtils.java:logGet(46)) - raft.server.retrycache.statistics.expirytime = 100ms (default)
2024-09-10 16:46:43,089 [f49a985e-efe9-405d-8922-13d0c1bb1d78-groupManagement] INFO  server.RaftServerConfigKeys (ConfUtils.java:logGet(46)) - raft.server.read.option = DEFAULT (default)
2024-09-10 16:46:43,089 [f49a985e-efe9-405d-8922-13d0c1bb1d78-groupManagement] INFO  server.RaftServerConfigKeys (ConfUtils.java:logGet(46)) - raft.server.read.read-after-write-consistent.write-index-cache.expiry-time = 60s (default)
2024-09-10 16:46:43,090 [f49a985e-efe9-405d-8922-13d0c1bb1d78-groupManagement] INFO  server.RaftServerConfigKeys (ConfUtils.java:logGet(46)) - raft.server.rpc.request.timeout = 3000ms (default)
2024-09-10 16:46:43,090 [f49a985e-efe9-405d-8922-13d0c1bb1d78-groupManagement] INFO  server.RaftServerConfigKeys (ConfUtils.java:logGet(46)) - raft.server.log.appender.install.snapshot.enabled = false (custom)
2024-09-10 16:46:43,090 [f49a985e-efe9-405d-8922-13d0c1bb1d78-groupManagement] INFO  server.RaftServerConfigKeys (ConfUtils.java:logGet(46)) - raft.server.threadpool.server.cached = true (default)
2024-09-10 16:46:43,090 [f49a985e-efe9-405d-8922-13d0c1bb1d78-groupManagement] INFO  server.RaftServerConfigKeys (ConfUtils.java:logGet(46)) - raft.server.threadpool.server.size = 0 (default)
2024-09-10 16:46:43,090 [f49a985e-efe9-405d-8922-13d0c1bb1d78-groupManagement] INFO  server.RaftServerConfigKeys (ConfUtils.java:logGet(46)) - raft.server.threadpool.client.cached = true (default)
2024-09-10 16:46:43,090 [f49a985e-efe9-405d-8922-13d0c1bb1d78-groupManagement] INFO  server.RaftServerConfigKeys (ConfUtils.java:logGet(46)) - raft.server.threadpool.client.size = 0 (default)
2024-09-10 16:46:43,090 [f49a985e-efe9-405d-8922-13d0c1bb1d78-groupManagement] INFO  server.RaftServerConfigKeys (ConfUtils.java:logGet(46)) - raft.server.storage.free-space.min = 0MB (=0) (default)
2024-09-10 16:46:43,090 [f49a985e-efe9-405d-8922-13d0c1bb1d78-groupManagement] INFO  server.RaftServerConfigKeys (ConfUtils.java:logGet(46)) - raft.server.log.corruption.policy = EXCEPTION (default)
2024-09-10 16:46:43,090 [f49a985e-efe9-405d-8922-13d0c1bb1d78-groupManagement] INFO  server.RaftServerConfigKeys (ConfUtils.java:logGet(46)) - raft.server.storage.dir = [/home/runner/work/ozone/ozone/hadoop-ozone/integration-test/target/test-dir/MiniOzoneClusterImpl-4ea98613-7ec2-40e8-bdf5-64593f2fdf96/ozone-meta/datanode-3/ratis] (custom)
2024-09-10 16:46:43,090 [f49a985e-efe9-405d-8922-13d0c1bb1d78-groupManagement] INFO  storage.RaftStorageDirectory (RaftStorageDirectoryImpl.java:analyzeStorage(138)) - The storage directory /home/runner/work/ozone/ozone/hadoop-ozone/integration-test/target/test-dir/MiniOzoneClusterImpl-4ea98613-7ec2-40e8-bdf5-64593f2fdf96/ozone-meta/datanode-3/ratis/b90310fe-41f6-43a3-a698-7133c33d95e9 does not exist. Creating ...
2024-09-10 16:46:43,091 [f49a985e-efe9-405d-8922-13d0c1bb1d78-groupManagement] INFO  storage.RaftStorageDirectory (RaftStorageDirectoryImpl.java:tryLock(229)) - Lock on /home/runner/work/ozone/ozone/hadoop-ozone/integration-test/target/test-dir/MiniOzoneClusterImpl-4ea98613-7ec2-40e8-bdf5-64593f2fdf96/ozone-meta/datanode-3/ratis/b90310fe-41f6-43a3-a698-7133c33d95e9/in_use.lock acquired by nodename 77969@fv-az1492-488
2024-09-10 16:46:43,093 [f49a985e-efe9-405d-8922-13d0c1bb1d78-groupManagement] INFO  storage.RaftStorage (RaftStorageImpl.java:format(98)) - Storage directory /home/runner/work/ozone/ozone/hadoop-ozone/integration-test/target/test-dir/MiniOzoneClusterImpl-4ea98613-7ec2-40e8-bdf5-64593f2fdf96/ozone-meta/datanode-3/ratis/b90310fe-41f6-43a3-a698-7133c33d95e9 has been successfully formatted.
2024-09-10 16:46:43,093 [f49a985e-efe9-405d-8922-13d0c1bb1d78-groupManagement] INFO  ratis.ContainerStateMachine (ContainerStateMachine.java:loadSnapshot(295)) - group-7133C33D95E9: The snapshot info is null. Setting the last applied index to:(t:0, i:~)
2024-09-10 16:46:43,093 [f49a985e-efe9-405d-8922-13d0c1bb1d78-groupManagement] INFO  server.RaftServerConfigKeys (ConfUtils.java:logGet(46)) - raft.server.log.use.memory = false (default)
2024-09-10 16:46:43,094 [f49a985e-efe9-405d-8922-13d0c1bb1d78-groupManagement] INFO  server.RaftServerConfigKeys (ConfUtils.java:logGet(46)) - raft.server.log.purge.gap = 1000000 (custom)
2024-09-10 16:46:43,094 [f49a985e-efe9-405d-8922-13d0c1bb1d78-groupManagement] INFO  server.RaftServerConfigKeys (ConfUtils.java:logGet(46)) - raft.server.log.appender.buffer.byte-limit = 33554432 (custom)
2024-09-10 16:46:43,094 [f49a985e-efe9-405d-8922-13d0c1bb1d78-groupManagement] INFO  server.RaftServerConfigKeys (ConfUtils.java:logGet(46)) - raft.server.log.statemachine.data.read.timeout = 1000ms (default)
2024-09-10 16:46:43,094 [f49a985e-efe9-405d-8922-13d0c1bb1d78-groupManagement] INFO  server.RaftServerConfigKeys (ConfUtils.java:logGet(46)) - raft.server.log.purge.preservation.log.num = 0 (default)
2024-09-10 16:46:43,094 [EventQueue-PipelineReportForPipelineReportHandler] INFO  pipeline.PipelineReportHandler (PipelineReportHandler.java:processPipelineReport(115)) - Reported pipeline PipelineID=41bac477-4634-43db-9c8d-c733a4596614 is not found
2024-09-10 16:46:43,094 [EventQueue-PipelineReportForPipelineReportHandler] INFO  pipeline.PipelineReportHandler (PipelineReportHandler.java:processPipelineReport(115)) - Reported pipeline PipelineID=7646dd5a-ad1c-44c3-ab45-a76aad3ea5b0 is not found
2024-09-10 16:46:43,095 [EventQueue-PipelineReportForPipelineReportHandler] INFO  pipeline.PipelineReportHandler (PipelineReportHandler.java:processPipelineReport(115)) - Reported pipeline PipelineID=998c03c0-f7d5-40e6-a397-bd59e781ad1c is not found
2024-09-10 16:46:43,095 [f49a985e-efe9-405d-8922-13d0c1bb1d78-groupManagement] INFO  server.RaftServerConfigKeys (ConfUtils.java:logGet(46)) - raft.server.log.segment.size.max = 67108864 (custom)
2024-09-10 16:46:43,095 [f49a985e-efe9-405d-8922-13d0c1bb1d78-groupManagement] INFO  server.RaftServerConfigKeys (ConfUtils.java:logGet(46)) - raft.server.log.segment.cache.num.max = 2 (custom)
2024-09-10 16:46:43,095 [f49a985e-efe9-405d-8922-13d0c1bb1d78-groupManagement] INFO  server.RaftServerConfigKeys (ConfUtils.java:logGet(46)) - raft.server.log.segment.cache.size.max = 200MB (=209715200) (default)
2024-09-10 16:46:43,095 [f49a985e-efe9-405d-8922-13d0c1bb1d78-groupManagement] INFO  server.RaftServerConfigKeys (ConfUtils.java:logGet(46)) - raft.server.log.appender.buffer.byte-limit = 33554432 (custom)
2024-09-10 16:46:43,096 [f49a985e-efe9-405d-8922-13d0c1bb1d78-groupManagement] INFO  util.AwaitToRun (AwaitToRun.java:start(81)) - Thread[f49a985e-efe9-405d-8922-13d0c1bb1d78@group-7133C33D95E9-cacheEviction-AwaitToRun,5,main] started
2024-09-10 16:46:43,096 [f49a985e-efe9-405d-8922-13d0c1bb1d78-groupManagement] INFO  segmented.SegmentedRaftLogWorker (SegmentedRaftLogWorker.java:<init>(184)) - new f49a985e-efe9-405d-8922-13d0c1bb1d78@group-7133C33D95E9-SegmentedRaftLogWorker for RaftStorageImpl:Storage Directory /home/runner/work/ozone/ozone/hadoop-ozone/integration-test/target/test-dir/MiniOzoneClusterImpl-4ea98613-7ec2-40e8-bdf5-64593f2fdf96/ozone-meta/datanode-3/ratis/b90310fe-41f6-43a3-a698-7133c33d95e9
2024-09-10 16:46:43,096 [f49a985e-efe9-405d-8922-13d0c1bb1d78-groupManagement] INFO  server.RaftServerConfigKeys (ConfUtils.java:logGet(46)) - raft.server.log.queue.byte-limit = 4294967296 (custom)
2024-09-10 16:46:43,096 [f49a985e-efe9-405d-8922-13d0c1bb1d78-groupManagement] INFO  server.RaftServerConfigKeys (ConfUtils.java:logGet(46)) - raft.server.log.queue.element-limit = 1024 (custom)
2024-09-10 16:46:43,096 [f49a985e-efe9-405d-8922-13d0c1bb1d78-groupManagement] INFO  server.RaftServerConfigKeys (ConfUtils.java:logGet(46)) - raft.server.log.segment.size.max = 67108864 (custom)
2024-09-10 16:46:43,096 [f49a985e-efe9-405d-8922-13d0c1bb1d78-groupManagement] INFO  server.RaftServerConfigKeys (ConfUtils.java:logGet(46)) - raft.server.log.preallocated.size = 4194304 (custom)
2024-09-10 16:46:43,096 [f49a985e-efe9-405d-8922-13d0c1bb1d78-groupManagement] INFO  server.RaftServerConfigKeys (ConfUtils.java:logGet(46)) - raft.server.log.force.sync.num = 128 (default)
2024-09-10 16:46:43,096 [f49a985e-efe9-405d-8922-13d0c1bb1d78-groupManagement] INFO  server.RaftServerConfigKeys (ConfUtils.java:logGet(46)) - raft.server.log.statemachine.data.sync = true (default)
2024-09-10 16:46:43,096 [f49a985e-efe9-405d-8922-13d0c1bb1d78-groupManagement] INFO  server.RaftServerConfigKeys (ConfUtils.java:logGet(46)) - raft.server.log.statemachine.data.sync.timeout = 10s (default)
2024-09-10 16:46:43,096 [f49a985e-efe9-405d-8922-13d0c1bb1d78-groupManagement] INFO  server.RaftServerConfigKeys (ConfUtils.java:logGet(46)) - raft.server.log.statemachine.data.sync.timeout.retry = 30 (custom)
2024-09-10 16:46:43,096 [f49a985e-efe9-405d-8922-13d0c1bb1d78-groupManagement] INFO  server.RaftServerConfigKeys (ConfUtils.java:logGet(46)) - raft.server.log.write.buffer.size = 33554440 (custom)
2024-09-10 16:46:43,101 [f49a985e-efe9-405d-8922-13d0c1bb1d78-groupManagement] INFO  server.RaftServerConfigKeys (ConfUtils.java:logGet(46)) - raft.server.log.appender.buffer.byte-limit = 33554432 (custom)
2024-09-10 16:46:43,101 [f49a985e-efe9-405d-8922-13d0c1bb1d78-groupManagement] INFO  server.RaftServerConfigKeys (ConfUtils.java:logGet(46)) - raft.server.log.unsafe-flush.enabled = false (default)
2024-09-10 16:46:43,101 [f49a985e-efe9-405d-8922-13d0c1bb1d78-groupManagement] INFO  server.RaftServerConfigKeys (ConfUtils.java:logGet(46)) - raft.server.log.async-flush.enabled = false (default)
2024-09-10 16:46:43,101 [f49a985e-efe9-405d-8922-13d0c1bb1d78-groupManagement] INFO  server.RaftServerConfigKeys (ConfUtils.java:logGet(46)) - raft.server.log.statemachine.data.caching.enabled = true (custom)
2024-09-10 16:46:43,101 [f49a985e-efe9-405d-8922-13d0c1bb1d78-groupManagement] INFO  segmented.SegmentedRaftLogWorker (SegmentedRaftLogWorker.java:lambda$new$0(135)) - f49a985e-efe9-405d-8922-13d0c1bb1d78@group-7133C33D95E9-SegmentedRaftLogWorker: flushIndex: setUnconditionally 0 -> -1
2024-09-10 16:46:43,101 [f49a985e-efe9-405d-8922-13d0c1bb1d78-groupManagement] INFO  segmented.SegmentedRaftLogWorker (SegmentedRaftLogWorker.java:lambda$new$0(135)) - f49a985e-efe9-405d-8922-13d0c1bb1d78@group-7133C33D95E9-SegmentedRaftLogWorker: safeCacheEvictIndex: setUnconditionally 0 -> -1
2024-09-10 16:46:43,102 [f49a985e-efe9-405d-8922-13d0c1bb1d78-groupManagement] INFO  server.RaftServer$Division (RaftServerImpl.java:start(389)) - f49a985e-efe9-405d-8922-13d0c1bb1d78@group-7133C33D95E9: start as a follower, conf=conf: {index: -1, cur=peers:[2330440b-2504-4263-b461-07f8c416a88f|127.0.0.1:15180, b02980de-72b7-4a99-a802-296f21296c04|127.0.0.1:15207, f49a985e-efe9-405d-8922-13d0c1bb1d78|127.0.0.1:15189]|listeners:[], old=null}
2024-09-10 16:46:43,102 [f49a985e-efe9-405d-8922-13d0c1bb1d78-groupManagement] INFO  server.RaftServer$Division (RaftServerImpl.java:setRole(376)) - f49a985e-efe9-405d-8922-13d0c1bb1d78@group-7133C33D95E9: changes role from      null to FOLLOWER at term 0 for startAsFollower
2024-09-10 16:46:43,102 [f49a985e-efe9-405d-8922-13d0c1bb1d78-groupManagement] INFO  impl.RoleInfo (RoleInfo.java:updateAndGet(148)) - f49a985e-efe9-405d-8922-13d0c1bb1d78: start f49a985e-efe9-405d-8922-13d0c1bb1d78@group-7133C33D95E9-FollowerState
2024-09-10 16:46:43,102 [f49a985e-efe9-405d-8922-13d0c1bb1d78-groupManagement] INFO  util.JmxRegister (JmxRegister.java:tryRegister(44)) - Successfully registered JMX Bean with object name Ratis:service=RaftServer,group=group-7133C33D95E9,id=f49a985e-efe9-405d-8922-13d0c1bb1d78
2024-09-10 16:46:43,102 [f49a985e-efe9-405d-8922-13d0c1bb1d78-groupManagement] INFO  util.JmxRegister (JmxRegister.java:register(58)) - register mxBean class org.apache.ratis.server.impl.RaftServerJmxAdapter as Ratis:service=RaftServer,group=group-7133C33D95E9,id=f49a985e-efe9-405d-8922-13d0c1bb1d78
2024-09-10 16:46:43,102 [f49a985e-efe9-405d-8922-13d0c1bb1d78-groupManagement] INFO  server.RaftServerConfigKeys (ConfUtils.java:logGet(46)) - raft.server.snapshot.trigger-when-stop.enabled = true (default)
2024-09-10 16:46:43,102 [f49a985e-efe9-405d-8922-13d0c1bb1d78-groupManagement] INFO  server.RaftServerConfigKeys (ConfUtils.java:logGet(46)) - raft.server.snapshot.trigger-when-remove.enabled = true (default)
2024-09-10 16:46:43,102 [f49a985e-efe9-405d-8922-13d0c1bb1d78-groupManagement] INFO  server.RaftServerConfigKeys (ConfUtils.java:logGet(46)) - raft.server.snapshot.auto.trigger.enabled = true (custom)
2024-09-10 16:46:43,102 [f49a985e-efe9-405d-8922-13d0c1bb1d78@group-7133C33D95E9-FollowerState] INFO  server.RaftServerConfigKeys (ConfUtils.java:logFallback(53)) - raft.server.rpc.first-election.timeout.min = 5s (fallback to raft.server.rpc.timeout.min)
2024-09-10 16:46:43,102 [f49a985e-efe9-405d-8922-13d0c1bb1d78@group-7133C33D95E9-FollowerState] INFO  server.RaftServerConfigKeys (ConfUtils.java:logFallback(53)) - raft.server.rpc.first-election.timeout.max = 5200ms (fallback to raft.server.rpc.timeout.max)
2024-09-10 16:46:43,102 [f49a985e-efe9-405d-8922-13d0c1bb1d78-groupManagement] INFO  server.RaftServerConfigKeys (ConfUtils.java:logGet(46)) - raft.server.snapshot.auto.trigger.threshold = 10000 (custom)
2024-09-10 16:46:43,102 [f49a985e-efe9-405d-8922-13d0c1bb1d78-groupManagement] INFO  server.RaftServerConfigKeys (ConfUtils.java:logGet(46)) - raft.server.snapshot.retention.file.num = 5 (custom)
2024-09-10 16:46:43,102 [f49a985e-efe9-405d-8922-13d0c1bb1d78-groupManagement] INFO  server.RaftServerConfigKeys (ConfUtils.java:logGet(46)) - raft.server.log.purge.upto.snapshot.index = false (default)
2024-09-10 16:46:43,103 [f49a985e-efe9-405d-8922-13d0c1bb1d78-PipelineCommandHandlerThread-0] INFO  ratis.XceiverServerRatis (XceiverServerRatis.java:addGroup(849)) - Created group PipelineID=b90310fe-41f6-43a3-a698-7133c33d95e9
2024-09-10 16:46:43,162 [timer2] WARN  server.GrpcLogAppender (LogUtils.java:warn(121)) - f49a985e-efe9-405d-8922-13d0c1bb1d78@group-A76AAD3EA5B0->2330440b-2504-4263-b461-07f8c416a88f-AppendLogResponseHandler: Failed appendEntries (Repeated 10 times in the last 5.003s): org.apache.ratis.thirdparty.io.grpc.StatusRuntimeException: UNAVAILABLE: io exception
2024-09-10 16:46:43,164 [timer3] WARN  server.GrpcLogAppender (GrpcLogAppender.java:lambda$resetClient$1(221)) - f49a985e-efe9-405d-8922-13d0c1bb1d78@group-A76AAD3EA5B0->2330440b-2504-4263-b461-07f8c416a88f-GrpcLogAppender: Follower failed (request=null, errorCount=4); keep nextIndex (16) unchanged and retry. (Repeated 4 times in the last 5.003s)
2024-09-10 16:46:43,888 [grpc-default-executor-2] WARN  server.GrpcLogAppender (LogUtils.java:warn(121)) - f49a985e-efe9-405d-8922-13d0c1bb1d78@group-A76AAD3EA5B0->2330440b-2504-4263-b461-07f8c416a88f-AppendLogResponseHandler: Failed appendEntries: org.apache.ratis.thirdparty.io.grpc.StatusRuntimeException: UNAVAILABLE: io exception
2024-09-10 16:46:44,195 [EventQueue-DeadNodeForDeadNodeHandler] INFO  node.DeadNodeHandler (DeadNodeHandler.java:onMessage(95)) - A dead datanode is detected. 2330440b-2504-4263-b461-07f8c416a88f(localhost/127.0.0.1)
2024-09-10 16:46:44,195 [EventQueue-DeadNodeForDeadNodeHandler] INFO  pipeline.RatisPipelineProvider (RatisPipelineProvider.java:lambda$close$4(270)) - Send pipeline:PipelineID=f898d4e5-ee40-457b-b42b-b172c2eb6515 close command to datanode 2330440b-2504-4263-b461-07f8c416a88f
2024-09-10 16:46:44,196 [EventQueue-DeadNodeForDeadNodeHandler] INFO  pipeline.PipelineManagerImpl (PipelineManagerImpl.java:removePipeline(459)) - Pipeline Pipeline[ Id: f898d4e5-ee40-457b-b42b-b172c2eb6515, Nodes: 2330440b-2504-4263-b461-07f8c416a88f(localhost/127.0.0.1) ReplicaIndex: 0, ReplicationConfig: RATIS/ONE, State:CLOSED, leaderId:2330440b-2504-4263-b461-07f8c416a88f, CreationTimestamp2024-09-10T16:46:26.338Z[Etc/UTC]] removed.
2024-09-10 16:46:44,196 [EventQueue-DeadNodeForDeadNodeHandler] INFO  pipeline.RatisPipelineProvider (RatisPipelineProvider.java:lambda$close$4(270)) - Send pipeline:PipelineID=b90310fe-41f6-43a3-a698-7133c33d95e9 close command to datanode 2330440b-2504-4263-b461-07f8c416a88f
2024-09-10 16:46:44,196 [EventQueue-DeadNodeForDeadNodeHandler] INFO  pipeline.RatisPipelineProvider (RatisPipelineProvider.java:lambda$close$4(270)) - Send pipeline:PipelineID=b90310fe-41f6-43a3-a698-7133c33d95e9 close command to datanode f49a985e-efe9-405d-8922-13d0c1bb1d78
2024-09-10 16:46:44,196 [EventQueue-DeadNodeForDeadNodeHandler] INFO  pipeline.RatisPipelineProvider (RatisPipelineProvider.java:lambda$close$4(270)) - Send pipeline:PipelineID=b90310fe-41f6-43a3-a698-7133c33d95e9 close command to datanode b02980de-72b7-4a99-a802-296f21296c04
2024-09-10 16:46:44,196 [EventQueue-DeadNodeForDeadNodeHandler] INFO  pipeline.PipelineManagerImpl (PipelineManagerImpl.java:removePipeline(459)) - Pipeline Pipeline[ Id: b90310fe-41f6-43a3-a698-7133c33d95e9, Nodes: 2330440b-2504-4263-b461-07f8c416a88f(localhost/127.0.0.1) ReplicaIndex: 0f49a985e-efe9-405d-8922-13d0c1bb1d78(localhost/127.0.0.1) ReplicaIndex: 0b02980de-72b7-4a99-a802-296f21296c04(localhost/127.0.0.1) ReplicaIndex: 0, ReplicationConfig: RATIS/THREE, State:CLOSED, leaderId:, CreationTimestamp2024-09-10T16:46:41.187Z[Etc/UTC]] removed.
2024-09-10 16:46:44,196 [EventQueue-DeadNodeForDeadNodeHandler] INFO  node.DeadNodeHandler (DeadNodeHandler.java:onMessage(108)) - Clearing command queue of size 7 for DN 2330440b-2504-4263-b461-07f8c416a88f(localhost/127.0.0.1)
2024-09-10 16:46:44,196 [EventQueue-DeadNodeForDeadNodeHandler] INFO  net.NetworkTopologyImpl (NetworkTopologyImpl.java:remove(212)) - Removed a node: /default-rack/2330440b-2504-4263-b461-07f8c416a88f
2024-09-10 16:46:44,291 [IPC Server handler 5 on default port 15160] WARN  pipeline.PipelineManagerImpl (PipelineManagerImpl.java:waitOnePipelineReady(753)) - Pipeline PipelineID=b90310fe-41f6-43a3-a698-7133c33d95e9 cannot be found
2024-09-10 16:46:44,291 [IPC Server handler 5 on default port 15160] WARN  pipeline.WritableRatisContainerProvider (WritableRatisContainerProvider.java:getContainer(106)) - Pipeline creation failed for repConfig RATIS/THREE Datanodes may be used up. Try to see if any pipeline is in ALLOCATED state, and then will wait for it to be OPEN
org.apache.hadoop.hdds.scm.pipeline.PipelineNotFoundException: The input pipeline IDs b90310fe-41f6-43a3-a698-7133c33d95e9 cannot be found
	at org.apache.hadoop.hdds.scm.pipeline.PipelineManagerImpl.waitOnePipelineReady(PipelineManagerImpl.java:758)
	at org.apache.hadoop.hdds.scm.pipeline.PipelineManagerImpl.waitPipelineReady(PipelineManagerImpl.java:725)
	at org.apache.hadoop.hdds.scm.pipeline.WritableRatisContainerProvider.getContainer(WritableRatisContainerProvider.java:103)
	at org.apache.hadoop.hdds.scm.pipeline.WritableContainerFactory.getContainer(WritableContainerFactory.java:74)
	at org.apache.hadoop.hdds.scm.block.BlockManagerImpl.allocateBlock(BlockManagerImpl.java:163)
	at org.apache.hadoop.hdds.scm.server.SCMBlockProtocolServer.allocateBlock(SCMBlockProtocolServer.java:216)
	at org.apache.hadoop.hdds.scm.protocol.ScmBlockLocationProtocolServerSideTranslatorPB.allocateScmBlock(ScmBlockLocationProtocolServerSideTranslatorPB.java:198)
	at org.apache.hadoop.hdds.scm.protocol.ScmBlockLocationProtocolServerSideTranslatorPB.processMessage(ScmBlockLocationProtocolServerSideTranslatorPB.java:144)
	at org.apache.hadoop.hdds.server.OzoneProtocolMessageDispatcher.processRequest(OzoneProtocolMessageDispatcher.java:89)
	at org.apache.hadoop.hdds.scm.protocol.ScmBlockLocationProtocolServerSideTranslatorPB.send(ScmBlockLocationProtocolServerSideTranslatorPB.java:115)
	at org.apache.hadoop.hdds.protocol.proto.ScmBlockLocationProtocolProtos$ScmBlockLocationProtocolService$2.callBlockingMethod(ScmBlockLocationProtocolProtos.java:15776)
	at org.apache.hadoop.ipc.ProtobufRpcEngine$Server.processCall(ProtobufRpcEngine.java:484)
	at org.apache.hadoop.ipc.ProtobufRpcEngine2$Server$ProtoBufRpcInvoker.call(ProtobufRpcEngine2.java:595)
	at org.apache.hadoop.ipc.ProtobufRpcEngine2$Server$ProtoBufRpcInvoker.call(ProtobufRpcEngine2.java:573)
	at org.apache.hadoop.ipc.RPC$Server.call(RPC.java:1227)
	at org.apache.hadoop.ipc.Server$RpcCall.run(Server.java:1094)
	at org.apache.hadoop.ipc.Server$RpcCall.run(Server.java:1017)
	at java.base/java.security.AccessController.doPrivileged(AccessController.java:712)
	at java.base/javax.security.auth.Subject.doAs(Subject.java:439)
	at org.apache.hadoop.security.UserGroupInformation.doAs(UserGroupInformation.java:1899)
	at org.apache.hadoop.ipc.Server$Handler.run(Server.java:3048)
2024-09-10 16:46:44,292 [IPC Server handler 5 on default port 15160] ERROR pipeline.WritableRatisContainerProvider (WritableRatisContainerProvider.java:getContainer(145)) - Unable to allocate a block for the size: 800, repConfig: RATIS/THREE
16:46:44.292 [IPC Server handler 5 on default port 15160] ERROR SCMAudit - user=runner | ip=127.0.0.1 | op=ALLOCATE_BLOCK {replication=RATIS/THREE, owner=omServiceIdDefault, size=800, num=1, client=} | ret=FAILURE
java.io.IOException: Unable to allocate a container to the block of size: 800, replicationConfig: RATIS/THREE. The input pipeline IDs b90310fe-41f6-43a3-a698-7133c33d95e9 cannot be found
	at org.apache.hadoop.hdds.scm.pipeline.WritableRatisContainerProvider.getContainer(WritableRatisContainerProvider.java:148) ~[hdds-server-scm-1.5.0-SNAPSHOT.jar:?]
	at org.apache.hadoop.hdds.scm.pipeline.WritableContainerFactory.getContainer(WritableContainerFactory.java:74) ~[hdds-server-scm-1.5.0-SNAPSHOT.jar:?]
	at org.apache.hadoop.hdds.scm.block.BlockManagerImpl.allocateBlock(BlockManagerImpl.java:163) ~[hdds-server-scm-1.5.0-SNAPSHOT.jar:?]
	at org.apache.hadoop.hdds.scm.server.SCMBlockProtocolServer.allocateBlock(SCMBlockProtocolServer.java:216) ~[hdds-server-scm-1.5.0-SNAPSHOT.jar:?]
	at org.apache.hadoop.hdds.scm.protocol.ScmBlockLocationProtocolServerSideTranslatorPB.allocateScmBlock(ScmBlockLocationProtocolServerSideTranslatorPB.java:198) ~[hdds-server-scm-1.5.0-SNAPSHOT.jar:?]
	at org.apache.hadoop.hdds.scm.protocol.ScmBlockLocationProtocolServerSideTranslatorPB.processMessage(ScmBlockLocationProtocolServerSideTranslatorPB.java:144) ~[hdds-server-scm-1.5.0-SNAPSHOT.jar:?]
	at org.apache.hadoop.hdds.server.OzoneProtocolMessageDispatcher.processRequest(OzoneProtocolMessageDispatcher.java:89) ~[hdds-server-framework-1.5.0-SNAPSHOT.jar:?]
	at org.apache.hadoop.hdds.scm.protocol.ScmBlockLocationProtocolServerSideTranslatorPB.send(ScmBlockLocationProtocolServerSideTranslatorPB.java:115) ~[hdds-server-scm-1.5.0-SNAPSHOT.jar:?]
	at org.apache.hadoop.hdds.protocol.proto.ScmBlockLocationProtocolProtos$ScmBlockLocationProtocolService$2.callBlockingMethod(ScmBlockLocationProtocolProtos.java:15776) ~[hdds-interface-server-1.5.0-SNAPSHOT.jar:?]
	at org.apache.hadoop.ipc.ProtobufRpcEngine$Server.processCall(ProtobufRpcEngine.java:484) ~[hadoop-common-3.3.6.jar:?]
	at org.apache.hadoop.ipc.ProtobufRpcEngine2$Server$ProtoBufRpcInvoker.call(ProtobufRpcEngine2.java:595) ~[hadoop-common-3.3.6.jar:?]
	at org.apache.hadoop.ipc.ProtobufRpcEngine2$Server$ProtoBufRpcInvoker.call(ProtobufRpcEngine2.java:573) ~[hadoop-common-3.3.6.jar:?]
	at org.apache.hadoop.ipc.RPC$Server.call(RPC.java:1227) ~[hadoop-common-3.3.6.jar:?]
	at org.apache.hadoop.ipc.Server$RpcCall.run(Server.java:1094) ~[hadoop-common-3.3.6.jar:?]
	at org.apache.hadoop.ipc.Server$RpcCall.run(Server.java:1017) ~[hadoop-common-3.3.6.jar:?]
	at java.base/java.security.AccessController.doPrivileged(AccessController.java:712) [?:?]
	at java.base/javax.security.auth.Subject.doAs(Subject.java:439) [?:?]
	at org.apache.hadoop.security.UserGroupInformation.doAs(UserGroupInformation.java:1899) [hadoop-common-3.3.6.jar:?]
	at org.apache.hadoop.ipc.Server$Handler.run(Server.java:3048) [hadoop-common-3.3.6.jar:?]
2024-09-10 16:46:44,299 [main] INFO  ozone.MiniOzoneClusterImpl (MiniOzoneClusterImpl.java:shutdown(410)) - Shutting down the Mini Ozone Cluster
2024-09-10 16:46:44,299 [main] INFO  db.CodecTestUtil (CodecTestUtil.java:gc(50)) - gc 0
2024-09-10 16:46:44,476 [main] INFO  ozone.MiniOzoneClusterImpl (MiniOzoneClusterImpl.java:stop(426)) - Stopping the Mini Ozone Cluster
2024-09-10 16:46:44,477 [main] INFO  om.OzoneManager (OzoneManager.java:stop(2268)) - om1[localhost:15163]: Stopping Ozone Manager
2024-09-10 16:46:44,477 [main] INFO  ipc.Server (Server.java:stop(3523)) - Stopping server on 15163
2024-09-10 16:46:44,478 [IPC Server listener on 15163] INFO  ipc.Server (Server.java:run(1434)) - Stopping IPC Server listener on 15163
2024-09-10 16:46:44,478 [IPC Server Responder] INFO  ipc.Server (Server.java:run(1567)) - Stopping IPC Server Responder
2024-09-10 16:46:44,479 [main] INFO  ratis.OzoneManagerRatisServer (OzoneManagerRatisServer.java:stop(601)) - Stopping org.apache.hadoop.ozone.om.ratis.OzoneManagerRatisServer@4eba05c0 at port 15166
2024-09-10 16:46:44,479 [main] INFO  server.RaftServer (RaftServerProxy.java:lambda$close$9(418)) - om1: close
2024-09-10 16:46:44,479 [main] INFO  server.GrpcService (GrpcService.java:closeImpl(311)) - om1: shutdown server GrpcServerProtocolService now
2024-09-10 16:46:44,480 [main] INFO  server.GrpcService (GrpcService.java:closeImpl(320)) - om1: shutdown server GrpcServerProtocolService successfully
2024-09-10 16:46:44,479 [om1-impl-thread1] INFO  server.RaftServer$Division (RaftServerImpl.java:lambda$close$1(501)) - om1@group-C5BA1605619E: shutdown
2024-09-10 16:46:44,480 [om1-impl-thread1] INFO  util.JmxRegister (JmxRegister.java:unregister(74)) - Successfully un-registered JMX Bean with object name Ratis:service=RaftServer,group=group-C5BA1605619E,id=om1
2024-09-10 16:46:44,480 [om1-impl-thread1] INFO  impl.RoleInfo (RoleInfo.java:shutdownLeaderState(103)) - om1: shutdown om1@group-C5BA1605619E-LeaderStateImpl
2024-09-10 16:46:44,480 [om1-impl-thread1] INFO  impl.PendingRequests (PendingRequests.java:sendNotLeaderResponses(287)) - om1@group-C5BA1605619E-PendingRequests: sendNotLeaderResponses
2024-09-10 16:46:44,481 [om1-impl-thread1] INFO  impl.StateMachineUpdater (StateMachineUpdater.java:stopAndJoin(164)) - om1@group-C5BA1605619E-StateMachineUpdater: set stopIndex = 6
2024-09-10 16:46:44,481 [om1@group-C5BA1605619E-StateMachineUpdater] INFO  ratis.OzoneManagerStateMachine (OzoneManagerStateMachine.java:takeSnapshotImpl(485)) -  applied = (t:1, i:6)
2024-09-10 16:46:44,481 [om1@group-C5BA1605619E-StateMachineUpdater] INFO  ratis.OzoneManagerStateMachine (OzoneManagerStateMachine.java:takeSnapshotImpl(486)) -  skipped = 5
2024-09-10 16:46:44,481 [om1@group-C5BA1605619E-StateMachineUpdater] INFO  ratis.OzoneManagerStateMachine (OzoneManagerStateMachine.java:takeSnapshotImpl(487)) - notified = (t:1, i:6)
2024-09-10 16:46:44,481 [om1@group-C5BA1605619E-StateMachineUpdater] INFO  ratis.OzoneManagerStateMachine (OzoneManagerStateMachine.java:takeSnapshotImpl(488)) - snapshot = (t:1, i:6)
2024-09-10 16:46:44,493 [om1@group-C5BA1605619E-StateMachineUpdater] INFO  impl.StateMachineUpdater (StateMachineUpdater.java:takeSnapshot(303)) - om1@group-C5BA1605619E-StateMachineUpdater: Took a snapshot at index 6
2024-09-10 16:46:44,493 [om1@group-C5BA1605619E-StateMachineUpdater] INFO  impl.StateMachineUpdater (StateMachineUpdater.java:lambda$new$0(102)) - om1@group-C5BA1605619E-StateMachineUpdater: snapshotIndex: updateIncreasingly -1 -> 6
2024-09-10 16:46:44,493 [om1@group-C5BA1605619E-StateMachineUpdater] INFO  impl.StateMachineUpdater (StateMachineUpdater.java:stop(141)) - om1@group-C5BA1605619E-StateMachineUpdater: closing OzoneManagerStateMachine, lastApplied=(t:1, i:6)
2024-09-10 16:46:44,493 [om1@group-C5BA1605619E-StateMachineUpdater] INFO  ratis.OzoneManagerStateMachine (OzoneManagerStateMachine.java:close(531)) - Stopping OzoneManagerStateMachine:om1:group-C5BA1605619E.
2024-09-10 16:46:44,493 [om1@group-C5BA1605619E-StateMachineUpdater] INFO  ratis.OzoneManagerDoubleBuffer (OzoneManagerDoubleBuffer.java:stopDaemon(517)) - Stopping OMDoubleBuffer flush thread
2024-09-10 16:46:44,493 [om1-OMDoubleBufferFlushThread] INFO  ratis.OzoneManagerDoubleBuffer (OzoneManagerDoubleBuffer.java:canFlush(581)) - OMDoubleBuffer flush thread om1-OMDoubleBufferFlushThread is interrupted and will exit.
2024-09-10 16:46:44,494 [om1@group-C5BA1605619E-cacheEviction-AwaitToRun] INFO  util.AwaitToRun (AwaitToRun.java:run(49)) - om1@group-C5BA1605619E-cacheEviction-AwaitToRun-AwaitForSignal is interrupted
2024-09-10 16:46:44,628 [f49a985e-efe9-405d-8922-13d0c1bb1d78@group-BD59E781AD1C-FollowerState] INFO  impl.FollowerState (FollowerState.java:run(144)) - f49a985e-efe9-405d-8922-13d0c1bb1d78@group-BD59E781AD1C-FollowerState: change to CANDIDATE, lastRpcElapsedTime:10245473918ns, electionTimeout:5132ms
2024-09-10 16:46:44,628 [f49a985e-efe9-405d-8922-13d0c1bb1d78@group-BD59E781AD1C-FollowerState] INFO  impl.RoleInfo (RoleInfo.java:shutdownFollowerState(119)) - f49a985e-efe9-405d-8922-13d0c1bb1d78: shutdown f49a985e-efe9-405d-8922-13d0c1bb1d78@group-BD59E781AD1C-FollowerState
2024-09-10 16:46:44,628 [f49a985e-efe9-405d-8922-13d0c1bb1d78@group-BD59E781AD1C-FollowerState] INFO  server.RaftServer$Division (RaftServerImpl.java:setRole(376)) - f49a985e-efe9-405d-8922-13d0c1bb1d78@group-BD59E781AD1C: changes role from  FOLLOWER to CANDIDATE at term 1 for changeToCandidate
2024-09-10 16:46:44,628 [f49a985e-efe9-405d-8922-13d0c1bb1d78@group-BD59E781AD1C-FollowerState] INFO  server.RaftServerConfigKeys (ConfUtils.java:logGet(46)) - raft.server.leaderelection.pre-vote = true (default)
2024-09-10 16:46:44,628 [f49a985e-efe9-405d-8922-13d0c1bb1d78@group-BD59E781AD1C-FollowerState] INFO  impl.RoleInfo (RoleInfo.java:updateAndGet(148)) - f49a985e-efe9-405d-8922-13d0c1bb1d78: start f49a985e-efe9-405d-8922-13d0c1bb1d78@group-BD59E781AD1C-LeaderElection58
2024-09-10 16:46:44,628 [f49a985e-efe9-405d-8922-13d0c1bb1d78@group-BD59E781AD1C-LeaderElection58] INFO  server.RaftServer$Division (ServerState.java:setLeader(272)) - f49a985e-efe9-405d-8922-13d0c1bb1d78@group-BD59E781AD1C: change Leader from e5502358-b128-4a46-b87d-f44ed006f965 to null at term 1 for PRE_VOTE
2024-09-10 16:46:44,629 [f49a985e-efe9-405d-8922-13d0c1bb1d78@group-BD59E781AD1C-LeaderElection58] INFO  impl.LeaderElection (LeaderElection.java:askForVotes(321)) - f49a985e-efe9-405d-8922-13d0c1bb1d78@group-BD59E781AD1C-LeaderElection58 PRE_VOTE round 0: submit vote requests at term 1 for conf: {index: 0, cur=peers:[2330440b-2504-4263-b461-07f8c416a88f|127.0.0.1:15180, f49a985e-efe9-405d-8922-13d0c1bb1d78|127.0.0.1:15189, e5502358-b128-4a46-b87d-f44ed006f965|127.0.0.1:15171]|listeners:[], old=null}
2024-09-10 16:46:44,629 [f49a985e-efe9-405d-8922-13d0c1bb1d78@group-BD59E781AD1C-LeaderElection58] INFO  impl.LeaderElection (LogUtils.java:infoOrTrace(136)) - f49a985e-efe9-405d-8922-13d0c1bb1d78@group-BD59E781AD1C-LeaderElection58 got exception when requesting votes: java.util.concurrent.ExecutionException: org.apache.ratis.thirdparty.io.grpc.StatusRuntimeException: UNAVAILABLE: io exception
2024-09-10 16:46:44,629 [f49a985e-efe9-405d-8922-13d0c1bb1d78@group-BD59E781AD1C-LeaderElection58] INFO  impl.LeaderElection (LogUtils.java:infoOrTrace(136)) - f49a985e-efe9-405d-8922-13d0c1bb1d78@group-BD59E781AD1C-LeaderElection58 got exception when requesting votes: java.util.concurrent.ExecutionException: org.apache.ratis.thirdparty.io.grpc.StatusRuntimeException: UNAVAILABLE: io exception
2024-09-10 16:46:44,629 [f49a985e-efe9-405d-8922-13d0c1bb1d78@group-BD59E781AD1C-LeaderElection58] INFO  impl.LeaderElection (LeaderElection.java:logAndReturn(89)) - f49a985e-efe9-405d-8922-13d0c1bb1d78@group-BD59E781AD1C-LeaderElection58: PRE_VOTE REJECTED received 0 response(s) and 2 exception(s):
2024-09-10 16:46:44,629 [f49a985e-efe9-405d-8922-13d0c1bb1d78@group-BD59E781AD1C-LeaderElection58] INFO  impl.LeaderElection (LogUtils.java:infoOrTrace(136)) -   Exception 0: java.util.concurrent.ExecutionException: org.apache.ratis.thirdparty.io.grpc.StatusRuntimeException: UNAVAILABLE: io exception
2024-09-10 16:46:44,629 [f49a985e-efe9-405d-8922-13d0c1bb1d78@group-BD59E781AD1C-LeaderElection58] INFO  impl.LeaderElection (LogUtils.java:infoOrTrace(136)) -   Exception 1: java.util.concurrent.ExecutionException: org.apache.ratis.thirdparty.io.grpc.StatusRuntimeException: UNAVAILABLE: io exception
2024-09-10 16:46:44,630 [f49a985e-efe9-405d-8922-13d0c1bb1d78@group-BD59E781AD1C-LeaderElection58] INFO  impl.LeaderElection (LeaderElection.java:askForVotes(323)) - f49a985e-efe9-405d-8922-13d0c1bb1d78@group-BD59E781AD1C-LeaderElection58 PRE_VOTE round 0: result REJECTED
2024-09-10 16:46:44,630 [f49a985e-efe9-405d-8922-13d0c1bb1d78@group-BD59E781AD1C-LeaderElection58] INFO  server.RaftServer$Division (RaftServerImpl.java:setRole(376)) - f49a985e-efe9-405d-8922-13d0c1bb1d78@group-BD59E781AD1C: changes role from CANDIDATE to FOLLOWER at term 1 for REJECTED
2024-09-10 16:46:44,630 [f49a985e-efe9-405d-8922-13d0c1bb1d78@group-BD59E781AD1C-LeaderElection58] INFO  impl.RoleInfo (RoleInfo.java:shutdownLeaderElection(139)) - f49a985e-efe9-405d-8922-13d0c1bb1d78: shutdown f49a985e-efe9-405d-8922-13d0c1bb1d78@group-BD59E781AD1C-LeaderElection58
2024-09-10 16:46:44,630 [f49a985e-efe9-405d-8922-13d0c1bb1d78@group-BD59E781AD1C-LeaderElection58] INFO  impl.RoleInfo (RoleInfo.java:updateAndGet(148)) - f49a985e-efe9-405d-8922-13d0c1bb1d78: start f49a985e-efe9-405d-8922-13d0c1bb1d78@group-BD59E781AD1C-FollowerState
2024-09-10 16:46:44,662 [f49a985e-efe9-405d-8922-13d0c1bb1d78@group-C733A4596614-FollowerState] INFO  impl.FollowerState (FollowerState.java:run(144)) - f49a985e-efe9-405d-8922-13d0c1bb1d78@group-C733A4596614-FollowerState: change to CANDIDATE, lastRpcElapsedTime:7669427294ns, electionTimeout:5179ms
2024-09-10 16:46:44,662 [f49a985e-efe9-405d-8922-13d0c1bb1d78@group-C733A4596614-FollowerState] INFO  impl.RoleInfo (RoleInfo.java:shutdownFollowerState(119)) - f49a985e-efe9-405d-8922-13d0c1bb1d78: shutdown f49a985e-efe9-405d-8922-13d0c1bb1d78@group-C733A4596614-FollowerState
2024-09-10 16:46:44,662 [f49a985e-efe9-405d-8922-13d0c1bb1d78@group-C733A4596614-FollowerState] INFO  server.RaftServer$Division (RaftServerImpl.java:setRole(376)) - f49a985e-efe9-405d-8922-13d0c1bb1d78@group-C733A4596614: changes role from  FOLLOWER to CANDIDATE at term 1 for changeToCandidate
2024-09-10 16:46:44,663 [f49a985e-efe9-405d-8922-13d0c1bb1d78@group-C733A4596614-FollowerState] INFO  server.RaftServerConfigKeys (ConfUtils.java:logGet(46)) - raft.server.leaderelection.pre-vote = true (default)
2024-09-10 16:46:44,663 [f49a985e-efe9-405d-8922-13d0c1bb1d78@group-C733A4596614-FollowerState] INFO  impl.RoleInfo (RoleInfo.java:updateAndGet(148)) - f49a985e-efe9-405d-8922-13d0c1bb1d78: start f49a985e-efe9-405d-8922-13d0c1bb1d78@group-C733A4596614-LeaderElection59
2024-09-10 16:46:44,663 [f49a985e-efe9-405d-8922-13d0c1bb1d78@group-C733A4596614-LeaderElection59] INFO  server.RaftServer$Division (ServerState.java:setLeader(272)) - f49a985e-efe9-405d-8922-13d0c1bb1d78@group-C733A4596614: change Leader from 2330440b-2504-4263-b461-07f8c416a88f to null at term 1 for PRE_VOTE
2024-09-10 16:46:44,663 [f49a985e-efe9-405d-8922-13d0c1bb1d78@group-C733A4596614-LeaderElection59] INFO  impl.LeaderElection (LeaderElection.java:askForVotes(321)) - f49a985e-efe9-405d-8922-13d0c1bb1d78@group-C733A4596614-LeaderElection59 PRE_VOTE round 0: submit vote requests at term 1 for conf: {index: 0, cur=peers:[2330440b-2504-4263-b461-07f8c416a88f|127.0.0.1:15180, f49a985e-efe9-405d-8922-13d0c1bb1d78|127.0.0.1:15189, e5502358-b128-4a46-b87d-f44ed006f965|127.0.0.1:15171]|listeners:[], old=null}
2024-09-10 16:46:44,664 [f49a985e-efe9-405d-8922-13d0c1bb1d78@group-C733A4596614-LeaderElection59] INFO  impl.LeaderElection (LogUtils.java:infoOrTrace(136)) - f49a985e-efe9-405d-8922-13d0c1bb1d78@group-C733A4596614-LeaderElection59 got exception when requesting votes: java.util.concurrent.ExecutionException: org.apache.ratis.thirdparty.io.grpc.StatusRuntimeException: UNAVAILABLE: io exception
2024-09-10 16:46:44,664 [f49a985e-efe9-405d-8922-13d0c1bb1d78@group-C733A4596614-LeaderElection59] INFO  impl.LeaderElection (LogUtils.java:infoOrTrace(136)) - f49a985e-efe9-405d-8922-13d0c1bb1d78@group-C733A4596614-LeaderElection59 got exception when requesting votes: java.util.concurrent.ExecutionException: org.apache.ratis.thirdparty.io.grpc.StatusRuntimeException: UNAVAILABLE: io exception
2024-09-10 16:46:44,664 [f49a985e-efe9-405d-8922-13d0c1bb1d78@group-C733A4596614-LeaderElection59] INFO  impl.LeaderElection (LeaderElection.java:logAndReturn(89)) - f49a985e-efe9-405d-8922-13d0c1bb1d78@group-C733A4596614-LeaderElection59: PRE_VOTE REJECTED received 0 response(s) and 2 exception(s):
2024-09-10 16:46:44,664 [f49a985e-efe9-405d-8922-13d0c1bb1d78@group-C733A4596614-LeaderElection59] INFO  impl.LeaderElection (LogUtils.java:infoOrTrace(136)) -   Exception 0: java.util.concurrent.ExecutionException: org.apache.ratis.thirdparty.io.grpc.StatusRuntimeException: UNAVAILABLE: io exception
2024-09-10 16:46:44,664 [f49a985e-efe9-405d-8922-13d0c1bb1d78@group-C733A4596614-LeaderElection59] INFO  impl.LeaderElection (LogUtils.java:infoOrTrace(136)) -   Exception 1: java.util.concurrent.ExecutionException: org.apache.ratis.thirdparty.io.grpc.StatusRuntimeException: UNAVAILABLE: io exception
2024-09-10 16:46:44,664 [f49a985e-efe9-405d-8922-13d0c1bb1d78@group-C733A4596614-LeaderElection59] INFO  impl.LeaderElection (LeaderElection.java:askForVotes(323)) - f49a985e-efe9-405d-8922-13d0c1bb1d78@group-C733A4596614-LeaderElection59 PRE_VOTE round 0: result REJECTED
2024-09-10 16:46:44,664 [f49a985e-efe9-405d-8922-13d0c1bb1d78@group-C733A4596614-LeaderElection59] INFO  server.RaftServer$Division (RaftServerImpl.java:setRole(376)) - f49a985e-efe9-405d-8922-13d0c1bb1d78@group-C733A4596614: changes role from CANDIDATE to FOLLOWER at term 1 for REJECTED
2024-09-10 16:46:44,664 [f49a985e-efe9-405d-8922-13d0c1bb1d78@group-C733A4596614-LeaderElection59] INFO  impl.RoleInfo (RoleInfo.java:shutdownLeaderElection(139)) - f49a985e-efe9-405d-8922-13d0c1bb1d78: shutdown f49a985e-efe9-405d-8922-13d0c1bb1d78@group-C733A4596614-LeaderElection59
2024-09-10 16:46:44,664 [f49a985e-efe9-405d-8922-13d0c1bb1d78@group-C733A4596614-LeaderElection59] INFO  impl.RoleInfo (RoleInfo.java:updateAndGet(148)) - f49a985e-efe9-405d-8922-13d0c1bb1d78: start f49a985e-efe9-405d-8922-13d0c1bb1d78@group-C733A4596614-FollowerState
2024-09-10 16:46:45,073 [om1-impl-thread1] INFO  segmented.SegmentedRaftLogWorker (SegmentedRaftLogWorker.java:close(248)) - om1@group-C5BA1605619E-SegmentedRaftLogWorker close()
2024-09-10 16:46:45,073 [JvmPauseMonitor22] INFO  util.JvmPauseMonitor (JvmPauseMonitor.java:run(152)) - JvmPauseMonitor-om1: Stopped
2024-09-10 16:46:45,073 [main] INFO  utils.BackgroundService (BackgroundService.java:shutdown(163)) - Shutting down service KeyDeletingService
2024-09-10 16:46:45,073 [main] INFO  utils.BackgroundService (BackgroundService.java:shutdown(163)) - Shutting down service DirectoryDeletingService
2024-09-10 16:46:45,074 [main] INFO  utils.BackgroundService (BackgroundService.java:shutdown(163)) - Shutting down service OpenKeyCleanupService
2024-09-10 16:46:45,074 [main] INFO  utils.BackgroundService (BackgroundService.java:shutdown(163)) - Shutting down service SstFilteringService
2024-09-10 16:46:45,074 [main] INFO  utils.BackgroundService (BackgroundService.java:shutdown(163)) - Shutting down service SnapshotDeletingService
2024-09-10 16:46:45,074 [main] INFO  utils.BackgroundService (BackgroundService.java:shutdown(163)) - Shutting down service MultipartUploadCleanupService
2024-09-10 16:46:45,074 [main] INFO  utils.BackgroundService (BackgroundService.java:shutdown(163)) - Shutting down service SnapshotDirectoryCleaningService
2024-09-10 16:46:45,075 [main] INFO  handler.ContextHandler (ContextHandler.java:doStop(1159)) - Stopped o.e.j.w.WebAppContext@2e2fdb8c{ozoneManager,/,null,STOPPED}{file:/home/runner/work/ozone/ozone/hadoop-ozone/integration-test/target/test-classes/webapps/ozoneManager}
2024-09-10 16:46:45,075 [main] INFO  server.AbstractConnector (AbstractConnector.java:doStop(383)) - Stopped ServerConnector@2d99470c{HTTP/1.1, (http/1.1)}{0.0.0.0:15164}
2024-09-10 16:46:45,075 [main] INFO  server.session (HouseKeeper.java:stopScavenging(149)) - node0 Stopped scavenging
2024-09-10 16:46:45,076 [main] INFO  handler.ContextHandler (ContextHandler.java:doStop(1159)) - Stopped o.e.j.s.ServletContextHandler@5fb26827{static,/static,file:///home/runner/work/ozone/ozone/hadoop-ozone/integration-test/target/test-classes/webapps/static,STOPPED}
2024-09-10 16:46:45,076 [main] INFO  handler.ContextHandler (ContextHandler.java:doStop(1159)) - Stopped o.e.j.s.ServletContextHandler@2a7fa6a6{logs,/logs,file:///home/runner/work/ozone/ozone/hadoop-ozone/integration-test/target/log,STOPPED}
2024-09-10 16:46:45,076 [main] INFO  rocksdiff.RocksDBCheckpointDiffer (RocksDBCheckpointDiffer.java:close(306)) - Shutting down CompactionDagPruningService.
2024-09-10 16:46:45,081 [main] INFO  snapshot.SnapshotDiffManager (SnapshotDiffManager.java:closeExecutorService(1657)) - Shutting down executorService: 'SnapDiffExecutor'
2024-09-10 16:46:45,082 [main] INFO  utils.BackgroundService (BackgroundService.java:shutdown(163)) - Shutting down service SnapshotDiffCleanupService
2024-09-10 16:46:45,082 [main] INFO  ozone.MiniOzoneClusterImpl (MiniOzoneClusterImpl.java:stopDatanodes(485)) - Stopping the HddsDatanodes
2024-09-10 16:46:45,085 [ForkJoinPool.commonPool-worker-3] INFO  ozoneimpl.OzoneContainer (OzoneContainer.java:stop(497)) - Attempting to stop container services.
2024-09-10 16:46:45,085 [ContainerMetadataScanner] WARN  ozoneimpl.AbstractBackgroundContainerScanner (AbstractBackgroundContainerScanner.java:handleRemainingSleep(134)) - Background container scan was interrupted.
2024-09-10 16:46:45,085 [ContainerMetadataScanner] INFO  ozoneimpl.AbstractBackgroundContainerScanner (AbstractBackgroundContainerScanner.java:run(61)) - Thread[ContainerMetadataScanner,5,main] exiting.
2024-09-10 16:46:45,085 [ForkJoinPool.commonPool-worker-3] INFO  ozoneimpl.BackgroundContainerDataScanner (BackgroundContainerDataScanner.java:shutdown(141)) - ContainerDataScanner(/home/runner/work/ozone/ozone/hadoop-ozone/integration-test/target/test-dir/MiniOzoneClusterImpl-4ea98613-7ec2-40e8-bdf5-64593f2fdf96/ozone-meta/datanode-4/data-0/hdds) is shutting down. 
2024-09-10 16:46:45,085 [ContainerDataScanner(/home/runner/work/ozone/ozone/hadoop-ozone/integration-test/target/test-dir/MiniOzoneClusterImpl-4ea98613-7ec2-40e8-bdf5-64593f2fdf96/ozone-meta/datanode-4/data-0/hdds)] WARN  ozoneimpl.AbstractBackgroundContainerScanner (AbstractBackgroundContainerScanner.java:handleRemainingSleep(134)) - Background container scan was interrupted.
2024-09-10 16:46:45,085 [ContainerDataScanner(/home/runner/work/ozone/ozone/hadoop-ozone/integration-test/target/test-dir/MiniOzoneClusterImpl-4ea98613-7ec2-40e8-bdf5-64593f2fdf96/ozone-meta/datanode-4/data-0/hdds)] INFO  ozoneimpl.AbstractBackgroundContainerScanner (AbstractBackgroundContainerScanner.java:run(61)) - ContainerDataScanner(/home/runner/work/ozone/ozone/hadoop-ozone/integration-test/target/test-dir/MiniOzoneClusterImpl-4ea98613-7ec2-40e8-bdf5-64593f2fdf96/ozone-meta/datanode-4/data-0/hdds, DS-94c6076b-6cdd-4a2b-a89c-cc35a629c6a3) exiting.
2024-09-10 16:46:45,086 [ForkJoinPool.commonPool-worker-3] INFO  ratis.XceiverServerRatis (XceiverServerRatis.java:stop(596)) - Stopping XceiverServerRatis c95620fd-712c-4929-b988-78cb42202719
2024-09-10 16:46:45,086 [ForkJoinPool.commonPool-worker-3] INFO  server.RaftServer (RaftServerProxy.java:lambda$close$9(418)) - c95620fd-712c-4929-b988-78cb42202719: close
2024-09-10 16:46:45,086 [c95620fd-712c-4929-b988-78cb42202719-impl-thread1] INFO  server.RaftServer$Division (RaftServerImpl.java:lambda$close$1(501)) - c95620fd-712c-4929-b988-78cb42202719@group-9A91BCD6D020: shutdown
2024-09-10 16:46:45,086 [ForkJoinPool.commonPool-worker-3] INFO  server.GrpcService (GrpcService.java:closeImpl(311)) - c95620fd-712c-4929-b988-78cb42202719: shutdown server GrpcServerProtocolService now
2024-09-10 16:46:45,086 [c95620fd-712c-4929-b988-78cb42202719-impl-thread1] INFO  util.JmxRegister (JmxRegister.java:unregister(74)) - Successfully un-registered JMX Bean with object name Ratis:service=RaftServer,group=group-9A91BCD6D020,id=c95620fd-712c-4929-b988-78cb42202719
2024-09-10 16:46:45,086 [c95620fd-712c-4929-b988-78cb42202719-impl-thread1] INFO  impl.RoleInfo (RoleInfo.java:shutdownLeaderState(103)) - c95620fd-712c-4929-b988-78cb42202719: shutdown c95620fd-712c-4929-b988-78cb42202719@group-9A91BCD6D020-LeaderStateImpl
2024-09-10 16:46:45,086 [c95620fd-712c-4929-b988-78cb42202719-impl-thread1] INFO  impl.PendingRequests (PendingRequests.java:sendNotLeaderResponses(287)) - c95620fd-712c-4929-b988-78cb42202719@group-9A91BCD6D020-PendingRequests: sendNotLeaderResponses
2024-09-10 16:46:45,087 [c95620fd-712c-4929-b988-78cb42202719-impl-thread1] INFO  impl.StateMachineUpdater (StateMachineUpdater.java:stopAndJoin(164)) - c95620fd-712c-4929-b988-78cb42202719@group-9A91BCD6D020-StateMachineUpdater: set stopIndex = 0
2024-09-10 16:46:45,087 [c95620fd-712c-4929-b988-78cb42202719@group-9A91BCD6D020-StateMachineUpdater] INFO  ratis.ContainerStateMachine (ContainerStateMachine.java:takeSnapshot(363)) - group-9A91BCD6D020: Taking a snapshot at:(t:1, i:0) file /home/runner/work/ozone/ozone/hadoop-ozone/integration-test/target/test-dir/MiniOzoneClusterImpl-4ea98613-7ec2-40e8-bdf5-64593f2fdf96/ozone-meta/datanode-4/ratis/8dd5ed1b-6e7e-464a-8720-9a91bcd6d020/sm/snapshot.1_0
2024-09-10 16:46:45,087 [ForkJoinPool.commonPool-worker-3] INFO  server.GrpcService (GrpcService.java:closeImpl(320)) - c95620fd-712c-4929-b988-78cb42202719: shutdown server GrpcServerProtocolService successfully
2024-09-10 16:46:45,087 [c95620fd-712c-4929-b988-78cb42202719-NettyServerStreamRpc-bossGroup--thread1] INFO  logging.LoggingHandler (AbstractInternalLogger.java:log(148)) - [id: 0x0f60c9d1, L:/0.0.0.0:15201] CLOSE
2024-09-10 16:46:45,088 [c95620fd-712c-4929-b988-78cb42202719-NettyServerStreamRpc-bossGroup--thread1] INFO  logging.LoggingHandler (AbstractInternalLogger.java:log(148)) - [id: 0x0f60c9d1, L:/0.0.0.0:15201] INACTIVE
2024-09-10 16:46:45,088 [c95620fd-712c-4929-b988-78cb42202719-NettyServerStreamRpc-bossGroup--thread1] INFO  logging.LoggingHandler (AbstractInternalLogger.java:log(148)) - [id: 0x0f60c9d1, L:/0.0.0.0:15201] UNREGISTERED
2024-09-10 16:46:45,088 [c95620fd-712c-4929-b988-78cb42202719@group-9A91BCD6D020-StateMachineUpdater] INFO  ratis.ContainerStateMachine (ContainerStateMachine.java:takeSnapshot(374)) - group-9A91BCD6D020: Finished taking a snapshot at:(t:1, i:0) file:/home/runner/work/ozone/ozone/hadoop-ozone/integration-test/target/test-dir/MiniOzoneClusterImpl-4ea98613-7ec2-40e8-bdf5-64593f2fdf96/ozone-meta/datanode-4/ratis/8dd5ed1b-6e7e-464a-8720-9a91bcd6d020/sm/snapshot.1_0 took: 1 ms
2024-09-10 16:46:45,088 [c95620fd-712c-4929-b988-78cb42202719@group-9A91BCD6D020-StateMachineUpdater] INFO  impl.StateMachineUpdater (StateMachineUpdater.java:takeSnapshot(303)) - c95620fd-712c-4929-b988-78cb42202719@group-9A91BCD6D020-StateMachineUpdater: Took a snapshot at index 0
2024-09-10 16:46:45,088 [c95620fd-712c-4929-b988-78cb42202719@group-9A91BCD6D020-StateMachineUpdater] INFO  impl.StateMachineUpdater (StateMachineUpdater.java:lambda$new$0(102)) - c95620fd-712c-4929-b988-78cb42202719@group-9A91BCD6D020-StateMachineUpdater: snapshotIndex: updateIncreasingly -1 -> 0
2024-09-10 16:46:45,088 [c95620fd-712c-4929-b988-78cb42202719@group-9A91BCD6D020-StateMachineUpdater] INFO  impl.StateMachineUpdater (StateMachineUpdater.java:stop(141)) - c95620fd-712c-4929-b988-78cb42202719@group-9A91BCD6D020-StateMachineUpdater: closing ContainerStateMachine, lastApplied=(t:1, i:0)
2024-09-10 16:46:45,088 [c95620fd-712c-4929-b988-78cb42202719@group-9A91BCD6D020-cacheEviction-AwaitToRun] INFO  util.AwaitToRun (AwaitToRun.java:run(49)) - c95620fd-712c-4929-b988-78cb42202719@group-9A91BCD6D020-cacheEviction-AwaitToRun-AwaitForSignal is interrupted
2024-09-10 16:46:45,866 [c95620fd-712c-4929-b988-78cb42202719-impl-thread1] INFO  segmented.SegmentedRaftLogWorker (SegmentedRaftLogWorker.java:close(248)) - c95620fd-712c-4929-b988-78cb42202719@group-9A91BCD6D020-SegmentedRaftLogWorker close()
2024-09-10 16:46:45,866 [c95620fd-712c-4929-b988-78cb42202719-impl-thread1] INFO  ratis.ContainerStateMachine (ContainerStateMachine.java:notifyServerShutdown(956)) - group-9A91BCD6D020 is closed by HddsDatanodeService
2024-09-10 16:46:45,867 [JvmPauseMonitor26] INFO  util.JvmPauseMonitor (JvmPauseMonitor.java:run(152)) - JvmPauseMonitor-c95620fd-712c-4929-b988-78cb42202719: Stopped
2024-09-10 16:46:46,092 [timer6] WARN  server.GrpcLogAppender (LogUtils.java:warn(121)) - f49a985e-efe9-405d-8922-13d0c1bb1d78@group-A76AAD3EA5B0->e5502358-b128-4a46-b87d-f44ed006f965-AppendLogResponseHandler: Failed appendEntries (Repeated 8 times in the last 5.000s): org.apache.ratis.thirdparty.io.grpc.StatusRuntimeException: UNAVAILABLE: io exception
2024-09-10 16:46:46,093 [timer7] WARN  server.GrpcLogAppender (GrpcLogAppender.java:lambda$resetClient$1(221)) - f49a985e-efe9-405d-8922-13d0c1bb1d78@group-A76AAD3EA5B0->e5502358-b128-4a46-b87d-f44ed006f965-GrpcLogAppender: Follower failed (request=null, errorCount=16); keep nextIndex (17) unchanged and retry. (Repeated 8 times in the last 5.000s)
2024-09-10 16:46:46,093 [timer0] WARN  server.GrpcLogAppender (GrpcLogAppender.java:lambda$resetClient$1(221)) - f49a985e-efe9-405d-8922-13d0c1bb1d78@group-A76AAD3EA5B0->2330440b-2504-4263-b461-07f8c416a88f-GrpcLogAppender: Follower failed (request=null, errorCount=12); keep nextIndex (17) unchanged and retry. (Repeated 8 times in the last 5.000s)
2024-09-10 16:46:46,274 [grpc-default-executor-4] WARN  server.GrpcLogAppender (GrpcLogAppender.java:lambda$resetClient$1(221)) - f49a985e-efe9-405d-8922-13d0c1bb1d78@group-A76AAD3EA5B0->2330440b-2504-4263-b461-07f8c416a88f-GrpcLogAppender: Follower failed (request=null, errorCount=13); keep nextIndex (17) unchanged and retry.
2024-09-10 16:46:46,292 [f49a985e-efe9-405d-8922-13d0c1bb1d78@group-A76AAD3EA5B0-LeaderStateImpl] WARN  server.RaftServer$Division (LeaderStateImpl.java:checkLeadership(1113)) - f49a985e-efe9-405d-8922-13d0c1bb1d78@group-A76AAD3EA5B0-LeaderStateImpl: Lost leadership on term: 1. Election timeout: 5200ms. In charge for: 11993ms. Conf: conf: {index: 0, cur=peers:[2330440b-2504-4263-b461-07f8c416a88f|127.0.0.1:15180, f49a985e-efe9-405d-8922-13d0c1bb1d78|127.0.0.1:15189, e5502358-b128-4a46-b87d-f44ed006f965|127.0.0.1:15171]|listeners:[], old=null}
2024-09-10 16:46:46,292 [f49a985e-efe9-405d-8922-13d0c1bb1d78@group-A76AAD3EA5B0-LeaderStateImpl] WARN  server.RaftServer$Division (LeaderStateImpl.java:lambda$checkLeadership$21(1117)) - Follower f49a985e-efe9-405d-8922-13d0c1bb1d78@group-A76AAD3EA5B0->2330440b-2504-4263-b461-07f8c416a88f(c15,m15,n17, caughtUp=true, lastRpcSendTime=17, lastRpcResponseTime=8660)
2024-09-10 16:46:46,292 [f49a985e-efe9-405d-8922-13d0c1bb1d78@group-A76AAD3EA5B0-LeaderStateImpl] WARN  server.RaftServer$Division (LeaderStateImpl.java:lambda$checkLeadership$21(1117)) - Follower f49a985e-efe9-405d-8922-13d0c1bb1d78@group-A76AAD3EA5B0->e5502358-b128-4a46-b87d-f44ed006f965(c13,m15,n17, caughtUp=true, lastRpcSendTime=727, lastRpcResponseTime=11161)
2024-09-10 16:46:46,292 [f49a985e-efe9-405d-8922-13d0c1bb1d78@group-A76AAD3EA5B0-LeaderStateImpl] INFO  server.RaftServer$Division (RaftServerImpl.java:setRole(376)) - f49a985e-efe9-405d-8922-13d0c1bb1d78@group-A76AAD3EA5B0: changes role from    LEADER to FOLLOWER at term 1 for StepDownReason:LOST_MAJORITY_HEARTBEATS
2024-09-10 16:46:46,292 [f49a985e-efe9-405d-8922-13d0c1bb1d78@group-A76AAD3EA5B0-LeaderStateImpl] INFO  impl.RoleInfo (RoleInfo.java:shutdownLeaderState(103)) - f49a985e-efe9-405d-8922-13d0c1bb1d78: shutdown f49a985e-efe9-405d-8922-13d0c1bb1d78@group-A76AAD3EA5B0-LeaderStateImpl
2024-09-10 16:46:46,292 [f49a985e-efe9-405d-8922-13d0c1bb1d78@group-A76AAD3EA5B0->e5502358-b128-4a46-b87d-f44ed006f965-GrpcLogAppender-LogAppenderDaemon] WARN  server.GrpcLogAppender (GrpcLogAppender.java:mayWait(293)) - f49a985e-efe9-405d-8922-13d0c1bb1d78@group-A76AAD3EA5B0->e5502358-b128-4a46-b87d-f44ed006f965-GrpcLogAppender: Wait interrupted by java.lang.InterruptedException
2024-09-10 16:46:46,293 [f49a985e-efe9-405d-8922-13d0c1bb1d78@group-A76AAD3EA5B0-LeaderStateImpl] INFO  impl.PendingRequests (PendingRequests.java:sendNotLeaderResponses(287)) - f49a985e-efe9-405d-8922-13d0c1bb1d78@group-A76AAD3EA5B0-PendingRequests: sendNotLeaderResponses
2024-09-10 16:46:46,293 [f49a985e-efe9-405d-8922-13d0c1bb1d78-CloseContainerThread-0] INFO  commandhandler.CloseContainerCommandHandler (CloseContainerCommandHandler.java:lambda$handle$0(153)) - Follower cannot close container #1.
2024-09-10 16:46:46,294 [f49a985e-efe9-405d-8922-13d0c1bb1d78@group-A76AAD3EA5B0->2330440b-2504-4263-b461-07f8c416a88f-GrpcLogAppender-LogAppenderDaemon] WARN  server.GrpcLogAppender (GrpcLogAppender.java:mayWait(293)) - f49a985e-efe9-405d-8922-13d0c1bb1d78@group-A76AAD3EA5B0->2330440b-2504-4263-b461-07f8c416a88f-GrpcLogAppender: Wait interrupted by java.lang.InterruptedException
2024-09-10 16:46:46,294 [f49a985e-efe9-405d-8922-13d0c1bb1d78@group-A76AAD3EA5B0-LeaderStateImpl] INFO  server.RaftServer$Division (ServerState.java:setLeader(272)) - f49a985e-efe9-405d-8922-13d0c1bb1d78@group-A76AAD3EA5B0: change Leader from f49a985e-efe9-405d-8922-13d0c1bb1d78 to null at term 1 for StepDownReason:LOST_MAJORITY_HEARTBEATS
2024-09-10 16:46:46,294 [f49a985e-efe9-405d-8922-13d0c1bb1d78@group-A76AAD3EA5B0-LeaderStateImpl] INFO  impl.RoleInfo (RoleInfo.java:updateAndGet(148)) - f49a985e-efe9-405d-8922-13d0c1bb1d78: start f49a985e-efe9-405d-8922-13d0c1bb1d78@group-A76AAD3EA5B0-FollowerState
2024-09-10 16:46:47,098 [EventQueue-StaleNodeForStaleNodeHandler] INFO  node.StaleNodeHandler (StaleNodeHandler.java:onMessage(57)) - Datanode f49a985e-efe9-405d-8922-13d0c1bb1d78(localhost/127.0.0.1) moved to stale state. Finalizing its pipelines [PipelineID=9c790425-bdf2-4c41-a261-55398a06e63a]
2024-09-10 16:46:47,099 [EventQueue-StaleNodeForStaleNodeHandler] INFO  pipeline.PipelineManagerImpl (PipelineManagerImpl.java:closePipeline(518)) - Pipeline PipelineID=9c790425-bdf2-4c41-a261-55398a06e63a moved to CLOSED state
2024-09-10 16:46:47,246 [b02980de-72b7-4a99-a802-296f21296c04@group-7133C33D95E9-FollowerState] INFO  impl.FollowerState (FollowerState.java:run(144)) - b02980de-72b7-4a99-a802-296f21296c04@group-7133C33D95E9-FollowerState: change to CANDIDATE, lastRpcElapsedTime:5004928776ns, electionTimeout:5004ms
2024-09-10 16:46:47,246 [b02980de-72b7-4a99-a802-296f21296c04@group-7133C33D95E9-FollowerState] INFO  impl.RoleInfo (RoleInfo.java:shutdownFollowerState(119)) - b02980de-72b7-4a99-a802-296f21296c04: shutdown b02980de-72b7-4a99-a802-296f21296c04@group-7133C33D95E9-FollowerState
2024-09-10 16:46:47,246 [b02980de-72b7-4a99-a802-296f21296c04@group-7133C33D95E9-FollowerState] INFO  server.RaftServer$Division (RaftServerImpl.java:setRole(376)) - b02980de-72b7-4a99-a802-296f21296c04@group-7133C33D95E9: changes role from  FOLLOWER to CANDIDATE at term 0 for changeToCandidate
2024-09-10 16:46:47,246 [b02980de-72b7-4a99-a802-296f21296c04@group-7133C33D95E9-FollowerState] INFO  server.RaftServerConfigKeys (ConfUtils.java:logGet(46)) - raft.server.leaderelection.pre-vote = true (default)
2024-09-10 16:46:47,246 [b02980de-72b7-4a99-a802-296f21296c04@group-7133C33D95E9-FollowerState] INFO  impl.RoleInfo (RoleInfo.java:updateAndGet(148)) - b02980de-72b7-4a99-a802-296f21296c04: start b02980de-72b7-4a99-a802-296f21296c04@group-7133C33D95E9-LeaderElection60
2024-09-10 16:46:47,247 [b02980de-72b7-4a99-a802-296f21296c04@group-7133C33D95E9-LeaderElection60] INFO  impl.LeaderElection (LeaderElection.java:askForVotes(321)) - b02980de-72b7-4a99-a802-296f21296c04@group-7133C33D95E9-LeaderElection60 PRE_VOTE round 0: submit vote requests at term 0 for conf: {index: -1, cur=peers:[2330440b-2504-4263-b461-07f8c416a88f|127.0.0.1:15180, b02980de-72b7-4a99-a802-296f21296c04|127.0.0.1:15207, f49a985e-efe9-405d-8922-13d0c1bb1d78|127.0.0.1:15189]|listeners:[], old=null}
2024-09-10 16:46:47,247 [b02980de-72b7-4a99-a802-296f21296c04@group-7133C33D95E9-LeaderElection60-1] INFO  server.GrpcServerProtocolClient (GrpcServerProtocolClient.java:<init>(65)) - Build channel for 2330440b-2504-4263-b461-07f8c416a88f|127.0.0.1:15180
2024-09-10 16:46:47,247 [b02980de-72b7-4a99-a802-296f21296c04@group-7133C33D95E9-LeaderElection60-2] INFO  server.GrpcServerProtocolClient (GrpcServerProtocolClient.java:<init>(65)) - Build channel for f49a985e-efe9-405d-8922-13d0c1bb1d78|127.0.0.1:15189
2024-09-10 16:46:47,247 [b02980de-72b7-4a99-a802-296f21296c04@group-7133C33D95E9-LeaderElection60] INFO  server.RaftServerConfigKeys (ConfUtils.java:logFallback(53)) - raft.server.rpc.first-election.timeout.min = 5s (fallback to raft.server.rpc.timeout.min)
2024-09-10 16:46:47,248 [b02980de-72b7-4a99-a802-296f21296c04@group-7133C33D95E9-LeaderElection60] INFO  server.RaftServerConfigKeys (ConfUtils.java:logFallback(53)) - raft.server.rpc.first-election.timeout.max = 5200ms (fallback to raft.server.rpc.timeout.max)
2024-09-10 16:46:47,249 [b02980de-72b7-4a99-a802-296f21296c04@group-7133C33D95E9-LeaderElection60] INFO  impl.LeaderElection (LogUtils.java:infoOrTrace(136)) - b02980de-72b7-4a99-a802-296f21296c04@group-7133C33D95E9-LeaderElection60 got exception when requesting votes: java.util.concurrent.ExecutionException: org.apache.ratis.thirdparty.io.grpc.StatusRuntimeException: UNAVAILABLE: io exception
2024-09-10 16:46:47,250 [grpc-default-executor-2] INFO  server.RaftServer$Division (RaftServerImpl.java:requestVote(1416)) - f49a985e-efe9-405d-8922-13d0c1bb1d78@group-7133C33D95E9: receive requestVote(PRE_VOTE, b02980de-72b7-4a99-a802-296f21296c04, group-7133C33D95E9, 0, (t:0, i:0))
2024-09-10 16:46:47,251 [grpc-default-executor-2] INFO  impl.VoteContext (VoteContext.java:log(49)) - f49a985e-efe9-405d-8922-13d0c1bb1d78@group-7133C33D95E9-FOLLOWER: reject PRE_VOTE from b02980de-72b7-4a99-a802-296f21296c04: our priority 1 > candidate's priority 0
2024-09-10 16:46:47,251 [grpc-default-executor-2] INFO  server.RaftServer$Division (RaftServerImpl.java:requestVote(1449)) - f49a985e-efe9-405d-8922-13d0c1bb1d78@group-7133C33D95E9 replies to PRE_VOTE vote request: b02980de-72b7-4a99-a802-296f21296c04<-f49a985e-efe9-405d-8922-13d0c1bb1d78#0:FAIL-t0. Peer's state: f49a985e-efe9-405d-8922-13d0c1bb1d78@group-7133C33D95E9:t0, leader=null, voted=, raftlog=Memoized:f49a985e-efe9-405d-8922-13d0c1bb1d78@group-7133C33D95E9-SegmentedRaftLog:OPENED:c-1:lastnull, conf=conf: {index: -1, cur=peers:[2330440b-2504-4263-b461-07f8c416a88f|127.0.0.1:15180, b02980de-72b7-4a99-a802-296f21296c04|127.0.0.1:15207, f49a985e-efe9-405d-8922-13d0c1bb1d78|127.0.0.1:15189]|listeners:[], old=null}
2024-09-10 16:46:47,251 [b02980de-72b7-4a99-a802-296f21296c04@group-7133C33D95E9-LeaderElection60] INFO  impl.LeaderElection (LeaderElection.java:logAndReturn(89)) - b02980de-72b7-4a99-a802-296f21296c04@group-7133C33D95E9-LeaderElection60: PRE_VOTE REJECTED received 1 response(s) and 1 exception(s):
2024-09-10 16:46:47,251 [b02980de-72b7-4a99-a802-296f21296c04@group-7133C33D95E9-LeaderElection60] INFO  impl.LeaderElection (LeaderElection.java:logAndReturn(93)) -   Response 0: b02980de-72b7-4a99-a802-296f21296c04<-f49a985e-efe9-405d-8922-13d0c1bb1d78#0:FAIL-t0
2024-09-10 16:46:47,251 [b02980de-72b7-4a99-a802-296f21296c04@group-7133C33D95E9-LeaderElection60] INFO  impl.LeaderElection (LogUtils.java:infoOrTrace(136)) -   Exception 1: java.util.concurrent.ExecutionException: org.apache.ratis.thirdparty.io.grpc.StatusRuntimeException: UNAVAILABLE: io exception
2024-09-10 16:46:47,251 [b02980de-72b7-4a99-a802-296f21296c04@group-7133C33D95E9-LeaderElection60] INFO  impl.LeaderElection (LeaderElection.java:askForVotes(323)) - b02980de-72b7-4a99-a802-296f21296c04@group-7133C33D95E9-LeaderElection60 PRE_VOTE round 0: result REJECTED
2024-09-10 16:46:47,251 [b02980de-72b7-4a99-a802-296f21296c04@group-7133C33D95E9-LeaderElection60] INFO  server.RaftServer$Division (RaftServerImpl.java:setRole(376)) - b02980de-72b7-4a99-a802-296f21296c04@group-7133C33D95E9: changes role from CANDIDATE to FOLLOWER at term 0 for REJECTED
2024-09-10 16:46:47,251 [b02980de-72b7-4a99-a802-296f21296c04@group-7133C33D95E9-LeaderElection60] INFO  impl.RoleInfo (RoleInfo.java:shutdownLeaderElection(139)) - b02980de-72b7-4a99-a802-296f21296c04: shutdown b02980de-72b7-4a99-a802-296f21296c04@group-7133C33D95E9-LeaderElection60
2024-09-10 16:46:47,252 [b02980de-72b7-4a99-a802-296f21296c04@group-7133C33D95E9-LeaderElection60] INFO  impl.RoleInfo (RoleInfo.java:updateAndGet(148)) - b02980de-72b7-4a99-a802-296f21296c04: start b02980de-72b7-4a99-a802-296f21296c04@group-7133C33D95E9-FollowerState
2024-09-10 16:46:47,252 [b02980de-72b7-4a99-a802-296f21296c04@group-7133C33D95E9-LeaderElection60] INFO  server.RaftServer$Division (RaftServerImpl.java:setFirstElection(549)) - b02980de-72b7-4a99-a802-296f21296c04@group-7133C33D95E9: set firstElectionSinceStartup to false for REJECTED
2024-09-10 16:46:47,298 [EventQueue-StaleNodeForStaleNodeHandler] INFO  node.StaleNodeHandler (StaleNodeHandler.java:onMessage(57)) - Datanode b02980de-72b7-4a99-a802-296f21296c04(localhost/127.0.0.1) moved to stale state. Finalizing its pipelines [PipelineID=2b7e01a2-3953-4eaf-b082-58973242f5df]
2024-09-10 16:46:47,299 [EventQueue-StaleNodeForStaleNodeHandler] INFO  pipeline.PipelineManagerImpl (PipelineManagerImpl.java:closePipeline(518)) - Pipeline PipelineID=2b7e01a2-3953-4eaf-b082-58973242f5df moved to CLOSED state
2024-09-10 16:46:47,869 [ForkJoinPool.commonPool-worker-3] INFO  utils.DatanodeStoreCache (DatanodeStoreCache.java:shutdownCache(116)) - Skip clearing cache in mini cluster mode. Entries left: [/home/runner/work/ozone/ozone/hadoop-ozone/integration-test/target/test-dir/MiniOzoneClusterImpl-4ea98613-7ec2-40e8-bdf5-64593f2fdf96/ozone-meta/datanode-3/data-0/hdds/4ea98613-7ec2-40e8-bdf5-64593f2fdf96/DS-ef7ff716-8888-4ef0-9bf3-80ced1797c12/container.db, /home/runner/work/ozone/ozone/hadoop-ozone/integration-test/target/test-dir/MiniOzoneClusterImpl-4ea98613-7ec2-40e8-bdf5-64593f2fdf96/ozone-meta/datanode-4/data-0/hdds/4ea98613-7ec2-40e8-bdf5-64593f2fdf96/DS-94c6076b-6cdd-4a2b-a89c-cc35a629c6a3/container.db, /home/runner/work/ozone/ozone/hadoop-ozone/integration-test/target/test-dir/MiniOzoneClusterImpl-4ea98613-7ec2-40e8-bdf5-64593f2fdf96/ozone-meta/datanode-5/data-0/hdds/4ea98613-7ec2-40e8-bdf5-64593f2fdf96/DS-140e863a-d1b8-4ca2-a0f1-c2e16b58400c/container.db]
2024-09-10 16:46:47,870 [ForkJoinPool.commonPool-worker-3] INFO  utils.DatanodeStoreCache (DatanodeStoreCache.java:removeDB(110)) - Removed db /home/runner/work/ozone/ozone/hadoop-ozone/integration-test/target/test-dir/MiniOzoneClusterImpl-4ea98613-7ec2-40e8-bdf5-64593f2fdf96/ozone-meta/datanode-4/data-0/hdds/4ea98613-7ec2-40e8-bdf5-64593f2fdf96/DS-94c6076b-6cdd-4a2b-a89c-cc35a629c6a3/container.db from cache
2024-09-10 16:46:47,870 [ForkJoinPool.commonPool-worker-3] INFO  volume.HddsVolume (HddsVolume.java:closeDbStore(462)) - SchemaV3 db is stopped at /home/runner/work/ozone/ozone/hadoop-ozone/integration-test/target/test-dir/MiniOzoneClusterImpl-4ea98613-7ec2-40e8-bdf5-64593f2fdf96/ozone-meta/datanode-4/data-0/hdds/4ea98613-7ec2-40e8-bdf5-64593f2fdf96/DS-94c6076b-6cdd-4a2b-a89c-cc35a629c6a3/container.db for volume DS-94c6076b-6cdd-4a2b-a89c-cc35a629c6a3
2024-09-10 16:46:47,870 [ForkJoinPool.commonPool-worker-3] INFO  utils.BackgroundService (BackgroundService.java:shutdown(163)) - Shutting down service BlockDeletingService
2024-09-10 16:46:47,870 [ForkJoinPool.commonPool-worker-3] INFO  utils.BackgroundService (BackgroundService.java:shutdown(163)) - Shutting down service StaleRecoveringContainerScrubbingService
2024-09-10 16:46:47,871 [ForkJoinPool.commonPool-worker-3] INFO  statemachine.DatanodeStateMachine (DatanodeStateMachine.java:stopDaemon(626)) - Ozone container server stopped.
2024-09-10 16:46:47,884 [ForkJoinPool.commonPool-worker-3] INFO  handler.ContextHandler (ContextHandler.java:doStop(1159)) - Stopped o.e.j.w.WebAppContext@21bdd0c3{hddsDatanode,/,null,STOPPED}{jar:file:/home/runner/work/ozone/ozone/hadoop-hdds/container-service/target/hdds-container-service-1.5.0-SNAPSHOT.jar!/webapps/hddsDatanode}
2024-09-10 16:46:47,884 [ForkJoinPool.commonPool-worker-3] INFO  server.AbstractConnector (AbstractConnector.java:doStop(383)) - Stopped ServerConnector@2e923046{HTTP/1.1, (http/1.1)}{0.0.0.0:15195}
2024-09-10 16:46:47,884 [ForkJoinPool.commonPool-worker-3] INFO  server.session (HouseKeeper.java:stopScavenging(149)) - node0 Stopped scavenging
2024-09-10 16:46:47,884 [ForkJoinPool.commonPool-worker-3] INFO  handler.ContextHandler (ContextHandler.java:doStop(1159)) - Stopped o.e.j.s.ServletContextHandler@73da1f76{static,/static,jar:file:/home/runner/work/ozone/ozone/hadoop-hdds/container-service/target/hdds-container-service-1.5.0-SNAPSHOT.jar!/webapps/static,STOPPED}
2024-09-10 16:46:47,884 [ForkJoinPool.commonPool-worker-3] INFO  handler.ContextHandler (ContextHandler.java:doStop(1159)) - Stopped o.e.j.s.ServletContextHandler@79d0d204{logs,/logs,file:///home/runner/work/ozone/ozone/hadoop-ozone/integration-test/target/log,STOPPED}
2024-09-10 16:46:47,885 [ForkJoinPool.commonPool-worker-3] INFO  ozone.HddsDatanodeClientProtocolServer (HddsDatanodeClientProtocolServer.java:stop(85)) - Stopping the RPC server for Client Protocol
2024-09-10 16:46:47,885 [ForkJoinPool.commonPool-worker-3] INFO  ipc.Server (Server.java:stop(3523)) - Stopping server on 15196
2024-09-10 16:46:47,886 [IPC Server listener on 15196] INFO  ipc.Server (Server.java:run(1434)) - Stopping IPC Server listener on 15196
2024-09-10 16:46:47,886 [IPC Server Responder] INFO  ipc.Server (Server.java:run(1567)) - Stopping IPC Server Responder
2024-09-10 16:46:47,899 [EventQueue-StaleNodeForStaleNodeHandler] INFO  node.StaleNodeHandler (StaleNodeHandler.java:onMessage(57)) - Datanode c95620fd-712c-4929-b988-78cb42202719(localhost/127.0.0.1) moved to stale state. Finalizing its pipelines [PipelineID=8dd5ed1b-6e7e-464a-8720-9a91bcd6d020]
2024-09-10 16:46:47,899 [EventQueue-StaleNodeForStaleNodeHandler] INFO  pipeline.PipelineManagerImpl (PipelineManagerImpl.java:closePipeline(518)) - Pipeline PipelineID=8dd5ed1b-6e7e-464a-8720-9a91bcd6d020 moved to CLOSED state
2024-09-10 16:46:48,188 [f49a985e-efe9-405d-8922-13d0c1bb1d78@group-7133C33D95E9-FollowerState] INFO  impl.FollowerState (FollowerState.java:run(144)) - f49a985e-efe9-405d-8922-13d0c1bb1d78@group-7133C33D95E9-FollowerState: change to CANDIDATE, lastRpcElapsedTime:5086673644ns, electionTimeout:5086ms
2024-09-10 16:46:48,189 [f49a985e-efe9-405d-8922-13d0c1bb1d78@group-7133C33D95E9-FollowerState] INFO  impl.RoleInfo (RoleInfo.java:shutdownFollowerState(119)) - f49a985e-efe9-405d-8922-13d0c1bb1d78: shutdown f49a985e-efe9-405d-8922-13d0c1bb1d78@group-7133C33D95E9-FollowerState
2024-09-10 16:46:48,189 [f49a985e-efe9-405d-8922-13d0c1bb1d78@group-7133C33D95E9-FollowerState] INFO  server.RaftServer$Division (RaftServerImpl.java:setRole(376)) - f49a985e-efe9-405d-8922-13d0c1bb1d78@group-7133C33D95E9: changes role from  FOLLOWER to CANDIDATE at term 0 for changeToCandidate
2024-09-10 16:46:48,189 [f49a985e-efe9-405d-8922-13d0c1bb1d78@group-7133C33D95E9-FollowerState] INFO  server.RaftServerConfigKeys (ConfUtils.java:logGet(46)) - raft.server.leaderelection.pre-vote = true (default)
2024-09-10 16:46:48,189 [f49a985e-efe9-405d-8922-13d0c1bb1d78@group-7133C33D95E9-FollowerState] INFO  impl.RoleInfo (RoleInfo.java:updateAndGet(148)) - f49a985e-efe9-405d-8922-13d0c1bb1d78: start f49a985e-efe9-405d-8922-13d0c1bb1d78@group-7133C33D95E9-LeaderElection61
2024-09-10 16:46:48,189 [f49a985e-efe9-405d-8922-13d0c1bb1d78@group-7133C33D95E9-LeaderElection61] INFO  impl.LeaderElection (LeaderElection.java:askForVotes(321)) - f49a985e-efe9-405d-8922-13d0c1bb1d78@group-7133C33D95E9-LeaderElection61 PRE_VOTE round 0: submit vote requests at term 0 for conf: {index: -1, cur=peers:[2330440b-2504-4263-b461-07f8c416a88f|127.0.0.1:15180, b02980de-72b7-4a99-a802-296f21296c04|127.0.0.1:15207, f49a985e-efe9-405d-8922-13d0c1bb1d78|127.0.0.1:15189]|listeners:[], old=null}
2024-09-10 16:46:48,190 [f49a985e-efe9-405d-8922-13d0c1bb1d78@group-7133C33D95E9-LeaderElection61] INFO  server.RaftServerConfigKeys (ConfUtils.java:logFallback(53)) - raft.server.rpc.first-election.timeout.min = 5s (fallback to raft.server.rpc.timeout.min)
2024-09-10 16:46:48,190 [f49a985e-efe9-405d-8922-13d0c1bb1d78@group-7133C33D95E9-LeaderElection61] INFO  server.RaftServerConfigKeys (ConfUtils.java:logFallback(53)) - raft.server.rpc.first-election.timeout.max = 5200ms (fallback to raft.server.rpc.timeout.max)
2024-09-10 16:46:48,190 [f49a985e-efe9-405d-8922-13d0c1bb1d78@group-7133C33D95E9-LeaderElection61] INFO  impl.LeaderElection (LogUtils.java:infoOrTrace(136)) - f49a985e-efe9-405d-8922-13d0c1bb1d78@group-7133C33D95E9-LeaderElection61 got exception when requesting votes: java.util.concurrent.ExecutionException: org.apache.ratis.thirdparty.io.grpc.StatusRuntimeException: UNAVAILABLE: io exception
2024-09-10 16:46:48,190 [f49a985e-efe9-405d-8922-13d0c1bb1d78@group-7133C33D95E9-LeaderElection61-2] INFO  server.GrpcServerProtocolClient (GrpcServerProtocolClient.java:<init>(65)) - Build channel for b02980de-72b7-4a99-a802-296f21296c04|127.0.0.1:15207
2024-09-10 16:46:48,194 [grpc-default-executor-2] INFO  server.RaftServer$Division (RaftServerImpl.java:requestVote(1416)) - b02980de-72b7-4a99-a802-296f21296c04@group-7133C33D95E9: receive requestVote(PRE_VOTE, f49a985e-efe9-405d-8922-13d0c1bb1d78, group-7133C33D95E9, 0, (t:0, i:0))
2024-09-10 16:46:48,194 [grpc-default-executor-2] INFO  impl.VoteContext (VoteContext.java:log(49)) - b02980de-72b7-4a99-a802-296f21296c04@group-7133C33D95E9-FOLLOWER: accept PRE_VOTE from f49a985e-efe9-405d-8922-13d0c1bb1d78: our priority 0 <= candidate's priority 1
2024-09-10 16:46:48,194 [grpc-default-executor-2] INFO  server.RaftServer$Division (RaftServerImpl.java:requestVote(1449)) - b02980de-72b7-4a99-a802-296f21296c04@group-7133C33D95E9 replies to PRE_VOTE vote request: f49a985e-efe9-405d-8922-13d0c1bb1d78<-b02980de-72b7-4a99-a802-296f21296c04#0:OK-t0. Peer's state: b02980de-72b7-4a99-a802-296f21296c04@group-7133C33D95E9:t0, leader=null, voted=, raftlog=Memoized:b02980de-72b7-4a99-a802-296f21296c04@group-7133C33D95E9-SegmentedRaftLog:OPENED:c-1:lastnull, conf=conf: {index: -1, cur=peers:[2330440b-2504-4263-b461-07f8c416a88f|127.0.0.1:15180, b02980de-72b7-4a99-a802-296f21296c04|127.0.0.1:15207, f49a985e-efe9-405d-8922-13d0c1bb1d78|127.0.0.1:15189]|listeners:[], old=null}
2024-09-10 16:46:48,195 [f49a985e-efe9-405d-8922-13d0c1bb1d78@group-7133C33D95E9-LeaderElection61] INFO  impl.LeaderElection (LeaderElection.java:logAndReturn(89)) - f49a985e-efe9-405d-8922-13d0c1bb1d78@group-7133C33D95E9-LeaderElection61: PRE_VOTE PASSED received 1 response(s) and 1 exception(s):
2024-09-10 16:46:48,195 [f49a985e-efe9-405d-8922-13d0c1bb1d78@group-7133C33D95E9-LeaderElection61] INFO  impl.LeaderElection (LeaderElection.java:logAndReturn(93)) -   Response 0: f49a985e-efe9-405d-8922-13d0c1bb1d78<-b02980de-72b7-4a99-a802-296f21296c04#0:OK-t0
2024-09-10 16:46:48,195 [f49a985e-efe9-405d-8922-13d0c1bb1d78@group-7133C33D95E9-LeaderElection61] INFO  impl.LeaderElection (LogUtils.java:infoOrTrace(136)) -   Exception 1: java.util.concurrent.ExecutionException: org.apache.ratis.thirdparty.io.grpc.StatusRuntimeException: UNAVAILABLE: io exception
2024-09-10 16:46:48,195 [f49a985e-efe9-405d-8922-13d0c1bb1d78@group-7133C33D95E9-LeaderElection61] INFO  impl.LeaderElection (LeaderElection.java:askForVotes(323)) - f49a985e-efe9-405d-8922-13d0c1bb1d78@group-7133C33D95E9-LeaderElection61 PRE_VOTE round 0: result PASSED
2024-09-10 16:46:48,197 [f49a985e-efe9-405d-8922-13d0c1bb1d78@group-7133C33D95E9-LeaderElection61] INFO  impl.LeaderElection (LeaderElection.java:askForVotes(321)) - f49a985e-efe9-405d-8922-13d0c1bb1d78@group-7133C33D95E9-LeaderElection61 ELECTION round 0: submit vote requests at term 1 for conf: {index: -1, cur=peers:[2330440b-2504-4263-b461-07f8c416a88f|127.0.0.1:15180, b02980de-72b7-4a99-a802-296f21296c04|127.0.0.1:15207, f49a985e-efe9-405d-8922-13d0c1bb1d78|127.0.0.1:15189]|listeners:[], old=null}
2024-09-10 16:46:48,197 [f49a985e-efe9-405d-8922-13d0c1bb1d78@group-7133C33D95E9-LeaderElection61] INFO  server.RaftServerConfigKeys (ConfUtils.java:logFallback(53)) - raft.server.rpc.first-election.timeout.min = 5s (fallback to raft.server.rpc.timeout.min)
2024-09-10 16:46:48,198 [f49a985e-efe9-405d-8922-13d0c1bb1d78@group-7133C33D95E9-LeaderElection61] INFO  server.RaftServerConfigKeys (ConfUtils.java:logFallback(53)) - raft.server.rpc.first-election.timeout.max = 5200ms (fallback to raft.server.rpc.timeout.max)
2024-09-10 16:46:48,198 [f49a985e-efe9-405d-8922-13d0c1bb1d78@group-7133C33D95E9-LeaderElection61] INFO  impl.LeaderElection (LogUtils.java:infoOrTrace(136)) - f49a985e-efe9-405d-8922-13d0c1bb1d78@group-7133C33D95E9-LeaderElection61 got exception when requesting votes: java.util.concurrent.ExecutionException: org.apache.ratis.thirdparty.io.grpc.StatusRuntimeException: UNAVAILABLE: io exception
2024-09-10 16:46:48,199 [grpc-default-executor-2] INFO  server.RaftServer$Division (RaftServerImpl.java:requestVote(1416)) - b02980de-72b7-4a99-a802-296f21296c04@group-7133C33D95E9: receive requestVote(ELECTION, f49a985e-efe9-405d-8922-13d0c1bb1d78, group-7133C33D95E9, 1, (t:0, i:0))
2024-09-10 16:46:48,199 [grpc-default-executor-2] INFO  impl.VoteContext (VoteContext.java:log(49)) - b02980de-72b7-4a99-a802-296f21296c04@group-7133C33D95E9-FOLLOWER: accept ELECTION from f49a985e-efe9-405d-8922-13d0c1bb1d78: our priority 0 <= candidate's priority 1
2024-09-10 16:46:48,199 [grpc-default-executor-2] INFO  server.RaftServer$Division (RaftServerImpl.java:setRole(376)) - b02980de-72b7-4a99-a802-296f21296c04@group-7133C33D95E9: changes role from  FOLLOWER to FOLLOWER at term 1 for candidate:f49a985e-efe9-405d-8922-13d0c1bb1d78
2024-09-10 16:46:48,199 [grpc-default-executor-2] INFO  impl.RoleInfo (RoleInfo.java:shutdownFollowerState(119)) - b02980de-72b7-4a99-a802-296f21296c04: shutdown b02980de-72b7-4a99-a802-296f21296c04@group-7133C33D95E9-FollowerState
2024-09-10 16:46:48,199 [grpc-default-executor-2] INFO  impl.RoleInfo (RoleInfo.java:updateAndGet(148)) - b02980de-72b7-4a99-a802-296f21296c04: start b02980de-72b7-4a99-a802-296f21296c04@group-7133C33D95E9-FollowerState
2024-09-10 16:46:48,199 [b02980de-72b7-4a99-a802-296f21296c04@group-7133C33D95E9-FollowerState] INFO  impl.FollowerState (FollowerState.java:run(153)) - b02980de-72b7-4a99-a802-296f21296c04@group-7133C33D95E9-FollowerState was interrupted
2024-09-10 16:46:48,200 [grpc-default-executor-2] INFO  server.RaftServer$Division (RaftServerImpl.java:requestVote(1449)) - b02980de-72b7-4a99-a802-296f21296c04@group-7133C33D95E9 replies to ELECTION vote request: f49a985e-efe9-405d-8922-13d0c1bb1d78<-b02980de-72b7-4a99-a802-296f21296c04#0:OK-t1. Peer's state: b02980de-72b7-4a99-a802-296f21296c04@group-7133C33D95E9:t1, leader=null, voted=f49a985e-efe9-405d-8922-13d0c1bb1d78, raftlog=Memoized:b02980de-72b7-4a99-a802-296f21296c04@group-7133C33D95E9-SegmentedRaftLog:OPENED:c-1:lastnull, conf=conf: {index: -1, cur=peers:[2330440b-2504-4263-b461-07f8c416a88f|127.0.0.1:15180, b02980de-72b7-4a99-a802-296f21296c04|127.0.0.1:15207, f49a985e-efe9-405d-8922-13d0c1bb1d78|127.0.0.1:15189]|listeners:[], old=null}
2024-09-10 16:46:48,200 [f49a985e-efe9-405d-8922-13d0c1bb1d78@group-7133C33D95E9-LeaderElection61] INFO  impl.LeaderElection (LeaderElection.java:logAndReturn(89)) - f49a985e-efe9-405d-8922-13d0c1bb1d78@group-7133C33D95E9-LeaderElection61: ELECTION PASSED received 1 response(s) and 1 exception(s):
2024-09-10 16:46:48,200 [f49a985e-efe9-405d-8922-13d0c1bb1d78@group-7133C33D95E9-LeaderElection61] INFO  impl.LeaderElection (LeaderElection.java:logAndReturn(93)) -   Response 0: f49a985e-efe9-405d-8922-13d0c1bb1d78<-b02980de-72b7-4a99-a802-296f21296c04#0:OK-t1
2024-09-10 16:46:48,200 [f49a985e-efe9-405d-8922-13d0c1bb1d78@group-7133C33D95E9-LeaderElection61] INFO  impl.LeaderElection (LogUtils.java:infoOrTrace(136)) -   Exception 1: java.util.concurrent.ExecutionException: org.apache.ratis.thirdparty.io.grpc.StatusRuntimeException: UNAVAILABLE: io exception
2024-09-10 16:46:48,200 [f49a985e-efe9-405d-8922-13d0c1bb1d78@group-7133C33D95E9-LeaderElection61] INFO  impl.LeaderElection (LeaderElection.java:askForVotes(323)) - f49a985e-efe9-405d-8922-13d0c1bb1d78@group-7133C33D95E9-LeaderElection61 ELECTION round 0: result PASSED
2024-09-10 16:46:48,201 [f49a985e-efe9-405d-8922-13d0c1bb1d78@group-7133C33D95E9-LeaderElection61] INFO  impl.RoleInfo (RoleInfo.java:shutdownLeaderElection(139)) - f49a985e-efe9-405d-8922-13d0c1bb1d78: shutdown f49a985e-efe9-405d-8922-13d0c1bb1d78@group-7133C33D95E9-LeaderElection61
2024-09-10 16:46:48,201 [f49a985e-efe9-405d-8922-13d0c1bb1d78@group-7133C33D95E9-LeaderElection61] INFO  server.RaftServer$Division (RaftServerImpl.java:setRole(376)) - f49a985e-efe9-405d-8922-13d0c1bb1d78@group-7133C33D95E9: changes role from CANDIDATE to LEADER at term 1 for changeToLeader
2024-09-10 16:46:48,201 [f49a985e-efe9-405d-8922-13d0c1bb1d78@group-7133C33D95E9-LeaderElection61] INFO  server.RaftServerConfigKeys (ConfUtils.java:logGet(46)) - raft.server.staging.catchup.gap = 1000 (default)
2024-09-10 16:46:48,201 [f49a985e-efe9-405d-8922-13d0c1bb1d78@group-7133C33D95E9-LeaderElection61] INFO  server.RaftServerConfigKeys (ConfUtils.java:logGet(46)) - raft.server.write.element-limit = 1024 (custom)
2024-09-10 16:46:48,201 [f49a985e-efe9-405d-8922-13d0c1bb1d78@group-7133C33D95E9-LeaderElection61] INFO  server.RaftServerConfigKeys (ConfUtils.java:logGet(46)) - raft.server.write.byte-limit = 1024 M (=1073741824) (custom)
2024-09-10 16:46:48,201 [f49a985e-efe9-405d-8922-13d0c1bb1d78@group-7133C33D95E9-LeaderElection61] INFO  server.RaftServerConfigKeys (ConfUtils.java:logGet(46)) - raft.server.watch.timeout = 3000ms (custom)
2024-09-10 16:46:48,201 [f49a985e-efe9-405d-8922-13d0c1bb1d78@group-7133C33D95E9-LeaderElection61] INFO  server.RaftServerConfigKeys (ConfUtils.java:logGet(46)) - raft.server.watch.timeout.denomination = 1s (default)
2024-09-10 16:46:48,201 [f49a985e-efe9-405d-8922-13d0c1bb1d78@group-7133C33D95E9-LeaderElection61] INFO  server.RaftServerConfigKeys (ConfUtils.java:logGet(46)) - raft.server.watch.element-limit = 65536 (default)
2024-09-10 16:46:48,201 [f49a985e-efe9-405d-8922-13d0c1bb1d78@group-7133C33D95E9-LeaderElection61] INFO  server.RaftServerConfigKeys (ConfUtils.java:logGet(46)) - raft.server.read.leader.lease.enabled = false (default)
2024-09-10 16:46:48,202 [f49a985e-efe9-405d-8922-13d0c1bb1d78@group-7133C33D95E9-LeaderElection61] INFO  server.RaftServerConfigKeys (ConfUtils.java:logGet(46)) - raft.server.read.leader.lease.timeout.ratio = 0.9 (default)
2024-09-10 16:46:48,202 [f49a985e-efe9-405d-8922-13d0c1bb1d78@group-7133C33D95E9-LeaderElection61] INFO  server.RaftServerConfigKeys (ConfUtils.java:logGet(46)) - raft.server.rpc.timeout.min = 5s (custom)
2024-09-10 16:46:48,202 [f49a985e-efe9-405d-8922-13d0c1bb1d78@group-7133C33D95E9-LeaderElection61] INFO  server.RaftServerConfigKeys (ConfUtils.java:logGet(46)) - raft.server.log.log-metadata.enabled = true (default)
2024-09-10 16:46:48,202 [f49a985e-efe9-405d-8922-13d0c1bb1d78@group-7133C33D95E9-LeaderElection61] INFO  server.RaftServerConfigKeys (ConfUtils.java:logGet(46)) - raft.server.write.element-limit = 1024 (custom)
2024-09-10 16:46:48,202 [f49a985e-efe9-405d-8922-13d0c1bb1d78@group-7133C33D95E9-LeaderElection61] INFO  server.RaftServerConfigKeys (ConfUtils.java:logGet(46)) - raft.server.write.follower.gap.ratio.max = -1.0 (default)
2024-09-10 16:46:48,202 [f49a985e-efe9-405d-8922-13d0c1bb1d78@group-7133C33D95E9-LeaderElection61] INFO  server.RaftServerConfigKeys (ConfUtils.java:logGet(46)) - raft.server.log.appender.snapshot.chunk.size.max = 16MB (=16777216) (default)
2024-09-10 16:46:48,202 [f49a985e-efe9-405d-8922-13d0c1bb1d78@group-7133C33D95E9-LeaderElection61] INFO  server.RaftServerConfigKeys (ConfUtils.java:logGet(46)) - raft.server.log.appender.buffer.byte-limit = 33554432 (custom)
2024-09-10 16:46:48,202 [f49a985e-efe9-405d-8922-13d0c1bb1d78@group-7133C33D95E9-LeaderElection61] INFO  server.RaftServerConfigKeys (ConfUtils.java:logGet(46)) - raft.server.log.appender.buffer.element-limit = 1024 (custom)
2024-09-10 16:46:48,202 [f49a985e-efe9-405d-8922-13d0c1bb1d78@group-7133C33D95E9-LeaderElection61] INFO  server.RaftServerConfigKeys (ConfUtils.java:logGet(46)) - raft.server.log.appender.wait-time.min = 0ms (custom)
2024-09-10 16:46:48,202 [f49a985e-efe9-405d-8922-13d0c1bb1d78@group-7133C33D95E9-LeaderElection61] INFO  grpc.GrpcConfigKeys (ConfUtils.java:logGet(46)) - raft.grpc.server.leader.outstanding.appends.max = 8 (default)
2024-09-10 16:46:48,202 [f49a985e-efe9-405d-8922-13d0c1bb1d78@group-7133C33D95E9-LeaderElection61] INFO  server.RaftServerConfigKeys (ConfUtils.java:logGet(46)) - raft.server.rpc.request.timeout = 3000ms (default)
2024-09-10 16:46:48,202 [f49a985e-efe9-405d-8922-13d0c1bb1d78@group-7133C33D95E9-LeaderElection61] INFO  grpc.GrpcConfigKeys (ConfUtils.java:logGet(46)) - raft.grpc.server.install_snapshot.request.element-limit = 8 (default)
2024-09-10 16:46:48,202 [f49a985e-efe9-405d-8922-13d0c1bb1d78@group-7133C33D95E9-LeaderElection61] INFO  grpc.GrpcConfigKeys (ConfUtils.java:logGet(46)) - raft.grpc.server.install_snapshot.request.timeout = 3000ms (default)
2024-09-10 16:46:48,202 [f49a985e-efe9-405d-8922-13d0c1bb1d78@group-7133C33D95E9-LeaderElection61] INFO  grpc.GrpcConfigKeys (ConfUtils.java:logGet(46)) - raft.grpc.server.log-message.batch.duration = 5s (default)
2024-09-10 16:46:48,202 [f49a985e-efe9-405d-8922-13d0c1bb1d78@group-7133C33D95E9-LeaderElection61] INFO  server.RaftServerConfigKeys (ConfUtils.java:logGet(46)) - raft.server.log.appender.install.snapshot.enabled = false (custom)
2024-09-10 16:46:48,203 [f49a985e-efe9-405d-8922-13d0c1bb1d78@group-7133C33D95E9-LeaderElection61] INFO  grpc.GrpcConfigKeys (ConfUtils.java:logGet(46)) - raft.grpc.server.heartbeat.channel = true (default)
2024-09-10 16:46:48,203 [f49a985e-efe9-405d-8922-13d0c1bb1d78@group-7133C33D95E9-LeaderElection61] INFO  server.RaftServerConfigKeys (ConfUtils.java:logGet(46)) - raft.server.log.appender.snapshot.chunk.size.max = 16MB (=16777216) (default)
2024-09-10 16:46:48,203 [f49a985e-efe9-405d-8922-13d0c1bb1d78@group-7133C33D95E9-LeaderElection61] INFO  server.RaftServerConfigKeys (ConfUtils.java:logGet(46)) - raft.server.log.appender.buffer.byte-limit = 33554432 (custom)
2024-09-10 16:46:48,203 [f49a985e-efe9-405d-8922-13d0c1bb1d78@group-7133C33D95E9-LeaderElection61] INFO  server.RaftServerConfigKeys (ConfUtils.java:logGet(46)) - raft.server.log.appender.buffer.element-limit = 1024 (custom)
2024-09-10 16:46:48,203 [f49a985e-efe9-405d-8922-13d0c1bb1d78@group-7133C33D95E9-LeaderElection61] INFO  server.RaftServerConfigKeys (ConfUtils.java:logGet(46)) - raft.server.log.appender.wait-time.min = 0ms (custom)
2024-09-10 16:46:48,203 [f49a985e-efe9-405d-8922-13d0c1bb1d78@group-7133C33D95E9-LeaderElection61] INFO  grpc.GrpcConfigKeys (ConfUtils.java:logGet(46)) - raft.grpc.server.leader.outstanding.appends.max = 8 (default)
2024-09-10 16:46:48,203 [f49a985e-efe9-405d-8922-13d0c1bb1d78@group-7133C33D95E9-LeaderElection61] INFO  server.RaftServerConfigKeys (ConfUtils.java:logGet(46)) - raft.server.rpc.request.timeout = 3000ms (default)
2024-09-10 16:46:48,203 [f49a985e-efe9-405d-8922-13d0c1bb1d78@group-7133C33D95E9-LeaderElection61] INFO  grpc.GrpcConfigKeys (ConfUtils.java:logGet(46)) - raft.grpc.server.install_snapshot.request.element-limit = 8 (default)
2024-09-10 16:46:48,203 [f49a985e-efe9-405d-8922-13d0c1bb1d78@group-7133C33D95E9-LeaderElection61] INFO  grpc.GrpcConfigKeys (ConfUtils.java:logGet(46)) - raft.grpc.server.install_snapshot.request.timeout = 3000ms (default)
2024-09-10 16:46:48,203 [f49a985e-efe9-405d-8922-13d0c1bb1d78@group-7133C33D95E9-LeaderElection61] INFO  grpc.GrpcConfigKeys (ConfUtils.java:logGet(46)) - raft.grpc.server.log-message.batch.duration = 5s (default)
2024-09-10 16:46:48,203 [f49a985e-efe9-405d-8922-13d0c1bb1d78@group-7133C33D95E9-LeaderElection61] INFO  server.RaftServerConfigKeys (ConfUtils.java:logGet(46)) - raft.server.log.appender.install.snapshot.enabled = false (custom)
2024-09-10 16:46:48,203 [f49a985e-efe9-405d-8922-13d0c1bb1d78@group-7133C33D95E9-LeaderElection61] INFO  grpc.GrpcConfigKeys (ConfUtils.java:logGet(46)) - raft.grpc.server.heartbeat.channel = true (default)
2024-09-10 16:46:48,203 [f49a985e-efe9-405d-8922-13d0c1bb1d78@group-7133C33D95E9-LeaderElection61] INFO  impl.RoleInfo (RoleInfo.java:updateAndGet(148)) - f49a985e-efe9-405d-8922-13d0c1bb1d78: start f49a985e-efe9-405d-8922-13d0c1bb1d78@group-7133C33D95E9-LeaderStateImpl
2024-09-10 16:46:48,203 [f49a985e-efe9-405d-8922-13d0c1bb1d78@group-7133C33D95E9-LeaderElection61] INFO  server.RaftServer$Division (RaftServerImpl.java:setFirstElection(549)) - f49a985e-efe9-405d-8922-13d0c1bb1d78@group-7133C33D95E9: set firstElectionSinceStartup to false for becomeLeader
2024-09-10 16:46:48,204 [f49a985e-efe9-405d-8922-13d0c1bb1d78@group-7133C33D95E9-LeaderElection61] INFO  ratis.XceiverServerRatis (XceiverServerRatis.java:handleLeaderChangedNotification(950)) - Leader change notification received for group: group-7133C33D95E9 with new leaderId: f49a985e-efe9-405d-8922-13d0c1bb1d78
2024-09-10 16:46:48,204 [f49a985e-efe9-405d-8922-13d0c1bb1d78@group-7133C33D95E9-LeaderElection61] INFO  server.RaftServer$Division (ServerState.java:setLeader(272)) - f49a985e-efe9-405d-8922-13d0c1bb1d78@group-7133C33D95E9: change Leader from null to f49a985e-efe9-405d-8922-13d0c1bb1d78 at term 1 for becomeLeader, leader elected after 5115ms
2024-09-10 16:46:48,204 [f49a985e-efe9-405d-8922-13d0c1bb1d78@group-7133C33D95E9-LeaderElection61] INFO  segmented.SegmentedRaftLogWorker (SegmentedRaftLogWorker.java:startLogSegment(433)) - f49a985e-efe9-405d-8922-13d0c1bb1d78@group-7133C33D95E9-SegmentedRaftLogWorker: Starting segment from index:0
2024-09-10 16:46:48,204 [f49a985e-efe9-405d-8922-13d0c1bb1d78@group-7133C33D95E9-LeaderElection61] INFO  server.RaftServer$Division (ServerState.java:setRaftConf(386)) - f49a985e-efe9-405d-8922-13d0c1bb1d78@group-7133C33D95E9: set configuration conf: {index: 0, cur=peers:[2330440b-2504-4263-b461-07f8c416a88f|127.0.0.1:15180, b02980de-72b7-4a99-a802-296f21296c04|127.0.0.1:15207, f49a985e-efe9-405d-8922-13d0c1bb1d78|127.0.0.1:15189]|listeners:[], old=null}
2024-09-10 16:46:48,204 [f49a985e-efe9-405d-8922-13d0c1bb1d78@group-7133C33D95E9-SegmentedRaftLogWorker] INFO  segmented.BufferedWriteChannel (BufferedWriteChannel.java:open(61)) - open log_inprogress_0 at position 0
2024-09-10 16:46:48,205 [grpc-default-executor-2] WARN  server.GrpcLogAppender (LogUtils.java:warn(121)) - f49a985e-efe9-405d-8922-13d0c1bb1d78@group-7133C33D95E9->2330440b-2504-4263-b461-07f8c416a88f-AppendLogResponseHandler: Failed appendEntries: org.apache.ratis.thirdparty.io.grpc.StatusRuntimeException: UNAVAILABLE: io exception
2024-09-10 16:46:48,205 [grpc-default-executor-4] WARN  server.GrpcLogAppender (GrpcLogAppender.java:lambda$resetClient$1(221)) - f49a985e-efe9-405d-8922-13d0c1bb1d78@group-7133C33D95E9->2330440b-2504-4263-b461-07f8c416a88f-GrpcLogAppender: Follower failed (request=null, errorCount=1); keep nextIndex (0) unchanged and retry.
2024-09-10 16:46:48,213 [b02980de-72b7-4a99-a802-296f21296c04-server-thread1] INFO  ratis.XceiverServerRatis (XceiverServerRatis.java:handleLeaderChangedNotification(950)) - Leader change notification received for group: group-7133C33D95E9 with new leaderId: f49a985e-efe9-405d-8922-13d0c1bb1d78
2024-09-10 16:46:48,213 [b02980de-72b7-4a99-a802-296f21296c04-server-thread1] INFO  server.RaftServer$Division (ServerState.java:setLeader(272)) - b02980de-72b7-4a99-a802-296f21296c04@group-7133C33D95E9: change Leader from null to f49a985e-efe9-405d-8922-13d0c1bb1d78 at term 1 for appendEntries, leader elected after 5987ms
2024-09-10 16:46:48,213 [b02980de-72b7-4a99-a802-296f21296c04-server-thread2] INFO  server.RaftServer$Division (ServerState.java:setRaftConf(386)) - b02980de-72b7-4a99-a802-296f21296c04@group-7133C33D95E9: set configuration conf: {index: 0, cur=peers:[2330440b-2504-4263-b461-07f8c416a88f|127.0.0.1:15180, b02980de-72b7-4a99-a802-296f21296c04|127.0.0.1:15207, f49a985e-efe9-405d-8922-13d0c1bb1d78|127.0.0.1:15189]|listeners:[], old=null}
2024-09-10 16:46:48,213 [b02980de-72b7-4a99-a802-296f21296c04-server-thread2] INFO  segmented.SegmentedRaftLogWorker (SegmentedRaftLogWorker.java:startLogSegment(433)) - b02980de-72b7-4a99-a802-296f21296c04@group-7133C33D95E9-SegmentedRaftLogWorker: Starting segment from index:0
2024-09-10 16:46:48,213 [grpc-default-executor-1] WARN  server.GrpcLogAppender (GrpcLogAppender.java:lambda$resetClient$1(221)) - f49a985e-efe9-405d-8922-13d0c1bb1d78@group-7133C33D95E9->2330440b-2504-4263-b461-07f8c416a88f-GrpcLogAppender: Follower failed (request=null, errorCount=5); keep nextIndex (1) unchanged and retry.
2024-09-10 16:46:48,214 [b02980de-72b7-4a99-a802-296f21296c04@group-7133C33D95E9-SegmentedRaftLogWorker] INFO  segmented.BufferedWriteChannel (BufferedWriteChannel.java:open(61)) - open log_inprogress_0 at position 0
2024-09-10 16:46:48,214 [f49a985e-efe9-405d-8922-13d0c1bb1d78@group-7133C33D95E9-SegmentedRaftLogWorker] INFO  segmented.SegmentedRaftLogWorker (SegmentedRaftLogWorker.java:execute(637)) - f49a985e-efe9-405d-8922-13d0c1bb1d78@group-7133C33D95E9-SegmentedRaftLogWorker: created new log segment /home/runner/work/ozone/ozone/hadoop-ozone/integration-test/target/test-dir/MiniOzoneClusterImpl-4ea98613-7ec2-40e8-bdf5-64593f2fdf96/ozone-meta/datanode-3/ratis/b90310fe-41f6-43a3-a698-7133c33d95e9/current/log_inprogress_0
2024-09-10 16:46:48,222 [b02980de-72b7-4a99-a802-296f21296c04@group-7133C33D95E9-SegmentedRaftLogWorker] INFO  segmented.SegmentedRaftLogWorker (SegmentedRaftLogWorker.java:execute(637)) - b02980de-72b7-4a99-a802-296f21296c04@group-7133C33D95E9-SegmentedRaftLogWorker: created new log segment /home/runner/work/ozone/ozone/hadoop-ozone/integration-test/target/test-dir/MiniOzoneClusterImpl-4ea98613-7ec2-40e8-bdf5-64593f2fdf96/ozone-meta/datanode-5/ratis/b90310fe-41f6-43a3-a698-7133c33d95e9/current/log_inprogress_0
2024-09-10 16:46:48,225 [f49a985e-efe9-405d-8922-13d0c1bb1d78@group-7133C33D95E9-StateMachineUpdater] INFO  server.RaftServer$Division (LeaderStateImpl.java:checkStartIndex(316)) - Leader f49a985e-efe9-405d-8922-13d0c1bb1d78@group-7133C33D95E9-LeaderStateImpl is ready since appliedIndex == startIndex == 0
2024-09-10 16:46:48,888 [timer6] WARN  server.GrpcLogAppender (LogUtils.java:warn(121)) - f49a985e-efe9-405d-8922-13d0c1bb1d78@group-A76AAD3EA5B0->2330440b-2504-4263-b461-07f8c416a88f-AppendLogResponseHandler: Failed appendEntries (Repeated 4 times in the last 5.000s): org.apache.ratis.thirdparty.io.grpc.StatusRuntimeException: UNAVAILABLE: io exception
2024-09-10 16:46:49,815 [f49a985e-efe9-405d-8922-13d0c1bb1d78@group-BD59E781AD1C-FollowerState] INFO  impl.FollowerState (FollowerState.java:run(144)) - f49a985e-efe9-405d-8922-13d0c1bb1d78@group-BD59E781AD1C-FollowerState: change to CANDIDATE, lastRpcElapsedTime:5185284950ns, electionTimeout:5185ms
2024-09-10 16:46:49,815 [f49a985e-efe9-405d-8922-13d0c1bb1d78@group-BD59E781AD1C-FollowerState] INFO  impl.RoleInfo (RoleInfo.java:shutdownFollowerState(119)) - f49a985e-efe9-405d-8922-13d0c1bb1d78: shutdown f49a985e-efe9-405d-8922-13d0c1bb1d78@group-BD59E781AD1C-FollowerState
2024-09-10 16:46:49,815 [f49a985e-efe9-405d-8922-13d0c1bb1d78@group-BD59E781AD1C-FollowerState] INFO  server.RaftServer$Division (RaftServerImpl.java:setRole(376)) - f49a985e-efe9-405d-8922-13d0c1bb1d78@group-BD59E781AD1C: changes role from  FOLLOWER to CANDIDATE at term 1 for changeToCandidate
2024-09-10 16:46:49,815 [f49a985e-efe9-405d-8922-13d0c1bb1d78@group-BD59E781AD1C-FollowerState] INFO  server.RaftServerConfigKeys (ConfUtils.java:logGet(46)) - raft.server.leaderelection.pre-vote = true (default)
2024-09-10 16:46:49,815 [f49a985e-efe9-405d-8922-13d0c1bb1d78@group-BD59E781AD1C-FollowerState] INFO  impl.RoleInfo (RoleInfo.java:updateAndGet(148)) - f49a985e-efe9-405d-8922-13d0c1bb1d78: start f49a985e-efe9-405d-8922-13d0c1bb1d78@group-BD59E781AD1C-LeaderElection62
2024-09-10 16:46:49,816 [f49a985e-efe9-405d-8922-13d0c1bb1d78@group-BD59E781AD1C-LeaderElection62] INFO  impl.LeaderElection (LeaderElection.java:askForVotes(321)) - f49a985e-efe9-405d-8922-13d0c1bb1d78@group-BD59E781AD1C-LeaderElection62 PRE_VOTE round 0: submit vote requests at term 1 for conf: {index: 0, cur=peers:[2330440b-2504-4263-b461-07f8c416a88f|127.0.0.1:15180, f49a985e-efe9-405d-8922-13d0c1bb1d78|127.0.0.1:15189, e5502358-b128-4a46-b87d-f44ed006f965|127.0.0.1:15171]|listeners:[], old=null}
2024-09-10 16:46:49,816 [f49a985e-efe9-405d-8922-13d0c1bb1d78@group-BD59E781AD1C-LeaderElection62] INFO  impl.LeaderElection (LogUtils.java:infoOrTrace(136)) - f49a985e-efe9-405d-8922-13d0c1bb1d78@group-BD59E781AD1C-LeaderElection62 got exception when requesting votes: java.util.concurrent.ExecutionException: org.apache.ratis.thirdparty.io.grpc.StatusRuntimeException: UNAVAILABLE: io exception
2024-09-10 16:46:49,816 [f49a985e-efe9-405d-8922-13d0c1bb1d78@group-BD59E781AD1C-LeaderElection62] INFO  impl.LeaderElection (LogUtils.java:infoOrTrace(136)) - f49a985e-efe9-405d-8922-13d0c1bb1d78@group-BD59E781AD1C-LeaderElection62 got exception when requesting votes: java.util.concurrent.ExecutionException: org.apache.ratis.thirdparty.io.grpc.StatusRuntimeException: UNAVAILABLE: io exception
2024-09-10 16:46:49,816 [f49a985e-efe9-405d-8922-13d0c1bb1d78@group-BD59E781AD1C-LeaderElection62] INFO  impl.LeaderElection (LeaderElection.java:logAndReturn(89)) - f49a985e-efe9-405d-8922-13d0c1bb1d78@group-BD59E781AD1C-LeaderElection62: PRE_VOTE REJECTED received 0 response(s) and 2 exception(s):
2024-09-10 16:46:49,816 [f49a985e-efe9-405d-8922-13d0c1bb1d78@group-BD59E781AD1C-LeaderElection62] INFO  impl.LeaderElection (LogUtils.java:infoOrTrace(136)) -   Exception 0: java.util.concurrent.ExecutionException: org.apache.ratis.thirdparty.io.grpc.StatusRuntimeException: UNAVAILABLE: io exception
2024-09-10 16:46:49,817 [f49a985e-efe9-405d-8922-13d0c1bb1d78@group-BD59E781AD1C-LeaderElection62] INFO  impl.LeaderElection (LogUtils.java:infoOrTrace(136)) -   Exception 1: java.util.concurrent.ExecutionException: org.apache.ratis.thirdparty.io.grpc.StatusRuntimeException: UNAVAILABLE: io exception
2024-09-10 16:46:49,817 [f49a985e-efe9-405d-8922-13d0c1bb1d78@group-BD59E781AD1C-LeaderElection62] INFO  impl.LeaderElection (LeaderElection.java:askForVotes(323)) - f49a985e-efe9-405d-8922-13d0c1bb1d78@group-BD59E781AD1C-LeaderElection62 PRE_VOTE round 0: result REJECTED
2024-09-10 16:46:49,817 [f49a985e-efe9-405d-8922-13d0c1bb1d78@group-BD59E781AD1C-LeaderElection62] INFO  server.RaftServer$Division (RaftServerImpl.java:setRole(376)) - f49a985e-efe9-405d-8922-13d0c1bb1d78@group-BD59E781AD1C: changes role from CANDIDATE to FOLLOWER at term 1 for REJECTED
2024-09-10 16:46:49,817 [f49a985e-efe9-405d-8922-13d0c1bb1d78@group-BD59E781AD1C-LeaderElection62] INFO  impl.RoleInfo (RoleInfo.java:shutdownLeaderElection(139)) - f49a985e-efe9-405d-8922-13d0c1bb1d78: shutdown f49a985e-efe9-405d-8922-13d0c1bb1d78@group-BD59E781AD1C-LeaderElection62
2024-09-10 16:46:49,817 [f49a985e-efe9-405d-8922-13d0c1bb1d78@group-BD59E781AD1C-LeaderElection62] INFO  impl.RoleInfo (RoleInfo.java:updateAndGet(148)) - f49a985e-efe9-405d-8922-13d0c1bb1d78: start f49a985e-efe9-405d-8922-13d0c1bb1d78@group-BD59E781AD1C-FollowerState
2024-09-10 16:46:49,851 [f49a985e-efe9-405d-8922-13d0c1bb1d78@group-C733A4596614-FollowerState] INFO  impl.FollowerState (FollowerState.java:run(144)) - f49a985e-efe9-405d-8922-13d0c1bb1d78@group-C733A4596614-FollowerState: change to CANDIDATE, lastRpcElapsedTime:5187360898ns, electionTimeout:5187ms
2024-09-10 16:46:49,851 [f49a985e-efe9-405d-8922-13d0c1bb1d78@group-C733A4596614-FollowerState] INFO  impl.RoleInfo (RoleInfo.java:shutdownFollowerState(119)) - f49a985e-efe9-405d-8922-13d0c1bb1d78: shutdown f49a985e-efe9-405d-8922-13d0c1bb1d78@group-C733A4596614-FollowerState
2024-09-10 16:46:49,851 [f49a985e-efe9-405d-8922-13d0c1bb1d78@group-C733A4596614-FollowerState] INFO  server.RaftServer$Division (RaftServerImpl.java:setRole(376)) - f49a985e-efe9-405d-8922-13d0c1bb1d78@group-C733A4596614: changes role from  FOLLOWER to CANDIDATE at term 1 for changeToCandidate
2024-09-10 16:46:49,852 [f49a985e-efe9-405d-8922-13d0c1bb1d78@group-C733A4596614-FollowerState] INFO  server.RaftServerConfigKeys (ConfUtils.java:logGet(46)) - raft.server.leaderelection.pre-vote = true (default)
2024-09-10 16:46:49,852 [f49a985e-efe9-405d-8922-13d0c1bb1d78@group-C733A4596614-FollowerState] INFO  impl.RoleInfo (RoleInfo.java:updateAndGet(148)) - f49a985e-efe9-405d-8922-13d0c1bb1d78: start f49a985e-efe9-405d-8922-13d0c1bb1d78@group-C733A4596614-LeaderElection63
2024-09-10 16:46:49,852 [f49a985e-efe9-405d-8922-13d0c1bb1d78@group-C733A4596614-LeaderElection63] INFO  impl.LeaderElection (LeaderElection.java:askForVotes(321)) - f49a985e-efe9-405d-8922-13d0c1bb1d78@group-C733A4596614-LeaderElection63 PRE_VOTE round 0: submit vote requests at term 1 for conf: {index: 0, cur=peers:[2330440b-2504-4263-b461-07f8c416a88f|127.0.0.1:15180, f49a985e-efe9-405d-8922-13d0c1bb1d78|127.0.0.1:15189, e5502358-b128-4a46-b87d-f44ed006f965|127.0.0.1:15171]|listeners:[], old=null}
2024-09-10 16:46:49,852 [f49a985e-efe9-405d-8922-13d0c1bb1d78@group-C733A4596614-LeaderElection63] INFO  impl.LeaderElection (LogUtils.java:infoOrTrace(136)) - f49a985e-efe9-405d-8922-13d0c1bb1d78@group-C733A4596614-LeaderElection63 got exception when requesting votes: java.util.concurrent.ExecutionException: org.apache.ratis.thirdparty.io.grpc.StatusRuntimeException: UNAVAILABLE: io exception
2024-09-10 16:46:49,852 [f49a985e-efe9-405d-8922-13d0c1bb1d78@group-C733A4596614-LeaderElection63] INFO  impl.LeaderElection (LogUtils.java:infoOrTrace(136)) - f49a985e-efe9-405d-8922-13d0c1bb1d78@group-C733A4596614-LeaderElection63 got exception when requesting votes: java.util.concurrent.ExecutionException: org.apache.ratis.thirdparty.io.grpc.StatusRuntimeException: UNAVAILABLE: io exception
2024-09-10 16:46:49,852 [f49a985e-efe9-405d-8922-13d0c1bb1d78@group-C733A4596614-LeaderElection63] INFO  impl.LeaderElection (LeaderElection.java:logAndReturn(89)) - f49a985e-efe9-405d-8922-13d0c1bb1d78@group-C733A4596614-LeaderElection63: PRE_VOTE REJECTED received 0 response(s) and 2 exception(s):
2024-09-10 16:46:49,853 [f49a985e-efe9-405d-8922-13d0c1bb1d78@group-C733A4596614-LeaderElection63] INFO  impl.LeaderElection (LogUtils.java:infoOrTrace(136)) -   Exception 0: java.util.concurrent.ExecutionException: org.apache.ratis.thirdparty.io.grpc.StatusRuntimeException: UNAVAILABLE: io exception
2024-09-10 16:46:49,853 [f49a985e-efe9-405d-8922-13d0c1bb1d78@group-C733A4596614-LeaderElection63] INFO  impl.LeaderElection (LogUtils.java:infoOrTrace(136)) -   Exception 1: java.util.concurrent.ExecutionException: org.apache.ratis.thirdparty.io.grpc.StatusRuntimeException: UNAVAILABLE: io exception
2024-09-10 16:46:49,853 [f49a985e-efe9-405d-8922-13d0c1bb1d78@group-C733A4596614-LeaderElection63] INFO  impl.LeaderElection (LeaderElection.java:askForVotes(323)) - f49a985e-efe9-405d-8922-13d0c1bb1d78@group-C733A4596614-LeaderElection63 PRE_VOTE round 0: result REJECTED
2024-09-10 16:46:49,853 [f49a985e-efe9-405d-8922-13d0c1bb1d78@group-C733A4596614-LeaderElection63] INFO  server.RaftServer$Division (RaftServerImpl.java:setRole(376)) - f49a985e-efe9-405d-8922-13d0c1bb1d78@group-C733A4596614: changes role from CANDIDATE to FOLLOWER at term 1 for REJECTED
2024-09-10 16:46:49,853 [f49a985e-efe9-405d-8922-13d0c1bb1d78@group-C733A4596614-LeaderElection63] INFO  impl.RoleInfo (RoleInfo.java:shutdownLeaderElection(139)) - f49a985e-efe9-405d-8922-13d0c1bb1d78: shutdown f49a985e-efe9-405d-8922-13d0c1bb1d78@group-C733A4596614-LeaderElection63
2024-09-10 16:46:49,853 [f49a985e-efe9-405d-8922-13d0c1bb1d78@group-C733A4596614-LeaderElection63] INFO  impl.RoleInfo (RoleInfo.java:updateAndGet(148)) - f49a985e-efe9-405d-8922-13d0c1bb1d78: start f49a985e-efe9-405d-8922-13d0c1bb1d78@group-C733A4596614-FollowerState
2024-09-10 16:46:50,085 [b02980de-72b7-4a99-a802-296f21296c04-PipelineCommandHandlerThread-0] WARN  commandhandler.CreatePipelineCommandHandler (CreatePipelineCommandHandler.java:lambda$handle$1(121)) - Add group failed for 2330440b-2504-4263-b461-07f8c416a88f(localhost/127.0.0.1)
java.io.InterruptedIOException: retry policy=RequestTypeDependentRetryPolicy{WRITE->ExceptionDependentRetry(maxAttempts=2147483647; defaultPolicy=MultipleLinearRandomRetry[5x5s, 5x10s, 5x15s, 5x20s, 5x25s, 10x60s]; map={org.apache.ratis.protocol.exceptions.GroupMismatchException->NoRetry, org.apache.ratis.protocol.exceptions.NotReplicatedException->NoRetry, org.apache.ratis.protocol.exceptions.ResourceUnavailableException->org.apache.ratis.retry.ExponentialBackoffRetry@9466cbd, org.apache.ratis.protocol.exceptions.StateMachineException->NoRetry, org.apache.ratis.protocol.exceptions.TimeoutIOException->org.apache.ratis.retry.ExponentialBackoffRetry@9466cbd}), WATCH->ExceptionDependentRetry(maxAttempts=2147483647; defaultPolicy=MultipleLinearRandomRetry[5x5s, 5x10s, 5x15s, 5x20s, 5x25s, 10x60s]; map={org.apache.ratis.protocol.exceptions.GroupMismatchException->NoRetry, org.apache.ratis.protocol.exceptions.NotReplicatedException->NoRetry, org.apache.ratis.protocol.exceptions.ResourceUnavailableException->org.apache.ratis.retry.ExponentialBackoffRetry@9466cbd, org.apache.ratis.protocol.exceptions.StateMachineException->NoRetry, org.apache.ratis.protocol.exceptions.TimeoutIOException->NoRetry})}
	at org.apache.ratis.client.impl.BlockingImpl.sendRequestWithRetry(BlockingImpl.java:138)
	at org.apache.ratis.client.impl.GroupManagementImpl.add(GroupManagementImpl.java:51)
	at org.apache.ratis.client.api.GroupManagementApi.add(GroupManagementApi.java:40)
	at org.apache.hadoop.ozone.container.common.statemachine.commandhandler.CreatePipelineCommandHandler.lambda$handle$1(CreatePipelineCommandHandler.java:117)
	at java.base/java.util.stream.ForEachOps$ForEachOp$OfRef.accept(ForEachOps.java:183)
	at java.base/java.util.stream.ReferencePipeline$2$1.accept(ReferencePipeline.java:179)
	at java.base/java.util.ArrayList$ArrayListSpliterator.forEachRemaining(ArrayList.java:1625)
	at java.base/java.util.stream.AbstractPipeline.copyInto(AbstractPipeline.java:509)
	at java.base/java.util.stream.AbstractPipeline.wrapAndCopyInto(AbstractPipeline.java:499)
	at java.base/java.util.stream.ForEachOps$ForEachOp.evaluateSequential(ForEachOps.java:150)
	at java.base/java.util.stream.ForEachOps$ForEachOp$OfRef.evaluateSequential(ForEachOps.java:173)
	at java.base/java.util.stream.AbstractPipeline.evaluate(AbstractPipeline.java:234)
	at java.base/java.util.stream.ReferencePipeline.forEach(ReferencePipeline.java:596)
	at org.apache.hadoop.ozone.container.common.statemachine.commandhandler.CreatePipelineCommandHandler.lambda$handle$2(CreatePipelineCommandHandler.java:113)
	at java.base/java.util.concurrent.CompletableFuture$AsyncRun.run(CompletableFuture.java:1804)
	at java.base/java.util.concurrent.ThreadPoolExecutor.runWorker(ThreadPoolExecutor.java:1136)
	at java.base/java.util.concurrent.ThreadPoolExecutor$Worker.run(ThreadPoolExecutor.java:635)
	at java.base/java.lang.Thread.run(Thread.java:840)
2024-09-10 16:46:50,086 [f49a985e-efe9-405d-8922-13d0c1bb1d78-PipelineCommandHandlerThread-0] WARN  commandhandler.CreatePipelineCommandHandler (CreatePipelineCommandHandler.java:lambda$handle$1(121)) - Add group failed for 2330440b-2504-4263-b461-07f8c416a88f(localhost/127.0.0.1)
java.io.InterruptedIOException: retry policy=RequestTypeDependentRetryPolicy{WRITE->ExceptionDependentRetry(maxAttempts=2147483647; defaultPolicy=MultipleLinearRandomRetry[5x5s, 5x10s, 5x15s, 5x20s, 5x25s, 10x60s]; map={org.apache.ratis.protocol.exceptions.GroupMismatchException->NoRetry, org.apache.ratis.protocol.exceptions.NotReplicatedException->NoRetry, org.apache.ratis.protocol.exceptions.ResourceUnavailableException->org.apache.ratis.retry.ExponentialBackoffRetry@66009856, org.apache.ratis.protocol.exceptions.StateMachineException->NoRetry, org.apache.ratis.protocol.exceptions.TimeoutIOException->org.apache.ratis.retry.ExponentialBackoffRetry@66009856}), WATCH->ExceptionDependentRetry(maxAttempts=2147483647; defaultPolicy=MultipleLinearRandomRetry[5x5s, 5x10s, 5x15s, 5x20s, 5x25s, 10x60s]; map={org.apache.ratis.protocol.exceptions.GroupMismatchException->NoRetry, org.apache.ratis.protocol.exceptions.NotReplicatedException->NoRetry, org.apache.ratis.protocol.exceptions.ResourceUnavailableException->org.apache.ratis.retry.ExponentialBackoffRetry@66009856, org.apache.ratis.protocol.exceptions.StateMachineException->NoRetry, org.apache.ratis.protocol.exceptions.TimeoutIOException->NoRetry})}
	at org.apache.ratis.client.impl.BlockingImpl.sendRequestWithRetry(BlockingImpl.java:138)
	at org.apache.ratis.client.impl.GroupManagementImpl.add(GroupManagementImpl.java:51)
	at org.apache.ratis.client.api.GroupManagementApi.add(GroupManagementApi.java:40)
	at org.apache.hadoop.ozone.container.common.statemachine.commandhandler.CreatePipelineCommandHandler.lambda$handle$1(CreatePipelineCommandHandler.java:117)
	at java.base/java.util.stream.ForEachOps$ForEachOp$OfRef.accept(ForEachOps.java:183)
	at java.base/java.util.stream.ReferencePipeline$2$1.accept(ReferencePipeline.java:179)
	at java.base/java.util.ArrayList$ArrayListSpliterator.forEachRemaining(ArrayList.java:1625)
	at java.base/java.util.stream.AbstractPipeline.copyInto(AbstractPipeline.java:509)
	at java.base/java.util.stream.AbstractPipeline.wrapAndCopyInto(AbstractPipeline.java:499)
	at java.base/java.util.stream.ForEachOps$ForEachOp.evaluateSequential(ForEachOps.java:150)
	at java.base/java.util.stream.ForEachOps$ForEachOp$OfRef.evaluateSequential(ForEachOps.java:173)
	at java.base/java.util.stream.AbstractPipeline.evaluate(AbstractPipeline.java:234)
	at java.base/java.util.stream.ReferencePipeline.forEach(ReferencePipeline.java:596)
	at org.apache.hadoop.ozone.container.common.statemachine.commandhandler.CreatePipelineCommandHandler.lambda$handle$2(CreatePipelineCommandHandler.java:113)
	at java.base/java.util.concurrent.CompletableFuture$AsyncRun.run(CompletableFuture.java:1804)
	at java.base/java.util.concurrent.ThreadPoolExecutor.runWorker(ThreadPoolExecutor.java:1136)
	at java.base/java.util.concurrent.ThreadPoolExecutor$Worker.run(ThreadPoolExecutor.java:635)
	at java.base/java.lang.Thread.run(Thread.java:840)
2024-09-10 16:46:50,089 [f49a985e-efe9-405d-8922-13d0c1bb1d78-PipelineCommandHandlerThread-0] WARN  commandhandler.CreatePipelineCommandHandler (CreatePipelineCommandHandler.java:lambda$handle$1(121)) - Add group failed for b02980de-72b7-4a99-a802-296f21296c04(localhost/127.0.0.1)
java.io.InterruptedIOException: retry policy=RequestTypeDependentRetryPolicy{WRITE->ExceptionDependentRetry(maxAttempts=2147483647; defaultPolicy=MultipleLinearRandomRetry[5x5s, 5x10s, 5x15s, 5x20s, 5x25s, 10x60s]; map={org.apache.ratis.protocol.exceptions.GroupMismatchException->NoRetry, org.apache.ratis.protocol.exceptions.NotReplicatedException->NoRetry, org.apache.ratis.protocol.exceptions.ResourceUnavailableException->org.apache.ratis.retry.ExponentialBackoffRetry@4de62a4a, org.apache.ratis.protocol.exceptions.StateMachineException->NoRetry, org.apache.ratis.protocol.exceptions.TimeoutIOException->org.apache.ratis.retry.ExponentialBackoffRetry@4de62a4a}), WATCH->ExceptionDependentRetry(maxAttempts=2147483647; defaultPolicy=MultipleLinearRandomRetry[5x5s, 5x10s, 5x15s, 5x20s, 5x25s, 10x60s]; map={org.apache.ratis.protocol.exceptions.GroupMismatchException->NoRetry, org.apache.ratis.protocol.exceptions.NotReplicatedException->NoRetry, org.apache.ratis.protocol.exceptions.ResourceUnavailableException->org.apache.ratis.retry.ExponentialBackoffRetry@4de62a4a, org.apache.ratis.protocol.exceptions.StateMachineException->NoRetry, org.apache.ratis.protocol.exceptions.TimeoutIOException->NoRetry})}
	at org.apache.ratis.client.impl.BlockingImpl.sendRequestWithRetry(BlockingImpl.java:138)
	at org.apache.ratis.client.impl.GroupManagementImpl.add(GroupManagementImpl.java:51)
	at org.apache.ratis.client.api.GroupManagementApi.add(GroupManagementApi.java:40)
	at org.apache.hadoop.ozone.container.common.statemachine.commandhandler.CreatePipelineCommandHandler.lambda$handle$1(CreatePipelineCommandHandler.java:117)
	at java.base/java.util.stream.ForEachOps$ForEachOp$OfRef.accept(ForEachOps.java:183)
	at java.base/java.util.stream.ReferencePipeline$2$1.accept(ReferencePipeline.java:179)
	at java.base/java.util.ArrayList$ArrayListSpliterator.forEachRemaining(ArrayList.java:1625)
	at java.base/java.util.stream.AbstractPipeline.copyInto(AbstractPipeline.java:509)
	at java.base/java.util.stream.AbstractPipeline.wrapAndCopyInto(AbstractPipeline.java:499)
	at java.base/java.util.stream.ForEachOps$ForEachOp.evaluateSequential(ForEachOps.java:150)
	at java.base/java.util.stream.ForEachOps$ForEachOp$OfRef.evaluateSequential(ForEachOps.java:173)
	at java.base/java.util.stream.AbstractPipeline.evaluate(AbstractPipeline.java:234)
	at java.base/java.util.stream.ReferencePipeline.forEach(ReferencePipeline.java:596)
	at org.apache.hadoop.ozone.container.common.statemachine.commandhandler.CreatePipelineCommandHandler.lambda$handle$2(CreatePipelineCommandHandler.java:113)
	at java.base/java.util.concurrent.CompletableFuture$AsyncRun.run(CompletableFuture.java:1804)
	at java.base/java.util.concurrent.ThreadPoolExecutor.runWorker(ThreadPoolExecutor.java:1136)
	at java.base/java.util.concurrent.ThreadPoolExecutor$Worker.run(ThreadPoolExecutor.java:635)
	at java.base/java.lang.Thread.run(Thread.java:840)
2024-09-10 16:46:50,089 [f49a985e-efe9-405d-8922-13d0c1bb1d78-PipelineCommandHandlerThread-0] INFO  commandhandler.CreatePipelineCommandHandler (CreatePipelineCommandHandler.java:lambda$handle$2(124)) - Created Pipeline RATIS THREE PipelineID=b90310fe-41f6-43a3-a698-7133c33d95e9.
2024-09-10 16:46:50,089 [main] INFO  ozoneimpl.OzoneContainer (OzoneContainer.java:stop(497)) - Attempting to stop container services.
2024-09-10 16:46:50,090 [ContainerMetadataScanner] WARN  ozoneimpl.AbstractBackgroundContainerScanner (AbstractBackgroundContainerScanner.java:handleRemainingSleep(134)) - Background container scan was interrupted.
2024-09-10 16:46:50,090 [ContainerMetadataScanner] INFO  ozoneimpl.AbstractBackgroundContainerScanner (AbstractBackgroundContainerScanner.java:run(61)) - Thread[ContainerMetadataScanner,5,main] exiting.
2024-09-10 16:46:50,090 [main] INFO  ozoneimpl.BackgroundContainerDataScanner (BackgroundContainerDataScanner.java:shutdown(141)) - ContainerDataScanner(/home/runner/work/ozone/ozone/hadoop-ozone/integration-test/target/test-dir/MiniOzoneClusterImpl-4ea98613-7ec2-40e8-bdf5-64593f2fdf96/ozone-meta/datanode-3/data-0/hdds) is shutting down. 
2024-09-10 16:46:50,090 [ContainerDataScanner(/home/runner/work/ozone/ozone/hadoop-ozone/integration-test/target/test-dir/MiniOzoneClusterImpl-4ea98613-7ec2-40e8-bdf5-64593f2fdf96/ozone-meta/datanode-3/data-0/hdds)] WARN  ozoneimpl.AbstractBackgroundContainerScanner (AbstractBackgroundContainerScanner.java:handleRemainingSleep(134)) - Background container scan was interrupted.
2024-09-10 16:46:50,090 [ContainerDataScanner(/home/runner/work/ozone/ozone/hadoop-ozone/integration-test/target/test-dir/MiniOzoneClusterImpl-4ea98613-7ec2-40e8-bdf5-64593f2fdf96/ozone-meta/datanode-3/data-0/hdds)] INFO  ozoneimpl.AbstractBackgroundContainerScanner (AbstractBackgroundContainerScanner.java:run(61)) - ContainerDataScanner(/home/runner/work/ozone/ozone/hadoop-ozone/integration-test/target/test-dir/MiniOzoneClusterImpl-4ea98613-7ec2-40e8-bdf5-64593f2fdf96/ozone-meta/datanode-3/data-0/hdds, DS-ef7ff716-8888-4ef0-9bf3-80ced1797c12) exiting.
2024-09-10 16:46:50,091 [main] INFO  ratis.XceiverServerRatis (XceiverServerRatis.java:stop(596)) - Stopping XceiverServerRatis f49a985e-efe9-405d-8922-13d0c1bb1d78
2024-09-10 16:46:50,091 [b02980de-72b7-4a99-a802-296f21296c04-PipelineCommandHandlerThread-0] WARN  commandhandler.CreatePipelineCommandHandler (CreatePipelineCommandHandler.java:lambda$handle$1(121)) - Add group failed for f49a985e-efe9-405d-8922-13d0c1bb1d78(localhost/127.0.0.1)
java.io.InterruptedIOException: retry policy=RequestTypeDependentRetryPolicy{WRITE->ExceptionDependentRetry(maxAttempts=2147483647; defaultPolicy=MultipleLinearRandomRetry[5x5s, 5x10s, 5x15s, 5x20s, 5x25s, 10x60s]; map={org.apache.ratis.protocol.exceptions.GroupMismatchException->NoRetry, org.apache.ratis.protocol.exceptions.NotReplicatedException->NoRetry, org.apache.ratis.protocol.exceptions.ResourceUnavailableException->org.apache.ratis.retry.ExponentialBackoffRetry@7f9e1e5c, org.apache.ratis.protocol.exceptions.StateMachineException->NoRetry, org.apache.ratis.protocol.exceptions.TimeoutIOException->org.apache.ratis.retry.ExponentialBackoffRetry@7f9e1e5c}), WATCH->ExceptionDependentRetry(maxAttempts=2147483647; defaultPolicy=MultipleLinearRandomRetry[5x5s, 5x10s, 5x15s, 5x20s, 5x25s, 10x60s]; map={org.apache.ratis.protocol.exceptions.GroupMismatchException->NoRetry, org.apache.ratis.protocol.exceptions.NotReplicatedException->NoRetry, org.apache.ratis.protocol.exceptions.ResourceUnavailableException->org.apache.ratis.retry.ExponentialBackoffRetry@7f9e1e5c, org.apache.ratis.protocol.exceptions.StateMachineException->NoRetry, org.apache.ratis.protocol.exceptions.TimeoutIOException->NoRetry})}
	at org.apache.ratis.client.impl.BlockingImpl.sendRequestWithRetry(BlockingImpl.java:138)
	at org.apache.ratis.client.impl.GroupManagementImpl.add(GroupManagementImpl.java:51)
	at org.apache.ratis.client.api.GroupManagementApi.add(GroupManagementApi.java:40)
	at org.apache.hadoop.ozone.container.common.statemachine.commandhandler.CreatePipelineCommandHandler.lambda$handle$1(CreatePipelineCommandHandler.java:117)
	at java.base/java.util.stream.ForEachOps$ForEachOp$OfRef.accept(ForEachOps.java:183)
	at java.base/java.util.stream.ReferencePipeline$2$1.accept(ReferencePipeline.java:179)
	at java.base/java.util.ArrayList$ArrayListSpliterator.forEachRemaining(ArrayList.java:1625)
	at java.base/java.util.stream.AbstractPipeline.copyInto(AbstractPipeline.java:509)
	at java.base/java.util.stream.AbstractPipeline.wrapAndCopyInto(AbstractPipeline.java:499)
	at java.base/java.util.stream.ForEachOps$ForEachOp.evaluateSequential(ForEachOps.java:150)
	at java.base/java.util.stream.ForEachOps$ForEachOp$OfRef.evaluateSequential(ForEachOps.java:173)
	at java.base/java.util.stream.AbstractPipeline.evaluate(AbstractPipeline.java:234)
	at java.base/java.util.stream.ReferencePipeline.forEach(ReferencePipeline.java:596)
	at org.apache.hadoop.ozone.container.common.statemachine.commandhandler.CreatePipelineCommandHandler.lambda$handle$2(CreatePipelineCommandHandler.java:113)
	at java.base/java.util.concurrent.CompletableFuture$AsyncRun.run(CompletableFuture.java:1804)
	at java.base/java.util.concurrent.ThreadPoolExecutor.runWorker(ThreadPoolExecutor.java:1136)
	at java.base/java.util.concurrent.ThreadPoolExecutor$Worker.run(ThreadPoolExecutor.java:635)
	at java.base/java.lang.Thread.run(Thread.java:840)
2024-09-10 16:46:50,091 [b02980de-72b7-4a99-a802-296f21296c04-PipelineCommandHandlerThread-0] INFO  commandhandler.CreatePipelineCommandHandler (CreatePipelineCommandHandler.java:lambda$handle$2(124)) - Created Pipeline RATIS THREE PipelineID=b90310fe-41f6-43a3-a698-7133c33d95e9.
2024-09-10 16:46:50,091 [ForkJoinPool.commonPool-worker-2] INFO  ozoneimpl.OzoneContainer (OzoneContainer.java:stop(497)) - Attempting to stop container services.
2024-09-10 16:46:50,091 [ContainerMetadataScanner] WARN  ozoneimpl.AbstractBackgroundContainerScanner (AbstractBackgroundContainerScanner.java:handleRemainingSleep(134)) - Background container scan was interrupted.
2024-09-10 16:46:50,091 [ContainerMetadataScanner] INFO  ozoneimpl.AbstractBackgroundContainerScanner (AbstractBackgroundContainerScanner.java:run(61)) - Thread[ContainerMetadataScanner,5,main] exiting.
2024-09-10 16:46:50,091 [ForkJoinPool.commonPool-worker-2] INFO  ozoneimpl.BackgroundContainerDataScanner (BackgroundContainerDataScanner.java:shutdown(141)) - ContainerDataScanner(/home/runner/work/ozone/ozone/hadoop-ozone/integration-test/target/test-dir/MiniOzoneClusterImpl-4ea98613-7ec2-40e8-bdf5-64593f2fdf96/ozone-meta/datanode-5/data-0/hdds) is shutting down. 
2024-09-10 16:46:50,092 [ContainerDataScanner(/home/runner/work/ozone/ozone/hadoop-ozone/integration-test/target/test-dir/MiniOzoneClusterImpl-4ea98613-7ec2-40e8-bdf5-64593f2fdf96/ozone-meta/datanode-5/data-0/hdds)] WARN  ozoneimpl.AbstractBackgroundContainerScanner (AbstractBackgroundContainerScanner.java:handleRemainingSleep(134)) - Background container scan was interrupted.
2024-09-10 16:46:50,092 [ContainerDataScanner(/home/runner/work/ozone/ozone/hadoop-ozone/integration-test/target/test-dir/MiniOzoneClusterImpl-4ea98613-7ec2-40e8-bdf5-64593f2fdf96/ozone-meta/datanode-5/data-0/hdds)] INFO  ozoneimpl.AbstractBackgroundContainerScanner (AbstractBackgroundContainerScanner.java:run(61)) - ContainerDataScanner(/home/runner/work/ozone/ozone/hadoop-ozone/integration-test/target/test-dir/MiniOzoneClusterImpl-4ea98613-7ec2-40e8-bdf5-64593f2fdf96/ozone-meta/datanode-5/data-0/hdds, DS-140e863a-d1b8-4ca2-a0f1-c2e16b58400c) exiting.
2024-09-10 16:46:50,091 [main] INFO  server.RaftServer (RaftServerProxy.java:lambda$close$9(418)) - f49a985e-efe9-405d-8922-13d0c1bb1d78: close
2024-09-10 16:46:50,092 [f49a985e-efe9-405d-8922-13d0c1bb1d78-impl-thread1] INFO  server.RaftServer$Division (RaftServerImpl.java:lambda$close$1(501)) - f49a985e-efe9-405d-8922-13d0c1bb1d78@group-C733A4596614: shutdown
2024-09-10 16:46:50,092 [ForkJoinPool.commonPool-worker-2] INFO  ratis.XceiverServerRatis (XceiverServerRatis.java:stop(596)) - Stopping XceiverServerRatis b02980de-72b7-4a99-a802-296f21296c04
2024-09-10 16:46:50,092 [ForkJoinPool.commonPool-worker-2] INFO  server.RaftServer (RaftServerProxy.java:lambda$close$9(418)) - b02980de-72b7-4a99-a802-296f21296c04: close
2024-09-10 16:46:50,092 [f49a985e-efe9-405d-8922-13d0c1bb1d78-impl-thread1] INFO  util.JmxRegister (JmxRegister.java:unregister(74)) - Successfully un-registered JMX Bean with object name Ratis:service=RaftServer,group=group-C733A4596614,id=f49a985e-efe9-405d-8922-13d0c1bb1d78
2024-09-10 16:46:50,093 [f49a985e-efe9-405d-8922-13d0c1bb1d78-impl-thread1] INFO  impl.RoleInfo (RoleInfo.java:shutdownFollowerState(119)) - f49a985e-efe9-405d-8922-13d0c1bb1d78: shutdown f49a985e-efe9-405d-8922-13d0c1bb1d78@group-C733A4596614-FollowerState
2024-09-10 16:46:50,093 [f49a985e-efe9-405d-8922-13d0c1bb1d78-impl-thread1] INFO  impl.StateMachineUpdater (StateMachineUpdater.java:stopAndJoin(164)) - f49a985e-efe9-405d-8922-13d0c1bb1d78@group-C733A4596614-StateMachineUpdater: set stopIndex = 0
2024-09-10 16:46:50,093 [f49a985e-efe9-405d-8922-13d0c1bb1d78@group-C733A4596614-FollowerState] INFO  impl.FollowerState (FollowerState.java:run(153)) - f49a985e-efe9-405d-8922-13d0c1bb1d78@group-C733A4596614-FollowerState was interrupted
2024-09-10 16:46:50,093 [b02980de-72b7-4a99-a802-296f21296c04-impl-thread2] INFO  server.RaftServer$Division (RaftServerImpl.java:lambda$close$1(501)) - b02980de-72b7-4a99-a802-296f21296c04@group-58973242F5DF: shutdown
2024-09-10 16:46:50,093 [f49a985e-efe9-405d-8922-13d0c1bb1d78@group-C733A4596614-StateMachineUpdater] INFO  ratis.ContainerStateMachine (ContainerStateMachine.java:takeSnapshot(363)) - group-C733A4596614: Taking a snapshot at:(t:1, i:0) file /home/runner/work/ozone/ozone/hadoop-ozone/integration-test/target/test-dir/MiniOzoneClusterImpl-4ea98613-7ec2-40e8-bdf5-64593f2fdf96/ozone-meta/datanode-3/ratis/41bac477-4634-43db-9c8d-c733a4596614/sm/snapshot.1_0
2024-09-10 16:46:50,093 [f49a985e-efe9-405d-8922-13d0c1bb1d78-impl-thread2] INFO  server.RaftServer$Division (RaftServerImpl.java:lambda$close$1(501)) - f49a985e-efe9-405d-8922-13d0c1bb1d78@group-A76AAD3EA5B0: shutdown
2024-09-10 16:46:50,093 [b02980de-72b7-4a99-a802-296f21296c04-impl-thread2] INFO  util.JmxRegister (JmxRegister.java:unregister(74)) - Successfully un-registered JMX Bean with object name Ratis:service=RaftServer,group=group-58973242F5DF,id=b02980de-72b7-4a99-a802-296f21296c04
2024-09-10 16:46:50,093 [ForkJoinPool.commonPool-worker-2] INFO  server.GrpcService (GrpcService.java:closeImpl(311)) - b02980de-72b7-4a99-a802-296f21296c04: shutdown server GrpcServerProtocolService now
2024-09-10 16:46:50,093 [b02980de-72b7-4a99-a802-296f21296c04-impl-thread1] INFO  server.RaftServer$Division (RaftServerImpl.java:lambda$close$1(501)) - b02980de-72b7-4a99-a802-296f21296c04@group-7133C33D95E9: shutdown
2024-09-10 16:46:50,093 [b02980de-72b7-4a99-a802-296f21296c04-impl-thread1] INFO  util.JmxRegister (JmxRegister.java:unregister(74)) - Successfully un-registered JMX Bean with object name Ratis:service=RaftServer,group=group-7133C33D95E9,id=b02980de-72b7-4a99-a802-296f21296c04
2024-09-10 16:46:50,093 [b02980de-72b7-4a99-a802-296f21296c04-impl-thread1] INFO  impl.RoleInfo (RoleInfo.java:shutdownFollowerState(119)) - b02980de-72b7-4a99-a802-296f21296c04: shutdown b02980de-72b7-4a99-a802-296f21296c04@group-7133C33D95E9-FollowerState
2024-09-10 16:46:50,093 [b02980de-72b7-4a99-a802-296f21296c04-impl-thread1] INFO  impl.StateMachineUpdater (StateMachineUpdater.java:stopAndJoin(164)) - b02980de-72b7-4a99-a802-296f21296c04@group-7133C33D95E9-StateMachineUpdater: set stopIndex = -1
2024-09-10 16:46:50,093 [f49a985e-efe9-405d-8922-13d0c1bb1d78-impl-thread3] INFO  server.RaftServer$Division (RaftServerImpl.java:lambda$close$1(501)) - f49a985e-efe9-405d-8922-13d0c1bb1d78@group-7133C33D95E9: shutdown
2024-09-10 16:46:50,093 [f49a985e-efe9-405d-8922-13d0c1bb1d78-impl-thread2] INFO  util.JmxRegister (JmxRegister.java:unregister(74)) - Successfully un-registered JMX Bean with object name Ratis:service=RaftServer,group=group-A76AAD3EA5B0,id=f49a985e-efe9-405d-8922-13d0c1bb1d78
2024-09-10 16:46:50,093 [f49a985e-efe9-405d-8922-13d0c1bb1d78-impl-thread2] INFO  impl.RoleInfo (RoleInfo.java:shutdownFollowerState(119)) - f49a985e-efe9-405d-8922-13d0c1bb1d78: shutdown f49a985e-efe9-405d-8922-13d0c1bb1d78@group-A76AAD3EA5B0-FollowerState
2024-09-10 16:46:50,093 [f49a985e-efe9-405d-8922-13d0c1bb1d78-impl-thread2] INFO  impl.StateMachineUpdater (StateMachineUpdater.java:stopAndJoin(164)) - f49a985e-efe9-405d-8922-13d0c1bb1d78@group-A76AAD3EA5B0-StateMachineUpdater: set stopIndex = 15
2024-09-10 16:46:50,094 [f49a985e-efe9-405d-8922-13d0c1bb1d78-impl-thread3] INFO  util.JmxRegister (JmxRegister.java:unregister(74)) - Successfully un-registered JMX Bean with object name Ratis:service=RaftServer,group=group-7133C33D95E9,id=f49a985e-efe9-405d-8922-13d0c1bb1d78
2024-09-10 16:46:50,094 [f49a985e-efe9-405d-8922-13d0c1bb1d78-impl-thread3] INFO  impl.RoleInfo (RoleInfo.java:shutdownLeaderState(103)) - f49a985e-efe9-405d-8922-13d0c1bb1d78: shutdown f49a985e-efe9-405d-8922-13d0c1bb1d78@group-7133C33D95E9-LeaderStateImpl
2024-09-10 16:46:50,094 [f49a985e-efe9-405d-8922-13d0c1bb1d78@group-C733A4596614-StateMachineUpdater] INFO  ratis.ContainerStateMachine (ContainerStateMachine.java:takeSnapshot(374)) - group-C733A4596614: Finished taking a snapshot at:(t:1, i:0) file:/home/runner/work/ozone/ozone/hadoop-ozone/integration-test/target/test-dir/MiniOzoneClusterImpl-4ea98613-7ec2-40e8-bdf5-64593f2fdf96/ozone-meta/datanode-3/ratis/41bac477-4634-43db-9c8d-c733a4596614/sm/snapshot.1_0 took: 0 ms
2024-09-10 16:46:50,094 [f49a985e-efe9-405d-8922-13d0c1bb1d78@group-7133C33D95E9->b02980de-72b7-4a99-a802-296f21296c04-GrpcLogAppender-LogAppenderDaemon] WARN  server.GrpcLogAppender (GrpcLogAppender.java:mayWait(293)) - f49a985e-efe9-405d-8922-13d0c1bb1d78@group-7133C33D95E9->b02980de-72b7-4a99-a802-296f21296c04-GrpcLogAppender: Wait interrupted by java.lang.InterruptedException
2024-09-10 16:46:50,094 [f49a985e-efe9-405d-8922-13d0c1bb1d78@group-C733A4596614-StateMachineUpdater] INFO  impl.StateMachineUpdater (StateMachineUpdater.java:takeSnapshot(303)) - f49a985e-efe9-405d-8922-13d0c1bb1d78@group-C733A4596614-StateMachineUpdater: Took a snapshot at index 0
2024-09-10 16:46:50,094 [f49a985e-efe9-405d-8922-13d0c1bb1d78@group-C733A4596614-StateMachineUpdater] INFO  impl.StateMachineUpdater (StateMachineUpdater.java:lambda$new$0(102)) - f49a985e-efe9-405d-8922-13d0c1bb1d78@group-C733A4596614-StateMachineUpdater: snapshotIndex: updateIncreasingly -1 -> 0
2024-09-10 16:46:50,094 [f49a985e-efe9-405d-8922-13d0c1bb1d78-impl-thread3] INFO  impl.PendingRequests (PendingRequests.java:sendNotLeaderResponses(287)) - f49a985e-efe9-405d-8922-13d0c1bb1d78@group-7133C33D95E9-PendingRequests: sendNotLeaderResponses
2024-09-10 16:46:50,094 [f49a985e-efe9-405d-8922-13d0c1bb1d78@group-C733A4596614-StateMachineUpdater] INFO  impl.StateMachineUpdater (StateMachineUpdater.java:stop(141)) - f49a985e-efe9-405d-8922-13d0c1bb1d78@group-C733A4596614-StateMachineUpdater: closing ContainerStateMachine, lastApplied=(t:1, i:0)
2024-09-10 16:46:50,094 [f49a985e-efe9-405d-8922-13d0c1bb1d78@group-C733A4596614-cacheEviction-AwaitToRun] INFO  util.AwaitToRun (AwaitToRun.java:run(49)) - f49a985e-efe9-405d-8922-13d0c1bb1d78@group-C733A4596614-cacheEviction-AwaitToRun-AwaitForSignal is interrupted
2024-09-10 16:46:50,094 [f49a985e-efe9-405d-8922-13d0c1bb1d78@group-7133C33D95E9->2330440b-2504-4263-b461-07f8c416a88f-GrpcLogAppender-LogAppenderDaemon] WARN  server.GrpcLogAppender (GrpcLogAppender.java:mayWait(293)) - f49a985e-efe9-405d-8922-13d0c1bb1d78@group-7133C33D95E9->2330440b-2504-4263-b461-07f8c416a88f-GrpcLogAppender: Wait interrupted by java.lang.InterruptedException
2024-09-10 16:46:50,093 [b02980de-72b7-4a99-a802-296f21296c04@group-7133C33D95E9-FollowerState] INFO  impl.FollowerState (FollowerState.java:run(153)) - b02980de-72b7-4a99-a802-296f21296c04@group-7133C33D95E9-FollowerState was interrupted
2024-09-10 16:46:50,094 [f49a985e-efe9-405d-8922-13d0c1bb1d78@group-7133C33D95E9-StateMachineUpdater] INFO  ratis.ContainerStateMachine (ContainerStateMachine.java:takeSnapshot(363)) - group-7133C33D95E9: Taking a snapshot at:(t:1, i:0) file /home/runner/work/ozone/ozone/hadoop-ozone/integration-test/target/test-dir/MiniOzoneClusterImpl-4ea98613-7ec2-40e8-bdf5-64593f2fdf96/ozone-meta/datanode-3/ratis/b90310fe-41f6-43a3-a698-7133c33d95e9/sm/snapshot.1_0
2024-09-10 16:46:50,095 [f49a985e-efe9-405d-8922-13d0c1bb1d78-impl-thread3] INFO  impl.StateMachineUpdater (StateMachineUpdater.java:stopAndJoin(164)) - f49a985e-efe9-405d-8922-13d0c1bb1d78@group-7133C33D95E9-StateMachineUpdater: set stopIndex = 0
2024-09-10 16:46:50,093 [f49a985e-efe9-405d-8922-13d0c1bb1d78@group-A76AAD3EA5B0-StateMachineUpdater] INFO  ratis.ContainerStateMachine (ContainerStateMachine.java:takeSnapshot(363)) - group-A76AAD3EA5B0: Taking a snapshot at:(t:1, i:15) file /home/runner/work/ozone/ozone/hadoop-ozone/integration-test/target/test-dir/MiniOzoneClusterImpl-4ea98613-7ec2-40e8-bdf5-64593f2fdf96/ozone-meta/datanode-3/ratis/7646dd5a-ad1c-44c3-ab45-a76aad3ea5b0/sm/snapshot.1_15
2024-09-10 16:46:50,093 [f49a985e-efe9-405d-8922-13d0c1bb1d78@group-A76AAD3EA5B0-FollowerState] INFO  impl.FollowerState (FollowerState.java:run(153)) - f49a985e-efe9-405d-8922-13d0c1bb1d78@group-A76AAD3EA5B0-FollowerState was interrupted
2024-09-10 16:46:50,093 [b02980de-72b7-4a99-a802-296f21296c04@group-7133C33D95E9-StateMachineUpdater] INFO  impl.StateMachineUpdater (StateMachineUpdater.java:stop(141)) - b02980de-72b7-4a99-a802-296f21296c04@group-7133C33D95E9-StateMachineUpdater: closing ContainerStateMachine, lastApplied=(t:0, i:~)
2024-09-10 16:46:50,095 [b02980de-72b7-4a99-a802-296f21296c04@group-7133C33D95E9-cacheEviction-AwaitToRun] INFO  util.AwaitToRun (AwaitToRun.java:run(49)) - b02980de-72b7-4a99-a802-296f21296c04@group-7133C33D95E9-cacheEviction-AwaitToRun-AwaitForSignal is interrupted
2024-09-10 16:46:50,095 [f49a985e-efe9-405d-8922-13d0c1bb1d78@group-7133C33D95E9-StateMachineUpdater] INFO  ratis.ContainerStateMachine (ContainerStateMachine.java:takeSnapshot(374)) - group-7133C33D95E9: Finished taking a snapshot at:(t:1, i:0) file:/home/runner/work/ozone/ozone/hadoop-ozone/integration-test/target/test-dir/MiniOzoneClusterImpl-4ea98613-7ec2-40e8-bdf5-64593f2fdf96/ozone-meta/datanode-3/ratis/b90310fe-41f6-43a3-a698-7133c33d95e9/sm/snapshot.1_0 took: 1 ms
2024-09-10 16:46:50,095 [b02980de-72b7-4a99-a802-296f21296c04-impl-thread2] INFO  impl.RoleInfo (RoleInfo.java:shutdownLeaderState(103)) - b02980de-72b7-4a99-a802-296f21296c04: shutdown b02980de-72b7-4a99-a802-296f21296c04@group-58973242F5DF-LeaderStateImpl
2024-09-10 16:46:50,095 [f49a985e-efe9-405d-8922-13d0c1bb1d78@group-7133C33D95E9-StateMachineUpdater] INFO  impl.StateMachineUpdater (StateMachineUpdater.java:takeSnapshot(303)) - f49a985e-efe9-405d-8922-13d0c1bb1d78@group-7133C33D95E9-StateMachineUpdater: Took a snapshot at index 0
2024-09-10 16:46:50,095 [f49a985e-efe9-405d-8922-13d0c1bb1d78@group-7133C33D95E9-StateMachineUpdater] INFO  impl.StateMachineUpdater (StateMachineUpdater.java:lambda$new$0(102)) - f49a985e-efe9-405d-8922-13d0c1bb1d78@group-7133C33D95E9-StateMachineUpdater: snapshotIndex: updateIncreasingly -1 -> 0
2024-09-10 16:46:50,095 [f49a985e-efe9-405d-8922-13d0c1bb1d78-impl-thread4] INFO  server.RaftServer$Division (RaftServerImpl.java:lambda$close$1(501)) - f49a985e-efe9-405d-8922-13d0c1bb1d78@group-55398A06E63A: shutdown
2024-09-10 16:46:50,095 [f49a985e-efe9-405d-8922-13d0c1bb1d78-impl-thread4] INFO  util.JmxRegister (JmxRegister.java:unregister(74)) - Successfully un-registered JMX Bean with object name Ratis:service=RaftServer,group=group-55398A06E63A,id=f49a985e-efe9-405d-8922-13d0c1bb1d78
2024-09-10 16:46:50,095 [f49a985e-efe9-405d-8922-13d0c1bb1d78-impl-thread4] INFO  impl.RoleInfo (RoleInfo.java:shutdownLeaderState(103)) - f49a985e-efe9-405d-8922-13d0c1bb1d78: shutdown f49a985e-efe9-405d-8922-13d0c1bb1d78@group-55398A06E63A-LeaderStateImpl
2024-09-10 16:46:50,095 [grpc-default-executor-1] INFO  server.GrpcLogAppender (GrpcLogAppender.java:onError(537)) - f49a985e-efe9-405d-8922-13d0c1bb1d78@group-7133C33D95E9->b02980de-72b7-4a99-a802-296f21296c04-GrpcLogAppender is already stopped
2024-09-10 16:46:50,095 [main] INFO  server.GrpcService (GrpcService.java:closeImpl(311)) - f49a985e-efe9-405d-8922-13d0c1bb1d78: shutdown server GrpcServerProtocolService now
2024-09-10 16:46:50,095 [f49a985e-efe9-405d-8922-13d0c1bb1d78-impl-thread4] INFO  impl.PendingRequests (PendingRequests.java:sendNotLeaderResponses(287)) - f49a985e-efe9-405d-8922-13d0c1bb1d78@group-55398A06E63A-PendingRequests: sendNotLeaderResponses
2024-09-10 16:46:50,095 [f49a985e-efe9-405d-8922-13d0c1bb1d78@group-7133C33D95E9-StateMachineUpdater] INFO  impl.StateMachineUpdater (StateMachineUpdater.java:stop(141)) - f49a985e-efe9-405d-8922-13d0c1bb1d78@group-7133C33D95E9-StateMachineUpdater: closing ContainerStateMachine, lastApplied=(t:1, i:0)
2024-09-10 16:46:50,095 [b02980de-72b7-4a99-a802-296f21296c04-impl-thread2] INFO  impl.PendingRequests (PendingRequests.java:sendNotLeaderResponses(287)) - b02980de-72b7-4a99-a802-296f21296c04@group-58973242F5DF-PendingRequests: sendNotLeaderResponses
2024-09-10 16:46:50,096 [f49a985e-efe9-405d-8922-13d0c1bb1d78@group-7133C33D95E9-cacheEviction-AwaitToRun] INFO  util.AwaitToRun (AwaitToRun.java:run(49)) - f49a985e-efe9-405d-8922-13d0c1bb1d78@group-7133C33D95E9-cacheEviction-AwaitToRun-AwaitForSignal is interrupted
2024-09-10 16:46:50,096 [f49a985e-efe9-405d-8922-13d0c1bb1d78@group-A76AAD3EA5B0-StateMachineUpdater] INFO  ratis.ContainerStateMachine (ContainerStateMachine.java:takeSnapshot(374)) - group-A76AAD3EA5B0: Finished taking a snapshot at:(t:1, i:15) file:/home/runner/work/ozone/ozone/hadoop-ozone/integration-test/target/test-dir/MiniOzoneClusterImpl-4ea98613-7ec2-40e8-bdf5-64593f2fdf96/ozone-meta/datanode-3/ratis/7646dd5a-ad1c-44c3-ab45-a76aad3ea5b0/sm/snapshot.1_15 took: 3 ms
2024-09-10 16:46:50,096 [f49a985e-efe9-405d-8922-13d0c1bb1d78@group-A76AAD3EA5B0-StateMachineUpdater] INFO  impl.StateMachineUpdater (StateMachineUpdater.java:takeSnapshot(303)) - f49a985e-efe9-405d-8922-13d0c1bb1d78@group-A76AAD3EA5B0-StateMachineUpdater: Took a snapshot at index 15
2024-09-10 16:46:50,096 [f49a985e-efe9-405d-8922-13d0c1bb1d78@group-A76AAD3EA5B0-StateMachineUpdater] INFO  impl.StateMachineUpdater (StateMachineUpdater.java:lambda$new$0(102)) - f49a985e-efe9-405d-8922-13d0c1bb1d78@group-A76AAD3EA5B0-StateMachineUpdater: snapshotIndex: updateIncreasingly -1 -> 15
2024-09-10 16:46:50,096 [f49a985e-efe9-405d-8922-13d0c1bb1d78@group-55398A06E63A-StateMachineUpdater] INFO  ratis.ContainerStateMachine (ContainerStateMachine.java:takeSnapshot(363)) - group-55398A06E63A: Taking a snapshot at:(t:1, i:0) file /home/runner/work/ozone/ozone/hadoop-ozone/integration-test/target/test-dir/MiniOzoneClusterImpl-4ea98613-7ec2-40e8-bdf5-64593f2fdf96/ozone-meta/datanode-3/ratis/9c790425-bdf2-4c41-a261-55398a06e63a/sm/snapshot.1_0
2024-09-10 16:46:50,096 [grpc-default-executor-2] INFO  server.GrpcServerProtocolService (GrpcServerProtocolService.java:onCompleted(157)) - b02980de-72b7-4a99-a802-296f21296c04: Completed APPEND_ENTRIES, lastRequest: f49a985e-efe9-405d-8922-13d0c1bb1d78->b02980de-72b7-4a99-a802-296f21296c04#1-t1,previous=(t:0, i:0),leaderCommit=-1,initializing? false,entries: size=1, first=(t:1, i:0), CONFIGURATIONENTRY(current:id:"2330440b-2504-4263-b461-07f8c416a88f"address:"127.0.0.1:15180"dataStreamAddress:"127.0.0.1:15183"clientAddress:"127.0.0.1:15180"adminAddress:"127.0.0.1:15180"startupRole:FOLLOWER, id:"b02980de-72b7-4a99-a802-296f21296c04"address:"127.0.0.1:15207"dataStreamAddress:"127.0.0.1:15210"clientAddress:"127.0.0.1:15207"adminAddress:"127.0.0.1:15207"startupRole:FOLLOWER, id:"f49a985e-efe9-405d-8922-13d0c1bb1d78"address:"127.0.0.1:15189"priority:1dataStreamAddress:"127.0.0.1:15192"clientAddress:"127.0.0.1:15189"adminAddress:"127.0.0.1:15189"startupRole:FOLLOWER, old:)
2024-09-10 16:46:50,096 [f49a985e-efe9-405d-8922-13d0c1bb1d78-impl-thread4] INFO  impl.StateMachineUpdater (StateMachineUpdater.java:stopAndJoin(164)) - f49a985e-efe9-405d-8922-13d0c1bb1d78@group-55398A06E63A-StateMachineUpdater: set stopIndex = 0
2024-09-10 16:46:50,097 [b02980de-72b7-4a99-a802-296f21296c04-impl-thread2] INFO  impl.StateMachineUpdater (StateMachineUpdater.java:stopAndJoin(164)) - b02980de-72b7-4a99-a802-296f21296c04@group-58973242F5DF-StateMachineUpdater: set stopIndex = 0
2024-09-10 16:46:50,097 [grpc-default-executor-2] INFO  server.GrpcServerProtocolService (GrpcServerProtocolService.java:lambda$onCompleted$5(159)) - b02980de-72b7-4a99-a802-296f21296c04: Completed APPEND_ENTRIES, lastReply: null
2024-09-10 16:46:50,096 [f49a985e-efe9-405d-8922-13d0c1bb1d78@group-A76AAD3EA5B0-StateMachineUpdater] INFO  impl.StateMachineUpdater (StateMachineUpdater.java:stop(141)) - f49a985e-efe9-405d-8922-13d0c1bb1d78@group-A76AAD3EA5B0-StateMachineUpdater: closing ContainerStateMachine, lastApplied=(t:1, i:15)
2024-09-10 16:46:50,097 [f49a985e-efe9-405d-8922-13d0c1bb1d78-impl-thread5] INFO  server.RaftServer$Division (RaftServerImpl.java:lambda$close$1(501)) - f49a985e-efe9-405d-8922-13d0c1bb1d78@group-BD59E781AD1C: shutdown
2024-09-10 16:46:50,097 [f49a985e-efe9-405d-8922-13d0c1bb1d78-impl-thread5] INFO  util.JmxRegister (JmxRegister.java:unregister(74)) - Successfully un-registered JMX Bean with object name Ratis:service=RaftServer,group=group-BD59E781AD1C,id=f49a985e-efe9-405d-8922-13d0c1bb1d78
2024-09-10 16:46:50,097 [f49a985e-efe9-405d-8922-13d0c1bb1d78-impl-thread5] INFO  impl.RoleInfo (RoleInfo.java:shutdownFollowerState(119)) - f49a985e-efe9-405d-8922-13d0c1bb1d78: shutdown f49a985e-efe9-405d-8922-13d0c1bb1d78@group-BD59E781AD1C-FollowerState
2024-09-10 16:46:50,097 [f49a985e-efe9-405d-8922-13d0c1bb1d78@group-55398A06E63A-StateMachineUpdater] INFO  ratis.ContainerStateMachine (ContainerStateMachine.java:takeSnapshot(374)) - group-55398A06E63A: Finished taking a snapshot at:(t:1, i:0) file:/home/runner/work/ozone/ozone/hadoop-ozone/integration-test/target/test-dir/MiniOzoneClusterImpl-4ea98613-7ec2-40e8-bdf5-64593f2fdf96/ozone-meta/datanode-3/ratis/9c790425-bdf2-4c41-a261-55398a06e63a/sm/snapshot.1_0 took: 1 ms
2024-09-10 16:46:50,097 [f49a985e-efe9-405d-8922-13d0c1bb1d78@group-BD59E781AD1C-FollowerState] INFO  impl.FollowerState (FollowerState.java:run(153)) - f49a985e-efe9-405d-8922-13d0c1bb1d78@group-BD59E781AD1C-FollowerState was interrupted
2024-09-10 16:46:50,097 [f49a985e-efe9-405d-8922-13d0c1bb1d78@group-55398A06E63A-StateMachineUpdater] INFO  impl.StateMachineUpdater (StateMachineUpdater.java:takeSnapshot(303)) - f49a985e-efe9-405d-8922-13d0c1bb1d78@group-55398A06E63A-StateMachineUpdater: Took a snapshot at index 0
2024-09-10 16:46:50,097 [f49a985e-efe9-405d-8922-13d0c1bb1d78@group-55398A06E63A-StateMachineUpdater] INFO  impl.StateMachineUpdater (StateMachineUpdater.java:lambda$new$0(102)) - f49a985e-efe9-405d-8922-13d0c1bb1d78@group-55398A06E63A-StateMachineUpdater: snapshotIndex: updateIncreasingly -1 -> 0
2024-09-10 16:46:50,097 [b02980de-72b7-4a99-a802-296f21296c04@group-58973242F5DF-StateMachineUpdater] INFO  ratis.ContainerStateMachine (ContainerStateMachine.java:takeSnapshot(363)) - group-58973242F5DF: Taking a snapshot at:(t:1, i:0) file /home/runner/work/ozone/ozone/hadoop-ozone/integration-test/target/test-dir/MiniOzoneClusterImpl-4ea98613-7ec2-40e8-bdf5-64593f2fdf96/ozone-meta/datanode-5/ratis/2b7e01a2-3953-4eaf-b082-58973242f5df/sm/snapshot.1_0
2024-09-10 16:46:50,097 [f49a985e-efe9-405d-8922-13d0c1bb1d78@group-55398A06E63A-StateMachineUpdater] INFO  impl.StateMachineUpdater (StateMachineUpdater.java:stop(141)) - f49a985e-efe9-405d-8922-13d0c1bb1d78@group-55398A06E63A-StateMachineUpdater: closing ContainerStateMachine, lastApplied=(t:1, i:0)
2024-09-10 16:46:50,097 [f49a985e-efe9-405d-8922-13d0c1bb1d78-impl-thread5] INFO  impl.StateMachineUpdater (StateMachineUpdater.java:stopAndJoin(164)) - f49a985e-efe9-405d-8922-13d0c1bb1d78@group-BD59E781AD1C-StateMachineUpdater: set stopIndex = -1
2024-09-10 16:46:50,097 [f49a985e-efe9-405d-8922-13d0c1bb1d78@group-BD59E781AD1C-StateMachineUpdater] INFO  impl.StateMachineUpdater (StateMachineUpdater.java:stop(141)) - f49a985e-efe9-405d-8922-13d0c1bb1d78@group-BD59E781AD1C-StateMachineUpdater: closing ContainerStateMachine, lastApplied=(t:0, i:~)
2024-09-10 16:46:50,097 [Thread-4136] INFO  server.GrpcServerProtocolClient (GrpcServerProtocolClient.java:close(103)) - 2330440b-2504-4263-b461-07f8c416a88f Close channels
2024-09-10 16:46:50,098 [f49a985e-efe9-405d-8922-13d0c1bb1d78@group-BD59E781AD1C-cacheEviction-AwaitToRun] INFO  util.AwaitToRun (AwaitToRun.java:run(49)) - f49a985e-efe9-405d-8922-13d0c1bb1d78@group-BD59E781AD1C-cacheEviction-AwaitToRun-AwaitForSignal is interrupted
2024-09-10 16:46:50,098 [grpc-default-executor-1] INFO  server.GrpcLogAppender (GrpcLogAppender.java:onError(537)) - f49a985e-efe9-405d-8922-13d0c1bb1d78@group-7133C33D95E9->b02980de-72b7-4a99-a802-296f21296c04-GrpcLogAppender is already stopped
2024-09-10 16:46:50,098 [b02980de-72b7-4a99-a802-296f21296c04@group-58973242F5DF-StateMachineUpdater] INFO  ratis.ContainerStateMachine (ContainerStateMachine.java:takeSnapshot(374)) - group-58973242F5DF: Finished taking a snapshot at:(t:1, i:0) file:/home/runner/work/ozone/ozone/hadoop-ozone/integration-test/target/test-dir/MiniOzoneClusterImpl-4ea98613-7ec2-40e8-bdf5-64593f2fdf96/ozone-meta/datanode-5/ratis/2b7e01a2-3953-4eaf-b082-58973242f5df/sm/snapshot.1_0 took: 2 ms
2024-09-10 16:46:50,098 [f49a985e-efe9-405d-8922-13d0c1bb1d78@group-55398A06E63A-cacheEviction-AwaitToRun] INFO  util.AwaitToRun (AwaitToRun.java:run(49)) - f49a985e-efe9-405d-8922-13d0c1bb1d78@group-55398A06E63A-cacheEviction-AwaitToRun-AwaitForSignal is interrupted
2024-09-10 16:46:50,099 [b02980de-72b7-4a99-a802-296f21296c04@group-58973242F5DF-StateMachineUpdater] INFO  impl.StateMachineUpdater (StateMachineUpdater.java:takeSnapshot(303)) - b02980de-72b7-4a99-a802-296f21296c04@group-58973242F5DF-StateMachineUpdater: Took a snapshot at index 0
2024-09-10 16:46:50,099 [b02980de-72b7-4a99-a802-296f21296c04@group-58973242F5DF-StateMachineUpdater] INFO  impl.StateMachineUpdater (StateMachineUpdater.java:lambda$new$0(102)) - b02980de-72b7-4a99-a802-296f21296c04@group-58973242F5DF-StateMachineUpdater: snapshotIndex: updateIncreasingly -1 -> 0
2024-09-10 16:46:50,099 [b02980de-72b7-4a99-a802-296f21296c04@group-58973242F5DF-StateMachineUpdater] INFO  impl.StateMachineUpdater (StateMachineUpdater.java:stop(141)) - b02980de-72b7-4a99-a802-296f21296c04@group-58973242F5DF-StateMachineUpdater: closing ContainerStateMachine, lastApplied=(t:1, i:0)
2024-09-10 16:46:50,099 [grpc-default-executor-0] INFO  server.GrpcServerProtocolService (GrpcServerProtocolService.java:onCompleted(157)) - b02980de-72b7-4a99-a802-296f21296c04: Completed APPEND_ENTRIES, lastRequest: null
2024-09-10 16:46:50,099 [b02980de-72b7-4a99-a802-296f21296c04@group-58973242F5DF-cacheEviction-AwaitToRun] INFO  util.AwaitToRun (AwaitToRun.java:run(49)) - b02980de-72b7-4a99-a802-296f21296c04@group-58973242F5DF-cacheEviction-AwaitToRun-AwaitForSignal is interrupted
2024-09-10 16:46:50,100 [f49a985e-efe9-405d-8922-13d0c1bb1d78@group-A76AAD3EA5B0-cacheEviction-AwaitToRun] INFO  util.AwaitToRun (AwaitToRun.java:run(49)) - f49a985e-efe9-405d-8922-13d0c1bb1d78@group-A76AAD3EA5B0-cacheEviction-AwaitToRun-AwaitForSignal is interrupted
2024-09-10 16:46:50,101 [EventQueue-DeadNodeForDeadNodeHandler] INFO  node.DeadNodeHandler (DeadNodeHandler.java:onMessage(95)) - A dead datanode is detected. f49a985e-efe9-405d-8922-13d0c1bb1d78(localhost/127.0.0.1)
2024-09-10 16:46:50,101 [EventQueue-DeadNodeForDeadNodeHandler] INFO  pipeline.RatisPipelineProvider (RatisPipelineProvider.java:lambda$close$4(270)) - Send pipeline:PipelineID=9c790425-bdf2-4c41-a261-55398a06e63a close command to datanode f49a985e-efe9-405d-8922-13d0c1bb1d78
2024-09-10 16:46:50,101 [EventQueue-DeadNodeForDeadNodeHandler] INFO  pipeline.PipelineManagerImpl (PipelineManagerImpl.java:removePipeline(459)) - Pipeline Pipeline[ Id: 9c790425-bdf2-4c41-a261-55398a06e63a, Nodes: f49a985e-efe9-405d-8922-13d0c1bb1d78(localhost/127.0.0.1) ReplicaIndex: 0, ReplicationConfig: RATIS/ONE, State:CLOSED, leaderId:f49a985e-efe9-405d-8922-13d0c1bb1d78, CreationTimestamp2024-09-10T16:46:26.573Z[Etc/UTC]] removed.
2024-09-10 16:46:50,101 [EventQueue-DeadNodeForDeadNodeHandler] INFO  node.DeadNodeHandler (DeadNodeHandler.java:onMessage(108)) - Clearing command queue of size 2 for DN f49a985e-efe9-405d-8922-13d0c1bb1d78(localhost/127.0.0.1)
2024-09-10 16:46:50,101 [EventQueue-DeadNodeForDeadNodeHandler] INFO  net.NetworkTopologyImpl (NetworkTopologyImpl.java:remove(212)) - Removed a node: /default-rack/f49a985e-efe9-405d-8922-13d0c1bb1d78
2024-09-10 16:46:50,103 [Thread-4137] INFO  server.GrpcServerProtocolClient (GrpcServerProtocolClient.java:close(103)) - b02980de-72b7-4a99-a802-296f21296c04 Close channels
2024-09-10 16:46:50,103 [Thread-4139] INFO  server.GrpcServerProtocolClient (GrpcServerProtocolClient.java:close(103)) - e5502358-b128-4a46-b87d-f44ed006f965 Close channels
2024-09-10 16:46:50,103 [grpc-default-executor-0] INFO  server.GrpcServerProtocolService (GrpcServerProtocolService.java:lambda$onCompleted$5(159)) - b02980de-72b7-4a99-a802-296f21296c04: Completed APPEND_ENTRIES, lastReply: serverReply {
  requestorId: "f49a985e-efe9-405d-8922-13d0c1bb1d78"
  replyId: "b02980de-72b7-4a99-a802-296f21296c04"
  raftGroupId {
    id: "\271\003\020\376A\366C\243\246\230q3\303=\225\351"
  }
  success: true
}
term: 1
nextIndex: 1
followerCommit: 18446744073709551615
matchIndex: 18446744073709551615
isHearbeat: true

2024-09-10 16:46:50,104 [Thread-4135] INFO  server.GrpcServerProtocolClient (GrpcServerProtocolClient.java:close(103)) - 2330440b-2504-4263-b461-07f8c416a88f Close channels
2024-09-10 16:46:50,104 [Thread-4141] INFO  server.GrpcServerProtocolClient (GrpcServerProtocolClient.java:close(103)) - f49a985e-efe9-405d-8922-13d0c1bb1d78 Close channels
2024-09-10 16:46:50,104 [ForkJoinPool.commonPool-worker-2] INFO  server.GrpcService (GrpcService.java:closeImpl(320)) - b02980de-72b7-4a99-a802-296f21296c04: shutdown server GrpcServerProtocolService successfully
2024-09-10 16:46:50,105 [main] INFO  server.GrpcService (GrpcService.java:closeImpl(320)) - f49a985e-efe9-405d-8922-13d0c1bb1d78: shutdown server GrpcServerProtocolService successfully
2024-09-10 16:46:50,110 [b02980de-72b7-4a99-a802-296f21296c04-NettyServerStreamRpc-bossGroup--thread1] INFO  logging.LoggingHandler (AbstractInternalLogger.java:log(148)) - [id: 0x38d4ff34, L:/0.0.0.0:15210] CLOSE
2024-09-10 16:46:50,110 [b02980de-72b7-4a99-a802-296f21296c04-NettyServerStreamRpc-bossGroup--thread1] INFO  logging.LoggingHandler (AbstractInternalLogger.java:log(148)) - [id: 0x38d4ff34, L:/0.0.0.0:15210] INACTIVE
2024-09-10 16:46:50,110 [b02980de-72b7-4a99-a802-296f21296c04-NettyServerStreamRpc-bossGroup--thread1] INFO  logging.LoggingHandler (AbstractInternalLogger.java:log(148)) - [id: 0x38d4ff34, L:/0.0.0.0:15210] UNREGISTERED
2024-09-10 16:46:50,113 [f49a985e-efe9-405d-8922-13d0c1bb1d78-NettyServerStreamRpc-bossGroup--thread1] INFO  logging.LoggingHandler (AbstractInternalLogger.java:log(148)) - [id: 0xa15d8761, L:/0.0.0.0:15192] CLOSE
2024-09-10 16:46:50,113 [f49a985e-efe9-405d-8922-13d0c1bb1d78-NettyServerStreamRpc-bossGroup--thread1] INFO  logging.LoggingHandler (AbstractInternalLogger.java:log(148)) - [id: 0xa15d8761, L:/0.0.0.0:15192] INACTIVE
2024-09-10 16:46:50,114 [f49a985e-efe9-405d-8922-13d0c1bb1d78-NettyServerStreamRpc-bossGroup--thread1] INFO  logging.LoggingHandler (AbstractInternalLogger.java:log(148)) - [id: 0xa15d8761, L:/0.0.0.0:15192] UNREGISTERED
2024-09-10 16:46:50,216 [f49a985e-efe9-405d-8922-13d0c1bb1d78-impl-thread3] INFO  segmented.SegmentedRaftLogWorker (SegmentedRaftLogWorker.java:close(248)) - f49a985e-efe9-405d-8922-13d0c1bb1d78@group-7133C33D95E9-SegmentedRaftLogWorker close()
2024-09-10 16:46:50,217 [f49a985e-efe9-405d-8922-13d0c1bb1d78-impl-thread3] INFO  ratis.ContainerStateMachine (ContainerStateMachine.java:notifyServerShutdown(956)) - group-7133C33D95E9 is closed by HddsDatanodeService
2024-09-10 16:46:50,224 [b02980de-72b7-4a99-a802-296f21296c04-impl-thread1] INFO  segmented.SegmentedRaftLogWorker (SegmentedRaftLogWorker.java:close(248)) - b02980de-72b7-4a99-a802-296f21296c04@group-7133C33D95E9-SegmentedRaftLogWorker close()
2024-09-10 16:46:50,225 [b02980de-72b7-4a99-a802-296f21296c04-impl-thread1] INFO  ratis.ContainerStateMachine (ContainerStateMachine.java:notifyServerShutdown(956)) - group-7133C33D95E9 is closed by HddsDatanodeService
2024-09-10 16:46:50,236 [b02980de-72b7-4a99-a802-296f21296c04-impl-thread2] INFO  segmented.SegmentedRaftLogWorker (SegmentedRaftLogWorker.java:close(248)) - b02980de-72b7-4a99-a802-296f21296c04@group-58973242F5DF-SegmentedRaftLogWorker close()
2024-09-10 16:46:50,237 [b02980de-72b7-4a99-a802-296f21296c04-impl-thread2] INFO  ratis.ContainerStateMachine (ContainerStateMachine.java:notifyServerShutdown(956)) - group-58973242F5DF is closed by HddsDatanodeService
2024-09-10 16:46:50,237 [JvmPauseMonitor27] INFO  util.JvmPauseMonitor (JvmPauseMonitor.java:run(152)) - JvmPauseMonitor-b02980de-72b7-4a99-a802-296f21296c04: Stopped
2024-09-10 16:46:50,301 [EventQueue-DeadNodeForDeadNodeHandler] INFO  node.DeadNodeHandler (DeadNodeHandler.java:onMessage(95)) - A dead datanode is detected. b02980de-72b7-4a99-a802-296f21296c04(localhost/127.0.0.1)
2024-09-10 16:46:50,301 [EventQueue-DeadNodeForDeadNodeHandler] INFO  pipeline.RatisPipelineProvider (RatisPipelineProvider.java:lambda$close$4(270)) - Send pipeline:PipelineID=2b7e01a2-3953-4eaf-b082-58973242f5df close command to datanode b02980de-72b7-4a99-a802-296f21296c04
2024-09-10 16:46:50,302 [EventQueue-DeadNodeForDeadNodeHandler] INFO  pipeline.PipelineManagerImpl (PipelineManagerImpl.java:removePipeline(459)) - Pipeline Pipeline[ Id: 2b7e01a2-3953-4eaf-b082-58973242f5df, Nodes: b02980de-72b7-4a99-a802-296f21296c04(localhost/127.0.0.1) ReplicaIndex: 0, ReplicationConfig: RATIS/ONE, State:CLOSED, leaderId:b02980de-72b7-4a99-a802-296f21296c04, CreationTimestamp2024-09-10T16:46:27.042Z[Etc/UTC]] removed.
2024-09-10 16:46:50,302 [EventQueue-DeadNodeForDeadNodeHandler] INFO  node.DeadNodeHandler (DeadNodeHandler.java:onMessage(108)) - Clearing command queue of size 1 for DN b02980de-72b7-4a99-a802-296f21296c04(localhost/127.0.0.1)
2024-09-10 16:46:50,302 [EventQueue-DeadNodeForDeadNodeHandler] INFO  net.NetworkTopologyImpl (NetworkTopologyImpl.java:remove(212)) - Removed a node: /default-rack/b02980de-72b7-4a99-a802-296f21296c04
2024-09-10 16:46:50,385 [f49a985e-efe9-405d-8922-13d0c1bb1d78-impl-thread5] INFO  segmented.SegmentedRaftLogWorker (SegmentedRaftLogWorker.java:close(248)) - f49a985e-efe9-405d-8922-13d0c1bb1d78@group-BD59E781AD1C-SegmentedRaftLogWorker close()
2024-09-10 16:46:50,385 [f49a985e-efe9-405d-8922-13d0c1bb1d78-impl-thread5] INFO  ratis.ContainerStateMachine (ContainerStateMachine.java:notifyServerShutdown(956)) - group-BD59E781AD1C is closed by HddsDatanodeService
2024-09-10 16:46:50,493 [f49a985e-efe9-405d-8922-13d0c1bb1d78-impl-thread1] INFO  segmented.SegmentedRaftLogWorker (SegmentedRaftLogWorker.java:close(248)) - f49a985e-efe9-405d-8922-13d0c1bb1d78@group-C733A4596614-SegmentedRaftLogWorker close()
2024-09-10 16:46:50,493 [f49a985e-efe9-405d-8922-13d0c1bb1d78-impl-thread1] INFO  ratis.ContainerStateMachine (ContainerStateMachine.java:notifyServerShutdown(956)) - group-C733A4596614 is closed by HddsDatanodeService
2024-09-10 16:46:50,647 [f49a985e-efe9-405d-8922-13d0c1bb1d78-impl-thread4] INFO  segmented.SegmentedRaftLogWorker (SegmentedRaftLogWorker.java:close(248)) - f49a985e-efe9-405d-8922-13d0c1bb1d78@group-55398A06E63A-SegmentedRaftLogWorker close()
2024-09-10 16:46:50,648 [f49a985e-efe9-405d-8922-13d0c1bb1d78-impl-thread4] INFO  ratis.ContainerStateMachine (ContainerStateMachine.java:notifyServerShutdown(956)) - group-55398A06E63A is closed by HddsDatanodeService
2024-09-10 16:46:50,902 [EventQueue-DeadNodeForDeadNodeHandler] INFO  node.DeadNodeHandler (DeadNodeHandler.java:onMessage(95)) - A dead datanode is detected. c95620fd-712c-4929-b988-78cb42202719(localhost/127.0.0.1)
2024-09-10 16:46:50,902 [EventQueue-DeadNodeForDeadNodeHandler] INFO  pipeline.RatisPipelineProvider (RatisPipelineProvider.java:lambda$close$4(270)) - Send pipeline:PipelineID=8dd5ed1b-6e7e-464a-8720-9a91bcd6d020 close command to datanode c95620fd-712c-4929-b988-78cb42202719
2024-09-10 16:46:50,902 [EventQueue-DeadNodeForDeadNodeHandler] INFO  pipeline.PipelineManagerImpl (PipelineManagerImpl.java:removePipeline(459)) - Pipeline Pipeline[ Id: 8dd5ed1b-6e7e-464a-8720-9a91bcd6d020, Nodes: c95620fd-712c-4929-b988-78cb42202719(localhost/127.0.0.1) ReplicaIndex: 0, ReplicationConfig: RATIS/ONE, State:CLOSED, leaderId:c95620fd-712c-4929-b988-78cb42202719, CreationTimestamp2024-09-10T16:46:26.807Z[Etc/UTC]] removed.
2024-09-10 16:46:50,902 [EventQueue-DeadNodeForDeadNodeHandler] INFO  node.DeadNodeHandler (DeadNodeHandler.java:onMessage(108)) - Clearing command queue of size 1 for DN c95620fd-712c-4929-b988-78cb42202719(localhost/127.0.0.1)
2024-09-10 16:46:50,902 [EventQueue-DeadNodeForDeadNodeHandler] INFO  net.NetworkTopologyImpl (NetworkTopologyImpl.java:remove(212)) - Removed a node: /default-rack/c95620fd-712c-4929-b988-78cb42202719
2024-09-10 16:46:51,094 [f49a985e-efe9-405d-8922-13d0c1bb1d78-impl-thread2] INFO  segmented.SegmentedRaftLogWorker (SegmentedRaftLogWorker.java:close(248)) - f49a985e-efe9-405d-8922-13d0c1bb1d78@group-A76AAD3EA5B0-SegmentedRaftLogWorker close()
2024-09-10 16:46:51,094 [f49a985e-efe9-405d-8922-13d0c1bb1d78-impl-thread2] INFO  ratis.ContainerStateMachine (ContainerStateMachine.java:notifyServerShutdown(956)) - group-A76AAD3EA5B0 is closed by HddsDatanodeService
2024-09-10 16:46:51,095 [JvmPauseMonitor25] INFO  util.JvmPauseMonitor (JvmPauseMonitor.java:run(152)) - JvmPauseMonitor-f49a985e-efe9-405d-8922-13d0c1bb1d78: Stopped
2024-09-10 16:46:51,274 [timer5] WARN  server.GrpcLogAppender (GrpcLogAppender.java:lambda$resetClient$1(221)) - f49a985e-efe9-405d-8922-13d0c1bb1d78@group-A76AAD3EA5B0->2330440b-2504-4263-b461-07f8c416a88f-GrpcLogAppender: Follower failed (request=null, errorCount=14); keep nextIndex (17) unchanged and retry. (Repeated 2 times in the last 5.000s)
2024-09-10 16:46:52,239 [ForkJoinPool.commonPool-worker-2] INFO  utils.DatanodeStoreCache (DatanodeStoreCache.java:shutdownCache(116)) - Skip clearing cache in mini cluster mode. Entries left: [/home/runner/work/ozone/ozone/hadoop-ozone/integration-test/target/test-dir/MiniOzoneClusterImpl-4ea98613-7ec2-40e8-bdf5-64593f2fdf96/ozone-meta/datanode-3/data-0/hdds/4ea98613-7ec2-40e8-bdf5-64593f2fdf96/DS-ef7ff716-8888-4ef0-9bf3-80ced1797c12/container.db, /home/runner/work/ozone/ozone/hadoop-ozone/integration-test/target/test-dir/MiniOzoneClusterImpl-4ea98613-7ec2-40e8-bdf5-64593f2fdf96/ozone-meta/datanode-5/data-0/hdds/4ea98613-7ec2-40e8-bdf5-64593f2fdf96/DS-140e863a-d1b8-4ca2-a0f1-c2e16b58400c/container.db]
2024-09-10 16:46:52,240 [ForkJoinPool.commonPool-worker-2] INFO  utils.DatanodeStoreCache (DatanodeStoreCache.java:removeDB(110)) - Removed db /home/runner/work/ozone/ozone/hadoop-ozone/integration-test/target/test-dir/MiniOzoneClusterImpl-4ea98613-7ec2-40e8-bdf5-64593f2fdf96/ozone-meta/datanode-5/data-0/hdds/4ea98613-7ec2-40e8-bdf5-64593f2fdf96/DS-140e863a-d1b8-4ca2-a0f1-c2e16b58400c/container.db from cache
2024-09-10 16:46:52,241 [ForkJoinPool.commonPool-worker-2] INFO  volume.HddsVolume (HddsVolume.java:closeDbStore(462)) - SchemaV3 db is stopped at /home/runner/work/ozone/ozone/hadoop-ozone/integration-test/target/test-dir/MiniOzoneClusterImpl-4ea98613-7ec2-40e8-bdf5-64593f2fdf96/ozone-meta/datanode-5/data-0/hdds/4ea98613-7ec2-40e8-bdf5-64593f2fdf96/DS-140e863a-d1b8-4ca2-a0f1-c2e16b58400c/container.db for volume DS-140e863a-d1b8-4ca2-a0f1-c2e16b58400c
2024-09-10 16:46:52,241 [ForkJoinPool.commonPool-worker-2] INFO  utils.BackgroundService (BackgroundService.java:shutdown(163)) - Shutting down service BlockDeletingService
2024-09-10 16:46:52,248 [ForkJoinPool.commonPool-worker-2] INFO  utils.BackgroundService (BackgroundService.java:shutdown(163)) - Shutting down service StaleRecoveringContainerScrubbingService
2024-09-10 16:46:52,248 [ForkJoinPool.commonPool-worker-2] INFO  statemachine.DatanodeStateMachine (DatanodeStateMachine.java:stopDaemon(626)) - Ozone container server stopped.
2024-09-10 16:46:52,265 [ForkJoinPool.commonPool-worker-2] INFO  handler.ContextHandler (ContextHandler.java:doStop(1159)) - Stopped o.e.j.w.WebAppContext@2918e3d7{hddsDatanode,/,null,STOPPED}{jar:file:/home/runner/work/ozone/ozone/hadoop-hdds/container-service/target/hdds-container-service-1.5.0-SNAPSHOT.jar!/webapps/hddsDatanode}
2024-09-10 16:46:52,265 [ForkJoinPool.commonPool-worker-2] INFO  server.AbstractConnector (AbstractConnector.java:doStop(383)) - Stopped ServerConnector@34ef29c5{HTTP/1.1, (http/1.1)}{0.0.0.0:15204}
2024-09-10 16:46:52,265 [ForkJoinPool.commonPool-worker-2] INFO  server.session (HouseKeeper.java:stopScavenging(149)) - node0 Stopped scavenging
2024-09-10 16:46:52,265 [ForkJoinPool.commonPool-worker-2] INFO  handler.ContextHandler (ContextHandler.java:doStop(1159)) - Stopped o.e.j.s.ServletContextHandler@30c23fcb{static,/static,jar:file:/home/runner/work/ozone/ozone/hadoop-hdds/container-service/target/hdds-container-service-1.5.0-SNAPSHOT.jar!/webapps/static,STOPPED}
2024-09-10 16:46:52,266 [ForkJoinPool.commonPool-worker-2] INFO  handler.ContextHandler (ContextHandler.java:doStop(1159)) - Stopped o.e.j.s.ServletContextHandler@733620d0{logs,/logs,file:///home/runner/work/ozone/ozone/hadoop-ozone/integration-test/target/log,STOPPED}
2024-09-10 16:46:52,266 [ForkJoinPool.commonPool-worker-2] INFO  ozone.HddsDatanodeClientProtocolServer (HddsDatanodeClientProtocolServer.java:stop(85)) - Stopping the RPC server for Client Protocol
2024-09-10 16:46:52,266 [ForkJoinPool.commonPool-worker-2] INFO  ipc.Server (Server.java:stop(3523)) - Stopping server on 15205
2024-09-10 16:46:52,268 [IPC Server listener on 15205] INFO  ipc.Server (Server.java:run(1434)) - Stopping IPC Server listener on 15205
2024-09-10 16:46:52,268 [IPC Server Responder] INFO  ipc.Server (Server.java:run(1567)) - Stopping IPC Server Responder
2024-09-10 16:46:53,097 [main] INFO  utils.DatanodeStoreCache (DatanodeStoreCache.java:shutdownCache(116)) - Skip clearing cache in mini cluster mode. Entries left: [/home/runner/work/ozone/ozone/hadoop-ozone/integration-test/target/test-dir/MiniOzoneClusterImpl-4ea98613-7ec2-40e8-bdf5-64593f2fdf96/ozone-meta/datanode-3/data-0/hdds/4ea98613-7ec2-40e8-bdf5-64593f2fdf96/DS-ef7ff716-8888-4ef0-9bf3-80ced1797c12/container.db]
2024-09-10 16:46:53,099 [main] INFO  utils.DatanodeStoreCache (DatanodeStoreCache.java:removeDB(110)) - Removed db /home/runner/work/ozone/ozone/hadoop-ozone/integration-test/target/test-dir/MiniOzoneClusterImpl-4ea98613-7ec2-40e8-bdf5-64593f2fdf96/ozone-meta/datanode-3/data-0/hdds/4ea98613-7ec2-40e8-bdf5-64593f2fdf96/DS-ef7ff716-8888-4ef0-9bf3-80ced1797c12/container.db from cache
2024-09-10 16:46:53,099 [main] INFO  volume.HddsVolume (HddsVolume.java:closeDbStore(462)) - SchemaV3 db is stopped at /home/runner/work/ozone/ozone/hadoop-ozone/integration-test/target/test-dir/MiniOzoneClusterImpl-4ea98613-7ec2-40e8-bdf5-64593f2fdf96/ozone-meta/datanode-3/data-0/hdds/4ea98613-7ec2-40e8-bdf5-64593f2fdf96/DS-ef7ff716-8888-4ef0-9bf3-80ced1797c12/container.db for volume DS-ef7ff716-8888-4ef0-9bf3-80ced1797c12
2024-09-10 16:46:53,099 [main] INFO  utils.BackgroundService (BackgroundService.java:shutdown(163)) - Shutting down service BlockDeletingService
2024-09-10 16:46:53,099 [main] INFO  utils.BackgroundService (BackgroundService.java:shutdown(163)) - Shutting down service StaleRecoveringContainerScrubbingService
2024-09-10 16:46:53,100 [main] INFO  statemachine.DatanodeStateMachine (DatanodeStateMachine.java:stopDaemon(626)) - Ozone container server stopped.
2024-09-10 16:46:53,113 [main] INFO  handler.ContextHandler (ContextHandler.java:doStop(1159)) - Stopped o.e.j.w.WebAppContext@2baa48e3{hddsDatanode,/,null,STOPPED}{jar:file:/home/runner/work/ozone/ozone/hadoop-hdds/container-service/target/hdds-container-service-1.5.0-SNAPSHOT.jar!/webapps/hddsDatanode}
2024-09-10 16:46:53,113 [main] INFO  server.AbstractConnector (AbstractConnector.java:doStop(383)) - Stopped ServerConnector@52351801{HTTP/1.1, (http/1.1)}{0.0.0.0:15186}
2024-09-10 16:46:53,113 [main] INFO  server.session (HouseKeeper.java:stopScavenging(149)) - node0 Stopped scavenging
2024-09-10 16:46:53,114 [main] INFO  handler.ContextHandler (ContextHandler.java:doStop(1159)) - Stopped o.e.j.s.ServletContextHandler@707993c6{static,/static,jar:file:/home/runner/work/ozone/ozone/hadoop-hdds/container-service/target/hdds-container-service-1.5.0-SNAPSHOT.jar!/webapps/static,STOPPED}
2024-09-10 16:46:53,114 [main] INFO  handler.ContextHandler (ContextHandler.java:doStop(1159)) - Stopped o.e.j.s.ServletContextHandler@4d3abb20{logs,/logs,file:///home/runner/work/ozone/ozone/hadoop-ozone/integration-test/target/log,STOPPED}
2024-09-10 16:46:53,114 [main] INFO  ozone.HddsDatanodeClientProtocolServer (HddsDatanodeClientProtocolServer.java:stop(85)) - Stopping the RPC server for Client Protocol
2024-09-10 16:46:53,115 [main] INFO  ipc.Server (Server.java:stop(3523)) - Stopping server on 15187
2024-09-10 16:46:53,115 [IPC Server listener on 15187] INFO  ipc.Server (Server.java:run(1434)) - Stopping IPC Server listener on 15187
2024-09-10 16:46:53,116 [IPC Server Responder] INFO  ipc.Server (Server.java:run(1567)) - Stopping IPC Server Responder
2024-09-10 16:46:53,117 [main] INFO  ozone.MiniOzoneClusterImpl (MiniOzoneClusterImpl.java:stopSCM(500)) - Stopping the StorageContainerManager
2024-09-10 16:46:53,117 [main] INFO  server.StorageContainerManager (StorageContainerManager.java:stop(1649)) - Container Balancer is not running.
2024-09-10 16:46:53,117 [main] INFO  server.StorageContainerManager (StorageContainerManager.java:stopReplicationManager(1787)) - Stopping Replication Manager Service.
2024-09-10 16:46:53,117 [main] INFO  replication.ReplicationManager (ReplicationManager.java:stop(329)) - Stopping Replication Monitor Thread.
2024-09-10 16:46:53,117 [main] INFO  server.StorageContainerManager (StorageContainerManager.java:stop(1658)) - Stopping the Datanode Admin Monitor.
2024-09-10 16:46:53,117 [OverReplicatedProcessor] WARN  replication.UnhealthyReplicationProcessor (UnhealthyReplicationProcessor.java:run(180)) - OverReplicatedProcessor interrupted. Exiting...
2024-09-10 16:46:53,117 [ReplicationMonitor] INFO  replication.ReplicationManager (ReplicationManager.java:run(938)) - Replication Monitor Thread is stopped
2024-09-10 16:46:53,117 [UnderReplicatedProcessor] WARN  replication.UnhealthyReplicationProcessor (UnhealthyReplicationProcessor.java:run(180)) - UnderReplicatedProcessor interrupted. Exiting...
2024-09-10 16:46:53,117 [main] INFO  server.StorageContainerManager (StorageContainerManager.java:stop(1665)) - Stopping datanode service RPC server
2024-09-10 16:46:53,118 [main] INFO  server.SCMDatanodeProtocolServer (SCMDatanodeProtocolServer.java:stop(430)) - Stopping the RPC server for DataNodes
2024-09-10 16:46:53,118 [main] INFO  ipc.Server (Server.java:stop(3523)) - Stopping server on 15161
2024-09-10 16:46:53,121 [IPC Server listener on 15161] INFO  ipc.Server (Server.java:run(1434)) - Stopping IPC Server listener on 15161
2024-09-10 16:46:53,123 [IPC Server Responder] INFO  ipc.Server (Server.java:run(1567)) - Stopping IPC Server Responder
2024-09-10 16:46:53,203 [SCMHeartbeatProcessor-0] WARN  node.NodeStateManager (NodeStateManager.java:scheduleNextHealthCheck(935)) - Current Thread is interrupted, shutting down HB processing thread for Node Manager.
2024-09-10 16:46:53,204 [main] INFO  server.StorageContainerManager (StorageContainerManager.java:stop(1673)) - Stopping block service RPC server
2024-09-10 16:46:53,204 [main] INFO  server.SCMBlockProtocolServer (SCMBlockProtocolServer.java:stop(181)) - Stopping the RPC server for Block Protocol
2024-09-10 16:46:53,204 [main] INFO  ipc.Server (Server.java:stop(3523)) - Stopping server on 15160
2024-09-10 16:46:53,205 [timer6] WARN  server.GrpcLogAppender (GrpcLogAppender.java:lambda$resetClient$1(221)) - f49a985e-efe9-405d-8922-13d0c1bb1d78@group-7133C33D95E9->2330440b-2504-4263-b461-07f8c416a88f-GrpcLogAppender: Follower failed (request=null, errorCount=4); keep nextIndex (0) unchanged and retry. (Repeated 4 times in the last 5.000s)
2024-09-10 16:46:53,205 [timer5] WARN  server.GrpcLogAppender (LogUtils.java:warn(121)) - f49a985e-efe9-405d-8922-13d0c1bb1d78@group-7133C33D95E9->2330440b-2504-4263-b461-07f8c416a88f-AppendLogResponseHandler: Failed appendEntries (Repeated 8 times in the last 5.001s): org.apache.ratis.thirdparty.io.grpc.StatusRuntimeException: UNAVAILABLE: io exception
2024-09-10 16:46:53,209 [IPC Server listener on 15160] INFO  ipc.Server (Server.java:run(1434)) - Stopping IPC Server listener on 15160
2024-09-10 16:46:53,209 [IPC Server Responder] INFO  ipc.Server (Server.java:run(1567)) - Stopping IPC Server Responder
2024-09-10 16:46:53,209 [main] INFO  server.StorageContainerManager (StorageContainerManager.java:stop(1680)) - Stopping the StorageContainerLocationProtocol RPC server
2024-09-10 16:46:53,210 [main] INFO  server.SCMClientProtocolServer (SCMClientProtocolServer.java:stop(222)) - Stopping the RPC server for Client Protocol
2024-09-10 16:46:53,210 [main] INFO  ipc.Server (Server.java:stop(3523)) - Stopping server on 15159
2024-09-10 16:46:53,212 [IPC Server listener on 15159] INFO  ipc.Server (Server.java:run(1434)) - Stopping IPC Server listener on 15159
2024-09-10 16:46:53,212 [main] INFO  server.StorageContainerManager (StorageContainerManager.java:stop(1687)) - Stopping Storage Container Manager HTTP server.
2024-09-10 16:46:53,212 [IPC Server Responder] INFO  ipc.Server (Server.java:run(1567)) - Stopping IPC Server Responder
2024-09-10 16:46:53,213 [timer2] WARN  server.GrpcLogAppender (GrpcLogAppender.java:lambda$resetClient$1(221)) - f49a985e-efe9-405d-8922-13d0c1bb1d78@group-7133C33D95E9->2330440b-2504-4263-b461-07f8c416a88f-GrpcLogAppender: Follower failed (request=null, errorCount=8); keep nextIndex (1) unchanged and retry. (Repeated 4 times in the last 4.999s)
2024-09-10 16:46:53,213 [main] INFO  handler.ContextHandler (ContextHandler.java:doStop(1159)) - Stopped o.e.j.w.WebAppContext@390cd91e{scm,/,null,STOPPED}{file:/home/runner/work/ozone/ozone/hadoop-ozone/integration-test/target/test-classes/webapps/scm}
2024-09-10 16:46:53,214 [main] INFO  server.AbstractConnector (AbstractConnector.java:doStop(383)) - Stopped ServerConnector@44992585{HTTP/1.1, (http/1.1)}{0.0.0.0:15162}
2024-09-10 16:46:53,214 [main] INFO  server.session (HouseKeeper.java:stopScavenging(149)) - node0 Stopped scavenging
2024-09-10 16:46:53,214 [main] INFO  handler.ContextHandler (ContextHandler.java:doStop(1159)) - Stopped o.e.j.s.ServletContextHandler@67cb4d69{static,/static,file:///home/runner/work/ozone/ozone/hadoop-ozone/integration-test/target/test-classes/webapps/static,STOPPED}
2024-09-10 16:46:53,215 [main] INFO  handler.ContextHandler (ContextHandler.java:doStop(1159)) - Stopped o.e.j.s.ServletContextHandler@1c5918bc{logs,/logs,file:///home/runner/work/ozone/ozone/hadoop-ozone/integration-test/target/log,STOPPED}
2024-09-10 16:46:53,215 [main] INFO  server.StorageContainerManager (StorageContainerManager.java:stop(1695)) - Stopping SCM LayoutVersionManager Service.
2024-09-10 16:46:53,215 [main] INFO  server.StorageContainerManager (StorageContainerManager.java:stop(1707)) - Stopping Block Manager Service.
2024-09-10 16:46:53,216 [main] INFO  utils.BackgroundService (BackgroundService.java:shutdown(163)) - Shutting down service SCMBlockDeletingService
2024-09-10 16:46:53,216 [main] INFO  utils.BackgroundService (BackgroundService.java:shutdown(163)) - Shutting down service SCMBlockDeletingService
2024-09-10 16:46:53,216 [main] INFO  server.StorageContainerManager (StorageContainerManager.java:stop(1732)) - Stopping SCM Event Queue.
2024-09-10 16:46:53,217 [JvmPauseMonitor21] INFO  util.JvmPauseMonitor (JvmPauseMonitor.java:run(152)) - JvmPauseMonitor-c3e17e41-90f6-44ff-895a-dd1dfb1dc7c6: Stopped
2024-09-10 16:46:53,217 [main] INFO  server.StorageContainerManager (StorageContainerManager.java:stop(1743)) - Stopping SCM HA services.
2024-09-10 16:46:53,218 [main] INFO  pipeline.BackgroundPipelineCreator (BackgroundPipelineCreator.java:stop(152)) - Stopping RatisPipelineUtilsThread.
2024-09-10 16:46:53,218 [RatisPipelineUtilsThread-0] WARN  pipeline.BackgroundPipelineCreator (BackgroundPipelineCreator.java:run(183)) - RatisPipelineUtilsThread is interrupted.
2024-09-10 16:46:53,218 [main] INFO  BackgroundPipelineScrubber (BackgroundSCMService.java:stop(128)) - Stopping BackgroundPipelineScrubber Service.
2024-09-10 16:46:53,218 [BackgroundPipelineScrubber] WARN  BackgroundPipelineScrubber (BackgroundSCMService.java:run(112)) - BackgroundPipelineScrubber is interrupted, exit
2024-09-10 16:46:53,219 [main] INFO  impl.MetricsSystemImpl (MetricsSystemImpl.java:stop(210)) - Stopping HddsDatanode metrics system...
2024-09-10 16:46:53,220 [prometheus] INFO  impl.MetricsSinkAdapter (MetricsSinkAdapter.java:publishMetricsFromQueue(141)) - prometheus thread interrupted.
2024-09-10 16:46:53,220 [main] INFO  impl.MetricsSystemImpl (MetricsSystemImpl.java:stop(216)) - HddsDatanode metrics system stopped.
2024-09-10 16:46:53,221 [main] WARN  pipeline.BackgroundPipelineCreator (BackgroundPipelineCreator.java:stop(148)) - RatisPipelineUtilsThread is not running, just ignore.
2024-09-10 16:46:53,221 [main] INFO  BackgroundPipelineScrubber (BackgroundSCMService.java:stop(123)) - BackgroundPipelineScrubber Service is not running, skip stop.
2024-09-10 16:46:53,221 [main] INFO  ExpiredContainerReplicaOpScrubber (BackgroundSCMService.java:stop(128)) - Stopping ExpiredContainerReplicaOpScrubber Service.
2024-09-10 16:46:53,221 [ExpiredContainerReplicaOpScrubber] WARN  ExpiredContainerReplicaOpScrubber (BackgroundSCMService.java:run(112)) - ExpiredContainerReplicaOpScrubber is interrupted, exit
2024-09-10 16:46:53,221 [main] INFO  utils.BackgroundService (BackgroundService.java:shutdown(163)) - Shutting down service SCMBlockDeletingService
2024-09-10 16:46:53,221 [main] INFO  replication.ReplicationManager (ReplicationManager.java:stop(339)) - Replication Monitor Thread is not running.
2024-09-10 16:46:53,221 [main] WARN  balancer.ContainerBalancer (ContainerBalancer.java:stop(349)) - Cannot stop Container Balancer because it's not running or stopping
2024-09-10 16:46:53,222 [main] INFO  server.StorageContainerManager (StorageContainerManager.java:stop(1778)) - Stopping SCM MetadataStore.
]]></system-out>
  </testcase>
  <testcase name="testDatanodeFailureWithPreAllocation(boolean, boolean)[1]" classname="org.apache.hadoop.ozone.client.rpc.TestBlockOutputStreamWithFailures" time="66.559"/>
  <testcase name="testDatanodeFailureWithPreAllocation(boolean, boolean)[2]" classname="org.apache.hadoop.ozone.client.rpc.TestBlockOutputStreamWithFailures" time="70.993"/>
  <testcase name="testDatanodeFailureWithPreAllocation(boolean, boolean)[3]" classname="org.apache.hadoop.ozone.client.rpc.TestBlockOutputStreamWithFailures" time="58.518"/>
  <testcase name="testDatanodeFailureWithPreAllocation(boolean, boolean)[4]" classname="org.apache.hadoop.ozone.client.rpc.TestBlockOutputStreamWithFailures" time="72.462"/>
  <testcase name="testContainerClose(boolean, boolean)[1]" classname="org.apache.hadoop.ozone.client.rpc.TestBlockOutputStreamWithFailures" time="30.521"/>
  <testcase name="testContainerClose(boolean, boolean)[2]" classname="org.apache.hadoop.ozone.client.rpc.TestBlockOutputStreamWithFailures" time="30.66"/>
  <testcase name="testContainerClose(boolean, boolean)[3]" classname="org.apache.hadoop.ozone.client.rpc.TestBlockOutputStreamWithFailures" time="31.175"/>
  <testcase name="testContainerClose(boolean, boolean)[4]" classname="org.apache.hadoop.ozone.client.rpc.TestBlockOutputStreamWithFailures" time="35.991"/>
</testsuite>