<?xml version="1.0" encoding="UTF-8"?>
<testsuite xmlns:xsi="http://www.w3.org/2001/XMLSchema-instance" xsi:noNamespaceSchemaLocation="https://maven.apache.org/surefire/maven-surefire-plugin/xsd/surefire-test-report.xsd" name="org.apache.hadoop.ozone.scm.TestSCMInstallSnapshotWithHA" time="181.631" tests="3" errors="1" skipped="0" failures="0">
  <properties>
    <property name="awt.toolkit" value="sun.awt.X11.XToolkit"/>
    <property name="file.encoding.pkg" value="sun.io"/>
    <property name="java.specification.version" value="1.8"/>
    <property name="sun.cpu.isalist" value=""/>
    <property name="sun.jnu.encoding" value="UTF-8"/>
    <property name="java.class.path" value="/home/runner/work/ozone/ozone/hadoop-ozone/integration-test/target/test-classes:/home/runner/work/ozone/ozone/hadoop-ozone/integration-test/target/classes:/home/runner/.m2/repository/org/apache/ozone/ozone-common/1.2.0-SNAPSHOT/ozone-common-1.2.0-SNAPSHOT.jar:/home/runner/.m2/repository/org/apache/commons/commons-compress/1.21/commons-compress-1.21.jar:/home/runner/.m2/repository/org/apache/ozone/hdds-common/1.2.0-SNAPSHOT/hdds-common-1.2.0-SNAPSHOT.jar:/home/runner/.m2/repository/org/apache/ozone/hdds-client/1.2.0-SNAPSHOT/hdds-client-1.2.0-SNAPSHOT.jar:/home/runner/.m2/repository/org/apache/ozone/ozone-interface-client/1.2.0-SNAPSHOT/ozone-interface-client-1.2.0-SNAPSHOT.jar:/home/runner/.m2/repository/org/apache/ozone/hdds-test-utils/1.2.0-SNAPSHOT/hdds-test-utils-1.2.0-SNAPSHOT.jar:/home/runner/.m2/repository/com/google/guava/guava/30.1.1-jre/guava-30.1.1-jre.jar:/home/runner/.m2/repository/com/google/guava/failureaccess/1.0.1/failureaccess-1.0.1.jar:/home/runner/.m2/repository/com/google/guava/listenablefuture/9999.0-empty-to-avoid-conflict-with-guava/listenablefuture-9999.0-empty-to-avoid-conflict-with-guava.jar:/home/runner/.m2/repository/com/google/code/findbugs/jsr305/3.0.0/jsr305-3.0.0.jar:/home/runner/.m2/repository/org/checkerframework/checker-qual/3.8.0/checker-qual-3.8.0.jar:/home/runner/.m2/repository/com/google/errorprone/error_prone_annotations/2.2.0/error_prone_annotations-2.2.0.jar:/home/runner/.m2/repository/com/google/j2objc/j2objc-annotations/1.3/j2objc-annotations-1.3.jar:/home/runner/.m2/repository/commons-io/commons-io/2.11.0/commons-io-2.11.0.jar:/home/runner/.m2/repository/commons-logging/commons-logging/1.2/commons-logging-1.2.jar:/home/runner/.m2/repository/log4j/log4j/1.2.17/log4j-1.2.17.jar:/home/runner/.m2/repository/org/slf4j/slf4j-api/1.7.30/slf4j-api-1.7.30.jar:/home/runner/.m2/repository/org/apache/ozone/hdds-server-scm/1.2.0-SNAPSHOT/hdds-server-scm-1.2.0-SNAPSHOT.jar:/home/runner/.m2/repository/org/apache/ozone/hdds-container-service/1.2.0-SNAPSHOT/hdds-container-service-1.2.0-SNAPSHOT.jar:/home/runner/.m2/repository/org/apache/ozone/hdds-hadoop-dependency-server/1.2.0-SNAPSHOT/hdds-hadoop-dependency-server-1.2.0-SNAPSHOT.jar:/home/runner/.m2/repository/org/apache/hadoop/hadoop-hdfs/3.3.1/hadoop-hdfs-3.3.1.jar:/home/runner/.m2/repository/org/apache/ozone/hdds-server-framework/1.2.0-SNAPSHOT/hdds-server-framework-1.2.0-SNAPSHOT.jar:/home/runner/.m2/repository/org/apache/ozone/hdds-interface-server/1.2.0-SNAPSHOT/hdds-interface-server-1.2.0-SNAPSHOT.jar:/home/runner/.m2/repository/org/eclipse/jetty/jetty-servlet/9.4.43.v20210629/jetty-servlet-9.4.43.v20210629.jar:/home/runner/.m2/repository/org/eclipse/jetty/jetty-security/9.4.43.v20210629/jetty-security-9.4.43.v20210629.jar:/home/runner/.m2/repository/org/rocksdb/rocksdbjni/6.25.3/rocksdbjni-6.25.3.jar:/home/runner/.m2/repository/io/prometheus/simpleclient_dropwizard/0.7.0/simpleclient_dropwizard-0.7.0.jar:/home/runner/.m2/repository/io/prometheus/simpleclient/0.7.0/simpleclient-0.7.0.jar:/home/runner/.m2/repository/io/prometheus/simpleclient_common/0.7.0/simpleclient_common-0.7.0.jar:/home/runner/.m2/repository/com/fasterxml/jackson/datatype/jackson-datatype-jsr310/2.12.1/jackson-datatype-jsr310-2.12.1.jar:/home/runner/.m2/repository/io/dropwizard/metrics/metrics-core/3.2.4/metrics-core-3.2.4.jar:/home/runner/.m2/repository/org/apache/hadoop/hadoop-hdfs-client/3.3.1/hadoop-hdfs-client-3.3.1.jar:/home/runner/.m2/repository/org/bouncycastle/bcprov-jdk15on/1.67/bcprov-jdk15on-1.67.jar:/home/runner/.m2/repository/com/google/protobuf/protobuf-java/2.5.0/protobuf-java-2.5.0.jar:/home/runner/.m2/repository/org/apache/ozone/ozone-manager/1.2.0-SNAPSHOT/ozone-manager-1.2.0-SNAPSHOT.jar:/home/runner/.m2/repository/org/aspectj/aspectjrt/1.9.7/aspectjrt-1.9.7.jar:/home/runner/.m2/repository/org/aspectj/aspectjweaver/1.9.7/aspectjweaver-1.9.7.jar:/home/runner/.m2/repository/org/apache/ozone/hdds-interface-client/1.2.0-SNAPSHOT/hdds-interface-client-1.2.0-SNAPSHOT.jar:/home/runner/.m2/repository/org/apache/hadoop/thirdparty/hadoop-shaded-protobuf_3_7/1.1.1/hadoop-shaded-protobuf_3_7-1.1.1.jar:/home/runner/.m2/repository/org/apache/ozone/ozone-interface-storage/1.2.0-SNAPSHOT/ozone-interface-storage-1.2.0-SNAPSHOT.jar:/home/runner/.m2/repository/org/reflections/reflections/0.9.11/reflections-0.9.11.jar:/home/runner/.m2/repository/org/apache/hadoop/hadoop-minikdc/3.3.1/hadoop-minikdc-3.3.1.jar:/home/runner/.m2/repository/org/apache/kerby/kerb-simplekdc/1.0.1/kerb-simplekdc-1.0.1.jar:/home/runner/.m2/repository/org/apache/kerby/kerb-client/1.0.1/kerb-client-1.0.1.jar:/home/runner/.m2/repository/org/apache/kerby/kerby-config/1.0.1/kerby-config-1.0.1.jar:/home/runner/.m2/repository/org/apache/kerby/kerb-common/1.0.1/kerb-common-1.0.1.jar:/home/runner/.m2/repository/org/apache/kerby/kerb-crypto/1.0.1/kerb-crypto-1.0.1.jar:/home/runner/.m2/repository/org/apache/kerby/kerb-util/1.0.1/kerb-util-1.0.1.jar:/home/runner/.m2/repository/org/apache/kerby/token-provider/1.0.1/token-provider-1.0.1.jar:/home/runner/.m2/repository/org/apache/kerby/kerb-admin/1.0.1/kerb-admin-1.0.1.jar:/home/runner/.m2/repository/org/apache/kerby/kerb-server/1.0.1/kerb-server-1.0.1.jar:/home/runner/.m2/repository/org/apache/kerby/kerb-identity/1.0.1/kerb-identity-1.0.1.jar:/home/runner/.m2/repository/org/apache/kerby/kerby-xdr/1.0.1/kerby-xdr-1.0.1.jar:/home/runner/.m2/repository/org/slf4j/slf4j-log4j12/1.7.30/slf4j-log4j12-1.7.30.jar:/home/runner/.m2/repository/org/apache/ozone/ozone-s3gateway/1.2.0-SNAPSHOT/ozone-s3gateway-1.2.0-SNAPSHOT.jar:/home/runner/.m2/repository/org/javassist/javassist/3.21.0-GA/javassist-3.21.0-GA.jar:/home/runner/.m2/repository/org/jboss/weld/servlet/weld-servlet/2.4.7.Final/weld-servlet-2.4.7.Final.jar:/home/runner/.m2/repository/org/glassfish/jersey/containers/jersey-container-servlet-core/2.33/jersey-container-servlet-core-2.33.jar:/home/runner/.m2/repository/org/glassfish/hk2/external/jakarta.inject/2.6.1/jakarta.inject-2.6.1.jar:/home/runner/.m2/repository/org/glassfish/jersey/core/jersey-common/2.33/jersey-common-2.33.jar:/home/runner/.m2/repository/jakarta/ws/rs/jakarta.ws.rs-api/2.1.6/jakarta.ws.rs-api-2.1.6.jar:/home/runner/.m2/repository/org/glassfish/jersey/ext/cdi/jersey-cdi1x/2.33/jersey-cdi1x-2.33.jar:/home/runner/.m2/repository/org/glassfish/jersey/inject/jersey-hk2/2.33/jersey-hk2-2.33.jar:/home/runner/.m2/repository/org/glassfish/hk2/hk2-locator/2.6.1/hk2-locator-2.6.1.jar:/home/runner/.m2/repository/org/glassfish/jersey/media/jersey-media-jaxb/2.33/jersey-media-jaxb-2.33.jar:/home/runner/.m2/repository/org/glassfish/hk2/osgi-resource-locator/1.0.3/osgi-resource-locator-1.0.3.jar:/home/runner/.m2/repository/org/glassfish/hk2/hk2-api/2.5.0/hk2-api-2.5.0.jar:/home/runner/.m2/repository/org/glassfish/hk2/hk2-utils/2.5.0/hk2-utils-2.5.0.jar:/home/runner/.m2/repository/org/glassfish/hk2/external/aopalliance-repackaged/2.5.0/aopalliance-repackaged-2.5.0.jar:/home/runner/.m2/repository/com/fasterxml/jackson/dataformat/jackson-dataformat-xml/2.12.1/jackson-dataformat-xml-2.12.1.jar:/home/runner/.m2/repository/com/fasterxml/jackson/core/jackson-core/2.12.1/jackson-core-2.12.1.jar:/home/runner/.m2/repository/com/fasterxml/jackson/module/jackson-module-jaxb-annotations/2.12.1/jackson-module-jaxb-annotations-2.12.1.jar:/home/runner/.m2/repository/jakarta/xml/bind/jakarta.xml.bind-api/2.3.2/jakarta.xml.bind-api-2.3.2.jar:/home/runner/.m2/repository/org/codehaus/woodstox/stax2-api/3.1.4/stax2-api-3.1.4.jar:/home/runner/.m2/repository/com/fasterxml/woodstox/woodstox-core/5.0.3/woodstox-core-5.0.3.jar:/home/runner/.m2/repository/javax/enterprise/cdi-api/1.2/cdi-api-1.2.jar:/home/runner/.m2/repository/javax/el/javax.el-api/3.0.0/javax.el-api-3.0.0.jar:/home/runner/.m2/repository/javax/interceptor/javax.interceptor-api/1.2/javax.interceptor-api-1.2.jar:/home/runner/.m2/repository/javax/inject/javax.inject/1/javax.inject-1.jar:/home/runner/.m2/repository/javax/xml/bind/jaxb-api/2.3.0/jaxb-api-2.3.0.jar:/home/runner/.m2/repository/org/glassfish/jaxb/jaxb-runtime/2.3.0.1/jaxb-runtime-2.3.0.1.jar:/home/runner/.m2/repository/org/glassfish/jaxb/jaxb-core/2.3.0.1/jaxb-core-2.3.0.1.jar:/home/runner/.m2/repository/org/glassfish/jaxb/txw2/2.3.0.1/txw2-2.3.0.1.jar:/home/runner/.m2/repository/com/sun/istack/istack-commons-runtime/3.0.5/istack-commons-runtime-3.0.5.jar:/home/runner/.m2/repository/org/jvnet/staxex/stax-ex/1.7.8/stax-ex-1.7.8.jar:/home/runner/.m2/repository/com/sun/xml/fastinfoset/FastInfoset/1.2.13/FastInfoset-1.2.13.jar:/home/runner/.m2/repository/javax/activation/activation/1.1.1/activation-1.1.1.jar:/home/runner/.m2/repository/org/apache/ozone/ozone-csi/1.2.0-SNAPSHOT/ozone-csi-1.2.0-SNAPSHOT.jar:/home/runner/.m2/repository/com/google/protobuf/protobuf-java-util/3.12.0/protobuf-java-util-3.12.0.jar:/home/runner/.m2/repository/com/google/code/gson/gson/2.2.4/gson-2.2.4.jar:/home/runner/.m2/repository/org/apache/ozone/hdds-config/1.2.0-SNAPSHOT/hdds-config-1.2.0-SNAPSHOT.jar:/home/runner/.m2/repository/io/grpc/grpc-netty/1.33.0/grpc-netty-1.33.0.jar:/home/runner/.m2/repository/io/grpc/grpc-core/1.33.0/grpc-core-1.33.0.jar:/home/runner/.m2/repository/com/google/android/annotations/4.1.1.4/annotations-4.1.1.4.jar:/home/runner/.m2/repository/io/netty/netty-codec-http2/4.1.63.Final/netty-codec-http2-4.1.63.Final.jar:/home/runner/.m2/repository/io/netty/netty-codec-http/4.1.63.Final/netty-codec-http-4.1.63.Final.jar:/home/runner/.m2/repository/io/netty/netty-handler-proxy/4.1.63.Final/netty-handler-proxy-4.1.63.Final.jar:/home/runner/.m2/repository/io/netty/netty-codec-socks/4.1.63.Final/netty-codec-socks-4.1.63.Final.jar:/home/runner/.m2/repository/io/perfmark/perfmark-api/0.19.0/perfmark-api-0.19.0.jar:/home/runner/.m2/repository/org/codehaus/mojo/animal-sniffer-annotations/1.18/animal-sniffer-annotations-1.18.jar:/home/runner/.m2/repository/io/netty/netty-transport-native-epoll/4.1.63.Final/netty-transport-native-epoll-4.1.63.Final.jar:/home/runner/.m2/repository/io/netty/netty-common/4.1.63.Final/netty-common-4.1.63.Final.jar:/home/runner/.m2/repository/io/netty/netty-buffer/4.1.63.Final/netty-buffer-4.1.63.Final.jar:/home/runner/.m2/repository/io/netty/netty-transport-native-unix-common/4.1.63.Final/netty-transport-native-unix-common-4.1.63.Final.jar:/home/runner/.m2/repository/io/grpc/grpc-protobuf/1.33.0/grpc-protobuf-1.33.0.jar:/home/runner/.m2/repository/io/grpc/grpc-api/1.33.0/grpc-api-1.33.0.jar:/home/runner/.m2/repository/io/grpc/grpc-context/1.33.0/grpc-context-1.33.0.jar:/home/runner/.m2/repository/com/google/api/grpc/proto-google-common-protos/1.17.0/proto-google-common-protos-1.17.0.jar:/home/runner/.m2/repository/io/grpc/grpc-protobuf-lite/1.33.0/grpc-protobuf-lite-1.33.0.jar:/home/runner/.m2/repository/io/grpc/grpc-stub/1.33.0/grpc-stub-1.33.0.jar:/home/runner/.m2/repository/org/apache/ozone/ozone-recon/1.2.0-SNAPSHOT/ozone-recon-1.2.0-SNAPSHOT.jar:/home/runner/.m2/repository/org/apache/ozone/ozone-reconcodegen/1.2.0-SNAPSHOT/ozone-reconcodegen-1.2.0-SNAPSHOT.jar:/home/runner/.m2/repository/com/google/inject/extensions/guice-multibindings/4.0/guice-multibindings-4.0.jar:/home/runner/.m2/repository/com/google/inject/guice/4.0/guice-4.0.jar:/home/runner/.m2/repository/aopalliance/aopalliance/1.0/aopalliance-1.0.jar:/home/runner/.m2/repository/com/google/inject/extensions/guice-assistedinject/4.0/guice-assistedinject-4.0.jar:/home/runner/.m2/repository/com/google/inject/extensions/guice-servlet/4.0/guice-servlet-4.0.jar:/home/runner/.m2/repository/org/glassfish/jersey/containers/jersey-container-servlet/2.33/jersey-container-servlet-2.33.jar:/home/runner/.m2/repository/org/glassfish/hk2/guice-bridge/2.5.0/guice-bridge-2.5.0.jar:/home/runner/.m2/repository/org/glassfish/jersey/core/jersey-server/2.33/jersey-server-2.33.jar:/home/runner/.m2/repository/org/glassfish/jersey/core/jersey-client/2.33/jersey-client-2.33.jar:/home/runner/.m2/repository/jakarta/annotation/jakarta.annotation-api/1.3.5/jakarta.annotation-api-1.3.5.jar:/home/runner/.m2/repository/jakarta/validation/jakarta.validation-api/2.0.2/jakarta.validation-api-2.0.2.jar:/home/runner/.m2/repository/org/glassfish/jersey/media/jersey-media-json-jackson/2.33/jersey-media-json-jackson-2.33.jar:/home/runner/.m2/repository/org/glassfish/jersey/ext/jersey-entity-filtering/2.33/jersey-entity-filtering-2.33.jar:/home/runner/.m2/repository/org/jooq/jooq/3.11.10/jooq-3.11.10.jar:/home/runner/.m2/repository/org/jooq/jooq-meta/3.11.10/jooq-meta-3.11.10.jar:/home/runner/.m2/repository/org/jooq/jooq-codegen/3.11.10/jooq-codegen-3.11.10.jar:/home/runner/.m2/repository/com/jolbox/bonecp/0.8.0.RELEASE/bonecp-0.8.0.RELEASE.jar:/home/runner/.m2/repository/org/apache/derby/derby/10.14.2.0/derby-10.14.2.0.jar:/home/runner/.m2/repository/org/xerial/sqlite-jdbc/3.25.2/sqlite-jdbc-3.25.2.jar:/home/runner/.m2/repository/org/springframework/spring-jdbc/5.2.18.RELEASE/spring-jdbc-5.2.18.RELEASE.jar:/home/runner/.m2/repository/org/springframework/spring-beans/5.2.18.RELEASE/spring-beans-5.2.18.RELEASE.jar:/home/runner/.m2/repository/org/springframework/spring-core/5.2.18.RELEASE/spring-core-5.2.18.RELEASE.jar:/home/runner/.m2/repository/org/springframework/spring-jcl/5.2.18.RELEASE/spring-jcl-5.2.18.RELEASE.jar:/home/runner/.m2/repository/org/springframework/spring-tx/5.2.18.RELEASE/spring-tx-5.2.18.RELEASE.jar:/home/runner/.m2/repository/org/apache/ozone/ozone-client/1.2.0-SNAPSHOT/ozone-client-1.2.0-SNAPSHOT.jar:/home/runner/.m2/repository/org/apache/ozone/ozone-filesystem/1.2.0-SNAPSHOT/ozone-filesystem-1.2.0-SNAPSHOT.jar:/home/runner/.m2/repository/org/apache/ozone/ozone-filesystem-common/1.2.0-SNAPSHOT/ozone-filesystem-common-1.2.0-SNAPSHOT.jar:/home/runner/.m2/repository/org/apache/ozone/ozone-tools/1.2.0-SNAPSHOT/ozone-tools-1.2.0-SNAPSHOT.jar:/home/runner/.m2/repository/org/apache/ratis/ratis-tools/2.2.0/ratis-tools-2.2.0.jar:/home/runner/.m2/repository/com/amazonaws/aws-java-sdk-core/1.11.1034/aws-java-sdk-core-1.11.1034.jar:/home/runner/.m2/repository/org/apache/httpcomponents/httpclient/4.5.13/httpclient-4.5.13.jar:/home/runner/.m2/repository/org/apache/httpcomponents/httpcore/4.4.13/httpcore-4.4.13.jar:/home/runner/.m2/repository/software/amazon/ion/ion-java/1.0.2/ion-java-1.0.2.jar:/home/runner/.m2/repository/com/fasterxml/jackson/dataformat/jackson-dataformat-cbor/2.12.1/jackson-dataformat-cbor-2.12.1.jar:/home/runner/.m2/repository/joda-time/joda-time/2.8.1/joda-time-2.8.1.jar:/home/runner/.m2/repository/com/amazonaws/aws-java-sdk-s3/1.11.1034/aws-java-sdk-s3-1.11.1034.jar:/home/runner/.m2/repository/com/amazonaws/aws-java-sdk-kms/1.11.1034/aws-java-sdk-kms-1.11.1034.jar:/home/runner/.m2/repository/com/amazonaws/jmespath-java/1.11.1034/jmespath-java-1.11.1034.jar:/home/runner/.m2/repository/org/kohsuke/metainf-services/metainf-services/1.8/metainf-services-1.8.jar:/home/runner/.m2/repository/org/apache/ozone/hdds-tools/1.2.0-SNAPSHOT/hdds-tools-1.2.0-SNAPSHOT.jar:/home/runner/.m2/repository/commons-cli/commons-cli/1.2/commons-cli-1.2.jar:/home/runner/.m2/repository/org/apache/commons/commons-lang3/3.7/commons-lang3-3.7.jar:/home/runner/.m2/repository/org/apache/ozone/ozone-manager/1.2.0-SNAPSHOT/ozone-manager-1.2.0-SNAPSHOT-tests.jar:/home/runner/.m2/repository/org/apache/ozone/hdds-common/1.2.0-SNAPSHOT/hdds-common-1.2.0-SNAPSHOT-tests.jar:/home/runner/.m2/repository/org/apache/ozone/hdds-hadoop-dependency-client/1.2.0-SNAPSHOT/hdds-hadoop-dependency-client-1.2.0-SNAPSHOT.jar:/home/runner/.m2/repository/info/picocli/picocli/4.6.1/picocli-4.6.1.jar:/home/runner/.m2/repository/com/fasterxml/jackson/core/jackson-annotations/2.12.1/jackson-annotations-2.12.1.jar:/home/runner/.m2/repository/javax/annotation/javax.annotation-api/1.2/javax.annotation-api-1.2.jar:/home/runner/.m2/repository/org/apache/ratis/ratis-server/2.2.0/ratis-server-2.2.0.jar:/home/runner/.m2/repository/org/apache/ratis/ratis-client/2.2.0/ratis-client-2.2.0.jar:/home/runner/.m2/repository/org/apache/ratis/ratis-server-api/2.2.0/ratis-server-api-2.2.0.jar:/home/runner/.m2/repository/org/apache/ratis/ratis-metrics/2.2.0/ratis-metrics-2.2.0.jar:/home/runner/.m2/repository/org/apache/ratis/ratis-netty/2.2.0/ratis-netty-2.2.0.jar:/home/runner/.m2/repository/org/apache/ratis/ratis-grpc/2.2.0/ratis-grpc-2.2.0.jar:/home/runner/.m2/repository/org/apache/logging/log4j/log4j-api/2.13.3/log4j-api-2.13.3.jar:/home/runner/.m2/repository/org/apache/logging/log4j/log4j-core/2.13.3/log4j-core-2.13.3.jar:/home/runner/.m2/repository/com/lmax/disruptor/3.4.2/disruptor-3.4.2.jar:/home/runner/.m2/repository/org/apache/commons/commons-pool2/2.6.0/commons-pool2-2.6.0.jar:/home/runner/.m2/repository/org/bouncycastle/bcpkix-jdk15on/1.67/bcpkix-jdk15on-1.67.jar:/home/runner/.m2/repository/commons-validator/commons-validator/1.6/commons-validator-1.6.jar:/home/runner/.m2/repository/commons-beanutils/commons-beanutils/1.9.4/commons-beanutils-1.9.4.jar:/home/runner/.m2/repository/commons-digester/commons-digester/1.8.1/commons-digester-1.8.1.jar:/home/runner/.m2/repository/commons-collections/commons-collections/3.2.2/commons-collections-3.2.2.jar:/home/runner/.m2/repository/io/jaegertracing/jaeger-client/1.6.0/jaeger-client-1.6.0.jar:/home/runner/.m2/repository/io/jaegertracing/jaeger-thrift/1.6.0/jaeger-thrift-1.6.0.jar:/home/runner/.m2/repository/org/apache/thrift/libthrift/0.14.1/libthrift-0.14.1.jar:/home/runner/.m2/repository/com/squareup/okhttp3/okhttp/4.9.0/okhttp-4.9.0.jar:/home/runner/.m2/repository/com/squareup/okio/okio/2.8.0/okio-2.8.0.jar:/home/runner/.m2/repository/io/jaegertracing/jaeger-core/1.6.0/jaeger-core-1.6.0.jar:/home/runner/.m2/repository/io/jaegertracing/jaeger-tracerresolver/1.6.0/jaeger-tracerresolver-1.6.0.jar:/home/runner/.m2/repository/io/opentracing/contrib/opentracing-tracerresolver/0.1.8/opentracing-tracerresolver-0.1.8.jar:/home/runner/.m2/repository/org/jetbrains/kotlin/kotlin-stdlib/1.4.31/kotlin-stdlib-1.4.31.jar:/home/runner/.m2/repository/org/jetbrains/kotlin/kotlin-stdlib-common/1.4.31/kotlin-stdlib-common-1.4.31.jar:/home/runner/.m2/repository/org/jetbrains/annotations/13.0/annotations-13.0.jar:/home/runner/.m2/repository/io/opentracing/opentracing-util/0.33.0/opentracing-util-0.33.0.jar:/home/runner/.m2/repository/io/opentracing/opentracing-api/0.33.0/opentracing-api-0.33.0.jar:/home/runner/.m2/repository/io/opentracing/opentracing-noop/0.33.0/opentracing-noop-0.33.0.jar:/home/runner/.m2/repository/org/yaml/snakeyaml/1.26/snakeyaml-1.26.jar:/home/runner/.m2/repository/org/apache/ozone/hdds-interface-admin/1.2.0-SNAPSHOT/hdds-interface-admin-1.2.0-SNAPSHOT.jar:/home/runner/.m2/repository/junit/junit/4.13.1/junit-4.13.1.jar:/home/runner/.m2/repository/org/hamcrest/hamcrest-core/1.3/hamcrest-core-1.3.jar:/home/runner/.m2/repository/org/junit/jupiter/junit-jupiter-api/5.7.0/junit-jupiter-api-5.7.0.jar:/home/runner/.m2/repository/org/apiguardian/apiguardian-api/1.1.0/apiguardian-api-1.1.0.jar:/home/runner/.m2/repository/org/opentest4j/opentest4j/1.2.0/opentest4j-1.2.0.jar:/home/runner/.m2/repository/org/junit/platform/junit-platform-commons/1.7.0/junit-platform-commons-1.7.0.jar:/home/runner/.m2/repository/org/junit/jupiter/junit-jupiter-engine/5.7.0/junit-jupiter-engine-5.7.0.jar:/home/runner/.m2/repository/org/junit/platform/junit-platform-engine/1.7.0/junit-platform-engine-1.7.0.jar:/home/runner/.m2/repository/org/junit/vintage/junit-vintage-engine/5.7.0/junit-vintage-engine-5.7.0.jar:/home/runner/.m2/repository/org/junit/platform/junit-platform-launcher/1.7.0/junit-platform-launcher-1.7.0.jar:/home/runner/.m2/repository/org/openjdk/jmh/jmh-core/1.19/jmh-core-1.19.jar:/home/runner/.m2/repository/net/sf/jopt-simple/jopt-simple/4.6/jopt-simple-4.6.jar:/home/runner/.m2/repository/org/apache/commons/commons-math3/3.1.1/commons-math3-3.1.1.jar:/home/runner/.m2/repository/org/openjdk/jmh/jmh-generator-annprocess/1.19/jmh-generator-annprocess-1.19.jar:/home/runner/.m2/repository/org/mockito/mockito-core/2.28.2/mockito-core-2.28.2.jar:/home/runner/.m2/repository/net/bytebuddy/byte-buddy/1.9.10/byte-buddy-1.9.10.jar:/home/runner/.m2/repository/net/bytebuddy/byte-buddy-agent/1.9.10/byte-buddy-agent-1.9.10.jar:/home/runner/.m2/repository/org/objenesis/objenesis/1.0/objenesis-1.0.jar:/home/runner/.m2/repository/org/apache/hadoop/hadoop-kms/3.3.1/hadoop-kms-3.3.1.jar:/home/runner/.m2/repository/org/apache/hadoop/hadoop-auth/3.3.1/hadoop-auth-3.3.1.jar:/home/runner/.m2/repository/com/nimbusds/nimbus-jose-jwt/7.9/nimbus-jose-jwt-7.9.jar:/home/runner/.m2/repository/com/github/stephenc/jcip/jcip-annotations/1.0-1/jcip-annotations-1.0-1.jar:/home/runner/.m2/repository/net/minidev/json-smart/2.3.1/json-smart-2.3.1.jar:/home/runner/.m2/repository/net/minidev/accessors-smart/2.3.1/accessors-smart-2.3.1.jar:/home/runner/.m2/repository/org/ow2/asm/asm/5.0.4/asm-5.0.4.jar:/home/runner/.m2/repository/org/apache/zookeeper/zookeeper/3.5.6/zookeeper-3.5.6.jar:/home/runner/.m2/repository/org/apache/zookeeper/zookeeper-jute/3.5.6/zookeeper-jute-3.5.6.jar:/home/runner/.m2/repository/org/apache/yetus/audience-annotations/0.5.0/audience-annotations-0.5.0.jar:/home/runner/.m2/repository/org/apache/curator/curator-framework/4.2.0/curator-framework-4.2.0.jar:/home/runner/.m2/repository/org/apache/hadoop/thirdparty/hadoop-shaded-guava/1.1.1/hadoop-shaded-guava-1.1.1.jar:/home/runner/.m2/repository/com/sun/jersey/jersey-core/1.19/jersey-core-1.19.jar:/home/runner/.m2/repository/javax/ws/rs/jsr311-api/1.1.1/jsr311-api-1.1.1.jar:/home/runner/.m2/repository/com/sun/jersey/jersey-server/1.19/jersey-server-1.19.jar:/home/runner/.m2/repository/javax/servlet/javax.servlet-api/3.1.0/javax.servlet-api-3.1.0.jar:/home/runner/.m2/repository/org/eclipse/jetty/jetty-server/9.4.43.v20210629/jetty-server-9.4.43.v20210629.jar:/home/runner/.m2/repository/org/eclipse/jetty/jetty-http/9.4.43.v20210629/jetty-http-9.4.43.v20210629.jar:/home/runner/.m2/repository/org/eclipse/jetty/jetty-io/9.4.43.v20210629/jetty-io-9.4.43.v20210629.jar:/home/runner/.m2/repository/org/eclipse/jetty/jetty-webapp/9.4.43.v20210629/jetty-webapp-9.4.43.v20210629.jar:/home/runner/.m2/repository/org/eclipse/jetty/jetty-xml/9.4.43.v20210629/jetty-xml-9.4.43.v20210629.jar:/home/runner/.m2/repository/org/apache/hadoop/hadoop-common/3.3.1/hadoop-common-3.3.1.jar:/home/runner/.m2/repository/commons-net/commons-net/3.6/commons-net-3.6.jar:/home/runner/.m2/repository/jakarta/activation/jakarta.activation-api/1.2.1/jakarta.activation-api-1.2.1.jar:/home/runner/.m2/repository/com/sun/jersey/jersey-servlet/1.19/jersey-servlet-1.19.jar:/home/runner/.m2/repository/com/sun/jersey/jersey-json/1.19/jersey-json-1.19.jar:/home/runner/.m2/repository/org/codehaus/jettison/jettison/1.1/jettison-1.1.jar:/home/runner/.m2/repository/com/sun/xml/bind/jaxb-impl/2.2.3-1/jaxb-impl-2.2.3-1.jar:/home/runner/.m2/repository/org/codehaus/jackson/jackson-jaxrs/1.9.2/jackson-jaxrs-1.9.2.jar:/home/runner/.m2/repository/org/codehaus/jackson/jackson-xc/1.9.2/jackson-xc-1.9.2.jar:/home/runner/.m2/repository/org/apache/commons/commons-configuration2/2.1.1/commons-configuration2-2.1.1.jar:/home/runner/.m2/repository/org/apache/commons/commons-text/1.4/commons-text-1.4.jar:/home/runner/.m2/repository/com/google/re2j/re2j/1.1/re2j-1.1.jar:/home/runner/.m2/repository/com/jcraft/jsch/0.1.54/jsch-0.1.54.jar:/home/runner/.m2/repository/org/apache/curator/curator-client/4.2.0/curator-client-4.2.0.jar:/home/runner/.m2/repository/org/apache/curator/curator-recipes/4.2.0/curator-recipes-4.2.0.jar:/home/runner/.m2/repository/org/apache/kerby/kerb-core/1.0.1/kerb-core-1.0.1.jar:/home/runner/.m2/repository/org/apache/kerby/kerby-pkix/1.0.1/kerby-pkix-1.0.1.jar:/home/runner/.m2/repository/org/apache/kerby/kerby-asn1/1.0.1/kerby-asn1-1.0.1.jar:/home/runner/.m2/repository/org/apache/kerby/kerby-util/1.0.1/kerby-util-1.0.1.jar:/home/runner/.m2/repository/dnsjava/dnsjava/2.1.7/dnsjava-2.1.7.jar:/home/runner/.m2/repository/org/xerial/snappy/snappy-java/1.1.8.2/snappy-java-1.1.8.2.jar:/home/runner/.m2/repository/org/slf4j/jul-to-slf4j/1.7.30/jul-to-slf4j-1.7.30.jar:/home/runner/.m2/repository/org/eclipse/jetty/jetty-util/9.4.43.v20210629/jetty-util-9.4.43.v20210629.jar:/home/runner/.m2/repository/com/fasterxml/jackson/core/jackson-databind/2.12.1/jackson-databind-2.12.1.jar:/home/runner/.m2/repository/org/apache/hadoop/hadoop-kms/3.3.1/hadoop-kms-3.3.1-tests.jar:/home/runner/.m2/repository/org/apache/ozone/hdds-server-scm/1.2.0-SNAPSHOT/hdds-server-scm-1.2.0-SNAPSHOT-tests.jar:/home/runner/.m2/repository/org/apache/ozone/hdds-container-service/1.2.0-SNAPSHOT/hdds-container-service-1.2.0-SNAPSHOT-tests.jar:/home/runner/.m2/repository/commons-codec/commons-codec/1.11/commons-codec-1.11.jar:/home/runner/.m2/repository/io/netty/netty-transport/4.1.63.Final/netty-transport-4.1.63.Final.jar:/home/runner/.m2/repository/io/netty/netty-resolver/4.1.63.Final/netty-resolver-4.1.63.Final.jar:/home/runner/.m2/repository/io/netty/netty-codec/4.1.63.Final/netty-codec-4.1.63.Final.jar:/home/runner/.m2/repository/io/netty/netty-handler/4.1.63.Final/netty-handler-4.1.63.Final.jar:/home/runner/.m2/repository/org/apache/ozone/hdds-hadoop-dependency-test/1.2.0-SNAPSHOT/hdds-hadoop-dependency-test-1.2.0-SNAPSHOT.jar:/home/runner/.m2/repository/org/apache/hadoop/hadoop-common/3.3.1/hadoop-common-3.3.1-tests.jar:/home/runner/.m2/repository/org/assertj/assertj-core/3.12.2/assertj-core-3.12.2.jar:/home/runner/.m2/repository/org/apache/hadoop/hadoop-hdfs/3.3.1/hadoop-hdfs-3.3.1-tests.jar:/home/runner/.m2/repository/org/eclipse/jetty/jetty-util-ajax/9.4.43.v20210629/jetty-util-ajax-9.4.43.v20210629.jar:/home/runner/.m2/repository/commons-daemon/commons-daemon/1.0.13/commons-daemon-1.0.13.jar:/home/runner/.m2/repository/io/netty/netty/3.10.6.Final/netty-3.10.6.Final.jar:/home/runner/.m2/repository/io/netty/netty-all/4.1.63.Final/netty-all-4.1.63.Final.jar:/home/runner/.m2/repository/org/apache/htrace/htrace-core4/4.1.0-incubating/htrace-core4-4.1.0-incubating.jar:/home/runner/.m2/repository/org/fusesource/leveldbjni/leveldbjni-all/1.8/leveldbjni-all-1.8.jar:/home/runner/.m2/repository/org/apache/hadoop/hadoop-distcp/3.3.1/hadoop-distcp-3.3.1.jar:/home/runner/.m2/repository/org/apache/hadoop/hadoop-mapreduce-client-jobclient/3.3.1/hadoop-mapreduce-client-jobclient-3.3.1.jar:/home/runner/.m2/repository/org/apache/hadoop/hadoop-mapreduce-client-common/3.3.1/hadoop-mapreduce-client-common-3.3.1.jar:/home/runner/.m2/repository/org/apache/hadoop/hadoop-yarn-common/3.3.1/hadoop-yarn-common-3.3.1.jar:/home/runner/.m2/repository/org/apache/hadoop/hadoop-yarn-api/3.3.1/hadoop-yarn-api-3.3.1.jar:/home/runner/.m2/repository/com/sun/jersey/jersey-client/1.19/jersey-client-1.19.jar:/home/runner/.m2/repository/com/sun/jersey/contribs/jersey-guice/1.19/jersey-guice-1.19.jar:/home/runner/.m2/repository/com/fasterxml/jackson/jaxrs/jackson-jaxrs-json-provider/2.12.1/jackson-jaxrs-json-provider-2.12.1.jar:/home/runner/.m2/repository/com/fasterxml/jackson/jaxrs/jackson-jaxrs-base/2.12.1/jackson-jaxrs-base-2.12.1.jar:/home/runner/.m2/repository/org/apache/hadoop/hadoop-yarn-client/3.3.1/hadoop-yarn-client-3.3.1.jar:/home/runner/.m2/repository/org/eclipse/jetty/websocket/websocket-client/9.4.40.v20210413/websocket-client-9.4.40.v20210413.jar:/home/runner/.m2/repository/org/eclipse/jetty/jetty-client/9.4.40.v20210413/jetty-client-9.4.40.v20210413.jar:/home/runner/.m2/repository/org/eclipse/jetty/websocket/websocket-common/9.4.40.v20210413/websocket-common-9.4.40.v20210413.jar:/home/runner/.m2/repository/org/eclipse/jetty/websocket/websocket-api/9.4.40.v20210413/websocket-api-9.4.40.v20210413.jar:/home/runner/.m2/repository/org/jline/jline/3.9.0/jline-3.9.0.jar:/home/runner/.m2/repository/org/apache/hadoop/hadoop-mapreduce-client-core/3.3.1/hadoop-mapreduce-client-core-3.3.1.jar:/home/runner/.m2/repository/org/apache/avro/avro/1.7.7/avro-1.7.7.jar:/home/runner/.m2/repository/org/codehaus/jackson/jackson-core-asl/1.9.13/jackson-core-asl-1.9.13.jar:/home/runner/.m2/repository/org/codehaus/jackson/jackson-mapper-asl/1.9.13/jackson-mapper-asl-1.9.13.jar:/home/runner/.m2/repository/com/thoughtworks/paranamer/paranamer/2.3/paranamer-2.3.jar:/home/runner/.m2/repository/org/apache/hadoop/hadoop-annotations/3.3.1/hadoop-annotations-3.3.1.jar:/usr/lib/jvm/adoptopenjdk-8-hotspot-amd64/jre/../lib/tools.jar:/home/runner/.m2/repository/org/apache/hadoop/hadoop-distcp/3.3.1/hadoop-distcp-3.3.1-tests.jar:/home/runner/.m2/repository/org/apache/ratis/ratis-common/2.2.0/ratis-common-2.2.0.jar:/home/runner/.m2/repository/org/apache/ratis/ratis-thirdparty-misc/0.7.0/ratis-thirdparty-misc-0.7.0.jar:/home/runner/.m2/repository/org/apache/ratis/ratis-proto/2.2.0/ratis-proto-2.2.0.jar:"/>
    <property name="java.vm.vendor" value="AdoptOpenJDK"/>
    <property name="sun.arch.data.model" value="64"/>
    <property name="test.build.dir" value="/home/runner/work/ozone/ozone/hadoop-ozone/integration-test/target/test-dir"/>
    <property name="test.cache.data" value=""/>
    <property name="java.vendor.url" value="https://adoptopenjdk.net/"/>
    <property name="user.timezone" value=""/>
    <property name="java.vm.specification.version" value="1.8"/>
    <property name="os.name" value="Linux"/>
    <property name="test.build.data" value="/home/runner/work/ozone/ozone/hadoop-ozone/integration-test/target/test-dir"/>
    <property name="sun.java.launcher" value="SUN_STANDARD"/>
    <property name="sun.boot.library.path" value="/usr/lib/jvm/adoptopenjdk-8-hotspot-amd64/jre/lib/amd64"/>
    <property name="sun.java.command" value="/home/runner/work/ozone/ozone/hadoop-ozone/integration-test/target/surefire/surefirebooter803415959422815655.jar /home/runner/work/ozone/ozone/hadoop-ozone/integration-test/target/surefire 2021-11-15T12-47-58_671-jvmRun1 surefire3733689699911013069tmp surefire_424802015373868403975tmp"/>
    <property name="surefire.test.class.path" value="/home/runner/work/ozone/ozone/hadoop-ozone/integration-test/target/test-classes:/home/runner/work/ozone/ozone/hadoop-ozone/integration-test/target/classes:/home/runner/.m2/repository/org/apache/ozone/ozone-common/1.2.0-SNAPSHOT/ozone-common-1.2.0-SNAPSHOT.jar:/home/runner/.m2/repository/org/apache/commons/commons-compress/1.21/commons-compress-1.21.jar:/home/runner/.m2/repository/org/apache/ozone/hdds-common/1.2.0-SNAPSHOT/hdds-common-1.2.0-SNAPSHOT.jar:/home/runner/.m2/repository/org/apache/ozone/hdds-client/1.2.0-SNAPSHOT/hdds-client-1.2.0-SNAPSHOT.jar:/home/runner/.m2/repository/org/apache/ozone/ozone-interface-client/1.2.0-SNAPSHOT/ozone-interface-client-1.2.0-SNAPSHOT.jar:/home/runner/.m2/repository/org/apache/ozone/hdds-test-utils/1.2.0-SNAPSHOT/hdds-test-utils-1.2.0-SNAPSHOT.jar:/home/runner/.m2/repository/com/google/guava/guava/30.1.1-jre/guava-30.1.1-jre.jar:/home/runner/.m2/repository/com/google/guava/failureaccess/1.0.1/failureaccess-1.0.1.jar:/home/runner/.m2/repository/com/google/guava/listenablefuture/9999.0-empty-to-avoid-conflict-with-guava/listenablefuture-9999.0-empty-to-avoid-conflict-with-guava.jar:/home/runner/.m2/repository/com/google/code/findbugs/jsr305/3.0.0/jsr305-3.0.0.jar:/home/runner/.m2/repository/org/checkerframework/checker-qual/3.8.0/checker-qual-3.8.0.jar:/home/runner/.m2/repository/com/google/errorprone/error_prone_annotations/2.2.0/error_prone_annotations-2.2.0.jar:/home/runner/.m2/repository/com/google/j2objc/j2objc-annotations/1.3/j2objc-annotations-1.3.jar:/home/runner/.m2/repository/commons-io/commons-io/2.11.0/commons-io-2.11.0.jar:/home/runner/.m2/repository/commons-logging/commons-logging/1.2/commons-logging-1.2.jar:/home/runner/.m2/repository/log4j/log4j/1.2.17/log4j-1.2.17.jar:/home/runner/.m2/repository/org/slf4j/slf4j-api/1.7.30/slf4j-api-1.7.30.jar:/home/runner/.m2/repository/org/apache/ozone/hdds-server-scm/1.2.0-SNAPSHOT/hdds-server-scm-1.2.0-SNAPSHOT.jar:/home/runner/.m2/repository/org/apache/ozone/hdds-container-service/1.2.0-SNAPSHOT/hdds-container-service-1.2.0-SNAPSHOT.jar:/home/runner/.m2/repository/org/apache/ozone/hdds-hadoop-dependency-server/1.2.0-SNAPSHOT/hdds-hadoop-dependency-server-1.2.0-SNAPSHOT.jar:/home/runner/.m2/repository/org/apache/hadoop/hadoop-hdfs/3.3.1/hadoop-hdfs-3.3.1.jar:/home/runner/.m2/repository/org/apache/ozone/hdds-server-framework/1.2.0-SNAPSHOT/hdds-server-framework-1.2.0-SNAPSHOT.jar:/home/runner/.m2/repository/org/apache/ozone/hdds-interface-server/1.2.0-SNAPSHOT/hdds-interface-server-1.2.0-SNAPSHOT.jar:/home/runner/.m2/repository/org/eclipse/jetty/jetty-servlet/9.4.43.v20210629/jetty-servlet-9.4.43.v20210629.jar:/home/runner/.m2/repository/org/eclipse/jetty/jetty-security/9.4.43.v20210629/jetty-security-9.4.43.v20210629.jar:/home/runner/.m2/repository/org/rocksdb/rocksdbjni/6.25.3/rocksdbjni-6.25.3.jar:/home/runner/.m2/repository/io/prometheus/simpleclient_dropwizard/0.7.0/simpleclient_dropwizard-0.7.0.jar:/home/runner/.m2/repository/io/prometheus/simpleclient/0.7.0/simpleclient-0.7.0.jar:/home/runner/.m2/repository/io/prometheus/simpleclient_common/0.7.0/simpleclient_common-0.7.0.jar:/home/runner/.m2/repository/com/fasterxml/jackson/datatype/jackson-datatype-jsr310/2.12.1/jackson-datatype-jsr310-2.12.1.jar:/home/runner/.m2/repository/io/dropwizard/metrics/metrics-core/3.2.4/metrics-core-3.2.4.jar:/home/runner/.m2/repository/org/apache/hadoop/hadoop-hdfs-client/3.3.1/hadoop-hdfs-client-3.3.1.jar:/home/runner/.m2/repository/org/bouncycastle/bcprov-jdk15on/1.67/bcprov-jdk15on-1.67.jar:/home/runner/.m2/repository/com/google/protobuf/protobuf-java/2.5.0/protobuf-java-2.5.0.jar:/home/runner/.m2/repository/org/apache/ozone/ozone-manager/1.2.0-SNAPSHOT/ozone-manager-1.2.0-SNAPSHOT.jar:/home/runner/.m2/repository/org/aspectj/aspectjrt/1.9.7/aspectjrt-1.9.7.jar:/home/runner/.m2/repository/org/aspectj/aspectjweaver/1.9.7/aspectjweaver-1.9.7.jar:/home/runner/.m2/repository/org/apache/ozone/hdds-interface-client/1.2.0-SNAPSHOT/hdds-interface-client-1.2.0-SNAPSHOT.jar:/home/runner/.m2/repository/org/apache/hadoop/thirdparty/hadoop-shaded-protobuf_3_7/1.1.1/hadoop-shaded-protobuf_3_7-1.1.1.jar:/home/runner/.m2/repository/org/apache/ozone/ozone-interface-storage/1.2.0-SNAPSHOT/ozone-interface-storage-1.2.0-SNAPSHOT.jar:/home/runner/.m2/repository/org/reflections/reflections/0.9.11/reflections-0.9.11.jar:/home/runner/.m2/repository/org/apache/hadoop/hadoop-minikdc/3.3.1/hadoop-minikdc-3.3.1.jar:/home/runner/.m2/repository/org/apache/kerby/kerb-simplekdc/1.0.1/kerb-simplekdc-1.0.1.jar:/home/runner/.m2/repository/org/apache/kerby/kerb-client/1.0.1/kerb-client-1.0.1.jar:/home/runner/.m2/repository/org/apache/kerby/kerby-config/1.0.1/kerby-config-1.0.1.jar:/home/runner/.m2/repository/org/apache/kerby/kerb-common/1.0.1/kerb-common-1.0.1.jar:/home/runner/.m2/repository/org/apache/kerby/kerb-crypto/1.0.1/kerb-crypto-1.0.1.jar:/home/runner/.m2/repository/org/apache/kerby/kerb-util/1.0.1/kerb-util-1.0.1.jar:/home/runner/.m2/repository/org/apache/kerby/token-provider/1.0.1/token-provider-1.0.1.jar:/home/runner/.m2/repository/org/apache/kerby/kerb-admin/1.0.1/kerb-admin-1.0.1.jar:/home/runner/.m2/repository/org/apache/kerby/kerb-server/1.0.1/kerb-server-1.0.1.jar:/home/runner/.m2/repository/org/apache/kerby/kerb-identity/1.0.1/kerb-identity-1.0.1.jar:/home/runner/.m2/repository/org/apache/kerby/kerby-xdr/1.0.1/kerby-xdr-1.0.1.jar:/home/runner/.m2/repository/org/slf4j/slf4j-log4j12/1.7.30/slf4j-log4j12-1.7.30.jar:/home/runner/.m2/repository/org/apache/ozone/ozone-s3gateway/1.2.0-SNAPSHOT/ozone-s3gateway-1.2.0-SNAPSHOT.jar:/home/runner/.m2/repository/org/javassist/javassist/3.21.0-GA/javassist-3.21.0-GA.jar:/home/runner/.m2/repository/org/jboss/weld/servlet/weld-servlet/2.4.7.Final/weld-servlet-2.4.7.Final.jar:/home/runner/.m2/repository/org/glassfish/jersey/containers/jersey-container-servlet-core/2.33/jersey-container-servlet-core-2.33.jar:/home/runner/.m2/repository/org/glassfish/hk2/external/jakarta.inject/2.6.1/jakarta.inject-2.6.1.jar:/home/runner/.m2/repository/org/glassfish/jersey/core/jersey-common/2.33/jersey-common-2.33.jar:/home/runner/.m2/repository/jakarta/ws/rs/jakarta.ws.rs-api/2.1.6/jakarta.ws.rs-api-2.1.6.jar:/home/runner/.m2/repository/org/glassfish/jersey/ext/cdi/jersey-cdi1x/2.33/jersey-cdi1x-2.33.jar:/home/runner/.m2/repository/org/glassfish/jersey/inject/jersey-hk2/2.33/jersey-hk2-2.33.jar:/home/runner/.m2/repository/org/glassfish/hk2/hk2-locator/2.6.1/hk2-locator-2.6.1.jar:/home/runner/.m2/repository/org/glassfish/jersey/media/jersey-media-jaxb/2.33/jersey-media-jaxb-2.33.jar:/home/runner/.m2/repository/org/glassfish/hk2/osgi-resource-locator/1.0.3/osgi-resource-locator-1.0.3.jar:/home/runner/.m2/repository/org/glassfish/hk2/hk2-api/2.5.0/hk2-api-2.5.0.jar:/home/runner/.m2/repository/org/glassfish/hk2/hk2-utils/2.5.0/hk2-utils-2.5.0.jar:/home/runner/.m2/repository/org/glassfish/hk2/external/aopalliance-repackaged/2.5.0/aopalliance-repackaged-2.5.0.jar:/home/runner/.m2/repository/com/fasterxml/jackson/dataformat/jackson-dataformat-xml/2.12.1/jackson-dataformat-xml-2.12.1.jar:/home/runner/.m2/repository/com/fasterxml/jackson/core/jackson-core/2.12.1/jackson-core-2.12.1.jar:/home/runner/.m2/repository/com/fasterxml/jackson/module/jackson-module-jaxb-annotations/2.12.1/jackson-module-jaxb-annotations-2.12.1.jar:/home/runner/.m2/repository/jakarta/xml/bind/jakarta.xml.bind-api/2.3.2/jakarta.xml.bind-api-2.3.2.jar:/home/runner/.m2/repository/org/codehaus/woodstox/stax2-api/3.1.4/stax2-api-3.1.4.jar:/home/runner/.m2/repository/com/fasterxml/woodstox/woodstox-core/5.0.3/woodstox-core-5.0.3.jar:/home/runner/.m2/repository/javax/enterprise/cdi-api/1.2/cdi-api-1.2.jar:/home/runner/.m2/repository/javax/el/javax.el-api/3.0.0/javax.el-api-3.0.0.jar:/home/runner/.m2/repository/javax/interceptor/javax.interceptor-api/1.2/javax.interceptor-api-1.2.jar:/home/runner/.m2/repository/javax/inject/javax.inject/1/javax.inject-1.jar:/home/runner/.m2/repository/javax/xml/bind/jaxb-api/2.3.0/jaxb-api-2.3.0.jar:/home/runner/.m2/repository/org/glassfish/jaxb/jaxb-runtime/2.3.0.1/jaxb-runtime-2.3.0.1.jar:/home/runner/.m2/repository/org/glassfish/jaxb/jaxb-core/2.3.0.1/jaxb-core-2.3.0.1.jar:/home/runner/.m2/repository/org/glassfish/jaxb/txw2/2.3.0.1/txw2-2.3.0.1.jar:/home/runner/.m2/repository/com/sun/istack/istack-commons-runtime/3.0.5/istack-commons-runtime-3.0.5.jar:/home/runner/.m2/repository/org/jvnet/staxex/stax-ex/1.7.8/stax-ex-1.7.8.jar:/home/runner/.m2/repository/com/sun/xml/fastinfoset/FastInfoset/1.2.13/FastInfoset-1.2.13.jar:/home/runner/.m2/repository/javax/activation/activation/1.1.1/activation-1.1.1.jar:/home/runner/.m2/repository/org/apache/ozone/ozone-csi/1.2.0-SNAPSHOT/ozone-csi-1.2.0-SNAPSHOT.jar:/home/runner/.m2/repository/com/google/protobuf/protobuf-java-util/3.12.0/protobuf-java-util-3.12.0.jar:/home/runner/.m2/repository/com/google/code/gson/gson/2.2.4/gson-2.2.4.jar:/home/runner/.m2/repository/org/apache/ozone/hdds-config/1.2.0-SNAPSHOT/hdds-config-1.2.0-SNAPSHOT.jar:/home/runner/.m2/repository/io/grpc/grpc-netty/1.33.0/grpc-netty-1.33.0.jar:/home/runner/.m2/repository/io/grpc/grpc-core/1.33.0/grpc-core-1.33.0.jar:/home/runner/.m2/repository/com/google/android/annotations/4.1.1.4/annotations-4.1.1.4.jar:/home/runner/.m2/repository/io/netty/netty-codec-http2/4.1.63.Final/netty-codec-http2-4.1.63.Final.jar:/home/runner/.m2/repository/io/netty/netty-codec-http/4.1.63.Final/netty-codec-http-4.1.63.Final.jar:/home/runner/.m2/repository/io/netty/netty-handler-proxy/4.1.63.Final/netty-handler-proxy-4.1.63.Final.jar:/home/runner/.m2/repository/io/netty/netty-codec-socks/4.1.63.Final/netty-codec-socks-4.1.63.Final.jar:/home/runner/.m2/repository/io/perfmark/perfmark-api/0.19.0/perfmark-api-0.19.0.jar:/home/runner/.m2/repository/org/codehaus/mojo/animal-sniffer-annotations/1.18/animal-sniffer-annotations-1.18.jar:/home/runner/.m2/repository/io/netty/netty-transport-native-epoll/4.1.63.Final/netty-transport-native-epoll-4.1.63.Final.jar:/home/runner/.m2/repository/io/netty/netty-common/4.1.63.Final/netty-common-4.1.63.Final.jar:/home/runner/.m2/repository/io/netty/netty-buffer/4.1.63.Final/netty-buffer-4.1.63.Final.jar:/home/runner/.m2/repository/io/netty/netty-transport-native-unix-common/4.1.63.Final/netty-transport-native-unix-common-4.1.63.Final.jar:/home/runner/.m2/repository/io/grpc/grpc-protobuf/1.33.0/grpc-protobuf-1.33.0.jar:/home/runner/.m2/repository/io/grpc/grpc-api/1.33.0/grpc-api-1.33.0.jar:/home/runner/.m2/repository/io/grpc/grpc-context/1.33.0/grpc-context-1.33.0.jar:/home/runner/.m2/repository/com/google/api/grpc/proto-google-common-protos/1.17.0/proto-google-common-protos-1.17.0.jar:/home/runner/.m2/repository/io/grpc/grpc-protobuf-lite/1.33.0/grpc-protobuf-lite-1.33.0.jar:/home/runner/.m2/repository/io/grpc/grpc-stub/1.33.0/grpc-stub-1.33.0.jar:/home/runner/.m2/repository/org/apache/ozone/ozone-recon/1.2.0-SNAPSHOT/ozone-recon-1.2.0-SNAPSHOT.jar:/home/runner/.m2/repository/org/apache/ozone/ozone-reconcodegen/1.2.0-SNAPSHOT/ozone-reconcodegen-1.2.0-SNAPSHOT.jar:/home/runner/.m2/repository/com/google/inject/extensions/guice-multibindings/4.0/guice-multibindings-4.0.jar:/home/runner/.m2/repository/com/google/inject/guice/4.0/guice-4.0.jar:/home/runner/.m2/repository/aopalliance/aopalliance/1.0/aopalliance-1.0.jar:/home/runner/.m2/repository/com/google/inject/extensions/guice-assistedinject/4.0/guice-assistedinject-4.0.jar:/home/runner/.m2/repository/com/google/inject/extensions/guice-servlet/4.0/guice-servlet-4.0.jar:/home/runner/.m2/repository/org/glassfish/jersey/containers/jersey-container-servlet/2.33/jersey-container-servlet-2.33.jar:/home/runner/.m2/repository/org/glassfish/hk2/guice-bridge/2.5.0/guice-bridge-2.5.0.jar:/home/runner/.m2/repository/org/glassfish/jersey/core/jersey-server/2.33/jersey-server-2.33.jar:/home/runner/.m2/repository/org/glassfish/jersey/core/jersey-client/2.33/jersey-client-2.33.jar:/home/runner/.m2/repository/jakarta/annotation/jakarta.annotation-api/1.3.5/jakarta.annotation-api-1.3.5.jar:/home/runner/.m2/repository/jakarta/validation/jakarta.validation-api/2.0.2/jakarta.validation-api-2.0.2.jar:/home/runner/.m2/repository/org/glassfish/jersey/media/jersey-media-json-jackson/2.33/jersey-media-json-jackson-2.33.jar:/home/runner/.m2/repository/org/glassfish/jersey/ext/jersey-entity-filtering/2.33/jersey-entity-filtering-2.33.jar:/home/runner/.m2/repository/org/jooq/jooq/3.11.10/jooq-3.11.10.jar:/home/runner/.m2/repository/org/jooq/jooq-meta/3.11.10/jooq-meta-3.11.10.jar:/home/runner/.m2/repository/org/jooq/jooq-codegen/3.11.10/jooq-codegen-3.11.10.jar:/home/runner/.m2/repository/com/jolbox/bonecp/0.8.0.RELEASE/bonecp-0.8.0.RELEASE.jar:/home/runner/.m2/repository/org/apache/derby/derby/10.14.2.0/derby-10.14.2.0.jar:/home/runner/.m2/repository/org/xerial/sqlite-jdbc/3.25.2/sqlite-jdbc-3.25.2.jar:/home/runner/.m2/repository/org/springframework/spring-jdbc/5.2.18.RELEASE/spring-jdbc-5.2.18.RELEASE.jar:/home/runner/.m2/repository/org/springframework/spring-beans/5.2.18.RELEASE/spring-beans-5.2.18.RELEASE.jar:/home/runner/.m2/repository/org/springframework/spring-core/5.2.18.RELEASE/spring-core-5.2.18.RELEASE.jar:/home/runner/.m2/repository/org/springframework/spring-jcl/5.2.18.RELEASE/spring-jcl-5.2.18.RELEASE.jar:/home/runner/.m2/repository/org/springframework/spring-tx/5.2.18.RELEASE/spring-tx-5.2.18.RELEASE.jar:/home/runner/.m2/repository/org/apache/ozone/ozone-client/1.2.0-SNAPSHOT/ozone-client-1.2.0-SNAPSHOT.jar:/home/runner/.m2/repository/org/apache/ozone/ozone-filesystem/1.2.0-SNAPSHOT/ozone-filesystem-1.2.0-SNAPSHOT.jar:/home/runner/.m2/repository/org/apache/ozone/ozone-filesystem-common/1.2.0-SNAPSHOT/ozone-filesystem-common-1.2.0-SNAPSHOT.jar:/home/runner/.m2/repository/org/apache/ozone/ozone-tools/1.2.0-SNAPSHOT/ozone-tools-1.2.0-SNAPSHOT.jar:/home/runner/.m2/repository/org/apache/ratis/ratis-tools/2.2.0/ratis-tools-2.2.0.jar:/home/runner/.m2/repository/com/amazonaws/aws-java-sdk-core/1.11.1034/aws-java-sdk-core-1.11.1034.jar:/home/runner/.m2/repository/org/apache/httpcomponents/httpclient/4.5.13/httpclient-4.5.13.jar:/home/runner/.m2/repository/org/apache/httpcomponents/httpcore/4.4.13/httpcore-4.4.13.jar:/home/runner/.m2/repository/software/amazon/ion/ion-java/1.0.2/ion-java-1.0.2.jar:/home/runner/.m2/repository/com/fasterxml/jackson/dataformat/jackson-dataformat-cbor/2.12.1/jackson-dataformat-cbor-2.12.1.jar:/home/runner/.m2/repository/joda-time/joda-time/2.8.1/joda-time-2.8.1.jar:/home/runner/.m2/repository/com/amazonaws/aws-java-sdk-s3/1.11.1034/aws-java-sdk-s3-1.11.1034.jar:/home/runner/.m2/repository/com/amazonaws/aws-java-sdk-kms/1.11.1034/aws-java-sdk-kms-1.11.1034.jar:/home/runner/.m2/repository/com/amazonaws/jmespath-java/1.11.1034/jmespath-java-1.11.1034.jar:/home/runner/.m2/repository/org/kohsuke/metainf-services/metainf-services/1.8/metainf-services-1.8.jar:/home/runner/.m2/repository/org/apache/ozone/hdds-tools/1.2.0-SNAPSHOT/hdds-tools-1.2.0-SNAPSHOT.jar:/home/runner/.m2/repository/commons-cli/commons-cli/1.2/commons-cli-1.2.jar:/home/runner/.m2/repository/org/apache/commons/commons-lang3/3.7/commons-lang3-3.7.jar:/home/runner/.m2/repository/org/apache/ozone/ozone-manager/1.2.0-SNAPSHOT/ozone-manager-1.2.0-SNAPSHOT-tests.jar:/home/runner/.m2/repository/org/apache/ozone/hdds-common/1.2.0-SNAPSHOT/hdds-common-1.2.0-SNAPSHOT-tests.jar:/home/runner/.m2/repository/org/apache/ozone/hdds-hadoop-dependency-client/1.2.0-SNAPSHOT/hdds-hadoop-dependency-client-1.2.0-SNAPSHOT.jar:/home/runner/.m2/repository/info/picocli/picocli/4.6.1/picocli-4.6.1.jar:/home/runner/.m2/repository/com/fasterxml/jackson/core/jackson-annotations/2.12.1/jackson-annotations-2.12.1.jar:/home/runner/.m2/repository/javax/annotation/javax.annotation-api/1.2/javax.annotation-api-1.2.jar:/home/runner/.m2/repository/org/apache/ratis/ratis-server/2.2.0/ratis-server-2.2.0.jar:/home/runner/.m2/repository/org/apache/ratis/ratis-client/2.2.0/ratis-client-2.2.0.jar:/home/runner/.m2/repository/org/apache/ratis/ratis-server-api/2.2.0/ratis-server-api-2.2.0.jar:/home/runner/.m2/repository/org/apache/ratis/ratis-metrics/2.2.0/ratis-metrics-2.2.0.jar:/home/runner/.m2/repository/org/apache/ratis/ratis-netty/2.2.0/ratis-netty-2.2.0.jar:/home/runner/.m2/repository/org/apache/ratis/ratis-grpc/2.2.0/ratis-grpc-2.2.0.jar:/home/runner/.m2/repository/org/apache/logging/log4j/log4j-api/2.13.3/log4j-api-2.13.3.jar:/home/runner/.m2/repository/org/apache/logging/log4j/log4j-core/2.13.3/log4j-core-2.13.3.jar:/home/runner/.m2/repository/com/lmax/disruptor/3.4.2/disruptor-3.4.2.jar:/home/runner/.m2/repository/org/apache/commons/commons-pool2/2.6.0/commons-pool2-2.6.0.jar:/home/runner/.m2/repository/org/bouncycastle/bcpkix-jdk15on/1.67/bcpkix-jdk15on-1.67.jar:/home/runner/.m2/repository/commons-validator/commons-validator/1.6/commons-validator-1.6.jar:/home/runner/.m2/repository/commons-beanutils/commons-beanutils/1.9.4/commons-beanutils-1.9.4.jar:/home/runner/.m2/repository/commons-digester/commons-digester/1.8.1/commons-digester-1.8.1.jar:/home/runner/.m2/repository/commons-collections/commons-collections/3.2.2/commons-collections-3.2.2.jar:/home/runner/.m2/repository/io/jaegertracing/jaeger-client/1.6.0/jaeger-client-1.6.0.jar:/home/runner/.m2/repository/io/jaegertracing/jaeger-thrift/1.6.0/jaeger-thrift-1.6.0.jar:/home/runner/.m2/repository/org/apache/thrift/libthrift/0.14.1/libthrift-0.14.1.jar:/home/runner/.m2/repository/com/squareup/okhttp3/okhttp/4.9.0/okhttp-4.9.0.jar:/home/runner/.m2/repository/com/squareup/okio/okio/2.8.0/okio-2.8.0.jar:/home/runner/.m2/repository/io/jaegertracing/jaeger-core/1.6.0/jaeger-core-1.6.0.jar:/home/runner/.m2/repository/io/jaegertracing/jaeger-tracerresolver/1.6.0/jaeger-tracerresolver-1.6.0.jar:/home/runner/.m2/repository/io/opentracing/contrib/opentracing-tracerresolver/0.1.8/opentracing-tracerresolver-0.1.8.jar:/home/runner/.m2/repository/org/jetbrains/kotlin/kotlin-stdlib/1.4.31/kotlin-stdlib-1.4.31.jar:/home/runner/.m2/repository/org/jetbrains/kotlin/kotlin-stdlib-common/1.4.31/kotlin-stdlib-common-1.4.31.jar:/home/runner/.m2/repository/org/jetbrains/annotations/13.0/annotations-13.0.jar:/home/runner/.m2/repository/io/opentracing/opentracing-util/0.33.0/opentracing-util-0.33.0.jar:/home/runner/.m2/repository/io/opentracing/opentracing-api/0.33.0/opentracing-api-0.33.0.jar:/home/runner/.m2/repository/io/opentracing/opentracing-noop/0.33.0/opentracing-noop-0.33.0.jar:/home/runner/.m2/repository/org/yaml/snakeyaml/1.26/snakeyaml-1.26.jar:/home/runner/.m2/repository/org/apache/ozone/hdds-interface-admin/1.2.0-SNAPSHOT/hdds-interface-admin-1.2.0-SNAPSHOT.jar:/home/runner/.m2/repository/junit/junit/4.13.1/junit-4.13.1.jar:/home/runner/.m2/repository/org/hamcrest/hamcrest-core/1.3/hamcrest-core-1.3.jar:/home/runner/.m2/repository/org/junit/jupiter/junit-jupiter-api/5.7.0/junit-jupiter-api-5.7.0.jar:/home/runner/.m2/repository/org/apiguardian/apiguardian-api/1.1.0/apiguardian-api-1.1.0.jar:/home/runner/.m2/repository/org/opentest4j/opentest4j/1.2.0/opentest4j-1.2.0.jar:/home/runner/.m2/repository/org/junit/platform/junit-platform-commons/1.7.0/junit-platform-commons-1.7.0.jar:/home/runner/.m2/repository/org/junit/jupiter/junit-jupiter-engine/5.7.0/junit-jupiter-engine-5.7.0.jar:/home/runner/.m2/repository/org/junit/platform/junit-platform-engine/1.7.0/junit-platform-engine-1.7.0.jar:/home/runner/.m2/repository/org/junit/vintage/junit-vintage-engine/5.7.0/junit-vintage-engine-5.7.0.jar:/home/runner/.m2/repository/org/junit/platform/junit-platform-launcher/1.7.0/junit-platform-launcher-1.7.0.jar:/home/runner/.m2/repository/org/openjdk/jmh/jmh-core/1.19/jmh-core-1.19.jar:/home/runner/.m2/repository/net/sf/jopt-simple/jopt-simple/4.6/jopt-simple-4.6.jar:/home/runner/.m2/repository/org/apache/commons/commons-math3/3.1.1/commons-math3-3.1.1.jar:/home/runner/.m2/repository/org/openjdk/jmh/jmh-generator-annprocess/1.19/jmh-generator-annprocess-1.19.jar:/home/runner/.m2/repository/org/mockito/mockito-core/2.28.2/mockito-core-2.28.2.jar:/home/runner/.m2/repository/net/bytebuddy/byte-buddy/1.9.10/byte-buddy-1.9.10.jar:/home/runner/.m2/repository/net/bytebuddy/byte-buddy-agent/1.9.10/byte-buddy-agent-1.9.10.jar:/home/runner/.m2/repository/org/objenesis/objenesis/1.0/objenesis-1.0.jar:/home/runner/.m2/repository/org/apache/hadoop/hadoop-kms/3.3.1/hadoop-kms-3.3.1.jar:/home/runner/.m2/repository/org/apache/hadoop/hadoop-auth/3.3.1/hadoop-auth-3.3.1.jar:/home/runner/.m2/repository/com/nimbusds/nimbus-jose-jwt/7.9/nimbus-jose-jwt-7.9.jar:/home/runner/.m2/repository/com/github/stephenc/jcip/jcip-annotations/1.0-1/jcip-annotations-1.0-1.jar:/home/runner/.m2/repository/net/minidev/json-smart/2.3.1/json-smart-2.3.1.jar:/home/runner/.m2/repository/net/minidev/accessors-smart/2.3.1/accessors-smart-2.3.1.jar:/home/runner/.m2/repository/org/ow2/asm/asm/5.0.4/asm-5.0.4.jar:/home/runner/.m2/repository/org/apache/zookeeper/zookeeper/3.5.6/zookeeper-3.5.6.jar:/home/runner/.m2/repository/org/apache/zookeeper/zookeeper-jute/3.5.6/zookeeper-jute-3.5.6.jar:/home/runner/.m2/repository/org/apache/yetus/audience-annotations/0.5.0/audience-annotations-0.5.0.jar:/home/runner/.m2/repository/org/apache/curator/curator-framework/4.2.0/curator-framework-4.2.0.jar:/home/runner/.m2/repository/org/apache/hadoop/thirdparty/hadoop-shaded-guava/1.1.1/hadoop-shaded-guava-1.1.1.jar:/home/runner/.m2/repository/com/sun/jersey/jersey-core/1.19/jersey-core-1.19.jar:/home/runner/.m2/repository/javax/ws/rs/jsr311-api/1.1.1/jsr311-api-1.1.1.jar:/home/runner/.m2/repository/com/sun/jersey/jersey-server/1.19/jersey-server-1.19.jar:/home/runner/.m2/repository/javax/servlet/javax.servlet-api/3.1.0/javax.servlet-api-3.1.0.jar:/home/runner/.m2/repository/org/eclipse/jetty/jetty-server/9.4.43.v20210629/jetty-server-9.4.43.v20210629.jar:/home/runner/.m2/repository/org/eclipse/jetty/jetty-http/9.4.43.v20210629/jetty-http-9.4.43.v20210629.jar:/home/runner/.m2/repository/org/eclipse/jetty/jetty-io/9.4.43.v20210629/jetty-io-9.4.43.v20210629.jar:/home/runner/.m2/repository/org/eclipse/jetty/jetty-webapp/9.4.43.v20210629/jetty-webapp-9.4.43.v20210629.jar:/home/runner/.m2/repository/org/eclipse/jetty/jetty-xml/9.4.43.v20210629/jetty-xml-9.4.43.v20210629.jar:/home/runner/.m2/repository/org/apache/hadoop/hadoop-common/3.3.1/hadoop-common-3.3.1.jar:/home/runner/.m2/repository/commons-net/commons-net/3.6/commons-net-3.6.jar:/home/runner/.m2/repository/jakarta/activation/jakarta.activation-api/1.2.1/jakarta.activation-api-1.2.1.jar:/home/runner/.m2/repository/com/sun/jersey/jersey-servlet/1.19/jersey-servlet-1.19.jar:/home/runner/.m2/repository/com/sun/jersey/jersey-json/1.19/jersey-json-1.19.jar:/home/runner/.m2/repository/org/codehaus/jettison/jettison/1.1/jettison-1.1.jar:/home/runner/.m2/repository/com/sun/xml/bind/jaxb-impl/2.2.3-1/jaxb-impl-2.2.3-1.jar:/home/runner/.m2/repository/org/codehaus/jackson/jackson-jaxrs/1.9.2/jackson-jaxrs-1.9.2.jar:/home/runner/.m2/repository/org/codehaus/jackson/jackson-xc/1.9.2/jackson-xc-1.9.2.jar:/home/runner/.m2/repository/org/apache/commons/commons-configuration2/2.1.1/commons-configuration2-2.1.1.jar:/home/runner/.m2/repository/org/apache/commons/commons-text/1.4/commons-text-1.4.jar:/home/runner/.m2/repository/com/google/re2j/re2j/1.1/re2j-1.1.jar:/home/runner/.m2/repository/com/jcraft/jsch/0.1.54/jsch-0.1.54.jar:/home/runner/.m2/repository/org/apache/curator/curator-client/4.2.0/curator-client-4.2.0.jar:/home/runner/.m2/repository/org/apache/curator/curator-recipes/4.2.0/curator-recipes-4.2.0.jar:/home/runner/.m2/repository/org/apache/kerby/kerb-core/1.0.1/kerb-core-1.0.1.jar:/home/runner/.m2/repository/org/apache/kerby/kerby-pkix/1.0.1/kerby-pkix-1.0.1.jar:/home/runner/.m2/repository/org/apache/kerby/kerby-asn1/1.0.1/kerby-asn1-1.0.1.jar:/home/runner/.m2/repository/org/apache/kerby/kerby-util/1.0.1/kerby-util-1.0.1.jar:/home/runner/.m2/repository/dnsjava/dnsjava/2.1.7/dnsjava-2.1.7.jar:/home/runner/.m2/repository/org/xerial/snappy/snappy-java/1.1.8.2/snappy-java-1.1.8.2.jar:/home/runner/.m2/repository/org/slf4j/jul-to-slf4j/1.7.30/jul-to-slf4j-1.7.30.jar:/home/runner/.m2/repository/org/eclipse/jetty/jetty-util/9.4.43.v20210629/jetty-util-9.4.43.v20210629.jar:/home/runner/.m2/repository/com/fasterxml/jackson/core/jackson-databind/2.12.1/jackson-databind-2.12.1.jar:/home/runner/.m2/repository/org/apache/hadoop/hadoop-kms/3.3.1/hadoop-kms-3.3.1-tests.jar:/home/runner/.m2/repository/org/apache/ozone/hdds-server-scm/1.2.0-SNAPSHOT/hdds-server-scm-1.2.0-SNAPSHOT-tests.jar:/home/runner/.m2/repository/org/apache/ozone/hdds-container-service/1.2.0-SNAPSHOT/hdds-container-service-1.2.0-SNAPSHOT-tests.jar:/home/runner/.m2/repository/commons-codec/commons-codec/1.11/commons-codec-1.11.jar:/home/runner/.m2/repository/io/netty/netty-transport/4.1.63.Final/netty-transport-4.1.63.Final.jar:/home/runner/.m2/repository/io/netty/netty-resolver/4.1.63.Final/netty-resolver-4.1.63.Final.jar:/home/runner/.m2/repository/io/netty/netty-codec/4.1.63.Final/netty-codec-4.1.63.Final.jar:/home/runner/.m2/repository/io/netty/netty-handler/4.1.63.Final/netty-handler-4.1.63.Final.jar:/home/runner/.m2/repository/org/apache/ozone/hdds-hadoop-dependency-test/1.2.0-SNAPSHOT/hdds-hadoop-dependency-test-1.2.0-SNAPSHOT.jar:/home/runner/.m2/repository/org/apache/hadoop/hadoop-common/3.3.1/hadoop-common-3.3.1-tests.jar:/home/runner/.m2/repository/org/assertj/assertj-core/3.12.2/assertj-core-3.12.2.jar:/home/runner/.m2/repository/org/apache/hadoop/hadoop-hdfs/3.3.1/hadoop-hdfs-3.3.1-tests.jar:/home/runner/.m2/repository/org/eclipse/jetty/jetty-util-ajax/9.4.43.v20210629/jetty-util-ajax-9.4.43.v20210629.jar:/home/runner/.m2/repository/commons-daemon/commons-daemon/1.0.13/commons-daemon-1.0.13.jar:/home/runner/.m2/repository/io/netty/netty/3.10.6.Final/netty-3.10.6.Final.jar:/home/runner/.m2/repository/io/netty/netty-all/4.1.63.Final/netty-all-4.1.63.Final.jar:/home/runner/.m2/repository/org/apache/htrace/htrace-core4/4.1.0-incubating/htrace-core4-4.1.0-incubating.jar:/home/runner/.m2/repository/org/fusesource/leveldbjni/leveldbjni-all/1.8/leveldbjni-all-1.8.jar:/home/runner/.m2/repository/org/apache/hadoop/hadoop-distcp/3.3.1/hadoop-distcp-3.3.1.jar:/home/runner/.m2/repository/org/apache/hadoop/hadoop-mapreduce-client-jobclient/3.3.1/hadoop-mapreduce-client-jobclient-3.3.1.jar:/home/runner/.m2/repository/org/apache/hadoop/hadoop-mapreduce-client-common/3.3.1/hadoop-mapreduce-client-common-3.3.1.jar:/home/runner/.m2/repository/org/apache/hadoop/hadoop-yarn-common/3.3.1/hadoop-yarn-common-3.3.1.jar:/home/runner/.m2/repository/org/apache/hadoop/hadoop-yarn-api/3.3.1/hadoop-yarn-api-3.3.1.jar:/home/runner/.m2/repository/com/sun/jersey/jersey-client/1.19/jersey-client-1.19.jar:/home/runner/.m2/repository/com/sun/jersey/contribs/jersey-guice/1.19/jersey-guice-1.19.jar:/home/runner/.m2/repository/com/fasterxml/jackson/jaxrs/jackson-jaxrs-json-provider/2.12.1/jackson-jaxrs-json-provider-2.12.1.jar:/home/runner/.m2/repository/com/fasterxml/jackson/jaxrs/jackson-jaxrs-base/2.12.1/jackson-jaxrs-base-2.12.1.jar:/home/runner/.m2/repository/org/apache/hadoop/hadoop-yarn-client/3.3.1/hadoop-yarn-client-3.3.1.jar:/home/runner/.m2/repository/org/eclipse/jetty/websocket/websocket-client/9.4.40.v20210413/websocket-client-9.4.40.v20210413.jar:/home/runner/.m2/repository/org/eclipse/jetty/jetty-client/9.4.40.v20210413/jetty-client-9.4.40.v20210413.jar:/home/runner/.m2/repository/org/eclipse/jetty/websocket/websocket-common/9.4.40.v20210413/websocket-common-9.4.40.v20210413.jar:/home/runner/.m2/repository/org/eclipse/jetty/websocket/websocket-api/9.4.40.v20210413/websocket-api-9.4.40.v20210413.jar:/home/runner/.m2/repository/org/jline/jline/3.9.0/jline-3.9.0.jar:/home/runner/.m2/repository/org/apache/hadoop/hadoop-mapreduce-client-core/3.3.1/hadoop-mapreduce-client-core-3.3.1.jar:/home/runner/.m2/repository/org/apache/avro/avro/1.7.7/avro-1.7.7.jar:/home/runner/.m2/repository/org/codehaus/jackson/jackson-core-asl/1.9.13/jackson-core-asl-1.9.13.jar:/home/runner/.m2/repository/org/codehaus/jackson/jackson-mapper-asl/1.9.13/jackson-mapper-asl-1.9.13.jar:/home/runner/.m2/repository/com/thoughtworks/paranamer/paranamer/2.3/paranamer-2.3.jar:/home/runner/.m2/repository/org/apache/hadoop/hadoop-annotations/3.3.1/hadoop-annotations-3.3.1.jar:/usr/lib/jvm/adoptopenjdk-8-hotspot-amd64/jre/../lib/tools.jar:/home/runner/.m2/repository/org/apache/hadoop/hadoop-distcp/3.3.1/hadoop-distcp-3.3.1-tests.jar:/home/runner/.m2/repository/org/apache/ratis/ratis-common/2.2.0/ratis-common-2.2.0.jar:/home/runner/.m2/repository/org/apache/ratis/ratis-thirdparty-misc/0.7.0/ratis-thirdparty-misc-0.7.0.jar:/home/runner/.m2/repository/org/apache/ratis/ratis-proto/2.2.0/ratis-proto-2.2.0.jar:"/>
    <property name="sun.cpu.endian" value="little"/>
    <property name="user.home" value="/home/runner"/>
    <property name="user.language" value="en"/>
    <property name="java.specification.vendor" value="Oracle Corporation"/>
    <property name="java.home" value="/usr/lib/jvm/adoptopenjdk-8-hotspot-amd64/jre"/>
    <property name="java.security.krb5.conf" value="/home/runner/work/ozone/ozone/hadoop-ozone/integration-test/target/test-classes/krb5.conf"/>
    <property name="basedir" value="/home/runner/work/ozone/ozone/hadoop-ozone/integration-test"/>
    <property name="file.separator" value="/"/>
    <property name="line.separator" value="&#10;"/>
    <property name="java.vm.specification.vendor" value="Oracle Corporation"/>
    <property name="java.specification.name" value="Java Platform API Specification"/>
    <property name="java.awt.graphicsenv" value="sun.awt.X11GraphicsEnvironment"/>
    <property name="skip.installnpx" value="true"/>
    <property name="surefire.real.class.path" value="/home/runner/work/ozone/ozone/hadoop-ozone/integration-test/target/surefire/surefirebooter803415959422815655.jar:/home/runner/.m2/repository/org/jacoco/org.jacoco.agent/0.8.5/org.jacoco.agent-0.8.5-runtime.jar"/>
    <property name="hadoop.log.dir" value="/home/runner/work/ozone/ozone/hadoop-ozone/integration-test/target/log"/>
    <property name="sun.boot.class.path" value="/usr/lib/jvm/adoptopenjdk-8-hotspot-amd64/jre/lib/resources.jar:/usr/lib/jvm/adoptopenjdk-8-hotspot-amd64/jre/lib/rt.jar:/usr/lib/jvm/adoptopenjdk-8-hotspot-amd64/jre/lib/sunrsasign.jar:/usr/lib/jvm/adoptopenjdk-8-hotspot-amd64/jre/lib/jsse.jar:/usr/lib/jvm/adoptopenjdk-8-hotspot-amd64/jre/lib/jce.jar:/usr/lib/jvm/adoptopenjdk-8-hotspot-amd64/jre/lib/charsets.jar:/usr/lib/jvm/adoptopenjdk-8-hotspot-amd64/jre/lib/jfr.jar:/usr/lib/jvm/adoptopenjdk-8-hotspot-amd64/jre/classes"/>
    <property name="sun.management.compiler" value="HotSpot 64-Bit Tiered Compilers"/>
    <property name="skip.npx" value="true"/>
    <property name="java.runtime.version" value="1.8.0_292-b10"/>
    <property name="java.net.preferIPv4Stack" value="true"/>
    <property name="user.name" value="runner"/>
    <property name="path.separator" value=":"/>
    <property name="java.security.egd" value="file:///dev/urandom"/>
    <property name="os.version" value="5.4.0-1062-azure"/>
    <property name="java.endorsed.dirs" value="/usr/lib/jvm/adoptopenjdk-8-hotspot-amd64/jre/lib/endorsed"/>
    <property name="java.runtime.name" value="OpenJDK Runtime Environment"/>
    <property name="file.encoding" value="UTF-8"/>
    <property name="java.vm.name" value="OpenJDK 64-Bit Server VM"/>
    <property name="test.build.webapps" value=""/>
    <property name="localRepository" value="/home/runner/.m2/repository"/>
    <property name="java.vendor.url.bug" value="https://github.com/AdoptOpenJDK/openjdk-support/issues"/>
    <property name="java.io.tmpdir" value="/tmp"/>
    <property name="require.test.libhadoop" value=""/>
    <property name="java.version" value="1.8.0_292"/>
    <property name="user.dir" value="/home/runner/work/ozone/ozone/hadoop-ozone/integration-test"/>
    <property name="os.arch" value="amd64"/>
    <property name="java.vm.specification.name" value="Java Virtual Machine Specification"/>
    <property name="test.build.classes" value="/home/runner/work/ozone/ozone/hadoop-ozone/integration-test/target/test-classes"/>
    <property name="java.awt.printerjob" value="sun.print.PSPrinterJob"/>
    <property name="sun.os.patch.level" value="unknown"/>
    <property name="hadoop.tmp.dir" value="/home/runner/work/ozone/ozone/hadoop-ozone/integration-test/target/tmp"/>
    <property name="java.library.path" value="/usr/java/packages/lib/amd64:/usr/lib64:/lib64:/lib:/usr/lib"/>
    <property name="java.vm.info" value="mixed mode"/>
    <property name="java.vendor" value="AdoptOpenJDK"/>
    <property name="java.vm.version" value="25.292-b10"/>
    <property name="java.ext.dirs" value="/usr/lib/jvm/adoptopenjdk-8-hotspot-amd64/jre/lib/ext:/usr/java/packages/lib/ext"/>
    <property name="sun.io.unicode.encoding" value="UnicodeLittle"/>
    <property name="java.class.version" value="52.0"/>
  </properties>
  <testcase name="testInstallSnapshot" classname="org.apache.hadoop.ozone.scm.TestSCMInstallSnapshotWithHA" time="66.517"/>
  <testcase name="testInstallOldCheckpointFailure" classname="org.apache.hadoop.ozone.scm.TestSCMInstallSnapshotWithHA" time="58.912">
    <error type="java.lang.IllegalThreadStateException">java.lang.IllegalThreadStateException
	at java.lang.Thread.start(Thread.java:708)
	at org.apache.hadoop.ipc.Server.start(Server.java:3396)
	at org.apache.hadoop.hdds.scm.server.SCMDatanodeProtocolServer.start(SCMDatanodeProtocolServer.java:185)
	at org.apache.hadoop.hdds.scm.ha.SCMStateMachine.notifyTermIndexUpdated(SCMStateMachine.java:333)
	at org.apache.hadoop.ozone.scm.TestSCMInstallSnapshotWithHA.testInstallOldCheckpointFailure(TestSCMInstallSnapshotWithHA.java:182)
	at sun.reflect.NativeMethodAccessorImpl.invoke0(Native Method)
	at sun.reflect.NativeMethodAccessorImpl.invoke(NativeMethodAccessorImpl.java:62)
	at sun.reflect.DelegatingMethodAccessorImpl.invoke(DelegatingMethodAccessorImpl.java:43)
	at java.lang.reflect.Method.invoke(Method.java:498)
	at org.junit.platform.commons.util.ReflectionUtils.invokeMethod(ReflectionUtils.java:688)
	at org.junit.jupiter.engine.execution.MethodInvocation.proceed(MethodInvocation.java:60)
	at org.junit.jupiter.engine.execution.InvocationInterceptorChain$ValidatingInvocation.proceed(InvocationInterceptorChain.java:131)
	at org.junit.jupiter.engine.extension.TimeoutInvocation.proceed(TimeoutInvocation.java:46)
	at org.junit.jupiter.engine.extension.TimeoutExtension.intercept(TimeoutExtension.java:149)
	at org.junit.jupiter.engine.extension.TimeoutExtension.interceptTestableMethod(TimeoutExtension.java:140)
	at org.junit.jupiter.engine.extension.TimeoutExtension.interceptTestMethod(TimeoutExtension.java:84)
	at org.junit.jupiter.engine.execution.ExecutableInvoker$ReflectiveInterceptorCall.lambda$ofVoidMethod$0(ExecutableInvoker.java:115)
	at org.junit.jupiter.engine.execution.ExecutableInvoker.lambda$invoke$0(ExecutableInvoker.java:105)
	at org.junit.jupiter.engine.execution.InvocationInterceptorChain$InterceptedInvocation.proceed(InvocationInterceptorChain.java:106)
	at org.junit.jupiter.engine.execution.InvocationInterceptorChain.proceed(InvocationInterceptorChain.java:64)
	at org.junit.jupiter.engine.execution.InvocationInterceptorChain.chainAndInvoke(InvocationInterceptorChain.java:45)
	at org.junit.jupiter.engine.execution.InvocationInterceptorChain.invoke(InvocationInterceptorChain.java:37)
	at org.junit.jupiter.engine.execution.ExecutableInvoker.invoke(ExecutableInvoker.java:104)
	at org.junit.jupiter.engine.execution.ExecutableInvoker.invoke(ExecutableInvoker.java:98)
	at org.junit.jupiter.engine.descriptor.TestMethodTestDescriptor.lambda$invokeTestMethod$6(TestMethodTestDescriptor.java:210)
	at org.junit.platform.engine.support.hierarchical.ThrowableCollector.execute(ThrowableCollector.java:73)
	at org.junit.jupiter.engine.descriptor.TestMethodTestDescriptor.invokeTestMethod(TestMethodTestDescriptor.java:206)
	at org.junit.jupiter.engine.descriptor.TestMethodTestDescriptor.execute(TestMethodTestDescriptor.java:131)
	at org.junit.jupiter.engine.descriptor.TestMethodTestDescriptor.execute(TestMethodTestDescriptor.java:65)
	at org.junit.platform.engine.support.hierarchical.NodeTestTask.lambda$executeRecursively$5(NodeTestTask.java:139)
	at org.junit.platform.engine.support.hierarchical.ThrowableCollector.execute(ThrowableCollector.java:73)
	at org.junit.platform.engine.support.hierarchical.NodeTestTask.lambda$executeRecursively$7(NodeTestTask.java:129)
	at org.junit.platform.engine.support.hierarchical.Node.around(Node.java:137)
	at org.junit.platform.engine.support.hierarchical.NodeTestTask.lambda$executeRecursively$8(NodeTestTask.java:127)
	at org.junit.platform.engine.support.hierarchical.ThrowableCollector.execute(ThrowableCollector.java:73)
	at org.junit.platform.engine.support.hierarchical.NodeTestTask.executeRecursively(NodeTestTask.java:126)
	at org.junit.platform.engine.support.hierarchical.NodeTestTask.execute(NodeTestTask.java:84)
	at java.util.ArrayList.forEach(ArrayList.java:1259)
	at org.junit.platform.engine.support.hierarchical.SameThreadHierarchicalTestExecutorService.invokeAll(SameThreadHierarchicalTestExecutorService.java:38)
	at org.junit.platform.engine.support.hierarchical.NodeTestTask.lambda$executeRecursively$5(NodeTestTask.java:143)
	at org.junit.platform.engine.support.hierarchical.ThrowableCollector.execute(ThrowableCollector.java:73)
	at org.junit.platform.engine.support.hierarchical.NodeTestTask.lambda$executeRecursively$7(NodeTestTask.java:129)
	at org.junit.platform.engine.support.hierarchical.Node.around(Node.java:137)
	at org.junit.platform.engine.support.hierarchical.NodeTestTask.lambda$executeRecursively$8(NodeTestTask.java:127)
	at org.junit.platform.engine.support.hierarchical.ThrowableCollector.execute(ThrowableCollector.java:73)
	at org.junit.platform.engine.support.hierarchical.NodeTestTask.executeRecursively(NodeTestTask.java:126)
	at org.junit.platform.engine.support.hierarchical.NodeTestTask.execute(NodeTestTask.java:84)
	at java.util.ArrayList.forEach(ArrayList.java:1259)
	at org.junit.platform.engine.support.hierarchical.SameThreadHierarchicalTestExecutorService.invokeAll(SameThreadHierarchicalTestExecutorService.java:38)
	at org.junit.platform.engine.support.hierarchical.NodeTestTask.lambda$executeRecursively$5(NodeTestTask.java:143)
	at org.junit.platform.engine.support.hierarchical.ThrowableCollector.execute(ThrowableCollector.java:73)
	at org.junit.platform.engine.support.hierarchical.NodeTestTask.lambda$executeRecursively$7(NodeTestTask.java:129)
	at org.junit.platform.engine.support.hierarchical.Node.around(Node.java:137)
	at org.junit.platform.engine.support.hierarchical.NodeTestTask.lambda$executeRecursively$8(NodeTestTask.java:127)
	at org.junit.platform.engine.support.hierarchical.ThrowableCollector.execute(ThrowableCollector.java:73)
	at org.junit.platform.engine.support.hierarchical.NodeTestTask.executeRecursively(NodeTestTask.java:126)
	at org.junit.platform.engine.support.hierarchical.NodeTestTask.execute(NodeTestTask.java:84)
	at org.junit.platform.engine.support.hierarchical.SameThreadHierarchicalTestExecutorService.submit(SameThreadHierarchicalTestExecutorService.java:32)
	at org.junit.platform.engine.support.hierarchical.HierarchicalTestExecutor.execute(HierarchicalTestExecutor.java:57)
	at org.junit.platform.engine.support.hierarchical.HierarchicalTestEngine.execute(HierarchicalTestEngine.java:51)
	at org.junit.platform.launcher.core.EngineExecutionOrchestrator.execute(EngineExecutionOrchestrator.java:108)
	at org.junit.platform.launcher.core.EngineExecutionOrchestrator.execute(EngineExecutionOrchestrator.java:88)
	at org.junit.platform.launcher.core.EngineExecutionOrchestrator.lambda$execute$0(EngineExecutionOrchestrator.java:54)
	at org.junit.platform.launcher.core.EngineExecutionOrchestrator.withInterceptedStreams(EngineExecutionOrchestrator.java:67)
	at org.junit.platform.launcher.core.EngineExecutionOrchestrator.execute(EngineExecutionOrchestrator.java:52)
	at org.junit.platform.launcher.core.DefaultLauncher.execute(DefaultLauncher.java:96)
	at org.junit.platform.launcher.core.DefaultLauncher.execute(DefaultLauncher.java:75)
	at org.apache.maven.surefire.junitplatform.JUnitPlatformProvider.invokeAllTests(JUnitPlatformProvider.java:142)
	at org.apache.maven.surefire.junitplatform.JUnitPlatformProvider.invoke(JUnitPlatformProvider.java:113)
	at org.apache.maven.surefire.booter.ForkedBooter.invokeProviderInSameClassLoader(ForkedBooter.java:384)
	at org.apache.maven.surefire.booter.ForkedBooter.runSuitesInProcess(ForkedBooter.java:345)
	at org.apache.maven.surefire.booter.ForkedBooter.execute(ForkedBooter.java:126)
	at org.apache.maven.surefire.booter.ForkedBooter.main(ForkedBooter.java:418)
</error>
    <system-out><![CDATA[2021-11-15 13:25:45,546 [Listener at 127.0.0.1/13040] WARN  server.ServerUtils (ServerUtils.java:getScmDbDir(148)) - ozone.scm.db.dirs is not configured. We recommend adding this setting. Falling back to ozone.metadata.dirs instead.
2021-11-15 13:25:45,546 [Listener at 127.0.0.1/13040] INFO  ha.SCMHANodeDetails (SCMHANodeDetails.java:loadSCMHAConfig(157)) - ServiceID for StorageContainerManager is scm-service-test1
2021-11-15 13:25:45,549 [Listener at 127.0.0.1/13040] INFO  ha.SCMHANodeDetails (SCMHANodeDetails.java:loadSCMHAConfig(168)) - ServiceID for StorageContainerManager is scm-service-test1
2021-11-15 13:25:45,551 [Listener at 127.0.0.1/13040] WARN  scm.ScmUtils (ScmUtils.java:logWarn(179)) - ConfigKey ozone.scm.block.client.address is deprecated, For configuring different ports for each SCM use PortConfigKey ozone.scm.block.client.port appended with serviceId and nodeId. If want to configure same port configure ozone.scm.block.client.port
2021-11-15 13:25:45,552 [Listener at 127.0.0.1/13040] WARN  scm.ScmUtils (ScmUtils.java:logWarn(179)) - ConfigKey ozone.scm.client.address is deprecated, For configuring different ports for each SCM use PortConfigKey ozone.scm.client.port appended with serviceId and nodeId. If want to configure same port configure ozone.scm.client.port
2021-11-15 13:25:45,552 [Listener at 127.0.0.1/13040] WARN  scm.ScmUtils (ScmUtils.java:logWarn(179)) - ConfigKey ozone.scm.datanode.address is deprecated, For configuring different ports for each SCM use PortConfigKey ozone.scm.datanode.port appended with serviceId and nodeId. If want to configure same port configure ozone.scm.datanode.port
2021-11-15 13:25:45,552 [Listener at 127.0.0.1/13040] WARN  scm.ScmUtils (ScmUtils.java:logWarn(179)) - ConfigKey ozone.scm.block.client.address is deprecated, For configuring different ports for each SCM use PortConfigKey ozone.scm.block.client.port appended with serviceId and nodeId. If want to configure same port configure ozone.scm.block.client.port
2021-11-15 13:25:45,552 [Listener at 127.0.0.1/13040] WARN  scm.ScmUtils (ScmUtils.java:logWarn(179)) - ConfigKey ozone.scm.client.address is deprecated, For configuring different ports for each SCM use PortConfigKey ozone.scm.client.port appended with serviceId and nodeId. If want to configure same port configure ozone.scm.client.port
2021-11-15 13:25:45,553 [Listener at 127.0.0.1/13040] WARN  scm.ScmUtils (ScmUtils.java:logWarn(179)) - ConfigKey ozone.scm.datanode.address is deprecated, For configuring different ports for each SCM use PortConfigKey ozone.scm.datanode.port appended with serviceId and nodeId. If want to configure same port configure ozone.scm.datanode.port
2021-11-15 13:25:45,553 [Listener at 127.0.0.1/13040] INFO  ha.SCMHANodeDetails (SCMHANodeDetails.java:loadSCMHAConfig(250)) - Found matching SCM address with SCMServiceId: scm-service-test1, SCMNodeId: scmNode-1, RPC Address: localhost:14560 and Ratis port: 14560
2021-11-15 13:25:45,553 [Listener at 127.0.0.1/13040] INFO  ha.SCMHANodeDetails (ConfUtils.java:setNodeSpecificConfigs(108)) - Setting configuration key ozone.scm.datanode.address with value of key ozone.scm.datanode.address.scm-service-test1.scmNode-1: 127.0.0.1:14561
2021-11-15 13:25:45,553 [Listener at 127.0.0.1/13040] INFO  ha.SCMHANodeDetails (ConfUtils.java:setNodeSpecificConfigs(108)) - Setting configuration key ozone.scm.block.client.address with value of key ozone.scm.block.client.address.scm-service-test1.scmNode-1: 127.0.0.1:14562
2021-11-15 13:25:45,554 [Listener at 127.0.0.1/13040] INFO  ha.SCMHANodeDetails (ConfUtils.java:setNodeSpecificConfigs(108)) - Setting configuration key ozone.scm.client.address with value of key ozone.scm.client.address.scm-service-test1.scmNode-1: 127.0.0.1:14563
2021-11-15 13:25:45,554 [Listener at 127.0.0.1/13040] INFO  ha.SCMHANodeDetails (ConfUtils.java:setNodeSpecificConfigs(108)) - Setting configuration key ozone.scm.ratis.port with value of key ozone.scm.ratis.port.scm-service-test1.scmNode-1: 14560
2021-11-15 13:25:45,558 [Listener at 127.0.0.1/13040] INFO  ha.SCMHANodeDetails (ConfUtils.java:setNodeSpecificConfigs(108)) - Setting configuration key ozone.scm.grpc.port with value of key ozone.scm.grpc.port.scm-service-test1.scmNode-1: 14564
2021-11-15 13:25:45,558 [Listener at 127.0.0.1/13040] INFO  ha.SCMHANodeDetails (ConfUtils.java:setNodeSpecificConfigs(108)) - Setting configuration key ozone.scm.http-address with value of key ozone.scm.http-address.scm-service-test1.scmNode-1: 127.0.0.1:14558
2021-11-15 13:25:45,558 [Listener at 127.0.0.1/13040] INFO  ha.SCMHANodeDetails (ConfUtils.java:setNodeSpecificConfigs(108)) - Setting configuration key ozone.scm.https-address with value of key ozone.scm.https-address.scm-service-test1.scmNode-1: 127.0.0.1:14559
2021-11-15 13:25:45,558 [Listener at 127.0.0.1/13040] INFO  ha.SCMHANodeDetails (ConfUtils.java:setNodeSpecificConfigs(108)) - Setting configuration key ozone.scm.address with value of key ozone.scm.address.scm-service-test1.scmNode-1: 127.0.0.1
2021-11-15 13:25:45,558 [Listener at 127.0.0.1/13040] WARN  scm.ScmUtils (ScmUtils.java:logWarn(179)) - ConfigKey ozone.scm.block.client.address is deprecated, For configuring different ports for each SCM use PortConfigKey ozone.scm.block.client.port appended with serviceId and nodeId. If want to configure same port configure ozone.scm.block.client.port
2021-11-15 13:25:45,558 [Listener at 127.0.0.1/13040] WARN  scm.ScmUtils (ScmUtils.java:logWarn(179)) - ConfigKey ozone.scm.client.address is deprecated, For configuring different ports for each SCM use PortConfigKey ozone.scm.client.port appended with serviceId and nodeId. If want to configure same port configure ozone.scm.client.port
2021-11-15 13:25:45,559 [Listener at 127.0.0.1/13040] WARN  scm.ScmUtils (ScmUtils.java:logWarn(179)) - ConfigKey ozone.scm.datanode.address is deprecated, For configuring different ports for each SCM use PortConfigKey ozone.scm.datanode.port appended with serviceId and nodeId. If want to configure same port configure ozone.scm.datanode.port
2021-11-15 13:25:45,581 [Listener at 127.0.0.1/13040] INFO  server.RaftServer (ConfUtils.java:logGet(44)) - raft.rpc.type = GRPC (default)
2021-11-15 13:25:45,581 [Listener at 127.0.0.1/13040] INFO  grpc.GrpcFactory (GrpcFactory.java:checkPooledByteBufAllocatorUseCacheForAllThreads(48)) - PERFORMANCE WARNING: useCacheForAllThreads is true that may cause Netty to create a lot garbage objects and, as a result, trigger GC.
	It is recommended to disable useCacheForAllThreads by setting -Dorg.apache.ratis.thirdparty.io.netty.allocator.useCacheForAllThreads=false in command line.
2021-11-15 13:25:45,581 [Listener at 127.0.0.1/13040] INFO  grpc.GrpcConfigKeys (ConfUtils.java:logGet(44)) - raft.grpc.admin.port = -1 (default)
2021-11-15 13:25:45,581 [Listener at 127.0.0.1/13040] INFO  grpc.GrpcConfigKeys (ConfUtils.java:logGet(44)) - raft.grpc.server.port = 14560 (custom)
2021-11-15 13:25:45,581 [Listener at 127.0.0.1/13040] INFO  grpc.GrpcConfigKeys (ConfUtils.java:logGet(44)) - raft.grpc.client.port = -1 (default)
2021-11-15 13:25:45,582 [Listener at 127.0.0.1/13040] INFO  grpc.GrpcConfigKeys (ConfUtils.java:logGet(44)) - raft.grpc.server.port = 14560 (custom)
2021-11-15 13:25:45,582 [Listener at 127.0.0.1/13040] INFO  grpc.GrpcConfigKeys (ConfUtils.java:logGet(44)) - raft.grpc.server.port = 14560 (custom)
2021-11-15 13:25:45,582 [Listener at 127.0.0.1/13040] INFO  server.GrpcService (ConfUtils.java:logGet(44)) - raft.grpc.message.size.max = 32m (=33554432) (custom)
2021-11-15 13:25:45,583 [Listener at 127.0.0.1/13040] INFO  server.RaftServerConfigKeys (ConfUtils.java:logGet(44)) - raft.server.log.appender.buffer.byte-limit = 33554432 (custom)
2021-11-15 13:25:45,583 [Listener at 127.0.0.1/13040] INFO  server.GrpcService (ConfUtils.java:logGet(44)) - raft.grpc.flow.control.window = 1MB (=1048576) (default)
2021-11-15 13:25:45,583 [Listener at 127.0.0.1/13040] INFO  server.RaftServerConfigKeys (ConfUtils.java:logGet(44)) - raft.server.rpc.request.timeout = 30000ms (custom)
2021-11-15 13:25:45,584 [Listener at 127.0.0.1/13040] INFO  impl.DataStreamServerImpl (ConfUtils.java:logGet(44)) - raft.datastream.type = DISABLED (default)
2021-11-15 13:25:45,585 [Listener at 127.0.0.1/13040] INFO  server.RaftServerConfigKeys (ConfUtils.java:logGet(44)) - raft.server.rpc.slowness.timeout = 120000ms (custom)
2021-11-15 13:25:45,585 [Listener at 127.0.0.1/13040] INFO  server.RaftServerConfigKeys (ConfUtils.java:logGet(44)) - raft.server.leaderelection.leader.step-down.wait-time = 10s (default)
2021-11-15 13:25:45,585 [Listener at 127.0.0.1/13040] INFO  server.RaftServerConfigKeys (ConfUtils.java:logGet(44)) - raft.server.storage.dir = [/home/runner/work/ozone/ozone/hadoop-ozone/integration-test/target/test-dir/MiniOzoneClusterImpl-54fbe6a2-d836-4e9c-ac0d-22c475060fab/scmNode-1/scm-ha] (custom)
2021-11-15 13:25:45,587 [Listener at 127.0.0.1/13040] INFO  server.RaftServer (RaftServerProxy.java:addNew(95)) - cea2b274-67f8-42eb-ae41-f09704fbacf0: addNew group-22C475060FAB:[cea2b274-67f8-42eb-ae41-f09704fbacf0|rpc:localhost:14560|priority:0] returns group-22C475060FAB:java.util.concurrent.CompletableFuture@5d39ef56[Not completed]
2021-11-15 13:25:45,588 [pool-189-thread-1] INFO  server.RaftServer$Division (RaftServerImpl.java:<init>(184)) - cea2b274-67f8-42eb-ae41-f09704fbacf0: new RaftServerImpl for group-22C475060FAB:[cea2b274-67f8-42eb-ae41-f09704fbacf0|rpc:localhost:14560|priority:0] with SCMStateMachine:uninitialized
2021-11-15 13:25:45,598 [pool-189-thread-1] INFO  server.RaftServerConfigKeys (ConfUtils.java:logGet(44)) - raft.server.rpc.timeout.min = 5000ms (custom)
2021-11-15 13:25:45,598 [pool-189-thread-1] INFO  server.RaftServerConfigKeys (ConfUtils.java:logGet(44)) - raft.server.rpc.timeout.max = 5200ms (custom)
2021-11-15 13:25:45,598 [pool-189-thread-1] INFO  server.RaftServerConfigKeys (ConfUtils.java:logGet(44)) - raft.server.rpc.sleep.time = 25ms (default)
2021-11-15 13:25:45,598 [pool-189-thread-1] INFO  server.RaftServerConfigKeys (ConfUtils.java:logGet(44)) - raft.server.rpc.slowness.timeout = 120000ms (custom)
2021-11-15 13:25:45,598 [pool-189-thread-1] INFO  server.RaftServerConfigKeys (ConfUtils.java:logGet(44)) - raft.server.leaderelection.leader.step-down.wait-time = 10s (default)
2021-11-15 13:25:45,598 [pool-189-thread-1] INFO  server.RaftServerConfigKeys (ConfUtils.java:logGet(44)) - raft.server.sleep.deviation.threshold = 300ms (default)
2021-11-15 13:25:45,598 [pool-189-thread-1] INFO  server.RaftServerConfigKeys (ConfUtils.java:logGet(44)) - raft.server.log.appender.install.snapshot.enabled = false (custom)
2021-11-15 13:25:45,598 [pool-189-thread-1] INFO  server.RaftServer$Division (ServerState.java:<init>(105)) - cea2b274-67f8-42eb-ae41-f09704fbacf0@group-22C475060FAB: ConfigurationManager, init=-1: [cea2b274-67f8-42eb-ae41-f09704fbacf0|rpc:localhost:14560|priority:0], old=null, confs=<EMPTY_MAP>
2021-11-15 13:25:45,598 [pool-189-thread-1] INFO  server.RaftServerConfigKeys (ConfUtils.java:logGet(44)) - raft.server.storage.dir = [/home/runner/work/ozone/ozone/hadoop-ozone/integration-test/target/test-dir/MiniOzoneClusterImpl-54fbe6a2-d836-4e9c-ac0d-22c475060fab/scmNode-1/scm-ha] (custom)
2021-11-15 13:25:45,598 [pool-189-thread-1] INFO  server.RaftServerConfigKeys (ConfUtils.java:logGet(44)) - raft.server.log.corruption.policy = EXCEPTION (default)
2021-11-15 13:25:45,598 [pool-189-thread-1] INFO  server.RaftServerConfigKeys (ConfUtils.java:logGet(44)) - raft.server.storage.free-space.min = 0MB (=0) (default)
2021-11-15 13:25:45,599 [pool-189-thread-1] INFO  storage.RaftStorageDirectory (RaftStorageDirectoryImpl.java:analyzeStorage(135)) - The storage directory /home/runner/work/ozone/ozone/hadoop-ozone/integration-test/target/test-dir/MiniOzoneClusterImpl-54fbe6a2-d836-4e9c-ac0d-22c475060fab/scmNode-1/scm-ha/54fbe6a2-d836-4e9c-ac0d-22c475060fab does not exist. Creating ...
2021-11-15 13:25:45,603 [pool-189-thread-1] INFO  storage.RaftStorageDirectory (RaftStorageDirectoryImpl.java:tryLock(230)) - Lock on /home/runner/work/ozone/ozone/hadoop-ozone/integration-test/target/test-dir/MiniOzoneClusterImpl-54fbe6a2-d836-4e9c-ac0d-22c475060fab/scmNode-1/scm-ha/54fbe6a2-d836-4e9c-ac0d-22c475060fab/in_use.lock acquired by nodename 23543@fv-az151-339
2021-11-15 13:25:45,609 [pool-189-thread-1] INFO  storage.RaftStorage (RaftStorageImpl.java:format(89)) - Storage directory /home/runner/work/ozone/ozone/hadoop-ozone/integration-test/target/test-dir/MiniOzoneClusterImpl-54fbe6a2-d836-4e9c-ac0d-22c475060fab/scmNode-1/scm-ha/54fbe6a2-d836-4e9c-ac0d-22c475060fab has been successfully formatted.
2021-11-15 13:25:45,609 [pool-189-thread-1] INFO  server.RaftServerConfigKeys (ConfUtils.java:logGet(44)) - raft.server.notification.no-leader.timeout = 60s (default)
2021-11-15 13:25:45,610 [pool-189-thread-1] INFO  server.RaftServerConfigKeys (ConfUtils.java:logGet(44)) - raft.server.log.use.memory = false (default)
2021-11-15 13:25:45,610 [pool-189-thread-1] INFO  server.RaftServerConfigKeys (ConfUtils.java:logGet(44)) - raft.server.log.purge.gap = 5 (custom)
2021-11-15 13:25:45,610 [pool-189-thread-1] INFO  server.RaftServerConfigKeys (ConfUtils.java:logGet(44)) - raft.server.log.appender.buffer.byte-limit = 33554432 (custom)
2021-11-15 13:25:45,610 [pool-189-thread-1] INFO  server.RaftServerConfigKeys (ConfUtils.java:logGet(44)) - raft.server.log.segment.size.max = 4194304 (custom)
2021-11-15 13:25:45,610 [pool-189-thread-1] INFO  server.RaftServerConfigKeys (ConfUtils.java:logGet(44)) - raft.server.log.segment.cache.num.max = 2 (custom)
2021-11-15 13:25:45,610 [pool-189-thread-1] INFO  server.RaftServerConfigKeys (ConfUtils.java:logGet(44)) - raft.server.log.segment.cache.size.max = 200MB (=209715200) (default)
2021-11-15 13:25:45,610 [pool-189-thread-1] INFO  segmented.SegmentedRaftLogWorker (SegmentedRaftLogWorker.java:<init>(182)) - new cea2b274-67f8-42eb-ae41-f09704fbacf0@group-22C475060FAB-SegmentedRaftLogWorker for RaftStorageImpl:Storage Directory /home/runner/work/ozone/ozone/hadoop-ozone/integration-test/target/test-dir/MiniOzoneClusterImpl-54fbe6a2-d836-4e9c-ac0d-22c475060fab/scmNode-1/scm-ha/54fbe6a2-d836-4e9c-ac0d-22c475060fab
2021-11-15 13:25:45,610 [pool-189-thread-1] INFO  server.RaftServerConfigKeys (ConfUtils.java:logGet(44)) - raft.server.log.queue.byte-limit = 64MB (=67108864) (default)
2021-11-15 13:25:45,610 [pool-189-thread-1] INFO  server.RaftServerConfigKeys (ConfUtils.java:logGet(44)) - raft.server.log.queue.element-limit = 4096 (default)
2021-11-15 13:25:45,610 [pool-189-thread-1] INFO  server.RaftServerConfigKeys (ConfUtils.java:logGet(44)) - raft.server.log.segment.size.max = 4194304 (custom)
2021-11-15 13:25:45,611 [pool-189-thread-1] INFO  server.RaftServerConfigKeys (ConfUtils.java:logGet(44)) - raft.server.log.preallocated.size = 4194304 (custom)
2021-11-15 13:25:45,611 [pool-189-thread-1] INFO  server.RaftServerConfigKeys (ConfUtils.java:logGet(44)) - raft.server.log.force.sync.num = 128 (default)
2021-11-15 13:25:45,611 [pool-189-thread-1] INFO  server.RaftServerConfigKeys (ConfUtils.java:logGet(44)) - raft.server.log.statemachine.data.sync = true (default)
2021-11-15 13:25:45,611 [pool-189-thread-1] INFO  server.RaftServerConfigKeys (ConfUtils.java:logGet(44)) - raft.server.log.statemachine.data.sync.timeout = 10s (default)
2021-11-15 13:25:45,611 [pool-189-thread-1] INFO  server.RaftServerConfigKeys (ConfUtils.java:logGet(44)) - raft.server.log.statemachine.data.sync.timeout.retry = -1 (default)
2021-11-15 13:25:45,611 [pool-189-thread-1] INFO  server.RaftServerConfigKeys (ConfUtils.java:logGet(44)) - raft.server.log.write.buffer.size = 64KB (=65536) (default)
2021-11-15 13:25:45,611 [pool-189-thread-1] INFO  server.RaftServerConfigKeys (ConfUtils.java:logGet(44)) - raft.server.log.statemachine.data.caching.enabled = false (default)
2021-11-15 13:25:45,611 [pool-189-thread-1] INFO  segmented.SegmentedRaftLogWorker (SegmentedRaftLogWorker.java:lambda$new$0(133)) - cea2b274-67f8-42eb-ae41-f09704fbacf0@group-22C475060FAB-SegmentedRaftLogWorker: flushIndex: setUnconditionally 0 -> -1
2021-11-15 13:25:45,611 [pool-189-thread-1] INFO  segmented.SegmentedRaftLogWorker (SegmentedRaftLogWorker.java:lambda$new$0(133)) - cea2b274-67f8-42eb-ae41-f09704fbacf0@group-22C475060FAB-SegmentedRaftLogWorker: safeCacheEvictIndex: setUnconditionally 0 -> -1
2021-11-15 13:25:45,616 [pool-189-thread-1] INFO  server.RaftServerConfigKeys (ConfUtils.java:logGet(44)) - raft.server.snapshot.auto.trigger.enabled = true (custom)
2021-11-15 13:25:45,616 [pool-189-thread-1] INFO  server.RaftServerConfigKeys (ConfUtils.java:logGet(44)) - raft.server.snapshot.auto.trigger.threshold = 5 (custom)
2021-11-15 13:25:45,616 [pool-189-thread-1] INFO  server.RaftServerConfigKeys (ConfUtils.java:logGet(44)) - raft.server.snapshot.retention.file.num = -1 (default)
2021-11-15 13:25:45,616 [pool-189-thread-1] INFO  server.RaftServerConfigKeys (ConfUtils.java:logGet(44)) - raft.server.log.purge.upto.snapshot.index = true (custom)
2021-11-15 13:25:45,617 [pool-189-thread-1] INFO  server.RaftServerConfigKeys (ConfUtils.java:logGet(44)) - raft.server.retrycache.expirytime = 60000ms (default)
2021-11-15 13:25:45,617 [pool-189-thread-1] INFO  server.RaftServerConfigKeys (ConfUtils.java:logGet(44)) - raft.server.retrycache.statistics.expirytime = 100μs (default)
2021-11-15 13:25:45,618 [Listener at 127.0.0.1/13040] INFO  server.RaftServer$Division (RaftServerImpl.java:start(301)) - cea2b274-67f8-42eb-ae41-f09704fbacf0@group-22C475060FAB: start as a follower, conf=-1: [cea2b274-67f8-42eb-ae41-f09704fbacf0|rpc:localhost:14560|priority:0], old=null
2021-11-15 13:25:45,619 [Listener at 127.0.0.1/13040] INFO  server.RaftServer$Division (RaftServerImpl.java:setRole(290)) - cea2b274-67f8-42eb-ae41-f09704fbacf0@group-22C475060FAB: changes role from      null to FOLLOWER at term 0 for startAsFollower
2021-11-15 13:25:45,619 [Listener at 127.0.0.1/13040] INFO  impl.RoleInfo (RoleInfo.java:updateAndGet(130)) - cea2b274-67f8-42eb-ae41-f09704fbacf0: start cea2b274-67f8-42eb-ae41-f09704fbacf0@group-22C475060FAB-FollowerState
2021-11-15 13:25:45,622 [Listener at 127.0.0.1/13040] INFO  util.JmxRegister (JmxRegister.java:tryRegister(44)) - Successfully registered JMX Bean with object name Ratis:service=RaftServer,group=group-22C475060FAB,id=cea2b274-67f8-42eb-ae41-f09704fbacf0
2021-11-15 13:25:45,638 [Listener at 127.0.0.1/13040] INFO  server.RaftServer (RaftServerProxy.java:lambda$start$5(374)) - cea2b274-67f8-42eb-ae41-f09704fbacf0: start RPC server
2021-11-15 13:25:45,642 [Listener at 127.0.0.1/13040] INFO  server.GrpcService (GrpcService.java:startImpl(253)) - cea2b274-67f8-42eb-ae41-f09704fbacf0: GrpcService started, listening on 14560
2021-11-15 13:25:45,648 [org.apache.ratis.util.JvmPauseMonitor$$Lambda$499/1445999733@f9f151b] INFO  util.JvmPauseMonitor (JvmPauseMonitor.java:run(103)) - JvmPauseMonitor-cea2b274-67f8-42eb-ae41-f09704fbacf0: Started
2021-11-15 13:25:46,373 [EndpointStateMachine task thread for /127.0.0.1:14733 - 0 ] INFO  ipc.Client (Client.java:handleConnectionFailure(977)) - Retrying connect to server: localhost/127.0.0.1:14733. Already tried 3 time(s); retry policy is RetryUpToMaximumCountWithFixedSleep(maxRetries=15, sleepTime=1000 MILLISECONDS)
2021-11-15 13:25:46,375 [EndpointStateMachine task thread for /127.0.0.1:14723 - 0 ] INFO  ipc.Client (Client.java:handleConnectionFailure(977)) - Retrying connect to server: localhost/127.0.0.1:14723. Already tried 3 time(s); retry policy is RetryUpToMaximumCountWithFixedSleep(maxRetries=15, sleepTime=1000 MILLISECONDS)
2021-11-15 13:25:46,375 [EndpointStateMachine task thread for /127.0.0.1:14713 - 0 ] INFO  ipc.Client (Client.java:handleConnectionFailure(977)) - Retrying connect to server: localhost/127.0.0.1:14713. Already tried 3 time(s); retry policy is RetryUpToMaximumCountWithFixedSleep(maxRetries=15, sleepTime=1000 MILLISECONDS)
2021-11-15 13:25:47,374 [EndpointStateMachine task thread for /127.0.0.1:14733 - 0 ] INFO  ipc.Client (Client.java:handleConnectionFailure(977)) - Retrying connect to server: localhost/127.0.0.1:14733. Already tried 4 time(s); retry policy is RetryUpToMaximumCountWithFixedSleep(maxRetries=15, sleepTime=1000 MILLISECONDS)
2021-11-15 13:25:47,375 [EndpointStateMachine task thread for /127.0.0.1:14713 - 0 ] INFO  ipc.Client (Client.java:handleConnectionFailure(977)) - Retrying connect to server: localhost/127.0.0.1:14713. Already tried 4 time(s); retry policy is RetryUpToMaximumCountWithFixedSleep(maxRetries=15, sleepTime=1000 MILLISECONDS)
2021-11-15 13:25:47,375 [EndpointStateMachine task thread for /127.0.0.1:14723 - 0 ] INFO  ipc.Client (Client.java:handleConnectionFailure(977)) - Retrying connect to server: localhost/127.0.0.1:14723. Already tried 4 time(s); retry policy is RetryUpToMaximumCountWithFixedSleep(maxRetries=15, sleepTime=1000 MILLISECONDS)
2021-11-15 13:25:48,375 [EndpointStateMachine task thread for /127.0.0.1:14733 - 0 ] INFO  ipc.Client (Client.java:handleConnectionFailure(977)) - Retrying connect to server: localhost/127.0.0.1:14733. Already tried 5 time(s); retry policy is RetryUpToMaximumCountWithFixedSleep(maxRetries=15, sleepTime=1000 MILLISECONDS)
2021-11-15 13:25:48,376 [EndpointStateMachine task thread for /127.0.0.1:14713 - 0 ] INFO  ipc.Client (Client.java:handleConnectionFailure(977)) - Retrying connect to server: localhost/127.0.0.1:14713. Already tried 5 time(s); retry policy is RetryUpToMaximumCountWithFixedSleep(maxRetries=15, sleepTime=1000 MILLISECONDS)
2021-11-15 13:25:48,377 [EndpointStateMachine task thread for /127.0.0.1:14723 - 0 ] INFO  ipc.Client (Client.java:handleConnectionFailure(977)) - Retrying connect to server: localhost/127.0.0.1:14723. Already tried 5 time(s); retry policy is RetryUpToMaximumCountWithFixedSleep(maxRetries=15, sleepTime=1000 MILLISECONDS)
2021-11-15 13:25:49,375 [EndpointStateMachine task thread for /127.0.0.1:14733 - 0 ] INFO  ipc.Client (Client.java:handleConnectionFailure(977)) - Retrying connect to server: localhost/127.0.0.1:14733. Already tried 6 time(s); retry policy is RetryUpToMaximumCountWithFixedSleep(maxRetries=15, sleepTime=1000 MILLISECONDS)
2021-11-15 13:25:49,377 [EndpointStateMachine task thread for /127.0.0.1:14713 - 0 ] INFO  ipc.Client (Client.java:handleConnectionFailure(977)) - Retrying connect to server: localhost/127.0.0.1:14713. Already tried 6 time(s); retry policy is RetryUpToMaximumCountWithFixedSleep(maxRetries=15, sleepTime=1000 MILLISECONDS)
2021-11-15 13:25:49,377 [EndpointStateMachine task thread for /127.0.0.1:14723 - 0 ] INFO  ipc.Client (Client.java:handleConnectionFailure(977)) - Retrying connect to server: localhost/127.0.0.1:14723. Already tried 6 time(s); retry policy is RetryUpToMaximumCountWithFixedSleep(maxRetries=15, sleepTime=1000 MILLISECONDS)
2021-11-15 13:25:50,376 [EndpointStateMachine task thread for /127.0.0.1:14733 - 0 ] INFO  ipc.Client (Client.java:handleConnectionFailure(977)) - Retrying connect to server: localhost/127.0.0.1:14733. Already tried 7 time(s); retry policy is RetryUpToMaximumCountWithFixedSleep(maxRetries=15, sleepTime=1000 MILLISECONDS)
2021-11-15 13:25:50,377 [EndpointStateMachine task thread for /127.0.0.1:14713 - 0 ] INFO  ipc.Client (Client.java:handleConnectionFailure(977)) - Retrying connect to server: localhost/127.0.0.1:14713. Already tried 7 time(s); retry policy is RetryUpToMaximumCountWithFixedSleep(maxRetries=15, sleepTime=1000 MILLISECONDS)
2021-11-15 13:25:50,378 [EndpointStateMachine task thread for /127.0.0.1:14723 - 0 ] INFO  ipc.Client (Client.java:handleConnectionFailure(977)) - Retrying connect to server: localhost/127.0.0.1:14723. Already tried 7 time(s); retry policy is RetryUpToMaximumCountWithFixedSleep(maxRetries=15, sleepTime=1000 MILLISECONDS)
2021-11-15 13:25:50,656 [cea2b274-67f8-42eb-ae41-f09704fbacf0@group-22C475060FAB-FollowerState] INFO  impl.FollowerState (FollowerState.java:run(134)) - cea2b274-67f8-42eb-ae41-f09704fbacf0@group-22C475060FAB-FollowerState: change to CANDIDATE, lastRpcElapsedTime:5037271557ns, electionTimeout:5020ms
2021-11-15 13:25:50,656 [cea2b274-67f8-42eb-ae41-f09704fbacf0@group-22C475060FAB-FollowerState] INFO  impl.RoleInfo (RoleInfo.java:shutdownFollowerState(108)) - cea2b274-67f8-42eb-ae41-f09704fbacf0: shutdown cea2b274-67f8-42eb-ae41-f09704fbacf0@group-22C475060FAB-FollowerState
2021-11-15 13:25:50,656 [cea2b274-67f8-42eb-ae41-f09704fbacf0@group-22C475060FAB-FollowerState] INFO  server.RaftServer$Division (RaftServerImpl.java:setRole(290)) - cea2b274-67f8-42eb-ae41-f09704fbacf0@group-22C475060FAB: changes role from  FOLLOWER to CANDIDATE at term 0 for changeToCandidate
2021-11-15 13:25:50,657 [cea2b274-67f8-42eb-ae41-f09704fbacf0@group-22C475060FAB-FollowerState] INFO  server.RaftServerConfigKeys (ConfUtils.java:logGet(44)) - raft.server.leaderelection.pre-vote = false (custom)
2021-11-15 13:25:50,657 [cea2b274-67f8-42eb-ae41-f09704fbacf0@group-22C475060FAB-FollowerState] INFO  impl.RoleInfo (RoleInfo.java:updateAndGet(130)) - cea2b274-67f8-42eb-ae41-f09704fbacf0: start cea2b274-67f8-42eb-ae41-f09704fbacf0@group-22C475060FAB-LeaderElection10
2021-11-15 13:25:50,686 [cea2b274-67f8-42eb-ae41-f09704fbacf0@group-22C475060FAB-LeaderElection10] INFO  impl.LeaderElection (LeaderElection.java:askForVotes(306)) - cea2b274-67f8-42eb-ae41-f09704fbacf0@group-22C475060FAB-LeaderElection10 ELECTION round 0: submit vote requests at term 1 for -1: [cea2b274-67f8-42eb-ae41-f09704fbacf0|rpc:localhost:14560|priority:0], old=null
2021-11-15 13:25:50,686 [cea2b274-67f8-42eb-ae41-f09704fbacf0@group-22C475060FAB-LeaderElection10] INFO  impl.LeaderElection (LeaderElection.java:askForVotes(308)) - cea2b274-67f8-42eb-ae41-f09704fbacf0@group-22C475060FAB-LeaderElection10 ELECTION round 0: result PASSED (term=1)
2021-11-15 13:25:50,686 [cea2b274-67f8-42eb-ae41-f09704fbacf0@group-22C475060FAB-LeaderElection10] INFO  impl.RoleInfo (RoleInfo.java:shutdownLeaderElection(121)) - cea2b274-67f8-42eb-ae41-f09704fbacf0: shutdown cea2b274-67f8-42eb-ae41-f09704fbacf0@group-22C475060FAB-LeaderElection10
2021-11-15 13:25:50,686 [cea2b274-67f8-42eb-ae41-f09704fbacf0@group-22C475060FAB-LeaderElection10] INFO  server.RaftServer$Division (RaftServerImpl.java:setRole(290)) - cea2b274-67f8-42eb-ae41-f09704fbacf0@group-22C475060FAB: changes role from CANDIDATE to LEADER at term 1 for changeToLeader
2021-11-15 13:25:50,686 [cea2b274-67f8-42eb-ae41-f09704fbacf0@group-22C475060FAB-LeaderElection10] INFO  server.RaftServer$Division (ServerState.java:setLeader(285)) - cea2b274-67f8-42eb-ae41-f09704fbacf0@group-22C475060FAB: change Leader from null to cea2b274-67f8-42eb-ae41-f09704fbacf0 at term 1 for becomeLeader, leader elected after 5076ms
2021-11-15 13:25:50,686 [cea2b274-67f8-42eb-ae41-f09704fbacf0@group-22C475060FAB-LeaderElection10] INFO  server.RaftServerConfigKeys (ConfUtils.java:logGet(44)) - raft.server.staging.catchup.gap = 1000 (default)
2021-11-15 13:25:50,687 [cea2b274-67f8-42eb-ae41-f09704fbacf0@group-22C475060FAB-LeaderElection10] INFO  server.RaftServerConfigKeys (ConfUtils.java:logGet(44)) - raft.server.write.element-limit = 4096 (default)
2021-11-15 13:25:50,687 [cea2b274-67f8-42eb-ae41-f09704fbacf0@group-22C475060FAB-LeaderElection10] INFO  server.RaftServerConfigKeys (ConfUtils.java:logGet(44)) - raft.server.write.byte-limit = 64MB (=67108864) (default)
2021-11-15 13:25:50,687 [cea2b274-67f8-42eb-ae41-f09704fbacf0@group-22C475060FAB-LeaderElection10] INFO  server.RaftServerConfigKeys (ConfUtils.java:logGet(44)) - raft.server.watch.timeout = 10s (default)
2021-11-15 13:25:50,688 [cea2b274-67f8-42eb-ae41-f09704fbacf0@group-22C475060FAB-LeaderElection10] INFO  server.RaftServerConfigKeys (ConfUtils.java:logGet(44)) - raft.server.watch.timeout.denomination = 1s (default)
2021-11-15 13:25:50,688 [cea2b274-67f8-42eb-ae41-f09704fbacf0@group-22C475060FAB-LeaderElection10] INFO  server.RaftServerConfigKeys (ConfUtils.java:logGet(44)) - raft.server.watch.element-limit = 65536 (default)
2021-11-15 13:25:50,688 [cea2b274-67f8-42eb-ae41-f09704fbacf0@group-22C475060FAB-LeaderElection10] INFO  server.RaftServerConfigKeys (ConfUtils.java:logGet(44)) - raft.server.write.element-limit = 4096 (default)
2021-11-15 13:25:50,688 [cea2b274-67f8-42eb-ae41-f09704fbacf0@group-22C475060FAB-LeaderElection10] INFO  server.RaftServerConfigKeys (ConfUtils.java:logGet(44)) - raft.server.write.follower.gap.ratio.max = -1.0 (default)
2021-11-15 13:25:50,688 [cea2b274-67f8-42eb-ae41-f09704fbacf0@group-22C475060FAB-LeaderElection10] INFO  impl.RoleInfo (RoleInfo.java:updateAndGet(130)) - cea2b274-67f8-42eb-ae41-f09704fbacf0: start cea2b274-67f8-42eb-ae41-f09704fbacf0@group-22C475060FAB-LeaderStateImpl
2021-11-15 13:25:50,688 [cea2b274-67f8-42eb-ae41-f09704fbacf0@group-22C475060FAB-LeaderElection10] INFO  segmented.SegmentedRaftLogWorker (SegmentedRaftLogWorker.java:startLogSegment(394)) - cea2b274-67f8-42eb-ae41-f09704fbacf0@group-22C475060FAB-SegmentedRaftLogWorker: Starting segment from index:0
2021-11-15 13:25:50,699 [cea2b274-67f8-42eb-ae41-f09704fbacf0@group-22C475060FAB-SegmentedRaftLogWorker] INFO  segmented.SegmentedRaftLogWorker (SegmentedRaftLogWorker.java:execute(601)) - cea2b274-67f8-42eb-ae41-f09704fbacf0@group-22C475060FAB-SegmentedRaftLogWorker: created new log segment /home/runner/work/ozone/ozone/hadoop-ozone/integration-test/target/test-dir/MiniOzoneClusterImpl-54fbe6a2-d836-4e9c-ac0d-22c475060fab/scmNode-1/scm-ha/54fbe6a2-d836-4e9c-ac0d-22c475060fab/current/log_inprogress_0
2021-11-15 13:25:50,700 [cea2b274-67f8-42eb-ae41-f09704fbacf0@group-22C475060FAB-LeaderElection10] INFO  server.RaftServer$Division (ServerState.java:setRaftConf(387)) - cea2b274-67f8-42eb-ae41-f09704fbacf0@group-22C475060FAB: set configuration 0: [cea2b274-67f8-42eb-ae41-f09704fbacf0|rpc:localhost:14560|admin:|client:|dataStream:|priority:0], old=null
2021-11-15 13:25:51,376 [EndpointStateMachine task thread for /127.0.0.1:14733 - 0 ] INFO  ipc.Client (Client.java:handleConnectionFailure(977)) - Retrying connect to server: localhost/127.0.0.1:14733. Already tried 8 time(s); retry policy is RetryUpToMaximumCountWithFixedSleep(maxRetries=15, sleepTime=1000 MILLISECONDS)
2021-11-15 13:25:51,378 [EndpointStateMachine task thread for /127.0.0.1:14713 - 0 ] INFO  ipc.Client (Client.java:handleConnectionFailure(977)) - Retrying connect to server: localhost/127.0.0.1:14713. Already tried 8 time(s); retry policy is RetryUpToMaximumCountWithFixedSleep(maxRetries=15, sleepTime=1000 MILLISECONDS)
2021-11-15 13:25:51,378 [EndpointStateMachine task thread for /127.0.0.1:14723 - 0 ] INFO  ipc.Client (Client.java:handleConnectionFailure(977)) - Retrying connect to server: localhost/127.0.0.1:14723. Already tried 8 time(s); retry policy is RetryUpToMaximumCountWithFixedSleep(maxRetries=15, sleepTime=1000 MILLISECONDS)
2021-11-15 13:25:51,649 [Listener at 127.0.0.1/13040] INFO  server.RaftServer (RaftServerProxy.java:lambda$close$6(391)) - cea2b274-67f8-42eb-ae41-f09704fbacf0: close
2021-11-15 13:25:51,649 [Listener at 127.0.0.1/13040] INFO  server.RaftServer$Division (RaftServerImpl.java:lambda$close$4(412)) - cea2b274-67f8-42eb-ae41-f09704fbacf0@group-22C475060FAB: shutdown
2021-11-15 13:25:51,649 [Listener at 127.0.0.1/13040] INFO  util.JmxRegister (JmxRegister.java:unregister(73)) - Successfully un-registered JMX Bean with object name Ratis:service=RaftServer,group=group-22C475060FAB,id=cea2b274-67f8-42eb-ae41-f09704fbacf0
2021-11-15 13:25:51,650 [Listener at 127.0.0.1/13040] INFO  impl.RoleInfo (RoleInfo.java:shutdownLeaderState(91)) - cea2b274-67f8-42eb-ae41-f09704fbacf0: shutdown cea2b274-67f8-42eb-ae41-f09704fbacf0@group-22C475060FAB-LeaderStateImpl
2021-11-15 13:25:51,650 [Listener at 127.0.0.1/13040] INFO  impl.PendingRequests (PendingRequests.java:sendNotLeaderResponses(282)) - cea2b274-67f8-42eb-ae41-f09704fbacf0@group-22C475060FAB-PendingRequests: sendNotLeaderResponses
2021-11-15 13:25:51,650 [Listener at 127.0.0.1/13040] INFO  impl.StateMachineUpdater (StateMachineUpdater.java:stopAndJoin(149)) - cea2b274-67f8-42eb-ae41-f09704fbacf0@group-22C475060FAB-StateMachineUpdater: set stopIndex = 0
2021-11-15 13:25:51,652 [cea2b274-67f8-42eb-ae41-f09704fbacf0@group-22C475060FAB-StateMachineUpdater] INFO  impl.StateMachineUpdater (StateMachineUpdater.java:takeSnapshot(281)) - cea2b274-67f8-42eb-ae41-f09704fbacf0@group-22C475060FAB-StateMachineUpdater: Took a snapshot at index 0
2021-11-15 13:25:51,652 [cea2b274-67f8-42eb-ae41-f09704fbacf0@group-22C475060FAB-StateMachineUpdater] INFO  impl.StateMachineUpdater (StateMachineUpdater.java:lambda$new$0(89)) - cea2b274-67f8-42eb-ae41-f09704fbacf0@group-22C475060FAB-StateMachineUpdater: snapshotIndex: updateIncreasingly -1 -> 0
2021-11-15 13:25:51,652 [Listener at 127.0.0.1/13040] INFO  server.RaftServer$Division (ServerState.java:close(419)) - cea2b274-67f8-42eb-ae41-f09704fbacf0@group-22C475060FAB: closes. applyIndex: 0
2021-11-15 13:25:51,652 [cea2b274-67f8-42eb-ae41-f09704fbacf0@group-22C475060FAB-SegmentedRaftLogWorker] INFO  segmented.SegmentedRaftLogWorker (SegmentedRaftLogWorker.java:run(327)) - cea2b274-67f8-42eb-ae41-f09704fbacf0@group-22C475060FAB-SegmentedRaftLogWorker was interrupted, exiting. There are 0 tasks remaining in the queue.
2021-11-15 13:25:51,653 [Listener at 127.0.0.1/13040] INFO  segmented.SegmentedRaftLogWorker (SegmentedRaftLogWorker.java:close(237)) - cea2b274-67f8-42eb-ae41-f09704fbacf0@group-22C475060FAB-SegmentedRaftLogWorker close()
2021-11-15 13:25:51,654 [Listener at 127.0.0.1/13040] INFO  server.GrpcService (GrpcService.java:closeImpl(262)) - cea2b274-67f8-42eb-ae41-f09704fbacf0: shutdown server with port 14560 now
2021-11-15 13:25:51,656 [Listener at 127.0.0.1/13040] INFO  server.GrpcService (GrpcService.java:closeImpl(271)) - cea2b274-67f8-42eb-ae41-f09704fbacf0: shutdown server with port 14560 successfully
2021-11-15 13:25:51,656 [org.apache.ratis.util.JvmPauseMonitor$$Lambda$499/1445999733@f9f151b] INFO  util.JvmPauseMonitor (JvmPauseMonitor.java:run(109)) - JvmPauseMonitor-cea2b274-67f8-42eb-ae41-f09704fbacf0: Stopped
2021-11-15 13:25:51,660 [Listener at 127.0.0.1/13040] WARN  server.ServerUtils (ServerUtils.java:getScmDbDir(148)) - ozone.scm.db.dirs is not configured. We recommend adding this setting. Falling back to ozone.metadata.dirs instead.
2021-11-15 13:25:51,662 [Listener at 127.0.0.1/13040] INFO  server.StorageContainerManager (StorageContainerManager.java:scmInit(1083)) - SCM initialization succeeded. Current cluster id for sd=/home/runner/work/ozone/ozone/hadoop-ozone/integration-test/target/test-dir/MiniOzoneClusterImpl-54fbe6a2-d836-4e9c-ac0d-22c475060fab/scmNode-1/scm; cid=54fbe6a2-d836-4e9c-ac0d-22c475060fab; layoutVersion=2; scmId=cea2b274-67f8-42eb-ae41-f09704fbacf0
2021-11-15 13:25:51,662 [Listener at 127.0.0.1/13040] INFO  ha.SCMHANodeDetails (SCMHANodeDetails.java:loadSCMHAConfig(157)) - ServiceID for StorageContainerManager is scm-service-test1
2021-11-15 13:25:51,663 [Listener at 127.0.0.1/13040] INFO  ha.SCMHANodeDetails (SCMHANodeDetails.java:loadSCMHAConfig(168)) - ServiceID for StorageContainerManager is scm-service-test1
2021-11-15 13:25:51,663 [Listener at 127.0.0.1/13040] WARN  scm.ScmUtils (ScmUtils.java:logWarn(179)) - ConfigKey ozone.scm.block.client.address is deprecated, For configuring different ports for each SCM use PortConfigKey ozone.scm.block.client.port appended with serviceId and nodeId. If want to configure same port configure ozone.scm.block.client.port
2021-11-15 13:25:51,663 [Listener at 127.0.0.1/13040] WARN  scm.ScmUtils (ScmUtils.java:logWarn(179)) - ConfigKey ozone.scm.client.address is deprecated, For configuring different ports for each SCM use PortConfigKey ozone.scm.client.port appended with serviceId and nodeId. If want to configure same port configure ozone.scm.client.port
2021-11-15 13:25:51,663 [Listener at 127.0.0.1/13040] WARN  scm.ScmUtils (ScmUtils.java:logWarn(179)) - ConfigKey ozone.scm.datanode.address is deprecated, For configuring different ports for each SCM use PortConfigKey ozone.scm.datanode.port appended with serviceId and nodeId. If want to configure same port configure ozone.scm.datanode.port
2021-11-15 13:25:51,663 [Listener at 127.0.0.1/13040] WARN  scm.ScmUtils (ScmUtils.java:logWarn(179)) - ConfigKey ozone.scm.block.client.address is deprecated, For configuring different ports for each SCM use PortConfigKey ozone.scm.block.client.port appended with serviceId and nodeId. If want to configure same port configure ozone.scm.block.client.port
2021-11-15 13:25:51,663 [Listener at 127.0.0.1/13040] WARN  scm.ScmUtils (ScmUtils.java:logWarn(179)) - ConfigKey ozone.scm.client.address is deprecated, For configuring different ports for each SCM use PortConfigKey ozone.scm.client.port appended with serviceId and nodeId. If want to configure same port configure ozone.scm.client.port
2021-11-15 13:25:51,664 [Listener at 127.0.0.1/13040] WARN  scm.ScmUtils (ScmUtils.java:logWarn(179)) - ConfigKey ozone.scm.datanode.address is deprecated, For configuring different ports for each SCM use PortConfigKey ozone.scm.datanode.port appended with serviceId and nodeId. If want to configure same port configure ozone.scm.datanode.port
2021-11-15 13:25:51,664 [Listener at 127.0.0.1/13040] INFO  ha.SCMHANodeDetails (SCMHANodeDetails.java:loadSCMHAConfig(250)) - Found matching SCM address with SCMServiceId: scm-service-test1, SCMNodeId: scmNode-1, RPC Address: localhost:14560 and Ratis port: 14560
2021-11-15 13:25:51,664 [Listener at 127.0.0.1/13040] INFO  ha.SCMHANodeDetails (ConfUtils.java:setNodeSpecificConfigs(108)) - Setting configuration key ozone.scm.datanode.address with value of key ozone.scm.datanode.address.scm-service-test1.scmNode-1: 127.0.0.1:14561
2021-11-15 13:25:51,664 [Listener at 127.0.0.1/13040] INFO  ha.SCMHANodeDetails (ConfUtils.java:setNodeSpecificConfigs(108)) - Setting configuration key ozone.scm.block.client.address with value of key ozone.scm.block.client.address.scm-service-test1.scmNode-1: 127.0.0.1:14562
2021-11-15 13:25:51,664 [Listener at 127.0.0.1/13040] INFO  ha.SCMHANodeDetails (ConfUtils.java:setNodeSpecificConfigs(108)) - Setting configuration key ozone.scm.client.address with value of key ozone.scm.client.address.scm-service-test1.scmNode-1: 127.0.0.1:14563
2021-11-15 13:25:51,664 [Listener at 127.0.0.1/13040] INFO  ha.SCMHANodeDetails (ConfUtils.java:setNodeSpecificConfigs(108)) - Setting configuration key ozone.scm.ratis.port with value of key ozone.scm.ratis.port.scm-service-test1.scmNode-1: 14560
2021-11-15 13:25:51,664 [Listener at 127.0.0.1/13040] INFO  ha.SCMHANodeDetails (ConfUtils.java:setNodeSpecificConfigs(108)) - Setting configuration key ozone.scm.grpc.port with value of key ozone.scm.grpc.port.scm-service-test1.scmNode-1: 14564
2021-11-15 13:25:51,664 [Listener at 127.0.0.1/13040] INFO  ha.SCMHANodeDetails (ConfUtils.java:setNodeSpecificConfigs(108)) - Setting configuration key ozone.scm.http-address with value of key ozone.scm.http-address.scm-service-test1.scmNode-1: 127.0.0.1:14558
2021-11-15 13:25:51,664 [Listener at 127.0.0.1/13040] INFO  ha.SCMHANodeDetails (ConfUtils.java:setNodeSpecificConfigs(108)) - Setting configuration key ozone.scm.https-address with value of key ozone.scm.https-address.scm-service-test1.scmNode-1: 127.0.0.1:14559
2021-11-15 13:25:51,664 [Listener at 127.0.0.1/13040] INFO  ha.SCMHANodeDetails (ConfUtils.java:setNodeSpecificConfigs(108)) - Setting configuration key ozone.scm.address with value of key ozone.scm.address.scm-service-test1.scmNode-1: 127.0.0.1
2021-11-15 13:25:51,664 [Listener at 127.0.0.1/13040] WARN  scm.ScmUtils (ScmUtils.java:logWarn(179)) - ConfigKey ozone.scm.block.client.address is deprecated, For configuring different ports for each SCM use PortConfigKey ozone.scm.block.client.port appended with serviceId and nodeId. If want to configure same port configure ozone.scm.block.client.port
2021-11-15 13:25:51,664 [Listener at 127.0.0.1/13040] WARN  scm.ScmUtils (ScmUtils.java:logWarn(179)) - ConfigKey ozone.scm.client.address is deprecated, For configuring different ports for each SCM use PortConfigKey ozone.scm.client.port appended with serviceId and nodeId. If want to configure same port configure ozone.scm.client.port
2021-11-15 13:25:51,665 [Listener at 127.0.0.1/13040] WARN  scm.ScmUtils (ScmUtils.java:logWarn(179)) - ConfigKey ozone.scm.datanode.address is deprecated, For configuring different ports for each SCM use PortConfigKey ozone.scm.datanode.port appended with serviceId and nodeId. If want to configure same port configure ozone.scm.datanode.port
2021-11-15 13:25:51,665 [Listener at 127.0.0.1/13040] WARN  server.ServerUtils (ServerUtils.java:getScmDbDir(148)) - ozone.scm.db.dirs is not configured. We recommend adding this setting. Falling back to ozone.metadata.dirs instead.
2021-11-15 13:25:51,665 [Listener at 127.0.0.1/13040] INFO  upgrade.AbstractLayoutVersionManager (AbstractLayoutVersionManager.java:init(79)) - Initializing Layout version manager with metadata layout = SCM_HA (version = 2), software layout = SCM_HA (version = 2)
2021-11-15 13:25:51,743 [Listener at 127.0.0.1/13040] INFO  reflections.Reflections (Reflections.java:scan(232)) - Reflections took 76 ms to scan 7 urls, producing 119 keys and 279 values 
2021-11-15 13:25:51,751 [Listener at 127.0.0.1/13040] WARN  utils.HAUtils (HAUtils.java:getMetaDir(342)) - ozone.scm.db.dirs is not configured. We recommend adding this setting. Falling back to ozone.metadata.dirs instead.
2021-11-15 13:25:51,752 [Listener at 127.0.0.1/13040] WARN  db.DBStoreBuilder (DBStoreBuilder.java:applyDBDefinition(145)) - ozone.scm.db.dirs is not configured. We recommend adding this setting. Falling back to ozone.metadata.dirs instead.
2021-11-15 13:25:52,016 [Listener at 127.0.0.1/13040] INFO  net.NodeSchemaLoader (NodeSchemaLoader.java:loadSchemaFromFile(129)) - Loading schema from [jar:file:/home/runner/.m2/repository/org/apache/ozone/hdds-common/1.2.0-SNAPSHOT/hdds-common-1.2.0-SNAPSHOT.jar!/network-topology-default.xml]
2021-11-15 13:25:52,022 [Listener at 127.0.0.1/13040] INFO  net.NodeSchemaLoader (NodeSchemaLoader.java:loadSchema(176)) - Loading network topology layer schema file
2021-11-15 13:25:52,032 [Listener at 127.0.0.1/13040] INFO  ha.SCMRatisServerImpl (SCMRatisServerImpl.java:<init>(87)) - starting Raft server for scm:cea2b274-67f8-42eb-ae41-f09704fbacf0
2021-11-15 13:25:52,033 [Listener at 127.0.0.1/13040] INFO  server.RaftServer (ConfUtils.java:logGet(44)) - raft.rpc.type = GRPC (default)
2021-11-15 13:25:52,033 [Listener at 127.0.0.1/13040] INFO  grpc.GrpcFactory (GrpcFactory.java:checkPooledByteBufAllocatorUseCacheForAllThreads(48)) - PERFORMANCE WARNING: useCacheForAllThreads is true that may cause Netty to create a lot garbage objects and, as a result, trigger GC.
	It is recommended to disable useCacheForAllThreads by setting -Dorg.apache.ratis.thirdparty.io.netty.allocator.useCacheForAllThreads=false in command line.
2021-11-15 13:25:52,033 [Listener at 127.0.0.1/13040] INFO  grpc.GrpcConfigKeys (ConfUtils.java:logGet(44)) - raft.grpc.admin.port = -1 (default)
2021-11-15 13:25:52,033 [Listener at 127.0.0.1/13040] INFO  grpc.GrpcConfigKeys (ConfUtils.java:logGet(44)) - raft.grpc.server.port = 14560 (custom)
2021-11-15 13:25:52,034 [Listener at 127.0.0.1/13040] INFO  grpc.GrpcConfigKeys (ConfUtils.java:logGet(44)) - raft.grpc.client.port = -1 (default)
2021-11-15 13:25:52,034 [Listener at 127.0.0.1/13040] INFO  grpc.GrpcConfigKeys (ConfUtils.java:logGet(44)) - raft.grpc.server.port = 14560 (custom)
2021-11-15 13:25:52,034 [Listener at 127.0.0.1/13040] INFO  grpc.GrpcConfigKeys (ConfUtils.java:logGet(44)) - raft.grpc.server.port = 14560 (custom)
2021-11-15 13:25:52,034 [Listener at 127.0.0.1/13040] INFO  server.GrpcService (ConfUtils.java:logGet(44)) - raft.grpc.message.size.max = 32m (=33554432) (custom)
2021-11-15 13:25:52,034 [Listener at 127.0.0.1/13040] INFO  server.RaftServerConfigKeys (ConfUtils.java:logGet(44)) - raft.server.log.appender.buffer.byte-limit = 33554432 (custom)
2021-11-15 13:25:52,034 [Listener at 127.0.0.1/13040] INFO  server.GrpcService (ConfUtils.java:logGet(44)) - raft.grpc.flow.control.window = 1MB (=1048576) (default)
2021-11-15 13:25:52,035 [Listener at 127.0.0.1/13040] INFO  server.RaftServerConfigKeys (ConfUtils.java:logGet(44)) - raft.server.rpc.request.timeout = 30000ms (custom)
2021-11-15 13:25:52,036 [Listener at 127.0.0.1/13040] INFO  impl.DataStreamServerImpl (ConfUtils.java:logGet(44)) - raft.datastream.type = DISABLED (default)
2021-11-15 13:25:52,036 [Listener at 127.0.0.1/13040] INFO  server.RaftServerConfigKeys (ConfUtils.java:logGet(44)) - raft.server.rpc.slowness.timeout = 120000ms (custom)
2021-11-15 13:25:52,036 [Listener at 127.0.0.1/13040] INFO  server.RaftServerConfigKeys (ConfUtils.java:logGet(44)) - raft.server.leaderelection.leader.step-down.wait-time = 10s (default)
2021-11-15 13:25:52,036 [Listener at 127.0.0.1/13040] INFO  server.RaftServerConfigKeys (ConfUtils.java:logGet(44)) - raft.server.storage.dir = [/home/runner/work/ozone/ozone/hadoop-ozone/integration-test/target/test-dir/MiniOzoneClusterImpl-54fbe6a2-d836-4e9c-ac0d-22c475060fab/scmNode-1/scm-ha] (custom)
2021-11-15 13:25:52,036 [Listener at 127.0.0.1/13040] INFO  server.RaftServer (RaftServerProxy.java:lambda$null$1(235)) - cea2b274-67f8-42eb-ae41-f09704fbacf0: found a subdirectory /home/runner/work/ozone/ozone/hadoop-ozone/integration-test/target/test-dir/MiniOzoneClusterImpl-54fbe6a2-d836-4e9c-ac0d-22c475060fab/scmNode-1/scm-ha/54fbe6a2-d836-4e9c-ac0d-22c475060fab
2021-11-15 13:25:52,058 [Listener at 127.0.0.1/13040] INFO  server.RaftServer (RaftServerProxy.java:addNew(95)) - cea2b274-67f8-42eb-ae41-f09704fbacf0: addNew group-22C475060FAB:[] returns group-22C475060FAB:java.util.concurrent.CompletableFuture@4f7820f8[Not completed]
2021-11-15 13:25:52,058 [pool-204-thread-1] INFO  server.RaftServer$Division (RaftServerImpl.java:<init>(184)) - cea2b274-67f8-42eb-ae41-f09704fbacf0: new RaftServerImpl for group-22C475060FAB:[] with SCMStateMachine:uninitialized
2021-11-15 13:25:52,059 [pool-204-thread-1] INFO  server.RaftServerConfigKeys (ConfUtils.java:logGet(44)) - raft.server.rpc.timeout.min = 5000ms (custom)
2021-11-15 13:25:52,059 [pool-204-thread-1] INFO  server.RaftServerConfigKeys (ConfUtils.java:logGet(44)) - raft.server.rpc.timeout.max = 5200ms (custom)
2021-11-15 13:25:52,059 [pool-204-thread-1] INFO  server.RaftServerConfigKeys (ConfUtils.java:logGet(44)) - raft.server.rpc.sleep.time = 25ms (default)
2021-11-15 13:25:52,059 [pool-204-thread-1] INFO  server.RaftServerConfigKeys (ConfUtils.java:logGet(44)) - raft.server.rpc.slowness.timeout = 120000ms (custom)
2021-11-15 13:25:52,059 [pool-204-thread-1] INFO  server.RaftServerConfigKeys (ConfUtils.java:logGet(44)) - raft.server.leaderelection.leader.step-down.wait-time = 10s (default)
2021-11-15 13:25:52,059 [pool-204-thread-1] INFO  server.RaftServerConfigKeys (ConfUtils.java:logGet(44)) - raft.server.sleep.deviation.threshold = 300ms (default)
2021-11-15 13:25:52,059 [pool-204-thread-1] INFO  server.RaftServerConfigKeys (ConfUtils.java:logGet(44)) - raft.server.log.appender.install.snapshot.enabled = false (custom)
2021-11-15 13:25:52,059 [pool-204-thread-1] INFO  server.RaftServer$Division (ServerState.java:<init>(105)) - cea2b274-67f8-42eb-ae41-f09704fbacf0@group-22C475060FAB: ConfigurationManager, init=-1: [], old=null, confs=<EMPTY_MAP>
2021-11-15 13:25:52,059 [pool-204-thread-1] INFO  server.RaftServerConfigKeys (ConfUtils.java:logGet(44)) - raft.server.storage.dir = [/home/runner/work/ozone/ozone/hadoop-ozone/integration-test/target/test-dir/MiniOzoneClusterImpl-54fbe6a2-d836-4e9c-ac0d-22c475060fab/scmNode-1/scm-ha] (custom)
2021-11-15 13:25:52,059 [pool-204-thread-1] INFO  server.RaftServerConfigKeys (ConfUtils.java:logGet(44)) - raft.server.log.corruption.policy = EXCEPTION (default)
2021-11-15 13:25:52,059 [pool-204-thread-1] INFO  server.RaftServerConfigKeys (ConfUtils.java:logGet(44)) - raft.server.storage.free-space.min = 0MB (=0) (default)
2021-11-15 13:25:52,068 [pool-204-thread-1] INFO  storage.RaftStorageDirectory (RaftStorageDirectoryImpl.java:tryLock(230)) - Lock on /home/runner/work/ozone/ozone/hadoop-ozone/integration-test/target/test-dir/MiniOzoneClusterImpl-54fbe6a2-d836-4e9c-ac0d-22c475060fab/scmNode-1/scm-ha/54fbe6a2-d836-4e9c-ac0d-22c475060fab/in_use.lock acquired by nodename 23543@fv-az151-339
2021-11-15 13:25:52,068 [pool-204-thread-1] INFO  storage.RaftStorage (RaftStorageImpl.java:analyzeAndRecoverStorage(110)) - Read RaftStorageMetadata{term=1, votedFor=cea2b274-67f8-42eb-ae41-f09704fbacf0} from /home/runner/work/ozone/ozone/hadoop-ozone/integration-test/target/test-dir/MiniOzoneClusterImpl-54fbe6a2-d836-4e9c-ac0d-22c475060fab/scmNode-1/scm-ha/54fbe6a2-d836-4e9c-ac0d-22c475060fab/current/raft-meta
2021-11-15 13:25:52,068 [pool-204-thread-1] INFO  server.RaftServer$Division (ServerState.java:setRaftConf(387)) - cea2b274-67f8-42eb-ae41-f09704fbacf0@group-22C475060FAB: set configuration 0: [cea2b274-67f8-42eb-ae41-f09704fbacf0|rpc:localhost:14560|admin:|client:|dataStream:|priority:0], old=null
2021-11-15 13:25:52,068 [pool-204-thread-1] INFO  server.RaftServerConfigKeys (ConfUtils.java:logGet(44)) - raft.server.notification.no-leader.timeout = 60s (default)
2021-11-15 13:25:52,068 [pool-204-thread-1] INFO  server.RaftServerConfigKeys (ConfUtils.java:logGet(44)) - raft.server.log.use.memory = false (default)
2021-11-15 13:25:52,068 [pool-204-thread-1] INFO  server.RaftServerConfigKeys (ConfUtils.java:logGet(44)) - raft.server.log.purge.gap = 5 (custom)
2021-11-15 13:25:52,068 [pool-204-thread-1] INFO  server.RaftServerConfigKeys (ConfUtils.java:logGet(44)) - raft.server.log.appender.buffer.byte-limit = 33554432 (custom)
2021-11-15 13:25:52,069 [pool-204-thread-1] INFO  server.RaftServerConfigKeys (ConfUtils.java:logGet(44)) - raft.server.log.segment.size.max = 4194304 (custom)
2021-11-15 13:25:52,069 [pool-204-thread-1] INFO  server.RaftServerConfigKeys (ConfUtils.java:logGet(44)) - raft.server.log.segment.cache.num.max = 2 (custom)
2021-11-15 13:25:52,069 [pool-204-thread-1] INFO  server.RaftServerConfigKeys (ConfUtils.java:logGet(44)) - raft.server.log.segment.cache.size.max = 200MB (=209715200) (default)
2021-11-15 13:25:52,069 [pool-204-thread-1] INFO  segmented.SegmentedRaftLogWorker (SegmentedRaftLogWorker.java:<init>(182)) - new cea2b274-67f8-42eb-ae41-f09704fbacf0@group-22C475060FAB-SegmentedRaftLogWorker for RaftStorageImpl:Storage Directory /home/runner/work/ozone/ozone/hadoop-ozone/integration-test/target/test-dir/MiniOzoneClusterImpl-54fbe6a2-d836-4e9c-ac0d-22c475060fab/scmNode-1/scm-ha/54fbe6a2-d836-4e9c-ac0d-22c475060fab
2021-11-15 13:25:52,069 [pool-204-thread-1] INFO  server.RaftServerConfigKeys (ConfUtils.java:logGet(44)) - raft.server.log.queue.byte-limit = 64MB (=67108864) (default)
2021-11-15 13:25:52,069 [pool-204-thread-1] INFO  server.RaftServerConfigKeys (ConfUtils.java:logGet(44)) - raft.server.log.queue.element-limit = 4096 (default)
2021-11-15 13:25:52,069 [pool-204-thread-1] INFO  server.RaftServerConfigKeys (ConfUtils.java:logGet(44)) - raft.server.log.segment.size.max = 4194304 (custom)
2021-11-15 13:25:52,069 [pool-204-thread-1] INFO  server.RaftServerConfigKeys (ConfUtils.java:logGet(44)) - raft.server.log.preallocated.size = 4194304 (custom)
2021-11-15 13:25:52,069 [pool-204-thread-1] INFO  server.RaftServerConfigKeys (ConfUtils.java:logGet(44)) - raft.server.log.force.sync.num = 128 (default)
2021-11-15 13:25:52,069 [pool-204-thread-1] INFO  server.RaftServerConfigKeys (ConfUtils.java:logGet(44)) - raft.server.log.statemachine.data.sync = true (default)
2021-11-15 13:25:52,069 [pool-204-thread-1] INFO  server.RaftServerConfigKeys (ConfUtils.java:logGet(44)) - raft.server.log.statemachine.data.sync.timeout = 10s (default)
2021-11-15 13:25:52,069 [pool-204-thread-1] INFO  server.RaftServerConfigKeys (ConfUtils.java:logGet(44)) - raft.server.log.statemachine.data.sync.timeout.retry = -1 (default)
2021-11-15 13:25:52,070 [pool-204-thread-1] INFO  server.RaftServerConfigKeys (ConfUtils.java:logGet(44)) - raft.server.log.write.buffer.size = 64KB (=65536) (default)
2021-11-15 13:25:52,070 [pool-204-thread-1] INFO  server.RaftServerConfigKeys (ConfUtils.java:logGet(44)) - raft.server.log.statemachine.data.caching.enabled = false (default)
2021-11-15 13:25:52,070 [pool-204-thread-1] INFO  server.RaftServer$Division (ServerState.java:setRaftConf(387)) - cea2b274-67f8-42eb-ae41-f09704fbacf0@group-22C475060FAB: set configuration 0: [cea2b274-67f8-42eb-ae41-f09704fbacf0|rpc:localhost:14560|admin:|client:|dataStream:|priority:0], old=null
2021-11-15 13:25:52,071 [pool-204-thread-1] INFO  segmented.LogSegment (LogSegment.java:loadSegment(173)) - Successfully read 1 entries from segment file /home/runner/work/ozone/ozone/hadoop-ozone/integration-test/target/test-dir/MiniOzoneClusterImpl-54fbe6a2-d836-4e9c-ac0d-22c475060fab/scmNode-1/scm-ha/54fbe6a2-d836-4e9c-ac0d-22c475060fab/current/log_inprogress_0
2021-11-15 13:25:52,071 [pool-204-thread-1] INFO  segmented.SegmentedRaftLogWorker (SegmentedRaftLogWorker.java:lambda$new$0(133)) - cea2b274-67f8-42eb-ae41-f09704fbacf0@group-22C475060FAB-SegmentedRaftLogWorker: flushIndex: setUnconditionally 0 -> 0
2021-11-15 13:25:52,071 [pool-204-thread-1] INFO  segmented.SegmentedRaftLogWorker (SegmentedRaftLogWorker.java:lambda$new$0(133)) - cea2b274-67f8-42eb-ae41-f09704fbacf0@group-22C475060FAB-SegmentedRaftLogWorker: safeCacheEvictIndex: setUnconditionally 0 -> -1
2021-11-15 13:25:52,082 [pool-204-thread-1] INFO  server.RaftServerConfigKeys (ConfUtils.java:logGet(44)) - raft.server.snapshot.auto.trigger.enabled = true (custom)
2021-11-15 13:25:52,082 [pool-204-thread-1] INFO  server.RaftServerConfigKeys (ConfUtils.java:logGet(44)) - raft.server.snapshot.auto.trigger.threshold = 5 (custom)
2021-11-15 13:25:52,082 [pool-204-thread-1] INFO  server.RaftServerConfigKeys (ConfUtils.java:logGet(44)) - raft.server.snapshot.retention.file.num = -1 (default)
2021-11-15 13:25:52,082 [pool-204-thread-1] INFO  server.RaftServerConfigKeys (ConfUtils.java:logGet(44)) - raft.server.log.purge.upto.snapshot.index = true (custom)
2021-11-15 13:25:52,082 [pool-204-thread-1] INFO  server.RaftServerConfigKeys (ConfUtils.java:logGet(44)) - raft.server.retrycache.expirytime = 60000ms (default)
2021-11-15 13:25:52,082 [pool-204-thread-1] INFO  server.RaftServerConfigKeys (ConfUtils.java:logGet(44)) - raft.server.retrycache.statistics.expirytime = 100μs (default)
2021-11-15 13:25:52,083 [Listener at 127.0.0.1/13040] INFO  ha.SCMSnapshotProvider (SCMSnapshotProvider.java:<init>(66)) - Initializing SCM Snapshot Provider
2021-11-15 13:25:52,083 [Listener at 127.0.0.1/13040] WARN  server.ServerUtils (ServerUtils.java:getDefaultRatisDirectory(237)) - Storage directory for Ratis is not configured. It is a good idea to map this to an SSD disk. Falling back to ozone.metadata.dirs
2021-11-15 13:25:52,083 [Listener at 127.0.0.1/13040] WARN  ha.SCMHAUtils (SCMHAUtils.java:getSCMRatisSnapshotDirectory(146)) - SCM snapshot dir is not configured. Falling back to ozone.metadata.dirs config
2021-11-15 13:25:52,090 [Listener at 127.0.0.1/13040] INFO  ha.SequenceIdGenerator (SequenceIdGenerator.java:upgradeToSequenceId(347)) - upgrade localId to 107544261427200000
2021-11-15 13:25:52,090 [Listener at 127.0.0.1/13040] INFO  ha.SequenceIdGenerator (SequenceIdGenerator.java:upgradeToSequenceId(357)) - upgrade delTxnId to 0
2021-11-15 13:25:52,090 [Listener at 127.0.0.1/13040] INFO  ha.SequenceIdGenerator (SequenceIdGenerator.java:upgradeToSequenceId(371)) - upgrade containerId to 0
2021-11-15 13:25:52,090 [Listener at 127.0.0.1/13040] INFO  ha.SequenceIdGenerator (SequenceIdGenerator.java:<init>(218)) - Init the HA SequenceIdGenerator.
2021-11-15 13:25:52,094 [Listener at 127.0.0.1/13040] INFO  node.SCMNodeManager (SCMNodeManager.java:<init>(144)) - Entering startup safe mode.
2021-11-15 13:25:52,095 [Listener at 127.0.0.1/13040] INFO  algorithms.ContainerPlacementPolicyFactory (ContainerPlacementPolicyFactory.java:getPolicy(60)) - Create container placement policy of type org.apache.hadoop.hdds.scm.container.placement.algorithms.SCMContainerPlacementRandom
2021-11-15 13:25:52,095 [Listener at 127.0.0.1/13040] INFO  pipeline.PipelineStateManagerImpl (PipelineStateManagerImpl.java:initialize(78)) - No pipeline exists in current db
2021-11-15 13:25:52,095 [Listener at 127.0.0.1/13040] INFO  algorithms.LeaderChoosePolicyFactory (LeaderChoosePolicyFactory.java:getPolicy(57)) - Create leader choose policy of type org.apache.hadoop.hdds.scm.pipeline.leader.choose.algorithms.MinLeaderCountChoosePolicy
2021-11-15 13:25:52,096 [Listener at 127.0.0.1/13040] INFO  ha.SCMServiceManager (SCMServiceManager.java:register(43)) - Registering service BackgroundPipelineCreator.
2021-11-15 13:25:52,096 [Listener at 127.0.0.1/13040] INFO  pipeline.BackgroundPipelineCreator (BackgroundPipelineCreator.java:start(130)) - Starting RatisPipelineUtilsThread.
2021-11-15 13:25:52,106 [Listener at 127.0.0.1/13040] INFO  algorithms.PipelineChoosePolicyFactory (PipelineChoosePolicyFactory.java:createPipelineChoosePolicyFromClass(73)) - Create pipeline choose policy of type org.apache.hadoop.hdds.scm.pipeline.choose.algorithms.RandomPipelineChoosePolicy
2021-11-15 13:25:52,107 [Listener at 127.0.0.1/13040] INFO  ha.SCMServiceManager (SCMServiceManager.java:register(43)) - Registering service SCMBlockDeletingService.
2021-11-15 13:25:52,107 [Listener at 127.0.0.1/13040] INFO  ha.SCMServiceManager (SCMServiceManager.java:register(43)) - Registering service ReplicationManager.
2021-11-15 13:25:52,107 [Listener at 127.0.0.1/13040] INFO  container.ReplicationManager (ReplicationManager.java:start(319)) - Starting Replication Monitor Thread.
2021-11-15 13:25:52,108 [Listener at 127.0.0.1/13040] INFO  safemode.ContainerSafeModeRule (ContainerSafeModeRule.java:<init>(89)) - containers with one replica threshold count 0
2021-11-15 13:25:52,108 [Listener at 127.0.0.1/13040] INFO  safemode.HealthyPipelineSafeModeRule (HealthyPipelineSafeModeRule.java:initializeRule(156)) - Total pipeline count is 0, healthy pipeline threshold count is 1
2021-11-15 13:25:52,108 [Listener at 127.0.0.1/13040] INFO  safemode.OneReplicaPipelineSafeModeRule (OneReplicaPipelineSafeModeRule.java:initializeRule(180)) - Total pipeline count is 0, pipeline's with at least one datanode reported threshold count is 0
2021-11-15 13:25:52,109 [Listener at 127.0.0.1/13040] INFO  ipc.CallQueueManager (CallQueueManager.java:<init>(90)) - Using callQueue: class java.util.concurrent.LinkedBlockingQueue, queueCapacity: 10000, scheduler: class org.apache.hadoop.ipc.DefaultRpcScheduler, ipcBackoff: false.
2021-11-15 13:25:52,110 [Socket Reader #1 for port 14561] INFO  ipc.Server (Server.java:run(1265)) - Starting Socket Reader #1 for port 14561
2021-11-15 13:25:52,118 [Listener at 0.0.0.0/14561] INFO  ipc.CallQueueManager (CallQueueManager.java:<init>(90)) - Using callQueue: class java.util.concurrent.LinkedBlockingQueue, queueCapacity: 10000, scheduler: class org.apache.hadoop.ipc.DefaultRpcScheduler, ipcBackoff: false.
2021-11-15 13:25:52,130 [Socket Reader #1 for port 14562] INFO  ipc.Server (Server.java:run(1265)) - Starting Socket Reader #1 for port 14562
2021-11-15 13:25:52,134 [Listener at 0.0.0.0/14562] INFO  ipc.CallQueueManager (CallQueueManager.java:<init>(90)) - Using callQueue: class java.util.concurrent.LinkedBlockingQueue, queueCapacity: 10000, scheduler: class org.apache.hadoop.ipc.DefaultRpcScheduler, ipcBackoff: false.
2021-11-15 13:25:52,138 [Socket Reader #1 for port 14563] INFO  ipc.Server (Server.java:run(1265)) - Starting Socket Reader #1 for port 14563
2021-11-15 13:25:52,154 [ReplicationMonitor] INFO  container.ReplicationManager (ReplicationManager.java:processAll(371)) - Replication Monitor Thread took 0 milliseconds for processing 0 containers.
2021-11-15 13:25:52,193 [Listener at 0.0.0.0/14563] INFO  algorithms.ContainerPlacementPolicyFactory (ContainerPlacementPolicyFactory.java:getPolicy(60)) - Create container placement policy of type org.apache.hadoop.hdds.scm.container.placement.algorithms.SCMContainerPlacementRandom
2021-11-15 13:25:52,194 [Listener at 0.0.0.0/14563] INFO  server.StorageContainerManager (StorageContainerManager.java:<init>(388)) - 
Container Balancer status:
Key                            Value
Running                        false
Container Balancer Configuration values:
Key                                                Value
Threshold                                          0.1
Max Datanodes to Involve per Iteration(ratio)      0.2
Max Size to Move per Iteration                     32212254720B

2021-11-15 13:25:52,194 [Listener at 0.0.0.0/14563] WARN  events.EventQueue (EventQueue.java:fireEvent(194)) - No event handler registered for event TypedEvent{payloadType=SafeModeStatus, name='Safe mode status'}
2021-11-15 13:25:52,194 [Listener at 0.0.0.0/14563] INFO  ha.SCMContext (SCMContext.java:updateSafeModeStatus(205)) - Update SafeModeStatus from SafeModeStatus{safeModeStatus=true, preCheckPassed=false} to SafeModeStatus{safeModeStatus=true, preCheckPassed=false}.
2021-11-15 13:25:52,195 [Listener at 0.0.0.0/14563] INFO  server.StorageContainerManager (StorageContainerManager.java:start(1303)) - StorageContainerLocationProtocol RPC server is listening at /0.0.0.0:14563
2021-11-15 13:25:52,195 [Listener at 0.0.0.0/14563] INFO  ha.SCMRatisServerImpl (SCMRatisServerImpl.java:start(177)) - starting ratis server 0.0.0.0:14560
2021-11-15 13:25:52,197 [Listener at 0.0.0.0/14563] INFO  server.RaftServer$Division (RaftServerImpl.java:start(301)) - cea2b274-67f8-42eb-ae41-f09704fbacf0@group-22C475060FAB: start as a follower, conf=0: [cea2b274-67f8-42eb-ae41-f09704fbacf0|rpc:localhost:14560|admin:|client:|dataStream:|priority:0], old=null
2021-11-15 13:25:52,197 [Listener at 0.0.0.0/14563] INFO  server.RaftServer$Division (RaftServerImpl.java:setRole(290)) - cea2b274-67f8-42eb-ae41-f09704fbacf0@group-22C475060FAB: changes role from      null to FOLLOWER at term 1 for startAsFollower
2021-11-15 13:25:52,197 [Listener at 0.0.0.0/14563] INFO  impl.RoleInfo (RoleInfo.java:updateAndGet(130)) - cea2b274-67f8-42eb-ae41-f09704fbacf0: start cea2b274-67f8-42eb-ae41-f09704fbacf0@group-22C475060FAB-FollowerState
2021-11-15 13:25:52,202 [Listener at 0.0.0.0/14563] INFO  util.JmxRegister (JmxRegister.java:tryRegister(44)) - Successfully registered JMX Bean with object name Ratis:service=RaftServer,group=group-22C475060FAB,id=cea2b274-67f8-42eb-ae41-f09704fbacf0
2021-11-15 13:25:52,211 [Listener at 0.0.0.0/14563] INFO  server.RaftServer (RaftServerProxy.java:lambda$start$5(374)) - cea2b274-67f8-42eb-ae41-f09704fbacf0: start RPC server
2021-11-15 13:25:52,211 [Listener at 0.0.0.0/14563] INFO  server.GrpcService (GrpcService.java:startImpl(253)) - cea2b274-67f8-42eb-ae41-f09704fbacf0: GrpcService started, listening on 14560
2021-11-15 13:25:52,218 [org.apache.ratis.util.JvmPauseMonitor$$Lambda$499/1445999733@39d80c30] INFO  util.JvmPauseMonitor (JvmPauseMonitor.java:run(103)) - JvmPauseMonitor-cea2b274-67f8-42eb-ae41-f09704fbacf0: Started
2021-11-15 13:25:52,218 [Listener at 0.0.0.0/14563] INFO  ha.SCMHAManagerImpl (SCMHAManagerImpl.java:start(120)) -  scm role is FOLLOWER peers [cea2b274-67f8-42eb-ae41-f09704fbacf0|rpc:localhost:14560|admin:|client:|dataStream:|priority:0]
2021-11-15 13:25:52,218 [Listener at 0.0.0.0/14563] INFO  ha.InterSCMGrpcService (InterSCMGrpcProtocolService.java:start(94)) - Starting SCM Grpc Service at port 14564
2021-11-15 13:25:52,220 [Listener at 0.0.0.0/14563] WARN  impl.MetricsConfig (MetricsConfig.java:loadFirst(136)) - Cannot locate configuration: tried hadoop-metrics2-storagecontainermanager.properties,hadoop-metrics2.properties
2021-11-15 13:25:52,230 [Listener at 0.0.0.0/14563] INFO  impl.MetricsSystemImpl (MetricsSystemImpl.java:startTimer(378)) - Scheduled Metric snapshot period at 10 second(s).
2021-11-15 13:25:52,230 [Listener at 0.0.0.0/14563] INFO  impl.MetricsSystemImpl (MetricsSystemImpl.java:start(191)) - StorageContainerManager metrics system started
2021-11-15 13:25:52,254 [Listener at 0.0.0.0/14563] INFO  impl.MetricsSinkAdapter (MetricsSinkAdapter.java:start(204)) - Sink prometheus started
2021-11-15 13:25:52,254 [Listener at 0.0.0.0/14563] INFO  impl.MetricsSystemImpl (MetricsSystemImpl.java:registerSink(305)) - Registered sink prometheus
2021-11-15 13:25:52,280 [Listener at 0.0.0.0/14563] INFO  server.SCMClientProtocolServer (SCMClientProtocolServer.java:start(164)) - RPC server for Client  is listening at /0.0.0.0:14563
2021-11-15 13:25:52,294 [IPC Server Responder] INFO  ipc.Server (Server.java:run(1507)) - IPC Server Responder: starting
2021-11-15 13:25:52,302 [IPC Server listener on 14563] INFO  ipc.Server (Server.java:run(1344)) - IPC Server listener on 14563: starting
2021-11-15 13:25:52,377 [EndpointStateMachine task thread for /127.0.0.1:14733 - 0 ] INFO  ipc.Client (Client.java:handleConnectionFailure(977)) - Retrying connect to server: localhost/127.0.0.1:14733. Already tried 9 time(s); retry policy is RetryUpToMaximumCountWithFixedSleep(maxRetries=15, sleepTime=1000 MILLISECONDS)
2021-11-15 13:25:52,378 [EndpointStateMachine task thread for /127.0.0.1:14713 - 0 ] INFO  ipc.Client (Client.java:handleConnectionFailure(977)) - Retrying connect to server: localhost/127.0.0.1:14713. Already tried 9 time(s); retry policy is RetryUpToMaximumCountWithFixedSleep(maxRetries=15, sleepTime=1000 MILLISECONDS)
2021-11-15 13:25:52,378 [EndpointStateMachine task thread for /127.0.0.1:14723 - 0 ] INFO  ipc.Client (Client.java:handleConnectionFailure(977)) - Retrying connect to server: localhost/127.0.0.1:14723. Already tried 9 time(s); retry policy is RetryUpToMaximumCountWithFixedSleep(maxRetries=15, sleepTime=1000 MILLISECONDS)
2021-11-15 13:25:52,565 [Listener at 0.0.0.0/14563] INFO  server.StorageContainerManager (StorageContainerManager.java:start(1318)) - ScmBlockLocationProtocol RPC server is listening at /0.0.0.0:14562
2021-11-15 13:25:52,565 [Listener at 0.0.0.0/14563] INFO  server.SCMBlockProtocolServer (SCMBlockProtocolServer.java:start(151)) - RPC server for Block Protocol is listening at /0.0.0.0:14562
2021-11-15 13:25:52,566 [IPC Server Responder] INFO  ipc.Server (Server.java:run(1507)) - IPC Server Responder: starting
2021-11-15 13:25:52,611 [IPC Server listener on 14562] INFO  ipc.Server (Server.java:run(1344)) - IPC Server listener on 14562: starting
2021-11-15 13:25:52,616 [Listener at 0.0.0.0/14563] INFO  server.StorageContainerManager (StorageContainerManager.java:start(1324)) - ScmDatanodeProtocl RPC server is listening at /0.0.0.0:14561
2021-11-15 13:25:52,617 [org.apache.hadoop.util.JvmPauseMonitor$Monitor@79b0128d] INFO  util.JvmPauseMonitor (JvmPauseMonitor.java:run(188)) - Starting JVM pause monitor
2021-11-15 13:25:52,617 [Listener at 0.0.0.0/14563] INFO  http.BaseHttpServer (BaseHttpServer.java:newHttpServer2BuilderForOzone(209)) - Starting Web-server for scm at: http://0.0.0.0:14558
2021-11-15 13:25:52,618 [Listener at 0.0.0.0/14563] INFO  http.BaseHttpServer (BaseHttpServer.java:<init>(107)) - Hadoop Security Enabled: false Ozone Security Enabled: false Ozone HTTP Security Enabled: false 
2021-11-15 13:25:52,620 [Listener at 0.0.0.0/14563] INFO  server.AuthenticationFilter (AuthenticationFilter.java:constructSecretProvider(240)) - Unable to initialize FileSignerSecretProvider, falling back to use random secrets.
2021-11-15 13:25:52,632 [Listener at 0.0.0.0/14563] WARN  http.HttpRequestLog (HttpRequestLog.java:getRequestLog(103)) - Jetty request log can only be enabled using Log4j
2021-11-15 13:25:52,632 [Listener at 0.0.0.0/14563] INFO  http.HttpServer2 (HttpServer2.java:addGlobalFilter(1030)) - Added global filter 'safety' (class=org.apache.hadoop.hdds.server.http.HttpServer2$QuotingInputFilter)
2021-11-15 13:25:52,633 [Listener at 0.0.0.0/14563] INFO  http.HttpServer2 (HttpServer2.java:addFilter(1006)) - Added filter static_user_filter (class=org.apache.hadoop.http.lib.StaticUserWebFilter$StaticUserFilter) to context scm
2021-11-15 13:25:52,633 [Listener at 0.0.0.0/14563] INFO  http.HttpServer2 (HttpServer2.java:addFilter(1014)) - Added filter static_user_filter (class=org.apache.hadoop.http.lib.StaticUserWebFilter$StaticUserFilter) to context logs
2021-11-15 13:25:52,633 [Listener at 0.0.0.0/14563] INFO  http.HttpServer2 (HttpServer2.java:addFilter(1014)) - Added filter static_user_filter (class=org.apache.hadoop.http.lib.StaticUserWebFilter$StaticUserFilter) to context static
2021-11-15 13:25:52,641 [Listener at 0.0.0.0/14563] INFO  http.HttpServer2 (HttpServer2.java:bindListener(1249)) - Jetty bound to port 14558
2021-11-15 13:25:52,641 [Listener at 0.0.0.0/14563] INFO  server.Server (Server.java:doStart(375)) - jetty-9.4.43.v20210629; built: 2021-06-30T11:07:22.254Z; git: 526006ecfa3af7f1a27ef3a288e2bef7ea9dd7e8; jvm 1.8.0_292-b10
2021-11-15 13:25:52,658 [Listener at 0.0.0.0/14563] INFO  server.session (DefaultSessionIdManager.java:doStart(334)) - DefaultSessionIdManager workerName=node0
2021-11-15 13:25:52,659 [Listener at 0.0.0.0/14563] INFO  server.session (DefaultSessionIdManager.java:doStart(339)) - No SessionScavenger set, using defaults
2021-11-15 13:25:52,659 [Listener at 0.0.0.0/14563] INFO  server.session (HouseKeeper.java:startScavenging(132)) - node0 Scavenging every 600000ms
2021-11-15 13:25:52,659 [Listener at 0.0.0.0/14563] INFO  handler.ContextHandler (ContextHandler.java:doStart(915)) - Started o.e.j.s.ServletContextHandler@1bbff5ba{logs,/logs,file:///home/runner/work/ozone/ozone/hadoop-ozone/integration-test/target/log,AVAILABLE}
2021-11-15 13:25:52,660 [Listener at 0.0.0.0/14563] INFO  handler.ContextHandler (ContextHandler.java:doStart(915)) - Started o.e.j.s.ServletContextHandler@4204ad9d{static,/static,file:///home/runner/work/ozone/ozone/hadoop-ozone/integration-test/target/test-classes/webapps/static,AVAILABLE}
2021-11-15 13:25:52,663 [Listener at 0.0.0.0/14563] INFO  handler.ContextHandler (ContextHandler.java:doStart(915)) - Started o.e.j.w.WebAppContext@253646c2{scm,/,file:///home/runner/work/ozone/ozone/hadoop-ozone/integration-test/target/test-classes/webapps/scm/,AVAILABLE}{file:/home/runner/work/ozone/ozone/hadoop-ozone/integration-test/target/test-classes/webapps/scm}
2021-11-15 13:25:52,665 [Listener at 0.0.0.0/14563] INFO  server.AbstractConnector (AbstractConnector.java:doStart(331)) - Started ServerConnector@940fe23{HTTP/1.1, (http/1.1)}{0.0.0.0:14558}
2021-11-15 13:25:52,666 [Listener at 0.0.0.0/14563] INFO  server.Server (Server.java:doStart(415)) - Started @74519ms
2021-11-15 13:25:52,667 [Listener at 0.0.0.0/14563] WARN  impl.MetricsSystemImpl (MetricsSystemImpl.java:register(279)) - Sink prometheus already exists!
2021-11-15 13:25:52,667 [Listener at 0.0.0.0/14563] INFO  http.BaseHttpServer (BaseHttpServer.java:updateConnectorAddress(329)) - HTTP server of scm listening at http://0.0.0.0:14558
2021-11-15 13:25:52,667 [Listener at 0.0.0.0/14563] INFO  ozone.MiniOzoneHAClusterImpl (MiniOzoneHAClusterImpl.java:createSCMService(564)) - Started SCM RPC server at org.apache.hadoop.hdds.scm.server.SCMClientProtocolServer@7a832964
2021-11-15 13:25:52,668 [Listener at 0.0.0.0/14563] INFO  ha.SCMHANodeDetails (SCMHANodeDetails.java:loadSCMHAConfig(157)) - ServiceID for StorageContainerManager is scm-service-test1
2021-11-15 13:25:52,669 [Listener at 0.0.0.0/14563] INFO  ha.SCMHANodeDetails (SCMHANodeDetails.java:loadSCMHAConfig(168)) - ServiceID for StorageContainerManager is scm-service-test1
2021-11-15 13:25:52,669 [Listener at 0.0.0.0/14563] WARN  scm.ScmUtils (ScmUtils.java:logWarn(179)) - ConfigKey ozone.scm.block.client.address is deprecated, For configuring different ports for each SCM use PortConfigKey ozone.scm.block.client.port appended with serviceId and nodeId. If want to configure same port configure ozone.scm.block.client.port
2021-11-15 13:25:52,669 [Listener at 0.0.0.0/14563] WARN  scm.ScmUtils (ScmUtils.java:logWarn(179)) - ConfigKey ozone.scm.client.address is deprecated, For configuring different ports for each SCM use PortConfigKey ozone.scm.client.port appended with serviceId and nodeId. If want to configure same port configure ozone.scm.client.port
2021-11-15 13:25:52,669 [Listener at 0.0.0.0/14563] WARN  scm.ScmUtils (ScmUtils.java:logWarn(179)) - ConfigKey ozone.scm.datanode.address is deprecated, For configuring different ports for each SCM use PortConfigKey ozone.scm.datanode.port appended with serviceId and nodeId. If want to configure same port configure ozone.scm.datanode.port
2021-11-15 13:25:52,669 [Listener at 0.0.0.0/14563] WARN  scm.ScmUtils (ScmUtils.java:logWarn(179)) - ConfigKey ozone.scm.block.client.address is deprecated, For configuring different ports for each SCM use PortConfigKey ozone.scm.block.client.port appended with serviceId and nodeId. If want to configure same port configure ozone.scm.block.client.port
2021-11-15 13:25:52,669 [Listener at 0.0.0.0/14563] WARN  scm.ScmUtils (ScmUtils.java:logWarn(179)) - ConfigKey ozone.scm.client.address is deprecated, For configuring different ports for each SCM use PortConfigKey ozone.scm.client.port appended with serviceId and nodeId. If want to configure same port configure ozone.scm.client.port
2021-11-15 13:25:52,669 [Listener at 0.0.0.0/14563] WARN  scm.ScmUtils (ScmUtils.java:logWarn(179)) - ConfigKey ozone.scm.datanode.address is deprecated, For configuring different ports for each SCM use PortConfigKey ozone.scm.datanode.port appended with serviceId and nodeId. If want to configure same port configure ozone.scm.datanode.port
2021-11-15 13:25:52,670 [Listener at 0.0.0.0/14563] INFO  ha.SCMHANodeDetails (SCMHANodeDetails.java:loadSCMHAConfig(250)) - Found matching SCM address with SCMServiceId: scm-service-test1, SCMNodeId: scmNode-2, RPC Address: localhost:14570 and Ratis port: 14570
2021-11-15 13:25:52,670 [Listener at 0.0.0.0/14563] INFO  ha.SCMHANodeDetails (ConfUtils.java:setNodeSpecificConfigs(108)) - Setting configuration key ozone.scm.datanode.address with value of key ozone.scm.datanode.address.scm-service-test1.scmNode-2: 127.0.0.1:14571
2021-11-15 13:25:52,670 [Listener at 0.0.0.0/14563] INFO  ha.SCMHANodeDetails (ConfUtils.java:setNodeSpecificConfigs(108)) - Setting configuration key ozone.scm.block.client.address with value of key ozone.scm.block.client.address.scm-service-test1.scmNode-2: 127.0.0.1:14572
2021-11-15 13:25:52,670 [Listener at 0.0.0.0/14563] INFO  ha.SCMHANodeDetails (ConfUtils.java:setNodeSpecificConfigs(108)) - Setting configuration key ozone.scm.client.address with value of key ozone.scm.client.address.scm-service-test1.scmNode-2: 127.0.0.1:14573
2021-11-15 13:25:52,670 [Listener at 0.0.0.0/14563] INFO  ha.SCMHANodeDetails (ConfUtils.java:setNodeSpecificConfigs(108)) - Setting configuration key ozone.scm.ratis.port with value of key ozone.scm.ratis.port.scm-service-test1.scmNode-2: 14570
2021-11-15 13:25:52,670 [Listener at 0.0.0.0/14563] INFO  ha.SCMHANodeDetails (ConfUtils.java:setNodeSpecificConfigs(108)) - Setting configuration key ozone.scm.grpc.port with value of key ozone.scm.grpc.port.scm-service-test1.scmNode-2: 14574
2021-11-15 13:25:52,670 [Listener at 0.0.0.0/14563] INFO  ha.SCMHANodeDetails (ConfUtils.java:setNodeSpecificConfigs(108)) - Setting configuration key ozone.scm.http-address with value of key ozone.scm.http-address.scm-service-test1.scmNode-2: 127.0.0.1:14568
2021-11-15 13:25:52,670 [Listener at 0.0.0.0/14563] INFO  ha.SCMHANodeDetails (ConfUtils.java:setNodeSpecificConfigs(108)) - Setting configuration key ozone.scm.https-address with value of key ozone.scm.https-address.scm-service-test1.scmNode-2: 127.0.0.1:14569
2021-11-15 13:25:52,678 [Listener at 0.0.0.0/14563] INFO  ha.SCMHANodeDetails (ConfUtils.java:setNodeSpecificConfigs(108)) - Setting configuration key ozone.scm.address with value of key ozone.scm.address.scm-service-test1.scmNode-2: 127.0.0.1
2021-11-15 13:25:52,678 [Listener at 0.0.0.0/14563] WARN  scm.ScmUtils (ScmUtils.java:logWarn(179)) - ConfigKey ozone.scm.block.client.address is deprecated, For configuring different ports for each SCM use PortConfigKey ozone.scm.block.client.port appended with serviceId and nodeId. If want to configure same port configure ozone.scm.block.client.port
2021-11-15 13:25:52,678 [Listener at 0.0.0.0/14563] WARN  scm.ScmUtils (ScmUtils.java:logWarn(179)) - ConfigKey ozone.scm.client.address is deprecated, For configuring different ports for each SCM use PortConfigKey ozone.scm.client.port appended with serviceId and nodeId. If want to configure same port configure ozone.scm.client.port
2021-11-15 13:25:52,678 [Listener at 0.0.0.0/14563] WARN  scm.ScmUtils (ScmUtils.java:logWarn(179)) - ConfigKey ozone.scm.datanode.address is deprecated, For configuring different ports for each SCM use PortConfigKey ozone.scm.datanode.port appended with serviceId and nodeId. If want to configure same port configure ozone.scm.datanode.port
2021-11-15 13:25:52,679 [Listener at 0.0.0.0/14563] WARN  server.ServerUtils (ServerUtils.java:getScmDbDir(148)) - ozone.scm.db.dirs is not configured. We recommend adding this setting. Falling back to ozone.metadata.dirs instead.
2021-11-15 13:25:52,682 [Listener at 0.0.0.0/14563] INFO  ha.SCMNodeInfo (SCMNodeInfo.java:getPort(197)) - ConfigKey ozone.scm.client.address is deprecated, For configuring different ports for each SCM use PortConfigKey ozone.scm.client.port appended with serviceId and nodeId
2021-11-15 13:25:52,682 [Listener at 0.0.0.0/14563] INFO  ha.SCMNodeInfo (SCMNodeInfo.java:getPort(197)) - ConfigKey ozone.scm.block.client.address is deprecated, For configuring different ports for each SCM use PortConfigKey ozone.scm.block.client.port appended with serviceId and nodeId
2021-11-15 13:25:52,682 [Listener at 0.0.0.0/14563] INFO  ha.SCMNodeInfo (SCMNodeInfo.java:getPort(197)) - ConfigKey ozone.scm.datanode.address is deprecated, For configuring different ports for each SCM use PortConfigKey ozone.scm.datanode.port appended with serviceId and nodeId
2021-11-15 13:25:52,682 [Listener at 0.0.0.0/14563] INFO  ha.SCMNodeInfo (SCMNodeInfo.java:getPort(197)) - ConfigKey ozone.scm.client.address is deprecated, For configuring different ports for each SCM use PortConfigKey ozone.scm.client.port appended with serviceId and nodeId
2021-11-15 13:25:52,682 [Listener at 0.0.0.0/14563] INFO  ha.SCMNodeInfo (SCMNodeInfo.java:getPort(197)) - ConfigKey ozone.scm.block.client.address is deprecated, For configuring different ports for each SCM use PortConfigKey ozone.scm.block.client.port appended with serviceId and nodeId
2021-11-15 13:25:52,682 [Listener at 0.0.0.0/14563] INFO  ha.SCMNodeInfo (SCMNodeInfo.java:getPort(197)) - ConfigKey ozone.scm.datanode.address is deprecated, For configuring different ports for each SCM use PortConfigKey ozone.scm.datanode.port appended with serviceId and nodeId
2021-11-15 13:25:52,683 [Listener at 0.0.0.0/14563] INFO  ha.SCMNodeInfo (SCMNodeInfo.java:getPort(197)) - ConfigKey ozone.scm.client.address is deprecated, For configuring different ports for each SCM use PortConfigKey ozone.scm.client.port appended with serviceId and nodeId
2021-11-15 13:25:52,683 [Listener at 0.0.0.0/14563] INFO  ha.SCMNodeInfo (SCMNodeInfo.java:getPort(197)) - ConfigKey ozone.scm.block.client.address is deprecated, For configuring different ports for each SCM use PortConfigKey ozone.scm.block.client.port appended with serviceId and nodeId
2021-11-15 13:25:52,683 [Listener at 0.0.0.0/14563] INFO  ha.SCMNodeInfo (SCMNodeInfo.java:getPort(197)) - ConfigKey ozone.scm.datanode.address is deprecated, For configuring different ports for each SCM use PortConfigKey ozone.scm.datanode.port appended with serviceId and nodeId
2021-11-15 13:25:53,378 [EndpointStateMachine task thread for /127.0.0.1:14733 - 0 ] INFO  ipc.Client (Client.java:handleConnectionFailure(977)) - Retrying connect to server: localhost/127.0.0.1:14733. Already tried 10 time(s); retry policy is RetryUpToMaximumCountWithFixedSleep(maxRetries=15, sleepTime=1000 MILLISECONDS)
2021-11-15 13:25:53,378 [EndpointStateMachine task thread for /127.0.0.1:14713 - 0 ] INFO  ipc.Client (Client.java:handleConnectionFailure(977)) - Retrying connect to server: localhost/127.0.0.1:14713. Already tried 10 time(s); retry policy is RetryUpToMaximumCountWithFixedSleep(maxRetries=15, sleepTime=1000 MILLISECONDS)
2021-11-15 13:25:53,379 [EndpointStateMachine task thread for /127.0.0.1:14723 - 0 ] INFO  ipc.Client (Client.java:handleConnectionFailure(977)) - Retrying connect to server: localhost/127.0.0.1:14723. Already tried 10 time(s); retry policy is RetryUpToMaximumCountWithFixedSleep(maxRetries=15, sleepTime=1000 MILLISECONDS)
2021-11-15 13:25:54,378 [EndpointStateMachine task thread for /127.0.0.1:14733 - 0 ] INFO  ipc.Client (Client.java:handleConnectionFailure(977)) - Retrying connect to server: localhost/127.0.0.1:14733. Already tried 11 time(s); retry policy is RetryUpToMaximumCountWithFixedSleep(maxRetries=15, sleepTime=1000 MILLISECONDS)
2021-11-15 13:25:54,379 [EndpointStateMachine task thread for /127.0.0.1:14713 - 0 ] INFO  ipc.Client (Client.java:handleConnectionFailure(977)) - Retrying connect to server: localhost/127.0.0.1:14713. Already tried 11 time(s); retry policy is RetryUpToMaximumCountWithFixedSleep(maxRetries=15, sleepTime=1000 MILLISECONDS)
2021-11-15 13:25:54,379 [EndpointStateMachine task thread for /127.0.0.1:14723 - 0 ] INFO  ipc.Client (Client.java:handleConnectionFailure(977)) - Retrying connect to server: localhost/127.0.0.1:14723. Already tried 11 time(s); retry policy is RetryUpToMaximumCountWithFixedSleep(maxRetries=15, sleepTime=1000 MILLISECONDS)
2021-11-15 13:25:54,700 [Listener at 0.0.0.0/14563] INFO  retry.RetryInvocationHandler (RetryInvocationHandler.java:log(411)) - com.google.protobuf.ServiceException: java.net.ConnectException: Call From fv-az151-339/10.1.0.55 to localhost:14572 failed on connection exception: java.net.ConnectException: Connection refused; For more details see:  http://wiki.apache.org/hadoop/ConnectionRefused, while invoking $Proxy39.send over nodeId=scmNode-2,nodeAddress=/127.0.0.1:14572 after 1 failover attempts. Trying to failover after sleeping for 2000ms.
2021-11-15 13:25:55,379 [EndpointStateMachine task thread for /127.0.0.1:14733 - 0 ] INFO  ipc.Client (Client.java:handleConnectionFailure(977)) - Retrying connect to server: localhost/127.0.0.1:14733. Already tried 12 time(s); retry policy is RetryUpToMaximumCountWithFixedSleep(maxRetries=15, sleepTime=1000 MILLISECONDS)
2021-11-15 13:25:55,379 [EndpointStateMachine task thread for /127.0.0.1:14713 - 0 ] INFO  ipc.Client (Client.java:handleConnectionFailure(977)) - Retrying connect to server: localhost/127.0.0.1:14713. Already tried 12 time(s); retry policy is RetryUpToMaximumCountWithFixedSleep(maxRetries=15, sleepTime=1000 MILLISECONDS)
2021-11-15 13:25:55,380 [EndpointStateMachine task thread for /127.0.0.1:14723 - 0 ] INFO  ipc.Client (Client.java:handleConnectionFailure(977)) - Retrying connect to server: localhost/127.0.0.1:14723. Already tried 12 time(s); retry policy is RetryUpToMaximumCountWithFixedSleep(maxRetries=15, sleepTime=1000 MILLISECONDS)
2021-11-15 13:25:56,380 [EndpointStateMachine task thread for /127.0.0.1:14733 - 0 ] INFO  ipc.Client (Client.java:handleConnectionFailure(977)) - Retrying connect to server: localhost/127.0.0.1:14733. Already tried 13 time(s); retry policy is RetryUpToMaximumCountWithFixedSleep(maxRetries=15, sleepTime=1000 MILLISECONDS)
2021-11-15 13:25:56,381 [EndpointStateMachine task thread for /127.0.0.1:14713 - 0 ] INFO  ipc.Client (Client.java:handleConnectionFailure(977)) - Retrying connect to server: localhost/127.0.0.1:14713. Already tried 13 time(s); retry policy is RetryUpToMaximumCountWithFixedSleep(maxRetries=15, sleepTime=1000 MILLISECONDS)
2021-11-15 13:25:56,382 [EndpointStateMachine task thread for /127.0.0.1:14723 - 0 ] INFO  ipc.Client (Client.java:handleConnectionFailure(977)) - Retrying connect to server: localhost/127.0.0.1:14723. Already tried 13 time(s); retry policy is RetryUpToMaximumCountWithFixedSleep(maxRetries=15, sleepTime=1000 MILLISECONDS)
2021-11-15 13:25:56,701 [Listener at 0.0.0.0/14563] INFO  retry.RetryInvocationHandler (RetryInvocationHandler.java:log(411)) - com.google.protobuf.ServiceException: java.net.ConnectException: Call From fv-az151-339/10.1.0.55 to localhost:14582 failed on connection exception: java.net.ConnectException: Connection refused; For more details see:  http://wiki.apache.org/hadoop/ConnectionRefused, while invoking $Proxy39.send over nodeId=scmNode-3,nodeAddress=/127.0.0.1:14582 after 2 failover attempts. Trying to failover after sleeping for 2000ms.
2021-11-15 13:25:57,267 [cea2b274-67f8-42eb-ae41-f09704fbacf0@group-22C475060FAB-FollowerState] INFO  impl.FollowerState (FollowerState.java:run(134)) - cea2b274-67f8-42eb-ae41-f09704fbacf0@group-22C475060FAB-FollowerState: change to CANDIDATE, lastRpcElapsedTime:5070010203ns, electionTimeout:5061ms
2021-11-15 13:25:57,267 [cea2b274-67f8-42eb-ae41-f09704fbacf0@group-22C475060FAB-FollowerState] INFO  impl.RoleInfo (RoleInfo.java:shutdownFollowerState(108)) - cea2b274-67f8-42eb-ae41-f09704fbacf0: shutdown cea2b274-67f8-42eb-ae41-f09704fbacf0@group-22C475060FAB-FollowerState
2021-11-15 13:25:57,267 [cea2b274-67f8-42eb-ae41-f09704fbacf0@group-22C475060FAB-FollowerState] INFO  server.RaftServer$Division (RaftServerImpl.java:setRole(290)) - cea2b274-67f8-42eb-ae41-f09704fbacf0@group-22C475060FAB: changes role from  FOLLOWER to CANDIDATE at term 1 for changeToCandidate
2021-11-15 13:25:57,267 [cea2b274-67f8-42eb-ae41-f09704fbacf0@group-22C475060FAB-FollowerState] INFO  server.RaftServerConfigKeys (ConfUtils.java:logGet(44)) - raft.server.leaderelection.pre-vote = false (custom)
2021-11-15 13:25:57,268 [cea2b274-67f8-42eb-ae41-f09704fbacf0@group-22C475060FAB-FollowerState] INFO  impl.RoleInfo (RoleInfo.java:updateAndGet(130)) - cea2b274-67f8-42eb-ae41-f09704fbacf0: start cea2b274-67f8-42eb-ae41-f09704fbacf0@group-22C475060FAB-LeaderElection11
2021-11-15 13:25:57,287 [cea2b274-67f8-42eb-ae41-f09704fbacf0@group-22C475060FAB-LeaderElection11] INFO  impl.LeaderElection (LeaderElection.java:askForVotes(306)) - cea2b274-67f8-42eb-ae41-f09704fbacf0@group-22C475060FAB-LeaderElection11 ELECTION round 0: submit vote requests at term 2 for 0: [cea2b274-67f8-42eb-ae41-f09704fbacf0|rpc:localhost:14560|admin:|client:|dataStream:|priority:0], old=null
2021-11-15 13:25:57,287 [cea2b274-67f8-42eb-ae41-f09704fbacf0@group-22C475060FAB-LeaderElection11] INFO  impl.LeaderElection (LeaderElection.java:askForVotes(308)) - cea2b274-67f8-42eb-ae41-f09704fbacf0@group-22C475060FAB-LeaderElection11 ELECTION round 0: result PASSED (term=2)
2021-11-15 13:25:57,287 [cea2b274-67f8-42eb-ae41-f09704fbacf0@group-22C475060FAB-LeaderElection11] INFO  impl.RoleInfo (RoleInfo.java:shutdownLeaderElection(121)) - cea2b274-67f8-42eb-ae41-f09704fbacf0: shutdown cea2b274-67f8-42eb-ae41-f09704fbacf0@group-22C475060FAB-LeaderElection11
2021-11-15 13:25:57,287 [cea2b274-67f8-42eb-ae41-f09704fbacf0@group-22C475060FAB-LeaderElection11] INFO  server.RaftServer$Division (RaftServerImpl.java:setRole(290)) - cea2b274-67f8-42eb-ae41-f09704fbacf0@group-22C475060FAB: changes role from CANDIDATE to LEADER at term 2 for changeToLeader
2021-11-15 13:25:57,287 [cea2b274-67f8-42eb-ae41-f09704fbacf0@group-22C475060FAB-LeaderElection11] INFO  ha.SCMStateMachine (SCMStateMachine.java:notifyLeaderChanged(252)) - current SCM becomes leader of term 2.
2021-11-15 13:25:57,287 [cea2b274-67f8-42eb-ae41-f09704fbacf0@group-22C475060FAB-LeaderElection11] INFO  ha.SCMContext (SCMContext.java:updateLeaderAndTerm(88)) - update <isLeader,term> from <false,0> to <true,2>
2021-11-15 13:25:57,288 [cea2b274-67f8-42eb-ae41-f09704fbacf0@group-22C475060FAB-LeaderElection11] INFO  server.RaftServer$Division (ServerState.java:setLeader(285)) - cea2b274-67f8-42eb-ae41-f09704fbacf0@group-22C475060FAB: change Leader from null to cea2b274-67f8-42eb-ae41-f09704fbacf0 at term 2 for becomeLeader, leader elected after 5219ms
2021-11-15 13:25:57,288 [cea2b274-67f8-42eb-ae41-f09704fbacf0@group-22C475060FAB-LeaderElection11] INFO  server.RaftServerConfigKeys (ConfUtils.java:logGet(44)) - raft.server.staging.catchup.gap = 1000 (default)
2021-11-15 13:25:57,288 [cea2b274-67f8-42eb-ae41-f09704fbacf0@group-22C475060FAB-LeaderElection11] INFO  server.RaftServerConfigKeys (ConfUtils.java:logGet(44)) - raft.server.write.element-limit = 4096 (default)
2021-11-15 13:25:57,288 [cea2b274-67f8-42eb-ae41-f09704fbacf0@group-22C475060FAB-LeaderElection11] INFO  server.RaftServerConfigKeys (ConfUtils.java:logGet(44)) - raft.server.write.byte-limit = 64MB (=67108864) (default)
2021-11-15 13:25:57,288 [cea2b274-67f8-42eb-ae41-f09704fbacf0@group-22C475060FAB-LeaderElection11] INFO  server.RaftServerConfigKeys (ConfUtils.java:logGet(44)) - raft.server.watch.timeout = 10s (default)
2021-11-15 13:25:57,288 [cea2b274-67f8-42eb-ae41-f09704fbacf0@group-22C475060FAB-LeaderElection11] INFO  server.RaftServerConfigKeys (ConfUtils.java:logGet(44)) - raft.server.watch.timeout.denomination = 1s (default)
2021-11-15 13:25:57,288 [cea2b274-67f8-42eb-ae41-f09704fbacf0@group-22C475060FAB-LeaderElection11] INFO  server.RaftServerConfigKeys (ConfUtils.java:logGet(44)) - raft.server.watch.element-limit = 65536 (default)
2021-11-15 13:25:57,288 [cea2b274-67f8-42eb-ae41-f09704fbacf0@group-22C475060FAB-LeaderElection11] INFO  server.RaftServerConfigKeys (ConfUtils.java:logGet(44)) - raft.server.write.element-limit = 4096 (default)
2021-11-15 13:25:57,288 [cea2b274-67f8-42eb-ae41-f09704fbacf0@group-22C475060FAB-LeaderElection11] INFO  server.RaftServerConfigKeys (ConfUtils.java:logGet(44)) - raft.server.write.follower.gap.ratio.max = -1.0 (default)
2021-11-15 13:25:57,288 [cea2b274-67f8-42eb-ae41-f09704fbacf0@group-22C475060FAB-LeaderElection11] INFO  impl.RoleInfo (RoleInfo.java:updateAndGet(130)) - cea2b274-67f8-42eb-ae41-f09704fbacf0: start cea2b274-67f8-42eb-ae41-f09704fbacf0@group-22C475060FAB-LeaderStateImpl
2021-11-15 13:25:57,289 [cea2b274-67f8-42eb-ae41-f09704fbacf0@group-22C475060FAB-LeaderElection11] INFO  segmented.SegmentedRaftLogWorker (SegmentedRaftLogWorker.java:rollLogSegment(399)) - cea2b274-67f8-42eb-ae41-f09704fbacf0@group-22C475060FAB-SegmentedRaftLogWorker: Rolling segment log-0_0 to index:0
2021-11-15 13:25:57,290 [cea2b274-67f8-42eb-ae41-f09704fbacf0@group-22C475060FAB-SegmentedRaftLogWorker] INFO  segmented.SegmentedRaftLogWorker (SegmentedRaftLogWorker.java:execute(558)) - cea2b274-67f8-42eb-ae41-f09704fbacf0@group-22C475060FAB-SegmentedRaftLogWorker: Rolled log segment from /home/runner/work/ozone/ozone/hadoop-ozone/integration-test/target/test-dir/MiniOzoneClusterImpl-54fbe6a2-d836-4e9c-ac0d-22c475060fab/scmNode-1/scm-ha/54fbe6a2-d836-4e9c-ac0d-22c475060fab/current/log_inprogress_0 to /home/runner/work/ozone/ozone/hadoop-ozone/integration-test/target/test-dir/MiniOzoneClusterImpl-54fbe6a2-d836-4e9c-ac0d-22c475060fab/scmNode-1/scm-ha/54fbe6a2-d836-4e9c-ac0d-22c475060fab/current/log_0-0
2021-11-15 13:25:57,294 [cea2b274-67f8-42eb-ae41-f09704fbacf0@group-22C475060FAB-LeaderElection11] INFO  server.RaftServer$Division (ServerState.java:setRaftConf(387)) - cea2b274-67f8-42eb-ae41-f09704fbacf0@group-22C475060FAB: set configuration 1: [cea2b274-67f8-42eb-ae41-f09704fbacf0|rpc:localhost:14560|admin:|client:|dataStream:|priority:0], old=null
2021-11-15 13:25:57,297 [cea2b274-67f8-42eb-ae41-f09704fbacf0@group-22C475060FAB-SegmentedRaftLogWorker] INFO  segmented.SegmentedRaftLogWorker (SegmentedRaftLogWorker.java:execute(601)) - cea2b274-67f8-42eb-ae41-f09704fbacf0@group-22C475060FAB-SegmentedRaftLogWorker: created new log segment /home/runner/work/ozone/ozone/hadoop-ozone/integration-test/target/test-dir/MiniOzoneClusterImpl-54fbe6a2-d836-4e9c-ac0d-22c475060fab/scmNode-1/scm-ha/54fbe6a2-d836-4e9c-ac0d-22c475060fab/current/log_inprogress_1
2021-11-15 13:25:57,298 [cea2b274-67f8-42eb-ae41-f09704fbacf0@group-22C475060FAB-StateMachineUpdater] INFO  ha.SCMContext (SCMContext.java:setLeaderReady(115)) - update <isLeaderReady> from <false> to <true>
2021-11-15 13:25:57,299 [cea2b274-67f8-42eb-ae41-f09704fbacf0@group-22C475060FAB-StateMachineUpdater] INFO  pipeline.BackgroundPipelineCreator (BackgroundPipelineCreator.java:notifyStatusChanged(264)) - Service BackgroundPipelineCreator transitions to RUNNING.
2021-11-15 13:25:57,299 [cea2b274-67f8-42eb-ae41-f09704fbacf0@group-22C475060FAB-StateMachineUpdater] INFO  safemode.HealthyPipelineSafeModeRule (HealthyPipelineSafeModeRule.java:initializeRule(152)) - Refreshed total pipeline count is 0, healthy pipeline threshold count is 1
2021-11-15 13:25:57,300 [cea2b274-67f8-42eb-ae41-f09704fbacf0@group-22C475060FAB-StateMachineUpdater] INFO  safemode.ContainerSafeModeRule (ContainerSafeModeRule.java:reInitializeRule(177)) - Refreshed one replica container threshold 0, currentThreshold 0
2021-11-15 13:25:57,300 [cea2b274-67f8-42eb-ae41-f09704fbacf0@group-22C475060FAB-StateMachineUpdater] INFO  safemode.OneReplicaPipelineSafeModeRule (OneReplicaPipelineSafeModeRule.java:initializeRule(176)) - Refreshed Total pipeline count is 0, pipeline's with at least one datanode reported threshold count is 0
2021-11-15 13:25:57,300 [cea2b274-67f8-42eb-ae41-f09704fbacf0@group-22C475060FAB-StateMachineUpdater] INFO  server.SCMDatanodeProtocolServer (SCMDatanodeProtocolServer.java:start(181)) - RPC server for DataNodes is listening at /0.0.0.0:14561
2021-11-15 13:25:57,306 [IPC Server listener on 14561] INFO  ipc.Server (Server.java:run(1344)) - IPC Server listener on 14561: starting
2021-11-15 13:25:57,338 [IPC Server Responder] INFO  ipc.Server (Server.java:run(1507)) - IPC Server Responder: starting
2021-11-15 13:25:57,380 [EndpointStateMachine task thread for /127.0.0.1:14733 - 0 ] INFO  ipc.Client (Client.java:handleConnectionFailure(977)) - Retrying connect to server: localhost/127.0.0.1:14733. Already tried 14 time(s); retry policy is RetryUpToMaximumCountWithFixedSleep(maxRetries=15, sleepTime=1000 MILLISECONDS)
2021-11-15 13:25:57,381 [EndpointStateMachine task thread for /127.0.0.1:14733 - 0 ] WARN  statemachine.EndpointStateMachine (EndpointStateMachine.java:logIfNeeded(236)) - Unable to communicate to SCM server at localhost:14733 for past 0 seconds.
java.net.ConnectException: Call From fv-az151-339/10.1.0.55 to localhost:14733 failed on connection exception: java.net.ConnectException: Connection refused; For more details see:  http://wiki.apache.org/hadoop/ConnectionRefused
	at sun.reflect.NativeConstructorAccessorImpl.newInstance0(Native Method)
	at sun.reflect.NativeConstructorAccessorImpl.newInstance(NativeConstructorAccessorImpl.java:62)
	at sun.reflect.DelegatingConstructorAccessorImpl.newInstance(DelegatingConstructorAccessorImpl.java:45)
	at java.lang.reflect.Constructor.newInstance(Constructor.java:423)
	at org.apache.hadoop.net.NetUtils.wrapWithMessage(NetUtils.java:913)
	at org.apache.hadoop.net.NetUtils.wrapException(NetUtils.java:828)
	at org.apache.hadoop.ipc.Client.getRpcResponse(Client.java:1577)
	at org.apache.hadoop.ipc.Client.call(Client.java:1519)
	at org.apache.hadoop.ipc.Client.call(Client.java:1416)
	at org.apache.hadoop.ipc.ProtobufRpcEngine$Invoker.invoke(ProtobufRpcEngine.java:236)
	at org.apache.hadoop.ipc.ProtobufRpcEngine$Invoker.invoke(ProtobufRpcEngine.java:123)
	at com.sun.proxy.$Proxy48.submitRequest(Unknown Source)
	at org.apache.hadoop.ozone.protocolPB.StorageContainerDatanodeProtocolClientSideTranslatorPB.submitRequest(StorageContainerDatanodeProtocolClientSideTranslatorPB.java:117)
	at org.apache.hadoop.ozone.protocolPB.StorageContainerDatanodeProtocolClientSideTranslatorPB.register(StorageContainerDatanodeProtocolClientSideTranslatorPB.java:180)
	at org.apache.hadoop.ozone.container.common.states.endpoint.RegisterEndpointTask.call(RegisterEndpointTask.java:158)
	at org.apache.hadoop.ozone.container.common.states.endpoint.RegisterEndpointTask.call(RegisterEndpointTask.java:52)
	at java.util.concurrent.FutureTask.run(FutureTask.java:266)
	at java.util.concurrent.ThreadPoolExecutor.runWorker(ThreadPoolExecutor.java:1149)
	at java.util.concurrent.ThreadPoolExecutor$Worker.run(ThreadPoolExecutor.java:624)
	at java.lang.Thread.run(Thread.java:748)
Caused by: java.net.ConnectException: Connection refused
	at sun.nio.ch.SocketChannelImpl.checkConnect(Native Method)
	at sun.nio.ch.SocketChannelImpl.finishConnect(SocketChannelImpl.java:716)
	at org.apache.hadoop.net.SocketIOWithTimeout.connect(SocketIOWithTimeout.java:206)
	at org.apache.hadoop.net.NetUtils.connect(NetUtils.java:586)
	at org.apache.hadoop.ipc.Client$Connection.setupConnection(Client.java:701)
	at org.apache.hadoop.ipc.Client$Connection.setupIOstreams(Client.java:822)
	at org.apache.hadoop.ipc.Client$Connection.access$3800(Client.java:414)
	at org.apache.hadoop.ipc.Client.getConnection(Client.java:1647)
	at org.apache.hadoop.ipc.Client.call(Client.java:1463)
	... 12 more
2021-11-15 13:25:57,381 [EndpointStateMachine task thread for /127.0.0.1:14713 - 0 ] INFO  ipc.Client (Client.java:handleConnectionFailure(977)) - Retrying connect to server: localhost/127.0.0.1:14713. Already tried 14 time(s); retry policy is RetryUpToMaximumCountWithFixedSleep(maxRetries=15, sleepTime=1000 MILLISECONDS)
2021-11-15 13:25:57,382 [EndpointStateMachine task thread for /127.0.0.1:14723 - 0 ] INFO  ipc.Client (Client.java:handleConnectionFailure(977)) - Retrying connect to server: localhost/127.0.0.1:14723. Already tried 14 time(s); retry policy is RetryUpToMaximumCountWithFixedSleep(maxRetries=15, sleepTime=1000 MILLISECONDS)
2021-11-15 13:25:58,382 [EndpointStateMachine task thread for /127.0.0.1:14733 - 0 ] INFO  ipc.Client (Client.java:handleConnectionFailure(977)) - Retrying connect to server: localhost/127.0.0.1:14733. Already tried 0 time(s); retry policy is RetryUpToMaximumCountWithFixedSleep(maxRetries=15, sleepTime=1000 MILLISECONDS)
2021-11-15 13:25:58,382 [EndpointStateMachine task thread for /127.0.0.1:14713 - 0 ] INFO  ipc.Client (Client.java:handleConnectionFailure(977)) - Retrying connect to server: localhost/127.0.0.1:14713. Already tried 0 time(s); retry policy is RetryUpToMaximumCountWithFixedSleep(maxRetries=15, sleepTime=1000 MILLISECONDS)
2021-11-15 13:25:58,383 [EndpointStateMachine task thread for /127.0.0.1:14723 - 0 ] INFO  ipc.Client (Client.java:handleConnectionFailure(977)) - Retrying connect to server: localhost/127.0.0.1:14723. Already tried 0 time(s); retry policy is RetryUpToMaximumCountWithFixedSleep(maxRetries=15, sleepTime=1000 MILLISECONDS)
2021-11-15 13:25:58,713 [Listener at 0.0.0.0/14563] INFO  server.StorageContainerManager (StorageContainerManager.java:scmBootstrap(987)) - SCM BootStrap  is successful for ClusterID 54fbe6a2-d836-4e9c-ac0d-22c475060fab, SCMID 0a37f259-89fa-4cb5-a2dc-a190c2b03b5f
2021-11-15 13:25:58,714 [Listener at 0.0.0.0/14563] INFO  server.StorageContainerManager (StorageContainerManager.java:scmBootstrap(989)) - Primary SCM Node ID cea2b274-67f8-42eb-ae41-f09704fbacf0
2021-11-15 13:25:58,714 [Listener at 0.0.0.0/14563] INFO  ha.SCMHANodeDetails (SCMHANodeDetails.java:loadSCMHAConfig(157)) - ServiceID for StorageContainerManager is scm-service-test1
2021-11-15 13:25:58,714 [Listener at 0.0.0.0/14563] INFO  ha.SCMHANodeDetails (SCMHANodeDetails.java:loadSCMHAConfig(168)) - ServiceID for StorageContainerManager is scm-service-test1
2021-11-15 13:25:58,714 [Listener at 0.0.0.0/14563] WARN  scm.ScmUtils (ScmUtils.java:logWarn(179)) - ConfigKey ozone.scm.block.client.address is deprecated, For configuring different ports for each SCM use PortConfigKey ozone.scm.block.client.port appended with serviceId and nodeId. If want to configure same port configure ozone.scm.block.client.port
2021-11-15 13:25:58,714 [Listener at 0.0.0.0/14563] WARN  scm.ScmUtils (ScmUtils.java:logWarn(179)) - ConfigKey ozone.scm.client.address is deprecated, For configuring different ports for each SCM use PortConfigKey ozone.scm.client.port appended with serviceId and nodeId. If want to configure same port configure ozone.scm.client.port
2021-11-15 13:25:58,714 [Listener at 0.0.0.0/14563] WARN  scm.ScmUtils (ScmUtils.java:logWarn(179)) - ConfigKey ozone.scm.datanode.address is deprecated, For configuring different ports for each SCM use PortConfigKey ozone.scm.datanode.port appended with serviceId and nodeId. If want to configure same port configure ozone.scm.datanode.port
2021-11-15 13:25:58,715 [Listener at 0.0.0.0/14563] WARN  scm.ScmUtils (ScmUtils.java:logWarn(179)) - ConfigKey ozone.scm.block.client.address is deprecated, For configuring different ports for each SCM use PortConfigKey ozone.scm.block.client.port appended with serviceId and nodeId. If want to configure same port configure ozone.scm.block.client.port
2021-11-15 13:25:58,715 [Listener at 0.0.0.0/14563] WARN  scm.ScmUtils (ScmUtils.java:logWarn(179)) - ConfigKey ozone.scm.client.address is deprecated, For configuring different ports for each SCM use PortConfigKey ozone.scm.client.port appended with serviceId and nodeId. If want to configure same port configure ozone.scm.client.port
2021-11-15 13:25:58,715 [Listener at 0.0.0.0/14563] WARN  scm.ScmUtils (ScmUtils.java:logWarn(179)) - ConfigKey ozone.scm.datanode.address is deprecated, For configuring different ports for each SCM use PortConfigKey ozone.scm.datanode.port appended with serviceId and nodeId. If want to configure same port configure ozone.scm.datanode.port
2021-11-15 13:25:58,715 [Listener at 0.0.0.0/14563] INFO  ha.SCMHANodeDetails (SCMHANodeDetails.java:loadSCMHAConfig(250)) - Found matching SCM address with SCMServiceId: scm-service-test1, SCMNodeId: scmNode-2, RPC Address: localhost:14570 and Ratis port: 14570
2021-11-15 13:25:58,715 [Listener at 0.0.0.0/14563] INFO  ha.SCMHANodeDetails (ConfUtils.java:setNodeSpecificConfigs(108)) - Setting configuration key ozone.scm.datanode.address with value of key ozone.scm.datanode.address.scm-service-test1.scmNode-2: 127.0.0.1:14571
2021-11-15 13:25:58,715 [Listener at 0.0.0.0/14563] INFO  ha.SCMHANodeDetails (ConfUtils.java:setNodeSpecificConfigs(108)) - Setting configuration key ozone.scm.block.client.address with value of key ozone.scm.block.client.address.scm-service-test1.scmNode-2: 127.0.0.1:14572
2021-11-15 13:25:58,715 [Listener at 0.0.0.0/14563] INFO  ha.SCMHANodeDetails (ConfUtils.java:setNodeSpecificConfigs(108)) - Setting configuration key ozone.scm.client.address with value of key ozone.scm.client.address.scm-service-test1.scmNode-2: 127.0.0.1:14573
2021-11-15 13:25:58,715 [Listener at 0.0.0.0/14563] INFO  ha.SCMHANodeDetails (ConfUtils.java:setNodeSpecificConfigs(108)) - Setting configuration key ozone.scm.ratis.port with value of key ozone.scm.ratis.port.scm-service-test1.scmNode-2: 14570
2021-11-15 13:25:58,715 [Listener at 0.0.0.0/14563] INFO  ha.SCMHANodeDetails (ConfUtils.java:setNodeSpecificConfigs(108)) - Setting configuration key ozone.scm.grpc.port with value of key ozone.scm.grpc.port.scm-service-test1.scmNode-2: 14574
2021-11-15 13:25:58,715 [Listener at 0.0.0.0/14563] INFO  ha.SCMHANodeDetails (ConfUtils.java:setNodeSpecificConfigs(108)) - Setting configuration key ozone.scm.http-address with value of key ozone.scm.http-address.scm-service-test1.scmNode-2: 127.0.0.1:14568
2021-11-15 13:25:58,716 [Listener at 0.0.0.0/14563] INFO  ha.SCMHANodeDetails (ConfUtils.java:setNodeSpecificConfigs(108)) - Setting configuration key ozone.scm.https-address with value of key ozone.scm.https-address.scm-service-test1.scmNode-2: 127.0.0.1:14569
2021-11-15 13:25:58,716 [Listener at 0.0.0.0/14563] INFO  ha.SCMHANodeDetails (ConfUtils.java:setNodeSpecificConfigs(108)) - Setting configuration key ozone.scm.address with value of key ozone.scm.address.scm-service-test1.scmNode-2: 127.0.0.1
2021-11-15 13:25:58,716 [Listener at 0.0.0.0/14563] WARN  scm.ScmUtils (ScmUtils.java:logWarn(179)) - ConfigKey ozone.scm.block.client.address is deprecated, For configuring different ports for each SCM use PortConfigKey ozone.scm.block.client.port appended with serviceId and nodeId. If want to configure same port configure ozone.scm.block.client.port
2021-11-15 13:25:58,716 [Listener at 0.0.0.0/14563] WARN  scm.ScmUtils (ScmUtils.java:logWarn(179)) - ConfigKey ozone.scm.client.address is deprecated, For configuring different ports for each SCM use PortConfigKey ozone.scm.client.port appended with serviceId and nodeId. If want to configure same port configure ozone.scm.client.port
2021-11-15 13:25:58,716 [Listener at 0.0.0.0/14563] WARN  scm.ScmUtils (ScmUtils.java:logWarn(179)) - ConfigKey ozone.scm.datanode.address is deprecated, For configuring different ports for each SCM use PortConfigKey ozone.scm.datanode.port appended with serviceId and nodeId. If want to configure same port configure ozone.scm.datanode.port
2021-11-15 13:25:58,717 [Listener at 0.0.0.0/14563] WARN  server.ServerUtils (ServerUtils.java:getScmDbDir(148)) - ozone.scm.db.dirs is not configured. We recommend adding this setting. Falling back to ozone.metadata.dirs instead.
2021-11-15 13:25:58,717 [Listener at 0.0.0.0/14563] INFO  upgrade.AbstractLayoutVersionManager (AbstractLayoutVersionManager.java:init(79)) - Initializing Layout version manager with metadata layout = SCM_HA (version = 2), software layout = SCM_HA (version = 2)
2021-11-15 13:25:58,797 [Listener at 0.0.0.0/14563] INFO  reflections.Reflections (Reflections.java:scan(232)) - Reflections took 79 ms to scan 7 urls, producing 119 keys and 279 values 
2021-11-15 13:25:58,803 [Listener at 0.0.0.0/14563] WARN  utils.HAUtils (HAUtils.java:getMetaDir(342)) - ozone.scm.db.dirs is not configured. We recommend adding this setting. Falling back to ozone.metadata.dirs instead.
2021-11-15 13:25:58,806 [Listener at 0.0.0.0/14563] WARN  db.DBStoreBuilder (DBStoreBuilder.java:applyDBDefinition(145)) - ozone.scm.db.dirs is not configured. We recommend adding this setting. Falling back to ozone.metadata.dirs instead.
2021-11-15 13:25:59,119 [Listener at 0.0.0.0/14563] INFO  net.NodeSchemaLoader (NodeSchemaLoader.java:loadSchemaFromFile(129)) - Loading schema from [jar:file:/home/runner/.m2/repository/org/apache/ozone/hdds-common/1.2.0-SNAPSHOT/hdds-common-1.2.0-SNAPSHOT.jar!/network-topology-default.xml]
2021-11-15 13:25:59,120 [Listener at 0.0.0.0/14563] INFO  net.NodeSchemaLoader (NodeSchemaLoader.java:loadSchema(176)) - Loading network topology layer schema file
2021-11-15 13:25:59,121 [Listener at 0.0.0.0/14563] WARN  impl.MetricRegistriesImpl (MetricRegistriesImpl.java:addReporterRegistration(111)) - New reporters are added after registries were created. Some metrics will be missing from the reporter. Please add reporter before adding any new registry.
2021-11-15 13:25:59,122 [Listener at 0.0.0.0/14563] WARN  impl.MetricRegistriesImpl (MetricRegistriesImpl.java:addReporterRegistration(111)) - New reporters are added after registries were created. Some metrics will be missing from the reporter. Please add reporter before adding any new registry.
2021-11-15 13:25:59,127 [Listener at 0.0.0.0/14563] INFO  ha.SCMRatisServerImpl (SCMRatisServerImpl.java:<init>(87)) - starting Raft server for scm:0a37f259-89fa-4cb5-a2dc-a190c2b03b5f
2021-11-15 13:25:59,130 [Listener at 0.0.0.0/14563] INFO  server.RaftServer (ConfUtils.java:logGet(44)) - raft.rpc.type = GRPC (default)
2021-11-15 13:25:59,130 [Listener at 0.0.0.0/14563] INFO  grpc.GrpcFactory (GrpcFactory.java:checkPooledByteBufAllocatorUseCacheForAllThreads(48)) - PERFORMANCE WARNING: useCacheForAllThreads is true that may cause Netty to create a lot garbage objects and, as a result, trigger GC.
	It is recommended to disable useCacheForAllThreads by setting -Dorg.apache.ratis.thirdparty.io.netty.allocator.useCacheForAllThreads=false in command line.
2021-11-15 13:25:59,130 [Listener at 0.0.0.0/14563] INFO  grpc.GrpcConfigKeys (ConfUtils.java:logGet(44)) - raft.grpc.admin.port = -1 (default)
2021-11-15 13:25:59,130 [Listener at 0.0.0.0/14563] INFO  grpc.GrpcConfigKeys (ConfUtils.java:logGet(44)) - raft.grpc.server.port = 14570 (custom)
2021-11-15 13:25:59,130 [Listener at 0.0.0.0/14563] INFO  grpc.GrpcConfigKeys (ConfUtils.java:logGet(44)) - raft.grpc.client.port = -1 (default)
2021-11-15 13:25:59,130 [Listener at 0.0.0.0/14563] INFO  grpc.GrpcConfigKeys (ConfUtils.java:logGet(44)) - raft.grpc.server.port = 14570 (custom)
2021-11-15 13:25:59,131 [Listener at 0.0.0.0/14563] INFO  grpc.GrpcConfigKeys (ConfUtils.java:logGet(44)) - raft.grpc.server.port = 14570 (custom)
2021-11-15 13:25:59,131 [Listener at 0.0.0.0/14563] INFO  server.GrpcService (ConfUtils.java:logGet(44)) - raft.grpc.message.size.max = 32m (=33554432) (custom)
2021-11-15 13:25:59,131 [Listener at 0.0.0.0/14563] INFO  server.RaftServerConfigKeys (ConfUtils.java:logGet(44)) - raft.server.log.appender.buffer.byte-limit = 33554432 (custom)
2021-11-15 13:25:59,137 [Listener at 0.0.0.0/14563] INFO  server.GrpcService (ConfUtils.java:logGet(44)) - raft.grpc.flow.control.window = 1MB (=1048576) (default)
2021-11-15 13:25:59,137 [Listener at 0.0.0.0/14563] INFO  server.RaftServerConfigKeys (ConfUtils.java:logGet(44)) - raft.server.rpc.request.timeout = 30000ms (custom)
2021-11-15 13:25:59,138 [Listener at 0.0.0.0/14563] INFO  impl.DataStreamServerImpl (ConfUtils.java:logGet(44)) - raft.datastream.type = DISABLED (default)
2021-11-15 13:25:59,139 [Listener at 0.0.0.0/14563] INFO  server.RaftServerConfigKeys (ConfUtils.java:logGet(44)) - raft.server.rpc.slowness.timeout = 120000ms (custom)
2021-11-15 13:25:59,139 [Listener at 0.0.0.0/14563] INFO  server.RaftServerConfigKeys (ConfUtils.java:logGet(44)) - raft.server.leaderelection.leader.step-down.wait-time = 10s (default)
2021-11-15 13:25:59,139 [Listener at 0.0.0.0/14563] INFO  server.RaftServerConfigKeys (ConfUtils.java:logGet(44)) - raft.server.storage.dir = [/home/runner/work/ozone/ozone/hadoop-ozone/integration-test/target/test-dir/MiniOzoneClusterImpl-54fbe6a2-d836-4e9c-ac0d-22c475060fab/scmNode-2/scm-ha] (custom)
2021-11-15 13:25:59,142 [Listener at 0.0.0.0/14563] INFO  server.RaftServer (RaftServerProxy.java:addNew(95)) - 0a37f259-89fa-4cb5-a2dc-a190c2b03b5f: addNew group-22C475060FAB:[] returns group-22C475060FAB:java.util.concurrent.CompletableFuture@283b462d[Not completed]
2021-11-15 13:25:59,142 [pool-223-thread-1] INFO  server.RaftServer$Division (RaftServerImpl.java:<init>(184)) - 0a37f259-89fa-4cb5-a2dc-a190c2b03b5f: new RaftServerImpl for group-22C475060FAB:[] with SCMStateMachine:uninitialized
2021-11-15 13:25:59,165 [pool-223-thread-1] INFO  server.RaftServerConfigKeys (ConfUtils.java:logGet(44)) - raft.server.rpc.timeout.min = 5000ms (custom)
2021-11-15 13:25:59,165 [pool-223-thread-1] INFO  server.RaftServerConfigKeys (ConfUtils.java:logGet(44)) - raft.server.rpc.timeout.max = 5200ms (custom)
2021-11-15 13:25:59,165 [pool-223-thread-1] INFO  server.RaftServerConfigKeys (ConfUtils.java:logGet(44)) - raft.server.rpc.sleep.time = 25ms (default)
2021-11-15 13:25:59,165 [pool-223-thread-1] INFO  server.RaftServerConfigKeys (ConfUtils.java:logGet(44)) - raft.server.rpc.slowness.timeout = 120000ms (custom)
2021-11-15 13:25:59,165 [pool-223-thread-1] INFO  server.RaftServerConfigKeys (ConfUtils.java:logGet(44)) - raft.server.leaderelection.leader.step-down.wait-time = 10s (default)
2021-11-15 13:25:59,165 [pool-223-thread-1] INFO  server.RaftServerConfigKeys (ConfUtils.java:logGet(44)) - raft.server.sleep.deviation.threshold = 300ms (default)
2021-11-15 13:25:59,165 [pool-223-thread-1] INFO  server.RaftServerConfigKeys (ConfUtils.java:logGet(44)) - raft.server.log.appender.install.snapshot.enabled = false (custom)
2021-11-15 13:25:59,165 [pool-223-thread-1] INFO  server.RaftServer$Division (ServerState.java:<init>(105)) - 0a37f259-89fa-4cb5-a2dc-a190c2b03b5f@group-22C475060FAB: ConfigurationManager, init=-1: [], old=null, confs=<EMPTY_MAP>
2021-11-15 13:25:59,166 [pool-223-thread-1] INFO  server.RaftServerConfigKeys (ConfUtils.java:logGet(44)) - raft.server.storage.dir = [/home/runner/work/ozone/ozone/hadoop-ozone/integration-test/target/test-dir/MiniOzoneClusterImpl-54fbe6a2-d836-4e9c-ac0d-22c475060fab/scmNode-2/scm-ha] (custom)
2021-11-15 13:25:59,166 [pool-223-thread-1] INFO  server.RaftServerConfigKeys (ConfUtils.java:logGet(44)) - raft.server.log.corruption.policy = EXCEPTION (default)
2021-11-15 13:25:59,166 [pool-223-thread-1] INFO  server.RaftServerConfigKeys (ConfUtils.java:logGet(44)) - raft.server.storage.free-space.min = 0MB (=0) (default)
2021-11-15 13:25:59,166 [pool-223-thread-1] INFO  storage.RaftStorageDirectory (RaftStorageDirectoryImpl.java:analyzeStorage(135)) - The storage directory /home/runner/work/ozone/ozone/hadoop-ozone/integration-test/target/test-dir/MiniOzoneClusterImpl-54fbe6a2-d836-4e9c-ac0d-22c475060fab/scmNode-2/scm-ha/54fbe6a2-d836-4e9c-ac0d-22c475060fab does not exist. Creating ...
2021-11-15 13:25:59,170 [pool-223-thread-1] INFO  storage.RaftStorageDirectory (RaftStorageDirectoryImpl.java:tryLock(230)) - Lock on /home/runner/work/ozone/ozone/hadoop-ozone/integration-test/target/test-dir/MiniOzoneClusterImpl-54fbe6a2-d836-4e9c-ac0d-22c475060fab/scmNode-2/scm-ha/54fbe6a2-d836-4e9c-ac0d-22c475060fab/in_use.lock acquired by nodename 23543@fv-az151-339
2021-11-15 13:25:59,174 [pool-223-thread-1] INFO  storage.RaftStorage (RaftStorageImpl.java:format(89)) - Storage directory /home/runner/work/ozone/ozone/hadoop-ozone/integration-test/target/test-dir/MiniOzoneClusterImpl-54fbe6a2-d836-4e9c-ac0d-22c475060fab/scmNode-2/scm-ha/54fbe6a2-d836-4e9c-ac0d-22c475060fab has been successfully formatted.
2021-11-15 13:25:59,175 [pool-223-thread-1] INFO  server.RaftServerConfigKeys (ConfUtils.java:logGet(44)) - raft.server.notification.no-leader.timeout = 60s (default)
2021-11-15 13:25:59,175 [pool-223-thread-1] INFO  server.RaftServerConfigKeys (ConfUtils.java:logGet(44)) - raft.server.log.use.memory = false (default)
2021-11-15 13:25:59,175 [pool-223-thread-1] INFO  server.RaftServerConfigKeys (ConfUtils.java:logGet(44)) - raft.server.log.purge.gap = 5 (custom)
2021-11-15 13:25:59,175 [pool-223-thread-1] INFO  server.RaftServerConfigKeys (ConfUtils.java:logGet(44)) - raft.server.log.appender.buffer.byte-limit = 33554432 (custom)
2021-11-15 13:25:59,175 [pool-223-thread-1] INFO  server.RaftServerConfigKeys (ConfUtils.java:logGet(44)) - raft.server.log.segment.size.max = 4194304 (custom)
2021-11-15 13:25:59,175 [pool-223-thread-1] INFO  server.RaftServerConfigKeys (ConfUtils.java:logGet(44)) - raft.server.log.segment.cache.num.max = 2 (custom)
2021-11-15 13:25:59,175 [pool-223-thread-1] INFO  server.RaftServerConfigKeys (ConfUtils.java:logGet(44)) - raft.server.log.segment.cache.size.max = 200MB (=209715200) (default)
2021-11-15 13:25:59,175 [pool-223-thread-1] INFO  segmented.SegmentedRaftLogWorker (SegmentedRaftLogWorker.java:<init>(182)) - new 0a37f259-89fa-4cb5-a2dc-a190c2b03b5f@group-22C475060FAB-SegmentedRaftLogWorker for RaftStorageImpl:Storage Directory /home/runner/work/ozone/ozone/hadoop-ozone/integration-test/target/test-dir/MiniOzoneClusterImpl-54fbe6a2-d836-4e9c-ac0d-22c475060fab/scmNode-2/scm-ha/54fbe6a2-d836-4e9c-ac0d-22c475060fab
2021-11-15 13:25:59,175 [pool-223-thread-1] INFO  server.RaftServerConfigKeys (ConfUtils.java:logGet(44)) - raft.server.log.queue.byte-limit = 64MB (=67108864) (default)
2021-11-15 13:25:59,175 [pool-223-thread-1] INFO  server.RaftServerConfigKeys (ConfUtils.java:logGet(44)) - raft.server.log.queue.element-limit = 4096 (default)
2021-11-15 13:25:59,175 [pool-223-thread-1] INFO  server.RaftServerConfigKeys (ConfUtils.java:logGet(44)) - raft.server.log.segment.size.max = 4194304 (custom)
2021-11-15 13:25:59,176 [pool-223-thread-1] INFO  server.RaftServerConfigKeys (ConfUtils.java:logGet(44)) - raft.server.log.preallocated.size = 4194304 (custom)
2021-11-15 13:25:59,176 [pool-223-thread-1] INFO  server.RaftServerConfigKeys (ConfUtils.java:logGet(44)) - raft.server.log.force.sync.num = 128 (default)
2021-11-15 13:25:59,176 [pool-223-thread-1] INFO  server.RaftServerConfigKeys (ConfUtils.java:logGet(44)) - raft.server.log.statemachine.data.sync = true (default)
2021-11-15 13:25:59,176 [pool-223-thread-1] INFO  server.RaftServerConfigKeys (ConfUtils.java:logGet(44)) - raft.server.log.statemachine.data.sync.timeout = 10s (default)
2021-11-15 13:25:59,176 [pool-223-thread-1] INFO  server.RaftServerConfigKeys (ConfUtils.java:logGet(44)) - raft.server.log.statemachine.data.sync.timeout.retry = -1 (default)
2021-11-15 13:25:59,176 [pool-223-thread-1] INFO  server.RaftServerConfigKeys (ConfUtils.java:logGet(44)) - raft.server.log.write.buffer.size = 64KB (=65536) (default)
2021-11-15 13:25:59,176 [pool-223-thread-1] INFO  server.RaftServerConfigKeys (ConfUtils.java:logGet(44)) - raft.server.log.statemachine.data.caching.enabled = false (default)
2021-11-15 13:25:59,176 [pool-223-thread-1] INFO  segmented.SegmentedRaftLogWorker (SegmentedRaftLogWorker.java:lambda$new$0(133)) - 0a37f259-89fa-4cb5-a2dc-a190c2b03b5f@group-22C475060FAB-SegmentedRaftLogWorker: flushIndex: setUnconditionally 0 -> -1
2021-11-15 13:25:59,177 [pool-223-thread-1] INFO  segmented.SegmentedRaftLogWorker (SegmentedRaftLogWorker.java:lambda$new$0(133)) - 0a37f259-89fa-4cb5-a2dc-a190c2b03b5f@group-22C475060FAB-SegmentedRaftLogWorker: safeCacheEvictIndex: setUnconditionally 0 -> -1
2021-11-15 13:25:59,178 [pool-223-thread-1] INFO  server.RaftServerConfigKeys (ConfUtils.java:logGet(44)) - raft.server.snapshot.auto.trigger.enabled = true (custom)
2021-11-15 13:25:59,178 [pool-223-thread-1] INFO  server.RaftServerConfigKeys (ConfUtils.java:logGet(44)) - raft.server.snapshot.auto.trigger.threshold = 5 (custom)
2021-11-15 13:25:59,178 [pool-223-thread-1] INFO  server.RaftServerConfigKeys (ConfUtils.java:logGet(44)) - raft.server.snapshot.retention.file.num = -1 (default)
2021-11-15 13:25:59,178 [pool-223-thread-1] INFO  server.RaftServerConfigKeys (ConfUtils.java:logGet(44)) - raft.server.log.purge.upto.snapshot.index = true (custom)
2021-11-15 13:25:59,178 [pool-223-thread-1] INFO  server.RaftServerConfigKeys (ConfUtils.java:logGet(44)) - raft.server.retrycache.expirytime = 60000ms (default)
2021-11-15 13:25:59,178 [pool-223-thread-1] INFO  server.RaftServerConfigKeys (ConfUtils.java:logGet(44)) - raft.server.retrycache.statistics.expirytime = 100μs (default)
2021-11-15 13:25:59,179 [Listener at 0.0.0.0/14563] INFO  ha.SCMSnapshotProvider (SCMSnapshotProvider.java:<init>(66)) - Initializing SCM Snapshot Provider
2021-11-15 13:25:59,179 [Listener at 0.0.0.0/14563] WARN  server.ServerUtils (ServerUtils.java:getDefaultRatisDirectory(237)) - Storage directory for Ratis is not configured. It is a good idea to map this to an SSD disk. Falling back to ozone.metadata.dirs
2021-11-15 13:25:59,180 [Listener at 0.0.0.0/14563] WARN  ha.SCMHAUtils (SCMHAUtils.java:getSCMRatisSnapshotDirectory(146)) - SCM snapshot dir is not configured. Falling back to ozone.metadata.dirs config
2021-11-15 13:25:59,181 [Listener at 0.0.0.0/14563] INFO  ha.SequenceIdGenerator (SequenceIdGenerator.java:upgradeToSequenceId(347)) - upgrade localId to 107544261427200000
2021-11-15 13:25:59,181 [Listener at 0.0.0.0/14563] INFO  ha.SequenceIdGenerator (SequenceIdGenerator.java:upgradeToSequenceId(357)) - upgrade delTxnId to 0
2021-11-15 13:25:59,182 [Listener at 0.0.0.0/14563] INFO  ha.SequenceIdGenerator (SequenceIdGenerator.java:upgradeToSequenceId(371)) - upgrade containerId to 0
2021-11-15 13:25:59,182 [Listener at 0.0.0.0/14563] INFO  ha.SequenceIdGenerator (SequenceIdGenerator.java:<init>(218)) - Init the HA SequenceIdGenerator.
2021-11-15 13:25:59,182 [Listener at 0.0.0.0/14563] WARN  server.ServerUtils (ServerUtils.java:sanitizeUserArgs(73)) - ozone.scm.stale.node.interval value = 300000 is larger than max = 100000 based on the key value of ozone.scm.heartbeat.thread.interval, reset to the max value 100000.
2021-11-15 13:25:59,182 [Listener at 0.0.0.0/14563] WARN  server.ServerUtils (ServerUtils.java:sanitizeUserArgs(73)) - ozone.scm.stale.node.interval value = 300000 is larger than max = 100000 based on the key value of ozone.scm.heartbeat.thread.interval, reset to the max value 100000.
2021-11-15 13:25:59,183 [Listener at 0.0.0.0/14563] INFO  node.SCMNodeManager (SCMNodeManager.java:<init>(144)) - Entering startup safe mode.
2021-11-15 13:25:59,183 [Listener at 0.0.0.0/14563] INFO  algorithms.ContainerPlacementPolicyFactory (ContainerPlacementPolicyFactory.java:getPolicy(60)) - Create container placement policy of type org.apache.hadoop.hdds.scm.container.placement.algorithms.SCMContainerPlacementRandom
2021-11-15 13:25:59,184 [Listener at 0.0.0.0/14563] INFO  pipeline.PipelineStateManagerImpl (PipelineStateManagerImpl.java:initialize(78)) - No pipeline exists in current db
2021-11-15 13:25:59,184 [Listener at 0.0.0.0/14563] INFO  algorithms.LeaderChoosePolicyFactory (LeaderChoosePolicyFactory.java:getPolicy(57)) - Create leader choose policy of type org.apache.hadoop.hdds.scm.pipeline.leader.choose.algorithms.MinLeaderCountChoosePolicy
2021-11-15 13:25:59,184 [Listener at 0.0.0.0/14563] INFO  ha.SCMServiceManager (SCMServiceManager.java:register(43)) - Registering service BackgroundPipelineCreator.
2021-11-15 13:25:59,184 [Listener at 0.0.0.0/14563] INFO  pipeline.BackgroundPipelineCreator (BackgroundPipelineCreator.java:start(130)) - Starting RatisPipelineUtilsThread.
2021-11-15 13:25:59,189 [Listener at 0.0.0.0/14563] INFO  algorithms.PipelineChoosePolicyFactory (PipelineChoosePolicyFactory.java:createPipelineChoosePolicyFromClass(73)) - Create pipeline choose policy of type org.apache.hadoop.hdds.scm.pipeline.choose.algorithms.RandomPipelineChoosePolicy
2021-11-15 13:25:59,190 [Listener at 0.0.0.0/14563] INFO  ha.SCMServiceManager (SCMServiceManager.java:register(43)) - Registering service SCMBlockDeletingService.
2021-11-15 13:25:59,190 [Listener at 0.0.0.0/14563] INFO  ha.SCMServiceManager (SCMServiceManager.java:register(43)) - Registering service ReplicationManager.
2021-11-15 13:25:59,191 [Listener at 0.0.0.0/14563] INFO  container.ReplicationManager (ReplicationManager.java:start(319)) - Starting Replication Monitor Thread.
2021-11-15 13:25:59,192 [Listener at 0.0.0.0/14563] INFO  safemode.ContainerSafeModeRule (ContainerSafeModeRule.java:<init>(89)) - containers with one replica threshold count 0
2021-11-15 13:25:59,193 [Listener at 0.0.0.0/14563] INFO  safemode.HealthyPipelineSafeModeRule (HealthyPipelineSafeModeRule.java:initializeRule(156)) - Total pipeline count is 0, healthy pipeline threshold count is 1
2021-11-15 13:25:59,193 [Listener at 0.0.0.0/14563] INFO  safemode.OneReplicaPipelineSafeModeRule (OneReplicaPipelineSafeModeRule.java:initializeRule(180)) - Total pipeline count is 0, pipeline's with at least one datanode reported threshold count is 0
2021-11-15 13:25:59,197 [ReplicationMonitor] INFO  container.ReplicationManager (ReplicationManager.java:processAll(371)) - Replication Monitor Thread took 0 milliseconds for processing 0 containers.
2021-11-15 13:25:59,206 [Listener at 0.0.0.0/14563] INFO  ipc.CallQueueManager (CallQueueManager.java:<init>(90)) - Using callQueue: class java.util.concurrent.LinkedBlockingQueue, queueCapacity: 2000, scheduler: class org.apache.hadoop.ipc.DefaultRpcScheduler, ipcBackoff: false.
2021-11-15 13:25:59,211 [Listener at 0.0.0.0/14571] INFO  ipc.CallQueueManager (CallQueueManager.java:<init>(90)) - Using callQueue: class java.util.concurrent.LinkedBlockingQueue, queueCapacity: 2000, scheduler: class org.apache.hadoop.ipc.DefaultRpcScheduler, ipcBackoff: false.
2021-11-15 13:25:59,211 [Socket Reader #1 for port 14571] INFO  ipc.Server (Server.java:run(1265)) - Starting Socket Reader #1 for port 14571
2021-11-15 13:25:59,224 [Listener at 0.0.0.0/14572] INFO  ipc.CallQueueManager (CallQueueManager.java:<init>(90)) - Using callQueue: class java.util.concurrent.LinkedBlockingQueue, queueCapacity: 2000, scheduler: class org.apache.hadoop.ipc.DefaultRpcScheduler, ipcBackoff: false.
2021-11-15 13:25:59,224 [Socket Reader #1 for port 14573] INFO  ipc.Server (Server.java:run(1265)) - Starting Socket Reader #1 for port 14573
2021-11-15 13:25:59,242 [Socket Reader #1 for port 14572] INFO  ipc.Server (Server.java:run(1265)) - Starting Socket Reader #1 for port 14572
2021-11-15 13:25:59,271 [Listener at 0.0.0.0/14573] INFO  algorithms.ContainerPlacementPolicyFactory (ContainerPlacementPolicyFactory.java:getPolicy(60)) - Create container placement policy of type org.apache.hadoop.hdds.scm.container.placement.algorithms.SCMContainerPlacementRandom
2021-11-15 13:25:59,272 [Listener at 0.0.0.0/14573] INFO  server.StorageContainerManager (StorageContainerManager.java:<init>(388)) - 
Container Balancer status:
Key                            Value
Running                        false
Container Balancer Configuration values:
Key                                                Value
Threshold                                          0.1
Max Datanodes to Involve per Iteration(ratio)      0.2
Max Size to Move per Iteration                     32212254720B

2021-11-15 13:25:59,277 [Listener at 0.0.0.0/14573] WARN  events.EventQueue (EventQueue.java:fireEvent(194)) - No event handler registered for event TypedEvent{payloadType=SafeModeStatus, name='Safe mode status'}
2021-11-15 13:25:59,277 [Listener at 0.0.0.0/14573] INFO  ha.SCMContext (SCMContext.java:updateSafeModeStatus(205)) - Update SafeModeStatus from SafeModeStatus{safeModeStatus=true, preCheckPassed=false} to SafeModeStatus{safeModeStatus=true, preCheckPassed=false}.
2021-11-15 13:25:59,277 [Listener at 0.0.0.0/14573] INFO  server.StorageContainerManager (StorageContainerManager.java:start(1303)) - StorageContainerLocationProtocol RPC server is listening at /0.0.0.0:14573
2021-11-15 13:25:59,278 [Listener at 0.0.0.0/14573] INFO  ha.SCMRatisServerImpl (SCMRatisServerImpl.java:start(177)) - starting ratis server 0.0.0.0:14570
2021-11-15 13:25:59,278 [Listener at 0.0.0.0/14573] INFO  server.RaftServer$Division (RaftServerImpl.java:start(304)) - 0a37f259-89fa-4cb5-a2dc-a190c2b03b5f@group-22C475060FAB: start with initializing state, conf=-1: [], old=null
2021-11-15 13:25:59,283 [Listener at 0.0.0.0/14573] INFO  server.RaftServer$Division (RaftServerImpl.java:setRole(290)) - 0a37f259-89fa-4cb5-a2dc-a190c2b03b5f@group-22C475060FAB: changes role from      null to FOLLOWER at term 0 for startInitializing
2021-11-15 13:25:59,283 [Listener at 0.0.0.0/14573] INFO  util.JmxRegister (JmxRegister.java:tryRegister(44)) - Successfully registered JMX Bean with object name Ratis:service=RaftServer,group=group-22C475060FAB,id=0a37f259-89fa-4cb5-a2dc-a190c2b03b5f
2021-11-15 13:25:59,306 [Listener at 0.0.0.0/14573] INFO  server.RaftServer (RaftServerProxy.java:lambda$start$5(374)) - 0a37f259-89fa-4cb5-a2dc-a190c2b03b5f: start RPC server
2021-11-15 13:25:59,306 [Listener at 0.0.0.0/14573] INFO  server.GrpcService (GrpcService.java:startImpl(253)) - 0a37f259-89fa-4cb5-a2dc-a190c2b03b5f: GrpcService started, listening on 14570
2021-11-15 13:25:59,308 [org.apache.ratis.util.JvmPauseMonitor$$Lambda$499/1445999733@54724e71] INFO  util.JvmPauseMonitor (JvmPauseMonitor.java:run(103)) - JvmPauseMonitor-0a37f259-89fa-4cb5-a2dc-a190c2b03b5f: Started
2021-11-15 13:25:59,309 [Listener at 0.0.0.0/14573] INFO  ha.SCMNodeInfo (SCMNodeInfo.java:getPort(197)) - ConfigKey ozone.scm.client.address is deprecated, For configuring different ports for each SCM use PortConfigKey ozone.scm.client.port appended with serviceId and nodeId
2021-11-15 13:25:59,309 [Listener at 0.0.0.0/14573] INFO  ha.SCMNodeInfo (SCMNodeInfo.java:getPort(197)) - ConfigKey ozone.scm.block.client.address is deprecated, For configuring different ports for each SCM use PortConfigKey ozone.scm.block.client.port appended with serviceId and nodeId
2021-11-15 13:25:59,309 [Listener at 0.0.0.0/14573] INFO  ha.SCMNodeInfo (SCMNodeInfo.java:getPort(197)) - ConfigKey ozone.scm.datanode.address is deprecated, For configuring different ports for each SCM use PortConfigKey ozone.scm.datanode.port appended with serviceId and nodeId
2021-11-15 13:25:59,309 [Listener at 0.0.0.0/14573] INFO  ha.SCMNodeInfo (SCMNodeInfo.java:getPort(197)) - ConfigKey ozone.scm.client.address is deprecated, For configuring different ports for each SCM use PortConfigKey ozone.scm.client.port appended with serviceId and nodeId
2021-11-15 13:25:59,309 [Listener at 0.0.0.0/14573] INFO  ha.SCMNodeInfo (SCMNodeInfo.java:getPort(197)) - ConfigKey ozone.scm.block.client.address is deprecated, For configuring different ports for each SCM use PortConfigKey ozone.scm.block.client.port appended with serviceId and nodeId
2021-11-15 13:25:59,309 [Listener at 0.0.0.0/14573] INFO  ha.SCMNodeInfo (SCMNodeInfo.java:getPort(197)) - ConfigKey ozone.scm.datanode.address is deprecated, For configuring different ports for each SCM use PortConfigKey ozone.scm.datanode.port appended with serviceId and nodeId
2021-11-15 13:25:59,309 [Listener at 0.0.0.0/14573] INFO  ha.SCMNodeInfo (SCMNodeInfo.java:getPort(197)) - ConfigKey ozone.scm.client.address is deprecated, For configuring different ports for each SCM use PortConfigKey ozone.scm.client.port appended with serviceId and nodeId
2021-11-15 13:25:59,309 [Listener at 0.0.0.0/14573] INFO  ha.SCMNodeInfo (SCMNodeInfo.java:getPort(197)) - ConfigKey ozone.scm.block.client.address is deprecated, For configuring different ports for each SCM use PortConfigKey ozone.scm.block.client.port appended with serviceId and nodeId
2021-11-15 13:25:59,309 [Listener at 0.0.0.0/14573] INFO  ha.SCMNodeInfo (SCMNodeInfo.java:getPort(197)) - ConfigKey ozone.scm.datanode.address is deprecated, For configuring different ports for each SCM use PortConfigKey ozone.scm.datanode.port appended with serviceId and nodeId
2021-11-15 13:25:59,319 [IPC Server handler 2 on default port 14562] INFO  ha.SCMRatisServerImpl (SCMRatisServerImpl.java:addSCM(291)) - cea2b274-67f8-42eb-ae41-f09704fbacf0: Submitting SetConfiguration request to Ratis server with new SCM peers list: [cea2b274-67f8-42eb-ae41-f09704fbacf0|rpc:localhost:14560|admin:|client:|dataStream:|priority:0, 0a37f259-89fa-4cb5-a2dc-a190c2b03b5f|rpc:localhost:14570|priority:0]
2021-11-15 13:25:59,319 [IPC Server handler 2 on default port 14562] INFO  server.RaftServer$Division (RaftServerImpl.java:setConfigurationAsync(974)) - cea2b274-67f8-42eb-ae41-f09704fbacf0@group-22C475060FAB: receive setConfiguration SetConfigurationRequest:client-AC5F8339DB70->cea2b274-67f8-42eb-ae41-f09704fbacf0@group-22C475060FAB, cid=0, seq=0, RW, null, peers:[cea2b274-67f8-42eb-ae41-f09704fbacf0|rpc:localhost:14560|admin:|client:|dataStream:|priority:0, 0a37f259-89fa-4cb5-a2dc-a190c2b03b5f|rpc:localhost:14570|priority:0]
2021-11-15 13:25:59,320 [IPC Server handler 2 on default port 14562] INFO  server.RaftServer$Division (LeaderStateImpl.java:startSetConfiguration(358)) - cea2b274-67f8-42eb-ae41-f09704fbacf0@group-22C475060FAB-LeaderStateImpl: startSetConfiguration SetConfigurationRequest:client-AC5F8339DB70->cea2b274-67f8-42eb-ae41-f09704fbacf0@group-22C475060FAB, cid=0, seq=0, RW, null, peers:[cea2b274-67f8-42eb-ae41-f09704fbacf0|rpc:localhost:14560|admin:|client:|dataStream:|priority:0, 0a37f259-89fa-4cb5-a2dc-a190c2b03b5f|rpc:localhost:14570|priority:0]
2021-11-15 13:25:59,320 [IPC Server handler 2 on default port 14562] INFO  server.RaftServerConfigKeys (ConfUtils.java:logGet(44)) - raft.server.log.appender.snapshot.chunk.size.max = 16MB (=16777216) (default)
2021-11-15 13:25:59,320 [IPC Server handler 2 on default port 14562] INFO  server.RaftServerConfigKeys (ConfUtils.java:logGet(44)) - raft.server.log.appender.buffer.byte-limit = 33554432 (custom)
2021-11-15 13:25:59,320 [IPC Server handler 2 on default port 14562] INFO  server.RaftServerConfigKeys (ConfUtils.java:logGet(44)) - raft.server.log.appender.buffer.element-limit = 1024 (custom)
2021-11-15 13:25:59,321 [IPC Server handler 2 on default port 14562] INFO  grpc.GrpcConfigKeys (ConfUtils.java:logGet(44)) - raft.grpc.server.leader.outstanding.appends.max = 128 (default)
2021-11-15 13:25:59,321 [IPC Server handler 2 on default port 14562] INFO  server.RaftServerConfigKeys (ConfUtils.java:logGet(44)) - raft.server.rpc.request.timeout = 30000ms (custom)
2021-11-15 13:25:59,321 [IPC Server handler 2 on default port 14562] INFO  server.RaftServerConfigKeys (ConfUtils.java:logGet(44)) - raft.server.log.appender.install.snapshot.enabled = false (custom)
2021-11-15 13:25:59,322 [cea2b274-67f8-42eb-ae41-f09704fbacf0@group-22C475060FAB->0a37f259-89fa-4cb5-a2dc-a190c2b03b5f-GrpcLogAppender-LogAppenderDaemon] INFO  server.GrpcLogAppender (GrpcLogAppender.java:installSnapshot(550)) - cea2b274-67f8-42eb-ae41-f09704fbacf0@group-22C475060FAB->0a37f259-89fa-4cb5-a2dc-a190c2b03b5f-GrpcLogAppender: followerNextIndex = 0 but logStartIndex = 0, notify follower to install snapshot-(t:2, i:2)
2021-11-15 13:25:59,335 [cea2b274-67f8-42eb-ae41-f09704fbacf0@group-22C475060FAB->0a37f259-89fa-4cb5-a2dc-a190c2b03b5f-GrpcLogAppender-LogAppenderDaemon] INFO  server.GrpcLogAppender (GrpcLogAppender.java:installSnapshot(558)) - cea2b274-67f8-42eb-ae41-f09704fbacf0@group-22C475060FAB->0a37f259-89fa-4cb5-a2dc-a190c2b03b5f-GrpcLogAppender: send cea2b274-67f8-42eb-ae41-f09704fbacf0->0a37f259-89fa-4cb5-a2dc-a190c2b03b5f#0-t2,notify:(t:2, i:2)
2021-11-15 13:25:59,379 [grpc-default-executor-1] INFO  server.RaftServer$Division (RaftServerImpl.java:installSnapshot(1332)) - 0a37f259-89fa-4cb5-a2dc-a190c2b03b5f@group-22C475060FAB: receive installSnapshot: cea2b274-67f8-42eb-ae41-f09704fbacf0->0a37f259-89fa-4cb5-a2dc-a190c2b03b5f#0-t2,notify:(t:2, i:2)
2021-11-15 13:25:59,382 [grpc-default-executor-1] INFO  ha.SCMStateMachine (SCMStateMachine.java:notifyLeaderChanged(248)) - leader changed, yet current SCM is still follower.
2021-11-15 13:25:59,382 [grpc-default-executor-1] INFO  server.RaftServer$Division (ServerState.java:setLeader(285)) - 0a37f259-89fa-4cb5-a2dc-a190c2b03b5f@group-22C475060FAB: change Leader from null to cea2b274-67f8-42eb-ae41-f09704fbacf0 at term 2 for installSnapshot, leader elected after 207ms
2021-11-15 13:25:59,382 [grpc-default-executor-1] INFO  server.RaftServer$Division (RaftServerImpl.java:notifyStateMachineToInstallSnapshot(1551)) - 0a37f259-89fa-4cb5-a2dc-a190c2b03b5f@group-22C475060FAB: Received notification to install snapshot at index 2
2021-11-15 13:25:59,382 [EndpointStateMachine task thread for /127.0.0.1:14733 - 0 ] INFO  ipc.Client (Client.java:handleConnectionFailure(977)) - Retrying connect to server: localhost/127.0.0.1:14733. Already tried 1 time(s); retry policy is RetryUpToMaximumCountWithFixedSleep(maxRetries=15, sleepTime=1000 MILLISECONDS)
2021-11-15 13:25:59,382 [grpc-default-executor-1] INFO  server.RaftServer$Division (RaftServerImpl.java:notifyStateMachineToInstallSnapshot(1582)) - 0a37f259-89fa-4cb5-a2dc-a190c2b03b5f@group-22C475060FAB: notifyInstallSnapshot: nextIndex is 0 but the leader's first available index is 2.
2021-11-15 13:25:59,382 [grpc-default-executor-1] INFO  ha.SCMStateMachine (SCMStateMachine.java:notifyInstallSnapshotFromLeader(212)) - Received install snapshot notification from SCM leader: localhost:14560 with term index: (t:2, i:2)
2021-11-15 13:25:59,383 [EndpointStateMachine task thread for /127.0.0.1:14713 - 0 ] INFO  ipc.Client (Client.java:handleConnectionFailure(977)) - Retrying connect to server: localhost/127.0.0.1:14713. Already tried 1 time(s); retry policy is RetryUpToMaximumCountWithFixedSleep(maxRetries=15, sleepTime=1000 MILLISECONDS)
2021-11-15 13:25:59,383 [EndpointStateMachine task thread for /127.0.0.1:14723 - 0 ] INFO  ipc.Client (Client.java:handleConnectionFailure(977)) - Retrying connect to server: localhost/127.0.0.1:14723. Already tried 1 time(s); retry policy is RetryUpToMaximumCountWithFixedSleep(maxRetries=15, sleepTime=1000 MILLISECONDS)
2021-11-15 13:25:59,398 [pool-224-thread-1] INFO  ha.SCMHAManagerImpl (SCMHAManagerImpl.java:getDBCheckpointFromLeader(206)) - Downloading checkpoint from leader SCM scmNode-1 and reloading state from the checkpoint.
2021-11-15 13:25:59,424 [grpc-default-executor-2] INFO  ha.SCMDBCheckpointProvider (SCMDBCheckpointProvider.java:writeDBCheckPointToSream(48)) - Received request to obtain SCM DB checkpoint snapshot
2021-11-15 13:25:59,473 [grpc-default-executor-2] INFO  db.RDBCheckpointManager (RDBCheckpointManager.java:createCheckpoint(86)) - Created checkpoint at /home/runner/work/ozone/ozone/hadoop-ozone/integration-test/target/test-dir/MiniOzoneClusterImpl-54fbe6a2-d836-4e9c-ac0d-22c475060fab/scmNode-1/db.checkpoints/scm.db_checkpoint_1636982759425 in 48 milliseconds
2021-11-15 13:25:59,476 [grpc-default-executor-2] INFO  ha.SCMGrpcOutputStream (SCMGrpcOutputStream.java:close(111)) - Sent 4480 bytes for cluster 54fbe6a2-d836-4e9c-ac0d-22c475060fab
2021-11-15 13:25:59,480 [grpc-default-executor-0] INFO  ha.InterSCMGrpcClient (InterSCMGrpcClient.java:onCompleted(173)) - Checkpoint is downloaded to /home/runner/work/ozone/ozone/hadoop-ozone/integration-test/target/test-dir/MiniOzoneClusterImpl-54fbe6a2-d836-4e9c-ac0d-22c475060fab/scmNode-2/snapshot/scm.db-scmNode-1-1636982759398.tar.gz
2021-11-15 13:25:59,483 [grpc-default-executor-2] INFO  ha.SCMDBCheckpointProvider (SCMDBCheckpointProvider.java:writeDBCheckPointToSream(73)) - Time taken to write the checkpoint to response output stream: 9 milliseconds
2021-11-15 13:25:59,484 [grpc-default-executor-2] INFO  db.RocksDBCheckpoint (RocksDBCheckpoint.java:cleanupCheckpoint(78)) - Cleaning up RocksDB checkpoint at /home/runner/work/ozone/ozone/hadoop-ozone/integration-test/target/test-dir/MiniOzoneClusterImpl-54fbe6a2-d836-4e9c-ac0d-22c475060fab/scmNode-1/db.checkpoints/scm.db_checkpoint_1636982759425
2021-11-15 13:25:59,513 [pool-224-thread-1] INFO  ha.SCMSnapshotProvider (SCMSnapshotProvider.java:getSCMDBSnapshot(131)) - Successfully downloaded latest checkpoint from leader SCM: scmNode-1 path /home/runner/work/ozone/ozone/hadoop-ozone/integration-test/target/test-dir/MiniOzoneClusterImpl-54fbe6a2-d836-4e9c-ac0d-22c475060fab/scmNode-2/snapshot/scm.db-scmNode-1-1636982759398
2021-11-15 13:25:59,513 [pool-224-thread-1] INFO  ha.SCMHAManagerImpl (SCMHAManagerImpl.java:downloadCheckpointFromLeader(158)) - Downloaded checkpoint from Leader scmNode-1 to the location /home/runner/work/ozone/ozone/hadoop-ozone/integration-test/target/test-dir/MiniOzoneClusterImpl-54fbe6a2-d836-4e9c-ac0d-22c475060fab/scmNode-2/snapshot/scm.db-scmNode-1-1636982759398
2021-11-15 13:25:59,606 [pool-224-thread-1] INFO  ha.SCMHAManagerImpl (SCMHAManagerImpl.java:verifyCheckpointFromLeader(172)) - Installing checkpoint with SCMTransactionInfo 2#2
2021-11-15 13:25:59,606 [pool-224-thread-1] INFO  server.RaftServer$Division (RaftServerImpl.java:lambda$notifyStateMachineToInstallSnapshot$30(1595)) - 0a37f259-89fa-4cb5-a2dc-a190c2b03b5f@group-22C475060FAB: StateMachine successfully installed snapshot index 2. Reloading the StateMachine.
2021-11-15 13:25:59,606 [pool-224-thread-1] INFO  segmented.SegmentedRaftLogWorker (SegmentedRaftLogWorker.java:lambda$new$0(133)) - 0a37f259-89fa-4cb5-a2dc-a190c2b03b5f@group-22C475060FAB-SegmentedRaftLogWorker: flushIndex: setUnconditionally -1 -> 2
2021-11-15 13:25:59,607 [pool-224-thread-1] INFO  segmented.SegmentedRaftLogWorker (SegmentedRaftLogWorker.java:lambda$new$0(133)) - 0a37f259-89fa-4cb5-a2dc-a190c2b03b5f@group-22C475060FAB-SegmentedRaftLogWorker: safeCacheEvictIndex: setUnconditionally -1 -> 2
2021-11-15 13:25:59,607 [pool-224-thread-1] INFO  raftlog.RaftLog (RaftLogBase.java:lambda$new$0(53)) - 0a37f259-89fa-4cb5-a2dc-a190c2b03b5f@group-22C475060FAB-SegmentedRaftLog: snapshotIndex: updateIncreasingly -1 -> 2
2021-11-15 13:25:59,607 [grpc-default-executor-1] INFO  server.RaftServer$Division (RaftServerImpl.java:notifyStateMachineToInstallSnapshot(1638)) - 0a37f259-89fa-4cb5-a2dc-a190c2b03b5f@group-22C475060FAB: InstallSnapshot notification result: SNAPSHOT_INSTALLED, at index: 2
2021-11-15 13:25:59,607 [grpc-default-executor-1] INFO  server.RaftServer$Division (RaftServerImpl.java:installSnapshotImpl(1462)) - 0a37f259-89fa-4cb5-a2dc-a190c2b03b5f@group-22C475060FAB: set new configuration index: 1
configurationEntry {
  peers {
    id: "cea2b274-67f8-42eb-ae41-f09704fbacf0"
    address: "localhost:14560"
  }
}
 from snapshot
2021-11-15 13:25:59,608 [grpc-default-executor-1] INFO  server.RaftServer$Division (ServerState.java:setRaftConf(387)) - 0a37f259-89fa-4cb5-a2dc-a190c2b03b5f@group-22C475060FAB: set configuration 1: [cea2b274-67f8-42eb-ae41-f09704fbacf0|rpc:localhost:14560|admin:|client:|dataStream:|priority:0], old=null
2021-11-15 13:25:59,608 [grpc-default-executor-1] INFO  server.RaftServer$Division (RaftServerImpl.java:installSnapshot(1343)) - 0a37f259-89fa-4cb5-a2dc-a190c2b03b5f@group-22C475060FAB: reply installSnapshot: cea2b274-67f8-42eb-ae41-f09704fbacf0<-0a37f259-89fa-4cb5-a2dc-a190c2b03b5f#0:FAIL-t0,SNAPSHOT_INSTALLED,snapshotIndex=2
2021-11-15 13:25:59,608 [grpc-default-executor-1] INFO  server.GrpcServerProtocolService (GrpcServerProtocolService.java:onCompleted(140)) - 0a37f259-89fa-4cb5-a2dc-a190c2b03b5f: Completed INSTALL_SNAPSHOT, lastRequest: cea2b274-67f8-42eb-ae41-f09704fbacf0->0a37f259-89fa-4cb5-a2dc-a190c2b03b5f#0-t2,notify:(t:2, i:2)
2021-11-15 13:25:59,610 [grpc-default-executor-2] INFO  server.GrpcLogAppender (GrpcLogAppender.java:onNext(410)) - cea2b274-67f8-42eb-ae41-f09704fbacf0@group-22C475060FAB->0a37f259-89fa-4cb5-a2dc-a190c2b03b5f-InstallSnapshotResponseHandler: received the first reply cea2b274-67f8-42eb-ae41-f09704fbacf0<-0a37f259-89fa-4cb5-a2dc-a190c2b03b5f#0:FAIL-t0,SNAPSHOT_INSTALLED,snapshotIndex=2
2021-11-15 13:25:59,610 [grpc-default-executor-2] INFO  server.GrpcLogAppender (GrpcLogAppender.java:onNext(450)) - cea2b274-67f8-42eb-ae41-f09704fbacf0@group-22C475060FAB->0a37f259-89fa-4cb5-a2dc-a190c2b03b5f-InstallSnapshotResponseHandler: Follower installed snapshot at index 2
2021-11-15 13:25:59,610 [grpc-default-executor-2] INFO  leader.FollowerInfo (FollowerInfoImpl.java:lambda$new$0(47)) - cea2b274-67f8-42eb-ae41-f09704fbacf0@group-22C475060FAB->0a37f259-89fa-4cb5-a2dc-a190c2b03b5f: snapshotIndex: setUnconditionally 0 -> 2
2021-11-15 13:25:59,610 [grpc-default-executor-2] INFO  leader.FollowerInfo (FollowerInfoImpl.java:lambda$new$0(47)) - cea2b274-67f8-42eb-ae41-f09704fbacf0@group-22C475060FAB->0a37f259-89fa-4cb5-a2dc-a190c2b03b5f: matchIndex: setUnconditionally 0 -> 2
2021-11-15 13:25:59,610 [grpc-default-executor-2] INFO  leader.FollowerInfo (FollowerInfoImpl.java:lambda$new$0(47)) - cea2b274-67f8-42eb-ae41-f09704fbacf0@group-22C475060FAB->0a37f259-89fa-4cb5-a2dc-a190c2b03b5f: nextIndex: setUnconditionally 0 -> 3
2021-11-15 13:25:59,610 [grpc-default-executor-2] INFO  leader.FollowerInfo (FollowerInfoImpl.java:setAttemptedToInstallSnapshot(116)) - Follower cea2b274-67f8-42eb-ae41-f09704fbacf0@group-22C475060FAB->0a37f259-89fa-4cb5-a2dc-a190c2b03b5f acknowledged installing snapshot
2021-11-15 13:25:59,610 [grpc-default-executor-2] INFO  leader.FollowerInfo (FollowerInfoImpl.java:lambda$new$0(47)) - cea2b274-67f8-42eb-ae41-f09704fbacf0@group-22C475060FAB->0a37f259-89fa-4cb5-a2dc-a190c2b03b5f: nextIndex: updateToMax old=3, new=3, updated? false
2021-11-15 13:25:59,630 [grpc-default-executor-2] INFO  impl.RoleInfo (RoleInfo.java:updateAndGet(130)) - 0a37f259-89fa-4cb5-a2dc-a190c2b03b5f: start 0a37f259-89fa-4cb5-a2dc-a190c2b03b5f@group-22C475060FAB-FollowerState
2021-11-15 13:25:59,690 [0a37f259-89fa-4cb5-a2dc-a190c2b03b5f@group-22C475060FAB-StateMachineUpdater] INFO  ha.SCMHAManagerImpl (SCMHAManagerImpl.java:installCheckpoint(227)) - Installing checkpoint with SCMTransactionInfo 2#2
2021-11-15 13:25:59,691 [0a37f259-89fa-4cb5-a2dc-a190c2b03b5f@group-22C475060FAB-StateMachineUpdater] INFO  ha.SCMHAManagerImpl (SCMHAManagerImpl.java:installCheckpoint(266)) - Replaced DB with checkpoint, term: 2, index: 2
2021-11-15 13:25:59,691 [0a37f259-89fa-4cb5-a2dc-a190c2b03b5f@group-22C475060FAB-StateMachineUpdater] WARN  utils.HAUtils (HAUtils.java:getMetaDir(342)) - ozone.scm.db.dirs is not configured. We recommend adding this setting. Falling back to ozone.metadata.dirs instead.
2021-11-15 13:25:59,694 [0a37f259-89fa-4cb5-a2dc-a190c2b03b5f@group-22C475060FAB-StateMachineUpdater] WARN  db.DBStoreBuilder (DBStoreBuilder.java:applyDBDefinition(145)) - ozone.scm.db.dirs is not configured. We recommend adding this setting. Falling back to ozone.metadata.dirs instead.
2021-11-15 13:25:59,796 [0a37f259-89fa-4cb5-a2dc-a190c2b03b5f@group-22C475060FAB-StateMachineUpdater] INFO  ha.SequenceIdGenerator (SequenceIdGenerator.java:reinitialize(166)) - reinitialize SequenceIdGenerator.
2021-11-15 13:25:59,797 [0a37f259-89fa-4cb5-a2dc-a190c2b03b5f@group-22C475060FAB-StateMachineUpdater] INFO  pipeline.PipelineStateManagerImpl (PipelineStateManagerImpl.java:initialize(78)) - No pipeline exists in current db
2021-11-15 13:25:59,797 [0a37f259-89fa-4cb5-a2dc-a190c2b03b5f@group-22C475060FAB-StateMachineUpdater] INFO  ha.SCMHAManagerImpl (SCMHAManagerImpl.java:installCheckpoint(277)) - Reloaded SCM state with Term: 2 and Index: 2
2021-11-15 13:25:59,797 [0a37f259-89fa-4cb5-a2dc-a190c2b03b5f@group-22C475060FAB-StateMachineUpdater] INFO  impl.StateMachineUpdater (StateMachineUpdater.java:lambda$new$0(89)) - 0a37f259-89fa-4cb5-a2dc-a190c2b03b5f@group-22C475060FAB-StateMachineUpdater: snapshotIndex: setUnconditionally -1 -> 2
2021-11-15 13:25:59,798 [0a37f259-89fa-4cb5-a2dc-a190c2b03b5f@group-22C475060FAB-StateMachineUpdater] INFO  impl.StateMachineUpdater (StateMachineUpdater.java:lambda$new$0(89)) - 0a37f259-89fa-4cb5-a2dc-a190c2b03b5f@group-22C475060FAB-StateMachineUpdater: appliedIndex: setUnconditionally -1 -> 2
2021-11-15 13:26:00,386 [EndpointStateMachine task thread for /127.0.0.1:14733 - 0 ] INFO  ipc.Client (Client.java:handleConnectionFailure(977)) - Retrying connect to server: localhost/127.0.0.1:14733. Already tried 2 time(s); retry policy is RetryUpToMaximumCountWithFixedSleep(maxRetries=15, sleepTime=1000 MILLISECONDS)
2021-11-15 13:26:00,387 [EndpointStateMachine task thread for /127.0.0.1:14723 - 0 ] INFO  ipc.Client (Client.java:handleConnectionFailure(977)) - Retrying connect to server: localhost/127.0.0.1:14723. Already tried 2 time(s); retry policy is RetryUpToMaximumCountWithFixedSleep(maxRetries=15, sleepTime=1000 MILLISECONDS)
2021-11-15 13:26:00,388 [EndpointStateMachine task thread for /127.0.0.1:14713 - 0 ] INFO  ipc.Client (Client.java:handleConnectionFailure(977)) - Retrying connect to server: localhost/127.0.0.1:14713. Already tried 2 time(s); retry policy is RetryUpToMaximumCountWithFixedSleep(maxRetries=15, sleepTime=1000 MILLISECONDS)
2021-11-15 13:26:01,387 [EndpointStateMachine task thread for /127.0.0.1:14733 - 0 ] INFO  ipc.Client (Client.java:handleConnectionFailure(977)) - Retrying connect to server: localhost/127.0.0.1:14733. Already tried 3 time(s); retry policy is RetryUpToMaximumCountWithFixedSleep(maxRetries=15, sleepTime=1000 MILLISECONDS)
2021-11-15 13:26:01,387 [EndpointStateMachine task thread for /127.0.0.1:14723 - 0 ] INFO  ipc.Client (Client.java:handleConnectionFailure(977)) - Retrying connect to server: localhost/127.0.0.1:14723. Already tried 3 time(s); retry policy is RetryUpToMaximumCountWithFixedSleep(maxRetries=15, sleepTime=1000 MILLISECONDS)
2021-11-15 13:26:01,390 [EndpointStateMachine task thread for /127.0.0.1:14713 - 0 ] INFO  ipc.Client (Client.java:handleConnectionFailure(977)) - Retrying connect to server: localhost/127.0.0.1:14713. Already tried 3 time(s); retry policy is RetryUpToMaximumCountWithFixedSleep(maxRetries=15, sleepTime=1000 MILLISECONDS)
2021-11-15 13:26:02,387 [EndpointStateMachine task thread for /127.0.0.1:14733 - 0 ] INFO  ipc.Client (Client.java:handleConnectionFailure(977)) - Retrying connect to server: localhost/127.0.0.1:14733. Already tried 4 time(s); retry policy is RetryUpToMaximumCountWithFixedSleep(maxRetries=15, sleepTime=1000 MILLISECONDS)
2021-11-15 13:26:02,388 [EndpointStateMachine task thread for /127.0.0.1:14723 - 0 ] INFO  ipc.Client (Client.java:handleConnectionFailure(977)) - Retrying connect to server: localhost/127.0.0.1:14723. Already tried 4 time(s); retry policy is RetryUpToMaximumCountWithFixedSleep(maxRetries=15, sleepTime=1000 MILLISECONDS)
2021-11-15 13:26:02,390 [EndpointStateMachine task thread for /127.0.0.1:14713 - 0 ] INFO  ipc.Client (Client.java:handleConnectionFailure(977)) - Retrying connect to server: localhost/127.0.0.1:14713. Already tried 4 time(s); retry policy is RetryUpToMaximumCountWithFixedSleep(maxRetries=15, sleepTime=1000 MILLISECONDS)
2021-11-15 13:26:02,506 [cea2b274-67f8-42eb-ae41-f09704fbacf0@group-22C475060FAB-LeaderStateImpl] INFO  server.RaftServer$Division (ServerState.java:setRaftConf(387)) - cea2b274-67f8-42eb-ae41-f09704fbacf0@group-22C475060FAB: set configuration 3: [cea2b274-67f8-42eb-ae41-f09704fbacf0|rpc:localhost:14560|admin:|client:|dataStream:|priority:0, 0a37f259-89fa-4cb5-a2dc-a190c2b03b5f|rpc:localhost:14570|priority:0], old=[cea2b274-67f8-42eb-ae41-f09704fbacf0|rpc:localhost:14560|admin:|client:|dataStream:|priority:0]
2021-11-15 13:26:02,508 [grpc-default-executor-2] INFO  server.RaftServer$Division (ServerState.java:setRaftConf(387)) - 0a37f259-89fa-4cb5-a2dc-a190c2b03b5f@group-22C475060FAB: set configuration 3: [cea2b274-67f8-42eb-ae41-f09704fbacf0|rpc:localhost:14560|admin:|client:|dataStream:|priority:0, 0a37f259-89fa-4cb5-a2dc-a190c2b03b5f|rpc:localhost:14570|admin:|client:|dataStream:|priority:0], old=[cea2b274-67f8-42eb-ae41-f09704fbacf0|rpc:localhost:14560|admin:|client:|dataStream:|priority:0]
2021-11-15 13:26:02,508 [grpc-default-executor-2] INFO  segmented.SegmentedRaftLogWorker (SegmentedRaftLogWorker.java:startLogSegment(394)) - 0a37f259-89fa-4cb5-a2dc-a190c2b03b5f@group-22C475060FAB-SegmentedRaftLogWorker: Starting segment from index:3
2021-11-15 13:26:02,517 [0a37f259-89fa-4cb5-a2dc-a190c2b03b5f@group-22C475060FAB-SegmentedRaftLogWorker] INFO  segmented.SegmentedRaftLogWorker (SegmentedRaftLogWorker.java:execute(601)) - 0a37f259-89fa-4cb5-a2dc-a190c2b03b5f@group-22C475060FAB-SegmentedRaftLogWorker: created new log segment /home/runner/work/ozone/ozone/hadoop-ozone/integration-test/target/test-dir/MiniOzoneClusterImpl-54fbe6a2-d836-4e9c-ac0d-22c475060fab/scmNode-2/scm-ha/54fbe6a2-d836-4e9c-ac0d-22c475060fab/current/log_inprogress_3
2021-11-15 13:26:02,526 [cea2b274-67f8-42eb-ae41-f09704fbacf0@group-22C475060FAB-LeaderStateImpl] INFO  server.RaftServer$Division (ServerState.java:setRaftConf(387)) - cea2b274-67f8-42eb-ae41-f09704fbacf0@group-22C475060FAB: set configuration 5: [cea2b274-67f8-42eb-ae41-f09704fbacf0|rpc:localhost:14560|admin:|client:|dataStream:|priority:0, 0a37f259-89fa-4cb5-a2dc-a190c2b03b5f|rpc:localhost:14570|priority:0], old=null
2021-11-15 13:26:02,527 [grpc-default-executor-2] INFO  server.RaftServer$Division (ServerState.java:setRaftConf(387)) - 0a37f259-89fa-4cb5-a2dc-a190c2b03b5f@group-22C475060FAB: set configuration 5: [cea2b274-67f8-42eb-ae41-f09704fbacf0|rpc:localhost:14560|admin:|client:|dataStream:|priority:0, 0a37f259-89fa-4cb5-a2dc-a190c2b03b5f|rpc:localhost:14570|admin:|client:|dataStream:|priority:0], old=null
2021-11-15 13:26:02,545 [0a37f259-89fa-4cb5-a2dc-a190c2b03b5f@group-22C475060FAB-StateMachineUpdater] INFO  safemode.HealthyPipelineSafeModeRule (HealthyPipelineSafeModeRule.java:initializeRule(152)) - Refreshed total pipeline count is 0, healthy pipeline threshold count is 1
2021-11-15 13:26:02,546 [0a37f259-89fa-4cb5-a2dc-a190c2b03b5f@group-22C475060FAB-StateMachineUpdater] INFO  safemode.ContainerSafeModeRule (ContainerSafeModeRule.java:reInitializeRule(177)) - Refreshed one replica container threshold 0, currentThreshold 0
2021-11-15 13:26:02,546 [0a37f259-89fa-4cb5-a2dc-a190c2b03b5f@group-22C475060FAB-StateMachineUpdater] INFO  safemode.OneReplicaPipelineSafeModeRule (OneReplicaPipelineSafeModeRule.java:initializeRule(176)) - Refreshed Total pipeline count is 0, pipeline's with at least one datanode reported threshold count is 0
2021-11-15 13:26:02,546 [0a37f259-89fa-4cb5-a2dc-a190c2b03b5f@group-22C475060FAB-StateMachineUpdater] INFO  server.SCMDatanodeProtocolServer (SCMDatanodeProtocolServer.java:start(181)) - RPC server for DataNodes is listening at /0.0.0.0:14571
2021-11-15 13:26:02,548 [IPC Server handler 2 on default port 14562] INFO  ha.SCMRatisServerImpl (SCMRatisServerImpl.java:addSCM(302)) - Successfully added new SCM: 0a37f259-89fa-4cb5-a2dc-a190c2b03b5f.
2021-11-15 13:26:02,555 [IPC Server listener on 14571] INFO  ipc.Server (Server.java:run(1344)) - IPC Server listener on 14571: starting
2021-11-15 13:26:02,559 [IPC Server Responder] INFO  ipc.Server (Server.java:run(1507)) - IPC Server Responder: starting
2021-11-15 13:26:02,559 [cea2b274-67f8-42eb-ae41-f09704fbacf0@group-22C475060FAB-StateMachineUpdater] INFO  ha.SCMStateMachine (SCMStateMachine.java:takeSnapshot(290)) - Current Snapshot Index 5, takeSnapshot took 11 ms
2021-11-15 13:26:02,559 [cea2b274-67f8-42eb-ae41-f09704fbacf0@group-22C475060FAB-StateMachineUpdater] INFO  impl.StateMachineUpdater (StateMachineUpdater.java:takeSnapshot(281)) - cea2b274-67f8-42eb-ae41-f09704fbacf0@group-22C475060FAB-StateMachineUpdater: Took a snapshot at index 5
2021-11-15 13:26:02,559 [cea2b274-67f8-42eb-ae41-f09704fbacf0@group-22C475060FAB-StateMachineUpdater] INFO  impl.StateMachineUpdater (StateMachineUpdater.java:lambda$new$0(89)) - cea2b274-67f8-42eb-ae41-f09704fbacf0@group-22C475060FAB-StateMachineUpdater: snapshotIndex: updateIncreasingly -1 -> 5
2021-11-15 13:26:02,559 [cea2b274-67f8-42eb-ae41-f09704fbacf0@group-22C475060FAB-StateMachineUpdater] INFO  raftlog.RaftLog (RaftLogBase.java:purge(306)) - cea2b274-67f8-42eb-ae41-f09704fbacf0@group-22C475060FAB-SegmentedRaftLog: purge 5
2021-11-15 13:26:02,560 [cea2b274-67f8-42eb-ae41-f09704fbacf0@group-22C475060FAB-StateMachineUpdater] INFO  raftlog.RaftLog (RaftLogBase.java:lambda$new$0(53)) - cea2b274-67f8-42eb-ae41-f09704fbacf0@group-22C475060FAB-SegmentedRaftLog: snapshotIndex: updateIncreasingly -1 -> 5
2021-11-15 13:26:02,563 [cea2b274-67f8-42eb-ae41-f09704fbacf0@group-22C475060FAB-SegmentedRaftLogWorker] INFO  raftlog.RaftLog (RaftLogBase.java:lambda$new$0(53)) - cea2b274-67f8-42eb-ae41-f09704fbacf0@group-22C475060FAB-SegmentedRaftLog: purgeIndex: updateToMax old=-1, new=0, updated? true
2021-11-15 13:26:02,563 [Listener at 0.0.0.0/14573] INFO  ha.SCMHAManagerImpl (SCMHAManagerImpl.java:start(116)) - Successfully added SCM scmNode-2 to group group-22C475060FAB:[cea2b274-67f8-42eb-ae41-f09704fbacf0|rpc:localhost:14560|admin:|client:|dataStream:|priority:0, 0a37f259-89fa-4cb5-a2dc-a190c2b03b5f|rpc:localhost:14570|admin:|client:|dataStream:|priority:0]
2021-11-15 13:26:02,563 [Listener at 0.0.0.0/14573] INFO  ha.InterSCMGrpcService (InterSCMGrpcProtocolService.java:start(94)) - Starting SCM Grpc Service at port 14574
2021-11-15 13:26:02,566 [Listener at 0.0.0.0/14573] INFO  impl.MetricsSystemImpl (MetricsSystemImpl.java:init(158)) - StorageContainerManager metrics system started (again)
2021-11-15 13:26:02,599 [Listener at 0.0.0.0/14573] INFO  server.SCMClientProtocolServer (SCMClientProtocolServer.java:start(164)) - RPC server for Client  is listening at /0.0.0.0:14573
2021-11-15 13:26:02,599 [IPC Server Responder] INFO  ipc.Server (Server.java:run(1507)) - IPC Server Responder: starting
2021-11-15 13:26:02,602 [IPC Server listener on 14573] INFO  ipc.Server (Server.java:run(1344)) - IPC Server listener on 14573: starting
2021-11-15 13:26:02,604 [Listener at 0.0.0.0/14573] INFO  server.StorageContainerManager (StorageContainerManager.java:start(1318)) - ScmBlockLocationProtocol RPC server is listening at /0.0.0.0:14572
2021-11-15 13:26:02,604 [Listener at 0.0.0.0/14573] INFO  server.SCMBlockProtocolServer (SCMBlockProtocolServer.java:start(151)) - RPC server for Block Protocol is listening at /0.0.0.0:14572
2021-11-15 13:26:02,610 [IPC Server Responder] INFO  ipc.Server (Server.java:run(1507)) - IPC Server Responder: starting
2021-11-15 13:26:02,615 [IPC Server listener on 14572] INFO  ipc.Server (Server.java:run(1344)) - IPC Server listener on 14572: starting
2021-11-15 13:26:02,616 [Listener at 0.0.0.0/14573] INFO  server.StorageContainerManager (StorageContainerManager.java:start(1324)) - ScmDatanodeProtocl RPC server is listening at /0.0.0.0:14571
2021-11-15 13:26:02,619 [Listener at 0.0.0.0/14573] INFO  http.BaseHttpServer (BaseHttpServer.java:newHttpServer2BuilderForOzone(209)) - Starting Web-server for scm at: http://0.0.0.0:14568
2021-11-15 13:26:02,619 [Listener at 0.0.0.0/14573] INFO  http.BaseHttpServer (BaseHttpServer.java:<init>(107)) - Hadoop Security Enabled: false Ozone Security Enabled: false Ozone HTTP Security Enabled: false 
2021-11-15 13:26:02,620 [Listener at 0.0.0.0/14573] INFO  server.AuthenticationFilter (AuthenticationFilter.java:constructSecretProvider(240)) - Unable to initialize FileSignerSecretProvider, falling back to use random secrets.
2021-11-15 13:26:02,620 [Listener at 0.0.0.0/14573] WARN  http.HttpRequestLog (HttpRequestLog.java:getRequestLog(103)) - Jetty request log can only be enabled using Log4j
2021-11-15 13:26:02,622 [Listener at 0.0.0.0/14573] INFO  http.HttpServer2 (HttpServer2.java:addGlobalFilter(1030)) - Added global filter 'safety' (class=org.apache.hadoop.hdds.server.http.HttpServer2$QuotingInputFilter)
2021-11-15 13:26:02,623 [Listener at 0.0.0.0/14573] INFO  http.HttpServer2 (HttpServer2.java:addFilter(1006)) - Added filter static_user_filter (class=org.apache.hadoop.http.lib.StaticUserWebFilter$StaticUserFilter) to context scm
2021-11-15 13:26:02,623 [Listener at 0.0.0.0/14573] INFO  http.HttpServer2 (HttpServer2.java:addFilter(1014)) - Added filter static_user_filter (class=org.apache.hadoop.http.lib.StaticUserWebFilter$StaticUserFilter) to context static
2021-11-15 13:26:02,623 [Listener at 0.0.0.0/14573] INFO  http.HttpServer2 (HttpServer2.java:addFilter(1014)) - Added filter static_user_filter (class=org.apache.hadoop.http.lib.StaticUserWebFilter$StaticUserFilter) to context logs
2021-11-15 13:26:02,623 [org.apache.hadoop.util.JvmPauseMonitor$Monitor@243f5144] INFO  util.JvmPauseMonitor (JvmPauseMonitor.java:run(188)) - Starting JVM pause monitor
2021-11-15 13:26:02,626 [Listener at 0.0.0.0/14573] INFO  http.HttpServer2 (HttpServer2.java:bindListener(1249)) - Jetty bound to port 14568
2021-11-15 13:26:02,626 [Listener at 0.0.0.0/14573] INFO  server.Server (Server.java:doStart(375)) - jetty-9.4.43.v20210629; built: 2021-06-30T11:07:22.254Z; git: 526006ecfa3af7f1a27ef3a288e2bef7ea9dd7e8; jvm 1.8.0_292-b10
2021-11-15 13:26:02,634 [Listener at 0.0.0.0/14573] INFO  server.session (DefaultSessionIdManager.java:doStart(334)) - DefaultSessionIdManager workerName=node0
2021-11-15 13:26:02,635 [Listener at 0.0.0.0/14573] INFO  server.session (DefaultSessionIdManager.java:doStart(339)) - No SessionScavenger set, using defaults
2021-11-15 13:26:02,635 [Listener at 0.0.0.0/14573] INFO  server.session (HouseKeeper.java:startScavenging(132)) - node0 Scavenging every 600000ms
2021-11-15 13:26:02,636 [Listener at 0.0.0.0/14573] INFO  handler.ContextHandler (ContextHandler.java:doStart(915)) - Started o.e.j.s.ServletContextHandler@522ef462{logs,/logs,file:///home/runner/work/ozone/ozone/hadoop-ozone/integration-test/target/log,AVAILABLE}
2021-11-15 13:26:02,636 [Listener at 0.0.0.0/14573] INFO  handler.ContextHandler (ContextHandler.java:doStart(915)) - Started o.e.j.s.ServletContextHandler@76372f7f{static,/static,file:///home/runner/work/ozone/ozone/hadoop-ozone/integration-test/target/test-classes/webapps/static,AVAILABLE}
2021-11-15 13:26:02,644 [Listener at 0.0.0.0/14573] INFO  handler.ContextHandler (ContextHandler.java:doStart(915)) - Started o.e.j.w.WebAppContext@35cca8bd{scm,/,file:///home/runner/work/ozone/ozone/hadoop-ozone/integration-test/target/test-classes/webapps/scm/,AVAILABLE}{file:/home/runner/work/ozone/ozone/hadoop-ozone/integration-test/target/test-classes/webapps/scm}
2021-11-15 13:26:02,647 [Listener at 0.0.0.0/14573] INFO  server.AbstractConnector (AbstractConnector.java:doStart(331)) - Started ServerConnector@39e79429{HTTP/1.1, (http/1.1)}{0.0.0.0:14568}
2021-11-15 13:26:02,647 [Listener at 0.0.0.0/14573] INFO  server.Server (Server.java:doStart(415)) - Started @84500ms
2021-11-15 13:26:02,647 [Listener at 0.0.0.0/14573] WARN  impl.MetricsSystemImpl (MetricsSystemImpl.java:register(279)) - Sink prometheus already exists!
2021-11-15 13:26:02,648 [Listener at 0.0.0.0/14573] INFO  http.BaseHttpServer (BaseHttpServer.java:updateConnectorAddress(329)) - HTTP server of scm listening at http://0.0.0.0:14568
2021-11-15 13:26:02,648 [Listener at 0.0.0.0/14573] INFO  ozone.MiniOzoneHAClusterImpl (MiniOzoneHAClusterImpl.java:createSCMService(564)) - Started SCM RPC server at org.apache.hadoop.hdds.scm.server.SCMClientProtocolServer@49e84b0a
2021-11-15 13:26:02,655 [Listener at 0.0.0.0/14573] INFO  ha.SCMHANodeDetails (SCMHANodeDetails.java:loadSCMHAConfig(157)) - ServiceID for StorageContainerManager is scm-service-test1
2021-11-15 13:26:02,655 [Listener at 0.0.0.0/14573] INFO  ha.SCMHANodeDetails (SCMHANodeDetails.java:loadSCMHAConfig(168)) - ServiceID for StorageContainerManager is scm-service-test1
2021-11-15 13:26:02,655 [Listener at 0.0.0.0/14573] WARN  scm.ScmUtils (ScmUtils.java:logWarn(179)) - ConfigKey ozone.scm.block.client.address is deprecated, For configuring different ports for each SCM use PortConfigKey ozone.scm.block.client.port appended with serviceId and nodeId. If want to configure same port configure ozone.scm.block.client.port
2021-11-15 13:26:02,655 [Listener at 0.0.0.0/14573] WARN  scm.ScmUtils (ScmUtils.java:logWarn(179)) - ConfigKey ozone.scm.client.address is deprecated, For configuring different ports for each SCM use PortConfigKey ozone.scm.client.port appended with serviceId and nodeId. If want to configure same port configure ozone.scm.client.port
2021-11-15 13:26:02,655 [Listener at 0.0.0.0/14573] WARN  scm.ScmUtils (ScmUtils.java:logWarn(179)) - ConfigKey ozone.scm.datanode.address is deprecated, For configuring different ports for each SCM use PortConfigKey ozone.scm.datanode.port appended with serviceId and nodeId. If want to configure same port configure ozone.scm.datanode.port
2021-11-15 13:26:02,656 [Listener at 0.0.0.0/14573] WARN  scm.ScmUtils (ScmUtils.java:logWarn(179)) - ConfigKey ozone.scm.block.client.address is deprecated, For configuring different ports for each SCM use PortConfigKey ozone.scm.block.client.port appended with serviceId and nodeId. If want to configure same port configure ozone.scm.block.client.port
2021-11-15 13:26:02,656 [Listener at 0.0.0.0/14573] WARN  scm.ScmUtils (ScmUtils.java:logWarn(179)) - ConfigKey ozone.scm.client.address is deprecated, For configuring different ports for each SCM use PortConfigKey ozone.scm.client.port appended with serviceId and nodeId. If want to configure same port configure ozone.scm.client.port
2021-11-15 13:26:02,656 [Listener at 0.0.0.0/14573] WARN  scm.ScmUtils (ScmUtils.java:logWarn(179)) - ConfigKey ozone.scm.datanode.address is deprecated, For configuring different ports for each SCM use PortConfigKey ozone.scm.datanode.port appended with serviceId and nodeId. If want to configure same port configure ozone.scm.datanode.port
2021-11-15 13:26:02,656 [Listener at 0.0.0.0/14573] INFO  ha.SCMHANodeDetails (SCMHANodeDetails.java:loadSCMHAConfig(250)) - Found matching SCM address with SCMServiceId: scm-service-test1, SCMNodeId: scmNode-3, RPC Address: localhost:14580 and Ratis port: 14580
2021-11-15 13:26:02,656 [Listener at 0.0.0.0/14573] INFO  ha.SCMHANodeDetails (ConfUtils.java:setNodeSpecificConfigs(108)) - Setting configuration key ozone.scm.datanode.address with value of key ozone.scm.datanode.address.scm-service-test1.scmNode-3: 127.0.0.1:14581
2021-11-15 13:26:02,656 [Listener at 0.0.0.0/14573] INFO  ha.SCMHANodeDetails (ConfUtils.java:setNodeSpecificConfigs(108)) - Setting configuration key ozone.scm.block.client.address with value of key ozone.scm.block.client.address.scm-service-test1.scmNode-3: 127.0.0.1:14582
2021-11-15 13:26:02,656 [Listener at 0.0.0.0/14573] INFO  ha.SCMHANodeDetails (ConfUtils.java:setNodeSpecificConfigs(108)) - Setting configuration key ozone.scm.client.address with value of key ozone.scm.client.address.scm-service-test1.scmNode-3: 127.0.0.1:14583
2021-11-15 13:26:02,656 [Listener at 0.0.0.0/14573] INFO  ha.SCMHANodeDetails (ConfUtils.java:setNodeSpecificConfigs(108)) - Setting configuration key ozone.scm.ratis.port with value of key ozone.scm.ratis.port.scm-service-test1.scmNode-3: 14580
2021-11-15 13:26:02,656 [Listener at 0.0.0.0/14573] INFO  ha.SCMHANodeDetails (ConfUtils.java:setNodeSpecificConfigs(108)) - Setting configuration key ozone.scm.grpc.port with value of key ozone.scm.grpc.port.scm-service-test1.scmNode-3: 14584
2021-11-15 13:26:02,656 [Listener at 0.0.0.0/14573] INFO  ha.SCMHANodeDetails (ConfUtils.java:setNodeSpecificConfigs(108)) - Setting configuration key ozone.scm.http-address with value of key ozone.scm.http-address.scm-service-test1.scmNode-3: 127.0.0.1:14578
2021-11-15 13:26:02,656 [Listener at 0.0.0.0/14573] INFO  ha.SCMHANodeDetails (ConfUtils.java:setNodeSpecificConfigs(108)) - Setting configuration key ozone.scm.https-address with value of key ozone.scm.https-address.scm-service-test1.scmNode-3: 127.0.0.1:14579
2021-11-15 13:26:02,657 [Listener at 0.0.0.0/14573] INFO  ha.SCMHANodeDetails (ConfUtils.java:setNodeSpecificConfigs(108)) - Setting configuration key ozone.scm.address with value of key ozone.scm.address.scm-service-test1.scmNode-3: 127.0.0.1
2021-11-15 13:26:02,657 [Listener at 0.0.0.0/14573] WARN  scm.ScmUtils (ScmUtils.java:logWarn(179)) - ConfigKey ozone.scm.block.client.address is deprecated, For configuring different ports for each SCM use PortConfigKey ozone.scm.block.client.port appended with serviceId and nodeId. If want to configure same port configure ozone.scm.block.client.port
2021-11-15 13:26:02,665 [Listener at 0.0.0.0/14573] WARN  scm.ScmUtils (ScmUtils.java:logWarn(179)) - ConfigKey ozone.scm.client.address is deprecated, For configuring different ports for each SCM use PortConfigKey ozone.scm.client.port appended with serviceId and nodeId. If want to configure same port configure ozone.scm.client.port
2021-11-15 13:26:02,671 [Listener at 0.0.0.0/14573] WARN  scm.ScmUtils (ScmUtils.java:logWarn(179)) - ConfigKey ozone.scm.datanode.address is deprecated, For configuring different ports for each SCM use PortConfigKey ozone.scm.datanode.port appended with serviceId and nodeId. If want to configure same port configure ozone.scm.datanode.port
2021-11-15 13:26:02,671 [Listener at 0.0.0.0/14573] WARN  server.ServerUtils (ServerUtils.java:getScmDbDir(148)) - ozone.scm.db.dirs is not configured. We recommend adding this setting. Falling back to ozone.metadata.dirs instead.
2021-11-15 13:26:02,673 [Listener at 0.0.0.0/14573] INFO  ha.SCMNodeInfo (SCMNodeInfo.java:getPort(197)) - ConfigKey ozone.scm.client.address is deprecated, For configuring different ports for each SCM use PortConfigKey ozone.scm.client.port appended with serviceId and nodeId
2021-11-15 13:26:02,673 [Listener at 0.0.0.0/14573] INFO  ha.SCMNodeInfo (SCMNodeInfo.java:getPort(197)) - ConfigKey ozone.scm.block.client.address is deprecated, For configuring different ports for each SCM use PortConfigKey ozone.scm.block.client.port appended with serviceId and nodeId
2021-11-15 13:26:02,673 [Listener at 0.0.0.0/14573] INFO  ha.SCMNodeInfo (SCMNodeInfo.java:getPort(197)) - ConfigKey ozone.scm.datanode.address is deprecated, For configuring different ports for each SCM use PortConfigKey ozone.scm.datanode.port appended with serviceId and nodeId
2021-11-15 13:26:02,674 [Listener at 0.0.0.0/14573] INFO  ha.SCMNodeInfo (SCMNodeInfo.java:getPort(197)) - ConfigKey ozone.scm.client.address is deprecated, For configuring different ports for each SCM use PortConfigKey ozone.scm.client.port appended with serviceId and nodeId
2021-11-15 13:26:02,674 [Listener at 0.0.0.0/14573] INFO  ha.SCMNodeInfo (SCMNodeInfo.java:getPort(197)) - ConfigKey ozone.scm.block.client.address is deprecated, For configuring different ports for each SCM use PortConfigKey ozone.scm.block.client.port appended with serviceId and nodeId
2021-11-15 13:26:02,674 [Listener at 0.0.0.0/14573] INFO  ha.SCMNodeInfo (SCMNodeInfo.java:getPort(197)) - ConfigKey ozone.scm.datanode.address is deprecated, For configuring different ports for each SCM use PortConfigKey ozone.scm.datanode.port appended with serviceId and nodeId
2021-11-15 13:26:02,674 [Listener at 0.0.0.0/14573] INFO  ha.SCMNodeInfo (SCMNodeInfo.java:getPort(197)) - ConfigKey ozone.scm.client.address is deprecated, For configuring different ports for each SCM use PortConfigKey ozone.scm.client.port appended with serviceId and nodeId
2021-11-15 13:26:02,674 [Listener at 0.0.0.0/14573] INFO  ha.SCMNodeInfo (SCMNodeInfo.java:getPort(197)) - ConfigKey ozone.scm.block.client.address is deprecated, For configuring different ports for each SCM use PortConfigKey ozone.scm.block.client.port appended with serviceId and nodeId
2021-11-15 13:26:02,674 [Listener at 0.0.0.0/14573] INFO  ha.SCMNodeInfo (SCMNodeInfo.java:getPort(197)) - ConfigKey ozone.scm.datanode.address is deprecated, For configuring different ports for each SCM use PortConfigKey ozone.scm.datanode.port appended with serviceId and nodeId
2021-11-15 13:26:02,702 [Listener at 0.0.0.0/14573] INFO  server.StorageContainerManager (StorageContainerManager.java:scmBootstrap(987)) - SCM BootStrap  is successful for ClusterID 54fbe6a2-d836-4e9c-ac0d-22c475060fab, SCMID bc85ea6b-e3ed-491f-8918-a8ebeecc8d14
2021-11-15 13:26:02,702 [Listener at 0.0.0.0/14573] INFO  server.StorageContainerManager (StorageContainerManager.java:scmBootstrap(989)) - Primary SCM Node ID cea2b274-67f8-42eb-ae41-f09704fbacf0
2021-11-15 13:26:02,702 [Listener at 0.0.0.0/14573] INFO  ha.SCMHANodeDetails (SCMHANodeDetails.java:loadSCMHAConfig(157)) - ServiceID for StorageContainerManager is scm-service-test1
2021-11-15 13:26:02,702 [Listener at 0.0.0.0/14573] INFO  ha.SCMHANodeDetails (SCMHANodeDetails.java:loadSCMHAConfig(168)) - ServiceID for StorageContainerManager is scm-service-test1
2021-11-15 13:26:02,702 [Listener at 0.0.0.0/14573] WARN  scm.ScmUtils (ScmUtils.java:logWarn(179)) - ConfigKey ozone.scm.block.client.address is deprecated, For configuring different ports for each SCM use PortConfigKey ozone.scm.block.client.port appended with serviceId and nodeId. If want to configure same port configure ozone.scm.block.client.port
2021-11-15 13:26:02,702 [Listener at 0.0.0.0/14573] WARN  scm.ScmUtils (ScmUtils.java:logWarn(179)) - ConfigKey ozone.scm.client.address is deprecated, For configuring different ports for each SCM use PortConfigKey ozone.scm.client.port appended with serviceId and nodeId. If want to configure same port configure ozone.scm.client.port
2021-11-15 13:26:02,703 [Listener at 0.0.0.0/14573] WARN  scm.ScmUtils (ScmUtils.java:logWarn(179)) - ConfigKey ozone.scm.datanode.address is deprecated, For configuring different ports for each SCM use PortConfigKey ozone.scm.datanode.port appended with serviceId and nodeId. If want to configure same port configure ozone.scm.datanode.port
2021-11-15 13:26:02,703 [Listener at 0.0.0.0/14573] WARN  scm.ScmUtils (ScmUtils.java:logWarn(179)) - ConfigKey ozone.scm.block.client.address is deprecated, For configuring different ports for each SCM use PortConfigKey ozone.scm.block.client.port appended with serviceId and nodeId. If want to configure same port configure ozone.scm.block.client.port
2021-11-15 13:26:02,703 [Listener at 0.0.0.0/14573] WARN  scm.ScmUtils (ScmUtils.java:logWarn(179)) - ConfigKey ozone.scm.client.address is deprecated, For configuring different ports for each SCM use PortConfigKey ozone.scm.client.port appended with serviceId and nodeId. If want to configure same port configure ozone.scm.client.port
2021-11-15 13:26:02,703 [Listener at 0.0.0.0/14573] WARN  scm.ScmUtils (ScmUtils.java:logWarn(179)) - ConfigKey ozone.scm.datanode.address is deprecated, For configuring different ports for each SCM use PortConfigKey ozone.scm.datanode.port appended with serviceId and nodeId. If want to configure same port configure ozone.scm.datanode.port
2021-11-15 13:26:02,703 [Listener at 0.0.0.0/14573] INFO  ha.SCMHANodeDetails (SCMHANodeDetails.java:loadSCMHAConfig(250)) - Found matching SCM address with SCMServiceId: scm-service-test1, SCMNodeId: scmNode-3, RPC Address: localhost:14580 and Ratis port: 14580
2021-11-15 13:26:02,703 [Listener at 0.0.0.0/14573] INFO  ha.SCMHANodeDetails (ConfUtils.java:setNodeSpecificConfigs(108)) - Setting configuration key ozone.scm.datanode.address with value of key ozone.scm.datanode.address.scm-service-test1.scmNode-3: 127.0.0.1:14581
2021-11-15 13:26:02,704 [Listener at 0.0.0.0/14573] INFO  ha.SCMHANodeDetails (ConfUtils.java:setNodeSpecificConfigs(108)) - Setting configuration key ozone.scm.block.client.address with value of key ozone.scm.block.client.address.scm-service-test1.scmNode-3: 127.0.0.1:14582
2021-11-15 13:26:02,704 [Listener at 0.0.0.0/14573] INFO  ha.SCMHANodeDetails (ConfUtils.java:setNodeSpecificConfigs(108)) - Setting configuration key ozone.scm.client.address with value of key ozone.scm.client.address.scm-service-test1.scmNode-3: 127.0.0.1:14583
2021-11-15 13:26:02,704 [Listener at 0.0.0.0/14573] INFO  ha.SCMHANodeDetails (ConfUtils.java:setNodeSpecificConfigs(108)) - Setting configuration key ozone.scm.ratis.port with value of key ozone.scm.ratis.port.scm-service-test1.scmNode-3: 14580
2021-11-15 13:26:02,704 [Listener at 0.0.0.0/14573] INFO  ha.SCMHANodeDetails (ConfUtils.java:setNodeSpecificConfigs(108)) - Setting configuration key ozone.scm.grpc.port with value of key ozone.scm.grpc.port.scm-service-test1.scmNode-3: 14584
2021-11-15 13:26:02,704 [Listener at 0.0.0.0/14573] INFO  ha.SCMHANodeDetails (ConfUtils.java:setNodeSpecificConfigs(108)) - Setting configuration key ozone.scm.http-address with value of key ozone.scm.http-address.scm-service-test1.scmNode-3: 127.0.0.1:14578
2021-11-15 13:26:02,704 [Listener at 0.0.0.0/14573] INFO  ha.SCMHANodeDetails (ConfUtils.java:setNodeSpecificConfigs(108)) - Setting configuration key ozone.scm.https-address with value of key ozone.scm.https-address.scm-service-test1.scmNode-3: 127.0.0.1:14579
2021-11-15 13:26:02,704 [Listener at 0.0.0.0/14573] INFO  ha.SCMHANodeDetails (ConfUtils.java:setNodeSpecificConfigs(108)) - Setting configuration key ozone.scm.address with value of key ozone.scm.address.scm-service-test1.scmNode-3: 127.0.0.1
2021-11-15 13:26:02,704 [Listener at 0.0.0.0/14573] WARN  scm.ScmUtils (ScmUtils.java:logWarn(179)) - ConfigKey ozone.scm.block.client.address is deprecated, For configuring different ports for each SCM use PortConfigKey ozone.scm.block.client.port appended with serviceId and nodeId. If want to configure same port configure ozone.scm.block.client.port
2021-11-15 13:26:02,704 [Listener at 0.0.0.0/14573] WARN  scm.ScmUtils (ScmUtils.java:logWarn(179)) - ConfigKey ozone.scm.client.address is deprecated, For configuring different ports for each SCM use PortConfigKey ozone.scm.client.port appended with serviceId and nodeId. If want to configure same port configure ozone.scm.client.port
2021-11-15 13:26:02,704 [Listener at 0.0.0.0/14573] WARN  scm.ScmUtils (ScmUtils.java:logWarn(179)) - ConfigKey ozone.scm.datanode.address is deprecated, For configuring different ports for each SCM use PortConfigKey ozone.scm.datanode.port appended with serviceId and nodeId. If want to configure same port configure ozone.scm.datanode.port
2021-11-15 13:26:02,705 [Listener at 0.0.0.0/14573] WARN  server.ServerUtils (ServerUtils.java:getScmDbDir(148)) - ozone.scm.db.dirs is not configured. We recommend adding this setting. Falling back to ozone.metadata.dirs instead.
2021-11-15 13:26:02,707 [Listener at 0.0.0.0/14573] INFO  upgrade.AbstractLayoutVersionManager (AbstractLayoutVersionManager.java:init(79)) - Initializing Layout version manager with metadata layout = SCM_HA (version = 2), software layout = SCM_HA (version = 2)
2021-11-15 13:26:02,766 [Listener at 0.0.0.0/14573] INFO  reflections.Reflections (Reflections.java:scan(232)) - Reflections took 58 ms to scan 7 urls, producing 119 keys and 279 values 
2021-11-15 13:26:02,775 [Listener at 0.0.0.0/14573] WARN  utils.HAUtils (HAUtils.java:getMetaDir(342)) - ozone.scm.db.dirs is not configured. We recommend adding this setting. Falling back to ozone.metadata.dirs instead.
2021-11-15 13:26:02,776 [Listener at 0.0.0.0/14573] WARN  db.DBStoreBuilder (DBStoreBuilder.java:applyDBDefinition(145)) - ozone.scm.db.dirs is not configured. We recommend adding this setting. Falling back to ozone.metadata.dirs instead.
2021-11-15 13:26:02,910 [Listener at 0.0.0.0/14573] INFO  net.NodeSchemaLoader (NodeSchemaLoader.java:loadSchemaFromFile(129)) - Loading schema from [jar:file:/home/runner/.m2/repository/org/apache/ozone/hdds-common/1.2.0-SNAPSHOT/hdds-common-1.2.0-SNAPSHOT.jar!/network-topology-default.xml]
2021-11-15 13:26:02,910 [Listener at 0.0.0.0/14573] INFO  net.NodeSchemaLoader (NodeSchemaLoader.java:loadSchema(176)) - Loading network topology layer schema file
2021-11-15 13:26:02,912 [Listener at 0.0.0.0/14573] WARN  impl.MetricRegistriesImpl (MetricRegistriesImpl.java:addReporterRegistration(111)) - New reporters are added after registries were created. Some metrics will be missing from the reporter. Please add reporter before adding any new registry.
2021-11-15 13:26:02,913 [Listener at 0.0.0.0/14573] WARN  impl.MetricRegistriesImpl (MetricRegistriesImpl.java:addReporterRegistration(111)) - New reporters are added after registries were created. Some metrics will be missing from the reporter. Please add reporter before adding any new registry.
2021-11-15 13:26:02,914 [Listener at 0.0.0.0/14573] INFO  ha.SCMRatisServerImpl (SCMRatisServerImpl.java:<init>(87)) - starting Raft server for scm:bc85ea6b-e3ed-491f-8918-a8ebeecc8d14
2021-11-15 13:26:02,914 [Listener at 0.0.0.0/14573] INFO  server.RaftServer (ConfUtils.java:logGet(44)) - raft.rpc.type = GRPC (default)
2021-11-15 13:26:02,915 [Listener at 0.0.0.0/14573] INFO  grpc.GrpcFactory (GrpcFactory.java:checkPooledByteBufAllocatorUseCacheForAllThreads(48)) - PERFORMANCE WARNING: useCacheForAllThreads is true that may cause Netty to create a lot garbage objects and, as a result, trigger GC.
	It is recommended to disable useCacheForAllThreads by setting -Dorg.apache.ratis.thirdparty.io.netty.allocator.useCacheForAllThreads=false in command line.
2021-11-15 13:26:02,915 [Listener at 0.0.0.0/14573] INFO  grpc.GrpcConfigKeys (ConfUtils.java:logGet(44)) - raft.grpc.admin.port = -1 (default)
2021-11-15 13:26:02,915 [Listener at 0.0.0.0/14573] INFO  grpc.GrpcConfigKeys (ConfUtils.java:logGet(44)) - raft.grpc.server.port = 14580 (custom)
2021-11-15 13:26:02,922 [Listener at 0.0.0.0/14573] INFO  grpc.GrpcConfigKeys (ConfUtils.java:logGet(44)) - raft.grpc.client.port = -1 (default)
2021-11-15 13:26:02,922 [Listener at 0.0.0.0/14573] INFO  grpc.GrpcConfigKeys (ConfUtils.java:logGet(44)) - raft.grpc.server.port = 14580 (custom)
2021-11-15 13:26:02,922 [Listener at 0.0.0.0/14573] INFO  grpc.GrpcConfigKeys (ConfUtils.java:logGet(44)) - raft.grpc.server.port = 14580 (custom)
2021-11-15 13:26:02,922 [Listener at 0.0.0.0/14573] INFO  server.GrpcService (ConfUtils.java:logGet(44)) - raft.grpc.message.size.max = 32m (=33554432) (custom)
2021-11-15 13:26:02,922 [Listener at 0.0.0.0/14573] INFO  server.RaftServerConfigKeys (ConfUtils.java:logGet(44)) - raft.server.log.appender.buffer.byte-limit = 33554432 (custom)
2021-11-15 13:26:02,922 [Listener at 0.0.0.0/14573] INFO  server.GrpcService (ConfUtils.java:logGet(44)) - raft.grpc.flow.control.window = 1MB (=1048576) (default)
2021-11-15 13:26:02,923 [Listener at 0.0.0.0/14573] INFO  server.RaftServerConfigKeys (ConfUtils.java:logGet(44)) - raft.server.rpc.request.timeout = 30000ms (custom)
2021-11-15 13:26:02,923 [Listener at 0.0.0.0/14573] INFO  impl.DataStreamServerImpl (ConfUtils.java:logGet(44)) - raft.datastream.type = DISABLED (default)
2021-11-15 13:26:02,924 [Listener at 0.0.0.0/14573] INFO  server.RaftServerConfigKeys (ConfUtils.java:logGet(44)) - raft.server.rpc.slowness.timeout = 120000ms (custom)
2021-11-15 13:26:02,924 [Listener at 0.0.0.0/14573] INFO  server.RaftServerConfigKeys (ConfUtils.java:logGet(44)) - raft.server.leaderelection.leader.step-down.wait-time = 10s (default)
2021-11-15 13:26:02,924 [Listener at 0.0.0.0/14573] INFO  server.RaftServerConfigKeys (ConfUtils.java:logGet(44)) - raft.server.storage.dir = [/home/runner/work/ozone/ozone/hadoop-ozone/integration-test/target/test-dir/MiniOzoneClusterImpl-54fbe6a2-d836-4e9c-ac0d-22c475060fab/scmNode-3/scm-ha] (custom)
2021-11-15 13:26:02,930 [Listener at 0.0.0.0/14573] INFO  server.RaftServer (RaftServerProxy.java:addNew(95)) - bc85ea6b-e3ed-491f-8918-a8ebeecc8d14: addNew group-22C475060FAB:[] returns group-22C475060FAB:java.util.concurrent.CompletableFuture@7b415dde[Not completed]
2021-11-15 13:26:02,930 [pool-257-thread-1] INFO  server.RaftServer$Division (RaftServerImpl.java:<init>(184)) - bc85ea6b-e3ed-491f-8918-a8ebeecc8d14: new RaftServerImpl for group-22C475060FAB:[] with SCMStateMachine:uninitialized
2021-11-15 13:26:02,931 [pool-257-thread-1] INFO  server.RaftServerConfigKeys (ConfUtils.java:logGet(44)) - raft.server.rpc.timeout.min = 5000ms (custom)
2021-11-15 13:26:02,931 [pool-257-thread-1] INFO  server.RaftServerConfigKeys (ConfUtils.java:logGet(44)) - raft.server.rpc.timeout.max = 5200ms (custom)
2021-11-15 13:26:02,932 [pool-257-thread-1] INFO  server.RaftServerConfigKeys (ConfUtils.java:logGet(44)) - raft.server.rpc.sleep.time = 25ms (default)
2021-11-15 13:26:02,932 [pool-257-thread-1] INFO  server.RaftServerConfigKeys (ConfUtils.java:logGet(44)) - raft.server.rpc.slowness.timeout = 120000ms (custom)
2021-11-15 13:26:02,932 [pool-257-thread-1] INFO  server.RaftServerConfigKeys (ConfUtils.java:logGet(44)) - raft.server.leaderelection.leader.step-down.wait-time = 10s (default)
2021-11-15 13:26:02,932 [pool-257-thread-1] INFO  server.RaftServerConfigKeys (ConfUtils.java:logGet(44)) - raft.server.sleep.deviation.threshold = 300ms (default)
2021-11-15 13:26:02,932 [pool-257-thread-1] INFO  server.RaftServerConfigKeys (ConfUtils.java:logGet(44)) - raft.server.log.appender.install.snapshot.enabled = false (custom)
2021-11-15 13:26:02,932 [pool-257-thread-1] INFO  server.RaftServer$Division (ServerState.java:<init>(105)) - bc85ea6b-e3ed-491f-8918-a8ebeecc8d14@group-22C475060FAB: ConfigurationManager, init=-1: [], old=null, confs=<EMPTY_MAP>
2021-11-15 13:26:02,932 [pool-257-thread-1] INFO  server.RaftServerConfigKeys (ConfUtils.java:logGet(44)) - raft.server.storage.dir = [/home/runner/work/ozone/ozone/hadoop-ozone/integration-test/target/test-dir/MiniOzoneClusterImpl-54fbe6a2-d836-4e9c-ac0d-22c475060fab/scmNode-3/scm-ha] (custom)
2021-11-15 13:26:02,932 [pool-257-thread-1] INFO  server.RaftServerConfigKeys (ConfUtils.java:logGet(44)) - raft.server.log.corruption.policy = EXCEPTION (default)
2021-11-15 13:26:02,932 [pool-257-thread-1] INFO  server.RaftServerConfigKeys (ConfUtils.java:logGet(44)) - raft.server.storage.free-space.min = 0MB (=0) (default)
2021-11-15 13:26:02,932 [pool-257-thread-1] INFO  storage.RaftStorageDirectory (RaftStorageDirectoryImpl.java:analyzeStorage(135)) - The storage directory /home/runner/work/ozone/ozone/hadoop-ozone/integration-test/target/test-dir/MiniOzoneClusterImpl-54fbe6a2-d836-4e9c-ac0d-22c475060fab/scmNode-3/scm-ha/54fbe6a2-d836-4e9c-ac0d-22c475060fab does not exist. Creating ...
2021-11-15 13:26:02,933 [pool-257-thread-1] INFO  storage.RaftStorageDirectory (RaftStorageDirectoryImpl.java:tryLock(230)) - Lock on /home/runner/work/ozone/ozone/hadoop-ozone/integration-test/target/test-dir/MiniOzoneClusterImpl-54fbe6a2-d836-4e9c-ac0d-22c475060fab/scmNode-3/scm-ha/54fbe6a2-d836-4e9c-ac0d-22c475060fab/in_use.lock acquired by nodename 23543@fv-az151-339
2021-11-15 13:26:02,934 [pool-257-thread-1] INFO  storage.RaftStorage (RaftStorageImpl.java:format(89)) - Storage directory /home/runner/work/ozone/ozone/hadoop-ozone/integration-test/target/test-dir/MiniOzoneClusterImpl-54fbe6a2-d836-4e9c-ac0d-22c475060fab/scmNode-3/scm-ha/54fbe6a2-d836-4e9c-ac0d-22c475060fab has been successfully formatted.
2021-11-15 13:26:02,934 [pool-257-thread-1] INFO  server.RaftServerConfigKeys (ConfUtils.java:logGet(44)) - raft.server.notification.no-leader.timeout = 60s (default)
2021-11-15 13:26:02,934 [pool-257-thread-1] INFO  server.RaftServerConfigKeys (ConfUtils.java:logGet(44)) - raft.server.log.use.memory = false (default)
2021-11-15 13:26:02,935 [pool-257-thread-1] INFO  server.RaftServerConfigKeys (ConfUtils.java:logGet(44)) - raft.server.log.purge.gap = 5 (custom)
2021-11-15 13:26:02,935 [pool-257-thread-1] INFO  server.RaftServerConfigKeys (ConfUtils.java:logGet(44)) - raft.server.log.appender.buffer.byte-limit = 33554432 (custom)
2021-11-15 13:26:02,936 [pool-257-thread-1] INFO  server.RaftServerConfigKeys (ConfUtils.java:logGet(44)) - raft.server.log.segment.size.max = 4194304 (custom)
2021-11-15 13:26:02,946 [pool-257-thread-1] INFO  server.RaftServerConfigKeys (ConfUtils.java:logGet(44)) - raft.server.log.segment.cache.num.max = 2 (custom)
2021-11-15 13:26:02,946 [pool-257-thread-1] INFO  server.RaftServerConfigKeys (ConfUtils.java:logGet(44)) - raft.server.log.segment.cache.size.max = 200MB (=209715200) (default)
2021-11-15 13:26:02,946 [pool-257-thread-1] INFO  segmented.SegmentedRaftLogWorker (SegmentedRaftLogWorker.java:<init>(182)) - new bc85ea6b-e3ed-491f-8918-a8ebeecc8d14@group-22C475060FAB-SegmentedRaftLogWorker for RaftStorageImpl:Storage Directory /home/runner/work/ozone/ozone/hadoop-ozone/integration-test/target/test-dir/MiniOzoneClusterImpl-54fbe6a2-d836-4e9c-ac0d-22c475060fab/scmNode-3/scm-ha/54fbe6a2-d836-4e9c-ac0d-22c475060fab
2021-11-15 13:26:02,946 [pool-257-thread-1] INFO  server.RaftServerConfigKeys (ConfUtils.java:logGet(44)) - raft.server.log.queue.byte-limit = 64MB (=67108864) (default)
2021-11-15 13:26:02,946 [pool-257-thread-1] INFO  server.RaftServerConfigKeys (ConfUtils.java:logGet(44)) - raft.server.log.queue.element-limit = 4096 (default)
2021-11-15 13:26:02,946 [pool-257-thread-1] INFO  server.RaftServerConfigKeys (ConfUtils.java:logGet(44)) - raft.server.log.segment.size.max = 4194304 (custom)
2021-11-15 13:26:02,946 [pool-257-thread-1] INFO  server.RaftServerConfigKeys (ConfUtils.java:logGet(44)) - raft.server.log.preallocated.size = 4194304 (custom)
2021-11-15 13:26:02,946 [pool-257-thread-1] INFO  server.RaftServerConfigKeys (ConfUtils.java:logGet(44)) - raft.server.log.force.sync.num = 128 (default)
2021-11-15 13:26:02,947 [pool-257-thread-1] INFO  server.RaftServerConfigKeys (ConfUtils.java:logGet(44)) - raft.server.log.statemachine.data.sync = true (default)
2021-11-15 13:26:02,947 [pool-257-thread-1] INFO  server.RaftServerConfigKeys (ConfUtils.java:logGet(44)) - raft.server.log.statemachine.data.sync.timeout = 10s (default)
2021-11-15 13:26:02,947 [pool-257-thread-1] INFO  server.RaftServerConfigKeys (ConfUtils.java:logGet(44)) - raft.server.log.statemachine.data.sync.timeout.retry = -1 (default)
2021-11-15 13:26:02,947 [pool-257-thread-1] INFO  server.RaftServerConfigKeys (ConfUtils.java:logGet(44)) - raft.server.log.write.buffer.size = 64KB (=65536) (default)
2021-11-15 13:26:02,948 [pool-257-thread-1] INFO  server.RaftServerConfigKeys (ConfUtils.java:logGet(44)) - raft.server.log.statemachine.data.caching.enabled = false (default)
2021-11-15 13:26:02,948 [pool-257-thread-1] INFO  segmented.SegmentedRaftLogWorker (SegmentedRaftLogWorker.java:lambda$new$0(133)) - bc85ea6b-e3ed-491f-8918-a8ebeecc8d14@group-22C475060FAB-SegmentedRaftLogWorker: flushIndex: setUnconditionally 0 -> -1
2021-11-15 13:26:02,948 [pool-257-thread-1] INFO  segmented.SegmentedRaftLogWorker (SegmentedRaftLogWorker.java:lambda$new$0(133)) - bc85ea6b-e3ed-491f-8918-a8ebeecc8d14@group-22C475060FAB-SegmentedRaftLogWorker: safeCacheEvictIndex: setUnconditionally 0 -> -1
2021-11-15 13:26:02,952 [pool-257-thread-1] INFO  server.RaftServerConfigKeys (ConfUtils.java:logGet(44)) - raft.server.snapshot.auto.trigger.enabled = true (custom)
2021-11-15 13:26:02,952 [pool-257-thread-1] INFO  server.RaftServerConfigKeys (ConfUtils.java:logGet(44)) - raft.server.snapshot.auto.trigger.threshold = 5 (custom)
2021-11-15 13:26:02,952 [pool-257-thread-1] INFO  server.RaftServerConfigKeys (ConfUtils.java:logGet(44)) - raft.server.snapshot.retention.file.num = -1 (default)
2021-11-15 13:26:02,952 [pool-257-thread-1] INFO  server.RaftServerConfigKeys (ConfUtils.java:logGet(44)) - raft.server.log.purge.upto.snapshot.index = true (custom)
2021-11-15 13:26:02,952 [pool-257-thread-1] INFO  server.RaftServerConfigKeys (ConfUtils.java:logGet(44)) - raft.server.retrycache.expirytime = 60000ms (default)
2021-11-15 13:26:02,952 [pool-257-thread-1] INFO  server.RaftServerConfigKeys (ConfUtils.java:logGet(44)) - raft.server.retrycache.statistics.expirytime = 100μs (default)
2021-11-15 13:26:02,957 [Listener at 0.0.0.0/14573] INFO  ha.SCMSnapshotProvider (SCMSnapshotProvider.java:<init>(66)) - Initializing SCM Snapshot Provider
2021-11-15 13:26:02,957 [Listener at 0.0.0.0/14573] WARN  server.ServerUtils (ServerUtils.java:getDefaultRatisDirectory(237)) - Storage directory for Ratis is not configured. It is a good idea to map this to an SSD disk. Falling back to ozone.metadata.dirs
2021-11-15 13:26:02,958 [Listener at 0.0.0.0/14573] WARN  ha.SCMHAUtils (SCMHAUtils.java:getSCMRatisSnapshotDirectory(146)) - SCM snapshot dir is not configured. Falling back to ozone.metadata.dirs config
2021-11-15 13:26:02,963 [Listener at 0.0.0.0/14573] INFO  ha.SequenceIdGenerator (SequenceIdGenerator.java:upgradeToSequenceId(347)) - upgrade localId to 107544261427200000
2021-11-15 13:26:02,963 [Listener at 0.0.0.0/14573] INFO  ha.SequenceIdGenerator (SequenceIdGenerator.java:upgradeToSequenceId(357)) - upgrade delTxnId to 0
2021-11-15 13:26:02,963 [Listener at 0.0.0.0/14573] INFO  ha.SequenceIdGenerator (SequenceIdGenerator.java:upgradeToSequenceId(371)) - upgrade containerId to 0
2021-11-15 13:26:02,963 [Listener at 0.0.0.0/14573] INFO  ha.SequenceIdGenerator (SequenceIdGenerator.java:<init>(218)) - Init the HA SequenceIdGenerator.
2021-11-15 13:26:02,964 [Listener at 0.0.0.0/14573] WARN  server.ServerUtils (ServerUtils.java:sanitizeUserArgs(73)) - ozone.scm.stale.node.interval value = 300000 is larger than max = 100000 based on the key value of ozone.scm.heartbeat.thread.interval, reset to the max value 100000.
2021-11-15 13:26:02,964 [Listener at 0.0.0.0/14573] WARN  server.ServerUtils (ServerUtils.java:sanitizeUserArgs(73)) - ozone.scm.stale.node.interval value = 300000 is larger than max = 100000 based on the key value of ozone.scm.heartbeat.thread.interval, reset to the max value 100000.
2021-11-15 13:26:02,969 [Listener at 0.0.0.0/14573] INFO  node.SCMNodeManager (SCMNodeManager.java:<init>(144)) - Entering startup safe mode.
2021-11-15 13:26:02,969 [Listener at 0.0.0.0/14573] INFO  algorithms.ContainerPlacementPolicyFactory (ContainerPlacementPolicyFactory.java:getPolicy(60)) - Create container placement policy of type org.apache.hadoop.hdds.scm.container.placement.algorithms.SCMContainerPlacementRandom
2021-11-15 13:26:02,969 [Listener at 0.0.0.0/14573] INFO  pipeline.PipelineStateManagerImpl (PipelineStateManagerImpl.java:initialize(78)) - No pipeline exists in current db
2021-11-15 13:26:02,970 [Listener at 0.0.0.0/14573] INFO  algorithms.LeaderChoosePolicyFactory (LeaderChoosePolicyFactory.java:getPolicy(57)) - Create leader choose policy of type org.apache.hadoop.hdds.scm.pipeline.leader.choose.algorithms.MinLeaderCountChoosePolicy
2021-11-15 13:26:02,970 [Listener at 0.0.0.0/14573] INFO  ha.SCMServiceManager (SCMServiceManager.java:register(43)) - Registering service BackgroundPipelineCreator.
2021-11-15 13:26:02,970 [Listener at 0.0.0.0/14573] INFO  pipeline.BackgroundPipelineCreator (BackgroundPipelineCreator.java:start(130)) - Starting RatisPipelineUtilsThread.
2021-11-15 13:26:02,982 [Listener at 0.0.0.0/14573] INFO  algorithms.PipelineChoosePolicyFactory (PipelineChoosePolicyFactory.java:createPipelineChoosePolicyFromClass(73)) - Create pipeline choose policy of type org.apache.hadoop.hdds.scm.pipeline.choose.algorithms.RandomPipelineChoosePolicy
2021-11-15 13:26:02,982 [Listener at 0.0.0.0/14573] INFO  ha.SCMServiceManager (SCMServiceManager.java:register(43)) - Registering service SCMBlockDeletingService.
2021-11-15 13:26:02,983 [Listener at 0.0.0.0/14573] INFO  ha.SCMServiceManager (SCMServiceManager.java:register(43)) - Registering service ReplicationManager.
2021-11-15 13:26:02,983 [Listener at 0.0.0.0/14573] INFO  container.ReplicationManager (ReplicationManager.java:start(319)) - Starting Replication Monitor Thread.
2021-11-15 13:26:02,986 [Listener at 0.0.0.0/14573] INFO  safemode.ContainerSafeModeRule (ContainerSafeModeRule.java:<init>(89)) - containers with one replica threshold count 0
2021-11-15 13:26:02,987 [Listener at 0.0.0.0/14573] INFO  safemode.HealthyPipelineSafeModeRule (HealthyPipelineSafeModeRule.java:initializeRule(156)) - Total pipeline count is 0, healthy pipeline threshold count is 1
2021-11-15 13:26:02,987 [Listener at 0.0.0.0/14573] INFO  safemode.OneReplicaPipelineSafeModeRule (OneReplicaPipelineSafeModeRule.java:initializeRule(180)) - Total pipeline count is 0, pipeline's with at least one datanode reported threshold count is 0
2021-11-15 13:26:02,994 [Listener at 0.0.0.0/14573] INFO  ipc.CallQueueManager (CallQueueManager.java:<init>(90)) - Using callQueue: class java.util.concurrent.LinkedBlockingQueue, queueCapacity: 2000, scheduler: class org.apache.hadoop.ipc.DefaultRpcScheduler, ipcBackoff: false.
2021-11-15 13:26:03,003 [ReplicationMonitor] INFO  container.ReplicationManager (ReplicationManager.java:processAll(371)) - Replication Monitor Thread took 0 milliseconds for processing 0 containers.
2021-11-15 13:26:03,008 [Socket Reader #1 for port 14581] INFO  ipc.Server (Server.java:run(1265)) - Starting Socket Reader #1 for port 14581
2021-11-15 13:26:03,009 [Listener at 0.0.0.0/14581] INFO  ipc.CallQueueManager (CallQueueManager.java:<init>(90)) - Using callQueue: class java.util.concurrent.LinkedBlockingQueue, queueCapacity: 2000, scheduler: class org.apache.hadoop.ipc.DefaultRpcScheduler, ipcBackoff: false.
2021-11-15 13:26:03,037 [Socket Reader #1 for port 14582] INFO  ipc.Server (Server.java:run(1265)) - Starting Socket Reader #1 for port 14582
2021-11-15 13:26:03,039 [Listener at 0.0.0.0/14582] INFO  ipc.CallQueueManager (CallQueueManager.java:<init>(90)) - Using callQueue: class java.util.concurrent.LinkedBlockingQueue, queueCapacity: 2000, scheduler: class org.apache.hadoop.ipc.DefaultRpcScheduler, ipcBackoff: false.
2021-11-15 13:26:03,046 [Socket Reader #1 for port 14583] INFO  ipc.Server (Server.java:run(1265)) - Starting Socket Reader #1 for port 14583
2021-11-15 13:26:03,101 [Listener at 0.0.0.0/14583] INFO  algorithms.ContainerPlacementPolicyFactory (ContainerPlacementPolicyFactory.java:getPolicy(60)) - Create container placement policy of type org.apache.hadoop.hdds.scm.container.placement.algorithms.SCMContainerPlacementRandom
2021-11-15 13:26:03,103 [Listener at 0.0.0.0/14583] INFO  server.StorageContainerManager (StorageContainerManager.java:<init>(388)) - 
Container Balancer status:
Key                            Value
Running                        false
Container Balancer Configuration values:
Key                                                Value
Threshold                                          0.1
Max Datanodes to Involve per Iteration(ratio)      0.2
Max Size to Move per Iteration                     32212254720B

2021-11-15 13:26:03,110 [Listener at 0.0.0.0/14583] WARN  events.EventQueue (EventQueue.java:fireEvent(194)) - No event handler registered for event TypedEvent{payloadType=SafeModeStatus, name='Safe mode status'}
2021-11-15 13:26:03,110 [Listener at 0.0.0.0/14583] INFO  ha.SCMContext (SCMContext.java:updateSafeModeStatus(205)) - Update SafeModeStatus from SafeModeStatus{safeModeStatus=true, preCheckPassed=false} to SafeModeStatus{safeModeStatus=true, preCheckPassed=false}.
2021-11-15 13:26:03,111 [Listener at 0.0.0.0/14583] INFO  ozone.MiniOzoneHAClusterImpl (MiniOzoneHAClusterImpl.java:createSCMService(568)) - Intialized SCM at org.apache.hadoop.hdds.scm.server.SCMClientProtocolServer@10e3a63a. This SCM is currently inactive (not running).
2021-11-15 13:26:03,112 [Listener at 0.0.0.0/14583] INFO  ha.OMHANodeDetails (OMHANodeDetails.java:loadOMHAConfig(118)) - ServiceID for OzoneManager is om-service-test1
2021-11-15 13:26:03,112 [Listener at 0.0.0.0/14583] INFO  ha.OMHANodeDetails (OMHANodeDetails.java:loadOMHAConfig(194)) - Found matching OM address with OMServiceId: om-service-test1, OMNodeId: omNode-1, RPC Address: localhost:13216 and Ratis port: 13220
2021-11-15 13:26:03,112 [Listener at 0.0.0.0/14583] INFO  ha.OMHANodeDetails (ConfUtils.java:setNodeSpecificConfigs(108)) - Setting configuration key ozone.om.http-address with value of key ozone.om.http-address.om-service-test1.omNode-1: 127.0.0.1:13218
2021-11-15 13:26:03,112 [Listener at 0.0.0.0/14583] INFO  ha.OMHANodeDetails (ConfUtils.java:setNodeSpecificConfigs(108)) - Setting configuration key ozone.om.https-address with value of key ozone.om.https-address.om-service-test1.omNode-1: 127.0.0.1:13219
2021-11-15 13:26:03,113 [Listener at 0.0.0.0/14583] INFO  ha.OMHANodeDetails (ConfUtils.java:setNodeSpecificConfigs(108)) - Setting configuration key ozone.om.address with value of key ozone.om.address.om-service-test1.omNode-1: 127.0.0.1:13216
2021-11-15 13:26:03,113 [Listener at 0.0.0.0/14583] WARN  server.ServerUtils (ServerUtils.java:getDBPath(225)) - ozone.om.db.dirs is not configured. We recommend adding this setting. Falling back to ozone.metadata.dirs instead.
2021-11-15 13:26:03,114 [Listener at 0.0.0.0/14583] INFO  ha.SCMNodeInfo (SCMNodeInfo.java:getPort(197)) - ConfigKey ozone.scm.client.address is deprecated, For configuring different ports for each SCM use PortConfigKey ozone.scm.client.port appended with serviceId and nodeId
2021-11-15 13:26:03,114 [Listener at 0.0.0.0/14583] INFO  ha.SCMNodeInfo (SCMNodeInfo.java:getPort(197)) - ConfigKey ozone.scm.block.client.address is deprecated, For configuring different ports for each SCM use PortConfigKey ozone.scm.block.client.port appended with serviceId and nodeId
2021-11-15 13:26:03,115 [Listener at 0.0.0.0/14583] INFO  ha.SCMNodeInfo (SCMNodeInfo.java:getPort(197)) - ConfigKey ozone.scm.datanode.address is deprecated, For configuring different ports for each SCM use PortConfigKey ozone.scm.datanode.port appended with serviceId and nodeId
2021-11-15 13:26:03,115 [Listener at 0.0.0.0/14583] INFO  ha.SCMNodeInfo (SCMNodeInfo.java:getPort(197)) - ConfigKey ozone.scm.client.address is deprecated, For configuring different ports for each SCM use PortConfigKey ozone.scm.client.port appended with serviceId and nodeId
2021-11-15 13:26:03,115 [Listener at 0.0.0.0/14583] INFO  ha.SCMNodeInfo (SCMNodeInfo.java:getPort(197)) - ConfigKey ozone.scm.block.client.address is deprecated, For configuring different ports for each SCM use PortConfigKey ozone.scm.block.client.port appended with serviceId and nodeId
2021-11-15 13:26:03,115 [Listener at 0.0.0.0/14583] INFO  ha.SCMNodeInfo (SCMNodeInfo.java:getPort(197)) - ConfigKey ozone.scm.datanode.address is deprecated, For configuring different ports for each SCM use PortConfigKey ozone.scm.datanode.port appended with serviceId and nodeId
2021-11-15 13:26:03,115 [Listener at 0.0.0.0/14583] INFO  ha.SCMNodeInfo (SCMNodeInfo.java:getPort(197)) - ConfigKey ozone.scm.client.address is deprecated, For configuring different ports for each SCM use PortConfigKey ozone.scm.client.port appended with serviceId and nodeId
2021-11-15 13:26:03,115 [Listener at 0.0.0.0/14583] INFO  ha.SCMNodeInfo (SCMNodeInfo.java:getPort(197)) - ConfigKey ozone.scm.block.client.address is deprecated, For configuring different ports for each SCM use PortConfigKey ozone.scm.block.client.port appended with serviceId and nodeId
2021-11-15 13:26:03,115 [Listener at 0.0.0.0/14583] INFO  ha.SCMNodeInfo (SCMNodeInfo.java:getPort(197)) - ConfigKey ozone.scm.datanode.address is deprecated, For configuring different ports for each SCM use PortConfigKey ozone.scm.datanode.port appended with serviceId and nodeId
OM initialization succeeded.Current cluster id for sd=/home/runner/work/ozone/ozone/hadoop-ozone/integration-test/target/test-dir/MiniOzoneClusterImpl-54fbe6a2-d836-4e9c-ac0d-22c475060fab/omNode-1/om;cid=54fbe6a2-d836-4e9c-ac0d-22c475060fab;layoutVersion=0
2021-11-15 13:26:03,146 [Listener at 0.0.0.0/14583] INFO  ha.OMHANodeDetails (OMHANodeDetails.java:loadOMHAConfig(118)) - ServiceID for OzoneManager is om-service-test1
2021-11-15 13:26:03,146 [Listener at 0.0.0.0/14583] INFO  ha.OMHANodeDetails (OMHANodeDetails.java:loadOMHAConfig(194)) - Found matching OM address with OMServiceId: om-service-test1, OMNodeId: omNode-1, RPC Address: localhost:13216 and Ratis port: 13220
2021-11-15 13:26:03,146 [Listener at 0.0.0.0/14583] INFO  ha.OMHANodeDetails (ConfUtils.java:setNodeSpecificConfigs(108)) - Setting configuration key ozone.om.http-address with value of key ozone.om.http-address.om-service-test1.omNode-1: 127.0.0.1:13218
2021-11-15 13:26:03,146 [Listener at 0.0.0.0/14583] INFO  ha.OMHANodeDetails (ConfUtils.java:setNodeSpecificConfigs(108)) - Setting configuration key ozone.om.https-address with value of key ozone.om.https-address.om-service-test1.omNode-1: 127.0.0.1:13219
2021-11-15 13:26:03,146 [Listener at 0.0.0.0/14583] INFO  ha.OMHANodeDetails (ConfUtils.java:setNodeSpecificConfigs(108)) - Setting configuration key ozone.om.address with value of key ozone.om.address.om-service-test1.omNode-1: 127.0.0.1:13216
2021-11-15 13:26:03,147 [Listener at 0.0.0.0/14583] WARN  server.ServerUtils (ServerUtils.java:getDBPath(225)) - ozone.om.db.dirs is not configured. We recommend adding this setting. Falling back to ozone.metadata.dirs instead.
2021-11-15 13:26:03,147 [Listener at 0.0.0.0/14583] INFO  upgrade.AbstractLayoutVersionManager (AbstractLayoutVersionManager.java:init(79)) - Initializing Layout version manager with metadata layout = INITIAL_VERSION (version = 0), software layout = INITIAL_VERSION (version = 0)
2021-11-15 13:26:03,231 [Listener at 0.0.0.0/14583] INFO  reflections.Reflections (Reflections.java:scan(232)) - Reflections took 83 ms to scan 2 urls, producing 131 keys and 344 values [using 2 cores]
2021-11-15 13:26:03,232 [Listener at 0.0.0.0/14583] INFO  upgrade.OMLayoutVersionManager (OMLayoutVersionManager.java:lambda$0(115)) - Skipping Upgrade Action MockOmUpgradeAction since it has been finalized.
2021-11-15 13:26:03,232 [Listener at 0.0.0.0/14583] WARN  server.ServerUtils (ServerUtils.java:getDBPath(225)) - ozone.om.db.dirs is not configured. We recommend adding this setting. Falling back to ozone.metadata.dirs instead.
2021-11-15 13:26:03,232 [Listener at 0.0.0.0/14583] INFO  ha.SCMNodeInfo (SCMNodeInfo.java:getPort(197)) - ConfigKey ozone.scm.client.address is deprecated, For configuring different ports for each SCM use PortConfigKey ozone.scm.client.port appended with serviceId and nodeId
2021-11-15 13:26:03,232 [Listener at 0.0.0.0/14583] INFO  ha.SCMNodeInfo (SCMNodeInfo.java:getPort(197)) - ConfigKey ozone.scm.block.client.address is deprecated, For configuring different ports for each SCM use PortConfigKey ozone.scm.block.client.port appended with serviceId and nodeId
2021-11-15 13:26:03,232 [Listener at 0.0.0.0/14583] INFO  ha.SCMNodeInfo (SCMNodeInfo.java:getPort(197)) - ConfigKey ozone.scm.datanode.address is deprecated, For configuring different ports for each SCM use PortConfigKey ozone.scm.datanode.port appended with serviceId and nodeId
2021-11-15 13:26:03,232 [Listener at 0.0.0.0/14583] INFO  ha.SCMNodeInfo (SCMNodeInfo.java:getPort(197)) - ConfigKey ozone.scm.client.address is deprecated, For configuring different ports for each SCM use PortConfigKey ozone.scm.client.port appended with serviceId and nodeId
2021-11-15 13:26:03,232 [Listener at 0.0.0.0/14583] INFO  ha.SCMNodeInfo (SCMNodeInfo.java:getPort(197)) - ConfigKey ozone.scm.block.client.address is deprecated, For configuring different ports for each SCM use PortConfigKey ozone.scm.block.client.port appended with serviceId and nodeId
2021-11-15 13:26:03,232 [Listener at 0.0.0.0/14583] INFO  ha.SCMNodeInfo (SCMNodeInfo.java:getPort(197)) - ConfigKey ozone.scm.datanode.address is deprecated, For configuring different ports for each SCM use PortConfigKey ozone.scm.datanode.port appended with serviceId and nodeId
2021-11-15 13:26:03,232 [Listener at 0.0.0.0/14583] INFO  ha.SCMNodeInfo (SCMNodeInfo.java:getPort(197)) - ConfigKey ozone.scm.client.address is deprecated, For configuring different ports for each SCM use PortConfigKey ozone.scm.client.port appended with serviceId and nodeId
2021-11-15 13:26:03,232 [Listener at 0.0.0.0/14583] INFO  ha.SCMNodeInfo (SCMNodeInfo.java:getPort(197)) - ConfigKey ozone.scm.block.client.address is deprecated, For configuring different ports for each SCM use PortConfigKey ozone.scm.block.client.port appended with serviceId and nodeId
2021-11-15 13:26:03,233 [Listener at 0.0.0.0/14583] INFO  ha.SCMNodeInfo (SCMNodeInfo.java:getPort(197)) - ConfigKey ozone.scm.datanode.address is deprecated, For configuring different ports for each SCM use PortConfigKey ozone.scm.datanode.port appended with serviceId and nodeId
2021-11-15 13:26:03,233 [Listener at 0.0.0.0/14583] INFO  ha.SCMNodeInfo (SCMNodeInfo.java:getPort(197)) - ConfigKey ozone.scm.client.address is deprecated, For configuring different ports for each SCM use PortConfigKey ozone.scm.client.port appended with serviceId and nodeId
2021-11-15 13:26:03,233 [Listener at 0.0.0.0/14583] INFO  ha.SCMNodeInfo (SCMNodeInfo.java:getPort(197)) - ConfigKey ozone.scm.block.client.address is deprecated, For configuring different ports for each SCM use PortConfigKey ozone.scm.block.client.port appended with serviceId and nodeId
2021-11-15 13:26:03,233 [Listener at 0.0.0.0/14583] INFO  ha.SCMNodeInfo (SCMNodeInfo.java:getPort(197)) - ConfigKey ozone.scm.datanode.address is deprecated, For configuring different ports for each SCM use PortConfigKey ozone.scm.datanode.port appended with serviceId and nodeId
2021-11-15 13:26:03,233 [Listener at 0.0.0.0/14583] INFO  ha.SCMNodeInfo (SCMNodeInfo.java:getPort(197)) - ConfigKey ozone.scm.client.address is deprecated, For configuring different ports for each SCM use PortConfigKey ozone.scm.client.port appended with serviceId and nodeId
2021-11-15 13:26:03,233 [Listener at 0.0.0.0/14583] INFO  ha.SCMNodeInfo (SCMNodeInfo.java:getPort(197)) - ConfigKey ozone.scm.block.client.address is deprecated, For configuring different ports for each SCM use PortConfigKey ozone.scm.block.client.port appended with serviceId and nodeId
2021-11-15 13:26:03,233 [Listener at 0.0.0.0/14583] INFO  ha.SCMNodeInfo (SCMNodeInfo.java:getPort(197)) - ConfigKey ozone.scm.datanode.address is deprecated, For configuring different ports for each SCM use PortConfigKey ozone.scm.datanode.port appended with serviceId and nodeId
2021-11-15 13:26:03,233 [Listener at 0.0.0.0/14583] INFO  ha.SCMNodeInfo (SCMNodeInfo.java:getPort(197)) - ConfigKey ozone.scm.client.address is deprecated, For configuring different ports for each SCM use PortConfigKey ozone.scm.client.port appended with serviceId and nodeId
2021-11-15 13:26:03,233 [Listener at 0.0.0.0/14583] INFO  ha.SCMNodeInfo (SCMNodeInfo.java:getPort(197)) - ConfigKey ozone.scm.block.client.address is deprecated, For configuring different ports for each SCM use PortConfigKey ozone.scm.block.client.port appended with serviceId and nodeId
2021-11-15 13:26:03,233 [Listener at 0.0.0.0/14583] INFO  ha.SCMNodeInfo (SCMNodeInfo.java:getPort(197)) - ConfigKey ozone.scm.datanode.address is deprecated, For configuring different ports for each SCM use PortConfigKey ozone.scm.datanode.port appended with serviceId and nodeId
2021-11-15 13:26:03,235 [Listener at 0.0.0.0/14583] INFO  ha.SCMNodeInfo (SCMNodeInfo.java:getPort(197)) - ConfigKey ozone.scm.client.address is deprecated, For configuring different ports for each SCM use PortConfigKey ozone.scm.client.port appended with serviceId and nodeId
2021-11-15 13:26:03,235 [Listener at 0.0.0.0/14583] INFO  ha.SCMNodeInfo (SCMNodeInfo.java:getPort(197)) - ConfigKey ozone.scm.block.client.address is deprecated, For configuring different ports for each SCM use PortConfigKey ozone.scm.block.client.port appended with serviceId and nodeId
2021-11-15 13:26:03,235 [Listener at 0.0.0.0/14583] INFO  ha.SCMNodeInfo (SCMNodeInfo.java:getPort(197)) - ConfigKey ozone.scm.datanode.address is deprecated, For configuring different ports for each SCM use PortConfigKey ozone.scm.datanode.port appended with serviceId and nodeId
2021-11-15 13:26:03,235 [Listener at 0.0.0.0/14583] INFO  ha.SCMNodeInfo (SCMNodeInfo.java:getPort(197)) - ConfigKey ozone.scm.client.address is deprecated, For configuring different ports for each SCM use PortConfigKey ozone.scm.client.port appended with serviceId and nodeId
2021-11-15 13:26:03,235 [Listener at 0.0.0.0/14583] INFO  ha.SCMNodeInfo (SCMNodeInfo.java:getPort(197)) - ConfigKey ozone.scm.block.client.address is deprecated, For configuring different ports for each SCM use PortConfigKey ozone.scm.block.client.port appended with serviceId and nodeId
2021-11-15 13:26:03,236 [Listener at 0.0.0.0/14583] INFO  ha.SCMNodeInfo (SCMNodeInfo.java:getPort(197)) - ConfigKey ozone.scm.datanode.address is deprecated, For configuring different ports for each SCM use PortConfigKey ozone.scm.datanode.port appended with serviceId and nodeId
2021-11-15 13:26:03,236 [Listener at 0.0.0.0/14583] INFO  ha.SCMNodeInfo (SCMNodeInfo.java:getPort(197)) - ConfigKey ozone.scm.client.address is deprecated, For configuring different ports for each SCM use PortConfigKey ozone.scm.client.port appended with serviceId and nodeId
2021-11-15 13:26:03,236 [Listener at 0.0.0.0/14583] INFO  ha.SCMNodeInfo (SCMNodeInfo.java:getPort(197)) - ConfigKey ozone.scm.block.client.address is deprecated, For configuring different ports for each SCM use PortConfigKey ozone.scm.block.client.port appended with serviceId and nodeId
2021-11-15 13:26:03,236 [Listener at 0.0.0.0/14583] INFO  ha.SCMNodeInfo (SCMNodeInfo.java:getPort(197)) - ConfigKey ozone.scm.datanode.address is deprecated, For configuring different ports for each SCM use PortConfigKey ozone.scm.datanode.port appended with serviceId and nodeId
2021-11-15 13:26:03,249 [Listener at 0.0.0.0/14583] WARN  server.ServerUtils (ServerUtils.java:getDBPath(225)) - ozone.om.db.dirs is not configured. We recommend adding this setting. Falling back to ozone.metadata.dirs instead.
2021-11-15 13:26:03,249 [Listener at 0.0.0.0/14583] INFO  codec.OmKeyInfoCodec (OmKeyInfoCodec.java:<init>(50)) - OmKeyInfoCodec ignorePipeline = true
2021-11-15 13:26:03,250 [Listener at 0.0.0.0/14583] INFO  codec.RepeatedOmKeyInfoCodec (RepeatedOmKeyInfoCodec.java:<init>(42)) - RepeatedOmKeyInfoCodec ignorePipeline = true
2021-11-15 13:26:03,388 [EndpointStateMachine task thread for /127.0.0.1:14733 - 0 ] INFO  ipc.Client (Client.java:handleConnectionFailure(977)) - Retrying connect to server: localhost/127.0.0.1:14733. Already tried 5 time(s); retry policy is RetryUpToMaximumCountWithFixedSleep(maxRetries=15, sleepTime=1000 MILLISECONDS)
2021-11-15 13:26:03,388 [EndpointStateMachine task thread for /127.0.0.1:14723 - 0 ] INFO  ipc.Client (Client.java:handleConnectionFailure(977)) - Retrying connect to server: localhost/127.0.0.1:14723. Already tried 5 time(s); retry policy is RetryUpToMaximumCountWithFixedSleep(maxRetries=15, sleepTime=1000 MILLISECONDS)
2021-11-15 13:26:03,392 [EndpointStateMachine task thread for /127.0.0.1:14713 - 0 ] INFO  ipc.Client (Client.java:handleConnectionFailure(977)) - Retrying connect to server: localhost/127.0.0.1:14713. Already tried 5 time(s); retry policy is RetryUpToMaximumCountWithFixedSleep(maxRetries=15, sleepTime=1000 MILLISECONDS)
2021-11-15 13:26:03,496 [Listener at 0.0.0.0/14583] INFO  om.OzoneManager (OzoneManager.java:addS3GVolumeToDB(3457)) - Created Volume s3v With Owner runner required for S3Gateway operations.
2021-11-15 13:26:03,496 [Listener at 0.0.0.0/14583] WARN  server.ServerUtils (ServerUtils.java:getDefaultRatisDirectory(237)) - Storage directory for Ratis is not configured. It is a good idea to map this to an SSD disk. Falling back to ozone.metadata.dirs
2021-11-15 13:26:03,496 [Listener at 0.0.0.0/14583] WARN  utils.OzoneManagerRatisUtils (OzoneManagerRatisUtils.java:getOMRatisSnapshotDirectory(425)) - ozone.om.ratis.snapshot.dir is not configured. Falling back to ozone.metadata.dirs config
2021-11-15 13:26:03,497 [Listener at 0.0.0.0/14583] WARN  impl.MetricRegistriesImpl (MetricRegistriesImpl.java:addReporterRegistration(111)) - New reporters are added after registries were created. Some metrics will be missing from the reporter. Please add reporter before adding any new registry.
2021-11-15 13:26:03,498 [Listener at 0.0.0.0/14583] WARN  impl.MetricRegistriesImpl (MetricRegistriesImpl.java:addReporterRegistration(111)) - New reporters are added after registries were created. Some metrics will be missing from the reporter. Please add reporter before adding any new registry.
2021-11-15 13:26:03,498 [Listener at 0.0.0.0/14583] WARN  server.ServerUtils (ServerUtils.java:getDefaultRatisDirectory(237)) - Storage directory for Ratis is not configured. It is a good idea to map this to an SSD disk. Falling back to ozone.metadata.dirs
2021-11-15 13:26:03,499 [Listener at 0.0.0.0/14583] INFO  ratis.OzoneManagerRatisServer (OzoneManagerRatisServer.java:<init>(159)) - Instantiating OM Ratis server with groupID: om-service-test1 and peers: localhost:13220
2021-11-15 13:26:03,503 [Listener at 0.0.0.0/14583] INFO  ratis.OzoneManagerStateMachine (OzoneManagerStateMachine.java:loadSnapshotInfoFromDB(605)) - LastAppliedIndex is set from TransactionInfo from OM DB as (t:0, i:~)
2021-11-15 13:26:03,514 [Listener at 0.0.0.0/14583] INFO  server.RaftServer (ConfUtils.java:logGet(44)) - raft.rpc.type = GRPC (default)
2021-11-15 13:26:03,514 [Listener at 0.0.0.0/14583] INFO  grpc.GrpcFactory (GrpcFactory.java:checkPooledByteBufAllocatorUseCacheForAllThreads(48)) - PERFORMANCE WARNING: useCacheForAllThreads is true that may cause Netty to create a lot garbage objects and, as a result, trigger GC.
	It is recommended to disable useCacheForAllThreads by setting -Dorg.apache.ratis.thirdparty.io.netty.allocator.useCacheForAllThreads=false in command line.
2021-11-15 13:26:03,514 [Listener at 0.0.0.0/14583] INFO  grpc.GrpcConfigKeys (ConfUtils.java:logGet(44)) - raft.grpc.admin.port = -1 (default)
2021-11-15 13:26:03,514 [Listener at 0.0.0.0/14583] INFO  grpc.GrpcConfigKeys (ConfUtils.java:logGet(44)) - raft.grpc.server.port = 13220 (custom)
2021-11-15 13:26:03,514 [Listener at 0.0.0.0/14583] INFO  grpc.GrpcConfigKeys (ConfUtils.java:logGet(44)) - raft.grpc.client.port = -1 (default)
2021-11-15 13:26:03,514 [Listener at 0.0.0.0/14583] INFO  grpc.GrpcConfigKeys (ConfUtils.java:logGet(44)) - raft.grpc.server.port = 13220 (custom)
2021-11-15 13:26:03,515 [Listener at 0.0.0.0/14583] INFO  grpc.GrpcConfigKeys (ConfUtils.java:logGet(44)) - raft.grpc.server.port = 13220 (custom)
2021-11-15 13:26:03,515 [Listener at 0.0.0.0/14583] INFO  server.GrpcService (ConfUtils.java:logGet(44)) - raft.grpc.message.size.max = 33554432 (custom)
2021-11-15 13:26:03,515 [Listener at 0.0.0.0/14583] INFO  server.RaftServerConfigKeys (ConfUtils.java:logGet(44)) - raft.server.log.appender.buffer.byte-limit = 33554432 (custom)
2021-11-15 13:26:03,515 [Listener at 0.0.0.0/14583] INFO  server.GrpcService (ConfUtils.java:logGet(44)) - raft.grpc.flow.control.window = 1MB (=1048576) (default)
2021-11-15 13:26:03,515 [Listener at 0.0.0.0/14583] INFO  server.RaftServerConfigKeys (ConfUtils.java:logGet(44)) - raft.server.rpc.request.timeout = 3000ms (default)
2021-11-15 13:26:03,516 [Listener at 0.0.0.0/14583] INFO  impl.DataStreamServerImpl (ConfUtils.java:logGet(44)) - raft.datastream.type = DISABLED (default)
2021-11-15 13:26:03,516 [Listener at 0.0.0.0/14583] INFO  server.RaftServerConfigKeys (ConfUtils.java:logGet(44)) - raft.server.rpc.slowness.timeout = 2s (custom)
2021-11-15 13:26:03,516 [Listener at 0.0.0.0/14583] INFO  server.RaftServerConfigKeys (ConfUtils.java:logGet(44)) - raft.server.leaderelection.leader.step-down.wait-time = 10s (default)
2021-11-15 13:26:03,516 [Listener at 0.0.0.0/14583] INFO  server.RaftServerConfigKeys (ConfUtils.java:logGet(44)) - raft.server.storage.dir = [/home/runner/work/ozone/ozone/hadoop-ozone/integration-test/target/test-dir/MiniOzoneClusterImpl-54fbe6a2-d836-4e9c-ac0d-22c475060fab/omNode-1/ratis] (custom)
2021-11-15 13:26:03,525 [Listener at 0.0.0.0/14583] INFO  server.RaftServer (RaftServerProxy.java:addNew(95)) - omNode-1: addNew group-523986131536:[omNode-1|rpc:localhost:13220|priority:0] returns group-523986131536:java.util.concurrent.CompletableFuture@46c38d77[Not completed]
2021-11-15 13:26:03,525 [Listener at 0.0.0.0/14583] INFO  om.OzoneManager (OzoneManager.java:initializeRatisServer(1639)) - OzoneManager Ratis server initialized at port 13220
2021-11-15 13:26:03,526 [Listener at 0.0.0.0/14583] INFO  ipc.CallQueueManager (CallQueueManager.java:<init>(90)) - Using callQueue: class java.util.concurrent.LinkedBlockingQueue, queueCapacity: 2000, scheduler: class org.apache.hadoop.ipc.DefaultRpcScheduler, ipcBackoff: false.
2021-11-15 13:26:03,529 [pool-281-thread-1] INFO  server.RaftServer$Division (RaftServerImpl.java:<init>(184)) - omNode-1: new RaftServerImpl for group-523986131536:[omNode-1|rpc:localhost:13220|priority:0] with OzoneManagerStateMachine:uninitialized
2021-11-15 13:26:03,534 [Socket Reader #1 for port 13216] INFO  ipc.Server (Server.java:run(1265)) - Starting Socket Reader #1 for port 13216
2021-11-15 13:26:03,542 [pool-281-thread-1] INFO  server.RaftServerConfigKeys (ConfUtils.java:logGet(44)) - raft.server.rpc.timeout.min = 1s (custom)
2021-11-15 13:26:03,542 [pool-281-thread-1] INFO  server.RaftServerConfigKeys (ConfUtils.java:logGet(44)) - raft.server.rpc.timeout.max = 1200ms (custom)
2021-11-15 13:26:03,542 [pool-281-thread-1] INFO  server.RaftServerConfigKeys (ConfUtils.java:logGet(44)) - raft.server.rpc.sleep.time = 25ms (default)
2021-11-15 13:26:03,542 [pool-281-thread-1] INFO  server.RaftServerConfigKeys (ConfUtils.java:logGet(44)) - raft.server.rpc.slowness.timeout = 2s (custom)
2021-11-15 13:26:03,542 [pool-281-thread-1] INFO  server.RaftServerConfigKeys (ConfUtils.java:logGet(44)) - raft.server.leaderelection.leader.step-down.wait-time = 10s (default)
2021-11-15 13:26:03,542 [pool-281-thread-1] INFO  server.RaftServerConfigKeys (ConfUtils.java:logGet(44)) - raft.server.sleep.deviation.threshold = 300ms (default)
2021-11-15 13:26:03,542 [pool-281-thread-1] INFO  server.RaftServerConfigKeys (ConfUtils.java:logGet(44)) - raft.server.log.appender.install.snapshot.enabled = false (custom)
2021-11-15 13:26:03,542 [pool-281-thread-1] INFO  server.RaftServer$Division (ServerState.java:<init>(105)) - omNode-1@group-523986131536: ConfigurationManager, init=-1: [omNode-1|rpc:localhost:13220|priority:0], old=null, confs=<EMPTY_MAP>
2021-11-15 13:26:03,542 [pool-281-thread-1] INFO  server.RaftServerConfigKeys (ConfUtils.java:logGet(44)) - raft.server.storage.dir = [/home/runner/work/ozone/ozone/hadoop-ozone/integration-test/target/test-dir/MiniOzoneClusterImpl-54fbe6a2-d836-4e9c-ac0d-22c475060fab/omNode-1/ratis] (custom)
2021-11-15 13:26:03,542 [pool-281-thread-1] INFO  server.RaftServerConfigKeys (ConfUtils.java:logGet(44)) - raft.server.log.corruption.policy = EXCEPTION (default)
2021-11-15 13:26:03,542 [pool-281-thread-1] INFO  server.RaftServerConfigKeys (ConfUtils.java:logGet(44)) - raft.server.storage.free-space.min = 0MB (=0) (default)
2021-11-15 13:26:03,542 [pool-281-thread-1] INFO  storage.RaftStorageDirectory (RaftStorageDirectoryImpl.java:analyzeStorage(135)) - The storage directory /home/runner/work/ozone/ozone/hadoop-ozone/integration-test/target/test-dir/MiniOzoneClusterImpl-54fbe6a2-d836-4e9c-ac0d-22c475060fab/omNode-1/ratis/c9bc4cf4-3bc3-3c60-a66b-523986131536 does not exist. Creating ...
2021-11-15 13:26:03,561 [pool-281-thread-1] INFO  storage.RaftStorageDirectory (RaftStorageDirectoryImpl.java:tryLock(230)) - Lock on /home/runner/work/ozone/ozone/hadoop-ozone/integration-test/target/test-dir/MiniOzoneClusterImpl-54fbe6a2-d836-4e9c-ac0d-22c475060fab/omNode-1/ratis/c9bc4cf4-3bc3-3c60-a66b-523986131536/in_use.lock acquired by nodename 23543@fv-az151-339
2021-11-15 13:26:03,569 [Listener at 127.0.0.1/13216] INFO  om.OzoneManager (OzoneManager.java:initFSOLayout(3662)) - Configured ozone.om.metadata.layout=SIMPLE and disabled optimized OM FS operations
2021-11-15 13:26:03,569 [Listener at 127.0.0.1/13216] INFO  impl.MetricsSystemImpl (MetricsSystemImpl.java:init(158)) - OzoneManager metrics system started (again)
2021-11-15 13:26:03,572 [pool-281-thread-1] INFO  storage.RaftStorage (RaftStorageImpl.java:format(89)) - Storage directory /home/runner/work/ozone/ozone/hadoop-ozone/integration-test/target/test-dir/MiniOzoneClusterImpl-54fbe6a2-d836-4e9c-ac0d-22c475060fab/omNode-1/ratis/c9bc4cf4-3bc3-3c60-a66b-523986131536 has been successfully formatted.
2021-11-15 13:26:03,572 [pool-281-thread-1] INFO  server.RaftServerConfigKeys (ConfUtils.java:logGet(44)) - raft.server.notification.no-leader.timeout = 2s (custom)
2021-11-15 13:26:03,572 [pool-281-thread-1] INFO  server.RaftServerConfigKeys (ConfUtils.java:logGet(44)) - raft.server.log.use.memory = false (default)
2021-11-15 13:26:03,572 [pool-281-thread-1] INFO  server.RaftServerConfigKeys (ConfUtils.java:logGet(44)) - raft.server.log.purge.gap = 1000000 (custom)
2021-11-15 13:26:03,572 [pool-281-thread-1] INFO  server.RaftServerConfigKeys (ConfUtils.java:logGet(44)) - raft.server.log.appender.buffer.byte-limit = 33554432 (custom)
2021-11-15 13:26:03,572 [pool-281-thread-1] INFO  server.RaftServerConfigKeys (ConfUtils.java:logGet(44)) - raft.server.log.segment.size.max = 4194304 (custom)
2021-11-15 13:26:03,573 [pool-281-thread-1] INFO  server.RaftServerConfigKeys (ConfUtils.java:logGet(44)) - raft.server.log.segment.cache.num.max = 2 (custom)
2021-11-15 13:26:03,573 [pool-281-thread-1] INFO  server.RaftServerConfigKeys (ConfUtils.java:logGet(44)) - raft.server.log.segment.cache.size.max = 200MB (=209715200) (default)
2021-11-15 13:26:03,573 [pool-281-thread-1] INFO  segmented.SegmentedRaftLogWorker (SegmentedRaftLogWorker.java:<init>(182)) - new omNode-1@group-523986131536-SegmentedRaftLogWorker for RaftStorageImpl:Storage Directory /home/runner/work/ozone/ozone/hadoop-ozone/integration-test/target/test-dir/MiniOzoneClusterImpl-54fbe6a2-d836-4e9c-ac0d-22c475060fab/omNode-1/ratis/c9bc4cf4-3bc3-3c60-a66b-523986131536
2021-11-15 13:26:03,573 [pool-281-thread-1] INFO  server.RaftServerConfigKeys (ConfUtils.java:logGet(44)) - raft.server.log.queue.byte-limit = 64MB (=67108864) (default)
2021-11-15 13:26:03,573 [pool-281-thread-1] INFO  server.RaftServerConfigKeys (ConfUtils.java:logGet(44)) - raft.server.log.queue.element-limit = 4096 (default)
2021-11-15 13:26:03,573 [pool-281-thread-1] INFO  server.RaftServerConfigKeys (ConfUtils.java:logGet(44)) - raft.server.log.segment.size.max = 4194304 (custom)
2021-11-15 13:26:03,573 [pool-281-thread-1] INFO  server.RaftServerConfigKeys (ConfUtils.java:logGet(44)) - raft.server.log.preallocated.size = 4194304 (custom)
2021-11-15 13:26:03,573 [pool-281-thread-1] INFO  server.RaftServerConfigKeys (ConfUtils.java:logGet(44)) - raft.server.log.force.sync.num = 128 (default)
2021-11-15 13:26:03,573 [pool-281-thread-1] INFO  server.RaftServerConfigKeys (ConfUtils.java:logGet(44)) - raft.server.log.statemachine.data.sync = true (default)
2021-11-15 13:26:03,573 [pool-281-thread-1] INFO  server.RaftServerConfigKeys (ConfUtils.java:logGet(44)) - raft.server.log.statemachine.data.sync.timeout = 10s (default)
2021-11-15 13:26:03,573 [pool-281-thread-1] INFO  server.RaftServerConfigKeys (ConfUtils.java:logGet(44)) - raft.server.log.statemachine.data.sync.timeout.retry = -1 (default)
2021-11-15 13:26:03,574 [pool-281-thread-1] INFO  server.RaftServerConfigKeys (ConfUtils.java:logGet(44)) - raft.server.log.write.buffer.size = 64KB (=65536) (default)
2021-11-15 13:26:03,574 [pool-281-thread-1] INFO  server.RaftServerConfigKeys (ConfUtils.java:logGet(44)) - raft.server.log.statemachine.data.caching.enabled = false (default)
2021-11-15 13:26:03,574 [pool-281-thread-1] INFO  segmented.SegmentedRaftLogWorker (SegmentedRaftLogWorker.java:lambda$new$0(133)) - omNode-1@group-523986131536-SegmentedRaftLogWorker: flushIndex: setUnconditionally 0 -> -1
2021-11-15 13:26:03,574 [pool-281-thread-1] INFO  segmented.SegmentedRaftLogWorker (SegmentedRaftLogWorker.java:lambda$new$0(133)) - omNode-1@group-523986131536-SegmentedRaftLogWorker: safeCacheEvictIndex: setUnconditionally 0 -> -1
2021-11-15 13:26:03,582 [pool-281-thread-1] INFO  server.RaftServerConfigKeys (ConfUtils.java:logGet(44)) - raft.server.snapshot.auto.trigger.enabled = true (custom)
2021-11-15 13:26:03,582 [pool-281-thread-1] INFO  server.RaftServerConfigKeys (ConfUtils.java:logGet(44)) - raft.server.snapshot.auto.trigger.threshold = 400000 (default)
2021-11-15 13:26:03,582 [pool-281-thread-1] INFO  server.RaftServerConfigKeys (ConfUtils.java:logGet(44)) - raft.server.snapshot.retention.file.num = -1 (default)
2021-11-15 13:26:03,582 [pool-281-thread-1] INFO  server.RaftServerConfigKeys (ConfUtils.java:logGet(44)) - raft.server.log.purge.upto.snapshot.index = true (custom)
2021-11-15 13:26:03,583 [pool-281-thread-1] INFO  server.RaftServerConfigKeys (ConfUtils.java:logGet(44)) - raft.server.retrycache.expirytime = 300s (custom)
2021-11-15 13:26:03,583 [pool-281-thread-1] INFO  server.RaftServerConfigKeys (ConfUtils.java:logGet(44)) - raft.server.retrycache.statistics.expirytime = 100μs (default)
2021-11-15 13:26:03,590 [Listener at 127.0.0.1/13216] INFO  om.OzoneManager (OzoneManager.java:start(1323)) - OzoneManager RPC server is listening at localhost/127.0.0.1:13216
2021-11-15 13:26:03,590 [Listener at 127.0.0.1/13216] INFO  ratis.OzoneManagerRatisServer (OzoneManagerRatisServer.java:start(522)) - Starting OzoneManagerRatisServer omNode-1 at port 13220
2021-11-15 13:26:03,590 [Listener at 127.0.0.1/13216] INFO  server.RaftServer$Division (RaftServerImpl.java:start(301)) - omNode-1@group-523986131536: start as a follower, conf=-1: [omNode-1|rpc:localhost:13220|priority:0], old=null
2021-11-15 13:26:03,590 [Listener at 127.0.0.1/13216] INFO  server.RaftServer$Division (RaftServerImpl.java:setRole(290)) - omNode-1@group-523986131536: changes role from      null to FOLLOWER at term 0 for startAsFollower
2021-11-15 13:26:03,591 [Listener at 127.0.0.1/13216] INFO  impl.RoleInfo (RoleInfo.java:updateAndGet(130)) - omNode-1: start omNode-1@group-523986131536-FollowerState
2021-11-15 13:26:03,591 [Listener at 127.0.0.1/13216] INFO  util.JmxRegister (JmxRegister.java:tryRegister(44)) - Successfully registered JMX Bean with object name Ratis:service=RaftServer,group=group-523986131536,id=omNode-1
2021-11-15 13:26:03,606 [Listener at 127.0.0.1/13216] INFO  server.RaftServer (RaftServerProxy.java:lambda$start$5(374)) - omNode-1: start RPC server
2021-11-15 13:26:03,606 [Listener at 127.0.0.1/13216] INFO  server.GrpcService (GrpcService.java:startImpl(253)) - omNode-1: GrpcService started, listening on 13220
2021-11-15 13:26:03,610 [Listener at 127.0.0.1/13216] INFO  om.OzoneManager (OzoneManager.java:start(1341)) - Version File has different layout version (0) than OM DB (null). That is expected if this OM has never been finalized to a newer layout version.
2021-11-15 13:26:03,610 [org.apache.ratis.util.JvmPauseMonitor$$Lambda$499/1445999733@7d8a546d] INFO  util.JvmPauseMonitor (JvmPauseMonitor.java:run(103)) - JvmPauseMonitor-omNode-1: Started
2021-11-15 13:26:03,635 [Listener at 127.0.0.1/13216] INFO  http.BaseHttpServer (BaseHttpServer.java:newHttpServer2BuilderForOzone(209)) - Starting Web-server for ozoneManager at: http://0.0.0.0:13218
2021-11-15 13:26:03,635 [Listener at 127.0.0.1/13216] INFO  http.BaseHttpServer (BaseHttpServer.java:<init>(107)) - Hadoop Security Enabled: false Ozone Security Enabled: false Ozone HTTP Security Enabled: false 
2021-11-15 13:26:03,636 [Listener at 127.0.0.1/13216] INFO  server.AuthenticationFilter (AuthenticationFilter.java:constructSecretProvider(240)) - Unable to initialize FileSignerSecretProvider, falling back to use random secrets.
2021-11-15 13:26:03,654 [Listener at 127.0.0.1/13216] WARN  http.HttpRequestLog (HttpRequestLog.java:getRequestLog(103)) - Jetty request log can only be enabled using Log4j
2021-11-15 13:26:03,655 [Listener at 127.0.0.1/13216] INFO  http.HttpServer2 (HttpServer2.java:addGlobalFilter(1030)) - Added global filter 'safety' (class=org.apache.hadoop.hdds.server.http.HttpServer2$QuotingInputFilter)
2021-11-15 13:26:03,656 [Listener at 127.0.0.1/13216] INFO  http.HttpServer2 (HttpServer2.java:addFilter(1006)) - Added filter static_user_filter (class=org.apache.hadoop.http.lib.StaticUserWebFilter$StaticUserFilter) to context ozoneManager
2021-11-15 13:26:03,656 [Listener at 127.0.0.1/13216] INFO  http.HttpServer2 (HttpServer2.java:addFilter(1014)) - Added filter static_user_filter (class=org.apache.hadoop.http.lib.StaticUserWebFilter$StaticUserFilter) to context static
2021-11-15 13:26:03,656 [Listener at 127.0.0.1/13216] INFO  http.HttpServer2 (HttpServer2.java:addFilter(1014)) - Added filter static_user_filter (class=org.apache.hadoop.http.lib.StaticUserWebFilter$StaticUserFilter) to context logs
2021-11-15 13:26:03,657 [Listener at 127.0.0.1/13216] INFO  http.HttpServer2 (HttpServer2.java:bindListener(1249)) - Jetty bound to port 13218
2021-11-15 13:26:03,657 [Listener at 127.0.0.1/13216] INFO  server.Server (Server.java:doStart(375)) - jetty-9.4.43.v20210629; built: 2021-06-30T11:07:22.254Z; git: 526006ecfa3af7f1a27ef3a288e2bef7ea9dd7e8; jvm 1.8.0_292-b10
2021-11-15 13:26:03,680 [Listener at 127.0.0.1/13216] INFO  server.session (DefaultSessionIdManager.java:doStart(334)) - DefaultSessionIdManager workerName=node0
2021-11-15 13:26:03,681 [Listener at 127.0.0.1/13216] INFO  server.session (DefaultSessionIdManager.java:doStart(339)) - No SessionScavenger set, using defaults
2021-11-15 13:26:03,681 [Listener at 127.0.0.1/13216] INFO  server.session (HouseKeeper.java:startScavenging(132)) - node0 Scavenging every 600000ms
2021-11-15 13:26:03,682 [Listener at 127.0.0.1/13216] INFO  handler.ContextHandler (ContextHandler.java:doStart(915)) - Started o.e.j.s.ServletContextHandler@443641bf{logs,/logs,file:///home/runner/work/ozone/ozone/hadoop-ozone/integration-test/target/log,AVAILABLE}
2021-11-15 13:26:03,682 [Listener at 127.0.0.1/13216] INFO  handler.ContextHandler (ContextHandler.java:doStart(915)) - Started o.e.j.s.ServletContextHandler@177c8d08{static,/static,file:///home/runner/work/ozone/ozone/hadoop-ozone/integration-test/target/test-classes/webapps/static,AVAILABLE}
2021-11-15 13:26:03,685 [Listener at 127.0.0.1/13216] INFO  handler.ContextHandler (ContextHandler.java:doStart(915)) - Started o.e.j.w.WebAppContext@6779cba3{ozoneManager,/,file:///home/runner/work/ozone/ozone/hadoop-ozone/integration-test/target/test-classes/webapps/ozoneManager/,AVAILABLE}{file:/home/runner/work/ozone/ozone/hadoop-ozone/integration-test/target/test-classes/webapps/ozoneManager}
2021-11-15 13:26:03,690 [Listener at 127.0.0.1/13216] INFO  server.AbstractConnector (AbstractConnector.java:doStart(331)) - Started ServerConnector@1085fad8{HTTP/1.1, (http/1.1)}{0.0.0.0:13218}
2021-11-15 13:26:03,690 [Listener at 127.0.0.1/13216] INFO  server.Server (Server.java:doStart(415)) - Started @85543ms
2021-11-15 13:26:03,691 [Listener at 127.0.0.1/13216] WARN  impl.MetricsSystemImpl (MetricsSystemImpl.java:register(279)) - Sink prometheus already exists!
2021-11-15 13:26:03,702 [Listener at 127.0.0.1/13216] INFO  http.BaseHttpServer (BaseHttpServer.java:updateConnectorAddress(329)) - HTTP server of ozoneManager listening at http://0.0.0.0:13218
2021-11-15 13:26:03,707 [IPC Server Responder] INFO  ipc.Server (Server.java:run(1507)) - IPC Server Responder: starting
2021-11-15 13:26:03,710 [IPC Server listener on 13216] INFO  ipc.Server (Server.java:run(1344)) - IPC Server listener on 13216: starting
2021-11-15 13:26:03,725 [Listener at 127.0.0.1/13216] INFO  om.OzoneManager (OzoneManager.java:startTrashEmptier(1597)) - Trash Interval set to 0. Files deleted will not move to trash
2021-11-15 13:26:03,726 [Listener at 127.0.0.1/13216] INFO  ozone.MiniOzoneHAClusterImpl (MiniOzoneHAClusterImpl.java:createOMService(485)) - Started OzoneManager omNode-1 RPC server at localhost/127.0.0.1:13216
2021-11-15 13:26:03,736 [Listener at 127.0.0.1/13216] WARN  impl.MetricRegistriesImpl (MetricRegistriesImpl.java:addReporterRegistration(111)) - New reporters are added after registries were created. Some metrics will be missing from the reporter. Please add reporter before adding any new registry.
2021-11-15 13:26:03,737 [Listener at 127.0.0.1/13216] WARN  impl.MetricRegistriesImpl (MetricRegistriesImpl.java:addReporterRegistration(111)) - New reporters are added after registries were created. Some metrics will be missing from the reporter. Please add reporter before adding any new registry.
2021-11-15 13:26:03,737 [Listener at 127.0.0.1/13216] INFO  impl.MetricsSystemImpl (MetricsSystemImpl.java:init(158)) - HddsDatanode metrics system started (again)
2021-11-15 13:26:03,748 [org.apache.hadoop.util.JvmPauseMonitor$Monitor@39eb50b3] INFO  util.JvmPauseMonitor (JvmPauseMonitor.java:run(188)) - Starting JVM pause monitor
2021-11-15 13:26:03,779 [Listener at 127.0.0.1/13216] INFO  ozone.HddsDatanodeService (HddsDatanodeService.java:start(234)) - HddsDatanodeService host:fv-az151-339.yf2hydr00wburbhx3j5hxtcipe.bx.internal.cloudapp.net ip:10.1.0.55
2021-11-15 13:26:03,830 [Listener at 127.0.0.1/13216] INFO  upgrade.AbstractLayoutVersionManager (AbstractLayoutVersionManager.java:init(79)) - Initializing Layout version manager with metadata layout = SCM_HA (version = 2), software layout = SCM_HA (version = 2)
2021-11-15 13:26:03,908 [Listener at 127.0.0.1/13216] INFO  reflections.Reflections (Reflections.java:scan(232)) - Reflections took 76 ms to scan 7 urls, producing 119 keys and 279 values 
2021-11-15 13:26:03,910 [Listener at 127.0.0.1/13216] INFO  ha.SCMNodeInfo (SCMNodeInfo.java:getPort(197)) - ConfigKey ozone.scm.client.address is deprecated, For configuring different ports for each SCM use PortConfigKey ozone.scm.client.port appended with serviceId and nodeId
2021-11-15 13:26:03,910 [Listener at 127.0.0.1/13216] INFO  ha.SCMNodeInfo (SCMNodeInfo.java:getPort(197)) - ConfigKey ozone.scm.block.client.address is deprecated, For configuring different ports for each SCM use PortConfigKey ozone.scm.block.client.port appended with serviceId and nodeId
2021-11-15 13:26:03,910 [Listener at 127.0.0.1/13216] INFO  ha.SCMNodeInfo (SCMNodeInfo.java:getPort(197)) - ConfigKey ozone.scm.datanode.address is deprecated, For configuring different ports for each SCM use PortConfigKey ozone.scm.datanode.port appended with serviceId and nodeId
2021-11-15 13:26:03,910 [Listener at 127.0.0.1/13216] INFO  ha.SCMNodeInfo (SCMNodeInfo.java:getPort(197)) - ConfigKey ozone.scm.client.address is deprecated, For configuring different ports for each SCM use PortConfigKey ozone.scm.client.port appended with serviceId and nodeId
2021-11-15 13:26:03,911 [Listener at 127.0.0.1/13216] INFO  ha.SCMNodeInfo (SCMNodeInfo.java:getPort(197)) - ConfigKey ozone.scm.block.client.address is deprecated, For configuring different ports for each SCM use PortConfigKey ozone.scm.block.client.port appended with serviceId and nodeId
2021-11-15 13:26:03,911 [Listener at 127.0.0.1/13216] INFO  ha.SCMNodeInfo (SCMNodeInfo.java:getPort(197)) - ConfigKey ozone.scm.datanode.address is deprecated, For configuring different ports for each SCM use PortConfigKey ozone.scm.datanode.port appended with serviceId and nodeId
2021-11-15 13:26:03,911 [Listener at 127.0.0.1/13216] INFO  ha.SCMNodeInfo (SCMNodeInfo.java:getPort(197)) - ConfigKey ozone.scm.client.address is deprecated, For configuring different ports for each SCM use PortConfigKey ozone.scm.client.port appended with serviceId and nodeId
2021-11-15 13:26:03,911 [Listener at 127.0.0.1/13216] INFO  ha.SCMNodeInfo (SCMNodeInfo.java:getPort(197)) - ConfigKey ozone.scm.block.client.address is deprecated, For configuring different ports for each SCM use PortConfigKey ozone.scm.block.client.port appended with serviceId and nodeId
2021-11-15 13:26:03,911 [Listener at 127.0.0.1/13216] INFO  ha.SCMNodeInfo (SCMNodeInfo.java:getPort(197)) - ConfigKey ozone.scm.datanode.address is deprecated, For configuring different ports for each SCM use PortConfigKey ozone.scm.datanode.port appended with serviceId and nodeId
2021-11-15 13:26:03,911 [Listener at 127.0.0.1/13216] INFO  statemachine.DatanodeStateMachine (DatanodeStateMachine.java:getEndPointTaskThreadPoolSize(219)) - Datanode State Machine Task Thread Pool size 4
2021-11-15 13:26:03,915 [Listener at 127.0.0.1/13216] INFO  volume.HddsVolume (HddsVolume.java:<init>(120)) - Creating HddsVolume: /home/runner/work/ozone/ozone/hadoop-ozone/integration-test/target/test-dir/MiniOzoneClusterImpl-54fbe6a2-d836-4e9c-ac0d-22c475060fab/datanode-0/data-0/containers/hdds of storage type : DISK capacity : 9223372036854775807
2021-11-15 13:26:03,915 [Listener at 127.0.0.1/13216] INFO  volume.MutableVolumeSet (MutableVolumeSet.java:initializeVolumeSet(168)) - Added Volume : /home/runner/work/ozone/ozone/hadoop-ozone/integration-test/target/test-dir/MiniOzoneClusterImpl-54fbe6a2-d836-4e9c-ac0d-22c475060fab/datanode-0/data-0/containers/hdds to VolumeSet
2021-11-15 13:26:03,915 [Listener at 127.0.0.1/13216] INFO  volume.ThrottledAsyncChecker (ThrottledAsyncChecker.java:schedule(141)) - Scheduling a check for /home/runner/work/ozone/ozone/hadoop-ozone/integration-test/target/test-dir/MiniOzoneClusterImpl-54fbe6a2-d836-4e9c-ac0d-22c475060fab/datanode-0/data-0/containers/hdds
2021-11-15 13:26:03,926 [Listener at 127.0.0.1/13216] INFO  volume.StorageVolumeChecker (StorageVolumeChecker.java:checkAllVolumes(202)) - Scheduled health check for volume /home/runner/work/ozone/ozone/hadoop-ozone/integration-test/target/test-dir/MiniOzoneClusterImpl-54fbe6a2-d836-4e9c-ac0d-22c475060fab/datanode-0/data-0/containers/hdds
2021-11-15 13:26:03,954 [Listener at 127.0.0.1/13216] INFO  volume.MutableVolumeSet (MutableVolumeSet.java:initializeVolumeSet(168)) - Added Volume : /home/runner/work/ozone/ozone/hadoop-ozone/integration-test/target/test-dir/MiniOzoneClusterImpl-54fbe6a2-d836-4e9c-ac0d-22c475060fab/datanode-0/data/ratis to VolumeSet
2021-11-15 13:26:03,955 [Listener at 127.0.0.1/13216] INFO  volume.ThrottledAsyncChecker (ThrottledAsyncChecker.java:schedule(141)) - Scheduling a check for /home/runner/work/ozone/ozone/hadoop-ozone/integration-test/target/test-dir/MiniOzoneClusterImpl-54fbe6a2-d836-4e9c-ac0d-22c475060fab/datanode-0/data/ratis
2021-11-15 13:26:03,955 [Listener at 127.0.0.1/13216] INFO  volume.StorageVolumeChecker (StorageVolumeChecker.java:checkAllVolumes(202)) - Scheduled health check for volume /home/runner/work/ozone/ozone/hadoop-ozone/integration-test/target/test-dir/MiniOzoneClusterImpl-54fbe6a2-d836-4e9c-ac0d-22c475060fab/datanode-0/data/ratis
2021-11-15 13:26:04,005 [Thread-1427] INFO  ozoneimpl.ContainerReader (ContainerReader.java:readVolume(172)) - Finish verifying containers on volume /home/runner/work/ozone/ozone/hadoop-ozone/integration-test/target/test-dir/MiniOzoneClusterImpl-54fbe6a2-d836-4e9c-ac0d-22c475060fab/datanode-0/data-0/containers/hdds
2021-11-15 13:26:04,005 [Listener at 127.0.0.1/13216] INFO  ozoneimpl.OzoneContainer (OzoneContainer.java:buildContainerSet(236)) - Build ContainerSet costs 0s
2021-11-15 13:26:04,007 [Listener at 127.0.0.1/13216] INFO  server.RaftServer (ConfUtils.java:logGet(44)) - raft.rpc.type = GRPC (default)
2021-11-15 13:26:04,017 [Listener at 127.0.0.1/13216] INFO  grpc.GrpcFactory (GrpcFactory.java:checkPooledByteBufAllocatorUseCacheForAllThreads(48)) - PERFORMANCE WARNING: useCacheForAllThreads is true that may cause Netty to create a lot garbage objects and, as a result, trigger GC.
	It is recommended to disable useCacheForAllThreads by setting -Dorg.apache.ratis.thirdparty.io.netty.allocator.useCacheForAllThreads=false in command line.
2021-11-15 13:26:04,017 [Listener at 127.0.0.1/13216] INFO  grpc.GrpcConfigKeys (ConfUtils.java:logGet(44)) - raft.grpc.admin.port = 0 (custom)
2021-11-15 13:26:04,017 [Listener at 127.0.0.1/13216] INFO  grpc.GrpcConfigKeys (ConfUtils.java:logGet(44)) - raft.grpc.client.port = 0 (custom)
2021-11-15 13:26:04,017 [Listener at 127.0.0.1/13216] INFO  grpc.GrpcConfigKeys (ConfUtils.java:logGet(44)) - raft.grpc.server.port = 0 (default)
2021-11-15 13:26:04,017 [Listener at 127.0.0.1/13216] INFO  server.GrpcService (ConfUtils.java:logGet(44)) - raft.grpc.message.size.max = 32MB (=33554432) (custom)
2021-11-15 13:26:04,017 [Listener at 127.0.0.1/13216] INFO  server.RaftServerConfigKeys (ConfUtils.java:logGet(44)) - raft.server.log.appender.buffer.byte-limit = 33554432 (custom)
2021-11-15 13:26:04,018 [Listener at 127.0.0.1/13216] INFO  server.GrpcService (ConfUtils.java:logGet(44)) - raft.grpc.flow.control.window = 5MB (=5242880) (custom)
2021-11-15 13:26:04,018 [Listener at 127.0.0.1/13216] INFO  server.RaftServerConfigKeys (ConfUtils.java:logGet(44)) - raft.server.rpc.request.timeout = 60s (custom)
2021-11-15 13:26:04,023 [Listener at 127.0.0.1/13216] INFO  impl.DataStreamServerImpl (ConfUtils.java:logGet(44)) - raft.datastream.type = DISABLED (default)
2021-11-15 13:26:04,023 [Listener at 127.0.0.1/13216] INFO  server.RaftServerConfigKeys (ConfUtils.java:logGet(44)) - raft.server.rpc.slowness.timeout = 300s (custom)
2021-11-15 13:26:04,023 [Listener at 127.0.0.1/13216] INFO  server.RaftServerConfigKeys (ConfUtils.java:logGet(44)) - raft.server.leaderelection.leader.step-down.wait-time = 10s (default)
2021-11-15 13:26:04,023 [Listener at 127.0.0.1/13216] INFO  server.RaftServerConfigKeys (ConfUtils.java:logGet(44)) - raft.server.storage.dir = [/home/runner/work/ozone/ozone/hadoop-ozone/integration-test/target/test-dir/MiniOzoneClusterImpl-54fbe6a2-d836-4e9c-ac0d-22c475060fab/datanode-0/data/ratis] (custom)
2021-11-15 13:26:04,034 [Listener at 127.0.0.1/13216] INFO  http.BaseHttpServer (BaseHttpServer.java:newHttpServer2BuilderForOzone(209)) - Starting Web-server for hddsDatanode at: http://0.0.0.0:0
2021-11-15 13:26:04,038 [Listener at 127.0.0.1/13216] INFO  http.BaseHttpServer (BaseHttpServer.java:<init>(107)) - Hadoop Security Enabled: false Ozone Security Enabled: false Ozone HTTP Security Enabled: false 
2021-11-15 13:26:04,039 [Listener at 127.0.0.1/13216] INFO  server.AuthenticationFilter (AuthenticationFilter.java:constructSecretProvider(240)) - Unable to initialize FileSignerSecretProvider, falling back to use random secrets.
2021-11-15 13:26:04,050 [Listener at 127.0.0.1/13216] WARN  http.HttpRequestLog (HttpRequestLog.java:getRequestLog(103)) - Jetty request log can only be enabled using Log4j
2021-11-15 13:26:04,051 [Listener at 127.0.0.1/13216] INFO  http.HttpServer2 (HttpServer2.java:addGlobalFilter(1030)) - Added global filter 'safety' (class=org.apache.hadoop.hdds.server.http.HttpServer2$QuotingInputFilter)
2021-11-15 13:26:04,051 [Listener at 127.0.0.1/13216] INFO  http.HttpServer2 (HttpServer2.java:addFilter(1006)) - Added filter static_user_filter (class=org.apache.hadoop.http.lib.StaticUserWebFilter$StaticUserFilter) to context hddsDatanode
2021-11-15 13:26:04,051 [Listener at 127.0.0.1/13216] INFO  http.HttpServer2 (HttpServer2.java:addFilter(1014)) - Added filter static_user_filter (class=org.apache.hadoop.http.lib.StaticUserWebFilter$StaticUserFilter) to context static
2021-11-15 13:26:04,051 [Listener at 127.0.0.1/13216] INFO  http.HttpServer2 (HttpServer2.java:addFilter(1014)) - Added filter static_user_filter (class=org.apache.hadoop.http.lib.StaticUserWebFilter$StaticUserFilter) to context logs
2021-11-15 13:26:04,052 [Listener at 127.0.0.1/13216] INFO  http.HttpServer2 (HttpServer2.java:bindListener(1249)) - Jetty bound to port 37623
2021-11-15 13:26:04,052 [Listener at 127.0.0.1/13216] INFO  server.Server (Server.java:doStart(375)) - jetty-9.4.43.v20210629; built: 2021-06-30T11:07:22.254Z; git: 526006ecfa3af7f1a27ef3a288e2bef7ea9dd7e8; jvm 1.8.0_292-b10
2021-11-15 13:26:04,105 [Listener at 127.0.0.1/13216] INFO  server.session (DefaultSessionIdManager.java:doStart(334)) - DefaultSessionIdManager workerName=node0
2021-11-15 13:26:04,105 [Listener at 127.0.0.1/13216] INFO  server.session (DefaultSessionIdManager.java:doStart(339)) - No SessionScavenger set, using defaults
2021-11-15 13:26:04,105 [Listener at 127.0.0.1/13216] INFO  server.session (HouseKeeper.java:startScavenging(132)) - node0 Scavenging every 600000ms
2021-11-15 13:26:04,123 [Listener at 127.0.0.1/13216] INFO  handler.ContextHandler (ContextHandler.java:doStart(915)) - Started o.e.j.s.ServletContextHandler@1dc0f59d{logs,/logs,file:///home/runner/work/ozone/ozone/hadoop-ozone/integration-test/target/log,AVAILABLE}
2021-11-15 13:26:04,124 [Listener at 127.0.0.1/13216] INFO  handler.ContextHandler (ContextHandler.java:doStart(915)) - Started o.e.j.s.ServletContextHandler@5fe29ea1{static,/static,jar:file:/home/runner/.m2/repository/org/apache/ozone/hdds-container-service/1.2.0-SNAPSHOT/hdds-container-service-1.2.0-SNAPSHOT.jar!/webapps/static,AVAILABLE}
2021-11-15 13:26:04,218 [Listener at 127.0.0.1/13216] INFO  handler.ContextHandler (ContextHandler.java:doStart(915)) - Started o.e.j.w.WebAppContext@ca024d8{hddsDatanode,/,file:///tmp/jetty-0_0_0_0-37623-hdds-container-service-1_2_0-SNAPSHOT_jar-_-any-6996411557984649701/webapp/,AVAILABLE}{jar:file:/home/runner/.m2/repository/org/apache/ozone/hdds-container-service/1.2.0-SNAPSHOT/hdds-container-service-1.2.0-SNAPSHOT.jar!/webapps/hddsDatanode}
2021-11-15 13:26:04,225 [Listener at 127.0.0.1/13216] INFO  server.AbstractConnector (AbstractConnector.java:doStart(331)) - Started ServerConnector@53c29dad{HTTP/1.1, (http/1.1)}{0.0.0.0:37623}
2021-11-15 13:26:04,225 [Listener at 127.0.0.1/13216] INFO  server.Server (Server.java:doStart(415)) - Started @86078ms
2021-11-15 13:26:04,225 [Listener at 127.0.0.1/13216] WARN  impl.MetricsSystemImpl (MetricsSystemImpl.java:register(279)) - Sink prometheus already exists!
2021-11-15 13:26:04,232 [Listener at 127.0.0.1/13216] INFO  http.BaseHttpServer (BaseHttpServer.java:updateConnectorAddress(329)) - HTTP server of hddsDatanode listening at http://0.0.0.0:37623
2021-11-15 13:26:04,236 [Listener at 127.0.0.1/13216] WARN  impl.MetricRegistriesImpl (MetricRegistriesImpl.java:addReporterRegistration(111)) - New reporters are added after registries were created. Some metrics will be missing from the reporter. Please add reporter before adding any new registry.
2021-11-15 13:26:04,236 [Listener at 127.0.0.1/13216] WARN  impl.MetricRegistriesImpl (MetricRegistriesImpl.java:addReporterRegistration(111)) - New reporters are added after registries were created. Some metrics will be missing from the reporter. Please add reporter before adding any new registry.
2021-11-15 13:26:04,236 [Listener at 127.0.0.1/13216] INFO  impl.MetricsSystemImpl (MetricsSystemImpl.java:init(158)) - HddsDatanode metrics system started (again)
2021-11-15 13:26:04,247 [Datanode State Machine Daemon Thread] INFO  statemachine.DatanodeStateMachine (DatanodeStateMachine.java:lambda$startDaemon$0(467)) - Ozone container server started.
2021-11-15 13:26:04,266 [org.apache.hadoop.util.JvmPauseMonitor$Monitor@653e7adf] INFO  util.JvmPauseMonitor (JvmPauseMonitor.java:run(188)) - Starting JVM pause monitor
2021-11-15 13:26:04,266 [Datanode State Machine Task Thread - 0] INFO  ha.SCMNodeInfo (SCMNodeInfo.java:getPort(197)) - ConfigKey ozone.scm.client.address is deprecated, For configuring different ports for each SCM use PortConfigKey ozone.scm.client.port appended with serviceId and nodeId
2021-11-15 13:26:04,266 [Datanode State Machine Task Thread - 0] INFO  ha.SCMNodeInfo (SCMNodeInfo.java:getPort(197)) - ConfigKey ozone.scm.block.client.address is deprecated, For configuring different ports for each SCM use PortConfigKey ozone.scm.block.client.port appended with serviceId and nodeId
2021-11-15 13:26:04,266 [Datanode State Machine Task Thread - 0] INFO  ha.SCMNodeInfo (SCMNodeInfo.java:getPort(197)) - ConfigKey ozone.scm.datanode.address is deprecated, For configuring different ports for each SCM use PortConfigKey ozone.scm.datanode.port appended with serviceId and nodeId
2021-11-15 13:26:04,267 [Datanode State Machine Task Thread - 0] INFO  ha.SCMNodeInfo (SCMNodeInfo.java:getPort(197)) - ConfigKey ozone.scm.client.address is deprecated, For configuring different ports for each SCM use PortConfigKey ozone.scm.client.port appended with serviceId and nodeId
2021-11-15 13:26:04,267 [Datanode State Machine Task Thread - 0] INFO  ha.SCMNodeInfo (SCMNodeInfo.java:getPort(197)) - ConfigKey ozone.scm.block.client.address is deprecated, For configuring different ports for each SCM use PortConfigKey ozone.scm.block.client.port appended with serviceId and nodeId
2021-11-15 13:26:04,267 [Datanode State Machine Task Thread - 0] INFO  ha.SCMNodeInfo (SCMNodeInfo.java:getPort(197)) - ConfigKey ozone.scm.datanode.address is deprecated, For configuring different ports for each SCM use PortConfigKey ozone.scm.datanode.port appended with serviceId and nodeId
2021-11-15 13:26:04,267 [Datanode State Machine Task Thread - 0] INFO  ha.SCMNodeInfo (SCMNodeInfo.java:getPort(197)) - ConfigKey ozone.scm.client.address is deprecated, For configuring different ports for each SCM use PortConfigKey ozone.scm.client.port appended with serviceId and nodeId
2021-11-15 13:26:04,267 [Datanode State Machine Task Thread - 0] INFO  ha.SCMNodeInfo (SCMNodeInfo.java:getPort(197)) - ConfigKey ozone.scm.block.client.address is deprecated, For configuring different ports for each SCM use PortConfigKey ozone.scm.block.client.port appended with serviceId and nodeId
2021-11-15 13:26:04,267 [Datanode State Machine Task Thread - 0] INFO  ha.SCMNodeInfo (SCMNodeInfo.java:getPort(197)) - ConfigKey ozone.scm.datanode.address is deprecated, For configuring different ports for each SCM use PortConfigKey ozone.scm.datanode.port appended with serviceId and nodeId
2021-11-15 13:26:04,268 [Datanode State Machine Task Thread - 0] INFO  datanode.InitDatanodeState (InitDatanodeState.java:persistContainerDatanodeDetails(145)) - DatanodeDetails is persisted to /home/runner/work/ozone/ozone/hadoop-ozone/integration-test/target/test-dir/MiniOzoneClusterImpl-54fbe6a2-d836-4e9c-ac0d-22c475060fab/datanode-0/meta/datanode.id
2021-11-15 13:26:04,286 [Listener at 127.0.0.1/13216] INFO  ozone.HddsDatanodeService (HddsDatanodeService.java:start(234)) - HddsDatanodeService host:fv-az151-339.yf2hydr00wburbhx3j5hxtcipe.bx.internal.cloudapp.net ip:10.1.0.55
2021-11-15 13:26:04,343 [Listener at 127.0.0.1/13216] INFO  upgrade.AbstractLayoutVersionManager (AbstractLayoutVersionManager.java:init(79)) - Initializing Layout version manager with metadata layout = SCM_HA (version = 2), software layout = SCM_HA (version = 2)
2021-11-15 13:26:04,388 [EndpointStateMachine task thread for /127.0.0.1:14733 - 0 ] INFO  ipc.Client (Client.java:handleConnectionFailure(977)) - Retrying connect to server: localhost/127.0.0.1:14733. Already tried 6 time(s); retry policy is RetryUpToMaximumCountWithFixedSleep(maxRetries=15, sleepTime=1000 MILLISECONDS)
2021-11-15 13:26:04,390 [EndpointStateMachine task thread for /127.0.0.1:14723 - 0 ] INFO  ipc.Client (Client.java:handleConnectionFailure(977)) - Retrying connect to server: localhost/127.0.0.1:14723. Already tried 6 time(s); retry policy is RetryUpToMaximumCountWithFixedSleep(maxRetries=15, sleepTime=1000 MILLISECONDS)
2021-11-15 13:26:04,392 [EndpointStateMachine task thread for /127.0.0.1:14713 - 0 ] INFO  ipc.Client (Client.java:handleConnectionFailure(977)) - Retrying connect to server: localhost/127.0.0.1:14713. Already tried 6 time(s); retry policy is RetryUpToMaximumCountWithFixedSleep(maxRetries=15, sleepTime=1000 MILLISECONDS)
2021-11-15 13:26:04,434 [Listener at 127.0.0.1/13216] INFO  reflections.Reflections (Reflections.java:scan(232)) - Reflections took 89 ms to scan 7 urls, producing 119 keys and 279 values 
2021-11-15 13:26:04,438 [Listener at 127.0.0.1/13216] INFO  ha.SCMNodeInfo (SCMNodeInfo.java:getPort(197)) - ConfigKey ozone.scm.client.address is deprecated, For configuring different ports for each SCM use PortConfigKey ozone.scm.client.port appended with serviceId and nodeId
2021-11-15 13:26:04,438 [Listener at 127.0.0.1/13216] INFO  ha.SCMNodeInfo (SCMNodeInfo.java:getPort(197)) - ConfigKey ozone.scm.block.client.address is deprecated, For configuring different ports for each SCM use PortConfigKey ozone.scm.block.client.port appended with serviceId and nodeId
2021-11-15 13:26:04,438 [Listener at 127.0.0.1/13216] INFO  ha.SCMNodeInfo (SCMNodeInfo.java:getPort(197)) - ConfigKey ozone.scm.datanode.address is deprecated, For configuring different ports for each SCM use PortConfigKey ozone.scm.datanode.port appended with serviceId and nodeId
2021-11-15 13:26:04,438 [Listener at 127.0.0.1/13216] INFO  ha.SCMNodeInfo (SCMNodeInfo.java:getPort(197)) - ConfigKey ozone.scm.client.address is deprecated, For configuring different ports for each SCM use PortConfigKey ozone.scm.client.port appended with serviceId and nodeId
2021-11-15 13:26:04,438 [Listener at 127.0.0.1/13216] INFO  ha.SCMNodeInfo (SCMNodeInfo.java:getPort(197)) - ConfigKey ozone.scm.block.client.address is deprecated, For configuring different ports for each SCM use PortConfigKey ozone.scm.block.client.port appended with serviceId and nodeId
2021-11-15 13:26:04,438 [Listener at 127.0.0.1/13216] INFO  ha.SCMNodeInfo (SCMNodeInfo.java:getPort(197)) - ConfigKey ozone.scm.datanode.address is deprecated, For configuring different ports for each SCM use PortConfigKey ozone.scm.datanode.port appended with serviceId and nodeId
2021-11-15 13:26:04,438 [Listener at 127.0.0.1/13216] INFO  ha.SCMNodeInfo (SCMNodeInfo.java:getPort(197)) - ConfigKey ozone.scm.client.address is deprecated, For configuring different ports for each SCM use PortConfigKey ozone.scm.client.port appended with serviceId and nodeId
2021-11-15 13:26:04,439 [Listener at 127.0.0.1/13216] INFO  ha.SCMNodeInfo (SCMNodeInfo.java:getPort(197)) - ConfigKey ozone.scm.block.client.address is deprecated, For configuring different ports for each SCM use PortConfigKey ozone.scm.block.client.port appended with serviceId and nodeId
2021-11-15 13:26:04,439 [Listener at 127.0.0.1/13216] INFO  ha.SCMNodeInfo (SCMNodeInfo.java:getPort(197)) - ConfigKey ozone.scm.datanode.address is deprecated, For configuring different ports for each SCM use PortConfigKey ozone.scm.datanode.port appended with serviceId and nodeId
2021-11-15 13:26:04,439 [Listener at 127.0.0.1/13216] INFO  statemachine.DatanodeStateMachine (DatanodeStateMachine.java:getEndPointTaskThreadPoolSize(219)) - Datanode State Machine Task Thread Pool size 4
2021-11-15 13:26:04,454 [Listener at 127.0.0.1/13216] INFO  volume.HddsVolume (HddsVolume.java:<init>(120)) - Creating HddsVolume: /home/runner/work/ozone/ozone/hadoop-ozone/integration-test/target/test-dir/MiniOzoneClusterImpl-54fbe6a2-d836-4e9c-ac0d-22c475060fab/datanode-1/data-0/containers/hdds of storage type : DISK capacity : 9223372036854775807
2021-11-15 13:26:04,455 [Listener at 127.0.0.1/13216] INFO  volume.MutableVolumeSet (MutableVolumeSet.java:initializeVolumeSet(168)) - Added Volume : /home/runner/work/ozone/ozone/hadoop-ozone/integration-test/target/test-dir/MiniOzoneClusterImpl-54fbe6a2-d836-4e9c-ac0d-22c475060fab/datanode-1/data-0/containers/hdds to VolumeSet
2021-11-15 13:26:04,455 [Listener at 127.0.0.1/13216] INFO  volume.ThrottledAsyncChecker (ThrottledAsyncChecker.java:schedule(141)) - Scheduling a check for /home/runner/work/ozone/ozone/hadoop-ozone/integration-test/target/test-dir/MiniOzoneClusterImpl-54fbe6a2-d836-4e9c-ac0d-22c475060fab/datanode-1/data-0/containers/hdds
2021-11-15 13:26:04,455 [Listener at 127.0.0.1/13216] INFO  volume.StorageVolumeChecker (StorageVolumeChecker.java:checkAllVolumes(202)) - Scheduled health check for volume /home/runner/work/ozone/ozone/hadoop-ozone/integration-test/target/test-dir/MiniOzoneClusterImpl-54fbe6a2-d836-4e9c-ac0d-22c475060fab/datanode-1/data-0/containers/hdds
2021-11-15 13:26:04,475 [Listener at 127.0.0.1/13216] INFO  volume.MutableVolumeSet (MutableVolumeSet.java:initializeVolumeSet(168)) - Added Volume : /home/runner/work/ozone/ozone/hadoop-ozone/integration-test/target/test-dir/MiniOzoneClusterImpl-54fbe6a2-d836-4e9c-ac0d-22c475060fab/datanode-1/data/ratis to VolumeSet
2021-11-15 13:26:04,476 [Listener at 127.0.0.1/13216] INFO  volume.ThrottledAsyncChecker (ThrottledAsyncChecker.java:schedule(141)) - Scheduling a check for /home/runner/work/ozone/ozone/hadoop-ozone/integration-test/target/test-dir/MiniOzoneClusterImpl-54fbe6a2-d836-4e9c-ac0d-22c475060fab/datanode-1/data/ratis
2021-11-15 13:26:04,476 [Listener at 127.0.0.1/13216] INFO  volume.StorageVolumeChecker (StorageVolumeChecker.java:checkAllVolumes(202)) - Scheduled health check for volume /home/runner/work/ozone/ozone/hadoop-ozone/integration-test/target/test-dir/MiniOzoneClusterImpl-54fbe6a2-d836-4e9c-ac0d-22c475060fab/datanode-1/data/ratis
2021-11-15 13:26:04,508 [Thread-1439] INFO  ozoneimpl.ContainerReader (ContainerReader.java:readVolume(172)) - Finish verifying containers on volume /home/runner/work/ozone/ozone/hadoop-ozone/integration-test/target/test-dir/MiniOzoneClusterImpl-54fbe6a2-d836-4e9c-ac0d-22c475060fab/datanode-1/data-0/containers/hdds
2021-11-15 13:26:04,508 [Listener at 127.0.0.1/13216] INFO  ozoneimpl.OzoneContainer (OzoneContainer.java:buildContainerSet(236)) - Build ContainerSet costs 0s
2021-11-15 13:26:04,510 [Listener at 127.0.0.1/13216] INFO  server.RaftServer (ConfUtils.java:logGet(44)) - raft.rpc.type = GRPC (default)
2021-11-15 13:26:04,510 [Listener at 127.0.0.1/13216] INFO  grpc.GrpcFactory (GrpcFactory.java:checkPooledByteBufAllocatorUseCacheForAllThreads(48)) - PERFORMANCE WARNING: useCacheForAllThreads is true that may cause Netty to create a lot garbage objects and, as a result, trigger GC.
	It is recommended to disable useCacheForAllThreads by setting -Dorg.apache.ratis.thirdparty.io.netty.allocator.useCacheForAllThreads=false in command line.
2021-11-15 13:26:04,510 [Listener at 127.0.0.1/13216] INFO  grpc.GrpcConfigKeys (ConfUtils.java:logGet(44)) - raft.grpc.admin.port = 0 (custom)
2021-11-15 13:26:04,510 [Listener at 127.0.0.1/13216] INFO  grpc.GrpcConfigKeys (ConfUtils.java:logGet(44)) - raft.grpc.client.port = 0 (custom)
2021-11-15 13:26:04,511 [Listener at 127.0.0.1/13216] INFO  grpc.GrpcConfigKeys (ConfUtils.java:logGet(44)) - raft.grpc.server.port = 0 (default)
2021-11-15 13:26:04,511 [Listener at 127.0.0.1/13216] INFO  server.GrpcService (ConfUtils.java:logGet(44)) - raft.grpc.message.size.max = 32MB (=33554432) (custom)
2021-11-15 13:26:04,511 [Listener at 127.0.0.1/13216] INFO  server.RaftServerConfigKeys (ConfUtils.java:logGet(44)) - raft.server.log.appender.buffer.byte-limit = 33554432 (custom)
2021-11-15 13:26:04,511 [Listener at 127.0.0.1/13216] INFO  server.GrpcService (ConfUtils.java:logGet(44)) - raft.grpc.flow.control.window = 5MB (=5242880) (custom)
2021-11-15 13:26:04,511 [Listener at 127.0.0.1/13216] INFO  server.RaftServerConfigKeys (ConfUtils.java:logGet(44)) - raft.server.rpc.request.timeout = 60s (custom)
2021-11-15 13:26:04,512 [Listener at 127.0.0.1/13216] INFO  impl.DataStreamServerImpl (ConfUtils.java:logGet(44)) - raft.datastream.type = DISABLED (default)
2021-11-15 13:26:04,512 [Listener at 127.0.0.1/13216] INFO  server.RaftServerConfigKeys (ConfUtils.java:logGet(44)) - raft.server.rpc.slowness.timeout = 300s (custom)
2021-11-15 13:26:04,513 [Listener at 127.0.0.1/13216] INFO  server.RaftServerConfigKeys (ConfUtils.java:logGet(44)) - raft.server.leaderelection.leader.step-down.wait-time = 10s (default)
2021-11-15 13:26:04,513 [Listener at 127.0.0.1/13216] INFO  server.RaftServerConfigKeys (ConfUtils.java:logGet(44)) - raft.server.storage.dir = [/home/runner/work/ozone/ozone/hadoop-ozone/integration-test/target/test-dir/MiniOzoneClusterImpl-54fbe6a2-d836-4e9c-ac0d-22c475060fab/datanode-1/data/ratis] (custom)
2021-11-15 13:26:04,526 [Listener at 127.0.0.1/13216] INFO  http.BaseHttpServer (BaseHttpServer.java:newHttpServer2BuilderForOzone(209)) - Starting Web-server for hddsDatanode at: http://0.0.0.0:0
2021-11-15 13:26:04,526 [Listener at 127.0.0.1/13216] INFO  http.BaseHttpServer (BaseHttpServer.java:<init>(107)) - Hadoop Security Enabled: false Ozone Security Enabled: false Ozone HTTP Security Enabled: false 
2021-11-15 13:26:04,539 [Listener at 127.0.0.1/13216] INFO  server.AuthenticationFilter (AuthenticationFilter.java:constructSecretProvider(240)) - Unable to initialize FileSignerSecretProvider, falling back to use random secrets.
2021-11-15 13:26:04,556 [Listener at 127.0.0.1/13216] WARN  http.HttpRequestLog (HttpRequestLog.java:getRequestLog(103)) - Jetty request log can only be enabled using Log4j
2021-11-15 13:26:04,556 [Listener at 127.0.0.1/13216] INFO  http.HttpServer2 (HttpServer2.java:addGlobalFilter(1030)) - Added global filter 'safety' (class=org.apache.hadoop.hdds.server.http.HttpServer2$QuotingInputFilter)
2021-11-15 13:26:04,557 [Listener at 127.0.0.1/13216] INFO  http.HttpServer2 (HttpServer2.java:addFilter(1006)) - Added filter static_user_filter (class=org.apache.hadoop.http.lib.StaticUserWebFilter$StaticUserFilter) to context hddsDatanode
2021-11-15 13:26:04,557 [Listener at 127.0.0.1/13216] INFO  http.HttpServer2 (HttpServer2.java:addFilter(1014)) - Added filter static_user_filter (class=org.apache.hadoop.http.lib.StaticUserWebFilter$StaticUserFilter) to context static
2021-11-15 13:26:04,557 [Listener at 127.0.0.1/13216] INFO  http.HttpServer2 (HttpServer2.java:addFilter(1014)) - Added filter static_user_filter (class=org.apache.hadoop.http.lib.StaticUserWebFilter$StaticUserFilter) to context logs
2021-11-15 13:26:04,558 [Listener at 127.0.0.1/13216] INFO  http.HttpServer2 (HttpServer2.java:bindListener(1249)) - Jetty bound to port 32919
2021-11-15 13:26:04,559 [Listener at 127.0.0.1/13216] INFO  server.Server (Server.java:doStart(375)) - jetty-9.4.43.v20210629; built: 2021-06-30T11:07:22.254Z; git: 526006ecfa3af7f1a27ef3a288e2bef7ea9dd7e8; jvm 1.8.0_292-b10
2021-11-15 13:26:04,626 [Listener at 127.0.0.1/13216] INFO  server.session (DefaultSessionIdManager.java:doStart(334)) - DefaultSessionIdManager workerName=node0
2021-11-15 13:26:04,626 [Listener at 127.0.0.1/13216] INFO  server.session (DefaultSessionIdManager.java:doStart(339)) - No SessionScavenger set, using defaults
2021-11-15 13:26:04,626 [Listener at 127.0.0.1/13216] INFO  server.session (HouseKeeper.java:startScavenging(132)) - node0 Scavenging every 660000ms
2021-11-15 13:26:04,632 [Listener at 127.0.0.1/13216] INFO  handler.ContextHandler (ContextHandler.java:doStart(915)) - Started o.e.j.s.ServletContextHandler@d964a3d{logs,/logs,file:///home/runner/work/ozone/ozone/hadoop-ozone/integration-test/target/log,AVAILABLE}
2021-11-15 13:26:04,632 [Listener at 127.0.0.1/13216] INFO  handler.ContextHandler (ContextHandler.java:doStart(915)) - Started o.e.j.s.ServletContextHandler@5dcdaf17{static,/static,jar:file:/home/runner/.m2/repository/org/apache/ozone/hdds-container-service/1.2.0-SNAPSHOT/hdds-container-service-1.2.0-SNAPSHOT.jar!/webapps/static,AVAILABLE}
2021-11-15 13:26:04,738 [Listener at 127.0.0.1/13216] INFO  handler.ContextHandler (ContextHandler.java:doStart(915)) - Started o.e.j.w.WebAppContext@3bd1d3ae{hddsDatanode,/,file:///tmp/jetty-0_0_0_0-32919-hdds-container-service-1_2_0-SNAPSHOT_jar-_-any-7209251020578736627/webapp/,AVAILABLE}{jar:file:/home/runner/.m2/repository/org/apache/ozone/hdds-container-service/1.2.0-SNAPSHOT/hdds-container-service-1.2.0-SNAPSHOT.jar!/webapps/hddsDatanode}
2021-11-15 13:26:04,755 [omNode-1@group-523986131536-FollowerState] INFO  impl.FollowerState (FollowerState.java:run(134)) - omNode-1@group-523986131536-FollowerState: change to CANDIDATE, lastRpcElapsedTime:1164335539ns, electionTimeout:1153ms
2021-11-15 13:26:04,755 [omNode-1@group-523986131536-FollowerState] INFO  impl.RoleInfo (RoleInfo.java:shutdownFollowerState(108)) - omNode-1: shutdown omNode-1@group-523986131536-FollowerState
2021-11-15 13:26:04,755 [omNode-1@group-523986131536-FollowerState] INFO  server.RaftServer$Division (RaftServerImpl.java:setRole(290)) - omNode-1@group-523986131536: changes role from  FOLLOWER to CANDIDATE at term 0 for changeToCandidate
2021-11-15 13:26:04,755 [omNode-1@group-523986131536-FollowerState] INFO  server.RaftServerConfigKeys (ConfUtils.java:logGet(44)) - raft.server.leaderelection.pre-vote = false (custom)
2021-11-15 13:26:04,755 [omNode-1@group-523986131536-FollowerState] INFO  impl.RoleInfo (RoleInfo.java:updateAndGet(130)) - omNode-1: start omNode-1@group-523986131536-LeaderElection12
2021-11-15 13:26:04,762 [Listener at 127.0.0.1/13216] INFO  server.AbstractConnector (AbstractConnector.java:doStart(331)) - Started ServerConnector@1172a648{HTTP/1.1, (http/1.1)}{0.0.0.0:32919}
2021-11-15 13:26:04,771 [Listener at 127.0.0.1/13216] INFO  server.Server (Server.java:doStart(415)) - Started @86623ms
2021-11-15 13:26:04,771 [Listener at 127.0.0.1/13216] WARN  impl.MetricsSystemImpl (MetricsSystemImpl.java:register(279)) - Sink prometheus already exists!
2021-11-15 13:26:04,774 [Listener at 127.0.0.1/13216] INFO  http.BaseHttpServer (BaseHttpServer.java:updateConnectorAddress(329)) - HTTP server of hddsDatanode listening at http://0.0.0.0:32919
2021-11-15 13:26:04,781 [Listener at 127.0.0.1/13216] WARN  impl.MetricRegistriesImpl (MetricRegistriesImpl.java:addReporterRegistration(111)) - New reporters are added after registries were created. Some metrics will be missing from the reporter. Please add reporter before adding any new registry.
2021-11-15 13:26:04,781 [Listener at 127.0.0.1/13216] WARN  impl.MetricRegistriesImpl (MetricRegistriesImpl.java:addReporterRegistration(111)) - New reporters are added after registries were created. Some metrics will be missing from the reporter. Please add reporter before adding any new registry.
2021-11-15 13:26:04,781 [Listener at 127.0.0.1/13216] INFO  impl.MetricsSystemImpl (MetricsSystemImpl.java:init(158)) - HddsDatanode metrics system started (again)
2021-11-15 13:26:04,798 [Datanode State Machine Daemon Thread] INFO  statemachine.DatanodeStateMachine (DatanodeStateMachine.java:lambda$startDaemon$0(467)) - Ozone container server started.
2021-11-15 13:26:04,817 [Listener at 127.0.0.1/13216] INFO  ozone.HddsDatanodeService (HddsDatanodeService.java:start(234)) - HddsDatanodeService host:fv-az151-339.yf2hydr00wburbhx3j5hxtcipe.bx.internal.cloudapp.net ip:10.1.0.55
2021-11-15 13:26:04,818 [omNode-1@group-523986131536-LeaderElection12] INFO  impl.LeaderElection (LeaderElection.java:askForVotes(306)) - omNode-1@group-523986131536-LeaderElection12 ELECTION round 0: submit vote requests at term 1 for -1: [omNode-1|rpc:localhost:13220|priority:0], old=null
2021-11-15 13:26:04,822 [omNode-1@group-523986131536-LeaderElection12] INFO  impl.LeaderElection (LeaderElection.java:askForVotes(308)) - omNode-1@group-523986131536-LeaderElection12 ELECTION round 0: result PASSED (term=1)
2021-11-15 13:26:04,822 [omNode-1@group-523986131536-LeaderElection12] INFO  impl.RoleInfo (RoleInfo.java:shutdownLeaderElection(121)) - omNode-1: shutdown omNode-1@group-523986131536-LeaderElection12
2021-11-15 13:26:04,822 [omNode-1@group-523986131536-LeaderElection12] INFO  server.RaftServer$Division (RaftServerImpl.java:setRole(290)) - omNode-1@group-523986131536: changes role from CANDIDATE to LEADER at term 1 for changeToLeader
2021-11-15 13:26:04,822 [omNode-1@group-523986131536-LeaderElection12] INFO  server.RaftServer$Division (ServerState.java:setLeader(285)) - omNode-1@group-523986131536: change Leader from null to omNode-1 at term 1 for becomeLeader, leader elected after 1249ms
2021-11-15 13:26:04,822 [omNode-1@group-523986131536-LeaderElection12] INFO  server.RaftServerConfigKeys (ConfUtils.java:logGet(44)) - raft.server.staging.catchup.gap = 1000 (default)
2021-11-15 13:26:04,859 [omNode-1@group-523986131536-LeaderElection12] INFO  server.RaftServerConfigKeys (ConfUtils.java:logGet(44)) - raft.server.write.element-limit = 4096 (default)
2021-11-15 13:26:04,859 [omNode-1@group-523986131536-LeaderElection12] INFO  server.RaftServerConfigKeys (ConfUtils.java:logGet(44)) - raft.server.write.byte-limit = 64MB (=67108864) (default)
2021-11-15 13:26:04,859 [omNode-1@group-523986131536-LeaderElection12] INFO  server.RaftServerConfigKeys (ConfUtils.java:logGet(44)) - raft.server.watch.timeout = 10s (default)
2021-11-15 13:26:04,859 [omNode-1@group-523986131536-LeaderElection12] INFO  server.RaftServerConfigKeys (ConfUtils.java:logGet(44)) - raft.server.watch.timeout.denomination = 1s (default)
2021-11-15 13:26:04,859 [omNode-1@group-523986131536-LeaderElection12] INFO  server.RaftServerConfigKeys (ConfUtils.java:logGet(44)) - raft.server.watch.element-limit = 65536 (default)
2021-11-15 13:26:04,859 [omNode-1@group-523986131536-LeaderElection12] INFO  server.RaftServerConfigKeys (ConfUtils.java:logGet(44)) - raft.server.write.element-limit = 4096 (default)
2021-11-15 13:26:04,859 [omNode-1@group-523986131536-LeaderElection12] INFO  server.RaftServerConfigKeys (ConfUtils.java:logGet(44)) - raft.server.write.follower.gap.ratio.max = -1.0 (default)
2021-11-15 13:26:04,859 [omNode-1@group-523986131536-LeaderElection12] INFO  impl.RoleInfo (RoleInfo.java:updateAndGet(130)) - omNode-1: start omNode-1@group-523986131536-LeaderStateImpl
2021-11-15 13:26:04,860 [omNode-1@group-523986131536-LeaderElection12] INFO  segmented.SegmentedRaftLogWorker (SegmentedRaftLogWorker.java:startLogSegment(394)) - omNode-1@group-523986131536-SegmentedRaftLogWorker: Starting segment from index:0
2021-11-15 13:26:04,877 [omNode-1@group-523986131536-SegmentedRaftLogWorker] INFO  segmented.SegmentedRaftLogWorker (SegmentedRaftLogWorker.java:execute(601)) - omNode-1@group-523986131536-SegmentedRaftLogWorker: created new log segment /home/runner/work/ozone/ozone/hadoop-ozone/integration-test/target/test-dir/MiniOzoneClusterImpl-54fbe6a2-d836-4e9c-ac0d-22c475060fab/omNode-1/ratis/c9bc4cf4-3bc3-3c60-a66b-523986131536/current/log_inprogress_0
2021-11-15 13:26:04,877 [org.apache.hadoop.util.JvmPauseMonitor$Monitor@7565c9f9] INFO  util.JvmPauseMonitor (JvmPauseMonitor.java:run(188)) - Starting JVM pause monitor
2021-11-15 13:26:04,880 [omNode-1@group-523986131536-LeaderElection12] INFO  server.RaftServer$Division (ServerState.java:setRaftConf(387)) - omNode-1@group-523986131536: set configuration 0: [omNode-1|rpc:localhost:13220|admin:|client:|dataStream:|priority:0], old=null
2021-11-15 13:26:04,887 [omNode-1@group-523986131536-StateMachineUpdater] INFO  ratis.OzoneManagerStateMachine (OzoneManagerStateMachine.java:notifyConfigurationChanged(188)) - Received Configuration change notification from Ratis. New Peer list:
[id: "omNode-1"
address: "localhost:13220"
]
2021-11-15 13:26:04,888 [Datanode State Machine Task Thread - 0] INFO  ha.SCMNodeInfo (SCMNodeInfo.java:getPort(197)) - ConfigKey ozone.scm.client.address is deprecated, For configuring different ports for each SCM use PortConfigKey ozone.scm.client.port appended with serviceId and nodeId
2021-11-15 13:26:04,888 [Datanode State Machine Task Thread - 0] INFO  ha.SCMNodeInfo (SCMNodeInfo.java:getPort(197)) - ConfigKey ozone.scm.block.client.address is deprecated, For configuring different ports for each SCM use PortConfigKey ozone.scm.block.client.port appended with serviceId and nodeId
2021-11-15 13:26:04,888 [Datanode State Machine Task Thread - 0] INFO  ha.SCMNodeInfo (SCMNodeInfo.java:getPort(197)) - ConfigKey ozone.scm.datanode.address is deprecated, For configuring different ports for each SCM use PortConfigKey ozone.scm.datanode.port appended with serviceId and nodeId
2021-11-15 13:26:04,888 [Datanode State Machine Task Thread - 0] INFO  ha.SCMNodeInfo (SCMNodeInfo.java:getPort(197)) - ConfigKey ozone.scm.client.address is deprecated, For configuring different ports for each SCM use PortConfigKey ozone.scm.client.port appended with serviceId and nodeId
2021-11-15 13:26:04,888 [Datanode State Machine Task Thread - 0] INFO  ha.SCMNodeInfo (SCMNodeInfo.java:getPort(197)) - ConfigKey ozone.scm.block.client.address is deprecated, For configuring different ports for each SCM use PortConfigKey ozone.scm.block.client.port appended with serviceId and nodeId
2021-11-15 13:26:04,888 [Datanode State Machine Task Thread - 0] INFO  ha.SCMNodeInfo (SCMNodeInfo.java:getPort(197)) - ConfigKey ozone.scm.datanode.address is deprecated, For configuring different ports for each SCM use PortConfigKey ozone.scm.datanode.port appended with serviceId and nodeId
2021-11-15 13:26:04,888 [Datanode State Machine Task Thread - 0] INFO  ha.SCMNodeInfo (SCMNodeInfo.java:getPort(197)) - ConfigKey ozone.scm.client.address is deprecated, For configuring different ports for each SCM use PortConfigKey ozone.scm.client.port appended with serviceId and nodeId
2021-11-15 13:26:04,889 [Datanode State Machine Task Thread - 0] INFO  ha.SCMNodeInfo (SCMNodeInfo.java:getPort(197)) - ConfigKey ozone.scm.block.client.address is deprecated, For configuring different ports for each SCM use PortConfigKey ozone.scm.block.client.port appended with serviceId and nodeId
2021-11-15 13:26:04,889 [Datanode State Machine Task Thread - 0] INFO  ha.SCMNodeInfo (SCMNodeInfo.java:getPort(197)) - ConfigKey ozone.scm.datanode.address is deprecated, For configuring different ports for each SCM use PortConfigKey ozone.scm.datanode.port appended with serviceId and nodeId
2021-11-15 13:26:04,900 [Datanode State Machine Task Thread - 0] INFO  datanode.InitDatanodeState (InitDatanodeState.java:persistContainerDatanodeDetails(145)) - DatanodeDetails is persisted to /home/runner/work/ozone/ozone/hadoop-ozone/integration-test/target/test-dir/MiniOzoneClusterImpl-54fbe6a2-d836-4e9c-ac0d-22c475060fab/datanode-1/meta/datanode.id
2021-11-15 13:26:04,920 [Listener at 127.0.0.1/13216] INFO  upgrade.AbstractLayoutVersionManager (AbstractLayoutVersionManager.java:init(79)) - Initializing Layout version manager with metadata layout = SCM_HA (version = 2), software layout = SCM_HA (version = 2)
2021-11-15 13:26:05,025 [Listener at 127.0.0.1/13216] INFO  reflections.Reflections (Reflections.java:scan(232)) - Reflections took 103 ms to scan 7 urls, producing 119 keys and 279 values 
2021-11-15 13:26:05,034 [Listener at 127.0.0.1/13216] INFO  ha.SCMNodeInfo (SCMNodeInfo.java:getPort(197)) - ConfigKey ozone.scm.client.address is deprecated, For configuring different ports for each SCM use PortConfigKey ozone.scm.client.port appended with serviceId and nodeId
2021-11-15 13:26:05,034 [Listener at 127.0.0.1/13216] INFO  ha.SCMNodeInfo (SCMNodeInfo.java:getPort(197)) - ConfigKey ozone.scm.block.client.address is deprecated, For configuring different ports for each SCM use PortConfigKey ozone.scm.block.client.port appended with serviceId and nodeId
2021-11-15 13:26:05,034 [Listener at 127.0.0.1/13216] INFO  ha.SCMNodeInfo (SCMNodeInfo.java:getPort(197)) - ConfigKey ozone.scm.datanode.address is deprecated, For configuring different ports for each SCM use PortConfigKey ozone.scm.datanode.port appended with serviceId and nodeId
2021-11-15 13:26:05,034 [Listener at 127.0.0.1/13216] INFO  ha.SCMNodeInfo (SCMNodeInfo.java:getPort(197)) - ConfigKey ozone.scm.client.address is deprecated, For configuring different ports for each SCM use PortConfigKey ozone.scm.client.port appended with serviceId and nodeId
2021-11-15 13:26:05,034 [Listener at 127.0.0.1/13216] INFO  ha.SCMNodeInfo (SCMNodeInfo.java:getPort(197)) - ConfigKey ozone.scm.block.client.address is deprecated, For configuring different ports for each SCM use PortConfigKey ozone.scm.block.client.port appended with serviceId and nodeId
2021-11-15 13:26:05,034 [Listener at 127.0.0.1/13216] INFO  ha.SCMNodeInfo (SCMNodeInfo.java:getPort(197)) - ConfigKey ozone.scm.datanode.address is deprecated, For configuring different ports for each SCM use PortConfigKey ozone.scm.datanode.port appended with serviceId and nodeId
2021-11-15 13:26:05,034 [Listener at 127.0.0.1/13216] INFO  ha.SCMNodeInfo (SCMNodeInfo.java:getPort(197)) - ConfigKey ozone.scm.client.address is deprecated, For configuring different ports for each SCM use PortConfigKey ozone.scm.client.port appended with serviceId and nodeId
2021-11-15 13:26:05,034 [Listener at 127.0.0.1/13216] INFO  ha.SCMNodeInfo (SCMNodeInfo.java:getPort(197)) - ConfigKey ozone.scm.block.client.address is deprecated, For configuring different ports for each SCM use PortConfigKey ozone.scm.block.client.port appended with serviceId and nodeId
2021-11-15 13:26:05,034 [Listener at 127.0.0.1/13216] INFO  ha.SCMNodeInfo (SCMNodeInfo.java:getPort(197)) - ConfigKey ozone.scm.datanode.address is deprecated, For configuring different ports for each SCM use PortConfigKey ozone.scm.datanode.port appended with serviceId and nodeId
2021-11-15 13:26:05,035 [Listener at 127.0.0.1/13216] INFO  statemachine.DatanodeStateMachine (DatanodeStateMachine.java:getEndPointTaskThreadPoolSize(219)) - Datanode State Machine Task Thread Pool size 4
2021-11-15 13:26:05,054 [Listener at 127.0.0.1/13216] INFO  volume.HddsVolume (HddsVolume.java:<init>(120)) - Creating HddsVolume: /home/runner/work/ozone/ozone/hadoop-ozone/integration-test/target/test-dir/MiniOzoneClusterImpl-54fbe6a2-d836-4e9c-ac0d-22c475060fab/datanode-2/data-0/containers/hdds of storage type : DISK capacity : 9223372036854775807
2021-11-15 13:26:05,055 [Listener at 127.0.0.1/13216] INFO  volume.MutableVolumeSet (MutableVolumeSet.java:initializeVolumeSet(168)) - Added Volume : /home/runner/work/ozone/ozone/hadoop-ozone/integration-test/target/test-dir/MiniOzoneClusterImpl-54fbe6a2-d836-4e9c-ac0d-22c475060fab/datanode-2/data-0/containers/hdds to VolumeSet
2021-11-15 13:26:05,055 [Listener at 127.0.0.1/13216] INFO  volume.ThrottledAsyncChecker (ThrottledAsyncChecker.java:schedule(141)) - Scheduling a check for /home/runner/work/ozone/ozone/hadoop-ozone/integration-test/target/test-dir/MiniOzoneClusterImpl-54fbe6a2-d836-4e9c-ac0d-22c475060fab/datanode-2/data-0/containers/hdds
2021-11-15 13:26:05,066 [Listener at 127.0.0.1/13216] INFO  volume.StorageVolumeChecker (StorageVolumeChecker.java:checkAllVolumes(202)) - Scheduled health check for volume /home/runner/work/ozone/ozone/hadoop-ozone/integration-test/target/test-dir/MiniOzoneClusterImpl-54fbe6a2-d836-4e9c-ac0d-22c475060fab/datanode-2/data-0/containers/hdds
2021-11-15 13:26:05,088 [Listener at 127.0.0.1/13216] INFO  volume.MutableVolumeSet (MutableVolumeSet.java:initializeVolumeSet(168)) - Added Volume : /home/runner/work/ozone/ozone/hadoop-ozone/integration-test/target/test-dir/MiniOzoneClusterImpl-54fbe6a2-d836-4e9c-ac0d-22c475060fab/datanode-2/data/ratis to VolumeSet
2021-11-15 13:26:05,088 [Listener at 127.0.0.1/13216] INFO  volume.ThrottledAsyncChecker (ThrottledAsyncChecker.java:schedule(141)) - Scheduling a check for /home/runner/work/ozone/ozone/hadoop-ozone/integration-test/target/test-dir/MiniOzoneClusterImpl-54fbe6a2-d836-4e9c-ac0d-22c475060fab/datanode-2/data/ratis
2021-11-15 13:26:05,088 [Listener at 127.0.0.1/13216] INFO  volume.StorageVolumeChecker (StorageVolumeChecker.java:checkAllVolumes(202)) - Scheduled health check for volume /home/runner/work/ozone/ozone/hadoop-ozone/integration-test/target/test-dir/MiniOzoneClusterImpl-54fbe6a2-d836-4e9c-ac0d-22c475060fab/datanode-2/data/ratis
2021-11-15 13:26:05,118 [Thread-1454] INFO  ozoneimpl.ContainerReader (ContainerReader.java:readVolume(172)) - Finish verifying containers on volume /home/runner/work/ozone/ozone/hadoop-ozone/integration-test/target/test-dir/MiniOzoneClusterImpl-54fbe6a2-d836-4e9c-ac0d-22c475060fab/datanode-2/data-0/containers/hdds
2021-11-15 13:26:05,118 [Listener at 127.0.0.1/13216] INFO  ozoneimpl.OzoneContainer (OzoneContainer.java:buildContainerSet(236)) - Build ContainerSet costs 0s
2021-11-15 13:26:05,120 [Listener at 127.0.0.1/13216] INFO  server.RaftServer (ConfUtils.java:logGet(44)) - raft.rpc.type = GRPC (default)
2021-11-15 13:26:05,120 [Listener at 127.0.0.1/13216] INFO  grpc.GrpcFactory (GrpcFactory.java:checkPooledByteBufAllocatorUseCacheForAllThreads(48)) - PERFORMANCE WARNING: useCacheForAllThreads is true that may cause Netty to create a lot garbage objects and, as a result, trigger GC.
	It is recommended to disable useCacheForAllThreads by setting -Dorg.apache.ratis.thirdparty.io.netty.allocator.useCacheForAllThreads=false in command line.
2021-11-15 13:26:05,120 [Listener at 127.0.0.1/13216] INFO  grpc.GrpcConfigKeys (ConfUtils.java:logGet(44)) - raft.grpc.admin.port = 0 (custom)
2021-11-15 13:26:05,120 [Listener at 127.0.0.1/13216] INFO  grpc.GrpcConfigKeys (ConfUtils.java:logGet(44)) - raft.grpc.client.port = 0 (custom)
2021-11-15 13:26:05,120 [Listener at 127.0.0.1/13216] INFO  grpc.GrpcConfigKeys (ConfUtils.java:logGet(44)) - raft.grpc.server.port = 0 (default)
2021-11-15 13:26:05,121 [Listener at 127.0.0.1/13216] INFO  server.GrpcService (ConfUtils.java:logGet(44)) - raft.grpc.message.size.max = 32MB (=33554432) (custom)
2021-11-15 13:26:05,121 [Listener at 127.0.0.1/13216] INFO  server.RaftServerConfigKeys (ConfUtils.java:logGet(44)) - raft.server.log.appender.buffer.byte-limit = 33554432 (custom)
2021-11-15 13:26:05,121 [Listener at 127.0.0.1/13216] INFO  server.GrpcService (ConfUtils.java:logGet(44)) - raft.grpc.flow.control.window = 5MB (=5242880) (custom)
2021-11-15 13:26:05,121 [Listener at 127.0.0.1/13216] INFO  server.RaftServerConfigKeys (ConfUtils.java:logGet(44)) - raft.server.rpc.request.timeout = 60s (custom)
2021-11-15 13:26:05,122 [Listener at 127.0.0.1/13216] INFO  impl.DataStreamServerImpl (ConfUtils.java:logGet(44)) - raft.datastream.type = DISABLED (default)
2021-11-15 13:26:05,130 [Listener at 127.0.0.1/13216] INFO  server.RaftServerConfigKeys (ConfUtils.java:logGet(44)) - raft.server.rpc.slowness.timeout = 300s (custom)
2021-11-15 13:26:05,130 [Listener at 127.0.0.1/13216] INFO  server.RaftServerConfigKeys (ConfUtils.java:logGet(44)) - raft.server.leaderelection.leader.step-down.wait-time = 10s (default)
2021-11-15 13:26:05,130 [Listener at 127.0.0.1/13216] INFO  server.RaftServerConfigKeys (ConfUtils.java:logGet(44)) - raft.server.storage.dir = [/home/runner/work/ozone/ozone/hadoop-ozone/integration-test/target/test-dir/MiniOzoneClusterImpl-54fbe6a2-d836-4e9c-ac0d-22c475060fab/datanode-2/data/ratis] (custom)
2021-11-15 13:26:05,151 [Listener at 127.0.0.1/13216] INFO  http.BaseHttpServer (BaseHttpServer.java:newHttpServer2BuilderForOzone(209)) - Starting Web-server for hddsDatanode at: http://0.0.0.0:0
2021-11-15 13:26:05,151 [Listener at 127.0.0.1/13216] INFO  http.BaseHttpServer (BaseHttpServer.java:<init>(107)) - Hadoop Security Enabled: false Ozone Security Enabled: false Ozone HTTP Security Enabled: false 
2021-11-15 13:26:05,152 [Listener at 127.0.0.1/13216] INFO  server.AuthenticationFilter (AuthenticationFilter.java:constructSecretProvider(240)) - Unable to initialize FileSignerSecretProvider, falling back to use random secrets.
2021-11-15 13:26:05,166 [Listener at 127.0.0.1/13216] WARN  http.HttpRequestLog (HttpRequestLog.java:getRequestLog(103)) - Jetty request log can only be enabled using Log4j
2021-11-15 13:26:05,167 [Listener at 127.0.0.1/13216] INFO  http.HttpServer2 (HttpServer2.java:addGlobalFilter(1030)) - Added global filter 'safety' (class=org.apache.hadoop.hdds.server.http.HttpServer2$QuotingInputFilter)
2021-11-15 13:26:05,167 [Listener at 127.0.0.1/13216] INFO  http.HttpServer2 (HttpServer2.java:addFilter(1006)) - Added filter static_user_filter (class=org.apache.hadoop.http.lib.StaticUserWebFilter$StaticUserFilter) to context hddsDatanode
2021-11-15 13:26:05,167 [Listener at 127.0.0.1/13216] INFO  http.HttpServer2 (HttpServer2.java:addFilter(1014)) - Added filter static_user_filter (class=org.apache.hadoop.http.lib.StaticUserWebFilter$StaticUserFilter) to context logs
2021-11-15 13:26:05,167 [Listener at 127.0.0.1/13216] INFO  http.HttpServer2 (HttpServer2.java:addFilter(1014)) - Added filter static_user_filter (class=org.apache.hadoop.http.lib.StaticUserWebFilter$StaticUserFilter) to context static
2021-11-15 13:26:05,168 [Listener at 127.0.0.1/13216] INFO  http.HttpServer2 (HttpServer2.java:bindListener(1249)) - Jetty bound to port 35205
2021-11-15 13:26:05,168 [Listener at 127.0.0.1/13216] INFO  server.Server (Server.java:doStart(375)) - jetty-9.4.43.v20210629; built: 2021-06-30T11:07:22.254Z; git: 526006ecfa3af7f1a27ef3a288e2bef7ea9dd7e8; jvm 1.8.0_292-b10
2021-11-15 13:26:05,230 [Listener at 127.0.0.1/13216] INFO  server.session (DefaultSessionIdManager.java:doStart(334)) - DefaultSessionIdManager workerName=node0
2021-11-15 13:26:05,230 [Listener at 127.0.0.1/13216] INFO  server.session (DefaultSessionIdManager.java:doStart(339)) - No SessionScavenger set, using defaults
2021-11-15 13:26:05,230 [Listener at 127.0.0.1/13216] INFO  server.session (HouseKeeper.java:startScavenging(132)) - node0 Scavenging every 660000ms
2021-11-15 13:26:05,238 [Listener at 127.0.0.1/13216] INFO  handler.ContextHandler (ContextHandler.java:doStart(915)) - Started o.e.j.s.ServletContextHandler@30779b35{logs,/logs,file:///home/runner/work/ozone/ozone/hadoop-ozone/integration-test/target/log,AVAILABLE}
2021-11-15 13:26:05,239 [Listener at 127.0.0.1/13216] INFO  handler.ContextHandler (ContextHandler.java:doStart(915)) - Started o.e.j.s.ServletContextHandler@42d87166{static,/static,jar:file:/home/runner/.m2/repository/org/apache/ozone/hdds-container-service/1.2.0-SNAPSHOT/hdds-container-service-1.2.0-SNAPSHOT.jar!/webapps/static,AVAILABLE}
2021-11-15 13:26:05,340 [Listener at 127.0.0.1/13216] INFO  handler.ContextHandler (ContextHandler.java:doStart(915)) - Started o.e.j.w.WebAppContext@3fc7b289{hddsDatanode,/,file:///tmp/jetty-0_0_0_0-35205-hdds-container-service-1_2_0-SNAPSHOT_jar-_-any-8642202036196072732/webapp/,AVAILABLE}{jar:file:/home/runner/.m2/repository/org/apache/ozone/hdds-container-service/1.2.0-SNAPSHOT/hdds-container-service-1.2.0-SNAPSHOT.jar!/webapps/hddsDatanode}
2021-11-15 13:26:05,345 [Listener at 127.0.0.1/13216] INFO  server.AbstractConnector (AbstractConnector.java:doStart(331)) - Started ServerConnector@15f436d7{HTTP/1.1, (http/1.1)}{0.0.0.0:35205}
2021-11-15 13:26:05,346 [Listener at 127.0.0.1/13216] INFO  server.Server (Server.java:doStart(415)) - Started @87198ms
2021-11-15 13:26:05,346 [Listener at 127.0.0.1/13216] WARN  impl.MetricsSystemImpl (MetricsSystemImpl.java:register(279)) - Sink prometheus already exists!
2021-11-15 13:26:05,346 [Listener at 127.0.0.1/13216] INFO  http.BaseHttpServer (BaseHttpServer.java:updateConnectorAddress(329)) - HTTP server of hddsDatanode listening at http://0.0.0.0:35205
2021-11-15 13:26:05,351 [Listener at 127.0.0.1/13216] INFO  ozone.MiniOzoneClusterImpl (MiniOzoneClusterImpl.java:lambda$waitForClusterToBeReady$0(235)) - Waiting for nodes to be ready. Got 0 of 3 DN Heartbeats.
2021-11-15 13:26:05,351 [Listener at 127.0.0.1/13216] INFO  ozone.MiniOzoneClusterImpl (MiniOzoneClusterImpl.java:lambda$waitForClusterToBeReady$0(238)) - Waiting for cluster to exit safe mode
2021-11-15 13:26:05,351 [Listener at 127.0.0.1/13216] INFO  ozone.MiniOzoneClusterImpl (MiniOzoneClusterImpl.java:lambda$waitForClusterToBeReady$0(240)) - SCM became leader
2021-11-15 13:26:05,351 [Datanode State Machine Daemon Thread] INFO  statemachine.DatanodeStateMachine (DatanodeStateMachine.java:lambda$startDaemon$0(467)) - Ozone container server started.
2021-11-15 13:26:05,389 [EndpointStateMachine task thread for /127.0.0.1:14733 - 0 ] INFO  ipc.Client (Client.java:handleConnectionFailure(977)) - Retrying connect to server: localhost/127.0.0.1:14733. Already tried 7 time(s); retry policy is RetryUpToMaximumCountWithFixedSleep(maxRetries=15, sleepTime=1000 MILLISECONDS)
2021-11-15 13:26:05,390 [EndpointStateMachine task thread for /127.0.0.1:14723 - 0 ] INFO  ipc.Client (Client.java:handleConnectionFailure(977)) - Retrying connect to server: localhost/127.0.0.1:14723. Already tried 7 time(s); retry policy is RetryUpToMaximumCountWithFixedSleep(maxRetries=15, sleepTime=1000 MILLISECONDS)
2021-11-15 13:26:05,393 [EndpointStateMachine task thread for /127.0.0.1:14713 - 0 ] INFO  ipc.Client (Client.java:handleConnectionFailure(977)) - Retrying connect to server: localhost/127.0.0.1:14713. Already tried 7 time(s); retry policy is RetryUpToMaximumCountWithFixedSleep(maxRetries=15, sleepTime=1000 MILLISECONDS)
2021-11-15 13:26:05,406 [org.apache.hadoop.util.JvmPauseMonitor$Monitor@436918cc] INFO  util.JvmPauseMonitor (JvmPauseMonitor.java:run(188)) - Starting JVM pause monitor
2021-11-15 13:26:05,406 [Datanode State Machine Task Thread - 0] INFO  ha.SCMNodeInfo (SCMNodeInfo.java:getPort(197)) - ConfigKey ozone.scm.client.address is deprecated, For configuring different ports for each SCM use PortConfigKey ozone.scm.client.port appended with serviceId and nodeId
2021-11-15 13:26:05,406 [Datanode State Machine Task Thread - 0] INFO  ha.SCMNodeInfo (SCMNodeInfo.java:getPort(197)) - ConfigKey ozone.scm.block.client.address is deprecated, For configuring different ports for each SCM use PortConfigKey ozone.scm.block.client.port appended with serviceId and nodeId
2021-11-15 13:26:05,406 [Datanode State Machine Task Thread - 0] INFO  ha.SCMNodeInfo (SCMNodeInfo.java:getPort(197)) - ConfigKey ozone.scm.datanode.address is deprecated, For configuring different ports for each SCM use PortConfigKey ozone.scm.datanode.port appended with serviceId and nodeId
2021-11-15 13:26:05,406 [Datanode State Machine Task Thread - 0] INFO  ha.SCMNodeInfo (SCMNodeInfo.java:getPort(197)) - ConfigKey ozone.scm.client.address is deprecated, For configuring different ports for each SCM use PortConfigKey ozone.scm.client.port appended with serviceId and nodeId
2021-11-15 13:26:05,406 [Datanode State Machine Task Thread - 0] INFO  ha.SCMNodeInfo (SCMNodeInfo.java:getPort(197)) - ConfigKey ozone.scm.block.client.address is deprecated, For configuring different ports for each SCM use PortConfigKey ozone.scm.block.client.port appended with serviceId and nodeId
2021-11-15 13:26:05,406 [Datanode State Machine Task Thread - 0] INFO  ha.SCMNodeInfo (SCMNodeInfo.java:getPort(197)) - ConfigKey ozone.scm.datanode.address is deprecated, For configuring different ports for each SCM use PortConfigKey ozone.scm.datanode.port appended with serviceId and nodeId
2021-11-15 13:26:05,406 [Datanode State Machine Task Thread - 0] INFO  ha.SCMNodeInfo (SCMNodeInfo.java:getPort(197)) - ConfigKey ozone.scm.client.address is deprecated, For configuring different ports for each SCM use PortConfigKey ozone.scm.client.port appended with serviceId and nodeId
2021-11-15 13:26:05,406 [Datanode State Machine Task Thread - 0] INFO  ha.SCMNodeInfo (SCMNodeInfo.java:getPort(197)) - ConfigKey ozone.scm.block.client.address is deprecated, For configuring different ports for each SCM use PortConfigKey ozone.scm.block.client.port appended with serviceId and nodeId
2021-11-15 13:26:05,406 [Datanode State Machine Task Thread - 0] INFO  ha.SCMNodeInfo (SCMNodeInfo.java:getPort(197)) - ConfigKey ozone.scm.datanode.address is deprecated, For configuring different ports for each SCM use PortConfigKey ozone.scm.datanode.port appended with serviceId and nodeId
2021-11-15 13:26:05,419 [Datanode State Machine Task Thread - 0] INFO  datanode.InitDatanodeState (InitDatanodeState.java:persistContainerDatanodeDetails(145)) - DatanodeDetails is persisted to /home/runner/work/ozone/ozone/hadoop-ozone/integration-test/target/test-dir/MiniOzoneClusterImpl-54fbe6a2-d836-4e9c-ac0d-22c475060fab/datanode-2/meta/datanode.id
2021-11-15 13:26:06,302 [EndpointStateMachine task thread for /127.0.0.1:14561 - 0 ] INFO  ozoneimpl.OzoneContainer (OzoneContainer.java:start(304)) - Attempting to start container services.
2021-11-15 13:26:06,302 [EndpointStateMachine task thread for /127.0.0.1:14561 - 0 ] INFO  ozoneimpl.OzoneContainer (OzoneContainer.java:startContainerScrub(249)) - Background container scanner has been disabled.
2021-11-15 13:26:06,304 [EndpointStateMachine task thread for /127.0.0.1:14561 - 0 ] INFO  replication.ReplicationServer (ReplicationServer.java:start(107)) - ReplicationServer is started using port 43749
2021-11-15 13:26:06,304 [EndpointStateMachine task thread for /127.0.0.1:14561 - 0 ] INFO  ratis.XceiverServerRatis (XceiverServerRatis.java:start(484)) - Starting XceiverServerRatis 15c58fd6-591f-43e3-aa4f-ac792bae557b
2021-11-15 13:26:06,317 [EndpointStateMachine task thread for /127.0.0.1:14561 - 0 ] INFO  server.RaftServer (RaftServerProxy.java:lambda$start$5(374)) - 15c58fd6-591f-43e3-aa4f-ac792bae557b: start RPC server
2021-11-15 13:26:06,318 [EndpointStateMachine task thread for /127.0.0.1:14561 - 0 ] INFO  server.GrpcService (GrpcService.java:startImpl(253)) - 15c58fd6-591f-43e3-aa4f-ac792bae557b: GrpcService started, listening on 34937
2021-11-15 13:26:06,325 [EndpointStateMachine task thread for /127.0.0.1:14561 - 0 ] INFO  ratis.XceiverServerRatis (XceiverServerRatis.java:getRealPort(505)) - XceiverServerRatis 15c58fd6-591f-43e3-aa4f-ac792bae557b is started using port 34937 for RATIS
2021-11-15 13:26:06,325 [EndpointStateMachine task thread for /127.0.0.1:14561 - 0 ] INFO  ratis.XceiverServerRatis (XceiverServerRatis.java:getRealPort(505)) - XceiverServerRatis 15c58fd6-591f-43e3-aa4f-ac792bae557b is started using port 34937 for RATIS_ADMIN
2021-11-15 13:26:06,325 [EndpointStateMachine task thread for /127.0.0.1:14561 - 0 ] INFO  ratis.XceiverServerRatis (XceiverServerRatis.java:getRealPort(505)) - XceiverServerRatis 15c58fd6-591f-43e3-aa4f-ac792bae557b is started using port 34937 for RATIS_SERVER
2021-11-15 13:26:06,325 [org.apache.ratis.util.JvmPauseMonitor$$Lambda$499/1445999733@61e9b4] INFO  util.JvmPauseMonitor (JvmPauseMonitor.java:run(103)) - JvmPauseMonitor-15c58fd6-591f-43e3-aa4f-ac792bae557b: Started
2021-11-15 13:26:06,327 [EndpointStateMachine task thread for /127.0.0.1:14561 - 0 ] INFO  server.XceiverServerGrpc (XceiverServerGrpc.java:start(135)) - XceiverServerGrpc 15c58fd6-591f-43e3-aa4f-ac792bae557b is started using port 41551
2021-11-15 13:26:06,331 [EndpointStateMachine task thread for /127.0.0.1:14571 - 0 ] INFO  ozoneimpl.OzoneContainer (OzoneContainer.java:start(300)) - Ignore. OzoneContainer already started.
2021-11-15 13:26:06,351 [Listener at 127.0.0.1/13216] INFO  ozone.MiniOzoneClusterImpl (MiniOzoneClusterImpl.java:lambda$waitForClusterToBeReady$0(235)) - Waiting for nodes to be ready. Got 0 of 3 DN Heartbeats.
2021-11-15 13:26:06,352 [Listener at 127.0.0.1/13216] INFO  ozone.MiniOzoneClusterImpl (MiniOzoneClusterImpl.java:lambda$waitForClusterToBeReady$0(238)) - Waiting for cluster to exit safe mode
2021-11-15 13:26:06,352 [Listener at 127.0.0.1/13216] INFO  ozone.MiniOzoneClusterImpl (MiniOzoneClusterImpl.java:lambda$waitForClusterToBeReady$0(240)) - SCM became leader
2021-11-15 13:26:06,389 [EndpointStateMachine task thread for /127.0.0.1:14733 - 0 ] INFO  ipc.Client (Client.java:handleConnectionFailure(977)) - Retrying connect to server: localhost/127.0.0.1:14733. Already tried 8 time(s); retry policy is RetryUpToMaximumCountWithFixedSleep(maxRetries=15, sleepTime=1000 MILLISECONDS)
2021-11-15 13:26:06,391 [EndpointStateMachine task thread for /127.0.0.1:14723 - 0 ] INFO  ipc.Client (Client.java:handleConnectionFailure(977)) - Retrying connect to server: localhost/127.0.0.1:14723. Already tried 8 time(s); retry policy is RetryUpToMaximumCountWithFixedSleep(maxRetries=15, sleepTime=1000 MILLISECONDS)
2021-11-15 13:26:06,393 [EndpointStateMachine task thread for /127.0.0.1:14713 - 0 ] INFO  ipc.Client (Client.java:handleConnectionFailure(977)) - Retrying connect to server: localhost/127.0.0.1:14713. Already tried 8 time(s); retry policy is RetryUpToMaximumCountWithFixedSleep(maxRetries=15, sleepTime=1000 MILLISECONDS)
2021-11-15 13:26:06,882 [EndpointStateMachine task thread for /127.0.0.1:14561 - 0 ] INFO  ozoneimpl.OzoneContainer (OzoneContainer.java:start(304)) - Attempting to start container services.
2021-11-15 13:26:06,882 [EndpointStateMachine task thread for /127.0.0.1:14561 - 0 ] INFO  ozoneimpl.OzoneContainer (OzoneContainer.java:startContainerScrub(249)) - Background container scanner has been disabled.
2021-11-15 13:26:06,883 [EndpointStateMachine task thread for /127.0.0.1:14561 - 0 ] INFO  replication.ReplicationServer (ReplicationServer.java:start(107)) - ReplicationServer is started using port 38167
2021-11-15 13:26:06,898 [EndpointStateMachine task thread for /127.0.0.1:14561 - 0 ] INFO  ratis.XceiverServerRatis (XceiverServerRatis.java:start(484)) - Starting XceiverServerRatis 1b7637b9-df73-4fd2-9553-6cec13ff666d
2021-11-15 13:26:06,918 [EndpointStateMachine task thread for /127.0.0.1:14561 - 0 ] INFO  server.RaftServer (RaftServerProxy.java:lambda$start$5(374)) - 1b7637b9-df73-4fd2-9553-6cec13ff666d: start RPC server
2021-11-15 13:26:06,921 [EndpointStateMachine task thread for /127.0.0.1:14561 - 0 ] INFO  server.GrpcService (GrpcService.java:startImpl(253)) - 1b7637b9-df73-4fd2-9553-6cec13ff666d: GrpcService started, listening on 41211
2021-11-15 13:26:06,921 [EndpointStateMachine task thread for /127.0.0.1:14561 - 0 ] INFO  ratis.XceiverServerRatis (XceiverServerRatis.java:getRealPort(505)) - XceiverServerRatis 1b7637b9-df73-4fd2-9553-6cec13ff666d is started using port 41211 for RATIS
2021-11-15 13:26:06,921 [EndpointStateMachine task thread for /127.0.0.1:14561 - 0 ] INFO  ratis.XceiverServerRatis (XceiverServerRatis.java:getRealPort(505)) - XceiverServerRatis 1b7637b9-df73-4fd2-9553-6cec13ff666d is started using port 41211 for RATIS_ADMIN
2021-11-15 13:26:06,921 [EndpointStateMachine task thread for /127.0.0.1:14561 - 0 ] INFO  ratis.XceiverServerRatis (XceiverServerRatis.java:getRealPort(505)) - XceiverServerRatis 1b7637b9-df73-4fd2-9553-6cec13ff666d is started using port 41211 for RATIS_SERVER
2021-11-15 13:26:06,921 [EndpointStateMachine task thread for /127.0.0.1:14561 - 0 ] INFO  server.XceiverServerGrpc (XceiverServerGrpc.java:start(135)) - XceiverServerGrpc 1b7637b9-df73-4fd2-9553-6cec13ff666d is started using port 42751
2021-11-15 13:26:06,923 [EndpointStateMachine task thread for /127.0.0.1:14571 - 0 ] INFO  ozoneimpl.OzoneContainer (OzoneContainer.java:start(300)) - Ignore. OzoneContainer already started.
2021-11-15 13:26:06,928 [org.apache.ratis.util.JvmPauseMonitor$$Lambda$499/1445999733@2905275c] INFO  util.JvmPauseMonitor (JvmPauseMonitor.java:run(103)) - JvmPauseMonitor-1b7637b9-df73-4fd2-9553-6cec13ff666d: Started
2021-11-15 13:26:07,352 [Listener at 127.0.0.1/13216] INFO  ozone.MiniOzoneClusterImpl (MiniOzoneClusterImpl.java:lambda$waitForClusterToBeReady$0(235)) - Waiting for nodes to be ready. Got 0 of 3 DN Heartbeats.
2021-11-15 13:26:07,352 [Listener at 127.0.0.1/13216] INFO  ozone.MiniOzoneClusterImpl (MiniOzoneClusterImpl.java:lambda$waitForClusterToBeReady$0(238)) - Waiting for cluster to exit safe mode
2021-11-15 13:26:07,352 [Listener at 127.0.0.1/13216] INFO  ozone.MiniOzoneClusterImpl (MiniOzoneClusterImpl.java:lambda$waitForClusterToBeReady$0(240)) - SCM became leader
2021-11-15 13:26:07,390 [EndpointStateMachine task thread for /127.0.0.1:14733 - 0 ] INFO  ipc.Client (Client.java:handleConnectionFailure(977)) - Retrying connect to server: localhost/127.0.0.1:14733. Already tried 9 time(s); retry policy is RetryUpToMaximumCountWithFixedSleep(maxRetries=15, sleepTime=1000 MILLISECONDS)
2021-11-15 13:26:07,391 [EndpointStateMachine task thread for /127.0.0.1:14723 - 0 ] INFO  ipc.Client (Client.java:handleConnectionFailure(977)) - Retrying connect to server: localhost/127.0.0.1:14723. Already tried 9 time(s); retry policy is RetryUpToMaximumCountWithFixedSleep(maxRetries=15, sleepTime=1000 MILLISECONDS)
2021-11-15 13:26:07,393 [EndpointStateMachine task thread for /127.0.0.1:14713 - 0 ] INFO  ipc.Client (Client.java:handleConnectionFailure(977)) - Retrying connect to server: localhost/127.0.0.1:14713. Already tried 9 time(s); retry policy is RetryUpToMaximumCountWithFixedSleep(maxRetries=15, sleepTime=1000 MILLISECONDS)
2021-11-15 13:26:07,436 [EndpointStateMachine task thread for /127.0.0.1:14561 - 0 ] INFO  ozoneimpl.OzoneContainer (OzoneContainer.java:start(304)) - Attempting to start container services.
2021-11-15 13:26:07,436 [EndpointStateMachine task thread for /127.0.0.1:14561 - 0 ] INFO  ozoneimpl.OzoneContainer (OzoneContainer.java:startContainerScrub(249)) - Background container scanner has been disabled.
2021-11-15 13:26:07,436 [EndpointStateMachine task thread for /127.0.0.1:14561 - 0 ] INFO  replication.ReplicationServer (ReplicationServer.java:start(107)) - ReplicationServer is started using port 39299
2021-11-15 13:26:07,437 [EndpointStateMachine task thread for /127.0.0.1:14561 - 0 ] INFO  ratis.XceiverServerRatis (XceiverServerRatis.java:start(484)) - Starting XceiverServerRatis a7a9ee06-acf8-4996-94fe-a30a2f736f46
2021-11-15 13:26:07,438 [EndpointStateMachine task thread for /127.0.0.1:14561 - 0 ] INFO  server.RaftServer (RaftServerProxy.java:lambda$start$5(374)) - a7a9ee06-acf8-4996-94fe-a30a2f736f46: start RPC server
2021-11-15 13:26:07,442 [EndpointStateMachine task thread for /127.0.0.1:14561 - 0 ] INFO  server.GrpcService (GrpcService.java:startImpl(253)) - a7a9ee06-acf8-4996-94fe-a30a2f736f46: GrpcService started, listening on 35177
2021-11-15 13:26:07,447 [EndpointStateMachine task thread for /127.0.0.1:14561 - 0 ] INFO  ratis.XceiverServerRatis (XceiverServerRatis.java:getRealPort(505)) - XceiverServerRatis a7a9ee06-acf8-4996-94fe-a30a2f736f46 is started using port 35177 for RATIS
2021-11-15 13:26:07,447 [EndpointStateMachine task thread for /127.0.0.1:14561 - 0 ] INFO  ratis.XceiverServerRatis (XceiverServerRatis.java:getRealPort(505)) - XceiverServerRatis a7a9ee06-acf8-4996-94fe-a30a2f736f46 is started using port 35177 for RATIS_ADMIN
2021-11-15 13:26:07,447 [EndpointStateMachine task thread for /127.0.0.1:14561 - 0 ] INFO  ratis.XceiverServerRatis (XceiverServerRatis.java:getRealPort(505)) - XceiverServerRatis a7a9ee06-acf8-4996-94fe-a30a2f736f46 is started using port 35177 for RATIS_SERVER
2021-11-15 13:26:07,448 [EndpointStateMachine task thread for /127.0.0.1:14561 - 0 ] INFO  server.XceiverServerGrpc (XceiverServerGrpc.java:start(135)) - XceiverServerGrpc a7a9ee06-acf8-4996-94fe-a30a2f736f46 is started using port 38199
2021-11-15 13:26:07,448 [org.apache.ratis.util.JvmPauseMonitor$$Lambda$499/1445999733@36521178] INFO  util.JvmPauseMonitor (JvmPauseMonitor.java:run(103)) - JvmPauseMonitor-a7a9ee06-acf8-4996-94fe-a30a2f736f46: Started
2021-11-15 13:26:07,452 [EndpointStateMachine task thread for /127.0.0.1:14571 - 0 ] INFO  ozoneimpl.OzoneContainer (OzoneContainer.java:start(300)) - Ignore. OzoneContainer already started.
2021-11-15 13:26:08,271 [Datanode State Machine Daemon Thread] ERROR datanode.RunningDatanodeState (RunningDatanodeState.java:computeNextContainerState(199)) - Error in executing end point task.
java.util.concurrent.ExecutionException: java.util.concurrent.TimeoutException
	at java.util.concurrent.FutureTask.report(FutureTask.java:122)
	at java.util.concurrent.FutureTask.get(FutureTask.java:192)
	at org.apache.hadoop.ozone.container.common.states.datanode.RunningDatanodeState.computeNextContainerState(RunningDatanodeState.java:191)
	at org.apache.hadoop.ozone.container.common.states.datanode.RunningDatanodeState.await(RunningDatanodeState.java:231)
	at org.apache.hadoop.ozone.container.common.states.datanode.RunningDatanodeState.await(RunningDatanodeState.java:50)
	at org.apache.hadoop.ozone.container.common.statemachine.StateContext.execute(StateContext.java:633)
	at org.apache.hadoop.ozone.container.common.statemachine.DatanodeStateMachine.start(DatanodeStateMachine.java:280)
	at org.apache.hadoop.ozone.container.common.statemachine.DatanodeStateMachine.lambda$startDaemon$0(DatanodeStateMachine.java:468)
	at java.lang.Thread.run(Thread.java:748)
Caused by: java.util.concurrent.TimeoutException
	at java.util.concurrent.FutureTask.get(FutureTask.java:205)
	at org.apache.hadoop.ozone.container.common.states.datanode.RunningDatanodeState.lambda$execute$0(RunningDatanodeState.java:149)
	at java.util.concurrent.FutureTask.run(FutureTask.java:266)
	at java.util.concurrent.Executors$RunnableAdapter.call(Executors.java:511)
	at java.util.concurrent.FutureTask.run(FutureTask.java:266)
	at java.util.concurrent.ThreadPoolExecutor.runWorker(ThreadPoolExecutor.java:1149)
	at java.util.concurrent.ThreadPoolExecutor$Worker.run(ThreadPoolExecutor.java:624)
	... 1 more
2021-11-15 13:26:08,280 [IPC Server handler 1 on default port 14571] INFO  net.NetworkTopologyImpl (NetworkTopologyImpl.java:add(112)) - Added a new node: /default-rack/15c58fd6-591f-43e3-aa4f-ac792bae557b
2021-11-15 13:26:08,280 [IPC Server handler 1 on default port 14571] INFO  node.SCMNodeManager (SCMNodeManager.java:register(389)) - Registered Data node : 15c58fd6-591f-43e3-aa4f-ac792bae557b{ip: 127.0.0.1, host: localhost, ports: [REPLICATION=43749, RATIS=34937, RATIS_ADMIN=34937, RATIS_SERVER=34937, STANDALONE=41551], networkLocation: /default-rack, certSerialId: null, persistedOpState: null, persistedOpStateExpiryEpochSec: 0}
2021-11-15 13:26:08,282 [EventQueue-NodeRegistrationContainerReportForDataNodeSafeModeRule] INFO  safemode.SCMSafeModeManager (DataNodeSafeModeRule.java:process(71)) - SCM in safe mode. 1 DataNodes registered, 3 required.
2021-11-15 13:26:08,284 [IPC Server handler 4 on default port 14561] INFO  net.NetworkTopologyImpl (NetworkTopologyImpl.java:add(112)) - Added a new node: /default-rack/15c58fd6-591f-43e3-aa4f-ac792bae557b
2021-11-15 13:26:08,284 [IPC Server handler 4 on default port 14561] INFO  node.SCMNodeManager (SCMNodeManager.java:register(389)) - Registered Data node : 15c58fd6-591f-43e3-aa4f-ac792bae557b{ip: 127.0.0.1, host: localhost, ports: [REPLICATION=43749, RATIS=34937, RATIS_ADMIN=34937, RATIS_SERVER=34937, STANDALONE=41551], networkLocation: /default-rack, certSerialId: null, persistedOpState: null, persistedOpStateExpiryEpochSec: 0}
2021-11-15 13:26:08,286 [EventQueue-NodeRegistrationContainerReportForContainerSafeModeRule] INFO  safemode.SCMSafeModeManager (SCMSafeModeManager.java:validateSafeModeExitRules(204)) - ContainerSafeModeRule rule is successfully validated
2021-11-15 13:26:08,302 [EventQueue-PipelineReportForOneReplicaPipelineSafeModeRule] INFO  safemode.SCMSafeModeManager (SCMSafeModeManager.java:validateSafeModeExitRules(204)) - AtleastOneDatanodeReportedRule rule is successfully validated
2021-11-15 13:26:08,302 [EventQueue-NewNodeForNewNodeHandler] INFO  pipeline.BackgroundPipelineCreator (BackgroundPipelineCreator.java:notifyEventTriggered(279)) - ignore, not leader SCM.
2021-11-15 13:26:08,306 [EventQueue-NewNodeForNewNodeHandler] INFO  pipeline.BackgroundPipelineCreator (BackgroundPipelineCreator.java:notifyEventTriggered(285)) - trigger a one-shot run on RatisPipelineUtilsThread.
2021-11-15 13:26:08,306 [RatisPipelineUtilsThread - 0] INFO  pipeline.RatisPipelineProvider (RatisPipelineProvider.java:lambda$create$0(183)) - Sending CreatePipelineCommand for pipeline:PipelineID=bcd8657d-9dbc-4ee1-9d34-3ef3b5ae3404 to datanode:15c58fd6-591f-43e3-aa4f-ac792bae557b
2021-11-15 13:26:08,323 [EventQueue-NodeRegistrationContainerReportForDataNodeSafeModeRule] INFO  safemode.SCMSafeModeManager (DataNodeSafeModeRule.java:process(71)) - SCM in safe mode. 1 DataNodes registered, 3 required.
2021-11-15 13:26:08,352 [EventQueue-NodeRegistrationContainerReportForContainerSafeModeRule] INFO  safemode.SCMSafeModeManager (SCMSafeModeManager.java:validateSafeModeExitRules(204)) - ContainerSafeModeRule rule is successfully validated
2021-11-15 13:26:08,352 [Listener at 127.0.0.1/13216] INFO  ozone.MiniOzoneClusterImpl (MiniOzoneClusterImpl.java:lambda$waitForClusterToBeReady$0(235)) - Waiting for nodes to be ready. Got 1 of 3 DN Heartbeats.
2021-11-15 13:26:08,353 [Listener at 127.0.0.1/13216] INFO  ozone.MiniOzoneClusterImpl (MiniOzoneClusterImpl.java:lambda$waitForClusterToBeReady$0(238)) - Waiting for cluster to exit safe mode
2021-11-15 13:26:08,353 [Listener at 127.0.0.1/13216] INFO  ozone.MiniOzoneClusterImpl (MiniOzoneClusterImpl.java:lambda$waitForClusterToBeReady$0(240)) - SCM became leader
2021-11-15 13:26:08,354 [EventQueue-PipelineReportForOneReplicaPipelineSafeModeRule] INFO  safemode.SCMSafeModeManager (SCMSafeModeManager.java:validateSafeModeExitRules(204)) - AtleastOneDatanodeReportedRule rule is successfully validated
2021-11-15 13:26:08,360 [cea2b274-67f8-42eb-ae41-f09704fbacf0@group-22C475060FAB-StateMachineUpdater] INFO  pipeline.PipelineStateManagerImpl (PipelineStateManagerImpl.java:addPipeline(101)) - Created pipeline Pipeline[ Id: bcd8657d-9dbc-4ee1-9d34-3ef3b5ae3404, Nodes: 15c58fd6-591f-43e3-aa4f-ac792bae557b{ip: 127.0.0.1, host: localhost, ports: [REPLICATION=43749, RATIS=34937, RATIS_ADMIN=34937, RATIS_SERVER=34937, STANDALONE=41551], networkLocation: /default-rack, certSerialId: null, persistedOpState: IN_SERVICE, persistedOpStateExpiryEpochSec: 0}, ReplicationConfig: RATIS/ONE, State:ALLOCATED, leaderId:, CreationTimestamp2021-11-15T13:26:08.306Z[Etc/UTC]].
2021-11-15 13:26:08,360 [cea2b274-67f8-42eb-ae41-f09704fbacf0@group-22C475060FAB-StateMachineUpdater] INFO  safemode.HealthyPipelineSafeModeRule (HealthyPipelineSafeModeRule.java:initializeRule(152)) - Refreshed total pipeline count is 0, healthy pipeline threshold count is 1
2021-11-15 13:26:08,360 [RatisPipelineUtilsThread - 0] INFO  ha.SCMHAInvocationHandler (SCMHAInvocationHandler.java:invokeRatis(113)) - Invoking method public abstract void org.apache.hadoop.hdds.scm.pipeline.PipelineStateManager.addPipeline(org.apache.hadoop.hdds.protocol.proto.HddsProtos$Pipeline) throws java.io.IOException on target org.apache.hadoop.hdds.scm.ha.SCMRatisServerImpl@48a4ff50, cost 51669.505us
2021-11-15 13:26:08,369 [0a37f259-89fa-4cb5-a2dc-a190c2b03b5f@group-22C475060FAB-StateMachineUpdater] INFO  pipeline.PipelineStateManagerImpl (PipelineStateManagerImpl.java:addPipeline(101)) - Created pipeline Pipeline[ Id: bcd8657d-9dbc-4ee1-9d34-3ef3b5ae3404, Nodes: 15c58fd6-591f-43e3-aa4f-ac792bae557b{ip: 127.0.0.1, host: localhost, ports: [REPLICATION=43749, RATIS=34937, RATIS_ADMIN=34937, RATIS_SERVER=34937, STANDALONE=41551], networkLocation: /default-rack, certSerialId: null, persistedOpState: IN_SERVICE, persistedOpStateExpiryEpochSec: 0}, ReplicationConfig: RATIS/ONE, State:ALLOCATED, leaderId:, CreationTimestamp2021-11-15T13:26:08.306Z[Etc/UTC]].
2021-11-15 13:26:08,369 [0a37f259-89fa-4cb5-a2dc-a190c2b03b5f@group-22C475060FAB-StateMachineUpdater] INFO  safemode.HealthyPipelineSafeModeRule (HealthyPipelineSafeModeRule.java:initializeRule(152)) - Refreshed total pipeline count is 0, healthy pipeline threshold count is 1
2021-11-15 13:26:08,371 [0a37f259-89fa-4cb5-a2dc-a190c2b03b5f@group-22C475060FAB-StateMachineUpdater] INFO  ha.SCMStateMachine (SCMStateMachine.java:takeSnapshot(290)) - Current Snapshot Index 7, takeSnapshot took 2 ms
2021-11-15 13:26:08,371 [0a37f259-89fa-4cb5-a2dc-a190c2b03b5f@group-22C475060FAB-StateMachineUpdater] INFO  impl.StateMachineUpdater (StateMachineUpdater.java:takeSnapshot(281)) - 0a37f259-89fa-4cb5-a2dc-a190c2b03b5f@group-22C475060FAB-StateMachineUpdater: Took a snapshot at index 7
2021-11-15 13:26:08,372 [0a37f259-89fa-4cb5-a2dc-a190c2b03b5f@group-22C475060FAB-StateMachineUpdater] INFO  impl.StateMachineUpdater (StateMachineUpdater.java:lambda$new$0(89)) - 0a37f259-89fa-4cb5-a2dc-a190c2b03b5f@group-22C475060FAB-StateMachineUpdater: snapshotIndex: updateIncreasingly 2 -> 7
2021-11-15 13:26:08,372 [0a37f259-89fa-4cb5-a2dc-a190c2b03b5f@group-22C475060FAB-StateMachineUpdater] INFO  raftlog.RaftLog (RaftLogBase.java:purge(306)) - 0a37f259-89fa-4cb5-a2dc-a190c2b03b5f@group-22C475060FAB-SegmentedRaftLog: purge 7
2021-11-15 13:26:08,372 [0a37f259-89fa-4cb5-a2dc-a190c2b03b5f@group-22C475060FAB-StateMachineUpdater] INFO  raftlog.RaftLog (RaftLogBase.java:lambda$new$0(53)) - 0a37f259-89fa-4cb5-a2dc-a190c2b03b5f@group-22C475060FAB-SegmentedRaftLog: snapshotIndex: updateIncreasingly 2 -> 7
2021-11-15 13:26:08,372 [0a37f259-89fa-4cb5-a2dc-a190c2b03b5f@group-22C475060FAB-StateMachineUpdater] INFO  raftlog.RaftLog (RaftLogBase.java:lambda$new$0(53)) - 0a37f259-89fa-4cb5-a2dc-a190c2b03b5f@group-22C475060FAB-SegmentedRaftLog: purgeIndex: updateToMax old=-1, new=7, updated? true
2021-11-15 13:26:08,390 [EndpointStateMachine task thread for /127.0.0.1:14733 - 0 ] INFO  ipc.Client (Client.java:handleConnectionFailure(977)) - Retrying connect to server: localhost/127.0.0.1:14733. Already tried 10 time(s); retry policy is RetryUpToMaximumCountWithFixedSleep(maxRetries=15, sleepTime=1000 MILLISECONDS)
2021-11-15 13:26:08,391 [EndpointStateMachine task thread for /127.0.0.1:14723 - 0 ] INFO  ipc.Client (Client.java:handleConnectionFailure(977)) - Retrying connect to server: localhost/127.0.0.1:14723. Already tried 10 time(s); retry policy is RetryUpToMaximumCountWithFixedSleep(maxRetries=15, sleepTime=1000 MILLISECONDS)
2021-11-15 13:26:08,394 [EndpointStateMachine task thread for /127.0.0.1:14713 - 0 ] INFO  ipc.Client (Client.java:handleConnectionFailure(977)) - Retrying connect to server: localhost/127.0.0.1:14713. Already tried 10 time(s); retry policy is RetryUpToMaximumCountWithFixedSleep(maxRetries=15, sleepTime=1000 MILLISECONDS)
2021-11-15 13:26:08,884 [IPC Server handler 2 on default port 14561] INFO  net.NetworkTopologyImpl (NetworkTopologyImpl.java:add(112)) - Added a new node: /default-rack/1b7637b9-df73-4fd2-9553-6cec13ff666d
2021-11-15 13:26:08,884 [IPC Server handler 2 on default port 14561] INFO  node.SCMNodeManager (SCMNodeManager.java:register(389)) - Registered Data node : 1b7637b9-df73-4fd2-9553-6cec13ff666d{ip: 127.0.0.1, host: localhost, ports: [REPLICATION=38167, RATIS=41211, RATIS_ADMIN=41211, RATIS_SERVER=41211, STANDALONE=42751], networkLocation: /default-rack, certSerialId: null, persistedOpState: null, persistedOpStateExpiryEpochSec: 0}
2021-11-15 13:26:08,885 [EventQueue-NewNodeForNewNodeHandler] INFO  pipeline.BackgroundPipelineCreator (BackgroundPipelineCreator.java:notifyEventTriggered(285)) - trigger a one-shot run on RatisPipelineUtilsThread.
2021-11-15 13:26:08,886 [EventQueue-NodeRegistrationContainerReportForDataNodeSafeModeRule] INFO  safemode.SCMSafeModeManager (DataNodeSafeModeRule.java:process(71)) - SCM in safe mode. 2 DataNodes registered, 3 required.
2021-11-15 13:26:08,888 [RatisPipelineUtilsThread - 0] INFO  pipeline.RatisPipelineProvider (RatisPipelineProvider.java:lambda$create$0(183)) - Sending CreatePipelineCommand for pipeline:PipelineID=becc6797-61c3-458a-a053-806c4339f8c1 to datanode:1b7637b9-df73-4fd2-9553-6cec13ff666d
2021-11-15 13:26:08,889 [IPC Server handler 0 on default port 14571] INFO  net.NetworkTopologyImpl (NetworkTopologyImpl.java:add(112)) - Added a new node: /default-rack/1b7637b9-df73-4fd2-9553-6cec13ff666d
2021-11-15 13:26:08,889 [IPC Server handler 0 on default port 14571] INFO  node.SCMNodeManager (SCMNodeManager.java:register(389)) - Registered Data node : 1b7637b9-df73-4fd2-9553-6cec13ff666d{ip: 127.0.0.1, host: localhost, ports: [REPLICATION=38167, RATIS=41211, RATIS_ADMIN=41211, RATIS_SERVER=41211, STANDALONE=42751], networkLocation: /default-rack, certSerialId: null, persistedOpState: null, persistedOpStateExpiryEpochSec: 0}
2021-11-15 13:26:08,890 [EventQueue-NewNodeForNewNodeHandler] INFO  pipeline.BackgroundPipelineCreator (BackgroundPipelineCreator.java:notifyEventTriggered(279)) - ignore, not leader SCM.
2021-11-15 13:26:08,892 [EventQueue-NodeRegistrationContainerReportForDataNodeSafeModeRule] INFO  safemode.SCMSafeModeManager (DataNodeSafeModeRule.java:process(71)) - SCM in safe mode. 2 DataNodes registered, 3 required.
2021-11-15 13:26:08,904 [cea2b274-67f8-42eb-ae41-f09704fbacf0@group-22C475060FAB-StateMachineUpdater] INFO  pipeline.PipelineStateManagerImpl (PipelineStateManagerImpl.java:addPipeline(101)) - Created pipeline Pipeline[ Id: becc6797-61c3-458a-a053-806c4339f8c1, Nodes: 1b7637b9-df73-4fd2-9553-6cec13ff666d{ip: 127.0.0.1, host: localhost, ports: [REPLICATION=38167, RATIS=41211, RATIS_ADMIN=41211, RATIS_SERVER=41211, STANDALONE=42751], networkLocation: /default-rack, certSerialId: null, persistedOpState: IN_SERVICE, persistedOpStateExpiryEpochSec: 0}, ReplicationConfig: RATIS/ONE, State:ALLOCATED, leaderId:, CreationTimestamp2021-11-15T13:26:08.888Z[Etc/UTC]].
2021-11-15 13:26:08,904 [cea2b274-67f8-42eb-ae41-f09704fbacf0@group-22C475060FAB-StateMachineUpdater] INFO  safemode.HealthyPipelineSafeModeRule (HealthyPipelineSafeModeRule.java:initializeRule(152)) - Refreshed total pipeline count is 0, healthy pipeline threshold count is 1
2021-11-15 13:26:08,904 [RatisPipelineUtilsThread - 0] INFO  ha.SCMHAInvocationHandler (SCMHAInvocationHandler.java:invokeRatis(113)) - Invoking method public abstract void org.apache.hadoop.hdds.scm.pipeline.PipelineStateManager.addPipeline(org.apache.hadoop.hdds.protocol.proto.HddsProtos$Pipeline) throws java.io.IOException on target org.apache.hadoop.hdds.scm.ha.SCMRatisServerImpl@48a4ff50, cost 16343.509us
2021-11-15 13:26:08,914 [0a37f259-89fa-4cb5-a2dc-a190c2b03b5f@group-22C475060FAB-StateMachineUpdater] INFO  pipeline.PipelineStateManagerImpl (PipelineStateManagerImpl.java:addPipeline(101)) - Created pipeline Pipeline[ Id: becc6797-61c3-458a-a053-806c4339f8c1, Nodes: 1b7637b9-df73-4fd2-9553-6cec13ff666d{ip: 127.0.0.1, host: localhost, ports: [REPLICATION=38167, RATIS=41211, RATIS_ADMIN=41211, RATIS_SERVER=41211, STANDALONE=42751], networkLocation: /default-rack, certSerialId: null, persistedOpState: IN_SERVICE, persistedOpStateExpiryEpochSec: 0}, ReplicationConfig: RATIS/ONE, State:ALLOCATED, leaderId:, CreationTimestamp2021-11-15T13:26:08.888Z[Etc/UTC]].
2021-11-15 13:26:08,914 [0a37f259-89fa-4cb5-a2dc-a190c2b03b5f@group-22C475060FAB-StateMachineUpdater] INFO  safemode.HealthyPipelineSafeModeRule (HealthyPipelineSafeModeRule.java:initializeRule(152)) - Refreshed total pipeline count is 0, healthy pipeline threshold count is 1
2021-11-15 13:26:08,915 [cea2b274-67f8-42eb-ae41-f09704fbacf0@group-22C475060FAB-StateMachineUpdater] INFO  ha.SCMStateMachine (SCMStateMachine.java:takeSnapshot(290)) - Current Snapshot Index 10, takeSnapshot took 0 ms
2021-11-15 13:26:08,916 [cea2b274-67f8-42eb-ae41-f09704fbacf0@group-22C475060FAB-StateMachineUpdater] INFO  impl.StateMachineUpdater (StateMachineUpdater.java:takeSnapshot(281)) - cea2b274-67f8-42eb-ae41-f09704fbacf0@group-22C475060FAB-StateMachineUpdater: Took a snapshot at index 10
2021-11-15 13:26:08,916 [cea2b274-67f8-42eb-ae41-f09704fbacf0@group-22C475060FAB-StateMachineUpdater] INFO  impl.StateMachineUpdater (StateMachineUpdater.java:lambda$new$0(89)) - cea2b274-67f8-42eb-ae41-f09704fbacf0@group-22C475060FAB-StateMachineUpdater: snapshotIndex: updateIncreasingly 5 -> 10
2021-11-15 13:26:08,916 [cea2b274-67f8-42eb-ae41-f09704fbacf0@group-22C475060FAB-StateMachineUpdater] INFO  raftlog.RaftLog (RaftLogBase.java:purge(306)) - cea2b274-67f8-42eb-ae41-f09704fbacf0@group-22C475060FAB-SegmentedRaftLog: purge 10
2021-11-15 13:26:08,916 [cea2b274-67f8-42eb-ae41-f09704fbacf0@group-22C475060FAB-StateMachineUpdater] INFO  raftlog.RaftLog (RaftLogBase.java:lambda$new$0(53)) - cea2b274-67f8-42eb-ae41-f09704fbacf0@group-22C475060FAB-SegmentedRaftLog: snapshotIndex: updateIncreasingly 5 -> 10
2021-11-15 13:26:08,916 [cea2b274-67f8-42eb-ae41-f09704fbacf0@group-22C475060FAB-StateMachineUpdater] INFO  raftlog.RaftLog (RaftLogBase.java:lambda$new$0(53)) - cea2b274-67f8-42eb-ae41-f09704fbacf0@group-22C475060FAB-SegmentedRaftLog: purgeIndex: updateToMax old=0, new=10, updated? true
2021-11-15 13:26:09,353 [Listener at 127.0.0.1/13216] INFO  ozone.MiniOzoneClusterImpl (MiniOzoneClusterImpl.java:lambda$waitForClusterToBeReady$0(235)) - Waiting for nodes to be ready. Got 2 of 3 DN Heartbeats.
2021-11-15 13:26:09,353 [Listener at 127.0.0.1/13216] INFO  ozone.MiniOzoneClusterImpl (MiniOzoneClusterImpl.java:lambda$waitForClusterToBeReady$0(238)) - Waiting for cluster to exit safe mode
2021-11-15 13:26:09,353 [Listener at 127.0.0.1/13216] INFO  ozone.MiniOzoneClusterImpl (MiniOzoneClusterImpl.java:lambda$waitForClusterToBeReady$0(240)) - SCM became leader
2021-11-15 13:26:09,391 [EndpointStateMachine task thread for /127.0.0.1:14733 - 0 ] INFO  ipc.Client (Client.java:handleConnectionFailure(977)) - Retrying connect to server: localhost/127.0.0.1:14733. Already tried 11 time(s); retry policy is RetryUpToMaximumCountWithFixedSleep(maxRetries=15, sleepTime=1000 MILLISECONDS)
2021-11-15 13:26:09,392 [EndpointStateMachine task thread for /127.0.0.1:14723 - 0 ] INFO  ipc.Client (Client.java:handleConnectionFailure(977)) - Retrying connect to server: localhost/127.0.0.1:14723. Already tried 11 time(s); retry policy is RetryUpToMaximumCountWithFixedSleep(maxRetries=15, sleepTime=1000 MILLISECONDS)
2021-11-15 13:26:09,394 [EndpointStateMachine task thread for /127.0.0.1:14713 - 0 ] INFO  ipc.Client (Client.java:handleConnectionFailure(977)) - Retrying connect to server: localhost/127.0.0.1:14713. Already tried 11 time(s); retry policy is RetryUpToMaximumCountWithFixedSleep(maxRetries=15, sleepTime=1000 MILLISECONDS)
2021-11-15 13:26:09,421 [IPC Server handler 2 on default port 14571] INFO  net.NetworkTopologyImpl (NetworkTopologyImpl.java:add(112)) - Added a new node: /default-rack/a7a9ee06-acf8-4996-94fe-a30a2f736f46
2021-11-15 13:26:09,421 [IPC Server handler 2 on default port 14571] INFO  node.SCMNodeManager (SCMNodeManager.java:register(389)) - Registered Data node : a7a9ee06-acf8-4996-94fe-a30a2f736f46{ip: 127.0.0.1, host: localhost, ports: [REPLICATION=39299, RATIS=35177, RATIS_ADMIN=35177, RATIS_SERVER=35177, STANDALONE=38199], networkLocation: /default-rack, certSerialId: null, persistedOpState: null, persistedOpStateExpiryEpochSec: 0}
2021-11-15 13:26:09,421 [EventQueue-NewNodeForNewNodeHandler] INFO  pipeline.BackgroundPipelineCreator (BackgroundPipelineCreator.java:notifyEventTriggered(279)) - ignore, not leader SCM.
2021-11-15 13:26:09,423 [EventQueue-NodeRegistrationContainerReportForDataNodeSafeModeRule] INFO  safemode.SCMSafeModeManager (DataNodeSafeModeRule.java:process(71)) - SCM in safe mode. 3 DataNodes registered, 3 required.
2021-11-15 13:26:09,423 [EventQueue-NodeRegistrationContainerReportForDataNodeSafeModeRule] INFO  safemode.SCMSafeModeManager (SCMSafeModeManager.java:validateSafeModeExitRules(204)) - DataNodeSafeModeRule rule is successfully validated
2021-11-15 13:26:09,423 [EventQueue-NodeRegistrationContainerReportForDataNodeSafeModeRule] INFO  safemode.SCMSafeModeManager (SCMSafeModeManager.java:completePreCheck(233)) - All SCM safe mode pre check rules have passed
2021-11-15 13:26:09,423 [EventQueue-NodeRegistrationContainerReportForDataNodeSafeModeRule] WARN  events.EventQueue (EventQueue.java:fireEvent(194)) - No event handler registered for event TypedEvent{payloadType=SafeModeStatus, name='Safe mode status'}
2021-11-15 13:26:09,423 [EventQueue-NodeRegistrationContainerReportForDataNodeSafeModeRule] INFO  ha.SCMContext (SCMContext.java:updateSafeModeStatus(205)) - Update SafeModeStatus from SafeModeStatus{safeModeStatus=true, preCheckPassed=false} to SafeModeStatus{safeModeStatus=true, preCheckPassed=true}.
2021-11-15 13:26:09,423 [EventQueue-NodeRegistrationContainerReportForDataNodeSafeModeRule] INFO  pipeline.BackgroundPipelineCreator (BackgroundPipelineCreator.java:notifyEventTriggered(279)) - ignore, not leader SCM.
2021-11-15 13:26:09,426 [IPC Server handler 2 on default port 14561] INFO  net.NetworkTopologyImpl (NetworkTopologyImpl.java:add(112)) - Added a new node: /default-rack/a7a9ee06-acf8-4996-94fe-a30a2f736f46
2021-11-15 13:26:09,426 [IPC Server handler 2 on default port 14561] INFO  node.SCMNodeManager (SCMNodeManager.java:register(389)) - Registered Data node : a7a9ee06-acf8-4996-94fe-a30a2f736f46{ip: 127.0.0.1, host: localhost, ports: [REPLICATION=39299, RATIS=35177, RATIS_ADMIN=35177, RATIS_SERVER=35177, STANDALONE=38199], networkLocation: /default-rack, certSerialId: null, persistedOpState: null, persistedOpStateExpiryEpochSec: 0}
2021-11-15 13:26:09,426 [EventQueue-NewNodeForNewNodeHandler] INFO  pipeline.BackgroundPipelineCreator (BackgroundPipelineCreator.java:notifyEventTriggered(285)) - trigger a one-shot run on RatisPipelineUtilsThread.
2021-11-15 13:26:09,427 [RatisPipelineUtilsThread - 0] INFO  pipeline.RatisPipelineProvider (RatisPipelineProvider.java:lambda$create$0(183)) - Sending CreatePipelineCommand for pipeline:PipelineID=6a691ce7-a060-4b58-aeca-6d10605de37b to datanode:a7a9ee06-acf8-4996-94fe-a30a2f736f46
2021-11-15 13:26:09,432 [EventQueue-NodeRegistrationContainerReportForDataNodeSafeModeRule] INFO  safemode.SCMSafeModeManager (DataNodeSafeModeRule.java:process(71)) - SCM in safe mode. 3 DataNodes registered, 3 required.
2021-11-15 13:26:09,433 [EventQueue-NodeRegistrationContainerReportForDataNodeSafeModeRule] INFO  safemode.SCMSafeModeManager (SCMSafeModeManager.java:validateSafeModeExitRules(204)) - DataNodeSafeModeRule rule is successfully validated
2021-11-15 13:26:09,433 [EventQueue-NodeRegistrationContainerReportForDataNodeSafeModeRule] INFO  safemode.SCMSafeModeManager (SCMSafeModeManager.java:completePreCheck(233)) - All SCM safe mode pre check rules have passed
2021-11-15 13:26:09,433 [EventQueue-NodeRegistrationContainerReportForDataNodeSafeModeRule] WARN  events.EventQueue (EventQueue.java:fireEvent(194)) - No event handler registered for event TypedEvent{payloadType=SafeModeStatus, name='Safe mode status'}
2021-11-15 13:26:09,433 [EventQueue-NodeRegistrationContainerReportForDataNodeSafeModeRule] INFO  ha.SCMContext (SCMContext.java:updateSafeModeStatus(205)) - Update SafeModeStatus from SafeModeStatus{safeModeStatus=true, preCheckPassed=false} to SafeModeStatus{safeModeStatus=true, preCheckPassed=true}.
2021-11-15 13:26:09,433 [EventQueue-NodeRegistrationContainerReportForDataNodeSafeModeRule] INFO  pipeline.BackgroundPipelineCreator (BackgroundPipelineCreator.java:notifyEventTriggered(285)) - trigger a one-shot run on RatisPipelineUtilsThread.
2021-11-15 13:26:09,435 [cea2b274-67f8-42eb-ae41-f09704fbacf0@group-22C475060FAB-StateMachineUpdater] INFO  pipeline.PipelineStateManagerImpl (PipelineStateManagerImpl.java:addPipeline(101)) - Created pipeline Pipeline[ Id: 6a691ce7-a060-4b58-aeca-6d10605de37b, Nodes: a7a9ee06-acf8-4996-94fe-a30a2f736f46{ip: 127.0.0.1, host: localhost, ports: [REPLICATION=39299, RATIS=35177, RATIS_ADMIN=35177, RATIS_SERVER=35177, STANDALONE=38199], networkLocation: /default-rack, certSerialId: null, persistedOpState: IN_SERVICE, persistedOpStateExpiryEpochSec: 0}, ReplicationConfig: RATIS/ONE, State:ALLOCATED, leaderId:, CreationTimestamp2021-11-15T13:26:09.427Z[Etc/UTC]].
2021-11-15 13:26:09,435 [cea2b274-67f8-42eb-ae41-f09704fbacf0@group-22C475060FAB-StateMachineUpdater] INFO  safemode.HealthyPipelineSafeModeRule (HealthyPipelineSafeModeRule.java:initializeRule(152)) - Refreshed total pipeline count is 0, healthy pipeline threshold count is 1
2021-11-15 13:26:09,436 [RatisPipelineUtilsThread - 0] INFO  ha.SCMHAInvocationHandler (SCMHAInvocationHandler.java:invokeRatis(113)) - Invoking method public abstract void org.apache.hadoop.hdds.scm.pipeline.PipelineStateManager.addPipeline(org.apache.hadoop.hdds.protocol.proto.HddsProtos$Pipeline) throws java.io.IOException on target org.apache.hadoop.hdds.scm.ha.SCMRatisServerImpl@48a4ff50, cost 8622.085us
2021-11-15 13:26:09,437 [RatisPipelineUtilsThread - 0] INFO  pipeline.RatisPipelineProvider (RatisPipelineProvider.java:lambda$create$0(183)) - Sending CreatePipelineCommand for pipeline:PipelineID=24cc50e3-8c24-4c69-8aaf-d7b3e088ee4d to datanode:a7a9ee06-acf8-4996-94fe-a30a2f736f46
2021-11-15 13:26:09,437 [RatisPipelineUtilsThread - 0] INFO  pipeline.RatisPipelineProvider (RatisPipelineProvider.java:lambda$create$0(183)) - Sending CreatePipelineCommand for pipeline:PipelineID=24cc50e3-8c24-4c69-8aaf-d7b3e088ee4d to datanode:1b7637b9-df73-4fd2-9553-6cec13ff666d
2021-11-15 13:26:09,437 [RatisPipelineUtilsThread - 0] INFO  pipeline.RatisPipelineProvider (RatisPipelineProvider.java:lambda$create$0(183)) - Sending CreatePipelineCommand for pipeline:PipelineID=24cc50e3-8c24-4c69-8aaf-d7b3e088ee4d to datanode:15c58fd6-591f-43e3-aa4f-ac792bae557b
2021-11-15 13:26:09,449 [0a37f259-89fa-4cb5-a2dc-a190c2b03b5f@group-22C475060FAB-StateMachineUpdater] INFO  pipeline.PipelineStateManagerImpl (PipelineStateManagerImpl.java:addPipeline(101)) - Created pipeline Pipeline[ Id: 6a691ce7-a060-4b58-aeca-6d10605de37b, Nodes: a7a9ee06-acf8-4996-94fe-a30a2f736f46{ip: 127.0.0.1, host: localhost, ports: [REPLICATION=39299, RATIS=35177, RATIS_ADMIN=35177, RATIS_SERVER=35177, STANDALONE=38199], networkLocation: /default-rack, certSerialId: null, persistedOpState: IN_SERVICE, persistedOpStateExpiryEpochSec: 0}, ReplicationConfig: RATIS/ONE, State:ALLOCATED, leaderId:, CreationTimestamp2021-11-15T13:26:09.427Z[Etc/UTC]].
2021-11-15 13:26:09,449 [0a37f259-89fa-4cb5-a2dc-a190c2b03b5f@group-22C475060FAB-StateMachineUpdater] INFO  safemode.HealthyPipelineSafeModeRule (HealthyPipelineSafeModeRule.java:initializeRule(152)) - Refreshed total pipeline count is 0, healthy pipeline threshold count is 1
2021-11-15 13:26:09,452 [cea2b274-67f8-42eb-ae41-f09704fbacf0@group-22C475060FAB-StateMachineUpdater] INFO  pipeline.PipelineStateManagerImpl (PipelineStateManagerImpl.java:addPipeline(101)) - Created pipeline Pipeline[ Id: 24cc50e3-8c24-4c69-8aaf-d7b3e088ee4d, Nodes: a7a9ee06-acf8-4996-94fe-a30a2f736f46{ip: 127.0.0.1, host: localhost, ports: [REPLICATION=39299, RATIS=35177, RATIS_ADMIN=35177, RATIS_SERVER=35177, STANDALONE=38199], networkLocation: /default-rack, certSerialId: null, persistedOpState: IN_SERVICE, persistedOpStateExpiryEpochSec: 0}1b7637b9-df73-4fd2-9553-6cec13ff666d{ip: 127.0.0.1, host: localhost, ports: [REPLICATION=38167, RATIS=41211, RATIS_ADMIN=41211, RATIS_SERVER=41211, STANDALONE=42751], networkLocation: /default-rack, certSerialId: null, persistedOpState: IN_SERVICE, persistedOpStateExpiryEpochSec: 0}15c58fd6-591f-43e3-aa4f-ac792bae557b{ip: 127.0.0.1, host: localhost, ports: [REPLICATION=43749, RATIS=34937, RATIS_ADMIN=34937, RATIS_SERVER=34937, STANDALONE=41551], networkLocation: /default-rack, certSerialId: null, persistedOpState: IN_SERVICE, persistedOpStateExpiryEpochSec: 0}, ReplicationConfig: RATIS/THREE, State:ALLOCATED, leaderId:, CreationTimestamp2021-11-15T13:26:09.437Z[Etc/UTC]].
2021-11-15 13:26:09,453 [cea2b274-67f8-42eb-ae41-f09704fbacf0@group-22C475060FAB-StateMachineUpdater] INFO  safemode.HealthyPipelineSafeModeRule (HealthyPipelineSafeModeRule.java:initializeRule(152)) - Refreshed total pipeline count is 0, healthy pipeline threshold count is 1
2021-11-15 13:26:09,457 [RatisPipelineUtilsThread - 0] INFO  ha.SCMHAInvocationHandler (SCMHAInvocationHandler.java:invokeRatis(113)) - Invoking method public abstract void org.apache.hadoop.hdds.scm.pipeline.PipelineStateManager.addPipeline(org.apache.hadoop.hdds.protocol.proto.HddsProtos$Pipeline) throws java.io.IOException on target org.apache.hadoop.hdds.scm.ha.SCMRatisServerImpl@48a4ff50, cost 19598.129us
2021-11-15 13:26:09,458 [RatisPipelineUtilsThread - 0] INFO  pipeline.RatisPipelineProvider (RatisPipelineProvider.java:lambda$create$0(183)) - Sending CreatePipelineCommand for pipeline:PipelineID=30ff4324-be96-4690-9e43-ca48594c04ec to datanode:1b7637b9-df73-4fd2-9553-6cec13ff666d
2021-11-15 13:26:09,458 [RatisPipelineUtilsThread - 0] INFO  pipeline.RatisPipelineProvider (RatisPipelineProvider.java:lambda$create$0(183)) - Sending CreatePipelineCommand for pipeline:PipelineID=30ff4324-be96-4690-9e43-ca48594c04ec to datanode:a7a9ee06-acf8-4996-94fe-a30a2f736f46
2021-11-15 13:26:09,458 [RatisPipelineUtilsThread - 0] INFO  pipeline.RatisPipelineProvider (RatisPipelineProvider.java:lambda$create$0(183)) - Sending CreatePipelineCommand for pipeline:PipelineID=30ff4324-be96-4690-9e43-ca48594c04ec to datanode:15c58fd6-591f-43e3-aa4f-ac792bae557b
2021-11-15 13:26:09,460 [0a37f259-89fa-4cb5-a2dc-a190c2b03b5f@group-22C475060FAB-StateMachineUpdater] INFO  pipeline.PipelineStateManagerImpl (PipelineStateManagerImpl.java:addPipeline(101)) - Created pipeline Pipeline[ Id: 24cc50e3-8c24-4c69-8aaf-d7b3e088ee4d, Nodes: a7a9ee06-acf8-4996-94fe-a30a2f736f46{ip: 127.0.0.1, host: localhost, ports: [REPLICATION=39299, RATIS=35177, RATIS_ADMIN=35177, RATIS_SERVER=35177, STANDALONE=38199], networkLocation: /default-rack, certSerialId: null, persistedOpState: IN_SERVICE, persistedOpStateExpiryEpochSec: 0}1b7637b9-df73-4fd2-9553-6cec13ff666d{ip: 127.0.0.1, host: localhost, ports: [REPLICATION=38167, RATIS=41211, RATIS_ADMIN=41211, RATIS_SERVER=41211, STANDALONE=42751], networkLocation: /default-rack, certSerialId: null, persistedOpState: IN_SERVICE, persistedOpStateExpiryEpochSec: 0}15c58fd6-591f-43e3-aa4f-ac792bae557b{ip: 127.0.0.1, host: localhost, ports: [REPLICATION=43749, RATIS=34937, RATIS_ADMIN=34937, RATIS_SERVER=34937, STANDALONE=41551], networkLocation: /default-rack, certSerialId: null, persistedOpState: IN_SERVICE, persistedOpStateExpiryEpochSec: 0}, ReplicationConfig: RATIS/THREE, State:ALLOCATED, leaderId:, CreationTimestamp2021-11-15T13:26:09.437Z[Etc/UTC]].
2021-11-15 13:26:09,461 [0a37f259-89fa-4cb5-a2dc-a190c2b03b5f@group-22C475060FAB-StateMachineUpdater] INFO  safemode.HealthyPipelineSafeModeRule (HealthyPipelineSafeModeRule.java:initializeRule(152)) - Refreshed total pipeline count is 0, healthy pipeline threshold count is 1
2021-11-15 13:26:09,461 [0a37f259-89fa-4cb5-a2dc-a190c2b03b5f@group-22C475060FAB-StateMachineUpdater] INFO  ha.SCMStateMachine (SCMStateMachine.java:takeSnapshot(290)) - Current Snapshot Index 13, takeSnapshot took 0 ms
2021-11-15 13:26:09,461 [0a37f259-89fa-4cb5-a2dc-a190c2b03b5f@group-22C475060FAB-StateMachineUpdater] INFO  impl.StateMachineUpdater (StateMachineUpdater.java:takeSnapshot(281)) - 0a37f259-89fa-4cb5-a2dc-a190c2b03b5f@group-22C475060FAB-StateMachineUpdater: Took a snapshot at index 13
2021-11-15 13:26:09,461 [0a37f259-89fa-4cb5-a2dc-a190c2b03b5f@group-22C475060FAB-StateMachineUpdater] INFO  impl.StateMachineUpdater (StateMachineUpdater.java:lambda$new$0(89)) - 0a37f259-89fa-4cb5-a2dc-a190c2b03b5f@group-22C475060FAB-StateMachineUpdater: snapshotIndex: updateIncreasingly 7 -> 13
2021-11-15 13:26:09,461 [0a37f259-89fa-4cb5-a2dc-a190c2b03b5f@group-22C475060FAB-StateMachineUpdater] INFO  raftlog.RaftLog (RaftLogBase.java:purge(306)) - 0a37f259-89fa-4cb5-a2dc-a190c2b03b5f@group-22C475060FAB-SegmentedRaftLog: purge 13
2021-11-15 13:26:09,461 [0a37f259-89fa-4cb5-a2dc-a190c2b03b5f@group-22C475060FAB-StateMachineUpdater] INFO  raftlog.RaftLog (RaftLogBase.java:lambda$new$0(53)) - 0a37f259-89fa-4cb5-a2dc-a190c2b03b5f@group-22C475060FAB-SegmentedRaftLog: snapshotIndex: updateIncreasingly 7 -> 13
2021-11-15 13:26:09,461 [0a37f259-89fa-4cb5-a2dc-a190c2b03b5f@group-22C475060FAB-StateMachineUpdater] INFO  raftlog.RaftLog (RaftLogBase.java:lambda$new$0(53)) - 0a37f259-89fa-4cb5-a2dc-a190c2b03b5f@group-22C475060FAB-SegmentedRaftLog: purgeIndex: updateToMax old=7, new=13, updated? true
2021-11-15 13:26:09,474 [cea2b274-67f8-42eb-ae41-f09704fbacf0@group-22C475060FAB-StateMachineUpdater] INFO  pipeline.PipelineStateManagerImpl (PipelineStateManagerImpl.java:addPipeline(101)) - Created pipeline Pipeline[ Id: 30ff4324-be96-4690-9e43-ca48594c04ec, Nodes: 1b7637b9-df73-4fd2-9553-6cec13ff666d{ip: 127.0.0.1, host: localhost, ports: [REPLICATION=38167, RATIS=41211, RATIS_ADMIN=41211, RATIS_SERVER=41211, STANDALONE=42751], networkLocation: /default-rack, certSerialId: null, persistedOpState: IN_SERVICE, persistedOpStateExpiryEpochSec: 0}a7a9ee06-acf8-4996-94fe-a30a2f736f46{ip: 127.0.0.1, host: localhost, ports: [REPLICATION=39299, RATIS=35177, RATIS_ADMIN=35177, RATIS_SERVER=35177, STANDALONE=38199], networkLocation: /default-rack, certSerialId: null, persistedOpState: IN_SERVICE, persistedOpStateExpiryEpochSec: 0}15c58fd6-591f-43e3-aa4f-ac792bae557b{ip: 127.0.0.1, host: localhost, ports: [REPLICATION=43749, RATIS=34937, RATIS_ADMIN=34937, RATIS_SERVER=34937, STANDALONE=41551], networkLocation: /default-rack, certSerialId: null, persistedOpState: IN_SERVICE, persistedOpStateExpiryEpochSec: 0}, ReplicationConfig: RATIS/THREE, State:ALLOCATED, leaderId:, CreationTimestamp2021-11-15T13:26:09.458Z[Etc/UTC]].
2021-11-15 13:26:09,476 [cea2b274-67f8-42eb-ae41-f09704fbacf0@group-22C475060FAB-StateMachineUpdater] INFO  safemode.HealthyPipelineSafeModeRule (HealthyPipelineSafeModeRule.java:initializeRule(152)) - Refreshed total pipeline count is 0, healthy pipeline threshold count is 1
2021-11-15 13:26:09,476 [RatisPipelineUtilsThread - 0] INFO  ha.SCMHAInvocationHandler (SCMHAInvocationHandler.java:invokeRatis(113)) - Invoking method public abstract void org.apache.hadoop.hdds.scm.pipeline.PipelineStateManager.addPipeline(org.apache.hadoop.hdds.protocol.proto.HddsProtos$Pipeline) throws java.io.IOException on target org.apache.hadoop.hdds.scm.ha.SCMRatisServerImpl@48a4ff50, cost 17758.804us
2021-11-15 13:26:09,477 [RatisPipelineUtilsThread - 0] INFO  pipeline.PipelineManagerImpl (PipelineManagerImpl.java:recordMetricsForPipeline(620)) - Pipeline: PipelineID=30ff4324-be96-4690-9e43-ca48594c04ec contains same datanodes as previous pipelines: PipelineID=24cc50e3-8c24-4c69-8aaf-d7b3e088ee4d nodeIds: 1b7637b9-df73-4fd2-9553-6cec13ff666d, a7a9ee06-acf8-4996-94fe-a30a2f736f46, 15c58fd6-591f-43e3-aa4f-ac792bae557b
2021-11-15 13:26:09,478 [cea2b274-67f8-42eb-ae41-f09704fbacf0@group-22C475060FAB-StateMachineUpdater] INFO  ha.SCMStateMachine (SCMStateMachine.java:takeSnapshot(290)) - Current Snapshot Index 15, takeSnapshot took 2 ms
2021-11-15 13:26:09,478 [cea2b274-67f8-42eb-ae41-f09704fbacf0@group-22C475060FAB-StateMachineUpdater] INFO  impl.StateMachineUpdater (StateMachineUpdater.java:takeSnapshot(281)) - cea2b274-67f8-42eb-ae41-f09704fbacf0@group-22C475060FAB-StateMachineUpdater: Took a snapshot at index 15
2021-11-15 13:26:09,478 [cea2b274-67f8-42eb-ae41-f09704fbacf0@group-22C475060FAB-StateMachineUpdater] INFO  impl.StateMachineUpdater (StateMachineUpdater.java:lambda$new$0(89)) - cea2b274-67f8-42eb-ae41-f09704fbacf0@group-22C475060FAB-StateMachineUpdater: snapshotIndex: updateIncreasingly 10 -> 15
2021-11-15 13:26:09,478 [cea2b274-67f8-42eb-ae41-f09704fbacf0@group-22C475060FAB-StateMachineUpdater] INFO  raftlog.RaftLog (RaftLogBase.java:purge(306)) - cea2b274-67f8-42eb-ae41-f09704fbacf0@group-22C475060FAB-SegmentedRaftLog: purge 15
2021-11-15 13:26:09,478 [cea2b274-67f8-42eb-ae41-f09704fbacf0@group-22C475060FAB-StateMachineUpdater] INFO  raftlog.RaftLog (RaftLogBase.java:lambda$new$0(53)) - cea2b274-67f8-42eb-ae41-f09704fbacf0@group-22C475060FAB-SegmentedRaftLog: snapshotIndex: updateIncreasingly 10 -> 15
2021-11-15 13:26:09,478 [cea2b274-67f8-42eb-ae41-f09704fbacf0@group-22C475060FAB-StateMachineUpdater] INFO  raftlog.RaftLog (RaftLogBase.java:lambda$new$0(53)) - cea2b274-67f8-42eb-ae41-f09704fbacf0@group-22C475060FAB-SegmentedRaftLog: purgeIndex: updateToMax old=10, new=15, updated? true
2021-11-15 13:26:09,496 [0a37f259-89fa-4cb5-a2dc-a190c2b03b5f@group-22C475060FAB-StateMachineUpdater] INFO  pipeline.PipelineStateManagerImpl (PipelineStateManagerImpl.java:addPipeline(101)) - Created pipeline Pipeline[ Id: 30ff4324-be96-4690-9e43-ca48594c04ec, Nodes: 1b7637b9-df73-4fd2-9553-6cec13ff666d{ip: 127.0.0.1, host: localhost, ports: [REPLICATION=38167, RATIS=41211, RATIS_ADMIN=41211, RATIS_SERVER=41211, STANDALONE=42751], networkLocation: /default-rack, certSerialId: null, persistedOpState: IN_SERVICE, persistedOpStateExpiryEpochSec: 0}a7a9ee06-acf8-4996-94fe-a30a2f736f46{ip: 127.0.0.1, host: localhost, ports: [REPLICATION=39299, RATIS=35177, RATIS_ADMIN=35177, RATIS_SERVER=35177, STANDALONE=38199], networkLocation: /default-rack, certSerialId: null, persistedOpState: IN_SERVICE, persistedOpStateExpiryEpochSec: 0}15c58fd6-591f-43e3-aa4f-ac792bae557b{ip: 127.0.0.1, host: localhost, ports: [REPLICATION=43749, RATIS=34937, RATIS_ADMIN=34937, RATIS_SERVER=34937, STANDALONE=41551], networkLocation: /default-rack, certSerialId: null, persistedOpState: IN_SERVICE, persistedOpStateExpiryEpochSec: 0}, ReplicationConfig: RATIS/THREE, State:ALLOCATED, leaderId:, CreationTimestamp2021-11-15T13:26:09.458Z[Etc/UTC]].
2021-11-15 13:26:09,496 [0a37f259-89fa-4cb5-a2dc-a190c2b03b5f@group-22C475060FAB-StateMachineUpdater] INFO  safemode.HealthyPipelineSafeModeRule (HealthyPipelineSafeModeRule.java:initializeRule(152)) - Refreshed total pipeline count is 0, healthy pipeline threshold count is 1
2021-11-15 13:26:10,354 [Listener at 127.0.0.1/13216] INFO  ozone.MiniOzoneClusterImpl (MiniOzoneClusterImpl.java:lambda$waitForClusterToBeReady$0(235)) - Nodes are ready. Got 3 of 3 DN Heartbeats.
2021-11-15 13:26:10,354 [Listener at 127.0.0.1/13216] INFO  ozone.MiniOzoneClusterImpl (MiniOzoneClusterImpl.java:lambda$waitForClusterToBeReady$0(238)) - Waiting for cluster to exit safe mode
2021-11-15 13:26:10,355 [Listener at 127.0.0.1/13216] INFO  ozone.MiniOzoneClusterImpl (MiniOzoneClusterImpl.java:lambda$waitForClusterToBeReady$0(240)) - SCM became leader
2021-11-15 13:26:10,392 [EndpointStateMachine task thread for /127.0.0.1:14733 - 0 ] INFO  ipc.Client (Client.java:handleConnectionFailure(977)) - Retrying connect to server: localhost/127.0.0.1:14733. Already tried 12 time(s); retry policy is RetryUpToMaximumCountWithFixedSleep(maxRetries=15, sleepTime=1000 MILLISECONDS)
2021-11-15 13:26:10,392 [EndpointStateMachine task thread for /127.0.0.1:14723 - 0 ] INFO  ipc.Client (Client.java:handleConnectionFailure(977)) - Retrying connect to server: localhost/127.0.0.1:14723. Already tried 12 time(s); retry policy is RetryUpToMaximumCountWithFixedSleep(maxRetries=15, sleepTime=1000 MILLISECONDS)
2021-11-15 13:26:10,394 [EndpointStateMachine task thread for /127.0.0.1:14713 - 0 ] INFO  ipc.Client (Client.java:handleConnectionFailure(977)) - Retrying connect to server: localhost/127.0.0.1:14713. Already tried 12 time(s); retry policy is RetryUpToMaximumCountWithFixedSleep(maxRetries=15, sleepTime=1000 MILLISECONDS)
2021-11-15 13:26:11,272 [Datanode State Machine Daemon Thread] ERROR datanode.RunningDatanodeState (RunningDatanodeState.java:computeNextContainerState(199)) - Error in executing end point task.
java.util.concurrent.ExecutionException: java.util.concurrent.TimeoutException
	at java.util.concurrent.FutureTask.report(FutureTask.java:122)
	at java.util.concurrent.FutureTask.get(FutureTask.java:192)
	at org.apache.hadoop.ozone.container.common.states.datanode.RunningDatanodeState.computeNextContainerState(RunningDatanodeState.java:191)
	at org.apache.hadoop.ozone.container.common.states.datanode.RunningDatanodeState.await(RunningDatanodeState.java:231)
	at org.apache.hadoop.ozone.container.common.states.datanode.RunningDatanodeState.await(RunningDatanodeState.java:50)
	at org.apache.hadoop.ozone.container.common.statemachine.StateContext.execute(StateContext.java:633)
	at org.apache.hadoop.ozone.container.common.statemachine.DatanodeStateMachine.start(DatanodeStateMachine.java:280)
	at org.apache.hadoop.ozone.container.common.statemachine.DatanodeStateMachine.lambda$startDaemon$0(DatanodeStateMachine.java:468)
	at java.lang.Thread.run(Thread.java:748)
Caused by: java.util.concurrent.TimeoutException
	at java.util.concurrent.FutureTask.get(FutureTask.java:205)
	at org.apache.hadoop.ozone.container.common.states.datanode.RunningDatanodeState.lambda$execute$0(RunningDatanodeState.java:149)
	at java.util.concurrent.FutureTask.run(FutureTask.java:266)
	at java.util.concurrent.Executors$RunnableAdapter.call(Executors.java:511)
	at java.util.concurrent.FutureTask.run(FutureTask.java:266)
	at java.util.concurrent.ThreadPoolExecutor.runWorker(ThreadPoolExecutor.java:1149)
	at java.util.concurrent.ThreadPoolExecutor$Worker.run(ThreadPoolExecutor.java:624)
	... 1 more
2021-11-15 13:26:11,276 [Command processor thread] INFO  server.RaftServer (RaftServerProxy.java:addNew(95)) - 15c58fd6-591f-43e3-aa4f-ac792bae557b: addNew group-3EF3B5AE3404:[15c58fd6-591f-43e3-aa4f-ac792bae557b|rpc:127.0.0.1:34937|priority:1] returns group-3EF3B5AE3404:java.util.concurrent.CompletableFuture@1a0332c3[Not completed]
2021-11-15 13:26:11,278 [pool-294-thread-1] INFO  server.RaftServer$Division (RaftServerImpl.java:<init>(184)) - 15c58fd6-591f-43e3-aa4f-ac792bae557b: new RaftServerImpl for group-3EF3B5AE3404:[15c58fd6-591f-43e3-aa4f-ac792bae557b|rpc:127.0.0.1:34937|priority:1] with ContainerStateMachine:uninitialized
2021-11-15 13:26:11,285 [pool-294-thread-1] INFO  server.RaftServerConfigKeys (ConfUtils.java:logGet(44)) - raft.server.rpc.timeout.min = 5s (custom)
2021-11-15 13:26:11,285 [pool-294-thread-1] INFO  server.RaftServerConfigKeys (ConfUtils.java:logGet(44)) - raft.server.rpc.timeout.max = 5200ms (custom)
2021-11-15 13:26:11,285 [pool-294-thread-1] INFO  server.RaftServerConfigKeys (ConfUtils.java:logGet(44)) - raft.server.rpc.sleep.time = 25ms (default)
2021-11-15 13:26:11,285 [pool-294-thread-1] INFO  server.RaftServerConfigKeys (ConfUtils.java:logGet(44)) - raft.server.rpc.slowness.timeout = 300s (custom)
2021-11-15 13:26:11,285 [pool-294-thread-1] INFO  server.RaftServerConfigKeys (ConfUtils.java:logGet(44)) - raft.server.leaderelection.leader.step-down.wait-time = 10s (default)
2021-11-15 13:26:11,285 [pool-294-thread-1] INFO  server.RaftServerConfigKeys (ConfUtils.java:logGet(44)) - raft.server.sleep.deviation.threshold = 300ms (default)
2021-11-15 13:26:11,285 [pool-294-thread-1] INFO  server.RaftServerConfigKeys (ConfUtils.java:logGet(44)) - raft.server.log.appender.install.snapshot.enabled = false (custom)
2021-11-15 13:26:11,285 [pool-294-thread-1] INFO  server.RaftServer$Division (ServerState.java:<init>(105)) - 15c58fd6-591f-43e3-aa4f-ac792bae557b@group-3EF3B5AE3404: ConfigurationManager, init=-1: [15c58fd6-591f-43e3-aa4f-ac792bae557b|rpc:127.0.0.1:34937|priority:1], old=null, confs=<EMPTY_MAP>
2021-11-15 13:26:11,285 [pool-294-thread-1] INFO  server.RaftServerConfigKeys (ConfUtils.java:logGet(44)) - raft.server.storage.dir = [/home/runner/work/ozone/ozone/hadoop-ozone/integration-test/target/test-dir/MiniOzoneClusterImpl-54fbe6a2-d836-4e9c-ac0d-22c475060fab/datanode-0/data/ratis] (custom)
2021-11-15 13:26:11,285 [pool-294-thread-1] INFO  server.RaftServerConfigKeys (ConfUtils.java:logGet(44)) - raft.server.log.corruption.policy = EXCEPTION (default)
2021-11-15 13:26:11,285 [pool-294-thread-1] INFO  server.RaftServerConfigKeys (ConfUtils.java:logGet(44)) - raft.server.storage.free-space.min = 0MB (=0) (default)
2021-11-15 13:26:11,286 [pool-294-thread-1] INFO  storage.RaftStorageDirectory (RaftStorageDirectoryImpl.java:analyzeStorage(135)) - The storage directory /home/runner/work/ozone/ozone/hadoop-ozone/integration-test/target/test-dir/MiniOzoneClusterImpl-54fbe6a2-d836-4e9c-ac0d-22c475060fab/datanode-0/data/ratis/bcd8657d-9dbc-4ee1-9d34-3ef3b5ae3404 does not exist. Creating ...
2021-11-15 13:26:11,287 [pool-294-thread-1] INFO  storage.RaftStorageDirectory (RaftStorageDirectoryImpl.java:tryLock(230)) - Lock on /home/runner/work/ozone/ozone/hadoop-ozone/integration-test/target/test-dir/MiniOzoneClusterImpl-54fbe6a2-d836-4e9c-ac0d-22c475060fab/datanode-0/data/ratis/bcd8657d-9dbc-4ee1-9d34-3ef3b5ae3404/in_use.lock acquired by nodename 23543@fv-az151-339
2021-11-15 13:26:11,297 [pool-294-thread-1] INFO  storage.RaftStorage (RaftStorageImpl.java:format(89)) - Storage directory /home/runner/work/ozone/ozone/hadoop-ozone/integration-test/target/test-dir/MiniOzoneClusterImpl-54fbe6a2-d836-4e9c-ac0d-22c475060fab/datanode-0/data/ratis/bcd8657d-9dbc-4ee1-9d34-3ef3b5ae3404 has been successfully formatted.
2021-11-15 13:26:11,298 [pool-294-thread-1] INFO  ratis.ContainerStateMachine (ContainerStateMachine.java:loadSnapshot(224)) - group-3EF3B5AE3404: The snapshot info is null. Setting the last applied indexto:(t:0, i:~)
2021-11-15 13:26:11,298 [pool-294-thread-1] INFO  server.RaftServerConfigKeys (ConfUtils.java:logGet(44)) - raft.server.notification.no-leader.timeout = 300s (custom)
2021-11-15 13:26:11,298 [pool-294-thread-1] INFO  server.RaftServerConfigKeys (ConfUtils.java:logGet(44)) - raft.server.log.use.memory = false (default)
2021-11-15 13:26:11,298 [pool-294-thread-1] INFO  server.RaftServerConfigKeys (ConfUtils.java:logGet(44)) - raft.server.log.purge.gap = 1000000 (custom)
2021-11-15 13:26:11,298 [pool-294-thread-1] INFO  server.RaftServerConfigKeys (ConfUtils.java:logGet(44)) - raft.server.log.appender.buffer.byte-limit = 33554432 (custom)
2021-11-15 13:26:11,298 [pool-294-thread-1] INFO  server.RaftServerConfigKeys (ConfUtils.java:logGet(44)) - raft.server.log.segment.size.max = 1048576 (custom)
2021-11-15 13:26:11,299 [pool-294-thread-1] INFO  server.RaftServerConfigKeys (ConfUtils.java:logGet(44)) - raft.server.log.segment.cache.num.max = 2 (custom)
2021-11-15 13:26:11,299 [pool-294-thread-1] INFO  server.RaftServerConfigKeys (ConfUtils.java:logGet(44)) - raft.server.log.segment.cache.size.max = 200MB (=209715200) (default)
2021-11-15 13:26:11,299 [pool-294-thread-1] INFO  segmented.SegmentedRaftLogWorker (SegmentedRaftLogWorker.java:<init>(182)) - new 15c58fd6-591f-43e3-aa4f-ac792bae557b@group-3EF3B5AE3404-SegmentedRaftLogWorker for RaftStorageImpl:Storage Directory /home/runner/work/ozone/ozone/hadoop-ozone/integration-test/target/test-dir/MiniOzoneClusterImpl-54fbe6a2-d836-4e9c-ac0d-22c475060fab/datanode-0/data/ratis/bcd8657d-9dbc-4ee1-9d34-3ef3b5ae3404
2021-11-15 13:26:11,299 [pool-294-thread-1] INFO  server.RaftServerConfigKeys (ConfUtils.java:logGet(44)) - raft.server.log.queue.byte-limit = 2147483647 (custom)
2021-11-15 13:26:11,299 [pool-294-thread-1] INFO  server.RaftServerConfigKeys (ConfUtils.java:logGet(44)) - raft.server.log.queue.element-limit = 1024 (custom)
2021-11-15 13:26:11,299 [pool-294-thread-1] INFO  server.RaftServerConfigKeys (ConfUtils.java:logGet(44)) - raft.server.log.segment.size.max = 1048576 (custom)
2021-11-15 13:26:11,299 [pool-294-thread-1] INFO  server.RaftServerConfigKeys (ConfUtils.java:logGet(44)) - raft.server.log.preallocated.size = 16384 (custom)
2021-11-15 13:26:11,299 [pool-294-thread-1] INFO  server.RaftServerConfigKeys (ConfUtils.java:logGet(44)) - raft.server.log.force.sync.num = 128 (default)
2021-11-15 13:26:11,299 [pool-294-thread-1] INFO  server.RaftServerConfigKeys (ConfUtils.java:logGet(44)) - raft.server.log.statemachine.data.sync = true (default)
2021-11-15 13:26:11,299 [pool-294-thread-1] INFO  server.RaftServerConfigKeys (ConfUtils.java:logGet(44)) - raft.server.log.statemachine.data.sync.timeout = 10s (default)
2021-11-15 13:26:11,299 [pool-294-thread-1] INFO  server.RaftServerConfigKeys (ConfUtils.java:logGet(44)) - raft.server.log.statemachine.data.sync.timeout.retry = -1 (default)
2021-11-15 13:26:11,300 [pool-294-thread-1] INFO  server.RaftServerConfigKeys (ConfUtils.java:logGet(44)) - raft.server.log.write.buffer.size = 1048576 (custom)
2021-11-15 13:26:11,300 [pool-294-thread-1] INFO  server.RaftServerConfigKeys (ConfUtils.java:logGet(44)) - raft.server.log.statemachine.data.caching.enabled = true (custom)
2021-11-15 13:26:11,300 [pool-294-thread-1] INFO  segmented.SegmentedRaftLogWorker (SegmentedRaftLogWorker.java:lambda$new$0(133)) - 15c58fd6-591f-43e3-aa4f-ac792bae557b@group-3EF3B5AE3404-SegmentedRaftLogWorker: flushIndex: setUnconditionally 0 -> -1
2021-11-15 13:26:11,300 [pool-294-thread-1] INFO  segmented.SegmentedRaftLogWorker (SegmentedRaftLogWorker.java:lambda$new$0(133)) - 15c58fd6-591f-43e3-aa4f-ac792bae557b@group-3EF3B5AE3404-SegmentedRaftLogWorker: safeCacheEvictIndex: setUnconditionally 0 -> -1
2021-11-15 13:26:11,301 [EventQueue-PipelineReportForPipelineReportHandler] INFO  pipeline.PipelineManagerImpl (PipelineManagerImpl.java:openPipeline(289)) - Pipeline Pipeline[ Id: bcd8657d-9dbc-4ee1-9d34-3ef3b5ae3404, Nodes: 15c58fd6-591f-43e3-aa4f-ac792bae557b{ip: 127.0.0.1, host: localhost, ports: [REPLICATION=43749, RATIS=34937, RATIS_ADMIN=34937, RATIS_SERVER=34937, STANDALONE=41551], networkLocation: /default-rack, certSerialId: null, persistedOpState: IN_SERVICE, persistedOpStateExpiryEpochSec: 0}, ReplicationConfig: RATIS/ONE, State:ALLOCATED, leaderId:15c58fd6-591f-43e3-aa4f-ac792bae557b, CreationTimestamp2021-11-15T13:26:08.306Z[Etc/UTC]] moved to OPEN state
2021-11-15 13:26:11,302 [EventQueue-PipelineReportForPipelineReportHandler] INFO  pipeline.PipelineManagerImpl (PipelineManagerImpl.java:openPipeline(289)) - Pipeline Pipeline[ Id: bcd8657d-9dbc-4ee1-9d34-3ef3b5ae3404, Nodes: 15c58fd6-591f-43e3-aa4f-ac792bae557b{ip: 127.0.0.1, host: localhost, ports: [REPLICATION=43749, RATIS=34937, RATIS_ADMIN=34937, RATIS_SERVER=34937, STANDALONE=41551], networkLocation: /default-rack, certSerialId: null, persistedOpState: IN_SERVICE, persistedOpStateExpiryEpochSec: 0}, ReplicationConfig: RATIS/ONE, State:ALLOCATED, leaderId:15c58fd6-591f-43e3-aa4f-ac792bae557b, CreationTimestamp2021-11-15T13:26:08.306Z[Etc/UTC]] moved to OPEN state
2021-11-15 13:26:11,302 [EndpointStateMachine task thread for /127.0.0.1:14581 - 0 ] WARN  statemachine.EndpointStateMachine (EndpointStateMachine.java:logIfNeeded(236)) - Unable to communicate to SCM server at 127.0.0.1:14581 for past 0 seconds.
java.net.SocketTimeoutException: Call From fv-az151-339/10.1.0.55 to localhost:14581 failed on socket timeout exception: java.net.SocketTimeoutException: 5000 millis timeout while waiting for channel to be ready for read. ch : java.nio.channels.SocketChannel[connected local=/127.0.0.1:37690 remote=/127.0.0.1:14581]; For more details see:  http://wiki.apache.org/hadoop/SocketTimeout
	at sun.reflect.NativeConstructorAccessorImpl.newInstance0(Native Method)
	at sun.reflect.NativeConstructorAccessorImpl.newInstance(NativeConstructorAccessorImpl.java:62)
	at sun.reflect.DelegatingConstructorAccessorImpl.newInstance(DelegatingConstructorAccessorImpl.java:45)
	at java.lang.reflect.Constructor.newInstance(Constructor.java:423)
	at org.apache.hadoop.net.NetUtils.wrapWithMessage(NetUtils.java:913)
	at org.apache.hadoop.net.NetUtils.wrapException(NetUtils.java:848)
	at org.apache.hadoop.ipc.Client.getRpcResponse(Client.java:1577)
	at org.apache.hadoop.ipc.Client.call(Client.java:1519)
	at org.apache.hadoop.ipc.Client.call(Client.java:1416)
	at org.apache.hadoop.ipc.ProtobufRpcEngine$Invoker.invoke(ProtobufRpcEngine.java:236)
	at org.apache.hadoop.ipc.ProtobufRpcEngine$Invoker.invoke(ProtobufRpcEngine.java:123)
	at com.sun.proxy.$Proxy48.submitRequest(Unknown Source)
	at org.apache.hadoop.ozone.protocolPB.StorageContainerDatanodeProtocolClientSideTranslatorPB.submitRequest(StorageContainerDatanodeProtocolClientSideTranslatorPB.java:117)
	at org.apache.hadoop.ozone.protocolPB.StorageContainerDatanodeProtocolClientSideTranslatorPB.getVersion(StorageContainerDatanodeProtocolClientSideTranslatorPB.java:133)
	at org.apache.hadoop.ozone.container.common.states.endpoint.VersionEndpointTask.call(VersionEndpointTask.java:71)
	at org.apache.hadoop.ozone.container.common.states.endpoint.VersionEndpointTask.call(VersionEndpointTask.java:42)
	at java.util.concurrent.FutureTask.run(FutureTask.java:266)
	at java.util.concurrent.ThreadPoolExecutor.runWorker(ThreadPoolExecutor.java:1149)
	at java.util.concurrent.ThreadPoolExecutor$Worker.run(ThreadPoolExecutor.java:624)
	at java.lang.Thread.run(Thread.java:748)
Caused by: java.net.SocketTimeoutException: 5000 millis timeout while waiting for channel to be ready for read. ch : java.nio.channels.SocketChannel[connected local=/127.0.0.1:37690 remote=/127.0.0.1:14581]
	at org.apache.hadoop.net.SocketIOWithTimeout.doIO(SocketIOWithTimeout.java:164)
	at org.apache.hadoop.net.SocketInputStream.read(SocketInputStream.java:161)
	at org.apache.hadoop.net.SocketInputStream.read(SocketInputStream.java:131)
	at java.io.FilterInputStream.read(FilterInputStream.java:133)
	at java.io.BufferedInputStream.fill(BufferedInputStream.java:246)
	at java.io.BufferedInputStream.read(BufferedInputStream.java:265)
	at java.io.FilterInputStream.read(FilterInputStream.java:83)
	at java.io.FilterInputStream.read(FilterInputStream.java:83)
	at org.apache.hadoop.ipc.Client$Connection$PingInputStream.read(Client.java:563)
	at java.io.DataInputStream.readInt(DataInputStream.java:387)
	at org.apache.hadoop.ipc.Client$IpcStreams.readResponse(Client.java:1892)
	at org.apache.hadoop.ipc.Client$Connection.receiveRpcResponse(Client.java:1202)
	at org.apache.hadoop.ipc.Client$Connection.run(Client.java:1098)
2021-11-15 13:26:11,306 [EndpointStateMachine task thread for /127.0.0.1:14581 - 0 ] WARN  statemachine.EndpointStateMachine (EndpointStateMachine.java:logIfNeeded(236)) - Unable to communicate to SCM server at 127.0.0.1:14581 for past 0 seconds.
java.net.SocketTimeoutException: Call From fv-az151-339/10.1.0.55 to localhost:14581 failed on socket timeout exception: java.net.SocketTimeoutException: 5000 millis timeout while waiting for channel to be ready for read. ch : java.nio.channels.SocketChannel[connected local=/127.0.0.1:37690 remote=/127.0.0.1:14581]; For more details see:  http://wiki.apache.org/hadoop/SocketTimeout
	at sun.reflect.NativeConstructorAccessorImpl.newInstance0(Native Method)
	at sun.reflect.NativeConstructorAccessorImpl.newInstance(NativeConstructorAccessorImpl.java:62)
	at sun.reflect.DelegatingConstructorAccessorImpl.newInstance(DelegatingConstructorAccessorImpl.java:45)
	at java.lang.reflect.Constructor.newInstance(Constructor.java:423)
	at org.apache.hadoop.net.NetUtils.wrapWithMessage(NetUtils.java:913)
	at org.apache.hadoop.net.NetUtils.wrapException(NetUtils.java:848)
	at org.apache.hadoop.ipc.Client.getRpcResponse(Client.java:1577)
	at org.apache.hadoop.ipc.Client.call(Client.java:1519)
	at org.apache.hadoop.ipc.Client.call(Client.java:1416)
	at org.apache.hadoop.ipc.ProtobufRpcEngine$Invoker.invoke(ProtobufRpcEngine.java:236)
	at org.apache.hadoop.ipc.ProtobufRpcEngine$Invoker.invoke(ProtobufRpcEngine.java:123)
	at com.sun.proxy.$Proxy48.submitRequest(Unknown Source)
	at org.apache.hadoop.ozone.protocolPB.StorageContainerDatanodeProtocolClientSideTranslatorPB.submitRequest(StorageContainerDatanodeProtocolClientSideTranslatorPB.java:117)
	at org.apache.hadoop.ozone.protocolPB.StorageContainerDatanodeProtocolClientSideTranslatorPB.getVersion(StorageContainerDatanodeProtocolClientSideTranslatorPB.java:133)
	at org.apache.hadoop.ozone.container.common.states.endpoint.VersionEndpointTask.call(VersionEndpointTask.java:71)
	at org.apache.hadoop.ozone.container.common.states.endpoint.VersionEndpointTask.call(VersionEndpointTask.java:42)
	at java.util.concurrent.FutureTask.run(FutureTask.java:266)
	at java.util.concurrent.ThreadPoolExecutor.runWorker(ThreadPoolExecutor.java:1149)
	at java.util.concurrent.ThreadPoolExecutor$Worker.run(ThreadPoolExecutor.java:624)
	at java.lang.Thread.run(Thread.java:748)
Caused by: java.net.SocketTimeoutException: 5000 millis timeout while waiting for channel to be ready for read. ch : java.nio.channels.SocketChannel[connected local=/127.0.0.1:37690 remote=/127.0.0.1:14581]
	at org.apache.hadoop.net.SocketIOWithTimeout.doIO(SocketIOWithTimeout.java:164)
	at org.apache.hadoop.net.SocketInputStream.read(SocketInputStream.java:161)
	at org.apache.hadoop.net.SocketInputStream.read(SocketInputStream.java:131)
	at java.io.FilterInputStream.read(FilterInputStream.java:133)
	at java.io.BufferedInputStream.fill(BufferedInputStream.java:246)
	at java.io.BufferedInputStream.read(BufferedInputStream.java:265)
	at java.io.FilterInputStream.read(FilterInputStream.java:83)
	at java.io.FilterInputStream.read(FilterInputStream.java:83)
	at org.apache.hadoop.ipc.Client$Connection$PingInputStream.read(Client.java:563)
	at java.io.DataInputStream.readInt(DataInputStream.java:387)
	at org.apache.hadoop.ipc.Client$IpcStreams.readResponse(Client.java:1892)
	at org.apache.hadoop.ipc.Client$Connection.receiveRpcResponse(Client.java:1202)
	at org.apache.hadoop.ipc.Client$Connection.run(Client.java:1098)
2021-11-15 13:26:11,306 [EndpointStateMachine task thread for /127.0.0.1:14581 - 0 ] WARN  statemachine.EndpointStateMachine (EndpointStateMachine.java:logIfNeeded(236)) - Unable to communicate to SCM server at localhost:14581 for past 0 seconds.
java.net.SocketTimeoutException: Call From fv-az151-339/10.1.0.55 to localhost:14581 failed on socket timeout exception: java.net.SocketTimeoutException: 5000 millis timeout while waiting for channel to be ready for read. ch : java.nio.channels.SocketChannel[connected local=/127.0.0.1:37690 remote=/127.0.0.1:14581]; For more details see:  http://wiki.apache.org/hadoop/SocketTimeout
	at sun.reflect.NativeConstructorAccessorImpl.newInstance0(Native Method)
	at sun.reflect.NativeConstructorAccessorImpl.newInstance(NativeConstructorAccessorImpl.java:62)
	at sun.reflect.DelegatingConstructorAccessorImpl.newInstance(DelegatingConstructorAccessorImpl.java:45)
	at java.lang.reflect.Constructor.newInstance(Constructor.java:423)
	at org.apache.hadoop.net.NetUtils.wrapWithMessage(NetUtils.java:913)
	at org.apache.hadoop.net.NetUtils.wrapException(NetUtils.java:848)
	at org.apache.hadoop.ipc.Client.getRpcResponse(Client.java:1577)
	at org.apache.hadoop.ipc.Client.call(Client.java:1519)
	at org.apache.hadoop.ipc.Client.call(Client.java:1416)
	at org.apache.hadoop.ipc.ProtobufRpcEngine$Invoker.invoke(ProtobufRpcEngine.java:236)
	at org.apache.hadoop.ipc.ProtobufRpcEngine$Invoker.invoke(ProtobufRpcEngine.java:123)
	at com.sun.proxy.$Proxy48.submitRequest(Unknown Source)
	at org.apache.hadoop.ozone.protocolPB.StorageContainerDatanodeProtocolClientSideTranslatorPB.submitRequest(StorageContainerDatanodeProtocolClientSideTranslatorPB.java:117)
	at org.apache.hadoop.ozone.protocolPB.StorageContainerDatanodeProtocolClientSideTranslatorPB.getVersion(StorageContainerDatanodeProtocolClientSideTranslatorPB.java:133)
	at org.apache.hadoop.ozone.container.common.states.endpoint.VersionEndpointTask.call(VersionEndpointTask.java:71)
	at org.apache.hadoop.ozone.container.common.states.endpoint.VersionEndpointTask.call(VersionEndpointTask.java:42)
	at java.util.concurrent.FutureTask.run(FutureTask.java:266)
	at java.util.concurrent.ThreadPoolExecutor.runWorker(ThreadPoolExecutor.java:1149)
	at java.util.concurrent.ThreadPoolExecutor$Worker.run(ThreadPoolExecutor.java:624)
	at java.lang.Thread.run(Thread.java:748)
Caused by: java.net.SocketTimeoutException: 5000 millis timeout while waiting for channel to be ready for read. ch : java.nio.channels.SocketChannel[connected local=/127.0.0.1:37690 remote=/127.0.0.1:14581]
	at org.apache.hadoop.net.SocketIOWithTimeout.doIO(SocketIOWithTimeout.java:164)
	at org.apache.hadoop.net.SocketInputStream.read(SocketInputStream.java:161)
	at org.apache.hadoop.net.SocketInputStream.read(SocketInputStream.java:131)
	at java.io.FilterInputStream.read(FilterInputStream.java:133)
	at java.io.BufferedInputStream.fill(BufferedInputStream.java:246)
	at java.io.BufferedInputStream.read(BufferedInputStream.java:265)
	at java.io.FilterInputStream.read(FilterInputStream.java:83)
	at java.io.FilterInputStream.read(FilterInputStream.java:83)
	at org.apache.hadoop.ipc.Client$Connection$PingInputStream.read(Client.java:563)
	at java.io.DataInputStream.readInt(DataInputStream.java:387)
	at org.apache.hadoop.ipc.Client$IpcStreams.readResponse(Client.java:1892)
	at org.apache.hadoop.ipc.Client$Connection.receiveRpcResponse(Client.java:1202)
	at org.apache.hadoop.ipc.Client$Connection.run(Client.java:1098)
2021-11-15 13:26:11,306 [pool-294-thread-1] INFO  server.RaftServerConfigKeys (ConfUtils.java:logGet(44)) - raft.server.snapshot.auto.trigger.enabled = true (custom)
2021-11-15 13:26:11,327 [pool-294-thread-1] INFO  server.RaftServerConfigKeys (ConfUtils.java:logGet(44)) - raft.server.snapshot.auto.trigger.threshold = 10000 (custom)
2021-11-15 13:26:11,327 [pool-294-thread-1] INFO  server.RaftServerConfigKeys (ConfUtils.java:logGet(44)) - raft.server.snapshot.retention.file.num = 5 (custom)
2021-11-15 13:26:11,327 [pool-294-thread-1] INFO  server.RaftServerConfigKeys (ConfUtils.java:logGet(44)) - raft.server.log.purge.upto.snapshot.index = false (default)
2021-11-15 13:26:11,327 [pool-294-thread-1] INFO  server.RaftServerConfigKeys (ConfUtils.java:logGet(44)) - raft.server.retrycache.expirytime = 600000ms (custom)
2021-11-15 13:26:11,327 [pool-294-thread-1] INFO  server.RaftServerConfigKeys (ConfUtils.java:logGet(44)) - raft.server.retrycache.statistics.expirytime = 100μs (default)
2021-11-15 13:26:11,323 [0a37f259-89fa-4cb5-a2dc-a190c2b03b5f@group-22C475060FAB-StateMachineUpdater] INFO  safemode.HealthyPipelineSafeModeRule (HealthyPipelineSafeModeRule.java:initializeRule(152)) - Refreshed total pipeline count is 0, healthy pipeline threshold count is 1
2021-11-15 13:26:11,323 [EventQueue-PipelineReportForPipelineReportHandler] INFO  ha.SCMHAInvocationHandler (SCMHAInvocationHandler.java:invokeRatis(113)) - Invoking method public abstract void org.apache.hadoop.hdds.scm.pipeline.PipelineStateManager.updatePipelineState(org.apache.hadoop.hdds.protocol.proto.HddsProtos$PipelineID,org.apache.hadoop.hdds.protocol.proto.HddsProtos$PipelineState) throws java.io.IOException on target org.apache.hadoop.hdds.scm.ha.SCMRatisServerImpl@5e52e906, cost 20937.218us
2021-11-15 13:26:11,322 [cea2b274-67f8-42eb-ae41-f09704fbacf0@group-22C475060FAB-StateMachineUpdater] INFO  safemode.HealthyPipelineSafeModeRule (HealthyPipelineSafeModeRule.java:initializeRule(152)) - Refreshed total pipeline count is 0, healthy pipeline threshold count is 1
2021-11-15 13:26:11,329 [EventQueue-PipelineReportForPipelineReportHandler] INFO  ha.SCMHAInvocationHandler (SCMHAInvocationHandler.java:invokeRatis(113)) - Invoking method public abstract void org.apache.hadoop.hdds.scm.pipeline.PipelineStateManager.updatePipelineState(org.apache.hadoop.hdds.protocol.proto.HddsProtos$PipelineID,org.apache.hadoop.hdds.protocol.proto.HddsProtos$PipelineState) throws java.io.IOException on target org.apache.hadoop.hdds.scm.ha.SCMRatisServerImpl@48a4ff50, cost 27532.666us
2021-11-15 13:26:11,335 [pool-294-thread-1] INFO  server.RaftServer$Division (RaftServerImpl.java:start(301)) - 15c58fd6-591f-43e3-aa4f-ac792bae557b@group-3EF3B5AE3404: start as a follower, conf=-1: [15c58fd6-591f-43e3-aa4f-ac792bae557b|rpc:127.0.0.1:34937|priority:1], old=null
2021-11-15 13:26:11,335 [pool-294-thread-1] INFO  server.RaftServer$Division (RaftServerImpl.java:setRole(290)) - 15c58fd6-591f-43e3-aa4f-ac792bae557b@group-3EF3B5AE3404: changes role from      null to FOLLOWER at term 0 for startAsFollower
2021-11-15 13:26:11,335 [pool-294-thread-1] INFO  impl.RoleInfo (RoleInfo.java:updateAndGet(130)) - 15c58fd6-591f-43e3-aa4f-ac792bae557b: start 15c58fd6-591f-43e3-aa4f-ac792bae557b@group-3EF3B5AE3404-FollowerState
2021-11-15 13:26:11,342 [EventQueue-OpenPipelineForHealthyPipelineSafeModeRule] INFO  safemode.SCMSafeModeManager (HealthyPipelineSafeModeRule.java:process(124)) - SCM in safe mode. Healthy pipelines reported count is 0, required healthy pipeline reported count is 1
2021-11-15 13:26:11,345 [pool-294-thread-1] INFO  util.JmxRegister (JmxRegister.java:tryRegister(44)) - Successfully registered JMX Bean with object name Ratis:service=RaftServer,group=group-3EF3B5AE3404,id=15c58fd6-591f-43e3-aa4f-ac792bae557b
2021-11-15 13:26:11,350 [Command processor thread] INFO  ratis.XceiverServerRatis (XceiverServerRatis.java:addGroup(768)) - Created group PipelineID=bcd8657d-9dbc-4ee1-9d34-3ef3b5ae3404
2021-11-15 13:26:11,350 [Command processor thread] INFO  commandhandler.CreatePipelineCommandHandler (CreatePipelineCommandHandler.java:handle(106)) - Created Pipeline RATIS ONE PipelineID=bcd8657d-9dbc-4ee1-9d34-3ef3b5ae3404.
2021-11-15 13:26:11,350 [Command processor thread] INFO  server.RaftServer (RaftServerProxy.java:addNew(95)) - 15c58fd6-591f-43e3-aa4f-ac792bae557b: addNew group-D7B3E088EE4D:[a7a9ee06-acf8-4996-94fe-a30a2f736f46|rpc:127.0.0.1:35177|priority:1, 1b7637b9-df73-4fd2-9553-6cec13ff666d|rpc:127.0.0.1:41211|priority:0, 15c58fd6-591f-43e3-aa4f-ac792bae557b|rpc:127.0.0.1:34937|priority:0] returns group-D7B3E088EE4D:java.util.concurrent.CompletableFuture@1e3cb55b[Not completed]
2021-11-15 13:26:11,351 [pool-294-thread-1] INFO  server.RaftServer$Division (RaftServerImpl.java:<init>(184)) - 15c58fd6-591f-43e3-aa4f-ac792bae557b: new RaftServerImpl for group-D7B3E088EE4D:[a7a9ee06-acf8-4996-94fe-a30a2f736f46|rpc:127.0.0.1:35177|priority:1, 1b7637b9-df73-4fd2-9553-6cec13ff666d|rpc:127.0.0.1:41211|priority:0, 15c58fd6-591f-43e3-aa4f-ac792bae557b|rpc:127.0.0.1:34937|priority:0] with ContainerStateMachine:uninitialized
2021-11-15 13:26:11,351 [pool-294-thread-1] INFO  server.RaftServerConfigKeys (ConfUtils.java:logGet(44)) - raft.server.rpc.timeout.min = 5s (custom)
2021-11-15 13:26:11,351 [pool-294-thread-1] INFO  server.RaftServerConfigKeys (ConfUtils.java:logGet(44)) - raft.server.rpc.timeout.max = 5200ms (custom)
2021-11-15 13:26:11,351 [pool-294-thread-1] INFO  server.RaftServerConfigKeys (ConfUtils.java:logGet(44)) - raft.server.rpc.sleep.time = 25ms (default)
2021-11-15 13:26:11,351 [pool-294-thread-1] INFO  server.RaftServerConfigKeys (ConfUtils.java:logGet(44)) - raft.server.rpc.slowness.timeout = 300s (custom)
2021-11-15 13:26:11,351 [pool-294-thread-1] INFO  server.RaftServerConfigKeys (ConfUtils.java:logGet(44)) - raft.server.leaderelection.leader.step-down.wait-time = 10s (default)
2021-11-15 13:26:11,351 [pool-294-thread-1] INFO  server.RaftServerConfigKeys (ConfUtils.java:logGet(44)) - raft.server.sleep.deviation.threshold = 300ms (default)
2021-11-15 13:26:11,351 [pool-294-thread-1] INFO  server.RaftServerConfigKeys (ConfUtils.java:logGet(44)) - raft.server.log.appender.install.snapshot.enabled = false (custom)
2021-11-15 13:26:11,351 [pool-294-thread-1] INFO  server.RaftServer$Division (ServerState.java:<init>(105)) - 15c58fd6-591f-43e3-aa4f-ac792bae557b@group-D7B3E088EE4D: ConfigurationManager, init=-1: [a7a9ee06-acf8-4996-94fe-a30a2f736f46|rpc:127.0.0.1:35177|priority:1, 1b7637b9-df73-4fd2-9553-6cec13ff666d|rpc:127.0.0.1:41211|priority:0, 15c58fd6-591f-43e3-aa4f-ac792bae557b|rpc:127.0.0.1:34937|priority:0], old=null, confs=<EMPTY_MAP>
2021-11-15 13:26:11,351 [pool-294-thread-1] INFO  server.RaftServerConfigKeys (ConfUtils.java:logGet(44)) - raft.server.storage.dir = [/home/runner/work/ozone/ozone/hadoop-ozone/integration-test/target/test-dir/MiniOzoneClusterImpl-54fbe6a2-d836-4e9c-ac0d-22c475060fab/datanode-0/data/ratis] (custom)
2021-11-15 13:26:11,351 [pool-294-thread-1] INFO  server.RaftServerConfigKeys (ConfUtils.java:logGet(44)) - raft.server.log.corruption.policy = EXCEPTION (default)
2021-11-15 13:26:11,351 [pool-294-thread-1] INFO  server.RaftServerConfigKeys (ConfUtils.java:logGet(44)) - raft.server.storage.free-space.min = 0MB (=0) (default)
2021-11-15 13:26:11,351 [pool-294-thread-1] INFO  storage.RaftStorageDirectory (RaftStorageDirectoryImpl.java:analyzeStorage(135)) - The storage directory /home/runner/work/ozone/ozone/hadoop-ozone/integration-test/target/test-dir/MiniOzoneClusterImpl-54fbe6a2-d836-4e9c-ac0d-22c475060fab/datanode-0/data/ratis/24cc50e3-8c24-4c69-8aaf-d7b3e088ee4d does not exist. Creating ...
2021-11-15 13:26:11,358 [Listener at 127.0.0.1/13216] INFO  ozone.MiniOzoneClusterImpl (MiniOzoneClusterImpl.java:lambda$waitForClusterToBeReady$0(235)) - Nodes are ready. Got 3 of 3 DN Heartbeats.
2021-11-15 13:26:11,358 [Listener at 127.0.0.1/13216] INFO  ozone.MiniOzoneClusterImpl (MiniOzoneClusterImpl.java:lambda$waitForClusterToBeReady$0(238)) - Waiting for cluster to exit safe mode
2021-11-15 13:26:11,358 [Listener at 127.0.0.1/13216] INFO  ozone.MiniOzoneClusterImpl (MiniOzoneClusterImpl.java:lambda$waitForClusterToBeReady$0(240)) - SCM became leader
2021-11-15 13:26:11,362 [pool-294-thread-1] INFO  storage.RaftStorageDirectory (RaftStorageDirectoryImpl.java:tryLock(230)) - Lock on /home/runner/work/ozone/ozone/hadoop-ozone/integration-test/target/test-dir/MiniOzoneClusterImpl-54fbe6a2-d836-4e9c-ac0d-22c475060fab/datanode-0/data/ratis/24cc50e3-8c24-4c69-8aaf-d7b3e088ee4d/in_use.lock acquired by nodename 23543@fv-az151-339
2021-11-15 13:26:11,368 [pool-294-thread-1] INFO  storage.RaftStorage (RaftStorageImpl.java:format(89)) - Storage directory /home/runner/work/ozone/ozone/hadoop-ozone/integration-test/target/test-dir/MiniOzoneClusterImpl-54fbe6a2-d836-4e9c-ac0d-22c475060fab/datanode-0/data/ratis/24cc50e3-8c24-4c69-8aaf-d7b3e088ee4d has been successfully formatted.
2021-11-15 13:26:11,368 [pool-294-thread-1] INFO  ratis.ContainerStateMachine (ContainerStateMachine.java:loadSnapshot(224)) - group-D7B3E088EE4D: The snapshot info is null. Setting the last applied indexto:(t:0, i:~)
2021-11-15 13:26:11,368 [pool-294-thread-1] INFO  server.RaftServerConfigKeys (ConfUtils.java:logGet(44)) - raft.server.notification.no-leader.timeout = 300s (custom)
2021-11-15 13:26:11,368 [pool-294-thread-1] INFO  server.RaftServerConfigKeys (ConfUtils.java:logGet(44)) - raft.server.log.use.memory = false (default)
2021-11-15 13:26:11,369 [pool-294-thread-1] INFO  server.RaftServerConfigKeys (ConfUtils.java:logGet(44)) - raft.server.log.purge.gap = 1000000 (custom)
2021-11-15 13:26:11,369 [pool-294-thread-1] INFO  server.RaftServerConfigKeys (ConfUtils.java:logGet(44)) - raft.server.log.appender.buffer.byte-limit = 33554432 (custom)
2021-11-15 13:26:11,369 [pool-294-thread-1] INFO  server.RaftServerConfigKeys (ConfUtils.java:logGet(44)) - raft.server.log.segment.size.max = 1048576 (custom)
2021-11-15 13:26:11,371 [pool-294-thread-1] INFO  server.RaftServerConfigKeys (ConfUtils.java:logGet(44)) - raft.server.log.segment.cache.num.max = 2 (custom)
2021-11-15 13:26:11,371 [pool-294-thread-1] INFO  server.RaftServerConfigKeys (ConfUtils.java:logGet(44)) - raft.server.log.segment.cache.size.max = 200MB (=209715200) (default)
2021-11-15 13:26:11,371 [pool-294-thread-1] INFO  segmented.SegmentedRaftLogWorker (SegmentedRaftLogWorker.java:<init>(182)) - new 15c58fd6-591f-43e3-aa4f-ac792bae557b@group-D7B3E088EE4D-SegmentedRaftLogWorker for RaftStorageImpl:Storage Directory /home/runner/work/ozone/ozone/hadoop-ozone/integration-test/target/test-dir/MiniOzoneClusterImpl-54fbe6a2-d836-4e9c-ac0d-22c475060fab/datanode-0/data/ratis/24cc50e3-8c24-4c69-8aaf-d7b3e088ee4d
2021-11-15 13:26:11,371 [pool-294-thread-1] INFO  server.RaftServerConfigKeys (ConfUtils.java:logGet(44)) - raft.server.log.queue.byte-limit = 2147483647 (custom)
2021-11-15 13:26:11,371 [pool-294-thread-1] INFO  server.RaftServerConfigKeys (ConfUtils.java:logGet(44)) - raft.server.log.queue.element-limit = 1024 (custom)
2021-11-15 13:26:11,371 [pool-294-thread-1] INFO  server.RaftServerConfigKeys (ConfUtils.java:logGet(44)) - raft.server.log.segment.size.max = 1048576 (custom)
2021-11-15 13:26:11,371 [pool-294-thread-1] INFO  server.RaftServerConfigKeys (ConfUtils.java:logGet(44)) - raft.server.log.preallocated.size = 16384 (custom)
2021-11-15 13:26:11,371 [pool-294-thread-1] INFO  server.RaftServerConfigKeys (ConfUtils.java:logGet(44)) - raft.server.log.force.sync.num = 128 (default)
2021-11-15 13:26:11,371 [pool-294-thread-1] INFO  server.RaftServerConfigKeys (ConfUtils.java:logGet(44)) - raft.server.log.statemachine.data.sync = true (default)
2021-11-15 13:26:11,371 [pool-294-thread-1] INFO  server.RaftServerConfigKeys (ConfUtils.java:logGet(44)) - raft.server.log.statemachine.data.sync.timeout = 10s (default)
2021-11-15 13:26:11,371 [pool-294-thread-1] INFO  server.RaftServerConfigKeys (ConfUtils.java:logGet(44)) - raft.server.log.statemachine.data.sync.timeout.retry = -1 (default)
2021-11-15 13:26:11,372 [EventQueue-OpenPipelineForHealthyPipelineSafeModeRule] INFO  safemode.SCMSafeModeManager (HealthyPipelineSafeModeRule.java:process(124)) - SCM in safe mode. Healthy pipelines reported count is 0, required healthy pipeline reported count is 1
2021-11-15 13:26:11,374 [EventQueue-OpenPipelineForHealthyPipelineSafeModeRule] INFO  safemode.SCMSafeModeManager (HealthyPipelineSafeModeRule.java:process(124)) - SCM in safe mode. Healthy pipelines reported count is 0, required healthy pipeline reported count is 1
2021-11-15 13:26:11,380 [pool-294-thread-1] INFO  server.RaftServerConfigKeys (ConfUtils.java:logGet(44)) - raft.server.log.write.buffer.size = 1048576 (custom)
2021-11-15 13:26:11,381 [pool-294-thread-1] INFO  server.RaftServerConfigKeys (ConfUtils.java:logGet(44)) - raft.server.log.statemachine.data.caching.enabled = true (custom)
2021-11-15 13:26:11,381 [pool-294-thread-1] INFO  segmented.SegmentedRaftLogWorker (SegmentedRaftLogWorker.java:lambda$new$0(133)) - 15c58fd6-591f-43e3-aa4f-ac792bae557b@group-D7B3E088EE4D-SegmentedRaftLogWorker: flushIndex: setUnconditionally 0 -> -1
2021-11-15 13:26:11,381 [pool-294-thread-1] INFO  segmented.SegmentedRaftLogWorker (SegmentedRaftLogWorker.java:lambda$new$0(133)) - 15c58fd6-591f-43e3-aa4f-ac792bae557b@group-D7B3E088EE4D-SegmentedRaftLogWorker: safeCacheEvictIndex: setUnconditionally 0 -> -1
2021-11-15 13:26:11,390 [pool-294-thread-1] INFO  server.RaftServerConfigKeys (ConfUtils.java:logGet(44)) - raft.server.snapshot.auto.trigger.enabled = true (custom)
2021-11-15 13:26:11,391 [pool-294-thread-1] INFO  server.RaftServerConfigKeys (ConfUtils.java:logGet(44)) - raft.server.snapshot.auto.trigger.threshold = 10000 (custom)
2021-11-15 13:26:11,391 [pool-294-thread-1] INFO  server.RaftServerConfigKeys (ConfUtils.java:logGet(44)) - raft.server.snapshot.retention.file.num = 5 (custom)
2021-11-15 13:26:11,391 [pool-294-thread-1] INFO  server.RaftServerConfigKeys (ConfUtils.java:logGet(44)) - raft.server.log.purge.upto.snapshot.index = false (default)
2021-11-15 13:26:11,391 [pool-294-thread-1] INFO  server.RaftServerConfigKeys (ConfUtils.java:logGet(44)) - raft.server.retrycache.expirytime = 600000ms (custom)
2021-11-15 13:26:11,391 [pool-294-thread-1] INFO  server.RaftServerConfigKeys (ConfUtils.java:logGet(44)) - raft.server.retrycache.statistics.expirytime = 100μs (default)
2021-11-15 13:26:11,392 [pool-294-thread-1] INFO  server.RaftServer$Division (RaftServerImpl.java:start(301)) - 15c58fd6-591f-43e3-aa4f-ac792bae557b@group-D7B3E088EE4D: start as a follower, conf=-1: [a7a9ee06-acf8-4996-94fe-a30a2f736f46|rpc:127.0.0.1:35177|priority:1, 1b7637b9-df73-4fd2-9553-6cec13ff666d|rpc:127.0.0.1:41211|priority:0, 15c58fd6-591f-43e3-aa4f-ac792bae557b|rpc:127.0.0.1:34937|priority:0], old=null
2021-11-15 13:26:11,392 [pool-294-thread-1] INFO  server.RaftServer$Division (RaftServerImpl.java:setRole(290)) - 15c58fd6-591f-43e3-aa4f-ac792bae557b@group-D7B3E088EE4D: changes role from      null to FOLLOWER at term 0 for startAsFollower
2021-11-15 13:26:11,392 [pool-294-thread-1] INFO  impl.RoleInfo (RoleInfo.java:updateAndGet(130)) - 15c58fd6-591f-43e3-aa4f-ac792bae557b: start 15c58fd6-591f-43e3-aa4f-ac792bae557b@group-D7B3E088EE4D-FollowerState
2021-11-15 13:26:11,392 [EndpointStateMachine task thread for /127.0.0.1:14733 - 0 ] INFO  ipc.Client (Client.java:handleConnectionFailure(977)) - Retrying connect to server: localhost/127.0.0.1:14733. Already tried 13 time(s); retry policy is RetryUpToMaximumCountWithFixedSleep(maxRetries=15, sleepTime=1000 MILLISECONDS)
2021-11-15 13:26:11,393 [EndpointStateMachine task thread for /127.0.0.1:14723 - 0 ] INFO  ipc.Client (Client.java:handleConnectionFailure(977)) - Retrying connect to server: localhost/127.0.0.1:14723. Already tried 13 time(s); retry policy is RetryUpToMaximumCountWithFixedSleep(maxRetries=15, sleepTime=1000 MILLISECONDS)
2021-11-15 13:26:11,395 [EndpointStateMachine task thread for /127.0.0.1:14713 - 0 ] INFO  ipc.Client (Client.java:handleConnectionFailure(977)) - Retrying connect to server: localhost/127.0.0.1:14713. Already tried 13 time(s); retry policy is RetryUpToMaximumCountWithFixedSleep(maxRetries=15, sleepTime=1000 MILLISECONDS)
2021-11-15 13:26:11,396 [pool-294-thread-1] INFO  util.JmxRegister (JmxRegister.java:tryRegister(44)) - Successfully registered JMX Bean with object name Ratis:service=RaftServer,group=group-D7B3E088EE4D,id=15c58fd6-591f-43e3-aa4f-ac792bae557b
2021-11-15 13:26:11,397 [Command processor thread] INFO  ratis.XceiverServerRatis (XceiverServerRatis.java:addGroup(768)) - Created group PipelineID=24cc50e3-8c24-4c69-8aaf-d7b3e088ee4d
2021-11-15 13:26:11,410 [grpc-default-executor-2] INFO  server.RaftServer (RaftServerProxy.java:addNew(95)) - a7a9ee06-acf8-4996-94fe-a30a2f736f46: addNew group-D7B3E088EE4D:[a7a9ee06-acf8-4996-94fe-a30a2f736f46|rpc:127.0.0.1:35177|dataStream:|priority:1, 1b7637b9-df73-4fd2-9553-6cec13ff666d|rpc:127.0.0.1:41211|dataStream:|priority:0, 15c58fd6-591f-43e3-aa4f-ac792bae557b|rpc:127.0.0.1:34937|dataStream:|priority:0] returns group-D7B3E088EE4D:java.util.concurrent.CompletableFuture@514f9f8d[Not completed]
2021-11-15 13:26:11,412 [pool-336-thread-1] INFO  server.RaftServer$Division (RaftServerImpl.java:<init>(184)) - a7a9ee06-acf8-4996-94fe-a30a2f736f46: new RaftServerImpl for group-D7B3E088EE4D:[a7a9ee06-acf8-4996-94fe-a30a2f736f46|rpc:127.0.0.1:35177|dataStream:|priority:1, 1b7637b9-df73-4fd2-9553-6cec13ff666d|rpc:127.0.0.1:41211|dataStream:|priority:0, 15c58fd6-591f-43e3-aa4f-ac792bae557b|rpc:127.0.0.1:34937|dataStream:|priority:0] with ContainerStateMachine:uninitialized
2021-11-15 13:26:11,412 [pool-336-thread-1] INFO  server.RaftServerConfigKeys (ConfUtils.java:logGet(44)) - raft.server.rpc.timeout.min = 5s (custom)
2021-11-15 13:26:11,412 [pool-336-thread-1] INFO  server.RaftServerConfigKeys (ConfUtils.java:logGet(44)) - raft.server.rpc.timeout.max = 5200ms (custom)
2021-11-15 13:26:11,412 [pool-336-thread-1] INFO  server.RaftServerConfigKeys (ConfUtils.java:logGet(44)) - raft.server.rpc.sleep.time = 25ms (default)
2021-11-15 13:26:11,412 [pool-336-thread-1] INFO  server.RaftServerConfigKeys (ConfUtils.java:logGet(44)) - raft.server.rpc.slowness.timeout = 300s (custom)
2021-11-15 13:26:11,412 [pool-336-thread-1] INFO  server.RaftServerConfigKeys (ConfUtils.java:logGet(44)) - raft.server.leaderelection.leader.step-down.wait-time = 10s (default)
2021-11-15 13:26:11,412 [pool-336-thread-1] INFO  server.RaftServerConfigKeys (ConfUtils.java:logGet(44)) - raft.server.sleep.deviation.threshold = 300ms (default)
2021-11-15 13:26:11,412 [pool-336-thread-1] INFO  server.RaftServerConfigKeys (ConfUtils.java:logGet(44)) - raft.server.log.appender.install.snapshot.enabled = false (custom)
2021-11-15 13:26:11,412 [pool-336-thread-1] INFO  server.RaftServer$Division (ServerState.java:<init>(105)) - a7a9ee06-acf8-4996-94fe-a30a2f736f46@group-D7B3E088EE4D: ConfigurationManager, init=-1: [a7a9ee06-acf8-4996-94fe-a30a2f736f46|rpc:127.0.0.1:35177|dataStream:|priority:1, 1b7637b9-df73-4fd2-9553-6cec13ff666d|rpc:127.0.0.1:41211|dataStream:|priority:0, 15c58fd6-591f-43e3-aa4f-ac792bae557b|rpc:127.0.0.1:34937|dataStream:|priority:0], old=null, confs=<EMPTY_MAP>
2021-11-15 13:26:11,412 [pool-336-thread-1] INFO  server.RaftServerConfigKeys (ConfUtils.java:logGet(44)) - raft.server.storage.dir = [/home/runner/work/ozone/ozone/hadoop-ozone/integration-test/target/test-dir/MiniOzoneClusterImpl-54fbe6a2-d836-4e9c-ac0d-22c475060fab/datanode-2/data/ratis] (custom)
2021-11-15 13:26:11,413 [pool-336-thread-1] INFO  server.RaftServerConfigKeys (ConfUtils.java:logGet(44)) - raft.server.log.corruption.policy = EXCEPTION (default)
2021-11-15 13:26:11,413 [pool-336-thread-1] INFO  server.RaftServerConfigKeys (ConfUtils.java:logGet(44)) - raft.server.storage.free-space.min = 0MB (=0) (default)
2021-11-15 13:26:11,413 [pool-336-thread-1] INFO  storage.RaftStorageDirectory (RaftStorageDirectoryImpl.java:analyzeStorage(135)) - The storage directory /home/runner/work/ozone/ozone/hadoop-ozone/integration-test/target/test-dir/MiniOzoneClusterImpl-54fbe6a2-d836-4e9c-ac0d-22c475060fab/datanode-2/data/ratis/24cc50e3-8c24-4c69-8aaf-d7b3e088ee4d does not exist. Creating ...
2021-11-15 13:26:11,413 [pool-336-thread-1] INFO  storage.RaftStorageDirectory (RaftStorageDirectoryImpl.java:tryLock(230)) - Lock on /home/runner/work/ozone/ozone/hadoop-ozone/integration-test/target/test-dir/MiniOzoneClusterImpl-54fbe6a2-d836-4e9c-ac0d-22c475060fab/datanode-2/data/ratis/24cc50e3-8c24-4c69-8aaf-d7b3e088ee4d/in_use.lock acquired by nodename 23543@fv-az151-339
2021-11-15 13:26:11,414 [pool-336-thread-1] INFO  storage.RaftStorage (RaftStorageImpl.java:format(89)) - Storage directory /home/runner/work/ozone/ozone/hadoop-ozone/integration-test/target/test-dir/MiniOzoneClusterImpl-54fbe6a2-d836-4e9c-ac0d-22c475060fab/datanode-2/data/ratis/24cc50e3-8c24-4c69-8aaf-d7b3e088ee4d has been successfully formatted.
2021-11-15 13:26:11,443 [pool-336-thread-1] INFO  ratis.ContainerStateMachine (ContainerStateMachine.java:loadSnapshot(224)) - group-D7B3E088EE4D: The snapshot info is null. Setting the last applied indexto:(t:0, i:~)
2021-11-15 13:26:11,443 [pool-336-thread-1] INFO  server.RaftServerConfigKeys (ConfUtils.java:logGet(44)) - raft.server.notification.no-leader.timeout = 300s (custom)
2021-11-15 13:26:11,443 [pool-336-thread-1] INFO  server.RaftServerConfigKeys (ConfUtils.java:logGet(44)) - raft.server.log.use.memory = false (default)
2021-11-15 13:26:11,443 [pool-336-thread-1] INFO  server.RaftServerConfigKeys (ConfUtils.java:logGet(44)) - raft.server.log.purge.gap = 1000000 (custom)
2021-11-15 13:26:11,444 [pool-336-thread-1] INFO  server.RaftServerConfigKeys (ConfUtils.java:logGet(44)) - raft.server.log.appender.buffer.byte-limit = 33554432 (custom)
2021-11-15 13:26:11,444 [pool-336-thread-1] INFO  server.RaftServerConfigKeys (ConfUtils.java:logGet(44)) - raft.server.log.segment.size.max = 1048576 (custom)
2021-11-15 13:26:11,444 [pool-336-thread-1] INFO  server.RaftServerConfigKeys (ConfUtils.java:logGet(44)) - raft.server.log.segment.cache.num.max = 2 (custom)
2021-11-15 13:26:11,444 [pool-336-thread-1] INFO  server.RaftServerConfigKeys (ConfUtils.java:logGet(44)) - raft.server.log.segment.cache.size.max = 200MB (=209715200) (default)
2021-11-15 13:26:11,444 [pool-336-thread-1] INFO  segmented.SegmentedRaftLogWorker (SegmentedRaftLogWorker.java:<init>(182)) - new a7a9ee06-acf8-4996-94fe-a30a2f736f46@group-D7B3E088EE4D-SegmentedRaftLogWorker for RaftStorageImpl:Storage Directory /home/runner/work/ozone/ozone/hadoop-ozone/integration-test/target/test-dir/MiniOzoneClusterImpl-54fbe6a2-d836-4e9c-ac0d-22c475060fab/datanode-2/data/ratis/24cc50e3-8c24-4c69-8aaf-d7b3e088ee4d
2021-11-15 13:26:11,444 [pool-336-thread-1] INFO  server.RaftServerConfigKeys (ConfUtils.java:logGet(44)) - raft.server.log.queue.byte-limit = 2147483647 (custom)
2021-11-15 13:26:11,444 [pool-336-thread-1] INFO  server.RaftServerConfigKeys (ConfUtils.java:logGet(44)) - raft.server.log.queue.element-limit = 1024 (custom)
2021-11-15 13:26:11,444 [pool-336-thread-1] INFO  server.RaftServerConfigKeys (ConfUtils.java:logGet(44)) - raft.server.log.segment.size.max = 1048576 (custom)
2021-11-15 13:26:11,444 [pool-336-thread-1] INFO  server.RaftServerConfigKeys (ConfUtils.java:logGet(44)) - raft.server.log.preallocated.size = 16384 (custom)
2021-11-15 13:26:11,444 [pool-336-thread-1] INFO  server.RaftServerConfigKeys (ConfUtils.java:logGet(44)) - raft.server.log.force.sync.num = 128 (default)
2021-11-15 13:26:11,444 [pool-336-thread-1] INFO  server.RaftServerConfigKeys (ConfUtils.java:logGet(44)) - raft.server.log.statemachine.data.sync = true (default)
2021-11-15 13:26:11,445 [pool-336-thread-1] INFO  server.RaftServerConfigKeys (ConfUtils.java:logGet(44)) - raft.server.log.statemachine.data.sync.timeout = 10s (default)
2021-11-15 13:26:11,445 [pool-336-thread-1] INFO  server.RaftServerConfigKeys (ConfUtils.java:logGet(44)) - raft.server.log.statemachine.data.sync.timeout.retry = -1 (default)
2021-11-15 13:26:11,445 [pool-336-thread-1] INFO  server.RaftServerConfigKeys (ConfUtils.java:logGet(44)) - raft.server.log.write.buffer.size = 1048576 (custom)
2021-11-15 13:26:11,446 [pool-336-thread-1] INFO  server.RaftServerConfigKeys (ConfUtils.java:logGet(44)) - raft.server.log.statemachine.data.caching.enabled = true (custom)
2021-11-15 13:26:11,446 [pool-336-thread-1] INFO  segmented.SegmentedRaftLogWorker (SegmentedRaftLogWorker.java:lambda$new$0(133)) - a7a9ee06-acf8-4996-94fe-a30a2f736f46@group-D7B3E088EE4D-SegmentedRaftLogWorker: flushIndex: setUnconditionally 0 -> -1
2021-11-15 13:26:11,446 [pool-336-thread-1] INFO  segmented.SegmentedRaftLogWorker (SegmentedRaftLogWorker.java:lambda$new$0(133)) - a7a9ee06-acf8-4996-94fe-a30a2f736f46@group-D7B3E088EE4D-SegmentedRaftLogWorker: safeCacheEvictIndex: setUnconditionally 0 -> -1
2021-11-15 13:26:11,450 [pool-336-thread-1] INFO  server.RaftServerConfigKeys (ConfUtils.java:logGet(44)) - raft.server.snapshot.auto.trigger.enabled = true (custom)
2021-11-15 13:26:11,450 [pool-336-thread-1] INFO  server.RaftServerConfigKeys (ConfUtils.java:logGet(44)) - raft.server.snapshot.auto.trigger.threshold = 10000 (custom)
2021-11-15 13:26:11,450 [pool-336-thread-1] INFO  server.RaftServerConfigKeys (ConfUtils.java:logGet(44)) - raft.server.snapshot.retention.file.num = 5 (custom)
2021-11-15 13:26:11,450 [pool-336-thread-1] INFO  server.RaftServerConfigKeys (ConfUtils.java:logGet(44)) - raft.server.log.purge.upto.snapshot.index = false (default)
2021-11-15 13:26:11,450 [pool-336-thread-1] INFO  server.RaftServerConfigKeys (ConfUtils.java:logGet(44)) - raft.server.retrycache.expirytime = 600000ms (custom)
2021-11-15 13:26:11,450 [pool-336-thread-1] INFO  server.RaftServerConfigKeys (ConfUtils.java:logGet(44)) - raft.server.retrycache.statistics.expirytime = 100μs (default)
2021-11-15 13:26:11,451 [pool-336-thread-1] INFO  server.RaftServer$Division (RaftServerImpl.java:start(301)) - a7a9ee06-acf8-4996-94fe-a30a2f736f46@group-D7B3E088EE4D: start as a follower, conf=-1: [a7a9ee06-acf8-4996-94fe-a30a2f736f46|rpc:127.0.0.1:35177|dataStream:|priority:1, 1b7637b9-df73-4fd2-9553-6cec13ff666d|rpc:127.0.0.1:41211|dataStream:|priority:0, 15c58fd6-591f-43e3-aa4f-ac792bae557b|rpc:127.0.0.1:34937|dataStream:|priority:0], old=null
2021-11-15 13:26:11,451 [pool-336-thread-1] INFO  server.RaftServer$Division (RaftServerImpl.java:setRole(290)) - a7a9ee06-acf8-4996-94fe-a30a2f736f46@group-D7B3E088EE4D: changes role from      null to FOLLOWER at term 0 for startAsFollower
2021-11-15 13:26:11,451 [pool-336-thread-1] INFO  impl.RoleInfo (RoleInfo.java:updateAndGet(130)) - a7a9ee06-acf8-4996-94fe-a30a2f736f46: start a7a9ee06-acf8-4996-94fe-a30a2f736f46@group-D7B3E088EE4D-FollowerState
2021-11-15 13:26:11,466 [pool-336-thread-1] INFO  util.JmxRegister (JmxRegister.java:tryRegister(44)) - Successfully registered JMX Bean with object name Ratis:service=RaftServer,group=group-D7B3E088EE4D,id=a7a9ee06-acf8-4996-94fe-a30a2f736f46
2021-11-15 13:26:11,522 [grpc-default-executor-2] INFO  server.RaftServer (RaftServerProxy.java:addNew(95)) - 1b7637b9-df73-4fd2-9553-6cec13ff666d: addNew group-D7B3E088EE4D:[a7a9ee06-acf8-4996-94fe-a30a2f736f46|rpc:127.0.0.1:35177|dataStream:|priority:1, 1b7637b9-df73-4fd2-9553-6cec13ff666d|rpc:127.0.0.1:41211|dataStream:|priority:0, 15c58fd6-591f-43e3-aa4f-ac792bae557b|rpc:127.0.0.1:34937|dataStream:|priority:0] returns group-D7B3E088EE4D:java.util.concurrent.CompletableFuture@711f4994[Not completed]
2021-11-15 13:26:11,523 [pool-315-thread-1] INFO  server.RaftServer$Division (RaftServerImpl.java:<init>(184)) - 1b7637b9-df73-4fd2-9553-6cec13ff666d: new RaftServerImpl for group-D7B3E088EE4D:[a7a9ee06-acf8-4996-94fe-a30a2f736f46|rpc:127.0.0.1:35177|dataStream:|priority:1, 1b7637b9-df73-4fd2-9553-6cec13ff666d|rpc:127.0.0.1:41211|dataStream:|priority:0, 15c58fd6-591f-43e3-aa4f-ac792bae557b|rpc:127.0.0.1:34937|dataStream:|priority:0] with ContainerStateMachine:uninitialized
2021-11-15 13:26:11,523 [pool-315-thread-1] INFO  server.RaftServerConfigKeys (ConfUtils.java:logGet(44)) - raft.server.rpc.timeout.min = 5s (custom)
2021-11-15 13:26:11,523 [pool-315-thread-1] INFO  server.RaftServerConfigKeys (ConfUtils.java:logGet(44)) - raft.server.rpc.timeout.max = 5200ms (custom)
2021-11-15 13:26:11,523 [pool-315-thread-1] INFO  server.RaftServerConfigKeys (ConfUtils.java:logGet(44)) - raft.server.rpc.sleep.time = 25ms (default)
2021-11-15 13:26:11,523 [pool-315-thread-1] INFO  server.RaftServerConfigKeys (ConfUtils.java:logGet(44)) - raft.server.rpc.slowness.timeout = 300s (custom)
2021-11-15 13:26:11,523 [pool-315-thread-1] INFO  server.RaftServerConfigKeys (ConfUtils.java:logGet(44)) - raft.server.leaderelection.leader.step-down.wait-time = 10s (default)
2021-11-15 13:26:11,523 [pool-315-thread-1] INFO  server.RaftServerConfigKeys (ConfUtils.java:logGet(44)) - raft.server.sleep.deviation.threshold = 300ms (default)
2021-11-15 13:26:11,523 [pool-315-thread-1] INFO  server.RaftServerConfigKeys (ConfUtils.java:logGet(44)) - raft.server.log.appender.install.snapshot.enabled = false (custom)
2021-11-15 13:26:11,523 [pool-315-thread-1] INFO  server.RaftServer$Division (ServerState.java:<init>(105)) - 1b7637b9-df73-4fd2-9553-6cec13ff666d@group-D7B3E088EE4D: ConfigurationManager, init=-1: [a7a9ee06-acf8-4996-94fe-a30a2f736f46|rpc:127.0.0.1:35177|dataStream:|priority:1, 1b7637b9-df73-4fd2-9553-6cec13ff666d|rpc:127.0.0.1:41211|dataStream:|priority:0, 15c58fd6-591f-43e3-aa4f-ac792bae557b|rpc:127.0.0.1:34937|dataStream:|priority:0], old=null, confs=<EMPTY_MAP>
2021-11-15 13:26:11,523 [pool-315-thread-1] INFO  server.RaftServerConfigKeys (ConfUtils.java:logGet(44)) - raft.server.storage.dir = [/home/runner/work/ozone/ozone/hadoop-ozone/integration-test/target/test-dir/MiniOzoneClusterImpl-54fbe6a2-d836-4e9c-ac0d-22c475060fab/datanode-1/data/ratis] (custom)
2021-11-15 13:26:11,523 [pool-315-thread-1] INFO  server.RaftServerConfigKeys (ConfUtils.java:logGet(44)) - raft.server.log.corruption.policy = EXCEPTION (default)
2021-11-15 13:26:11,523 [pool-315-thread-1] INFO  server.RaftServerConfigKeys (ConfUtils.java:logGet(44)) - raft.server.storage.free-space.min = 0MB (=0) (default)
2021-11-15 13:26:11,524 [pool-315-thread-1] INFO  storage.RaftStorageDirectory (RaftStorageDirectoryImpl.java:analyzeStorage(135)) - The storage directory /home/runner/work/ozone/ozone/hadoop-ozone/integration-test/target/test-dir/MiniOzoneClusterImpl-54fbe6a2-d836-4e9c-ac0d-22c475060fab/datanode-1/data/ratis/24cc50e3-8c24-4c69-8aaf-d7b3e088ee4d does not exist. Creating ...
2021-11-15 13:26:11,530 [pool-315-thread-1] INFO  storage.RaftStorageDirectory (RaftStorageDirectoryImpl.java:tryLock(230)) - Lock on /home/runner/work/ozone/ozone/hadoop-ozone/integration-test/target/test-dir/MiniOzoneClusterImpl-54fbe6a2-d836-4e9c-ac0d-22c475060fab/datanode-1/data/ratis/24cc50e3-8c24-4c69-8aaf-d7b3e088ee4d/in_use.lock acquired by nodename 23543@fv-az151-339
2021-11-15 13:26:11,532 [pool-315-thread-1] INFO  storage.RaftStorage (RaftStorageImpl.java:format(89)) - Storage directory /home/runner/work/ozone/ozone/hadoop-ozone/integration-test/target/test-dir/MiniOzoneClusterImpl-54fbe6a2-d836-4e9c-ac0d-22c475060fab/datanode-1/data/ratis/24cc50e3-8c24-4c69-8aaf-d7b3e088ee4d has been successfully formatted.
2021-11-15 13:26:11,533 [pool-315-thread-1] INFO  ratis.ContainerStateMachine (ContainerStateMachine.java:loadSnapshot(224)) - group-D7B3E088EE4D: The snapshot info is null. Setting the last applied indexto:(t:0, i:~)
2021-11-15 13:26:11,533 [pool-315-thread-1] INFO  server.RaftServerConfigKeys (ConfUtils.java:logGet(44)) - raft.server.notification.no-leader.timeout = 300s (custom)
2021-11-15 13:26:11,533 [pool-315-thread-1] INFO  server.RaftServerConfigKeys (ConfUtils.java:logGet(44)) - raft.server.log.use.memory = false (default)
2021-11-15 13:26:11,533 [pool-315-thread-1] INFO  server.RaftServerConfigKeys (ConfUtils.java:logGet(44)) - raft.server.log.purge.gap = 1000000 (custom)
2021-11-15 13:26:11,533 [pool-315-thread-1] INFO  server.RaftServerConfigKeys (ConfUtils.java:logGet(44)) - raft.server.log.appender.buffer.byte-limit = 33554432 (custom)
2021-11-15 13:26:11,534 [pool-315-thread-1] INFO  server.RaftServerConfigKeys (ConfUtils.java:logGet(44)) - raft.server.log.segment.size.max = 1048576 (custom)
2021-11-15 13:26:11,534 [pool-315-thread-1] INFO  server.RaftServerConfigKeys (ConfUtils.java:logGet(44)) - raft.server.log.segment.cache.num.max = 2 (custom)
2021-11-15 13:26:11,534 [pool-315-thread-1] INFO  server.RaftServerConfigKeys (ConfUtils.java:logGet(44)) - raft.server.log.segment.cache.size.max = 200MB (=209715200) (default)
2021-11-15 13:26:11,534 [pool-315-thread-1] INFO  segmented.SegmentedRaftLogWorker (SegmentedRaftLogWorker.java:<init>(182)) - new 1b7637b9-df73-4fd2-9553-6cec13ff666d@group-D7B3E088EE4D-SegmentedRaftLogWorker for RaftStorageImpl:Storage Directory /home/runner/work/ozone/ozone/hadoop-ozone/integration-test/target/test-dir/MiniOzoneClusterImpl-54fbe6a2-d836-4e9c-ac0d-22c475060fab/datanode-1/data/ratis/24cc50e3-8c24-4c69-8aaf-d7b3e088ee4d
2021-11-15 13:26:11,535 [pool-315-thread-1] INFO  server.RaftServerConfigKeys (ConfUtils.java:logGet(44)) - raft.server.log.queue.byte-limit = 2147483647 (custom)
2021-11-15 13:26:11,535 [pool-315-thread-1] INFO  server.RaftServerConfigKeys (ConfUtils.java:logGet(44)) - raft.server.log.queue.element-limit = 1024 (custom)
2021-11-15 13:26:11,535 [pool-315-thread-1] INFO  server.RaftServerConfigKeys (ConfUtils.java:logGet(44)) - raft.server.log.segment.size.max = 1048576 (custom)
2021-11-15 13:26:11,535 [pool-315-thread-1] INFO  server.RaftServerConfigKeys (ConfUtils.java:logGet(44)) - raft.server.log.preallocated.size = 16384 (custom)
2021-11-15 13:26:11,535 [pool-315-thread-1] INFO  server.RaftServerConfigKeys (ConfUtils.java:logGet(44)) - raft.server.log.force.sync.num = 128 (default)
2021-11-15 13:26:11,535 [pool-315-thread-1] INFO  server.RaftServerConfigKeys (ConfUtils.java:logGet(44)) - raft.server.log.statemachine.data.sync = true (default)
2021-11-15 13:26:11,535 [pool-315-thread-1] INFO  server.RaftServerConfigKeys (ConfUtils.java:logGet(44)) - raft.server.log.statemachine.data.sync.timeout = 10s (default)
2021-11-15 13:26:11,535 [pool-315-thread-1] INFO  server.RaftServerConfigKeys (ConfUtils.java:logGet(44)) - raft.server.log.statemachine.data.sync.timeout.retry = -1 (default)
2021-11-15 13:26:11,535 [pool-315-thread-1] INFO  server.RaftServerConfigKeys (ConfUtils.java:logGet(44)) - raft.server.log.write.buffer.size = 1048576 (custom)
2021-11-15 13:26:11,536 [pool-315-thread-1] INFO  server.RaftServerConfigKeys (ConfUtils.java:logGet(44)) - raft.server.log.statemachine.data.caching.enabled = true (custom)
2021-11-15 13:26:11,536 [pool-315-thread-1] INFO  segmented.SegmentedRaftLogWorker (SegmentedRaftLogWorker.java:lambda$new$0(133)) - 1b7637b9-df73-4fd2-9553-6cec13ff666d@group-D7B3E088EE4D-SegmentedRaftLogWorker: flushIndex: setUnconditionally 0 -> -1
2021-11-15 13:26:11,536 [pool-315-thread-1] INFO  segmented.SegmentedRaftLogWorker (SegmentedRaftLogWorker.java:lambda$new$0(133)) - 1b7637b9-df73-4fd2-9553-6cec13ff666d@group-D7B3E088EE4D-SegmentedRaftLogWorker: safeCacheEvictIndex: setUnconditionally 0 -> -1
2021-11-15 13:26:11,546 [pool-315-thread-1] INFO  server.RaftServerConfigKeys (ConfUtils.java:logGet(44)) - raft.server.snapshot.auto.trigger.enabled = true (custom)
2021-11-15 13:26:11,546 [pool-315-thread-1] INFO  server.RaftServerConfigKeys (ConfUtils.java:logGet(44)) - raft.server.snapshot.auto.trigger.threshold = 10000 (custom)
2021-11-15 13:26:11,546 [pool-315-thread-1] INFO  server.RaftServerConfigKeys (ConfUtils.java:logGet(44)) - raft.server.snapshot.retention.file.num = 5 (custom)
2021-11-15 13:26:11,546 [pool-315-thread-1] INFO  server.RaftServerConfigKeys (ConfUtils.java:logGet(44)) - raft.server.log.purge.upto.snapshot.index = false (default)
2021-11-15 13:26:11,546 [pool-315-thread-1] INFO  server.RaftServerConfigKeys (ConfUtils.java:logGet(44)) - raft.server.retrycache.expirytime = 600000ms (custom)
2021-11-15 13:26:11,546 [pool-315-thread-1] INFO  server.RaftServerConfigKeys (ConfUtils.java:logGet(44)) - raft.server.retrycache.statistics.expirytime = 100μs (default)
2021-11-15 13:26:11,547 [pool-315-thread-1] INFO  server.RaftServer$Division (RaftServerImpl.java:start(301)) - 1b7637b9-df73-4fd2-9553-6cec13ff666d@group-D7B3E088EE4D: start as a follower, conf=-1: [a7a9ee06-acf8-4996-94fe-a30a2f736f46|rpc:127.0.0.1:35177|dataStream:|priority:1, 1b7637b9-df73-4fd2-9553-6cec13ff666d|rpc:127.0.0.1:41211|dataStream:|priority:0, 15c58fd6-591f-43e3-aa4f-ac792bae557b|rpc:127.0.0.1:34937|dataStream:|priority:0], old=null
2021-11-15 13:26:11,547 [pool-315-thread-1] INFO  server.RaftServer$Division (RaftServerImpl.java:setRole(290)) - 1b7637b9-df73-4fd2-9553-6cec13ff666d@group-D7B3E088EE4D: changes role from      null to FOLLOWER at term 0 for startAsFollower
2021-11-15 13:26:11,547 [pool-315-thread-1] INFO  impl.RoleInfo (RoleInfo.java:updateAndGet(130)) - 1b7637b9-df73-4fd2-9553-6cec13ff666d: start 1b7637b9-df73-4fd2-9553-6cec13ff666d@group-D7B3E088EE4D-FollowerState
2021-11-15 13:26:11,556 [pool-315-thread-1] INFO  util.JmxRegister (JmxRegister.java:tryRegister(44)) - Successfully registered JMX Bean with object name Ratis:service=RaftServer,group=group-D7B3E088EE4D,id=1b7637b9-df73-4fd2-9553-6cec13ff666d
2021-11-15 13:26:11,577 [Command processor thread] INFO  commandhandler.CreatePipelineCommandHandler (CreatePipelineCommandHandler.java:handle(106)) - Created Pipeline RATIS THREE PipelineID=24cc50e3-8c24-4c69-8aaf-d7b3e088ee4d.
2021-11-15 13:26:11,578 [Command processor thread] INFO  server.RaftServer (RaftServerProxy.java:addNew(95)) - 15c58fd6-591f-43e3-aa4f-ac792bae557b: addNew group-CA48594C04EC:[a7a9ee06-acf8-4996-94fe-a30a2f736f46|rpc:127.0.0.1:35177|priority:0, 1b7637b9-df73-4fd2-9553-6cec13ff666d|rpc:127.0.0.1:41211|priority:1, 15c58fd6-591f-43e3-aa4f-ac792bae557b|rpc:127.0.0.1:34937|priority:0] returns group-CA48594C04EC:java.util.concurrent.CompletableFuture@798ef7b4[Not completed]
2021-11-15 13:26:11,578 [pool-294-thread-1] INFO  server.RaftServer$Division (RaftServerImpl.java:<init>(184)) - 15c58fd6-591f-43e3-aa4f-ac792bae557b: new RaftServerImpl for group-CA48594C04EC:[a7a9ee06-acf8-4996-94fe-a30a2f736f46|rpc:127.0.0.1:35177|priority:0, 1b7637b9-df73-4fd2-9553-6cec13ff666d|rpc:127.0.0.1:41211|priority:1, 15c58fd6-591f-43e3-aa4f-ac792bae557b|rpc:127.0.0.1:34937|priority:0] with ContainerStateMachine:uninitialized
2021-11-15 13:26:11,578 [pool-294-thread-1] INFO  server.RaftServerConfigKeys (ConfUtils.java:logGet(44)) - raft.server.rpc.timeout.min = 5s (custom)
2021-11-15 13:26:11,578 [pool-294-thread-1] INFO  server.RaftServerConfigKeys (ConfUtils.java:logGet(44)) - raft.server.rpc.timeout.max = 5200ms (custom)
2021-11-15 13:26:11,578 [pool-294-thread-1] INFO  server.RaftServerConfigKeys (ConfUtils.java:logGet(44)) - raft.server.rpc.sleep.time = 25ms (default)
2021-11-15 13:26:11,578 [pool-294-thread-1] INFO  server.RaftServerConfigKeys (ConfUtils.java:logGet(44)) - raft.server.rpc.slowness.timeout = 300s (custom)
2021-11-15 13:26:11,578 [pool-294-thread-1] INFO  server.RaftServerConfigKeys (ConfUtils.java:logGet(44)) - raft.server.leaderelection.leader.step-down.wait-time = 10s (default)
2021-11-15 13:26:11,578 [pool-294-thread-1] INFO  server.RaftServerConfigKeys (ConfUtils.java:logGet(44)) - raft.server.sleep.deviation.threshold = 300ms (default)
2021-11-15 13:26:11,578 [pool-294-thread-1] INFO  server.RaftServerConfigKeys (ConfUtils.java:logGet(44)) - raft.server.log.appender.install.snapshot.enabled = false (custom)
2021-11-15 13:26:11,578 [pool-294-thread-1] INFO  server.RaftServer$Division (ServerState.java:<init>(105)) - 15c58fd6-591f-43e3-aa4f-ac792bae557b@group-CA48594C04EC: ConfigurationManager, init=-1: [a7a9ee06-acf8-4996-94fe-a30a2f736f46|rpc:127.0.0.1:35177|priority:0, 1b7637b9-df73-4fd2-9553-6cec13ff666d|rpc:127.0.0.1:41211|priority:1, 15c58fd6-591f-43e3-aa4f-ac792bae557b|rpc:127.0.0.1:34937|priority:0], old=null, confs=<EMPTY_MAP>
2021-11-15 13:26:11,578 [pool-294-thread-1] INFO  server.RaftServerConfigKeys (ConfUtils.java:logGet(44)) - raft.server.storage.dir = [/home/runner/work/ozone/ozone/hadoop-ozone/integration-test/target/test-dir/MiniOzoneClusterImpl-54fbe6a2-d836-4e9c-ac0d-22c475060fab/datanode-0/data/ratis] (custom)
2021-11-15 13:26:11,579 [pool-294-thread-1] INFO  server.RaftServerConfigKeys (ConfUtils.java:logGet(44)) - raft.server.log.corruption.policy = EXCEPTION (default)
2021-11-15 13:26:11,579 [pool-294-thread-1] INFO  server.RaftServerConfigKeys (ConfUtils.java:logGet(44)) - raft.server.storage.free-space.min = 0MB (=0) (default)
2021-11-15 13:26:11,579 [pool-294-thread-1] INFO  storage.RaftStorageDirectory (RaftStorageDirectoryImpl.java:analyzeStorage(135)) - The storage directory /home/runner/work/ozone/ozone/hadoop-ozone/integration-test/target/test-dir/MiniOzoneClusterImpl-54fbe6a2-d836-4e9c-ac0d-22c475060fab/datanode-0/data/ratis/30ff4324-be96-4690-9e43-ca48594c04ec does not exist. Creating ...
2021-11-15 13:26:11,586 [pool-294-thread-1] INFO  storage.RaftStorageDirectory (RaftStorageDirectoryImpl.java:tryLock(230)) - Lock on /home/runner/work/ozone/ozone/hadoop-ozone/integration-test/target/test-dir/MiniOzoneClusterImpl-54fbe6a2-d836-4e9c-ac0d-22c475060fab/datanode-0/data/ratis/30ff4324-be96-4690-9e43-ca48594c04ec/in_use.lock acquired by nodename 23543@fv-az151-339
2021-11-15 13:26:11,590 [pool-294-thread-1] INFO  storage.RaftStorage (RaftStorageImpl.java:format(89)) - Storage directory /home/runner/work/ozone/ozone/hadoop-ozone/integration-test/target/test-dir/MiniOzoneClusterImpl-54fbe6a2-d836-4e9c-ac0d-22c475060fab/datanode-0/data/ratis/30ff4324-be96-4690-9e43-ca48594c04ec has been successfully formatted.
2021-11-15 13:26:11,590 [pool-294-thread-1] INFO  ratis.ContainerStateMachine (ContainerStateMachine.java:loadSnapshot(224)) - group-CA48594C04EC: The snapshot info is null. Setting the last applied indexto:(t:0, i:~)
2021-11-15 13:26:11,591 [pool-294-thread-1] INFO  server.RaftServerConfigKeys (ConfUtils.java:logGet(44)) - raft.server.notification.no-leader.timeout = 300s (custom)
2021-11-15 13:26:11,591 [pool-294-thread-1] INFO  server.RaftServerConfigKeys (ConfUtils.java:logGet(44)) - raft.server.log.use.memory = false (default)
2021-11-15 13:26:11,591 [pool-294-thread-1] INFO  server.RaftServerConfigKeys (ConfUtils.java:logGet(44)) - raft.server.log.purge.gap = 1000000 (custom)
2021-11-15 13:26:11,591 [pool-294-thread-1] INFO  server.RaftServerConfigKeys (ConfUtils.java:logGet(44)) - raft.server.log.appender.buffer.byte-limit = 33554432 (custom)
2021-11-15 13:26:11,591 [pool-294-thread-1] INFO  server.RaftServerConfigKeys (ConfUtils.java:logGet(44)) - raft.server.log.segment.size.max = 1048576 (custom)
2021-11-15 13:26:11,591 [pool-294-thread-1] INFO  server.RaftServerConfigKeys (ConfUtils.java:logGet(44)) - raft.server.log.segment.cache.num.max = 2 (custom)
2021-11-15 13:26:11,591 [pool-294-thread-1] INFO  server.RaftServerConfigKeys (ConfUtils.java:logGet(44)) - raft.server.log.segment.cache.size.max = 200MB (=209715200) (default)
2021-11-15 13:26:11,591 [pool-294-thread-1] INFO  segmented.SegmentedRaftLogWorker (SegmentedRaftLogWorker.java:<init>(182)) - new 15c58fd6-591f-43e3-aa4f-ac792bae557b@group-CA48594C04EC-SegmentedRaftLogWorker for RaftStorageImpl:Storage Directory /home/runner/work/ozone/ozone/hadoop-ozone/integration-test/target/test-dir/MiniOzoneClusterImpl-54fbe6a2-d836-4e9c-ac0d-22c475060fab/datanode-0/data/ratis/30ff4324-be96-4690-9e43-ca48594c04ec
2021-11-15 13:26:11,591 [pool-294-thread-1] INFO  server.RaftServerConfigKeys (ConfUtils.java:logGet(44)) - raft.server.log.queue.byte-limit = 2147483647 (custom)
2021-11-15 13:26:11,591 [pool-294-thread-1] INFO  server.RaftServerConfigKeys (ConfUtils.java:logGet(44)) - raft.server.log.queue.element-limit = 1024 (custom)
2021-11-15 13:26:11,591 [pool-294-thread-1] INFO  server.RaftServerConfigKeys (ConfUtils.java:logGet(44)) - raft.server.log.segment.size.max = 1048576 (custom)
2021-11-15 13:26:11,591 [pool-294-thread-1] INFO  server.RaftServerConfigKeys (ConfUtils.java:logGet(44)) - raft.server.log.preallocated.size = 16384 (custom)
2021-11-15 13:26:11,592 [pool-294-thread-1] INFO  server.RaftServerConfigKeys (ConfUtils.java:logGet(44)) - raft.server.log.force.sync.num = 128 (default)
2021-11-15 13:26:11,592 [pool-294-thread-1] INFO  server.RaftServerConfigKeys (ConfUtils.java:logGet(44)) - raft.server.log.statemachine.data.sync = true (default)
2021-11-15 13:26:11,592 [pool-294-thread-1] INFO  server.RaftServerConfigKeys (ConfUtils.java:logGet(44)) - raft.server.log.statemachine.data.sync.timeout = 10s (default)
2021-11-15 13:26:11,592 [pool-294-thread-1] INFO  server.RaftServerConfigKeys (ConfUtils.java:logGet(44)) - raft.server.log.statemachine.data.sync.timeout.retry = -1 (default)
2021-11-15 13:26:11,592 [pool-294-thread-1] INFO  server.RaftServerConfigKeys (ConfUtils.java:logGet(44)) - raft.server.log.write.buffer.size = 1048576 (custom)
2021-11-15 13:26:11,593 [pool-294-thread-1] INFO  server.RaftServerConfigKeys (ConfUtils.java:logGet(44)) - raft.server.log.statemachine.data.caching.enabled = true (custom)
2021-11-15 13:26:11,593 [pool-294-thread-1] INFO  segmented.SegmentedRaftLogWorker (SegmentedRaftLogWorker.java:lambda$new$0(133)) - 15c58fd6-591f-43e3-aa4f-ac792bae557b@group-CA48594C04EC-SegmentedRaftLogWorker: flushIndex: setUnconditionally 0 -> -1
2021-11-15 13:26:11,593 [pool-294-thread-1] INFO  segmented.SegmentedRaftLogWorker (SegmentedRaftLogWorker.java:lambda$new$0(133)) - 15c58fd6-591f-43e3-aa4f-ac792bae557b@group-CA48594C04EC-SegmentedRaftLogWorker: safeCacheEvictIndex: setUnconditionally 0 -> -1
2021-11-15 13:26:11,594 [EventQueue-OpenPipelineForHealthyPipelineSafeModeRule] INFO  safemode.SCMSafeModeManager (HealthyPipelineSafeModeRule.java:process(124)) - SCM in safe mode. Healthy pipelines reported count is 0, required healthy pipeline reported count is 1
2021-11-15 13:26:11,602 [pool-294-thread-1] INFO  server.RaftServerConfigKeys (ConfUtils.java:logGet(44)) - raft.server.snapshot.auto.trigger.enabled = true (custom)
2021-11-15 13:26:11,602 [pool-294-thread-1] INFO  server.RaftServerConfigKeys (ConfUtils.java:logGet(44)) - raft.server.snapshot.auto.trigger.threshold = 10000 (custom)
2021-11-15 13:26:11,602 [pool-294-thread-1] INFO  server.RaftServerConfigKeys (ConfUtils.java:logGet(44)) - raft.server.snapshot.retention.file.num = 5 (custom)
2021-11-15 13:26:11,602 [pool-294-thread-1] INFO  server.RaftServerConfigKeys (ConfUtils.java:logGet(44)) - raft.server.log.purge.upto.snapshot.index = false (default)
2021-11-15 13:26:11,602 [pool-294-thread-1] INFO  server.RaftServerConfigKeys (ConfUtils.java:logGet(44)) - raft.server.retrycache.expirytime = 600000ms (custom)
2021-11-15 13:26:11,602 [pool-294-thread-1] INFO  server.RaftServerConfigKeys (ConfUtils.java:logGet(44)) - raft.server.retrycache.statistics.expirytime = 100μs (default)
2021-11-15 13:26:11,603 [pool-294-thread-1] INFO  server.RaftServer$Division (RaftServerImpl.java:start(301)) - 15c58fd6-591f-43e3-aa4f-ac792bae557b@group-CA48594C04EC: start as a follower, conf=-1: [a7a9ee06-acf8-4996-94fe-a30a2f736f46|rpc:127.0.0.1:35177|priority:0, 1b7637b9-df73-4fd2-9553-6cec13ff666d|rpc:127.0.0.1:41211|priority:1, 15c58fd6-591f-43e3-aa4f-ac792bae557b|rpc:127.0.0.1:34937|priority:0], old=null
2021-11-15 13:26:11,603 [pool-294-thread-1] INFO  server.RaftServer$Division (RaftServerImpl.java:setRole(290)) - 15c58fd6-591f-43e3-aa4f-ac792bae557b@group-CA48594C04EC: changes role from      null to FOLLOWER at term 0 for startAsFollower
2021-11-15 13:26:11,603 [pool-294-thread-1] INFO  impl.RoleInfo (RoleInfo.java:updateAndGet(130)) - 15c58fd6-591f-43e3-aa4f-ac792bae557b: start 15c58fd6-591f-43e3-aa4f-ac792bae557b@group-CA48594C04EC-FollowerState
2021-11-15 13:26:11,604 [pool-294-thread-1] INFO  util.JmxRegister (JmxRegister.java:tryRegister(44)) - Successfully registered JMX Bean with object name Ratis:service=RaftServer,group=group-CA48594C04EC,id=15c58fd6-591f-43e3-aa4f-ac792bae557b
2021-11-15 13:26:11,609 [Command processor thread] INFO  ratis.XceiverServerRatis (XceiverServerRatis.java:addGroup(768)) - Created group PipelineID=30ff4324-be96-4690-9e43-ca48594c04ec
2021-11-15 13:26:11,619 [grpc-default-executor-2] INFO  server.RaftServer (RaftServerProxy.java:addNew(95)) - 1b7637b9-df73-4fd2-9553-6cec13ff666d: addNew group-CA48594C04EC:[a7a9ee06-acf8-4996-94fe-a30a2f736f46|rpc:127.0.0.1:35177|dataStream:|priority:0, 1b7637b9-df73-4fd2-9553-6cec13ff666d|rpc:127.0.0.1:41211|dataStream:|priority:1, 15c58fd6-591f-43e3-aa4f-ac792bae557b|rpc:127.0.0.1:34937|dataStream:|priority:0] returns group-CA48594C04EC:java.util.concurrent.CompletableFuture@7a8d9bd0[Not completed]
2021-11-15 13:26:11,619 [pool-315-thread-1] INFO  server.RaftServer$Division (RaftServerImpl.java:<init>(184)) - 1b7637b9-df73-4fd2-9553-6cec13ff666d: new RaftServerImpl for group-CA48594C04EC:[a7a9ee06-acf8-4996-94fe-a30a2f736f46|rpc:127.0.0.1:35177|dataStream:|priority:0, 1b7637b9-df73-4fd2-9553-6cec13ff666d|rpc:127.0.0.1:41211|dataStream:|priority:1, 15c58fd6-591f-43e3-aa4f-ac792bae557b|rpc:127.0.0.1:34937|dataStream:|priority:0] with ContainerStateMachine:uninitialized
2021-11-15 13:26:11,619 [pool-315-thread-1] INFO  server.RaftServerConfigKeys (ConfUtils.java:logGet(44)) - raft.server.rpc.timeout.min = 5s (custom)
2021-11-15 13:26:11,619 [pool-315-thread-1] INFO  server.RaftServerConfigKeys (ConfUtils.java:logGet(44)) - raft.server.rpc.timeout.max = 5200ms (custom)
2021-11-15 13:26:11,619 [pool-315-thread-1] INFO  server.RaftServerConfigKeys (ConfUtils.java:logGet(44)) - raft.server.rpc.sleep.time = 25ms (default)
2021-11-15 13:26:11,619 [pool-315-thread-1] INFO  server.RaftServerConfigKeys (ConfUtils.java:logGet(44)) - raft.server.rpc.slowness.timeout = 300s (custom)
2021-11-15 13:26:11,619 [pool-315-thread-1] INFO  server.RaftServerConfigKeys (ConfUtils.java:logGet(44)) - raft.server.leaderelection.leader.step-down.wait-time = 10s (default)
2021-11-15 13:26:11,619 [pool-315-thread-1] INFO  server.RaftServerConfigKeys (ConfUtils.java:logGet(44)) - raft.server.sleep.deviation.threshold = 300ms (default)
2021-11-15 13:26:11,620 [pool-315-thread-1] INFO  server.RaftServerConfigKeys (ConfUtils.java:logGet(44)) - raft.server.log.appender.install.snapshot.enabled = false (custom)
2021-11-15 13:26:11,620 [pool-315-thread-1] INFO  server.RaftServer$Division (ServerState.java:<init>(105)) - 1b7637b9-df73-4fd2-9553-6cec13ff666d@group-CA48594C04EC: ConfigurationManager, init=-1: [a7a9ee06-acf8-4996-94fe-a30a2f736f46|rpc:127.0.0.1:35177|dataStream:|priority:0, 1b7637b9-df73-4fd2-9553-6cec13ff666d|rpc:127.0.0.1:41211|dataStream:|priority:1, 15c58fd6-591f-43e3-aa4f-ac792bae557b|rpc:127.0.0.1:34937|dataStream:|priority:0], old=null, confs=<EMPTY_MAP>
2021-11-15 13:26:11,620 [pool-315-thread-1] INFO  server.RaftServerConfigKeys (ConfUtils.java:logGet(44)) - raft.server.storage.dir = [/home/runner/work/ozone/ozone/hadoop-ozone/integration-test/target/test-dir/MiniOzoneClusterImpl-54fbe6a2-d836-4e9c-ac0d-22c475060fab/datanode-1/data/ratis] (custom)
2021-11-15 13:26:11,620 [pool-315-thread-1] INFO  server.RaftServerConfigKeys (ConfUtils.java:logGet(44)) - raft.server.log.corruption.policy = EXCEPTION (default)
2021-11-15 13:26:11,620 [pool-315-thread-1] INFO  server.RaftServerConfigKeys (ConfUtils.java:logGet(44)) - raft.server.storage.free-space.min = 0MB (=0) (default)
2021-11-15 13:26:11,620 [pool-315-thread-1] INFO  storage.RaftStorageDirectory (RaftStorageDirectoryImpl.java:analyzeStorage(135)) - The storage directory /home/runner/work/ozone/ozone/hadoop-ozone/integration-test/target/test-dir/MiniOzoneClusterImpl-54fbe6a2-d836-4e9c-ac0d-22c475060fab/datanode-1/data/ratis/30ff4324-be96-4690-9e43-ca48594c04ec does not exist. Creating ...
2021-11-15 13:26:11,628 [pool-315-thread-1] INFO  storage.RaftStorageDirectory (RaftStorageDirectoryImpl.java:tryLock(230)) - Lock on /home/runner/work/ozone/ozone/hadoop-ozone/integration-test/target/test-dir/MiniOzoneClusterImpl-54fbe6a2-d836-4e9c-ac0d-22c475060fab/datanode-1/data/ratis/30ff4324-be96-4690-9e43-ca48594c04ec/in_use.lock acquired by nodename 23543@fv-az151-339
2021-11-15 13:26:11,631 [pool-315-thread-1] INFO  storage.RaftStorage (RaftStorageImpl.java:format(89)) - Storage directory /home/runner/work/ozone/ozone/hadoop-ozone/integration-test/target/test-dir/MiniOzoneClusterImpl-54fbe6a2-d836-4e9c-ac0d-22c475060fab/datanode-1/data/ratis/30ff4324-be96-4690-9e43-ca48594c04ec has been successfully formatted.
2021-11-15 13:26:11,631 [pool-315-thread-1] INFO  ratis.ContainerStateMachine (ContainerStateMachine.java:loadSnapshot(224)) - group-CA48594C04EC: The snapshot info is null. Setting the last applied indexto:(t:0, i:~)
2021-11-15 13:26:11,631 [pool-315-thread-1] INFO  server.RaftServerConfigKeys (ConfUtils.java:logGet(44)) - raft.server.notification.no-leader.timeout = 300s (custom)
2021-11-15 13:26:11,631 [pool-315-thread-1] INFO  server.RaftServerConfigKeys (ConfUtils.java:logGet(44)) - raft.server.log.use.memory = false (default)
2021-11-15 13:26:11,631 [pool-315-thread-1] INFO  server.RaftServerConfigKeys (ConfUtils.java:logGet(44)) - raft.server.log.purge.gap = 1000000 (custom)
2021-11-15 13:26:11,631 [pool-315-thread-1] INFO  server.RaftServerConfigKeys (ConfUtils.java:logGet(44)) - raft.server.log.appender.buffer.byte-limit = 33554432 (custom)
2021-11-15 13:26:11,632 [pool-315-thread-1] INFO  server.RaftServerConfigKeys (ConfUtils.java:logGet(44)) - raft.server.log.segment.size.max = 1048576 (custom)
2021-11-15 13:26:11,632 [pool-315-thread-1] INFO  server.RaftServerConfigKeys (ConfUtils.java:logGet(44)) - raft.server.log.segment.cache.num.max = 2 (custom)
2021-11-15 13:26:11,632 [pool-315-thread-1] INFO  server.RaftServerConfigKeys (ConfUtils.java:logGet(44)) - raft.server.log.segment.cache.size.max = 200MB (=209715200) (default)
2021-11-15 13:26:11,632 [pool-315-thread-1] INFO  segmented.SegmentedRaftLogWorker (SegmentedRaftLogWorker.java:<init>(182)) - new 1b7637b9-df73-4fd2-9553-6cec13ff666d@group-CA48594C04EC-SegmentedRaftLogWorker for RaftStorageImpl:Storage Directory /home/runner/work/ozone/ozone/hadoop-ozone/integration-test/target/test-dir/MiniOzoneClusterImpl-54fbe6a2-d836-4e9c-ac0d-22c475060fab/datanode-1/data/ratis/30ff4324-be96-4690-9e43-ca48594c04ec
2021-11-15 13:26:11,632 [pool-315-thread-1] INFO  server.RaftServerConfigKeys (ConfUtils.java:logGet(44)) - raft.server.log.queue.byte-limit = 2147483647 (custom)
2021-11-15 13:26:11,632 [pool-315-thread-1] INFO  server.RaftServerConfigKeys (ConfUtils.java:logGet(44)) - raft.server.log.queue.element-limit = 1024 (custom)
2021-11-15 13:26:11,632 [pool-315-thread-1] INFO  server.RaftServerConfigKeys (ConfUtils.java:logGet(44)) - raft.server.log.segment.size.max = 1048576 (custom)
2021-11-15 13:26:11,632 [pool-315-thread-1] INFO  server.RaftServerConfigKeys (ConfUtils.java:logGet(44)) - raft.server.log.preallocated.size = 16384 (custom)
2021-11-15 13:26:11,632 [pool-315-thread-1] INFO  server.RaftServerConfigKeys (ConfUtils.java:logGet(44)) - raft.server.log.force.sync.num = 128 (default)
2021-11-15 13:26:11,632 [pool-315-thread-1] INFO  server.RaftServerConfigKeys (ConfUtils.java:logGet(44)) - raft.server.log.statemachine.data.sync = true (default)
2021-11-15 13:26:11,632 [pool-315-thread-1] INFO  server.RaftServerConfigKeys (ConfUtils.java:logGet(44)) - raft.server.log.statemachine.data.sync.timeout = 10s (default)
2021-11-15 13:26:11,632 [pool-315-thread-1] INFO  server.RaftServerConfigKeys (ConfUtils.java:logGet(44)) - raft.server.log.statemachine.data.sync.timeout.retry = -1 (default)
2021-11-15 13:26:11,633 [pool-315-thread-1] INFO  server.RaftServerConfigKeys (ConfUtils.java:logGet(44)) - raft.server.log.write.buffer.size = 1048576 (custom)
2021-11-15 13:26:11,633 [pool-315-thread-1] INFO  server.RaftServerConfigKeys (ConfUtils.java:logGet(44)) - raft.server.log.statemachine.data.caching.enabled = true (custom)
2021-11-15 13:26:11,637 [pool-315-thread-1] INFO  segmented.SegmentedRaftLogWorker (SegmentedRaftLogWorker.java:lambda$new$0(133)) - 1b7637b9-df73-4fd2-9553-6cec13ff666d@group-CA48594C04EC-SegmentedRaftLogWorker: flushIndex: setUnconditionally 0 -> -1
2021-11-15 13:26:11,637 [pool-315-thread-1] INFO  segmented.SegmentedRaftLogWorker (SegmentedRaftLogWorker.java:lambda$new$0(133)) - 1b7637b9-df73-4fd2-9553-6cec13ff666d@group-CA48594C04EC-SegmentedRaftLogWorker: safeCacheEvictIndex: setUnconditionally 0 -> -1
2021-11-15 13:26:11,642 [pool-315-thread-1] INFO  server.RaftServerConfigKeys (ConfUtils.java:logGet(44)) - raft.server.snapshot.auto.trigger.enabled = true (custom)
2021-11-15 13:26:11,642 [pool-315-thread-1] INFO  server.RaftServerConfigKeys (ConfUtils.java:logGet(44)) - raft.server.snapshot.auto.trigger.threshold = 10000 (custom)
2021-11-15 13:26:11,642 [pool-315-thread-1] INFO  server.RaftServerConfigKeys (ConfUtils.java:logGet(44)) - raft.server.snapshot.retention.file.num = 5 (custom)
2021-11-15 13:26:11,642 [pool-315-thread-1] INFO  server.RaftServerConfigKeys (ConfUtils.java:logGet(44)) - raft.server.log.purge.upto.snapshot.index = false (default)
2021-11-15 13:26:11,642 [pool-315-thread-1] INFO  server.RaftServerConfigKeys (ConfUtils.java:logGet(44)) - raft.server.retrycache.expirytime = 600000ms (custom)
2021-11-15 13:26:11,642 [pool-315-thread-1] INFO  server.RaftServerConfigKeys (ConfUtils.java:logGet(44)) - raft.server.retrycache.statistics.expirytime = 100μs (default)
2021-11-15 13:26:11,643 [pool-315-thread-1] INFO  server.RaftServer$Division (RaftServerImpl.java:start(301)) - 1b7637b9-df73-4fd2-9553-6cec13ff666d@group-CA48594C04EC: start as a follower, conf=-1: [a7a9ee06-acf8-4996-94fe-a30a2f736f46|rpc:127.0.0.1:35177|dataStream:|priority:0, 1b7637b9-df73-4fd2-9553-6cec13ff666d|rpc:127.0.0.1:41211|dataStream:|priority:1, 15c58fd6-591f-43e3-aa4f-ac792bae557b|rpc:127.0.0.1:34937|dataStream:|priority:0], old=null
2021-11-15 13:26:11,643 [pool-315-thread-1] INFO  server.RaftServer$Division (RaftServerImpl.java:setRole(290)) - 1b7637b9-df73-4fd2-9553-6cec13ff666d@group-CA48594C04EC: changes role from      null to FOLLOWER at term 0 for startAsFollower
2021-11-15 13:26:11,643 [pool-315-thread-1] INFO  impl.RoleInfo (RoleInfo.java:updateAndGet(130)) - 1b7637b9-df73-4fd2-9553-6cec13ff666d: start 1b7637b9-df73-4fd2-9553-6cec13ff666d@group-CA48594C04EC-FollowerState
2021-11-15 13:26:11,649 [pool-315-thread-1] INFO  util.JmxRegister (JmxRegister.java:tryRegister(44)) - Successfully registered JMX Bean with object name Ratis:service=RaftServer,group=group-CA48594C04EC,id=1b7637b9-df73-4fd2-9553-6cec13ff666d
2021-11-15 13:26:11,692 [grpc-default-executor-2] INFO  server.RaftServer (RaftServerProxy.java:addNew(95)) - a7a9ee06-acf8-4996-94fe-a30a2f736f46: addNew group-CA48594C04EC:[a7a9ee06-acf8-4996-94fe-a30a2f736f46|rpc:127.0.0.1:35177|dataStream:|priority:0, 1b7637b9-df73-4fd2-9553-6cec13ff666d|rpc:127.0.0.1:41211|dataStream:|priority:1, 15c58fd6-591f-43e3-aa4f-ac792bae557b|rpc:127.0.0.1:34937|dataStream:|priority:0] returns group-CA48594C04EC:java.util.concurrent.CompletableFuture@e29e2f7[Not completed]
2021-11-15 13:26:11,692 [pool-336-thread-1] INFO  server.RaftServer$Division (RaftServerImpl.java:<init>(184)) - a7a9ee06-acf8-4996-94fe-a30a2f736f46: new RaftServerImpl for group-CA48594C04EC:[a7a9ee06-acf8-4996-94fe-a30a2f736f46|rpc:127.0.0.1:35177|dataStream:|priority:0, 1b7637b9-df73-4fd2-9553-6cec13ff666d|rpc:127.0.0.1:41211|dataStream:|priority:1, 15c58fd6-591f-43e3-aa4f-ac792bae557b|rpc:127.0.0.1:34937|dataStream:|priority:0] with ContainerStateMachine:uninitialized
2021-11-15 13:26:11,693 [pool-336-thread-1] INFO  server.RaftServerConfigKeys (ConfUtils.java:logGet(44)) - raft.server.rpc.timeout.min = 5s (custom)
2021-11-15 13:26:11,693 [pool-336-thread-1] INFO  server.RaftServerConfigKeys (ConfUtils.java:logGet(44)) - raft.server.rpc.timeout.max = 5200ms (custom)
2021-11-15 13:26:11,693 [pool-336-thread-1] INFO  server.RaftServerConfigKeys (ConfUtils.java:logGet(44)) - raft.server.rpc.sleep.time = 25ms (default)
2021-11-15 13:26:11,693 [pool-336-thread-1] INFO  server.RaftServerConfigKeys (ConfUtils.java:logGet(44)) - raft.server.rpc.slowness.timeout = 300s (custom)
2021-11-15 13:26:11,693 [pool-336-thread-1] INFO  server.RaftServerConfigKeys (ConfUtils.java:logGet(44)) - raft.server.leaderelection.leader.step-down.wait-time = 10s (default)
2021-11-15 13:26:11,693 [pool-336-thread-1] INFO  server.RaftServerConfigKeys (ConfUtils.java:logGet(44)) - raft.server.sleep.deviation.threshold = 300ms (default)
2021-11-15 13:26:11,693 [pool-336-thread-1] INFO  server.RaftServerConfigKeys (ConfUtils.java:logGet(44)) - raft.server.log.appender.install.snapshot.enabled = false (custom)
2021-11-15 13:26:11,693 [pool-336-thread-1] INFO  server.RaftServer$Division (ServerState.java:<init>(105)) - a7a9ee06-acf8-4996-94fe-a30a2f736f46@group-CA48594C04EC: ConfigurationManager, init=-1: [a7a9ee06-acf8-4996-94fe-a30a2f736f46|rpc:127.0.0.1:35177|dataStream:|priority:0, 1b7637b9-df73-4fd2-9553-6cec13ff666d|rpc:127.0.0.1:41211|dataStream:|priority:1, 15c58fd6-591f-43e3-aa4f-ac792bae557b|rpc:127.0.0.1:34937|dataStream:|priority:0], old=null, confs=<EMPTY_MAP>
2021-11-15 13:26:11,693 [pool-336-thread-1] INFO  server.RaftServerConfigKeys (ConfUtils.java:logGet(44)) - raft.server.storage.dir = [/home/runner/work/ozone/ozone/hadoop-ozone/integration-test/target/test-dir/MiniOzoneClusterImpl-54fbe6a2-d836-4e9c-ac0d-22c475060fab/datanode-2/data/ratis] (custom)
2021-11-15 13:26:11,693 [pool-336-thread-1] INFO  server.RaftServerConfigKeys (ConfUtils.java:logGet(44)) - raft.server.log.corruption.policy = EXCEPTION (default)
2021-11-15 13:26:11,693 [pool-336-thread-1] INFO  server.RaftServerConfigKeys (ConfUtils.java:logGet(44)) - raft.server.storage.free-space.min = 0MB (=0) (default)
2021-11-15 13:26:11,693 [pool-336-thread-1] INFO  storage.RaftStorageDirectory (RaftStorageDirectoryImpl.java:analyzeStorage(135)) - The storage directory /home/runner/work/ozone/ozone/hadoop-ozone/integration-test/target/test-dir/MiniOzoneClusterImpl-54fbe6a2-d836-4e9c-ac0d-22c475060fab/datanode-2/data/ratis/30ff4324-be96-4690-9e43-ca48594c04ec does not exist. Creating ...
2021-11-15 13:26:11,701 [pool-336-thread-1] INFO  storage.RaftStorageDirectory (RaftStorageDirectoryImpl.java:tryLock(230)) - Lock on /home/runner/work/ozone/ozone/hadoop-ozone/integration-test/target/test-dir/MiniOzoneClusterImpl-54fbe6a2-d836-4e9c-ac0d-22c475060fab/datanode-2/data/ratis/30ff4324-be96-4690-9e43-ca48594c04ec/in_use.lock acquired by nodename 23543@fv-az151-339
2021-11-15 13:26:11,701 [pool-336-thread-1] INFO  storage.RaftStorage (RaftStorageImpl.java:format(89)) - Storage directory /home/runner/work/ozone/ozone/hadoop-ozone/integration-test/target/test-dir/MiniOzoneClusterImpl-54fbe6a2-d836-4e9c-ac0d-22c475060fab/datanode-2/data/ratis/30ff4324-be96-4690-9e43-ca48594c04ec has been successfully formatted.
2021-11-15 13:26:11,702 [pool-336-thread-1] INFO  ratis.ContainerStateMachine (ContainerStateMachine.java:loadSnapshot(224)) - group-CA48594C04EC: The snapshot info is null. Setting the last applied indexto:(t:0, i:~)
2021-11-15 13:26:11,705 [pool-336-thread-1] INFO  server.RaftServerConfigKeys (ConfUtils.java:logGet(44)) - raft.server.notification.no-leader.timeout = 300s (custom)
2021-11-15 13:26:11,705 [pool-336-thread-1] INFO  server.RaftServerConfigKeys (ConfUtils.java:logGet(44)) - raft.server.log.use.memory = false (default)
2021-11-15 13:26:11,705 [pool-336-thread-1] INFO  server.RaftServerConfigKeys (ConfUtils.java:logGet(44)) - raft.server.log.purge.gap = 1000000 (custom)
2021-11-15 13:26:11,705 [pool-336-thread-1] INFO  server.RaftServerConfigKeys (ConfUtils.java:logGet(44)) - raft.server.log.appender.buffer.byte-limit = 33554432 (custom)
2021-11-15 13:26:11,705 [pool-336-thread-1] INFO  server.RaftServerConfigKeys (ConfUtils.java:logGet(44)) - raft.server.log.segment.size.max = 1048576 (custom)
2021-11-15 13:26:11,705 [pool-336-thread-1] INFO  server.RaftServerConfigKeys (ConfUtils.java:logGet(44)) - raft.server.log.segment.cache.num.max = 2 (custom)
2021-11-15 13:26:11,705 [pool-336-thread-1] INFO  server.RaftServerConfigKeys (ConfUtils.java:logGet(44)) - raft.server.log.segment.cache.size.max = 200MB (=209715200) (default)
2021-11-15 13:26:11,705 [pool-336-thread-1] INFO  segmented.SegmentedRaftLogWorker (SegmentedRaftLogWorker.java:<init>(182)) - new a7a9ee06-acf8-4996-94fe-a30a2f736f46@group-CA48594C04EC-SegmentedRaftLogWorker for RaftStorageImpl:Storage Directory /home/runner/work/ozone/ozone/hadoop-ozone/integration-test/target/test-dir/MiniOzoneClusterImpl-54fbe6a2-d836-4e9c-ac0d-22c475060fab/datanode-2/data/ratis/30ff4324-be96-4690-9e43-ca48594c04ec
2021-11-15 13:26:11,705 [pool-336-thread-1] INFO  server.RaftServerConfigKeys (ConfUtils.java:logGet(44)) - raft.server.log.queue.byte-limit = 2147483647 (custom)
2021-11-15 13:26:11,705 [pool-336-thread-1] INFO  server.RaftServerConfigKeys (ConfUtils.java:logGet(44)) - raft.server.log.queue.element-limit = 1024 (custom)
2021-11-15 13:26:11,705 [pool-336-thread-1] INFO  server.RaftServerConfigKeys (ConfUtils.java:logGet(44)) - raft.server.log.segment.size.max = 1048576 (custom)
2021-11-15 13:26:11,705 [pool-336-thread-1] INFO  server.RaftServerConfigKeys (ConfUtils.java:logGet(44)) - raft.server.log.preallocated.size = 16384 (custom)
2021-11-15 13:26:11,705 [pool-336-thread-1] INFO  server.RaftServerConfigKeys (ConfUtils.java:logGet(44)) - raft.server.log.force.sync.num = 128 (default)
2021-11-15 13:26:11,705 [pool-336-thread-1] INFO  server.RaftServerConfigKeys (ConfUtils.java:logGet(44)) - raft.server.log.statemachine.data.sync = true (default)
2021-11-15 13:26:11,705 [pool-336-thread-1] INFO  server.RaftServerConfigKeys (ConfUtils.java:logGet(44)) - raft.server.log.statemachine.data.sync.timeout = 10s (default)
2021-11-15 13:26:11,705 [pool-336-thread-1] INFO  server.RaftServerConfigKeys (ConfUtils.java:logGet(44)) - raft.server.log.statemachine.data.sync.timeout.retry = -1 (default)
2021-11-15 13:26:11,710 [pool-336-thread-1] INFO  server.RaftServerConfigKeys (ConfUtils.java:logGet(44)) - raft.server.log.write.buffer.size = 1048576 (custom)
2021-11-15 13:26:11,711 [pool-336-thread-1] INFO  server.RaftServerConfigKeys (ConfUtils.java:logGet(44)) - raft.server.log.statemachine.data.caching.enabled = true (custom)
2021-11-15 13:26:11,711 [pool-336-thread-1] INFO  segmented.SegmentedRaftLogWorker (SegmentedRaftLogWorker.java:lambda$new$0(133)) - a7a9ee06-acf8-4996-94fe-a30a2f736f46@group-CA48594C04EC-SegmentedRaftLogWorker: flushIndex: setUnconditionally 0 -> -1
2021-11-15 13:26:11,711 [pool-336-thread-1] INFO  segmented.SegmentedRaftLogWorker (SegmentedRaftLogWorker.java:lambda$new$0(133)) - a7a9ee06-acf8-4996-94fe-a30a2f736f46@group-CA48594C04EC-SegmentedRaftLogWorker: safeCacheEvictIndex: setUnconditionally 0 -> -1
2021-11-15 13:26:11,715 [pool-336-thread-1] INFO  server.RaftServerConfigKeys (ConfUtils.java:logGet(44)) - raft.server.snapshot.auto.trigger.enabled = true (custom)
2021-11-15 13:26:11,715 [pool-336-thread-1] INFO  server.RaftServerConfigKeys (ConfUtils.java:logGet(44)) - raft.server.snapshot.auto.trigger.threshold = 10000 (custom)
2021-11-15 13:26:11,715 [pool-336-thread-1] INFO  server.RaftServerConfigKeys (ConfUtils.java:logGet(44)) - raft.server.snapshot.retention.file.num = 5 (custom)
2021-11-15 13:26:11,715 [pool-336-thread-1] INFO  server.RaftServerConfigKeys (ConfUtils.java:logGet(44)) - raft.server.log.purge.upto.snapshot.index = false (default)
2021-11-15 13:26:11,715 [pool-336-thread-1] INFO  server.RaftServerConfigKeys (ConfUtils.java:logGet(44)) - raft.server.retrycache.expirytime = 600000ms (custom)
2021-11-15 13:26:11,715 [pool-336-thread-1] INFO  server.RaftServerConfigKeys (ConfUtils.java:logGet(44)) - raft.server.retrycache.statistics.expirytime = 100μs (default)
2021-11-15 13:26:11,716 [pool-336-thread-1] INFO  server.RaftServer$Division (RaftServerImpl.java:start(301)) - a7a9ee06-acf8-4996-94fe-a30a2f736f46@group-CA48594C04EC: start as a follower, conf=-1: [a7a9ee06-acf8-4996-94fe-a30a2f736f46|rpc:127.0.0.1:35177|dataStream:|priority:0, 1b7637b9-df73-4fd2-9553-6cec13ff666d|rpc:127.0.0.1:41211|dataStream:|priority:1, 15c58fd6-591f-43e3-aa4f-ac792bae557b|rpc:127.0.0.1:34937|dataStream:|priority:0], old=null
2021-11-15 13:26:11,716 [pool-336-thread-1] INFO  server.RaftServer$Division (RaftServerImpl.java:setRole(290)) - a7a9ee06-acf8-4996-94fe-a30a2f736f46@group-CA48594C04EC: changes role from      null to FOLLOWER at term 0 for startAsFollower
2021-11-15 13:26:11,716 [pool-336-thread-1] INFO  impl.RoleInfo (RoleInfo.java:updateAndGet(130)) - a7a9ee06-acf8-4996-94fe-a30a2f736f46: start a7a9ee06-acf8-4996-94fe-a30a2f736f46@group-CA48594C04EC-FollowerState
2021-11-15 13:26:11,717 [pool-336-thread-1] INFO  util.JmxRegister (JmxRegister.java:tryRegister(44)) - Successfully registered JMX Bean with object name Ratis:service=RaftServer,group=group-CA48594C04EC,id=a7a9ee06-acf8-4996-94fe-a30a2f736f46
2021-11-15 13:26:11,727 [Command processor thread] INFO  commandhandler.CreatePipelineCommandHandler (CreatePipelineCommandHandler.java:handle(106)) - Created Pipeline RATIS THREE PipelineID=30ff4324-be96-4690-9e43-ca48594c04ec.
2021-11-15 13:26:11,882 [Command processor thread] INFO  server.RaftServer (RaftServerProxy.java:addNew(95)) - 1b7637b9-df73-4fd2-9553-6cec13ff666d: addNew group-806C4339F8C1:[1b7637b9-df73-4fd2-9553-6cec13ff666d|rpc:127.0.0.1:41211|priority:1] returns group-806C4339F8C1:java.util.concurrent.CompletableFuture@8ea458c[Not completed]
2021-11-15 13:26:11,883 [pool-315-thread-1] INFO  server.RaftServer$Division (RaftServerImpl.java:<init>(184)) - 1b7637b9-df73-4fd2-9553-6cec13ff666d: new RaftServerImpl for group-806C4339F8C1:[1b7637b9-df73-4fd2-9553-6cec13ff666d|rpc:127.0.0.1:41211|priority:1] with ContainerStateMachine:uninitialized
2021-11-15 13:26:11,883 [pool-315-thread-1] INFO  server.RaftServerConfigKeys (ConfUtils.java:logGet(44)) - raft.server.rpc.timeout.min = 5s (custom)
2021-11-15 13:26:11,883 [pool-315-thread-1] INFO  server.RaftServerConfigKeys (ConfUtils.java:logGet(44)) - raft.server.rpc.timeout.max = 5200ms (custom)
2021-11-15 13:26:11,883 [pool-315-thread-1] INFO  server.RaftServerConfigKeys (ConfUtils.java:logGet(44)) - raft.server.rpc.sleep.time = 25ms (default)
2021-11-15 13:26:11,883 [pool-315-thread-1] INFO  server.RaftServerConfigKeys (ConfUtils.java:logGet(44)) - raft.server.rpc.slowness.timeout = 300s (custom)
2021-11-15 13:26:11,883 [pool-315-thread-1] INFO  server.RaftServerConfigKeys (ConfUtils.java:logGet(44)) - raft.server.leaderelection.leader.step-down.wait-time = 10s (default)
2021-11-15 13:26:11,883 [pool-315-thread-1] INFO  server.RaftServerConfigKeys (ConfUtils.java:logGet(44)) - raft.server.sleep.deviation.threshold = 300ms (default)
2021-11-15 13:26:11,883 [pool-315-thread-1] INFO  server.RaftServerConfigKeys (ConfUtils.java:logGet(44)) - raft.server.log.appender.install.snapshot.enabled = false (custom)
2021-11-15 13:26:11,883 [pool-315-thread-1] INFO  server.RaftServer$Division (ServerState.java:<init>(105)) - 1b7637b9-df73-4fd2-9553-6cec13ff666d@group-806C4339F8C1: ConfigurationManager, init=-1: [1b7637b9-df73-4fd2-9553-6cec13ff666d|rpc:127.0.0.1:41211|priority:1], old=null, confs=<EMPTY_MAP>
2021-11-15 13:26:11,884 [pool-315-thread-1] INFO  server.RaftServerConfigKeys (ConfUtils.java:logGet(44)) - raft.server.storage.dir = [/home/runner/work/ozone/ozone/hadoop-ozone/integration-test/target/test-dir/MiniOzoneClusterImpl-54fbe6a2-d836-4e9c-ac0d-22c475060fab/datanode-1/data/ratis] (custom)
2021-11-15 13:26:11,884 [pool-315-thread-1] INFO  server.RaftServerConfigKeys (ConfUtils.java:logGet(44)) - raft.server.log.corruption.policy = EXCEPTION (default)
2021-11-15 13:26:11,884 [pool-315-thread-1] INFO  server.RaftServerConfigKeys (ConfUtils.java:logGet(44)) - raft.server.storage.free-space.min = 0MB (=0) (default)
2021-11-15 13:26:11,884 [pool-315-thread-1] INFO  storage.RaftStorageDirectory (RaftStorageDirectoryImpl.java:analyzeStorage(135)) - The storage directory /home/runner/work/ozone/ozone/hadoop-ozone/integration-test/target/test-dir/MiniOzoneClusterImpl-54fbe6a2-d836-4e9c-ac0d-22c475060fab/datanode-1/data/ratis/becc6797-61c3-458a-a053-806c4339f8c1 does not exist. Creating ...
2021-11-15 13:26:11,890 [pool-315-thread-1] INFO  storage.RaftStorageDirectory (RaftStorageDirectoryImpl.java:tryLock(230)) - Lock on /home/runner/work/ozone/ozone/hadoop-ozone/integration-test/target/test-dir/MiniOzoneClusterImpl-54fbe6a2-d836-4e9c-ac0d-22c475060fab/datanode-1/data/ratis/becc6797-61c3-458a-a053-806c4339f8c1/in_use.lock acquired by nodename 23543@fv-az151-339
2021-11-15 13:26:11,895 [pool-315-thread-1] INFO  storage.RaftStorage (RaftStorageImpl.java:format(89)) - Storage directory /home/runner/work/ozone/ozone/hadoop-ozone/integration-test/target/test-dir/MiniOzoneClusterImpl-54fbe6a2-d836-4e9c-ac0d-22c475060fab/datanode-1/data/ratis/becc6797-61c3-458a-a053-806c4339f8c1 has been successfully formatted.
2021-11-15 13:26:11,895 [pool-315-thread-1] INFO  ratis.ContainerStateMachine (ContainerStateMachine.java:loadSnapshot(224)) - group-806C4339F8C1: The snapshot info is null. Setting the last applied indexto:(t:0, i:~)
2021-11-15 13:26:11,895 [pool-315-thread-1] INFO  server.RaftServerConfigKeys (ConfUtils.java:logGet(44)) - raft.server.notification.no-leader.timeout = 300s (custom)
2021-11-15 13:26:11,895 [pool-315-thread-1] INFO  server.RaftServerConfigKeys (ConfUtils.java:logGet(44)) - raft.server.log.use.memory = false (default)
2021-11-15 13:26:11,895 [pool-315-thread-1] INFO  server.RaftServerConfigKeys (ConfUtils.java:logGet(44)) - raft.server.log.purge.gap = 1000000 (custom)
2021-11-15 13:26:11,895 [pool-315-thread-1] INFO  server.RaftServerConfigKeys (ConfUtils.java:logGet(44)) - raft.server.log.appender.buffer.byte-limit = 33554432 (custom)
2021-11-15 13:26:11,895 [pool-315-thread-1] INFO  server.RaftServerConfigKeys (ConfUtils.java:logGet(44)) - raft.server.log.segment.size.max = 1048576 (custom)
2021-11-15 13:26:11,896 [pool-315-thread-1] INFO  server.RaftServerConfigKeys (ConfUtils.java:logGet(44)) - raft.server.log.segment.cache.num.max = 2 (custom)
2021-11-15 13:26:11,896 [pool-315-thread-1] INFO  server.RaftServerConfigKeys (ConfUtils.java:logGet(44)) - raft.server.log.segment.cache.size.max = 200MB (=209715200) (default)
2021-11-15 13:26:11,896 [pool-315-thread-1] INFO  segmented.SegmentedRaftLogWorker (SegmentedRaftLogWorker.java:<init>(182)) - new 1b7637b9-df73-4fd2-9553-6cec13ff666d@group-806C4339F8C1-SegmentedRaftLogWorker for RaftStorageImpl:Storage Directory /home/runner/work/ozone/ozone/hadoop-ozone/integration-test/target/test-dir/MiniOzoneClusterImpl-54fbe6a2-d836-4e9c-ac0d-22c475060fab/datanode-1/data/ratis/becc6797-61c3-458a-a053-806c4339f8c1
2021-11-15 13:26:11,896 [pool-315-thread-1] INFO  server.RaftServerConfigKeys (ConfUtils.java:logGet(44)) - raft.server.log.queue.byte-limit = 2147483647 (custom)
2021-11-15 13:26:11,896 [pool-315-thread-1] INFO  server.RaftServerConfigKeys (ConfUtils.java:logGet(44)) - raft.server.log.queue.element-limit = 1024 (custom)
2021-11-15 13:26:11,896 [pool-315-thread-1] INFO  server.RaftServerConfigKeys (ConfUtils.java:logGet(44)) - raft.server.log.segment.size.max = 1048576 (custom)
2021-11-15 13:26:11,896 [pool-315-thread-1] INFO  server.RaftServerConfigKeys (ConfUtils.java:logGet(44)) - raft.server.log.preallocated.size = 16384 (custom)
2021-11-15 13:26:11,896 [pool-315-thread-1] INFO  server.RaftServerConfigKeys (ConfUtils.java:logGet(44)) - raft.server.log.force.sync.num = 128 (default)
2021-11-15 13:26:11,896 [pool-315-thread-1] INFO  server.RaftServerConfigKeys (ConfUtils.java:logGet(44)) - raft.server.log.statemachine.data.sync = true (default)
2021-11-15 13:26:11,896 [pool-315-thread-1] INFO  server.RaftServerConfigKeys (ConfUtils.java:logGet(44)) - raft.server.log.statemachine.data.sync.timeout = 10s (default)
2021-11-15 13:26:11,896 [pool-315-thread-1] INFO  server.RaftServerConfigKeys (ConfUtils.java:logGet(44)) - raft.server.log.statemachine.data.sync.timeout.retry = -1 (default)
2021-11-15 13:26:11,897 [pool-315-thread-1] INFO  server.RaftServerConfigKeys (ConfUtils.java:logGet(44)) - raft.server.log.write.buffer.size = 1048576 (custom)
2021-11-15 13:26:11,897 [pool-315-thread-1] INFO  server.RaftServerConfigKeys (ConfUtils.java:logGet(44)) - raft.server.log.statemachine.data.caching.enabled = true (custom)
2021-11-15 13:26:11,897 [pool-315-thread-1] INFO  segmented.SegmentedRaftLogWorker (SegmentedRaftLogWorker.java:lambda$new$0(133)) - 1b7637b9-df73-4fd2-9553-6cec13ff666d@group-806C4339F8C1-SegmentedRaftLogWorker: flushIndex: setUnconditionally 0 -> -1
2021-11-15 13:26:11,897 [pool-315-thread-1] INFO  segmented.SegmentedRaftLogWorker (SegmentedRaftLogWorker.java:lambda$new$0(133)) - 1b7637b9-df73-4fd2-9553-6cec13ff666d@group-806C4339F8C1-SegmentedRaftLogWorker: safeCacheEvictIndex: setUnconditionally 0 -> -1
2021-11-15 13:26:11,898 [EventQueue-PipelineReportForPipelineReportHandler] INFO  pipeline.PipelineManagerImpl (PipelineManagerImpl.java:openPipeline(289)) - Pipeline Pipeline[ Id: becc6797-61c3-458a-a053-806c4339f8c1, Nodes: 1b7637b9-df73-4fd2-9553-6cec13ff666d{ip: 127.0.0.1, host: localhost, ports: [REPLICATION=38167, RATIS=41211, RATIS_ADMIN=41211, RATIS_SERVER=41211, STANDALONE=42751], networkLocation: /default-rack, certSerialId: null, persistedOpState: IN_SERVICE, persistedOpStateExpiryEpochSec: 0}, ReplicationConfig: RATIS/ONE, State:ALLOCATED, leaderId:1b7637b9-df73-4fd2-9553-6cec13ff666d, CreationTimestamp2021-11-15T13:26:08.888Z[Etc/UTC]] moved to OPEN state
2021-11-15 13:26:11,900 [EventQueue-PipelineReportForPipelineReportHandler] INFO  pipeline.PipelineManagerImpl (PipelineManagerImpl.java:openPipeline(289)) - Pipeline Pipeline[ Id: becc6797-61c3-458a-a053-806c4339f8c1, Nodes: 1b7637b9-df73-4fd2-9553-6cec13ff666d{ip: 127.0.0.1, host: localhost, ports: [REPLICATION=38167, RATIS=41211, RATIS_ADMIN=41211, RATIS_SERVER=41211, STANDALONE=42751], networkLocation: /default-rack, certSerialId: null, persistedOpState: IN_SERVICE, persistedOpStateExpiryEpochSec: 0}, ReplicationConfig: RATIS/ONE, State:ALLOCATED, leaderId:1b7637b9-df73-4fd2-9553-6cec13ff666d, CreationTimestamp2021-11-15T13:26:08.888Z[Etc/UTC]] moved to OPEN state
2021-11-15 13:26:11,901 [EventQueue-PipelineReportForPipelineReportHandler] INFO  ha.SCMHAInvocationHandler (SCMHAInvocationHandler.java:invokeRatis(113)) - Invoking method public abstract void org.apache.hadoop.hdds.scm.pipeline.PipelineStateManager.updatePipelineState(org.apache.hadoop.hdds.protocol.proto.HddsProtos$PipelineID,org.apache.hadoop.hdds.protocol.proto.HddsProtos$PipelineState) throws java.io.IOException on target org.apache.hadoop.hdds.scm.ha.SCMRatisServerImpl@5e52e906, cost 172.711us
2021-11-15 13:26:11,912 [pool-315-thread-1] INFO  server.RaftServerConfigKeys (ConfUtils.java:logGet(44)) - raft.server.snapshot.auto.trigger.enabled = true (custom)
2021-11-15 13:26:11,917 [pool-315-thread-1] INFO  server.RaftServerConfigKeys (ConfUtils.java:logGet(44)) - raft.server.snapshot.auto.trigger.threshold = 10000 (custom)
2021-11-15 13:26:11,917 [pool-315-thread-1] INFO  server.RaftServerConfigKeys (ConfUtils.java:logGet(44)) - raft.server.snapshot.retention.file.num = 5 (custom)
2021-11-15 13:26:11,917 [pool-315-thread-1] INFO  server.RaftServerConfigKeys (ConfUtils.java:logGet(44)) - raft.server.log.purge.upto.snapshot.index = false (default)
2021-11-15 13:26:11,926 [pool-315-thread-1] INFO  server.RaftServerConfigKeys (ConfUtils.java:logGet(44)) - raft.server.retrycache.expirytime = 600000ms (custom)
2021-11-15 13:26:11,926 [pool-315-thread-1] INFO  server.RaftServerConfigKeys (ConfUtils.java:logGet(44)) - raft.server.retrycache.statistics.expirytime = 100μs (default)
2021-11-15 13:26:11,927 [pool-315-thread-1] INFO  server.RaftServer$Division (RaftServerImpl.java:start(301)) - 1b7637b9-df73-4fd2-9553-6cec13ff666d@group-806C4339F8C1: start as a follower, conf=-1: [1b7637b9-df73-4fd2-9553-6cec13ff666d|rpc:127.0.0.1:41211|priority:1], old=null
2021-11-15 13:26:11,927 [pool-315-thread-1] INFO  server.RaftServer$Division (RaftServerImpl.java:setRole(290)) - 1b7637b9-df73-4fd2-9553-6cec13ff666d@group-806C4339F8C1: changes role from      null to FOLLOWER at term 0 for startAsFollower
2021-11-15 13:26:11,927 [pool-315-thread-1] INFO  impl.RoleInfo (RoleInfo.java:updateAndGet(130)) - 1b7637b9-df73-4fd2-9553-6cec13ff666d: start 1b7637b9-df73-4fd2-9553-6cec13ff666d@group-806C4339F8C1-FollowerState
2021-11-15 13:26:11,927 [0a37f259-89fa-4cb5-a2dc-a190c2b03b5f@group-22C475060FAB-StateMachineUpdater] INFO  ha.SCMStateMachine (SCMStateMachine.java:takeSnapshot(290)) - Current Snapshot Index 18, takeSnapshot took 0 ms
2021-11-15 13:26:11,934 [0a37f259-89fa-4cb5-a2dc-a190c2b03b5f@group-22C475060FAB-StateMachineUpdater] INFO  impl.StateMachineUpdater (StateMachineUpdater.java:takeSnapshot(281)) - 0a37f259-89fa-4cb5-a2dc-a190c2b03b5f@group-22C475060FAB-StateMachineUpdater: Took a snapshot at index 18
2021-11-15 13:26:11,934 [0a37f259-89fa-4cb5-a2dc-a190c2b03b5f@group-22C475060FAB-StateMachineUpdater] INFO  impl.StateMachineUpdater (StateMachineUpdater.java:lambda$new$0(89)) - 0a37f259-89fa-4cb5-a2dc-a190c2b03b5f@group-22C475060FAB-StateMachineUpdater: snapshotIndex: updateIncreasingly 13 -> 18
2021-11-15 13:26:11,935 [0a37f259-89fa-4cb5-a2dc-a190c2b03b5f@group-22C475060FAB-StateMachineUpdater] INFO  raftlog.RaftLog (RaftLogBase.java:purge(306)) - 0a37f259-89fa-4cb5-a2dc-a190c2b03b5f@group-22C475060FAB-SegmentedRaftLog: purge 18
2021-11-15 13:26:11,935 [0a37f259-89fa-4cb5-a2dc-a190c2b03b5f@group-22C475060FAB-StateMachineUpdater] INFO  raftlog.RaftLog (RaftLogBase.java:lambda$new$0(53)) - 0a37f259-89fa-4cb5-a2dc-a190c2b03b5f@group-22C475060FAB-SegmentedRaftLog: snapshotIndex: updateIncreasingly 13 -> 18
2021-11-15 13:26:11,935 [0a37f259-89fa-4cb5-a2dc-a190c2b03b5f@group-22C475060FAB-StateMachineUpdater] INFO  raftlog.RaftLog (RaftLogBase.java:lambda$new$0(53)) - 0a37f259-89fa-4cb5-a2dc-a190c2b03b5f@group-22C475060FAB-SegmentedRaftLog: purgeIndex: updateToMax old=13, new=18, updated? true
2021-11-15 13:26:11,931 [pool-315-thread-1] INFO  util.JmxRegister (JmxRegister.java:tryRegister(44)) - Successfully registered JMX Bean with object name Ratis:service=RaftServer,group=group-806C4339F8C1,id=1b7637b9-df73-4fd2-9553-6cec13ff666d
2021-11-15 13:26:11,930 [cea2b274-67f8-42eb-ae41-f09704fbacf0@group-22C475060FAB-StateMachineUpdater] INFO  safemode.HealthyPipelineSafeModeRule (HealthyPipelineSafeModeRule.java:initializeRule(152)) - Refreshed total pipeline count is 0, healthy pipeline threshold count is 1
2021-11-15 13:26:11,935 [EventQueue-PipelineReportForPipelineReportHandler] INFO  ha.SCMHAInvocationHandler (SCMHAInvocationHandler.java:invokeRatis(113)) - Invoking method public abstract void org.apache.hadoop.hdds.scm.pipeline.PipelineStateManager.updatePipelineState(org.apache.hadoop.hdds.protocol.proto.HddsProtos$PipelineID,org.apache.hadoop.hdds.protocol.proto.HddsProtos$PipelineState) throws java.io.IOException on target org.apache.hadoop.hdds.scm.ha.SCMRatisServerImpl@48a4ff50, cost 36862.598us
2021-11-15 13:26:11,936 [EventQueue-OpenPipelineForHealthyPipelineSafeModeRule] INFO  safemode.SCMSafeModeManager (HealthyPipelineSafeModeRule.java:process(124)) - SCM in safe mode. Healthy pipelines reported count is 0, required healthy pipeline reported count is 1
2021-11-15 13:26:11,936 [Command processor thread] INFO  ratis.XceiverServerRatis (XceiverServerRatis.java:addGroup(768)) - Created group PipelineID=becc6797-61c3-458a-a053-806c4339f8c1
2021-11-15 13:26:11,936 [Command processor thread] INFO  commandhandler.CreatePipelineCommandHandler (CreatePipelineCommandHandler.java:handle(106)) - Created Pipeline RATIS ONE PipelineID=becc6797-61c3-458a-a053-806c4339f8c1.
2021-11-15 13:26:11,946 [0a37f259-89fa-4cb5-a2dc-a190c2b03b5f@group-22C475060FAB-StateMachineUpdater] INFO  safemode.HealthyPipelineSafeModeRule (HealthyPipelineSafeModeRule.java:initializeRule(152)) - Refreshed total pipeline count is 0, healthy pipeline threshold count is 1
2021-11-15 13:26:11,948 [cea2b274-67f8-42eb-ae41-f09704fbacf0@group-22C475060FAB-StateMachineUpdater] INFO  ha.SCMStateMachine (SCMStateMachine.java:takeSnapshot(290)) - Current Snapshot Index 20, takeSnapshot took 0 ms
2021-11-15 13:26:11,948 [cea2b274-67f8-42eb-ae41-f09704fbacf0@group-22C475060FAB-StateMachineUpdater] INFO  impl.StateMachineUpdater (StateMachineUpdater.java:takeSnapshot(281)) - cea2b274-67f8-42eb-ae41-f09704fbacf0@group-22C475060FAB-StateMachineUpdater: Took a snapshot at index 20
2021-11-15 13:26:11,948 [cea2b274-67f8-42eb-ae41-f09704fbacf0@group-22C475060FAB-StateMachineUpdater] INFO  impl.StateMachineUpdater (StateMachineUpdater.java:lambda$new$0(89)) - cea2b274-67f8-42eb-ae41-f09704fbacf0@group-22C475060FAB-StateMachineUpdater: snapshotIndex: updateIncreasingly 15 -> 20
2021-11-15 13:26:11,948 [cea2b274-67f8-42eb-ae41-f09704fbacf0@group-22C475060FAB-StateMachineUpdater] INFO  raftlog.RaftLog (RaftLogBase.java:purge(306)) - cea2b274-67f8-42eb-ae41-f09704fbacf0@group-22C475060FAB-SegmentedRaftLog: purge 20
2021-11-15 13:26:11,948 [cea2b274-67f8-42eb-ae41-f09704fbacf0@group-22C475060FAB-StateMachineUpdater] INFO  raftlog.RaftLog (RaftLogBase.java:lambda$new$0(53)) - cea2b274-67f8-42eb-ae41-f09704fbacf0@group-22C475060FAB-SegmentedRaftLog: snapshotIndex: updateIncreasingly 15 -> 20
2021-11-15 13:26:11,948 [cea2b274-67f8-42eb-ae41-f09704fbacf0@group-22C475060FAB-StateMachineUpdater] INFO  raftlog.RaftLog (RaftLogBase.java:lambda$new$0(53)) - cea2b274-67f8-42eb-ae41-f09704fbacf0@group-22C475060FAB-SegmentedRaftLog: purgeIndex: updateToMax old=15, new=20, updated? true
2021-11-15 13:26:12,281 [EventQueue-OpenPipelineForHealthyPipelineSafeModeRule] INFO  safemode.SCMSafeModeManager (HealthyPipelineSafeModeRule.java:process(124)) - SCM in safe mode. Healthy pipelines reported count is 0, required healthy pipeline reported count is 1
2021-11-15 13:26:12,358 [Listener at 127.0.0.1/13216] INFO  ozone.MiniOzoneClusterImpl (MiniOzoneClusterImpl.java:lambda$waitForClusterToBeReady$0(235)) - Nodes are ready. Got 3 of 3 DN Heartbeats.
2021-11-15 13:26:12,359 [Listener at 127.0.0.1/13216] INFO  ozone.MiniOzoneClusterImpl (MiniOzoneClusterImpl.java:lambda$waitForClusterToBeReady$0(238)) - Waiting for cluster to exit safe mode
2021-11-15 13:26:12,359 [Listener at 127.0.0.1/13216] INFO  ozone.MiniOzoneClusterImpl (MiniOzoneClusterImpl.java:lambda$waitForClusterToBeReady$0(240)) - SCM became leader
2021-11-15 13:26:12,393 [EndpointStateMachine task thread for /127.0.0.1:14733 - 0 ] INFO  ipc.Client (Client.java:handleConnectionFailure(977)) - Retrying connect to server: localhost/127.0.0.1:14733. Already tried 14 time(s); retry policy is RetryUpToMaximumCountWithFixedSleep(maxRetries=15, sleepTime=1000 MILLISECONDS)
2021-11-15 13:26:12,393 [EndpointStateMachine task thread for /127.0.0.1:14723 - 0 ] INFO  ipc.Client (Client.java:handleConnectionFailure(977)) - Retrying connect to server: localhost/127.0.0.1:14723. Already tried 14 time(s); retry policy is RetryUpToMaximumCountWithFixedSleep(maxRetries=15, sleepTime=1000 MILLISECONDS)
2021-11-15 13:26:12,395 [EndpointStateMachine task thread for /127.0.0.1:14713 - 0 ] INFO  ipc.Client (Client.java:handleConnectionFailure(977)) - Retrying connect to server: localhost/127.0.0.1:14713. Already tried 14 time(s); retry policy is RetryUpToMaximumCountWithFixedSleep(maxRetries=15, sleepTime=1000 MILLISECONDS)
2021-11-15 13:26:12,416 [Command processor thread] INFO  server.RaftServer (RaftServerProxy.java:addNew(95)) - a7a9ee06-acf8-4996-94fe-a30a2f736f46: addNew group-6D10605DE37B:[a7a9ee06-acf8-4996-94fe-a30a2f736f46|rpc:127.0.0.1:35177|priority:1] returns group-6D10605DE37B:java.util.concurrent.CompletableFuture@77a6bf12[Not completed]
2021-11-15 13:26:12,417 [pool-336-thread-1] INFO  server.RaftServer$Division (RaftServerImpl.java:<init>(184)) - a7a9ee06-acf8-4996-94fe-a30a2f736f46: new RaftServerImpl for group-6D10605DE37B:[a7a9ee06-acf8-4996-94fe-a30a2f736f46|rpc:127.0.0.1:35177|priority:1] with ContainerStateMachine:uninitialized
2021-11-15 13:26:12,417 [pool-336-thread-1] INFO  server.RaftServerConfigKeys (ConfUtils.java:logGet(44)) - raft.server.rpc.timeout.min = 5s (custom)
2021-11-15 13:26:12,417 [pool-336-thread-1] INFO  server.RaftServerConfigKeys (ConfUtils.java:logGet(44)) - raft.server.rpc.timeout.max = 5200ms (custom)
2021-11-15 13:26:12,417 [pool-336-thread-1] INFO  server.RaftServerConfigKeys (ConfUtils.java:logGet(44)) - raft.server.rpc.sleep.time = 25ms (default)
2021-11-15 13:26:12,417 [pool-336-thread-1] INFO  server.RaftServerConfigKeys (ConfUtils.java:logGet(44)) - raft.server.rpc.slowness.timeout = 300s (custom)
2021-11-15 13:26:12,417 [pool-336-thread-1] INFO  server.RaftServerConfigKeys (ConfUtils.java:logGet(44)) - raft.server.leaderelection.leader.step-down.wait-time = 10s (default)
2021-11-15 13:26:12,417 [pool-336-thread-1] INFO  server.RaftServerConfigKeys (ConfUtils.java:logGet(44)) - raft.server.sleep.deviation.threshold = 300ms (default)
2021-11-15 13:26:12,417 [pool-336-thread-1] INFO  server.RaftServerConfigKeys (ConfUtils.java:logGet(44)) - raft.server.log.appender.install.snapshot.enabled = false (custom)
2021-11-15 13:26:12,417 [pool-336-thread-1] INFO  server.RaftServer$Division (ServerState.java:<init>(105)) - a7a9ee06-acf8-4996-94fe-a30a2f736f46@group-6D10605DE37B: ConfigurationManager, init=-1: [a7a9ee06-acf8-4996-94fe-a30a2f736f46|rpc:127.0.0.1:35177|priority:1], old=null, confs=<EMPTY_MAP>
2021-11-15 13:26:12,417 [pool-336-thread-1] INFO  server.RaftServerConfigKeys (ConfUtils.java:logGet(44)) - raft.server.storage.dir = [/home/runner/work/ozone/ozone/hadoop-ozone/integration-test/target/test-dir/MiniOzoneClusterImpl-54fbe6a2-d836-4e9c-ac0d-22c475060fab/datanode-2/data/ratis] (custom)
2021-11-15 13:26:12,417 [pool-336-thread-1] INFO  server.RaftServerConfigKeys (ConfUtils.java:logGet(44)) - raft.server.log.corruption.policy = EXCEPTION (default)
2021-11-15 13:26:12,417 [pool-336-thread-1] INFO  server.RaftServerConfigKeys (ConfUtils.java:logGet(44)) - raft.server.storage.free-space.min = 0MB (=0) (default)
2021-11-15 13:26:12,417 [pool-336-thread-1] INFO  storage.RaftStorageDirectory (RaftStorageDirectoryImpl.java:analyzeStorage(135)) - The storage directory /home/runner/work/ozone/ozone/hadoop-ozone/integration-test/target/test-dir/MiniOzoneClusterImpl-54fbe6a2-d836-4e9c-ac0d-22c475060fab/datanode-2/data/ratis/6a691ce7-a060-4b58-aeca-6d10605de37b does not exist. Creating ...
2021-11-15 13:26:12,424 [pool-336-thread-1] INFO  storage.RaftStorageDirectory (RaftStorageDirectoryImpl.java:tryLock(230)) - Lock on /home/runner/work/ozone/ozone/hadoop-ozone/integration-test/target/test-dir/MiniOzoneClusterImpl-54fbe6a2-d836-4e9c-ac0d-22c475060fab/datanode-2/data/ratis/6a691ce7-a060-4b58-aeca-6d10605de37b/in_use.lock acquired by nodename 23543@fv-az151-339
2021-11-15 13:26:12,431 [pool-336-thread-1] INFO  storage.RaftStorage (RaftStorageImpl.java:format(89)) - Storage directory /home/runner/work/ozone/ozone/hadoop-ozone/integration-test/target/test-dir/MiniOzoneClusterImpl-54fbe6a2-d836-4e9c-ac0d-22c475060fab/datanode-2/data/ratis/6a691ce7-a060-4b58-aeca-6d10605de37b has been successfully formatted.
2021-11-15 13:26:12,431 [pool-336-thread-1] INFO  ratis.ContainerStateMachine (ContainerStateMachine.java:loadSnapshot(224)) - group-6D10605DE37B: The snapshot info is null. Setting the last applied indexto:(t:0, i:~)
2021-11-15 13:26:12,431 [pool-336-thread-1] INFO  server.RaftServerConfigKeys (ConfUtils.java:logGet(44)) - raft.server.notification.no-leader.timeout = 300s (custom)
2021-11-15 13:26:12,432 [pool-336-thread-1] INFO  server.RaftServerConfigKeys (ConfUtils.java:logGet(44)) - raft.server.log.use.memory = false (default)
2021-11-15 13:26:12,432 [pool-336-thread-1] INFO  server.RaftServerConfigKeys (ConfUtils.java:logGet(44)) - raft.server.log.purge.gap = 1000000 (custom)
2021-11-15 13:26:12,432 [pool-336-thread-1] INFO  server.RaftServerConfigKeys (ConfUtils.java:logGet(44)) - raft.server.log.appender.buffer.byte-limit = 33554432 (custom)
2021-11-15 13:26:12,432 [pool-336-thread-1] INFO  server.RaftServerConfigKeys (ConfUtils.java:logGet(44)) - raft.server.log.segment.size.max = 1048576 (custom)
2021-11-15 13:26:12,432 [pool-336-thread-1] INFO  server.RaftServerConfigKeys (ConfUtils.java:logGet(44)) - raft.server.log.segment.cache.num.max = 2 (custom)
2021-11-15 13:26:12,432 [pool-336-thread-1] INFO  server.RaftServerConfigKeys (ConfUtils.java:logGet(44)) - raft.server.log.segment.cache.size.max = 200MB (=209715200) (default)
2021-11-15 13:26:12,432 [pool-336-thread-1] INFO  segmented.SegmentedRaftLogWorker (SegmentedRaftLogWorker.java:<init>(182)) - new a7a9ee06-acf8-4996-94fe-a30a2f736f46@group-6D10605DE37B-SegmentedRaftLogWorker for RaftStorageImpl:Storage Directory /home/runner/work/ozone/ozone/hadoop-ozone/integration-test/target/test-dir/MiniOzoneClusterImpl-54fbe6a2-d836-4e9c-ac0d-22c475060fab/datanode-2/data/ratis/6a691ce7-a060-4b58-aeca-6d10605de37b
2021-11-15 13:26:12,432 [pool-336-thread-1] INFO  server.RaftServerConfigKeys (ConfUtils.java:logGet(44)) - raft.server.log.queue.byte-limit = 2147483647 (custom)
2021-11-15 13:26:12,432 [pool-336-thread-1] INFO  server.RaftServerConfigKeys (ConfUtils.java:logGet(44)) - raft.server.log.queue.element-limit = 1024 (custom)
2021-11-15 13:26:12,432 [pool-336-thread-1] INFO  server.RaftServerConfigKeys (ConfUtils.java:logGet(44)) - raft.server.log.segment.size.max = 1048576 (custom)
2021-11-15 13:26:12,432 [pool-336-thread-1] INFO  server.RaftServerConfigKeys (ConfUtils.java:logGet(44)) - raft.server.log.preallocated.size = 16384 (custom)
2021-11-15 13:26:12,432 [pool-336-thread-1] INFO  server.RaftServerConfigKeys (ConfUtils.java:logGet(44)) - raft.server.log.force.sync.num = 128 (default)
2021-11-15 13:26:12,433 [pool-336-thread-1] INFO  server.RaftServerConfigKeys (ConfUtils.java:logGet(44)) - raft.server.log.statemachine.data.sync = true (default)
2021-11-15 13:26:12,433 [pool-336-thread-1] INFO  server.RaftServerConfigKeys (ConfUtils.java:logGet(44)) - raft.server.log.statemachine.data.sync.timeout = 10s (default)
2021-11-15 13:26:12,433 [pool-336-thread-1] INFO  server.RaftServerConfigKeys (ConfUtils.java:logGet(44)) - raft.server.log.statemachine.data.sync.timeout.retry = -1 (default)
2021-11-15 13:26:12,433 [pool-336-thread-1] INFO  server.RaftServerConfigKeys (ConfUtils.java:logGet(44)) - raft.server.log.write.buffer.size = 1048576 (custom)
2021-11-15 13:26:12,435 [EventQueue-PipelineReportForPipelineReportHandler] INFO  pipeline.PipelineManagerImpl (PipelineManagerImpl.java:openPipeline(289)) - Pipeline Pipeline[ Id: 6a691ce7-a060-4b58-aeca-6d10605de37b, Nodes: a7a9ee06-acf8-4996-94fe-a30a2f736f46{ip: 127.0.0.1, host: localhost, ports: [REPLICATION=39299, RATIS=35177, RATIS_ADMIN=35177, RATIS_SERVER=35177, STANDALONE=38199], networkLocation: /default-rack, certSerialId: null, persistedOpState: IN_SERVICE, persistedOpStateExpiryEpochSec: 0}, ReplicationConfig: RATIS/ONE, State:ALLOCATED, leaderId:a7a9ee06-acf8-4996-94fe-a30a2f736f46, CreationTimestamp2021-11-15T13:26:09.427Z[Etc/UTC]] moved to OPEN state
2021-11-15 13:26:12,436 [EventQueue-PipelineReportForPipelineReportHandler] INFO  pipeline.PipelineManagerImpl (PipelineManagerImpl.java:openPipeline(289)) - Pipeline Pipeline[ Id: 6a691ce7-a060-4b58-aeca-6d10605de37b, Nodes: a7a9ee06-acf8-4996-94fe-a30a2f736f46{ip: 127.0.0.1, host: localhost, ports: [REPLICATION=39299, RATIS=35177, RATIS_ADMIN=35177, RATIS_SERVER=35177, STANDALONE=38199], networkLocation: /default-rack, certSerialId: null, persistedOpState: IN_SERVICE, persistedOpStateExpiryEpochSec: 0}, ReplicationConfig: RATIS/ONE, State:ALLOCATED, leaderId:a7a9ee06-acf8-4996-94fe-a30a2f736f46, CreationTimestamp2021-11-15T13:26:09.427Z[Etc/UTC]] moved to OPEN state
2021-11-15 13:26:12,437 [EventQueue-PipelineReportForPipelineReportHandler] INFO  ha.SCMHAInvocationHandler (SCMHAInvocationHandler.java:invokeRatis(113)) - Invoking method public abstract void org.apache.hadoop.hdds.scm.pipeline.PipelineStateManager.updatePipelineState(org.apache.hadoop.hdds.protocol.proto.HddsProtos$PipelineID,org.apache.hadoop.hdds.protocol.proto.HddsProtos$PipelineState) throws java.io.IOException on target org.apache.hadoop.hdds.scm.ha.SCMRatisServerImpl@5e52e906, cost 194.013us
2021-11-15 13:26:12,439 [pool-336-thread-1] INFO  server.RaftServerConfigKeys (ConfUtils.java:logGet(44)) - raft.server.log.statemachine.data.caching.enabled = true (custom)
2021-11-15 13:26:12,443 [pool-336-thread-1] INFO  segmented.SegmentedRaftLogWorker (SegmentedRaftLogWorker.java:lambda$new$0(133)) - a7a9ee06-acf8-4996-94fe-a30a2f736f46@group-6D10605DE37B-SegmentedRaftLogWorker: flushIndex: setUnconditionally 0 -> -1
2021-11-15 13:26:12,443 [pool-336-thread-1] INFO  segmented.SegmentedRaftLogWorker (SegmentedRaftLogWorker.java:lambda$new$0(133)) - a7a9ee06-acf8-4996-94fe-a30a2f736f46@group-6D10605DE37B-SegmentedRaftLogWorker: safeCacheEvictIndex: setUnconditionally 0 -> -1
2021-11-15 13:26:12,443 [pool-336-thread-1] INFO  server.RaftServerConfigKeys (ConfUtils.java:logGet(44)) - raft.server.snapshot.auto.trigger.enabled = true (custom)
2021-11-15 13:26:12,443 [pool-336-thread-1] INFO  server.RaftServerConfigKeys (ConfUtils.java:logGet(44)) - raft.server.snapshot.auto.trigger.threshold = 10000 (custom)
2021-11-15 13:26:12,443 [pool-336-thread-1] INFO  server.RaftServerConfigKeys (ConfUtils.java:logGet(44)) - raft.server.snapshot.retention.file.num = 5 (custom)
2021-11-15 13:26:12,443 [pool-336-thread-1] INFO  server.RaftServerConfigKeys (ConfUtils.java:logGet(44)) - raft.server.log.purge.upto.snapshot.index = false (default)
2021-11-15 13:26:12,443 [pool-336-thread-1] INFO  server.RaftServerConfigKeys (ConfUtils.java:logGet(44)) - raft.server.retrycache.expirytime = 600000ms (custom)
2021-11-15 13:26:12,443 [pool-336-thread-1] INFO  server.RaftServerConfigKeys (ConfUtils.java:logGet(44)) - raft.server.retrycache.statistics.expirytime = 100μs (default)
2021-11-15 13:26:12,444 [pool-336-thread-1] INFO  server.RaftServer$Division (RaftServerImpl.java:start(301)) - a7a9ee06-acf8-4996-94fe-a30a2f736f46@group-6D10605DE37B: start as a follower, conf=-1: [a7a9ee06-acf8-4996-94fe-a30a2f736f46|rpc:127.0.0.1:35177|priority:1], old=null
2021-11-15 13:26:12,444 [pool-336-thread-1] INFO  server.RaftServer$Division (RaftServerImpl.java:setRole(290)) - a7a9ee06-acf8-4996-94fe-a30a2f736f46@group-6D10605DE37B: changes role from      null to FOLLOWER at term 0 for startAsFollower
2021-11-15 13:26:12,444 [pool-336-thread-1] INFO  impl.RoleInfo (RoleInfo.java:updateAndGet(130)) - a7a9ee06-acf8-4996-94fe-a30a2f736f46: start a7a9ee06-acf8-4996-94fe-a30a2f736f46@group-6D10605DE37B-FollowerState
2021-11-15 13:26:12,452 [pool-336-thread-1] INFO  util.JmxRegister (JmxRegister.java:tryRegister(44)) - Successfully registered JMX Bean with object name Ratis:service=RaftServer,group=group-6D10605DE37B,id=a7a9ee06-acf8-4996-94fe-a30a2f736f46
2021-11-15 13:26:12,453 [Command processor thread] INFO  ratis.XceiverServerRatis (XceiverServerRatis.java:addGroup(768)) - Created group PipelineID=6a691ce7-a060-4b58-aeca-6d10605de37b
2021-11-15 13:26:12,453 [Command processor thread] INFO  commandhandler.CreatePipelineCommandHandler (CreatePipelineCommandHandler.java:handle(106)) - Created Pipeline RATIS ONE PipelineID=6a691ce7-a060-4b58-aeca-6d10605de37b.
2021-11-15 13:26:12,459 [cea2b274-67f8-42eb-ae41-f09704fbacf0@group-22C475060FAB-StateMachineUpdater] INFO  safemode.HealthyPipelineSafeModeRule (HealthyPipelineSafeModeRule.java:initializeRule(152)) - Refreshed total pipeline count is 0, healthy pipeline threshold count is 1
2021-11-15 13:26:12,459 [EventQueue-PipelineReportForPipelineReportHandler] INFO  ha.SCMHAInvocationHandler (SCMHAInvocationHandler.java:invokeRatis(113)) - Invoking method public abstract void org.apache.hadoop.hdds.scm.pipeline.PipelineStateManager.updatePipelineState(org.apache.hadoop.hdds.protocol.proto.HddsProtos$PipelineID,org.apache.hadoop.hdds.protocol.proto.HddsProtos$PipelineState) throws java.io.IOException on target org.apache.hadoop.hdds.scm.ha.SCMRatisServerImpl@48a4ff50, cost 23468.19us
2021-11-15 13:26:12,459 [EventQueue-OpenPipelineForHealthyPipelineSafeModeRule] INFO  safemode.SCMSafeModeManager (HealthyPipelineSafeModeRule.java:process(124)) - SCM in safe mode. Healthy pipelines reported count is 0, required healthy pipeline reported count is 1
2021-11-15 13:26:12,467 [0a37f259-89fa-4cb5-a2dc-a190c2b03b5f@group-22C475060FAB-StateMachineUpdater] INFO  safemode.HealthyPipelineSafeModeRule (HealthyPipelineSafeModeRule.java:initializeRule(152)) - Refreshed total pipeline count is 0, healthy pipeline threshold count is 1
2021-11-15 13:26:12,897 [Datanode State Machine Daemon Thread] ERROR datanode.RunningDatanodeState (RunningDatanodeState.java:computeNextContainerState(199)) - Error in executing end point task.
java.util.concurrent.ExecutionException: java.util.concurrent.TimeoutException
	at java.util.concurrent.FutureTask.report(FutureTask.java:122)
	at java.util.concurrent.FutureTask.get(FutureTask.java:192)
	at org.apache.hadoop.ozone.container.common.states.datanode.RunningDatanodeState.computeNextContainerState(RunningDatanodeState.java:191)
	at org.apache.hadoop.ozone.container.common.states.datanode.RunningDatanodeState.await(RunningDatanodeState.java:231)
	at org.apache.hadoop.ozone.container.common.states.datanode.RunningDatanodeState.await(RunningDatanodeState.java:50)
	at org.apache.hadoop.ozone.container.common.statemachine.StateContext.execute(StateContext.java:633)
	at org.apache.hadoop.ozone.container.common.statemachine.DatanodeStateMachine.start(DatanodeStateMachine.java:280)
	at org.apache.hadoop.ozone.container.common.statemachine.DatanodeStateMachine.lambda$startDaemon$0(DatanodeStateMachine.java:468)
	at java.lang.Thread.run(Thread.java:748)
Caused by: java.util.concurrent.TimeoutException
	at java.util.concurrent.FutureTask.get(FutureTask.java:205)
	at org.apache.hadoop.ozone.container.common.states.datanode.RunningDatanodeState.lambda$execute$0(RunningDatanodeState.java:149)
	at java.util.concurrent.FutureTask.run(FutureTask.java:266)
	at java.util.concurrent.Executors$RunnableAdapter.call(Executors.java:511)
	at java.util.concurrent.FutureTask.run(FutureTask.java:266)
	at java.util.concurrent.ThreadPoolExecutor.runWorker(ThreadPoolExecutor.java:1149)
	at java.util.concurrent.ThreadPoolExecutor$Worker.run(ThreadPoolExecutor.java:624)
	... 1 more
2021-11-15 13:26:13,359 [Listener at 127.0.0.1/13216] INFO  ozone.MiniOzoneClusterImpl (MiniOzoneClusterImpl.java:lambda$waitForClusterToBeReady$0(235)) - Nodes are ready. Got 3 of 3 DN Heartbeats.
2021-11-15 13:26:13,359 [Listener at 127.0.0.1/13216] INFO  ozone.MiniOzoneClusterImpl (MiniOzoneClusterImpl.java:lambda$waitForClusterToBeReady$0(238)) - Waiting for cluster to exit safe mode
2021-11-15 13:26:13,359 [Listener at 127.0.0.1/13216] INFO  ozone.MiniOzoneClusterImpl (MiniOzoneClusterImpl.java:lambda$waitForClusterToBeReady$0(240)) - SCM became leader
2021-11-15 13:26:13,394 [EndpointStateMachine task thread for /127.0.0.1:14723 - 0 ] INFO  ipc.Client (Client.java:handleConnectionFailure(977)) - Retrying connect to server: localhost/127.0.0.1:14723. Already tried 0 time(s); retry policy is RetryUpToMaximumCountWithFixedSleep(maxRetries=15, sleepTime=1000 MILLISECONDS)
2021-11-15 13:26:13,394 [EndpointStateMachine task thread for /127.0.0.1:14733 - 0 ] INFO  ipc.Client (Client.java:handleConnectionFailure(977)) - Retrying connect to server: localhost/127.0.0.1:14733. Already tried 0 time(s); retry policy is RetryUpToMaximumCountWithFixedSleep(maxRetries=15, sleepTime=1000 MILLISECONDS)
2021-11-15 13:26:13,395 [EndpointStateMachine task thread for /127.0.0.1:14713 - 0 ] INFO  ipc.Client (Client.java:handleConnectionFailure(977)) - Retrying connect to server: localhost/127.0.0.1:14713. Already tried 0 time(s); retry policy is RetryUpToMaximumCountWithFixedSleep(maxRetries=15, sleepTime=1000 MILLISECONDS)
2021-11-15 13:26:13,434 [Datanode State Machine Daemon Thread] ERROR datanode.RunningDatanodeState (RunningDatanodeState.java:computeNextContainerState(199)) - Error in executing end point task.
java.util.concurrent.ExecutionException: java.util.concurrent.TimeoutException
	at java.util.concurrent.FutureTask.report(FutureTask.java:122)
	at java.util.concurrent.FutureTask.get(FutureTask.java:192)
	at org.apache.hadoop.ozone.container.common.states.datanode.RunningDatanodeState.computeNextContainerState(RunningDatanodeState.java:191)
	at org.apache.hadoop.ozone.container.common.states.datanode.RunningDatanodeState.await(RunningDatanodeState.java:231)
	at org.apache.hadoop.ozone.container.common.states.datanode.RunningDatanodeState.await(RunningDatanodeState.java:50)
	at org.apache.hadoop.ozone.container.common.statemachine.StateContext.execute(StateContext.java:633)
	at org.apache.hadoop.ozone.container.common.statemachine.DatanodeStateMachine.start(DatanodeStateMachine.java:280)
	at org.apache.hadoop.ozone.container.common.statemachine.DatanodeStateMachine.lambda$startDaemon$0(DatanodeStateMachine.java:468)
	at java.lang.Thread.run(Thread.java:748)
Caused by: java.util.concurrent.TimeoutException
	at java.util.concurrent.FutureTask.get(FutureTask.java:205)
	at org.apache.hadoop.ozone.container.common.states.datanode.RunningDatanodeState.lambda$execute$0(RunningDatanodeState.java:149)
	at java.util.concurrent.FutureTask.run(FutureTask.java:266)
	at java.util.concurrent.Executors$RunnableAdapter.call(Executors.java:511)
	at java.util.concurrent.FutureTask.run(FutureTask.java:266)
	at java.util.concurrent.ThreadPoolExecutor.runWorker(ThreadPoolExecutor.java:1149)
	at java.util.concurrent.ThreadPoolExecutor$Worker.run(ThreadPoolExecutor.java:624)
	... 1 more
2021-11-15 13:26:13,590 [Datanode State Machine Daemon Thread] ERROR datanode.RunningDatanodeState (RunningDatanodeState.java:computeNextContainerState(199)) - Error in executing end point task.
java.util.concurrent.ExecutionException: java.util.concurrent.TimeoutException
	at java.util.concurrent.FutureTask.report(FutureTask.java:122)
	at java.util.concurrent.FutureTask.get(FutureTask.java:192)
	at org.apache.hadoop.ozone.container.common.states.datanode.RunningDatanodeState.computeNextContainerState(RunningDatanodeState.java:191)
	at org.apache.hadoop.ozone.container.common.states.datanode.RunningDatanodeState.await(RunningDatanodeState.java:231)
	at org.apache.hadoop.ozone.container.common.states.datanode.RunningDatanodeState.await(RunningDatanodeState.java:50)
	at org.apache.hadoop.ozone.container.common.statemachine.StateContext.execute(StateContext.java:633)
	at org.apache.hadoop.ozone.container.common.statemachine.DatanodeStateMachine.start(DatanodeStateMachine.java:280)
	at org.apache.hadoop.ozone.container.common.statemachine.DatanodeStateMachine.lambda$startDaemon$0(DatanodeStateMachine.java:468)
	at java.lang.Thread.run(Thread.java:748)
Caused by: java.util.concurrent.TimeoutException
	at java.util.concurrent.FutureTask.get(FutureTask.java:205)
	at org.apache.hadoop.ozone.container.common.states.datanode.RunningDatanodeState.lambda$execute$0(RunningDatanodeState.java:149)
	at java.util.concurrent.FutureTask.run(FutureTask.java:266)
	at java.util.concurrent.Executors$RunnableAdapter.call(Executors.java:511)
	at java.util.concurrent.FutureTask.run(FutureTask.java:266)
	at java.util.concurrent.ThreadPoolExecutor.runWorker(ThreadPoolExecutor.java:1149)
	at java.util.concurrent.ThreadPoolExecutor$Worker.run(ThreadPoolExecutor.java:624)
	... 1 more
2021-11-15 13:26:14,359 [Listener at 127.0.0.1/13216] INFO  ozone.MiniOzoneClusterImpl (MiniOzoneClusterImpl.java:lambda$waitForClusterToBeReady$0(235)) - Nodes are ready. Got 3 of 3 DN Heartbeats.
2021-11-15 13:26:14,360 [Listener at 127.0.0.1/13216] INFO  ozone.MiniOzoneClusterImpl (MiniOzoneClusterImpl.java:lambda$waitForClusterToBeReady$0(238)) - Waiting for cluster to exit safe mode
2021-11-15 13:26:14,360 [Listener at 127.0.0.1/13216] INFO  ozone.MiniOzoneClusterImpl (MiniOzoneClusterImpl.java:lambda$waitForClusterToBeReady$0(240)) - SCM became leader
2021-11-15 13:26:14,394 [EndpointStateMachine task thread for /127.0.0.1:14723 - 0 ] INFO  ipc.Client (Client.java:handleConnectionFailure(977)) - Retrying connect to server: localhost/127.0.0.1:14723. Already tried 1 time(s); retry policy is RetryUpToMaximumCountWithFixedSleep(maxRetries=15, sleepTime=1000 MILLISECONDS)
2021-11-15 13:26:14,394 [EndpointStateMachine task thread for /127.0.0.1:14733 - 0 ] INFO  ipc.Client (Client.java:handleConnectionFailure(977)) - Retrying connect to server: localhost/127.0.0.1:14733. Already tried 1 time(s); retry policy is RetryUpToMaximumCountWithFixedSleep(maxRetries=15, sleepTime=1000 MILLISECONDS)
2021-11-15 13:26:14,396 [EndpointStateMachine task thread for /127.0.0.1:14713 - 0 ] INFO  ipc.Client (Client.java:handleConnectionFailure(977)) - Retrying connect to server: localhost/127.0.0.1:14713. Already tried 1 time(s); retry policy is RetryUpToMaximumCountWithFixedSleep(maxRetries=15, sleepTime=1000 MILLISECONDS)
2021-11-15 13:26:14,439 [Datanode State Machine Daemon Thread] ERROR datanode.RunningDatanodeState (RunningDatanodeState.java:computeNextContainerState(199)) - Error in executing end point task.
java.util.concurrent.ExecutionException: java.util.concurrent.TimeoutException
	at java.util.concurrent.FutureTask.report(FutureTask.java:122)
	at java.util.concurrent.FutureTask.get(FutureTask.java:192)
	at org.apache.hadoop.ozone.container.common.states.datanode.RunningDatanodeState.computeNextContainerState(RunningDatanodeState.java:191)
	at org.apache.hadoop.ozone.container.common.states.datanode.RunningDatanodeState.await(RunningDatanodeState.java:231)
	at org.apache.hadoop.ozone.container.common.states.datanode.RunningDatanodeState.await(RunningDatanodeState.java:50)
	at org.apache.hadoop.ozone.container.common.statemachine.StateContext.execute(StateContext.java:633)
	at org.apache.hadoop.ozone.container.common.statemachine.DatanodeStateMachine.start(DatanodeStateMachine.java:280)
	at org.apache.hadoop.ozone.container.common.statemachine.DatanodeStateMachine.lambda$startDaemon$0(DatanodeStateMachine.java:468)
	at java.lang.Thread.run(Thread.java:748)
Caused by: java.util.concurrent.TimeoutException
	at java.util.concurrent.FutureTask.get(FutureTask.java:205)
	at org.apache.hadoop.ozone.container.common.states.datanode.RunningDatanodeState.lambda$execute$0(RunningDatanodeState.java:149)
	at java.util.concurrent.FutureTask.run(FutureTask.java:266)
	at java.util.concurrent.Executors$RunnableAdapter.call(Executors.java:511)
	at java.util.concurrent.FutureTask.run(FutureTask.java:266)
	at java.util.concurrent.ThreadPoolExecutor.runWorker(ThreadPoolExecutor.java:1149)
	at java.util.concurrent.ThreadPoolExecutor$Worker.run(ThreadPoolExecutor.java:624)
	... 1 more
2021-11-15 13:26:14,899 [Datanode State Machine Daemon Thread] ERROR datanode.RunningDatanodeState (RunningDatanodeState.java:computeNextContainerState(199)) - Error in executing end point task.
java.util.concurrent.ExecutionException: java.util.concurrent.TimeoutException
	at java.util.concurrent.FutureTask.report(FutureTask.java:122)
	at java.util.concurrent.FutureTask.get(FutureTask.java:192)
	at org.apache.hadoop.ozone.container.common.states.datanode.RunningDatanodeState.computeNextContainerState(RunningDatanodeState.java:191)
	at org.apache.hadoop.ozone.container.common.states.datanode.RunningDatanodeState.await(RunningDatanodeState.java:231)
	at org.apache.hadoop.ozone.container.common.states.datanode.RunningDatanodeState.await(RunningDatanodeState.java:50)
	at org.apache.hadoop.ozone.container.common.statemachine.StateContext.execute(StateContext.java:633)
	at org.apache.hadoop.ozone.container.common.statemachine.DatanodeStateMachine.start(DatanodeStateMachine.java:280)
	at org.apache.hadoop.ozone.container.common.statemachine.DatanodeStateMachine.lambda$startDaemon$0(DatanodeStateMachine.java:468)
	at java.lang.Thread.run(Thread.java:748)
Caused by: java.util.concurrent.TimeoutException
	at java.util.concurrent.FutureTask.get(FutureTask.java:205)
	at org.apache.hadoop.ozone.container.common.states.datanode.RunningDatanodeState.lambda$execute$0(RunningDatanodeState.java:149)
	at java.util.concurrent.FutureTask.run(FutureTask.java:266)
	at java.util.concurrent.Executors$RunnableAdapter.call(Executors.java:511)
	at java.util.concurrent.FutureTask.run(FutureTask.java:266)
	at java.util.concurrent.ThreadPoolExecutor.runWorker(ThreadPoolExecutor.java:1149)
	at java.util.concurrent.ThreadPoolExecutor$Worker.run(ThreadPoolExecutor.java:624)
	... 1 more
2021-11-15 13:26:15,360 [Listener at 127.0.0.1/13216] INFO  ozone.MiniOzoneClusterImpl (MiniOzoneClusterImpl.java:lambda$waitForClusterToBeReady$0(235)) - Nodes are ready. Got 3 of 3 DN Heartbeats.
2021-11-15 13:26:15,360 [Listener at 127.0.0.1/13216] INFO  ozone.MiniOzoneClusterImpl (MiniOzoneClusterImpl.java:lambda$waitForClusterToBeReady$0(238)) - Waiting for cluster to exit safe mode
2021-11-15 13:26:15,360 [Listener at 127.0.0.1/13216] INFO  ozone.MiniOzoneClusterImpl (MiniOzoneClusterImpl.java:lambda$waitForClusterToBeReady$0(240)) - SCM became leader
2021-11-15 13:26:15,395 [EndpointStateMachine task thread for /127.0.0.1:14723 - 0 ] INFO  ipc.Client (Client.java:handleConnectionFailure(977)) - Retrying connect to server: localhost/127.0.0.1:14723. Already tried 2 time(s); retry policy is RetryUpToMaximumCountWithFixedSleep(maxRetries=15, sleepTime=1000 MILLISECONDS)
2021-11-15 13:26:15,395 [EndpointStateMachine task thread for /127.0.0.1:14733 - 0 ] INFO  ipc.Client (Client.java:handleConnectionFailure(977)) - Retrying connect to server: localhost/127.0.0.1:14733. Already tried 2 time(s); retry policy is RetryUpToMaximumCountWithFixedSleep(maxRetries=15, sleepTime=1000 MILLISECONDS)
2021-11-15 13:26:15,396 [EndpointStateMachine task thread for /127.0.0.1:14713 - 0 ] INFO  ipc.Client (Client.java:handleConnectionFailure(977)) - Retrying connect to server: localhost/127.0.0.1:14713. Already tried 2 time(s); retry policy is RetryUpToMaximumCountWithFixedSleep(maxRetries=15, sleepTime=1000 MILLISECONDS)
2021-11-15 13:26:15,593 [Datanode State Machine Daemon Thread] ERROR datanode.RunningDatanodeState (RunningDatanodeState.java:computeNextContainerState(199)) - Error in executing end point task.
java.util.concurrent.ExecutionException: java.util.concurrent.TimeoutException
	at java.util.concurrent.FutureTask.report(FutureTask.java:122)
	at java.util.concurrent.FutureTask.get(FutureTask.java:192)
	at org.apache.hadoop.ozone.container.common.states.datanode.RunningDatanodeState.computeNextContainerState(RunningDatanodeState.java:191)
	at org.apache.hadoop.ozone.container.common.states.datanode.RunningDatanodeState.await(RunningDatanodeState.java:231)
	at org.apache.hadoop.ozone.container.common.states.datanode.RunningDatanodeState.await(RunningDatanodeState.java:50)
	at org.apache.hadoop.ozone.container.common.statemachine.StateContext.execute(StateContext.java:633)
	at org.apache.hadoop.ozone.container.common.statemachine.DatanodeStateMachine.start(DatanodeStateMachine.java:280)
	at org.apache.hadoop.ozone.container.common.statemachine.DatanodeStateMachine.lambda$startDaemon$0(DatanodeStateMachine.java:468)
	at java.lang.Thread.run(Thread.java:748)
Caused by: java.util.concurrent.TimeoutException
	at java.util.concurrent.FutureTask.get(FutureTask.java:205)
	at org.apache.hadoop.ozone.container.common.states.datanode.RunningDatanodeState.lambda$execute$0(RunningDatanodeState.java:149)
	at java.util.concurrent.FutureTask.run(FutureTask.java:266)
	at java.util.concurrent.Executors$RunnableAdapter.call(Executors.java:511)
	at java.util.concurrent.FutureTask.run(FutureTask.java:266)
	at java.util.concurrent.ThreadPoolExecutor.runWorker(ThreadPoolExecutor.java:1149)
	at java.util.concurrent.ThreadPoolExecutor$Worker.run(ThreadPoolExecutor.java:624)
	... 1 more
2021-11-15 13:26:15,901 [Datanode State Machine Daemon Thread] ERROR datanode.RunningDatanodeState (RunningDatanodeState.java:computeNextContainerState(199)) - Error in executing end point task.
java.util.concurrent.ExecutionException: java.util.concurrent.TimeoutException
	at java.util.concurrent.FutureTask.report(FutureTask.java:122)
	at java.util.concurrent.FutureTask.get(FutureTask.java:192)
	at org.apache.hadoop.ozone.container.common.states.datanode.RunningDatanodeState.computeNextContainerState(RunningDatanodeState.java:191)
	at org.apache.hadoop.ozone.container.common.states.datanode.RunningDatanodeState.await(RunningDatanodeState.java:231)
	at org.apache.hadoop.ozone.container.common.states.datanode.RunningDatanodeState.await(RunningDatanodeState.java:50)
	at org.apache.hadoop.ozone.container.common.statemachine.StateContext.execute(StateContext.java:633)
	at org.apache.hadoop.ozone.container.common.statemachine.DatanodeStateMachine.start(DatanodeStateMachine.java:280)
	at org.apache.hadoop.ozone.container.common.statemachine.DatanodeStateMachine.lambda$startDaemon$0(DatanodeStateMachine.java:468)
	at java.lang.Thread.run(Thread.java:748)
Caused by: java.util.concurrent.TimeoutException
	at java.util.concurrent.FutureTask.get(FutureTask.java:205)
	at org.apache.hadoop.ozone.container.common.states.datanode.RunningDatanodeState.lambda$execute$0(RunningDatanodeState.java:149)
	at java.util.concurrent.FutureTask.run(FutureTask.java:266)
	at java.util.concurrent.Executors$RunnableAdapter.call(Executors.java:511)
	at java.util.concurrent.FutureTask.run(FutureTask.java:266)
	at java.util.concurrent.ThreadPoolExecutor.runWorker(ThreadPoolExecutor.java:1149)
	at java.util.concurrent.ThreadPoolExecutor$Worker.run(ThreadPoolExecutor.java:624)
	... 1 more
2021-11-15 13:26:16,361 [Listener at 127.0.0.1/13216] INFO  ozone.MiniOzoneClusterImpl (MiniOzoneClusterImpl.java:lambda$waitForClusterToBeReady$0(235)) - Nodes are ready. Got 3 of 3 DN Heartbeats.
2021-11-15 13:26:16,361 [Listener at 127.0.0.1/13216] INFO  ozone.MiniOzoneClusterImpl (MiniOzoneClusterImpl.java:lambda$waitForClusterToBeReady$0(238)) - Waiting for cluster to exit safe mode
2021-11-15 13:26:16,361 [Listener at 127.0.0.1/13216] INFO  ozone.MiniOzoneClusterImpl (MiniOzoneClusterImpl.java:lambda$waitForClusterToBeReady$0(240)) - SCM became leader
2021-11-15 13:26:16,395 [EndpointStateMachine task thread for /127.0.0.1:14733 - 0 ] INFO  ipc.Client (Client.java:handleConnectionFailure(977)) - Retrying connect to server: localhost/127.0.0.1:14733. Already tried 3 time(s); retry policy is RetryUpToMaximumCountWithFixedSleep(maxRetries=15, sleepTime=1000 MILLISECONDS)
2021-11-15 13:26:16,396 [EndpointStateMachine task thread for /127.0.0.1:14723 - 0 ] INFO  ipc.Client (Client.java:handleConnectionFailure(977)) - Retrying connect to server: localhost/127.0.0.1:14723. Already tried 3 time(s); retry policy is RetryUpToMaximumCountWithFixedSleep(maxRetries=15, sleepTime=1000 MILLISECONDS)
2021-11-15 13:26:16,396 [EndpointStateMachine task thread for /127.0.0.1:14713 - 0 ] INFO  ipc.Client (Client.java:handleConnectionFailure(977)) - Retrying connect to server: localhost/127.0.0.1:14713. Already tried 3 time(s); retry policy is RetryUpToMaximumCountWithFixedSleep(maxRetries=15, sleepTime=1000 MILLISECONDS)
2021-11-15 13:26:16,442 [15c58fd6-591f-43e3-aa4f-ac792bae557b@group-D7B3E088EE4D-FollowerState] INFO  impl.FollowerState (FollowerState.java:run(134)) - 15c58fd6-591f-43e3-aa4f-ac792bae557b@group-D7B3E088EE4D-FollowerState: change to CANDIDATE, lastRpcElapsedTime:5050069231ns, electionTimeout:5045ms
2021-11-15 13:26:16,442 [15c58fd6-591f-43e3-aa4f-ac792bae557b@group-D7B3E088EE4D-FollowerState] INFO  impl.RoleInfo (RoleInfo.java:shutdownFollowerState(108)) - 15c58fd6-591f-43e3-aa4f-ac792bae557b: shutdown 15c58fd6-591f-43e3-aa4f-ac792bae557b@group-D7B3E088EE4D-FollowerState
2021-11-15 13:26:16,442 [15c58fd6-591f-43e3-aa4f-ac792bae557b@group-D7B3E088EE4D-FollowerState] INFO  server.RaftServer$Division (RaftServerImpl.java:setRole(290)) - 15c58fd6-591f-43e3-aa4f-ac792bae557b@group-D7B3E088EE4D: changes role from  FOLLOWER to CANDIDATE at term 0 for changeToCandidate
2021-11-15 13:26:16,442 [15c58fd6-591f-43e3-aa4f-ac792bae557b@group-D7B3E088EE4D-FollowerState] INFO  server.RaftServerConfigKeys (ConfUtils.java:logGet(44)) - raft.server.leaderelection.pre-vote = false (custom)
2021-11-15 13:26:16,442 [15c58fd6-591f-43e3-aa4f-ac792bae557b@group-D7B3E088EE4D-FollowerState] INFO  impl.RoleInfo (RoleInfo.java:updateAndGet(130)) - 15c58fd6-591f-43e3-aa4f-ac792bae557b: start 15c58fd6-591f-43e3-aa4f-ac792bae557b@group-D7B3E088EE4D-LeaderElection13
2021-11-15 13:26:16,468 [15c58fd6-591f-43e3-aa4f-ac792bae557b@group-D7B3E088EE4D-LeaderElection13] INFO  impl.LeaderElection (LeaderElection.java:askForVotes(306)) - 15c58fd6-591f-43e3-aa4f-ac792bae557b@group-D7B3E088EE4D-LeaderElection13 ELECTION round 0: submit vote requests at term 1 for -1: [a7a9ee06-acf8-4996-94fe-a30a2f736f46|rpc:127.0.0.1:35177|priority:1, 1b7637b9-df73-4fd2-9553-6cec13ff666d|rpc:127.0.0.1:41211|priority:0, 15c58fd6-591f-43e3-aa4f-ac792bae557b|rpc:127.0.0.1:34937|priority:0], old=null
2021-11-15 13:26:16,498 [15c58fd6-591f-43e3-aa4f-ac792bae557b@group-3EF3B5AE3404-FollowerState] INFO  impl.FollowerState (FollowerState.java:run(134)) - 15c58fd6-591f-43e3-aa4f-ac792bae557b@group-3EF3B5AE3404-FollowerState: change to CANDIDATE, lastRpcElapsedTime:5162559446ns, electionTimeout:5152ms
2021-11-15 13:26:16,498 [15c58fd6-591f-43e3-aa4f-ac792bae557b@group-3EF3B5AE3404-FollowerState] INFO  impl.RoleInfo (RoleInfo.java:shutdownFollowerState(108)) - 15c58fd6-591f-43e3-aa4f-ac792bae557b: shutdown 15c58fd6-591f-43e3-aa4f-ac792bae557b@group-3EF3B5AE3404-FollowerState
2021-11-15 13:26:16,498 [15c58fd6-591f-43e3-aa4f-ac792bae557b@group-3EF3B5AE3404-FollowerState] INFO  server.RaftServer$Division (RaftServerImpl.java:setRole(290)) - 15c58fd6-591f-43e3-aa4f-ac792bae557b@group-3EF3B5AE3404: changes role from  FOLLOWER to CANDIDATE at term 0 for changeToCandidate
2021-11-15 13:26:16,498 [15c58fd6-591f-43e3-aa4f-ac792bae557b@group-3EF3B5AE3404-FollowerState] INFO  server.RaftServerConfigKeys (ConfUtils.java:logGet(44)) - raft.server.leaderelection.pre-vote = false (custom)
2021-11-15 13:26:16,498 [15c58fd6-591f-43e3-aa4f-ac792bae557b@group-3EF3B5AE3404-FollowerState] INFO  impl.RoleInfo (RoleInfo.java:updateAndGet(130)) - 15c58fd6-591f-43e3-aa4f-ac792bae557b: start 15c58fd6-591f-43e3-aa4f-ac792bae557b@group-3EF3B5AE3404-LeaderElection14
2021-11-15 13:26:16,507 [grpc-default-executor-1] INFO  server.RaftServer$Division (RaftServerImpl.java:requestVote(1046)) - a7a9ee06-acf8-4996-94fe-a30a2f736f46@group-D7B3E088EE4D: receive requestVote(ELECTION, 15c58fd6-591f-43e3-aa4f-ac792bae557b, group-D7B3E088EE4D, 1, (t:0, i:0))
2021-11-15 13:26:16,508 [grpc-default-executor-1] INFO  impl.VoteContext (VoteContext.java:log(48)) - a7a9ee06-acf8-4996-94fe-a30a2f736f46@group-D7B3E088EE4D-FOLLOWER: reject ELECTION from 15c58fd6-591f-43e3-aa4f-ac792bae557b: our priority 1 > candidate's priority 0
2021-11-15 13:26:16,508 [grpc-default-executor-1] INFO  server.RaftServer$Division (RaftServerImpl.java:setRole(290)) - a7a9ee06-acf8-4996-94fe-a30a2f736f46@group-D7B3E088EE4D: changes role from  FOLLOWER to FOLLOWER at term 1 for candidate:15c58fd6-591f-43e3-aa4f-ac792bae557b
2021-11-15 13:26:16,508 [grpc-default-executor-1] INFO  impl.RoleInfo (RoleInfo.java:shutdownFollowerState(108)) - a7a9ee06-acf8-4996-94fe-a30a2f736f46: shutdown a7a9ee06-acf8-4996-94fe-a30a2f736f46@group-D7B3E088EE4D-FollowerState
2021-11-15 13:26:16,508 [grpc-default-executor-1] INFO  impl.RoleInfo (RoleInfo.java:updateAndGet(130)) - a7a9ee06-acf8-4996-94fe-a30a2f736f46: start a7a9ee06-acf8-4996-94fe-a30a2f736f46@group-D7B3E088EE4D-FollowerState
2021-11-15 13:26:16,508 [a7a9ee06-acf8-4996-94fe-a30a2f736f46@group-D7B3E088EE4D-FollowerState] INFO  impl.FollowerState (FollowerState.java:run(143)) - a7a9ee06-acf8-4996-94fe-a30a2f736f46@group-D7B3E088EE4D-FollowerState was interrupted: {}
java.lang.InterruptedException: sleep interrupted
	at java.lang.Thread.sleep(Native Method)
	at java.lang.Thread.sleep(Thread.java:340)
	at java.util.concurrent.TimeUnit.sleep(TimeUnit.java:386)
	at org.apache.ratis.util.TimeDuration.sleep(TimeDuration.java:324)
	at org.apache.ratis.util.TimeDuration.sleep(TimeDuration.java:309)
	at org.apache.ratis.server.impl.FollowerState.run(FollowerState.java:118)
2021-11-15 13:26:16,517 [grpc-default-executor-2] INFO  server.RaftServer$Division (RaftServerImpl.java:requestVote(1046)) - 1b7637b9-df73-4fd2-9553-6cec13ff666d@group-D7B3E088EE4D: receive requestVote(ELECTION, 15c58fd6-591f-43e3-aa4f-ac792bae557b, group-D7B3E088EE4D, 1, (t:0, i:0))
2021-11-15 13:26:16,517 [grpc-default-executor-2] INFO  impl.VoteContext (VoteContext.java:log(48)) - 1b7637b9-df73-4fd2-9553-6cec13ff666d@group-D7B3E088EE4D-FOLLOWER: accept ELECTION from 15c58fd6-591f-43e3-aa4f-ac792bae557b: our priority 0 <= candidate's priority 0
2021-11-15 13:26:16,517 [grpc-default-executor-2] INFO  server.RaftServer$Division (RaftServerImpl.java:setRole(290)) - 1b7637b9-df73-4fd2-9553-6cec13ff666d@group-D7B3E088EE4D: changes role from  FOLLOWER to FOLLOWER at term 1 for candidate:15c58fd6-591f-43e3-aa4f-ac792bae557b
2021-11-15 13:26:16,517 [grpc-default-executor-2] INFO  impl.RoleInfo (RoleInfo.java:shutdownFollowerState(108)) - 1b7637b9-df73-4fd2-9553-6cec13ff666d: shutdown 1b7637b9-df73-4fd2-9553-6cec13ff666d@group-D7B3E088EE4D-FollowerState
2021-11-15 13:26:16,518 [grpc-default-executor-2] INFO  impl.RoleInfo (RoleInfo.java:updateAndGet(130)) - 1b7637b9-df73-4fd2-9553-6cec13ff666d: start 1b7637b9-df73-4fd2-9553-6cec13ff666d@group-D7B3E088EE4D-FollowerState
2021-11-15 13:26:16,518 [1b7637b9-df73-4fd2-9553-6cec13ff666d@group-D7B3E088EE4D-FollowerState] INFO  impl.FollowerState (FollowerState.java:run(143)) - 1b7637b9-df73-4fd2-9553-6cec13ff666d@group-D7B3E088EE4D-FollowerState was interrupted: {}
java.lang.InterruptedException: sleep interrupted
	at java.lang.Thread.sleep(Native Method)
	at java.lang.Thread.sleep(Thread.java:340)
	at java.util.concurrent.TimeUnit.sleep(TimeUnit.java:386)
	at org.apache.ratis.util.TimeDuration.sleep(TimeDuration.java:324)
	at org.apache.ratis.util.TimeDuration.sleep(TimeDuration.java:309)
	at org.apache.ratis.server.impl.FollowerState.run(FollowerState.java:118)
2021-11-15 13:26:16,519 [15c58fd6-591f-43e3-aa4f-ac792bae557b@group-3EF3B5AE3404-LeaderElection14] INFO  impl.LeaderElection (LeaderElection.java:askForVotes(306)) - 15c58fd6-591f-43e3-aa4f-ac792bae557b@group-3EF3B5AE3404-LeaderElection14 ELECTION round 0: submit vote requests at term 1 for -1: [15c58fd6-591f-43e3-aa4f-ac792bae557b|rpc:127.0.0.1:34937|priority:1], old=null
2021-11-15 13:26:16,519 [15c58fd6-591f-43e3-aa4f-ac792bae557b@group-3EF3B5AE3404-LeaderElection14] INFO  impl.LeaderElection (LeaderElection.java:askForVotes(308)) - 15c58fd6-591f-43e3-aa4f-ac792bae557b@group-3EF3B5AE3404-LeaderElection14 ELECTION round 0: result PASSED (term=1)
2021-11-15 13:26:16,520 [15c58fd6-591f-43e3-aa4f-ac792bae557b@group-3EF3B5AE3404-LeaderElection14] INFO  impl.RoleInfo (RoleInfo.java:shutdownLeaderElection(121)) - 15c58fd6-591f-43e3-aa4f-ac792bae557b: shutdown 15c58fd6-591f-43e3-aa4f-ac792bae557b@group-3EF3B5AE3404-LeaderElection14
2021-11-15 13:26:16,520 [15c58fd6-591f-43e3-aa4f-ac792bae557b@group-3EF3B5AE3404-LeaderElection14] INFO  server.RaftServer$Division (RaftServerImpl.java:setRole(290)) - 15c58fd6-591f-43e3-aa4f-ac792bae557b@group-3EF3B5AE3404: changes role from CANDIDATE to LEADER at term 1 for changeToLeader
2021-11-15 13:26:16,520 [15c58fd6-591f-43e3-aa4f-ac792bae557b@group-3EF3B5AE3404-LeaderElection14] INFO  ratis.XceiverServerRatis (XceiverServerRatis.java:handleLeaderChangedNotification(866)) - Leader change notification received for group: group-3EF3B5AE3404 with new leaderId: 15c58fd6-591f-43e3-aa4f-ac792bae557b
2021-11-15 13:26:16,526 [grpc-default-executor-1] INFO  server.RaftServer$Division (RaftServerImpl.java:requestVote(1078)) - a7a9ee06-acf8-4996-94fe-a30a2f736f46@group-D7B3E088EE4D replies to ELECTION vote request: 15c58fd6-591f-43e3-aa4f-ac792bae557b<-a7a9ee06-acf8-4996-94fe-a30a2f736f46#0:FAIL-t1. Peer's state: a7a9ee06-acf8-4996-94fe-a30a2f736f46@group-D7B3E088EE4D:t1, leader=null, voted=null, raftlog=a7a9ee06-acf8-4996-94fe-a30a2f736f46@group-D7B3E088EE4D-SegmentedRaftLog:OPENED:c-1, conf=-1: [a7a9ee06-acf8-4996-94fe-a30a2f736f46|rpc:127.0.0.1:35177|dataStream:|priority:1, 1b7637b9-df73-4fd2-9553-6cec13ff666d|rpc:127.0.0.1:41211|dataStream:|priority:0, 15c58fd6-591f-43e3-aa4f-ac792bae557b|rpc:127.0.0.1:34937|dataStream:|priority:0], old=null
2021-11-15 13:26:16,531 [15c58fd6-591f-43e3-aa4f-ac792bae557b@group-3EF3B5AE3404-LeaderElection14] INFO  server.RaftServer$Division (ServerState.java:setLeader(285)) - 15c58fd6-591f-43e3-aa4f-ac792bae557b@group-3EF3B5AE3404: change Leader from null to 15c58fd6-591f-43e3-aa4f-ac792bae557b at term 1 for becomeLeader, leader elected after 5221ms
2021-11-15 13:26:16,531 [15c58fd6-591f-43e3-aa4f-ac792bae557b@group-3EF3B5AE3404-LeaderElection14] INFO  server.RaftServerConfigKeys (ConfUtils.java:logGet(44)) - raft.server.staging.catchup.gap = 1000 (default)
2021-11-15 13:26:16,531 [15c58fd6-591f-43e3-aa4f-ac792bae557b@group-3EF3B5AE3404-LeaderElection14] INFO  server.RaftServerConfigKeys (ConfUtils.java:logGet(44)) - raft.server.write.element-limit = 1024 (custom)
2021-11-15 13:26:16,531 [15c58fd6-591f-43e3-aa4f-ac792bae557b@group-3EF3B5AE3404-LeaderElection14] INFO  server.RaftServerConfigKeys (ConfUtils.java:logGet(44)) - raft.server.write.byte-limit = 1024 M (=1073741824) (custom)
2021-11-15 13:26:16,531 [15c58fd6-591f-43e3-aa4f-ac792bae557b@group-3EF3B5AE3404-LeaderElection14] INFO  server.RaftServerConfigKeys (ConfUtils.java:logGet(44)) - raft.server.watch.timeout = 180s (custom)
2021-11-15 13:26:16,533 [15c58fd6-591f-43e3-aa4f-ac792bae557b@group-D7B3E088EE4D-LeaderElection13] INFO  impl.LeaderElection (LeaderElection.java:logAndReturn(89)) - 15c58fd6-591f-43e3-aa4f-ac792bae557b@group-D7B3E088EE4D-LeaderElection13: ELECTION REJECTED received 1 response(s) and 0 exception(s):
2021-11-15 13:26:16,537 [15c58fd6-591f-43e3-aa4f-ac792bae557b@group-D7B3E088EE4D-LeaderElection13] INFO  impl.LeaderElection (LeaderElection.java:logAndReturn(93)) -   Response 0: 15c58fd6-591f-43e3-aa4f-ac792bae557b<-a7a9ee06-acf8-4996-94fe-a30a2f736f46#0:FAIL-t1
2021-11-15 13:26:16,532 [grpc-default-executor-2] INFO  server.RaftServer$Division (RaftServerImpl.java:requestVote(1078)) - 1b7637b9-df73-4fd2-9553-6cec13ff666d@group-D7B3E088EE4D replies to ELECTION vote request: 15c58fd6-591f-43e3-aa4f-ac792bae557b<-1b7637b9-df73-4fd2-9553-6cec13ff666d#0:OK-t1. Peer's state: 1b7637b9-df73-4fd2-9553-6cec13ff666d@group-D7B3E088EE4D:t1, leader=null, voted=15c58fd6-591f-43e3-aa4f-ac792bae557b, raftlog=1b7637b9-df73-4fd2-9553-6cec13ff666d@group-D7B3E088EE4D-SegmentedRaftLog:OPENED:c-1, conf=-1: [a7a9ee06-acf8-4996-94fe-a30a2f736f46|rpc:127.0.0.1:35177|dataStream:|priority:1, 1b7637b9-df73-4fd2-9553-6cec13ff666d|rpc:127.0.0.1:41211|dataStream:|priority:0, 15c58fd6-591f-43e3-aa4f-ac792bae557b|rpc:127.0.0.1:34937|dataStream:|priority:0], old=null
2021-11-15 13:26:16,537 [15c58fd6-591f-43e3-aa4f-ac792bae557b@group-D7B3E088EE4D-LeaderElection13] INFO  impl.LeaderElection (LeaderElection.java:askForVotes(308)) - 15c58fd6-591f-43e3-aa4f-ac792bae557b@group-D7B3E088EE4D-LeaderElection13 ELECTION round 0: result REJECTED
2021-11-15 13:26:16,537 [15c58fd6-591f-43e3-aa4f-ac792bae557b@group-D7B3E088EE4D-LeaderElection13] INFO  server.RaftServer$Division (RaftServerImpl.java:setRole(290)) - 15c58fd6-591f-43e3-aa4f-ac792bae557b@group-D7B3E088EE4D: changes role from CANDIDATE to FOLLOWER at term 1 for REJECTED
2021-11-15 13:26:16,537 [15c58fd6-591f-43e3-aa4f-ac792bae557b@group-D7B3E088EE4D-LeaderElection13] INFO  impl.RoleInfo (RoleInfo.java:shutdownLeaderElection(121)) - 15c58fd6-591f-43e3-aa4f-ac792bae557b: shutdown 15c58fd6-591f-43e3-aa4f-ac792bae557b@group-D7B3E088EE4D-LeaderElection13
2021-11-15 13:26:16,537 [15c58fd6-591f-43e3-aa4f-ac792bae557b@group-D7B3E088EE4D-LeaderElection13] INFO  impl.RoleInfo (RoleInfo.java:updateAndGet(130)) - 15c58fd6-591f-43e3-aa4f-ac792bae557b: start 15c58fd6-591f-43e3-aa4f-ac792bae557b@group-D7B3E088EE4D-FollowerState
2021-11-15 13:26:16,536 [15c58fd6-591f-43e3-aa4f-ac792bae557b@group-3EF3B5AE3404-LeaderElection14] INFO  server.RaftServerConfigKeys (ConfUtils.java:logGet(44)) - raft.server.watch.timeout.denomination = 1s (default)
2021-11-15 13:26:16,546 [15c58fd6-591f-43e3-aa4f-ac792bae557b@group-3EF3B5AE3404-LeaderElection14] INFO  server.RaftServerConfigKeys (ConfUtils.java:logGet(44)) - raft.server.watch.element-limit = 65536 (default)
2021-11-15 13:26:16,546 [15c58fd6-591f-43e3-aa4f-ac792bae557b@group-3EF3B5AE3404-LeaderElection14] INFO  server.RaftServerConfigKeys (ConfUtils.java:logGet(44)) - raft.server.write.element-limit = 1024 (custom)
2021-11-15 13:26:16,538 [EventQueue-OpenPipelineForHealthyPipelineSafeModeRule] INFO  safemode.SCMSafeModeManager (HealthyPipelineSafeModeRule.java:process(124)) - SCM in safe mode. Healthy pipelines reported count is 0, required healthy pipeline reported count is 1
2021-11-15 13:26:16,546 [15c58fd6-591f-43e3-aa4f-ac792bae557b@group-3EF3B5AE3404-LeaderElection14] INFO  server.RaftServerConfigKeys (ConfUtils.java:logGet(44)) - raft.server.write.follower.gap.ratio.max = -1.0 (default)
2021-11-15 13:26:16,546 [15c58fd6-591f-43e3-aa4f-ac792bae557b@group-3EF3B5AE3404-LeaderElection14] INFO  impl.RoleInfo (RoleInfo.java:updateAndGet(130)) - 15c58fd6-591f-43e3-aa4f-ac792bae557b: start 15c58fd6-591f-43e3-aa4f-ac792bae557b@group-3EF3B5AE3404-LeaderStateImpl
2021-11-15 13:26:16,546 [15c58fd6-591f-43e3-aa4f-ac792bae557b@group-3EF3B5AE3404-LeaderElection14] INFO  segmented.SegmentedRaftLogWorker (SegmentedRaftLogWorker.java:startLogSegment(394)) - 15c58fd6-591f-43e3-aa4f-ac792bae557b@group-3EF3B5AE3404-SegmentedRaftLogWorker: Starting segment from index:0
2021-11-15 13:26:16,547 [EventQueue-OpenPipelineForHealthyPipelineSafeModeRule] INFO  safemode.SCMSafeModeManager (HealthyPipelineSafeModeRule.java:process(124)) - SCM in safe mode. Healthy pipelines reported count is 0, required healthy pipeline reported count is 1
2021-11-15 13:26:16,554 [15c58fd6-591f-43e3-aa4f-ac792bae557b@group-3EF3B5AE3404-LeaderElection14] INFO  server.RaftServer$Division (ServerState.java:setRaftConf(387)) - 15c58fd6-591f-43e3-aa4f-ac792bae557b@group-3EF3B5AE3404: set configuration 0: [15c58fd6-591f-43e3-aa4f-ac792bae557b|rpc:127.0.0.1:34937|dataStream:|priority:1], old=null
2021-11-15 13:26:16,556 [15c58fd6-591f-43e3-aa4f-ac792bae557b@group-3EF3B5AE3404-SegmentedRaftLogWorker] INFO  segmented.SegmentedRaftLogWorker (SegmentedRaftLogWorker.java:execute(601)) - 15c58fd6-591f-43e3-aa4f-ac792bae557b@group-3EF3B5AE3404-SegmentedRaftLogWorker: created new log segment /home/runner/work/ozone/ozone/hadoop-ozone/integration-test/target/test-dir/MiniOzoneClusterImpl-54fbe6a2-d836-4e9c-ac0d-22c475060fab/datanode-0/data/ratis/bcd8657d-9dbc-4ee1-9d34-3ef3b5ae3404/current/log_inprogress_0
2021-11-15 13:26:16,678 [15c58fd6-591f-43e3-aa4f-ac792bae557b@group-CA48594C04EC-FollowerState] INFO  impl.FollowerState (FollowerState.java:run(134)) - 15c58fd6-591f-43e3-aa4f-ac792bae557b@group-CA48594C04EC-FollowerState: change to CANDIDATE, lastRpcElapsedTime:5074592259ns, electionTimeout:5073ms
2021-11-15 13:26:16,678 [15c58fd6-591f-43e3-aa4f-ac792bae557b@group-CA48594C04EC-FollowerState] INFO  impl.RoleInfo (RoleInfo.java:shutdownFollowerState(108)) - 15c58fd6-591f-43e3-aa4f-ac792bae557b: shutdown 15c58fd6-591f-43e3-aa4f-ac792bae557b@group-CA48594C04EC-FollowerState
2021-11-15 13:26:16,678 [15c58fd6-591f-43e3-aa4f-ac792bae557b@group-CA48594C04EC-FollowerState] INFO  server.RaftServer$Division (RaftServerImpl.java:setRole(290)) - 15c58fd6-591f-43e3-aa4f-ac792bae557b@group-CA48594C04EC: changes role from  FOLLOWER to CANDIDATE at term 0 for changeToCandidate
2021-11-15 13:26:16,678 [15c58fd6-591f-43e3-aa4f-ac792bae557b@group-CA48594C04EC-FollowerState] INFO  server.RaftServerConfigKeys (ConfUtils.java:logGet(44)) - raft.server.leaderelection.pre-vote = false (custom)
2021-11-15 13:26:16,678 [15c58fd6-591f-43e3-aa4f-ac792bae557b@group-CA48594C04EC-FollowerState] INFO  impl.RoleInfo (RoleInfo.java:updateAndGet(130)) - 15c58fd6-591f-43e3-aa4f-ac792bae557b: start 15c58fd6-591f-43e3-aa4f-ac792bae557b@group-CA48594C04EC-LeaderElection15
2021-11-15 13:26:16,704 [15c58fd6-591f-43e3-aa4f-ac792bae557b@group-CA48594C04EC-LeaderElection15] INFO  impl.LeaderElection (LeaderElection.java:askForVotes(306)) - 15c58fd6-591f-43e3-aa4f-ac792bae557b@group-CA48594C04EC-LeaderElection15 ELECTION round 0: submit vote requests at term 1 for -1: [a7a9ee06-acf8-4996-94fe-a30a2f736f46|rpc:127.0.0.1:35177|priority:0, 1b7637b9-df73-4fd2-9553-6cec13ff666d|rpc:127.0.0.1:41211|priority:1, 15c58fd6-591f-43e3-aa4f-ac792bae557b|rpc:127.0.0.1:34937|priority:0], old=null
2021-11-15 13:26:16,718 [grpc-default-executor-2] INFO  server.RaftServer$Division (RaftServerImpl.java:requestVote(1046)) - a7a9ee06-acf8-4996-94fe-a30a2f736f46@group-CA48594C04EC: receive requestVote(ELECTION, 15c58fd6-591f-43e3-aa4f-ac792bae557b, group-CA48594C04EC, 1, (t:0, i:0))
2021-11-15 13:26:16,718 [grpc-default-executor-1] INFO  server.RaftServer$Division (RaftServerImpl.java:requestVote(1046)) - 1b7637b9-df73-4fd2-9553-6cec13ff666d@group-CA48594C04EC: receive requestVote(ELECTION, 15c58fd6-591f-43e3-aa4f-ac792bae557b, group-CA48594C04EC, 1, (t:0, i:0))
2021-11-15 13:26:16,718 [grpc-default-executor-2] INFO  impl.VoteContext (VoteContext.java:log(48)) - a7a9ee06-acf8-4996-94fe-a30a2f736f46@group-CA48594C04EC-FOLLOWER: accept ELECTION from 15c58fd6-591f-43e3-aa4f-ac792bae557b: our priority 0 <= candidate's priority 0
2021-11-15 13:26:16,718 [grpc-default-executor-1] INFO  impl.VoteContext (VoteContext.java:log(48)) - 1b7637b9-df73-4fd2-9553-6cec13ff666d@group-CA48594C04EC-FOLLOWER: reject ELECTION from 15c58fd6-591f-43e3-aa4f-ac792bae557b: our priority 1 > candidate's priority 0
2021-11-15 13:26:16,718 [grpc-default-executor-1] INFO  server.RaftServer$Division (RaftServerImpl.java:setRole(290)) - 1b7637b9-df73-4fd2-9553-6cec13ff666d@group-CA48594C04EC: changes role from  FOLLOWER to FOLLOWER at term 1 for candidate:15c58fd6-591f-43e3-aa4f-ac792bae557b
2021-11-15 13:26:16,718 [grpc-default-executor-1] INFO  impl.RoleInfo (RoleInfo.java:shutdownFollowerState(108)) - 1b7637b9-df73-4fd2-9553-6cec13ff666d: shutdown 1b7637b9-df73-4fd2-9553-6cec13ff666d@group-CA48594C04EC-FollowerState
2021-11-15 13:26:16,718 [grpc-default-executor-2] INFO  server.RaftServer$Division (RaftServerImpl.java:setRole(290)) - a7a9ee06-acf8-4996-94fe-a30a2f736f46@group-CA48594C04EC: changes role from  FOLLOWER to FOLLOWER at term 1 for candidate:15c58fd6-591f-43e3-aa4f-ac792bae557b
2021-11-15 13:26:16,718 [grpc-default-executor-2] INFO  impl.RoleInfo (RoleInfo.java:shutdownFollowerState(108)) - a7a9ee06-acf8-4996-94fe-a30a2f736f46: shutdown a7a9ee06-acf8-4996-94fe-a30a2f736f46@group-CA48594C04EC-FollowerState
2021-11-15 13:26:16,718 [grpc-default-executor-1] INFO  impl.RoleInfo (RoleInfo.java:updateAndGet(130)) - 1b7637b9-df73-4fd2-9553-6cec13ff666d: start 1b7637b9-df73-4fd2-9553-6cec13ff666d@group-CA48594C04EC-FollowerState
2021-11-15 13:26:16,719 [grpc-default-executor-2] INFO  impl.RoleInfo (RoleInfo.java:updateAndGet(130)) - a7a9ee06-acf8-4996-94fe-a30a2f736f46: start a7a9ee06-acf8-4996-94fe-a30a2f736f46@group-CA48594C04EC-FollowerState
2021-11-15 13:26:16,719 [a7a9ee06-acf8-4996-94fe-a30a2f736f46@group-CA48594C04EC-FollowerState] INFO  impl.FollowerState (FollowerState.java:run(143)) - a7a9ee06-acf8-4996-94fe-a30a2f736f46@group-CA48594C04EC-FollowerState was interrupted: {}
java.lang.InterruptedException: sleep interrupted
	at java.lang.Thread.sleep(Native Method)
	at java.lang.Thread.sleep(Thread.java:340)
	at java.util.concurrent.TimeUnit.sleep(TimeUnit.java:386)
	at org.apache.ratis.util.TimeDuration.sleep(TimeDuration.java:324)
	at org.apache.ratis.util.TimeDuration.sleep(TimeDuration.java:309)
	at org.apache.ratis.server.impl.FollowerState.run(FollowerState.java:118)
2021-11-15 13:26:16,718 [1b7637b9-df73-4fd2-9553-6cec13ff666d@group-CA48594C04EC-FollowerState] INFO  impl.FollowerState (FollowerState.java:run(143)) - 1b7637b9-df73-4fd2-9553-6cec13ff666d@group-CA48594C04EC-FollowerState was interrupted: {}
java.lang.InterruptedException: sleep interrupted
	at java.lang.Thread.sleep(Native Method)
	at java.lang.Thread.sleep(Thread.java:340)
	at java.util.concurrent.TimeUnit.sleep(TimeUnit.java:386)
	at org.apache.ratis.util.TimeDuration.sleep(TimeDuration.java:324)
	at org.apache.ratis.util.TimeDuration.sleep(TimeDuration.java:309)
	at org.apache.ratis.server.impl.FollowerState.run(FollowerState.java:118)
2021-11-15 13:26:16,725 [grpc-default-executor-1] INFO  server.RaftServer$Division (RaftServerImpl.java:requestVote(1078)) - 1b7637b9-df73-4fd2-9553-6cec13ff666d@group-CA48594C04EC replies to ELECTION vote request: 15c58fd6-591f-43e3-aa4f-ac792bae557b<-1b7637b9-df73-4fd2-9553-6cec13ff666d#0:FAIL-t1. Peer's state: 1b7637b9-df73-4fd2-9553-6cec13ff666d@group-CA48594C04EC:t1, leader=null, voted=null, raftlog=1b7637b9-df73-4fd2-9553-6cec13ff666d@group-CA48594C04EC-SegmentedRaftLog:OPENED:c-1, conf=-1: [a7a9ee06-acf8-4996-94fe-a30a2f736f46|rpc:127.0.0.1:35177|dataStream:|priority:0, 1b7637b9-df73-4fd2-9553-6cec13ff666d|rpc:127.0.0.1:41211|dataStream:|priority:1, 15c58fd6-591f-43e3-aa4f-ac792bae557b|rpc:127.0.0.1:34937|dataStream:|priority:0], old=null
2021-11-15 13:26:16,726 [15c58fd6-591f-43e3-aa4f-ac792bae557b@group-CA48594C04EC-LeaderElection15] INFO  impl.LeaderElection (LeaderElection.java:logAndReturn(89)) - 15c58fd6-591f-43e3-aa4f-ac792bae557b@group-CA48594C04EC-LeaderElection15: ELECTION REJECTED received 1 response(s) and 0 exception(s):
2021-11-15 13:26:16,726 [15c58fd6-591f-43e3-aa4f-ac792bae557b@group-CA48594C04EC-LeaderElection15] INFO  impl.LeaderElection (LeaderElection.java:logAndReturn(93)) -   Response 0: 15c58fd6-591f-43e3-aa4f-ac792bae557b<-1b7637b9-df73-4fd2-9553-6cec13ff666d#0:FAIL-t1
2021-11-15 13:26:16,726 [15c58fd6-591f-43e3-aa4f-ac792bae557b@group-CA48594C04EC-LeaderElection15] INFO  impl.LeaderElection (LeaderElection.java:askForVotes(308)) - 15c58fd6-591f-43e3-aa4f-ac792bae557b@group-CA48594C04EC-LeaderElection15 ELECTION round 0: result REJECTED
2021-11-15 13:26:16,726 [15c58fd6-591f-43e3-aa4f-ac792bae557b@group-CA48594C04EC-LeaderElection15] INFO  server.RaftServer$Division (RaftServerImpl.java:setRole(290)) - 15c58fd6-591f-43e3-aa4f-ac792bae557b@group-CA48594C04EC: changes role from CANDIDATE to FOLLOWER at term 1 for REJECTED
2021-11-15 13:26:16,726 [15c58fd6-591f-43e3-aa4f-ac792bae557b@group-CA48594C04EC-LeaderElection15] INFO  impl.RoleInfo (RoleInfo.java:shutdownLeaderElection(121)) - 15c58fd6-591f-43e3-aa4f-ac792bae557b: shutdown 15c58fd6-591f-43e3-aa4f-ac792bae557b@group-CA48594C04EC-LeaderElection15
2021-11-15 13:26:16,727 [15c58fd6-591f-43e3-aa4f-ac792bae557b@group-CA48594C04EC-LeaderElection15] INFO  impl.RoleInfo (RoleInfo.java:updateAndGet(130)) - 15c58fd6-591f-43e3-aa4f-ac792bae557b: start 15c58fd6-591f-43e3-aa4f-ac792bae557b@group-CA48594C04EC-FollowerState
2021-11-15 13:26:16,727 [grpc-default-executor-2] INFO  server.RaftServer$Division (RaftServerImpl.java:requestVote(1078)) - a7a9ee06-acf8-4996-94fe-a30a2f736f46@group-CA48594C04EC replies to ELECTION vote request: 15c58fd6-591f-43e3-aa4f-ac792bae557b<-a7a9ee06-acf8-4996-94fe-a30a2f736f46#0:OK-t1. Peer's state: a7a9ee06-acf8-4996-94fe-a30a2f736f46@group-CA48594C04EC:t1, leader=null, voted=15c58fd6-591f-43e3-aa4f-ac792bae557b, raftlog=a7a9ee06-acf8-4996-94fe-a30a2f736f46@group-CA48594C04EC-SegmentedRaftLog:OPENED:c-1, conf=-1: [a7a9ee06-acf8-4996-94fe-a30a2f736f46|rpc:127.0.0.1:35177|dataStream:|priority:0, 1b7637b9-df73-4fd2-9553-6cec13ff666d|rpc:127.0.0.1:41211|dataStream:|priority:1, 15c58fd6-591f-43e3-aa4f-ac792bae557b|rpc:127.0.0.1:34937|dataStream:|priority:0], old=null
2021-11-15 13:26:16,903 [Datanode State Machine Daemon Thread] ERROR datanode.RunningDatanodeState (RunningDatanodeState.java:computeNextContainerState(199)) - Error in executing end point task.
java.util.concurrent.ExecutionException: java.util.concurrent.TimeoutException
	at java.util.concurrent.FutureTask.report(FutureTask.java:122)
	at java.util.concurrent.FutureTask.get(FutureTask.java:192)
	at org.apache.hadoop.ozone.container.common.states.datanode.RunningDatanodeState.computeNextContainerState(RunningDatanodeState.java:191)
	at org.apache.hadoop.ozone.container.common.states.datanode.RunningDatanodeState.await(RunningDatanodeState.java:231)
	at org.apache.hadoop.ozone.container.common.states.datanode.RunningDatanodeState.await(RunningDatanodeState.java:50)
	at org.apache.hadoop.ozone.container.common.statemachine.StateContext.execute(StateContext.java:633)
	at org.apache.hadoop.ozone.container.common.statemachine.DatanodeStateMachine.start(DatanodeStateMachine.java:280)
	at org.apache.hadoop.ozone.container.common.statemachine.DatanodeStateMachine.lambda$startDaemon$0(DatanodeStateMachine.java:468)
	at java.lang.Thread.run(Thread.java:748)
Caused by: java.util.concurrent.TimeoutException
	at java.util.concurrent.FutureTask.get(FutureTask.java:205)
	at org.apache.hadoop.ozone.container.common.states.datanode.RunningDatanodeState.lambda$execute$0(RunningDatanodeState.java:149)
	at java.util.concurrent.FutureTask.run(FutureTask.java:266)
	at java.util.concurrent.Executors$RunnableAdapter.call(Executors.java:511)
	at java.util.concurrent.FutureTask.run(FutureTask.java:266)
	at java.util.concurrent.ThreadPoolExecutor.runWorker(ThreadPoolExecutor.java:1149)
	at java.util.concurrent.ThreadPoolExecutor$Worker.run(ThreadPoolExecutor.java:624)
	... 1 more
2021-11-15 13:26:16,965 [1b7637b9-df73-4fd2-9553-6cec13ff666d@group-806C4339F8C1-FollowerState] INFO  impl.FollowerState (FollowerState.java:run(134)) - 1b7637b9-df73-4fd2-9553-6cec13ff666d@group-806C4339F8C1-FollowerState: change to CANDIDATE, lastRpcElapsedTime:5038277358ns, electionTimeout:5025ms
2021-11-15 13:26:16,967 [1b7637b9-df73-4fd2-9553-6cec13ff666d@group-806C4339F8C1-FollowerState] INFO  impl.RoleInfo (RoleInfo.java:shutdownFollowerState(108)) - 1b7637b9-df73-4fd2-9553-6cec13ff666d: shutdown 1b7637b9-df73-4fd2-9553-6cec13ff666d@group-806C4339F8C1-FollowerState
2021-11-15 13:26:16,967 [1b7637b9-df73-4fd2-9553-6cec13ff666d@group-806C4339F8C1-FollowerState] INFO  server.RaftServer$Division (RaftServerImpl.java:setRole(290)) - 1b7637b9-df73-4fd2-9553-6cec13ff666d@group-806C4339F8C1: changes role from  FOLLOWER to CANDIDATE at term 0 for changeToCandidate
2021-11-15 13:26:16,968 [1b7637b9-df73-4fd2-9553-6cec13ff666d@group-806C4339F8C1-FollowerState] INFO  server.RaftServerConfigKeys (ConfUtils.java:logGet(44)) - raft.server.leaderelection.pre-vote = false (custom)
2021-11-15 13:26:16,968 [1b7637b9-df73-4fd2-9553-6cec13ff666d@group-806C4339F8C1-FollowerState] INFO  impl.RoleInfo (RoleInfo.java:updateAndGet(130)) - 1b7637b9-df73-4fd2-9553-6cec13ff666d: start 1b7637b9-df73-4fd2-9553-6cec13ff666d@group-806C4339F8C1-LeaderElection16
2021-11-15 13:26:16,982 [1b7637b9-df73-4fd2-9553-6cec13ff666d@group-806C4339F8C1-LeaderElection16] INFO  impl.LeaderElection (LeaderElection.java:askForVotes(306)) - 1b7637b9-df73-4fd2-9553-6cec13ff666d@group-806C4339F8C1-LeaderElection16 ELECTION round 0: submit vote requests at term 1 for -1: [1b7637b9-df73-4fd2-9553-6cec13ff666d|rpc:127.0.0.1:41211|priority:1], old=null
2021-11-15 13:26:16,982 [1b7637b9-df73-4fd2-9553-6cec13ff666d@group-806C4339F8C1-LeaderElection16] INFO  impl.LeaderElection (LeaderElection.java:askForVotes(308)) - 1b7637b9-df73-4fd2-9553-6cec13ff666d@group-806C4339F8C1-LeaderElection16 ELECTION round 0: result PASSED (term=1)
2021-11-15 13:26:16,982 [1b7637b9-df73-4fd2-9553-6cec13ff666d@group-806C4339F8C1-LeaderElection16] INFO  impl.RoleInfo (RoleInfo.java:shutdownLeaderElection(121)) - 1b7637b9-df73-4fd2-9553-6cec13ff666d: shutdown 1b7637b9-df73-4fd2-9553-6cec13ff666d@group-806C4339F8C1-LeaderElection16
2021-11-15 13:26:16,983 [1b7637b9-df73-4fd2-9553-6cec13ff666d@group-806C4339F8C1-LeaderElection16] INFO  server.RaftServer$Division (RaftServerImpl.java:setRole(290)) - 1b7637b9-df73-4fd2-9553-6cec13ff666d@group-806C4339F8C1: changes role from CANDIDATE to LEADER at term 1 for changeToLeader
2021-11-15 13:26:16,983 [1b7637b9-df73-4fd2-9553-6cec13ff666d@group-806C4339F8C1-LeaderElection16] INFO  ratis.XceiverServerRatis (XceiverServerRatis.java:handleLeaderChangedNotification(866)) - Leader change notification received for group: group-806C4339F8C1 with new leaderId: 1b7637b9-df73-4fd2-9553-6cec13ff666d
2021-11-15 13:26:16,983 [1b7637b9-df73-4fd2-9553-6cec13ff666d@group-806C4339F8C1-LeaderElection16] INFO  server.RaftServer$Division (ServerState.java:setLeader(285)) - 1b7637b9-df73-4fd2-9553-6cec13ff666d@group-806C4339F8C1: change Leader from null to 1b7637b9-df73-4fd2-9553-6cec13ff666d at term 1 for becomeLeader, leader elected after 5087ms
2021-11-15 13:26:16,983 [1b7637b9-df73-4fd2-9553-6cec13ff666d@group-806C4339F8C1-LeaderElection16] INFO  server.RaftServerConfigKeys (ConfUtils.java:logGet(44)) - raft.server.staging.catchup.gap = 1000 (default)
2021-11-15 13:26:16,983 [1b7637b9-df73-4fd2-9553-6cec13ff666d@group-806C4339F8C1-LeaderElection16] INFO  server.RaftServerConfigKeys (ConfUtils.java:logGet(44)) - raft.server.write.element-limit = 1024 (custom)
2021-11-15 13:26:16,983 [1b7637b9-df73-4fd2-9553-6cec13ff666d@group-806C4339F8C1-LeaderElection16] INFO  server.RaftServerConfigKeys (ConfUtils.java:logGet(44)) - raft.server.write.byte-limit = 1024 M (=1073741824) (custom)
2021-11-15 13:26:16,983 [1b7637b9-df73-4fd2-9553-6cec13ff666d@group-806C4339F8C1-LeaderElection16] INFO  server.RaftServerConfigKeys (ConfUtils.java:logGet(44)) - raft.server.watch.timeout = 180s (custom)
2021-11-15 13:26:16,983 [1b7637b9-df73-4fd2-9553-6cec13ff666d@group-806C4339F8C1-LeaderElection16] INFO  server.RaftServerConfigKeys (ConfUtils.java:logGet(44)) - raft.server.watch.timeout.denomination = 1s (default)
2021-11-15 13:26:16,983 [1b7637b9-df73-4fd2-9553-6cec13ff666d@group-806C4339F8C1-LeaderElection16] INFO  server.RaftServerConfigKeys (ConfUtils.java:logGet(44)) - raft.server.watch.element-limit = 65536 (default)
2021-11-15 13:26:16,984 [1b7637b9-df73-4fd2-9553-6cec13ff666d@group-806C4339F8C1-LeaderElection16] INFO  server.RaftServerConfigKeys (ConfUtils.java:logGet(44)) - raft.server.write.element-limit = 1024 (custom)
2021-11-15 13:26:16,984 [1b7637b9-df73-4fd2-9553-6cec13ff666d@group-806C4339F8C1-LeaderElection16] INFO  server.RaftServerConfigKeys (ConfUtils.java:logGet(44)) - raft.server.write.follower.gap.ratio.max = -1.0 (default)
2021-11-15 13:26:16,984 [1b7637b9-df73-4fd2-9553-6cec13ff666d@group-806C4339F8C1-LeaderElection16] INFO  impl.RoleInfo (RoleInfo.java:updateAndGet(130)) - 1b7637b9-df73-4fd2-9553-6cec13ff666d: start 1b7637b9-df73-4fd2-9553-6cec13ff666d@group-806C4339F8C1-LeaderStateImpl
2021-11-15 13:26:16,984 [1b7637b9-df73-4fd2-9553-6cec13ff666d@group-806C4339F8C1-LeaderElection16] INFO  segmented.SegmentedRaftLogWorker (SegmentedRaftLogWorker.java:startLogSegment(394)) - 1b7637b9-df73-4fd2-9553-6cec13ff666d@group-806C4339F8C1-SegmentedRaftLogWorker: Starting segment from index:0
2021-11-15 13:26:16,985 [1b7637b9-df73-4fd2-9553-6cec13ff666d@group-806C4339F8C1-SegmentedRaftLogWorker] INFO  segmented.SegmentedRaftLogWorker (SegmentedRaftLogWorker.java:execute(601)) - 1b7637b9-df73-4fd2-9553-6cec13ff666d@group-806C4339F8C1-SegmentedRaftLogWorker: created new log segment /home/runner/work/ozone/ozone/hadoop-ozone/integration-test/target/test-dir/MiniOzoneClusterImpl-54fbe6a2-d836-4e9c-ac0d-22c475060fab/datanode-1/data/ratis/becc6797-61c3-458a-a053-806c4339f8c1/current/log_inprogress_0
2021-11-15 13:26:16,987 [EventQueue-OpenPipelineForHealthyPipelineSafeModeRule] INFO  safemode.SCMSafeModeManager (HealthyPipelineSafeModeRule.java:process(124)) - SCM in safe mode. Healthy pipelines reported count is 0, required healthy pipeline reported count is 1
2021-11-15 13:26:16,988 [EventQueue-OpenPipelineForHealthyPipelineSafeModeRule] INFO  safemode.SCMSafeModeManager (HealthyPipelineSafeModeRule.java:process(124)) - SCM in safe mode. Healthy pipelines reported count is 0, required healthy pipeline reported count is 1
2021-11-15 13:26:16,999 [1b7637b9-df73-4fd2-9553-6cec13ff666d@group-806C4339F8C1-LeaderElection16] INFO  server.RaftServer$Division (ServerState.java:setRaftConf(387)) - 1b7637b9-df73-4fd2-9553-6cec13ff666d@group-806C4339F8C1: set configuration 0: [1b7637b9-df73-4fd2-9553-6cec13ff666d|rpc:127.0.0.1:41211|dataStream:|priority:1], old=null
2021-11-15 13:26:17,361 [Listener at 127.0.0.1/13216] INFO  ozone.MiniOzoneClusterImpl (MiniOzoneClusterImpl.java:lambda$waitForClusterToBeReady$0(235)) - Nodes are ready. Got 3 of 3 DN Heartbeats.
2021-11-15 13:26:17,362 [Listener at 127.0.0.1/13216] INFO  ozone.MiniOzoneClusterImpl (MiniOzoneClusterImpl.java:lambda$waitForClusterToBeReady$0(238)) - Waiting for cluster to exit safe mode
2021-11-15 13:26:17,362 [Listener at 127.0.0.1/13216] INFO  ozone.MiniOzoneClusterImpl (MiniOzoneClusterImpl.java:lambda$waitForClusterToBeReady$0(240)) - SCM became leader
2021-11-15 13:26:17,396 [EndpointStateMachine task thread for /127.0.0.1:14733 - 0 ] INFO  ipc.Client (Client.java:handleConnectionFailure(977)) - Retrying connect to server: localhost/127.0.0.1:14733. Already tried 4 time(s); retry policy is RetryUpToMaximumCountWithFixedSleep(maxRetries=15, sleepTime=1000 MILLISECONDS)
2021-11-15 13:26:17,396 [EndpointStateMachine task thread for /127.0.0.1:14723 - 0 ] INFO  ipc.Client (Client.java:handleConnectionFailure(977)) - Retrying connect to server: localhost/127.0.0.1:14723. Already tried 4 time(s); retry policy is RetryUpToMaximumCountWithFixedSleep(maxRetries=15, sleepTime=1000 MILLISECONDS)
2021-11-15 13:26:17,397 [EndpointStateMachine task thread for /127.0.0.1:14713 - 0 ] INFO  ipc.Client (Client.java:handleConnectionFailure(977)) - Retrying connect to server: localhost/127.0.0.1:14713. Already tried 4 time(s); retry policy is RetryUpToMaximumCountWithFixedSleep(maxRetries=15, sleepTime=1000 MILLISECONDS)
2021-11-15 13:26:17,441 [Datanode State Machine Daemon Thread] ERROR datanode.RunningDatanodeState (RunningDatanodeState.java:computeNextContainerState(199)) - Error in executing end point task.
java.util.concurrent.ExecutionException: java.util.concurrent.TimeoutException
	at java.util.concurrent.FutureTask.report(FutureTask.java:122)
	at java.util.concurrent.FutureTask.get(FutureTask.java:192)
	at org.apache.hadoop.ozone.container.common.states.datanode.RunningDatanodeState.computeNextContainerState(RunningDatanodeState.java:191)
	at org.apache.hadoop.ozone.container.common.states.datanode.RunningDatanodeState.await(RunningDatanodeState.java:231)
	at org.apache.hadoop.ozone.container.common.states.datanode.RunningDatanodeState.await(RunningDatanodeState.java:50)
	at org.apache.hadoop.ozone.container.common.statemachine.StateContext.execute(StateContext.java:633)
	at org.apache.hadoop.ozone.container.common.statemachine.DatanodeStateMachine.start(DatanodeStateMachine.java:280)
	at org.apache.hadoop.ozone.container.common.statemachine.DatanodeStateMachine.lambda$startDaemon$0(DatanodeStateMachine.java:468)
	at java.lang.Thread.run(Thread.java:748)
Caused by: java.util.concurrent.TimeoutException
	at java.util.concurrent.FutureTask.get(FutureTask.java:205)
	at org.apache.hadoop.ozone.container.common.states.datanode.RunningDatanodeState.lambda$execute$0(RunningDatanodeState.java:149)
	at java.util.concurrent.FutureTask.run(FutureTask.java:266)
	at java.util.concurrent.Executors$RunnableAdapter.call(Executors.java:511)
	at java.util.concurrent.FutureTask.run(FutureTask.java:266)
	at java.util.concurrent.ThreadPoolExecutor.runWorker(ThreadPoolExecutor.java:1149)
	at java.util.concurrent.ThreadPoolExecutor$Worker.run(ThreadPoolExecutor.java:624)
	... 1 more
2021-11-15 13:26:17,530 [Datanode State Machine Daemon Thread] ERROR datanode.RunningDatanodeState (RunningDatanodeState.java:computeNextContainerState(199)) - Error in executing end point task.
java.util.concurrent.ExecutionException: java.util.concurrent.TimeoutException
	at java.util.concurrent.FutureTask.report(FutureTask.java:122)
	at java.util.concurrent.FutureTask.get(FutureTask.java:192)
	at org.apache.hadoop.ozone.container.common.states.datanode.RunningDatanodeState.computeNextContainerState(RunningDatanodeState.java:191)
	at org.apache.hadoop.ozone.container.common.states.datanode.RunningDatanodeState.await(RunningDatanodeState.java:231)
	at org.apache.hadoop.ozone.container.common.states.datanode.RunningDatanodeState.await(RunningDatanodeState.java:50)
	at org.apache.hadoop.ozone.container.common.statemachine.StateContext.execute(StateContext.java:633)
	at org.apache.hadoop.ozone.container.common.statemachine.DatanodeStateMachine.start(DatanodeStateMachine.java:280)
	at org.apache.hadoop.ozone.container.common.statemachine.DatanodeStateMachine.lambda$startDaemon$0(DatanodeStateMachine.java:468)
	at java.lang.Thread.run(Thread.java:748)
Caused by: java.util.concurrent.TimeoutException
	at java.util.concurrent.FutureTask.get(FutureTask.java:205)
	at org.apache.hadoop.ozone.container.common.states.datanode.RunningDatanodeState.lambda$execute$0(RunningDatanodeState.java:149)
	at java.util.concurrent.FutureTask.run(FutureTask.java:266)
	at java.util.concurrent.Executors$RunnableAdapter.call(Executors.java:511)
	at java.util.concurrent.FutureTask.run(FutureTask.java:266)
	at java.util.concurrent.ThreadPoolExecutor.runWorker(ThreadPoolExecutor.java:1149)
	at java.util.concurrent.ThreadPoolExecutor$Worker.run(ThreadPoolExecutor.java:624)
	... 1 more
2021-11-15 13:26:17,582 [a7a9ee06-acf8-4996-94fe-a30a2f736f46@group-6D10605DE37B-FollowerState] INFO  impl.FollowerState (FollowerState.java:run(134)) - a7a9ee06-acf8-4996-94fe-a30a2f736f46@group-6D10605DE37B-FollowerState: change to CANDIDATE, lastRpcElapsedTime:5137319777ns, electionTimeout:5129ms
2021-11-15 13:26:17,582 [a7a9ee06-acf8-4996-94fe-a30a2f736f46@group-6D10605DE37B-FollowerState] INFO  impl.RoleInfo (RoleInfo.java:shutdownFollowerState(108)) - a7a9ee06-acf8-4996-94fe-a30a2f736f46: shutdown a7a9ee06-acf8-4996-94fe-a30a2f736f46@group-6D10605DE37B-FollowerState
2021-11-15 13:26:17,582 [a7a9ee06-acf8-4996-94fe-a30a2f736f46@group-6D10605DE37B-FollowerState] INFO  server.RaftServer$Division (RaftServerImpl.java:setRole(290)) - a7a9ee06-acf8-4996-94fe-a30a2f736f46@group-6D10605DE37B: changes role from  FOLLOWER to CANDIDATE at term 0 for changeToCandidate
2021-11-15 13:26:17,583 [a7a9ee06-acf8-4996-94fe-a30a2f736f46@group-6D10605DE37B-FollowerState] INFO  server.RaftServerConfigKeys (ConfUtils.java:logGet(44)) - raft.server.leaderelection.pre-vote = false (custom)
2021-11-15 13:26:17,583 [a7a9ee06-acf8-4996-94fe-a30a2f736f46@group-6D10605DE37B-FollowerState] INFO  impl.RoleInfo (RoleInfo.java:updateAndGet(130)) - a7a9ee06-acf8-4996-94fe-a30a2f736f46: start a7a9ee06-acf8-4996-94fe-a30a2f736f46@group-6D10605DE37B-LeaderElection17
2021-11-15 13:26:17,597 [a7a9ee06-acf8-4996-94fe-a30a2f736f46@group-6D10605DE37B-LeaderElection17] INFO  impl.LeaderElection (LeaderElection.java:askForVotes(306)) - a7a9ee06-acf8-4996-94fe-a30a2f736f46@group-6D10605DE37B-LeaderElection17 ELECTION round 0: submit vote requests at term 1 for -1: [a7a9ee06-acf8-4996-94fe-a30a2f736f46|rpc:127.0.0.1:35177|priority:1], old=null
2021-11-15 13:26:17,597 [a7a9ee06-acf8-4996-94fe-a30a2f736f46@group-6D10605DE37B-LeaderElection17] INFO  impl.LeaderElection (LeaderElection.java:askForVotes(308)) - a7a9ee06-acf8-4996-94fe-a30a2f736f46@group-6D10605DE37B-LeaderElection17 ELECTION round 0: result PASSED (term=1)
2021-11-15 13:26:17,597 [a7a9ee06-acf8-4996-94fe-a30a2f736f46@group-6D10605DE37B-LeaderElection17] INFO  impl.RoleInfo (RoleInfo.java:shutdownLeaderElection(121)) - a7a9ee06-acf8-4996-94fe-a30a2f736f46: shutdown a7a9ee06-acf8-4996-94fe-a30a2f736f46@group-6D10605DE37B-LeaderElection17
2021-11-15 13:26:17,597 [a7a9ee06-acf8-4996-94fe-a30a2f736f46@group-6D10605DE37B-LeaderElection17] INFO  server.RaftServer$Division (RaftServerImpl.java:setRole(290)) - a7a9ee06-acf8-4996-94fe-a30a2f736f46@group-6D10605DE37B: changes role from CANDIDATE to LEADER at term 1 for changeToLeader
2021-11-15 13:26:17,597 [a7a9ee06-acf8-4996-94fe-a30a2f736f46@group-6D10605DE37B-LeaderElection17] INFO  ratis.XceiverServerRatis (XceiverServerRatis.java:handleLeaderChangedNotification(866)) - Leader change notification received for group: group-6D10605DE37B with new leaderId: a7a9ee06-acf8-4996-94fe-a30a2f736f46
2021-11-15 13:26:17,597 [a7a9ee06-acf8-4996-94fe-a30a2f736f46@group-6D10605DE37B-LeaderElection17] INFO  server.RaftServer$Division (ServerState.java:setLeader(285)) - a7a9ee06-acf8-4996-94fe-a30a2f736f46@group-6D10605DE37B: change Leader from null to a7a9ee06-acf8-4996-94fe-a30a2f736f46 at term 1 for becomeLeader, leader elected after 5165ms
2021-11-15 13:26:17,597 [a7a9ee06-acf8-4996-94fe-a30a2f736f46@group-6D10605DE37B-LeaderElection17] INFO  server.RaftServerConfigKeys (ConfUtils.java:logGet(44)) - raft.server.staging.catchup.gap = 1000 (default)
2021-11-15 13:26:17,597 [a7a9ee06-acf8-4996-94fe-a30a2f736f46@group-6D10605DE37B-LeaderElection17] INFO  server.RaftServerConfigKeys (ConfUtils.java:logGet(44)) - raft.server.write.element-limit = 1024 (custom)
2021-11-15 13:26:17,598 [a7a9ee06-acf8-4996-94fe-a30a2f736f46@group-6D10605DE37B-LeaderElection17] INFO  server.RaftServerConfigKeys (ConfUtils.java:logGet(44)) - raft.server.write.byte-limit = 1024 M (=1073741824) (custom)
2021-11-15 13:26:17,598 [a7a9ee06-acf8-4996-94fe-a30a2f736f46@group-6D10605DE37B-LeaderElection17] INFO  server.RaftServerConfigKeys (ConfUtils.java:logGet(44)) - raft.server.watch.timeout = 180s (custom)
2021-11-15 13:26:17,598 [a7a9ee06-acf8-4996-94fe-a30a2f736f46@group-6D10605DE37B-LeaderElection17] INFO  server.RaftServerConfigKeys (ConfUtils.java:logGet(44)) - raft.server.watch.timeout.denomination = 1s (default)
2021-11-15 13:26:17,598 [a7a9ee06-acf8-4996-94fe-a30a2f736f46@group-6D10605DE37B-LeaderElection17] INFO  server.RaftServerConfigKeys (ConfUtils.java:logGet(44)) - raft.server.watch.element-limit = 65536 (default)
2021-11-15 13:26:17,598 [a7a9ee06-acf8-4996-94fe-a30a2f736f46@group-6D10605DE37B-LeaderElection17] INFO  server.RaftServerConfigKeys (ConfUtils.java:logGet(44)) - raft.server.write.element-limit = 1024 (custom)
2021-11-15 13:26:17,598 [a7a9ee06-acf8-4996-94fe-a30a2f736f46@group-6D10605DE37B-LeaderElection17] INFO  server.RaftServerConfigKeys (ConfUtils.java:logGet(44)) - raft.server.write.follower.gap.ratio.max = -1.0 (default)
2021-11-15 13:26:17,598 [a7a9ee06-acf8-4996-94fe-a30a2f736f46@group-6D10605DE37B-LeaderElection17] INFO  impl.RoleInfo (RoleInfo.java:updateAndGet(130)) - a7a9ee06-acf8-4996-94fe-a30a2f736f46: start a7a9ee06-acf8-4996-94fe-a30a2f736f46@group-6D10605DE37B-LeaderStateImpl
2021-11-15 13:26:17,598 [EventQueue-OpenPipelineForHealthyPipelineSafeModeRule] INFO  safemode.SCMSafeModeManager (HealthyPipelineSafeModeRule.java:process(124)) - SCM in safe mode. Healthy pipelines reported count is 0, required healthy pipeline reported count is 1
2021-11-15 13:26:17,599 [a7a9ee06-acf8-4996-94fe-a30a2f736f46@group-6D10605DE37B-LeaderElection17] INFO  segmented.SegmentedRaftLogWorker (SegmentedRaftLogWorker.java:startLogSegment(394)) - a7a9ee06-acf8-4996-94fe-a30a2f736f46@group-6D10605DE37B-SegmentedRaftLogWorker: Starting segment from index:0
2021-11-15 13:26:17,600 [EventQueue-OpenPipelineForHealthyPipelineSafeModeRule] INFO  safemode.SCMSafeModeManager (HealthyPipelineSafeModeRule.java:process(124)) - SCM in safe mode. Healthy pipelines reported count is 0, required healthy pipeline reported count is 1
2021-11-15 13:26:17,605 [a7a9ee06-acf8-4996-94fe-a30a2f736f46@group-6D10605DE37B-SegmentedRaftLogWorker] INFO  segmented.SegmentedRaftLogWorker (SegmentedRaftLogWorker.java:execute(601)) - a7a9ee06-acf8-4996-94fe-a30a2f736f46@group-6D10605DE37B-SegmentedRaftLogWorker: created new log segment /home/runner/work/ozone/ozone/hadoop-ozone/integration-test/target/test-dir/MiniOzoneClusterImpl-54fbe6a2-d836-4e9c-ac0d-22c475060fab/datanode-2/data/ratis/6a691ce7-a060-4b58-aeca-6d10605de37b/current/log_inprogress_0
2021-11-15 13:26:17,614 [a7a9ee06-acf8-4996-94fe-a30a2f736f46@group-6D10605DE37B-LeaderElection17] INFO  server.RaftServer$Division (ServerState.java:setRaftConf(387)) - a7a9ee06-acf8-4996-94fe-a30a2f736f46@group-6D10605DE37B: set configuration 0: [a7a9ee06-acf8-4996-94fe-a30a2f736f46|rpc:127.0.0.1:35177|dataStream:|priority:1], old=null
2021-11-15 13:26:18,362 [Listener at 127.0.0.1/13216] INFO  ozone.MiniOzoneClusterImpl (MiniOzoneClusterImpl.java:lambda$waitForClusterToBeReady$0(235)) - Nodes are ready. Got 3 of 3 DN Heartbeats.
2021-11-15 13:26:18,362 [Listener at 127.0.0.1/13216] INFO  ozone.MiniOzoneClusterImpl (MiniOzoneClusterImpl.java:lambda$waitForClusterToBeReady$0(238)) - Waiting for cluster to exit safe mode
2021-11-15 13:26:18,362 [Listener at 127.0.0.1/13216] INFO  ozone.MiniOzoneClusterImpl (MiniOzoneClusterImpl.java:lambda$waitForClusterToBeReady$0(240)) - SCM became leader
2021-11-15 13:26:18,396 [EndpointStateMachine task thread for /127.0.0.1:14733 - 0 ] INFO  ipc.Client (Client.java:handleConnectionFailure(977)) - Retrying connect to server: localhost/127.0.0.1:14733. Already tried 5 time(s); retry policy is RetryUpToMaximumCountWithFixedSleep(maxRetries=15, sleepTime=1000 MILLISECONDS)
2021-11-15 13:26:18,396 [EndpointStateMachine task thread for /127.0.0.1:14723 - 0 ] INFO  ipc.Client (Client.java:handleConnectionFailure(977)) - Retrying connect to server: localhost/127.0.0.1:14723. Already tried 5 time(s); retry policy is RetryUpToMaximumCountWithFixedSleep(maxRetries=15, sleepTime=1000 MILLISECONDS)
2021-11-15 13:26:18,398 [EndpointStateMachine task thread for /127.0.0.1:14713 - 0 ] INFO  ipc.Client (Client.java:handleConnectionFailure(977)) - Retrying connect to server: localhost/127.0.0.1:14713. Already tried 5 time(s); retry policy is RetryUpToMaximumCountWithFixedSleep(maxRetries=15, sleepTime=1000 MILLISECONDS)
2021-11-15 13:26:19,362 [Listener at 127.0.0.1/13216] INFO  ozone.MiniOzoneClusterImpl (MiniOzoneClusterImpl.java:lambda$waitForClusterToBeReady$0(235)) - Nodes are ready. Got 3 of 3 DN Heartbeats.
2021-11-15 13:26:19,363 [Listener at 127.0.0.1/13216] INFO  ozone.MiniOzoneClusterImpl (MiniOzoneClusterImpl.java:lambda$waitForClusterToBeReady$0(238)) - Waiting for cluster to exit safe mode
2021-11-15 13:26:19,363 [Listener at 127.0.0.1/13216] INFO  ozone.MiniOzoneClusterImpl (MiniOzoneClusterImpl.java:lambda$waitForClusterToBeReady$0(240)) - SCM became leader
2021-11-15 13:26:19,397 [EndpointStateMachine task thread for /127.0.0.1:14733 - 0 ] INFO  ipc.Client (Client.java:handleConnectionFailure(977)) - Retrying connect to server: localhost/127.0.0.1:14733. Already tried 6 time(s); retry policy is RetryUpToMaximumCountWithFixedSleep(maxRetries=15, sleepTime=1000 MILLISECONDS)
2021-11-15 13:26:19,397 [EndpointStateMachine task thread for /127.0.0.1:14723 - 0 ] INFO  ipc.Client (Client.java:handleConnectionFailure(977)) - Retrying connect to server: localhost/127.0.0.1:14723. Already tried 6 time(s); retry policy is RetryUpToMaximumCountWithFixedSleep(maxRetries=15, sleepTime=1000 MILLISECONDS)
2021-11-15 13:26:19,398 [EndpointStateMachine task thread for /127.0.0.1:14713 - 0 ] INFO  ipc.Client (Client.java:handleConnectionFailure(977)) - Retrying connect to server: localhost/127.0.0.1:14713. Already tried 6 time(s); retry policy is RetryUpToMaximumCountWithFixedSleep(maxRetries=15, sleepTime=1000 MILLISECONDS)
2021-11-15 13:26:19,531 [Datanode State Machine Daemon Thread] ERROR datanode.RunningDatanodeState (RunningDatanodeState.java:computeNextContainerState(199)) - Error in executing end point task.
java.util.concurrent.ExecutionException: java.util.concurrent.TimeoutException
	at java.util.concurrent.FutureTask.report(FutureTask.java:122)
	at java.util.concurrent.FutureTask.get(FutureTask.java:192)
	at org.apache.hadoop.ozone.container.common.states.datanode.RunningDatanodeState.computeNextContainerState(RunningDatanodeState.java:191)
	at org.apache.hadoop.ozone.container.common.states.datanode.RunningDatanodeState.await(RunningDatanodeState.java:231)
	at org.apache.hadoop.ozone.container.common.states.datanode.RunningDatanodeState.await(RunningDatanodeState.java:50)
	at org.apache.hadoop.ozone.container.common.statemachine.StateContext.execute(StateContext.java:633)
	at org.apache.hadoop.ozone.container.common.statemachine.DatanodeStateMachine.start(DatanodeStateMachine.java:280)
	at org.apache.hadoop.ozone.container.common.statemachine.DatanodeStateMachine.lambda$startDaemon$0(DatanodeStateMachine.java:468)
	at java.lang.Thread.run(Thread.java:748)
Caused by: java.util.concurrent.TimeoutException
	at java.util.concurrent.FutureTask.get(FutureTask.java:205)
	at org.apache.hadoop.ozone.container.common.states.datanode.RunningDatanodeState.lambda$execute$0(RunningDatanodeState.java:149)
	at java.util.concurrent.FutureTask.run(FutureTask.java:266)
	at java.util.concurrent.Executors$RunnableAdapter.call(Executors.java:511)
	at java.util.concurrent.FutureTask.run(FutureTask.java:266)
	at java.util.concurrent.ThreadPoolExecutor.runWorker(ThreadPoolExecutor.java:1149)
	at java.util.concurrent.ThreadPoolExecutor$Worker.run(ThreadPoolExecutor.java:624)
	... 1 more
2021-11-15 13:26:19,597 [Datanode State Machine Daemon Thread] ERROR datanode.RunningDatanodeState (RunningDatanodeState.java:computeNextContainerState(199)) - Error in executing end point task.
java.util.concurrent.ExecutionException: java.util.concurrent.TimeoutException
	at java.util.concurrent.FutureTask.report(FutureTask.java:122)
	at java.util.concurrent.FutureTask.get(FutureTask.java:192)
	at org.apache.hadoop.ozone.container.common.states.datanode.RunningDatanodeState.computeNextContainerState(RunningDatanodeState.java:191)
	at org.apache.hadoop.ozone.container.common.states.datanode.RunningDatanodeState.await(RunningDatanodeState.java:231)
	at org.apache.hadoop.ozone.container.common.states.datanode.RunningDatanodeState.await(RunningDatanodeState.java:50)
	at org.apache.hadoop.ozone.container.common.statemachine.StateContext.execute(StateContext.java:633)
	at org.apache.hadoop.ozone.container.common.statemachine.DatanodeStateMachine.start(DatanodeStateMachine.java:280)
	at org.apache.hadoop.ozone.container.common.statemachine.DatanodeStateMachine.lambda$startDaemon$0(DatanodeStateMachine.java:468)
	at java.lang.Thread.run(Thread.java:748)
Caused by: java.util.concurrent.TimeoutException
	at java.util.concurrent.FutureTask.get(FutureTask.java:205)
	at org.apache.hadoop.ozone.container.common.states.datanode.RunningDatanodeState.lambda$execute$0(RunningDatanodeState.java:149)
	at java.util.concurrent.FutureTask.run(FutureTask.java:266)
	at java.util.concurrent.Executors$RunnableAdapter.call(Executors.java:511)
	at java.util.concurrent.FutureTask.run(FutureTask.java:266)
	at java.util.concurrent.ThreadPoolExecutor.runWorker(ThreadPoolExecutor.java:1149)
	at java.util.concurrent.ThreadPoolExecutor$Worker.run(ThreadPoolExecutor.java:624)
	... 1 more
2021-11-15 13:26:20,363 [Listener at 127.0.0.1/13216] INFO  ozone.MiniOzoneClusterImpl (MiniOzoneClusterImpl.java:lambda$waitForClusterToBeReady$0(235)) - Nodes are ready. Got 3 of 3 DN Heartbeats.
2021-11-15 13:26:20,363 [Listener at 127.0.0.1/13216] INFO  ozone.MiniOzoneClusterImpl (MiniOzoneClusterImpl.java:lambda$waitForClusterToBeReady$0(238)) - Waiting for cluster to exit safe mode
2021-11-15 13:26:20,363 [Listener at 127.0.0.1/13216] INFO  ozone.MiniOzoneClusterImpl (MiniOzoneClusterImpl.java:lambda$waitForClusterToBeReady$0(240)) - SCM became leader
2021-11-15 13:26:20,397 [EndpointStateMachine task thread for /127.0.0.1:14723 - 0 ] INFO  ipc.Client (Client.java:handleConnectionFailure(977)) - Retrying connect to server: localhost/127.0.0.1:14723. Already tried 7 time(s); retry policy is RetryUpToMaximumCountWithFixedSleep(maxRetries=15, sleepTime=1000 MILLISECONDS)
2021-11-15 13:26:20,397 [EndpointStateMachine task thread for /127.0.0.1:14733 - 0 ] INFO  ipc.Client (Client.java:handleConnectionFailure(977)) - Retrying connect to server: localhost/127.0.0.1:14733. Already tried 7 time(s); retry policy is RetryUpToMaximumCountWithFixedSleep(maxRetries=15, sleepTime=1000 MILLISECONDS)
2021-11-15 13:26:20,398 [EndpointStateMachine task thread for /127.0.0.1:14713 - 0 ] INFO  ipc.Client (Client.java:handleConnectionFailure(977)) - Retrying connect to server: localhost/127.0.0.1:14713. Already tried 7 time(s); retry policy is RetryUpToMaximumCountWithFixedSleep(maxRetries=15, sleepTime=1000 MILLISECONDS)
2021-11-15 13:26:20,534 [Datanode State Machine Daemon Thread] ERROR datanode.RunningDatanodeState (RunningDatanodeState.java:computeNextContainerState(199)) - Error in executing end point task.
java.util.concurrent.ExecutionException: java.util.concurrent.TimeoutException
	at java.util.concurrent.FutureTask.report(FutureTask.java:122)
	at java.util.concurrent.FutureTask.get(FutureTask.java:192)
	at org.apache.hadoop.ozone.container.common.states.datanode.RunningDatanodeState.computeNextContainerState(RunningDatanodeState.java:191)
	at org.apache.hadoop.ozone.container.common.states.datanode.RunningDatanodeState.await(RunningDatanodeState.java:231)
	at org.apache.hadoop.ozone.container.common.states.datanode.RunningDatanodeState.await(RunningDatanodeState.java:50)
	at org.apache.hadoop.ozone.container.common.statemachine.StateContext.execute(StateContext.java:633)
	at org.apache.hadoop.ozone.container.common.statemachine.DatanodeStateMachine.start(DatanodeStateMachine.java:280)
	at org.apache.hadoop.ozone.container.common.statemachine.DatanodeStateMachine.lambda$startDaemon$0(DatanodeStateMachine.java:468)
	at java.lang.Thread.run(Thread.java:748)
Caused by: java.util.concurrent.TimeoutException
	at java.util.concurrent.FutureTask.get(FutureTask.java:205)
	at org.apache.hadoop.ozone.container.common.states.datanode.RunningDatanodeState.lambda$execute$0(RunningDatanodeState.java:149)
	at java.util.concurrent.FutureTask.run(FutureTask.java:266)
	at java.util.concurrent.Executors$RunnableAdapter.call(Executors.java:511)
	at java.util.concurrent.FutureTask.run(FutureTask.java:266)
	at java.util.concurrent.ThreadPoolExecutor.runWorker(ThreadPoolExecutor.java:1149)
	at java.util.concurrent.ThreadPoolExecutor$Worker.run(ThreadPoolExecutor.java:624)
	... 1 more
2021-11-15 13:26:20,599 [Datanode State Machine Daemon Thread] ERROR datanode.RunningDatanodeState (RunningDatanodeState.java:computeNextContainerState(199)) - Error in executing end point task.
java.util.concurrent.ExecutionException: java.util.concurrent.TimeoutException
	at java.util.concurrent.FutureTask.report(FutureTask.java:122)
	at java.util.concurrent.FutureTask.get(FutureTask.java:192)
	at org.apache.hadoop.ozone.container.common.states.datanode.RunningDatanodeState.computeNextContainerState(RunningDatanodeState.java:191)
	at org.apache.hadoop.ozone.container.common.states.datanode.RunningDatanodeState.await(RunningDatanodeState.java:231)
	at org.apache.hadoop.ozone.container.common.states.datanode.RunningDatanodeState.await(RunningDatanodeState.java:50)
	at org.apache.hadoop.ozone.container.common.statemachine.StateContext.execute(StateContext.java:633)
	at org.apache.hadoop.ozone.container.common.statemachine.DatanodeStateMachine.start(DatanodeStateMachine.java:280)
	at org.apache.hadoop.ozone.container.common.statemachine.DatanodeStateMachine.lambda$startDaemon$0(DatanodeStateMachine.java:468)
	at java.lang.Thread.run(Thread.java:748)
Caused by: java.util.concurrent.TimeoutException
	at java.util.concurrent.FutureTask.get(FutureTask.java:205)
	at org.apache.hadoop.ozone.container.common.states.datanode.RunningDatanodeState.lambda$execute$0(RunningDatanodeState.java:149)
	at java.util.concurrent.FutureTask.run(FutureTask.java:266)
	at java.util.concurrent.Executors$RunnableAdapter.call(Executors.java:511)
	at java.util.concurrent.FutureTask.run(FutureTask.java:266)
	at java.util.concurrent.ThreadPoolExecutor.runWorker(ThreadPoolExecutor.java:1149)
	at java.util.concurrent.ThreadPoolExecutor$Worker.run(ThreadPoolExecutor.java:624)
	... 1 more
2021-11-15 13:26:20,983 [Datanode State Machine Daemon Thread] ERROR datanode.RunningDatanodeState (RunningDatanodeState.java:computeNextContainerState(199)) - Error in executing end point task.
java.util.concurrent.ExecutionException: java.util.concurrent.TimeoutException
	at java.util.concurrent.FutureTask.report(FutureTask.java:122)
	at java.util.concurrent.FutureTask.get(FutureTask.java:192)
	at org.apache.hadoop.ozone.container.common.states.datanode.RunningDatanodeState.computeNextContainerState(RunningDatanodeState.java:191)
	at org.apache.hadoop.ozone.container.common.states.datanode.RunningDatanodeState.await(RunningDatanodeState.java:231)
	at org.apache.hadoop.ozone.container.common.states.datanode.RunningDatanodeState.await(RunningDatanodeState.java:50)
	at org.apache.hadoop.ozone.container.common.statemachine.StateContext.execute(StateContext.java:633)
	at org.apache.hadoop.ozone.container.common.statemachine.DatanodeStateMachine.start(DatanodeStateMachine.java:280)
	at org.apache.hadoop.ozone.container.common.statemachine.DatanodeStateMachine.lambda$startDaemon$0(DatanodeStateMachine.java:468)
	at java.lang.Thread.run(Thread.java:748)
Caused by: java.util.concurrent.TimeoutException
	at java.util.concurrent.FutureTask.get(FutureTask.java:205)
	at org.apache.hadoop.ozone.container.common.states.datanode.RunningDatanodeState.lambda$execute$0(RunningDatanodeState.java:149)
	at java.util.concurrent.FutureTask.run(FutureTask.java:266)
	at java.util.concurrent.Executors$RunnableAdapter.call(Executors.java:511)
	at java.util.concurrent.FutureTask.run(FutureTask.java:266)
	at java.util.concurrent.ThreadPoolExecutor.runWorker(ThreadPoolExecutor.java:1149)
	at java.util.concurrent.ThreadPoolExecutor$Worker.run(ThreadPoolExecutor.java:624)
	... 1 more
2021-11-15 13:26:21,364 [Listener at 127.0.0.1/13216] INFO  ozone.MiniOzoneClusterImpl (MiniOzoneClusterImpl.java:lambda$waitForClusterToBeReady$0(235)) - Nodes are ready. Got 3 of 3 DN Heartbeats.
2021-11-15 13:26:21,364 [Listener at 127.0.0.1/13216] INFO  ozone.MiniOzoneClusterImpl (MiniOzoneClusterImpl.java:lambda$waitForClusterToBeReady$0(238)) - Waiting for cluster to exit safe mode
2021-11-15 13:26:21,364 [Listener at 127.0.0.1/13216] INFO  ozone.MiniOzoneClusterImpl (MiniOzoneClusterImpl.java:lambda$waitForClusterToBeReady$0(240)) - SCM became leader
2021-11-15 13:26:21,398 [EndpointStateMachine task thread for /127.0.0.1:14723 - 0 ] INFO  ipc.Client (Client.java:handleConnectionFailure(977)) - Retrying connect to server: localhost/127.0.0.1:14723. Already tried 8 time(s); retry policy is RetryUpToMaximumCountWithFixedSleep(maxRetries=15, sleepTime=1000 MILLISECONDS)
2021-11-15 13:26:21,398 [EndpointStateMachine task thread for /127.0.0.1:14733 - 0 ] INFO  ipc.Client (Client.java:handleConnectionFailure(977)) - Retrying connect to server: localhost/127.0.0.1:14733. Already tried 8 time(s); retry policy is RetryUpToMaximumCountWithFixedSleep(maxRetries=15, sleepTime=1000 MILLISECONDS)
2021-11-15 13:26:21,398 [EndpointStateMachine task thread for /127.0.0.1:14713 - 0 ] INFO  ipc.Client (Client.java:handleConnectionFailure(977)) - Retrying connect to server: localhost/127.0.0.1:14713. Already tried 8 time(s); retry policy is RetryUpToMaximumCountWithFixedSleep(maxRetries=15, sleepTime=1000 MILLISECONDS)
2021-11-15 13:26:21,536 [Datanode State Machine Daemon Thread] ERROR datanode.RunningDatanodeState (RunningDatanodeState.java:computeNextContainerState(199)) - Error in executing end point task.
java.util.concurrent.ExecutionException: java.util.concurrent.TimeoutException
	at java.util.concurrent.FutureTask.report(FutureTask.java:122)
	at java.util.concurrent.FutureTask.get(FutureTask.java:192)
	at org.apache.hadoop.ozone.container.common.states.datanode.RunningDatanodeState.computeNextContainerState(RunningDatanodeState.java:191)
	at org.apache.hadoop.ozone.container.common.states.datanode.RunningDatanodeState.await(RunningDatanodeState.java:231)
	at org.apache.hadoop.ozone.container.common.states.datanode.RunningDatanodeState.await(RunningDatanodeState.java:50)
	at org.apache.hadoop.ozone.container.common.statemachine.StateContext.execute(StateContext.java:633)
	at org.apache.hadoop.ozone.container.common.statemachine.DatanodeStateMachine.start(DatanodeStateMachine.java:280)
	at org.apache.hadoop.ozone.container.common.statemachine.DatanodeStateMachine.lambda$startDaemon$0(DatanodeStateMachine.java:468)
	at java.lang.Thread.run(Thread.java:748)
Caused by: java.util.concurrent.TimeoutException
	at java.util.concurrent.FutureTask.get(FutureTask.java:205)
	at org.apache.hadoop.ozone.container.common.states.datanode.RunningDatanodeState.lambda$execute$0(RunningDatanodeState.java:149)
	at java.util.concurrent.FutureTask.run(FutureTask.java:266)
	at java.util.concurrent.Executors$RunnableAdapter.call(Executors.java:511)
	at java.util.concurrent.FutureTask.run(FutureTask.java:266)
	at java.util.concurrent.ThreadPoolExecutor.runWorker(ThreadPoolExecutor.java:1149)
	at java.util.concurrent.ThreadPoolExecutor$Worker.run(ThreadPoolExecutor.java:624)
	... 1 more
2021-11-15 13:26:21,573 [15c58fd6-591f-43e3-aa4f-ac792bae557b@group-D7B3E088EE4D-FollowerState] INFO  impl.FollowerState (FollowerState.java:run(134)) - 15c58fd6-591f-43e3-aa4f-ac792bae557b@group-D7B3E088EE4D-FollowerState: change to CANDIDATE, lastRpcElapsedTime:5035821335ns, electionTimeout:5025ms
2021-11-15 13:26:21,573 [15c58fd6-591f-43e3-aa4f-ac792bae557b@group-D7B3E088EE4D-FollowerState] INFO  impl.RoleInfo (RoleInfo.java:shutdownFollowerState(108)) - 15c58fd6-591f-43e3-aa4f-ac792bae557b: shutdown 15c58fd6-591f-43e3-aa4f-ac792bae557b@group-D7B3E088EE4D-FollowerState
2021-11-15 13:26:21,573 [15c58fd6-591f-43e3-aa4f-ac792bae557b@group-D7B3E088EE4D-FollowerState] INFO  server.RaftServer$Division (RaftServerImpl.java:setRole(290)) - 15c58fd6-591f-43e3-aa4f-ac792bae557b@group-D7B3E088EE4D: changes role from  FOLLOWER to CANDIDATE at term 1 for changeToCandidate
2021-11-15 13:26:21,573 [15c58fd6-591f-43e3-aa4f-ac792bae557b@group-D7B3E088EE4D-FollowerState] INFO  server.RaftServerConfigKeys (ConfUtils.java:logGet(44)) - raft.server.leaderelection.pre-vote = false (custom)
2021-11-15 13:26:21,573 [15c58fd6-591f-43e3-aa4f-ac792bae557b@group-D7B3E088EE4D-FollowerState] INFO  impl.RoleInfo (RoleInfo.java:updateAndGet(130)) - 15c58fd6-591f-43e3-aa4f-ac792bae557b: start 15c58fd6-591f-43e3-aa4f-ac792bae557b@group-D7B3E088EE4D-LeaderElection18
2021-11-15 13:26:21,593 [15c58fd6-591f-43e3-aa4f-ac792bae557b@group-D7B3E088EE4D-LeaderElection18] INFO  impl.LeaderElection (LeaderElection.java:askForVotes(306)) - 15c58fd6-591f-43e3-aa4f-ac792bae557b@group-D7B3E088EE4D-LeaderElection18 ELECTION round 0: submit vote requests at term 2 for -1: [a7a9ee06-acf8-4996-94fe-a30a2f736f46|rpc:127.0.0.1:35177|priority:1, 1b7637b9-df73-4fd2-9553-6cec13ff666d|rpc:127.0.0.1:41211|priority:0, 15c58fd6-591f-43e3-aa4f-ac792bae557b|rpc:127.0.0.1:34937|priority:0], old=null
2021-11-15 13:26:21,615 [grpc-default-executor-2] INFO  server.RaftServer$Division (RaftServerImpl.java:requestVote(1046)) - a7a9ee06-acf8-4996-94fe-a30a2f736f46@group-D7B3E088EE4D: receive requestVote(ELECTION, 15c58fd6-591f-43e3-aa4f-ac792bae557b, group-D7B3E088EE4D, 2, (t:0, i:0))
2021-11-15 13:26:21,616 [grpc-default-executor-2] INFO  impl.VoteContext (VoteContext.java:log(48)) - a7a9ee06-acf8-4996-94fe-a30a2f736f46@group-D7B3E088EE4D-FOLLOWER: reject ELECTION from 15c58fd6-591f-43e3-aa4f-ac792bae557b: our priority 1 > candidate's priority 0
2021-11-15 13:26:21,616 [grpc-default-executor-2] INFO  server.RaftServer$Division (RaftServerImpl.java:setRole(290)) - a7a9ee06-acf8-4996-94fe-a30a2f736f46@group-D7B3E088EE4D: changes role from  FOLLOWER to FOLLOWER at term 2 for candidate:15c58fd6-591f-43e3-aa4f-ac792bae557b
2021-11-15 13:26:21,616 [grpc-default-executor-2] INFO  impl.RoleInfo (RoleInfo.java:shutdownFollowerState(108)) - a7a9ee06-acf8-4996-94fe-a30a2f736f46: shutdown a7a9ee06-acf8-4996-94fe-a30a2f736f46@group-D7B3E088EE4D-FollowerState
2021-11-15 13:26:21,616 [a7a9ee06-acf8-4996-94fe-a30a2f736f46@group-D7B3E088EE4D-FollowerState] INFO  impl.FollowerState (FollowerState.java:run(143)) - a7a9ee06-acf8-4996-94fe-a30a2f736f46@group-D7B3E088EE4D-FollowerState was interrupted: {}
java.lang.InterruptedException: sleep interrupted
	at java.lang.Thread.sleep(Native Method)
	at java.lang.Thread.sleep(Thread.java:340)
	at java.util.concurrent.TimeUnit.sleep(TimeUnit.java:386)
	at org.apache.ratis.util.TimeDuration.sleep(TimeDuration.java:324)
	at org.apache.ratis.util.TimeDuration.sleep(TimeDuration.java:309)
	at org.apache.ratis.server.impl.FollowerState.run(FollowerState.java:118)
2021-11-15 13:26:21,616 [grpc-default-executor-2] INFO  impl.RoleInfo (RoleInfo.java:updateAndGet(130)) - a7a9ee06-acf8-4996-94fe-a30a2f736f46: start a7a9ee06-acf8-4996-94fe-a30a2f736f46@group-D7B3E088EE4D-FollowerState
2021-11-15 13:26:21,627 [grpc-default-executor-1] INFO  server.RaftServer$Division (RaftServerImpl.java:requestVote(1046)) - 1b7637b9-df73-4fd2-9553-6cec13ff666d@group-D7B3E088EE4D: receive requestVote(ELECTION, 15c58fd6-591f-43e3-aa4f-ac792bae557b, group-D7B3E088EE4D, 2, (t:0, i:0))
2021-11-15 13:26:21,631 [grpc-default-executor-1] INFO  impl.VoteContext (VoteContext.java:log(48)) - 1b7637b9-df73-4fd2-9553-6cec13ff666d@group-D7B3E088EE4D-FOLLOWER: accept ELECTION from 15c58fd6-591f-43e3-aa4f-ac792bae557b: our priority 0 <= candidate's priority 0
2021-11-15 13:26:21,631 [grpc-default-executor-1] INFO  server.RaftServer$Division (RaftServerImpl.java:setRole(290)) - 1b7637b9-df73-4fd2-9553-6cec13ff666d@group-D7B3E088EE4D: changes role from  FOLLOWER to FOLLOWER at term 2 for candidate:15c58fd6-591f-43e3-aa4f-ac792bae557b
2021-11-15 13:26:21,631 [grpc-default-executor-1] INFO  impl.RoleInfo (RoleInfo.java:shutdownFollowerState(108)) - 1b7637b9-df73-4fd2-9553-6cec13ff666d: shutdown 1b7637b9-df73-4fd2-9553-6cec13ff666d@group-D7B3E088EE4D-FollowerState
2021-11-15 13:26:21,631 [1b7637b9-df73-4fd2-9553-6cec13ff666d@group-D7B3E088EE4D-FollowerState] INFO  impl.FollowerState (FollowerState.java:run(143)) - 1b7637b9-df73-4fd2-9553-6cec13ff666d@group-D7B3E088EE4D-FollowerState was interrupted: {}
java.lang.InterruptedException: sleep interrupted
	at java.lang.Thread.sleep(Native Method)
	at java.lang.Thread.sleep(Thread.java:340)
	at java.util.concurrent.TimeUnit.sleep(TimeUnit.java:386)
	at org.apache.ratis.util.TimeDuration.sleep(TimeDuration.java:324)
	at org.apache.ratis.util.TimeDuration.sleep(TimeDuration.java:309)
	at org.apache.ratis.server.impl.FollowerState.run(FollowerState.java:118)
2021-11-15 13:26:21,631 [grpc-default-executor-2] INFO  server.RaftServer$Division (RaftServerImpl.java:requestVote(1078)) - a7a9ee06-acf8-4996-94fe-a30a2f736f46@group-D7B3E088EE4D replies to ELECTION vote request: 15c58fd6-591f-43e3-aa4f-ac792bae557b<-a7a9ee06-acf8-4996-94fe-a30a2f736f46#0:FAIL-t2. Peer's state: a7a9ee06-acf8-4996-94fe-a30a2f736f46@group-D7B3E088EE4D:t2, leader=null, voted=null, raftlog=a7a9ee06-acf8-4996-94fe-a30a2f736f46@group-D7B3E088EE4D-SegmentedRaftLog:OPENED:c-1, conf=-1: [a7a9ee06-acf8-4996-94fe-a30a2f736f46|rpc:127.0.0.1:35177|dataStream:|priority:1, 1b7637b9-df73-4fd2-9553-6cec13ff666d|rpc:127.0.0.1:41211|dataStream:|priority:0, 15c58fd6-591f-43e3-aa4f-ac792bae557b|rpc:127.0.0.1:34937|dataStream:|priority:0], old=null
2021-11-15 13:26:21,634 [15c58fd6-591f-43e3-aa4f-ac792bae557b@group-D7B3E088EE4D-LeaderElection18] INFO  impl.LeaderElection (LeaderElection.java:logAndReturn(89)) - 15c58fd6-591f-43e3-aa4f-ac792bae557b@group-D7B3E088EE4D-LeaderElection18: ELECTION REJECTED received 1 response(s) and 0 exception(s):
2021-11-15 13:26:21,634 [15c58fd6-591f-43e3-aa4f-ac792bae557b@group-D7B3E088EE4D-LeaderElection18] INFO  impl.LeaderElection (LeaderElection.java:logAndReturn(93)) -   Response 0: 15c58fd6-591f-43e3-aa4f-ac792bae557b<-a7a9ee06-acf8-4996-94fe-a30a2f736f46#0:FAIL-t2
2021-11-15 13:26:21,634 [15c58fd6-591f-43e3-aa4f-ac792bae557b@group-D7B3E088EE4D-LeaderElection18] INFO  impl.LeaderElection (LeaderElection.java:askForVotes(308)) - 15c58fd6-591f-43e3-aa4f-ac792bae557b@group-D7B3E088EE4D-LeaderElection18 ELECTION round 0: result REJECTED
2021-11-15 13:26:21,634 [15c58fd6-591f-43e3-aa4f-ac792bae557b@group-D7B3E088EE4D-LeaderElection18] INFO  server.RaftServer$Division (RaftServerImpl.java:setRole(290)) - 15c58fd6-591f-43e3-aa4f-ac792bae557b@group-D7B3E088EE4D: changes role from CANDIDATE to FOLLOWER at term 2 for REJECTED
2021-11-15 13:26:21,635 [15c58fd6-591f-43e3-aa4f-ac792bae557b@group-D7B3E088EE4D-LeaderElection18] INFO  impl.RoleInfo (RoleInfo.java:shutdownLeaderElection(121)) - 15c58fd6-591f-43e3-aa4f-ac792bae557b: shutdown 15c58fd6-591f-43e3-aa4f-ac792bae557b@group-D7B3E088EE4D-LeaderElection18
2021-11-15 13:26:21,635 [15c58fd6-591f-43e3-aa4f-ac792bae557b@group-D7B3E088EE4D-LeaderElection18] INFO  impl.RoleInfo (RoleInfo.java:updateAndGet(130)) - 15c58fd6-591f-43e3-aa4f-ac792bae557b: start 15c58fd6-591f-43e3-aa4f-ac792bae557b@group-D7B3E088EE4D-FollowerState
2021-11-15 13:26:21,631 [grpc-default-executor-1] INFO  impl.RoleInfo (RoleInfo.java:updateAndGet(130)) - 1b7637b9-df73-4fd2-9553-6cec13ff666d: start 1b7637b9-df73-4fd2-9553-6cec13ff666d@group-D7B3E088EE4D-FollowerState
2021-11-15 13:26:21,644 [grpc-default-executor-1] INFO  server.RaftServer$Division (RaftServerImpl.java:requestVote(1078)) - 1b7637b9-df73-4fd2-9553-6cec13ff666d@group-D7B3E088EE4D replies to ELECTION vote request: 15c58fd6-591f-43e3-aa4f-ac792bae557b<-1b7637b9-df73-4fd2-9553-6cec13ff666d#0:OK-t2. Peer's state: 1b7637b9-df73-4fd2-9553-6cec13ff666d@group-D7B3E088EE4D:t2, leader=null, voted=15c58fd6-591f-43e3-aa4f-ac792bae557b, raftlog=1b7637b9-df73-4fd2-9553-6cec13ff666d@group-D7B3E088EE4D-SegmentedRaftLog:OPENED:c-1, conf=-1: [a7a9ee06-acf8-4996-94fe-a30a2f736f46|rpc:127.0.0.1:35177|dataStream:|priority:1, 1b7637b9-df73-4fd2-9553-6cec13ff666d|rpc:127.0.0.1:41211|dataStream:|priority:0, 15c58fd6-591f-43e3-aa4f-ac792bae557b|rpc:127.0.0.1:34937|dataStream:|priority:0], old=null
2021-11-15 13:26:21,816 [1b7637b9-df73-4fd2-9553-6cec13ff666d@group-CA48594C04EC-FollowerState] INFO  impl.FollowerState (FollowerState.java:run(134)) - 1b7637b9-df73-4fd2-9553-6cec13ff666d@group-CA48594C04EC-FollowerState: change to CANDIDATE, lastRpcElapsedTime:5097515172ns, electionTimeout:5090ms
2021-11-15 13:26:21,816 [1b7637b9-df73-4fd2-9553-6cec13ff666d@group-CA48594C04EC-FollowerState] INFO  impl.RoleInfo (RoleInfo.java:shutdownFollowerState(108)) - 1b7637b9-df73-4fd2-9553-6cec13ff666d: shutdown 1b7637b9-df73-4fd2-9553-6cec13ff666d@group-CA48594C04EC-FollowerState
2021-11-15 13:26:21,816 [1b7637b9-df73-4fd2-9553-6cec13ff666d@group-CA48594C04EC-FollowerState] INFO  server.RaftServer$Division (RaftServerImpl.java:setRole(290)) - 1b7637b9-df73-4fd2-9553-6cec13ff666d@group-CA48594C04EC: changes role from  FOLLOWER to CANDIDATE at term 1 for changeToCandidate
2021-11-15 13:26:21,816 [1b7637b9-df73-4fd2-9553-6cec13ff666d@group-CA48594C04EC-FollowerState] INFO  server.RaftServerConfigKeys (ConfUtils.java:logGet(44)) - raft.server.leaderelection.pre-vote = false (custom)
2021-11-15 13:26:21,816 [1b7637b9-df73-4fd2-9553-6cec13ff666d@group-CA48594C04EC-FollowerState] INFO  impl.RoleInfo (RoleInfo.java:updateAndGet(130)) - 1b7637b9-df73-4fd2-9553-6cec13ff666d: start 1b7637b9-df73-4fd2-9553-6cec13ff666d@group-CA48594C04EC-LeaderElection19
2021-11-15 13:26:21,826 [1b7637b9-df73-4fd2-9553-6cec13ff666d@group-CA48594C04EC-LeaderElection19] INFO  impl.LeaderElection (LeaderElection.java:askForVotes(306)) - 1b7637b9-df73-4fd2-9553-6cec13ff666d@group-CA48594C04EC-LeaderElection19 ELECTION round 0: submit vote requests at term 2 for -1: [a7a9ee06-acf8-4996-94fe-a30a2f736f46|rpc:127.0.0.1:35177|dataStream:|priority:0, 1b7637b9-df73-4fd2-9553-6cec13ff666d|rpc:127.0.0.1:41211|dataStream:|priority:1, 15c58fd6-591f-43e3-aa4f-ac792bae557b|rpc:127.0.0.1:34937|dataStream:|priority:0], old=null
2021-11-15 13:26:21,847 [grpc-default-executor-1] INFO  server.RaftServer$Division (RaftServerImpl.java:requestVote(1046)) - a7a9ee06-acf8-4996-94fe-a30a2f736f46@group-CA48594C04EC: receive requestVote(ELECTION, 1b7637b9-df73-4fd2-9553-6cec13ff666d, group-CA48594C04EC, 2, (t:0, i:0))
2021-11-15 13:26:21,847 [grpc-default-executor-1] INFO  impl.VoteContext (VoteContext.java:log(48)) - a7a9ee06-acf8-4996-94fe-a30a2f736f46@group-CA48594C04EC-FOLLOWER: accept ELECTION from 1b7637b9-df73-4fd2-9553-6cec13ff666d: our priority 0 <= candidate's priority 1
2021-11-15 13:26:21,847 [grpc-default-executor-1] INFO  server.RaftServer$Division (RaftServerImpl.java:setRole(290)) - a7a9ee06-acf8-4996-94fe-a30a2f736f46@group-CA48594C04EC: changes role from  FOLLOWER to FOLLOWER at term 2 for candidate:1b7637b9-df73-4fd2-9553-6cec13ff666d
2021-11-15 13:26:21,847 [grpc-default-executor-1] INFO  impl.RoleInfo (RoleInfo.java:shutdownFollowerState(108)) - a7a9ee06-acf8-4996-94fe-a30a2f736f46: shutdown a7a9ee06-acf8-4996-94fe-a30a2f736f46@group-CA48594C04EC-FollowerState
2021-11-15 13:26:21,847 [a7a9ee06-acf8-4996-94fe-a30a2f736f46@group-CA48594C04EC-FollowerState] INFO  impl.FollowerState (FollowerState.java:run(143)) - a7a9ee06-acf8-4996-94fe-a30a2f736f46@group-CA48594C04EC-FollowerState was interrupted: {}
java.lang.InterruptedException: sleep interrupted
	at java.lang.Thread.sleep(Native Method)
	at java.lang.Thread.sleep(Thread.java:340)
	at java.util.concurrent.TimeUnit.sleep(TimeUnit.java:386)
	at org.apache.ratis.util.TimeDuration.sleep(TimeDuration.java:324)
	at org.apache.ratis.util.TimeDuration.sleep(TimeDuration.java:309)
	at org.apache.ratis.server.impl.FollowerState.run(FollowerState.java:118)
2021-11-15 13:26:21,847 [grpc-default-executor-1] INFO  impl.RoleInfo (RoleInfo.java:updateAndGet(130)) - a7a9ee06-acf8-4996-94fe-a30a2f736f46: start a7a9ee06-acf8-4996-94fe-a30a2f736f46@group-CA48594C04EC-FollowerState
2021-11-15 13:26:21,849 [grpc-default-executor-1] INFO  server.RaftServer$Division (RaftServerImpl.java:requestVote(1078)) - a7a9ee06-acf8-4996-94fe-a30a2f736f46@group-CA48594C04EC replies to ELECTION vote request: 1b7637b9-df73-4fd2-9553-6cec13ff666d<-a7a9ee06-acf8-4996-94fe-a30a2f736f46#0:OK-t2. Peer's state: a7a9ee06-acf8-4996-94fe-a30a2f736f46@group-CA48594C04EC:t2, leader=null, voted=1b7637b9-df73-4fd2-9553-6cec13ff666d, raftlog=a7a9ee06-acf8-4996-94fe-a30a2f736f46@group-CA48594C04EC-SegmentedRaftLog:OPENED:c-1, conf=-1: [a7a9ee06-acf8-4996-94fe-a30a2f736f46|rpc:127.0.0.1:35177|dataStream:|priority:0, 1b7637b9-df73-4fd2-9553-6cec13ff666d|rpc:127.0.0.1:41211|dataStream:|priority:1, 15c58fd6-591f-43e3-aa4f-ac792bae557b|rpc:127.0.0.1:34937|dataStream:|priority:0], old=null
2021-11-15 13:26:21,850 [1b7637b9-df73-4fd2-9553-6cec13ff666d@group-CA48594C04EC-LeaderElection19] INFO  impl.LeaderElection (LeaderElection.java:logAndReturn(89)) - 1b7637b9-df73-4fd2-9553-6cec13ff666d@group-CA48594C04EC-LeaderElection19: ELECTION PASSED received 1 response(s) and 0 exception(s):
2021-11-15 13:26:21,850 [1b7637b9-df73-4fd2-9553-6cec13ff666d@group-CA48594C04EC-LeaderElection19] INFO  impl.LeaderElection (LeaderElection.java:logAndReturn(93)) -   Response 0: 1b7637b9-df73-4fd2-9553-6cec13ff666d<-a7a9ee06-acf8-4996-94fe-a30a2f736f46#0:OK-t2
2021-11-15 13:26:21,850 [1b7637b9-df73-4fd2-9553-6cec13ff666d@group-CA48594C04EC-LeaderElection19] INFO  impl.LeaderElection (LeaderElection.java:askForVotes(308)) - 1b7637b9-df73-4fd2-9553-6cec13ff666d@group-CA48594C04EC-LeaderElection19 ELECTION round 0: result PASSED
2021-11-15 13:26:21,850 [1b7637b9-df73-4fd2-9553-6cec13ff666d@group-CA48594C04EC-LeaderElection19] INFO  impl.RoleInfo (RoleInfo.java:shutdownLeaderElection(121)) - 1b7637b9-df73-4fd2-9553-6cec13ff666d: shutdown 1b7637b9-df73-4fd2-9553-6cec13ff666d@group-CA48594C04EC-LeaderElection19
2021-11-15 13:26:21,850 [1b7637b9-df73-4fd2-9553-6cec13ff666d@group-CA48594C04EC-LeaderElection19] INFO  server.RaftServer$Division (RaftServerImpl.java:setRole(290)) - 1b7637b9-df73-4fd2-9553-6cec13ff666d@group-CA48594C04EC: changes role from CANDIDATE to LEADER at term 2 for changeToLeader
2021-11-15 13:26:21,850 [1b7637b9-df73-4fd2-9553-6cec13ff666d@group-CA48594C04EC-LeaderElection19] INFO  ratis.XceiverServerRatis (XceiverServerRatis.java:handleLeaderChangedNotification(866)) - Leader change notification received for group: group-CA48594C04EC with new leaderId: 1b7637b9-df73-4fd2-9553-6cec13ff666d
2021-11-15 13:26:21,850 [1b7637b9-df73-4fd2-9553-6cec13ff666d@group-CA48594C04EC-LeaderElection19] INFO  server.RaftServer$Division (ServerState.java:setLeader(285)) - 1b7637b9-df73-4fd2-9553-6cec13ff666d@group-CA48594C04EC: change Leader from null to 1b7637b9-df73-4fd2-9553-6cec13ff666d at term 2 for becomeLeader, leader elected after 10218ms
2021-11-15 13:26:21,850 [1b7637b9-df73-4fd2-9553-6cec13ff666d@group-CA48594C04EC-LeaderElection19] INFO  server.RaftServerConfigKeys (ConfUtils.java:logGet(44)) - raft.server.staging.catchup.gap = 1000 (default)
2021-11-15 13:26:21,850 [1b7637b9-df73-4fd2-9553-6cec13ff666d@group-CA48594C04EC-LeaderElection19] INFO  server.RaftServerConfigKeys (ConfUtils.java:logGet(44)) - raft.server.write.element-limit = 1024 (custom)
2021-11-15 13:26:21,850 [1b7637b9-df73-4fd2-9553-6cec13ff666d@group-CA48594C04EC-LeaderElection19] INFO  server.RaftServerConfigKeys (ConfUtils.java:logGet(44)) - raft.server.write.byte-limit = 1024 M (=1073741824) (custom)
2021-11-15 13:26:21,851 [1b7637b9-df73-4fd2-9553-6cec13ff666d@group-CA48594C04EC-LeaderElection19] INFO  server.RaftServerConfigKeys (ConfUtils.java:logGet(44)) - raft.server.watch.timeout = 180s (custom)
2021-11-15 13:26:21,851 [1b7637b9-df73-4fd2-9553-6cec13ff666d@group-CA48594C04EC-LeaderElection19] INFO  server.RaftServerConfigKeys (ConfUtils.java:logGet(44)) - raft.server.watch.timeout.denomination = 1s (default)
2021-11-15 13:26:21,851 [1b7637b9-df73-4fd2-9553-6cec13ff666d@group-CA48594C04EC-LeaderElection19] INFO  server.RaftServerConfigKeys (ConfUtils.java:logGet(44)) - raft.server.watch.element-limit = 65536 (default)
2021-11-15 13:26:21,851 [1b7637b9-df73-4fd2-9553-6cec13ff666d@group-CA48594C04EC-LeaderElection19] INFO  server.RaftServerConfigKeys (ConfUtils.java:logGet(44)) - raft.server.write.element-limit = 1024 (custom)
2021-11-15 13:26:21,851 [1b7637b9-df73-4fd2-9553-6cec13ff666d@group-CA48594C04EC-LeaderElection19] INFO  server.RaftServerConfigKeys (ConfUtils.java:logGet(44)) - raft.server.write.follower.gap.ratio.max = -1.0 (default)
2021-11-15 13:26:21,851 [1b7637b9-df73-4fd2-9553-6cec13ff666d@group-CA48594C04EC-LeaderElection19] INFO  server.RaftServerConfigKeys (ConfUtils.java:logGet(44)) - raft.server.log.appender.snapshot.chunk.size.max = 16MB (=16777216) (default)
2021-11-15 13:26:21,851 [1b7637b9-df73-4fd2-9553-6cec13ff666d@group-CA48594C04EC-LeaderElection19] INFO  server.RaftServerConfigKeys (ConfUtils.java:logGet(44)) - raft.server.log.appender.buffer.byte-limit = 33554432 (custom)
2021-11-15 13:26:21,851 [1b7637b9-df73-4fd2-9553-6cec13ff666d@group-CA48594C04EC-LeaderElection19] INFO  server.RaftServerConfigKeys (ConfUtils.java:logGet(44)) - raft.server.log.appender.buffer.element-limit = 1 (custom)
2021-11-15 13:26:21,851 [1b7637b9-df73-4fd2-9553-6cec13ff666d@group-CA48594C04EC-LeaderElection19] INFO  grpc.GrpcConfigKeys (ConfUtils.java:logGet(44)) - raft.grpc.server.leader.outstanding.appends.max = 128 (default)
2021-11-15 13:26:21,851 [1b7637b9-df73-4fd2-9553-6cec13ff666d@group-CA48594C04EC-LeaderElection19] INFO  server.RaftServerConfigKeys (ConfUtils.java:logGet(44)) - raft.server.rpc.request.timeout = 60s (custom)
2021-11-15 13:26:21,851 [1b7637b9-df73-4fd2-9553-6cec13ff666d@group-CA48594C04EC-LeaderElection19] INFO  server.RaftServerConfigKeys (ConfUtils.java:logGet(44)) - raft.server.log.appender.install.snapshot.enabled = false (custom)
2021-11-15 13:26:21,852 [1b7637b9-df73-4fd2-9553-6cec13ff666d@group-CA48594C04EC-LeaderElection19] INFO  server.RaftServerConfigKeys (ConfUtils.java:logGet(44)) - raft.server.log.appender.snapshot.chunk.size.max = 16MB (=16777216) (default)
2021-11-15 13:26:21,852 [1b7637b9-df73-4fd2-9553-6cec13ff666d@group-CA48594C04EC-LeaderElection19] INFO  server.RaftServerConfigKeys (ConfUtils.java:logGet(44)) - raft.server.log.appender.buffer.byte-limit = 33554432 (custom)
2021-11-15 13:26:21,852 [1b7637b9-df73-4fd2-9553-6cec13ff666d@group-CA48594C04EC-LeaderElection19] INFO  server.RaftServerConfigKeys (ConfUtils.java:logGet(44)) - raft.server.log.appender.buffer.element-limit = 1 (custom)
2021-11-15 13:26:21,852 [1b7637b9-df73-4fd2-9553-6cec13ff666d@group-CA48594C04EC-LeaderElection19] INFO  grpc.GrpcConfigKeys (ConfUtils.java:logGet(44)) - raft.grpc.server.leader.outstanding.appends.max = 128 (default)
2021-11-15 13:26:21,852 [1b7637b9-df73-4fd2-9553-6cec13ff666d@group-CA48594C04EC-LeaderElection19] INFO  server.RaftServerConfigKeys (ConfUtils.java:logGet(44)) - raft.server.rpc.request.timeout = 60s (custom)
2021-11-15 13:26:21,852 [1b7637b9-df73-4fd2-9553-6cec13ff666d@group-CA48594C04EC-LeaderElection19] INFO  server.RaftServerConfigKeys (ConfUtils.java:logGet(44)) - raft.server.log.appender.install.snapshot.enabled = false (custom)
2021-11-15 13:26:21,855 [EventQueue-PipelineReportForPipelineReportHandler] INFO  pipeline.PipelineManagerImpl (PipelineManagerImpl.java:openPipeline(289)) - Pipeline Pipeline[ Id: 30ff4324-be96-4690-9e43-ca48594c04ec, Nodes: 1b7637b9-df73-4fd2-9553-6cec13ff666d{ip: 127.0.0.1, host: localhost, ports: [REPLICATION=38167, RATIS=41211, RATIS_ADMIN=41211, RATIS_SERVER=41211, STANDALONE=42751], networkLocation: /default-rack, certSerialId: null, persistedOpState: IN_SERVICE, persistedOpStateExpiryEpochSec: 0}a7a9ee06-acf8-4996-94fe-a30a2f736f46{ip: 127.0.0.1, host: localhost, ports: [REPLICATION=39299, RATIS=35177, RATIS_ADMIN=35177, RATIS_SERVER=35177, STANDALONE=38199], networkLocation: /default-rack, certSerialId: null, persistedOpState: IN_SERVICE, persistedOpStateExpiryEpochSec: 0}15c58fd6-591f-43e3-aa4f-ac792bae557b{ip: 127.0.0.1, host: localhost, ports: [REPLICATION=43749, RATIS=34937, RATIS_ADMIN=34937, RATIS_SERVER=34937, STANDALONE=41551], networkLocation: /default-rack, certSerialId: null, persistedOpState: IN_SERVICE, persistedOpStateExpiryEpochSec: 0}, ReplicationConfig: RATIS/THREE, State:ALLOCATED, leaderId:1b7637b9-df73-4fd2-9553-6cec13ff666d, CreationTimestamp2021-11-15T13:26:09.458Z[Etc/UTC]] moved to OPEN state
2021-11-15 13:26:21,856 [EventQueue-PipelineReportForPipelineReportHandler] INFO  pipeline.PipelineManagerImpl (PipelineManagerImpl.java:openPipeline(289)) - Pipeline Pipeline[ Id: 30ff4324-be96-4690-9e43-ca48594c04ec, Nodes: 1b7637b9-df73-4fd2-9553-6cec13ff666d{ip: 127.0.0.1, host: localhost, ports: [REPLICATION=38167, RATIS=41211, RATIS_ADMIN=41211, RATIS_SERVER=41211, STANDALONE=42751], networkLocation: /default-rack, certSerialId: null, persistedOpState: IN_SERVICE, persistedOpStateExpiryEpochSec: 0}a7a9ee06-acf8-4996-94fe-a30a2f736f46{ip: 127.0.0.1, host: localhost, ports: [REPLICATION=39299, RATIS=35177, RATIS_ADMIN=35177, RATIS_SERVER=35177, STANDALONE=38199], networkLocation: /default-rack, certSerialId: null, persistedOpState: IN_SERVICE, persistedOpStateExpiryEpochSec: 0}15c58fd6-591f-43e3-aa4f-ac792bae557b{ip: 127.0.0.1, host: localhost, ports: [REPLICATION=43749, RATIS=34937, RATIS_ADMIN=34937, RATIS_SERVER=34937, STANDALONE=41551], networkLocation: /default-rack, certSerialId: null, persistedOpState: IN_SERVICE, persistedOpStateExpiryEpochSec: 0}, ReplicationConfig: RATIS/THREE, State:ALLOCATED, leaderId:1b7637b9-df73-4fd2-9553-6cec13ff666d, CreationTimestamp2021-11-15T13:26:09.458Z[Etc/UTC]] moved to OPEN state
2021-11-15 13:26:21,857 [EventQueue-PipelineReportForPipelineReportHandler] INFO  ha.SCMHAInvocationHandler (SCMHAInvocationHandler.java:invokeRatis(113)) - Invoking method public abstract void org.apache.hadoop.hdds.scm.pipeline.PipelineStateManager.updatePipelineState(org.apache.hadoop.hdds.protocol.proto.HddsProtos$PipelineID,org.apache.hadoop.hdds.protocol.proto.HddsProtos$PipelineState) throws java.io.IOException on target org.apache.hadoop.hdds.scm.ha.SCMRatisServerImpl@5e52e906, cost 236.016us
2021-11-15 13:26:21,855 [EventQueue-OpenPipelineForHealthyPipelineSafeModeRule] INFO  safemode.SCMSafeModeManager (HealthyPipelineSafeModeRule.java:process(124)) - SCM in safe mode. Healthy pipelines reported count is 0, required healthy pipeline reported count is 1
2021-11-15 13:26:21,860 [EventQueue-OpenPipelineForHealthyPipelineSafeModeRule] INFO  safemode.SCMSafeModeManager (HealthyPipelineSafeModeRule.java:process(124)) - SCM in safe mode. Healthy pipelines reported count is 0, required healthy pipeline reported count is 1
2021-11-15 13:26:21,865 [grpc-default-executor-1] INFO  server.RaftServer$Division (RaftServerImpl.java:requestVote(1046)) - 15c58fd6-591f-43e3-aa4f-ac792bae557b@group-CA48594C04EC: receive requestVote(ELECTION, 1b7637b9-df73-4fd2-9553-6cec13ff666d, group-CA48594C04EC, 2, (t:0, i:0))
2021-11-15 13:26:21,865 [grpc-default-executor-1] INFO  impl.VoteContext (VoteContext.java:log(48)) - 15c58fd6-591f-43e3-aa4f-ac792bae557b@group-CA48594C04EC-FOLLOWER: accept ELECTION from 1b7637b9-df73-4fd2-9553-6cec13ff666d: our priority 0 <= candidate's priority 1
2021-11-15 13:26:21,865 [grpc-default-executor-1] INFO  server.RaftServer$Division (RaftServerImpl.java:setRole(290)) - 15c58fd6-591f-43e3-aa4f-ac792bae557b@group-CA48594C04EC: changes role from  FOLLOWER to FOLLOWER at term 2 for candidate:1b7637b9-df73-4fd2-9553-6cec13ff666d
2021-11-15 13:26:21,865 [grpc-default-executor-1] INFO  impl.RoleInfo (RoleInfo.java:shutdownFollowerState(108)) - 15c58fd6-591f-43e3-aa4f-ac792bae557b: shutdown 15c58fd6-591f-43e3-aa4f-ac792bae557b@group-CA48594C04EC-FollowerState
2021-11-15 13:26:21,869 [15c58fd6-591f-43e3-aa4f-ac792bae557b@group-CA48594C04EC-FollowerState] INFO  impl.FollowerState (FollowerState.java:run(143)) - 15c58fd6-591f-43e3-aa4f-ac792bae557b@group-CA48594C04EC-FollowerState was interrupted: {}
java.lang.InterruptedException: sleep interrupted
	at java.lang.Thread.sleep(Native Method)
	at java.lang.Thread.sleep(Thread.java:340)
	at java.util.concurrent.TimeUnit.sleep(TimeUnit.java:386)
	at org.apache.ratis.util.TimeDuration.sleep(TimeDuration.java:324)
	at org.apache.ratis.util.TimeDuration.sleep(TimeDuration.java:309)
	at org.apache.ratis.server.impl.FollowerState.run(FollowerState.java:118)
2021-11-15 13:26:21,869 [grpc-default-executor-1] INFO  impl.RoleInfo (RoleInfo.java:updateAndGet(130)) - 15c58fd6-591f-43e3-aa4f-ac792bae557b: start 15c58fd6-591f-43e3-aa4f-ac792bae557b@group-CA48594C04EC-FollowerState
2021-11-15 13:26:21,874 [cea2b274-67f8-42eb-ae41-f09704fbacf0@group-22C475060FAB-StateMachineUpdater] INFO  safemode.HealthyPipelineSafeModeRule (HealthyPipelineSafeModeRule.java:initializeRule(152)) - Refreshed total pipeline count is 1, healthy pipeline threshold count is 1
2021-11-15 13:26:21,874 [EventQueue-PipelineReportForPipelineReportHandler] INFO  ha.SCMHAInvocationHandler (SCMHAInvocationHandler.java:invokeRatis(113)) - Invoking method public abstract void org.apache.hadoop.hdds.scm.pipeline.PipelineStateManager.updatePipelineState(org.apache.hadoop.hdds.protocol.proto.HddsProtos$PipelineID,org.apache.hadoop.hdds.protocol.proto.HddsProtos$PipelineState) throws java.io.IOException on target org.apache.hadoop.hdds.scm.ha.SCMRatisServerImpl@48a4ff50, cost 17381.472us
2021-11-15 13:26:21,874 [EventQueue-OpenPipelineForHealthyPipelineSafeModeRule] INFO  safemode.SCMSafeModeManager (HealthyPipelineSafeModeRule.java:process(124)) - SCM in safe mode. Healthy pipelines reported count is 1, required healthy pipeline reported count is 1
2021-11-15 13:26:21,874 [EventQueue-OpenPipelineForHealthyPipelineSafeModeRule] INFO  safemode.SCMSafeModeManager (SCMSafeModeManager.java:validateSafeModeExitRules(204)) - HealthyPipelineSafeModeRule rule is successfully validated
2021-11-15 13:26:21,874 [EventQueue-OpenPipelineForHealthyPipelineSafeModeRule] INFO  safemode.SCMSafeModeManager (SCMSafeModeManager.java:validateSafeModeExitRules(219)) - ScmSafeModeManager, all rules are successfully validated
2021-11-15 13:26:21,874 [EventQueue-OpenPipelineForHealthyPipelineSafeModeRule] INFO  safemode.SCMSafeModeManager (SCMSafeModeManager.java:exitSafeMode(248)) - SCM exiting safe mode.
2021-11-15 13:26:21,874 [EventQueue-OpenPipelineForHealthyPipelineSafeModeRule] WARN  events.EventQueue (EventQueue.java:fireEvent(194)) - No event handler registered for event TypedEvent{payloadType=SafeModeStatus, name='Safe mode status'}
2021-11-15 13:26:21,874 [EventQueue-OpenPipelineForHealthyPipelineSafeModeRule] INFO  ha.SCMContext (SCMContext.java:updateSafeModeStatus(205)) - Update SafeModeStatus from SafeModeStatus{safeModeStatus=true, preCheckPassed=true} to SafeModeStatus{safeModeStatus=false, preCheckPassed=true}.
2021-11-15 13:26:21,874 [EventQueue-OpenPipelineForHealthyPipelineSafeModeRule] INFO  container.ReplicationManager (ReplicationManager.java:notifyStatusChanged(1746)) - Service ReplicationManager transitions to RUNNING.
2021-11-15 13:26:21,870 [1b7637b9-df73-4fd2-9553-6cec13ff666d@group-CA48594C04EC-LeaderElection19] INFO  impl.RoleInfo (RoleInfo.java:updateAndGet(130)) - 1b7637b9-df73-4fd2-9553-6cec13ff666d: start 1b7637b9-df73-4fd2-9553-6cec13ff666d@group-CA48594C04EC-LeaderStateImpl
2021-11-15 13:26:21,879 [0a37f259-89fa-4cb5-a2dc-a190c2b03b5f@group-22C475060FAB-StateMachineUpdater] INFO  safemode.HealthyPipelineSafeModeRule (HealthyPipelineSafeModeRule.java:initializeRule(152)) - Refreshed total pipeline count is 1, healthy pipeline threshold count is 1
2021-11-15 13:26:21,879 [1b7637b9-df73-4fd2-9553-6cec13ff666d@group-CA48594C04EC-LeaderElection19] INFO  segmented.SegmentedRaftLogWorker (SegmentedRaftLogWorker.java:startLogSegment(394)) - 1b7637b9-df73-4fd2-9553-6cec13ff666d@group-CA48594C04EC-SegmentedRaftLogWorker: Starting segment from index:0
2021-11-15 13:26:21,880 [0a37f259-89fa-4cb5-a2dc-a190c2b03b5f@group-22C475060FAB-StateMachineUpdater] INFO  ha.SCMStateMachine (SCMStateMachine.java:takeSnapshot(290)) - Current Snapshot Index 23, takeSnapshot took 0 ms
2021-11-15 13:26:21,880 [0a37f259-89fa-4cb5-a2dc-a190c2b03b5f@group-22C475060FAB-StateMachineUpdater] INFO  impl.StateMachineUpdater (StateMachineUpdater.java:takeSnapshot(281)) - 0a37f259-89fa-4cb5-a2dc-a190c2b03b5f@group-22C475060FAB-StateMachineUpdater: Took a snapshot at index 23
2021-11-15 13:26:21,880 [0a37f259-89fa-4cb5-a2dc-a190c2b03b5f@group-22C475060FAB-StateMachineUpdater] INFO  impl.StateMachineUpdater (StateMachineUpdater.java:lambda$new$0(89)) - 0a37f259-89fa-4cb5-a2dc-a190c2b03b5f@group-22C475060FAB-StateMachineUpdater: snapshotIndex: updateIncreasingly 18 -> 23
2021-11-15 13:26:21,880 [0a37f259-89fa-4cb5-a2dc-a190c2b03b5f@group-22C475060FAB-StateMachineUpdater] INFO  raftlog.RaftLog (RaftLogBase.java:purge(306)) - 0a37f259-89fa-4cb5-a2dc-a190c2b03b5f@group-22C475060FAB-SegmentedRaftLog: purge 23
2021-11-15 13:26:21,880 [0a37f259-89fa-4cb5-a2dc-a190c2b03b5f@group-22C475060FAB-StateMachineUpdater] INFO  raftlog.RaftLog (RaftLogBase.java:lambda$new$0(53)) - 0a37f259-89fa-4cb5-a2dc-a190c2b03b5f@group-22C475060FAB-SegmentedRaftLog: snapshotIndex: updateIncreasingly 18 -> 23
2021-11-15 13:26:21,880 [0a37f259-89fa-4cb5-a2dc-a190c2b03b5f@group-22C475060FAB-StateMachineUpdater] INFO  raftlog.RaftLog (RaftLogBase.java:lambda$new$0(53)) - 0a37f259-89fa-4cb5-a2dc-a190c2b03b5f@group-22C475060FAB-SegmentedRaftLog: purgeIndex: updateToMax old=18, new=23, updated? true
2021-11-15 13:26:21,887 [1b7637b9-df73-4fd2-9553-6cec13ff666d@group-CA48594C04EC-SegmentedRaftLogWorker] INFO  segmented.SegmentedRaftLogWorker (SegmentedRaftLogWorker.java:execute(601)) - 1b7637b9-df73-4fd2-9553-6cec13ff666d@group-CA48594C04EC-SegmentedRaftLogWorker: created new log segment /home/runner/work/ozone/ozone/hadoop-ozone/integration-test/target/test-dir/MiniOzoneClusterImpl-54fbe6a2-d836-4e9c-ac0d-22c475060fab/datanode-1/data/ratis/30ff4324-be96-4690-9e43-ca48594c04ec/current/log_inprogress_0
2021-11-15 13:26:21,887 [grpc-default-executor-1] INFO  server.RaftServer$Division (RaftServerImpl.java:requestVote(1078)) - 15c58fd6-591f-43e3-aa4f-ac792bae557b@group-CA48594C04EC replies to ELECTION vote request: 1b7637b9-df73-4fd2-9553-6cec13ff666d<-15c58fd6-591f-43e3-aa4f-ac792bae557b#0:OK-t2. Peer's state: 15c58fd6-591f-43e3-aa4f-ac792bae557b@group-CA48594C04EC:t2, leader=null, voted=1b7637b9-df73-4fd2-9553-6cec13ff666d, raftlog=15c58fd6-591f-43e3-aa4f-ac792bae557b@group-CA48594C04EC-SegmentedRaftLog:OPENED:c-1, conf=-1: [a7a9ee06-acf8-4996-94fe-a30a2f736f46|rpc:127.0.0.1:35177|priority:0, 1b7637b9-df73-4fd2-9553-6cec13ff666d|rpc:127.0.0.1:41211|priority:1, 15c58fd6-591f-43e3-aa4f-ac792bae557b|rpc:127.0.0.1:34937|priority:0], old=null
2021-11-15 13:26:21,901 [grpc-default-executor-2] INFO  ratis.XceiverServerRatis (XceiverServerRatis.java:handleLeaderChangedNotification(866)) - Leader change notification received for group: group-CA48594C04EC with new leaderId: 1b7637b9-df73-4fd2-9553-6cec13ff666d
2021-11-15 13:26:21,901 [grpc-default-executor-2] INFO  server.RaftServer$Division (ServerState.java:setLeader(285)) - 15c58fd6-591f-43e3-aa4f-ac792bae557b@group-CA48594C04EC: change Leader from null to 1b7637b9-df73-4fd2-9553-6cec13ff666d at term 2 for appendEntries, leader elected after 10310ms
2021-11-15 13:26:21,903 [1b7637b9-df73-4fd2-9553-6cec13ff666d@group-CA48594C04EC-LeaderElection19] INFO  server.RaftServer$Division (ServerState.java:setRaftConf(387)) - 1b7637b9-df73-4fd2-9553-6cec13ff666d@group-CA48594C04EC: set configuration 0: [a7a9ee06-acf8-4996-94fe-a30a2f736f46|rpc:127.0.0.1:35177|dataStream:|priority:0, 1b7637b9-df73-4fd2-9553-6cec13ff666d|rpc:127.0.0.1:41211|dataStream:|priority:1, 15c58fd6-591f-43e3-aa4f-ac792bae557b|rpc:127.0.0.1:34937|dataStream:|priority:0], old=null
2021-11-15 13:26:21,907 [grpc-default-executor-2] INFO  server.RaftServer$Division (ServerState.java:setRaftConf(387)) - 15c58fd6-591f-43e3-aa4f-ac792bae557b@group-CA48594C04EC: set configuration 0: [a7a9ee06-acf8-4996-94fe-a30a2f736f46|rpc:127.0.0.1:35177|dataStream:|priority:0, 1b7637b9-df73-4fd2-9553-6cec13ff666d|rpc:127.0.0.1:41211|dataStream:|priority:1, 15c58fd6-591f-43e3-aa4f-ac792bae557b|rpc:127.0.0.1:34937|dataStream:|priority:0], old=null
2021-11-15 13:26:21,908 [grpc-default-executor-2] INFO  segmented.SegmentedRaftLogWorker (SegmentedRaftLogWorker.java:startLogSegment(394)) - 15c58fd6-591f-43e3-aa4f-ac792bae557b@group-CA48594C04EC-SegmentedRaftLogWorker: Starting segment from index:0
2021-11-15 13:26:21,910 [15c58fd6-591f-43e3-aa4f-ac792bae557b@group-CA48594C04EC-SegmentedRaftLogWorker] INFO  segmented.SegmentedRaftLogWorker (SegmentedRaftLogWorker.java:execute(601)) - 15c58fd6-591f-43e3-aa4f-ac792bae557b@group-CA48594C04EC-SegmentedRaftLogWorker: created new log segment /home/runner/work/ozone/ozone/hadoop-ozone/integration-test/target/test-dir/MiniOzoneClusterImpl-54fbe6a2-d836-4e9c-ac0d-22c475060fab/datanode-0/data/ratis/30ff4324-be96-4690-9e43-ca48594c04ec/current/log_inprogress_0
2021-11-15 13:26:21,921 [grpc-default-executor-1] INFO  ratis.XceiverServerRatis (XceiverServerRatis.java:handleLeaderChangedNotification(866)) - Leader change notification received for group: group-CA48594C04EC with new leaderId: 1b7637b9-df73-4fd2-9553-6cec13ff666d
2021-11-15 13:26:21,921 [grpc-default-executor-1] INFO  server.RaftServer$Division (ServerState.java:setLeader(285)) - a7a9ee06-acf8-4996-94fe-a30a2f736f46@group-CA48594C04EC: change Leader from null to 1b7637b9-df73-4fd2-9553-6cec13ff666d at term 2 for appendEntries, leader elected after 10219ms
2021-11-15 13:26:21,922 [grpc-default-executor-1] INFO  server.RaftServer$Division (ServerState.java:setRaftConf(387)) - a7a9ee06-acf8-4996-94fe-a30a2f736f46@group-CA48594C04EC: set configuration 0: [a7a9ee06-acf8-4996-94fe-a30a2f736f46|rpc:127.0.0.1:35177|dataStream:|priority:0, 1b7637b9-df73-4fd2-9553-6cec13ff666d|rpc:127.0.0.1:41211|dataStream:|priority:1, 15c58fd6-591f-43e3-aa4f-ac792bae557b|rpc:127.0.0.1:34937|dataStream:|priority:0], old=null
2021-11-15 13:26:21,922 [grpc-default-executor-1] INFO  segmented.SegmentedRaftLogWorker (SegmentedRaftLogWorker.java:startLogSegment(394)) - a7a9ee06-acf8-4996-94fe-a30a2f736f46@group-CA48594C04EC-SegmentedRaftLogWorker: Starting segment from index:0
2021-11-15 13:26:21,927 [a7a9ee06-acf8-4996-94fe-a30a2f736f46@group-CA48594C04EC-SegmentedRaftLogWorker] INFO  segmented.SegmentedRaftLogWorker (SegmentedRaftLogWorker.java:execute(601)) - a7a9ee06-acf8-4996-94fe-a30a2f736f46@group-CA48594C04EC-SegmentedRaftLogWorker: created new log segment /home/runner/work/ozone/ozone/hadoop-ozone/integration-test/target/test-dir/MiniOzoneClusterImpl-54fbe6a2-d836-4e9c-ac0d-22c475060fab/datanode-2/data/ratis/30ff4324-be96-4690-9e43-ca48594c04ec/current/log_inprogress_0
2021-11-15 13:26:22,364 [Listener at 127.0.0.1/13216] INFO  ozone.MiniOzoneClusterImpl (MiniOzoneClusterImpl.java:lambda$waitForClusterToBeReady$0(235)) - Nodes are ready. Got 3 of 3 DN Heartbeats.
2021-11-15 13:26:22,364 [Listener at 127.0.0.1/13216] INFO  ozone.MiniOzoneClusterImpl (MiniOzoneClusterImpl.java:lambda$waitForClusterToBeReady$0(238)) - Cluster exits safe mode
2021-11-15 13:26:22,364 [Listener at 127.0.0.1/13216] INFO  ozone.MiniOzoneClusterImpl (MiniOzoneClusterImpl.java:lambda$waitForClusterToBeReady$0(240)) - SCM became leader
2021-11-15 13:26:22,365 [Listener at 127.0.0.1/13216] INFO  server.StorageContainerManager (StorageContainerManager.java:start(1303)) - StorageContainerLocationProtocol RPC server is listening at /0.0.0.0:14583
2021-11-15 13:26:22,365 [Listener at 127.0.0.1/13216] INFO  ha.SCMRatisServerImpl (SCMRatisServerImpl.java:start(177)) - starting ratis server 0.0.0.0:14580
2021-11-15 13:26:22,365 [Listener at 127.0.0.1/13216] INFO  server.RaftServer$Division (RaftServerImpl.java:start(304)) - bc85ea6b-e3ed-491f-8918-a8ebeecc8d14@group-22C475060FAB: start with initializing state, conf=-1: [], old=null
2021-11-15 13:26:22,365 [Listener at 127.0.0.1/13216] INFO  server.RaftServer$Division (RaftServerImpl.java:setRole(290)) - bc85ea6b-e3ed-491f-8918-a8ebeecc8d14@group-22C475060FAB: changes role from      null to FOLLOWER at term 0 for startInitializing
2021-11-15 13:26:22,365 [Listener at 127.0.0.1/13216] INFO  util.JmxRegister (JmxRegister.java:tryRegister(44)) - Successfully registered JMX Bean with object name Ratis:service=RaftServer,group=group-22C475060FAB,id=bc85ea6b-e3ed-491f-8918-a8ebeecc8d14
2021-11-15 13:26:22,367 [Listener at 127.0.0.1/13216] INFO  server.RaftServer (RaftServerProxy.java:lambda$start$5(374)) - bc85ea6b-e3ed-491f-8918-a8ebeecc8d14: start RPC server
2021-11-15 13:26:22,367 [Listener at 127.0.0.1/13216] INFO  server.GrpcService (GrpcService.java:startImpl(253)) - bc85ea6b-e3ed-491f-8918-a8ebeecc8d14: GrpcService started, listening on 14580
2021-11-15 13:26:22,368 [Listener at 127.0.0.1/13216] INFO  ha.SCMNodeInfo (SCMNodeInfo.java:getPort(197)) - ConfigKey ozone.scm.client.address is deprecated, For configuring different ports for each SCM use PortConfigKey ozone.scm.client.port appended with serviceId and nodeId
2021-11-15 13:26:22,368 [Listener at 127.0.0.1/13216] INFO  ha.SCMNodeInfo (SCMNodeInfo.java:getPort(197)) - ConfigKey ozone.scm.block.client.address is deprecated, For configuring different ports for each SCM use PortConfigKey ozone.scm.block.client.port appended with serviceId and nodeId
2021-11-15 13:26:22,368 [Listener at 127.0.0.1/13216] INFO  ha.SCMNodeInfo (SCMNodeInfo.java:getPort(197)) - ConfigKey ozone.scm.datanode.address is deprecated, For configuring different ports for each SCM use PortConfigKey ozone.scm.datanode.port appended with serviceId and nodeId
2021-11-15 13:26:22,369 [Listener at 127.0.0.1/13216] INFO  ha.SCMNodeInfo (SCMNodeInfo.java:getPort(197)) - ConfigKey ozone.scm.client.address is deprecated, For configuring different ports for each SCM use PortConfigKey ozone.scm.client.port appended with serviceId and nodeId
2021-11-15 13:26:22,369 [Listener at 127.0.0.1/13216] INFO  ha.SCMNodeInfo (SCMNodeInfo.java:getPort(197)) - ConfigKey ozone.scm.block.client.address is deprecated, For configuring different ports for each SCM use PortConfigKey ozone.scm.block.client.port appended with serviceId and nodeId
2021-11-15 13:26:22,369 [Listener at 127.0.0.1/13216] INFO  ha.SCMNodeInfo (SCMNodeInfo.java:getPort(197)) - ConfigKey ozone.scm.datanode.address is deprecated, For configuring different ports for each SCM use PortConfigKey ozone.scm.datanode.port appended with serviceId and nodeId
2021-11-15 13:26:22,369 [Listener at 127.0.0.1/13216] INFO  ha.SCMNodeInfo (SCMNodeInfo.java:getPort(197)) - ConfigKey ozone.scm.client.address is deprecated, For configuring different ports for each SCM use PortConfigKey ozone.scm.client.port appended with serviceId and nodeId
2021-11-15 13:26:22,369 [Listener at 127.0.0.1/13216] INFO  ha.SCMNodeInfo (SCMNodeInfo.java:getPort(197)) - ConfigKey ozone.scm.block.client.address is deprecated, For configuring different ports for each SCM use PortConfigKey ozone.scm.block.client.port appended with serviceId and nodeId
2021-11-15 13:26:22,369 [Listener at 127.0.0.1/13216] INFO  ha.SCMNodeInfo (SCMNodeInfo.java:getPort(197)) - ConfigKey ozone.scm.datanode.address is deprecated, For configuring different ports for each SCM use PortConfigKey ozone.scm.datanode.port appended with serviceId and nodeId
2021-11-15 13:26:22,375 [org.apache.ratis.util.JvmPauseMonitor$$Lambda$499/1445999733@7baae2db] INFO  util.JvmPauseMonitor (JvmPauseMonitor.java:run(103)) - JvmPauseMonitor-bc85ea6b-e3ed-491f-8918-a8ebeecc8d14: Started
2021-11-15 13:26:22,381 [IPC Server handler 27 on default port 14562] INFO  ha.SCMRatisServerImpl (SCMRatisServerImpl.java:addSCM(291)) - cea2b274-67f8-42eb-ae41-f09704fbacf0: Submitting SetConfiguration request to Ratis server with new SCM peers list: [cea2b274-67f8-42eb-ae41-f09704fbacf0|rpc:localhost:14560|admin:|client:|dataStream:|priority:0, 0a37f259-89fa-4cb5-a2dc-a190c2b03b5f|rpc:localhost:14570|priority:0, bc85ea6b-e3ed-491f-8918-a8ebeecc8d14|rpc:localhost:14580|priority:0]
2021-11-15 13:26:22,381 [IPC Server handler 27 on default port 14562] INFO  server.RaftServer$Division (RaftServerImpl.java:setConfigurationAsync(974)) - cea2b274-67f8-42eb-ae41-f09704fbacf0@group-22C475060FAB: receive setConfiguration SetConfigurationRequest:client-AC5F8339DB70->cea2b274-67f8-42eb-ae41-f09704fbacf0@group-22C475060FAB, cid=10, seq=0, RW, null, peers:[cea2b274-67f8-42eb-ae41-f09704fbacf0|rpc:localhost:14560|admin:|client:|dataStream:|priority:0, 0a37f259-89fa-4cb5-a2dc-a190c2b03b5f|rpc:localhost:14570|priority:0, bc85ea6b-e3ed-491f-8918-a8ebeecc8d14|rpc:localhost:14580|priority:0]
2021-11-15 13:26:22,381 [IPC Server handler 27 on default port 14562] INFO  server.RaftServer$Division (LeaderStateImpl.java:startSetConfiguration(358)) - cea2b274-67f8-42eb-ae41-f09704fbacf0@group-22C475060FAB-LeaderStateImpl: startSetConfiguration SetConfigurationRequest:client-AC5F8339DB70->cea2b274-67f8-42eb-ae41-f09704fbacf0@group-22C475060FAB, cid=10, seq=0, RW, null, peers:[cea2b274-67f8-42eb-ae41-f09704fbacf0|rpc:localhost:14560|admin:|client:|dataStream:|priority:0, 0a37f259-89fa-4cb5-a2dc-a190c2b03b5f|rpc:localhost:14570|priority:0, bc85ea6b-e3ed-491f-8918-a8ebeecc8d14|rpc:localhost:14580|priority:0]
2021-11-15 13:26:22,381 [IPC Server handler 27 on default port 14562] INFO  server.RaftServerConfigKeys (ConfUtils.java:logGet(44)) - raft.server.log.appender.snapshot.chunk.size.max = 16MB (=16777216) (default)
2021-11-15 13:26:22,381 [IPC Server handler 27 on default port 14562] INFO  server.RaftServerConfigKeys (ConfUtils.java:logGet(44)) - raft.server.log.appender.buffer.byte-limit = 33554432 (custom)
2021-11-15 13:26:22,381 [IPC Server handler 27 on default port 14562] INFO  server.RaftServerConfigKeys (ConfUtils.java:logGet(44)) - raft.server.log.appender.buffer.element-limit = 1024 (custom)
2021-11-15 13:26:22,382 [IPC Server handler 27 on default port 14562] INFO  grpc.GrpcConfigKeys (ConfUtils.java:logGet(44)) - raft.grpc.server.leader.outstanding.appends.max = 128 (default)
2021-11-15 13:26:22,382 [IPC Server handler 27 on default port 14562] INFO  server.RaftServerConfigKeys (ConfUtils.java:logGet(44)) - raft.server.rpc.request.timeout = 30000ms (custom)
2021-11-15 13:26:22,383 [IPC Server handler 27 on default port 14562] INFO  server.RaftServerConfigKeys (ConfUtils.java:logGet(44)) - raft.server.log.appender.install.snapshot.enabled = false (custom)
2021-11-15 13:26:22,383 [cea2b274-67f8-42eb-ae41-f09704fbacf0@group-22C475060FAB->bc85ea6b-e3ed-491f-8918-a8ebeecc8d14-GrpcLogAppender-LogAppenderDaemon] INFO  server.GrpcLogAppender (GrpcLogAppender.java:installSnapshot(550)) - cea2b274-67f8-42eb-ae41-f09704fbacf0@group-22C475060FAB->bc85ea6b-e3ed-491f-8918-a8ebeecc8d14-GrpcLogAppender: followerNextIndex = 0 but logStartIndex = 1, notify follower to install snapshot-(t:2, i:24)
2021-11-15 13:26:22,395 [cea2b274-67f8-42eb-ae41-f09704fbacf0@group-22C475060FAB->bc85ea6b-e3ed-491f-8918-a8ebeecc8d14-GrpcLogAppender-LogAppenderDaemon] INFO  server.GrpcLogAppender (GrpcLogAppender.java:installSnapshot(558)) - cea2b274-67f8-42eb-ae41-f09704fbacf0@group-22C475060FAB->bc85ea6b-e3ed-491f-8918-a8ebeecc8d14-GrpcLogAppender: send cea2b274-67f8-42eb-ae41-f09704fbacf0->bc85ea6b-e3ed-491f-8918-a8ebeecc8d14#0-t2,notify:(t:2, i:24)
2021-11-15 13:26:22,398 [EndpointStateMachine task thread for /127.0.0.1:14723 - 0 ] INFO  ipc.Client (Client.java:handleConnectionFailure(977)) - Retrying connect to server: localhost/127.0.0.1:14723. Already tried 9 time(s); retry policy is RetryUpToMaximumCountWithFixedSleep(maxRetries=15, sleepTime=1000 MILLISECONDS)
2021-11-15 13:26:22,398 [EndpointStateMachine task thread for /127.0.0.1:14733 - 0 ] INFO  ipc.Client (Client.java:handleConnectionFailure(977)) - Retrying connect to server: localhost/127.0.0.1:14733. Already tried 9 time(s); retry policy is RetryUpToMaximumCountWithFixedSleep(maxRetries=15, sleepTime=1000 MILLISECONDS)
2021-11-15 13:26:22,399 [EndpointStateMachine task thread for /127.0.0.1:14713 - 0 ] INFO  ipc.Client (Client.java:handleConnectionFailure(977)) - Retrying connect to server: localhost/127.0.0.1:14713. Already tried 9 time(s); retry policy is RetryUpToMaximumCountWithFixedSleep(maxRetries=15, sleepTime=1000 MILLISECONDS)
2021-11-15 13:26:22,407 [grpc-default-executor-1] INFO  server.RaftServer$Division (RaftServerImpl.java:installSnapshot(1332)) - bc85ea6b-e3ed-491f-8918-a8ebeecc8d14@group-22C475060FAB: receive installSnapshot: cea2b274-67f8-42eb-ae41-f09704fbacf0->bc85ea6b-e3ed-491f-8918-a8ebeecc8d14#0-t2,notify:(t:2, i:24)
2021-11-15 13:26:22,411 [grpc-default-executor-1] INFO  ha.SCMStateMachine (SCMStateMachine.java:notifyLeaderChanged(248)) - leader changed, yet current SCM is still follower.
2021-11-15 13:26:22,411 [grpc-default-executor-1] INFO  server.RaftServer$Division (ServerState.java:setLeader(285)) - bc85ea6b-e3ed-491f-8918-a8ebeecc8d14@group-22C475060FAB: change Leader from null to cea2b274-67f8-42eb-ae41-f09704fbacf0 at term 2 for installSnapshot, leader elected after 19476ms
2021-11-15 13:26:22,411 [grpc-default-executor-1] INFO  server.RaftServer$Division (RaftServerImpl.java:notifyStateMachineToInstallSnapshot(1551)) - bc85ea6b-e3ed-491f-8918-a8ebeecc8d14@group-22C475060FAB: Received notification to install snapshot at index 24
2021-11-15 13:26:22,411 [grpc-default-executor-1] INFO  server.RaftServer$Division (RaftServerImpl.java:notifyStateMachineToInstallSnapshot(1582)) - bc85ea6b-e3ed-491f-8918-a8ebeecc8d14@group-22C475060FAB: notifyInstallSnapshot: nextIndex is 0 but the leader's first available index is 24.
2021-11-15 13:26:22,411 [grpc-default-executor-1] INFO  ha.SCMStateMachine (SCMStateMachine.java:notifyInstallSnapshotFromLeader(212)) - Received install snapshot notification from SCM leader: localhost:14560 with term index: (t:2, i:24)
2021-11-15 13:26:22,411 [pool-258-thread-1] INFO  ha.SCMHAManagerImpl (SCMHAManagerImpl.java:getDBCheckpointFromLeader(206)) - Downloading checkpoint from leader SCM scmNode-1 and reloading state from the checkpoint.
2021-11-15 13:26:22,427 [grpc-default-executor-2] INFO  ha.SCMDBCheckpointProvider (SCMDBCheckpointProvider.java:writeDBCheckPointToSream(48)) - Received request to obtain SCM DB checkpoint snapshot
2021-11-15 13:26:22,452 [grpc-default-executor-2] INFO  db.RDBCheckpointManager (RDBCheckpointManager.java:createCheckpoint(86)) - Created checkpoint at /home/runner/work/ozone/ozone/hadoop-ozone/integration-test/target/test-dir/MiniOzoneClusterImpl-54fbe6a2-d836-4e9c-ac0d-22c475060fab/scmNode-1/db.checkpoints/scm.db_checkpoint_1636982782427 in 25 milliseconds
2021-11-15 13:26:22,457 [grpc-default-executor-2] INFO  ha.SCMGrpcOutputStream (SCMGrpcOutputStream.java:close(111)) - Sent 6317 bytes for cluster 54fbe6a2-d836-4e9c-ac0d-22c475060fab
2021-11-15 13:26:22,458 [grpc-default-executor-0] INFO  ha.InterSCMGrpcClient (InterSCMGrpcClient.java:onCompleted(173)) - Checkpoint is downloaded to /home/runner/work/ozone/ozone/hadoop-ozone/integration-test/target/test-dir/MiniOzoneClusterImpl-54fbe6a2-d836-4e9c-ac0d-22c475060fab/scmNode-3/snapshot/scm.db-scmNode-1-1636982782412.tar.gz
2021-11-15 13:26:22,458 [grpc-default-executor-2] INFO  ha.SCMDBCheckpointProvider (SCMDBCheckpointProvider.java:writeDBCheckPointToSream(73)) - Time taken to write the checkpoint to response output stream: 6 milliseconds
2021-11-15 13:26:22,458 [grpc-default-executor-2] INFO  db.RocksDBCheckpoint (RocksDBCheckpoint.java:cleanupCheckpoint(78)) - Cleaning up RocksDB checkpoint at /home/runner/work/ozone/ozone/hadoop-ozone/integration-test/target/test-dir/MiniOzoneClusterImpl-54fbe6a2-d836-4e9c-ac0d-22c475060fab/scmNode-1/db.checkpoints/scm.db_checkpoint_1636982782427
2021-11-15 13:26:22,495 [pool-258-thread-1] INFO  ha.SCMSnapshotProvider (SCMSnapshotProvider.java:getSCMDBSnapshot(131)) - Successfully downloaded latest checkpoint from leader SCM: scmNode-1 path /home/runner/work/ozone/ozone/hadoop-ozone/integration-test/target/test-dir/MiniOzoneClusterImpl-54fbe6a2-d836-4e9c-ac0d-22c475060fab/scmNode-3/snapshot/scm.db-scmNode-1-1636982782412
2021-11-15 13:26:22,495 [pool-258-thread-1] INFO  ha.SCMHAManagerImpl (SCMHAManagerImpl.java:downloadCheckpointFromLeader(158)) - Downloaded checkpoint from Leader scmNode-1 to the location /home/runner/work/ozone/ozone/hadoop-ozone/integration-test/target/test-dir/MiniOzoneClusterImpl-54fbe6a2-d836-4e9c-ac0d-22c475060fab/scmNode-3/snapshot/scm.db-scmNode-1-1636982782412
2021-11-15 13:26:22,566 [pool-258-thread-1] INFO  ha.SCMHAManagerImpl (SCMHAManagerImpl.java:verifyCheckpointFromLeader(172)) - Installing checkpoint with SCMTransactionInfo 2#24
2021-11-15 13:26:22,567 [pool-258-thread-1] INFO  server.RaftServer$Division (RaftServerImpl.java:lambda$notifyStateMachineToInstallSnapshot$30(1595)) - bc85ea6b-e3ed-491f-8918-a8ebeecc8d14@group-22C475060FAB: StateMachine successfully installed snapshot index 24. Reloading the StateMachine.
2021-11-15 13:26:22,567 [pool-258-thread-1] INFO  segmented.SegmentedRaftLogWorker (SegmentedRaftLogWorker.java:lambda$new$0(133)) - bc85ea6b-e3ed-491f-8918-a8ebeecc8d14@group-22C475060FAB-SegmentedRaftLogWorker: flushIndex: setUnconditionally -1 -> 24
2021-11-15 13:26:22,568 [pool-258-thread-1] INFO  segmented.SegmentedRaftLogWorker (SegmentedRaftLogWorker.java:lambda$new$0(133)) - bc85ea6b-e3ed-491f-8918-a8ebeecc8d14@group-22C475060FAB-SegmentedRaftLogWorker: safeCacheEvictIndex: setUnconditionally -1 -> 24
2021-11-15 13:26:22,568 [pool-258-thread-1] INFO  raftlog.RaftLog (RaftLogBase.java:lambda$new$0(53)) - bc85ea6b-e3ed-491f-8918-a8ebeecc8d14@group-22C475060FAB-SegmentedRaftLog: snapshotIndex: updateIncreasingly -1 -> 24
2021-11-15 13:26:22,568 [grpc-default-executor-1] INFO  server.RaftServer$Division (RaftServerImpl.java:notifyStateMachineToInstallSnapshot(1638)) - bc85ea6b-e3ed-491f-8918-a8ebeecc8d14@group-22C475060FAB: InstallSnapshot notification result: SNAPSHOT_INSTALLED, at index: 24
2021-11-15 13:26:22,568 [grpc-default-executor-1] INFO  server.RaftServer$Division (RaftServerImpl.java:installSnapshotImpl(1462)) - bc85ea6b-e3ed-491f-8918-a8ebeecc8d14@group-22C475060FAB: set new configuration index: 5
configurationEntry {
  peers {
    id: "cea2b274-67f8-42eb-ae41-f09704fbacf0"
    address: "localhost:14560"
  }
  peers {
    id: "0a37f259-89fa-4cb5-a2dc-a190c2b03b5f"
    address: "localhost:14570"
  }
}
 from snapshot
2021-11-15 13:26:22,568 [grpc-default-executor-1] INFO  server.RaftServer$Division (ServerState.java:setRaftConf(387)) - bc85ea6b-e3ed-491f-8918-a8ebeecc8d14@group-22C475060FAB: set configuration 5: [cea2b274-67f8-42eb-ae41-f09704fbacf0|rpc:localhost:14560|admin:|client:|dataStream:|priority:0, 0a37f259-89fa-4cb5-a2dc-a190c2b03b5f|rpc:localhost:14570|admin:|client:|dataStream:|priority:0], old=null
2021-11-15 13:26:22,569 [grpc-default-executor-1] INFO  server.RaftServer$Division (RaftServerImpl.java:installSnapshot(1343)) - bc85ea6b-e3ed-491f-8918-a8ebeecc8d14@group-22C475060FAB: reply installSnapshot: cea2b274-67f8-42eb-ae41-f09704fbacf0<-bc85ea6b-e3ed-491f-8918-a8ebeecc8d14#0:FAIL-t0,SNAPSHOT_INSTALLED,snapshotIndex=24
2021-11-15 13:26:22,569 [grpc-default-executor-1] INFO  server.GrpcServerProtocolService (GrpcServerProtocolService.java:onCompleted(140)) - bc85ea6b-e3ed-491f-8918-a8ebeecc8d14: Completed INSTALL_SNAPSHOT, lastRequest: cea2b274-67f8-42eb-ae41-f09704fbacf0->bc85ea6b-e3ed-491f-8918-a8ebeecc8d14#0-t2,notify:(t:2, i:24)
2021-11-15 13:26:22,570 [grpc-default-executor-2] INFO  server.GrpcLogAppender (GrpcLogAppender.java:onNext(410)) - cea2b274-67f8-42eb-ae41-f09704fbacf0@group-22C475060FAB->bc85ea6b-e3ed-491f-8918-a8ebeecc8d14-InstallSnapshotResponseHandler: received the first reply cea2b274-67f8-42eb-ae41-f09704fbacf0<-bc85ea6b-e3ed-491f-8918-a8ebeecc8d14#0:FAIL-t0,SNAPSHOT_INSTALLED,snapshotIndex=24
2021-11-15 13:26:22,570 [grpc-default-executor-2] INFO  server.GrpcLogAppender (GrpcLogAppender.java:onNext(450)) - cea2b274-67f8-42eb-ae41-f09704fbacf0@group-22C475060FAB->bc85ea6b-e3ed-491f-8918-a8ebeecc8d14-InstallSnapshotResponseHandler: Follower installed snapshot at index 24
2021-11-15 13:26:22,570 [grpc-default-executor-2] INFO  leader.FollowerInfo (FollowerInfoImpl.java:lambda$new$0(47)) - cea2b274-67f8-42eb-ae41-f09704fbacf0@group-22C475060FAB->bc85ea6b-e3ed-491f-8918-a8ebeecc8d14: snapshotIndex: setUnconditionally 0 -> 24
2021-11-15 13:26:22,570 [grpc-default-executor-2] INFO  leader.FollowerInfo (FollowerInfoImpl.java:lambda$new$0(47)) - cea2b274-67f8-42eb-ae41-f09704fbacf0@group-22C475060FAB->bc85ea6b-e3ed-491f-8918-a8ebeecc8d14: matchIndex: setUnconditionally 0 -> 24
2021-11-15 13:26:22,570 [grpc-default-executor-2] INFO  leader.FollowerInfo (FollowerInfoImpl.java:lambda$new$0(47)) - cea2b274-67f8-42eb-ae41-f09704fbacf0@group-22C475060FAB->bc85ea6b-e3ed-491f-8918-a8ebeecc8d14: nextIndex: setUnconditionally 0 -> 25
2021-11-15 13:26:22,570 [grpc-default-executor-2] INFO  leader.FollowerInfo (FollowerInfoImpl.java:setAttemptedToInstallSnapshot(116)) - Follower cea2b274-67f8-42eb-ae41-f09704fbacf0@group-22C475060FAB->bc85ea6b-e3ed-491f-8918-a8ebeecc8d14 acknowledged installing snapshot
2021-11-15 13:26:22,570 [grpc-default-executor-2] INFO  leader.FollowerInfo (FollowerInfoImpl.java:lambda$new$0(47)) - cea2b274-67f8-42eb-ae41-f09704fbacf0@group-22C475060FAB->bc85ea6b-e3ed-491f-8918-a8ebeecc8d14: nextIndex: updateToMax old=25, new=25, updated? false
2021-11-15 13:26:22,574 [grpc-default-executor-2] INFO  impl.RoleInfo (RoleInfo.java:updateAndGet(130)) - bc85ea6b-e3ed-491f-8918-a8ebeecc8d14: start bc85ea6b-e3ed-491f-8918-a8ebeecc8d14@group-22C475060FAB-FollowerState
2021-11-15 13:26:22,618 [bc85ea6b-e3ed-491f-8918-a8ebeecc8d14@group-22C475060FAB-StateMachineUpdater] INFO  ha.SCMHAManagerImpl (SCMHAManagerImpl.java:installCheckpoint(227)) - Installing checkpoint with SCMTransactionInfo 2#24
2021-11-15 13:26:22,619 [bc85ea6b-e3ed-491f-8918-a8ebeecc8d14@group-22C475060FAB-StateMachineUpdater] INFO  ha.SCMHAManagerImpl (SCMHAManagerImpl.java:installCheckpoint(266)) - Replaced DB with checkpoint, term: 2, index: 24
2021-11-15 13:26:22,619 [bc85ea6b-e3ed-491f-8918-a8ebeecc8d14@group-22C475060FAB-StateMachineUpdater] WARN  utils.HAUtils (HAUtils.java:getMetaDir(342)) - ozone.scm.db.dirs is not configured. We recommend adding this setting. Falling back to ozone.metadata.dirs instead.
2021-11-15 13:26:22,619 [bc85ea6b-e3ed-491f-8918-a8ebeecc8d14@group-22C475060FAB-StateMachineUpdater] WARN  db.DBStoreBuilder (DBStoreBuilder.java:applyDBDefinition(145)) - ozone.scm.db.dirs is not configured. We recommend adding this setting. Falling back to ozone.metadata.dirs instead.
2021-11-15 13:26:22,690 [bc85ea6b-e3ed-491f-8918-a8ebeecc8d14@group-22C475060FAB-StateMachineUpdater] INFO  ha.SequenceIdGenerator (SequenceIdGenerator.java:reinitialize(166)) - reinitialize SequenceIdGenerator.
2021-11-15 13:26:22,696 [bc85ea6b-e3ed-491f-8918-a8ebeecc8d14@group-22C475060FAB-StateMachineUpdater] INFO  ha.SCMHAManagerImpl (SCMHAManagerImpl.java:installCheckpoint(277)) - Reloaded SCM state with Term: 2 and Index: 24
2021-11-15 13:26:22,697 [bc85ea6b-e3ed-491f-8918-a8ebeecc8d14@group-22C475060FAB-StateMachineUpdater] INFO  impl.StateMachineUpdater (StateMachineUpdater.java:lambda$new$0(89)) - bc85ea6b-e3ed-491f-8918-a8ebeecc8d14@group-22C475060FAB-StateMachineUpdater: snapshotIndex: setUnconditionally -1 -> 24
2021-11-15 13:26:22,697 [bc85ea6b-e3ed-491f-8918-a8ebeecc8d14@group-22C475060FAB-StateMachineUpdater] INFO  impl.StateMachineUpdater (StateMachineUpdater.java:lambda$new$0(89)) - bc85ea6b-e3ed-491f-8918-a8ebeecc8d14@group-22C475060FAB-StateMachineUpdater: appliedIndex: setUnconditionally -1 -> 24
2021-11-15 13:26:22,850 [Datanode State Machine Daemon Thread] ERROR datanode.RunningDatanodeState (RunningDatanodeState.java:computeNextContainerState(199)) - Error in executing end point task.
java.util.concurrent.ExecutionException: java.util.concurrent.TimeoutException
	at java.util.concurrent.FutureTask.report(FutureTask.java:122)
	at java.util.concurrent.FutureTask.get(FutureTask.java:192)
	at org.apache.hadoop.ozone.container.common.states.datanode.RunningDatanodeState.computeNextContainerState(RunningDatanodeState.java:191)
	at org.apache.hadoop.ozone.container.common.states.datanode.RunningDatanodeState.await(RunningDatanodeState.java:231)
	at org.apache.hadoop.ozone.container.common.states.datanode.RunningDatanodeState.await(RunningDatanodeState.java:50)
	at org.apache.hadoop.ozone.container.common.statemachine.StateContext.execute(StateContext.java:633)
	at org.apache.hadoop.ozone.container.common.statemachine.DatanodeStateMachine.start(DatanodeStateMachine.java:280)
	at org.apache.hadoop.ozone.container.common.statemachine.DatanodeStateMachine.lambda$startDaemon$0(DatanodeStateMachine.java:468)
	at java.lang.Thread.run(Thread.java:748)
Caused by: java.util.concurrent.TimeoutException
	at java.util.concurrent.FutureTask.get(FutureTask.java:205)
	at org.apache.hadoop.ozone.container.common.states.datanode.RunningDatanodeState.lambda$execute$0(RunningDatanodeState.java:149)
	at java.util.concurrent.FutureTask.run(FutureTask.java:266)
	at java.util.concurrent.Executors$RunnableAdapter.call(Executors.java:511)
	at java.util.concurrent.FutureTask.run(FutureTask.java:266)
	at java.util.concurrent.ThreadPoolExecutor.runWorker(ThreadPoolExecutor.java:1149)
	at java.util.concurrent.ThreadPoolExecutor$Worker.run(ThreadPoolExecutor.java:624)
	... 1 more
2021-11-15 13:26:23,398 [EndpointStateMachine task thread for /127.0.0.1:14723 - 0 ] INFO  ipc.Client (Client.java:handleConnectionFailure(977)) - Retrying connect to server: localhost/127.0.0.1:14723. Already tried 10 time(s); retry policy is RetryUpToMaximumCountWithFixedSleep(maxRetries=15, sleepTime=1000 MILLISECONDS)
2021-11-15 13:26:23,399 [EndpointStateMachine task thread for /127.0.0.1:14733 - 0 ] INFO  ipc.Client (Client.java:handleConnectionFailure(977)) - Retrying connect to server: localhost/127.0.0.1:14733. Already tried 10 time(s); retry policy is RetryUpToMaximumCountWithFixedSleep(maxRetries=15, sleepTime=1000 MILLISECONDS)
2021-11-15 13:26:23,399 [EndpointStateMachine task thread for /127.0.0.1:14713 - 0 ] INFO  ipc.Client (Client.java:handleConnectionFailure(977)) - Retrying connect to server: localhost/127.0.0.1:14713. Already tried 10 time(s); retry policy is RetryUpToMaximumCountWithFixedSleep(maxRetries=15, sleepTime=1000 MILLISECONDS)
2021-11-15 13:26:23,852 [Datanode State Machine Daemon Thread] ERROR datanode.RunningDatanodeState (RunningDatanodeState.java:computeNextContainerState(199)) - Error in executing end point task.
java.util.concurrent.ExecutionException: java.util.concurrent.TimeoutException
	at java.util.concurrent.FutureTask.report(FutureTask.java:122)
	at java.util.concurrent.FutureTask.get(FutureTask.java:192)
	at org.apache.hadoop.ozone.container.common.states.datanode.RunningDatanodeState.computeNextContainerState(RunningDatanodeState.java:191)
	at org.apache.hadoop.ozone.container.common.states.datanode.RunningDatanodeState.await(RunningDatanodeState.java:231)
	at org.apache.hadoop.ozone.container.common.states.datanode.RunningDatanodeState.await(RunningDatanodeState.java:50)
	at org.apache.hadoop.ozone.container.common.statemachine.StateContext.execute(StateContext.java:633)
	at org.apache.hadoop.ozone.container.common.statemachine.DatanodeStateMachine.start(DatanodeStateMachine.java:280)
	at org.apache.hadoop.ozone.container.common.statemachine.DatanodeStateMachine.lambda$startDaemon$0(DatanodeStateMachine.java:468)
	at java.lang.Thread.run(Thread.java:748)
Caused by: java.util.concurrent.TimeoutException
	at java.util.concurrent.FutureTask.get(FutureTask.java:205)
	at org.apache.hadoop.ozone.container.common.states.datanode.RunningDatanodeState.lambda$execute$0(RunningDatanodeState.java:149)
	at java.util.concurrent.FutureTask.run(FutureTask.java:266)
	at java.util.concurrent.Executors$RunnableAdapter.call(Executors.java:511)
	at java.util.concurrent.FutureTask.run(FutureTask.java:266)
	at java.util.concurrent.ThreadPoolExecutor.runWorker(ThreadPoolExecutor.java:1149)
	at java.util.concurrent.ThreadPoolExecutor$Worker.run(ThreadPoolExecutor.java:624)
	... 1 more
2021-11-15 13:26:24,399 [EndpointStateMachine task thread for /127.0.0.1:14723 - 0 ] INFO  ipc.Client (Client.java:handleConnectionFailure(977)) - Retrying connect to server: localhost/127.0.0.1:14723. Already tried 11 time(s); retry policy is RetryUpToMaximumCountWithFixedSleep(maxRetries=15, sleepTime=1000 MILLISECONDS)
2021-11-15 13:26:24,399 [EndpointStateMachine task thread for /127.0.0.1:14733 - 0 ] INFO  ipc.Client (Client.java:handleConnectionFailure(977)) - Retrying connect to server: localhost/127.0.0.1:14733. Already tried 11 time(s); retry policy is RetryUpToMaximumCountWithFixedSleep(maxRetries=15, sleepTime=1000 MILLISECONDS)
2021-11-15 13:26:24,400 [EndpointStateMachine task thread for /127.0.0.1:14713 - 0 ] INFO  ipc.Client (Client.java:handleConnectionFailure(977)) - Retrying connect to server: localhost/127.0.0.1:14713. Already tried 11 time(s); retry policy is RetryUpToMaximumCountWithFixedSleep(maxRetries=15, sleepTime=1000 MILLISECONDS)
2021-11-15 13:26:24,537 [Datanode State Machine Daemon Thread] ERROR datanode.RunningDatanodeState (RunningDatanodeState.java:computeNextContainerState(199)) - Error in executing end point task.
java.util.concurrent.ExecutionException: java.util.concurrent.TimeoutException
	at java.util.concurrent.FutureTask.report(FutureTask.java:122)
	at java.util.concurrent.FutureTask.get(FutureTask.java:192)
	at org.apache.hadoop.ozone.container.common.states.datanode.RunningDatanodeState.computeNextContainerState(RunningDatanodeState.java:191)
	at org.apache.hadoop.ozone.container.common.states.datanode.RunningDatanodeState.await(RunningDatanodeState.java:231)
	at org.apache.hadoop.ozone.container.common.states.datanode.RunningDatanodeState.await(RunningDatanodeState.java:50)
	at org.apache.hadoop.ozone.container.common.statemachine.StateContext.execute(StateContext.java:633)
	at org.apache.hadoop.ozone.container.common.statemachine.DatanodeStateMachine.start(DatanodeStateMachine.java:280)
	at org.apache.hadoop.ozone.container.common.statemachine.DatanodeStateMachine.lambda$startDaemon$0(DatanodeStateMachine.java:468)
	at java.lang.Thread.run(Thread.java:748)
Caused by: java.util.concurrent.TimeoutException
	at java.util.concurrent.FutureTask.get(FutureTask.java:205)
	at org.apache.hadoop.ozone.container.common.states.datanode.RunningDatanodeState.lambda$execute$0(RunningDatanodeState.java:149)
	at java.util.concurrent.FutureTask.run(FutureTask.java:266)
	at java.util.concurrent.Executors$RunnableAdapter.call(Executors.java:511)
	at java.util.concurrent.FutureTask.run(FutureTask.java:266)
	at java.util.concurrent.ThreadPoolExecutor.runWorker(ThreadPoolExecutor.java:1149)
	at java.util.concurrent.ThreadPoolExecutor$Worker.run(ThreadPoolExecutor.java:624)
	... 1 more
2021-11-15 13:26:24,600 [Datanode State Machine Daemon Thread] ERROR datanode.RunningDatanodeState (RunningDatanodeState.java:computeNextContainerState(199)) - Error in executing end point task.
java.util.concurrent.ExecutionException: java.util.concurrent.TimeoutException
	at java.util.concurrent.FutureTask.report(FutureTask.java:122)
	at java.util.concurrent.FutureTask.get(FutureTask.java:192)
	at org.apache.hadoop.ozone.container.common.states.datanode.RunningDatanodeState.computeNextContainerState(RunningDatanodeState.java:191)
	at org.apache.hadoop.ozone.container.common.states.datanode.RunningDatanodeState.await(RunningDatanodeState.java:231)
	at org.apache.hadoop.ozone.container.common.states.datanode.RunningDatanodeState.await(RunningDatanodeState.java:50)
	at org.apache.hadoop.ozone.container.common.statemachine.StateContext.execute(StateContext.java:633)
	at org.apache.hadoop.ozone.container.common.statemachine.DatanodeStateMachine.start(DatanodeStateMachine.java:280)
	at org.apache.hadoop.ozone.container.common.statemachine.DatanodeStateMachine.lambda$startDaemon$0(DatanodeStateMachine.java:468)
	at java.lang.Thread.run(Thread.java:748)
Caused by: java.util.concurrent.TimeoutException
	at java.util.concurrent.FutureTask.get(FutureTask.java:205)
	at org.apache.hadoop.ozone.container.common.states.datanode.RunningDatanodeState.lambda$execute$0(RunningDatanodeState.java:149)
	at java.util.concurrent.FutureTask.run(FutureTask.java:266)
	at java.util.concurrent.Executors$RunnableAdapter.call(Executors.java:511)
	at java.util.concurrent.FutureTask.run(FutureTask.java:266)
	at java.util.concurrent.ThreadPoolExecutor.runWorker(ThreadPoolExecutor.java:1149)
	at java.util.concurrent.ThreadPoolExecutor$Worker.run(ThreadPoolExecutor.java:624)
	... 1 more
2021-11-15 13:26:24,859 [Datanode State Machine Daemon Thread] ERROR datanode.RunningDatanodeState (RunningDatanodeState.java:computeNextContainerState(199)) - Error in executing end point task.
java.util.concurrent.ExecutionException: java.util.concurrent.TimeoutException
	at java.util.concurrent.FutureTask.report(FutureTask.java:122)
	at java.util.concurrent.FutureTask.get(FutureTask.java:192)
	at org.apache.hadoop.ozone.container.common.states.datanode.RunningDatanodeState.computeNextContainerState(RunningDatanodeState.java:191)
	at org.apache.hadoop.ozone.container.common.states.datanode.RunningDatanodeState.await(RunningDatanodeState.java:231)
	at org.apache.hadoop.ozone.container.common.states.datanode.RunningDatanodeState.await(RunningDatanodeState.java:50)
	at org.apache.hadoop.ozone.container.common.statemachine.StateContext.execute(StateContext.java:633)
	at org.apache.hadoop.ozone.container.common.statemachine.DatanodeStateMachine.start(DatanodeStateMachine.java:280)
	at org.apache.hadoop.ozone.container.common.statemachine.DatanodeStateMachine.lambda$startDaemon$0(DatanodeStateMachine.java:468)
	at java.lang.Thread.run(Thread.java:748)
Caused by: java.util.concurrent.TimeoutException
	at java.util.concurrent.FutureTask.get(FutureTask.java:205)
	at org.apache.hadoop.ozone.container.common.states.datanode.RunningDatanodeState.lambda$execute$0(RunningDatanodeState.java:149)
	at java.util.concurrent.FutureTask.run(FutureTask.java:266)
	at java.util.concurrent.Executors$RunnableAdapter.call(Executors.java:511)
	at java.util.concurrent.FutureTask.run(FutureTask.java:266)
	at java.util.concurrent.ThreadPoolExecutor.runWorker(ThreadPoolExecutor.java:1149)
	at java.util.concurrent.ThreadPoolExecutor$Worker.run(ThreadPoolExecutor.java:624)
	... 1 more
2021-11-15 13:26:25,400 [EndpointStateMachine task thread for /127.0.0.1:14723 - 0 ] INFO  ipc.Client (Client.java:handleConnectionFailure(977)) - Retrying connect to server: localhost/127.0.0.1:14723. Already tried 12 time(s); retry policy is RetryUpToMaximumCountWithFixedSleep(maxRetries=15, sleepTime=1000 MILLISECONDS)
2021-11-15 13:26:25,400 [EndpointStateMachine task thread for /127.0.0.1:14733 - 0 ] INFO  ipc.Client (Client.java:handleConnectionFailure(977)) - Retrying connect to server: localhost/127.0.0.1:14733. Already tried 12 time(s); retry policy is RetryUpToMaximumCountWithFixedSleep(maxRetries=15, sleepTime=1000 MILLISECONDS)
2021-11-15 13:26:25,400 [EndpointStateMachine task thread for /127.0.0.1:14713 - 0 ] INFO  ipc.Client (Client.java:handleConnectionFailure(977)) - Retrying connect to server: localhost/127.0.0.1:14713. Already tried 12 time(s); retry policy is RetryUpToMaximumCountWithFixedSleep(maxRetries=15, sleepTime=1000 MILLISECONDS)
2021-11-15 13:26:25,539 [Datanode State Machine Daemon Thread] ERROR datanode.RunningDatanodeState (RunningDatanodeState.java:computeNextContainerState(199)) - Error in executing end point task.
java.util.concurrent.ExecutionException: java.util.concurrent.TimeoutException
	at java.util.concurrent.FutureTask.report(FutureTask.java:122)
	at java.util.concurrent.FutureTask.get(FutureTask.java:192)
	at org.apache.hadoop.ozone.container.common.states.datanode.RunningDatanodeState.computeNextContainerState(RunningDatanodeState.java:191)
	at org.apache.hadoop.ozone.container.common.states.datanode.RunningDatanodeState.await(RunningDatanodeState.java:231)
	at org.apache.hadoop.ozone.container.common.states.datanode.RunningDatanodeState.await(RunningDatanodeState.java:50)
	at org.apache.hadoop.ozone.container.common.statemachine.StateContext.execute(StateContext.java:633)
	at org.apache.hadoop.ozone.container.common.statemachine.DatanodeStateMachine.start(DatanodeStateMachine.java:280)
	at org.apache.hadoop.ozone.container.common.statemachine.DatanodeStateMachine.lambda$startDaemon$0(DatanodeStateMachine.java:468)
	at java.lang.Thread.run(Thread.java:748)
Caused by: java.util.concurrent.TimeoutException
	at java.util.concurrent.FutureTask.get(FutureTask.java:205)
	at org.apache.hadoop.ozone.container.common.states.datanode.RunningDatanodeState.lambda$execute$0(RunningDatanodeState.java:149)
	at java.util.concurrent.FutureTask.run(FutureTask.java:266)
	at java.util.concurrent.Executors$RunnableAdapter.call(Executors.java:511)
	at java.util.concurrent.FutureTask.run(FutureTask.java:266)
	at java.util.concurrent.ThreadPoolExecutor.runWorker(ThreadPoolExecutor.java:1149)
	at java.util.concurrent.ThreadPoolExecutor$Worker.run(ThreadPoolExecutor.java:624)
	... 1 more
2021-11-15 13:26:26,400 [EndpointStateMachine task thread for /127.0.0.1:14723 - 0 ] INFO  ipc.Client (Client.java:handleConnectionFailure(977)) - Retrying connect to server: localhost/127.0.0.1:14723. Already tried 13 time(s); retry policy is RetryUpToMaximumCountWithFixedSleep(maxRetries=15, sleepTime=1000 MILLISECONDS)
2021-11-15 13:26:26,401 [EndpointStateMachine task thread for /127.0.0.1:14733 - 0 ] INFO  ipc.Client (Client.java:handleConnectionFailure(977)) - Retrying connect to server: localhost/127.0.0.1:14733. Already tried 13 time(s); retry policy is RetryUpToMaximumCountWithFixedSleep(maxRetries=15, sleepTime=1000 MILLISECONDS)
2021-11-15 13:26:26,401 [EndpointStateMachine task thread for /127.0.0.1:14713 - 0 ] INFO  ipc.Client (Client.java:handleConnectionFailure(977)) - Retrying connect to server: localhost/127.0.0.1:14713. Already tried 13 time(s); retry policy is RetryUpToMaximumCountWithFixedSleep(maxRetries=15, sleepTime=1000 MILLISECONDS)
2021-11-15 13:26:26,542 [Datanode State Machine Daemon Thread] ERROR datanode.RunningDatanodeState (RunningDatanodeState.java:computeNextContainerState(199)) - Error in executing end point task.
java.util.concurrent.ExecutionException: java.util.concurrent.TimeoutException
	at java.util.concurrent.FutureTask.report(FutureTask.java:122)
	at java.util.concurrent.FutureTask.get(FutureTask.java:192)
	at org.apache.hadoop.ozone.container.common.states.datanode.RunningDatanodeState.computeNextContainerState(RunningDatanodeState.java:191)
	at org.apache.hadoop.ozone.container.common.states.datanode.RunningDatanodeState.await(RunningDatanodeState.java:231)
	at org.apache.hadoop.ozone.container.common.states.datanode.RunningDatanodeState.await(RunningDatanodeState.java:50)
	at org.apache.hadoop.ozone.container.common.statemachine.StateContext.execute(StateContext.java:633)
	at org.apache.hadoop.ozone.container.common.statemachine.DatanodeStateMachine.start(DatanodeStateMachine.java:280)
	at org.apache.hadoop.ozone.container.common.statemachine.DatanodeStateMachine.lambda$startDaemon$0(DatanodeStateMachine.java:468)
	at java.lang.Thread.run(Thread.java:748)
Caused by: java.util.concurrent.TimeoutException
	at java.util.concurrent.FutureTask.get(FutureTask.java:205)
	at org.apache.hadoop.ozone.container.common.states.datanode.RunningDatanodeState.lambda$execute$0(RunningDatanodeState.java:149)
	at java.util.concurrent.FutureTask.run(FutureTask.java:266)
	at java.util.concurrent.Executors$RunnableAdapter.call(Executors.java:511)
	at java.util.concurrent.FutureTask.run(FutureTask.java:266)
	at java.util.concurrent.ThreadPoolExecutor.runWorker(ThreadPoolExecutor.java:1149)
	at java.util.concurrent.ThreadPoolExecutor$Worker.run(ThreadPoolExecutor.java:624)
	... 1 more
2021-11-15 13:26:26,605 [Datanode State Machine Daemon Thread] ERROR datanode.RunningDatanodeState (RunningDatanodeState.java:computeNextContainerState(199)) - Error in executing end point task.
java.util.concurrent.ExecutionException: java.util.concurrent.TimeoutException
	at java.util.concurrent.FutureTask.report(FutureTask.java:122)
	at java.util.concurrent.FutureTask.get(FutureTask.java:192)
	at org.apache.hadoop.ozone.container.common.states.datanode.RunningDatanodeState.computeNextContainerState(RunningDatanodeState.java:191)
	at org.apache.hadoop.ozone.container.common.states.datanode.RunningDatanodeState.await(RunningDatanodeState.java:231)
	at org.apache.hadoop.ozone.container.common.states.datanode.RunningDatanodeState.await(RunningDatanodeState.java:50)
	at org.apache.hadoop.ozone.container.common.statemachine.StateContext.execute(StateContext.java:633)
	at org.apache.hadoop.ozone.container.common.statemachine.DatanodeStateMachine.start(DatanodeStateMachine.java:280)
	at org.apache.hadoop.ozone.container.common.statemachine.DatanodeStateMachine.lambda$startDaemon$0(DatanodeStateMachine.java:468)
	at java.lang.Thread.run(Thread.java:748)
Caused by: java.util.concurrent.TimeoutException
	at java.util.concurrent.FutureTask.get(FutureTask.java:205)
	at org.apache.hadoop.ozone.container.common.states.datanode.RunningDatanodeState.lambda$execute$0(RunningDatanodeState.java:149)
	at java.util.concurrent.FutureTask.run(FutureTask.java:266)
	at java.util.concurrent.Executors$RunnableAdapter.call(Executors.java:511)
	at java.util.concurrent.FutureTask.run(FutureTask.java:266)
	at java.util.concurrent.ThreadPoolExecutor.runWorker(ThreadPoolExecutor.java:1149)
	at java.util.concurrent.ThreadPoolExecutor$Worker.run(ThreadPoolExecutor.java:624)
	... 1 more
2021-11-15 13:26:26,703 [15c58fd6-591f-43e3-aa4f-ac792bae557b@group-D7B3E088EE4D-FollowerState] INFO  impl.FollowerState (FollowerState.java:run(134)) - 15c58fd6-591f-43e3-aa4f-ac792bae557b@group-D7B3E088EE4D-FollowerState: change to CANDIDATE, lastRpcElapsedTime:5068501615ns, electionTimeout:5063ms
2021-11-15 13:26:26,703 [15c58fd6-591f-43e3-aa4f-ac792bae557b@group-D7B3E088EE4D-FollowerState] INFO  impl.RoleInfo (RoleInfo.java:shutdownFollowerState(108)) - 15c58fd6-591f-43e3-aa4f-ac792bae557b: shutdown 15c58fd6-591f-43e3-aa4f-ac792bae557b@group-D7B3E088EE4D-FollowerState
2021-11-15 13:26:26,703 [15c58fd6-591f-43e3-aa4f-ac792bae557b@group-D7B3E088EE4D-FollowerState] INFO  server.RaftServer$Division (RaftServerImpl.java:setRole(290)) - 15c58fd6-591f-43e3-aa4f-ac792bae557b@group-D7B3E088EE4D: changes role from  FOLLOWER to CANDIDATE at term 2 for changeToCandidate
2021-11-15 13:26:26,703 [15c58fd6-591f-43e3-aa4f-ac792bae557b@group-D7B3E088EE4D-FollowerState] INFO  server.RaftServerConfigKeys (ConfUtils.java:logGet(44)) - raft.server.leaderelection.pre-vote = false (custom)
2021-11-15 13:26:26,703 [15c58fd6-591f-43e3-aa4f-ac792bae557b@group-D7B3E088EE4D-FollowerState] INFO  impl.RoleInfo (RoleInfo.java:updateAndGet(130)) - 15c58fd6-591f-43e3-aa4f-ac792bae557b: start 15c58fd6-591f-43e3-aa4f-ac792bae557b@group-D7B3E088EE4D-LeaderElection20
2021-11-15 13:26:26,715 [15c58fd6-591f-43e3-aa4f-ac792bae557b@group-D7B3E088EE4D-LeaderElection20] INFO  impl.LeaderElection (LeaderElection.java:askForVotes(306)) - 15c58fd6-591f-43e3-aa4f-ac792bae557b@group-D7B3E088EE4D-LeaderElection20 ELECTION round 0: submit vote requests at term 3 for -1: [a7a9ee06-acf8-4996-94fe-a30a2f736f46|rpc:127.0.0.1:35177|priority:1, 1b7637b9-df73-4fd2-9553-6cec13ff666d|rpc:127.0.0.1:41211|priority:0, 15c58fd6-591f-43e3-aa4f-ac792bae557b|rpc:127.0.0.1:34937|priority:0], old=null
2021-11-15 13:26:26,731 [grpc-default-executor-1] INFO  server.RaftServer$Division (RaftServerImpl.java:requestVote(1046)) - a7a9ee06-acf8-4996-94fe-a30a2f736f46@group-D7B3E088EE4D: receive requestVote(ELECTION, 15c58fd6-591f-43e3-aa4f-ac792bae557b, group-D7B3E088EE4D, 3, (t:0, i:0))
2021-11-15 13:26:26,731 [grpc-default-executor-1] INFO  impl.VoteContext (VoteContext.java:log(48)) - a7a9ee06-acf8-4996-94fe-a30a2f736f46@group-D7B3E088EE4D-FOLLOWER: reject ELECTION from 15c58fd6-591f-43e3-aa4f-ac792bae557b: our priority 1 > candidate's priority 0
2021-11-15 13:26:26,731 [grpc-default-executor-1] INFO  server.RaftServer$Division (RaftServerImpl.java:setRole(290)) - a7a9ee06-acf8-4996-94fe-a30a2f736f46@group-D7B3E088EE4D: changes role from  FOLLOWER to FOLLOWER at term 3 for candidate:15c58fd6-591f-43e3-aa4f-ac792bae557b
2021-11-15 13:26:26,731 [grpc-default-executor-1] INFO  impl.RoleInfo (RoleInfo.java:shutdownFollowerState(108)) - a7a9ee06-acf8-4996-94fe-a30a2f736f46: shutdown a7a9ee06-acf8-4996-94fe-a30a2f736f46@group-D7B3E088EE4D-FollowerState
2021-11-15 13:26:26,731 [grpc-default-executor-1] INFO  impl.RoleInfo (RoleInfo.java:updateAndGet(130)) - a7a9ee06-acf8-4996-94fe-a30a2f736f46: start a7a9ee06-acf8-4996-94fe-a30a2f736f46@group-D7B3E088EE4D-FollowerState
2021-11-15 13:26:26,731 [a7a9ee06-acf8-4996-94fe-a30a2f736f46@group-D7B3E088EE4D-FollowerState] INFO  impl.FollowerState (FollowerState.java:run(143)) - a7a9ee06-acf8-4996-94fe-a30a2f736f46@group-D7B3E088EE4D-FollowerState was interrupted: {}
java.lang.InterruptedException: sleep interrupted
	at java.lang.Thread.sleep(Native Method)
	at java.lang.Thread.sleep(Thread.java:340)
	at java.util.concurrent.TimeUnit.sleep(TimeUnit.java:386)
	at org.apache.ratis.util.TimeDuration.sleep(TimeDuration.java:324)
	at org.apache.ratis.util.TimeDuration.sleep(TimeDuration.java:309)
	at org.apache.ratis.server.impl.FollowerState.run(FollowerState.java:118)
2021-11-15 13:26:26,746 [grpc-default-executor-1] INFO  server.RaftServer$Division (RaftServerImpl.java:requestVote(1078)) - a7a9ee06-acf8-4996-94fe-a30a2f736f46@group-D7B3E088EE4D replies to ELECTION vote request: 15c58fd6-591f-43e3-aa4f-ac792bae557b<-a7a9ee06-acf8-4996-94fe-a30a2f736f46#0:FAIL-t3. Peer's state: a7a9ee06-acf8-4996-94fe-a30a2f736f46@group-D7B3E088EE4D:t3, leader=null, voted=null, raftlog=a7a9ee06-acf8-4996-94fe-a30a2f736f46@group-D7B3E088EE4D-SegmentedRaftLog:OPENED:c-1, conf=-1: [a7a9ee06-acf8-4996-94fe-a30a2f736f46|rpc:127.0.0.1:35177|dataStream:|priority:1, 1b7637b9-df73-4fd2-9553-6cec13ff666d|rpc:127.0.0.1:41211|dataStream:|priority:0, 15c58fd6-591f-43e3-aa4f-ac792bae557b|rpc:127.0.0.1:34937|dataStream:|priority:0], old=null
2021-11-15 13:26:26,747 [grpc-default-executor-2] INFO  server.RaftServer$Division (RaftServerImpl.java:requestVote(1046)) - 1b7637b9-df73-4fd2-9553-6cec13ff666d@group-D7B3E088EE4D: receive requestVote(ELECTION, 15c58fd6-591f-43e3-aa4f-ac792bae557b, group-D7B3E088EE4D, 3, (t:0, i:0))
2021-11-15 13:26:26,747 [grpc-default-executor-2] INFO  impl.VoteContext (VoteContext.java:log(48)) - 1b7637b9-df73-4fd2-9553-6cec13ff666d@group-D7B3E088EE4D-FOLLOWER: accept ELECTION from 15c58fd6-591f-43e3-aa4f-ac792bae557b: our priority 0 <= candidate's priority 0
2021-11-15 13:26:26,747 [grpc-default-executor-2] INFO  server.RaftServer$Division (RaftServerImpl.java:setRole(290)) - 1b7637b9-df73-4fd2-9553-6cec13ff666d@group-D7B3E088EE4D: changes role from  FOLLOWER to FOLLOWER at term 3 for candidate:15c58fd6-591f-43e3-aa4f-ac792bae557b
2021-11-15 13:26:26,747 [grpc-default-executor-2] INFO  impl.RoleInfo (RoleInfo.java:shutdownFollowerState(108)) - 1b7637b9-df73-4fd2-9553-6cec13ff666d: shutdown 1b7637b9-df73-4fd2-9553-6cec13ff666d@group-D7B3E088EE4D-FollowerState
2021-11-15 13:26:26,747 [grpc-default-executor-2] INFO  impl.RoleInfo (RoleInfo.java:updateAndGet(130)) - 1b7637b9-df73-4fd2-9553-6cec13ff666d: start 1b7637b9-df73-4fd2-9553-6cec13ff666d@group-D7B3E088EE4D-FollowerState
2021-11-15 13:26:26,747 [1b7637b9-df73-4fd2-9553-6cec13ff666d@group-D7B3E088EE4D-FollowerState] INFO  impl.FollowerState (FollowerState.java:run(143)) - 1b7637b9-df73-4fd2-9553-6cec13ff666d@group-D7B3E088EE4D-FollowerState was interrupted: {}
java.lang.InterruptedException: sleep interrupted
	at java.lang.Thread.sleep(Native Method)
	at java.lang.Thread.sleep(Thread.java:340)
	at java.util.concurrent.TimeUnit.sleep(TimeUnit.java:386)
	at org.apache.ratis.util.TimeDuration.sleep(TimeDuration.java:324)
	at org.apache.ratis.util.TimeDuration.sleep(TimeDuration.java:309)
	at org.apache.ratis.server.impl.FollowerState.run(FollowerState.java:118)
2021-11-15 13:26:26,750 [15c58fd6-591f-43e3-aa4f-ac792bae557b@group-D7B3E088EE4D-LeaderElection20] INFO  impl.LeaderElection (LeaderElection.java:logAndReturn(89)) - 15c58fd6-591f-43e3-aa4f-ac792bae557b@group-D7B3E088EE4D-LeaderElection20: ELECTION REJECTED received 1 response(s) and 0 exception(s):
2021-11-15 13:26:26,770 [15c58fd6-591f-43e3-aa4f-ac792bae557b@group-D7B3E088EE4D-LeaderElection20] INFO  impl.LeaderElection (LeaderElection.java:logAndReturn(93)) -   Response 0: 15c58fd6-591f-43e3-aa4f-ac792bae557b<-a7a9ee06-acf8-4996-94fe-a30a2f736f46#0:FAIL-t3
2021-11-15 13:26:26,770 [15c58fd6-591f-43e3-aa4f-ac792bae557b@group-D7B3E088EE4D-LeaderElection20] INFO  impl.LeaderElection (LeaderElection.java:askForVotes(308)) - 15c58fd6-591f-43e3-aa4f-ac792bae557b@group-D7B3E088EE4D-LeaderElection20 ELECTION round 0: result REJECTED
2021-11-15 13:26:26,770 [15c58fd6-591f-43e3-aa4f-ac792bae557b@group-D7B3E088EE4D-LeaderElection20] INFO  server.RaftServer$Division (RaftServerImpl.java:setRole(290)) - 15c58fd6-591f-43e3-aa4f-ac792bae557b@group-D7B3E088EE4D: changes role from CANDIDATE to FOLLOWER at term 3 for REJECTED
2021-11-15 13:26:26,770 [15c58fd6-591f-43e3-aa4f-ac792bae557b@group-D7B3E088EE4D-LeaderElection20] INFO  impl.RoleInfo (RoleInfo.java:shutdownLeaderElection(121)) - 15c58fd6-591f-43e3-aa4f-ac792bae557b: shutdown 15c58fd6-591f-43e3-aa4f-ac792bae557b@group-D7B3E088EE4D-LeaderElection20
2021-11-15 13:26:26,770 [15c58fd6-591f-43e3-aa4f-ac792bae557b@group-D7B3E088EE4D-LeaderElection20] INFO  impl.RoleInfo (RoleInfo.java:updateAndGet(130)) - 15c58fd6-591f-43e3-aa4f-ac792bae557b: start 15c58fd6-591f-43e3-aa4f-ac792bae557b@group-D7B3E088EE4D-FollowerState
2021-11-15 13:26:26,770 [grpc-default-executor-2] INFO  server.RaftServer$Division (RaftServerImpl.java:requestVote(1078)) - 1b7637b9-df73-4fd2-9553-6cec13ff666d@group-D7B3E088EE4D replies to ELECTION vote request: 15c58fd6-591f-43e3-aa4f-ac792bae557b<-1b7637b9-df73-4fd2-9553-6cec13ff666d#0:OK-t3. Peer's state: 1b7637b9-df73-4fd2-9553-6cec13ff666d@group-D7B3E088EE4D:t3, leader=null, voted=15c58fd6-591f-43e3-aa4f-ac792bae557b, raftlog=1b7637b9-df73-4fd2-9553-6cec13ff666d@group-D7B3E088EE4D-SegmentedRaftLog:OPENED:c-1, conf=-1: [a7a9ee06-acf8-4996-94fe-a30a2f736f46|rpc:127.0.0.1:35177|dataStream:|priority:1, 1b7637b9-df73-4fd2-9553-6cec13ff666d|rpc:127.0.0.1:41211|dataStream:|priority:0, 15c58fd6-591f-43e3-aa4f-ac792bae557b|rpc:127.0.0.1:34937|dataStream:|priority:0], old=null
2021-11-15 13:26:27,080 [cea2b274-67f8-42eb-ae41-f09704fbacf0@group-22C475060FAB-LeaderStateImpl] INFO  server.RaftServer$Division (ServerState.java:setRaftConf(387)) - cea2b274-67f8-42eb-ae41-f09704fbacf0@group-22C475060FAB: set configuration 25: [bc85ea6b-e3ed-491f-8918-a8ebeecc8d14|rpc:localhost:14580|priority:0, cea2b274-67f8-42eb-ae41-f09704fbacf0|rpc:localhost:14560|admin:|client:|dataStream:|priority:0, 0a37f259-89fa-4cb5-a2dc-a190c2b03b5f|rpc:localhost:14570|priority:0], old=[cea2b274-67f8-42eb-ae41-f09704fbacf0|rpc:localhost:14560|admin:|client:|dataStream:|priority:0, 0a37f259-89fa-4cb5-a2dc-a190c2b03b5f|rpc:localhost:14570|priority:0]
2021-11-15 13:26:27,092 [grpc-default-executor-2] INFO  server.RaftServer$Division (ServerState.java:setRaftConf(387)) - bc85ea6b-e3ed-491f-8918-a8ebeecc8d14@group-22C475060FAB: set configuration 25: [bc85ea6b-e3ed-491f-8918-a8ebeecc8d14|rpc:localhost:14580|admin:|client:|dataStream:|priority:0, cea2b274-67f8-42eb-ae41-f09704fbacf0|rpc:localhost:14560|admin:|client:|dataStream:|priority:0, 0a37f259-89fa-4cb5-a2dc-a190c2b03b5f|rpc:localhost:14570|admin:|client:|dataStream:|priority:0], old=[cea2b274-67f8-42eb-ae41-f09704fbacf0|rpc:localhost:14560|admin:|client:|dataStream:|priority:0, 0a37f259-89fa-4cb5-a2dc-a190c2b03b5f|rpc:localhost:14570|admin:|client:|dataStream:|priority:0]
2021-11-15 13:26:27,093 [grpc-default-executor-1] INFO  server.RaftServer$Division (ServerState.java:setRaftConf(387)) - 0a37f259-89fa-4cb5-a2dc-a190c2b03b5f@group-22C475060FAB: set configuration 25: [bc85ea6b-e3ed-491f-8918-a8ebeecc8d14|rpc:localhost:14580|admin:|client:|dataStream:|priority:0, cea2b274-67f8-42eb-ae41-f09704fbacf0|rpc:localhost:14560|admin:|client:|dataStream:|priority:0, 0a37f259-89fa-4cb5-a2dc-a190c2b03b5f|rpc:localhost:14570|admin:|client:|dataStream:|priority:0], old=[cea2b274-67f8-42eb-ae41-f09704fbacf0|rpc:localhost:14560|admin:|client:|dataStream:|priority:0, 0a37f259-89fa-4cb5-a2dc-a190c2b03b5f|rpc:localhost:14570|admin:|client:|dataStream:|priority:0]
2021-11-15 13:26:27,093 [grpc-default-executor-2] INFO  segmented.SegmentedRaftLogWorker (SegmentedRaftLogWorker.java:startLogSegment(394)) - bc85ea6b-e3ed-491f-8918-a8ebeecc8d14@group-22C475060FAB-SegmentedRaftLogWorker: Starting segment from index:25
2021-11-15 13:26:27,106 [bc85ea6b-e3ed-491f-8918-a8ebeecc8d14@group-22C475060FAB-SegmentedRaftLogWorker] INFO  segmented.SegmentedRaftLogWorker (SegmentedRaftLogWorker.java:execute(601)) - bc85ea6b-e3ed-491f-8918-a8ebeecc8d14@group-22C475060FAB-SegmentedRaftLogWorker: created new log segment /home/runner/work/ozone/ozone/hadoop-ozone/integration-test/target/test-dir/MiniOzoneClusterImpl-54fbe6a2-d836-4e9c-ac0d-22c475060fab/scmNode-3/scm-ha/54fbe6a2-d836-4e9c-ac0d-22c475060fab/current/log_inprogress_25
2021-11-15 13:26:27,116 [grpc-default-executor-2] INFO  server.RaftServer$Division (ServerState.java:setRaftConf(387)) - bc85ea6b-e3ed-491f-8918-a8ebeecc8d14@group-22C475060FAB: set configuration 27: [bc85ea6b-e3ed-491f-8918-a8ebeecc8d14|rpc:localhost:14580|admin:|client:|dataStream:|priority:0, cea2b274-67f8-42eb-ae41-f09704fbacf0|rpc:localhost:14560|admin:|client:|dataStream:|priority:0, 0a37f259-89fa-4cb5-a2dc-a190c2b03b5f|rpc:localhost:14570|admin:|client:|dataStream:|priority:0], old=null
2021-11-15 13:26:27,116 [grpc-default-executor-1] INFO  server.RaftServer$Division (ServerState.java:setRaftConf(387)) - 0a37f259-89fa-4cb5-a2dc-a190c2b03b5f@group-22C475060FAB: set configuration 27: [bc85ea6b-e3ed-491f-8918-a8ebeecc8d14|rpc:localhost:14580|admin:|client:|dataStream:|priority:0, cea2b274-67f8-42eb-ae41-f09704fbacf0|rpc:localhost:14560|admin:|client:|dataStream:|priority:0, 0a37f259-89fa-4cb5-a2dc-a190c2b03b5f|rpc:localhost:14570|admin:|client:|dataStream:|priority:0], old=null
2021-11-15 13:26:27,115 [cea2b274-67f8-42eb-ae41-f09704fbacf0@group-22C475060FAB-StateMachineUpdater] INFO  ha.SCMStateMachine (SCMStateMachine.java:takeSnapshot(290)) - Current Snapshot Index 25, takeSnapshot took 0 ms
2021-11-15 13:26:27,117 [cea2b274-67f8-42eb-ae41-f09704fbacf0@group-22C475060FAB-StateMachineUpdater] INFO  impl.StateMachineUpdater (StateMachineUpdater.java:takeSnapshot(281)) - cea2b274-67f8-42eb-ae41-f09704fbacf0@group-22C475060FAB-StateMachineUpdater: Took a snapshot at index 25
2021-11-15 13:26:27,117 [cea2b274-67f8-42eb-ae41-f09704fbacf0@group-22C475060FAB-StateMachineUpdater] INFO  impl.StateMachineUpdater (StateMachineUpdater.java:lambda$new$0(89)) - cea2b274-67f8-42eb-ae41-f09704fbacf0@group-22C475060FAB-StateMachineUpdater: snapshotIndex: updateIncreasingly 20 -> 25
2021-11-15 13:26:27,117 [cea2b274-67f8-42eb-ae41-f09704fbacf0@group-22C475060FAB-StateMachineUpdater] INFO  raftlog.RaftLog (RaftLogBase.java:purge(306)) - cea2b274-67f8-42eb-ae41-f09704fbacf0@group-22C475060FAB-SegmentedRaftLog: purge 25
2021-11-15 13:26:27,117 [cea2b274-67f8-42eb-ae41-f09704fbacf0@group-22C475060FAB-StateMachineUpdater] INFO  raftlog.RaftLog (RaftLogBase.java:lambda$new$0(53)) - cea2b274-67f8-42eb-ae41-f09704fbacf0@group-22C475060FAB-SegmentedRaftLog: snapshotIndex: updateIncreasingly 20 -> 25
2021-11-15 13:26:27,117 [cea2b274-67f8-42eb-ae41-f09704fbacf0@group-22C475060FAB-StateMachineUpdater] INFO  raftlog.RaftLog (RaftLogBase.java:lambda$new$0(53)) - cea2b274-67f8-42eb-ae41-f09704fbacf0@group-22C475060FAB-SegmentedRaftLog: purgeIndex: updateToMax old=20, new=25, updated? true
2021-11-15 13:26:27,115 [cea2b274-67f8-42eb-ae41-f09704fbacf0@group-22C475060FAB-LeaderStateImpl] INFO  server.RaftServer$Division (ServerState.java:setRaftConf(387)) - cea2b274-67f8-42eb-ae41-f09704fbacf0@group-22C475060FAB: set configuration 27: [bc85ea6b-e3ed-491f-8918-a8ebeecc8d14|rpc:localhost:14580|priority:0, cea2b274-67f8-42eb-ae41-f09704fbacf0|rpc:localhost:14560|admin:|client:|dataStream:|priority:0, 0a37f259-89fa-4cb5-a2dc-a190c2b03b5f|rpc:localhost:14570|priority:0], old=null
2021-11-15 13:26:27,129 [IPC Server handler 27 on default port 14562] INFO  ha.SCMRatisServerImpl (SCMRatisServerImpl.java:addSCM(302)) - Successfully added new SCM: bc85ea6b-e3ed-491f-8918-a8ebeecc8d14.
2021-11-15 13:26:27,130 [Listener at 127.0.0.1/13216] INFO  ha.SCMHAManagerImpl (SCMHAManagerImpl.java:start(116)) - Successfully added SCM scmNode-3 to group group-22C475060FAB:[bc85ea6b-e3ed-491f-8918-a8ebeecc8d14|rpc:localhost:14580|admin:|client:|dataStream:|priority:0, cea2b274-67f8-42eb-ae41-f09704fbacf0|rpc:localhost:14560|admin:|client:|dataStream:|priority:0, 0a37f259-89fa-4cb5-a2dc-a190c2b03b5f|rpc:localhost:14570|admin:|client:|dataStream:|priority:0]
2021-11-15 13:26:27,130 [Listener at 127.0.0.1/13216] INFO  ha.InterSCMGrpcService (InterSCMGrpcProtocolService.java:start(94)) - Starting SCM Grpc Service at port 14584
2021-11-15 13:26:27,131 [Listener at 127.0.0.1/13216] INFO  impl.MetricsSystemImpl (MetricsSystemImpl.java:init(158)) - StorageContainerManager metrics system started (again)
2021-11-15 13:26:27,165 [bc85ea6b-e3ed-491f-8918-a8ebeecc8d14@group-22C475060FAB-StateMachineUpdater] INFO  safemode.HealthyPipelineSafeModeRule (HealthyPipelineSafeModeRule.java:initializeRule(152)) - Refreshed total pipeline count is 1, healthy pipeline threshold count is 1
2021-11-15 13:26:27,165 [bc85ea6b-e3ed-491f-8918-a8ebeecc8d14@group-22C475060FAB-StateMachineUpdater] INFO  safemode.ContainerSafeModeRule (ContainerSafeModeRule.java:reInitializeRule(177)) - Refreshed one replica container threshold 0, currentThreshold 0
2021-11-15 13:26:27,165 [bc85ea6b-e3ed-491f-8918-a8ebeecc8d14@group-22C475060FAB-StateMachineUpdater] INFO  safemode.OneReplicaPipelineSafeModeRule (OneReplicaPipelineSafeModeRule.java:initializeRule(176)) - Refreshed Total pipeline count is 1, pipeline's with at least one datanode reported threshold count is 1
2021-11-15 13:26:27,165 [bc85ea6b-e3ed-491f-8918-a8ebeecc8d14@group-22C475060FAB-StateMachineUpdater] INFO  server.SCMDatanodeProtocolServer (SCMDatanodeProtocolServer.java:start(181)) - RPC server for DataNodes is listening at /0.0.0.0:14581
2021-11-15 13:26:27,171 [Listener at 127.0.0.1/13216] INFO  server.SCMClientProtocolServer (SCMClientProtocolServer.java:start(164)) - RPC server for Client  is listening at /0.0.0.0:14583
2021-11-15 13:26:27,172 [IPC Server Responder] INFO  ipc.Server (Server.java:run(1507)) - IPC Server Responder: starting
2021-11-15 13:26:27,172 [IPC Server listener on 14583] INFO  ipc.Server (Server.java:run(1344)) - IPC Server listener on 14583: starting
2021-11-15 13:26:27,173 [Listener at 127.0.0.1/13216] INFO  server.StorageContainerManager (StorageContainerManager.java:start(1318)) - ScmBlockLocationProtocol RPC server is listening at /0.0.0.0:14582
2021-11-15 13:26:27,173 [Listener at 127.0.0.1/13216] INFO  server.SCMBlockProtocolServer (SCMBlockProtocolServer.java:start(151)) - RPC server for Block Protocol is listening at /0.0.0.0:14582
2021-11-15 13:26:27,174 [IPC Server Responder] INFO  ipc.Server (Server.java:run(1507)) - IPC Server Responder: starting
2021-11-15 13:26:27,174 [IPC Server listener on 14582] INFO  ipc.Server (Server.java:run(1344)) - IPC Server listener on 14582: starting
2021-11-15 13:26:27,177 [Listener at 127.0.0.1/13216] INFO  server.StorageContainerManager (StorageContainerManager.java:start(1324)) - ScmDatanodeProtocl RPC server is listening at /0.0.0.0:14581
2021-11-15 13:26:27,184 [Listener at 127.0.0.1/13216] INFO  http.BaseHttpServer (BaseHttpServer.java:newHttpServer2BuilderForOzone(209)) - Starting Web-server for scm at: http://0.0.0.0:14578
2021-11-15 13:26:27,184 [Listener at 127.0.0.1/13216] INFO  http.BaseHttpServer (BaseHttpServer.java:<init>(107)) - Hadoop Security Enabled: false Ozone Security Enabled: false Ozone HTTP Security Enabled: false 
2021-11-15 13:26:27,186 [Listener at 127.0.0.1/13216] INFO  server.AuthenticationFilter (AuthenticationFilter.java:constructSecretProvider(240)) - Unable to initialize FileSignerSecretProvider, falling back to use random secrets.
2021-11-15 13:26:27,186 [Listener at 127.0.0.1/13216] WARN  http.HttpRequestLog (HttpRequestLog.java:getRequestLog(103)) - Jetty request log can only be enabled using Log4j
2021-11-15 13:26:27,187 [Listener at 127.0.0.1/13216] INFO  http.HttpServer2 (HttpServer2.java:addGlobalFilter(1030)) - Added global filter 'safety' (class=org.apache.hadoop.hdds.server.http.HttpServer2$QuotingInputFilter)
2021-11-15 13:26:27,187 [Listener at 127.0.0.1/13216] INFO  http.HttpServer2 (HttpServer2.java:addFilter(1006)) - Added filter static_user_filter (class=org.apache.hadoop.http.lib.StaticUserWebFilter$StaticUserFilter) to context scm
2021-11-15 13:26:27,187 [Listener at 127.0.0.1/13216] INFO  http.HttpServer2 (HttpServer2.java:addFilter(1014)) - Added filter static_user_filter (class=org.apache.hadoop.http.lib.StaticUserWebFilter$StaticUserFilter) to context logs
2021-11-15 13:26:27,188 [Listener at 127.0.0.1/13216] INFO  http.HttpServer2 (HttpServer2.java:addFilter(1014)) - Added filter static_user_filter (class=org.apache.hadoop.http.lib.StaticUserWebFilter$StaticUserFilter) to context static
2021-11-15 13:26:27,188 [Listener at 127.0.0.1/13216] INFO  http.HttpServer2 (HttpServer2.java:bindListener(1249)) - Jetty bound to port 14578
2021-11-15 13:26:27,188 [Listener at 127.0.0.1/13216] INFO  server.Server (Server.java:doStart(375)) - jetty-9.4.43.v20210629; built: 2021-06-30T11:07:22.254Z; git: 526006ecfa3af7f1a27ef3a288e2bef7ea9dd7e8; jvm 1.8.0_292-b10
2021-11-15 13:26:27,190 [Listener at 127.0.0.1/13216] INFO  server.session (DefaultSessionIdManager.java:doStart(334)) - DefaultSessionIdManager workerName=node0
2021-11-15 13:26:27,191 [Listener at 127.0.0.1/13216] INFO  server.session (DefaultSessionIdManager.java:doStart(339)) - No SessionScavenger set, using defaults
2021-11-15 13:26:27,191 [Listener at 127.0.0.1/13216] INFO  server.session (HouseKeeper.java:startScavenging(132)) - node0 Scavenging every 600000ms
2021-11-15 13:26:27,192 [Listener at 127.0.0.1/13216] INFO  handler.ContextHandler (ContextHandler.java:doStart(915)) - Started o.e.j.s.ServletContextHandler@44a70285{logs,/logs,file:///home/runner/work/ozone/ozone/hadoop-ozone/integration-test/target/log,AVAILABLE}
2021-11-15 13:26:27,192 [Listener at 127.0.0.1/13216] INFO  handler.ContextHandler (ContextHandler.java:doStart(915)) - Started o.e.j.s.ServletContextHandler@25b8748{static,/static,file:///home/runner/work/ozone/ozone/hadoop-ozone/integration-test/target/test-classes/webapps/static,AVAILABLE}
2021-11-15 13:26:27,194 [org.apache.hadoop.util.JvmPauseMonitor$Monitor@7fe3ee59] INFO  util.JvmPauseMonitor (JvmPauseMonitor.java:run(188)) - Starting JVM pause monitor
2021-11-15 13:26:27,199 [Listener at 127.0.0.1/13216] INFO  handler.ContextHandler (ContextHandler.java:doStart(915)) - Started o.e.j.w.WebAppContext@2f024025{scm,/,file:///home/runner/work/ozone/ozone/hadoop-ozone/integration-test/target/test-classes/webapps/scm/,AVAILABLE}{file:/home/runner/work/ozone/ozone/hadoop-ozone/integration-test/target/test-classes/webapps/scm}
2021-11-15 13:26:27,220 [IPC Server listener on 14581] INFO  ipc.Server (Server.java:run(1344)) - IPC Server listener on 14581: starting
2021-11-15 13:26:27,234 [Listener at 127.0.0.1/13216] INFO  server.AbstractConnector (AbstractConnector.java:doStart(331)) - Started ServerConnector@61284400{HTTP/1.1, (http/1.1)}{0.0.0.0:14578}
2021-11-15 13:26:27,235 [Listener at 127.0.0.1/13216] INFO  server.Server (Server.java:doStart(415)) - Started @109087ms
2021-11-15 13:26:27,235 [Listener at 127.0.0.1/13216] WARN  impl.MetricsSystemImpl (MetricsSystemImpl.java:register(279)) - Sink prometheus already exists!
2021-11-15 13:26:27,238 [Listener at 127.0.0.1/13216] INFO  http.BaseHttpServer (BaseHttpServer.java:updateConnectorAddress(329)) - HTTP server of scm listening at http://0.0.0.0:14578
2021-11-15 13:26:27,238 [Listener at 127.0.0.1/13216] INFO  safemode.SCMSafeModeManager (SCMSafeModeManager.java:exitSafeMode(248)) - SCM exiting safe mode.
2021-11-15 13:26:27,238 [Listener at 127.0.0.1/13216] WARN  events.EventQueue (EventQueue.java:fireEvent(194)) - No event handler registered for event TypedEvent{payloadType=SafeModeStatus, name='Safe mode status'}
2021-11-15 13:26:27,238 [Listener at 127.0.0.1/13216] INFO  ha.SCMContext (SCMContext.java:updateSafeModeStatus(205)) - Update SafeModeStatus from SafeModeStatus{safeModeStatus=true, preCheckPassed=false} to SafeModeStatus{safeModeStatus=false, preCheckPassed=true}.
2021-11-15 13:26:27,269 [Listener at 127.0.0.1/13216] INFO  db.RDBCheckpointManager (RDBCheckpointManager.java:createCheckpoint(86)) - Created checkpoint at /home/runner/work/ozone/ozone/hadoop-ozone/integration-test/target/test-dir/MiniOzoneClusterImpl-54fbe6a2-d836-4e9c-ac0d-22c475060fab/scmNode-1/db.checkpoints/scm.db_checkpoint_1636982787238 in 31 milliseconds
2021-11-15 13:26:27,270 [Listener at 127.0.0.1/13216] INFO  server.SCMDatanodeProtocolServer (SCMDatanodeProtocolServer.java:start(181)) - RPC server for DataNodes is listening at /0.0.0.0:14581
2021-11-15 13:26:27,284 [IPC Server Responder] INFO  ipc.Server (Server.java:run(1507)) - IPC Server Responder: starting
2021-11-15 13:26:27,285 [bc85ea6b-e3ed-491f-8918-a8ebeecc8d14@group-22C475060FAB-StateMachineUpdater] ERROR impl.StateMachineUpdater (StateMachineUpdater.java:run(191)) - bc85ea6b-e3ed-491f-8918-a8ebeecc8d14@group-22C475060FAB-StateMachineUpdater caught a Throwable.
java.lang.IllegalStateException: bc85ea6b-e3ed-491f-8918-a8ebeecc8d14: Failed updateLastAppliedTermIndex: newTI = (t:2, i:26) < oldTI = (t:2, i:128)
	at org.apache.ratis.util.Preconditions.assertTrue(Preconditions.java:72)
	at org.apache.ratis.statemachine.impl.BaseStateMachine.updateLastAppliedTermIndex(BaseStateMachine.java:142)
	at org.apache.hadoop.hdds.scm.ha.SCMStateMachine.notifyTermIndexUpdated(SCMStateMachine.java:303)
	at org.apache.ratis.server.impl.RaftServerImpl.applyLogToStateMachine(RaftServerImpl.java:1701)
	at org.apache.ratis.server.impl.StateMachineUpdater.applyLog(StateMachineUpdater.java:234)
	at org.apache.ratis.server.impl.StateMachineUpdater.run(StateMachineUpdater.java:179)
	at java.lang.Thread.run(Thread.java:748)
2021-11-15 13:26:27,287 [bc85ea6b-e3ed-491f-8918-a8ebeecc8d14@group-22C475060FAB-StateMachineUpdater] INFO  server.RaftServer$Division (RaftServerImpl.java:lambda$close$4(412)) - bc85ea6b-e3ed-491f-8918-a8ebeecc8d14@group-22C475060FAB: shutdown
2021-11-15 13:26:27,287 [bc85ea6b-e3ed-491f-8918-a8ebeecc8d14@group-22C475060FAB-StateMachineUpdater] INFO  util.JmxRegister (JmxRegister.java:unregister(73)) - Successfully un-registered JMX Bean with object name Ratis:service=RaftServer,group=group-22C475060FAB,id=bc85ea6b-e3ed-491f-8918-a8ebeecc8d14
2021-11-15 13:26:27,287 [bc85ea6b-e3ed-491f-8918-a8ebeecc8d14@group-22C475060FAB-StateMachineUpdater] INFO  impl.RoleInfo (RoleInfo.java:shutdownFollowerState(108)) - bc85ea6b-e3ed-491f-8918-a8ebeecc8d14: shutdown bc85ea6b-e3ed-491f-8918-a8ebeecc8d14@group-22C475060FAB-FollowerState
2021-11-15 13:26:27,287 [bc85ea6b-e3ed-491f-8918-a8ebeecc8d14@group-22C475060FAB-FollowerState] INFO  impl.FollowerState (FollowerState.java:run(143)) - bc85ea6b-e3ed-491f-8918-a8ebeecc8d14@group-22C475060FAB-FollowerState was interrupted: {}
java.lang.InterruptedException: sleep interrupted
	at java.lang.Thread.sleep(Native Method)
	at java.lang.Thread.sleep(Thread.java:340)
	at java.util.concurrent.TimeUnit.sleep(TimeUnit.java:386)
	at org.apache.ratis.util.TimeDuration.sleep(TimeDuration.java:324)
	at org.apache.ratis.util.TimeDuration.sleep(TimeDuration.java:309)
	at org.apache.ratis.server.impl.FollowerState.run(FollowerState.java:118)
2021-11-15 13:26:27,289 [Listener at 127.0.0.1/13216] INFO  ozone.MiniOzoneClusterImpl (MiniOzoneClusterImpl.java:shutdown(453)) - Shutting down the Mini Ozone Cluster
2021-11-15 13:26:27,289 [Listener at 127.0.0.1/13216] INFO  ozone.MiniOzoneHAClusterImpl (MiniOzoneHAClusterImpl.java:stop(298)) - Stopping the OzoneManager omNode-1
2021-11-15 13:26:27,289 [Listener at 127.0.0.1/13216] INFO  om.OzoneManager (OzoneManager.java:stop(1698)) - Stopping Ozone Manager
2021-11-15 13:26:27,290 [Listener at 127.0.0.1/13216] INFO  ipc.Server (Server.java:stop(3414)) - Stopping server on 13216
2021-11-15 13:26:27,297 [IPC Server listener on 13216] INFO  ipc.Server (Server.java:run(1376)) - Stopping IPC Server listener on 13216
2021-11-15 13:26:27,298 [IPC Server Responder] INFO  ipc.Server (Server.java:run(1512)) - Stopping IPC Server Responder
2021-11-15 13:26:27,305 [bc85ea6b-e3ed-491f-8918-a8ebeecc8d14@group-22C475060FAB-StateMachineUpdater] INFO  server.RaftServer$Division (ServerState.java:close(419)) - bc85ea6b-e3ed-491f-8918-a8ebeecc8d14@group-22C475060FAB: closes. applyIndex: 26
2021-11-15 13:26:27,305 [IPC Server handler 3 on default port 14581] INFO  ipc.Server (Server.java:run(1026)) - IPC Server handler 3 on default port 14581: skipped Call#205 Retry#0 org.apache.hadoop.ozone.protocol.StorageContainerDatanodeProtocol.submitRequest from 127.0.0.1:37690
2021-11-15 13:26:27,306 [IPC Server handler 3 on default port 14581] INFO  ipc.Server (Server.java:run(1026)) - IPC Server handler 3 on default port 14581: skipped Call#269 Retry#0 org.apache.hadoop.ozone.protocol.StorageContainerDatanodeProtocol.submitRequest from 127.0.0.1:37784
2021-11-15 13:26:27,306 [bc85ea6b-e3ed-491f-8918-a8ebeecc8d14@group-22C475060FAB-SegmentedRaftLogWorker] INFO  segmented.SegmentedRaftLogWorker (SegmentedRaftLogWorker.java:run(327)) - bc85ea6b-e3ed-491f-8918-a8ebeecc8d14@group-22C475060FAB-SegmentedRaftLogWorker was interrupted, exiting. There are 0 tasks remaining in the queue.
2021-11-15 13:26:27,306 [IPC Server handler 6 on default port 14581] INFO  ipc.Server (Server.java:run(1026)) - IPC Server handler 6 on default port 14581: skipped Call#208 Retry#0 org.apache.hadoop.ozone.protocol.StorageContainerDatanodeProtocol.submitRequest from 127.0.0.1:37690
2021-11-15 13:26:27,306 [IPC Server handler 6 on default port 14581] INFO  ipc.Server (Server.java:run(1026)) - IPC Server handler 6 on default port 14581: skipped Call#271 Retry#0 org.apache.hadoop.ozone.protocol.StorageContainerDatanodeProtocol.submitRequest from 127.0.0.1:37784
2021-11-15 13:26:27,306 [IPC Server handler 6 on default port 14581] INFO  ipc.Server (Server.java:run(1026)) - IPC Server handler 6 on default port 14581: skipped Call#308 Retry#0 org.apache.hadoop.ozone.protocol.StorageContainerDatanodeProtocol.submitRequest from 127.0.0.1:37826
2021-11-15 13:26:27,306 [IPC Server handler 6 on default port 14581] INFO  ipc.Server (Server.java:run(1026)) - IPC Server handler 6 on default port 14581: skipped Call#229 Retry#0 org.apache.hadoop.ozone.protocol.StorageContainerDatanodeProtocol.submitRequest from 127.0.0.1:37732
2021-11-15 13:26:27,306 [IPC Server handler 7 on default port 14581] INFO  ipc.Server (Server.java:run(1026)) - IPC Server handler 7 on default port 14581: skipped Call#211 Retry#0 org.apache.hadoop.ozone.protocol.StorageContainerDatanodeProtocol.submitRequest from 127.0.0.1:37690
2021-11-15 13:26:27,306 [IPC Server handler 7 on default port 14581] INFO  ipc.Server (Server.java:run(1026)) - IPC Server handler 7 on default port 14581: skipped Call#270 Retry#0 org.apache.hadoop.ozone.protocol.StorageContainerDatanodeProtocol.submitRequest from 127.0.0.1:37784
2021-11-15 13:26:27,307 [IPC Server handler 4 on default port 14581] INFO  ipc.Server (Server.java:run(1026)) - IPC Server handler 4 on default port 14581: skipped Call#228 Retry#0 org.apache.hadoop.ozone.protocol.StorageContainerDatanodeProtocol.submitRequest from 127.0.0.1:37732
2021-11-15 13:26:27,306 [IPC Server handler 3 on default port 14581] INFO  ipc.Server (Server.java:run(1026)) - IPC Server handler 3 on default port 14581: skipped Call#307 Retry#0 org.apache.hadoop.ozone.protocol.StorageContainerDatanodeProtocol.submitRequest from 127.0.0.1:37826
2021-11-15 13:26:27,310 [IPC Server handler 0 on default port 14581] WARN  ipc.Server (Server.java:processResponse(1717)) - IPC Server handler 0 on default port 14581, call Call#306 Retry#0 org.apache.hadoop.ozone.protocol.StorageContainerDatanodeProtocol.submitRequest from 127.0.0.1:37826: output error
2021-11-15 13:26:27,310 [IPC Server handler 0 on default port 14581] INFO  ipc.Server (Server.java:run(2979)) - IPC Server handler 0 on default port 14581 caught an exception
java.nio.channels.ClosedChannelException
	at sun.nio.ch.SocketChannelImpl.ensureWriteOpen(SocketChannelImpl.java:269)
	at sun.nio.ch.SocketChannelImpl.write(SocketChannelImpl.java:460)
	at org.apache.hadoop.ipc.Server.channelWrite(Server.java:3605)
	at org.apache.hadoop.ipc.Server.access$1700(Server.java:141)
	at org.apache.hadoop.ipc.Server$Responder.processResponse(Server.java:1667)
	at org.apache.hadoop.ipc.Server$Responder.doRespond(Server.java:1737)
	at org.apache.hadoop.ipc.Server$Connection.sendResponse(Server.java:2837)
	at org.apache.hadoop.ipc.Server$Connection.access$300(Server.java:1809)
	at org.apache.hadoop.ipc.Server$RpcCall.doResponse(Server.java:1117)
	at org.apache.hadoop.ipc.Server$Call.doResponse(Server.java:909)
	at org.apache.hadoop.ipc.Server$Call.sendResponse(Server.java:895)
	at org.apache.hadoop.ipc.Server$RpcCall.run(Server.java:1052)
	at org.apache.hadoop.ipc.Server$RpcCall.run(Server.java:963)
	at java.security.AccessController.doPrivileged(Native Method)
	at javax.security.auth.Subject.doAs(Subject.java:422)
	at org.apache.hadoop.security.UserGroupInformation.doAs(UserGroupInformation.java:1878)
	at org.apache.hadoop.ipc.Server$Handler.run(Server.java:2966)
2021-11-15 13:26:27,310 [IPC Server handler 1 on default port 14581] WARN  ipc.Server (Server.java:processResponse(1717)) - IPC Server handler 1 on default port 14581, call Call#227 Retry#0 org.apache.hadoop.ozone.protocol.StorageContainerDatanodeProtocol.submitRequest from 127.0.0.1:37732: output error
2021-11-15 13:26:27,310 [IPC Server handler 1 on default port 14581] INFO  ipc.Server (Server.java:run(2979)) - IPC Server handler 1 on default port 14581 caught an exception
java.nio.channels.ClosedChannelException
	at sun.nio.ch.SocketChannelImpl.ensureWriteOpen(SocketChannelImpl.java:269)
	at sun.nio.ch.SocketChannelImpl.write(SocketChannelImpl.java:460)
	at org.apache.hadoop.ipc.Server.channelWrite(Server.java:3605)
	at org.apache.hadoop.ipc.Server.access$1700(Server.java:141)
	at org.apache.hadoop.ipc.Server$Responder.processResponse(Server.java:1667)
	at org.apache.hadoop.ipc.Server$Responder.doRespond(Server.java:1737)
	at org.apache.hadoop.ipc.Server$Connection.sendResponse(Server.java:2837)
	at org.apache.hadoop.ipc.Server$Connection.access$300(Server.java:1809)
	at org.apache.hadoop.ipc.Server$RpcCall.doResponse(Server.java:1117)
	at org.apache.hadoop.ipc.Server$Call.doResponse(Server.java:909)
	at org.apache.hadoop.ipc.Server$Call.sendResponse(Server.java:895)
	at org.apache.hadoop.ipc.Server$RpcCall.run(Server.java:1052)
	at org.apache.hadoop.ipc.Server$RpcCall.run(Server.java:963)
	at java.security.AccessController.doPrivileged(Native Method)
	at javax.security.auth.Subject.doAs(Subject.java:422)
	at org.apache.hadoop.security.UserGroupInformation.doAs(UserGroupInformation.java:1878)
	at org.apache.hadoop.ipc.Server$Handler.run(Server.java:2966)
2021-11-15 13:26:27,311 [Listener at 127.0.0.1/13216] INFO  server.RaftServer (RaftServerProxy.java:lambda$close$6(391)) - omNode-1: close
2021-11-15 13:26:27,311 [Listener at 127.0.0.1/13216] INFO  server.RaftServer$Division (RaftServerImpl.java:lambda$close$4(412)) - omNode-1@group-523986131536: shutdown
2021-11-15 13:26:27,311 [Listener at 127.0.0.1/13216] INFO  util.JmxRegister (JmxRegister.java:unregister(73)) - Successfully un-registered JMX Bean with object name Ratis:service=RaftServer,group=group-523986131536,id=omNode-1
2021-11-15 13:26:27,311 [Listener at 127.0.0.1/13216] INFO  impl.RoleInfo (RoleInfo.java:shutdownLeaderState(91)) - omNode-1: shutdown omNode-1@group-523986131536-LeaderStateImpl
2021-11-15 13:26:27,311 [Listener at 127.0.0.1/13216] INFO  impl.PendingRequests (PendingRequests.java:sendNotLeaderResponses(282)) - omNode-1@group-523986131536-PendingRequests: sendNotLeaderResponses
2021-11-15 13:26:27,311 [bc85ea6b-e3ed-491f-8918-a8ebeecc8d14@group-22C475060FAB-StateMachineUpdater] INFO  segmented.SegmentedRaftLogWorker (SegmentedRaftLogWorker.java:close(237)) - bc85ea6b-e3ed-491f-8918-a8ebeecc8d14@group-22C475060FAB-SegmentedRaftLogWorker close()
2021-11-15 13:26:27,312 [Listener at 127.0.0.1/13216] INFO  impl.StateMachineUpdater (StateMachineUpdater.java:stopAndJoin(149)) - omNode-1@group-523986131536-StateMachineUpdater: set stopIndex = 0
2021-11-15 13:26:27,312 [omNode-1@group-523986131536-StateMachineUpdater] INFO  ratis.OzoneManagerStateMachine (OzoneManagerStateMachine.java:takeSnapshot(417)) - Current Snapshot Index (t:1, i:0)
2021-11-15 13:26:27,312 [omNode-1@group-523986131536-StateMachineUpdater] INFO  impl.StateMachineUpdater (StateMachineUpdater.java:takeSnapshot(281)) - omNode-1@group-523986131536-StateMachineUpdater: Took a snapshot at index 0
2021-11-15 13:26:27,312 [omNode-1@group-523986131536-StateMachineUpdater] INFO  impl.StateMachineUpdater (StateMachineUpdater.java:lambda$new$0(89)) - omNode-1@group-523986131536-StateMachineUpdater: snapshotIndex: updateIncreasingly -1 -> 0
2021-11-15 13:26:27,313 [omNode-1@group-523986131536-StateMachineUpdater] INFO  ratis.OzoneManagerStateMachine (OzoneManagerStateMachine.java:close(471)) - StateMachine has shutdown. Shutdown OzoneManager if not already shutdown.
2021-11-15 13:26:27,313 [EndpointStateMachine task thread for /127.0.0.1:14581 - 0 ] INFO  ozoneimpl.OzoneContainer (OzoneContainer.java:start(300)) - Ignore. OzoneContainer already started.
2021-11-15 13:26:27,313 [Listener at 127.0.0.1/13216] INFO  server.RaftServer$Division (ServerState.java:close(419)) - omNode-1@group-523986131536: closes. applyIndex: 0
2021-11-15 13:26:27,313 [omNode-1@group-523986131536-SegmentedRaftLogWorker] INFO  segmented.SegmentedRaftLogWorker (SegmentedRaftLogWorker.java:run(327)) - omNode-1@group-523986131536-SegmentedRaftLogWorker was interrupted, exiting. There are 0 tasks remaining in the queue.
2021-11-15 13:26:27,324 [EndpointStateMachine task thread for /127.0.0.1:14581 - 0 ] INFO  ozoneimpl.OzoneContainer (OzoneContainer.java:start(300)) - Ignore. OzoneContainer already started.
2021-11-15 13:26:27,325 [Listener at 127.0.0.1/13216] INFO  segmented.SegmentedRaftLogWorker (SegmentedRaftLogWorker.java:close(237)) - omNode-1@group-523986131536-SegmentedRaftLogWorker close()
2021-11-15 13:26:27,325 [EndpointStateMachine task thread for /127.0.0.1:14581 - 0 ] INFO  ozoneimpl.OzoneContainer (OzoneContainer.java:start(300)) - Ignore. OzoneContainer already started.
2021-11-15 13:26:27,334 [Listener at 127.0.0.1/13216] INFO  server.GrpcService (GrpcService.java:closeImpl(262)) - omNode-1: shutdown server with port 13220 now
2021-11-15 13:26:27,335 [Listener at 127.0.0.1/13216] INFO  server.GrpcService (GrpcService.java:closeImpl(271)) - omNode-1: shutdown server with port 13220 successfully
2021-11-15 13:26:27,336 [org.apache.ratis.util.JvmPauseMonitor$$Lambda$499/1445999733@7d8a546d] INFO  util.JvmPauseMonitor (JvmPauseMonitor.java:run(109)) - JvmPauseMonitor-omNode-1: Stopped
2021-11-15 13:26:27,336 [Listener at 127.0.0.1/13216] INFO  ratis.OzoneManagerDoubleBuffer (OzoneManagerDoubleBuffer.java:stop(437)) - Stopping OMDoubleBuffer flush thread
2021-11-15 13:26:27,336 [OMDoubleBufferFlushThread] INFO  ratis.OzoneManagerDoubleBuffer (OzoneManagerDoubleBuffer.java:flushTransactions(356)) - OMDoubleBuffer flush thread OMDoubleBufferFlushThread is interrupted and will exit. OMDoubleBufferFlushThread
2021-11-15 13:26:27,336 [Listener at 127.0.0.1/13216] INFO  utils.BackgroundService (BackgroundService.java:shutdown(132)) - Shutting down service KeyDeletingService
2021-11-15 13:26:27,336 [Listener at 127.0.0.1/13216] INFO  utils.BackgroundService (BackgroundService.java:shutdown(132)) - Shutting down service DirectoryDeletingService
2021-11-15 13:26:27,337 [Listener at 127.0.0.1/13216] INFO  handler.ContextHandler (ContextHandler.java:doStop(1153)) - Stopped o.e.j.w.WebAppContext@6779cba3{ozoneManager,/,null,STOPPED}{file:/home/runner/work/ozone/ozone/hadoop-ozone/integration-test/target/test-classes/webapps/ozoneManager}
2021-11-15 13:26:27,338 [Listener at 127.0.0.1/13216] INFO  server.AbstractConnector (AbstractConnector.java:doStop(381)) - Stopped ServerConnector@1085fad8{HTTP/1.1, (http/1.1)}{0.0.0.0:13218}
2021-11-15 13:26:27,339 [Listener at 127.0.0.1/13216] INFO  server.session (HouseKeeper.java:stopScavenging(149)) - node0 Stopped scavenging
2021-11-15 13:26:27,339 [Listener at 127.0.0.1/13216] INFO  handler.ContextHandler (ContextHandler.java:doStop(1153)) - Stopped o.e.j.s.ServletContextHandler@177c8d08{static,/static,file:///home/runner/work/ozone/ozone/hadoop-ozone/integration-test/target/test-classes/webapps/static,STOPPED}
2021-11-15 13:26:27,339 [Listener at 127.0.0.1/13216] INFO  handler.ContextHandler (ContextHandler.java:doStop(1153)) - Stopped o.e.j.s.ServletContextHandler@443641bf{logs,/logs,file:///home/runner/work/ozone/ozone/hadoop-ozone/integration-test/target/log,STOPPED}
2021-11-15 13:26:27,353 [Listener at 127.0.0.1/13216] INFO  ozone.MiniOzoneHAClusterImpl (MiniOzoneHAClusterImpl.java:stop(306)) - Stopping the StorageContainerManager bc85ea6b-e3ed-491f-8918-a8ebeecc8d14
2021-11-15 13:26:27,353 [Listener at 127.0.0.1/13216] INFO  server.StorageContainerManager (StorageContainerManager.java:stop(1395)) - Stopping Container Balancer service.
2021-11-15 13:26:27,353 [Listener at 127.0.0.1/13216] INFO  balancer.ContainerBalancer (ContainerBalancer.java:stop(773)) - Container Balancer is not running.
2021-11-15 13:26:27,353 [Listener at 127.0.0.1/13216] INFO  server.StorageContainerManager (StorageContainerManager.java:stop(1402)) - Stopping Replication Manager Service.
2021-11-15 13:26:27,354 [Listener at 127.0.0.1/13216] INFO  container.ReplicationManager (ReplicationManager.java:stop(350)) - Stopping Replication Monitor Thread.
2021-11-15 13:26:27,354 [Listener at 127.0.0.1/13216] INFO  server.StorageContainerManager (StorageContainerManager.java:stop(1409)) - Stopping the Datanode Admin Monitor.
2021-11-15 13:26:27,354 [Listener at 127.0.0.1/13216] INFO  server.StorageContainerManager (StorageContainerManager.java:stop(1416)) - Stopping Lease Manager of the command watchers
2021-11-15 13:26:27,354 [Listener at 127.0.0.1/13216] INFO  server.StorageContainerManager (StorageContainerManager.java:stop(1423)) - Stopping datanode service RPC server
2021-11-15 13:26:27,354 [Listener at 127.0.0.1/13216] INFO  server.SCMDatanodeProtocolServer (SCMDatanodeProtocolServer.java:stop(389)) - Stopping the RPC server for DataNodes
2021-11-15 13:26:27,354 [Listener at 127.0.0.1/13216] INFO  ipc.Server (Server.java:stop(3414)) - Stopping server on 14581
2021-11-15 13:26:27,366 [IPC Server listener on 14581] INFO  ipc.Server (Server.java:run(1376)) - Stopping IPC Server listener on 14581
2021-11-15 13:26:27,369 [IPC Server Responder] INFO  ipc.Server (Server.java:run(1512)) - Stopping IPC Server Responder
2021-11-15 13:26:27,401 [EndpointStateMachine task thread for /127.0.0.1:14723 - 0 ] INFO  ipc.Client (Client.java:handleConnectionFailure(977)) - Retrying connect to server: localhost/127.0.0.1:14723. Already tried 14 time(s); retry policy is RetryUpToMaximumCountWithFixedSleep(maxRetries=15, sleepTime=1000 MILLISECONDS)
2021-11-15 13:26:27,401 [EndpointStateMachine task thread for /127.0.0.1:14723 - 0 ] WARN  statemachine.EndpointStateMachine (EndpointStateMachine.java:logIfNeeded(236)) - Unable to communicate to SCM server at localhost:14723 for past 0 seconds.
java.net.ConnectException: Call From fv-az151-339/10.1.0.55 to localhost:14723 failed on connection exception: java.net.ConnectException: Connection refused; For more details see:  http://wiki.apache.org/hadoop/ConnectionRefused
	at sun.reflect.NativeConstructorAccessorImpl.newInstance0(Native Method)
	at sun.reflect.NativeConstructorAccessorImpl.newInstance(NativeConstructorAccessorImpl.java:62)
	at sun.reflect.DelegatingConstructorAccessorImpl.newInstance(DelegatingConstructorAccessorImpl.java:45)
	at java.lang.reflect.Constructor.newInstance(Constructor.java:423)
	at org.apache.hadoop.net.NetUtils.wrapWithMessage(NetUtils.java:913)
	at org.apache.hadoop.net.NetUtils.wrapException(NetUtils.java:828)
	at org.apache.hadoop.ipc.Client.getRpcResponse(Client.java:1577)
	at org.apache.hadoop.ipc.Client.call(Client.java:1519)
	at org.apache.hadoop.ipc.Client.call(Client.java:1416)
	at org.apache.hadoop.ipc.ProtobufRpcEngine$Invoker.invoke(ProtobufRpcEngine.java:236)
	at org.apache.hadoop.ipc.ProtobufRpcEngine$Invoker.invoke(ProtobufRpcEngine.java:123)
	at com.sun.proxy.$Proxy48.submitRequest(Unknown Source)
	at org.apache.hadoop.ozone.protocolPB.StorageContainerDatanodeProtocolClientSideTranslatorPB.submitRequest(StorageContainerDatanodeProtocolClientSideTranslatorPB.java:117)
	at org.apache.hadoop.ozone.protocolPB.StorageContainerDatanodeProtocolClientSideTranslatorPB.sendHeartbeat(StorageContainerDatanodeProtocolClientSideTranslatorPB.java:149)
	at org.apache.hadoop.ozone.container.common.states.endpoint.HeartbeatEndpointTask.call(HeartbeatEndpointTask.java:179)
	at org.apache.hadoop.ozone.container.common.states.endpoint.HeartbeatEndpointTask.call(HeartbeatEndpointTask.java:82)
	at java.util.concurrent.FutureTask.run(FutureTask.java:266)
	at java.util.concurrent.ThreadPoolExecutor.runWorker(ThreadPoolExecutor.java:1149)
	at java.util.concurrent.ThreadPoolExecutor$Worker.run(ThreadPoolExecutor.java:624)
	at java.lang.Thread.run(Thread.java:748)
Caused by: java.net.ConnectException: Connection refused
	at sun.nio.ch.SocketChannelImpl.checkConnect(Native Method)
	at sun.nio.ch.SocketChannelImpl.finishConnect(SocketChannelImpl.java:716)
	at org.apache.hadoop.net.SocketIOWithTimeout.connect(SocketIOWithTimeout.java:206)
	at org.apache.hadoop.net.NetUtils.connect(NetUtils.java:586)
	at org.apache.hadoop.ipc.Client$Connection.setupConnection(Client.java:701)
	at org.apache.hadoop.ipc.Client$Connection.setupIOstreams(Client.java:822)
	at org.apache.hadoop.ipc.Client$Connection.access$3800(Client.java:414)
	at org.apache.hadoop.ipc.Client.getConnection(Client.java:1647)
	at org.apache.hadoop.ipc.Client.call(Client.java:1463)
	... 12 more
2021-11-15 13:26:27,402 [EndpointStateMachine task thread for /127.0.0.1:14733 - 0 ] INFO  ipc.Client (Client.java:handleConnectionFailure(977)) - Retrying connect to server: localhost/127.0.0.1:14733. Already tried 14 time(s); retry policy is RetryUpToMaximumCountWithFixedSleep(maxRetries=15, sleepTime=1000 MILLISECONDS)
2021-11-15 13:26:27,402 [EndpointStateMachine task thread for /127.0.0.1:14713 - 0 ] INFO  ipc.Client (Client.java:handleConnectionFailure(977)) - Retrying connect to server: localhost/127.0.0.1:14713. Already tried 14 time(s); retry policy is RetryUpToMaximumCountWithFixedSleep(maxRetries=15, sleepTime=1000 MILLISECONDS)
2021-11-15 13:26:27,451 [SCM Heartbeat Processing Thread - 0] WARN  node.NodeStateManager (NodeStateManager.java:scheduleNextHealthCheck(799)) - Current Thread is interrupted, shutting down HB processing thread for Node Manager.
2021-11-15 13:26:27,451 [Listener at 127.0.0.1/13216] INFO  server.StorageContainerManager (StorageContainerManager.java:stop(1431)) - Stopping block service RPC server
2021-11-15 13:26:27,451 [Listener at 127.0.0.1/13216] INFO  server.SCMBlockProtocolServer (SCMBlockProtocolServer.java:stop(160)) - Stopping the RPC server for Block Protocol
2021-11-15 13:26:27,451 [Listener at 127.0.0.1/13216] INFO  ipc.Server (Server.java:stop(3414)) - Stopping server on 14582
2021-11-15 13:26:27,452 [IPC Server listener on 14582] INFO  ipc.Server (Server.java:run(1376)) - Stopping IPC Server listener on 14582
2021-11-15 13:26:27,455 [IPC Server Responder] INFO  ipc.Server (Server.java:run(1512)) - Stopping IPC Server Responder
2021-11-15 13:26:27,455 [Listener at 127.0.0.1/13216] INFO  server.StorageContainerManager (StorageContainerManager.java:stop(1438)) - Stopping the StorageContainerLocationProtocol RPC server
2021-11-15 13:26:27,455 [Listener at 127.0.0.1/13216] INFO  server.SCMClientProtocolServer (SCMClientProtocolServer.java:stop(173)) - Stopping the RPC server for Client Protocol
2021-11-15 13:26:27,455 [Listener at 127.0.0.1/13216] INFO  ipc.Server (Server.java:stop(3414)) - Stopping server on 14583
2021-11-15 13:26:27,457 [Listener at 127.0.0.1/13216] INFO  server.StorageContainerManager (StorageContainerManager.java:stop(1445)) - Stopping Storage Container Manager HTTP server.
2021-11-15 13:26:27,458 [Listener at 127.0.0.1/13216] INFO  handler.ContextHandler (ContextHandler.java:doStop(1153)) - Stopped o.e.j.w.WebAppContext@2f024025{scm,/,null,STOPPED}{file:/home/runner/work/ozone/ozone/hadoop-ozone/integration-test/target/test-classes/webapps/scm}
2021-11-15 13:26:27,458 [IPC Server Responder] INFO  ipc.Server (Server.java:run(1512)) - Stopping IPC Server Responder
2021-11-15 13:26:27,459 [IPC Server listener on 14583] INFO  ipc.Server (Server.java:run(1376)) - Stopping IPC Server listener on 14583
2021-11-15 13:26:27,468 [Listener at 127.0.0.1/13216] INFO  server.AbstractConnector (AbstractConnector.java:doStop(381)) - Stopped ServerConnector@61284400{HTTP/1.1, (http/1.1)}{0.0.0.0:14578}
2021-11-15 13:26:27,468 [Listener at 127.0.0.1/13216] INFO  server.session (HouseKeeper.java:stopScavenging(149)) - node0 Stopped scavenging
2021-11-15 13:26:27,468 [Listener at 127.0.0.1/13216] INFO  handler.ContextHandler (ContextHandler.java:doStop(1153)) - Stopped o.e.j.s.ServletContextHandler@25b8748{static,/static,file:///home/runner/work/ozone/ozone/hadoop-ozone/integration-test/target/test-classes/webapps/static,STOPPED}
2021-11-15 13:26:27,468 [Listener at 127.0.0.1/13216] INFO  handler.ContextHandler (ContextHandler.java:doStop(1153)) - Stopped o.e.j.s.ServletContextHandler@44a70285{logs,/logs,file:///home/runner/work/ozone/ozone/hadoop-ozone/integration-test/target/log,STOPPED}
2021-11-15 13:26:27,470 [Listener at 127.0.0.1/13216] INFO  server.StorageContainerManager (StorageContainerManager.java:stop(1456)) - Stopping Block Manager Service.
2021-11-15 13:26:27,470 [Listener at 127.0.0.1/13216] INFO  utils.BackgroundService (BackgroundService.java:shutdown(132)) - Shutting down service SCMBlockDeletingService
2021-11-15 13:26:27,470 [Listener at 127.0.0.1/13216] INFO  utils.BackgroundService (BackgroundService.java:shutdown(132)) - Shutting down service SCMBlockDeletingService
2021-11-15 13:26:27,471 [Listener at 127.0.0.1/13216] INFO  server.StorageContainerManager (StorageContainerManager.java:stop(1483)) - Stopping SCM Event Queue.
2021-11-15 13:26:27,473 [Listener at 127.0.0.1/13216] INFO  server.StorageContainerManager (StorageContainerManager.java:stop(1494)) - Stopping SCM HA services.
2021-11-15 13:26:27,473 [Listener at 127.0.0.1/13216] INFO  ha.SCMRatisServerImpl (SCMRatisServerImpl.java:stop(236)) - stopping ratis server 0.0.0.0:14580
2021-11-15 13:26:27,473 [Listener at 127.0.0.1/13216] INFO  server.RaftServer (RaftServerProxy.java:lambda$close$6(391)) - bc85ea6b-e3ed-491f-8918-a8ebeecc8d14: close
2021-11-15 13:26:27,474 [Listener at 127.0.0.1/13216] INFO  server.GrpcService (GrpcService.java:closeImpl(262)) - bc85ea6b-e3ed-491f-8918-a8ebeecc8d14: shutdown server with port 14580 now
2021-11-15 13:26:27,475 [Listener at 127.0.0.1/13216] INFO  server.GrpcService (GrpcService.java:closeImpl(271)) - bc85ea6b-e3ed-491f-8918-a8ebeecc8d14: shutdown server with port 14580 successfully
2021-11-15 13:26:27,475 [grpc-default-executor-0] WARN  server.GrpcLogAppender (LogUtils.java:warn(122)) - cea2b274-67f8-42eb-ae41-f09704fbacf0@group-22C475060FAB->bc85ea6b-e3ed-491f-8918-a8ebeecc8d14-AppendLogResponseHandler: Failed appendEntries: org.apache.ratis.thirdparty.io.grpc.StatusRuntimeException: CANCELLED: HTTP/2 error code: CANCEL
Received Rst Stream
2021-11-15 13:26:27,476 [grpc-default-executor-0] INFO  leader.FollowerInfo (FollowerInfoImpl.java:lambda$new$0(47)) - cea2b274-67f8-42eb-ae41-f09704fbacf0@group-22C475060FAB->bc85ea6b-e3ed-491f-8918-a8ebeecc8d14: nextIndex: updateUnconditionally 29 -> 28
2021-11-15 13:26:27,476 [grpc-default-executor-2] WARN  server.GrpcServerProtocolService (LogUtils.java:warn(122)) - bc85ea6b-e3ed-491f-8918-a8ebeecc8d14: installSnapshot onError, lastRequest: cea2b274-67f8-42eb-ae41-f09704fbacf0->bc85ea6b-e3ed-491f-8918-a8ebeecc8d14#7-t2,previous=(t:2, i:27),leaderCommit=27,initializing? true,entries: size=1, first=(t:2, i:28), METADATAENTRY(c:27): org.apache.ratis.thirdparty.io.grpc.StatusRuntimeException: CANCELLED: client cancelled
2021-11-15 13:26:27,476 [org.apache.ratis.util.JvmPauseMonitor$$Lambda$499/1445999733@7baae2db] INFO  util.JvmPauseMonitor (JvmPauseMonitor.java:run(109)) - JvmPauseMonitor-bc85ea6b-e3ed-491f-8918-a8ebeecc8d14: Stopped
2021-11-15 13:26:27,476 [Listener at 127.0.0.1/13216] INFO  pipeline.BackgroundPipelineCreator (BackgroundPipelineCreator.java:stop(158)) - Stopping RatisPipelineUtilsThread.
2021-11-15 13:26:27,476 [Listener at 127.0.0.1/13216] INFO  server.StorageContainerManager (StorageContainerManager.java:stop(1504)) - Stopping SCM MetadataStore.
2021-11-15 13:26:27,477 [Listener at 127.0.0.1/13216] INFO  impl.MetricsSystemImpl (MetricsSystemImpl.java:stop(210)) - Stopping StorageContainerManager metrics system...
2021-11-15 13:26:27,488 [prometheus] INFO  impl.MetricsSinkAdapter (MetricsSinkAdapter.java:publishMetricsFromQueue(141)) - prometheus thread interrupted.
2021-11-15 13:26:27,488 [grpc-default-executor-2] WARN  server.GrpcLogAppender (LogUtils.java:warn(122)) - cea2b274-67f8-42eb-ae41-f09704fbacf0@group-22C475060FAB->bc85ea6b-e3ed-491f-8918-a8ebeecc8d14-AppendLogResponseHandler: Failed appendEntries: org.apache.ratis.thirdparty.io.grpc.StatusRuntimeException: UNAVAILABLE: io exception
2021-11-15 13:26:27,488 [grpc-default-executor-2] INFO  leader.FollowerInfo (FollowerInfoImpl.java:lambda$new$0(47)) - cea2b274-67f8-42eb-ae41-f09704fbacf0@group-22C475060FAB->bc85ea6b-e3ed-491f-8918-a8ebeecc8d14: nextIndex: updateUnconditionally 29 -> 28
2021-11-15 13:26:27,488 [Listener at 127.0.0.1/13216] INFO  impl.MetricsSystemImpl (MetricsSystemImpl.java:stop(216)) - StorageContainerManager metrics system stopped.
2021-11-15 13:26:27,488 [Listener at 127.0.0.1/13216] INFO  ozone.MiniOzoneHAClusterImpl (MiniOzoneHAClusterImpl.java:stop(306)) - Stopping the StorageContainerManager cea2b274-67f8-42eb-ae41-f09704fbacf0
2021-11-15 13:26:27,488 [Listener at 127.0.0.1/13216] INFO  server.StorageContainerManager (StorageContainerManager.java:stop(1395)) - Stopping Container Balancer service.
2021-11-15 13:26:27,489 [Listener at 127.0.0.1/13216] INFO  balancer.ContainerBalancer (ContainerBalancer.java:stop(773)) - Container Balancer is not running.
2021-11-15 13:26:27,489 [Listener at 127.0.0.1/13216] INFO  server.StorageContainerManager (StorageContainerManager.java:stop(1402)) - Stopping Replication Manager Service.
2021-11-15 13:26:27,489 [Listener at 127.0.0.1/13216] INFO  container.ReplicationManager (ReplicationManager.java:stop(350)) - Stopping Replication Monitor Thread.
2021-11-15 13:26:27,489 [Listener at 127.0.0.1/13216] INFO  server.StorageContainerManager (StorageContainerManager.java:stop(1409)) - Stopping the Datanode Admin Monitor.
2021-11-15 13:26:27,489 [Listener at 127.0.0.1/13216] INFO  server.StorageContainerManager (StorageContainerManager.java:stop(1416)) - Stopping Lease Manager of the command watchers
2021-11-15 13:26:27,489 [Listener at 127.0.0.1/13216] INFO  server.StorageContainerManager (StorageContainerManager.java:stop(1423)) - Stopping datanode service RPC server
2021-11-15 13:26:27,489 [Listener at 127.0.0.1/13216] INFO  server.SCMDatanodeProtocolServer (SCMDatanodeProtocolServer.java:stop(389)) - Stopping the RPC server for DataNodes
2021-11-15 13:26:27,489 [Listener at 127.0.0.1/13216] INFO  ipc.Server (Server.java:stop(3414)) - Stopping server on 14561
2021-11-15 13:26:27,501 [IPC Server listener on 14561] INFO  ipc.Server (Server.java:run(1376)) - Stopping IPC Server listener on 14561
2021-11-15 13:26:27,502 [IPC Server Responder] INFO  ipc.Server (Server.java:run(1512)) - Stopping IPC Server Responder
2021-11-15 13:26:27,543 [EndpointStateMachine task thread for /127.0.0.1:14561 - 0 ] WARN  statemachine.EndpointStateMachine (EndpointStateMachine.java:logIfNeeded(236)) - Unable to communicate to SCM server at localhost:14561 for past 0 seconds.
java.io.EOFException: End of File Exception between local host is: "fv-az151-339/10.1.0.55"; destination host is: "localhost":14561; : java.io.EOFException; For more details see:  http://wiki.apache.org/hadoop/EOFException
	at sun.reflect.NativeConstructorAccessorImpl.newInstance0(Native Method)
	at sun.reflect.NativeConstructorAccessorImpl.newInstance(NativeConstructorAccessorImpl.java:62)
	at sun.reflect.DelegatingConstructorAccessorImpl.newInstance(DelegatingConstructorAccessorImpl.java:45)
	at java.lang.reflect.Constructor.newInstance(Constructor.java:423)
	at org.apache.hadoop.net.NetUtils.wrapWithMessage(NetUtils.java:913)
	at org.apache.hadoop.net.NetUtils.wrapException(NetUtils.java:862)
	at org.apache.hadoop.ipc.Client.getRpcResponse(Client.java:1577)
	at org.apache.hadoop.ipc.Client.call(Client.java:1519)
	at org.apache.hadoop.ipc.Client.call(Client.java:1416)
	at org.apache.hadoop.ipc.ProtobufRpcEngine$Invoker.invoke(ProtobufRpcEngine.java:236)
	at org.apache.hadoop.ipc.ProtobufRpcEngine$Invoker.invoke(ProtobufRpcEngine.java:123)
	at com.sun.proxy.$Proxy48.submitRequest(Unknown Source)
	at org.apache.hadoop.ozone.protocolPB.StorageContainerDatanodeProtocolClientSideTranslatorPB.submitRequest(StorageContainerDatanodeProtocolClientSideTranslatorPB.java:117)
	at org.apache.hadoop.ozone.protocolPB.StorageContainerDatanodeProtocolClientSideTranslatorPB.sendHeartbeat(StorageContainerDatanodeProtocolClientSideTranslatorPB.java:149)
	at org.apache.hadoop.ozone.container.common.states.endpoint.HeartbeatEndpointTask.call(HeartbeatEndpointTask.java:179)
	at org.apache.hadoop.ozone.container.common.states.endpoint.HeartbeatEndpointTask.call(HeartbeatEndpointTask.java:82)
	at java.util.concurrent.FutureTask.run(FutureTask.java:266)
	at java.util.concurrent.ThreadPoolExecutor.runWorker(ThreadPoolExecutor.java:1149)
	at java.util.concurrent.ThreadPoolExecutor$Worker.run(ThreadPoolExecutor.java:624)
	at java.lang.Thread.run(Thread.java:748)
Caused by: java.io.EOFException
	at java.io.DataInputStream.readInt(DataInputStream.java:392)
	at org.apache.hadoop.ipc.Client$IpcStreams.readResponse(Client.java:1892)
	at org.apache.hadoop.ipc.Client$Connection.receiveRpcResponse(Client.java:1202)
	at org.apache.hadoop.ipc.Client$Connection.run(Client.java:1098)
2021-11-15 13:26:27,549 [EndpointStateMachine task thread for /127.0.0.1:14581 - 0 ] WARN  statemachine.EndpointStateMachine (EndpointStateMachine.java:logIfNeeded(236)) - Unable to communicate to SCM server at localhost:14581 for past 0 seconds.
java.io.EOFException: End of File Exception between local host is: "fv-az151-339/10.1.0.55"; destination host is: "localhost":14581; : java.io.EOFException; For more details see:  http://wiki.apache.org/hadoop/EOFException
	at sun.reflect.NativeConstructorAccessorImpl.newInstance0(Native Method)
	at sun.reflect.NativeConstructorAccessorImpl.newInstance(NativeConstructorAccessorImpl.java:62)
	at sun.reflect.DelegatingConstructorAccessorImpl.newInstance(DelegatingConstructorAccessorImpl.java:45)
	at java.lang.reflect.Constructor.newInstance(Constructor.java:423)
	at org.apache.hadoop.net.NetUtils.wrapWithMessage(NetUtils.java:913)
	at org.apache.hadoop.net.NetUtils.wrapException(NetUtils.java:862)
	at org.apache.hadoop.ipc.Client.getRpcResponse(Client.java:1577)
	at org.apache.hadoop.ipc.Client.call(Client.java:1519)
	at org.apache.hadoop.ipc.Client.call(Client.java:1416)
	at org.apache.hadoop.ipc.ProtobufRpcEngine$Invoker.invoke(ProtobufRpcEngine.java:236)
	at org.apache.hadoop.ipc.ProtobufRpcEngine$Invoker.invoke(ProtobufRpcEngine.java:123)
	at com.sun.proxy.$Proxy48.submitRequest(Unknown Source)
	at org.apache.hadoop.ozone.protocolPB.StorageContainerDatanodeProtocolClientSideTranslatorPB.submitRequest(StorageContainerDatanodeProtocolClientSideTranslatorPB.java:117)
	at org.apache.hadoop.ozone.protocolPB.StorageContainerDatanodeProtocolClientSideTranslatorPB.register(StorageContainerDatanodeProtocolClientSideTranslatorPB.java:180)
	at org.apache.hadoop.ozone.container.common.states.endpoint.RegisterEndpointTask.call(RegisterEndpointTask.java:158)
	at org.apache.hadoop.ozone.container.common.states.endpoint.RegisterEndpointTask.call(RegisterEndpointTask.java:52)
	at java.util.concurrent.FutureTask.run(FutureTask.java:266)
	at java.util.concurrent.ThreadPoolExecutor.runWorker(ThreadPoolExecutor.java:1149)
	at java.util.concurrent.ThreadPoolExecutor$Worker.run(ThreadPoolExecutor.java:624)
	at java.lang.Thread.run(Thread.java:748)
Caused by: java.io.EOFException
	at java.io.DataInputStream.readInt(DataInputStream.java:392)
	at org.apache.hadoop.ipc.Client$IpcStreams.readResponse(Client.java:1892)
	at org.apache.hadoop.ipc.Client$Connection.receiveRpcResponse(Client.java:1202)
	at org.apache.hadoop.ipc.Client$Connection.run(Client.java:1098)
2021-11-15 13:26:28,092 [SCM Heartbeat Processing Thread - 0] WARN  node.NodeStateManager (NodeStateManager.java:scheduleNextHealthCheck(799)) - Current Thread is interrupted, shutting down HB processing thread for Node Manager.
2021-11-15 13:26:28,092 [Listener at 127.0.0.1/13216] INFO  server.StorageContainerManager (StorageContainerManager.java:stop(1431)) - Stopping block service RPC server
2021-11-15 13:26:28,092 [Listener at 127.0.0.1/13216] INFO  server.SCMBlockProtocolServer (SCMBlockProtocolServer.java:stop(160)) - Stopping the RPC server for Block Protocol
2021-11-15 13:26:28,092 [Listener at 127.0.0.1/13216] INFO  ipc.Server (Server.java:stop(3414)) - Stopping server on 14562
2021-11-15 13:26:28,098 [IPC Server listener on 14562] INFO  ipc.Server (Server.java:run(1376)) - Stopping IPC Server listener on 14562
2021-11-15 13:26:28,103 [Listener at 127.0.0.1/13216] INFO  server.StorageContainerManager (StorageContainerManager.java:stop(1438)) - Stopping the StorageContainerLocationProtocol RPC server
2021-11-15 13:26:28,103 [Listener at 127.0.0.1/13216] INFO  server.SCMClientProtocolServer (SCMClientProtocolServer.java:stop(173)) - Stopping the RPC server for Client Protocol
2021-11-15 13:26:28,103 [Listener at 127.0.0.1/13216] INFO  ipc.Server (Server.java:stop(3414)) - Stopping server on 14563
2021-11-15 13:26:28,103 [IPC Server Responder] INFO  ipc.Server (Server.java:run(1512)) - Stopping IPC Server Responder
2021-11-15 13:26:28,110 [IPC Server listener on 14563] INFO  ipc.Server (Server.java:run(1376)) - Stopping IPC Server listener on 14563
2021-11-15 13:26:28,111 [Listener at 127.0.0.1/13216] INFO  server.StorageContainerManager (StorageContainerManager.java:stop(1445)) - Stopping Storage Container Manager HTTP server.
2021-11-15 13:26:28,111 [IPC Server Responder] INFO  ipc.Server (Server.java:run(1512)) - Stopping IPC Server Responder
2021-11-15 13:26:28,111 [Listener at 127.0.0.1/13216] INFO  handler.ContextHandler (ContextHandler.java:doStop(1153)) - Stopped o.e.j.w.WebAppContext@253646c2{scm,/,null,STOPPED}{file:/home/runner/work/ozone/ozone/hadoop-ozone/integration-test/target/test-classes/webapps/scm}
2021-11-15 13:26:28,112 [Listener at 127.0.0.1/13216] INFO  server.AbstractConnector (AbstractConnector.java:doStop(381)) - Stopped ServerConnector@940fe23{HTTP/1.1, (http/1.1)}{0.0.0.0:14558}
2021-11-15 13:26:28,112 [Listener at 127.0.0.1/13216] INFO  server.session (HouseKeeper.java:stopScavenging(149)) - node0 Stopped scavenging
2021-11-15 13:26:28,112 [Listener at 127.0.0.1/13216] INFO  handler.ContextHandler (ContextHandler.java:doStop(1153)) - Stopped o.e.j.s.ServletContextHandler@4204ad9d{static,/static,file:///home/runner/work/ozone/ozone/hadoop-ozone/integration-test/target/test-classes/webapps/static,STOPPED}
2021-11-15 13:26:28,112 [Listener at 127.0.0.1/13216] INFO  handler.ContextHandler (ContextHandler.java:doStop(1153)) - Stopped o.e.j.s.ServletContextHandler@1bbff5ba{logs,/logs,file:///home/runner/work/ozone/ozone/hadoop-ozone/integration-test/target/log,STOPPED}
2021-11-15 13:26:28,115 [Listener at 127.0.0.1/13216] INFO  server.StorageContainerManager (StorageContainerManager.java:stop(1456)) - Stopping Block Manager Service.
2021-11-15 13:26:28,115 [Listener at 127.0.0.1/13216] INFO  utils.BackgroundService (BackgroundService.java:shutdown(132)) - Shutting down service SCMBlockDeletingService
2021-11-15 13:26:28,115 [Listener at 127.0.0.1/13216] INFO  utils.BackgroundService (BackgroundService.java:shutdown(132)) - Shutting down service SCMBlockDeletingService
2021-11-15 13:26:28,116 [Listener at 127.0.0.1/13216] INFO  server.StorageContainerManager (StorageContainerManager.java:stop(1483)) - Stopping SCM Event Queue.
2021-11-15 13:26:28,116 [Listener at 127.0.0.1/13216] INFO  server.StorageContainerManager (StorageContainerManager.java:stop(1494)) - Stopping SCM HA services.
2021-11-15 13:26:28,116 [Listener at 127.0.0.1/13216] INFO  ha.SCMRatisServerImpl (SCMRatisServerImpl.java:stop(236)) - stopping ratis server 0.0.0.0:14560
2021-11-15 13:26:28,117 [Listener at 127.0.0.1/13216] INFO  server.RaftServer (RaftServerProxy.java:lambda$close$6(391)) - cea2b274-67f8-42eb-ae41-f09704fbacf0: close
2021-11-15 13:26:28,117 [Listener at 127.0.0.1/13216] INFO  server.RaftServer$Division (RaftServerImpl.java:lambda$close$4(412)) - cea2b274-67f8-42eb-ae41-f09704fbacf0@group-22C475060FAB: shutdown
2021-11-15 13:26:28,117 [Listener at 127.0.0.1/13216] INFO  util.JmxRegister (JmxRegister.java:unregister(73)) - Successfully un-registered JMX Bean with object name Ratis:service=RaftServer,group=group-22C475060FAB,id=cea2b274-67f8-42eb-ae41-f09704fbacf0
2021-11-15 13:26:28,117 [Listener at 127.0.0.1/13216] INFO  impl.RoleInfo (RoleInfo.java:shutdownLeaderState(91)) - cea2b274-67f8-42eb-ae41-f09704fbacf0: shutdown cea2b274-67f8-42eb-ae41-f09704fbacf0@group-22C475060FAB-LeaderStateImpl
2021-11-15 13:26:28,117 [Listener at 127.0.0.1/13216] INFO  impl.PendingRequests (PendingRequests.java:sendNotLeaderResponses(282)) - cea2b274-67f8-42eb-ae41-f09704fbacf0@group-22C475060FAB-PendingRequests: sendNotLeaderResponses
2021-11-15 13:26:28,117 [Listener at 127.0.0.1/13216] INFO  ha.SCMStateMachine (SCMStateMachine.java:notifyNotLeader(183)) - current leader SCM steps down.
2021-11-15 13:26:28,117 [Listener at 127.0.0.1/13216] INFO  ha.SCMContext (SCMContext.java:updateLeaderAndTerm(88)) - update <isLeader,term> from <true,2> to <false,0>
2021-11-15 13:26:28,118 [Listener at 127.0.0.1/13216] INFO  ha.SCMContext (SCMContext.java:updateLeaderAndTerm(95)) - update <isLeaderReady> from <false> to <false>
2021-11-15 13:26:28,117 [cea2b274-67f8-42eb-ae41-f09704fbacf0@group-22C475060FAB->bc85ea6b-e3ed-491f-8918-a8ebeecc8d14-GrpcLogAppender-LogAppenderDaemon] WARN  server.GrpcLogAppender (GrpcLogAppender.java:mayWait(177)) - cea2b274-67f8-42eb-ae41-f09704fbacf0@group-22C475060FAB->bc85ea6b-e3ed-491f-8918-a8ebeecc8d14-GrpcLogAppender: Wait interrupted by java.lang.InterruptedException
2021-11-15 13:26:28,118 [cea2b274-67f8-42eb-ae41-f09704fbacf0@group-22C475060FAB->0a37f259-89fa-4cb5-a2dc-a190c2b03b5f-GrpcLogAppender-LogAppenderDaemon] WARN  server.GrpcLogAppender (GrpcLogAppender.java:mayWait(177)) - cea2b274-67f8-42eb-ae41-f09704fbacf0@group-22C475060FAB->0a37f259-89fa-4cb5-a2dc-a190c2b03b5f-GrpcLogAppender: Wait interrupted by java.lang.InterruptedException
2021-11-15 13:26:28,121 [cea2b274-67f8-42eb-ae41-f09704fbacf0@group-22C475060FAB-StateMachineUpdater] INFO  ha.SCMStateMachine (SCMStateMachine.java:takeSnapshot(290)) - Current Snapshot Index 28, takeSnapshot took 0 ms
2021-11-15 13:26:28,121 [cea2b274-67f8-42eb-ae41-f09704fbacf0@group-22C475060FAB-StateMachineUpdater] INFO  impl.StateMachineUpdater (StateMachineUpdater.java:takeSnapshot(281)) - cea2b274-67f8-42eb-ae41-f09704fbacf0@group-22C475060FAB-StateMachineUpdater: Took a snapshot at index 28
2021-11-15 13:26:28,121 [cea2b274-67f8-42eb-ae41-f09704fbacf0@group-22C475060FAB-StateMachineUpdater] INFO  impl.StateMachineUpdater (StateMachineUpdater.java:lambda$new$0(89)) - cea2b274-67f8-42eb-ae41-f09704fbacf0@group-22C475060FAB-StateMachineUpdater: snapshotIndex: updateIncreasingly 25 -> 28
2021-11-15 13:26:28,121 [Listener at 127.0.0.1/13216] INFO  impl.StateMachineUpdater (StateMachineUpdater.java:stopAndJoin(149)) - cea2b274-67f8-42eb-ae41-f09704fbacf0@group-22C475060FAB-StateMachineUpdater: set stopIndex = 28
2021-11-15 13:26:28,122 [Listener at 127.0.0.1/13216] INFO  server.RaftServer$Division (ServerState.java:close(419)) - cea2b274-67f8-42eb-ae41-f09704fbacf0@group-22C475060FAB: closes. applyIndex: 28
2021-11-15 13:26:28,122 [cea2b274-67f8-42eb-ae41-f09704fbacf0@group-22C475060FAB-SegmentedRaftLogWorker] INFO  segmented.SegmentedRaftLogWorker (SegmentedRaftLogWorker.java:run(327)) - cea2b274-67f8-42eb-ae41-f09704fbacf0@group-22C475060FAB-SegmentedRaftLogWorker was interrupted, exiting. There are 0 tasks remaining in the queue.
2021-11-15 13:26:28,123 [grpc-default-executor-2] INFO  server.GrpcServerProtocolService (GrpcServerProtocolService.java:onCompleted(140)) - 0a37f259-89fa-4cb5-a2dc-a190c2b03b5f: Completed APPEND_ENTRIES, lastRequest: cea2b274-67f8-42eb-ae41-f09704fbacf0->0a37f259-89fa-4cb5-a2dc-a190c2b03b5f#1158-t2,previous=(t:2, i:27),leaderCommit=27,initializing? true,entries: size=1, first=(t:2, i:28), METADATAENTRY(c:27)
2021-11-15 13:26:28,123 [grpc-default-executor-1] INFO  server.GrpcLogAppender (GrpcLogAppender.java:onCompleted(346)) - cea2b274-67f8-42eb-ae41-f09704fbacf0@group-22C475060FAB->0a37f259-89fa-4cb5-a2dc-a190c2b03b5f-AppendLogResponseHandler: follower responses appendEntries COMPLETED
2021-11-15 13:26:28,123 [grpc-default-executor-1] INFO  leader.FollowerInfo (FollowerInfoImpl.java:lambda$new$0(47)) - cea2b274-67f8-42eb-ae41-f09704fbacf0@group-22C475060FAB->0a37f259-89fa-4cb5-a2dc-a190c2b03b5f: nextIndex: updateUnconditionally 29 -> 28
2021-11-15 13:26:28,125 [Listener at 127.0.0.1/13216] INFO  segmented.SegmentedRaftLogWorker (SegmentedRaftLogWorker.java:close(237)) - cea2b274-67f8-42eb-ae41-f09704fbacf0@group-22C475060FAB-SegmentedRaftLogWorker close()
2021-11-15 13:26:28,126 [Listener at 127.0.0.1/13216] INFO  server.GrpcService (GrpcService.java:closeImpl(262)) - cea2b274-67f8-42eb-ae41-f09704fbacf0: shutdown server with port 14560 now
2021-11-15 13:26:28,132 [Listener at 127.0.0.1/13216] INFO  server.GrpcService (GrpcService.java:closeImpl(271)) - cea2b274-67f8-42eb-ae41-f09704fbacf0: shutdown server with port 14560 successfully
2021-11-15 13:26:28,132 [org.apache.ratis.util.JvmPauseMonitor$$Lambda$499/1445999733@39d80c30] INFO  util.JvmPauseMonitor (JvmPauseMonitor.java:run(109)) - JvmPauseMonitor-cea2b274-67f8-42eb-ae41-f09704fbacf0: Stopped
2021-11-15 13:26:28,136 [Listener at 127.0.0.1/13216] INFO  pipeline.BackgroundPipelineCreator (BackgroundPipelineCreator.java:stop(158)) - Stopping RatisPipelineUtilsThread.
2021-11-15 13:26:28,137 [Listener at 127.0.0.1/13216] INFO  server.StorageContainerManager (StorageContainerManager.java:stop(1504)) - Stopping SCM MetadataStore.
2021-11-15 13:26:28,137 [Listener at 127.0.0.1/13216] INFO  impl.MetricsSystemImpl (MetricsSystemImpl.java:stop(205)) - StorageContainerManager metrics system stopped (again)
2021-11-15 13:26:28,138 [Listener at 127.0.0.1/13216] INFO  ozone.MiniOzoneHAClusterImpl (MiniOzoneHAClusterImpl.java:stop(306)) - Stopping the StorageContainerManager 0a37f259-89fa-4cb5-a2dc-a190c2b03b5f
2021-11-15 13:26:28,138 [Listener at 127.0.0.1/13216] INFO  server.StorageContainerManager (StorageContainerManager.java:stop(1395)) - Stopping Container Balancer service.
2021-11-15 13:26:28,138 [Listener at 127.0.0.1/13216] INFO  balancer.ContainerBalancer (ContainerBalancer.java:stop(773)) - Container Balancer is not running.
2021-11-15 13:26:28,138 [Listener at 127.0.0.1/13216] INFO  server.StorageContainerManager (StorageContainerManager.java:stop(1402)) - Stopping Replication Manager Service.
2021-11-15 13:26:28,138 [Listener at 127.0.0.1/13216] INFO  container.ReplicationManager (ReplicationManager.java:stop(350)) - Stopping Replication Monitor Thread.
2021-11-15 13:26:28,138 [Listener at 127.0.0.1/13216] INFO  server.StorageContainerManager (StorageContainerManager.java:stop(1409)) - Stopping the Datanode Admin Monitor.
2021-11-15 13:26:28,138 [Listener at 127.0.0.1/13216] INFO  server.StorageContainerManager (StorageContainerManager.java:stop(1416)) - Stopping Lease Manager of the command watchers
2021-11-15 13:26:28,138 [Listener at 127.0.0.1/13216] INFO  server.StorageContainerManager (StorageContainerManager.java:stop(1423)) - Stopping datanode service RPC server
2021-11-15 13:26:28,138 [Listener at 127.0.0.1/13216] INFO  server.SCMDatanodeProtocolServer (SCMDatanodeProtocolServer.java:stop(389)) - Stopping the RPC server for DataNodes
2021-11-15 13:26:28,138 [Listener at 127.0.0.1/13216] INFO  ipc.Server (Server.java:stop(3414)) - Stopping server on 14571
2021-11-15 13:26:28,140 [IPC Server listener on 14571] INFO  ipc.Server (Server.java:run(1376)) - Stopping IPC Server listener on 14571
2021-11-15 13:26:28,144 [IPC Server Responder] INFO  ipc.Server (Server.java:run(1512)) - Stopping IPC Server Responder
2021-11-15 13:26:28,200 [SCM Heartbeat Processing Thread - 0] WARN  node.NodeStateManager (NodeStateManager.java:scheduleNextHealthCheck(799)) - Current Thread is interrupted, shutting down HB processing thread for Node Manager.
2021-11-15 13:26:28,200 [Listener at 127.0.0.1/13216] INFO  server.StorageContainerManager (StorageContainerManager.java:stop(1431)) - Stopping block service RPC server
2021-11-15 13:26:28,201 [Listener at 127.0.0.1/13216] INFO  server.SCMBlockProtocolServer (SCMBlockProtocolServer.java:stop(160)) - Stopping the RPC server for Block Protocol
2021-11-15 13:26:28,201 [Listener at 127.0.0.1/13216] INFO  ipc.Server (Server.java:stop(3414)) - Stopping server on 14572
2021-11-15 13:26:28,202 [Listener at 127.0.0.1/13216] INFO  server.StorageContainerManager (StorageContainerManager.java:stop(1438)) - Stopping the StorageContainerLocationProtocol RPC server
2021-11-15 13:26:28,202 [Listener at 127.0.0.1/13216] INFO  server.SCMClientProtocolServer (SCMClientProtocolServer.java:stop(173)) - Stopping the RPC server for Client Protocol
2021-11-15 13:26:28,202 [Listener at 127.0.0.1/13216] INFO  ipc.Server (Server.java:stop(3414)) - Stopping server on 14573
2021-11-15 13:26:28,202 [IPC Server listener on 14572] INFO  ipc.Server (Server.java:run(1376)) - Stopping IPC Server listener on 14572
2021-11-15 13:26:28,202 [IPC Server Responder] INFO  ipc.Server (Server.java:run(1512)) - Stopping IPC Server Responder
2021-11-15 13:26:28,204 [IPC Server listener on 14573] INFO  ipc.Server (Server.java:run(1376)) - Stopping IPC Server listener on 14573
2021-11-15 13:26:28,206 [Listener at 127.0.0.1/13216] INFO  server.StorageContainerManager (StorageContainerManager.java:stop(1445)) - Stopping Storage Container Manager HTTP server.
2021-11-15 13:26:28,207 [Listener at 127.0.0.1/13216] INFO  handler.ContextHandler (ContextHandler.java:doStop(1153)) - Stopped o.e.j.w.WebAppContext@35cca8bd{scm,/,null,STOPPED}{file:/home/runner/work/ozone/ozone/hadoop-ozone/integration-test/target/test-classes/webapps/scm}
2021-11-15 13:26:28,208 [IPC Server Responder] INFO  ipc.Server (Server.java:run(1512)) - Stopping IPC Server Responder
2021-11-15 13:26:28,208 [Listener at 127.0.0.1/13216] INFO  server.AbstractConnector (AbstractConnector.java:doStop(381)) - Stopped ServerConnector@39e79429{HTTP/1.1, (http/1.1)}{0.0.0.0:14568}
2021-11-15 13:26:28,208 [Listener at 127.0.0.1/13216] INFO  server.session (HouseKeeper.java:stopScavenging(149)) - node0 Stopped scavenging
2021-11-15 13:26:28,208 [Listener at 127.0.0.1/13216] INFO  handler.ContextHandler (ContextHandler.java:doStop(1153)) - Stopped o.e.j.s.ServletContextHandler@76372f7f{static,/static,file:///home/runner/work/ozone/ozone/hadoop-ozone/integration-test/target/test-classes/webapps/static,STOPPED}
2021-11-15 13:26:28,208 [Listener at 127.0.0.1/13216] INFO  handler.ContextHandler (ContextHandler.java:doStop(1153)) - Stopped o.e.j.s.ServletContextHandler@522ef462{logs,/logs,file:///home/runner/work/ozone/ozone/hadoop-ozone/integration-test/target/log,STOPPED}
2021-11-15 13:26:28,210 [Listener at 127.0.0.1/13216] INFO  server.StorageContainerManager (StorageContainerManager.java:stop(1456)) - Stopping Block Manager Service.
2021-11-15 13:26:28,210 [Listener at 127.0.0.1/13216] INFO  utils.BackgroundService (BackgroundService.java:shutdown(132)) - Shutting down service SCMBlockDeletingService
2021-11-15 13:26:28,210 [Listener at 127.0.0.1/13216] INFO  utils.BackgroundService (BackgroundService.java:shutdown(132)) - Shutting down service SCMBlockDeletingService
2021-11-15 13:26:28,211 [Listener at 127.0.0.1/13216] INFO  server.StorageContainerManager (StorageContainerManager.java:stop(1483)) - Stopping SCM Event Queue.
2021-11-15 13:26:28,212 [Listener at 127.0.0.1/13216] INFO  server.StorageContainerManager (StorageContainerManager.java:stop(1494)) - Stopping SCM HA services.
2021-11-15 13:26:28,212 [Listener at 127.0.0.1/13216] INFO  ha.SCMRatisServerImpl (SCMRatisServerImpl.java:stop(236)) - stopping ratis server 0.0.0.0:14570
2021-11-15 13:26:28,213 [Listener at 127.0.0.1/13216] INFO  server.RaftServer (RaftServerProxy.java:lambda$close$6(391)) - 0a37f259-89fa-4cb5-a2dc-a190c2b03b5f: close
2021-11-15 13:26:28,213 [Listener at 127.0.0.1/13216] INFO  server.RaftServer$Division (RaftServerImpl.java:lambda$close$4(412)) - 0a37f259-89fa-4cb5-a2dc-a190c2b03b5f@group-22C475060FAB: shutdown
2021-11-15 13:26:28,213 [Listener at 127.0.0.1/13216] INFO  util.JmxRegister (JmxRegister.java:unregister(73)) - Successfully un-registered JMX Bean with object name Ratis:service=RaftServer,group=group-22C475060FAB,id=0a37f259-89fa-4cb5-a2dc-a190c2b03b5f
2021-11-15 13:26:28,213 [Listener at 127.0.0.1/13216] INFO  impl.RoleInfo (RoleInfo.java:shutdownFollowerState(108)) - 0a37f259-89fa-4cb5-a2dc-a190c2b03b5f: shutdown 0a37f259-89fa-4cb5-a2dc-a190c2b03b5f@group-22C475060FAB-FollowerState
2021-11-15 13:26:28,213 [0a37f259-89fa-4cb5-a2dc-a190c2b03b5f@group-22C475060FAB-FollowerState] INFO  impl.FollowerState (FollowerState.java:run(143)) - 0a37f259-89fa-4cb5-a2dc-a190c2b03b5f@group-22C475060FAB-FollowerState was interrupted: {}
java.lang.InterruptedException: sleep interrupted
	at java.lang.Thread.sleep(Native Method)
	at java.lang.Thread.sleep(Thread.java:340)
	at java.util.concurrent.TimeUnit.sleep(TimeUnit.java:386)
	at org.apache.ratis.util.TimeDuration.sleep(TimeDuration.java:324)
	at org.apache.ratis.util.TimeDuration.sleep(TimeDuration.java:309)
	at org.apache.ratis.server.impl.FollowerState.run(FollowerState.java:118)
2021-11-15 13:26:28,213 [0a37f259-89fa-4cb5-a2dc-a190c2b03b5f@group-22C475060FAB-StateMachineUpdater] INFO  ha.SCMStateMachine (SCMStateMachine.java:takeSnapshot(290)) - Current Snapshot Index 27, takeSnapshot took 0 ms
2021-11-15 13:26:28,213 [0a37f259-89fa-4cb5-a2dc-a190c2b03b5f@group-22C475060FAB-StateMachineUpdater] INFO  impl.StateMachineUpdater (StateMachineUpdater.java:takeSnapshot(281)) - 0a37f259-89fa-4cb5-a2dc-a190c2b03b5f@group-22C475060FAB-StateMachineUpdater: Took a snapshot at index 27
2021-11-15 13:26:28,213 [0a37f259-89fa-4cb5-a2dc-a190c2b03b5f@group-22C475060FAB-StateMachineUpdater] INFO  impl.StateMachineUpdater (StateMachineUpdater.java:lambda$new$0(89)) - 0a37f259-89fa-4cb5-a2dc-a190c2b03b5f@group-22C475060FAB-StateMachineUpdater: snapshotIndex: updateIncreasingly 23 -> 27
2021-11-15 13:26:28,219 [Listener at 127.0.0.1/13216] INFO  impl.StateMachineUpdater (StateMachineUpdater.java:stopAndJoin(149)) - 0a37f259-89fa-4cb5-a2dc-a190c2b03b5f@group-22C475060FAB-StateMachineUpdater: set stopIndex = 27
2021-11-15 13:26:28,220 [Listener at 127.0.0.1/13216] INFO  server.RaftServer$Division (ServerState.java:close(419)) - 0a37f259-89fa-4cb5-a2dc-a190c2b03b5f@group-22C475060FAB: closes. applyIndex: 27
2021-11-15 13:26:28,220 [0a37f259-89fa-4cb5-a2dc-a190c2b03b5f@group-22C475060FAB-SegmentedRaftLogWorker] INFO  segmented.SegmentedRaftLogWorker (SegmentedRaftLogWorker.java:run(327)) - 0a37f259-89fa-4cb5-a2dc-a190c2b03b5f@group-22C475060FAB-SegmentedRaftLogWorker was interrupted, exiting. There are 0 tasks remaining in the queue.
2021-11-15 13:26:28,223 [Listener at 127.0.0.1/13216] INFO  segmented.SegmentedRaftLogWorker (SegmentedRaftLogWorker.java:close(237)) - 0a37f259-89fa-4cb5-a2dc-a190c2b03b5f@group-22C475060FAB-SegmentedRaftLogWorker close()
2021-11-15 13:26:28,225 [Listener at 127.0.0.1/13216] INFO  server.GrpcService (GrpcService.java:closeImpl(262)) - 0a37f259-89fa-4cb5-a2dc-a190c2b03b5f: shutdown server with port 14570 now
2021-11-15 13:26:28,226 [Listener at 127.0.0.1/13216] INFO  server.GrpcService (GrpcService.java:closeImpl(271)) - 0a37f259-89fa-4cb5-a2dc-a190c2b03b5f: shutdown server with port 14570 successfully
2021-11-15 13:26:28,226 [org.apache.ratis.util.JvmPauseMonitor$$Lambda$499/1445999733@54724e71] INFO  util.JvmPauseMonitor (JvmPauseMonitor.java:run(109)) - JvmPauseMonitor-0a37f259-89fa-4cb5-a2dc-a190c2b03b5f: Stopped
2021-11-15 13:26:28,227 [Listener at 127.0.0.1/13216] INFO  pipeline.BackgroundPipelineCreator (BackgroundPipelineCreator.java:stop(158)) - Stopping RatisPipelineUtilsThread.
2021-11-15 13:26:28,227 [Listener at 127.0.0.1/13216] INFO  server.StorageContainerManager (StorageContainerManager.java:stop(1504)) - Stopping SCM MetadataStore.
2021-11-15 13:26:28,227 [Listener at 127.0.0.1/13216] INFO  impl.MetricsSystemImpl (MetricsSystemImpl.java:stop(205)) - StorageContainerManager metrics system stopped (again)
2021-11-15 13:26:28,228 [Listener at 127.0.0.1/13216] INFO  ozone.MiniOzoneClusterImpl (MiniOzoneClusterImpl.java:stop(468)) - Stopping the Mini Ozone Cluster
2021-11-15 13:26:28,228 [Listener at 127.0.0.1/13216] INFO  ozone.MiniOzoneClusterImpl (MiniOzoneClusterImpl.java:stopDatanodes(527)) - Stopping the HddsDatanodes
2021-11-15 13:26:28,402 [EndpointStateMachine task thread for /127.0.0.1:14723 - 0 ] INFO  ipc.Client (Client.java:handleConnectionFailure(977)) - Retrying connect to server: localhost/127.0.0.1:14723. Already tried 0 time(s); retry policy is RetryUpToMaximumCountWithFixedSleep(maxRetries=15, sleepTime=1000 MILLISECONDS)
2021-11-15 13:26:28,404 [EndpointStateMachine task thread for /127.0.0.1:14713 - 0 ] INFO  ipc.Client (Client.java:handleConnectionFailure(977)) - Retrying connect to server: localhost/127.0.0.1:14713. Already tried 0 time(s); retry policy is RetryUpToMaximumCountWithFixedSleep(maxRetries=15, sleepTime=1000 MILLISECONDS)
2021-11-15 13:26:28,404 [EndpointStateMachine task thread for /127.0.0.1:14733 - 0 ] INFO  ipc.Client (Client.java:handleConnectionFailure(977)) - Retrying connect to server: localhost/127.0.0.1:14733. Already tried 0 time(s); retry policy is RetryUpToMaximumCountWithFixedSleep(maxRetries=15, sleepTime=1000 MILLISECONDS)
2021-11-15 13:26:28,607 [Datanode State Machine Daemon Thread] ERROR datanode.RunningDatanodeState (RunningDatanodeState.java:computeNextContainerState(199)) - Error in executing end point task.
java.util.concurrent.ExecutionException: java.util.concurrent.TimeoutException
	at java.util.concurrent.FutureTask.report(FutureTask.java:122)
	at java.util.concurrent.FutureTask.get(FutureTask.java:192)
	at org.apache.hadoop.ozone.container.common.states.datanode.RunningDatanodeState.computeNextContainerState(RunningDatanodeState.java:191)
	at org.apache.hadoop.ozone.container.common.states.datanode.RunningDatanodeState.await(RunningDatanodeState.java:231)
	at org.apache.hadoop.ozone.container.common.states.datanode.RunningDatanodeState.await(RunningDatanodeState.java:50)
	at org.apache.hadoop.ozone.container.common.statemachine.StateContext.execute(StateContext.java:633)
	at org.apache.hadoop.ozone.container.common.statemachine.DatanodeStateMachine.start(DatanodeStateMachine.java:280)
	at org.apache.hadoop.ozone.container.common.statemachine.DatanodeStateMachine.lambda$startDaemon$0(DatanodeStateMachine.java:468)
	at java.lang.Thread.run(Thread.java:748)
Caused by: java.util.concurrent.TimeoutException
	at java.util.concurrent.FutureTask.get(FutureTask.java:205)
	at org.apache.hadoop.ozone.container.common.states.datanode.RunningDatanodeState.lambda$execute$0(RunningDatanodeState.java:149)
	at java.util.concurrent.FutureTask.run(FutureTask.java:266)
	at java.util.concurrent.Executors$RunnableAdapter.call(Executors.java:511)
	at java.util.concurrent.FutureTask.run(FutureTask.java:266)
	at java.util.concurrent.ThreadPoolExecutor.runWorker(ThreadPoolExecutor.java:1149)
	at java.util.concurrent.ThreadPoolExecutor$Worker.run(ThreadPoolExecutor.java:624)
	... 1 more
2021-11-15 13:26:28,608 [EndpointStateMachine task thread for /127.0.0.1:14561 - 0 ] INFO  ipc.Client (Client.java:handleConnectionFailure(977)) - Retrying connect to server: localhost/127.0.0.1:14561. Already tried 0 time(s); retry policy is RetryUpToMaximumCountWithFixedSleep(maxRetries=15, sleepTime=1000 MILLISECONDS)
2021-11-15 13:26:28,608 [EndpointStateMachine task thread for /127.0.0.1:14581 - 0 ] INFO  ipc.Client (Client.java:handleConnectionFailure(977)) - Retrying connect to server: localhost/127.0.0.1:14581. Already tried 0 time(s); retry policy is RetryUpToMaximumCountWithFixedSleep(maxRetries=15, sleepTime=1000 MILLISECONDS)
2021-11-15 13:26:28,610 [EndpointStateMachine task thread for /127.0.0.1:14571 - 0 ] WARN  statemachine.EndpointStateMachine (EndpointStateMachine.java:logIfNeeded(236)) - Unable to communicate to SCM server at 127.0.0.1:14571 for past 0 seconds.
java.io.EOFException: End of File Exception between local host is: "fv-az151-339/10.1.0.55"; destination host is: "localhost":14571; : java.io.EOFException; For more details see:  http://wiki.apache.org/hadoop/EOFException
	at sun.reflect.NativeConstructorAccessorImpl.newInstance0(Native Method)
	at sun.reflect.NativeConstructorAccessorImpl.newInstance(NativeConstructorAccessorImpl.java:62)
	at sun.reflect.DelegatingConstructorAccessorImpl.newInstance(DelegatingConstructorAccessorImpl.java:45)
	at java.lang.reflect.Constructor.newInstance(Constructor.java:423)
	at org.apache.hadoop.net.NetUtils.wrapWithMessage(NetUtils.java:913)
	at org.apache.hadoop.net.NetUtils.wrapException(NetUtils.java:862)
	at org.apache.hadoop.ipc.Client.getRpcResponse(Client.java:1577)
	at org.apache.hadoop.ipc.Client.call(Client.java:1519)
	at org.apache.hadoop.ipc.Client.call(Client.java:1416)
	at org.apache.hadoop.ipc.ProtobufRpcEngine$Invoker.invoke(ProtobufRpcEngine.java:236)
	at org.apache.hadoop.ipc.ProtobufRpcEngine$Invoker.invoke(ProtobufRpcEngine.java:123)
	at com.sun.proxy.$Proxy48.submitRequest(Unknown Source)
	at org.apache.hadoop.ozone.protocolPB.StorageContainerDatanodeProtocolClientSideTranslatorPB.submitRequest(StorageContainerDatanodeProtocolClientSideTranslatorPB.java:117)
	at org.apache.hadoop.ozone.protocolPB.StorageContainerDatanodeProtocolClientSideTranslatorPB.sendHeartbeat(StorageContainerDatanodeProtocolClientSideTranslatorPB.java:149)
	at org.apache.hadoop.ozone.container.common.states.endpoint.HeartbeatEndpointTask.call(HeartbeatEndpointTask.java:179)
	at org.apache.hadoop.ozone.container.common.states.endpoint.HeartbeatEndpointTask.call(HeartbeatEndpointTask.java:82)
	at java.util.concurrent.FutureTask.run(FutureTask.java:266)
	at java.util.concurrent.ThreadPoolExecutor.runWorker(ThreadPoolExecutor.java:1149)
	at java.util.concurrent.ThreadPoolExecutor$Worker.run(ThreadPoolExecutor.java:624)
	at java.lang.Thread.run(Thread.java:748)
Caused by: java.io.EOFException
	at java.io.DataInputStream.readInt(DataInputStream.java:392)
	at org.apache.hadoop.ipc.Client$IpcStreams.readResponse(Client.java:1892)
	at org.apache.hadoop.ipc.Client$Connection.receiveRpcResponse(Client.java:1202)
	at org.apache.hadoop.ipc.Client$Connection.run(Client.java:1098)
2021-11-15 13:26:28,865 [Datanode State Machine Daemon Thread] ERROR datanode.RunningDatanodeState (RunningDatanodeState.java:computeNextContainerState(199)) - Error in executing end point task.
java.util.concurrent.ExecutionException: java.util.concurrent.TimeoutException
	at java.util.concurrent.FutureTask.report(FutureTask.java:122)
	at java.util.concurrent.FutureTask.get(FutureTask.java:192)
	at org.apache.hadoop.ozone.container.common.states.datanode.RunningDatanodeState.computeNextContainerState(RunningDatanodeState.java:191)
	at org.apache.hadoop.ozone.container.common.states.datanode.RunningDatanodeState.await(RunningDatanodeState.java:231)
	at org.apache.hadoop.ozone.container.common.states.datanode.RunningDatanodeState.await(RunningDatanodeState.java:50)
	at org.apache.hadoop.ozone.container.common.statemachine.StateContext.execute(StateContext.java:633)
	at org.apache.hadoop.ozone.container.common.statemachine.DatanodeStateMachine.start(DatanodeStateMachine.java:280)
	at org.apache.hadoop.ozone.container.common.statemachine.DatanodeStateMachine.lambda$startDaemon$0(DatanodeStateMachine.java:468)
	at java.lang.Thread.run(Thread.java:748)
Caused by: java.util.concurrent.TimeoutException
	at java.util.concurrent.FutureTask.get(FutureTask.java:205)
	at org.apache.hadoop.ozone.container.common.states.datanode.RunningDatanodeState.lambda$execute$0(RunningDatanodeState.java:149)
	at java.util.concurrent.FutureTask.run(FutureTask.java:266)
	at java.util.concurrent.Executors$RunnableAdapter.call(Executors.java:511)
	at java.util.concurrent.FutureTask.run(FutureTask.java:266)
	at java.util.concurrent.ThreadPoolExecutor.runWorker(ThreadPoolExecutor.java:1149)
	at java.util.concurrent.ThreadPoolExecutor$Worker.run(ThreadPoolExecutor.java:624)
	... 1 more
2021-11-15 13:26:28,865 [Datanode State Machine Daemon Thread] WARN  statemachine.StateContext (StateContext.java:setState(249)) - Ignore disallowed transition from SHUTDOWN to RUNNING
2021-11-15 13:26:29,402 [EndpointStateMachine task thread for /127.0.0.1:14723 - 0 ] INFO  ipc.Client (Client.java:handleConnectionFailure(977)) - Retrying connect to server: localhost/127.0.0.1:14723. Already tried 1 time(s); retry policy is RetryUpToMaximumCountWithFixedSleep(maxRetries=15, sleepTime=1000 MILLISECONDS)
2021-11-15 13:26:29,404 [EndpointStateMachine task thread for /127.0.0.1:14713 - 0 ] INFO  ipc.Client (Client.java:handleConnectionFailure(977)) - Retrying connect to server: localhost/127.0.0.1:14713. Already tried 1 time(s); retry policy is RetryUpToMaximumCountWithFixedSleep(maxRetries=15, sleepTime=1000 MILLISECONDS)
2021-11-15 13:26:29,404 [EndpointStateMachine task thread for /127.0.0.1:14733 - 0 ] INFO  ipc.Client (Client.java:handleConnectionFailure(977)) - Retrying connect to server: localhost/127.0.0.1:14733. Already tried 1 time(s); retry policy is RetryUpToMaximumCountWithFixedSleep(maxRetries=15, sleepTime=1000 MILLISECONDS)
2021-11-15 13:26:29,609 [EndpointStateMachine task thread for /127.0.0.1:14561 - 0 ] INFO  ipc.Client (Client.java:handleConnectionFailure(977)) - Retrying connect to server: localhost/127.0.0.1:14561. Already tried 1 time(s); retry policy is RetryUpToMaximumCountWithFixedSleep(maxRetries=15, sleepTime=1000 MILLISECONDS)
2021-11-15 13:26:29,610 [EndpointStateMachine task thread for /127.0.0.1:14581 - 0 ] INFO  ipc.Client (Client.java:handleConnectionFailure(977)) - Retrying connect to server: localhost/127.0.0.1:14581. Already tried 1 time(s); retry policy is RetryUpToMaximumCountWithFixedSleep(maxRetries=15, sleepTime=1000 MILLISECONDS)
2021-11-15 13:26:30,403 [EndpointStateMachine task thread for /127.0.0.1:14723 - 0 ] INFO  ipc.Client (Client.java:handleConnectionFailure(977)) - Retrying connect to server: localhost/127.0.0.1:14723. Already tried 2 time(s); retry policy is RetryUpToMaximumCountWithFixedSleep(maxRetries=15, sleepTime=1000 MILLISECONDS)
2021-11-15 13:26:30,404 [EndpointStateMachine task thread for /127.0.0.1:14713 - 0 ] INFO  ipc.Client (Client.java:handleConnectionFailure(977)) - Retrying connect to server: localhost/127.0.0.1:14713. Already tried 2 time(s); retry policy is RetryUpToMaximumCountWithFixedSleep(maxRetries=15, sleepTime=1000 MILLISECONDS)
2021-11-15 13:26:30,405 [EndpointStateMachine task thread for /127.0.0.1:14733 - 0 ] INFO  ipc.Client (Client.java:handleConnectionFailure(977)) - Retrying connect to server: localhost/127.0.0.1:14733. Already tried 2 time(s); retry policy is RetryUpToMaximumCountWithFixedSleep(maxRetries=15, sleepTime=1000 MILLISECONDS)
2021-11-15 13:26:30,609 [EndpointStateMachine task thread for /127.0.0.1:14571 - 0 ] INFO  ipc.Client (Client.java:handleConnectionFailure(977)) - Retrying connect to server: localhost/127.0.0.1:14571. Already tried 0 time(s); retry policy is RetryUpToMaximumCountWithFixedSleep(maxRetries=15, sleepTime=1000 MILLISECONDS)
2021-11-15 13:26:30,609 [EndpointStateMachine task thread for /127.0.0.1:14561 - 0 ] INFO  ipc.Client (Client.java:handleConnectionFailure(977)) - Retrying connect to server: localhost/127.0.0.1:14561. Already tried 2 time(s); retry policy is RetryUpToMaximumCountWithFixedSleep(maxRetries=15, sleepTime=1000 MILLISECONDS)
2021-11-15 13:26:30,610 [EndpointStateMachine task thread for /127.0.0.1:14581 - 0 ] INFO  ipc.Client (Client.java:handleConnectionFailure(977)) - Retrying connect to server: localhost/127.0.0.1:14581. Already tried 2 time(s); retry policy is RetryUpToMaximumCountWithFixedSleep(maxRetries=15, sleepTime=1000 MILLISECONDS)
2021-11-15 13:26:31,403 [EndpointStateMachine task thread for /127.0.0.1:14723 - 0 ] INFO  ipc.Client (Client.java:handleConnectionFailure(977)) - Retrying connect to server: localhost/127.0.0.1:14723. Already tried 3 time(s); retry policy is RetryUpToMaximumCountWithFixedSleep(maxRetries=15, sleepTime=1000 MILLISECONDS)
2021-11-15 13:26:31,405 [EndpointStateMachine task thread for /127.0.0.1:14713 - 0 ] INFO  ipc.Client (Client.java:handleConnectionFailure(977)) - Retrying connect to server: localhost/127.0.0.1:14713. Already tried 3 time(s); retry policy is RetryUpToMaximumCountWithFixedSleep(maxRetries=15, sleepTime=1000 MILLISECONDS)
2021-11-15 13:26:31,406 [EndpointStateMachine task thread for /127.0.0.1:14733 - 0 ] INFO  ipc.Client (Client.java:handleConnectionFailure(977)) - Retrying connect to server: localhost/127.0.0.1:14733. Already tried 3 time(s); retry policy is RetryUpToMaximumCountWithFixedSleep(maxRetries=15, sleepTime=1000 MILLISECONDS)
2021-11-15 13:26:31,609 [EndpointStateMachine task thread for /127.0.0.1:14571 - 0 ] INFO  ipc.Client (Client.java:handleConnectionFailure(977)) - Retrying connect to server: localhost/127.0.0.1:14571. Already tried 1 time(s); retry policy is RetryUpToMaximumCountWithFixedSleep(maxRetries=15, sleepTime=1000 MILLISECONDS)
2021-11-15 13:26:31,610 [EndpointStateMachine task thread for /127.0.0.1:14561 - 0 ] INFO  ipc.Client (Client.java:handleConnectionFailure(977)) - Retrying connect to server: localhost/127.0.0.1:14561. Already tried 3 time(s); retry policy is RetryUpToMaximumCountWithFixedSleep(maxRetries=15, sleepTime=1000 MILLISECONDS)
2021-11-15 13:26:31,611 [EndpointStateMachine task thread for /127.0.0.1:14581 - 0 ] INFO  ipc.Client (Client.java:handleConnectionFailure(977)) - Retrying connect to server: localhost/127.0.0.1:14581. Already tried 3 time(s); retry policy is RetryUpToMaximumCountWithFixedSleep(maxRetries=15, sleepTime=1000 MILLISECONDS)
2021-11-15 13:26:31,843 [1b7637b9-df73-4fd2-9553-6cec13ff666d@group-D7B3E088EE4D-FollowerState] INFO  impl.FollowerState (FollowerState.java:run(134)) - 1b7637b9-df73-4fd2-9553-6cec13ff666d@group-D7B3E088EE4D-FollowerState: change to CANDIDATE, lastRpcElapsedTime:5072932690ns, electionTimeout:5065ms
2021-11-15 13:26:31,843 [1b7637b9-df73-4fd2-9553-6cec13ff666d@group-D7B3E088EE4D-FollowerState] INFO  impl.RoleInfo (RoleInfo.java:shutdownFollowerState(108)) - 1b7637b9-df73-4fd2-9553-6cec13ff666d: shutdown 1b7637b9-df73-4fd2-9553-6cec13ff666d@group-D7B3E088EE4D-FollowerState
2021-11-15 13:26:31,843 [1b7637b9-df73-4fd2-9553-6cec13ff666d@group-D7B3E088EE4D-FollowerState] INFO  server.RaftServer$Division (RaftServerImpl.java:setRole(290)) - 1b7637b9-df73-4fd2-9553-6cec13ff666d@group-D7B3E088EE4D: changes role from  FOLLOWER to CANDIDATE at term 3 for changeToCandidate
2021-11-15 13:26:31,843 [1b7637b9-df73-4fd2-9553-6cec13ff666d@group-D7B3E088EE4D-FollowerState] INFO  server.RaftServerConfigKeys (ConfUtils.java:logGet(44)) - raft.server.leaderelection.pre-vote = false (custom)
2021-11-15 13:26:31,843 [1b7637b9-df73-4fd2-9553-6cec13ff666d@group-D7B3E088EE4D-FollowerState] INFO  impl.RoleInfo (RoleInfo.java:updateAndGet(130)) - 1b7637b9-df73-4fd2-9553-6cec13ff666d: start 1b7637b9-df73-4fd2-9553-6cec13ff666d@group-D7B3E088EE4D-LeaderElection21
2021-11-15 13:26:31,855 [1b7637b9-df73-4fd2-9553-6cec13ff666d@group-D7B3E088EE4D-LeaderElection21] INFO  impl.LeaderElection (LeaderElection.java:askForVotes(306)) - 1b7637b9-df73-4fd2-9553-6cec13ff666d@group-D7B3E088EE4D-LeaderElection21 ELECTION round 0: submit vote requests at term 4 for -1: [a7a9ee06-acf8-4996-94fe-a30a2f736f46|rpc:127.0.0.1:35177|dataStream:|priority:1, 1b7637b9-df73-4fd2-9553-6cec13ff666d|rpc:127.0.0.1:41211|dataStream:|priority:0, 15c58fd6-591f-43e3-aa4f-ac792bae557b|rpc:127.0.0.1:34937|dataStream:|priority:0], old=null
2021-11-15 13:26:31,878 [grpc-default-executor-2] INFO  server.RaftServer$Division (RaftServerImpl.java:requestVote(1046)) - a7a9ee06-acf8-4996-94fe-a30a2f736f46@group-D7B3E088EE4D: receive requestVote(ELECTION, 1b7637b9-df73-4fd2-9553-6cec13ff666d, group-D7B3E088EE4D, 4, (t:0, i:0))
2021-11-15 13:26:31,878 [grpc-default-executor-2] INFO  impl.VoteContext (VoteContext.java:log(48)) - a7a9ee06-acf8-4996-94fe-a30a2f736f46@group-D7B3E088EE4D-FOLLOWER: reject ELECTION from 1b7637b9-df73-4fd2-9553-6cec13ff666d: our priority 1 > candidate's priority 0
2021-11-15 13:26:31,878 [grpc-default-executor-2] INFO  server.RaftServer$Division (RaftServerImpl.java:setRole(290)) - a7a9ee06-acf8-4996-94fe-a30a2f736f46@group-D7B3E088EE4D: changes role from  FOLLOWER to FOLLOWER at term 4 for candidate:1b7637b9-df73-4fd2-9553-6cec13ff666d
2021-11-15 13:26:31,878 [grpc-default-executor-2] INFO  impl.RoleInfo (RoleInfo.java:shutdownFollowerState(108)) - a7a9ee06-acf8-4996-94fe-a30a2f736f46: shutdown a7a9ee06-acf8-4996-94fe-a30a2f736f46@group-D7B3E088EE4D-FollowerState
2021-11-15 13:26:31,878 [grpc-default-executor-2] INFO  impl.RoleInfo (RoleInfo.java:updateAndGet(130)) - a7a9ee06-acf8-4996-94fe-a30a2f736f46: start a7a9ee06-acf8-4996-94fe-a30a2f736f46@group-D7B3E088EE4D-FollowerState
2021-11-15 13:26:31,879 [a7a9ee06-acf8-4996-94fe-a30a2f736f46@group-D7B3E088EE4D-FollowerState] INFO  impl.FollowerState (FollowerState.java:run(143)) - a7a9ee06-acf8-4996-94fe-a30a2f736f46@group-D7B3E088EE4D-FollowerState was interrupted: {}
java.lang.InterruptedException: sleep interrupted
	at java.lang.Thread.sleep(Native Method)
	at java.lang.Thread.sleep(Thread.java:340)
	at java.util.concurrent.TimeUnit.sleep(TimeUnit.java:386)
	at org.apache.ratis.util.TimeDuration.sleep(TimeDuration.java:324)
	at org.apache.ratis.util.TimeDuration.sleep(TimeDuration.java:309)
	at org.apache.ratis.server.impl.FollowerState.run(FollowerState.java:118)
2021-11-15 13:26:31,904 [grpc-default-executor-1] INFO  server.RaftServer$Division (RaftServerImpl.java:requestVote(1046)) - 15c58fd6-591f-43e3-aa4f-ac792bae557b@group-D7B3E088EE4D: receive requestVote(ELECTION, 1b7637b9-df73-4fd2-9553-6cec13ff666d, group-D7B3E088EE4D, 4, (t:0, i:0))
2021-11-15 13:26:31,905 [grpc-default-executor-1] INFO  impl.VoteContext (VoteContext.java:log(48)) - 15c58fd6-591f-43e3-aa4f-ac792bae557b@group-D7B3E088EE4D-FOLLOWER: accept ELECTION from 1b7637b9-df73-4fd2-9553-6cec13ff666d: our priority 0 <= candidate's priority 0
2021-11-15 13:26:31,906 [grpc-default-executor-1] INFO  server.RaftServer$Division (RaftServerImpl.java:setRole(290)) - 15c58fd6-591f-43e3-aa4f-ac792bae557b@group-D7B3E088EE4D: changes role from  FOLLOWER to FOLLOWER at term 4 for candidate:1b7637b9-df73-4fd2-9553-6cec13ff666d
2021-11-15 13:26:31,907 [grpc-default-executor-1] INFO  impl.RoleInfo (RoleInfo.java:shutdownFollowerState(108)) - 15c58fd6-591f-43e3-aa4f-ac792bae557b: shutdown 15c58fd6-591f-43e3-aa4f-ac792bae557b@group-D7B3E088EE4D-FollowerState
2021-11-15 13:26:31,908 [15c58fd6-591f-43e3-aa4f-ac792bae557b@group-D7B3E088EE4D-FollowerState] INFO  impl.FollowerState (FollowerState.java:run(143)) - 15c58fd6-591f-43e3-aa4f-ac792bae557b@group-D7B3E088EE4D-FollowerState was interrupted: {}
java.lang.InterruptedException: sleep interrupted
	at java.lang.Thread.sleep(Native Method)
	at java.lang.Thread.sleep(Thread.java:340)
	at java.util.concurrent.TimeUnit.sleep(TimeUnit.java:386)
	at org.apache.ratis.util.TimeDuration.sleep(TimeDuration.java:324)
	at org.apache.ratis.util.TimeDuration.sleep(TimeDuration.java:309)
	at org.apache.ratis.server.impl.FollowerState.run(FollowerState.java:118)
2021-11-15 13:26:31,907 [grpc-default-executor-2] INFO  server.RaftServer$Division (RaftServerImpl.java:requestVote(1078)) - a7a9ee06-acf8-4996-94fe-a30a2f736f46@group-D7B3E088EE4D replies to ELECTION vote request: 1b7637b9-df73-4fd2-9553-6cec13ff666d<-a7a9ee06-acf8-4996-94fe-a30a2f736f46#0:FAIL-t4. Peer's state: a7a9ee06-acf8-4996-94fe-a30a2f736f46@group-D7B3E088EE4D:t4, leader=null, voted=null, raftlog=a7a9ee06-acf8-4996-94fe-a30a2f736f46@group-D7B3E088EE4D-SegmentedRaftLog:OPENED:c-1, conf=-1: [a7a9ee06-acf8-4996-94fe-a30a2f736f46|rpc:127.0.0.1:35177|dataStream:|priority:1, 1b7637b9-df73-4fd2-9553-6cec13ff666d|rpc:127.0.0.1:41211|dataStream:|priority:0, 15c58fd6-591f-43e3-aa4f-ac792bae557b|rpc:127.0.0.1:34937|dataStream:|priority:0], old=null
2021-11-15 13:26:31,909 [grpc-default-executor-1] INFO  impl.RoleInfo (RoleInfo.java:updateAndGet(130)) - 15c58fd6-591f-43e3-aa4f-ac792bae557b: start 15c58fd6-591f-43e3-aa4f-ac792bae557b@group-D7B3E088EE4D-FollowerState
2021-11-15 13:26:31,910 [1b7637b9-df73-4fd2-9553-6cec13ff666d@group-D7B3E088EE4D-LeaderElection21] INFO  impl.LeaderElection (LeaderElection.java:logAndReturn(89)) - 1b7637b9-df73-4fd2-9553-6cec13ff666d@group-D7B3E088EE4D-LeaderElection21: ELECTION REJECTED received 1 response(s) and 0 exception(s):
2021-11-15 13:26:31,926 [1b7637b9-df73-4fd2-9553-6cec13ff666d@group-D7B3E088EE4D-LeaderElection21] INFO  impl.LeaderElection (LeaderElection.java:logAndReturn(93)) -   Response 0: 1b7637b9-df73-4fd2-9553-6cec13ff666d<-a7a9ee06-acf8-4996-94fe-a30a2f736f46#0:FAIL-t4
2021-11-15 13:26:31,926 [1b7637b9-df73-4fd2-9553-6cec13ff666d@group-D7B3E088EE4D-LeaderElection21] INFO  impl.LeaderElection (LeaderElection.java:askForVotes(308)) - 1b7637b9-df73-4fd2-9553-6cec13ff666d@group-D7B3E088EE4D-LeaderElection21 ELECTION round 0: result REJECTED
2021-11-15 13:26:31,927 [1b7637b9-df73-4fd2-9553-6cec13ff666d@group-D7B3E088EE4D-LeaderElection21] INFO  server.RaftServer$Division (RaftServerImpl.java:setRole(290)) - 1b7637b9-df73-4fd2-9553-6cec13ff666d@group-D7B3E088EE4D: changes role from CANDIDATE to FOLLOWER at term 4 for REJECTED
2021-11-15 13:26:31,927 [1b7637b9-df73-4fd2-9553-6cec13ff666d@group-D7B3E088EE4D-LeaderElection21] INFO  impl.RoleInfo (RoleInfo.java:shutdownLeaderElection(121)) - 1b7637b9-df73-4fd2-9553-6cec13ff666d: shutdown 1b7637b9-df73-4fd2-9553-6cec13ff666d@group-D7B3E088EE4D-LeaderElection21
2021-11-15 13:26:31,926 [grpc-default-executor-1] INFO  server.RaftServer$Division (RaftServerImpl.java:requestVote(1078)) - 15c58fd6-591f-43e3-aa4f-ac792bae557b@group-D7B3E088EE4D replies to ELECTION vote request: 1b7637b9-df73-4fd2-9553-6cec13ff666d<-15c58fd6-591f-43e3-aa4f-ac792bae557b#0:OK-t4. Peer's state: 15c58fd6-591f-43e3-aa4f-ac792bae557b@group-D7B3E088EE4D:t4, leader=null, voted=1b7637b9-df73-4fd2-9553-6cec13ff666d, raftlog=15c58fd6-591f-43e3-aa4f-ac792bae557b@group-D7B3E088EE4D-SegmentedRaftLog:OPENED:c-1, conf=-1: [a7a9ee06-acf8-4996-94fe-a30a2f736f46|rpc:127.0.0.1:35177|priority:1, 1b7637b9-df73-4fd2-9553-6cec13ff666d|rpc:127.0.0.1:41211|priority:0, 15c58fd6-591f-43e3-aa4f-ac792bae557b|rpc:127.0.0.1:34937|priority:0], old=null
2021-11-15 13:26:31,928 [1b7637b9-df73-4fd2-9553-6cec13ff666d@group-D7B3E088EE4D-LeaderElection21] INFO  impl.RoleInfo (RoleInfo.java:updateAndGet(130)) - 1b7637b9-df73-4fd2-9553-6cec13ff666d: start 1b7637b9-df73-4fd2-9553-6cec13ff666d@group-D7B3E088EE4D-FollowerState
2021-11-15 13:26:32,404 [EndpointStateMachine task thread for /127.0.0.1:14723 - 0 ] INFO  ipc.Client (Client.java:handleConnectionFailure(977)) - Retrying connect to server: localhost/127.0.0.1:14723. Already tried 4 time(s); retry policy is RetryUpToMaximumCountWithFixedSleep(maxRetries=15, sleepTime=1000 MILLISECONDS)
2021-11-15 13:26:32,406 [EndpointStateMachine task thread for /127.0.0.1:14713 - 0 ] INFO  ipc.Client (Client.java:handleConnectionFailure(977)) - Retrying connect to server: localhost/127.0.0.1:14713. Already tried 4 time(s); retry policy is RetryUpToMaximumCountWithFixedSleep(maxRetries=15, sleepTime=1000 MILLISECONDS)
2021-11-15 13:26:32,406 [EndpointStateMachine task thread for /127.0.0.1:14733 - 0 ] INFO  ipc.Client (Client.java:handleConnectionFailure(977)) - Retrying connect to server: localhost/127.0.0.1:14733. Already tried 4 time(s); retry policy is RetryUpToMaximumCountWithFixedSleep(maxRetries=15, sleepTime=1000 MILLISECONDS)
2021-11-15 13:26:32,610 [EndpointStateMachine task thread for /127.0.0.1:14571 - 0 ] INFO  ipc.Client (Client.java:handleConnectionFailure(977)) - Retrying connect to server: localhost/127.0.0.1:14571. Already tried 2 time(s); retry policy is RetryUpToMaximumCountWithFixedSleep(maxRetries=15, sleepTime=1000 MILLISECONDS)
2021-11-15 13:26:32,610 [EndpointStateMachine task thread for /127.0.0.1:14561 - 0 ] INFO  ipc.Client (Client.java:handleConnectionFailure(977)) - Retrying connect to server: localhost/127.0.0.1:14561. Already tried 4 time(s); retry policy is RetryUpToMaximumCountWithFixedSleep(maxRetries=15, sleepTime=1000 MILLISECONDS)
2021-11-15 13:26:32,613 [EndpointStateMachine task thread for /127.0.0.1:14581 - 0 ] INFO  ipc.Client (Client.java:handleConnectionFailure(977)) - Retrying connect to server: localhost/127.0.0.1:14581. Already tried 4 time(s); retry policy is RetryUpToMaximumCountWithFixedSleep(maxRetries=15, sleepTime=1000 MILLISECONDS)
2021-11-15 13:26:33,228 [ForkJoinPool.commonPool-worker-0] INFO  ozoneimpl.OzoneContainer (OzoneContainer.java:stop(325)) - Attempting to stop container services.
2021-11-15 13:26:33,229 [Listener at 127.0.0.1/13216] INFO  ozoneimpl.OzoneContainer (OzoneContainer.java:stop(325)) - Attempting to stop container services.
2021-11-15 13:26:33,230 [ForkJoinPool.commonPool-worker-0] INFO  server.RaftServer (RaftServerProxy.java:lambda$close$6(391)) - 15c58fd6-591f-43e3-aa4f-ac792bae557b: close
2021-11-15 13:26:33,230 [ForkJoinPool.commonPool-worker-0] INFO  server.RaftServer$Division (RaftServerImpl.java:lambda$close$4(412)) - 15c58fd6-591f-43e3-aa4f-ac792bae557b@group-3EF3B5AE3404: shutdown
2021-11-15 13:26:33,230 [ForkJoinPool.commonPool-worker-0] INFO  util.JmxRegister (JmxRegister.java:unregister(73)) - Successfully un-registered JMX Bean with object name Ratis:service=RaftServer,group=group-3EF3B5AE3404,id=15c58fd6-591f-43e3-aa4f-ac792bae557b
2021-11-15 13:26:33,230 [ForkJoinPool.commonPool-worker-0] INFO  impl.RoleInfo (RoleInfo.java:shutdownLeaderState(91)) - 15c58fd6-591f-43e3-aa4f-ac792bae557b: shutdown 15c58fd6-591f-43e3-aa4f-ac792bae557b@group-3EF3B5AE3404-LeaderStateImpl
2021-11-15 13:26:33,231 [ForkJoinPool.commonPool-worker-0] INFO  impl.PendingRequests (PendingRequests.java:sendNotLeaderResponses(282)) - 15c58fd6-591f-43e3-aa4f-ac792bae557b@group-3EF3B5AE3404-PendingRequests: sendNotLeaderResponses
2021-11-15 13:26:33,231 [ForkJoinPool.commonPool-worker-0] INFO  impl.StateMachineUpdater (StateMachineUpdater.java:stopAndJoin(149)) - 15c58fd6-591f-43e3-aa4f-ac792bae557b@group-3EF3B5AE3404-StateMachineUpdater: set stopIndex = 0
2021-11-15 13:26:33,231 [15c58fd6-591f-43e3-aa4f-ac792bae557b@group-3EF3B5AE3404-StateMachineUpdater] INFO  ratis.ContainerStateMachine (ContainerStateMachine.java:takeSnapshot(292)) - group-3EF3B5AE3404: Taking a snapshot at:(t:1, i:0) file /home/runner/work/ozone/ozone/hadoop-ozone/integration-test/target/test-dir/MiniOzoneClusterImpl-54fbe6a2-d836-4e9c-ac0d-22c475060fab/datanode-0/data/ratis/bcd8657d-9dbc-4ee1-9d34-3ef3b5ae3404/sm/snapshot.1_0
2021-11-15 13:26:33,232 [Listener at 127.0.0.1/13216] INFO  server.RaftServer (RaftServerProxy.java:lambda$close$6(391)) - 1b7637b9-df73-4fd2-9553-6cec13ff666d: close
2021-11-15 13:26:33,232 [Listener at 127.0.0.1/13216] INFO  server.RaftServer$Division (RaftServerImpl.java:lambda$close$4(412)) - 1b7637b9-df73-4fd2-9553-6cec13ff666d@group-806C4339F8C1: shutdown
2021-11-15 13:26:33,232 [Listener at 127.0.0.1/13216] INFO  util.JmxRegister (JmxRegister.java:unregister(73)) - Successfully un-registered JMX Bean with object name Ratis:service=RaftServer,group=group-806C4339F8C1,id=1b7637b9-df73-4fd2-9553-6cec13ff666d
2021-11-15 13:26:33,232 [Listener at 127.0.0.1/13216] INFO  impl.RoleInfo (RoleInfo.java:shutdownLeaderState(91)) - 1b7637b9-df73-4fd2-9553-6cec13ff666d: shutdown 1b7637b9-df73-4fd2-9553-6cec13ff666d@group-806C4339F8C1-LeaderStateImpl
2021-11-15 13:26:33,232 [Listener at 127.0.0.1/13216] INFO  impl.PendingRequests (PendingRequests.java:sendNotLeaderResponses(282)) - 1b7637b9-df73-4fd2-9553-6cec13ff666d@group-806C4339F8C1-PendingRequests: sendNotLeaderResponses
2021-11-15 13:26:33,233 [Listener at 127.0.0.1/13216] INFO  impl.StateMachineUpdater (StateMachineUpdater.java:stopAndJoin(149)) - 1b7637b9-df73-4fd2-9553-6cec13ff666d@group-806C4339F8C1-StateMachineUpdater: set stopIndex = 0
2021-11-15 13:26:33,233 [1b7637b9-df73-4fd2-9553-6cec13ff666d@group-806C4339F8C1-StateMachineUpdater] INFO  ratis.ContainerStateMachine (ContainerStateMachine.java:takeSnapshot(292)) - group-806C4339F8C1: Taking a snapshot at:(t:1, i:0) file /home/runner/work/ozone/ozone/hadoop-ozone/integration-test/target/test-dir/MiniOzoneClusterImpl-54fbe6a2-d836-4e9c-ac0d-22c475060fab/datanode-1/data/ratis/becc6797-61c3-458a-a053-806c4339f8c1/sm/snapshot.1_0
2021-11-15 13:26:33,235 [15c58fd6-591f-43e3-aa4f-ac792bae557b@group-3EF3B5AE3404-StateMachineUpdater] INFO  ratis.ContainerStateMachine (ContainerStateMachine.java:takeSnapshot(303)) - group-3EF3B5AE3404: Finished taking a snapshot at:(t:1, i:0) file:/home/runner/work/ozone/ozone/hadoop-ozone/integration-test/target/test-dir/MiniOzoneClusterImpl-54fbe6a2-d836-4e9c-ac0d-22c475060fab/datanode-0/data/ratis/bcd8657d-9dbc-4ee1-9d34-3ef3b5ae3404/sm/snapshot.1_0 took: 3 ms
2021-11-15 13:26:33,235 [1b7637b9-df73-4fd2-9553-6cec13ff666d@group-806C4339F8C1-StateMachineUpdater] INFO  ratis.ContainerStateMachine (ContainerStateMachine.java:takeSnapshot(303)) - group-806C4339F8C1: Finished taking a snapshot at:(t:1, i:0) file:/home/runner/work/ozone/ozone/hadoop-ozone/integration-test/target/test-dir/MiniOzoneClusterImpl-54fbe6a2-d836-4e9c-ac0d-22c475060fab/datanode-1/data/ratis/becc6797-61c3-458a-a053-806c4339f8c1/sm/snapshot.1_0 took: 2 ms
2021-11-15 13:26:33,235 [1b7637b9-df73-4fd2-9553-6cec13ff666d@group-806C4339F8C1-StateMachineUpdater] INFO  impl.StateMachineUpdater (StateMachineUpdater.java:takeSnapshot(281)) - 1b7637b9-df73-4fd2-9553-6cec13ff666d@group-806C4339F8C1-StateMachineUpdater: Took a snapshot at index 0
2021-11-15 13:26:33,235 [1b7637b9-df73-4fd2-9553-6cec13ff666d@group-806C4339F8C1-StateMachineUpdater] INFO  impl.StateMachineUpdater (StateMachineUpdater.java:lambda$new$0(89)) - 1b7637b9-df73-4fd2-9553-6cec13ff666d@group-806C4339F8C1-StateMachineUpdater: snapshotIndex: updateIncreasingly -1 -> 0
2021-11-15 13:26:33,235 [15c58fd6-591f-43e3-aa4f-ac792bae557b@group-3EF3B5AE3404-StateMachineUpdater] INFO  impl.StateMachineUpdater (StateMachineUpdater.java:takeSnapshot(281)) - 15c58fd6-591f-43e3-aa4f-ac792bae557b@group-3EF3B5AE3404-StateMachineUpdater: Took a snapshot at index 0
2021-11-15 13:26:33,235 [15c58fd6-591f-43e3-aa4f-ac792bae557b@group-3EF3B5AE3404-StateMachineUpdater] INFO  impl.StateMachineUpdater (StateMachineUpdater.java:lambda$new$0(89)) - 15c58fd6-591f-43e3-aa4f-ac792bae557b@group-3EF3B5AE3404-StateMachineUpdater: snapshotIndex: updateIncreasingly -1 -> 0
2021-11-15 13:26:33,238 [ForkJoinPool.commonPool-worker-0] INFO  server.RaftServer$Division (ServerState.java:close(419)) - 15c58fd6-591f-43e3-aa4f-ac792bae557b@group-3EF3B5AE3404: closes. applyIndex: 0
2021-11-15 13:26:33,238 [Listener at 127.0.0.1/13216] INFO  server.RaftServer$Division (ServerState.java:close(419)) - 1b7637b9-df73-4fd2-9553-6cec13ff666d@group-806C4339F8C1: closes. applyIndex: 0
2021-11-15 13:26:33,238 [15c58fd6-591f-43e3-aa4f-ac792bae557b@group-3EF3B5AE3404-SegmentedRaftLogWorker] INFO  segmented.SegmentedRaftLogWorker (SegmentedRaftLogWorker.java:run(327)) - 15c58fd6-591f-43e3-aa4f-ac792bae557b@group-3EF3B5AE3404-SegmentedRaftLogWorker was interrupted, exiting. There are 0 tasks remaining in the queue.
2021-11-15 13:26:33,239 [1b7637b9-df73-4fd2-9553-6cec13ff666d@group-806C4339F8C1-SegmentedRaftLogWorker] INFO  segmented.SegmentedRaftLogWorker (SegmentedRaftLogWorker.java:run(327)) - 1b7637b9-df73-4fd2-9553-6cec13ff666d@group-806C4339F8C1-SegmentedRaftLogWorker was interrupted, exiting. There are 0 tasks remaining in the queue.
2021-11-15 13:26:33,240 [Listener at 127.0.0.1/13216] INFO  segmented.SegmentedRaftLogWorker (SegmentedRaftLogWorker.java:close(237)) - 1b7637b9-df73-4fd2-9553-6cec13ff666d@group-806C4339F8C1-SegmentedRaftLogWorker close()
2021-11-15 13:26:33,240 [Listener at 127.0.0.1/13216] INFO  server.RaftServer$Division (RaftServerImpl.java:lambda$close$4(412)) - 1b7637b9-df73-4fd2-9553-6cec13ff666d@group-CA48594C04EC: shutdown
2021-11-15 13:26:33,240 [Listener at 127.0.0.1/13216] INFO  util.JmxRegister (JmxRegister.java:unregister(73)) - Successfully un-registered JMX Bean with object name Ratis:service=RaftServer,group=group-CA48594C04EC,id=1b7637b9-df73-4fd2-9553-6cec13ff666d
2021-11-15 13:26:33,241 [Listener at 127.0.0.1/13216] INFO  impl.RoleInfo (RoleInfo.java:shutdownLeaderState(91)) - 1b7637b9-df73-4fd2-9553-6cec13ff666d: shutdown 1b7637b9-df73-4fd2-9553-6cec13ff666d@group-CA48594C04EC-LeaderStateImpl
2021-11-15 13:26:33,241 [1b7637b9-df73-4fd2-9553-6cec13ff666d@group-CA48594C04EC->15c58fd6-591f-43e3-aa4f-ac792bae557b-GrpcLogAppender-LogAppenderDaemon] WARN  server.GrpcLogAppender (GrpcLogAppender.java:mayWait(177)) - 1b7637b9-df73-4fd2-9553-6cec13ff666d@group-CA48594C04EC->15c58fd6-591f-43e3-aa4f-ac792bae557b-GrpcLogAppender: Wait interrupted by java.lang.InterruptedException
2021-11-15 13:26:33,241 [Listener at 127.0.0.1/13216] INFO  impl.PendingRequests (PendingRequests.java:sendNotLeaderResponses(282)) - 1b7637b9-df73-4fd2-9553-6cec13ff666d@group-CA48594C04EC-PendingRequests: sendNotLeaderResponses
2021-11-15 13:26:33,241 [1b7637b9-df73-4fd2-9553-6cec13ff666d@group-CA48594C04EC->a7a9ee06-acf8-4996-94fe-a30a2f736f46-GrpcLogAppender-LogAppenderDaemon] WARN  server.GrpcLogAppender (GrpcLogAppender.java:mayWait(177)) - 1b7637b9-df73-4fd2-9553-6cec13ff666d@group-CA48594C04EC->a7a9ee06-acf8-4996-94fe-a30a2f736f46-GrpcLogAppender: Wait interrupted by java.lang.InterruptedException
2021-11-15 13:26:33,241 [Listener at 127.0.0.1/13216] INFO  impl.StateMachineUpdater (StateMachineUpdater.java:stopAndJoin(149)) - 1b7637b9-df73-4fd2-9553-6cec13ff666d@group-CA48594C04EC-StateMachineUpdater: set stopIndex = 0
2021-11-15 13:26:33,242 [1b7637b9-df73-4fd2-9553-6cec13ff666d@group-CA48594C04EC-StateMachineUpdater] INFO  ratis.ContainerStateMachine (ContainerStateMachine.java:takeSnapshot(292)) - group-CA48594C04EC: Taking a snapshot at:(t:2, i:0) file /home/runner/work/ozone/ozone/hadoop-ozone/integration-test/target/test-dir/MiniOzoneClusterImpl-54fbe6a2-d836-4e9c-ac0d-22c475060fab/datanode-1/data/ratis/30ff4324-be96-4690-9e43-ca48594c04ec/sm/snapshot.2_0
2021-11-15 13:26:33,242 [grpc-default-executor-1] INFO  server.GrpcServerProtocolService (GrpcServerProtocolService.java:onCompleted(140)) - 15c58fd6-591f-43e3-aa4f-ac792bae557b: Completed APPEND_ENTRIES, lastRequest: 1b7637b9-df73-4fd2-9553-6cec13ff666d->15c58fd6-591f-43e3-aa4f-ac792bae557b#1-t2,previous=(t:0, i:0),leaderCommit=-1,initializing? true,entries: size=1, first=(t:2, i:0), CONFIGURATIONENTRY
2021-11-15 13:26:33,242 [grpc-default-executor-1] INFO  server.GrpcServerProtocolService (GrpcServerProtocolService.java:onCompleted(140)) - a7a9ee06-acf8-4996-94fe-a30a2f736f46: Completed APPEND_ENTRIES, lastRequest: 1b7637b9-df73-4fd2-9553-6cec13ff666d->a7a9ee06-acf8-4996-94fe-a30a2f736f46#1-t2,previous=(t:0, i:0),leaderCommit=0,initializing? true,entries: size=1, first=(t:2, i:0), CONFIGURATIONENTRY
2021-11-15 13:26:33,243 [1b7637b9-df73-4fd2-9553-6cec13ff666d@group-CA48594C04EC-StateMachineUpdater] INFO  ratis.ContainerStateMachine (ContainerStateMachine.java:takeSnapshot(303)) - group-CA48594C04EC: Finished taking a snapshot at:(t:2, i:0) file:/home/runner/work/ozone/ozone/hadoop-ozone/integration-test/target/test-dir/MiniOzoneClusterImpl-54fbe6a2-d836-4e9c-ac0d-22c475060fab/datanode-1/data/ratis/30ff4324-be96-4690-9e43-ca48594c04ec/sm/snapshot.2_0 took: 1 ms
2021-11-15 13:26:33,243 [1b7637b9-df73-4fd2-9553-6cec13ff666d@group-CA48594C04EC-StateMachineUpdater] INFO  impl.StateMachineUpdater (StateMachineUpdater.java:takeSnapshot(281)) - 1b7637b9-df73-4fd2-9553-6cec13ff666d@group-CA48594C04EC-StateMachineUpdater: Took a snapshot at index 0
2021-11-15 13:26:33,243 [1b7637b9-df73-4fd2-9553-6cec13ff666d@group-CA48594C04EC-StateMachineUpdater] INFO  impl.StateMachineUpdater (StateMachineUpdater.java:lambda$new$0(89)) - 1b7637b9-df73-4fd2-9553-6cec13ff666d@group-CA48594C04EC-StateMachineUpdater: snapshotIndex: updateIncreasingly -1 -> 0
2021-11-15 13:26:33,243 [grpc-default-executor-2] INFO  server.GrpcLogAppender (GrpcLogAppender.java:onCompleted(346)) - 1b7637b9-df73-4fd2-9553-6cec13ff666d@group-CA48594C04EC->a7a9ee06-acf8-4996-94fe-a30a2f736f46-AppendLogResponseHandler: follower responses appendEntries COMPLETED
2021-11-15 13:26:33,243 [grpc-default-executor-2] INFO  leader.FollowerInfo (FollowerInfoImpl.java:lambda$new$0(47)) - 1b7637b9-df73-4fd2-9553-6cec13ff666d@group-CA48594C04EC->a7a9ee06-acf8-4996-94fe-a30a2f736f46: nextIndex: updateUnconditionally 1 -> 0
2021-11-15 13:26:33,243 [grpc-default-executor-1] INFO  server.GrpcLogAppender (GrpcLogAppender.java:onCompleted(346)) - 1b7637b9-df73-4fd2-9553-6cec13ff666d@group-CA48594C04EC->15c58fd6-591f-43e3-aa4f-ac792bae557b-AppendLogResponseHandler: follower responses appendEntries COMPLETED
2021-11-15 13:26:33,244 [grpc-default-executor-1] INFO  leader.FollowerInfo (FollowerInfoImpl.java:lambda$new$0(47)) - 1b7637b9-df73-4fd2-9553-6cec13ff666d@group-CA48594C04EC->15c58fd6-591f-43e3-aa4f-ac792bae557b: nextIndex: updateUnconditionally 1 -> 0
2021-11-15 13:26:33,244 [Listener at 127.0.0.1/13216] INFO  server.RaftServer$Division (ServerState.java:close(419)) - 1b7637b9-df73-4fd2-9553-6cec13ff666d@group-CA48594C04EC: closes. applyIndex: 0
2021-11-15 13:26:33,244 [1b7637b9-df73-4fd2-9553-6cec13ff666d@group-CA48594C04EC-SegmentedRaftLogWorker] INFO  segmented.SegmentedRaftLogWorker (SegmentedRaftLogWorker.java:run(327)) - 1b7637b9-df73-4fd2-9553-6cec13ff666d@group-CA48594C04EC-SegmentedRaftLogWorker was interrupted, exiting. There are 0 tasks remaining in the queue.
2021-11-15 13:26:33,245 [Listener at 127.0.0.1/13216] INFO  segmented.SegmentedRaftLogWorker (SegmentedRaftLogWorker.java:close(237)) - 1b7637b9-df73-4fd2-9553-6cec13ff666d@group-CA48594C04EC-SegmentedRaftLogWorker close()
2021-11-15 13:26:33,246 [ForkJoinPool.commonPool-worker-0] INFO  segmented.SegmentedRaftLogWorker (SegmentedRaftLogWorker.java:close(237)) - 15c58fd6-591f-43e3-aa4f-ac792bae557b@group-3EF3B5AE3404-SegmentedRaftLogWorker close()
2021-11-15 13:26:33,247 [Listener at 127.0.0.1/13216] INFO  server.RaftServer$Division (RaftServerImpl.java:lambda$close$4(412)) - 1b7637b9-df73-4fd2-9553-6cec13ff666d@group-D7B3E088EE4D: shutdown
2021-11-15 13:26:33,248 [Listener at 127.0.0.1/13216] INFO  util.JmxRegister (JmxRegister.java:unregister(73)) - Successfully un-registered JMX Bean with object name Ratis:service=RaftServer,group=group-D7B3E088EE4D,id=1b7637b9-df73-4fd2-9553-6cec13ff666d
2021-11-15 13:26:33,248 [Listener at 127.0.0.1/13216] INFO  impl.RoleInfo (RoleInfo.java:shutdownFollowerState(108)) - 1b7637b9-df73-4fd2-9553-6cec13ff666d: shutdown 1b7637b9-df73-4fd2-9553-6cec13ff666d@group-D7B3E088EE4D-FollowerState
2021-11-15 13:26:33,247 [ForkJoinPool.commonPool-worker-0] INFO  server.RaftServer$Division (RaftServerImpl.java:lambda$close$4(412)) - 15c58fd6-591f-43e3-aa4f-ac792bae557b@group-CA48594C04EC: shutdown
2021-11-15 13:26:33,248 [ForkJoinPool.commonPool-worker-0] INFO  util.JmxRegister (JmxRegister.java:unregister(73)) - Successfully un-registered JMX Bean with object name Ratis:service=RaftServer,group=group-CA48594C04EC,id=15c58fd6-591f-43e3-aa4f-ac792bae557b
2021-11-15 13:26:33,248 [ForkJoinPool.commonPool-worker-0] INFO  impl.RoleInfo (RoleInfo.java:shutdownFollowerState(108)) - 15c58fd6-591f-43e3-aa4f-ac792bae557b: shutdown 15c58fd6-591f-43e3-aa4f-ac792bae557b@group-CA48594C04EC-FollowerState
2021-11-15 13:26:33,248 [1b7637b9-df73-4fd2-9553-6cec13ff666d@group-D7B3E088EE4D-FollowerState] INFO  impl.FollowerState (FollowerState.java:run(143)) - 1b7637b9-df73-4fd2-9553-6cec13ff666d@group-D7B3E088EE4D-FollowerState was interrupted: {}
java.lang.InterruptedException: sleep interrupted
	at java.lang.Thread.sleep(Native Method)
	at java.lang.Thread.sleep(Thread.java:340)
	at java.util.concurrent.TimeUnit.sleep(TimeUnit.java:386)
	at org.apache.ratis.util.TimeDuration.sleep(TimeDuration.java:324)
	at org.apache.ratis.util.TimeDuration.sleep(TimeDuration.java:309)
	at org.apache.ratis.server.impl.FollowerState.run(FollowerState.java:118)
2021-11-15 13:26:33,248 [Listener at 127.0.0.1/13216] INFO  impl.StateMachineUpdater (StateMachineUpdater.java:stopAndJoin(149)) - 1b7637b9-df73-4fd2-9553-6cec13ff666d@group-D7B3E088EE4D-StateMachineUpdater: set stopIndex = -1
2021-11-15 13:26:33,249 [15c58fd6-591f-43e3-aa4f-ac792bae557b@group-CA48594C04EC-StateMachineUpdater] INFO  ratis.ContainerStateMachine (ContainerStateMachine.java:takeSnapshot(292)) - group-CA48594C04EC: Taking a snapshot at:(t:2, i:0) file /home/runner/work/ozone/ozone/hadoop-ozone/integration-test/target/test-dir/MiniOzoneClusterImpl-54fbe6a2-d836-4e9c-ac0d-22c475060fab/datanode-0/data/ratis/30ff4324-be96-4690-9e43-ca48594c04ec/sm/snapshot.2_0
2021-11-15 13:26:33,249 [15c58fd6-591f-43e3-aa4f-ac792bae557b@group-CA48594C04EC-FollowerState] INFO  impl.FollowerState (FollowerState.java:run(143)) - 15c58fd6-591f-43e3-aa4f-ac792bae557b@group-CA48594C04EC-FollowerState was interrupted: {}
java.lang.InterruptedException: sleep interrupted
	at java.lang.Thread.sleep(Native Method)
	at java.lang.Thread.sleep(Thread.java:340)
	at java.util.concurrent.TimeUnit.sleep(TimeUnit.java:386)
	at org.apache.ratis.util.TimeDuration.sleep(TimeDuration.java:324)
	at org.apache.ratis.util.TimeDuration.sleep(TimeDuration.java:309)
	at org.apache.ratis.server.impl.FollowerState.run(FollowerState.java:118)
2021-11-15 13:26:33,249 [ForkJoinPool.commonPool-worker-0] INFO  impl.StateMachineUpdater (StateMachineUpdater.java:stopAndJoin(149)) - 15c58fd6-591f-43e3-aa4f-ac792bae557b@group-CA48594C04EC-StateMachineUpdater: set stopIndex = 0
2021-11-15 13:26:33,251 [Listener at 127.0.0.1/13216] INFO  server.RaftServer$Division (ServerState.java:close(419)) - 1b7637b9-df73-4fd2-9553-6cec13ff666d@group-D7B3E088EE4D: closes. applyIndex: -1
2021-11-15 13:26:33,251 [1b7637b9-df73-4fd2-9553-6cec13ff666d@group-D7B3E088EE4D-SegmentedRaftLogWorker] INFO  segmented.SegmentedRaftLogWorker (SegmentedRaftLogWorker.java:run(327)) - 1b7637b9-df73-4fd2-9553-6cec13ff666d@group-D7B3E088EE4D-SegmentedRaftLogWorker was interrupted, exiting. There are 0 tasks remaining in the queue.
2021-11-15 13:26:33,251 [Listener at 127.0.0.1/13216] INFO  segmented.SegmentedRaftLogWorker (SegmentedRaftLogWorker.java:close(237)) - 1b7637b9-df73-4fd2-9553-6cec13ff666d@group-D7B3E088EE4D-SegmentedRaftLogWorker close()
2021-11-15 13:26:33,254 [15c58fd6-591f-43e3-aa4f-ac792bae557b@group-CA48594C04EC-StateMachineUpdater] INFO  ratis.ContainerStateMachine (ContainerStateMachine.java:takeSnapshot(303)) - group-CA48594C04EC: Finished taking a snapshot at:(t:2, i:0) file:/home/runner/work/ozone/ozone/hadoop-ozone/integration-test/target/test-dir/MiniOzoneClusterImpl-54fbe6a2-d836-4e9c-ac0d-22c475060fab/datanode-0/data/ratis/30ff4324-be96-4690-9e43-ca48594c04ec/sm/snapshot.2_0 took: 4 ms
2021-11-15 13:26:33,254 [Listener at 127.0.0.1/13216] INFO  server.GrpcService (GrpcService.java:closeImpl(262)) - 1b7637b9-df73-4fd2-9553-6cec13ff666d: shutdown server with port 41211 now
2021-11-15 13:26:33,254 [15c58fd6-591f-43e3-aa4f-ac792bae557b@group-CA48594C04EC-StateMachineUpdater] INFO  impl.StateMachineUpdater (StateMachineUpdater.java:takeSnapshot(281)) - 15c58fd6-591f-43e3-aa4f-ac792bae557b@group-CA48594C04EC-StateMachineUpdater: Took a snapshot at index 0
2021-11-15 13:26:33,254 [15c58fd6-591f-43e3-aa4f-ac792bae557b@group-CA48594C04EC-StateMachineUpdater] INFO  impl.StateMachineUpdater (StateMachineUpdater.java:lambda$new$0(89)) - 15c58fd6-591f-43e3-aa4f-ac792bae557b@group-CA48594C04EC-StateMachineUpdater: snapshotIndex: updateIncreasingly -1 -> 0
2021-11-15 13:26:33,256 [ForkJoinPool.commonPool-worker-0] INFO  server.RaftServer$Division (ServerState.java:close(419)) - 15c58fd6-591f-43e3-aa4f-ac792bae557b@group-CA48594C04EC: closes. applyIndex: 0
2021-11-15 13:26:33,256 [15c58fd6-591f-43e3-aa4f-ac792bae557b@group-CA48594C04EC-SegmentedRaftLogWorker] INFO  segmented.SegmentedRaftLogWorker (SegmentedRaftLogWorker.java:run(327)) - 15c58fd6-591f-43e3-aa4f-ac792bae557b@group-CA48594C04EC-SegmentedRaftLogWorker was interrupted, exiting. There are 0 tasks remaining in the queue.
2021-11-15 13:26:33,258 [ForkJoinPool.commonPool-worker-0] INFO  segmented.SegmentedRaftLogWorker (SegmentedRaftLogWorker.java:close(237)) - 15c58fd6-591f-43e3-aa4f-ac792bae557b@group-CA48594C04EC-SegmentedRaftLogWorker close()
2021-11-15 13:26:33,258 [ForkJoinPool.commonPool-worker-0] INFO  server.RaftServer$Division (RaftServerImpl.java:lambda$close$4(412)) - 15c58fd6-591f-43e3-aa4f-ac792bae557b@group-D7B3E088EE4D: shutdown
2021-11-15 13:26:33,258 [Listener at 127.0.0.1/13216] INFO  server.GrpcService (GrpcService.java:closeImpl(271)) - 1b7637b9-df73-4fd2-9553-6cec13ff666d: shutdown server with port 41211 successfully
2021-11-15 13:26:33,260 [org.apache.ratis.util.JvmPauseMonitor$$Lambda$499/1445999733@2905275c] INFO  util.JvmPauseMonitor (JvmPauseMonitor.java:run(109)) - JvmPauseMonitor-1b7637b9-df73-4fd2-9553-6cec13ff666d: Stopped
2021-11-15 13:26:33,259 [ForkJoinPool.commonPool-worker-0] INFO  util.JmxRegister (JmxRegister.java:unregister(73)) - Successfully un-registered JMX Bean with object name Ratis:service=RaftServer,group=group-D7B3E088EE4D,id=15c58fd6-591f-43e3-aa4f-ac792bae557b
2021-11-15 13:26:33,261 [ForkJoinPool.commonPool-worker-0] INFO  impl.RoleInfo (RoleInfo.java:shutdownFollowerState(108)) - 15c58fd6-591f-43e3-aa4f-ac792bae557b: shutdown 15c58fd6-591f-43e3-aa4f-ac792bae557b@group-D7B3E088EE4D-FollowerState
2021-11-15 13:26:33,261 [15c58fd6-591f-43e3-aa4f-ac792bae557b@group-D7B3E088EE4D-FollowerState] INFO  impl.FollowerState (FollowerState.java:run(143)) - 15c58fd6-591f-43e3-aa4f-ac792bae557b@group-D7B3E088EE4D-FollowerState was interrupted: {}
java.lang.InterruptedException: sleep interrupted
	at java.lang.Thread.sleep(Native Method)
	at java.lang.Thread.sleep(Thread.java:340)
	at java.util.concurrent.TimeUnit.sleep(TimeUnit.java:386)
	at org.apache.ratis.util.TimeDuration.sleep(TimeDuration.java:324)
	at org.apache.ratis.util.TimeDuration.sleep(TimeDuration.java:309)
	at org.apache.ratis.server.impl.FollowerState.run(FollowerState.java:118)
2021-11-15 13:26:33,261 [ForkJoinPool.commonPool-worker-0] INFO  impl.StateMachineUpdater (StateMachineUpdater.java:stopAndJoin(149)) - 15c58fd6-591f-43e3-aa4f-ac792bae557b@group-D7B3E088EE4D-StateMachineUpdater: set stopIndex = -1
2021-11-15 13:26:33,261 [ForkJoinPool.commonPool-worker-0] INFO  server.RaftServer$Division (ServerState.java:close(419)) - 15c58fd6-591f-43e3-aa4f-ac792bae557b@group-D7B3E088EE4D: closes. applyIndex: -1
2021-11-15 13:26:33,261 [15c58fd6-591f-43e3-aa4f-ac792bae557b@group-D7B3E088EE4D-SegmentedRaftLogWorker] INFO  segmented.SegmentedRaftLogWorker (SegmentedRaftLogWorker.java:run(327)) - 15c58fd6-591f-43e3-aa4f-ac792bae557b@group-D7B3E088EE4D-SegmentedRaftLogWorker was interrupted, exiting. There are 0 tasks remaining in the queue.
2021-11-15 13:26:33,261 [ForkJoinPool.commonPool-worker-0] INFO  segmented.SegmentedRaftLogWorker (SegmentedRaftLogWorker.java:close(237)) - 15c58fd6-591f-43e3-aa4f-ac792bae557b@group-D7B3E088EE4D-SegmentedRaftLogWorker close()
2021-11-15 13:26:33,263 [Listener at 127.0.0.1/13216] INFO  utils.BackgroundService (BackgroundService.java:shutdown(132)) - Shutting down service BlockDeletingService
2021-11-15 13:26:33,263 [ForkJoinPool.commonPool-worker-0] INFO  server.GrpcService (GrpcService.java:closeImpl(262)) - 15c58fd6-591f-43e3-aa4f-ac792bae557b: shutdown server with port 34937 now
2021-11-15 13:26:33,274 [ForkJoinPool.commonPool-worker-0] INFO  server.GrpcService (GrpcService.java:closeImpl(271)) - 15c58fd6-591f-43e3-aa4f-ac792bae557b: shutdown server with port 34937 successfully
2021-11-15 13:26:33,274 [org.apache.ratis.util.JvmPauseMonitor$$Lambda$499/1445999733@61e9b4] INFO  util.JvmPauseMonitor (JvmPauseMonitor.java:run(109)) - JvmPauseMonitor-15c58fd6-591f-43e3-aa4f-ac792bae557b: Stopped
2021-11-15 13:26:33,276 [ForkJoinPool.commonPool-worker-0] INFO  utils.BackgroundService (BackgroundService.java:shutdown(132)) - Shutting down service BlockDeletingService
2021-11-15 13:26:33,404 [EndpointStateMachine task thread for /127.0.0.1:14723 - 0 ] INFO  ipc.Client (Client.java:handleConnectionFailure(977)) - Retrying connect to server: localhost/127.0.0.1:14723. Already tried 5 time(s); retry policy is RetryUpToMaximumCountWithFixedSleep(maxRetries=15, sleepTime=1000 MILLISECONDS)
2021-11-15 13:26:33,406 [EndpointStateMachine task thread for /127.0.0.1:14713 - 0 ] INFO  ipc.Client (Client.java:handleConnectionFailure(977)) - Retrying connect to server: localhost/127.0.0.1:14713. Already tried 5 time(s); retry policy is RetryUpToMaximumCountWithFixedSleep(maxRetries=15, sleepTime=1000 MILLISECONDS)
2021-11-15 13:26:33,406 [EndpointStateMachine task thread for /127.0.0.1:14733 - 0 ] INFO  ipc.Client (Client.java:handleConnectionFailure(977)) - Retrying connect to server: localhost/127.0.0.1:14733. Already tried 5 time(s); retry policy is RetryUpToMaximumCountWithFixedSleep(maxRetries=15, sleepTime=1000 MILLISECONDS)
2021-11-15 13:26:33,610 [EndpointStateMachine task thread for /127.0.0.1:14571 - 0 ] INFO  ipc.Client (Client.java:handleConnectionFailure(977)) - Retrying connect to server: localhost/127.0.0.1:14571. Already tried 3 time(s); retry policy is RetryUpToMaximumCountWithFixedSleep(maxRetries=15, sleepTime=1000 MILLISECONDS)
2021-11-15 13:26:33,610 [EndpointStateMachine task thread for /127.0.0.1:14561 - 0 ] INFO  ipc.Client (Client.java:handleConnectionFailure(977)) - Retrying connect to server: localhost/127.0.0.1:14561. Already tried 5 time(s); retry policy is RetryUpToMaximumCountWithFixedSleep(maxRetries=15, sleepTime=1000 MILLISECONDS)
2021-11-15 13:26:33,613 [EndpointStateMachine task thread for /127.0.0.1:14581 - 0 ] INFO  ipc.Client (Client.java:handleConnectionFailure(977)) - Retrying connect to server: localhost/127.0.0.1:14581. Already tried 5 time(s); retry policy is RetryUpToMaximumCountWithFixedSleep(maxRetries=15, sleepTime=1000 MILLISECONDS)
2021-11-15 13:26:34,405 [EndpointStateMachine task thread for /127.0.0.1:14723 - 0 ] INFO  ipc.Client (Client.java:handleConnectionFailure(977)) - Retrying connect to server: localhost/127.0.0.1:14723. Already tried 6 time(s); retry policy is RetryUpToMaximumCountWithFixedSleep(maxRetries=15, sleepTime=1000 MILLISECONDS)
2021-11-15 13:26:34,406 [EndpointStateMachine task thread for /127.0.0.1:14713 - 0 ] INFO  ipc.Client (Client.java:handleConnectionFailure(977)) - Retrying connect to server: localhost/127.0.0.1:14713. Already tried 6 time(s); retry policy is RetryUpToMaximumCountWithFixedSleep(maxRetries=15, sleepTime=1000 MILLISECONDS)
2021-11-15 13:26:34,407 [EndpointStateMachine task thread for /127.0.0.1:14733 - 0 ] INFO  ipc.Client (Client.java:handleConnectionFailure(977)) - Retrying connect to server: localhost/127.0.0.1:14733. Already tried 6 time(s); retry policy is RetryUpToMaximumCountWithFixedSleep(maxRetries=15, sleepTime=1000 MILLISECONDS)
2021-11-15 13:26:34,610 [EndpointStateMachine task thread for /127.0.0.1:14571 - 0 ] INFO  ipc.Client (Client.java:handleConnectionFailure(977)) - Retrying connect to server: localhost/127.0.0.1:14571. Already tried 4 time(s); retry policy is RetryUpToMaximumCountWithFixedSleep(maxRetries=15, sleepTime=1000 MILLISECONDS)
2021-11-15 13:26:34,611 [EndpointStateMachine task thread for /127.0.0.1:14561 - 0 ] INFO  ipc.Client (Client.java:handleConnectionFailure(977)) - Retrying connect to server: localhost/127.0.0.1:14561. Already tried 6 time(s); retry policy is RetryUpToMaximumCountWithFixedSleep(maxRetries=15, sleepTime=1000 MILLISECONDS)
2021-11-15 13:26:34,614 [EndpointStateMachine task thread for /127.0.0.1:14581 - 0 ] INFO  ipc.Client (Client.java:handleConnectionFailure(977)) - Retrying connect to server: localhost/127.0.0.1:14581. Already tried 6 time(s); retry policy is RetryUpToMaximumCountWithFixedSleep(maxRetries=15, sleepTime=1000 MILLISECONDS)
2021-11-15 13:26:35,405 [EndpointStateMachine task thread for /127.0.0.1:14723 - 0 ] INFO  ipc.Client (Client.java:handleConnectionFailure(977)) - Retrying connect to server: localhost/127.0.0.1:14723. Already tried 7 time(s); retry policy is RetryUpToMaximumCountWithFixedSleep(maxRetries=15, sleepTime=1000 MILLISECONDS)
2021-11-15 13:26:35,407 [EndpointStateMachine task thread for /127.0.0.1:14713 - 0 ] INFO  ipc.Client (Client.java:handleConnectionFailure(977)) - Retrying connect to server: localhost/127.0.0.1:14713. Already tried 7 time(s); retry policy is RetryUpToMaximumCountWithFixedSleep(maxRetries=15, sleepTime=1000 MILLISECONDS)
2021-11-15 13:26:35,407 [EndpointStateMachine task thread for /127.0.0.1:14733 - 0 ] INFO  ipc.Client (Client.java:handleConnectionFailure(977)) - Retrying connect to server: localhost/127.0.0.1:14733. Already tried 7 time(s); retry policy is RetryUpToMaximumCountWithFixedSleep(maxRetries=15, sleepTime=1000 MILLISECONDS)
2021-11-15 13:26:35,614 [EndpointStateMachine task thread for /127.0.0.1:14571 - 0 ] INFO  ipc.Client (Client.java:handleConnectionFailure(977)) - Retrying connect to server: localhost/127.0.0.1:14571. Already tried 5 time(s); retry policy is RetryUpToMaximumCountWithFixedSleep(maxRetries=15, sleepTime=1000 MILLISECONDS)
2021-11-15 13:26:35,614 [EndpointStateMachine task thread for /127.0.0.1:14561 - 0 ] INFO  ipc.Client (Client.java:handleConnectionFailure(977)) - Retrying connect to server: localhost/127.0.0.1:14561. Already tried 7 time(s); retry policy is RetryUpToMaximumCountWithFixedSleep(maxRetries=15, sleepTime=1000 MILLISECONDS)
2021-11-15 13:26:35,614 [EndpointStateMachine task thread for /127.0.0.1:14581 - 0 ] INFO  ipc.Client (Client.java:handleConnectionFailure(977)) - Retrying connect to server: localhost/127.0.0.1:14581. Already tried 7 time(s); retry policy is RetryUpToMaximumCountWithFixedSleep(maxRetries=15, sleepTime=1000 MILLISECONDS)
2021-11-15 13:26:36,278 [Listener at 127.0.0.1/13216] INFO  statemachine.DatanodeStateMachine (DatanodeStateMachine.java:stopDaemon(526)) - Ozone container server stopped.
2021-11-15 13:26:36,279 [Listener at 127.0.0.1/13216] INFO  handler.ContextHandler (ContextHandler.java:doStop(1153)) - Stopped o.e.j.w.WebAppContext@3bd1d3ae{hddsDatanode,/,null,STOPPED}{jar:file:/home/runner/.m2/repository/org/apache/ozone/hdds-container-service/1.2.0-SNAPSHOT/hdds-container-service-1.2.0-SNAPSHOT.jar!/webapps/hddsDatanode}
2021-11-15 13:26:36,280 [Listener at 127.0.0.1/13216] INFO  server.AbstractConnector (AbstractConnector.java:doStop(381)) - Stopped ServerConnector@1172a648{HTTP/1.1, (http/1.1)}{0.0.0.0:0}
2021-11-15 13:26:36,280 [Listener at 127.0.0.1/13216] INFO  server.session (HouseKeeper.java:stopScavenging(149)) - node0 Stopped scavenging
2021-11-15 13:26:36,281 [Listener at 127.0.0.1/13216] INFO  handler.ContextHandler (ContextHandler.java:doStop(1153)) - Stopped o.e.j.s.ServletContextHandler@5dcdaf17{static,/static,jar:file:/home/runner/.m2/repository/org/apache/ozone/hdds-container-service/1.2.0-SNAPSHOT/hdds-container-service-1.2.0-SNAPSHOT.jar!/webapps/static,STOPPED}
2021-11-15 13:26:36,281 [Listener at 127.0.0.1/13216] INFO  handler.ContextHandler (ContextHandler.java:doStop(1153)) - Stopped o.e.j.s.ServletContextHandler@d964a3d{logs,/logs,file:///home/runner/work/ozone/ozone/hadoop-ozone/integration-test/target/log,STOPPED}
2021-11-15 13:26:36,297 [ForkJoinPool.commonPool-worker-0] INFO  statemachine.DatanodeStateMachine (DatanodeStateMachine.java:stopDaemon(526)) - Ozone container server stopped.
2021-11-15 13:26:36,307 [ForkJoinPool.commonPool-worker-0] INFO  handler.ContextHandler (ContextHandler.java:doStop(1153)) - Stopped o.e.j.w.WebAppContext@ca024d8{hddsDatanode,/,null,STOPPED}{jar:file:/home/runner/.m2/repository/org/apache/ozone/hdds-container-service/1.2.0-SNAPSHOT/hdds-container-service-1.2.0-SNAPSHOT.jar!/webapps/hddsDatanode}
2021-11-15 13:26:36,307 [ForkJoinPool.commonPool-worker-0] INFO  server.AbstractConnector (AbstractConnector.java:doStop(381)) - Stopped ServerConnector@53c29dad{HTTP/1.1, (http/1.1)}{0.0.0.0:0}
2021-11-15 13:26:36,307 [ForkJoinPool.commonPool-worker-0] INFO  server.session (HouseKeeper.java:stopScavenging(149)) - node0 Stopped scavenging
2021-11-15 13:26:36,307 [ForkJoinPool.commonPool-worker-0] INFO  handler.ContextHandler (ContextHandler.java:doStop(1153)) - Stopped o.e.j.s.ServletContextHandler@5fe29ea1{static,/static,jar:file:/home/runner/.m2/repository/org/apache/ozone/hdds-container-service/1.2.0-SNAPSHOT/hdds-container-service-1.2.0-SNAPSHOT.jar!/webapps/static,STOPPED}
2021-11-15 13:26:36,308 [ForkJoinPool.commonPool-worker-0] INFO  handler.ContextHandler (ContextHandler.java:doStop(1153)) - Stopped o.e.j.s.ServletContextHandler@1dc0f59d{logs,/logs,file:///home/runner/work/ozone/ozone/hadoop-ozone/integration-test/target/log,STOPPED}
2021-11-15 13:26:36,410 [EndpointStateMachine task thread for /127.0.0.1:14713 - 0 ] INFO  ipc.Client (Client.java:handleConnectionFailure(977)) - Retrying connect to server: localhost/127.0.0.1:14713. Already tried 8 time(s); retry policy is RetryUpToMaximumCountWithFixedSleep(maxRetries=15, sleepTime=1000 MILLISECONDS)
2021-11-15 13:26:36,410 [EndpointStateMachine task thread for /127.0.0.1:14733 - 0 ] INFO  ipc.Client (Client.java:handleConnectionFailure(977)) - Retrying connect to server: localhost/127.0.0.1:14733. Already tried 8 time(s); retry policy is RetryUpToMaximumCountWithFixedSleep(maxRetries=15, sleepTime=1000 MILLISECONDS)
2021-11-15 13:26:36,410 [EndpointStateMachine task thread for /127.0.0.1:14723 - 0 ] INFO  ipc.Client (Client.java:handleConnectionFailure(977)) - Retrying connect to server: localhost/127.0.0.1:14723. Already tried 8 time(s); retry policy is RetryUpToMaximumCountWithFixedSleep(maxRetries=15, sleepTime=1000 MILLISECONDS)
2021-11-15 13:26:36,614 [Datanode State Machine Daemon Thread] WARN  statemachine.StateContext (StateContext.java:setState(249)) - Ignore disallowed transition from SHUTDOWN to RUNNING
2021-11-15 13:26:36,614 [EndpointStateMachine task thread for /127.0.0.1:14571 - 0 ] INFO  ipc.Client (Client.java:handleConnectionFailure(977)) - Retrying connect to server: localhost/127.0.0.1:14571. Already tried 6 time(s); retry policy is RetryUpToMaximumCountWithFixedSleep(maxRetries=15, sleepTime=1000 MILLISECONDS)
2021-11-15 13:26:36,614 [EndpointStateMachine task thread for /127.0.0.1:14561 - 0 ] INFO  ipc.Client (Client.java:handleConnectionFailure(977)) - Retrying connect to server: localhost/127.0.0.1:14561. Already tried 8 time(s); retry policy is RetryUpToMaximumCountWithFixedSleep(maxRetries=15, sleepTime=1000 MILLISECONDS)
2021-11-15 13:26:36,615 [EndpointStateMachine task thread for /127.0.0.1:14581 - 0 ] INFO  ipc.Client (Client.java:handleConnectionFailure(977)) - Retrying connect to server: localhost/127.0.0.1:14581. Already tried 8 time(s); retry policy is RetryUpToMaximumCountWithFixedSleep(maxRetries=15, sleepTime=1000 MILLISECONDS)
2021-11-15 13:26:37,091 [a7a9ee06-acf8-4996-94fe-a30a2f736f46@group-D7B3E088EE4D-FollowerState] INFO  impl.FollowerState (FollowerState.java:run(134)) - a7a9ee06-acf8-4996-94fe-a30a2f736f46@group-D7B3E088EE4D-FollowerState: change to CANDIDATE, lastRpcElapsedTime:5213064673ns, electionTimeout:5185ms
2021-11-15 13:26:37,092 [a7a9ee06-acf8-4996-94fe-a30a2f736f46@group-D7B3E088EE4D-FollowerState] INFO  impl.RoleInfo (RoleInfo.java:shutdownFollowerState(108)) - a7a9ee06-acf8-4996-94fe-a30a2f736f46: shutdown a7a9ee06-acf8-4996-94fe-a30a2f736f46@group-D7B3E088EE4D-FollowerState
2021-11-15 13:26:37,092 [a7a9ee06-acf8-4996-94fe-a30a2f736f46@group-D7B3E088EE4D-FollowerState] INFO  server.RaftServer$Division (RaftServerImpl.java:setRole(290)) - a7a9ee06-acf8-4996-94fe-a30a2f736f46@group-D7B3E088EE4D: changes role from  FOLLOWER to CANDIDATE at term 4 for changeToCandidate
2021-11-15 13:26:37,092 [a7a9ee06-acf8-4996-94fe-a30a2f736f46@group-D7B3E088EE4D-FollowerState] INFO  server.RaftServerConfigKeys (ConfUtils.java:logGet(44)) - raft.server.leaderelection.pre-vote = false (custom)
2021-11-15 13:26:37,092 [a7a9ee06-acf8-4996-94fe-a30a2f736f46@group-D7B3E088EE4D-FollowerState] INFO  impl.RoleInfo (RoleInfo.java:updateAndGet(130)) - a7a9ee06-acf8-4996-94fe-a30a2f736f46: start a7a9ee06-acf8-4996-94fe-a30a2f736f46@group-D7B3E088EE4D-LeaderElection22
2021-11-15 13:26:37,097 [a7a9ee06-acf8-4996-94fe-a30a2f736f46@group-CA48594C04EC-FollowerState] INFO  impl.FollowerState (FollowerState.java:run(134)) - a7a9ee06-acf8-4996-94fe-a30a2f736f46@group-CA48594C04EC-FollowerState: change to CANDIDATE, lastRpcElapsedTime:5118652929ns, electionTimeout:5012ms
2021-11-15 13:26:37,097 [a7a9ee06-acf8-4996-94fe-a30a2f736f46@group-CA48594C04EC-FollowerState] INFO  impl.RoleInfo (RoleInfo.java:shutdownFollowerState(108)) - a7a9ee06-acf8-4996-94fe-a30a2f736f46: shutdown a7a9ee06-acf8-4996-94fe-a30a2f736f46@group-CA48594C04EC-FollowerState
2021-11-15 13:26:37,097 [a7a9ee06-acf8-4996-94fe-a30a2f736f46@group-CA48594C04EC-FollowerState] INFO  server.RaftServer$Division (RaftServerImpl.java:setRole(290)) - a7a9ee06-acf8-4996-94fe-a30a2f736f46@group-CA48594C04EC: changes role from  FOLLOWER to CANDIDATE at term 2 for changeToCandidate
2021-11-15 13:26:37,098 [a7a9ee06-acf8-4996-94fe-a30a2f736f46@group-CA48594C04EC-FollowerState] INFO  server.RaftServerConfigKeys (ConfUtils.java:logGet(44)) - raft.server.leaderelection.pre-vote = false (custom)
2021-11-15 13:26:37,098 [a7a9ee06-acf8-4996-94fe-a30a2f736f46@group-CA48594C04EC-FollowerState] INFO  impl.RoleInfo (RoleInfo.java:updateAndGet(130)) - a7a9ee06-acf8-4996-94fe-a30a2f736f46: start a7a9ee06-acf8-4996-94fe-a30a2f736f46@group-CA48594C04EC-LeaderElection23
2021-11-15 13:26:37,114 [a7a9ee06-acf8-4996-94fe-a30a2f736f46@group-D7B3E088EE4D-LeaderElection22] INFO  impl.LeaderElection (LeaderElection.java:askForVotes(306)) - a7a9ee06-acf8-4996-94fe-a30a2f736f46@group-D7B3E088EE4D-LeaderElection22 ELECTION round 0: submit vote requests at term 5 for -1: [a7a9ee06-acf8-4996-94fe-a30a2f736f46|rpc:127.0.0.1:35177|dataStream:|priority:1, 1b7637b9-df73-4fd2-9553-6cec13ff666d|rpc:127.0.0.1:41211|dataStream:|priority:0, 15c58fd6-591f-43e3-aa4f-ac792bae557b|rpc:127.0.0.1:34937|dataStream:|priority:0], old=null
2021-11-15 13:26:37,114 [a7a9ee06-acf8-4996-94fe-a30a2f736f46@group-CA48594C04EC-LeaderElection23] INFO  server.RaftServer$Division (ServerState.java:setLeader(285)) - a7a9ee06-acf8-4996-94fe-a30a2f736f46@group-CA48594C04EC: change Leader from 1b7637b9-df73-4fd2-9553-6cec13ff666d to null at term 2 for ELECTION
2021-11-15 13:26:37,122 [a7a9ee06-acf8-4996-94fe-a30a2f736f46@group-CA48594C04EC-LeaderElection23] INFO  impl.LeaderElection (LeaderElection.java:askForVotes(306)) - a7a9ee06-acf8-4996-94fe-a30a2f736f46@group-CA48594C04EC-LeaderElection23 ELECTION round 0: submit vote requests at term 3 for 0: [a7a9ee06-acf8-4996-94fe-a30a2f736f46|rpc:127.0.0.1:35177|dataStream:|priority:0, 1b7637b9-df73-4fd2-9553-6cec13ff666d|rpc:127.0.0.1:41211|dataStream:|priority:1, 15c58fd6-591f-43e3-aa4f-ac792bae557b|rpc:127.0.0.1:34937|dataStream:|priority:0], old=null
2021-11-15 13:26:37,150 [a7a9ee06-acf8-4996-94fe-a30a2f736f46@group-D7B3E088EE4D-LeaderElection22] INFO  impl.LeaderElection (LogUtils.java:infoOrTrace(137)) - a7a9ee06-acf8-4996-94fe-a30a2f736f46@group-D7B3E088EE4D-LeaderElection22 got exception when requesting votes: java.util.concurrent.ExecutionException: org.apache.ratis.thirdparty.io.grpc.StatusRuntimeException: UNAVAILABLE: io exception
2021-11-15 13:26:37,158 [a7a9ee06-acf8-4996-94fe-a30a2f736f46@group-CA48594C04EC-LeaderElection23] INFO  impl.LeaderElection (LogUtils.java:infoOrTrace(137)) - a7a9ee06-acf8-4996-94fe-a30a2f736f46@group-CA48594C04EC-LeaderElection23 got exception when requesting votes: java.util.concurrent.ExecutionException: org.apache.ratis.thirdparty.io.grpc.StatusRuntimeException: UNAVAILABLE: io exception
2021-11-15 13:26:37,168 [a7a9ee06-acf8-4996-94fe-a30a2f736f46@group-CA48594C04EC-LeaderElection23] INFO  impl.LeaderElection (LogUtils.java:infoOrTrace(137)) - a7a9ee06-acf8-4996-94fe-a30a2f736f46@group-CA48594C04EC-LeaderElection23 got exception when requesting votes: java.util.concurrent.ExecutionException: org.apache.ratis.thirdparty.io.grpc.StatusRuntimeException: UNAVAILABLE: io exception
2021-11-15 13:26:37,168 [a7a9ee06-acf8-4996-94fe-a30a2f736f46@group-CA48594C04EC-LeaderElection23] INFO  impl.LeaderElection (LeaderElection.java:logAndReturn(89)) - a7a9ee06-acf8-4996-94fe-a30a2f736f46@group-CA48594C04EC-LeaderElection23: ELECTION REJECTED received 0 response(s) and 2 exception(s):
2021-11-15 13:26:37,168 [a7a9ee06-acf8-4996-94fe-a30a2f736f46@group-CA48594C04EC-LeaderElection23] INFO  impl.LeaderElection (LogUtils.java:infoOrTrace(137)) -   Exception 0: java.util.concurrent.ExecutionException: org.apache.ratis.thirdparty.io.grpc.StatusRuntimeException: UNAVAILABLE: io exception
2021-11-15 13:26:37,168 [a7a9ee06-acf8-4996-94fe-a30a2f736f46@group-CA48594C04EC-LeaderElection23] INFO  impl.LeaderElection (LogUtils.java:infoOrTrace(137)) -   Exception 1: java.util.concurrent.ExecutionException: org.apache.ratis.thirdparty.io.grpc.StatusRuntimeException: UNAVAILABLE: io exception
2021-11-15 13:26:37,168 [a7a9ee06-acf8-4996-94fe-a30a2f736f46@group-CA48594C04EC-LeaderElection23] INFO  impl.LeaderElection (LeaderElection.java:askForVotes(308)) - a7a9ee06-acf8-4996-94fe-a30a2f736f46@group-CA48594C04EC-LeaderElection23 ELECTION round 0: result REJECTED
2021-11-15 13:26:37,168 [a7a9ee06-acf8-4996-94fe-a30a2f736f46@group-CA48594C04EC-LeaderElection23] INFO  server.RaftServer$Division (RaftServerImpl.java:setRole(290)) - a7a9ee06-acf8-4996-94fe-a30a2f736f46@group-CA48594C04EC: changes role from CANDIDATE to FOLLOWER at term 3 for REJECTED
2021-11-15 13:26:37,168 [a7a9ee06-acf8-4996-94fe-a30a2f736f46@group-CA48594C04EC-LeaderElection23] INFO  impl.RoleInfo (RoleInfo.java:shutdownLeaderElection(121)) - a7a9ee06-acf8-4996-94fe-a30a2f736f46: shutdown a7a9ee06-acf8-4996-94fe-a30a2f736f46@group-CA48594C04EC-LeaderElection23
2021-11-15 13:26:37,168 [a7a9ee06-acf8-4996-94fe-a30a2f736f46@group-CA48594C04EC-LeaderElection23] INFO  impl.RoleInfo (RoleInfo.java:updateAndGet(130)) - a7a9ee06-acf8-4996-94fe-a30a2f736f46: start a7a9ee06-acf8-4996-94fe-a30a2f736f46@group-CA48594C04EC-FollowerState
2021-11-15 13:26:37,168 [a7a9ee06-acf8-4996-94fe-a30a2f736f46@group-D7B3E088EE4D-LeaderElection22] INFO  impl.LeaderElection (LogUtils.java:infoOrTrace(137)) - a7a9ee06-acf8-4996-94fe-a30a2f736f46@group-D7B3E088EE4D-LeaderElection22 got exception when requesting votes: java.util.concurrent.ExecutionException: org.apache.ratis.thirdparty.io.grpc.StatusRuntimeException: UNAVAILABLE: io exception
2021-11-15 13:26:37,168 [a7a9ee06-acf8-4996-94fe-a30a2f736f46@group-D7B3E088EE4D-LeaderElection22] INFO  impl.LeaderElection (LeaderElection.java:logAndReturn(89)) - a7a9ee06-acf8-4996-94fe-a30a2f736f46@group-D7B3E088EE4D-LeaderElection22: ELECTION REJECTED received 0 response(s) and 2 exception(s):
2021-11-15 13:26:37,168 [a7a9ee06-acf8-4996-94fe-a30a2f736f46@group-D7B3E088EE4D-LeaderElection22] INFO  impl.LeaderElection (LogUtils.java:infoOrTrace(137)) -   Exception 0: java.util.concurrent.ExecutionException: org.apache.ratis.thirdparty.io.grpc.StatusRuntimeException: UNAVAILABLE: io exception
2021-11-15 13:26:37,169 [a7a9ee06-acf8-4996-94fe-a30a2f736f46@group-D7B3E088EE4D-LeaderElection22] INFO  impl.LeaderElection (LogUtils.java:infoOrTrace(137)) -   Exception 1: java.util.concurrent.ExecutionException: org.apache.ratis.thirdparty.io.grpc.StatusRuntimeException: UNAVAILABLE: io exception
2021-11-15 13:26:37,175 [a7a9ee06-acf8-4996-94fe-a30a2f736f46@group-D7B3E088EE4D-LeaderElection22] INFO  impl.LeaderElection (LeaderElection.java:askForVotes(308)) - a7a9ee06-acf8-4996-94fe-a30a2f736f46@group-D7B3E088EE4D-LeaderElection22 ELECTION round 0: result REJECTED
2021-11-15 13:26:37,175 [a7a9ee06-acf8-4996-94fe-a30a2f736f46@group-D7B3E088EE4D-LeaderElection22] INFO  server.RaftServer$Division (RaftServerImpl.java:setRole(290)) - a7a9ee06-acf8-4996-94fe-a30a2f736f46@group-D7B3E088EE4D: changes role from CANDIDATE to FOLLOWER at term 5 for REJECTED
2021-11-15 13:26:37,175 [a7a9ee06-acf8-4996-94fe-a30a2f736f46@group-D7B3E088EE4D-LeaderElection22] INFO  impl.RoleInfo (RoleInfo.java:shutdownLeaderElection(121)) - a7a9ee06-acf8-4996-94fe-a30a2f736f46: shutdown a7a9ee06-acf8-4996-94fe-a30a2f736f46@group-D7B3E088EE4D-LeaderElection22
2021-11-15 13:26:37,175 [a7a9ee06-acf8-4996-94fe-a30a2f736f46@group-D7B3E088EE4D-LeaderElection22] INFO  impl.RoleInfo (RoleInfo.java:updateAndGet(130)) - a7a9ee06-acf8-4996-94fe-a30a2f736f46: start a7a9ee06-acf8-4996-94fe-a30a2f736f46@group-D7B3E088EE4D-FollowerState
2021-11-15 13:26:37,410 [EndpointStateMachine task thread for /127.0.0.1:14713 - 0 ] INFO  ipc.Client (Client.java:handleConnectionFailure(977)) - Retrying connect to server: localhost/127.0.0.1:14713. Already tried 9 time(s); retry policy is RetryUpToMaximumCountWithFixedSleep(maxRetries=15, sleepTime=1000 MILLISECONDS)
2021-11-15 13:26:37,411 [EndpointStateMachine task thread for /127.0.0.1:14733 - 0 ] INFO  ipc.Client (Client.java:handleConnectionFailure(977)) - Retrying connect to server: localhost/127.0.0.1:14733. Already tried 9 time(s); retry policy is RetryUpToMaximumCountWithFixedSleep(maxRetries=15, sleepTime=1000 MILLISECONDS)
2021-11-15 13:26:37,411 [EndpointStateMachine task thread for /127.0.0.1:14723 - 0 ] INFO  ipc.Client (Client.java:handleConnectionFailure(977)) - Retrying connect to server: localhost/127.0.0.1:14723. Already tried 9 time(s); retry policy is RetryUpToMaximumCountWithFixedSleep(maxRetries=15, sleepTime=1000 MILLISECONDS)
2021-11-15 13:26:37,615 [EndpointStateMachine task thread for /127.0.0.1:14571 - 0 ] INFO  ipc.Client (Client.java:handleConnectionFailure(977)) - Retrying connect to server: localhost/127.0.0.1:14571. Already tried 7 time(s); retry policy is RetryUpToMaximumCountWithFixedSleep(maxRetries=15, sleepTime=1000 MILLISECONDS)
2021-11-15 13:26:37,616 [EndpointStateMachine task thread for /127.0.0.1:14561 - 0 ] INFO  ipc.Client (Client.java:handleConnectionFailure(977)) - Retrying connect to server: localhost/127.0.0.1:14561. Already tried 9 time(s); retry policy is RetryUpToMaximumCountWithFixedSleep(maxRetries=15, sleepTime=1000 MILLISECONDS)
2021-11-15 13:26:37,616 [EndpointStateMachine task thread for /127.0.0.1:14581 - 0 ] INFO  ipc.Client (Client.java:handleConnectionFailure(977)) - Retrying connect to server: localhost/127.0.0.1:14581. Already tried 9 time(s); retry policy is RetryUpToMaximumCountWithFixedSleep(maxRetries=15, sleepTime=1000 MILLISECONDS)
2021-11-15 13:26:38,411 [EndpointStateMachine task thread for /127.0.0.1:14713 - 0 ] INFO  ipc.Client (Client.java:handleConnectionFailure(977)) - Retrying connect to server: localhost/127.0.0.1:14713. Already tried 10 time(s); retry policy is RetryUpToMaximumCountWithFixedSleep(maxRetries=15, sleepTime=1000 MILLISECONDS)
2021-11-15 13:26:38,411 [EndpointStateMachine task thread for /127.0.0.1:14733 - 0 ] INFO  ipc.Client (Client.java:handleConnectionFailure(977)) - Retrying connect to server: localhost/127.0.0.1:14733. Already tried 10 time(s); retry policy is RetryUpToMaximumCountWithFixedSleep(maxRetries=15, sleepTime=1000 MILLISECONDS)
2021-11-15 13:26:38,411 [EndpointStateMachine task thread for /127.0.0.1:14723 - 0 ] INFO  ipc.Client (Client.java:handleConnectionFailure(977)) - Retrying connect to server: localhost/127.0.0.1:14723. Already tried 10 time(s); retry policy is RetryUpToMaximumCountWithFixedSleep(maxRetries=15, sleepTime=1000 MILLISECONDS)
2021-11-15 13:26:38,616 [EndpointStateMachine task thread for /127.0.0.1:14571 - 0 ] INFO  ipc.Client (Client.java:handleConnectionFailure(977)) - Retrying connect to server: localhost/127.0.0.1:14571. Already tried 8 time(s); retry policy is RetryUpToMaximumCountWithFixedSleep(maxRetries=15, sleepTime=1000 MILLISECONDS)
2021-11-15 13:26:38,616 [EndpointStateMachine task thread for /127.0.0.1:14561 - 0 ] INFO  ipc.Client (Client.java:handleConnectionFailure(977)) - Retrying connect to server: localhost/127.0.0.1:14561. Already tried 10 time(s); retry policy is RetryUpToMaximumCountWithFixedSleep(maxRetries=15, sleepTime=1000 MILLISECONDS)
2021-11-15 13:26:38,616 [EndpointStateMachine task thread for /127.0.0.1:14581 - 0 ] INFO  ipc.Client (Client.java:handleConnectionFailure(977)) - Retrying connect to server: localhost/127.0.0.1:14581. Already tried 10 time(s); retry policy is RetryUpToMaximumCountWithFixedSleep(maxRetries=15, sleepTime=1000 MILLISECONDS)
2021-11-15 13:26:39,411 [EndpointStateMachine task thread for /127.0.0.1:14713 - 0 ] INFO  ipc.Client (Client.java:handleConnectionFailure(977)) - Retrying connect to server: localhost/127.0.0.1:14713. Already tried 11 time(s); retry policy is RetryUpToMaximumCountWithFixedSleep(maxRetries=15, sleepTime=1000 MILLISECONDS)
2021-11-15 13:26:39,411 [EndpointStateMachine task thread for /127.0.0.1:14723 - 0 ] INFO  ipc.Client (Client.java:handleConnectionFailure(977)) - Retrying connect to server: localhost/127.0.0.1:14723. Already tried 11 time(s); retry policy is RetryUpToMaximumCountWithFixedSleep(maxRetries=15, sleepTime=1000 MILLISECONDS)
2021-11-15 13:26:39,412 [EndpointStateMachine task thread for /127.0.0.1:14733 - 0 ] INFO  ipc.Client (Client.java:handleConnectionFailure(977)) - Retrying connect to server: localhost/127.0.0.1:14733. Already tried 11 time(s); retry policy is RetryUpToMaximumCountWithFixedSleep(maxRetries=15, sleepTime=1000 MILLISECONDS)
2021-11-15 13:26:39,616 [EndpointStateMachine task thread for /127.0.0.1:14571 - 0 ] INFO  ipc.Client (Client.java:handleConnectionFailure(977)) - Retrying connect to server: localhost/127.0.0.1:14571. Already tried 9 time(s); retry policy is RetryUpToMaximumCountWithFixedSleep(maxRetries=15, sleepTime=1000 MILLISECONDS)
2021-11-15 13:26:39,616 [EndpointStateMachine task thread for /127.0.0.1:14561 - 0 ] INFO  ipc.Client (Client.java:handleConnectionFailure(977)) - Retrying connect to server: localhost/127.0.0.1:14561. Already tried 11 time(s); retry policy is RetryUpToMaximumCountWithFixedSleep(maxRetries=15, sleepTime=1000 MILLISECONDS)
2021-11-15 13:26:39,617 [EndpointStateMachine task thread for /127.0.0.1:14581 - 0 ] INFO  ipc.Client (Client.java:handleConnectionFailure(977)) - Retrying connect to server: localhost/127.0.0.1:14581. Already tried 11 time(s); retry policy is RetryUpToMaximumCountWithFixedSleep(maxRetries=15, sleepTime=1000 MILLISECONDS)
2021-11-15 13:26:40,412 [EndpointStateMachine task thread for /127.0.0.1:14713 - 0 ] INFO  ipc.Client (Client.java:handleConnectionFailure(977)) - Retrying connect to server: localhost/127.0.0.1:14713. Already tried 12 time(s); retry policy is RetryUpToMaximumCountWithFixedSleep(maxRetries=15, sleepTime=1000 MILLISECONDS)
2021-11-15 13:26:40,412 [EndpointStateMachine task thread for /127.0.0.1:14723 - 0 ] INFO  ipc.Client (Client.java:handleConnectionFailure(977)) - Retrying connect to server: localhost/127.0.0.1:14723. Already tried 12 time(s); retry policy is RetryUpToMaximumCountWithFixedSleep(maxRetries=15, sleepTime=1000 MILLISECONDS)
2021-11-15 13:26:40,413 [EndpointStateMachine task thread for /127.0.0.1:14733 - 0 ] INFO  ipc.Client (Client.java:handleConnectionFailure(977)) - Retrying connect to server: localhost/127.0.0.1:14733. Already tried 12 time(s); retry policy is RetryUpToMaximumCountWithFixedSleep(maxRetries=15, sleepTime=1000 MILLISECONDS)
2021-11-15 13:26:40,616 [EndpointStateMachine task thread for /127.0.0.1:14571 - 0 ] INFO  ipc.Client (Client.java:handleConnectionFailure(977)) - Retrying connect to server: localhost/127.0.0.1:14571. Already tried 10 time(s); retry policy is RetryUpToMaximumCountWithFixedSleep(maxRetries=15, sleepTime=1000 MILLISECONDS)
2021-11-15 13:26:40,617 [EndpointStateMachine task thread for /127.0.0.1:14561 - 0 ] INFO  ipc.Client (Client.java:handleConnectionFailure(977)) - Retrying connect to server: localhost/127.0.0.1:14561. Already tried 12 time(s); retry policy is RetryUpToMaximumCountWithFixedSleep(maxRetries=15, sleepTime=1000 MILLISECONDS)
2021-11-15 13:26:40,617 [EndpointStateMachine task thread for /127.0.0.1:14581 - 0 ] INFO  ipc.Client (Client.java:handleConnectionFailure(977)) - Retrying connect to server: localhost/127.0.0.1:14581. Already tried 12 time(s); retry policy is RetryUpToMaximumCountWithFixedSleep(maxRetries=15, sleepTime=1000 MILLISECONDS)
2021-11-15 13:26:41,291 [Listener at 127.0.0.1/13216] INFO  ozoneimpl.OzoneContainer (OzoneContainer.java:stop(325)) - Attempting to stop container services.
2021-11-15 13:26:41,293 [Listener at 127.0.0.1/13216] INFO  server.RaftServer (RaftServerProxy.java:lambda$close$6(391)) - a7a9ee06-acf8-4996-94fe-a30a2f736f46: close
2021-11-15 13:26:41,296 [Listener at 127.0.0.1/13216] INFO  server.RaftServer$Division (RaftServerImpl.java:lambda$close$4(412)) - a7a9ee06-acf8-4996-94fe-a30a2f736f46@group-CA48594C04EC: shutdown
2021-11-15 13:26:41,296 [Listener at 127.0.0.1/13216] INFO  util.JmxRegister (JmxRegister.java:unregister(73)) - Successfully un-registered JMX Bean with object name Ratis:service=RaftServer,group=group-CA48594C04EC,id=a7a9ee06-acf8-4996-94fe-a30a2f736f46
2021-11-15 13:26:41,296 [Listener at 127.0.0.1/13216] INFO  impl.RoleInfo (RoleInfo.java:shutdownFollowerState(108)) - a7a9ee06-acf8-4996-94fe-a30a2f736f46: shutdown a7a9ee06-acf8-4996-94fe-a30a2f736f46@group-CA48594C04EC-FollowerState
2021-11-15 13:26:41,296 [Listener at 127.0.0.1/13216] INFO  impl.StateMachineUpdater (StateMachineUpdater.java:stopAndJoin(149)) - a7a9ee06-acf8-4996-94fe-a30a2f736f46@group-CA48594C04EC-StateMachineUpdater: set stopIndex = 0
2021-11-15 13:26:41,297 [a7a9ee06-acf8-4996-94fe-a30a2f736f46@group-CA48594C04EC-FollowerState] INFO  impl.FollowerState (FollowerState.java:run(143)) - a7a9ee06-acf8-4996-94fe-a30a2f736f46@group-CA48594C04EC-FollowerState was interrupted: {}
java.lang.InterruptedException: sleep interrupted
	at java.lang.Thread.sleep(Native Method)
	at java.lang.Thread.sleep(Thread.java:340)
	at java.util.concurrent.TimeUnit.sleep(TimeUnit.java:386)
	at org.apache.ratis.util.TimeDuration.sleep(TimeDuration.java:324)
	at org.apache.ratis.util.TimeDuration.sleep(TimeDuration.java:309)
	at org.apache.ratis.server.impl.FollowerState.run(FollowerState.java:118)
2021-11-15 13:26:41,297 [a7a9ee06-acf8-4996-94fe-a30a2f736f46@group-CA48594C04EC-StateMachineUpdater] INFO  ratis.ContainerStateMachine (ContainerStateMachine.java:takeSnapshot(292)) - group-CA48594C04EC: Taking a snapshot at:(t:2, i:0) file /home/runner/work/ozone/ozone/hadoop-ozone/integration-test/target/test-dir/MiniOzoneClusterImpl-54fbe6a2-d836-4e9c-ac0d-22c475060fab/datanode-2/data/ratis/30ff4324-be96-4690-9e43-ca48594c04ec/sm/snapshot.2_0
2021-11-15 13:26:41,298 [a7a9ee06-acf8-4996-94fe-a30a2f736f46@group-CA48594C04EC-StateMachineUpdater] INFO  ratis.ContainerStateMachine (ContainerStateMachine.java:takeSnapshot(303)) - group-CA48594C04EC: Finished taking a snapshot at:(t:2, i:0) file:/home/runner/work/ozone/ozone/hadoop-ozone/integration-test/target/test-dir/MiniOzoneClusterImpl-54fbe6a2-d836-4e9c-ac0d-22c475060fab/datanode-2/data/ratis/30ff4324-be96-4690-9e43-ca48594c04ec/sm/snapshot.2_0 took: 1 ms
2021-11-15 13:26:41,298 [a7a9ee06-acf8-4996-94fe-a30a2f736f46@group-CA48594C04EC-StateMachineUpdater] INFO  impl.StateMachineUpdater (StateMachineUpdater.java:takeSnapshot(281)) - a7a9ee06-acf8-4996-94fe-a30a2f736f46@group-CA48594C04EC-StateMachineUpdater: Took a snapshot at index 0
2021-11-15 13:26:41,298 [a7a9ee06-acf8-4996-94fe-a30a2f736f46@group-CA48594C04EC-StateMachineUpdater] INFO  impl.StateMachineUpdater (StateMachineUpdater.java:lambda$new$0(89)) - a7a9ee06-acf8-4996-94fe-a30a2f736f46@group-CA48594C04EC-StateMachineUpdater: snapshotIndex: updateIncreasingly -1 -> 0
2021-11-15 13:26:41,298 [Listener at 127.0.0.1/13216] INFO  server.RaftServer$Division (ServerState.java:close(419)) - a7a9ee06-acf8-4996-94fe-a30a2f736f46@group-CA48594C04EC: closes. applyIndex: 0
2021-11-15 13:26:41,299 [a7a9ee06-acf8-4996-94fe-a30a2f736f46@group-CA48594C04EC-SegmentedRaftLogWorker] INFO  segmented.SegmentedRaftLogWorker (SegmentedRaftLogWorker.java:run(327)) - a7a9ee06-acf8-4996-94fe-a30a2f736f46@group-CA48594C04EC-SegmentedRaftLogWorker was interrupted, exiting. There are 0 tasks remaining in the queue.
2021-11-15 13:26:41,300 [Listener at 127.0.0.1/13216] INFO  segmented.SegmentedRaftLogWorker (SegmentedRaftLogWorker.java:close(237)) - a7a9ee06-acf8-4996-94fe-a30a2f736f46@group-CA48594C04EC-SegmentedRaftLogWorker close()
2021-11-15 13:26:41,301 [Listener at 127.0.0.1/13216] INFO  server.RaftServer$Division (RaftServerImpl.java:lambda$close$4(412)) - a7a9ee06-acf8-4996-94fe-a30a2f736f46@group-6D10605DE37B: shutdown
2021-11-15 13:26:41,302 [Listener at 127.0.0.1/13216] INFO  util.JmxRegister (JmxRegister.java:unregister(73)) - Successfully un-registered JMX Bean with object name Ratis:service=RaftServer,group=group-6D10605DE37B,id=a7a9ee06-acf8-4996-94fe-a30a2f736f46
2021-11-15 13:26:41,302 [Listener at 127.0.0.1/13216] INFO  impl.RoleInfo (RoleInfo.java:shutdownLeaderState(91)) - a7a9ee06-acf8-4996-94fe-a30a2f736f46: shutdown a7a9ee06-acf8-4996-94fe-a30a2f736f46@group-6D10605DE37B-LeaderStateImpl
2021-11-15 13:26:41,302 [Listener at 127.0.0.1/13216] INFO  impl.PendingRequests (PendingRequests.java:sendNotLeaderResponses(282)) - a7a9ee06-acf8-4996-94fe-a30a2f736f46@group-6D10605DE37B-PendingRequests: sendNotLeaderResponses
2021-11-15 13:26:41,303 [Listener at 127.0.0.1/13216] INFO  impl.StateMachineUpdater (StateMachineUpdater.java:stopAndJoin(149)) - a7a9ee06-acf8-4996-94fe-a30a2f736f46@group-6D10605DE37B-StateMachineUpdater: set stopIndex = 0
2021-11-15 13:26:41,303 [a7a9ee06-acf8-4996-94fe-a30a2f736f46@group-6D10605DE37B-StateMachineUpdater] INFO  ratis.ContainerStateMachine (ContainerStateMachine.java:takeSnapshot(292)) - group-6D10605DE37B: Taking a snapshot at:(t:1, i:0) file /home/runner/work/ozone/ozone/hadoop-ozone/integration-test/target/test-dir/MiniOzoneClusterImpl-54fbe6a2-d836-4e9c-ac0d-22c475060fab/datanode-2/data/ratis/6a691ce7-a060-4b58-aeca-6d10605de37b/sm/snapshot.1_0
2021-11-15 13:26:41,308 [a7a9ee06-acf8-4996-94fe-a30a2f736f46@group-6D10605DE37B-StateMachineUpdater] INFO  ratis.ContainerStateMachine (ContainerStateMachine.java:takeSnapshot(303)) - group-6D10605DE37B: Finished taking a snapshot at:(t:1, i:0) file:/home/runner/work/ozone/ozone/hadoop-ozone/integration-test/target/test-dir/MiniOzoneClusterImpl-54fbe6a2-d836-4e9c-ac0d-22c475060fab/datanode-2/data/ratis/6a691ce7-a060-4b58-aeca-6d10605de37b/sm/snapshot.1_0 took: 5 ms
2021-11-15 13:26:41,309 [a7a9ee06-acf8-4996-94fe-a30a2f736f46@group-6D10605DE37B-StateMachineUpdater] INFO  impl.StateMachineUpdater (StateMachineUpdater.java:takeSnapshot(281)) - a7a9ee06-acf8-4996-94fe-a30a2f736f46@group-6D10605DE37B-StateMachineUpdater: Took a snapshot at index 0
2021-11-15 13:26:41,309 [a7a9ee06-acf8-4996-94fe-a30a2f736f46@group-6D10605DE37B-StateMachineUpdater] INFO  impl.StateMachineUpdater (StateMachineUpdater.java:lambda$new$0(89)) - a7a9ee06-acf8-4996-94fe-a30a2f736f46@group-6D10605DE37B-StateMachineUpdater: snapshotIndex: updateIncreasingly -1 -> 0
2021-11-15 13:26:41,309 [Listener at 127.0.0.1/13216] INFO  server.RaftServer$Division (ServerState.java:close(419)) - a7a9ee06-acf8-4996-94fe-a30a2f736f46@group-6D10605DE37B: closes. applyIndex: 0
2021-11-15 13:26:41,309 [a7a9ee06-acf8-4996-94fe-a30a2f736f46@group-6D10605DE37B-SegmentedRaftLogWorker] INFO  segmented.SegmentedRaftLogWorker (SegmentedRaftLogWorker.java:run(327)) - a7a9ee06-acf8-4996-94fe-a30a2f736f46@group-6D10605DE37B-SegmentedRaftLogWorker was interrupted, exiting. There are 0 tasks remaining in the queue.
2021-11-15 13:26:41,309 [Listener at 127.0.0.1/13216] INFO  segmented.SegmentedRaftLogWorker (SegmentedRaftLogWorker.java:close(237)) - a7a9ee06-acf8-4996-94fe-a30a2f736f46@group-6D10605DE37B-SegmentedRaftLogWorker close()
2021-11-15 13:26:41,309 [Listener at 127.0.0.1/13216] INFO  server.RaftServer$Division (RaftServerImpl.java:lambda$close$4(412)) - a7a9ee06-acf8-4996-94fe-a30a2f736f46@group-D7B3E088EE4D: shutdown
2021-11-15 13:26:41,310 [Listener at 127.0.0.1/13216] INFO  util.JmxRegister (JmxRegister.java:unregister(73)) - Successfully un-registered JMX Bean with object name Ratis:service=RaftServer,group=group-D7B3E088EE4D,id=a7a9ee06-acf8-4996-94fe-a30a2f736f46
2021-11-15 13:26:41,310 [Listener at 127.0.0.1/13216] INFO  impl.RoleInfo (RoleInfo.java:shutdownFollowerState(108)) - a7a9ee06-acf8-4996-94fe-a30a2f736f46: shutdown a7a9ee06-acf8-4996-94fe-a30a2f736f46@group-D7B3E088EE4D-FollowerState
2021-11-15 13:26:41,310 [a7a9ee06-acf8-4996-94fe-a30a2f736f46@group-D7B3E088EE4D-FollowerState] INFO  impl.FollowerState (FollowerState.java:run(143)) - a7a9ee06-acf8-4996-94fe-a30a2f736f46@group-D7B3E088EE4D-FollowerState was interrupted: {}
java.lang.InterruptedException: sleep interrupted
	at java.lang.Thread.sleep(Native Method)
	at java.lang.Thread.sleep(Thread.java:340)
	at java.util.concurrent.TimeUnit.sleep(TimeUnit.java:386)
	at org.apache.ratis.util.TimeDuration.sleep(TimeDuration.java:324)
	at org.apache.ratis.util.TimeDuration.sleep(TimeDuration.java:309)
	at org.apache.ratis.server.impl.FollowerState.run(FollowerState.java:118)
2021-11-15 13:26:41,318 [Listener at 127.0.0.1/13216] INFO  impl.StateMachineUpdater (StateMachineUpdater.java:stopAndJoin(149)) - a7a9ee06-acf8-4996-94fe-a30a2f736f46@group-D7B3E088EE4D-StateMachineUpdater: set stopIndex = -1
2021-11-15 13:26:41,321 [Listener at 127.0.0.1/13216] INFO  server.RaftServer$Division (ServerState.java:close(419)) - a7a9ee06-acf8-4996-94fe-a30a2f736f46@group-D7B3E088EE4D: closes. applyIndex: -1
2021-11-15 13:26:41,321 [a7a9ee06-acf8-4996-94fe-a30a2f736f46@group-D7B3E088EE4D-SegmentedRaftLogWorker] INFO  segmented.SegmentedRaftLogWorker (SegmentedRaftLogWorker.java:run(327)) - a7a9ee06-acf8-4996-94fe-a30a2f736f46@group-D7B3E088EE4D-SegmentedRaftLogWorker was interrupted, exiting. There are 0 tasks remaining in the queue.
2021-11-15 13:26:41,326 [Listener at 127.0.0.1/13216] INFO  segmented.SegmentedRaftLogWorker (SegmentedRaftLogWorker.java:close(237)) - a7a9ee06-acf8-4996-94fe-a30a2f736f46@group-D7B3E088EE4D-SegmentedRaftLogWorker close()
2021-11-15 13:26:41,326 [Listener at 127.0.0.1/13216] INFO  server.GrpcService (GrpcService.java:closeImpl(262)) - a7a9ee06-acf8-4996-94fe-a30a2f736f46: shutdown server with port 35177 now
2021-11-15 13:26:41,331 [Listener at 127.0.0.1/13216] INFO  server.GrpcService (GrpcService.java:closeImpl(271)) - a7a9ee06-acf8-4996-94fe-a30a2f736f46: shutdown server with port 35177 successfully
2021-11-15 13:26:41,331 [org.apache.ratis.util.JvmPauseMonitor$$Lambda$499/1445999733@36521178] INFO  util.JvmPauseMonitor (JvmPauseMonitor.java:run(109)) - JvmPauseMonitor-a7a9ee06-acf8-4996-94fe-a30a2f736f46: Stopped
2021-11-15 13:26:41,332 [Listener at 127.0.0.1/13216] INFO  utils.BackgroundService (BackgroundService.java:shutdown(132)) - Shutting down service BlockDeletingService
2021-11-15 13:26:41,412 [EndpointStateMachine task thread for /127.0.0.1:14713 - 0 ] INFO  ipc.Client (Client.java:handleConnectionFailure(977)) - Retrying connect to server: localhost/127.0.0.1:14713. Already tried 13 time(s); retry policy is RetryUpToMaximumCountWithFixedSleep(maxRetries=15, sleepTime=1000 MILLISECONDS)
2021-11-15 13:26:41,412 [EndpointStateMachine task thread for /127.0.0.1:14723 - 0 ] INFO  ipc.Client (Client.java:handleConnectionFailure(977)) - Retrying connect to server: localhost/127.0.0.1:14723. Already tried 13 time(s); retry policy is RetryUpToMaximumCountWithFixedSleep(maxRetries=15, sleepTime=1000 MILLISECONDS)
2021-11-15 13:26:41,413 [EndpointStateMachine task thread for /127.0.0.1:14733 - 0 ] INFO  ipc.Client (Client.java:handleConnectionFailure(977)) - Retrying connect to server: localhost/127.0.0.1:14733. Already tried 13 time(s); retry policy is RetryUpToMaximumCountWithFixedSleep(maxRetries=15, sleepTime=1000 MILLISECONDS)
2021-11-15 13:26:41,617 [EndpointStateMachine task thread for /127.0.0.1:14571 - 0 ] INFO  ipc.Client (Client.java:handleConnectionFailure(977)) - Retrying connect to server: localhost/127.0.0.1:14571. Already tried 11 time(s); retry policy is RetryUpToMaximumCountWithFixedSleep(maxRetries=15, sleepTime=1000 MILLISECONDS)
2021-11-15 13:26:41,617 [EndpointStateMachine task thread for /127.0.0.1:14561 - 0 ] INFO  ipc.Client (Client.java:handleConnectionFailure(977)) - Retrying connect to server: localhost/127.0.0.1:14561. Already tried 13 time(s); retry policy is RetryUpToMaximumCountWithFixedSleep(maxRetries=15, sleepTime=1000 MILLISECONDS)
2021-11-15 13:26:41,617 [EndpointStateMachine task thread for /127.0.0.1:14581 - 0 ] INFO  ipc.Client (Client.java:handleConnectionFailure(977)) - Retrying connect to server: localhost/127.0.0.1:14581. Already tried 13 time(s); retry policy is RetryUpToMaximumCountWithFixedSleep(maxRetries=15, sleepTime=1000 MILLISECONDS)
2021-11-15 13:26:42,413 [EndpointStateMachine task thread for /127.0.0.1:14713 - 0 ] INFO  ipc.Client (Client.java:handleConnectionFailure(977)) - Retrying connect to server: localhost/127.0.0.1:14713. Already tried 14 time(s); retry policy is RetryUpToMaximumCountWithFixedSleep(maxRetries=15, sleepTime=1000 MILLISECONDS)
2021-11-15 13:26:42,414 [EndpointStateMachine task thread for /127.0.0.1:14713 - 0 ] WARN  statemachine.EndpointStateMachine (EndpointStateMachine.java:logIfNeeded(236)) - Unable to communicate to SCM server at localhost:14713 for past 0 seconds.
java.net.ConnectException: Call From fv-az151-339/10.1.0.55 to localhost:14713 failed on connection exception: java.net.ConnectException: Connection refused; For more details see:  http://wiki.apache.org/hadoop/ConnectionRefused
	at sun.reflect.GeneratedConstructorAccessor44.newInstance(Unknown Source)
	at sun.reflect.DelegatingConstructorAccessorImpl.newInstance(DelegatingConstructorAccessorImpl.java:45)
	at java.lang.reflect.Constructor.newInstance(Constructor.java:423)
	at org.apache.hadoop.net.NetUtils.wrapWithMessage(NetUtils.java:913)
	at org.apache.hadoop.net.NetUtils.wrapException(NetUtils.java:828)
	at org.apache.hadoop.ipc.Client.getRpcResponse(Client.java:1577)
	at org.apache.hadoop.ipc.Client.call(Client.java:1519)
	at org.apache.hadoop.ipc.Client.call(Client.java:1416)
	at org.apache.hadoop.ipc.ProtobufRpcEngine$Invoker.invoke(ProtobufRpcEngine.java:236)
	at org.apache.hadoop.ipc.ProtobufRpcEngine$Invoker.invoke(ProtobufRpcEngine.java:123)
	at com.sun.proxy.$Proxy48.submitRequest(Unknown Source)
	at org.apache.hadoop.ozone.protocolPB.StorageContainerDatanodeProtocolClientSideTranslatorPB.submitRequest(StorageContainerDatanodeProtocolClientSideTranslatorPB.java:117)
	at org.apache.hadoop.ozone.protocolPB.StorageContainerDatanodeProtocolClientSideTranslatorPB.sendHeartbeat(StorageContainerDatanodeProtocolClientSideTranslatorPB.java:149)
	at org.apache.hadoop.ozone.container.common.states.endpoint.HeartbeatEndpointTask.call(HeartbeatEndpointTask.java:179)
	at org.apache.hadoop.ozone.container.common.states.endpoint.HeartbeatEndpointTask.call(HeartbeatEndpointTask.java:82)
	at java.util.concurrent.FutureTask.run(FutureTask.java:266)
	at java.util.concurrent.ThreadPoolExecutor.runWorker(ThreadPoolExecutor.java:1149)
	at java.util.concurrent.ThreadPoolExecutor$Worker.run(ThreadPoolExecutor.java:624)
	at java.lang.Thread.run(Thread.java:748)
Caused by: java.net.ConnectException: Connection refused
	at sun.nio.ch.SocketChannelImpl.checkConnect(Native Method)
	at sun.nio.ch.SocketChannelImpl.finishConnect(SocketChannelImpl.java:716)
	at org.apache.hadoop.net.SocketIOWithTimeout.connect(SocketIOWithTimeout.java:206)
	at org.apache.hadoop.net.NetUtils.connect(NetUtils.java:586)
	at org.apache.hadoop.ipc.Client$Connection.setupConnection(Client.java:701)
	at org.apache.hadoop.ipc.Client$Connection.setupIOstreams(Client.java:822)
	at org.apache.hadoop.ipc.Client$Connection.access$3800(Client.java:414)
	at org.apache.hadoop.ipc.Client.getConnection(Client.java:1647)
	at org.apache.hadoop.ipc.Client.call(Client.java:1463)
	... 12 more
2021-11-15 13:26:42,413 [EndpointStateMachine task thread for /127.0.0.1:14723 - 0 ] INFO  ipc.Client (Client.java:handleConnectionFailure(977)) - Retrying connect to server: localhost/127.0.0.1:14723. Already tried 14 time(s); retry policy is RetryUpToMaximumCountWithFixedSleep(maxRetries=15, sleepTime=1000 MILLISECONDS)
2021-11-15 13:26:42,418 [EndpointStateMachine task thread for /127.0.0.1:14733 - 0 ] INFO  ipc.Client (Client.java:handleConnectionFailure(977)) - Retrying connect to server: localhost/127.0.0.1:14733. Already tried 14 time(s); retry policy is RetryUpToMaximumCountWithFixedSleep(maxRetries=15, sleepTime=1000 MILLISECONDS)
2021-11-15 13:26:42,617 [EndpointStateMachine task thread for /127.0.0.1:14561 - 0 ] INFO  ipc.Client (Client.java:handleConnectionFailure(977)) - Retrying connect to server: localhost/127.0.0.1:14561. Already tried 14 time(s); retry policy is RetryUpToMaximumCountWithFixedSleep(maxRetries=15, sleepTime=1000 MILLISECONDS)
2021-11-15 13:26:42,617 [EndpointStateMachine task thread for /127.0.0.1:14581 - 0 ] INFO  ipc.Client (Client.java:handleConnectionFailure(977)) - Retrying connect to server: localhost/127.0.0.1:14581. Already tried 14 time(s); retry policy is RetryUpToMaximumCountWithFixedSleep(maxRetries=15, sleepTime=1000 MILLISECONDS)
2021-11-15 13:26:42,618 [EndpointStateMachine task thread for /127.0.0.1:14561 - 0 ] WARN  statemachine.EndpointStateMachine (EndpointStateMachine.java:logIfNeeded(236)) - Unable to communicate to SCM server at localhost:14561 for past 0 seconds.
java.net.ConnectException: Call From fv-az151-339/10.1.0.55 to localhost:14561 failed on connection exception: java.net.ConnectException: Connection refused; For more details see:  http://wiki.apache.org/hadoop/ConnectionRefused
	at sun.reflect.GeneratedConstructorAccessor44.newInstance(Unknown Source)
	at sun.reflect.DelegatingConstructorAccessorImpl.newInstance(DelegatingConstructorAccessorImpl.java:45)
	at java.lang.reflect.Constructor.newInstance(Constructor.java:423)
	at org.apache.hadoop.net.NetUtils.wrapWithMessage(NetUtils.java:913)
	at org.apache.hadoop.net.NetUtils.wrapException(NetUtils.java:828)
	at org.apache.hadoop.ipc.Client.getRpcResponse(Client.java:1577)
	at org.apache.hadoop.ipc.Client.call(Client.java:1519)
	at org.apache.hadoop.ipc.Client.call(Client.java:1416)
	at org.apache.hadoop.ipc.ProtobufRpcEngine$Invoker.invoke(ProtobufRpcEngine.java:236)
	at org.apache.hadoop.ipc.ProtobufRpcEngine$Invoker.invoke(ProtobufRpcEngine.java:123)
	at com.sun.proxy.$Proxy48.submitRequest(Unknown Source)
	at org.apache.hadoop.ozone.protocolPB.StorageContainerDatanodeProtocolClientSideTranslatorPB.submitRequest(StorageContainerDatanodeProtocolClientSideTranslatorPB.java:117)
	at org.apache.hadoop.ozone.protocolPB.StorageContainerDatanodeProtocolClientSideTranslatorPB.sendHeartbeat(StorageContainerDatanodeProtocolClientSideTranslatorPB.java:149)
	at org.apache.hadoop.ozone.container.common.states.endpoint.HeartbeatEndpointTask.call(HeartbeatEndpointTask.java:179)
	at org.apache.hadoop.ozone.container.common.states.endpoint.HeartbeatEndpointTask.call(HeartbeatEndpointTask.java:82)
	at java.util.concurrent.FutureTask.run(FutureTask.java:266)
	at java.util.concurrent.ThreadPoolExecutor.runWorker(ThreadPoolExecutor.java:1149)
	at java.util.concurrent.ThreadPoolExecutor$Worker.run(ThreadPoolExecutor.java:624)
	at java.lang.Thread.run(Thread.java:748)
Caused by: java.net.ConnectException: Connection refused
	at sun.nio.ch.SocketChannelImpl.checkConnect(Native Method)
	at sun.nio.ch.SocketChannelImpl.finishConnect(SocketChannelImpl.java:716)
	at org.apache.hadoop.net.SocketIOWithTimeout.connect(SocketIOWithTimeout.java:206)
	at org.apache.hadoop.net.NetUtils.connect(NetUtils.java:586)
	at org.apache.hadoop.ipc.Client$Connection.setupConnection(Client.java:701)
	at org.apache.hadoop.ipc.Client$Connection.setupIOstreams(Client.java:822)
	at org.apache.hadoop.ipc.Client$Connection.access$3800(Client.java:414)
	at org.apache.hadoop.ipc.Client.getConnection(Client.java:1647)
	at org.apache.hadoop.ipc.Client.call(Client.java:1463)
	... 12 more
2021-11-15 13:26:42,618 [EndpointStateMachine task thread for /127.0.0.1:14571 - 0 ] INFO  ipc.Client (Client.java:handleConnectionFailure(977)) - Retrying connect to server: localhost/127.0.0.1:14571. Already tried 12 time(s); retry policy is RetryUpToMaximumCountWithFixedSleep(maxRetries=15, sleepTime=1000 MILLISECONDS)
2021-11-15 13:26:42,618 [EndpointStateMachine task thread for /127.0.0.1:14581 - 0 ] WARN  statemachine.EndpointStateMachine (EndpointStateMachine.java:logIfNeeded(236)) - Unable to communicate to SCM server at localhost:14581 for past 0 seconds.
java.net.ConnectException: Call From fv-az151-339/10.1.0.55 to localhost:14581 failed on connection exception: java.net.ConnectException: Connection refused; For more details see:  http://wiki.apache.org/hadoop/ConnectionRefused
	at sun.reflect.GeneratedConstructorAccessor44.newInstance(Unknown Source)
	at sun.reflect.DelegatingConstructorAccessorImpl.newInstance(DelegatingConstructorAccessorImpl.java:45)
	at java.lang.reflect.Constructor.newInstance(Constructor.java:423)
	at org.apache.hadoop.net.NetUtils.wrapWithMessage(NetUtils.java:913)
	at org.apache.hadoop.net.NetUtils.wrapException(NetUtils.java:828)
	at org.apache.hadoop.ipc.Client.getRpcResponse(Client.java:1577)
	at org.apache.hadoop.ipc.Client.call(Client.java:1519)
	at org.apache.hadoop.ipc.Client.call(Client.java:1416)
	at org.apache.hadoop.ipc.ProtobufRpcEngine$Invoker.invoke(ProtobufRpcEngine.java:236)
	at org.apache.hadoop.ipc.ProtobufRpcEngine$Invoker.invoke(ProtobufRpcEngine.java:123)
	at com.sun.proxy.$Proxy48.submitRequest(Unknown Source)
	at org.apache.hadoop.ozone.protocolPB.StorageContainerDatanodeProtocolClientSideTranslatorPB.submitRequest(StorageContainerDatanodeProtocolClientSideTranslatorPB.java:117)
	at org.apache.hadoop.ozone.protocolPB.StorageContainerDatanodeProtocolClientSideTranslatorPB.register(StorageContainerDatanodeProtocolClientSideTranslatorPB.java:180)
	at org.apache.hadoop.ozone.container.common.states.endpoint.RegisterEndpointTask.call(RegisterEndpointTask.java:158)
	at org.apache.hadoop.ozone.container.common.states.endpoint.RegisterEndpointTask.call(RegisterEndpointTask.java:52)
	at java.util.concurrent.FutureTask.run(FutureTask.java:266)
	at java.util.concurrent.ThreadPoolExecutor.runWorker(ThreadPoolExecutor.java:1149)
	at java.util.concurrent.ThreadPoolExecutor$Worker.run(ThreadPoolExecutor.java:624)
	at java.lang.Thread.run(Thread.java:748)
Caused by: java.net.ConnectException: Connection refused
	at sun.nio.ch.SocketChannelImpl.checkConnect(Native Method)
	at sun.nio.ch.SocketChannelImpl.finishConnect(SocketChannelImpl.java:716)
	at org.apache.hadoop.net.SocketIOWithTimeout.connect(SocketIOWithTimeout.java:206)
	at org.apache.hadoop.net.NetUtils.connect(NetUtils.java:586)
	at org.apache.hadoop.ipc.Client$Connection.setupConnection(Client.java:701)
	at org.apache.hadoop.ipc.Client$Connection.setupIOstreams(Client.java:822)
	at org.apache.hadoop.ipc.Client$Connection.access$3800(Client.java:414)
	at org.apache.hadoop.ipc.Client.getConnection(Client.java:1647)
	at org.apache.hadoop.ipc.Client.call(Client.java:1463)
	... 12 more
2021-11-15 13:26:43,419 [EndpointStateMachine task thread for /127.0.0.1:14713 - 0 ] INFO  ipc.Client (Client.java:handleConnectionFailure(977)) - Retrying connect to server: localhost/127.0.0.1:14713. Already tried 0 time(s); retry policy is RetryUpToMaximumCountWithFixedSleep(maxRetries=15, sleepTime=1000 MILLISECONDS)
2021-11-15 13:26:43,420 [EndpointStateMachine task thread for /127.0.0.1:14723 - 0 ] INFO  ipc.Client (Client.java:handleConnectionFailure(977)) - Retrying connect to server: localhost/127.0.0.1:14723. Already tried 0 time(s); retry policy is RetryUpToMaximumCountWithFixedSleep(maxRetries=15, sleepTime=1000 MILLISECONDS)
2021-11-15 13:26:43,420 [EndpointStateMachine task thread for /127.0.0.1:14733 - 0 ] INFO  ipc.Client (Client.java:handleConnectionFailure(977)) - Retrying connect to server: localhost/127.0.0.1:14733. Already tried 0 time(s); retry policy is RetryUpToMaximumCountWithFixedSleep(maxRetries=15, sleepTime=1000 MILLISECONDS)
2021-11-15 13:26:43,618 [EndpointStateMachine task thread for /127.0.0.1:14581 - 0 ] INFO  ipc.Client (Client.java:handleConnectionFailure(977)) - Retrying connect to server: localhost/127.0.0.1:14581. Already tried 0 time(s); retry policy is RetryUpToMaximumCountWithFixedSleep(maxRetries=15, sleepTime=1000 MILLISECONDS)
2021-11-15 13:26:43,618 [EndpointStateMachine task thread for /127.0.0.1:14561 - 0 ] INFO  ipc.Client (Client.java:handleConnectionFailure(977)) - Retrying connect to server: localhost/127.0.0.1:14561. Already tried 0 time(s); retry policy is RetryUpToMaximumCountWithFixedSleep(maxRetries=15, sleepTime=1000 MILLISECONDS)
2021-11-15 13:26:43,618 [EndpointStateMachine task thread for /127.0.0.1:14571 - 0 ] INFO  ipc.Client (Client.java:handleConnectionFailure(977)) - Retrying connect to server: localhost/127.0.0.1:14571. Already tried 13 time(s); retry policy is RetryUpToMaximumCountWithFixedSleep(maxRetries=15, sleepTime=1000 MILLISECONDS)
2021-11-15 13:26:44,336 [Listener at 127.0.0.1/13216] INFO  statemachine.DatanodeStateMachine (DatanodeStateMachine.java:stopDaemon(526)) - Ozone container server stopped.
2021-11-15 13:26:44,337 [Listener at 127.0.0.1/13216] INFO  handler.ContextHandler (ContextHandler.java:doStop(1153)) - Stopped o.e.j.w.WebAppContext@3fc7b289{hddsDatanode,/,null,STOPPED}{jar:file:/home/runner/.m2/repository/org/apache/ozone/hdds-container-service/1.2.0-SNAPSHOT/hdds-container-service-1.2.0-SNAPSHOT.jar!/webapps/hddsDatanode}
2021-11-15 13:26:44,345 [Listener at 127.0.0.1/13216] INFO  server.AbstractConnector (AbstractConnector.java:doStop(381)) - Stopped ServerConnector@15f436d7{HTTP/1.1, (http/1.1)}{0.0.0.0:0}
2021-11-15 13:26:44,345 [Listener at 127.0.0.1/13216] INFO  server.session (HouseKeeper.java:stopScavenging(149)) - node0 Stopped scavenging
2021-11-15 13:26:44,345 [Listener at 127.0.0.1/13216] INFO  handler.ContextHandler (ContextHandler.java:doStop(1153)) - Stopped o.e.j.s.ServletContextHandler@42d87166{static,/static,jar:file:/home/runner/.m2/repository/org/apache/ozone/hdds-container-service/1.2.0-SNAPSHOT/hdds-container-service-1.2.0-SNAPSHOT.jar!/webapps/static,STOPPED}
2021-11-15 13:26:44,345 [Listener at 127.0.0.1/13216] INFO  handler.ContextHandler (ContextHandler.java:doStop(1153)) - Stopped o.e.j.s.ServletContextHandler@30779b35{logs,/logs,file:///home/runner/work/ozone/ozone/hadoop-ozone/integration-test/target/log,STOPPED}
]]></system-out>
  </testcase>
  <testcase name="testInstallCorruptedCheckpointFailure" classname="org.apache.hadoop.ozone.scm.TestSCMInstallSnapshotWithHA" time="56.181"/>
</testsuite>