<?xml version="1.0" encoding="UTF-8"?>
<testsuite xmlns:xsi="http://www.w3.org/2001/XMLSchema-instance" xsi:noNamespaceSchemaLocation="https://maven.apache.org/surefire/maven-surefire-plugin/xsd/surefire-test-report.xsd" name="org.apache.hadoop.ozone.om.TestOzoneManagerPrepare" time="249.522" tests="6" errors="1" skipped="1" failures="0">
  <properties>
    <property name="awt.toolkit" value="sun.awt.X11.XToolkit"/>
    <property name="file.encoding.pkg" value="sun.io"/>
    <property name="java.specification.version" value="1.8"/>
    <property name="sun.cpu.isalist" value=""/>
    <property name="sun.jnu.encoding" value="UTF-8"/>
    <property name="java.class.path" value="/home/runner/work/ozone/ozone/hadoop-ozone/integration-test/target/test-classes:/home/runner/work/ozone/ozone/hadoop-ozone/integration-test/target/classes:/home/runner/.m2/repository/org/apache/ozone/ozone-common/1.2.0-SNAPSHOT/ozone-common-1.2.0-SNAPSHOT.jar:/home/runner/.m2/repository/org/apache/commons/commons-compress/1.21/commons-compress-1.21.jar:/home/runner/.m2/repository/org/apache/ozone/hdds-common/1.2.0-SNAPSHOT/hdds-common-1.2.0-SNAPSHOT.jar:/home/runner/.m2/repository/org/apache/ozone/hdds-client/1.2.0-SNAPSHOT/hdds-client-1.2.0-SNAPSHOT.jar:/home/runner/.m2/repository/org/apache/ozone/ozone-interface-client/1.2.0-SNAPSHOT/ozone-interface-client-1.2.0-SNAPSHOT.jar:/home/runner/.m2/repository/org/apache/ozone/hdds-test-utils/1.2.0-SNAPSHOT/hdds-test-utils-1.2.0-SNAPSHOT.jar:/home/runner/.m2/repository/com/google/guava/guava/30.1.1-jre/guava-30.1.1-jre.jar:/home/runner/.m2/repository/com/google/guava/failureaccess/1.0.1/failureaccess-1.0.1.jar:/home/runner/.m2/repository/com/google/guava/listenablefuture/9999.0-empty-to-avoid-conflict-with-guava/listenablefuture-9999.0-empty-to-avoid-conflict-with-guava.jar:/home/runner/.m2/repository/com/google/code/findbugs/jsr305/3.0.0/jsr305-3.0.0.jar:/home/runner/.m2/repository/org/checkerframework/checker-qual/3.8.0/checker-qual-3.8.0.jar:/home/runner/.m2/repository/com/google/errorprone/error_prone_annotations/2.2.0/error_prone_annotations-2.2.0.jar:/home/runner/.m2/repository/com/google/j2objc/j2objc-annotations/1.3/j2objc-annotations-1.3.jar:/home/runner/.m2/repository/commons-io/commons-io/2.11.0/commons-io-2.11.0.jar:/home/runner/.m2/repository/commons-logging/commons-logging/1.2/commons-logging-1.2.jar:/home/runner/.m2/repository/log4j/log4j/1.2.17/log4j-1.2.17.jar:/home/runner/.m2/repository/org/slf4j/slf4j-api/1.7.30/slf4j-api-1.7.30.jar:/home/runner/.m2/repository/org/apache/ozone/hdds-server-scm/1.2.0-SNAPSHOT/hdds-server-scm-1.2.0-SNAPSHOT.jar:/home/runner/.m2/repository/org/apache/ozone/hdds-container-service/1.2.0-SNAPSHOT/hdds-container-service-1.2.0-SNAPSHOT.jar:/home/runner/.m2/repository/org/apache/ozone/hdds-hadoop-dependency-server/1.2.0-SNAPSHOT/hdds-hadoop-dependency-server-1.2.0-SNAPSHOT.jar:/home/runner/.m2/repository/org/apache/hadoop/hadoop-hdfs/3.3.1/hadoop-hdfs-3.3.1.jar:/home/runner/.m2/repository/org/apache/ozone/hdds-server-framework/1.2.0-SNAPSHOT/hdds-server-framework-1.2.0-SNAPSHOT.jar:/home/runner/.m2/repository/org/apache/ozone/hdds-interface-server/1.2.0-SNAPSHOT/hdds-interface-server-1.2.0-SNAPSHOT.jar:/home/runner/.m2/repository/org/eclipse/jetty/jetty-servlet/9.4.43.v20210629/jetty-servlet-9.4.43.v20210629.jar:/home/runner/.m2/repository/org/eclipse/jetty/jetty-security/9.4.43.v20210629/jetty-security-9.4.43.v20210629.jar:/home/runner/.m2/repository/org/rocksdb/rocksdbjni/6.25.3/rocksdbjni-6.25.3.jar:/home/runner/.m2/repository/io/prometheus/simpleclient_dropwizard/0.7.0/simpleclient_dropwizard-0.7.0.jar:/home/runner/.m2/repository/io/prometheus/simpleclient/0.7.0/simpleclient-0.7.0.jar:/home/runner/.m2/repository/io/prometheus/simpleclient_common/0.7.0/simpleclient_common-0.7.0.jar:/home/runner/.m2/repository/com/fasterxml/jackson/datatype/jackson-datatype-jsr310/2.12.1/jackson-datatype-jsr310-2.12.1.jar:/home/runner/.m2/repository/io/dropwizard/metrics/metrics-core/3.2.4/metrics-core-3.2.4.jar:/home/runner/.m2/repository/org/apache/hadoop/hadoop-hdfs-client/3.3.1/hadoop-hdfs-client-3.3.1.jar:/home/runner/.m2/repository/org/bouncycastle/bcprov-jdk15on/1.67/bcprov-jdk15on-1.67.jar:/home/runner/.m2/repository/com/google/protobuf/protobuf-java/2.5.0/protobuf-java-2.5.0.jar:/home/runner/.m2/repository/org/apache/ozone/ozone-manager/1.2.0-SNAPSHOT/ozone-manager-1.2.0-SNAPSHOT.jar:/home/runner/.m2/repository/org/aspectj/aspectjrt/1.9.7/aspectjrt-1.9.7.jar:/home/runner/.m2/repository/org/aspectj/aspectjweaver/1.9.7/aspectjweaver-1.9.7.jar:/home/runner/.m2/repository/org/apache/ozone/hdds-interface-client/1.2.0-SNAPSHOT/hdds-interface-client-1.2.0-SNAPSHOT.jar:/home/runner/.m2/repository/org/apache/hadoop/thirdparty/hadoop-shaded-protobuf_3_7/1.1.1/hadoop-shaded-protobuf_3_7-1.1.1.jar:/home/runner/.m2/repository/org/apache/ozone/ozone-interface-storage/1.2.0-SNAPSHOT/ozone-interface-storage-1.2.0-SNAPSHOT.jar:/home/runner/.m2/repository/org/reflections/reflections/0.9.11/reflections-0.9.11.jar:/home/runner/.m2/repository/org/apache/hadoop/hadoop-minikdc/3.3.1/hadoop-minikdc-3.3.1.jar:/home/runner/.m2/repository/org/apache/kerby/kerb-simplekdc/1.0.1/kerb-simplekdc-1.0.1.jar:/home/runner/.m2/repository/org/apache/kerby/kerb-client/1.0.1/kerb-client-1.0.1.jar:/home/runner/.m2/repository/org/apache/kerby/kerby-config/1.0.1/kerby-config-1.0.1.jar:/home/runner/.m2/repository/org/apache/kerby/kerb-common/1.0.1/kerb-common-1.0.1.jar:/home/runner/.m2/repository/org/apache/kerby/kerb-crypto/1.0.1/kerb-crypto-1.0.1.jar:/home/runner/.m2/repository/org/apache/kerby/kerb-util/1.0.1/kerb-util-1.0.1.jar:/home/runner/.m2/repository/org/apache/kerby/token-provider/1.0.1/token-provider-1.0.1.jar:/home/runner/.m2/repository/org/apache/kerby/kerb-admin/1.0.1/kerb-admin-1.0.1.jar:/home/runner/.m2/repository/org/apache/kerby/kerb-server/1.0.1/kerb-server-1.0.1.jar:/home/runner/.m2/repository/org/apache/kerby/kerb-identity/1.0.1/kerb-identity-1.0.1.jar:/home/runner/.m2/repository/org/apache/kerby/kerby-xdr/1.0.1/kerby-xdr-1.0.1.jar:/home/runner/.m2/repository/org/slf4j/slf4j-log4j12/1.7.30/slf4j-log4j12-1.7.30.jar:/home/runner/.m2/repository/org/apache/ozone/ozone-s3gateway/1.2.0-SNAPSHOT/ozone-s3gateway-1.2.0-SNAPSHOT.jar:/home/runner/.m2/repository/org/javassist/javassist/3.21.0-GA/javassist-3.21.0-GA.jar:/home/runner/.m2/repository/org/jboss/weld/servlet/weld-servlet/2.4.7.Final/weld-servlet-2.4.7.Final.jar:/home/runner/.m2/repository/org/glassfish/jersey/containers/jersey-container-servlet-core/2.33/jersey-container-servlet-core-2.33.jar:/home/runner/.m2/repository/org/glassfish/hk2/external/jakarta.inject/2.6.1/jakarta.inject-2.6.1.jar:/home/runner/.m2/repository/org/glassfish/jersey/core/jersey-common/2.33/jersey-common-2.33.jar:/home/runner/.m2/repository/jakarta/ws/rs/jakarta.ws.rs-api/2.1.6/jakarta.ws.rs-api-2.1.6.jar:/home/runner/.m2/repository/org/glassfish/jersey/ext/cdi/jersey-cdi1x/2.33/jersey-cdi1x-2.33.jar:/home/runner/.m2/repository/org/glassfish/jersey/inject/jersey-hk2/2.33/jersey-hk2-2.33.jar:/home/runner/.m2/repository/org/glassfish/hk2/hk2-locator/2.6.1/hk2-locator-2.6.1.jar:/home/runner/.m2/repository/org/glassfish/jersey/media/jersey-media-jaxb/2.33/jersey-media-jaxb-2.33.jar:/home/runner/.m2/repository/org/glassfish/hk2/osgi-resource-locator/1.0.3/osgi-resource-locator-1.0.3.jar:/home/runner/.m2/repository/org/glassfish/hk2/hk2-api/2.5.0/hk2-api-2.5.0.jar:/home/runner/.m2/repository/org/glassfish/hk2/hk2-utils/2.5.0/hk2-utils-2.5.0.jar:/home/runner/.m2/repository/org/glassfish/hk2/external/aopalliance-repackaged/2.5.0/aopalliance-repackaged-2.5.0.jar:/home/runner/.m2/repository/com/fasterxml/jackson/dataformat/jackson-dataformat-xml/2.12.1/jackson-dataformat-xml-2.12.1.jar:/home/runner/.m2/repository/com/fasterxml/jackson/core/jackson-core/2.12.1/jackson-core-2.12.1.jar:/home/runner/.m2/repository/com/fasterxml/jackson/module/jackson-module-jaxb-annotations/2.12.1/jackson-module-jaxb-annotations-2.12.1.jar:/home/runner/.m2/repository/jakarta/xml/bind/jakarta.xml.bind-api/2.3.2/jakarta.xml.bind-api-2.3.2.jar:/home/runner/.m2/repository/org/codehaus/woodstox/stax2-api/3.1.4/stax2-api-3.1.4.jar:/home/runner/.m2/repository/com/fasterxml/woodstox/woodstox-core/5.0.3/woodstox-core-5.0.3.jar:/home/runner/.m2/repository/javax/enterprise/cdi-api/1.2/cdi-api-1.2.jar:/home/runner/.m2/repository/javax/el/javax.el-api/3.0.0/javax.el-api-3.0.0.jar:/home/runner/.m2/repository/javax/interceptor/javax.interceptor-api/1.2/javax.interceptor-api-1.2.jar:/home/runner/.m2/repository/javax/inject/javax.inject/1/javax.inject-1.jar:/home/runner/.m2/repository/javax/xml/bind/jaxb-api/2.3.0/jaxb-api-2.3.0.jar:/home/runner/.m2/repository/org/glassfish/jaxb/jaxb-runtime/2.3.0.1/jaxb-runtime-2.3.0.1.jar:/home/runner/.m2/repository/org/glassfish/jaxb/jaxb-core/2.3.0.1/jaxb-core-2.3.0.1.jar:/home/runner/.m2/repository/org/glassfish/jaxb/txw2/2.3.0.1/txw2-2.3.0.1.jar:/home/runner/.m2/repository/com/sun/istack/istack-commons-runtime/3.0.5/istack-commons-runtime-3.0.5.jar:/home/runner/.m2/repository/org/jvnet/staxex/stax-ex/1.7.8/stax-ex-1.7.8.jar:/home/runner/.m2/repository/com/sun/xml/fastinfoset/FastInfoset/1.2.13/FastInfoset-1.2.13.jar:/home/runner/.m2/repository/javax/activation/activation/1.1.1/activation-1.1.1.jar:/home/runner/.m2/repository/org/apache/ozone/ozone-csi/1.2.0-SNAPSHOT/ozone-csi-1.2.0-SNAPSHOT.jar:/home/runner/.m2/repository/com/google/protobuf/protobuf-java-util/3.12.0/protobuf-java-util-3.12.0.jar:/home/runner/.m2/repository/com/google/code/gson/gson/2.2.4/gson-2.2.4.jar:/home/runner/.m2/repository/org/apache/ozone/hdds-config/1.2.0-SNAPSHOT/hdds-config-1.2.0-SNAPSHOT.jar:/home/runner/.m2/repository/io/grpc/grpc-netty/1.33.0/grpc-netty-1.33.0.jar:/home/runner/.m2/repository/io/grpc/grpc-core/1.33.0/grpc-core-1.33.0.jar:/home/runner/.m2/repository/com/google/android/annotations/4.1.1.4/annotations-4.1.1.4.jar:/home/runner/.m2/repository/io/netty/netty-codec-http2/4.1.63.Final/netty-codec-http2-4.1.63.Final.jar:/home/runner/.m2/repository/io/netty/netty-codec-http/4.1.63.Final/netty-codec-http-4.1.63.Final.jar:/home/runner/.m2/repository/io/netty/netty-handler-proxy/4.1.63.Final/netty-handler-proxy-4.1.63.Final.jar:/home/runner/.m2/repository/io/netty/netty-codec-socks/4.1.63.Final/netty-codec-socks-4.1.63.Final.jar:/home/runner/.m2/repository/io/perfmark/perfmark-api/0.19.0/perfmark-api-0.19.0.jar:/home/runner/.m2/repository/org/codehaus/mojo/animal-sniffer-annotations/1.18/animal-sniffer-annotations-1.18.jar:/home/runner/.m2/repository/io/netty/netty-transport-native-epoll/4.1.63.Final/netty-transport-native-epoll-4.1.63.Final.jar:/home/runner/.m2/repository/io/netty/netty-common/4.1.63.Final/netty-common-4.1.63.Final.jar:/home/runner/.m2/repository/io/netty/netty-buffer/4.1.63.Final/netty-buffer-4.1.63.Final.jar:/home/runner/.m2/repository/io/netty/netty-transport-native-unix-common/4.1.63.Final/netty-transport-native-unix-common-4.1.63.Final.jar:/home/runner/.m2/repository/io/grpc/grpc-protobuf/1.33.0/grpc-protobuf-1.33.0.jar:/home/runner/.m2/repository/io/grpc/grpc-api/1.33.0/grpc-api-1.33.0.jar:/home/runner/.m2/repository/io/grpc/grpc-context/1.33.0/grpc-context-1.33.0.jar:/home/runner/.m2/repository/com/google/api/grpc/proto-google-common-protos/1.17.0/proto-google-common-protos-1.17.0.jar:/home/runner/.m2/repository/io/grpc/grpc-protobuf-lite/1.33.0/grpc-protobuf-lite-1.33.0.jar:/home/runner/.m2/repository/io/grpc/grpc-stub/1.33.0/grpc-stub-1.33.0.jar:/home/runner/.m2/repository/org/apache/ozone/ozone-recon/1.2.0-SNAPSHOT/ozone-recon-1.2.0-SNAPSHOT.jar:/home/runner/.m2/repository/org/apache/ozone/ozone-reconcodegen/1.2.0-SNAPSHOT/ozone-reconcodegen-1.2.0-SNAPSHOT.jar:/home/runner/.m2/repository/com/google/inject/extensions/guice-multibindings/4.0/guice-multibindings-4.0.jar:/home/runner/.m2/repository/com/google/inject/guice/4.0/guice-4.0.jar:/home/runner/.m2/repository/aopalliance/aopalliance/1.0/aopalliance-1.0.jar:/home/runner/.m2/repository/com/google/inject/extensions/guice-assistedinject/4.0/guice-assistedinject-4.0.jar:/home/runner/.m2/repository/com/google/inject/extensions/guice-servlet/4.0/guice-servlet-4.0.jar:/home/runner/.m2/repository/org/glassfish/jersey/containers/jersey-container-servlet/2.33/jersey-container-servlet-2.33.jar:/home/runner/.m2/repository/org/glassfish/hk2/guice-bridge/2.5.0/guice-bridge-2.5.0.jar:/home/runner/.m2/repository/org/glassfish/jersey/core/jersey-server/2.33/jersey-server-2.33.jar:/home/runner/.m2/repository/org/glassfish/jersey/core/jersey-client/2.33/jersey-client-2.33.jar:/home/runner/.m2/repository/jakarta/annotation/jakarta.annotation-api/1.3.5/jakarta.annotation-api-1.3.5.jar:/home/runner/.m2/repository/jakarta/validation/jakarta.validation-api/2.0.2/jakarta.validation-api-2.0.2.jar:/home/runner/.m2/repository/org/glassfish/jersey/media/jersey-media-json-jackson/2.33/jersey-media-json-jackson-2.33.jar:/home/runner/.m2/repository/org/glassfish/jersey/ext/jersey-entity-filtering/2.33/jersey-entity-filtering-2.33.jar:/home/runner/.m2/repository/org/jooq/jooq/3.11.10/jooq-3.11.10.jar:/home/runner/.m2/repository/org/jooq/jooq-meta/3.11.10/jooq-meta-3.11.10.jar:/home/runner/.m2/repository/org/jooq/jooq-codegen/3.11.10/jooq-codegen-3.11.10.jar:/home/runner/.m2/repository/com/jolbox/bonecp/0.8.0.RELEASE/bonecp-0.8.0.RELEASE.jar:/home/runner/.m2/repository/org/apache/derby/derby/10.14.2.0/derby-10.14.2.0.jar:/home/runner/.m2/repository/org/xerial/sqlite-jdbc/3.25.2/sqlite-jdbc-3.25.2.jar:/home/runner/.m2/repository/org/springframework/spring-jdbc/5.2.18.RELEASE/spring-jdbc-5.2.18.RELEASE.jar:/home/runner/.m2/repository/org/springframework/spring-beans/5.2.18.RELEASE/spring-beans-5.2.18.RELEASE.jar:/home/runner/.m2/repository/org/springframework/spring-core/5.2.18.RELEASE/spring-core-5.2.18.RELEASE.jar:/home/runner/.m2/repository/org/springframework/spring-jcl/5.2.18.RELEASE/spring-jcl-5.2.18.RELEASE.jar:/home/runner/.m2/repository/org/springframework/spring-tx/5.2.18.RELEASE/spring-tx-5.2.18.RELEASE.jar:/home/runner/.m2/repository/org/apache/ozone/ozone-client/1.2.0-SNAPSHOT/ozone-client-1.2.0-SNAPSHOT.jar:/home/runner/.m2/repository/org/apache/ozone/ozone-filesystem/1.2.0-SNAPSHOT/ozone-filesystem-1.2.0-SNAPSHOT.jar:/home/runner/.m2/repository/org/apache/ozone/ozone-filesystem-common/1.2.0-SNAPSHOT/ozone-filesystem-common-1.2.0-SNAPSHOT.jar:/home/runner/.m2/repository/org/apache/ozone/ozone-tools/1.2.0-SNAPSHOT/ozone-tools-1.2.0-SNAPSHOT.jar:/home/runner/.m2/repository/org/apache/ratis/ratis-tools/2.2.0/ratis-tools-2.2.0.jar:/home/runner/.m2/repository/com/amazonaws/aws-java-sdk-core/1.11.1034/aws-java-sdk-core-1.11.1034.jar:/home/runner/.m2/repository/org/apache/httpcomponents/httpclient/4.5.13/httpclient-4.5.13.jar:/home/runner/.m2/repository/org/apache/httpcomponents/httpcore/4.4.13/httpcore-4.4.13.jar:/home/runner/.m2/repository/software/amazon/ion/ion-java/1.0.2/ion-java-1.0.2.jar:/home/runner/.m2/repository/com/fasterxml/jackson/dataformat/jackson-dataformat-cbor/2.12.1/jackson-dataformat-cbor-2.12.1.jar:/home/runner/.m2/repository/joda-time/joda-time/2.8.1/joda-time-2.8.1.jar:/home/runner/.m2/repository/com/amazonaws/aws-java-sdk-s3/1.11.1034/aws-java-sdk-s3-1.11.1034.jar:/home/runner/.m2/repository/com/amazonaws/aws-java-sdk-kms/1.11.1034/aws-java-sdk-kms-1.11.1034.jar:/home/runner/.m2/repository/com/amazonaws/jmespath-java/1.11.1034/jmespath-java-1.11.1034.jar:/home/runner/.m2/repository/org/kohsuke/metainf-services/metainf-services/1.8/metainf-services-1.8.jar:/home/runner/.m2/repository/org/apache/ozone/hdds-tools/1.2.0-SNAPSHOT/hdds-tools-1.2.0-SNAPSHOT.jar:/home/runner/.m2/repository/commons-cli/commons-cli/1.2/commons-cli-1.2.jar:/home/runner/.m2/repository/org/apache/commons/commons-lang3/3.7/commons-lang3-3.7.jar:/home/runner/.m2/repository/org/apache/ozone/ozone-manager/1.2.0-SNAPSHOT/ozone-manager-1.2.0-SNAPSHOT-tests.jar:/home/runner/.m2/repository/org/apache/ozone/hdds-common/1.2.0-SNAPSHOT/hdds-common-1.2.0-SNAPSHOT-tests.jar:/home/runner/.m2/repository/org/apache/ozone/hdds-hadoop-dependency-client/1.2.0-SNAPSHOT/hdds-hadoop-dependency-client-1.2.0-SNAPSHOT.jar:/home/runner/.m2/repository/info/picocli/picocli/4.6.1/picocli-4.6.1.jar:/home/runner/.m2/repository/com/fasterxml/jackson/core/jackson-annotations/2.12.1/jackson-annotations-2.12.1.jar:/home/runner/.m2/repository/javax/annotation/javax.annotation-api/1.2/javax.annotation-api-1.2.jar:/home/runner/.m2/repository/org/apache/ratis/ratis-server/2.2.0/ratis-server-2.2.0.jar:/home/runner/.m2/repository/org/apache/ratis/ratis-client/2.2.0/ratis-client-2.2.0.jar:/home/runner/.m2/repository/org/apache/ratis/ratis-server-api/2.2.0/ratis-server-api-2.2.0.jar:/home/runner/.m2/repository/org/apache/ratis/ratis-metrics/2.2.0/ratis-metrics-2.2.0.jar:/home/runner/.m2/repository/org/apache/ratis/ratis-netty/2.2.0/ratis-netty-2.2.0.jar:/home/runner/.m2/repository/org/apache/ratis/ratis-grpc/2.2.0/ratis-grpc-2.2.0.jar:/home/runner/.m2/repository/org/apache/logging/log4j/log4j-api/2.13.3/log4j-api-2.13.3.jar:/home/runner/.m2/repository/org/apache/logging/log4j/log4j-core/2.13.3/log4j-core-2.13.3.jar:/home/runner/.m2/repository/com/lmax/disruptor/3.4.2/disruptor-3.4.2.jar:/home/runner/.m2/repository/org/apache/commons/commons-pool2/2.6.0/commons-pool2-2.6.0.jar:/home/runner/.m2/repository/org/bouncycastle/bcpkix-jdk15on/1.67/bcpkix-jdk15on-1.67.jar:/home/runner/.m2/repository/commons-validator/commons-validator/1.6/commons-validator-1.6.jar:/home/runner/.m2/repository/commons-beanutils/commons-beanutils/1.9.4/commons-beanutils-1.9.4.jar:/home/runner/.m2/repository/commons-digester/commons-digester/1.8.1/commons-digester-1.8.1.jar:/home/runner/.m2/repository/commons-collections/commons-collections/3.2.2/commons-collections-3.2.2.jar:/home/runner/.m2/repository/io/jaegertracing/jaeger-client/1.6.0/jaeger-client-1.6.0.jar:/home/runner/.m2/repository/io/jaegertracing/jaeger-thrift/1.6.0/jaeger-thrift-1.6.0.jar:/home/runner/.m2/repository/org/apache/thrift/libthrift/0.14.1/libthrift-0.14.1.jar:/home/runner/.m2/repository/com/squareup/okhttp3/okhttp/4.9.0/okhttp-4.9.0.jar:/home/runner/.m2/repository/com/squareup/okio/okio/2.8.0/okio-2.8.0.jar:/home/runner/.m2/repository/io/jaegertracing/jaeger-core/1.6.0/jaeger-core-1.6.0.jar:/home/runner/.m2/repository/io/jaegertracing/jaeger-tracerresolver/1.6.0/jaeger-tracerresolver-1.6.0.jar:/home/runner/.m2/repository/io/opentracing/contrib/opentracing-tracerresolver/0.1.8/opentracing-tracerresolver-0.1.8.jar:/home/runner/.m2/repository/org/jetbrains/kotlin/kotlin-stdlib/1.4.31/kotlin-stdlib-1.4.31.jar:/home/runner/.m2/repository/org/jetbrains/kotlin/kotlin-stdlib-common/1.4.31/kotlin-stdlib-common-1.4.31.jar:/home/runner/.m2/repository/org/jetbrains/annotations/13.0/annotations-13.0.jar:/home/runner/.m2/repository/io/opentracing/opentracing-util/0.33.0/opentracing-util-0.33.0.jar:/home/runner/.m2/repository/io/opentracing/opentracing-api/0.33.0/opentracing-api-0.33.0.jar:/home/runner/.m2/repository/io/opentracing/opentracing-noop/0.33.0/opentracing-noop-0.33.0.jar:/home/runner/.m2/repository/org/yaml/snakeyaml/1.26/snakeyaml-1.26.jar:/home/runner/.m2/repository/org/apache/ozone/hdds-interface-admin/1.2.0-SNAPSHOT/hdds-interface-admin-1.2.0-SNAPSHOT.jar:/home/runner/.m2/repository/junit/junit/4.13.1/junit-4.13.1.jar:/home/runner/.m2/repository/org/hamcrest/hamcrest-core/1.3/hamcrest-core-1.3.jar:/home/runner/.m2/repository/org/junit/jupiter/junit-jupiter-api/5.7.0/junit-jupiter-api-5.7.0.jar:/home/runner/.m2/repository/org/apiguardian/apiguardian-api/1.1.0/apiguardian-api-1.1.0.jar:/home/runner/.m2/repository/org/opentest4j/opentest4j/1.2.0/opentest4j-1.2.0.jar:/home/runner/.m2/repository/org/junit/platform/junit-platform-commons/1.7.0/junit-platform-commons-1.7.0.jar:/home/runner/.m2/repository/org/junit/jupiter/junit-jupiter-engine/5.7.0/junit-jupiter-engine-5.7.0.jar:/home/runner/.m2/repository/org/junit/platform/junit-platform-engine/1.7.0/junit-platform-engine-1.7.0.jar:/home/runner/.m2/repository/org/junit/vintage/junit-vintage-engine/5.7.0/junit-vintage-engine-5.7.0.jar:/home/runner/.m2/repository/org/junit/platform/junit-platform-launcher/1.7.0/junit-platform-launcher-1.7.0.jar:/home/runner/.m2/repository/org/openjdk/jmh/jmh-core/1.19/jmh-core-1.19.jar:/home/runner/.m2/repository/net/sf/jopt-simple/jopt-simple/4.6/jopt-simple-4.6.jar:/home/runner/.m2/repository/org/apache/commons/commons-math3/3.1.1/commons-math3-3.1.1.jar:/home/runner/.m2/repository/org/openjdk/jmh/jmh-generator-annprocess/1.19/jmh-generator-annprocess-1.19.jar:/home/runner/.m2/repository/org/mockito/mockito-core/2.28.2/mockito-core-2.28.2.jar:/home/runner/.m2/repository/net/bytebuddy/byte-buddy/1.9.10/byte-buddy-1.9.10.jar:/home/runner/.m2/repository/net/bytebuddy/byte-buddy-agent/1.9.10/byte-buddy-agent-1.9.10.jar:/home/runner/.m2/repository/org/objenesis/objenesis/1.0/objenesis-1.0.jar:/home/runner/.m2/repository/org/apache/hadoop/hadoop-kms/3.3.1/hadoop-kms-3.3.1.jar:/home/runner/.m2/repository/org/apache/hadoop/hadoop-auth/3.3.1/hadoop-auth-3.3.1.jar:/home/runner/.m2/repository/com/nimbusds/nimbus-jose-jwt/7.9/nimbus-jose-jwt-7.9.jar:/home/runner/.m2/repository/com/github/stephenc/jcip/jcip-annotations/1.0-1/jcip-annotations-1.0-1.jar:/home/runner/.m2/repository/net/minidev/json-smart/2.3.1/json-smart-2.3.1.jar:/home/runner/.m2/repository/net/minidev/accessors-smart/2.3.1/accessors-smart-2.3.1.jar:/home/runner/.m2/repository/org/ow2/asm/asm/5.0.4/asm-5.0.4.jar:/home/runner/.m2/repository/org/apache/zookeeper/zookeeper/3.5.6/zookeeper-3.5.6.jar:/home/runner/.m2/repository/org/apache/zookeeper/zookeeper-jute/3.5.6/zookeeper-jute-3.5.6.jar:/home/runner/.m2/repository/org/apache/yetus/audience-annotations/0.5.0/audience-annotations-0.5.0.jar:/home/runner/.m2/repository/org/apache/curator/curator-framework/4.2.0/curator-framework-4.2.0.jar:/home/runner/.m2/repository/org/apache/hadoop/thirdparty/hadoop-shaded-guava/1.1.1/hadoop-shaded-guava-1.1.1.jar:/home/runner/.m2/repository/com/sun/jersey/jersey-core/1.19/jersey-core-1.19.jar:/home/runner/.m2/repository/javax/ws/rs/jsr311-api/1.1.1/jsr311-api-1.1.1.jar:/home/runner/.m2/repository/com/sun/jersey/jersey-server/1.19/jersey-server-1.19.jar:/home/runner/.m2/repository/javax/servlet/javax.servlet-api/3.1.0/javax.servlet-api-3.1.0.jar:/home/runner/.m2/repository/org/eclipse/jetty/jetty-server/9.4.43.v20210629/jetty-server-9.4.43.v20210629.jar:/home/runner/.m2/repository/org/eclipse/jetty/jetty-http/9.4.43.v20210629/jetty-http-9.4.43.v20210629.jar:/home/runner/.m2/repository/org/eclipse/jetty/jetty-io/9.4.43.v20210629/jetty-io-9.4.43.v20210629.jar:/home/runner/.m2/repository/org/eclipse/jetty/jetty-webapp/9.4.43.v20210629/jetty-webapp-9.4.43.v20210629.jar:/home/runner/.m2/repository/org/eclipse/jetty/jetty-xml/9.4.43.v20210629/jetty-xml-9.4.43.v20210629.jar:/home/runner/.m2/repository/org/apache/hadoop/hadoop-common/3.3.1/hadoop-common-3.3.1.jar:/home/runner/.m2/repository/commons-net/commons-net/3.6/commons-net-3.6.jar:/home/runner/.m2/repository/jakarta/activation/jakarta.activation-api/1.2.1/jakarta.activation-api-1.2.1.jar:/home/runner/.m2/repository/com/sun/jersey/jersey-servlet/1.19/jersey-servlet-1.19.jar:/home/runner/.m2/repository/com/sun/jersey/jersey-json/1.19/jersey-json-1.19.jar:/home/runner/.m2/repository/org/codehaus/jettison/jettison/1.1/jettison-1.1.jar:/home/runner/.m2/repository/com/sun/xml/bind/jaxb-impl/2.2.3-1/jaxb-impl-2.2.3-1.jar:/home/runner/.m2/repository/org/codehaus/jackson/jackson-jaxrs/1.9.2/jackson-jaxrs-1.9.2.jar:/home/runner/.m2/repository/org/codehaus/jackson/jackson-xc/1.9.2/jackson-xc-1.9.2.jar:/home/runner/.m2/repository/org/apache/commons/commons-configuration2/2.1.1/commons-configuration2-2.1.1.jar:/home/runner/.m2/repository/org/apache/commons/commons-text/1.4/commons-text-1.4.jar:/home/runner/.m2/repository/com/google/re2j/re2j/1.1/re2j-1.1.jar:/home/runner/.m2/repository/com/jcraft/jsch/0.1.54/jsch-0.1.54.jar:/home/runner/.m2/repository/org/apache/curator/curator-client/4.2.0/curator-client-4.2.0.jar:/home/runner/.m2/repository/org/apache/curator/curator-recipes/4.2.0/curator-recipes-4.2.0.jar:/home/runner/.m2/repository/org/apache/kerby/kerb-core/1.0.1/kerb-core-1.0.1.jar:/home/runner/.m2/repository/org/apache/kerby/kerby-pkix/1.0.1/kerby-pkix-1.0.1.jar:/home/runner/.m2/repository/org/apache/kerby/kerby-asn1/1.0.1/kerby-asn1-1.0.1.jar:/home/runner/.m2/repository/org/apache/kerby/kerby-util/1.0.1/kerby-util-1.0.1.jar:/home/runner/.m2/repository/dnsjava/dnsjava/2.1.7/dnsjava-2.1.7.jar:/home/runner/.m2/repository/org/xerial/snappy/snappy-java/1.1.8.2/snappy-java-1.1.8.2.jar:/home/runner/.m2/repository/org/slf4j/jul-to-slf4j/1.7.30/jul-to-slf4j-1.7.30.jar:/home/runner/.m2/repository/org/eclipse/jetty/jetty-util/9.4.43.v20210629/jetty-util-9.4.43.v20210629.jar:/home/runner/.m2/repository/com/fasterxml/jackson/core/jackson-databind/2.12.1/jackson-databind-2.12.1.jar:/home/runner/.m2/repository/org/apache/hadoop/hadoop-kms/3.3.1/hadoop-kms-3.3.1-tests.jar:/home/runner/.m2/repository/org/apache/ozone/hdds-server-scm/1.2.0-SNAPSHOT/hdds-server-scm-1.2.0-SNAPSHOT-tests.jar:/home/runner/.m2/repository/org/apache/ozone/hdds-container-service/1.2.0-SNAPSHOT/hdds-container-service-1.2.0-SNAPSHOT-tests.jar:/home/runner/.m2/repository/commons-codec/commons-codec/1.11/commons-codec-1.11.jar:/home/runner/.m2/repository/io/netty/netty-transport/4.1.63.Final/netty-transport-4.1.63.Final.jar:/home/runner/.m2/repository/io/netty/netty-resolver/4.1.63.Final/netty-resolver-4.1.63.Final.jar:/home/runner/.m2/repository/io/netty/netty-codec/4.1.63.Final/netty-codec-4.1.63.Final.jar:/home/runner/.m2/repository/io/netty/netty-handler/4.1.63.Final/netty-handler-4.1.63.Final.jar:/home/runner/.m2/repository/org/apache/ozone/hdds-hadoop-dependency-test/1.2.0-SNAPSHOT/hdds-hadoop-dependency-test-1.2.0-SNAPSHOT.jar:/home/runner/.m2/repository/org/apache/hadoop/hadoop-common/3.3.1/hadoop-common-3.3.1-tests.jar:/home/runner/.m2/repository/org/assertj/assertj-core/3.12.2/assertj-core-3.12.2.jar:/home/runner/.m2/repository/org/apache/hadoop/hadoop-hdfs/3.3.1/hadoop-hdfs-3.3.1-tests.jar:/home/runner/.m2/repository/org/eclipse/jetty/jetty-util-ajax/9.4.43.v20210629/jetty-util-ajax-9.4.43.v20210629.jar:/home/runner/.m2/repository/commons-daemon/commons-daemon/1.0.13/commons-daemon-1.0.13.jar:/home/runner/.m2/repository/io/netty/netty/3.10.6.Final/netty-3.10.6.Final.jar:/home/runner/.m2/repository/io/netty/netty-all/4.1.63.Final/netty-all-4.1.63.Final.jar:/home/runner/.m2/repository/org/apache/htrace/htrace-core4/4.1.0-incubating/htrace-core4-4.1.0-incubating.jar:/home/runner/.m2/repository/org/fusesource/leveldbjni/leveldbjni-all/1.8/leveldbjni-all-1.8.jar:/home/runner/.m2/repository/org/apache/hadoop/hadoop-distcp/3.3.1/hadoop-distcp-3.3.1.jar:/home/runner/.m2/repository/org/apache/hadoop/hadoop-mapreduce-client-jobclient/3.3.1/hadoop-mapreduce-client-jobclient-3.3.1.jar:/home/runner/.m2/repository/org/apache/hadoop/hadoop-mapreduce-client-common/3.3.1/hadoop-mapreduce-client-common-3.3.1.jar:/home/runner/.m2/repository/org/apache/hadoop/hadoop-yarn-common/3.3.1/hadoop-yarn-common-3.3.1.jar:/home/runner/.m2/repository/org/apache/hadoop/hadoop-yarn-api/3.3.1/hadoop-yarn-api-3.3.1.jar:/home/runner/.m2/repository/com/sun/jersey/jersey-client/1.19/jersey-client-1.19.jar:/home/runner/.m2/repository/com/sun/jersey/contribs/jersey-guice/1.19/jersey-guice-1.19.jar:/home/runner/.m2/repository/com/fasterxml/jackson/jaxrs/jackson-jaxrs-json-provider/2.12.1/jackson-jaxrs-json-provider-2.12.1.jar:/home/runner/.m2/repository/com/fasterxml/jackson/jaxrs/jackson-jaxrs-base/2.12.1/jackson-jaxrs-base-2.12.1.jar:/home/runner/.m2/repository/org/apache/hadoop/hadoop-yarn-client/3.3.1/hadoop-yarn-client-3.3.1.jar:/home/runner/.m2/repository/org/eclipse/jetty/websocket/websocket-client/9.4.40.v20210413/websocket-client-9.4.40.v20210413.jar:/home/runner/.m2/repository/org/eclipse/jetty/jetty-client/9.4.40.v20210413/jetty-client-9.4.40.v20210413.jar:/home/runner/.m2/repository/org/eclipse/jetty/websocket/websocket-common/9.4.40.v20210413/websocket-common-9.4.40.v20210413.jar:/home/runner/.m2/repository/org/eclipse/jetty/websocket/websocket-api/9.4.40.v20210413/websocket-api-9.4.40.v20210413.jar:/home/runner/.m2/repository/org/jline/jline/3.9.0/jline-3.9.0.jar:/home/runner/.m2/repository/org/apache/hadoop/hadoop-mapreduce-client-core/3.3.1/hadoop-mapreduce-client-core-3.3.1.jar:/home/runner/.m2/repository/org/apache/avro/avro/1.7.7/avro-1.7.7.jar:/home/runner/.m2/repository/org/codehaus/jackson/jackson-core-asl/1.9.13/jackson-core-asl-1.9.13.jar:/home/runner/.m2/repository/org/codehaus/jackson/jackson-mapper-asl/1.9.13/jackson-mapper-asl-1.9.13.jar:/home/runner/.m2/repository/com/thoughtworks/paranamer/paranamer/2.3/paranamer-2.3.jar:/home/runner/.m2/repository/org/apache/hadoop/hadoop-annotations/3.3.1/hadoop-annotations-3.3.1.jar:/usr/lib/jvm/adoptopenjdk-8-hotspot-amd64/jre/../lib/tools.jar:/home/runner/.m2/repository/org/apache/hadoop/hadoop-distcp/3.3.1/hadoop-distcp-3.3.1-tests.jar:/home/runner/.m2/repository/org/apache/ratis/ratis-common/2.2.0/ratis-common-2.2.0.jar:/home/runner/.m2/repository/org/apache/ratis/ratis-thirdparty-misc/0.7.0/ratis-thirdparty-misc-0.7.0.jar:/home/runner/.m2/repository/org/apache/ratis/ratis-proto/2.2.0/ratis-proto-2.2.0.jar:"/>
    <property name="java.vm.vendor" value="AdoptOpenJDK"/>
    <property name="sun.arch.data.model" value="64"/>
    <property name="test.build.dir" value="/home/runner/work/ozone/ozone/hadoop-ozone/integration-test/target/test-dir"/>
    <property name="test.cache.data" value=""/>
    <property name="java.vendor.url" value="https://adoptopenjdk.net/"/>
    <property name="user.timezone" value=""/>
    <property name="java.vm.specification.version" value="1.8"/>
    <property name="os.name" value="Linux"/>
    <property name="test.build.data" value="/home/runner/work/ozone/ozone/hadoop-ozone/integration-test/target/test-dir"/>
    <property name="sun.java.launcher" value="SUN_STANDARD"/>
    <property name="sun.boot.library.path" value="/usr/lib/jvm/adoptopenjdk-8-hotspot-amd64/jre/lib/amd64"/>
    <property name="sun.java.command" value="/home/runner/work/ozone/ozone/hadoop-ozone/integration-test/target/surefire/surefirebooter3286715353926196103.jar /home/runner/work/ozone/ozone/hadoop-ozone/integration-test/target/surefire 2021-11-15T12-47-58_671-jvmRun1 surefire3791831591237446731tmp surefire_686814196486903167453tmp"/>
    <property name="surefire.test.class.path" value="/home/runner/work/ozone/ozone/hadoop-ozone/integration-test/target/test-classes:/home/runner/work/ozone/ozone/hadoop-ozone/integration-test/target/classes:/home/runner/.m2/repository/org/apache/ozone/ozone-common/1.2.0-SNAPSHOT/ozone-common-1.2.0-SNAPSHOT.jar:/home/runner/.m2/repository/org/apache/commons/commons-compress/1.21/commons-compress-1.21.jar:/home/runner/.m2/repository/org/apache/ozone/hdds-common/1.2.0-SNAPSHOT/hdds-common-1.2.0-SNAPSHOT.jar:/home/runner/.m2/repository/org/apache/ozone/hdds-client/1.2.0-SNAPSHOT/hdds-client-1.2.0-SNAPSHOT.jar:/home/runner/.m2/repository/org/apache/ozone/ozone-interface-client/1.2.0-SNAPSHOT/ozone-interface-client-1.2.0-SNAPSHOT.jar:/home/runner/.m2/repository/org/apache/ozone/hdds-test-utils/1.2.0-SNAPSHOT/hdds-test-utils-1.2.0-SNAPSHOT.jar:/home/runner/.m2/repository/com/google/guava/guava/30.1.1-jre/guava-30.1.1-jre.jar:/home/runner/.m2/repository/com/google/guava/failureaccess/1.0.1/failureaccess-1.0.1.jar:/home/runner/.m2/repository/com/google/guava/listenablefuture/9999.0-empty-to-avoid-conflict-with-guava/listenablefuture-9999.0-empty-to-avoid-conflict-with-guava.jar:/home/runner/.m2/repository/com/google/code/findbugs/jsr305/3.0.0/jsr305-3.0.0.jar:/home/runner/.m2/repository/org/checkerframework/checker-qual/3.8.0/checker-qual-3.8.0.jar:/home/runner/.m2/repository/com/google/errorprone/error_prone_annotations/2.2.0/error_prone_annotations-2.2.0.jar:/home/runner/.m2/repository/com/google/j2objc/j2objc-annotations/1.3/j2objc-annotations-1.3.jar:/home/runner/.m2/repository/commons-io/commons-io/2.11.0/commons-io-2.11.0.jar:/home/runner/.m2/repository/commons-logging/commons-logging/1.2/commons-logging-1.2.jar:/home/runner/.m2/repository/log4j/log4j/1.2.17/log4j-1.2.17.jar:/home/runner/.m2/repository/org/slf4j/slf4j-api/1.7.30/slf4j-api-1.7.30.jar:/home/runner/.m2/repository/org/apache/ozone/hdds-server-scm/1.2.0-SNAPSHOT/hdds-server-scm-1.2.0-SNAPSHOT.jar:/home/runner/.m2/repository/org/apache/ozone/hdds-container-service/1.2.0-SNAPSHOT/hdds-container-service-1.2.0-SNAPSHOT.jar:/home/runner/.m2/repository/org/apache/ozone/hdds-hadoop-dependency-server/1.2.0-SNAPSHOT/hdds-hadoop-dependency-server-1.2.0-SNAPSHOT.jar:/home/runner/.m2/repository/org/apache/hadoop/hadoop-hdfs/3.3.1/hadoop-hdfs-3.3.1.jar:/home/runner/.m2/repository/org/apache/ozone/hdds-server-framework/1.2.0-SNAPSHOT/hdds-server-framework-1.2.0-SNAPSHOT.jar:/home/runner/.m2/repository/org/apache/ozone/hdds-interface-server/1.2.0-SNAPSHOT/hdds-interface-server-1.2.0-SNAPSHOT.jar:/home/runner/.m2/repository/org/eclipse/jetty/jetty-servlet/9.4.43.v20210629/jetty-servlet-9.4.43.v20210629.jar:/home/runner/.m2/repository/org/eclipse/jetty/jetty-security/9.4.43.v20210629/jetty-security-9.4.43.v20210629.jar:/home/runner/.m2/repository/org/rocksdb/rocksdbjni/6.25.3/rocksdbjni-6.25.3.jar:/home/runner/.m2/repository/io/prometheus/simpleclient_dropwizard/0.7.0/simpleclient_dropwizard-0.7.0.jar:/home/runner/.m2/repository/io/prometheus/simpleclient/0.7.0/simpleclient-0.7.0.jar:/home/runner/.m2/repository/io/prometheus/simpleclient_common/0.7.0/simpleclient_common-0.7.0.jar:/home/runner/.m2/repository/com/fasterxml/jackson/datatype/jackson-datatype-jsr310/2.12.1/jackson-datatype-jsr310-2.12.1.jar:/home/runner/.m2/repository/io/dropwizard/metrics/metrics-core/3.2.4/metrics-core-3.2.4.jar:/home/runner/.m2/repository/org/apache/hadoop/hadoop-hdfs-client/3.3.1/hadoop-hdfs-client-3.3.1.jar:/home/runner/.m2/repository/org/bouncycastle/bcprov-jdk15on/1.67/bcprov-jdk15on-1.67.jar:/home/runner/.m2/repository/com/google/protobuf/protobuf-java/2.5.0/protobuf-java-2.5.0.jar:/home/runner/.m2/repository/org/apache/ozone/ozone-manager/1.2.0-SNAPSHOT/ozone-manager-1.2.0-SNAPSHOT.jar:/home/runner/.m2/repository/org/aspectj/aspectjrt/1.9.7/aspectjrt-1.9.7.jar:/home/runner/.m2/repository/org/aspectj/aspectjweaver/1.9.7/aspectjweaver-1.9.7.jar:/home/runner/.m2/repository/org/apache/ozone/hdds-interface-client/1.2.0-SNAPSHOT/hdds-interface-client-1.2.0-SNAPSHOT.jar:/home/runner/.m2/repository/org/apache/hadoop/thirdparty/hadoop-shaded-protobuf_3_7/1.1.1/hadoop-shaded-protobuf_3_7-1.1.1.jar:/home/runner/.m2/repository/org/apache/ozone/ozone-interface-storage/1.2.0-SNAPSHOT/ozone-interface-storage-1.2.0-SNAPSHOT.jar:/home/runner/.m2/repository/org/reflections/reflections/0.9.11/reflections-0.9.11.jar:/home/runner/.m2/repository/org/apache/hadoop/hadoop-minikdc/3.3.1/hadoop-minikdc-3.3.1.jar:/home/runner/.m2/repository/org/apache/kerby/kerb-simplekdc/1.0.1/kerb-simplekdc-1.0.1.jar:/home/runner/.m2/repository/org/apache/kerby/kerb-client/1.0.1/kerb-client-1.0.1.jar:/home/runner/.m2/repository/org/apache/kerby/kerby-config/1.0.1/kerby-config-1.0.1.jar:/home/runner/.m2/repository/org/apache/kerby/kerb-common/1.0.1/kerb-common-1.0.1.jar:/home/runner/.m2/repository/org/apache/kerby/kerb-crypto/1.0.1/kerb-crypto-1.0.1.jar:/home/runner/.m2/repository/org/apache/kerby/kerb-util/1.0.1/kerb-util-1.0.1.jar:/home/runner/.m2/repository/org/apache/kerby/token-provider/1.0.1/token-provider-1.0.1.jar:/home/runner/.m2/repository/org/apache/kerby/kerb-admin/1.0.1/kerb-admin-1.0.1.jar:/home/runner/.m2/repository/org/apache/kerby/kerb-server/1.0.1/kerb-server-1.0.1.jar:/home/runner/.m2/repository/org/apache/kerby/kerb-identity/1.0.1/kerb-identity-1.0.1.jar:/home/runner/.m2/repository/org/apache/kerby/kerby-xdr/1.0.1/kerby-xdr-1.0.1.jar:/home/runner/.m2/repository/org/slf4j/slf4j-log4j12/1.7.30/slf4j-log4j12-1.7.30.jar:/home/runner/.m2/repository/org/apache/ozone/ozone-s3gateway/1.2.0-SNAPSHOT/ozone-s3gateway-1.2.0-SNAPSHOT.jar:/home/runner/.m2/repository/org/javassist/javassist/3.21.0-GA/javassist-3.21.0-GA.jar:/home/runner/.m2/repository/org/jboss/weld/servlet/weld-servlet/2.4.7.Final/weld-servlet-2.4.7.Final.jar:/home/runner/.m2/repository/org/glassfish/jersey/containers/jersey-container-servlet-core/2.33/jersey-container-servlet-core-2.33.jar:/home/runner/.m2/repository/org/glassfish/hk2/external/jakarta.inject/2.6.1/jakarta.inject-2.6.1.jar:/home/runner/.m2/repository/org/glassfish/jersey/core/jersey-common/2.33/jersey-common-2.33.jar:/home/runner/.m2/repository/jakarta/ws/rs/jakarta.ws.rs-api/2.1.6/jakarta.ws.rs-api-2.1.6.jar:/home/runner/.m2/repository/org/glassfish/jersey/ext/cdi/jersey-cdi1x/2.33/jersey-cdi1x-2.33.jar:/home/runner/.m2/repository/org/glassfish/jersey/inject/jersey-hk2/2.33/jersey-hk2-2.33.jar:/home/runner/.m2/repository/org/glassfish/hk2/hk2-locator/2.6.1/hk2-locator-2.6.1.jar:/home/runner/.m2/repository/org/glassfish/jersey/media/jersey-media-jaxb/2.33/jersey-media-jaxb-2.33.jar:/home/runner/.m2/repository/org/glassfish/hk2/osgi-resource-locator/1.0.3/osgi-resource-locator-1.0.3.jar:/home/runner/.m2/repository/org/glassfish/hk2/hk2-api/2.5.0/hk2-api-2.5.0.jar:/home/runner/.m2/repository/org/glassfish/hk2/hk2-utils/2.5.0/hk2-utils-2.5.0.jar:/home/runner/.m2/repository/org/glassfish/hk2/external/aopalliance-repackaged/2.5.0/aopalliance-repackaged-2.5.0.jar:/home/runner/.m2/repository/com/fasterxml/jackson/dataformat/jackson-dataformat-xml/2.12.1/jackson-dataformat-xml-2.12.1.jar:/home/runner/.m2/repository/com/fasterxml/jackson/core/jackson-core/2.12.1/jackson-core-2.12.1.jar:/home/runner/.m2/repository/com/fasterxml/jackson/module/jackson-module-jaxb-annotations/2.12.1/jackson-module-jaxb-annotations-2.12.1.jar:/home/runner/.m2/repository/jakarta/xml/bind/jakarta.xml.bind-api/2.3.2/jakarta.xml.bind-api-2.3.2.jar:/home/runner/.m2/repository/org/codehaus/woodstox/stax2-api/3.1.4/stax2-api-3.1.4.jar:/home/runner/.m2/repository/com/fasterxml/woodstox/woodstox-core/5.0.3/woodstox-core-5.0.3.jar:/home/runner/.m2/repository/javax/enterprise/cdi-api/1.2/cdi-api-1.2.jar:/home/runner/.m2/repository/javax/el/javax.el-api/3.0.0/javax.el-api-3.0.0.jar:/home/runner/.m2/repository/javax/interceptor/javax.interceptor-api/1.2/javax.interceptor-api-1.2.jar:/home/runner/.m2/repository/javax/inject/javax.inject/1/javax.inject-1.jar:/home/runner/.m2/repository/javax/xml/bind/jaxb-api/2.3.0/jaxb-api-2.3.0.jar:/home/runner/.m2/repository/org/glassfish/jaxb/jaxb-runtime/2.3.0.1/jaxb-runtime-2.3.0.1.jar:/home/runner/.m2/repository/org/glassfish/jaxb/jaxb-core/2.3.0.1/jaxb-core-2.3.0.1.jar:/home/runner/.m2/repository/org/glassfish/jaxb/txw2/2.3.0.1/txw2-2.3.0.1.jar:/home/runner/.m2/repository/com/sun/istack/istack-commons-runtime/3.0.5/istack-commons-runtime-3.0.5.jar:/home/runner/.m2/repository/org/jvnet/staxex/stax-ex/1.7.8/stax-ex-1.7.8.jar:/home/runner/.m2/repository/com/sun/xml/fastinfoset/FastInfoset/1.2.13/FastInfoset-1.2.13.jar:/home/runner/.m2/repository/javax/activation/activation/1.1.1/activation-1.1.1.jar:/home/runner/.m2/repository/org/apache/ozone/ozone-csi/1.2.0-SNAPSHOT/ozone-csi-1.2.0-SNAPSHOT.jar:/home/runner/.m2/repository/com/google/protobuf/protobuf-java-util/3.12.0/protobuf-java-util-3.12.0.jar:/home/runner/.m2/repository/com/google/code/gson/gson/2.2.4/gson-2.2.4.jar:/home/runner/.m2/repository/org/apache/ozone/hdds-config/1.2.0-SNAPSHOT/hdds-config-1.2.0-SNAPSHOT.jar:/home/runner/.m2/repository/io/grpc/grpc-netty/1.33.0/grpc-netty-1.33.0.jar:/home/runner/.m2/repository/io/grpc/grpc-core/1.33.0/grpc-core-1.33.0.jar:/home/runner/.m2/repository/com/google/android/annotations/4.1.1.4/annotations-4.1.1.4.jar:/home/runner/.m2/repository/io/netty/netty-codec-http2/4.1.63.Final/netty-codec-http2-4.1.63.Final.jar:/home/runner/.m2/repository/io/netty/netty-codec-http/4.1.63.Final/netty-codec-http-4.1.63.Final.jar:/home/runner/.m2/repository/io/netty/netty-handler-proxy/4.1.63.Final/netty-handler-proxy-4.1.63.Final.jar:/home/runner/.m2/repository/io/netty/netty-codec-socks/4.1.63.Final/netty-codec-socks-4.1.63.Final.jar:/home/runner/.m2/repository/io/perfmark/perfmark-api/0.19.0/perfmark-api-0.19.0.jar:/home/runner/.m2/repository/org/codehaus/mojo/animal-sniffer-annotations/1.18/animal-sniffer-annotations-1.18.jar:/home/runner/.m2/repository/io/netty/netty-transport-native-epoll/4.1.63.Final/netty-transport-native-epoll-4.1.63.Final.jar:/home/runner/.m2/repository/io/netty/netty-common/4.1.63.Final/netty-common-4.1.63.Final.jar:/home/runner/.m2/repository/io/netty/netty-buffer/4.1.63.Final/netty-buffer-4.1.63.Final.jar:/home/runner/.m2/repository/io/netty/netty-transport-native-unix-common/4.1.63.Final/netty-transport-native-unix-common-4.1.63.Final.jar:/home/runner/.m2/repository/io/grpc/grpc-protobuf/1.33.0/grpc-protobuf-1.33.0.jar:/home/runner/.m2/repository/io/grpc/grpc-api/1.33.0/grpc-api-1.33.0.jar:/home/runner/.m2/repository/io/grpc/grpc-context/1.33.0/grpc-context-1.33.0.jar:/home/runner/.m2/repository/com/google/api/grpc/proto-google-common-protos/1.17.0/proto-google-common-protos-1.17.0.jar:/home/runner/.m2/repository/io/grpc/grpc-protobuf-lite/1.33.0/grpc-protobuf-lite-1.33.0.jar:/home/runner/.m2/repository/io/grpc/grpc-stub/1.33.0/grpc-stub-1.33.0.jar:/home/runner/.m2/repository/org/apache/ozone/ozone-recon/1.2.0-SNAPSHOT/ozone-recon-1.2.0-SNAPSHOT.jar:/home/runner/.m2/repository/org/apache/ozone/ozone-reconcodegen/1.2.0-SNAPSHOT/ozone-reconcodegen-1.2.0-SNAPSHOT.jar:/home/runner/.m2/repository/com/google/inject/extensions/guice-multibindings/4.0/guice-multibindings-4.0.jar:/home/runner/.m2/repository/com/google/inject/guice/4.0/guice-4.0.jar:/home/runner/.m2/repository/aopalliance/aopalliance/1.0/aopalliance-1.0.jar:/home/runner/.m2/repository/com/google/inject/extensions/guice-assistedinject/4.0/guice-assistedinject-4.0.jar:/home/runner/.m2/repository/com/google/inject/extensions/guice-servlet/4.0/guice-servlet-4.0.jar:/home/runner/.m2/repository/org/glassfish/jersey/containers/jersey-container-servlet/2.33/jersey-container-servlet-2.33.jar:/home/runner/.m2/repository/org/glassfish/hk2/guice-bridge/2.5.0/guice-bridge-2.5.0.jar:/home/runner/.m2/repository/org/glassfish/jersey/core/jersey-server/2.33/jersey-server-2.33.jar:/home/runner/.m2/repository/org/glassfish/jersey/core/jersey-client/2.33/jersey-client-2.33.jar:/home/runner/.m2/repository/jakarta/annotation/jakarta.annotation-api/1.3.5/jakarta.annotation-api-1.3.5.jar:/home/runner/.m2/repository/jakarta/validation/jakarta.validation-api/2.0.2/jakarta.validation-api-2.0.2.jar:/home/runner/.m2/repository/org/glassfish/jersey/media/jersey-media-json-jackson/2.33/jersey-media-json-jackson-2.33.jar:/home/runner/.m2/repository/org/glassfish/jersey/ext/jersey-entity-filtering/2.33/jersey-entity-filtering-2.33.jar:/home/runner/.m2/repository/org/jooq/jooq/3.11.10/jooq-3.11.10.jar:/home/runner/.m2/repository/org/jooq/jooq-meta/3.11.10/jooq-meta-3.11.10.jar:/home/runner/.m2/repository/org/jooq/jooq-codegen/3.11.10/jooq-codegen-3.11.10.jar:/home/runner/.m2/repository/com/jolbox/bonecp/0.8.0.RELEASE/bonecp-0.8.0.RELEASE.jar:/home/runner/.m2/repository/org/apache/derby/derby/10.14.2.0/derby-10.14.2.0.jar:/home/runner/.m2/repository/org/xerial/sqlite-jdbc/3.25.2/sqlite-jdbc-3.25.2.jar:/home/runner/.m2/repository/org/springframework/spring-jdbc/5.2.18.RELEASE/spring-jdbc-5.2.18.RELEASE.jar:/home/runner/.m2/repository/org/springframework/spring-beans/5.2.18.RELEASE/spring-beans-5.2.18.RELEASE.jar:/home/runner/.m2/repository/org/springframework/spring-core/5.2.18.RELEASE/spring-core-5.2.18.RELEASE.jar:/home/runner/.m2/repository/org/springframework/spring-jcl/5.2.18.RELEASE/spring-jcl-5.2.18.RELEASE.jar:/home/runner/.m2/repository/org/springframework/spring-tx/5.2.18.RELEASE/spring-tx-5.2.18.RELEASE.jar:/home/runner/.m2/repository/org/apache/ozone/ozone-client/1.2.0-SNAPSHOT/ozone-client-1.2.0-SNAPSHOT.jar:/home/runner/.m2/repository/org/apache/ozone/ozone-filesystem/1.2.0-SNAPSHOT/ozone-filesystem-1.2.0-SNAPSHOT.jar:/home/runner/.m2/repository/org/apache/ozone/ozone-filesystem-common/1.2.0-SNAPSHOT/ozone-filesystem-common-1.2.0-SNAPSHOT.jar:/home/runner/.m2/repository/org/apache/ozone/ozone-tools/1.2.0-SNAPSHOT/ozone-tools-1.2.0-SNAPSHOT.jar:/home/runner/.m2/repository/org/apache/ratis/ratis-tools/2.2.0/ratis-tools-2.2.0.jar:/home/runner/.m2/repository/com/amazonaws/aws-java-sdk-core/1.11.1034/aws-java-sdk-core-1.11.1034.jar:/home/runner/.m2/repository/org/apache/httpcomponents/httpclient/4.5.13/httpclient-4.5.13.jar:/home/runner/.m2/repository/org/apache/httpcomponents/httpcore/4.4.13/httpcore-4.4.13.jar:/home/runner/.m2/repository/software/amazon/ion/ion-java/1.0.2/ion-java-1.0.2.jar:/home/runner/.m2/repository/com/fasterxml/jackson/dataformat/jackson-dataformat-cbor/2.12.1/jackson-dataformat-cbor-2.12.1.jar:/home/runner/.m2/repository/joda-time/joda-time/2.8.1/joda-time-2.8.1.jar:/home/runner/.m2/repository/com/amazonaws/aws-java-sdk-s3/1.11.1034/aws-java-sdk-s3-1.11.1034.jar:/home/runner/.m2/repository/com/amazonaws/aws-java-sdk-kms/1.11.1034/aws-java-sdk-kms-1.11.1034.jar:/home/runner/.m2/repository/com/amazonaws/jmespath-java/1.11.1034/jmespath-java-1.11.1034.jar:/home/runner/.m2/repository/org/kohsuke/metainf-services/metainf-services/1.8/metainf-services-1.8.jar:/home/runner/.m2/repository/org/apache/ozone/hdds-tools/1.2.0-SNAPSHOT/hdds-tools-1.2.0-SNAPSHOT.jar:/home/runner/.m2/repository/commons-cli/commons-cli/1.2/commons-cli-1.2.jar:/home/runner/.m2/repository/org/apache/commons/commons-lang3/3.7/commons-lang3-3.7.jar:/home/runner/.m2/repository/org/apache/ozone/ozone-manager/1.2.0-SNAPSHOT/ozone-manager-1.2.0-SNAPSHOT-tests.jar:/home/runner/.m2/repository/org/apache/ozone/hdds-common/1.2.0-SNAPSHOT/hdds-common-1.2.0-SNAPSHOT-tests.jar:/home/runner/.m2/repository/org/apache/ozone/hdds-hadoop-dependency-client/1.2.0-SNAPSHOT/hdds-hadoop-dependency-client-1.2.0-SNAPSHOT.jar:/home/runner/.m2/repository/info/picocli/picocli/4.6.1/picocli-4.6.1.jar:/home/runner/.m2/repository/com/fasterxml/jackson/core/jackson-annotations/2.12.1/jackson-annotations-2.12.1.jar:/home/runner/.m2/repository/javax/annotation/javax.annotation-api/1.2/javax.annotation-api-1.2.jar:/home/runner/.m2/repository/org/apache/ratis/ratis-server/2.2.0/ratis-server-2.2.0.jar:/home/runner/.m2/repository/org/apache/ratis/ratis-client/2.2.0/ratis-client-2.2.0.jar:/home/runner/.m2/repository/org/apache/ratis/ratis-server-api/2.2.0/ratis-server-api-2.2.0.jar:/home/runner/.m2/repository/org/apache/ratis/ratis-metrics/2.2.0/ratis-metrics-2.2.0.jar:/home/runner/.m2/repository/org/apache/ratis/ratis-netty/2.2.0/ratis-netty-2.2.0.jar:/home/runner/.m2/repository/org/apache/ratis/ratis-grpc/2.2.0/ratis-grpc-2.2.0.jar:/home/runner/.m2/repository/org/apache/logging/log4j/log4j-api/2.13.3/log4j-api-2.13.3.jar:/home/runner/.m2/repository/org/apache/logging/log4j/log4j-core/2.13.3/log4j-core-2.13.3.jar:/home/runner/.m2/repository/com/lmax/disruptor/3.4.2/disruptor-3.4.2.jar:/home/runner/.m2/repository/org/apache/commons/commons-pool2/2.6.0/commons-pool2-2.6.0.jar:/home/runner/.m2/repository/org/bouncycastle/bcpkix-jdk15on/1.67/bcpkix-jdk15on-1.67.jar:/home/runner/.m2/repository/commons-validator/commons-validator/1.6/commons-validator-1.6.jar:/home/runner/.m2/repository/commons-beanutils/commons-beanutils/1.9.4/commons-beanutils-1.9.4.jar:/home/runner/.m2/repository/commons-digester/commons-digester/1.8.1/commons-digester-1.8.1.jar:/home/runner/.m2/repository/commons-collections/commons-collections/3.2.2/commons-collections-3.2.2.jar:/home/runner/.m2/repository/io/jaegertracing/jaeger-client/1.6.0/jaeger-client-1.6.0.jar:/home/runner/.m2/repository/io/jaegertracing/jaeger-thrift/1.6.0/jaeger-thrift-1.6.0.jar:/home/runner/.m2/repository/org/apache/thrift/libthrift/0.14.1/libthrift-0.14.1.jar:/home/runner/.m2/repository/com/squareup/okhttp3/okhttp/4.9.0/okhttp-4.9.0.jar:/home/runner/.m2/repository/com/squareup/okio/okio/2.8.0/okio-2.8.0.jar:/home/runner/.m2/repository/io/jaegertracing/jaeger-core/1.6.0/jaeger-core-1.6.0.jar:/home/runner/.m2/repository/io/jaegertracing/jaeger-tracerresolver/1.6.0/jaeger-tracerresolver-1.6.0.jar:/home/runner/.m2/repository/io/opentracing/contrib/opentracing-tracerresolver/0.1.8/opentracing-tracerresolver-0.1.8.jar:/home/runner/.m2/repository/org/jetbrains/kotlin/kotlin-stdlib/1.4.31/kotlin-stdlib-1.4.31.jar:/home/runner/.m2/repository/org/jetbrains/kotlin/kotlin-stdlib-common/1.4.31/kotlin-stdlib-common-1.4.31.jar:/home/runner/.m2/repository/org/jetbrains/annotations/13.0/annotations-13.0.jar:/home/runner/.m2/repository/io/opentracing/opentracing-util/0.33.0/opentracing-util-0.33.0.jar:/home/runner/.m2/repository/io/opentracing/opentracing-api/0.33.0/opentracing-api-0.33.0.jar:/home/runner/.m2/repository/io/opentracing/opentracing-noop/0.33.0/opentracing-noop-0.33.0.jar:/home/runner/.m2/repository/org/yaml/snakeyaml/1.26/snakeyaml-1.26.jar:/home/runner/.m2/repository/org/apache/ozone/hdds-interface-admin/1.2.0-SNAPSHOT/hdds-interface-admin-1.2.0-SNAPSHOT.jar:/home/runner/.m2/repository/junit/junit/4.13.1/junit-4.13.1.jar:/home/runner/.m2/repository/org/hamcrest/hamcrest-core/1.3/hamcrest-core-1.3.jar:/home/runner/.m2/repository/org/junit/jupiter/junit-jupiter-api/5.7.0/junit-jupiter-api-5.7.0.jar:/home/runner/.m2/repository/org/apiguardian/apiguardian-api/1.1.0/apiguardian-api-1.1.0.jar:/home/runner/.m2/repository/org/opentest4j/opentest4j/1.2.0/opentest4j-1.2.0.jar:/home/runner/.m2/repository/org/junit/platform/junit-platform-commons/1.7.0/junit-platform-commons-1.7.0.jar:/home/runner/.m2/repository/org/junit/jupiter/junit-jupiter-engine/5.7.0/junit-jupiter-engine-5.7.0.jar:/home/runner/.m2/repository/org/junit/platform/junit-platform-engine/1.7.0/junit-platform-engine-1.7.0.jar:/home/runner/.m2/repository/org/junit/vintage/junit-vintage-engine/5.7.0/junit-vintage-engine-5.7.0.jar:/home/runner/.m2/repository/org/junit/platform/junit-platform-launcher/1.7.0/junit-platform-launcher-1.7.0.jar:/home/runner/.m2/repository/org/openjdk/jmh/jmh-core/1.19/jmh-core-1.19.jar:/home/runner/.m2/repository/net/sf/jopt-simple/jopt-simple/4.6/jopt-simple-4.6.jar:/home/runner/.m2/repository/org/apache/commons/commons-math3/3.1.1/commons-math3-3.1.1.jar:/home/runner/.m2/repository/org/openjdk/jmh/jmh-generator-annprocess/1.19/jmh-generator-annprocess-1.19.jar:/home/runner/.m2/repository/org/mockito/mockito-core/2.28.2/mockito-core-2.28.2.jar:/home/runner/.m2/repository/net/bytebuddy/byte-buddy/1.9.10/byte-buddy-1.9.10.jar:/home/runner/.m2/repository/net/bytebuddy/byte-buddy-agent/1.9.10/byte-buddy-agent-1.9.10.jar:/home/runner/.m2/repository/org/objenesis/objenesis/1.0/objenesis-1.0.jar:/home/runner/.m2/repository/org/apache/hadoop/hadoop-kms/3.3.1/hadoop-kms-3.3.1.jar:/home/runner/.m2/repository/org/apache/hadoop/hadoop-auth/3.3.1/hadoop-auth-3.3.1.jar:/home/runner/.m2/repository/com/nimbusds/nimbus-jose-jwt/7.9/nimbus-jose-jwt-7.9.jar:/home/runner/.m2/repository/com/github/stephenc/jcip/jcip-annotations/1.0-1/jcip-annotations-1.0-1.jar:/home/runner/.m2/repository/net/minidev/json-smart/2.3.1/json-smart-2.3.1.jar:/home/runner/.m2/repository/net/minidev/accessors-smart/2.3.1/accessors-smart-2.3.1.jar:/home/runner/.m2/repository/org/ow2/asm/asm/5.0.4/asm-5.0.4.jar:/home/runner/.m2/repository/org/apache/zookeeper/zookeeper/3.5.6/zookeeper-3.5.6.jar:/home/runner/.m2/repository/org/apache/zookeeper/zookeeper-jute/3.5.6/zookeeper-jute-3.5.6.jar:/home/runner/.m2/repository/org/apache/yetus/audience-annotations/0.5.0/audience-annotations-0.5.0.jar:/home/runner/.m2/repository/org/apache/curator/curator-framework/4.2.0/curator-framework-4.2.0.jar:/home/runner/.m2/repository/org/apache/hadoop/thirdparty/hadoop-shaded-guava/1.1.1/hadoop-shaded-guava-1.1.1.jar:/home/runner/.m2/repository/com/sun/jersey/jersey-core/1.19/jersey-core-1.19.jar:/home/runner/.m2/repository/javax/ws/rs/jsr311-api/1.1.1/jsr311-api-1.1.1.jar:/home/runner/.m2/repository/com/sun/jersey/jersey-server/1.19/jersey-server-1.19.jar:/home/runner/.m2/repository/javax/servlet/javax.servlet-api/3.1.0/javax.servlet-api-3.1.0.jar:/home/runner/.m2/repository/org/eclipse/jetty/jetty-server/9.4.43.v20210629/jetty-server-9.4.43.v20210629.jar:/home/runner/.m2/repository/org/eclipse/jetty/jetty-http/9.4.43.v20210629/jetty-http-9.4.43.v20210629.jar:/home/runner/.m2/repository/org/eclipse/jetty/jetty-io/9.4.43.v20210629/jetty-io-9.4.43.v20210629.jar:/home/runner/.m2/repository/org/eclipse/jetty/jetty-webapp/9.4.43.v20210629/jetty-webapp-9.4.43.v20210629.jar:/home/runner/.m2/repository/org/eclipse/jetty/jetty-xml/9.4.43.v20210629/jetty-xml-9.4.43.v20210629.jar:/home/runner/.m2/repository/org/apache/hadoop/hadoop-common/3.3.1/hadoop-common-3.3.1.jar:/home/runner/.m2/repository/commons-net/commons-net/3.6/commons-net-3.6.jar:/home/runner/.m2/repository/jakarta/activation/jakarta.activation-api/1.2.1/jakarta.activation-api-1.2.1.jar:/home/runner/.m2/repository/com/sun/jersey/jersey-servlet/1.19/jersey-servlet-1.19.jar:/home/runner/.m2/repository/com/sun/jersey/jersey-json/1.19/jersey-json-1.19.jar:/home/runner/.m2/repository/org/codehaus/jettison/jettison/1.1/jettison-1.1.jar:/home/runner/.m2/repository/com/sun/xml/bind/jaxb-impl/2.2.3-1/jaxb-impl-2.2.3-1.jar:/home/runner/.m2/repository/org/codehaus/jackson/jackson-jaxrs/1.9.2/jackson-jaxrs-1.9.2.jar:/home/runner/.m2/repository/org/codehaus/jackson/jackson-xc/1.9.2/jackson-xc-1.9.2.jar:/home/runner/.m2/repository/org/apache/commons/commons-configuration2/2.1.1/commons-configuration2-2.1.1.jar:/home/runner/.m2/repository/org/apache/commons/commons-text/1.4/commons-text-1.4.jar:/home/runner/.m2/repository/com/google/re2j/re2j/1.1/re2j-1.1.jar:/home/runner/.m2/repository/com/jcraft/jsch/0.1.54/jsch-0.1.54.jar:/home/runner/.m2/repository/org/apache/curator/curator-client/4.2.0/curator-client-4.2.0.jar:/home/runner/.m2/repository/org/apache/curator/curator-recipes/4.2.0/curator-recipes-4.2.0.jar:/home/runner/.m2/repository/org/apache/kerby/kerb-core/1.0.1/kerb-core-1.0.1.jar:/home/runner/.m2/repository/org/apache/kerby/kerby-pkix/1.0.1/kerby-pkix-1.0.1.jar:/home/runner/.m2/repository/org/apache/kerby/kerby-asn1/1.0.1/kerby-asn1-1.0.1.jar:/home/runner/.m2/repository/org/apache/kerby/kerby-util/1.0.1/kerby-util-1.0.1.jar:/home/runner/.m2/repository/dnsjava/dnsjava/2.1.7/dnsjava-2.1.7.jar:/home/runner/.m2/repository/org/xerial/snappy/snappy-java/1.1.8.2/snappy-java-1.1.8.2.jar:/home/runner/.m2/repository/org/slf4j/jul-to-slf4j/1.7.30/jul-to-slf4j-1.7.30.jar:/home/runner/.m2/repository/org/eclipse/jetty/jetty-util/9.4.43.v20210629/jetty-util-9.4.43.v20210629.jar:/home/runner/.m2/repository/com/fasterxml/jackson/core/jackson-databind/2.12.1/jackson-databind-2.12.1.jar:/home/runner/.m2/repository/org/apache/hadoop/hadoop-kms/3.3.1/hadoop-kms-3.3.1-tests.jar:/home/runner/.m2/repository/org/apache/ozone/hdds-server-scm/1.2.0-SNAPSHOT/hdds-server-scm-1.2.0-SNAPSHOT-tests.jar:/home/runner/.m2/repository/org/apache/ozone/hdds-container-service/1.2.0-SNAPSHOT/hdds-container-service-1.2.0-SNAPSHOT-tests.jar:/home/runner/.m2/repository/commons-codec/commons-codec/1.11/commons-codec-1.11.jar:/home/runner/.m2/repository/io/netty/netty-transport/4.1.63.Final/netty-transport-4.1.63.Final.jar:/home/runner/.m2/repository/io/netty/netty-resolver/4.1.63.Final/netty-resolver-4.1.63.Final.jar:/home/runner/.m2/repository/io/netty/netty-codec/4.1.63.Final/netty-codec-4.1.63.Final.jar:/home/runner/.m2/repository/io/netty/netty-handler/4.1.63.Final/netty-handler-4.1.63.Final.jar:/home/runner/.m2/repository/org/apache/ozone/hdds-hadoop-dependency-test/1.2.0-SNAPSHOT/hdds-hadoop-dependency-test-1.2.0-SNAPSHOT.jar:/home/runner/.m2/repository/org/apache/hadoop/hadoop-common/3.3.1/hadoop-common-3.3.1-tests.jar:/home/runner/.m2/repository/org/assertj/assertj-core/3.12.2/assertj-core-3.12.2.jar:/home/runner/.m2/repository/org/apache/hadoop/hadoop-hdfs/3.3.1/hadoop-hdfs-3.3.1-tests.jar:/home/runner/.m2/repository/org/eclipse/jetty/jetty-util-ajax/9.4.43.v20210629/jetty-util-ajax-9.4.43.v20210629.jar:/home/runner/.m2/repository/commons-daemon/commons-daemon/1.0.13/commons-daemon-1.0.13.jar:/home/runner/.m2/repository/io/netty/netty/3.10.6.Final/netty-3.10.6.Final.jar:/home/runner/.m2/repository/io/netty/netty-all/4.1.63.Final/netty-all-4.1.63.Final.jar:/home/runner/.m2/repository/org/apache/htrace/htrace-core4/4.1.0-incubating/htrace-core4-4.1.0-incubating.jar:/home/runner/.m2/repository/org/fusesource/leveldbjni/leveldbjni-all/1.8/leveldbjni-all-1.8.jar:/home/runner/.m2/repository/org/apache/hadoop/hadoop-distcp/3.3.1/hadoop-distcp-3.3.1.jar:/home/runner/.m2/repository/org/apache/hadoop/hadoop-mapreduce-client-jobclient/3.3.1/hadoop-mapreduce-client-jobclient-3.3.1.jar:/home/runner/.m2/repository/org/apache/hadoop/hadoop-mapreduce-client-common/3.3.1/hadoop-mapreduce-client-common-3.3.1.jar:/home/runner/.m2/repository/org/apache/hadoop/hadoop-yarn-common/3.3.1/hadoop-yarn-common-3.3.1.jar:/home/runner/.m2/repository/org/apache/hadoop/hadoop-yarn-api/3.3.1/hadoop-yarn-api-3.3.1.jar:/home/runner/.m2/repository/com/sun/jersey/jersey-client/1.19/jersey-client-1.19.jar:/home/runner/.m2/repository/com/sun/jersey/contribs/jersey-guice/1.19/jersey-guice-1.19.jar:/home/runner/.m2/repository/com/fasterxml/jackson/jaxrs/jackson-jaxrs-json-provider/2.12.1/jackson-jaxrs-json-provider-2.12.1.jar:/home/runner/.m2/repository/com/fasterxml/jackson/jaxrs/jackson-jaxrs-base/2.12.1/jackson-jaxrs-base-2.12.1.jar:/home/runner/.m2/repository/org/apache/hadoop/hadoop-yarn-client/3.3.1/hadoop-yarn-client-3.3.1.jar:/home/runner/.m2/repository/org/eclipse/jetty/websocket/websocket-client/9.4.40.v20210413/websocket-client-9.4.40.v20210413.jar:/home/runner/.m2/repository/org/eclipse/jetty/jetty-client/9.4.40.v20210413/jetty-client-9.4.40.v20210413.jar:/home/runner/.m2/repository/org/eclipse/jetty/websocket/websocket-common/9.4.40.v20210413/websocket-common-9.4.40.v20210413.jar:/home/runner/.m2/repository/org/eclipse/jetty/websocket/websocket-api/9.4.40.v20210413/websocket-api-9.4.40.v20210413.jar:/home/runner/.m2/repository/org/jline/jline/3.9.0/jline-3.9.0.jar:/home/runner/.m2/repository/org/apache/hadoop/hadoop-mapreduce-client-core/3.3.1/hadoop-mapreduce-client-core-3.3.1.jar:/home/runner/.m2/repository/org/apache/avro/avro/1.7.7/avro-1.7.7.jar:/home/runner/.m2/repository/org/codehaus/jackson/jackson-core-asl/1.9.13/jackson-core-asl-1.9.13.jar:/home/runner/.m2/repository/org/codehaus/jackson/jackson-mapper-asl/1.9.13/jackson-mapper-asl-1.9.13.jar:/home/runner/.m2/repository/com/thoughtworks/paranamer/paranamer/2.3/paranamer-2.3.jar:/home/runner/.m2/repository/org/apache/hadoop/hadoop-annotations/3.3.1/hadoop-annotations-3.3.1.jar:/usr/lib/jvm/adoptopenjdk-8-hotspot-amd64/jre/../lib/tools.jar:/home/runner/.m2/repository/org/apache/hadoop/hadoop-distcp/3.3.1/hadoop-distcp-3.3.1-tests.jar:/home/runner/.m2/repository/org/apache/ratis/ratis-common/2.2.0/ratis-common-2.2.0.jar:/home/runner/.m2/repository/org/apache/ratis/ratis-thirdparty-misc/0.7.0/ratis-thirdparty-misc-0.7.0.jar:/home/runner/.m2/repository/org/apache/ratis/ratis-proto/2.2.0/ratis-proto-2.2.0.jar:"/>
    <property name="sun.cpu.endian" value="little"/>
    <property name="user.home" value="/home/runner"/>
    <property name="user.language" value="en"/>
    <property name="java.specification.vendor" value="Oracle Corporation"/>
    <property name="java.home" value="/usr/lib/jvm/adoptopenjdk-8-hotspot-amd64/jre"/>
    <property name="java.security.krb5.conf" value="/home/runner/work/ozone/ozone/hadoop-ozone/integration-test/target/test-classes/krb5.conf"/>
    <property name="basedir" value="/home/runner/work/ozone/ozone/hadoop-ozone/integration-test"/>
    <property name="file.separator" value="/"/>
    <property name="line.separator" value="&#10;"/>
    <property name="java.vm.specification.vendor" value="Oracle Corporation"/>
    <property name="java.specification.name" value="Java Platform API Specification"/>
    <property name="java.awt.graphicsenv" value="sun.awt.X11GraphicsEnvironment"/>
    <property name="skip.installnpx" value="true"/>
    <property name="surefire.real.class.path" value="/home/runner/work/ozone/ozone/hadoop-ozone/integration-test/target/surefire/surefirebooter3286715353926196103.jar:/home/runner/.m2/repository/org/jacoco/org.jacoco.agent/0.8.5/org.jacoco.agent-0.8.5-runtime.jar"/>
    <property name="hadoop.log.dir" value="/home/runner/work/ozone/ozone/hadoop-ozone/integration-test/target/log"/>
    <property name="sun.boot.class.path" value="/usr/lib/jvm/adoptopenjdk-8-hotspot-amd64/jre/lib/resources.jar:/usr/lib/jvm/adoptopenjdk-8-hotspot-amd64/jre/lib/rt.jar:/usr/lib/jvm/adoptopenjdk-8-hotspot-amd64/jre/lib/sunrsasign.jar:/usr/lib/jvm/adoptopenjdk-8-hotspot-amd64/jre/lib/jsse.jar:/usr/lib/jvm/adoptopenjdk-8-hotspot-amd64/jre/lib/jce.jar:/usr/lib/jvm/adoptopenjdk-8-hotspot-amd64/jre/lib/charsets.jar:/usr/lib/jvm/adoptopenjdk-8-hotspot-amd64/jre/lib/jfr.jar:/usr/lib/jvm/adoptopenjdk-8-hotspot-amd64/jre/classes"/>
    <property name="sun.management.compiler" value="HotSpot 64-Bit Tiered Compilers"/>
    <property name="skip.npx" value="true"/>
    <property name="java.runtime.version" value="1.8.0_292-b10"/>
    <property name="java.net.preferIPv4Stack" value="true"/>
    <property name="user.name" value="runner"/>
    <property name="path.separator" value=":"/>
    <property name="java.security.egd" value="file:///dev/urandom"/>
    <property name="os.version" value="5.4.0-1062-azure"/>
    <property name="java.endorsed.dirs" value="/usr/lib/jvm/adoptopenjdk-8-hotspot-amd64/jre/lib/endorsed"/>
    <property name="java.runtime.name" value="OpenJDK Runtime Environment"/>
    <property name="file.encoding" value="UTF-8"/>
    <property name="java.vm.name" value="OpenJDK 64-Bit Server VM"/>
    <property name="test.build.webapps" value=""/>
    <property name="localRepository" value="/home/runner/.m2/repository"/>
    <property name="java.vendor.url.bug" value="https://github.com/AdoptOpenJDK/openjdk-support/issues"/>
    <property name="java.io.tmpdir" value="/tmp"/>
    <property name="require.test.libhadoop" value=""/>
    <property name="java.version" value="1.8.0_292"/>
    <property name="user.dir" value="/home/runner/work/ozone/ozone/hadoop-ozone/integration-test"/>
    <property name="os.arch" value="amd64"/>
    <property name="java.vm.specification.name" value="Java Virtual Machine Specification"/>
    <property name="test.build.classes" value="/home/runner/work/ozone/ozone/hadoop-ozone/integration-test/target/test-classes"/>
    <property name="java.awt.printerjob" value="sun.print.PSPrinterJob"/>
    <property name="sun.os.patch.level" value="unknown"/>
    <property name="hadoop.tmp.dir" value="/home/runner/work/ozone/ozone/hadoop-ozone/integration-test/target/tmp"/>
    <property name="java.library.path" value="/usr/java/packages/lib/amd64:/usr/lib64:/lib64:/lib:/usr/lib"/>
    <property name="java.vm.info" value="mixed mode"/>
    <property name="java.vendor" value="AdoptOpenJDK"/>
    <property name="java.vm.version" value="25.292-b10"/>
    <property name="java.ext.dirs" value="/usr/lib/jvm/adoptopenjdk-8-hotspot-amd64/jre/lib/ext:/usr/java/packages/lib/ext"/>
    <property name="sun.io.unicode.encoding" value="UnicodeLittle"/>
    <property name="java.class.version" value="52.0"/>
  </properties>
  <testcase name="testPrepareFailsWhenTwoOmsAreDown" classname="org.apache.hadoop.ozone.om.TestOzoneManagerPrepare" time="0">
    <skipped message="Saving on CI time since this is a pessimistic test. We should not be able to do anything with 2 OMs down."/>
    <system-out><![CDATA[2021-11-15 13:52:45,079 [main] WARN  server.ServerUtils (ServerUtils.java:getScmDbDir(148)) - ozone.scm.db.dirs is not configured. We recommend adding this setting. Falling back to ozone.metadata.dirs instead.
2021-11-15 13:52:45,163 [main] INFO  ha.SCMHANodeDetails (SCMHANodeDetails.java:loadSCMHAConfig(157)) - ServiceID for StorageContainerManager is null
2021-11-15 13:52:45,163 [main] INFO  ha.SCMHANodeDetails (SCMHANodeDetails.java:loadSCMHAConfig(162)) - ozone.scm.default.service.id is not defined, falling back to ozone.scm.service.ids to find serviceID for StorageContainerManager if it is HA enabled cluster
2021-11-15 13:52:45,251 [main] WARN  server.ServerUtils (ServerUtils.java:getScmDbDir(148)) - ozone.scm.db.dirs is not configured. We recommend adding this setting. Falling back to ozone.metadata.dirs instead.
2021-11-15 13:52:45,254 [main] INFO  upgrade.AbstractLayoutVersionManager (AbstractLayoutVersionManager.java:init(79)) - Initializing Layout version manager with metadata layout = SCM_HA (version = 2), software layout = SCM_HA (version = 2)
2021-11-15 13:52:45,430 [main] INFO  reflections.Reflections (Reflections.java:scan(232)) - Reflections took 93 ms to scan 7 urls, producing 119 keys and 279 values 
2021-11-15 13:52:45,876 [main] WARN  utils.HAUtils (HAUtils.java:getMetaDir(342)) - ozone.scm.db.dirs is not configured. We recommend adding this setting. Falling back to ozone.metadata.dirs instead.
2021-11-15 13:52:45,985 [main] WARN  db.DBStoreBuilder (DBStoreBuilder.java:applyDBDefinition(145)) - ozone.scm.db.dirs is not configured. We recommend adding this setting. Falling back to ozone.metadata.dirs instead.
2021-11-15 13:52:46,113 [main] INFO  net.NodeSchemaLoader (NodeSchemaLoader.java:loadSchemaFromFile(129)) - Loading schema from [jar:file:/home/runner/.m2/repository/org/apache/ozone/hdds-common/1.2.0-SNAPSHOT/hdds-common-1.2.0-SNAPSHOT.jar!/network-topology-default.xml]
2021-11-15 13:52:46,114 [main] INFO  net.NodeSchemaLoader (NodeSchemaLoader.java:loadSchema(176)) - Loading network topology layer schema file
2021-11-15 13:52:46,147 [main] INFO  metrics.MetricRegistries (MetricRegistriesLoader.java:load(64)) - Loaded MetricRegistries class org.apache.ratis.metrics.impl.MetricRegistriesImpl
2021-11-15 13:52:46,159 [main] INFO  ha.SequenceIdGenerator (SequenceIdGenerator.java:upgradeToSequenceId(347)) - upgrade localId to 107544261427200000
2021-11-15 13:52:46,159 [main] INFO  ha.SequenceIdGenerator (SequenceIdGenerator.java:upgradeToSequenceId(357)) - upgrade delTxnId to 0
2021-11-15 13:52:46,162 [main] INFO  ha.SequenceIdGenerator (SequenceIdGenerator.java:upgradeToSequenceId(371)) - upgrade containerId to 0
2021-11-15 13:52:46,163 [main] INFO  ha.SequenceIdGenerator (SequenceIdGenerator.java:<init>(218)) - Init the HA SequenceIdGenerator.
2021-11-15 13:52:46,192 [main] WARN  server.ServerUtils (ServerUtils.java:sanitizeUserArgs(73)) - ozone.scm.stale.node.interval value = 300000 is larger than max = 100000 based on the key value of ozone.scm.heartbeat.thread.interval, reset to the max value 100000.
2021-11-15 13:52:46,192 [main] WARN  server.ServerUtils (ServerUtils.java:sanitizeUserArgs(73)) - ozone.scm.stale.node.interval value = 300000 is larger than max = 100000 based on the key value of ozone.scm.heartbeat.thread.interval, reset to the max value 100000.
2021-11-15 13:52:46,197 [main] INFO  node.SCMNodeManager (SCMNodeManager.java:<init>(144)) - Entering startup safe mode.
2021-11-15 13:52:46,238 [main] INFO  algorithms.ContainerPlacementPolicyFactory (ContainerPlacementPolicyFactory.java:getPolicy(60)) - Create container placement policy of type org.apache.hadoop.hdds.scm.container.placement.algorithms.SCMContainerPlacementRandom
2021-11-15 13:52:46,245 [main] INFO  pipeline.PipelineStateManagerImpl (PipelineStateManagerImpl.java:initialize(78)) - No pipeline exists in current db
2021-11-15 13:52:46,268 [main] INFO  algorithms.LeaderChoosePolicyFactory (LeaderChoosePolicyFactory.java:getPolicy(57)) - Create leader choose policy of type org.apache.hadoop.hdds.scm.pipeline.leader.choose.algorithms.MinLeaderCountChoosePolicy
2021-11-15 13:52:46,273 [main] INFO  ha.SCMServiceManager (SCMServiceManager.java:register(43)) - Registering service BackgroundPipelineCreator.
2021-11-15 13:52:46,273 [main] INFO  pipeline.BackgroundPipelineCreator (BackgroundPipelineCreator.java:start(130)) - Starting RatisPipelineUtilsThread.
2021-11-15 13:52:46,302 [main] INFO  algorithms.PipelineChoosePolicyFactory (PipelineChoosePolicyFactory.java:createPipelineChoosePolicyFromClass(73)) - Create pipeline choose policy of type org.apache.hadoop.hdds.scm.pipeline.choose.algorithms.RandomPipelineChoosePolicy
2021-11-15 13:52:46,314 [main] INFO  ha.SCMServiceManager (SCMServiceManager.java:register(43)) - Registering service SCMBlockDeletingService.
2021-11-15 13:52:46,333 [main] INFO  ha.SCMServiceManager (SCMServiceManager.java:register(43)) - Registering service ReplicationManager.
2021-11-15 13:52:46,334 [main] INFO  container.ReplicationManager (ReplicationManager.java:start(319)) - Starting Replication Monitor Thread.
2021-11-15 13:52:46,342 [ReplicationMonitor] INFO  container.ReplicationManager (ReplicationManager.java:processAll(371)) - Replication Monitor Thread took 1 milliseconds for processing 0 containers.
2021-11-15 13:52:46,343 [main] INFO  safemode.ContainerSafeModeRule (ContainerSafeModeRule.java:<init>(89)) - containers with one replica threshold count 0
2021-11-15 13:52:46,345 [main] INFO  safemode.HealthyPipelineSafeModeRule (HealthyPipelineSafeModeRule.java:initializeRule(156)) - Total pipeline count is 0, healthy pipeline threshold count is 1
2021-11-15 13:52:46,347 [main] INFO  safemode.OneReplicaPipelineSafeModeRule (OneReplicaPipelineSafeModeRule.java:initializeRule(180)) - Total pipeline count is 0, pipeline's with at least one datanode reported threshold count is 0
2021-11-15 13:52:46,672 [main] INFO  ipc.CallQueueManager (CallQueueManager.java:<init>(90)) - Using callQueue: class java.util.concurrent.LinkedBlockingQueue, queueCapacity: 2000, scheduler: class org.apache.hadoop.ipc.DefaultRpcScheduler, ipcBackoff: false.
2021-11-15 13:52:46,703 [Socket Reader #1 for port 0] INFO  ipc.Server (Server.java:run(1265)) - Starting Socket Reader #1 for port 0
2021-11-15 13:52:46,734 [Listener at 0.0.0.0/33991] INFO  ipc.CallQueueManager (CallQueueManager.java:<init>(90)) - Using callQueue: class java.util.concurrent.LinkedBlockingQueue, queueCapacity: 2000, scheduler: class org.apache.hadoop.ipc.DefaultRpcScheduler, ipcBackoff: false.
2021-11-15 13:52:46,734 [Socket Reader #1 for port 0] INFO  ipc.Server (Server.java:run(1265)) - Starting Socket Reader #1 for port 0
2021-11-15 13:52:46,747 [Listener at 0.0.0.0/39889] INFO  ipc.CallQueueManager (CallQueueManager.java:<init>(90)) - Using callQueue: class java.util.concurrent.LinkedBlockingQueue, queueCapacity: 2000, scheduler: class org.apache.hadoop.ipc.DefaultRpcScheduler, ipcBackoff: false.
2021-11-15 13:52:46,750 [Socket Reader #1 for port 0] INFO  ipc.Server (Server.java:run(1265)) - Starting Socket Reader #1 for port 0
2021-11-15 13:52:46,792 [Listener at 0.0.0.0/38523] INFO  algorithms.ContainerPlacementPolicyFactory (ContainerPlacementPolicyFactory.java:getPolicy(60)) - Create container placement policy of type org.apache.hadoop.hdds.scm.container.placement.algorithms.SCMContainerPlacementRandom
2021-11-15 13:52:46,796 [Listener at 0.0.0.0/38523] INFO  server.StorageContainerManager (StorageContainerManager.java:<init>(388)) - 
Container Balancer status:
Key                            Value
Running                        false
Container Balancer Configuration values:
Key                                                Value
Threshold                                          0.1
Max Datanodes to Involve per Iteration(ratio)      0.2
Max Size to Move per Iteration                     32212254720B

2021-11-15 13:52:46,797 [Listener at 0.0.0.0/38523] WARN  events.EventQueue (EventQueue.java:fireEvent(194)) - No event handler registered for event TypedEvent{payloadType=SafeModeStatus, name='Safe mode status'}
2021-11-15 13:52:46,797 [Listener at 0.0.0.0/38523] INFO  ha.SCMContext (SCMContext.java:updateSafeModeStatus(205)) - Update SafeModeStatus from SafeModeStatus{safeModeStatus=true, preCheckPassed=false} to SafeModeStatus{safeModeStatus=true, preCheckPassed=false}.
2021-11-15 13:52:46,799 [Listener at 0.0.0.0/38523] INFO  server.StorageContainerManager (StorageContainerManager.java:start(1303)) - StorageContainerLocationProtocol RPC server is listening at /0.0.0.0:38523
2021-11-15 13:52:46,856 [Listener at 0.0.0.0/38523] WARN  impl.MetricsConfig (MetricsConfig.java:loadFirst(136)) - Cannot locate configuration: tried hadoop-metrics2-storagecontainermanager.properties,hadoop-metrics2.properties
2021-11-15 13:52:46,873 [Listener at 0.0.0.0/38523] INFO  impl.MetricsSystemImpl (MetricsSystemImpl.java:startTimer(378)) - Scheduled Metric snapshot period at 10 second(s).
2021-11-15 13:52:46,873 [Listener at 0.0.0.0/38523] INFO  impl.MetricsSystemImpl (MetricsSystemImpl.java:start(191)) - StorageContainerManager metrics system started
2021-11-15 13:52:47,207 [Listener at 0.0.0.0/38523] INFO  server.SCMClientProtocolServer (SCMClientProtocolServer.java:start(164)) - RPC server for Client  is listening at /0.0.0.0:38523
2021-11-15 13:52:47,208 [IPC Server Responder] INFO  ipc.Server (Server.java:run(1507)) - IPC Server Responder: starting
2021-11-15 13:52:47,209 [IPC Server listener on 0] INFO  ipc.Server (Server.java:run(1344)) - IPC Server listener on 0: starting
2021-11-15 13:52:47,219 [Listener at 0.0.0.0/38523] INFO  server.StorageContainerManager (StorageContainerManager.java:start(1318)) - ScmBlockLocationProtocol RPC server is listening at /0.0.0.0:39889
2021-11-15 13:52:47,219 [Listener at 0.0.0.0/38523] INFO  server.SCMBlockProtocolServer (SCMBlockProtocolServer.java:start(151)) - RPC server for Block Protocol is listening at /0.0.0.0:39889
2021-11-15 13:52:47,220 [IPC Server Responder] INFO  ipc.Server (Server.java:run(1507)) - IPC Server Responder: starting
2021-11-15 13:52:47,220 [IPC Server listener on 0] INFO  ipc.Server (Server.java:run(1344)) - IPC Server listener on 0: starting
2021-11-15 13:52:47,223 [Listener at 0.0.0.0/38523] INFO  server.StorageContainerManager (StorageContainerManager.java:start(1324)) - ScmDatanodeProtocl RPC server is listening at /0.0.0.0:33991
2021-11-15 13:52:47,224 [Listener at 0.0.0.0/38523] INFO  server.SCMDatanodeProtocolServer (SCMDatanodeProtocolServer.java:start(181)) - RPC server for DataNodes is listening at /0.0.0.0:33991
2021-11-15 13:52:47,224 [IPC Server Responder] INFO  ipc.Server (Server.java:run(1507)) - IPC Server Responder: starting
2021-11-15 13:52:47,225 [IPC Server listener on 0] INFO  ipc.Server (Server.java:run(1344)) - IPC Server listener on 0: starting
2021-11-15 13:52:47,243 [org.apache.hadoop.util.JvmPauseMonitor$Monitor@b87ea8b] INFO  util.JvmPauseMonitor (JvmPauseMonitor.java:run(188)) - Starting JVM pause monitor
2021-11-15 13:52:47,251 [Listener at 0.0.0.0/38523] INFO  http.BaseHttpServer (BaseHttpServer.java:newHttpServer2BuilderForOzone(209)) - Starting Web-server for scm at: http://0.0.0.0:0
2021-11-15 13:52:47,252 [Listener at 0.0.0.0/38523] INFO  http.BaseHttpServer (BaseHttpServer.java:<init>(107)) - Hadoop Security Enabled: false Ozone Security Enabled: false Ozone HTTP Security Enabled: false 
2021-11-15 13:52:47,275 [Listener at 0.0.0.0/38523] INFO  util.log (Log.java:initialized(170)) - Logging initialized @3318ms to org.eclipse.jetty.util.log.Slf4jLog
2021-11-15 13:52:47,371 [Listener at 0.0.0.0/38523] INFO  server.AuthenticationFilter (AuthenticationFilter.java:constructSecretProvider(240)) - Unable to initialize FileSignerSecretProvider, falling back to use random secrets.
2021-11-15 13:52:47,375 [Listener at 0.0.0.0/38523] WARN  http.HttpRequestLog (HttpRequestLog.java:getRequestLog(103)) - Jetty request log can only be enabled using Log4j
2021-11-15 13:52:47,382 [Listener at 0.0.0.0/38523] INFO  http.HttpServer2 (HttpServer2.java:addGlobalFilter(1030)) - Added global filter 'safety' (class=org.apache.hadoop.hdds.server.http.HttpServer2$QuotingInputFilter)
2021-11-15 13:52:47,383 [Listener at 0.0.0.0/38523] INFO  http.HttpServer2 (HttpServer2.java:addFilter(1006)) - Added filter static_user_filter (class=org.apache.hadoop.http.lib.StaticUserWebFilter$StaticUserFilter) to context scm
2021-11-15 13:52:47,384 [Listener at 0.0.0.0/38523] INFO  http.HttpServer2 (HttpServer2.java:addFilter(1014)) - Added filter static_user_filter (class=org.apache.hadoop.http.lib.StaticUserWebFilter$StaticUserFilter) to context logs
2021-11-15 13:52:47,384 [Listener at 0.0.0.0/38523] INFO  http.HttpServer2 (HttpServer2.java:addFilter(1014)) - Added filter static_user_filter (class=org.apache.hadoop.http.lib.StaticUserWebFilter$StaticUserFilter) to context static
2021-11-15 13:52:47,415 [Listener at 0.0.0.0/38523] INFO  http.HttpServer2 (HttpServer2.java:bindListener(1249)) - Jetty bound to port 35615
2021-11-15 13:52:47,417 [Listener at 0.0.0.0/38523] INFO  server.Server (Server.java:doStart(375)) - jetty-9.4.43.v20210629; built: 2021-06-30T11:07:22.254Z; git: 526006ecfa3af7f1a27ef3a288e2bef7ea9dd7e8; jvm 1.8.0_292-b10
2021-11-15 13:52:47,444 [Listener at 0.0.0.0/38523] INFO  server.session (DefaultSessionIdManager.java:doStart(334)) - DefaultSessionIdManager workerName=node0
2021-11-15 13:52:47,444 [Listener at 0.0.0.0/38523] INFO  server.session (DefaultSessionIdManager.java:doStart(339)) - No SessionScavenger set, using defaults
2021-11-15 13:52:47,445 [Listener at 0.0.0.0/38523] INFO  server.session (HouseKeeper.java:startScavenging(132)) - node0 Scavenging every 600000ms
2021-11-15 13:52:47,457 [Listener at 0.0.0.0/38523] INFO  handler.ContextHandler (ContextHandler.java:doStart(915)) - Started o.e.j.s.ServletContextHandler@276aa33f{logs,/logs,file:///home/runner/work/ozone/ozone/hadoop-ozone/integration-test/target/log,AVAILABLE}
2021-11-15 13:52:47,457 [Listener at 0.0.0.0/38523] INFO  handler.ContextHandler (ContextHandler.java:doStart(915)) - Started o.e.j.s.ServletContextHandler@677c2820{static,/static,file:///home/runner/work/ozone/ozone/hadoop-ozone/integration-test/target/test-classes/webapps/static,AVAILABLE}
2021-11-15 13:52:47,497 [Listener at 0.0.0.0/38523] INFO  handler.ContextHandler (ContextHandler.java:doStart(915)) - Started o.e.j.w.WebAppContext@3db5195{scm,/,file:///home/runner/work/ozone/ozone/hadoop-ozone/integration-test/target/test-classes/webapps/scm/,AVAILABLE}{file:/home/runner/work/ozone/ozone/hadoop-ozone/integration-test/target/test-classes/webapps/scm}
2021-11-15 13:52:47,505 [Listener at 0.0.0.0/38523] INFO  server.AbstractConnector (AbstractConnector.java:doStart(331)) - Started ServerConnector@700202fa{HTTP/1.1, (http/1.1)}{0.0.0.0:35615}
2021-11-15 13:52:47,505 [Listener at 0.0.0.0/38523] INFO  server.Server (Server.java:doStart(415)) - Started @3549ms
2021-11-15 13:52:47,507 [Listener at 0.0.0.0/38523] INFO  impl.MetricsSinkAdapter (MetricsSinkAdapter.java:start(204)) - Sink prometheus started
2021-11-15 13:52:47,507 [Listener at 0.0.0.0/38523] INFO  impl.MetricsSystemImpl (MetricsSystemImpl.java:registerSink(305)) - Registered sink prometheus
2021-11-15 13:52:47,508 [Listener at 0.0.0.0/38523] INFO  http.BaseHttpServer (BaseHttpServer.java:updateConnectorAddress(329)) - HTTP server of scm listening at http://0.0.0.0:35615
2021-11-15 13:52:47,608 [Listener at 0.0.0.0/38523] INFO  ha.OMHANodeDetails (OMHANodeDetails.java:loadOMHAConfig(118)) - ServiceID for OzoneManager is om-service-test1
2021-11-15 13:52:47,613 [Listener at 0.0.0.0/38523] INFO  ha.OMHANodeDetails (OMHANodeDetails.java:loadOMHAConfig(194)) - Found matching OM address with OMServiceId: om-service-test1, OMNodeId: omNode-1, RPC Address: localhost:11740 and Ratis port: 11744
2021-11-15 13:52:47,614 [Listener at 0.0.0.0/38523] INFO  ha.OMHANodeDetails (ConfUtils.java:setNodeSpecificConfigs(108)) - Setting configuration key ozone.om.http-address with value of key ozone.om.http-address.om-service-test1.omNode-1: 127.0.0.1:11742
2021-11-15 13:52:47,615 [Listener at 0.0.0.0/38523] INFO  ha.OMHANodeDetails (ConfUtils.java:setNodeSpecificConfigs(108)) - Setting configuration key ozone.om.https-address with value of key ozone.om.https-address.om-service-test1.omNode-1: 127.0.0.1:11743
2021-11-15 13:52:47,615 [Listener at 0.0.0.0/38523] INFO  ha.OMHANodeDetails (ConfUtils.java:setNodeSpecificConfigs(108)) - Setting configuration key ozone.om.address with value of key ozone.om.address.om-service-test1.omNode-1: 127.0.0.1:11740
2021-11-15 13:52:47,615 [Listener at 0.0.0.0/38523] WARN  server.ServerUtils (ServerUtils.java:getDBPath(225)) - ozone.om.db.dirs is not configured. We recommend adding this setting. Falling back to ozone.metadata.dirs instead.
OM initialization succeeded.Current cluster id for sd=/home/runner/work/ozone/ozone/hadoop-ozone/integration-test/target/test-dir/MiniOzoneClusterImpl-e73edc9f-ff19-4fd0-8331-074ccb3cb693/omNode-1/om;cid=e73edc9f-ff19-4fd0-8331-074ccb3cb693;layoutVersion=0
2021-11-15 13:52:47,848 [Listener at 0.0.0.0/38523] INFO  ha.OMHANodeDetails (OMHANodeDetails.java:loadOMHAConfig(118)) - ServiceID for OzoneManager is om-service-test1
2021-11-15 13:52:47,850 [Listener at 0.0.0.0/38523] INFO  ha.OMHANodeDetails (OMHANodeDetails.java:loadOMHAConfig(194)) - Found matching OM address with OMServiceId: om-service-test1, OMNodeId: omNode-1, RPC Address: localhost:11740 and Ratis port: 11744
2021-11-15 13:52:47,850 [Listener at 0.0.0.0/38523] INFO  ha.OMHANodeDetails (ConfUtils.java:setNodeSpecificConfigs(108)) - Setting configuration key ozone.om.http-address with value of key ozone.om.http-address.om-service-test1.omNode-1: 127.0.0.1:11742
2021-11-15 13:52:47,850 [Listener at 0.0.0.0/38523] INFO  ha.OMHANodeDetails (ConfUtils.java:setNodeSpecificConfigs(108)) - Setting configuration key ozone.om.https-address with value of key ozone.om.https-address.om-service-test1.omNode-1: 127.0.0.1:11743
2021-11-15 13:52:47,850 [Listener at 0.0.0.0/38523] INFO  ha.OMHANodeDetails (ConfUtils.java:setNodeSpecificConfigs(108)) - Setting configuration key ozone.om.address with value of key ozone.om.address.om-service-test1.omNode-1: 127.0.0.1:11740
2021-11-15 13:52:47,850 [Listener at 0.0.0.0/38523] WARN  server.ServerUtils (ServerUtils.java:getDBPath(225)) - ozone.om.db.dirs is not configured. We recommend adding this setting. Falling back to ozone.metadata.dirs instead.
2021-11-15 13:52:47,852 [Listener at 0.0.0.0/38523] INFO  upgrade.AbstractLayoutVersionManager (AbstractLayoutVersionManager.java:init(79)) - Initializing Layout version manager with metadata layout = INITIAL_VERSION (version = 0), software layout = INITIAL_VERSION (version = 0)
2021-11-15 13:52:47,902 [Listener at 0.0.0.0/38523] INFO  reflections.Reflections (Reflections.java:scan(232)) - Reflections took 46 ms to scan 2 urls, producing 131 keys and 344 values [using 2 cores]
2021-11-15 13:52:47,907 [Listener at 0.0.0.0/38523] INFO  upgrade.OMLayoutVersionManager (OMLayoutVersionManager.java:lambda$0(115)) - Skipping Upgrade Action MockOmUpgradeAction since it has been finalized.
2021-11-15 13:52:47,908 [Listener at 0.0.0.0/38523] WARN  server.ServerUtils (ServerUtils.java:getDBPath(225)) - ozone.om.db.dirs is not configured. We recommend adding this setting. Falling back to ozone.metadata.dirs instead.
2021-11-15 13:52:48,041 [Listener at 0.0.0.0/38523] WARN  server.ServerUtils (ServerUtils.java:getDBPath(225)) - ozone.om.db.dirs is not configured. We recommend adding this setting. Falling back to ozone.metadata.dirs instead.
2021-11-15 13:52:48,047 [Listener at 0.0.0.0/38523] INFO  codec.OmKeyInfoCodec (OmKeyInfoCodec.java:<init>(50)) - OmKeyInfoCodec ignorePipeline = true
2021-11-15 13:52:48,049 [Listener at 0.0.0.0/38523] INFO  codec.RepeatedOmKeyInfoCodec (RepeatedOmKeyInfoCodec.java:<init>(42)) - RepeatedOmKeyInfoCodec ignorePipeline = true
2021-11-15 13:52:48,224 [Listener at 0.0.0.0/38523] INFO  om.OzoneManager (OzoneManager.java:addS3GVolumeToDB(3457)) - Created Volume s3v With Owner runner required for S3Gateway operations.
2021-11-15 13:52:48,286 [Listener at 0.0.0.0/38523] WARN  server.ServerUtils (ServerUtils.java:getDefaultRatisDirectory(237)) - Storage directory for Ratis is not configured. It is a good idea to map this to an SSD disk. Falling back to ozone.metadata.dirs
2021-11-15 13:52:48,287 [Listener at 0.0.0.0/38523] WARN  utils.OzoneManagerRatisUtils (OzoneManagerRatisUtils.java:getOMRatisSnapshotDirectory(425)) - ozone.om.ratis.snapshot.dir is not configured. Falling back to ozone.metadata.dirs config
2021-11-15 13:52:48,307 [Listener at 0.0.0.0/38523] INFO  snapshot.OzoneManagerSnapshotProvider (OzoneManagerSnapshotProvider.java:<init>(76)) - Initializing OM Snapshot Provider
2021-11-15 13:52:48,392 [Listener at 0.0.0.0/38523] WARN  server.ServerUtils (ServerUtils.java:getDefaultRatisDirectory(237)) - Storage directory for Ratis is not configured. It is a good idea to map this to an SSD disk. Falling back to ozone.metadata.dirs
2021-11-15 13:52:48,427 [Listener at 0.0.0.0/38523] INFO  ratis.OzoneManagerRatisServer (OzoneManagerRatisServer.java:<init>(159)) - Instantiating OM Ratis server with groupID: om-service-test1 and peers: localhost:11744, localhost:11756, localhost:11750
2021-11-15 13:52:48,434 [Listener at 0.0.0.0/38523] INFO  ratis.OzoneManagerStateMachine (OzoneManagerStateMachine.java:loadSnapshotInfoFromDB(605)) - LastAppliedIndex is set from TransactionInfo from OM DB as (t:0, i:~)
2021-11-15 13:52:48,466 [Listener at 0.0.0.0/38523] INFO  server.RaftServer (ConfUtils.java:logGet(44)) - raft.rpc.type = GRPC (default)
2021-11-15 13:52:48,560 [Listener at 0.0.0.0/38523] INFO  grpc.GrpcFactory (GrpcFactory.java:checkPooledByteBufAllocatorUseCacheForAllThreads(48)) - PERFORMANCE WARNING: useCacheForAllThreads is true that may cause Netty to create a lot garbage objects and, as a result, trigger GC.
	It is recommended to disable useCacheForAllThreads by setting -Dorg.apache.ratis.thirdparty.io.netty.allocator.useCacheForAllThreads=false in command line.
2021-11-15 13:52:48,565 [Listener at 0.0.0.0/38523] INFO  grpc.GrpcConfigKeys (ConfUtils.java:logGet(44)) - raft.grpc.admin.port = -1 (default)
2021-11-15 13:52:48,565 [Listener at 0.0.0.0/38523] INFO  grpc.GrpcConfigKeys (ConfUtils.java:logGet(44)) - raft.grpc.server.port = 11744 (custom)
2021-11-15 13:52:48,566 [Listener at 0.0.0.0/38523] INFO  grpc.GrpcConfigKeys (ConfUtils.java:logGet(44)) - raft.grpc.client.port = -1 (default)
2021-11-15 13:52:48,566 [Listener at 0.0.0.0/38523] INFO  grpc.GrpcConfigKeys (ConfUtils.java:logGet(44)) - raft.grpc.server.port = 11744 (custom)
2021-11-15 13:52:48,566 [Listener at 0.0.0.0/38523] INFO  grpc.GrpcConfigKeys (ConfUtils.java:logGet(44)) - raft.grpc.server.port = 11744 (custom)
2021-11-15 13:52:48,567 [Listener at 0.0.0.0/38523] INFO  server.GrpcService (ConfUtils.java:logGet(44)) - raft.grpc.message.size.max = 33554432 (custom)
2021-11-15 13:52:48,568 [Listener at 0.0.0.0/38523] INFO  server.RaftServerConfigKeys (ConfUtils.java:logGet(44)) - raft.server.log.appender.buffer.byte-limit = 33554432 (custom)
2021-11-15 13:52:48,569 [Listener at 0.0.0.0/38523] INFO  server.GrpcService (ConfUtils.java:logGet(44)) - raft.grpc.flow.control.window = 1MB (=1048576) (default)
2021-11-15 13:52:48,571 [Listener at 0.0.0.0/38523] INFO  server.RaftServerConfigKeys (ConfUtils.java:logGet(44)) - raft.server.rpc.request.timeout = 3000ms (default)
2021-11-15 13:52:48,805 [Listener at 0.0.0.0/38523] INFO  impl.DataStreamServerImpl (ConfUtils.java:logGet(44)) - raft.datastream.type = DISABLED (default)
2021-11-15 13:52:48,807 [Listener at 0.0.0.0/38523] INFO  server.RaftServerConfigKeys (ConfUtils.java:logGet(44)) - raft.server.rpc.slowness.timeout = 2s (custom)
2021-11-15 13:52:48,808 [Listener at 0.0.0.0/38523] INFO  server.RaftServerConfigKeys (ConfUtils.java:logGet(44)) - raft.server.leaderelection.leader.step-down.wait-time = 10s (default)
2021-11-15 13:52:48,822 [Listener at 0.0.0.0/38523] INFO  server.RaftServerConfigKeys (ConfUtils.java:logGet(44)) - raft.server.storage.dir = [/home/runner/work/ozone/ozone/hadoop-ozone/integration-test/target/test-dir/MiniOzoneClusterImpl-e73edc9f-ff19-4fd0-8331-074ccb3cb693/omNode-1/ratis] (custom)
2021-11-15 13:52:48,827 [Listener at 0.0.0.0/38523] INFO  server.RaftServer (RaftServerProxy.java:addNew(95)) - omNode-1: addNew group-523986131536:[omNode-3|rpc:localhost:11756|priority:0, omNode-1|rpc:localhost:11744|priority:0, omNode-2|rpc:localhost:11750|priority:0] returns group-523986131536:java.util.concurrent.CompletableFuture@1fb029e[Not completed]
2021-11-15 13:52:48,827 [Listener at 0.0.0.0/38523] INFO  om.OzoneManager (OzoneManager.java:initializeRatisServer(1639)) - OzoneManager Ratis server initialized at port 11744
2021-11-15 13:52:48,847 [Listener at 0.0.0.0/38523] INFO  ipc.CallQueueManager (CallQueueManager.java:<init>(90)) - Using callQueue: class java.util.concurrent.LinkedBlockingQueue, queueCapacity: 2000, scheduler: class org.apache.hadoop.ipc.DefaultRpcScheduler, ipcBackoff: false.
2021-11-15 13:52:48,851 [pool-39-thread-1] INFO  server.RaftServer$Division (RaftServerImpl.java:<init>(184)) - omNode-1: new RaftServerImpl for group-523986131536:[omNode-3|rpc:localhost:11756|priority:0, omNode-1|rpc:localhost:11744|priority:0, omNode-2|rpc:localhost:11750|priority:0] with OzoneManagerStateMachine:uninitialized
2021-11-15 13:52:48,859 [Socket Reader #1 for port 11740] INFO  ipc.Server (Server.java:run(1265)) - Starting Socket Reader #1 for port 11740
2021-11-15 13:52:48,858 [pool-39-thread-1] INFO  server.RaftServerConfigKeys (ConfUtils.java:logGet(44)) - raft.server.rpc.timeout.min = 1s (custom)
2021-11-15 13:52:48,859 [pool-39-thread-1] INFO  server.RaftServerConfigKeys (ConfUtils.java:logGet(44)) - raft.server.rpc.timeout.max = 1200ms (custom)
2021-11-15 13:52:48,859 [pool-39-thread-1] INFO  server.RaftServerConfigKeys (ConfUtils.java:logGet(44)) - raft.server.rpc.sleep.time = 25ms (default)
2021-11-15 13:52:48,859 [pool-39-thread-1] INFO  server.RaftServerConfigKeys (ConfUtils.java:logGet(44)) - raft.server.rpc.slowness.timeout = 2s (custom)
2021-11-15 13:52:48,860 [pool-39-thread-1] INFO  server.RaftServerConfigKeys (ConfUtils.java:logGet(44)) - raft.server.leaderelection.leader.step-down.wait-time = 10s (default)
2021-11-15 13:52:48,860 [pool-39-thread-1] INFO  server.RaftServerConfigKeys (ConfUtils.java:logGet(44)) - raft.server.sleep.deviation.threshold = 300ms (default)
2021-11-15 13:52:48,860 [pool-39-thread-1] INFO  server.RaftServerConfigKeys (ConfUtils.java:logGet(44)) - raft.server.log.appender.install.snapshot.enabled = false (custom)
2021-11-15 13:52:48,867 [pool-39-thread-1] INFO  server.RaftServer$Division (ServerState.java:<init>(105)) - omNode-1@group-523986131536: ConfigurationManager, init=-1: [omNode-3|rpc:localhost:11756|priority:0, omNode-1|rpc:localhost:11744|priority:0, omNode-2|rpc:localhost:11750|priority:0], old=null, confs=<EMPTY_MAP>
2021-11-15 13:52:48,870 [pool-39-thread-1] INFO  server.RaftServerConfigKeys (ConfUtils.java:logGet(44)) - raft.server.storage.dir = [/home/runner/work/ozone/ozone/hadoop-ozone/integration-test/target/test-dir/MiniOzoneClusterImpl-e73edc9f-ff19-4fd0-8331-074ccb3cb693/omNode-1/ratis] (custom)
2021-11-15 13:52:48,881 [pool-39-thread-1] INFO  server.RaftServerConfigKeys (ConfUtils.java:logGet(44)) - raft.server.log.corruption.policy = EXCEPTION (default)
2021-11-15 13:52:48,881 [pool-39-thread-1] INFO  server.RaftServerConfigKeys (ConfUtils.java:logGet(44)) - raft.server.storage.free-space.min = 0MB (=0) (default)
2021-11-15 13:52:48,883 [pool-39-thread-1] INFO  storage.RaftStorageDirectory (RaftStorageDirectoryImpl.java:analyzeStorage(135)) - The storage directory /home/runner/work/ozone/ozone/hadoop-ozone/integration-test/target/test-dir/MiniOzoneClusterImpl-e73edc9f-ff19-4fd0-8331-074ccb3cb693/omNode-1/ratis/c9bc4cf4-3bc3-3c60-a66b-523986131536 does not exist. Creating ...
2021-11-15 13:52:48,891 [Listener at 127.0.0.1/11740] INFO  om.OzoneManager (OzoneManager.java:initFSOLayout(3662)) - Configured ozone.om.metadata.layout=SIMPLE and disabled optimized OM FS operations
2021-11-15 13:52:48,892 [Listener at 127.0.0.1/11740] INFO  impl.MetricsSystemImpl (MetricsSystemImpl.java:init(158)) - OzoneManager metrics system started (again)
2021-11-15 13:52:48,898 [pool-39-thread-1] INFO  storage.RaftStorageDirectory (RaftStorageDirectoryImpl.java:tryLock(230)) - Lock on /home/runner/work/ozone/ozone/hadoop-ozone/integration-test/target/test-dir/MiniOzoneClusterImpl-e73edc9f-ff19-4fd0-8331-074ccb3cb693/omNode-1/ratis/c9bc4cf4-3bc3-3c60-a66b-523986131536/in_use.lock acquired by nodename 22325@fv-az151-339
2021-11-15 13:52:48,908 [pool-39-thread-1] INFO  storage.RaftStorage (RaftStorageImpl.java:format(89)) - Storage directory /home/runner/work/ozone/ozone/hadoop-ozone/integration-test/target/test-dir/MiniOzoneClusterImpl-e73edc9f-ff19-4fd0-8331-074ccb3cb693/omNode-1/ratis/c9bc4cf4-3bc3-3c60-a66b-523986131536 has been successfully formatted.
2021-11-15 13:52:48,911 [pool-39-thread-1] INFO  server.RaftServerConfigKeys (ConfUtils.java:logGet(44)) - raft.server.notification.no-leader.timeout = 2s (custom)
2021-11-15 13:52:48,912 [pool-39-thread-1] INFO  server.RaftServerConfigKeys (ConfUtils.java:logGet(44)) - raft.server.log.use.memory = false (default)
2021-11-15 13:52:48,918 [pool-39-thread-1] INFO  server.RaftServerConfigKeys (ConfUtils.java:logGet(44)) - raft.server.log.purge.gap = 50 (custom)
2021-11-15 13:52:48,920 [pool-39-thread-1] INFO  server.RaftServerConfigKeys (ConfUtils.java:logGet(44)) - raft.server.log.appender.buffer.byte-limit = 33554432 (custom)
2021-11-15 13:52:48,920 [Listener at 127.0.0.1/11740] INFO  om.OzoneManager (OzoneManager.java:start(1323)) - OzoneManager RPC server is listening at localhost/127.0.0.1:11740
2021-11-15 13:52:48,926 [Listener at 127.0.0.1/11740] INFO  ratis.OzoneManagerRatisServer (OzoneManagerRatisServer.java:start(522)) - Starting OzoneManagerRatisServer omNode-1 at port 11744
2021-11-15 13:52:48,933 [pool-39-thread-1] INFO  server.RaftServerConfigKeys (ConfUtils.java:logGet(44)) - raft.server.log.segment.size.max = 4194304 (custom)
2021-11-15 13:52:48,939 [pool-39-thread-1] INFO  server.RaftServerConfigKeys (ConfUtils.java:logGet(44)) - raft.server.log.segment.cache.num.max = 2 (custom)
2021-11-15 13:52:48,939 [pool-39-thread-1] INFO  server.RaftServerConfigKeys (ConfUtils.java:logGet(44)) - raft.server.log.segment.cache.size.max = 200MB (=209715200) (default)
2021-11-15 13:52:48,944 [pool-39-thread-1] INFO  segmented.SegmentedRaftLogWorker (SegmentedRaftLogWorker.java:<init>(182)) - new omNode-1@group-523986131536-SegmentedRaftLogWorker for RaftStorageImpl:Storage Directory /home/runner/work/ozone/ozone/hadoop-ozone/integration-test/target/test-dir/MiniOzoneClusterImpl-e73edc9f-ff19-4fd0-8331-074ccb3cb693/omNode-1/ratis/c9bc4cf4-3bc3-3c60-a66b-523986131536
2021-11-15 13:52:48,945 [pool-39-thread-1] INFO  server.RaftServerConfigKeys (ConfUtils.java:logGet(44)) - raft.server.log.queue.byte-limit = 64MB (=67108864) (default)
2021-11-15 13:52:48,945 [pool-39-thread-1] INFO  server.RaftServerConfigKeys (ConfUtils.java:logGet(44)) - raft.server.log.queue.element-limit = 4096 (default)
2021-11-15 13:52:48,946 [pool-39-thread-1] INFO  server.RaftServerConfigKeys (ConfUtils.java:logGet(44)) - raft.server.log.segment.size.max = 4194304 (custom)
2021-11-15 13:52:48,946 [pool-39-thread-1] INFO  server.RaftServerConfigKeys (ConfUtils.java:logGet(44)) - raft.server.log.preallocated.size = 4194304 (custom)
2021-11-15 13:52:48,947 [pool-39-thread-1] INFO  server.RaftServerConfigKeys (ConfUtils.java:logGet(44)) - raft.server.log.force.sync.num = 128 (default)
2021-11-15 13:52:48,948 [pool-39-thread-1] INFO  server.RaftServerConfigKeys (ConfUtils.java:logGet(44)) - raft.server.log.statemachine.data.sync = true (default)
2021-11-15 13:52:48,948 [pool-39-thread-1] INFO  server.RaftServerConfigKeys (ConfUtils.java:logGet(44)) - raft.server.log.statemachine.data.sync.timeout = 10s (default)
2021-11-15 13:52:48,948 [pool-39-thread-1] INFO  server.RaftServerConfigKeys (ConfUtils.java:logGet(44)) - raft.server.log.statemachine.data.sync.timeout.retry = -1 (default)
2021-11-15 13:52:48,955 [pool-39-thread-1] INFO  server.RaftServerConfigKeys (ConfUtils.java:logGet(44)) - raft.server.log.write.buffer.size = 64KB (=65536) (default)
2021-11-15 13:52:48,956 [pool-39-thread-1] INFO  server.RaftServerConfigKeys (ConfUtils.java:logGet(44)) - raft.server.log.statemachine.data.caching.enabled = false (default)
2021-11-15 13:52:48,963 [pool-39-thread-1] INFO  segmented.SegmentedRaftLogWorker (SegmentedRaftLogWorker.java:lambda$new$0(133)) - omNode-1@group-523986131536-SegmentedRaftLogWorker: flushIndex: setUnconditionally 0 -> -1
2021-11-15 13:52:48,963 [pool-39-thread-1] INFO  segmented.SegmentedRaftLogWorker (SegmentedRaftLogWorker.java:lambda$new$0(133)) - omNode-1@group-523986131536-SegmentedRaftLogWorker: safeCacheEvictIndex: setUnconditionally 0 -> -1
2021-11-15 13:52:48,966 [pool-39-thread-1] INFO  server.RaftServerConfigKeys (ConfUtils.java:logGet(44)) - raft.server.snapshot.auto.trigger.enabled = true (custom)
2021-11-15 13:52:48,966 [pool-39-thread-1] INFO  server.RaftServerConfigKeys (ConfUtils.java:logGet(44)) - raft.server.snapshot.auto.trigger.threshold = 50 (custom)
2021-11-15 13:52:48,967 [pool-39-thread-1] INFO  server.RaftServerConfigKeys (ConfUtils.java:logGet(44)) - raft.server.snapshot.retention.file.num = -1 (default)
2021-11-15 13:52:48,967 [pool-39-thread-1] INFO  server.RaftServerConfigKeys (ConfUtils.java:logGet(44)) - raft.server.log.purge.upto.snapshot.index = true (custom)
2021-11-15 13:52:48,968 [pool-39-thread-1] INFO  server.RaftServerConfigKeys (ConfUtils.java:logGet(44)) - raft.server.retrycache.expirytime = 30000ms (custom)
2021-11-15 13:52:48,968 [pool-39-thread-1] INFO  server.RaftServerConfigKeys (ConfUtils.java:logGet(44)) - raft.server.retrycache.statistics.expirytime = 100μs (default)
2021-11-15 13:52:49,002 [Listener at 127.0.0.1/11740] INFO  server.RaftServer$Division (RaftServerImpl.java:start(301)) - omNode-1@group-523986131536: start as a follower, conf=-1: [omNode-3|rpc:localhost:11756|priority:0, omNode-1|rpc:localhost:11744|priority:0, omNode-2|rpc:localhost:11750|priority:0], old=null
2021-11-15 13:52:49,004 [Listener at 127.0.0.1/11740] INFO  server.RaftServer$Division (RaftServerImpl.java:setRole(290)) - omNode-1@group-523986131536: changes role from      null to FOLLOWER at term 0 for startAsFollower
2021-11-15 13:52:49,004 [Listener at 127.0.0.1/11740] INFO  impl.RoleInfo (RoleInfo.java:updateAndGet(130)) - omNode-1: start omNode-1@group-523986131536-FollowerState
2021-11-15 13:52:49,007 [Listener at 127.0.0.1/11740] INFO  util.JmxRegister (JmxRegister.java:tryRegister(44)) - Successfully registered JMX Bean with object name Ratis:service=RaftServer,group=group-523986131536,id=omNode-1
2021-11-15 13:52:49,013 [Listener at 127.0.0.1/11740] INFO  server.RaftServer (RaftServerProxy.java:lambda$start$5(374)) - omNode-1: start RPC server
2021-11-15 13:52:49,073 [Listener at 127.0.0.1/11740] INFO  server.GrpcService (GrpcService.java:startImpl(253)) - omNode-1: GrpcService started, listening on 11744
2021-11-15 13:52:49,074 [Listener at 127.0.0.1/11740] INFO  om.OzoneManager (OzoneManager.java:start(1341)) - Version File has different layout version (0) than OM DB (null). That is expected if this OM has never been finalized to a newer layout version.
2021-11-15 13:52:49,076 [org.apache.ratis.util.JvmPauseMonitor$$Lambda$523/645118495@463bdee9] INFO  util.JvmPauseMonitor (JvmPauseMonitor.java:run(103)) - JvmPauseMonitor-omNode-1: Started
2021-11-15 13:52:49,085 [Listener at 127.0.0.1/11740] INFO  http.BaseHttpServer (BaseHttpServer.java:newHttpServer2BuilderForOzone(209)) - Starting Web-server for ozoneManager at: http://0.0.0.0:11742
2021-11-15 13:52:49,085 [Listener at 127.0.0.1/11740] INFO  http.BaseHttpServer (BaseHttpServer.java:<init>(107)) - Hadoop Security Enabled: false Ozone Security Enabled: false Ozone HTTP Security Enabled: false 
2021-11-15 13:52:49,090 [Listener at 127.0.0.1/11740] INFO  server.AuthenticationFilter (AuthenticationFilter.java:constructSecretProvider(240)) - Unable to initialize FileSignerSecretProvider, falling back to use random secrets.
2021-11-15 13:52:49,091 [Listener at 127.0.0.1/11740] WARN  http.HttpRequestLog (HttpRequestLog.java:getRequestLog(103)) - Jetty request log can only be enabled using Log4j
2021-11-15 13:52:49,092 [Listener at 127.0.0.1/11740] INFO  http.HttpServer2 (HttpServer2.java:addGlobalFilter(1030)) - Added global filter 'safety' (class=org.apache.hadoop.hdds.server.http.HttpServer2$QuotingInputFilter)
2021-11-15 13:52:49,093 [Listener at 127.0.0.1/11740] INFO  http.HttpServer2 (HttpServer2.java:addFilter(1006)) - Added filter static_user_filter (class=org.apache.hadoop.http.lib.StaticUserWebFilter$StaticUserFilter) to context ozoneManager
2021-11-15 13:52:49,093 [Listener at 127.0.0.1/11740] INFO  http.HttpServer2 (HttpServer2.java:addFilter(1014)) - Added filter static_user_filter (class=org.apache.hadoop.http.lib.StaticUserWebFilter$StaticUserFilter) to context logs
2021-11-15 13:52:49,093 [Listener at 127.0.0.1/11740] INFO  http.HttpServer2 (HttpServer2.java:addFilter(1014)) - Added filter static_user_filter (class=org.apache.hadoop.http.lib.StaticUserWebFilter$StaticUserFilter) to context static
2021-11-15 13:52:49,095 [Listener at 127.0.0.1/11740] INFO  http.HttpServer2 (HttpServer2.java:bindListener(1249)) - Jetty bound to port 11742
2021-11-15 13:52:49,095 [Listener at 127.0.0.1/11740] INFO  server.Server (Server.java:doStart(375)) - jetty-9.4.43.v20210629; built: 2021-06-30T11:07:22.254Z; git: 526006ecfa3af7f1a27ef3a288e2bef7ea9dd7e8; jvm 1.8.0_292-b10
2021-11-15 13:52:49,101 [Listener at 127.0.0.1/11740] INFO  server.session (DefaultSessionIdManager.java:doStart(334)) - DefaultSessionIdManager workerName=node0
2021-11-15 13:52:49,101 [Listener at 127.0.0.1/11740] INFO  server.session (DefaultSessionIdManager.java:doStart(339)) - No SessionScavenger set, using defaults
2021-11-15 13:52:49,101 [Listener at 127.0.0.1/11740] INFO  server.session (HouseKeeper.java:startScavenging(132)) - node0 Scavenging every 600000ms
2021-11-15 13:52:49,102 [Listener at 127.0.0.1/11740] INFO  handler.ContextHandler (ContextHandler.java:doStart(915)) - Started o.e.j.s.ServletContextHandler@54d8c998{logs,/logs,file:///home/runner/work/ozone/ozone/hadoop-ozone/integration-test/target/log,AVAILABLE}
2021-11-15 13:52:49,102 [Listener at 127.0.0.1/11740] INFO  handler.ContextHandler (ContextHandler.java:doStart(915)) - Started o.e.j.s.ServletContextHandler@3b14d63b{static,/static,file:///home/runner/work/ozone/ozone/hadoop-ozone/integration-test/target/test-classes/webapps/static,AVAILABLE}
2021-11-15 13:52:49,105 [Listener at 127.0.0.1/11740] INFO  handler.ContextHandler (ContextHandler.java:doStart(915)) - Started o.e.j.w.WebAppContext@76b96594{ozoneManager,/,file:///home/runner/work/ozone/ozone/hadoop-ozone/integration-test/target/test-classes/webapps/ozoneManager/,AVAILABLE}{file:/home/runner/work/ozone/ozone/hadoop-ozone/integration-test/target/test-classes/webapps/ozoneManager}
2021-11-15 13:52:49,109 [Listener at 127.0.0.1/11740] INFO  server.AbstractConnector (AbstractConnector.java:doStart(331)) - Started ServerConnector@3dc238ae{HTTP/1.1, (http/1.1)}{0.0.0.0:11742}
2021-11-15 13:52:49,110 [Listener at 127.0.0.1/11740] INFO  server.Server (Server.java:doStart(415)) - Started @5153ms
2021-11-15 13:52:49,110 [Listener at 127.0.0.1/11740] WARN  impl.MetricsSystemImpl (MetricsSystemImpl.java:register(279)) - Sink prometheus already exists!
2021-11-15 13:52:49,110 [Listener at 127.0.0.1/11740] INFO  http.BaseHttpServer (BaseHttpServer.java:updateConnectorAddress(329)) - HTTP server of ozoneManager listening at http://0.0.0.0:11742
2021-11-15 13:52:49,114 [IPC Server Responder] INFO  ipc.Server (Server.java:run(1507)) - IPC Server Responder: starting
2021-11-15 13:52:49,114 [IPC Server listener on 11740] INFO  ipc.Server (Server.java:run(1344)) - IPC Server listener on 11740: starting
2021-11-15 13:52:49,118 [Listener at 127.0.0.1/11740] INFO  om.OzoneManager (OzoneManager.java:startTrashEmptier(1597)) - Trash Interval set to 0. Files deleted will not move to trash
2021-11-15 13:52:49,119 [Listener at 127.0.0.1/11740] INFO  ozone.MiniOzoneHAClusterImpl (MiniOzoneHAClusterImpl.java:createOMService(485)) - Started OzoneManager omNode-1 RPC server at localhost/127.0.0.1:11740
2021-11-15 13:52:49,120 [Listener at 127.0.0.1/11740] INFO  ha.OMHANodeDetails (OMHANodeDetails.java:loadOMHAConfig(118)) - ServiceID for OzoneManager is om-service-test1
2021-11-15 13:52:49,120 [Listener at 127.0.0.1/11740] INFO  ha.OMHANodeDetails (OMHANodeDetails.java:loadOMHAConfig(194)) - Found matching OM address with OMServiceId: om-service-test1, OMNodeId: omNode-2, RPC Address: localhost:11746 and Ratis port: 11750
2021-11-15 13:52:49,120 [Listener at 127.0.0.1/11740] INFO  ha.OMHANodeDetails (ConfUtils.java:setNodeSpecificConfigs(108)) - Setting configuration key ozone.om.http-address with value of key ozone.om.http-address.om-service-test1.omNode-2: 127.0.0.1:11748
2021-11-15 13:52:49,120 [Listener at 127.0.0.1/11740] INFO  ha.OMHANodeDetails (ConfUtils.java:setNodeSpecificConfigs(108)) - Setting configuration key ozone.om.https-address with value of key ozone.om.https-address.om-service-test1.omNode-2: 127.0.0.1:11749
2021-11-15 13:52:49,120 [Listener at 127.0.0.1/11740] INFO  ha.OMHANodeDetails (ConfUtils.java:setNodeSpecificConfigs(108)) - Setting configuration key ozone.om.address with value of key ozone.om.address.om-service-test1.omNode-2: 127.0.0.1:11746
2021-11-15 13:52:49,121 [Listener at 127.0.0.1/11740] WARN  server.ServerUtils (ServerUtils.java:getDBPath(225)) - ozone.om.db.dirs is not configured. We recommend adding this setting. Falling back to ozone.metadata.dirs instead.
2021-11-15 13:52:49,126 [org.apache.hadoop.util.JvmPauseMonitor$Monitor@51102651] INFO  util.JvmPauseMonitor (JvmPauseMonitor.java:run(188)) - Starting JVM pause monitor
OM initialization succeeded.Current cluster id for sd=/home/runner/work/ozone/ozone/hadoop-ozone/integration-test/target/test-dir/MiniOzoneClusterImpl-e73edc9f-ff19-4fd0-8331-074ccb3cb693/omNode-2/om;cid=e73edc9f-ff19-4fd0-8331-074ccb3cb693;layoutVersion=0
2021-11-15 13:52:49,130 [Listener at 127.0.0.1/11740] INFO  ha.OMHANodeDetails (OMHANodeDetails.java:loadOMHAConfig(118)) - ServiceID for OzoneManager is om-service-test1
2021-11-15 13:52:49,131 [Listener at 127.0.0.1/11740] INFO  ha.OMHANodeDetails (OMHANodeDetails.java:loadOMHAConfig(194)) - Found matching OM address with OMServiceId: om-service-test1, OMNodeId: omNode-2, RPC Address: localhost:11746 and Ratis port: 11750
2021-11-15 13:52:49,131 [Listener at 127.0.0.1/11740] INFO  ha.OMHANodeDetails (ConfUtils.java:setNodeSpecificConfigs(108)) - Setting configuration key ozone.om.http-address with value of key ozone.om.http-address.om-service-test1.omNode-2: 127.0.0.1:11748
2021-11-15 13:52:49,131 [Listener at 127.0.0.1/11740] INFO  ha.OMHANodeDetails (ConfUtils.java:setNodeSpecificConfigs(108)) - Setting configuration key ozone.om.https-address with value of key ozone.om.https-address.om-service-test1.omNode-2: 127.0.0.1:11749
2021-11-15 13:52:49,131 [Listener at 127.0.0.1/11740] INFO  ha.OMHANodeDetails (ConfUtils.java:setNodeSpecificConfigs(108)) - Setting configuration key ozone.om.address with value of key ozone.om.address.om-service-test1.omNode-2: 127.0.0.1:11746
2021-11-15 13:52:49,131 [Listener at 127.0.0.1/11740] WARN  server.ServerUtils (ServerUtils.java:getDBPath(225)) - ozone.om.db.dirs is not configured. We recommend adding this setting. Falling back to ozone.metadata.dirs instead.
2021-11-15 13:52:49,132 [Listener at 127.0.0.1/11740] INFO  upgrade.AbstractLayoutVersionManager (AbstractLayoutVersionManager.java:init(79)) - Initializing Layout version manager with metadata layout = INITIAL_VERSION (version = 0), software layout = INITIAL_VERSION (version = 0)
2021-11-15 13:52:49,169 [Listener at 127.0.0.1/11740] INFO  reflections.Reflections (Reflections.java:scan(232)) - Reflections took 36 ms to scan 2 urls, producing 131 keys and 344 values [using 2 cores]
2021-11-15 13:52:49,169 [Listener at 127.0.0.1/11740] INFO  upgrade.OMLayoutVersionManager (OMLayoutVersionManager.java:lambda$0(115)) - Skipping Upgrade Action MockOmUpgradeAction since it has been finalized.
2021-11-15 13:52:49,169 [Listener at 127.0.0.1/11740] WARN  server.ServerUtils (ServerUtils.java:getDBPath(225)) - ozone.om.db.dirs is not configured. We recommend adding this setting. Falling back to ozone.metadata.dirs instead.
2021-11-15 13:52:49,178 [Listener at 127.0.0.1/11740] WARN  server.ServerUtils (ServerUtils.java:getDBPath(225)) - ozone.om.db.dirs is not configured. We recommend adding this setting. Falling back to ozone.metadata.dirs instead.
2021-11-15 13:52:49,179 [Listener at 127.0.0.1/11740] INFO  codec.OmKeyInfoCodec (OmKeyInfoCodec.java:<init>(50)) - OmKeyInfoCodec ignorePipeline = true
2021-11-15 13:52:49,179 [Listener at 127.0.0.1/11740] INFO  codec.RepeatedOmKeyInfoCodec (RepeatedOmKeyInfoCodec.java:<init>(42)) - RepeatedOmKeyInfoCodec ignorePipeline = true
2021-11-15 13:52:49,283 [Listener at 127.0.0.1/11740] INFO  om.OzoneManager (OzoneManager.java:addS3GVolumeToDB(3457)) - Created Volume s3v With Owner runner required for S3Gateway operations.
2021-11-15 13:52:49,283 [Listener at 127.0.0.1/11740] WARN  server.ServerUtils (ServerUtils.java:getDefaultRatisDirectory(237)) - Storage directory for Ratis is not configured. It is a good idea to map this to an SSD disk. Falling back to ozone.metadata.dirs
2021-11-15 13:52:49,283 [Listener at 127.0.0.1/11740] WARN  utils.OzoneManagerRatisUtils (OzoneManagerRatisUtils.java:getOMRatisSnapshotDirectory(425)) - ozone.om.ratis.snapshot.dir is not configured. Falling back to ozone.metadata.dirs config
2021-11-15 13:52:49,284 [Listener at 127.0.0.1/11740] INFO  snapshot.OzoneManagerSnapshotProvider (OzoneManagerSnapshotProvider.java:<init>(76)) - Initializing OM Snapshot Provider
2021-11-15 13:52:49,289 [Listener at 127.0.0.1/11740] WARN  impl.MetricRegistriesImpl (MetricRegistriesImpl.java:addReporterRegistration(111)) - New reporters are added after registries were created. Some metrics will be missing from the reporter. Please add reporter before adding any new registry.
2021-11-15 13:52:49,289 [Listener at 127.0.0.1/11740] WARN  impl.MetricRegistriesImpl (MetricRegistriesImpl.java:addReporterRegistration(111)) - New reporters are added after registries were created. Some metrics will be missing from the reporter. Please add reporter before adding any new registry.
2021-11-15 13:52:49,289 [Listener at 127.0.0.1/11740] WARN  server.ServerUtils (ServerUtils.java:getDefaultRatisDirectory(237)) - Storage directory for Ratis is not configured. It is a good idea to map this to an SSD disk. Falling back to ozone.metadata.dirs
2021-11-15 13:52:49,290 [Listener at 127.0.0.1/11740] INFO  ratis.OzoneManagerRatisServer (OzoneManagerRatisServer.java:<init>(159)) - Instantiating OM Ratis server with groupID: om-service-test1 and peers: localhost:11750, localhost:11756, localhost:11744
2021-11-15 13:52:49,291 [Listener at 127.0.0.1/11740] INFO  ratis.OzoneManagerStateMachine (OzoneManagerStateMachine.java:loadSnapshotInfoFromDB(605)) - LastAppliedIndex is set from TransactionInfo from OM DB as (t:0, i:~)
2021-11-15 13:52:49,291 [Listener at 127.0.0.1/11740] INFO  server.RaftServer (ConfUtils.java:logGet(44)) - raft.rpc.type = GRPC (default)
2021-11-15 13:52:49,291 [Listener at 127.0.0.1/11740] INFO  grpc.GrpcFactory (GrpcFactory.java:checkPooledByteBufAllocatorUseCacheForAllThreads(48)) - PERFORMANCE WARNING: useCacheForAllThreads is true that may cause Netty to create a lot garbage objects and, as a result, trigger GC.
	It is recommended to disable useCacheForAllThreads by setting -Dorg.apache.ratis.thirdparty.io.netty.allocator.useCacheForAllThreads=false in command line.
2021-11-15 13:52:49,291 [Listener at 127.0.0.1/11740] INFO  grpc.GrpcConfigKeys (ConfUtils.java:logGet(44)) - raft.grpc.admin.port = -1 (default)
2021-11-15 13:52:49,292 [Listener at 127.0.0.1/11740] INFO  grpc.GrpcConfigKeys (ConfUtils.java:logGet(44)) - raft.grpc.server.port = 11750 (custom)
2021-11-15 13:52:49,292 [Listener at 127.0.0.1/11740] INFO  grpc.GrpcConfigKeys (ConfUtils.java:logGet(44)) - raft.grpc.client.port = -1 (default)
2021-11-15 13:52:49,292 [Listener at 127.0.0.1/11740] INFO  grpc.GrpcConfigKeys (ConfUtils.java:logGet(44)) - raft.grpc.server.port = 11750 (custom)
2021-11-15 13:52:49,292 [Listener at 127.0.0.1/11740] INFO  grpc.GrpcConfigKeys (ConfUtils.java:logGet(44)) - raft.grpc.server.port = 11750 (custom)
2021-11-15 13:52:49,292 [Listener at 127.0.0.1/11740] INFO  server.GrpcService (ConfUtils.java:logGet(44)) - raft.grpc.message.size.max = 33554432 (custom)
2021-11-15 13:52:49,292 [Listener at 127.0.0.1/11740] INFO  server.RaftServerConfigKeys (ConfUtils.java:logGet(44)) - raft.server.log.appender.buffer.byte-limit = 33554432 (custom)
2021-11-15 13:52:49,292 [Listener at 127.0.0.1/11740] INFO  server.GrpcService (ConfUtils.java:logGet(44)) - raft.grpc.flow.control.window = 1MB (=1048576) (default)
2021-11-15 13:52:49,292 [Listener at 127.0.0.1/11740] INFO  server.RaftServerConfigKeys (ConfUtils.java:logGet(44)) - raft.server.rpc.request.timeout = 3000ms (default)
2021-11-15 13:52:49,294 [Listener at 127.0.0.1/11740] INFO  impl.DataStreamServerImpl (ConfUtils.java:logGet(44)) - raft.datastream.type = DISABLED (default)
2021-11-15 13:52:49,294 [Listener at 127.0.0.1/11740] INFO  server.RaftServerConfigKeys (ConfUtils.java:logGet(44)) - raft.server.rpc.slowness.timeout = 2s (custom)
2021-11-15 13:52:49,294 [Listener at 127.0.0.1/11740] INFO  server.RaftServerConfigKeys (ConfUtils.java:logGet(44)) - raft.server.leaderelection.leader.step-down.wait-time = 10s (default)
2021-11-15 13:52:49,294 [Listener at 127.0.0.1/11740] INFO  server.RaftServerConfigKeys (ConfUtils.java:logGet(44)) - raft.server.storage.dir = [/home/runner/work/ozone/ozone/hadoop-ozone/integration-test/target/test-dir/MiniOzoneClusterImpl-e73edc9f-ff19-4fd0-8331-074ccb3cb693/omNode-2/ratis] (custom)
2021-11-15 13:52:49,296 [Listener at 127.0.0.1/11740] INFO  server.RaftServer (RaftServerProxy.java:addNew(95)) - omNode-2: addNew group-523986131536:[omNode-3|rpc:localhost:11756|priority:0, omNode-1|rpc:localhost:11744|priority:0, omNode-2|rpc:localhost:11750|priority:0] returns group-523986131536:java.util.concurrent.CompletableFuture@1e8b3a8[Not completed]
2021-11-15 13:52:49,296 [Listener at 127.0.0.1/11740] INFO  om.OzoneManager (OzoneManager.java:initializeRatisServer(1639)) - OzoneManager Ratis server initialized at port 11750
2021-11-15 13:52:49,304 [Listener at 127.0.0.1/11740] INFO  ipc.CallQueueManager (CallQueueManager.java:<init>(90)) - Using callQueue: class java.util.concurrent.LinkedBlockingQueue, queueCapacity: 2000, scheduler: class org.apache.hadoop.ipc.DefaultRpcScheduler, ipcBackoff: false.
2021-11-15 13:52:49,305 [pool-62-thread-1] INFO  server.RaftServer$Division (RaftServerImpl.java:<init>(184)) - omNode-2: new RaftServerImpl for group-523986131536:[omNode-3|rpc:localhost:11756|priority:0, omNode-1|rpc:localhost:11744|priority:0, omNode-2|rpc:localhost:11750|priority:0] with OzoneManagerStateMachine:uninitialized
2021-11-15 13:52:49,306 [pool-62-thread-1] INFO  server.RaftServerConfigKeys (ConfUtils.java:logGet(44)) - raft.server.rpc.timeout.min = 1s (custom)
2021-11-15 13:52:49,306 [pool-62-thread-1] INFO  server.RaftServerConfigKeys (ConfUtils.java:logGet(44)) - raft.server.rpc.timeout.max = 1200ms (custom)
2021-11-15 13:52:49,306 [pool-62-thread-1] INFO  server.RaftServerConfigKeys (ConfUtils.java:logGet(44)) - raft.server.rpc.sleep.time = 25ms (default)
2021-11-15 13:52:49,306 [pool-62-thread-1] INFO  server.RaftServerConfigKeys (ConfUtils.java:logGet(44)) - raft.server.rpc.slowness.timeout = 2s (custom)
2021-11-15 13:52:49,306 [pool-62-thread-1] INFO  server.RaftServerConfigKeys (ConfUtils.java:logGet(44)) - raft.server.leaderelection.leader.step-down.wait-time = 10s (default)
2021-11-15 13:52:49,306 [pool-62-thread-1] INFO  server.RaftServerConfigKeys (ConfUtils.java:logGet(44)) - raft.server.sleep.deviation.threshold = 300ms (default)
2021-11-15 13:52:49,306 [pool-62-thread-1] INFO  server.RaftServerConfigKeys (ConfUtils.java:logGet(44)) - raft.server.log.appender.install.snapshot.enabled = false (custom)
2021-11-15 13:52:49,307 [pool-62-thread-1] INFO  server.RaftServer$Division (ServerState.java:<init>(105)) - omNode-2@group-523986131536: ConfigurationManager, init=-1: [omNode-3|rpc:localhost:11756|priority:0, omNode-1|rpc:localhost:11744|priority:0, omNode-2|rpc:localhost:11750|priority:0], old=null, confs=<EMPTY_MAP>
2021-11-15 13:52:49,307 [pool-62-thread-1] INFO  server.RaftServerConfigKeys (ConfUtils.java:logGet(44)) - raft.server.storage.dir = [/home/runner/work/ozone/ozone/hadoop-ozone/integration-test/target/test-dir/MiniOzoneClusterImpl-e73edc9f-ff19-4fd0-8331-074ccb3cb693/omNode-2/ratis] (custom)
2021-11-15 13:52:49,307 [pool-62-thread-1] INFO  server.RaftServerConfigKeys (ConfUtils.java:logGet(44)) - raft.server.log.corruption.policy = EXCEPTION (default)
2021-11-15 13:52:49,307 [pool-62-thread-1] INFO  server.RaftServerConfigKeys (ConfUtils.java:logGet(44)) - raft.server.storage.free-space.min = 0MB (=0) (default)
2021-11-15 13:52:49,309 [Socket Reader #1 for port 11746] INFO  ipc.Server (Server.java:run(1265)) - Starting Socket Reader #1 for port 11746
2021-11-15 13:52:49,307 [pool-62-thread-1] INFO  storage.RaftStorageDirectory (RaftStorageDirectoryImpl.java:analyzeStorage(135)) - The storage directory /home/runner/work/ozone/ozone/hadoop-ozone/integration-test/target/test-dir/MiniOzoneClusterImpl-e73edc9f-ff19-4fd0-8331-074ccb3cb693/omNode-2/ratis/c9bc4cf4-3bc3-3c60-a66b-523986131536 does not exist. Creating ...
2021-11-15 13:52:49,324 [pool-62-thread-1] INFO  storage.RaftStorageDirectory (RaftStorageDirectoryImpl.java:tryLock(230)) - Lock on /home/runner/work/ozone/ozone/hadoop-ozone/integration-test/target/test-dir/MiniOzoneClusterImpl-e73edc9f-ff19-4fd0-8331-074ccb3cb693/omNode-2/ratis/c9bc4cf4-3bc3-3c60-a66b-523986131536/in_use.lock acquired by nodename 22325@fv-az151-339
2021-11-15 13:52:49,326 [pool-62-thread-1] INFO  storage.RaftStorage (RaftStorageImpl.java:format(89)) - Storage directory /home/runner/work/ozone/ozone/hadoop-ozone/integration-test/target/test-dir/MiniOzoneClusterImpl-e73edc9f-ff19-4fd0-8331-074ccb3cb693/omNode-2/ratis/c9bc4cf4-3bc3-3c60-a66b-523986131536 has been successfully formatted.
2021-11-15 13:52:49,327 [pool-62-thread-1] INFO  server.RaftServerConfigKeys (ConfUtils.java:logGet(44)) - raft.server.notification.no-leader.timeout = 2s (custom)
2021-11-15 13:52:49,327 [pool-62-thread-1] INFO  server.RaftServerConfigKeys (ConfUtils.java:logGet(44)) - raft.server.log.use.memory = false (default)
2021-11-15 13:52:49,327 [pool-62-thread-1] INFO  server.RaftServerConfigKeys (ConfUtils.java:logGet(44)) - raft.server.log.purge.gap = 50 (custom)
2021-11-15 13:52:49,327 [pool-62-thread-1] INFO  server.RaftServerConfigKeys (ConfUtils.java:logGet(44)) - raft.server.log.appender.buffer.byte-limit = 33554432 (custom)
2021-11-15 13:52:49,327 [pool-62-thread-1] INFO  server.RaftServerConfigKeys (ConfUtils.java:logGet(44)) - raft.server.log.segment.size.max = 4194304 (custom)
2021-11-15 13:52:49,328 [pool-62-thread-1] INFO  server.RaftServerConfigKeys (ConfUtils.java:logGet(44)) - raft.server.log.segment.cache.num.max = 2 (custom)
2021-11-15 13:52:49,328 [pool-62-thread-1] INFO  server.RaftServerConfigKeys (ConfUtils.java:logGet(44)) - raft.server.log.segment.cache.size.max = 200MB (=209715200) (default)
2021-11-15 13:52:49,328 [pool-62-thread-1] INFO  segmented.SegmentedRaftLogWorker (SegmentedRaftLogWorker.java:<init>(182)) - new omNode-2@group-523986131536-SegmentedRaftLogWorker for RaftStorageImpl:Storage Directory /home/runner/work/ozone/ozone/hadoop-ozone/integration-test/target/test-dir/MiniOzoneClusterImpl-e73edc9f-ff19-4fd0-8331-074ccb3cb693/omNode-2/ratis/c9bc4cf4-3bc3-3c60-a66b-523986131536
2021-11-15 13:52:49,328 [pool-62-thread-1] INFO  server.RaftServerConfigKeys (ConfUtils.java:logGet(44)) - raft.server.log.queue.byte-limit = 64MB (=67108864) (default)
2021-11-15 13:52:49,328 [pool-62-thread-1] INFO  server.RaftServerConfigKeys (ConfUtils.java:logGet(44)) - raft.server.log.queue.element-limit = 4096 (default)
2021-11-15 13:52:49,328 [pool-62-thread-1] INFO  server.RaftServerConfigKeys (ConfUtils.java:logGet(44)) - raft.server.log.segment.size.max = 4194304 (custom)
2021-11-15 13:52:49,328 [pool-62-thread-1] INFO  server.RaftServerConfigKeys (ConfUtils.java:logGet(44)) - raft.server.log.preallocated.size = 4194304 (custom)
2021-11-15 13:52:49,328 [pool-62-thread-1] INFO  server.RaftServerConfigKeys (ConfUtils.java:logGet(44)) - raft.server.log.force.sync.num = 128 (default)
2021-11-15 13:52:49,329 [pool-62-thread-1] INFO  server.RaftServerConfigKeys (ConfUtils.java:logGet(44)) - raft.server.log.statemachine.data.sync = true (default)
2021-11-15 13:52:49,329 [pool-62-thread-1] INFO  server.RaftServerConfigKeys (ConfUtils.java:logGet(44)) - raft.server.log.statemachine.data.sync.timeout = 10s (default)
2021-11-15 13:52:49,329 [pool-62-thread-1] INFO  server.RaftServerConfigKeys (ConfUtils.java:logGet(44)) - raft.server.log.statemachine.data.sync.timeout.retry = -1 (default)
2021-11-15 13:52:49,329 [pool-62-thread-1] INFO  server.RaftServerConfigKeys (ConfUtils.java:logGet(44)) - raft.server.log.write.buffer.size = 64KB (=65536) (default)
2021-11-15 13:52:49,330 [pool-62-thread-1] INFO  server.RaftServerConfigKeys (ConfUtils.java:logGet(44)) - raft.server.log.statemachine.data.caching.enabled = false (default)
2021-11-15 13:52:49,330 [pool-62-thread-1] INFO  segmented.SegmentedRaftLogWorker (SegmentedRaftLogWorker.java:lambda$new$0(133)) - omNode-2@group-523986131536-SegmentedRaftLogWorker: flushIndex: setUnconditionally 0 -> -1
2021-11-15 13:52:49,330 [pool-62-thread-1] INFO  segmented.SegmentedRaftLogWorker (SegmentedRaftLogWorker.java:lambda$new$0(133)) - omNode-2@group-523986131536-SegmentedRaftLogWorker: safeCacheEvictIndex: setUnconditionally 0 -> -1
2021-11-15 13:52:49,337 [pool-62-thread-1] INFO  server.RaftServerConfigKeys (ConfUtils.java:logGet(44)) - raft.server.snapshot.auto.trigger.enabled = true (custom)
2021-11-15 13:52:49,337 [pool-62-thread-1] INFO  server.RaftServerConfigKeys (ConfUtils.java:logGet(44)) - raft.server.snapshot.auto.trigger.threshold = 50 (custom)
2021-11-15 13:52:49,338 [pool-62-thread-1] INFO  server.RaftServerConfigKeys (ConfUtils.java:logGet(44)) - raft.server.snapshot.retention.file.num = -1 (default)
2021-11-15 13:52:49,338 [pool-62-thread-1] INFO  server.RaftServerConfigKeys (ConfUtils.java:logGet(44)) - raft.server.log.purge.upto.snapshot.index = true (custom)
2021-11-15 13:52:49,338 [pool-62-thread-1] INFO  server.RaftServerConfigKeys (ConfUtils.java:logGet(44)) - raft.server.retrycache.expirytime = 30000ms (custom)
2021-11-15 13:52:49,338 [pool-62-thread-1] INFO  server.RaftServerConfigKeys (ConfUtils.java:logGet(44)) - raft.server.retrycache.statistics.expirytime = 100μs (default)
2021-11-15 13:52:49,349 [Listener at 127.0.0.1/11746] INFO  om.OzoneManager (OzoneManager.java:initFSOLayout(3662)) - Configured ozone.om.metadata.layout=SIMPLE and disabled optimized OM FS operations
2021-11-15 13:52:49,351 [Listener at 127.0.0.1/11746] INFO  impl.MetricsSystemImpl (MetricsSystemImpl.java:init(158)) - OzoneManager metrics system started (again)
2021-11-15 13:52:49,364 [Listener at 127.0.0.1/11746] INFO  om.OzoneManager (OzoneManager.java:start(1323)) - OzoneManager RPC server is listening at localhost/127.0.0.1:11746
2021-11-15 13:52:49,364 [Listener at 127.0.0.1/11746] INFO  ratis.OzoneManagerRatisServer (OzoneManagerRatisServer.java:start(522)) - Starting OzoneManagerRatisServer omNode-2 at port 11750
2021-11-15 13:52:49,364 [Listener at 127.0.0.1/11746] INFO  server.RaftServer$Division (RaftServerImpl.java:start(301)) - omNode-2@group-523986131536: start as a follower, conf=-1: [omNode-3|rpc:localhost:11756|priority:0, omNode-1|rpc:localhost:11744|priority:0, omNode-2|rpc:localhost:11750|priority:0], old=null
2021-11-15 13:52:49,364 [Listener at 127.0.0.1/11746] INFO  server.RaftServer$Division (RaftServerImpl.java:setRole(290)) - omNode-2@group-523986131536: changes role from      null to FOLLOWER at term 0 for startAsFollower
2021-11-15 13:52:49,364 [Listener at 127.0.0.1/11746] INFO  impl.RoleInfo (RoleInfo.java:updateAndGet(130)) - omNode-2: start omNode-2@group-523986131536-FollowerState
2021-11-15 13:52:49,365 [Listener at 127.0.0.1/11746] INFO  util.JmxRegister (JmxRegister.java:tryRegister(44)) - Successfully registered JMX Bean with object name Ratis:service=RaftServer,group=group-523986131536,id=omNode-2
2021-11-15 13:52:49,370 [Listener at 127.0.0.1/11746] INFO  server.RaftServer (RaftServerProxy.java:lambda$start$5(374)) - omNode-2: start RPC server
2021-11-15 13:52:49,371 [Listener at 127.0.0.1/11746] INFO  server.GrpcService (GrpcService.java:startImpl(253)) - omNode-2: GrpcService started, listening on 11750
2021-11-15 13:52:49,371 [Listener at 127.0.0.1/11746] INFO  om.OzoneManager (OzoneManager.java:start(1341)) - Version File has different layout version (0) than OM DB (null). That is expected if this OM has never been finalized to a newer layout version.
2021-11-15 13:52:49,372 [org.apache.ratis.util.JvmPauseMonitor$$Lambda$523/645118495@66cdde2b] INFO  util.JvmPauseMonitor (JvmPauseMonitor.java:run(103)) - JvmPauseMonitor-omNode-2: Started
2021-11-15 13:52:49,378 [Listener at 127.0.0.1/11746] INFO  http.BaseHttpServer (BaseHttpServer.java:newHttpServer2BuilderForOzone(209)) - Starting Web-server for ozoneManager at: http://0.0.0.0:11748
2021-11-15 13:52:49,378 [Listener at 127.0.0.1/11746] INFO  http.BaseHttpServer (BaseHttpServer.java:<init>(107)) - Hadoop Security Enabled: false Ozone Security Enabled: false Ozone HTTP Security Enabled: false 
2021-11-15 13:52:49,379 [Listener at 127.0.0.1/11746] INFO  server.AuthenticationFilter (AuthenticationFilter.java:constructSecretProvider(240)) - Unable to initialize FileSignerSecretProvider, falling back to use random secrets.
2021-11-15 13:52:49,380 [Listener at 127.0.0.1/11746] WARN  http.HttpRequestLog (HttpRequestLog.java:getRequestLog(103)) - Jetty request log can only be enabled using Log4j
2021-11-15 13:52:49,381 [Listener at 127.0.0.1/11746] INFO  http.HttpServer2 (HttpServer2.java:addGlobalFilter(1030)) - Added global filter 'safety' (class=org.apache.hadoop.hdds.server.http.HttpServer2$QuotingInputFilter)
2021-11-15 13:52:49,382 [Listener at 127.0.0.1/11746] INFO  http.HttpServer2 (HttpServer2.java:addFilter(1006)) - Added filter static_user_filter (class=org.apache.hadoop.http.lib.StaticUserWebFilter$StaticUserFilter) to context ozoneManager
2021-11-15 13:52:49,382 [Listener at 127.0.0.1/11746] INFO  http.HttpServer2 (HttpServer2.java:addFilter(1014)) - Added filter static_user_filter (class=org.apache.hadoop.http.lib.StaticUserWebFilter$StaticUserFilter) to context static
2021-11-15 13:52:49,382 [Listener at 127.0.0.1/11746] INFO  http.HttpServer2 (HttpServer2.java:addFilter(1014)) - Added filter static_user_filter (class=org.apache.hadoop.http.lib.StaticUserWebFilter$StaticUserFilter) to context logs
2021-11-15 13:52:49,383 [Listener at 127.0.0.1/11746] INFO  http.HttpServer2 (HttpServer2.java:bindListener(1249)) - Jetty bound to port 11748
2021-11-15 13:52:49,383 [Listener at 127.0.0.1/11746] INFO  server.Server (Server.java:doStart(375)) - jetty-9.4.43.v20210629; built: 2021-06-30T11:07:22.254Z; git: 526006ecfa3af7f1a27ef3a288e2bef7ea9dd7e8; jvm 1.8.0_292-b10
2021-11-15 13:52:49,388 [Listener at 127.0.0.1/11746] INFO  server.session (DefaultSessionIdManager.java:doStart(334)) - DefaultSessionIdManager workerName=node0
2021-11-15 13:52:49,388 [Listener at 127.0.0.1/11746] INFO  server.session (DefaultSessionIdManager.java:doStart(339)) - No SessionScavenger set, using defaults
2021-11-15 13:52:49,388 [Listener at 127.0.0.1/11746] INFO  server.session (HouseKeeper.java:startScavenging(132)) - node0 Scavenging every 660000ms
2021-11-15 13:52:49,390 [Listener at 127.0.0.1/11746] INFO  handler.ContextHandler (ContextHandler.java:doStart(915)) - Started o.e.j.s.ServletContextHandler@37711f1a{logs,/logs,file:///home/runner/work/ozone/ozone/hadoop-ozone/integration-test/target/log,AVAILABLE}
2021-11-15 13:52:49,390 [Listener at 127.0.0.1/11746] INFO  handler.ContextHandler (ContextHandler.java:doStart(915)) - Started o.e.j.s.ServletContextHandler@10939bc1{static,/static,file:///home/runner/work/ozone/ozone/hadoop-ozone/integration-test/target/test-classes/webapps/static,AVAILABLE}
2021-11-15 13:52:49,393 [Listener at 127.0.0.1/11746] INFO  handler.ContextHandler (ContextHandler.java:doStart(915)) - Started o.e.j.w.WebAppContext@496de48b{ozoneManager,/,file:///home/runner/work/ozone/ozone/hadoop-ozone/integration-test/target/test-classes/webapps/ozoneManager/,AVAILABLE}{file:/home/runner/work/ozone/ozone/hadoop-ozone/integration-test/target/test-classes/webapps/ozoneManager}
2021-11-15 13:52:49,401 [Listener at 127.0.0.1/11746] INFO  server.AbstractConnector (AbstractConnector.java:doStart(331)) - Started ServerConnector@c0ef9a8{HTTP/1.1, (http/1.1)}{0.0.0.0:11748}
2021-11-15 13:52:49,401 [Listener at 127.0.0.1/11746] INFO  server.Server (Server.java:doStart(415)) - Started @5445ms
2021-11-15 13:52:49,402 [Listener at 127.0.0.1/11746] WARN  impl.MetricsSystemImpl (MetricsSystemImpl.java:register(279)) - Sink prometheus already exists!
2021-11-15 13:52:49,402 [Listener at 127.0.0.1/11746] INFO  http.BaseHttpServer (BaseHttpServer.java:updateConnectorAddress(329)) - HTTP server of ozoneManager listening at http://0.0.0.0:11748
2021-11-15 13:52:49,403 [IPC Server Responder] INFO  ipc.Server (Server.java:run(1507)) - IPC Server Responder: starting
2021-11-15 13:52:49,403 [IPC Server listener on 11746] INFO  ipc.Server (Server.java:run(1344)) - IPC Server listener on 11746: starting
2021-11-15 13:52:49,413 [Listener at 127.0.0.1/11746] INFO  om.OzoneManager (OzoneManager.java:startTrashEmptier(1597)) - Trash Interval set to 0. Files deleted will not move to trash
2021-11-15 13:52:49,413 [Listener at 127.0.0.1/11746] INFO  ozone.MiniOzoneHAClusterImpl (MiniOzoneHAClusterImpl.java:createOMService(485)) - Started OzoneManager omNode-2 RPC server at localhost/127.0.0.1:11746
2021-11-15 13:52:49,413 [org.apache.hadoop.util.JvmPauseMonitor$Monitor@2a3d9ed3] INFO  util.JvmPauseMonitor (JvmPauseMonitor.java:run(188)) - Starting JVM pause monitor
2021-11-15 13:52:49,414 [Listener at 127.0.0.1/11746] INFO  ha.OMHANodeDetails (OMHANodeDetails.java:loadOMHAConfig(118)) - ServiceID for OzoneManager is om-service-test1
2021-11-15 13:52:49,414 [Listener at 127.0.0.1/11746] INFO  ha.OMHANodeDetails (OMHANodeDetails.java:loadOMHAConfig(194)) - Found matching OM address with OMServiceId: om-service-test1, OMNodeId: omNode-3, RPC Address: localhost:11752 and Ratis port: 11756
2021-11-15 13:52:49,415 [Listener at 127.0.0.1/11746] INFO  ha.OMHANodeDetails (ConfUtils.java:setNodeSpecificConfigs(108)) - Setting configuration key ozone.om.http-address with value of key ozone.om.http-address.om-service-test1.omNode-3: 127.0.0.1:11754
2021-11-15 13:52:49,415 [Listener at 127.0.0.1/11746] INFO  ha.OMHANodeDetails (ConfUtils.java:setNodeSpecificConfigs(108)) - Setting configuration key ozone.om.https-address with value of key ozone.om.https-address.om-service-test1.omNode-3: 127.0.0.1:11755
2021-11-15 13:52:49,415 [Listener at 127.0.0.1/11746] INFO  ha.OMHANodeDetails (ConfUtils.java:setNodeSpecificConfigs(108)) - Setting configuration key ozone.om.address with value of key ozone.om.address.om-service-test1.omNode-3: 127.0.0.1:11752
2021-11-15 13:52:49,416 [Listener at 127.0.0.1/11746] WARN  server.ServerUtils (ServerUtils.java:getDBPath(225)) - ozone.om.db.dirs is not configured. We recommend adding this setting. Falling back to ozone.metadata.dirs instead.
OM initialization succeeded.Current cluster id for sd=/home/runner/work/ozone/ozone/hadoop-ozone/integration-test/target/test-dir/MiniOzoneClusterImpl-e73edc9f-ff19-4fd0-8331-074ccb3cb693/omNode-3/om;cid=e73edc9f-ff19-4fd0-8331-074ccb3cb693;layoutVersion=0
2021-11-15 13:52:49,426 [Listener at 127.0.0.1/11746] INFO  ha.OMHANodeDetails (OMHANodeDetails.java:loadOMHAConfig(118)) - ServiceID for OzoneManager is om-service-test1
2021-11-15 13:52:49,427 [Listener at 127.0.0.1/11746] INFO  ha.OMHANodeDetails (OMHANodeDetails.java:loadOMHAConfig(194)) - Found matching OM address with OMServiceId: om-service-test1, OMNodeId: omNode-3, RPC Address: localhost:11752 and Ratis port: 11756
2021-11-15 13:52:49,427 [Listener at 127.0.0.1/11746] INFO  ha.OMHANodeDetails (ConfUtils.java:setNodeSpecificConfigs(108)) - Setting configuration key ozone.om.http-address with value of key ozone.om.http-address.om-service-test1.omNode-3: 127.0.0.1:11754
2021-11-15 13:52:49,427 [Listener at 127.0.0.1/11746] INFO  ha.OMHANodeDetails (ConfUtils.java:setNodeSpecificConfigs(108)) - Setting configuration key ozone.om.https-address with value of key ozone.om.https-address.om-service-test1.omNode-3: 127.0.0.1:11755
2021-11-15 13:52:49,427 [Listener at 127.0.0.1/11746] INFO  ha.OMHANodeDetails (ConfUtils.java:setNodeSpecificConfigs(108)) - Setting configuration key ozone.om.address with value of key ozone.om.address.om-service-test1.omNode-3: 127.0.0.1:11752
2021-11-15 13:52:49,427 [Listener at 127.0.0.1/11746] WARN  server.ServerUtils (ServerUtils.java:getDBPath(225)) - ozone.om.db.dirs is not configured. We recommend adding this setting. Falling back to ozone.metadata.dirs instead.
2021-11-15 13:52:49,427 [Listener at 127.0.0.1/11746] INFO  upgrade.AbstractLayoutVersionManager (AbstractLayoutVersionManager.java:init(79)) - Initializing Layout version manager with metadata layout = INITIAL_VERSION (version = 0), software layout = INITIAL_VERSION (version = 0)
2021-11-15 13:52:49,473 [Listener at 127.0.0.1/11746] INFO  reflections.Reflections (Reflections.java:scan(232)) - Reflections took 45 ms to scan 2 urls, producing 131 keys and 344 values [using 2 cores]
2021-11-15 13:52:49,474 [Listener at 127.0.0.1/11746] INFO  upgrade.OMLayoutVersionManager (OMLayoutVersionManager.java:lambda$0(115)) - Skipping Upgrade Action MockOmUpgradeAction since it has been finalized.
2021-11-15 13:52:49,474 [Listener at 127.0.0.1/11746] WARN  server.ServerUtils (ServerUtils.java:getDBPath(225)) - ozone.om.db.dirs is not configured. We recommend adding this setting. Falling back to ozone.metadata.dirs instead.
2021-11-15 13:52:49,491 [Listener at 127.0.0.1/11746] WARN  server.ServerUtils (ServerUtils.java:getDBPath(225)) - ozone.om.db.dirs is not configured. We recommend adding this setting. Falling back to ozone.metadata.dirs instead.
2021-11-15 13:52:49,492 [Listener at 127.0.0.1/11746] INFO  codec.OmKeyInfoCodec (OmKeyInfoCodec.java:<init>(50)) - OmKeyInfoCodec ignorePipeline = true
2021-11-15 13:52:49,493 [Listener at 127.0.0.1/11746] INFO  codec.RepeatedOmKeyInfoCodec (RepeatedOmKeyInfoCodec.java:<init>(42)) - RepeatedOmKeyInfoCodec ignorePipeline = true
2021-11-15 13:52:49,592 [Listener at 127.0.0.1/11746] INFO  om.OzoneManager (OzoneManager.java:addS3GVolumeToDB(3457)) - Created Volume s3v With Owner runner required for S3Gateway operations.
2021-11-15 13:52:49,592 [Listener at 127.0.0.1/11746] WARN  server.ServerUtils (ServerUtils.java:getDefaultRatisDirectory(237)) - Storage directory for Ratis is not configured. It is a good idea to map this to an SSD disk. Falling back to ozone.metadata.dirs
2021-11-15 13:52:49,592 [Listener at 127.0.0.1/11746] WARN  utils.OzoneManagerRatisUtils (OzoneManagerRatisUtils.java:getOMRatisSnapshotDirectory(425)) - ozone.om.ratis.snapshot.dir is not configured. Falling back to ozone.metadata.dirs config
2021-11-15 13:52:49,592 [Listener at 127.0.0.1/11746] INFO  snapshot.OzoneManagerSnapshotProvider (OzoneManagerSnapshotProvider.java:<init>(76)) - Initializing OM Snapshot Provider
2021-11-15 13:52:49,593 [Listener at 127.0.0.1/11746] WARN  impl.MetricRegistriesImpl (MetricRegistriesImpl.java:addReporterRegistration(111)) - New reporters are added after registries were created. Some metrics will be missing from the reporter. Please add reporter before adding any new registry.
2021-11-15 13:52:49,593 [Listener at 127.0.0.1/11746] WARN  impl.MetricRegistriesImpl (MetricRegistriesImpl.java:addReporterRegistration(111)) - New reporters are added after registries were created. Some metrics will be missing from the reporter. Please add reporter before adding any new registry.
2021-11-15 13:52:49,593 [Listener at 127.0.0.1/11746] WARN  server.ServerUtils (ServerUtils.java:getDefaultRatisDirectory(237)) - Storage directory for Ratis is not configured. It is a good idea to map this to an SSD disk. Falling back to ozone.metadata.dirs
2021-11-15 13:52:49,594 [Listener at 127.0.0.1/11746] INFO  ratis.OzoneManagerRatisServer (OzoneManagerRatisServer.java:<init>(159)) - Instantiating OM Ratis server with groupID: om-service-test1 and peers: localhost:11756, localhost:11744, localhost:11750
2021-11-15 13:52:49,595 [Listener at 127.0.0.1/11746] INFO  ratis.OzoneManagerStateMachine (OzoneManagerStateMachine.java:loadSnapshotInfoFromDB(605)) - LastAppliedIndex is set from TransactionInfo from OM DB as (t:0, i:~)
2021-11-15 13:52:49,595 [Listener at 127.0.0.1/11746] INFO  server.RaftServer (ConfUtils.java:logGet(44)) - raft.rpc.type = GRPC (default)
2021-11-15 13:52:49,595 [Listener at 127.0.0.1/11746] INFO  grpc.GrpcFactory (GrpcFactory.java:checkPooledByteBufAllocatorUseCacheForAllThreads(48)) - PERFORMANCE WARNING: useCacheForAllThreads is true that may cause Netty to create a lot garbage objects and, as a result, trigger GC.
	It is recommended to disable useCacheForAllThreads by setting -Dorg.apache.ratis.thirdparty.io.netty.allocator.useCacheForAllThreads=false in command line.
2021-11-15 13:52:49,595 [Listener at 127.0.0.1/11746] INFO  grpc.GrpcConfigKeys (ConfUtils.java:logGet(44)) - raft.grpc.admin.port = -1 (default)
2021-11-15 13:52:49,595 [Listener at 127.0.0.1/11746] INFO  grpc.GrpcConfigKeys (ConfUtils.java:logGet(44)) - raft.grpc.server.port = 11756 (custom)
2021-11-15 13:52:49,595 [Listener at 127.0.0.1/11746] INFO  grpc.GrpcConfigKeys (ConfUtils.java:logGet(44)) - raft.grpc.client.port = -1 (default)
2021-11-15 13:52:49,595 [Listener at 127.0.0.1/11746] INFO  grpc.GrpcConfigKeys (ConfUtils.java:logGet(44)) - raft.grpc.server.port = 11756 (custom)
2021-11-15 13:52:49,596 [Listener at 127.0.0.1/11746] INFO  grpc.GrpcConfigKeys (ConfUtils.java:logGet(44)) - raft.grpc.server.port = 11756 (custom)
2021-11-15 13:52:49,596 [Listener at 127.0.0.1/11746] INFO  server.GrpcService (ConfUtils.java:logGet(44)) - raft.grpc.message.size.max = 33554432 (custom)
2021-11-15 13:52:49,596 [Listener at 127.0.0.1/11746] INFO  server.RaftServerConfigKeys (ConfUtils.java:logGet(44)) - raft.server.log.appender.buffer.byte-limit = 33554432 (custom)
2021-11-15 13:52:49,596 [Listener at 127.0.0.1/11746] INFO  server.GrpcService (ConfUtils.java:logGet(44)) - raft.grpc.flow.control.window = 1MB (=1048576) (default)
2021-11-15 13:52:49,596 [Listener at 127.0.0.1/11746] INFO  server.RaftServerConfigKeys (ConfUtils.java:logGet(44)) - raft.server.rpc.request.timeout = 3000ms (default)
2021-11-15 13:52:49,597 [Listener at 127.0.0.1/11746] INFO  impl.DataStreamServerImpl (ConfUtils.java:logGet(44)) - raft.datastream.type = DISABLED (default)
2021-11-15 13:52:49,597 [Listener at 127.0.0.1/11746] INFO  server.RaftServerConfigKeys (ConfUtils.java:logGet(44)) - raft.server.rpc.slowness.timeout = 2s (custom)
2021-11-15 13:52:49,597 [Listener at 127.0.0.1/11746] INFO  server.RaftServerConfigKeys (ConfUtils.java:logGet(44)) - raft.server.leaderelection.leader.step-down.wait-time = 10s (default)
2021-11-15 13:52:49,597 [Listener at 127.0.0.1/11746] INFO  server.RaftServerConfigKeys (ConfUtils.java:logGet(44)) - raft.server.storage.dir = [/home/runner/work/ozone/ozone/hadoop-ozone/integration-test/target/test-dir/MiniOzoneClusterImpl-e73edc9f-ff19-4fd0-8331-074ccb3cb693/omNode-3/ratis] (custom)
2021-11-15 13:52:49,598 [Listener at 127.0.0.1/11746] INFO  server.RaftServer (RaftServerProxy.java:addNew(95)) - omNode-3: addNew group-523986131536:[omNode-3|rpc:localhost:11756|priority:0, omNode-1|rpc:localhost:11744|priority:0, omNode-2|rpc:localhost:11750|priority:0] returns group-523986131536:java.util.concurrent.CompletableFuture@35014251[Not completed]
2021-11-15 13:52:49,598 [Listener at 127.0.0.1/11746] INFO  om.OzoneManager (OzoneManager.java:initializeRatisServer(1639)) - OzoneManager Ratis server initialized at port 11756
2021-11-15 13:52:49,599 [Listener at 127.0.0.1/11746] INFO  ipc.CallQueueManager (CallQueueManager.java:<init>(90)) - Using callQueue: class java.util.concurrent.LinkedBlockingQueue, queueCapacity: 2000, scheduler: class org.apache.hadoop.ipc.DefaultRpcScheduler, ipcBackoff: false.
2021-11-15 13:52:49,600 [pool-83-thread-1] INFO  server.RaftServer$Division (RaftServerImpl.java:<init>(184)) - omNode-3: new RaftServerImpl for group-523986131536:[omNode-3|rpc:localhost:11756|priority:0, omNode-1|rpc:localhost:11744|priority:0, omNode-2|rpc:localhost:11750|priority:0] with OzoneManagerStateMachine:uninitialized
2021-11-15 13:52:49,600 [pool-83-thread-1] INFO  server.RaftServerConfigKeys (ConfUtils.java:logGet(44)) - raft.server.rpc.timeout.min = 1s (custom)
2021-11-15 13:52:49,600 [pool-83-thread-1] INFO  server.RaftServerConfigKeys (ConfUtils.java:logGet(44)) - raft.server.rpc.timeout.max = 1200ms (custom)
2021-11-15 13:52:49,600 [pool-83-thread-1] INFO  server.RaftServerConfigKeys (ConfUtils.java:logGet(44)) - raft.server.rpc.sleep.time = 25ms (default)
2021-11-15 13:52:49,601 [pool-83-thread-1] INFO  server.RaftServerConfigKeys (ConfUtils.java:logGet(44)) - raft.server.rpc.slowness.timeout = 2s (custom)
2021-11-15 13:52:49,601 [pool-83-thread-1] INFO  server.RaftServerConfigKeys (ConfUtils.java:logGet(44)) - raft.server.leaderelection.leader.step-down.wait-time = 10s (default)
2021-11-15 13:52:49,601 [pool-83-thread-1] INFO  server.RaftServerConfigKeys (ConfUtils.java:logGet(44)) - raft.server.sleep.deviation.threshold = 300ms (default)
2021-11-15 13:52:49,601 [pool-83-thread-1] INFO  server.RaftServerConfigKeys (ConfUtils.java:logGet(44)) - raft.server.log.appender.install.snapshot.enabled = false (custom)
2021-11-15 13:52:49,601 [pool-83-thread-1] INFO  server.RaftServer$Division (ServerState.java:<init>(105)) - omNode-3@group-523986131536: ConfigurationManager, init=-1: [omNode-3|rpc:localhost:11756|priority:0, omNode-1|rpc:localhost:11744|priority:0, omNode-2|rpc:localhost:11750|priority:0], old=null, confs=<EMPTY_MAP>
2021-11-15 13:52:49,601 [pool-83-thread-1] INFO  server.RaftServerConfigKeys (ConfUtils.java:logGet(44)) - raft.server.storage.dir = [/home/runner/work/ozone/ozone/hadoop-ozone/integration-test/target/test-dir/MiniOzoneClusterImpl-e73edc9f-ff19-4fd0-8331-074ccb3cb693/omNode-3/ratis] (custom)
2021-11-15 13:52:49,602 [pool-83-thread-1] INFO  server.RaftServerConfigKeys (ConfUtils.java:logGet(44)) - raft.server.log.corruption.policy = EXCEPTION (default)
2021-11-15 13:52:49,602 [pool-83-thread-1] INFO  server.RaftServerConfigKeys (ConfUtils.java:logGet(44)) - raft.server.storage.free-space.min = 0MB (=0) (default)
2021-11-15 13:52:49,602 [pool-83-thread-1] INFO  storage.RaftStorageDirectory (RaftStorageDirectoryImpl.java:analyzeStorage(135)) - The storage directory /home/runner/work/ozone/ozone/hadoop-ozone/integration-test/target/test-dir/MiniOzoneClusterImpl-e73edc9f-ff19-4fd0-8331-074ccb3cb693/omNode-3/ratis/c9bc4cf4-3bc3-3c60-a66b-523986131536 does not exist. Creating ...
2021-11-15 13:52:49,603 [pool-83-thread-1] INFO  storage.RaftStorageDirectory (RaftStorageDirectoryImpl.java:tryLock(230)) - Lock on /home/runner/work/ozone/ozone/hadoop-ozone/integration-test/target/test-dir/MiniOzoneClusterImpl-e73edc9f-ff19-4fd0-8331-074ccb3cb693/omNode-3/ratis/c9bc4cf4-3bc3-3c60-a66b-523986131536/in_use.lock acquired by nodename 22325@fv-az151-339
2021-11-15 13:52:49,604 [pool-83-thread-1] INFO  storage.RaftStorage (RaftStorageImpl.java:format(89)) - Storage directory /home/runner/work/ozone/ozone/hadoop-ozone/integration-test/target/test-dir/MiniOzoneClusterImpl-e73edc9f-ff19-4fd0-8331-074ccb3cb693/omNode-3/ratis/c9bc4cf4-3bc3-3c60-a66b-523986131536 has been successfully formatted.
2021-11-15 13:52:49,604 [pool-83-thread-1] INFO  server.RaftServerConfigKeys (ConfUtils.java:logGet(44)) - raft.server.notification.no-leader.timeout = 2s (custom)
2021-11-15 13:52:49,605 [pool-83-thread-1] INFO  server.RaftServerConfigKeys (ConfUtils.java:logGet(44)) - raft.server.log.use.memory = false (default)
2021-11-15 13:52:49,611 [Socket Reader #1 for port 11752] INFO  ipc.Server (Server.java:run(1265)) - Starting Socket Reader #1 for port 11752
2021-11-15 13:52:49,611 [pool-83-thread-1] INFO  server.RaftServerConfigKeys (ConfUtils.java:logGet(44)) - raft.server.log.purge.gap = 50 (custom)
2021-11-15 13:52:49,612 [pool-83-thread-1] INFO  server.RaftServerConfigKeys (ConfUtils.java:logGet(44)) - raft.server.log.appender.buffer.byte-limit = 33554432 (custom)
2021-11-15 13:52:49,612 [pool-83-thread-1] INFO  server.RaftServerConfigKeys (ConfUtils.java:logGet(44)) - raft.server.log.segment.size.max = 4194304 (custom)
2021-11-15 13:52:49,619 [pool-83-thread-1] INFO  server.RaftServerConfigKeys (ConfUtils.java:logGet(44)) - raft.server.log.segment.cache.num.max = 2 (custom)
2021-11-15 13:52:49,619 [pool-83-thread-1] INFO  server.RaftServerConfigKeys (ConfUtils.java:logGet(44)) - raft.server.log.segment.cache.size.max = 200MB (=209715200) (default)
2021-11-15 13:52:49,621 [pool-83-thread-1] INFO  segmented.SegmentedRaftLogWorker (SegmentedRaftLogWorker.java:<init>(182)) - new omNode-3@group-523986131536-SegmentedRaftLogWorker for RaftStorageImpl:Storage Directory /home/runner/work/ozone/ozone/hadoop-ozone/integration-test/target/test-dir/MiniOzoneClusterImpl-e73edc9f-ff19-4fd0-8331-074ccb3cb693/omNode-3/ratis/c9bc4cf4-3bc3-3c60-a66b-523986131536
2021-11-15 13:52:49,621 [pool-83-thread-1] INFO  server.RaftServerConfigKeys (ConfUtils.java:logGet(44)) - raft.server.log.queue.byte-limit = 64MB (=67108864) (default)
2021-11-15 13:52:49,621 [pool-83-thread-1] INFO  server.RaftServerConfigKeys (ConfUtils.java:logGet(44)) - raft.server.log.queue.element-limit = 4096 (default)
2021-11-15 13:52:49,621 [pool-83-thread-1] INFO  server.RaftServerConfigKeys (ConfUtils.java:logGet(44)) - raft.server.log.segment.size.max = 4194304 (custom)
2021-11-15 13:52:49,621 [pool-83-thread-1] INFO  server.RaftServerConfigKeys (ConfUtils.java:logGet(44)) - raft.server.log.preallocated.size = 4194304 (custom)
2021-11-15 13:52:49,621 [pool-83-thread-1] INFO  server.RaftServerConfigKeys (ConfUtils.java:logGet(44)) - raft.server.log.force.sync.num = 128 (default)
2021-11-15 13:52:49,621 [pool-83-thread-1] INFO  server.RaftServerConfigKeys (ConfUtils.java:logGet(44)) - raft.server.log.statemachine.data.sync = true (default)
2021-11-15 13:52:49,621 [pool-83-thread-1] INFO  server.RaftServerConfigKeys (ConfUtils.java:logGet(44)) - raft.server.log.statemachine.data.sync.timeout = 10s (default)
2021-11-15 13:52:49,621 [pool-83-thread-1] INFO  server.RaftServerConfigKeys (ConfUtils.java:logGet(44)) - raft.server.log.statemachine.data.sync.timeout.retry = -1 (default)
2021-11-15 13:52:49,625 [pool-83-thread-1] INFO  server.RaftServerConfigKeys (ConfUtils.java:logGet(44)) - raft.server.log.write.buffer.size = 64KB (=65536) (default)
2021-11-15 13:52:49,625 [pool-83-thread-1] INFO  server.RaftServerConfigKeys (ConfUtils.java:logGet(44)) - raft.server.log.statemachine.data.caching.enabled = false (default)
2021-11-15 13:52:49,625 [pool-83-thread-1] INFO  segmented.SegmentedRaftLogWorker (SegmentedRaftLogWorker.java:lambda$new$0(133)) - omNode-3@group-523986131536-SegmentedRaftLogWorker: flushIndex: setUnconditionally 0 -> -1
2021-11-15 13:52:49,625 [pool-83-thread-1] INFO  segmented.SegmentedRaftLogWorker (SegmentedRaftLogWorker.java:lambda$new$0(133)) - omNode-3@group-523986131536-SegmentedRaftLogWorker: safeCacheEvictIndex: setUnconditionally 0 -> -1
2021-11-15 13:52:49,626 [pool-83-thread-1] INFO  server.RaftServerConfigKeys (ConfUtils.java:logGet(44)) - raft.server.snapshot.auto.trigger.enabled = true (custom)
2021-11-15 13:52:49,626 [pool-83-thread-1] INFO  server.RaftServerConfigKeys (ConfUtils.java:logGet(44)) - raft.server.snapshot.auto.trigger.threshold = 50 (custom)
2021-11-15 13:52:49,626 [pool-83-thread-1] INFO  server.RaftServerConfigKeys (ConfUtils.java:logGet(44)) - raft.server.snapshot.retention.file.num = -1 (default)
2021-11-15 13:52:49,626 [pool-83-thread-1] INFO  server.RaftServerConfigKeys (ConfUtils.java:logGet(44)) - raft.server.log.purge.upto.snapshot.index = true (custom)
2021-11-15 13:52:49,626 [pool-83-thread-1] INFO  server.RaftServerConfigKeys (ConfUtils.java:logGet(44)) - raft.server.retrycache.expirytime = 30000ms (custom)
2021-11-15 13:52:49,626 [pool-83-thread-1] INFO  server.RaftServerConfigKeys (ConfUtils.java:logGet(44)) - raft.server.retrycache.statistics.expirytime = 100μs (default)
2021-11-15 13:52:49,639 [Listener at 127.0.0.1/11752] INFO  om.OzoneManager (OzoneManager.java:initFSOLayout(3662)) - Configured ozone.om.metadata.layout=SIMPLE and disabled optimized OM FS operations
2021-11-15 13:52:49,640 [Listener at 127.0.0.1/11752] INFO  impl.MetricsSystemImpl (MetricsSystemImpl.java:init(158)) - OzoneManager metrics system started (again)
2021-11-15 13:52:49,652 [Listener at 127.0.0.1/11752] INFO  om.OzoneManager (OzoneManager.java:start(1323)) - OzoneManager RPC server is listening at localhost/127.0.0.1:11752
2021-11-15 13:52:49,652 [Listener at 127.0.0.1/11752] INFO  ratis.OzoneManagerRatisServer (OzoneManagerRatisServer.java:start(522)) - Starting OzoneManagerRatisServer omNode-3 at port 11756
2021-11-15 13:52:49,652 [Listener at 127.0.0.1/11752] INFO  server.RaftServer$Division (RaftServerImpl.java:start(301)) - omNode-3@group-523986131536: start as a follower, conf=-1: [omNode-3|rpc:localhost:11756|priority:0, omNode-1|rpc:localhost:11744|priority:0, omNode-2|rpc:localhost:11750|priority:0], old=null
2021-11-15 13:52:49,652 [Listener at 127.0.0.1/11752] INFO  server.RaftServer$Division (RaftServerImpl.java:setRole(290)) - omNode-3@group-523986131536: changes role from      null to FOLLOWER at term 0 for startAsFollower
2021-11-15 13:52:49,652 [Listener at 127.0.0.1/11752] INFO  impl.RoleInfo (RoleInfo.java:updateAndGet(130)) - omNode-3: start omNode-3@group-523986131536-FollowerState
2021-11-15 13:52:49,672 [Listener at 127.0.0.1/11752] INFO  util.JmxRegister (JmxRegister.java:tryRegister(44)) - Successfully registered JMX Bean with object name Ratis:service=RaftServer,group=group-523986131536,id=omNode-3
2021-11-15 13:52:49,691 [Listener at 127.0.0.1/11752] INFO  server.RaftServer (RaftServerProxy.java:lambda$start$5(374)) - omNode-3: start RPC server
2021-11-15 13:52:49,692 [Listener at 127.0.0.1/11752] INFO  server.GrpcService (GrpcService.java:startImpl(253)) - omNode-3: GrpcService started, listening on 11756
2021-11-15 13:52:49,693 [Listener at 127.0.0.1/11752] INFO  om.OzoneManager (OzoneManager.java:start(1341)) - Version File has different layout version (0) than OM DB (null). That is expected if this OM has never been finalized to a newer layout version.
2021-11-15 13:52:49,693 [org.apache.ratis.util.JvmPauseMonitor$$Lambda$523/645118495@e646b14] INFO  util.JvmPauseMonitor (JvmPauseMonitor.java:run(103)) - JvmPauseMonitor-omNode-3: Started
2021-11-15 13:52:49,696 [Listener at 127.0.0.1/11752] INFO  http.BaseHttpServer (BaseHttpServer.java:newHttpServer2BuilderForOzone(209)) - Starting Web-server for ozoneManager at: http://0.0.0.0:11754
2021-11-15 13:52:49,696 [Listener at 127.0.0.1/11752] INFO  http.BaseHttpServer (BaseHttpServer.java:<init>(107)) - Hadoop Security Enabled: false Ozone Security Enabled: false Ozone HTTP Security Enabled: false 
2021-11-15 13:52:49,697 [Listener at 127.0.0.1/11752] INFO  server.AuthenticationFilter (AuthenticationFilter.java:constructSecretProvider(240)) - Unable to initialize FileSignerSecretProvider, falling back to use random secrets.
2021-11-15 13:52:49,698 [Listener at 127.0.0.1/11752] WARN  http.HttpRequestLog (HttpRequestLog.java:getRequestLog(103)) - Jetty request log can only be enabled using Log4j
2021-11-15 13:52:49,699 [Listener at 127.0.0.1/11752] INFO  http.HttpServer2 (HttpServer2.java:addGlobalFilter(1030)) - Added global filter 'safety' (class=org.apache.hadoop.hdds.server.http.HttpServer2$QuotingInputFilter)
2021-11-15 13:52:49,700 [Listener at 127.0.0.1/11752] INFO  http.HttpServer2 (HttpServer2.java:addFilter(1006)) - Added filter static_user_filter (class=org.apache.hadoop.http.lib.StaticUserWebFilter$StaticUserFilter) to context ozoneManager
2021-11-15 13:52:49,700 [Listener at 127.0.0.1/11752] INFO  http.HttpServer2 (HttpServer2.java:addFilter(1014)) - Added filter static_user_filter (class=org.apache.hadoop.http.lib.StaticUserWebFilter$StaticUserFilter) to context static
2021-11-15 13:52:49,700 [Listener at 127.0.0.1/11752] INFO  http.HttpServer2 (HttpServer2.java:addFilter(1014)) - Added filter static_user_filter (class=org.apache.hadoop.http.lib.StaticUserWebFilter$StaticUserFilter) to context logs
2021-11-15 13:52:49,701 [Listener at 127.0.0.1/11752] INFO  http.HttpServer2 (HttpServer2.java:bindListener(1249)) - Jetty bound to port 11754
2021-11-15 13:52:49,701 [Listener at 127.0.0.1/11752] INFO  server.Server (Server.java:doStart(375)) - jetty-9.4.43.v20210629; built: 2021-06-30T11:07:22.254Z; git: 526006ecfa3af7f1a27ef3a288e2bef7ea9dd7e8; jvm 1.8.0_292-b10
2021-11-15 13:52:49,705 [Listener at 127.0.0.1/11752] INFO  server.session (DefaultSessionIdManager.java:doStart(334)) - DefaultSessionIdManager workerName=node0
2021-11-15 13:52:49,705 [Listener at 127.0.0.1/11752] INFO  server.session (DefaultSessionIdManager.java:doStart(339)) - No SessionScavenger set, using defaults
2021-11-15 13:52:49,705 [Listener at 127.0.0.1/11752] INFO  server.session (HouseKeeper.java:startScavenging(132)) - node0 Scavenging every 600000ms
2021-11-15 13:52:49,706 [Listener at 127.0.0.1/11752] INFO  handler.ContextHandler (ContextHandler.java:doStart(915)) - Started o.e.j.s.ServletContextHandler@4fb5adb8{logs,/logs,file:///home/runner/work/ozone/ozone/hadoop-ozone/integration-test/target/log,AVAILABLE}
2021-11-15 13:52:49,707 [Listener at 127.0.0.1/11752] INFO  handler.ContextHandler (ContextHandler.java:doStart(915)) - Started o.e.j.s.ServletContextHandler@293918f9{static,/static,file:///home/runner/work/ozone/ozone/hadoop-ozone/integration-test/target/test-classes/webapps/static,AVAILABLE}
2021-11-15 13:52:49,710 [Listener at 127.0.0.1/11752] INFO  handler.ContextHandler (ContextHandler.java:doStart(915)) - Started o.e.j.w.WebAppContext@4b54bed2{ozoneManager,/,file:///home/runner/work/ozone/ozone/hadoop-ozone/integration-test/target/test-classes/webapps/ozoneManager/,AVAILABLE}{file:/home/runner/work/ozone/ozone/hadoop-ozone/integration-test/target/test-classes/webapps/ozoneManager}
2021-11-15 13:52:49,712 [Listener at 127.0.0.1/11752] INFO  server.AbstractConnector (AbstractConnector.java:doStart(331)) - Started ServerConnector@4afd8f16{HTTP/1.1, (http/1.1)}{0.0.0.0:11754}
2021-11-15 13:52:49,712 [Listener at 127.0.0.1/11752] INFO  server.Server (Server.java:doStart(415)) - Started @5756ms
2021-11-15 13:52:49,713 [Listener at 127.0.0.1/11752] WARN  impl.MetricsSystemImpl (MetricsSystemImpl.java:register(279)) - Sink prometheus already exists!
2021-11-15 13:52:49,713 [Listener at 127.0.0.1/11752] INFO  http.BaseHttpServer (BaseHttpServer.java:updateConnectorAddress(329)) - HTTP server of ozoneManager listening at http://0.0.0.0:11754
2021-11-15 13:52:49,713 [IPC Server Responder] INFO  ipc.Server (Server.java:run(1507)) - IPC Server Responder: starting
2021-11-15 13:52:49,717 [IPC Server listener on 11752] INFO  ipc.Server (Server.java:run(1344)) - IPC Server listener on 11752: starting
2021-11-15 13:52:49,723 [Listener at 127.0.0.1/11752] INFO  om.OzoneManager (OzoneManager.java:startTrashEmptier(1597)) - Trash Interval set to 0. Files deleted will not move to trash
2021-11-15 13:52:49,723 [Listener at 127.0.0.1/11752] INFO  ozone.MiniOzoneHAClusterImpl (MiniOzoneHAClusterImpl.java:createOMService(485)) - Started OzoneManager omNode-3 RPC server at localhost/127.0.0.1:11752
2021-11-15 13:52:49,723 [org.apache.hadoop.util.JvmPauseMonitor$Monitor@71bebbff] INFO  util.JvmPauseMonitor (JvmPauseMonitor.java:run(188)) - Starting JVM pause monitor
2021-11-15 13:52:49,855 [Listener at 127.0.0.1/11752] WARN  impl.MetricRegistriesImpl (MetricRegistriesImpl.java:addReporterRegistration(111)) - New reporters are added after registries were created. Some metrics will be missing from the reporter. Please add reporter before adding any new registry.
2021-11-15 13:52:49,855 [Listener at 127.0.0.1/11752] WARN  impl.MetricRegistriesImpl (MetricRegistriesImpl.java:addReporterRegistration(111)) - New reporters are added after registries were created. Some metrics will be missing from the reporter. Please add reporter before adding any new registry.
2021-11-15 13:52:49,855 [Listener at 127.0.0.1/11752] INFO  impl.MetricsSystemImpl (MetricsSystemImpl.java:init(158)) - HddsDatanode metrics system started (again)
2021-11-15 13:52:49,869 [Listener at 127.0.0.1/11752] INFO  ozone.HddsDatanodeService (HddsDatanodeService.java:start(234)) - HddsDatanodeService host:fv-az151-339.yf2hydr00wburbhx3j5hxtcipe.bx.internal.cloudapp.net ip:10.1.0.55
2021-11-15 13:52:49,897 [Listener at 127.0.0.1/11752] INFO  upgrade.AbstractLayoutVersionManager (AbstractLayoutVersionManager.java:init(79)) - Initializing Layout version manager with metadata layout = SCM_HA (version = 2), software layout = SCM_HA (version = 2)
2021-11-15 13:52:49,933 [Listener at 127.0.0.1/11752] INFO  reflections.Reflections (Reflections.java:scan(232)) - Reflections took 35 ms to scan 7 urls, producing 119 keys and 279 values 
2021-11-15 13:52:49,936 [Listener at 127.0.0.1/11752] INFO  statemachine.DatanodeStateMachine (DatanodeStateMachine.java:getEndPointTaskThreadPoolSize(219)) - Datanode State Machine Task Thread Pool size 2
2021-11-15 13:52:49,981 [Listener at 127.0.0.1/11752] INFO  volume.HddsVolume (HddsVolume.java:<init>(120)) - Creating HddsVolume: /home/runner/work/ozone/ozone/hadoop-ozone/integration-test/target/test-dir/MiniOzoneClusterImpl-e73edc9f-ff19-4fd0-8331-074ccb3cb693/datanode-0/data-0/containers/hdds of storage type : DISK capacity : 9223372036854775807
2021-11-15 13:52:49,983 [Listener at 127.0.0.1/11752] INFO  volume.MutableVolumeSet (MutableVolumeSet.java:initializeVolumeSet(168)) - Added Volume : /home/runner/work/ozone/ozone/hadoop-ozone/integration-test/target/test-dir/MiniOzoneClusterImpl-e73edc9f-ff19-4fd0-8331-074ccb3cb693/datanode-0/data-0/containers/hdds to VolumeSet
2021-11-15 13:52:49,984 [Listener at 127.0.0.1/11752] INFO  volume.ThrottledAsyncChecker (ThrottledAsyncChecker.java:schedule(141)) - Scheduling a check for /home/runner/work/ozone/ozone/hadoop-ozone/integration-test/target/test-dir/MiniOzoneClusterImpl-e73edc9f-ff19-4fd0-8331-074ccb3cb693/datanode-0/data-0/containers/hdds
2021-11-15 13:52:50,000 [Listener at 127.0.0.1/11752] INFO  volume.StorageVolumeChecker (StorageVolumeChecker.java:checkAllVolumes(202)) - Scheduled health check for volume /home/runner/work/ozone/ozone/hadoop-ozone/integration-test/target/test-dir/MiniOzoneClusterImpl-e73edc9f-ff19-4fd0-8331-074ccb3cb693/datanode-0/data-0/containers/hdds
2021-11-15 13:52:50,016 [Listener at 127.0.0.1/11752] INFO  volume.MutableVolumeSet (MutableVolumeSet.java:initializeVolumeSet(168)) - Added Volume : /home/runner/work/ozone/ozone/hadoop-ozone/integration-test/target/test-dir/MiniOzoneClusterImpl-e73edc9f-ff19-4fd0-8331-074ccb3cb693/datanode-0/data/ratis to VolumeSet
2021-11-15 13:52:50,017 [Listener at 127.0.0.1/11752] INFO  volume.ThrottledAsyncChecker (ThrottledAsyncChecker.java:schedule(141)) - Scheduling a check for /home/runner/work/ozone/ozone/hadoop-ozone/integration-test/target/test-dir/MiniOzoneClusterImpl-e73edc9f-ff19-4fd0-8331-074ccb3cb693/datanode-0/data/ratis
2021-11-15 13:52:50,017 [Listener at 127.0.0.1/11752] INFO  volume.StorageVolumeChecker (StorageVolumeChecker.java:checkAllVolumes(202)) - Scheduled health check for volume /home/runner/work/ozone/ozone/hadoop-ozone/integration-test/target/test-dir/MiniOzoneClusterImpl-e73edc9f-ff19-4fd0-8331-074ccb3cb693/datanode-0/data/ratis
2021-11-15 13:52:50,030 [Thread-215] INFO  ozoneimpl.ContainerReader (ContainerReader.java:readVolume(172)) - Finish verifying containers on volume /home/runner/work/ozone/ozone/hadoop-ozone/integration-test/target/test-dir/MiniOzoneClusterImpl-e73edc9f-ff19-4fd0-8331-074ccb3cb693/datanode-0/data-0/containers/hdds
2021-11-15 13:52:50,030 [Listener at 127.0.0.1/11752] INFO  ozoneimpl.OzoneContainer (OzoneContainer.java:buildContainerSet(236)) - Build ContainerSet costs 0s
2021-11-15 13:52:50,063 [omNode-1@group-523986131536-FollowerState] INFO  impl.FollowerState (FollowerState.java:run(134)) - omNode-1@group-523986131536-FollowerState: change to CANDIDATE, lastRpcElapsedTime:1058283879ns, electionTimeout:1054ms
2021-11-15 13:52:50,063 [omNode-1@group-523986131536-FollowerState] INFO  impl.RoleInfo (RoleInfo.java:shutdownFollowerState(108)) - omNode-1: shutdown omNode-1@group-523986131536-FollowerState
2021-11-15 13:52:50,070 [omNode-1@group-523986131536-FollowerState] INFO  server.RaftServer$Division (RaftServerImpl.java:setRole(290)) - omNode-1@group-523986131536: changes role from  FOLLOWER to CANDIDATE at term 0 for changeToCandidate
2021-11-15 13:52:50,073 [omNode-1@group-523986131536-FollowerState] INFO  server.RaftServerConfigKeys (ConfUtils.java:logGet(44)) - raft.server.leaderelection.pre-vote = false (custom)
2021-11-15 13:52:50,073 [omNode-1@group-523986131536-FollowerState] INFO  impl.RoleInfo (RoleInfo.java:updateAndGet(130)) - omNode-1: start omNode-1@group-523986131536-LeaderElection1
2021-11-15 13:52:50,215 [org.apache.ratis.util.JvmPauseMonitor$$Lambda$523/645118495@463bdee9] WARN  util.JvmPauseMonitor (JvmPauseMonitor.java:detectPause(124)) - JvmPauseMonitor-omNode-1: Detected pause in JVM or host machine (eg GC): pause of approximately 134012306ns.
GC pool 'PS MarkSweep' had collection(s): count=1 time=112ms
GC pool 'PS Scavenge' had collection(s): count=2 time=34ms
2021-11-15 13:52:50,227 [omNode-1@group-523986131536-LeaderElection1] INFO  impl.LeaderElection (LeaderElection.java:askForVotes(306)) - omNode-1@group-523986131536-LeaderElection1 ELECTION round 0: submit vote requests at term 1 for -1: [omNode-3|rpc:localhost:11756|priority:0, omNode-1|rpc:localhost:11744|priority:0, omNode-2|rpc:localhost:11750|priority:0], old=null
2021-11-15 13:52:50,260 [Listener at 127.0.0.1/11752] INFO  server.RaftServer (ConfUtils.java:logGet(44)) - raft.rpc.type = GRPC (default)
2021-11-15 13:52:50,260 [Listener at 127.0.0.1/11752] INFO  grpc.GrpcFactory (GrpcFactory.java:checkPooledByteBufAllocatorUseCacheForAllThreads(48)) - PERFORMANCE WARNING: useCacheForAllThreads is true that may cause Netty to create a lot garbage objects and, as a result, trigger GC.
	It is recommended to disable useCacheForAllThreads by setting -Dorg.apache.ratis.thirdparty.io.netty.allocator.useCacheForAllThreads=false in command line.
2021-11-15 13:52:50,261 [Listener at 127.0.0.1/11752] INFO  grpc.GrpcConfigKeys (ConfUtils.java:logGet(44)) - raft.grpc.admin.port = 0 (custom)
2021-11-15 13:52:50,261 [Listener at 127.0.0.1/11752] INFO  grpc.GrpcConfigKeys (ConfUtils.java:logGet(44)) - raft.grpc.client.port = 0 (custom)
2021-11-15 13:52:50,261 [Listener at 127.0.0.1/11752] INFO  grpc.GrpcConfigKeys (ConfUtils.java:logGet(44)) - raft.grpc.server.port = 0 (default)
2021-11-15 13:52:50,261 [Listener at 127.0.0.1/11752] INFO  server.GrpcService (ConfUtils.java:logGet(44)) - raft.grpc.message.size.max = 32MB (=33554432) (custom)
2021-11-15 13:52:50,261 [Listener at 127.0.0.1/11752] INFO  server.RaftServerConfigKeys (ConfUtils.java:logGet(44)) - raft.server.log.appender.buffer.byte-limit = 33554432 (custom)
2021-11-15 13:52:50,261 [Listener at 127.0.0.1/11752] INFO  server.GrpcService (ConfUtils.java:logGet(44)) - raft.grpc.flow.control.window = 5MB (=5242880) (custom)
2021-11-15 13:52:50,261 [Listener at 127.0.0.1/11752] INFO  server.RaftServerConfigKeys (ConfUtils.java:logGet(44)) - raft.server.rpc.request.timeout = 60s (custom)
2021-11-15 13:52:50,262 [Listener at 127.0.0.1/11752] INFO  impl.DataStreamServerImpl (ConfUtils.java:logGet(44)) - raft.datastream.type = DISABLED (default)
2021-11-15 13:52:50,262 [Listener at 127.0.0.1/11752] INFO  server.RaftServerConfigKeys (ConfUtils.java:logGet(44)) - raft.server.rpc.slowness.timeout = 300s (custom)
2021-11-15 13:52:50,262 [Listener at 127.0.0.1/11752] INFO  server.RaftServerConfigKeys (ConfUtils.java:logGet(44)) - raft.server.leaderelection.leader.step-down.wait-time = 10s (default)
2021-11-15 13:52:50,263 [Listener at 127.0.0.1/11752] INFO  server.RaftServerConfigKeys (ConfUtils.java:logGet(44)) - raft.server.storage.dir = [/home/runner/work/ozone/ozone/hadoop-ozone/integration-test/target/test-dir/MiniOzoneClusterImpl-e73edc9f-ff19-4fd0-8331-074ccb3cb693/datanode-0/data/ratis] (custom)
2021-11-15 13:52:50,412 [Listener at 127.0.0.1/11752] INFO  http.BaseHttpServer (BaseHttpServer.java:newHttpServer2BuilderForOzone(209)) - Starting Web-server for hddsDatanode at: http://0.0.0.0:0
2021-11-15 13:52:50,413 [Listener at 127.0.0.1/11752] INFO  http.BaseHttpServer (BaseHttpServer.java:<init>(107)) - Hadoop Security Enabled: false Ozone Security Enabled: false Ozone HTTP Security Enabled: false 
2021-11-15 13:52:50,414 [Listener at 127.0.0.1/11752] INFO  server.AuthenticationFilter (AuthenticationFilter.java:constructSecretProvider(240)) - Unable to initialize FileSignerSecretProvider, falling back to use random secrets.
2021-11-15 13:52:50,422 [omNode-2@group-523986131536-FollowerState] INFO  impl.FollowerState (FollowerState.java:run(134)) - omNode-2@group-523986131536-FollowerState: change to CANDIDATE, lastRpcElapsedTime:1058114427ns, electionTimeout:1052ms
2021-11-15 13:52:50,426 [Listener at 127.0.0.1/11752] WARN  http.HttpRequestLog (HttpRequestLog.java:getRequestLog(103)) - Jetty request log can only be enabled using Log4j
2021-11-15 13:52:50,426 [omNode-2@group-523986131536-FollowerState] INFO  impl.RoleInfo (RoleInfo.java:shutdownFollowerState(108)) - omNode-2: shutdown omNode-2@group-523986131536-FollowerState
2021-11-15 13:52:50,427 [omNode-2@group-523986131536-FollowerState] INFO  server.RaftServer$Division (RaftServerImpl.java:setRole(290)) - omNode-2@group-523986131536: changes role from  FOLLOWER to CANDIDATE at term 0 for changeToCandidate
2021-11-15 13:52:50,427 [omNode-2@group-523986131536-FollowerState] INFO  server.RaftServerConfigKeys (ConfUtils.java:logGet(44)) - raft.server.leaderelection.pre-vote = false (custom)
2021-11-15 13:52:50,427 [omNode-2@group-523986131536-FollowerState] INFO  impl.RoleInfo (RoleInfo.java:updateAndGet(130)) - omNode-2: start omNode-2@group-523986131536-LeaderElection2
2021-11-15 13:52:50,429 [Listener at 127.0.0.1/11752] INFO  http.HttpServer2 (HttpServer2.java:addGlobalFilter(1030)) - Added global filter 'safety' (class=org.apache.hadoop.hdds.server.http.HttpServer2$QuotingInputFilter)
2021-11-15 13:52:50,430 [Listener at 127.0.0.1/11752] INFO  http.HttpServer2 (HttpServer2.java:addFilter(1006)) - Added filter static_user_filter (class=org.apache.hadoop.http.lib.StaticUserWebFilter$StaticUserFilter) to context hddsDatanode
2021-11-15 13:52:50,430 [Listener at 127.0.0.1/11752] INFO  http.HttpServer2 (HttpServer2.java:addFilter(1014)) - Added filter static_user_filter (class=org.apache.hadoop.http.lib.StaticUserWebFilter$StaticUserFilter) to context logs
2021-11-15 13:52:50,431 [Listener at 127.0.0.1/11752] INFO  http.HttpServer2 (HttpServer2.java:addFilter(1014)) - Added filter static_user_filter (class=org.apache.hadoop.http.lib.StaticUserWebFilter$StaticUserFilter) to context static
2021-11-15 13:52:50,432 [Listener at 127.0.0.1/11752] INFO  http.HttpServer2 (HttpServer2.java:bindListener(1249)) - Jetty bound to port 44149
2021-11-15 13:52:50,432 [Listener at 127.0.0.1/11752] INFO  server.Server (Server.java:doStart(375)) - jetty-9.4.43.v20210629; built: 2021-06-30T11:07:22.254Z; git: 526006ecfa3af7f1a27ef3a288e2bef7ea9dd7e8; jvm 1.8.0_292-b10
2021-11-15 13:52:50,443 [Listener at 127.0.0.1/11752] INFO  server.session (DefaultSessionIdManager.java:doStart(334)) - DefaultSessionIdManager workerName=node0
2021-11-15 13:52:50,443 [Listener at 127.0.0.1/11752] INFO  server.session (DefaultSessionIdManager.java:doStart(339)) - No SessionScavenger set, using defaults
2021-11-15 13:52:50,443 [Listener at 127.0.0.1/11752] INFO  server.session (HouseKeeper.java:startScavenging(132)) - node0 Scavenging every 600000ms
2021-11-15 13:52:50,444 [Listener at 127.0.0.1/11752] INFO  handler.ContextHandler (ContextHandler.java:doStart(915)) - Started o.e.j.s.ServletContextHandler@6586b4e3{logs,/logs,file:///home/runner/work/ozone/ozone/hadoop-ozone/integration-test/target/log,AVAILABLE}
2021-11-15 13:52:50,444 [Listener at 127.0.0.1/11752] INFO  handler.ContextHandler (ContextHandler.java:doStart(915)) - Started o.e.j.s.ServletContextHandler@4f9d220b{static,/static,jar:file:/home/runner/.m2/repository/org/apache/ozone/hdds-container-service/1.2.0-SNAPSHOT/hdds-container-service-1.2.0-SNAPSHOT.jar!/webapps/static,AVAILABLE}
2021-11-15 13:52:50,464 [omNode-2@group-523986131536-LeaderElection2] INFO  impl.LeaderElection (LeaderElection.java:askForVotes(306)) - omNode-2@group-523986131536-LeaderElection2 ELECTION round 0: submit vote requests at term 1 for -1: [omNode-3|rpc:localhost:11756|priority:0, omNode-1|rpc:localhost:11744|priority:0, omNode-2|rpc:localhost:11750|priority:0], old=null
2021-11-15 13:52:50,554 [Listener at 127.0.0.1/11752] INFO  handler.ContextHandler (ContextHandler.java:doStart(915)) - Started o.e.j.w.WebAppContext@4a645ebb{hddsDatanode,/,file:///tmp/jetty-0_0_0_0-44149-hdds-container-service-1_2_0-SNAPSHOT_jar-_-any-8454515764521844972/webapp/,AVAILABLE}{jar:file:/home/runner/.m2/repository/org/apache/ozone/hdds-container-service/1.2.0-SNAPSHOT/hdds-container-service-1.2.0-SNAPSHOT.jar!/webapps/hddsDatanode}
2021-11-15 13:52:50,556 [Listener at 127.0.0.1/11752] INFO  server.AbstractConnector (AbstractConnector.java:doStart(331)) - Started ServerConnector@62ca9413{HTTP/1.1, (http/1.1)}{0.0.0.0:44149}
2021-11-15 13:52:50,556 [Listener at 127.0.0.1/11752] INFO  server.Server (Server.java:doStart(415)) - Started @6599ms
2021-11-15 13:52:50,561 [Listener at 127.0.0.1/11752] WARN  impl.MetricsSystemImpl (MetricsSystemImpl.java:register(279)) - Sink prometheus already exists!
2021-11-15 13:52:50,562 [Listener at 127.0.0.1/11752] INFO  http.BaseHttpServer (BaseHttpServer.java:updateConnectorAddress(329)) - HTTP server of hddsDatanode listening at http://0.0.0.0:44149
2021-11-15 13:52:50,563 [Listener at 127.0.0.1/11752] WARN  impl.MetricRegistriesImpl (MetricRegistriesImpl.java:addReporterRegistration(111)) - New reporters are added after registries were created. Some metrics will be missing from the reporter. Please add reporter before adding any new registry.
2021-11-15 13:52:50,563 [Listener at 127.0.0.1/11752] WARN  impl.MetricRegistriesImpl (MetricRegistriesImpl.java:addReporterRegistration(111)) - New reporters are added after registries were created. Some metrics will be missing from the reporter. Please add reporter before adding any new registry.
2021-11-15 13:52:50,563 [Listener at 127.0.0.1/11752] INFO  impl.MetricsSystemImpl (MetricsSystemImpl.java:init(158)) - HddsDatanode metrics system started (again)
2021-11-15 13:52:50,572 [Datanode State Machine Daemon Thread] INFO  statemachine.DatanodeStateMachine (DatanodeStateMachine.java:lambda$startDaemon$0(467)) - Ozone container server started.
2021-11-15 13:52:50,579 [Listener at 127.0.0.1/11752] INFO  ozone.HddsDatanodeService (HddsDatanodeService.java:start(234)) - HddsDatanodeService host:fv-az151-339.yf2hydr00wburbhx3j5hxtcipe.bx.internal.cloudapp.net ip:10.1.0.55
2021-11-15 13:52:50,601 [Listener at 127.0.0.1/11752] INFO  upgrade.AbstractLayoutVersionManager (AbstractLayoutVersionManager.java:init(79)) - Initializing Layout version manager with metadata layout = SCM_HA (version = 2), software layout = SCM_HA (version = 2)
2021-11-15 13:52:50,618 [org.apache.hadoop.util.JvmPauseMonitor$Monitor@25ed6964] INFO  util.JvmPauseMonitor (JvmPauseMonitor.java:run(188)) - Starting JVM pause monitor
2021-11-15 13:52:50,687 [omNode-3@group-523986131536-FollowerState] INFO  impl.FollowerState (FollowerState.java:run(134)) - omNode-3@group-523986131536-FollowerState: change to CANDIDATE, lastRpcElapsedTime:1034708938ns, electionTimeout:1015ms
2021-11-15 13:52:50,687 [omNode-3@group-523986131536-FollowerState] INFO  impl.RoleInfo (RoleInfo.java:shutdownFollowerState(108)) - omNode-3: shutdown omNode-3@group-523986131536-FollowerState
2021-11-15 13:52:50,687 [omNode-3@group-523986131536-FollowerState] INFO  server.RaftServer$Division (RaftServerImpl.java:setRole(290)) - omNode-3@group-523986131536: changes role from  FOLLOWER to CANDIDATE at term 0 for changeToCandidate
2021-11-15 13:52:50,687 [omNode-3@group-523986131536-FollowerState] INFO  server.RaftServerConfigKeys (ConfUtils.java:logGet(44)) - raft.server.leaderelection.pre-vote = false (custom)
2021-11-15 13:52:50,687 [omNode-3@group-523986131536-FollowerState] INFO  impl.RoleInfo (RoleInfo.java:updateAndGet(130)) - omNode-3: start omNode-3@group-523986131536-LeaderElection3
2021-11-15 13:52:50,688 [Listener at 127.0.0.1/11752] INFO  reflections.Reflections (Reflections.java:scan(232)) - Reflections took 83 ms to scan 7 urls, producing 119 keys and 279 values 
2021-11-15 13:52:50,722 [omNode-3@group-523986131536-LeaderElection3] INFO  impl.LeaderElection (LeaderElection.java:askForVotes(306)) - omNode-3@group-523986131536-LeaderElection3 ELECTION round 0: submit vote requests at term 1 for -1: [omNode-3|rpc:localhost:11756|priority:0, omNode-1|rpc:localhost:11744|priority:0, omNode-2|rpc:localhost:11750|priority:0], old=null
2021-11-15 13:52:50,734 [Listener at 127.0.0.1/11752] INFO  statemachine.DatanodeStateMachine (DatanodeStateMachine.java:getEndPointTaskThreadPoolSize(219)) - Datanode State Machine Task Thread Pool size 2
2021-11-15 13:52:50,773 [Listener at 127.0.0.1/11752] INFO  volume.HddsVolume (HddsVolume.java:<init>(120)) - Creating HddsVolume: /home/runner/work/ozone/ozone/hadoop-ozone/integration-test/target/test-dir/MiniOzoneClusterImpl-e73edc9f-ff19-4fd0-8331-074ccb3cb693/datanode-1/data-0/containers/hdds of storage type : DISK capacity : 9223372036854775807
2021-11-15 13:52:50,773 [Listener at 127.0.0.1/11752] INFO  volume.MutableVolumeSet (MutableVolumeSet.java:initializeVolumeSet(168)) - Added Volume : /home/runner/work/ozone/ozone/hadoop-ozone/integration-test/target/test-dir/MiniOzoneClusterImpl-e73edc9f-ff19-4fd0-8331-074ccb3cb693/datanode-1/data-0/containers/hdds to VolumeSet
2021-11-15 13:52:50,773 [Listener at 127.0.0.1/11752] INFO  volume.ThrottledAsyncChecker (ThrottledAsyncChecker.java:schedule(141)) - Scheduling a check for /home/runner/work/ozone/ozone/hadoop-ozone/integration-test/target/test-dir/MiniOzoneClusterImpl-e73edc9f-ff19-4fd0-8331-074ccb3cb693/datanode-1/data-0/containers/hdds
2021-11-15 13:52:50,786 [Listener at 127.0.0.1/11752] INFO  volume.StorageVolumeChecker (StorageVolumeChecker.java:checkAllVolumes(202)) - Scheduled health check for volume /home/runner/work/ozone/ozone/hadoop-ozone/integration-test/target/test-dir/MiniOzoneClusterImpl-e73edc9f-ff19-4fd0-8331-074ccb3cb693/datanode-1/data-0/containers/hdds
2021-11-15 13:52:50,805 [Listener at 127.0.0.1/11752] INFO  volume.MutableVolumeSet (MutableVolumeSet.java:initializeVolumeSet(168)) - Added Volume : /home/runner/work/ozone/ozone/hadoop-ozone/integration-test/target/test-dir/MiniOzoneClusterImpl-e73edc9f-ff19-4fd0-8331-074ccb3cb693/datanode-1/data/ratis to VolumeSet
2021-11-15 13:52:50,806 [Listener at 127.0.0.1/11752] INFO  volume.ThrottledAsyncChecker (ThrottledAsyncChecker.java:schedule(141)) - Scheduling a check for /home/runner/work/ozone/ozone/hadoop-ozone/integration-test/target/test-dir/MiniOzoneClusterImpl-e73edc9f-ff19-4fd0-8331-074ccb3cb693/datanode-1/data/ratis
2021-11-15 13:52:50,806 [Listener at 127.0.0.1/11752] INFO  volume.StorageVolumeChecker (StorageVolumeChecker.java:checkAllVolumes(202)) - Scheduled health check for volume /home/runner/work/ozone/ozone/hadoop-ozone/integration-test/target/test-dir/MiniOzoneClusterImpl-e73edc9f-ff19-4fd0-8331-074ccb3cb693/datanode-1/data/ratis
2021-11-15 13:52:50,819 [Thread-236] INFO  ozoneimpl.ContainerReader (ContainerReader.java:readVolume(172)) - Finish verifying containers on volume /home/runner/work/ozone/ozone/hadoop-ozone/integration-test/target/test-dir/MiniOzoneClusterImpl-e73edc9f-ff19-4fd0-8331-074ccb3cb693/datanode-1/data-0/containers/hdds
2021-11-15 13:52:50,825 [Listener at 127.0.0.1/11752] INFO  ozoneimpl.OzoneContainer (OzoneContainer.java:buildContainerSet(236)) - Build ContainerSet costs 0s
2021-11-15 13:52:50,827 [Listener at 127.0.0.1/11752] INFO  server.RaftServer (ConfUtils.java:logGet(44)) - raft.rpc.type = GRPC (default)
2021-11-15 13:52:50,828 [Listener at 127.0.0.1/11752] INFO  grpc.GrpcFactory (GrpcFactory.java:checkPooledByteBufAllocatorUseCacheForAllThreads(48)) - PERFORMANCE WARNING: useCacheForAllThreads is true that may cause Netty to create a lot garbage objects and, as a result, trigger GC.
	It is recommended to disable useCacheForAllThreads by setting -Dorg.apache.ratis.thirdparty.io.netty.allocator.useCacheForAllThreads=false in command line.
2021-11-15 13:52:50,828 [Listener at 127.0.0.1/11752] INFO  grpc.GrpcConfigKeys (ConfUtils.java:logGet(44)) - raft.grpc.admin.port = 0 (custom)
2021-11-15 13:52:50,828 [Listener at 127.0.0.1/11752] INFO  grpc.GrpcConfigKeys (ConfUtils.java:logGet(44)) - raft.grpc.client.port = 0 (custom)
2021-11-15 13:52:50,828 [Listener at 127.0.0.1/11752] INFO  grpc.GrpcConfigKeys (ConfUtils.java:logGet(44)) - raft.grpc.server.port = 0 (default)
2021-11-15 13:52:50,828 [Listener at 127.0.0.1/11752] INFO  server.GrpcService (ConfUtils.java:logGet(44)) - raft.grpc.message.size.max = 32MB (=33554432) (custom)
2021-11-15 13:52:50,828 [Listener at 127.0.0.1/11752] INFO  server.RaftServerConfigKeys (ConfUtils.java:logGet(44)) - raft.server.log.appender.buffer.byte-limit = 33554432 (custom)
2021-11-15 13:52:50,828 [Listener at 127.0.0.1/11752] INFO  server.GrpcService (ConfUtils.java:logGet(44)) - raft.grpc.flow.control.window = 5MB (=5242880) (custom)
2021-11-15 13:52:50,828 [Listener at 127.0.0.1/11752] INFO  server.RaftServerConfigKeys (ConfUtils.java:logGet(44)) - raft.server.rpc.request.timeout = 60s (custom)
2021-11-15 13:52:50,830 [Listener at 127.0.0.1/11752] INFO  impl.DataStreamServerImpl (ConfUtils.java:logGet(44)) - raft.datastream.type = DISABLED (default)
2021-11-15 13:52:50,831 [Datanode State Machine Task Thread - 0] INFO  datanode.InitDatanodeState (InitDatanodeState.java:persistContainerDatanodeDetails(145)) - DatanodeDetails is persisted to /home/runner/work/ozone/ozone/hadoop-ozone/integration-test/target/test-dir/MiniOzoneClusterImpl-e73edc9f-ff19-4fd0-8331-074ccb3cb693/datanode-0/meta/datanode.id
2021-11-15 13:52:50,846 [Listener at 127.0.0.1/11752] INFO  server.RaftServerConfigKeys (ConfUtils.java:logGet(44)) - raft.server.rpc.slowness.timeout = 300s (custom)
2021-11-15 13:52:50,846 [Listener at 127.0.0.1/11752] INFO  server.RaftServerConfigKeys (ConfUtils.java:logGet(44)) - raft.server.leaderelection.leader.step-down.wait-time = 10s (default)
2021-11-15 13:52:50,846 [Listener at 127.0.0.1/11752] INFO  server.RaftServerConfigKeys (ConfUtils.java:logGet(44)) - raft.server.storage.dir = [/home/runner/work/ozone/ozone/hadoop-ozone/integration-test/target/test-dir/MiniOzoneClusterImpl-e73edc9f-ff19-4fd0-8331-074ccb3cb693/datanode-1/data/ratis] (custom)
2021-11-15 13:52:50,867 [Listener at 127.0.0.1/11752] INFO  http.BaseHttpServer (BaseHttpServer.java:newHttpServer2BuilderForOzone(209)) - Starting Web-server for hddsDatanode at: http://0.0.0.0:0
2021-11-15 13:52:50,867 [Listener at 127.0.0.1/11752] INFO  http.BaseHttpServer (BaseHttpServer.java:<init>(107)) - Hadoop Security Enabled: false Ozone Security Enabled: false Ozone HTTP Security Enabled: false 
2021-11-15 13:52:50,869 [Listener at 127.0.0.1/11752] INFO  server.AuthenticationFilter (AuthenticationFilter.java:constructSecretProvider(240)) - Unable to initialize FileSignerSecretProvider, falling back to use random secrets.
2021-11-15 13:52:50,876 [Listener at 127.0.0.1/11752] WARN  http.HttpRequestLog (HttpRequestLog.java:getRequestLog(103)) - Jetty request log can only be enabled using Log4j
2021-11-15 13:52:50,876 [Listener at 127.0.0.1/11752] INFO  http.HttpServer2 (HttpServer2.java:addGlobalFilter(1030)) - Added global filter 'safety' (class=org.apache.hadoop.hdds.server.http.HttpServer2$QuotingInputFilter)
2021-11-15 13:52:50,877 [Listener at 127.0.0.1/11752] INFO  http.HttpServer2 (HttpServer2.java:addFilter(1006)) - Added filter static_user_filter (class=org.apache.hadoop.http.lib.StaticUserWebFilter$StaticUserFilter) to context hddsDatanode
2021-11-15 13:52:50,877 [Listener at 127.0.0.1/11752] INFO  http.HttpServer2 (HttpServer2.java:addFilter(1014)) - Added filter static_user_filter (class=org.apache.hadoop.http.lib.StaticUserWebFilter$StaticUserFilter) to context logs
2021-11-15 13:52:50,877 [Listener at 127.0.0.1/11752] INFO  http.HttpServer2 (HttpServer2.java:addFilter(1014)) - Added filter static_user_filter (class=org.apache.hadoop.http.lib.StaticUserWebFilter$StaticUserFilter) to context static
2021-11-15 13:52:50,878 [Listener at 127.0.0.1/11752] INFO  http.HttpServer2 (HttpServer2.java:bindListener(1249)) - Jetty bound to port 45677
2021-11-15 13:52:50,878 [Listener at 127.0.0.1/11752] INFO  server.Server (Server.java:doStart(375)) - jetty-9.4.43.v20210629; built: 2021-06-30T11:07:22.254Z; git: 526006ecfa3af7f1a27ef3a288e2bef7ea9dd7e8; jvm 1.8.0_292-b10
2021-11-15 13:52:50,939 [Listener at 127.0.0.1/11752] INFO  server.session (DefaultSessionIdManager.java:doStart(334)) - DefaultSessionIdManager workerName=node0
2021-11-15 13:52:50,939 [Listener at 127.0.0.1/11752] INFO  server.session (DefaultSessionIdManager.java:doStart(339)) - No SessionScavenger set, using defaults
2021-11-15 13:52:50,939 [Listener at 127.0.0.1/11752] INFO  server.session (HouseKeeper.java:startScavenging(132)) - node0 Scavenging every 600000ms
2021-11-15 13:52:50,946 [Listener at 127.0.0.1/11752] INFO  handler.ContextHandler (ContextHandler.java:doStart(915)) - Started o.e.j.s.ServletContextHandler@30d9da5e{logs,/logs,file:///home/runner/work/ozone/ozone/hadoop-ozone/integration-test/target/log,AVAILABLE}
2021-11-15 13:52:50,947 [Listener at 127.0.0.1/11752] INFO  handler.ContextHandler (ContextHandler.java:doStart(915)) - Started o.e.j.s.ServletContextHandler@34538dde{static,/static,jar:file:/home/runner/.m2/repository/org/apache/ozone/hdds-container-service/1.2.0-SNAPSHOT/hdds-container-service-1.2.0-SNAPSHOT.jar!/webapps/static,AVAILABLE}
2021-11-15 13:52:51,027 [Listener at 127.0.0.1/11752] INFO  handler.ContextHandler (ContextHandler.java:doStart(915)) - Started o.e.j.w.WebAppContext@747ef51d{hddsDatanode,/,file:///tmp/jetty-0_0_0_0-45677-hdds-container-service-1_2_0-SNAPSHOT_jar-_-any-119740594021740963/webapp/,AVAILABLE}{jar:file:/home/runner/.m2/repository/org/apache/ozone/hdds-container-service/1.2.0-SNAPSHOT/hdds-container-service-1.2.0-SNAPSHOT.jar!/webapps/hddsDatanode}
2021-11-15 13:52:51,029 [Listener at 127.0.0.1/11752] INFO  server.AbstractConnector (AbstractConnector.java:doStart(331)) - Started ServerConnector@d0089e5{HTTP/1.1, (http/1.1)}{0.0.0.0:45677}
2021-11-15 13:52:51,029 [Listener at 127.0.0.1/11752] INFO  server.Server (Server.java:doStart(415)) - Started @7072ms
2021-11-15 13:52:51,029 [Listener at 127.0.0.1/11752] WARN  impl.MetricsSystemImpl (MetricsSystemImpl.java:register(279)) - Sink prometheus already exists!
2021-11-15 13:52:51,030 [Listener at 127.0.0.1/11752] INFO  http.BaseHttpServer (BaseHttpServer.java:updateConnectorAddress(329)) - HTTP server of hddsDatanode listening at http://0.0.0.0:45677
2021-11-15 13:52:51,030 [Listener at 127.0.0.1/11752] WARN  impl.MetricRegistriesImpl (MetricRegistriesImpl.java:addReporterRegistration(111)) - New reporters are added after registries were created. Some metrics will be missing from the reporter. Please add reporter before adding any new registry.
2021-11-15 13:52:51,030 [Listener at 127.0.0.1/11752] WARN  impl.MetricRegistriesImpl (MetricRegistriesImpl.java:addReporterRegistration(111)) - New reporters are added after registries were created. Some metrics will be missing from the reporter. Please add reporter before adding any new registry.
2021-11-15 13:52:51,030 [Listener at 127.0.0.1/11752] INFO  impl.MetricsSystemImpl (MetricsSystemImpl.java:init(158)) - HddsDatanode metrics system started (again)
2021-11-15 13:52:51,038 [Datanode State Machine Daemon Thread] INFO  statemachine.DatanodeStateMachine (DatanodeStateMachine.java:lambda$startDaemon$0(467)) - Ozone container server started.
2021-11-15 13:52:51,047 [Listener at 127.0.0.1/11752] INFO  ozone.HddsDatanodeService (HddsDatanodeService.java:start(234)) - HddsDatanodeService host:fv-az151-339.yf2hydr00wburbhx3j5hxtcipe.bx.internal.cloudapp.net ip:10.1.0.55
2021-11-15 13:52:51,057 [org.apache.hadoop.util.JvmPauseMonitor$Monitor@7b404382] INFO  util.JvmPauseMonitor (JvmPauseMonitor.java:run(188)) - Starting JVM pause monitor
2021-11-15 13:52:51,082 [grpc-default-executor-0] INFO  server.RaftServer$Division (RaftServerImpl.java:requestVote(1046)) - omNode-1@group-523986131536: receive requestVote(ELECTION, omNode-2, group-523986131536, 1, (t:0, i:~))
2021-11-15 13:52:51,083 [grpc-default-executor-0] INFO  impl.VoteContext (VoteContext.java:log(48)) - omNode-1@group-523986131536-CANDIDATE: reject ELECTION from omNode-2: already has voted for omNode-1 at current term 1
2021-11-15 13:52:51,088 [grpc-default-executor-2] INFO  server.RaftServer$Division (RaftServerImpl.java:requestVote(1046)) - omNode-3@group-523986131536: receive requestVote(ELECTION, omNode-2, group-523986131536, 1, (t:0, i:~))
2021-11-15 13:52:51,093 [grpc-default-executor-1] INFO  server.RaftServer$Division (RaftServerImpl.java:requestVote(1046)) - omNode-1@group-523986131536: receive requestVote(ELECTION, omNode-3, group-523986131536, 1, (t:0, i:~))
2021-11-15 13:52:51,093 [grpc-default-executor-4] INFO  server.RaftServer$Division (RaftServerImpl.java:requestVote(1046)) - omNode-2@group-523986131536: receive requestVote(ELECTION, omNode-1, group-523986131536, 1, (t:0, i:~))
2021-11-15 13:52:51,093 [grpc-default-executor-4] INFO  impl.VoteContext (VoteContext.java:log(48)) - omNode-2@group-523986131536-CANDIDATE: reject ELECTION from omNode-1: already has voted for omNode-2 at current term 1
2021-11-15 13:52:51,093 [grpc-default-executor-4] INFO  server.RaftServer$Division (RaftServerImpl.java:requestVote(1078)) - omNode-2@group-523986131536 replies to ELECTION vote request: omNode-1<-omNode-2#0:FAIL-t1. Peer's state: omNode-2@group-523986131536:t1, leader=null, voted=omNode-2, raftlog=omNode-2@group-523986131536-SegmentedRaftLog:OPENED:c-1, conf=-1: [omNode-3|rpc:localhost:11756|priority:0, omNode-1|rpc:localhost:11744|priority:0, omNode-2|rpc:localhost:11750|priority:0], old=null
2021-11-15 13:52:51,093 [grpc-default-executor-5] INFO  server.RaftServer$Division (RaftServerImpl.java:requestVote(1046)) - omNode-3@group-523986131536: receive requestVote(ELECTION, omNode-1, group-523986131536, 1, (t:0, i:~))
2021-11-15 13:52:51,094 [grpc-default-executor-3] INFO  server.RaftServer$Division (RaftServerImpl.java:requestVote(1046)) - omNode-2@group-523986131536: receive requestVote(ELECTION, omNode-3, group-523986131536, 1, (t:0, i:~))
2021-11-15 13:52:51,094 [grpc-default-executor-3] INFO  impl.VoteContext (VoteContext.java:log(48)) - omNode-2@group-523986131536-CANDIDATE: reject ELECTION from omNode-3: already has voted for omNode-2 at current term 1
2021-11-15 13:52:51,094 [grpc-default-executor-3] INFO  server.RaftServer$Division (RaftServerImpl.java:requestVote(1078)) - omNode-2@group-523986131536 replies to ELECTION vote request: omNode-3<-omNode-2#0:FAIL-t1. Peer's state: omNode-2@group-523986131536:t1, leader=null, voted=omNode-2, raftlog=omNode-2@group-523986131536-SegmentedRaftLog:OPENED:c-1, conf=-1: [omNode-3|rpc:localhost:11756|priority:0, omNode-1|rpc:localhost:11744|priority:0, omNode-2|rpc:localhost:11750|priority:0], old=null
2021-11-15 13:52:51,102 [grpc-default-executor-0] INFO  server.RaftServer$Division (RaftServerImpl.java:requestVote(1078)) - omNode-1@group-523986131536 replies to ELECTION vote request: omNode-2<-omNode-1#0:FAIL-t1. Peer's state: omNode-1@group-523986131536:t1, leader=null, voted=omNode-1, raftlog=omNode-1@group-523986131536-SegmentedRaftLog:OPENED:c-1, conf=-1: [omNode-3|rpc:localhost:11756|priority:0, omNode-1|rpc:localhost:11744|priority:0, omNode-2|rpc:localhost:11750|priority:0], old=null
2021-11-15 13:52:51,108 [Listener at 127.0.0.1/11752] INFO  upgrade.AbstractLayoutVersionManager (AbstractLayoutVersionManager.java:init(79)) - Initializing Layout version manager with metadata layout = SCM_HA (version = 2), software layout = SCM_HA (version = 2)
2021-11-15 13:52:51,088 [grpc-default-executor-2] INFO  impl.VoteContext (VoteContext.java:log(48)) - omNode-3@group-523986131536-CANDIDATE: reject ELECTION from omNode-2: already has voted for omNode-3 at current term 1
2021-11-15 13:52:51,111 [grpc-default-executor-2] INFO  server.RaftServer$Division (RaftServerImpl.java:requestVote(1078)) - omNode-3@group-523986131536 replies to ELECTION vote request: omNode-2<-omNode-3#0:FAIL-t1. Peer's state: omNode-3@group-523986131536:t1, leader=null, voted=omNode-3, raftlog=omNode-3@group-523986131536-SegmentedRaftLog:OPENED:c-1, conf=-1: [omNode-3|rpc:localhost:11756|priority:0, omNode-1|rpc:localhost:11744|priority:0, omNode-2|rpc:localhost:11750|priority:0], old=null
2021-11-15 13:52:51,111 [grpc-default-executor-5] INFO  impl.VoteContext (VoteContext.java:log(48)) - omNode-3@group-523986131536-CANDIDATE: reject ELECTION from omNode-1: already has voted for omNode-3 at current term 1
2021-11-15 13:52:51,110 [grpc-default-executor-1] INFO  impl.VoteContext (VoteContext.java:log(48)) - omNode-1@group-523986131536-CANDIDATE: reject ELECTION from omNode-3: already has voted for omNode-1 at current term 1
2021-11-15 13:52:51,111 [grpc-default-executor-5] INFO  server.RaftServer$Division (RaftServerImpl.java:requestVote(1078)) - omNode-3@group-523986131536 replies to ELECTION vote request: omNode-1<-omNode-3#0:FAIL-t1. Peer's state: omNode-3@group-523986131536:t1, leader=null, voted=omNode-3, raftlog=omNode-3@group-523986131536-SegmentedRaftLog:OPENED:c-1, conf=-1: [omNode-3|rpc:localhost:11756|priority:0, omNode-1|rpc:localhost:11744|priority:0, omNode-2|rpc:localhost:11750|priority:0], old=null
2021-11-15 13:52:51,111 [grpc-default-executor-1] INFO  server.RaftServer$Division (RaftServerImpl.java:requestVote(1078)) - omNode-1@group-523986131536 replies to ELECTION vote request: omNode-3<-omNode-1#0:FAIL-t1. Peer's state: omNode-1@group-523986131536:t1, leader=null, voted=omNode-1, raftlog=omNode-1@group-523986131536-SegmentedRaftLog:OPENED:c-1, conf=-1: [omNode-3|rpc:localhost:11756|priority:0, omNode-1|rpc:localhost:11744|priority:0, omNode-2|rpc:localhost:11750|priority:0], old=null
2021-11-15 13:52:51,143 [omNode-1@group-523986131536-LeaderElection1] INFO  impl.LeaderElection (LeaderElection.java:logAndReturn(89)) - omNode-1@group-523986131536-LeaderElection1: ELECTION REJECTED received 2 response(s) and 0 exception(s):
2021-11-15 13:52:51,143 [omNode-1@group-523986131536-LeaderElection1] INFO  impl.LeaderElection (LeaderElection.java:logAndReturn(93)) -   Response 0: omNode-1<-omNode-3#0:FAIL-t1
2021-11-15 13:52:51,143 [omNode-1@group-523986131536-LeaderElection1] INFO  impl.LeaderElection (LeaderElection.java:logAndReturn(93)) -   Response 1: omNode-1<-omNode-2#0:FAIL-t1
2021-11-15 13:52:51,143 [omNode-1@group-523986131536-LeaderElection1] INFO  impl.LeaderElection (LeaderElection.java:askForVotes(308)) - omNode-1@group-523986131536-LeaderElection1 ELECTION round 0: result REJECTED
2021-11-15 13:52:51,144 [Datanode State Machine Task Thread - 0] INFO  datanode.InitDatanodeState (InitDatanodeState.java:persistContainerDatanodeDetails(145)) - DatanodeDetails is persisted to /home/runner/work/ozone/ozone/hadoop-ozone/integration-test/target/test-dir/MiniOzoneClusterImpl-e73edc9f-ff19-4fd0-8331-074ccb3cb693/datanode-1/meta/datanode.id
2021-11-15 13:52:51,147 [omNode-1@group-523986131536-LeaderElection1] INFO  server.RaftServer$Division (RaftServerImpl.java:setRole(290)) - omNode-1@group-523986131536: changes role from CANDIDATE to FOLLOWER at term 1 for REJECTED
2021-11-15 13:52:51,147 [omNode-1@group-523986131536-LeaderElection1] INFO  impl.RoleInfo (RoleInfo.java:shutdownLeaderElection(121)) - omNode-1: shutdown omNode-1@group-523986131536-LeaderElection1
2021-11-15 13:52:51,148 [omNode-1@group-523986131536-LeaderElection1] INFO  impl.RoleInfo (RoleInfo.java:updateAndGet(130)) - omNode-1: start omNode-1@group-523986131536-FollowerState
2021-11-15 13:52:51,149 [omNode-3@group-523986131536-LeaderElection3] INFO  impl.LeaderElection (LeaderElection.java:logAndReturn(89)) - omNode-3@group-523986131536-LeaderElection3: ELECTION REJECTED received 2 response(s) and 0 exception(s):
2021-11-15 13:52:51,149 [omNode-3@group-523986131536-LeaderElection3] INFO  impl.LeaderElection (LeaderElection.java:logAndReturn(93)) -   Response 0: omNode-3<-omNode-1#0:FAIL-t1
2021-11-15 13:52:51,149 [omNode-3@group-523986131536-LeaderElection3] INFO  impl.LeaderElection (LeaderElection.java:logAndReturn(93)) -   Response 1: omNode-3<-omNode-2#0:FAIL-t1
2021-11-15 13:52:51,149 [omNode-3@group-523986131536-LeaderElection3] INFO  impl.LeaderElection (LeaderElection.java:askForVotes(308)) - omNode-3@group-523986131536-LeaderElection3 ELECTION round 0: result REJECTED
2021-11-15 13:52:51,154 [omNode-3@group-523986131536-LeaderElection3] INFO  server.RaftServer$Division (RaftServerImpl.java:setRole(290)) - omNode-3@group-523986131536: changes role from CANDIDATE to FOLLOWER at term 1 for REJECTED
2021-11-15 13:52:51,154 [omNode-3@group-523986131536-LeaderElection3] INFO  impl.RoleInfo (RoleInfo.java:shutdownLeaderElection(121)) - omNode-3: shutdown omNode-3@group-523986131536-LeaderElection3
2021-11-15 13:52:51,154 [omNode-3@group-523986131536-LeaderElection3] INFO  impl.RoleInfo (RoleInfo.java:updateAndGet(130)) - omNode-3: start omNode-3@group-523986131536-FollowerState
2021-11-15 13:52:51,158 [omNode-2@group-523986131536-LeaderElection2] INFO  impl.LeaderElection (LeaderElection.java:logAndReturn(89)) - omNode-2@group-523986131536-LeaderElection2: ELECTION REJECTED received 2 response(s) and 0 exception(s):
2021-11-15 13:52:51,158 [omNode-2@group-523986131536-LeaderElection2] INFO  impl.LeaderElection (LeaderElection.java:logAndReturn(93)) -   Response 0: omNode-2<-omNode-3#0:FAIL-t1
2021-11-15 13:52:51,158 [omNode-2@group-523986131536-LeaderElection2] INFO  impl.LeaderElection (LeaderElection.java:logAndReturn(93)) -   Response 1: omNode-2<-omNode-1#0:FAIL-t1
2021-11-15 13:52:51,158 [omNode-2@group-523986131536-LeaderElection2] INFO  impl.LeaderElection (LeaderElection.java:askForVotes(308)) - omNode-2@group-523986131536-LeaderElection2 ELECTION round 0: result REJECTED
2021-11-15 13:52:51,158 [omNode-2@group-523986131536-LeaderElection2] INFO  server.RaftServer$Division (RaftServerImpl.java:setRole(290)) - omNode-2@group-523986131536: changes role from CANDIDATE to FOLLOWER at term 1 for REJECTED
2021-11-15 13:52:51,158 [omNode-2@group-523986131536-LeaderElection2] INFO  impl.RoleInfo (RoleInfo.java:shutdownLeaderElection(121)) - omNode-2: shutdown omNode-2@group-523986131536-LeaderElection2
2021-11-15 13:52:51,158 [omNode-2@group-523986131536-LeaderElection2] INFO  impl.RoleInfo (RoleInfo.java:updateAndGet(130)) - omNode-2: start omNode-2@group-523986131536-FollowerState
2021-11-15 13:52:51,184 [Listener at 127.0.0.1/11752] INFO  reflections.Reflections (Reflections.java:scan(232)) - Reflections took 72 ms to scan 7 urls, producing 119 keys and 279 values 
2021-11-15 13:52:51,185 [Listener at 127.0.0.1/11752] INFO  statemachine.DatanodeStateMachine (DatanodeStateMachine.java:getEndPointTaskThreadPoolSize(219)) - Datanode State Machine Task Thread Pool size 2
2021-11-15 13:52:51,187 [Listener at 127.0.0.1/11752] INFO  volume.HddsVolume (HddsVolume.java:<init>(120)) - Creating HddsVolume: /home/runner/work/ozone/ozone/hadoop-ozone/integration-test/target/test-dir/MiniOzoneClusterImpl-e73edc9f-ff19-4fd0-8331-074ccb3cb693/datanode-2/data-0/containers/hdds of storage type : DISK capacity : 9223372036854775807
2021-11-15 13:52:51,187 [Listener at 127.0.0.1/11752] INFO  volume.MutableVolumeSet (MutableVolumeSet.java:initializeVolumeSet(168)) - Added Volume : /home/runner/work/ozone/ozone/hadoop-ozone/integration-test/target/test-dir/MiniOzoneClusterImpl-e73edc9f-ff19-4fd0-8331-074ccb3cb693/datanode-2/data-0/containers/hdds to VolumeSet
2021-11-15 13:52:51,188 [Listener at 127.0.0.1/11752] INFO  volume.ThrottledAsyncChecker (ThrottledAsyncChecker.java:schedule(141)) - Scheduling a check for /home/runner/work/ozone/ozone/hadoop-ozone/integration-test/target/test-dir/MiniOzoneClusterImpl-e73edc9f-ff19-4fd0-8331-074ccb3cb693/datanode-2/data-0/containers/hdds
2021-11-15 13:52:51,190 [Listener at 127.0.0.1/11752] INFO  volume.StorageVolumeChecker (StorageVolumeChecker.java:checkAllVolumes(202)) - Scheduled health check for volume /home/runner/work/ozone/ozone/hadoop-ozone/integration-test/target/test-dir/MiniOzoneClusterImpl-e73edc9f-ff19-4fd0-8331-074ccb3cb693/datanode-2/data-0/containers/hdds
2021-11-15 13:52:51,202 [Listener at 127.0.0.1/11752] INFO  volume.MutableVolumeSet (MutableVolumeSet.java:initializeVolumeSet(168)) - Added Volume : /home/runner/work/ozone/ozone/hadoop-ozone/integration-test/target/test-dir/MiniOzoneClusterImpl-e73edc9f-ff19-4fd0-8331-074ccb3cb693/datanode-2/data/ratis to VolumeSet
2021-11-15 13:52:51,202 [Listener at 127.0.0.1/11752] INFO  volume.ThrottledAsyncChecker (ThrottledAsyncChecker.java:schedule(141)) - Scheduling a check for /home/runner/work/ozone/ozone/hadoop-ozone/integration-test/target/test-dir/MiniOzoneClusterImpl-e73edc9f-ff19-4fd0-8331-074ccb3cb693/datanode-2/data/ratis
2021-11-15 13:52:51,203 [Listener at 127.0.0.1/11752] INFO  volume.StorageVolumeChecker (StorageVolumeChecker.java:checkAllVolumes(202)) - Scheduled health check for volume /home/runner/work/ozone/ozone/hadoop-ozone/integration-test/target/test-dir/MiniOzoneClusterImpl-e73edc9f-ff19-4fd0-8331-074ccb3cb693/datanode-2/data/ratis
2021-11-15 13:52:51,215 [Thread-251] INFO  ozoneimpl.ContainerReader (ContainerReader.java:readVolume(172)) - Finish verifying containers on volume /home/runner/work/ozone/ozone/hadoop-ozone/integration-test/target/test-dir/MiniOzoneClusterImpl-e73edc9f-ff19-4fd0-8331-074ccb3cb693/datanode-2/data-0/containers/hdds
2021-11-15 13:52:51,215 [Listener at 127.0.0.1/11752] INFO  ozoneimpl.OzoneContainer (OzoneContainer.java:buildContainerSet(236)) - Build ContainerSet costs 0s
2021-11-15 13:52:51,217 [Listener at 127.0.0.1/11752] INFO  server.RaftServer (ConfUtils.java:logGet(44)) - raft.rpc.type = GRPC (default)
2021-11-15 13:52:51,217 [Listener at 127.0.0.1/11752] INFO  grpc.GrpcFactory (GrpcFactory.java:checkPooledByteBufAllocatorUseCacheForAllThreads(48)) - PERFORMANCE WARNING: useCacheForAllThreads is true that may cause Netty to create a lot garbage objects and, as a result, trigger GC.
	It is recommended to disable useCacheForAllThreads by setting -Dorg.apache.ratis.thirdparty.io.netty.allocator.useCacheForAllThreads=false in command line.
2021-11-15 13:52:51,218 [Listener at 127.0.0.1/11752] INFO  grpc.GrpcConfigKeys (ConfUtils.java:logGet(44)) - raft.grpc.admin.port = 0 (custom)
2021-11-15 13:52:51,218 [Listener at 127.0.0.1/11752] INFO  grpc.GrpcConfigKeys (ConfUtils.java:logGet(44)) - raft.grpc.client.port = 0 (custom)
2021-11-15 13:52:51,218 [Listener at 127.0.0.1/11752] INFO  grpc.GrpcConfigKeys (ConfUtils.java:logGet(44)) - raft.grpc.server.port = 0 (default)
2021-11-15 13:52:51,218 [Listener at 127.0.0.1/11752] INFO  server.GrpcService (ConfUtils.java:logGet(44)) - raft.grpc.message.size.max = 32MB (=33554432) (custom)
2021-11-15 13:52:51,218 [Listener at 127.0.0.1/11752] INFO  server.RaftServerConfigKeys (ConfUtils.java:logGet(44)) - raft.server.log.appender.buffer.byte-limit = 33554432 (custom)
2021-11-15 13:52:51,218 [Listener at 127.0.0.1/11752] INFO  server.GrpcService (ConfUtils.java:logGet(44)) - raft.grpc.flow.control.window = 5MB (=5242880) (custom)
2021-11-15 13:52:51,218 [Listener at 127.0.0.1/11752] INFO  server.RaftServerConfigKeys (ConfUtils.java:logGet(44)) - raft.server.rpc.request.timeout = 60s (custom)
2021-11-15 13:52:51,219 [Listener at 127.0.0.1/11752] INFO  impl.DataStreamServerImpl (ConfUtils.java:logGet(44)) - raft.datastream.type = DISABLED (default)
2021-11-15 13:52:51,220 [Listener at 127.0.0.1/11752] INFO  server.RaftServerConfigKeys (ConfUtils.java:logGet(44)) - raft.server.rpc.slowness.timeout = 300s (custom)
2021-11-15 13:52:51,220 [Listener at 127.0.0.1/11752] INFO  server.RaftServerConfigKeys (ConfUtils.java:logGet(44)) - raft.server.leaderelection.leader.step-down.wait-time = 10s (default)
2021-11-15 13:52:51,220 [Listener at 127.0.0.1/11752] INFO  server.RaftServerConfigKeys (ConfUtils.java:logGet(44)) - raft.server.storage.dir = [/home/runner/work/ozone/ozone/hadoop-ozone/integration-test/target/test-dir/MiniOzoneClusterImpl-e73edc9f-ff19-4fd0-8331-074ccb3cb693/datanode-2/data/ratis] (custom)
2021-11-15 13:52:51,223 [Listener at 127.0.0.1/11752] INFO  http.BaseHttpServer (BaseHttpServer.java:newHttpServer2BuilderForOzone(209)) - Starting Web-server for hddsDatanode at: http://0.0.0.0:0
2021-11-15 13:52:51,223 [Listener at 127.0.0.1/11752] INFO  http.BaseHttpServer (BaseHttpServer.java:<init>(107)) - Hadoop Security Enabled: false Ozone Security Enabled: false Ozone HTTP Security Enabled: false 
2021-11-15 13:52:51,224 [Listener at 127.0.0.1/11752] INFO  server.AuthenticationFilter (AuthenticationFilter.java:constructSecretProvider(240)) - Unable to initialize FileSignerSecretProvider, falling back to use random secrets.
2021-11-15 13:52:51,227 [Listener at 127.0.0.1/11752] WARN  http.HttpRequestLog (HttpRequestLog.java:getRequestLog(103)) - Jetty request log can only be enabled using Log4j
2021-11-15 13:52:51,228 [Listener at 127.0.0.1/11752] INFO  http.HttpServer2 (HttpServer2.java:addGlobalFilter(1030)) - Added global filter 'safety' (class=org.apache.hadoop.hdds.server.http.HttpServer2$QuotingInputFilter)
2021-11-15 13:52:51,228 [Listener at 127.0.0.1/11752] INFO  http.HttpServer2 (HttpServer2.java:addFilter(1006)) - Added filter static_user_filter (class=org.apache.hadoop.http.lib.StaticUserWebFilter$StaticUserFilter) to context hddsDatanode
2021-11-15 13:52:51,229 [Listener at 127.0.0.1/11752] INFO  http.HttpServer2 (HttpServer2.java:addFilter(1014)) - Added filter static_user_filter (class=org.apache.hadoop.http.lib.StaticUserWebFilter$StaticUserFilter) to context static
2021-11-15 13:52:51,229 [Listener at 127.0.0.1/11752] INFO  http.HttpServer2 (HttpServer2.java:addFilter(1014)) - Added filter static_user_filter (class=org.apache.hadoop.http.lib.StaticUserWebFilter$StaticUserFilter) to context logs
2021-11-15 13:52:51,230 [Listener at 127.0.0.1/11752] INFO  http.HttpServer2 (HttpServer2.java:bindListener(1249)) - Jetty bound to port 43945
2021-11-15 13:52:51,230 [Listener at 127.0.0.1/11752] INFO  server.Server (Server.java:doStart(375)) - jetty-9.4.43.v20210629; built: 2021-06-30T11:07:22.254Z; git: 526006ecfa3af7f1a27ef3a288e2bef7ea9dd7e8; jvm 1.8.0_292-b10
2021-11-15 13:52:51,248 [Listener at 127.0.0.1/11752] INFO  server.session (DefaultSessionIdManager.java:doStart(334)) - DefaultSessionIdManager workerName=node0
2021-11-15 13:52:51,248 [Listener at 127.0.0.1/11752] INFO  server.session (DefaultSessionIdManager.java:doStart(339)) - No SessionScavenger set, using defaults
2021-11-15 13:52:51,248 [Listener at 127.0.0.1/11752] INFO  server.session (HouseKeeper.java:startScavenging(132)) - node0 Scavenging every 660000ms
2021-11-15 13:52:51,249 [Listener at 127.0.0.1/11752] INFO  handler.ContextHandler (ContextHandler.java:doStart(915)) - Started o.e.j.s.ServletContextHandler@7b16d337{logs,/logs,file:///home/runner/work/ozone/ozone/hadoop-ozone/integration-test/target/log,AVAILABLE}
2021-11-15 13:52:51,249 [Listener at 127.0.0.1/11752] INFO  handler.ContextHandler (ContextHandler.java:doStart(915)) - Started o.e.j.s.ServletContextHandler@4155a965{static,/static,jar:file:/home/runner/.m2/repository/org/apache/ozone/hdds-container-service/1.2.0-SNAPSHOT/hdds-container-service-1.2.0-SNAPSHOT.jar!/webapps/static,AVAILABLE}
2021-11-15 13:52:51,294 [Listener at 127.0.0.1/11752] INFO  handler.ContextHandler (ContextHandler.java:doStart(915)) - Started o.e.j.w.WebAppContext@1a738139{hddsDatanode,/,file:///tmp/jetty-0_0_0_0-43945-hdds-container-service-1_2_0-SNAPSHOT_jar-_-any-2460177599294436168/webapp/,AVAILABLE}{jar:file:/home/runner/.m2/repository/org/apache/ozone/hdds-container-service/1.2.0-SNAPSHOT/hdds-container-service-1.2.0-SNAPSHOT.jar!/webapps/hddsDatanode}
2021-11-15 13:52:51,295 [Listener at 127.0.0.1/11752] INFO  server.AbstractConnector (AbstractConnector.java:doStart(331)) - Started ServerConnector@3de64145{HTTP/1.1, (http/1.1)}{0.0.0.0:43945}
2021-11-15 13:52:51,295 [Listener at 127.0.0.1/11752] INFO  server.Server (Server.java:doStart(415)) - Started @7338ms
2021-11-15 13:52:51,295 [Listener at 127.0.0.1/11752] WARN  impl.MetricsSystemImpl (MetricsSystemImpl.java:register(279)) - Sink prometheus already exists!
2021-11-15 13:52:51,296 [Listener at 127.0.0.1/11752] INFO  http.BaseHttpServer (BaseHttpServer.java:updateConnectorAddress(329)) - HTTP server of hddsDatanode listening at http://0.0.0.0:43945
2021-11-15 13:52:51,296 [Datanode State Machine Daemon Thread] INFO  statemachine.DatanodeStateMachine (DatanodeStateMachine.java:lambda$startDaemon$0(467)) - Ozone container server started.
2021-11-15 13:52:51,298 [Listener at 127.0.0.1/11752] INFO  ozone.MiniOzoneClusterImpl (MiniOzoneClusterImpl.java:lambda$waitForClusterToBeReady$0(235)) - Waiting for nodes to be ready. Got 0 of 3 DN Heartbeats.
2021-11-15 13:52:51,298 [Listener at 127.0.0.1/11752] INFO  ozone.MiniOzoneClusterImpl (MiniOzoneClusterImpl.java:lambda$waitForClusterToBeReady$0(238)) - Waiting for cluster to exit safe mode
2021-11-15 13:52:51,298 [Listener at 127.0.0.1/11752] INFO  ozone.MiniOzoneClusterImpl (MiniOzoneClusterImpl.java:lambda$waitForClusterToBeReady$0(240)) - SCM became leader
2021-11-15 13:52:51,302 [org.apache.hadoop.util.JvmPauseMonitor$Monitor@3506ede7] INFO  util.JvmPauseMonitor (JvmPauseMonitor.java:run(188)) - Starting JVM pause monitor
2021-11-15 13:52:51,304 [Datanode State Machine Task Thread - 0] INFO  datanode.InitDatanodeState (InitDatanodeState.java:persistContainerDatanodeDetails(145)) - DatanodeDetails is persisted to /home/runner/work/ozone/ozone/hadoop-ozone/integration-test/target/test-dir/MiniOzoneClusterImpl-e73edc9f-ff19-4fd0-8331-074ccb3cb693/datanode-2/meta/datanode.id
2021-11-15 13:52:52,199 [omNode-1@group-523986131536-FollowerState] INFO  impl.FollowerState (FollowerState.java:run(134)) - omNode-1@group-523986131536-FollowerState: change to CANDIDATE, lastRpcElapsedTime:1051834061ns, electionTimeout:1051ms
2021-11-15 13:52:52,200 [omNode-1@group-523986131536-FollowerState] INFO  impl.RoleInfo (RoleInfo.java:shutdownFollowerState(108)) - omNode-1: shutdown omNode-1@group-523986131536-FollowerState
2021-11-15 13:52:52,200 [omNode-1@group-523986131536-FollowerState] INFO  server.RaftServer$Division (RaftServerImpl.java:setRole(290)) - omNode-1@group-523986131536: changes role from  FOLLOWER to CANDIDATE at term 1 for changeToCandidate
2021-11-15 13:52:52,213 [omNode-1@group-523986131536-FollowerState] INFO  server.RaftServerConfigKeys (ConfUtils.java:logGet(44)) - raft.server.leaderelection.pre-vote = false (custom)
2021-11-15 13:52:52,213 [omNode-1@group-523986131536-FollowerState] INFO  impl.RoleInfo (RoleInfo.java:updateAndGet(130)) - omNode-1: start omNode-1@group-523986131536-LeaderElection4
2021-11-15 13:52:52,216 [omNode-1@group-523986131536-LeaderElection4] INFO  impl.LeaderElection (LeaderElection.java:askForVotes(306)) - omNode-1@group-523986131536-LeaderElection4 ELECTION round 0: submit vote requests at term 2 for -1: [omNode-3|rpc:localhost:11756|priority:0, omNode-1|rpc:localhost:11744|priority:0, omNode-2|rpc:localhost:11750|priority:0], old=null
2021-11-15 13:52:52,223 [grpc-default-executor-0] INFO  server.RaftServer$Division (RaftServerImpl.java:requestVote(1046)) - omNode-3@group-523986131536: receive requestVote(ELECTION, omNode-1, group-523986131536, 2, (t:0, i:~))
2021-11-15 13:52:52,224 [grpc-default-executor-0] INFO  impl.VoteContext (VoteContext.java:log(48)) - omNode-3@group-523986131536-FOLLOWER: accept ELECTION from omNode-1: our priority 0 <= candidate's priority 0
2021-11-15 13:52:52,224 [grpc-default-executor-0] INFO  server.RaftServer$Division (RaftServerImpl.java:setRole(290)) - omNode-3@group-523986131536: changes role from  FOLLOWER to FOLLOWER at term 2 for candidate:omNode-1
2021-11-15 13:52:52,224 [grpc-default-executor-0] INFO  impl.RoleInfo (RoleInfo.java:shutdownFollowerState(108)) - omNode-3: shutdown omNode-3@group-523986131536-FollowerState
2021-11-15 13:52:52,228 [grpc-default-executor-0] INFO  impl.RoleInfo (RoleInfo.java:updateAndGet(130)) - omNode-3: start omNode-3@group-523986131536-FollowerState
2021-11-15 13:52:52,229 [omNode-3@group-523986131536-FollowerState] INFO  impl.FollowerState (FollowerState.java:run(143)) - omNode-3@group-523986131536-FollowerState was interrupted: {}
java.lang.InterruptedException: sleep interrupted
	at java.lang.Thread.sleep(Native Method)
	at java.lang.Thread.sleep(Thread.java:340)
	at java.util.concurrent.TimeUnit.sleep(TimeUnit.java:386)
	at org.apache.ratis.util.TimeDuration.sleep(TimeDuration.java:324)
	at org.apache.ratis.util.TimeDuration.sleep(TimeDuration.java:309)
	at org.apache.ratis.server.impl.FollowerState.run(FollowerState.java:118)
2021-11-15 13:52:52,240 [grpc-default-executor-0] INFO  server.RaftServer$Division (RaftServerImpl.java:requestVote(1078)) - omNode-3@group-523986131536 replies to ELECTION vote request: omNode-1<-omNode-3#0:OK-t2. Peer's state: omNode-3@group-523986131536:t2, leader=null, voted=omNode-1, raftlog=omNode-3@group-523986131536-SegmentedRaftLog:OPENED:c-1, conf=-1: [omNode-3|rpc:localhost:11756|priority:0, omNode-1|rpc:localhost:11744|priority:0, omNode-2|rpc:localhost:11750|priority:0], old=null
2021-11-15 13:52:52,244 [grpc-default-executor-1] INFO  server.RaftServer$Division (RaftServerImpl.java:requestVote(1046)) - omNode-2@group-523986131536: receive requestVote(ELECTION, omNode-1, group-523986131536, 2, (t:0, i:~))
2021-11-15 13:52:52,244 [grpc-default-executor-1] INFO  impl.VoteContext (VoteContext.java:log(48)) - omNode-2@group-523986131536-FOLLOWER: accept ELECTION from omNode-1: our priority 0 <= candidate's priority 0
2021-11-15 13:52:52,244 [grpc-default-executor-1] INFO  server.RaftServer$Division (RaftServerImpl.java:setRole(290)) - omNode-2@group-523986131536: changes role from  FOLLOWER to FOLLOWER at term 2 for candidate:omNode-1
2021-11-15 13:52:52,244 [grpc-default-executor-1] INFO  impl.RoleInfo (RoleInfo.java:shutdownFollowerState(108)) - omNode-2: shutdown omNode-2@group-523986131536-FollowerState
2021-11-15 13:52:52,244 [grpc-default-executor-1] INFO  impl.RoleInfo (RoleInfo.java:updateAndGet(130)) - omNode-2: start omNode-2@group-523986131536-FollowerState
2021-11-15 13:52:52,244 [omNode-2@group-523986131536-FollowerState] INFO  impl.FollowerState (FollowerState.java:run(143)) - omNode-2@group-523986131536-FollowerState was interrupted: {}
java.lang.InterruptedException: sleep interrupted
	at java.lang.Thread.sleep(Native Method)
	at java.lang.Thread.sleep(Thread.java:340)
	at java.util.concurrent.TimeUnit.sleep(TimeUnit.java:386)
	at org.apache.ratis.util.TimeDuration.sleep(TimeDuration.java:324)
	at org.apache.ratis.util.TimeDuration.sleep(TimeDuration.java:309)
	at org.apache.ratis.server.impl.FollowerState.run(FollowerState.java:118)
2021-11-15 13:52:52,250 [grpc-default-executor-1] INFO  server.RaftServer$Division (RaftServerImpl.java:requestVote(1078)) - omNode-2@group-523986131536 replies to ELECTION vote request: omNode-1<-omNode-2#0:OK-t2. Peer's state: omNode-2@group-523986131536:t2, leader=null, voted=omNode-1, raftlog=omNode-2@group-523986131536-SegmentedRaftLog:OPENED:c-1, conf=-1: [omNode-3|rpc:localhost:11756|priority:0, omNode-1|rpc:localhost:11744|priority:0, omNode-2|rpc:localhost:11750|priority:0], old=null
2021-11-15 13:52:52,253 [omNode-1@group-523986131536-LeaderElection4] INFO  impl.LeaderElection (LeaderElection.java:logAndReturn(89)) - omNode-1@group-523986131536-LeaderElection4: ELECTION PASSED received 1 response(s) and 0 exception(s):
2021-11-15 13:52:52,253 [omNode-1@group-523986131536-LeaderElection4] INFO  impl.LeaderElection (LeaderElection.java:logAndReturn(93)) -   Response 0: omNode-1<-omNode-2#0:OK-t2
2021-11-15 13:52:52,253 [omNode-1@group-523986131536-LeaderElection4] INFO  impl.LeaderElection (LeaderElection.java:askForVotes(308)) - omNode-1@group-523986131536-LeaderElection4 ELECTION round 0: result PASSED
2021-11-15 13:52:52,253 [omNode-1@group-523986131536-LeaderElection4] INFO  impl.RoleInfo (RoleInfo.java:shutdownLeaderElection(121)) - omNode-1: shutdown omNode-1@group-523986131536-LeaderElection4
2021-11-15 13:52:52,253 [omNode-1@group-523986131536-LeaderElection4] INFO  server.RaftServer$Division (RaftServerImpl.java:setRole(290)) - omNode-1@group-523986131536: changes role from CANDIDATE to LEADER at term 2 for changeToLeader
2021-11-15 13:52:52,253 [omNode-1@group-523986131536-LeaderElection4] INFO  server.RaftServer$Division (ServerState.java:setLeader(285)) - omNode-1@group-523986131536: change Leader from null to omNode-1 at term 2 for becomeLeader, leader elected after 3342ms
2021-11-15 13:52:52,259 [omNode-1@group-523986131536-LeaderElection4] INFO  server.RaftServerConfigKeys (ConfUtils.java:logGet(44)) - raft.server.staging.catchup.gap = 1000 (default)
2021-11-15 13:52:52,262 [omNode-1@group-523986131536-LeaderElection4] INFO  server.RaftServerConfigKeys (ConfUtils.java:logGet(44)) - raft.server.write.element-limit = 4096 (default)
2021-11-15 13:52:52,263 [omNode-1@group-523986131536-LeaderElection4] INFO  server.RaftServerConfigKeys (ConfUtils.java:logGet(44)) - raft.server.write.byte-limit = 64MB (=67108864) (default)
2021-11-15 13:52:52,268 [omNode-1@group-523986131536-LeaderElection4] INFO  server.RaftServerConfigKeys (ConfUtils.java:logGet(44)) - raft.server.watch.timeout = 10s (default)
2021-11-15 13:52:52,268 [omNode-1@group-523986131536-LeaderElection4] INFO  server.RaftServerConfigKeys (ConfUtils.java:logGet(44)) - raft.server.watch.timeout.denomination = 1s (default)
2021-11-15 13:52:52,268 [omNode-1@group-523986131536-LeaderElection4] INFO  server.RaftServerConfigKeys (ConfUtils.java:logGet(44)) - raft.server.watch.element-limit = 65536 (default)
2021-11-15 13:52:52,271 [omNode-1@group-523986131536-LeaderElection4] INFO  server.RaftServerConfigKeys (ConfUtils.java:logGet(44)) - raft.server.write.element-limit = 4096 (default)
2021-11-15 13:52:52,272 [omNode-1@group-523986131536-LeaderElection4] INFO  server.RaftServerConfigKeys (ConfUtils.java:logGet(44)) - raft.server.write.follower.gap.ratio.max = -1.0 (default)
2021-11-15 13:52:52,278 [omNode-1@group-523986131536-LeaderElection4] INFO  server.RaftServerConfigKeys (ConfUtils.java:logGet(44)) - raft.server.log.appender.snapshot.chunk.size.max = 16MB (=16777216) (default)
2021-11-15 13:52:52,278 [omNode-1@group-523986131536-LeaderElection4] INFO  server.RaftServerConfigKeys (ConfUtils.java:logGet(44)) - raft.server.log.appender.buffer.byte-limit = 33554432 (custom)
2021-11-15 13:52:52,278 [omNode-1@group-523986131536-LeaderElection4] INFO  server.RaftServerConfigKeys (ConfUtils.java:logGet(44)) - raft.server.log.appender.buffer.element-limit = 1024 (custom)
2021-11-15 13:52:52,280 [omNode-1@group-523986131536-LeaderElection4] INFO  grpc.GrpcConfigKeys (ConfUtils.java:logGet(44)) - raft.grpc.server.leader.outstanding.appends.max = 128 (default)
2021-11-15 13:52:52,280 [omNode-1@group-523986131536-LeaderElection4] INFO  server.RaftServerConfigKeys (ConfUtils.java:logGet(44)) - raft.server.rpc.request.timeout = 3000ms (default)
2021-11-15 13:52:52,281 [omNode-1@group-523986131536-LeaderElection4] INFO  server.RaftServerConfigKeys (ConfUtils.java:logGet(44)) - raft.server.log.appender.install.snapshot.enabled = false (custom)
2021-11-15 13:52:52,284 [omNode-1@group-523986131536-LeaderElection4] INFO  server.RaftServerConfigKeys (ConfUtils.java:logGet(44)) - raft.server.log.appender.snapshot.chunk.size.max = 16MB (=16777216) (default)
2021-11-15 13:52:52,284 [omNode-1@group-523986131536-LeaderElection4] INFO  server.RaftServerConfigKeys (ConfUtils.java:logGet(44)) - raft.server.log.appender.buffer.byte-limit = 33554432 (custom)
2021-11-15 13:52:52,284 [omNode-1@group-523986131536-LeaderElection4] INFO  server.RaftServerConfigKeys (ConfUtils.java:logGet(44)) - raft.server.log.appender.buffer.element-limit = 1024 (custom)
2021-11-15 13:52:52,284 [omNode-1@group-523986131536-LeaderElection4] INFO  grpc.GrpcConfigKeys (ConfUtils.java:logGet(44)) - raft.grpc.server.leader.outstanding.appends.max = 128 (default)
2021-11-15 13:52:52,284 [omNode-1@group-523986131536-LeaderElection4] INFO  server.RaftServerConfigKeys (ConfUtils.java:logGet(44)) - raft.server.rpc.request.timeout = 3000ms (default)
2021-11-15 13:52:52,284 [omNode-1@group-523986131536-LeaderElection4] INFO  server.RaftServerConfigKeys (ConfUtils.java:logGet(44)) - raft.server.log.appender.install.snapshot.enabled = false (custom)
2021-11-15 13:52:52,286 [omNode-1@group-523986131536-LeaderElection4] INFO  impl.RoleInfo (RoleInfo.java:updateAndGet(130)) - omNode-1: start omNode-1@group-523986131536-LeaderStateImpl
2021-11-15 13:52:52,299 [Listener at 127.0.0.1/11752] INFO  ozone.MiniOzoneClusterImpl (MiniOzoneClusterImpl.java:lambda$waitForClusterToBeReady$0(235)) - Waiting for nodes to be ready. Got 0 of 3 DN Heartbeats.
2021-11-15 13:52:52,299 [Listener at 127.0.0.1/11752] INFO  ozone.MiniOzoneClusterImpl (MiniOzoneClusterImpl.java:lambda$waitForClusterToBeReady$0(238)) - Waiting for cluster to exit safe mode
2021-11-15 13:52:52,299 [Listener at 127.0.0.1/11752] INFO  ozone.MiniOzoneClusterImpl (MiniOzoneClusterImpl.java:lambda$waitForClusterToBeReady$0(240)) - SCM became leader
2021-11-15 13:52:52,301 [omNode-1@group-523986131536-LeaderElection4] INFO  segmented.SegmentedRaftLogWorker (SegmentedRaftLogWorker.java:startLogSegment(394)) - omNode-1@group-523986131536-SegmentedRaftLogWorker: Starting segment from index:0
2021-11-15 13:52:52,321 [omNode-1@group-523986131536-LeaderElection4] INFO  server.RaftServer$Division (ServerState.java:setRaftConf(387)) - omNode-1@group-523986131536: set configuration 0: [omNode-3|rpc:localhost:11756|admin:|client:|dataStream:|priority:0, omNode-1|rpc:localhost:11744|admin:|client:|dataStream:|priority:0, omNode-2|rpc:localhost:11750|admin:|client:|dataStream:|priority:0], old=null
2021-11-15 13:52:52,360 [grpc-default-executor-0] INFO  server.RaftServer$Division (ServerState.java:setLeader(285)) - omNode-2@group-523986131536: change Leader from null to omNode-1 at term 2 for appendEntries, leader elected after 3033ms
2021-11-15 13:52:52,381 [grpc-default-executor-1] INFO  server.RaftServer$Division (ServerState.java:setLeader(285)) - omNode-3@group-523986131536: change Leader from null to omNode-1 at term 2 for appendEntries, leader elected after 2776ms
2021-11-15 13:52:52,387 [grpc-default-executor-0] INFO  server.RaftServer$Division (ServerState.java:setRaftConf(387)) - omNode-2@group-523986131536: set configuration 0: [omNode-3|rpc:localhost:11756|admin:|client:|dataStream:|priority:0, omNode-1|rpc:localhost:11744|admin:|client:|dataStream:|priority:0, omNode-2|rpc:localhost:11750|admin:|client:|dataStream:|priority:0], old=null
2021-11-15 13:52:52,388 [grpc-default-executor-0] INFO  segmented.SegmentedRaftLogWorker (SegmentedRaftLogWorker.java:startLogSegment(394)) - omNode-2@group-523986131536-SegmentedRaftLogWorker: Starting segment from index:0
2021-11-15 13:52:52,391 [grpc-default-executor-1] INFO  server.RaftServer$Division (ServerState.java:setRaftConf(387)) - omNode-3@group-523986131536: set configuration 0: [omNode-3|rpc:localhost:11756|admin:|client:|dataStream:|priority:0, omNode-1|rpc:localhost:11744|admin:|client:|dataStream:|priority:0, omNode-2|rpc:localhost:11750|admin:|client:|dataStream:|priority:0], old=null
2021-11-15 13:52:52,391 [grpc-default-executor-1] INFO  segmented.SegmentedRaftLogWorker (SegmentedRaftLogWorker.java:startLogSegment(394)) - omNode-3@group-523986131536-SegmentedRaftLogWorker: Starting segment from index:0
2021-11-15 13:52:52,445 [omNode-3@group-523986131536-SegmentedRaftLogWorker] INFO  segmented.SegmentedRaftLogWorker (SegmentedRaftLogWorker.java:execute(601)) - omNode-3@group-523986131536-SegmentedRaftLogWorker: created new log segment /home/runner/work/ozone/ozone/hadoop-ozone/integration-test/target/test-dir/MiniOzoneClusterImpl-e73edc9f-ff19-4fd0-8331-074ccb3cb693/omNode-3/ratis/c9bc4cf4-3bc3-3c60-a66b-523986131536/current/log_inprogress_0
2021-11-15 13:52:52,445 [omNode-2@group-523986131536-SegmentedRaftLogWorker] INFO  segmented.SegmentedRaftLogWorker (SegmentedRaftLogWorker.java:execute(601)) - omNode-2@group-523986131536-SegmentedRaftLogWorker: created new log segment /home/runner/work/ozone/ozone/hadoop-ozone/integration-test/target/test-dir/MiniOzoneClusterImpl-e73edc9f-ff19-4fd0-8331-074ccb3cb693/omNode-2/ratis/c9bc4cf4-3bc3-3c60-a66b-523986131536/current/log_inprogress_0
2021-11-15 13:52:52,494 [omNode-1@group-523986131536-SegmentedRaftLogWorker] INFO  segmented.SegmentedRaftLogWorker (SegmentedRaftLogWorker.java:execute(601)) - omNode-1@group-523986131536-SegmentedRaftLogWorker: created new log segment /home/runner/work/ozone/ozone/hadoop-ozone/integration-test/target/test-dir/MiniOzoneClusterImpl-e73edc9f-ff19-4fd0-8331-074ccb3cb693/omNode-1/ratis/c9bc4cf4-3bc3-3c60-a66b-523986131536/current/log_inprogress_0
2021-11-15 13:52:52,561 [omNode-1@group-523986131536-StateMachineUpdater] INFO  ratis.OzoneManagerStateMachine (OzoneManagerStateMachine.java:notifyConfigurationChanged(188)) - Received Configuration change notification from Ratis. New Peer list:
[id: "omNode-3"
address: "localhost:11756"
, id: "omNode-1"
address: "localhost:11744"
, id: "omNode-2"
address: "localhost:11750"
]
2021-11-15 13:52:52,687 [EndpointStateMachine task thread for /0.0.0.0:33991 - 0 ] INFO  ozoneimpl.OzoneContainer (OzoneContainer.java:start(304)) - Attempting to start container services.
2021-11-15 13:52:52,689 [EndpointStateMachine task thread for /0.0.0.0:33991 - 0 ] INFO  ozoneimpl.OzoneContainer (OzoneContainer.java:startContainerScrub(249)) - Background container scanner has been disabled.
2021-11-15 13:52:52,690 [EndpointStateMachine task thread for /0.0.0.0:33991 - 0 ] INFO  replication.ReplicationServer (ReplicationServer.java:start(107)) - ReplicationServer is started using port 36673
2021-11-15 13:52:52,692 [EndpointStateMachine task thread for /0.0.0.0:33991 - 0 ] INFO  ratis.XceiverServerRatis (XceiverServerRatis.java:start(484)) - Starting XceiverServerRatis a9f41200-e526-4d63-ba17-4c3b2778a2b6
2021-11-15 13:52:52,692 [EndpointStateMachine task thread for /0.0.0.0:33991 - 0 ] INFO  server.RaftServer (RaftServerProxy.java:lambda$start$5(374)) - a9f41200-e526-4d63-ba17-4c3b2778a2b6: start RPC server
2021-11-15 13:52:52,694 [EndpointStateMachine task thread for /0.0.0.0:33991 - 0 ] INFO  server.GrpcService (GrpcService.java:startImpl(253)) - a9f41200-e526-4d63-ba17-4c3b2778a2b6: GrpcService started, listening on 38801
2021-11-15 13:52:52,694 [EndpointStateMachine task thread for /0.0.0.0:33991 - 0 ] INFO  ratis.XceiverServerRatis (XceiverServerRatis.java:getRealPort(505)) - XceiverServerRatis a9f41200-e526-4d63-ba17-4c3b2778a2b6 is started using port 38801 for RATIS
2021-11-15 13:52:52,694 [EndpointStateMachine task thread for /0.0.0.0:33991 - 0 ] INFO  ratis.XceiverServerRatis (XceiverServerRatis.java:getRealPort(505)) - XceiverServerRatis a9f41200-e526-4d63-ba17-4c3b2778a2b6 is started using port 38801 for RATIS_ADMIN
2021-11-15 13:52:52,694 [EndpointStateMachine task thread for /0.0.0.0:33991 - 0 ] INFO  ratis.XceiverServerRatis (XceiverServerRatis.java:getRealPort(505)) - XceiverServerRatis a9f41200-e526-4d63-ba17-4c3b2778a2b6 is started using port 38801 for RATIS_SERVER
2021-11-15 13:52:52,694 [org.apache.ratis.util.JvmPauseMonitor$$Lambda$523/645118495@683d0c1d] INFO  util.JvmPauseMonitor (JvmPauseMonitor.java:run(103)) - JvmPauseMonitor-a9f41200-e526-4d63-ba17-4c3b2778a2b6: Started
2021-11-15 13:52:52,696 [EndpointStateMachine task thread for /0.0.0.0:33991 - 0 ] INFO  server.XceiverServerGrpc (XceiverServerGrpc.java:start(135)) - XceiverServerGrpc a9f41200-e526-4d63-ba17-4c3b2778a2b6 is started using port 44075
2021-11-15 13:52:52,997 [omNode-2@group-523986131536-StateMachineUpdater] INFO  ratis.OzoneManagerStateMachine (OzoneManagerStateMachine.java:notifyConfigurationChanged(188)) - Received Configuration change notification from Ratis. New Peer list:
[id: "omNode-3"
address: "localhost:11756"
, id: "omNode-1"
address: "localhost:11744"
, id: "omNode-2"
address: "localhost:11750"
]
2021-11-15 13:52:53,000 [omNode-3@group-523986131536-StateMachineUpdater] INFO  ratis.OzoneManagerStateMachine (OzoneManagerStateMachine.java:notifyConfigurationChanged(188)) - Received Configuration change notification from Ratis. New Peer list:
[id: "omNode-3"
address: "localhost:11756"
, id: "omNode-1"
address: "localhost:11744"
, id: "omNode-2"
address: "localhost:11750"
]
2021-11-15 13:52:53,063 [EndpointStateMachine task thread for /0.0.0.0:33991 - 0 ] INFO  ozoneimpl.OzoneContainer (OzoneContainer.java:start(304)) - Attempting to start container services.
2021-11-15 13:52:53,063 [EndpointStateMachine task thread for /0.0.0.0:33991 - 0 ] INFO  ozoneimpl.OzoneContainer (OzoneContainer.java:startContainerScrub(249)) - Background container scanner has been disabled.
2021-11-15 13:52:53,064 [EndpointStateMachine task thread for /0.0.0.0:33991 - 0 ] INFO  replication.ReplicationServer (ReplicationServer.java:start(107)) - ReplicationServer is started using port 43387
2021-11-15 13:52:53,065 [EndpointStateMachine task thread for /0.0.0.0:33991 - 0 ] INFO  ratis.XceiverServerRatis (XceiverServerRatis.java:start(484)) - Starting XceiverServerRatis d72f5f37-b5e8-4067-85db-ff819ddbae3b
2021-11-15 13:52:53,068 [EndpointStateMachine task thread for /0.0.0.0:33991 - 0 ] INFO  server.RaftServer (RaftServerProxy.java:lambda$start$5(374)) - d72f5f37-b5e8-4067-85db-ff819ddbae3b: start RPC server
2021-11-15 13:52:53,070 [EndpointStateMachine task thread for /0.0.0.0:33991 - 0 ] INFO  server.GrpcService (GrpcService.java:startImpl(253)) - d72f5f37-b5e8-4067-85db-ff819ddbae3b: GrpcService started, listening on 33335
2021-11-15 13:52:53,070 [EndpointStateMachine task thread for /0.0.0.0:33991 - 0 ] INFO  ratis.XceiverServerRatis (XceiverServerRatis.java:getRealPort(505)) - XceiverServerRatis d72f5f37-b5e8-4067-85db-ff819ddbae3b is started using port 33335 for RATIS
2021-11-15 13:52:53,070 [org.apache.ratis.util.JvmPauseMonitor$$Lambda$523/645118495@3f06be1c] INFO  util.JvmPauseMonitor (JvmPauseMonitor.java:run(103)) - JvmPauseMonitor-d72f5f37-b5e8-4067-85db-ff819ddbae3b: Started
2021-11-15 13:52:53,070 [EndpointStateMachine task thread for /0.0.0.0:33991 - 0 ] INFO  ratis.XceiverServerRatis (XceiverServerRatis.java:getRealPort(505)) - XceiverServerRatis d72f5f37-b5e8-4067-85db-ff819ddbae3b is started using port 33335 for RATIS_ADMIN
2021-11-15 13:52:53,070 [EndpointStateMachine task thread for /0.0.0.0:33991 - 0 ] INFO  ratis.XceiverServerRatis (XceiverServerRatis.java:getRealPort(505)) - XceiverServerRatis d72f5f37-b5e8-4067-85db-ff819ddbae3b is started using port 33335 for RATIS_SERVER
2021-11-15 13:52:53,071 [EndpointStateMachine task thread for /0.0.0.0:33991 - 0 ] INFO  server.XceiverServerGrpc (XceiverServerGrpc.java:start(135)) - XceiverServerGrpc d72f5f37-b5e8-4067-85db-ff819ddbae3b is started using port 43427
2021-11-15 13:52:53,300 [Listener at 127.0.0.1/11752] INFO  ozone.MiniOzoneClusterImpl (MiniOzoneClusterImpl.java:lambda$waitForClusterToBeReady$0(235)) - Waiting for nodes to be ready. Got 0 of 3 DN Heartbeats.
2021-11-15 13:52:53,300 [Listener at 127.0.0.1/11752] INFO  ozone.MiniOzoneClusterImpl (MiniOzoneClusterImpl.java:lambda$waitForClusterToBeReady$0(238)) - Waiting for cluster to exit safe mode
2021-11-15 13:52:53,300 [Listener at 127.0.0.1/11752] INFO  ozone.MiniOzoneClusterImpl (MiniOzoneClusterImpl.java:lambda$waitForClusterToBeReady$0(240)) - SCM became leader
2021-11-15 13:52:53,307 [EndpointStateMachine task thread for /0.0.0.0:33991 - 0 ] INFO  ozoneimpl.OzoneContainer (OzoneContainer.java:start(304)) - Attempting to start container services.
2021-11-15 13:52:53,307 [EndpointStateMachine task thread for /0.0.0.0:33991 - 0 ] INFO  ozoneimpl.OzoneContainer (OzoneContainer.java:startContainerScrub(249)) - Background container scanner has been disabled.
2021-11-15 13:52:53,309 [EndpointStateMachine task thread for /0.0.0.0:33991 - 0 ] INFO  replication.ReplicationServer (ReplicationServer.java:start(107)) - ReplicationServer is started using port 40387
2021-11-15 13:52:53,309 [EndpointStateMachine task thread for /0.0.0.0:33991 - 0 ] INFO  ratis.XceiverServerRatis (XceiverServerRatis.java:start(484)) - Starting XceiverServerRatis 3245fae2-09b7-464d-a8b8-eac19708f915
2021-11-15 13:52:53,312 [EndpointStateMachine task thread for /0.0.0.0:33991 - 0 ] INFO  server.RaftServer (RaftServerProxy.java:lambda$start$5(374)) - 3245fae2-09b7-464d-a8b8-eac19708f915: start RPC server
2021-11-15 13:52:53,313 [EndpointStateMachine task thread for /0.0.0.0:33991 - 0 ] INFO  server.GrpcService (GrpcService.java:startImpl(253)) - 3245fae2-09b7-464d-a8b8-eac19708f915: GrpcService started, listening on 39877
2021-11-15 13:52:53,313 [EndpointStateMachine task thread for /0.0.0.0:33991 - 0 ] INFO  ratis.XceiverServerRatis (XceiverServerRatis.java:getRealPort(505)) - XceiverServerRatis 3245fae2-09b7-464d-a8b8-eac19708f915 is started using port 39877 for RATIS
2021-11-15 13:52:53,313 [org.apache.ratis.util.JvmPauseMonitor$$Lambda$523/645118495@387da930] INFO  util.JvmPauseMonitor (JvmPauseMonitor.java:run(103)) - JvmPauseMonitor-3245fae2-09b7-464d-a8b8-eac19708f915: Started
2021-11-15 13:52:53,313 [EndpointStateMachine task thread for /0.0.0.0:33991 - 0 ] INFO  ratis.XceiverServerRatis (XceiverServerRatis.java:getRealPort(505)) - XceiverServerRatis 3245fae2-09b7-464d-a8b8-eac19708f915 is started using port 39877 for RATIS_ADMIN
2021-11-15 13:52:53,313 [EndpointStateMachine task thread for /0.0.0.0:33991 - 0 ] INFO  ratis.XceiverServerRatis (XceiverServerRatis.java:getRealPort(505)) - XceiverServerRatis 3245fae2-09b7-464d-a8b8-eac19708f915 is started using port 39877 for RATIS_SERVER
2021-11-15 13:52:53,314 [EndpointStateMachine task thread for /0.0.0.0:33991 - 0 ] INFO  server.XceiverServerGrpc (XceiverServerGrpc.java:start(135)) - XceiverServerGrpc 3245fae2-09b7-464d-a8b8-eac19708f915 is started using port 39175
2021-11-15 13:52:54,300 [Listener at 127.0.0.1/11752] INFO  ozone.MiniOzoneClusterImpl (MiniOzoneClusterImpl.java:lambda$waitForClusterToBeReady$0(235)) - Waiting for nodes to be ready. Got 0 of 3 DN Heartbeats.
2021-11-15 13:52:54,301 [Listener at 127.0.0.1/11752] INFO  ozone.MiniOzoneClusterImpl (MiniOzoneClusterImpl.java:lambda$waitForClusterToBeReady$0(238)) - Waiting for cluster to exit safe mode
2021-11-15 13:52:54,301 [Listener at 127.0.0.1/11752] INFO  ozone.MiniOzoneClusterImpl (MiniOzoneClusterImpl.java:lambda$waitForClusterToBeReady$0(240)) - SCM became leader
2021-11-15 13:52:54,650 [IPC Server handler 1 on default port 33991] INFO  net.NetworkTopologyImpl (NetworkTopologyImpl.java:add(112)) - Added a new node: /default-rack/a9f41200-e526-4d63-ba17-4c3b2778a2b6
2021-11-15 13:52:54,652 [IPC Server handler 1 on default port 33991] INFO  node.SCMNodeManager (SCMNodeManager.java:register(389)) - Registered Data node : a9f41200-e526-4d63-ba17-4c3b2778a2b6{ip: 10.1.0.55, host: fv-az151-339.yf2hydr00wburbhx3j5hxtcipe.bx.internal.cloudapp.net, ports: [REPLICATION=36673, RATIS=38801, RATIS_ADMIN=38801, RATIS_SERVER=38801, STANDALONE=44075], networkLocation: /default-rack, certSerialId: null, persistedOpState: null, persistedOpStateExpiryEpochSec: 0}
2021-11-15 13:52:54,656 [EventQueue-NewNodeForNewNodeHandler] INFO  pipeline.BackgroundPipelineCreator (BackgroundPipelineCreator.java:notifyEventTriggered(285)) - trigger a one-shot run on RatisPipelineUtilsThread.
2021-11-15 13:52:54,665 [RatisPipelineUtilsThread - 0] INFO  pipeline.RatisPipelineProvider (RatisPipelineProvider.java:lambda$create$0(183)) - Sending CreatePipelineCommand for pipeline:PipelineID=6916ffa6-ec73-4920-b09d-120d55fc1a01 to datanode:a9f41200-e526-4d63-ba17-4c3b2778a2b6
2021-11-15 13:52:54,665 [EventQueue-NodeRegistrationContainerReportForDataNodeSafeModeRule] INFO  safemode.SCMSafeModeManager (DataNodeSafeModeRule.java:process(71)) - SCM in safe mode. 1 DataNodes registered, 3 required.
2021-11-15 13:52:54,666 [EventQueue-NodeRegistrationContainerReportForContainerSafeModeRule] INFO  safemode.SCMSafeModeManager (SCMSafeModeManager.java:validateSafeModeExitRules(204)) - ContainerSafeModeRule rule is successfully validated
2021-11-15 13:52:54,666 [EventQueue-PipelineReportForOneReplicaPipelineSafeModeRule] INFO  safemode.SCMSafeModeManager (SCMSafeModeManager.java:validateSafeModeExitRules(204)) - AtleastOneDatanodeReportedRule rule is successfully validated
2021-11-15 13:52:54,676 [RatisPipelineUtilsThread - 0] INFO  pipeline.PipelineStateManagerImpl (PipelineStateManagerImpl.java:addPipeline(101)) - Created pipeline Pipeline[ Id: 6916ffa6-ec73-4920-b09d-120d55fc1a01, Nodes: a9f41200-e526-4d63-ba17-4c3b2778a2b6{ip: 10.1.0.55, host: fv-az151-339.yf2hydr00wburbhx3j5hxtcipe.bx.internal.cloudapp.net, ports: [REPLICATION=36673, RATIS=38801, RATIS_ADMIN=38801, RATIS_SERVER=38801, STANDALONE=44075], networkLocation: /default-rack, certSerialId: null, persistedOpState: IN_SERVICE, persistedOpStateExpiryEpochSec: 0}, ReplicationConfig: RATIS/ONE, State:ALLOCATED, leaderId:, CreationTimestamp2021-11-15T13:52:54.662Z[Etc/UTC]].
2021-11-15 13:52:55,060 [IPC Server handler 2 on default port 33991] INFO  net.NetworkTopologyImpl (NetworkTopologyImpl.java:add(112)) - Added a new node: /default-rack/d72f5f37-b5e8-4067-85db-ff819ddbae3b
2021-11-15 13:52:55,060 [IPC Server handler 2 on default port 33991] INFO  node.SCMNodeManager (SCMNodeManager.java:register(389)) - Registered Data node : d72f5f37-b5e8-4067-85db-ff819ddbae3b{ip: 10.1.0.55, host: fv-az151-339.yf2hydr00wburbhx3j5hxtcipe.bx.internal.cloudapp.net, ports: [REPLICATION=43387, RATIS=33335, RATIS_ADMIN=33335, RATIS_SERVER=33335, STANDALONE=43427], networkLocation: /default-rack, certSerialId: null, persistedOpState: null, persistedOpStateExpiryEpochSec: 0}
2021-11-15 13:52:55,060 [EventQueue-NewNodeForNewNodeHandler] INFO  pipeline.BackgroundPipelineCreator (BackgroundPipelineCreator.java:notifyEventTriggered(285)) - trigger a one-shot run on RatisPipelineUtilsThread.
2021-11-15 13:52:55,061 [EventQueue-NodeRegistrationContainerReportForDataNodeSafeModeRule] INFO  safemode.SCMSafeModeManager (DataNodeSafeModeRule.java:process(71)) - SCM in safe mode. 2 DataNodes registered, 3 required.
2021-11-15 13:52:55,062 [RatisPipelineUtilsThread - 0] INFO  pipeline.RatisPipelineProvider (RatisPipelineProvider.java:lambda$create$0(183)) - Sending CreatePipelineCommand for pipeline:PipelineID=7b205b38-04be-413b-9a1c-b7d8b93556b0 to datanode:d72f5f37-b5e8-4067-85db-ff819ddbae3b
2021-11-15 13:52:55,063 [RatisPipelineUtilsThread - 0] INFO  pipeline.PipelineStateManagerImpl (PipelineStateManagerImpl.java:addPipeline(101)) - Created pipeline Pipeline[ Id: 7b205b38-04be-413b-9a1c-b7d8b93556b0, Nodes: d72f5f37-b5e8-4067-85db-ff819ddbae3b{ip: 10.1.0.55, host: fv-az151-339.yf2hydr00wburbhx3j5hxtcipe.bx.internal.cloudapp.net, ports: [REPLICATION=43387, RATIS=33335, RATIS_ADMIN=33335, RATIS_SERVER=33335, STANDALONE=43427], networkLocation: /default-rack, certSerialId: null, persistedOpState: IN_SERVICE, persistedOpStateExpiryEpochSec: 0}, ReplicationConfig: RATIS/ONE, State:ALLOCATED, leaderId:, CreationTimestamp2021-11-15T13:52:55.062Z[Etc/UTC]].
2021-11-15 13:52:55,301 [Listener at 127.0.0.1/11752] INFO  ozone.MiniOzoneClusterImpl (MiniOzoneClusterImpl.java:lambda$waitForClusterToBeReady$0(235)) - Waiting for nodes to be ready. Got 2 of 3 DN Heartbeats.
2021-11-15 13:52:55,301 [Listener at 127.0.0.1/11752] INFO  ozone.MiniOzoneClusterImpl (MiniOzoneClusterImpl.java:lambda$waitForClusterToBeReady$0(238)) - Waiting for cluster to exit safe mode
2021-11-15 13:52:55,301 [Listener at 127.0.0.1/11752] INFO  ozone.MiniOzoneClusterImpl (MiniOzoneClusterImpl.java:lambda$waitForClusterToBeReady$0(240)) - SCM became leader
2021-11-15 13:52:55,304 [IPC Server handler 0 on default port 33991] INFO  net.NetworkTopologyImpl (NetworkTopologyImpl.java:add(112)) - Added a new node: /default-rack/3245fae2-09b7-464d-a8b8-eac19708f915
2021-11-15 13:52:55,305 [IPC Server handler 0 on default port 33991] INFO  node.SCMNodeManager (SCMNodeManager.java:register(389)) - Registered Data node : 3245fae2-09b7-464d-a8b8-eac19708f915{ip: 10.1.0.55, host: fv-az151-339.yf2hydr00wburbhx3j5hxtcipe.bx.internal.cloudapp.net, ports: [REPLICATION=40387, RATIS=39877, RATIS_ADMIN=39877, RATIS_SERVER=39877, STANDALONE=39175], networkLocation: /default-rack, certSerialId: null, persistedOpState: null, persistedOpStateExpiryEpochSec: 0}
2021-11-15 13:52:55,305 [EventQueue-NewNodeForNewNodeHandler] INFO  pipeline.BackgroundPipelineCreator (BackgroundPipelineCreator.java:notifyEventTriggered(285)) - trigger a one-shot run on RatisPipelineUtilsThread.
2021-11-15 13:52:55,306 [EventQueue-NodeRegistrationContainerReportForDataNodeSafeModeRule] INFO  safemode.SCMSafeModeManager (DataNodeSafeModeRule.java:process(71)) - SCM in safe mode. 3 DataNodes registered, 3 required.
2021-11-15 13:52:55,306 [EventQueue-NodeRegistrationContainerReportForDataNodeSafeModeRule] INFO  safemode.SCMSafeModeManager (SCMSafeModeManager.java:validateSafeModeExitRules(204)) - DataNodeSafeModeRule rule is successfully validated
2021-11-15 13:52:55,306 [EventQueue-NodeRegistrationContainerReportForDataNodeSafeModeRule] INFO  safemode.SCMSafeModeManager (SCMSafeModeManager.java:completePreCheck(233)) - All SCM safe mode pre check rules have passed
2021-11-15 13:52:55,306 [EventQueue-NodeRegistrationContainerReportForDataNodeSafeModeRule] WARN  events.EventQueue (EventQueue.java:fireEvent(194)) - No event handler registered for event TypedEvent{payloadType=SafeModeStatus, name='Safe mode status'}
2021-11-15 13:52:55,306 [EventQueue-NodeRegistrationContainerReportForDataNodeSafeModeRule] INFO  ha.SCMContext (SCMContext.java:updateSafeModeStatus(205)) - Update SafeModeStatus from SafeModeStatus{safeModeStatus=true, preCheckPassed=false} to SafeModeStatus{safeModeStatus=true, preCheckPassed=true}.
2021-11-15 13:52:55,306 [EventQueue-NodeRegistrationContainerReportForDataNodeSafeModeRule] INFO  pipeline.BackgroundPipelineCreator (BackgroundPipelineCreator.java:notifyEventTriggered(285)) - trigger a one-shot run on RatisPipelineUtilsThread.
2021-11-15 13:52:55,306 [RatisPipelineUtilsThread - 0] INFO  pipeline.RatisPipelineProvider (RatisPipelineProvider.java:lambda$create$0(183)) - Sending CreatePipelineCommand for pipeline:PipelineID=405035c2-9cf5-45c6-9bb3-5a0898957c6a to datanode:3245fae2-09b7-464d-a8b8-eac19708f915
2021-11-15 13:52:55,307 [RatisPipelineUtilsThread - 0] INFO  pipeline.PipelineStateManagerImpl (PipelineStateManagerImpl.java:addPipeline(101)) - Created pipeline Pipeline[ Id: 405035c2-9cf5-45c6-9bb3-5a0898957c6a, Nodes: 3245fae2-09b7-464d-a8b8-eac19708f915{ip: 10.1.0.55, host: fv-az151-339.yf2hydr00wburbhx3j5hxtcipe.bx.internal.cloudapp.net, ports: [REPLICATION=40387, RATIS=39877, RATIS_ADMIN=39877, RATIS_SERVER=39877, STANDALONE=39175], networkLocation: /default-rack, certSerialId: null, persistedOpState: IN_SERVICE, persistedOpStateExpiryEpochSec: 0}, ReplicationConfig: RATIS/ONE, State:ALLOCATED, leaderId:, CreationTimestamp2021-11-15T13:52:55.306Z[Etc/UTC]].
2021-11-15 13:52:55,310 [RatisPipelineUtilsThread - 0] INFO  pipeline.RatisPipelineProvider (RatisPipelineProvider.java:lambda$create$0(183)) - Sending CreatePipelineCommand for pipeline:PipelineID=5a896831-1707-41fb-863a-efd9d27deb0c to datanode:d72f5f37-b5e8-4067-85db-ff819ddbae3b
2021-11-15 13:52:55,310 [RatisPipelineUtilsThread - 0] INFO  pipeline.RatisPipelineProvider (RatisPipelineProvider.java:lambda$create$0(183)) - Sending CreatePipelineCommand for pipeline:PipelineID=5a896831-1707-41fb-863a-efd9d27deb0c to datanode:a9f41200-e526-4d63-ba17-4c3b2778a2b6
2021-11-15 13:52:55,310 [RatisPipelineUtilsThread - 0] INFO  pipeline.RatisPipelineProvider (RatisPipelineProvider.java:lambda$create$0(183)) - Sending CreatePipelineCommand for pipeline:PipelineID=5a896831-1707-41fb-863a-efd9d27deb0c to datanode:3245fae2-09b7-464d-a8b8-eac19708f915
2021-11-15 13:52:55,311 [RatisPipelineUtilsThread - 0] INFO  pipeline.PipelineStateManagerImpl (PipelineStateManagerImpl.java:addPipeline(101)) - Created pipeline Pipeline[ Id: 5a896831-1707-41fb-863a-efd9d27deb0c, Nodes: d72f5f37-b5e8-4067-85db-ff819ddbae3b{ip: 10.1.0.55, host: fv-az151-339.yf2hydr00wburbhx3j5hxtcipe.bx.internal.cloudapp.net, ports: [REPLICATION=43387, RATIS=33335, RATIS_ADMIN=33335, RATIS_SERVER=33335, STANDALONE=43427], networkLocation: /default-rack, certSerialId: null, persistedOpState: IN_SERVICE, persistedOpStateExpiryEpochSec: 0}a9f41200-e526-4d63-ba17-4c3b2778a2b6{ip: 10.1.0.55, host: fv-az151-339.yf2hydr00wburbhx3j5hxtcipe.bx.internal.cloudapp.net, ports: [REPLICATION=36673, RATIS=38801, RATIS_ADMIN=38801, RATIS_SERVER=38801, STANDALONE=44075], networkLocation: /default-rack, certSerialId: null, persistedOpState: IN_SERVICE, persistedOpStateExpiryEpochSec: 0}3245fae2-09b7-464d-a8b8-eac19708f915{ip: 10.1.0.55, host: fv-az151-339.yf2hydr00wburbhx3j5hxtcipe.bx.internal.cloudapp.net, ports: [REPLICATION=40387, RATIS=39877, RATIS_ADMIN=39877, RATIS_SERVER=39877, STANDALONE=39175], networkLocation: /default-rack, certSerialId: null, persistedOpState: IN_SERVICE, persistedOpStateExpiryEpochSec: 0}, ReplicationConfig: RATIS/THREE, State:ALLOCATED, leaderId:, CreationTimestamp2021-11-15T13:52:55.310Z[Etc/UTC]].
2021-11-15 13:52:55,312 [RatisPipelineUtilsThread - 0] INFO  pipeline.RatisPipelineProvider (RatisPipelineProvider.java:lambda$create$0(183)) - Sending CreatePipelineCommand for pipeline:PipelineID=2ae8718a-83a5-42b1-bc37-a9e959fe21ac to datanode:d72f5f37-b5e8-4067-85db-ff819ddbae3b
2021-11-15 13:52:55,312 [RatisPipelineUtilsThread - 0] INFO  pipeline.RatisPipelineProvider (RatisPipelineProvider.java:lambda$create$0(183)) - Sending CreatePipelineCommand for pipeline:PipelineID=2ae8718a-83a5-42b1-bc37-a9e959fe21ac to datanode:3245fae2-09b7-464d-a8b8-eac19708f915
2021-11-15 13:52:55,313 [RatisPipelineUtilsThread - 0] INFO  pipeline.RatisPipelineProvider (RatisPipelineProvider.java:lambda$create$0(183)) - Sending CreatePipelineCommand for pipeline:PipelineID=2ae8718a-83a5-42b1-bc37-a9e959fe21ac to datanode:a9f41200-e526-4d63-ba17-4c3b2778a2b6
2021-11-15 13:52:55,313 [RatisPipelineUtilsThread - 0] INFO  pipeline.PipelineStateManagerImpl (PipelineStateManagerImpl.java:addPipeline(101)) - Created pipeline Pipeline[ Id: 2ae8718a-83a5-42b1-bc37-a9e959fe21ac, Nodes: d72f5f37-b5e8-4067-85db-ff819ddbae3b{ip: 10.1.0.55, host: fv-az151-339.yf2hydr00wburbhx3j5hxtcipe.bx.internal.cloudapp.net, ports: [REPLICATION=43387, RATIS=33335, RATIS_ADMIN=33335, RATIS_SERVER=33335, STANDALONE=43427], networkLocation: /default-rack, certSerialId: null, persistedOpState: IN_SERVICE, persistedOpStateExpiryEpochSec: 0}3245fae2-09b7-464d-a8b8-eac19708f915{ip: 10.1.0.55, host: fv-az151-339.yf2hydr00wburbhx3j5hxtcipe.bx.internal.cloudapp.net, ports: [REPLICATION=40387, RATIS=39877, RATIS_ADMIN=39877, RATIS_SERVER=39877, STANDALONE=39175], networkLocation: /default-rack, certSerialId: null, persistedOpState: IN_SERVICE, persistedOpStateExpiryEpochSec: 0}a9f41200-e526-4d63-ba17-4c3b2778a2b6{ip: 10.1.0.55, host: fv-az151-339.yf2hydr00wburbhx3j5hxtcipe.bx.internal.cloudapp.net, ports: [REPLICATION=36673, RATIS=38801, RATIS_ADMIN=38801, RATIS_SERVER=38801, STANDALONE=44075], networkLocation: /default-rack, certSerialId: null, persistedOpState: IN_SERVICE, persistedOpStateExpiryEpochSec: 0}, ReplicationConfig: RATIS/THREE, State:ALLOCATED, leaderId:, CreationTimestamp2021-11-15T13:52:55.312Z[Etc/UTC]].
2021-11-15 13:52:55,313 [RatisPipelineUtilsThread - 0] INFO  pipeline.PipelineManagerImpl (PipelineManagerImpl.java:recordMetricsForPipeline(620)) - Pipeline: PipelineID=2ae8718a-83a5-42b1-bc37-a9e959fe21ac contains same datanodes as previous pipelines: PipelineID=5a896831-1707-41fb-863a-efd9d27deb0c nodeIds: d72f5f37-b5e8-4067-85db-ff819ddbae3b, 3245fae2-09b7-464d-a8b8-eac19708f915, a9f41200-e526-4d63-ba17-4c3b2778a2b6
2021-11-15 13:52:56,302 [Listener at 127.0.0.1/11752] INFO  ozone.MiniOzoneClusterImpl (MiniOzoneClusterImpl.java:lambda$waitForClusterToBeReady$0(235)) - Nodes are ready. Got 3 of 3 DN Heartbeats.
2021-11-15 13:52:56,303 [Listener at 127.0.0.1/11752] INFO  ozone.MiniOzoneClusterImpl (MiniOzoneClusterImpl.java:lambda$waitForClusterToBeReady$0(238)) - Waiting for cluster to exit safe mode
2021-11-15 13:52:56,303 [Listener at 127.0.0.1/11752] INFO  ozone.MiniOzoneClusterImpl (MiniOzoneClusterImpl.java:lambda$waitForClusterToBeReady$0(240)) - SCM became leader
2021-11-15 13:52:57,304 [Listener at 127.0.0.1/11752] INFO  ozone.MiniOzoneClusterImpl (MiniOzoneClusterImpl.java:lambda$waitForClusterToBeReady$0(235)) - Nodes are ready. Got 3 of 3 DN Heartbeats.
2021-11-15 13:52:57,304 [Listener at 127.0.0.1/11752] INFO  ozone.MiniOzoneClusterImpl (MiniOzoneClusterImpl.java:lambda$waitForClusterToBeReady$0(238)) - Waiting for cluster to exit safe mode
2021-11-15 13:52:57,304 [Listener at 127.0.0.1/11752] INFO  ozone.MiniOzoneClusterImpl (MiniOzoneClusterImpl.java:lambda$waitForClusterToBeReady$0(240)) - SCM became leader
2021-11-15 13:52:57,635 [Command processor thread] INFO  server.RaftServer (RaftServerProxy.java:addNew(95)) - a9f41200-e526-4d63-ba17-4c3b2778a2b6: addNew group-120D55FC1A01:[a9f41200-e526-4d63-ba17-4c3b2778a2b6|rpc:10.1.0.55:38801|priority:1] returns group-120D55FC1A01:java.util.concurrent.CompletableFuture@41eccdf[Not completed]
2021-11-15 13:52:57,644 [pool-97-thread-1] INFO  server.RaftServer$Division (RaftServerImpl.java:<init>(184)) - a9f41200-e526-4d63-ba17-4c3b2778a2b6: new RaftServerImpl for group-120D55FC1A01:[a9f41200-e526-4d63-ba17-4c3b2778a2b6|rpc:10.1.0.55:38801|priority:1] with ContainerStateMachine:uninitialized
2021-11-15 13:52:57,645 [pool-97-thread-1] INFO  server.RaftServerConfigKeys (ConfUtils.java:logGet(44)) - raft.server.rpc.timeout.min = 5s (custom)
2021-11-15 13:52:57,645 [pool-97-thread-1] INFO  server.RaftServerConfigKeys (ConfUtils.java:logGet(44)) - raft.server.rpc.timeout.max = 5200ms (custom)
2021-11-15 13:52:57,645 [pool-97-thread-1] INFO  server.RaftServerConfigKeys (ConfUtils.java:logGet(44)) - raft.server.rpc.sleep.time = 25ms (default)
2021-11-15 13:52:57,645 [pool-97-thread-1] INFO  server.RaftServerConfigKeys (ConfUtils.java:logGet(44)) - raft.server.rpc.slowness.timeout = 300s (custom)
2021-11-15 13:52:57,645 [pool-97-thread-1] INFO  server.RaftServerConfigKeys (ConfUtils.java:logGet(44)) - raft.server.leaderelection.leader.step-down.wait-time = 10s (default)
2021-11-15 13:52:57,645 [pool-97-thread-1] INFO  server.RaftServerConfigKeys (ConfUtils.java:logGet(44)) - raft.server.sleep.deviation.threshold = 300ms (default)
2021-11-15 13:52:57,645 [pool-97-thread-1] INFO  server.RaftServerConfigKeys (ConfUtils.java:logGet(44)) - raft.server.log.appender.install.snapshot.enabled = false (custom)
2021-11-15 13:52:57,645 [pool-97-thread-1] INFO  server.RaftServer$Division (ServerState.java:<init>(105)) - a9f41200-e526-4d63-ba17-4c3b2778a2b6@group-120D55FC1A01: ConfigurationManager, init=-1: [a9f41200-e526-4d63-ba17-4c3b2778a2b6|rpc:10.1.0.55:38801|priority:1], old=null, confs=<EMPTY_MAP>
2021-11-15 13:52:57,645 [pool-97-thread-1] INFO  server.RaftServerConfigKeys (ConfUtils.java:logGet(44)) - raft.server.storage.dir = [/home/runner/work/ozone/ozone/hadoop-ozone/integration-test/target/test-dir/MiniOzoneClusterImpl-e73edc9f-ff19-4fd0-8331-074ccb3cb693/datanode-0/data/ratis] (custom)
2021-11-15 13:52:57,646 [pool-97-thread-1] INFO  server.RaftServerConfigKeys (ConfUtils.java:logGet(44)) - raft.server.log.corruption.policy = EXCEPTION (default)
2021-11-15 13:52:57,646 [pool-97-thread-1] INFO  server.RaftServerConfigKeys (ConfUtils.java:logGet(44)) - raft.server.storage.free-space.min = 0MB (=0) (default)
2021-11-15 13:52:57,646 [pool-97-thread-1] INFO  storage.RaftStorageDirectory (RaftStorageDirectoryImpl.java:analyzeStorage(135)) - The storage directory /home/runner/work/ozone/ozone/hadoop-ozone/integration-test/target/test-dir/MiniOzoneClusterImpl-e73edc9f-ff19-4fd0-8331-074ccb3cb693/datanode-0/data/ratis/6916ffa6-ec73-4920-b09d-120d55fc1a01 does not exist. Creating ...
2021-11-15 13:52:57,647 [pool-97-thread-1] INFO  storage.RaftStorageDirectory (RaftStorageDirectoryImpl.java:tryLock(230)) - Lock on /home/runner/work/ozone/ozone/hadoop-ozone/integration-test/target/test-dir/MiniOzoneClusterImpl-e73edc9f-ff19-4fd0-8331-074ccb3cb693/datanode-0/data/ratis/6916ffa6-ec73-4920-b09d-120d55fc1a01/in_use.lock acquired by nodename 22325@fv-az151-339
2021-11-15 13:52:57,648 [pool-97-thread-1] INFO  storage.RaftStorage (RaftStorageImpl.java:format(89)) - Storage directory /home/runner/work/ozone/ozone/hadoop-ozone/integration-test/target/test-dir/MiniOzoneClusterImpl-e73edc9f-ff19-4fd0-8331-074ccb3cb693/datanode-0/data/ratis/6916ffa6-ec73-4920-b09d-120d55fc1a01 has been successfully formatted.
2021-11-15 13:52:57,652 [pool-97-thread-1] INFO  ratis.ContainerStateMachine (ContainerStateMachine.java:loadSnapshot(224)) - group-120D55FC1A01: The snapshot info is null. Setting the last applied indexto:(t:0, i:~)
2021-11-15 13:52:57,652 [pool-97-thread-1] INFO  server.RaftServerConfigKeys (ConfUtils.java:logGet(44)) - raft.server.notification.no-leader.timeout = 300s (custom)
2021-11-15 13:52:57,652 [pool-97-thread-1] INFO  server.RaftServerConfigKeys (ConfUtils.java:logGet(44)) - raft.server.log.use.memory = false (default)
2021-11-15 13:52:57,652 [pool-97-thread-1] INFO  server.RaftServerConfigKeys (ConfUtils.java:logGet(44)) - raft.server.log.purge.gap = 1000000 (custom)
2021-11-15 13:52:57,652 [pool-97-thread-1] INFO  server.RaftServerConfigKeys (ConfUtils.java:logGet(44)) - raft.server.log.appender.buffer.byte-limit = 33554432 (custom)
2021-11-15 13:52:57,652 [pool-97-thread-1] INFO  server.RaftServerConfigKeys (ConfUtils.java:logGet(44)) - raft.server.log.segment.size.max = 1048576 (custom)
2021-11-15 13:52:57,659 [pool-97-thread-1] INFO  server.RaftServerConfigKeys (ConfUtils.java:logGet(44)) - raft.server.log.segment.cache.num.max = 2 (custom)
2021-11-15 13:52:57,659 [pool-97-thread-1] INFO  server.RaftServerConfigKeys (ConfUtils.java:logGet(44)) - raft.server.log.segment.cache.size.max = 200MB (=209715200) (default)
2021-11-15 13:52:57,659 [pool-97-thread-1] INFO  segmented.SegmentedRaftLogWorker (SegmentedRaftLogWorker.java:<init>(182)) - new a9f41200-e526-4d63-ba17-4c3b2778a2b6@group-120D55FC1A01-SegmentedRaftLogWorker for RaftStorageImpl:Storage Directory /home/runner/work/ozone/ozone/hadoop-ozone/integration-test/target/test-dir/MiniOzoneClusterImpl-e73edc9f-ff19-4fd0-8331-074ccb3cb693/datanode-0/data/ratis/6916ffa6-ec73-4920-b09d-120d55fc1a01
2021-11-15 13:52:57,659 [pool-97-thread-1] INFO  server.RaftServerConfigKeys (ConfUtils.java:logGet(44)) - raft.server.log.queue.byte-limit = 2147483647 (custom)
2021-11-15 13:52:57,659 [pool-97-thread-1] INFO  server.RaftServerConfigKeys (ConfUtils.java:logGet(44)) - raft.server.log.queue.element-limit = 1024 (custom)
2021-11-15 13:52:57,659 [pool-97-thread-1] INFO  server.RaftServerConfigKeys (ConfUtils.java:logGet(44)) - raft.server.log.segment.size.max = 1048576 (custom)
2021-11-15 13:52:57,659 [pool-97-thread-1] INFO  server.RaftServerConfigKeys (ConfUtils.java:logGet(44)) - raft.server.log.preallocated.size = 16384 (custom)
2021-11-15 13:52:57,659 [pool-97-thread-1] INFO  server.RaftServerConfigKeys (ConfUtils.java:logGet(44)) - raft.server.log.force.sync.num = 128 (default)
2021-11-15 13:52:57,659 [pool-97-thread-1] INFO  server.RaftServerConfigKeys (ConfUtils.java:logGet(44)) - raft.server.log.statemachine.data.sync = true (default)
2021-11-15 13:52:57,660 [pool-97-thread-1] INFO  server.RaftServerConfigKeys (ConfUtils.java:logGet(44)) - raft.server.log.statemachine.data.sync.timeout = 10s (default)
2021-11-15 13:52:57,660 [pool-97-thread-1] INFO  server.RaftServerConfigKeys (ConfUtils.java:logGet(44)) - raft.server.log.statemachine.data.sync.timeout.retry = -1 (default)
2021-11-15 13:52:57,667 [EventQueue-PipelineReportForPipelineReportHandler] INFO  pipeline.PipelineManagerImpl (PipelineManagerImpl.java:openPipeline(289)) - Pipeline Pipeline[ Id: 6916ffa6-ec73-4920-b09d-120d55fc1a01, Nodes: a9f41200-e526-4d63-ba17-4c3b2778a2b6{ip: 10.1.0.55, host: fv-az151-339.yf2hydr00wburbhx3j5hxtcipe.bx.internal.cloudapp.net, ports: [REPLICATION=36673, RATIS=38801, RATIS_ADMIN=38801, RATIS_SERVER=38801, STANDALONE=44075], networkLocation: /default-rack, certSerialId: null, persistedOpState: IN_SERVICE, persistedOpStateExpiryEpochSec: 0}, ReplicationConfig: RATIS/ONE, State:ALLOCATED, leaderId:a9f41200-e526-4d63-ba17-4c3b2778a2b6, CreationTimestamp2021-11-15T13:52:54.662Z[Etc/UTC]] moved to OPEN state
2021-11-15 13:52:57,669 [EventQueue-OpenPipelineForHealthyPipelineSafeModeRule] INFO  safemode.SCMSafeModeManager (HealthyPipelineSafeModeRule.java:process(124)) - SCM in safe mode. Healthy pipelines reported count is 0, required healthy pipeline reported count is 1
2021-11-15 13:52:57,669 [pool-97-thread-1] INFO  server.RaftServerConfigKeys (ConfUtils.java:logGet(44)) - raft.server.log.write.buffer.size = 1048576 (custom)
2021-11-15 13:52:57,671 [pool-97-thread-1] INFO  server.RaftServerConfigKeys (ConfUtils.java:logGet(44)) - raft.server.log.statemachine.data.caching.enabled = true (custom)
2021-11-15 13:52:57,671 [pool-97-thread-1] INFO  segmented.SegmentedRaftLogWorker (SegmentedRaftLogWorker.java:lambda$new$0(133)) - a9f41200-e526-4d63-ba17-4c3b2778a2b6@group-120D55FC1A01-SegmentedRaftLogWorker: flushIndex: setUnconditionally 0 -> -1
2021-11-15 13:52:57,671 [pool-97-thread-1] INFO  segmented.SegmentedRaftLogWorker (SegmentedRaftLogWorker.java:lambda$new$0(133)) - a9f41200-e526-4d63-ba17-4c3b2778a2b6@group-120D55FC1A01-SegmentedRaftLogWorker: safeCacheEvictIndex: setUnconditionally 0 -> -1
2021-11-15 13:52:57,671 [pool-97-thread-1] INFO  server.RaftServerConfigKeys (ConfUtils.java:logGet(44)) - raft.server.snapshot.auto.trigger.enabled = true (custom)
2021-11-15 13:52:57,671 [pool-97-thread-1] INFO  server.RaftServerConfigKeys (ConfUtils.java:logGet(44)) - raft.server.snapshot.auto.trigger.threshold = 10000 (custom)
2021-11-15 13:52:57,671 [pool-97-thread-1] INFO  server.RaftServerConfigKeys (ConfUtils.java:logGet(44)) - raft.server.snapshot.retention.file.num = 5 (custom)
2021-11-15 13:52:57,671 [pool-97-thread-1] INFO  server.RaftServerConfigKeys (ConfUtils.java:logGet(44)) - raft.server.log.purge.upto.snapshot.index = false (default)
2021-11-15 13:52:57,671 [pool-97-thread-1] INFO  server.RaftServerConfigKeys (ConfUtils.java:logGet(44)) - raft.server.retrycache.expirytime = 600000ms (custom)
2021-11-15 13:52:57,671 [pool-97-thread-1] INFO  server.RaftServerConfigKeys (ConfUtils.java:logGet(44)) - raft.server.retrycache.statistics.expirytime = 100μs (default)
2021-11-15 13:52:57,673 [pool-97-thread-1] INFO  server.RaftServer$Division (RaftServerImpl.java:start(301)) - a9f41200-e526-4d63-ba17-4c3b2778a2b6@group-120D55FC1A01: start as a follower, conf=-1: [a9f41200-e526-4d63-ba17-4c3b2778a2b6|rpc:10.1.0.55:38801|priority:1], old=null
2021-11-15 13:52:57,673 [pool-97-thread-1] INFO  server.RaftServer$Division (RaftServerImpl.java:setRole(290)) - a9f41200-e526-4d63-ba17-4c3b2778a2b6@group-120D55FC1A01: changes role from      null to FOLLOWER at term 0 for startAsFollower
2021-11-15 13:52:57,673 [pool-97-thread-1] INFO  impl.RoleInfo (RoleInfo.java:updateAndGet(130)) - a9f41200-e526-4d63-ba17-4c3b2778a2b6: start a9f41200-e526-4d63-ba17-4c3b2778a2b6@group-120D55FC1A01-FollowerState
2021-11-15 13:52:57,673 [pool-97-thread-1] INFO  util.JmxRegister (JmxRegister.java:tryRegister(44)) - Successfully registered JMX Bean with object name Ratis:service=RaftServer,group=group-120D55FC1A01,id=a9f41200-e526-4d63-ba17-4c3b2778a2b6
2021-11-15 13:52:57,680 [Command processor thread] INFO  ratis.XceiverServerRatis (XceiverServerRatis.java:addGroup(768)) - Created group PipelineID=6916ffa6-ec73-4920-b09d-120d55fc1a01
2021-11-15 13:52:57,681 [Command processor thread] INFO  commandhandler.CreatePipelineCommandHandler (CreatePipelineCommandHandler.java:handle(106)) - Created Pipeline RATIS ONE PipelineID=6916ffa6-ec73-4920-b09d-120d55fc1a01.
2021-11-15 13:52:57,681 [Command processor thread] INFO  server.RaftServer (RaftServerProxy.java:addNew(95)) - a9f41200-e526-4d63-ba17-4c3b2778a2b6: addNew group-EFD9D27DEB0C:[d72f5f37-b5e8-4067-85db-ff819ddbae3b|rpc:10.1.0.55:33335|priority:0, a9f41200-e526-4d63-ba17-4c3b2778a2b6|rpc:10.1.0.55:38801|priority:1, 3245fae2-09b7-464d-a8b8-eac19708f915|rpc:10.1.0.55:39877|priority:0] returns group-EFD9D27DEB0C:java.util.concurrent.CompletableFuture@176a62f4[Not completed]
2021-11-15 13:52:57,682 [pool-97-thread-1] INFO  server.RaftServer$Division (RaftServerImpl.java:<init>(184)) - a9f41200-e526-4d63-ba17-4c3b2778a2b6: new RaftServerImpl for group-EFD9D27DEB0C:[d72f5f37-b5e8-4067-85db-ff819ddbae3b|rpc:10.1.0.55:33335|priority:0, a9f41200-e526-4d63-ba17-4c3b2778a2b6|rpc:10.1.0.55:38801|priority:1, 3245fae2-09b7-464d-a8b8-eac19708f915|rpc:10.1.0.55:39877|priority:0] with ContainerStateMachine:uninitialized
2021-11-15 13:52:57,682 [pool-97-thread-1] INFO  server.RaftServerConfigKeys (ConfUtils.java:logGet(44)) - raft.server.rpc.timeout.min = 5s (custom)
2021-11-15 13:52:57,682 [pool-97-thread-1] INFO  server.RaftServerConfigKeys (ConfUtils.java:logGet(44)) - raft.server.rpc.timeout.max = 5200ms (custom)
2021-11-15 13:52:57,682 [pool-97-thread-1] INFO  server.RaftServerConfigKeys (ConfUtils.java:logGet(44)) - raft.server.rpc.sleep.time = 25ms (default)
2021-11-15 13:52:57,682 [pool-97-thread-1] INFO  server.RaftServerConfigKeys (ConfUtils.java:logGet(44)) - raft.server.rpc.slowness.timeout = 300s (custom)
2021-11-15 13:52:57,683 [pool-97-thread-1] INFO  server.RaftServerConfigKeys (ConfUtils.java:logGet(44)) - raft.server.leaderelection.leader.step-down.wait-time = 10s (default)
2021-11-15 13:52:57,683 [pool-97-thread-1] INFO  server.RaftServerConfigKeys (ConfUtils.java:logGet(44)) - raft.server.sleep.deviation.threshold = 300ms (default)
2021-11-15 13:52:57,683 [pool-97-thread-1] INFO  server.RaftServerConfigKeys (ConfUtils.java:logGet(44)) - raft.server.log.appender.install.snapshot.enabled = false (custom)
2021-11-15 13:52:57,683 [pool-97-thread-1] INFO  server.RaftServer$Division (ServerState.java:<init>(105)) - a9f41200-e526-4d63-ba17-4c3b2778a2b6@group-EFD9D27DEB0C: ConfigurationManager, init=-1: [d72f5f37-b5e8-4067-85db-ff819ddbae3b|rpc:10.1.0.55:33335|priority:0, a9f41200-e526-4d63-ba17-4c3b2778a2b6|rpc:10.1.0.55:38801|priority:1, 3245fae2-09b7-464d-a8b8-eac19708f915|rpc:10.1.0.55:39877|priority:0], old=null, confs=<EMPTY_MAP>
2021-11-15 13:52:57,683 [pool-97-thread-1] INFO  server.RaftServerConfigKeys (ConfUtils.java:logGet(44)) - raft.server.storage.dir = [/home/runner/work/ozone/ozone/hadoop-ozone/integration-test/target/test-dir/MiniOzoneClusterImpl-e73edc9f-ff19-4fd0-8331-074ccb3cb693/datanode-0/data/ratis] (custom)
2021-11-15 13:52:57,683 [pool-97-thread-1] INFO  server.RaftServerConfigKeys (ConfUtils.java:logGet(44)) - raft.server.log.corruption.policy = EXCEPTION (default)
2021-11-15 13:52:57,683 [pool-97-thread-1] INFO  server.RaftServerConfigKeys (ConfUtils.java:logGet(44)) - raft.server.storage.free-space.min = 0MB (=0) (default)
2021-11-15 13:52:57,683 [pool-97-thread-1] INFO  storage.RaftStorageDirectory (RaftStorageDirectoryImpl.java:analyzeStorage(135)) - The storage directory /home/runner/work/ozone/ozone/hadoop-ozone/integration-test/target/test-dir/MiniOzoneClusterImpl-e73edc9f-ff19-4fd0-8331-074ccb3cb693/datanode-0/data/ratis/5a896831-1707-41fb-863a-efd9d27deb0c does not exist. Creating ...
2021-11-15 13:52:57,684 [pool-97-thread-1] INFO  storage.RaftStorageDirectory (RaftStorageDirectoryImpl.java:tryLock(230)) - Lock on /home/runner/work/ozone/ozone/hadoop-ozone/integration-test/target/test-dir/MiniOzoneClusterImpl-e73edc9f-ff19-4fd0-8331-074ccb3cb693/datanode-0/data/ratis/5a896831-1707-41fb-863a-efd9d27deb0c/in_use.lock acquired by nodename 22325@fv-az151-339
2021-11-15 13:52:57,685 [pool-97-thread-1] INFO  storage.RaftStorage (RaftStorageImpl.java:format(89)) - Storage directory /home/runner/work/ozone/ozone/hadoop-ozone/integration-test/target/test-dir/MiniOzoneClusterImpl-e73edc9f-ff19-4fd0-8331-074ccb3cb693/datanode-0/data/ratis/5a896831-1707-41fb-863a-efd9d27deb0c has been successfully formatted.
2021-11-15 13:52:57,685 [pool-97-thread-1] INFO  ratis.ContainerStateMachine (ContainerStateMachine.java:loadSnapshot(224)) - group-EFD9D27DEB0C: The snapshot info is null. Setting the last applied indexto:(t:0, i:~)
2021-11-15 13:52:57,685 [pool-97-thread-1] INFO  server.RaftServerConfigKeys (ConfUtils.java:logGet(44)) - raft.server.notification.no-leader.timeout = 300s (custom)
2021-11-15 13:52:57,686 [pool-97-thread-1] INFO  server.RaftServerConfigKeys (ConfUtils.java:logGet(44)) - raft.server.log.use.memory = false (default)
2021-11-15 13:52:57,686 [pool-97-thread-1] INFO  server.RaftServerConfigKeys (ConfUtils.java:logGet(44)) - raft.server.log.purge.gap = 1000000 (custom)
2021-11-15 13:52:57,686 [pool-97-thread-1] INFO  server.RaftServerConfigKeys (ConfUtils.java:logGet(44)) - raft.server.log.appender.buffer.byte-limit = 33554432 (custom)
2021-11-15 13:52:57,687 [pool-97-thread-1] INFO  server.RaftServerConfigKeys (ConfUtils.java:logGet(44)) - raft.server.log.segment.size.max = 1048576 (custom)
2021-11-15 13:52:57,687 [pool-97-thread-1] INFO  server.RaftServerConfigKeys (ConfUtils.java:logGet(44)) - raft.server.log.segment.cache.num.max = 2 (custom)
2021-11-15 13:52:57,687 [pool-97-thread-1] INFO  server.RaftServerConfigKeys (ConfUtils.java:logGet(44)) - raft.server.log.segment.cache.size.max = 200MB (=209715200) (default)
2021-11-15 13:52:57,687 [pool-97-thread-1] INFO  segmented.SegmentedRaftLogWorker (SegmentedRaftLogWorker.java:<init>(182)) - new a9f41200-e526-4d63-ba17-4c3b2778a2b6@group-EFD9D27DEB0C-SegmentedRaftLogWorker for RaftStorageImpl:Storage Directory /home/runner/work/ozone/ozone/hadoop-ozone/integration-test/target/test-dir/MiniOzoneClusterImpl-e73edc9f-ff19-4fd0-8331-074ccb3cb693/datanode-0/data/ratis/5a896831-1707-41fb-863a-efd9d27deb0c
2021-11-15 13:52:57,687 [pool-97-thread-1] INFO  server.RaftServerConfigKeys (ConfUtils.java:logGet(44)) - raft.server.log.queue.byte-limit = 2147483647 (custom)
2021-11-15 13:52:57,687 [pool-97-thread-1] INFO  server.RaftServerConfigKeys (ConfUtils.java:logGet(44)) - raft.server.log.queue.element-limit = 1024 (custom)
2021-11-15 13:52:57,687 [EventQueue-OpenPipelineForHealthyPipelineSafeModeRule] INFO  safemode.SCMSafeModeManager (HealthyPipelineSafeModeRule.java:process(124)) - SCM in safe mode. Healthy pipelines reported count is 0, required healthy pipeline reported count is 1
2021-11-15 13:52:57,687 [pool-97-thread-1] INFO  server.RaftServerConfigKeys (ConfUtils.java:logGet(44)) - raft.server.log.segment.size.max = 1048576 (custom)
2021-11-15 13:52:57,688 [pool-97-thread-1] INFO  server.RaftServerConfigKeys (ConfUtils.java:logGet(44)) - raft.server.log.preallocated.size = 16384 (custom)
2021-11-15 13:52:57,688 [pool-97-thread-1] INFO  server.RaftServerConfigKeys (ConfUtils.java:logGet(44)) - raft.server.log.force.sync.num = 128 (default)
2021-11-15 13:52:57,688 [pool-97-thread-1] INFO  server.RaftServerConfigKeys (ConfUtils.java:logGet(44)) - raft.server.log.statemachine.data.sync = true (default)
2021-11-15 13:52:57,688 [pool-97-thread-1] INFO  server.RaftServerConfigKeys (ConfUtils.java:logGet(44)) - raft.server.log.statemachine.data.sync.timeout = 10s (default)
2021-11-15 13:52:57,688 [pool-97-thread-1] INFO  server.RaftServerConfigKeys (ConfUtils.java:logGet(44)) - raft.server.log.statemachine.data.sync.timeout.retry = -1 (default)
2021-11-15 13:52:57,689 [pool-97-thread-1] INFO  server.RaftServerConfigKeys (ConfUtils.java:logGet(44)) - raft.server.log.write.buffer.size = 1048576 (custom)
2021-11-15 13:52:57,689 [pool-97-thread-1] INFO  server.RaftServerConfigKeys (ConfUtils.java:logGet(44)) - raft.server.log.statemachine.data.caching.enabled = true (custom)
2021-11-15 13:52:57,689 [pool-97-thread-1] INFO  segmented.SegmentedRaftLogWorker (SegmentedRaftLogWorker.java:lambda$new$0(133)) - a9f41200-e526-4d63-ba17-4c3b2778a2b6@group-EFD9D27DEB0C-SegmentedRaftLogWorker: flushIndex: setUnconditionally 0 -> -1
2021-11-15 13:52:57,690 [pool-97-thread-1] INFO  segmented.SegmentedRaftLogWorker (SegmentedRaftLogWorker.java:lambda$new$0(133)) - a9f41200-e526-4d63-ba17-4c3b2778a2b6@group-EFD9D27DEB0C-SegmentedRaftLogWorker: safeCacheEvictIndex: setUnconditionally 0 -> -1
2021-11-15 13:52:57,690 [pool-97-thread-1] INFO  server.RaftServerConfigKeys (ConfUtils.java:logGet(44)) - raft.server.snapshot.auto.trigger.enabled = true (custom)
2021-11-15 13:52:57,690 [pool-97-thread-1] INFO  server.RaftServerConfigKeys (ConfUtils.java:logGet(44)) - raft.server.snapshot.auto.trigger.threshold = 10000 (custom)
2021-11-15 13:52:57,690 [pool-97-thread-1] INFO  server.RaftServerConfigKeys (ConfUtils.java:logGet(44)) - raft.server.snapshot.retention.file.num = 5 (custom)
2021-11-15 13:52:57,690 [pool-97-thread-1] INFO  server.RaftServerConfigKeys (ConfUtils.java:logGet(44)) - raft.server.log.purge.upto.snapshot.index = false (default)
2021-11-15 13:52:57,690 [pool-97-thread-1] INFO  server.RaftServerConfigKeys (ConfUtils.java:logGet(44)) - raft.server.retrycache.expirytime = 600000ms (custom)
2021-11-15 13:52:57,690 [pool-97-thread-1] INFO  server.RaftServerConfigKeys (ConfUtils.java:logGet(44)) - raft.server.retrycache.statistics.expirytime = 100μs (default)
2021-11-15 13:52:57,691 [pool-97-thread-1] INFO  server.RaftServer$Division (RaftServerImpl.java:start(301)) - a9f41200-e526-4d63-ba17-4c3b2778a2b6@group-EFD9D27DEB0C: start as a follower, conf=-1: [d72f5f37-b5e8-4067-85db-ff819ddbae3b|rpc:10.1.0.55:33335|priority:0, a9f41200-e526-4d63-ba17-4c3b2778a2b6|rpc:10.1.0.55:38801|priority:1, 3245fae2-09b7-464d-a8b8-eac19708f915|rpc:10.1.0.55:39877|priority:0], old=null
2021-11-15 13:52:57,691 [pool-97-thread-1] INFO  server.RaftServer$Division (RaftServerImpl.java:setRole(290)) - a9f41200-e526-4d63-ba17-4c3b2778a2b6@group-EFD9D27DEB0C: changes role from      null to FOLLOWER at term 0 for startAsFollower
2021-11-15 13:52:57,691 [pool-97-thread-1] INFO  impl.RoleInfo (RoleInfo.java:updateAndGet(130)) - a9f41200-e526-4d63-ba17-4c3b2778a2b6: start a9f41200-e526-4d63-ba17-4c3b2778a2b6@group-EFD9D27DEB0C-FollowerState
2021-11-15 13:52:57,694 [pool-97-thread-1] INFO  util.JmxRegister (JmxRegister.java:tryRegister(44)) - Successfully registered JMX Bean with object name Ratis:service=RaftServer,group=group-EFD9D27DEB0C,id=a9f41200-e526-4d63-ba17-4c3b2778a2b6
2021-11-15 13:52:57,695 [Command processor thread] INFO  ratis.XceiverServerRatis (XceiverServerRatis.java:addGroup(768)) - Created group PipelineID=5a896831-1707-41fb-863a-efd9d27deb0c
2021-11-15 13:52:57,753 [grpc-default-executor-1] INFO  server.RaftServer (RaftServerProxy.java:addNew(95)) - d72f5f37-b5e8-4067-85db-ff819ddbae3b: addNew group-EFD9D27DEB0C:[d72f5f37-b5e8-4067-85db-ff819ddbae3b|rpc:10.1.0.55:33335|dataStream:|priority:0, a9f41200-e526-4d63-ba17-4c3b2778a2b6|rpc:10.1.0.55:38801|dataStream:|priority:1, 3245fae2-09b7-464d-a8b8-eac19708f915|rpc:10.1.0.55:39877|dataStream:|priority:0] returns group-EFD9D27DEB0C:java.util.concurrent.CompletableFuture@6d12831f[Not completed]
2021-11-15 13:52:57,754 [pool-116-thread-1] INFO  server.RaftServer$Division (RaftServerImpl.java:<init>(184)) - d72f5f37-b5e8-4067-85db-ff819ddbae3b: new RaftServerImpl for group-EFD9D27DEB0C:[d72f5f37-b5e8-4067-85db-ff819ddbae3b|rpc:10.1.0.55:33335|dataStream:|priority:0, a9f41200-e526-4d63-ba17-4c3b2778a2b6|rpc:10.1.0.55:38801|dataStream:|priority:1, 3245fae2-09b7-464d-a8b8-eac19708f915|rpc:10.1.0.55:39877|dataStream:|priority:0] with ContainerStateMachine:uninitialized
2021-11-15 13:52:57,755 [pool-116-thread-1] INFO  server.RaftServerConfigKeys (ConfUtils.java:logGet(44)) - raft.server.rpc.timeout.min = 5s (custom)
2021-11-15 13:52:57,755 [pool-116-thread-1] INFO  server.RaftServerConfigKeys (ConfUtils.java:logGet(44)) - raft.server.rpc.timeout.max = 5200ms (custom)
2021-11-15 13:52:57,755 [pool-116-thread-1] INFO  server.RaftServerConfigKeys (ConfUtils.java:logGet(44)) - raft.server.rpc.sleep.time = 25ms (default)
2021-11-15 13:52:57,755 [pool-116-thread-1] INFO  server.RaftServerConfigKeys (ConfUtils.java:logGet(44)) - raft.server.rpc.slowness.timeout = 300s (custom)
2021-11-15 13:52:57,755 [pool-116-thread-1] INFO  server.RaftServerConfigKeys (ConfUtils.java:logGet(44)) - raft.server.leaderelection.leader.step-down.wait-time = 10s (default)
2021-11-15 13:52:57,755 [pool-116-thread-1] INFO  server.RaftServerConfigKeys (ConfUtils.java:logGet(44)) - raft.server.sleep.deviation.threshold = 300ms (default)
2021-11-15 13:52:57,756 [pool-116-thread-1] INFO  server.RaftServerConfigKeys (ConfUtils.java:logGet(44)) - raft.server.log.appender.install.snapshot.enabled = false (custom)
2021-11-15 13:52:57,756 [pool-116-thread-1] INFO  server.RaftServer$Division (ServerState.java:<init>(105)) - d72f5f37-b5e8-4067-85db-ff819ddbae3b@group-EFD9D27DEB0C: ConfigurationManager, init=-1: [d72f5f37-b5e8-4067-85db-ff819ddbae3b|rpc:10.1.0.55:33335|dataStream:|priority:0, a9f41200-e526-4d63-ba17-4c3b2778a2b6|rpc:10.1.0.55:38801|dataStream:|priority:1, 3245fae2-09b7-464d-a8b8-eac19708f915|rpc:10.1.0.55:39877|dataStream:|priority:0], old=null, confs=<EMPTY_MAP>
2021-11-15 13:52:57,756 [pool-116-thread-1] INFO  server.RaftServerConfigKeys (ConfUtils.java:logGet(44)) - raft.server.storage.dir = [/home/runner/work/ozone/ozone/hadoop-ozone/integration-test/target/test-dir/MiniOzoneClusterImpl-e73edc9f-ff19-4fd0-8331-074ccb3cb693/datanode-1/data/ratis] (custom)
2021-11-15 13:52:57,756 [pool-116-thread-1] INFO  server.RaftServerConfigKeys (ConfUtils.java:logGet(44)) - raft.server.log.corruption.policy = EXCEPTION (default)
2021-11-15 13:52:57,756 [pool-116-thread-1] INFO  server.RaftServerConfigKeys (ConfUtils.java:logGet(44)) - raft.server.storage.free-space.min = 0MB (=0) (default)
2021-11-15 13:52:57,756 [pool-116-thread-1] INFO  storage.RaftStorageDirectory (RaftStorageDirectoryImpl.java:analyzeStorage(135)) - The storage directory /home/runner/work/ozone/ozone/hadoop-ozone/integration-test/target/test-dir/MiniOzoneClusterImpl-e73edc9f-ff19-4fd0-8331-074ccb3cb693/datanode-1/data/ratis/5a896831-1707-41fb-863a-efd9d27deb0c does not exist. Creating ...
2021-11-15 13:52:57,757 [pool-116-thread-1] INFO  storage.RaftStorageDirectory (RaftStorageDirectoryImpl.java:tryLock(230)) - Lock on /home/runner/work/ozone/ozone/hadoop-ozone/integration-test/target/test-dir/MiniOzoneClusterImpl-e73edc9f-ff19-4fd0-8331-074ccb3cb693/datanode-1/data/ratis/5a896831-1707-41fb-863a-efd9d27deb0c/in_use.lock acquired by nodename 22325@fv-az151-339
2021-11-15 13:52:57,758 [pool-116-thread-1] INFO  storage.RaftStorage (RaftStorageImpl.java:format(89)) - Storage directory /home/runner/work/ozone/ozone/hadoop-ozone/integration-test/target/test-dir/MiniOzoneClusterImpl-e73edc9f-ff19-4fd0-8331-074ccb3cb693/datanode-1/data/ratis/5a896831-1707-41fb-863a-efd9d27deb0c has been successfully formatted.
2021-11-15 13:52:57,759 [pool-116-thread-1] INFO  ratis.ContainerStateMachine (ContainerStateMachine.java:loadSnapshot(224)) - group-EFD9D27DEB0C: The snapshot info is null. Setting the last applied indexto:(t:0, i:~)
2021-11-15 13:52:57,770 [pool-116-thread-1] INFO  server.RaftServerConfigKeys (ConfUtils.java:logGet(44)) - raft.server.notification.no-leader.timeout = 300s (custom)
2021-11-15 13:52:57,770 [pool-116-thread-1] INFO  server.RaftServerConfigKeys (ConfUtils.java:logGet(44)) - raft.server.log.use.memory = false (default)
2021-11-15 13:52:57,770 [pool-116-thread-1] INFO  server.RaftServerConfigKeys (ConfUtils.java:logGet(44)) - raft.server.log.purge.gap = 1000000 (custom)
2021-11-15 13:52:57,770 [pool-116-thread-1] INFO  server.RaftServerConfigKeys (ConfUtils.java:logGet(44)) - raft.server.log.appender.buffer.byte-limit = 33554432 (custom)
2021-11-15 13:52:57,771 [pool-116-thread-1] INFO  server.RaftServerConfigKeys (ConfUtils.java:logGet(44)) - raft.server.log.segment.size.max = 1048576 (custom)
2021-11-15 13:52:57,771 [pool-116-thread-1] INFO  server.RaftServerConfigKeys (ConfUtils.java:logGet(44)) - raft.server.log.segment.cache.num.max = 2 (custom)
2021-11-15 13:52:57,771 [pool-116-thread-1] INFO  server.RaftServerConfigKeys (ConfUtils.java:logGet(44)) - raft.server.log.segment.cache.size.max = 200MB (=209715200) (default)
2021-11-15 13:52:57,771 [pool-116-thread-1] INFO  segmented.SegmentedRaftLogWorker (SegmentedRaftLogWorker.java:<init>(182)) - new d72f5f37-b5e8-4067-85db-ff819ddbae3b@group-EFD9D27DEB0C-SegmentedRaftLogWorker for RaftStorageImpl:Storage Directory /home/runner/work/ozone/ozone/hadoop-ozone/integration-test/target/test-dir/MiniOzoneClusterImpl-e73edc9f-ff19-4fd0-8331-074ccb3cb693/datanode-1/data/ratis/5a896831-1707-41fb-863a-efd9d27deb0c
2021-11-15 13:52:57,771 [pool-116-thread-1] INFO  server.RaftServerConfigKeys (ConfUtils.java:logGet(44)) - raft.server.log.queue.byte-limit = 2147483647 (custom)
2021-11-15 13:52:57,771 [pool-116-thread-1] INFO  server.RaftServerConfigKeys (ConfUtils.java:logGet(44)) - raft.server.log.queue.element-limit = 1024 (custom)
2021-11-15 13:52:57,771 [pool-116-thread-1] INFO  server.RaftServerConfigKeys (ConfUtils.java:logGet(44)) - raft.server.log.segment.size.max = 1048576 (custom)
2021-11-15 13:52:57,771 [pool-116-thread-1] INFO  server.RaftServerConfigKeys (ConfUtils.java:logGet(44)) - raft.server.log.preallocated.size = 16384 (custom)
2021-11-15 13:52:57,771 [pool-116-thread-1] INFO  server.RaftServerConfigKeys (ConfUtils.java:logGet(44)) - raft.server.log.force.sync.num = 128 (default)
2021-11-15 13:52:57,771 [pool-116-thread-1] INFO  server.RaftServerConfigKeys (ConfUtils.java:logGet(44)) - raft.server.log.statemachine.data.sync = true (default)
2021-11-15 13:52:57,771 [pool-116-thread-1] INFO  server.RaftServerConfigKeys (ConfUtils.java:logGet(44)) - raft.server.log.statemachine.data.sync.timeout = 10s (default)
2021-11-15 13:52:57,772 [pool-116-thread-1] INFO  server.RaftServerConfigKeys (ConfUtils.java:logGet(44)) - raft.server.log.statemachine.data.sync.timeout.retry = -1 (default)
2021-11-15 13:52:57,772 [pool-116-thread-1] INFO  server.RaftServerConfigKeys (ConfUtils.java:logGet(44)) - raft.server.log.write.buffer.size = 1048576 (custom)
2021-11-15 13:52:57,773 [pool-116-thread-1] INFO  server.RaftServerConfigKeys (ConfUtils.java:logGet(44)) - raft.server.log.statemachine.data.caching.enabled = true (custom)
2021-11-15 13:52:57,773 [pool-116-thread-1] INFO  segmented.SegmentedRaftLogWorker (SegmentedRaftLogWorker.java:lambda$new$0(133)) - d72f5f37-b5e8-4067-85db-ff819ddbae3b@group-EFD9D27DEB0C-SegmentedRaftLogWorker: flushIndex: setUnconditionally 0 -> -1
2021-11-15 13:52:57,773 [pool-116-thread-1] INFO  segmented.SegmentedRaftLogWorker (SegmentedRaftLogWorker.java:lambda$new$0(133)) - d72f5f37-b5e8-4067-85db-ff819ddbae3b@group-EFD9D27DEB0C-SegmentedRaftLogWorker: safeCacheEvictIndex: setUnconditionally 0 -> -1
2021-11-15 13:52:57,773 [pool-116-thread-1] INFO  server.RaftServerConfigKeys (ConfUtils.java:logGet(44)) - raft.server.snapshot.auto.trigger.enabled = true (custom)
2021-11-15 13:52:57,773 [pool-116-thread-1] INFO  server.RaftServerConfigKeys (ConfUtils.java:logGet(44)) - raft.server.snapshot.auto.trigger.threshold = 10000 (custom)
2021-11-15 13:52:57,773 [pool-116-thread-1] INFO  server.RaftServerConfigKeys (ConfUtils.java:logGet(44)) - raft.server.snapshot.retention.file.num = 5 (custom)
2021-11-15 13:52:57,773 [pool-116-thread-1] INFO  server.RaftServerConfigKeys (ConfUtils.java:logGet(44)) - raft.server.log.purge.upto.snapshot.index = false (default)
2021-11-15 13:52:57,773 [pool-116-thread-1] INFO  server.RaftServerConfigKeys (ConfUtils.java:logGet(44)) - raft.server.retrycache.expirytime = 600000ms (custom)
2021-11-15 13:52:57,773 [pool-116-thread-1] INFO  server.RaftServerConfigKeys (ConfUtils.java:logGet(44)) - raft.server.retrycache.statistics.expirytime = 100μs (default)
2021-11-15 13:52:57,776 [pool-116-thread-1] INFO  server.RaftServer$Division (RaftServerImpl.java:start(301)) - d72f5f37-b5e8-4067-85db-ff819ddbae3b@group-EFD9D27DEB0C: start as a follower, conf=-1: [d72f5f37-b5e8-4067-85db-ff819ddbae3b|rpc:10.1.0.55:33335|dataStream:|priority:0, a9f41200-e526-4d63-ba17-4c3b2778a2b6|rpc:10.1.0.55:38801|dataStream:|priority:1, 3245fae2-09b7-464d-a8b8-eac19708f915|rpc:10.1.0.55:39877|dataStream:|priority:0], old=null
2021-11-15 13:52:57,776 [pool-116-thread-1] INFO  server.RaftServer$Division (RaftServerImpl.java:setRole(290)) - d72f5f37-b5e8-4067-85db-ff819ddbae3b@group-EFD9D27DEB0C: changes role from      null to FOLLOWER at term 0 for startAsFollower
2021-11-15 13:52:57,776 [pool-116-thread-1] INFO  impl.RoleInfo (RoleInfo.java:updateAndGet(130)) - d72f5f37-b5e8-4067-85db-ff819ddbae3b: start d72f5f37-b5e8-4067-85db-ff819ddbae3b@group-EFD9D27DEB0C-FollowerState
2021-11-15 13:52:57,779 [pool-116-thread-1] INFO  util.JmxRegister (JmxRegister.java:tryRegister(44)) - Successfully registered JMX Bean with object name Ratis:service=RaftServer,group=group-EFD9D27DEB0C,id=d72f5f37-b5e8-4067-85db-ff819ddbae3b
2021-11-15 13:52:57,822 [grpc-default-executor-1] INFO  server.RaftServer (RaftServerProxy.java:addNew(95)) - 3245fae2-09b7-464d-a8b8-eac19708f915: addNew group-EFD9D27DEB0C:[d72f5f37-b5e8-4067-85db-ff819ddbae3b|rpc:10.1.0.55:33335|dataStream:|priority:0, a9f41200-e526-4d63-ba17-4c3b2778a2b6|rpc:10.1.0.55:38801|dataStream:|priority:1, 3245fae2-09b7-464d-a8b8-eac19708f915|rpc:10.1.0.55:39877|dataStream:|priority:0] returns group-EFD9D27DEB0C:java.util.concurrent.CompletableFuture@69302ad8[Not completed]
2021-11-15 13:52:57,824 [pool-135-thread-1] INFO  server.RaftServer$Division (RaftServerImpl.java:<init>(184)) - 3245fae2-09b7-464d-a8b8-eac19708f915: new RaftServerImpl for group-EFD9D27DEB0C:[d72f5f37-b5e8-4067-85db-ff819ddbae3b|rpc:10.1.0.55:33335|dataStream:|priority:0, a9f41200-e526-4d63-ba17-4c3b2778a2b6|rpc:10.1.0.55:38801|dataStream:|priority:1, 3245fae2-09b7-464d-a8b8-eac19708f915|rpc:10.1.0.55:39877|dataStream:|priority:0] with ContainerStateMachine:uninitialized
2021-11-15 13:52:57,825 [pool-135-thread-1] INFO  server.RaftServerConfigKeys (ConfUtils.java:logGet(44)) - raft.server.rpc.timeout.min = 5s (custom)
2021-11-15 13:52:57,825 [pool-135-thread-1] INFO  server.RaftServerConfigKeys (ConfUtils.java:logGet(44)) - raft.server.rpc.timeout.max = 5200ms (custom)
2021-11-15 13:52:57,825 [pool-135-thread-1] INFO  server.RaftServerConfigKeys (ConfUtils.java:logGet(44)) - raft.server.rpc.sleep.time = 25ms (default)
2021-11-15 13:52:57,825 [pool-135-thread-1] INFO  server.RaftServerConfigKeys (ConfUtils.java:logGet(44)) - raft.server.rpc.slowness.timeout = 300s (custom)
2021-11-15 13:52:57,825 [pool-135-thread-1] INFO  server.RaftServerConfigKeys (ConfUtils.java:logGet(44)) - raft.server.leaderelection.leader.step-down.wait-time = 10s (default)
2021-11-15 13:52:57,826 [pool-135-thread-1] INFO  server.RaftServerConfigKeys (ConfUtils.java:logGet(44)) - raft.server.sleep.deviation.threshold = 300ms (default)
2021-11-15 13:52:57,826 [pool-135-thread-1] INFO  server.RaftServerConfigKeys (ConfUtils.java:logGet(44)) - raft.server.log.appender.install.snapshot.enabled = false (custom)
2021-11-15 13:52:57,826 [pool-135-thread-1] INFO  server.RaftServer$Division (ServerState.java:<init>(105)) - 3245fae2-09b7-464d-a8b8-eac19708f915@group-EFD9D27DEB0C: ConfigurationManager, init=-1: [d72f5f37-b5e8-4067-85db-ff819ddbae3b|rpc:10.1.0.55:33335|dataStream:|priority:0, a9f41200-e526-4d63-ba17-4c3b2778a2b6|rpc:10.1.0.55:38801|dataStream:|priority:1, 3245fae2-09b7-464d-a8b8-eac19708f915|rpc:10.1.0.55:39877|dataStream:|priority:0], old=null, confs=<EMPTY_MAP>
2021-11-15 13:52:57,826 [pool-135-thread-1] INFO  server.RaftServerConfigKeys (ConfUtils.java:logGet(44)) - raft.server.storage.dir = [/home/runner/work/ozone/ozone/hadoop-ozone/integration-test/target/test-dir/MiniOzoneClusterImpl-e73edc9f-ff19-4fd0-8331-074ccb3cb693/datanode-2/data/ratis] (custom)
2021-11-15 13:52:57,826 [pool-135-thread-1] INFO  server.RaftServerConfigKeys (ConfUtils.java:logGet(44)) - raft.server.log.corruption.policy = EXCEPTION (default)
2021-11-15 13:52:57,831 [pool-135-thread-1] INFO  server.RaftServerConfigKeys (ConfUtils.java:logGet(44)) - raft.server.storage.free-space.min = 0MB (=0) (default)
2021-11-15 13:52:57,831 [pool-135-thread-1] INFO  storage.RaftStorageDirectory (RaftStorageDirectoryImpl.java:analyzeStorage(135)) - The storage directory /home/runner/work/ozone/ozone/hadoop-ozone/integration-test/target/test-dir/MiniOzoneClusterImpl-e73edc9f-ff19-4fd0-8331-074ccb3cb693/datanode-2/data/ratis/5a896831-1707-41fb-863a-efd9d27deb0c does not exist. Creating ...
2021-11-15 13:52:57,832 [pool-135-thread-1] INFO  storage.RaftStorageDirectory (RaftStorageDirectoryImpl.java:tryLock(230)) - Lock on /home/runner/work/ozone/ozone/hadoop-ozone/integration-test/target/test-dir/MiniOzoneClusterImpl-e73edc9f-ff19-4fd0-8331-074ccb3cb693/datanode-2/data/ratis/5a896831-1707-41fb-863a-efd9d27deb0c/in_use.lock acquired by nodename 22325@fv-az151-339
2021-11-15 13:52:57,833 [pool-135-thread-1] INFO  storage.RaftStorage (RaftStorageImpl.java:format(89)) - Storage directory /home/runner/work/ozone/ozone/hadoop-ozone/integration-test/target/test-dir/MiniOzoneClusterImpl-e73edc9f-ff19-4fd0-8331-074ccb3cb693/datanode-2/data/ratis/5a896831-1707-41fb-863a-efd9d27deb0c has been successfully formatted.
2021-11-15 13:52:57,836 [pool-135-thread-1] INFO  ratis.ContainerStateMachine (ContainerStateMachine.java:loadSnapshot(224)) - group-EFD9D27DEB0C: The snapshot info is null. Setting the last applied indexto:(t:0, i:~)
2021-11-15 13:52:57,836 [pool-135-thread-1] INFO  server.RaftServerConfigKeys (ConfUtils.java:logGet(44)) - raft.server.notification.no-leader.timeout = 300s (custom)
2021-11-15 13:52:57,836 [pool-135-thread-1] INFO  server.RaftServerConfigKeys (ConfUtils.java:logGet(44)) - raft.server.log.use.memory = false (default)
2021-11-15 13:52:57,836 [pool-135-thread-1] INFO  server.RaftServerConfigKeys (ConfUtils.java:logGet(44)) - raft.server.log.purge.gap = 1000000 (custom)
2021-11-15 13:52:57,836 [pool-135-thread-1] INFO  server.RaftServerConfigKeys (ConfUtils.java:logGet(44)) - raft.server.log.appender.buffer.byte-limit = 33554432 (custom)
2021-11-15 13:52:57,836 [pool-135-thread-1] INFO  server.RaftServerConfigKeys (ConfUtils.java:logGet(44)) - raft.server.log.segment.size.max = 1048576 (custom)
2021-11-15 13:52:57,837 [pool-135-thread-1] INFO  server.RaftServerConfigKeys (ConfUtils.java:logGet(44)) - raft.server.log.segment.cache.num.max = 2 (custom)
2021-11-15 13:52:57,837 [pool-135-thread-1] INFO  server.RaftServerConfigKeys (ConfUtils.java:logGet(44)) - raft.server.log.segment.cache.size.max = 200MB (=209715200) (default)
2021-11-15 13:52:57,837 [pool-135-thread-1] INFO  segmented.SegmentedRaftLogWorker (SegmentedRaftLogWorker.java:<init>(182)) - new 3245fae2-09b7-464d-a8b8-eac19708f915@group-EFD9D27DEB0C-SegmentedRaftLogWorker for RaftStorageImpl:Storage Directory /home/runner/work/ozone/ozone/hadoop-ozone/integration-test/target/test-dir/MiniOzoneClusterImpl-e73edc9f-ff19-4fd0-8331-074ccb3cb693/datanode-2/data/ratis/5a896831-1707-41fb-863a-efd9d27deb0c
2021-11-15 13:52:57,837 [pool-135-thread-1] INFO  server.RaftServerConfigKeys (ConfUtils.java:logGet(44)) - raft.server.log.queue.byte-limit = 2147483647 (custom)
2021-11-15 13:52:57,837 [pool-135-thread-1] INFO  server.RaftServerConfigKeys (ConfUtils.java:logGet(44)) - raft.server.log.queue.element-limit = 1024 (custom)
2021-11-15 13:52:57,837 [pool-135-thread-1] INFO  server.RaftServerConfigKeys (ConfUtils.java:logGet(44)) - raft.server.log.segment.size.max = 1048576 (custom)
2021-11-15 13:52:57,837 [pool-135-thread-1] INFO  server.RaftServerConfigKeys (ConfUtils.java:logGet(44)) - raft.server.log.preallocated.size = 16384 (custom)
2021-11-15 13:52:57,837 [pool-135-thread-1] INFO  server.RaftServerConfigKeys (ConfUtils.java:logGet(44)) - raft.server.log.force.sync.num = 128 (default)
2021-11-15 13:52:57,837 [pool-135-thread-1] INFO  server.RaftServerConfigKeys (ConfUtils.java:logGet(44)) - raft.server.log.statemachine.data.sync = true (default)
2021-11-15 13:52:57,837 [pool-135-thread-1] INFO  server.RaftServerConfigKeys (ConfUtils.java:logGet(44)) - raft.server.log.statemachine.data.sync.timeout = 10s (default)
2021-11-15 13:52:57,837 [pool-135-thread-1] INFO  server.RaftServerConfigKeys (ConfUtils.java:logGet(44)) - raft.server.log.statemachine.data.sync.timeout.retry = -1 (default)
2021-11-15 13:52:57,838 [pool-135-thread-1] INFO  server.RaftServerConfigKeys (ConfUtils.java:logGet(44)) - raft.server.log.write.buffer.size = 1048576 (custom)
2021-11-15 13:52:57,838 [pool-135-thread-1] INFO  server.RaftServerConfigKeys (ConfUtils.java:logGet(44)) - raft.server.log.statemachine.data.caching.enabled = true (custom)
2021-11-15 13:52:57,838 [pool-135-thread-1] INFO  segmented.SegmentedRaftLogWorker (SegmentedRaftLogWorker.java:lambda$new$0(133)) - 3245fae2-09b7-464d-a8b8-eac19708f915@group-EFD9D27DEB0C-SegmentedRaftLogWorker: flushIndex: setUnconditionally 0 -> -1
2021-11-15 13:52:57,838 [pool-135-thread-1] INFO  segmented.SegmentedRaftLogWorker (SegmentedRaftLogWorker.java:lambda$new$0(133)) - 3245fae2-09b7-464d-a8b8-eac19708f915@group-EFD9D27DEB0C-SegmentedRaftLogWorker: safeCacheEvictIndex: setUnconditionally 0 -> -1
2021-11-15 13:52:57,838 [pool-135-thread-1] INFO  server.RaftServerConfigKeys (ConfUtils.java:logGet(44)) - raft.server.snapshot.auto.trigger.enabled = true (custom)
2021-11-15 13:52:57,838 [pool-135-thread-1] INFO  server.RaftServerConfigKeys (ConfUtils.java:logGet(44)) - raft.server.snapshot.auto.trigger.threshold = 10000 (custom)
2021-11-15 13:52:57,838 [pool-135-thread-1] INFO  server.RaftServerConfigKeys (ConfUtils.java:logGet(44)) - raft.server.snapshot.retention.file.num = 5 (custom)
2021-11-15 13:52:57,838 [pool-135-thread-1] INFO  server.RaftServerConfigKeys (ConfUtils.java:logGet(44)) - raft.server.log.purge.upto.snapshot.index = false (default)
2021-11-15 13:52:57,839 [pool-135-thread-1] INFO  server.RaftServerConfigKeys (ConfUtils.java:logGet(44)) - raft.server.retrycache.expirytime = 600000ms (custom)
2021-11-15 13:52:57,839 [pool-135-thread-1] INFO  server.RaftServerConfigKeys (ConfUtils.java:logGet(44)) - raft.server.retrycache.statistics.expirytime = 100μs (default)
2021-11-15 13:52:57,840 [pool-135-thread-1] INFO  server.RaftServer$Division (RaftServerImpl.java:start(301)) - 3245fae2-09b7-464d-a8b8-eac19708f915@group-EFD9D27DEB0C: start as a follower, conf=-1: [d72f5f37-b5e8-4067-85db-ff819ddbae3b|rpc:10.1.0.55:33335|dataStream:|priority:0, a9f41200-e526-4d63-ba17-4c3b2778a2b6|rpc:10.1.0.55:38801|dataStream:|priority:1, 3245fae2-09b7-464d-a8b8-eac19708f915|rpc:10.1.0.55:39877|dataStream:|priority:0], old=null
2021-11-15 13:52:57,840 [pool-135-thread-1] INFO  server.RaftServer$Division (RaftServerImpl.java:setRole(290)) - 3245fae2-09b7-464d-a8b8-eac19708f915@group-EFD9D27DEB0C: changes role from      null to FOLLOWER at term 0 for startAsFollower
2021-11-15 13:52:57,840 [pool-135-thread-1] INFO  impl.RoleInfo (RoleInfo.java:updateAndGet(130)) - 3245fae2-09b7-464d-a8b8-eac19708f915: start 3245fae2-09b7-464d-a8b8-eac19708f915@group-EFD9D27DEB0C-FollowerState
2021-11-15 13:52:57,840 [pool-135-thread-1] INFO  util.JmxRegister (JmxRegister.java:tryRegister(44)) - Successfully registered JMX Bean with object name Ratis:service=RaftServer,group=group-EFD9D27DEB0C,id=3245fae2-09b7-464d-a8b8-eac19708f915
2021-11-15 13:52:57,844 [Command processor thread] INFO  commandhandler.CreatePipelineCommandHandler (CreatePipelineCommandHandler.java:handle(106)) - Created Pipeline RATIS THREE PipelineID=5a896831-1707-41fb-863a-efd9d27deb0c.
2021-11-15 13:52:57,844 [Command processor thread] INFO  server.RaftServer (RaftServerProxy.java:addNew(95)) - a9f41200-e526-4d63-ba17-4c3b2778a2b6: addNew group-A9E959FE21AC:[d72f5f37-b5e8-4067-85db-ff819ddbae3b|rpc:10.1.0.55:33335|priority:0, a9f41200-e526-4d63-ba17-4c3b2778a2b6|rpc:10.1.0.55:38801|priority:0, 3245fae2-09b7-464d-a8b8-eac19708f915|rpc:10.1.0.55:39877|priority:1] returns group-A9E959FE21AC:java.util.concurrent.CompletableFuture@515c96ae[Not completed]
2021-11-15 13:52:57,845 [pool-97-thread-1] INFO  server.RaftServer$Division (RaftServerImpl.java:<init>(184)) - a9f41200-e526-4d63-ba17-4c3b2778a2b6: new RaftServerImpl for group-A9E959FE21AC:[d72f5f37-b5e8-4067-85db-ff819ddbae3b|rpc:10.1.0.55:33335|priority:0, a9f41200-e526-4d63-ba17-4c3b2778a2b6|rpc:10.1.0.55:38801|priority:0, 3245fae2-09b7-464d-a8b8-eac19708f915|rpc:10.1.0.55:39877|priority:1] with ContainerStateMachine:uninitialized
2021-11-15 13:52:57,845 [pool-97-thread-1] INFO  server.RaftServerConfigKeys (ConfUtils.java:logGet(44)) - raft.server.rpc.timeout.min = 5s (custom)
2021-11-15 13:52:57,845 [pool-97-thread-1] INFO  server.RaftServerConfigKeys (ConfUtils.java:logGet(44)) - raft.server.rpc.timeout.max = 5200ms (custom)
2021-11-15 13:52:57,845 [pool-97-thread-1] INFO  server.RaftServerConfigKeys (ConfUtils.java:logGet(44)) - raft.server.rpc.sleep.time = 25ms (default)
2021-11-15 13:52:57,845 [pool-97-thread-1] INFO  server.RaftServerConfigKeys (ConfUtils.java:logGet(44)) - raft.server.rpc.slowness.timeout = 300s (custom)
2021-11-15 13:52:57,845 [pool-97-thread-1] INFO  server.RaftServerConfigKeys (ConfUtils.java:logGet(44)) - raft.server.leaderelection.leader.step-down.wait-time = 10s (default)
2021-11-15 13:52:57,845 [pool-97-thread-1] INFO  server.RaftServerConfigKeys (ConfUtils.java:logGet(44)) - raft.server.sleep.deviation.threshold = 300ms (default)
2021-11-15 13:52:57,845 [pool-97-thread-1] INFO  server.RaftServerConfigKeys (ConfUtils.java:logGet(44)) - raft.server.log.appender.install.snapshot.enabled = false (custom)
2021-11-15 13:52:57,845 [pool-97-thread-1] INFO  server.RaftServer$Division (ServerState.java:<init>(105)) - a9f41200-e526-4d63-ba17-4c3b2778a2b6@group-A9E959FE21AC: ConfigurationManager, init=-1: [d72f5f37-b5e8-4067-85db-ff819ddbae3b|rpc:10.1.0.55:33335|priority:0, a9f41200-e526-4d63-ba17-4c3b2778a2b6|rpc:10.1.0.55:38801|priority:0, 3245fae2-09b7-464d-a8b8-eac19708f915|rpc:10.1.0.55:39877|priority:1], old=null, confs=<EMPTY_MAP>
2021-11-15 13:52:57,845 [pool-97-thread-1] INFO  server.RaftServerConfigKeys (ConfUtils.java:logGet(44)) - raft.server.storage.dir = [/home/runner/work/ozone/ozone/hadoop-ozone/integration-test/target/test-dir/MiniOzoneClusterImpl-e73edc9f-ff19-4fd0-8331-074ccb3cb693/datanode-0/data/ratis] (custom)
2021-11-15 13:52:57,845 [pool-97-thread-1] INFO  server.RaftServerConfigKeys (ConfUtils.java:logGet(44)) - raft.server.log.corruption.policy = EXCEPTION (default)
2021-11-15 13:52:57,845 [pool-97-thread-1] INFO  server.RaftServerConfigKeys (ConfUtils.java:logGet(44)) - raft.server.storage.free-space.min = 0MB (=0) (default)
2021-11-15 13:52:57,846 [pool-97-thread-1] INFO  storage.RaftStorageDirectory (RaftStorageDirectoryImpl.java:analyzeStorage(135)) - The storage directory /home/runner/work/ozone/ozone/hadoop-ozone/integration-test/target/test-dir/MiniOzoneClusterImpl-e73edc9f-ff19-4fd0-8331-074ccb3cb693/datanode-0/data/ratis/2ae8718a-83a5-42b1-bc37-a9e959fe21ac does not exist. Creating ...
2021-11-15 13:52:57,850 [pool-97-thread-1] INFO  storage.RaftStorageDirectory (RaftStorageDirectoryImpl.java:tryLock(230)) - Lock on /home/runner/work/ozone/ozone/hadoop-ozone/integration-test/target/test-dir/MiniOzoneClusterImpl-e73edc9f-ff19-4fd0-8331-074ccb3cb693/datanode-0/data/ratis/2ae8718a-83a5-42b1-bc37-a9e959fe21ac/in_use.lock acquired by nodename 22325@fv-az151-339
2021-11-15 13:52:57,851 [pool-97-thread-1] INFO  storage.RaftStorage (RaftStorageImpl.java:format(89)) - Storage directory /home/runner/work/ozone/ozone/hadoop-ozone/integration-test/target/test-dir/MiniOzoneClusterImpl-e73edc9f-ff19-4fd0-8331-074ccb3cb693/datanode-0/data/ratis/2ae8718a-83a5-42b1-bc37-a9e959fe21ac has been successfully formatted.
2021-11-15 13:52:57,852 [pool-97-thread-1] INFO  ratis.ContainerStateMachine (ContainerStateMachine.java:loadSnapshot(224)) - group-A9E959FE21AC: The snapshot info is null. Setting the last applied indexto:(t:0, i:~)
2021-11-15 13:52:57,852 [pool-97-thread-1] INFO  server.RaftServerConfigKeys (ConfUtils.java:logGet(44)) - raft.server.notification.no-leader.timeout = 300s (custom)
2021-11-15 13:52:57,852 [pool-97-thread-1] INFO  server.RaftServerConfigKeys (ConfUtils.java:logGet(44)) - raft.server.log.use.memory = false (default)
2021-11-15 13:52:57,852 [pool-97-thread-1] INFO  server.RaftServerConfigKeys (ConfUtils.java:logGet(44)) - raft.server.log.purge.gap = 1000000 (custom)
2021-11-15 13:52:57,852 [pool-97-thread-1] INFO  server.RaftServerConfigKeys (ConfUtils.java:logGet(44)) - raft.server.log.appender.buffer.byte-limit = 33554432 (custom)
2021-11-15 13:52:57,853 [pool-97-thread-1] INFO  server.RaftServerConfigKeys (ConfUtils.java:logGet(44)) - raft.server.log.segment.size.max = 1048576 (custom)
2021-11-15 13:52:57,854 [pool-97-thread-1] INFO  server.RaftServerConfigKeys (ConfUtils.java:logGet(44)) - raft.server.log.segment.cache.num.max = 2 (custom)
2021-11-15 13:52:57,856 [pool-97-thread-1] INFO  server.RaftServerConfigKeys (ConfUtils.java:logGet(44)) - raft.server.log.segment.cache.size.max = 200MB (=209715200) (default)
2021-11-15 13:52:57,854 [EventQueue-OpenPipelineForHealthyPipelineSafeModeRule] INFO  safemode.SCMSafeModeManager (HealthyPipelineSafeModeRule.java:process(124)) - SCM in safe mode. Healthy pipelines reported count is 0, required healthy pipeline reported count is 1
2021-11-15 13:52:57,856 [pool-97-thread-1] INFO  segmented.SegmentedRaftLogWorker (SegmentedRaftLogWorker.java:<init>(182)) - new a9f41200-e526-4d63-ba17-4c3b2778a2b6@group-A9E959FE21AC-SegmentedRaftLogWorker for RaftStorageImpl:Storage Directory /home/runner/work/ozone/ozone/hadoop-ozone/integration-test/target/test-dir/MiniOzoneClusterImpl-e73edc9f-ff19-4fd0-8331-074ccb3cb693/datanode-0/data/ratis/2ae8718a-83a5-42b1-bc37-a9e959fe21ac
2021-11-15 13:52:57,856 [pool-97-thread-1] INFO  server.RaftServerConfigKeys (ConfUtils.java:logGet(44)) - raft.server.log.queue.byte-limit = 2147483647 (custom)
2021-11-15 13:52:57,856 [pool-97-thread-1] INFO  server.RaftServerConfigKeys (ConfUtils.java:logGet(44)) - raft.server.log.queue.element-limit = 1024 (custom)
2021-11-15 13:52:57,856 [pool-97-thread-1] INFO  server.RaftServerConfigKeys (ConfUtils.java:logGet(44)) - raft.server.log.segment.size.max = 1048576 (custom)
2021-11-15 13:52:57,856 [pool-97-thread-1] INFO  server.RaftServerConfigKeys (ConfUtils.java:logGet(44)) - raft.server.log.preallocated.size = 16384 (custom)
2021-11-15 13:52:57,856 [pool-97-thread-1] INFO  server.RaftServerConfigKeys (ConfUtils.java:logGet(44)) - raft.server.log.force.sync.num = 128 (default)
2021-11-15 13:52:57,856 [pool-97-thread-1] INFO  server.RaftServerConfigKeys (ConfUtils.java:logGet(44)) - raft.server.log.statemachine.data.sync = true (default)
2021-11-15 13:52:57,856 [pool-97-thread-1] INFO  server.RaftServerConfigKeys (ConfUtils.java:logGet(44)) - raft.server.log.statemachine.data.sync.timeout = 10s (default)
2021-11-15 13:52:57,856 [pool-97-thread-1] INFO  server.RaftServerConfigKeys (ConfUtils.java:logGet(44)) - raft.server.log.statemachine.data.sync.timeout.retry = -1 (default)
2021-11-15 13:52:57,857 [pool-97-thread-1] INFO  server.RaftServerConfigKeys (ConfUtils.java:logGet(44)) - raft.server.log.write.buffer.size = 1048576 (custom)
2021-11-15 13:52:57,857 [pool-97-thread-1] INFO  server.RaftServerConfigKeys (ConfUtils.java:logGet(44)) - raft.server.log.statemachine.data.caching.enabled = true (custom)
2021-11-15 13:52:57,858 [pool-97-thread-1] INFO  segmented.SegmentedRaftLogWorker (SegmentedRaftLogWorker.java:lambda$new$0(133)) - a9f41200-e526-4d63-ba17-4c3b2778a2b6@group-A9E959FE21AC-SegmentedRaftLogWorker: flushIndex: setUnconditionally 0 -> -1
2021-11-15 13:52:57,858 [pool-97-thread-1] INFO  segmented.SegmentedRaftLogWorker (SegmentedRaftLogWorker.java:lambda$new$0(133)) - a9f41200-e526-4d63-ba17-4c3b2778a2b6@group-A9E959FE21AC-SegmentedRaftLogWorker: safeCacheEvictIndex: setUnconditionally 0 -> -1
2021-11-15 13:52:57,858 [pool-97-thread-1] INFO  server.RaftServerConfigKeys (ConfUtils.java:logGet(44)) - raft.server.snapshot.auto.trigger.enabled = true (custom)
2021-11-15 13:52:57,858 [pool-97-thread-1] INFO  server.RaftServerConfigKeys (ConfUtils.java:logGet(44)) - raft.server.snapshot.auto.trigger.threshold = 10000 (custom)
2021-11-15 13:52:57,858 [pool-97-thread-1] INFO  server.RaftServerConfigKeys (ConfUtils.java:logGet(44)) - raft.server.snapshot.retention.file.num = 5 (custom)
2021-11-15 13:52:57,858 [pool-97-thread-1] INFO  server.RaftServerConfigKeys (ConfUtils.java:logGet(44)) - raft.server.log.purge.upto.snapshot.index = false (default)
2021-11-15 13:52:57,858 [pool-97-thread-1] INFO  server.RaftServerConfigKeys (ConfUtils.java:logGet(44)) - raft.server.retrycache.expirytime = 600000ms (custom)
2021-11-15 13:52:57,858 [pool-97-thread-1] INFO  server.RaftServerConfigKeys (ConfUtils.java:logGet(44)) - raft.server.retrycache.statistics.expirytime = 100μs (default)
2021-11-15 13:52:57,859 [pool-97-thread-1] INFO  server.RaftServer$Division (RaftServerImpl.java:start(301)) - a9f41200-e526-4d63-ba17-4c3b2778a2b6@group-A9E959FE21AC: start as a follower, conf=-1: [d72f5f37-b5e8-4067-85db-ff819ddbae3b|rpc:10.1.0.55:33335|priority:0, a9f41200-e526-4d63-ba17-4c3b2778a2b6|rpc:10.1.0.55:38801|priority:0, 3245fae2-09b7-464d-a8b8-eac19708f915|rpc:10.1.0.55:39877|priority:1], old=null
2021-11-15 13:52:57,859 [pool-97-thread-1] INFO  server.RaftServer$Division (RaftServerImpl.java:setRole(290)) - a9f41200-e526-4d63-ba17-4c3b2778a2b6@group-A9E959FE21AC: changes role from      null to FOLLOWER at term 0 for startAsFollower
2021-11-15 13:52:57,859 [pool-97-thread-1] INFO  impl.RoleInfo (RoleInfo.java:updateAndGet(130)) - a9f41200-e526-4d63-ba17-4c3b2778a2b6: start a9f41200-e526-4d63-ba17-4c3b2778a2b6@group-A9E959FE21AC-FollowerState
2021-11-15 13:52:57,860 [pool-97-thread-1] INFO  util.JmxRegister (JmxRegister.java:tryRegister(44)) - Successfully registered JMX Bean with object name Ratis:service=RaftServer,group=group-A9E959FE21AC,id=a9f41200-e526-4d63-ba17-4c3b2778a2b6
2021-11-15 13:52:57,860 [Command processor thread] INFO  ratis.XceiverServerRatis (XceiverServerRatis.java:addGroup(768)) - Created group PipelineID=2ae8718a-83a5-42b1-bc37-a9e959fe21ac
2021-11-15 13:52:57,869 [grpc-default-executor-1] INFO  server.RaftServer (RaftServerProxy.java:addNew(95)) - d72f5f37-b5e8-4067-85db-ff819ddbae3b: addNew group-A9E959FE21AC:[d72f5f37-b5e8-4067-85db-ff819ddbae3b|rpc:10.1.0.55:33335|dataStream:|priority:0, a9f41200-e526-4d63-ba17-4c3b2778a2b6|rpc:10.1.0.55:38801|dataStream:|priority:0, 3245fae2-09b7-464d-a8b8-eac19708f915|rpc:10.1.0.55:39877|dataStream:|priority:1] returns group-A9E959FE21AC:java.util.concurrent.CompletableFuture@118f1fbc[Not completed]
2021-11-15 13:52:57,870 [pool-116-thread-1] INFO  server.RaftServer$Division (RaftServerImpl.java:<init>(184)) - d72f5f37-b5e8-4067-85db-ff819ddbae3b: new RaftServerImpl for group-A9E959FE21AC:[d72f5f37-b5e8-4067-85db-ff819ddbae3b|rpc:10.1.0.55:33335|dataStream:|priority:0, a9f41200-e526-4d63-ba17-4c3b2778a2b6|rpc:10.1.0.55:38801|dataStream:|priority:0, 3245fae2-09b7-464d-a8b8-eac19708f915|rpc:10.1.0.55:39877|dataStream:|priority:1] with ContainerStateMachine:uninitialized
2021-11-15 13:52:57,870 [pool-116-thread-1] INFO  server.RaftServerConfigKeys (ConfUtils.java:logGet(44)) - raft.server.rpc.timeout.min = 5s (custom)
2021-11-15 13:52:57,870 [pool-116-thread-1] INFO  server.RaftServerConfigKeys (ConfUtils.java:logGet(44)) - raft.server.rpc.timeout.max = 5200ms (custom)
2021-11-15 13:52:57,870 [pool-116-thread-1] INFO  server.RaftServerConfigKeys (ConfUtils.java:logGet(44)) - raft.server.rpc.sleep.time = 25ms (default)
2021-11-15 13:52:57,870 [pool-116-thread-1] INFO  server.RaftServerConfigKeys (ConfUtils.java:logGet(44)) - raft.server.rpc.slowness.timeout = 300s (custom)
2021-11-15 13:52:57,870 [pool-116-thread-1] INFO  server.RaftServerConfigKeys (ConfUtils.java:logGet(44)) - raft.server.leaderelection.leader.step-down.wait-time = 10s (default)
2021-11-15 13:52:57,870 [pool-116-thread-1] INFO  server.RaftServerConfigKeys (ConfUtils.java:logGet(44)) - raft.server.sleep.deviation.threshold = 300ms (default)
2021-11-15 13:52:57,870 [pool-116-thread-1] INFO  server.RaftServerConfigKeys (ConfUtils.java:logGet(44)) - raft.server.log.appender.install.snapshot.enabled = false (custom)
2021-11-15 13:52:57,870 [pool-116-thread-1] INFO  server.RaftServer$Division (ServerState.java:<init>(105)) - d72f5f37-b5e8-4067-85db-ff819ddbae3b@group-A9E959FE21AC: ConfigurationManager, init=-1: [d72f5f37-b5e8-4067-85db-ff819ddbae3b|rpc:10.1.0.55:33335|dataStream:|priority:0, a9f41200-e526-4d63-ba17-4c3b2778a2b6|rpc:10.1.0.55:38801|dataStream:|priority:0, 3245fae2-09b7-464d-a8b8-eac19708f915|rpc:10.1.0.55:39877|dataStream:|priority:1], old=null, confs=<EMPTY_MAP>
2021-11-15 13:52:57,870 [pool-116-thread-1] INFO  server.RaftServerConfigKeys (ConfUtils.java:logGet(44)) - raft.server.storage.dir = [/home/runner/work/ozone/ozone/hadoop-ozone/integration-test/target/test-dir/MiniOzoneClusterImpl-e73edc9f-ff19-4fd0-8331-074ccb3cb693/datanode-1/data/ratis] (custom)
2021-11-15 13:52:57,871 [pool-116-thread-1] INFO  server.RaftServerConfigKeys (ConfUtils.java:logGet(44)) - raft.server.log.corruption.policy = EXCEPTION (default)
2021-11-15 13:52:57,871 [pool-116-thread-1] INFO  server.RaftServerConfigKeys (ConfUtils.java:logGet(44)) - raft.server.storage.free-space.min = 0MB (=0) (default)
2021-11-15 13:52:57,871 [pool-116-thread-1] INFO  storage.RaftStorageDirectory (RaftStorageDirectoryImpl.java:analyzeStorage(135)) - The storage directory /home/runner/work/ozone/ozone/hadoop-ozone/integration-test/target/test-dir/MiniOzoneClusterImpl-e73edc9f-ff19-4fd0-8331-074ccb3cb693/datanode-1/data/ratis/2ae8718a-83a5-42b1-bc37-a9e959fe21ac does not exist. Creating ...
2021-11-15 13:52:57,874 [pool-116-thread-1] INFO  storage.RaftStorageDirectory (RaftStorageDirectoryImpl.java:tryLock(230)) - Lock on /home/runner/work/ozone/ozone/hadoop-ozone/integration-test/target/test-dir/MiniOzoneClusterImpl-e73edc9f-ff19-4fd0-8331-074ccb3cb693/datanode-1/data/ratis/2ae8718a-83a5-42b1-bc37-a9e959fe21ac/in_use.lock acquired by nodename 22325@fv-az151-339
2021-11-15 13:52:57,875 [pool-116-thread-1] INFO  storage.RaftStorage (RaftStorageImpl.java:format(89)) - Storage directory /home/runner/work/ozone/ozone/hadoop-ozone/integration-test/target/test-dir/MiniOzoneClusterImpl-e73edc9f-ff19-4fd0-8331-074ccb3cb693/datanode-1/data/ratis/2ae8718a-83a5-42b1-bc37-a9e959fe21ac has been successfully formatted.
2021-11-15 13:52:57,876 [pool-116-thread-1] INFO  ratis.ContainerStateMachine (ContainerStateMachine.java:loadSnapshot(224)) - group-A9E959FE21AC: The snapshot info is null. Setting the last applied indexto:(t:0, i:~)
2021-11-15 13:52:57,876 [pool-116-thread-1] INFO  server.RaftServerConfigKeys (ConfUtils.java:logGet(44)) - raft.server.notification.no-leader.timeout = 300s (custom)
2021-11-15 13:52:57,876 [pool-116-thread-1] INFO  server.RaftServerConfigKeys (ConfUtils.java:logGet(44)) - raft.server.log.use.memory = false (default)
2021-11-15 13:52:57,876 [pool-116-thread-1] INFO  server.RaftServerConfigKeys (ConfUtils.java:logGet(44)) - raft.server.log.purge.gap = 1000000 (custom)
2021-11-15 13:52:57,876 [pool-116-thread-1] INFO  server.RaftServerConfigKeys (ConfUtils.java:logGet(44)) - raft.server.log.appender.buffer.byte-limit = 33554432 (custom)
2021-11-15 13:52:57,876 [pool-116-thread-1] INFO  server.RaftServerConfigKeys (ConfUtils.java:logGet(44)) - raft.server.log.segment.size.max = 1048576 (custom)
2021-11-15 13:52:57,877 [pool-116-thread-1] INFO  server.RaftServerConfigKeys (ConfUtils.java:logGet(44)) - raft.server.log.segment.cache.num.max = 2 (custom)
2021-11-15 13:52:57,877 [pool-116-thread-1] INFO  server.RaftServerConfigKeys (ConfUtils.java:logGet(44)) - raft.server.log.segment.cache.size.max = 200MB (=209715200) (default)
2021-11-15 13:52:57,877 [pool-116-thread-1] INFO  segmented.SegmentedRaftLogWorker (SegmentedRaftLogWorker.java:<init>(182)) - new d72f5f37-b5e8-4067-85db-ff819ddbae3b@group-A9E959FE21AC-SegmentedRaftLogWorker for RaftStorageImpl:Storage Directory /home/runner/work/ozone/ozone/hadoop-ozone/integration-test/target/test-dir/MiniOzoneClusterImpl-e73edc9f-ff19-4fd0-8331-074ccb3cb693/datanode-1/data/ratis/2ae8718a-83a5-42b1-bc37-a9e959fe21ac
2021-11-15 13:52:57,877 [pool-116-thread-1] INFO  server.RaftServerConfigKeys (ConfUtils.java:logGet(44)) - raft.server.log.queue.byte-limit = 2147483647 (custom)
2021-11-15 13:52:57,877 [pool-116-thread-1] INFO  server.RaftServerConfigKeys (ConfUtils.java:logGet(44)) - raft.server.log.queue.element-limit = 1024 (custom)
2021-11-15 13:52:57,877 [pool-116-thread-1] INFO  server.RaftServerConfigKeys (ConfUtils.java:logGet(44)) - raft.server.log.segment.size.max = 1048576 (custom)
2021-11-15 13:52:57,877 [pool-116-thread-1] INFO  server.RaftServerConfigKeys (ConfUtils.java:logGet(44)) - raft.server.log.preallocated.size = 16384 (custom)
2021-11-15 13:52:57,877 [pool-116-thread-1] INFO  server.RaftServerConfigKeys (ConfUtils.java:logGet(44)) - raft.server.log.force.sync.num = 128 (default)
2021-11-15 13:52:57,877 [pool-116-thread-1] INFO  server.RaftServerConfigKeys (ConfUtils.java:logGet(44)) - raft.server.log.statemachine.data.sync = true (default)
2021-11-15 13:52:57,877 [pool-116-thread-1] INFO  server.RaftServerConfigKeys (ConfUtils.java:logGet(44)) - raft.server.log.statemachine.data.sync.timeout = 10s (default)
2021-11-15 13:52:57,877 [pool-116-thread-1] INFO  server.RaftServerConfigKeys (ConfUtils.java:logGet(44)) - raft.server.log.statemachine.data.sync.timeout.retry = -1 (default)
2021-11-15 13:52:57,878 [pool-116-thread-1] INFO  server.RaftServerConfigKeys (ConfUtils.java:logGet(44)) - raft.server.log.write.buffer.size = 1048576 (custom)
2021-11-15 13:52:57,879 [pool-116-thread-1] INFO  server.RaftServerConfigKeys (ConfUtils.java:logGet(44)) - raft.server.log.statemachine.data.caching.enabled = true (custom)
2021-11-15 13:52:57,879 [pool-116-thread-1] INFO  segmented.SegmentedRaftLogWorker (SegmentedRaftLogWorker.java:lambda$new$0(133)) - d72f5f37-b5e8-4067-85db-ff819ddbae3b@group-A9E959FE21AC-SegmentedRaftLogWorker: flushIndex: setUnconditionally 0 -> -1
2021-11-15 13:52:57,879 [pool-116-thread-1] INFO  segmented.SegmentedRaftLogWorker (SegmentedRaftLogWorker.java:lambda$new$0(133)) - d72f5f37-b5e8-4067-85db-ff819ddbae3b@group-A9E959FE21AC-SegmentedRaftLogWorker: safeCacheEvictIndex: setUnconditionally 0 -> -1
2021-11-15 13:52:57,881 [pool-116-thread-1] INFO  server.RaftServerConfigKeys (ConfUtils.java:logGet(44)) - raft.server.snapshot.auto.trigger.enabled = true (custom)
2021-11-15 13:52:57,882 [pool-116-thread-1] INFO  server.RaftServerConfigKeys (ConfUtils.java:logGet(44)) - raft.server.snapshot.auto.trigger.threshold = 10000 (custom)
2021-11-15 13:52:57,882 [pool-116-thread-1] INFO  server.RaftServerConfigKeys (ConfUtils.java:logGet(44)) - raft.server.snapshot.retention.file.num = 5 (custom)
2021-11-15 13:52:57,882 [pool-116-thread-1] INFO  server.RaftServerConfigKeys (ConfUtils.java:logGet(44)) - raft.server.log.purge.upto.snapshot.index = false (default)
2021-11-15 13:52:57,882 [pool-116-thread-1] INFO  server.RaftServerConfigKeys (ConfUtils.java:logGet(44)) - raft.server.retrycache.expirytime = 600000ms (custom)
2021-11-15 13:52:57,882 [pool-116-thread-1] INFO  server.RaftServerConfigKeys (ConfUtils.java:logGet(44)) - raft.server.retrycache.statistics.expirytime = 100μs (default)
2021-11-15 13:52:57,883 [pool-116-thread-1] INFO  server.RaftServer$Division (RaftServerImpl.java:start(301)) - d72f5f37-b5e8-4067-85db-ff819ddbae3b@group-A9E959FE21AC: start as a follower, conf=-1: [d72f5f37-b5e8-4067-85db-ff819ddbae3b|rpc:10.1.0.55:33335|dataStream:|priority:0, a9f41200-e526-4d63-ba17-4c3b2778a2b6|rpc:10.1.0.55:38801|dataStream:|priority:0, 3245fae2-09b7-464d-a8b8-eac19708f915|rpc:10.1.0.55:39877|dataStream:|priority:1], old=null
2021-11-15 13:52:57,883 [pool-116-thread-1] INFO  server.RaftServer$Division (RaftServerImpl.java:setRole(290)) - d72f5f37-b5e8-4067-85db-ff819ddbae3b@group-A9E959FE21AC: changes role from      null to FOLLOWER at term 0 for startAsFollower
2021-11-15 13:52:57,883 [pool-116-thread-1] INFO  impl.RoleInfo (RoleInfo.java:updateAndGet(130)) - d72f5f37-b5e8-4067-85db-ff819ddbae3b: start d72f5f37-b5e8-4067-85db-ff819ddbae3b@group-A9E959FE21AC-FollowerState
2021-11-15 13:52:57,883 [pool-116-thread-1] INFO  util.JmxRegister (JmxRegister.java:tryRegister(44)) - Successfully registered JMX Bean with object name Ratis:service=RaftServer,group=group-A9E959FE21AC,id=d72f5f37-b5e8-4067-85db-ff819ddbae3b
2021-11-15 13:52:57,900 [grpc-default-executor-1] INFO  server.RaftServer (RaftServerProxy.java:addNew(95)) - 3245fae2-09b7-464d-a8b8-eac19708f915: addNew group-A9E959FE21AC:[d72f5f37-b5e8-4067-85db-ff819ddbae3b|rpc:10.1.0.55:33335|dataStream:|priority:0, a9f41200-e526-4d63-ba17-4c3b2778a2b6|rpc:10.1.0.55:38801|dataStream:|priority:0, 3245fae2-09b7-464d-a8b8-eac19708f915|rpc:10.1.0.55:39877|dataStream:|priority:1] returns group-A9E959FE21AC:java.util.concurrent.CompletableFuture@6f9f0149[Not completed]
2021-11-15 13:52:57,901 [pool-135-thread-1] INFO  server.RaftServer$Division (RaftServerImpl.java:<init>(184)) - 3245fae2-09b7-464d-a8b8-eac19708f915: new RaftServerImpl for group-A9E959FE21AC:[d72f5f37-b5e8-4067-85db-ff819ddbae3b|rpc:10.1.0.55:33335|dataStream:|priority:0, a9f41200-e526-4d63-ba17-4c3b2778a2b6|rpc:10.1.0.55:38801|dataStream:|priority:0, 3245fae2-09b7-464d-a8b8-eac19708f915|rpc:10.1.0.55:39877|dataStream:|priority:1] with ContainerStateMachine:uninitialized
2021-11-15 13:52:57,901 [pool-135-thread-1] INFO  server.RaftServerConfigKeys (ConfUtils.java:logGet(44)) - raft.server.rpc.timeout.min = 5s (custom)
2021-11-15 13:52:57,901 [pool-135-thread-1] INFO  server.RaftServerConfigKeys (ConfUtils.java:logGet(44)) - raft.server.rpc.timeout.max = 5200ms (custom)
2021-11-15 13:52:57,901 [pool-135-thread-1] INFO  server.RaftServerConfigKeys (ConfUtils.java:logGet(44)) - raft.server.rpc.sleep.time = 25ms (default)
2021-11-15 13:52:57,901 [pool-135-thread-1] INFO  server.RaftServerConfigKeys (ConfUtils.java:logGet(44)) - raft.server.rpc.slowness.timeout = 300s (custom)
2021-11-15 13:52:57,901 [pool-135-thread-1] INFO  server.RaftServerConfigKeys (ConfUtils.java:logGet(44)) - raft.server.leaderelection.leader.step-down.wait-time = 10s (default)
2021-11-15 13:52:57,901 [pool-135-thread-1] INFO  server.RaftServerConfigKeys (ConfUtils.java:logGet(44)) - raft.server.sleep.deviation.threshold = 300ms (default)
2021-11-15 13:52:57,901 [pool-135-thread-1] INFO  server.RaftServerConfigKeys (ConfUtils.java:logGet(44)) - raft.server.log.appender.install.snapshot.enabled = false (custom)
2021-11-15 13:52:57,901 [pool-135-thread-1] INFO  server.RaftServer$Division (ServerState.java:<init>(105)) - 3245fae2-09b7-464d-a8b8-eac19708f915@group-A9E959FE21AC: ConfigurationManager, init=-1: [d72f5f37-b5e8-4067-85db-ff819ddbae3b|rpc:10.1.0.55:33335|dataStream:|priority:0, a9f41200-e526-4d63-ba17-4c3b2778a2b6|rpc:10.1.0.55:38801|dataStream:|priority:0, 3245fae2-09b7-464d-a8b8-eac19708f915|rpc:10.1.0.55:39877|dataStream:|priority:1], old=null, confs=<EMPTY_MAP>
2021-11-15 13:52:57,901 [pool-135-thread-1] INFO  server.RaftServerConfigKeys (ConfUtils.java:logGet(44)) - raft.server.storage.dir = [/home/runner/work/ozone/ozone/hadoop-ozone/integration-test/target/test-dir/MiniOzoneClusterImpl-e73edc9f-ff19-4fd0-8331-074ccb3cb693/datanode-2/data/ratis] (custom)
2021-11-15 13:52:57,901 [pool-135-thread-1] INFO  server.RaftServerConfigKeys (ConfUtils.java:logGet(44)) - raft.server.log.corruption.policy = EXCEPTION (default)
2021-11-15 13:52:57,901 [pool-135-thread-1] INFO  server.RaftServerConfigKeys (ConfUtils.java:logGet(44)) - raft.server.storage.free-space.min = 0MB (=0) (default)
2021-11-15 13:52:57,902 [pool-135-thread-1] INFO  storage.RaftStorageDirectory (RaftStorageDirectoryImpl.java:analyzeStorage(135)) - The storage directory /home/runner/work/ozone/ozone/hadoop-ozone/integration-test/target/test-dir/MiniOzoneClusterImpl-e73edc9f-ff19-4fd0-8331-074ccb3cb693/datanode-2/data/ratis/2ae8718a-83a5-42b1-bc37-a9e959fe21ac does not exist. Creating ...
2021-11-15 13:52:57,902 [pool-135-thread-1] INFO  storage.RaftStorageDirectory (RaftStorageDirectoryImpl.java:tryLock(230)) - Lock on /home/runner/work/ozone/ozone/hadoop-ozone/integration-test/target/test-dir/MiniOzoneClusterImpl-e73edc9f-ff19-4fd0-8331-074ccb3cb693/datanode-2/data/ratis/2ae8718a-83a5-42b1-bc37-a9e959fe21ac/in_use.lock acquired by nodename 22325@fv-az151-339
2021-11-15 13:52:57,903 [pool-135-thread-1] INFO  storage.RaftStorage (RaftStorageImpl.java:format(89)) - Storage directory /home/runner/work/ozone/ozone/hadoop-ozone/integration-test/target/test-dir/MiniOzoneClusterImpl-e73edc9f-ff19-4fd0-8331-074ccb3cb693/datanode-2/data/ratis/2ae8718a-83a5-42b1-bc37-a9e959fe21ac has been successfully formatted.
2021-11-15 13:52:57,903 [pool-135-thread-1] INFO  ratis.ContainerStateMachine (ContainerStateMachine.java:loadSnapshot(224)) - group-A9E959FE21AC: The snapshot info is null. Setting the last applied indexto:(t:0, i:~)
2021-11-15 13:52:57,904 [pool-135-thread-1] INFO  server.RaftServerConfigKeys (ConfUtils.java:logGet(44)) - raft.server.notification.no-leader.timeout = 300s (custom)
2021-11-15 13:52:57,904 [pool-135-thread-1] INFO  server.RaftServerConfigKeys (ConfUtils.java:logGet(44)) - raft.server.log.use.memory = false (default)
2021-11-15 13:52:57,904 [pool-135-thread-1] INFO  server.RaftServerConfigKeys (ConfUtils.java:logGet(44)) - raft.server.log.purge.gap = 1000000 (custom)
2021-11-15 13:52:57,904 [pool-135-thread-1] INFO  server.RaftServerConfigKeys (ConfUtils.java:logGet(44)) - raft.server.log.appender.buffer.byte-limit = 33554432 (custom)
2021-11-15 13:52:57,904 [pool-135-thread-1] INFO  server.RaftServerConfigKeys (ConfUtils.java:logGet(44)) - raft.server.log.segment.size.max = 1048576 (custom)
2021-11-15 13:52:57,904 [pool-135-thread-1] INFO  server.RaftServerConfigKeys (ConfUtils.java:logGet(44)) - raft.server.log.segment.cache.num.max = 2 (custom)
2021-11-15 13:52:57,904 [pool-135-thread-1] INFO  server.RaftServerConfigKeys (ConfUtils.java:logGet(44)) - raft.server.log.segment.cache.size.max = 200MB (=209715200) (default)
2021-11-15 13:52:57,904 [pool-135-thread-1] INFO  segmented.SegmentedRaftLogWorker (SegmentedRaftLogWorker.java:<init>(182)) - new 3245fae2-09b7-464d-a8b8-eac19708f915@group-A9E959FE21AC-SegmentedRaftLogWorker for RaftStorageImpl:Storage Directory /home/runner/work/ozone/ozone/hadoop-ozone/integration-test/target/test-dir/MiniOzoneClusterImpl-e73edc9f-ff19-4fd0-8331-074ccb3cb693/datanode-2/data/ratis/2ae8718a-83a5-42b1-bc37-a9e959fe21ac
2021-11-15 13:52:57,904 [pool-135-thread-1] INFO  server.RaftServerConfigKeys (ConfUtils.java:logGet(44)) - raft.server.log.queue.byte-limit = 2147483647 (custom)
2021-11-15 13:52:57,905 [pool-135-thread-1] INFO  server.RaftServerConfigKeys (ConfUtils.java:logGet(44)) - raft.server.log.queue.element-limit = 1024 (custom)
2021-11-15 13:52:57,905 [pool-135-thread-1] INFO  server.RaftServerConfigKeys (ConfUtils.java:logGet(44)) - raft.server.log.segment.size.max = 1048576 (custom)
2021-11-15 13:52:57,905 [pool-135-thread-1] INFO  server.RaftServerConfigKeys (ConfUtils.java:logGet(44)) - raft.server.log.preallocated.size = 16384 (custom)
2021-11-15 13:52:57,905 [pool-135-thread-1] INFO  server.RaftServerConfigKeys (ConfUtils.java:logGet(44)) - raft.server.log.force.sync.num = 128 (default)
2021-11-15 13:52:57,905 [pool-135-thread-1] INFO  server.RaftServerConfigKeys (ConfUtils.java:logGet(44)) - raft.server.log.statemachine.data.sync = true (default)
2021-11-15 13:52:57,905 [pool-135-thread-1] INFO  server.RaftServerConfigKeys (ConfUtils.java:logGet(44)) - raft.server.log.statemachine.data.sync.timeout = 10s (default)
2021-11-15 13:52:57,905 [pool-135-thread-1] INFO  server.RaftServerConfigKeys (ConfUtils.java:logGet(44)) - raft.server.log.statemachine.data.sync.timeout.retry = -1 (default)
2021-11-15 13:52:57,905 [pool-135-thread-1] INFO  server.RaftServerConfigKeys (ConfUtils.java:logGet(44)) - raft.server.log.write.buffer.size = 1048576 (custom)
2021-11-15 13:52:57,906 [pool-135-thread-1] INFO  server.RaftServerConfigKeys (ConfUtils.java:logGet(44)) - raft.server.log.statemachine.data.caching.enabled = true (custom)
2021-11-15 13:52:57,906 [pool-135-thread-1] INFO  segmented.SegmentedRaftLogWorker (SegmentedRaftLogWorker.java:lambda$new$0(133)) - 3245fae2-09b7-464d-a8b8-eac19708f915@group-A9E959FE21AC-SegmentedRaftLogWorker: flushIndex: setUnconditionally 0 -> -1
2021-11-15 13:52:57,906 [pool-135-thread-1] INFO  segmented.SegmentedRaftLogWorker (SegmentedRaftLogWorker.java:lambda$new$0(133)) - 3245fae2-09b7-464d-a8b8-eac19708f915@group-A9E959FE21AC-SegmentedRaftLogWorker: safeCacheEvictIndex: setUnconditionally 0 -> -1
2021-11-15 13:52:57,910 [pool-135-thread-1] INFO  server.RaftServerConfigKeys (ConfUtils.java:logGet(44)) - raft.server.snapshot.auto.trigger.enabled = true (custom)
2021-11-15 13:52:57,910 [pool-135-thread-1] INFO  server.RaftServerConfigKeys (ConfUtils.java:logGet(44)) - raft.server.snapshot.auto.trigger.threshold = 10000 (custom)
2021-11-15 13:52:57,911 [pool-135-thread-1] INFO  server.RaftServerConfigKeys (ConfUtils.java:logGet(44)) - raft.server.snapshot.retention.file.num = 5 (custom)
2021-11-15 13:52:57,911 [pool-135-thread-1] INFO  server.RaftServerConfigKeys (ConfUtils.java:logGet(44)) - raft.server.log.purge.upto.snapshot.index = false (default)
2021-11-15 13:52:57,911 [pool-135-thread-1] INFO  server.RaftServerConfigKeys (ConfUtils.java:logGet(44)) - raft.server.retrycache.expirytime = 600000ms (custom)
2021-11-15 13:52:57,911 [pool-135-thread-1] INFO  server.RaftServerConfigKeys (ConfUtils.java:logGet(44)) - raft.server.retrycache.statistics.expirytime = 100μs (default)
2021-11-15 13:52:57,912 [pool-135-thread-1] INFO  server.RaftServer$Division (RaftServerImpl.java:start(301)) - 3245fae2-09b7-464d-a8b8-eac19708f915@group-A9E959FE21AC: start as a follower, conf=-1: [d72f5f37-b5e8-4067-85db-ff819ddbae3b|rpc:10.1.0.55:33335|dataStream:|priority:0, a9f41200-e526-4d63-ba17-4c3b2778a2b6|rpc:10.1.0.55:38801|dataStream:|priority:0, 3245fae2-09b7-464d-a8b8-eac19708f915|rpc:10.1.0.55:39877|dataStream:|priority:1], old=null
2021-11-15 13:52:57,912 [pool-135-thread-1] INFO  server.RaftServer$Division (RaftServerImpl.java:setRole(290)) - 3245fae2-09b7-464d-a8b8-eac19708f915@group-A9E959FE21AC: changes role from      null to FOLLOWER at term 0 for startAsFollower
2021-11-15 13:52:57,912 [pool-135-thread-1] INFO  impl.RoleInfo (RoleInfo.java:updateAndGet(130)) - 3245fae2-09b7-464d-a8b8-eac19708f915: start 3245fae2-09b7-464d-a8b8-eac19708f915@group-A9E959FE21AC-FollowerState
2021-11-15 13:52:57,912 [pool-135-thread-1] INFO  util.JmxRegister (JmxRegister.java:tryRegister(44)) - Successfully registered JMX Bean with object name Ratis:service=RaftServer,group=group-A9E959FE21AC,id=3245fae2-09b7-464d-a8b8-eac19708f915
2021-11-15 13:52:57,918 [Command processor thread] INFO  commandhandler.CreatePipelineCommandHandler (CreatePipelineCommandHandler.java:handle(106)) - Created Pipeline RATIS THREE PipelineID=2ae8718a-83a5-42b1-bc37-a9e959fe21ac.
2021-11-15 13:52:58,058 [Command processor thread] INFO  server.RaftServer (RaftServerProxy.java:addNew(95)) - d72f5f37-b5e8-4067-85db-ff819ddbae3b: addNew group-B7D8B93556B0:[d72f5f37-b5e8-4067-85db-ff819ddbae3b|rpc:10.1.0.55:33335|priority:1] returns group-B7D8B93556B0:java.util.concurrent.CompletableFuture@18478277[Not completed]
2021-11-15 13:52:58,059 [pool-116-thread-1] INFO  server.RaftServer$Division (RaftServerImpl.java:<init>(184)) - d72f5f37-b5e8-4067-85db-ff819ddbae3b: new RaftServerImpl for group-B7D8B93556B0:[d72f5f37-b5e8-4067-85db-ff819ddbae3b|rpc:10.1.0.55:33335|priority:1] with ContainerStateMachine:uninitialized
2021-11-15 13:52:58,060 [pool-116-thread-1] INFO  server.RaftServerConfigKeys (ConfUtils.java:logGet(44)) - raft.server.rpc.timeout.min = 5s (custom)
2021-11-15 13:52:58,060 [pool-116-thread-1] INFO  server.RaftServerConfigKeys (ConfUtils.java:logGet(44)) - raft.server.rpc.timeout.max = 5200ms (custom)
2021-11-15 13:52:58,060 [pool-116-thread-1] INFO  server.RaftServerConfigKeys (ConfUtils.java:logGet(44)) - raft.server.rpc.sleep.time = 25ms (default)
2021-11-15 13:52:58,060 [pool-116-thread-1] INFO  server.RaftServerConfigKeys (ConfUtils.java:logGet(44)) - raft.server.rpc.slowness.timeout = 300s (custom)
2021-11-15 13:52:58,060 [pool-116-thread-1] INFO  server.RaftServerConfigKeys (ConfUtils.java:logGet(44)) - raft.server.leaderelection.leader.step-down.wait-time = 10s (default)
2021-11-15 13:52:58,060 [pool-116-thread-1] INFO  server.RaftServerConfigKeys (ConfUtils.java:logGet(44)) - raft.server.sleep.deviation.threshold = 300ms (default)
2021-11-15 13:52:58,060 [pool-116-thread-1] INFO  server.RaftServerConfigKeys (ConfUtils.java:logGet(44)) - raft.server.log.appender.install.snapshot.enabled = false (custom)
2021-11-15 13:52:58,060 [pool-116-thread-1] INFO  server.RaftServer$Division (ServerState.java:<init>(105)) - d72f5f37-b5e8-4067-85db-ff819ddbae3b@group-B7D8B93556B0: ConfigurationManager, init=-1: [d72f5f37-b5e8-4067-85db-ff819ddbae3b|rpc:10.1.0.55:33335|priority:1], old=null, confs=<EMPTY_MAP>
2021-11-15 13:52:58,060 [pool-116-thread-1] INFO  server.RaftServerConfigKeys (ConfUtils.java:logGet(44)) - raft.server.storage.dir = [/home/runner/work/ozone/ozone/hadoop-ozone/integration-test/target/test-dir/MiniOzoneClusterImpl-e73edc9f-ff19-4fd0-8331-074ccb3cb693/datanode-1/data/ratis] (custom)
2021-11-15 13:52:58,060 [pool-116-thread-1] INFO  server.RaftServerConfigKeys (ConfUtils.java:logGet(44)) - raft.server.log.corruption.policy = EXCEPTION (default)
2021-11-15 13:52:58,060 [pool-116-thread-1] INFO  server.RaftServerConfigKeys (ConfUtils.java:logGet(44)) - raft.server.storage.free-space.min = 0MB (=0) (default)
2021-11-15 13:52:58,060 [pool-116-thread-1] INFO  storage.RaftStorageDirectory (RaftStorageDirectoryImpl.java:analyzeStorage(135)) - The storage directory /home/runner/work/ozone/ozone/hadoop-ozone/integration-test/target/test-dir/MiniOzoneClusterImpl-e73edc9f-ff19-4fd0-8331-074ccb3cb693/datanode-1/data/ratis/7b205b38-04be-413b-9a1c-b7d8b93556b0 does not exist. Creating ...
2021-11-15 13:52:58,061 [pool-116-thread-1] INFO  storage.RaftStorageDirectory (RaftStorageDirectoryImpl.java:tryLock(230)) - Lock on /home/runner/work/ozone/ozone/hadoop-ozone/integration-test/target/test-dir/MiniOzoneClusterImpl-e73edc9f-ff19-4fd0-8331-074ccb3cb693/datanode-1/data/ratis/7b205b38-04be-413b-9a1c-b7d8b93556b0/in_use.lock acquired by nodename 22325@fv-az151-339
2021-11-15 13:52:58,062 [pool-116-thread-1] INFO  storage.RaftStorage (RaftStorageImpl.java:format(89)) - Storage directory /home/runner/work/ozone/ozone/hadoop-ozone/integration-test/target/test-dir/MiniOzoneClusterImpl-e73edc9f-ff19-4fd0-8331-074ccb3cb693/datanode-1/data/ratis/7b205b38-04be-413b-9a1c-b7d8b93556b0 has been successfully formatted.
2021-11-15 13:52:58,063 [pool-116-thread-1] INFO  ratis.ContainerStateMachine (ContainerStateMachine.java:loadSnapshot(224)) - group-B7D8B93556B0: The snapshot info is null. Setting the last applied indexto:(t:0, i:~)
2021-11-15 13:52:58,063 [pool-116-thread-1] INFO  server.RaftServerConfigKeys (ConfUtils.java:logGet(44)) - raft.server.notification.no-leader.timeout = 300s (custom)
2021-11-15 13:52:58,063 [pool-116-thread-1] INFO  server.RaftServerConfigKeys (ConfUtils.java:logGet(44)) - raft.server.log.use.memory = false (default)
2021-11-15 13:52:58,063 [pool-116-thread-1] INFO  server.RaftServerConfigKeys (ConfUtils.java:logGet(44)) - raft.server.log.purge.gap = 1000000 (custom)
2021-11-15 13:52:58,063 [pool-116-thread-1] INFO  server.RaftServerConfigKeys (ConfUtils.java:logGet(44)) - raft.server.log.appender.buffer.byte-limit = 33554432 (custom)
2021-11-15 13:52:58,063 [pool-116-thread-1] INFO  server.RaftServerConfigKeys (ConfUtils.java:logGet(44)) - raft.server.log.segment.size.max = 1048576 (custom)
2021-11-15 13:52:58,064 [pool-116-thread-1] INFO  server.RaftServerConfigKeys (ConfUtils.java:logGet(44)) - raft.server.log.segment.cache.num.max = 2 (custom)
2021-11-15 13:52:58,064 [pool-116-thread-1] INFO  server.RaftServerConfigKeys (ConfUtils.java:logGet(44)) - raft.server.log.segment.cache.size.max = 200MB (=209715200) (default)
2021-11-15 13:52:58,064 [pool-116-thread-1] INFO  segmented.SegmentedRaftLogWorker (SegmentedRaftLogWorker.java:<init>(182)) - new d72f5f37-b5e8-4067-85db-ff819ddbae3b@group-B7D8B93556B0-SegmentedRaftLogWorker for RaftStorageImpl:Storage Directory /home/runner/work/ozone/ozone/hadoop-ozone/integration-test/target/test-dir/MiniOzoneClusterImpl-e73edc9f-ff19-4fd0-8331-074ccb3cb693/datanode-1/data/ratis/7b205b38-04be-413b-9a1c-b7d8b93556b0
2021-11-15 13:52:58,064 [pool-116-thread-1] INFO  server.RaftServerConfigKeys (ConfUtils.java:logGet(44)) - raft.server.log.queue.byte-limit = 2147483647 (custom)
2021-11-15 13:52:58,064 [pool-116-thread-1] INFO  server.RaftServerConfigKeys (ConfUtils.java:logGet(44)) - raft.server.log.queue.element-limit = 1024 (custom)
2021-11-15 13:52:58,064 [pool-116-thread-1] INFO  server.RaftServerConfigKeys (ConfUtils.java:logGet(44)) - raft.server.log.segment.size.max = 1048576 (custom)
2021-11-15 13:52:58,064 [pool-116-thread-1] INFO  server.RaftServerConfigKeys (ConfUtils.java:logGet(44)) - raft.server.log.preallocated.size = 16384 (custom)
2021-11-15 13:52:58,064 [pool-116-thread-1] INFO  server.RaftServerConfigKeys (ConfUtils.java:logGet(44)) - raft.server.log.force.sync.num = 128 (default)
2021-11-15 13:52:58,064 [pool-116-thread-1] INFO  server.RaftServerConfigKeys (ConfUtils.java:logGet(44)) - raft.server.log.statemachine.data.sync = true (default)
2021-11-15 13:52:58,065 [pool-116-thread-1] INFO  server.RaftServerConfigKeys (ConfUtils.java:logGet(44)) - raft.server.log.statemachine.data.sync.timeout = 10s (default)
2021-11-15 13:52:58,065 [EventQueue-PipelineReportForPipelineReportHandler] INFO  pipeline.PipelineManagerImpl (PipelineManagerImpl.java:openPipeline(289)) - Pipeline Pipeline[ Id: 7b205b38-04be-413b-9a1c-b7d8b93556b0, Nodes: d72f5f37-b5e8-4067-85db-ff819ddbae3b{ip: 10.1.0.55, host: fv-az151-339.yf2hydr00wburbhx3j5hxtcipe.bx.internal.cloudapp.net, ports: [REPLICATION=43387, RATIS=33335, RATIS_ADMIN=33335, RATIS_SERVER=33335, STANDALONE=43427], networkLocation: /default-rack, certSerialId: null, persistedOpState: IN_SERVICE, persistedOpStateExpiryEpochSec: 0}, ReplicationConfig: RATIS/ONE, State:ALLOCATED, leaderId:d72f5f37-b5e8-4067-85db-ff819ddbae3b, CreationTimestamp2021-11-15T13:52:55.062Z[Etc/UTC]] moved to OPEN state
2021-11-15 13:52:58,065 [pool-116-thread-1] INFO  server.RaftServerConfigKeys (ConfUtils.java:logGet(44)) - raft.server.log.statemachine.data.sync.timeout.retry = -1 (default)
2021-11-15 13:52:58,065 [EventQueue-OpenPipelineForHealthyPipelineSafeModeRule] INFO  safemode.SCMSafeModeManager (HealthyPipelineSafeModeRule.java:process(124)) - SCM in safe mode. Healthy pipelines reported count is 0, required healthy pipeline reported count is 1
2021-11-15 13:52:58,066 [pool-116-thread-1] INFO  server.RaftServerConfigKeys (ConfUtils.java:logGet(44)) - raft.server.log.write.buffer.size = 1048576 (custom)
2021-11-15 13:52:58,067 [pool-116-thread-1] INFO  server.RaftServerConfigKeys (ConfUtils.java:logGet(44)) - raft.server.log.statemachine.data.caching.enabled = true (custom)
2021-11-15 13:52:58,067 [pool-116-thread-1] INFO  segmented.SegmentedRaftLogWorker (SegmentedRaftLogWorker.java:lambda$new$0(133)) - d72f5f37-b5e8-4067-85db-ff819ddbae3b@group-B7D8B93556B0-SegmentedRaftLogWorker: flushIndex: setUnconditionally 0 -> -1
2021-11-15 13:52:58,067 [pool-116-thread-1] INFO  segmented.SegmentedRaftLogWorker (SegmentedRaftLogWorker.java:lambda$new$0(133)) - d72f5f37-b5e8-4067-85db-ff819ddbae3b@group-B7D8B93556B0-SegmentedRaftLogWorker: safeCacheEvictIndex: setUnconditionally 0 -> -1
2021-11-15 13:52:58,071 [pool-116-thread-1] INFO  server.RaftServerConfigKeys (ConfUtils.java:logGet(44)) - raft.server.snapshot.auto.trigger.enabled = true (custom)
2021-11-15 13:52:58,071 [pool-116-thread-1] INFO  server.RaftServerConfigKeys (ConfUtils.java:logGet(44)) - raft.server.snapshot.auto.trigger.threshold = 10000 (custom)
2021-11-15 13:52:58,071 [pool-116-thread-1] INFO  server.RaftServerConfigKeys (ConfUtils.java:logGet(44)) - raft.server.snapshot.retention.file.num = 5 (custom)
2021-11-15 13:52:58,071 [pool-116-thread-1] INFO  server.RaftServerConfigKeys (ConfUtils.java:logGet(44)) - raft.server.log.purge.upto.snapshot.index = false (default)
2021-11-15 13:52:58,071 [pool-116-thread-1] INFO  server.RaftServerConfigKeys (ConfUtils.java:logGet(44)) - raft.server.retrycache.expirytime = 600000ms (custom)
2021-11-15 13:52:58,071 [pool-116-thread-1] INFO  server.RaftServerConfigKeys (ConfUtils.java:logGet(44)) - raft.server.retrycache.statistics.expirytime = 100μs (default)
2021-11-15 13:52:58,072 [pool-116-thread-1] INFO  server.RaftServer$Division (RaftServerImpl.java:start(301)) - d72f5f37-b5e8-4067-85db-ff819ddbae3b@group-B7D8B93556B0: start as a follower, conf=-1: [d72f5f37-b5e8-4067-85db-ff819ddbae3b|rpc:10.1.0.55:33335|priority:1], old=null
2021-11-15 13:52:58,072 [pool-116-thread-1] INFO  server.RaftServer$Division (RaftServerImpl.java:setRole(290)) - d72f5f37-b5e8-4067-85db-ff819ddbae3b@group-B7D8B93556B0: changes role from      null to FOLLOWER at term 0 for startAsFollower
2021-11-15 13:52:58,072 [pool-116-thread-1] INFO  impl.RoleInfo (RoleInfo.java:updateAndGet(130)) - d72f5f37-b5e8-4067-85db-ff819ddbae3b: start d72f5f37-b5e8-4067-85db-ff819ddbae3b@group-B7D8B93556B0-FollowerState
2021-11-15 13:52:58,072 [pool-116-thread-1] INFO  util.JmxRegister (JmxRegister.java:tryRegister(44)) - Successfully registered JMX Bean with object name Ratis:service=RaftServer,group=group-B7D8B93556B0,id=d72f5f37-b5e8-4067-85db-ff819ddbae3b
2021-11-15 13:52:58,073 [Command processor thread] INFO  ratis.XceiverServerRatis (XceiverServerRatis.java:addGroup(768)) - Created group PipelineID=7b205b38-04be-413b-9a1c-b7d8b93556b0
2021-11-15 13:52:58,073 [Command processor thread] INFO  commandhandler.CreatePipelineCommandHandler (CreatePipelineCommandHandler.java:handle(106)) - Created Pipeline RATIS ONE PipelineID=7b205b38-04be-413b-9a1c-b7d8b93556b0.
2021-11-15 13:52:58,303 [Command processor thread] INFO  server.RaftServer (RaftServerProxy.java:addNew(95)) - 3245fae2-09b7-464d-a8b8-eac19708f915: addNew group-5A0898957C6A:[3245fae2-09b7-464d-a8b8-eac19708f915|rpc:10.1.0.55:39877|priority:1] returns group-5A0898957C6A:java.util.concurrent.CompletableFuture@54f926bd[Not completed]
2021-11-15 13:52:58,304 [pool-135-thread-1] INFO  server.RaftServer$Division (RaftServerImpl.java:<init>(184)) - 3245fae2-09b7-464d-a8b8-eac19708f915: new RaftServerImpl for group-5A0898957C6A:[3245fae2-09b7-464d-a8b8-eac19708f915|rpc:10.1.0.55:39877|priority:1] with ContainerStateMachine:uninitialized
2021-11-15 13:52:58,304 [pool-135-thread-1] INFO  server.RaftServerConfigKeys (ConfUtils.java:logGet(44)) - raft.server.rpc.timeout.min = 5s (custom)
2021-11-15 13:52:58,304 [pool-135-thread-1] INFO  server.RaftServerConfigKeys (ConfUtils.java:logGet(44)) - raft.server.rpc.timeout.max = 5200ms (custom)
2021-11-15 13:52:58,304 [pool-135-thread-1] INFO  server.RaftServerConfigKeys (ConfUtils.java:logGet(44)) - raft.server.rpc.sleep.time = 25ms (default)
2021-11-15 13:52:58,304 [pool-135-thread-1] INFO  server.RaftServerConfigKeys (ConfUtils.java:logGet(44)) - raft.server.rpc.slowness.timeout = 300s (custom)
2021-11-15 13:52:58,304 [pool-135-thread-1] INFO  server.RaftServerConfigKeys (ConfUtils.java:logGet(44)) - raft.server.leaderelection.leader.step-down.wait-time = 10s (default)
2021-11-15 13:52:58,304 [pool-135-thread-1] INFO  server.RaftServerConfigKeys (ConfUtils.java:logGet(44)) - raft.server.sleep.deviation.threshold = 300ms (default)
2021-11-15 13:52:58,304 [pool-135-thread-1] INFO  server.RaftServerConfigKeys (ConfUtils.java:logGet(44)) - raft.server.log.appender.install.snapshot.enabled = false (custom)
2021-11-15 13:52:58,305 [pool-135-thread-1] INFO  server.RaftServer$Division (ServerState.java:<init>(105)) - 3245fae2-09b7-464d-a8b8-eac19708f915@group-5A0898957C6A: ConfigurationManager, init=-1: [3245fae2-09b7-464d-a8b8-eac19708f915|rpc:10.1.0.55:39877|priority:1], old=null, confs=<EMPTY_MAP>
2021-11-15 13:52:58,305 [pool-135-thread-1] INFO  server.RaftServerConfigKeys (ConfUtils.java:logGet(44)) - raft.server.storage.dir = [/home/runner/work/ozone/ozone/hadoop-ozone/integration-test/target/test-dir/MiniOzoneClusterImpl-e73edc9f-ff19-4fd0-8331-074ccb3cb693/datanode-2/data/ratis] (custom)
2021-11-15 13:52:58,305 [pool-135-thread-1] INFO  server.RaftServerConfigKeys (ConfUtils.java:logGet(44)) - raft.server.log.corruption.policy = EXCEPTION (default)
2021-11-15 13:52:58,305 [pool-135-thread-1] INFO  server.RaftServerConfigKeys (ConfUtils.java:logGet(44)) - raft.server.storage.free-space.min = 0MB (=0) (default)
2021-11-15 13:52:58,305 [pool-135-thread-1] INFO  storage.RaftStorageDirectory (RaftStorageDirectoryImpl.java:analyzeStorage(135)) - The storage directory /home/runner/work/ozone/ozone/hadoop-ozone/integration-test/target/test-dir/MiniOzoneClusterImpl-e73edc9f-ff19-4fd0-8331-074ccb3cb693/datanode-2/data/ratis/405035c2-9cf5-45c6-9bb3-5a0898957c6a does not exist. Creating ...
2021-11-15 13:52:58,305 [Listener at 127.0.0.1/11752] INFO  ozone.MiniOzoneClusterImpl (MiniOzoneClusterImpl.java:lambda$waitForClusterToBeReady$0(235)) - Nodes are ready. Got 3 of 3 DN Heartbeats.
2021-11-15 13:52:58,305 [Listener at 127.0.0.1/11752] INFO  ozone.MiniOzoneClusterImpl (MiniOzoneClusterImpl.java:lambda$waitForClusterToBeReady$0(238)) - Waiting for cluster to exit safe mode
2021-11-15 13:52:58,305 [Listener at 127.0.0.1/11752] INFO  ozone.MiniOzoneClusterImpl (MiniOzoneClusterImpl.java:lambda$waitForClusterToBeReady$0(240)) - SCM became leader
2021-11-15 13:52:58,306 [pool-135-thread-1] INFO  storage.RaftStorageDirectory (RaftStorageDirectoryImpl.java:tryLock(230)) - Lock on /home/runner/work/ozone/ozone/hadoop-ozone/integration-test/target/test-dir/MiniOzoneClusterImpl-e73edc9f-ff19-4fd0-8331-074ccb3cb693/datanode-2/data/ratis/405035c2-9cf5-45c6-9bb3-5a0898957c6a/in_use.lock acquired by nodename 22325@fv-az151-339
2021-11-15 13:52:58,307 [pool-135-thread-1] INFO  storage.RaftStorage (RaftStorageImpl.java:format(89)) - Storage directory /home/runner/work/ozone/ozone/hadoop-ozone/integration-test/target/test-dir/MiniOzoneClusterImpl-e73edc9f-ff19-4fd0-8331-074ccb3cb693/datanode-2/data/ratis/405035c2-9cf5-45c6-9bb3-5a0898957c6a has been successfully formatted.
2021-11-15 13:52:58,308 [pool-135-thread-1] INFO  ratis.ContainerStateMachine (ContainerStateMachine.java:loadSnapshot(224)) - group-5A0898957C6A: The snapshot info is null. Setting the last applied indexto:(t:0, i:~)
2021-11-15 13:52:58,308 [pool-135-thread-1] INFO  server.RaftServerConfigKeys (ConfUtils.java:logGet(44)) - raft.server.notification.no-leader.timeout = 300s (custom)
2021-11-15 13:52:58,308 [pool-135-thread-1] INFO  server.RaftServerConfigKeys (ConfUtils.java:logGet(44)) - raft.server.log.use.memory = false (default)
2021-11-15 13:52:58,308 [pool-135-thread-1] INFO  server.RaftServerConfigKeys (ConfUtils.java:logGet(44)) - raft.server.log.purge.gap = 1000000 (custom)
2021-11-15 13:52:58,308 [pool-135-thread-1] INFO  server.RaftServerConfigKeys (ConfUtils.java:logGet(44)) - raft.server.log.appender.buffer.byte-limit = 33554432 (custom)
2021-11-15 13:52:58,310 [pool-135-thread-1] INFO  server.RaftServerConfigKeys (ConfUtils.java:logGet(44)) - raft.server.log.segment.size.max = 1048576 (custom)
2021-11-15 13:52:58,310 [pool-135-thread-1] INFO  server.RaftServerConfigKeys (ConfUtils.java:logGet(44)) - raft.server.log.segment.cache.num.max = 2 (custom)
2021-11-15 13:52:58,310 [EventQueue-PipelineReportForPipelineReportHandler] INFO  pipeline.PipelineManagerImpl (PipelineManagerImpl.java:openPipeline(289)) - Pipeline Pipeline[ Id: 405035c2-9cf5-45c6-9bb3-5a0898957c6a, Nodes: 3245fae2-09b7-464d-a8b8-eac19708f915{ip: 10.1.0.55, host: fv-az151-339.yf2hydr00wburbhx3j5hxtcipe.bx.internal.cloudapp.net, ports: [REPLICATION=40387, RATIS=39877, RATIS_ADMIN=39877, RATIS_SERVER=39877, STANDALONE=39175], networkLocation: /default-rack, certSerialId: null, persistedOpState: IN_SERVICE, persistedOpStateExpiryEpochSec: 0}, ReplicationConfig: RATIS/ONE, State:ALLOCATED, leaderId:3245fae2-09b7-464d-a8b8-eac19708f915, CreationTimestamp2021-11-15T13:52:55.306Z[Etc/UTC]] moved to OPEN state
2021-11-15 13:52:58,311 [EventQueue-OpenPipelineForHealthyPipelineSafeModeRule] INFO  safemode.SCMSafeModeManager (HealthyPipelineSafeModeRule.java:process(124)) - SCM in safe mode. Healthy pipelines reported count is 0, required healthy pipeline reported count is 1
2021-11-15 13:52:58,312 [pool-135-thread-1] INFO  server.RaftServerConfigKeys (ConfUtils.java:logGet(44)) - raft.server.log.segment.cache.size.max = 200MB (=209715200) (default)
2021-11-15 13:52:58,313 [pool-135-thread-1] INFO  segmented.SegmentedRaftLogWorker (SegmentedRaftLogWorker.java:<init>(182)) - new 3245fae2-09b7-464d-a8b8-eac19708f915@group-5A0898957C6A-SegmentedRaftLogWorker for RaftStorageImpl:Storage Directory /home/runner/work/ozone/ozone/hadoop-ozone/integration-test/target/test-dir/MiniOzoneClusterImpl-e73edc9f-ff19-4fd0-8331-074ccb3cb693/datanode-2/data/ratis/405035c2-9cf5-45c6-9bb3-5a0898957c6a
2021-11-15 13:52:58,313 [pool-135-thread-1] INFO  server.RaftServerConfigKeys (ConfUtils.java:logGet(44)) - raft.server.log.queue.byte-limit = 2147483647 (custom)
2021-11-15 13:52:58,313 [pool-135-thread-1] INFO  server.RaftServerConfigKeys (ConfUtils.java:logGet(44)) - raft.server.log.queue.element-limit = 1024 (custom)
2021-11-15 13:52:58,313 [pool-135-thread-1] INFO  server.RaftServerConfigKeys (ConfUtils.java:logGet(44)) - raft.server.log.segment.size.max = 1048576 (custom)
2021-11-15 13:52:58,313 [pool-135-thread-1] INFO  server.RaftServerConfigKeys (ConfUtils.java:logGet(44)) - raft.server.log.preallocated.size = 16384 (custom)
2021-11-15 13:52:58,313 [pool-135-thread-1] INFO  server.RaftServerConfigKeys (ConfUtils.java:logGet(44)) - raft.server.log.force.sync.num = 128 (default)
2021-11-15 13:52:58,319 [pool-135-thread-1] INFO  server.RaftServerConfigKeys (ConfUtils.java:logGet(44)) - raft.server.log.statemachine.data.sync = true (default)
2021-11-15 13:52:58,319 [pool-135-thread-1] INFO  server.RaftServerConfigKeys (ConfUtils.java:logGet(44)) - raft.server.log.statemachine.data.sync.timeout = 10s (default)
2021-11-15 13:52:58,319 [pool-135-thread-1] INFO  server.RaftServerConfigKeys (ConfUtils.java:logGet(44)) - raft.server.log.statemachine.data.sync.timeout.retry = -1 (default)
2021-11-15 13:52:58,320 [pool-135-thread-1] INFO  server.RaftServerConfigKeys (ConfUtils.java:logGet(44)) - raft.server.log.write.buffer.size = 1048576 (custom)
2021-11-15 13:52:58,321 [pool-135-thread-1] INFO  server.RaftServerConfigKeys (ConfUtils.java:logGet(44)) - raft.server.log.statemachine.data.caching.enabled = true (custom)
2021-11-15 13:52:58,321 [pool-135-thread-1] INFO  segmented.SegmentedRaftLogWorker (SegmentedRaftLogWorker.java:lambda$new$0(133)) - 3245fae2-09b7-464d-a8b8-eac19708f915@group-5A0898957C6A-SegmentedRaftLogWorker: flushIndex: setUnconditionally 0 -> -1
2021-11-15 13:52:58,321 [pool-135-thread-1] INFO  segmented.SegmentedRaftLogWorker (SegmentedRaftLogWorker.java:lambda$new$0(133)) - 3245fae2-09b7-464d-a8b8-eac19708f915@group-5A0898957C6A-SegmentedRaftLogWorker: safeCacheEvictIndex: setUnconditionally 0 -> -1
2021-11-15 13:52:58,322 [pool-135-thread-1] INFO  server.RaftServerConfigKeys (ConfUtils.java:logGet(44)) - raft.server.snapshot.auto.trigger.enabled = true (custom)
2021-11-15 13:52:58,322 [pool-135-thread-1] INFO  server.RaftServerConfigKeys (ConfUtils.java:logGet(44)) - raft.server.snapshot.auto.trigger.threshold = 10000 (custom)
2021-11-15 13:52:58,322 [pool-135-thread-1] INFO  server.RaftServerConfigKeys (ConfUtils.java:logGet(44)) - raft.server.snapshot.retention.file.num = 5 (custom)
2021-11-15 13:52:58,322 [pool-135-thread-1] INFO  server.RaftServerConfigKeys (ConfUtils.java:logGet(44)) - raft.server.log.purge.upto.snapshot.index = false (default)
2021-11-15 13:52:58,322 [pool-135-thread-1] INFO  server.RaftServerConfigKeys (ConfUtils.java:logGet(44)) - raft.server.retrycache.expirytime = 600000ms (custom)
2021-11-15 13:52:58,322 [pool-135-thread-1] INFO  server.RaftServerConfigKeys (ConfUtils.java:logGet(44)) - raft.server.retrycache.statistics.expirytime = 100μs (default)
2021-11-15 13:52:58,323 [pool-135-thread-1] INFO  server.RaftServer$Division (RaftServerImpl.java:start(301)) - 3245fae2-09b7-464d-a8b8-eac19708f915@group-5A0898957C6A: start as a follower, conf=-1: [3245fae2-09b7-464d-a8b8-eac19708f915|rpc:10.1.0.55:39877|priority:1], old=null
2021-11-15 13:52:58,323 [pool-135-thread-1] INFO  server.RaftServer$Division (RaftServerImpl.java:setRole(290)) - 3245fae2-09b7-464d-a8b8-eac19708f915@group-5A0898957C6A: changes role from      null to FOLLOWER at term 0 for startAsFollower
2021-11-15 13:52:58,323 [pool-135-thread-1] INFO  impl.RoleInfo (RoleInfo.java:updateAndGet(130)) - 3245fae2-09b7-464d-a8b8-eac19708f915: start 3245fae2-09b7-464d-a8b8-eac19708f915@group-5A0898957C6A-FollowerState
2021-11-15 13:52:58,323 [pool-135-thread-1] INFO  util.JmxRegister (JmxRegister.java:tryRegister(44)) - Successfully registered JMX Bean with object name Ratis:service=RaftServer,group=group-5A0898957C6A,id=3245fae2-09b7-464d-a8b8-eac19708f915
2021-11-15 13:52:58,323 [Command processor thread] INFO  ratis.XceiverServerRatis (XceiverServerRatis.java:addGroup(768)) - Created group PipelineID=405035c2-9cf5-45c6-9bb3-5a0898957c6a
2021-11-15 13:52:58,323 [Command processor thread] INFO  commandhandler.CreatePipelineCommandHandler (CreatePipelineCommandHandler.java:handle(106)) - Created Pipeline RATIS ONE PipelineID=405035c2-9cf5-45c6-9bb3-5a0898957c6a.
2021-11-15 13:52:59,306 [Listener at 127.0.0.1/11752] INFO  ozone.MiniOzoneClusterImpl (MiniOzoneClusterImpl.java:lambda$waitForClusterToBeReady$0(235)) - Nodes are ready. Got 3 of 3 DN Heartbeats.
2021-11-15 13:52:59,306 [Listener at 127.0.0.1/11752] INFO  ozone.MiniOzoneClusterImpl (MiniOzoneClusterImpl.java:lambda$waitForClusterToBeReady$0(238)) - Waiting for cluster to exit safe mode
2021-11-15 13:52:59,306 [Listener at 127.0.0.1/11752] INFO  ozone.MiniOzoneClusterImpl (MiniOzoneClusterImpl.java:lambda$waitForClusterToBeReady$0(240)) - SCM became leader
2021-11-15 13:53:00,306 [Listener at 127.0.0.1/11752] INFO  ozone.MiniOzoneClusterImpl (MiniOzoneClusterImpl.java:lambda$waitForClusterToBeReady$0(235)) - Nodes are ready. Got 3 of 3 DN Heartbeats.
2021-11-15 13:53:00,307 [Listener at 127.0.0.1/11752] INFO  ozone.MiniOzoneClusterImpl (MiniOzoneClusterImpl.java:lambda$waitForClusterToBeReady$0(238)) - Waiting for cluster to exit safe mode
2021-11-15 13:53:00,307 [Listener at 127.0.0.1/11752] INFO  ozone.MiniOzoneClusterImpl (MiniOzoneClusterImpl.java:lambda$waitForClusterToBeReady$0(240)) - SCM became leader
2021-11-15 13:53:01,307 [Listener at 127.0.0.1/11752] INFO  ozone.MiniOzoneClusterImpl (MiniOzoneClusterImpl.java:lambda$waitForClusterToBeReady$0(235)) - Nodes are ready. Got 3 of 3 DN Heartbeats.
2021-11-15 13:53:01,308 [Listener at 127.0.0.1/11752] INFO  ozone.MiniOzoneClusterImpl (MiniOzoneClusterImpl.java:lambda$waitForClusterToBeReady$0(238)) - Waiting for cluster to exit safe mode
2021-11-15 13:53:01,308 [Listener at 127.0.0.1/11752] INFO  ozone.MiniOzoneClusterImpl (MiniOzoneClusterImpl.java:lambda$waitForClusterToBeReady$0(240)) - SCM became leader
2021-11-15 13:53:02,309 [Listener at 127.0.0.1/11752] INFO  ozone.MiniOzoneClusterImpl (MiniOzoneClusterImpl.java:lambda$waitForClusterToBeReady$0(235)) - Nodes are ready. Got 3 of 3 DN Heartbeats.
2021-11-15 13:53:02,309 [Listener at 127.0.0.1/11752] INFO  ozone.MiniOzoneClusterImpl (MiniOzoneClusterImpl.java:lambda$waitForClusterToBeReady$0(238)) - Waiting for cluster to exit safe mode
2021-11-15 13:53:02,309 [Listener at 127.0.0.1/11752] INFO  ozone.MiniOzoneClusterImpl (MiniOzoneClusterImpl.java:lambda$waitForClusterToBeReady$0(240)) - SCM became leader
2021-11-15 13:53:02,685 [a9f41200-e526-4d63-ba17-4c3b2778a2b6@group-120D55FC1A01-FollowerState] INFO  impl.FollowerState (FollowerState.java:run(134)) - a9f41200-e526-4d63-ba17-4c3b2778a2b6@group-120D55FC1A01-FollowerState: change to CANDIDATE, lastRpcElapsedTime:5012267931ns, electionTimeout:5011ms
2021-11-15 13:53:02,686 [a9f41200-e526-4d63-ba17-4c3b2778a2b6@group-120D55FC1A01-FollowerState] INFO  impl.RoleInfo (RoleInfo.java:shutdownFollowerState(108)) - a9f41200-e526-4d63-ba17-4c3b2778a2b6: shutdown a9f41200-e526-4d63-ba17-4c3b2778a2b6@group-120D55FC1A01-FollowerState
2021-11-15 13:53:02,686 [a9f41200-e526-4d63-ba17-4c3b2778a2b6@group-120D55FC1A01-FollowerState] INFO  server.RaftServer$Division (RaftServerImpl.java:setRole(290)) - a9f41200-e526-4d63-ba17-4c3b2778a2b6@group-120D55FC1A01: changes role from  FOLLOWER to CANDIDATE at term 0 for changeToCandidate
2021-11-15 13:53:02,686 [a9f41200-e526-4d63-ba17-4c3b2778a2b6@group-120D55FC1A01-FollowerState] INFO  server.RaftServerConfigKeys (ConfUtils.java:logGet(44)) - raft.server.leaderelection.pre-vote = false (custom)
2021-11-15 13:53:02,686 [a9f41200-e526-4d63-ba17-4c3b2778a2b6@group-120D55FC1A01-FollowerState] INFO  impl.RoleInfo (RoleInfo.java:updateAndGet(130)) - a9f41200-e526-4d63-ba17-4c3b2778a2b6: start a9f41200-e526-4d63-ba17-4c3b2778a2b6@group-120D55FC1A01-LeaderElection5
2021-11-15 13:53:02,690 [a9f41200-e526-4d63-ba17-4c3b2778a2b6@group-120D55FC1A01-LeaderElection5] INFO  impl.LeaderElection (LeaderElection.java:askForVotes(306)) - a9f41200-e526-4d63-ba17-4c3b2778a2b6@group-120D55FC1A01-LeaderElection5 ELECTION round 0: submit vote requests at term 1 for -1: [a9f41200-e526-4d63-ba17-4c3b2778a2b6|rpc:10.1.0.55:38801|priority:1], old=null
2021-11-15 13:53:02,690 [a9f41200-e526-4d63-ba17-4c3b2778a2b6@group-120D55FC1A01-LeaderElection5] INFO  impl.LeaderElection (LeaderElection.java:askForVotes(308)) - a9f41200-e526-4d63-ba17-4c3b2778a2b6@group-120D55FC1A01-LeaderElection5 ELECTION round 0: result PASSED (term=1)
2021-11-15 13:53:02,690 [a9f41200-e526-4d63-ba17-4c3b2778a2b6@group-120D55FC1A01-LeaderElection5] INFO  impl.RoleInfo (RoleInfo.java:shutdownLeaderElection(121)) - a9f41200-e526-4d63-ba17-4c3b2778a2b6: shutdown a9f41200-e526-4d63-ba17-4c3b2778a2b6@group-120D55FC1A01-LeaderElection5
2021-11-15 13:53:02,690 [a9f41200-e526-4d63-ba17-4c3b2778a2b6@group-120D55FC1A01-LeaderElection5] INFO  server.RaftServer$Division (RaftServerImpl.java:setRole(290)) - a9f41200-e526-4d63-ba17-4c3b2778a2b6@group-120D55FC1A01: changes role from CANDIDATE to LEADER at term 1 for changeToLeader
2021-11-15 13:53:02,690 [a9f41200-e526-4d63-ba17-4c3b2778a2b6@group-120D55FC1A01-LeaderElection5] INFO  ratis.XceiverServerRatis (XceiverServerRatis.java:handleLeaderChangedNotification(866)) - Leader change notification received for group: group-120D55FC1A01 with new leaderId: a9f41200-e526-4d63-ba17-4c3b2778a2b6
2021-11-15 13:53:02,690 [a9f41200-e526-4d63-ba17-4c3b2778a2b6@group-120D55FC1A01-LeaderElection5] INFO  server.RaftServer$Division (ServerState.java:setLeader(285)) - a9f41200-e526-4d63-ba17-4c3b2778a2b6@group-120D55FC1A01: change Leader from null to a9f41200-e526-4d63-ba17-4c3b2778a2b6 at term 1 for becomeLeader, leader elected after 5038ms
2021-11-15 13:53:02,690 [a9f41200-e526-4d63-ba17-4c3b2778a2b6@group-120D55FC1A01-LeaderElection5] INFO  server.RaftServerConfigKeys (ConfUtils.java:logGet(44)) - raft.server.staging.catchup.gap = 1000 (default)
2021-11-15 13:53:02,691 [a9f41200-e526-4d63-ba17-4c3b2778a2b6@group-120D55FC1A01-LeaderElection5] INFO  server.RaftServerConfigKeys (ConfUtils.java:logGet(44)) - raft.server.write.element-limit = 1024 (custom)
2021-11-15 13:53:02,691 [a9f41200-e526-4d63-ba17-4c3b2778a2b6@group-120D55FC1A01-LeaderElection5] INFO  server.RaftServerConfigKeys (ConfUtils.java:logGet(44)) - raft.server.write.byte-limit = 1024 M (=1073741824) (custom)
2021-11-15 13:53:02,692 [a9f41200-e526-4d63-ba17-4c3b2778a2b6@group-120D55FC1A01-LeaderElection5] INFO  server.RaftServerConfigKeys (ConfUtils.java:logGet(44)) - raft.server.watch.timeout = 180s (custom)
2021-11-15 13:53:02,694 [a9f41200-e526-4d63-ba17-4c3b2778a2b6@group-120D55FC1A01-LeaderElection5] INFO  server.RaftServerConfigKeys (ConfUtils.java:logGet(44)) - raft.server.watch.timeout.denomination = 1s (default)
2021-11-15 13:53:02,694 [EventQueue-OpenPipelineForHealthyPipelineSafeModeRule] INFO  safemode.SCMSafeModeManager (HealthyPipelineSafeModeRule.java:process(124)) - SCM in safe mode. Healthy pipelines reported count is 0, required healthy pipeline reported count is 1
2021-11-15 13:53:02,698 [a9f41200-e526-4d63-ba17-4c3b2778a2b6@group-120D55FC1A01-LeaderElection5] INFO  server.RaftServerConfigKeys (ConfUtils.java:logGet(44)) - raft.server.watch.element-limit = 65536 (default)
2021-11-15 13:53:02,698 [a9f41200-e526-4d63-ba17-4c3b2778a2b6@group-120D55FC1A01-LeaderElection5] INFO  server.RaftServerConfigKeys (ConfUtils.java:logGet(44)) - raft.server.write.element-limit = 1024 (custom)
2021-11-15 13:53:02,698 [a9f41200-e526-4d63-ba17-4c3b2778a2b6@group-120D55FC1A01-LeaderElection5] INFO  server.RaftServerConfigKeys (ConfUtils.java:logGet(44)) - raft.server.write.follower.gap.ratio.max = -1.0 (default)
2021-11-15 13:53:02,698 [a9f41200-e526-4d63-ba17-4c3b2778a2b6@group-120D55FC1A01-LeaderElection5] INFO  impl.RoleInfo (RoleInfo.java:updateAndGet(130)) - a9f41200-e526-4d63-ba17-4c3b2778a2b6: start a9f41200-e526-4d63-ba17-4c3b2778a2b6@group-120D55FC1A01-LeaderStateImpl
2021-11-15 13:53:02,699 [a9f41200-e526-4d63-ba17-4c3b2778a2b6@group-120D55FC1A01-LeaderElection5] INFO  segmented.SegmentedRaftLogWorker (SegmentedRaftLogWorker.java:startLogSegment(394)) - a9f41200-e526-4d63-ba17-4c3b2778a2b6@group-120D55FC1A01-SegmentedRaftLogWorker: Starting segment from index:0
2021-11-15 13:53:02,700 [a9f41200-e526-4d63-ba17-4c3b2778a2b6@group-120D55FC1A01-SegmentedRaftLogWorker] INFO  segmented.SegmentedRaftLogWorker (SegmentedRaftLogWorker.java:execute(601)) - a9f41200-e526-4d63-ba17-4c3b2778a2b6@group-120D55FC1A01-SegmentedRaftLogWorker: created new log segment /home/runner/work/ozone/ozone/hadoop-ozone/integration-test/target/test-dir/MiniOzoneClusterImpl-e73edc9f-ff19-4fd0-8331-074ccb3cb693/datanode-0/data/ratis/6916ffa6-ec73-4920-b09d-120d55fc1a01/current/log_inprogress_0
2021-11-15 13:53:02,701 [a9f41200-e526-4d63-ba17-4c3b2778a2b6@group-120D55FC1A01-LeaderElection5] INFO  server.RaftServer$Division (ServerState.java:setRaftConf(387)) - a9f41200-e526-4d63-ba17-4c3b2778a2b6@group-120D55FC1A01: set configuration 0: [a9f41200-e526-4d63-ba17-4c3b2778a2b6|rpc:10.1.0.55:38801|dataStream:|priority:1], old=null
2021-11-15 13:53:02,786 [a9f41200-e526-4d63-ba17-4c3b2778a2b6@group-EFD9D27DEB0C-FollowerState] INFO  impl.FollowerState (FollowerState.java:run(134)) - a9f41200-e526-4d63-ba17-4c3b2778a2b6@group-EFD9D27DEB0C-FollowerState: change to CANDIDATE, lastRpcElapsedTime:5094789558ns, electionTimeout:5091ms
2021-11-15 13:53:02,786 [a9f41200-e526-4d63-ba17-4c3b2778a2b6@group-EFD9D27DEB0C-FollowerState] INFO  impl.RoleInfo (RoleInfo.java:shutdownFollowerState(108)) - a9f41200-e526-4d63-ba17-4c3b2778a2b6: shutdown a9f41200-e526-4d63-ba17-4c3b2778a2b6@group-EFD9D27DEB0C-FollowerState
2021-11-15 13:53:02,786 [a9f41200-e526-4d63-ba17-4c3b2778a2b6@group-EFD9D27DEB0C-FollowerState] INFO  server.RaftServer$Division (RaftServerImpl.java:setRole(290)) - a9f41200-e526-4d63-ba17-4c3b2778a2b6@group-EFD9D27DEB0C: changes role from  FOLLOWER to CANDIDATE at term 0 for changeToCandidate
2021-11-15 13:53:02,786 [a9f41200-e526-4d63-ba17-4c3b2778a2b6@group-EFD9D27DEB0C-FollowerState] INFO  server.RaftServerConfigKeys (ConfUtils.java:logGet(44)) - raft.server.leaderelection.pre-vote = false (custom)
2021-11-15 13:53:02,786 [a9f41200-e526-4d63-ba17-4c3b2778a2b6@group-EFD9D27DEB0C-FollowerState] INFO  impl.RoleInfo (RoleInfo.java:updateAndGet(130)) - a9f41200-e526-4d63-ba17-4c3b2778a2b6: start a9f41200-e526-4d63-ba17-4c3b2778a2b6@group-EFD9D27DEB0C-LeaderElection6
2021-11-15 13:53:02,788 [a9f41200-e526-4d63-ba17-4c3b2778a2b6@group-EFD9D27DEB0C-LeaderElection6] INFO  impl.LeaderElection (LeaderElection.java:askForVotes(306)) - a9f41200-e526-4d63-ba17-4c3b2778a2b6@group-EFD9D27DEB0C-LeaderElection6 ELECTION round 0: submit vote requests at term 1 for -1: [d72f5f37-b5e8-4067-85db-ff819ddbae3b|rpc:10.1.0.55:33335|priority:0, a9f41200-e526-4d63-ba17-4c3b2778a2b6|rpc:10.1.0.55:38801|priority:1, 3245fae2-09b7-464d-a8b8-eac19708f915|rpc:10.1.0.55:39877|priority:0], old=null
2021-11-15 13:53:02,802 [grpc-default-executor-0] INFO  server.RaftServer$Division (RaftServerImpl.java:requestVote(1046)) - d72f5f37-b5e8-4067-85db-ff819ddbae3b@group-EFD9D27DEB0C: receive requestVote(ELECTION, a9f41200-e526-4d63-ba17-4c3b2778a2b6, group-EFD9D27DEB0C, 1, (t:0, i:0))
2021-11-15 13:53:02,802 [grpc-default-executor-1] INFO  server.RaftServer$Division (RaftServerImpl.java:requestVote(1046)) - 3245fae2-09b7-464d-a8b8-eac19708f915@group-EFD9D27DEB0C: receive requestVote(ELECTION, a9f41200-e526-4d63-ba17-4c3b2778a2b6, group-EFD9D27DEB0C, 1, (t:0, i:0))
2021-11-15 13:53:02,802 [grpc-default-executor-0] INFO  impl.VoteContext (VoteContext.java:log(48)) - d72f5f37-b5e8-4067-85db-ff819ddbae3b@group-EFD9D27DEB0C-FOLLOWER: accept ELECTION from a9f41200-e526-4d63-ba17-4c3b2778a2b6: our priority 0 <= candidate's priority 1
2021-11-15 13:53:02,802 [grpc-default-executor-1] INFO  impl.VoteContext (VoteContext.java:log(48)) - 3245fae2-09b7-464d-a8b8-eac19708f915@group-EFD9D27DEB0C-FOLLOWER: accept ELECTION from a9f41200-e526-4d63-ba17-4c3b2778a2b6: our priority 0 <= candidate's priority 1
2021-11-15 13:53:02,802 [grpc-default-executor-0] INFO  server.RaftServer$Division (RaftServerImpl.java:setRole(290)) - d72f5f37-b5e8-4067-85db-ff819ddbae3b@group-EFD9D27DEB0C: changes role from  FOLLOWER to FOLLOWER at term 1 for candidate:a9f41200-e526-4d63-ba17-4c3b2778a2b6
2021-11-15 13:53:02,803 [grpc-default-executor-0] INFO  impl.RoleInfo (RoleInfo.java:shutdownFollowerState(108)) - d72f5f37-b5e8-4067-85db-ff819ddbae3b: shutdown d72f5f37-b5e8-4067-85db-ff819ddbae3b@group-EFD9D27DEB0C-FollowerState
2021-11-15 13:53:02,803 [grpc-default-executor-0] INFO  impl.RoleInfo (RoleInfo.java:updateAndGet(130)) - d72f5f37-b5e8-4067-85db-ff819ddbae3b: start d72f5f37-b5e8-4067-85db-ff819ddbae3b@group-EFD9D27DEB0C-FollowerState
2021-11-15 13:53:02,802 [grpc-default-executor-1] INFO  server.RaftServer$Division (RaftServerImpl.java:setRole(290)) - 3245fae2-09b7-464d-a8b8-eac19708f915@group-EFD9D27DEB0C: changes role from  FOLLOWER to FOLLOWER at term 1 for candidate:a9f41200-e526-4d63-ba17-4c3b2778a2b6
2021-11-15 13:53:02,803 [d72f5f37-b5e8-4067-85db-ff819ddbae3b@group-EFD9D27DEB0C-FollowerState] INFO  impl.FollowerState (FollowerState.java:run(143)) - d72f5f37-b5e8-4067-85db-ff819ddbae3b@group-EFD9D27DEB0C-FollowerState was interrupted: {}
java.lang.InterruptedException: sleep interrupted
	at java.lang.Thread.sleep(Native Method)
	at java.lang.Thread.sleep(Thread.java:340)
	at java.util.concurrent.TimeUnit.sleep(TimeUnit.java:386)
	at org.apache.ratis.util.TimeDuration.sleep(TimeDuration.java:324)
	at org.apache.ratis.util.TimeDuration.sleep(TimeDuration.java:309)
	at org.apache.ratis.server.impl.FollowerState.run(FollowerState.java:118)
2021-11-15 13:53:02,803 [grpc-default-executor-1] INFO  impl.RoleInfo (RoleInfo.java:shutdownFollowerState(108)) - 3245fae2-09b7-464d-a8b8-eac19708f915: shutdown 3245fae2-09b7-464d-a8b8-eac19708f915@group-EFD9D27DEB0C-FollowerState
2021-11-15 13:53:02,805 [grpc-default-executor-1] INFO  impl.RoleInfo (RoleInfo.java:updateAndGet(130)) - 3245fae2-09b7-464d-a8b8-eac19708f915: start 3245fae2-09b7-464d-a8b8-eac19708f915@group-EFD9D27DEB0C-FollowerState
2021-11-15 13:53:02,805 [3245fae2-09b7-464d-a8b8-eac19708f915@group-EFD9D27DEB0C-FollowerState] INFO  impl.FollowerState (FollowerState.java:run(143)) - 3245fae2-09b7-464d-a8b8-eac19708f915@group-EFD9D27DEB0C-FollowerState was interrupted: {}
java.lang.InterruptedException: sleep interrupted
	at java.lang.Thread.sleep(Native Method)
	at java.lang.Thread.sleep(Thread.java:340)
	at java.util.concurrent.TimeUnit.sleep(TimeUnit.java:386)
	at org.apache.ratis.util.TimeDuration.sleep(TimeDuration.java:324)
	at org.apache.ratis.util.TimeDuration.sleep(TimeDuration.java:309)
	at org.apache.ratis.server.impl.FollowerState.run(FollowerState.java:118)
2021-11-15 13:53:02,805 [grpc-default-executor-0] INFO  server.RaftServer$Division (RaftServerImpl.java:requestVote(1078)) - d72f5f37-b5e8-4067-85db-ff819ddbae3b@group-EFD9D27DEB0C replies to ELECTION vote request: a9f41200-e526-4d63-ba17-4c3b2778a2b6<-d72f5f37-b5e8-4067-85db-ff819ddbae3b#0:OK-t1. Peer's state: d72f5f37-b5e8-4067-85db-ff819ddbae3b@group-EFD9D27DEB0C:t1, leader=null, voted=a9f41200-e526-4d63-ba17-4c3b2778a2b6, raftlog=d72f5f37-b5e8-4067-85db-ff819ddbae3b@group-EFD9D27DEB0C-SegmentedRaftLog:OPENED:c-1, conf=-1: [d72f5f37-b5e8-4067-85db-ff819ddbae3b|rpc:10.1.0.55:33335|dataStream:|priority:0, a9f41200-e526-4d63-ba17-4c3b2778a2b6|rpc:10.1.0.55:38801|dataStream:|priority:1, 3245fae2-09b7-464d-a8b8-eac19708f915|rpc:10.1.0.55:39877|dataStream:|priority:0], old=null
2021-11-15 13:53:02,807 [grpc-default-executor-1] INFO  server.RaftServer$Division (RaftServerImpl.java:requestVote(1078)) - 3245fae2-09b7-464d-a8b8-eac19708f915@group-EFD9D27DEB0C replies to ELECTION vote request: a9f41200-e526-4d63-ba17-4c3b2778a2b6<-3245fae2-09b7-464d-a8b8-eac19708f915#0:OK-t1. Peer's state: 3245fae2-09b7-464d-a8b8-eac19708f915@group-EFD9D27DEB0C:t1, leader=null, voted=a9f41200-e526-4d63-ba17-4c3b2778a2b6, raftlog=3245fae2-09b7-464d-a8b8-eac19708f915@group-EFD9D27DEB0C-SegmentedRaftLog:OPENED:c-1, conf=-1: [d72f5f37-b5e8-4067-85db-ff819ddbae3b|rpc:10.1.0.55:33335|dataStream:|priority:0, a9f41200-e526-4d63-ba17-4c3b2778a2b6|rpc:10.1.0.55:38801|dataStream:|priority:1, 3245fae2-09b7-464d-a8b8-eac19708f915|rpc:10.1.0.55:39877|dataStream:|priority:0], old=null
2021-11-15 13:53:02,809 [a9f41200-e526-4d63-ba17-4c3b2778a2b6@group-EFD9D27DEB0C-LeaderElection6] INFO  impl.LeaderElection (LeaderElection.java:logAndReturn(89)) - a9f41200-e526-4d63-ba17-4c3b2778a2b6@group-EFD9D27DEB0C-LeaderElection6: ELECTION PASSED received 1 response(s) and 0 exception(s):
2021-11-15 13:53:02,810 [a9f41200-e526-4d63-ba17-4c3b2778a2b6@group-EFD9D27DEB0C-LeaderElection6] INFO  impl.LeaderElection (LeaderElection.java:logAndReturn(93)) -   Response 0: a9f41200-e526-4d63-ba17-4c3b2778a2b6<-3245fae2-09b7-464d-a8b8-eac19708f915#0:OK-t1
2021-11-15 13:53:02,810 [a9f41200-e526-4d63-ba17-4c3b2778a2b6@group-EFD9D27DEB0C-LeaderElection6] INFO  impl.LeaderElection (LeaderElection.java:askForVotes(308)) - a9f41200-e526-4d63-ba17-4c3b2778a2b6@group-EFD9D27DEB0C-LeaderElection6 ELECTION round 0: result PASSED
2021-11-15 13:53:02,810 [a9f41200-e526-4d63-ba17-4c3b2778a2b6@group-EFD9D27DEB0C-LeaderElection6] INFO  impl.RoleInfo (RoleInfo.java:shutdownLeaderElection(121)) - a9f41200-e526-4d63-ba17-4c3b2778a2b6: shutdown a9f41200-e526-4d63-ba17-4c3b2778a2b6@group-EFD9D27DEB0C-LeaderElection6
2021-11-15 13:53:02,810 [a9f41200-e526-4d63-ba17-4c3b2778a2b6@group-EFD9D27DEB0C-LeaderElection6] INFO  server.RaftServer$Division (RaftServerImpl.java:setRole(290)) - a9f41200-e526-4d63-ba17-4c3b2778a2b6@group-EFD9D27DEB0C: changes role from CANDIDATE to LEADER at term 1 for changeToLeader
2021-11-15 13:53:02,810 [a9f41200-e526-4d63-ba17-4c3b2778a2b6@group-EFD9D27DEB0C-LeaderElection6] INFO  ratis.XceiverServerRatis (XceiverServerRatis.java:handleLeaderChangedNotification(866)) - Leader change notification received for group: group-EFD9D27DEB0C with new leaderId: a9f41200-e526-4d63-ba17-4c3b2778a2b6
2021-11-15 13:53:02,810 [a9f41200-e526-4d63-ba17-4c3b2778a2b6@group-EFD9D27DEB0C-LeaderElection6] INFO  server.RaftServer$Division (ServerState.java:setLeader(285)) - a9f41200-e526-4d63-ba17-4c3b2778a2b6@group-EFD9D27DEB0C: change Leader from null to a9f41200-e526-4d63-ba17-4c3b2778a2b6 at term 1 for becomeLeader, leader elected after 5124ms
2021-11-15 13:53:02,810 [a9f41200-e526-4d63-ba17-4c3b2778a2b6@group-EFD9D27DEB0C-LeaderElection6] INFO  server.RaftServerConfigKeys (ConfUtils.java:logGet(44)) - raft.server.staging.catchup.gap = 1000 (default)
2021-11-15 13:53:02,810 [a9f41200-e526-4d63-ba17-4c3b2778a2b6@group-EFD9D27DEB0C-LeaderElection6] INFO  server.RaftServerConfigKeys (ConfUtils.java:logGet(44)) - raft.server.write.element-limit = 1024 (custom)
2021-11-15 13:53:02,811 [a9f41200-e526-4d63-ba17-4c3b2778a2b6@group-EFD9D27DEB0C-LeaderElection6] INFO  server.RaftServerConfigKeys (ConfUtils.java:logGet(44)) - raft.server.write.byte-limit = 1024 M (=1073741824) (custom)
2021-11-15 13:53:02,811 [a9f41200-e526-4d63-ba17-4c3b2778a2b6@group-EFD9D27DEB0C-LeaderElection6] INFO  server.RaftServerConfigKeys (ConfUtils.java:logGet(44)) - raft.server.watch.timeout = 180s (custom)
2021-11-15 13:53:02,811 [a9f41200-e526-4d63-ba17-4c3b2778a2b6@group-EFD9D27DEB0C-LeaderElection6] INFO  server.RaftServerConfigKeys (ConfUtils.java:logGet(44)) - raft.server.watch.timeout.denomination = 1s (default)
2021-11-15 13:53:02,811 [a9f41200-e526-4d63-ba17-4c3b2778a2b6@group-EFD9D27DEB0C-LeaderElection6] INFO  server.RaftServerConfigKeys (ConfUtils.java:logGet(44)) - raft.server.watch.element-limit = 65536 (default)
2021-11-15 13:53:02,813 [a9f41200-e526-4d63-ba17-4c3b2778a2b6@group-EFD9D27DEB0C-LeaderElection6] INFO  server.RaftServerConfigKeys (ConfUtils.java:logGet(44)) - raft.server.write.element-limit = 1024 (custom)
2021-11-15 13:53:02,813 [a9f41200-e526-4d63-ba17-4c3b2778a2b6@group-EFD9D27DEB0C-LeaderElection6] INFO  server.RaftServerConfigKeys (ConfUtils.java:logGet(44)) - raft.server.write.follower.gap.ratio.max = -1.0 (default)
2021-11-15 13:53:02,813 [a9f41200-e526-4d63-ba17-4c3b2778a2b6@group-EFD9D27DEB0C-LeaderElection6] INFO  server.RaftServerConfigKeys (ConfUtils.java:logGet(44)) - raft.server.log.appender.snapshot.chunk.size.max = 16MB (=16777216) (default)
2021-11-15 13:53:02,813 [a9f41200-e526-4d63-ba17-4c3b2778a2b6@group-EFD9D27DEB0C-LeaderElection6] INFO  server.RaftServerConfigKeys (ConfUtils.java:logGet(44)) - raft.server.log.appender.buffer.byte-limit = 33554432 (custom)
2021-11-15 13:53:02,813 [a9f41200-e526-4d63-ba17-4c3b2778a2b6@group-EFD9D27DEB0C-LeaderElection6] INFO  server.RaftServerConfigKeys (ConfUtils.java:logGet(44)) - raft.server.log.appender.buffer.element-limit = 1 (custom)
2021-11-15 13:53:02,813 [a9f41200-e526-4d63-ba17-4c3b2778a2b6@group-EFD9D27DEB0C-LeaderElection6] INFO  grpc.GrpcConfigKeys (ConfUtils.java:logGet(44)) - raft.grpc.server.leader.outstanding.appends.max = 128 (default)
2021-11-15 13:53:02,813 [a9f41200-e526-4d63-ba17-4c3b2778a2b6@group-EFD9D27DEB0C-LeaderElection6] INFO  server.RaftServerConfigKeys (ConfUtils.java:logGet(44)) - raft.server.rpc.request.timeout = 60s (custom)
2021-11-15 13:53:02,813 [a9f41200-e526-4d63-ba17-4c3b2778a2b6@group-EFD9D27DEB0C-LeaderElection6] INFO  server.RaftServerConfigKeys (ConfUtils.java:logGet(44)) - raft.server.log.appender.install.snapshot.enabled = false (custom)
2021-11-15 13:53:02,814 [a9f41200-e526-4d63-ba17-4c3b2778a2b6@group-EFD9D27DEB0C-LeaderElection6] INFO  server.RaftServerConfigKeys (ConfUtils.java:logGet(44)) - raft.server.log.appender.snapshot.chunk.size.max = 16MB (=16777216) (default)
2021-11-15 13:53:02,814 [a9f41200-e526-4d63-ba17-4c3b2778a2b6@group-EFD9D27DEB0C-LeaderElection6] INFO  server.RaftServerConfigKeys (ConfUtils.java:logGet(44)) - raft.server.log.appender.buffer.byte-limit = 33554432 (custom)
2021-11-15 13:53:02,814 [a9f41200-e526-4d63-ba17-4c3b2778a2b6@group-EFD9D27DEB0C-LeaderElection6] INFO  server.RaftServerConfigKeys (ConfUtils.java:logGet(44)) - raft.server.log.appender.buffer.element-limit = 1 (custom)
2021-11-15 13:53:02,814 [a9f41200-e526-4d63-ba17-4c3b2778a2b6@group-EFD9D27DEB0C-LeaderElection6] INFO  grpc.GrpcConfigKeys (ConfUtils.java:logGet(44)) - raft.grpc.server.leader.outstanding.appends.max = 128 (default)
2021-11-15 13:53:02,814 [a9f41200-e526-4d63-ba17-4c3b2778a2b6@group-EFD9D27DEB0C-LeaderElection6] INFO  server.RaftServerConfigKeys (ConfUtils.java:logGet(44)) - raft.server.rpc.request.timeout = 60s (custom)
2021-11-15 13:53:02,814 [a9f41200-e526-4d63-ba17-4c3b2778a2b6@group-EFD9D27DEB0C-LeaderElection6] INFO  server.RaftServerConfigKeys (ConfUtils.java:logGet(44)) - raft.server.log.appender.install.snapshot.enabled = false (custom)
2021-11-15 13:53:02,815 [a9f41200-e526-4d63-ba17-4c3b2778a2b6@group-EFD9D27DEB0C-LeaderElection6] INFO  impl.RoleInfo (RoleInfo.java:updateAndGet(130)) - a9f41200-e526-4d63-ba17-4c3b2778a2b6: start a9f41200-e526-4d63-ba17-4c3b2778a2b6@group-EFD9D27DEB0C-LeaderStateImpl
2021-11-15 13:53:02,815 [a9f41200-e526-4d63-ba17-4c3b2778a2b6@group-EFD9D27DEB0C-LeaderElection6] INFO  segmented.SegmentedRaftLogWorker (SegmentedRaftLogWorker.java:startLogSegment(394)) - a9f41200-e526-4d63-ba17-4c3b2778a2b6@group-EFD9D27DEB0C-SegmentedRaftLogWorker: Starting segment from index:0
2021-11-15 13:53:02,816 [EventQueue-PipelineReportForPipelineReportHandler] INFO  pipeline.PipelineManagerImpl (PipelineManagerImpl.java:openPipeline(289)) - Pipeline Pipeline[ Id: 5a896831-1707-41fb-863a-efd9d27deb0c, Nodes: d72f5f37-b5e8-4067-85db-ff819ddbae3b{ip: 10.1.0.55, host: fv-az151-339.yf2hydr00wburbhx3j5hxtcipe.bx.internal.cloudapp.net, ports: [REPLICATION=43387, RATIS=33335, RATIS_ADMIN=33335, RATIS_SERVER=33335, STANDALONE=43427], networkLocation: /default-rack, certSerialId: null, persistedOpState: IN_SERVICE, persistedOpStateExpiryEpochSec: 0}a9f41200-e526-4d63-ba17-4c3b2778a2b6{ip: 10.1.0.55, host: fv-az151-339.yf2hydr00wburbhx3j5hxtcipe.bx.internal.cloudapp.net, ports: [REPLICATION=36673, RATIS=38801, RATIS_ADMIN=38801, RATIS_SERVER=38801, STANDALONE=44075], networkLocation: /default-rack, certSerialId: null, persistedOpState: IN_SERVICE, persistedOpStateExpiryEpochSec: 0}3245fae2-09b7-464d-a8b8-eac19708f915{ip: 10.1.0.55, host: fv-az151-339.yf2hydr00wburbhx3j5hxtcipe.bx.internal.cloudapp.net, ports: [REPLICATION=40387, RATIS=39877, RATIS_ADMIN=39877, RATIS_SERVER=39877, STANDALONE=39175], networkLocation: /default-rack, certSerialId: null, persistedOpState: IN_SERVICE, persistedOpStateExpiryEpochSec: 0}, ReplicationConfig: RATIS/THREE, State:ALLOCATED, leaderId:a9f41200-e526-4d63-ba17-4c3b2778a2b6, CreationTimestamp2021-11-15T13:52:55.310Z[Etc/UTC]] moved to OPEN state
2021-11-15 13:53:02,818 [EventQueue-OpenPipelineForHealthyPipelineSafeModeRule] INFO  safemode.SCMSafeModeManager (HealthyPipelineSafeModeRule.java:process(124)) - SCM in safe mode. Healthy pipelines reported count is 1, required healthy pipeline reported count is 1
2021-11-15 13:53:02,818 [EventQueue-OpenPipelineForHealthyPipelineSafeModeRule] INFO  safemode.SCMSafeModeManager (SCMSafeModeManager.java:validateSafeModeExitRules(204)) - HealthyPipelineSafeModeRule rule is successfully validated
2021-11-15 13:53:02,818 [EventQueue-OpenPipelineForHealthyPipelineSafeModeRule] INFO  safemode.SCMSafeModeManager (SCMSafeModeManager.java:validateSafeModeExitRules(219)) - ScmSafeModeManager, all rules are successfully validated
2021-11-15 13:53:02,819 [EventQueue-OpenPipelineForHealthyPipelineSafeModeRule] INFO  safemode.SCMSafeModeManager (SCMSafeModeManager.java:exitSafeMode(248)) - SCM exiting safe mode.
2021-11-15 13:53:02,819 [EventQueue-OpenPipelineForHealthyPipelineSafeModeRule] WARN  events.EventQueue (EventQueue.java:fireEvent(194)) - No event handler registered for event TypedEvent{payloadType=SafeModeStatus, name='Safe mode status'}
2021-11-15 13:53:02,819 [EventQueue-OpenPipelineForHealthyPipelineSafeModeRule] INFO  ha.SCMContext (SCMContext.java:updateSafeModeStatus(205)) - Update SafeModeStatus from SafeModeStatus{safeModeStatus=true, preCheckPassed=true} to SafeModeStatus{safeModeStatus=false, preCheckPassed=true}.
2021-11-15 13:53:02,819 [EventQueue-OpenPipelineForHealthyPipelineSafeModeRule] INFO  pipeline.BackgroundPipelineCreator (BackgroundPipelineCreator.java:notifyStatusChanged(264)) - Service BackgroundPipelineCreator transitions to RUNNING.
2021-11-15 13:53:02,819 [EventQueue-OpenPipelineForHealthyPipelineSafeModeRule] INFO  container.ReplicationManager (ReplicationManager.java:notifyStatusChanged(1746)) - Service ReplicationManager transitions to RUNNING.
2021-11-15 13:53:02,821 [a9f41200-e526-4d63-ba17-4c3b2778a2b6@group-EFD9D27DEB0C-SegmentedRaftLogWorker] INFO  segmented.SegmentedRaftLogWorker (SegmentedRaftLogWorker.java:execute(601)) - a9f41200-e526-4d63-ba17-4c3b2778a2b6@group-EFD9D27DEB0C-SegmentedRaftLogWorker: created new log segment /home/runner/work/ozone/ozone/hadoop-ozone/integration-test/target/test-dir/MiniOzoneClusterImpl-e73edc9f-ff19-4fd0-8331-074ccb3cb693/datanode-0/data/ratis/5a896831-1707-41fb-863a-efd9d27deb0c/current/log_inprogress_0
2021-11-15 13:53:02,824 [a9f41200-e526-4d63-ba17-4c3b2778a2b6@group-EFD9D27DEB0C-LeaderElection6] INFO  server.RaftServer$Division (ServerState.java:setRaftConf(387)) - a9f41200-e526-4d63-ba17-4c3b2778a2b6@group-EFD9D27DEB0C: set configuration 0: [d72f5f37-b5e8-4067-85db-ff819ddbae3b|rpc:10.1.0.55:33335|dataStream:|priority:0, a9f41200-e526-4d63-ba17-4c3b2778a2b6|rpc:10.1.0.55:38801|dataStream:|priority:1, 3245fae2-09b7-464d-a8b8-eac19708f915|rpc:10.1.0.55:39877|dataStream:|priority:0], old=null
2021-11-15 13:53:02,821 [grpc-default-executor-0] INFO  ratis.XceiverServerRatis (XceiverServerRatis.java:handleLeaderChangedNotification(866)) - Leader change notification received for group: group-EFD9D27DEB0C with new leaderId: a9f41200-e526-4d63-ba17-4c3b2778a2b6
2021-11-15 13:53:02,824 [grpc-default-executor-0] INFO  server.RaftServer$Division (ServerState.java:setLeader(285)) - 3245fae2-09b7-464d-a8b8-eac19708f915@group-EFD9D27DEB0C: change Leader from null to a9f41200-e526-4d63-ba17-4c3b2778a2b6 at term 1 for appendEntries, leader elected after 4985ms
2021-11-15 13:53:02,826 [grpc-default-executor-0] INFO  server.RaftServer$Division (ServerState.java:setRaftConf(387)) - 3245fae2-09b7-464d-a8b8-eac19708f915@group-EFD9D27DEB0C: set configuration 0: [d72f5f37-b5e8-4067-85db-ff819ddbae3b|rpc:10.1.0.55:33335|dataStream:|priority:0, a9f41200-e526-4d63-ba17-4c3b2778a2b6|rpc:10.1.0.55:38801|dataStream:|priority:1, 3245fae2-09b7-464d-a8b8-eac19708f915|rpc:10.1.0.55:39877|dataStream:|priority:0], old=null
2021-11-15 13:53:02,827 [grpc-default-executor-0] INFO  segmented.SegmentedRaftLogWorker (SegmentedRaftLogWorker.java:startLogSegment(394)) - 3245fae2-09b7-464d-a8b8-eac19708f915@group-EFD9D27DEB0C-SegmentedRaftLogWorker: Starting segment from index:0
2021-11-15 13:53:02,828 [grpc-default-executor-0] INFO  ratis.XceiverServerRatis (XceiverServerRatis.java:handleLeaderChangedNotification(866)) - Leader change notification received for group: group-EFD9D27DEB0C with new leaderId: a9f41200-e526-4d63-ba17-4c3b2778a2b6
2021-11-15 13:53:02,828 [grpc-default-executor-0] INFO  server.RaftServer$Division (ServerState.java:setLeader(285)) - d72f5f37-b5e8-4067-85db-ff819ddbae3b@group-EFD9D27DEB0C: change Leader from null to a9f41200-e526-4d63-ba17-4c3b2778a2b6 at term 1 for appendEntries, leader elected after 5057ms
2021-11-15 13:53:02,830 [3245fae2-09b7-464d-a8b8-eac19708f915@group-EFD9D27DEB0C-SegmentedRaftLogWorker] INFO  segmented.SegmentedRaftLogWorker (SegmentedRaftLogWorker.java:execute(601)) - 3245fae2-09b7-464d-a8b8-eac19708f915@group-EFD9D27DEB0C-SegmentedRaftLogWorker: created new log segment /home/runner/work/ozone/ozone/hadoop-ozone/integration-test/target/test-dir/MiniOzoneClusterImpl-e73edc9f-ff19-4fd0-8331-074ccb3cb693/datanode-2/data/ratis/5a896831-1707-41fb-863a-efd9d27deb0c/current/log_inprogress_0
2021-11-15 13:53:02,835 [grpc-default-executor-0] INFO  server.RaftServer$Division (ServerState.java:setRaftConf(387)) - d72f5f37-b5e8-4067-85db-ff819ddbae3b@group-EFD9D27DEB0C: set configuration 0: [d72f5f37-b5e8-4067-85db-ff819ddbae3b|rpc:10.1.0.55:33335|dataStream:|priority:0, a9f41200-e526-4d63-ba17-4c3b2778a2b6|rpc:10.1.0.55:38801|dataStream:|priority:1, 3245fae2-09b7-464d-a8b8-eac19708f915|rpc:10.1.0.55:39877|dataStream:|priority:0], old=null
2021-11-15 13:53:02,835 [grpc-default-executor-0] INFO  segmented.SegmentedRaftLogWorker (SegmentedRaftLogWorker.java:startLogSegment(394)) - d72f5f37-b5e8-4067-85db-ff819ddbae3b@group-EFD9D27DEB0C-SegmentedRaftLogWorker: Starting segment from index:0
2021-11-15 13:53:02,837 [d72f5f37-b5e8-4067-85db-ff819ddbae3b@group-EFD9D27DEB0C-SegmentedRaftLogWorker] INFO  segmented.SegmentedRaftLogWorker (SegmentedRaftLogWorker.java:execute(601)) - d72f5f37-b5e8-4067-85db-ff819ddbae3b@group-EFD9D27DEB0C-SegmentedRaftLogWorker: created new log segment /home/runner/work/ozone/ozone/hadoop-ozone/integration-test/target/test-dir/MiniOzoneClusterImpl-e73edc9f-ff19-4fd0-8331-074ccb3cb693/datanode-1/data/ratis/5a896831-1707-41fb-863a-efd9d27deb0c/current/log_inprogress_0
2021-11-15 13:53:02,908 [a9f41200-e526-4d63-ba17-4c3b2778a2b6@group-A9E959FE21AC-FollowerState] INFO  impl.FollowerState (FollowerState.java:run(134)) - a9f41200-e526-4d63-ba17-4c3b2778a2b6@group-A9E959FE21AC-FollowerState: change to CANDIDATE, lastRpcElapsedTime:5048829403ns, electionTimeout:5048ms
2021-11-15 13:53:02,909 [a9f41200-e526-4d63-ba17-4c3b2778a2b6@group-A9E959FE21AC-FollowerState] INFO  impl.RoleInfo (RoleInfo.java:shutdownFollowerState(108)) - a9f41200-e526-4d63-ba17-4c3b2778a2b6: shutdown a9f41200-e526-4d63-ba17-4c3b2778a2b6@group-A9E959FE21AC-FollowerState
2021-11-15 13:53:02,909 [a9f41200-e526-4d63-ba17-4c3b2778a2b6@group-A9E959FE21AC-FollowerState] INFO  server.RaftServer$Division (RaftServerImpl.java:setRole(290)) - a9f41200-e526-4d63-ba17-4c3b2778a2b6@group-A9E959FE21AC: changes role from  FOLLOWER to CANDIDATE at term 0 for changeToCandidate
2021-11-15 13:53:02,909 [a9f41200-e526-4d63-ba17-4c3b2778a2b6@group-A9E959FE21AC-FollowerState] INFO  server.RaftServerConfigKeys (ConfUtils.java:logGet(44)) - raft.server.leaderelection.pre-vote = false (custom)
2021-11-15 13:53:02,909 [a9f41200-e526-4d63-ba17-4c3b2778a2b6@group-A9E959FE21AC-FollowerState] INFO  impl.RoleInfo (RoleInfo.java:updateAndGet(130)) - a9f41200-e526-4d63-ba17-4c3b2778a2b6: start a9f41200-e526-4d63-ba17-4c3b2778a2b6@group-A9E959FE21AC-LeaderElection7
2021-11-15 13:53:02,911 [a9f41200-e526-4d63-ba17-4c3b2778a2b6@group-A9E959FE21AC-LeaderElection7] INFO  impl.LeaderElection (LeaderElection.java:askForVotes(306)) - a9f41200-e526-4d63-ba17-4c3b2778a2b6@group-A9E959FE21AC-LeaderElection7 ELECTION round 0: submit vote requests at term 1 for -1: [d72f5f37-b5e8-4067-85db-ff819ddbae3b|rpc:10.1.0.55:33335|priority:0, a9f41200-e526-4d63-ba17-4c3b2778a2b6|rpc:10.1.0.55:38801|priority:0, 3245fae2-09b7-464d-a8b8-eac19708f915|rpc:10.1.0.55:39877|priority:1], old=null
2021-11-15 13:53:02,914 [grpc-default-executor-5] INFO  server.RaftServer$Division (RaftServerImpl.java:requestVote(1046)) - d72f5f37-b5e8-4067-85db-ff819ddbae3b@group-A9E959FE21AC: receive requestVote(ELECTION, a9f41200-e526-4d63-ba17-4c3b2778a2b6, group-A9E959FE21AC, 1, (t:0, i:0))
2021-11-15 13:53:02,915 [grpc-default-executor-5] INFO  impl.VoteContext (VoteContext.java:log(48)) - d72f5f37-b5e8-4067-85db-ff819ddbae3b@group-A9E959FE21AC-FOLLOWER: accept ELECTION from a9f41200-e526-4d63-ba17-4c3b2778a2b6: our priority 0 <= candidate's priority 0
2021-11-15 13:53:02,915 [grpc-default-executor-5] INFO  server.RaftServer$Division (RaftServerImpl.java:setRole(290)) - d72f5f37-b5e8-4067-85db-ff819ddbae3b@group-A9E959FE21AC: changes role from  FOLLOWER to FOLLOWER at term 1 for candidate:a9f41200-e526-4d63-ba17-4c3b2778a2b6
2021-11-15 13:53:02,915 [grpc-default-executor-5] INFO  impl.RoleInfo (RoleInfo.java:shutdownFollowerState(108)) - d72f5f37-b5e8-4067-85db-ff819ddbae3b: shutdown d72f5f37-b5e8-4067-85db-ff819ddbae3b@group-A9E959FE21AC-FollowerState
2021-11-15 13:53:02,915 [grpc-default-executor-5] INFO  impl.RoleInfo (RoleInfo.java:updateAndGet(130)) - d72f5f37-b5e8-4067-85db-ff819ddbae3b: start d72f5f37-b5e8-4067-85db-ff819ddbae3b@group-A9E959FE21AC-FollowerState
2021-11-15 13:53:02,915 [d72f5f37-b5e8-4067-85db-ff819ddbae3b@group-A9E959FE21AC-FollowerState] INFO  impl.FollowerState (FollowerState.java:run(143)) - d72f5f37-b5e8-4067-85db-ff819ddbae3b@group-A9E959FE21AC-FollowerState was interrupted: {}
java.lang.InterruptedException: sleep interrupted
	at java.lang.Thread.sleep(Native Method)
	at java.lang.Thread.sleep(Thread.java:340)
	at java.util.concurrent.TimeUnit.sleep(TimeUnit.java:386)
	at org.apache.ratis.util.TimeDuration.sleep(TimeDuration.java:324)
	at org.apache.ratis.util.TimeDuration.sleep(TimeDuration.java:309)
	at org.apache.ratis.server.impl.FollowerState.run(FollowerState.java:118)
2021-11-15 13:53:02,917 [grpc-default-executor-5] INFO  server.RaftServer$Division (RaftServerImpl.java:requestVote(1078)) - d72f5f37-b5e8-4067-85db-ff819ddbae3b@group-A9E959FE21AC replies to ELECTION vote request: a9f41200-e526-4d63-ba17-4c3b2778a2b6<-d72f5f37-b5e8-4067-85db-ff819ddbae3b#0:OK-t1. Peer's state: d72f5f37-b5e8-4067-85db-ff819ddbae3b@group-A9E959FE21AC:t1, leader=null, voted=a9f41200-e526-4d63-ba17-4c3b2778a2b6, raftlog=d72f5f37-b5e8-4067-85db-ff819ddbae3b@group-A9E959FE21AC-SegmentedRaftLog:OPENED:c-1, conf=-1: [d72f5f37-b5e8-4067-85db-ff819ddbae3b|rpc:10.1.0.55:33335|dataStream:|priority:0, a9f41200-e526-4d63-ba17-4c3b2778a2b6|rpc:10.1.0.55:38801|dataStream:|priority:0, 3245fae2-09b7-464d-a8b8-eac19708f915|rpc:10.1.0.55:39877|dataStream:|priority:1], old=null
2021-11-15 13:53:02,922 [grpc-default-executor-5] INFO  server.RaftServer$Division (RaftServerImpl.java:requestVote(1046)) - 3245fae2-09b7-464d-a8b8-eac19708f915@group-A9E959FE21AC: receive requestVote(ELECTION, a9f41200-e526-4d63-ba17-4c3b2778a2b6, group-A9E959FE21AC, 1, (t:0, i:0))
2021-11-15 13:53:02,922 [grpc-default-executor-5] INFO  impl.VoteContext (VoteContext.java:log(48)) - 3245fae2-09b7-464d-a8b8-eac19708f915@group-A9E959FE21AC-FOLLOWER: reject ELECTION from a9f41200-e526-4d63-ba17-4c3b2778a2b6: our priority 1 > candidate's priority 0
2021-11-15 13:53:02,923 [grpc-default-executor-5] INFO  server.RaftServer$Division (RaftServerImpl.java:setRole(290)) - 3245fae2-09b7-464d-a8b8-eac19708f915@group-A9E959FE21AC: changes role from  FOLLOWER to FOLLOWER at term 1 for candidate:a9f41200-e526-4d63-ba17-4c3b2778a2b6
2021-11-15 13:53:02,923 [grpc-default-executor-5] INFO  impl.RoleInfo (RoleInfo.java:shutdownFollowerState(108)) - 3245fae2-09b7-464d-a8b8-eac19708f915: shutdown 3245fae2-09b7-464d-a8b8-eac19708f915@group-A9E959FE21AC-FollowerState
2021-11-15 13:53:02,923 [grpc-default-executor-5] INFO  impl.RoleInfo (RoleInfo.java:updateAndGet(130)) - 3245fae2-09b7-464d-a8b8-eac19708f915: start 3245fae2-09b7-464d-a8b8-eac19708f915@group-A9E959FE21AC-FollowerState
2021-11-15 13:53:02,923 [3245fae2-09b7-464d-a8b8-eac19708f915@group-A9E959FE21AC-FollowerState] INFO  impl.FollowerState (FollowerState.java:run(143)) - 3245fae2-09b7-464d-a8b8-eac19708f915@group-A9E959FE21AC-FollowerState was interrupted: {}
java.lang.InterruptedException: sleep interrupted
	at java.lang.Thread.sleep(Native Method)
	at java.lang.Thread.sleep(Thread.java:340)
	at java.util.concurrent.TimeUnit.sleep(TimeUnit.java:386)
	at org.apache.ratis.util.TimeDuration.sleep(TimeDuration.java:324)
	at org.apache.ratis.util.TimeDuration.sleep(TimeDuration.java:309)
	at org.apache.ratis.server.impl.FollowerState.run(FollowerState.java:118)
2021-11-15 13:53:02,924 [grpc-default-executor-5] INFO  server.RaftServer$Division (RaftServerImpl.java:requestVote(1078)) - 3245fae2-09b7-464d-a8b8-eac19708f915@group-A9E959FE21AC replies to ELECTION vote request: a9f41200-e526-4d63-ba17-4c3b2778a2b6<-3245fae2-09b7-464d-a8b8-eac19708f915#0:FAIL-t1. Peer's state: 3245fae2-09b7-464d-a8b8-eac19708f915@group-A9E959FE21AC:t1, leader=null, voted=null, raftlog=3245fae2-09b7-464d-a8b8-eac19708f915@group-A9E959FE21AC-SegmentedRaftLog:OPENED:c-1, conf=-1: [d72f5f37-b5e8-4067-85db-ff819ddbae3b|rpc:10.1.0.55:33335|dataStream:|priority:0, a9f41200-e526-4d63-ba17-4c3b2778a2b6|rpc:10.1.0.55:38801|dataStream:|priority:0, 3245fae2-09b7-464d-a8b8-eac19708f915|rpc:10.1.0.55:39877|dataStream:|priority:1], old=null
2021-11-15 13:53:02,928 [a9f41200-e526-4d63-ba17-4c3b2778a2b6@group-A9E959FE21AC-LeaderElection7] INFO  impl.LeaderElection (LeaderElection.java:logAndReturn(89)) - a9f41200-e526-4d63-ba17-4c3b2778a2b6@group-A9E959FE21AC-LeaderElection7: ELECTION REJECTED received 2 response(s) and 0 exception(s):
2021-11-15 13:53:02,929 [a9f41200-e526-4d63-ba17-4c3b2778a2b6@group-A9E959FE21AC-LeaderElection7] INFO  impl.LeaderElection (LeaderElection.java:logAndReturn(93)) -   Response 0: a9f41200-e526-4d63-ba17-4c3b2778a2b6<-d72f5f37-b5e8-4067-85db-ff819ddbae3b#0:OK-t1
2021-11-15 13:53:02,929 [a9f41200-e526-4d63-ba17-4c3b2778a2b6@group-A9E959FE21AC-LeaderElection7] INFO  impl.LeaderElection (LeaderElection.java:logAndReturn(93)) -   Response 1: a9f41200-e526-4d63-ba17-4c3b2778a2b6<-3245fae2-09b7-464d-a8b8-eac19708f915#0:FAIL-t1
2021-11-15 13:53:02,929 [a9f41200-e526-4d63-ba17-4c3b2778a2b6@group-A9E959FE21AC-LeaderElection7] INFO  impl.LeaderElection (LeaderElection.java:askForVotes(308)) - a9f41200-e526-4d63-ba17-4c3b2778a2b6@group-A9E959FE21AC-LeaderElection7 ELECTION round 0: result REJECTED
2021-11-15 13:53:02,929 [a9f41200-e526-4d63-ba17-4c3b2778a2b6@group-A9E959FE21AC-LeaderElection7] INFO  server.RaftServer$Division (RaftServerImpl.java:setRole(290)) - a9f41200-e526-4d63-ba17-4c3b2778a2b6@group-A9E959FE21AC: changes role from CANDIDATE to FOLLOWER at term 1 for REJECTED
2021-11-15 13:53:02,929 [a9f41200-e526-4d63-ba17-4c3b2778a2b6@group-A9E959FE21AC-LeaderElection7] INFO  impl.RoleInfo (RoleInfo.java:shutdownLeaderElection(121)) - a9f41200-e526-4d63-ba17-4c3b2778a2b6: shutdown a9f41200-e526-4d63-ba17-4c3b2778a2b6@group-A9E959FE21AC-LeaderElection7
2021-11-15 13:53:02,929 [a9f41200-e526-4d63-ba17-4c3b2778a2b6@group-A9E959FE21AC-LeaderElection7] INFO  impl.RoleInfo (RoleInfo.java:updateAndGet(130)) - a9f41200-e526-4d63-ba17-4c3b2778a2b6: start a9f41200-e526-4d63-ba17-4c3b2778a2b6@group-A9E959FE21AC-FollowerState
2021-11-15 13:53:03,171 [d72f5f37-b5e8-4067-85db-ff819ddbae3b@group-B7D8B93556B0-FollowerState] INFO  impl.FollowerState (FollowerState.java:run(134)) - d72f5f37-b5e8-4067-85db-ff819ddbae3b@group-B7D8B93556B0-FollowerState: change to CANDIDATE, lastRpcElapsedTime:5098988826ns, electionTimeout:5098ms
2021-11-15 13:53:03,172 [d72f5f37-b5e8-4067-85db-ff819ddbae3b@group-B7D8B93556B0-FollowerState] INFO  impl.RoleInfo (RoleInfo.java:shutdownFollowerState(108)) - d72f5f37-b5e8-4067-85db-ff819ddbae3b: shutdown d72f5f37-b5e8-4067-85db-ff819ddbae3b@group-B7D8B93556B0-FollowerState
2021-11-15 13:53:03,172 [d72f5f37-b5e8-4067-85db-ff819ddbae3b@group-B7D8B93556B0-FollowerState] INFO  server.RaftServer$Division (RaftServerImpl.java:setRole(290)) - d72f5f37-b5e8-4067-85db-ff819ddbae3b@group-B7D8B93556B0: changes role from  FOLLOWER to CANDIDATE at term 0 for changeToCandidate
2021-11-15 13:53:03,172 [d72f5f37-b5e8-4067-85db-ff819ddbae3b@group-B7D8B93556B0-FollowerState] INFO  server.RaftServerConfigKeys (ConfUtils.java:logGet(44)) - raft.server.leaderelection.pre-vote = false (custom)
2021-11-15 13:53:03,172 [d72f5f37-b5e8-4067-85db-ff819ddbae3b@group-B7D8B93556B0-FollowerState] INFO  impl.RoleInfo (RoleInfo.java:updateAndGet(130)) - d72f5f37-b5e8-4067-85db-ff819ddbae3b: start d72f5f37-b5e8-4067-85db-ff819ddbae3b@group-B7D8B93556B0-LeaderElection8
2021-11-15 13:53:03,174 [d72f5f37-b5e8-4067-85db-ff819ddbae3b@group-B7D8B93556B0-LeaderElection8] INFO  impl.LeaderElection (LeaderElection.java:askForVotes(306)) - d72f5f37-b5e8-4067-85db-ff819ddbae3b@group-B7D8B93556B0-LeaderElection8 ELECTION round 0: submit vote requests at term 1 for -1: [d72f5f37-b5e8-4067-85db-ff819ddbae3b|rpc:10.1.0.55:33335|priority:1], old=null
2021-11-15 13:53:03,174 [d72f5f37-b5e8-4067-85db-ff819ddbae3b@group-B7D8B93556B0-LeaderElection8] INFO  impl.LeaderElection (LeaderElection.java:askForVotes(308)) - d72f5f37-b5e8-4067-85db-ff819ddbae3b@group-B7D8B93556B0-LeaderElection8 ELECTION round 0: result PASSED (term=1)
2021-11-15 13:53:03,174 [d72f5f37-b5e8-4067-85db-ff819ddbae3b@group-B7D8B93556B0-LeaderElection8] INFO  impl.RoleInfo (RoleInfo.java:shutdownLeaderElection(121)) - d72f5f37-b5e8-4067-85db-ff819ddbae3b: shutdown d72f5f37-b5e8-4067-85db-ff819ddbae3b@group-B7D8B93556B0-LeaderElection8
2021-11-15 13:53:03,174 [d72f5f37-b5e8-4067-85db-ff819ddbae3b@group-B7D8B93556B0-LeaderElection8] INFO  server.RaftServer$Division (RaftServerImpl.java:setRole(290)) - d72f5f37-b5e8-4067-85db-ff819ddbae3b@group-B7D8B93556B0: changes role from CANDIDATE to LEADER at term 1 for changeToLeader
2021-11-15 13:53:03,174 [d72f5f37-b5e8-4067-85db-ff819ddbae3b@group-B7D8B93556B0-LeaderElection8] INFO  ratis.XceiverServerRatis (XceiverServerRatis.java:handleLeaderChangedNotification(866)) - Leader change notification received for group: group-B7D8B93556B0 with new leaderId: d72f5f37-b5e8-4067-85db-ff819ddbae3b
2021-11-15 13:53:03,175 [d72f5f37-b5e8-4067-85db-ff819ddbae3b@group-B7D8B93556B0-LeaderElection8] INFO  server.RaftServer$Division (ServerState.java:setLeader(285)) - d72f5f37-b5e8-4067-85db-ff819ddbae3b@group-B7D8B93556B0: change Leader from null to d72f5f37-b5e8-4067-85db-ff819ddbae3b at term 1 for becomeLeader, leader elected after 5111ms
2021-11-15 13:53:03,175 [d72f5f37-b5e8-4067-85db-ff819ddbae3b@group-B7D8B93556B0-LeaderElection8] INFO  server.RaftServerConfigKeys (ConfUtils.java:logGet(44)) - raft.server.staging.catchup.gap = 1000 (default)
2021-11-15 13:53:03,182 [d72f5f37-b5e8-4067-85db-ff819ddbae3b@group-B7D8B93556B0-LeaderElection8] INFO  server.RaftServerConfigKeys (ConfUtils.java:logGet(44)) - raft.server.write.element-limit = 1024 (custom)
2021-11-15 13:53:03,182 [d72f5f37-b5e8-4067-85db-ff819ddbae3b@group-B7D8B93556B0-LeaderElection8] INFO  server.RaftServerConfigKeys (ConfUtils.java:logGet(44)) - raft.server.write.byte-limit = 1024 M (=1073741824) (custom)
2021-11-15 13:53:03,184 [d72f5f37-b5e8-4067-85db-ff819ddbae3b@group-B7D8B93556B0-LeaderElection8] INFO  server.RaftServerConfigKeys (ConfUtils.java:logGet(44)) - raft.server.watch.timeout = 180s (custom)
2021-11-15 13:53:03,184 [d72f5f37-b5e8-4067-85db-ff819ddbae3b@group-B7D8B93556B0-LeaderElection8] INFO  server.RaftServerConfigKeys (ConfUtils.java:logGet(44)) - raft.server.watch.timeout.denomination = 1s (default)
2021-11-15 13:53:03,184 [d72f5f37-b5e8-4067-85db-ff819ddbae3b@group-B7D8B93556B0-LeaderElection8] INFO  server.RaftServerConfigKeys (ConfUtils.java:logGet(44)) - raft.server.watch.element-limit = 65536 (default)
2021-11-15 13:53:03,184 [d72f5f37-b5e8-4067-85db-ff819ddbae3b@group-B7D8B93556B0-LeaderElection8] INFO  server.RaftServerConfigKeys (ConfUtils.java:logGet(44)) - raft.server.write.element-limit = 1024 (custom)
2021-11-15 13:53:03,184 [d72f5f37-b5e8-4067-85db-ff819ddbae3b@group-B7D8B93556B0-LeaderElection8] INFO  server.RaftServerConfigKeys (ConfUtils.java:logGet(44)) - raft.server.write.follower.gap.ratio.max = -1.0 (default)
2021-11-15 13:53:03,184 [d72f5f37-b5e8-4067-85db-ff819ddbae3b@group-B7D8B93556B0-LeaderElection8] INFO  impl.RoleInfo (RoleInfo.java:updateAndGet(130)) - d72f5f37-b5e8-4067-85db-ff819ddbae3b: start d72f5f37-b5e8-4067-85db-ff819ddbae3b@group-B7D8B93556B0-LeaderStateImpl
2021-11-15 13:53:03,184 [d72f5f37-b5e8-4067-85db-ff819ddbae3b@group-B7D8B93556B0-LeaderElection8] INFO  segmented.SegmentedRaftLogWorker (SegmentedRaftLogWorker.java:startLogSegment(394)) - d72f5f37-b5e8-4067-85db-ff819ddbae3b@group-B7D8B93556B0-SegmentedRaftLogWorker: Starting segment from index:0
2021-11-15 13:53:03,185 [d72f5f37-b5e8-4067-85db-ff819ddbae3b@group-B7D8B93556B0-LeaderElection8] INFO  server.RaftServer$Division (ServerState.java:setRaftConf(387)) - d72f5f37-b5e8-4067-85db-ff819ddbae3b@group-B7D8B93556B0: set configuration 0: [d72f5f37-b5e8-4067-85db-ff819ddbae3b|rpc:10.1.0.55:33335|dataStream:|priority:1], old=null
2021-11-15 13:53:03,186 [d72f5f37-b5e8-4067-85db-ff819ddbae3b@group-B7D8B93556B0-SegmentedRaftLogWorker] INFO  segmented.SegmentedRaftLogWorker (SegmentedRaftLogWorker.java:execute(601)) - d72f5f37-b5e8-4067-85db-ff819ddbae3b@group-B7D8B93556B0-SegmentedRaftLogWorker: created new log segment /home/runner/work/ozone/ozone/hadoop-ozone/integration-test/target/test-dir/MiniOzoneClusterImpl-e73edc9f-ff19-4fd0-8331-074ccb3cb693/datanode-1/data/ratis/7b205b38-04be-413b-9a1c-b7d8b93556b0/current/log_inprogress_0
2021-11-15 13:53:03,309 [Listener at 127.0.0.1/11752] INFO  ozone.MiniOzoneClusterImpl (MiniOzoneClusterImpl.java:lambda$waitForClusterToBeReady$0(235)) - Nodes are ready. Got 3 of 3 DN Heartbeats.
2021-11-15 13:53:03,310 [Listener at 127.0.0.1/11752] INFO  ozone.MiniOzoneClusterImpl (MiniOzoneClusterImpl.java:lambda$waitForClusterToBeReady$0(238)) - Cluster exits safe mode
2021-11-15 13:53:03,310 [Listener at 127.0.0.1/11752] INFO  ozone.MiniOzoneClusterImpl (MiniOzoneClusterImpl.java:lambda$waitForClusterToBeReady$0(240)) - SCM became leader
2021-11-15 13:53:03,335 [3245fae2-09b7-464d-a8b8-eac19708f915@group-5A0898957C6A-FollowerState] INFO  impl.FollowerState (FollowerState.java:run(134)) - 3245fae2-09b7-464d-a8b8-eac19708f915@group-5A0898957C6A-FollowerState: change to CANDIDATE, lastRpcElapsedTime:5012284029ns, electionTimeout:5012ms
2021-11-15 13:53:03,335 [3245fae2-09b7-464d-a8b8-eac19708f915@group-5A0898957C6A-FollowerState] INFO  impl.RoleInfo (RoleInfo.java:shutdownFollowerState(108)) - 3245fae2-09b7-464d-a8b8-eac19708f915: shutdown 3245fae2-09b7-464d-a8b8-eac19708f915@group-5A0898957C6A-FollowerState
2021-11-15 13:53:03,335 [3245fae2-09b7-464d-a8b8-eac19708f915@group-5A0898957C6A-FollowerState] INFO  server.RaftServer$Division (RaftServerImpl.java:setRole(290)) - 3245fae2-09b7-464d-a8b8-eac19708f915@group-5A0898957C6A: changes role from  FOLLOWER to CANDIDATE at term 0 for changeToCandidate
2021-11-15 13:53:03,335 [3245fae2-09b7-464d-a8b8-eac19708f915@group-5A0898957C6A-FollowerState] INFO  server.RaftServerConfigKeys (ConfUtils.java:logGet(44)) - raft.server.leaderelection.pre-vote = false (custom)
2021-11-15 13:53:03,335 [3245fae2-09b7-464d-a8b8-eac19708f915@group-5A0898957C6A-FollowerState] INFO  impl.RoleInfo (RoleInfo.java:updateAndGet(130)) - 3245fae2-09b7-464d-a8b8-eac19708f915: start 3245fae2-09b7-464d-a8b8-eac19708f915@group-5A0898957C6A-LeaderElection9
2021-11-15 13:53:03,353 [3245fae2-09b7-464d-a8b8-eac19708f915@group-5A0898957C6A-LeaderElection9] INFO  impl.LeaderElection (LeaderElection.java:askForVotes(306)) - 3245fae2-09b7-464d-a8b8-eac19708f915@group-5A0898957C6A-LeaderElection9 ELECTION round 0: submit vote requests at term 1 for -1: [3245fae2-09b7-464d-a8b8-eac19708f915|rpc:10.1.0.55:39877|priority:1], old=null
2021-11-15 13:53:03,354 [3245fae2-09b7-464d-a8b8-eac19708f915@group-5A0898957C6A-LeaderElection9] INFO  impl.LeaderElection (LeaderElection.java:askForVotes(308)) - 3245fae2-09b7-464d-a8b8-eac19708f915@group-5A0898957C6A-LeaderElection9 ELECTION round 0: result PASSED (term=1)
2021-11-15 13:53:03,354 [3245fae2-09b7-464d-a8b8-eac19708f915@group-5A0898957C6A-LeaderElection9] INFO  impl.RoleInfo (RoleInfo.java:shutdownLeaderElection(121)) - 3245fae2-09b7-464d-a8b8-eac19708f915: shutdown 3245fae2-09b7-464d-a8b8-eac19708f915@group-5A0898957C6A-LeaderElection9
2021-11-15 13:53:03,354 [3245fae2-09b7-464d-a8b8-eac19708f915@group-5A0898957C6A-LeaderElection9] INFO  server.RaftServer$Division (RaftServerImpl.java:setRole(290)) - 3245fae2-09b7-464d-a8b8-eac19708f915@group-5A0898957C6A: changes role from CANDIDATE to LEADER at term 1 for changeToLeader
2021-11-15 13:53:03,354 [3245fae2-09b7-464d-a8b8-eac19708f915@group-5A0898957C6A-LeaderElection9] INFO  ratis.XceiverServerRatis (XceiverServerRatis.java:handleLeaderChangedNotification(866)) - Leader change notification received for group: group-5A0898957C6A with new leaderId: 3245fae2-09b7-464d-a8b8-eac19708f915
2021-11-15 13:53:03,354 [3245fae2-09b7-464d-a8b8-eac19708f915@group-5A0898957C6A-LeaderElection9] INFO  server.RaftServer$Division (ServerState.java:setLeader(285)) - 3245fae2-09b7-464d-a8b8-eac19708f915@group-5A0898957C6A: change Leader from null to 3245fae2-09b7-464d-a8b8-eac19708f915 at term 1 for becomeLeader, leader elected after 5045ms
2021-11-15 13:53:03,354 [3245fae2-09b7-464d-a8b8-eac19708f915@group-5A0898957C6A-LeaderElection9] INFO  server.RaftServerConfigKeys (ConfUtils.java:logGet(44)) - raft.server.staging.catchup.gap = 1000 (default)
2021-11-15 13:53:03,354 [3245fae2-09b7-464d-a8b8-eac19708f915@group-5A0898957C6A-LeaderElection9] INFO  server.RaftServerConfigKeys (ConfUtils.java:logGet(44)) - raft.server.write.element-limit = 1024 (custom)
2021-11-15 13:53:03,354 [3245fae2-09b7-464d-a8b8-eac19708f915@group-5A0898957C6A-LeaderElection9] INFO  server.RaftServerConfigKeys (ConfUtils.java:logGet(44)) - raft.server.write.byte-limit = 1024 M (=1073741824) (custom)
2021-11-15 13:53:03,355 [3245fae2-09b7-464d-a8b8-eac19708f915@group-5A0898957C6A-LeaderElection9] INFO  server.RaftServerConfigKeys (ConfUtils.java:logGet(44)) - raft.server.watch.timeout = 180s (custom)
2021-11-15 13:53:03,355 [3245fae2-09b7-464d-a8b8-eac19708f915@group-5A0898957C6A-LeaderElection9] INFO  server.RaftServerConfigKeys (ConfUtils.java:logGet(44)) - raft.server.watch.timeout.denomination = 1s (default)
2021-11-15 13:53:03,355 [3245fae2-09b7-464d-a8b8-eac19708f915@group-5A0898957C6A-LeaderElection9] INFO  server.RaftServerConfigKeys (ConfUtils.java:logGet(44)) - raft.server.watch.element-limit = 65536 (default)
2021-11-15 13:53:03,355 [3245fae2-09b7-464d-a8b8-eac19708f915@group-5A0898957C6A-LeaderElection9] INFO  server.RaftServerConfigKeys (ConfUtils.java:logGet(44)) - raft.server.write.element-limit = 1024 (custom)
2021-11-15 13:53:03,355 [3245fae2-09b7-464d-a8b8-eac19708f915@group-5A0898957C6A-LeaderElection9] INFO  server.RaftServerConfigKeys (ConfUtils.java:logGet(44)) - raft.server.write.follower.gap.ratio.max = -1.0 (default)
2021-11-15 13:53:03,355 [3245fae2-09b7-464d-a8b8-eac19708f915@group-5A0898957C6A-LeaderElection9] INFO  impl.RoleInfo (RoleInfo.java:updateAndGet(130)) - 3245fae2-09b7-464d-a8b8-eac19708f915: start 3245fae2-09b7-464d-a8b8-eac19708f915@group-5A0898957C6A-LeaderStateImpl
2021-11-15 13:53:03,355 [3245fae2-09b7-464d-a8b8-eac19708f915@group-5A0898957C6A-LeaderElection9] INFO  segmented.SegmentedRaftLogWorker (SegmentedRaftLogWorker.java:startLogSegment(394)) - 3245fae2-09b7-464d-a8b8-eac19708f915@group-5A0898957C6A-SegmentedRaftLogWorker: Starting segment from index:0
2021-11-15 13:53:03,358 [3245fae2-09b7-464d-a8b8-eac19708f915@group-5A0898957C6A-SegmentedRaftLogWorker] INFO  segmented.SegmentedRaftLogWorker (SegmentedRaftLogWorker.java:execute(601)) - 3245fae2-09b7-464d-a8b8-eac19708f915@group-5A0898957C6A-SegmentedRaftLogWorker: created new log segment /home/runner/work/ozone/ozone/hadoop-ozone/integration-test/target/test-dir/MiniOzoneClusterImpl-e73edc9f-ff19-4fd0-8331-074ccb3cb693/datanode-2/data/ratis/405035c2-9cf5-45c6-9bb3-5a0898957c6a/current/log_inprogress_0
2021-11-15 13:53:03,365 [3245fae2-09b7-464d-a8b8-eac19708f915@group-5A0898957C6A-LeaderElection9] INFO  server.RaftServer$Division (ServerState.java:setRaftConf(387)) - 3245fae2-09b7-464d-a8b8-eac19708f915@group-5A0898957C6A: set configuration 0: [3245fae2-09b7-464d-a8b8-eac19708f915|rpc:10.1.0.55:39877|dataStream:|priority:1], old=null
]]></system-out>
  </testcase>
  <testcase name="testPrepareWithMultipleThreads" classname="org.apache.hadoop.ozone.om.TestOzoneManagerPrepare" time="7.164"/>
  <testcase name="testCancelPrepare" classname="org.apache.hadoop.ozone.om.TestOzoneManagerPrepare" time="11.955"/>
  <testcase name="testPrepareWithTransactions" classname="org.apache.hadoop.ozone.om.TestOzoneManagerPrepare" time="25.702"/>
  <testcase name="testPrepareDownedOM" classname="org.apache.hadoop.ozone.om.TestOzoneManagerPrepare" time="123.442">
    <error message="timeout: after 120000 millis" type="java.util.concurrent.TimeoutException">java.util.concurrent.TimeoutException: timeout: after 120000 millis
	at org.apache.ozone.test.LambdaTestUtils$GenerateTimeout.evaluate(LambdaTestUtils.java:677)
	at org.apache.ozone.test.LambdaTestUtils.await(LambdaTestUtils.java:154)
	at org.apache.ozone.test.LambdaTestUtils.await(LambdaTestUtils.java:192)
	at org.apache.hadoop.ozone.om.TestOzoneManagerPrepare.assertClusterNotPrepared(TestOzoneManagerPrepare.java:484)
	at org.apache.hadoop.ozone.om.TestOzoneManagerPrepare.assertClusterNotPrepared(TestOzoneManagerPrepare.java:478)
	at org.apache.hadoop.ozone.om.TestOzoneManagerPrepare.initOM(TestOzoneManagerPrepare.java:91)
	at sun.reflect.NativeMethodAccessorImpl.invoke0(Native Method)
	at sun.reflect.NativeMethodAccessorImpl.invoke(NativeMethodAccessorImpl.java:62)
	at sun.reflect.DelegatingMethodAccessorImpl.invoke(DelegatingMethodAccessorImpl.java:43)
	at java.lang.reflect.Method.invoke(Method.java:498)
	at org.junit.runners.model.FrameworkMethod$1.runReflectiveCall(FrameworkMethod.java:59)
	at org.junit.internal.runners.model.ReflectiveCallable.run(ReflectiveCallable.java:12)
	at org.junit.runners.model.FrameworkMethod.invokeExplosively(FrameworkMethod.java:56)
	at org.junit.internal.runners.statements.RunBefores.invokeMethod(RunBefores.java:33)
	at org.junit.internal.runners.statements.RunBefores.evaluate(RunBefores.java:24)
	at org.junit.internal.runners.statements.RunAfters.evaluate(RunAfters.java:27)
	at org.junit.rules.ExpectedException$ExpectedExceptionStatement.evaluate(ExpectedException.java:258)
	at org.junit.internal.runners.statements.FailOnTimeout$CallableStatement.call(FailOnTimeout.java:288)
	at org.junit.internal.runners.statements.FailOnTimeout$CallableStatement.call(FailOnTimeout.java:282)
	at java.util.concurrent.FutureTask.run(FutureTask.java:266)
	at java.lang.Thread.run(Thread.java:748)
</error>
    <system-out><![CDATA[2021-11-15 13:53:48,353 [Time-limited test] INFO  retry.RetryInvocationHandler (RetryInvocationHandler.java:log(411)) - com.google.protobuf.ServiceException: java.io.EOFException: End of File Exception between local host is: "fv-az151-339/10.1.0.55"; destination host is: "localhost":11740; : java.io.EOFException; For more details see:  http://wiki.apache.org/hadoop/EOFException, while invoking $Proxy52.submitRequest over nodeId=omNode-1,nodeAddress=127.0.0.1:11740. Trying to failover immediately.
2021-11-15 13:53:48,362 [Time-limited test] INFO  retry.RetryInvocationHandler (RetryInvocationHandler.java:log(411)) - com.google.protobuf.ServiceException: org.apache.hadoop.ipc.RemoteException(org.apache.hadoop.ozone.om.exceptions.OMNotLeaderException): OM:omNode-2 is not the leader. Could not determine the leader node.
	at org.apache.hadoop.ozone.om.ratis.utils.OzoneManagerRatisUtils.createNotLeaderException(OzoneManagerRatisUtils.java:455)
	at org.apache.hadoop.ozone.om.ratis.utils.OzoneManagerRatisUtils.checkLeaderStatus(OzoneManagerRatisUtils.java:441)
	at org.apache.hadoop.ozone.protocolPB.OzoneManagerProtocolServerSideTranslatorPB.checkLeaderStatus(OzoneManagerProtocolServerSideTranslatorPB.java:279)
	at org.apache.hadoop.ozone.protocolPB.OzoneManagerProtocolServerSideTranslatorPB.processRequest(OzoneManagerProtocolServerSideTranslatorPB.java:158)
	at org.apache.hadoop.hdds.server.OzoneProtocolMessageDispatcher.processRequest(OzoneProtocolMessageDispatcher.java:87)
	at org.apache.hadoop.ozone.protocolPB.OzoneManagerProtocolServerSideTranslatorPB.submitRequest(OzoneManagerProtocolServerSideTranslatorPB.java:124)
	at org.apache.hadoop.ozone.protocol.proto.OzoneManagerProtocolProtos$OzoneManagerService$2.callBlockingMethod(OzoneManagerProtocolProtos.java)
	at org.apache.hadoop.ipc.ProtobufRpcEngine$Server.processCall(ProtobufRpcEngine.java:466)
	at org.apache.hadoop.ipc.ProtobufRpcEngine2$Server$ProtoBufRpcInvoker.call(ProtobufRpcEngine2.java:574)
	at org.apache.hadoop.ipc.ProtobufRpcEngine2$Server$ProtoBufRpcInvoker.call(ProtobufRpcEngine2.java:552)
	at org.apache.hadoop.ipc.RPC$Server.call(RPC.java:1093)
	at org.apache.hadoop.ipc.Server$RpcCall.run(Server.java:1035)
	at org.apache.hadoop.ipc.Server$RpcCall.run(Server.java:963)
	at java.security.AccessController.doPrivileged(Native Method)
	at javax.security.auth.Subject.doAs(Subject.java:422)
	at org.apache.hadoop.security.UserGroupInformation.doAs(UserGroupInformation.java:1878)
	at org.apache.hadoop.ipc.Server$Handler.run(Server.java:2966)
, while invoking $Proxy52.submitRequest over nodeId=omNode-2,nodeAddress=127.0.0.1:11746 after 1 failover attempts. Trying to failover immediately.
2021-11-15 13:53:48,365 [Time-limited test] INFO  retry.RetryInvocationHandler (RetryInvocationHandler.java:log(411)) - com.google.protobuf.ServiceException: org.apache.hadoop.ipc.RemoteException(org.apache.hadoop.ozone.om.exceptions.OMNotLeaderException): OM:omNode-3 is not the leader. Could not determine the leader node.
	at org.apache.hadoop.ozone.om.ratis.utils.OzoneManagerRatisUtils.createNotLeaderException(OzoneManagerRatisUtils.java:455)
	at org.apache.hadoop.ozone.om.ratis.utils.OzoneManagerRatisUtils.checkLeaderStatus(OzoneManagerRatisUtils.java:441)
	at org.apache.hadoop.ozone.protocolPB.OzoneManagerProtocolServerSideTranslatorPB.checkLeaderStatus(OzoneManagerProtocolServerSideTranslatorPB.java:279)
	at org.apache.hadoop.ozone.protocolPB.OzoneManagerProtocolServerSideTranslatorPB.processRequest(OzoneManagerProtocolServerSideTranslatorPB.java:158)
	at org.apache.hadoop.hdds.server.OzoneProtocolMessageDispatcher.processRequest(OzoneProtocolMessageDispatcher.java:87)
	at org.apache.hadoop.ozone.protocolPB.OzoneManagerProtocolServerSideTranslatorPB.submitRequest(OzoneManagerProtocolServerSideTranslatorPB.java:124)
	at org.apache.hadoop.ozone.protocol.proto.OzoneManagerProtocolProtos$OzoneManagerService$2.callBlockingMethod(OzoneManagerProtocolProtos.java)
	at org.apache.hadoop.ipc.ProtobufRpcEngine$Server.processCall(ProtobufRpcEngine.java:466)
	at org.apache.hadoop.ipc.ProtobufRpcEngine2$Server$ProtoBufRpcInvoker.call(ProtobufRpcEngine2.java:574)
	at org.apache.hadoop.ipc.ProtobufRpcEngine2$Server$ProtoBufRpcInvoker.call(ProtobufRpcEngine2.java:552)
	at org.apache.hadoop.ipc.RPC$Server.call(RPC.java:1093)
	at org.apache.hadoop.ipc.Server$RpcCall.run(Server.java:1035)
	at org.apache.hadoop.ipc.Server$RpcCall.run(Server.java:963)
	at java.security.AccessController.doPrivileged(Native Method)
	at javax.security.auth.Subject.doAs(Subject.java:422)
	at org.apache.hadoop.security.UserGroupInformation.doAs(UserGroupInformation.java:1878)
	at org.apache.hadoop.ipc.Server$Handler.run(Server.java:2966)
, while invoking $Proxy52.submitRequest over nodeId=omNode-3,nodeAddress=127.0.0.1:11752 after 2 failover attempts. Trying to failover after sleeping for 2000ms.
2021-11-15 13:53:49,166 [omNode-1@group-523986131536-FollowerState] INFO  impl.FollowerState (FollowerState.java:run(134)) - omNode-1@group-523986131536-FollowerState: change to CANDIDATE, lastRpcElapsedTime:1047120110ns, electionTimeout:1040ms
2021-11-15 13:53:49,167 [omNode-1@group-523986131536-FollowerState] INFO  impl.RoleInfo (RoleInfo.java:shutdownFollowerState(108)) - omNode-1: shutdown omNode-1@group-523986131536-FollowerState
2021-11-15 13:53:49,167 [omNode-1@group-523986131536-FollowerState] INFO  server.RaftServer$Division (RaftServerImpl.java:setRole(290)) - omNode-1@group-523986131536: changes role from  FOLLOWER to CANDIDATE at term 4 for changeToCandidate
2021-11-15 13:53:49,167 [omNode-1@group-523986131536-FollowerState] INFO  server.RaftServerConfigKeys (ConfUtils.java:logGet(44)) - raft.server.leaderelection.pre-vote = false (custom)
2021-11-15 13:53:49,167 [omNode-1@group-523986131536-FollowerState] INFO  impl.RoleInfo (RoleInfo.java:updateAndGet(130)) - omNode-1: start omNode-1@group-523986131536-LeaderElection17
2021-11-15 13:53:49,172 [omNode-1@group-523986131536-LeaderElection17] INFO  impl.LeaderElection (LeaderElection.java:askForVotes(306)) - omNode-1@group-523986131536-LeaderElection17 ELECTION round 0: submit vote requests at term 5 for 130: [omNode-3|rpc:localhost:11756|admin:|client:|dataStream:|priority:0, omNode-1|rpc:localhost:11744|admin:|client:|dataStream:|priority:0, omNode-2|rpc:localhost:11750|admin:|client:|dataStream:|priority:0], old=null
2021-11-15 13:53:49,178 [grpc-default-executor-0] INFO  server.RaftServer$Division (RaftServerImpl.java:requestVote(1046)) - omNode-3@group-523986131536: receive requestVote(ELECTION, omNode-1, group-523986131536, 5, (t:4, i:353))
2021-11-15 13:53:49,178 [grpc-default-executor-0] INFO  impl.VoteContext (VoteContext.java:log(48)) - omNode-3@group-523986131536-FOLLOWER: reject ELECTION from omNode-1: already has voted for omNode-2 at current term 5
2021-11-15 13:53:49,179 [grpc-default-executor-0] INFO  server.RaftServer$Division (RaftServerImpl.java:requestVote(1078)) - omNode-3@group-523986131536 replies to ELECTION vote request: omNode-1<-omNode-3#0:FAIL-t5. Peer's state: omNode-3@group-523986131536:t5, leader=omNode-2, voted=omNode-2, raftlog=omNode-3@group-523986131536-SegmentedRaftLog:OPENED:c355, conf=354: [omNode-3|rpc:localhost:11756|admin:|client:|dataStream:|priority:0, omNode-1|rpc:localhost:11744|admin:|client:|dataStream:|priority:0, omNode-2|rpc:localhost:11750|admin:|client:|dataStream:|priority:0], old=null
2021-11-15 13:53:49,179 [grpc-default-executor-4] INFO  server.RaftServer$Division (RaftServerImpl.java:requestVote(1046)) - omNode-2@group-523986131536: receive requestVote(ELECTION, omNode-1, group-523986131536, 5, (t:4, i:353))
2021-11-15 13:53:49,179 [grpc-default-executor-4] INFO  impl.VoteContext (VoteContext.java:log(48)) - omNode-2@group-523986131536-FOLLOWER: reject ELECTION from omNode-1: already has voted for omNode-2 at current term 5
2021-11-15 13:53:49,179 [grpc-default-executor-4] INFO  server.RaftServer$Division (RaftServerImpl.java:requestVote(1078)) - omNode-2@group-523986131536 replies to ELECTION vote request: omNode-1<-omNode-2#0:FAIL-t5. Peer's state: omNode-2@group-523986131536:t5, leader=null, voted=omNode-2, raftlog=omNode-2@group-523986131536-SegmentedRaftLog:OPENED:c355, conf=354: [omNode-3|rpc:localhost:11756|admin:|client:|dataStream:|priority:0, omNode-1|rpc:localhost:11744|admin:|client:|dataStream:|priority:0, omNode-2|rpc:localhost:11750|admin:|client:|dataStream:|priority:0], old=null
2021-11-15 13:53:49,183 [omNode-1@group-523986131536-LeaderElection17] INFO  impl.LeaderElection (LeaderElection.java:logAndReturn(89)) - omNode-1@group-523986131536-LeaderElection17: ELECTION REJECTED received 2 response(s) and 0 exception(s):
2021-11-15 13:53:49,183 [omNode-1@group-523986131536-LeaderElection17] INFO  impl.LeaderElection (LeaderElection.java:logAndReturn(93)) -   Response 0: omNode-1<-omNode-3#0:FAIL-t5
2021-11-15 13:53:49,183 [omNode-1@group-523986131536-LeaderElection17] INFO  impl.LeaderElection (LeaderElection.java:logAndReturn(93)) -   Response 1: omNode-1<-omNode-2#0:FAIL-t5
2021-11-15 13:53:49,183 [omNode-1@group-523986131536-LeaderElection17] INFO  impl.LeaderElection (LeaderElection.java:askForVotes(308)) - omNode-1@group-523986131536-LeaderElection17 ELECTION round 0: result REJECTED
2021-11-15 13:53:49,183 [omNode-1@group-523986131536-LeaderElection17] INFO  server.RaftServer$Division (RaftServerImpl.java:setRole(290)) - omNode-1@group-523986131536: changes role from CANDIDATE to FOLLOWER at term 5 for REJECTED
2021-11-15 13:53:49,183 [omNode-1@group-523986131536-LeaderElection17] INFO  impl.RoleInfo (RoleInfo.java:shutdownLeaderElection(121)) - omNode-1: shutdown omNode-1@group-523986131536-LeaderElection17
2021-11-15 13:53:49,183 [omNode-1@group-523986131536-LeaderElection17] INFO  impl.RoleInfo (RoleInfo.java:updateAndGet(130)) - omNode-1: start omNode-1@group-523986131536-FollowerState
2021-11-15 13:53:49,473 [omNode-2@group-523986131536-FollowerState] INFO  impl.FollowerState (FollowerState.java:run(134)) - omNode-2@group-523986131536-FollowerState: change to CANDIDATE, lastRpcElapsedTime:1170007490ns, electionTimeout:1161ms
2021-11-15 13:53:49,473 [omNode-2@group-523986131536-FollowerState] INFO  impl.RoleInfo (RoleInfo.java:shutdownFollowerState(108)) - omNode-2: shutdown omNode-2@group-523986131536-FollowerState
2021-11-15 13:53:49,473 [omNode-2@group-523986131536-FollowerState] INFO  server.RaftServer$Division (RaftServerImpl.java:setRole(290)) - omNode-2@group-523986131536: changes role from  FOLLOWER to CANDIDATE at term 5 for changeToCandidate
2021-11-15 13:53:49,473 [omNode-2@group-523986131536-FollowerState] INFO  server.RaftServerConfigKeys (ConfUtils.java:logGet(44)) - raft.server.leaderelection.pre-vote = false (custom)
2021-11-15 13:53:49,473 [omNode-2@group-523986131536-FollowerState] INFO  impl.RoleInfo (RoleInfo.java:updateAndGet(130)) - omNode-2: start omNode-2@group-523986131536-LeaderElection18
2021-11-15 13:53:49,476 [omNode-2@group-523986131536-LeaderElection18] INFO  impl.LeaderElection (LeaderElection.java:askForVotes(306)) - omNode-2@group-523986131536-LeaderElection18 ELECTION round 0: submit vote requests at term 6 for 354: [omNode-3|rpc:localhost:11756|admin:|client:|dataStream:|priority:0, omNode-1|rpc:localhost:11744|admin:|client:|dataStream:|priority:0, omNode-2|rpc:localhost:11750|admin:|client:|dataStream:|priority:0], old=null
2021-11-15 13:53:49,484 [grpc-default-executor-4] INFO  server.RaftServer$Division (RaftServerImpl.java:requestVote(1046)) - omNode-1@group-523986131536: receive requestVote(ELECTION, omNode-2, group-523986131536, 6, (t:5, i:355))
2021-11-15 13:53:49,484 [grpc-default-executor-4] INFO  impl.VoteContext (VoteContext.java:log(48)) - omNode-1@group-523986131536-FOLLOWER: accept ELECTION from omNode-2: our last entry (t:4, i:353) < candidate's last entry (t:5, i:355)
2021-11-15 13:53:49,484 [grpc-default-executor-4] INFO  server.RaftServer$Division (RaftServerImpl.java:setRole(290)) - omNode-1@group-523986131536: changes role from  FOLLOWER to FOLLOWER at term 6 for candidate:omNode-2
2021-11-15 13:53:49,484 [grpc-default-executor-4] INFO  impl.RoleInfo (RoleInfo.java:shutdownFollowerState(108)) - omNode-1: shutdown omNode-1@group-523986131536-FollowerState
2021-11-15 13:53:49,484 [grpc-default-executor-4] INFO  impl.RoleInfo (RoleInfo.java:updateAndGet(130)) - omNode-1: start omNode-1@group-523986131536-FollowerState
2021-11-15 13:53:49,484 [omNode-1@group-523986131536-FollowerState] INFO  impl.FollowerState (FollowerState.java:run(143)) - omNode-1@group-523986131536-FollowerState was interrupted: {}
java.lang.InterruptedException: sleep interrupted
	at java.lang.Thread.sleep(Native Method)
	at java.lang.Thread.sleep(Thread.java:340)
	at java.util.concurrent.TimeUnit.sleep(TimeUnit.java:386)
	at org.apache.ratis.util.TimeDuration.sleep(TimeDuration.java:324)
	at org.apache.ratis.util.TimeDuration.sleep(TimeDuration.java:309)
	at org.apache.ratis.server.impl.FollowerState.run(FollowerState.java:118)
2021-11-15 13:53:49,487 [grpc-default-executor-4] INFO  server.RaftServer$Division (RaftServerImpl.java:requestVote(1078)) - omNode-1@group-523986131536 replies to ELECTION vote request: omNode-2<-omNode-1#0:OK-t6. Peer's state: omNode-1@group-523986131536:t6, leader=null, voted=omNode-2, raftlog=omNode-1@group-523986131536-SegmentedRaftLog:OPENED:c353, conf=130: [omNode-3|rpc:localhost:11756|admin:|client:|dataStream:|priority:0, omNode-1|rpc:localhost:11744|admin:|client:|dataStream:|priority:0, omNode-2|rpc:localhost:11750|admin:|client:|dataStream:|priority:0], old=null
2021-11-15 13:53:49,488 [grpc-default-executor-4] INFO  server.RaftServer$Division (RaftServerImpl.java:requestVote(1046)) - omNode-3@group-523986131536: receive requestVote(ELECTION, omNode-2, group-523986131536, 6, (t:5, i:355))
2021-11-15 13:53:49,488 [grpc-default-executor-4] INFO  impl.VoteContext (VoteContext.java:log(48)) - omNode-3@group-523986131536-FOLLOWER: accept ELECTION from omNode-2: our priority 0 <= candidate's priority 0
2021-11-15 13:53:49,488 [grpc-default-executor-4] INFO  server.RaftServer$Division (ServerState.java:setLeader(285)) - omNode-3@group-523986131536: change Leader from omNode-2 to null at term 6 for updateCurrentTerm
2021-11-15 13:53:49,488 [grpc-default-executor-4] INFO  server.RaftServer$Division (RaftServerImpl.java:setRole(290)) - omNode-3@group-523986131536: changes role from  FOLLOWER to FOLLOWER at term 6 for candidate:omNode-2
2021-11-15 13:53:49,488 [grpc-default-executor-4] INFO  impl.RoleInfo (RoleInfo.java:shutdownFollowerState(108)) - omNode-3: shutdown omNode-3@group-523986131536-FollowerState
2021-11-15 13:53:49,488 [grpc-default-executor-4] INFO  impl.RoleInfo (RoleInfo.java:updateAndGet(130)) - omNode-3: start omNode-3@group-523986131536-FollowerState
2021-11-15 13:53:49,489 [omNode-3@group-523986131536-FollowerState] INFO  impl.FollowerState (FollowerState.java:run(143)) - omNode-3@group-523986131536-FollowerState was interrupted: {}
java.lang.InterruptedException: sleep interrupted
	at java.lang.Thread.sleep(Native Method)
	at java.lang.Thread.sleep(Thread.java:340)
	at java.util.concurrent.TimeUnit.sleep(TimeUnit.java:386)
	at org.apache.ratis.util.TimeDuration.sleep(TimeDuration.java:324)
	at org.apache.ratis.util.TimeDuration.sleep(TimeDuration.java:309)
	at org.apache.ratis.server.impl.FollowerState.run(FollowerState.java:118)
2021-11-15 13:53:49,495 [omNode-2@group-523986131536-LeaderElection18] INFO  impl.LeaderElection (LeaderElection.java:logAndReturn(89)) - omNode-2@group-523986131536-LeaderElection18: ELECTION PASSED received 1 response(s) and 0 exception(s):
2021-11-15 13:53:49,495 [omNode-2@group-523986131536-LeaderElection18] INFO  impl.LeaderElection (LeaderElection.java:logAndReturn(93)) -   Response 0: omNode-2<-omNode-1#0:OK-t6
2021-11-15 13:53:49,495 [omNode-2@group-523986131536-LeaderElection18] INFO  impl.LeaderElection (LeaderElection.java:askForVotes(308)) - omNode-2@group-523986131536-LeaderElection18 ELECTION round 0: result PASSED
2021-11-15 13:53:49,495 [omNode-2@group-523986131536-LeaderElection18] INFO  impl.RoleInfo (RoleInfo.java:shutdownLeaderElection(121)) - omNode-2: shutdown omNode-2@group-523986131536-LeaderElection18
2021-11-15 13:53:49,495 [omNode-2@group-523986131536-LeaderElection18] INFO  server.RaftServer$Division (RaftServerImpl.java:setRole(290)) - omNode-2@group-523986131536: changes role from CANDIDATE to LEADER at term 6 for changeToLeader
2021-11-15 13:53:49,495 [omNode-2@group-523986131536-LeaderElection18] INFO  server.RaftServer$Division (ServerState.java:setLeader(285)) - omNode-2@group-523986131536: change Leader from null to omNode-2 at term 6 for becomeLeader, leader elected after 1197ms
2021-11-15 13:53:49,495 [omNode-2@group-523986131536-LeaderElection18] INFO  server.RaftServerConfigKeys (ConfUtils.java:logGet(44)) - raft.server.staging.catchup.gap = 1000 (default)
2021-11-15 13:53:49,495 [omNode-2@group-523986131536-LeaderElection18] INFO  server.RaftServerConfigKeys (ConfUtils.java:logGet(44)) - raft.server.write.element-limit = 4096 (default)
2021-11-15 13:53:49,495 [omNode-2@group-523986131536-LeaderElection18] INFO  server.RaftServerConfigKeys (ConfUtils.java:logGet(44)) - raft.server.write.byte-limit = 64MB (=67108864) (default)
2021-11-15 13:53:49,496 [omNode-2@group-523986131536-LeaderElection18] INFO  server.RaftServerConfigKeys (ConfUtils.java:logGet(44)) - raft.server.watch.timeout = 10s (default)
2021-11-15 13:53:49,496 [omNode-2@group-523986131536-LeaderElection18] INFO  server.RaftServerConfigKeys (ConfUtils.java:logGet(44)) - raft.server.watch.timeout.denomination = 1s (default)
2021-11-15 13:53:49,496 [omNode-2@group-523986131536-LeaderElection18] INFO  server.RaftServerConfigKeys (ConfUtils.java:logGet(44)) - raft.server.watch.element-limit = 65536 (default)
2021-11-15 13:53:49,496 [omNode-2@group-523986131536-LeaderElection18] INFO  server.RaftServerConfigKeys (ConfUtils.java:logGet(44)) - raft.server.write.element-limit = 4096 (default)
2021-11-15 13:53:49,496 [omNode-2@group-523986131536-LeaderElection18] INFO  server.RaftServerConfigKeys (ConfUtils.java:logGet(44)) - raft.server.write.follower.gap.ratio.max = -1.0 (default)
2021-11-15 13:53:49,496 [omNode-2@group-523986131536-LeaderElection18] INFO  server.RaftServerConfigKeys (ConfUtils.java:logGet(44)) - raft.server.log.appender.snapshot.chunk.size.max = 16MB (=16777216) (default)
2021-11-15 13:53:49,496 [omNode-2@group-523986131536-LeaderElection18] INFO  server.RaftServerConfigKeys (ConfUtils.java:logGet(44)) - raft.server.log.appender.buffer.byte-limit = 33554432 (custom)
2021-11-15 13:53:49,496 [omNode-2@group-523986131536-LeaderElection18] INFO  server.RaftServerConfigKeys (ConfUtils.java:logGet(44)) - raft.server.log.appender.buffer.element-limit = 1024 (custom)
2021-11-15 13:53:49,496 [omNode-2@group-523986131536-LeaderElection18] INFO  grpc.GrpcConfigKeys (ConfUtils.java:logGet(44)) - raft.grpc.server.leader.outstanding.appends.max = 128 (default)
2021-11-15 13:53:49,496 [omNode-2@group-523986131536-LeaderElection18] INFO  server.RaftServerConfigKeys (ConfUtils.java:logGet(44)) - raft.server.rpc.request.timeout = 3000ms (default)
2021-11-15 13:53:49,496 [omNode-2@group-523986131536-LeaderElection18] INFO  server.RaftServerConfigKeys (ConfUtils.java:logGet(44)) - raft.server.log.appender.install.snapshot.enabled = false (custom)
2021-11-15 13:53:49,497 [omNode-2@group-523986131536-LeaderElection18] INFO  server.RaftServerConfigKeys (ConfUtils.java:logGet(44)) - raft.server.log.appender.snapshot.chunk.size.max = 16MB (=16777216) (default)
2021-11-15 13:53:49,497 [omNode-2@group-523986131536-LeaderElection18] INFO  server.RaftServerConfigKeys (ConfUtils.java:logGet(44)) - raft.server.log.appender.buffer.byte-limit = 33554432 (custom)
2021-11-15 13:53:49,497 [omNode-2@group-523986131536-LeaderElection18] INFO  server.RaftServerConfigKeys (ConfUtils.java:logGet(44)) - raft.server.log.appender.buffer.element-limit = 1024 (custom)
2021-11-15 13:53:49,497 [omNode-2@group-523986131536-LeaderElection18] INFO  grpc.GrpcConfigKeys (ConfUtils.java:logGet(44)) - raft.grpc.server.leader.outstanding.appends.max = 128 (default)
2021-11-15 13:53:49,497 [omNode-2@group-523986131536-LeaderElection18] INFO  server.RaftServerConfigKeys (ConfUtils.java:logGet(44)) - raft.server.rpc.request.timeout = 3000ms (default)
2021-11-15 13:53:49,497 [omNode-2@group-523986131536-LeaderElection18] INFO  server.RaftServerConfigKeys (ConfUtils.java:logGet(44)) - raft.server.log.appender.install.snapshot.enabled = false (custom)
2021-11-15 13:53:49,499 [grpc-default-executor-4] INFO  server.RaftServer$Division (RaftServerImpl.java:requestVote(1078)) - omNode-3@group-523986131536 replies to ELECTION vote request: omNode-2<-omNode-3#0:OK-t6. Peer's state: omNode-3@group-523986131536:t6, leader=null, voted=omNode-2, raftlog=omNode-3@group-523986131536-SegmentedRaftLog:OPENED:c355, conf=354: [omNode-3|rpc:localhost:11756|admin:|client:|dataStream:|priority:0, omNode-1|rpc:localhost:11744|admin:|client:|dataStream:|priority:0, omNode-2|rpc:localhost:11750|admin:|client:|dataStream:|priority:0], old=null
2021-11-15 13:53:49,500 [omNode-2@group-523986131536-LeaderElection18] INFO  impl.RoleInfo (RoleInfo.java:updateAndGet(130)) - omNode-2: start omNode-2@group-523986131536-LeaderStateImpl
2021-11-15 13:53:49,504 [omNode-2@group-523986131536-LeaderElection18] INFO  segmented.SegmentedRaftLogWorker (SegmentedRaftLogWorker.java:rollLogSegment(399)) - omNode-2@group-523986131536-SegmentedRaftLogWorker: Rolling segment log-354_355 to index:355
2021-11-15 13:53:49,505 [omNode-2@group-523986131536-SegmentedRaftLogWorker] INFO  segmented.SegmentedRaftLogWorker (SegmentedRaftLogWorker.java:execute(558)) - omNode-2@group-523986131536-SegmentedRaftLogWorker: Rolled log segment from /home/runner/work/ozone/ozone/hadoop-ozone/integration-test/target/test-dir/MiniOzoneClusterImpl-e73edc9f-ff19-4fd0-8331-074ccb3cb693/omNode-2/ratis/c9bc4cf4-3bc3-3c60-a66b-523986131536/current/log_inprogress_354 to /home/runner/work/ozone/ozone/hadoop-ozone/integration-test/target/test-dir/MiniOzoneClusterImpl-e73edc9f-ff19-4fd0-8331-074ccb3cb693/omNode-2/ratis/c9bc4cf4-3bc3-3c60-a66b-523986131536/current/log_354-355
2021-11-15 13:53:49,510 [omNode-2@group-523986131536-SegmentedRaftLogWorker] INFO  segmented.SegmentedRaftLogWorker (SegmentedRaftLogWorker.java:execute(601)) - omNode-2@group-523986131536-SegmentedRaftLogWorker: created new log segment /home/runner/work/ozone/ozone/hadoop-ozone/integration-test/target/test-dir/MiniOzoneClusterImpl-e73edc9f-ff19-4fd0-8331-074ccb3cb693/omNode-2/ratis/c9bc4cf4-3bc3-3c60-a66b-523986131536/current/log_inprogress_356
2021-11-15 13:53:49,516 [grpc-default-executor-0] INFO  server.RaftServer$Division (ServerState.java:setLeader(285)) - omNode-1@group-523986131536: change Leader from null to omNode-2 at term 6 for appendEntries, leader elected after 1408ms
2021-11-15 13:53:49,516 [grpc-default-executor-0] INFO  server.RaftServer$Division (RaftServerImpl.java:checkInconsistentAppendEntries(1322)) - omNode-1@group-523986131536: Failed appendEntries as previous log entry ((t:5, i:355)) is not found
2021-11-15 13:53:49,516 [grpc-default-executor-0] INFO  server.RaftServer$Division (RaftServerImpl.java:checkInconsistentAppendEntries(1288)) - omNode-1@group-523986131536: inconsistency entries. Reply:omNode-2<-omNode-1#0:FAIL-t6,INCONSISTENCY,nextIndex=354,followerCommit=353
2021-11-15 13:53:49,523 [grpc-default-executor-4] INFO  leader.FollowerInfo (FollowerInfoImpl.java:lambda$new$0(47)) - omNode-2@group-523986131536->omNode-1: nextIndex: updateUnconditionally 357 -> 354
2021-11-15 13:53:49,523 [omNode-2@group-523986131536->omNode-1-GrpcLogAppender-LogAppenderDaemon] ERROR leader.LogAppenderDaemon (LogAppenderDaemon.java:run(86)) - omNode-2@group-523986131536->omNode-1-GrpcLogAppender-LogAppenderDaemon failed
java.lang.NullPointerException: omNode-2@group-523986131536->omNode-1: Previous TermIndex not found for firstIndex = 354
	at java.util.Objects.requireNonNull(Objects.java:290)
	at org.apache.ratis.server.leader.LogAppenderBase.assertProtos(LogAppenderBase.java:169)
	at org.apache.ratis.server.leader.LogAppenderBase.newAppendEntriesRequest(LogAppenderBase.java:154)
	at org.apache.ratis.grpc.server.GrpcLogAppender.appendLog(GrpcLogAppender.java:213)
	at org.apache.ratis.grpc.server.GrpcLogAppender.run(GrpcLogAppender.java:147)
	at org.apache.ratis.server.leader.LogAppenderDaemon.run(LogAppenderDaemon.java:77)
	at java.lang.Thread.run(Thread.java:748)
2021-11-15 13:53:49,524 [grpc-default-executor-4] INFO  server.RaftServer$Division (RaftServerImpl.java:checkInconsistentAppendEntries(1322)) - omNode-1@group-523986131536: Failed appendEntries as previous log entry ((t:5, i:355)) is not found
2021-11-15 13:53:49,524 [grpc-default-executor-4] INFO  server.RaftServer$Division (RaftServerImpl.java:checkInconsistentAppendEntries(1288)) - omNode-1@group-523986131536: inconsistency entries. Reply:omNode-2<-omNode-1#1:FAIL-t6,INCONSISTENCY,nextIndex=354,followerCommit=353
2021-11-15 13:53:49,523 [omNode-2@group-523986131536-LeaderElection18] INFO  server.RaftServer$Division (ServerState.java:setRaftConf(387)) - omNode-2@group-523986131536: set configuration 356: [omNode-3|rpc:localhost:11756|admin:|client:|dataStream:|priority:0, omNode-1|rpc:localhost:11744|admin:|client:|dataStream:|priority:0, omNode-2|rpc:localhost:11750|admin:|client:|dataStream:|priority:0], old=null
2021-11-15 13:53:49,524 [omNode-2@group-523986131536->omNode-1-GrpcLogAppender-LogAppenderDaemon] INFO  server.RaftServer$Division (LeaderStateImpl.java:restart(514)) - omNode-2@group-523986131536-LeaderStateImpl: Restarting GrpcLogAppender for omNode-2@group-523986131536->omNode-1
2021-11-15 13:53:49,524 [omNode-2@group-523986131536->omNode-1-GrpcLogAppender-LogAppenderDaemon] INFO  server.RaftServerConfigKeys (ConfUtils.java:logGet(44)) - raft.server.log.appender.snapshot.chunk.size.max = 16MB (=16777216) (default)
2021-11-15 13:53:49,524 [omNode-2@group-523986131536->omNode-1-GrpcLogAppender-LogAppenderDaemon] INFO  server.RaftServerConfigKeys (ConfUtils.java:logGet(44)) - raft.server.log.appender.buffer.byte-limit = 33554432 (custom)
2021-11-15 13:53:49,525 [omNode-2@group-523986131536->omNode-1-GrpcLogAppender-LogAppenderDaemon] INFO  server.RaftServerConfigKeys (ConfUtils.java:logGet(44)) - raft.server.log.appender.buffer.element-limit = 1024 (custom)
2021-11-15 13:53:49,525 [grpc-default-executor-0] INFO  server.RaftServer$Division (ServerState.java:setLeader(285)) - omNode-3@group-523986131536: change Leader from null to omNode-2 at term 6 for appendEntries, leader elected after 36ms
2021-11-15 13:53:49,526 [grpc-default-executor-0] INFO  server.RaftServer$Division (ServerState.java:setRaftConf(387)) - omNode-3@group-523986131536: set configuration 356: [omNode-3|rpc:localhost:11756|admin:|client:|dataStream:|priority:0, omNode-1|rpc:localhost:11744|admin:|client:|dataStream:|priority:0, omNode-2|rpc:localhost:11750|admin:|client:|dataStream:|priority:0], old=null
2021-11-15 13:53:49,526 [grpc-default-executor-0] INFO  segmented.SegmentedRaftLogWorker (SegmentedRaftLogWorker.java:rollLogSegment(399)) - omNode-3@group-523986131536-SegmentedRaftLogWorker: Rolling segment log-354_355 to index:355
2021-11-15 13:53:49,535 [omNode-2@group-523986131536->omNode-1-GrpcLogAppender-LogAppenderDaemon] INFO  grpc.GrpcConfigKeys (ConfUtils.java:logGet(44)) - raft.grpc.server.leader.outstanding.appends.max = 128 (default)
2021-11-15 13:53:49,535 [omNode-2@group-523986131536->omNode-1-GrpcLogAppender-LogAppenderDaemon] INFO  server.RaftServerConfigKeys (ConfUtils.java:logGet(44)) - raft.server.rpc.request.timeout = 3000ms (default)
2021-11-15 13:53:49,535 [omNode-2@group-523986131536->omNode-1-GrpcLogAppender-LogAppenderDaemon] INFO  server.RaftServerConfigKeys (ConfUtils.java:logGet(44)) - raft.server.log.appender.install.snapshot.enabled = false (custom)
2021-11-15 13:53:49,535 [grpc-default-executor-4] INFO  leader.FollowerInfo (FollowerInfoImpl.java:lambda$new$0(47)) - omNode-2@group-523986131536->omNode-1: nextIndex: updateUnconditionally 354 -> 354
2021-11-15 13:53:49,536 [omNode-2@group-523986131536->omNode-1-GrpcLogAppender-LogAppenderDaemon] INFO  server.GrpcLogAppender (GrpcLogAppender.java:installSnapshot(550)) - omNode-2@group-523986131536->omNode-1-GrpcLogAppender: followerNextIndex = 0 but logStartIndex = 354, notify follower to install snapshot-(t:5, i:354)
2021-11-15 13:53:49,536 [omNode-2@group-523986131536->omNode-1-GrpcLogAppender-LogAppenderDaemon] INFO  server.GrpcLogAppender (GrpcLogAppender.java:installSnapshot(558)) - omNode-2@group-523986131536->omNode-1-GrpcLogAppender: send omNode-2->omNode-1#0-t6,notify:(t:5, i:354)
2021-11-15 13:53:49,536 [omNode-3@group-523986131536-SegmentedRaftLogWorker] INFO  segmented.SegmentedRaftLogWorker (SegmentedRaftLogWorker.java:execute(558)) - omNode-3@group-523986131536-SegmentedRaftLogWorker: Rolled log segment from /home/runner/work/ozone/ozone/hadoop-ozone/integration-test/target/test-dir/MiniOzoneClusterImpl-e73edc9f-ff19-4fd0-8331-074ccb3cb693/omNode-3/ratis/c9bc4cf4-3bc3-3c60-a66b-523986131536/current/log_inprogress_354 to /home/runner/work/ozone/ozone/hadoop-ozone/integration-test/target/test-dir/MiniOzoneClusterImpl-e73edc9f-ff19-4fd0-8331-074ccb3cb693/omNode-3/ratis/c9bc4cf4-3bc3-3c60-a66b-523986131536/current/log_354-355
2021-11-15 13:53:49,544 [grpc-default-executor-0] INFO  server.RaftServer$Division (RaftServerImpl.java:installSnapshot(1332)) - omNode-1@group-523986131536: receive installSnapshot: omNode-2->omNode-1#0-t6,notify:(t:5, i:354)
2021-11-15 13:53:49,545 [grpc-default-executor-0] INFO  server.RaftServer$Division (RaftServerImpl.java:notifyStateMachineToInstallSnapshot(1551)) - omNode-1@group-523986131536: Received notification to install snapshot at index 354
2021-11-15 13:53:49,545 [grpc-default-executor-0] INFO  server.RaftServer$Division (RaftServerImpl.java:notifyStateMachineToInstallSnapshot(1559)) - omNode-1@group-523986131536: InstallSnapshot notification result: ALREADY_INSTALLED, current snapshot index: 353
2021-11-15 13:53:49,545 [grpc-default-executor-0] INFO  server.RaftServer$Division (RaftServerImpl.java:installSnapshotImpl(1462)) - omNode-1@group-523986131536: set new configuration index: 356
configurationEntry {
  peers {
    id: "omNode-3"
    address: "localhost:11756"
  }
  peers {
    id: "omNode-1"
    address: "localhost:11744"
  }
  peers {
    id: "omNode-2"
    address: "localhost:11750"
  }
}
 from snapshot
2021-11-15 13:53:49,545 [grpc-default-executor-0] INFO  server.RaftServer$Division (ServerState.java:setRaftConf(387)) - omNode-1@group-523986131536: set configuration 356: [omNode-3|rpc:localhost:11756|admin:|client:|dataStream:|priority:0, omNode-1|rpc:localhost:11744|admin:|client:|dataStream:|priority:0, omNode-2|rpc:localhost:11750|admin:|client:|dataStream:|priority:0], old=null
2021-11-15 13:53:49,545 [grpc-default-executor-0] INFO  ratis.OzoneManagerStateMachine (OzoneManagerStateMachine.java:notifyConfigurationChanged(188)) - Received Configuration change notification from Ratis. New Peer list:
[id: "omNode-3"
address: "localhost:11756"
, id: "omNode-1"
address: "localhost:11744"
, id: "omNode-2"
address: "localhost:11750"
]
2021-11-15 13:53:49,545 [grpc-default-executor-0] INFO  server.RaftServer$Division (RaftServerImpl.java:installSnapshot(1343)) - omNode-1@group-523986131536: reply installSnapshot: omNode-2<-omNode-1#0:FAIL-t6,ALREADY_INSTALLED,snapshotIndex=353
2021-11-15 13:53:49,545 [grpc-default-executor-0] INFO  server.GrpcServerProtocolService (GrpcServerProtocolService.java:onCompleted(140)) - omNode-1: Completed INSTALL_SNAPSHOT, lastRequest: omNode-2->omNode-1#0-t6,notify:(t:5, i:354)
2021-11-15 13:53:49,546 [omNode-3@group-523986131536-SegmentedRaftLogWorker] INFO  segmented.SegmentedRaftLogWorker (SegmentedRaftLogWorker.java:execute(601)) - omNode-3@group-523986131536-SegmentedRaftLogWorker: created new log segment /home/runner/work/ozone/ozone/hadoop-ozone/integration-test/target/test-dir/MiniOzoneClusterImpl-e73edc9f-ff19-4fd0-8331-074ccb3cb693/omNode-3/ratis/c9bc4cf4-3bc3-3c60-a66b-523986131536/current/log_inprogress_356
2021-11-15 13:53:49,546 [grpc-default-executor-0] INFO  server.GrpcLogAppender (GrpcLogAppender.java:onNext(410)) - omNode-2@group-523986131536->omNode-1-InstallSnapshotResponseHandler: received the first reply omNode-2<-omNode-1#0:FAIL-t6,ALREADY_INSTALLED,snapshotIndex=353
2021-11-15 13:53:49,546 [grpc-default-executor-0] INFO  server.GrpcLogAppender (GrpcLogAppender.java:onNext(433)) - omNode-2@group-523986131536->omNode-1-InstallSnapshotResponseHandler: Follower snapshot is already at index 353.
2021-11-15 13:53:49,546 [grpc-default-executor-0] INFO  leader.FollowerInfo (FollowerInfoImpl.java:lambda$new$0(47)) - omNode-2@group-523986131536->omNode-1: snapshotIndex: setUnconditionally 0 -> 353
2021-11-15 13:53:49,546 [grpc-default-executor-0] INFO  leader.FollowerInfo (FollowerInfoImpl.java:lambda$new$0(47)) - omNode-2@group-523986131536->omNode-1: matchIndex: setUnconditionally 0 -> 353
2021-11-15 13:53:49,546 [grpc-default-executor-0] INFO  leader.FollowerInfo (FollowerInfoImpl.java:lambda$new$0(47)) - omNode-2@group-523986131536->omNode-1: nextIndex: setUnconditionally 0 -> 354
2021-11-15 13:53:49,546 [grpc-default-executor-0] INFO  leader.FollowerInfo (FollowerInfoImpl.java:setAttemptedToInstallSnapshot(116)) - Follower omNode-2@group-523986131536->omNode-1 acknowledged installing snapshot
2021-11-15 13:53:49,546 [grpc-default-executor-0] INFO  leader.FollowerInfo (FollowerInfoImpl.java:lambda$new$0(47)) - omNode-2@group-523986131536->omNode-1: nextIndex: updateToMax old=354, new=354, updated? false
2021-11-15 13:53:49,561 [omNode-2@group-523986131536-StateMachineUpdater] INFO  ratis.OzoneManagerStateMachine (OzoneManagerStateMachine.java:notifyConfigurationChanged(188)) - Received Configuration change notification from Ratis. New Peer list:
[id: "omNode-3"
address: "localhost:11756"
, id: "omNode-1"
address: "localhost:11744"
, id: "omNode-2"
address: "localhost:11750"
]
2021-11-15 13:53:49,562 [grpc-default-executor-0] INFO  server.RaftServer$Division (RaftServerImpl.java:checkInconsistentAppendEntries(1322)) - omNode-1@group-523986131536: Failed appendEntries as previous log entry ((t:6, i:356)) is not found
2021-11-15 13:53:49,562 [grpc-default-executor-0] INFO  server.RaftServer$Division (RaftServerImpl.java:checkInconsistentAppendEntries(1288)) - omNode-1@group-523986131536: inconsistency entries. Reply:omNode-2<-omNode-1#2:FAIL-t6,INCONSISTENCY,nextIndex=354,followerCommit=353
2021-11-15 13:53:49,562 [omNode-3@group-523986131536-StateMachineUpdater] INFO  ratis.OzoneManagerStateMachine (OzoneManagerStateMachine.java:notifyConfigurationChanged(188)) - Received Configuration change notification from Ratis. New Peer list:
[id: "omNode-3"
address: "localhost:11756"
, id: "omNode-1"
address: "localhost:11744"
, id: "omNode-2"
address: "localhost:11750"
]
2021-11-15 13:53:50,063 [grpc-default-executor-0] INFO  server.RaftServer$Division (RaftServerImpl.java:checkInconsistentAppendEntries(1322)) - omNode-1@group-523986131536: Failed appendEntries as previous log entry ((t:6, i:357)) is not found
2021-11-15 13:53:50,063 [grpc-default-executor-0] INFO  server.RaftServer$Division (RaftServerImpl.java:checkInconsistentAppendEntries(1288)) - omNode-1@group-523986131536: inconsistency entries. Reply:omNode-2<-omNode-1#54:FAIL-t6,INCONSISTENCY,nextIndex=354,followerCommit=353
2021-11-15 13:53:50,065 [grpc-default-executor-4] INFO  leader.FollowerInfo (FollowerInfoImpl.java:lambda$new$0(47)) - omNode-2@group-523986131536->omNode-1: nextIndex: updateUnconditionally 358 -> 354
2021-11-15 13:53:50,369 [Time-limited test] INFO  retry.RetryInvocationHandler (RetryInvocationHandler.java:log(411)) - com.google.protobuf.ServiceException: org.apache.hadoop.ipc.RemoteException(org.apache.hadoop.ozone.om.exceptions.OMNotLeaderException): OM:omNode-1 is not the leader. Could not determine the leader node.
	at org.apache.hadoop.ozone.om.ratis.utils.OzoneManagerRatisUtils.createNotLeaderException(OzoneManagerRatisUtils.java:455)
	at org.apache.hadoop.ozone.om.ratis.utils.OzoneManagerRatisUtils.checkLeaderStatus(OzoneManagerRatisUtils.java:441)
	at org.apache.hadoop.ozone.protocolPB.OzoneManagerProtocolServerSideTranslatorPB.checkLeaderStatus(OzoneManagerProtocolServerSideTranslatorPB.java:279)
	at org.apache.hadoop.ozone.protocolPB.OzoneManagerProtocolServerSideTranslatorPB.processRequest(OzoneManagerProtocolServerSideTranslatorPB.java:158)
	at org.apache.hadoop.hdds.server.OzoneProtocolMessageDispatcher.processRequest(OzoneProtocolMessageDispatcher.java:87)
	at org.apache.hadoop.ozone.protocolPB.OzoneManagerProtocolServerSideTranslatorPB.submitRequest(OzoneManagerProtocolServerSideTranslatorPB.java:124)
	at org.apache.hadoop.ozone.protocol.proto.OzoneManagerProtocolProtos$OzoneManagerService$2.callBlockingMethod(OzoneManagerProtocolProtos.java)
	at org.apache.hadoop.ipc.ProtobufRpcEngine$Server.processCall(ProtobufRpcEngine.java:466)
	at org.apache.hadoop.ipc.ProtobufRpcEngine2$Server$ProtoBufRpcInvoker.call(ProtobufRpcEngine2.java:574)
	at org.apache.hadoop.ipc.ProtobufRpcEngine2$Server$ProtoBufRpcInvoker.call(ProtobufRpcEngine2.java:552)
	at org.apache.hadoop.ipc.RPC$Server.call(RPC.java:1093)
	at org.apache.hadoop.ipc.Server$RpcCall.run(Server.java:1035)
	at org.apache.hadoop.ipc.Server$RpcCall.run(Server.java:963)
	at java.security.AccessController.doPrivileged(Native Method)
	at javax.security.auth.Subject.doAs(Subject.java:422)
	at org.apache.hadoop.security.UserGroupInformation.doAs(UserGroupInformation.java:1878)
	at org.apache.hadoop.ipc.Server$Handler.run(Server.java:2966)
, while invoking $Proxy52.submitRequest over nodeId=omNode-1,nodeAddress=127.0.0.1:11740 after 3 failover attempts. Trying to failover immediately.
2021-11-15 13:53:50,372 [grpc-default-executor-4] INFO  server.RaftServer$Division (RaftServerImpl.java:checkInconsistentAppendEntries(1322)) - omNode-1@group-523986131536: Failed appendEntries as previous log entry ((t:6, i:357)) is not found
2021-11-15 13:53:50,372 [grpc-default-executor-4] INFO  server.RaftServer$Division (RaftServerImpl.java:checkInconsistentAppendEntries(1288)) - omNode-1@group-523986131536: inconsistency entries. Reply:omNode-2<-omNode-1#86:FAIL-t6,INCONSISTENCY,nextIndex=354,followerCommit=353
2021-11-15 13:53:50,377 [grpc-default-executor-0] INFO  server.RaftServer$Division (RaftServerImpl.java:checkInconsistentAppendEntries(1322)) - omNode-1@group-523986131536: Failed appendEntries as previous log entry ((t:6, i:358)) is not found
2021-11-15 13:53:50,378 [grpc-default-executor-0] INFO  server.RaftServer$Division (RaftServerImpl.java:checkInconsistentAppendEntries(1288)) - omNode-1@group-523986131536: inconsistency entries. Reply:omNode-2<-omNode-1#87:FAIL-t6,INCONSISTENCY,nextIndex=354,followerCommit=353
2021-11-15 13:53:50,382 [OM StateMachine ApplyTransaction Thread - 0] INFO  upgrade.OMCancelPrepareRequest (OMCancelPrepareRequest.java:validateAndUpdateCache(55)) - OM omNode-2 Received cancel prepare request with log index 358
2021-11-15 13:53:50,383 [OM StateMachine ApplyTransaction Thread - 0] INFO  om.OzoneManagerPrepareState (OzoneManagerPrepareState.java:deletePrepareMarkerFile(271)) - Deleted prepare marker file: /home/runner/work/ozone/ozone/hadoop-ozone/integration-test/target/test-dir/MiniOzoneClusterImpl-e73edc9f-ff19-4fd0-8331-074ccb3cb693/omNode-2/current/prepareMarker
2021-11-15 13:53:50,383 [OM StateMachine ApplyTransaction Thread - 0] INFO  upgrade.OMCancelPrepareRequest (OMCancelPrepareRequest.java:validateAndUpdateCache(84)) - OM omNode-2 prepare state cancelled at log index 358. Returning response 
2021-11-15 13:53:50,394 [OM StateMachine ApplyTransaction Thread - 0] INFO  upgrade.OMCancelPrepareRequest (OMCancelPrepareRequest.java:validateAndUpdateCache(55)) - OM omNode-3 Received cancel prepare request with log index 358
2021-11-15 13:53:50,402 [OM StateMachine ApplyTransaction Thread - 0] INFO  om.OzoneManagerPrepareState (OzoneManagerPrepareState.java:deletePrepareMarkerFile(271)) - Deleted prepare marker file: /home/runner/work/ozone/ozone/hadoop-ozone/integration-test/target/test-dir/MiniOzoneClusterImpl-e73edc9f-ff19-4fd0-8331-074ccb3cb693/omNode-3/current/prepareMarker
2021-11-15 13:53:50,402 [OM StateMachine ApplyTransaction Thread - 0] INFO  upgrade.OMCancelPrepareRequest (OMCancelPrepareRequest.java:validateAndUpdateCache(84)) - OM omNode-3 prepare state cancelled at log index 358. Returning response 
2021-11-15 13:53:50,879 [grpc-default-executor-0] INFO  server.RaftServer$Division (RaftServerImpl.java:checkInconsistentAppendEntries(1322)) - omNode-1@group-523986131536: Failed appendEntries as previous log entry ((t:6, i:359)) is not found
2021-11-15 13:53:50,879 [grpc-default-executor-0] INFO  server.RaftServer$Division (RaftServerImpl.java:checkInconsistentAppendEntries(1288)) - omNode-1@group-523986131536: inconsistency entries. Reply:omNode-2<-omNode-1#137:FAIL-t6,INCONSISTENCY,nextIndex=354,followerCommit=353
2021-11-15 13:53:50,879 [grpc-default-executor-0] INFO  leader.FollowerInfo (FollowerInfoImpl.java:lambda$new$0(47)) - omNode-2@group-523986131536->omNode-1: nextIndex: updateUnconditionally 360 -> 354
2021-11-15 13:53:51,381 [grpc-default-executor-0] INFO  server.RaftServer$Division (RaftServerImpl.java:checkInconsistentAppendEntries(1322)) - omNode-1@group-523986131536: Failed appendEntries as previous log entry ((t:6, i:359)) is not found
2021-11-15 13:53:51,381 [grpc-default-executor-0] INFO  server.RaftServer$Division (RaftServerImpl.java:checkInconsistentAppendEntries(1288)) - omNode-1@group-523986131536: inconsistency entries. Reply:omNode-2<-omNode-1#188:FAIL-t6,INCONSISTENCY,nextIndex=354,followerCommit=353
2021-11-15 13:53:51,382 [grpc-default-executor-0] INFO  leader.FollowerInfo (FollowerInfoImpl.java:lambda$new$0(47)) - omNode-2@group-523986131536->omNode-1: nextIndex: updateUnconditionally 360 -> 354
2021-11-15 13:53:51,884 [grpc-default-executor-0] INFO  server.RaftServer$Division (RaftServerImpl.java:checkInconsistentAppendEntries(1322)) - omNode-1@group-523986131536: Failed appendEntries as previous log entry ((t:6, i:359)) is not found
2021-11-15 13:53:51,884 [grpc-default-executor-0] INFO  server.RaftServer$Division (RaftServerImpl.java:checkInconsistentAppendEntries(1288)) - omNode-1@group-523986131536: inconsistency entries. Reply:omNode-2<-omNode-1#239:FAIL-t6,INCONSISTENCY,nextIndex=354,followerCommit=353
2021-11-15 13:53:51,885 [grpc-default-executor-0] INFO  leader.FollowerInfo (FollowerInfoImpl.java:lambda$new$0(47)) - omNode-2@group-523986131536->omNode-1: nextIndex: updateUnconditionally 360 -> 354
2021-11-15 13:53:52,386 [grpc-default-executor-0] INFO  server.RaftServer$Division (RaftServerImpl.java:checkInconsistentAppendEntries(1322)) - omNode-1@group-523986131536: Failed appendEntries as previous log entry ((t:6, i:359)) is not found
2021-11-15 13:53:52,387 [grpc-default-executor-0] INFO  server.RaftServer$Division (RaftServerImpl.java:checkInconsistentAppendEntries(1288)) - omNode-1@group-523986131536: inconsistency entries. Reply:omNode-2<-omNode-1#290:FAIL-t6,INCONSISTENCY,nextIndex=354,followerCommit=353
2021-11-15 13:53:52,387 [grpc-default-executor-0] INFO  leader.FollowerInfo (FollowerInfoImpl.java:lambda$new$0(47)) - omNode-2@group-523986131536->omNode-1: nextIndex: updateUnconditionally 360 -> 354
2021-11-15 13:53:52,889 [grpc-default-executor-0] INFO  server.RaftServer$Division (RaftServerImpl.java:checkInconsistentAppendEntries(1322)) - omNode-1@group-523986131536: Failed appendEntries as previous log entry ((t:6, i:359)) is not found
2021-11-15 13:53:52,889 [grpc-default-executor-0] INFO  server.RaftServer$Division (RaftServerImpl.java:checkInconsistentAppendEntries(1288)) - omNode-1@group-523986131536: inconsistency entries. Reply:omNode-2<-omNode-1#341:FAIL-t6,INCONSISTENCY,nextIndex=354,followerCommit=353
2021-11-15 13:53:52,889 [grpc-default-executor-0] INFO  leader.FollowerInfo (FollowerInfoImpl.java:lambda$new$0(47)) - omNode-2@group-523986131536->omNode-1: nextIndex: updateUnconditionally 360 -> 354
2021-11-15 13:53:53,390 [grpc-default-executor-0] INFO  server.RaftServer$Division (RaftServerImpl.java:checkInconsistentAppendEntries(1322)) - omNode-1@group-523986131536: Failed appendEntries as previous log entry ((t:6, i:359)) is not found
2021-11-15 13:53:53,391 [grpc-default-executor-0] INFO  server.RaftServer$Division (RaftServerImpl.java:checkInconsistentAppendEntries(1288)) - omNode-1@group-523986131536: inconsistency entries. Reply:omNode-2<-omNode-1#392:FAIL-t6,INCONSISTENCY,nextIndex=354,followerCommit=353
2021-11-15 13:53:53,391 [grpc-default-executor-0] INFO  leader.FollowerInfo (FollowerInfoImpl.java:lambda$new$0(47)) - omNode-2@group-523986131536->omNode-1: nextIndex: updateUnconditionally 360 -> 354
2021-11-15 13:53:53,893 [grpc-default-executor-0] INFO  server.RaftServer$Division (RaftServerImpl.java:checkInconsistentAppendEntries(1322)) - omNode-1@group-523986131536: Failed appendEntries as previous log entry ((t:6, i:359)) is not found
2021-11-15 13:53:53,893 [grpc-default-executor-0] INFO  server.RaftServer$Division (RaftServerImpl.java:checkInconsistentAppendEntries(1288)) - omNode-1@group-523986131536: inconsistency entries. Reply:omNode-2<-omNode-1#443:FAIL-t6,INCONSISTENCY,nextIndex=354,followerCommit=353
2021-11-15 13:53:53,894 [grpc-default-executor-0] INFO  leader.FollowerInfo (FollowerInfoImpl.java:lambda$new$0(47)) - omNode-2@group-523986131536->omNode-1: nextIndex: updateUnconditionally 360 -> 354
2021-11-15 13:53:54,395 [grpc-default-executor-0] INFO  server.RaftServer$Division (RaftServerImpl.java:checkInconsistentAppendEntries(1322)) - omNode-1@group-523986131536: Failed appendEntries as previous log entry ((t:6, i:359)) is not found
2021-11-15 13:53:54,395 [grpc-default-executor-0] INFO  server.RaftServer$Division (RaftServerImpl.java:checkInconsistentAppendEntries(1288)) - omNode-1@group-523986131536: inconsistency entries. Reply:omNode-2<-omNode-1#494:FAIL-t6,INCONSISTENCY,nextIndex=354,followerCommit=353
2021-11-15 13:53:54,395 [grpc-default-executor-0] INFO  leader.FollowerInfo (FollowerInfoImpl.java:lambda$new$0(47)) - omNode-2@group-523986131536->omNode-1: nextIndex: updateUnconditionally 360 -> 354
2021-11-15 13:53:54,897 [grpc-default-executor-0] INFO  server.RaftServer$Division (RaftServerImpl.java:checkInconsistentAppendEntries(1322)) - omNode-1@group-523986131536: Failed appendEntries as previous log entry ((t:6, i:359)) is not found
2021-11-15 13:53:54,898 [grpc-default-executor-0] INFO  server.RaftServer$Division (RaftServerImpl.java:checkInconsistentAppendEntries(1288)) - omNode-1@group-523986131536: inconsistency entries. Reply:omNode-2<-omNode-1#545:FAIL-t6,INCONSISTENCY,nextIndex=354,followerCommit=353
2021-11-15 13:53:54,899 [grpc-default-executor-0] INFO  leader.FollowerInfo (FollowerInfoImpl.java:lambda$new$0(47)) - omNode-2@group-523986131536->omNode-1: nextIndex: updateUnconditionally 360 -> 354
2021-11-15 13:53:55,400 [grpc-default-executor-0] INFO  server.RaftServer$Division (RaftServerImpl.java:checkInconsistentAppendEntries(1322)) - omNode-1@group-523986131536: Failed appendEntries as previous log entry ((t:6, i:359)) is not found
2021-11-15 13:53:55,401 [grpc-default-executor-0] INFO  server.RaftServer$Division (RaftServerImpl.java:checkInconsistentAppendEntries(1288)) - omNode-1@group-523986131536: inconsistency entries. Reply:omNode-2<-omNode-1#596:FAIL-t6,INCONSISTENCY,nextIndex=354,followerCommit=353
2021-11-15 13:53:55,401 [grpc-default-executor-0] INFO  leader.FollowerInfo (FollowerInfoImpl.java:lambda$new$0(47)) - omNode-2@group-523986131536->omNode-1: nextIndex: updateUnconditionally 360 -> 354
2021-11-15 13:53:55,902 [grpc-default-executor-0] INFO  server.RaftServer$Division (RaftServerImpl.java:checkInconsistentAppendEntries(1322)) - omNode-1@group-523986131536: Failed appendEntries as previous log entry ((t:6, i:359)) is not found
2021-11-15 13:53:55,902 [grpc-default-executor-0] INFO  server.RaftServer$Division (RaftServerImpl.java:checkInconsistentAppendEntries(1288)) - omNode-1@group-523986131536: inconsistency entries. Reply:omNode-2<-omNode-1#647:FAIL-t6,INCONSISTENCY,nextIndex=354,followerCommit=353
2021-11-15 13:53:55,903 [grpc-default-executor-0] INFO  leader.FollowerInfo (FollowerInfoImpl.java:lambda$new$0(47)) - omNode-2@group-523986131536->omNode-1: nextIndex: updateUnconditionally 360 -> 354
2021-11-15 13:53:56,404 [grpc-default-executor-0] INFO  server.RaftServer$Division (RaftServerImpl.java:checkInconsistentAppendEntries(1322)) - omNode-1@group-523986131536: Failed appendEntries as previous log entry ((t:6, i:359)) is not found
2021-11-15 13:53:56,404 [grpc-default-executor-0] INFO  server.RaftServer$Division (RaftServerImpl.java:checkInconsistentAppendEntries(1288)) - omNode-1@group-523986131536: inconsistency entries. Reply:omNode-2<-omNode-1#698:FAIL-t6,INCONSISTENCY,nextIndex=354,followerCommit=353
2021-11-15 13:53:56,405 [grpc-default-executor-0] INFO  leader.FollowerInfo (FollowerInfoImpl.java:lambda$new$0(47)) - omNode-2@group-523986131536->omNode-1: nextIndex: updateUnconditionally 360 -> 354
2021-11-15 13:53:56,906 [grpc-default-executor-0] INFO  server.RaftServer$Division (RaftServerImpl.java:checkInconsistentAppendEntries(1322)) - omNode-1@group-523986131536: Failed appendEntries as previous log entry ((t:6, i:359)) is not found
2021-11-15 13:53:56,906 [grpc-default-executor-0] INFO  server.RaftServer$Division (RaftServerImpl.java:checkInconsistentAppendEntries(1288)) - omNode-1@group-523986131536: inconsistency entries. Reply:omNode-2<-omNode-1#749:FAIL-t6,INCONSISTENCY,nextIndex=354,followerCommit=353
2021-11-15 13:53:56,906 [grpc-default-executor-0] INFO  leader.FollowerInfo (FollowerInfoImpl.java:lambda$new$0(47)) - omNode-2@group-523986131536->omNode-1: nextIndex: updateUnconditionally 360 -> 354
2021-11-15 13:53:57,407 [grpc-default-executor-0] INFO  server.RaftServer$Division (RaftServerImpl.java:checkInconsistentAppendEntries(1322)) - omNode-1@group-523986131536: Failed appendEntries as previous log entry ((t:6, i:359)) is not found
2021-11-15 13:53:57,408 [grpc-default-executor-0] INFO  server.RaftServer$Division (RaftServerImpl.java:checkInconsistentAppendEntries(1288)) - omNode-1@group-523986131536: inconsistency entries. Reply:omNode-2<-omNode-1#800:FAIL-t6,INCONSISTENCY,nextIndex=354,followerCommit=353
2021-11-15 13:53:57,408 [grpc-default-executor-0] INFO  leader.FollowerInfo (FollowerInfoImpl.java:lambda$new$0(47)) - omNode-2@group-523986131536->omNode-1: nextIndex: updateUnconditionally 360 -> 354
2021-11-15 13:53:57,910 [grpc-default-executor-0] INFO  server.RaftServer$Division (RaftServerImpl.java:checkInconsistentAppendEntries(1322)) - omNode-1@group-523986131536: Failed appendEntries as previous log entry ((t:6, i:359)) is not found
2021-11-15 13:53:57,910 [grpc-default-executor-0] INFO  server.RaftServer$Division (RaftServerImpl.java:checkInconsistentAppendEntries(1288)) - omNode-1@group-523986131536: inconsistency entries. Reply:omNode-2<-omNode-1#851:FAIL-t6,INCONSISTENCY,nextIndex=354,followerCommit=353
2021-11-15 13:53:57,911 [grpc-default-executor-0] INFO  leader.FollowerInfo (FollowerInfoImpl.java:lambda$new$0(47)) - omNode-2@group-523986131536->omNode-1: nextIndex: updateUnconditionally 360 -> 354
2021-11-15 13:53:58,413 [grpc-default-executor-0] INFO  server.RaftServer$Division (RaftServerImpl.java:checkInconsistentAppendEntries(1322)) - omNode-1@group-523986131536: Failed appendEntries as previous log entry ((t:6, i:359)) is not found
2021-11-15 13:53:58,413 [grpc-default-executor-0] INFO  server.RaftServer$Division (RaftServerImpl.java:checkInconsistentAppendEntries(1288)) - omNode-1@group-523986131536: inconsistency entries. Reply:omNode-2<-omNode-1#902:FAIL-t6,INCONSISTENCY,nextIndex=354,followerCommit=353
2021-11-15 13:53:58,413 [grpc-default-executor-0] INFO  leader.FollowerInfo (FollowerInfoImpl.java:lambda$new$0(47)) - omNode-2@group-523986131536->omNode-1: nextIndex: updateUnconditionally 360 -> 354
2021-11-15 13:53:58,915 [grpc-default-executor-0] INFO  server.RaftServer$Division (RaftServerImpl.java:checkInconsistentAppendEntries(1322)) - omNode-1@group-523986131536: Failed appendEntries as previous log entry ((t:6, i:359)) is not found
2021-11-15 13:53:58,915 [grpc-default-executor-0] INFO  server.RaftServer$Division (RaftServerImpl.java:checkInconsistentAppendEntries(1288)) - omNode-1@group-523986131536: inconsistency entries. Reply:omNode-2<-omNode-1#953:FAIL-t6,INCONSISTENCY,nextIndex=354,followerCommit=353
2021-11-15 13:53:58,916 [grpc-default-executor-0] INFO  leader.FollowerInfo (FollowerInfoImpl.java:lambda$new$0(47)) - omNode-2@group-523986131536->omNode-1: nextIndex: updateUnconditionally 360 -> 354
2021-11-15 13:53:59,417 [grpc-default-executor-0] INFO  server.RaftServer$Division (RaftServerImpl.java:checkInconsistentAppendEntries(1322)) - omNode-1@group-523986131536: Failed appendEntries as previous log entry ((t:6, i:359)) is not found
2021-11-15 13:53:59,417 [grpc-default-executor-0] INFO  server.RaftServer$Division (RaftServerImpl.java:checkInconsistentAppendEntries(1288)) - omNode-1@group-523986131536: inconsistency entries. Reply:omNode-2<-omNode-1#1004:FAIL-t6,INCONSISTENCY,nextIndex=354,followerCommit=353
2021-11-15 13:53:59,418 [grpc-default-executor-0] INFO  leader.FollowerInfo (FollowerInfoImpl.java:lambda$new$0(47)) - omNode-2@group-523986131536->omNode-1: nextIndex: updateUnconditionally 360 -> 354
2021-11-15 13:53:59,920 [grpc-default-executor-0] INFO  server.RaftServer$Division (RaftServerImpl.java:checkInconsistentAppendEntries(1322)) - omNode-1@group-523986131536: Failed appendEntries as previous log entry ((t:6, i:359)) is not found
2021-11-15 13:53:59,920 [grpc-default-executor-0] INFO  server.RaftServer$Division (RaftServerImpl.java:checkInconsistentAppendEntries(1288)) - omNode-1@group-523986131536: inconsistency entries. Reply:omNode-2<-omNode-1#1055:FAIL-t6,INCONSISTENCY,nextIndex=354,followerCommit=353
2021-11-15 13:53:59,920 [grpc-default-executor-0] INFO  leader.FollowerInfo (FollowerInfoImpl.java:lambda$new$0(47)) - omNode-2@group-523986131536->omNode-1: nextIndex: updateUnconditionally 360 -> 354
2021-11-15 13:54:00,421 [grpc-default-executor-0] INFO  server.RaftServer$Division (RaftServerImpl.java:checkInconsistentAppendEntries(1322)) - omNode-1@group-523986131536: Failed appendEntries as previous log entry ((t:6, i:359)) is not found
2021-11-15 13:54:00,422 [grpc-default-executor-0] INFO  server.RaftServer$Division (RaftServerImpl.java:checkInconsistentAppendEntries(1288)) - omNode-1@group-523986131536: inconsistency entries. Reply:omNode-2<-omNode-1#1106:FAIL-t6,INCONSISTENCY,nextIndex=354,followerCommit=353
2021-11-15 13:54:00,422 [grpc-default-executor-0] INFO  leader.FollowerInfo (FollowerInfoImpl.java:lambda$new$0(47)) - omNode-2@group-523986131536->omNode-1: nextIndex: updateUnconditionally 360 -> 354
2021-11-15 13:54:00,924 [grpc-default-executor-0] INFO  server.RaftServer$Division (RaftServerImpl.java:checkInconsistentAppendEntries(1322)) - omNode-1@group-523986131536: Failed appendEntries as previous log entry ((t:6, i:359)) is not found
2021-11-15 13:54:00,924 [grpc-default-executor-0] INFO  server.RaftServer$Division (RaftServerImpl.java:checkInconsistentAppendEntries(1288)) - omNode-1@group-523986131536: inconsistency entries. Reply:omNode-2<-omNode-1#1157:FAIL-t6,INCONSISTENCY,nextIndex=354,followerCommit=353
2021-11-15 13:54:00,924 [grpc-default-executor-0] INFO  leader.FollowerInfo (FollowerInfoImpl.java:lambda$new$0(47)) - omNode-2@group-523986131536->omNode-1: nextIndex: updateUnconditionally 360 -> 354
2021-11-15 13:54:01,425 [grpc-default-executor-0] INFO  server.RaftServer$Division (RaftServerImpl.java:checkInconsistentAppendEntries(1322)) - omNode-1@group-523986131536: Failed appendEntries as previous log entry ((t:6, i:359)) is not found
2021-11-15 13:54:01,425 [grpc-default-executor-0] INFO  server.RaftServer$Division (RaftServerImpl.java:checkInconsistentAppendEntries(1288)) - omNode-1@group-523986131536: inconsistency entries. Reply:omNode-2<-omNode-1#1208:FAIL-t6,INCONSISTENCY,nextIndex=354,followerCommit=353
2021-11-15 13:54:01,426 [grpc-default-executor-0] INFO  leader.FollowerInfo (FollowerInfoImpl.java:lambda$new$0(47)) - omNode-2@group-523986131536->omNode-1: nextIndex: updateUnconditionally 360 -> 354
2021-11-15 13:54:01,928 [grpc-default-executor-0] INFO  server.RaftServer$Division (RaftServerImpl.java:checkInconsistentAppendEntries(1322)) - omNode-1@group-523986131536: Failed appendEntries as previous log entry ((t:6, i:359)) is not found
2021-11-15 13:54:01,928 [grpc-default-executor-0] INFO  server.RaftServer$Division (RaftServerImpl.java:checkInconsistentAppendEntries(1288)) - omNode-1@group-523986131536: inconsistency entries. Reply:omNode-2<-omNode-1#1259:FAIL-t6,INCONSISTENCY,nextIndex=354,followerCommit=353
2021-11-15 13:54:01,928 [grpc-default-executor-0] INFO  leader.FollowerInfo (FollowerInfoImpl.java:lambda$new$0(47)) - omNode-2@group-523986131536->omNode-1: nextIndex: updateUnconditionally 360 -> 354
2021-11-15 13:54:02,430 [grpc-default-executor-0] INFO  server.RaftServer$Division (RaftServerImpl.java:checkInconsistentAppendEntries(1322)) - omNode-1@group-523986131536: Failed appendEntries as previous log entry ((t:6, i:359)) is not found
2021-11-15 13:54:02,430 [grpc-default-executor-0] INFO  server.RaftServer$Division (RaftServerImpl.java:checkInconsistentAppendEntries(1288)) - omNode-1@group-523986131536: inconsistency entries. Reply:omNode-2<-omNode-1#1310:FAIL-t6,INCONSISTENCY,nextIndex=354,followerCommit=353
2021-11-15 13:54:02,431 [grpc-default-executor-0] INFO  leader.FollowerInfo (FollowerInfoImpl.java:lambda$new$0(47)) - omNode-2@group-523986131536->omNode-1: nextIndex: updateUnconditionally 360 -> 354
2021-11-15 13:54:02,933 [grpc-default-executor-0] INFO  server.RaftServer$Division (RaftServerImpl.java:checkInconsistentAppendEntries(1322)) - omNode-1@group-523986131536: Failed appendEntries as previous log entry ((t:6, i:359)) is not found
2021-11-15 13:54:02,933 [grpc-default-executor-0] INFO  server.RaftServer$Division (RaftServerImpl.java:checkInconsistentAppendEntries(1288)) - omNode-1@group-523986131536: inconsistency entries. Reply:omNode-2<-omNode-1#1361:FAIL-t6,INCONSISTENCY,nextIndex=354,followerCommit=353
2021-11-15 13:54:02,933 [grpc-default-executor-0] INFO  leader.FollowerInfo (FollowerInfoImpl.java:lambda$new$0(47)) - omNode-2@group-523986131536->omNode-1: nextIndex: updateUnconditionally 360 -> 354
2021-11-15 13:54:03,435 [grpc-default-executor-0] INFO  server.RaftServer$Division (RaftServerImpl.java:checkInconsistentAppendEntries(1322)) - omNode-1@group-523986131536: Failed appendEntries as previous log entry ((t:6, i:359)) is not found
2021-11-15 13:54:03,435 [grpc-default-executor-0] INFO  server.RaftServer$Division (RaftServerImpl.java:checkInconsistentAppendEntries(1288)) - omNode-1@group-523986131536: inconsistency entries. Reply:omNode-2<-omNode-1#1412:FAIL-t6,INCONSISTENCY,nextIndex=354,followerCommit=353
2021-11-15 13:54:03,436 [grpc-default-executor-0] INFO  leader.FollowerInfo (FollowerInfoImpl.java:lambda$new$0(47)) - omNode-2@group-523986131536->omNode-1: nextIndex: updateUnconditionally 360 -> 354
2021-11-15 13:54:03,937 [grpc-default-executor-0] INFO  server.RaftServer$Division (RaftServerImpl.java:checkInconsistentAppendEntries(1322)) - omNode-1@group-523986131536: Failed appendEntries as previous log entry ((t:6, i:359)) is not found
2021-11-15 13:54:03,937 [grpc-default-executor-0] INFO  server.RaftServer$Division (RaftServerImpl.java:checkInconsistentAppendEntries(1288)) - omNode-1@group-523986131536: inconsistency entries. Reply:omNode-2<-omNode-1#1463:FAIL-t6,INCONSISTENCY,nextIndex=354,followerCommit=353
2021-11-15 13:54:03,938 [grpc-default-executor-0] INFO  leader.FollowerInfo (FollowerInfoImpl.java:lambda$new$0(47)) - omNode-2@group-523986131536->omNode-1: nextIndex: updateUnconditionally 360 -> 354
2021-11-15 13:54:04,440 [grpc-default-executor-4] INFO  server.RaftServer$Division (RaftServerImpl.java:checkInconsistentAppendEntries(1322)) - omNode-1@group-523986131536: Failed appendEntries as previous log entry ((t:6, i:359)) is not found
2021-11-15 13:54:04,440 [grpc-default-executor-4] INFO  server.RaftServer$Division (RaftServerImpl.java:checkInconsistentAppendEntries(1288)) - omNode-1@group-523986131536: inconsistency entries. Reply:omNode-2<-omNode-1#1514:FAIL-t6,INCONSISTENCY,nextIndex=354,followerCommit=353
2021-11-15 13:54:04,441 [grpc-default-executor-0] INFO  leader.FollowerInfo (FollowerInfoImpl.java:lambda$new$0(47)) - omNode-2@group-523986131536->omNode-1: nextIndex: updateUnconditionally 360 -> 354
2021-11-15 13:54:04,942 [grpc-default-executor-4] INFO  server.RaftServer$Division (RaftServerImpl.java:checkInconsistentAppendEntries(1322)) - omNode-1@group-523986131536: Failed appendEntries as previous log entry ((t:6, i:359)) is not found
2021-11-15 13:54:04,942 [grpc-default-executor-4] INFO  server.RaftServer$Division (RaftServerImpl.java:checkInconsistentAppendEntries(1288)) - omNode-1@group-523986131536: inconsistency entries. Reply:omNode-2<-omNode-1#1565:FAIL-t6,INCONSISTENCY,nextIndex=354,followerCommit=353
2021-11-15 13:54:04,943 [grpc-default-executor-4] INFO  leader.FollowerInfo (FollowerInfoImpl.java:lambda$new$0(47)) - omNode-2@group-523986131536->omNode-1: nextIndex: updateUnconditionally 360 -> 354
2021-11-15 13:54:05,444 [grpc-default-executor-4] INFO  server.RaftServer$Division (RaftServerImpl.java:checkInconsistentAppendEntries(1322)) - omNode-1@group-523986131536: Failed appendEntries as previous log entry ((t:6, i:359)) is not found
2021-11-15 13:54:05,444 [grpc-default-executor-4] INFO  server.RaftServer$Division (RaftServerImpl.java:checkInconsistentAppendEntries(1288)) - omNode-1@group-523986131536: inconsistency entries. Reply:omNode-2<-omNode-1#1616:FAIL-t6,INCONSISTENCY,nextIndex=354,followerCommit=353
2021-11-15 13:54:05,444 [grpc-default-executor-0] INFO  leader.FollowerInfo (FollowerInfoImpl.java:lambda$new$0(47)) - omNode-2@group-523986131536->omNode-1: nextIndex: updateUnconditionally 360 -> 354
2021-11-15 13:54:05,946 [grpc-default-executor-4] INFO  server.RaftServer$Division (RaftServerImpl.java:checkInconsistentAppendEntries(1322)) - omNode-1@group-523986131536: Failed appendEntries as previous log entry ((t:6, i:359)) is not found
2021-11-15 13:54:05,947 [grpc-default-executor-4] INFO  server.RaftServer$Division (RaftServerImpl.java:checkInconsistentAppendEntries(1288)) - omNode-1@group-523986131536: inconsistency entries. Reply:omNode-2<-omNode-1#1667:FAIL-t6,INCONSISTENCY,nextIndex=354,followerCommit=353
2021-11-15 13:54:05,950 [grpc-default-executor-4] INFO  leader.FollowerInfo (FollowerInfoImpl.java:lambda$new$0(47)) - omNode-2@group-523986131536->omNode-1: nextIndex: updateUnconditionally 360 -> 354
2021-11-15 13:54:06,451 [grpc-default-executor-4] INFO  server.RaftServer$Division (RaftServerImpl.java:checkInconsistentAppendEntries(1322)) - omNode-1@group-523986131536: Failed appendEntries as previous log entry ((t:6, i:359)) is not found
2021-11-15 13:54:06,451 [grpc-default-executor-4] INFO  server.RaftServer$Division (RaftServerImpl.java:checkInconsistentAppendEntries(1288)) - omNode-1@group-523986131536: inconsistency entries. Reply:omNode-2<-omNode-1#1718:FAIL-t6,INCONSISTENCY,nextIndex=354,followerCommit=353
2021-11-15 13:54:06,451 [grpc-default-executor-4] INFO  leader.FollowerInfo (FollowerInfoImpl.java:lambda$new$0(47)) - omNode-2@group-523986131536->omNode-1: nextIndex: updateUnconditionally 360 -> 354
2021-11-15 13:54:06,953 [grpc-default-executor-4] INFO  server.RaftServer$Division (RaftServerImpl.java:checkInconsistentAppendEntries(1322)) - omNode-1@group-523986131536: Failed appendEntries as previous log entry ((t:6, i:359)) is not found
2021-11-15 13:54:06,953 [grpc-default-executor-4] INFO  server.RaftServer$Division (RaftServerImpl.java:checkInconsistentAppendEntries(1288)) - omNode-1@group-523986131536: inconsistency entries. Reply:omNode-2<-omNode-1#1769:FAIL-t6,INCONSISTENCY,nextIndex=354,followerCommit=353
2021-11-15 13:54:06,954 [grpc-default-executor-4] INFO  leader.FollowerInfo (FollowerInfoImpl.java:lambda$new$0(47)) - omNode-2@group-523986131536->omNode-1: nextIndex: updateUnconditionally 360 -> 354
2021-11-15 13:54:07,455 [grpc-default-executor-4] INFO  server.RaftServer$Division (RaftServerImpl.java:checkInconsistentAppendEntries(1322)) - omNode-1@group-523986131536: Failed appendEntries as previous log entry ((t:6, i:359)) is not found
2021-11-15 13:54:07,455 [grpc-default-executor-4] INFO  server.RaftServer$Division (RaftServerImpl.java:checkInconsistentAppendEntries(1288)) - omNode-1@group-523986131536: inconsistency entries. Reply:omNode-2<-omNode-1#1820:FAIL-t6,INCONSISTENCY,nextIndex=354,followerCommit=353
2021-11-15 13:54:07,456 [grpc-default-executor-4] INFO  leader.FollowerInfo (FollowerInfoImpl.java:lambda$new$0(47)) - omNode-2@group-523986131536->omNode-1: nextIndex: updateUnconditionally 360 -> 354
2021-11-15 13:54:07,957 [grpc-default-executor-4] INFO  server.RaftServer$Division (RaftServerImpl.java:checkInconsistentAppendEntries(1322)) - omNode-1@group-523986131536: Failed appendEntries as previous log entry ((t:6, i:359)) is not found
2021-11-15 13:54:07,957 [grpc-default-executor-4] INFO  server.RaftServer$Division (RaftServerImpl.java:checkInconsistentAppendEntries(1288)) - omNode-1@group-523986131536: inconsistency entries. Reply:omNode-2<-omNode-1#1871:FAIL-t6,INCONSISTENCY,nextIndex=354,followerCommit=353
2021-11-15 13:54:07,957 [grpc-default-executor-4] INFO  leader.FollowerInfo (FollowerInfoImpl.java:lambda$new$0(47)) - omNode-2@group-523986131536->omNode-1: nextIndex: updateUnconditionally 360 -> 354
2021-11-15 13:54:08,458 [grpc-default-executor-4] INFO  server.RaftServer$Division (RaftServerImpl.java:checkInconsistentAppendEntries(1322)) - omNode-1@group-523986131536: Failed appendEntries as previous log entry ((t:6, i:359)) is not found
2021-11-15 13:54:08,458 [grpc-default-executor-4] INFO  server.RaftServer$Division (RaftServerImpl.java:checkInconsistentAppendEntries(1288)) - omNode-1@group-523986131536: inconsistency entries. Reply:omNode-2<-omNode-1#1922:FAIL-t6,INCONSISTENCY,nextIndex=354,followerCommit=353
2021-11-15 13:54:08,459 [grpc-default-executor-4] INFO  leader.FollowerInfo (FollowerInfoImpl.java:lambda$new$0(47)) - omNode-2@group-523986131536->omNode-1: nextIndex: updateUnconditionally 360 -> 354
2021-11-15 13:54:08,960 [grpc-default-executor-4] INFO  server.RaftServer$Division (RaftServerImpl.java:checkInconsistentAppendEntries(1322)) - omNode-1@group-523986131536: Failed appendEntries as previous log entry ((t:6, i:359)) is not found
2021-11-15 13:54:08,960 [grpc-default-executor-4] INFO  server.RaftServer$Division (RaftServerImpl.java:checkInconsistentAppendEntries(1288)) - omNode-1@group-523986131536: inconsistency entries. Reply:omNode-2<-omNode-1#1973:FAIL-t6,INCONSISTENCY,nextIndex=354,followerCommit=353
2021-11-15 13:54:08,960 [grpc-default-executor-4] INFO  leader.FollowerInfo (FollowerInfoImpl.java:lambda$new$0(47)) - omNode-2@group-523986131536->omNode-1: nextIndex: updateUnconditionally 360 -> 354
2021-11-15 13:54:09,462 [grpc-default-executor-4] INFO  server.RaftServer$Division (RaftServerImpl.java:checkInconsistentAppendEntries(1322)) - omNode-1@group-523986131536: Failed appendEntries as previous log entry ((t:6, i:359)) is not found
2021-11-15 13:54:09,462 [grpc-default-executor-4] INFO  server.RaftServer$Division (RaftServerImpl.java:checkInconsistentAppendEntries(1288)) - omNode-1@group-523986131536: inconsistency entries. Reply:omNode-2<-omNode-1#2024:FAIL-t6,INCONSISTENCY,nextIndex=354,followerCommit=353
2021-11-15 13:54:09,463 [grpc-default-executor-4] INFO  leader.FollowerInfo (FollowerInfoImpl.java:lambda$new$0(47)) - omNode-2@group-523986131536->omNode-1: nextIndex: updateUnconditionally 360 -> 354
2021-11-15 13:54:09,964 [grpc-default-executor-4] INFO  server.RaftServer$Division (RaftServerImpl.java:checkInconsistentAppendEntries(1322)) - omNode-1@group-523986131536: Failed appendEntries as previous log entry ((t:6, i:359)) is not found
2021-11-15 13:54:09,964 [grpc-default-executor-4] INFO  server.RaftServer$Division (RaftServerImpl.java:checkInconsistentAppendEntries(1288)) - omNode-1@group-523986131536: inconsistency entries. Reply:omNode-2<-omNode-1#2075:FAIL-t6,INCONSISTENCY,nextIndex=354,followerCommit=353
2021-11-15 13:54:09,965 [grpc-default-executor-4] INFO  leader.FollowerInfo (FollowerInfoImpl.java:lambda$new$0(47)) - omNode-2@group-523986131536->omNode-1: nextIndex: updateUnconditionally 360 -> 354
2021-11-15 13:54:10,466 [grpc-default-executor-4] INFO  server.RaftServer$Division (RaftServerImpl.java:checkInconsistentAppendEntries(1322)) - omNode-1@group-523986131536: Failed appendEntries as previous log entry ((t:6, i:359)) is not found
2021-11-15 13:54:10,466 [grpc-default-executor-4] INFO  server.RaftServer$Division (RaftServerImpl.java:checkInconsistentAppendEntries(1288)) - omNode-1@group-523986131536: inconsistency entries. Reply:omNode-2<-omNode-1#2126:FAIL-t6,INCONSISTENCY,nextIndex=354,followerCommit=353
2021-11-15 13:54:10,466 [grpc-default-executor-4] INFO  leader.FollowerInfo (FollowerInfoImpl.java:lambda$new$0(47)) - omNode-2@group-523986131536->omNode-1: nextIndex: updateUnconditionally 360 -> 354
2021-11-15 13:54:10,968 [grpc-default-executor-4] INFO  server.RaftServer$Division (RaftServerImpl.java:checkInconsistentAppendEntries(1322)) - omNode-1@group-523986131536: Failed appendEntries as previous log entry ((t:6, i:359)) is not found
2021-11-15 13:54:10,968 [grpc-default-executor-4] INFO  server.RaftServer$Division (RaftServerImpl.java:checkInconsistentAppendEntries(1288)) - omNode-1@group-523986131536: inconsistency entries. Reply:omNode-2<-omNode-1#2177:FAIL-t6,INCONSISTENCY,nextIndex=354,followerCommit=353
2021-11-15 13:54:10,969 [grpc-default-executor-4] INFO  leader.FollowerInfo (FollowerInfoImpl.java:lambda$new$0(47)) - omNode-2@group-523986131536->omNode-1: nextIndex: updateUnconditionally 360 -> 354
2021-11-15 13:54:11,470 [grpc-default-executor-4] INFO  server.RaftServer$Division (RaftServerImpl.java:checkInconsistentAppendEntries(1322)) - omNode-1@group-523986131536: Failed appendEntries as previous log entry ((t:6, i:359)) is not found
2021-11-15 13:54:11,470 [grpc-default-executor-4] INFO  server.RaftServer$Division (RaftServerImpl.java:checkInconsistentAppendEntries(1288)) - omNode-1@group-523986131536: inconsistency entries. Reply:omNode-2<-omNode-1#2228:FAIL-t6,INCONSISTENCY,nextIndex=354,followerCommit=353
2021-11-15 13:54:11,473 [grpc-default-executor-4] INFO  leader.FollowerInfo (FollowerInfoImpl.java:lambda$new$0(47)) - omNode-2@group-523986131536->omNode-1: nextIndex: updateUnconditionally 360 -> 354
2021-11-15 13:54:11,974 [grpc-default-executor-4] INFO  server.RaftServer$Division (RaftServerImpl.java:checkInconsistentAppendEntries(1322)) - omNode-1@group-523986131536: Failed appendEntries as previous log entry ((t:6, i:359)) is not found
2021-11-15 13:54:11,974 [grpc-default-executor-4] INFO  server.RaftServer$Division (RaftServerImpl.java:checkInconsistentAppendEntries(1288)) - omNode-1@group-523986131536: inconsistency entries. Reply:omNode-2<-omNode-1#2279:FAIL-t6,INCONSISTENCY,nextIndex=354,followerCommit=353
2021-11-15 13:54:11,975 [grpc-default-executor-4] INFO  leader.FollowerInfo (FollowerInfoImpl.java:lambda$new$0(47)) - omNode-2@group-523986131536->omNode-1: nextIndex: updateUnconditionally 360 -> 354
2021-11-15 13:54:12,476 [grpc-default-executor-4] INFO  server.RaftServer$Division (RaftServerImpl.java:checkInconsistentAppendEntries(1322)) - omNode-1@group-523986131536: Failed appendEntries as previous log entry ((t:6, i:359)) is not found
2021-11-15 13:54:12,476 [grpc-default-executor-4] INFO  server.RaftServer$Division (RaftServerImpl.java:checkInconsistentAppendEntries(1288)) - omNode-1@group-523986131536: inconsistency entries. Reply:omNode-2<-omNode-1#2330:FAIL-t6,INCONSISTENCY,nextIndex=354,followerCommit=353
2021-11-15 13:54:12,476 [grpc-default-executor-4] INFO  leader.FollowerInfo (FollowerInfoImpl.java:lambda$new$0(47)) - omNode-2@group-523986131536->omNode-1: nextIndex: updateUnconditionally 360 -> 354
2021-11-15 13:54:12,977 [grpc-default-executor-4] INFO  server.RaftServer$Division (RaftServerImpl.java:checkInconsistentAppendEntries(1322)) - omNode-1@group-523986131536: Failed appendEntries as previous log entry ((t:6, i:359)) is not found
2021-11-15 13:54:12,977 [grpc-default-executor-4] INFO  server.RaftServer$Division (RaftServerImpl.java:checkInconsistentAppendEntries(1288)) - omNode-1@group-523986131536: inconsistency entries. Reply:omNode-2<-omNode-1#2381:FAIL-t6,INCONSISTENCY,nextIndex=354,followerCommit=353
2021-11-15 13:54:12,978 [grpc-default-executor-4] INFO  leader.FollowerInfo (FollowerInfoImpl.java:lambda$new$0(47)) - omNode-2@group-523986131536->omNode-1: nextIndex: updateUnconditionally 360 -> 354
2021-11-15 13:54:13,479 [grpc-default-executor-4] INFO  server.RaftServer$Division (RaftServerImpl.java:checkInconsistentAppendEntries(1322)) - omNode-1@group-523986131536: Failed appendEntries as previous log entry ((t:6, i:359)) is not found
2021-11-15 13:54:13,479 [grpc-default-executor-4] INFO  server.RaftServer$Division (RaftServerImpl.java:checkInconsistentAppendEntries(1288)) - omNode-1@group-523986131536: inconsistency entries. Reply:omNode-2<-omNode-1#2432:FAIL-t6,INCONSISTENCY,nextIndex=354,followerCommit=353
2021-11-15 13:54:13,479 [grpc-default-executor-4] INFO  leader.FollowerInfo (FollowerInfoImpl.java:lambda$new$0(47)) - omNode-2@group-523986131536->omNode-1: nextIndex: updateUnconditionally 360 -> 354
2021-11-15 13:54:13,981 [grpc-default-executor-4] INFO  server.RaftServer$Division (RaftServerImpl.java:checkInconsistentAppendEntries(1322)) - omNode-1@group-523986131536: Failed appendEntries as previous log entry ((t:6, i:359)) is not found
2021-11-15 13:54:13,981 [grpc-default-executor-4] INFO  server.RaftServer$Division (RaftServerImpl.java:checkInconsistentAppendEntries(1288)) - omNode-1@group-523986131536: inconsistency entries. Reply:omNode-2<-omNode-1#2483:FAIL-t6,INCONSISTENCY,nextIndex=354,followerCommit=353
2021-11-15 13:54:13,981 [grpc-default-executor-4] INFO  leader.FollowerInfo (FollowerInfoImpl.java:lambda$new$0(47)) - omNode-2@group-523986131536->omNode-1: nextIndex: updateUnconditionally 360 -> 354
2021-11-15 13:54:14,482 [grpc-default-executor-4] INFO  server.RaftServer$Division (RaftServerImpl.java:checkInconsistentAppendEntries(1322)) - omNode-1@group-523986131536: Failed appendEntries as previous log entry ((t:6, i:359)) is not found
2021-11-15 13:54:14,483 [grpc-default-executor-4] INFO  server.RaftServer$Division (RaftServerImpl.java:checkInconsistentAppendEntries(1288)) - omNode-1@group-523986131536: inconsistency entries. Reply:omNode-2<-omNode-1#2534:FAIL-t6,INCONSISTENCY,nextIndex=354,followerCommit=353
2021-11-15 13:54:14,483 [grpc-default-executor-4] INFO  leader.FollowerInfo (FollowerInfoImpl.java:lambda$new$0(47)) - omNode-2@group-523986131536->omNode-1: nextIndex: updateUnconditionally 360 -> 354
2021-11-15 13:54:14,984 [grpc-default-executor-4] INFO  server.RaftServer$Division (RaftServerImpl.java:checkInconsistentAppendEntries(1322)) - omNode-1@group-523986131536: Failed appendEntries as previous log entry ((t:6, i:359)) is not found
2021-11-15 13:54:14,984 [grpc-default-executor-4] INFO  server.RaftServer$Division (RaftServerImpl.java:checkInconsistentAppendEntries(1288)) - omNode-1@group-523986131536: inconsistency entries. Reply:omNode-2<-omNode-1#2585:FAIL-t6,INCONSISTENCY,nextIndex=354,followerCommit=353
2021-11-15 13:54:14,985 [grpc-default-executor-4] INFO  leader.FollowerInfo (FollowerInfoImpl.java:lambda$new$0(47)) - omNode-2@group-523986131536->omNode-1: nextIndex: updateUnconditionally 360 -> 354
2021-11-15 13:54:15,486 [grpc-default-executor-4] INFO  server.RaftServer$Division (RaftServerImpl.java:checkInconsistentAppendEntries(1322)) - omNode-1@group-523986131536: Failed appendEntries as previous log entry ((t:6, i:359)) is not found
2021-11-15 13:54:15,486 [grpc-default-executor-4] INFO  server.RaftServer$Division (RaftServerImpl.java:checkInconsistentAppendEntries(1288)) - omNode-1@group-523986131536: inconsistency entries. Reply:omNode-2<-omNode-1#2636:FAIL-t6,INCONSISTENCY,nextIndex=354,followerCommit=353
2021-11-15 13:54:15,487 [grpc-default-executor-4] INFO  leader.FollowerInfo (FollowerInfoImpl.java:lambda$new$0(47)) - omNode-2@group-523986131536->omNode-1: nextIndex: updateUnconditionally 360 -> 354
2021-11-15 13:54:15,988 [grpc-default-executor-4] INFO  server.RaftServer$Division (RaftServerImpl.java:checkInconsistentAppendEntries(1322)) - omNode-1@group-523986131536: Failed appendEntries as previous log entry ((t:6, i:359)) is not found
2021-11-15 13:54:15,988 [grpc-default-executor-4] INFO  server.RaftServer$Division (RaftServerImpl.java:checkInconsistentAppendEntries(1288)) - omNode-1@group-523986131536: inconsistency entries. Reply:omNode-2<-omNode-1#2687:FAIL-t6,INCONSISTENCY,nextIndex=354,followerCommit=353
2021-11-15 13:54:15,988 [grpc-default-executor-4] INFO  leader.FollowerInfo (FollowerInfoImpl.java:lambda$new$0(47)) - omNode-2@group-523986131536->omNode-1: nextIndex: updateUnconditionally 360 -> 354
2021-11-15 13:54:16,489 [grpc-default-executor-4] INFO  server.RaftServer$Division (RaftServerImpl.java:checkInconsistentAppendEntries(1322)) - omNode-1@group-523986131536: Failed appendEntries as previous log entry ((t:6, i:359)) is not found
2021-11-15 13:54:16,490 [grpc-default-executor-4] INFO  server.RaftServer$Division (RaftServerImpl.java:checkInconsistentAppendEntries(1288)) - omNode-1@group-523986131536: inconsistency entries. Reply:omNode-2<-omNode-1#2738:FAIL-t6,INCONSISTENCY,nextIndex=354,followerCommit=353
2021-11-15 13:54:16,490 [grpc-default-executor-4] INFO  leader.FollowerInfo (FollowerInfoImpl.java:lambda$new$0(47)) - omNode-2@group-523986131536->omNode-1: nextIndex: updateUnconditionally 360 -> 354
2021-11-15 13:54:16,991 [grpc-default-executor-4] INFO  server.RaftServer$Division (RaftServerImpl.java:checkInconsistentAppendEntries(1322)) - omNode-1@group-523986131536: Failed appendEntries as previous log entry ((t:6, i:359)) is not found
2021-11-15 13:54:16,991 [grpc-default-executor-4] INFO  server.RaftServer$Division (RaftServerImpl.java:checkInconsistentAppendEntries(1288)) - omNode-1@group-523986131536: inconsistency entries. Reply:omNode-2<-omNode-1#2789:FAIL-t6,INCONSISTENCY,nextIndex=354,followerCommit=353
2021-11-15 13:54:16,992 [grpc-default-executor-4] INFO  leader.FollowerInfo (FollowerInfoImpl.java:lambda$new$0(47)) - omNode-2@group-523986131536->omNode-1: nextIndex: updateUnconditionally 360 -> 354
2021-11-15 13:54:17,493 [grpc-default-executor-4] INFO  server.RaftServer$Division (RaftServerImpl.java:checkInconsistentAppendEntries(1322)) - omNode-1@group-523986131536: Failed appendEntries as previous log entry ((t:6, i:359)) is not found
2021-11-15 13:54:17,494 [grpc-default-executor-4] INFO  server.RaftServer$Division (RaftServerImpl.java:checkInconsistentAppendEntries(1288)) - omNode-1@group-523986131536: inconsistency entries. Reply:omNode-2<-omNode-1#2840:FAIL-t6,INCONSISTENCY,nextIndex=354,followerCommit=353
2021-11-15 13:54:17,494 [grpc-default-executor-4] INFO  leader.FollowerInfo (FollowerInfoImpl.java:lambda$new$0(47)) - omNode-2@group-523986131536->omNode-1: nextIndex: updateUnconditionally 360 -> 354
2021-11-15 13:54:17,995 [grpc-default-executor-4] INFO  server.RaftServer$Division (RaftServerImpl.java:checkInconsistentAppendEntries(1322)) - omNode-1@group-523986131536: Failed appendEntries as previous log entry ((t:6, i:359)) is not found
2021-11-15 13:54:17,995 [grpc-default-executor-4] INFO  server.RaftServer$Division (RaftServerImpl.java:checkInconsistentAppendEntries(1288)) - omNode-1@group-523986131536: inconsistency entries. Reply:omNode-2<-omNode-1#2891:FAIL-t6,INCONSISTENCY,nextIndex=354,followerCommit=353
2021-11-15 13:54:17,996 [grpc-default-executor-4] INFO  leader.FollowerInfo (FollowerInfoImpl.java:lambda$new$0(47)) - omNode-2@group-523986131536->omNode-1: nextIndex: updateUnconditionally 360 -> 354
2021-11-15 13:54:18,497 [grpc-default-executor-4] INFO  server.RaftServer$Division (RaftServerImpl.java:checkInconsistentAppendEntries(1322)) - omNode-1@group-523986131536: Failed appendEntries as previous log entry ((t:6, i:359)) is not found
2021-11-15 13:54:18,498 [grpc-default-executor-4] INFO  server.RaftServer$Division (RaftServerImpl.java:checkInconsistentAppendEntries(1288)) - omNode-1@group-523986131536: inconsistency entries. Reply:omNode-2<-omNode-1#2942:FAIL-t6,INCONSISTENCY,nextIndex=354,followerCommit=353
2021-11-15 13:54:18,502 [grpc-default-executor-4] INFO  leader.FollowerInfo (FollowerInfoImpl.java:lambda$new$0(47)) - omNode-2@group-523986131536->omNode-1: nextIndex: updateUnconditionally 360 -> 354
2021-11-15 13:54:19,003 [grpc-default-executor-0] INFO  server.RaftServer$Division (RaftServerImpl.java:checkInconsistentAppendEntries(1322)) - omNode-1@group-523986131536: Failed appendEntries as previous log entry ((t:6, i:359)) is not found
2021-11-15 13:54:19,003 [grpc-default-executor-0] INFO  server.RaftServer$Division (RaftServerImpl.java:checkInconsistentAppendEntries(1288)) - omNode-1@group-523986131536: inconsistency entries. Reply:omNode-2<-omNode-1#2993:FAIL-t6,INCONSISTENCY,nextIndex=354,followerCommit=353
2021-11-15 13:54:19,003 [grpc-default-executor-0] INFO  leader.FollowerInfo (FollowerInfoImpl.java:lambda$new$0(47)) - omNode-2@group-523986131536->omNode-1: nextIndex: updateUnconditionally 360 -> 354
2021-11-15 13:54:19,505 [grpc-default-executor-0] INFO  server.RaftServer$Division (RaftServerImpl.java:checkInconsistentAppendEntries(1322)) - omNode-1@group-523986131536: Failed appendEntries as previous log entry ((t:6, i:359)) is not found
2021-11-15 13:54:19,505 [grpc-default-executor-0] INFO  server.RaftServer$Division (RaftServerImpl.java:checkInconsistentAppendEntries(1288)) - omNode-1@group-523986131536: inconsistency entries. Reply:omNode-2<-omNode-1#3044:FAIL-t6,INCONSISTENCY,nextIndex=354,followerCommit=353
2021-11-15 13:54:19,505 [grpc-default-executor-0] INFO  leader.FollowerInfo (FollowerInfoImpl.java:lambda$new$0(47)) - omNode-2@group-523986131536->omNode-1: nextIndex: updateUnconditionally 360 -> 354
2021-11-15 13:54:20,006 [grpc-default-executor-0] INFO  server.RaftServer$Division (RaftServerImpl.java:checkInconsistentAppendEntries(1322)) - omNode-1@group-523986131536: Failed appendEntries as previous log entry ((t:6, i:359)) is not found
2021-11-15 13:54:20,007 [grpc-default-executor-0] INFO  server.RaftServer$Division (RaftServerImpl.java:checkInconsistentAppendEntries(1288)) - omNode-1@group-523986131536: inconsistency entries. Reply:omNode-2<-omNode-1#3095:FAIL-t6,INCONSISTENCY,nextIndex=354,followerCommit=353
2021-11-15 13:54:20,007 [grpc-default-executor-0] INFO  leader.FollowerInfo (FollowerInfoImpl.java:lambda$new$0(47)) - omNode-2@group-523986131536->omNode-1: nextIndex: updateUnconditionally 360 -> 354
2021-11-15 13:54:20,508 [grpc-default-executor-0] INFO  server.RaftServer$Division (RaftServerImpl.java:checkInconsistentAppendEntries(1322)) - omNode-1@group-523986131536: Failed appendEntries as previous log entry ((t:6, i:359)) is not found
2021-11-15 13:54:20,508 [grpc-default-executor-0] INFO  server.RaftServer$Division (RaftServerImpl.java:checkInconsistentAppendEntries(1288)) - omNode-1@group-523986131536: inconsistency entries. Reply:omNode-2<-omNode-1#3146:FAIL-t6,INCONSISTENCY,nextIndex=354,followerCommit=353
2021-11-15 13:54:20,509 [grpc-default-executor-0] INFO  leader.FollowerInfo (FollowerInfoImpl.java:lambda$new$0(47)) - omNode-2@group-523986131536->omNode-1: nextIndex: updateUnconditionally 360 -> 354
2021-11-15 13:54:21,009 [grpc-default-executor-0] INFO  server.RaftServer$Division (RaftServerImpl.java:checkInconsistentAppendEntries(1322)) - omNode-1@group-523986131536: Failed appendEntries as previous log entry ((t:6, i:359)) is not found
2021-11-15 13:54:21,010 [grpc-default-executor-0] INFO  server.RaftServer$Division (RaftServerImpl.java:checkInconsistentAppendEntries(1288)) - omNode-1@group-523986131536: inconsistency entries. Reply:omNode-2<-omNode-1#3197:FAIL-t6,INCONSISTENCY,nextIndex=354,followerCommit=353
2021-11-15 13:54:21,010 [grpc-default-executor-0] INFO  leader.FollowerInfo (FollowerInfoImpl.java:lambda$new$0(47)) - omNode-2@group-523986131536->omNode-1: nextIndex: updateUnconditionally 360 -> 354
2021-11-15 13:54:21,512 [grpc-default-executor-0] INFO  server.RaftServer$Division (RaftServerImpl.java:checkInconsistentAppendEntries(1322)) - omNode-1@group-523986131536: Failed appendEntries as previous log entry ((t:6, i:359)) is not found
2021-11-15 13:54:21,512 [grpc-default-executor-0] INFO  server.RaftServer$Division (RaftServerImpl.java:checkInconsistentAppendEntries(1288)) - omNode-1@group-523986131536: inconsistency entries. Reply:omNode-2<-omNode-1#3248:FAIL-t6,INCONSISTENCY,nextIndex=354,followerCommit=353
2021-11-15 13:54:21,512 [grpc-default-executor-0] INFO  leader.FollowerInfo (FollowerInfoImpl.java:lambda$new$0(47)) - omNode-2@group-523986131536->omNode-1: nextIndex: updateUnconditionally 360 -> 354
2021-11-15 13:54:22,014 [grpc-default-executor-0] INFO  server.RaftServer$Division (RaftServerImpl.java:checkInconsistentAppendEntries(1322)) - omNode-1@group-523986131536: Failed appendEntries as previous log entry ((t:6, i:359)) is not found
2021-11-15 13:54:22,015 [grpc-default-executor-0] INFO  server.RaftServer$Division (RaftServerImpl.java:checkInconsistentAppendEntries(1288)) - omNode-1@group-523986131536: inconsistency entries. Reply:omNode-2<-omNode-1#3299:FAIL-t6,INCONSISTENCY,nextIndex=354,followerCommit=353
2021-11-15 13:54:22,015 [grpc-default-executor-0] INFO  leader.FollowerInfo (FollowerInfoImpl.java:lambda$new$0(47)) - omNode-2@group-523986131536->omNode-1: nextIndex: updateUnconditionally 360 -> 354
2021-11-15 13:54:22,517 [grpc-default-executor-0] INFO  server.RaftServer$Division (RaftServerImpl.java:checkInconsistentAppendEntries(1322)) - omNode-1@group-523986131536: Failed appendEntries as previous log entry ((t:6, i:359)) is not found
2021-11-15 13:54:22,517 [grpc-default-executor-0] INFO  server.RaftServer$Division (RaftServerImpl.java:checkInconsistentAppendEntries(1288)) - omNode-1@group-523986131536: inconsistency entries. Reply:omNode-2<-omNode-1#3350:FAIL-t6,INCONSISTENCY,nextIndex=354,followerCommit=353
2021-11-15 13:54:22,517 [grpc-default-executor-0] INFO  leader.FollowerInfo (FollowerInfoImpl.java:lambda$new$0(47)) - omNode-2@group-523986131536->omNode-1: nextIndex: updateUnconditionally 360 -> 354
2021-11-15 13:54:23,018 [grpc-default-executor-0] INFO  server.RaftServer$Division (RaftServerImpl.java:checkInconsistentAppendEntries(1322)) - omNode-1@group-523986131536: Failed appendEntries as previous log entry ((t:6, i:359)) is not found
2021-11-15 13:54:23,019 [grpc-default-executor-0] INFO  server.RaftServer$Division (RaftServerImpl.java:checkInconsistentAppendEntries(1288)) - omNode-1@group-523986131536: inconsistency entries. Reply:omNode-2<-omNode-1#3401:FAIL-t6,INCONSISTENCY,nextIndex=354,followerCommit=353
2021-11-15 13:54:23,019 [grpc-default-executor-0] INFO  leader.FollowerInfo (FollowerInfoImpl.java:lambda$new$0(47)) - omNode-2@group-523986131536->omNode-1: nextIndex: updateUnconditionally 360 -> 354
2021-11-15 13:54:23,520 [grpc-default-executor-0] INFO  server.RaftServer$Division (RaftServerImpl.java:checkInconsistentAppendEntries(1322)) - omNode-1@group-523986131536: Failed appendEntries as previous log entry ((t:6, i:359)) is not found
2021-11-15 13:54:23,520 [grpc-default-executor-0] INFO  server.RaftServer$Division (RaftServerImpl.java:checkInconsistentAppendEntries(1288)) - omNode-1@group-523986131536: inconsistency entries. Reply:omNode-2<-omNode-1#3452:FAIL-t6,INCONSISTENCY,nextIndex=354,followerCommit=353
2021-11-15 13:54:23,520 [grpc-default-executor-0] INFO  leader.FollowerInfo (FollowerInfoImpl.java:lambda$new$0(47)) - omNode-2@group-523986131536->omNode-1: nextIndex: updateUnconditionally 360 -> 354
2021-11-15 13:54:24,022 [grpc-default-executor-0] INFO  server.RaftServer$Division (RaftServerImpl.java:checkInconsistentAppendEntries(1322)) - omNode-1@group-523986131536: Failed appendEntries as previous log entry ((t:6, i:359)) is not found
2021-11-15 13:54:24,022 [grpc-default-executor-0] INFO  server.RaftServer$Division (RaftServerImpl.java:checkInconsistentAppendEntries(1288)) - omNode-1@group-523986131536: inconsistency entries. Reply:omNode-2<-omNode-1#3503:FAIL-t6,INCONSISTENCY,nextIndex=354,followerCommit=353
2021-11-15 13:54:24,022 [grpc-default-executor-0] INFO  leader.FollowerInfo (FollowerInfoImpl.java:lambda$new$0(47)) - omNode-2@group-523986131536->omNode-1: nextIndex: updateUnconditionally 360 -> 354
2021-11-15 13:54:24,524 [grpc-default-executor-0] INFO  server.RaftServer$Division (RaftServerImpl.java:checkInconsistentAppendEntries(1322)) - omNode-1@group-523986131536: Failed appendEntries as previous log entry ((t:6, i:359)) is not found
2021-11-15 13:54:24,524 [grpc-default-executor-0] INFO  server.RaftServer$Division (RaftServerImpl.java:checkInconsistentAppendEntries(1288)) - omNode-1@group-523986131536: inconsistency entries. Reply:omNode-2<-omNode-1#3554:FAIL-t6,INCONSISTENCY,nextIndex=354,followerCommit=353
2021-11-15 13:54:24,524 [grpc-default-executor-0] INFO  leader.FollowerInfo (FollowerInfoImpl.java:lambda$new$0(47)) - omNode-2@group-523986131536->omNode-1: nextIndex: updateUnconditionally 360 -> 354
2021-11-15 13:54:25,026 [grpc-default-executor-0] INFO  server.RaftServer$Division (RaftServerImpl.java:checkInconsistentAppendEntries(1322)) - omNode-1@group-523986131536: Failed appendEntries as previous log entry ((t:6, i:359)) is not found
2021-11-15 13:54:25,026 [grpc-default-executor-0] INFO  server.RaftServer$Division (RaftServerImpl.java:checkInconsistentAppendEntries(1288)) - omNode-1@group-523986131536: inconsistency entries. Reply:omNode-2<-omNode-1#3605:FAIL-t6,INCONSISTENCY,nextIndex=354,followerCommit=353
2021-11-15 13:54:25,026 [grpc-default-executor-0] INFO  leader.FollowerInfo (FollowerInfoImpl.java:lambda$new$0(47)) - omNode-2@group-523986131536->omNode-1: nextIndex: updateUnconditionally 360 -> 354
2021-11-15 13:54:25,528 [grpc-default-executor-0] INFO  server.RaftServer$Division (RaftServerImpl.java:checkInconsistentAppendEntries(1322)) - omNode-1@group-523986131536: Failed appendEntries as previous log entry ((t:6, i:359)) is not found
2021-11-15 13:54:25,528 [grpc-default-executor-0] INFO  server.RaftServer$Division (RaftServerImpl.java:checkInconsistentAppendEntries(1288)) - omNode-1@group-523986131536: inconsistency entries. Reply:omNode-2<-omNode-1#3656:FAIL-t6,INCONSISTENCY,nextIndex=354,followerCommit=353
2021-11-15 13:54:25,528 [grpc-default-executor-0] INFO  leader.FollowerInfo (FollowerInfoImpl.java:lambda$new$0(47)) - omNode-2@group-523986131536->omNode-1: nextIndex: updateUnconditionally 360 -> 354
2021-11-15 13:54:26,029 [grpc-default-executor-0] INFO  server.RaftServer$Division (RaftServerImpl.java:checkInconsistentAppendEntries(1322)) - omNode-1@group-523986131536: Failed appendEntries as previous log entry ((t:6, i:359)) is not found
2021-11-15 13:54:26,029 [grpc-default-executor-0] INFO  server.RaftServer$Division (RaftServerImpl.java:checkInconsistentAppendEntries(1288)) - omNode-1@group-523986131536: inconsistency entries. Reply:omNode-2<-omNode-1#3707:FAIL-t6,INCONSISTENCY,nextIndex=354,followerCommit=353
2021-11-15 13:54:26,030 [grpc-default-executor-0] INFO  leader.FollowerInfo (FollowerInfoImpl.java:lambda$new$0(47)) - omNode-2@group-523986131536->omNode-1: nextIndex: updateUnconditionally 360 -> 354
2021-11-15 13:54:26,532 [grpc-default-executor-0] INFO  server.RaftServer$Division (RaftServerImpl.java:checkInconsistentAppendEntries(1322)) - omNode-1@group-523986131536: Failed appendEntries as previous log entry ((t:6, i:359)) is not found
2021-11-15 13:54:26,532 [grpc-default-executor-0] INFO  server.RaftServer$Division (RaftServerImpl.java:checkInconsistentAppendEntries(1288)) - omNode-1@group-523986131536: inconsistency entries. Reply:omNode-2<-omNode-1#3758:FAIL-t6,INCONSISTENCY,nextIndex=354,followerCommit=353
2021-11-15 13:54:26,532 [grpc-default-executor-0] INFO  leader.FollowerInfo (FollowerInfoImpl.java:lambda$new$0(47)) - omNode-2@group-523986131536->omNode-1: nextIndex: updateUnconditionally 360 -> 354
2021-11-15 13:54:27,034 [grpc-default-executor-0] INFO  server.RaftServer$Division (RaftServerImpl.java:checkInconsistentAppendEntries(1322)) - omNode-1@group-523986131536: Failed appendEntries as previous log entry ((t:6, i:359)) is not found
2021-11-15 13:54:27,034 [grpc-default-executor-0] INFO  server.RaftServer$Division (RaftServerImpl.java:checkInconsistentAppendEntries(1288)) - omNode-1@group-523986131536: inconsistency entries. Reply:omNode-2<-omNode-1#3809:FAIL-t6,INCONSISTENCY,nextIndex=354,followerCommit=353
2021-11-15 13:54:27,034 [grpc-default-executor-0] INFO  leader.FollowerInfo (FollowerInfoImpl.java:lambda$new$0(47)) - omNode-2@group-523986131536->omNode-1: nextIndex: updateUnconditionally 360 -> 354
2021-11-15 13:54:27,535 [grpc-default-executor-0] INFO  server.RaftServer$Division (RaftServerImpl.java:checkInconsistentAppendEntries(1322)) - omNode-1@group-523986131536: Failed appendEntries as previous log entry ((t:6, i:359)) is not found
2021-11-15 13:54:27,536 [grpc-default-executor-0] INFO  server.RaftServer$Division (RaftServerImpl.java:checkInconsistentAppendEntries(1288)) - omNode-1@group-523986131536: inconsistency entries. Reply:omNode-2<-omNode-1#3860:FAIL-t6,INCONSISTENCY,nextIndex=354,followerCommit=353
2021-11-15 13:54:27,537 [grpc-default-executor-0] INFO  leader.FollowerInfo (FollowerInfoImpl.java:lambda$new$0(47)) - omNode-2@group-523986131536->omNode-1: nextIndex: updateUnconditionally 360 -> 354
2021-11-15 13:54:28,038 [grpc-default-executor-0] INFO  server.RaftServer$Division (RaftServerImpl.java:checkInconsistentAppendEntries(1322)) - omNode-1@group-523986131536: Failed appendEntries as previous log entry ((t:6, i:359)) is not found
2021-11-15 13:54:28,038 [grpc-default-executor-0] INFO  server.RaftServer$Division (RaftServerImpl.java:checkInconsistentAppendEntries(1288)) - omNode-1@group-523986131536: inconsistency entries. Reply:omNode-2<-omNode-1#3911:FAIL-t6,INCONSISTENCY,nextIndex=354,followerCommit=353
2021-11-15 13:54:28,039 [grpc-default-executor-0] INFO  leader.FollowerInfo (FollowerInfoImpl.java:lambda$new$0(47)) - omNode-2@group-523986131536->omNode-1: nextIndex: updateUnconditionally 360 -> 354
2021-11-15 13:54:28,540 [grpc-default-executor-4] INFO  server.RaftServer$Division (RaftServerImpl.java:checkInconsistentAppendEntries(1322)) - omNode-1@group-523986131536: Failed appendEntries as previous log entry ((t:6, i:359)) is not found
2021-11-15 13:54:28,540 [grpc-default-executor-4] INFO  server.RaftServer$Division (RaftServerImpl.java:checkInconsistentAppendEntries(1288)) - omNode-1@group-523986131536: inconsistency entries. Reply:omNode-2<-omNode-1#3962:FAIL-t6,INCONSISTENCY,nextIndex=354,followerCommit=353
2021-11-15 13:54:28,541 [grpc-default-executor-4] INFO  leader.FollowerInfo (FollowerInfoImpl.java:lambda$new$0(47)) - omNode-2@group-523986131536->omNode-1: nextIndex: updateUnconditionally 360 -> 354
2021-11-15 13:54:29,042 [grpc-default-executor-4] INFO  server.RaftServer$Division (RaftServerImpl.java:checkInconsistentAppendEntries(1322)) - omNode-1@group-523986131536: Failed appendEntries as previous log entry ((t:6, i:359)) is not found
2021-11-15 13:54:29,042 [grpc-default-executor-4] INFO  server.RaftServer$Division (RaftServerImpl.java:checkInconsistentAppendEntries(1288)) - omNode-1@group-523986131536: inconsistency entries. Reply:omNode-2<-omNode-1#4013:FAIL-t6,INCONSISTENCY,nextIndex=354,followerCommit=353
2021-11-15 13:54:29,043 [grpc-default-executor-4] INFO  leader.FollowerInfo (FollowerInfoImpl.java:lambda$new$0(47)) - omNode-2@group-523986131536->omNode-1: nextIndex: updateUnconditionally 360 -> 354
2021-11-15 13:54:29,544 [grpc-default-executor-4] INFO  server.RaftServer$Division (RaftServerImpl.java:checkInconsistentAppendEntries(1322)) - omNode-1@group-523986131536: Failed appendEntries as previous log entry ((t:6, i:359)) is not found
2021-11-15 13:54:29,544 [grpc-default-executor-4] INFO  server.RaftServer$Division (RaftServerImpl.java:checkInconsistentAppendEntries(1288)) - omNode-1@group-523986131536: inconsistency entries. Reply:omNode-2<-omNode-1#4064:FAIL-t6,INCONSISTENCY,nextIndex=354,followerCommit=353
2021-11-15 13:54:29,544 [grpc-default-executor-4] INFO  leader.FollowerInfo (FollowerInfoImpl.java:lambda$new$0(47)) - omNode-2@group-523986131536->omNode-1: nextIndex: updateUnconditionally 360 -> 354
2021-11-15 13:54:30,046 [grpc-default-executor-4] INFO  server.RaftServer$Division (RaftServerImpl.java:checkInconsistentAppendEntries(1322)) - omNode-1@group-523986131536: Failed appendEntries as previous log entry ((t:6, i:359)) is not found
2021-11-15 13:54:30,046 [grpc-default-executor-4] INFO  server.RaftServer$Division (RaftServerImpl.java:checkInconsistentAppendEntries(1288)) - omNode-1@group-523986131536: inconsistency entries. Reply:omNode-2<-omNode-1#4115:FAIL-t6,INCONSISTENCY,nextIndex=354,followerCommit=353
2021-11-15 13:54:30,046 [grpc-default-executor-4] INFO  leader.FollowerInfo (FollowerInfoImpl.java:lambda$new$0(47)) - omNode-2@group-523986131536->omNode-1: nextIndex: updateUnconditionally 360 -> 354
2021-11-15 13:54:30,548 [grpc-default-executor-4] INFO  server.RaftServer$Division (RaftServerImpl.java:checkInconsistentAppendEntries(1322)) - omNode-1@group-523986131536: Failed appendEntries as previous log entry ((t:6, i:359)) is not found
2021-11-15 13:54:30,548 [grpc-default-executor-4] INFO  server.RaftServer$Division (RaftServerImpl.java:checkInconsistentAppendEntries(1288)) - omNode-1@group-523986131536: inconsistency entries. Reply:omNode-2<-omNode-1#4166:FAIL-t6,INCONSISTENCY,nextIndex=354,followerCommit=353
2021-11-15 13:54:30,548 [grpc-default-executor-4] INFO  leader.FollowerInfo (FollowerInfoImpl.java:lambda$new$0(47)) - omNode-2@group-523986131536->omNode-1: nextIndex: updateUnconditionally 360 -> 354
2021-11-15 13:54:31,049 [grpc-default-executor-4] INFO  server.RaftServer$Division (RaftServerImpl.java:checkInconsistentAppendEntries(1322)) - omNode-1@group-523986131536: Failed appendEntries as previous log entry ((t:6, i:359)) is not found
2021-11-15 13:54:31,049 [grpc-default-executor-4] INFO  server.RaftServer$Division (RaftServerImpl.java:checkInconsistentAppendEntries(1288)) - omNode-1@group-523986131536: inconsistency entries. Reply:omNode-2<-omNode-1#4217:FAIL-t6,INCONSISTENCY,nextIndex=354,followerCommit=353
2021-11-15 13:54:31,050 [grpc-default-executor-4] INFO  leader.FollowerInfo (FollowerInfoImpl.java:lambda$new$0(47)) - omNode-2@group-523986131536->omNode-1: nextIndex: updateUnconditionally 360 -> 354
2021-11-15 13:54:31,551 [grpc-default-executor-4] INFO  server.RaftServer$Division (RaftServerImpl.java:checkInconsistentAppendEntries(1322)) - omNode-1@group-523986131536: Failed appendEntries as previous log entry ((t:6, i:359)) is not found
2021-11-15 13:54:31,551 [grpc-default-executor-4] INFO  server.RaftServer$Division (RaftServerImpl.java:checkInconsistentAppendEntries(1288)) - omNode-1@group-523986131536: inconsistency entries. Reply:omNode-2<-omNode-1#4268:FAIL-t6,INCONSISTENCY,nextIndex=354,followerCommit=353
2021-11-15 13:54:31,551 [grpc-default-executor-4] INFO  leader.FollowerInfo (FollowerInfoImpl.java:lambda$new$0(47)) - omNode-2@group-523986131536->omNode-1: nextIndex: updateUnconditionally 360 -> 354
2021-11-15 13:54:32,053 [grpc-default-executor-4] INFO  server.RaftServer$Division (RaftServerImpl.java:checkInconsistentAppendEntries(1322)) - omNode-1@group-523986131536: Failed appendEntries as previous log entry ((t:6, i:359)) is not found
2021-11-15 13:54:32,053 [grpc-default-executor-4] INFO  server.RaftServer$Division (RaftServerImpl.java:checkInconsistentAppendEntries(1288)) - omNode-1@group-523986131536: inconsistency entries. Reply:omNode-2<-omNode-1#4319:FAIL-t6,INCONSISTENCY,nextIndex=354,followerCommit=353
2021-11-15 13:54:32,053 [grpc-default-executor-4] INFO  leader.FollowerInfo (FollowerInfoImpl.java:lambda$new$0(47)) - omNode-2@group-523986131536->omNode-1: nextIndex: updateUnconditionally 360 -> 354
2021-11-15 13:54:32,554 [grpc-default-executor-4] INFO  server.RaftServer$Division (RaftServerImpl.java:checkInconsistentAppendEntries(1322)) - omNode-1@group-523986131536: Failed appendEntries as previous log entry ((t:6, i:359)) is not found
2021-11-15 13:54:32,554 [grpc-default-executor-4] INFO  server.RaftServer$Division (RaftServerImpl.java:checkInconsistentAppendEntries(1288)) - omNode-1@group-523986131536: inconsistency entries. Reply:omNode-2<-omNode-1#4370:FAIL-t6,INCONSISTENCY,nextIndex=354,followerCommit=353
2021-11-15 13:54:32,555 [grpc-default-executor-4] INFO  leader.FollowerInfo (FollowerInfoImpl.java:lambda$new$0(47)) - omNode-2@group-523986131536->omNode-1: nextIndex: updateUnconditionally 360 -> 354
2021-11-15 13:54:33,056 [grpc-default-executor-4] INFO  server.RaftServer$Division (RaftServerImpl.java:checkInconsistentAppendEntries(1322)) - omNode-1@group-523986131536: Failed appendEntries as previous log entry ((t:6, i:359)) is not found
2021-11-15 13:54:33,056 [grpc-default-executor-4] INFO  server.RaftServer$Division (RaftServerImpl.java:checkInconsistentAppendEntries(1288)) - omNode-1@group-523986131536: inconsistency entries. Reply:omNode-2<-omNode-1#4421:FAIL-t6,INCONSISTENCY,nextIndex=354,followerCommit=353
2021-11-15 13:54:33,057 [grpc-default-executor-4] INFO  leader.FollowerInfo (FollowerInfoImpl.java:lambda$new$0(47)) - omNode-2@group-523986131536->omNode-1: nextIndex: updateUnconditionally 360 -> 354
2021-11-15 13:54:33,558 [grpc-default-executor-4] INFO  server.RaftServer$Division (RaftServerImpl.java:checkInconsistentAppendEntries(1322)) - omNode-1@group-523986131536: Failed appendEntries as previous log entry ((t:6, i:359)) is not found
2021-11-15 13:54:33,558 [grpc-default-executor-4] INFO  server.RaftServer$Division (RaftServerImpl.java:checkInconsistentAppendEntries(1288)) - omNode-1@group-523986131536: inconsistency entries. Reply:omNode-2<-omNode-1#4472:FAIL-t6,INCONSISTENCY,nextIndex=354,followerCommit=353
2021-11-15 13:54:33,558 [grpc-default-executor-4] INFO  leader.FollowerInfo (FollowerInfoImpl.java:lambda$new$0(47)) - omNode-2@group-523986131536->omNode-1: nextIndex: updateUnconditionally 360 -> 354
2021-11-15 13:54:34,059 [grpc-default-executor-4] INFO  server.RaftServer$Division (RaftServerImpl.java:checkInconsistentAppendEntries(1322)) - omNode-1@group-523986131536: Failed appendEntries as previous log entry ((t:6, i:359)) is not found
2021-11-15 13:54:34,060 [grpc-default-executor-4] INFO  server.RaftServer$Division (RaftServerImpl.java:checkInconsistentAppendEntries(1288)) - omNode-1@group-523986131536: inconsistency entries. Reply:omNode-2<-omNode-1#4523:FAIL-t6,INCONSISTENCY,nextIndex=354,followerCommit=353
2021-11-15 13:54:34,060 [grpc-default-executor-4] INFO  leader.FollowerInfo (FollowerInfoImpl.java:lambda$new$0(47)) - omNode-2@group-523986131536->omNode-1: nextIndex: updateUnconditionally 360 -> 354
2021-11-15 13:54:34,561 [grpc-default-executor-4] INFO  server.RaftServer$Division (RaftServerImpl.java:checkInconsistentAppendEntries(1322)) - omNode-1@group-523986131536: Failed appendEntries as previous log entry ((t:6, i:359)) is not found
2021-11-15 13:54:34,561 [grpc-default-executor-4] INFO  server.RaftServer$Division (RaftServerImpl.java:checkInconsistentAppendEntries(1288)) - omNode-1@group-523986131536: inconsistency entries. Reply:omNode-2<-omNode-1#4574:FAIL-t6,INCONSISTENCY,nextIndex=354,followerCommit=353
2021-11-15 13:54:34,562 [grpc-default-executor-4] INFO  leader.FollowerInfo (FollowerInfoImpl.java:lambda$new$0(47)) - omNode-2@group-523986131536->omNode-1: nextIndex: updateUnconditionally 360 -> 354
2021-11-15 13:54:35,063 [grpc-default-executor-4] INFO  server.RaftServer$Division (RaftServerImpl.java:checkInconsistentAppendEntries(1322)) - omNode-1@group-523986131536: Failed appendEntries as previous log entry ((t:6, i:359)) is not found
2021-11-15 13:54:35,063 [grpc-default-executor-4] INFO  server.RaftServer$Division (RaftServerImpl.java:checkInconsistentAppendEntries(1288)) - omNode-1@group-523986131536: inconsistency entries. Reply:omNode-2<-omNode-1#4625:FAIL-t6,INCONSISTENCY,nextIndex=354,followerCommit=353
2021-11-15 13:54:35,063 [grpc-default-executor-4] INFO  leader.FollowerInfo (FollowerInfoImpl.java:lambda$new$0(47)) - omNode-2@group-523986131536->omNode-1: nextIndex: updateUnconditionally 360 -> 354
2021-11-15 13:54:35,565 [grpc-default-executor-4] INFO  server.RaftServer$Division (RaftServerImpl.java:checkInconsistentAppendEntries(1322)) - omNode-1@group-523986131536: Failed appendEntries as previous log entry ((t:6, i:359)) is not found
2021-11-15 13:54:35,565 [grpc-default-executor-4] INFO  server.RaftServer$Division (RaftServerImpl.java:checkInconsistentAppendEntries(1288)) - omNode-1@group-523986131536: inconsistency entries. Reply:omNode-2<-omNode-1#4676:FAIL-t6,INCONSISTENCY,nextIndex=354,followerCommit=353
2021-11-15 13:54:35,565 [grpc-default-executor-4] INFO  leader.FollowerInfo (FollowerInfoImpl.java:lambda$new$0(47)) - omNode-2@group-523986131536->omNode-1: nextIndex: updateUnconditionally 360 -> 354
2021-11-15 13:54:36,067 [grpc-default-executor-4] INFO  server.RaftServer$Division (RaftServerImpl.java:checkInconsistentAppendEntries(1322)) - omNode-1@group-523986131536: Failed appendEntries as previous log entry ((t:6, i:359)) is not found
2021-11-15 13:54:36,067 [grpc-default-executor-4] INFO  server.RaftServer$Division (RaftServerImpl.java:checkInconsistentAppendEntries(1288)) - omNode-1@group-523986131536: inconsistency entries. Reply:omNode-2<-omNode-1#4727:FAIL-t6,INCONSISTENCY,nextIndex=354,followerCommit=353
2021-11-15 13:54:36,067 [grpc-default-executor-4] INFO  leader.FollowerInfo (FollowerInfoImpl.java:lambda$new$0(47)) - omNode-2@group-523986131536->omNode-1: nextIndex: updateUnconditionally 360 -> 354
2021-11-15 13:54:36,568 [grpc-default-executor-4] INFO  server.RaftServer$Division (RaftServerImpl.java:checkInconsistentAppendEntries(1322)) - omNode-1@group-523986131536: Failed appendEntries as previous log entry ((t:6, i:359)) is not found
2021-11-15 13:54:36,568 [grpc-default-executor-4] INFO  server.RaftServer$Division (RaftServerImpl.java:checkInconsistentAppendEntries(1288)) - omNode-1@group-523986131536: inconsistency entries. Reply:omNode-2<-omNode-1#4778:FAIL-t6,INCONSISTENCY,nextIndex=354,followerCommit=353
2021-11-15 13:54:36,569 [grpc-default-executor-4] INFO  leader.FollowerInfo (FollowerInfoImpl.java:lambda$new$0(47)) - omNode-2@group-523986131536->omNode-1: nextIndex: updateUnconditionally 360 -> 354
2021-11-15 13:54:37,070 [grpc-default-executor-4] INFO  server.RaftServer$Division (RaftServerImpl.java:checkInconsistentAppendEntries(1322)) - omNode-1@group-523986131536: Failed appendEntries as previous log entry ((t:6, i:359)) is not found
2021-11-15 13:54:37,070 [grpc-default-executor-4] INFO  server.RaftServer$Division (RaftServerImpl.java:checkInconsistentAppendEntries(1288)) - omNode-1@group-523986131536: inconsistency entries. Reply:omNode-2<-omNode-1#4829:FAIL-t6,INCONSISTENCY,nextIndex=354,followerCommit=353
2021-11-15 13:54:37,070 [grpc-default-executor-4] INFO  leader.FollowerInfo (FollowerInfoImpl.java:lambda$new$0(47)) - omNode-2@group-523986131536->omNode-1: nextIndex: updateUnconditionally 360 -> 354
2021-11-15 13:54:37,571 [grpc-default-executor-4] INFO  server.RaftServer$Division (RaftServerImpl.java:checkInconsistentAppendEntries(1322)) - omNode-1@group-523986131536: Failed appendEntries as previous log entry ((t:6, i:359)) is not found
2021-11-15 13:54:37,572 [grpc-default-executor-4] INFO  server.RaftServer$Division (RaftServerImpl.java:checkInconsistentAppendEntries(1288)) - omNode-1@group-523986131536: inconsistency entries. Reply:omNode-2<-omNode-1#4880:FAIL-t6,INCONSISTENCY,nextIndex=354,followerCommit=353
2021-11-15 13:54:37,572 [grpc-default-executor-4] INFO  leader.FollowerInfo (FollowerInfoImpl.java:lambda$new$0(47)) - omNode-2@group-523986131536->omNode-1: nextIndex: updateUnconditionally 360 -> 354
2021-11-15 13:54:38,073 [grpc-default-executor-4] INFO  server.RaftServer$Division (RaftServerImpl.java:checkInconsistentAppendEntries(1322)) - omNode-1@group-523986131536: Failed appendEntries as previous log entry ((t:6, i:359)) is not found
2021-11-15 13:54:38,073 [grpc-default-executor-4] INFO  server.RaftServer$Division (RaftServerImpl.java:checkInconsistentAppendEntries(1288)) - omNode-1@group-523986131536: inconsistency entries. Reply:omNode-2<-omNode-1#4931:FAIL-t6,INCONSISTENCY,nextIndex=354,followerCommit=353
2021-11-15 13:54:38,074 [grpc-default-executor-4] INFO  leader.FollowerInfo (FollowerInfoImpl.java:lambda$new$0(47)) - omNode-2@group-523986131536->omNode-1: nextIndex: updateUnconditionally 360 -> 354
2021-11-15 13:54:38,575 [grpc-default-executor-0] INFO  server.RaftServer$Division (RaftServerImpl.java:checkInconsistentAppendEntries(1322)) - omNode-1@group-523986131536: Failed appendEntries as previous log entry ((t:6, i:359)) is not found
2021-11-15 13:54:38,575 [grpc-default-executor-0] INFO  server.RaftServer$Division (RaftServerImpl.java:checkInconsistentAppendEntries(1288)) - omNode-1@group-523986131536: inconsistency entries. Reply:omNode-2<-omNode-1#4982:FAIL-t6,INCONSISTENCY,nextIndex=354,followerCommit=353
2021-11-15 13:54:38,576 [grpc-default-executor-0] INFO  leader.FollowerInfo (FollowerInfoImpl.java:lambda$new$0(47)) - omNode-2@group-523986131536->omNode-1: nextIndex: updateUnconditionally 360 -> 354
2021-11-15 13:54:39,077 [grpc-default-executor-0] INFO  server.RaftServer$Division (RaftServerImpl.java:checkInconsistentAppendEntries(1322)) - omNode-1@group-523986131536: Failed appendEntries as previous log entry ((t:6, i:359)) is not found
2021-11-15 13:54:39,077 [grpc-default-executor-0] INFO  server.RaftServer$Division (RaftServerImpl.java:checkInconsistentAppendEntries(1288)) - omNode-1@group-523986131536: inconsistency entries. Reply:omNode-2<-omNode-1#5033:FAIL-t6,INCONSISTENCY,nextIndex=354,followerCommit=353
2021-11-15 13:54:39,078 [grpc-default-executor-0] INFO  leader.FollowerInfo (FollowerInfoImpl.java:lambda$new$0(47)) - omNode-2@group-523986131536->omNode-1: nextIndex: updateUnconditionally 360 -> 354
2021-11-15 13:54:39,579 [grpc-default-executor-0] INFO  server.RaftServer$Division (RaftServerImpl.java:checkInconsistentAppendEntries(1322)) - omNode-1@group-523986131536: Failed appendEntries as previous log entry ((t:6, i:359)) is not found
2021-11-15 13:54:39,580 [grpc-default-executor-0] INFO  server.RaftServer$Division (RaftServerImpl.java:checkInconsistentAppendEntries(1288)) - omNode-1@group-523986131536: inconsistency entries. Reply:omNode-2<-omNode-1#5084:FAIL-t6,INCONSISTENCY,nextIndex=354,followerCommit=353
2021-11-15 13:54:39,580 [grpc-default-executor-0] INFO  leader.FollowerInfo (FollowerInfoImpl.java:lambda$new$0(47)) - omNode-2@group-523986131536->omNode-1: nextIndex: updateUnconditionally 360 -> 354
2021-11-15 13:54:40,081 [grpc-default-executor-0] INFO  server.RaftServer$Division (RaftServerImpl.java:checkInconsistentAppendEntries(1322)) - omNode-1@group-523986131536: Failed appendEntries as previous log entry ((t:6, i:359)) is not found
2021-11-15 13:54:40,081 [grpc-default-executor-0] INFO  server.RaftServer$Division (RaftServerImpl.java:checkInconsistentAppendEntries(1288)) - omNode-1@group-523986131536: inconsistency entries. Reply:omNode-2<-omNode-1#5135:FAIL-t6,INCONSISTENCY,nextIndex=354,followerCommit=353
2021-11-15 13:54:40,081 [grpc-default-executor-0] INFO  leader.FollowerInfo (FollowerInfoImpl.java:lambda$new$0(47)) - omNode-2@group-523986131536->omNode-1: nextIndex: updateUnconditionally 360 -> 354
2021-11-15 13:54:40,582 [grpc-default-executor-0] INFO  server.RaftServer$Division (RaftServerImpl.java:checkInconsistentAppendEntries(1322)) - omNode-1@group-523986131536: Failed appendEntries as previous log entry ((t:6, i:359)) is not found
2021-11-15 13:54:40,582 [grpc-default-executor-0] INFO  server.RaftServer$Division (RaftServerImpl.java:checkInconsistentAppendEntries(1288)) - omNode-1@group-523986131536: inconsistency entries. Reply:omNode-2<-omNode-1#5186:FAIL-t6,INCONSISTENCY,nextIndex=354,followerCommit=353
2021-11-15 13:54:40,583 [grpc-default-executor-0] INFO  leader.FollowerInfo (FollowerInfoImpl.java:lambda$new$0(47)) - omNode-2@group-523986131536->omNode-1: nextIndex: updateUnconditionally 360 -> 354
2021-11-15 13:54:41,084 [grpc-default-executor-4] INFO  server.RaftServer$Division (RaftServerImpl.java:checkInconsistentAppendEntries(1322)) - omNode-1@group-523986131536: Failed appendEntries as previous log entry ((t:6, i:359)) is not found
2021-11-15 13:54:41,084 [grpc-default-executor-4] INFO  server.RaftServer$Division (RaftServerImpl.java:checkInconsistentAppendEntries(1288)) - omNode-1@group-523986131536: inconsistency entries. Reply:omNode-2<-omNode-1#5237:FAIL-t6,INCONSISTENCY,nextIndex=354,followerCommit=353
2021-11-15 13:54:41,084 [grpc-default-executor-4] INFO  leader.FollowerInfo (FollowerInfoImpl.java:lambda$new$0(47)) - omNode-2@group-523986131536->omNode-1: nextIndex: updateUnconditionally 360 -> 354
2021-11-15 13:54:41,585 [grpc-default-executor-4] INFO  server.RaftServer$Division (RaftServerImpl.java:checkInconsistentAppendEntries(1322)) - omNode-1@group-523986131536: Failed appendEntries as previous log entry ((t:6, i:359)) is not found
2021-11-15 13:54:41,585 [grpc-default-executor-4] INFO  server.RaftServer$Division (RaftServerImpl.java:checkInconsistentAppendEntries(1288)) - omNode-1@group-523986131536: inconsistency entries. Reply:omNode-2<-omNode-1#5288:FAIL-t6,INCONSISTENCY,nextIndex=354,followerCommit=353
2021-11-15 13:54:41,586 [grpc-default-executor-4] INFO  leader.FollowerInfo (FollowerInfoImpl.java:lambda$new$0(47)) - omNode-2@group-523986131536->omNode-1: nextIndex: updateUnconditionally 360 -> 354
2021-11-15 13:54:42,088 [grpc-default-executor-4] INFO  server.RaftServer$Division (RaftServerImpl.java:checkInconsistentAppendEntries(1322)) - omNode-1@group-523986131536: Failed appendEntries as previous log entry ((t:6, i:359)) is not found
2021-11-15 13:54:42,088 [grpc-default-executor-4] INFO  server.RaftServer$Division (RaftServerImpl.java:checkInconsistentAppendEntries(1288)) - omNode-1@group-523986131536: inconsistency entries. Reply:omNode-2<-omNode-1#5339:FAIL-t6,INCONSISTENCY,nextIndex=354,followerCommit=353
2021-11-15 13:54:42,088 [grpc-default-executor-4] INFO  leader.FollowerInfo (FollowerInfoImpl.java:lambda$new$0(47)) - omNode-2@group-523986131536->omNode-1: nextIndex: updateUnconditionally 360 -> 354
2021-11-15 13:54:42,590 [grpc-default-executor-4] INFO  server.RaftServer$Division (RaftServerImpl.java:checkInconsistentAppendEntries(1322)) - omNode-1@group-523986131536: Failed appendEntries as previous log entry ((t:6, i:359)) is not found
2021-11-15 13:54:42,590 [grpc-default-executor-4] INFO  server.RaftServer$Division (RaftServerImpl.java:checkInconsistentAppendEntries(1288)) - omNode-1@group-523986131536: inconsistency entries. Reply:omNode-2<-omNode-1#5390:FAIL-t6,INCONSISTENCY,nextIndex=354,followerCommit=353
2021-11-15 13:54:42,590 [grpc-default-executor-4] INFO  leader.FollowerInfo (FollowerInfoImpl.java:lambda$new$0(47)) - omNode-2@group-523986131536->omNode-1: nextIndex: updateUnconditionally 360 -> 354
2021-11-15 13:54:43,092 [grpc-default-executor-4] INFO  server.RaftServer$Division (RaftServerImpl.java:checkInconsistentAppendEntries(1322)) - omNode-1@group-523986131536: Failed appendEntries as previous log entry ((t:6, i:359)) is not found
2021-11-15 13:54:43,092 [grpc-default-executor-4] INFO  server.RaftServer$Division (RaftServerImpl.java:checkInconsistentAppendEntries(1288)) - omNode-1@group-523986131536: inconsistency entries. Reply:omNode-2<-omNode-1#5441:FAIL-t6,INCONSISTENCY,nextIndex=354,followerCommit=353
2021-11-15 13:54:43,092 [grpc-default-executor-4] INFO  leader.FollowerInfo (FollowerInfoImpl.java:lambda$new$0(47)) - omNode-2@group-523986131536->omNode-1: nextIndex: updateUnconditionally 360 -> 354
2021-11-15 13:54:43,593 [grpc-default-executor-4] INFO  server.RaftServer$Division (RaftServerImpl.java:checkInconsistentAppendEntries(1322)) - omNode-1@group-523986131536: Failed appendEntries as previous log entry ((t:6, i:359)) is not found
2021-11-15 13:54:43,594 [grpc-default-executor-4] INFO  server.RaftServer$Division (RaftServerImpl.java:checkInconsistentAppendEntries(1288)) - omNode-1@group-523986131536: inconsistency entries. Reply:omNode-2<-omNode-1#5492:FAIL-t6,INCONSISTENCY,nextIndex=354,followerCommit=353
2021-11-15 13:54:43,594 [grpc-default-executor-4] INFO  leader.FollowerInfo (FollowerInfoImpl.java:lambda$new$0(47)) - omNode-2@group-523986131536->omNode-1: nextIndex: updateUnconditionally 360 -> 354
2021-11-15 13:54:44,096 [grpc-default-executor-4] INFO  server.RaftServer$Division (RaftServerImpl.java:checkInconsistentAppendEntries(1322)) - omNode-1@group-523986131536: Failed appendEntries as previous log entry ((t:6, i:359)) is not found
2021-11-15 13:54:44,096 [grpc-default-executor-4] INFO  server.RaftServer$Division (RaftServerImpl.java:checkInconsistentAppendEntries(1288)) - omNode-1@group-523986131536: inconsistency entries. Reply:omNode-2<-omNode-1#5543:FAIL-t6,INCONSISTENCY,nextIndex=354,followerCommit=353
2021-11-15 13:54:44,096 [grpc-default-executor-4] INFO  leader.FollowerInfo (FollowerInfoImpl.java:lambda$new$0(47)) - omNode-2@group-523986131536->omNode-1: nextIndex: updateUnconditionally 360 -> 354
2021-11-15 13:54:44,598 [grpc-default-executor-4] INFO  server.RaftServer$Division (RaftServerImpl.java:checkInconsistentAppendEntries(1322)) - omNode-1@group-523986131536: Failed appendEntries as previous log entry ((t:6, i:359)) is not found
2021-11-15 13:54:44,598 [grpc-default-executor-4] INFO  server.RaftServer$Division (RaftServerImpl.java:checkInconsistentAppendEntries(1288)) - omNode-1@group-523986131536: inconsistency entries. Reply:omNode-2<-omNode-1#5594:FAIL-t6,INCONSISTENCY,nextIndex=354,followerCommit=353
2021-11-15 13:54:44,598 [grpc-default-executor-4] INFO  leader.FollowerInfo (FollowerInfoImpl.java:lambda$new$0(47)) - omNode-2@group-523986131536->omNode-1: nextIndex: updateUnconditionally 360 -> 354
2021-11-15 13:54:45,099 [grpc-default-executor-4] INFO  server.RaftServer$Division (RaftServerImpl.java:checkInconsistentAppendEntries(1322)) - omNode-1@group-523986131536: Failed appendEntries as previous log entry ((t:6, i:359)) is not found
2021-11-15 13:54:45,099 [grpc-default-executor-4] INFO  server.RaftServer$Division (RaftServerImpl.java:checkInconsistentAppendEntries(1288)) - omNode-1@group-523986131536: inconsistency entries. Reply:omNode-2<-omNode-1#5645:FAIL-t6,INCONSISTENCY,nextIndex=354,followerCommit=353
2021-11-15 13:54:45,100 [grpc-default-executor-4] INFO  leader.FollowerInfo (FollowerInfoImpl.java:lambda$new$0(47)) - omNode-2@group-523986131536->omNode-1: nextIndex: updateUnconditionally 360 -> 354
2021-11-15 13:54:45,600 [grpc-default-executor-4] INFO  server.RaftServer$Division (RaftServerImpl.java:checkInconsistentAppendEntries(1322)) - omNode-1@group-523986131536: Failed appendEntries as previous log entry ((t:6, i:359)) is not found
2021-11-15 13:54:45,601 [grpc-default-executor-4] INFO  server.RaftServer$Division (RaftServerImpl.java:checkInconsistentAppendEntries(1288)) - omNode-1@group-523986131536: inconsistency entries. Reply:omNode-2<-omNode-1#5696:FAIL-t6,INCONSISTENCY,nextIndex=354,followerCommit=353
2021-11-15 13:54:45,601 [grpc-default-executor-4] INFO  leader.FollowerInfo (FollowerInfoImpl.java:lambda$new$0(47)) - omNode-2@group-523986131536->omNode-1: nextIndex: updateUnconditionally 360 -> 354
2021-11-15 13:54:46,102 [grpc-default-executor-4] INFO  server.RaftServer$Division (RaftServerImpl.java:checkInconsistentAppendEntries(1322)) - omNode-1@group-523986131536: Failed appendEntries as previous log entry ((t:6, i:359)) is not found
2021-11-15 13:54:46,102 [grpc-default-executor-4] INFO  server.RaftServer$Division (RaftServerImpl.java:checkInconsistentAppendEntries(1288)) - omNode-1@group-523986131536: inconsistency entries. Reply:omNode-2<-omNode-1#5747:FAIL-t6,INCONSISTENCY,nextIndex=354,followerCommit=353
2021-11-15 13:54:46,103 [grpc-default-executor-4] INFO  leader.FollowerInfo (FollowerInfoImpl.java:lambda$new$0(47)) - omNode-2@group-523986131536->omNode-1: nextIndex: updateUnconditionally 360 -> 354
2021-11-15 13:54:46,604 [grpc-default-executor-4] INFO  server.RaftServer$Division (RaftServerImpl.java:checkInconsistentAppendEntries(1322)) - omNode-1@group-523986131536: Failed appendEntries as previous log entry ((t:6, i:359)) is not found
2021-11-15 13:54:46,605 [grpc-default-executor-4] INFO  server.RaftServer$Division (RaftServerImpl.java:checkInconsistentAppendEntries(1288)) - omNode-1@group-523986131536: inconsistency entries. Reply:omNode-2<-omNode-1#5798:FAIL-t6,INCONSISTENCY,nextIndex=354,followerCommit=353
2021-11-15 13:54:46,605 [grpc-default-executor-4] INFO  leader.FollowerInfo (FollowerInfoImpl.java:lambda$new$0(47)) - omNode-2@group-523986131536->omNode-1: nextIndex: updateUnconditionally 360 -> 354
2021-11-15 13:54:47,106 [grpc-default-executor-4] INFO  server.RaftServer$Division (RaftServerImpl.java:checkInconsistentAppendEntries(1322)) - omNode-1@group-523986131536: Failed appendEntries as previous log entry ((t:6, i:359)) is not found
2021-11-15 13:54:47,107 [grpc-default-executor-4] INFO  server.RaftServer$Division (RaftServerImpl.java:checkInconsistentAppendEntries(1288)) - omNode-1@group-523986131536: inconsistency entries. Reply:omNode-2<-omNode-1#5849:FAIL-t6,INCONSISTENCY,nextIndex=354,followerCommit=353
2021-11-15 13:54:47,107 [grpc-default-executor-4] INFO  leader.FollowerInfo (FollowerInfoImpl.java:lambda$new$0(47)) - omNode-2@group-523986131536->omNode-1: nextIndex: updateUnconditionally 360 -> 354
2021-11-15 13:54:47,608 [grpc-default-executor-4] INFO  server.RaftServer$Division (RaftServerImpl.java:checkInconsistentAppendEntries(1322)) - omNode-1@group-523986131536: Failed appendEntries as previous log entry ((t:6, i:359)) is not found
2021-11-15 13:54:47,608 [grpc-default-executor-4] INFO  server.RaftServer$Division (RaftServerImpl.java:checkInconsistentAppendEntries(1288)) - omNode-1@group-523986131536: inconsistency entries. Reply:omNode-2<-omNode-1#5900:FAIL-t6,INCONSISTENCY,nextIndex=354,followerCommit=353
2021-11-15 13:54:47,609 [grpc-default-executor-4] INFO  leader.FollowerInfo (FollowerInfoImpl.java:lambda$new$0(47)) - omNode-2@group-523986131536->omNode-1: nextIndex: updateUnconditionally 360 -> 354
2021-11-15 13:54:48,110 [grpc-default-executor-4] INFO  server.RaftServer$Division (RaftServerImpl.java:checkInconsistentAppendEntries(1322)) - omNode-1@group-523986131536: Failed appendEntries as previous log entry ((t:6, i:359)) is not found
2021-11-15 13:54:48,110 [grpc-default-executor-4] INFO  server.RaftServer$Division (RaftServerImpl.java:checkInconsistentAppendEntries(1288)) - omNode-1@group-523986131536: inconsistency entries. Reply:omNode-2<-omNode-1#5951:FAIL-t6,INCONSISTENCY,nextIndex=354,followerCommit=353
2021-11-15 13:54:48,111 [grpc-default-executor-4] INFO  leader.FollowerInfo (FollowerInfoImpl.java:lambda$new$0(47)) - omNode-2@group-523986131536->omNode-1: nextIndex: updateUnconditionally 360 -> 354
2021-11-15 13:54:48,612 [grpc-default-executor-4] INFO  server.RaftServer$Division (RaftServerImpl.java:checkInconsistentAppendEntries(1322)) - omNode-1@group-523986131536: Failed appendEntries as previous log entry ((t:6, i:359)) is not found
2021-11-15 13:54:48,613 [grpc-default-executor-4] INFO  server.RaftServer$Division (RaftServerImpl.java:checkInconsistentAppendEntries(1288)) - omNode-1@group-523986131536: inconsistency entries. Reply:omNode-2<-omNode-1#6002:FAIL-t6,INCONSISTENCY,nextIndex=354,followerCommit=353
2021-11-15 13:54:48,613 [grpc-default-executor-4] INFO  leader.FollowerInfo (FollowerInfoImpl.java:lambda$new$0(47)) - omNode-2@group-523986131536->omNode-1: nextIndex: updateUnconditionally 360 -> 354
2021-11-15 13:54:49,114 [grpc-default-executor-4] INFO  server.RaftServer$Division (RaftServerImpl.java:checkInconsistentAppendEntries(1322)) - omNode-1@group-523986131536: Failed appendEntries as previous log entry ((t:6, i:359)) is not found
2021-11-15 13:54:49,114 [grpc-default-executor-4] INFO  server.RaftServer$Division (RaftServerImpl.java:checkInconsistentAppendEntries(1288)) - omNode-1@group-523986131536: inconsistency entries. Reply:omNode-2<-omNode-1#6053:FAIL-t6,INCONSISTENCY,nextIndex=354,followerCommit=353
2021-11-15 13:54:49,115 [grpc-default-executor-4] INFO  leader.FollowerInfo (FollowerInfoImpl.java:lambda$new$0(47)) - omNode-2@group-523986131536->omNode-1: nextIndex: updateUnconditionally 360 -> 354
2021-11-15 13:54:49,616 [grpc-default-executor-4] INFO  server.RaftServer$Division (RaftServerImpl.java:checkInconsistentAppendEntries(1322)) - omNode-1@group-523986131536: Failed appendEntries as previous log entry ((t:6, i:359)) is not found
2021-11-15 13:54:49,616 [grpc-default-executor-4] INFO  server.RaftServer$Division (RaftServerImpl.java:checkInconsistentAppendEntries(1288)) - omNode-1@group-523986131536: inconsistency entries. Reply:omNode-2<-omNode-1#6104:FAIL-t6,INCONSISTENCY,nextIndex=354,followerCommit=353
2021-11-15 13:54:49,617 [grpc-default-executor-4] INFO  leader.FollowerInfo (FollowerInfoImpl.java:lambda$new$0(47)) - omNode-2@group-523986131536->omNode-1: nextIndex: updateUnconditionally 360 -> 354
2021-11-15 13:54:50,118 [grpc-default-executor-4] INFO  server.RaftServer$Division (RaftServerImpl.java:checkInconsistentAppendEntries(1322)) - omNode-1@group-523986131536: Failed appendEntries as previous log entry ((t:6, i:359)) is not found
2021-11-15 13:54:50,118 [grpc-default-executor-4] INFO  server.RaftServer$Division (RaftServerImpl.java:checkInconsistentAppendEntries(1288)) - omNode-1@group-523986131536: inconsistency entries. Reply:omNode-2<-omNode-1#6155:FAIL-t6,INCONSISTENCY,nextIndex=354,followerCommit=353
2021-11-15 13:54:50,119 [grpc-default-executor-4] INFO  leader.FollowerInfo (FollowerInfoImpl.java:lambda$new$0(47)) - omNode-2@group-523986131536->omNode-1: nextIndex: updateUnconditionally 360 -> 354
2021-11-15 13:54:50,620 [grpc-default-executor-4] INFO  server.RaftServer$Division (RaftServerImpl.java:checkInconsistentAppendEntries(1322)) - omNode-1@group-523986131536: Failed appendEntries as previous log entry ((t:6, i:359)) is not found
2021-11-15 13:54:50,620 [grpc-default-executor-4] INFO  server.RaftServer$Division (RaftServerImpl.java:checkInconsistentAppendEntries(1288)) - omNode-1@group-523986131536: inconsistency entries. Reply:omNode-2<-omNode-1#6206:FAIL-t6,INCONSISTENCY,nextIndex=354,followerCommit=353
2021-11-15 13:54:50,620 [grpc-default-executor-4] INFO  leader.FollowerInfo (FollowerInfoImpl.java:lambda$new$0(47)) - omNode-2@group-523986131536->omNode-1: nextIndex: updateUnconditionally 360 -> 354
2021-11-15 13:54:51,121 [grpc-default-executor-0] INFO  server.RaftServer$Division (RaftServerImpl.java:checkInconsistentAppendEntries(1322)) - omNode-1@group-523986131536: Failed appendEntries as previous log entry ((t:6, i:359)) is not found
2021-11-15 13:54:51,122 [grpc-default-executor-0] INFO  server.RaftServer$Division (RaftServerImpl.java:checkInconsistentAppendEntries(1288)) - omNode-1@group-523986131536: inconsistency entries. Reply:omNode-2<-omNode-1#6257:FAIL-t6,INCONSISTENCY,nextIndex=354,followerCommit=353
2021-11-15 13:54:51,122 [grpc-default-executor-0] INFO  leader.FollowerInfo (FollowerInfoImpl.java:lambda$new$0(47)) - omNode-2@group-523986131536->omNode-1: nextIndex: updateUnconditionally 360 -> 354
2021-11-15 13:54:51,624 [grpc-default-executor-0] INFO  server.RaftServer$Division (RaftServerImpl.java:checkInconsistentAppendEntries(1322)) - omNode-1@group-523986131536: Failed appendEntries as previous log entry ((t:6, i:359)) is not found
2021-11-15 13:54:51,624 [grpc-default-executor-0] INFO  server.RaftServer$Division (RaftServerImpl.java:checkInconsistentAppendEntries(1288)) - omNode-1@group-523986131536: inconsistency entries. Reply:omNode-2<-omNode-1#6308:FAIL-t6,INCONSISTENCY,nextIndex=354,followerCommit=353
2021-11-15 13:54:51,624 [grpc-default-executor-0] INFO  leader.FollowerInfo (FollowerInfoImpl.java:lambda$new$0(47)) - omNode-2@group-523986131536->omNode-1: nextIndex: updateUnconditionally 360 -> 354
2021-11-15 13:54:52,126 [grpc-default-executor-0] INFO  server.RaftServer$Division (RaftServerImpl.java:checkInconsistentAppendEntries(1322)) - omNode-1@group-523986131536: Failed appendEntries as previous log entry ((t:6, i:359)) is not found
2021-11-15 13:54:52,126 [grpc-default-executor-0] INFO  server.RaftServer$Division (RaftServerImpl.java:checkInconsistentAppendEntries(1288)) - omNode-1@group-523986131536: inconsistency entries. Reply:omNode-2<-omNode-1#6359:FAIL-t6,INCONSISTENCY,nextIndex=354,followerCommit=353
2021-11-15 13:54:52,126 [grpc-default-executor-0] INFO  leader.FollowerInfo (FollowerInfoImpl.java:lambda$new$0(47)) - omNode-2@group-523986131536->omNode-1: nextIndex: updateUnconditionally 360 -> 354
2021-11-15 13:54:52,628 [grpc-default-executor-0] INFO  server.RaftServer$Division (RaftServerImpl.java:checkInconsistentAppendEntries(1322)) - omNode-1@group-523986131536: Failed appendEntries as previous log entry ((t:6, i:359)) is not found
2021-11-15 13:54:52,628 [grpc-default-executor-0] INFO  server.RaftServer$Division (RaftServerImpl.java:checkInconsistentAppendEntries(1288)) - omNode-1@group-523986131536: inconsistency entries. Reply:omNode-2<-omNode-1#6410:FAIL-t6,INCONSISTENCY,nextIndex=354,followerCommit=353
2021-11-15 13:54:52,629 [grpc-default-executor-0] INFO  leader.FollowerInfo (FollowerInfoImpl.java:lambda$new$0(47)) - omNode-2@group-523986131536->omNode-1: nextIndex: updateUnconditionally 360 -> 354
2021-11-15 13:54:53,130 [grpc-default-executor-0] INFO  server.RaftServer$Division (RaftServerImpl.java:checkInconsistentAppendEntries(1322)) - omNode-1@group-523986131536: Failed appendEntries as previous log entry ((t:6, i:359)) is not found
2021-11-15 13:54:53,130 [grpc-default-executor-0] INFO  server.RaftServer$Division (RaftServerImpl.java:checkInconsistentAppendEntries(1288)) - omNode-1@group-523986131536: inconsistency entries. Reply:omNode-2<-omNode-1#6461:FAIL-t6,INCONSISTENCY,nextIndex=354,followerCommit=353
2021-11-15 13:54:53,131 [grpc-default-executor-0] INFO  leader.FollowerInfo (FollowerInfoImpl.java:lambda$new$0(47)) - omNode-2@group-523986131536->omNode-1: nextIndex: updateUnconditionally 360 -> 354
2021-11-15 13:54:53,632 [grpc-default-executor-0] INFO  server.RaftServer$Division (RaftServerImpl.java:checkInconsistentAppendEntries(1322)) - omNode-1@group-523986131536: Failed appendEntries as previous log entry ((t:6, i:359)) is not found
2021-11-15 13:54:53,633 [grpc-default-executor-0] INFO  server.RaftServer$Division (RaftServerImpl.java:checkInconsistentAppendEntries(1288)) - omNode-1@group-523986131536: inconsistency entries. Reply:omNode-2<-omNode-1#6512:FAIL-t6,INCONSISTENCY,nextIndex=354,followerCommit=353
2021-11-15 13:54:53,633 [grpc-default-executor-0] INFO  leader.FollowerInfo (FollowerInfoImpl.java:lambda$new$0(47)) - omNode-2@group-523986131536->omNode-1: nextIndex: updateUnconditionally 360 -> 354
2021-11-15 13:54:54,134 [grpc-default-executor-0] INFO  server.RaftServer$Division (RaftServerImpl.java:checkInconsistentAppendEntries(1322)) - omNode-1@group-523986131536: Failed appendEntries as previous log entry ((t:6, i:359)) is not found
2021-11-15 13:54:54,134 [grpc-default-executor-0] INFO  server.RaftServer$Division (RaftServerImpl.java:checkInconsistentAppendEntries(1288)) - omNode-1@group-523986131536: inconsistency entries. Reply:omNode-2<-omNode-1#6563:FAIL-t6,INCONSISTENCY,nextIndex=354,followerCommit=353
2021-11-15 13:54:54,135 [grpc-default-executor-0] INFO  leader.FollowerInfo (FollowerInfoImpl.java:lambda$new$0(47)) - omNode-2@group-523986131536->omNode-1: nextIndex: updateUnconditionally 360 -> 354
2021-11-15 13:54:54,636 [grpc-default-executor-0] INFO  server.RaftServer$Division (RaftServerImpl.java:checkInconsistentAppendEntries(1322)) - omNode-1@group-523986131536: Failed appendEntries as previous log entry ((t:6, i:359)) is not found
2021-11-15 13:54:54,636 [grpc-default-executor-0] INFO  server.RaftServer$Division (RaftServerImpl.java:checkInconsistentAppendEntries(1288)) - omNode-1@group-523986131536: inconsistency entries. Reply:omNode-2<-omNode-1#6614:FAIL-t6,INCONSISTENCY,nextIndex=354,followerCommit=353
2021-11-15 13:54:54,636 [grpc-default-executor-0] INFO  leader.FollowerInfo (FollowerInfoImpl.java:lambda$new$0(47)) - omNode-2@group-523986131536->omNode-1: nextIndex: updateUnconditionally 360 -> 354
2021-11-15 13:54:55,138 [grpc-default-executor-0] INFO  server.RaftServer$Division (RaftServerImpl.java:checkInconsistentAppendEntries(1322)) - omNode-1@group-523986131536: Failed appendEntries as previous log entry ((t:6, i:359)) is not found
2021-11-15 13:54:55,138 [grpc-default-executor-0] INFO  server.RaftServer$Division (RaftServerImpl.java:checkInconsistentAppendEntries(1288)) - omNode-1@group-523986131536: inconsistency entries. Reply:omNode-2<-omNode-1#6665:FAIL-t6,INCONSISTENCY,nextIndex=354,followerCommit=353
2021-11-15 13:54:55,141 [grpc-default-executor-0] INFO  leader.FollowerInfo (FollowerInfoImpl.java:lambda$new$0(47)) - omNode-2@group-523986131536->omNode-1: nextIndex: updateUnconditionally 360 -> 354
2021-11-15 13:54:55,643 [grpc-default-executor-0] INFO  server.RaftServer$Division (RaftServerImpl.java:checkInconsistentAppendEntries(1322)) - omNode-1@group-523986131536: Failed appendEntries as previous log entry ((t:6, i:359)) is not found
2021-11-15 13:54:55,643 [grpc-default-executor-0] INFO  server.RaftServer$Division (RaftServerImpl.java:checkInconsistentAppendEntries(1288)) - omNode-1@group-523986131536: inconsistency entries. Reply:omNode-2<-omNode-1#6716:FAIL-t6,INCONSISTENCY,nextIndex=354,followerCommit=353
2021-11-15 13:54:55,643 [grpc-default-executor-0] INFO  leader.FollowerInfo (FollowerInfoImpl.java:lambda$new$0(47)) - omNode-2@group-523986131536->omNode-1: nextIndex: updateUnconditionally 360 -> 354
2021-11-15 13:54:56,145 [grpc-default-executor-4] INFO  server.RaftServer$Division (RaftServerImpl.java:checkInconsistentAppendEntries(1322)) - omNode-1@group-523986131536: Failed appendEntries as previous log entry ((t:6, i:359)) is not found
2021-11-15 13:54:56,145 [grpc-default-executor-4] INFO  server.RaftServer$Division (RaftServerImpl.java:checkInconsistentAppendEntries(1288)) - omNode-1@group-523986131536: inconsistency entries. Reply:omNode-2<-omNode-1#6767:FAIL-t6,INCONSISTENCY,nextIndex=354,followerCommit=353
2021-11-15 13:54:56,145 [grpc-default-executor-4] INFO  leader.FollowerInfo (FollowerInfoImpl.java:lambda$new$0(47)) - omNode-2@group-523986131536->omNode-1: nextIndex: updateUnconditionally 360 -> 354
2021-11-15 13:54:56,646 [grpc-default-executor-4] INFO  server.RaftServer$Division (RaftServerImpl.java:checkInconsistentAppendEntries(1322)) - omNode-1@group-523986131536: Failed appendEntries as previous log entry ((t:6, i:359)) is not found
2021-11-15 13:54:56,647 [grpc-default-executor-4] INFO  server.RaftServer$Division (RaftServerImpl.java:checkInconsistentAppendEntries(1288)) - omNode-1@group-523986131536: inconsistency entries. Reply:omNode-2<-omNode-1#6818:FAIL-t6,INCONSISTENCY,nextIndex=354,followerCommit=353
2021-11-15 13:54:56,647 [grpc-default-executor-4] INFO  leader.FollowerInfo (FollowerInfoImpl.java:lambda$new$0(47)) - omNode-2@group-523986131536->omNode-1: nextIndex: updateUnconditionally 360 -> 354
2021-11-15 13:54:57,148 [grpc-default-executor-4] INFO  server.RaftServer$Division (RaftServerImpl.java:checkInconsistentAppendEntries(1322)) - omNode-1@group-523986131536: Failed appendEntries as previous log entry ((t:6, i:359)) is not found
2021-11-15 13:54:57,149 [grpc-default-executor-4] INFO  server.RaftServer$Division (RaftServerImpl.java:checkInconsistentAppendEntries(1288)) - omNode-1@group-523986131536: inconsistency entries. Reply:omNode-2<-omNode-1#6866:FAIL-t6,INCONSISTENCY,nextIndex=354,followerCommit=353
2021-11-15 13:54:57,149 [grpc-default-executor-4] INFO  leader.FollowerInfo (FollowerInfoImpl.java:lambda$new$0(47)) - omNode-2@group-523986131536->omNode-1: nextIndex: updateUnconditionally 360 -> 354
2021-11-15 13:54:57,650 [grpc-default-executor-4] INFO  server.RaftServer$Division (RaftServerImpl.java:checkInconsistentAppendEntries(1322)) - omNode-1@group-523986131536: Failed appendEntries as previous log entry ((t:6, i:359)) is not found
2021-11-15 13:54:57,651 [grpc-default-executor-4] INFO  server.RaftServer$Division (RaftServerImpl.java:checkInconsistentAppendEntries(1288)) - omNode-1@group-523986131536: inconsistency entries. Reply:omNode-2<-omNode-1#6917:FAIL-t6,INCONSISTENCY,nextIndex=354,followerCommit=353
2021-11-15 13:54:57,651 [grpc-default-executor-4] INFO  leader.FollowerInfo (FollowerInfoImpl.java:lambda$new$0(47)) - omNode-2@group-523986131536->omNode-1: nextIndex: updateUnconditionally 360 -> 354
2021-11-15 13:54:58,153 [grpc-default-executor-4] INFO  server.RaftServer$Division (RaftServerImpl.java:checkInconsistentAppendEntries(1322)) - omNode-1@group-523986131536: Failed appendEntries as previous log entry ((t:6, i:359)) is not found
2021-11-15 13:54:58,153 [grpc-default-executor-4] INFO  server.RaftServer$Division (RaftServerImpl.java:checkInconsistentAppendEntries(1288)) - omNode-1@group-523986131536: inconsistency entries. Reply:omNode-2<-omNode-1#6968:FAIL-t6,INCONSISTENCY,nextIndex=354,followerCommit=353
2021-11-15 13:54:58,153 [grpc-default-executor-4] INFO  leader.FollowerInfo (FollowerInfoImpl.java:lambda$new$0(47)) - omNode-2@group-523986131536->omNode-1: nextIndex: updateUnconditionally 360 -> 354
2021-11-15 13:54:58,654 [grpc-default-executor-4] INFO  server.RaftServer$Division (RaftServerImpl.java:checkInconsistentAppendEntries(1322)) - omNode-1@group-523986131536: Failed appendEntries as previous log entry ((t:6, i:359)) is not found
2021-11-15 13:54:58,654 [grpc-default-executor-4] INFO  server.RaftServer$Division (RaftServerImpl.java:checkInconsistentAppendEntries(1288)) - omNode-1@group-523986131536: inconsistency entries. Reply:omNode-2<-omNode-1#7019:FAIL-t6,INCONSISTENCY,nextIndex=354,followerCommit=353
2021-11-15 13:54:58,655 [grpc-default-executor-4] INFO  leader.FollowerInfo (FollowerInfoImpl.java:lambda$new$0(47)) - omNode-2@group-523986131536->omNode-1: nextIndex: updateUnconditionally 360 -> 354
2021-11-15 13:54:59,155 [grpc-default-executor-4] INFO  server.RaftServer$Division (RaftServerImpl.java:checkInconsistentAppendEntries(1322)) - omNode-1@group-523986131536: Failed appendEntries as previous log entry ((t:6, i:359)) is not found
2021-11-15 13:54:59,156 [grpc-default-executor-4] INFO  server.RaftServer$Division (RaftServerImpl.java:checkInconsistentAppendEntries(1288)) - omNode-1@group-523986131536: inconsistency entries. Reply:omNode-2<-omNode-1#7070:FAIL-t6,INCONSISTENCY,nextIndex=354,followerCommit=353
2021-11-15 13:54:59,156 [grpc-default-executor-4] INFO  leader.FollowerInfo (FollowerInfoImpl.java:lambda$new$0(47)) - omNode-2@group-523986131536->omNode-1: nextIndex: updateUnconditionally 360 -> 354
2021-11-15 13:54:59,656 [grpc-default-executor-4] INFO  server.RaftServer$Division (RaftServerImpl.java:checkInconsistentAppendEntries(1322)) - omNode-1@group-523986131536: Failed appendEntries as previous log entry ((t:6, i:359)) is not found
2021-11-15 13:54:59,657 [grpc-default-executor-4] INFO  server.RaftServer$Division (RaftServerImpl.java:checkInconsistentAppendEntries(1288)) - omNode-1@group-523986131536: inconsistency entries. Reply:omNode-2<-omNode-1#7121:FAIL-t6,INCONSISTENCY,nextIndex=354,followerCommit=353
2021-11-15 13:54:59,657 [grpc-default-executor-4] INFO  leader.FollowerInfo (FollowerInfoImpl.java:lambda$new$0(47)) - omNode-2@group-523986131536->omNode-1: nextIndex: updateUnconditionally 360 -> 354
2021-11-15 13:55:00,158 [grpc-default-executor-4] INFO  server.RaftServer$Division (RaftServerImpl.java:checkInconsistentAppendEntries(1322)) - omNode-1@group-523986131536: Failed appendEntries as previous log entry ((t:6, i:359)) is not found
2021-11-15 13:55:00,159 [grpc-default-executor-4] INFO  server.RaftServer$Division (RaftServerImpl.java:checkInconsistentAppendEntries(1288)) - omNode-1@group-523986131536: inconsistency entries. Reply:omNode-2<-omNode-1#7172:FAIL-t6,INCONSISTENCY,nextIndex=354,followerCommit=353
2021-11-15 13:55:00,159 [grpc-default-executor-4] INFO  leader.FollowerInfo (FollowerInfoImpl.java:lambda$new$0(47)) - omNode-2@group-523986131536->omNode-1: nextIndex: updateUnconditionally 360 -> 354
2021-11-15 13:55:00,660 [grpc-default-executor-4] INFO  server.RaftServer$Division (RaftServerImpl.java:checkInconsistentAppendEntries(1322)) - omNode-1@group-523986131536: Failed appendEntries as previous log entry ((t:6, i:359)) is not found
2021-11-15 13:55:00,660 [grpc-default-executor-4] INFO  server.RaftServer$Division (RaftServerImpl.java:checkInconsistentAppendEntries(1288)) - omNode-1@group-523986131536: inconsistency entries. Reply:omNode-2<-omNode-1#7223:FAIL-t6,INCONSISTENCY,nextIndex=354,followerCommit=353
2021-11-15 13:55:00,661 [grpc-default-executor-4] INFO  leader.FollowerInfo (FollowerInfoImpl.java:lambda$new$0(47)) - omNode-2@group-523986131536->omNode-1: nextIndex: updateUnconditionally 360 -> 354
2021-11-15 13:55:01,162 [grpc-default-executor-4] INFO  server.RaftServer$Division (RaftServerImpl.java:checkInconsistentAppendEntries(1322)) - omNode-1@group-523986131536: Failed appendEntries as previous log entry ((t:6, i:359)) is not found
2021-11-15 13:55:01,162 [grpc-default-executor-4] INFO  server.RaftServer$Division (RaftServerImpl.java:checkInconsistentAppendEntries(1288)) - omNode-1@group-523986131536: inconsistency entries. Reply:omNode-2<-omNode-1#7274:FAIL-t6,INCONSISTENCY,nextIndex=354,followerCommit=353
2021-11-15 13:55:01,162 [grpc-default-executor-4] INFO  leader.FollowerInfo (FollowerInfoImpl.java:lambda$new$0(47)) - omNode-2@group-523986131536->omNode-1: nextIndex: updateUnconditionally 360 -> 354
2021-11-15 13:55:01,663 [grpc-default-executor-4] INFO  server.RaftServer$Division (RaftServerImpl.java:checkInconsistentAppendEntries(1322)) - omNode-1@group-523986131536: Failed appendEntries as previous log entry ((t:6, i:359)) is not found
2021-11-15 13:55:01,664 [grpc-default-executor-4] INFO  server.RaftServer$Division (RaftServerImpl.java:checkInconsistentAppendEntries(1288)) - omNode-1@group-523986131536: inconsistency entries. Reply:omNode-2<-omNode-1#7325:FAIL-t6,INCONSISTENCY,nextIndex=354,followerCommit=353
2021-11-15 13:55:01,664 [grpc-default-executor-4] INFO  leader.FollowerInfo (FollowerInfoImpl.java:lambda$new$0(47)) - omNode-2@group-523986131536->omNode-1: nextIndex: updateUnconditionally 360 -> 354
2021-11-15 13:55:02,165 [grpc-default-executor-4] INFO  server.RaftServer$Division (RaftServerImpl.java:checkInconsistentAppendEntries(1322)) - omNode-1@group-523986131536: Failed appendEntries as previous log entry ((t:6, i:359)) is not found
2021-11-15 13:55:02,166 [grpc-default-executor-4] INFO  server.RaftServer$Division (RaftServerImpl.java:checkInconsistentAppendEntries(1288)) - omNode-1@group-523986131536: inconsistency entries. Reply:omNode-2<-omNode-1#7376:FAIL-t6,INCONSISTENCY,nextIndex=354,followerCommit=353
2021-11-15 13:55:02,166 [grpc-default-executor-4] INFO  leader.FollowerInfo (FollowerInfoImpl.java:lambda$new$0(47)) - omNode-2@group-523986131536->omNode-1: nextIndex: updateUnconditionally 360 -> 354
2021-11-15 13:55:02,667 [grpc-default-executor-4] INFO  server.RaftServer$Division (RaftServerImpl.java:checkInconsistentAppendEntries(1322)) - omNode-1@group-523986131536: Failed appendEntries as previous log entry ((t:6, i:359)) is not found
2021-11-15 13:55:02,668 [grpc-default-executor-4] INFO  server.RaftServer$Division (RaftServerImpl.java:checkInconsistentAppendEntries(1288)) - omNode-1@group-523986131536: inconsistency entries. Reply:omNode-2<-omNode-1#7427:FAIL-t6,INCONSISTENCY,nextIndex=354,followerCommit=353
2021-11-15 13:55:02,668 [grpc-default-executor-4] INFO  leader.FollowerInfo (FollowerInfoImpl.java:lambda$new$0(47)) - omNode-2@group-523986131536->omNode-1: nextIndex: updateUnconditionally 360 -> 354
2021-11-15 13:55:03,170 [grpc-default-executor-4] INFO  server.RaftServer$Division (RaftServerImpl.java:checkInconsistentAppendEntries(1322)) - omNode-1@group-523986131536: Failed appendEntries as previous log entry ((t:6, i:359)) is not found
2021-11-15 13:55:03,170 [grpc-default-executor-4] INFO  server.RaftServer$Division (RaftServerImpl.java:checkInconsistentAppendEntries(1288)) - omNode-1@group-523986131536: inconsistency entries. Reply:omNode-2<-omNode-1#7478:FAIL-t6,INCONSISTENCY,nextIndex=354,followerCommit=353
2021-11-15 13:55:03,170 [grpc-default-executor-4] INFO  leader.FollowerInfo (FollowerInfoImpl.java:lambda$new$0(47)) - omNode-2@group-523986131536->omNode-1: nextIndex: updateUnconditionally 360 -> 354
2021-11-15 13:55:03,672 [grpc-default-executor-4] INFO  server.RaftServer$Division (RaftServerImpl.java:checkInconsistentAppendEntries(1322)) - omNode-1@group-523986131536: Failed appendEntries as previous log entry ((t:6, i:359)) is not found
2021-11-15 13:55:03,672 [grpc-default-executor-4] INFO  server.RaftServer$Division (RaftServerImpl.java:checkInconsistentAppendEntries(1288)) - omNode-1@group-523986131536: inconsistency entries. Reply:omNode-2<-omNode-1#7529:FAIL-t6,INCONSISTENCY,nextIndex=354,followerCommit=353
2021-11-15 13:55:03,673 [grpc-default-executor-4] INFO  leader.FollowerInfo (FollowerInfoImpl.java:lambda$new$0(47)) - omNode-2@group-523986131536->omNode-1: nextIndex: updateUnconditionally 360 -> 354
2021-11-15 13:55:04,174 [grpc-default-executor-4] INFO  server.RaftServer$Division (RaftServerImpl.java:checkInconsistentAppendEntries(1322)) - omNode-1@group-523986131536: Failed appendEntries as previous log entry ((t:6, i:359)) is not found
2021-11-15 13:55:04,174 [grpc-default-executor-4] INFO  server.RaftServer$Division (RaftServerImpl.java:checkInconsistentAppendEntries(1288)) - omNode-1@group-523986131536: inconsistency entries. Reply:omNode-2<-omNode-1#7580:FAIL-t6,INCONSISTENCY,nextIndex=354,followerCommit=353
2021-11-15 13:55:04,175 [grpc-default-executor-4] INFO  leader.FollowerInfo (FollowerInfoImpl.java:lambda$new$0(47)) - omNode-2@group-523986131536->omNode-1: nextIndex: updateUnconditionally 360 -> 354
2021-11-15 13:55:04,676 [grpc-default-executor-4] INFO  server.RaftServer$Division (RaftServerImpl.java:checkInconsistentAppendEntries(1322)) - omNode-1@group-523986131536: Failed appendEntries as previous log entry ((t:6, i:359)) is not found
2021-11-15 13:55:04,676 [grpc-default-executor-4] INFO  server.RaftServer$Division (RaftServerImpl.java:checkInconsistentAppendEntries(1288)) - omNode-1@group-523986131536: inconsistency entries. Reply:omNode-2<-omNode-1#7631:FAIL-t6,INCONSISTENCY,nextIndex=354,followerCommit=353
2021-11-15 13:55:04,677 [grpc-default-executor-4] INFO  leader.FollowerInfo (FollowerInfoImpl.java:lambda$new$0(47)) - omNode-2@group-523986131536->omNode-1: nextIndex: updateUnconditionally 360 -> 354
2021-11-15 13:55:05,178 [grpc-default-executor-4] INFO  server.RaftServer$Division (RaftServerImpl.java:checkInconsistentAppendEntries(1322)) - omNode-1@group-523986131536: Failed appendEntries as previous log entry ((t:6, i:359)) is not found
2021-11-15 13:55:05,178 [grpc-default-executor-4] INFO  server.RaftServer$Division (RaftServerImpl.java:checkInconsistentAppendEntries(1288)) - omNode-1@group-523986131536: inconsistency entries. Reply:omNode-2<-omNode-1#7682:FAIL-t6,INCONSISTENCY,nextIndex=354,followerCommit=353
2021-11-15 13:55:05,178 [grpc-default-executor-4] INFO  leader.FollowerInfo (FollowerInfoImpl.java:lambda$new$0(47)) - omNode-2@group-523986131536->omNode-1: nextIndex: updateUnconditionally 360 -> 354
2021-11-15 13:55:05,680 [grpc-default-executor-4] INFO  server.RaftServer$Division (RaftServerImpl.java:checkInconsistentAppendEntries(1322)) - omNode-1@group-523986131536: Failed appendEntries as previous log entry ((t:6, i:359)) is not found
2021-11-15 13:55:05,680 [grpc-default-executor-4] INFO  server.RaftServer$Division (RaftServerImpl.java:checkInconsistentAppendEntries(1288)) - omNode-1@group-523986131536: inconsistency entries. Reply:omNode-2<-omNode-1#7733:FAIL-t6,INCONSISTENCY,nextIndex=354,followerCommit=353
2021-11-15 13:55:05,681 [grpc-default-executor-4] INFO  leader.FollowerInfo (FollowerInfoImpl.java:lambda$new$0(47)) - omNode-2@group-523986131536->omNode-1: nextIndex: updateUnconditionally 360 -> 354
2021-11-15 13:55:06,182 [grpc-default-executor-0] INFO  server.RaftServer$Division (RaftServerImpl.java:checkInconsistentAppendEntries(1322)) - omNode-1@group-523986131536: Failed appendEntries as previous log entry ((t:6, i:359)) is not found
2021-11-15 13:55:06,182 [grpc-default-executor-0] INFO  server.RaftServer$Division (RaftServerImpl.java:checkInconsistentAppendEntries(1288)) - omNode-1@group-523986131536: inconsistency entries. Reply:omNode-2<-omNode-1#7784:FAIL-t6,INCONSISTENCY,nextIndex=354,followerCommit=353
2021-11-15 13:55:06,183 [grpc-default-executor-0] INFO  leader.FollowerInfo (FollowerInfoImpl.java:lambda$new$0(47)) - omNode-2@group-523986131536->omNode-1: nextIndex: updateUnconditionally 360 -> 354
2021-11-15 13:55:06,684 [grpc-default-executor-0] INFO  server.RaftServer$Division (RaftServerImpl.java:checkInconsistentAppendEntries(1322)) - omNode-1@group-523986131536: Failed appendEntries as previous log entry ((t:6, i:359)) is not found
2021-11-15 13:55:06,685 [grpc-default-executor-0] INFO  server.RaftServer$Division (RaftServerImpl.java:checkInconsistentAppendEntries(1288)) - omNode-1@group-523986131536: inconsistency entries. Reply:omNode-2<-omNode-1#7835:FAIL-t6,INCONSISTENCY,nextIndex=354,followerCommit=353
2021-11-15 13:55:06,685 [grpc-default-executor-0] INFO  leader.FollowerInfo (FollowerInfoImpl.java:lambda$new$0(47)) - omNode-2@group-523986131536->omNode-1: nextIndex: updateUnconditionally 360 -> 354
2021-11-15 13:55:07,186 [grpc-default-executor-0] INFO  server.RaftServer$Division (RaftServerImpl.java:checkInconsistentAppendEntries(1322)) - omNode-1@group-523986131536: Failed appendEntries as previous log entry ((t:6, i:359)) is not found
2021-11-15 13:55:07,187 [grpc-default-executor-0] INFO  server.RaftServer$Division (RaftServerImpl.java:checkInconsistentAppendEntries(1288)) - omNode-1@group-523986131536: inconsistency entries. Reply:omNode-2<-omNode-1#7886:FAIL-t6,INCONSISTENCY,nextIndex=354,followerCommit=353
2021-11-15 13:55:07,187 [grpc-default-executor-0] INFO  leader.FollowerInfo (FollowerInfoImpl.java:lambda$new$0(47)) - omNode-2@group-523986131536->omNode-1: nextIndex: updateUnconditionally 360 -> 354
2021-11-15 13:55:07,688 [grpc-default-executor-0] INFO  server.RaftServer$Division (RaftServerImpl.java:checkInconsistentAppendEntries(1322)) - omNode-1@group-523986131536: Failed appendEntries as previous log entry ((t:6, i:359)) is not found
2021-11-15 13:55:07,688 [grpc-default-executor-0] INFO  server.RaftServer$Division (RaftServerImpl.java:checkInconsistentAppendEntries(1288)) - omNode-1@group-523986131536: inconsistency entries. Reply:omNode-2<-omNode-1#7937:FAIL-t6,INCONSISTENCY,nextIndex=354,followerCommit=353
2021-11-15 13:55:07,689 [grpc-default-executor-0] INFO  leader.FollowerInfo (FollowerInfoImpl.java:lambda$new$0(47)) - omNode-2@group-523986131536->omNode-1: nextIndex: updateUnconditionally 360 -> 354
2021-11-15 13:55:08,190 [grpc-default-executor-0] INFO  server.RaftServer$Division (RaftServerImpl.java:checkInconsistentAppendEntries(1322)) - omNode-1@group-523986131536: Failed appendEntries as previous log entry ((t:6, i:359)) is not found
2021-11-15 13:55:08,191 [grpc-default-executor-0] INFO  server.RaftServer$Division (RaftServerImpl.java:checkInconsistentAppendEntries(1288)) - omNode-1@group-523986131536: inconsistency entries. Reply:omNode-2<-omNode-1#7988:FAIL-t6,INCONSISTENCY,nextIndex=354,followerCommit=353
2021-11-15 13:55:08,191 [grpc-default-executor-0] INFO  leader.FollowerInfo (FollowerInfoImpl.java:lambda$new$0(47)) - omNode-2@group-523986131536->omNode-1: nextIndex: updateUnconditionally 360 -> 354
2021-11-15 13:55:08,693 [grpc-default-executor-0] INFO  server.RaftServer$Division (RaftServerImpl.java:checkInconsistentAppendEntries(1322)) - omNode-1@group-523986131536: Failed appendEntries as previous log entry ((t:6, i:359)) is not found
2021-11-15 13:55:08,693 [grpc-default-executor-0] INFO  server.RaftServer$Division (RaftServerImpl.java:checkInconsistentAppendEntries(1288)) - omNode-1@group-523986131536: inconsistency entries. Reply:omNode-2<-omNode-1#8039:FAIL-t6,INCONSISTENCY,nextIndex=354,followerCommit=353
2021-11-15 13:55:08,693 [grpc-default-executor-0] INFO  leader.FollowerInfo (FollowerInfoImpl.java:lambda$new$0(47)) - omNode-2@group-523986131536->omNode-1: nextIndex: updateUnconditionally 360 -> 354
2021-11-15 13:55:09,194 [grpc-default-executor-0] INFO  server.RaftServer$Division (RaftServerImpl.java:checkInconsistentAppendEntries(1322)) - omNode-1@group-523986131536: Failed appendEntries as previous log entry ((t:6, i:359)) is not found
2021-11-15 13:55:09,195 [grpc-default-executor-0] INFO  server.RaftServer$Division (RaftServerImpl.java:checkInconsistentAppendEntries(1288)) - omNode-1@group-523986131536: inconsistency entries. Reply:omNode-2<-omNode-1#8090:FAIL-t6,INCONSISTENCY,nextIndex=354,followerCommit=353
2021-11-15 13:55:09,195 [grpc-default-executor-0] INFO  leader.FollowerInfo (FollowerInfoImpl.java:lambda$new$0(47)) - omNode-2@group-523986131536->omNode-1: nextIndex: updateUnconditionally 360 -> 354
2021-11-15 13:55:09,696 [grpc-default-executor-0] INFO  server.RaftServer$Division (RaftServerImpl.java:checkInconsistentAppendEntries(1322)) - omNode-1@group-523986131536: Failed appendEntries as previous log entry ((t:6, i:359)) is not found
2021-11-15 13:55:09,696 [grpc-default-executor-0] INFO  server.RaftServer$Division (RaftServerImpl.java:checkInconsistentAppendEntries(1288)) - omNode-1@group-523986131536: inconsistency entries. Reply:omNode-2<-omNode-1#8141:FAIL-t6,INCONSISTENCY,nextIndex=354,followerCommit=353
2021-11-15 13:55:09,697 [grpc-default-executor-0] INFO  leader.FollowerInfo (FollowerInfoImpl.java:lambda$new$0(47)) - omNode-2@group-523986131536->omNode-1: nextIndex: updateUnconditionally 360 -> 354
2021-11-15 13:55:10,198 [grpc-default-executor-0] INFO  server.RaftServer$Division (RaftServerImpl.java:checkInconsistentAppendEntries(1322)) - omNode-1@group-523986131536: Failed appendEntries as previous log entry ((t:6, i:359)) is not found
2021-11-15 13:55:10,198 [grpc-default-executor-0] INFO  server.RaftServer$Division (RaftServerImpl.java:checkInconsistentAppendEntries(1288)) - omNode-1@group-523986131536: inconsistency entries. Reply:omNode-2<-omNode-1#8192:FAIL-t6,INCONSISTENCY,nextIndex=354,followerCommit=353
2021-11-15 13:55:10,200 [grpc-default-executor-0] INFO  leader.FollowerInfo (FollowerInfoImpl.java:lambda$new$0(47)) - omNode-2@group-523986131536->omNode-1: nextIndex: updateUnconditionally 360 -> 354
2021-11-15 13:55:10,701 [grpc-default-executor-0] INFO  server.RaftServer$Division (RaftServerImpl.java:checkInconsistentAppendEntries(1322)) - omNode-1@group-523986131536: Failed appendEntries as previous log entry ((t:6, i:359)) is not found
2021-11-15 13:55:10,701 [grpc-default-executor-0] INFO  server.RaftServer$Division (RaftServerImpl.java:checkInconsistentAppendEntries(1288)) - omNode-1@group-523986131536: inconsistency entries. Reply:omNode-2<-omNode-1#8243:FAIL-t6,INCONSISTENCY,nextIndex=354,followerCommit=353
2021-11-15 13:55:10,702 [grpc-default-executor-0] INFO  leader.FollowerInfo (FollowerInfoImpl.java:lambda$new$0(47)) - omNode-2@group-523986131536->omNode-1: nextIndex: updateUnconditionally 360 -> 354
2021-11-15 13:55:11,203 [grpc-default-executor-0] INFO  server.RaftServer$Division (RaftServerImpl.java:checkInconsistentAppendEntries(1322)) - omNode-1@group-523986131536: Failed appendEntries as previous log entry ((t:6, i:359)) is not found
2021-11-15 13:55:11,203 [grpc-default-executor-0] INFO  server.RaftServer$Division (RaftServerImpl.java:checkInconsistentAppendEntries(1288)) - omNode-1@group-523986131536: inconsistency entries. Reply:omNode-2<-omNode-1#8294:FAIL-t6,INCONSISTENCY,nextIndex=354,followerCommit=353
2021-11-15 13:55:11,203 [grpc-default-executor-0] INFO  leader.FollowerInfo (FollowerInfoImpl.java:lambda$new$0(47)) - omNode-2@group-523986131536->omNode-1: nextIndex: updateUnconditionally 360 -> 354
2021-11-15 13:55:11,705 [grpc-default-executor-0] INFO  server.RaftServer$Division (RaftServerImpl.java:checkInconsistentAppendEntries(1322)) - omNode-1@group-523986131536: Failed appendEntries as previous log entry ((t:6, i:359)) is not found
2021-11-15 13:55:11,705 [grpc-default-executor-0] INFO  server.RaftServer$Division (RaftServerImpl.java:checkInconsistentAppendEntries(1288)) - omNode-1@group-523986131536: inconsistency entries. Reply:omNode-2<-omNode-1#8345:FAIL-t6,INCONSISTENCY,nextIndex=354,followerCommit=353
2021-11-15 13:55:11,705 [grpc-default-executor-0] INFO  leader.FollowerInfo (FollowerInfoImpl.java:lambda$new$0(47)) - omNode-2@group-523986131536->omNode-1: nextIndex: updateUnconditionally 360 -> 354
2021-11-15 13:55:12,207 [grpc-default-executor-0] INFO  server.RaftServer$Division (RaftServerImpl.java:checkInconsistentAppendEntries(1322)) - omNode-1@group-523986131536: Failed appendEntries as previous log entry ((t:6, i:359)) is not found
2021-11-15 13:55:12,207 [grpc-default-executor-0] INFO  server.RaftServer$Division (RaftServerImpl.java:checkInconsistentAppendEntries(1288)) - omNode-1@group-523986131536: inconsistency entries. Reply:omNode-2<-omNode-1#8396:FAIL-t6,INCONSISTENCY,nextIndex=354,followerCommit=353
2021-11-15 13:55:12,207 [grpc-default-executor-0] INFO  leader.FollowerInfo (FollowerInfoImpl.java:lambda$new$0(47)) - omNode-2@group-523986131536->omNode-1: nextIndex: updateUnconditionally 360 -> 354
2021-11-15 13:55:12,709 [grpc-default-executor-0] INFO  server.RaftServer$Division (RaftServerImpl.java:checkInconsistentAppendEntries(1322)) - omNode-1@group-523986131536: Failed appendEntries as previous log entry ((t:6, i:359)) is not found
2021-11-15 13:55:12,709 [grpc-default-executor-0] INFO  server.RaftServer$Division (RaftServerImpl.java:checkInconsistentAppendEntries(1288)) - omNode-1@group-523986131536: inconsistency entries. Reply:omNode-2<-omNode-1#8447:FAIL-t6,INCONSISTENCY,nextIndex=354,followerCommit=353
2021-11-15 13:55:12,709 [grpc-default-executor-0] INFO  leader.FollowerInfo (FollowerInfoImpl.java:lambda$new$0(47)) - omNode-2@group-523986131536->omNode-1: nextIndex: updateUnconditionally 360 -> 354
2021-11-15 13:55:13,211 [grpc-default-executor-0] INFO  server.RaftServer$Division (RaftServerImpl.java:checkInconsistentAppendEntries(1322)) - omNode-1@group-523986131536: Failed appendEntries as previous log entry ((t:6, i:359)) is not found
2021-11-15 13:55:13,211 [grpc-default-executor-0] INFO  server.RaftServer$Division (RaftServerImpl.java:checkInconsistentAppendEntries(1288)) - omNode-1@group-523986131536: inconsistency entries. Reply:omNode-2<-omNode-1#8498:FAIL-t6,INCONSISTENCY,nextIndex=354,followerCommit=353
2021-11-15 13:55:13,211 [grpc-default-executor-0] INFO  leader.FollowerInfo (FollowerInfoImpl.java:lambda$new$0(47)) - omNode-2@group-523986131536->omNode-1: nextIndex: updateUnconditionally 360 -> 354
2021-11-15 13:55:13,713 [grpc-default-executor-4] INFO  server.RaftServer$Division (RaftServerImpl.java:checkInconsistentAppendEntries(1322)) - omNode-1@group-523986131536: Failed appendEntries as previous log entry ((t:6, i:359)) is not found
2021-11-15 13:55:13,713 [grpc-default-executor-4] INFO  server.RaftServer$Division (RaftServerImpl.java:checkInconsistentAppendEntries(1288)) - omNode-1@group-523986131536: inconsistency entries. Reply:omNode-2<-omNode-1#8549:FAIL-t6,INCONSISTENCY,nextIndex=354,followerCommit=353
2021-11-15 13:55:13,713 [grpc-default-executor-4] INFO  leader.FollowerInfo (FollowerInfoImpl.java:lambda$new$0(47)) - omNode-2@group-523986131536->omNode-1: nextIndex: updateUnconditionally 360 -> 354
2021-11-15 13:55:14,214 [grpc-default-executor-4] INFO  server.RaftServer$Division (RaftServerImpl.java:checkInconsistentAppendEntries(1322)) - omNode-1@group-523986131536: Failed appendEntries as previous log entry ((t:6, i:359)) is not found
2021-11-15 13:55:14,215 [grpc-default-executor-4] INFO  server.RaftServer$Division (RaftServerImpl.java:checkInconsistentAppendEntries(1288)) - omNode-1@group-523986131536: inconsistency entries. Reply:omNode-2<-omNode-1#8600:FAIL-t6,INCONSISTENCY,nextIndex=354,followerCommit=353
2021-11-15 13:55:14,215 [grpc-default-executor-4] INFO  leader.FollowerInfo (FollowerInfoImpl.java:lambda$new$0(47)) - omNode-2@group-523986131536->omNode-1: nextIndex: updateUnconditionally 360 -> 354
2021-11-15 13:55:14,716 [grpc-default-executor-4] INFO  server.RaftServer$Division (RaftServerImpl.java:checkInconsistentAppendEntries(1322)) - omNode-1@group-523986131536: Failed appendEntries as previous log entry ((t:6, i:359)) is not found
2021-11-15 13:55:14,716 [grpc-default-executor-4] INFO  server.RaftServer$Division (RaftServerImpl.java:checkInconsistentAppendEntries(1288)) - omNode-1@group-523986131536: inconsistency entries. Reply:omNode-2<-omNode-1#8651:FAIL-t6,INCONSISTENCY,nextIndex=354,followerCommit=353
2021-11-15 13:55:14,717 [grpc-default-executor-4] INFO  leader.FollowerInfo (FollowerInfoImpl.java:lambda$new$0(47)) - omNode-2@group-523986131536->omNode-1: nextIndex: updateUnconditionally 360 -> 354
2021-11-15 13:55:15,218 [grpc-default-executor-4] INFO  server.RaftServer$Division (RaftServerImpl.java:checkInconsistentAppendEntries(1322)) - omNode-1@group-523986131536: Failed appendEntries as previous log entry ((t:6, i:359)) is not found
2021-11-15 13:55:15,218 [grpc-default-executor-4] INFO  server.RaftServer$Division (RaftServerImpl.java:checkInconsistentAppendEntries(1288)) - omNode-1@group-523986131536: inconsistency entries. Reply:omNode-2<-omNode-1#8702:FAIL-t6,INCONSISTENCY,nextIndex=354,followerCommit=353
2021-11-15 13:55:15,218 [grpc-default-executor-4] INFO  leader.FollowerInfo (FollowerInfoImpl.java:lambda$new$0(47)) - omNode-2@group-523986131536->omNode-1: nextIndex: updateUnconditionally 360 -> 354
2021-11-15 13:55:15,719 [grpc-default-executor-4] INFO  server.RaftServer$Division (RaftServerImpl.java:checkInconsistentAppendEntries(1322)) - omNode-1@group-523986131536: Failed appendEntries as previous log entry ((t:6, i:359)) is not found
2021-11-15 13:55:15,719 [grpc-default-executor-4] INFO  server.RaftServer$Division (RaftServerImpl.java:checkInconsistentAppendEntries(1288)) - omNode-1@group-523986131536: inconsistency entries. Reply:omNode-2<-omNode-1#8753:FAIL-t6,INCONSISTENCY,nextIndex=354,followerCommit=353
2021-11-15 13:55:15,720 [grpc-default-executor-4] INFO  leader.FollowerInfo (FollowerInfoImpl.java:lambda$new$0(47)) - omNode-2@group-523986131536->omNode-1: nextIndex: updateUnconditionally 360 -> 354
2021-11-15 13:55:16,221 [grpc-default-executor-4] INFO  server.RaftServer$Division (RaftServerImpl.java:checkInconsistentAppendEntries(1322)) - omNode-1@group-523986131536: Failed appendEntries as previous log entry ((t:6, i:359)) is not found
2021-11-15 13:55:16,221 [grpc-default-executor-4] INFO  server.RaftServer$Division (RaftServerImpl.java:checkInconsistentAppendEntries(1288)) - omNode-1@group-523986131536: inconsistency entries. Reply:omNode-2<-omNode-1#8804:FAIL-t6,INCONSISTENCY,nextIndex=354,followerCommit=353
2021-11-15 13:55:16,221 [grpc-default-executor-4] INFO  leader.FollowerInfo (FollowerInfoImpl.java:lambda$new$0(47)) - omNode-2@group-523986131536->omNode-1: nextIndex: updateUnconditionally 360 -> 354
2021-11-15 13:55:16,722 [grpc-default-executor-4] INFO  server.RaftServer$Division (RaftServerImpl.java:checkInconsistentAppendEntries(1322)) - omNode-1@group-523986131536: Failed appendEntries as previous log entry ((t:6, i:359)) is not found
2021-11-15 13:55:16,722 [grpc-default-executor-4] INFO  server.RaftServer$Division (RaftServerImpl.java:checkInconsistentAppendEntries(1288)) - omNode-1@group-523986131536: inconsistency entries. Reply:omNode-2<-omNode-1#8855:FAIL-t6,INCONSISTENCY,nextIndex=354,followerCommit=353
2021-11-15 13:55:16,722 [grpc-default-executor-4] INFO  leader.FollowerInfo (FollowerInfoImpl.java:lambda$new$0(47)) - omNode-2@group-523986131536->omNode-1: nextIndex: updateUnconditionally 360 -> 354
2021-11-15 13:55:17,223 [grpc-default-executor-4] INFO  server.RaftServer$Division (RaftServerImpl.java:checkInconsistentAppendEntries(1322)) - omNode-1@group-523986131536: Failed appendEntries as previous log entry ((t:6, i:359)) is not found
2021-11-15 13:55:17,223 [grpc-default-executor-4] INFO  server.RaftServer$Division (RaftServerImpl.java:checkInconsistentAppendEntries(1288)) - omNode-1@group-523986131536: inconsistency entries. Reply:omNode-2<-omNode-1#8906:FAIL-t6,INCONSISTENCY,nextIndex=354,followerCommit=353
2021-11-15 13:55:17,224 [grpc-default-executor-4] INFO  leader.FollowerInfo (FollowerInfoImpl.java:lambda$new$0(47)) - omNode-2@group-523986131536->omNode-1: nextIndex: updateUnconditionally 360 -> 354
2021-11-15 13:55:17,725 [grpc-default-executor-4] INFO  server.RaftServer$Division (RaftServerImpl.java:checkInconsistentAppendEntries(1322)) - omNode-1@group-523986131536: Failed appendEntries as previous log entry ((t:6, i:359)) is not found
2021-11-15 13:55:17,725 [grpc-default-executor-4] INFO  server.RaftServer$Division (RaftServerImpl.java:checkInconsistentAppendEntries(1288)) - omNode-1@group-523986131536: inconsistency entries. Reply:omNode-2<-omNode-1#8957:FAIL-t6,INCONSISTENCY,nextIndex=354,followerCommit=353
2021-11-15 13:55:17,725 [grpc-default-executor-4] INFO  leader.FollowerInfo (FollowerInfoImpl.java:lambda$new$0(47)) - omNode-2@group-523986131536->omNode-1: nextIndex: updateUnconditionally 360 -> 354
2021-11-15 13:55:18,226 [grpc-default-executor-4] INFO  server.RaftServer$Division (RaftServerImpl.java:checkInconsistentAppendEntries(1322)) - omNode-1@group-523986131536: Failed appendEntries as previous log entry ((t:6, i:359)) is not found
2021-11-15 13:55:18,227 [grpc-default-executor-4] INFO  server.RaftServer$Division (RaftServerImpl.java:checkInconsistentAppendEntries(1288)) - omNode-1@group-523986131536: inconsistency entries. Reply:omNode-2<-omNode-1#9008:FAIL-t6,INCONSISTENCY,nextIndex=354,followerCommit=353
2021-11-15 13:55:18,227 [grpc-default-executor-4] INFO  leader.FollowerInfo (FollowerInfoImpl.java:lambda$new$0(47)) - omNode-2@group-523986131536->omNode-1: nextIndex: updateUnconditionally 360 -> 354
2021-11-15 13:55:18,728 [grpc-default-executor-4] INFO  server.RaftServer$Division (RaftServerImpl.java:checkInconsistentAppendEntries(1322)) - omNode-1@group-523986131536: Failed appendEntries as previous log entry ((t:6, i:359)) is not found
2021-11-15 13:55:18,728 [grpc-default-executor-4] INFO  server.RaftServer$Division (RaftServerImpl.java:checkInconsistentAppendEntries(1288)) - omNode-1@group-523986131536: inconsistency entries. Reply:omNode-2<-omNode-1#9059:FAIL-t6,INCONSISTENCY,nextIndex=354,followerCommit=353
2021-11-15 13:55:18,729 [grpc-default-executor-4] INFO  leader.FollowerInfo (FollowerInfoImpl.java:lambda$new$0(47)) - omNode-2@group-523986131536->omNode-1: nextIndex: updateUnconditionally 360 -> 354
2021-11-15 13:55:19,230 [grpc-default-executor-4] INFO  server.RaftServer$Division (RaftServerImpl.java:checkInconsistentAppendEntries(1322)) - omNode-1@group-523986131536: Failed appendEntries as previous log entry ((t:6, i:359)) is not found
2021-11-15 13:55:19,230 [grpc-default-executor-4] INFO  server.RaftServer$Division (RaftServerImpl.java:checkInconsistentAppendEntries(1288)) - omNode-1@group-523986131536: inconsistency entries. Reply:omNode-2<-omNode-1#9110:FAIL-t6,INCONSISTENCY,nextIndex=354,followerCommit=353
2021-11-15 13:55:19,230 [grpc-default-executor-4] INFO  leader.FollowerInfo (FollowerInfoImpl.java:lambda$new$0(47)) - omNode-2@group-523986131536->omNode-1: nextIndex: updateUnconditionally 360 -> 354
2021-11-15 13:55:19,732 [grpc-default-executor-4] INFO  server.RaftServer$Division (RaftServerImpl.java:checkInconsistentAppendEntries(1322)) - omNode-1@group-523986131536: Failed appendEntries as previous log entry ((t:6, i:359)) is not found
2021-11-15 13:55:19,732 [grpc-default-executor-4] INFO  server.RaftServer$Division (RaftServerImpl.java:checkInconsistentAppendEntries(1288)) - omNode-1@group-523986131536: inconsistency entries. Reply:omNode-2<-omNode-1#9161:FAIL-t6,INCONSISTENCY,nextIndex=354,followerCommit=353
2021-11-15 13:55:19,732 [grpc-default-executor-4] INFO  leader.FollowerInfo (FollowerInfoImpl.java:lambda$new$0(47)) - omNode-2@group-523986131536->omNode-1: nextIndex: updateUnconditionally 360 -> 354
2021-11-15 13:55:20,234 [grpc-default-executor-4] INFO  server.RaftServer$Division (RaftServerImpl.java:checkInconsistentAppendEntries(1322)) - omNode-1@group-523986131536: Failed appendEntries as previous log entry ((t:6, i:359)) is not found
2021-11-15 13:55:20,234 [grpc-default-executor-4] INFO  server.RaftServer$Division (RaftServerImpl.java:checkInconsistentAppendEntries(1288)) - omNode-1@group-523986131536: inconsistency entries. Reply:omNode-2<-omNode-1#9212:FAIL-t6,INCONSISTENCY,nextIndex=354,followerCommit=353
2021-11-15 13:55:20,234 [grpc-default-executor-4] INFO  leader.FollowerInfo (FollowerInfoImpl.java:lambda$new$0(47)) - omNode-2@group-523986131536->omNode-1: nextIndex: updateUnconditionally 360 -> 354
2021-11-15 13:55:20,736 [grpc-default-executor-4] INFO  server.RaftServer$Division (RaftServerImpl.java:checkInconsistentAppendEntries(1322)) - omNode-1@group-523986131536: Failed appendEntries as previous log entry ((t:6, i:359)) is not found
2021-11-15 13:55:20,736 [grpc-default-executor-4] INFO  server.RaftServer$Division (RaftServerImpl.java:checkInconsistentAppendEntries(1288)) - omNode-1@group-523986131536: inconsistency entries. Reply:omNode-2<-omNode-1#9263:FAIL-t6,INCONSISTENCY,nextIndex=354,followerCommit=353
2021-11-15 13:55:20,736 [grpc-default-executor-4] INFO  leader.FollowerInfo (FollowerInfoImpl.java:lambda$new$0(47)) - omNode-2@group-523986131536->omNode-1: nextIndex: updateUnconditionally 360 -> 354
2021-11-15 13:55:21,237 [grpc-default-executor-4] INFO  server.RaftServer$Division (RaftServerImpl.java:checkInconsistentAppendEntries(1322)) - omNode-1@group-523986131536: Failed appendEntries as previous log entry ((t:6, i:359)) is not found
2021-11-15 13:55:21,237 [grpc-default-executor-4] INFO  server.RaftServer$Division (RaftServerImpl.java:checkInconsistentAppendEntries(1288)) - omNode-1@group-523986131536: inconsistency entries. Reply:omNode-2<-omNode-1#9314:FAIL-t6,INCONSISTENCY,nextIndex=354,followerCommit=353
2021-11-15 13:55:21,238 [grpc-default-executor-4] INFO  leader.FollowerInfo (FollowerInfoImpl.java:lambda$new$0(47)) - omNode-2@group-523986131536->omNode-1: nextIndex: updateUnconditionally 360 -> 354
2021-11-15 13:55:21,739 [grpc-default-executor-4] INFO  server.RaftServer$Division (RaftServerImpl.java:checkInconsistentAppendEntries(1322)) - omNode-1@group-523986131536: Failed appendEntries as previous log entry ((t:6, i:359)) is not found
2021-11-15 13:55:21,739 [grpc-default-executor-4] INFO  server.RaftServer$Division (RaftServerImpl.java:checkInconsistentAppendEntries(1288)) - omNode-1@group-523986131536: inconsistency entries. Reply:omNode-2<-omNode-1#9365:FAIL-t6,INCONSISTENCY,nextIndex=354,followerCommit=353
2021-11-15 13:55:21,739 [grpc-default-executor-4] INFO  leader.FollowerInfo (FollowerInfoImpl.java:lambda$new$0(47)) - omNode-2@group-523986131536->omNode-1: nextIndex: updateUnconditionally 360 -> 354
2021-11-15 13:55:22,240 [grpc-default-executor-4] INFO  server.RaftServer$Division (RaftServerImpl.java:checkInconsistentAppendEntries(1322)) - omNode-1@group-523986131536: Failed appendEntries as previous log entry ((t:6, i:359)) is not found
2021-11-15 13:55:22,240 [grpc-default-executor-4] INFO  server.RaftServer$Division (RaftServerImpl.java:checkInconsistentAppendEntries(1288)) - omNode-1@group-523986131536: inconsistency entries. Reply:omNode-2<-omNode-1#9416:FAIL-t6,INCONSISTENCY,nextIndex=354,followerCommit=353
2021-11-15 13:55:22,240 [grpc-default-executor-4] INFO  leader.FollowerInfo (FollowerInfoImpl.java:lambda$new$0(47)) - omNode-2@group-523986131536->omNode-1: nextIndex: updateUnconditionally 360 -> 354
2021-11-15 13:55:22,742 [grpc-default-executor-4] INFO  server.RaftServer$Division (RaftServerImpl.java:checkInconsistentAppendEntries(1322)) - omNode-1@group-523986131536: Failed appendEntries as previous log entry ((t:6, i:359)) is not found
2021-11-15 13:55:22,742 [grpc-default-executor-4] INFO  server.RaftServer$Division (RaftServerImpl.java:checkInconsistentAppendEntries(1288)) - omNode-1@group-523986131536: inconsistency entries. Reply:omNode-2<-omNode-1#9467:FAIL-t6,INCONSISTENCY,nextIndex=354,followerCommit=353
2021-11-15 13:55:22,742 [grpc-default-executor-4] INFO  leader.FollowerInfo (FollowerInfoImpl.java:lambda$new$0(47)) - omNode-2@group-523986131536->omNode-1: nextIndex: updateUnconditionally 360 -> 354
2021-11-15 13:55:23,243 [grpc-default-executor-4] INFO  server.RaftServer$Division (RaftServerImpl.java:checkInconsistentAppendEntries(1322)) - omNode-1@group-523986131536: Failed appendEntries as previous log entry ((t:6, i:359)) is not found
2021-11-15 13:55:23,244 [grpc-default-executor-4] INFO  server.RaftServer$Division (RaftServerImpl.java:checkInconsistentAppendEntries(1288)) - omNode-1@group-523986131536: inconsistency entries. Reply:omNode-2<-omNode-1#9518:FAIL-t6,INCONSISTENCY,nextIndex=354,followerCommit=353
2021-11-15 13:55:23,244 [grpc-default-executor-4] INFO  leader.FollowerInfo (FollowerInfoImpl.java:lambda$new$0(47)) - omNode-2@group-523986131536->omNode-1: nextIndex: updateUnconditionally 360 -> 354
2021-11-15 13:55:23,745 [grpc-default-executor-4] INFO  server.RaftServer$Division (RaftServerImpl.java:checkInconsistentAppendEntries(1322)) - omNode-1@group-523986131536: Failed appendEntries as previous log entry ((t:6, i:359)) is not found
2021-11-15 13:55:23,745 [grpc-default-executor-4] INFO  server.RaftServer$Division (RaftServerImpl.java:checkInconsistentAppendEntries(1288)) - omNode-1@group-523986131536: inconsistency entries. Reply:omNode-2<-omNode-1#9569:FAIL-t6,INCONSISTENCY,nextIndex=354,followerCommit=353
2021-11-15 13:55:23,745 [grpc-default-executor-4] INFO  leader.FollowerInfo (FollowerInfoImpl.java:lambda$new$0(47)) - omNode-2@group-523986131536->omNode-1: nextIndex: updateUnconditionally 360 -> 354
2021-11-15 13:55:24,247 [grpc-default-executor-4] INFO  server.RaftServer$Division (RaftServerImpl.java:checkInconsistentAppendEntries(1322)) - omNode-1@group-523986131536: Failed appendEntries as previous log entry ((t:6, i:359)) is not found
2021-11-15 13:55:24,247 [grpc-default-executor-4] INFO  server.RaftServer$Division (RaftServerImpl.java:checkInconsistentAppendEntries(1288)) - omNode-1@group-523986131536: inconsistency entries. Reply:omNode-2<-omNode-1#9620:FAIL-t6,INCONSISTENCY,nextIndex=354,followerCommit=353
2021-11-15 13:55:24,247 [grpc-default-executor-4] INFO  leader.FollowerInfo (FollowerInfoImpl.java:lambda$new$0(47)) - omNode-2@group-523986131536->omNode-1: nextIndex: updateUnconditionally 360 -> 354
2021-11-15 13:55:24,749 [grpc-default-executor-4] INFO  server.RaftServer$Division (RaftServerImpl.java:checkInconsistentAppendEntries(1322)) - omNode-1@group-523986131536: Failed appendEntries as previous log entry ((t:6, i:359)) is not found
2021-11-15 13:55:24,749 [grpc-default-executor-4] INFO  server.RaftServer$Division (RaftServerImpl.java:checkInconsistentAppendEntries(1288)) - omNode-1@group-523986131536: inconsistency entries. Reply:omNode-2<-omNode-1#9671:FAIL-t6,INCONSISTENCY,nextIndex=354,followerCommit=353
2021-11-15 13:55:24,750 [grpc-default-executor-4] INFO  leader.FollowerInfo (FollowerInfoImpl.java:lambda$new$0(47)) - omNode-2@group-523986131536->omNode-1: nextIndex: updateUnconditionally 360 -> 354
2021-11-15 13:55:25,251 [grpc-default-executor-4] INFO  server.RaftServer$Division (RaftServerImpl.java:checkInconsistentAppendEntries(1322)) - omNode-1@group-523986131536: Failed appendEntries as previous log entry ((t:6, i:359)) is not found
2021-11-15 13:55:25,252 [grpc-default-executor-4] INFO  server.RaftServer$Division (RaftServerImpl.java:checkInconsistentAppendEntries(1288)) - omNode-1@group-523986131536: inconsistency entries. Reply:omNode-2<-omNode-1#9722:FAIL-t6,INCONSISTENCY,nextIndex=354,followerCommit=353
2021-11-15 13:55:25,252 [grpc-default-executor-4] INFO  leader.FollowerInfo (FollowerInfoImpl.java:lambda$new$0(47)) - omNode-2@group-523986131536->omNode-1: nextIndex: updateUnconditionally 360 -> 354
2021-11-15 13:55:25,753 [grpc-default-executor-0] INFO  server.RaftServer$Division (RaftServerImpl.java:checkInconsistentAppendEntries(1322)) - omNode-1@group-523986131536: Failed appendEntries as previous log entry ((t:6, i:359)) is not found
2021-11-15 13:55:25,753 [grpc-default-executor-0] INFO  server.RaftServer$Division (RaftServerImpl.java:checkInconsistentAppendEntries(1288)) - omNode-1@group-523986131536: inconsistency entries. Reply:omNode-2<-omNode-1#9773:FAIL-t6,INCONSISTENCY,nextIndex=354,followerCommit=353
2021-11-15 13:55:25,753 [grpc-default-executor-0] INFO  leader.FollowerInfo (FollowerInfoImpl.java:lambda$new$0(47)) - omNode-2@group-523986131536->omNode-1: nextIndex: updateUnconditionally 360 -> 354
2021-11-15 13:55:26,254 [grpc-default-executor-4] INFO  server.RaftServer$Division (RaftServerImpl.java:checkInconsistentAppendEntries(1322)) - omNode-1@group-523986131536: Failed appendEntries as previous log entry ((t:6, i:359)) is not found
2021-11-15 13:55:26,254 [grpc-default-executor-4] INFO  server.RaftServer$Division (RaftServerImpl.java:checkInconsistentAppendEntries(1288)) - omNode-1@group-523986131536: inconsistency entries. Reply:omNode-2<-omNode-1#9824:FAIL-t6,INCONSISTENCY,nextIndex=354,followerCommit=353
2021-11-15 13:55:26,254 [grpc-default-executor-4] INFO  leader.FollowerInfo (FollowerInfoImpl.java:lambda$new$0(47)) - omNode-2@group-523986131536->omNode-1: nextIndex: updateUnconditionally 360 -> 354
2021-11-15 13:55:26,755 [grpc-default-executor-4] INFO  server.RaftServer$Division (RaftServerImpl.java:checkInconsistentAppendEntries(1322)) - omNode-1@group-523986131536: Failed appendEntries as previous log entry ((t:6, i:359)) is not found
2021-11-15 13:55:26,756 [grpc-default-executor-4] INFO  server.RaftServer$Division (RaftServerImpl.java:checkInconsistentAppendEntries(1288)) - omNode-1@group-523986131536: inconsistency entries. Reply:omNode-2<-omNode-1#9875:FAIL-t6,INCONSISTENCY,nextIndex=354,followerCommit=353
2021-11-15 13:55:26,756 [grpc-default-executor-4] INFO  leader.FollowerInfo (FollowerInfoImpl.java:lambda$new$0(47)) - omNode-2@group-523986131536->omNode-1: nextIndex: updateUnconditionally 360 -> 354
2021-11-15 13:55:27,258 [grpc-default-executor-4] INFO  server.RaftServer$Division (RaftServerImpl.java:checkInconsistentAppendEntries(1322)) - omNode-1@group-523986131536: Failed appendEntries as previous log entry ((t:6, i:359)) is not found
2021-11-15 13:55:27,258 [grpc-default-executor-4] INFO  server.RaftServer$Division (RaftServerImpl.java:checkInconsistentAppendEntries(1288)) - omNode-1@group-523986131536: inconsistency entries. Reply:omNode-2<-omNode-1#9926:FAIL-t6,INCONSISTENCY,nextIndex=354,followerCommit=353
2021-11-15 13:55:27,258 [grpc-default-executor-4] INFO  leader.FollowerInfo (FollowerInfoImpl.java:lambda$new$0(47)) - omNode-2@group-523986131536->omNode-1: nextIndex: updateUnconditionally 360 -> 354
2021-11-15 13:55:27,760 [grpc-default-executor-4] INFO  server.RaftServer$Division (RaftServerImpl.java:checkInconsistentAppendEntries(1322)) - omNode-1@group-523986131536: Failed appendEntries as previous log entry ((t:6, i:359)) is not found
2021-11-15 13:55:27,761 [grpc-default-executor-4] INFO  server.RaftServer$Division (RaftServerImpl.java:checkInconsistentAppendEntries(1288)) - omNode-1@group-523986131536: inconsistency entries. Reply:omNode-2<-omNode-1#9977:FAIL-t6,INCONSISTENCY,nextIndex=354,followerCommit=353
2021-11-15 13:55:27,761 [grpc-default-executor-4] INFO  leader.FollowerInfo (FollowerInfoImpl.java:lambda$new$0(47)) - omNode-2@group-523986131536->omNode-1: nextIndex: updateUnconditionally 360 -> 354
2021-11-15 13:55:28,263 [grpc-default-executor-4] INFO  server.RaftServer$Division (RaftServerImpl.java:checkInconsistentAppendEntries(1322)) - omNode-1@group-523986131536: Failed appendEntries as previous log entry ((t:6, i:359)) is not found
2021-11-15 13:55:28,263 [grpc-default-executor-4] INFO  server.RaftServer$Division (RaftServerImpl.java:checkInconsistentAppendEntries(1288)) - omNode-1@group-523986131536: inconsistency entries. Reply:omNode-2<-omNode-1#10028:FAIL-t6,INCONSISTENCY,nextIndex=354,followerCommit=353
2021-11-15 13:55:28,264 [grpc-default-executor-4] INFO  leader.FollowerInfo (FollowerInfoImpl.java:lambda$new$0(47)) - omNode-2@group-523986131536->omNode-1: nextIndex: updateUnconditionally 360 -> 354
2021-11-15 13:55:28,765 [grpc-default-executor-4] INFO  server.RaftServer$Division (RaftServerImpl.java:checkInconsistentAppendEntries(1322)) - omNode-1@group-523986131536: Failed appendEntries as previous log entry ((t:6, i:359)) is not found
2021-11-15 13:55:28,765 [grpc-default-executor-4] INFO  server.RaftServer$Division (RaftServerImpl.java:checkInconsistentAppendEntries(1288)) - omNode-1@group-523986131536: inconsistency entries. Reply:omNode-2<-omNode-1#10079:FAIL-t6,INCONSISTENCY,nextIndex=354,followerCommit=353
2021-11-15 13:55:28,765 [grpc-default-executor-4] INFO  leader.FollowerInfo (FollowerInfoImpl.java:lambda$new$0(47)) - omNode-2@group-523986131536->omNode-1: nextIndex: updateUnconditionally 360 -> 354
2021-11-15 13:55:29,267 [grpc-default-executor-4] INFO  server.RaftServer$Division (RaftServerImpl.java:checkInconsistentAppendEntries(1322)) - omNode-1@group-523986131536: Failed appendEntries as previous log entry ((t:6, i:359)) is not found
2021-11-15 13:55:29,267 [grpc-default-executor-4] INFO  server.RaftServer$Division (RaftServerImpl.java:checkInconsistentAppendEntries(1288)) - omNode-1@group-523986131536: inconsistency entries. Reply:omNode-2<-omNode-1#10130:FAIL-t6,INCONSISTENCY,nextIndex=354,followerCommit=353
2021-11-15 13:55:29,267 [grpc-default-executor-4] INFO  leader.FollowerInfo (FollowerInfoImpl.java:lambda$new$0(47)) - omNode-2@group-523986131536->omNode-1: nextIndex: updateUnconditionally 360 -> 354
2021-11-15 13:55:29,768 [grpc-default-executor-4] INFO  server.RaftServer$Division (RaftServerImpl.java:checkInconsistentAppendEntries(1322)) - omNode-1@group-523986131536: Failed appendEntries as previous log entry ((t:6, i:359)) is not found
2021-11-15 13:55:29,768 [grpc-default-executor-4] INFO  server.RaftServer$Division (RaftServerImpl.java:checkInconsistentAppendEntries(1288)) - omNode-1@group-523986131536: inconsistency entries. Reply:omNode-2<-omNode-1#10181:FAIL-t6,INCONSISTENCY,nextIndex=354,followerCommit=353
2021-11-15 13:55:29,768 [grpc-default-executor-4] INFO  leader.FollowerInfo (FollowerInfoImpl.java:lambda$new$0(47)) - omNode-2@group-523986131536->omNode-1: nextIndex: updateUnconditionally 360 -> 354
2021-11-15 13:55:30,270 [grpc-default-executor-4] INFO  server.RaftServer$Division (RaftServerImpl.java:checkInconsistentAppendEntries(1322)) - omNode-1@group-523986131536: Failed appendEntries as previous log entry ((t:6, i:359)) is not found
2021-11-15 13:55:30,270 [grpc-default-executor-4] INFO  server.RaftServer$Division (RaftServerImpl.java:checkInconsistentAppendEntries(1288)) - omNode-1@group-523986131536: inconsistency entries. Reply:omNode-2<-omNode-1#10232:FAIL-t6,INCONSISTENCY,nextIndex=354,followerCommit=353
2021-11-15 13:55:30,270 [grpc-default-executor-4] INFO  leader.FollowerInfo (FollowerInfoImpl.java:lambda$new$0(47)) - omNode-2@group-523986131536->omNode-1: nextIndex: updateUnconditionally 360 -> 354
2021-11-15 13:55:30,772 [grpc-default-executor-4] INFO  server.RaftServer$Division (RaftServerImpl.java:checkInconsistentAppendEntries(1322)) - omNode-1@group-523986131536: Failed appendEntries as previous log entry ((t:6, i:359)) is not found
2021-11-15 13:55:30,772 [grpc-default-executor-4] INFO  server.RaftServer$Division (RaftServerImpl.java:checkInconsistentAppendEntries(1288)) - omNode-1@group-523986131536: inconsistency entries. Reply:omNode-2<-omNode-1#10283:FAIL-t6,INCONSISTENCY,nextIndex=354,followerCommit=353
2021-11-15 13:55:30,772 [grpc-default-executor-4] INFO  leader.FollowerInfo (FollowerInfoImpl.java:lambda$new$0(47)) - omNode-2@group-523986131536->omNode-1: nextIndex: updateUnconditionally 360 -> 354
2021-11-15 13:55:31,273 [grpc-default-executor-4] INFO  server.RaftServer$Division (RaftServerImpl.java:checkInconsistentAppendEntries(1322)) - omNode-1@group-523986131536: Failed appendEntries as previous log entry ((t:6, i:359)) is not found
2021-11-15 13:55:31,273 [grpc-default-executor-4] INFO  server.RaftServer$Division (RaftServerImpl.java:checkInconsistentAppendEntries(1288)) - omNode-1@group-523986131536: inconsistency entries. Reply:omNode-2<-omNode-1#10334:FAIL-t6,INCONSISTENCY,nextIndex=354,followerCommit=353
2021-11-15 13:55:31,273 [grpc-default-executor-4] INFO  leader.FollowerInfo (FollowerInfoImpl.java:lambda$new$0(47)) - omNode-2@group-523986131536->omNode-1: nextIndex: updateUnconditionally 360 -> 354
2021-11-15 13:55:31,774 [grpc-default-executor-4] INFO  server.RaftServer$Division (RaftServerImpl.java:checkInconsistentAppendEntries(1322)) - omNode-1@group-523986131536: Failed appendEntries as previous log entry ((t:6, i:359)) is not found
2021-11-15 13:55:31,774 [grpc-default-executor-4] INFO  server.RaftServer$Division (RaftServerImpl.java:checkInconsistentAppendEntries(1288)) - omNode-1@group-523986131536: inconsistency entries. Reply:omNode-2<-omNode-1#10385:FAIL-t6,INCONSISTENCY,nextIndex=354,followerCommit=353
2021-11-15 13:55:31,774 [grpc-default-executor-4] INFO  leader.FollowerInfo (FollowerInfoImpl.java:lambda$new$0(47)) - omNode-2@group-523986131536->omNode-1: nextIndex: updateUnconditionally 360 -> 354
2021-11-15 13:55:32,276 [grpc-default-executor-4] INFO  server.RaftServer$Division (RaftServerImpl.java:checkInconsistentAppendEntries(1322)) - omNode-1@group-523986131536: Failed appendEntries as previous log entry ((t:6, i:359)) is not found
2021-11-15 13:55:32,276 [grpc-default-executor-4] INFO  server.RaftServer$Division (RaftServerImpl.java:checkInconsistentAppendEntries(1288)) - omNode-1@group-523986131536: inconsistency entries. Reply:omNode-2<-omNode-1#10436:FAIL-t6,INCONSISTENCY,nextIndex=354,followerCommit=353
2021-11-15 13:55:32,276 [grpc-default-executor-4] INFO  leader.FollowerInfo (FollowerInfoImpl.java:lambda$new$0(47)) - omNode-2@group-523986131536->omNode-1: nextIndex: updateUnconditionally 360 -> 354
2021-11-15 13:55:32,778 [grpc-default-executor-4] INFO  server.RaftServer$Division (RaftServerImpl.java:checkInconsistentAppendEntries(1322)) - omNode-1@group-523986131536: Failed appendEntries as previous log entry ((t:6, i:359)) is not found
2021-11-15 13:55:32,778 [grpc-default-executor-4] INFO  server.RaftServer$Division (RaftServerImpl.java:checkInconsistentAppendEntries(1288)) - omNode-1@group-523986131536: inconsistency entries. Reply:omNode-2<-omNode-1#10487:FAIL-t6,INCONSISTENCY,nextIndex=354,followerCommit=353
2021-11-15 13:55:32,779 [grpc-default-executor-4] INFO  leader.FollowerInfo (FollowerInfoImpl.java:lambda$new$0(47)) - omNode-2@group-523986131536->omNode-1: nextIndex: updateUnconditionally 360 -> 354
2021-11-15 13:55:33,279 [grpc-default-executor-4] INFO  server.RaftServer$Division (RaftServerImpl.java:checkInconsistentAppendEntries(1322)) - omNode-1@group-523986131536: Failed appendEntries as previous log entry ((t:6, i:359)) is not found
2021-11-15 13:55:33,280 [grpc-default-executor-4] INFO  server.RaftServer$Division (RaftServerImpl.java:checkInconsistentAppendEntries(1288)) - omNode-1@group-523986131536: inconsistency entries. Reply:omNode-2<-omNode-1#10538:FAIL-t6,INCONSISTENCY,nextIndex=354,followerCommit=353
2021-11-15 13:55:33,280 [grpc-default-executor-4] INFO  leader.FollowerInfo (FollowerInfoImpl.java:lambda$new$0(47)) - omNode-2@group-523986131536->omNode-1: nextIndex: updateUnconditionally 360 -> 354
2021-11-15 13:55:33,781 [grpc-default-executor-4] INFO  server.RaftServer$Division (RaftServerImpl.java:checkInconsistentAppendEntries(1322)) - omNode-1@group-523986131536: Failed appendEntries as previous log entry ((t:6, i:359)) is not found
2021-11-15 13:55:33,781 [grpc-default-executor-4] INFO  server.RaftServer$Division (RaftServerImpl.java:checkInconsistentAppendEntries(1288)) - omNode-1@group-523986131536: inconsistency entries. Reply:omNode-2<-omNode-1#10589:FAIL-t6,INCONSISTENCY,nextIndex=354,followerCommit=353
2021-11-15 13:55:33,781 [grpc-default-executor-4] INFO  leader.FollowerInfo (FollowerInfoImpl.java:lambda$new$0(47)) - omNode-2@group-523986131536->omNode-1: nextIndex: updateUnconditionally 360 -> 354
2021-11-15 13:55:34,283 [grpc-default-executor-4] INFO  server.RaftServer$Division (RaftServerImpl.java:checkInconsistentAppendEntries(1322)) - omNode-1@group-523986131536: Failed appendEntries as previous log entry ((t:6, i:359)) is not found
2021-11-15 13:55:34,283 [grpc-default-executor-4] INFO  server.RaftServer$Division (RaftServerImpl.java:checkInconsistentAppendEntries(1288)) - omNode-1@group-523986131536: inconsistency entries. Reply:omNode-2<-omNode-1#10640:FAIL-t6,INCONSISTENCY,nextIndex=354,followerCommit=353
2021-11-15 13:55:34,283 [grpc-default-executor-4] INFO  leader.FollowerInfo (FollowerInfoImpl.java:lambda$new$0(47)) - omNode-2@group-523986131536->omNode-1: nextIndex: updateUnconditionally 360 -> 354
2021-11-15 13:55:34,785 [grpc-default-executor-4] INFO  server.RaftServer$Division (RaftServerImpl.java:checkInconsistentAppendEntries(1322)) - omNode-1@group-523986131536: Failed appendEntries as previous log entry ((t:6, i:359)) is not found
2021-11-15 13:55:34,785 [grpc-default-executor-4] INFO  server.RaftServer$Division (RaftServerImpl.java:checkInconsistentAppendEntries(1288)) - omNode-1@group-523986131536: inconsistency entries. Reply:omNode-2<-omNode-1#10691:FAIL-t6,INCONSISTENCY,nextIndex=354,followerCommit=353
2021-11-15 13:55:34,785 [grpc-default-executor-4] INFO  leader.FollowerInfo (FollowerInfoImpl.java:lambda$new$0(47)) - omNode-2@group-523986131536->omNode-1: nextIndex: updateUnconditionally 360 -> 354
2021-11-15 13:55:35,288 [grpc-default-executor-4] INFO  server.RaftServer$Division (RaftServerImpl.java:checkInconsistentAppendEntries(1322)) - omNode-1@group-523986131536: Failed appendEntries as previous log entry ((t:6, i:359)) is not found
2021-11-15 13:55:35,289 [grpc-default-executor-4] INFO  server.RaftServer$Division (RaftServerImpl.java:checkInconsistentAppendEntries(1288)) - omNode-1@group-523986131536: inconsistency entries. Reply:omNode-2<-omNode-1#10742:FAIL-t6,INCONSISTENCY,nextIndex=354,followerCommit=353
2021-11-15 13:55:35,289 [grpc-default-executor-4] INFO  leader.FollowerInfo (FollowerInfoImpl.java:lambda$new$0(47)) - omNode-2@group-523986131536->omNode-1: nextIndex: updateUnconditionally 360 -> 354
2021-11-15 13:55:35,790 [grpc-default-executor-4] INFO  server.RaftServer$Division (RaftServerImpl.java:checkInconsistentAppendEntries(1322)) - omNode-1@group-523986131536: Failed appendEntries as previous log entry ((t:6, i:359)) is not found
2021-11-15 13:55:35,790 [grpc-default-executor-4] INFO  server.RaftServer$Division (RaftServerImpl.java:checkInconsistentAppendEntries(1288)) - omNode-1@group-523986131536: inconsistency entries. Reply:omNode-2<-omNode-1#10793:FAIL-t6,INCONSISTENCY,nextIndex=354,followerCommit=353
2021-11-15 13:55:35,790 [grpc-default-executor-4] INFO  leader.FollowerInfo (FollowerInfoImpl.java:lambda$new$0(47)) - omNode-2@group-523986131536->omNode-1: nextIndex: updateUnconditionally 360 -> 354
2021-11-15 13:55:36,292 [grpc-default-executor-4] INFO  server.RaftServer$Division (RaftServerImpl.java:checkInconsistentAppendEntries(1322)) - omNode-1@group-523986131536: Failed appendEntries as previous log entry ((t:6, i:359)) is not found
2021-11-15 13:55:36,292 [grpc-default-executor-4] INFO  server.RaftServer$Division (RaftServerImpl.java:checkInconsistentAppendEntries(1288)) - omNode-1@group-523986131536: inconsistency entries. Reply:omNode-2<-omNode-1#10844:FAIL-t6,INCONSISTENCY,nextIndex=354,followerCommit=353
2021-11-15 13:55:36,292 [grpc-default-executor-4] INFO  leader.FollowerInfo (FollowerInfoImpl.java:lambda$new$0(47)) - omNode-2@group-523986131536->omNode-1: nextIndex: updateUnconditionally 360 -> 354
2021-11-15 13:55:36,794 [grpc-default-executor-4] INFO  server.RaftServer$Division (RaftServerImpl.java:checkInconsistentAppendEntries(1322)) - omNode-1@group-523986131536: Failed appendEntries as previous log entry ((t:6, i:359)) is not found
2021-11-15 13:55:36,794 [grpc-default-executor-4] INFO  server.RaftServer$Division (RaftServerImpl.java:checkInconsistentAppendEntries(1288)) - omNode-1@group-523986131536: inconsistency entries. Reply:omNode-2<-omNode-1#10895:FAIL-t6,INCONSISTENCY,nextIndex=354,followerCommit=353
2021-11-15 13:55:36,794 [grpc-default-executor-4] INFO  leader.FollowerInfo (FollowerInfoImpl.java:lambda$new$0(47)) - omNode-2@group-523986131536->omNode-1: nextIndex: updateUnconditionally 360 -> 354
2021-11-15 13:55:37,296 [grpc-default-executor-4] INFO  server.RaftServer$Division (RaftServerImpl.java:checkInconsistentAppendEntries(1322)) - omNode-1@group-523986131536: Failed appendEntries as previous log entry ((t:6, i:359)) is not found
2021-11-15 13:55:37,296 [grpc-default-executor-4] INFO  server.RaftServer$Division (RaftServerImpl.java:checkInconsistentAppendEntries(1288)) - omNode-1@group-523986131536: inconsistency entries. Reply:omNode-2<-omNode-1#10946:FAIL-t6,INCONSISTENCY,nextIndex=354,followerCommit=353
2021-11-15 13:55:37,296 [grpc-default-executor-4] INFO  leader.FollowerInfo (FollowerInfoImpl.java:lambda$new$0(47)) - omNode-2@group-523986131536->omNode-1: nextIndex: updateUnconditionally 360 -> 354
2021-11-15 13:55:37,798 [grpc-default-executor-4] INFO  server.RaftServer$Division (RaftServerImpl.java:checkInconsistentAppendEntries(1322)) - omNode-1@group-523986131536: Failed appendEntries as previous log entry ((t:6, i:359)) is not found
2021-11-15 13:55:37,798 [grpc-default-executor-4] INFO  server.RaftServer$Division (RaftServerImpl.java:checkInconsistentAppendEntries(1288)) - omNode-1@group-523986131536: inconsistency entries. Reply:omNode-2<-omNode-1#10997:FAIL-t6,INCONSISTENCY,nextIndex=354,followerCommit=353
2021-11-15 13:55:37,798 [grpc-default-executor-4] INFO  leader.FollowerInfo (FollowerInfoImpl.java:lambda$new$0(47)) - omNode-2@group-523986131536->omNode-1: nextIndex: updateUnconditionally 360 -> 354
2021-11-15 13:55:38,300 [grpc-default-executor-4] INFO  server.RaftServer$Division (RaftServerImpl.java:checkInconsistentAppendEntries(1322)) - omNode-1@group-523986131536: Failed appendEntries as previous log entry ((t:6, i:359)) is not found
2021-11-15 13:55:38,300 [grpc-default-executor-4] INFO  server.RaftServer$Division (RaftServerImpl.java:checkInconsistentAppendEntries(1288)) - omNode-1@group-523986131536: inconsistency entries. Reply:omNode-2<-omNode-1#11048:FAIL-t6,INCONSISTENCY,nextIndex=354,followerCommit=353
2021-11-15 13:55:38,300 [grpc-default-executor-4] INFO  leader.FollowerInfo (FollowerInfoImpl.java:lambda$new$0(47)) - omNode-2@group-523986131536->omNode-1: nextIndex: updateUnconditionally 360 -> 354
2021-11-15 13:55:38,801 [grpc-default-executor-4] INFO  server.RaftServer$Division (RaftServerImpl.java:checkInconsistentAppendEntries(1322)) - omNode-1@group-523986131536: Failed appendEntries as previous log entry ((t:6, i:359)) is not found
2021-11-15 13:55:38,802 [grpc-default-executor-4] INFO  server.RaftServer$Division (RaftServerImpl.java:checkInconsistentAppendEntries(1288)) - omNode-1@group-523986131536: inconsistency entries. Reply:omNode-2<-omNode-1#11099:FAIL-t6,INCONSISTENCY,nextIndex=354,followerCommit=353
2021-11-15 13:55:38,802 [grpc-default-executor-4] INFO  leader.FollowerInfo (FollowerInfoImpl.java:lambda$new$0(47)) - omNode-2@group-523986131536->omNode-1: nextIndex: updateUnconditionally 360 -> 354
2021-11-15 13:55:39,303 [grpc-default-executor-4] INFO  server.RaftServer$Division (RaftServerImpl.java:checkInconsistentAppendEntries(1322)) - omNode-1@group-523986131536: Failed appendEntries as previous log entry ((t:6, i:359)) is not found
2021-11-15 13:55:39,303 [grpc-default-executor-4] INFO  server.RaftServer$Division (RaftServerImpl.java:checkInconsistentAppendEntries(1288)) - omNode-1@group-523986131536: inconsistency entries. Reply:omNode-2<-omNode-1#11150:FAIL-t6,INCONSISTENCY,nextIndex=354,followerCommit=353
2021-11-15 13:55:39,303 [grpc-default-executor-4] INFO  leader.FollowerInfo (FollowerInfoImpl.java:lambda$new$0(47)) - omNode-2@group-523986131536->omNode-1: nextIndex: updateUnconditionally 360 -> 354
2021-11-15 13:55:39,805 [grpc-default-executor-4] INFO  server.RaftServer$Division (RaftServerImpl.java:checkInconsistentAppendEntries(1322)) - omNode-1@group-523986131536: Failed appendEntries as previous log entry ((t:6, i:359)) is not found
2021-11-15 13:55:39,805 [grpc-default-executor-4] INFO  server.RaftServer$Division (RaftServerImpl.java:checkInconsistentAppendEntries(1288)) - omNode-1@group-523986131536: inconsistency entries. Reply:omNode-2<-omNode-1#11201:FAIL-t6,INCONSISTENCY,nextIndex=354,followerCommit=353
2021-11-15 13:55:39,805 [grpc-default-executor-4] INFO  leader.FollowerInfo (FollowerInfoImpl.java:lambda$new$0(47)) - omNode-2@group-523986131536->omNode-1: nextIndex: updateUnconditionally 360 -> 354
2021-11-15 13:55:40,306 [grpc-default-executor-4] INFO  server.RaftServer$Division (RaftServerImpl.java:checkInconsistentAppendEntries(1322)) - omNode-1@group-523986131536: Failed appendEntries as previous log entry ((t:6, i:359)) is not found
2021-11-15 13:55:40,306 [grpc-default-executor-4] INFO  server.RaftServer$Division (RaftServerImpl.java:checkInconsistentAppendEntries(1288)) - omNode-1@group-523986131536: inconsistency entries. Reply:omNode-2<-omNode-1#11252:FAIL-t6,INCONSISTENCY,nextIndex=354,followerCommit=353
2021-11-15 13:55:40,307 [grpc-default-executor-4] INFO  leader.FollowerInfo (FollowerInfoImpl.java:lambda$new$0(47)) - omNode-2@group-523986131536->omNode-1: nextIndex: updateUnconditionally 360 -> 354
2021-11-15 13:55:40,808 [grpc-default-executor-4] INFO  server.RaftServer$Division (RaftServerImpl.java:checkInconsistentAppendEntries(1322)) - omNode-1@group-523986131536: Failed appendEntries as previous log entry ((t:6, i:359)) is not found
2021-11-15 13:55:40,808 [grpc-default-executor-4] INFO  server.RaftServer$Division (RaftServerImpl.java:checkInconsistentAppendEntries(1288)) - omNode-1@group-523986131536: inconsistency entries. Reply:omNode-2<-omNode-1#11303:FAIL-t6,INCONSISTENCY,nextIndex=354,followerCommit=353
2021-11-15 13:55:40,809 [grpc-default-executor-4] INFO  leader.FollowerInfo (FollowerInfoImpl.java:lambda$new$0(47)) - omNode-2@group-523986131536->omNode-1: nextIndex: updateUnconditionally 360 -> 354
2021-11-15 13:55:41,310 [grpc-default-executor-4] INFO  server.RaftServer$Division (RaftServerImpl.java:checkInconsistentAppendEntries(1322)) - omNode-1@group-523986131536: Failed appendEntries as previous log entry ((t:6, i:359)) is not found
2021-11-15 13:55:41,310 [grpc-default-executor-4] INFO  server.RaftServer$Division (RaftServerImpl.java:checkInconsistentAppendEntries(1288)) - omNode-1@group-523986131536: inconsistency entries. Reply:omNode-2<-omNode-1#11354:FAIL-t6,INCONSISTENCY,nextIndex=354,followerCommit=353
2021-11-15 13:55:41,311 [grpc-default-executor-4] INFO  leader.FollowerInfo (FollowerInfoImpl.java:lambda$new$0(47)) - omNode-2@group-523986131536->omNode-1: nextIndex: updateUnconditionally 360 -> 354
2021-11-15 13:55:41,812 [grpc-default-executor-4] INFO  server.RaftServer$Division (RaftServerImpl.java:checkInconsistentAppendEntries(1322)) - omNode-1@group-523986131536: Failed appendEntries as previous log entry ((t:6, i:359)) is not found
2021-11-15 13:55:41,812 [grpc-default-executor-4] INFO  server.RaftServer$Division (RaftServerImpl.java:checkInconsistentAppendEntries(1288)) - omNode-1@group-523986131536: inconsistency entries. Reply:omNode-2<-omNode-1#11405:FAIL-t6,INCONSISTENCY,nextIndex=354,followerCommit=353
2021-11-15 13:55:41,812 [grpc-default-executor-4] INFO  leader.FollowerInfo (FollowerInfoImpl.java:lambda$new$0(47)) - omNode-2@group-523986131536->omNode-1: nextIndex: updateUnconditionally 360 -> 354
2021-11-15 13:55:42,314 [grpc-default-executor-4] INFO  server.RaftServer$Division (RaftServerImpl.java:checkInconsistentAppendEntries(1322)) - omNode-1@group-523986131536: Failed appendEntries as previous log entry ((t:6, i:359)) is not found
2021-11-15 13:55:42,314 [grpc-default-executor-4] INFO  server.RaftServer$Division (RaftServerImpl.java:checkInconsistentAppendEntries(1288)) - omNode-1@group-523986131536: inconsistency entries. Reply:omNode-2<-omNode-1#11456:FAIL-t6,INCONSISTENCY,nextIndex=354,followerCommit=353
2021-11-15 13:55:42,314 [grpc-default-executor-4] INFO  leader.FollowerInfo (FollowerInfoImpl.java:lambda$new$0(47)) - omNode-2@group-523986131536->omNode-1: nextIndex: updateUnconditionally 360 -> 354
2021-11-15 13:55:42,816 [grpc-default-executor-4] INFO  server.RaftServer$Division (RaftServerImpl.java:checkInconsistentAppendEntries(1322)) - omNode-1@group-523986131536: Failed appendEntries as previous log entry ((t:6, i:359)) is not found
2021-11-15 13:55:42,816 [grpc-default-executor-4] INFO  server.RaftServer$Division (RaftServerImpl.java:checkInconsistentAppendEntries(1288)) - omNode-1@group-523986131536: inconsistency entries. Reply:omNode-2<-omNode-1#11507:FAIL-t6,INCONSISTENCY,nextIndex=354,followerCommit=353
2021-11-15 13:55:42,816 [grpc-default-executor-4] INFO  leader.FollowerInfo (FollowerInfoImpl.java:lambda$new$0(47)) - omNode-2@group-523986131536->omNode-1: nextIndex: updateUnconditionally 360 -> 354
2021-11-15 13:55:43,318 [grpc-default-executor-4] INFO  server.RaftServer$Division (RaftServerImpl.java:checkInconsistentAppendEntries(1322)) - omNode-1@group-523986131536: Failed appendEntries as previous log entry ((t:6, i:359)) is not found
2021-11-15 13:55:43,318 [grpc-default-executor-4] INFO  server.RaftServer$Division (RaftServerImpl.java:checkInconsistentAppendEntries(1288)) - omNode-1@group-523986131536: inconsistency entries. Reply:omNode-2<-omNode-1#11558:FAIL-t6,INCONSISTENCY,nextIndex=354,followerCommit=353
2021-11-15 13:55:43,318 [grpc-default-executor-4] INFO  leader.FollowerInfo (FollowerInfoImpl.java:lambda$new$0(47)) - omNode-2@group-523986131536->omNode-1: nextIndex: updateUnconditionally 360 -> 354
2021-11-15 13:55:43,820 [grpc-default-executor-4] INFO  server.RaftServer$Division (RaftServerImpl.java:checkInconsistentAppendEntries(1322)) - omNode-1@group-523986131536: Failed appendEntries as previous log entry ((t:6, i:359)) is not found
2021-11-15 13:55:43,820 [grpc-default-executor-4] INFO  server.RaftServer$Division (RaftServerImpl.java:checkInconsistentAppendEntries(1288)) - omNode-1@group-523986131536: inconsistency entries. Reply:omNode-2<-omNode-1#11609:FAIL-t6,INCONSISTENCY,nextIndex=354,followerCommit=353
2021-11-15 13:55:43,820 [grpc-default-executor-4] INFO  leader.FollowerInfo (FollowerInfoImpl.java:lambda$new$0(47)) - omNode-2@group-523986131536->omNode-1: nextIndex: updateUnconditionally 360 -> 354
2021-11-15 13:55:44,322 [grpc-default-executor-4] INFO  server.RaftServer$Division (RaftServerImpl.java:checkInconsistentAppendEntries(1322)) - omNode-1@group-523986131536: Failed appendEntries as previous log entry ((t:6, i:359)) is not found
2021-11-15 13:55:44,322 [grpc-default-executor-4] INFO  server.RaftServer$Division (RaftServerImpl.java:checkInconsistentAppendEntries(1288)) - omNode-1@group-523986131536: inconsistency entries. Reply:omNode-2<-omNode-1#11660:FAIL-t6,INCONSISTENCY,nextIndex=354,followerCommit=353
2021-11-15 13:55:44,322 [grpc-default-executor-4] INFO  leader.FollowerInfo (FollowerInfoImpl.java:lambda$new$0(47)) - omNode-2@group-523986131536->omNode-1: nextIndex: updateUnconditionally 360 -> 354
2021-11-15 13:55:44,823 [grpc-default-executor-4] INFO  server.RaftServer$Division (RaftServerImpl.java:checkInconsistentAppendEntries(1322)) - omNode-1@group-523986131536: Failed appendEntries as previous log entry ((t:6, i:359)) is not found
2021-11-15 13:55:44,823 [grpc-default-executor-4] INFO  server.RaftServer$Division (RaftServerImpl.java:checkInconsistentAppendEntries(1288)) - omNode-1@group-523986131536: inconsistency entries. Reply:omNode-2<-omNode-1#11711:FAIL-t6,INCONSISTENCY,nextIndex=354,followerCommit=353
2021-11-15 13:55:44,824 [grpc-default-executor-4] INFO  leader.FollowerInfo (FollowerInfoImpl.java:lambda$new$0(47)) - omNode-2@group-523986131536->omNode-1: nextIndex: updateUnconditionally 360 -> 354
2021-11-15 13:55:45,325 [grpc-default-executor-4] INFO  server.RaftServer$Division (RaftServerImpl.java:checkInconsistentAppendEntries(1322)) - omNode-1@group-523986131536: Failed appendEntries as previous log entry ((t:6, i:359)) is not found
2021-11-15 13:55:45,325 [grpc-default-executor-4] INFO  server.RaftServer$Division (RaftServerImpl.java:checkInconsistentAppendEntries(1288)) - omNode-1@group-523986131536: inconsistency entries. Reply:omNode-2<-omNode-1#11762:FAIL-t6,INCONSISTENCY,nextIndex=354,followerCommit=353
2021-11-15 13:55:45,326 [grpc-default-executor-4] INFO  leader.FollowerInfo (FollowerInfoImpl.java:lambda$new$0(47)) - omNode-2@group-523986131536->omNode-1: nextIndex: updateUnconditionally 360 -> 354
2021-11-15 13:55:45,826 [grpc-default-executor-4] INFO  server.RaftServer$Division (RaftServerImpl.java:checkInconsistentAppendEntries(1322)) - omNode-1@group-523986131536: Failed appendEntries as previous log entry ((t:6, i:359)) is not found
2021-11-15 13:55:45,827 [grpc-default-executor-4] INFO  server.RaftServer$Division (RaftServerImpl.java:checkInconsistentAppendEntries(1288)) - omNode-1@group-523986131536: inconsistency entries. Reply:omNode-2<-omNode-1#11813:FAIL-t6,INCONSISTENCY,nextIndex=354,followerCommit=353
2021-11-15 13:55:45,827 [grpc-default-executor-4] INFO  leader.FollowerInfo (FollowerInfoImpl.java:lambda$new$0(47)) - omNode-2@group-523986131536->omNode-1: nextIndex: updateUnconditionally 360 -> 354
2021-11-15 13:55:46,328 [grpc-default-executor-4] INFO  server.RaftServer$Division (RaftServerImpl.java:checkInconsistentAppendEntries(1322)) - omNode-1@group-523986131536: Failed appendEntries as previous log entry ((t:6, i:359)) is not found
2021-11-15 13:55:46,328 [grpc-default-executor-4] INFO  server.RaftServer$Division (RaftServerImpl.java:checkInconsistentAppendEntries(1288)) - omNode-1@group-523986131536: inconsistency entries. Reply:omNode-2<-omNode-1#11864:FAIL-t6,INCONSISTENCY,nextIndex=354,followerCommit=353
2021-11-15 13:55:46,328 [grpc-default-executor-4] INFO  leader.FollowerInfo (FollowerInfoImpl.java:lambda$new$0(47)) - omNode-2@group-523986131536->omNode-1: nextIndex: updateUnconditionally 360 -> 354
2021-11-15 13:55:46,830 [grpc-default-executor-4] INFO  server.RaftServer$Division (RaftServerImpl.java:checkInconsistentAppendEntries(1322)) - omNode-1@group-523986131536: Failed appendEntries as previous log entry ((t:6, i:359)) is not found
2021-11-15 13:55:46,830 [grpc-default-executor-4] INFO  server.RaftServer$Division (RaftServerImpl.java:checkInconsistentAppendEntries(1288)) - omNode-1@group-523986131536: inconsistency entries. Reply:omNode-2<-omNode-1#11915:FAIL-t6,INCONSISTENCY,nextIndex=354,followerCommit=353
2021-11-15 13:55:46,830 [grpc-default-executor-4] INFO  leader.FollowerInfo (FollowerInfoImpl.java:lambda$new$0(47)) - omNode-2@group-523986131536->omNode-1: nextIndex: updateUnconditionally 360 -> 354
2021-11-15 13:55:47,331 [grpc-default-executor-4] INFO  server.RaftServer$Division (RaftServerImpl.java:checkInconsistentAppendEntries(1322)) - omNode-1@group-523986131536: Failed appendEntries as previous log entry ((t:6, i:359)) is not found
2021-11-15 13:55:47,331 [grpc-default-executor-4] INFO  server.RaftServer$Division (RaftServerImpl.java:checkInconsistentAppendEntries(1288)) - omNode-1@group-523986131536: inconsistency entries. Reply:omNode-2<-omNode-1#11966:FAIL-t6,INCONSISTENCY,nextIndex=354,followerCommit=353
2021-11-15 13:55:47,332 [grpc-default-executor-4] INFO  leader.FollowerInfo (FollowerInfoImpl.java:lambda$new$0(47)) - omNode-2@group-523986131536->omNode-1: nextIndex: updateUnconditionally 360 -> 354
2021-11-15 13:55:47,832 [grpc-default-executor-4] INFO  server.RaftServer$Division (RaftServerImpl.java:checkInconsistentAppendEntries(1322)) - omNode-1@group-523986131536: Failed appendEntries as previous log entry ((t:6, i:359)) is not found
2021-11-15 13:55:47,833 [grpc-default-executor-4] INFO  server.RaftServer$Division (RaftServerImpl.java:checkInconsistentAppendEntries(1288)) - omNode-1@group-523986131536: inconsistency entries. Reply:omNode-2<-omNode-1#12017:FAIL-t6,INCONSISTENCY,nextIndex=354,followerCommit=353
2021-11-15 13:55:47,833 [grpc-default-executor-4] INFO  leader.FollowerInfo (FollowerInfoImpl.java:lambda$new$0(47)) - omNode-2@group-523986131536->omNode-1: nextIndex: updateUnconditionally 360 -> 354
2021-11-15 13:55:48,334 [grpc-default-executor-0] INFO  server.RaftServer$Division (RaftServerImpl.java:checkInconsistentAppendEntries(1322)) - omNode-1@group-523986131536: Failed appendEntries as previous log entry ((t:6, i:359)) is not found
2021-11-15 13:55:48,334 [grpc-default-executor-0] INFO  server.RaftServer$Division (RaftServerImpl.java:checkInconsistentAppendEntries(1288)) - omNode-1@group-523986131536: inconsistency entries. Reply:omNode-2<-omNode-1#12068:FAIL-t6,INCONSISTENCY,nextIndex=354,followerCommit=353
2021-11-15 13:55:48,335 [grpc-default-executor-0] INFO  leader.FollowerInfo (FollowerInfoImpl.java:lambda$new$0(47)) - omNode-2@group-523986131536->omNode-1: nextIndex: updateUnconditionally 360 -> 354
2021-11-15 13:55:48,836 [grpc-default-executor-0] INFO  server.RaftServer$Division (RaftServerImpl.java:checkInconsistentAppendEntries(1322)) - omNode-1@group-523986131536: Failed appendEntries as previous log entry ((t:6, i:359)) is not found
2021-11-15 13:55:48,836 [grpc-default-executor-0] INFO  server.RaftServer$Division (RaftServerImpl.java:checkInconsistentAppendEntries(1288)) - omNode-1@group-523986131536: inconsistency entries. Reply:omNode-2<-omNode-1#12119:FAIL-t6,INCONSISTENCY,nextIndex=354,followerCommit=353
2021-11-15 13:55:48,837 [grpc-default-executor-0] INFO  leader.FollowerInfo (FollowerInfoImpl.java:lambda$new$0(47)) - omNode-2@group-523986131536->omNode-1: nextIndex: updateUnconditionally 360 -> 354
2021-11-15 13:55:49,338 [grpc-default-executor-0] INFO  server.RaftServer$Division (RaftServerImpl.java:checkInconsistentAppendEntries(1322)) - omNode-1@group-523986131536: Failed appendEntries as previous log entry ((t:6, i:359)) is not found
2021-11-15 13:55:49,339 [grpc-default-executor-0] INFO  server.RaftServer$Division (RaftServerImpl.java:checkInconsistentAppendEntries(1288)) - omNode-1@group-523986131536: inconsistency entries. Reply:omNode-2<-omNode-1#12170:FAIL-t6,INCONSISTENCY,nextIndex=354,followerCommit=353
2021-11-15 13:55:49,339 [grpc-default-executor-0] INFO  leader.FollowerInfo (FollowerInfoImpl.java:lambda$new$0(47)) - omNode-2@group-523986131536->omNode-1: nextIndex: updateUnconditionally 360 -> 354
2021-11-15 13:55:49,840 [grpc-default-executor-0] INFO  server.RaftServer$Division (RaftServerImpl.java:checkInconsistentAppendEntries(1322)) - omNode-1@group-523986131536: Failed appendEntries as previous log entry ((t:6, i:359)) is not found
2021-11-15 13:55:49,840 [grpc-default-executor-0] INFO  server.RaftServer$Division (RaftServerImpl.java:checkInconsistentAppendEntries(1288)) - omNode-1@group-523986131536: inconsistency entries. Reply:omNode-2<-omNode-1#12221:FAIL-t6,INCONSISTENCY,nextIndex=354,followerCommit=353
2021-11-15 13:55:49,841 [grpc-default-executor-0] INFO  leader.FollowerInfo (FollowerInfoImpl.java:lambda$new$0(47)) - omNode-2@group-523986131536->omNode-1: nextIndex: updateUnconditionally 360 -> 354
2021-11-15 13:55:50,342 [grpc-default-executor-0] INFO  server.RaftServer$Division (RaftServerImpl.java:checkInconsistentAppendEntries(1322)) - omNode-1@group-523986131536: Failed appendEntries as previous log entry ((t:6, i:359)) is not found
2021-11-15 13:55:50,342 [grpc-default-executor-0] INFO  server.RaftServer$Division (RaftServerImpl.java:checkInconsistentAppendEntries(1288)) - omNode-1@group-523986131536: inconsistency entries. Reply:omNode-2<-omNode-1#12272:FAIL-t6,INCONSISTENCY,nextIndex=354,followerCommit=353
2021-11-15 13:55:50,343 [grpc-default-executor-0] INFO  leader.FollowerInfo (FollowerInfoImpl.java:lambda$new$0(47)) - omNode-2@group-523986131536->omNode-1: nextIndex: updateUnconditionally 360 -> 354
2021-11-15 13:55:50,844 [grpc-default-executor-4] INFO  server.RaftServer$Division (RaftServerImpl.java:checkInconsistentAppendEntries(1322)) - omNode-1@group-523986131536: Failed appendEntries as previous log entry ((t:6, i:359)) is not found
2021-11-15 13:55:50,844 [grpc-default-executor-4] INFO  server.RaftServer$Division (RaftServerImpl.java:checkInconsistentAppendEntries(1288)) - omNode-1@group-523986131536: inconsistency entries. Reply:omNode-2<-omNode-1#12323:FAIL-t6,INCONSISTENCY,nextIndex=354,followerCommit=353
2021-11-15 13:55:50,844 [grpc-default-executor-4] INFO  leader.FollowerInfo (FollowerInfoImpl.java:lambda$new$0(47)) - omNode-2@group-523986131536->omNode-1: nextIndex: updateUnconditionally 360 -> 354
2021-11-15 13:55:51,345 [grpc-default-executor-4] INFO  server.RaftServer$Division (RaftServerImpl.java:checkInconsistentAppendEntries(1322)) - omNode-1@group-523986131536: Failed appendEntries as previous log entry ((t:6, i:359)) is not found
2021-11-15 13:55:51,346 [grpc-default-executor-4] INFO  server.RaftServer$Division (RaftServerImpl.java:checkInconsistentAppendEntries(1288)) - omNode-1@group-523986131536: inconsistency entries. Reply:omNode-2<-omNode-1#12374:FAIL-t6,INCONSISTENCY,nextIndex=354,followerCommit=353
2021-11-15 13:55:51,346 [grpc-default-executor-4] INFO  leader.FollowerInfo (FollowerInfoImpl.java:lambda$new$0(47)) - omNode-2@group-523986131536->omNode-1: nextIndex: updateUnconditionally 360 -> 354
2021-11-15 13:55:51,407 [Time-limited test] INFO  om.OzoneManager (OzoneManager.java:stop(1698)) - Stopping Ozone Manager
2021-11-15 13:55:51,407 [Time-limited test] INFO  ipc.Server (Server.java:stop(3414)) - Stopping server on 11752
2021-11-15 13:55:51,410 [IPC Server Responder] INFO  ipc.Server (Server.java:run(1512)) - Stopping IPC Server Responder
2021-11-15 13:55:51,411 [IPC Server listener on 11752] INFO  ipc.Server (Server.java:run(1376)) - Stopping IPC Server listener on 11752
2021-11-15 13:55:51,411 [Time-limited test] INFO  server.RaftServer (RaftServerProxy.java:lambda$close$6(391)) - omNode-3: close
2021-11-15 13:55:51,411 [Time-limited test] INFO  server.RaftServer$Division (RaftServerImpl.java:lambda$close$4(412)) - omNode-3@group-523986131536: shutdown
2021-11-15 13:55:51,411 [Time-limited test] INFO  util.JmxRegister (JmxRegister.java:unregister(73)) - Successfully un-registered JMX Bean with object name Ratis:service=RaftServer,group=group-523986131536,id=omNode-3
2021-11-15 13:55:51,411 [Time-limited test] INFO  impl.RoleInfo (RoleInfo.java:shutdownFollowerState(108)) - omNode-3: shutdown omNode-3@group-523986131536-FollowerState
2021-11-15 13:55:51,411 [Time-limited test] INFO  impl.StateMachineUpdater (StateMachineUpdater.java:stopAndJoin(149)) - omNode-3@group-523986131536-StateMachineUpdater: set stopIndex = 359
2021-11-15 13:55:51,412 [omNode-3@group-523986131536-StateMachineUpdater] INFO  ratis.OzoneManagerStateMachine (OzoneManagerStateMachine.java:takeSnapshot(417)) - Current Snapshot Index (t:6, i:359)
2021-11-15 13:55:51,412 [omNode-3@group-523986131536-StateMachineUpdater] INFO  impl.StateMachineUpdater (StateMachineUpdater.java:takeSnapshot(281)) - omNode-3@group-523986131536-StateMachineUpdater: Took a snapshot at index 359
2021-11-15 13:55:51,412 [omNode-3@group-523986131536-StateMachineUpdater] INFO  impl.StateMachineUpdater (StateMachineUpdater.java:lambda$new$0(89)) - omNode-3@group-523986131536-StateMachineUpdater: snapshotIndex: updateIncreasingly 353 -> 359
2021-11-15 13:55:51,412 [omNode-3@group-523986131536-StateMachineUpdater] INFO  raftlog.RaftLog (RaftLogBase.java:purge(306)) - omNode-3@group-523986131536-SegmentedRaftLog: purge 359
2021-11-15 13:55:51,412 [omNode-3@group-523986131536-StateMachineUpdater] INFO  raftlog.RaftLog (RaftLogBase.java:lambda$new$0(53)) - omNode-3@group-523986131536-SegmentedRaftLog: snapshotIndex: updateIncreasingly 353 -> 359
2021-11-15 13:55:51,412 [omNode-3@group-523986131536-StateMachineUpdater] INFO  ratis.OzoneManagerStateMachine (OzoneManagerStateMachine.java:close(471)) - StateMachine has shutdown. Shutdown OzoneManager if not already shutdown.
2021-11-15 13:55:51,412 [Time-limited test] INFO  server.RaftServer$Division (ServerState.java:close(419)) - omNode-3@group-523986131536: closes. applyIndex: 359
2021-11-15 13:55:51,415 [omNode-3@group-523986131536-FollowerState] INFO  impl.FollowerState (FollowerState.java:run(143)) - omNode-3@group-523986131536-FollowerState was interrupted: {}
java.lang.InterruptedException: sleep interrupted
	at java.lang.Thread.sleep(Native Method)
	at java.lang.Thread.sleep(Thread.java:340)
	at java.util.concurrent.TimeUnit.sleep(TimeUnit.java:386)
	at org.apache.ratis.util.TimeDuration.sleep(TimeDuration.java:324)
	at org.apache.ratis.util.TimeDuration.sleep(TimeDuration.java:309)
	at org.apache.ratis.server.impl.FollowerState.run(FollowerState.java:118)
2021-11-15 13:55:51,416 [omNode-3@group-523986131536-SegmentedRaftLogWorker] INFO  raftlog.RaftLog (RaftLogBase.java:lambda$new$0(53)) - omNode-3@group-523986131536-SegmentedRaftLog: purgeIndex: updateToMax old=-1, new=355, updated? true
2021-11-15 13:55:51,416 [Time-limited test] INFO  segmented.SegmentedRaftLogWorker (SegmentedRaftLogWorker.java:close(237)) - omNode-3@group-523986131536-SegmentedRaftLogWorker close()
2021-11-15 13:55:51,423 [Time-limited test] INFO  server.GrpcService (GrpcService.java:closeImpl(262)) - omNode-3: shutdown server with port 11756 now
2021-11-15 13:55:51,425 [grpc-default-executor-0] WARN  server.GrpcServerProtocolService (LogUtils.java:warn(122)) - omNode-3: installSnapshot onError, lastRequest: omNode-2->omNode-3#55-t6,previous=(t:6, i:358),leaderCommit=358,initializing? true,entries: size=1, first=(t:6, i:359), METADATAENTRY(c:358): org.apache.ratis.thirdparty.io.grpc.StatusRuntimeException: CANCELLED: client cancelled
2021-11-15 13:55:51,426 [Time-limited test] INFO  server.GrpcService (GrpcService.java:closeImpl(271)) - omNode-3: shutdown server with port 11756 successfully
2021-11-15 13:55:51,429 [org.apache.ratis.util.JvmPauseMonitor$$Lambda$523/645118495@3180b077] INFO  util.JvmPauseMonitor (JvmPauseMonitor.java:run(109)) - JvmPauseMonitor-omNode-3: Stopped
2021-11-15 13:55:51,429 [grpc-default-executor-4] WARN  server.GrpcLogAppender (LogUtils.java:warn(122)) - omNode-2@group-523986131536->omNode-3-AppendLogResponseHandler: Failed appendEntries: org.apache.ratis.thirdparty.io.grpc.StatusRuntimeException: CANCELLED: HTTP/2 error code: CANCEL
Received Rst Stream
2021-11-15 13:55:51,429 [grpc-default-executor-4] INFO  leader.FollowerInfo (FollowerInfoImpl.java:lambda$new$0(47)) - omNode-2@group-523986131536->omNode-3: nextIndex: updateUnconditionally 360 -> 359
2021-11-15 13:55:51,430 [Time-limited test] INFO  ratis.OzoneManagerDoubleBuffer (OzoneManagerDoubleBuffer.java:stop(437)) - Stopping OMDoubleBuffer flush thread
2021-11-15 13:55:51,431 [OMDoubleBufferFlushThread] INFO  ratis.OzoneManagerDoubleBuffer (OzoneManagerDoubleBuffer.java:flushTransactions(356)) - OMDoubleBuffer flush thread OMDoubleBufferFlushThread is interrupted and will exit. OMDoubleBufferFlushThread
2021-11-15 13:55:51,432 [Time-limited test] INFO  handler.ContextHandler (ContextHandler.java:doStop(1153)) - Stopped o.e.j.w.WebAppContext@1ee5d007{ozoneManager,/,null,STOPPED}{file:/home/runner/work/ozone/ozone/hadoop-ozone/integration-test/target/test-classes/webapps/ozoneManager}
2021-11-15 13:55:51,433 [Time-limited test] INFO  server.AbstractConnector (AbstractConnector.java:doStop(381)) - Stopped ServerConnector@d067eee{HTTP/1.1, (http/1.1)}{0.0.0.0:11754}
2021-11-15 13:55:51,433 [Time-limited test] INFO  server.session (HouseKeeper.java:stopScavenging(149)) - node0 Stopped scavenging
2021-11-15 13:55:51,433 [Time-limited test] INFO  handler.ContextHandler (ContextHandler.java:doStop(1153)) - Stopped o.e.j.s.ServletContextHandler@33991494{static,/static,file:///home/runner/work/ozone/ozone/hadoop-ozone/integration-test/target/test-classes/webapps/static,STOPPED}
2021-11-15 13:55:51,433 [Time-limited test] INFO  handler.ContextHandler (ContextHandler.java:doStop(1153)) - Stopped o.e.j.s.ServletContextHandler@3f3c8eee{logs,/logs,file:///home/runner/work/ozone/ozone/hadoop-ozone/integration-test/target/log,STOPPED}
2021-11-15 13:55:51,437 [Time-limited test] INFO  om.OzoneManager (OzoneManager.java:initFSOLayout(3662)) - Configured ozone.om.metadata.layout=SIMPLE and disabled optimized OM FS operations
2021-11-15 13:55:51,437 [Time-limited test] INFO  om.OzoneManager (OzoneManager.java:restart(1413)) - OzoneManager RPC server is listening at localhost/127.0.0.1:11752
2021-11-15 13:55:51,437 [Time-limited test] INFO  impl.MetricsSystemImpl (MetricsSystemImpl.java:init(158)) - OzoneManager metrics system started (again)
2021-11-15 13:55:51,440 [grpc-default-executor-4] WARN  server.GrpcLogAppender (LogUtils.java:warn(122)) - omNode-2@group-523986131536->omNode-3-AppendLogResponseHandler: Failed appendEntries: org.apache.ratis.thirdparty.io.grpc.StatusRuntimeException: UNAVAILABLE: io exception
2021-11-15 13:55:51,441 [grpc-default-executor-4] INFO  leader.FollowerInfo (FollowerInfoImpl.java:lambda$new$0(47)) - omNode-2@group-523986131536->omNode-3: nextIndex: updateUnconditionally 360 -> 359
2021-11-15 13:55:51,462 [Time-limited test] WARN  server.ServerUtils (ServerUtils.java:getDBPath(225)) - ozone.om.db.dirs is not configured. We recommend adding this setting. Falling back to ozone.metadata.dirs instead.
2021-11-15 13:55:51,462 [Time-limited test] INFO  codec.OmKeyInfoCodec (OmKeyInfoCodec.java:<init>(50)) - OmKeyInfoCodec ignorePipeline = true
2021-11-15 13:55:51,463 [Time-limited test] INFO  codec.RepeatedOmKeyInfoCodec (RepeatedOmKeyInfoCodec.java:<init>(42)) - RepeatedOmKeyInfoCodec ignorePipeline = true
2021-11-15 13:55:51,506 [Time-limited test] WARN  impl.MetricRegistriesImpl (MetricRegistriesImpl.java:addReporterRegistration(111)) - New reporters are added after registries were created. Some metrics will be missing from the reporter. Please add reporter before adding any new registry.
2021-11-15 13:55:51,506 [Time-limited test] WARN  impl.MetricRegistriesImpl (MetricRegistriesImpl.java:addReporterRegistration(111)) - New reporters are added after registries were created. Some metrics will be missing from the reporter. Please add reporter before adding any new registry.
2021-11-15 13:55:51,506 [Time-limited test] WARN  server.ServerUtils (ServerUtils.java:getDefaultRatisDirectory(237)) - Storage directory for Ratis is not configured. It is a good idea to map this to an SSD disk. Falling back to ozone.metadata.dirs
2021-11-15 13:55:51,507 [Time-limited test] INFO  ratis.OzoneManagerRatisServer (OzoneManagerRatisServer.java:<init>(159)) - Instantiating OM Ratis server with groupID: om-service-test1 and peers: localhost:11756, localhost:11744, localhost:11750
2021-11-15 13:55:51,507 [Time-limited test] INFO  ratis.OzoneManagerStateMachine (OzoneManagerStateMachine.java:loadSnapshotInfoFromDB(605)) - LastAppliedIndex is set from TransactionInfo from OM DB as (t:6, i:359)
2021-11-15 13:55:51,508 [Time-limited test] INFO  server.RaftServer (ConfUtils.java:logGet(44)) - raft.rpc.type = GRPC (default)
2021-11-15 13:55:51,508 [Time-limited test] INFO  grpc.GrpcFactory (GrpcFactory.java:checkPooledByteBufAllocatorUseCacheForAllThreads(48)) - PERFORMANCE WARNING: useCacheForAllThreads is true that may cause Netty to create a lot garbage objects and, as a result, trigger GC.
	It is recommended to disable useCacheForAllThreads by setting -Dorg.apache.ratis.thirdparty.io.netty.allocator.useCacheForAllThreads=false in command line.
2021-11-15 13:55:51,508 [Time-limited test] INFO  grpc.GrpcConfigKeys (ConfUtils.java:logGet(44)) - raft.grpc.admin.port = -1 (default)
2021-11-15 13:55:51,508 [Time-limited test] INFO  grpc.GrpcConfigKeys (ConfUtils.java:logGet(44)) - raft.grpc.server.port = 11756 (custom)
2021-11-15 13:55:51,508 [Time-limited test] INFO  grpc.GrpcConfigKeys (ConfUtils.java:logGet(44)) - raft.grpc.client.port = -1 (default)
2021-11-15 13:55:51,508 [Time-limited test] INFO  grpc.GrpcConfigKeys (ConfUtils.java:logGet(44)) - raft.grpc.server.port = 11756 (custom)
2021-11-15 13:55:51,508 [Time-limited test] INFO  grpc.GrpcConfigKeys (ConfUtils.java:logGet(44)) - raft.grpc.server.port = 11756 (custom)
2021-11-15 13:55:51,509 [Time-limited test] INFO  server.GrpcService (ConfUtils.java:logGet(44)) - raft.grpc.message.size.max = 33554432 (custom)
2021-11-15 13:55:51,509 [Time-limited test] INFO  server.RaftServerConfigKeys (ConfUtils.java:logGet(44)) - raft.server.log.appender.buffer.byte-limit = 33554432 (custom)
2021-11-15 13:55:51,509 [Time-limited test] INFO  server.GrpcService (ConfUtils.java:logGet(44)) - raft.grpc.flow.control.window = 1MB (=1048576) (default)
2021-11-15 13:55:51,509 [Time-limited test] INFO  server.RaftServerConfigKeys (ConfUtils.java:logGet(44)) - raft.server.rpc.request.timeout = 3000ms (default)
2021-11-15 13:55:51,510 [Time-limited test] INFO  impl.DataStreamServerImpl (ConfUtils.java:logGet(44)) - raft.datastream.type = DISABLED (default)
2021-11-15 13:55:51,510 [Time-limited test] INFO  server.RaftServerConfigKeys (ConfUtils.java:logGet(44)) - raft.server.rpc.slowness.timeout = 2s (custom)
2021-11-15 13:55:51,510 [Time-limited test] INFO  server.RaftServerConfigKeys (ConfUtils.java:logGet(44)) - raft.server.leaderelection.leader.step-down.wait-time = 10s (default)
2021-11-15 13:55:51,511 [Time-limited test] INFO  server.RaftServerConfigKeys (ConfUtils.java:logGet(44)) - raft.server.storage.dir = [/home/runner/work/ozone/ozone/hadoop-ozone/integration-test/target/test-dir/MiniOzoneClusterImpl-e73edc9f-ff19-4fd0-8331-074ccb3cb693/omNode-3/ratis] (custom)
2021-11-15 13:55:51,511 [Time-limited test] INFO  server.RaftServer (RaftServerProxy.java:lambda$null$1(235)) - omNode-3: found a subdirectory /home/runner/work/ozone/ozone/hadoop-ozone/integration-test/target/test-dir/MiniOzoneClusterImpl-e73edc9f-ff19-4fd0-8331-074ccb3cb693/omNode-3/ratis/c9bc4cf4-3bc3-3c60-a66b-523986131536
2021-11-15 13:55:51,511 [Time-limited test] INFO  server.RaftServer (RaftServerProxy.java:addNew(95)) - omNode-3: addNew group-523986131536:[omNode-3|rpc:localhost:11756|priority:0, omNode-1|rpc:localhost:11744|priority:0, omNode-2|rpc:localhost:11750|priority:0] returns group-523986131536:java.util.concurrent.CompletableFuture@65c6aab6[Not completed]
2021-11-15 13:55:51,511 [Time-limited test] INFO  om.OzoneManager (OzoneManager.java:initializeRatisServer(1639)) - OzoneManager Ratis server initialized at port 11756
2021-11-15 13:55:51,511 [pool-429-thread-1] INFO  server.RaftServer$Division (RaftServerImpl.java:<init>(184)) - omNode-3: new RaftServerImpl for group-523986131536:[omNode-3|rpc:localhost:11756|priority:0, omNode-1|rpc:localhost:11744|priority:0, omNode-2|rpc:localhost:11750|priority:0] with OzoneManagerStateMachine:uninitialized
2021-11-15 13:55:51,511 [Time-limited test] INFO  ratis.OzoneManagerRatisServer (OzoneManagerRatisServer.java:start(522)) - Starting OzoneManagerRatisServer omNode-3 at port 11756
2021-11-15 13:55:51,512 [pool-429-thread-1] INFO  server.RaftServerConfigKeys (ConfUtils.java:logGet(44)) - raft.server.rpc.timeout.min = 1s (custom)
2021-11-15 13:55:51,513 [pool-429-thread-1] INFO  server.RaftServerConfigKeys (ConfUtils.java:logGet(44)) - raft.server.rpc.timeout.max = 1200ms (custom)
2021-11-15 13:55:51,513 [pool-429-thread-1] INFO  server.RaftServerConfigKeys (ConfUtils.java:logGet(44)) - raft.server.rpc.sleep.time = 25ms (default)
2021-11-15 13:55:51,513 [pool-429-thread-1] INFO  server.RaftServerConfigKeys (ConfUtils.java:logGet(44)) - raft.server.rpc.slowness.timeout = 2s (custom)
2021-11-15 13:55:51,513 [pool-429-thread-1] INFO  server.RaftServerConfigKeys (ConfUtils.java:logGet(44)) - raft.server.leaderelection.leader.step-down.wait-time = 10s (default)
2021-11-15 13:55:51,513 [pool-429-thread-1] INFO  server.RaftServerConfigKeys (ConfUtils.java:logGet(44)) - raft.server.sleep.deviation.threshold = 300ms (default)
2021-11-15 13:55:51,513 [pool-429-thread-1] INFO  server.RaftServerConfigKeys (ConfUtils.java:logGet(44)) - raft.server.log.appender.install.snapshot.enabled = false (custom)
2021-11-15 13:55:51,513 [pool-429-thread-1] INFO  server.RaftServer$Division (ServerState.java:<init>(105)) - omNode-3@group-523986131536: ConfigurationManager, init=-1: [omNode-3|rpc:localhost:11756|priority:0, omNode-1|rpc:localhost:11744|priority:0, omNode-2|rpc:localhost:11750|priority:0], old=null, confs=<EMPTY_MAP>
2021-11-15 13:55:51,513 [pool-429-thread-1] INFO  server.RaftServerConfigKeys (ConfUtils.java:logGet(44)) - raft.server.storage.dir = [/home/runner/work/ozone/ozone/hadoop-ozone/integration-test/target/test-dir/MiniOzoneClusterImpl-e73edc9f-ff19-4fd0-8331-074ccb3cb693/omNode-3/ratis] (custom)
2021-11-15 13:55:51,513 [pool-429-thread-1] INFO  server.RaftServerConfigKeys (ConfUtils.java:logGet(44)) - raft.server.log.corruption.policy = EXCEPTION (default)
2021-11-15 13:55:51,513 [pool-429-thread-1] INFO  server.RaftServerConfigKeys (ConfUtils.java:logGet(44)) - raft.server.storage.free-space.min = 0MB (=0) (default)
2021-11-15 13:55:51,514 [pool-429-thread-1] INFO  storage.RaftStorageDirectory (RaftStorageDirectoryImpl.java:tryLock(230)) - Lock on /home/runner/work/ozone/ozone/hadoop-ozone/integration-test/target/test-dir/MiniOzoneClusterImpl-e73edc9f-ff19-4fd0-8331-074ccb3cb693/omNode-3/ratis/c9bc4cf4-3bc3-3c60-a66b-523986131536/in_use.lock acquired by nodename 22325@fv-az151-339
2021-11-15 13:55:51,514 [pool-429-thread-1] INFO  storage.RaftStorage (RaftStorageImpl.java:analyzeAndRecoverStorage(110)) - Read RaftStorageMetadata{term=6, votedFor=omNode-2} from /home/runner/work/ozone/ozone/hadoop-ozone/integration-test/target/test-dir/MiniOzoneClusterImpl-e73edc9f-ff19-4fd0-8331-074ccb3cb693/omNode-3/ratis/c9bc4cf4-3bc3-3c60-a66b-523986131536/current/raft-meta
2021-11-15 13:55:51,515 [pool-429-thread-1] INFO  server.RaftServer$Division (ServerState.java:setRaftConf(387)) - omNode-3@group-523986131536: set configuration 356: [omNode-3|rpc:localhost:11756|admin:|client:|dataStream:|priority:0, omNode-1|rpc:localhost:11744|admin:|client:|dataStream:|priority:0, omNode-2|rpc:localhost:11750|admin:|client:|dataStream:|priority:0], old=null
2021-11-15 13:55:51,515 [pool-429-thread-1] INFO  server.RaftServerConfigKeys (ConfUtils.java:logGet(44)) - raft.server.notification.no-leader.timeout = 2s (custom)
2021-11-15 13:55:51,515 [pool-429-thread-1] INFO  server.RaftServerConfigKeys (ConfUtils.java:logGet(44)) - raft.server.log.use.memory = false (default)
2021-11-15 13:55:51,515 [pool-429-thread-1] INFO  server.RaftServerConfigKeys (ConfUtils.java:logGet(44)) - raft.server.log.purge.gap = 50 (custom)
2021-11-15 13:55:51,515 [pool-429-thread-1] INFO  server.RaftServerConfigKeys (ConfUtils.java:logGet(44)) - raft.server.log.appender.buffer.byte-limit = 33554432 (custom)
2021-11-15 13:55:51,515 [pool-429-thread-1] INFO  server.RaftServerConfigKeys (ConfUtils.java:logGet(44)) - raft.server.log.segment.size.max = 4194304 (custom)
2021-11-15 13:55:51,516 [pool-429-thread-1] INFO  server.RaftServerConfigKeys (ConfUtils.java:logGet(44)) - raft.server.log.segment.cache.num.max = 2 (custom)
2021-11-15 13:55:51,516 [pool-429-thread-1] INFO  server.RaftServerConfigKeys (ConfUtils.java:logGet(44)) - raft.server.log.segment.cache.size.max = 200MB (=209715200) (default)
2021-11-15 13:55:51,516 [pool-429-thread-1] INFO  segmented.SegmentedRaftLogWorker (SegmentedRaftLogWorker.java:<init>(182)) - new omNode-3@group-523986131536-SegmentedRaftLogWorker for RaftStorageImpl:Storage Directory /home/runner/work/ozone/ozone/hadoop-ozone/integration-test/target/test-dir/MiniOzoneClusterImpl-e73edc9f-ff19-4fd0-8331-074ccb3cb693/omNode-3/ratis/c9bc4cf4-3bc3-3c60-a66b-523986131536
2021-11-15 13:55:51,516 [pool-429-thread-1] INFO  server.RaftServerConfigKeys (ConfUtils.java:logGet(44)) - raft.server.log.queue.byte-limit = 64MB (=67108864) (default)
2021-11-15 13:55:51,516 [pool-429-thread-1] INFO  server.RaftServerConfigKeys (ConfUtils.java:logGet(44)) - raft.server.log.queue.element-limit = 4096 (default)
2021-11-15 13:55:51,516 [pool-429-thread-1] INFO  server.RaftServerConfigKeys (ConfUtils.java:logGet(44)) - raft.server.log.segment.size.max = 4194304 (custom)
2021-11-15 13:55:51,516 [pool-429-thread-1] INFO  server.RaftServerConfigKeys (ConfUtils.java:logGet(44)) - raft.server.log.preallocated.size = 4194304 (custom)
2021-11-15 13:55:51,516 [pool-429-thread-1] INFO  server.RaftServerConfigKeys (ConfUtils.java:logGet(44)) - raft.server.log.force.sync.num = 128 (default)
2021-11-15 13:55:51,516 [pool-429-thread-1] INFO  server.RaftServerConfigKeys (ConfUtils.java:logGet(44)) - raft.server.log.statemachine.data.sync = true (default)
2021-11-15 13:55:51,516 [pool-429-thread-1] INFO  server.RaftServerConfigKeys (ConfUtils.java:logGet(44)) - raft.server.log.statemachine.data.sync.timeout = 10s (default)
2021-11-15 13:55:51,516 [pool-429-thread-1] INFO  server.RaftServerConfigKeys (ConfUtils.java:logGet(44)) - raft.server.log.statemachine.data.sync.timeout.retry = -1 (default)
2021-11-15 13:55:51,517 [pool-429-thread-1] INFO  server.RaftServerConfigKeys (ConfUtils.java:logGet(44)) - raft.server.log.write.buffer.size = 64KB (=65536) (default)
2021-11-15 13:55:51,517 [pool-429-thread-1] INFO  server.RaftServerConfigKeys (ConfUtils.java:logGet(44)) - raft.server.log.statemachine.data.caching.enabled = false (default)
2021-11-15 13:55:51,517 [pool-429-thread-1] INFO  server.RaftServer$Division (ServerState.java:setRaftConf(387)) - omNode-3@group-523986131536: set configuration 356: [omNode-3|rpc:localhost:11756|admin:|client:|dataStream:|priority:0, omNode-1|rpc:localhost:11744|admin:|client:|dataStream:|priority:0, omNode-2|rpc:localhost:11750|admin:|client:|dataStream:|priority:0], old=null
2021-11-15 13:55:51,518 [pool-429-thread-1] INFO  segmented.LogSegment (LogSegment.java:loadSegment(173)) - Successfully read 4 entries from segment file /home/runner/work/ozone/ozone/hadoop-ozone/integration-test/target/test-dir/MiniOzoneClusterImpl-e73edc9f-ff19-4fd0-8331-074ccb3cb693/omNode-3/ratis/c9bc4cf4-3bc3-3c60-a66b-523986131536/current/log_inprogress_356
2021-11-15 13:55:51,518 [pool-429-thread-1] INFO  segmented.SegmentedRaftLogWorker (SegmentedRaftLogWorker.java:lambda$new$0(133)) - omNode-3@group-523986131536-SegmentedRaftLogWorker: flushIndex: setUnconditionally 0 -> 359
2021-11-15 13:55:51,518 [pool-429-thread-1] INFO  segmented.SegmentedRaftLogWorker (SegmentedRaftLogWorker.java:lambda$new$0(133)) - omNode-3@group-523986131536-SegmentedRaftLogWorker: safeCacheEvictIndex: setUnconditionally 0 -> -1
2021-11-15 13:55:51,518 [pool-429-thread-1] INFO  raftlog.RaftLog (RaftLogBase.java:lambda$new$0(53)) - omNode-3@group-523986131536-SegmentedRaftLog: commitIndex: updateToMax old=359, new=358, updated? false
2021-11-15 13:55:51,518 [pool-429-thread-1] INFO  raftlog.RaftLog (RaftLogBase.java:lambda$new$0(53)) - omNode-3@group-523986131536-SegmentedRaftLog: purgeIndex: updateIncreasingly -1 -> 355
2021-11-15 13:55:51,518 [pool-429-thread-1] INFO  server.RaftServerConfigKeys (ConfUtils.java:logGet(44)) - raft.server.snapshot.auto.trigger.enabled = true (custom)
2021-11-15 13:55:51,518 [pool-429-thread-1] INFO  server.RaftServerConfigKeys (ConfUtils.java:logGet(44)) - raft.server.snapshot.auto.trigger.threshold = 50 (custom)
2021-11-15 13:55:51,518 [pool-429-thread-1] INFO  server.RaftServerConfigKeys (ConfUtils.java:logGet(44)) - raft.server.snapshot.retention.file.num = -1 (default)
2021-11-15 13:55:51,518 [pool-429-thread-1] INFO  server.RaftServerConfigKeys (ConfUtils.java:logGet(44)) - raft.server.log.purge.upto.snapshot.index = true (custom)
2021-11-15 13:55:51,518 [pool-429-thread-1] INFO  server.RaftServerConfigKeys (ConfUtils.java:logGet(44)) - raft.server.retrycache.expirytime = 30000ms (custom)
2021-11-15 13:55:51,518 [pool-429-thread-1] INFO  server.RaftServerConfigKeys (ConfUtils.java:logGet(44)) - raft.server.retrycache.statistics.expirytime = 100μs (default)
2021-11-15 13:55:51,519 [Time-limited test] INFO  server.RaftServer$Division (RaftServerImpl.java:start(301)) - omNode-3@group-523986131536: start as a follower, conf=356: [omNode-3|rpc:localhost:11756|admin:|client:|dataStream:|priority:0, omNode-1|rpc:localhost:11744|admin:|client:|dataStream:|priority:0, omNode-2|rpc:localhost:11750|admin:|client:|dataStream:|priority:0], old=null
2021-11-15 13:55:51,520 [Time-limited test] INFO  server.RaftServer$Division (RaftServerImpl.java:setRole(290)) - omNode-3@group-523986131536: changes role from      null to FOLLOWER at term 6 for startAsFollower
2021-11-15 13:55:51,520 [Time-limited test] INFO  impl.RoleInfo (RoleInfo.java:updateAndGet(130)) - omNode-3: start omNode-3@group-523986131536-FollowerState
2021-11-15 13:55:51,520 [Time-limited test] INFO  util.JmxRegister (JmxRegister.java:tryRegister(44)) - Successfully registered JMX Bean with object name Ratis:service=RaftServer,group=group-523986131536,id=omNode-3
2021-11-15 13:55:51,520 [Time-limited test] INFO  server.RaftServer (RaftServerProxy.java:lambda$start$5(374)) - omNode-3: start RPC server
2021-11-15 13:55:51,522 [Time-limited test] INFO  server.GrpcService (GrpcService.java:startImpl(253)) - omNode-3: GrpcService started, listening on 11756
2021-11-15 13:55:51,522 [org.apache.ratis.util.JvmPauseMonitor$$Lambda$523/645118495@4d5cdcdd] INFO  util.JvmPauseMonitor (JvmPauseMonitor.java:run(103)) - JvmPauseMonitor-omNode-3: Started
2021-11-15 13:55:51,523 [Time-limited test] INFO  ipc.CallQueueManager (CallQueueManager.java:<init>(90)) - Using callQueue: class java.util.concurrent.LinkedBlockingQueue, queueCapacity: 2000, scheduler: class org.apache.hadoop.ipc.DefaultRpcScheduler, ipcBackoff: false.
2021-11-15 13:55:51,524 [Socket Reader #1 for port 11752] INFO  ipc.Server (Server.java:run(1265)) - Starting Socket Reader #1 for port 11752
2021-11-15 13:55:51,527 [Listener at localhost/11752] INFO  http.BaseHttpServer (BaseHttpServer.java:newHttpServer2BuilderForOzone(209)) - Starting Web-server for ozoneManager at: http://0.0.0.0:11754
2021-11-15 13:55:51,527 [Listener at localhost/11752] INFO  http.BaseHttpServer (BaseHttpServer.java:<init>(107)) - Hadoop Security Enabled: false Ozone Security Enabled: false Ozone HTTP Security Enabled: false 
2021-11-15 13:55:51,528 [Listener at localhost/11752] INFO  server.AuthenticationFilter (AuthenticationFilter.java:constructSecretProvider(240)) - Unable to initialize FileSignerSecretProvider, falling back to use random secrets.
2021-11-15 13:55:51,528 [Listener at localhost/11752] WARN  http.HttpRequestLog (HttpRequestLog.java:getRequestLog(103)) - Jetty request log can only be enabled using Log4j
2021-11-15 13:55:51,529 [Listener at localhost/11752] INFO  http.HttpServer2 (HttpServer2.java:addGlobalFilter(1030)) - Added global filter 'safety' (class=org.apache.hadoop.hdds.server.http.HttpServer2$QuotingInputFilter)
2021-11-15 13:55:51,530 [Listener at localhost/11752] INFO  http.HttpServer2 (HttpServer2.java:addFilter(1006)) - Added filter static_user_filter (class=org.apache.hadoop.http.lib.StaticUserWebFilter$StaticUserFilter) to context ozoneManager
2021-11-15 13:55:51,530 [Listener at localhost/11752] INFO  http.HttpServer2 (HttpServer2.java:addFilter(1014)) - Added filter static_user_filter (class=org.apache.hadoop.http.lib.StaticUserWebFilter$StaticUserFilter) to context logs
2021-11-15 13:55:51,530 [Listener at localhost/11752] INFO  http.HttpServer2 (HttpServer2.java:addFilter(1014)) - Added filter static_user_filter (class=org.apache.hadoop.http.lib.StaticUserWebFilter$StaticUserFilter) to context static
2021-11-15 13:55:51,530 [Listener at localhost/11752] INFO  http.HttpServer2 (HttpServer2.java:bindListener(1249)) - Jetty bound to port 11754
2021-11-15 13:55:51,530 [Listener at localhost/11752] INFO  server.Server (Server.java:doStart(375)) - jetty-9.4.43.v20210629; built: 2021-06-30T11:07:22.254Z; git: 526006ecfa3af7f1a27ef3a288e2bef7ea9dd7e8; jvm 1.8.0_292-b10
2021-11-15 13:55:51,532 [Listener at localhost/11752] INFO  server.session (DefaultSessionIdManager.java:doStart(334)) - DefaultSessionIdManager workerName=node0
2021-11-15 13:55:51,532 [Listener at localhost/11752] INFO  server.session (DefaultSessionIdManager.java:doStart(339)) - No SessionScavenger set, using defaults
2021-11-15 13:55:51,532 [Listener at localhost/11752] INFO  server.session (HouseKeeper.java:startScavenging(132)) - node0 Scavenging every 660000ms
2021-11-15 13:55:51,533 [Listener at localhost/11752] INFO  handler.ContextHandler (ContextHandler.java:doStart(915)) - Started o.e.j.s.ServletContextHandler@66f09090{logs,/logs,file:///home/runner/work/ozone/ozone/hadoop-ozone/integration-test/target/log,AVAILABLE}
2021-11-15 13:55:51,533 [Listener at localhost/11752] INFO  handler.ContextHandler (ContextHandler.java:doStart(915)) - Started o.e.j.s.ServletContextHandler@4945b75b{static,/static,file:///home/runner/work/ozone/ozone/hadoop-ozone/integration-test/target/test-classes/webapps/static,AVAILABLE}
2021-11-15 13:55:51,536 [Listener at localhost/11752] INFO  handler.ContextHandler (ContextHandler.java:doStart(915)) - Started o.e.j.w.WebAppContext@59a596ca{ozoneManager,/,file:///home/runner/work/ozone/ozone/hadoop-ozone/integration-test/target/test-classes/webapps/ozoneManager/,AVAILABLE}{file:/home/runner/work/ozone/ozone/hadoop-ozone/integration-test/target/test-classes/webapps/ozoneManager}
2021-11-15 13:55:51,537 [Listener at localhost/11752] INFO  server.AbstractConnector (AbstractConnector.java:doStart(331)) - Started ServerConnector@706d2485{HTTP/1.1, (http/1.1)}{0.0.0.0:11754}
2021-11-15 13:55:51,537 [Listener at localhost/11752] INFO  server.Server (Server.java:doStart(415)) - Started @187581ms
2021-11-15 13:55:51,537 [Listener at localhost/11752] WARN  impl.MetricsSystemImpl (MetricsSystemImpl.java:register(279)) - Sink prometheus already exists!
2021-11-15 13:55:51,538 [Listener at localhost/11752] INFO  http.BaseHttpServer (BaseHttpServer.java:updateConnectorAddress(329)) - HTTP server of ozoneManager listening at http://0.0.0.0:11754
2021-11-15 13:55:51,538 [IPC Server Responder] INFO  ipc.Server (Server.java:run(1507)) - IPC Server Responder: starting
2021-11-15 13:55:51,543 [IPC Server listener on 11752] INFO  ipc.Server (Server.java:run(1344)) - IPC Server listener on 11752: starting
2021-11-15 13:55:51,548 [Listener at localhost/11752] INFO  om.OzoneManager (OzoneManager.java:startTrashEmptier(1597)) - Trash Interval set to 0. Files deleted will not move to trash
2021-11-15 13:55:51,548 [Listener at localhost/11752] INFO  om.OzoneManager (OzoneManager.java:stop(1698)) - Stopping Ozone Manager
2021-11-15 13:55:51,548 [Listener at localhost/11752] INFO  ipc.Server (Server.java:stop(3414)) - Stopping server on 11740
2021-11-15 13:55:51,549 [org.apache.hadoop.util.JvmPauseMonitor$Monitor@587e3b86] INFO  util.JvmPauseMonitor (JvmPauseMonitor.java:run(188)) - Starting JVM pause monitor
2021-11-15 13:55:51,550 [IPC Server Responder] INFO  ipc.Server (Server.java:run(1512)) - Stopping IPC Server Responder
2021-11-15 13:55:51,550 [Listener at localhost/11752] INFO  server.RaftServer (RaftServerProxy.java:lambda$close$6(391)) - omNode-1: close
2021-11-15 13:55:51,550 [IPC Server listener on 11740] INFO  ipc.Server (Server.java:run(1376)) - Stopping IPC Server listener on 11740
2021-11-15 13:55:51,550 [Listener at localhost/11752] INFO  server.RaftServer$Division (RaftServerImpl.java:lambda$close$4(412)) - omNode-1@group-523986131536: shutdown
2021-11-15 13:55:51,550 [Listener at localhost/11752] INFO  util.JmxRegister (JmxRegister.java:unregister(73)) - Successfully un-registered JMX Bean with object name Ratis:service=RaftServer,group=group-523986131536,id=omNode-1
2021-11-15 13:55:51,550 [Listener at localhost/11752] INFO  impl.RoleInfo (RoleInfo.java:shutdownFollowerState(108)) - omNode-1: shutdown omNode-1@group-523986131536-FollowerState
2021-11-15 13:55:51,550 [Listener at localhost/11752] INFO  impl.StateMachineUpdater (StateMachineUpdater.java:stopAndJoin(149)) - omNode-1@group-523986131536-StateMachineUpdater: set stopIndex = 353
2021-11-15 13:55:51,550 [omNode-1@group-523986131536-FollowerState] INFO  impl.FollowerState (FollowerState.java:run(143)) - omNode-1@group-523986131536-FollowerState was interrupted: {}
java.lang.InterruptedException: sleep interrupted
	at java.lang.Thread.sleep(Native Method)
	at java.lang.Thread.sleep(Thread.java:340)
	at java.util.concurrent.TimeUnit.sleep(TimeUnit.java:386)
	at org.apache.ratis.util.TimeDuration.sleep(TimeDuration.java:324)
	at org.apache.ratis.util.TimeDuration.sleep(TimeDuration.java:309)
	at org.apache.ratis.server.impl.FollowerState.run(FollowerState.java:118)
2021-11-15 13:55:51,550 [omNode-1@group-523986131536-StateMachineUpdater] INFO  ratis.OzoneManagerStateMachine (OzoneManagerStateMachine.java:close(471)) - StateMachine has shutdown. Shutdown OzoneManager if not already shutdown.
2021-11-15 13:55:51,551 [Listener at localhost/11752] INFO  server.RaftServer$Division (ServerState.java:close(419)) - omNode-1@group-523986131536: closes. applyIndex: 353
2021-11-15 13:55:51,551 [omNode-1@group-523986131536-SegmentedRaftLogWorker] INFO  segmented.SegmentedRaftLogWorker (SegmentedRaftLogWorker.java:run(327)) - omNode-1@group-523986131536-SegmentedRaftLogWorker was interrupted, exiting. There are 0 tasks remaining in the queue.
2021-11-15 13:55:51,551 [Listener at localhost/11752] INFO  segmented.SegmentedRaftLogWorker (SegmentedRaftLogWorker.java:close(237)) - omNode-1@group-523986131536-SegmentedRaftLogWorker close()
2021-11-15 13:55:51,552 [Listener at localhost/11752] INFO  server.GrpcService (GrpcService.java:closeImpl(262)) - omNode-1: shutdown server with port 11744 now
2021-11-15 13:55:51,555 [grpc-default-executor-6] INFO  server.GrpcLogAppender (GrpcLogAppender.java:onError(335)) - omNode-2@group-523986131536->omNode-1-GrpcLogAppender is stopped
2021-11-15 13:55:51,555 [Listener at localhost/11752] INFO  server.GrpcService (GrpcService.java:closeImpl(271)) - omNode-1: shutdown server with port 11744 successfully
2021-11-15 13:55:51,555 [grpc-default-executor-4] WARN  server.GrpcServerProtocolService (LogUtils.java:warn(122)) - omNode-1: installSnapshot onError, lastRequest: omNode-2->omNode-1#1-t6,previous=(t:5, i:355),leaderCommit=355,initializing? true,entries: size=1, first=(t:6, i:356), CONFIGURATIONENTRY: org.apache.ratis.thirdparty.io.grpc.StatusRuntimeException: CANCELLED: client cancelled
2021-11-15 13:55:51,555 [grpc-default-executor-0] WARN  server.GrpcServerProtocolService (LogUtils.java:warn(122)) - omNode-1: installSnapshot onError, lastRequest: omNode-2->omNode-1#12375-t6,previous=(t:0, i:0),leaderCommit=6,initializing? false,entries: size=6, first=(t:5, i:354), CONFIGURATIONENTRY: org.apache.ratis.thirdparty.io.grpc.StatusRuntimeException: CANCELLED: client cancelled
2021-11-15 13:55:51,555 [org.apache.ratis.util.JvmPauseMonitor$$Lambda$523/645118495@6ff14f63] INFO  util.JvmPauseMonitor (JvmPauseMonitor.java:run(109)) - JvmPauseMonitor-omNode-1: Stopped
2021-11-15 13:55:51,555 [Listener at localhost/11752] INFO  ratis.OzoneManagerDoubleBuffer (OzoneManagerDoubleBuffer.java:stop(437)) - Stopping OMDoubleBuffer flush thread
2021-11-15 13:55:51,556 [OMDoubleBufferFlushThread] INFO  ratis.OzoneManagerDoubleBuffer (OzoneManagerDoubleBuffer.java:flushTransactions(356)) - OMDoubleBuffer flush thread OMDoubleBufferFlushThread is interrupted and will exit. OMDoubleBufferFlushThread
2021-11-15 13:55:51,556 [Listener at localhost/11752] INFO  handler.ContextHandler (ContextHandler.java:doStop(1153)) - Stopped o.e.j.w.WebAppContext@2079d35a{ozoneManager,/,null,STOPPED}{file:/home/runner/work/ozone/ozone/hadoop-ozone/integration-test/target/test-classes/webapps/ozoneManager}
2021-11-15 13:55:51,556 [Listener at localhost/11752] INFO  server.AbstractConnector (AbstractConnector.java:doStop(381)) - Stopped ServerConnector@cf23090{HTTP/1.1, (http/1.1)}{0.0.0.0:11742}
2021-11-15 13:55:51,557 [Listener at localhost/11752] INFO  server.session (HouseKeeper.java:stopScavenging(149)) - node0 Stopped scavenging
2021-11-15 13:55:51,557 [Listener at localhost/11752] INFO  handler.ContextHandler (ContextHandler.java:doStop(1153)) - Stopped o.e.j.s.ServletContextHandler@41a8e949{static,/static,file:///home/runner/work/ozone/ozone/hadoop-ozone/integration-test/target/test-classes/webapps/static,STOPPED}
2021-11-15 13:55:51,557 [Listener at localhost/11752] INFO  handler.ContextHandler (ContextHandler.java:doStop(1153)) - Stopped o.e.j.s.ServletContextHandler@5a4bcb81{logs,/logs,file:///home/runner/work/ozone/ozone/hadoop-ozone/integration-test/target/log,STOPPED}
2021-11-15 13:55:51,557 [grpc-default-executor-7] WARN  server.GrpcLogAppender (LogUtils.java:warn(122)) - omNode-2@group-523986131536->omNode-1-AppendLogResponseHandler: Failed appendEntries: org.apache.ratis.thirdparty.io.grpc.StatusRuntimeException: CANCELLED: HTTP/2 error code: CANCEL
Received Rst Stream
2021-11-15 13:55:51,558 [grpc-default-executor-7] INFO  leader.FollowerInfo (FollowerInfoImpl.java:lambda$new$0(47)) - omNode-2@group-523986131536->omNode-1: nextIndex: updateUnconditionally 360 -> 354
2021-11-15 13:55:51,559 [Listener at localhost/11752] INFO  om.OzoneManager (OzoneManager.java:initFSOLayout(3662)) - Configured ozone.om.metadata.layout=SIMPLE and disabled optimized OM FS operations
2021-11-15 13:55:51,559 [Listener at localhost/11752] INFO  om.OzoneManager (OzoneManager.java:restart(1413)) - OzoneManager RPC server is listening at localhost/127.0.0.1:11740
2021-11-15 13:55:51,559 [Listener at localhost/11752] INFO  impl.MetricsSystemImpl (MetricsSystemImpl.java:init(158)) - OzoneManager metrics system started (again)
2021-11-15 13:55:51,571 [grpc-default-executor-0] WARN  server.GrpcLogAppender (LogUtils.java:warn(122)) - omNode-2@group-523986131536->omNode-1-AppendLogResponseHandler: Failed appendEntries: org.apache.ratis.thirdparty.io.grpc.StatusRuntimeException: UNAVAILABLE: io exception
2021-11-15 13:55:51,571 [grpc-default-executor-0] INFO  leader.FollowerInfo (FollowerInfoImpl.java:lambda$new$0(47)) - omNode-2@group-523986131536->omNode-1: nextIndex: updateUnconditionally 360 -> 354
2021-11-15 13:55:51,575 [Listener at localhost/11752] WARN  server.ServerUtils (ServerUtils.java:getDBPath(225)) - ozone.om.db.dirs is not configured. We recommend adding this setting. Falling back to ozone.metadata.dirs instead.
2021-11-15 13:55:51,576 [Listener at localhost/11752] INFO  codec.OmKeyInfoCodec (OmKeyInfoCodec.java:<init>(50)) - OmKeyInfoCodec ignorePipeline = true
2021-11-15 13:55:51,576 [Listener at localhost/11752] INFO  codec.RepeatedOmKeyInfoCodec (RepeatedOmKeyInfoCodec.java:<init>(42)) - RepeatedOmKeyInfoCodec ignorePipeline = true
2021-11-15 13:55:51,602 [Listener at localhost/11752] WARN  om.OzoneManager (OzoneManager.java:instantiatePrepareStateOnStartup(3542)) - Prepare marker file index 353 does not match DB prepare index 352. Writing DB index to prepare file and maintaining prepared state.
2021-11-15 13:55:51,602 [Listener at localhost/11752] INFO  om.OzoneManagerPrepareState (OzoneManagerPrepareState.java:writePrepareMarkerFile(262)) - Prepare marker file written with log index 352 to file /home/runner/work/ozone/ozone/hadoop-ozone/integration-test/target/test-dir/MiniOzoneClusterImpl-e73edc9f-ff19-4fd0-8331-074ccb3cb693/omNode-1/current/prepareMarker
2021-11-15 13:55:51,604 [Listener at localhost/11752] WARN  impl.MetricRegistriesImpl (MetricRegistriesImpl.java:addReporterRegistration(111)) - New reporters are added after registries were created. Some metrics will be missing from the reporter. Please add reporter before adding any new registry.
2021-11-15 13:55:51,605 [Listener at localhost/11752] WARN  impl.MetricRegistriesImpl (MetricRegistriesImpl.java:addReporterRegistration(111)) - New reporters are added after registries were created. Some metrics will be missing from the reporter. Please add reporter before adding any new registry.
2021-11-15 13:55:51,605 [Listener at localhost/11752] WARN  server.ServerUtils (ServerUtils.java:getDefaultRatisDirectory(237)) - Storage directory for Ratis is not configured. It is a good idea to map this to an SSD disk. Falling back to ozone.metadata.dirs
2021-11-15 13:55:51,605 [Listener at localhost/11752] INFO  ratis.OzoneManagerRatisServer (OzoneManagerRatisServer.java:<init>(159)) - Instantiating OM Ratis server with groupID: om-service-test1 and peers: localhost:11744, localhost:11756, localhost:11750
2021-11-15 13:55:51,606 [Listener at localhost/11752] INFO  ratis.OzoneManagerStateMachine (OzoneManagerStateMachine.java:loadSnapshotInfoFromDB(605)) - LastAppliedIndex is set from TransactionInfo from OM DB as (t:4, i:353)
2021-11-15 13:55:51,606 [Listener at localhost/11752] INFO  server.RaftServer (ConfUtils.java:logGet(44)) - raft.rpc.type = GRPC (default)
2021-11-15 13:55:51,606 [Listener at localhost/11752] INFO  grpc.GrpcFactory (GrpcFactory.java:checkPooledByteBufAllocatorUseCacheForAllThreads(48)) - PERFORMANCE WARNING: useCacheForAllThreads is true that may cause Netty to create a lot garbage objects and, as a result, trigger GC.
	It is recommended to disable useCacheForAllThreads by setting -Dorg.apache.ratis.thirdparty.io.netty.allocator.useCacheForAllThreads=false in command line.
2021-11-15 13:55:51,606 [Listener at localhost/11752] INFO  grpc.GrpcConfigKeys (ConfUtils.java:logGet(44)) - raft.grpc.admin.port = -1 (default)
2021-11-15 13:55:51,606 [Listener at localhost/11752] INFO  grpc.GrpcConfigKeys (ConfUtils.java:logGet(44)) - raft.grpc.server.port = 11744 (custom)
2021-11-15 13:55:51,606 [Listener at localhost/11752] INFO  grpc.GrpcConfigKeys (ConfUtils.java:logGet(44)) - raft.grpc.client.port = -1 (default)
2021-11-15 13:55:51,606 [Listener at localhost/11752] INFO  grpc.GrpcConfigKeys (ConfUtils.java:logGet(44)) - raft.grpc.server.port = 11744 (custom)
2021-11-15 13:55:51,607 [Listener at localhost/11752] INFO  grpc.GrpcConfigKeys (ConfUtils.java:logGet(44)) - raft.grpc.server.port = 11744 (custom)
2021-11-15 13:55:51,607 [Listener at localhost/11752] INFO  server.GrpcService (ConfUtils.java:logGet(44)) - raft.grpc.message.size.max = 33554432 (custom)
2021-11-15 13:55:51,607 [Listener at localhost/11752] INFO  server.RaftServerConfigKeys (ConfUtils.java:logGet(44)) - raft.server.log.appender.buffer.byte-limit = 33554432 (custom)
2021-11-15 13:55:51,607 [Listener at localhost/11752] INFO  server.GrpcService (ConfUtils.java:logGet(44)) - raft.grpc.flow.control.window = 1MB (=1048576) (default)
2021-11-15 13:55:51,607 [Listener at localhost/11752] INFO  server.RaftServerConfigKeys (ConfUtils.java:logGet(44)) - raft.server.rpc.request.timeout = 3000ms (default)
2021-11-15 13:55:51,608 [Listener at localhost/11752] INFO  impl.DataStreamServerImpl (ConfUtils.java:logGet(44)) - raft.datastream.type = DISABLED (default)
2021-11-15 13:55:51,608 [Listener at localhost/11752] INFO  server.RaftServerConfigKeys (ConfUtils.java:logGet(44)) - raft.server.rpc.slowness.timeout = 2s (custom)
2021-11-15 13:55:51,608 [Listener at localhost/11752] INFO  server.RaftServerConfigKeys (ConfUtils.java:logGet(44)) - raft.server.leaderelection.leader.step-down.wait-time = 10s (default)
2021-11-15 13:55:51,608 [Listener at localhost/11752] INFO  server.RaftServerConfigKeys (ConfUtils.java:logGet(44)) - raft.server.storage.dir = [/home/runner/work/ozone/ozone/hadoop-ozone/integration-test/target/test-dir/MiniOzoneClusterImpl-e73edc9f-ff19-4fd0-8331-074ccb3cb693/omNode-1/ratis] (custom)
2021-11-15 13:55:51,608 [Listener at localhost/11752] INFO  server.RaftServer (RaftServerProxy.java:lambda$null$1(235)) - omNode-1: found a subdirectory /home/runner/work/ozone/ozone/hadoop-ozone/integration-test/target/test-dir/MiniOzoneClusterImpl-e73edc9f-ff19-4fd0-8331-074ccb3cb693/omNode-1/ratis/c9bc4cf4-3bc3-3c60-a66b-523986131536
2021-11-15 13:55:51,609 [Listener at localhost/11752] INFO  server.RaftServer (RaftServerProxy.java:addNew(95)) - omNode-1: addNew group-523986131536:[omNode-3|rpc:localhost:11756|priority:0, omNode-1|rpc:localhost:11744|priority:0, omNode-2|rpc:localhost:11750|priority:0] returns group-523986131536:java.util.concurrent.CompletableFuture@1a9e47e5[Not completed]
2021-11-15 13:55:51,609 [Listener at localhost/11752] INFO  om.OzoneManager (OzoneManager.java:initializeRatisServer(1639)) - OzoneManager Ratis server initialized at port 11744
2021-11-15 13:55:51,609 [Listener at localhost/11752] INFO  ratis.OzoneManagerRatisServer (OzoneManagerRatisServer.java:start(522)) - Starting OzoneManagerRatisServer omNode-1 at port 11744
2021-11-15 13:55:51,609 [pool-449-thread-1] INFO  server.RaftServer$Division (RaftServerImpl.java:<init>(184)) - omNode-1: new RaftServerImpl for group-523986131536:[omNode-3|rpc:localhost:11756|priority:0, omNode-1|rpc:localhost:11744|priority:0, omNode-2|rpc:localhost:11750|priority:0] with OzoneManagerStateMachine:uninitialized
2021-11-15 13:55:51,612 [pool-449-thread-1] INFO  server.RaftServerConfigKeys (ConfUtils.java:logGet(44)) - raft.server.rpc.timeout.min = 1s (custom)
2021-11-15 13:55:51,612 [pool-449-thread-1] INFO  server.RaftServerConfigKeys (ConfUtils.java:logGet(44)) - raft.server.rpc.timeout.max = 1200ms (custom)
2021-11-15 13:55:51,612 [pool-449-thread-1] INFO  server.RaftServerConfigKeys (ConfUtils.java:logGet(44)) - raft.server.rpc.sleep.time = 25ms (default)
2021-11-15 13:55:51,612 [pool-449-thread-1] INFO  server.RaftServerConfigKeys (ConfUtils.java:logGet(44)) - raft.server.rpc.slowness.timeout = 2s (custom)
2021-11-15 13:55:51,612 [pool-449-thread-1] INFO  server.RaftServerConfigKeys (ConfUtils.java:logGet(44)) - raft.server.leaderelection.leader.step-down.wait-time = 10s (default)
2021-11-15 13:55:51,612 [pool-449-thread-1] INFO  server.RaftServerConfigKeys (ConfUtils.java:logGet(44)) - raft.server.sleep.deviation.threshold = 300ms (default)
2021-11-15 13:55:51,612 [pool-449-thread-1] INFO  server.RaftServerConfigKeys (ConfUtils.java:logGet(44)) - raft.server.log.appender.install.snapshot.enabled = false (custom)
2021-11-15 13:55:51,612 [pool-449-thread-1] INFO  server.RaftServer$Division (ServerState.java:<init>(105)) - omNode-1@group-523986131536: ConfigurationManager, init=-1: [omNode-3|rpc:localhost:11756|priority:0, omNode-1|rpc:localhost:11744|priority:0, omNode-2|rpc:localhost:11750|priority:0], old=null, confs=<EMPTY_MAP>
2021-11-15 13:55:51,612 [pool-449-thread-1] INFO  server.RaftServerConfigKeys (ConfUtils.java:logGet(44)) - raft.server.storage.dir = [/home/runner/work/ozone/ozone/hadoop-ozone/integration-test/target/test-dir/MiniOzoneClusterImpl-e73edc9f-ff19-4fd0-8331-074ccb3cb693/omNode-1/ratis] (custom)
2021-11-15 13:55:51,612 [pool-449-thread-1] INFO  server.RaftServerConfigKeys (ConfUtils.java:logGet(44)) - raft.server.log.corruption.policy = EXCEPTION (default)
2021-11-15 13:55:51,612 [pool-449-thread-1] INFO  server.RaftServerConfigKeys (ConfUtils.java:logGet(44)) - raft.server.storage.free-space.min = 0MB (=0) (default)
2021-11-15 13:55:51,613 [pool-449-thread-1] INFO  storage.RaftStorageDirectory (RaftStorageDirectoryImpl.java:tryLock(230)) - Lock on /home/runner/work/ozone/ozone/hadoop-ozone/integration-test/target/test-dir/MiniOzoneClusterImpl-e73edc9f-ff19-4fd0-8331-074ccb3cb693/omNode-1/ratis/c9bc4cf4-3bc3-3c60-a66b-523986131536/in_use.lock acquired by nodename 22325@fv-az151-339
2021-11-15 13:55:51,614 [pool-449-thread-1] INFO  storage.RaftStorage (RaftStorageImpl.java:analyzeAndRecoverStorage(110)) - Read RaftStorageMetadata{term=6, votedFor=omNode-2} from /home/runner/work/ozone/ozone/hadoop-ozone/integration-test/target/test-dir/MiniOzoneClusterImpl-e73edc9f-ff19-4fd0-8331-074ccb3cb693/omNode-1/ratis/c9bc4cf4-3bc3-3c60-a66b-523986131536/current/raft-meta
2021-11-15 13:55:51,615 [pool-449-thread-1] INFO  server.RaftServer$Division (ServerState.java:setRaftConf(387)) - omNode-1@group-523986131536: set configuration 356: [omNode-3|rpc:localhost:11756|admin:|client:|dataStream:|priority:0, omNode-1|rpc:localhost:11744|admin:|client:|dataStream:|priority:0, omNode-2|rpc:localhost:11750|admin:|client:|dataStream:|priority:0], old=null
2021-11-15 13:55:51,615 [pool-449-thread-1] INFO  server.RaftServerConfigKeys (ConfUtils.java:logGet(44)) - raft.server.notification.no-leader.timeout = 2s (custom)
2021-11-15 13:55:51,615 [pool-449-thread-1] INFO  server.RaftServerConfigKeys (ConfUtils.java:logGet(44)) - raft.server.log.use.memory = false (default)
2021-11-15 13:55:51,615 [pool-449-thread-1] INFO  server.RaftServerConfigKeys (ConfUtils.java:logGet(44)) - raft.server.log.purge.gap = 50 (custom)
2021-11-15 13:55:51,615 [pool-449-thread-1] INFO  server.RaftServerConfigKeys (ConfUtils.java:logGet(44)) - raft.server.log.appender.buffer.byte-limit = 33554432 (custom)
2021-11-15 13:55:51,615 [pool-449-thread-1] INFO  server.RaftServerConfigKeys (ConfUtils.java:logGet(44)) - raft.server.log.segment.size.max = 4194304 (custom)
2021-11-15 13:55:51,615 [pool-449-thread-1] INFO  server.RaftServerConfigKeys (ConfUtils.java:logGet(44)) - raft.server.log.segment.cache.num.max = 2 (custom)
2021-11-15 13:55:51,615 [pool-449-thread-1] INFO  server.RaftServerConfigKeys (ConfUtils.java:logGet(44)) - raft.server.log.segment.cache.size.max = 200MB (=209715200) (default)
2021-11-15 13:55:51,616 [pool-449-thread-1] INFO  segmented.SegmentedRaftLogWorker (SegmentedRaftLogWorker.java:<init>(182)) - new omNode-1@group-523986131536-SegmentedRaftLogWorker for RaftStorageImpl:Storage Directory /home/runner/work/ozone/ozone/hadoop-ozone/integration-test/target/test-dir/MiniOzoneClusterImpl-e73edc9f-ff19-4fd0-8331-074ccb3cb693/omNode-1/ratis/c9bc4cf4-3bc3-3c60-a66b-523986131536
2021-11-15 13:55:51,616 [pool-449-thread-1] INFO  server.RaftServerConfigKeys (ConfUtils.java:logGet(44)) - raft.server.log.queue.byte-limit = 64MB (=67108864) (default)
2021-11-15 13:55:51,616 [pool-449-thread-1] INFO  server.RaftServerConfigKeys (ConfUtils.java:logGet(44)) - raft.server.log.queue.element-limit = 4096 (default)
2021-11-15 13:55:51,616 [pool-449-thread-1] INFO  server.RaftServerConfigKeys (ConfUtils.java:logGet(44)) - raft.server.log.segment.size.max = 4194304 (custom)
2021-11-15 13:55:51,616 [pool-449-thread-1] INFO  server.RaftServerConfigKeys (ConfUtils.java:logGet(44)) - raft.server.log.preallocated.size = 4194304 (custom)
2021-11-15 13:55:51,616 [pool-449-thread-1] INFO  server.RaftServerConfigKeys (ConfUtils.java:logGet(44)) - raft.server.log.force.sync.num = 128 (default)
2021-11-15 13:55:51,616 [pool-449-thread-1] INFO  server.RaftServerConfigKeys (ConfUtils.java:logGet(44)) - raft.server.log.statemachine.data.sync = true (default)
2021-11-15 13:55:51,616 [pool-449-thread-1] INFO  server.RaftServerConfigKeys (ConfUtils.java:logGet(44)) - raft.server.log.statemachine.data.sync.timeout = 10s (default)
2021-11-15 13:55:51,616 [pool-449-thread-1] INFO  server.RaftServerConfigKeys (ConfUtils.java:logGet(44)) - raft.server.log.statemachine.data.sync.timeout.retry = -1 (default)
2021-11-15 13:55:51,617 [pool-449-thread-1] INFO  server.RaftServerConfigKeys (ConfUtils.java:logGet(44)) - raft.server.log.write.buffer.size = 64KB (=65536) (default)
2021-11-15 13:55:51,617 [pool-449-thread-1] INFO  server.RaftServerConfigKeys (ConfUtils.java:logGet(44)) - raft.server.log.statemachine.data.caching.enabled = false (default)
2021-11-15 13:55:51,617 [pool-449-thread-1] INFO  segmented.SegmentedRaftLogWorker (SegmentedRaftLogWorker.java:lambda$new$0(133)) - omNode-1@group-523986131536-SegmentedRaftLogWorker: flushIndex: setUnconditionally 0 -> 353
2021-11-15 13:55:51,617 [pool-449-thread-1] INFO  segmented.SegmentedRaftLogWorker (SegmentedRaftLogWorker.java:lambda$new$0(133)) - omNode-1@group-523986131536-SegmentedRaftLogWorker: safeCacheEvictIndex: setUnconditionally 0 -> -1
2021-11-15 13:55:51,618 [pool-449-thread-1] INFO  server.RaftServerConfigKeys (ConfUtils.java:logGet(44)) - raft.server.snapshot.auto.trigger.enabled = true (custom)
2021-11-15 13:55:51,618 [pool-449-thread-1] INFO  server.RaftServerConfigKeys (ConfUtils.java:logGet(44)) - raft.server.snapshot.auto.trigger.threshold = 50 (custom)
2021-11-15 13:55:51,618 [pool-449-thread-1] INFO  server.RaftServerConfigKeys (ConfUtils.java:logGet(44)) - raft.server.snapshot.retention.file.num = -1 (default)
2021-11-15 13:55:51,618 [pool-449-thread-1] INFO  server.RaftServerConfigKeys (ConfUtils.java:logGet(44)) - raft.server.log.purge.upto.snapshot.index = true (custom)
2021-11-15 13:55:51,618 [pool-449-thread-1] INFO  server.RaftServerConfigKeys (ConfUtils.java:logGet(44)) - raft.server.retrycache.expirytime = 30000ms (custom)
2021-11-15 13:55:51,618 [pool-449-thread-1] INFO  server.RaftServerConfigKeys (ConfUtils.java:logGet(44)) - raft.server.retrycache.statistics.expirytime = 100μs (default)
2021-11-15 13:55:51,619 [Listener at localhost/11752] INFO  server.RaftServer$Division (RaftServerImpl.java:start(301)) - omNode-1@group-523986131536: start as a follower, conf=356: [omNode-3|rpc:localhost:11756|admin:|client:|dataStream:|priority:0, omNode-1|rpc:localhost:11744|admin:|client:|dataStream:|priority:0, omNode-2|rpc:localhost:11750|admin:|client:|dataStream:|priority:0], old=null
2021-11-15 13:55:51,619 [Listener at localhost/11752] INFO  server.RaftServer$Division (RaftServerImpl.java:setRole(290)) - omNode-1@group-523986131536: changes role from      null to FOLLOWER at term 6 for startAsFollower
2021-11-15 13:55:51,619 [Listener at localhost/11752] INFO  impl.RoleInfo (RoleInfo.java:updateAndGet(130)) - omNode-1: start omNode-1@group-523986131536-FollowerState
2021-11-15 13:55:51,619 [Listener at localhost/11752] INFO  util.JmxRegister (JmxRegister.java:tryRegister(44)) - Successfully registered JMX Bean with object name Ratis:service=RaftServer,group=group-523986131536,id=omNode-1
2021-11-15 13:55:51,620 [Listener at localhost/11752] INFO  server.RaftServer (RaftServerProxy.java:lambda$start$5(374)) - omNode-1: start RPC server
2021-11-15 13:55:51,620 [Listener at localhost/11752] INFO  server.GrpcService (GrpcService.java:startImpl(253)) - omNode-1: GrpcService started, listening on 11744
2021-11-15 13:55:51,621 [Listener at localhost/11752] INFO  ipc.CallQueueManager (CallQueueManager.java:<init>(90)) - Using callQueue: class java.util.concurrent.LinkedBlockingQueue, queueCapacity: 2000, scheduler: class org.apache.hadoop.ipc.DefaultRpcScheduler, ipcBackoff: false.
2021-11-15 13:55:51,621 [Socket Reader #1 for port 11740] INFO  ipc.Server (Server.java:run(1265)) - Starting Socket Reader #1 for port 11740
2021-11-15 13:55:51,621 [org.apache.ratis.util.JvmPauseMonitor$$Lambda$523/645118495@17d7b2f2] INFO  util.JvmPauseMonitor (JvmPauseMonitor.java:run(103)) - JvmPauseMonitor-omNode-1: Started
2021-11-15 13:55:51,628 [Listener at localhost/11740] INFO  http.BaseHttpServer (BaseHttpServer.java:newHttpServer2BuilderForOzone(209)) - Starting Web-server for ozoneManager at: http://0.0.0.0:11742
2021-11-15 13:55:51,628 [Listener at localhost/11740] INFO  http.BaseHttpServer (BaseHttpServer.java:<init>(107)) - Hadoop Security Enabled: false Ozone Security Enabled: false Ozone HTTP Security Enabled: false 
2021-11-15 13:55:51,629 [Listener at localhost/11740] INFO  server.AuthenticationFilter (AuthenticationFilter.java:constructSecretProvider(240)) - Unable to initialize FileSignerSecretProvider, falling back to use random secrets.
2021-11-15 13:55:51,630 [Listener at localhost/11740] WARN  http.HttpRequestLog (HttpRequestLog.java:getRequestLog(103)) - Jetty request log can only be enabled using Log4j
2021-11-15 13:55:51,630 [Listener at localhost/11740] INFO  http.HttpServer2 (HttpServer2.java:addGlobalFilter(1030)) - Added global filter 'safety' (class=org.apache.hadoop.hdds.server.http.HttpServer2$QuotingInputFilter)
2021-11-15 13:55:51,631 [Listener at localhost/11740] INFO  http.HttpServer2 (HttpServer2.java:addFilter(1006)) - Added filter static_user_filter (class=org.apache.hadoop.http.lib.StaticUserWebFilter$StaticUserFilter) to context ozoneManager
2021-11-15 13:55:51,631 [Listener at localhost/11740] INFO  http.HttpServer2 (HttpServer2.java:addFilter(1014)) - Added filter static_user_filter (class=org.apache.hadoop.http.lib.StaticUserWebFilter$StaticUserFilter) to context logs
2021-11-15 13:55:51,631 [Listener at localhost/11740] INFO  http.HttpServer2 (HttpServer2.java:addFilter(1014)) - Added filter static_user_filter (class=org.apache.hadoop.http.lib.StaticUserWebFilter$StaticUserFilter) to context static
2021-11-15 13:55:51,632 [Listener at localhost/11740] INFO  http.HttpServer2 (HttpServer2.java:bindListener(1249)) - Jetty bound to port 11742
2021-11-15 13:55:51,632 [Listener at localhost/11740] INFO  server.Server (Server.java:doStart(375)) - jetty-9.4.43.v20210629; built: 2021-06-30T11:07:22.254Z; git: 526006ecfa3af7f1a27ef3a288e2bef7ea9dd7e8; jvm 1.8.0_292-b10
2021-11-15 13:55:51,639 [Listener at localhost/11740] INFO  server.session (DefaultSessionIdManager.java:doStart(334)) - DefaultSessionIdManager workerName=node0
2021-11-15 13:55:51,639 [Listener at localhost/11740] INFO  server.session (DefaultSessionIdManager.java:doStart(339)) - No SessionScavenger set, using defaults
2021-11-15 13:55:51,639 [Listener at localhost/11740] INFO  server.session (HouseKeeper.java:startScavenging(132)) - node0 Scavenging every 600000ms
2021-11-15 13:55:51,642 [Listener at localhost/11740] INFO  handler.ContextHandler (ContextHandler.java:doStart(915)) - Started o.e.j.s.ServletContextHandler@834f117{logs,/logs,file:///home/runner/work/ozone/ozone/hadoop-ozone/integration-test/target/log,AVAILABLE}
2021-11-15 13:55:51,642 [Listener at localhost/11740] INFO  handler.ContextHandler (ContextHandler.java:doStart(915)) - Started o.e.j.s.ServletContextHandler@7175481b{static,/static,file:///home/runner/work/ozone/ozone/hadoop-ozone/integration-test/target/test-classes/webapps/static,AVAILABLE}
2021-11-15 13:55:51,645 [Listener at localhost/11740] INFO  handler.ContextHandler (ContextHandler.java:doStart(915)) - Started o.e.j.w.WebAppContext@60a77ae5{ozoneManager,/,file:///home/runner/work/ozone/ozone/hadoop-ozone/integration-test/target/test-classes/webapps/ozoneManager/,AVAILABLE}{file:/home/runner/work/ozone/ozone/hadoop-ozone/integration-test/target/test-classes/webapps/ozoneManager}
2021-11-15 13:55:51,646 [Listener at localhost/11740] INFO  server.AbstractConnector (AbstractConnector.java:doStart(331)) - Started ServerConnector@59c2b66{HTTP/1.1, (http/1.1)}{0.0.0.0:11742}
2021-11-15 13:55:51,647 [Listener at localhost/11740] INFO  server.Server (Server.java:doStart(415)) - Started @187690ms
2021-11-15 13:55:51,647 [Listener at localhost/11740] WARN  impl.MetricsSystemImpl (MetricsSystemImpl.java:register(279)) - Sink prometheus already exists!
2021-11-15 13:55:51,647 [Listener at localhost/11740] INFO  http.BaseHttpServer (BaseHttpServer.java:updateConnectorAddress(329)) - HTTP server of ozoneManager listening at http://0.0.0.0:11742
2021-11-15 13:55:51,654 [IPC Server Responder] INFO  ipc.Server (Server.java:run(1507)) - IPC Server Responder: starting
2021-11-15 13:55:51,657 [IPC Server listener on 11740] INFO  ipc.Server (Server.java:run(1344)) - IPC Server listener on 11740: starting
2021-11-15 13:55:51,668 [Listener at localhost/11740] INFO  om.OzoneManager (OzoneManager.java:startTrashEmptier(1597)) - Trash Interval set to 0. Files deleted will not move to trash
2021-11-15 13:55:51,668 [Listener at localhost/11740] INFO  om.OzoneManager (OzoneManager.java:stop(1698)) - Stopping Ozone Manager
2021-11-15 13:55:51,668 [org.apache.hadoop.util.JvmPauseMonitor$Monitor@481ae224] INFO  util.JvmPauseMonitor (JvmPauseMonitor.java:run(188)) - Starting JVM pause monitor
2021-11-15 13:55:51,668 [Listener at localhost/11740] INFO  ipc.Server (Server.java:stop(3414)) - Stopping server on 11746
2021-11-15 13:55:51,670 [IPC Server Responder] INFO  ipc.Server (Server.java:run(1512)) - Stopping IPC Server Responder
2021-11-15 13:55:51,670 [IPC Server listener on 11746] INFO  ipc.Server (Server.java:run(1376)) - Stopping IPC Server listener on 11746
2021-11-15 13:55:51,671 [Listener at localhost/11740] INFO  server.RaftServer (RaftServerProxy.java:lambda$close$6(391)) - omNode-2: close
2021-11-15 13:55:51,671 [Listener at localhost/11740] INFO  server.RaftServer$Division (RaftServerImpl.java:lambda$close$4(412)) - omNode-2@group-523986131536: shutdown
2021-11-15 13:55:51,671 [Listener at localhost/11740] INFO  util.JmxRegister (JmxRegister.java:unregister(73)) - Successfully un-registered JMX Bean with object name Ratis:service=RaftServer,group=group-523986131536,id=omNode-2
2021-11-15 13:55:51,671 [Listener at localhost/11740] INFO  impl.RoleInfo (RoleInfo.java:shutdownLeaderState(91)) - omNode-2: shutdown omNode-2@group-523986131536-LeaderStateImpl
2021-11-15 13:55:51,671 [omNode-2@group-523986131536->omNode-1-GrpcLogAppender-LogAppenderDaemon] WARN  server.GrpcLogAppender (GrpcLogAppender.java:mayWait(177)) - omNode-2@group-523986131536->omNode-1-GrpcLogAppender: Wait interrupted by java.lang.InterruptedException
2021-11-15 13:55:51,671 [Listener at localhost/11740] INFO  impl.PendingRequests (PendingRequests.java:sendNotLeaderResponses(282)) - omNode-2@group-523986131536-PendingRequests: sendNotLeaderResponses
2021-11-15 13:55:51,671 [omNode-2@group-523986131536->omNode-3-GrpcLogAppender-LogAppenderDaemon] WARN  server.GrpcLogAppender (GrpcLogAppender.java:mayWait(177)) - omNode-2@group-523986131536->omNode-3-GrpcLogAppender: Wait interrupted by java.lang.InterruptedException
2021-11-15 13:55:51,673 [Listener at localhost/11740] INFO  impl.StateMachineUpdater (StateMachineUpdater.java:stopAndJoin(149)) - omNode-2@group-523986131536-StateMachineUpdater: set stopIndex = 359
2021-11-15 13:55:51,673 [omNode-2@group-523986131536-StateMachineUpdater] INFO  ratis.OzoneManagerStateMachine (OzoneManagerStateMachine.java:takeSnapshot(417)) - Current Snapshot Index (t:6, i:359)
2021-11-15 13:55:51,674 [omNode-2@group-523986131536-StateMachineUpdater] INFO  impl.StateMachineUpdater (StateMachineUpdater.java:takeSnapshot(281)) - omNode-2@group-523986131536-StateMachineUpdater: Took a snapshot at index 359
2021-11-15 13:55:51,674 [omNode-2@group-523986131536-StateMachineUpdater] INFO  impl.StateMachineUpdater (StateMachineUpdater.java:lambda$new$0(89)) - omNode-2@group-523986131536-StateMachineUpdater: snapshotIndex: updateIncreasingly 355 -> 359
2021-11-15 13:55:51,674 [omNode-2@group-523986131536-StateMachineUpdater] INFO  ratis.OzoneManagerStateMachine (OzoneManagerStateMachine.java:close(471)) - StateMachine has shutdown. Shutdown OzoneManager if not already shutdown.
2021-11-15 13:55:51,674 [Listener at localhost/11740] INFO  server.RaftServer$Division (ServerState.java:close(419)) - omNode-2@group-523986131536: closes. applyIndex: 359
2021-11-15 13:55:51,674 [omNode-2@group-523986131536-SegmentedRaftLogWorker] INFO  segmented.SegmentedRaftLogWorker (SegmentedRaftLogWorker.java:run(327)) - omNode-2@group-523986131536-SegmentedRaftLogWorker was interrupted, exiting. There are 0 tasks remaining in the queue.
2021-11-15 13:55:51,675 [Listener at localhost/11740] INFO  segmented.SegmentedRaftLogWorker (SegmentedRaftLogWorker.java:close(237)) - omNode-2@group-523986131536-SegmentedRaftLogWorker close()
2021-11-15 13:55:51,677 [Listener at localhost/11740] INFO  server.GrpcService (GrpcService.java:closeImpl(262)) - omNode-2: shutdown server with port 11750 now
2021-11-15 13:55:51,679 [Listener at localhost/11740] INFO  server.GrpcService (GrpcService.java:closeImpl(271)) - omNode-2: shutdown server with port 11750 successfully
2021-11-15 13:55:51,679 [org.apache.ratis.util.JvmPauseMonitor$$Lambda$523/645118495@193f8bb4] INFO  util.JvmPauseMonitor (JvmPauseMonitor.java:run(109)) - JvmPauseMonitor-omNode-2: Stopped
2021-11-15 13:55:51,679 [Listener at localhost/11740] INFO  ratis.OzoneManagerDoubleBuffer (OzoneManagerDoubleBuffer.java:stop(437)) - Stopping OMDoubleBuffer flush thread
2021-11-15 13:55:51,679 [OMDoubleBufferFlushThread] INFO  ratis.OzoneManagerDoubleBuffer (OzoneManagerDoubleBuffer.java:flushTransactions(356)) - OMDoubleBuffer flush thread OMDoubleBufferFlushThread is interrupted and will exit. OMDoubleBufferFlushThread
2021-11-15 13:55:51,680 [Listener at localhost/11740] INFO  handler.ContextHandler (ContextHandler.java:doStop(1153)) - Stopped o.e.j.w.WebAppContext@3dd00933{ozoneManager,/,null,STOPPED}{file:/home/runner/work/ozone/ozone/hadoop-ozone/integration-test/target/test-classes/webapps/ozoneManager}
2021-11-15 13:55:51,681 [Listener at localhost/11740] INFO  server.AbstractConnector (AbstractConnector.java:doStop(381)) - Stopped ServerConnector@7ba464a{HTTP/1.1, (http/1.1)}{0.0.0.0:11748}
2021-11-15 13:55:51,681 [Listener at localhost/11740] INFO  server.session (HouseKeeper.java:stopScavenging(149)) - node0 Stopped scavenging
2021-11-15 13:55:51,681 [Listener at localhost/11740] INFO  handler.ContextHandler (ContextHandler.java:doStop(1153)) - Stopped o.e.j.s.ServletContextHandler@774fbc8{static,/static,file:///home/runner/work/ozone/ozone/hadoop-ozone/integration-test/target/test-classes/webapps/static,STOPPED}
2021-11-15 13:55:51,681 [Listener at localhost/11740] INFO  handler.ContextHandler (ContextHandler.java:doStop(1153)) - Stopped o.e.j.s.ServletContextHandler@755b623a{logs,/logs,file:///home/runner/work/ozone/ozone/hadoop-ozone/integration-test/target/log,STOPPED}
2021-11-15 13:55:51,683 [Listener at localhost/11740] INFO  om.OzoneManager (OzoneManager.java:initFSOLayout(3662)) - Configured ozone.om.metadata.layout=SIMPLE and disabled optimized OM FS operations
2021-11-15 13:55:51,683 [Listener at localhost/11740] INFO  om.OzoneManager (OzoneManager.java:restart(1413)) - OzoneManager RPC server is listening at localhost/127.0.0.1:11746
2021-11-15 13:55:51,683 [Listener at localhost/11740] INFO  impl.MetricsSystemImpl (MetricsSystemImpl.java:init(158)) - OzoneManager metrics system started (again)
2021-11-15 13:55:51,697 [Listener at localhost/11740] WARN  server.ServerUtils (ServerUtils.java:getDBPath(225)) - ozone.om.db.dirs is not configured. We recommend adding this setting. Falling back to ozone.metadata.dirs instead.
2021-11-15 13:55:51,698 [Listener at localhost/11740] INFO  codec.OmKeyInfoCodec (OmKeyInfoCodec.java:<init>(50)) - OmKeyInfoCodec ignorePipeline = true
2021-11-15 13:55:51,698 [Listener at localhost/11740] INFO  codec.RepeatedOmKeyInfoCodec (RepeatedOmKeyInfoCodec.java:<init>(42)) - RepeatedOmKeyInfoCodec ignorePipeline = true
2021-11-15 13:55:51,725 [Listener at localhost/11740] WARN  impl.MetricRegistriesImpl (MetricRegistriesImpl.java:addReporterRegistration(111)) - New reporters are added after registries were created. Some metrics will be missing from the reporter. Please add reporter before adding any new registry.
2021-11-15 13:55:51,725 [Listener at localhost/11740] WARN  impl.MetricRegistriesImpl (MetricRegistriesImpl.java:addReporterRegistration(111)) - New reporters are added after registries were created. Some metrics will be missing from the reporter. Please add reporter before adding any new registry.
2021-11-15 13:55:51,726 [Listener at localhost/11740] WARN  server.ServerUtils (ServerUtils.java:getDefaultRatisDirectory(237)) - Storage directory for Ratis is not configured. It is a good idea to map this to an SSD disk. Falling back to ozone.metadata.dirs
2021-11-15 13:55:51,727 [Listener at localhost/11740] INFO  ratis.OzoneManagerRatisServer (OzoneManagerRatisServer.java:<init>(159)) - Instantiating OM Ratis server with groupID: om-service-test1 and peers: localhost:11750, localhost:11756, localhost:11744
2021-11-15 13:55:51,727 [Listener at localhost/11740] INFO  ratis.OzoneManagerStateMachine (OzoneManagerStateMachine.java:loadSnapshotInfoFromDB(605)) - LastAppliedIndex is set from TransactionInfo from OM DB as (t:6, i:359)
2021-11-15 13:55:51,727 [Listener at localhost/11740] INFO  server.RaftServer (ConfUtils.java:logGet(44)) - raft.rpc.type = GRPC (default)
2021-11-15 13:55:51,727 [Listener at localhost/11740] INFO  grpc.GrpcFactory (GrpcFactory.java:checkPooledByteBufAllocatorUseCacheForAllThreads(48)) - PERFORMANCE WARNING: useCacheForAllThreads is true that may cause Netty to create a lot garbage objects and, as a result, trigger GC.
	It is recommended to disable useCacheForAllThreads by setting -Dorg.apache.ratis.thirdparty.io.netty.allocator.useCacheForAllThreads=false in command line.
2021-11-15 13:55:51,727 [Listener at localhost/11740] INFO  grpc.GrpcConfigKeys (ConfUtils.java:logGet(44)) - raft.grpc.admin.port = -1 (default)
2021-11-15 13:55:51,727 [Listener at localhost/11740] INFO  grpc.GrpcConfigKeys (ConfUtils.java:logGet(44)) - raft.grpc.server.port = 11750 (custom)
2021-11-15 13:55:51,727 [Listener at localhost/11740] INFO  grpc.GrpcConfigKeys (ConfUtils.java:logGet(44)) - raft.grpc.client.port = -1 (default)
2021-11-15 13:55:51,728 [Listener at localhost/11740] INFO  grpc.GrpcConfigKeys (ConfUtils.java:logGet(44)) - raft.grpc.server.port = 11750 (custom)
2021-11-15 13:55:51,728 [Listener at localhost/11740] INFO  grpc.GrpcConfigKeys (ConfUtils.java:logGet(44)) - raft.grpc.server.port = 11750 (custom)
2021-11-15 13:55:51,728 [Listener at localhost/11740] INFO  server.GrpcService (ConfUtils.java:logGet(44)) - raft.grpc.message.size.max = 33554432 (custom)
2021-11-15 13:55:51,728 [Listener at localhost/11740] INFO  server.RaftServerConfigKeys (ConfUtils.java:logGet(44)) - raft.server.log.appender.buffer.byte-limit = 33554432 (custom)
2021-11-15 13:55:51,728 [Listener at localhost/11740] INFO  server.GrpcService (ConfUtils.java:logGet(44)) - raft.grpc.flow.control.window = 1MB (=1048576) (default)
2021-11-15 13:55:51,728 [Listener at localhost/11740] INFO  server.RaftServerConfigKeys (ConfUtils.java:logGet(44)) - raft.server.rpc.request.timeout = 3000ms (default)
2021-11-15 13:55:51,729 [Listener at localhost/11740] INFO  impl.DataStreamServerImpl (ConfUtils.java:logGet(44)) - raft.datastream.type = DISABLED (default)
2021-11-15 13:55:51,729 [Listener at localhost/11740] INFO  server.RaftServerConfigKeys (ConfUtils.java:logGet(44)) - raft.server.rpc.slowness.timeout = 2s (custom)
2021-11-15 13:55:51,729 [Listener at localhost/11740] INFO  server.RaftServerConfigKeys (ConfUtils.java:logGet(44)) - raft.server.leaderelection.leader.step-down.wait-time = 10s (default)
2021-11-15 13:55:51,729 [Listener at localhost/11740] INFO  server.RaftServerConfigKeys (ConfUtils.java:logGet(44)) - raft.server.storage.dir = [/home/runner/work/ozone/ozone/hadoop-ozone/integration-test/target/test-dir/MiniOzoneClusterImpl-e73edc9f-ff19-4fd0-8331-074ccb3cb693/omNode-2/ratis] (custom)
2021-11-15 13:55:51,729 [Listener at localhost/11740] INFO  server.RaftServer (RaftServerProxy.java:lambda$null$1(235)) - omNode-2: found a subdirectory /home/runner/work/ozone/ozone/hadoop-ozone/integration-test/target/test-dir/MiniOzoneClusterImpl-e73edc9f-ff19-4fd0-8331-074ccb3cb693/omNode-2/ratis/c9bc4cf4-3bc3-3c60-a66b-523986131536
2021-11-15 13:55:51,730 [Listener at localhost/11740] INFO  server.RaftServer (RaftServerProxy.java:addNew(95)) - omNode-2: addNew group-523986131536:[omNode-3|rpc:localhost:11756|priority:0, omNode-1|rpc:localhost:11744|priority:0, omNode-2|rpc:localhost:11750|priority:0] returns group-523986131536:java.util.concurrent.CompletableFuture@74119dc5[Not completed]
2021-11-15 13:55:51,730 [Listener at localhost/11740] INFO  om.OzoneManager (OzoneManager.java:initializeRatisServer(1639)) - OzoneManager Ratis server initialized at port 11750
2021-11-15 13:55:51,730 [Listener at localhost/11740] INFO  ratis.OzoneManagerRatisServer (OzoneManagerRatisServer.java:start(522)) - Starting OzoneManagerRatisServer omNode-2 at port 11750
2021-11-15 13:55:51,730 [pool-469-thread-1] INFO  server.RaftServer$Division (RaftServerImpl.java:<init>(184)) - omNode-2: new RaftServerImpl for group-523986131536:[omNode-3|rpc:localhost:11756|priority:0, omNode-1|rpc:localhost:11744|priority:0, omNode-2|rpc:localhost:11750|priority:0] with OzoneManagerStateMachine:uninitialized
2021-11-15 13:55:51,734 [pool-469-thread-1] INFO  server.RaftServerConfigKeys (ConfUtils.java:logGet(44)) - raft.server.rpc.timeout.min = 1s (custom)
2021-11-15 13:55:51,734 [pool-469-thread-1] INFO  server.RaftServerConfigKeys (ConfUtils.java:logGet(44)) - raft.server.rpc.timeout.max = 1200ms (custom)
2021-11-15 13:55:51,734 [pool-469-thread-1] INFO  server.RaftServerConfigKeys (ConfUtils.java:logGet(44)) - raft.server.rpc.sleep.time = 25ms (default)
2021-11-15 13:55:51,734 [pool-469-thread-1] INFO  server.RaftServerConfigKeys (ConfUtils.java:logGet(44)) - raft.server.rpc.slowness.timeout = 2s (custom)
2021-11-15 13:55:51,734 [pool-469-thread-1] INFO  server.RaftServerConfigKeys (ConfUtils.java:logGet(44)) - raft.server.leaderelection.leader.step-down.wait-time = 10s (default)
2021-11-15 13:55:51,734 [pool-469-thread-1] INFO  server.RaftServerConfigKeys (ConfUtils.java:logGet(44)) - raft.server.sleep.deviation.threshold = 300ms (default)
2021-11-15 13:55:51,734 [pool-469-thread-1] INFO  server.RaftServerConfigKeys (ConfUtils.java:logGet(44)) - raft.server.log.appender.install.snapshot.enabled = false (custom)
2021-11-15 13:55:51,734 [pool-469-thread-1] INFO  server.RaftServer$Division (ServerState.java:<init>(105)) - omNode-2@group-523986131536: ConfigurationManager, init=-1: [omNode-3|rpc:localhost:11756|priority:0, omNode-1|rpc:localhost:11744|priority:0, omNode-2|rpc:localhost:11750|priority:0], old=null, confs=<EMPTY_MAP>
2021-11-15 13:55:51,734 [pool-469-thread-1] INFO  server.RaftServerConfigKeys (ConfUtils.java:logGet(44)) - raft.server.storage.dir = [/home/runner/work/ozone/ozone/hadoop-ozone/integration-test/target/test-dir/MiniOzoneClusterImpl-e73edc9f-ff19-4fd0-8331-074ccb3cb693/omNode-2/ratis] (custom)
2021-11-15 13:55:51,734 [pool-469-thread-1] INFO  server.RaftServerConfigKeys (ConfUtils.java:logGet(44)) - raft.server.log.corruption.policy = EXCEPTION (default)
2021-11-15 13:55:51,734 [pool-469-thread-1] INFO  server.RaftServerConfigKeys (ConfUtils.java:logGet(44)) - raft.server.storage.free-space.min = 0MB (=0) (default)
2021-11-15 13:55:51,735 [pool-469-thread-1] INFO  storage.RaftStorageDirectory (RaftStorageDirectoryImpl.java:tryLock(230)) - Lock on /home/runner/work/ozone/ozone/hadoop-ozone/integration-test/target/test-dir/MiniOzoneClusterImpl-e73edc9f-ff19-4fd0-8331-074ccb3cb693/omNode-2/ratis/c9bc4cf4-3bc3-3c60-a66b-523986131536/in_use.lock acquired by nodename 22325@fv-az151-339
2021-11-15 13:55:51,735 [pool-469-thread-1] INFO  storage.RaftStorage (RaftStorageImpl.java:analyzeAndRecoverStorage(110)) - Read RaftStorageMetadata{term=6, votedFor=omNode-2} from /home/runner/work/ozone/ozone/hadoop-ozone/integration-test/target/test-dir/MiniOzoneClusterImpl-e73edc9f-ff19-4fd0-8331-074ccb3cb693/omNode-2/ratis/c9bc4cf4-3bc3-3c60-a66b-523986131536/current/raft-meta
2021-11-15 13:55:51,736 [pool-469-thread-1] INFO  server.RaftServer$Division (ServerState.java:setRaftConf(387)) - omNode-2@group-523986131536: set configuration 356: [omNode-3|rpc:localhost:11756|admin:|client:|dataStream:|priority:0, omNode-1|rpc:localhost:11744|admin:|client:|dataStream:|priority:0, omNode-2|rpc:localhost:11750|admin:|client:|dataStream:|priority:0], old=null
2021-11-15 13:55:51,736 [pool-469-thread-1] INFO  server.RaftServerConfigKeys (ConfUtils.java:logGet(44)) - raft.server.notification.no-leader.timeout = 2s (custom)
2021-11-15 13:55:51,736 [pool-469-thread-1] INFO  server.RaftServerConfigKeys (ConfUtils.java:logGet(44)) - raft.server.log.use.memory = false (default)
2021-11-15 13:55:51,736 [pool-469-thread-1] INFO  server.RaftServerConfigKeys (ConfUtils.java:logGet(44)) - raft.server.log.purge.gap = 50 (custom)
2021-11-15 13:55:51,736 [pool-469-thread-1] INFO  server.RaftServerConfigKeys (ConfUtils.java:logGet(44)) - raft.server.log.appender.buffer.byte-limit = 33554432 (custom)
2021-11-15 13:55:51,736 [pool-469-thread-1] INFO  server.RaftServerConfigKeys (ConfUtils.java:logGet(44)) - raft.server.log.segment.size.max = 4194304 (custom)
2021-11-15 13:55:51,737 [pool-469-thread-1] INFO  server.RaftServerConfigKeys (ConfUtils.java:logGet(44)) - raft.server.log.segment.cache.num.max = 2 (custom)
2021-11-15 13:55:51,737 [pool-469-thread-1] INFO  server.RaftServerConfigKeys (ConfUtils.java:logGet(44)) - raft.server.log.segment.cache.size.max = 200MB (=209715200) (default)
2021-11-15 13:55:51,737 [pool-469-thread-1] INFO  segmented.SegmentedRaftLogWorker (SegmentedRaftLogWorker.java:<init>(182)) - new omNode-2@group-523986131536-SegmentedRaftLogWorker for RaftStorageImpl:Storage Directory /home/runner/work/ozone/ozone/hadoop-ozone/integration-test/target/test-dir/MiniOzoneClusterImpl-e73edc9f-ff19-4fd0-8331-074ccb3cb693/omNode-2/ratis/c9bc4cf4-3bc3-3c60-a66b-523986131536
2021-11-15 13:55:51,737 [pool-469-thread-1] INFO  server.RaftServerConfigKeys (ConfUtils.java:logGet(44)) - raft.server.log.queue.byte-limit = 64MB (=67108864) (default)
2021-11-15 13:55:51,737 [pool-469-thread-1] INFO  server.RaftServerConfigKeys (ConfUtils.java:logGet(44)) - raft.server.log.queue.element-limit = 4096 (default)
2021-11-15 13:55:51,737 [pool-469-thread-1] INFO  server.RaftServerConfigKeys (ConfUtils.java:logGet(44)) - raft.server.log.segment.size.max = 4194304 (custom)
2021-11-15 13:55:51,737 [pool-469-thread-1] INFO  server.RaftServerConfigKeys (ConfUtils.java:logGet(44)) - raft.server.log.preallocated.size = 4194304 (custom)
2021-11-15 13:55:51,737 [pool-469-thread-1] INFO  server.RaftServerConfigKeys (ConfUtils.java:logGet(44)) - raft.server.log.force.sync.num = 128 (default)
2021-11-15 13:55:51,737 [pool-469-thread-1] INFO  server.RaftServerConfigKeys (ConfUtils.java:logGet(44)) - raft.server.log.statemachine.data.sync = true (default)
2021-11-15 13:55:51,737 [pool-469-thread-1] INFO  server.RaftServerConfigKeys (ConfUtils.java:logGet(44)) - raft.server.log.statemachine.data.sync.timeout = 10s (default)
2021-11-15 13:55:51,737 [pool-469-thread-1] INFO  server.RaftServerConfigKeys (ConfUtils.java:logGet(44)) - raft.server.log.statemachine.data.sync.timeout.retry = -1 (default)
2021-11-15 13:55:51,738 [pool-469-thread-1] INFO  server.RaftServerConfigKeys (ConfUtils.java:logGet(44)) - raft.server.log.write.buffer.size = 64KB (=65536) (default)
2021-11-15 13:55:51,738 [pool-469-thread-1] INFO  server.RaftServerConfigKeys (ConfUtils.java:logGet(44)) - raft.server.log.statemachine.data.caching.enabled = false (default)
2021-11-15 13:55:51,739 [pool-469-thread-1] INFO  server.RaftServer$Division (ServerState.java:setRaftConf(387)) - omNode-2@group-523986131536: set configuration 354: [omNode-3|rpc:localhost:11756|admin:|client:|dataStream:|priority:0, omNode-1|rpc:localhost:11744|admin:|client:|dataStream:|priority:0, omNode-2|rpc:localhost:11750|admin:|client:|dataStream:|priority:0], old=null
2021-11-15 13:55:51,739 [pool-469-thread-1] INFO  segmented.LogSegment (LogSegment.java:loadSegment(173)) - Successfully read 2 entries from segment file /home/runner/work/ozone/ozone/hadoop-ozone/integration-test/target/test-dir/MiniOzoneClusterImpl-e73edc9f-ff19-4fd0-8331-074ccb3cb693/omNode-2/ratis/c9bc4cf4-3bc3-3c60-a66b-523986131536/current/log_354-355
2021-11-15 13:55:51,739 [pool-469-thread-1] INFO  server.RaftServer$Division (ServerState.java:setRaftConf(387)) - omNode-2@group-523986131536: set configuration 356: [omNode-3|rpc:localhost:11756|admin:|client:|dataStream:|priority:0, omNode-1|rpc:localhost:11744|admin:|client:|dataStream:|priority:0, omNode-2|rpc:localhost:11750|admin:|client:|dataStream:|priority:0], old=null
2021-11-15 13:55:51,740 [pool-469-thread-1] INFO  segmented.LogSegment (LogSegment.java:loadSegment(173)) - Successfully read 4 entries from segment file /home/runner/work/ozone/ozone/hadoop-ozone/integration-test/target/test-dir/MiniOzoneClusterImpl-e73edc9f-ff19-4fd0-8331-074ccb3cb693/omNode-2/ratis/c9bc4cf4-3bc3-3c60-a66b-523986131536/current/log_inprogress_356
2021-11-15 13:55:51,740 [pool-469-thread-1] INFO  segmented.SegmentedRaftLogWorker (SegmentedRaftLogWorker.java:lambda$new$0(133)) - omNode-2@group-523986131536-SegmentedRaftLogWorker: flushIndex: setUnconditionally 0 -> 359
2021-11-15 13:55:51,740 [pool-469-thread-1] INFO  segmented.SegmentedRaftLogWorker (SegmentedRaftLogWorker.java:lambda$new$0(133)) - omNode-2@group-523986131536-SegmentedRaftLogWorker: safeCacheEvictIndex: setUnconditionally 0 -> 355
2021-11-15 13:55:51,740 [pool-469-thread-1] INFO  raftlog.RaftLog (RaftLogBase.java:lambda$new$0(53)) - omNode-2@group-523986131536-SegmentedRaftLog: commitIndex: updateToMax old=359, new=358, updated? false
2021-11-15 13:55:51,740 [pool-469-thread-1] INFO  raftlog.RaftLog (RaftLogBase.java:lambda$new$0(53)) - omNode-2@group-523986131536-SegmentedRaftLog: purgeIndex: updateIncreasingly -1 -> 353
2021-11-15 13:55:51,740 [pool-469-thread-1] INFO  server.RaftServerConfigKeys (ConfUtils.java:logGet(44)) - raft.server.snapshot.auto.trigger.enabled = true (custom)
2021-11-15 13:55:51,740 [pool-469-thread-1] INFO  server.RaftServerConfigKeys (ConfUtils.java:logGet(44)) - raft.server.snapshot.auto.trigger.threshold = 50 (custom)
2021-11-15 13:55:51,740 [pool-469-thread-1] INFO  server.RaftServerConfigKeys (ConfUtils.java:logGet(44)) - raft.server.snapshot.retention.file.num = -1 (default)
2021-11-15 13:55:51,740 [pool-469-thread-1] INFO  server.RaftServerConfigKeys (ConfUtils.java:logGet(44)) - raft.server.log.purge.upto.snapshot.index = true (custom)
2021-11-15 13:55:51,740 [pool-469-thread-1] INFO  server.RaftServerConfigKeys (ConfUtils.java:logGet(44)) - raft.server.retrycache.expirytime = 30000ms (custom)
2021-11-15 13:55:51,740 [pool-469-thread-1] INFO  server.RaftServerConfigKeys (ConfUtils.java:logGet(44)) - raft.server.retrycache.statistics.expirytime = 100μs (default)
2021-11-15 13:55:51,741 [Listener at localhost/11740] INFO  server.RaftServer$Division (RaftServerImpl.java:start(301)) - omNode-2@group-523986131536: start as a follower, conf=356: [omNode-3|rpc:localhost:11756|admin:|client:|dataStream:|priority:0, omNode-1|rpc:localhost:11744|admin:|client:|dataStream:|priority:0, omNode-2|rpc:localhost:11750|admin:|client:|dataStream:|priority:0], old=null
2021-11-15 13:55:51,741 [Listener at localhost/11740] INFO  server.RaftServer$Division (RaftServerImpl.java:setRole(290)) - omNode-2@group-523986131536: changes role from      null to FOLLOWER at term 6 for startAsFollower
2021-11-15 13:55:51,741 [Listener at localhost/11740] INFO  impl.RoleInfo (RoleInfo.java:updateAndGet(130)) - omNode-2: start omNode-2@group-523986131536-FollowerState
2021-11-15 13:55:51,742 [Listener at localhost/11740] INFO  util.JmxRegister (JmxRegister.java:tryRegister(44)) - Successfully registered JMX Bean with object name Ratis:service=RaftServer,group=group-523986131536,id=omNode-2
2021-11-15 13:55:51,746 [Listener at localhost/11740] INFO  server.RaftServer (RaftServerProxy.java:lambda$start$5(374)) - omNode-2: start RPC server
2021-11-15 13:55:51,746 [Listener at localhost/11740] INFO  server.GrpcService (GrpcService.java:startImpl(253)) - omNode-2: GrpcService started, listening on 11750
2021-11-15 13:55:51,750 [org.apache.ratis.util.JvmPauseMonitor$$Lambda$523/645118495@281afea7] INFO  util.JvmPauseMonitor (JvmPauseMonitor.java:run(103)) - JvmPauseMonitor-omNode-2: Started
2021-11-15 13:55:51,750 [Listener at localhost/11740] INFO  ipc.CallQueueManager (CallQueueManager.java:<init>(90)) - Using callQueue: class java.util.concurrent.LinkedBlockingQueue, queueCapacity: 2000, scheduler: class org.apache.hadoop.ipc.DefaultRpcScheduler, ipcBackoff: false.
2021-11-15 13:55:51,751 [Socket Reader #1 for port 11746] INFO  ipc.Server (Server.java:run(1265)) - Starting Socket Reader #1 for port 11746
2021-11-15 13:55:51,753 [Listener at localhost/11746] INFO  http.BaseHttpServer (BaseHttpServer.java:newHttpServer2BuilderForOzone(209)) - Starting Web-server for ozoneManager at: http://0.0.0.0:11748
2021-11-15 13:55:51,753 [Listener at localhost/11746] INFO  http.BaseHttpServer (BaseHttpServer.java:<init>(107)) - Hadoop Security Enabled: false Ozone Security Enabled: false Ozone HTTP Security Enabled: false 
2021-11-15 13:55:51,754 [Listener at localhost/11746] INFO  server.AuthenticationFilter (AuthenticationFilter.java:constructSecretProvider(240)) - Unable to initialize FileSignerSecretProvider, falling back to use random secrets.
2021-11-15 13:55:51,758 [Listener at localhost/11746] WARN  http.HttpRequestLog (HttpRequestLog.java:getRequestLog(103)) - Jetty request log can only be enabled using Log4j
2021-11-15 13:55:51,759 [Listener at localhost/11746] INFO  http.HttpServer2 (HttpServer2.java:addGlobalFilter(1030)) - Added global filter 'safety' (class=org.apache.hadoop.hdds.server.http.HttpServer2$QuotingInputFilter)
2021-11-15 13:55:51,759 [Listener at localhost/11746] INFO  http.HttpServer2 (HttpServer2.java:addFilter(1006)) - Added filter static_user_filter (class=org.apache.hadoop.http.lib.StaticUserWebFilter$StaticUserFilter) to context ozoneManager
2021-11-15 13:55:51,759 [Listener at localhost/11746] INFO  http.HttpServer2 (HttpServer2.java:addFilter(1014)) - Added filter static_user_filter (class=org.apache.hadoop.http.lib.StaticUserWebFilter$StaticUserFilter) to context static
2021-11-15 13:55:51,759 [Listener at localhost/11746] INFO  http.HttpServer2 (HttpServer2.java:addFilter(1014)) - Added filter static_user_filter (class=org.apache.hadoop.http.lib.StaticUserWebFilter$StaticUserFilter) to context logs
2021-11-15 13:55:51,760 [Listener at localhost/11746] INFO  http.HttpServer2 (HttpServer2.java:bindListener(1249)) - Jetty bound to port 11748
2021-11-15 13:55:51,760 [Listener at localhost/11746] INFO  server.Server (Server.java:doStart(375)) - jetty-9.4.43.v20210629; built: 2021-06-30T11:07:22.254Z; git: 526006ecfa3af7f1a27ef3a288e2bef7ea9dd7e8; jvm 1.8.0_292-b10
2021-11-15 13:55:51,761 [Listener at localhost/11746] INFO  server.session (DefaultSessionIdManager.java:doStart(334)) - DefaultSessionIdManager workerName=node0
2021-11-15 13:55:51,762 [Listener at localhost/11746] INFO  server.session (DefaultSessionIdManager.java:doStart(339)) - No SessionScavenger set, using defaults
2021-11-15 13:55:51,762 [Listener at localhost/11746] INFO  server.session (HouseKeeper.java:startScavenging(132)) - node0 Scavenging every 660000ms
2021-11-15 13:55:51,762 [Listener at localhost/11746] INFO  handler.ContextHandler (ContextHandler.java:doStart(915)) - Started o.e.j.s.ServletContextHandler@64efb724{logs,/logs,file:///home/runner/work/ozone/ozone/hadoop-ozone/integration-test/target/log,AVAILABLE}
2021-11-15 13:55:51,763 [Listener at localhost/11746] INFO  handler.ContextHandler (ContextHandler.java:doStart(915)) - Started o.e.j.s.ServletContextHandler@1ae007d4{static,/static,file:///home/runner/work/ozone/ozone/hadoop-ozone/integration-test/target/test-classes/webapps/static,AVAILABLE}
2021-11-15 13:55:51,765 [Listener at localhost/11746] INFO  handler.ContextHandler (ContextHandler.java:doStart(915)) - Started o.e.j.w.WebAppContext@3f0e2c51{ozoneManager,/,file:///home/runner/work/ozone/ozone/hadoop-ozone/integration-test/target/test-classes/webapps/ozoneManager/,AVAILABLE}{file:/home/runner/work/ozone/ozone/hadoop-ozone/integration-test/target/test-classes/webapps/ozoneManager}
2021-11-15 13:55:51,775 [Listener at localhost/11746] INFO  server.AbstractConnector (AbstractConnector.java:doStart(331)) - Started ServerConnector@328d5378{HTTP/1.1, (http/1.1)}{0.0.0.0:11748}
2021-11-15 13:55:51,775 [Listener at localhost/11746] INFO  server.Server (Server.java:doStart(415)) - Started @187818ms
2021-11-15 13:55:51,775 [Listener at localhost/11746] WARN  impl.MetricsSystemImpl (MetricsSystemImpl.java:register(279)) - Sink prometheus already exists!
2021-11-15 13:55:51,775 [Listener at localhost/11746] INFO  http.BaseHttpServer (BaseHttpServer.java:updateConnectorAddress(329)) - HTTP server of ozoneManager listening at http://0.0.0.0:11748
2021-11-15 13:55:51,779 [IPC Server Responder] INFO  ipc.Server (Server.java:run(1507)) - IPC Server Responder: starting
2021-11-15 13:55:51,780 [IPC Server listener on 11746] INFO  ipc.Server (Server.java:run(1344)) - IPC Server listener on 11746: starting
2021-11-15 13:55:51,783 [Listener at localhost/11746] INFO  om.OzoneManager (OzoneManager.java:startTrashEmptier(1597)) - Trash Interval set to 0. Files deleted will not move to trash
2021-11-15 13:55:51,789 [org.apache.hadoop.util.JvmPauseMonitor$Monitor@8e75026] INFO  util.JvmPauseMonitor (JvmPauseMonitor.java:run(188)) - Starting JVM pause monitor
]]></system-out>
  </testcase>
  <testcase name="testPrepareWithRestart" classname="org.apache.hadoop.ozone.om.TestOzoneManagerPrepare" time="46.108"/>
</testsuite>