<?xml version="1.0" encoding="UTF-8"?>
<testsuite xmlns:xsi="http://www.w3.org/2001/XMLSchema-instance" xsi:noNamespaceSchemaLocation="https://maven.apache.org/surefire/maven-surefire-plugin/xsd/surefire-test-report-3.0.xsd" version="3.0" name="org.apache.hadoop.ozone.client.rpc.TestWatchForCommit" time="24.903" tests="1" errors="0" skipped="0" failures="0">
  <properties>
    <property name="awt.toolkit" value="sun.awt.X11.XToolkit"/>
    <property name="file.encoding.pkg" value="sun.io"/>
    <property name="java.specification.version" value="1.8"/>
    <property name="sun.cpu.isalist" value=""/>
    <property name="sun.jnu.encoding" value="UTF-8"/>
    <property name="gradle.enterprise.listener.surefire.forkId" value="1"/>
    <property name="java.class.path" value="/home/runner/work/ozone/ozone/hadoop-ozone/integration-test/target/test-classes:/home/runner/work/ozone/ozone/hadoop-ozone/integration-test/target/classes:/home/runner/work/ozone/ozone/hadoop-ozone/common/target/classes:/home/runner/.m2/repository/io/grpc/grpc-netty/1.58.0/grpc-netty-1.58.0.jar:/home/runner/.m2/repository/io/grpc/grpc-core/1.58.0/grpc-core-1.58.0.jar:/home/runner/.m2/repository/com/google/android/annotations/4.1.1.4/annotations-4.1.1.4.jar:/home/runner/.m2/repository/org/codehaus/mojo/animal-sniffer-annotations/1.23/animal-sniffer-annotations-1.23.jar:/home/runner/.m2/repository/io/grpc/grpc-context/1.58.0/grpc-context-1.58.0.jar:/home/runner/.m2/repository/io/grpc/grpc-util/1.58.0/grpc-util-1.58.0.jar:/home/runner/.m2/repository/com/google/errorprone/error_prone_annotations/2.2.0/error_prone_annotations-2.2.0.jar:/home/runner/.m2/repository/io/perfmark/perfmark-api/0.26.0/perfmark-api-0.26.0.jar:/home/runner/.m2/repository/io/netty/netty-codec-http2/4.1.100.Final/netty-codec-http2-4.1.100.Final.jar:/home/runner/.m2/repository/io/netty/netty-common/4.1.100.Final/netty-common-4.1.100.Final.jar:/home/runner/.m2/repository/io/netty/netty-buffer/4.1.100.Final/netty-buffer-4.1.100.Final.jar:/home/runner/.m2/repository/io/netty/netty-codec-http/4.1.100.Final/netty-codec-http-4.1.100.Final.jar:/home/runner/.m2/repository/io/netty/netty-handler-proxy/4.1.100.Final/netty-handler-proxy-4.1.100.Final.jar:/home/runner/.m2/repository/io/netty/netty-codec-socks/4.1.100.Final/netty-codec-socks-4.1.100.Final.jar:/home/runner/.m2/repository/io/netty/netty-tcnative-boringssl-static/2.0.61.Final/netty-tcnative-boringssl-static-2.0.61.Final.jar:/home/runner/.m2/repository/io/netty/netty-tcnative-classes/2.0.61.Final/netty-tcnative-classes-2.0.61.Final.jar:/home/runner/.m2/repository/io/netty/netty-tcnative-boringssl-static/2.0.61.Final/netty-tcnative-boringssl-static-2.0.61.Final-linux-x86_64.jar:/home/runner/.m2/repository/io/netty/netty-tcnative-boringssl-static/2.0.61.Final/netty-tcnative-boringssl-static-2.0.61.Final-linux-aarch_64.jar:/home/runner/.m2/repository/io/netty/netty-tcnative-boringssl-static/2.0.61.Final/netty-tcnative-boringssl-static-2.0.61.Final-osx-x86_64.jar:/home/runner/.m2/repository/io/netty/netty-tcnative-boringssl-static/2.0.61.Final/netty-tcnative-boringssl-static-2.0.61.Final-osx-aarch_64.jar:/home/runner/.m2/repository/io/netty/netty-tcnative-boringssl-static/2.0.61.Final/netty-tcnative-boringssl-static-2.0.61.Final-windows-x86_64.jar:/home/runner/.m2/repository/org/apache/commons/commons-compress/1.26.0/commons-compress-1.26.0.jar:/home/runner/work/ozone/ozone/hadoop-hdds/common/target/classes:/home/runner/work/ozone/ozone/hadoop-hdds/client/target/classes:/home/runner/work/ozone/ozone/hadoop-ozone/interface-client/target/classes:/home/runner/.m2/repository/org/apache/hadoop/hadoop-hdfs-client/3.3.6/hadoop-hdfs-client-3.3.6.jar:/home/runner/.m2/repository/com/squareup/okhttp3/okhttp/4.12.0/okhttp-4.12.0.jar:/home/runner/.m2/repository/com/squareup/okio/okio/3.6.0/okio-3.6.0.jar:/home/runner/.m2/repository/com/squareup/okio/okio-jvm/3.6.0/okio-jvm-3.6.0.jar:/home/runner/.m2/repository/org/jetbrains/kotlin/kotlin-stdlib-jdk8/1.9.22/kotlin-stdlib-jdk8-1.9.22.jar:/home/runner/.m2/repository/org/jetbrains/kotlin/kotlin-stdlib-jdk7/1.9.22/kotlin-stdlib-jdk7-1.9.22.jar:/home/runner/.m2/repository/org/jetbrains/kotlin/kotlin-stdlib-common/1.9.22/kotlin-stdlib-common-1.9.22.jar:/home/runner/work/ozone/ozone/hadoop-hdds/test-utils/target/classes:/home/runner/.m2/repository/org/assertj/assertj-core/3.12.2/assertj-core-3.12.2.jar:/home/runner/.m2/repository/com/google/guava/guava/32.0.0-jre/guava-32.0.0-jre.jar:/home/runner/.m2/repository/com/google/guava/failureaccess/1.0.1/failureaccess-1.0.1.jar:/home/runner/.m2/repository/com/google/guava/listenablefuture/9999.0-empty-to-avoid-conflict-with-guava/listenablefuture-9999.0-empty-to-avoid-conflict-with-guava.jar:/home/runner/.m2/repository/org/checkerframework/checker-qual/3.33.0/checker-qual-3.33.0.jar:/home/runner/.m2/repository/com/google/j2objc/j2objc-annotations/2.8/j2objc-annotations-2.8.jar:/home/runner/.m2/repository/commons-io/commons-io/2.16.1/commons-io-2.16.1.jar:/home/runner/.m2/repository/commons-logging/commons-logging/1.2/commons-logging-1.2.jar:/home/runner/.m2/repository/org/junit/jupiter/junit-jupiter-api/5.10.2/junit-jupiter-api-5.10.2.jar:/home/runner/.m2/repository/org/opentest4j/opentest4j/1.3.0/opentest4j-1.3.0.jar:/home/runner/.m2/repository/org/junit/platform/junit-platform-commons/1.10.2/junit-platform-commons-1.10.2.jar:/home/runner/.m2/repository/ch/qos/reload4j/reload4j/1.2.25/reload4j-1.2.25.jar:/home/runner/.m2/repository/jakarta/annotation/jakarta.annotation-api/2.1.1/jakarta.annotation-api-2.1.1.jar:/home/runner/.m2/repository/org/slf4j/slf4j-api/2.0.12/slf4j-api-2.0.12.jar:/home/runner/.m2/repository/org/apache/logging/log4j/log4j-api/2.17.1/log4j-api-2.17.1.jar:/home/runner/work/ozone/ozone/hadoop-hdds/server-scm/target/classes:/home/runner/.m2/repository/com/google/protobuf/protobuf-java/2.5.0/protobuf-java-2.5.0.jar:/home/runner/work/ozone/ozone/hadoop-hdds/container-service/target/classes:/home/runner/work/ozone/ozone/hadoop-hdds/hadoop-dependency-server/target/classes:/home/runner/.m2/repository/com/nimbusds/nimbus-jose-jwt/9.37.2/nimbus-jose-jwt-9.37.2.jar:/home/runner/.m2/repository/com/github/stephenc/jcip/jcip-annotations/1.0-1/jcip-annotations-1.0-1.jar:/home/runner/.m2/repository/org/apache/hadoop/hadoop-hdfs/3.3.6/hadoop-hdfs-3.3.6.jar:/home/runner/.m2/repository/commons-daemon/commons-daemon/1.3.4/commons-daemon-1.3.4.jar:/home/runner/.m2/repository/org/xerial/snappy/snappy-java/1.1.10.5/snappy-java-1.1.10.5.jar:/home/runner/work/ozone/ozone/hadoop-hdds/framework/target/classes:/home/runner/.m2/repository/org/bouncycastle/bcprov-jdk18on/1.77/bcprov-jdk18on-1.77.jar:/home/runner/.m2/repository/io/dropwizard/metrics/metrics-core/3.2.4/metrics-core-3.2.4.jar:/home/runner/.m2/repository/org/apache/commons/commons-text/1.11.0/commons-text-1.11.0.jar:/home/runner/work/ozone/ozone/hadoop-hdds/framework/target/test-classes:/home/runner/work/ozone/ozone/hadoop-hdds/interface-server/target/classes:/home/runner/work/ozone/ozone/hadoop-hdds/interface-admin/target/classes:/home/runner/work/ozone/ozone/hadoop-hdds/managed-rocksdb/target/classes:/home/runner/.m2/repository/org/rocksdb/rocksdbjni/7.7.3/rocksdbjni-7.7.3.jar:/home/runner/.m2/repository/org/slf4j/slf4j-reload4j/2.0.12/slf4j-reload4j-2.0.12.jar:/home/runner/.m2/repository/org/apache/commons/commons-configuration2/2.10.1/commons-configuration2-2.10.1.jar:/home/runner/.m2/repository/commons-fileupload/commons-fileupload/1.5/commons-fileupload-1.5.jar:/home/runner/.m2/repository/org/apache/logging/log4j/log4j-core/2.17.1/log4j-core-2.17.1.jar:/home/runner/.m2/repository/com/lmax/disruptor/3.4.4/disruptor-3.4.4.jar:/home/runner/.m2/repository/org/eclipse/jetty/jetty-util/9.4.53.v20231009/jetty-util-9.4.53.v20231009.jar:/home/runner/.m2/repository/org/eclipse/jetty/jetty-server/9.4.53.v20231009/jetty-server-9.4.53.v20231009.jar:/home/runner/.m2/repository/org/eclipse/jetty/jetty-http/9.4.53.v20231009/jetty-http-9.4.53.v20231009.jar:/home/runner/.m2/repository/org/eclipse/jetty/jetty-io/9.4.53.v20231009/jetty-io-9.4.53.v20231009.jar:/home/runner/.m2/repository/org/eclipse/jetty/jetty-servlet/9.4.53.v20231009/jetty-servlet-9.4.53.v20231009.jar:/home/runner/.m2/repository/org/eclipse/jetty/jetty-security/9.4.53.v20231009/jetty-security-9.4.53.v20231009.jar:/home/runner/.m2/repository/org/eclipse/jetty/jetty-util-ajax/9.4.53.v20231009/jetty-util-ajax-9.4.53.v20231009.jar:/home/runner/.m2/repository/org/eclipse/jetty/jetty-webapp/9.4.53.v20231009/jetty-webapp-9.4.53.v20231009.jar:/home/runner/.m2/repository/org/eclipse/jetty/jetty-xml/9.4.53.v20231009/jetty-xml-9.4.53.v20231009.jar:/home/runner/.m2/repository/org/apache/ratis/ratis-server/3.0.1/ratis-server-3.0.1.jar:/home/runner/.m2/repository/org/apache/ratis/ratis-thirdparty-misc/1.0.5/ratis-thirdparty-misc-1.0.5.jar:/home/runner/.m2/repository/org/apache/ratis/ratis-proto/3.0.1/ratis-proto-3.0.1.jar:/home/runner/.m2/repository/org/apache/ratis/ratis-common/3.0.1/ratis-common-3.0.1.jar:/home/runner/.m2/repository/org/apache/ratis/ratis-client/3.0.1/ratis-client-3.0.1.jar:/home/runner/.m2/repository/org/apache/ratis/ratis-server-api/3.0.1/ratis-server-api-3.0.1.jar:/home/runner/.m2/repository/org/apache/ratis/ratis-metrics-api/3.0.1/ratis-metrics-api-3.0.1.jar:/home/runner/.m2/repository/org/apache/ratis/ratis-metrics-dropwizard3/3.0.1/ratis-metrics-dropwizard3-3.0.1.jar:/home/runner/.m2/repository/io/prometheus/simpleclient_dropwizard/0.16.0/simpleclient_dropwizard-0.16.0.jar:/home/runner/.m2/repository/io/prometheus/simpleclient/0.16.0/simpleclient-0.16.0.jar:/home/runner/.m2/repository/io/prometheus/simpleclient_common/0.16.0/simpleclient_common-0.16.0.jar:/home/runner/.m2/repository/com/fasterxml/jackson/datatype/jackson-datatype-jsr310/2.16.1/jackson-datatype-jsr310-2.16.1.jar:/home/runner/.m2/repository/com/fasterxml/jackson/core/jackson-core/2.16.1/jackson-core-2.16.1.jar:/home/runner/work/ozone/ozone/hadoop-hdds/rocksdb-checkpoint-differ/target/classes:/home/runner/.m2/repository/org/jgrapht/jgrapht-core/1.4.0/jgrapht-core-1.4.0.jar:/home/runner/.m2/repository/org/jheaps/jheaps/0.11/jheaps-0.11.jar:/home/runner/.m2/repository/org/jgrapht/jgrapht-ext/1.4.0/jgrapht-ext-1.4.0.jar:/home/runner/.m2/repository/com/github/vlsi/mxgraph/jgraphx/3.9.8.1/jgraphx-3.9.8.1.jar:/home/runner/work/ozone/ozone/hadoop-ozone/ozone-manager/target/classes:/home/runner/.m2/repository/org/aspectj/aspectjrt/1.9.7/aspectjrt-1.9.7.jar:/home/runner/.m2/repository/org/aspectj/aspectjweaver/1.9.7/aspectjweaver-1.9.7.jar:/home/runner/work/ozone/ozone/hadoop-hdds/interface-client/target/classes:/home/runner/.m2/repository/org/apache/hadoop/thirdparty/hadoop-shaded-protobuf_3_7/1.1.1/hadoop-shaded-protobuf_3_7-1.1.1.jar:/home/runner/work/ozone/ozone/hadoop-ozone/interface-storage/target/classes:/home/runner/.m2/repository/org/reflections/reflections/0.10.2/reflections-0.10.2.jar:/home/runner/.m2/repository/com/sun/jersey/jersey-client/1.19.4/jersey-client-1.19.4.jar:/home/runner/.m2/repository/org/codehaus/jackson/jackson-core-asl/1.9.13/jackson-core-asl-1.9.13.jar:/home/runner/.m2/repository/org/codehaus/jackson/jackson-mapper-asl/1.9.13/jackson-mapper-asl-1.9.13.jar:/home/runner/.m2/repository/org/codehaus/jackson/jackson-jaxrs/1.9.13/jackson-jaxrs-1.9.13.jar:/home/runner/.m2/repository/org/apache/ranger/ranger-intg/2.3.0/ranger-intg-2.3.0.jar:/home/runner/.m2/repository/org/apache/ranger/ranger-plugins-common/2.3.0/ranger-plugins-common-2.3.0.jar:/home/runner/.m2/repository/commons-lang/commons-lang/2.6/commons-lang-2.6.jar:/home/runner/.m2/repository/org/apache/ranger/ranger-plugins-cred/2.3.0/ranger-plugins-cred-2.3.0.jar:/home/runner/.m2/repository/org/apache/ranger/ranger-plugins-audit/2.3.0/ranger-plugins-audit-2.3.0.jar:/home/runner/.m2/repository/org/eclipse/jetty/jetty-client/9.4.53.v20231009/jetty-client-9.4.53.v20231009.jar:/home/runner/.m2/repository/org/apache/httpcomponents/httpmime/4.5.6/httpmime-4.5.6.jar:/home/runner/.m2/repository/org/apache/httpcomponents/httpcore-nio/4.4.16/httpcore-nio-4.4.16.jar:/home/runner/.m2/repository/org/apache/httpcomponents/httpasyncclient/4.1.3/httpasyncclient-4.1.3.jar:/home/runner/.m2/repository/com/carrotsearch/hppc/0.8.0/hppc-0.8.0.jar:/home/runner/.m2/repository/org/apache/orc/orc-core/1.5.8/orc-core-1.5.8.jar:/home/runner/.m2/repository/net/java/dev/jna/jna/5.2.0/jna-5.2.0.jar:/home/runner/.m2/repository/net/java/dev/jna/jna-platform/5.2.0/jna-platform-5.2.0.jar:/home/runner/.m2/repository/com/kstruct/gethostname4j/0.0.2/gethostname4j-0.0.2.jar:/home/runner/.m2/repository/org/apache/ranger/ranger-plugin-classloader/2.3.0/ranger-plugin-classloader-2.3.0.jar:/home/runner/work/ozone/ozone/hadoop-hdds/rocks-native/target/classes:/home/runner/.m2/repository/org/apache/hadoop/hadoop-minikdc/3.3.6/hadoop-minikdc-3.3.6.jar:/home/runner/.m2/repository/org/apache/kerby/kerb-simplekdc/1.0.1/kerb-simplekdc-1.0.1.jar:/home/runner/.m2/repository/org/apache/kerby/kerb-client/1.0.1/kerb-client-1.0.1.jar:/home/runner/.m2/repository/org/apache/kerby/kerby-config/1.0.1/kerby-config-1.0.1.jar:/home/runner/.m2/repository/org/apache/kerby/kerb-common/1.0.1/kerb-common-1.0.1.jar:/home/runner/.m2/repository/org/apache/kerby/kerb-crypto/1.0.1/kerb-crypto-1.0.1.jar:/home/runner/.m2/repository/org/apache/kerby/kerb-util/1.0.1/kerb-util-1.0.1.jar:/home/runner/.m2/repository/org/apache/kerby/token-provider/1.0.1/token-provider-1.0.1.jar:/home/runner/.m2/repository/org/apache/kerby/kerb-admin/1.0.1/kerb-admin-1.0.1.jar:/home/runner/.m2/repository/org/apache/kerby/kerb-server/1.0.1/kerb-server-1.0.1.jar:/home/runner/.m2/repository/org/apache/kerby/kerb-identity/1.0.1/kerb-identity-1.0.1.jar:/home/runner/.m2/repository/org/apache/kerby/kerby-xdr/1.0.1/kerby-xdr-1.0.1.jar:/home/runner/.m2/repository/junit/junit/4.13.2/junit-4.13.2.jar:/home/runner/.m2/repository/org/hamcrest/hamcrest-core/1.3/hamcrest-core-1.3.jar:/home/runner/work/ozone/ozone/hadoop-ozone/s3gateway/target/classes:/home/runner/.m2/repository/org/javassist/javassist/3.30.2-GA/javassist-3.30.2-GA.jar:/home/runner/.m2/repository/org/jboss/weld/servlet/weld-servlet-shaded/3.1.9.Final/weld-servlet-shaded-3.1.9.Final.jar:/home/runner/.m2/repository/org/glassfish/jersey/containers/jersey-container-servlet-core/2.42/jersey-container-servlet-core-2.42.jar:/home/runner/.m2/repository/org/glassfish/hk2/external/jakarta.inject/2.6.1/jakarta.inject-2.6.1.jar:/home/runner/.m2/repository/org/glassfish/jersey/core/jersey-common/2.42/jersey-common-2.42.jar:/home/runner/.m2/repository/jakarta/ws/rs/jakarta.ws.rs-api/2.1.6/jakarta.ws.rs-api-2.1.6.jar:/home/runner/.m2/repository/org/glassfish/jersey/ext/cdi/jersey-cdi1x/2.42/jersey-cdi1x-2.42.jar:/home/runner/.m2/repository/org/glassfish/jersey/inject/jersey-hk2/2.42/jersey-hk2-2.42.jar:/home/runner/.m2/repository/org/glassfish/hk2/hk2-locator/2.6.1/hk2-locator-2.6.1.jar:/home/runner/.m2/repository/org/glassfish/jersey/media/jersey-media-jaxb/2.42/jersey-media-jaxb-2.42.jar:/home/runner/.m2/repository/org/glassfish/hk2/osgi-resource-locator/1.0.3/osgi-resource-locator-1.0.3.jar:/home/runner/.m2/repository/org/glassfish/hk2/hk2-api/2.6.1/hk2-api-2.6.1.jar:/home/runner/.m2/repository/org/glassfish/hk2/hk2-utils/2.6.1/hk2-utils-2.6.1.jar:/home/runner/.m2/repository/org/glassfish/hk2/external/aopalliance-repackaged/2.6.1/aopalliance-repackaged-2.6.1.jar:/home/runner/.m2/repository/com/fasterxml/jackson/dataformat/jackson-dataformat-xml/2.16.1/jackson-dataformat-xml-2.16.1.jar:/home/runner/.m2/repository/org/codehaus/woodstox/stax2-api/4.2.2/stax2-api-4.2.2.jar:/home/runner/.m2/repository/com/fasterxml/woodstox/woodstox-core/5.4.0/woodstox-core-5.4.0.jar:/home/runner/.m2/repository/com/fasterxml/jackson/module/jackson-module-jaxb-annotations/2.16.1/jackson-module-jaxb-annotations-2.16.1.jar:/home/runner/.m2/repository/javax/enterprise/cdi-api/2.0/cdi-api-2.0.jar:/home/runner/.m2/repository/javax/el/javax.el-api/3.0.0/javax.el-api-3.0.0.jar:/home/runner/.m2/repository/javax/interceptor/javax.interceptor-api/1.2/javax.interceptor-api-1.2.jar:/home/runner/.m2/repository/javax/inject/javax.inject/1/javax.inject-1.jar:/home/runner/.m2/repository/jakarta/xml/bind/jakarta.xml.bind-api/2.3.3/jakarta.xml.bind-api-2.3.3.jar:/home/runner/.m2/repository/org/glassfish/jaxb/jaxb-runtime/2.3.9/jaxb-runtime-2.3.9.jar:/home/runner/.m2/repository/org/glassfish/jaxb/txw2/2.3.9/txw2-2.3.9.jar:/home/runner/.m2/repository/com/sun/istack/istack-commons-runtime/3.0.12/istack-commons-runtime-3.0.12.jar:/home/runner/.m2/repository/com/sun/activation/jakarta.activation/1.2.2/jakarta.activation-1.2.2.jar:/home/runner/.m2/repository/jakarta/activation/jakarta.activation-api/1.2.2/jakarta.activation-api-1.2.2.jar:/home/runner/.m2/repository/io/grpc/grpc-protobuf/1.58.0/grpc-protobuf-1.58.0.jar:/home/runner/.m2/repository/com/google/api/grpc/proto-google-common-protos/2.22.0/proto-google-common-protos-2.22.0.jar:/home/runner/.m2/repository/io/grpc/grpc-protobuf-lite/1.58.0/grpc-protobuf-lite-1.58.0.jar:/home/runner/.m2/repository/io/grpc/grpc-stub/1.58.0/grpc-stub-1.58.0.jar:/home/runner/.m2/repository/io/netty/netty-transport/4.1.100.Final/netty-transport-4.1.100.Final.jar:/home/runner/.m2/repository/io/netty/netty-resolver/4.1.100.Final/netty-resolver-4.1.100.Final.jar:/home/runner/work/ozone/ozone/hadoop-ozone/csi/target/classes:/home/runner/.m2/repository/com/google/protobuf/protobuf-java-util/3.19.6/protobuf-java-util-3.19.6.jar:/home/runner/.m2/repository/com/google/code/gson/gson/2.10.1/gson-2.10.1.jar:/home/runner/work/ozone/ozone/hadoop-hdds/config/target/classes:/home/runner/.m2/repository/io/netty/netty-transport-native-epoll/4.1.100.Final/netty-transport-native-epoll-4.1.100.Final-linux-x86_64.jar:/home/runner/.m2/repository/io/netty/netty-transport-classes-epoll/4.1.100.Final/netty-transport-classes-epoll-4.1.100.Final.jar:/home/runner/.m2/repository/io/netty/netty-transport-native-unix-common/4.1.100.Final/netty-transport-native-unix-common-4.1.100.Final.jar:/home/runner/work/ozone/ozone/hadoop-ozone/recon/target/classes:/home/runner/work/ozone/ozone/hadoop-ozone/recon-codegen/target/classes:/home/runner/.m2/repository/com/google/inject/guice/6.0.0/guice-6.0.0.jar:/home/runner/.m2/repository/jakarta/inject/jakarta.inject-api/2.0.1/jakarta.inject-api-2.0.1.jar:/home/runner/.m2/repository/aopalliance/aopalliance/1.0/aopalliance-1.0.jar:/home/runner/.m2/repository/com/google/inject/extensions/guice-assistedinject/6.0.0/guice-assistedinject-6.0.0.jar:/home/runner/.m2/repository/com/google/inject/extensions/guice-servlet/6.0.0/guice-servlet-6.0.0.jar:/home/runner/.m2/repository/org/glassfish/jersey/containers/jersey-container-servlet/2.42/jersey-container-servlet-2.42.jar:/home/runner/.m2/repository/org/glassfish/hk2/guice-bridge/2.6.1/guice-bridge-2.6.1.jar:/home/runner/.m2/repository/org/glassfish/jersey/core/jersey-server/2.42/jersey-server-2.42.jar:/home/runner/.m2/repository/org/glassfish/jersey/core/jersey-client/2.42/jersey-client-2.42.jar:/home/runner/.m2/repository/jakarta/validation/jakarta.validation-api/2.0.2/jakarta.validation-api-2.0.2.jar:/home/runner/.m2/repository/org/glassfish/jersey/media/jersey-media-json-jackson/2.42/jersey-media-json-jackson-2.42.jar:/home/runner/.m2/repository/org/glassfish/jersey/ext/jersey-entity-filtering/2.42/jersey-entity-filtering-2.42.jar:/home/runner/.m2/repository/org/jooq/jooq/3.11.10/jooq-3.11.10.jar:/home/runner/.m2/repository/org/jooq/jooq-meta/3.11.10/jooq-meta-3.11.10.jar:/home/runner/.m2/repository/org/jooq/jooq-codegen/3.11.10/jooq-codegen-3.11.10.jar:/home/runner/.m2/repository/com/jolbox/bonecp/0.8.0.RELEASE/bonecp-0.8.0.RELEASE.jar:/home/runner/.m2/repository/org/apache/derby/derby/10.14.2.0/derby-10.14.2.0.jar:/home/runner/.m2/repository/org/xerial/sqlite-jdbc/3.44.1.0/sqlite-jdbc-3.44.1.0.jar:/home/runner/.m2/repository/org/springframework/spring-jdbc/5.3.27/spring-jdbc-5.3.27.jar:/home/runner/.m2/repository/org/springframework/spring-beans/5.3.27/spring-beans-5.3.27.jar:/home/runner/.m2/repository/org/springframework/spring-core/5.3.27/spring-core-5.3.27.jar:/home/runner/.m2/repository/org/springframework/spring-tx/5.3.27/spring-tx-5.3.27.jar:/home/runner/work/ozone/ozone/hadoop-ozone/client/target/classes:/home/runner/work/ozone/ozone/hadoop-hdds/erasurecode/target/classes:/home/runner/work/ozone/ozone/hadoop-ozone/ozonefs/target/classes:/home/runner/work/ozone/ozone/hadoop-ozone/ozonefs-common/target/classes:/home/runner/work/ozone/ozone/hadoop-ozone/tools/target/classes:/home/runner/.m2/repository/com/amazonaws/aws-java-sdk-core/1.12.661/aws-java-sdk-core-1.12.661.jar:/home/runner/.m2/repository/org/apache/httpcomponents/httpclient/4.5.14/httpclient-4.5.14.jar:/home/runner/.m2/repository/org/apache/httpcomponents/httpcore/4.4.16/httpcore-4.4.16.jar:/home/runner/.m2/repository/com/fasterxml/jackson/dataformat/jackson-dataformat-cbor/2.16.1/jackson-dataformat-cbor-2.16.1.jar:/home/runner/.m2/repository/joda-time/joda-time/2.12.7/joda-time-2.12.7.jar:/home/runner/.m2/repository/com/amazonaws/aws-java-sdk-s3/1.12.661/aws-java-sdk-s3-1.12.661.jar:/home/runner/.m2/repository/com/amazonaws/aws-java-sdk-kms/1.12.661/aws-java-sdk-kms-1.12.661.jar:/home/runner/.m2/repository/com/amazonaws/jmespath-java/1.12.661/jmespath-java-1.12.661.jar:/home/runner/.m2/repository/org/kohsuke/metainf-services/metainf-services/1.11/metainf-services-1.11.jar:/home/runner/work/ozone/ozone/hadoop-hdds/tools/target/classes:/home/runner/.m2/repository/org/apache/ratis/ratis-tools/3.0.1/ratis-tools-3.0.1.jar:/home/runner/.m2/repository/commons-cli/commons-cli/1.6.0/commons-cli-1.6.0.jar:/home/runner/.m2/repository/org/apache/commons/commons-lang3/3.14.0/commons-lang3-3.14.0.jar:/home/runner/work/ozone/ozone/hadoop-ozone/ozone-manager/target/test-classes:/home/runner/work/ozone/ozone/hadoop-hdds/common/target/test-classes:/home/runner/work/ozone/ozone/hadoop-hdds/hadoop-dependency-client/target/classes:/home/runner/.m2/repository/info/picocli/picocli/4.7.5/picocli-4.7.5.jar:/home/runner/.m2/repository/com/fasterxml/jackson/core/jackson-annotations/2.16.1/jackson-annotations-2.16.1.jar:/home/runner/work/ozone/ozone/hadoop-hdds/annotations/target/classes:/home/runner/.m2/repository/javax/annotation/javax.annotation-api/1.3.2/javax.annotation-api-1.3.2.jar:/home/runner/.m2/repository/org/apache/ratis/ratis-netty/3.0.1/ratis-netty-3.0.1.jar:/home/runner/.m2/repository/org/apache/ratis/ratis-grpc/3.0.1/ratis-grpc-3.0.1.jar:/home/runner/.m2/repository/org/bouncycastle/bcpkix-jdk18on/1.77/bcpkix-jdk18on-1.77.jar:/home/runner/.m2/repository/org/bouncycastle/bcutil-jdk18on/1.77/bcutil-jdk18on-1.77.jar:/home/runner/.m2/repository/commons-validator/commons-validator/1.6/commons-validator-1.6.jar:/home/runner/.m2/repository/commons-beanutils/commons-beanutils/1.9.4/commons-beanutils-1.9.4.jar:/home/runner/.m2/repository/commons-digester/commons-digester/1.8.1/commons-digester-1.8.1.jar:/home/runner/.m2/repository/commons-collections/commons-collections/3.2.2/commons-collections-3.2.2.jar:/home/runner/.m2/repository/io/jaegertracing/jaeger-client/1.8.1/jaeger-client-1.8.1.jar:/home/runner/.m2/repository/io/jaegertracing/jaeger-thrift/1.8.1/jaeger-thrift-1.8.1.jar:/home/runner/.m2/repository/org/apache/thrift/libthrift/0.15.0/libthrift-0.15.0.jar:/home/runner/.m2/repository/io/jaegertracing/jaeger-core/1.8.1/jaeger-core-1.8.1.jar:/home/runner/.m2/repository/io/jaegertracing/jaeger-tracerresolver/1.8.1/jaeger-tracerresolver-1.8.1.jar:/home/runner/.m2/repository/io/opentracing/contrib/opentracing-tracerresolver/0.1.8/opentracing-tracerresolver-0.1.8.jar:/home/runner/.m2/repository/org/jetbrains/kotlin/kotlin-stdlib/1.9.22/kotlin-stdlib-1.9.22.jar:/home/runner/.m2/repository/org/jetbrains/annotations/13.0/annotations-13.0.jar:/home/runner/.m2/repository/io/opentracing/opentracing-util/0.33.0/opentracing-util-0.33.0.jar:/home/runner/.m2/repository/io/opentracing/opentracing-api/0.33.0/opentracing-api-0.33.0.jar:/home/runner/.m2/repository/io/opentracing/opentracing-noop/0.33.0/opentracing-noop-0.33.0.jar:/home/runner/.m2/repository/org/yaml/snakeyaml/2.0/snakeyaml-2.0.jar:/home/runner/.m2/repository/io/grpc/grpc-api/1.58.0/grpc-api-1.58.0.jar:/home/runner/.m2/repository/org/junit/platform/junit-platform-launcher/1.10.2/junit-platform-launcher-1.10.2.jar:/home/runner/.m2/repository/org/junit/platform/junit-platform-engine/1.10.2/junit-platform-engine-1.10.2.jar:/home/runner/.m2/repository/org/apiguardian/apiguardian-api/1.1.2/apiguardian-api-1.1.2.jar:/home/runner/.m2/repository/org/apache/hadoop/hadoop-kms/3.3.6/hadoop-kms-3.3.6.jar:/home/runner/.m2/repository/org/apache/hadoop/hadoop-auth/3.3.6/hadoop-auth-3.3.6.jar:/home/runner/.m2/repository/org/apache/zookeeper/zookeeper/3.8.4/zookeeper-3.8.4.jar:/home/runner/.m2/repository/org/apache/zookeeper/zookeeper-jute/3.8.4/zookeeper-jute-3.8.4.jar:/home/runner/.m2/repository/org/apache/yetus/audience-annotations/0.12.0/audience-annotations-0.12.0.jar:/home/runner/.m2/repository/org/apache/curator/curator-framework/4.2.0/curator-framework-4.2.0.jar:/home/runner/.m2/repository/org/apache/hadoop/thirdparty/hadoop-shaded-guava/1.2.0/hadoop-shaded-guava-1.2.0.jar:/home/runner/.m2/repository/com/sun/jersey/jersey-core/1.19.4/jersey-core-1.19.4.jar:/home/runner/.m2/repository/javax/ws/rs/jsr311-api/1.1.1/jsr311-api-1.1.1.jar:/home/runner/.m2/repository/com/sun/jersey/jersey-server/1.19.4/jersey-server-1.19.4.jar:/home/runner/.m2/repository/javax/servlet/javax.servlet-api/3.1.0/javax.servlet-api-3.1.0.jar:/home/runner/.m2/repository/org/apache/hadoop/hadoop-common/3.3.6/hadoop-common-3.3.6.jar:/home/runner/.m2/repository/org/apache/commons/commons-math3/3.6.1/commons-math3-3.6.1.jar:/home/runner/.m2/repository/commons-net/commons-net/3.10.0/commons-net-3.10.0.jar:/home/runner/.m2/repository/com/sun/jersey/jersey-servlet/1.19.4/jersey-servlet-1.19.4.jar:/home/runner/.m2/repository/com/github/pjfanning/jersey-json/1.20/jersey-json-1.20.jar:/home/runner/.m2/repository/org/codehaus/jettison/jettison/1.1/jettison-1.1.jar:/home/runner/.m2/repository/com/sun/xml/bind/jaxb-impl/2.2.3-1/jaxb-impl-2.2.3-1.jar:/home/runner/.m2/repository/com/google/re2j/re2j/1.7/re2j-1.7.jar:/home/runner/.m2/repository/com/jcraft/jsch/0.1.55/jsch-0.1.55.jar:/home/runner/.m2/repository/org/apache/curator/curator-client/4.2.0/curator-client-4.2.0.jar:/home/runner/.m2/repository/org/apache/curator/curator-recipes/5.2.0/curator-recipes-5.2.0.jar:/home/runner/.m2/repository/com/google/code/findbugs/jsr305/3.0.2/jsr305-3.0.2.jar:/home/runner/.m2/repository/org/apache/kerby/kerb-core/1.0.1/kerb-core-1.0.1.jar:/home/runner/.m2/repository/org/apache/kerby/kerby-pkix/1.0.1/kerby-pkix-1.0.1.jar:/home/runner/.m2/repository/org/apache/kerby/kerby-asn1/1.0.1/kerby-asn1-1.0.1.jar:/home/runner/.m2/repository/org/apache/kerby/kerby-util/1.0.1/kerby-util-1.0.1.jar:/home/runner/.m2/repository/dnsjava/dnsjava/2.1.7/dnsjava-2.1.7.jar:/home/runner/.m2/repository/com/fasterxml/jackson/core/jackson-databind/2.16.1/jackson-databind-2.16.1.jar:/home/runner/.m2/repository/org/apache/hadoop/hadoop-kms/3.3.6/hadoop-kms-3.3.6-tests.jar:/home/runner/work/ozone/ozone/hadoop-hdds/server-scm/target/test-classes:/home/runner/work/ozone/ozone/hadoop-hdds/container-service/target/test-classes:/home/runner/.m2/repository/com/github/luben/zstd-jni/1.5.6-2/zstd-jni-1.5.6-2.jar:/home/runner/.m2/repository/commons-codec/commons-codec/1.15/commons-codec-1.15.jar:/home/runner/.m2/repository/io/netty/netty-codec/4.1.100.Final/netty-codec-4.1.100.Final.jar:/home/runner/.m2/repository/io/netty/netty-handler/4.1.100.Final/netty-handler-4.1.100.Final.jar:/home/runner/work/ozone/ozone/hadoop-hdds/hadoop-dependency-test/target/classes:/home/runner/.m2/repository/org/apache/hadoop/hadoop-common/3.3.6/hadoop-common-3.3.6-tests.jar:/home/runner/.m2/repository/org/apache/hadoop/hadoop-hdfs/3.3.6/hadoop-hdfs-3.3.6-tests.jar:/home/runner/.m2/repository/org/junit/jupiter/junit-jupiter-engine/5.10.2/junit-jupiter-engine-5.10.2.jar:/home/runner/.m2/repository/org/junit/jupiter/junit-jupiter-params/5.10.2/junit-jupiter-params-5.10.2.jar:/home/runner/.m2/repository/org/mockito/mockito-core/4.11.0/mockito-core-4.11.0.jar:/home/runner/.m2/repository/net/bytebuddy/byte-buddy/1.12.19/byte-buddy-1.12.19.jar:/home/runner/.m2/repository/net/bytebuddy/byte-buddy-agent/1.12.19/byte-buddy-agent-1.12.19.jar:/home/runner/.m2/repository/org/objenesis/objenesis/3.3/objenesis-3.3.jar:/home/runner/.m2/repository/org/mockito/mockito-inline/4.11.0/mockito-inline-4.11.0.jar:/home/runner/.m2/repository/org/mockito/mockito-junit-jupiter/4.11.0/mockito-junit-jupiter-4.11.0.jar:/home/runner/.m2/repository/org/apache/hadoop/hadoop-distcp/3.3.6/hadoop-distcp-3.3.6.jar:/home/runner/.m2/repository/org/apache/hadoop/hadoop-mapreduce-client-jobclient/3.3.6/hadoop-mapreduce-client-jobclient-3.3.6.jar:/home/runner/.m2/repository/org/apache/hadoop/hadoop-mapreduce-client-common/3.3.6/hadoop-mapreduce-client-common-3.3.6.jar:/home/runner/.m2/repository/org/apache/hadoop/hadoop-yarn-common/3.3.6/hadoop-yarn-common-3.3.6.jar:/home/runner/.m2/repository/org/apache/hadoop/hadoop-yarn-api/3.3.6/hadoop-yarn-api-3.3.6.jar:/home/runner/.m2/repository/javax/xml/bind/jaxb-api/2.2.11/jaxb-api-2.2.11.jar:/home/runner/.m2/repository/com/sun/jersey/contribs/jersey-guice/1.19.4/jersey-guice-1.19.4.jar:/home/runner/.m2/repository/com/fasterxml/jackson/jaxrs/jackson-jaxrs-json-provider/2.16.1/jackson-jaxrs-json-provider-2.16.1.jar:/home/runner/.m2/repository/com/fasterxml/jackson/jaxrs/jackson-jaxrs-base/2.16.1/jackson-jaxrs-base-2.16.1.jar:/home/runner/.m2/repository/org/apache/hadoop/hadoop-yarn-client/3.3.6/hadoop-yarn-client-3.3.6.jar:/home/runner/.m2/repository/org/eclipse/jetty/websocket/websocket-client/9.4.51.v20230217/websocket-client-9.4.51.v20230217.jar:/home/runner/.m2/repository/org/eclipse/jetty/websocket/websocket-common/9.4.51.v20230217/websocket-common-9.4.51.v20230217.jar:/home/runner/.m2/repository/org/eclipse/jetty/websocket/websocket-api/9.4.51.v20230217/websocket-api-9.4.51.v20230217.jar:/home/runner/.m2/repository/org/jline/jline/3.9.0/jline-3.9.0.jar:/home/runner/.m2/repository/org/apache/hadoop/hadoop-mapreduce-client-core/3.3.6/hadoop-mapreduce-client-core-3.3.6.jar:/home/runner/.m2/repository/org/apache/avro/avro/1.7.7/avro-1.7.7.jar:/home/runner/.m2/repository/com/thoughtworks/paranamer/paranamer/2.3/paranamer-2.3.jar:/home/runner/.m2/repository/org/apache/hadoop/hadoop-annotations/3.3.6/hadoop-annotations-3.3.6.jar:/usr/lib/jvm/temurin-8-jdk-amd64/jre/../lib/tools.jar:/home/runner/.m2/repository/io/netty/netty/3.10.6.Final/netty-3.10.6.Final.jar:/home/runner/.m2/repository/org/apache/hadoop/hadoop-distcp/3.3.6/hadoop-distcp-3.3.6-tests.jar:/home/runner/.m2/repository/org/hamcrest/hamcrest/2.2/hamcrest-2.2.jar:/home/runner/.m2/repository/org/slf4j/jul-to-slf4j/2.0.12/jul-to-slf4j-2.0.12.jar:/home/runner/work/ozone/ozone/hadoop-ozone/integration-test/target/gradle-enterprise/test-listeners.jar:"/>
    <property name="java.vm.vendor" value="Temurin"/>
    <property name="sun.arch.data.model" value="64"/>
    <property name="test.build.dir" value="/home/runner/work/ozone/ozone/hadoop-ozone/integration-test/target/test-dir"/>
    <property name="test.cache.data" value=""/>
    <property name="java.vendor.url" value="https://adoptium.net/"/>
    <property name="user.timezone" value="Etc/UTC"/>
    <property name="maven-surefire-plugin.argLineAccessArgs" value=""/>
    <property name="os.name" value="Linux"/>
    <property name="java.vm.specification.version" value="1.8"/>
    <property name="test.build.data" value="/home/runner/work/ozone/ozone/hadoop-ozone/integration-test/target/test-dir"/>
    <property name="sun.java.launcher" value="SUN_STANDARD"/>
    <property name="sun.boot.library.path" value="/usr/lib/jvm/temurin-8-jdk-amd64/jre/lib/amd64"/>
    <property name="sun.java.command" value="/home/runner/work/ozone/ozone/hadoop-ozone/integration-test/target/surefire/surefirebooter854964655094569473.jar /home/runner/work/ozone/ozone/hadoop-ozone/integration-test/target/surefire 2024-04-23T19-50-56_773-jvmRun1 surefire3075696872537803120tmp surefire_56852812319560568486tmp"/>
    <property name="native.lib.tmp.dir" value="/tmp"/>
    <property name="surefire.test.class.path" value="/home/runner/work/ozone/ozone/hadoop-ozone/integration-test/target/test-classes:/home/runner/work/ozone/ozone/hadoop-ozone/integration-test/target/classes:/home/runner/work/ozone/ozone/hadoop-ozone/common/target/classes:/home/runner/.m2/repository/io/grpc/grpc-netty/1.58.0/grpc-netty-1.58.0.jar:/home/runner/.m2/repository/io/grpc/grpc-core/1.58.0/grpc-core-1.58.0.jar:/home/runner/.m2/repository/com/google/android/annotations/4.1.1.4/annotations-4.1.1.4.jar:/home/runner/.m2/repository/org/codehaus/mojo/animal-sniffer-annotations/1.23/animal-sniffer-annotations-1.23.jar:/home/runner/.m2/repository/io/grpc/grpc-context/1.58.0/grpc-context-1.58.0.jar:/home/runner/.m2/repository/io/grpc/grpc-util/1.58.0/grpc-util-1.58.0.jar:/home/runner/.m2/repository/com/google/errorprone/error_prone_annotations/2.2.0/error_prone_annotations-2.2.0.jar:/home/runner/.m2/repository/io/perfmark/perfmark-api/0.26.0/perfmark-api-0.26.0.jar:/home/runner/.m2/repository/io/netty/netty-codec-http2/4.1.100.Final/netty-codec-http2-4.1.100.Final.jar:/home/runner/.m2/repository/io/netty/netty-common/4.1.100.Final/netty-common-4.1.100.Final.jar:/home/runner/.m2/repository/io/netty/netty-buffer/4.1.100.Final/netty-buffer-4.1.100.Final.jar:/home/runner/.m2/repository/io/netty/netty-codec-http/4.1.100.Final/netty-codec-http-4.1.100.Final.jar:/home/runner/.m2/repository/io/netty/netty-handler-proxy/4.1.100.Final/netty-handler-proxy-4.1.100.Final.jar:/home/runner/.m2/repository/io/netty/netty-codec-socks/4.1.100.Final/netty-codec-socks-4.1.100.Final.jar:/home/runner/.m2/repository/io/netty/netty-tcnative-boringssl-static/2.0.61.Final/netty-tcnative-boringssl-static-2.0.61.Final.jar:/home/runner/.m2/repository/io/netty/netty-tcnative-classes/2.0.61.Final/netty-tcnative-classes-2.0.61.Final.jar:/home/runner/.m2/repository/io/netty/netty-tcnative-boringssl-static/2.0.61.Final/netty-tcnative-boringssl-static-2.0.61.Final-linux-x86_64.jar:/home/runner/.m2/repository/io/netty/netty-tcnative-boringssl-static/2.0.61.Final/netty-tcnative-boringssl-static-2.0.61.Final-linux-aarch_64.jar:/home/runner/.m2/repository/io/netty/netty-tcnative-boringssl-static/2.0.61.Final/netty-tcnative-boringssl-static-2.0.61.Final-osx-x86_64.jar:/home/runner/.m2/repository/io/netty/netty-tcnative-boringssl-static/2.0.61.Final/netty-tcnative-boringssl-static-2.0.61.Final-osx-aarch_64.jar:/home/runner/.m2/repository/io/netty/netty-tcnative-boringssl-static/2.0.61.Final/netty-tcnative-boringssl-static-2.0.61.Final-windows-x86_64.jar:/home/runner/.m2/repository/org/apache/commons/commons-compress/1.26.0/commons-compress-1.26.0.jar:/home/runner/work/ozone/ozone/hadoop-hdds/common/target/classes:/home/runner/work/ozone/ozone/hadoop-hdds/client/target/classes:/home/runner/work/ozone/ozone/hadoop-ozone/interface-client/target/classes:/home/runner/.m2/repository/org/apache/hadoop/hadoop-hdfs-client/3.3.6/hadoop-hdfs-client-3.3.6.jar:/home/runner/.m2/repository/com/squareup/okhttp3/okhttp/4.12.0/okhttp-4.12.0.jar:/home/runner/.m2/repository/com/squareup/okio/okio/3.6.0/okio-3.6.0.jar:/home/runner/.m2/repository/com/squareup/okio/okio-jvm/3.6.0/okio-jvm-3.6.0.jar:/home/runner/.m2/repository/org/jetbrains/kotlin/kotlin-stdlib-jdk8/1.9.22/kotlin-stdlib-jdk8-1.9.22.jar:/home/runner/.m2/repository/org/jetbrains/kotlin/kotlin-stdlib-jdk7/1.9.22/kotlin-stdlib-jdk7-1.9.22.jar:/home/runner/.m2/repository/org/jetbrains/kotlin/kotlin-stdlib-common/1.9.22/kotlin-stdlib-common-1.9.22.jar:/home/runner/work/ozone/ozone/hadoop-hdds/test-utils/target/classes:/home/runner/.m2/repository/org/assertj/assertj-core/3.12.2/assertj-core-3.12.2.jar:/home/runner/.m2/repository/com/google/guava/guava/32.0.0-jre/guava-32.0.0-jre.jar:/home/runner/.m2/repository/com/google/guava/failureaccess/1.0.1/failureaccess-1.0.1.jar:/home/runner/.m2/repository/com/google/guava/listenablefuture/9999.0-empty-to-avoid-conflict-with-guava/listenablefuture-9999.0-empty-to-avoid-conflict-with-guava.jar:/home/runner/.m2/repository/org/checkerframework/checker-qual/3.33.0/checker-qual-3.33.0.jar:/home/runner/.m2/repository/com/google/j2objc/j2objc-annotations/2.8/j2objc-annotations-2.8.jar:/home/runner/.m2/repository/commons-io/commons-io/2.16.1/commons-io-2.16.1.jar:/home/runner/.m2/repository/commons-logging/commons-logging/1.2/commons-logging-1.2.jar:/home/runner/.m2/repository/org/junit/jupiter/junit-jupiter-api/5.10.2/junit-jupiter-api-5.10.2.jar:/home/runner/.m2/repository/org/opentest4j/opentest4j/1.3.0/opentest4j-1.3.0.jar:/home/runner/.m2/repository/org/junit/platform/junit-platform-commons/1.10.2/junit-platform-commons-1.10.2.jar:/home/runner/.m2/repository/ch/qos/reload4j/reload4j/1.2.25/reload4j-1.2.25.jar:/home/runner/.m2/repository/jakarta/annotation/jakarta.annotation-api/2.1.1/jakarta.annotation-api-2.1.1.jar:/home/runner/.m2/repository/org/slf4j/slf4j-api/2.0.12/slf4j-api-2.0.12.jar:/home/runner/.m2/repository/org/apache/logging/log4j/log4j-api/2.17.1/log4j-api-2.17.1.jar:/home/runner/work/ozone/ozone/hadoop-hdds/server-scm/target/classes:/home/runner/.m2/repository/com/google/protobuf/protobuf-java/2.5.0/protobuf-java-2.5.0.jar:/home/runner/work/ozone/ozone/hadoop-hdds/container-service/target/classes:/home/runner/work/ozone/ozone/hadoop-hdds/hadoop-dependency-server/target/classes:/home/runner/.m2/repository/com/nimbusds/nimbus-jose-jwt/9.37.2/nimbus-jose-jwt-9.37.2.jar:/home/runner/.m2/repository/com/github/stephenc/jcip/jcip-annotations/1.0-1/jcip-annotations-1.0-1.jar:/home/runner/.m2/repository/org/apache/hadoop/hadoop-hdfs/3.3.6/hadoop-hdfs-3.3.6.jar:/home/runner/.m2/repository/commons-daemon/commons-daemon/1.3.4/commons-daemon-1.3.4.jar:/home/runner/.m2/repository/org/xerial/snappy/snappy-java/1.1.10.5/snappy-java-1.1.10.5.jar:/home/runner/work/ozone/ozone/hadoop-hdds/framework/target/classes:/home/runner/.m2/repository/org/bouncycastle/bcprov-jdk18on/1.77/bcprov-jdk18on-1.77.jar:/home/runner/.m2/repository/io/dropwizard/metrics/metrics-core/3.2.4/metrics-core-3.2.4.jar:/home/runner/.m2/repository/org/apache/commons/commons-text/1.11.0/commons-text-1.11.0.jar:/home/runner/work/ozone/ozone/hadoop-hdds/framework/target/test-classes:/home/runner/work/ozone/ozone/hadoop-hdds/interface-server/target/classes:/home/runner/work/ozone/ozone/hadoop-hdds/interface-admin/target/classes:/home/runner/work/ozone/ozone/hadoop-hdds/managed-rocksdb/target/classes:/home/runner/.m2/repository/org/rocksdb/rocksdbjni/7.7.3/rocksdbjni-7.7.3.jar:/home/runner/.m2/repository/org/slf4j/slf4j-reload4j/2.0.12/slf4j-reload4j-2.0.12.jar:/home/runner/.m2/repository/org/apache/commons/commons-configuration2/2.10.1/commons-configuration2-2.10.1.jar:/home/runner/.m2/repository/commons-fileupload/commons-fileupload/1.5/commons-fileupload-1.5.jar:/home/runner/.m2/repository/org/apache/logging/log4j/log4j-core/2.17.1/log4j-core-2.17.1.jar:/home/runner/.m2/repository/com/lmax/disruptor/3.4.4/disruptor-3.4.4.jar:/home/runner/.m2/repository/org/eclipse/jetty/jetty-util/9.4.53.v20231009/jetty-util-9.4.53.v20231009.jar:/home/runner/.m2/repository/org/eclipse/jetty/jetty-server/9.4.53.v20231009/jetty-server-9.4.53.v20231009.jar:/home/runner/.m2/repository/org/eclipse/jetty/jetty-http/9.4.53.v20231009/jetty-http-9.4.53.v20231009.jar:/home/runner/.m2/repository/org/eclipse/jetty/jetty-io/9.4.53.v20231009/jetty-io-9.4.53.v20231009.jar:/home/runner/.m2/repository/org/eclipse/jetty/jetty-servlet/9.4.53.v20231009/jetty-servlet-9.4.53.v20231009.jar:/home/runner/.m2/repository/org/eclipse/jetty/jetty-security/9.4.53.v20231009/jetty-security-9.4.53.v20231009.jar:/home/runner/.m2/repository/org/eclipse/jetty/jetty-util-ajax/9.4.53.v20231009/jetty-util-ajax-9.4.53.v20231009.jar:/home/runner/.m2/repository/org/eclipse/jetty/jetty-webapp/9.4.53.v20231009/jetty-webapp-9.4.53.v20231009.jar:/home/runner/.m2/repository/org/eclipse/jetty/jetty-xml/9.4.53.v20231009/jetty-xml-9.4.53.v20231009.jar:/home/runner/.m2/repository/org/apache/ratis/ratis-server/3.0.1/ratis-server-3.0.1.jar:/home/runner/.m2/repository/org/apache/ratis/ratis-thirdparty-misc/1.0.5/ratis-thirdparty-misc-1.0.5.jar:/home/runner/.m2/repository/org/apache/ratis/ratis-proto/3.0.1/ratis-proto-3.0.1.jar:/home/runner/.m2/repository/org/apache/ratis/ratis-common/3.0.1/ratis-common-3.0.1.jar:/home/runner/.m2/repository/org/apache/ratis/ratis-client/3.0.1/ratis-client-3.0.1.jar:/home/runner/.m2/repository/org/apache/ratis/ratis-server-api/3.0.1/ratis-server-api-3.0.1.jar:/home/runner/.m2/repository/org/apache/ratis/ratis-metrics-api/3.0.1/ratis-metrics-api-3.0.1.jar:/home/runner/.m2/repository/org/apache/ratis/ratis-metrics-dropwizard3/3.0.1/ratis-metrics-dropwizard3-3.0.1.jar:/home/runner/.m2/repository/io/prometheus/simpleclient_dropwizard/0.16.0/simpleclient_dropwizard-0.16.0.jar:/home/runner/.m2/repository/io/prometheus/simpleclient/0.16.0/simpleclient-0.16.0.jar:/home/runner/.m2/repository/io/prometheus/simpleclient_common/0.16.0/simpleclient_common-0.16.0.jar:/home/runner/.m2/repository/com/fasterxml/jackson/datatype/jackson-datatype-jsr310/2.16.1/jackson-datatype-jsr310-2.16.1.jar:/home/runner/.m2/repository/com/fasterxml/jackson/core/jackson-core/2.16.1/jackson-core-2.16.1.jar:/home/runner/work/ozone/ozone/hadoop-hdds/rocksdb-checkpoint-differ/target/classes:/home/runner/.m2/repository/org/jgrapht/jgrapht-core/1.4.0/jgrapht-core-1.4.0.jar:/home/runner/.m2/repository/org/jheaps/jheaps/0.11/jheaps-0.11.jar:/home/runner/.m2/repository/org/jgrapht/jgrapht-ext/1.4.0/jgrapht-ext-1.4.0.jar:/home/runner/.m2/repository/com/github/vlsi/mxgraph/jgraphx/3.9.8.1/jgraphx-3.9.8.1.jar:/home/runner/work/ozone/ozone/hadoop-ozone/ozone-manager/target/classes:/home/runner/.m2/repository/org/aspectj/aspectjrt/1.9.7/aspectjrt-1.9.7.jar:/home/runner/.m2/repository/org/aspectj/aspectjweaver/1.9.7/aspectjweaver-1.9.7.jar:/home/runner/work/ozone/ozone/hadoop-hdds/interface-client/target/classes:/home/runner/.m2/repository/org/apache/hadoop/thirdparty/hadoop-shaded-protobuf_3_7/1.1.1/hadoop-shaded-protobuf_3_7-1.1.1.jar:/home/runner/work/ozone/ozone/hadoop-ozone/interface-storage/target/classes:/home/runner/.m2/repository/org/reflections/reflections/0.10.2/reflections-0.10.2.jar:/home/runner/.m2/repository/com/sun/jersey/jersey-client/1.19.4/jersey-client-1.19.4.jar:/home/runner/.m2/repository/org/codehaus/jackson/jackson-core-asl/1.9.13/jackson-core-asl-1.9.13.jar:/home/runner/.m2/repository/org/codehaus/jackson/jackson-mapper-asl/1.9.13/jackson-mapper-asl-1.9.13.jar:/home/runner/.m2/repository/org/codehaus/jackson/jackson-jaxrs/1.9.13/jackson-jaxrs-1.9.13.jar:/home/runner/.m2/repository/org/apache/ranger/ranger-intg/2.3.0/ranger-intg-2.3.0.jar:/home/runner/.m2/repository/org/apache/ranger/ranger-plugins-common/2.3.0/ranger-plugins-common-2.3.0.jar:/home/runner/.m2/repository/commons-lang/commons-lang/2.6/commons-lang-2.6.jar:/home/runner/.m2/repository/org/apache/ranger/ranger-plugins-cred/2.3.0/ranger-plugins-cred-2.3.0.jar:/home/runner/.m2/repository/org/apache/ranger/ranger-plugins-audit/2.3.0/ranger-plugins-audit-2.3.0.jar:/home/runner/.m2/repository/org/eclipse/jetty/jetty-client/9.4.53.v20231009/jetty-client-9.4.53.v20231009.jar:/home/runner/.m2/repository/org/apache/httpcomponents/httpmime/4.5.6/httpmime-4.5.6.jar:/home/runner/.m2/repository/org/apache/httpcomponents/httpcore-nio/4.4.16/httpcore-nio-4.4.16.jar:/home/runner/.m2/repository/org/apache/httpcomponents/httpasyncclient/4.1.3/httpasyncclient-4.1.3.jar:/home/runner/.m2/repository/com/carrotsearch/hppc/0.8.0/hppc-0.8.0.jar:/home/runner/.m2/repository/org/apache/orc/orc-core/1.5.8/orc-core-1.5.8.jar:/home/runner/.m2/repository/net/java/dev/jna/jna/5.2.0/jna-5.2.0.jar:/home/runner/.m2/repository/net/java/dev/jna/jna-platform/5.2.0/jna-platform-5.2.0.jar:/home/runner/.m2/repository/com/kstruct/gethostname4j/0.0.2/gethostname4j-0.0.2.jar:/home/runner/.m2/repository/org/apache/ranger/ranger-plugin-classloader/2.3.0/ranger-plugin-classloader-2.3.0.jar:/home/runner/work/ozone/ozone/hadoop-hdds/rocks-native/target/classes:/home/runner/.m2/repository/org/apache/hadoop/hadoop-minikdc/3.3.6/hadoop-minikdc-3.3.6.jar:/home/runner/.m2/repository/org/apache/kerby/kerb-simplekdc/1.0.1/kerb-simplekdc-1.0.1.jar:/home/runner/.m2/repository/org/apache/kerby/kerb-client/1.0.1/kerb-client-1.0.1.jar:/home/runner/.m2/repository/org/apache/kerby/kerby-config/1.0.1/kerby-config-1.0.1.jar:/home/runner/.m2/repository/org/apache/kerby/kerb-common/1.0.1/kerb-common-1.0.1.jar:/home/runner/.m2/repository/org/apache/kerby/kerb-crypto/1.0.1/kerb-crypto-1.0.1.jar:/home/runner/.m2/repository/org/apache/kerby/kerb-util/1.0.1/kerb-util-1.0.1.jar:/home/runner/.m2/repository/org/apache/kerby/token-provider/1.0.1/token-provider-1.0.1.jar:/home/runner/.m2/repository/org/apache/kerby/kerb-admin/1.0.1/kerb-admin-1.0.1.jar:/home/runner/.m2/repository/org/apache/kerby/kerb-server/1.0.1/kerb-server-1.0.1.jar:/home/runner/.m2/repository/org/apache/kerby/kerb-identity/1.0.1/kerb-identity-1.0.1.jar:/home/runner/.m2/repository/org/apache/kerby/kerby-xdr/1.0.1/kerby-xdr-1.0.1.jar:/home/runner/.m2/repository/junit/junit/4.13.2/junit-4.13.2.jar:/home/runner/.m2/repository/org/hamcrest/hamcrest-core/1.3/hamcrest-core-1.3.jar:/home/runner/work/ozone/ozone/hadoop-ozone/s3gateway/target/classes:/home/runner/.m2/repository/org/javassist/javassist/3.30.2-GA/javassist-3.30.2-GA.jar:/home/runner/.m2/repository/org/jboss/weld/servlet/weld-servlet-shaded/3.1.9.Final/weld-servlet-shaded-3.1.9.Final.jar:/home/runner/.m2/repository/org/glassfish/jersey/containers/jersey-container-servlet-core/2.42/jersey-container-servlet-core-2.42.jar:/home/runner/.m2/repository/org/glassfish/hk2/external/jakarta.inject/2.6.1/jakarta.inject-2.6.1.jar:/home/runner/.m2/repository/org/glassfish/jersey/core/jersey-common/2.42/jersey-common-2.42.jar:/home/runner/.m2/repository/jakarta/ws/rs/jakarta.ws.rs-api/2.1.6/jakarta.ws.rs-api-2.1.6.jar:/home/runner/.m2/repository/org/glassfish/jersey/ext/cdi/jersey-cdi1x/2.42/jersey-cdi1x-2.42.jar:/home/runner/.m2/repository/org/glassfish/jersey/inject/jersey-hk2/2.42/jersey-hk2-2.42.jar:/home/runner/.m2/repository/org/glassfish/hk2/hk2-locator/2.6.1/hk2-locator-2.6.1.jar:/home/runner/.m2/repository/org/glassfish/jersey/media/jersey-media-jaxb/2.42/jersey-media-jaxb-2.42.jar:/home/runner/.m2/repository/org/glassfish/hk2/osgi-resource-locator/1.0.3/osgi-resource-locator-1.0.3.jar:/home/runner/.m2/repository/org/glassfish/hk2/hk2-api/2.6.1/hk2-api-2.6.1.jar:/home/runner/.m2/repository/org/glassfish/hk2/hk2-utils/2.6.1/hk2-utils-2.6.1.jar:/home/runner/.m2/repository/org/glassfish/hk2/external/aopalliance-repackaged/2.6.1/aopalliance-repackaged-2.6.1.jar:/home/runner/.m2/repository/com/fasterxml/jackson/dataformat/jackson-dataformat-xml/2.16.1/jackson-dataformat-xml-2.16.1.jar:/home/runner/.m2/repository/org/codehaus/woodstox/stax2-api/4.2.2/stax2-api-4.2.2.jar:/home/runner/.m2/repository/com/fasterxml/woodstox/woodstox-core/5.4.0/woodstox-core-5.4.0.jar:/home/runner/.m2/repository/com/fasterxml/jackson/module/jackson-module-jaxb-annotations/2.16.1/jackson-module-jaxb-annotations-2.16.1.jar:/home/runner/.m2/repository/javax/enterprise/cdi-api/2.0/cdi-api-2.0.jar:/home/runner/.m2/repository/javax/el/javax.el-api/3.0.0/javax.el-api-3.0.0.jar:/home/runner/.m2/repository/javax/interceptor/javax.interceptor-api/1.2/javax.interceptor-api-1.2.jar:/home/runner/.m2/repository/javax/inject/javax.inject/1/javax.inject-1.jar:/home/runner/.m2/repository/jakarta/xml/bind/jakarta.xml.bind-api/2.3.3/jakarta.xml.bind-api-2.3.3.jar:/home/runner/.m2/repository/org/glassfish/jaxb/jaxb-runtime/2.3.9/jaxb-runtime-2.3.9.jar:/home/runner/.m2/repository/org/glassfish/jaxb/txw2/2.3.9/txw2-2.3.9.jar:/home/runner/.m2/repository/com/sun/istack/istack-commons-runtime/3.0.12/istack-commons-runtime-3.0.12.jar:/home/runner/.m2/repository/com/sun/activation/jakarta.activation/1.2.2/jakarta.activation-1.2.2.jar:/home/runner/.m2/repository/jakarta/activation/jakarta.activation-api/1.2.2/jakarta.activation-api-1.2.2.jar:/home/runner/.m2/repository/io/grpc/grpc-protobuf/1.58.0/grpc-protobuf-1.58.0.jar:/home/runner/.m2/repository/com/google/api/grpc/proto-google-common-protos/2.22.0/proto-google-common-protos-2.22.0.jar:/home/runner/.m2/repository/io/grpc/grpc-protobuf-lite/1.58.0/grpc-protobuf-lite-1.58.0.jar:/home/runner/.m2/repository/io/grpc/grpc-stub/1.58.0/grpc-stub-1.58.0.jar:/home/runner/.m2/repository/io/netty/netty-transport/4.1.100.Final/netty-transport-4.1.100.Final.jar:/home/runner/.m2/repository/io/netty/netty-resolver/4.1.100.Final/netty-resolver-4.1.100.Final.jar:/home/runner/work/ozone/ozone/hadoop-ozone/csi/target/classes:/home/runner/.m2/repository/com/google/protobuf/protobuf-java-util/3.19.6/protobuf-java-util-3.19.6.jar:/home/runner/.m2/repository/com/google/code/gson/gson/2.10.1/gson-2.10.1.jar:/home/runner/work/ozone/ozone/hadoop-hdds/config/target/classes:/home/runner/.m2/repository/io/netty/netty-transport-native-epoll/4.1.100.Final/netty-transport-native-epoll-4.1.100.Final-linux-x86_64.jar:/home/runner/.m2/repository/io/netty/netty-transport-classes-epoll/4.1.100.Final/netty-transport-classes-epoll-4.1.100.Final.jar:/home/runner/.m2/repository/io/netty/netty-transport-native-unix-common/4.1.100.Final/netty-transport-native-unix-common-4.1.100.Final.jar:/home/runner/work/ozone/ozone/hadoop-ozone/recon/target/classes:/home/runner/work/ozone/ozone/hadoop-ozone/recon-codegen/target/classes:/home/runner/.m2/repository/com/google/inject/guice/6.0.0/guice-6.0.0.jar:/home/runner/.m2/repository/jakarta/inject/jakarta.inject-api/2.0.1/jakarta.inject-api-2.0.1.jar:/home/runner/.m2/repository/aopalliance/aopalliance/1.0/aopalliance-1.0.jar:/home/runner/.m2/repository/com/google/inject/extensions/guice-assistedinject/6.0.0/guice-assistedinject-6.0.0.jar:/home/runner/.m2/repository/com/google/inject/extensions/guice-servlet/6.0.0/guice-servlet-6.0.0.jar:/home/runner/.m2/repository/org/glassfish/jersey/containers/jersey-container-servlet/2.42/jersey-container-servlet-2.42.jar:/home/runner/.m2/repository/org/glassfish/hk2/guice-bridge/2.6.1/guice-bridge-2.6.1.jar:/home/runner/.m2/repository/org/glassfish/jersey/core/jersey-server/2.42/jersey-server-2.42.jar:/home/runner/.m2/repository/org/glassfish/jersey/core/jersey-client/2.42/jersey-client-2.42.jar:/home/runner/.m2/repository/jakarta/validation/jakarta.validation-api/2.0.2/jakarta.validation-api-2.0.2.jar:/home/runner/.m2/repository/org/glassfish/jersey/media/jersey-media-json-jackson/2.42/jersey-media-json-jackson-2.42.jar:/home/runner/.m2/repository/org/glassfish/jersey/ext/jersey-entity-filtering/2.42/jersey-entity-filtering-2.42.jar:/home/runner/.m2/repository/org/jooq/jooq/3.11.10/jooq-3.11.10.jar:/home/runner/.m2/repository/org/jooq/jooq-meta/3.11.10/jooq-meta-3.11.10.jar:/home/runner/.m2/repository/org/jooq/jooq-codegen/3.11.10/jooq-codegen-3.11.10.jar:/home/runner/.m2/repository/com/jolbox/bonecp/0.8.0.RELEASE/bonecp-0.8.0.RELEASE.jar:/home/runner/.m2/repository/org/apache/derby/derby/10.14.2.0/derby-10.14.2.0.jar:/home/runner/.m2/repository/org/xerial/sqlite-jdbc/3.44.1.0/sqlite-jdbc-3.44.1.0.jar:/home/runner/.m2/repository/org/springframework/spring-jdbc/5.3.27/spring-jdbc-5.3.27.jar:/home/runner/.m2/repository/org/springframework/spring-beans/5.3.27/spring-beans-5.3.27.jar:/home/runner/.m2/repository/org/springframework/spring-core/5.3.27/spring-core-5.3.27.jar:/home/runner/.m2/repository/org/springframework/spring-tx/5.3.27/spring-tx-5.3.27.jar:/home/runner/work/ozone/ozone/hadoop-ozone/client/target/classes:/home/runner/work/ozone/ozone/hadoop-hdds/erasurecode/target/classes:/home/runner/work/ozone/ozone/hadoop-ozone/ozonefs/target/classes:/home/runner/work/ozone/ozone/hadoop-ozone/ozonefs-common/target/classes:/home/runner/work/ozone/ozone/hadoop-ozone/tools/target/classes:/home/runner/.m2/repository/com/amazonaws/aws-java-sdk-core/1.12.661/aws-java-sdk-core-1.12.661.jar:/home/runner/.m2/repository/org/apache/httpcomponents/httpclient/4.5.14/httpclient-4.5.14.jar:/home/runner/.m2/repository/org/apache/httpcomponents/httpcore/4.4.16/httpcore-4.4.16.jar:/home/runner/.m2/repository/com/fasterxml/jackson/dataformat/jackson-dataformat-cbor/2.16.1/jackson-dataformat-cbor-2.16.1.jar:/home/runner/.m2/repository/joda-time/joda-time/2.12.7/joda-time-2.12.7.jar:/home/runner/.m2/repository/com/amazonaws/aws-java-sdk-s3/1.12.661/aws-java-sdk-s3-1.12.661.jar:/home/runner/.m2/repository/com/amazonaws/aws-java-sdk-kms/1.12.661/aws-java-sdk-kms-1.12.661.jar:/home/runner/.m2/repository/com/amazonaws/jmespath-java/1.12.661/jmespath-java-1.12.661.jar:/home/runner/.m2/repository/org/kohsuke/metainf-services/metainf-services/1.11/metainf-services-1.11.jar:/home/runner/work/ozone/ozone/hadoop-hdds/tools/target/classes:/home/runner/.m2/repository/org/apache/ratis/ratis-tools/3.0.1/ratis-tools-3.0.1.jar:/home/runner/.m2/repository/commons-cli/commons-cli/1.6.0/commons-cli-1.6.0.jar:/home/runner/.m2/repository/org/apache/commons/commons-lang3/3.14.0/commons-lang3-3.14.0.jar:/home/runner/work/ozone/ozone/hadoop-ozone/ozone-manager/target/test-classes:/home/runner/work/ozone/ozone/hadoop-hdds/common/target/test-classes:/home/runner/work/ozone/ozone/hadoop-hdds/hadoop-dependency-client/target/classes:/home/runner/.m2/repository/info/picocli/picocli/4.7.5/picocli-4.7.5.jar:/home/runner/.m2/repository/com/fasterxml/jackson/core/jackson-annotations/2.16.1/jackson-annotations-2.16.1.jar:/home/runner/work/ozone/ozone/hadoop-hdds/annotations/target/classes:/home/runner/.m2/repository/javax/annotation/javax.annotation-api/1.3.2/javax.annotation-api-1.3.2.jar:/home/runner/.m2/repository/org/apache/ratis/ratis-netty/3.0.1/ratis-netty-3.0.1.jar:/home/runner/.m2/repository/org/apache/ratis/ratis-grpc/3.0.1/ratis-grpc-3.0.1.jar:/home/runner/.m2/repository/org/bouncycastle/bcpkix-jdk18on/1.77/bcpkix-jdk18on-1.77.jar:/home/runner/.m2/repository/org/bouncycastle/bcutil-jdk18on/1.77/bcutil-jdk18on-1.77.jar:/home/runner/.m2/repository/commons-validator/commons-validator/1.6/commons-validator-1.6.jar:/home/runner/.m2/repository/commons-beanutils/commons-beanutils/1.9.4/commons-beanutils-1.9.4.jar:/home/runner/.m2/repository/commons-digester/commons-digester/1.8.1/commons-digester-1.8.1.jar:/home/runner/.m2/repository/commons-collections/commons-collections/3.2.2/commons-collections-3.2.2.jar:/home/runner/.m2/repository/io/jaegertracing/jaeger-client/1.8.1/jaeger-client-1.8.1.jar:/home/runner/.m2/repository/io/jaegertracing/jaeger-thrift/1.8.1/jaeger-thrift-1.8.1.jar:/home/runner/.m2/repository/org/apache/thrift/libthrift/0.15.0/libthrift-0.15.0.jar:/home/runner/.m2/repository/io/jaegertracing/jaeger-core/1.8.1/jaeger-core-1.8.1.jar:/home/runner/.m2/repository/io/jaegertracing/jaeger-tracerresolver/1.8.1/jaeger-tracerresolver-1.8.1.jar:/home/runner/.m2/repository/io/opentracing/contrib/opentracing-tracerresolver/0.1.8/opentracing-tracerresolver-0.1.8.jar:/home/runner/.m2/repository/org/jetbrains/kotlin/kotlin-stdlib/1.9.22/kotlin-stdlib-1.9.22.jar:/home/runner/.m2/repository/org/jetbrains/annotations/13.0/annotations-13.0.jar:/home/runner/.m2/repository/io/opentracing/opentracing-util/0.33.0/opentracing-util-0.33.0.jar:/home/runner/.m2/repository/io/opentracing/opentracing-api/0.33.0/opentracing-api-0.33.0.jar:/home/runner/.m2/repository/io/opentracing/opentracing-noop/0.33.0/opentracing-noop-0.33.0.jar:/home/runner/.m2/repository/org/yaml/snakeyaml/2.0/snakeyaml-2.0.jar:/home/runner/.m2/repository/io/grpc/grpc-api/1.58.0/grpc-api-1.58.0.jar:/home/runner/.m2/repository/org/junit/platform/junit-platform-launcher/1.10.2/junit-platform-launcher-1.10.2.jar:/home/runner/.m2/repository/org/junit/platform/junit-platform-engine/1.10.2/junit-platform-engine-1.10.2.jar:/home/runner/.m2/repository/org/apiguardian/apiguardian-api/1.1.2/apiguardian-api-1.1.2.jar:/home/runner/.m2/repository/org/apache/hadoop/hadoop-kms/3.3.6/hadoop-kms-3.3.6.jar:/home/runner/.m2/repository/org/apache/hadoop/hadoop-auth/3.3.6/hadoop-auth-3.3.6.jar:/home/runner/.m2/repository/org/apache/zookeeper/zookeeper/3.8.4/zookeeper-3.8.4.jar:/home/runner/.m2/repository/org/apache/zookeeper/zookeeper-jute/3.8.4/zookeeper-jute-3.8.4.jar:/home/runner/.m2/repository/org/apache/yetus/audience-annotations/0.12.0/audience-annotations-0.12.0.jar:/home/runner/.m2/repository/org/apache/curator/curator-framework/4.2.0/curator-framework-4.2.0.jar:/home/runner/.m2/repository/org/apache/hadoop/thirdparty/hadoop-shaded-guava/1.2.0/hadoop-shaded-guava-1.2.0.jar:/home/runner/.m2/repository/com/sun/jersey/jersey-core/1.19.4/jersey-core-1.19.4.jar:/home/runner/.m2/repository/javax/ws/rs/jsr311-api/1.1.1/jsr311-api-1.1.1.jar:/home/runner/.m2/repository/com/sun/jersey/jersey-server/1.19.4/jersey-server-1.19.4.jar:/home/runner/.m2/repository/javax/servlet/javax.servlet-api/3.1.0/javax.servlet-api-3.1.0.jar:/home/runner/.m2/repository/org/apache/hadoop/hadoop-common/3.3.6/hadoop-common-3.3.6.jar:/home/runner/.m2/repository/org/apache/commons/commons-math3/3.6.1/commons-math3-3.6.1.jar:/home/runner/.m2/repository/commons-net/commons-net/3.10.0/commons-net-3.10.0.jar:/home/runner/.m2/repository/com/sun/jersey/jersey-servlet/1.19.4/jersey-servlet-1.19.4.jar:/home/runner/.m2/repository/com/github/pjfanning/jersey-json/1.20/jersey-json-1.20.jar:/home/runner/.m2/repository/org/codehaus/jettison/jettison/1.1/jettison-1.1.jar:/home/runner/.m2/repository/com/sun/xml/bind/jaxb-impl/2.2.3-1/jaxb-impl-2.2.3-1.jar:/home/runner/.m2/repository/com/google/re2j/re2j/1.7/re2j-1.7.jar:/home/runner/.m2/repository/com/jcraft/jsch/0.1.55/jsch-0.1.55.jar:/home/runner/.m2/repository/org/apache/curator/curator-client/4.2.0/curator-client-4.2.0.jar:/home/runner/.m2/repository/org/apache/curator/curator-recipes/5.2.0/curator-recipes-5.2.0.jar:/home/runner/.m2/repository/com/google/code/findbugs/jsr305/3.0.2/jsr305-3.0.2.jar:/home/runner/.m2/repository/org/apache/kerby/kerb-core/1.0.1/kerb-core-1.0.1.jar:/home/runner/.m2/repository/org/apache/kerby/kerby-pkix/1.0.1/kerby-pkix-1.0.1.jar:/home/runner/.m2/repository/org/apache/kerby/kerby-asn1/1.0.1/kerby-asn1-1.0.1.jar:/home/runner/.m2/repository/org/apache/kerby/kerby-util/1.0.1/kerby-util-1.0.1.jar:/home/runner/.m2/repository/dnsjava/dnsjava/2.1.7/dnsjava-2.1.7.jar:/home/runner/.m2/repository/com/fasterxml/jackson/core/jackson-databind/2.16.1/jackson-databind-2.16.1.jar:/home/runner/.m2/repository/org/apache/hadoop/hadoop-kms/3.3.6/hadoop-kms-3.3.6-tests.jar:/home/runner/work/ozone/ozone/hadoop-hdds/server-scm/target/test-classes:/home/runner/work/ozone/ozone/hadoop-hdds/container-service/target/test-classes:/home/runner/.m2/repository/com/github/luben/zstd-jni/1.5.6-2/zstd-jni-1.5.6-2.jar:/home/runner/.m2/repository/commons-codec/commons-codec/1.15/commons-codec-1.15.jar:/home/runner/.m2/repository/io/netty/netty-codec/4.1.100.Final/netty-codec-4.1.100.Final.jar:/home/runner/.m2/repository/io/netty/netty-handler/4.1.100.Final/netty-handler-4.1.100.Final.jar:/home/runner/work/ozone/ozone/hadoop-hdds/hadoop-dependency-test/target/classes:/home/runner/.m2/repository/org/apache/hadoop/hadoop-common/3.3.6/hadoop-common-3.3.6-tests.jar:/home/runner/.m2/repository/org/apache/hadoop/hadoop-hdfs/3.3.6/hadoop-hdfs-3.3.6-tests.jar:/home/runner/.m2/repository/org/junit/jupiter/junit-jupiter-engine/5.10.2/junit-jupiter-engine-5.10.2.jar:/home/runner/.m2/repository/org/junit/jupiter/junit-jupiter-params/5.10.2/junit-jupiter-params-5.10.2.jar:/home/runner/.m2/repository/org/mockito/mockito-core/4.11.0/mockito-core-4.11.0.jar:/home/runner/.m2/repository/net/bytebuddy/byte-buddy/1.12.19/byte-buddy-1.12.19.jar:/home/runner/.m2/repository/net/bytebuddy/byte-buddy-agent/1.12.19/byte-buddy-agent-1.12.19.jar:/home/runner/.m2/repository/org/objenesis/objenesis/3.3/objenesis-3.3.jar:/home/runner/.m2/repository/org/mockito/mockito-inline/4.11.0/mockito-inline-4.11.0.jar:/home/runner/.m2/repository/org/mockito/mockito-junit-jupiter/4.11.0/mockito-junit-jupiter-4.11.0.jar:/home/runner/.m2/repository/org/apache/hadoop/hadoop-distcp/3.3.6/hadoop-distcp-3.3.6.jar:/home/runner/.m2/repository/org/apache/hadoop/hadoop-mapreduce-client-jobclient/3.3.6/hadoop-mapreduce-client-jobclient-3.3.6.jar:/home/runner/.m2/repository/org/apache/hadoop/hadoop-mapreduce-client-common/3.3.6/hadoop-mapreduce-client-common-3.3.6.jar:/home/runner/.m2/repository/org/apache/hadoop/hadoop-yarn-common/3.3.6/hadoop-yarn-common-3.3.6.jar:/home/runner/.m2/repository/org/apache/hadoop/hadoop-yarn-api/3.3.6/hadoop-yarn-api-3.3.6.jar:/home/runner/.m2/repository/javax/xml/bind/jaxb-api/2.2.11/jaxb-api-2.2.11.jar:/home/runner/.m2/repository/com/sun/jersey/contribs/jersey-guice/1.19.4/jersey-guice-1.19.4.jar:/home/runner/.m2/repository/com/fasterxml/jackson/jaxrs/jackson-jaxrs-json-provider/2.16.1/jackson-jaxrs-json-provider-2.16.1.jar:/home/runner/.m2/repository/com/fasterxml/jackson/jaxrs/jackson-jaxrs-base/2.16.1/jackson-jaxrs-base-2.16.1.jar:/home/runner/.m2/repository/org/apache/hadoop/hadoop-yarn-client/3.3.6/hadoop-yarn-client-3.3.6.jar:/home/runner/.m2/repository/org/eclipse/jetty/websocket/websocket-client/9.4.51.v20230217/websocket-client-9.4.51.v20230217.jar:/home/runner/.m2/repository/org/eclipse/jetty/websocket/websocket-common/9.4.51.v20230217/websocket-common-9.4.51.v20230217.jar:/home/runner/.m2/repository/org/eclipse/jetty/websocket/websocket-api/9.4.51.v20230217/websocket-api-9.4.51.v20230217.jar:/home/runner/.m2/repository/org/jline/jline/3.9.0/jline-3.9.0.jar:/home/runner/.m2/repository/org/apache/hadoop/hadoop-mapreduce-client-core/3.3.6/hadoop-mapreduce-client-core-3.3.6.jar:/home/runner/.m2/repository/org/apache/avro/avro/1.7.7/avro-1.7.7.jar:/home/runner/.m2/repository/com/thoughtworks/paranamer/paranamer/2.3/paranamer-2.3.jar:/home/runner/.m2/repository/org/apache/hadoop/hadoop-annotations/3.3.6/hadoop-annotations-3.3.6.jar:/usr/lib/jvm/temurin-8-jdk-amd64/jre/../lib/tools.jar:/home/runner/.m2/repository/io/netty/netty/3.10.6.Final/netty-3.10.6.Final.jar:/home/runner/.m2/repository/org/apache/hadoop/hadoop-distcp/3.3.6/hadoop-distcp-3.3.6-tests.jar:/home/runner/.m2/repository/org/hamcrest/hamcrest/2.2/hamcrest-2.2.jar:/home/runner/.m2/repository/org/slf4j/jul-to-slf4j/2.0.12/jul-to-slf4j-2.0.12.jar:/home/runner/work/ozone/ozone/hadoop-ozone/integration-test/target/gradle-enterprise/test-listeners.jar:"/>
    <property name="sun.cpu.endian" value="little"/>
    <property name="user.home" value="/home/runner"/>
    <property name="user.language" value="en"/>
    <property name="java.specification.vendor" value="Oracle Corporation"/>
    <property name="java.home" value="/usr/lib/jvm/temurin-8-jdk-amd64/jre"/>
    <property name="java.security.krb5.conf" value="/home/runner/work/ozone/ozone/hadoop-ozone/integration-test/target/test-classes/krb5.conf"/>
    <property name="file.separator" value="/"/>
    <property name="basedir" value="/home/runner/work/ozone/ozone/hadoop-ozone/integration-test"/>
    <property name="line.separator" value="&#10;"/>
    <property name="java.vm.specification.vendor" value="Oracle Corporation"/>
    <property name="java.specification.name" value="Java Platform API Specification"/>
    <property name="skip.installnpx" value="true"/>
    <property name="java.awt.graphicsenv" value="sun.awt.X11GraphicsEnvironment"/>
    <property name="surefire.fork.timeout" value="3600"/>
    <property name="surefire.real.class.path" value="/home/runner/work/ozone/ozone/hadoop-ozone/integration-test/target/surefire/surefirebooter854964655094569473.jar:/home/runner/.m2/repository/org/jacoco/org.jacoco.agent/0.8.12/org.jacoco.agent-0.8.12-runtime.jar"/>
    <property name="sun.boot.class.path" value="/usr/lib/jvm/temurin-8-jdk-amd64/jre/lib/resources.jar:/usr/lib/jvm/temurin-8-jdk-amd64/jre/lib/rt.jar:/usr/lib/jvm/temurin-8-jdk-amd64/jre/lib/sunrsasign.jar:/usr/lib/jvm/temurin-8-jdk-amd64/jre/lib/jsse.jar:/usr/lib/jvm/temurin-8-jdk-amd64/jre/lib/jce.jar:/usr/lib/jvm/temurin-8-jdk-amd64/jre/lib/charsets.jar:/usr/lib/jvm/temurin-8-jdk-amd64/jre/lib/jfr.jar:/usr/lib/jvm/temurin-8-jdk-amd64/jre/classes"/>
    <property name="hadoop.log.dir" value="/home/runner/work/ozone/ozone/hadoop-ozone/integration-test/target/log"/>
    <property name="sun.management.compiler" value="HotSpot 64-Bit Tiered Compilers"/>
    <property name="java.runtime.version" value="1.8.0_402-b06"/>
    <property name="skip.npx" value="true"/>
    <property name="user.name" value="runner"/>
    <property name="java.net.preferIPv4Stack" value="true"/>
    <property name="path.separator" value=":"/>
    <property name="java.security.egd" value="file:///dev/urandom"/>
    <property name="os.version" value="5.15.0-1060-azure"/>
    <property name="java.endorsed.dirs" value="/usr/lib/jvm/temurin-8-jdk-amd64/jre/lib/endorsed"/>
    <property name="java.runtime.name" value="OpenJDK Runtime Environment"/>
    <property name="com.gradle.maven.scan.extension.test.listener.junitplatform.NestedExecutionSafeDelegatingTestExecutionListener" value="5dd2e7c8"/>
    <property name="file.encoding" value="UTF-8"/>
    <property name="java.vm.name" value="OpenJDK 64-Bit Server VM"/>
    <property name="test.build.webapps" value=""/>
    <property name="localRepository" value="/home/runner/.m2/repository"/>
    <property name="gradle.enterprise.listener.port" value="42451"/>
    <property name="jetty.git.hash" value="27bde00a0b95a1d5bbee0eae7984f891d2d0f8c9"/>
    <property name="java.vendor.url.bug" value="https://github.com/adoptium/adoptium-support/issues"/>
    <property name="require.test.libhadoop" value=""/>
    <property name="java.io.tmpdir" value="/tmp"/>
    <property name="java.version" value="1.8.0_402"/>
    <property name="surefire.rerunFailingTestsCount" value="5"/>
    <property name="user.dir" value="/home/runner/work/ozone/ozone/hadoop-ozone/integration-test"/>
    <property name="os.arch" value="amd64"/>
    <property name="test.build.classes" value="/home/runner/work/ozone/ozone/hadoop-ozone/integration-test/target/test-classes"/>
    <property name="java.vm.specification.name" value="Java Virtual Machine Specification"/>
    <property name="java.awt.printerjob" value="sun.print.PSPrinterJob"/>
    <property name="sun.os.patch.level" value="unknown"/>
    <property name="org.apache.ratis.thirdparty.io.netty.allocator.useCacheForAllThreads" value="false"/>
    <property name="hadoop.tmp.dir" value="/home/runner/work/ozone/ozone/hadoop-ozone/integration-test/target/tmp"/>
    <property name="java.library.path" value="/usr/java/packages/lib/amd64:/usr/lib64:/lib64:/lib:/usr/lib"/>
    <property name="java.vendor" value="Temurin"/>
    <property name="java.vm.info" value="mixed mode"/>
    <property name="java.vm.version" value="25.402-b06"/>
    <property name="java.specification.maintenance.version" value="5"/>
    <property name="sun.io.unicode.encoding" value="UnicodeLittle"/>
    <property name="java.ext.dirs" value="/usr/lib/jvm/temurin-8-jdk-amd64/jre/lib/ext:/usr/java/packages/lib/ext"/>
    <property name="java.class.version" value="52.0"/>
  </properties>
  <testcase name="testWatchForCommitWithKeyWrite" classname="org.apache.hadoop.ozone.client.rpc.TestWatchForCommit" time="43.398"/>
  <testcase name="testWatchForCommitForRetryfailure" classname="org.apache.hadoop.ozone.client.rpc.TestWatchForCommit" time="37.015"/>
  <testcase name="testWatchForCommitForGroupMismatchException" classname="org.apache.hadoop.ozone.client.rpc.TestWatchForCommit" time="27.698"/>
  <testcase name="test2WayCommitForTimeoutException" classname="org.apache.hadoop.ozone.client.rpc.TestWatchForCommit" time="24.903">
    <flakyError type="java.util.concurrent.ExecutionException">
      <stackTrace><![CDATA[java.util.concurrent.ExecutionException: org.apache.ratis.protocol.exceptions.AlreadyClosedException: SlidingWindow$Client:client-6484734EB0A9->RAFT is closed.
	at java.util.concurrent.CompletableFuture.reportGet(CompletableFuture.java:357)
	at java.util.concurrent.CompletableFuture.get(CompletableFuture.java:1908)
	at org.apache.hadoop.ozone.client.rpc.TestWatchForCommit.test2WayCommitForTimeoutException(TestWatchForCommit.java:321)
	at java.lang.reflect.Method.invoke(Method.java:498)
	at java.util.ArrayList.forEach(ArrayList.java:1259)
	at java.util.ArrayList.forEach(ArrayList.java:1259)
Caused by: org.apache.ratis.protocol.exceptions.AlreadyClosedException: SlidingWindow$Client:client-6484734EB0A9->RAFT is closed.
	at org.apache.ratis.util.SlidingWindow$Client.alreadyClosed(SlidingWindow.java:406)
	at org.apache.ratis.util.SlidingWindow$Client.fail(SlidingWindow.java:394)
	at org.apache.ratis.client.impl.OrderedAsync.failAllAsyncRequests(OrderedAsync.java:149)
	at org.apache.ratis.client.impl.OrderedAsync.handleAsyncRetryFailure(OrderedAsync.java:153)
	at org.apache.ratis.client.impl.OrderedAsync.lambda$sendRequest$9(OrderedAsync.java:253)
	at java.util.concurrent.CompletableFuture.uniExceptionally(CompletableFuture.java:884)
	at java.util.concurrent.CompletableFuture$UniExceptionally.tryFire(CompletableFuture.java:866)
	at java.util.concurrent.CompletableFuture.postComplete(CompletableFuture.java:488)
	at java.util.concurrent.CompletableFuture.completeExceptionally(CompletableFuture.java:1990)
	at org.apache.ratis.grpc.client.GrpcClientProtocolClient$AsyncStreamObservers.completeReplyExceptionally(GrpcClientProtocolClient.java:394)
	at org.apache.ratis.grpc.client.GrpcClientProtocolClient$AsyncStreamObservers.access$000(GrpcClientProtocolClient.java:300)
	at org.apache.ratis.grpc.client.GrpcClientProtocolClient$AsyncStreamObservers$1.onNext(GrpcClientProtocolClient.java:314)
	at org.apache.ratis.grpc.client.GrpcClientProtocolClient$AsyncStreamObservers$1.onNext(GrpcClientProtocolClient.java:305)
	at org.apache.ratis.thirdparty.io.grpc.stub.ClientCalls$StreamObserverToCallListenerAdapter.onMessage(ClientCalls.java:468)
	at org.apache.ratis.thirdparty.io.grpc.ForwardingClientCallListener.onMessage(ForwardingClientCallListener.java:33)
	at org.apache.ratis.thirdparty.io.grpc.internal.DelayedClientCall$DelayedListener.onMessage(DelayedClientCall.java:473)
	at org.apache.ratis.thirdparty.io.grpc.internal.ClientCallImpl$ClientStreamListenerImpl$1MessagesAvailable.runInternal(ClientCallImpl.java:660)
	at org.apache.ratis.thirdparty.io.grpc.internal.ClientCallImpl$ClientStreamListenerImpl$1MessagesAvailable.runInContext(ClientCallImpl.java:647)
	at org.apache.ratis.thirdparty.io.grpc.internal.ContextRunnable.run(ContextRunnable.java:37)
	at org.apache.ratis.thirdparty.io.grpc.internal.SerializingExecutor.run(SerializingExecutor.java:133)
	at java.util.concurrent.ThreadPoolExecutor.runWorker(ThreadPoolExecutor.java:1149)
	at java.util.concurrent.ThreadPoolExecutor$Worker.run(ThreadPoolExecutor.java:624)
	at java.lang.Thread.run(Thread.java:750)
Caused by: org.apache.ratis.protocol.exceptions.RaftRetryFailureException: Failed RaftClientRequest:client-6484734EB0A9->05887e99-236b-4e3f-9ff6-c32e887d273e@group-37EB9C4B86BD, cid=64, seq=1*, Watch(0), null for 3 attempts with RequestTypeDependentRetryPolicy{WRITE->ExceptionDependentRetry(maxAttempts=2147483647; defaultPolicy=MultipleLinearRandomRetry[5x5s, 5x10s, 5x15s, 5x20s, 5x25s, 10x60s]; map={org.apache.ratis.protocol.exceptions.GroupMismatchException->NoRetry, org.apache.ratis.protocol.exceptions.NotReplicatedException->NoRetry, org.apache.ratis.protocol.exceptions.ResourceUnavailableException->org.apache.ratis.retry.ExponentialBackoffRetry@640152eb, org.apache.ratis.protocol.exceptions.StateMachineException->NoRetry, org.apache.ratis.protocol.exceptions.TimeoutIOException->org.apache.ratis.retry.ExponentialBackoffRetry@640152eb}), WATCH->ExceptionDependentRetry(maxAttempts=2147483647; defaultPolicy=MultipleLinearRandomRetry[5x5s, 5x10s, 5x15s, 5x20s, 5x25s, 10x60s]; map={org.apache.ratis.protocol.exceptions.GroupMismatchException->NoRetry, org.apache.ratis.protocol.exceptions.NotReplicatedException->NoRetry, org.apache.ratis.protocol.exceptions.ResourceUnavailableException->org.apache.ratis.retry.ExponentialBackoffRetry@640152eb, org.apache.ratis.protocol.exceptions.StateMachineException->NoRetry, org.apache.ratis.protocol.exceptions.TimeoutIOException->NoRetry})}
	at org.apache.ratis.client.impl.RaftClientImpl.noMoreRetries(RaftClientImpl.java:353)
	... 20 more
Caused by: org.apache.ratis.protocol.exceptions.NotLeaderException: Server 05887e99-236b-4e3f-9ff6-c32e887d273e@group-37EB9C4B86BD is not the leader 7f4a6f89-87eb-42cc-a636-bf60fe9cf75e|10.1.0.27:15335
	at org.apache.ratis.client.impl.ClientProtoUtils.toRaftClientReply(ClientProtoUtils.java:397)
	at org.apache.ratis.grpc.client.GrpcClientProtocolClient$AsyncStreamObservers$1.onNext(GrpcClientProtocolClient.java:310)
	... 11 more
]]></stackTrace>
      <system-out><![CDATA[2024-04-23 19:59:36,371 [main] WARN  server.ServerUtils (ServerUtils.java:getScmDbDir(143)) - ozone.scm.db.dirs is not configured. We recommend adding this setting. Falling back to ozone.metadata.dirs instead.
2024-04-23 19:59:36,374 [main] WARN  server.ServerUtils (ServerUtils.java:getScmDbDir(143)) - ozone.scm.db.dirs is not configured. We recommend adding this setting. Falling back to ozone.metadata.dirs instead.
2024-04-23 19:59:36,374 [main] INFO  ha.SCMHANodeDetails (SCMHANodeDetails.java:loadSCMHAConfig(207)) - ServiceID for StorageContainerManager is null
2024-04-23 19:59:36,374 [main] INFO  ha.SCMHANodeDetails (SCMHANodeDetails.java:loadSCMHAConfig(212)) - ozone.scm.default.service.id is not defined, falling back to ozone.scm.service.ids to find serviceID for StorageContainerManager if it is HA enabled cluster
2024-04-23 19:59:36,375 [main] WARN  utils.HAUtils (HAUtils.java:getMetaDir(339)) - ozone.scm.db.dirs is not configured. We recommend adding this setting. Falling back to ozone.metadata.dirs instead.
2024-04-23 19:59:36,375 [main] WARN  db.DBStoreBuilder (DBStoreBuilder.java:applyDBDefinition(171)) - ozone.scm.db.dirs is not configured. We recommend adding this setting. Falling back to ozone.metadata.dirs instead.
2024-04-23 19:59:36,452 [main] INFO  net.NodeSchemaLoader (NodeSchemaLoader.java:loadSchemaFromFile(129)) - Loading schema from [file:/home/runner/work/ozone/ozone/hadoop-hdds/common/target/classes/network-topology-default.xml]
2024-04-23 19:59:36,452 [main] INFO  net.NodeSchemaLoader (NodeSchemaLoader.java:loadSchema(176)) - Loading network topology layer schema file
2024-04-23 19:59:36,455 [main] INFO  upgrade.AbstractLayoutVersionManager (AbstractLayoutVersionManager.java:init(83)) - Initializing Layout version manager with metadata layout = HADOOP_PRC_PORTS_IN_DATANODEDETAILS (version = 7), software layout = HADOOP_PRC_PORTS_IN_DATANODEDETAILS (version = 7)
2024-04-23 19:59:36,457 [main] INFO  ha.SequenceIdGenerator (SequenceIdGenerator.java:upgradeToSequenceId(370)) - upgrade localId to 113750153625600000
2024-04-23 19:59:36,458 [main] INFO  ha.SequenceIdGenerator (SequenceIdGenerator.java:upgradeToSequenceId(380)) - upgrade delTxnId to 0
2024-04-23 19:59:36,459 [main] INFO  ha.SequenceIdGenerator (SequenceIdGenerator.java:upgradeToSequenceId(397)) - upgrade containerId to 0
2024-04-23 19:59:36,460 [main] INFO  ha.SequenceIdGenerator (SequenceIdGenerator.java:upgradeToCertificateSequenceId(444)) - upgrade CertificateId to 2
2024-04-23 19:59:36,460 [main] INFO  ha.SequenceIdGenerator (SequenceIdGenerator.java:<init>(241)) - Init the HA SequenceIdGenerator.
2024-04-23 19:59:36,461 [main] INFO  node.SCMNodeManager (SCMNodeManager.java:<init>(177)) - Entering startup safe mode.
2024-04-23 19:59:36,461 [main] INFO  algorithms.ContainerPlacementPolicyFactory (ContainerPlacementPolicyFactory.java:getPolicyInternal(86)) - Create container placement policy of type org.apache.hadoop.hdds.scm.container.placement.algorithms.SCMContainerPlacementRackAware
2024-04-23 19:59:36,461 [main] INFO  algorithms.ContainerPlacementPolicyFactory (ContainerPlacementPolicyFactory.java:getPolicyInternal(86)) - Create container placement policy of type org.apache.hadoop.hdds.scm.container.placement.algorithms.SCMContainerPlacementRackScatter
2024-04-23 19:59:36,462 [main] INFO  pipeline.PipelineStateManagerImpl (PipelineStateManagerImpl.java:initialize(78)) - No pipeline exists in current db
2024-04-23 19:59:36,462 [main] INFO  algorithms.LeaderChoosePolicyFactory (LeaderChoosePolicyFactory.java:getPolicy(57)) - Create leader choose policy of type org.apache.hadoop.hdds.scm.pipeline.leader.choose.algorithms.MinLeaderCountChoosePolicy
2024-04-23 19:59:36,462 [main] INFO  algorithms.ContainerPlacementPolicyFactory (ContainerPlacementPolicyFactory.java:getPolicyInternal(86)) - Create container placement policy of type org.apache.hadoop.hdds.scm.container.placement.algorithms.SCMContainerPlacementRackScatter
2024-04-23 19:59:36,462 [main] INFO  ha.SCMServiceManager (SCMServiceManager.java:register(42)) - Registering service BackgroundPipelineCreator.
2024-04-23 19:59:36,462 [main] INFO  pipeline.BackgroundPipelineCreator (BackgroundPipelineCreator.java:start(127)) - Starting RatisPipelineUtilsThread.
2024-04-23 19:59:36,463 [main] INFO  BackgroundPipelineScrubber (BackgroundSCMService.java:start(65)) - Starting BackgroundPipelineScrubber Service.
2024-04-23 19:59:36,463 [main] INFO  ha.SCMServiceManager (SCMServiceManager.java:register(42)) - Registering service BackgroundPipelineScrubber.
2024-04-23 19:59:36,463 [main] INFO  ExpiredContainerReplicaOpScrubber (BackgroundSCMService.java:start(65)) - Starting ExpiredContainerReplicaOpScrubber Service.
2024-04-23 19:59:36,463 [main] INFO  ha.SCMServiceManager (SCMServiceManager.java:register(42)) - Registering service ExpiredContainerReplicaOpScrubber.
2024-04-23 19:59:36,464 [main] INFO  algorithms.PipelineChoosePolicyFactory (PipelineChoosePolicyFactory.java:createPipelineChoosePolicyFromClass(80)) - Create pipeline choose policy of type org.apache.hadoop.hdds.scm.pipeline.choose.algorithms.RandomPipelineChoosePolicy
2024-04-23 19:59:36,464 [main] INFO  algorithms.PipelineChoosePolicyFactory (PipelineChoosePolicyFactory.java:createPipelineChoosePolicyFromClass(80)) - Create pipeline choose policy of type org.apache.hadoop.hdds.scm.pipeline.choose.algorithms.RandomPipelineChoosePolicy
2024-04-23 19:59:36,464 [main] INFO  ha.SCMServiceManager (SCMServiceManager.java:register(42)) - Registering service SCMBlockDeletingService.
2024-04-23 19:59:36,465 [main] INFO  replication.ReplicationManager (ReplicationManager.java:start(295)) - Starting Replication Monitor Thread.
2024-04-23 19:59:36,469 [main] INFO  ha.SCMServiceManager (SCMServiceManager.java:register(42)) - Registering service ReplicationManager.
2024-04-23 19:59:36,469 [ReplicationMonitor] INFO  replication.ReplicationManager (ReplicationManager.java:processAll(371)) - Replication Manager is not ready to run until 3000ms after safemode exit
2024-04-23 19:59:36,470 [main] INFO  safemode.ContainerSafeModeRule (ContainerSafeModeRule.java:<init>(91)) - containers with one replica threshold count 0
2024-04-23 19:59:36,470 [main] INFO  safemode.HealthyPipelineSafeModeRule (HealthyPipelineSafeModeRule.java:initializeRule(176)) - Total pipeline count is 0, healthy pipeline threshold count is 1
2024-04-23 19:59:36,470 [main] INFO  safemode.OneReplicaPipelineSafeModeRule (OneReplicaPipelineSafeModeRule.java:initializeRule(193)) - Total pipeline count is 0, pipeline's with at least one datanode reported threshold count is 0
2024-04-23 19:59:36,470 [main] INFO  server.StorageContainerManager (StorageContainerManager.java:<init>(440)) - SCM start with adminUsers: [runner]
2024-04-23 19:59:36,471 [main] INFO  ipc.CallQueueManager (CallQueueManager.java:<init>(90)) - Using callQueue: class java.util.concurrent.LinkedBlockingQueue, queueCapacity: 10000, scheduler: class org.apache.hadoop.ipc.DefaultRpcScheduler, ipcBackoff: false.
2024-04-23 19:59:36,471 [main] INFO  ipc.Server (Server.java:<init>(1287)) - Listener at 0.0.0.0:15269
2024-04-23 19:59:36,471 [Socket Reader #1 for port 15269] INFO  ipc.Server (Server.java:run(1323)) - Starting Socket Reader #1 for port 15269
2024-04-23 19:59:36,472 [main] INFO  ipc.CallQueueManager (CallQueueManager.java:<init>(90)) - Using callQueue: class java.util.concurrent.LinkedBlockingQueue, queueCapacity: 10000, scheduler: class org.apache.hadoop.ipc.DefaultRpcScheduler, ipcBackoff: false.
2024-04-23 19:59:36,472 [main] INFO  ipc.Server (Server.java:<init>(1287)) - Listener at 0.0.0.0:15268
2024-04-23 19:59:36,473 [Socket Reader #1 for port 15268] INFO  ipc.Server (Server.java:run(1323)) - Starting Socket Reader #1 for port 15268
2024-04-23 19:59:36,473 [main] INFO  ipc.CallQueueManager (CallQueueManager.java:<init>(90)) - Using callQueue: class java.util.concurrent.LinkedBlockingQueue, queueCapacity: 10000, scheduler: class org.apache.hadoop.ipc.DefaultRpcScheduler, ipcBackoff: false.
2024-04-23 19:59:36,473 [main] INFO  ipc.Server (Server.java:<init>(1287)) - Listener at 0.0.0.0:15267
2024-04-23 19:59:36,474 [Socket Reader #1 for port 15267] INFO  ipc.Server (Server.java:run(1323)) - Starting Socket Reader #1 for port 15267
2024-04-23 19:59:36,476 [main] INFO  ha.SCMServiceManager (SCMServiceManager.java:register(42)) - Registering service ContainerBalancer.
2024-04-23 19:59:36,476 [main] INFO  ha.SCMContext (SCMContext.java:updateSafeModeStatus(225)) - Update SafeModeStatus from SafeModeStatus{safeModeStatus=true, preCheckPassed=false} to SafeModeStatus{safeModeStatus=true, preCheckPassed=false}.
2024-04-23 19:59:36,476 [main] INFO  server.StorageContainerManager (StorageContainerManager.java:start(1545)) - StorageContainerLocationProtocol RPC server is listening at /0.0.0.0:15267
2024-04-23 19:59:36,478 [main] WARN  impl.MetricsConfig (MetricsConfig.java:loadFirst(136)) - Cannot locate configuration: tried hadoop-metrics2-storagecontainermanager.properties,hadoop-metrics2.properties
2024-04-23 19:59:36,478 [main] INFO  impl.MetricsSystemImpl (MetricsSystemImpl.java:startTimer(378)) - Scheduled Metric snapshot period at 10 second(s).
2024-04-23 19:59:36,478 [main] INFO  impl.MetricsSystemImpl (MetricsSystemImpl.java:start(191)) - StorageContainerManager metrics system started
2024-04-23 19:59:36,487 [main] INFO  impl.MetricsSinkAdapter (MetricsSinkAdapter.java:start(204)) - Sink prometheus started
2024-04-23 19:59:36,487 [main] INFO  impl.MetricsSystemImpl (MetricsSystemImpl.java:registerSink(305)) - Registered sink prometheus
2024-04-23 19:59:36,498 [main] INFO  server.SCMClientProtocolServer (SCMClientProtocolServer.java:start(204)) - RPC server for Client  is listening at /0.0.0.0:15267
2024-04-23 19:59:36,498 [IPC Server Responder] INFO  ipc.Server (Server.java:run(1562)) - IPC Server Responder: starting
2024-04-23 19:59:36,502 [IPC Server listener on 15267] INFO  ipc.Server (Server.java:run(1402)) - IPC Server listener on 15267: starting
2024-04-23 19:59:36,510 [main] INFO  server.StorageContainerManager (StorageContainerManager.java:start(1558)) - ScmBlockLocationProtocol RPC server is listening at /0.0.0.0:15268
2024-04-23 19:59:36,510 [main] INFO  server.SCMBlockProtocolServer (SCMBlockProtocolServer.java:start(162)) - RPC server for Block Protocol is listening at /0.0.0.0:15268
2024-04-23 19:59:36,510 [IPC Server Responder] INFO  ipc.Server (Server.java:run(1562)) - IPC Server Responder: starting
2024-04-23 19:59:36,511 [IPC Server listener on 15268] INFO  ipc.Server (Server.java:run(1402)) - IPC Server listener on 15268: starting
2024-04-23 19:59:36,527 [main] INFO  server.SCMDatanodeProtocolServer (SCMDatanodeProtocolServer.java:start(194)) - ScmDatanodeProtocol RPC server for DataNodes is listening at /0.0.0.0:15269
2024-04-23 19:59:36,527 [IPC Server Responder] INFO  ipc.Server (Server.java:run(1562)) - IPC Server Responder: starting
2024-04-23 19:59:36,528 [IPC Server listener on 15269] INFO  ipc.Server (Server.java:run(1402)) - IPC Server listener on 15269: starting
2024-04-23 19:59:36,539 [JvmPauseMonitor33] INFO  util.JvmPauseMonitor (JvmPauseMonitor.java:run(146)) - JvmPauseMonitor-b2056757-3534-478a-b43c-49720c17e3aa: Started
2024-04-23 19:59:36,539 [main] INFO  http.BaseHttpServer (BaseHttpServer.java:newHttpServer2BuilderForOzone(223)) - Starting Web-server for scm at: http://0.0.0.0:15270
2024-04-23 19:59:36,540 [main] INFO  http.BaseHttpServer (BaseHttpServer.java:<init>(110)) - Hadoop Security Enabled: false Ozone Security Enabled: false Ozone HTTP Security Enabled: false 
2024-04-23 19:59:36,540 [main] WARN  server.AuthenticationFilter (AuthenticationFilter.java:constructSecretProvider(240)) - Unable to initialize FileSignerSecretProvider, falling back to use random secrets. Reason: Could not read signature secret file: /home/runner/hadoop-http-auth-signature-secret
2024-04-23 19:59:36,541 [main] INFO  http.HttpRequestLog (HttpRequestLog.java:getRequestLog(86)) - Http request log for http.requests.scm is not defined
2024-04-23 19:59:36,542 [main] INFO  http.HttpServer2 (HttpServer2.java:addGlobalFilter(1036)) - Added global filter 'safety' (class=org.apache.hadoop.hdds.server.http.HttpServer2$QuotingInputFilter)
2024-04-23 19:59:36,542 [main] INFO  http.HttpServer2 (HttpServer2.java:addFilter(1012)) - Added filter static_user_filter (class=org.apache.hadoop.http.lib.StaticUserWebFilter$StaticUserFilter) to context scm
2024-04-23 19:59:36,543 [main] INFO  http.HttpServer2 (HttpServer2.java:addFilter(1020)) - Added filter static_user_filter (class=org.apache.hadoop.http.lib.StaticUserWebFilter$StaticUserFilter) to context static
2024-04-23 19:59:36,543 [main] INFO  http.HttpServer2 (HttpServer2.java:addFilter(1020)) - Added filter static_user_filter (class=org.apache.hadoop.http.lib.StaticUserWebFilter$StaticUserFilter) to context logs
2024-04-23 19:59:36,543 [main] INFO  http.BaseHttpServer (BaseHttpServer.java:<init>(189)) - HTTP server of scm uses base directory /home/runner/work/ozone/ozone/hadoop-ozone/integration-test/target/test-dir/MiniOzoneClusterImpl-d857b234-8aec-441a-a9c9-a34f2a008b14/ozone-meta/webserver
2024-04-23 19:59:36,544 [main] INFO  http.HttpServer2 (HttpServer2.java:bindListener(1236)) - Jetty bound to port 15270
2024-04-23 19:59:36,544 [main] INFO  server.Server (Server.java:doStart(375)) - jetty-9.4.53.v20231009; built: 2023-10-09T12:29:09.265Z; git: 27bde00a0b95a1d5bbee0eae7984f891d2d0f8c9; jvm 1.8.0_402-b06
2024-04-23 19:59:36,545 [main] INFO  server.session (DefaultSessionIdManager.java:doStart(334)) - DefaultSessionIdManager workerName=node0
2024-04-23 19:59:36,545 [main] INFO  server.session (DefaultSessionIdManager.java:doStart(339)) - No SessionScavenger set, using defaults
2024-04-23 19:59:36,545 [main] INFO  server.session (HouseKeeper.java:startScavenging(132)) - node0 Scavenging every 600000ms
2024-04-23 19:59:36,546 [main] INFO  handler.ContextHandler (ContextHandler.java:doStart(921)) - Started o.e.j.s.ServletContextHandler@28a6ed65{logs,/logs,file:///home/runner/work/ozone/ozone/hadoop-ozone/integration-test/target/log,AVAILABLE}
2024-04-23 19:59:36,546 [main] INFO  handler.ContextHandler (ContextHandler.java:doStart(921)) - Started o.e.j.s.ServletContextHandler@6a827812{static,/static,file:///home/runner/work/ozone/ozone/hadoop-ozone/integration-test/target/test-classes/webapps/static,AVAILABLE}
2024-04-23 19:59:36,549 [main] INFO  handler.ContextHandler (ContextHandler.java:doStart(921)) - Started o.e.j.w.WebAppContext@29f5d2b9{scm,/,file:///home/runner/work/ozone/ozone/hadoop-ozone/integration-test/target/test-classes/webapps/scm/,AVAILABLE}{file:/home/runner/work/ozone/ozone/hadoop-ozone/integration-test/target/test-classes/webapps/scm}
2024-04-23 19:59:36,550 [main] INFO  server.AbstractConnector (AbstractConnector.java:doStart(333)) - Started ServerConnector@5b7452a9{HTTP/1.1, (http/1.1)}{0.0.0.0:15270}
2024-04-23 19:59:36,550 [main] INFO  server.Server (Server.java:doStart(415)) - Started @109430ms
2024-04-23 19:59:36,550 [main] WARN  impl.MetricsSystemImpl (MetricsSystemImpl.java:register(279)) - Sink prometheus already exists!
2024-04-23 19:59:36,550 [main] INFO  http.BaseHttpServer (BaseHttpServer.java:updateConnectorAddress(354)) - HTTP server of scm listening at http://0.0.0.0:15270
2024-04-23 19:59:36,551 [main] WARN  server.ServerUtils (ServerUtils.java:getDBPath(299)) - ozone.om.db.dirs is not configured. We recommend adding this setting. Falling back to ozone.metadata.dirs instead.
2024-04-23 19:59:36,552 [main] INFO  ha.OMHANodeDetails (OMHANodeDetails.java:loadOMHAConfig(115)) - ozone.om.internal.service.id is not defined, falling back to ozone.om.service.ids to find serviceID for OzoneManager if it is HA enabled cluster
2024-04-23 19:59:36,552 [main] INFO  ha.OMHANodeDetails (OMHANodeDetails.java:loadOMHAConfig(226)) - Configuration does not have ozone.om.address set. Falling back to the default OM address /127.0.0.1:15271
2024-04-23 19:59:36,552 [main] INFO  ha.OMHANodeDetails (OMHANodeDetails.java:getOMNodeDetailsForNonHA(254)) - OM Service ID is not set. Setting it to the default ID: omServiceIdDefault
2024-04-23 19:59:36,552 [main] INFO  ha.OMHANodeDetails (OMHANodeDetails.java:getOMNodeDetailsForNonHA(261)) - OM Node ID is not set. Setting it to the default ID: om1
2024-04-23 19:59:36,552 [main] WARN  server.ServerUtils (ServerUtils.java:getDBPath(299)) - ozone.om.db.dirs is not configured. We recommend adding this setting. Falling back to ozone.metadata.dirs instead.
2024-04-23 19:59:36,553 [main] INFO  upgrade.AbstractLayoutVersionManager (AbstractLayoutVersionManager.java:init(83)) - Initializing Layout version manager with metadata layout = QUOTA (version = 6), software layout = QUOTA (version = 6)
2024-04-23 19:59:36,581 [main] INFO  reflections.Reflections (Reflections.java:scan(219)) - Reflections took 27 ms to scan 2 urls, producing 188 keys and 545 values
2024-04-23 19:59:36,582 [main] INFO  upgrade.OMLayoutVersionManager (OMLayoutVersionManager.java:lambda$0(113)) - Skipping Upgrade Action QuotaRepairUpgradeAction since it has been finalized.
2024-04-23 19:59:36,582 [main] INFO  upgrade.OMLayoutVersionManager (OMLayoutVersionManager.java:lambda$0(113)) - Skipping Upgrade Action MockOmUpgradeAction since it has been finalized.
2024-04-23 19:59:36,582 [main] WARN  server.ServerUtils (ServerUtils.java:getDBPath(299)) - ozone.om.db.dirs is not configured. We recommend adding this setting. Falling back to ozone.metadata.dirs instead.
2024-04-23 19:59:36,583 [main] INFO  proxy.SCMBlockLocationFailoverProxyProvider (SCMBlockLocationFailoverProxyProvider.java:<init>(115)) - Created block location fail-over proxy with 1 nodes: [nodeId=scmNodeId,nodeAddress=/0.0.0.0:15268]
2024-04-23 19:59:36,583 [main] INFO  proxy.SCMBlockLocationFailoverProxyProvider (SCMBlockLocationFailoverProxyProvider.java:<init>(115)) - Created block location fail-over proxy with 1 nodes: [nodeId=scmNodeId,nodeAddress=/0.0.0.0:15268]
2024-04-23 19:59:36,589 [main] INFO  om.OzoneManager (OzoneManager.java:<init>(677)) - OM start with adminUsers: [runner]
2024-04-23 19:59:36,589 [main] WARN  server.ServerUtils (ServerUtils.java:getDBPath(299)) - ozone.om.db.dirs is not configured. We recommend adding this setting. Falling back to ozone.metadata.dirs instead.
2024-04-23 19:59:36,590 [main] INFO  helpers.OmKeyInfo (OmKeyInfo.java:getCodec(71)) - OmKeyInfo.getCodec ignorePipeline = true
2024-04-23 19:59:36,736 [main] INFO  om.OzoneManager (OzoneManager.java:instantiateServices(811)) - S3 Multi-Tenancy is disabled
2024-04-23 19:59:36,736 [main] INFO  om.OmSnapshotManager (OmSnapshotManager.java:<init>(179)) - Ozone filesystem snapshot feature is enabled.
2024-04-23 19:59:36,737 [main] WARN  server.ServerUtils (ServerUtils.java:getDBPath(299)) - ozone.om.snapshot.diff.db.dir is not configured. We recommend adding this setting. Falling back to ozone.metadata.dirs instead.
2024-04-23 19:59:36,752 [main] INFO  utils.NativeLibraryLoader (NativeLibraryLoader.java:loadLibrary(111)) - Loading Library: ozone_rocksdb_tools
2024-04-23 19:59:36,753 [main] ERROR snapshot.SnapshotDiffManager (SnapshotDiffManager.java:initNativeLibraryForEfficientDiff(287)) - Native Library for raw sst file reading loading failed.
org.apache.hadoop.hdds.utils.NativeLibraryNotLoadedException: Unable to load library ozone_rocksdb_tools from both java.library.path & resource file libozone_rocksdb_tools.so from jar.
	at org.apache.hadoop.hdds.utils.db.managed.ManagedRawSSTFileReader.loadLibrary(ManagedRawSSTFileReader.java:40)
	at org.apache.hadoop.ozone.om.snapshot.SnapshotDiffManager.initNativeLibraryForEfficientDiff(SnapshotDiffManager.java:285)
	at org.apache.hadoop.ozone.om.snapshot.SnapshotDiffManager.<init>(SnapshotDiffManager.java:259)
	at org.apache.hadoop.ozone.om.OmSnapshotManager.<init>(OmSnapshotManager.java:286)
	at org.apache.hadoop.ozone.om.OzoneManager.instantiateServices(OzoneManager.java:863)
	at org.apache.hadoop.ozone.om.OzoneManager.<init>(OzoneManager.java:687)
	at org.apache.hadoop.ozone.om.OzoneManager.createOm(OzoneManager.java:774)
	at org.apache.hadoop.ozone.MiniOzoneClusterImpl$Builder.createOM(MiniOzoneClusterImpl.java:689)
	at org.apache.hadoop.ozone.MiniOzoneClusterImpl$Builder.createAndStartSingleOM(MiniOzoneClusterImpl.java:673)
	at org.apache.hadoop.ozone.MiniOzoneClusterImpl$Builder.build(MiniOzoneClusterImpl.java:535)
	at org.apache.hadoop.ozone.client.rpc.TestWatchForCommit.init(TestWatchForCommit.java:154)
	at sun.reflect.NativeMethodAccessorImpl.invoke0(Native Method)
	at sun.reflect.NativeMethodAccessorImpl.invoke(NativeMethodAccessorImpl.java:62)
	at sun.reflect.DelegatingMethodAccessorImpl.invoke(DelegatingMethodAccessorImpl.java:43)
	at java.lang.reflect.Method.invoke(Method.java:498)
	at org.junit.platform.commons.util.ReflectionUtils.invokeMethod(ReflectionUtils.java:728)
	at org.junit.jupiter.engine.execution.MethodInvocation.proceed(MethodInvocation.java:60)
	at org.junit.jupiter.engine.execution.InvocationInterceptorChain$ValidatingInvocation.proceed(InvocationInterceptorChain.java:131)
	at org.junit.jupiter.engine.extension.TimeoutExtension.intercept(TimeoutExtension.java:156)
	at org.junit.jupiter.engine.extension.TimeoutExtension.interceptLifecycleMethod(TimeoutExtension.java:128)
	at org.junit.jupiter.engine.extension.TimeoutExtension.interceptBeforeEachMethod(TimeoutExtension.java:78)
	at org.junit.jupiter.engine.execution.InterceptingExecutableInvoker$ReflectiveInterceptorCall.lambda$ofVoidMethod$0(InterceptingExecutableInvoker.java:103)
	at org.junit.jupiter.engine.execution.InterceptingExecutableInvoker.lambda$invoke$0(InterceptingExecutableInvoker.java:93)
	at org.junit.jupiter.engine.execution.InvocationInterceptorChain$InterceptedInvocation.proceed(InvocationInterceptorChain.java:106)
	at org.junit.jupiter.engine.execution.InvocationInterceptorChain.proceed(InvocationInterceptorChain.java:64)
	at org.junit.jupiter.engine.execution.InvocationInterceptorChain.chainAndInvoke(InvocationInterceptorChain.java:45)
	at org.junit.jupiter.engine.execution.InvocationInterceptorChain.invoke(InvocationInterceptorChain.java:37)
	at org.junit.jupiter.engine.execution.InterceptingExecutableInvoker.invoke(InterceptingExecutableInvoker.java:92)
	at org.junit.jupiter.engine.execution.InterceptingExecutableInvoker.invoke(InterceptingExecutableInvoker.java:86)
	at org.junit.jupiter.engine.descriptor.ClassBasedTestDescriptor.invokeMethodInExtensionContext(ClassBasedTestDescriptor.java:521)
	at org.junit.jupiter.engine.descriptor.ClassBasedTestDescriptor.lambda$synthesizeBeforeEachMethodAdapter$23(ClassBasedTestDescriptor.java:506)
	at org.junit.jupiter.engine.descriptor.TestMethodTestDescriptor.lambda$invokeBeforeEachMethods$3(TestMethodTestDescriptor.java:175)
	at org.junit.jupiter.engine.descriptor.TestMethodTestDescriptor.lambda$invokeBeforeMethodsOrCallbacksUntilExceptionOccurs$6(TestMethodTestDescriptor.java:203)
	at org.junit.platform.engine.support.hierarchical.ThrowableCollector.execute(ThrowableCollector.java:73)
	at org.junit.jupiter.engine.descriptor.TestMethodTestDescriptor.invokeBeforeMethodsOrCallbacksUntilExceptionOccurs(TestMethodTestDescriptor.java:203)
	at org.junit.jupiter.engine.descriptor.TestMethodTestDescriptor.invokeBeforeEachMethods(TestMethodTestDescriptor.java:172)
	at org.junit.jupiter.engine.descriptor.TestMethodTestDescriptor.execute(TestMethodTestDescriptor.java:135)
	at org.junit.jupiter.engine.descriptor.TestMethodTestDescriptor.execute(TestMethodTestDescriptor.java:69)
	at org.junit.platform.engine.support.hierarchical.NodeTestTask.lambda$executeRecursively$6(NodeTestTask.java:151)
	at org.junit.platform.engine.support.hierarchical.ThrowableCollector.execute(ThrowableCollector.java:73)
	at org.junit.platform.engine.support.hierarchical.NodeTestTask.lambda$executeRecursively$8(NodeTestTask.java:141)
	at org.junit.platform.engine.support.hierarchical.Node.around(Node.java:137)
	at org.junit.platform.engine.support.hierarchical.NodeTestTask.lambda$executeRecursively$9(NodeTestTask.java:139)
	at org.junit.platform.engine.support.hierarchical.ThrowableCollector.execute(ThrowableCollector.java:73)
	at org.junit.platform.engine.support.hierarchical.NodeTestTask.executeRecursively(NodeTestTask.java:138)
	at org.junit.platform.engine.support.hierarchical.NodeTestTask.execute(NodeTestTask.java:95)
	at java.util.ArrayList.forEach(ArrayList.java:1259)
	at org.junit.platform.engine.support.hierarchical.SameThreadHierarchicalTestExecutorService.invokeAll(SameThreadHierarchicalTestExecutorService.java:41)
	at org.junit.platform.engine.support.hierarchical.NodeTestTask.lambda$executeRecursively$6(NodeTestTask.java:155)
	at org.junit.platform.engine.support.hierarchical.ThrowableCollector.execute(ThrowableCollector.java:73)
	at org.junit.platform.engine.support.hierarchical.NodeTestTask.lambda$executeRecursively$8(NodeTestTask.java:141)
	at org.junit.platform.engine.support.hierarchical.Node.around(Node.java:137)
	at org.junit.platform.engine.support.hierarchical.NodeTestTask.lambda$executeRecursively$9(NodeTestTask.java:139)
	at org.junit.platform.engine.support.hierarchical.ThrowableCollector.execute(ThrowableCollector.java:73)
	at org.junit.platform.engine.support.hierarchical.NodeTestTask.executeRecursively(NodeTestTask.java:138)
	at org.junit.platform.engine.support.hierarchical.NodeTestTask.execute(NodeTestTask.java:95)
	at java.util.ArrayList.forEach(ArrayList.java:1259)
	at org.junit.platform.engine.support.hierarchical.SameThreadHierarchicalTestExecutorService.invokeAll(SameThreadHierarchicalTestExecutorService.java:41)
	at org.junit.platform.engine.support.hierarchical.NodeTestTask.lambda$executeRecursively$6(NodeTestTask.java:155)
	at org.junit.platform.engine.support.hierarchical.ThrowableCollector.execute(ThrowableCollector.java:73)
	at org.junit.platform.engine.support.hierarchical.NodeTestTask.lambda$executeRecursively$8(NodeTestTask.java:141)
	at org.junit.platform.engine.support.hierarchical.Node.around(Node.java:137)
	at org.junit.platform.engine.support.hierarchical.NodeTestTask.lambda$executeRecursively$9(NodeTestTask.java:139)
	at org.junit.platform.engine.support.hierarchical.ThrowableCollector.execute(ThrowableCollector.java:73)
	at org.junit.platform.engine.support.hierarchical.NodeTestTask.executeRecursively(NodeTestTask.java:138)
	at org.junit.platform.engine.support.hierarchical.NodeTestTask.execute(NodeTestTask.java:95)
	at org.junit.platform.engine.support.hierarchical.SameThreadHierarchicalTestExecutorService.submit(SameThreadHierarchicalTestExecutorService.java:35)
	at org.junit.platform.engine.support.hierarchical.HierarchicalTestExecutor.execute(HierarchicalTestExecutor.java:57)
	at org.junit.platform.engine.support.hierarchical.HierarchicalTestEngine.execute(HierarchicalTestEngine.java:54)
	at org.junit.platform.launcher.core.EngineExecutionOrchestrator.execute(EngineExecutionOrchestrator.java:198)
	at org.junit.platform.launcher.core.EngineExecutionOrchestrator.execute(EngineExecutionOrchestrator.java:169)
	at org.junit.platform.launcher.core.EngineExecutionOrchestrator.execute(EngineExecutionOrchestrator.java:93)
	at org.junit.platform.launcher.core.EngineExecutionOrchestrator.lambda$execute$0(EngineExecutionOrchestrator.java:58)
	at org.junit.platform.launcher.core.EngineExecutionOrchestrator.withInterceptedStreams(EngineExecutionOrchestrator.java:141)
	at org.junit.platform.launcher.core.EngineExecutionOrchestrator.execute(EngineExecutionOrchestrator.java:57)
	at org.junit.platform.launcher.core.DefaultLauncher.execute(DefaultLauncher.java:103)
	at org.junit.platform.launcher.core.DefaultLauncher.execute(DefaultLauncher.java:85)
	at org.junit.platform.launcher.core.DelegatingLauncher.execute(DelegatingLauncher.java:47)
	at org.junit.platform.launcher.core.SessionPerRequestLauncher.execute(SessionPerRequestLauncher.java:63)
	at org.apache.maven.surefire.junitplatform.JUnitPlatformProvider.invokeAllTests(JUnitPlatformProvider.java:154)
	at org.apache.maven.surefire.junitplatform.JUnitPlatformProvider.invoke(JUnitPlatformProvider.java:123)
	at org.apache.maven.surefire.booter.ForkedBooter.runSuitesInProcess(ForkedBooter.java:377)
	at org.apache.maven.surefire.booter.ForkedBooter.execute(ForkedBooter.java:138)
	at org.apache.maven.surefire.booter.ForkedBooter.run(ForkedBooter.java:465)
	at org.apache.maven.surefire.booter.ForkedBooter.main(ForkedBooter.java:451)
2024-04-23 19:59:36,756 [main] INFO  om.OzoneManager (OzoneManager.java:addS3GVolumeToDB(4463)) - Created Volume s3v With Owner runner required for S3Gateway operations.
2024-04-23 19:59:36,756 [main] WARN  server.ServerUtils (ServerUtils.java:getDefaultRatisDirectory(311)) - Storage directory for Ratis is not configured. It is a good idea to map this to an SSD disk. Falling back to ozone.metadata.dirs
2024-04-23 19:59:36,756 [main] WARN  utils.OzoneManagerRatisUtils (OzoneManagerRatisUtils.java:getOMRatisSnapshotDirectory(476)) - ozone.om.ratis.snapshot.dir is not configured. Falling back to ozone.metadata.dirs config
2024-04-23 19:59:36,757 [main] WARN  server.ServerUtils (ServerUtils.java:getDefaultRatisDirectory(311)) - Storage directory for Ratis is not configured. It is a good idea to map this to an SSD disk. Falling back to ozone.metadata.dirs
2024-04-23 19:59:36,757 [main] INFO  ratis.OzoneManagerRatisServer (OzoneManagerRatisServer.java:<init>(167)) - Instantiating OM Ratis server with groupID: omServiceIdDefault and peers: localhost:15274
2024-04-23 19:59:36,758 [main] INFO  ratis.OzoneManagerStateMachine (OzoneManagerStateMachine.java:loadSnapshotInfoFromDB(589)) - TransactionInfo not found in OM DB.
2024-04-23 19:59:36,758 [main] INFO  server.RaftServer (ConfUtils.java:logGet(46)) - raft.rpc.type = GRPC (default)
2024-04-23 19:59:36,758 [main] INFO  grpc.GrpcConfigKeys (ConfUtils.java:logFallback(53)) - raft.grpc.admin.host = null (fallback to raft.grpc.server.host)
2024-04-23 19:59:36,758 [main] INFO  grpc.GrpcConfigKeys (ConfUtils.java:logFallback(53)) - raft.grpc.admin.port = 15274 (fallback to raft.grpc.server.port)
2024-04-23 19:59:36,759 [main] INFO  grpc.GrpcConfigKeys (ConfUtils.java:logFallback(53)) - raft.grpc.client.host = null (fallback to raft.grpc.server.host)
2024-04-23 19:59:36,759 [main] INFO  grpc.GrpcConfigKeys (ConfUtils.java:logFallback(53)) - raft.grpc.client.port = 15274 (fallback to raft.grpc.server.port)
2024-04-23 19:59:36,759 [main] INFO  grpc.GrpcConfigKeys (ConfUtils.java:logGet(46)) - raft.grpc.server.host = null (default)
2024-04-23 19:59:36,759 [main] INFO  grpc.GrpcConfigKeys (ConfUtils.java:logGet(46)) - raft.grpc.server.port = 15274 (custom)
2024-04-23 19:59:36,759 [main] INFO  server.GrpcService (ConfUtils.java:logGet(46)) - raft.grpc.message.size.max = 4194304 (custom)
2024-04-23 19:59:36,759 [main] INFO  server.RaftServerConfigKeys (ConfUtils.java:logGet(46)) - raft.server.log.appender.buffer.byte-limit = 4194304 (custom)
2024-04-23 19:59:36,760 [main] INFO  server.GrpcService (ConfUtils.java:logGet(46)) - raft.grpc.flow.control.window = 1MB (=1048576) (default)
2024-04-23 19:59:36,760 [main] INFO  server.RaftServerConfigKeys (ConfUtils.java:logGet(46)) - raft.server.rpc.request.timeout = 3000ms (default)
2024-04-23 19:59:36,760 [main] INFO  grpc.GrpcConfigKeys (ConfUtils.java:logGet(46)) - raft.grpc.server.heartbeat.channel = true (default)
2024-04-23 19:59:36,760 [main] INFO  grpc.GrpcConfigKeys (ConfUtils.java:logGet(46)) - raft.grpc.server.async.request.thread.pool.cached = true (default)
2024-04-23 19:59:36,760 [main] INFO  grpc.GrpcConfigKeys (ConfUtils.java:logGet(46)) - raft.grpc.server.async.request.thread.pool.size = 32 (default)
2024-04-23 19:59:36,762 [main] INFO  impl.DataStreamServerImpl (ConfUtils.java:logGet(46)) - raft.datastream.type = DISABLED (default)
2024-04-23 19:59:36,762 [main] INFO  server.RaftServerConfigKeys (ConfUtils.java:logGet(46)) - raft.server.sleep.deviation.threshold = 300ms (default)
2024-04-23 19:59:36,762 [main] INFO  server.RaftServerConfigKeys (ConfUtils.java:logGet(46)) - raft.server.close.threshold = 60s (default)
2024-04-23 19:59:36,762 [main] INFO  server.RaftServerConfigKeys (ConfUtils.java:logGet(46)) - raft.server.leaderelection.leader.step-down.wait-time = 10s (default)
2024-04-23 19:59:36,762 [main] INFO  server.RaftServerConfigKeys (ConfUtils.java:logGet(46)) - raft.server.storage.dir = [/home/runner/work/ozone/ozone/hadoop-ozone/integration-test/target/test-dir/MiniOzoneClusterImpl-d857b234-8aec-441a-a9c9-a34f2a008b14/ozone-meta/ratis] (custom)
2024-04-23 19:59:36,763 [main] INFO  server.RaftServerConfigKeys (ConfUtils.java:logGet(46)) - raft.server.threadpool.proxy.cached = true (default)
2024-04-23 19:59:36,763 [main] INFO  server.RaftServerConfigKeys (ConfUtils.java:logGet(46)) - raft.server.threadpool.proxy.size = 0 (default)
2024-04-23 19:59:36,763 [main] INFO  server.RaftServer (RaftServerProxy.java:addNew(100)) - om1: addNew group-C5BA1605619E:[om1|localhost:15274] returns group-C5BA1605619E:java.util.concurrent.CompletableFuture@406ad1aa[Not completed]
2024-04-23 19:59:36,763 [om1-groupManagement] INFO  server.RaftServer$Division (RaftServerImpl.java:<init>(256)) - om1: new RaftServerImpl for group-C5BA1605619E:[om1|localhost:15274] with OzoneManagerStateMachine:uninitialized
2024-04-23 19:59:36,763 [main] INFO  om.OzoneManager (OzoneManager.java:initializeRatisServer(2168)) - OzoneManager Ratis server initialized at port 15274
2024-04-23 19:59:36,763 [om1-groupManagement] INFO  server.RaftServerConfigKeys (ConfUtils.java:logGet(46)) - raft.server.rpc.timeout.min = 1s (custom)
2024-04-23 19:59:36,764 [om1-groupManagement] INFO  server.RaftServerConfigKeys (ConfUtils.java:logGet(46)) - raft.server.rpc.timeout.max = 1200ms (custom)
2024-04-23 19:59:36,764 [om1-groupManagement] INFO  server.RaftServerConfigKeys (ConfUtils.java:logGet(46)) - raft.server.rpc.sleep.time = 25ms (default)
2024-04-23 19:59:36,764 [om1-groupManagement] INFO  server.RaftServerConfigKeys (ConfUtils.java:logGet(46)) - raft.server.rpc.slowness.timeout = 120s (custom)
2024-04-23 19:59:36,764 [om1-groupManagement] INFO  server.RaftServerConfigKeys (ConfUtils.java:logGet(46)) - raft.server.leaderelection.leader.step-down.wait-time = 10s (default)
2024-04-23 19:59:36,764 [om1-groupManagement] INFO  server.RaftServerConfigKeys (ConfUtils.java:logGet(46)) - raft.server.leaderelection.member.majority-add = false (default)
2024-04-23 19:59:36,764 [om1-groupManagement] INFO  server.RaftServerConfigKeys (ConfUtils.java:logGet(46)) - raft.server.sleep.deviation.threshold = 300ms (default)
2024-04-23 19:59:36,764 [main] INFO  om.OzoneManager (OzoneManager.java:getRpcServer(1227)) - Creating RPC Server
2024-04-23 19:59:36,764 [om1-groupManagement] INFO  server.RaftServer$Division (ServerState.java:<init>(113)) - om1@group-C5BA1605619E: ConfigurationManager, init=-1: peers:[om1|localhost:15274]|listeners:[], old=null, confs=<EMPTY_MAP>
2024-04-23 19:59:36,764 [om1-groupManagement] INFO  server.RaftServerConfigKeys (ConfUtils.java:logGet(46)) - raft.server.notification.no-leader.timeout = 120s (custom)
2024-04-23 19:59:36,764 [om1-groupManagement] INFO  server.RaftServerConfigKeys (ConfUtils.java:logGet(46)) - raft.server.read.timeout = 10s (default)
2024-04-23 19:59:36,765 [om1-groupManagement] INFO  server.RaftServerConfigKeys (ConfUtils.java:logGet(46)) - raft.server.retrycache.expirytime = 300s (custom)
2024-04-23 19:59:36,765 [om1-groupManagement] INFO  server.RaftServerConfigKeys (ConfUtils.java:logGet(46)) - raft.server.retrycache.statistics.expirytime = 100ms (default)
2024-04-23 19:59:36,765 [om1-groupManagement] INFO  server.RaftServerConfigKeys (ConfUtils.java:logGet(46)) - raft.server.read.option = DEFAULT (default)
2024-04-23 19:59:36,765 [om1-groupManagement] INFO  server.RaftServerConfigKeys (ConfUtils.java:logGet(46)) - raft.server.read.read-after-write-consistent.write-index-cache.expiry-time = 60s (default)
2024-04-23 19:59:36,766 [om1-groupManagement] INFO  server.RaftServerConfigKeys (ConfUtils.java:logGet(46)) - raft.server.rpc.request.timeout = 3000ms (default)
2024-04-23 19:59:36,766 [om1-groupManagement] INFO  server.RaftServerConfigKeys (ConfUtils.java:logGet(46)) - raft.server.log.appender.install.snapshot.enabled = false (custom)
2024-04-23 19:59:36,766 [om1-groupManagement] INFO  server.RaftServerConfigKeys (ConfUtils.java:logGet(46)) - raft.server.threadpool.server.cached = true (default)
2024-04-23 19:59:36,766 [om1-groupManagement] INFO  server.RaftServerConfigKeys (ConfUtils.java:logGet(46)) - raft.server.threadpool.server.size = 0 (default)
2024-04-23 19:59:36,766 [om1-groupManagement] INFO  server.RaftServerConfigKeys (ConfUtils.java:logGet(46)) - raft.server.threadpool.client.cached = true (default)
2024-04-23 19:59:36,767 [om1-groupManagement] INFO  server.RaftServerConfigKeys (ConfUtils.java:logGet(46)) - raft.server.threadpool.client.size = 0 (default)
2024-04-23 19:59:37,125 [main] INFO  reflections.Reflections (Reflections.java:scan(219)) - Reflections took 360 ms to scan 20 urls, producing 58 keys and 6540 values
2024-04-23 19:59:37,126 [main] INFO  ipc.CallQueueManager (CallQueueManager.java:<init>(90)) - Using callQueue: class java.util.concurrent.LinkedBlockingQueue, queueCapacity: 2000, scheduler: class org.apache.hadoop.ipc.DefaultRpcScheduler, ipcBackoff: false.
2024-04-23 19:59:37,127 [main] INFO  ipc.Server (Server.java:<init>(1287)) - Listener at 127.0.0.1:15271
2024-04-23 19:59:37,127 [Socket Reader #1 for port 15271] INFO  ipc.Server (Server.java:run(1323)) - Starting Socket Reader #1 for port 15271
2024-04-23 19:59:37,142 [main] INFO  impl.MetricsSystemImpl (MetricsSystemImpl.java:init(158)) - OzoneManager metrics system started (again)
2024-04-23 19:59:37,150 [main] INFO  om.OzoneManager (OzoneManager.java:start(1649)) - OzoneManager RPC server is listening at localhost/127.0.0.1:15271
2024-04-23 19:59:37,151 [main] INFO  ratis.OzoneManagerRatisServer (OzoneManagerRatisServer.java:start(588)) - Starting OzoneManagerRatisServer om1 at port 15274
2024-04-23 19:59:37,151 [om1-impl-thread1] INFO  server.RaftServerConfigKeys (ConfUtils.java:logGet(46)) - raft.server.storage.free-space.min = 0MB (=0) (default)
2024-04-23 19:59:37,151 [om1-impl-thread1] INFO  server.RaftServerConfigKeys (ConfUtils.java:logGet(46)) - raft.server.log.corruption.policy = EXCEPTION (default)
2024-04-23 19:59:37,151 [om1-impl-thread1] INFO  server.RaftServerConfigKeys (ConfUtils.java:logGet(46)) - raft.server.storage.dir = [/home/runner/work/ozone/ozone/hadoop-ozone/integration-test/target/test-dir/MiniOzoneClusterImpl-d857b234-8aec-441a-a9c9-a34f2a008b14/ozone-meta/ratis] (custom)
2024-04-23 19:59:37,151 [om1-impl-thread1] INFO  storage.RaftStorageDirectory (RaftStorageDirectoryImpl.java:analyzeStorage(138)) - The storage directory /home/runner/work/ozone/ozone/hadoop-ozone/integration-test/target/test-dir/MiniOzoneClusterImpl-d857b234-8aec-441a-a9c9-a34f2a008b14/ozone-meta/ratis/bf265839-605b-3f16-9796-c5ba1605619e does not exist. Creating ...
2024-04-23 19:59:37,152 [om1-impl-thread1] INFO  storage.RaftStorageDirectory (RaftStorageDirectoryImpl.java:tryLock(228)) - Lock on /home/runner/work/ozone/ozone/hadoop-ozone/integration-test/target/test-dir/MiniOzoneClusterImpl-d857b234-8aec-441a-a9c9-a34f2a008b14/ozone-meta/ratis/bf265839-605b-3f16-9796-c5ba1605619e/in_use.lock acquired by nodename 20519@fv-az1496-552
2024-04-23 19:59:37,153 [om1-impl-thread1] INFO  storage.RaftStorage (RaftStorageImpl.java:format(99)) - Storage directory /home/runner/work/ozone/ozone/hadoop-ozone/integration-test/target/test-dir/MiniOzoneClusterImpl-d857b234-8aec-441a-a9c9-a34f2a008b14/ozone-meta/ratis/bf265839-605b-3f16-9796-c5ba1605619e has been successfully formatted.
2024-04-23 19:59:37,154 [om1-impl-thread1] WARN  util.FileUtils (LogUtils.java:supplyAndLog(63)) - Failed to Files.newInputStream /home/runner/work/ozone/ozone/hadoop-ozone/integration-test/target/test-dir/MiniOzoneClusterImpl-d857b234-8aec-441a-a9c9-a34f2a008b14/ozone-meta/ratis/bf265839-605b-3f16-9796-c5ba1605619e/current/raft-meta.conf with options []: java.nio.file.NoSuchFileException: /home/runner/work/ozone/ozone/hadoop-ozone/integration-test/target/test-dir/MiniOzoneClusterImpl-d857b234-8aec-441a-a9c9-a34f2a008b14/ozone-meta/ratis/bf265839-605b-3f16-9796-c5ba1605619e/current/raft-meta.conf
2024-04-23 19:59:37,154 [om1-impl-thread1] INFO  server.RaftServerConfigKeys (ConfUtils.java:logGet(46)) - raft.server.log.use.memory = false (default)
2024-04-23 19:59:37,154 [om1-impl-thread1] INFO  server.RaftServerConfigKeys (ConfUtils.java:logGet(46)) - raft.server.log.purge.gap = 1000000 (custom)
2024-04-23 19:59:37,154 [om1-impl-thread1] INFO  server.RaftServerConfigKeys (ConfUtils.java:logGet(46)) - raft.server.log.appender.buffer.byte-limit = 4194304 (custom)
2024-04-23 19:59:37,154 [om1-impl-thread1] INFO  server.RaftServerConfigKeys (ConfUtils.java:logGet(46)) - raft.server.log.statemachine.data.read.timeout = 1000ms (default)
2024-04-23 19:59:37,154 [om1-impl-thread1] INFO  server.RaftServerConfigKeys (ConfUtils.java:logGet(46)) - raft.server.log.purge.preservation.log.num = 0 (default)
2024-04-23 19:59:37,154 [om1-impl-thread1] INFO  server.RaftServerConfigKeys (ConfUtils.java:logGet(46)) - raft.server.log.segment.size.max = 4194304 (custom)
2024-04-23 19:59:37,154 [om1-impl-thread1] INFO  server.RaftServerConfigKeys (ConfUtils.java:logGet(46)) - raft.server.log.segment.cache.num.max = 2 (custom)
2024-04-23 19:59:37,154 [om1-impl-thread1] INFO  server.RaftServerConfigKeys (ConfUtils.java:logGet(46)) - raft.server.log.segment.cache.size.max = 200MB (=209715200) (default)
2024-04-23 19:59:37,154 [om1-impl-thread1] INFO  server.RaftServerConfigKeys (ConfUtils.java:logGet(46)) - raft.server.log.appender.buffer.byte-limit = 4194304 (custom)
2024-04-23 19:59:37,155 [om1-impl-thread1] INFO  util.AwaitToRun (AwaitToRun.java:start(81)) - Thread[om1@group-C5BA1605619E-cacheEviction-AwaitToRun,5,main] started
2024-04-23 19:59:37,155 [om1-impl-thread1] INFO  segmented.SegmentedRaftLogWorker (SegmentedRaftLogWorker.java:<init>(182)) - new om1@group-C5BA1605619E-SegmentedRaftLogWorker for RaftStorageImpl:Storage Directory /home/runner/work/ozone/ozone/hadoop-ozone/integration-test/target/test-dir/MiniOzoneClusterImpl-d857b234-8aec-441a-a9c9-a34f2a008b14/ozone-meta/ratis/bf265839-605b-3f16-9796-c5ba1605619e
2024-04-23 19:59:37,155 [om1-impl-thread1] INFO  server.RaftServerConfigKeys (ConfUtils.java:logGet(46)) - raft.server.log.queue.byte-limit = 64MB (=67108864) (default)
2024-04-23 19:59:37,155 [om1-impl-thread1] INFO  server.RaftServerConfigKeys (ConfUtils.java:logGet(46)) - raft.server.log.queue.element-limit = 4096 (default)
2024-04-23 19:59:37,155 [om1-impl-thread1] INFO  server.RaftServerConfigKeys (ConfUtils.java:logGet(46)) - raft.server.log.segment.size.max = 4194304 (custom)
2024-04-23 19:59:37,155 [om1-impl-thread1] INFO  server.RaftServerConfigKeys (ConfUtils.java:logGet(46)) - raft.server.log.preallocated.size = 4194304 (custom)
2024-04-23 19:59:37,155 [om1-impl-thread1] INFO  server.RaftServerConfigKeys (ConfUtils.java:logGet(46)) - raft.server.log.force.sync.num = 128 (default)
2024-04-23 19:59:37,155 [om1-impl-thread1] INFO  server.RaftServerConfigKeys (ConfUtils.java:logGet(46)) - raft.server.log.statemachine.data.sync = true (default)
2024-04-23 19:59:37,155 [om1-impl-thread1] INFO  server.RaftServerConfigKeys (ConfUtils.java:logGet(46)) - raft.server.log.statemachine.data.sync.timeout = 10s (default)
2024-04-23 19:59:37,155 [om1-impl-thread1] INFO  server.RaftServerConfigKeys (ConfUtils.java:logGet(46)) - raft.server.log.statemachine.data.sync.timeout.retry = -1 (default)
2024-04-23 19:59:37,155 [om1-impl-thread1] INFO  server.RaftServerConfigKeys (ConfUtils.java:logGet(46)) - raft.server.log.write.buffer.size = 4194312 (custom)
2024-04-23 19:59:37,156 [om1-impl-thread1] INFO  server.RaftServerConfigKeys (ConfUtils.java:logGet(46)) - raft.server.log.appender.buffer.byte-limit = 4194304 (custom)
2024-04-23 19:59:37,157 [om1-impl-thread1] INFO  server.RaftServerConfigKeys (ConfUtils.java:logGet(46)) - raft.server.log.unsafe-flush.enabled = false (default)
2024-04-23 19:59:37,157 [om1-impl-thread1] INFO  server.RaftServerConfigKeys (ConfUtils.java:logGet(46)) - raft.server.log.async-flush.enabled = false (default)
2024-04-23 19:59:37,157 [om1-impl-thread1] INFO  server.RaftServerConfigKeys (ConfUtils.java:logGet(46)) - raft.server.log.statemachine.data.caching.enabled = false (default)
2024-04-23 19:59:37,157 [om1-impl-thread1] INFO  segmented.SegmentedRaftLogWorker (SegmentedRaftLogWorker.java:lambda$new$0(134)) - om1@group-C5BA1605619E-SegmentedRaftLogWorker: flushIndex: setUnconditionally 0 -> -1
2024-04-23 19:59:37,157 [om1-impl-thread1] INFO  segmented.SegmentedRaftLogWorker (SegmentedRaftLogWorker.java:lambda$new$0(134)) - om1@group-C5BA1605619E-SegmentedRaftLogWorker: safeCacheEvictIndex: setUnconditionally 0 -> -1
2024-04-23 19:59:37,157 [om1-impl-thread1] INFO  server.RaftServer$Division (RaftServerImpl.java:start(396)) - om1@group-C5BA1605619E: start as a follower, conf=-1: peers:[om1|localhost:15274]|listeners:[], old=null
2024-04-23 19:59:37,157 [om1-impl-thread1] INFO  server.RaftServer$Division (RaftServerImpl.java:setRole(383)) - om1@group-C5BA1605619E: changes role from      null to FOLLOWER at term 0 for startAsFollower
2024-04-23 19:59:37,157 [om1-impl-thread1] INFO  impl.RoleInfo (RoleInfo.java:updateAndGet(139)) - om1: start om1@group-C5BA1605619E-FollowerState
2024-04-23 19:59:37,157 [om1@group-C5BA1605619E-FollowerState] INFO  server.RaftServerConfigKeys (ConfUtils.java:logFallback(53)) - raft.server.rpc.first-election.timeout.min = 1s (fallback to raft.server.rpc.timeout.min)
2024-04-23 19:59:37,159 [om1@group-C5BA1605619E-FollowerState] INFO  server.RaftServerConfigKeys (ConfUtils.java:logFallback(53)) - raft.server.rpc.first-election.timeout.max = 1200ms (fallback to raft.server.rpc.timeout.max)
2024-04-23 19:59:37,159 [om1-impl-thread1] INFO  util.JmxRegister (JmxRegister.java:tryRegister(44)) - Successfully registered JMX Bean with object name Ratis:service=RaftServer,group=group-C5BA1605619E,id=om1
2024-04-23 19:59:37,159 [om1-impl-thread1] INFO  server.RaftServerConfigKeys (ConfUtils.java:logGet(46)) - raft.server.snapshot.trigger-when-stop.enabled = true (default)
2024-04-23 19:59:37,159 [om1-impl-thread1] INFO  server.RaftServerConfigKeys (ConfUtils.java:logGet(46)) - raft.server.snapshot.auto.trigger.enabled = true (custom)
2024-04-23 19:59:37,159 [om1-impl-thread1] INFO  server.RaftServerConfigKeys (ConfUtils.java:logGet(46)) - raft.server.snapshot.auto.trigger.threshold = 400000 (default)
2024-04-23 19:59:37,159 [om1-impl-thread1] INFO  server.RaftServerConfigKeys (ConfUtils.java:logGet(46)) - raft.server.snapshot.retention.file.num = -1 (default)
2024-04-23 19:59:37,159 [om1-impl-thread1] INFO  server.RaftServerConfigKeys (ConfUtils.java:logGet(46)) - raft.server.log.purge.upto.snapshot.index = true (custom)
2024-04-23 19:59:37,160 [main] INFO  server.RaftServer (RaftServerProxy.java:startImpl(406)) - om1: start RPC server
2024-04-23 19:59:37,160 [main] INFO  server.GrpcService (GrpcService.java:startImpl(302)) - om1: GrpcService started, listening on 15274
2024-04-23 19:59:37,161 [JvmPauseMonitor34] INFO  util.JvmPauseMonitor (JvmPauseMonitor.java:run(146)) - JvmPauseMonitor-om1: Started
2024-04-23 19:59:37,161 [main] INFO  om.OzoneManager (OzoneManager.java:start(1665)) - Version File has different layout version (6) than OM DB (null). That is expected if this OM has never been finalized to a newer layout version.
2024-04-23 19:59:37,167 [main] INFO  client.ScmTopologyClient (ScmTopologyClient.java:start(72)) - Initial network topology fetched from SCM: /.
2024-04-23 19:59:37,167 [main] INFO  net.NodeSchemaLoader (NodeSchemaLoader.java:loadSchemaFromFile(129)) - Loading schema from [file:/home/runner/work/ozone/ozone/hadoop-hdds/common/target/classes/network-topology-default.xml]
2024-04-23 19:59:37,168 [main] INFO  net.NodeSchemaLoader (NodeSchemaLoader.java:loadSchema(176)) - Loading network topology layer schema file
2024-04-23 19:59:37,171 [main] INFO  http.BaseHttpServer (BaseHttpServer.java:newHttpServer2BuilderForOzone(223)) - Starting Web-server for ozoneManager at: http://0.0.0.0:15272
2024-04-23 19:59:37,172 [main] INFO  http.BaseHttpServer (BaseHttpServer.java:<init>(110)) - Hadoop Security Enabled: false Ozone Security Enabled: false Ozone HTTP Security Enabled: false 
2024-04-23 19:59:37,173 [main] WARN  server.AuthenticationFilter (AuthenticationFilter.java:constructSecretProvider(240)) - Unable to initialize FileSignerSecretProvider, falling back to use random secrets. Reason: Could not read signature secret file: /home/runner/hadoop-http-auth-signature-secret
2024-04-23 19:59:37,173 [main] INFO  http.HttpRequestLog (HttpRequestLog.java:getRequestLog(86)) - Http request log for http.requests.ozoneManager is not defined
2024-04-23 19:59:37,174 [main] INFO  http.HttpServer2 (HttpServer2.java:addGlobalFilter(1036)) - Added global filter 'safety' (class=org.apache.hadoop.hdds.server.http.HttpServer2$QuotingInputFilter)
2024-04-23 19:59:37,174 [main] INFO  http.HttpServer2 (HttpServer2.java:addFilter(1012)) - Added filter static_user_filter (class=org.apache.hadoop.http.lib.StaticUserWebFilter$StaticUserFilter) to context ozoneManager
2024-04-23 19:59:37,175 [main] INFO  http.HttpServer2 (HttpServer2.java:addFilter(1020)) - Added filter static_user_filter (class=org.apache.hadoop.http.lib.StaticUserWebFilter$StaticUserFilter) to context logs
2024-04-23 19:59:37,175 [main] INFO  http.HttpServer2 (HttpServer2.java:addFilter(1020)) - Added filter static_user_filter (class=org.apache.hadoop.http.lib.StaticUserWebFilter$StaticUserFilter) to context static
2024-04-23 19:59:37,175 [main] INFO  http.BaseHttpServer (BaseHttpServer.java:<init>(189)) - HTTP server of ozoneManager uses base directory /home/runner/work/ozone/ozone/hadoop-ozone/integration-test/target/test-dir/MiniOzoneClusterImpl-d857b234-8aec-441a-a9c9-a34f2a008b14/ozone-meta/webserver
2024-04-23 19:59:37,175 [main] INFO  http.HttpServer2 (HttpServer2.java:bindListener(1236)) - Jetty bound to port 15272
2024-04-23 19:59:37,176 [main] INFO  server.Server (Server.java:doStart(375)) - jetty-9.4.53.v20231009; built: 2023-10-09T12:29:09.265Z; git: 27bde00a0b95a1d5bbee0eae7984f891d2d0f8c9; jvm 1.8.0_402-b06
2024-04-23 19:59:37,177 [main] INFO  server.session (DefaultSessionIdManager.java:doStart(334)) - DefaultSessionIdManager workerName=node0
2024-04-23 19:59:37,177 [main] INFO  server.session (DefaultSessionIdManager.java:doStart(339)) - No SessionScavenger set, using defaults
2024-04-23 19:59:37,177 [main] INFO  server.session (HouseKeeper.java:startScavenging(132)) - node0 Scavenging every 600000ms
2024-04-23 19:59:37,178 [main] INFO  handler.ContextHandler (ContextHandler.java:doStart(921)) - Started o.e.j.s.ServletContextHandler@1bd89be8{logs,/logs,file:///home/runner/work/ozone/ozone/hadoop-ozone/integration-test/target/log,AVAILABLE}
2024-04-23 19:59:37,178 [main] INFO  handler.ContextHandler (ContextHandler.java:doStart(921)) - Started o.e.j.s.ServletContextHandler@3b5ed82e{static,/static,file:///home/runner/work/ozone/ozone/hadoop-ozone/integration-test/target/test-classes/webapps/static,AVAILABLE}
2024-04-23 19:59:37,180 [main] INFO  handler.ContextHandler (ContextHandler.java:doStart(921)) - Started o.e.j.w.WebAppContext@50e984d7{ozoneManager,/,file:///home/runner/work/ozone/ozone/hadoop-ozone/integration-test/target/test-classes/webapps/ozoneManager/,AVAILABLE}{file:/home/runner/work/ozone/ozone/hadoop-ozone/integration-test/target/test-classes/webapps/ozoneManager}
2024-04-23 19:59:37,182 [main] INFO  server.AbstractConnector (AbstractConnector.java:doStart(333)) - Started ServerConnector@5ca6435b{HTTP/1.1, (http/1.1)}{0.0.0.0:15272}
2024-04-23 19:59:37,182 [main] INFO  server.Server (Server.java:doStart(415)) - Started @110062ms
2024-04-23 19:59:37,182 [main] WARN  impl.MetricsSystemImpl (MetricsSystemImpl.java:register(279)) - Sink prometheus already exists!
2024-04-23 19:59:37,182 [main] INFO  http.BaseHttpServer (BaseHttpServer.java:updateConnectorAddress(354)) - HTTP server of ozoneManager listening at http://0.0.0.0:15272
2024-04-23 19:59:37,183 [IPC Server Responder] INFO  ipc.Server (Server.java:run(1562)) - IPC Server Responder: starting
2024-04-23 19:59:37,183 [IPC Server listener on 15271] INFO  ipc.Server (Server.java:run(1402)) - IPC Server listener on 15271: starting
2024-04-23 19:59:37,186 [main] INFO  om.OzoneManager (OzoneManager.java:startTrashEmptier(2121)) - Trash Interval set to 0. Files deleted won't move to trash
2024-04-23 19:59:37,201 [main] WARN  dropwizard3.Dm3MetricRegistriesImpl (Dm3MetricRegistriesImpl.java:addReporterRegistration(113)) - New reporters are added after registries were created. Some metrics will be missing from the reporter. Please add reporter before adding any new registry.
2024-04-23 19:59:37,202 [main] WARN  dropwizard3.Dm3MetricRegistriesImpl (Dm3MetricRegistriesImpl.java:addReporterRegistration(113)) - New reporters are added after registries were created. Some metrics will be missing from the reporter. Please add reporter before adding any new registry.
2024-04-23 19:59:37,202 [main] INFO  impl.MetricsSystemImpl (MetricsSystemImpl.java:init(158)) - HddsDatanode metrics system started (again)
2024-04-23 19:59:37,213 [main] INFO  ozone.HddsDatanodeService (HddsDatanodeService.java:start(240)) - HddsDatanodeService host:fv-az1496-552.f1h4rheolecetjhvv40pmv1bec.bx.internal.cloudapp.net ip:10.1.0.27
2024-04-23 19:59:37,229 [main] INFO  upgrade.AbstractLayoutVersionManager (AbstractLayoutVersionManager.java:init(83)) - Initializing Layout version manager with metadata layout = HADOOP_PRC_PORTS_IN_DATANODEDETAILS (version = 7), software layout = HADOOP_PRC_PORTS_IN_DATANODEDETAILS (version = 7)
2024-04-23 19:59:37,230 [main] INFO  statemachine.DatanodeStateMachine (DatanodeStateMachine.java:getEndPointTaskThreadPoolSize(299)) - Datanode State Machine Task Thread Pool size 2
2024-04-23 19:59:37,230 [main] INFO  volume.HddsVolume (HddsVolume.java:<init>(126)) - Creating HddsVolume: /home/runner/work/ozone/ozone/hadoop-ozone/integration-test/target/test-dir/MiniOzoneClusterImpl-d857b234-8aec-441a-a9c9-a34f2a008b14/ozone-meta/datanode-1/data-0/hdds of storage type : DISK capacity : 9223372036854775807
2024-04-23 19:59:37,231 [main] INFO  volume.MutableVolumeSet (MutableVolumeSet.java:initializeVolumeSet(173)) - Added Volume : /home/runner/work/ozone/ozone/hadoop-ozone/integration-test/target/test-dir/MiniOzoneClusterImpl-d857b234-8aec-441a-a9c9-a34f2a008b14/ozone-meta/datanode-1/data-0/hdds to VolumeSet
2024-04-23 19:59:37,231 [main] INFO  volume.MutableVolumeSet (MutableVolumeSet.java:initializeVolumeSet(173)) - Added Volume : /home/runner/work/ozone/ozone/hadoop-ozone/integration-test/target/test-dir/MiniOzoneClusterImpl-d857b234-8aec-441a-a9c9-a34f2a008b14/ozone-meta/datanode-1/ratis to VolumeSet
2024-04-23 19:59:37,232 [main] INFO  ozoneimpl.OzoneContainer (HddsVolumeUtil.java:loadAllHddsVolumeDbStore(103)) - Load 1 volumes DbStore cost: 0ms
2024-04-23 19:59:37,233 [main] INFO  server.RaftServer (ConfUtils.java:logGet(46)) - raft.rpc.type = GRPC (default)
2024-04-23 19:59:37,233 [main] INFO  grpc.GrpcConfigKeys (ConfUtils.java:logFallback(53)) - raft.grpc.admin.host = null (fallback to raft.grpc.server.host)
2024-04-23 19:59:37,233 [main] INFO  grpc.GrpcConfigKeys (ConfUtils.java:logGet(46)) - raft.grpc.admin.port = 15280 (custom)
2024-04-23 19:59:37,234 [main] INFO  grpc.GrpcConfigKeys (ConfUtils.java:logFallback(53)) - raft.grpc.client.host = null (fallback to raft.grpc.server.host)
2024-04-23 19:59:37,234 [main] INFO  grpc.GrpcConfigKeys (ConfUtils.java:logGet(46)) - raft.grpc.client.port = 15279 (custom)
2024-04-23 19:59:37,234 [main] INFO  grpc.GrpcConfigKeys (ConfUtils.java:logGet(46)) - raft.grpc.server.host = null (default)
2024-04-23 19:59:37,234 [main] INFO  grpc.GrpcConfigKeys (ConfUtils.java:logGet(46)) - raft.grpc.server.port = 15281 (custom)
2024-04-23 19:59:37,234 [main] INFO  server.GrpcService (ConfUtils.java:logGet(46)) - raft.grpc.message.size.max = 32MB (=33554432) (custom)
2024-04-23 19:59:37,234 [main] INFO  server.RaftServerConfigKeys (ConfUtils.java:logGet(46)) - raft.server.log.appender.buffer.byte-limit = 8388608 (custom)
2024-04-23 19:59:37,234 [main] INFO  server.GrpcService (ConfUtils.java:logGet(46)) - raft.grpc.flow.control.window = 5MB (=5242880) (custom)
2024-04-23 19:59:37,234 [main] INFO  server.RaftServerConfigKeys (ConfUtils.java:logGet(46)) - raft.server.rpc.request.timeout = 3000ms (default)
2024-04-23 19:59:37,234 [main] INFO  grpc.GrpcConfigKeys (ConfUtils.java:logGet(46)) - raft.grpc.server.heartbeat.channel = true (default)
2024-04-23 19:59:37,235 [main] INFO  grpc.GrpcConfigKeys (ConfUtils.java:logGet(46)) - raft.grpc.server.async.request.thread.pool.cached = true (default)
2024-04-23 19:59:37,235 [main] INFO  grpc.GrpcConfigKeys (ConfUtils.java:logGet(46)) - raft.grpc.server.async.request.thread.pool.size = 32 (default)
2024-04-23 19:59:37,237 [main] INFO  impl.DataStreamServerImpl (ConfUtils.java:logGet(46)) - raft.datastream.type = NETTY (custom)
2024-04-23 19:59:37,237 [main] INFO  server.RaftServerConfigKeys (ConfUtils.java:logGet(46)) - raft.server.data-stream.async.request.thread.pool.cached = false (default)
2024-04-23 19:59:37,237 [main] INFO  server.RaftServerConfigKeys (ConfUtils.java:logGet(46)) - raft.server.data-stream.async.request.thread.pool.size = 20 (custom)
2024-04-23 19:59:37,237 [main] INFO  server.RaftServerConfigKeys (ConfUtils.java:logGet(46)) - raft.server.data-stream.async.write.thread.pool.size = 16 (default)
2024-04-23 19:59:37,237 [main] INFO  netty.NettyConfigKeys$DataStream (ConfUtils.java:logGet(46)) - raft.netty.dataStream.server.channel.inactive.grace-period = 10min (default)
2024-04-23 19:59:37,238 [main] INFO  server.RaftServerConfigKeys (ConfUtils.java:logGet(46)) - raft.server.data-stream.client.pool.size = 10 (default)
2024-04-23 19:59:37,238 [main] INFO  netty.NettyConfigKeys$DataStream (ConfUtils.java:logGet(46)) - raft.netty.dataStream.server.use-epoll = true (default)
2024-04-23 19:59:37,238 [main] INFO  netty.NettyConfigKeys$DataStream (ConfUtils.java:logGet(46)) - raft.netty.dataStream.server.boss-group.size = 0 (default)
2024-04-23 19:59:37,238 [main] INFO  netty.NettyUtils (NettyUtils.java:newEventLoopGroup(69)) - Create EpollEventLoopGroup for 7b3b87b1-ef59-40de-ba05-c120003f3778-NettyServerStreamRpc-bossGroup; Thread size is 0.
2024-04-23 19:59:37,238 [main] INFO  netty.NettyConfigKeys$DataStream (ConfUtils.java:logGet(46)) - raft.netty.dataStream.server.worker-group.size = 0 (default)
2024-04-23 19:59:37,238 [main] INFO  netty.NettyUtils (NettyUtils.java:newEventLoopGroup(69)) - Create EpollEventLoopGroup for 7b3b87b1-ef59-40de-ba05-c120003f3778-NettyServerStreamRpc-workerGroup; Thread size is 0.
2024-04-23 19:59:37,239 [main] INFO  netty.NettyConfigKeys$DataStream (ConfUtils.java:logGet(46)) - raft.netty.dataStream.server.tls.conf = null (default)
2024-04-23 19:59:37,239 [main] INFO  netty.NettyConfigKeys$DataStream (ConfUtils.java:logGet(46)) - raft.netty.dataStream.host = null (default)
2024-04-23 19:59:37,239 [main] INFO  netty.NettyConfigKeys$DataStream (ConfUtils.java:logGet(46)) - raft.netty.dataStream.port = 15282 (custom)
2024-04-23 19:59:37,239 [main] INFO  server.RaftServerConfigKeys (ConfUtils.java:logGet(46)) - raft.server.sleep.deviation.threshold = 300ms (default)
2024-04-23 19:59:37,239 [main] INFO  server.RaftServerConfigKeys (ConfUtils.java:logGet(46)) - raft.server.close.threshold = 60s (default)
2024-04-23 19:59:37,240 [main] INFO  server.RaftServerConfigKeys (ConfUtils.java:logGet(46)) - raft.server.leaderelection.leader.step-down.wait-time = 10s (default)
2024-04-23 19:59:37,240 [main] INFO  server.RaftServerConfigKeys (ConfUtils.java:logGet(46)) - raft.server.storage.dir = [/home/runner/work/ozone/ozone/hadoop-ozone/integration-test/target/test-dir/MiniOzoneClusterImpl-d857b234-8aec-441a-a9c9-a34f2a008b14/ozone-meta/datanode-1/ratis] (custom)
2024-04-23 19:59:37,240 [main] INFO  server.RaftServerConfigKeys (ConfUtils.java:logGet(46)) - raft.server.threadpool.proxy.cached = true (default)
2024-04-23 19:59:37,240 [main] INFO  server.RaftServerConfigKeys (ConfUtils.java:logGet(46)) - raft.server.threadpool.proxy.size = 0 (default)
2024-04-23 19:59:37,239 [7b3b87b1-ef59-40de-ba05-c120003f3778-NettyServerStreamRpc-bossGroup--thread1] INFO  logging.LoggingHandler (AbstractInternalLogger.java:log(148)) - [id: 0x8697ae74] REGISTERED
2024-04-23 19:59:37,241 [7b3b87b1-ef59-40de-ba05-c120003f3778-impl-thread1] INFO  server.RaftServer (RaftServerProxy.java:initGroupDir(264)) - 7b3b87b1-ef59-40de-ba05-c120003f3778: found a subdirectory /home/runner/work/ozone/ozone/hadoop-ozone/integration-test/target/test-dir/MiniOzoneClusterImpl-d857b234-8aec-441a-a9c9-a34f2a008b14/ozone-meta/datanode-1/ratis/tmp
2024-04-23 19:59:37,241 [7b3b87b1-ef59-40de-ba05-c120003f3778-NettyServerStreamRpc-bossGroup--thread1] INFO  logging.LoggingHandler (AbstractInternalLogger.java:log(148)) - [id: 0x8697ae74] BIND: 0.0.0.0/0.0.0.0:15282
2024-04-23 19:59:37,241 [7b3b87b1-ef59-40de-ba05-c120003f3778-impl-thread1] INFO  server.RaftServer (RaftServerProxy.java:initGroupDir(269)) - 7b3b87b1-ef59-40de-ba05-c120003f3778: The directory /home/runner/work/ozone/ozone/hadoop-ozone/integration-test/target/test-dir/MiniOzoneClusterImpl-d857b234-8aec-441a-a9c9-a34f2a008b14/ozone-meta/datanode-1/ratis/tmp is not a group directory; ignoring it. 
2024-04-23 19:59:37,241 [7b3b87b1-ef59-40de-ba05-c120003f3778-NettyServerStreamRpc-bossGroup--thread1] INFO  logging.LoggingHandler (AbstractInternalLogger.java:log(148)) - [id: 0x8697ae74, L:/0.0.0.0:15282] ACTIVE
2024-04-23 19:59:37,241 [main] INFO  replication.ReplicationServer (ReplicationServer.java:<init>(86)) - Initializing replication server with thread count = 10 queue length = 4096
2024-04-23 19:59:37,242 [main] INFO  server.XceiverServerGrpc (XceiverServerGrpc.java:<init>(141)) - GrpcServer channel type EpollServerSocketChannel
2024-04-23 19:59:37,243 [main] INFO  replication.ReplicationSupervisor (ReplicationSupervisor.java:build(157)) - Initializing replication supervisor with thread count = 10
2024-04-23 19:59:37,243 [main] INFO  replication.ReplicationSupervisor (ReplicationSupervisor.java:nodeStateUpdated(312)) - Node state updated to IN_SERVICE, scaling executor pool size to 10
2024-04-23 19:59:37,245 [main] INFO  http.BaseHttpServer (BaseHttpServer.java:newHttpServer2BuilderForOzone(223)) - Starting Web-server for hddsDatanode at: http://0.0.0.0:15276
2024-04-23 19:59:37,245 [main] INFO  http.BaseHttpServer (BaseHttpServer.java:<init>(110)) - Hadoop Security Enabled: false Ozone Security Enabled: false Ozone HTTP Security Enabled: false 
2024-04-23 19:59:37,246 [main] WARN  server.AuthenticationFilter (AuthenticationFilter.java:constructSecretProvider(240)) - Unable to initialize FileSignerSecretProvider, falling back to use random secrets. Reason: Could not read signature secret file: /home/runner/hadoop-http-auth-signature-secret
2024-04-23 19:59:37,246 [main] INFO  http.HttpRequestLog (HttpRequestLog.java:getRequestLog(86)) - Http request log for http.requests.hddsDatanode is not defined
2024-04-23 19:59:37,247 [main] INFO  http.HttpServer2 (HttpServer2.java:addGlobalFilter(1036)) - Added global filter 'safety' (class=org.apache.hadoop.hdds.server.http.HttpServer2$QuotingInputFilter)
2024-04-23 19:59:37,247 [main] INFO  http.HttpServer2 (HttpServer2.java:addFilter(1012)) - Added filter static_user_filter (class=org.apache.hadoop.http.lib.StaticUserWebFilter$StaticUserFilter) to context hddsDatanode
2024-04-23 19:59:37,247 [main] INFO  http.HttpServer2 (HttpServer2.java:addFilter(1020)) - Added filter static_user_filter (class=org.apache.hadoop.http.lib.StaticUserWebFilter$StaticUserFilter) to context logs
2024-04-23 19:59:37,247 [main] INFO  http.HttpServer2 (HttpServer2.java:addFilter(1020)) - Added filter static_user_filter (class=org.apache.hadoop.http.lib.StaticUserWebFilter$StaticUserFilter) to context static
2024-04-23 19:59:37,248 [main] INFO  http.BaseHttpServer (BaseHttpServer.java:<init>(189)) - HTTP server of hddsDatanode uses base directory /home/runner/work/ozone/ozone/hadoop-ozone/integration-test/target/test-dir/MiniOzoneClusterImpl-d857b234-8aec-441a-a9c9-a34f2a008b14/ozone-meta/datanode-1/meta/webserver
2024-04-23 19:59:37,248 [main] INFO  http.HttpServer2 (HttpServer2.java:bindListener(1236)) - Jetty bound to port 15276
2024-04-23 19:59:37,248 [main] INFO  server.Server (Server.java:doStart(375)) - jetty-9.4.53.v20231009; built: 2023-10-09T12:29:09.265Z; git: 27bde00a0b95a1d5bbee0eae7984f891d2d0f8c9; jvm 1.8.0_402-b06
2024-04-23 19:59:37,249 [main] INFO  server.session (DefaultSessionIdManager.java:doStart(334)) - DefaultSessionIdManager workerName=node0
2024-04-23 19:59:37,249 [main] INFO  server.session (DefaultSessionIdManager.java:doStart(339)) - No SessionScavenger set, using defaults
2024-04-23 19:59:37,249 [main] INFO  server.session (HouseKeeper.java:startScavenging(132)) - node0 Scavenging every 600000ms
2024-04-23 19:59:37,250 [main] INFO  handler.ContextHandler (ContextHandler.java:doStart(921)) - Started o.e.j.s.ServletContextHandler@513635f2{logs,/logs,file:///home/runner/work/ozone/ozone/hadoop-ozone/integration-test/target/log,AVAILABLE}
2024-04-23 19:59:37,250 [main] INFO  handler.ContextHandler (ContextHandler.java:doStart(921)) - Started o.e.j.s.ServletContextHandler@3682c56e{static,/static,file:///home/runner/work/ozone/ozone/hadoop-hdds/container-service/target/classes/webapps/static,AVAILABLE}
2024-04-23 19:59:37,252 [main] INFO  handler.ContextHandler (ContextHandler.java:doStart(921)) - Started o.e.j.w.WebAppContext@6bf11efc{hddsDatanode,/,file:///home/runner/work/ozone/ozone/hadoop-hdds/container-service/target/classes/webapps/hddsDatanode/,AVAILABLE}{file:/home/runner/work/ozone/ozone/hadoop-hdds/container-service/target/classes/webapps/hddsDatanode}
2024-04-23 19:59:37,253 [main] INFO  server.AbstractConnector (AbstractConnector.java:doStart(333)) - Started ServerConnector@7ff832ee{HTTP/1.1, (http/1.1)}{0.0.0.0:15276}
2024-04-23 19:59:37,254 [main] INFO  server.Server (Server.java:doStart(415)) - Started @110134ms
2024-04-23 19:59:37,254 [main] WARN  impl.MetricsSystemImpl (MetricsSystemImpl.java:register(279)) - Sink prometheus already exists!
2024-04-23 19:59:37,254 [main] INFO  http.BaseHttpServer (BaseHttpServer.java:updateConnectorAddress(354)) - HTTP server of hddsDatanode listening at http://0.0.0.0:15276
2024-04-23 19:59:37,254 [main] INFO  ipc.CallQueueManager (CallQueueManager.java:<init>(90)) - Using callQueue: class java.util.concurrent.LinkedBlockingQueue, queueCapacity: 100, scheduler: class org.apache.hadoop.ipc.DefaultRpcScheduler, ipcBackoff: false.
2024-04-23 19:59:37,254 [main] INFO  ipc.Server (Server.java:<init>(1287)) - Listener at 0.0.0.0:15277
2024-04-23 19:59:37,255 [Socket Reader #1 for port 15277] INFO  ipc.Server (Server.java:run(1323)) - Starting Socket Reader #1 for port 15277
2024-04-23 19:59:37,258 [main] INFO  ozone.HddsDatanodeService (HddsDatanodeService.java:start(327)) - Datanode start with admins: [runner]
2024-04-23 19:59:37,258 [main] INFO  ozone.HddsDatanodeClientProtocolServer (HddsDatanodeClientProtocolServer.java:start(77)) - RPC server for Client /0.0.0.0:15277
2024-04-23 19:59:37,259 [IPC Server Responder] INFO  ipc.Server (Server.java:run(1562)) - IPC Server Responder: starting
2024-04-23 19:59:37,259 [IPC Server listener on 15277] INFO  ipc.Server (Server.java:run(1402)) - IPC Server listener on 15277: starting
2024-04-23 19:59:37,265 [7b3b87b1-ef59-40de-ba05-c120003f3778-DatanodeStateMachineDaemonThread] INFO  statemachine.DatanodeStateMachine (DatanodeStateMachine.java:lambda$startDaemon$1(555)) - Ozone container server started.
2024-04-23 19:59:37,265 [main] WARN  dropwizard3.Dm3MetricRegistriesImpl (Dm3MetricRegistriesImpl.java:addReporterRegistration(113)) - New reporters are added after registries were created. Some metrics will be missing from the reporter. Please add reporter before adding any new registry.
2024-04-23 19:59:37,266 [main] WARN  dropwizard3.Dm3MetricRegistriesImpl (Dm3MetricRegistriesImpl.java:addReporterRegistration(113)) - New reporters are added after registries were created. Some metrics will be missing from the reporter. Please add reporter before adding any new registry.
2024-04-23 19:59:37,267 [main] INFO  impl.MetricsSystemImpl (MetricsSystemImpl.java:init(158)) - HddsDatanode metrics system started (again)
2024-04-23 19:59:37,268 [7b3b87b1-ef59-40de-ba05-c120003f3778-DatanodeStateMachineTaskThread-0] INFO  datanode.InitDatanodeState (InitDatanodeState.java:persistContainerDatanodeDetails(139)) - DatanodeDetails is persisted to /home/runner/work/ozone/ozone/hadoop-ozone/integration-test/target/test-dir/MiniOzoneClusterImpl-d857b234-8aec-441a-a9c9-a34f2a008b14/ozone-meta/datanode-1/meta/datanode.id
2024-04-23 19:59:37,275 [main] INFO  ozone.HddsDatanodeService (HddsDatanodeService.java:start(240)) - HddsDatanodeService host:fv-az1496-552.f1h4rheolecetjhvv40pmv1bec.bx.internal.cloudapp.net ip:10.1.0.27
2024-04-23 19:59:37,291 [main] INFO  upgrade.AbstractLayoutVersionManager (AbstractLayoutVersionManager.java:init(83)) - Initializing Layout version manager with metadata layout = HADOOP_PRC_PORTS_IN_DATANODEDETAILS (version = 7), software layout = HADOOP_PRC_PORTS_IN_DATANODEDETAILS (version = 7)
2024-04-23 19:59:37,292 [main] INFO  statemachine.DatanodeStateMachine (DatanodeStateMachine.java:getEndPointTaskThreadPoolSize(299)) - Datanode State Machine Task Thread Pool size 2
2024-04-23 19:59:37,293 [main] INFO  volume.HddsVolume (HddsVolume.java:<init>(126)) - Creating HddsVolume: /home/runner/work/ozone/ozone/hadoop-ozone/integration-test/target/test-dir/MiniOzoneClusterImpl-d857b234-8aec-441a-a9c9-a34f2a008b14/ozone-meta/datanode-2/data-0/hdds of storage type : DISK capacity : 9223372036854775807
2024-04-23 19:59:37,293 [main] INFO  volume.MutableVolumeSet (MutableVolumeSet.java:initializeVolumeSet(173)) - Added Volume : /home/runner/work/ozone/ozone/hadoop-ozone/integration-test/target/test-dir/MiniOzoneClusterImpl-d857b234-8aec-441a-a9c9-a34f2a008b14/ozone-meta/datanode-2/data-0/hdds to VolumeSet
2024-04-23 19:59:37,293 [main] INFO  volume.MutableVolumeSet (MutableVolumeSet.java:initializeVolumeSet(173)) - Added Volume : /home/runner/work/ozone/ozone/hadoop-ozone/integration-test/target/test-dir/MiniOzoneClusterImpl-d857b234-8aec-441a-a9c9-a34f2a008b14/ozone-meta/datanode-2/ratis to VolumeSet
2024-04-23 19:59:37,296 [main] INFO  ozoneimpl.OzoneContainer (HddsVolumeUtil.java:loadAllHddsVolumeDbStore(103)) - Load 1 volumes DbStore cost: 2ms
2024-04-23 19:59:37,297 [main] INFO  server.RaftServer (ConfUtils.java:logGet(46)) - raft.rpc.type = GRPC (default)
2024-04-23 19:59:37,298 [main] INFO  grpc.GrpcConfigKeys (ConfUtils.java:logFallback(53)) - raft.grpc.admin.host = null (fallback to raft.grpc.server.host)
2024-04-23 19:59:37,298 [main] INFO  grpc.GrpcConfigKeys (ConfUtils.java:logGet(46)) - raft.grpc.admin.port = 15289 (custom)
2024-04-23 19:59:37,298 [main] INFO  grpc.GrpcConfigKeys (ConfUtils.java:logFallback(53)) - raft.grpc.client.host = null (fallback to raft.grpc.server.host)
2024-04-23 19:59:37,298 [main] INFO  grpc.GrpcConfigKeys (ConfUtils.java:logGet(46)) - raft.grpc.client.port = 15288 (custom)
2024-04-23 19:59:37,298 [main] INFO  grpc.GrpcConfigKeys (ConfUtils.java:logGet(46)) - raft.grpc.server.host = null (default)
2024-04-23 19:59:37,298 [main] INFO  grpc.GrpcConfigKeys (ConfUtils.java:logGet(46)) - raft.grpc.server.port = 15290 (custom)
2024-04-23 19:59:37,298 [main] INFO  server.GrpcService (ConfUtils.java:logGet(46)) - raft.grpc.message.size.max = 32MB (=33554432) (custom)
2024-04-23 19:59:37,299 [main] INFO  server.RaftServerConfigKeys (ConfUtils.java:logGet(46)) - raft.server.log.appender.buffer.byte-limit = 8388608 (custom)
2024-04-23 19:59:37,299 [main] INFO  server.GrpcService (ConfUtils.java:logGet(46)) - raft.grpc.flow.control.window = 5MB (=5242880) (custom)
2024-04-23 19:59:37,299 [main] INFO  server.RaftServerConfigKeys (ConfUtils.java:logGet(46)) - raft.server.rpc.request.timeout = 3000ms (default)
2024-04-23 19:59:37,299 [main] INFO  grpc.GrpcConfigKeys (ConfUtils.java:logGet(46)) - raft.grpc.server.heartbeat.channel = true (default)
2024-04-23 19:59:37,299 [main] INFO  grpc.GrpcConfigKeys (ConfUtils.java:logGet(46)) - raft.grpc.server.async.request.thread.pool.cached = true (default)
2024-04-23 19:59:37,300 [main] INFO  grpc.GrpcConfigKeys (ConfUtils.java:logGet(46)) - raft.grpc.server.async.request.thread.pool.size = 32 (default)
2024-04-23 19:59:37,302 [main] INFO  impl.DataStreamServerImpl (ConfUtils.java:logGet(46)) - raft.datastream.type = NETTY (custom)
2024-04-23 19:59:37,302 [main] INFO  server.RaftServerConfigKeys (ConfUtils.java:logGet(46)) - raft.server.data-stream.async.request.thread.pool.cached = false (default)
2024-04-23 19:59:37,302 [main] INFO  server.RaftServerConfigKeys (ConfUtils.java:logGet(46)) - raft.server.data-stream.async.request.thread.pool.size = 20 (custom)
2024-04-23 19:59:37,302 [main] INFO  server.RaftServerConfigKeys (ConfUtils.java:logGet(46)) - raft.server.data-stream.async.write.thread.pool.size = 16 (default)
2024-04-23 19:59:37,302 [main] INFO  netty.NettyConfigKeys$DataStream (ConfUtils.java:logGet(46)) - raft.netty.dataStream.server.channel.inactive.grace-period = 10min (default)
2024-04-23 19:59:37,303 [main] INFO  server.RaftServerConfigKeys (ConfUtils.java:logGet(46)) - raft.server.data-stream.client.pool.size = 10 (default)
2024-04-23 19:59:37,303 [main] INFO  netty.NettyConfigKeys$DataStream (ConfUtils.java:logGet(46)) - raft.netty.dataStream.server.use-epoll = true (default)
2024-04-23 19:59:37,303 [main] INFO  netty.NettyConfigKeys$DataStream (ConfUtils.java:logGet(46)) - raft.netty.dataStream.server.boss-group.size = 0 (default)
2024-04-23 19:59:37,303 [main] INFO  netty.NettyUtils (NettyUtils.java:newEventLoopGroup(69)) - Create EpollEventLoopGroup for 77d21a36-b63d-4df7-892f-b483d98564d7-NettyServerStreamRpc-bossGroup; Thread size is 0.
2024-04-23 19:59:37,303 [main] INFO  netty.NettyConfigKeys$DataStream (ConfUtils.java:logGet(46)) - raft.netty.dataStream.server.worker-group.size = 0 (default)
2024-04-23 19:59:37,303 [main] INFO  netty.NettyUtils (NettyUtils.java:newEventLoopGroup(69)) - Create EpollEventLoopGroup for 77d21a36-b63d-4df7-892f-b483d98564d7-NettyServerStreamRpc-workerGroup; Thread size is 0.
2024-04-23 19:59:37,304 [main] INFO  netty.NettyConfigKeys$DataStream (ConfUtils.java:logGet(46)) - raft.netty.dataStream.server.tls.conf = null (default)
2024-04-23 19:59:37,304 [main] INFO  netty.NettyConfigKeys$DataStream (ConfUtils.java:logGet(46)) - raft.netty.dataStream.host = null (default)
2024-04-23 19:59:37,304 [main] INFO  netty.NettyConfigKeys$DataStream (ConfUtils.java:logGet(46)) - raft.netty.dataStream.port = 15291 (custom)
2024-04-23 19:59:37,305 [main] INFO  server.RaftServerConfigKeys (ConfUtils.java:logGet(46)) - raft.server.sleep.deviation.threshold = 300ms (default)
2024-04-23 19:59:37,305 [77d21a36-b63d-4df7-892f-b483d98564d7-NettyServerStreamRpc-bossGroup--thread1] INFO  logging.LoggingHandler (AbstractInternalLogger.java:log(148)) - [id: 0x44a182f6] REGISTERED
2024-04-23 19:59:37,305 [77d21a36-b63d-4df7-892f-b483d98564d7-NettyServerStreamRpc-bossGroup--thread1] INFO  logging.LoggingHandler (AbstractInternalLogger.java:log(148)) - [id: 0x44a182f6] BIND: 0.0.0.0/0.0.0.0:15291
2024-04-23 19:59:37,305 [77d21a36-b63d-4df7-892f-b483d98564d7-NettyServerStreamRpc-bossGroup--thread1] INFO  logging.LoggingHandler (AbstractInternalLogger.java:log(148)) - [id: 0x44a182f6, L:/0.0.0.0:15291] ACTIVE
2024-04-23 19:59:37,305 [main] INFO  server.RaftServerConfigKeys (ConfUtils.java:logGet(46)) - raft.server.close.threshold = 60s (default)
2024-04-23 19:59:37,305 [main] INFO  server.RaftServerConfigKeys (ConfUtils.java:logGet(46)) - raft.server.leaderelection.leader.step-down.wait-time = 10s (default)
2024-04-23 19:59:37,306 [main] INFO  server.RaftServerConfigKeys (ConfUtils.java:logGet(46)) - raft.server.storage.dir = [/home/runner/work/ozone/ozone/hadoop-ozone/integration-test/target/test-dir/MiniOzoneClusterImpl-d857b234-8aec-441a-a9c9-a34f2a008b14/ozone-meta/datanode-2/ratis] (custom)
2024-04-23 19:59:37,306 [main] INFO  server.RaftServerConfigKeys (ConfUtils.java:logGet(46)) - raft.server.threadpool.proxy.cached = true (default)
2024-04-23 19:59:37,306 [main] INFO  server.RaftServerConfigKeys (ConfUtils.java:logGet(46)) - raft.server.threadpool.proxy.size = 0 (default)
2024-04-23 19:59:37,306 [77d21a36-b63d-4df7-892f-b483d98564d7-impl-thread1] INFO  server.RaftServer (RaftServerProxy.java:initGroupDir(264)) - 77d21a36-b63d-4df7-892f-b483d98564d7: found a subdirectory /home/runner/work/ozone/ozone/hadoop-ozone/integration-test/target/test-dir/MiniOzoneClusterImpl-d857b234-8aec-441a-a9c9-a34f2a008b14/ozone-meta/datanode-2/ratis/tmp
2024-04-23 19:59:37,306 [77d21a36-b63d-4df7-892f-b483d98564d7-impl-thread1] INFO  server.RaftServer (RaftServerProxy.java:initGroupDir(269)) - 77d21a36-b63d-4df7-892f-b483d98564d7: The directory /home/runner/work/ozone/ozone/hadoop-ozone/integration-test/target/test-dir/MiniOzoneClusterImpl-d857b234-8aec-441a-a9c9-a34f2a008b14/ozone-meta/datanode-2/ratis/tmp is not a group directory; ignoring it. 
2024-04-23 19:59:37,306 [main] INFO  replication.ReplicationServer (ReplicationServer.java:<init>(86)) - Initializing replication server with thread count = 10 queue length = 4096
2024-04-23 19:59:37,307 [main] INFO  server.XceiverServerGrpc (XceiverServerGrpc.java:<init>(141)) - GrpcServer channel type EpollServerSocketChannel
2024-04-23 19:59:37,308 [main] INFO  replication.ReplicationSupervisor (ReplicationSupervisor.java:build(157)) - Initializing replication supervisor with thread count = 10
2024-04-23 19:59:37,308 [main] INFO  replication.ReplicationSupervisor (ReplicationSupervisor.java:nodeStateUpdated(312)) - Node state updated to IN_SERVICE, scaling executor pool size to 10
2024-04-23 19:59:37,310 [main] INFO  http.BaseHttpServer (BaseHttpServer.java:newHttpServer2BuilderForOzone(223)) - Starting Web-server for hddsDatanode at: http://0.0.0.0:15285
2024-04-23 19:59:37,310 [main] INFO  http.BaseHttpServer (BaseHttpServer.java:<init>(110)) - Hadoop Security Enabled: false Ozone Security Enabled: false Ozone HTTP Security Enabled: false 
2024-04-23 19:59:37,310 [main] WARN  server.AuthenticationFilter (AuthenticationFilter.java:constructSecretProvider(240)) - Unable to initialize FileSignerSecretProvider, falling back to use random secrets. Reason: Could not read signature secret file: /home/runner/hadoop-http-auth-signature-secret
2024-04-23 19:59:37,311 [main] INFO  http.HttpRequestLog (HttpRequestLog.java:getRequestLog(86)) - Http request log for http.requests.hddsDatanode is not defined
2024-04-23 19:59:37,311 [main] INFO  http.HttpServer2 (HttpServer2.java:addGlobalFilter(1036)) - Added global filter 'safety' (class=org.apache.hadoop.hdds.server.http.HttpServer2$QuotingInputFilter)
2024-04-23 19:59:37,312 [main] INFO  http.HttpServer2 (HttpServer2.java:addFilter(1012)) - Added filter static_user_filter (class=org.apache.hadoop.http.lib.StaticUserWebFilter$StaticUserFilter) to context hddsDatanode
2024-04-23 19:59:37,312 [main] INFO  http.HttpServer2 (HttpServer2.java:addFilter(1020)) - Added filter static_user_filter (class=org.apache.hadoop.http.lib.StaticUserWebFilter$StaticUserFilter) to context logs
2024-04-23 19:59:37,312 [main] INFO  http.HttpServer2 (HttpServer2.java:addFilter(1020)) - Added filter static_user_filter (class=org.apache.hadoop.http.lib.StaticUserWebFilter$StaticUserFilter) to context static
2024-04-23 19:59:37,312 [main] INFO  http.BaseHttpServer (BaseHttpServer.java:<init>(189)) - HTTP server of hddsDatanode uses base directory /home/runner/work/ozone/ozone/hadoop-ozone/integration-test/target/test-dir/MiniOzoneClusterImpl-d857b234-8aec-441a-a9c9-a34f2a008b14/ozone-meta/datanode-2/meta/webserver
2024-04-23 19:59:37,313 [main] INFO  http.HttpServer2 (HttpServer2.java:bindListener(1236)) - Jetty bound to port 15285
2024-04-23 19:59:37,313 [main] INFO  server.Server (Server.java:doStart(375)) - jetty-9.4.53.v20231009; built: 2023-10-09T12:29:09.265Z; git: 27bde00a0b95a1d5bbee0eae7984f891d2d0f8c9; jvm 1.8.0_402-b06
2024-04-23 19:59:37,313 [main] INFO  server.session (DefaultSessionIdManager.java:doStart(334)) - DefaultSessionIdManager workerName=node0
2024-04-23 19:59:37,313 [main] INFO  server.session (DefaultSessionIdManager.java:doStart(339)) - No SessionScavenger set, using defaults
2024-04-23 19:59:37,314 [main] INFO  server.session (HouseKeeper.java:startScavenging(132)) - node0 Scavenging every 660000ms
2024-04-23 19:59:37,314 [main] INFO  handler.ContextHandler (ContextHandler.java:doStart(921)) - Started o.e.j.s.ServletContextHandler@66e41eb4{logs,/logs,file:///home/runner/work/ozone/ozone/hadoop-ozone/integration-test/target/log,AVAILABLE}
2024-04-23 19:59:37,314 [main] INFO  handler.ContextHandler (ContextHandler.java:doStart(921)) - Started o.e.j.s.ServletContextHandler@5a3f22c1{static,/static,file:///home/runner/work/ozone/ozone/hadoop-hdds/container-service/target/classes/webapps/static,AVAILABLE}
2024-04-23 19:59:37,316 [main] INFO  handler.ContextHandler (ContextHandler.java:doStart(921)) - Started o.e.j.w.WebAppContext@31099c0b{hddsDatanode,/,file:///home/runner/work/ozone/ozone/hadoop-hdds/container-service/target/classes/webapps/hddsDatanode/,AVAILABLE}{file:/home/runner/work/ozone/ozone/hadoop-hdds/container-service/target/classes/webapps/hddsDatanode}
2024-04-23 19:59:37,321 [main] INFO  server.AbstractConnector (AbstractConnector.java:doStart(333)) - Started ServerConnector@47cabbed{HTTP/1.1, (http/1.1)}{0.0.0.0:15285}
2024-04-23 19:59:37,321 [main] INFO  server.Server (Server.java:doStart(415)) - Started @110201ms
2024-04-23 19:59:37,322 [main] WARN  impl.MetricsSystemImpl (MetricsSystemImpl.java:register(279)) - Sink prometheus already exists!
2024-04-23 19:59:37,322 [main] INFO  http.BaseHttpServer (BaseHttpServer.java:updateConnectorAddress(354)) - HTTP server of hddsDatanode listening at http://0.0.0.0:15285
2024-04-23 19:59:37,322 [main] INFO  ipc.CallQueueManager (CallQueueManager.java:<init>(90)) - Using callQueue: class java.util.concurrent.LinkedBlockingQueue, queueCapacity: 100, scheduler: class org.apache.hadoop.ipc.DefaultRpcScheduler, ipcBackoff: false.
2024-04-23 19:59:37,323 [main] INFO  ipc.Server (Server.java:<init>(1287)) - Listener at 0.0.0.0:15286
2024-04-23 19:59:37,323 [Socket Reader #1 for port 15286] INFO  ipc.Server (Server.java:run(1323)) - Starting Socket Reader #1 for port 15286
2024-04-23 19:59:37,324 [main] INFO  ozone.HddsDatanodeService (HddsDatanodeService.java:start(327)) - Datanode start with admins: [runner]
2024-04-23 19:59:37,324 [main] INFO  ozone.HddsDatanodeClientProtocolServer (HddsDatanodeClientProtocolServer.java:start(77)) - RPC server for Client /0.0.0.0:15286
2024-04-23 19:59:37,325 [IPC Server Responder] INFO  ipc.Server (Server.java:run(1562)) - IPC Server Responder: starting
2024-04-23 19:59:37,325 [IPC Server listener on 15286] INFO  ipc.Server (Server.java:run(1402)) - IPC Server listener on 15286: starting
2024-04-23 19:59:37,326 [77d21a36-b63d-4df7-892f-b483d98564d7-DatanodeStateMachineDaemonThread] INFO  statemachine.DatanodeStateMachine (DatanodeStateMachine.java:lambda$startDaemon$1(555)) - Ozone container server started.
2024-04-23 19:59:37,326 [main] WARN  dropwizard3.Dm3MetricRegistriesImpl (Dm3MetricRegistriesImpl.java:addReporterRegistration(113)) - New reporters are added after registries were created. Some metrics will be missing from the reporter. Please add reporter before adding any new registry.
2024-04-23 19:59:37,327 [main] WARN  dropwizard3.Dm3MetricRegistriesImpl (Dm3MetricRegistriesImpl.java:addReporterRegistration(113)) - New reporters are added after registries were created. Some metrics will be missing from the reporter. Please add reporter before adding any new registry.
2024-04-23 19:59:37,327 [main] INFO  impl.MetricsSystemImpl (MetricsSystemImpl.java:init(158)) - HddsDatanode metrics system started (again)
2024-04-23 19:59:37,330 [77d21a36-b63d-4df7-892f-b483d98564d7-DatanodeStateMachineTaskThread-0] INFO  datanode.InitDatanodeState (InitDatanodeState.java:persistContainerDatanodeDetails(139)) - DatanodeDetails is persisted to /home/runner/work/ozone/ozone/hadoop-ozone/integration-test/target/test-dir/MiniOzoneClusterImpl-d857b234-8aec-441a-a9c9-a34f2a008b14/ozone-meta/datanode-2/meta/datanode.id
2024-04-23 19:59:37,336 [main] INFO  ozone.HddsDatanodeService (HddsDatanodeService.java:start(240)) - HddsDatanodeService host:fv-az1496-552.f1h4rheolecetjhvv40pmv1bec.bx.internal.cloudapp.net ip:10.1.0.27
2024-04-23 19:59:37,353 [main] INFO  upgrade.AbstractLayoutVersionManager (AbstractLayoutVersionManager.java:init(83)) - Initializing Layout version manager with metadata layout = HADOOP_PRC_PORTS_IN_DATANODEDETAILS (version = 7), software layout = HADOOP_PRC_PORTS_IN_DATANODEDETAILS (version = 7)
2024-04-23 19:59:37,353 [main] INFO  statemachine.DatanodeStateMachine (DatanodeStateMachine.java:getEndPointTaskThreadPoolSize(299)) - Datanode State Machine Task Thread Pool size 2
2024-04-23 19:59:37,356 [main] INFO  volume.HddsVolume (HddsVolume.java:<init>(126)) - Creating HddsVolume: /home/runner/work/ozone/ozone/hadoop-ozone/integration-test/target/test-dir/MiniOzoneClusterImpl-d857b234-8aec-441a-a9c9-a34f2a008b14/ozone-meta/datanode-3/data-0/hdds of storage type : DISK capacity : 9223372036854775807
2024-04-23 19:59:37,356 [main] INFO  volume.MutableVolumeSet (MutableVolumeSet.java:initializeVolumeSet(173)) - Added Volume : /home/runner/work/ozone/ozone/hadoop-ozone/integration-test/target/test-dir/MiniOzoneClusterImpl-d857b234-8aec-441a-a9c9-a34f2a008b14/ozone-meta/datanode-3/data-0/hdds to VolumeSet
2024-04-23 19:59:37,357 [main] INFO  volume.MutableVolumeSet (MutableVolumeSet.java:initializeVolumeSet(173)) - Added Volume : /home/runner/work/ozone/ozone/hadoop-ozone/integration-test/target/test-dir/MiniOzoneClusterImpl-d857b234-8aec-441a-a9c9-a34f2a008b14/ozone-meta/datanode-3/ratis to VolumeSet
2024-04-23 19:59:37,357 [main] INFO  ozoneimpl.OzoneContainer (HddsVolumeUtil.java:loadAllHddsVolumeDbStore(103)) - Load 1 volumes DbStore cost: 0ms
2024-04-23 19:59:37,359 [main] INFO  server.RaftServer (ConfUtils.java:logGet(46)) - raft.rpc.type = GRPC (default)
2024-04-23 19:59:37,359 [main] INFO  grpc.GrpcConfigKeys (ConfUtils.java:logFallback(53)) - raft.grpc.admin.host = null (fallback to raft.grpc.server.host)
2024-04-23 19:59:37,359 [main] INFO  grpc.GrpcConfigKeys (ConfUtils.java:logGet(46)) - raft.grpc.admin.port = 15298 (custom)
2024-04-23 19:59:37,360 [main] INFO  grpc.GrpcConfigKeys (ConfUtils.java:logFallback(53)) - raft.grpc.client.host = null (fallback to raft.grpc.server.host)
2024-04-23 19:59:37,360 [main] INFO  grpc.GrpcConfigKeys (ConfUtils.java:logGet(46)) - raft.grpc.client.port = 15297 (custom)
2024-04-23 19:59:37,360 [main] INFO  grpc.GrpcConfigKeys (ConfUtils.java:logGet(46)) - raft.grpc.server.host = null (default)
2024-04-23 19:59:37,360 [main] INFO  grpc.GrpcConfigKeys (ConfUtils.java:logGet(46)) - raft.grpc.server.port = 15299 (custom)
2024-04-23 19:59:37,360 [main] INFO  server.GrpcService (ConfUtils.java:logGet(46)) - raft.grpc.message.size.max = 32MB (=33554432) (custom)
2024-04-23 19:59:37,360 [main] INFO  server.RaftServerConfigKeys (ConfUtils.java:logGet(46)) - raft.server.log.appender.buffer.byte-limit = 8388608 (custom)
2024-04-23 19:59:37,360 [main] INFO  server.GrpcService (ConfUtils.java:logGet(46)) - raft.grpc.flow.control.window = 5MB (=5242880) (custom)
2024-04-23 19:59:37,361 [main] INFO  server.RaftServerConfigKeys (ConfUtils.java:logGet(46)) - raft.server.rpc.request.timeout = 3000ms (default)
2024-04-23 19:59:37,361 [main] INFO  grpc.GrpcConfigKeys (ConfUtils.java:logGet(46)) - raft.grpc.server.heartbeat.channel = true (default)
2024-04-23 19:59:37,361 [main] INFO  grpc.GrpcConfigKeys (ConfUtils.java:logGet(46)) - raft.grpc.server.async.request.thread.pool.cached = true (default)
2024-04-23 19:59:37,361 [main] INFO  grpc.GrpcConfigKeys (ConfUtils.java:logGet(46)) - raft.grpc.server.async.request.thread.pool.size = 32 (default)
2024-04-23 19:59:37,363 [main] INFO  impl.DataStreamServerImpl (ConfUtils.java:logGet(46)) - raft.datastream.type = NETTY (custom)
2024-04-23 19:59:37,364 [main] INFO  server.RaftServerConfigKeys (ConfUtils.java:logGet(46)) - raft.server.data-stream.async.request.thread.pool.cached = false (default)
2024-04-23 19:59:37,364 [main] INFO  server.RaftServerConfigKeys (ConfUtils.java:logGet(46)) - raft.server.data-stream.async.request.thread.pool.size = 20 (custom)
2024-04-23 19:59:37,364 [main] INFO  server.RaftServerConfigKeys (ConfUtils.java:logGet(46)) - raft.server.data-stream.async.write.thread.pool.size = 16 (default)
2024-04-23 19:59:37,364 [main] INFO  netty.NettyConfigKeys$DataStream (ConfUtils.java:logGet(46)) - raft.netty.dataStream.server.channel.inactive.grace-period = 10min (default)
2024-04-23 19:59:37,364 [main] INFO  server.RaftServerConfigKeys (ConfUtils.java:logGet(46)) - raft.server.data-stream.client.pool.size = 10 (default)
2024-04-23 19:59:37,364 [main] INFO  netty.NettyConfigKeys$DataStream (ConfUtils.java:logGet(46)) - raft.netty.dataStream.server.use-epoll = true (default)
2024-04-23 19:59:37,364 [main] INFO  netty.NettyConfigKeys$DataStream (ConfUtils.java:logGet(46)) - raft.netty.dataStream.server.boss-group.size = 0 (default)
2024-04-23 19:59:37,365 [main] INFO  netty.NettyUtils (NettyUtils.java:newEventLoopGroup(69)) - Create EpollEventLoopGroup for f13f88a1-11f3-4f35-9751-23eec4d236b9-NettyServerStreamRpc-bossGroup; Thread size is 0.
2024-04-23 19:59:37,365 [main] INFO  netty.NettyConfigKeys$DataStream (ConfUtils.java:logGet(46)) - raft.netty.dataStream.server.worker-group.size = 0 (default)
2024-04-23 19:59:37,365 [main] INFO  netty.NettyUtils (NettyUtils.java:newEventLoopGroup(69)) - Create EpollEventLoopGroup for f13f88a1-11f3-4f35-9751-23eec4d236b9-NettyServerStreamRpc-workerGroup; Thread size is 0.
2024-04-23 19:59:37,365 [main] INFO  netty.NettyConfigKeys$DataStream (ConfUtils.java:logGet(46)) - raft.netty.dataStream.server.tls.conf = null (default)
2024-04-23 19:59:37,366 [main] INFO  netty.NettyConfigKeys$DataStream (ConfUtils.java:logGet(46)) - raft.netty.dataStream.host = null (default)
2024-04-23 19:59:37,366 [main] INFO  netty.NettyConfigKeys$DataStream (ConfUtils.java:logGet(46)) - raft.netty.dataStream.port = 15300 (custom)
2024-04-23 19:59:37,366 [main] INFO  server.RaftServerConfigKeys (ConfUtils.java:logGet(46)) - raft.server.sleep.deviation.threshold = 300ms (default)
2024-04-23 19:59:37,366 [main] INFO  server.RaftServerConfigKeys (ConfUtils.java:logGet(46)) - raft.server.close.threshold = 60s (default)
2024-04-23 19:59:37,366 [main] INFO  server.RaftServerConfigKeys (ConfUtils.java:logGet(46)) - raft.server.leaderelection.leader.step-down.wait-time = 10s (default)
2024-04-23 19:59:37,366 [f13f88a1-11f3-4f35-9751-23eec4d236b9-NettyServerStreamRpc-bossGroup--thread1] INFO  logging.LoggingHandler (AbstractInternalLogger.java:log(148)) - [id: 0x4d6f2364] REGISTERED
2024-04-23 19:59:37,367 [f13f88a1-11f3-4f35-9751-23eec4d236b9-NettyServerStreamRpc-bossGroup--thread1] INFO  logging.LoggingHandler (AbstractInternalLogger.java:log(148)) - [id: 0x4d6f2364] BIND: 0.0.0.0/0.0.0.0:15300
2024-04-23 19:59:37,367 [f13f88a1-11f3-4f35-9751-23eec4d236b9-NettyServerStreamRpc-bossGroup--thread1] INFO  logging.LoggingHandler (AbstractInternalLogger.java:log(148)) - [id: 0x4d6f2364, L:/0.0.0.0:15300] ACTIVE
2024-04-23 19:59:37,367 [main] INFO  server.RaftServerConfigKeys (ConfUtils.java:logGet(46)) - raft.server.storage.dir = [/home/runner/work/ozone/ozone/hadoop-ozone/integration-test/target/test-dir/MiniOzoneClusterImpl-d857b234-8aec-441a-a9c9-a34f2a008b14/ozone-meta/datanode-3/ratis] (custom)
2024-04-23 19:59:37,367 [main] INFO  server.RaftServerConfigKeys (ConfUtils.java:logGet(46)) - raft.server.threadpool.proxy.cached = true (default)
2024-04-23 19:59:37,367 [main] INFO  server.RaftServerConfigKeys (ConfUtils.java:logGet(46)) - raft.server.threadpool.proxy.size = 0 (default)
2024-04-23 19:59:37,368 [f13f88a1-11f3-4f35-9751-23eec4d236b9-impl-thread1] INFO  server.RaftServer (RaftServerProxy.java:initGroupDir(264)) - f13f88a1-11f3-4f35-9751-23eec4d236b9: found a subdirectory /home/runner/work/ozone/ozone/hadoop-ozone/integration-test/target/test-dir/MiniOzoneClusterImpl-d857b234-8aec-441a-a9c9-a34f2a008b14/ozone-meta/datanode-3/ratis/tmp
2024-04-23 19:59:37,368 [f13f88a1-11f3-4f35-9751-23eec4d236b9-impl-thread1] INFO  server.RaftServer (RaftServerProxy.java:initGroupDir(269)) - f13f88a1-11f3-4f35-9751-23eec4d236b9: The directory /home/runner/work/ozone/ozone/hadoop-ozone/integration-test/target/test-dir/MiniOzoneClusterImpl-d857b234-8aec-441a-a9c9-a34f2a008b14/ozone-meta/datanode-3/ratis/tmp is not a group directory; ignoring it. 
2024-04-23 19:59:37,368 [main] INFO  replication.ReplicationServer (ReplicationServer.java:<init>(86)) - Initializing replication server with thread count = 10 queue length = 4096
2024-04-23 19:59:37,369 [main] INFO  server.XceiverServerGrpc (XceiverServerGrpc.java:<init>(141)) - GrpcServer channel type EpollServerSocketChannel
2024-04-23 19:59:37,370 [main] INFO  replication.ReplicationSupervisor (ReplicationSupervisor.java:build(157)) - Initializing replication supervisor with thread count = 10
2024-04-23 19:59:37,370 [main] INFO  replication.ReplicationSupervisor (ReplicationSupervisor.java:nodeStateUpdated(312)) - Node state updated to IN_SERVICE, scaling executor pool size to 10
2024-04-23 19:59:37,372 [main] INFO  http.BaseHttpServer (BaseHttpServer.java:newHttpServer2BuilderForOzone(223)) - Starting Web-server for hddsDatanode at: http://0.0.0.0:15294
2024-04-23 19:59:37,372 [main] INFO  http.BaseHttpServer (BaseHttpServer.java:<init>(110)) - Hadoop Security Enabled: false Ozone Security Enabled: false Ozone HTTP Security Enabled: false 
2024-04-23 19:59:37,373 [main] WARN  server.AuthenticationFilter (AuthenticationFilter.java:constructSecretProvider(240)) - Unable to initialize FileSignerSecretProvider, falling back to use random secrets. Reason: Could not read signature secret file: /home/runner/hadoop-http-auth-signature-secret
2024-04-23 19:59:37,373 [main] INFO  http.HttpRequestLog (HttpRequestLog.java:getRequestLog(86)) - Http request log for http.requests.hddsDatanode is not defined
2024-04-23 19:59:37,374 [main] INFO  http.HttpServer2 (HttpServer2.java:addGlobalFilter(1036)) - Added global filter 'safety' (class=org.apache.hadoop.hdds.server.http.HttpServer2$QuotingInputFilter)
2024-04-23 19:59:37,374 [main] INFO  http.HttpServer2 (HttpServer2.java:addFilter(1012)) - Added filter static_user_filter (class=org.apache.hadoop.http.lib.StaticUserWebFilter$StaticUserFilter) to context hddsDatanode
2024-04-23 19:59:37,374 [main] INFO  http.HttpServer2 (HttpServer2.java:addFilter(1020)) - Added filter static_user_filter (class=org.apache.hadoop.http.lib.StaticUserWebFilter$StaticUserFilter) to context static
2024-04-23 19:59:37,375 [main] INFO  http.HttpServer2 (HttpServer2.java:addFilter(1020)) - Added filter static_user_filter (class=org.apache.hadoop.http.lib.StaticUserWebFilter$StaticUserFilter) to context logs
2024-04-23 19:59:37,375 [main] INFO  http.BaseHttpServer (BaseHttpServer.java:<init>(189)) - HTTP server of hddsDatanode uses base directory /home/runner/work/ozone/ozone/hadoop-ozone/integration-test/target/test-dir/MiniOzoneClusterImpl-d857b234-8aec-441a-a9c9-a34f2a008b14/ozone-meta/datanode-3/meta/webserver
2024-04-23 19:59:37,375 [main] INFO  http.HttpServer2 (HttpServer2.java:bindListener(1236)) - Jetty bound to port 15294
2024-04-23 19:59:37,375 [main] INFO  server.Server (Server.java:doStart(375)) - jetty-9.4.53.v20231009; built: 2023-10-09T12:29:09.265Z; git: 27bde00a0b95a1d5bbee0eae7984f891d2d0f8c9; jvm 1.8.0_402-b06
2024-04-23 19:59:37,376 [main] INFO  server.session (DefaultSessionIdManager.java:doStart(334)) - DefaultSessionIdManager workerName=node0
2024-04-23 19:59:37,377 [main] INFO  server.session (DefaultSessionIdManager.java:doStart(339)) - No SessionScavenger set, using defaults
2024-04-23 19:59:37,377 [main] INFO  server.session (HouseKeeper.java:startScavenging(132)) - node0 Scavenging every 600000ms
2024-04-23 19:59:37,377 [main] INFO  handler.ContextHandler (ContextHandler.java:doStart(921)) - Started o.e.j.s.ServletContextHandler@7c668fec{logs,/logs,file:///home/runner/work/ozone/ozone/hadoop-ozone/integration-test/target/log,AVAILABLE}
2024-04-23 19:59:37,378 [main] INFO  handler.ContextHandler (ContextHandler.java:doStart(921)) - Started o.e.j.s.ServletContextHandler@23942294{static,/static,file:///home/runner/work/ozone/ozone/hadoop-hdds/container-service/target/classes/webapps/static,AVAILABLE}
2024-04-23 19:59:37,380 [main] INFO  handler.ContextHandler (ContextHandler.java:doStart(921)) - Started o.e.j.w.WebAppContext@7aaee816{hddsDatanode,/,file:///home/runner/work/ozone/ozone/hadoop-hdds/container-service/target/classes/webapps/hddsDatanode/,AVAILABLE}{file:/home/runner/work/ozone/ozone/hadoop-hdds/container-service/target/classes/webapps/hddsDatanode}
2024-04-23 19:59:37,381 [main] INFO  server.AbstractConnector (AbstractConnector.java:doStart(333)) - Started ServerConnector@2f7925e9{HTTP/1.1, (http/1.1)}{0.0.0.0:15294}
2024-04-23 19:59:37,381 [main] INFO  server.Server (Server.java:doStart(415)) - Started @110261ms
2024-04-23 19:59:37,381 [main] WARN  impl.MetricsSystemImpl (MetricsSystemImpl.java:register(279)) - Sink prometheus already exists!
2024-04-23 19:59:37,382 [main] INFO  http.BaseHttpServer (BaseHttpServer.java:updateConnectorAddress(354)) - HTTP server of hddsDatanode listening at http://0.0.0.0:15294
2024-04-23 19:59:37,382 [main] INFO  ipc.CallQueueManager (CallQueueManager.java:<init>(90)) - Using callQueue: class java.util.concurrent.LinkedBlockingQueue, queueCapacity: 100, scheduler: class org.apache.hadoop.ipc.DefaultRpcScheduler, ipcBackoff: false.
2024-04-23 19:59:37,382 [main] INFO  ipc.Server (Server.java:<init>(1287)) - Listener at 0.0.0.0:15295
2024-04-23 19:59:37,383 [Socket Reader #1 for port 15295] INFO  ipc.Server (Server.java:run(1323)) - Starting Socket Reader #1 for port 15295
2024-04-23 19:59:37,388 [main] INFO  ozone.HddsDatanodeService (HddsDatanodeService.java:start(327)) - Datanode start with admins: [runner]
2024-04-23 19:59:37,388 [main] INFO  ozone.HddsDatanodeClientProtocolServer (HddsDatanodeClientProtocolServer.java:start(77)) - RPC server for Client /0.0.0.0:15295
2024-04-23 19:59:37,388 [IPC Server Responder] INFO  ipc.Server (Server.java:run(1562)) - IPC Server Responder: starting
2024-04-23 19:59:37,391 [IPC Server listener on 15295] INFO  ipc.Server (Server.java:run(1402)) - IPC Server listener on 15295: starting
2024-04-23 19:59:37,396 [main] WARN  dropwizard3.Dm3MetricRegistriesImpl (Dm3MetricRegistriesImpl.java:addReporterRegistration(113)) - New reporters are added after registries were created. Some metrics will be missing from the reporter. Please add reporter before adding any new registry.
2024-04-23 19:59:37,396 [main] WARN  dropwizard3.Dm3MetricRegistriesImpl (Dm3MetricRegistriesImpl.java:addReporterRegistration(113)) - New reporters are added after registries were created. Some metrics will be missing from the reporter. Please add reporter before adding any new registry.
2024-04-23 19:59:37,396 [main] INFO  impl.MetricsSystemImpl (MetricsSystemImpl.java:init(158)) - HddsDatanode metrics system started (again)
2024-04-23 19:59:37,396 [f13f88a1-11f3-4f35-9751-23eec4d236b9-DatanodeStateMachineDaemonThread] INFO  statemachine.DatanodeStateMachine (DatanodeStateMachine.java:lambda$startDaemon$1(555)) - Ozone container server started.
2024-04-23 19:59:37,400 [f13f88a1-11f3-4f35-9751-23eec4d236b9-DatanodeStateMachineTaskThread-0] INFO  datanode.InitDatanodeState (InitDatanodeState.java:persistContainerDatanodeDetails(139)) - DatanodeDetails is persisted to /home/runner/work/ozone/ozone/hadoop-ozone/integration-test/target/test-dir/MiniOzoneClusterImpl-d857b234-8aec-441a-a9c9-a34f2a008b14/ozone-meta/datanode-3/meta/datanode.id
2024-04-23 19:59:37,407 [main] INFO  ozone.HddsDatanodeService (HddsDatanodeService.java:start(240)) - HddsDatanodeService host:fv-az1496-552.f1h4rheolecetjhvv40pmv1bec.bx.internal.cloudapp.net ip:10.1.0.27
2024-04-23 19:59:37,422 [main] INFO  upgrade.AbstractLayoutVersionManager (AbstractLayoutVersionManager.java:init(83)) - Initializing Layout version manager with metadata layout = HADOOP_PRC_PORTS_IN_DATANODEDETAILS (version = 7), software layout = HADOOP_PRC_PORTS_IN_DATANODEDETAILS (version = 7)
2024-04-23 19:59:37,423 [main] INFO  statemachine.DatanodeStateMachine (DatanodeStateMachine.java:getEndPointTaskThreadPoolSize(299)) - Datanode State Machine Task Thread Pool size 2
2024-04-23 19:59:37,424 [main] INFO  volume.HddsVolume (HddsVolume.java:<init>(126)) - Creating HddsVolume: /home/runner/work/ozone/ozone/hadoop-ozone/integration-test/target/test-dir/MiniOzoneClusterImpl-d857b234-8aec-441a-a9c9-a34f2a008b14/ozone-meta/datanode-4/data-0/hdds of storage type : DISK capacity : 9223372036854775807
2024-04-23 19:59:37,424 [main] INFO  volume.MutableVolumeSet (MutableVolumeSet.java:initializeVolumeSet(173)) - Added Volume : /home/runner/work/ozone/ozone/hadoop-ozone/integration-test/target/test-dir/MiniOzoneClusterImpl-d857b234-8aec-441a-a9c9-a34f2a008b14/ozone-meta/datanode-4/data-0/hdds to VolumeSet
2024-04-23 19:59:37,424 [main] INFO  volume.MutableVolumeSet (MutableVolumeSet.java:initializeVolumeSet(173)) - Added Volume : /home/runner/work/ozone/ozone/hadoop-ozone/integration-test/target/test-dir/MiniOzoneClusterImpl-d857b234-8aec-441a-a9c9-a34f2a008b14/ozone-meta/datanode-4/ratis to VolumeSet
2024-04-23 19:59:37,425 [main] INFO  ozoneimpl.OzoneContainer (HddsVolumeUtil.java:loadAllHddsVolumeDbStore(103)) - Load 1 volumes DbStore cost: 1ms
2024-04-23 19:59:37,426 [main] INFO  server.RaftServer (ConfUtils.java:logGet(46)) - raft.rpc.type = GRPC (default)
2024-04-23 19:59:37,426 [main] INFO  grpc.GrpcConfigKeys (ConfUtils.java:logFallback(53)) - raft.grpc.admin.host = null (fallback to raft.grpc.server.host)
2024-04-23 19:59:37,426 [main] INFO  grpc.GrpcConfigKeys (ConfUtils.java:logGet(46)) - raft.grpc.admin.port = 15307 (custom)
2024-04-23 19:59:37,426 [main] INFO  grpc.GrpcConfigKeys (ConfUtils.java:logFallback(53)) - raft.grpc.client.host = null (fallback to raft.grpc.server.host)
2024-04-23 19:59:37,427 [main] INFO  grpc.GrpcConfigKeys (ConfUtils.java:logGet(46)) - raft.grpc.client.port = 15306 (custom)
2024-04-23 19:59:37,427 [main] INFO  grpc.GrpcConfigKeys (ConfUtils.java:logGet(46)) - raft.grpc.server.host = null (default)
2024-04-23 19:59:37,427 [main] INFO  grpc.GrpcConfigKeys (ConfUtils.java:logGet(46)) - raft.grpc.server.port = 15308 (custom)
2024-04-23 19:59:37,427 [main] INFO  server.GrpcService (ConfUtils.java:logGet(46)) - raft.grpc.message.size.max = 32MB (=33554432) (custom)
2024-04-23 19:59:37,427 [main] INFO  server.RaftServerConfigKeys (ConfUtils.java:logGet(46)) - raft.server.log.appender.buffer.byte-limit = 8388608 (custom)
2024-04-23 19:59:37,427 [main] INFO  server.GrpcService (ConfUtils.java:logGet(46)) - raft.grpc.flow.control.window = 5MB (=5242880) (custom)
2024-04-23 19:59:37,428 [main] INFO  server.RaftServerConfigKeys (ConfUtils.java:logGet(46)) - raft.server.rpc.request.timeout = 3000ms (default)
2024-04-23 19:59:37,428 [main] INFO  grpc.GrpcConfigKeys (ConfUtils.java:logGet(46)) - raft.grpc.server.heartbeat.channel = true (default)
2024-04-23 19:59:37,428 [main] INFO  grpc.GrpcConfigKeys (ConfUtils.java:logGet(46)) - raft.grpc.server.async.request.thread.pool.cached = true (default)
2024-04-23 19:59:37,428 [main] INFO  grpc.GrpcConfigKeys (ConfUtils.java:logGet(46)) - raft.grpc.server.async.request.thread.pool.size = 32 (default)
2024-04-23 19:59:37,430 [main] INFO  impl.DataStreamServerImpl (ConfUtils.java:logGet(46)) - raft.datastream.type = NETTY (custom)
2024-04-23 19:59:37,431 [main] INFO  server.RaftServerConfigKeys (ConfUtils.java:logGet(46)) - raft.server.data-stream.async.request.thread.pool.cached = false (default)
2024-04-23 19:59:37,431 [main] INFO  server.RaftServerConfigKeys (ConfUtils.java:logGet(46)) - raft.server.data-stream.async.request.thread.pool.size = 20 (custom)
2024-04-23 19:59:37,431 [main] INFO  server.RaftServerConfigKeys (ConfUtils.java:logGet(46)) - raft.server.data-stream.async.write.thread.pool.size = 16 (default)
2024-04-23 19:59:37,431 [main] INFO  netty.NettyConfigKeys$DataStream (ConfUtils.java:logGet(46)) - raft.netty.dataStream.server.channel.inactive.grace-period = 10min (default)
2024-04-23 19:59:37,431 [main] INFO  server.RaftServerConfigKeys (ConfUtils.java:logGet(46)) - raft.server.data-stream.client.pool.size = 10 (default)
2024-04-23 19:59:37,431 [main] INFO  netty.NettyConfigKeys$DataStream (ConfUtils.java:logGet(46)) - raft.netty.dataStream.server.use-epoll = true (default)
2024-04-23 19:59:37,432 [main] INFO  netty.NettyConfigKeys$DataStream (ConfUtils.java:logGet(46)) - raft.netty.dataStream.server.boss-group.size = 0 (default)
2024-04-23 19:59:37,432 [main] INFO  netty.NettyUtils (NettyUtils.java:newEventLoopGroup(69)) - Create EpollEventLoopGroup for 7071ee0d-0296-4c1d-93da-2a6b8f0a8e11-NettyServerStreamRpc-bossGroup; Thread size is 0.
2024-04-23 19:59:37,432 [main] INFO  netty.NettyConfigKeys$DataStream (ConfUtils.java:logGet(46)) - raft.netty.dataStream.server.worker-group.size = 0 (default)
2024-04-23 19:59:37,432 [main] INFO  netty.NettyUtils (NettyUtils.java:newEventLoopGroup(69)) - Create EpollEventLoopGroup for 7071ee0d-0296-4c1d-93da-2a6b8f0a8e11-NettyServerStreamRpc-workerGroup; Thread size is 0.
2024-04-23 19:59:37,432 [main] INFO  netty.NettyConfigKeys$DataStream (ConfUtils.java:logGet(46)) - raft.netty.dataStream.server.tls.conf = null (default)
2024-04-23 19:59:37,433 [main] INFO  netty.NettyConfigKeys$DataStream (ConfUtils.java:logGet(46)) - raft.netty.dataStream.host = null (default)
2024-04-23 19:59:37,433 [main] INFO  netty.NettyConfigKeys$DataStream (ConfUtils.java:logGet(46)) - raft.netty.dataStream.port = 15309 (custom)
2024-04-23 19:59:37,433 [main] INFO  server.RaftServerConfigKeys (ConfUtils.java:logGet(46)) - raft.server.sleep.deviation.threshold = 300ms (default)
2024-04-23 19:59:37,433 [main] INFO  server.RaftServerConfigKeys (ConfUtils.java:logGet(46)) - raft.server.close.threshold = 60s (default)
2024-04-23 19:59:37,433 [main] INFO  server.RaftServerConfigKeys (ConfUtils.java:logGet(46)) - raft.server.leaderelection.leader.step-down.wait-time = 10s (default)
2024-04-23 19:59:37,433 [7071ee0d-0296-4c1d-93da-2a6b8f0a8e11-NettyServerStreamRpc-bossGroup--thread1] INFO  logging.LoggingHandler (AbstractInternalLogger.java:log(148)) - [id: 0x995bd6e4] REGISTERED
2024-04-23 19:59:37,434 [main] INFO  server.RaftServerConfigKeys (ConfUtils.java:logGet(46)) - raft.server.storage.dir = [/home/runner/work/ozone/ozone/hadoop-ozone/integration-test/target/test-dir/MiniOzoneClusterImpl-d857b234-8aec-441a-a9c9-a34f2a008b14/ozone-meta/datanode-4/ratis] (custom)
2024-04-23 19:59:37,434 [main] INFO  server.RaftServerConfigKeys (ConfUtils.java:logGet(46)) - raft.server.threadpool.proxy.cached = true (default)
2024-04-23 19:59:37,434 [7071ee0d-0296-4c1d-93da-2a6b8f0a8e11-NettyServerStreamRpc-bossGroup--thread1] INFO  logging.LoggingHandler (AbstractInternalLogger.java:log(148)) - [id: 0x995bd6e4] BIND: 0.0.0.0/0.0.0.0:15309
2024-04-23 19:59:37,434 [main] INFO  server.RaftServerConfigKeys (ConfUtils.java:logGet(46)) - raft.server.threadpool.proxy.size = 0 (default)
2024-04-23 19:59:37,434 [7071ee0d-0296-4c1d-93da-2a6b8f0a8e11-NettyServerStreamRpc-bossGroup--thread1] INFO  logging.LoggingHandler (AbstractInternalLogger.java:log(148)) - [id: 0x995bd6e4, L:/0.0.0.0:15309] ACTIVE
2024-04-23 19:59:37,435 [7071ee0d-0296-4c1d-93da-2a6b8f0a8e11-impl-thread1] INFO  server.RaftServer (RaftServerProxy.java:initGroupDir(264)) - 7071ee0d-0296-4c1d-93da-2a6b8f0a8e11: found a subdirectory /home/runner/work/ozone/ozone/hadoop-ozone/integration-test/target/test-dir/MiniOzoneClusterImpl-d857b234-8aec-441a-a9c9-a34f2a008b14/ozone-meta/datanode-4/ratis/tmp
2024-04-23 19:59:37,435 [7071ee0d-0296-4c1d-93da-2a6b8f0a8e11-impl-thread1] INFO  server.RaftServer (RaftServerProxy.java:initGroupDir(269)) - 7071ee0d-0296-4c1d-93da-2a6b8f0a8e11: The directory /home/runner/work/ozone/ozone/hadoop-ozone/integration-test/target/test-dir/MiniOzoneClusterImpl-d857b234-8aec-441a-a9c9-a34f2a008b14/ozone-meta/datanode-4/ratis/tmp is not a group directory; ignoring it. 
2024-04-23 19:59:37,435 [main] INFO  replication.ReplicationServer (ReplicationServer.java:<init>(86)) - Initializing replication server with thread count = 10 queue length = 4096
2024-04-23 19:59:37,436 [main] INFO  server.XceiverServerGrpc (XceiverServerGrpc.java:<init>(141)) - GrpcServer channel type EpollServerSocketChannel
2024-04-23 19:59:37,437 [main] INFO  replication.ReplicationSupervisor (ReplicationSupervisor.java:build(157)) - Initializing replication supervisor with thread count = 10
2024-04-23 19:59:37,437 [main] INFO  replication.ReplicationSupervisor (ReplicationSupervisor.java:nodeStateUpdated(312)) - Node state updated to IN_SERVICE, scaling executor pool size to 10
2024-04-23 19:59:37,438 [main] INFO  http.BaseHttpServer (BaseHttpServer.java:newHttpServer2BuilderForOzone(223)) - Starting Web-server for hddsDatanode at: http://0.0.0.0:15303
2024-04-23 19:59:37,439 [main] INFO  http.BaseHttpServer (BaseHttpServer.java:<init>(110)) - Hadoop Security Enabled: false Ozone Security Enabled: false Ozone HTTP Security Enabled: false 
2024-04-23 19:59:37,439 [main] WARN  server.AuthenticationFilter (AuthenticationFilter.java:constructSecretProvider(240)) - Unable to initialize FileSignerSecretProvider, falling back to use random secrets. Reason: Could not read signature secret file: /home/runner/hadoop-http-auth-signature-secret
2024-04-23 19:59:37,440 [main] INFO  http.HttpRequestLog (HttpRequestLog.java:getRequestLog(86)) - Http request log for http.requests.hddsDatanode is not defined
2024-04-23 19:59:37,440 [main] INFO  http.HttpServer2 (HttpServer2.java:addGlobalFilter(1036)) - Added global filter 'safety' (class=org.apache.hadoop.hdds.server.http.HttpServer2$QuotingInputFilter)
2024-04-23 19:59:37,441 [main] INFO  http.HttpServer2 (HttpServer2.java:addFilter(1012)) - Added filter static_user_filter (class=org.apache.hadoop.http.lib.StaticUserWebFilter$StaticUserFilter) to context hddsDatanode
2024-04-23 19:59:37,441 [main] INFO  http.HttpServer2 (HttpServer2.java:addFilter(1020)) - Added filter static_user_filter (class=org.apache.hadoop.http.lib.StaticUserWebFilter$StaticUserFilter) to context logs
2024-04-23 19:59:37,441 [main] INFO  http.HttpServer2 (HttpServer2.java:addFilter(1020)) - Added filter static_user_filter (class=org.apache.hadoop.http.lib.StaticUserWebFilter$StaticUserFilter) to context static
2024-04-23 19:59:37,441 [main] INFO  http.BaseHttpServer (BaseHttpServer.java:<init>(189)) - HTTP server of hddsDatanode uses base directory /home/runner/work/ozone/ozone/hadoop-ozone/integration-test/target/test-dir/MiniOzoneClusterImpl-d857b234-8aec-441a-a9c9-a34f2a008b14/ozone-meta/datanode-4/meta/webserver
2024-04-23 19:59:37,441 [main] INFO  http.HttpServer2 (HttpServer2.java:bindListener(1236)) - Jetty bound to port 15303
2024-04-23 19:59:37,442 [main] INFO  server.Server (Server.java:doStart(375)) - jetty-9.4.53.v20231009; built: 2023-10-09T12:29:09.265Z; git: 27bde00a0b95a1d5bbee0eae7984f891d2d0f8c9; jvm 1.8.0_402-b06
2024-04-23 19:59:37,442 [main] INFO  server.session (DefaultSessionIdManager.java:doStart(334)) - DefaultSessionIdManager workerName=node0
2024-04-23 19:59:37,442 [main] INFO  server.session (DefaultSessionIdManager.java:doStart(339)) - No SessionScavenger set, using defaults
2024-04-23 19:59:37,443 [main] INFO  server.session (HouseKeeper.java:startScavenging(132)) - node0 Scavenging every 600000ms
2024-04-23 19:59:37,443 [main] INFO  handler.ContextHandler (ContextHandler.java:doStart(921)) - Started o.e.j.s.ServletContextHandler@731167fc{logs,/logs,file:///home/runner/work/ozone/ozone/hadoop-ozone/integration-test/target/log,AVAILABLE}
2024-04-23 19:59:37,443 [main] INFO  handler.ContextHandler (ContextHandler.java:doStart(921)) - Started o.e.j.s.ServletContextHandler@1a7e0ff3{static,/static,file:///home/runner/work/ozone/ozone/hadoop-hdds/container-service/target/classes/webapps/static,AVAILABLE}
2024-04-23 19:59:37,445 [main] INFO  handler.ContextHandler (ContextHandler.java:doStart(921)) - Started o.e.j.w.WebAppContext@54e7865e{hddsDatanode,/,file:///home/runner/work/ozone/ozone/hadoop-hdds/container-service/target/classes/webapps/hddsDatanode/,AVAILABLE}{file:/home/runner/work/ozone/ozone/hadoop-hdds/container-service/target/classes/webapps/hddsDatanode}
2024-04-23 19:59:37,447 [main] INFO  server.AbstractConnector (AbstractConnector.java:doStart(333)) - Started ServerConnector@5117aeea{HTTP/1.1, (http/1.1)}{0.0.0.0:15303}
2024-04-23 19:59:37,447 [main] INFO  server.Server (Server.java:doStart(415)) - Started @110327ms
2024-04-23 19:59:37,447 [main] WARN  impl.MetricsSystemImpl (MetricsSystemImpl.java:register(279)) - Sink prometheus already exists!
2024-04-23 19:59:37,448 [main] INFO  http.BaseHttpServer (BaseHttpServer.java:updateConnectorAddress(354)) - HTTP server of hddsDatanode listening at http://0.0.0.0:15303
2024-04-23 19:59:37,448 [main] INFO  ipc.CallQueueManager (CallQueueManager.java:<init>(90)) - Using callQueue: class java.util.concurrent.LinkedBlockingQueue, queueCapacity: 100, scheduler: class org.apache.hadoop.ipc.DefaultRpcScheduler, ipcBackoff: false.
2024-04-23 19:59:37,448 [main] INFO  ipc.Server (Server.java:<init>(1287)) - Listener at 0.0.0.0:15304
2024-04-23 19:59:37,448 [Socket Reader #1 for port 15304] INFO  ipc.Server (Server.java:run(1323)) - Starting Socket Reader #1 for port 15304
2024-04-23 19:59:37,450 [main] INFO  ozone.HddsDatanodeService (HddsDatanodeService.java:start(327)) - Datanode start with admins: [runner]
2024-04-23 19:59:37,450 [main] INFO  ozone.HddsDatanodeClientProtocolServer (HddsDatanodeClientProtocolServer.java:start(77)) - RPC server for Client /0.0.0.0:15304
2024-04-23 19:59:37,451 [IPC Server Responder] INFO  ipc.Server (Server.java:run(1562)) - IPC Server Responder: starting
2024-04-23 19:59:37,451 [IPC Server listener on 15304] INFO  ipc.Server (Server.java:run(1402)) - IPC Server listener on 15304: starting
2024-04-23 19:59:37,452 [7071ee0d-0296-4c1d-93da-2a6b8f0a8e11-DatanodeStateMachineDaemonThread] INFO  statemachine.DatanodeStateMachine (DatanodeStateMachine.java:lambda$startDaemon$1(555)) - Ozone container server started.
2024-04-23 19:59:37,452 [main] WARN  dropwizard3.Dm3MetricRegistriesImpl (Dm3MetricRegistriesImpl.java:addReporterRegistration(113)) - New reporters are added after registries were created. Some metrics will be missing from the reporter. Please add reporter before adding any new registry.
2024-04-23 19:59:37,453 [main] WARN  dropwizard3.Dm3MetricRegistriesImpl (Dm3MetricRegistriesImpl.java:addReporterRegistration(113)) - New reporters are added after registries were created. Some metrics will be missing from the reporter. Please add reporter before adding any new registry.
2024-04-23 19:59:37,453 [main] INFO  impl.MetricsSystemImpl (MetricsSystemImpl.java:init(158)) - HddsDatanode metrics system started (again)
2024-04-23 19:59:37,456 [7071ee0d-0296-4c1d-93da-2a6b8f0a8e11-DatanodeStateMachineTaskThread-0] INFO  datanode.InitDatanodeState (InitDatanodeState.java:persistContainerDatanodeDetails(139)) - DatanodeDetails is persisted to /home/runner/work/ozone/ozone/hadoop-ozone/integration-test/target/test-dir/MiniOzoneClusterImpl-d857b234-8aec-441a-a9c9-a34f2a008b14/ozone-meta/datanode-4/meta/datanode.id
2024-04-23 19:59:37,462 [main] INFO  ozone.HddsDatanodeService (HddsDatanodeService.java:start(240)) - HddsDatanodeService host:fv-az1496-552.f1h4rheolecetjhvv40pmv1bec.bx.internal.cloudapp.net ip:10.1.0.27
2024-04-23 19:59:37,477 [main] INFO  upgrade.AbstractLayoutVersionManager (AbstractLayoutVersionManager.java:init(83)) - Initializing Layout version manager with metadata layout = HADOOP_PRC_PORTS_IN_DATANODEDETAILS (version = 7), software layout = HADOOP_PRC_PORTS_IN_DATANODEDETAILS (version = 7)
2024-04-23 19:59:37,478 [main] INFO  statemachine.DatanodeStateMachine (DatanodeStateMachine.java:getEndPointTaskThreadPoolSize(299)) - Datanode State Machine Task Thread Pool size 2
2024-04-23 19:59:37,479 [main] INFO  volume.HddsVolume (HddsVolume.java:<init>(126)) - Creating HddsVolume: /home/runner/work/ozone/ozone/hadoop-ozone/integration-test/target/test-dir/MiniOzoneClusterImpl-d857b234-8aec-441a-a9c9-a34f2a008b14/ozone-meta/datanode-5/data-0/hdds of storage type : DISK capacity : 9223372036854775807
2024-04-23 19:59:37,479 [main] INFO  volume.MutableVolumeSet (MutableVolumeSet.java:initializeVolumeSet(173)) - Added Volume : /home/runner/work/ozone/ozone/hadoop-ozone/integration-test/target/test-dir/MiniOzoneClusterImpl-d857b234-8aec-441a-a9c9-a34f2a008b14/ozone-meta/datanode-5/data-0/hdds to VolumeSet
2024-04-23 19:59:37,480 [main] INFO  volume.MutableVolumeSet (MutableVolumeSet.java:initializeVolumeSet(173)) - Added Volume : /home/runner/work/ozone/ozone/hadoop-ozone/integration-test/target/test-dir/MiniOzoneClusterImpl-d857b234-8aec-441a-a9c9-a34f2a008b14/ozone-meta/datanode-5/ratis to VolumeSet
2024-04-23 19:59:37,481 [main] INFO  ozoneimpl.OzoneContainer (HddsVolumeUtil.java:loadAllHddsVolumeDbStore(103)) - Load 1 volumes DbStore cost: 1ms
2024-04-23 19:59:37,483 [main] INFO  server.RaftServer (ConfUtils.java:logGet(46)) - raft.rpc.type = GRPC (default)
2024-04-23 19:59:37,483 [main] INFO  grpc.GrpcConfigKeys (ConfUtils.java:logFallback(53)) - raft.grpc.admin.host = null (fallback to raft.grpc.server.host)
2024-04-23 19:59:37,483 [main] INFO  grpc.GrpcConfigKeys (ConfUtils.java:logGet(46)) - raft.grpc.admin.port = 15316 (custom)
2024-04-23 19:59:37,483 [main] INFO  grpc.GrpcConfigKeys (ConfUtils.java:logFallback(53)) - raft.grpc.client.host = null (fallback to raft.grpc.server.host)
2024-04-23 19:59:37,483 [main] INFO  grpc.GrpcConfigKeys (ConfUtils.java:logGet(46)) - raft.grpc.client.port = 15315 (custom)
2024-04-23 19:59:37,484 [main] INFO  grpc.GrpcConfigKeys (ConfUtils.java:logGet(46)) - raft.grpc.server.host = null (default)
2024-04-23 19:59:37,484 [main] INFO  grpc.GrpcConfigKeys (ConfUtils.java:logGet(46)) - raft.grpc.server.port = 15317 (custom)
2024-04-23 19:59:37,484 [main] INFO  server.GrpcService (ConfUtils.java:logGet(46)) - raft.grpc.message.size.max = 32MB (=33554432) (custom)
2024-04-23 19:59:37,484 [main] INFO  server.RaftServerConfigKeys (ConfUtils.java:logGet(46)) - raft.server.log.appender.buffer.byte-limit = 8388608 (custom)
2024-04-23 19:59:37,484 [main] INFO  server.GrpcService (ConfUtils.java:logGet(46)) - raft.grpc.flow.control.window = 5MB (=5242880) (custom)
2024-04-23 19:59:37,484 [main] INFO  server.RaftServerConfigKeys (ConfUtils.java:logGet(46)) - raft.server.rpc.request.timeout = 3000ms (default)
2024-04-23 19:59:37,484 [main] INFO  grpc.GrpcConfigKeys (ConfUtils.java:logGet(46)) - raft.grpc.server.heartbeat.channel = true (default)
2024-04-23 19:59:37,485 [main] INFO  grpc.GrpcConfigKeys (ConfUtils.java:logGet(46)) - raft.grpc.server.async.request.thread.pool.cached = true (default)
2024-04-23 19:59:37,485 [main] INFO  grpc.GrpcConfigKeys (ConfUtils.java:logGet(46)) - raft.grpc.server.async.request.thread.pool.size = 32 (default)
2024-04-23 19:59:37,487 [main] INFO  impl.DataStreamServerImpl (ConfUtils.java:logGet(46)) - raft.datastream.type = NETTY (custom)
2024-04-23 19:59:37,487 [main] INFO  server.RaftServerConfigKeys (ConfUtils.java:logGet(46)) - raft.server.data-stream.async.request.thread.pool.cached = false (default)
2024-04-23 19:59:37,487 [main] INFO  server.RaftServerConfigKeys (ConfUtils.java:logGet(46)) - raft.server.data-stream.async.request.thread.pool.size = 20 (custom)
2024-04-23 19:59:37,487 [main] INFO  server.RaftServerConfigKeys (ConfUtils.java:logGet(46)) - raft.server.data-stream.async.write.thread.pool.size = 16 (default)
2024-04-23 19:59:37,488 [main] INFO  netty.NettyConfigKeys$DataStream (ConfUtils.java:logGet(46)) - raft.netty.dataStream.server.channel.inactive.grace-period = 10min (default)
2024-04-23 19:59:37,488 [main] INFO  server.RaftServerConfigKeys (ConfUtils.java:logGet(46)) - raft.server.data-stream.client.pool.size = 10 (default)
2024-04-23 19:59:37,488 [main] INFO  netty.NettyConfigKeys$DataStream (ConfUtils.java:logGet(46)) - raft.netty.dataStream.server.use-epoll = true (default)
2024-04-23 19:59:37,488 [main] INFO  netty.NettyConfigKeys$DataStream (ConfUtils.java:logGet(46)) - raft.netty.dataStream.server.boss-group.size = 0 (default)
2024-04-23 19:59:37,489 [main] INFO  netty.NettyUtils (NettyUtils.java:newEventLoopGroup(69)) - Create EpollEventLoopGroup for 37bb455d-24a6-4251-8f16-d648f82e590e-NettyServerStreamRpc-bossGroup; Thread size is 0.
2024-04-23 19:59:37,489 [main] INFO  netty.NettyConfigKeys$DataStream (ConfUtils.java:logGet(46)) - raft.netty.dataStream.server.worker-group.size = 0 (default)
2024-04-23 19:59:37,489 [main] INFO  netty.NettyUtils (NettyUtils.java:newEventLoopGroup(69)) - Create EpollEventLoopGroup for 37bb455d-24a6-4251-8f16-d648f82e590e-NettyServerStreamRpc-workerGroup; Thread size is 0.
2024-04-23 19:59:37,489 [main] INFO  netty.NettyConfigKeys$DataStream (ConfUtils.java:logGet(46)) - raft.netty.dataStream.server.tls.conf = null (default)
2024-04-23 19:59:37,490 [main] INFO  netty.NettyConfigKeys$DataStream (ConfUtils.java:logGet(46)) - raft.netty.dataStream.host = null (default)
2024-04-23 19:59:37,490 [main] INFO  netty.NettyConfigKeys$DataStream (ConfUtils.java:logGet(46)) - raft.netty.dataStream.port = 15318 (custom)
2024-04-23 19:59:37,491 [main] INFO  server.RaftServerConfigKeys (ConfUtils.java:logGet(46)) - raft.server.sleep.deviation.threshold = 300ms (default)
2024-04-23 19:59:37,491 [main] INFO  server.RaftServerConfigKeys (ConfUtils.java:logGet(46)) - raft.server.close.threshold = 60s (default)
2024-04-23 19:59:37,491 [main] INFO  server.RaftServerConfigKeys (ConfUtils.java:logGet(46)) - raft.server.leaderelection.leader.step-down.wait-time = 10s (default)
2024-04-23 19:59:37,491 [main] INFO  server.RaftServerConfigKeys (ConfUtils.java:logGet(46)) - raft.server.storage.dir = [/home/runner/work/ozone/ozone/hadoop-ozone/integration-test/target/test-dir/MiniOzoneClusterImpl-d857b234-8aec-441a-a9c9-a34f2a008b14/ozone-meta/datanode-5/ratis] (custom)
2024-04-23 19:59:37,491 [main] INFO  server.RaftServerConfigKeys (ConfUtils.java:logGet(46)) - raft.server.threadpool.proxy.cached = true (default)
2024-04-23 19:59:37,492 [main] INFO  server.RaftServerConfigKeys (ConfUtils.java:logGet(46)) - raft.server.threadpool.proxy.size = 0 (default)
2024-04-23 19:59:37,491 [37bb455d-24a6-4251-8f16-d648f82e590e-NettyServerStreamRpc-bossGroup--thread1] INFO  logging.LoggingHandler (AbstractInternalLogger.java:log(148)) - [id: 0x36506cab] REGISTERED
2024-04-23 19:59:37,492 [37bb455d-24a6-4251-8f16-d648f82e590e-NettyServerStreamRpc-bossGroup--thread1] INFO  logging.LoggingHandler (AbstractInternalLogger.java:log(148)) - [id: 0x36506cab] BIND: 0.0.0.0/0.0.0.0:15318
2024-04-23 19:59:37,492 [37bb455d-24a6-4251-8f16-d648f82e590e-NettyServerStreamRpc-bossGroup--thread1] INFO  logging.LoggingHandler (AbstractInternalLogger.java:log(148)) - [id: 0x36506cab, L:/0.0.0.0:15318] ACTIVE
2024-04-23 19:59:37,492 [37bb455d-24a6-4251-8f16-d648f82e590e-impl-thread1] INFO  server.RaftServer (RaftServerProxy.java:initGroupDir(264)) - 37bb455d-24a6-4251-8f16-d648f82e590e: found a subdirectory /home/runner/work/ozone/ozone/hadoop-ozone/integration-test/target/test-dir/MiniOzoneClusterImpl-d857b234-8aec-441a-a9c9-a34f2a008b14/ozone-meta/datanode-5/ratis/tmp
2024-04-23 19:59:37,492 [37bb455d-24a6-4251-8f16-d648f82e590e-impl-thread1] INFO  server.RaftServer (RaftServerProxy.java:initGroupDir(269)) - 37bb455d-24a6-4251-8f16-d648f82e590e: The directory /home/runner/work/ozone/ozone/hadoop-ozone/integration-test/target/test-dir/MiniOzoneClusterImpl-d857b234-8aec-441a-a9c9-a34f2a008b14/ozone-meta/datanode-5/ratis/tmp is not a group directory; ignoring it. 
2024-04-23 19:59:37,492 [main] INFO  replication.ReplicationServer (ReplicationServer.java:<init>(86)) - Initializing replication server with thread count = 10 queue length = 4096
2024-04-23 19:59:37,493 [main] INFO  server.XceiverServerGrpc (XceiverServerGrpc.java:<init>(141)) - GrpcServer channel type EpollServerSocketChannel
2024-04-23 19:59:37,495 [main] INFO  replication.ReplicationSupervisor (ReplicationSupervisor.java:build(157)) - Initializing replication supervisor with thread count = 10
2024-04-23 19:59:37,495 [main] INFO  replication.ReplicationSupervisor (ReplicationSupervisor.java:nodeStateUpdated(312)) - Node state updated to IN_SERVICE, scaling executor pool size to 10
2024-04-23 19:59:37,496 [main] INFO  http.BaseHttpServer (BaseHttpServer.java:newHttpServer2BuilderForOzone(223)) - Starting Web-server for hddsDatanode at: http://0.0.0.0:15312
2024-04-23 19:59:37,496 [main] INFO  http.BaseHttpServer (BaseHttpServer.java:<init>(110)) - Hadoop Security Enabled: false Ozone Security Enabled: false Ozone HTTP Security Enabled: false 
2024-04-23 19:59:37,497 [main] WARN  server.AuthenticationFilter (AuthenticationFilter.java:constructSecretProvider(240)) - Unable to initialize FileSignerSecretProvider, falling back to use random secrets. Reason: Could not read signature secret file: /home/runner/hadoop-http-auth-signature-secret
2024-04-23 19:59:37,497 [main] INFO  http.HttpRequestLog (HttpRequestLog.java:getRequestLog(86)) - Http request log for http.requests.hddsDatanode is not defined
2024-04-23 19:59:37,498 [main] INFO  http.HttpServer2 (HttpServer2.java:addGlobalFilter(1036)) - Added global filter 'safety' (class=org.apache.hadoop.hdds.server.http.HttpServer2$QuotingInputFilter)
2024-04-23 19:59:37,498 [main] INFO  http.HttpServer2 (HttpServer2.java:addFilter(1012)) - Added filter static_user_filter (class=org.apache.hadoop.http.lib.StaticUserWebFilter$StaticUserFilter) to context hddsDatanode
2024-04-23 19:59:37,498 [main] INFO  http.HttpServer2 (HttpServer2.java:addFilter(1020)) - Added filter static_user_filter (class=org.apache.hadoop.http.lib.StaticUserWebFilter$StaticUserFilter) to context static
2024-04-23 19:59:37,498 [main] INFO  http.HttpServer2 (HttpServer2.java:addFilter(1020)) - Added filter static_user_filter (class=org.apache.hadoop.http.lib.StaticUserWebFilter$StaticUserFilter) to context logs
2024-04-23 19:59:37,499 [main] INFO  http.BaseHttpServer (BaseHttpServer.java:<init>(189)) - HTTP server of hddsDatanode uses base directory /home/runner/work/ozone/ozone/hadoop-ozone/integration-test/target/test-dir/MiniOzoneClusterImpl-d857b234-8aec-441a-a9c9-a34f2a008b14/ozone-meta/datanode-5/meta/webserver
2024-04-23 19:59:37,499 [main] INFO  http.HttpServer2 (HttpServer2.java:bindListener(1236)) - Jetty bound to port 15312
2024-04-23 19:59:37,499 [main] INFO  server.Server (Server.java:doStart(375)) - jetty-9.4.53.v20231009; built: 2023-10-09T12:29:09.265Z; git: 27bde00a0b95a1d5bbee0eae7984f891d2d0f8c9; jvm 1.8.0_402-b06
2024-04-23 19:59:37,500 [main] INFO  server.session (DefaultSessionIdManager.java:doStart(334)) - DefaultSessionIdManager workerName=node0
2024-04-23 19:59:37,500 [main] INFO  server.session (DefaultSessionIdManager.java:doStart(339)) - No SessionScavenger set, using defaults
2024-04-23 19:59:37,500 [main] INFO  server.session (HouseKeeper.java:startScavenging(132)) - node0 Scavenging every 660000ms
2024-04-23 19:59:37,501 [main] INFO  handler.ContextHandler (ContextHandler.java:doStart(921)) - Started o.e.j.s.ServletContextHandler@ef7156f{logs,/logs,file:///home/runner/work/ozone/ozone/hadoop-ozone/integration-test/target/log,AVAILABLE}
2024-04-23 19:59:37,501 [main] INFO  handler.ContextHandler (ContextHandler.java:doStart(921)) - Started o.e.j.s.ServletContextHandler@5786d4d1{static,/static,file:///home/runner/work/ozone/ozone/hadoop-hdds/container-service/target/classes/webapps/static,AVAILABLE}
2024-04-23 19:59:37,503 [main] INFO  handler.ContextHandler (ContextHandler.java:doStart(921)) - Started o.e.j.w.WebAppContext@2896760b{hddsDatanode,/,file:///home/runner/work/ozone/ozone/hadoop-hdds/container-service/target/classes/webapps/hddsDatanode/,AVAILABLE}{file:/home/runner/work/ozone/ozone/hadoop-hdds/container-service/target/classes/webapps/hddsDatanode}
2024-04-23 19:59:37,505 [main] INFO  server.AbstractConnector (AbstractConnector.java:doStart(333)) - Started ServerConnector@63b93fba{HTTP/1.1, (http/1.1)}{0.0.0.0:15312}
2024-04-23 19:59:37,505 [main] INFO  server.Server (Server.java:doStart(415)) - Started @110385ms
2024-04-23 19:59:37,505 [main] WARN  impl.MetricsSystemImpl (MetricsSystemImpl.java:register(279)) - Sink prometheus already exists!
2024-04-23 19:59:37,506 [main] INFO  http.BaseHttpServer (BaseHttpServer.java:updateConnectorAddress(354)) - HTTP server of hddsDatanode listening at http://0.0.0.0:15312
2024-04-23 19:59:37,506 [main] INFO  ipc.CallQueueManager (CallQueueManager.java:<init>(90)) - Using callQueue: class java.util.concurrent.LinkedBlockingQueue, queueCapacity: 100, scheduler: class org.apache.hadoop.ipc.DefaultRpcScheduler, ipcBackoff: false.
2024-04-23 19:59:37,506 [main] INFO  ipc.Server (Server.java:<init>(1287)) - Listener at 0.0.0.0:15313
2024-04-23 19:59:37,506 [Socket Reader #1 for port 15313] INFO  ipc.Server (Server.java:run(1323)) - Starting Socket Reader #1 for port 15313
2024-04-23 19:59:37,508 [main] INFO  ozone.HddsDatanodeService (HddsDatanodeService.java:start(327)) - Datanode start with admins: [runner]
2024-04-23 19:59:37,508 [main] INFO  ozone.HddsDatanodeClientProtocolServer (HddsDatanodeClientProtocolServer.java:start(77)) - RPC server for Client /0.0.0.0:15313
2024-04-23 19:59:37,508 [IPC Server Responder] INFO  ipc.Server (Server.java:run(1562)) - IPC Server Responder: starting
2024-04-23 19:59:37,509 [IPC Server listener on 15313] INFO  ipc.Server (Server.java:run(1402)) - IPC Server listener on 15313: starting
2024-04-23 19:59:37,510 [37bb455d-24a6-4251-8f16-d648f82e590e-DatanodeStateMachineDaemonThread] INFO  statemachine.DatanodeStateMachine (DatanodeStateMachine.java:lambda$startDaemon$1(555)) - Ozone container server started.
2024-04-23 19:59:37,510 [main] WARN  dropwizard3.Dm3MetricRegistriesImpl (Dm3MetricRegistriesImpl.java:addReporterRegistration(113)) - New reporters are added after registries were created. Some metrics will be missing from the reporter. Please add reporter before adding any new registry.
2024-04-23 19:59:37,511 [main] WARN  dropwizard3.Dm3MetricRegistriesImpl (Dm3MetricRegistriesImpl.java:addReporterRegistration(113)) - New reporters are added after registries were created. Some metrics will be missing from the reporter. Please add reporter before adding any new registry.
2024-04-23 19:59:37,512 [main] INFO  impl.MetricsSystemImpl (MetricsSystemImpl.java:init(158)) - HddsDatanode metrics system started (again)
2024-04-23 19:59:37,515 [37bb455d-24a6-4251-8f16-d648f82e590e-DatanodeStateMachineTaskThread-0] INFO  datanode.InitDatanodeState (InitDatanodeState.java:persistContainerDatanodeDetails(139)) - DatanodeDetails is persisted to /home/runner/work/ozone/ozone/hadoop-ozone/integration-test/target/test-dir/MiniOzoneClusterImpl-d857b234-8aec-441a-a9c9-a34f2a008b14/ozone-meta/datanode-5/meta/datanode.id
2024-04-23 19:59:37,522 [main] INFO  ozone.HddsDatanodeService (HddsDatanodeService.java:start(240)) - HddsDatanodeService host:fv-az1496-552.f1h4rheolecetjhvv40pmv1bec.bx.internal.cloudapp.net ip:10.1.0.27
2024-04-23 19:59:37,538 [main] INFO  upgrade.AbstractLayoutVersionManager (AbstractLayoutVersionManager.java:init(83)) - Initializing Layout version manager with metadata layout = HADOOP_PRC_PORTS_IN_DATANODEDETAILS (version = 7), software layout = HADOOP_PRC_PORTS_IN_DATANODEDETAILS (version = 7)
2024-04-23 19:59:37,538 [main] INFO  statemachine.DatanodeStateMachine (DatanodeStateMachine.java:getEndPointTaskThreadPoolSize(299)) - Datanode State Machine Task Thread Pool size 2
2024-04-23 19:59:37,539 [main] INFO  volume.HddsVolume (HddsVolume.java:<init>(126)) - Creating HddsVolume: /home/runner/work/ozone/ozone/hadoop-ozone/integration-test/target/test-dir/MiniOzoneClusterImpl-d857b234-8aec-441a-a9c9-a34f2a008b14/ozone-meta/datanode-6/data-0/hdds of storage type : DISK capacity : 9223372036854775807
2024-04-23 19:59:37,539 [main] INFO  volume.MutableVolumeSet (MutableVolumeSet.java:initializeVolumeSet(173)) - Added Volume : /home/runner/work/ozone/ozone/hadoop-ozone/integration-test/target/test-dir/MiniOzoneClusterImpl-d857b234-8aec-441a-a9c9-a34f2a008b14/ozone-meta/datanode-6/data-0/hdds to VolumeSet
2024-04-23 19:59:37,539 [main] INFO  volume.MutableVolumeSet (MutableVolumeSet.java:initializeVolumeSet(173)) - Added Volume : /home/runner/work/ozone/ozone/hadoop-ozone/integration-test/target/test-dir/MiniOzoneClusterImpl-d857b234-8aec-441a-a9c9-a34f2a008b14/ozone-meta/datanode-6/ratis to VolumeSet
2024-04-23 19:59:37,540 [main] INFO  ozoneimpl.OzoneContainer (HddsVolumeUtil.java:loadAllHddsVolumeDbStore(103)) - Load 1 volumes DbStore cost: 0ms
2024-04-23 19:59:37,541 [main] INFO  server.RaftServer (ConfUtils.java:logGet(46)) - raft.rpc.type = GRPC (default)
2024-04-23 19:59:37,541 [main] INFO  grpc.GrpcConfigKeys (ConfUtils.java:logFallback(53)) - raft.grpc.admin.host = null (fallback to raft.grpc.server.host)
2024-04-23 19:59:37,542 [main] INFO  grpc.GrpcConfigKeys (ConfUtils.java:logGet(46)) - raft.grpc.admin.port = 15325 (custom)
2024-04-23 19:59:37,542 [main] INFO  grpc.GrpcConfigKeys (ConfUtils.java:logFallback(53)) - raft.grpc.client.host = null (fallback to raft.grpc.server.host)
2024-04-23 19:59:37,542 [main] INFO  grpc.GrpcConfigKeys (ConfUtils.java:logGet(46)) - raft.grpc.client.port = 15324 (custom)
2024-04-23 19:59:37,542 [main] INFO  grpc.GrpcConfigKeys (ConfUtils.java:logGet(46)) - raft.grpc.server.host = null (default)
2024-04-23 19:59:37,542 [main] INFO  grpc.GrpcConfigKeys (ConfUtils.java:logGet(46)) - raft.grpc.server.port = 15326 (custom)
2024-04-23 19:59:37,542 [main] INFO  server.GrpcService (ConfUtils.java:logGet(46)) - raft.grpc.message.size.max = 32MB (=33554432) (custom)
2024-04-23 19:59:37,543 [main] INFO  server.RaftServerConfigKeys (ConfUtils.java:logGet(46)) - raft.server.log.appender.buffer.byte-limit = 8388608 (custom)
2024-04-23 19:59:37,543 [main] INFO  server.GrpcService (ConfUtils.java:logGet(46)) - raft.grpc.flow.control.window = 5MB (=5242880) (custom)
2024-04-23 19:59:37,543 [main] INFO  server.RaftServerConfigKeys (ConfUtils.java:logGet(46)) - raft.server.rpc.request.timeout = 3000ms (default)
2024-04-23 19:59:37,543 [main] INFO  grpc.GrpcConfigKeys (ConfUtils.java:logGet(46)) - raft.grpc.server.heartbeat.channel = true (default)
2024-04-23 19:59:37,543 [main] INFO  grpc.GrpcConfigKeys (ConfUtils.java:logGet(46)) - raft.grpc.server.async.request.thread.pool.cached = true (default)
2024-04-23 19:59:37,543 [main] INFO  grpc.GrpcConfigKeys (ConfUtils.java:logGet(46)) - raft.grpc.server.async.request.thread.pool.size = 32 (default)
2024-04-23 19:59:37,545 [main] INFO  impl.DataStreamServerImpl (ConfUtils.java:logGet(46)) - raft.datastream.type = NETTY (custom)
2024-04-23 19:59:37,546 [main] INFO  server.RaftServerConfigKeys (ConfUtils.java:logGet(46)) - raft.server.data-stream.async.request.thread.pool.cached = false (default)
2024-04-23 19:59:37,546 [main] INFO  server.RaftServerConfigKeys (ConfUtils.java:logGet(46)) - raft.server.data-stream.async.request.thread.pool.size = 20 (custom)
2024-04-23 19:59:37,546 [main] INFO  server.RaftServerConfigKeys (ConfUtils.java:logGet(46)) - raft.server.data-stream.async.write.thread.pool.size = 16 (default)
2024-04-23 19:59:37,546 [main] INFO  netty.NettyConfigKeys$DataStream (ConfUtils.java:logGet(46)) - raft.netty.dataStream.server.channel.inactive.grace-period = 10min (default)
2024-04-23 19:59:37,546 [main] INFO  server.RaftServerConfigKeys (ConfUtils.java:logGet(46)) - raft.server.data-stream.client.pool.size = 10 (default)
2024-04-23 19:59:37,547 [main] INFO  netty.NettyConfigKeys$DataStream (ConfUtils.java:logGet(46)) - raft.netty.dataStream.server.use-epoll = true (default)
2024-04-23 19:59:37,547 [main] INFO  netty.NettyConfigKeys$DataStream (ConfUtils.java:logGet(46)) - raft.netty.dataStream.server.boss-group.size = 0 (default)
2024-04-23 19:59:37,547 [main] INFO  netty.NettyUtils (NettyUtils.java:newEventLoopGroup(69)) - Create EpollEventLoopGroup for 5c06539f-238f-401a-8663-461110f37d8f-NettyServerStreamRpc-bossGroup; Thread size is 0.
2024-04-23 19:59:37,547 [main] INFO  netty.NettyConfigKeys$DataStream (ConfUtils.java:logGet(46)) - raft.netty.dataStream.server.worker-group.size = 0 (default)
2024-04-23 19:59:37,547 [main] INFO  netty.NettyUtils (NettyUtils.java:newEventLoopGroup(69)) - Create EpollEventLoopGroup for 5c06539f-238f-401a-8663-461110f37d8f-NettyServerStreamRpc-workerGroup; Thread size is 0.
2024-04-23 19:59:37,548 [main] INFO  netty.NettyConfigKeys$DataStream (ConfUtils.java:logGet(46)) - raft.netty.dataStream.server.tls.conf = null (default)
2024-04-23 19:59:37,548 [main] INFO  netty.NettyConfigKeys$DataStream (ConfUtils.java:logGet(46)) - raft.netty.dataStream.host = null (default)
2024-04-23 19:59:37,548 [main] INFO  netty.NettyConfigKeys$DataStream (ConfUtils.java:logGet(46)) - raft.netty.dataStream.port = 15327 (custom)
2024-04-23 19:59:37,548 [main] INFO  server.RaftServerConfigKeys (ConfUtils.java:logGet(46)) - raft.server.sleep.deviation.threshold = 300ms (default)
2024-04-23 19:59:37,549 [main] INFO  server.RaftServerConfigKeys (ConfUtils.java:logGet(46)) - raft.server.close.threshold = 60s (default)
2024-04-23 19:59:37,549 [main] INFO  server.RaftServerConfigKeys (ConfUtils.java:logGet(46)) - raft.server.leaderelection.leader.step-down.wait-time = 10s (default)
2024-04-23 19:59:37,549 [main] INFO  server.RaftServerConfigKeys (ConfUtils.java:logGet(46)) - raft.server.storage.dir = [/home/runner/work/ozone/ozone/hadoop-ozone/integration-test/target/test-dir/MiniOzoneClusterImpl-d857b234-8aec-441a-a9c9-a34f2a008b14/ozone-meta/datanode-6/ratis] (custom)
2024-04-23 19:59:37,549 [main] INFO  server.RaftServerConfigKeys (ConfUtils.java:logGet(46)) - raft.server.threadpool.proxy.cached = true (default)
2024-04-23 19:59:37,550 [main] INFO  server.RaftServerConfigKeys (ConfUtils.java:logGet(46)) - raft.server.threadpool.proxy.size = 0 (default)
2024-04-23 19:59:37,549 [5c06539f-238f-401a-8663-461110f37d8f-NettyServerStreamRpc-bossGroup--thread1] INFO  logging.LoggingHandler (AbstractInternalLogger.java:log(148)) - [id: 0xb654a6ed] REGISTERED
2024-04-23 19:59:37,550 [5c06539f-238f-401a-8663-461110f37d8f-NettyServerStreamRpc-bossGroup--thread1] INFO  logging.LoggingHandler (AbstractInternalLogger.java:log(148)) - [id: 0xb654a6ed] BIND: 0.0.0.0/0.0.0.0:15327
2024-04-23 19:59:37,550 [5c06539f-238f-401a-8663-461110f37d8f-NettyServerStreamRpc-bossGroup--thread1] INFO  logging.LoggingHandler (AbstractInternalLogger.java:log(148)) - [id: 0xb654a6ed, L:/0.0.0.0:15327] ACTIVE
2024-04-23 19:59:37,556 [5c06539f-238f-401a-8663-461110f37d8f-impl-thread1] INFO  server.RaftServer (RaftServerProxy.java:initGroupDir(264)) - 5c06539f-238f-401a-8663-461110f37d8f: found a subdirectory /home/runner/work/ozone/ozone/hadoop-ozone/integration-test/target/test-dir/MiniOzoneClusterImpl-d857b234-8aec-441a-a9c9-a34f2a008b14/ozone-meta/datanode-6/ratis/tmp
2024-04-23 19:59:37,556 [5c06539f-238f-401a-8663-461110f37d8f-impl-thread1] INFO  server.RaftServer (RaftServerProxy.java:initGroupDir(269)) - 5c06539f-238f-401a-8663-461110f37d8f: The directory /home/runner/work/ozone/ozone/hadoop-ozone/integration-test/target/test-dir/MiniOzoneClusterImpl-d857b234-8aec-441a-a9c9-a34f2a008b14/ozone-meta/datanode-6/ratis/tmp is not a group directory; ignoring it. 
2024-04-23 19:59:37,556 [main] INFO  replication.ReplicationServer (ReplicationServer.java:<init>(86)) - Initializing replication server with thread count = 10 queue length = 4096
2024-04-23 19:59:37,558 [main] INFO  server.XceiverServerGrpc (XceiverServerGrpc.java:<init>(141)) - GrpcServer channel type EpollServerSocketChannel
2024-04-23 19:59:37,559 [main] INFO  replication.ReplicationSupervisor (ReplicationSupervisor.java:build(157)) - Initializing replication supervisor with thread count = 10
2024-04-23 19:59:37,559 [main] INFO  replication.ReplicationSupervisor (ReplicationSupervisor.java:nodeStateUpdated(312)) - Node state updated to IN_SERVICE, scaling executor pool size to 10
2024-04-23 19:59:37,561 [main] INFO  http.BaseHttpServer (BaseHttpServer.java:newHttpServer2BuilderForOzone(223)) - Starting Web-server for hddsDatanode at: http://0.0.0.0:15321
2024-04-23 19:59:37,561 [main] INFO  http.BaseHttpServer (BaseHttpServer.java:<init>(110)) - Hadoop Security Enabled: false Ozone Security Enabled: false Ozone HTTP Security Enabled: false 
2024-04-23 19:59:37,562 [main] WARN  server.AuthenticationFilter (AuthenticationFilter.java:constructSecretProvider(240)) - Unable to initialize FileSignerSecretProvider, falling back to use random secrets. Reason: Could not read signature secret file: /home/runner/hadoop-http-auth-signature-secret
2024-04-23 19:59:37,562 [main] INFO  http.HttpRequestLog (HttpRequestLog.java:getRequestLog(86)) - Http request log for http.requests.hddsDatanode is not defined
2024-04-23 19:59:37,563 [main] INFO  http.HttpServer2 (HttpServer2.java:addGlobalFilter(1036)) - Added global filter 'safety' (class=org.apache.hadoop.hdds.server.http.HttpServer2$QuotingInputFilter)
2024-04-23 19:59:37,563 [main] INFO  http.HttpServer2 (HttpServer2.java:addFilter(1012)) - Added filter static_user_filter (class=org.apache.hadoop.http.lib.StaticUserWebFilter$StaticUserFilter) to context hddsDatanode
2024-04-23 19:59:37,563 [main] INFO  http.HttpServer2 (HttpServer2.java:addFilter(1020)) - Added filter static_user_filter (class=org.apache.hadoop.http.lib.StaticUserWebFilter$StaticUserFilter) to context logs
2024-04-23 19:59:37,563 [main] INFO  http.HttpServer2 (HttpServer2.java:addFilter(1020)) - Added filter static_user_filter (class=org.apache.hadoop.http.lib.StaticUserWebFilter$StaticUserFilter) to context static
2024-04-23 19:59:37,564 [main] INFO  http.BaseHttpServer (BaseHttpServer.java:<init>(189)) - HTTP server of hddsDatanode uses base directory /home/runner/work/ozone/ozone/hadoop-ozone/integration-test/target/test-dir/MiniOzoneClusterImpl-d857b234-8aec-441a-a9c9-a34f2a008b14/ozone-meta/datanode-6/meta/webserver
2024-04-23 19:59:37,564 [main] INFO  http.HttpServer2 (HttpServer2.java:bindListener(1236)) - Jetty bound to port 15321
2024-04-23 19:59:37,564 [main] INFO  server.Server (Server.java:doStart(375)) - jetty-9.4.53.v20231009; built: 2023-10-09T12:29:09.265Z; git: 27bde00a0b95a1d5bbee0eae7984f891d2d0f8c9; jvm 1.8.0_402-b06
2024-04-23 19:59:37,565 [main] INFO  server.session (DefaultSessionIdManager.java:doStart(334)) - DefaultSessionIdManager workerName=node0
2024-04-23 19:59:37,565 [main] INFO  server.session (DefaultSessionIdManager.java:doStart(339)) - No SessionScavenger set, using defaults
2024-04-23 19:59:37,565 [main] INFO  server.session (HouseKeeper.java:startScavenging(132)) - node0 Scavenging every 600000ms
2024-04-23 19:59:37,566 [main] INFO  handler.ContextHandler (ContextHandler.java:doStart(921)) - Started o.e.j.s.ServletContextHandler@736a15cc{logs,/logs,file:///home/runner/work/ozone/ozone/hadoop-ozone/integration-test/target/log,AVAILABLE}
2024-04-23 19:59:37,566 [main] INFO  handler.ContextHandler (ContextHandler.java:doStart(921)) - Started o.e.j.s.ServletContextHandler@b8a256c{static,/static,file:///home/runner/work/ozone/ozone/hadoop-hdds/container-service/target/classes/webapps/static,AVAILABLE}
2024-04-23 19:59:37,568 [main] INFO  handler.ContextHandler (ContextHandler.java:doStart(921)) - Started o.e.j.w.WebAppContext@2017d60b{hddsDatanode,/,file:///home/runner/work/ozone/ozone/hadoop-hdds/container-service/target/classes/webapps/hddsDatanode/,AVAILABLE}{file:/home/runner/work/ozone/ozone/hadoop-hdds/container-service/target/classes/webapps/hddsDatanode}
2024-04-23 19:59:37,569 [main] INFO  server.AbstractConnector (AbstractConnector.java:doStart(333)) - Started ServerConnector@57299f27{HTTP/1.1, (http/1.1)}{0.0.0.0:15321}
2024-04-23 19:59:37,570 [main] INFO  server.Server (Server.java:doStart(415)) - Started @110450ms
2024-04-23 19:59:37,570 [main] WARN  impl.MetricsSystemImpl (MetricsSystemImpl.java:register(279)) - Sink prometheus already exists!
2024-04-23 19:59:37,570 [main] INFO  http.BaseHttpServer (BaseHttpServer.java:updateConnectorAddress(354)) - HTTP server of hddsDatanode listening at http://0.0.0.0:15321
2024-04-23 19:59:37,571 [main] INFO  ipc.CallQueueManager (CallQueueManager.java:<init>(90)) - Using callQueue: class java.util.concurrent.LinkedBlockingQueue, queueCapacity: 100, scheduler: class org.apache.hadoop.ipc.DefaultRpcScheduler, ipcBackoff: false.
2024-04-23 19:59:37,571 [main] INFO  ipc.Server (Server.java:<init>(1287)) - Listener at 0.0.0.0:15322
2024-04-23 19:59:37,571 [Socket Reader #1 for port 15322] INFO  ipc.Server (Server.java:run(1323)) - Starting Socket Reader #1 for port 15322
2024-04-23 19:59:37,572 [main] INFO  ozone.HddsDatanodeService (HddsDatanodeService.java:start(327)) - Datanode start with admins: [runner]
2024-04-23 19:59:37,573 [main] INFO  ozone.HddsDatanodeClientProtocolServer (HddsDatanodeClientProtocolServer.java:start(77)) - RPC server for Client /0.0.0.0:15322
2024-04-23 19:59:37,573 [IPC Server Responder] INFO  ipc.Server (Server.java:run(1562)) - IPC Server Responder: starting
2024-04-23 19:59:37,578 [IPC Server listener on 15322] INFO  ipc.Server (Server.java:run(1402)) - IPC Server listener on 15322: starting
2024-04-23 19:59:37,578 [main] WARN  dropwizard3.Dm3MetricRegistriesImpl (Dm3MetricRegistriesImpl.java:addReporterRegistration(113)) - New reporters are added after registries were created. Some metrics will be missing from the reporter. Please add reporter before adding any new registry.
2024-04-23 19:59:37,579 [main] WARN  dropwizard3.Dm3MetricRegistriesImpl (Dm3MetricRegistriesImpl.java:addReporterRegistration(113)) - New reporters are added after registries were created. Some metrics will be missing from the reporter. Please add reporter before adding any new registry.
2024-04-23 19:59:37,579 [main] INFO  impl.MetricsSystemImpl (MetricsSystemImpl.java:init(158)) - HddsDatanode metrics system started (again)
2024-04-23 19:59:37,581 [5c06539f-238f-401a-8663-461110f37d8f-DatanodeStateMachineDaemonThread] INFO  statemachine.DatanodeStateMachine (DatanodeStateMachine.java:lambda$startDaemon$1(555)) - Ozone container server started.
2024-04-23 19:59:37,584 [5c06539f-238f-401a-8663-461110f37d8f-DatanodeStateMachineTaskThread-0] INFO  datanode.InitDatanodeState (InitDatanodeState.java:persistContainerDatanodeDetails(139)) - DatanodeDetails is persisted to /home/runner/work/ozone/ozone/hadoop-ozone/integration-test/target/test-dir/MiniOzoneClusterImpl-d857b234-8aec-441a-a9c9-a34f2a008b14/ozone-meta/datanode-6/meta/datanode.id
2024-04-23 19:59:37,588 [main] INFO  ozone.HddsDatanodeService (HddsDatanodeService.java:start(240)) - HddsDatanodeService host:fv-az1496-552.f1h4rheolecetjhvv40pmv1bec.bx.internal.cloudapp.net ip:10.1.0.27
2024-04-23 19:59:37,605 [main] INFO  upgrade.AbstractLayoutVersionManager (AbstractLayoutVersionManager.java:init(83)) - Initializing Layout version manager with metadata layout = HADOOP_PRC_PORTS_IN_DATANODEDETAILS (version = 7), software layout = HADOOP_PRC_PORTS_IN_DATANODEDETAILS (version = 7)
2024-04-23 19:59:37,605 [main] INFO  statemachine.DatanodeStateMachine (DatanodeStateMachine.java:getEndPointTaskThreadPoolSize(299)) - Datanode State Machine Task Thread Pool size 2
2024-04-23 19:59:37,606 [main] INFO  volume.HddsVolume (HddsVolume.java:<init>(126)) - Creating HddsVolume: /home/runner/work/ozone/ozone/hadoop-ozone/integration-test/target/test-dir/MiniOzoneClusterImpl-d857b234-8aec-441a-a9c9-a34f2a008b14/ozone-meta/datanode-7/data-0/hdds of storage type : DISK capacity : 9223372036854775807
2024-04-23 19:59:37,607 [main] INFO  volume.MutableVolumeSet (MutableVolumeSet.java:initializeVolumeSet(173)) - Added Volume : /home/runner/work/ozone/ozone/hadoop-ozone/integration-test/target/test-dir/MiniOzoneClusterImpl-d857b234-8aec-441a-a9c9-a34f2a008b14/ozone-meta/datanode-7/data-0/hdds to VolumeSet
2024-04-23 19:59:37,607 [main] INFO  volume.MutableVolumeSet (MutableVolumeSet.java:initializeVolumeSet(173)) - Added Volume : /home/runner/work/ozone/ozone/hadoop-ozone/integration-test/target/test-dir/MiniOzoneClusterImpl-d857b234-8aec-441a-a9c9-a34f2a008b14/ozone-meta/datanode-7/ratis to VolumeSet
2024-04-23 19:59:37,608 [main] INFO  ozoneimpl.OzoneContainer (HddsVolumeUtil.java:loadAllHddsVolumeDbStore(103)) - Load 1 volumes DbStore cost: 0ms
2024-04-23 19:59:37,609 [main] INFO  server.RaftServer (ConfUtils.java:logGet(46)) - raft.rpc.type = GRPC (default)
2024-04-23 19:59:37,610 [main] INFO  grpc.GrpcConfigKeys (ConfUtils.java:logFallback(53)) - raft.grpc.admin.host = null (fallback to raft.grpc.server.host)
2024-04-23 19:59:37,610 [main] INFO  grpc.GrpcConfigKeys (ConfUtils.java:logGet(46)) - raft.grpc.admin.port = 15334 (custom)
2024-04-23 19:59:37,610 [main] INFO  grpc.GrpcConfigKeys (ConfUtils.java:logFallback(53)) - raft.grpc.client.host = null (fallback to raft.grpc.server.host)
2024-04-23 19:59:37,610 [main] INFO  grpc.GrpcConfigKeys (ConfUtils.java:logGet(46)) - raft.grpc.client.port = 15333 (custom)
2024-04-23 19:59:37,610 [main] INFO  grpc.GrpcConfigKeys (ConfUtils.java:logGet(46)) - raft.grpc.server.host = null (default)
2024-04-23 19:59:37,610 [main] INFO  grpc.GrpcConfigKeys (ConfUtils.java:logGet(46)) - raft.grpc.server.port = 15335 (custom)
2024-04-23 19:59:37,611 [main] INFO  server.GrpcService (ConfUtils.java:logGet(46)) - raft.grpc.message.size.max = 32MB (=33554432) (custom)
2024-04-23 19:59:37,611 [main] INFO  server.RaftServerConfigKeys (ConfUtils.java:logGet(46)) - raft.server.log.appender.buffer.byte-limit = 8388608 (custom)
2024-04-23 19:59:37,611 [main] INFO  server.GrpcService (ConfUtils.java:logGet(46)) - raft.grpc.flow.control.window = 5MB (=5242880) (custom)
2024-04-23 19:59:37,611 [main] INFO  server.RaftServerConfigKeys (ConfUtils.java:logGet(46)) - raft.server.rpc.request.timeout = 3000ms (default)
2024-04-23 19:59:37,611 [main] INFO  grpc.GrpcConfigKeys (ConfUtils.java:logGet(46)) - raft.grpc.server.heartbeat.channel = true (default)
2024-04-23 19:59:37,612 [main] INFO  grpc.GrpcConfigKeys (ConfUtils.java:logGet(46)) - raft.grpc.server.async.request.thread.pool.cached = true (default)
2024-04-23 19:59:37,612 [main] INFO  grpc.GrpcConfigKeys (ConfUtils.java:logGet(46)) - raft.grpc.server.async.request.thread.pool.size = 32 (default)
2024-04-23 19:59:37,615 [main] INFO  impl.DataStreamServerImpl (ConfUtils.java:logGet(46)) - raft.datastream.type = NETTY (custom)
2024-04-23 19:59:37,615 [main] INFO  server.RaftServerConfigKeys (ConfUtils.java:logGet(46)) - raft.server.data-stream.async.request.thread.pool.cached = false (default)
2024-04-23 19:59:37,615 [main] INFO  server.RaftServerConfigKeys (ConfUtils.java:logGet(46)) - raft.server.data-stream.async.request.thread.pool.size = 20 (custom)
2024-04-23 19:59:37,616 [main] INFO  server.RaftServerConfigKeys (ConfUtils.java:logGet(46)) - raft.server.data-stream.async.write.thread.pool.size = 16 (default)
2024-04-23 19:59:37,616 [main] INFO  netty.NettyConfigKeys$DataStream (ConfUtils.java:logGet(46)) - raft.netty.dataStream.server.channel.inactive.grace-period = 10min (default)
2024-04-23 19:59:37,616 [main] INFO  server.RaftServerConfigKeys (ConfUtils.java:logGet(46)) - raft.server.data-stream.client.pool.size = 10 (default)
2024-04-23 19:59:37,616 [main] INFO  netty.NettyConfigKeys$DataStream (ConfUtils.java:logGet(46)) - raft.netty.dataStream.server.use-epoll = true (default)
2024-04-23 19:59:37,616 [main] INFO  netty.NettyConfigKeys$DataStream (ConfUtils.java:logGet(46)) - raft.netty.dataStream.server.boss-group.size = 0 (default)
2024-04-23 19:59:37,617 [main] INFO  netty.NettyUtils (NettyUtils.java:newEventLoopGroup(69)) - Create EpollEventLoopGroup for 7f4a6f89-87eb-42cc-a636-bf60fe9cf75e-NettyServerStreamRpc-bossGroup; Thread size is 0.
2024-04-23 19:59:37,617 [main] INFO  netty.NettyConfigKeys$DataStream (ConfUtils.java:logGet(46)) - raft.netty.dataStream.server.worker-group.size = 0 (default)
2024-04-23 19:59:37,617 [main] INFO  netty.NettyUtils (NettyUtils.java:newEventLoopGroup(69)) - Create EpollEventLoopGroup for 7f4a6f89-87eb-42cc-a636-bf60fe9cf75e-NettyServerStreamRpc-workerGroup; Thread size is 0.
2024-04-23 19:59:37,617 [main] INFO  netty.NettyConfigKeys$DataStream (ConfUtils.java:logGet(46)) - raft.netty.dataStream.server.tls.conf = null (default)
2024-04-23 19:59:37,618 [main] INFO  netty.NettyConfigKeys$DataStream (ConfUtils.java:logGet(46)) - raft.netty.dataStream.host = null (default)
2024-04-23 19:59:37,618 [main] INFO  netty.NettyConfigKeys$DataStream (ConfUtils.java:logGet(46)) - raft.netty.dataStream.port = 15336 (custom)
2024-04-23 19:59:37,618 [main] INFO  server.RaftServerConfigKeys (ConfUtils.java:logGet(46)) - raft.server.sleep.deviation.threshold = 300ms (default)
2024-04-23 19:59:37,618 [main] INFO  server.RaftServerConfigKeys (ConfUtils.java:logGet(46)) - raft.server.close.threshold = 60s (default)
2024-04-23 19:59:37,619 [main] INFO  server.RaftServerConfigKeys (ConfUtils.java:logGet(46)) - raft.server.leaderelection.leader.step-down.wait-time = 10s (default)
2024-04-23 19:59:37,619 [main] INFO  server.RaftServerConfigKeys (ConfUtils.java:logGet(46)) - raft.server.storage.dir = [/home/runner/work/ozone/ozone/hadoop-ozone/integration-test/target/test-dir/MiniOzoneClusterImpl-d857b234-8aec-441a-a9c9-a34f2a008b14/ozone-meta/datanode-7/ratis] (custom)
2024-04-23 19:59:37,619 [main] INFO  server.RaftServerConfigKeys (ConfUtils.java:logGet(46)) - raft.server.threadpool.proxy.cached = true (default)
2024-04-23 19:59:37,619 [main] INFO  server.RaftServerConfigKeys (ConfUtils.java:logGet(46)) - raft.server.threadpool.proxy.size = 0 (default)
2024-04-23 19:59:37,619 [7f4a6f89-87eb-42cc-a636-bf60fe9cf75e-impl-thread1] INFO  server.RaftServer (RaftServerProxy.java:initGroupDir(264)) - 7f4a6f89-87eb-42cc-a636-bf60fe9cf75e: found a subdirectory /home/runner/work/ozone/ozone/hadoop-ozone/integration-test/target/test-dir/MiniOzoneClusterImpl-d857b234-8aec-441a-a9c9-a34f2a008b14/ozone-meta/datanode-7/ratis/tmp
2024-04-23 19:59:37,620 [7f4a6f89-87eb-42cc-a636-bf60fe9cf75e-NettyServerStreamRpc-bossGroup--thread1] INFO  logging.LoggingHandler (AbstractInternalLogger.java:log(148)) - [id: 0xadd1e81e] REGISTERED
2024-04-23 19:59:37,620 [7f4a6f89-87eb-42cc-a636-bf60fe9cf75e-impl-thread1] INFO  server.RaftServer (RaftServerProxy.java:initGroupDir(269)) - 7f4a6f89-87eb-42cc-a636-bf60fe9cf75e: The directory /home/runner/work/ozone/ozone/hadoop-ozone/integration-test/target/test-dir/MiniOzoneClusterImpl-d857b234-8aec-441a-a9c9-a34f2a008b14/ozone-meta/datanode-7/ratis/tmp is not a group directory; ignoring it. 
2024-04-23 19:59:37,620 [main] INFO  replication.ReplicationServer (ReplicationServer.java:<init>(86)) - Initializing replication server with thread count = 10 queue length = 4096
2024-04-23 19:59:37,621 [main] INFO  server.XceiverServerGrpc (XceiverServerGrpc.java:<init>(141)) - GrpcServer channel type EpollServerSocketChannel
2024-04-23 19:59:37,623 [main] INFO  replication.ReplicationSupervisor (ReplicationSupervisor.java:build(157)) - Initializing replication supervisor with thread count = 10
2024-04-23 19:59:37,623 [main] INFO  replication.ReplicationSupervisor (ReplicationSupervisor.java:nodeStateUpdated(312)) - Node state updated to IN_SERVICE, scaling executor pool size to 10
2024-04-23 19:59:37,620 [7f4a6f89-87eb-42cc-a636-bf60fe9cf75e-NettyServerStreamRpc-bossGroup--thread1] INFO  logging.LoggingHandler (AbstractInternalLogger.java:log(148)) - [id: 0xadd1e81e] BIND: 0.0.0.0/0.0.0.0:15336
2024-04-23 19:59:37,624 [7f4a6f89-87eb-42cc-a636-bf60fe9cf75e-NettyServerStreamRpc-bossGroup--thread1] INFO  logging.LoggingHandler (AbstractInternalLogger.java:log(148)) - [id: 0xadd1e81e, L:/0.0.0.0:15336] ACTIVE
2024-04-23 19:59:37,625 [main] INFO  http.BaseHttpServer (BaseHttpServer.java:newHttpServer2BuilderForOzone(223)) - Starting Web-server for hddsDatanode at: http://0.0.0.0:15330
2024-04-23 19:59:37,625 [main] INFO  http.BaseHttpServer (BaseHttpServer.java:<init>(110)) - Hadoop Security Enabled: false Ozone Security Enabled: false Ozone HTTP Security Enabled: false 
2024-04-23 19:59:37,629 [main] WARN  server.AuthenticationFilter (AuthenticationFilter.java:constructSecretProvider(240)) - Unable to initialize FileSignerSecretProvider, falling back to use random secrets. Reason: Could not read signature secret file: /home/runner/hadoop-http-auth-signature-secret
2024-04-23 19:59:37,629 [main] INFO  http.HttpRequestLog (HttpRequestLog.java:getRequestLog(86)) - Http request log for http.requests.hddsDatanode is not defined
2024-04-23 19:59:37,630 [main] INFO  http.HttpServer2 (HttpServer2.java:addGlobalFilter(1036)) - Added global filter 'safety' (class=org.apache.hadoop.hdds.server.http.HttpServer2$QuotingInputFilter)
2024-04-23 19:59:37,630 [main] INFO  http.HttpServer2 (HttpServer2.java:addFilter(1012)) - Added filter static_user_filter (class=org.apache.hadoop.http.lib.StaticUserWebFilter$StaticUserFilter) to context hddsDatanode
2024-04-23 19:59:37,630 [main] INFO  http.HttpServer2 (HttpServer2.java:addFilter(1020)) - Added filter static_user_filter (class=org.apache.hadoop.http.lib.StaticUserWebFilter$StaticUserFilter) to context logs
2024-04-23 19:59:37,630 [main] INFO  http.HttpServer2 (HttpServer2.java:addFilter(1020)) - Added filter static_user_filter (class=org.apache.hadoop.http.lib.StaticUserWebFilter$StaticUserFilter) to context static
2024-04-23 19:59:37,631 [main] INFO  http.BaseHttpServer (BaseHttpServer.java:<init>(189)) - HTTP server of hddsDatanode uses base directory /home/runner/work/ozone/ozone/hadoop-ozone/integration-test/target/test-dir/MiniOzoneClusterImpl-d857b234-8aec-441a-a9c9-a34f2a008b14/ozone-meta/datanode-7/meta/webserver
2024-04-23 19:59:37,631 [main] INFO  http.HttpServer2 (HttpServer2.java:bindListener(1236)) - Jetty bound to port 15330
2024-04-23 19:59:37,631 [main] INFO  server.Server (Server.java:doStart(375)) - jetty-9.4.53.v20231009; built: 2023-10-09T12:29:09.265Z; git: 27bde00a0b95a1d5bbee0eae7984f891d2d0f8c9; jvm 1.8.0_402-b06
2024-04-23 19:59:37,632 [main] INFO  server.session (DefaultSessionIdManager.java:doStart(334)) - DefaultSessionIdManager workerName=node0
2024-04-23 19:59:37,632 [main] INFO  server.session (DefaultSessionIdManager.java:doStart(339)) - No SessionScavenger set, using defaults
2024-04-23 19:59:37,636 [main] INFO  server.session (HouseKeeper.java:startScavenging(132)) - node0 Scavenging every 600000ms
2024-04-23 19:59:37,636 [main] INFO  handler.ContextHandler (ContextHandler.java:doStart(921)) - Started o.e.j.s.ServletContextHandler@2d95b8ad{logs,/logs,file:///home/runner/work/ozone/ozone/hadoop-ozone/integration-test/target/log,AVAILABLE}
2024-04-23 19:59:37,636 [main] INFO  handler.ContextHandler (ContextHandler.java:doStart(921)) - Started o.e.j.s.ServletContextHandler@3f56c098{static,/static,file:///home/runner/work/ozone/ozone/hadoop-hdds/container-service/target/classes/webapps/static,AVAILABLE}
2024-04-23 19:59:37,638 [main] INFO  handler.ContextHandler (ContextHandler.java:doStart(921)) - Started o.e.j.w.WebAppContext@3e46cd84{hddsDatanode,/,file:///home/runner/work/ozone/ozone/hadoop-hdds/container-service/target/classes/webapps/hddsDatanode/,AVAILABLE}{file:/home/runner/work/ozone/ozone/hadoop-hdds/container-service/target/classes/webapps/hddsDatanode}
2024-04-23 19:59:37,639 [main] INFO  server.AbstractConnector (AbstractConnector.java:doStart(333)) - Started ServerConnector@3b9bc8c0{HTTP/1.1, (http/1.1)}{0.0.0.0:15330}
2024-04-23 19:59:37,640 [main] INFO  server.Server (Server.java:doStart(415)) - Started @110520ms
2024-04-23 19:59:37,640 [main] WARN  impl.MetricsSystemImpl (MetricsSystemImpl.java:register(279)) - Sink prometheus already exists!
2024-04-23 19:59:37,640 [main] INFO  http.BaseHttpServer (BaseHttpServer.java:updateConnectorAddress(354)) - HTTP server of hddsDatanode listening at http://0.0.0.0:15330
2024-04-23 19:59:37,640 [main] INFO  ipc.CallQueueManager (CallQueueManager.java:<init>(90)) - Using callQueue: class java.util.concurrent.LinkedBlockingQueue, queueCapacity: 100, scheduler: class org.apache.hadoop.ipc.DefaultRpcScheduler, ipcBackoff: false.
2024-04-23 19:59:37,641 [main] INFO  ipc.Server (Server.java:<init>(1287)) - Listener at 0.0.0.0:15331
2024-04-23 19:59:37,641 [Socket Reader #1 for port 15331] INFO  ipc.Server (Server.java:run(1323)) - Starting Socket Reader #1 for port 15331
2024-04-23 19:59:37,647 [main] INFO  ozone.HddsDatanodeService (HddsDatanodeService.java:start(327)) - Datanode start with admins: [runner]
2024-04-23 19:59:37,647 [main] INFO  ozone.HddsDatanodeClientProtocolServer (HddsDatanodeClientProtocolServer.java:start(77)) - RPC server for Client /0.0.0.0:15331
2024-04-23 19:59:37,647 [IPC Server Responder] INFO  ipc.Server (Server.java:run(1562)) - IPC Server Responder: starting
2024-04-23 19:59:37,647 [IPC Server listener on 15331] INFO  ipc.Server (Server.java:run(1402)) - IPC Server listener on 15331: starting
2024-04-23 19:59:37,647 [main] WARN  dropwizard3.Dm3MetricRegistriesImpl (Dm3MetricRegistriesImpl.java:addReporterRegistration(113)) - New reporters are added after registries were created. Some metrics will be missing from the reporter. Please add reporter before adding any new registry.
2024-04-23 19:59:37,647 [main] WARN  dropwizard3.Dm3MetricRegistriesImpl (Dm3MetricRegistriesImpl.java:addReporterRegistration(113)) - New reporters are added after registries were created. Some metrics will be missing from the reporter. Please add reporter before adding any new registry.
2024-04-23 19:59:37,649 [main] INFO  impl.MetricsSystemImpl (MetricsSystemImpl.java:init(158)) - HddsDatanode metrics system started (again)
2024-04-23 19:59:37,651 [7f4a6f89-87eb-42cc-a636-bf60fe9cf75e-DatanodeStateMachineDaemonThread] INFO  statemachine.DatanodeStateMachine (DatanodeStateMachine.java:lambda$startDaemon$1(555)) - Ozone container server started.
2024-04-23 19:59:37,656 [7f4a6f89-87eb-42cc-a636-bf60fe9cf75e-DatanodeStateMachineTaskThread-0] INFO  datanode.InitDatanodeState (InitDatanodeState.java:persistContainerDatanodeDetails(139)) - DatanodeDetails is persisted to /home/runner/work/ozone/ozone/hadoop-ozone/integration-test/target/test-dir/MiniOzoneClusterImpl-d857b234-8aec-441a-a9c9-a34f2a008b14/ozone-meta/datanode-7/meta/datanode.id
2024-04-23 19:59:37,659 [main] INFO  ozone.HddsDatanodeService (HddsDatanodeService.java:start(240)) - HddsDatanodeService host:fv-az1496-552.f1h4rheolecetjhvv40pmv1bec.bx.internal.cloudapp.net ip:10.1.0.27
2024-04-23 19:59:37,676 [main] INFO  upgrade.AbstractLayoutVersionManager (AbstractLayoutVersionManager.java:init(83)) - Initializing Layout version manager with metadata layout = HADOOP_PRC_PORTS_IN_DATANODEDETAILS (version = 7), software layout = HADOOP_PRC_PORTS_IN_DATANODEDETAILS (version = 7)
2024-04-23 19:59:37,677 [main] INFO  statemachine.DatanodeStateMachine (DatanodeStateMachine.java:getEndPointTaskThreadPoolSize(299)) - Datanode State Machine Task Thread Pool size 2
2024-04-23 19:59:37,678 [main] INFO  volume.HddsVolume (HddsVolume.java:<init>(126)) - Creating HddsVolume: /home/runner/work/ozone/ozone/hadoop-ozone/integration-test/target/test-dir/MiniOzoneClusterImpl-d857b234-8aec-441a-a9c9-a34f2a008b14/ozone-meta/datanode-8/data-0/hdds of storage type : DISK capacity : 9223372036854775807
2024-04-23 19:59:37,678 [main] INFO  volume.MutableVolumeSet (MutableVolumeSet.java:initializeVolumeSet(173)) - Added Volume : /home/runner/work/ozone/ozone/hadoop-ozone/integration-test/target/test-dir/MiniOzoneClusterImpl-d857b234-8aec-441a-a9c9-a34f2a008b14/ozone-meta/datanode-8/data-0/hdds to VolumeSet
2024-04-23 19:59:37,678 [main] INFO  volume.MutableVolumeSet (MutableVolumeSet.java:initializeVolumeSet(173)) - Added Volume : /home/runner/work/ozone/ozone/hadoop-ozone/integration-test/target/test-dir/MiniOzoneClusterImpl-d857b234-8aec-441a-a9c9-a34f2a008b14/ozone-meta/datanode-8/ratis to VolumeSet
2024-04-23 19:59:37,679 [main] INFO  ozoneimpl.OzoneContainer (HddsVolumeUtil.java:loadAllHddsVolumeDbStore(103)) - Load 1 volumes DbStore cost: 0ms
2024-04-23 19:59:37,680 [main] INFO  server.RaftServer (ConfUtils.java:logGet(46)) - raft.rpc.type = GRPC (default)
2024-04-23 19:59:37,680 [main] INFO  grpc.GrpcConfigKeys (ConfUtils.java:logFallback(53)) - raft.grpc.admin.host = null (fallback to raft.grpc.server.host)
2024-04-23 19:59:37,680 [main] INFO  grpc.GrpcConfigKeys (ConfUtils.java:logGet(46)) - raft.grpc.admin.port = 15343 (custom)
2024-04-23 19:59:37,681 [main] INFO  grpc.GrpcConfigKeys (ConfUtils.java:logFallback(53)) - raft.grpc.client.host = null (fallback to raft.grpc.server.host)
2024-04-23 19:59:37,681 [main] INFO  grpc.GrpcConfigKeys (ConfUtils.java:logGet(46)) - raft.grpc.client.port = 15342 (custom)
2024-04-23 19:59:37,681 [main] INFO  grpc.GrpcConfigKeys (ConfUtils.java:logGet(46)) - raft.grpc.server.host = null (default)
2024-04-23 19:59:37,681 [main] INFO  grpc.GrpcConfigKeys (ConfUtils.java:logGet(46)) - raft.grpc.server.port = 15344 (custom)
2024-04-23 19:59:37,681 [main] INFO  server.GrpcService (ConfUtils.java:logGet(46)) - raft.grpc.message.size.max = 32MB (=33554432) (custom)
2024-04-23 19:59:37,681 [main] INFO  server.RaftServerConfigKeys (ConfUtils.java:logGet(46)) - raft.server.log.appender.buffer.byte-limit = 8388608 (custom)
2024-04-23 19:59:37,681 [main] INFO  server.GrpcService (ConfUtils.java:logGet(46)) - raft.grpc.flow.control.window = 5MB (=5242880) (custom)
2024-04-23 19:59:37,682 [main] INFO  server.RaftServerConfigKeys (ConfUtils.java:logGet(46)) - raft.server.rpc.request.timeout = 3000ms (default)
2024-04-23 19:59:37,682 [main] INFO  grpc.GrpcConfigKeys (ConfUtils.java:logGet(46)) - raft.grpc.server.heartbeat.channel = true (default)
2024-04-23 19:59:37,682 [main] INFO  grpc.GrpcConfigKeys (ConfUtils.java:logGet(46)) - raft.grpc.server.async.request.thread.pool.cached = true (default)
2024-04-23 19:59:37,682 [main] INFO  grpc.GrpcConfigKeys (ConfUtils.java:logGet(46)) - raft.grpc.server.async.request.thread.pool.size = 32 (default)
2024-04-23 19:59:37,684 [main] INFO  impl.DataStreamServerImpl (ConfUtils.java:logGet(46)) - raft.datastream.type = NETTY (custom)
2024-04-23 19:59:37,684 [main] INFO  server.RaftServerConfigKeys (ConfUtils.java:logGet(46)) - raft.server.data-stream.async.request.thread.pool.cached = false (default)
2024-04-23 19:59:37,685 [main] INFO  server.RaftServerConfigKeys (ConfUtils.java:logGet(46)) - raft.server.data-stream.async.request.thread.pool.size = 20 (custom)
2024-04-23 19:59:37,685 [main] INFO  server.RaftServerConfigKeys (ConfUtils.java:logGet(46)) - raft.server.data-stream.async.write.thread.pool.size = 16 (default)
2024-04-23 19:59:37,685 [main] INFO  netty.NettyConfigKeys$DataStream (ConfUtils.java:logGet(46)) - raft.netty.dataStream.server.channel.inactive.grace-period = 10min (default)
2024-04-23 19:59:37,685 [main] INFO  server.RaftServerConfigKeys (ConfUtils.java:logGet(46)) - raft.server.data-stream.client.pool.size = 10 (default)
2024-04-23 19:59:37,685 [main] INFO  netty.NettyConfigKeys$DataStream (ConfUtils.java:logGet(46)) - raft.netty.dataStream.server.use-epoll = true (default)
2024-04-23 19:59:37,685 [main] INFO  netty.NettyConfigKeys$DataStream (ConfUtils.java:logGet(46)) - raft.netty.dataStream.server.boss-group.size = 0 (default)
2024-04-23 19:59:37,685 [main] INFO  netty.NettyUtils (NettyUtils.java:newEventLoopGroup(69)) - Create EpollEventLoopGroup for ece5501e-2183-421f-b873-7b565e9a7338-NettyServerStreamRpc-bossGroup; Thread size is 0.
2024-04-23 19:59:37,686 [main] INFO  netty.NettyConfigKeys$DataStream (ConfUtils.java:logGet(46)) - raft.netty.dataStream.server.worker-group.size = 0 (default)
2024-04-23 19:59:37,686 [main] INFO  netty.NettyUtils (NettyUtils.java:newEventLoopGroup(69)) - Create EpollEventLoopGroup for ece5501e-2183-421f-b873-7b565e9a7338-NettyServerStreamRpc-workerGroup; Thread size is 0.
2024-04-23 19:59:37,686 [main] INFO  netty.NettyConfigKeys$DataStream (ConfUtils.java:logGet(46)) - raft.netty.dataStream.server.tls.conf = null (default)
2024-04-23 19:59:37,686 [main] INFO  netty.NettyConfigKeys$DataStream (ConfUtils.java:logGet(46)) - raft.netty.dataStream.host = null (default)
2024-04-23 19:59:37,686 [main] INFO  netty.NettyConfigKeys$DataStream (ConfUtils.java:logGet(46)) - raft.netty.dataStream.port = 15345 (custom)
2024-04-23 19:59:37,687 [main] INFO  server.RaftServerConfigKeys (ConfUtils.java:logGet(46)) - raft.server.sleep.deviation.threshold = 300ms (default)
2024-04-23 19:59:37,687 [main] INFO  server.RaftServerConfigKeys (ConfUtils.java:logGet(46)) - raft.server.close.threshold = 60s (default)
2024-04-23 19:59:37,687 [main] INFO  server.RaftServerConfigKeys (ConfUtils.java:logGet(46)) - raft.server.leaderelection.leader.step-down.wait-time = 10s (default)
2024-04-23 19:59:37,687 [main] INFO  server.RaftServerConfigKeys (ConfUtils.java:logGet(46)) - raft.server.storage.dir = [/home/runner/work/ozone/ozone/hadoop-ozone/integration-test/target/test-dir/MiniOzoneClusterImpl-d857b234-8aec-441a-a9c9-a34f2a008b14/ozone-meta/datanode-8/ratis] (custom)
2024-04-23 19:59:37,687 [main] INFO  server.RaftServerConfigKeys (ConfUtils.java:logGet(46)) - raft.server.threadpool.proxy.cached = true (default)
2024-04-23 19:59:37,687 [main] INFO  server.RaftServerConfigKeys (ConfUtils.java:logGet(46)) - raft.server.threadpool.proxy.size = 0 (default)
2024-04-23 19:59:37,687 [ece5501e-2183-421f-b873-7b565e9a7338-NettyServerStreamRpc-bossGroup--thread1] INFO  logging.LoggingHandler (AbstractInternalLogger.java:log(148)) - [id: 0x2d9c4777] REGISTERED
2024-04-23 19:59:37,688 [ece5501e-2183-421f-b873-7b565e9a7338-NettyServerStreamRpc-bossGroup--thread1] INFO  logging.LoggingHandler (AbstractInternalLogger.java:log(148)) - [id: 0x2d9c4777] BIND: 0.0.0.0/0.0.0.0:15345
2024-04-23 19:59:37,688 [ece5501e-2183-421f-b873-7b565e9a7338-NettyServerStreamRpc-bossGroup--thread1] INFO  logging.LoggingHandler (AbstractInternalLogger.java:log(148)) - [id: 0x2d9c4777, L:/0.0.0.0:15345] ACTIVE
2024-04-23 19:59:37,688 [ece5501e-2183-421f-b873-7b565e9a7338-impl-thread1] INFO  server.RaftServer (RaftServerProxy.java:initGroupDir(264)) - ece5501e-2183-421f-b873-7b565e9a7338: found a subdirectory /home/runner/work/ozone/ozone/hadoop-ozone/integration-test/target/test-dir/MiniOzoneClusterImpl-d857b234-8aec-441a-a9c9-a34f2a008b14/ozone-meta/datanode-8/ratis/tmp
2024-04-23 19:59:37,688 [ece5501e-2183-421f-b873-7b565e9a7338-impl-thread1] INFO  server.RaftServer (RaftServerProxy.java:initGroupDir(269)) - ece5501e-2183-421f-b873-7b565e9a7338: The directory /home/runner/work/ozone/ozone/hadoop-ozone/integration-test/target/test-dir/MiniOzoneClusterImpl-d857b234-8aec-441a-a9c9-a34f2a008b14/ozone-meta/datanode-8/ratis/tmp is not a group directory; ignoring it. 
2024-04-23 19:59:37,688 [main] INFO  replication.ReplicationServer (ReplicationServer.java:<init>(86)) - Initializing replication server with thread count = 10 queue length = 4096
2024-04-23 19:59:37,689 [main] INFO  server.XceiverServerGrpc (XceiverServerGrpc.java:<init>(141)) - GrpcServer channel type EpollServerSocketChannel
2024-04-23 19:59:37,690 [main] INFO  replication.ReplicationSupervisor (ReplicationSupervisor.java:build(157)) - Initializing replication supervisor with thread count = 10
2024-04-23 19:59:37,691 [main] INFO  replication.ReplicationSupervisor (ReplicationSupervisor.java:nodeStateUpdated(312)) - Node state updated to IN_SERVICE, scaling executor pool size to 10
2024-04-23 19:59:37,692 [main] INFO  http.BaseHttpServer (BaseHttpServer.java:newHttpServer2BuilderForOzone(223)) - Starting Web-server for hddsDatanode at: http://0.0.0.0:15339
2024-04-23 19:59:37,692 [main] INFO  http.BaseHttpServer (BaseHttpServer.java:<init>(110)) - Hadoop Security Enabled: false Ozone Security Enabled: false Ozone HTTP Security Enabled: false 
2024-04-23 19:59:37,693 [main] WARN  server.AuthenticationFilter (AuthenticationFilter.java:constructSecretProvider(240)) - Unable to initialize FileSignerSecretProvider, falling back to use random secrets. Reason: Could not read signature secret file: /home/runner/hadoop-http-auth-signature-secret
2024-04-23 19:59:37,693 [main] INFO  http.HttpRequestLog (HttpRequestLog.java:getRequestLog(86)) - Http request log for http.requests.hddsDatanode is not defined
2024-04-23 19:59:37,694 [main] INFO  http.HttpServer2 (HttpServer2.java:addGlobalFilter(1036)) - Added global filter 'safety' (class=org.apache.hadoop.hdds.server.http.HttpServer2$QuotingInputFilter)
2024-04-23 19:59:37,694 [main] INFO  http.HttpServer2 (HttpServer2.java:addFilter(1012)) - Added filter static_user_filter (class=org.apache.hadoop.http.lib.StaticUserWebFilter$StaticUserFilter) to context hddsDatanode
2024-04-23 19:59:37,694 [main] INFO  http.HttpServer2 (HttpServer2.java:addFilter(1020)) - Added filter static_user_filter (class=org.apache.hadoop.http.lib.StaticUserWebFilter$StaticUserFilter) to context logs
2024-04-23 19:59:37,694 [main] INFO  http.HttpServer2 (HttpServer2.java:addFilter(1020)) - Added filter static_user_filter (class=org.apache.hadoop.http.lib.StaticUserWebFilter$StaticUserFilter) to context static
2024-04-23 19:59:37,695 [main] INFO  http.BaseHttpServer (BaseHttpServer.java:<init>(189)) - HTTP server of hddsDatanode uses base directory /home/runner/work/ozone/ozone/hadoop-ozone/integration-test/target/test-dir/MiniOzoneClusterImpl-d857b234-8aec-441a-a9c9-a34f2a008b14/ozone-meta/datanode-8/meta/webserver
2024-04-23 19:59:37,695 [main] INFO  http.HttpServer2 (HttpServer2.java:bindListener(1236)) - Jetty bound to port 15339
2024-04-23 19:59:37,695 [main] INFO  server.Server (Server.java:doStart(375)) - jetty-9.4.53.v20231009; built: 2023-10-09T12:29:09.265Z; git: 27bde00a0b95a1d5bbee0eae7984f891d2d0f8c9; jvm 1.8.0_402-b06
2024-04-23 19:59:37,696 [main] INFO  server.session (DefaultSessionIdManager.java:doStart(334)) - DefaultSessionIdManager workerName=node0
2024-04-23 19:59:37,696 [main] INFO  server.session (DefaultSessionIdManager.java:doStart(339)) - No SessionScavenger set, using defaults
2024-04-23 19:59:37,696 [main] INFO  server.session (HouseKeeper.java:startScavenging(132)) - node0 Scavenging every 660000ms
2024-04-23 19:59:37,697 [main] INFO  handler.ContextHandler (ContextHandler.java:doStart(921)) - Started o.e.j.s.ServletContextHandler@56bb8198{logs,/logs,file:///home/runner/work/ozone/ozone/hadoop-ozone/integration-test/target/log,AVAILABLE}
2024-04-23 19:59:37,697 [main] INFO  handler.ContextHandler (ContextHandler.java:doStart(921)) - Started o.e.j.s.ServletContextHandler@7478fca1{static,/static,file:///home/runner/work/ozone/ozone/hadoop-hdds/container-service/target/classes/webapps/static,AVAILABLE}
2024-04-23 19:59:37,700 [main] INFO  handler.ContextHandler (ContextHandler.java:doStart(921)) - Started o.e.j.w.WebAppContext@67b95f82{hddsDatanode,/,file:///home/runner/work/ozone/ozone/hadoop-hdds/container-service/target/classes/webapps/hddsDatanode/,AVAILABLE}{file:/home/runner/work/ozone/ozone/hadoop-hdds/container-service/target/classes/webapps/hddsDatanode}
2024-04-23 19:59:37,705 [main] INFO  server.AbstractConnector (AbstractConnector.java:doStart(333)) - Started ServerConnector@7da57d3c{HTTP/1.1, (http/1.1)}{0.0.0.0:15339}
2024-04-23 19:59:37,705 [main] INFO  server.Server (Server.java:doStart(415)) - Started @110585ms
2024-04-23 19:59:37,705 [main] WARN  impl.MetricsSystemImpl (MetricsSystemImpl.java:register(279)) - Sink prometheus already exists!
2024-04-23 19:59:37,706 [main] INFO  http.BaseHttpServer (BaseHttpServer.java:updateConnectorAddress(354)) - HTTP server of hddsDatanode listening at http://0.0.0.0:15339
2024-04-23 19:59:37,706 [main] INFO  ipc.CallQueueManager (CallQueueManager.java:<init>(90)) - Using callQueue: class java.util.concurrent.LinkedBlockingQueue, queueCapacity: 100, scheduler: class org.apache.hadoop.ipc.DefaultRpcScheduler, ipcBackoff: false.
2024-04-23 19:59:37,706 [main] INFO  ipc.Server (Server.java:<init>(1287)) - Listener at 0.0.0.0:15340
2024-04-23 19:59:37,707 [Socket Reader #1 for port 15340] INFO  ipc.Server (Server.java:run(1323)) - Starting Socket Reader #1 for port 15340
2024-04-23 19:59:37,708 [main] INFO  ozone.HddsDatanodeService (HddsDatanodeService.java:start(327)) - Datanode start with admins: [runner]
2024-04-23 19:59:37,708 [main] INFO  ozone.HddsDatanodeClientProtocolServer (HddsDatanodeClientProtocolServer.java:start(77)) - RPC server for Client /0.0.0.0:15340
2024-04-23 19:59:37,709 [IPC Server listener on 15340] INFO  ipc.Server (Server.java:run(1402)) - IPC Server listener on 15340: starting
2024-04-23 19:59:37,710 [IPC Server Responder] INFO  ipc.Server (Server.java:run(1562)) - IPC Server Responder: starting
2024-04-23 19:59:37,711 [main] WARN  dropwizard3.Dm3MetricRegistriesImpl (Dm3MetricRegistriesImpl.java:addReporterRegistration(113)) - New reporters are added after registries were created. Some metrics will be missing from the reporter. Please add reporter before adding any new registry.
2024-04-23 19:59:37,711 [main] WARN  dropwizard3.Dm3MetricRegistriesImpl (Dm3MetricRegistriesImpl.java:addReporterRegistration(113)) - New reporters are added after registries were created. Some metrics will be missing from the reporter. Please add reporter before adding any new registry.
2024-04-23 19:59:37,711 [main] INFO  impl.MetricsSystemImpl (MetricsSystemImpl.java:init(158)) - HddsDatanode metrics system started (again)
2024-04-23 19:59:37,711 [ece5501e-2183-421f-b873-7b565e9a7338-DatanodeStateMachineDaemonThread] INFO  statemachine.DatanodeStateMachine (DatanodeStateMachine.java:lambda$startDaemon$1(555)) - Ozone container server started.
2024-04-23 19:59:37,724 [main] INFO  ozone.HddsDatanodeService (HddsDatanodeService.java:start(240)) - HddsDatanodeService host:fv-az1496-552.f1h4rheolecetjhvv40pmv1bec.bx.internal.cloudapp.net ip:10.1.0.27
2024-04-23 19:59:37,729 [ece5501e-2183-421f-b873-7b565e9a7338-DatanodeStateMachineTaskThread-0] INFO  datanode.InitDatanodeState (InitDatanodeState.java:persistContainerDatanodeDetails(139)) - DatanodeDetails is persisted to /home/runner/work/ozone/ozone/hadoop-ozone/integration-test/target/test-dir/MiniOzoneClusterImpl-d857b234-8aec-441a-a9c9-a34f2a008b14/ozone-meta/datanode-8/meta/datanode.id
2024-04-23 19:59:37,744 [main] INFO  upgrade.AbstractLayoutVersionManager (AbstractLayoutVersionManager.java:init(83)) - Initializing Layout version manager with metadata layout = HADOOP_PRC_PORTS_IN_DATANODEDETAILS (version = 7), software layout = HADOOP_PRC_PORTS_IN_DATANODEDETAILS (version = 7)
2024-04-23 19:59:37,745 [main] INFO  statemachine.DatanodeStateMachine (DatanodeStateMachine.java:getEndPointTaskThreadPoolSize(299)) - Datanode State Machine Task Thread Pool size 2
2024-04-23 19:59:37,746 [main] INFO  volume.HddsVolume (HddsVolume.java:<init>(126)) - Creating HddsVolume: /home/runner/work/ozone/ozone/hadoop-ozone/integration-test/target/test-dir/MiniOzoneClusterImpl-d857b234-8aec-441a-a9c9-a34f2a008b14/ozone-meta/datanode-9/data-0/hdds of storage type : DISK capacity : 9223372036854775807
2024-04-23 19:59:37,746 [main] INFO  volume.MutableVolumeSet (MutableVolumeSet.java:initializeVolumeSet(173)) - Added Volume : /home/runner/work/ozone/ozone/hadoop-ozone/integration-test/target/test-dir/MiniOzoneClusterImpl-d857b234-8aec-441a-a9c9-a34f2a008b14/ozone-meta/datanode-9/data-0/hdds to VolumeSet
2024-04-23 19:59:37,747 [main] INFO  volume.MutableVolumeSet (MutableVolumeSet.java:initializeVolumeSet(173)) - Added Volume : /home/runner/work/ozone/ozone/hadoop-ozone/integration-test/target/test-dir/MiniOzoneClusterImpl-d857b234-8aec-441a-a9c9-a34f2a008b14/ozone-meta/datanode-9/ratis to VolumeSet
2024-04-23 19:59:37,747 [main] INFO  ozoneimpl.OzoneContainer (HddsVolumeUtil.java:loadAllHddsVolumeDbStore(103)) - Load 1 volumes DbStore cost: 0ms
2024-04-23 19:59:37,749 [main] INFO  server.RaftServer (ConfUtils.java:logGet(46)) - raft.rpc.type = GRPC (default)
2024-04-23 19:59:37,749 [main] INFO  grpc.GrpcConfigKeys (ConfUtils.java:logFallback(53)) - raft.grpc.admin.host = null (fallback to raft.grpc.server.host)
2024-04-23 19:59:37,749 [main] INFO  grpc.GrpcConfigKeys (ConfUtils.java:logGet(46)) - raft.grpc.admin.port = 15352 (custom)
2024-04-23 19:59:37,749 [main] INFO  grpc.GrpcConfigKeys (ConfUtils.java:logFallback(53)) - raft.grpc.client.host = null (fallback to raft.grpc.server.host)
2024-04-23 19:59:37,749 [main] INFO  grpc.GrpcConfigKeys (ConfUtils.java:logGet(46)) - raft.grpc.client.port = 15351 (custom)
2024-04-23 19:59:37,750 [main] INFO  grpc.GrpcConfigKeys (ConfUtils.java:logGet(46)) - raft.grpc.server.host = null (default)
2024-04-23 19:59:37,750 [main] INFO  grpc.GrpcConfigKeys (ConfUtils.java:logGet(46)) - raft.grpc.server.port = 15353 (custom)
2024-04-23 19:59:37,750 [main] INFO  server.GrpcService (ConfUtils.java:logGet(46)) - raft.grpc.message.size.max = 32MB (=33554432) (custom)
2024-04-23 19:59:37,750 [main] INFO  server.RaftServerConfigKeys (ConfUtils.java:logGet(46)) - raft.server.log.appender.buffer.byte-limit = 8388608 (custom)
2024-04-23 19:59:37,751 [main] INFO  server.GrpcService (ConfUtils.java:logGet(46)) - raft.grpc.flow.control.window = 5MB (=5242880) (custom)
2024-04-23 19:59:37,751 [main] INFO  server.RaftServerConfigKeys (ConfUtils.java:logGet(46)) - raft.server.rpc.request.timeout = 3000ms (default)
2024-04-23 19:59:37,751 [main] INFO  grpc.GrpcConfigKeys (ConfUtils.java:logGet(46)) - raft.grpc.server.heartbeat.channel = true (default)
2024-04-23 19:59:37,751 [main] INFO  grpc.GrpcConfigKeys (ConfUtils.java:logGet(46)) - raft.grpc.server.async.request.thread.pool.cached = true (default)
2024-04-23 19:59:37,751 [main] INFO  grpc.GrpcConfigKeys (ConfUtils.java:logGet(46)) - raft.grpc.server.async.request.thread.pool.size = 32 (default)
2024-04-23 19:59:37,754 [main] INFO  impl.DataStreamServerImpl (ConfUtils.java:logGet(46)) - raft.datastream.type = NETTY (custom)
2024-04-23 19:59:37,755 [main] INFO  server.RaftServerConfigKeys (ConfUtils.java:logGet(46)) - raft.server.data-stream.async.request.thread.pool.cached = false (default)
2024-04-23 19:59:37,755 [main] INFO  server.RaftServerConfigKeys (ConfUtils.java:logGet(46)) - raft.server.data-stream.async.request.thread.pool.size = 20 (custom)
2024-04-23 19:59:37,755 [main] INFO  server.RaftServerConfigKeys (ConfUtils.java:logGet(46)) - raft.server.data-stream.async.write.thread.pool.size = 16 (default)
2024-04-23 19:59:37,755 [main] INFO  netty.NettyConfigKeys$DataStream (ConfUtils.java:logGet(46)) - raft.netty.dataStream.server.channel.inactive.grace-period = 10min (default)
2024-04-23 19:59:37,755 [main] INFO  server.RaftServerConfigKeys (ConfUtils.java:logGet(46)) - raft.server.data-stream.client.pool.size = 10 (default)
2024-04-23 19:59:37,756 [main] INFO  netty.NettyConfigKeys$DataStream (ConfUtils.java:logGet(46)) - raft.netty.dataStream.server.use-epoll = true (default)
2024-04-23 19:59:37,756 [main] INFO  netty.NettyConfigKeys$DataStream (ConfUtils.java:logGet(46)) - raft.netty.dataStream.server.boss-group.size = 0 (default)
2024-04-23 19:59:37,756 [main] INFO  netty.NettyUtils (NettyUtils.java:newEventLoopGroup(69)) - Create EpollEventLoopGroup for 05887e99-236b-4e3f-9ff6-c32e887d273e-NettyServerStreamRpc-bossGroup; Thread size is 0.
2024-04-23 19:59:37,756 [main] INFO  netty.NettyConfigKeys$DataStream (ConfUtils.java:logGet(46)) - raft.netty.dataStream.server.worker-group.size = 0 (default)
2024-04-23 19:59:37,756 [main] INFO  netty.NettyUtils (NettyUtils.java:newEventLoopGroup(69)) - Create EpollEventLoopGroup for 05887e99-236b-4e3f-9ff6-c32e887d273e-NettyServerStreamRpc-workerGroup; Thread size is 0.
2024-04-23 19:59:37,757 [main] INFO  netty.NettyConfigKeys$DataStream (ConfUtils.java:logGet(46)) - raft.netty.dataStream.server.tls.conf = null (default)
2024-04-23 19:59:37,757 [main] INFO  netty.NettyConfigKeys$DataStream (ConfUtils.java:logGet(46)) - raft.netty.dataStream.host = null (default)
2024-04-23 19:59:37,757 [main] INFO  netty.NettyConfigKeys$DataStream (ConfUtils.java:logGet(46)) - raft.netty.dataStream.port = 15354 (custom)
2024-04-23 19:59:37,761 [main] INFO  server.RaftServerConfigKeys (ConfUtils.java:logGet(46)) - raft.server.sleep.deviation.threshold = 300ms (default)
2024-04-23 19:59:37,761 [main] INFO  server.RaftServerConfigKeys (ConfUtils.java:logGet(46)) - raft.server.close.threshold = 60s (default)
2024-04-23 19:59:37,762 [main] INFO  server.RaftServerConfigKeys (ConfUtils.java:logGet(46)) - raft.server.leaderelection.leader.step-down.wait-time = 10s (default)
2024-04-23 19:59:37,762 [main] INFO  server.RaftServerConfigKeys (ConfUtils.java:logGet(46)) - raft.server.storage.dir = [/home/runner/work/ozone/ozone/hadoop-ozone/integration-test/target/test-dir/MiniOzoneClusterImpl-d857b234-8aec-441a-a9c9-a34f2a008b14/ozone-meta/datanode-9/ratis] (custom)
2024-04-23 19:59:37,762 [main] INFO  server.RaftServerConfigKeys (ConfUtils.java:logGet(46)) - raft.server.threadpool.proxy.cached = true (default)
2024-04-23 19:59:37,762 [main] INFO  server.RaftServerConfigKeys (ConfUtils.java:logGet(46)) - raft.server.threadpool.proxy.size = 0 (default)
2024-04-23 19:59:37,763 [05887e99-236b-4e3f-9ff6-c32e887d273e-impl-thread1] INFO  server.RaftServer (RaftServerProxy.java:initGroupDir(264)) - 05887e99-236b-4e3f-9ff6-c32e887d273e: found a subdirectory /home/runner/work/ozone/ozone/hadoop-ozone/integration-test/target/test-dir/MiniOzoneClusterImpl-d857b234-8aec-441a-a9c9-a34f2a008b14/ozone-meta/datanode-9/ratis/tmp
2024-04-23 19:59:37,763 [05887e99-236b-4e3f-9ff6-c32e887d273e-NettyServerStreamRpc-bossGroup--thread1] INFO  logging.LoggingHandler (AbstractInternalLogger.java:log(148)) - [id: 0x67d7aa5b] REGISTERED
2024-04-23 19:59:37,763 [05887e99-236b-4e3f-9ff6-c32e887d273e-impl-thread1] INFO  server.RaftServer (RaftServerProxy.java:initGroupDir(269)) - 05887e99-236b-4e3f-9ff6-c32e887d273e: The directory /home/runner/work/ozone/ozone/hadoop-ozone/integration-test/target/test-dir/MiniOzoneClusterImpl-d857b234-8aec-441a-a9c9-a34f2a008b14/ozone-meta/datanode-9/ratis/tmp is not a group directory; ignoring it. 
2024-04-23 19:59:37,763 [main] INFO  replication.ReplicationServer (ReplicationServer.java:<init>(86)) - Initializing replication server with thread count = 10 queue length = 4096
2024-04-23 19:59:37,764 [main] INFO  server.XceiverServerGrpc (XceiverServerGrpc.java:<init>(141)) - GrpcServer channel type EpollServerSocketChannel
2024-04-23 19:59:37,766 [main] INFO  replication.ReplicationSupervisor (ReplicationSupervisor.java:build(157)) - Initializing replication supervisor with thread count = 10
2024-04-23 19:59:37,766 [main] INFO  replication.ReplicationSupervisor (ReplicationSupervisor.java:nodeStateUpdated(312)) - Node state updated to IN_SERVICE, scaling executor pool size to 10
2024-04-23 19:59:37,763 [05887e99-236b-4e3f-9ff6-c32e887d273e-NettyServerStreamRpc-bossGroup--thread1] INFO  logging.LoggingHandler (AbstractInternalLogger.java:log(148)) - [id: 0x67d7aa5b] BIND: 0.0.0.0/0.0.0.0:15354
2024-04-23 19:59:37,767 [05887e99-236b-4e3f-9ff6-c32e887d273e-NettyServerStreamRpc-bossGroup--thread1] INFO  logging.LoggingHandler (AbstractInternalLogger.java:log(148)) - [id: 0x67d7aa5b, L:/0.0.0.0:15354] ACTIVE
2024-04-23 19:59:37,770 [main] INFO  http.BaseHttpServer (BaseHttpServer.java:newHttpServer2BuilderForOzone(223)) - Starting Web-server for hddsDatanode at: http://0.0.0.0:15348
2024-04-23 19:59:37,770 [main] INFO  http.BaseHttpServer (BaseHttpServer.java:<init>(110)) - Hadoop Security Enabled: false Ozone Security Enabled: false Ozone HTTP Security Enabled: false 
2024-04-23 19:59:37,771 [main] WARN  server.AuthenticationFilter (AuthenticationFilter.java:constructSecretProvider(240)) - Unable to initialize FileSignerSecretProvider, falling back to use random secrets. Reason: Could not read signature secret file: /home/runner/hadoop-http-auth-signature-secret
2024-04-23 19:59:37,773 [main] INFO  http.HttpRequestLog (HttpRequestLog.java:getRequestLog(86)) - Http request log for http.requests.hddsDatanode is not defined
2024-04-23 19:59:37,774 [main] INFO  http.HttpServer2 (HttpServer2.java:addGlobalFilter(1036)) - Added global filter 'safety' (class=org.apache.hadoop.hdds.server.http.HttpServer2$QuotingInputFilter)
2024-04-23 19:59:37,774 [main] INFO  http.HttpServer2 (HttpServer2.java:addFilter(1012)) - Added filter static_user_filter (class=org.apache.hadoop.http.lib.StaticUserWebFilter$StaticUserFilter) to context hddsDatanode
2024-04-23 19:59:37,775 [main] INFO  http.HttpServer2 (HttpServer2.java:addFilter(1020)) - Added filter static_user_filter (class=org.apache.hadoop.http.lib.StaticUserWebFilter$StaticUserFilter) to context static
2024-04-23 19:59:37,775 [main] INFO  http.HttpServer2 (HttpServer2.java:addFilter(1020)) - Added filter static_user_filter (class=org.apache.hadoop.http.lib.StaticUserWebFilter$StaticUserFilter) to context logs
2024-04-23 19:59:37,775 [main] INFO  http.BaseHttpServer (BaseHttpServer.java:<init>(189)) - HTTP server of hddsDatanode uses base directory /home/runner/work/ozone/ozone/hadoop-ozone/integration-test/target/test-dir/MiniOzoneClusterImpl-d857b234-8aec-441a-a9c9-a34f2a008b14/ozone-meta/datanode-9/meta/webserver
2024-04-23 19:59:37,775 [main] INFO  http.HttpServer2 (HttpServer2.java:bindListener(1236)) - Jetty bound to port 15348
2024-04-23 19:59:37,776 [main] INFO  server.Server (Server.java:doStart(375)) - jetty-9.4.53.v20231009; built: 2023-10-09T12:29:09.265Z; git: 27bde00a0b95a1d5bbee0eae7984f891d2d0f8c9; jvm 1.8.0_402-b06
2024-04-23 19:59:37,777 [main] INFO  server.session (DefaultSessionIdManager.java:doStart(334)) - DefaultSessionIdManager workerName=node0
2024-04-23 19:59:37,777 [main] INFO  server.session (DefaultSessionIdManager.java:doStart(339)) - No SessionScavenger set, using defaults
2024-04-23 19:59:37,777 [main] INFO  server.session (HouseKeeper.java:startScavenging(132)) - node0 Scavenging every 600000ms
2024-04-23 19:59:37,780 [main] INFO  handler.ContextHandler (ContextHandler.java:doStart(921)) - Started o.e.j.s.ServletContextHandler@6247d611{logs,/logs,file:///home/runner/work/ozone/ozone/hadoop-ozone/integration-test/target/log,AVAILABLE}
2024-04-23 19:59:37,780 [main] INFO  handler.ContextHandler (ContextHandler.java:doStart(921)) - Started o.e.j.s.ServletContextHandler@5b09788c{static,/static,file:///home/runner/work/ozone/ozone/hadoop-hdds/container-service/target/classes/webapps/static,AVAILABLE}
2024-04-23 19:59:37,782 [main] INFO  handler.ContextHandler (ContextHandler.java:doStart(921)) - Started o.e.j.w.WebAppContext@448ffd91{hddsDatanode,/,file:///home/runner/work/ozone/ozone/hadoop-hdds/container-service/target/classes/webapps/hddsDatanode/,AVAILABLE}{file:/home/runner/work/ozone/ozone/hadoop-hdds/container-service/target/classes/webapps/hddsDatanode}
2024-04-23 19:59:37,784 [main] INFO  server.AbstractConnector (AbstractConnector.java:doStart(333)) - Started ServerConnector@71e9f317{HTTP/1.1, (http/1.1)}{0.0.0.0:15348}
2024-04-23 19:59:37,784 [main] INFO  server.Server (Server.java:doStart(415)) - Started @110664ms
2024-04-23 19:59:37,785 [main] WARN  impl.MetricsSystemImpl (MetricsSystemImpl.java:register(279)) - Sink prometheus already exists!
2024-04-23 19:59:37,785 [main] INFO  http.BaseHttpServer (BaseHttpServer.java:updateConnectorAddress(354)) - HTTP server of hddsDatanode listening at http://0.0.0.0:15348
2024-04-23 19:59:37,785 [main] INFO  ipc.CallQueueManager (CallQueueManager.java:<init>(90)) - Using callQueue: class java.util.concurrent.LinkedBlockingQueue, queueCapacity: 100, scheduler: class org.apache.hadoop.ipc.DefaultRpcScheduler, ipcBackoff: false.
2024-04-23 19:59:37,786 [main] INFO  ipc.Server (Server.java:<init>(1287)) - Listener at 0.0.0.0:15349
2024-04-23 19:59:37,789 [Socket Reader #1 for port 15349] INFO  ipc.Server (Server.java:run(1323)) - Starting Socket Reader #1 for port 15349
2024-04-23 19:59:37,790 [main] INFO  ozone.HddsDatanodeService (HddsDatanodeService.java:start(327)) - Datanode start with admins: [runner]
2024-04-23 19:59:37,790 [main] INFO  ozone.HddsDatanodeClientProtocolServer (HddsDatanodeClientProtocolServer.java:start(77)) - RPC server for Client /0.0.0.0:15349
2024-04-23 19:59:37,791 [IPC Server Responder] INFO  ipc.Server (Server.java:run(1562)) - IPC Server Responder: starting
2024-04-23 19:59:37,798 [IPC Server listener on 15349] INFO  ipc.Server (Server.java:run(1402)) - IPC Server listener on 15349: starting
2024-04-23 19:59:37,798 [main] INFO  ozone.MiniOzoneClusterImpl (MiniOzoneClusterImpl.java:lambda$waitForClusterToBeReady$0(194)) - Waiting for nodes to be ready. Got 0 of 9 DN Heartbeats.
2024-04-23 19:59:37,798 [main] INFO  ozone.MiniOzoneClusterImpl (MiniOzoneClusterImpl.java:lambda$waitForClusterToBeReady$0(197)) - Waiting for cluster to exit safe mode
2024-04-23 19:59:37,798 [main] INFO  ozone.MiniOzoneClusterImpl (MiniOzoneClusterImpl.java:lambda$waitForClusterToBeReady$0(199)) - SCM became leader
2024-04-23 19:59:37,798 [05887e99-236b-4e3f-9ff6-c32e887d273e-DatanodeStateMachineDaemonThread] INFO  statemachine.DatanodeStateMachine (DatanodeStateMachine.java:lambda$startDaemon$1(555)) - Ozone container server started.
2024-04-23 19:59:37,809 [05887e99-236b-4e3f-9ff6-c32e887d273e-DatanodeStateMachineTaskThread-0] INFO  datanode.InitDatanodeState (InitDatanodeState.java:persistContainerDatanodeDetails(139)) - DatanodeDetails is persisted to /home/runner/work/ozone/ozone/hadoop-ozone/integration-test/target/test-dir/MiniOzoneClusterImpl-d857b234-8aec-441a-a9c9-a34f2a008b14/ozone-meta/datanode-9/meta/datanode.id
2024-04-23 19:59:38,222 [om1@group-C5BA1605619E-FollowerState] INFO  impl.FollowerState (FollowerState.java:run(143)) - om1@group-C5BA1605619E-FollowerState: change to CANDIDATE, lastRpcElapsedTime:1064290667ns, electionTimeout:1062ms
2024-04-23 19:59:38,222 [om1@group-C5BA1605619E-FollowerState] INFO  impl.RoleInfo (RoleInfo.java:shutdownFollowerState(110)) - om1: shutdown om1@group-C5BA1605619E-FollowerState
2024-04-23 19:59:38,222 [om1@group-C5BA1605619E-FollowerState] INFO  server.RaftServer$Division (RaftServerImpl.java:setRole(383)) - om1@group-C5BA1605619E: changes role from  FOLLOWER to CANDIDATE at term 0 for changeToCandidate
2024-04-23 19:59:38,222 [om1@group-C5BA1605619E-FollowerState] INFO  server.RaftServerConfigKeys (ConfUtils.java:logGet(46)) - raft.server.leaderelection.pre-vote = true (default)
2024-04-23 19:59:38,222 [om1@group-C5BA1605619E-FollowerState] INFO  impl.RoleInfo (RoleInfo.java:updateAndGet(139)) - om1: start om1@group-C5BA1605619E-LeaderElection48
2024-04-23 19:59:38,223 [om1@group-C5BA1605619E-LeaderElection48] INFO  impl.LeaderElection (LeaderElection.java:askForVotes(321)) - om1@group-C5BA1605619E-LeaderElection48 PRE_VOTE round 0: submit vote requests at term 0 for -1: peers:[om1|localhost:15274]|listeners:[], old=null
2024-04-23 19:59:38,223 [om1@group-C5BA1605619E-LeaderElection48] INFO  impl.LeaderElection (LeaderElection.java:askForVotes(323)) - om1@group-C5BA1605619E-LeaderElection48 PRE_VOTE round 0: result PASSED (term=0)
2024-04-23 19:59:38,225 [om1@group-C5BA1605619E-LeaderElection48] INFO  impl.LeaderElection (LeaderElection.java:askForVotes(321)) - om1@group-C5BA1605619E-LeaderElection48 ELECTION round 0: submit vote requests at term 1 for -1: peers:[om1|localhost:15274]|listeners:[], old=null
2024-04-23 19:59:38,225 [om1@group-C5BA1605619E-LeaderElection48] INFO  impl.LeaderElection (LeaderElection.java:askForVotes(323)) - om1@group-C5BA1605619E-LeaderElection48 ELECTION round 0: result PASSED (term=1)
2024-04-23 19:59:38,225 [om1@group-C5BA1605619E-LeaderElection48] INFO  impl.RoleInfo (RoleInfo.java:shutdownLeaderElection(130)) - om1: shutdown om1@group-C5BA1605619E-LeaderElection48
2024-04-23 19:59:38,225 [om1@group-C5BA1605619E-LeaderElection48] INFO  server.RaftServer$Division (RaftServerImpl.java:setRole(383)) - om1@group-C5BA1605619E: changes role from CANDIDATE to LEADER at term 1 for changeToLeader
2024-04-23 19:59:38,225 [om1@group-C5BA1605619E-LeaderElection48] INFO  server.RaftServerConfigKeys (ConfUtils.java:logGet(46)) - raft.server.staging.catchup.gap = 1000 (default)
2024-04-23 19:59:38,225 [om1@group-C5BA1605619E-LeaderElection48] INFO  server.RaftServerConfigKeys (ConfUtils.java:logGet(46)) - raft.server.write.element-limit = 4096 (default)
2024-04-23 19:59:38,225 [om1@group-C5BA1605619E-LeaderElection48] INFO  server.RaftServerConfigKeys (ConfUtils.java:logGet(46)) - raft.server.write.byte-limit = 64MB (=67108864) (default)
2024-04-23 19:59:38,225 [om1@group-C5BA1605619E-LeaderElection48] INFO  server.RaftServerConfigKeys (ConfUtils.java:logGet(46)) - raft.server.watch.timeout = 10s (default)
2024-04-23 19:59:38,225 [om1@group-C5BA1605619E-LeaderElection48] INFO  server.RaftServerConfigKeys (ConfUtils.java:logGet(46)) - raft.server.watch.timeout.denomination = 1s (default)
2024-04-23 19:59:38,225 [om1@group-C5BA1605619E-LeaderElection48] INFO  server.RaftServerConfigKeys (ConfUtils.java:logGet(46)) - raft.server.watch.element-limit = 65536 (default)
2024-04-23 19:59:38,226 [om1@group-C5BA1605619E-LeaderElection48] INFO  server.RaftServerConfigKeys (ConfUtils.java:logGet(46)) - raft.server.read.leader.lease.enabled = false (default)
2024-04-23 19:59:38,226 [om1@group-C5BA1605619E-LeaderElection48] INFO  server.RaftServerConfigKeys (ConfUtils.java:logGet(46)) - raft.server.read.leader.lease.timeout.ratio = 0.9 (default)
2024-04-23 19:59:38,226 [om1@group-C5BA1605619E-LeaderElection48] INFO  server.RaftServerConfigKeys (ConfUtils.java:logGet(46)) - raft.server.rpc.timeout.min = 1s (custom)
2024-04-23 19:59:38,226 [om1@group-C5BA1605619E-LeaderElection48] INFO  server.RaftServerConfigKeys (ConfUtils.java:logGet(46)) - raft.server.write.element-limit = 4096 (default)
2024-04-23 19:59:38,226 [om1@group-C5BA1605619E-LeaderElection48] INFO  server.RaftServerConfigKeys (ConfUtils.java:logGet(46)) - raft.server.write.follower.gap.ratio.max = -1.0 (default)
2024-04-23 19:59:38,226 [om1@group-C5BA1605619E-LeaderElection48] INFO  impl.RoleInfo (RoleInfo.java:updateAndGet(139)) - om1: start om1@group-C5BA1605619E-LeaderStateImpl
2024-04-23 19:59:38,226 [om1@group-C5BA1605619E-LeaderElection48] INFO  server.RaftServer$Division (RaftServerImpl.java:setFirstElection(574)) - om1@group-C5BA1605619E: set firstElectionSinceStartup to false for becomeLeader
2024-04-23 19:59:38,226 [om1@group-C5BA1605619E-LeaderElection48] INFO  server.RaftServer$Division (ServerState.java:setLeader(269)) - om1@group-C5BA1605619E: change Leader from null to om1 at term 1 for becomeLeader, leader elected after 1461ms
2024-04-23 19:59:38,227 [om1@group-C5BA1605619E-LeaderElection48] INFO  segmented.SegmentedRaftLogWorker (SegmentedRaftLogWorker.java:startLogSegment(430)) - om1@group-C5BA1605619E-SegmentedRaftLogWorker: Starting segment from index:0
2024-04-23 19:59:38,229 [om1@group-C5BA1605619E-LeaderElection48] INFO  server.RaftServer$Division (ServerState.java:setRaftConf(386)) - om1@group-C5BA1605619E: set configuration 0: peers:[om1|localhost:15274]|listeners:[], old=null
2024-04-23 19:59:38,229 [om1@group-C5BA1605619E-SegmentedRaftLogWorker] INFO  segmented.BufferedWriteChannel (BufferedWriteChannel.java:open(62)) - open log_inprogress_0 at position 0
2024-04-23 19:59:38,237 [om1@group-C5BA1605619E-SegmentedRaftLogWorker] INFO  segmented.SegmentedRaftLogWorker (SegmentedRaftLogWorker.java:execute(634)) - om1@group-C5BA1605619E-SegmentedRaftLogWorker: created new log segment /home/runner/work/ozone/ozone/hadoop-ozone/integration-test/target/test-dir/MiniOzoneClusterImpl-d857b234-8aec-441a-a9c9-a34f2a008b14/ozone-meta/ratis/bf265839-605b-3f16-9796-c5ba1605619e/current/log_inprogress_0
2024-04-23 19:59:38,238 [om1@group-C5BA1605619E-StateMachineUpdater] INFO  ratis.OzoneManagerStateMachine (OzoneManagerStateMachine.java:notifyConfigurationChanged(212)) - Received Configuration change notification from Ratis. New Peer list:
[id: "om1"
address: "localhost:15274"
startupRole: FOLLOWER
]
2024-04-23 19:59:38,238 [om1@group-C5BA1605619E-StateMachineUpdater] INFO  server.RaftServer$Division (LeaderStateImpl.java:isApplied(320)) - leader is ready since appliedIndex == 0 >= startIndex == 0
2024-04-23 19:59:38,248 [timer7] WARN  server.GrpcLogAppender (GrpcLogAppender.java:lambda$resetClient$1(217)) - 2cc89c22-f56d-4fb6-9367-b434c34351e2@group-5198A3A91C12->70021553-2731-4359-b930-85a4c5f573d5-GrpcLogAppender: Follower failed (request=null, errorCount=2); keep nextIndex (1) unchanged and retry. (Repeated 2 times in the last 5.000s)
2024-04-23 19:59:38,248 [timer6] WARN  server.GrpcLogAppender (LogUtils.java:warn(121)) - 2cc89c22-f56d-4fb6-9367-b434c34351e2@group-5198A3A91C12->70021553-2731-4359-b930-85a4c5f573d5-AppendLogResponseHandler: Failed appendEntries (Repeated 2 times in the last 5.000s): org.apache.ratis.thirdparty.io.grpc.StatusRuntimeException: CANCELLED: RST_STREAM closed stream. HTTP/2 error code: CANCEL
2024-04-23 19:59:38,264 [timer1] WARN  server.GrpcLogAppender (GrpcLogAppender.java:lambda$resetClient$1(217)) - 6a9292de-e5c9-42ef-8db7-9aaf235f5809@group-8EF000796CF0->f6241154-4b9b-4e04-8197-147d650b5c09-GrpcLogAppender: Follower failed (request=null, errorCount=2); keep nextIndex (1) unchanged and retry. (Repeated 2 times in the last 5.000s)
2024-04-23 19:59:38,264 [timer0] WARN  server.GrpcLogAppender (LogUtils.java:warn(121)) - 6a9292de-e5c9-42ef-8db7-9aaf235f5809@group-8EF000796CF0->f6241154-4b9b-4e04-8197-147d650b5c09-AppendLogResponseHandler: Failed appendEntries (Repeated 2 times in the last 5.001s): org.apache.ratis.thirdparty.io.grpc.StatusRuntimeException: CANCELLED: RST_STREAM closed stream. HTTP/2 error code: CANCEL
2024-04-23 19:59:38,799 [main] INFO  ozone.MiniOzoneClusterImpl (MiniOzoneClusterImpl.java:lambda$waitForClusterToBeReady$0(194)) - Waiting for nodes to be ready. Got 0 of 9 DN Heartbeats.
2024-04-23 19:59:38,799 [main] INFO  ozone.MiniOzoneClusterImpl (MiniOzoneClusterImpl.java:lambda$waitForClusterToBeReady$0(197)) - Waiting for cluster to exit safe mode
2024-04-23 19:59:38,799 [main] INFO  ozone.MiniOzoneClusterImpl (MiniOzoneClusterImpl.java:lambda$waitForClusterToBeReady$0(199)) - SCM became leader
2024-04-23 19:59:39,289 [7b3b87b1-ef59-40de-ba05-c120003f3778-EndpointStateMachineTaskThread-/0.0.0.0:15269-0 ] INFO  utils.DatanodeStoreCache (DatanodeStoreCache.java:addDB(72)) - Added db /home/runner/work/ozone/ozone/hadoop-ozone/integration-test/target/test-dir/MiniOzoneClusterImpl-d857b234-8aec-441a-a9c9-a34f2a008b14/ozone-meta/datanode-1/data-0/hdds/d857b234-8aec-441a-a9c9-a34f2a008b14/DS-25ed75d4-78df-495d-9cf7-4c103bf3fcec/container.db to cache
2024-04-23 19:59:39,289 [7b3b87b1-ef59-40de-ba05-c120003f3778-EndpointStateMachineTaskThread-/0.0.0.0:15269-0 ] INFO  volume.HddsVolume (HddsVolume.java:createDbStore(437)) - SchemaV3 db is created and loaded at /home/runner/work/ozone/ozone/hadoop-ozone/integration-test/target/test-dir/MiniOzoneClusterImpl-d857b234-8aec-441a-a9c9-a34f2a008b14/ozone-meta/datanode-1/data-0/hdds/d857b234-8aec-441a-a9c9-a34f2a008b14/DS-25ed75d4-78df-495d-9cf7-4c103bf3fcec/container.db for volume DS-25ed75d4-78df-495d-9cf7-4c103bf3fcec
2024-04-23 19:59:39,291 [7b3b87b1-ef59-40de-ba05-c120003f3778-ContainerReader-0] INFO  ozoneimpl.ContainerReader (ContainerReader.java:readVolume(148)) - Start to verify containers on volume /home/runner/work/ozone/ozone/hadoop-ozone/integration-test/target/test-dir/MiniOzoneClusterImpl-d857b234-8aec-441a-a9c9-a34f2a008b14/ozone-meta/datanode-1/data-0/hdds
2024-04-23 19:59:39,291 [7b3b87b1-ef59-40de-ba05-c120003f3778-ContainerReader-0] INFO  ozoneimpl.ContainerReader (ContainerReader.java:readVolume(178)) - Finish verifying containers on volume /home/runner/work/ozone/ozone/hadoop-ozone/integration-test/target/test-dir/MiniOzoneClusterImpl-d857b234-8aec-441a-a9c9-a34f2a008b14/ozone-meta/datanode-1/data-0/hdds
2024-04-23 19:59:39,291 [7b3b87b1-ef59-40de-ba05-c120003f3778-EndpointStateMachineTaskThread-/0.0.0.0:15269-0 ] INFO  ozoneimpl.OzoneContainer (OzoneContainer.java:buildContainerSet(328)) - Build ContainerSet costs 0s
2024-04-23 19:59:39,291 [7b3b87b1-ef59-40de-ba05-c120003f3778-EndpointStateMachineTaskThread-/0.0.0.0:15269-0 ] INFO  volume.ThrottledAsyncChecker (ThrottledAsyncChecker.java:schedule(141)) - Scheduling a check for /home/runner/work/ozone/ozone/hadoop-ozone/integration-test/target/test-dir/MiniOzoneClusterImpl-d857b234-8aec-441a-a9c9-a34f2a008b14/ozone-meta/datanode-1/data-0/hdds
2024-04-23 19:59:39,291 [7b3b87b1-ef59-40de-ba05-c120003f3778-EndpointStateMachineTaskThread-/0.0.0.0:15269-0 ] INFO  volume.StorageVolumeChecker (StorageVolumeChecker.java:checkAllVolumes(218)) - Scheduled health check for volume /home/runner/work/ozone/ozone/hadoop-ozone/integration-test/target/test-dir/MiniOzoneClusterImpl-d857b234-8aec-441a-a9c9-a34f2a008b14/ozone-meta/datanode-1/data-0/hdds
2024-04-23 19:59:39,292 [7b3b87b1-ef59-40de-ba05-c120003f3778-EndpointStateMachineTaskThread-/0.0.0.0:15269-0 ] INFO  volume.ThrottledAsyncChecker (ThrottledAsyncChecker.java:schedule(141)) - Scheduling a check for /home/runner/work/ozone/ozone/hadoop-ozone/integration-test/target/test-dir/MiniOzoneClusterImpl-d857b234-8aec-441a-a9c9-a34f2a008b14/ozone-meta/datanode-1/ratis
2024-04-23 19:59:39,293 [7b3b87b1-ef59-40de-ba05-c120003f3778-EndpointStateMachineTaskThread-/0.0.0.0:15269-0 ] INFO  volume.StorageVolumeChecker (StorageVolumeChecker.java:checkAllVolumes(218)) - Scheduled health check for volume /home/runner/work/ozone/ozone/hadoop-ozone/integration-test/target/test-dir/MiniOzoneClusterImpl-d857b234-8aec-441a-a9c9-a34f2a008b14/ozone-meta/datanode-1/ratis
2024-04-23 19:59:39,293 [7b3b87b1-ef59-40de-ba05-c120003f3778-EndpointStateMachineTaskThread-/0.0.0.0:15269-0 ] INFO  ozoneimpl.OzoneContainer (OzoneContainer.java:start(459)) - Attempting to start container services.
2024-04-23 19:59:39,294 [ContainerMetadataScanner] INFO  ozoneimpl.AbstractBackgroundContainerScanner (AbstractBackgroundContainerScanner.java:runIteration(87)) - Completed an iteration in 0 minutes. Number of iterations (since the data-node restart) : 1, Number of containers scanned in this iteration : 0, Number of unhealthy containers found in this iteration : 0
2024-04-23 19:59:39,294 [ContainerDataScanner(/home/runner/work/ozone/ozone/hadoop-ozone/integration-test/target/test-dir/MiniOzoneClusterImpl-d857b234-8aec-441a-a9c9-a34f2a008b14/ozone-meta/datanode-1/data-0/hdds)] INFO  ozoneimpl.AbstractBackgroundContainerScanner (AbstractBackgroundContainerScanner.java:runIteration(87)) - Completed an iteration in 0 minutes. Number of iterations (since the data-node restart) : 1, Number of containers scanned in this iteration : 0, Number of unhealthy containers found in this iteration : 0
2024-04-23 19:59:39,294 [7b3b87b1-ef59-40de-ba05-c120003f3778-EndpointStateMachineTaskThread-/0.0.0.0:15269-0 ] INFO  replication.ReplicationServer (ReplicationServer.java:start(142)) - ReplicationServer is started using port 15283
2024-04-23 19:59:39,294 [7b3b87b1-ef59-40de-ba05-c120003f3778-EndpointStateMachineTaskThread-/0.0.0.0:15269-0 ] INFO  ratis.XceiverServerRatis (XceiverServerRatis.java:start(566)) - Starting XceiverServerRatis 7b3b87b1-ef59-40de-ba05-c120003f3778
2024-04-23 19:59:39,295 [7b3b87b1-ef59-40de-ba05-c120003f3778-EndpointStateMachineTaskThread-/0.0.0.0:15269-0 ] INFO  server.RaftServer (RaftServerProxy.java:startImpl(406)) - 7b3b87b1-ef59-40de-ba05-c120003f3778: start RPC server
2024-04-23 19:59:39,295 [7b3b87b1-ef59-40de-ba05-c120003f3778-EndpointStateMachineTaskThread-/0.0.0.0:15269-0 ] INFO  server.GrpcService (GrpcService.java:startImpl(302)) - 7b3b87b1-ef59-40de-ba05-c120003f3778: GrpcService started, listening on 15279
2024-04-23 19:59:39,295 [7b3b87b1-ef59-40de-ba05-c120003f3778-EndpointStateMachineTaskThread-/0.0.0.0:15269-0 ] INFO  server.GrpcService (GrpcService.java:startImpl(302)) - 7b3b87b1-ef59-40de-ba05-c120003f3778: GrpcService started, listening on 15281
2024-04-23 19:59:39,295 [7b3b87b1-ef59-40de-ba05-c120003f3778-EndpointStateMachineTaskThread-/0.0.0.0:15269-0 ] INFO  server.GrpcService (GrpcService.java:startImpl(302)) - 7b3b87b1-ef59-40de-ba05-c120003f3778: GrpcService started, listening on 15280
2024-04-23 19:59:39,295 [7b3b87b1-ef59-40de-ba05-c120003f3778-EndpointStateMachineTaskThread-/0.0.0.0:15269-0 ] INFO  ratis.XceiverServerRatis (XceiverServerRatis.java:getRealPort(592)) - XceiverServerRatis 7b3b87b1-ef59-40de-ba05-c120003f3778 is started using port 15279 for RATIS
2024-04-23 19:59:39,295 [JvmPauseMonitor35] INFO  util.JvmPauseMonitor (JvmPauseMonitor.java:run(146)) - JvmPauseMonitor-7b3b87b1-ef59-40de-ba05-c120003f3778: Started
2024-04-23 19:59:39,296 [7b3b87b1-ef59-40de-ba05-c120003f3778-EndpointStateMachineTaskThread-/0.0.0.0:15269-0 ] INFO  ratis.XceiverServerRatis (XceiverServerRatis.java:getRealPort(592)) - XceiverServerRatis 7b3b87b1-ef59-40de-ba05-c120003f3778 is started using port 15280 for RATIS_ADMIN
2024-04-23 19:59:39,296 [7b3b87b1-ef59-40de-ba05-c120003f3778-EndpointStateMachineTaskThread-/0.0.0.0:15269-0 ] INFO  ratis.XceiverServerRatis (XceiverServerRatis.java:getRealPort(592)) - XceiverServerRatis 7b3b87b1-ef59-40de-ba05-c120003f3778 is started using port 15281 for RATIS_SERVER
2024-04-23 19:59:39,296 [7b3b87b1-ef59-40de-ba05-c120003f3778-EndpointStateMachineTaskThread-/0.0.0.0:15269-0 ] INFO  ratis.XceiverServerRatis (XceiverServerRatis.java:getRealPort(592)) - XceiverServerRatis 7b3b87b1-ef59-40de-ba05-c120003f3778 is started using port 15282 for RATIS_DATASTREAM
2024-04-23 19:59:39,296 [7b3b87b1-ef59-40de-ba05-c120003f3778-BlockDeletingService#0] INFO  interfaces.ContainerDeletionChoosingPolicyTemplate (ContainerDeletionChoosingPolicyTemplate.java:chooseContainerForBlockDeletion(85)) - Chosen 0/5000 blocks from 0 candidate containers.
2024-04-23 19:59:39,347 [77d21a36-b63d-4df7-892f-b483d98564d7-EndpointStateMachineTaskThread-/0.0.0.0:15269-0 ] INFO  utils.DatanodeStoreCache (DatanodeStoreCache.java:addDB(72)) - Added db /home/runner/work/ozone/ozone/hadoop-ozone/integration-test/target/test-dir/MiniOzoneClusterImpl-d857b234-8aec-441a-a9c9-a34f2a008b14/ozone-meta/datanode-2/data-0/hdds/d857b234-8aec-441a-a9c9-a34f2a008b14/DS-10c98abc-eed6-4a74-8bca-d7a30339ed05/container.db to cache
2024-04-23 19:59:39,347 [77d21a36-b63d-4df7-892f-b483d98564d7-EndpointStateMachineTaskThread-/0.0.0.0:15269-0 ] INFO  volume.HddsVolume (HddsVolume.java:createDbStore(437)) - SchemaV3 db is created and loaded at /home/runner/work/ozone/ozone/hadoop-ozone/integration-test/target/test-dir/MiniOzoneClusterImpl-d857b234-8aec-441a-a9c9-a34f2a008b14/ozone-meta/datanode-2/data-0/hdds/d857b234-8aec-441a-a9c9-a34f2a008b14/DS-10c98abc-eed6-4a74-8bca-d7a30339ed05/container.db for volume DS-10c98abc-eed6-4a74-8bca-d7a30339ed05
2024-04-23 19:59:39,348 [77d21a36-b63d-4df7-892f-b483d98564d7-ContainerReader-0] INFO  ozoneimpl.ContainerReader (ContainerReader.java:readVolume(148)) - Start to verify containers on volume /home/runner/work/ozone/ozone/hadoop-ozone/integration-test/target/test-dir/MiniOzoneClusterImpl-d857b234-8aec-441a-a9c9-a34f2a008b14/ozone-meta/datanode-2/data-0/hdds
2024-04-23 19:59:39,348 [77d21a36-b63d-4df7-892f-b483d98564d7-ContainerReader-0] INFO  ozoneimpl.ContainerReader (ContainerReader.java:readVolume(178)) - Finish verifying containers on volume /home/runner/work/ozone/ozone/hadoop-ozone/integration-test/target/test-dir/MiniOzoneClusterImpl-d857b234-8aec-441a-a9c9-a34f2a008b14/ozone-meta/datanode-2/data-0/hdds
2024-04-23 19:59:39,348 [77d21a36-b63d-4df7-892f-b483d98564d7-EndpointStateMachineTaskThread-/0.0.0.0:15269-0 ] INFO  ozoneimpl.OzoneContainer (OzoneContainer.java:buildContainerSet(328)) - Build ContainerSet costs 0s
2024-04-23 19:59:39,348 [77d21a36-b63d-4df7-892f-b483d98564d7-EndpointStateMachineTaskThread-/0.0.0.0:15269-0 ] INFO  volume.ThrottledAsyncChecker (ThrottledAsyncChecker.java:schedule(141)) - Scheduling a check for /home/runner/work/ozone/ozone/hadoop-ozone/integration-test/target/test-dir/MiniOzoneClusterImpl-d857b234-8aec-441a-a9c9-a34f2a008b14/ozone-meta/datanode-2/data-0/hdds
2024-04-23 19:59:39,349 [77d21a36-b63d-4df7-892f-b483d98564d7-EndpointStateMachineTaskThread-/0.0.0.0:15269-0 ] INFO  volume.StorageVolumeChecker (StorageVolumeChecker.java:checkAllVolumes(218)) - Scheduled health check for volume /home/runner/work/ozone/ozone/hadoop-ozone/integration-test/target/test-dir/MiniOzoneClusterImpl-d857b234-8aec-441a-a9c9-a34f2a008b14/ozone-meta/datanode-2/data-0/hdds
2024-04-23 19:59:39,350 [77d21a36-b63d-4df7-892f-b483d98564d7-EndpointStateMachineTaskThread-/0.0.0.0:15269-0 ] INFO  volume.ThrottledAsyncChecker (ThrottledAsyncChecker.java:schedule(141)) - Scheduling a check for /home/runner/work/ozone/ozone/hadoop-ozone/integration-test/target/test-dir/MiniOzoneClusterImpl-d857b234-8aec-441a-a9c9-a34f2a008b14/ozone-meta/datanode-2/ratis
2024-04-23 19:59:39,350 [77d21a36-b63d-4df7-892f-b483d98564d7-EndpointStateMachineTaskThread-/0.0.0.0:15269-0 ] INFO  volume.StorageVolumeChecker (StorageVolumeChecker.java:checkAllVolumes(218)) - Scheduled health check for volume /home/runner/work/ozone/ozone/hadoop-ozone/integration-test/target/test-dir/MiniOzoneClusterImpl-d857b234-8aec-441a-a9c9-a34f2a008b14/ozone-meta/datanode-2/ratis
2024-04-23 19:59:39,351 [77d21a36-b63d-4df7-892f-b483d98564d7-EndpointStateMachineTaskThread-/0.0.0.0:15269-0 ] INFO  ozoneimpl.OzoneContainer (OzoneContainer.java:start(459)) - Attempting to start container services.
2024-04-23 19:59:39,351 [77d21a36-b63d-4df7-892f-b483d98564d7-EndpointStateMachineTaskThread-/0.0.0.0:15269-0 ] WARN  ozoneimpl.OnDemandContainerDataScanner (OnDemandContainerDataScanner.java:init(75)) - Trying to initialize on demand scanner a second time on a datanode.
2024-04-23 19:59:39,351 [ContainerMetadataScanner] INFO  ozoneimpl.AbstractBackgroundContainerScanner (AbstractBackgroundContainerScanner.java:runIteration(87)) - Completed an iteration in 0 minutes. Number of iterations (since the data-node restart) : 1, Number of containers scanned in this iteration : 0, Number of unhealthy containers found in this iteration : 0
2024-04-23 19:59:39,352 [ContainerDataScanner(/home/runner/work/ozone/ozone/hadoop-ozone/integration-test/target/test-dir/MiniOzoneClusterImpl-d857b234-8aec-441a-a9c9-a34f2a008b14/ozone-meta/datanode-2/data-0/hdds)] INFO  ozoneimpl.AbstractBackgroundContainerScanner (AbstractBackgroundContainerScanner.java:runIteration(87)) - Completed an iteration in 0 minutes. Number of iterations (since the data-node restart) : 1, Number of containers scanned in this iteration : 0, Number of unhealthy containers found in this iteration : 0
2024-04-23 19:59:39,352 [77d21a36-b63d-4df7-892f-b483d98564d7-EndpointStateMachineTaskThread-/0.0.0.0:15269-0 ] INFO  replication.ReplicationServer (ReplicationServer.java:start(142)) - ReplicationServer is started using port 15292
2024-04-23 19:59:39,352 [77d21a36-b63d-4df7-892f-b483d98564d7-EndpointStateMachineTaskThread-/0.0.0.0:15269-0 ] INFO  ratis.XceiverServerRatis (XceiverServerRatis.java:start(566)) - Starting XceiverServerRatis 77d21a36-b63d-4df7-892f-b483d98564d7
2024-04-23 19:59:39,352 [77d21a36-b63d-4df7-892f-b483d98564d7-EndpointStateMachineTaskThread-/0.0.0.0:15269-0 ] INFO  server.RaftServer (RaftServerProxy.java:startImpl(406)) - 77d21a36-b63d-4df7-892f-b483d98564d7: start RPC server
2024-04-23 19:59:39,353 [77d21a36-b63d-4df7-892f-b483d98564d7-EndpointStateMachineTaskThread-/0.0.0.0:15269-0 ] INFO  server.GrpcService (GrpcService.java:startImpl(302)) - 77d21a36-b63d-4df7-892f-b483d98564d7: GrpcService started, listening on 15288
2024-04-23 19:59:39,353 [77d21a36-b63d-4df7-892f-b483d98564d7-EndpointStateMachineTaskThread-/0.0.0.0:15269-0 ] INFO  server.GrpcService (GrpcService.java:startImpl(302)) - 77d21a36-b63d-4df7-892f-b483d98564d7: GrpcService started, listening on 15290
2024-04-23 19:59:39,353 [77d21a36-b63d-4df7-892f-b483d98564d7-EndpointStateMachineTaskThread-/0.0.0.0:15269-0 ] INFO  server.GrpcService (GrpcService.java:startImpl(302)) - 77d21a36-b63d-4df7-892f-b483d98564d7: GrpcService started, listening on 15289
2024-04-23 19:59:39,353 [77d21a36-b63d-4df7-892f-b483d98564d7-EndpointStateMachineTaskThread-/0.0.0.0:15269-0 ] INFO  ratis.XceiverServerRatis (XceiverServerRatis.java:getRealPort(592)) - XceiverServerRatis 77d21a36-b63d-4df7-892f-b483d98564d7 is started using port 15288 for RATIS
2024-04-23 19:59:39,353 [JvmPauseMonitor36] INFO  util.JvmPauseMonitor (JvmPauseMonitor.java:run(146)) - JvmPauseMonitor-77d21a36-b63d-4df7-892f-b483d98564d7: Started
2024-04-23 19:59:39,354 [77d21a36-b63d-4df7-892f-b483d98564d7-EndpointStateMachineTaskThread-/0.0.0.0:15269-0 ] INFO  ratis.XceiverServerRatis (XceiverServerRatis.java:getRealPort(592)) - XceiverServerRatis 77d21a36-b63d-4df7-892f-b483d98564d7 is started using port 15289 for RATIS_ADMIN
2024-04-23 19:59:39,354 [77d21a36-b63d-4df7-892f-b483d98564d7-EndpointStateMachineTaskThread-/0.0.0.0:15269-0 ] INFO  ratis.XceiverServerRatis (XceiverServerRatis.java:getRealPort(592)) - XceiverServerRatis 77d21a36-b63d-4df7-892f-b483d98564d7 is started using port 15290 for RATIS_SERVER
2024-04-23 19:59:39,354 [77d21a36-b63d-4df7-892f-b483d98564d7-EndpointStateMachineTaskThread-/0.0.0.0:15269-0 ] INFO  ratis.XceiverServerRatis (XceiverServerRatis.java:getRealPort(592)) - XceiverServerRatis 77d21a36-b63d-4df7-892f-b483d98564d7 is started using port 15291 for RATIS_DATASTREAM
2024-04-23 19:59:39,354 [77d21a36-b63d-4df7-892f-b483d98564d7-BlockDeletingService#0] INFO  interfaces.ContainerDeletionChoosingPolicyTemplate (ContainerDeletionChoosingPolicyTemplate.java:chooseContainerForBlockDeletion(85)) - Chosen 0/5000 blocks from 0 candidate containers.
2024-04-23 19:59:39,418 [f13f88a1-11f3-4f35-9751-23eec4d236b9-EndpointStateMachineTaskThread-/0.0.0.0:15269-0 ] INFO  utils.DatanodeStoreCache (DatanodeStoreCache.java:addDB(72)) - Added db /home/runner/work/ozone/ozone/hadoop-ozone/integration-test/target/test-dir/MiniOzoneClusterImpl-d857b234-8aec-441a-a9c9-a34f2a008b14/ozone-meta/datanode-3/data-0/hdds/d857b234-8aec-441a-a9c9-a34f2a008b14/DS-be462f49-f054-479d-b805-9954333e9a30/container.db to cache
2024-04-23 19:59:39,418 [f13f88a1-11f3-4f35-9751-23eec4d236b9-EndpointStateMachineTaskThread-/0.0.0.0:15269-0 ] INFO  volume.HddsVolume (HddsVolume.java:createDbStore(437)) - SchemaV3 db is created and loaded at /home/runner/work/ozone/ozone/hadoop-ozone/integration-test/target/test-dir/MiniOzoneClusterImpl-d857b234-8aec-441a-a9c9-a34f2a008b14/ozone-meta/datanode-3/data-0/hdds/d857b234-8aec-441a-a9c9-a34f2a008b14/DS-be462f49-f054-479d-b805-9954333e9a30/container.db for volume DS-be462f49-f054-479d-b805-9954333e9a30
2024-04-23 19:59:39,420 [f13f88a1-11f3-4f35-9751-23eec4d236b9-ContainerReader-0] INFO  ozoneimpl.ContainerReader (ContainerReader.java:readVolume(148)) - Start to verify containers on volume /home/runner/work/ozone/ozone/hadoop-ozone/integration-test/target/test-dir/MiniOzoneClusterImpl-d857b234-8aec-441a-a9c9-a34f2a008b14/ozone-meta/datanode-3/data-0/hdds
2024-04-23 19:59:39,420 [f13f88a1-11f3-4f35-9751-23eec4d236b9-ContainerReader-0] INFO  ozoneimpl.ContainerReader (ContainerReader.java:readVolume(178)) - Finish verifying containers on volume /home/runner/work/ozone/ozone/hadoop-ozone/integration-test/target/test-dir/MiniOzoneClusterImpl-d857b234-8aec-441a-a9c9-a34f2a008b14/ozone-meta/datanode-3/data-0/hdds
2024-04-23 19:59:39,420 [f13f88a1-11f3-4f35-9751-23eec4d236b9-EndpointStateMachineTaskThread-/0.0.0.0:15269-0 ] INFO  ozoneimpl.OzoneContainer (OzoneContainer.java:buildContainerSet(328)) - Build ContainerSet costs 0s
2024-04-23 19:59:39,420 [f13f88a1-11f3-4f35-9751-23eec4d236b9-EndpointStateMachineTaskThread-/0.0.0.0:15269-0 ] INFO  volume.ThrottledAsyncChecker (ThrottledAsyncChecker.java:schedule(141)) - Scheduling a check for /home/runner/work/ozone/ozone/hadoop-ozone/integration-test/target/test-dir/MiniOzoneClusterImpl-d857b234-8aec-441a-a9c9-a34f2a008b14/ozone-meta/datanode-3/data-0/hdds
2024-04-23 19:59:39,420 [f13f88a1-11f3-4f35-9751-23eec4d236b9-EndpointStateMachineTaskThread-/0.0.0.0:15269-0 ] INFO  volume.StorageVolumeChecker (StorageVolumeChecker.java:checkAllVolumes(218)) - Scheduled health check for volume /home/runner/work/ozone/ozone/hadoop-ozone/integration-test/target/test-dir/MiniOzoneClusterImpl-d857b234-8aec-441a-a9c9-a34f2a008b14/ozone-meta/datanode-3/data-0/hdds
2024-04-23 19:59:39,423 [f13f88a1-11f3-4f35-9751-23eec4d236b9-EndpointStateMachineTaskThread-/0.0.0.0:15269-0 ] INFO  volume.ThrottledAsyncChecker (ThrottledAsyncChecker.java:schedule(141)) - Scheduling a check for /home/runner/work/ozone/ozone/hadoop-ozone/integration-test/target/test-dir/MiniOzoneClusterImpl-d857b234-8aec-441a-a9c9-a34f2a008b14/ozone-meta/datanode-3/ratis
2024-04-23 19:59:39,423 [f13f88a1-11f3-4f35-9751-23eec4d236b9-EndpointStateMachineTaskThread-/0.0.0.0:15269-0 ] INFO  volume.StorageVolumeChecker (StorageVolumeChecker.java:checkAllVolumes(218)) - Scheduled health check for volume /home/runner/work/ozone/ozone/hadoop-ozone/integration-test/target/test-dir/MiniOzoneClusterImpl-d857b234-8aec-441a-a9c9-a34f2a008b14/ozone-meta/datanode-3/ratis
2024-04-23 19:59:39,425 [f13f88a1-11f3-4f35-9751-23eec4d236b9-EndpointStateMachineTaskThread-/0.0.0.0:15269-0 ] INFO  ozoneimpl.OzoneContainer (OzoneContainer.java:start(459)) - Attempting to start container services.
2024-04-23 19:59:39,425 [f13f88a1-11f3-4f35-9751-23eec4d236b9-EndpointStateMachineTaskThread-/0.0.0.0:15269-0 ] WARN  ozoneimpl.OnDemandContainerDataScanner (OnDemandContainerDataScanner.java:init(75)) - Trying to initialize on demand scanner a second time on a datanode.
2024-04-23 19:59:39,425 [ContainerMetadataScanner] INFO  ozoneimpl.AbstractBackgroundContainerScanner (AbstractBackgroundContainerScanner.java:runIteration(87)) - Completed an iteration in 0 minutes. Number of iterations (since the data-node restart) : 1, Number of containers scanned in this iteration : 0, Number of unhealthy containers found in this iteration : 0
2024-04-23 19:59:39,429 [ContainerDataScanner(/home/runner/work/ozone/ozone/hadoop-ozone/integration-test/target/test-dir/MiniOzoneClusterImpl-d857b234-8aec-441a-a9c9-a34f2a008b14/ozone-meta/datanode-3/data-0/hdds)] INFO  ozoneimpl.AbstractBackgroundContainerScanner (AbstractBackgroundContainerScanner.java:runIteration(87)) - Completed an iteration in 0 minutes. Number of iterations (since the data-node restart) : 1, Number of containers scanned in this iteration : 0, Number of unhealthy containers found in this iteration : 0
2024-04-23 19:59:39,429 [f13f88a1-11f3-4f35-9751-23eec4d236b9-EndpointStateMachineTaskThread-/0.0.0.0:15269-0 ] INFO  replication.ReplicationServer (ReplicationServer.java:start(142)) - ReplicationServer is started using port 15301
2024-04-23 19:59:39,429 [f13f88a1-11f3-4f35-9751-23eec4d236b9-EndpointStateMachineTaskThread-/0.0.0.0:15269-0 ] INFO  ratis.XceiverServerRatis (XceiverServerRatis.java:start(566)) - Starting XceiverServerRatis f13f88a1-11f3-4f35-9751-23eec4d236b9
2024-04-23 19:59:39,430 [f13f88a1-11f3-4f35-9751-23eec4d236b9-EndpointStateMachineTaskThread-/0.0.0.0:15269-0 ] INFO  server.RaftServer (RaftServerProxy.java:startImpl(406)) - f13f88a1-11f3-4f35-9751-23eec4d236b9: start RPC server
2024-04-23 19:59:39,430 [f13f88a1-11f3-4f35-9751-23eec4d236b9-EndpointStateMachineTaskThread-/0.0.0.0:15269-0 ] INFO  server.GrpcService (GrpcService.java:startImpl(302)) - f13f88a1-11f3-4f35-9751-23eec4d236b9: GrpcService started, listening on 15297
2024-04-23 19:59:39,431 [f13f88a1-11f3-4f35-9751-23eec4d236b9-EndpointStateMachineTaskThread-/0.0.0.0:15269-0 ] INFO  server.GrpcService (GrpcService.java:startImpl(302)) - f13f88a1-11f3-4f35-9751-23eec4d236b9: GrpcService started, listening on 15299
2024-04-23 19:59:39,431 [f13f88a1-11f3-4f35-9751-23eec4d236b9-EndpointStateMachineTaskThread-/0.0.0.0:15269-0 ] INFO  server.GrpcService (GrpcService.java:startImpl(302)) - f13f88a1-11f3-4f35-9751-23eec4d236b9: GrpcService started, listening on 15298
2024-04-23 19:59:39,431 [f13f88a1-11f3-4f35-9751-23eec4d236b9-EndpointStateMachineTaskThread-/0.0.0.0:15269-0 ] INFO  ratis.XceiverServerRatis (XceiverServerRatis.java:getRealPort(592)) - XceiverServerRatis f13f88a1-11f3-4f35-9751-23eec4d236b9 is started using port 15297 for RATIS
2024-04-23 19:59:39,431 [f13f88a1-11f3-4f35-9751-23eec4d236b9-EndpointStateMachineTaskThread-/0.0.0.0:15269-0 ] INFO  ratis.XceiverServerRatis (XceiverServerRatis.java:getRealPort(592)) - XceiverServerRatis f13f88a1-11f3-4f35-9751-23eec4d236b9 is started using port 15298 for RATIS_ADMIN
2024-04-23 19:59:39,431 [f13f88a1-11f3-4f35-9751-23eec4d236b9-EndpointStateMachineTaskThread-/0.0.0.0:15269-0 ] INFO  ratis.XceiverServerRatis (XceiverServerRatis.java:getRealPort(592)) - XceiverServerRatis f13f88a1-11f3-4f35-9751-23eec4d236b9 is started using port 15299 for RATIS_SERVER
2024-04-23 19:59:39,431 [f13f88a1-11f3-4f35-9751-23eec4d236b9-EndpointStateMachineTaskThread-/0.0.0.0:15269-0 ] INFO  ratis.XceiverServerRatis (XceiverServerRatis.java:getRealPort(592)) - XceiverServerRatis f13f88a1-11f3-4f35-9751-23eec4d236b9 is started using port 15300 for RATIS_DATASTREAM
2024-04-23 19:59:39,431 [JvmPauseMonitor37] INFO  util.JvmPauseMonitor (JvmPauseMonitor.java:run(146)) - JvmPauseMonitor-f13f88a1-11f3-4f35-9751-23eec4d236b9: Started
2024-04-23 19:59:39,432 [f13f88a1-11f3-4f35-9751-23eec4d236b9-BlockDeletingService#0] INFO  interfaces.ContainerDeletionChoosingPolicyTemplate (ContainerDeletionChoosingPolicyTemplate.java:chooseContainerForBlockDeletion(85)) - Chosen 0/5000 blocks from 0 candidate containers.
2024-04-23 19:59:39,472 [7071ee0d-0296-4c1d-93da-2a6b8f0a8e11-EndpointStateMachineTaskThread-/0.0.0.0:15269-0 ] INFO  utils.DatanodeStoreCache (DatanodeStoreCache.java:addDB(72)) - Added db /home/runner/work/ozone/ozone/hadoop-ozone/integration-test/target/test-dir/MiniOzoneClusterImpl-d857b234-8aec-441a-a9c9-a34f2a008b14/ozone-meta/datanode-4/data-0/hdds/d857b234-8aec-441a-a9c9-a34f2a008b14/DS-79e65ed2-d03c-4a51-b677-33e429da9ea2/container.db to cache
2024-04-23 19:59:39,472 [7071ee0d-0296-4c1d-93da-2a6b8f0a8e11-EndpointStateMachineTaskThread-/0.0.0.0:15269-0 ] INFO  volume.HddsVolume (HddsVolume.java:createDbStore(437)) - SchemaV3 db is created and loaded at /home/runner/work/ozone/ozone/hadoop-ozone/integration-test/target/test-dir/MiniOzoneClusterImpl-d857b234-8aec-441a-a9c9-a34f2a008b14/ozone-meta/datanode-4/data-0/hdds/d857b234-8aec-441a-a9c9-a34f2a008b14/DS-79e65ed2-d03c-4a51-b677-33e429da9ea2/container.db for volume DS-79e65ed2-d03c-4a51-b677-33e429da9ea2
2024-04-23 19:59:39,474 [7071ee0d-0296-4c1d-93da-2a6b8f0a8e11-ContainerReader-0] INFO  ozoneimpl.ContainerReader (ContainerReader.java:readVolume(148)) - Start to verify containers on volume /home/runner/work/ozone/ozone/hadoop-ozone/integration-test/target/test-dir/MiniOzoneClusterImpl-d857b234-8aec-441a-a9c9-a34f2a008b14/ozone-meta/datanode-4/data-0/hdds
2024-04-23 19:59:39,474 [7071ee0d-0296-4c1d-93da-2a6b8f0a8e11-ContainerReader-0] INFO  ozoneimpl.ContainerReader (ContainerReader.java:readVolume(178)) - Finish verifying containers on volume /home/runner/work/ozone/ozone/hadoop-ozone/integration-test/target/test-dir/MiniOzoneClusterImpl-d857b234-8aec-441a-a9c9-a34f2a008b14/ozone-meta/datanode-4/data-0/hdds
2024-04-23 19:59:39,474 [7071ee0d-0296-4c1d-93da-2a6b8f0a8e11-EndpointStateMachineTaskThread-/0.0.0.0:15269-0 ] INFO  ozoneimpl.OzoneContainer (OzoneContainer.java:buildContainerSet(328)) - Build ContainerSet costs 0s
2024-04-23 19:59:39,474 [7071ee0d-0296-4c1d-93da-2a6b8f0a8e11-EndpointStateMachineTaskThread-/0.0.0.0:15269-0 ] INFO  volume.ThrottledAsyncChecker (ThrottledAsyncChecker.java:schedule(141)) - Scheduling a check for /home/runner/work/ozone/ozone/hadoop-ozone/integration-test/target/test-dir/MiniOzoneClusterImpl-d857b234-8aec-441a-a9c9-a34f2a008b14/ozone-meta/datanode-4/data-0/hdds
2024-04-23 19:59:39,474 [7071ee0d-0296-4c1d-93da-2a6b8f0a8e11-EndpointStateMachineTaskThread-/0.0.0.0:15269-0 ] INFO  volume.StorageVolumeChecker (StorageVolumeChecker.java:checkAllVolumes(218)) - Scheduled health check for volume /home/runner/work/ozone/ozone/hadoop-ozone/integration-test/target/test-dir/MiniOzoneClusterImpl-d857b234-8aec-441a-a9c9-a34f2a008b14/ozone-meta/datanode-4/data-0/hdds
2024-04-23 19:59:39,476 [7071ee0d-0296-4c1d-93da-2a6b8f0a8e11-EndpointStateMachineTaskThread-/0.0.0.0:15269-0 ] INFO  volume.ThrottledAsyncChecker (ThrottledAsyncChecker.java:schedule(141)) - Scheduling a check for /home/runner/work/ozone/ozone/hadoop-ozone/integration-test/target/test-dir/MiniOzoneClusterImpl-d857b234-8aec-441a-a9c9-a34f2a008b14/ozone-meta/datanode-4/ratis
2024-04-23 19:59:39,476 [7071ee0d-0296-4c1d-93da-2a6b8f0a8e11-EndpointStateMachineTaskThread-/0.0.0.0:15269-0 ] INFO  volume.StorageVolumeChecker (StorageVolumeChecker.java:checkAllVolumes(218)) - Scheduled health check for volume /home/runner/work/ozone/ozone/hadoop-ozone/integration-test/target/test-dir/MiniOzoneClusterImpl-d857b234-8aec-441a-a9c9-a34f2a008b14/ozone-meta/datanode-4/ratis
2024-04-23 19:59:39,476 [7071ee0d-0296-4c1d-93da-2a6b8f0a8e11-EndpointStateMachineTaskThread-/0.0.0.0:15269-0 ] INFO  ozoneimpl.OzoneContainer (OzoneContainer.java:start(459)) - Attempting to start container services.
2024-04-23 19:59:39,477 [7071ee0d-0296-4c1d-93da-2a6b8f0a8e11-EndpointStateMachineTaskThread-/0.0.0.0:15269-0 ] WARN  ozoneimpl.OnDemandContainerDataScanner (OnDemandContainerDataScanner.java:init(75)) - Trying to initialize on demand scanner a second time on a datanode.
2024-04-23 19:59:39,477 [ContainerMetadataScanner] INFO  ozoneimpl.AbstractBackgroundContainerScanner (AbstractBackgroundContainerScanner.java:runIteration(87)) - Completed an iteration in 0 minutes. Number of iterations (since the data-node restart) : 1, Number of containers scanned in this iteration : 0, Number of unhealthy containers found in this iteration : 0
2024-04-23 19:59:39,477 [ContainerDataScanner(/home/runner/work/ozone/ozone/hadoop-ozone/integration-test/target/test-dir/MiniOzoneClusterImpl-d857b234-8aec-441a-a9c9-a34f2a008b14/ozone-meta/datanode-4/data-0/hdds)] INFO  ozoneimpl.AbstractBackgroundContainerScanner (AbstractBackgroundContainerScanner.java:runIteration(87)) - Completed an iteration in 0 minutes. Number of iterations (since the data-node restart) : 1, Number of containers scanned in this iteration : 0, Number of unhealthy containers found in this iteration : 0
2024-04-23 19:59:39,477 [7071ee0d-0296-4c1d-93da-2a6b8f0a8e11-EndpointStateMachineTaskThread-/0.0.0.0:15269-0 ] INFO  replication.ReplicationServer (ReplicationServer.java:start(142)) - ReplicationServer is started using port 15310
2024-04-23 19:59:39,477 [7071ee0d-0296-4c1d-93da-2a6b8f0a8e11-EndpointStateMachineTaskThread-/0.0.0.0:15269-0 ] INFO  ratis.XceiverServerRatis (XceiverServerRatis.java:start(566)) - Starting XceiverServerRatis 7071ee0d-0296-4c1d-93da-2a6b8f0a8e11
2024-04-23 19:59:39,478 [7071ee0d-0296-4c1d-93da-2a6b8f0a8e11-EndpointStateMachineTaskThread-/0.0.0.0:15269-0 ] INFO  server.RaftServer (RaftServerProxy.java:startImpl(406)) - 7071ee0d-0296-4c1d-93da-2a6b8f0a8e11: start RPC server
2024-04-23 19:59:39,478 [7071ee0d-0296-4c1d-93da-2a6b8f0a8e11-EndpointStateMachineTaskThread-/0.0.0.0:15269-0 ] INFO  server.GrpcService (GrpcService.java:startImpl(302)) - 7071ee0d-0296-4c1d-93da-2a6b8f0a8e11: GrpcService started, listening on 15306
2024-04-23 19:59:39,478 [7071ee0d-0296-4c1d-93da-2a6b8f0a8e11-EndpointStateMachineTaskThread-/0.0.0.0:15269-0 ] INFO  server.GrpcService (GrpcService.java:startImpl(302)) - 7071ee0d-0296-4c1d-93da-2a6b8f0a8e11: GrpcService started, listening on 15308
2024-04-23 19:59:39,479 [7071ee0d-0296-4c1d-93da-2a6b8f0a8e11-EndpointStateMachineTaskThread-/0.0.0.0:15269-0 ] INFO  server.GrpcService (GrpcService.java:startImpl(302)) - 7071ee0d-0296-4c1d-93da-2a6b8f0a8e11: GrpcService started, listening on 15307
2024-04-23 19:59:39,479 [7071ee0d-0296-4c1d-93da-2a6b8f0a8e11-EndpointStateMachineTaskThread-/0.0.0.0:15269-0 ] INFO  ratis.XceiverServerRatis (XceiverServerRatis.java:getRealPort(592)) - XceiverServerRatis 7071ee0d-0296-4c1d-93da-2a6b8f0a8e11 is started using port 15306 for RATIS
2024-04-23 19:59:39,479 [7071ee0d-0296-4c1d-93da-2a6b8f0a8e11-EndpointStateMachineTaskThread-/0.0.0.0:15269-0 ] INFO  ratis.XceiverServerRatis (XceiverServerRatis.java:getRealPort(592)) - XceiverServerRatis 7071ee0d-0296-4c1d-93da-2a6b8f0a8e11 is started using port 15307 for RATIS_ADMIN
2024-04-23 19:59:39,479 [7071ee0d-0296-4c1d-93da-2a6b8f0a8e11-EndpointStateMachineTaskThread-/0.0.0.0:15269-0 ] INFO  ratis.XceiverServerRatis (XceiverServerRatis.java:getRealPort(592)) - XceiverServerRatis 7071ee0d-0296-4c1d-93da-2a6b8f0a8e11 is started using port 15308 for RATIS_SERVER
2024-04-23 19:59:39,479 [7071ee0d-0296-4c1d-93da-2a6b8f0a8e11-EndpointStateMachineTaskThread-/0.0.0.0:15269-0 ] INFO  ratis.XceiverServerRatis (XceiverServerRatis.java:getRealPort(592)) - XceiverServerRatis 7071ee0d-0296-4c1d-93da-2a6b8f0a8e11 is started using port 15309 for RATIS_DATASTREAM
2024-04-23 19:59:39,479 [JvmPauseMonitor38] INFO  util.JvmPauseMonitor (JvmPauseMonitor.java:run(146)) - JvmPauseMonitor-7071ee0d-0296-4c1d-93da-2a6b8f0a8e11: Started
2024-04-23 19:59:39,480 [7071ee0d-0296-4c1d-93da-2a6b8f0a8e11-BlockDeletingService#0] INFO  interfaces.ContainerDeletionChoosingPolicyTemplate (ContainerDeletionChoosingPolicyTemplate.java:chooseContainerForBlockDeletion(85)) - Chosen 0/5000 blocks from 0 candidate containers.
2024-04-23 19:59:39,532 [37bb455d-24a6-4251-8f16-d648f82e590e-EndpointStateMachineTaskThread-/0.0.0.0:15269-0 ] INFO  utils.DatanodeStoreCache (DatanodeStoreCache.java:addDB(72)) - Added db /home/runner/work/ozone/ozone/hadoop-ozone/integration-test/target/test-dir/MiniOzoneClusterImpl-d857b234-8aec-441a-a9c9-a34f2a008b14/ozone-meta/datanode-5/data-0/hdds/d857b234-8aec-441a-a9c9-a34f2a008b14/DS-7bbbd45f-1615-44fe-a2f3-da761acb0770/container.db to cache
2024-04-23 19:59:39,532 [37bb455d-24a6-4251-8f16-d648f82e590e-EndpointStateMachineTaskThread-/0.0.0.0:15269-0 ] INFO  volume.HddsVolume (HddsVolume.java:createDbStore(437)) - SchemaV3 db is created and loaded at /home/runner/work/ozone/ozone/hadoop-ozone/integration-test/target/test-dir/MiniOzoneClusterImpl-d857b234-8aec-441a-a9c9-a34f2a008b14/ozone-meta/datanode-5/data-0/hdds/d857b234-8aec-441a-a9c9-a34f2a008b14/DS-7bbbd45f-1615-44fe-a2f3-da761acb0770/container.db for volume DS-7bbbd45f-1615-44fe-a2f3-da761acb0770
2024-04-23 19:59:39,533 [37bb455d-24a6-4251-8f16-d648f82e590e-ContainerReader-0] INFO  ozoneimpl.ContainerReader (ContainerReader.java:readVolume(148)) - Start to verify containers on volume /home/runner/work/ozone/ozone/hadoop-ozone/integration-test/target/test-dir/MiniOzoneClusterImpl-d857b234-8aec-441a-a9c9-a34f2a008b14/ozone-meta/datanode-5/data-0/hdds
2024-04-23 19:59:39,534 [37bb455d-24a6-4251-8f16-d648f82e590e-ContainerReader-0] INFO  ozoneimpl.ContainerReader (ContainerReader.java:readVolume(178)) - Finish verifying containers on volume /home/runner/work/ozone/ozone/hadoop-ozone/integration-test/target/test-dir/MiniOzoneClusterImpl-d857b234-8aec-441a-a9c9-a34f2a008b14/ozone-meta/datanode-5/data-0/hdds
2024-04-23 19:59:39,534 [37bb455d-24a6-4251-8f16-d648f82e590e-EndpointStateMachineTaskThread-/0.0.0.0:15269-0 ] INFO  ozoneimpl.OzoneContainer (OzoneContainer.java:buildContainerSet(328)) - Build ContainerSet costs 0s
2024-04-23 19:59:39,534 [37bb455d-24a6-4251-8f16-d648f82e590e-EndpointStateMachineTaskThread-/0.0.0.0:15269-0 ] INFO  volume.ThrottledAsyncChecker (ThrottledAsyncChecker.java:schedule(141)) - Scheduling a check for /home/runner/work/ozone/ozone/hadoop-ozone/integration-test/target/test-dir/MiniOzoneClusterImpl-d857b234-8aec-441a-a9c9-a34f2a008b14/ozone-meta/datanode-5/data-0/hdds
2024-04-23 19:59:39,534 [37bb455d-24a6-4251-8f16-d648f82e590e-EndpointStateMachineTaskThread-/0.0.0.0:15269-0 ] INFO  volume.StorageVolumeChecker (StorageVolumeChecker.java:checkAllVolumes(218)) - Scheduled health check for volume /home/runner/work/ozone/ozone/hadoop-ozone/integration-test/target/test-dir/MiniOzoneClusterImpl-d857b234-8aec-441a-a9c9-a34f2a008b14/ozone-meta/datanode-5/data-0/hdds
2024-04-23 19:59:39,536 [37bb455d-24a6-4251-8f16-d648f82e590e-EndpointStateMachineTaskThread-/0.0.0.0:15269-0 ] INFO  volume.ThrottledAsyncChecker (ThrottledAsyncChecker.java:schedule(141)) - Scheduling a check for /home/runner/work/ozone/ozone/hadoop-ozone/integration-test/target/test-dir/MiniOzoneClusterImpl-d857b234-8aec-441a-a9c9-a34f2a008b14/ozone-meta/datanode-5/ratis
2024-04-23 19:59:39,536 [37bb455d-24a6-4251-8f16-d648f82e590e-EndpointStateMachineTaskThread-/0.0.0.0:15269-0 ] INFO  volume.StorageVolumeChecker (StorageVolumeChecker.java:checkAllVolumes(218)) - Scheduled health check for volume /home/runner/work/ozone/ozone/hadoop-ozone/integration-test/target/test-dir/MiniOzoneClusterImpl-d857b234-8aec-441a-a9c9-a34f2a008b14/ozone-meta/datanode-5/ratis
2024-04-23 19:59:39,537 [37bb455d-24a6-4251-8f16-d648f82e590e-EndpointStateMachineTaskThread-/0.0.0.0:15269-0 ] INFO  ozoneimpl.OzoneContainer (OzoneContainer.java:start(459)) - Attempting to start container services.
2024-04-23 19:59:39,537 [37bb455d-24a6-4251-8f16-d648f82e590e-EndpointStateMachineTaskThread-/0.0.0.0:15269-0 ] WARN  ozoneimpl.OnDemandContainerDataScanner (OnDemandContainerDataScanner.java:init(75)) - Trying to initialize on demand scanner a second time on a datanode.
2024-04-23 19:59:39,537 [ContainerMetadataScanner] INFO  ozoneimpl.AbstractBackgroundContainerScanner (AbstractBackgroundContainerScanner.java:runIteration(87)) - Completed an iteration in 0 minutes. Number of iterations (since the data-node restart) : 1, Number of containers scanned in this iteration : 0, Number of unhealthy containers found in this iteration : 0
2024-04-23 19:59:39,538 [ContainerDataScanner(/home/runner/work/ozone/ozone/hadoop-ozone/integration-test/target/test-dir/MiniOzoneClusterImpl-d857b234-8aec-441a-a9c9-a34f2a008b14/ozone-meta/datanode-5/data-0/hdds)] INFO  ozoneimpl.AbstractBackgroundContainerScanner (AbstractBackgroundContainerScanner.java:runIteration(87)) - Completed an iteration in 0 minutes. Number of iterations (since the data-node restart) : 1, Number of containers scanned in this iteration : 0, Number of unhealthy containers found in this iteration : 0
2024-04-23 19:59:39,538 [37bb455d-24a6-4251-8f16-d648f82e590e-EndpointStateMachineTaskThread-/0.0.0.0:15269-0 ] INFO  replication.ReplicationServer (ReplicationServer.java:start(142)) - ReplicationServer is started using port 15319
2024-04-23 19:59:39,538 [37bb455d-24a6-4251-8f16-d648f82e590e-EndpointStateMachineTaskThread-/0.0.0.0:15269-0 ] INFO  ratis.XceiverServerRatis (XceiverServerRatis.java:start(566)) - Starting XceiverServerRatis 37bb455d-24a6-4251-8f16-d648f82e590e
2024-04-23 19:59:39,538 [37bb455d-24a6-4251-8f16-d648f82e590e-EndpointStateMachineTaskThread-/0.0.0.0:15269-0 ] INFO  server.RaftServer (RaftServerProxy.java:startImpl(406)) - 37bb455d-24a6-4251-8f16-d648f82e590e: start RPC server
2024-04-23 19:59:39,538 [37bb455d-24a6-4251-8f16-d648f82e590e-EndpointStateMachineTaskThread-/0.0.0.0:15269-0 ] INFO  server.GrpcService (GrpcService.java:startImpl(302)) - 37bb455d-24a6-4251-8f16-d648f82e590e: GrpcService started, listening on 15315
2024-04-23 19:59:39,539 [37bb455d-24a6-4251-8f16-d648f82e590e-EndpointStateMachineTaskThread-/0.0.0.0:15269-0 ] INFO  server.GrpcService (GrpcService.java:startImpl(302)) - 37bb455d-24a6-4251-8f16-d648f82e590e: GrpcService started, listening on 15317
2024-04-23 19:59:39,539 [37bb455d-24a6-4251-8f16-d648f82e590e-EndpointStateMachineTaskThread-/0.0.0.0:15269-0 ] INFO  server.GrpcService (GrpcService.java:startImpl(302)) - 37bb455d-24a6-4251-8f16-d648f82e590e: GrpcService started, listening on 15316
2024-04-23 19:59:39,539 [37bb455d-24a6-4251-8f16-d648f82e590e-EndpointStateMachineTaskThread-/0.0.0.0:15269-0 ] INFO  ratis.XceiverServerRatis (XceiverServerRatis.java:getRealPort(592)) - XceiverServerRatis 37bb455d-24a6-4251-8f16-d648f82e590e is started using port 15315 for RATIS
2024-04-23 19:59:39,539 [37bb455d-24a6-4251-8f16-d648f82e590e-EndpointStateMachineTaskThread-/0.0.0.0:15269-0 ] INFO  ratis.XceiverServerRatis (XceiverServerRatis.java:getRealPort(592)) - XceiverServerRatis 37bb455d-24a6-4251-8f16-d648f82e590e is started using port 15316 for RATIS_ADMIN
2024-04-23 19:59:39,539 [JvmPauseMonitor39] INFO  util.JvmPauseMonitor (JvmPauseMonitor.java:run(146)) - JvmPauseMonitor-37bb455d-24a6-4251-8f16-d648f82e590e: Started
2024-04-23 19:59:39,539 [37bb455d-24a6-4251-8f16-d648f82e590e-EndpointStateMachineTaskThread-/0.0.0.0:15269-0 ] INFO  ratis.XceiverServerRatis (XceiverServerRatis.java:getRealPort(592)) - XceiverServerRatis 37bb455d-24a6-4251-8f16-d648f82e590e is started using port 15317 for RATIS_SERVER
2024-04-23 19:59:39,539 [37bb455d-24a6-4251-8f16-d648f82e590e-EndpointStateMachineTaskThread-/0.0.0.0:15269-0 ] INFO  ratis.XceiverServerRatis (XceiverServerRatis.java:getRealPort(592)) - XceiverServerRatis 37bb455d-24a6-4251-8f16-d648f82e590e is started using port 15318 for RATIS_DATASTREAM
2024-04-23 19:59:39,540 [37bb455d-24a6-4251-8f16-d648f82e590e-BlockDeletingService#0] INFO  interfaces.ContainerDeletionChoosingPolicyTemplate (ContainerDeletionChoosingPolicyTemplate.java:chooseContainerForBlockDeletion(85)) - Chosen 0/5000 blocks from 0 candidate containers.
2024-04-23 19:59:39,602 [5c06539f-238f-401a-8663-461110f37d8f-EndpointStateMachineTaskThread-/0.0.0.0:15269-0 ] INFO  utils.DatanodeStoreCache (DatanodeStoreCache.java:addDB(72)) - Added db /home/runner/work/ozone/ozone/hadoop-ozone/integration-test/target/test-dir/MiniOzoneClusterImpl-d857b234-8aec-441a-a9c9-a34f2a008b14/ozone-meta/datanode-6/data-0/hdds/d857b234-8aec-441a-a9c9-a34f2a008b14/DS-28ed535c-55e0-42bd-b1a6-866bbdf053fe/container.db to cache
2024-04-23 19:59:39,602 [5c06539f-238f-401a-8663-461110f37d8f-EndpointStateMachineTaskThread-/0.0.0.0:15269-0 ] INFO  volume.HddsVolume (HddsVolume.java:createDbStore(437)) - SchemaV3 db is created and loaded at /home/runner/work/ozone/ozone/hadoop-ozone/integration-test/target/test-dir/MiniOzoneClusterImpl-d857b234-8aec-441a-a9c9-a34f2a008b14/ozone-meta/datanode-6/data-0/hdds/d857b234-8aec-441a-a9c9-a34f2a008b14/DS-28ed535c-55e0-42bd-b1a6-866bbdf053fe/container.db for volume DS-28ed535c-55e0-42bd-b1a6-866bbdf053fe
2024-04-23 19:59:39,603 [5c06539f-238f-401a-8663-461110f37d8f-ContainerReader-0] INFO  ozoneimpl.ContainerReader (ContainerReader.java:readVolume(148)) - Start to verify containers on volume /home/runner/work/ozone/ozone/hadoop-ozone/integration-test/target/test-dir/MiniOzoneClusterImpl-d857b234-8aec-441a-a9c9-a34f2a008b14/ozone-meta/datanode-6/data-0/hdds
2024-04-23 19:59:39,603 [5c06539f-238f-401a-8663-461110f37d8f-ContainerReader-0] INFO  ozoneimpl.ContainerReader (ContainerReader.java:readVolume(178)) - Finish verifying containers on volume /home/runner/work/ozone/ozone/hadoop-ozone/integration-test/target/test-dir/MiniOzoneClusterImpl-d857b234-8aec-441a-a9c9-a34f2a008b14/ozone-meta/datanode-6/data-0/hdds
2024-04-23 19:59:39,604 [5c06539f-238f-401a-8663-461110f37d8f-EndpointStateMachineTaskThread-/0.0.0.0:15269-0 ] INFO  ozoneimpl.OzoneContainer (OzoneContainer.java:buildContainerSet(328)) - Build ContainerSet costs 0s
2024-04-23 19:59:39,604 [5c06539f-238f-401a-8663-461110f37d8f-EndpointStateMachineTaskThread-/0.0.0.0:15269-0 ] INFO  volume.ThrottledAsyncChecker (ThrottledAsyncChecker.java:schedule(141)) - Scheduling a check for /home/runner/work/ozone/ozone/hadoop-ozone/integration-test/target/test-dir/MiniOzoneClusterImpl-d857b234-8aec-441a-a9c9-a34f2a008b14/ozone-meta/datanode-6/data-0/hdds
2024-04-23 19:59:39,604 [5c06539f-238f-401a-8663-461110f37d8f-EndpointStateMachineTaskThread-/0.0.0.0:15269-0 ] INFO  volume.StorageVolumeChecker (StorageVolumeChecker.java:checkAllVolumes(218)) - Scheduled health check for volume /home/runner/work/ozone/ozone/hadoop-ozone/integration-test/target/test-dir/MiniOzoneClusterImpl-d857b234-8aec-441a-a9c9-a34f2a008b14/ozone-meta/datanode-6/data-0/hdds
2024-04-23 19:59:39,605 [5c06539f-238f-401a-8663-461110f37d8f-EndpointStateMachineTaskThread-/0.0.0.0:15269-0 ] INFO  volume.ThrottledAsyncChecker (ThrottledAsyncChecker.java:schedule(141)) - Scheduling a check for /home/runner/work/ozone/ozone/hadoop-ozone/integration-test/target/test-dir/MiniOzoneClusterImpl-d857b234-8aec-441a-a9c9-a34f2a008b14/ozone-meta/datanode-6/ratis
2024-04-23 19:59:39,606 [5c06539f-238f-401a-8663-461110f37d8f-EndpointStateMachineTaskThread-/0.0.0.0:15269-0 ] INFO  volume.StorageVolumeChecker (StorageVolumeChecker.java:checkAllVolumes(218)) - Scheduled health check for volume /home/runner/work/ozone/ozone/hadoop-ozone/integration-test/target/test-dir/MiniOzoneClusterImpl-d857b234-8aec-441a-a9c9-a34f2a008b14/ozone-meta/datanode-6/ratis
2024-04-23 19:59:39,606 [5c06539f-238f-401a-8663-461110f37d8f-EndpointStateMachineTaskThread-/0.0.0.0:15269-0 ] INFO  ozoneimpl.OzoneContainer (OzoneContainer.java:start(459)) - Attempting to start container services.
2024-04-23 19:59:39,606 [5c06539f-238f-401a-8663-461110f37d8f-EndpointStateMachineTaskThread-/0.0.0.0:15269-0 ] WARN  ozoneimpl.OnDemandContainerDataScanner (OnDemandContainerDataScanner.java:init(75)) - Trying to initialize on demand scanner a second time on a datanode.
2024-04-23 19:59:39,607 [ContainerMetadataScanner] INFO  ozoneimpl.AbstractBackgroundContainerScanner (AbstractBackgroundContainerScanner.java:runIteration(87)) - Completed an iteration in 0 minutes. Number of iterations (since the data-node restart) : 1, Number of containers scanned in this iteration : 0, Number of unhealthy containers found in this iteration : 0
2024-04-23 19:59:39,607 [ContainerDataScanner(/home/runner/work/ozone/ozone/hadoop-ozone/integration-test/target/test-dir/MiniOzoneClusterImpl-d857b234-8aec-441a-a9c9-a34f2a008b14/ozone-meta/datanode-6/data-0/hdds)] INFO  ozoneimpl.AbstractBackgroundContainerScanner (AbstractBackgroundContainerScanner.java:runIteration(87)) - Completed an iteration in 0 minutes. Number of iterations (since the data-node restart) : 1, Number of containers scanned in this iteration : 0, Number of unhealthy containers found in this iteration : 0
2024-04-23 19:59:39,607 [5c06539f-238f-401a-8663-461110f37d8f-EndpointStateMachineTaskThread-/0.0.0.0:15269-0 ] INFO  replication.ReplicationServer (ReplicationServer.java:start(142)) - ReplicationServer is started using port 15328
2024-04-23 19:59:39,607 [5c06539f-238f-401a-8663-461110f37d8f-EndpointStateMachineTaskThread-/0.0.0.0:15269-0 ] INFO  ratis.XceiverServerRatis (XceiverServerRatis.java:start(566)) - Starting XceiverServerRatis 5c06539f-238f-401a-8663-461110f37d8f
2024-04-23 19:59:39,607 [5c06539f-238f-401a-8663-461110f37d8f-EndpointStateMachineTaskThread-/0.0.0.0:15269-0 ] INFO  server.RaftServer (RaftServerProxy.java:startImpl(406)) - 5c06539f-238f-401a-8663-461110f37d8f: start RPC server
2024-04-23 19:59:39,608 [5c06539f-238f-401a-8663-461110f37d8f-EndpointStateMachineTaskThread-/0.0.0.0:15269-0 ] INFO  server.GrpcService (GrpcService.java:startImpl(302)) - 5c06539f-238f-401a-8663-461110f37d8f: GrpcService started, listening on 15324
2024-04-23 19:59:39,608 [5c06539f-238f-401a-8663-461110f37d8f-EndpointStateMachineTaskThread-/0.0.0.0:15269-0 ] INFO  server.GrpcService (GrpcService.java:startImpl(302)) - 5c06539f-238f-401a-8663-461110f37d8f: GrpcService started, listening on 15326
2024-04-23 19:59:39,608 [5c06539f-238f-401a-8663-461110f37d8f-EndpointStateMachineTaskThread-/0.0.0.0:15269-0 ] INFO  server.GrpcService (GrpcService.java:startImpl(302)) - 5c06539f-238f-401a-8663-461110f37d8f: GrpcService started, listening on 15325
2024-04-23 19:59:39,608 [5c06539f-238f-401a-8663-461110f37d8f-EndpointStateMachineTaskThread-/0.0.0.0:15269-0 ] INFO  ratis.XceiverServerRatis (XceiverServerRatis.java:getRealPort(592)) - XceiverServerRatis 5c06539f-238f-401a-8663-461110f37d8f is started using port 15324 for RATIS
2024-04-23 19:59:39,608 [5c06539f-238f-401a-8663-461110f37d8f-EndpointStateMachineTaskThread-/0.0.0.0:15269-0 ] INFO  ratis.XceiverServerRatis (XceiverServerRatis.java:getRealPort(592)) - XceiverServerRatis 5c06539f-238f-401a-8663-461110f37d8f is started using port 15325 for RATIS_ADMIN
2024-04-23 19:59:39,608 [5c06539f-238f-401a-8663-461110f37d8f-EndpointStateMachineTaskThread-/0.0.0.0:15269-0 ] INFO  ratis.XceiverServerRatis (XceiverServerRatis.java:getRealPort(592)) - XceiverServerRatis 5c06539f-238f-401a-8663-461110f37d8f is started using port 15326 for RATIS_SERVER
2024-04-23 19:59:39,609 [5c06539f-238f-401a-8663-461110f37d8f-EndpointStateMachineTaskThread-/0.0.0.0:15269-0 ] INFO  ratis.XceiverServerRatis (XceiverServerRatis.java:getRealPort(592)) - XceiverServerRatis 5c06539f-238f-401a-8663-461110f37d8f is started using port 15327 for RATIS_DATASTREAM
2024-04-23 19:59:39,608 [JvmPauseMonitor40] INFO  util.JvmPauseMonitor (JvmPauseMonitor.java:run(146)) - JvmPauseMonitor-5c06539f-238f-401a-8663-461110f37d8f: Started
2024-04-23 19:59:39,609 [5c06539f-238f-401a-8663-461110f37d8f-BlockDeletingService#0] INFO  interfaces.ContainerDeletionChoosingPolicyTemplate (ContainerDeletionChoosingPolicyTemplate.java:chooseContainerForBlockDeletion(85)) - Chosen 0/5000 blocks from 0 candidate containers.
2024-04-23 19:59:39,673 [7f4a6f89-87eb-42cc-a636-bf60fe9cf75e-EndpointStateMachineTaskThread-/0.0.0.0:15269-0 ] INFO  utils.DatanodeStoreCache (DatanodeStoreCache.java:addDB(72)) - Added db /home/runner/work/ozone/ozone/hadoop-ozone/integration-test/target/test-dir/MiniOzoneClusterImpl-d857b234-8aec-441a-a9c9-a34f2a008b14/ozone-meta/datanode-7/data-0/hdds/d857b234-8aec-441a-a9c9-a34f2a008b14/DS-2ac82394-b096-42f0-bd90-63e3959b98e7/container.db to cache
2024-04-23 19:59:39,673 [7f4a6f89-87eb-42cc-a636-bf60fe9cf75e-EndpointStateMachineTaskThread-/0.0.0.0:15269-0 ] INFO  volume.HddsVolume (HddsVolume.java:createDbStore(437)) - SchemaV3 db is created and loaded at /home/runner/work/ozone/ozone/hadoop-ozone/integration-test/target/test-dir/MiniOzoneClusterImpl-d857b234-8aec-441a-a9c9-a34f2a008b14/ozone-meta/datanode-7/data-0/hdds/d857b234-8aec-441a-a9c9-a34f2a008b14/DS-2ac82394-b096-42f0-bd90-63e3959b98e7/container.db for volume DS-2ac82394-b096-42f0-bd90-63e3959b98e7
2024-04-23 19:59:39,674 [7f4a6f89-87eb-42cc-a636-bf60fe9cf75e-ContainerReader-0] INFO  ozoneimpl.ContainerReader (ContainerReader.java:readVolume(148)) - Start to verify containers on volume /home/runner/work/ozone/ozone/hadoop-ozone/integration-test/target/test-dir/MiniOzoneClusterImpl-d857b234-8aec-441a-a9c9-a34f2a008b14/ozone-meta/datanode-7/data-0/hdds
2024-04-23 19:59:39,674 [7f4a6f89-87eb-42cc-a636-bf60fe9cf75e-ContainerReader-0] INFO  ozoneimpl.ContainerReader (ContainerReader.java:readVolume(178)) - Finish verifying containers on volume /home/runner/work/ozone/ozone/hadoop-ozone/integration-test/target/test-dir/MiniOzoneClusterImpl-d857b234-8aec-441a-a9c9-a34f2a008b14/ozone-meta/datanode-7/data-0/hdds
2024-04-23 19:59:39,675 [7f4a6f89-87eb-42cc-a636-bf60fe9cf75e-EndpointStateMachineTaskThread-/0.0.0.0:15269-0 ] INFO  ozoneimpl.OzoneContainer (OzoneContainer.java:buildContainerSet(328)) - Build ContainerSet costs 0s
2024-04-23 19:59:39,675 [7f4a6f89-87eb-42cc-a636-bf60fe9cf75e-EndpointStateMachineTaskThread-/0.0.0.0:15269-0 ] INFO  volume.ThrottledAsyncChecker (ThrottledAsyncChecker.java:schedule(141)) - Scheduling a check for /home/runner/work/ozone/ozone/hadoop-ozone/integration-test/target/test-dir/MiniOzoneClusterImpl-d857b234-8aec-441a-a9c9-a34f2a008b14/ozone-meta/datanode-7/data-0/hdds
2024-04-23 19:59:39,675 [7f4a6f89-87eb-42cc-a636-bf60fe9cf75e-EndpointStateMachineTaskThread-/0.0.0.0:15269-0 ] INFO  volume.StorageVolumeChecker (StorageVolumeChecker.java:checkAllVolumes(218)) - Scheduled health check for volume /home/runner/work/ozone/ozone/hadoop-ozone/integration-test/target/test-dir/MiniOzoneClusterImpl-d857b234-8aec-441a-a9c9-a34f2a008b14/ozone-meta/datanode-7/data-0/hdds
2024-04-23 19:59:39,677 [7f4a6f89-87eb-42cc-a636-bf60fe9cf75e-EndpointStateMachineTaskThread-/0.0.0.0:15269-0 ] INFO  volume.ThrottledAsyncChecker (ThrottledAsyncChecker.java:schedule(141)) - Scheduling a check for /home/runner/work/ozone/ozone/hadoop-ozone/integration-test/target/test-dir/MiniOzoneClusterImpl-d857b234-8aec-441a-a9c9-a34f2a008b14/ozone-meta/datanode-7/ratis
2024-04-23 19:59:39,677 [7f4a6f89-87eb-42cc-a636-bf60fe9cf75e-EndpointStateMachineTaskThread-/0.0.0.0:15269-0 ] INFO  volume.StorageVolumeChecker (StorageVolumeChecker.java:checkAllVolumes(218)) - Scheduled health check for volume /home/runner/work/ozone/ozone/hadoop-ozone/integration-test/target/test-dir/MiniOzoneClusterImpl-d857b234-8aec-441a-a9c9-a34f2a008b14/ozone-meta/datanode-7/ratis
2024-04-23 19:59:39,678 [7f4a6f89-87eb-42cc-a636-bf60fe9cf75e-EndpointStateMachineTaskThread-/0.0.0.0:15269-0 ] INFO  ozoneimpl.OzoneContainer (OzoneContainer.java:start(459)) - Attempting to start container services.
2024-04-23 19:59:39,678 [7f4a6f89-87eb-42cc-a636-bf60fe9cf75e-EndpointStateMachineTaskThread-/0.0.0.0:15269-0 ] WARN  ozoneimpl.OnDemandContainerDataScanner (OnDemandContainerDataScanner.java:init(75)) - Trying to initialize on demand scanner a second time on a datanode.
2024-04-23 19:59:39,679 [ContainerMetadataScanner] INFO  ozoneimpl.AbstractBackgroundContainerScanner (AbstractBackgroundContainerScanner.java:runIteration(87)) - Completed an iteration in 0 minutes. Number of iterations (since the data-node restart) : 1, Number of containers scanned in this iteration : 0, Number of unhealthy containers found in this iteration : 0
2024-04-23 19:59:39,680 [7f4a6f89-87eb-42cc-a636-bf60fe9cf75e-EndpointStateMachineTaskThread-/0.0.0.0:15269-0 ] INFO  replication.ReplicationServer (ReplicationServer.java:start(142)) - ReplicationServer is started using port 15337
2024-04-23 19:59:39,680 [7f4a6f89-87eb-42cc-a636-bf60fe9cf75e-EndpointStateMachineTaskThread-/0.0.0.0:15269-0 ] INFO  ratis.XceiverServerRatis (XceiverServerRatis.java:start(566)) - Starting XceiverServerRatis 7f4a6f89-87eb-42cc-a636-bf60fe9cf75e
2024-04-23 19:59:39,681 [ContainerDataScanner(/home/runner/work/ozone/ozone/hadoop-ozone/integration-test/target/test-dir/MiniOzoneClusterImpl-d857b234-8aec-441a-a9c9-a34f2a008b14/ozone-meta/datanode-7/data-0/hdds)] INFO  ozoneimpl.AbstractBackgroundContainerScanner (AbstractBackgroundContainerScanner.java:runIteration(87)) - Completed an iteration in 0 minutes. Number of iterations (since the data-node restart) : 1, Number of containers scanned in this iteration : 0, Number of unhealthy containers found in this iteration : 0
2024-04-23 19:59:39,707 [7f4a6f89-87eb-42cc-a636-bf60fe9cf75e-EndpointStateMachineTaskThread-/0.0.0.0:15269-0 ] INFO  server.RaftServer (RaftServerProxy.java:startImpl(406)) - 7f4a6f89-87eb-42cc-a636-bf60fe9cf75e: start RPC server
2024-04-23 19:59:39,707 [7f4a6f89-87eb-42cc-a636-bf60fe9cf75e-EndpointStateMachineTaskThread-/0.0.0.0:15269-0 ] INFO  server.GrpcService (GrpcService.java:startImpl(302)) - 7f4a6f89-87eb-42cc-a636-bf60fe9cf75e: GrpcService started, listening on 15333
2024-04-23 19:59:39,708 [7f4a6f89-87eb-42cc-a636-bf60fe9cf75e-EndpointStateMachineTaskThread-/0.0.0.0:15269-0 ] INFO  server.GrpcService (GrpcService.java:startImpl(302)) - 7f4a6f89-87eb-42cc-a636-bf60fe9cf75e: GrpcService started, listening on 15335
2024-04-23 19:59:39,708 [7f4a6f89-87eb-42cc-a636-bf60fe9cf75e-EndpointStateMachineTaskThread-/0.0.0.0:15269-0 ] INFO  server.GrpcService (GrpcService.java:startImpl(302)) - 7f4a6f89-87eb-42cc-a636-bf60fe9cf75e: GrpcService started, listening on 15334
2024-04-23 19:59:39,709 [7f4a6f89-87eb-42cc-a636-bf60fe9cf75e-EndpointStateMachineTaskThread-/0.0.0.0:15269-0 ] INFO  ratis.XceiverServerRatis (XceiverServerRatis.java:getRealPort(592)) - XceiverServerRatis 7f4a6f89-87eb-42cc-a636-bf60fe9cf75e is started using port 15333 for RATIS
2024-04-23 19:59:39,709 [JvmPauseMonitor41] INFO  util.JvmPauseMonitor (JvmPauseMonitor.java:run(146)) - JvmPauseMonitor-7f4a6f89-87eb-42cc-a636-bf60fe9cf75e: Started
2024-04-23 19:59:39,709 [7f4a6f89-87eb-42cc-a636-bf60fe9cf75e-EndpointStateMachineTaskThread-/0.0.0.0:15269-0 ] INFO  ratis.XceiverServerRatis (XceiverServerRatis.java:getRealPort(592)) - XceiverServerRatis 7f4a6f89-87eb-42cc-a636-bf60fe9cf75e is started using port 15334 for RATIS_ADMIN
2024-04-23 19:59:39,710 [7f4a6f89-87eb-42cc-a636-bf60fe9cf75e-EndpointStateMachineTaskThread-/0.0.0.0:15269-0 ] INFO  ratis.XceiverServerRatis (XceiverServerRatis.java:getRealPort(592)) - XceiverServerRatis 7f4a6f89-87eb-42cc-a636-bf60fe9cf75e is started using port 15335 for RATIS_SERVER
2024-04-23 19:59:39,710 [7f4a6f89-87eb-42cc-a636-bf60fe9cf75e-EndpointStateMachineTaskThread-/0.0.0.0:15269-0 ] INFO  ratis.XceiverServerRatis (XceiverServerRatis.java:getRealPort(592)) - XceiverServerRatis 7f4a6f89-87eb-42cc-a636-bf60fe9cf75e is started using port 15336 for RATIS_DATASTREAM
2024-04-23 19:59:39,711 [7f4a6f89-87eb-42cc-a636-bf60fe9cf75e-BlockDeletingService#0] INFO  interfaces.ContainerDeletionChoosingPolicyTemplate (ContainerDeletionChoosingPolicyTemplate.java:chooseContainerForBlockDeletion(85)) - Chosen 0/5000 blocks from 0 candidate containers.
2024-04-23 19:59:39,742 [ece5501e-2183-421f-b873-7b565e9a7338-EndpointStateMachineTaskThread-/0.0.0.0:15269-0 ] INFO  utils.DatanodeStoreCache (DatanodeStoreCache.java:addDB(72)) - Added db /home/runner/work/ozone/ozone/hadoop-ozone/integration-test/target/test-dir/MiniOzoneClusterImpl-d857b234-8aec-441a-a9c9-a34f2a008b14/ozone-meta/datanode-8/data-0/hdds/d857b234-8aec-441a-a9c9-a34f2a008b14/DS-e52e3dd4-930c-4c95-9fd3-e5f6ebbe17c1/container.db to cache
2024-04-23 19:59:39,742 [ece5501e-2183-421f-b873-7b565e9a7338-EndpointStateMachineTaskThread-/0.0.0.0:15269-0 ] INFO  volume.HddsVolume (HddsVolume.java:createDbStore(437)) - SchemaV3 db is created and loaded at /home/runner/work/ozone/ozone/hadoop-ozone/integration-test/target/test-dir/MiniOzoneClusterImpl-d857b234-8aec-441a-a9c9-a34f2a008b14/ozone-meta/datanode-8/data-0/hdds/d857b234-8aec-441a-a9c9-a34f2a008b14/DS-e52e3dd4-930c-4c95-9fd3-e5f6ebbe17c1/container.db for volume DS-e52e3dd4-930c-4c95-9fd3-e5f6ebbe17c1
2024-04-23 19:59:39,743 [ece5501e-2183-421f-b873-7b565e9a7338-ContainerReader-0] INFO  ozoneimpl.ContainerReader (ContainerReader.java:readVolume(148)) - Start to verify containers on volume /home/runner/work/ozone/ozone/hadoop-ozone/integration-test/target/test-dir/MiniOzoneClusterImpl-d857b234-8aec-441a-a9c9-a34f2a008b14/ozone-meta/datanode-8/data-0/hdds
2024-04-23 19:59:39,743 [ece5501e-2183-421f-b873-7b565e9a7338-ContainerReader-0] INFO  ozoneimpl.ContainerReader (ContainerReader.java:readVolume(178)) - Finish verifying containers on volume /home/runner/work/ozone/ozone/hadoop-ozone/integration-test/target/test-dir/MiniOzoneClusterImpl-d857b234-8aec-441a-a9c9-a34f2a008b14/ozone-meta/datanode-8/data-0/hdds
2024-04-23 19:59:39,744 [ece5501e-2183-421f-b873-7b565e9a7338-EndpointStateMachineTaskThread-/0.0.0.0:15269-0 ] INFO  ozoneimpl.OzoneContainer (OzoneContainer.java:buildContainerSet(328)) - Build ContainerSet costs 0s
2024-04-23 19:59:39,744 [ece5501e-2183-421f-b873-7b565e9a7338-EndpointStateMachineTaskThread-/0.0.0.0:15269-0 ] INFO  volume.ThrottledAsyncChecker (ThrottledAsyncChecker.java:schedule(141)) - Scheduling a check for /home/runner/work/ozone/ozone/hadoop-ozone/integration-test/target/test-dir/MiniOzoneClusterImpl-d857b234-8aec-441a-a9c9-a34f2a008b14/ozone-meta/datanode-8/data-0/hdds
2024-04-23 19:59:39,744 [ece5501e-2183-421f-b873-7b565e9a7338-EndpointStateMachineTaskThread-/0.0.0.0:15269-0 ] INFO  volume.StorageVolumeChecker (StorageVolumeChecker.java:checkAllVolumes(218)) - Scheduled health check for volume /home/runner/work/ozone/ozone/hadoop-ozone/integration-test/target/test-dir/MiniOzoneClusterImpl-d857b234-8aec-441a-a9c9-a34f2a008b14/ozone-meta/datanode-8/data-0/hdds
2024-04-23 19:59:39,746 [ece5501e-2183-421f-b873-7b565e9a7338-EndpointStateMachineTaskThread-/0.0.0.0:15269-0 ] INFO  volume.ThrottledAsyncChecker (ThrottledAsyncChecker.java:schedule(141)) - Scheduling a check for /home/runner/work/ozone/ozone/hadoop-ozone/integration-test/target/test-dir/MiniOzoneClusterImpl-d857b234-8aec-441a-a9c9-a34f2a008b14/ozone-meta/datanode-8/ratis
2024-04-23 19:59:39,746 [ece5501e-2183-421f-b873-7b565e9a7338-EndpointStateMachineTaskThread-/0.0.0.0:15269-0 ] INFO  volume.StorageVolumeChecker (StorageVolumeChecker.java:checkAllVolumes(218)) - Scheduled health check for volume /home/runner/work/ozone/ozone/hadoop-ozone/integration-test/target/test-dir/MiniOzoneClusterImpl-d857b234-8aec-441a-a9c9-a34f2a008b14/ozone-meta/datanode-8/ratis
2024-04-23 19:59:39,747 [ece5501e-2183-421f-b873-7b565e9a7338-EndpointStateMachineTaskThread-/0.0.0.0:15269-0 ] INFO  ozoneimpl.OzoneContainer (OzoneContainer.java:start(459)) - Attempting to start container services.
2024-04-23 19:59:39,747 [ece5501e-2183-421f-b873-7b565e9a7338-EndpointStateMachineTaskThread-/0.0.0.0:15269-0 ] WARN  ozoneimpl.OnDemandContainerDataScanner (OnDemandContainerDataScanner.java:init(75)) - Trying to initialize on demand scanner a second time on a datanode.
2024-04-23 19:59:39,747 [ContainerMetadataScanner] INFO  ozoneimpl.AbstractBackgroundContainerScanner (AbstractBackgroundContainerScanner.java:runIteration(87)) - Completed an iteration in 0 minutes. Number of iterations (since the data-node restart) : 1, Number of containers scanned in this iteration : 0, Number of unhealthy containers found in this iteration : 0
2024-04-23 19:59:39,748 [ece5501e-2183-421f-b873-7b565e9a7338-EndpointStateMachineTaskThread-/0.0.0.0:15269-0 ] INFO  replication.ReplicationServer (ReplicationServer.java:start(142)) - ReplicationServer is started using port 15346
2024-04-23 19:59:39,748 [ece5501e-2183-421f-b873-7b565e9a7338-EndpointStateMachineTaskThread-/0.0.0.0:15269-0 ] INFO  ratis.XceiverServerRatis (XceiverServerRatis.java:start(566)) - Starting XceiverServerRatis ece5501e-2183-421f-b873-7b565e9a7338
2024-04-23 19:59:39,748 [ContainerDataScanner(/home/runner/work/ozone/ozone/hadoop-ozone/integration-test/target/test-dir/MiniOzoneClusterImpl-d857b234-8aec-441a-a9c9-a34f2a008b14/ozone-meta/datanode-8/data-0/hdds)] INFO  ozoneimpl.AbstractBackgroundContainerScanner (AbstractBackgroundContainerScanner.java:runIteration(87)) - Completed an iteration in 0 minutes. Number of iterations (since the data-node restart) : 1, Number of containers scanned in this iteration : 0, Number of unhealthy containers found in this iteration : 0
2024-04-23 19:59:39,749 [ece5501e-2183-421f-b873-7b565e9a7338-EndpointStateMachineTaskThread-/0.0.0.0:15269-0 ] INFO  server.RaftServer (RaftServerProxy.java:startImpl(406)) - ece5501e-2183-421f-b873-7b565e9a7338: start RPC server
2024-04-23 19:59:39,749 [ece5501e-2183-421f-b873-7b565e9a7338-EndpointStateMachineTaskThread-/0.0.0.0:15269-0 ] INFO  server.GrpcService (GrpcService.java:startImpl(302)) - ece5501e-2183-421f-b873-7b565e9a7338: GrpcService started, listening on 15342
2024-04-23 19:59:39,750 [ece5501e-2183-421f-b873-7b565e9a7338-EndpointStateMachineTaskThread-/0.0.0.0:15269-0 ] INFO  server.GrpcService (GrpcService.java:startImpl(302)) - ece5501e-2183-421f-b873-7b565e9a7338: GrpcService started, listening on 15344
2024-04-23 19:59:39,750 [ece5501e-2183-421f-b873-7b565e9a7338-EndpointStateMachineTaskThread-/0.0.0.0:15269-0 ] INFO  server.GrpcService (GrpcService.java:startImpl(302)) - ece5501e-2183-421f-b873-7b565e9a7338: GrpcService started, listening on 15343
2024-04-23 19:59:39,750 [ece5501e-2183-421f-b873-7b565e9a7338-EndpointStateMachineTaskThread-/0.0.0.0:15269-0 ] INFO  ratis.XceiverServerRatis (XceiverServerRatis.java:getRealPort(592)) - XceiverServerRatis ece5501e-2183-421f-b873-7b565e9a7338 is started using port 15342 for RATIS
2024-04-23 19:59:39,750 [ece5501e-2183-421f-b873-7b565e9a7338-EndpointStateMachineTaskThread-/0.0.0.0:15269-0 ] INFO  ratis.XceiverServerRatis (XceiverServerRatis.java:getRealPort(592)) - XceiverServerRatis ece5501e-2183-421f-b873-7b565e9a7338 is started using port 15343 for RATIS_ADMIN
2024-04-23 19:59:39,750 [ece5501e-2183-421f-b873-7b565e9a7338-EndpointStateMachineTaskThread-/0.0.0.0:15269-0 ] INFO  ratis.XceiverServerRatis (XceiverServerRatis.java:getRealPort(592)) - XceiverServerRatis ece5501e-2183-421f-b873-7b565e9a7338 is started using port 15344 for RATIS_SERVER
2024-04-23 19:59:39,751 [ece5501e-2183-421f-b873-7b565e9a7338-EndpointStateMachineTaskThread-/0.0.0.0:15269-0 ] INFO  ratis.XceiverServerRatis (XceiverServerRatis.java:getRealPort(592)) - XceiverServerRatis ece5501e-2183-421f-b873-7b565e9a7338 is started using port 15345 for RATIS_DATASTREAM
2024-04-23 19:59:39,750 [JvmPauseMonitor42] INFO  util.JvmPauseMonitor (JvmPauseMonitor.java:run(146)) - JvmPauseMonitor-ece5501e-2183-421f-b873-7b565e9a7338: Started
2024-04-23 19:59:39,751 [ece5501e-2183-421f-b873-7b565e9a7338-BlockDeletingService#0] INFO  interfaces.ContainerDeletionChoosingPolicyTemplate (ContainerDeletionChoosingPolicyTemplate.java:chooseContainerForBlockDeletion(85)) - Chosen 0/5000 blocks from 0 candidate containers.
2024-04-23 19:59:39,799 [main] INFO  ozone.MiniOzoneClusterImpl (MiniOzoneClusterImpl.java:lambda$waitForClusterToBeReady$0(194)) - Waiting for nodes to be ready. Got 0 of 9 DN Heartbeats.
2024-04-23 19:59:39,799 [main] INFO  ozone.MiniOzoneClusterImpl (MiniOzoneClusterImpl.java:lambda$waitForClusterToBeReady$0(197)) - Waiting for cluster to exit safe mode
2024-04-23 19:59:39,799 [main] INFO  ozone.MiniOzoneClusterImpl (MiniOzoneClusterImpl.java:lambda$waitForClusterToBeReady$0(199)) - SCM became leader
2024-04-23 19:59:39,822 [05887e99-236b-4e3f-9ff6-c32e887d273e-EndpointStateMachineTaskThread-/0.0.0.0:15269-0 ] INFO  utils.DatanodeStoreCache (DatanodeStoreCache.java:addDB(72)) - Added db /home/runner/work/ozone/ozone/hadoop-ozone/integration-test/target/test-dir/MiniOzoneClusterImpl-d857b234-8aec-441a-a9c9-a34f2a008b14/ozone-meta/datanode-9/data-0/hdds/d857b234-8aec-441a-a9c9-a34f2a008b14/DS-7954685c-6b6f-4c4b-804f-25d6bddb1b7c/container.db to cache
2024-04-23 19:59:39,822 [05887e99-236b-4e3f-9ff6-c32e887d273e-EndpointStateMachineTaskThread-/0.0.0.0:15269-0 ] INFO  volume.HddsVolume (HddsVolume.java:createDbStore(437)) - SchemaV3 db is created and loaded at /home/runner/work/ozone/ozone/hadoop-ozone/integration-test/target/test-dir/MiniOzoneClusterImpl-d857b234-8aec-441a-a9c9-a34f2a008b14/ozone-meta/datanode-9/data-0/hdds/d857b234-8aec-441a-a9c9-a34f2a008b14/DS-7954685c-6b6f-4c4b-804f-25d6bddb1b7c/container.db for volume DS-7954685c-6b6f-4c4b-804f-25d6bddb1b7c
2024-04-23 19:59:39,824 [05887e99-236b-4e3f-9ff6-c32e887d273e-ContainerReader-0] INFO  ozoneimpl.ContainerReader (ContainerReader.java:readVolume(148)) - Start to verify containers on volume /home/runner/work/ozone/ozone/hadoop-ozone/integration-test/target/test-dir/MiniOzoneClusterImpl-d857b234-8aec-441a-a9c9-a34f2a008b14/ozone-meta/datanode-9/data-0/hdds
2024-04-23 19:59:39,824 [05887e99-236b-4e3f-9ff6-c32e887d273e-ContainerReader-0] INFO  ozoneimpl.ContainerReader (ContainerReader.java:readVolume(178)) - Finish verifying containers on volume /home/runner/work/ozone/ozone/hadoop-ozone/integration-test/target/test-dir/MiniOzoneClusterImpl-d857b234-8aec-441a-a9c9-a34f2a008b14/ozone-meta/datanode-9/data-0/hdds
2024-04-23 19:59:39,824 [05887e99-236b-4e3f-9ff6-c32e887d273e-EndpointStateMachineTaskThread-/0.0.0.0:15269-0 ] INFO  ozoneimpl.OzoneContainer (OzoneContainer.java:buildContainerSet(328)) - Build ContainerSet costs 0s
2024-04-23 19:59:39,824 [05887e99-236b-4e3f-9ff6-c32e887d273e-EndpointStateMachineTaskThread-/0.0.0.0:15269-0 ] INFO  volume.ThrottledAsyncChecker (ThrottledAsyncChecker.java:schedule(141)) - Scheduling a check for /home/runner/work/ozone/ozone/hadoop-ozone/integration-test/target/test-dir/MiniOzoneClusterImpl-d857b234-8aec-441a-a9c9-a34f2a008b14/ozone-meta/datanode-9/data-0/hdds
2024-04-23 19:59:39,825 [05887e99-236b-4e3f-9ff6-c32e887d273e-EndpointStateMachineTaskThread-/0.0.0.0:15269-0 ] INFO  volume.StorageVolumeChecker (StorageVolumeChecker.java:checkAllVolumes(218)) - Scheduled health check for volume /home/runner/work/ozone/ozone/hadoop-ozone/integration-test/target/test-dir/MiniOzoneClusterImpl-d857b234-8aec-441a-a9c9-a34f2a008b14/ozone-meta/datanode-9/data-0/hdds
2024-04-23 19:59:39,826 [05887e99-236b-4e3f-9ff6-c32e887d273e-EndpointStateMachineTaskThread-/0.0.0.0:15269-0 ] INFO  volume.ThrottledAsyncChecker (ThrottledAsyncChecker.java:schedule(141)) - Scheduling a check for /home/runner/work/ozone/ozone/hadoop-ozone/integration-test/target/test-dir/MiniOzoneClusterImpl-d857b234-8aec-441a-a9c9-a34f2a008b14/ozone-meta/datanode-9/ratis
2024-04-23 19:59:39,827 [05887e99-236b-4e3f-9ff6-c32e887d273e-EndpointStateMachineTaskThread-/0.0.0.0:15269-0 ] INFO  volume.StorageVolumeChecker (StorageVolumeChecker.java:checkAllVolumes(218)) - Scheduled health check for volume /home/runner/work/ozone/ozone/hadoop-ozone/integration-test/target/test-dir/MiniOzoneClusterImpl-d857b234-8aec-441a-a9c9-a34f2a008b14/ozone-meta/datanode-9/ratis
2024-04-23 19:59:39,827 [05887e99-236b-4e3f-9ff6-c32e887d273e-EndpointStateMachineTaskThread-/0.0.0.0:15269-0 ] INFO  ozoneimpl.OzoneContainer (OzoneContainer.java:start(459)) - Attempting to start container services.
2024-04-23 19:59:39,827 [05887e99-236b-4e3f-9ff6-c32e887d273e-EndpointStateMachineTaskThread-/0.0.0.0:15269-0 ] WARN  ozoneimpl.OnDemandContainerDataScanner (OnDemandContainerDataScanner.java:init(75)) - Trying to initialize on demand scanner a second time on a datanode.
2024-04-23 19:59:39,828 [ContainerMetadataScanner] INFO  ozoneimpl.AbstractBackgroundContainerScanner (AbstractBackgroundContainerScanner.java:runIteration(87)) - Completed an iteration in 0 minutes. Number of iterations (since the data-node restart) : 1, Number of containers scanned in this iteration : 0, Number of unhealthy containers found in this iteration : 0
2024-04-23 19:59:39,828 [ContainerDataScanner(/home/runner/work/ozone/ozone/hadoop-ozone/integration-test/target/test-dir/MiniOzoneClusterImpl-d857b234-8aec-441a-a9c9-a34f2a008b14/ozone-meta/datanode-9/data-0/hdds)] INFO  ozoneimpl.AbstractBackgroundContainerScanner (AbstractBackgroundContainerScanner.java:runIteration(87)) - Completed an iteration in 0 minutes. Number of iterations (since the data-node restart) : 1, Number of containers scanned in this iteration : 0, Number of unhealthy containers found in this iteration : 0
2024-04-23 19:59:39,828 [05887e99-236b-4e3f-9ff6-c32e887d273e-EndpointStateMachineTaskThread-/0.0.0.0:15269-0 ] INFO  replication.ReplicationServer (ReplicationServer.java:start(142)) - ReplicationServer is started using port 15355
2024-04-23 19:59:39,828 [05887e99-236b-4e3f-9ff6-c32e887d273e-EndpointStateMachineTaskThread-/0.0.0.0:15269-0 ] INFO  ratis.XceiverServerRatis (XceiverServerRatis.java:start(566)) - Starting XceiverServerRatis 05887e99-236b-4e3f-9ff6-c32e887d273e
2024-04-23 19:59:39,829 [05887e99-236b-4e3f-9ff6-c32e887d273e-EndpointStateMachineTaskThread-/0.0.0.0:15269-0 ] INFO  server.RaftServer (RaftServerProxy.java:startImpl(406)) - 05887e99-236b-4e3f-9ff6-c32e887d273e: start RPC server
2024-04-23 19:59:39,829 [05887e99-236b-4e3f-9ff6-c32e887d273e-EndpointStateMachineTaskThread-/0.0.0.0:15269-0 ] INFO  server.GrpcService (GrpcService.java:startImpl(302)) - 05887e99-236b-4e3f-9ff6-c32e887d273e: GrpcService started, listening on 15351
2024-04-23 19:59:39,829 [05887e99-236b-4e3f-9ff6-c32e887d273e-EndpointStateMachineTaskThread-/0.0.0.0:15269-0 ] INFO  server.GrpcService (GrpcService.java:startImpl(302)) - 05887e99-236b-4e3f-9ff6-c32e887d273e: GrpcService started, listening on 15353
2024-04-23 19:59:39,830 [05887e99-236b-4e3f-9ff6-c32e887d273e-EndpointStateMachineTaskThread-/0.0.0.0:15269-0 ] INFO  server.GrpcService (GrpcService.java:startImpl(302)) - 05887e99-236b-4e3f-9ff6-c32e887d273e: GrpcService started, listening on 15352
2024-04-23 19:59:39,830 [05887e99-236b-4e3f-9ff6-c32e887d273e-EndpointStateMachineTaskThread-/0.0.0.0:15269-0 ] INFO  ratis.XceiverServerRatis (XceiverServerRatis.java:getRealPort(592)) - XceiverServerRatis 05887e99-236b-4e3f-9ff6-c32e887d273e is started using port 15351 for RATIS
2024-04-23 19:59:39,830 [JvmPauseMonitor43] INFO  util.JvmPauseMonitor (JvmPauseMonitor.java:run(146)) - JvmPauseMonitor-05887e99-236b-4e3f-9ff6-c32e887d273e: Started
2024-04-23 19:59:39,830 [05887e99-236b-4e3f-9ff6-c32e887d273e-EndpointStateMachineTaskThread-/0.0.0.0:15269-0 ] INFO  ratis.XceiverServerRatis (XceiverServerRatis.java:getRealPort(592)) - XceiverServerRatis 05887e99-236b-4e3f-9ff6-c32e887d273e is started using port 15352 for RATIS_ADMIN
2024-04-23 19:59:39,830 [05887e99-236b-4e3f-9ff6-c32e887d273e-EndpointStateMachineTaskThread-/0.0.0.0:15269-0 ] INFO  ratis.XceiverServerRatis (XceiverServerRatis.java:getRealPort(592)) - XceiverServerRatis 05887e99-236b-4e3f-9ff6-c32e887d273e is started using port 15353 for RATIS_SERVER
2024-04-23 19:59:39,830 [05887e99-236b-4e3f-9ff6-c32e887d273e-EndpointStateMachineTaskThread-/0.0.0.0:15269-0 ] INFO  ratis.XceiverServerRatis (XceiverServerRatis.java:getRealPort(592)) - XceiverServerRatis 05887e99-236b-4e3f-9ff6-c32e887d273e is started using port 15354 for RATIS_DATASTREAM
2024-04-23 19:59:39,831 [05887e99-236b-4e3f-9ff6-c32e887d273e-BlockDeletingService#0] INFO  interfaces.ContainerDeletionChoosingPolicyTemplate (ContainerDeletionChoosingPolicyTemplate.java:chooseContainerForBlockDeletion(85)) - Chosen 0/5000 blocks from 0 candidate containers.
2024-04-23 19:59:40,800 [main] INFO  ozone.MiniOzoneClusterImpl (MiniOzoneClusterImpl.java:lambda$waitForClusterToBeReady$0(194)) - Waiting for nodes to be ready. Got 0 of 9 DN Heartbeats.
2024-04-23 19:59:40,800 [main] INFO  ozone.MiniOzoneClusterImpl (MiniOzoneClusterImpl.java:lambda$waitForClusterToBeReady$0(197)) - Waiting for cluster to exit safe mode
2024-04-23 19:59:40,800 [main] INFO  ozone.MiniOzoneClusterImpl (MiniOzoneClusterImpl.java:lambda$waitForClusterToBeReady$0(199)) - SCM became leader
2024-04-23 19:59:41,267 [IPC Server handler 0 on default port 15269] INFO  net.NetworkTopologyImpl (NetworkTopologyImpl.java:add(134)) - Added a new node: /default-rack/7b3b87b1-ef59-40de-ba05-c120003f3778
2024-04-23 19:59:41,268 [IPC Server handler 0 on default port 15269] INFO  node.SCMNodeManager (SCMNodeManager.java:register(421)) - Registered datanode: 7b3b87b1-ef59-40de-ba05-c120003f3778{ip: 10.1.0.27, host: fv-az1496-552.f1h4rheolecetjhvv40pmv1bec.bx.internal.cloudapp.net, ports: [HTTP=15276, CLIENT_RPC=15277, REPLICATION=15283, RATIS=15279, RATIS_ADMIN=15280, RATIS_SERVER=15281, RATIS_DATASTREAM=15282, STANDALONE=15278], networkLocation: /default-rack, certSerialId: null, persistedOpState: null, persistedOpStateExpiryEpochSec: 0}
2024-04-23 19:59:41,271 [EventQueue-NewNodeForNewNodeHandler] INFO  pipeline.BackgroundPipelineCreator (BackgroundPipelineCreator.java:notifyEventTriggered(280)) - trigger a one-shot run on RatisPipelineUtilsThread.
2024-04-23 19:59:41,271 [EventQueue-NodeRegistrationContainerReportForContainerSafeModeRule] INFO  safemode.SCMSafeModeManager (SCMSafeModeManager.java:validateSafeModeExitRules(200)) - ContainerSafeModeRule rule is successfully validated
2024-04-23 19:59:41,271 [RatisPipelineUtilsThread-0] INFO  pipeline.RatisPipelineProvider (RatisPipelineProvider.java:lambda$create$0(205)) - Sending CreatePipelineCommand for pipeline:PipelineID=526b1908-f345-48b7-a76f-be8f63d31152 to datanode:7b3b87b1-ef59-40de-ba05-c120003f3778
2024-04-23 19:59:41,272 [EventQueue-NodeRegistrationContainerReportForDataNodeSafeModeRule] INFO  safemode.SCMSafeModeManager (DataNodeSafeModeRule.java:process(71)) - SCM in safe mode. 1 DataNodes registered, 3 required.
2024-04-23 19:59:41,272 [EventQueue-PipelineReportForOneReplicaPipelineSafeModeRule] INFO  safemode.SCMSafeModeManager (SCMSafeModeManager.java:validateSafeModeExitRules(200)) - AtleastOneDatanodeReportedRule rule is successfully validated
2024-04-23 19:59:41,273 [RatisPipelineUtilsThread-0] INFO  pipeline.BackgroundPipelineCreator (BackgroundPipelineCreator.java:createPipelines(236)) - Created new pipeline Pipeline[ Id: 526b1908-f345-48b7-a76f-be8f63d31152, Nodes: 7b3b87b1-ef59-40de-ba05-c120003f3778(fv-az1496-552.f1h4rheolecetjhvv40pmv1bec.bx.internal.cloudapp.net/10.1.0.27), ReplicationConfig: RATIS/ONE, State:ALLOCATED, leaderId:, CreationTimestamp2024-04-23T19:59:41.271Z[Etc/UTC]]
2024-04-23 19:59:41,329 [IPC Server handler 5 on default port 15269] INFO  net.NetworkTopologyImpl (NetworkTopologyImpl.java:add(134)) - Added a new node: /default-rack/77d21a36-b63d-4df7-892f-b483d98564d7
2024-04-23 19:59:41,329 [IPC Server handler 5 on default port 15269] INFO  node.SCMNodeManager (SCMNodeManager.java:register(421)) - Registered datanode: 77d21a36-b63d-4df7-892f-b483d98564d7{ip: 10.1.0.27, host: fv-az1496-552.f1h4rheolecetjhvv40pmv1bec.bx.internal.cloudapp.net, ports: [HTTP=15285, CLIENT_RPC=15286, REPLICATION=15292, RATIS=15288, RATIS_ADMIN=15289, RATIS_SERVER=15290, RATIS_DATASTREAM=15291, STANDALONE=15287], networkLocation: /default-rack, certSerialId: null, persistedOpState: null, persistedOpStateExpiryEpochSec: 0}
2024-04-23 19:59:41,330 [EventQueue-NewNodeForNewNodeHandler] INFO  pipeline.BackgroundPipelineCreator (BackgroundPipelineCreator.java:notifyEventTriggered(280)) - trigger a one-shot run on RatisPipelineUtilsThread.
2024-04-23 19:59:41,330 [EventQueue-NodeRegistrationContainerReportForDataNodeSafeModeRule] INFO  safemode.SCMSafeModeManager (DataNodeSafeModeRule.java:process(71)) - SCM in safe mode. 2 DataNodes registered, 3 required.
2024-04-23 19:59:41,330 [RatisPipelineUtilsThread-0] INFO  pipeline.RatisPipelineProvider (RatisPipelineProvider.java:lambda$create$0(205)) - Sending CreatePipelineCommand for pipeline:PipelineID=3592405c-2859-439b-9372-3b23cb8e5ec0 to datanode:77d21a36-b63d-4df7-892f-b483d98564d7
2024-04-23 19:59:41,330 [RatisPipelineUtilsThread-0] INFO  pipeline.BackgroundPipelineCreator (BackgroundPipelineCreator.java:createPipelines(236)) - Created new pipeline Pipeline[ Id: 3592405c-2859-439b-9372-3b23cb8e5ec0, Nodes: 77d21a36-b63d-4df7-892f-b483d98564d7(fv-az1496-552.f1h4rheolecetjhvv40pmv1bec.bx.internal.cloudapp.net/10.1.0.27), ReplicationConfig: RATIS/ONE, State:ALLOCATED, leaderId:, CreationTimestamp2024-04-23T19:59:41.330Z[Etc/UTC]]
2024-04-23 19:59:41,399 [IPC Server handler 6 on default port 15269] INFO  net.NetworkTopologyImpl (NetworkTopologyImpl.java:add(134)) - Added a new node: /default-rack/f13f88a1-11f3-4f35-9751-23eec4d236b9
2024-04-23 19:59:41,399 [IPC Server handler 6 on default port 15269] INFO  node.SCMNodeManager (SCMNodeManager.java:register(421)) - Registered datanode: f13f88a1-11f3-4f35-9751-23eec4d236b9{ip: 10.1.0.27, host: fv-az1496-552.f1h4rheolecetjhvv40pmv1bec.bx.internal.cloudapp.net, ports: [HTTP=15294, CLIENT_RPC=15295, REPLICATION=15301, RATIS=15297, RATIS_ADMIN=15298, RATIS_SERVER=15299, RATIS_DATASTREAM=15300, STANDALONE=15296], networkLocation: /default-rack, certSerialId: null, persistedOpState: null, persistedOpStateExpiryEpochSec: 0}
2024-04-23 19:59:41,399 [EventQueue-NewNodeForNewNodeHandler] INFO  pipeline.BackgroundPipelineCreator (BackgroundPipelineCreator.java:notifyEventTriggered(280)) - trigger a one-shot run on RatisPipelineUtilsThread.
2024-04-23 19:59:41,399 [EventQueue-NodeRegistrationContainerReportForDataNodeSafeModeRule] INFO  safemode.SCMSafeModeManager (DataNodeSafeModeRule.java:process(71)) - SCM in safe mode. 3 DataNodes registered, 3 required.
2024-04-23 19:59:41,399 [EventQueue-NodeRegistrationContainerReportForDataNodeSafeModeRule] INFO  safemode.SCMSafeModeManager (SCMSafeModeManager.java:validateSafeModeExitRules(200)) - DataNodeSafeModeRule rule is successfully validated
2024-04-23 19:59:41,399 [EventQueue-NodeRegistrationContainerReportForDataNodeSafeModeRule] INFO  safemode.SCMSafeModeManager (SCMSafeModeManager.java:completePreCheck(229)) - All SCM safe mode pre check rules have passed
2024-04-23 19:59:41,399 [EventQueue-NodeRegistrationContainerReportForDataNodeSafeModeRule] INFO  ha.SCMContext (SCMContext.java:updateSafeModeStatus(225)) - Update SafeModeStatus from SafeModeStatus{safeModeStatus=true, preCheckPassed=false} to SafeModeStatus{safeModeStatus=true, preCheckPassed=true}.
2024-04-23 19:59:41,399 [EventQueue-NodeRegistrationContainerReportForDataNodeSafeModeRule] INFO  pipeline.BackgroundPipelineCreator (BackgroundPipelineCreator.java:notifyEventTriggered(280)) - trigger a one-shot run on RatisPipelineUtilsThread.
2024-04-23 19:59:41,400 [RatisPipelineUtilsThread-0] INFO  pipeline.RatisPipelineProvider (RatisPipelineProvider.java:lambda$create$0(205)) - Sending CreatePipelineCommand for pipeline:PipelineID=e8df7b2a-36dc-4229-8d8d-83b9b6334c76 to datanode:f13f88a1-11f3-4f35-9751-23eec4d236b9
2024-04-23 19:59:41,400 [RatisPipelineUtilsThread-0] INFO  pipeline.BackgroundPipelineCreator (BackgroundPipelineCreator.java:createPipelines(236)) - Created new pipeline Pipeline[ Id: e8df7b2a-36dc-4229-8d8d-83b9b6334c76, Nodes: f13f88a1-11f3-4f35-9751-23eec4d236b9(fv-az1496-552.f1h4rheolecetjhvv40pmv1bec.bx.internal.cloudapp.net/10.1.0.27), ReplicationConfig: RATIS/ONE, State:ALLOCATED, leaderId:, CreationTimestamp2024-04-23T19:59:41.400Z[Etc/UTC]]
2024-04-23 19:59:41,400 [RatisPipelineUtilsThread-0] INFO  pipeline.RatisPipelineProvider (RatisPipelineProvider.java:lambda$create$0(205)) - Sending CreatePipelineCommand for pipeline:PipelineID=716ab13f-d029-497d-8788-916038891b0b to datanode:7b3b87b1-ef59-40de-ba05-c120003f3778
2024-04-23 19:59:41,401 [RatisPipelineUtilsThread-0] INFO  pipeline.RatisPipelineProvider (RatisPipelineProvider.java:lambda$create$0(205)) - Sending CreatePipelineCommand for pipeline:PipelineID=716ab13f-d029-497d-8788-916038891b0b to datanode:77d21a36-b63d-4df7-892f-b483d98564d7
2024-04-23 19:59:41,401 [RatisPipelineUtilsThread-0] INFO  pipeline.RatisPipelineProvider (RatisPipelineProvider.java:lambda$create$0(205)) - Sending CreatePipelineCommand for pipeline:PipelineID=716ab13f-d029-497d-8788-916038891b0b to datanode:f13f88a1-11f3-4f35-9751-23eec4d236b9
2024-04-23 19:59:41,401 [RatisPipelineUtilsThread-0] INFO  pipeline.BackgroundPipelineCreator (BackgroundPipelineCreator.java:createPipelines(236)) - Created new pipeline Pipeline[ Id: 716ab13f-d029-497d-8788-916038891b0b, Nodes: 7b3b87b1-ef59-40de-ba05-c120003f3778(fv-az1496-552.f1h4rheolecetjhvv40pmv1bec.bx.internal.cloudapp.net/10.1.0.27)77d21a36-b63d-4df7-892f-b483d98564d7(fv-az1496-552.f1h4rheolecetjhvv40pmv1bec.bx.internal.cloudapp.net/10.1.0.27)f13f88a1-11f3-4f35-9751-23eec4d236b9(fv-az1496-552.f1h4rheolecetjhvv40pmv1bec.bx.internal.cloudapp.net/10.1.0.27), ReplicationConfig: RATIS/THREE, State:ALLOCATED, leaderId:, CreationTimestamp2024-04-23T19:59:41.400Z[Etc/UTC]]
2024-04-23 19:59:41,455 [IPC Server handler 8 on default port 15269] INFO  net.NetworkTopologyImpl (NetworkTopologyImpl.java:add(134)) - Added a new node: /default-rack/7071ee0d-0296-4c1d-93da-2a6b8f0a8e11
2024-04-23 19:59:41,456 [IPC Server handler 8 on default port 15269] INFO  node.SCMNodeManager (SCMNodeManager.java:register(421)) - Registered datanode: 7071ee0d-0296-4c1d-93da-2a6b8f0a8e11{ip: 10.1.0.27, host: fv-az1496-552.f1h4rheolecetjhvv40pmv1bec.bx.internal.cloudapp.net, ports: [HTTP=15303, CLIENT_RPC=15304, REPLICATION=15310, RATIS=15306, RATIS_ADMIN=15307, RATIS_SERVER=15308, RATIS_DATASTREAM=15309, STANDALONE=15305], networkLocation: /default-rack, certSerialId: null, persistedOpState: null, persistedOpStateExpiryEpochSec: 0}
2024-04-23 19:59:41,457 [EventQueue-NewNodeForNewNodeHandler] INFO  pipeline.BackgroundPipelineCreator (BackgroundPipelineCreator.java:notifyEventTriggered(280)) - trigger a one-shot run on RatisPipelineUtilsThread.
2024-04-23 19:59:41,457 [RatisPipelineUtilsThread-0] INFO  pipeline.RatisPipelineProvider (RatisPipelineProvider.java:lambda$create$0(205)) - Sending CreatePipelineCommand for pipeline:PipelineID=edf1fbd4-cd2e-48d6-a1fc-ef7e0735e355 to datanode:7071ee0d-0296-4c1d-93da-2a6b8f0a8e11
2024-04-23 19:59:41,458 [RatisPipelineUtilsThread-0] INFO  pipeline.BackgroundPipelineCreator (BackgroundPipelineCreator.java:createPipelines(236)) - Created new pipeline Pipeline[ Id: edf1fbd4-cd2e-48d6-a1fc-ef7e0735e355, Nodes: 7071ee0d-0296-4c1d-93da-2a6b8f0a8e11(fv-az1496-552.f1h4rheolecetjhvv40pmv1bec.bx.internal.cloudapp.net/10.1.0.27), ReplicationConfig: RATIS/ONE, State:ALLOCATED, leaderId:, CreationTimestamp2024-04-23T19:59:41.457Z[Etc/UTC]]
2024-04-23 19:59:41,515 [IPC Server handler 7 on default port 15269] INFO  net.NetworkTopologyImpl (NetworkTopologyImpl.java:add(134)) - Added a new node: /default-rack/37bb455d-24a6-4251-8f16-d648f82e590e
2024-04-23 19:59:41,515 [IPC Server handler 7 on default port 15269] INFO  node.SCMNodeManager (SCMNodeManager.java:register(421)) - Registered datanode: 37bb455d-24a6-4251-8f16-d648f82e590e{ip: 10.1.0.27, host: fv-az1496-552.f1h4rheolecetjhvv40pmv1bec.bx.internal.cloudapp.net, ports: [HTTP=15312, CLIENT_RPC=15313, REPLICATION=15319, RATIS=15315, RATIS_ADMIN=15316, RATIS_SERVER=15317, RATIS_DATASTREAM=15318, STANDALONE=15314], networkLocation: /default-rack, certSerialId: null, persistedOpState: null, persistedOpStateExpiryEpochSec: 0}
2024-04-23 19:59:41,515 [EventQueue-NewNodeForNewNodeHandler] INFO  pipeline.BackgroundPipelineCreator (BackgroundPipelineCreator.java:notifyEventTriggered(280)) - trigger a one-shot run on RatisPipelineUtilsThread.
2024-04-23 19:59:41,516 [RatisPipelineUtilsThread-0] INFO  pipeline.RatisPipelineProvider (RatisPipelineProvider.java:lambda$create$0(205)) - Sending CreatePipelineCommand for pipeline:PipelineID=94544c91-2a61-471f-b2f8-7d724e5e77cb to datanode:37bb455d-24a6-4251-8f16-d648f82e590e
2024-04-23 19:59:41,516 [RatisPipelineUtilsThread-0] INFO  pipeline.BackgroundPipelineCreator (BackgroundPipelineCreator.java:createPipelines(236)) - Created new pipeline Pipeline[ Id: 94544c91-2a61-471f-b2f8-7d724e5e77cb, Nodes: 37bb455d-24a6-4251-8f16-d648f82e590e(fv-az1496-552.f1h4rheolecetjhvv40pmv1bec.bx.internal.cloudapp.net/10.1.0.27), ReplicationConfig: RATIS/ONE, State:ALLOCATED, leaderId:, CreationTimestamp2024-04-23T19:59:41.516Z[Etc/UTC]]
2024-04-23 19:59:41,583 [IPC Server handler 1 on default port 15269] INFO  net.NetworkTopologyImpl (NetworkTopologyImpl.java:add(134)) - Added a new node: /default-rack/5c06539f-238f-401a-8663-461110f37d8f
2024-04-23 19:59:41,583 [IPC Server handler 1 on default port 15269] INFO  node.SCMNodeManager (SCMNodeManager.java:register(421)) - Registered datanode: 5c06539f-238f-401a-8663-461110f37d8f{ip: 10.1.0.27, host: fv-az1496-552.f1h4rheolecetjhvv40pmv1bec.bx.internal.cloudapp.net, ports: [HTTP=15321, CLIENT_RPC=15322, REPLICATION=15328, RATIS=15324, RATIS_ADMIN=15325, RATIS_SERVER=15326, RATIS_DATASTREAM=15327, STANDALONE=15323], networkLocation: /default-rack, certSerialId: null, persistedOpState: null, persistedOpStateExpiryEpochSec: 0}
2024-04-23 19:59:41,586 [EventQueue-NewNodeForNewNodeHandler] INFO  pipeline.BackgroundPipelineCreator (BackgroundPipelineCreator.java:notifyEventTriggered(280)) - trigger a one-shot run on RatisPipelineUtilsThread.
2024-04-23 19:59:41,586 [RatisPipelineUtilsThread-0] INFO  pipeline.RatisPipelineProvider (RatisPipelineProvider.java:lambda$create$0(205)) - Sending CreatePipelineCommand for pipeline:PipelineID=1719d27b-c2ee-4410-9631-d46b572b1e65 to datanode:5c06539f-238f-401a-8663-461110f37d8f
2024-04-23 19:59:41,587 [RatisPipelineUtilsThread-0] INFO  pipeline.BackgroundPipelineCreator (BackgroundPipelineCreator.java:createPipelines(236)) - Created new pipeline Pipeline[ Id: 1719d27b-c2ee-4410-9631-d46b572b1e65, Nodes: 5c06539f-238f-401a-8663-461110f37d8f(fv-az1496-552.f1h4rheolecetjhvv40pmv1bec.bx.internal.cloudapp.net/10.1.0.27), ReplicationConfig: RATIS/ONE, State:ALLOCATED, leaderId:, CreationTimestamp2024-04-23T19:59:41.586Z[Etc/UTC]]
2024-04-23 19:59:41,587 [RatisPipelineUtilsThread-0] INFO  pipeline.RatisPipelineProvider (RatisPipelineProvider.java:lambda$create$0(205)) - Sending CreatePipelineCommand for pipeline:PipelineID=479e9e1a-4d29-452c-baf5-da0c2f9f4d67 to datanode:5c06539f-238f-401a-8663-461110f37d8f
2024-04-23 19:59:41,587 [RatisPipelineUtilsThread-0] INFO  pipeline.RatisPipelineProvider (RatisPipelineProvider.java:lambda$create$0(205)) - Sending CreatePipelineCommand for pipeline:PipelineID=479e9e1a-4d29-452c-baf5-da0c2f9f4d67 to datanode:37bb455d-24a6-4251-8f16-d648f82e590e
2024-04-23 19:59:41,587 [RatisPipelineUtilsThread-0] INFO  pipeline.RatisPipelineProvider (RatisPipelineProvider.java:lambda$create$0(205)) - Sending CreatePipelineCommand for pipeline:PipelineID=479e9e1a-4d29-452c-baf5-da0c2f9f4d67 to datanode:7071ee0d-0296-4c1d-93da-2a6b8f0a8e11
2024-04-23 19:59:41,588 [RatisPipelineUtilsThread-0] INFO  pipeline.BackgroundPipelineCreator (BackgroundPipelineCreator.java:createPipelines(236)) - Created new pipeline Pipeline[ Id: 479e9e1a-4d29-452c-baf5-da0c2f9f4d67, Nodes: 5c06539f-238f-401a-8663-461110f37d8f(fv-az1496-552.f1h4rheolecetjhvv40pmv1bec.bx.internal.cloudapp.net/10.1.0.27)37bb455d-24a6-4251-8f16-d648f82e590e(fv-az1496-552.f1h4rheolecetjhvv40pmv1bec.bx.internal.cloudapp.net/10.1.0.27)7071ee0d-0296-4c1d-93da-2a6b8f0a8e11(fv-az1496-552.f1h4rheolecetjhvv40pmv1bec.bx.internal.cloudapp.net/10.1.0.27), ReplicationConfig: RATIS/THREE, State:ALLOCATED, leaderId:, CreationTimestamp2024-04-23T19:59:41.587Z[Etc/UTC]]
2024-04-23 19:59:41,654 [IPC Server handler 2 on default port 15269] INFO  net.NetworkTopologyImpl (NetworkTopologyImpl.java:add(134)) - Added a new node: /default-rack/7f4a6f89-87eb-42cc-a636-bf60fe9cf75e
2024-04-23 19:59:41,654 [IPC Server handler 2 on default port 15269] INFO  node.SCMNodeManager (SCMNodeManager.java:register(421)) - Registered datanode: 7f4a6f89-87eb-42cc-a636-bf60fe9cf75e{ip: 10.1.0.27, host: fv-az1496-552.f1h4rheolecetjhvv40pmv1bec.bx.internal.cloudapp.net, ports: [HTTP=15330, CLIENT_RPC=15331, REPLICATION=15337, RATIS=15333, RATIS_ADMIN=15334, RATIS_SERVER=15335, RATIS_DATASTREAM=15336, STANDALONE=15332], networkLocation: /default-rack, certSerialId: null, persistedOpState: null, persistedOpStateExpiryEpochSec: 0}
2024-04-23 19:59:41,655 [EventQueue-NewNodeForNewNodeHandler] INFO  pipeline.BackgroundPipelineCreator (BackgroundPipelineCreator.java:notifyEventTriggered(280)) - trigger a one-shot run on RatisPipelineUtilsThread.
2024-04-23 19:59:41,655 [RatisPipelineUtilsThread-0] INFO  pipeline.RatisPipelineProvider (RatisPipelineProvider.java:lambda$create$0(205)) - Sending CreatePipelineCommand for pipeline:PipelineID=313134c9-f7e9-4254-bf8b-d2bc44843d7a to datanode:7f4a6f89-87eb-42cc-a636-bf60fe9cf75e
2024-04-23 19:59:41,655 [RatisPipelineUtilsThread-0] INFO  pipeline.BackgroundPipelineCreator (BackgroundPipelineCreator.java:createPipelines(236)) - Created new pipeline Pipeline[ Id: 313134c9-f7e9-4254-bf8b-d2bc44843d7a, Nodes: 7f4a6f89-87eb-42cc-a636-bf60fe9cf75e(fv-az1496-552.f1h4rheolecetjhvv40pmv1bec.bx.internal.cloudapp.net/10.1.0.27), ReplicationConfig: RATIS/ONE, State:ALLOCATED, leaderId:, CreationTimestamp2024-04-23T19:59:41.655Z[Etc/UTC]]
2024-04-23 19:59:41,721 [IPC Server handler 4 on default port 15269] INFO  net.NetworkTopologyImpl (NetworkTopologyImpl.java:add(134)) - Added a new node: /default-rack/ece5501e-2183-421f-b873-7b565e9a7338
2024-04-23 19:59:41,721 [IPC Server handler 4 on default port 15269] INFO  node.SCMNodeManager (SCMNodeManager.java:register(421)) - Registered datanode: ece5501e-2183-421f-b873-7b565e9a7338{ip: 10.1.0.27, host: fv-az1496-552.f1h4rheolecetjhvv40pmv1bec.bx.internal.cloudapp.net, ports: [HTTP=15339, CLIENT_RPC=15340, REPLICATION=15346, RATIS=15342, RATIS_ADMIN=15343, RATIS_SERVER=15344, RATIS_DATASTREAM=15345, STANDALONE=15341], networkLocation: /default-rack, certSerialId: null, persistedOpState: null, persistedOpStateExpiryEpochSec: 0}
2024-04-23 19:59:41,721 [EventQueue-NewNodeForNewNodeHandler] INFO  pipeline.BackgroundPipelineCreator (BackgroundPipelineCreator.java:notifyEventTriggered(280)) - trigger a one-shot run on RatisPipelineUtilsThread.
2024-04-23 19:59:41,722 [RatisPipelineUtilsThread-0] INFO  pipeline.RatisPipelineProvider (RatisPipelineProvider.java:lambda$create$0(205)) - Sending CreatePipelineCommand for pipeline:PipelineID=8c625cd1-10f0-4ac6-a9b3-e40b2aa211d6 to datanode:ece5501e-2183-421f-b873-7b565e9a7338
2024-04-23 19:59:41,723 [RatisPipelineUtilsThread-0] INFO  pipeline.BackgroundPipelineCreator (BackgroundPipelineCreator.java:createPipelines(236)) - Created new pipeline Pipeline[ Id: 8c625cd1-10f0-4ac6-a9b3-e40b2aa211d6, Nodes: ece5501e-2183-421f-b873-7b565e9a7338(fv-az1496-552.f1h4rheolecetjhvv40pmv1bec.bx.internal.cloudapp.net/10.1.0.27), ReplicationConfig: RATIS/ONE, State:ALLOCATED, leaderId:, CreationTimestamp2024-04-23T19:59:41.722Z[Etc/UTC]]
2024-04-23 19:59:41,800 [main] INFO  ozone.MiniOzoneClusterImpl (MiniOzoneClusterImpl.java:lambda$waitForClusterToBeReady$0(194)) - Waiting for nodes to be ready. Got 8 of 9 DN Heartbeats.
2024-04-23 19:59:41,800 [main] INFO  ozone.MiniOzoneClusterImpl (MiniOzoneClusterImpl.java:lambda$waitForClusterToBeReady$0(197)) - Waiting for cluster to exit safe mode
2024-04-23 19:59:41,800 [main] INFO  ozone.MiniOzoneClusterImpl (MiniOzoneClusterImpl.java:lambda$waitForClusterToBeReady$0(199)) - SCM became leader
2024-04-23 19:59:41,802 [IPC Server handler 3 on default port 15269] INFO  net.NetworkTopologyImpl (NetworkTopologyImpl.java:add(134)) - Added a new node: /default-rack/05887e99-236b-4e3f-9ff6-c32e887d273e
2024-04-23 19:59:41,802 [IPC Server handler 3 on default port 15269] INFO  node.SCMNodeManager (SCMNodeManager.java:register(421)) - Registered datanode: 05887e99-236b-4e3f-9ff6-c32e887d273e{ip: 10.1.0.27, host: fv-az1496-552.f1h4rheolecetjhvv40pmv1bec.bx.internal.cloudapp.net, ports: [HTTP=15348, CLIENT_RPC=15349, REPLICATION=15355, RATIS=15351, RATIS_ADMIN=15352, RATIS_SERVER=15353, RATIS_DATASTREAM=15354, STANDALONE=15350], networkLocation: /default-rack, certSerialId: null, persistedOpState: null, persistedOpStateExpiryEpochSec: 0}
2024-04-23 19:59:41,803 [EventQueue-NewNodeForNewNodeHandler] INFO  pipeline.BackgroundPipelineCreator (BackgroundPipelineCreator.java:notifyEventTriggered(280)) - trigger a one-shot run on RatisPipelineUtilsThread.
2024-04-23 19:59:41,804 [RatisPipelineUtilsThread-0] INFO  pipeline.RatisPipelineProvider (RatisPipelineProvider.java:lambda$create$0(205)) - Sending CreatePipelineCommand for pipeline:PipelineID=97fdf238-1306-41e3-9424-5416fe93ba9d to datanode:05887e99-236b-4e3f-9ff6-c32e887d273e
2024-04-23 19:59:41,804 [RatisPipelineUtilsThread-0] INFO  pipeline.BackgroundPipelineCreator (BackgroundPipelineCreator.java:createPipelines(236)) - Created new pipeline Pipeline[ Id: 97fdf238-1306-41e3-9424-5416fe93ba9d, Nodes: 05887e99-236b-4e3f-9ff6-c32e887d273e(fv-az1496-552.f1h4rheolecetjhvv40pmv1bec.bx.internal.cloudapp.net/10.1.0.27), ReplicationConfig: RATIS/ONE, State:ALLOCATED, leaderId:, CreationTimestamp2024-04-23T19:59:41.804Z[Etc/UTC]]
2024-04-23 19:59:41,805 [RatisPipelineUtilsThread-0] INFO  pipeline.RatisPipelineProvider (RatisPipelineProvider.java:lambda$create$0(205)) - Sending CreatePipelineCommand for pipeline:PipelineID=eb039608-97f3-41e2-92b2-37eb9c4b86bd to datanode:7f4a6f89-87eb-42cc-a636-bf60fe9cf75e
2024-04-23 19:59:41,805 [RatisPipelineUtilsThread-0] INFO  pipeline.RatisPipelineProvider (RatisPipelineProvider.java:lambda$create$0(205)) - Sending CreatePipelineCommand for pipeline:PipelineID=eb039608-97f3-41e2-92b2-37eb9c4b86bd to datanode:ece5501e-2183-421f-b873-7b565e9a7338
2024-04-23 19:59:41,805 [RatisPipelineUtilsThread-0] INFO  pipeline.RatisPipelineProvider (RatisPipelineProvider.java:lambda$create$0(205)) - Sending CreatePipelineCommand for pipeline:PipelineID=eb039608-97f3-41e2-92b2-37eb9c4b86bd to datanode:05887e99-236b-4e3f-9ff6-c32e887d273e
2024-04-23 19:59:41,805 [RatisPipelineUtilsThread-0] INFO  pipeline.BackgroundPipelineCreator (BackgroundPipelineCreator.java:createPipelines(236)) - Created new pipeline Pipeline[ Id: eb039608-97f3-41e2-92b2-37eb9c4b86bd, Nodes: 7f4a6f89-87eb-42cc-a636-bf60fe9cf75e(fv-az1496-552.f1h4rheolecetjhvv40pmv1bec.bx.internal.cloudapp.net/10.1.0.27)ece5501e-2183-421f-b873-7b565e9a7338(fv-az1496-552.f1h4rheolecetjhvv40pmv1bec.bx.internal.cloudapp.net/10.1.0.27)05887e99-236b-4e3f-9ff6-c32e887d273e(fv-az1496-552.f1h4rheolecetjhvv40pmv1bec.bx.internal.cloudapp.net/10.1.0.27), ReplicationConfig: RATIS/THREE, State:ALLOCATED, leaderId:, CreationTimestamp2024-04-23T19:59:41.805Z[Etc/UTC]]
2024-04-23 19:59:42,801 [main] INFO  ozone.MiniOzoneClusterImpl (MiniOzoneClusterImpl.java:lambda$waitForClusterToBeReady$0(194)) - Nodes are ready. Got 9 of 9 DN Heartbeats.
2024-04-23 19:59:42,801 [main] INFO  ozone.MiniOzoneClusterImpl (MiniOzoneClusterImpl.java:lambda$waitForClusterToBeReady$0(197)) - Waiting for cluster to exit safe mode
2024-04-23 19:59:42,801 [main] INFO  ozone.MiniOzoneClusterImpl (MiniOzoneClusterImpl.java:lambda$waitForClusterToBeReady$0(199)) - SCM became leader
2024-04-23 19:59:43,801 [main] INFO  ozone.MiniOzoneClusterImpl (MiniOzoneClusterImpl.java:lambda$waitForClusterToBeReady$0(194)) - Nodes are ready. Got 9 of 9 DN Heartbeats.
2024-04-23 19:59:43,802 [main] INFO  ozone.MiniOzoneClusterImpl (MiniOzoneClusterImpl.java:lambda$waitForClusterToBeReady$0(197)) - Waiting for cluster to exit safe mode
2024-04-23 19:59:43,802 [main] INFO  ozone.MiniOzoneClusterImpl (MiniOzoneClusterImpl.java:lambda$waitForClusterToBeReady$0(199)) - SCM became leader
2024-04-23 19:59:44,269 [7b3b87b1-ef59-40de-ba05-c120003f3778-PipelineCommandHandlerThread-0] INFO  server.RaftServer (RaftServerProxy.java:addNew(100)) - 7b3b87b1-ef59-40de-ba05-c120003f3778: addNew group-BE8F63D31152:[7b3b87b1-ef59-40de-ba05-c120003f3778|10.1.0.27:15281] returns group-BE8F63D31152:java.util.concurrent.CompletableFuture@22570a63[Not completed]
2024-04-23 19:59:44,269 [7b3b87b1-ef59-40de-ba05-c120003f3778-groupManagement] INFO  server.RaftServer$Division (RaftServerImpl.java:<init>(256)) - 7b3b87b1-ef59-40de-ba05-c120003f3778: new RaftServerImpl for group-BE8F63D31152:[7b3b87b1-ef59-40de-ba05-c120003f3778|10.1.0.27:15281] with ContainerStateMachine:uninitialized
2024-04-23 19:59:44,269 [7b3b87b1-ef59-40de-ba05-c120003f3778-groupManagement] INFO  server.RaftServerConfigKeys (ConfUtils.java:logGet(46)) - raft.server.rpc.timeout.min = 5s (custom)
2024-04-23 19:59:44,270 [7b3b87b1-ef59-40de-ba05-c120003f3778-groupManagement] INFO  server.RaftServerConfigKeys (ConfUtils.java:logGet(46)) - raft.server.rpc.timeout.max = 5200ms (custom)
2024-04-23 19:59:44,270 [7b3b87b1-ef59-40de-ba05-c120003f3778-groupManagement] INFO  server.RaftServerConfigKeys (ConfUtils.java:logGet(46)) - raft.server.rpc.sleep.time = 25ms (default)
2024-04-23 19:59:44,270 [7b3b87b1-ef59-40de-ba05-c120003f3778-groupManagement] INFO  server.RaftServerConfigKeys (ConfUtils.java:logGet(46)) - raft.server.rpc.slowness.timeout = 300000ms (custom)
2024-04-23 19:59:44,270 [7b3b87b1-ef59-40de-ba05-c120003f3778-groupManagement] INFO  server.RaftServerConfigKeys (ConfUtils.java:logGet(46)) - raft.server.leaderelection.leader.step-down.wait-time = 10s (default)
2024-04-23 19:59:44,270 [7b3b87b1-ef59-40de-ba05-c120003f3778-groupManagement] INFO  server.RaftServerConfigKeys (ConfUtils.java:logGet(46)) - raft.server.leaderelection.member.majority-add = false (default)
2024-04-23 19:59:44,270 [7b3b87b1-ef59-40de-ba05-c120003f3778-groupManagement] INFO  server.RaftServerConfigKeys (ConfUtils.java:logGet(46)) - raft.server.sleep.deviation.threshold = 300ms (default)
2024-04-23 19:59:44,270 [7b3b87b1-ef59-40de-ba05-c120003f3778-groupManagement] INFO  server.RaftServer$Division (ServerState.java:<init>(113)) - 7b3b87b1-ef59-40de-ba05-c120003f3778@group-BE8F63D31152: ConfigurationManager, init=-1: peers:[7b3b87b1-ef59-40de-ba05-c120003f3778|10.1.0.27:15281]|listeners:[], old=null, confs=<EMPTY_MAP>
2024-04-23 19:59:44,270 [7b3b87b1-ef59-40de-ba05-c120003f3778-groupManagement] INFO  server.RaftServerConfigKeys (ConfUtils.java:logGet(46)) - raft.server.notification.no-leader.timeout = 300000ms (custom)
2024-04-23 19:59:44,270 [7b3b87b1-ef59-40de-ba05-c120003f3778-groupManagement] INFO  server.RaftServerConfigKeys (ConfUtils.java:logGet(46)) - raft.server.read.timeout = 10s (default)
2024-04-23 19:59:44,270 [7b3b87b1-ef59-40de-ba05-c120003f3778-groupManagement] INFO  server.RaftServerConfigKeys (ConfUtils.java:logGet(46)) - raft.server.retrycache.expirytime = 600000ms (custom)
2024-04-23 19:59:44,270 [7b3b87b1-ef59-40de-ba05-c120003f3778-groupManagement] INFO  server.RaftServerConfigKeys (ConfUtils.java:logGet(46)) - raft.server.retrycache.statistics.expirytime = 100ms (default)
2024-04-23 19:59:44,270 [7b3b87b1-ef59-40de-ba05-c120003f3778-groupManagement] INFO  server.RaftServerConfigKeys (ConfUtils.java:logGet(46)) - raft.server.read.option = DEFAULT (default)
2024-04-23 19:59:44,271 [7b3b87b1-ef59-40de-ba05-c120003f3778-groupManagement] INFO  server.RaftServerConfigKeys (ConfUtils.java:logGet(46)) - raft.server.read.read-after-write-consistent.write-index-cache.expiry-time = 60s (default)
2024-04-23 19:59:44,273 [7b3b87b1-ef59-40de-ba05-c120003f3778-groupManagement] INFO  server.RaftServerConfigKeys (ConfUtils.java:logGet(46)) - raft.server.rpc.request.timeout = 3000ms (default)
2024-04-23 19:59:44,273 [7b3b87b1-ef59-40de-ba05-c120003f3778-groupManagement] INFO  server.RaftServerConfigKeys (ConfUtils.java:logGet(46)) - raft.server.log.appender.install.snapshot.enabled = false (custom)
2024-04-23 19:59:44,273 [7b3b87b1-ef59-40de-ba05-c120003f3778-groupManagement] INFO  server.RaftServerConfigKeys (ConfUtils.java:logGet(46)) - raft.server.threadpool.server.cached = true (default)
2024-04-23 19:59:44,273 [7b3b87b1-ef59-40de-ba05-c120003f3778-groupManagement] INFO  server.RaftServerConfigKeys (ConfUtils.java:logGet(46)) - raft.server.threadpool.server.size = 0 (default)
2024-04-23 19:59:44,273 [7b3b87b1-ef59-40de-ba05-c120003f3778-groupManagement] INFO  server.RaftServerConfigKeys (ConfUtils.java:logGet(46)) - raft.server.threadpool.client.cached = true (default)
2024-04-23 19:59:44,273 [7b3b87b1-ef59-40de-ba05-c120003f3778-groupManagement] INFO  server.RaftServerConfigKeys (ConfUtils.java:logGet(46)) - raft.server.threadpool.client.size = 0 (default)
2024-04-23 19:59:44,273 [7b3b87b1-ef59-40de-ba05-c120003f3778-groupManagement] INFO  server.RaftServerConfigKeys (ConfUtils.java:logGet(46)) - raft.server.storage.free-space.min = 0MB (=0) (default)
2024-04-23 19:59:44,273 [7b3b87b1-ef59-40de-ba05-c120003f3778-groupManagement] INFO  server.RaftServerConfigKeys (ConfUtils.java:logGet(46)) - raft.server.log.corruption.policy = EXCEPTION (default)
2024-04-23 19:59:44,273 [7b3b87b1-ef59-40de-ba05-c120003f3778-groupManagement] INFO  server.RaftServerConfigKeys (ConfUtils.java:logGet(46)) - raft.server.storage.dir = [/home/runner/work/ozone/ozone/hadoop-ozone/integration-test/target/test-dir/MiniOzoneClusterImpl-d857b234-8aec-441a-a9c9-a34f2a008b14/ozone-meta/datanode-1/ratis] (custom)
2024-04-23 19:59:44,274 [7b3b87b1-ef59-40de-ba05-c120003f3778-groupManagement] INFO  storage.RaftStorageDirectory (RaftStorageDirectoryImpl.java:analyzeStorage(138)) - The storage directory /home/runner/work/ozone/ozone/hadoop-ozone/integration-test/target/test-dir/MiniOzoneClusterImpl-d857b234-8aec-441a-a9c9-a34f2a008b14/ozone-meta/datanode-1/ratis/526b1908-f345-48b7-a76f-be8f63d31152 does not exist. Creating ...
2024-04-23 19:59:44,274 [7b3b87b1-ef59-40de-ba05-c120003f3778-groupManagement] INFO  storage.RaftStorageDirectory (RaftStorageDirectoryImpl.java:tryLock(228)) - Lock on /home/runner/work/ozone/ozone/hadoop-ozone/integration-test/target/test-dir/MiniOzoneClusterImpl-d857b234-8aec-441a-a9c9-a34f2a008b14/ozone-meta/datanode-1/ratis/526b1908-f345-48b7-a76f-be8f63d31152/in_use.lock acquired by nodename 20519@fv-az1496-552
2024-04-23 19:59:44,275 [7b3b87b1-ef59-40de-ba05-c120003f3778-groupManagement] INFO  storage.RaftStorage (RaftStorageImpl.java:format(99)) - Storage directory /home/runner/work/ozone/ozone/hadoop-ozone/integration-test/target/test-dir/MiniOzoneClusterImpl-d857b234-8aec-441a-a9c9-a34f2a008b14/ozone-meta/datanode-1/ratis/526b1908-f345-48b7-a76f-be8f63d31152 has been successfully formatted.
2024-04-23 19:59:44,276 [7b3b87b1-ef59-40de-ba05-c120003f3778-groupManagement] WARN  util.FileUtils (LogUtils.java:supplyAndLog(63)) - Failed to Files.newInputStream /home/runner/work/ozone/ozone/hadoop-ozone/integration-test/target/test-dir/MiniOzoneClusterImpl-d857b234-8aec-441a-a9c9-a34f2a008b14/ozone-meta/datanode-1/ratis/526b1908-f345-48b7-a76f-be8f63d31152/current/raft-meta.conf with options []: java.nio.file.NoSuchFileException: /home/runner/work/ozone/ozone/hadoop-ozone/integration-test/target/test-dir/MiniOzoneClusterImpl-d857b234-8aec-441a-a9c9-a34f2a008b14/ozone-meta/datanode-1/ratis/526b1908-f345-48b7-a76f-be8f63d31152/current/raft-meta.conf
2024-04-23 19:59:44,277 [7b3b87b1-ef59-40de-ba05-c120003f3778-groupManagement] INFO  ratis.ContainerStateMachine (ContainerStateMachine.java:loadSnapshot(287)) - group-BE8F63D31152: The snapshot info is null. Setting the last applied index to:(t:0, i:~)
2024-04-23 19:59:44,277 [7b3b87b1-ef59-40de-ba05-c120003f3778-groupManagement] INFO  server.RaftServerConfigKeys (ConfUtils.java:logGet(46)) - raft.server.log.use.memory = false (default)
2024-04-23 19:59:44,277 [7b3b87b1-ef59-40de-ba05-c120003f3778-groupManagement] INFO  server.RaftServerConfigKeys (ConfUtils.java:logGet(46)) - raft.server.log.purge.gap = 1000000 (custom)
2024-04-23 19:59:44,277 [7b3b87b1-ef59-40de-ba05-c120003f3778-groupManagement] INFO  server.RaftServerConfigKeys (ConfUtils.java:logGet(46)) - raft.server.log.appender.buffer.byte-limit = 8388608 (custom)
2024-04-23 19:59:44,277 [7b3b87b1-ef59-40de-ba05-c120003f3778-groupManagement] INFO  server.RaftServerConfigKeys (ConfUtils.java:logGet(46)) - raft.server.log.statemachine.data.read.timeout = 1000ms (default)
2024-04-23 19:59:44,277 [7b3b87b1-ef59-40de-ba05-c120003f3778-groupManagement] INFO  server.RaftServerConfigKeys (ConfUtils.java:logGet(46)) - raft.server.log.purge.preservation.log.num = 0 (default)
2024-04-23 19:59:44,278 [EventQueue-PipelineReportForPipelineReportHandler] INFO  pipeline.PipelineReportHandler (PipelineReportHandler.java:processPipelineReport(136)) - Opened pipeline PipelineID=526b1908-f345-48b7-a76f-be8f63d31152
2024-04-23 19:59:44,279 [EventQueue-OpenPipelineForHealthyPipelineSafeModeRule] INFO  safemode.SCMSafeModeManager (HealthyPipelineSafeModeRule.java:process(140)) - SCM in safe mode. Healthy pipelines reported count is 0, required healthy pipeline reported count is 1
2024-04-23 19:59:44,280 [7b3b87b1-ef59-40de-ba05-c120003f3778-groupManagement] INFO  server.RaftServerConfigKeys (ConfUtils.java:logGet(46)) - raft.server.log.segment.size.max = 67108864 (custom)
2024-04-23 19:59:44,280 [7b3b87b1-ef59-40de-ba05-c120003f3778-groupManagement] INFO  server.RaftServerConfigKeys (ConfUtils.java:logGet(46)) - raft.server.log.segment.cache.num.max = 2 (custom)
2024-04-23 19:59:44,280 [7b3b87b1-ef59-40de-ba05-c120003f3778-groupManagement] INFO  server.RaftServerConfigKeys (ConfUtils.java:logGet(46)) - raft.server.log.segment.cache.size.max = 200MB (=209715200) (default)
2024-04-23 19:59:44,280 [7b3b87b1-ef59-40de-ba05-c120003f3778-groupManagement] INFO  server.RaftServerConfigKeys (ConfUtils.java:logGet(46)) - raft.server.log.appender.buffer.byte-limit = 8388608 (custom)
2024-04-23 19:59:44,280 [7b3b87b1-ef59-40de-ba05-c120003f3778-groupManagement] INFO  util.AwaitToRun (AwaitToRun.java:start(81)) - Thread[7b3b87b1-ef59-40de-ba05-c120003f3778@group-BE8F63D31152-cacheEviction-AwaitToRun,5,main] started
2024-04-23 19:59:44,280 [7b3b87b1-ef59-40de-ba05-c120003f3778-groupManagement] INFO  segmented.SegmentedRaftLogWorker (SegmentedRaftLogWorker.java:<init>(182)) - new 7b3b87b1-ef59-40de-ba05-c120003f3778@group-BE8F63D31152-SegmentedRaftLogWorker for RaftStorageImpl:Storage Directory /home/runner/work/ozone/ozone/hadoop-ozone/integration-test/target/test-dir/MiniOzoneClusterImpl-d857b234-8aec-441a-a9c9-a34f2a008b14/ozone-meta/datanode-1/ratis/526b1908-f345-48b7-a76f-be8f63d31152
2024-04-23 19:59:44,280 [7b3b87b1-ef59-40de-ba05-c120003f3778-groupManagement] INFO  server.RaftServerConfigKeys (ConfUtils.java:logGet(46)) - raft.server.log.queue.byte-limit = 4294967296 (custom)
2024-04-23 19:59:44,280 [7b3b87b1-ef59-40de-ba05-c120003f3778-groupManagement] INFO  server.RaftServerConfigKeys (ConfUtils.java:logGet(46)) - raft.server.log.queue.element-limit = 1024 (custom)
2024-04-23 19:59:44,281 [7b3b87b1-ef59-40de-ba05-c120003f3778-groupManagement] INFO  server.RaftServerConfigKeys (ConfUtils.java:logGet(46)) - raft.server.log.segment.size.max = 67108864 (custom)
2024-04-23 19:59:44,281 [7b3b87b1-ef59-40de-ba05-c120003f3778-groupManagement] INFO  server.RaftServerConfigKeys (ConfUtils.java:logGet(46)) - raft.server.log.preallocated.size = 4194304 (custom)
2024-04-23 19:59:44,281 [7b3b87b1-ef59-40de-ba05-c120003f3778-groupManagement] INFO  server.RaftServerConfigKeys (ConfUtils.java:logGet(46)) - raft.server.log.force.sync.num = 128 (default)
2024-04-23 19:59:44,281 [7b3b87b1-ef59-40de-ba05-c120003f3778-groupManagement] INFO  server.RaftServerConfigKeys (ConfUtils.java:logGet(46)) - raft.server.log.statemachine.data.sync = true (default)
2024-04-23 19:59:44,281 [7b3b87b1-ef59-40de-ba05-c120003f3778-groupManagement] INFO  server.RaftServerConfigKeys (ConfUtils.java:logGet(46)) - raft.server.log.statemachine.data.sync.timeout = 10s (default)
2024-04-23 19:59:44,281 [7b3b87b1-ef59-40de-ba05-c120003f3778-groupManagement] INFO  server.RaftServerConfigKeys (ConfUtils.java:logGet(46)) - raft.server.log.statemachine.data.sync.timeout.retry = 30 (custom)
2024-04-23 19:59:44,281 [7b3b87b1-ef59-40de-ba05-c120003f3778-groupManagement] INFO  server.RaftServerConfigKeys (ConfUtils.java:logGet(46)) - raft.server.log.write.buffer.size = 8388616 (custom)
2024-04-23 19:59:44,283 [7b3b87b1-ef59-40de-ba05-c120003f3778-groupManagement] INFO  server.RaftServerConfigKeys (ConfUtils.java:logGet(46)) - raft.server.log.appender.buffer.byte-limit = 8388608 (custom)
2024-04-23 19:59:44,283 [7b3b87b1-ef59-40de-ba05-c120003f3778-groupManagement] INFO  server.RaftServerConfigKeys (ConfUtils.java:logGet(46)) - raft.server.log.unsafe-flush.enabled = false (default)
2024-04-23 19:59:44,283 [7b3b87b1-ef59-40de-ba05-c120003f3778-groupManagement] INFO  server.RaftServerConfigKeys (ConfUtils.java:logGet(46)) - raft.server.log.async-flush.enabled = false (default)
2024-04-23 19:59:44,283 [7b3b87b1-ef59-40de-ba05-c120003f3778-groupManagement] INFO  server.RaftServerConfigKeys (ConfUtils.java:logGet(46)) - raft.server.log.statemachine.data.caching.enabled = true (custom)
2024-04-23 19:59:44,283 [7b3b87b1-ef59-40de-ba05-c120003f3778-groupManagement] INFO  segmented.SegmentedRaftLogWorker (SegmentedRaftLogWorker.java:lambda$new$0(134)) - 7b3b87b1-ef59-40de-ba05-c120003f3778@group-BE8F63D31152-SegmentedRaftLogWorker: flushIndex: setUnconditionally 0 -> -1
2024-04-23 19:59:44,283 [7b3b87b1-ef59-40de-ba05-c120003f3778-groupManagement] INFO  segmented.SegmentedRaftLogWorker (SegmentedRaftLogWorker.java:lambda$new$0(134)) - 7b3b87b1-ef59-40de-ba05-c120003f3778@group-BE8F63D31152-SegmentedRaftLogWorker: safeCacheEvictIndex: setUnconditionally 0 -> -1
2024-04-23 19:59:44,283 [7b3b87b1-ef59-40de-ba05-c120003f3778-groupManagement] INFO  server.RaftServer$Division (RaftServerImpl.java:start(396)) - 7b3b87b1-ef59-40de-ba05-c120003f3778@group-BE8F63D31152: start as a follower, conf=-1: peers:[7b3b87b1-ef59-40de-ba05-c120003f3778|10.1.0.27:15281]|listeners:[], old=null
2024-04-23 19:59:44,283 [7b3b87b1-ef59-40de-ba05-c120003f3778-groupManagement] INFO  server.RaftServer$Division (RaftServerImpl.java:setRole(383)) - 7b3b87b1-ef59-40de-ba05-c120003f3778@group-BE8F63D31152: changes role from      null to FOLLOWER at term 0 for startAsFollower
2024-04-23 19:59:44,283 [7b3b87b1-ef59-40de-ba05-c120003f3778-groupManagement] INFO  impl.RoleInfo (RoleInfo.java:updateAndGet(139)) - 7b3b87b1-ef59-40de-ba05-c120003f3778: start 7b3b87b1-ef59-40de-ba05-c120003f3778@group-BE8F63D31152-FollowerState
2024-04-23 19:59:44,284 [7b3b87b1-ef59-40de-ba05-c120003f3778@group-BE8F63D31152-FollowerState] INFO  server.RaftServerConfigKeys (ConfUtils.java:logFallback(53)) - raft.server.rpc.first-election.timeout.min = 5s (fallback to raft.server.rpc.timeout.min)
2024-04-23 19:59:44,284 [7b3b87b1-ef59-40de-ba05-c120003f3778-groupManagement] INFO  util.JmxRegister (JmxRegister.java:tryRegister(44)) - Successfully registered JMX Bean with object name Ratis:service=RaftServer,group=group-BE8F63D31152,id=7b3b87b1-ef59-40de-ba05-c120003f3778
2024-04-23 19:59:44,284 [7b3b87b1-ef59-40de-ba05-c120003f3778@group-BE8F63D31152-FollowerState] INFO  server.RaftServerConfigKeys (ConfUtils.java:logFallback(53)) - raft.server.rpc.first-election.timeout.max = 5200ms (fallback to raft.server.rpc.timeout.max)
2024-04-23 19:59:44,284 [7b3b87b1-ef59-40de-ba05-c120003f3778-groupManagement] INFO  server.RaftServerConfigKeys (ConfUtils.java:logGet(46)) - raft.server.snapshot.trigger-when-stop.enabled = true (default)
2024-04-23 19:59:44,284 [7b3b87b1-ef59-40de-ba05-c120003f3778-groupManagement] INFO  server.RaftServerConfigKeys (ConfUtils.java:logGet(46)) - raft.server.snapshot.auto.trigger.enabled = true (custom)
2024-04-23 19:59:44,284 [7b3b87b1-ef59-40de-ba05-c120003f3778-groupManagement] INFO  server.RaftServerConfigKeys (ConfUtils.java:logGet(46)) - raft.server.snapshot.auto.trigger.threshold = 10000 (custom)
2024-04-23 19:59:44,284 [7b3b87b1-ef59-40de-ba05-c120003f3778-groupManagement] INFO  server.RaftServerConfigKeys (ConfUtils.java:logGet(46)) - raft.server.snapshot.retention.file.num = 5 (custom)
2024-04-23 19:59:44,284 [7b3b87b1-ef59-40de-ba05-c120003f3778-groupManagement] INFO  server.RaftServerConfigKeys (ConfUtils.java:logGet(46)) - raft.server.log.purge.upto.snapshot.index = false (default)
2024-04-23 19:59:44,285 [7b3b87b1-ef59-40de-ba05-c120003f3778-PipelineCommandHandlerThread-0] INFO  ratis.XceiverServerRatis (XceiverServerRatis.java:addGroup(864)) - Created group PipelineID=526b1908-f345-48b7-a76f-be8f63d31152
2024-04-23 19:59:44,285 [7b3b87b1-ef59-40de-ba05-c120003f3778-PipelineCommandHandlerThread-0] INFO  commandhandler.CreatePipelineCommandHandler (CreatePipelineCommandHandler.java:lambda$handle$2(124)) - Created Pipeline RATIS ONE PipelineID=526b1908-f345-48b7-a76f-be8f63d31152.
2024-04-23 19:59:44,285 [7b3b87b1-ef59-40de-ba05-c120003f3778-PipelineCommandHandlerThread-0] INFO  server.RaftServer (RaftServerProxy.java:addNew(100)) - 7b3b87b1-ef59-40de-ba05-c120003f3778: addNew group-916038891B0B:[7b3b87b1-ef59-40de-ba05-c120003f3778|10.1.0.27:15281, f13f88a1-11f3-4f35-9751-23eec4d236b9|10.1.0.27:15299, 77d21a36-b63d-4df7-892f-b483d98564d7|10.1.0.27:15290] returns group-916038891B0B:java.util.concurrent.CompletableFuture@26689af1[Not completed]
2024-04-23 19:59:44,286 [7b3b87b1-ef59-40de-ba05-c120003f3778-groupManagement] INFO  server.RaftServer$Division (RaftServerImpl.java:<init>(256)) - 7b3b87b1-ef59-40de-ba05-c120003f3778: new RaftServerImpl for group-916038891B0B:[7b3b87b1-ef59-40de-ba05-c120003f3778|10.1.0.27:15281, f13f88a1-11f3-4f35-9751-23eec4d236b9|10.1.0.27:15299, 77d21a36-b63d-4df7-892f-b483d98564d7|10.1.0.27:15290] with ContainerStateMachine:uninitialized
2024-04-23 19:59:44,286 [7b3b87b1-ef59-40de-ba05-c120003f3778-groupManagement] INFO  server.RaftServerConfigKeys (ConfUtils.java:logGet(46)) - raft.server.rpc.timeout.min = 5s (custom)
2024-04-23 19:59:44,286 [7b3b87b1-ef59-40de-ba05-c120003f3778-groupManagement] INFO  server.RaftServerConfigKeys (ConfUtils.java:logGet(46)) - raft.server.rpc.timeout.max = 5200ms (custom)
2024-04-23 19:59:44,286 [7b3b87b1-ef59-40de-ba05-c120003f3778-groupManagement] INFO  server.RaftServerConfigKeys (ConfUtils.java:logGet(46)) - raft.server.rpc.sleep.time = 25ms (default)
2024-04-23 19:59:44,286 [7b3b87b1-ef59-40de-ba05-c120003f3778-groupManagement] INFO  server.RaftServerConfigKeys (ConfUtils.java:logGet(46)) - raft.server.rpc.slowness.timeout = 300000ms (custom)
2024-04-23 19:59:44,286 [7b3b87b1-ef59-40de-ba05-c120003f3778-groupManagement] INFO  server.RaftServerConfigKeys (ConfUtils.java:logGet(46)) - raft.server.leaderelection.leader.step-down.wait-time = 10s (default)
2024-04-23 19:59:44,286 [7b3b87b1-ef59-40de-ba05-c120003f3778-groupManagement] INFO  server.RaftServerConfigKeys (ConfUtils.java:logGet(46)) - raft.server.leaderelection.member.majority-add = false (default)
2024-04-23 19:59:44,286 [7b3b87b1-ef59-40de-ba05-c120003f3778-groupManagement] INFO  server.RaftServerConfigKeys (ConfUtils.java:logGet(46)) - raft.server.sleep.deviation.threshold = 300ms (default)
2024-04-23 19:59:44,286 [7b3b87b1-ef59-40de-ba05-c120003f3778-groupManagement] INFO  server.RaftServer$Division (ServerState.java:<init>(113)) - 7b3b87b1-ef59-40de-ba05-c120003f3778@group-916038891B0B: ConfigurationManager, init=-1: peers:[7b3b87b1-ef59-40de-ba05-c120003f3778|10.1.0.27:15281, f13f88a1-11f3-4f35-9751-23eec4d236b9|10.1.0.27:15299, 77d21a36-b63d-4df7-892f-b483d98564d7|10.1.0.27:15290]|listeners:[], old=null, confs=<EMPTY_MAP>
2024-04-23 19:59:44,286 [7b3b87b1-ef59-40de-ba05-c120003f3778-groupManagement] INFO  server.RaftServerConfigKeys (ConfUtils.java:logGet(46)) - raft.server.notification.no-leader.timeout = 300000ms (custom)
2024-04-23 19:59:44,286 [7b3b87b1-ef59-40de-ba05-c120003f3778-groupManagement] INFO  server.RaftServerConfigKeys (ConfUtils.java:logGet(46)) - raft.server.read.timeout = 10s (default)
2024-04-23 19:59:44,286 [7b3b87b1-ef59-40de-ba05-c120003f3778-groupManagement] INFO  server.RaftServerConfigKeys (ConfUtils.java:logGet(46)) - raft.server.retrycache.expirytime = 600000ms (custom)
2024-04-23 19:59:44,286 [7b3b87b1-ef59-40de-ba05-c120003f3778-groupManagement] INFO  server.RaftServerConfigKeys (ConfUtils.java:logGet(46)) - raft.server.retrycache.statistics.expirytime = 100ms (default)
2024-04-23 19:59:44,287 [7b3b87b1-ef59-40de-ba05-c120003f3778-groupManagement] INFO  server.RaftServerConfigKeys (ConfUtils.java:logGet(46)) - raft.server.read.option = DEFAULT (default)
2024-04-23 19:59:44,287 [7b3b87b1-ef59-40de-ba05-c120003f3778-groupManagement] INFO  server.RaftServerConfigKeys (ConfUtils.java:logGet(46)) - raft.server.read.read-after-write-consistent.write-index-cache.expiry-time = 60s (default)
2024-04-23 19:59:44,289 [7b3b87b1-ef59-40de-ba05-c120003f3778-groupManagement] INFO  server.RaftServerConfigKeys (ConfUtils.java:logGet(46)) - raft.server.rpc.request.timeout = 3000ms (default)
2024-04-23 19:59:44,289 [7b3b87b1-ef59-40de-ba05-c120003f3778-groupManagement] INFO  server.RaftServerConfigKeys (ConfUtils.java:logGet(46)) - raft.server.log.appender.install.snapshot.enabled = false (custom)
2024-04-23 19:59:44,289 [7b3b87b1-ef59-40de-ba05-c120003f3778-groupManagement] INFO  server.RaftServerConfigKeys (ConfUtils.java:logGet(46)) - raft.server.threadpool.server.cached = true (default)
2024-04-23 19:59:44,289 [7b3b87b1-ef59-40de-ba05-c120003f3778-groupManagement] INFO  server.RaftServerConfigKeys (ConfUtils.java:logGet(46)) - raft.server.threadpool.server.size = 0 (default)
2024-04-23 19:59:44,289 [7b3b87b1-ef59-40de-ba05-c120003f3778-groupManagement] INFO  server.RaftServerConfigKeys (ConfUtils.java:logGet(46)) - raft.server.threadpool.client.cached = true (default)
2024-04-23 19:59:44,289 [7b3b87b1-ef59-40de-ba05-c120003f3778-groupManagement] INFO  server.RaftServerConfigKeys (ConfUtils.java:logGet(46)) - raft.server.threadpool.client.size = 0 (default)
2024-04-23 19:59:44,289 [7b3b87b1-ef59-40de-ba05-c120003f3778-groupManagement] INFO  server.RaftServerConfigKeys (ConfUtils.java:logGet(46)) - raft.server.storage.free-space.min = 0MB (=0) (default)
2024-04-23 19:59:44,289 [7b3b87b1-ef59-40de-ba05-c120003f3778-groupManagement] INFO  server.RaftServerConfigKeys (ConfUtils.java:logGet(46)) - raft.server.log.corruption.policy = EXCEPTION (default)
2024-04-23 19:59:44,289 [7b3b87b1-ef59-40de-ba05-c120003f3778-groupManagement] INFO  server.RaftServerConfigKeys (ConfUtils.java:logGet(46)) - raft.server.storage.dir = [/home/runner/work/ozone/ozone/hadoop-ozone/integration-test/target/test-dir/MiniOzoneClusterImpl-d857b234-8aec-441a-a9c9-a34f2a008b14/ozone-meta/datanode-1/ratis] (custom)
2024-04-23 19:59:44,289 [7b3b87b1-ef59-40de-ba05-c120003f3778-groupManagement] INFO  storage.RaftStorageDirectory (RaftStorageDirectoryImpl.java:analyzeStorage(138)) - The storage directory /home/runner/work/ozone/ozone/hadoop-ozone/integration-test/target/test-dir/MiniOzoneClusterImpl-d857b234-8aec-441a-a9c9-a34f2a008b14/ozone-meta/datanode-1/ratis/716ab13f-d029-497d-8788-916038891b0b does not exist. Creating ...
2024-04-23 19:59:44,290 [7b3b87b1-ef59-40de-ba05-c120003f3778-groupManagement] INFO  storage.RaftStorageDirectory (RaftStorageDirectoryImpl.java:tryLock(228)) - Lock on /home/runner/work/ozone/ozone/hadoop-ozone/integration-test/target/test-dir/MiniOzoneClusterImpl-d857b234-8aec-441a-a9c9-a34f2a008b14/ozone-meta/datanode-1/ratis/716ab13f-d029-497d-8788-916038891b0b/in_use.lock acquired by nodename 20519@fv-az1496-552
2024-04-23 19:59:44,291 [7b3b87b1-ef59-40de-ba05-c120003f3778-groupManagement] INFO  storage.RaftStorage (RaftStorageImpl.java:format(99)) - Storage directory /home/runner/work/ozone/ozone/hadoop-ozone/integration-test/target/test-dir/MiniOzoneClusterImpl-d857b234-8aec-441a-a9c9-a34f2a008b14/ozone-meta/datanode-1/ratis/716ab13f-d029-497d-8788-916038891b0b has been successfully formatted.
2024-04-23 19:59:44,291 [7b3b87b1-ef59-40de-ba05-c120003f3778-groupManagement] WARN  util.FileUtils (LogUtils.java:supplyAndLog(63)) - Failed to Files.newInputStream /home/runner/work/ozone/ozone/hadoop-ozone/integration-test/target/test-dir/MiniOzoneClusterImpl-d857b234-8aec-441a-a9c9-a34f2a008b14/ozone-meta/datanode-1/ratis/716ab13f-d029-497d-8788-916038891b0b/current/raft-meta.conf with options []: java.nio.file.NoSuchFileException: /home/runner/work/ozone/ozone/hadoop-ozone/integration-test/target/test-dir/MiniOzoneClusterImpl-d857b234-8aec-441a-a9c9-a34f2a008b14/ozone-meta/datanode-1/ratis/716ab13f-d029-497d-8788-916038891b0b/current/raft-meta.conf
2024-04-23 19:59:44,292 [7b3b87b1-ef59-40de-ba05-c120003f3778-groupManagement] INFO  ratis.ContainerStateMachine (ContainerStateMachine.java:loadSnapshot(287)) - group-916038891B0B: The snapshot info is null. Setting the last applied index to:(t:0, i:~)
2024-04-23 19:59:44,292 [7b3b87b1-ef59-40de-ba05-c120003f3778-groupManagement] INFO  server.RaftServerConfigKeys (ConfUtils.java:logGet(46)) - raft.server.log.use.memory = false (default)
2024-04-23 19:59:44,292 [7b3b87b1-ef59-40de-ba05-c120003f3778-groupManagement] INFO  server.RaftServerConfigKeys (ConfUtils.java:logGet(46)) - raft.server.log.purge.gap = 1000000 (custom)
2024-04-23 19:59:44,292 [7b3b87b1-ef59-40de-ba05-c120003f3778-groupManagement] INFO  server.RaftServerConfigKeys (ConfUtils.java:logGet(46)) - raft.server.log.appender.buffer.byte-limit = 8388608 (custom)
2024-04-23 19:59:44,292 [7b3b87b1-ef59-40de-ba05-c120003f3778-groupManagement] INFO  server.RaftServerConfigKeys (ConfUtils.java:logGet(46)) - raft.server.log.statemachine.data.read.timeout = 1000ms (default)
2024-04-23 19:59:44,292 [7b3b87b1-ef59-40de-ba05-c120003f3778-groupManagement] INFO  server.RaftServerConfigKeys (ConfUtils.java:logGet(46)) - raft.server.log.purge.preservation.log.num = 0 (default)
2024-04-23 19:59:44,293 [7b3b87b1-ef59-40de-ba05-c120003f3778-groupManagement] INFO  server.RaftServerConfigKeys (ConfUtils.java:logGet(46)) - raft.server.log.segment.size.max = 67108864 (custom)
2024-04-23 19:59:44,293 [EventQueue-OpenPipelineForHealthyPipelineSafeModeRule] INFO  safemode.SCMSafeModeManager (HealthyPipelineSafeModeRule.java:process(140)) - SCM in safe mode. Healthy pipelines reported count is 0, required healthy pipeline reported count is 1
2024-04-23 19:59:44,293 [7b3b87b1-ef59-40de-ba05-c120003f3778-groupManagement] INFO  server.RaftServerConfigKeys (ConfUtils.java:logGet(46)) - raft.server.log.segment.cache.num.max = 2 (custom)
2024-04-23 19:59:44,293 [7b3b87b1-ef59-40de-ba05-c120003f3778-groupManagement] INFO  server.RaftServerConfigKeys (ConfUtils.java:logGet(46)) - raft.server.log.segment.cache.size.max = 200MB (=209715200) (default)
2024-04-23 19:59:44,293 [7b3b87b1-ef59-40de-ba05-c120003f3778-groupManagement] INFO  server.RaftServerConfigKeys (ConfUtils.java:logGet(46)) - raft.server.log.appender.buffer.byte-limit = 8388608 (custom)
2024-04-23 19:59:44,294 [7b3b87b1-ef59-40de-ba05-c120003f3778-groupManagement] INFO  util.AwaitToRun (AwaitToRun.java:start(81)) - Thread[7b3b87b1-ef59-40de-ba05-c120003f3778@group-916038891B0B-cacheEviction-AwaitToRun,5,main] started
2024-04-23 19:59:44,294 [7b3b87b1-ef59-40de-ba05-c120003f3778-groupManagement] INFO  segmented.SegmentedRaftLogWorker (SegmentedRaftLogWorker.java:<init>(182)) - new 7b3b87b1-ef59-40de-ba05-c120003f3778@group-916038891B0B-SegmentedRaftLogWorker for RaftStorageImpl:Storage Directory /home/runner/work/ozone/ozone/hadoop-ozone/integration-test/target/test-dir/MiniOzoneClusterImpl-d857b234-8aec-441a-a9c9-a34f2a008b14/ozone-meta/datanode-1/ratis/716ab13f-d029-497d-8788-916038891b0b
2024-04-23 19:59:44,294 [7b3b87b1-ef59-40de-ba05-c120003f3778-groupManagement] INFO  server.RaftServerConfigKeys (ConfUtils.java:logGet(46)) - raft.server.log.queue.byte-limit = 4294967296 (custom)
2024-04-23 19:59:44,294 [7b3b87b1-ef59-40de-ba05-c120003f3778-groupManagement] INFO  server.RaftServerConfigKeys (ConfUtils.java:logGet(46)) - raft.server.log.queue.element-limit = 1024 (custom)
2024-04-23 19:59:44,294 [7b3b87b1-ef59-40de-ba05-c120003f3778-groupManagement] INFO  server.RaftServerConfigKeys (ConfUtils.java:logGet(46)) - raft.server.log.segment.size.max = 67108864 (custom)
2024-04-23 19:59:44,294 [7b3b87b1-ef59-40de-ba05-c120003f3778-groupManagement] INFO  server.RaftServerConfigKeys (ConfUtils.java:logGet(46)) - raft.server.log.preallocated.size = 4194304 (custom)
2024-04-23 19:59:44,294 [7b3b87b1-ef59-40de-ba05-c120003f3778-groupManagement] INFO  server.RaftServerConfigKeys (ConfUtils.java:logGet(46)) - raft.server.log.force.sync.num = 128 (default)
2024-04-23 19:59:44,294 [7b3b87b1-ef59-40de-ba05-c120003f3778-groupManagement] INFO  server.RaftServerConfigKeys (ConfUtils.java:logGet(46)) - raft.server.log.statemachine.data.sync = true (default)
2024-04-23 19:59:44,294 [7b3b87b1-ef59-40de-ba05-c120003f3778-groupManagement] INFO  server.RaftServerConfigKeys (ConfUtils.java:logGet(46)) - raft.server.log.statemachine.data.sync.timeout = 10s (default)
2024-04-23 19:59:44,294 [7b3b87b1-ef59-40de-ba05-c120003f3778-groupManagement] INFO  server.RaftServerConfigKeys (ConfUtils.java:logGet(46)) - raft.server.log.statemachine.data.sync.timeout.retry = 30 (custom)
2024-04-23 19:59:44,294 [7b3b87b1-ef59-40de-ba05-c120003f3778-groupManagement] INFO  server.RaftServerConfigKeys (ConfUtils.java:logGet(46)) - raft.server.log.write.buffer.size = 8388616 (custom)
2024-04-23 19:59:44,296 [7b3b87b1-ef59-40de-ba05-c120003f3778-groupManagement] INFO  server.RaftServerConfigKeys (ConfUtils.java:logGet(46)) - raft.server.log.appender.buffer.byte-limit = 8388608 (custom)
2024-04-23 19:59:44,296 [7b3b87b1-ef59-40de-ba05-c120003f3778-groupManagement] INFO  server.RaftServerConfigKeys (ConfUtils.java:logGet(46)) - raft.server.log.unsafe-flush.enabled = false (default)
2024-04-23 19:59:44,296 [7b3b87b1-ef59-40de-ba05-c120003f3778-groupManagement] INFO  server.RaftServerConfigKeys (ConfUtils.java:logGet(46)) - raft.server.log.async-flush.enabled = false (default)
2024-04-23 19:59:44,296 [7b3b87b1-ef59-40de-ba05-c120003f3778-groupManagement] INFO  server.RaftServerConfigKeys (ConfUtils.java:logGet(46)) - raft.server.log.statemachine.data.caching.enabled = true (custom)
2024-04-23 19:59:44,296 [7b3b87b1-ef59-40de-ba05-c120003f3778-groupManagement] INFO  segmented.SegmentedRaftLogWorker (SegmentedRaftLogWorker.java:lambda$new$0(134)) - 7b3b87b1-ef59-40de-ba05-c120003f3778@group-916038891B0B-SegmentedRaftLogWorker: flushIndex: setUnconditionally 0 -> -1
2024-04-23 19:59:44,296 [7b3b87b1-ef59-40de-ba05-c120003f3778-groupManagement] INFO  segmented.SegmentedRaftLogWorker (SegmentedRaftLogWorker.java:lambda$new$0(134)) - 7b3b87b1-ef59-40de-ba05-c120003f3778@group-916038891B0B-SegmentedRaftLogWorker: safeCacheEvictIndex: setUnconditionally 0 -> -1
2024-04-23 19:59:44,296 [7b3b87b1-ef59-40de-ba05-c120003f3778-groupManagement] INFO  server.RaftServer$Division (RaftServerImpl.java:start(396)) - 7b3b87b1-ef59-40de-ba05-c120003f3778@group-916038891B0B: start as a follower, conf=-1: peers:[7b3b87b1-ef59-40de-ba05-c120003f3778|10.1.0.27:15281, f13f88a1-11f3-4f35-9751-23eec4d236b9|10.1.0.27:15299, 77d21a36-b63d-4df7-892f-b483d98564d7|10.1.0.27:15290]|listeners:[], old=null
2024-04-23 19:59:44,296 [7b3b87b1-ef59-40de-ba05-c120003f3778-groupManagement] INFO  server.RaftServer$Division (RaftServerImpl.java:setRole(383)) - 7b3b87b1-ef59-40de-ba05-c120003f3778@group-916038891B0B: changes role from      null to FOLLOWER at term 0 for startAsFollower
2024-04-23 19:59:44,296 [7b3b87b1-ef59-40de-ba05-c120003f3778-groupManagement] INFO  impl.RoleInfo (RoleInfo.java:updateAndGet(139)) - 7b3b87b1-ef59-40de-ba05-c120003f3778: start 7b3b87b1-ef59-40de-ba05-c120003f3778@group-916038891B0B-FollowerState
2024-04-23 19:59:44,297 [7b3b87b1-ef59-40de-ba05-c120003f3778-groupManagement] INFO  util.JmxRegister (JmxRegister.java:tryRegister(44)) - Successfully registered JMX Bean with object name Ratis:service=RaftServer,group=group-916038891B0B,id=7b3b87b1-ef59-40de-ba05-c120003f3778
2024-04-23 19:59:44,297 [7b3b87b1-ef59-40de-ba05-c120003f3778-groupManagement] INFO  server.RaftServerConfigKeys (ConfUtils.java:logGet(46)) - raft.server.snapshot.trigger-when-stop.enabled = true (default)
2024-04-23 19:59:44,297 [7b3b87b1-ef59-40de-ba05-c120003f3778-groupManagement] INFO  server.RaftServerConfigKeys (ConfUtils.java:logGet(46)) - raft.server.snapshot.auto.trigger.enabled = true (custom)
2024-04-23 19:59:44,297 [7b3b87b1-ef59-40de-ba05-c120003f3778@group-916038891B0B-FollowerState] INFO  server.RaftServerConfigKeys (ConfUtils.java:logFallback(53)) - raft.server.rpc.first-election.timeout.min = 5s (fallback to raft.server.rpc.timeout.min)
2024-04-23 19:59:44,297 [7b3b87b1-ef59-40de-ba05-c120003f3778-groupManagement] INFO  server.RaftServerConfigKeys (ConfUtils.java:logGet(46)) - raft.server.snapshot.auto.trigger.threshold = 10000 (custom)
2024-04-23 19:59:44,297 [7b3b87b1-ef59-40de-ba05-c120003f3778@group-916038891B0B-FollowerState] INFO  server.RaftServerConfigKeys (ConfUtils.java:logFallback(53)) - raft.server.rpc.first-election.timeout.max = 5200ms (fallback to raft.server.rpc.timeout.max)
2024-04-23 19:59:44,297 [7b3b87b1-ef59-40de-ba05-c120003f3778-groupManagement] INFO  server.RaftServerConfigKeys (ConfUtils.java:logGet(46)) - raft.server.snapshot.retention.file.num = 5 (custom)
2024-04-23 19:59:44,297 [7b3b87b1-ef59-40de-ba05-c120003f3778-groupManagement] INFO  server.RaftServerConfigKeys (ConfUtils.java:logGet(46)) - raft.server.log.purge.upto.snapshot.index = false (default)
2024-04-23 19:59:44,297 [7b3b87b1-ef59-40de-ba05-c120003f3778-PipelineCommandHandlerThread-0] INFO  ratis.XceiverServerRatis (XceiverServerRatis.java:addGroup(864)) - Created group PipelineID=716ab13f-d029-497d-8788-916038891b0b
2024-04-23 19:59:44,305 [grpc-default-executor-0] INFO  server.RaftServer (RaftServerProxy.java:addNew(100)) - 77d21a36-b63d-4df7-892f-b483d98564d7: addNew group-916038891B0B:[7b3b87b1-ef59-40de-ba05-c120003f3778|10.1.0.27:15281, f13f88a1-11f3-4f35-9751-23eec4d236b9|10.1.0.27:15299, 77d21a36-b63d-4df7-892f-b483d98564d7|10.1.0.27:15290] returns group-916038891B0B:java.util.concurrent.CompletableFuture@49b6113[Not completed]
2024-04-23 19:59:44,306 [77d21a36-b63d-4df7-892f-b483d98564d7-groupManagement] INFO  server.RaftServer$Division (RaftServerImpl.java:<init>(256)) - 77d21a36-b63d-4df7-892f-b483d98564d7: new RaftServerImpl for group-916038891B0B:[7b3b87b1-ef59-40de-ba05-c120003f3778|10.1.0.27:15281, f13f88a1-11f3-4f35-9751-23eec4d236b9|10.1.0.27:15299, 77d21a36-b63d-4df7-892f-b483d98564d7|10.1.0.27:15290] with ContainerStateMachine:uninitialized
2024-04-23 19:59:44,306 [77d21a36-b63d-4df7-892f-b483d98564d7-groupManagement] INFO  server.RaftServerConfigKeys (ConfUtils.java:logGet(46)) - raft.server.rpc.timeout.min = 5s (custom)
2024-04-23 19:59:44,306 [77d21a36-b63d-4df7-892f-b483d98564d7-groupManagement] INFO  server.RaftServerConfigKeys (ConfUtils.java:logGet(46)) - raft.server.rpc.timeout.max = 5200ms (custom)
2024-04-23 19:59:44,306 [77d21a36-b63d-4df7-892f-b483d98564d7-groupManagement] INFO  server.RaftServerConfigKeys (ConfUtils.java:logGet(46)) - raft.server.rpc.sleep.time = 25ms (default)
2024-04-23 19:59:44,306 [77d21a36-b63d-4df7-892f-b483d98564d7-groupManagement] INFO  server.RaftServerConfigKeys (ConfUtils.java:logGet(46)) - raft.server.rpc.slowness.timeout = 300000ms (custom)
2024-04-23 19:59:44,306 [77d21a36-b63d-4df7-892f-b483d98564d7-groupManagement] INFO  server.RaftServerConfigKeys (ConfUtils.java:logGet(46)) - raft.server.leaderelection.leader.step-down.wait-time = 10s (default)
2024-04-23 19:59:44,306 [77d21a36-b63d-4df7-892f-b483d98564d7-groupManagement] INFO  server.RaftServerConfigKeys (ConfUtils.java:logGet(46)) - raft.server.leaderelection.member.majority-add = false (default)
2024-04-23 19:59:44,307 [77d21a36-b63d-4df7-892f-b483d98564d7-groupManagement] INFO  server.RaftServerConfigKeys (ConfUtils.java:logGet(46)) - raft.server.sleep.deviation.threshold = 300ms (default)
2024-04-23 19:59:44,307 [77d21a36-b63d-4df7-892f-b483d98564d7-groupManagement] INFO  server.RaftServer$Division (ServerState.java:<init>(113)) - 77d21a36-b63d-4df7-892f-b483d98564d7@group-916038891B0B: ConfigurationManager, init=-1: peers:[7b3b87b1-ef59-40de-ba05-c120003f3778|10.1.0.27:15281, f13f88a1-11f3-4f35-9751-23eec4d236b9|10.1.0.27:15299, 77d21a36-b63d-4df7-892f-b483d98564d7|10.1.0.27:15290]|listeners:[], old=null, confs=<EMPTY_MAP>
2024-04-23 19:59:44,307 [77d21a36-b63d-4df7-892f-b483d98564d7-groupManagement] INFO  server.RaftServerConfigKeys (ConfUtils.java:logGet(46)) - raft.server.notification.no-leader.timeout = 300000ms (custom)
2024-04-23 19:59:44,307 [77d21a36-b63d-4df7-892f-b483d98564d7-groupManagement] INFO  server.RaftServerConfigKeys (ConfUtils.java:logGet(46)) - raft.server.read.timeout = 10s (default)
2024-04-23 19:59:44,307 [77d21a36-b63d-4df7-892f-b483d98564d7-groupManagement] INFO  server.RaftServerConfigKeys (ConfUtils.java:logGet(46)) - raft.server.retrycache.expirytime = 600000ms (custom)
2024-04-23 19:59:44,307 [77d21a36-b63d-4df7-892f-b483d98564d7-groupManagement] INFO  server.RaftServerConfigKeys (ConfUtils.java:logGet(46)) - raft.server.retrycache.statistics.expirytime = 100ms (default)
2024-04-23 19:59:44,307 [77d21a36-b63d-4df7-892f-b483d98564d7-groupManagement] INFO  server.RaftServerConfigKeys (ConfUtils.java:logGet(46)) - raft.server.read.option = DEFAULT (default)
2024-04-23 19:59:44,307 [77d21a36-b63d-4df7-892f-b483d98564d7-groupManagement] INFO  server.RaftServerConfigKeys (ConfUtils.java:logGet(46)) - raft.server.read.read-after-write-consistent.write-index-cache.expiry-time = 60s (default)
2024-04-23 19:59:44,308 [77d21a36-b63d-4df7-892f-b483d98564d7-groupManagement] INFO  server.RaftServerConfigKeys (ConfUtils.java:logGet(46)) - raft.server.rpc.request.timeout = 3000ms (default)
2024-04-23 19:59:44,308 [77d21a36-b63d-4df7-892f-b483d98564d7-groupManagement] INFO  server.RaftServerConfigKeys (ConfUtils.java:logGet(46)) - raft.server.log.appender.install.snapshot.enabled = false (custom)
2024-04-23 19:59:44,309 [77d21a36-b63d-4df7-892f-b483d98564d7-groupManagement] INFO  server.RaftServerConfigKeys (ConfUtils.java:logGet(46)) - raft.server.threadpool.server.cached = true (default)
2024-04-23 19:59:44,309 [77d21a36-b63d-4df7-892f-b483d98564d7-groupManagement] INFO  server.RaftServerConfigKeys (ConfUtils.java:logGet(46)) - raft.server.threadpool.server.size = 0 (default)
2024-04-23 19:59:44,309 [77d21a36-b63d-4df7-892f-b483d98564d7-groupManagement] INFO  server.RaftServerConfigKeys (ConfUtils.java:logGet(46)) - raft.server.threadpool.client.cached = true (default)
2024-04-23 19:59:44,309 [77d21a36-b63d-4df7-892f-b483d98564d7-groupManagement] INFO  server.RaftServerConfigKeys (ConfUtils.java:logGet(46)) - raft.server.threadpool.client.size = 0 (default)
2024-04-23 19:59:44,309 [77d21a36-b63d-4df7-892f-b483d98564d7-groupManagement] INFO  server.RaftServerConfigKeys (ConfUtils.java:logGet(46)) - raft.server.storage.free-space.min = 0MB (=0) (default)
2024-04-23 19:59:44,309 [77d21a36-b63d-4df7-892f-b483d98564d7-groupManagement] INFO  server.RaftServerConfigKeys (ConfUtils.java:logGet(46)) - raft.server.log.corruption.policy = EXCEPTION (default)
2024-04-23 19:59:44,309 [77d21a36-b63d-4df7-892f-b483d98564d7-groupManagement] INFO  server.RaftServerConfigKeys (ConfUtils.java:logGet(46)) - raft.server.storage.dir = [/home/runner/work/ozone/ozone/hadoop-ozone/integration-test/target/test-dir/MiniOzoneClusterImpl-d857b234-8aec-441a-a9c9-a34f2a008b14/ozone-meta/datanode-2/ratis] (custom)
2024-04-23 19:59:44,309 [77d21a36-b63d-4df7-892f-b483d98564d7-groupManagement] INFO  storage.RaftStorageDirectory (RaftStorageDirectoryImpl.java:analyzeStorage(138)) - The storage directory /home/runner/work/ozone/ozone/hadoop-ozone/integration-test/target/test-dir/MiniOzoneClusterImpl-d857b234-8aec-441a-a9c9-a34f2a008b14/ozone-meta/datanode-2/ratis/716ab13f-d029-497d-8788-916038891b0b does not exist. Creating ...
2024-04-23 19:59:44,310 [77d21a36-b63d-4df7-892f-b483d98564d7-groupManagement] INFO  storage.RaftStorageDirectory (RaftStorageDirectoryImpl.java:tryLock(228)) - Lock on /home/runner/work/ozone/ozone/hadoop-ozone/integration-test/target/test-dir/MiniOzoneClusterImpl-d857b234-8aec-441a-a9c9-a34f2a008b14/ozone-meta/datanode-2/ratis/716ab13f-d029-497d-8788-916038891b0b/in_use.lock acquired by nodename 20519@fv-az1496-552
2024-04-23 19:59:44,311 [77d21a36-b63d-4df7-892f-b483d98564d7-groupManagement] INFO  storage.RaftStorage (RaftStorageImpl.java:format(99)) - Storage directory /home/runner/work/ozone/ozone/hadoop-ozone/integration-test/target/test-dir/MiniOzoneClusterImpl-d857b234-8aec-441a-a9c9-a34f2a008b14/ozone-meta/datanode-2/ratis/716ab13f-d029-497d-8788-916038891b0b has been successfully formatted.
2024-04-23 19:59:44,311 [77d21a36-b63d-4df7-892f-b483d98564d7-groupManagement] WARN  util.FileUtils (LogUtils.java:supplyAndLog(63)) - Failed to Files.newInputStream /home/runner/work/ozone/ozone/hadoop-ozone/integration-test/target/test-dir/MiniOzoneClusterImpl-d857b234-8aec-441a-a9c9-a34f2a008b14/ozone-meta/datanode-2/ratis/716ab13f-d029-497d-8788-916038891b0b/current/raft-meta.conf with options []: java.nio.file.NoSuchFileException: /home/runner/work/ozone/ozone/hadoop-ozone/integration-test/target/test-dir/MiniOzoneClusterImpl-d857b234-8aec-441a-a9c9-a34f2a008b14/ozone-meta/datanode-2/ratis/716ab13f-d029-497d-8788-916038891b0b/current/raft-meta.conf
2024-04-23 19:59:44,312 [77d21a36-b63d-4df7-892f-b483d98564d7-groupManagement] INFO  ratis.ContainerStateMachine (ContainerStateMachine.java:loadSnapshot(287)) - group-916038891B0B: The snapshot info is null. Setting the last applied index to:(t:0, i:~)
2024-04-23 19:59:44,312 [77d21a36-b63d-4df7-892f-b483d98564d7-groupManagement] INFO  server.RaftServerConfigKeys (ConfUtils.java:logGet(46)) - raft.server.log.use.memory = false (default)
2024-04-23 19:59:44,312 [77d21a36-b63d-4df7-892f-b483d98564d7-groupManagement] INFO  server.RaftServerConfigKeys (ConfUtils.java:logGet(46)) - raft.server.log.purge.gap = 1000000 (custom)
2024-04-23 19:59:44,312 [77d21a36-b63d-4df7-892f-b483d98564d7-groupManagement] INFO  server.RaftServerConfigKeys (ConfUtils.java:logGet(46)) - raft.server.log.appender.buffer.byte-limit = 8388608 (custom)
2024-04-23 19:59:44,312 [77d21a36-b63d-4df7-892f-b483d98564d7-groupManagement] INFO  server.RaftServerConfigKeys (ConfUtils.java:logGet(46)) - raft.server.log.statemachine.data.read.timeout = 1000ms (default)
2024-04-23 19:59:44,312 [77d21a36-b63d-4df7-892f-b483d98564d7-groupManagement] INFO  server.RaftServerConfigKeys (ConfUtils.java:logGet(46)) - raft.server.log.purge.preservation.log.num = 0 (default)
2024-04-23 19:59:44,313 [77d21a36-b63d-4df7-892f-b483d98564d7-groupManagement] INFO  server.RaftServerConfigKeys (ConfUtils.java:logGet(46)) - raft.server.log.segment.size.max = 67108864 (custom)
2024-04-23 19:59:44,313 [77d21a36-b63d-4df7-892f-b483d98564d7-groupManagement] INFO  server.RaftServerConfigKeys (ConfUtils.java:logGet(46)) - raft.server.log.segment.cache.num.max = 2 (custom)
2024-04-23 19:59:44,313 [77d21a36-b63d-4df7-892f-b483d98564d7-groupManagement] INFO  server.RaftServerConfigKeys (ConfUtils.java:logGet(46)) - raft.server.log.segment.cache.size.max = 200MB (=209715200) (default)
2024-04-23 19:59:44,313 [77d21a36-b63d-4df7-892f-b483d98564d7-groupManagement] INFO  server.RaftServerConfigKeys (ConfUtils.java:logGet(46)) - raft.server.log.appender.buffer.byte-limit = 8388608 (custom)
2024-04-23 19:59:44,314 [77d21a36-b63d-4df7-892f-b483d98564d7-groupManagement] INFO  util.AwaitToRun (AwaitToRun.java:start(81)) - Thread[77d21a36-b63d-4df7-892f-b483d98564d7@group-916038891B0B-cacheEviction-AwaitToRun,5,main] started
2024-04-23 19:59:44,314 [77d21a36-b63d-4df7-892f-b483d98564d7-groupManagement] INFO  segmented.SegmentedRaftLogWorker (SegmentedRaftLogWorker.java:<init>(182)) - new 77d21a36-b63d-4df7-892f-b483d98564d7@group-916038891B0B-SegmentedRaftLogWorker for RaftStorageImpl:Storage Directory /home/runner/work/ozone/ozone/hadoop-ozone/integration-test/target/test-dir/MiniOzoneClusterImpl-d857b234-8aec-441a-a9c9-a34f2a008b14/ozone-meta/datanode-2/ratis/716ab13f-d029-497d-8788-916038891b0b
2024-04-23 19:59:44,314 [77d21a36-b63d-4df7-892f-b483d98564d7-groupManagement] INFO  server.RaftServerConfigKeys (ConfUtils.java:logGet(46)) - raft.server.log.queue.byte-limit = 4294967296 (custom)
2024-04-23 19:59:44,314 [77d21a36-b63d-4df7-892f-b483d98564d7-groupManagement] INFO  server.RaftServerConfigKeys (ConfUtils.java:logGet(46)) - raft.server.log.queue.element-limit = 1024 (custom)
2024-04-23 19:59:44,314 [77d21a36-b63d-4df7-892f-b483d98564d7-groupManagement] INFO  server.RaftServerConfigKeys (ConfUtils.java:logGet(46)) - raft.server.log.segment.size.max = 67108864 (custom)
2024-04-23 19:59:44,314 [77d21a36-b63d-4df7-892f-b483d98564d7-groupManagement] INFO  server.RaftServerConfigKeys (ConfUtils.java:logGet(46)) - raft.server.log.preallocated.size = 4194304 (custom)
2024-04-23 19:59:44,314 [77d21a36-b63d-4df7-892f-b483d98564d7-groupManagement] INFO  server.RaftServerConfigKeys (ConfUtils.java:logGet(46)) - raft.server.log.force.sync.num = 128 (default)
2024-04-23 19:59:44,314 [77d21a36-b63d-4df7-892f-b483d98564d7-groupManagement] INFO  server.RaftServerConfigKeys (ConfUtils.java:logGet(46)) - raft.server.log.statemachine.data.sync = true (default)
2024-04-23 19:59:44,314 [77d21a36-b63d-4df7-892f-b483d98564d7-groupManagement] INFO  server.RaftServerConfigKeys (ConfUtils.java:logGet(46)) - raft.server.log.statemachine.data.sync.timeout = 10s (default)
2024-04-23 19:59:44,314 [77d21a36-b63d-4df7-892f-b483d98564d7-groupManagement] INFO  server.RaftServerConfigKeys (ConfUtils.java:logGet(46)) - raft.server.log.statemachine.data.sync.timeout.retry = 30 (custom)
2024-04-23 19:59:44,314 [77d21a36-b63d-4df7-892f-b483d98564d7-groupManagement] INFO  server.RaftServerConfigKeys (ConfUtils.java:logGet(46)) - raft.server.log.write.buffer.size = 8388616 (custom)
2024-04-23 19:59:44,315 [77d21a36-b63d-4df7-892f-b483d98564d7-groupManagement] INFO  server.RaftServerConfigKeys (ConfUtils.java:logGet(46)) - raft.server.log.appender.buffer.byte-limit = 8388608 (custom)
2024-04-23 19:59:44,315 [77d21a36-b63d-4df7-892f-b483d98564d7-groupManagement] INFO  server.RaftServerConfigKeys (ConfUtils.java:logGet(46)) - raft.server.log.unsafe-flush.enabled = false (default)
2024-04-23 19:59:44,316 [77d21a36-b63d-4df7-892f-b483d98564d7-groupManagement] INFO  server.RaftServerConfigKeys (ConfUtils.java:logGet(46)) - raft.server.log.async-flush.enabled = false (default)
2024-04-23 19:59:44,316 [77d21a36-b63d-4df7-892f-b483d98564d7-groupManagement] INFO  server.RaftServerConfigKeys (ConfUtils.java:logGet(46)) - raft.server.log.statemachine.data.caching.enabled = true (custom)
2024-04-23 19:59:44,316 [77d21a36-b63d-4df7-892f-b483d98564d7-groupManagement] INFO  segmented.SegmentedRaftLogWorker (SegmentedRaftLogWorker.java:lambda$new$0(134)) - 77d21a36-b63d-4df7-892f-b483d98564d7@group-916038891B0B-SegmentedRaftLogWorker: flushIndex: setUnconditionally 0 -> -1
2024-04-23 19:59:44,316 [77d21a36-b63d-4df7-892f-b483d98564d7-groupManagement] INFO  segmented.SegmentedRaftLogWorker (SegmentedRaftLogWorker.java:lambda$new$0(134)) - 77d21a36-b63d-4df7-892f-b483d98564d7@group-916038891B0B-SegmentedRaftLogWorker: safeCacheEvictIndex: setUnconditionally 0 -> -1
2024-04-23 19:59:44,316 [77d21a36-b63d-4df7-892f-b483d98564d7-groupManagement] INFO  server.RaftServer$Division (RaftServerImpl.java:start(396)) - 77d21a36-b63d-4df7-892f-b483d98564d7@group-916038891B0B: start as a follower, conf=-1: peers:[7b3b87b1-ef59-40de-ba05-c120003f3778|10.1.0.27:15281, f13f88a1-11f3-4f35-9751-23eec4d236b9|10.1.0.27:15299, 77d21a36-b63d-4df7-892f-b483d98564d7|10.1.0.27:15290]|listeners:[], old=null
2024-04-23 19:59:44,316 [77d21a36-b63d-4df7-892f-b483d98564d7-groupManagement] INFO  server.RaftServer$Division (RaftServerImpl.java:setRole(383)) - 77d21a36-b63d-4df7-892f-b483d98564d7@group-916038891B0B: changes role from      null to FOLLOWER at term 0 for startAsFollower
2024-04-23 19:59:44,316 [77d21a36-b63d-4df7-892f-b483d98564d7-groupManagement] INFO  impl.RoleInfo (RoleInfo.java:updateAndGet(139)) - 77d21a36-b63d-4df7-892f-b483d98564d7: start 77d21a36-b63d-4df7-892f-b483d98564d7@group-916038891B0B-FollowerState
2024-04-23 19:59:44,316 [77d21a36-b63d-4df7-892f-b483d98564d7-groupManagement] INFO  util.JmxRegister (JmxRegister.java:tryRegister(44)) - Successfully registered JMX Bean with object name Ratis:service=RaftServer,group=group-916038891B0B,id=77d21a36-b63d-4df7-892f-b483d98564d7
2024-04-23 19:59:44,316 [77d21a36-b63d-4df7-892f-b483d98564d7@group-916038891B0B-FollowerState] INFO  server.RaftServerConfigKeys (ConfUtils.java:logFallback(53)) - raft.server.rpc.first-election.timeout.min = 5s (fallback to raft.server.rpc.timeout.min)
2024-04-23 19:59:44,316 [77d21a36-b63d-4df7-892f-b483d98564d7-groupManagement] INFO  server.RaftServerConfigKeys (ConfUtils.java:logGet(46)) - raft.server.snapshot.trigger-when-stop.enabled = true (default)
2024-04-23 19:59:44,316 [77d21a36-b63d-4df7-892f-b483d98564d7@group-916038891B0B-FollowerState] INFO  server.RaftServerConfigKeys (ConfUtils.java:logFallback(53)) - raft.server.rpc.first-election.timeout.max = 5200ms (fallback to raft.server.rpc.timeout.max)
2024-04-23 19:59:44,316 [77d21a36-b63d-4df7-892f-b483d98564d7-groupManagement] INFO  server.RaftServerConfigKeys (ConfUtils.java:logGet(46)) - raft.server.snapshot.auto.trigger.enabled = true (custom)
2024-04-23 19:59:44,317 [77d21a36-b63d-4df7-892f-b483d98564d7-groupManagement] INFO  server.RaftServerConfigKeys (ConfUtils.java:logGet(46)) - raft.server.snapshot.auto.trigger.threshold = 10000 (custom)
2024-04-23 19:59:44,317 [77d21a36-b63d-4df7-892f-b483d98564d7-groupManagement] INFO  server.RaftServerConfigKeys (ConfUtils.java:logGet(46)) - raft.server.snapshot.retention.file.num = 5 (custom)
2024-04-23 19:59:44,317 [77d21a36-b63d-4df7-892f-b483d98564d7-groupManagement] INFO  server.RaftServerConfigKeys (ConfUtils.java:logGet(46)) - raft.server.log.purge.upto.snapshot.index = false (default)
2024-04-23 19:59:44,326 [grpc-default-executor-0] INFO  server.RaftServer (RaftServerProxy.java:addNew(100)) - f13f88a1-11f3-4f35-9751-23eec4d236b9: addNew group-916038891B0B:[7b3b87b1-ef59-40de-ba05-c120003f3778|10.1.0.27:15281, f13f88a1-11f3-4f35-9751-23eec4d236b9|10.1.0.27:15299, 77d21a36-b63d-4df7-892f-b483d98564d7|10.1.0.27:15290] returns group-916038891B0B:java.util.concurrent.CompletableFuture@7980bbd9[Not completed]
2024-04-23 19:59:44,326 [f13f88a1-11f3-4f35-9751-23eec4d236b9-groupManagement] INFO  server.RaftServer$Division (RaftServerImpl.java:<init>(256)) - f13f88a1-11f3-4f35-9751-23eec4d236b9: new RaftServerImpl for group-916038891B0B:[7b3b87b1-ef59-40de-ba05-c120003f3778|10.1.0.27:15281, f13f88a1-11f3-4f35-9751-23eec4d236b9|10.1.0.27:15299, 77d21a36-b63d-4df7-892f-b483d98564d7|10.1.0.27:15290] with ContainerStateMachine:uninitialized
2024-04-23 19:59:44,329 [f13f88a1-11f3-4f35-9751-23eec4d236b9-groupManagement] INFO  server.RaftServerConfigKeys (ConfUtils.java:logGet(46)) - raft.server.rpc.timeout.min = 5s (custom)
2024-04-23 19:59:44,329 [77d21a36-b63d-4df7-892f-b483d98564d7-groupManagement] INFO  server.RaftServer$Division (RaftServerImpl.java:<init>(256)) - 77d21a36-b63d-4df7-892f-b483d98564d7: new RaftServerImpl for group-3B23CB8E5EC0:[77d21a36-b63d-4df7-892f-b483d98564d7|10.1.0.27:15290] with ContainerStateMachine:uninitialized
2024-04-23 19:59:44,329 [77d21a36-b63d-4df7-892f-b483d98564d7-groupManagement] INFO  server.RaftServerConfigKeys (ConfUtils.java:logGet(46)) - raft.server.rpc.timeout.min = 5s (custom)
2024-04-23 19:59:44,329 [77d21a36-b63d-4df7-892f-b483d98564d7-groupManagement] INFO  server.RaftServerConfigKeys (ConfUtils.java:logGet(46)) - raft.server.rpc.timeout.max = 5200ms (custom)
2024-04-23 19:59:44,329 [77d21a36-b63d-4df7-892f-b483d98564d7-groupManagement] INFO  server.RaftServerConfigKeys (ConfUtils.java:logGet(46)) - raft.server.rpc.sleep.time = 25ms (default)
2024-04-23 19:59:44,329 [77d21a36-b63d-4df7-892f-b483d98564d7-groupManagement] INFO  server.RaftServerConfigKeys (ConfUtils.java:logGet(46)) - raft.server.rpc.slowness.timeout = 300000ms (custom)
2024-04-23 19:59:44,329 [77d21a36-b63d-4df7-892f-b483d98564d7-groupManagement] INFO  server.RaftServerConfigKeys (ConfUtils.java:logGet(46)) - raft.server.leaderelection.leader.step-down.wait-time = 10s (default)
2024-04-23 19:59:44,329 [77d21a36-b63d-4df7-892f-b483d98564d7-groupManagement] INFO  server.RaftServerConfigKeys (ConfUtils.java:logGet(46)) - raft.server.leaderelection.member.majority-add = false (default)
2024-04-23 19:59:44,329 [77d21a36-b63d-4df7-892f-b483d98564d7-groupManagement] INFO  server.RaftServerConfigKeys (ConfUtils.java:logGet(46)) - raft.server.sleep.deviation.threshold = 300ms (default)
2024-04-23 19:59:44,329 [77d21a36-b63d-4df7-892f-b483d98564d7-groupManagement] INFO  server.RaftServer$Division (ServerState.java:<init>(113)) - 77d21a36-b63d-4df7-892f-b483d98564d7@group-3B23CB8E5EC0: ConfigurationManager, init=-1: peers:[77d21a36-b63d-4df7-892f-b483d98564d7|10.1.0.27:15290]|listeners:[], old=null, confs=<EMPTY_MAP>
2024-04-23 19:59:44,329 [f13f88a1-11f3-4f35-9751-23eec4d236b9-groupManagement] INFO  server.RaftServerConfigKeys (ConfUtils.java:logGet(46)) - raft.server.rpc.timeout.max = 5200ms (custom)
2024-04-23 19:59:44,330 [f13f88a1-11f3-4f35-9751-23eec4d236b9-groupManagement] INFO  server.RaftServerConfigKeys (ConfUtils.java:logGet(46)) - raft.server.rpc.sleep.time = 25ms (default)
2024-04-23 19:59:44,330 [77d21a36-b63d-4df7-892f-b483d98564d7-groupManagement] INFO  server.RaftServerConfigKeys (ConfUtils.java:logGet(46)) - raft.server.notification.no-leader.timeout = 300000ms (custom)
2024-04-23 19:59:44,330 [f13f88a1-11f3-4f35-9751-23eec4d236b9-groupManagement] INFO  server.RaftServerConfigKeys (ConfUtils.java:logGet(46)) - raft.server.rpc.slowness.timeout = 300000ms (custom)
2024-04-23 19:59:44,330 [77d21a36-b63d-4df7-892f-b483d98564d7-PipelineCommandHandlerThread-0] INFO  server.RaftServer (RaftServerProxy.java:addNew(100)) - 77d21a36-b63d-4df7-892f-b483d98564d7: addNew group-3B23CB8E5EC0:[77d21a36-b63d-4df7-892f-b483d98564d7|10.1.0.27:15290] returns group-3B23CB8E5EC0:java.util.concurrent.CompletableFuture@33fdd305[Not completed]
2024-04-23 19:59:44,330 [f13f88a1-11f3-4f35-9751-23eec4d236b9-groupManagement] INFO  server.RaftServerConfigKeys (ConfUtils.java:logGet(46)) - raft.server.leaderelection.leader.step-down.wait-time = 10s (default)
2024-04-23 19:59:44,330 [77d21a36-b63d-4df7-892f-b483d98564d7-groupManagement] INFO  server.RaftServerConfigKeys (ConfUtils.java:logGet(46)) - raft.server.read.timeout = 10s (default)
2024-04-23 19:59:44,330 [f13f88a1-11f3-4f35-9751-23eec4d236b9-groupManagement] INFO  server.RaftServerConfigKeys (ConfUtils.java:logGet(46)) - raft.server.leaderelection.member.majority-add = false (default)
2024-04-23 19:59:44,330 [77d21a36-b63d-4df7-892f-b483d98564d7-groupManagement] INFO  server.RaftServerConfigKeys (ConfUtils.java:logGet(46)) - raft.server.retrycache.expirytime = 600000ms (custom)
2024-04-23 19:59:44,330 [f13f88a1-11f3-4f35-9751-23eec4d236b9-groupManagement] INFO  server.RaftServerConfigKeys (ConfUtils.java:logGet(46)) - raft.server.sleep.deviation.threshold = 300ms (default)
2024-04-23 19:59:44,330 [77d21a36-b63d-4df7-892f-b483d98564d7-groupManagement] INFO  server.RaftServerConfigKeys (ConfUtils.java:logGet(46)) - raft.server.retrycache.statistics.expirytime = 100ms (default)
2024-04-23 19:59:44,330 [f13f88a1-11f3-4f35-9751-23eec4d236b9-groupManagement] INFO  server.RaftServer$Division (ServerState.java:<init>(113)) - f13f88a1-11f3-4f35-9751-23eec4d236b9@group-916038891B0B: ConfigurationManager, init=-1: peers:[7b3b87b1-ef59-40de-ba05-c120003f3778|10.1.0.27:15281, f13f88a1-11f3-4f35-9751-23eec4d236b9|10.1.0.27:15299, 77d21a36-b63d-4df7-892f-b483d98564d7|10.1.0.27:15290]|listeners:[], old=null, confs=<EMPTY_MAP>
2024-04-23 19:59:44,330 [77d21a36-b63d-4df7-892f-b483d98564d7-groupManagement] INFO  server.RaftServerConfigKeys (ConfUtils.java:logGet(46)) - raft.server.read.option = DEFAULT (default)
2024-04-23 19:59:44,330 [f13f88a1-11f3-4f35-9751-23eec4d236b9-groupManagement] INFO  server.RaftServerConfigKeys (ConfUtils.java:logGet(46)) - raft.server.notification.no-leader.timeout = 300000ms (custom)
2024-04-23 19:59:44,330 [77d21a36-b63d-4df7-892f-b483d98564d7-groupManagement] INFO  server.RaftServerConfigKeys (ConfUtils.java:logGet(46)) - raft.server.read.read-after-write-consistent.write-index-cache.expiry-time = 60s (default)
2024-04-23 19:59:44,330 [f13f88a1-11f3-4f35-9751-23eec4d236b9-groupManagement] INFO  server.RaftServerConfigKeys (ConfUtils.java:logGet(46)) - raft.server.read.timeout = 10s (default)
2024-04-23 19:59:44,330 [f13f88a1-11f3-4f35-9751-23eec4d236b9-groupManagement] INFO  server.RaftServerConfigKeys (ConfUtils.java:logGet(46)) - raft.server.retrycache.expirytime = 600000ms (custom)
2024-04-23 19:59:44,330 [f13f88a1-11f3-4f35-9751-23eec4d236b9-groupManagement] INFO  server.RaftServerConfigKeys (ConfUtils.java:logGet(46)) - raft.server.retrycache.statistics.expirytime = 100ms (default)
2024-04-23 19:59:44,331 [f13f88a1-11f3-4f35-9751-23eec4d236b9-groupManagement] INFO  server.RaftServerConfigKeys (ConfUtils.java:logGet(46)) - raft.server.read.option = DEFAULT (default)
2024-04-23 19:59:44,331 [f13f88a1-11f3-4f35-9751-23eec4d236b9-groupManagement] INFO  server.RaftServerConfigKeys (ConfUtils.java:logGet(46)) - raft.server.read.read-after-write-consistent.write-index-cache.expiry-time = 60s (default)
2024-04-23 19:59:44,336 [77d21a36-b63d-4df7-892f-b483d98564d7-groupManagement] INFO  server.RaftServerConfigKeys (ConfUtils.java:logGet(46)) - raft.server.rpc.request.timeout = 3000ms (default)
2024-04-23 19:59:44,336 [77d21a36-b63d-4df7-892f-b483d98564d7-groupManagement] INFO  server.RaftServerConfigKeys (ConfUtils.java:logGet(46)) - raft.server.log.appender.install.snapshot.enabled = false (custom)
2024-04-23 19:59:44,336 [77d21a36-b63d-4df7-892f-b483d98564d7-groupManagement] INFO  server.RaftServerConfigKeys (ConfUtils.java:logGet(46)) - raft.server.threadpool.server.cached = true (default)
2024-04-23 19:59:44,336 [77d21a36-b63d-4df7-892f-b483d98564d7-groupManagement] INFO  server.RaftServerConfigKeys (ConfUtils.java:logGet(46)) - raft.server.threadpool.server.size = 0 (default)
2024-04-23 19:59:44,336 [77d21a36-b63d-4df7-892f-b483d98564d7-groupManagement] INFO  server.RaftServerConfigKeys (ConfUtils.java:logGet(46)) - raft.server.threadpool.client.cached = true (default)
2024-04-23 19:59:44,336 [77d21a36-b63d-4df7-892f-b483d98564d7-groupManagement] INFO  server.RaftServerConfigKeys (ConfUtils.java:logGet(46)) - raft.server.threadpool.client.size = 0 (default)
2024-04-23 19:59:44,337 [77d21a36-b63d-4df7-892f-b483d98564d7-groupManagement] INFO  server.RaftServerConfigKeys (ConfUtils.java:logGet(46)) - raft.server.storage.free-space.min = 0MB (=0) (default)
2024-04-23 19:59:44,337 [77d21a36-b63d-4df7-892f-b483d98564d7-groupManagement] INFO  server.RaftServerConfigKeys (ConfUtils.java:logGet(46)) - raft.server.log.corruption.policy = EXCEPTION (default)
2024-04-23 19:59:44,337 [77d21a36-b63d-4df7-892f-b483d98564d7-groupManagement] INFO  server.RaftServerConfigKeys (ConfUtils.java:logGet(46)) - raft.server.storage.dir = [/home/runner/work/ozone/ozone/hadoop-ozone/integration-test/target/test-dir/MiniOzoneClusterImpl-d857b234-8aec-441a-a9c9-a34f2a008b14/ozone-meta/datanode-2/ratis] (custom)
2024-04-23 19:59:44,337 [f13f88a1-11f3-4f35-9751-23eec4d236b9-groupManagement] INFO  server.RaftServerConfigKeys (ConfUtils.java:logGet(46)) - raft.server.rpc.request.timeout = 3000ms (default)
2024-04-23 19:59:44,337 [f13f88a1-11f3-4f35-9751-23eec4d236b9-groupManagement] INFO  server.RaftServerConfigKeys (ConfUtils.java:logGet(46)) - raft.server.log.appender.install.snapshot.enabled = false (custom)
2024-04-23 19:59:44,337 [f13f88a1-11f3-4f35-9751-23eec4d236b9-groupManagement] INFO  server.RaftServerConfigKeys (ConfUtils.java:logGet(46)) - raft.server.threadpool.server.cached = true (default)
2024-04-23 19:59:44,337 [77d21a36-b63d-4df7-892f-b483d98564d7-groupManagement] INFO  storage.RaftStorageDirectory (RaftStorageDirectoryImpl.java:analyzeStorage(138)) - The storage directory /home/runner/work/ozone/ozone/hadoop-ozone/integration-test/target/test-dir/MiniOzoneClusterImpl-d857b234-8aec-441a-a9c9-a34f2a008b14/ozone-meta/datanode-2/ratis/3592405c-2859-439b-9372-3b23cb8e5ec0 does not exist. Creating ...
2024-04-23 19:59:44,337 [f13f88a1-11f3-4f35-9751-23eec4d236b9-groupManagement] INFO  server.RaftServerConfigKeys (ConfUtils.java:logGet(46)) - raft.server.threadpool.server.size = 0 (default)
2024-04-23 19:59:44,337 [f13f88a1-11f3-4f35-9751-23eec4d236b9-groupManagement] INFO  server.RaftServerConfigKeys (ConfUtils.java:logGet(46)) - raft.server.threadpool.client.cached = true (default)
2024-04-23 19:59:44,337 [f13f88a1-11f3-4f35-9751-23eec4d236b9-groupManagement] INFO  server.RaftServerConfigKeys (ConfUtils.java:logGet(46)) - raft.server.threadpool.client.size = 0 (default)
2024-04-23 19:59:44,337 [f13f88a1-11f3-4f35-9751-23eec4d236b9-groupManagement] INFO  server.RaftServerConfigKeys (ConfUtils.java:logGet(46)) - raft.server.storage.free-space.min = 0MB (=0) (default)
2024-04-23 19:59:44,337 [f13f88a1-11f3-4f35-9751-23eec4d236b9-groupManagement] INFO  server.RaftServerConfigKeys (ConfUtils.java:logGet(46)) - raft.server.log.corruption.policy = EXCEPTION (default)
2024-04-23 19:59:44,337 [f13f88a1-11f3-4f35-9751-23eec4d236b9-groupManagement] INFO  server.RaftServerConfigKeys (ConfUtils.java:logGet(46)) - raft.server.storage.dir = [/home/runner/work/ozone/ozone/hadoop-ozone/integration-test/target/test-dir/MiniOzoneClusterImpl-d857b234-8aec-441a-a9c9-a34f2a008b14/ozone-meta/datanode-3/ratis] (custom)
2024-04-23 19:59:44,338 [f13f88a1-11f3-4f35-9751-23eec4d236b9-groupManagement] INFO  storage.RaftStorageDirectory (RaftStorageDirectoryImpl.java:analyzeStorage(138)) - The storage directory /home/runner/work/ozone/ozone/hadoop-ozone/integration-test/target/test-dir/MiniOzoneClusterImpl-d857b234-8aec-441a-a9c9-a34f2a008b14/ozone-meta/datanode-3/ratis/716ab13f-d029-497d-8788-916038891b0b does not exist. Creating ...
2024-04-23 19:59:44,338 [f13f88a1-11f3-4f35-9751-23eec4d236b9-groupManagement] INFO  storage.RaftStorageDirectory (RaftStorageDirectoryImpl.java:tryLock(228)) - Lock on /home/runner/work/ozone/ozone/hadoop-ozone/integration-test/target/test-dir/MiniOzoneClusterImpl-d857b234-8aec-441a-a9c9-a34f2a008b14/ozone-meta/datanode-3/ratis/716ab13f-d029-497d-8788-916038891b0b/in_use.lock acquired by nodename 20519@fv-az1496-552
2024-04-23 19:59:44,339 [f13f88a1-11f3-4f35-9751-23eec4d236b9-groupManagement] INFO  storage.RaftStorage (RaftStorageImpl.java:format(99)) - Storage directory /home/runner/work/ozone/ozone/hadoop-ozone/integration-test/target/test-dir/MiniOzoneClusterImpl-d857b234-8aec-441a-a9c9-a34f2a008b14/ozone-meta/datanode-3/ratis/716ab13f-d029-497d-8788-916038891b0b has been successfully formatted.
2024-04-23 19:59:44,340 [f13f88a1-11f3-4f35-9751-23eec4d236b9-groupManagement] WARN  util.FileUtils (LogUtils.java:supplyAndLog(63)) - Failed to Files.newInputStream /home/runner/work/ozone/ozone/hadoop-ozone/integration-test/target/test-dir/MiniOzoneClusterImpl-d857b234-8aec-441a-a9c9-a34f2a008b14/ozone-meta/datanode-3/ratis/716ab13f-d029-497d-8788-916038891b0b/current/raft-meta.conf with options []: java.nio.file.NoSuchFileException: /home/runner/work/ozone/ozone/hadoop-ozone/integration-test/target/test-dir/MiniOzoneClusterImpl-d857b234-8aec-441a-a9c9-a34f2a008b14/ozone-meta/datanode-3/ratis/716ab13f-d029-497d-8788-916038891b0b/current/raft-meta.conf
2024-04-23 19:59:44,340 [f13f88a1-11f3-4f35-9751-23eec4d236b9-groupManagement] INFO  ratis.ContainerStateMachine (ContainerStateMachine.java:loadSnapshot(287)) - group-916038891B0B: The snapshot info is null. Setting the last applied index to:(t:0, i:~)
2024-04-23 19:59:44,341 [f13f88a1-11f3-4f35-9751-23eec4d236b9-groupManagement] INFO  server.RaftServerConfigKeys (ConfUtils.java:logGet(46)) - raft.server.log.use.memory = false (default)
2024-04-23 19:59:44,341 [f13f88a1-11f3-4f35-9751-23eec4d236b9-groupManagement] INFO  server.RaftServerConfigKeys (ConfUtils.java:logGet(46)) - raft.server.log.purge.gap = 1000000 (custom)
2024-04-23 19:59:44,341 [77d21a36-b63d-4df7-892f-b483d98564d7-groupManagement] INFO  storage.RaftStorageDirectory (RaftStorageDirectoryImpl.java:tryLock(228)) - Lock on /home/runner/work/ozone/ozone/hadoop-ozone/integration-test/target/test-dir/MiniOzoneClusterImpl-d857b234-8aec-441a-a9c9-a34f2a008b14/ozone-meta/datanode-2/ratis/3592405c-2859-439b-9372-3b23cb8e5ec0/in_use.lock acquired by nodename 20519@fv-az1496-552
2024-04-23 19:59:44,341 [f13f88a1-11f3-4f35-9751-23eec4d236b9-groupManagement] INFO  server.RaftServerConfigKeys (ConfUtils.java:logGet(46)) - raft.server.log.appender.buffer.byte-limit = 8388608 (custom)
2024-04-23 19:59:44,341 [f13f88a1-11f3-4f35-9751-23eec4d236b9-groupManagement] INFO  server.RaftServerConfigKeys (ConfUtils.java:logGet(46)) - raft.server.log.statemachine.data.read.timeout = 1000ms (default)
2024-04-23 19:59:44,341 [f13f88a1-11f3-4f35-9751-23eec4d236b9-groupManagement] INFO  server.RaftServerConfigKeys (ConfUtils.java:logGet(46)) - raft.server.log.purge.preservation.log.num = 0 (default)
2024-04-23 19:59:44,342 [77d21a36-b63d-4df7-892f-b483d98564d7-groupManagement] INFO  storage.RaftStorage (RaftStorageImpl.java:format(99)) - Storage directory /home/runner/work/ozone/ozone/hadoop-ozone/integration-test/target/test-dir/MiniOzoneClusterImpl-d857b234-8aec-441a-a9c9-a34f2a008b14/ozone-meta/datanode-2/ratis/3592405c-2859-439b-9372-3b23cb8e5ec0 has been successfully formatted.
2024-04-23 19:59:44,342 [77d21a36-b63d-4df7-892f-b483d98564d7-groupManagement] WARN  util.FileUtils (LogUtils.java:supplyAndLog(63)) - Failed to Files.newInputStream /home/runner/work/ozone/ozone/hadoop-ozone/integration-test/target/test-dir/MiniOzoneClusterImpl-d857b234-8aec-441a-a9c9-a34f2a008b14/ozone-meta/datanode-2/ratis/3592405c-2859-439b-9372-3b23cb8e5ec0/current/raft-meta.conf with options []: java.nio.file.NoSuchFileException: /home/runner/work/ozone/ozone/hadoop-ozone/integration-test/target/test-dir/MiniOzoneClusterImpl-d857b234-8aec-441a-a9c9-a34f2a008b14/ozone-meta/datanode-2/ratis/3592405c-2859-439b-9372-3b23cb8e5ec0/current/raft-meta.conf
2024-04-23 19:59:44,342 [77d21a36-b63d-4df7-892f-b483d98564d7-groupManagement] INFO  ratis.ContainerStateMachine (ContainerStateMachine.java:loadSnapshot(287)) - group-3B23CB8E5EC0: The snapshot info is null. Setting the last applied index to:(t:0, i:~)
2024-04-23 19:59:44,342 [77d21a36-b63d-4df7-892f-b483d98564d7-groupManagement] INFO  server.RaftServerConfigKeys (ConfUtils.java:logGet(46)) - raft.server.log.use.memory = false (default)
2024-04-23 19:59:44,342 [f13f88a1-11f3-4f35-9751-23eec4d236b9-groupManagement] INFO  server.RaftServerConfigKeys (ConfUtils.java:logGet(46)) - raft.server.log.segment.size.max = 67108864 (custom)
2024-04-23 19:59:44,342 [77d21a36-b63d-4df7-892f-b483d98564d7-groupManagement] INFO  server.RaftServerConfigKeys (ConfUtils.java:logGet(46)) - raft.server.log.purge.gap = 1000000 (custom)
2024-04-23 19:59:44,343 [77d21a36-b63d-4df7-892f-b483d98564d7-groupManagement] INFO  server.RaftServerConfigKeys (ConfUtils.java:logGet(46)) - raft.server.log.appender.buffer.byte-limit = 8388608 (custom)
2024-04-23 19:59:44,343 [77d21a36-b63d-4df7-892f-b483d98564d7-groupManagement] INFO  server.RaftServerConfigKeys (ConfUtils.java:logGet(46)) - raft.server.log.statemachine.data.read.timeout = 1000ms (default)
2024-04-23 19:59:44,343 [77d21a36-b63d-4df7-892f-b483d98564d7-groupManagement] INFO  server.RaftServerConfigKeys (ConfUtils.java:logGet(46)) - raft.server.log.purge.preservation.log.num = 0 (default)
2024-04-23 19:59:44,343 [EventQueue-PipelineReportForPipelineReportHandler] INFO  pipeline.PipelineReportHandler (PipelineReportHandler.java:processPipelineReport(136)) - Opened pipeline PipelineID=3592405c-2859-439b-9372-3b23cb8e5ec0
2024-04-23 19:59:44,343 [EventQueue-OpenPipelineForHealthyPipelineSafeModeRule] INFO  safemode.SCMSafeModeManager (HealthyPipelineSafeModeRule.java:process(140)) - SCM in safe mode. Healthy pipelines reported count is 0, required healthy pipeline reported count is 1
2024-04-23 19:59:44,344 [77d21a36-b63d-4df7-892f-b483d98564d7-groupManagement] INFO  server.RaftServerConfigKeys (ConfUtils.java:logGet(46)) - raft.server.log.segment.size.max = 67108864 (custom)
2024-04-23 19:59:44,344 [77d21a36-b63d-4df7-892f-b483d98564d7-groupManagement] INFO  server.RaftServerConfigKeys (ConfUtils.java:logGet(46)) - raft.server.log.segment.cache.num.max = 2 (custom)
2024-04-23 19:59:44,344 [77d21a36-b63d-4df7-892f-b483d98564d7-groupManagement] INFO  server.RaftServerConfigKeys (ConfUtils.java:logGet(46)) - raft.server.log.segment.cache.size.max = 200MB (=209715200) (default)
2024-04-23 19:59:44,344 [77d21a36-b63d-4df7-892f-b483d98564d7-groupManagement] INFO  server.RaftServerConfigKeys (ConfUtils.java:logGet(46)) - raft.server.log.appender.buffer.byte-limit = 8388608 (custom)
2024-04-23 19:59:44,343 [f13f88a1-11f3-4f35-9751-23eec4d236b9-groupManagement] INFO  server.RaftServerConfigKeys (ConfUtils.java:logGet(46)) - raft.server.log.segment.cache.num.max = 2 (custom)
2024-04-23 19:59:44,344 [f13f88a1-11f3-4f35-9751-23eec4d236b9-groupManagement] INFO  server.RaftServerConfigKeys (ConfUtils.java:logGet(46)) - raft.server.log.segment.cache.size.max = 200MB (=209715200) (default)
2024-04-23 19:59:44,344 [f13f88a1-11f3-4f35-9751-23eec4d236b9-groupManagement] INFO  server.RaftServerConfigKeys (ConfUtils.java:logGet(46)) - raft.server.log.appender.buffer.byte-limit = 8388608 (custom)
2024-04-23 19:59:44,344 [77d21a36-b63d-4df7-892f-b483d98564d7-groupManagement] INFO  util.AwaitToRun (AwaitToRun.java:start(81)) - Thread[77d21a36-b63d-4df7-892f-b483d98564d7@group-3B23CB8E5EC0-cacheEviction-AwaitToRun,5,main] started
2024-04-23 19:59:44,344 [77d21a36-b63d-4df7-892f-b483d98564d7-groupManagement] INFO  segmented.SegmentedRaftLogWorker (SegmentedRaftLogWorker.java:<init>(182)) - new 77d21a36-b63d-4df7-892f-b483d98564d7@group-3B23CB8E5EC0-SegmentedRaftLogWorker for RaftStorageImpl:Storage Directory /home/runner/work/ozone/ozone/hadoop-ozone/integration-test/target/test-dir/MiniOzoneClusterImpl-d857b234-8aec-441a-a9c9-a34f2a008b14/ozone-meta/datanode-2/ratis/3592405c-2859-439b-9372-3b23cb8e5ec0
2024-04-23 19:59:44,344 [77d21a36-b63d-4df7-892f-b483d98564d7-groupManagement] INFO  server.RaftServerConfigKeys (ConfUtils.java:logGet(46)) - raft.server.log.queue.byte-limit = 4294967296 (custom)
2024-04-23 19:59:44,344 [77d21a36-b63d-4df7-892f-b483d98564d7-groupManagement] INFO  server.RaftServerConfigKeys (ConfUtils.java:logGet(46)) - raft.server.log.queue.element-limit = 1024 (custom)
2024-04-23 19:59:44,344 [77d21a36-b63d-4df7-892f-b483d98564d7-groupManagement] INFO  server.RaftServerConfigKeys (ConfUtils.java:logGet(46)) - raft.server.log.segment.size.max = 67108864 (custom)
2024-04-23 19:59:44,344 [77d21a36-b63d-4df7-892f-b483d98564d7-groupManagement] INFO  server.RaftServerConfigKeys (ConfUtils.java:logGet(46)) - raft.server.log.preallocated.size = 4194304 (custom)
2024-04-23 19:59:44,344 [77d21a36-b63d-4df7-892f-b483d98564d7-groupManagement] INFO  server.RaftServerConfigKeys (ConfUtils.java:logGet(46)) - raft.server.log.force.sync.num = 128 (default)
2024-04-23 19:59:44,345 [77d21a36-b63d-4df7-892f-b483d98564d7-groupManagement] INFO  server.RaftServerConfigKeys (ConfUtils.java:logGet(46)) - raft.server.log.statemachine.data.sync = true (default)
2024-04-23 19:59:44,345 [77d21a36-b63d-4df7-892f-b483d98564d7-groupManagement] INFO  server.RaftServerConfigKeys (ConfUtils.java:logGet(46)) - raft.server.log.statemachine.data.sync.timeout = 10s (default)
2024-04-23 19:59:44,345 [77d21a36-b63d-4df7-892f-b483d98564d7-groupManagement] INFO  server.RaftServerConfigKeys (ConfUtils.java:logGet(46)) - raft.server.log.statemachine.data.sync.timeout.retry = 30 (custom)
2024-04-23 19:59:44,345 [77d21a36-b63d-4df7-892f-b483d98564d7-groupManagement] INFO  server.RaftServerConfigKeys (ConfUtils.java:logGet(46)) - raft.server.log.write.buffer.size = 8388616 (custom)
2024-04-23 19:59:44,345 [f13f88a1-11f3-4f35-9751-23eec4d236b9-groupManagement] INFO  util.AwaitToRun (AwaitToRun.java:start(81)) - Thread[f13f88a1-11f3-4f35-9751-23eec4d236b9@group-916038891B0B-cacheEviction-AwaitToRun,5,main] started
2024-04-23 19:59:44,345 [f13f88a1-11f3-4f35-9751-23eec4d236b9-groupManagement] INFO  segmented.SegmentedRaftLogWorker (SegmentedRaftLogWorker.java:<init>(182)) - new f13f88a1-11f3-4f35-9751-23eec4d236b9@group-916038891B0B-SegmentedRaftLogWorker for RaftStorageImpl:Storage Directory /home/runner/work/ozone/ozone/hadoop-ozone/integration-test/target/test-dir/MiniOzoneClusterImpl-d857b234-8aec-441a-a9c9-a34f2a008b14/ozone-meta/datanode-3/ratis/716ab13f-d029-497d-8788-916038891b0b
2024-04-23 19:59:44,345 [f13f88a1-11f3-4f35-9751-23eec4d236b9-groupManagement] INFO  server.RaftServerConfigKeys (ConfUtils.java:logGet(46)) - raft.server.log.queue.byte-limit = 4294967296 (custom)
2024-04-23 19:59:44,345 [f13f88a1-11f3-4f35-9751-23eec4d236b9-groupManagement] INFO  server.RaftServerConfigKeys (ConfUtils.java:logGet(46)) - raft.server.log.queue.element-limit = 1024 (custom)
2024-04-23 19:59:44,346 [f13f88a1-11f3-4f35-9751-23eec4d236b9-groupManagement] INFO  server.RaftServerConfigKeys (ConfUtils.java:logGet(46)) - raft.server.log.segment.size.max = 67108864 (custom)
2024-04-23 19:59:44,346 [f13f88a1-11f3-4f35-9751-23eec4d236b9-groupManagement] INFO  server.RaftServerConfigKeys (ConfUtils.java:logGet(46)) - raft.server.log.preallocated.size = 4194304 (custom)
2024-04-23 19:59:44,346 [f13f88a1-11f3-4f35-9751-23eec4d236b9-groupManagement] INFO  server.RaftServerConfigKeys (ConfUtils.java:logGet(46)) - raft.server.log.force.sync.num = 128 (default)
2024-04-23 19:59:44,346 [f13f88a1-11f3-4f35-9751-23eec4d236b9-groupManagement] INFO  server.RaftServerConfigKeys (ConfUtils.java:logGet(46)) - raft.server.log.statemachine.data.sync = true (default)
2024-04-23 19:59:44,346 [f13f88a1-11f3-4f35-9751-23eec4d236b9-groupManagement] INFO  server.RaftServerConfigKeys (ConfUtils.java:logGet(46)) - raft.server.log.statemachine.data.sync.timeout = 10s (default)
2024-04-23 19:59:44,346 [f13f88a1-11f3-4f35-9751-23eec4d236b9-groupManagement] INFO  server.RaftServerConfigKeys (ConfUtils.java:logGet(46)) - raft.server.log.statemachine.data.sync.timeout.retry = 30 (custom)
2024-04-23 19:59:44,346 [f13f88a1-11f3-4f35-9751-23eec4d236b9-groupManagement] INFO  server.RaftServerConfigKeys (ConfUtils.java:logGet(46)) - raft.server.log.write.buffer.size = 8388616 (custom)
2024-04-23 19:59:44,346 [77d21a36-b63d-4df7-892f-b483d98564d7-groupManagement] INFO  server.RaftServerConfigKeys (ConfUtils.java:logGet(46)) - raft.server.log.appender.buffer.byte-limit = 8388608 (custom)
2024-04-23 19:59:44,346 [77d21a36-b63d-4df7-892f-b483d98564d7-groupManagement] INFO  server.RaftServerConfigKeys (ConfUtils.java:logGet(46)) - raft.server.log.unsafe-flush.enabled = false (default)
2024-04-23 19:59:44,346 [77d21a36-b63d-4df7-892f-b483d98564d7-groupManagement] INFO  server.RaftServerConfigKeys (ConfUtils.java:logGet(46)) - raft.server.log.async-flush.enabled = false (default)
2024-04-23 19:59:44,346 [77d21a36-b63d-4df7-892f-b483d98564d7-groupManagement] INFO  server.RaftServerConfigKeys (ConfUtils.java:logGet(46)) - raft.server.log.statemachine.data.caching.enabled = true (custom)
2024-04-23 19:59:44,347 [77d21a36-b63d-4df7-892f-b483d98564d7-groupManagement] INFO  segmented.SegmentedRaftLogWorker (SegmentedRaftLogWorker.java:lambda$new$0(134)) - 77d21a36-b63d-4df7-892f-b483d98564d7@group-3B23CB8E5EC0-SegmentedRaftLogWorker: flushIndex: setUnconditionally 0 -> -1
2024-04-23 19:59:44,347 [77d21a36-b63d-4df7-892f-b483d98564d7-groupManagement] INFO  segmented.SegmentedRaftLogWorker (SegmentedRaftLogWorker.java:lambda$new$0(134)) - 77d21a36-b63d-4df7-892f-b483d98564d7@group-3B23CB8E5EC0-SegmentedRaftLogWorker: safeCacheEvictIndex: setUnconditionally 0 -> -1
2024-04-23 19:59:44,347 [77d21a36-b63d-4df7-892f-b483d98564d7-groupManagement] INFO  server.RaftServer$Division (RaftServerImpl.java:start(396)) - 77d21a36-b63d-4df7-892f-b483d98564d7@group-3B23CB8E5EC0: start as a follower, conf=-1: peers:[77d21a36-b63d-4df7-892f-b483d98564d7|10.1.0.27:15290]|listeners:[], old=null
2024-04-23 19:59:44,347 [77d21a36-b63d-4df7-892f-b483d98564d7-groupManagement] INFO  server.RaftServer$Division (RaftServerImpl.java:setRole(383)) - 77d21a36-b63d-4df7-892f-b483d98564d7@group-3B23CB8E5EC0: changes role from      null to FOLLOWER at term 0 for startAsFollower
2024-04-23 19:59:44,347 [77d21a36-b63d-4df7-892f-b483d98564d7-groupManagement] INFO  impl.RoleInfo (RoleInfo.java:updateAndGet(139)) - 77d21a36-b63d-4df7-892f-b483d98564d7: start 77d21a36-b63d-4df7-892f-b483d98564d7@group-3B23CB8E5EC0-FollowerState
2024-04-23 19:59:44,348 [77d21a36-b63d-4df7-892f-b483d98564d7-groupManagement] INFO  util.JmxRegister (JmxRegister.java:tryRegister(44)) - Successfully registered JMX Bean with object name Ratis:service=RaftServer,group=group-3B23CB8E5EC0,id=77d21a36-b63d-4df7-892f-b483d98564d7
2024-04-23 19:59:44,348 [77d21a36-b63d-4df7-892f-b483d98564d7@group-3B23CB8E5EC0-FollowerState] INFO  server.RaftServerConfigKeys (ConfUtils.java:logFallback(53)) - raft.server.rpc.first-election.timeout.min = 5s (fallback to raft.server.rpc.timeout.min)
2024-04-23 19:59:44,348 [f13f88a1-11f3-4f35-9751-23eec4d236b9-groupManagement] INFO  server.RaftServerConfigKeys (ConfUtils.java:logGet(46)) - raft.server.log.appender.buffer.byte-limit = 8388608 (custom)
2024-04-23 19:59:44,348 [77d21a36-b63d-4df7-892f-b483d98564d7-groupManagement] INFO  server.RaftServerConfigKeys (ConfUtils.java:logGet(46)) - raft.server.snapshot.trigger-when-stop.enabled = true (default)
2024-04-23 19:59:44,348 [f13f88a1-11f3-4f35-9751-23eec4d236b9-groupManagement] INFO  server.RaftServerConfigKeys (ConfUtils.java:logGet(46)) - raft.server.log.unsafe-flush.enabled = false (default)
2024-04-23 19:59:44,348 [f13f88a1-11f3-4f35-9751-23eec4d236b9-groupManagement] INFO  server.RaftServerConfigKeys (ConfUtils.java:logGet(46)) - raft.server.log.async-flush.enabled = false (default)
2024-04-23 19:59:44,348 [f13f88a1-11f3-4f35-9751-23eec4d236b9-groupManagement] INFO  server.RaftServerConfigKeys (ConfUtils.java:logGet(46)) - raft.server.log.statemachine.data.caching.enabled = true (custom)
2024-04-23 19:59:44,348 [77d21a36-b63d-4df7-892f-b483d98564d7@group-3B23CB8E5EC0-FollowerState] INFO  server.RaftServerConfigKeys (ConfUtils.java:logFallback(53)) - raft.server.rpc.first-election.timeout.max = 5200ms (fallback to raft.server.rpc.timeout.max)
2024-04-23 19:59:44,348 [f13f88a1-11f3-4f35-9751-23eec4d236b9-groupManagement] INFO  segmented.SegmentedRaftLogWorker (SegmentedRaftLogWorker.java:lambda$new$0(134)) - f13f88a1-11f3-4f35-9751-23eec4d236b9@group-916038891B0B-SegmentedRaftLogWorker: flushIndex: setUnconditionally 0 -> -1
2024-04-23 19:59:44,348 [f13f88a1-11f3-4f35-9751-23eec4d236b9-groupManagement] INFO  segmented.SegmentedRaftLogWorker (SegmentedRaftLogWorker.java:lambda$new$0(134)) - f13f88a1-11f3-4f35-9751-23eec4d236b9@group-916038891B0B-SegmentedRaftLogWorker: safeCacheEvictIndex: setUnconditionally 0 -> -1
2024-04-23 19:59:44,348 [77d21a36-b63d-4df7-892f-b483d98564d7-groupManagement] INFO  server.RaftServerConfigKeys (ConfUtils.java:logGet(46)) - raft.server.snapshot.auto.trigger.enabled = true (custom)
2024-04-23 19:59:44,348 [f13f88a1-11f3-4f35-9751-23eec4d236b9-groupManagement] INFO  server.RaftServer$Division (RaftServerImpl.java:start(396)) - f13f88a1-11f3-4f35-9751-23eec4d236b9@group-916038891B0B: start as a follower, conf=-1: peers:[7b3b87b1-ef59-40de-ba05-c120003f3778|10.1.0.27:15281, f13f88a1-11f3-4f35-9751-23eec4d236b9|10.1.0.27:15299, 77d21a36-b63d-4df7-892f-b483d98564d7|10.1.0.27:15290]|listeners:[], old=null
2024-04-23 19:59:44,348 [f13f88a1-11f3-4f35-9751-23eec4d236b9-groupManagement] INFO  server.RaftServer$Division (RaftServerImpl.java:setRole(383)) - f13f88a1-11f3-4f35-9751-23eec4d236b9@group-916038891B0B: changes role from      null to FOLLOWER at term 0 for startAsFollower
2024-04-23 19:59:44,348 [f13f88a1-11f3-4f35-9751-23eec4d236b9-groupManagement] INFO  impl.RoleInfo (RoleInfo.java:updateAndGet(139)) - f13f88a1-11f3-4f35-9751-23eec4d236b9: start f13f88a1-11f3-4f35-9751-23eec4d236b9@group-916038891B0B-FollowerState
2024-04-23 19:59:44,349 [f13f88a1-11f3-4f35-9751-23eec4d236b9-groupManagement] INFO  util.JmxRegister (JmxRegister.java:tryRegister(44)) - Successfully registered JMX Bean with object name Ratis:service=RaftServer,group=group-916038891B0B,id=f13f88a1-11f3-4f35-9751-23eec4d236b9
2024-04-23 19:59:44,349 [f13f88a1-11f3-4f35-9751-23eec4d236b9@group-916038891B0B-FollowerState] INFO  server.RaftServerConfigKeys (ConfUtils.java:logFallback(53)) - raft.server.rpc.first-election.timeout.min = 5s (fallback to raft.server.rpc.timeout.min)
2024-04-23 19:59:44,349 [77d21a36-b63d-4df7-892f-b483d98564d7-groupManagement] INFO  server.RaftServerConfigKeys (ConfUtils.java:logGet(46)) - raft.server.snapshot.auto.trigger.threshold = 10000 (custom)
2024-04-23 19:59:44,349 [f13f88a1-11f3-4f35-9751-23eec4d236b9-groupManagement] INFO  server.RaftServerConfigKeys (ConfUtils.java:logGet(46)) - raft.server.snapshot.trigger-when-stop.enabled = true (default)
2024-04-23 19:59:44,349 [f13f88a1-11f3-4f35-9751-23eec4d236b9@group-916038891B0B-FollowerState] INFO  server.RaftServerConfigKeys (ConfUtils.java:logFallback(53)) - raft.server.rpc.first-election.timeout.max = 5200ms (fallback to raft.server.rpc.timeout.max)
2024-04-23 19:59:44,349 [77d21a36-b63d-4df7-892f-b483d98564d7-groupManagement] INFO  server.RaftServerConfigKeys (ConfUtils.java:logGet(46)) - raft.server.snapshot.retention.file.num = 5 (custom)
2024-04-23 19:59:44,349 [f13f88a1-11f3-4f35-9751-23eec4d236b9-groupManagement] INFO  server.RaftServerConfigKeys (ConfUtils.java:logGet(46)) - raft.server.snapshot.auto.trigger.enabled = true (custom)
2024-04-23 19:59:44,349 [f13f88a1-11f3-4f35-9751-23eec4d236b9-groupManagement] INFO  server.RaftServerConfigKeys (ConfUtils.java:logGet(46)) - raft.server.snapshot.auto.trigger.threshold = 10000 (custom)
2024-04-23 19:59:44,349 [f13f88a1-11f3-4f35-9751-23eec4d236b9-groupManagement] INFO  server.RaftServerConfigKeys (ConfUtils.java:logGet(46)) - raft.server.snapshot.retention.file.num = 5 (custom)
2024-04-23 19:59:44,349 [f13f88a1-11f3-4f35-9751-23eec4d236b9-groupManagement] INFO  server.RaftServerConfigKeys (ConfUtils.java:logGet(46)) - raft.server.log.purge.upto.snapshot.index = false (default)
2024-04-23 19:59:44,349 [77d21a36-b63d-4df7-892f-b483d98564d7-groupManagement] INFO  server.RaftServerConfigKeys (ConfUtils.java:logGet(46)) - raft.server.log.purge.upto.snapshot.index = false (default)
2024-04-23 19:59:44,350 [77d21a36-b63d-4df7-892f-b483d98564d7-PipelineCommandHandlerThread-0] INFO  ratis.XceiverServerRatis (XceiverServerRatis.java:addGroup(864)) - Created group PipelineID=3592405c-2859-439b-9372-3b23cb8e5ec0
2024-04-23 19:59:44,351 [77d21a36-b63d-4df7-892f-b483d98564d7-PipelineCommandHandlerThread-0] INFO  commandhandler.CreatePipelineCommandHandler (CreatePipelineCommandHandler.java:lambda$handle$2(124)) - Created Pipeline RATIS ONE PipelineID=3592405c-2859-439b-9372-3b23cb8e5ec0.
2024-04-23 19:59:44,354 [7b3b87b1-ef59-40de-ba05-c120003f3778-PipelineCommandHandlerThread-0] INFO  commandhandler.CreatePipelineCommandHandler (CreatePipelineCommandHandler.java:lambda$handle$2(124)) - Created Pipeline RATIS THREE PipelineID=716ab13f-d029-497d-8788-916038891b0b.
2024-04-23 19:59:44,398 [f13f88a1-11f3-4f35-9751-23eec4d236b9-PipelineCommandHandlerThread-0] INFO  server.RaftServer (RaftServerProxy.java:addNew(100)) - f13f88a1-11f3-4f35-9751-23eec4d236b9: addNew group-83B9B6334C76:[f13f88a1-11f3-4f35-9751-23eec4d236b9|10.1.0.27:15299] returns group-83B9B6334C76:java.util.concurrent.CompletableFuture@65dd21ff[Not completed]
2024-04-23 19:59:44,399 [f13f88a1-11f3-4f35-9751-23eec4d236b9-groupManagement] INFO  server.RaftServer$Division (RaftServerImpl.java:<init>(256)) - f13f88a1-11f3-4f35-9751-23eec4d236b9: new RaftServerImpl for group-83B9B6334C76:[f13f88a1-11f3-4f35-9751-23eec4d236b9|10.1.0.27:15299] with ContainerStateMachine:uninitialized
2024-04-23 19:59:44,399 [f13f88a1-11f3-4f35-9751-23eec4d236b9-groupManagement] INFO  server.RaftServerConfigKeys (ConfUtils.java:logGet(46)) - raft.server.rpc.timeout.min = 5s (custom)
2024-04-23 19:59:44,399 [f13f88a1-11f3-4f35-9751-23eec4d236b9-groupManagement] INFO  server.RaftServerConfigKeys (ConfUtils.java:logGet(46)) - raft.server.rpc.timeout.max = 5200ms (custom)
2024-04-23 19:59:44,399 [f13f88a1-11f3-4f35-9751-23eec4d236b9-groupManagement] INFO  server.RaftServerConfigKeys (ConfUtils.java:logGet(46)) - raft.server.rpc.sleep.time = 25ms (default)
2024-04-23 19:59:44,399 [f13f88a1-11f3-4f35-9751-23eec4d236b9-groupManagement] INFO  server.RaftServerConfigKeys (ConfUtils.java:logGet(46)) - raft.server.rpc.slowness.timeout = 300000ms (custom)
2024-04-23 19:59:44,399 [f13f88a1-11f3-4f35-9751-23eec4d236b9-groupManagement] INFO  server.RaftServerConfigKeys (ConfUtils.java:logGet(46)) - raft.server.leaderelection.leader.step-down.wait-time = 10s (default)
2024-04-23 19:59:44,399 [f13f88a1-11f3-4f35-9751-23eec4d236b9-groupManagement] INFO  server.RaftServerConfigKeys (ConfUtils.java:logGet(46)) - raft.server.leaderelection.member.majority-add = false (default)
2024-04-23 19:59:44,399 [f13f88a1-11f3-4f35-9751-23eec4d236b9-groupManagement] INFO  server.RaftServerConfigKeys (ConfUtils.java:logGet(46)) - raft.server.sleep.deviation.threshold = 300ms (default)
2024-04-23 19:59:44,400 [f13f88a1-11f3-4f35-9751-23eec4d236b9-groupManagement] INFO  server.RaftServer$Division (ServerState.java:<init>(113)) - f13f88a1-11f3-4f35-9751-23eec4d236b9@group-83B9B6334C76: ConfigurationManager, init=-1: peers:[f13f88a1-11f3-4f35-9751-23eec4d236b9|10.1.0.27:15299]|listeners:[], old=null, confs=<EMPTY_MAP>
2024-04-23 19:59:44,400 [f13f88a1-11f3-4f35-9751-23eec4d236b9-groupManagement] INFO  server.RaftServerConfigKeys (ConfUtils.java:logGet(46)) - raft.server.notification.no-leader.timeout = 300000ms (custom)
2024-04-23 19:59:44,400 [f13f88a1-11f3-4f35-9751-23eec4d236b9-groupManagement] INFO  server.RaftServerConfigKeys (ConfUtils.java:logGet(46)) - raft.server.read.timeout = 10s (default)
2024-04-23 19:59:44,400 [f13f88a1-11f3-4f35-9751-23eec4d236b9-groupManagement] INFO  server.RaftServerConfigKeys (ConfUtils.java:logGet(46)) - raft.server.retrycache.expirytime = 600000ms (custom)
2024-04-23 19:59:44,400 [f13f88a1-11f3-4f35-9751-23eec4d236b9-groupManagement] INFO  server.RaftServerConfigKeys (ConfUtils.java:logGet(46)) - raft.server.retrycache.statistics.expirytime = 100ms (default)
2024-04-23 19:59:44,400 [f13f88a1-11f3-4f35-9751-23eec4d236b9-groupManagement] INFO  server.RaftServerConfigKeys (ConfUtils.java:logGet(46)) - raft.server.read.option = DEFAULT (default)
2024-04-23 19:59:44,400 [f13f88a1-11f3-4f35-9751-23eec4d236b9-groupManagement] INFO  server.RaftServerConfigKeys (ConfUtils.java:logGet(46)) - raft.server.read.read-after-write-consistent.write-index-cache.expiry-time = 60s (default)
2024-04-23 19:59:44,401 [f13f88a1-11f3-4f35-9751-23eec4d236b9-groupManagement] INFO  server.RaftServerConfigKeys (ConfUtils.java:logGet(46)) - raft.server.rpc.request.timeout = 3000ms (default)
2024-04-23 19:59:44,401 [f13f88a1-11f3-4f35-9751-23eec4d236b9-groupManagement] INFO  server.RaftServerConfigKeys (ConfUtils.java:logGet(46)) - raft.server.log.appender.install.snapshot.enabled = false (custom)
2024-04-23 19:59:44,402 [f13f88a1-11f3-4f35-9751-23eec4d236b9-groupManagement] INFO  server.RaftServerConfigKeys (ConfUtils.java:logGet(46)) - raft.server.threadpool.server.cached = true (default)
2024-04-23 19:59:44,402 [f13f88a1-11f3-4f35-9751-23eec4d236b9-groupManagement] INFO  server.RaftServerConfigKeys (ConfUtils.java:logGet(46)) - raft.server.threadpool.server.size = 0 (default)
2024-04-23 19:59:44,402 [f13f88a1-11f3-4f35-9751-23eec4d236b9-groupManagement] INFO  server.RaftServerConfigKeys (ConfUtils.java:logGet(46)) - raft.server.threadpool.client.cached = true (default)
2024-04-23 19:59:44,402 [f13f88a1-11f3-4f35-9751-23eec4d236b9-groupManagement] INFO  server.RaftServerConfigKeys (ConfUtils.java:logGet(46)) - raft.server.threadpool.client.size = 0 (default)
2024-04-23 19:59:44,402 [f13f88a1-11f3-4f35-9751-23eec4d236b9-groupManagement] INFO  server.RaftServerConfigKeys (ConfUtils.java:logGet(46)) - raft.server.storage.free-space.min = 0MB (=0) (default)
2024-04-23 19:59:44,402 [f13f88a1-11f3-4f35-9751-23eec4d236b9-groupManagement] INFO  server.RaftServerConfigKeys (ConfUtils.java:logGet(46)) - raft.server.log.corruption.policy = EXCEPTION (default)
2024-04-23 19:59:44,402 [f13f88a1-11f3-4f35-9751-23eec4d236b9-groupManagement] INFO  server.RaftServerConfigKeys (ConfUtils.java:logGet(46)) - raft.server.storage.dir = [/home/runner/work/ozone/ozone/hadoop-ozone/integration-test/target/test-dir/MiniOzoneClusterImpl-d857b234-8aec-441a-a9c9-a34f2a008b14/ozone-meta/datanode-3/ratis] (custom)
2024-04-23 19:59:44,402 [f13f88a1-11f3-4f35-9751-23eec4d236b9-groupManagement] INFO  storage.RaftStorageDirectory (RaftStorageDirectoryImpl.java:analyzeStorage(138)) - The storage directory /home/runner/work/ozone/ozone/hadoop-ozone/integration-test/target/test-dir/MiniOzoneClusterImpl-d857b234-8aec-441a-a9c9-a34f2a008b14/ozone-meta/datanode-3/ratis/e8df7b2a-36dc-4229-8d8d-83b9b6334c76 does not exist. Creating ...
2024-04-23 19:59:44,403 [f13f88a1-11f3-4f35-9751-23eec4d236b9-groupManagement] INFO  storage.RaftStorageDirectory (RaftStorageDirectoryImpl.java:tryLock(228)) - Lock on /home/runner/work/ozone/ozone/hadoop-ozone/integration-test/target/test-dir/MiniOzoneClusterImpl-d857b234-8aec-441a-a9c9-a34f2a008b14/ozone-meta/datanode-3/ratis/e8df7b2a-36dc-4229-8d8d-83b9b6334c76/in_use.lock acquired by nodename 20519@fv-az1496-552
2024-04-23 19:59:44,404 [f13f88a1-11f3-4f35-9751-23eec4d236b9-groupManagement] INFO  storage.RaftStorage (RaftStorageImpl.java:format(99)) - Storage directory /home/runner/work/ozone/ozone/hadoop-ozone/integration-test/target/test-dir/MiniOzoneClusterImpl-d857b234-8aec-441a-a9c9-a34f2a008b14/ozone-meta/datanode-3/ratis/e8df7b2a-36dc-4229-8d8d-83b9b6334c76 has been successfully formatted.
2024-04-23 19:59:44,404 [f13f88a1-11f3-4f35-9751-23eec4d236b9-groupManagement] WARN  util.FileUtils (LogUtils.java:supplyAndLog(63)) - Failed to Files.newInputStream /home/runner/work/ozone/ozone/hadoop-ozone/integration-test/target/test-dir/MiniOzoneClusterImpl-d857b234-8aec-441a-a9c9-a34f2a008b14/ozone-meta/datanode-3/ratis/e8df7b2a-36dc-4229-8d8d-83b9b6334c76/current/raft-meta.conf with options []: java.nio.file.NoSuchFileException: /home/runner/work/ozone/ozone/hadoop-ozone/integration-test/target/test-dir/MiniOzoneClusterImpl-d857b234-8aec-441a-a9c9-a34f2a008b14/ozone-meta/datanode-3/ratis/e8df7b2a-36dc-4229-8d8d-83b9b6334c76/current/raft-meta.conf
2024-04-23 19:59:44,404 [f13f88a1-11f3-4f35-9751-23eec4d236b9-groupManagement] INFO  ratis.ContainerStateMachine (ContainerStateMachine.java:loadSnapshot(287)) - group-83B9B6334C76: The snapshot info is null. Setting the last applied index to:(t:0, i:~)
2024-04-23 19:59:44,404 [f13f88a1-11f3-4f35-9751-23eec4d236b9-groupManagement] INFO  server.RaftServerConfigKeys (ConfUtils.java:logGet(46)) - raft.server.log.use.memory = false (default)
2024-04-23 19:59:44,405 [f13f88a1-11f3-4f35-9751-23eec4d236b9-groupManagement] INFO  server.RaftServerConfigKeys (ConfUtils.java:logGet(46)) - raft.server.log.purge.gap = 1000000 (custom)
2024-04-23 19:59:44,405 [f13f88a1-11f3-4f35-9751-23eec4d236b9-groupManagement] INFO  server.RaftServerConfigKeys (ConfUtils.java:logGet(46)) - raft.server.log.appender.buffer.byte-limit = 8388608 (custom)
2024-04-23 19:59:44,405 [f13f88a1-11f3-4f35-9751-23eec4d236b9-groupManagement] INFO  server.RaftServerConfigKeys (ConfUtils.java:logGet(46)) - raft.server.log.statemachine.data.read.timeout = 1000ms (default)
2024-04-23 19:59:44,405 [f13f88a1-11f3-4f35-9751-23eec4d236b9-groupManagement] INFO  server.RaftServerConfigKeys (ConfUtils.java:logGet(46)) - raft.server.log.purge.preservation.log.num = 0 (default)
2024-04-23 19:59:44,406 [EventQueue-PipelineReportForPipelineReportHandler] INFO  pipeline.PipelineReportHandler (PipelineReportHandler.java:processPipelineReport(136)) - Opened pipeline PipelineID=e8df7b2a-36dc-4229-8d8d-83b9b6334c76
2024-04-23 19:59:44,406 [EventQueue-OpenPipelineForHealthyPipelineSafeModeRule] INFO  safemode.SCMSafeModeManager (HealthyPipelineSafeModeRule.java:process(140)) - SCM in safe mode. Healthy pipelines reported count is 0, required healthy pipeline reported count is 1
2024-04-23 19:59:44,406 [f13f88a1-11f3-4f35-9751-23eec4d236b9-groupManagement] INFO  server.RaftServerConfigKeys (ConfUtils.java:logGet(46)) - raft.server.log.segment.size.max = 67108864 (custom)
2024-04-23 19:59:44,406 [f13f88a1-11f3-4f35-9751-23eec4d236b9-groupManagement] INFO  server.RaftServerConfigKeys (ConfUtils.java:logGet(46)) - raft.server.log.segment.cache.num.max = 2 (custom)
2024-04-23 19:59:44,407 [f13f88a1-11f3-4f35-9751-23eec4d236b9-groupManagement] INFO  server.RaftServerConfigKeys (ConfUtils.java:logGet(46)) - raft.server.log.segment.cache.size.max = 200MB (=209715200) (default)
2024-04-23 19:59:44,407 [f13f88a1-11f3-4f35-9751-23eec4d236b9-groupManagement] INFO  server.RaftServerConfigKeys (ConfUtils.java:logGet(46)) - raft.server.log.appender.buffer.byte-limit = 8388608 (custom)
2024-04-23 19:59:44,407 [f13f88a1-11f3-4f35-9751-23eec4d236b9-groupManagement] INFO  util.AwaitToRun (AwaitToRun.java:start(81)) - Thread[f13f88a1-11f3-4f35-9751-23eec4d236b9@group-83B9B6334C76-cacheEviction-AwaitToRun,5,main] started
2024-04-23 19:59:44,407 [f13f88a1-11f3-4f35-9751-23eec4d236b9-groupManagement] INFO  segmented.SegmentedRaftLogWorker (SegmentedRaftLogWorker.java:<init>(182)) - new f13f88a1-11f3-4f35-9751-23eec4d236b9@group-83B9B6334C76-SegmentedRaftLogWorker for RaftStorageImpl:Storage Directory /home/runner/work/ozone/ozone/hadoop-ozone/integration-test/target/test-dir/MiniOzoneClusterImpl-d857b234-8aec-441a-a9c9-a34f2a008b14/ozone-meta/datanode-3/ratis/e8df7b2a-36dc-4229-8d8d-83b9b6334c76
2024-04-23 19:59:44,407 [f13f88a1-11f3-4f35-9751-23eec4d236b9-groupManagement] INFO  server.RaftServerConfigKeys (ConfUtils.java:logGet(46)) - raft.server.log.queue.byte-limit = 4294967296 (custom)
2024-04-23 19:59:44,407 [f13f88a1-11f3-4f35-9751-23eec4d236b9-groupManagement] INFO  server.RaftServerConfigKeys (ConfUtils.java:logGet(46)) - raft.server.log.queue.element-limit = 1024 (custom)
2024-04-23 19:59:44,407 [f13f88a1-11f3-4f35-9751-23eec4d236b9-groupManagement] INFO  server.RaftServerConfigKeys (ConfUtils.java:logGet(46)) - raft.server.log.segment.size.max = 67108864 (custom)
2024-04-23 19:59:44,407 [f13f88a1-11f3-4f35-9751-23eec4d236b9-groupManagement] INFO  server.RaftServerConfigKeys (ConfUtils.java:logGet(46)) - raft.server.log.preallocated.size = 4194304 (custom)
2024-04-23 19:59:44,407 [f13f88a1-11f3-4f35-9751-23eec4d236b9-groupManagement] INFO  server.RaftServerConfigKeys (ConfUtils.java:logGet(46)) - raft.server.log.force.sync.num = 128 (default)
2024-04-23 19:59:44,407 [f13f88a1-11f3-4f35-9751-23eec4d236b9-groupManagement] INFO  server.RaftServerConfigKeys (ConfUtils.java:logGet(46)) - raft.server.log.statemachine.data.sync = true (default)
2024-04-23 19:59:44,407 [f13f88a1-11f3-4f35-9751-23eec4d236b9-groupManagement] INFO  server.RaftServerConfigKeys (ConfUtils.java:logGet(46)) - raft.server.log.statemachine.data.sync.timeout = 10s (default)
2024-04-23 19:59:44,408 [f13f88a1-11f3-4f35-9751-23eec4d236b9-groupManagement] INFO  server.RaftServerConfigKeys (ConfUtils.java:logGet(46)) - raft.server.log.statemachine.data.sync.timeout.retry = 30 (custom)
2024-04-23 19:59:44,408 [f13f88a1-11f3-4f35-9751-23eec4d236b9-groupManagement] INFO  server.RaftServerConfigKeys (ConfUtils.java:logGet(46)) - raft.server.log.write.buffer.size = 8388616 (custom)
2024-04-23 19:59:44,409 [f13f88a1-11f3-4f35-9751-23eec4d236b9-groupManagement] INFO  server.RaftServerConfigKeys (ConfUtils.java:logGet(46)) - raft.server.log.appender.buffer.byte-limit = 8388608 (custom)
2024-04-23 19:59:44,409 [f13f88a1-11f3-4f35-9751-23eec4d236b9-groupManagement] INFO  server.RaftServerConfigKeys (ConfUtils.java:logGet(46)) - raft.server.log.unsafe-flush.enabled = false (default)
2024-04-23 19:59:44,409 [f13f88a1-11f3-4f35-9751-23eec4d236b9-groupManagement] INFO  server.RaftServerConfigKeys (ConfUtils.java:logGet(46)) - raft.server.log.async-flush.enabled = false (default)
2024-04-23 19:59:44,410 [f13f88a1-11f3-4f35-9751-23eec4d236b9-groupManagement] INFO  server.RaftServerConfigKeys (ConfUtils.java:logGet(46)) - raft.server.log.statemachine.data.caching.enabled = true (custom)
2024-04-23 19:59:44,410 [f13f88a1-11f3-4f35-9751-23eec4d236b9-groupManagement] INFO  segmented.SegmentedRaftLogWorker (SegmentedRaftLogWorker.java:lambda$new$0(134)) - f13f88a1-11f3-4f35-9751-23eec4d236b9@group-83B9B6334C76-SegmentedRaftLogWorker: flushIndex: setUnconditionally 0 -> -1
2024-04-23 19:59:44,410 [f13f88a1-11f3-4f35-9751-23eec4d236b9-groupManagement] INFO  segmented.SegmentedRaftLogWorker (SegmentedRaftLogWorker.java:lambda$new$0(134)) - f13f88a1-11f3-4f35-9751-23eec4d236b9@group-83B9B6334C76-SegmentedRaftLogWorker: safeCacheEvictIndex: setUnconditionally 0 -> -1
2024-04-23 19:59:44,410 [f13f88a1-11f3-4f35-9751-23eec4d236b9-groupManagement] INFO  server.RaftServer$Division (RaftServerImpl.java:start(396)) - f13f88a1-11f3-4f35-9751-23eec4d236b9@group-83B9B6334C76: start as a follower, conf=-1: peers:[f13f88a1-11f3-4f35-9751-23eec4d236b9|10.1.0.27:15299]|listeners:[], old=null
2024-04-23 19:59:44,410 [f13f88a1-11f3-4f35-9751-23eec4d236b9-groupManagement] INFO  server.RaftServer$Division (RaftServerImpl.java:setRole(383)) - f13f88a1-11f3-4f35-9751-23eec4d236b9@group-83B9B6334C76: changes role from      null to FOLLOWER at term 0 for startAsFollower
2024-04-23 19:59:44,410 [f13f88a1-11f3-4f35-9751-23eec4d236b9-groupManagement] INFO  impl.RoleInfo (RoleInfo.java:updateAndGet(139)) - f13f88a1-11f3-4f35-9751-23eec4d236b9: start f13f88a1-11f3-4f35-9751-23eec4d236b9@group-83B9B6334C76-FollowerState
2024-04-23 19:59:44,410 [f13f88a1-11f3-4f35-9751-23eec4d236b9-groupManagement] INFO  util.JmxRegister (JmxRegister.java:tryRegister(44)) - Successfully registered JMX Bean with object name Ratis:service=RaftServer,group=group-83B9B6334C76,id=f13f88a1-11f3-4f35-9751-23eec4d236b9
2024-04-23 19:59:44,410 [f13f88a1-11f3-4f35-9751-23eec4d236b9-groupManagement] INFO  server.RaftServerConfigKeys (ConfUtils.java:logGet(46)) - raft.server.snapshot.trigger-when-stop.enabled = true (default)
2024-04-23 19:59:44,410 [f13f88a1-11f3-4f35-9751-23eec4d236b9-groupManagement] INFO  server.RaftServerConfigKeys (ConfUtils.java:logGet(46)) - raft.server.snapshot.auto.trigger.enabled = true (custom)
2024-04-23 19:59:44,410 [f13f88a1-11f3-4f35-9751-23eec4d236b9-groupManagement] INFO  server.RaftServerConfigKeys (ConfUtils.java:logGet(46)) - raft.server.snapshot.auto.trigger.threshold = 10000 (custom)
2024-04-23 19:59:44,410 [f13f88a1-11f3-4f35-9751-23eec4d236b9-groupManagement] INFO  server.RaftServerConfigKeys (ConfUtils.java:logGet(46)) - raft.server.snapshot.retention.file.num = 5 (custom)
2024-04-23 19:59:44,411 [f13f88a1-11f3-4f35-9751-23eec4d236b9-groupManagement] INFO  server.RaftServerConfigKeys (ConfUtils.java:logGet(46)) - raft.server.log.purge.upto.snapshot.index = false (default)
2024-04-23 19:59:44,411 [f13f88a1-11f3-4f35-9751-23eec4d236b9@group-83B9B6334C76-FollowerState] INFO  server.RaftServerConfigKeys (ConfUtils.java:logFallback(53)) - raft.server.rpc.first-election.timeout.min = 5s (fallback to raft.server.rpc.timeout.min)
2024-04-23 19:59:44,411 [f13f88a1-11f3-4f35-9751-23eec4d236b9-PipelineCommandHandlerThread-0] INFO  ratis.XceiverServerRatis (XceiverServerRatis.java:addGroup(864)) - Created group PipelineID=e8df7b2a-36dc-4229-8d8d-83b9b6334c76
2024-04-23 19:59:44,411 [f13f88a1-11f3-4f35-9751-23eec4d236b9@group-83B9B6334C76-FollowerState] INFO  server.RaftServerConfigKeys (ConfUtils.java:logFallback(53)) - raft.server.rpc.first-election.timeout.max = 5200ms (fallback to raft.server.rpc.timeout.max)
2024-04-23 19:59:44,411 [f13f88a1-11f3-4f35-9751-23eec4d236b9-PipelineCommandHandlerThread-0] INFO  commandhandler.CreatePipelineCommandHandler (CreatePipelineCommandHandler.java:lambda$handle$2(124)) - Created Pipeline RATIS ONE PipelineID=e8df7b2a-36dc-4229-8d8d-83b9b6334c76.
2024-04-23 19:59:44,456 [7071ee0d-0296-4c1d-93da-2a6b8f0a8e11-PipelineCommandHandlerThread-0] INFO  server.RaftServer (RaftServerProxy.java:addNew(100)) - 7071ee0d-0296-4c1d-93da-2a6b8f0a8e11: addNew group-EF7E0735E355:[7071ee0d-0296-4c1d-93da-2a6b8f0a8e11|10.1.0.27:15308] returns group-EF7E0735E355:java.util.concurrent.CompletableFuture@6edfbc47[Not completed]
2024-04-23 19:59:44,457 [7071ee0d-0296-4c1d-93da-2a6b8f0a8e11-groupManagement] INFO  server.RaftServer$Division (RaftServerImpl.java:<init>(256)) - 7071ee0d-0296-4c1d-93da-2a6b8f0a8e11: new RaftServerImpl for group-EF7E0735E355:[7071ee0d-0296-4c1d-93da-2a6b8f0a8e11|10.1.0.27:15308] with ContainerStateMachine:uninitialized
2024-04-23 19:59:44,457 [7071ee0d-0296-4c1d-93da-2a6b8f0a8e11-groupManagement] INFO  server.RaftServerConfigKeys (ConfUtils.java:logGet(46)) - raft.server.rpc.timeout.min = 5s (custom)
2024-04-23 19:59:44,457 [7071ee0d-0296-4c1d-93da-2a6b8f0a8e11-groupManagement] INFO  server.RaftServerConfigKeys (ConfUtils.java:logGet(46)) - raft.server.rpc.timeout.max = 5200ms (custom)
2024-04-23 19:59:44,457 [7071ee0d-0296-4c1d-93da-2a6b8f0a8e11-groupManagement] INFO  server.RaftServerConfigKeys (ConfUtils.java:logGet(46)) - raft.server.rpc.sleep.time = 25ms (default)
2024-04-23 19:59:44,457 [7071ee0d-0296-4c1d-93da-2a6b8f0a8e11-groupManagement] INFO  server.RaftServerConfigKeys (ConfUtils.java:logGet(46)) - raft.server.rpc.slowness.timeout = 300000ms (custom)
2024-04-23 19:59:44,457 [7071ee0d-0296-4c1d-93da-2a6b8f0a8e11-groupManagement] INFO  server.RaftServerConfigKeys (ConfUtils.java:logGet(46)) - raft.server.leaderelection.leader.step-down.wait-time = 10s (default)
2024-04-23 19:59:44,457 [7071ee0d-0296-4c1d-93da-2a6b8f0a8e11-groupManagement] INFO  server.RaftServerConfigKeys (ConfUtils.java:logGet(46)) - raft.server.leaderelection.member.majority-add = false (default)
2024-04-23 19:59:44,457 [7071ee0d-0296-4c1d-93da-2a6b8f0a8e11-groupManagement] INFO  server.RaftServerConfigKeys (ConfUtils.java:logGet(46)) - raft.server.sleep.deviation.threshold = 300ms (default)
2024-04-23 19:59:44,457 [7071ee0d-0296-4c1d-93da-2a6b8f0a8e11-groupManagement] INFO  server.RaftServer$Division (ServerState.java:<init>(113)) - 7071ee0d-0296-4c1d-93da-2a6b8f0a8e11@group-EF7E0735E355: ConfigurationManager, init=-1: peers:[7071ee0d-0296-4c1d-93da-2a6b8f0a8e11|10.1.0.27:15308]|listeners:[], old=null, confs=<EMPTY_MAP>
2024-04-23 19:59:44,457 [7071ee0d-0296-4c1d-93da-2a6b8f0a8e11-groupManagement] INFO  server.RaftServerConfigKeys (ConfUtils.java:logGet(46)) - raft.server.notification.no-leader.timeout = 300000ms (custom)
2024-04-23 19:59:44,457 [7071ee0d-0296-4c1d-93da-2a6b8f0a8e11-groupManagement] INFO  server.RaftServerConfigKeys (ConfUtils.java:logGet(46)) - raft.server.read.timeout = 10s (default)
2024-04-23 19:59:44,458 [7071ee0d-0296-4c1d-93da-2a6b8f0a8e11-groupManagement] INFO  server.RaftServerConfigKeys (ConfUtils.java:logGet(46)) - raft.server.retrycache.expirytime = 600000ms (custom)
2024-04-23 19:59:44,458 [7071ee0d-0296-4c1d-93da-2a6b8f0a8e11-groupManagement] INFO  server.RaftServerConfigKeys (ConfUtils.java:logGet(46)) - raft.server.retrycache.statistics.expirytime = 100ms (default)
2024-04-23 19:59:44,458 [7071ee0d-0296-4c1d-93da-2a6b8f0a8e11-groupManagement] INFO  server.RaftServerConfigKeys (ConfUtils.java:logGet(46)) - raft.server.read.option = DEFAULT (default)
2024-04-23 19:59:44,458 [7071ee0d-0296-4c1d-93da-2a6b8f0a8e11-groupManagement] INFO  server.RaftServerConfigKeys (ConfUtils.java:logGet(46)) - raft.server.read.read-after-write-consistent.write-index-cache.expiry-time = 60s (default)
2024-04-23 19:59:44,459 [7071ee0d-0296-4c1d-93da-2a6b8f0a8e11-groupManagement] INFO  server.RaftServerConfigKeys (ConfUtils.java:logGet(46)) - raft.server.rpc.request.timeout = 3000ms (default)
2024-04-23 19:59:44,459 [7071ee0d-0296-4c1d-93da-2a6b8f0a8e11-groupManagement] INFO  server.RaftServerConfigKeys (ConfUtils.java:logGet(46)) - raft.server.log.appender.install.snapshot.enabled = false (custom)
2024-04-23 19:59:44,459 [7071ee0d-0296-4c1d-93da-2a6b8f0a8e11-groupManagement] INFO  server.RaftServerConfigKeys (ConfUtils.java:logGet(46)) - raft.server.threadpool.server.cached = true (default)
2024-04-23 19:59:44,459 [7071ee0d-0296-4c1d-93da-2a6b8f0a8e11-groupManagement] INFO  server.RaftServerConfigKeys (ConfUtils.java:logGet(46)) - raft.server.threadpool.server.size = 0 (default)
2024-04-23 19:59:44,459 [7071ee0d-0296-4c1d-93da-2a6b8f0a8e11-groupManagement] INFO  server.RaftServerConfigKeys (ConfUtils.java:logGet(46)) - raft.server.threadpool.client.cached = true (default)
2024-04-23 19:59:44,459 [7071ee0d-0296-4c1d-93da-2a6b8f0a8e11-groupManagement] INFO  server.RaftServerConfigKeys (ConfUtils.java:logGet(46)) - raft.server.threadpool.client.size = 0 (default)
2024-04-23 19:59:44,459 [7071ee0d-0296-4c1d-93da-2a6b8f0a8e11-groupManagement] INFO  server.RaftServerConfigKeys (ConfUtils.java:logGet(46)) - raft.server.storage.free-space.min = 0MB (=0) (default)
2024-04-23 19:59:44,460 [7071ee0d-0296-4c1d-93da-2a6b8f0a8e11-groupManagement] INFO  server.RaftServerConfigKeys (ConfUtils.java:logGet(46)) - raft.server.log.corruption.policy = EXCEPTION (default)
2024-04-23 19:59:44,460 [7071ee0d-0296-4c1d-93da-2a6b8f0a8e11-groupManagement] INFO  server.RaftServerConfigKeys (ConfUtils.java:logGet(46)) - raft.server.storage.dir = [/home/runner/work/ozone/ozone/hadoop-ozone/integration-test/target/test-dir/MiniOzoneClusterImpl-d857b234-8aec-441a-a9c9-a34f2a008b14/ozone-meta/datanode-4/ratis] (custom)
2024-04-23 19:59:44,460 [7071ee0d-0296-4c1d-93da-2a6b8f0a8e11-groupManagement] INFO  storage.RaftStorageDirectory (RaftStorageDirectoryImpl.java:analyzeStorage(138)) - The storage directory /home/runner/work/ozone/ozone/hadoop-ozone/integration-test/target/test-dir/MiniOzoneClusterImpl-d857b234-8aec-441a-a9c9-a34f2a008b14/ozone-meta/datanode-4/ratis/edf1fbd4-cd2e-48d6-a1fc-ef7e0735e355 does not exist. Creating ...
2024-04-23 19:59:44,461 [7071ee0d-0296-4c1d-93da-2a6b8f0a8e11-groupManagement] INFO  storage.RaftStorageDirectory (RaftStorageDirectoryImpl.java:tryLock(228)) - Lock on /home/runner/work/ozone/ozone/hadoop-ozone/integration-test/target/test-dir/MiniOzoneClusterImpl-d857b234-8aec-441a-a9c9-a34f2a008b14/ozone-meta/datanode-4/ratis/edf1fbd4-cd2e-48d6-a1fc-ef7e0735e355/in_use.lock acquired by nodename 20519@fv-az1496-552
2024-04-23 19:59:44,462 [7071ee0d-0296-4c1d-93da-2a6b8f0a8e11-groupManagement] INFO  storage.RaftStorage (RaftStorageImpl.java:format(99)) - Storage directory /home/runner/work/ozone/ozone/hadoop-ozone/integration-test/target/test-dir/MiniOzoneClusterImpl-d857b234-8aec-441a-a9c9-a34f2a008b14/ozone-meta/datanode-4/ratis/edf1fbd4-cd2e-48d6-a1fc-ef7e0735e355 has been successfully formatted.
2024-04-23 19:59:44,462 [7071ee0d-0296-4c1d-93da-2a6b8f0a8e11-groupManagement] WARN  util.FileUtils (LogUtils.java:supplyAndLog(63)) - Failed to Files.newInputStream /home/runner/work/ozone/ozone/hadoop-ozone/integration-test/target/test-dir/MiniOzoneClusterImpl-d857b234-8aec-441a-a9c9-a34f2a008b14/ozone-meta/datanode-4/ratis/edf1fbd4-cd2e-48d6-a1fc-ef7e0735e355/current/raft-meta.conf with options []: java.nio.file.NoSuchFileException: /home/runner/work/ozone/ozone/hadoop-ozone/integration-test/target/test-dir/MiniOzoneClusterImpl-d857b234-8aec-441a-a9c9-a34f2a008b14/ozone-meta/datanode-4/ratis/edf1fbd4-cd2e-48d6-a1fc-ef7e0735e355/current/raft-meta.conf
2024-04-23 19:59:44,463 [7071ee0d-0296-4c1d-93da-2a6b8f0a8e11-groupManagement] INFO  ratis.ContainerStateMachine (ContainerStateMachine.java:loadSnapshot(287)) - group-EF7E0735E355: The snapshot info is null. Setting the last applied index to:(t:0, i:~)
2024-04-23 19:59:44,463 [7071ee0d-0296-4c1d-93da-2a6b8f0a8e11-groupManagement] INFO  server.RaftServerConfigKeys (ConfUtils.java:logGet(46)) - raft.server.log.use.memory = false (default)
2024-04-23 19:59:44,463 [7071ee0d-0296-4c1d-93da-2a6b8f0a8e11-groupManagement] INFO  server.RaftServerConfigKeys (ConfUtils.java:logGet(46)) - raft.server.log.purge.gap = 1000000 (custom)
2024-04-23 19:59:44,464 [EventQueue-PipelineReportForPipelineReportHandler] INFO  pipeline.PipelineReportHandler (PipelineReportHandler.java:processPipelineReport(136)) - Opened pipeline PipelineID=edf1fbd4-cd2e-48d6-a1fc-ef7e0735e355
2024-04-23 19:59:44,464 [EventQueue-OpenPipelineForHealthyPipelineSafeModeRule] INFO  safemode.SCMSafeModeManager (HealthyPipelineSafeModeRule.java:process(140)) - SCM in safe mode. Healthy pipelines reported count is 0, required healthy pipeline reported count is 1
2024-04-23 19:59:44,464 [7071ee0d-0296-4c1d-93da-2a6b8f0a8e11-groupManagement] INFO  server.RaftServerConfigKeys (ConfUtils.java:logGet(46)) - raft.server.log.appender.buffer.byte-limit = 8388608 (custom)
2024-04-23 19:59:44,465 [7071ee0d-0296-4c1d-93da-2a6b8f0a8e11-groupManagement] INFO  server.RaftServerConfigKeys (ConfUtils.java:logGet(46)) - raft.server.log.statemachine.data.read.timeout = 1000ms (default)
2024-04-23 19:59:44,465 [7071ee0d-0296-4c1d-93da-2a6b8f0a8e11-groupManagement] INFO  server.RaftServerConfigKeys (ConfUtils.java:logGet(46)) - raft.server.log.purge.preservation.log.num = 0 (default)
2024-04-23 19:59:44,466 [7071ee0d-0296-4c1d-93da-2a6b8f0a8e11-groupManagement] INFO  server.RaftServerConfigKeys (ConfUtils.java:logGet(46)) - raft.server.log.segment.size.max = 67108864 (custom)
2024-04-23 19:59:44,466 [7071ee0d-0296-4c1d-93da-2a6b8f0a8e11-groupManagement] INFO  server.RaftServerConfigKeys (ConfUtils.java:logGet(46)) - raft.server.log.segment.cache.num.max = 2 (custom)
2024-04-23 19:59:44,466 [7071ee0d-0296-4c1d-93da-2a6b8f0a8e11-groupManagement] INFO  server.RaftServerConfigKeys (ConfUtils.java:logGet(46)) - raft.server.log.segment.cache.size.max = 200MB (=209715200) (default)
2024-04-23 19:59:44,466 [7071ee0d-0296-4c1d-93da-2a6b8f0a8e11-groupManagement] INFO  server.RaftServerConfigKeys (ConfUtils.java:logGet(46)) - raft.server.log.appender.buffer.byte-limit = 8388608 (custom)
2024-04-23 19:59:44,466 [7071ee0d-0296-4c1d-93da-2a6b8f0a8e11-groupManagement] INFO  util.AwaitToRun (AwaitToRun.java:start(81)) - Thread[7071ee0d-0296-4c1d-93da-2a6b8f0a8e11@group-EF7E0735E355-cacheEviction-AwaitToRun,5,main] started
2024-04-23 19:59:44,466 [7071ee0d-0296-4c1d-93da-2a6b8f0a8e11-groupManagement] INFO  segmented.SegmentedRaftLogWorker (SegmentedRaftLogWorker.java:<init>(182)) - new 7071ee0d-0296-4c1d-93da-2a6b8f0a8e11@group-EF7E0735E355-SegmentedRaftLogWorker for RaftStorageImpl:Storage Directory /home/runner/work/ozone/ozone/hadoop-ozone/integration-test/target/test-dir/MiniOzoneClusterImpl-d857b234-8aec-441a-a9c9-a34f2a008b14/ozone-meta/datanode-4/ratis/edf1fbd4-cd2e-48d6-a1fc-ef7e0735e355
2024-04-23 19:59:44,466 [7071ee0d-0296-4c1d-93da-2a6b8f0a8e11-groupManagement] INFO  server.RaftServerConfigKeys (ConfUtils.java:logGet(46)) - raft.server.log.queue.byte-limit = 4294967296 (custom)
2024-04-23 19:59:44,466 [7071ee0d-0296-4c1d-93da-2a6b8f0a8e11-groupManagement] INFO  server.RaftServerConfigKeys (ConfUtils.java:logGet(46)) - raft.server.log.queue.element-limit = 1024 (custom)
2024-04-23 19:59:44,466 [7071ee0d-0296-4c1d-93da-2a6b8f0a8e11-groupManagement] INFO  server.RaftServerConfigKeys (ConfUtils.java:logGet(46)) - raft.server.log.segment.size.max = 67108864 (custom)
2024-04-23 19:59:44,467 [7071ee0d-0296-4c1d-93da-2a6b8f0a8e11-groupManagement] INFO  server.RaftServerConfigKeys (ConfUtils.java:logGet(46)) - raft.server.log.preallocated.size = 4194304 (custom)
2024-04-23 19:59:44,467 [7071ee0d-0296-4c1d-93da-2a6b8f0a8e11-groupManagement] INFO  server.RaftServerConfigKeys (ConfUtils.java:logGet(46)) - raft.server.log.force.sync.num = 128 (default)
2024-04-23 19:59:44,467 [7071ee0d-0296-4c1d-93da-2a6b8f0a8e11-groupManagement] INFO  server.RaftServerConfigKeys (ConfUtils.java:logGet(46)) - raft.server.log.statemachine.data.sync = true (default)
2024-04-23 19:59:44,467 [7071ee0d-0296-4c1d-93da-2a6b8f0a8e11-groupManagement] INFO  server.RaftServerConfigKeys (ConfUtils.java:logGet(46)) - raft.server.log.statemachine.data.sync.timeout = 10s (default)
2024-04-23 19:59:44,467 [7071ee0d-0296-4c1d-93da-2a6b8f0a8e11-groupManagement] INFO  server.RaftServerConfigKeys (ConfUtils.java:logGet(46)) - raft.server.log.statemachine.data.sync.timeout.retry = 30 (custom)
2024-04-23 19:59:44,467 [7071ee0d-0296-4c1d-93da-2a6b8f0a8e11-groupManagement] INFO  server.RaftServerConfigKeys (ConfUtils.java:logGet(46)) - raft.server.log.write.buffer.size = 8388616 (custom)
2024-04-23 19:59:44,468 [7071ee0d-0296-4c1d-93da-2a6b8f0a8e11-groupManagement] INFO  server.RaftServerConfigKeys (ConfUtils.java:logGet(46)) - raft.server.log.appender.buffer.byte-limit = 8388608 (custom)
2024-04-23 19:59:44,469 [7071ee0d-0296-4c1d-93da-2a6b8f0a8e11-groupManagement] INFO  server.RaftServerConfigKeys (ConfUtils.java:logGet(46)) - raft.server.log.unsafe-flush.enabled = false (default)
2024-04-23 19:59:44,469 [7071ee0d-0296-4c1d-93da-2a6b8f0a8e11-groupManagement] INFO  server.RaftServerConfigKeys (ConfUtils.java:logGet(46)) - raft.server.log.async-flush.enabled = false (default)
2024-04-23 19:59:44,469 [7071ee0d-0296-4c1d-93da-2a6b8f0a8e11-groupManagement] INFO  server.RaftServerConfigKeys (ConfUtils.java:logGet(46)) - raft.server.log.statemachine.data.caching.enabled = true (custom)
2024-04-23 19:59:44,469 [7071ee0d-0296-4c1d-93da-2a6b8f0a8e11-groupManagement] INFO  segmented.SegmentedRaftLogWorker (SegmentedRaftLogWorker.java:lambda$new$0(134)) - 7071ee0d-0296-4c1d-93da-2a6b8f0a8e11@group-EF7E0735E355-SegmentedRaftLogWorker: flushIndex: setUnconditionally 0 -> -1
2024-04-23 19:59:44,469 [7071ee0d-0296-4c1d-93da-2a6b8f0a8e11-groupManagement] INFO  segmented.SegmentedRaftLogWorker (SegmentedRaftLogWorker.java:lambda$new$0(134)) - 7071ee0d-0296-4c1d-93da-2a6b8f0a8e11@group-EF7E0735E355-SegmentedRaftLogWorker: safeCacheEvictIndex: setUnconditionally 0 -> -1
2024-04-23 19:59:44,469 [7071ee0d-0296-4c1d-93da-2a6b8f0a8e11-groupManagement] INFO  server.RaftServer$Division (RaftServerImpl.java:start(396)) - 7071ee0d-0296-4c1d-93da-2a6b8f0a8e11@group-EF7E0735E355: start as a follower, conf=-1: peers:[7071ee0d-0296-4c1d-93da-2a6b8f0a8e11|10.1.0.27:15308]|listeners:[], old=null
2024-04-23 19:59:44,469 [7071ee0d-0296-4c1d-93da-2a6b8f0a8e11-groupManagement] INFO  server.RaftServer$Division (RaftServerImpl.java:setRole(383)) - 7071ee0d-0296-4c1d-93da-2a6b8f0a8e11@group-EF7E0735E355: changes role from      null to FOLLOWER at term 0 for startAsFollower
2024-04-23 19:59:44,469 [7071ee0d-0296-4c1d-93da-2a6b8f0a8e11-groupManagement] INFO  impl.RoleInfo (RoleInfo.java:updateAndGet(139)) - 7071ee0d-0296-4c1d-93da-2a6b8f0a8e11: start 7071ee0d-0296-4c1d-93da-2a6b8f0a8e11@group-EF7E0735E355-FollowerState
2024-04-23 19:59:44,469 [7071ee0d-0296-4c1d-93da-2a6b8f0a8e11-groupManagement] INFO  util.JmxRegister (JmxRegister.java:tryRegister(44)) - Successfully registered JMX Bean with object name Ratis:service=RaftServer,group=group-EF7E0735E355,id=7071ee0d-0296-4c1d-93da-2a6b8f0a8e11
2024-04-23 19:59:44,470 [7071ee0d-0296-4c1d-93da-2a6b8f0a8e11-groupManagement] INFO  server.RaftServerConfigKeys (ConfUtils.java:logGet(46)) - raft.server.snapshot.trigger-when-stop.enabled = true (default)
2024-04-23 19:59:44,470 [7071ee0d-0296-4c1d-93da-2a6b8f0a8e11-groupManagement] INFO  server.RaftServerConfigKeys (ConfUtils.java:logGet(46)) - raft.server.snapshot.auto.trigger.enabled = true (custom)
2024-04-23 19:59:44,470 [7071ee0d-0296-4c1d-93da-2a6b8f0a8e11-groupManagement] INFO  server.RaftServerConfigKeys (ConfUtils.java:logGet(46)) - raft.server.snapshot.auto.trigger.threshold = 10000 (custom)
2024-04-23 19:59:44,470 [7071ee0d-0296-4c1d-93da-2a6b8f0a8e11-groupManagement] INFO  server.RaftServerConfigKeys (ConfUtils.java:logGet(46)) - raft.server.snapshot.retention.file.num = 5 (custom)
2024-04-23 19:59:44,470 [7071ee0d-0296-4c1d-93da-2a6b8f0a8e11-groupManagement] INFO  server.RaftServerConfigKeys (ConfUtils.java:logGet(46)) - raft.server.log.purge.upto.snapshot.index = false (default)
2024-04-23 19:59:44,470 [7071ee0d-0296-4c1d-93da-2a6b8f0a8e11@group-EF7E0735E355-FollowerState] INFO  server.RaftServerConfigKeys (ConfUtils.java:logFallback(53)) - raft.server.rpc.first-election.timeout.min = 5s (fallback to raft.server.rpc.timeout.min)
2024-04-23 19:59:44,470 [7071ee0d-0296-4c1d-93da-2a6b8f0a8e11-PipelineCommandHandlerThread-0] INFO  ratis.XceiverServerRatis (XceiverServerRatis.java:addGroup(864)) - Created group PipelineID=edf1fbd4-cd2e-48d6-a1fc-ef7e0735e355
2024-04-23 19:59:44,470 [7071ee0d-0296-4c1d-93da-2a6b8f0a8e11-PipelineCommandHandlerThread-0] INFO  commandhandler.CreatePipelineCommandHandler (CreatePipelineCommandHandler.java:lambda$handle$2(124)) - Created Pipeline RATIS ONE PipelineID=edf1fbd4-cd2e-48d6-a1fc-ef7e0735e355.
2024-04-23 19:59:44,470 [7071ee0d-0296-4c1d-93da-2a6b8f0a8e11@group-EF7E0735E355-FollowerState] INFO  server.RaftServerConfigKeys (ConfUtils.java:logFallback(53)) - raft.server.rpc.first-election.timeout.max = 5200ms (fallback to raft.server.rpc.timeout.max)
2024-04-23 19:59:44,471 [7071ee0d-0296-4c1d-93da-2a6b8f0a8e11-PipelineCommandHandlerThread-0] INFO  server.RaftServer (RaftServerProxy.java:addNew(100)) - 7071ee0d-0296-4c1d-93da-2a6b8f0a8e11: addNew group-DA0C2F9F4D67:[7071ee0d-0296-4c1d-93da-2a6b8f0a8e11|10.1.0.27:15308, 5c06539f-238f-401a-8663-461110f37d8f|10.1.0.27:15326, 37bb455d-24a6-4251-8f16-d648f82e590e|10.1.0.27:15317] returns group-DA0C2F9F4D67:java.util.concurrent.CompletableFuture@6ae03544[Not completed]
2024-04-23 19:59:44,471 [7071ee0d-0296-4c1d-93da-2a6b8f0a8e11-groupManagement] INFO  server.RaftServer$Division (RaftServerImpl.java:<init>(256)) - 7071ee0d-0296-4c1d-93da-2a6b8f0a8e11: new RaftServerImpl for group-DA0C2F9F4D67:[7071ee0d-0296-4c1d-93da-2a6b8f0a8e11|10.1.0.27:15308, 5c06539f-238f-401a-8663-461110f37d8f|10.1.0.27:15326, 37bb455d-24a6-4251-8f16-d648f82e590e|10.1.0.27:15317] with ContainerStateMachine:uninitialized
2024-04-23 19:59:44,471 [7071ee0d-0296-4c1d-93da-2a6b8f0a8e11-groupManagement] INFO  server.RaftServerConfigKeys (ConfUtils.java:logGet(46)) - raft.server.rpc.timeout.min = 5s (custom)
2024-04-23 19:59:44,471 [7071ee0d-0296-4c1d-93da-2a6b8f0a8e11-groupManagement] INFO  server.RaftServerConfigKeys (ConfUtils.java:logGet(46)) - raft.server.rpc.timeout.max = 5200ms (custom)
2024-04-23 19:59:44,471 [7071ee0d-0296-4c1d-93da-2a6b8f0a8e11-groupManagement] INFO  server.RaftServerConfigKeys (ConfUtils.java:logGet(46)) - raft.server.rpc.sleep.time = 25ms (default)
2024-04-23 19:59:44,471 [7071ee0d-0296-4c1d-93da-2a6b8f0a8e11-groupManagement] INFO  server.RaftServerConfigKeys (ConfUtils.java:logGet(46)) - raft.server.rpc.slowness.timeout = 300000ms (custom)
2024-04-23 19:59:44,472 [7071ee0d-0296-4c1d-93da-2a6b8f0a8e11-groupManagement] INFO  server.RaftServerConfigKeys (ConfUtils.java:logGet(46)) - raft.server.leaderelection.leader.step-down.wait-time = 10s (default)
2024-04-23 19:59:44,472 [7071ee0d-0296-4c1d-93da-2a6b8f0a8e11-groupManagement] INFO  server.RaftServerConfigKeys (ConfUtils.java:logGet(46)) - raft.server.leaderelection.member.majority-add = false (default)
2024-04-23 19:59:44,472 [7071ee0d-0296-4c1d-93da-2a6b8f0a8e11-groupManagement] INFO  server.RaftServerConfigKeys (ConfUtils.java:logGet(46)) - raft.server.sleep.deviation.threshold = 300ms (default)
2024-04-23 19:59:44,472 [7071ee0d-0296-4c1d-93da-2a6b8f0a8e11-groupManagement] INFO  server.RaftServer$Division (ServerState.java:<init>(113)) - 7071ee0d-0296-4c1d-93da-2a6b8f0a8e11@group-DA0C2F9F4D67: ConfigurationManager, init=-1: peers:[7071ee0d-0296-4c1d-93da-2a6b8f0a8e11|10.1.0.27:15308, 5c06539f-238f-401a-8663-461110f37d8f|10.1.0.27:15326, 37bb455d-24a6-4251-8f16-d648f82e590e|10.1.0.27:15317]|listeners:[], old=null, confs=<EMPTY_MAP>
2024-04-23 19:59:44,472 [7071ee0d-0296-4c1d-93da-2a6b8f0a8e11-groupManagement] INFO  server.RaftServerConfigKeys (ConfUtils.java:logGet(46)) - raft.server.notification.no-leader.timeout = 300000ms (custom)
2024-04-23 19:59:44,472 [7071ee0d-0296-4c1d-93da-2a6b8f0a8e11-groupManagement] INFO  server.RaftServerConfigKeys (ConfUtils.java:logGet(46)) - raft.server.read.timeout = 10s (default)
2024-04-23 19:59:44,472 [7071ee0d-0296-4c1d-93da-2a6b8f0a8e11-groupManagement] INFO  server.RaftServerConfigKeys (ConfUtils.java:logGet(46)) - raft.server.retrycache.expirytime = 600000ms (custom)
2024-04-23 19:59:44,472 [7071ee0d-0296-4c1d-93da-2a6b8f0a8e11-groupManagement] INFO  server.RaftServerConfigKeys (ConfUtils.java:logGet(46)) - raft.server.retrycache.statistics.expirytime = 100ms (default)
2024-04-23 19:59:44,472 [7071ee0d-0296-4c1d-93da-2a6b8f0a8e11-groupManagement] INFO  server.RaftServerConfigKeys (ConfUtils.java:logGet(46)) - raft.server.read.option = DEFAULT (default)
2024-04-23 19:59:44,472 [7071ee0d-0296-4c1d-93da-2a6b8f0a8e11-groupManagement] INFO  server.RaftServerConfigKeys (ConfUtils.java:logGet(46)) - raft.server.read.read-after-write-consistent.write-index-cache.expiry-time = 60s (default)
2024-04-23 19:59:44,474 [7071ee0d-0296-4c1d-93da-2a6b8f0a8e11-groupManagement] INFO  server.RaftServerConfigKeys (ConfUtils.java:logGet(46)) - raft.server.rpc.request.timeout = 3000ms (default)
2024-04-23 19:59:44,474 [7071ee0d-0296-4c1d-93da-2a6b8f0a8e11-groupManagement] INFO  server.RaftServerConfigKeys (ConfUtils.java:logGet(46)) - raft.server.log.appender.install.snapshot.enabled = false (custom)
2024-04-23 19:59:44,474 [7071ee0d-0296-4c1d-93da-2a6b8f0a8e11-groupManagement] INFO  server.RaftServerConfigKeys (ConfUtils.java:logGet(46)) - raft.server.threadpool.server.cached = true (default)
2024-04-23 19:59:44,474 [7071ee0d-0296-4c1d-93da-2a6b8f0a8e11-groupManagement] INFO  server.RaftServerConfigKeys (ConfUtils.java:logGet(46)) - raft.server.threadpool.server.size = 0 (default)
2024-04-23 19:59:44,474 [7071ee0d-0296-4c1d-93da-2a6b8f0a8e11-groupManagement] INFO  server.RaftServerConfigKeys (ConfUtils.java:logGet(46)) - raft.server.threadpool.client.cached = true (default)
2024-04-23 19:59:44,474 [7071ee0d-0296-4c1d-93da-2a6b8f0a8e11-groupManagement] INFO  server.RaftServerConfigKeys (ConfUtils.java:logGet(46)) - raft.server.threadpool.client.size = 0 (default)
2024-04-23 19:59:44,474 [7071ee0d-0296-4c1d-93da-2a6b8f0a8e11-groupManagement] INFO  server.RaftServerConfigKeys (ConfUtils.java:logGet(46)) - raft.server.storage.free-space.min = 0MB (=0) (default)
2024-04-23 19:59:44,474 [7071ee0d-0296-4c1d-93da-2a6b8f0a8e11-groupManagement] INFO  server.RaftServerConfigKeys (ConfUtils.java:logGet(46)) - raft.server.log.corruption.policy = EXCEPTION (default)
2024-04-23 19:59:44,474 [7071ee0d-0296-4c1d-93da-2a6b8f0a8e11-groupManagement] INFO  server.RaftServerConfigKeys (ConfUtils.java:logGet(46)) - raft.server.storage.dir = [/home/runner/work/ozone/ozone/hadoop-ozone/integration-test/target/test-dir/MiniOzoneClusterImpl-d857b234-8aec-441a-a9c9-a34f2a008b14/ozone-meta/datanode-4/ratis] (custom)
2024-04-23 19:59:44,475 [7071ee0d-0296-4c1d-93da-2a6b8f0a8e11-groupManagement] INFO  storage.RaftStorageDirectory (RaftStorageDirectoryImpl.java:analyzeStorage(138)) - The storage directory /home/runner/work/ozone/ozone/hadoop-ozone/integration-test/target/test-dir/MiniOzoneClusterImpl-d857b234-8aec-441a-a9c9-a34f2a008b14/ozone-meta/datanode-4/ratis/479e9e1a-4d29-452c-baf5-da0c2f9f4d67 does not exist. Creating ...
2024-04-23 19:59:44,475 [7071ee0d-0296-4c1d-93da-2a6b8f0a8e11-groupManagement] INFO  storage.RaftStorageDirectory (RaftStorageDirectoryImpl.java:tryLock(228)) - Lock on /home/runner/work/ozone/ozone/hadoop-ozone/integration-test/target/test-dir/MiniOzoneClusterImpl-d857b234-8aec-441a-a9c9-a34f2a008b14/ozone-meta/datanode-4/ratis/479e9e1a-4d29-452c-baf5-da0c2f9f4d67/in_use.lock acquired by nodename 20519@fv-az1496-552
2024-04-23 19:59:44,476 [7071ee0d-0296-4c1d-93da-2a6b8f0a8e11-groupManagement] INFO  storage.RaftStorage (RaftStorageImpl.java:format(99)) - Storage directory /home/runner/work/ozone/ozone/hadoop-ozone/integration-test/target/test-dir/MiniOzoneClusterImpl-d857b234-8aec-441a-a9c9-a34f2a008b14/ozone-meta/datanode-4/ratis/479e9e1a-4d29-452c-baf5-da0c2f9f4d67 has been successfully formatted.
2024-04-23 19:59:44,476 [7071ee0d-0296-4c1d-93da-2a6b8f0a8e11-groupManagement] WARN  util.FileUtils (LogUtils.java:supplyAndLog(63)) - Failed to Files.newInputStream /home/runner/work/ozone/ozone/hadoop-ozone/integration-test/target/test-dir/MiniOzoneClusterImpl-d857b234-8aec-441a-a9c9-a34f2a008b14/ozone-meta/datanode-4/ratis/479e9e1a-4d29-452c-baf5-da0c2f9f4d67/current/raft-meta.conf with options []: java.nio.file.NoSuchFileException: /home/runner/work/ozone/ozone/hadoop-ozone/integration-test/target/test-dir/MiniOzoneClusterImpl-d857b234-8aec-441a-a9c9-a34f2a008b14/ozone-meta/datanode-4/ratis/479e9e1a-4d29-452c-baf5-da0c2f9f4d67/current/raft-meta.conf
2024-04-23 19:59:44,477 [7071ee0d-0296-4c1d-93da-2a6b8f0a8e11-groupManagement] INFO  ratis.ContainerStateMachine (ContainerStateMachine.java:loadSnapshot(287)) - group-DA0C2F9F4D67: The snapshot info is null. Setting the last applied index to:(t:0, i:~)
2024-04-23 19:59:44,477 [7071ee0d-0296-4c1d-93da-2a6b8f0a8e11-groupManagement] INFO  server.RaftServerConfigKeys (ConfUtils.java:logGet(46)) - raft.server.log.use.memory = false (default)
2024-04-23 19:59:44,477 [7071ee0d-0296-4c1d-93da-2a6b8f0a8e11-groupManagement] INFO  server.RaftServerConfigKeys (ConfUtils.java:logGet(46)) - raft.server.log.purge.gap = 1000000 (custom)
2024-04-23 19:59:44,477 [7071ee0d-0296-4c1d-93da-2a6b8f0a8e11-groupManagement] INFO  server.RaftServerConfigKeys (ConfUtils.java:logGet(46)) - raft.server.log.appender.buffer.byte-limit = 8388608 (custom)
2024-04-23 19:59:44,477 [7071ee0d-0296-4c1d-93da-2a6b8f0a8e11-groupManagement] INFO  server.RaftServerConfigKeys (ConfUtils.java:logGet(46)) - raft.server.log.statemachine.data.read.timeout = 1000ms (default)
2024-04-23 19:59:44,477 [7071ee0d-0296-4c1d-93da-2a6b8f0a8e11-groupManagement] INFO  server.RaftServerConfigKeys (ConfUtils.java:logGet(46)) - raft.server.log.purge.preservation.log.num = 0 (default)
2024-04-23 19:59:44,477 [EventQueue-OpenPipelineForHealthyPipelineSafeModeRule] INFO  safemode.SCMSafeModeManager (HealthyPipelineSafeModeRule.java:process(140)) - SCM in safe mode. Healthy pipelines reported count is 0, required healthy pipeline reported count is 1
2024-04-23 19:59:44,478 [7071ee0d-0296-4c1d-93da-2a6b8f0a8e11-groupManagement] INFO  server.RaftServerConfigKeys (ConfUtils.java:logGet(46)) - raft.server.log.segment.size.max = 67108864 (custom)
2024-04-23 19:59:44,479 [7071ee0d-0296-4c1d-93da-2a6b8f0a8e11-groupManagement] INFO  server.RaftServerConfigKeys (ConfUtils.java:logGet(46)) - raft.server.log.segment.cache.num.max = 2 (custom)
2024-04-23 19:59:44,479 [7071ee0d-0296-4c1d-93da-2a6b8f0a8e11-groupManagement] INFO  server.RaftServerConfigKeys (ConfUtils.java:logGet(46)) - raft.server.log.segment.cache.size.max = 200MB (=209715200) (default)
2024-04-23 19:59:44,479 [7071ee0d-0296-4c1d-93da-2a6b8f0a8e11-groupManagement] INFO  server.RaftServerConfigKeys (ConfUtils.java:logGet(46)) - raft.server.log.appender.buffer.byte-limit = 8388608 (custom)
2024-04-23 19:59:44,479 [7071ee0d-0296-4c1d-93da-2a6b8f0a8e11-groupManagement] INFO  util.AwaitToRun (AwaitToRun.java:start(81)) - Thread[7071ee0d-0296-4c1d-93da-2a6b8f0a8e11@group-DA0C2F9F4D67-cacheEviction-AwaitToRun,5,main] started
2024-04-23 19:59:44,479 [7071ee0d-0296-4c1d-93da-2a6b8f0a8e11-groupManagement] INFO  segmented.SegmentedRaftLogWorker (SegmentedRaftLogWorker.java:<init>(182)) - new 7071ee0d-0296-4c1d-93da-2a6b8f0a8e11@group-DA0C2F9F4D67-SegmentedRaftLogWorker for RaftStorageImpl:Storage Directory /home/runner/work/ozone/ozone/hadoop-ozone/integration-test/target/test-dir/MiniOzoneClusterImpl-d857b234-8aec-441a-a9c9-a34f2a008b14/ozone-meta/datanode-4/ratis/479e9e1a-4d29-452c-baf5-da0c2f9f4d67
2024-04-23 19:59:44,479 [7071ee0d-0296-4c1d-93da-2a6b8f0a8e11-groupManagement] INFO  server.RaftServerConfigKeys (ConfUtils.java:logGet(46)) - raft.server.log.queue.byte-limit = 4294967296 (custom)
2024-04-23 19:59:44,479 [7071ee0d-0296-4c1d-93da-2a6b8f0a8e11-groupManagement] INFO  server.RaftServerConfigKeys (ConfUtils.java:logGet(46)) - raft.server.log.queue.element-limit = 1024 (custom)
2024-04-23 19:59:44,479 [7071ee0d-0296-4c1d-93da-2a6b8f0a8e11-groupManagement] INFO  server.RaftServerConfigKeys (ConfUtils.java:logGet(46)) - raft.server.log.segment.size.max = 67108864 (custom)
2024-04-23 19:59:44,479 [7071ee0d-0296-4c1d-93da-2a6b8f0a8e11-groupManagement] INFO  server.RaftServerConfigKeys (ConfUtils.java:logGet(46)) - raft.server.log.preallocated.size = 4194304 (custom)
2024-04-23 19:59:44,479 [7071ee0d-0296-4c1d-93da-2a6b8f0a8e11-groupManagement] INFO  server.RaftServerConfigKeys (ConfUtils.java:logGet(46)) - raft.server.log.force.sync.num = 128 (default)
2024-04-23 19:59:44,480 [7071ee0d-0296-4c1d-93da-2a6b8f0a8e11-groupManagement] INFO  server.RaftServerConfigKeys (ConfUtils.java:logGet(46)) - raft.server.log.statemachine.data.sync = true (default)
2024-04-23 19:59:44,480 [7071ee0d-0296-4c1d-93da-2a6b8f0a8e11-groupManagement] INFO  server.RaftServerConfigKeys (ConfUtils.java:logGet(46)) - raft.server.log.statemachine.data.sync.timeout = 10s (default)
2024-04-23 19:59:44,480 [7071ee0d-0296-4c1d-93da-2a6b8f0a8e11-groupManagement] INFO  server.RaftServerConfigKeys (ConfUtils.java:logGet(46)) - raft.server.log.statemachine.data.sync.timeout.retry = 30 (custom)
2024-04-23 19:59:44,480 [7071ee0d-0296-4c1d-93da-2a6b8f0a8e11-groupManagement] INFO  server.RaftServerConfigKeys (ConfUtils.java:logGet(46)) - raft.server.log.write.buffer.size = 8388616 (custom)
2024-04-23 19:59:44,482 [7071ee0d-0296-4c1d-93da-2a6b8f0a8e11-groupManagement] INFO  server.RaftServerConfigKeys (ConfUtils.java:logGet(46)) - raft.server.log.appender.buffer.byte-limit = 8388608 (custom)
2024-04-23 19:59:44,482 [7071ee0d-0296-4c1d-93da-2a6b8f0a8e11-groupManagement] INFO  server.RaftServerConfigKeys (ConfUtils.java:logGet(46)) - raft.server.log.unsafe-flush.enabled = false (default)
2024-04-23 19:59:44,482 [7071ee0d-0296-4c1d-93da-2a6b8f0a8e11-groupManagement] INFO  server.RaftServerConfigKeys (ConfUtils.java:logGet(46)) - raft.server.log.async-flush.enabled = false (default)
2024-04-23 19:59:44,482 [7071ee0d-0296-4c1d-93da-2a6b8f0a8e11-groupManagement] INFO  server.RaftServerConfigKeys (ConfUtils.java:logGet(46)) - raft.server.log.statemachine.data.caching.enabled = true (custom)
2024-04-23 19:59:44,482 [7071ee0d-0296-4c1d-93da-2a6b8f0a8e11-groupManagement] INFO  segmented.SegmentedRaftLogWorker (SegmentedRaftLogWorker.java:lambda$new$0(134)) - 7071ee0d-0296-4c1d-93da-2a6b8f0a8e11@group-DA0C2F9F4D67-SegmentedRaftLogWorker: flushIndex: setUnconditionally 0 -> -1
2024-04-23 19:59:44,482 [7071ee0d-0296-4c1d-93da-2a6b8f0a8e11-groupManagement] INFO  segmented.SegmentedRaftLogWorker (SegmentedRaftLogWorker.java:lambda$new$0(134)) - 7071ee0d-0296-4c1d-93da-2a6b8f0a8e11@group-DA0C2F9F4D67-SegmentedRaftLogWorker: safeCacheEvictIndex: setUnconditionally 0 -> -1
2024-04-23 19:59:44,485 [7071ee0d-0296-4c1d-93da-2a6b8f0a8e11-groupManagement] INFO  server.RaftServer$Division (RaftServerImpl.java:start(396)) - 7071ee0d-0296-4c1d-93da-2a6b8f0a8e11@group-DA0C2F9F4D67: start as a follower, conf=-1: peers:[7071ee0d-0296-4c1d-93da-2a6b8f0a8e11|10.1.0.27:15308, 5c06539f-238f-401a-8663-461110f37d8f|10.1.0.27:15326, 37bb455d-24a6-4251-8f16-d648f82e590e|10.1.0.27:15317]|listeners:[], old=null
2024-04-23 19:59:44,485 [7071ee0d-0296-4c1d-93da-2a6b8f0a8e11-groupManagement] INFO  server.RaftServer$Division (RaftServerImpl.java:setRole(383)) - 7071ee0d-0296-4c1d-93da-2a6b8f0a8e11@group-DA0C2F9F4D67: changes role from      null to FOLLOWER at term 0 for startAsFollower
2024-04-23 19:59:44,485 [7071ee0d-0296-4c1d-93da-2a6b8f0a8e11-groupManagement] INFO  impl.RoleInfo (RoleInfo.java:updateAndGet(139)) - 7071ee0d-0296-4c1d-93da-2a6b8f0a8e11: start 7071ee0d-0296-4c1d-93da-2a6b8f0a8e11@group-DA0C2F9F4D67-FollowerState
2024-04-23 19:59:44,486 [7071ee0d-0296-4c1d-93da-2a6b8f0a8e11@group-DA0C2F9F4D67-FollowerState] INFO  server.RaftServerConfigKeys (ConfUtils.java:logFallback(53)) - raft.server.rpc.first-election.timeout.min = 5s (fallback to raft.server.rpc.timeout.min)
2024-04-23 19:59:44,486 [7071ee0d-0296-4c1d-93da-2a6b8f0a8e11-groupManagement] INFO  util.JmxRegister (JmxRegister.java:tryRegister(44)) - Successfully registered JMX Bean with object name Ratis:service=RaftServer,group=group-DA0C2F9F4D67,id=7071ee0d-0296-4c1d-93da-2a6b8f0a8e11
2024-04-23 19:59:44,486 [7071ee0d-0296-4c1d-93da-2a6b8f0a8e11-groupManagement] INFO  server.RaftServerConfigKeys (ConfUtils.java:logGet(46)) - raft.server.snapshot.trigger-when-stop.enabled = true (default)
2024-04-23 19:59:44,486 [7071ee0d-0296-4c1d-93da-2a6b8f0a8e11-groupManagement] INFO  server.RaftServerConfigKeys (ConfUtils.java:logGet(46)) - raft.server.snapshot.auto.trigger.enabled = true (custom)
2024-04-23 19:59:44,486 [7071ee0d-0296-4c1d-93da-2a6b8f0a8e11-groupManagement] INFO  server.RaftServerConfigKeys (ConfUtils.java:logGet(46)) - raft.server.snapshot.auto.trigger.threshold = 10000 (custom)
2024-04-23 19:59:44,486 [7071ee0d-0296-4c1d-93da-2a6b8f0a8e11-groupManagement] INFO  server.RaftServerConfigKeys (ConfUtils.java:logGet(46)) - raft.server.snapshot.retention.file.num = 5 (custom)
2024-04-23 19:59:44,486 [7071ee0d-0296-4c1d-93da-2a6b8f0a8e11-groupManagement] INFO  server.RaftServerConfigKeys (ConfUtils.java:logGet(46)) - raft.server.log.purge.upto.snapshot.index = false (default)
2024-04-23 19:59:44,486 [7071ee0d-0296-4c1d-93da-2a6b8f0a8e11@group-DA0C2F9F4D67-FollowerState] INFO  server.RaftServerConfigKeys (ConfUtils.java:logFallback(53)) - raft.server.rpc.first-election.timeout.max = 5200ms (fallback to raft.server.rpc.timeout.max)
2024-04-23 19:59:44,487 [7071ee0d-0296-4c1d-93da-2a6b8f0a8e11-PipelineCommandHandlerThread-0] INFO  ratis.XceiverServerRatis (XceiverServerRatis.java:addGroup(864)) - Created group PipelineID=479e9e1a-4d29-452c-baf5-da0c2f9f4d67
2024-04-23 19:59:44,496 [grpc-default-executor-0] INFO  server.RaftServer (RaftServerProxy.java:addNew(100)) - 5c06539f-238f-401a-8663-461110f37d8f: addNew group-DA0C2F9F4D67:[7071ee0d-0296-4c1d-93da-2a6b8f0a8e11|10.1.0.27:15308, 5c06539f-238f-401a-8663-461110f37d8f|10.1.0.27:15326, 37bb455d-24a6-4251-8f16-d648f82e590e|10.1.0.27:15317] returns group-DA0C2F9F4D67:java.util.concurrent.CompletableFuture@4f92eb17[Not completed]
2024-04-23 19:59:44,497 [5c06539f-238f-401a-8663-461110f37d8f-groupManagement] INFO  server.RaftServer$Division (RaftServerImpl.java:<init>(256)) - 5c06539f-238f-401a-8663-461110f37d8f: new RaftServerImpl for group-DA0C2F9F4D67:[7071ee0d-0296-4c1d-93da-2a6b8f0a8e11|10.1.0.27:15308, 5c06539f-238f-401a-8663-461110f37d8f|10.1.0.27:15326, 37bb455d-24a6-4251-8f16-d648f82e590e|10.1.0.27:15317] with ContainerStateMachine:uninitialized
2024-04-23 19:59:44,497 [5c06539f-238f-401a-8663-461110f37d8f-groupManagement] INFO  server.RaftServerConfigKeys (ConfUtils.java:logGet(46)) - raft.server.rpc.timeout.min = 5s (custom)
2024-04-23 19:59:44,497 [5c06539f-238f-401a-8663-461110f37d8f-groupManagement] INFO  server.RaftServerConfigKeys (ConfUtils.java:logGet(46)) - raft.server.rpc.timeout.max = 5200ms (custom)
2024-04-23 19:59:44,497 [5c06539f-238f-401a-8663-461110f37d8f-groupManagement] INFO  server.RaftServerConfigKeys (ConfUtils.java:logGet(46)) - raft.server.rpc.sleep.time = 25ms (default)
2024-04-23 19:59:44,497 [5c06539f-238f-401a-8663-461110f37d8f-groupManagement] INFO  server.RaftServerConfigKeys (ConfUtils.java:logGet(46)) - raft.server.rpc.slowness.timeout = 300000ms (custom)
2024-04-23 19:59:44,497 [5c06539f-238f-401a-8663-461110f37d8f-groupManagement] INFO  server.RaftServerConfigKeys (ConfUtils.java:logGet(46)) - raft.server.leaderelection.leader.step-down.wait-time = 10s (default)
2024-04-23 19:59:44,497 [5c06539f-238f-401a-8663-461110f37d8f-groupManagement] INFO  server.RaftServerConfigKeys (ConfUtils.java:logGet(46)) - raft.server.leaderelection.member.majority-add = false (default)
2024-04-23 19:59:44,497 [5c06539f-238f-401a-8663-461110f37d8f-groupManagement] INFO  server.RaftServerConfigKeys (ConfUtils.java:logGet(46)) - raft.server.sleep.deviation.threshold = 300ms (default)
2024-04-23 19:59:44,497 [5c06539f-238f-401a-8663-461110f37d8f-groupManagement] INFO  server.RaftServer$Division (ServerState.java:<init>(113)) - 5c06539f-238f-401a-8663-461110f37d8f@group-DA0C2F9F4D67: ConfigurationManager, init=-1: peers:[7071ee0d-0296-4c1d-93da-2a6b8f0a8e11|10.1.0.27:15308, 5c06539f-238f-401a-8663-461110f37d8f|10.1.0.27:15326, 37bb455d-24a6-4251-8f16-d648f82e590e|10.1.0.27:15317]|listeners:[], old=null, confs=<EMPTY_MAP>
2024-04-23 19:59:44,498 [5c06539f-238f-401a-8663-461110f37d8f-groupManagement] INFO  server.RaftServerConfigKeys (ConfUtils.java:logGet(46)) - raft.server.notification.no-leader.timeout = 300000ms (custom)
2024-04-23 19:59:44,498 [5c06539f-238f-401a-8663-461110f37d8f-groupManagement] INFO  server.RaftServerConfigKeys (ConfUtils.java:logGet(46)) - raft.server.read.timeout = 10s (default)
2024-04-23 19:59:44,498 [5c06539f-238f-401a-8663-461110f37d8f-groupManagement] INFO  server.RaftServerConfigKeys (ConfUtils.java:logGet(46)) - raft.server.retrycache.expirytime = 600000ms (custom)
2024-04-23 19:59:44,498 [5c06539f-238f-401a-8663-461110f37d8f-groupManagement] INFO  server.RaftServerConfigKeys (ConfUtils.java:logGet(46)) - raft.server.retrycache.statistics.expirytime = 100ms (default)
2024-04-23 19:59:44,498 [5c06539f-238f-401a-8663-461110f37d8f-groupManagement] INFO  server.RaftServerConfigKeys (ConfUtils.java:logGet(46)) - raft.server.read.option = DEFAULT (default)
2024-04-23 19:59:44,498 [5c06539f-238f-401a-8663-461110f37d8f-groupManagement] INFO  server.RaftServerConfigKeys (ConfUtils.java:logGet(46)) - raft.server.read.read-after-write-consistent.write-index-cache.expiry-time = 60s (default)
2024-04-23 19:59:44,500 [5c06539f-238f-401a-8663-461110f37d8f-groupManagement] INFO  server.RaftServerConfigKeys (ConfUtils.java:logGet(46)) - raft.server.rpc.request.timeout = 3000ms (default)
2024-04-23 19:59:44,500 [5c06539f-238f-401a-8663-461110f37d8f-groupManagement] INFO  server.RaftServerConfigKeys (ConfUtils.java:logGet(46)) - raft.server.log.appender.install.snapshot.enabled = false (custom)
2024-04-23 19:59:44,500 [5c06539f-238f-401a-8663-461110f37d8f-groupManagement] INFO  server.RaftServerConfigKeys (ConfUtils.java:logGet(46)) - raft.server.threadpool.server.cached = true (default)
2024-04-23 19:59:44,500 [5c06539f-238f-401a-8663-461110f37d8f-groupManagement] INFO  server.RaftServerConfigKeys (ConfUtils.java:logGet(46)) - raft.server.threadpool.server.size = 0 (default)
2024-04-23 19:59:44,500 [5c06539f-238f-401a-8663-461110f37d8f-groupManagement] INFO  server.RaftServerConfigKeys (ConfUtils.java:logGet(46)) - raft.server.threadpool.client.cached = true (default)
2024-04-23 19:59:44,500 [5c06539f-238f-401a-8663-461110f37d8f-groupManagement] INFO  server.RaftServerConfigKeys (ConfUtils.java:logGet(46)) - raft.server.threadpool.client.size = 0 (default)
2024-04-23 19:59:44,500 [5c06539f-238f-401a-8663-461110f37d8f-groupManagement] INFO  server.RaftServerConfigKeys (ConfUtils.java:logGet(46)) - raft.server.storage.free-space.min = 0MB (=0) (default)
2024-04-23 19:59:44,500 [5c06539f-238f-401a-8663-461110f37d8f-groupManagement] INFO  server.RaftServerConfigKeys (ConfUtils.java:logGet(46)) - raft.server.log.corruption.policy = EXCEPTION (default)
2024-04-23 19:59:44,501 [5c06539f-238f-401a-8663-461110f37d8f-groupManagement] INFO  server.RaftServerConfigKeys (ConfUtils.java:logGet(46)) - raft.server.storage.dir = [/home/runner/work/ozone/ozone/hadoop-ozone/integration-test/target/test-dir/MiniOzoneClusterImpl-d857b234-8aec-441a-a9c9-a34f2a008b14/ozone-meta/datanode-6/ratis] (custom)
2024-04-23 19:59:44,501 [5c06539f-238f-401a-8663-461110f37d8f-groupManagement] INFO  storage.RaftStorageDirectory (RaftStorageDirectoryImpl.java:analyzeStorage(138)) - The storage directory /home/runner/work/ozone/ozone/hadoop-ozone/integration-test/target/test-dir/MiniOzoneClusterImpl-d857b234-8aec-441a-a9c9-a34f2a008b14/ozone-meta/datanode-6/ratis/479e9e1a-4d29-452c-baf5-da0c2f9f4d67 does not exist. Creating ...
2024-04-23 19:59:44,502 [5c06539f-238f-401a-8663-461110f37d8f-groupManagement] INFO  storage.RaftStorageDirectory (RaftStorageDirectoryImpl.java:tryLock(228)) - Lock on /home/runner/work/ozone/ozone/hadoop-ozone/integration-test/target/test-dir/MiniOzoneClusterImpl-d857b234-8aec-441a-a9c9-a34f2a008b14/ozone-meta/datanode-6/ratis/479e9e1a-4d29-452c-baf5-da0c2f9f4d67/in_use.lock acquired by nodename 20519@fv-az1496-552
2024-04-23 19:59:44,503 [5c06539f-238f-401a-8663-461110f37d8f-groupManagement] INFO  storage.RaftStorage (RaftStorageImpl.java:format(99)) - Storage directory /home/runner/work/ozone/ozone/hadoop-ozone/integration-test/target/test-dir/MiniOzoneClusterImpl-d857b234-8aec-441a-a9c9-a34f2a008b14/ozone-meta/datanode-6/ratis/479e9e1a-4d29-452c-baf5-da0c2f9f4d67 has been successfully formatted.
2024-04-23 19:59:44,503 [5c06539f-238f-401a-8663-461110f37d8f-groupManagement] WARN  util.FileUtils (LogUtils.java:supplyAndLog(63)) - Failed to Files.newInputStream /home/runner/work/ozone/ozone/hadoop-ozone/integration-test/target/test-dir/MiniOzoneClusterImpl-d857b234-8aec-441a-a9c9-a34f2a008b14/ozone-meta/datanode-6/ratis/479e9e1a-4d29-452c-baf5-da0c2f9f4d67/current/raft-meta.conf with options []: java.nio.file.NoSuchFileException: /home/runner/work/ozone/ozone/hadoop-ozone/integration-test/target/test-dir/MiniOzoneClusterImpl-d857b234-8aec-441a-a9c9-a34f2a008b14/ozone-meta/datanode-6/ratis/479e9e1a-4d29-452c-baf5-da0c2f9f4d67/current/raft-meta.conf
2024-04-23 19:59:44,504 [5c06539f-238f-401a-8663-461110f37d8f-groupManagement] INFO  ratis.ContainerStateMachine (ContainerStateMachine.java:loadSnapshot(287)) - group-DA0C2F9F4D67: The snapshot info is null. Setting the last applied index to:(t:0, i:~)
2024-04-23 19:59:44,504 [5c06539f-238f-401a-8663-461110f37d8f-groupManagement] INFO  server.RaftServerConfigKeys (ConfUtils.java:logGet(46)) - raft.server.log.use.memory = false (default)
2024-04-23 19:59:44,504 [5c06539f-238f-401a-8663-461110f37d8f-groupManagement] INFO  server.RaftServerConfigKeys (ConfUtils.java:logGet(46)) - raft.server.log.purge.gap = 1000000 (custom)
2024-04-23 19:59:44,504 [5c06539f-238f-401a-8663-461110f37d8f-groupManagement] INFO  server.RaftServerConfigKeys (ConfUtils.java:logGet(46)) - raft.server.log.appender.buffer.byte-limit = 8388608 (custom)
2024-04-23 19:59:44,504 [5c06539f-238f-401a-8663-461110f37d8f-groupManagement] INFO  server.RaftServerConfigKeys (ConfUtils.java:logGet(46)) - raft.server.log.statemachine.data.read.timeout = 1000ms (default)
2024-04-23 19:59:44,504 [5c06539f-238f-401a-8663-461110f37d8f-groupManagement] INFO  server.RaftServerConfigKeys (ConfUtils.java:logGet(46)) - raft.server.log.purge.preservation.log.num = 0 (default)
2024-04-23 19:59:44,506 [5c06539f-238f-401a-8663-461110f37d8f-groupManagement] INFO  server.RaftServerConfigKeys (ConfUtils.java:logGet(46)) - raft.server.log.segment.size.max = 67108864 (custom)
2024-04-23 19:59:44,506 [5c06539f-238f-401a-8663-461110f37d8f-groupManagement] INFO  server.RaftServerConfigKeys (ConfUtils.java:logGet(46)) - raft.server.log.segment.cache.num.max = 2 (custom)
2024-04-23 19:59:44,506 [5c06539f-238f-401a-8663-461110f37d8f-groupManagement] INFO  server.RaftServerConfigKeys (ConfUtils.java:logGet(46)) - raft.server.log.segment.cache.size.max = 200MB (=209715200) (default)
2024-04-23 19:59:44,506 [5c06539f-238f-401a-8663-461110f37d8f-groupManagement] INFO  server.RaftServerConfigKeys (ConfUtils.java:logGet(46)) - raft.server.log.appender.buffer.byte-limit = 8388608 (custom)
2024-04-23 19:59:44,506 [5c06539f-238f-401a-8663-461110f37d8f-groupManagement] INFO  util.AwaitToRun (AwaitToRun.java:start(81)) - Thread[5c06539f-238f-401a-8663-461110f37d8f@group-DA0C2F9F4D67-cacheEviction-AwaitToRun,5,main] started
2024-04-23 19:59:44,506 [5c06539f-238f-401a-8663-461110f37d8f-groupManagement] INFO  segmented.SegmentedRaftLogWorker (SegmentedRaftLogWorker.java:<init>(182)) - new 5c06539f-238f-401a-8663-461110f37d8f@group-DA0C2F9F4D67-SegmentedRaftLogWorker for RaftStorageImpl:Storage Directory /home/runner/work/ozone/ozone/hadoop-ozone/integration-test/target/test-dir/MiniOzoneClusterImpl-d857b234-8aec-441a-a9c9-a34f2a008b14/ozone-meta/datanode-6/ratis/479e9e1a-4d29-452c-baf5-da0c2f9f4d67
2024-04-23 19:59:44,506 [5c06539f-238f-401a-8663-461110f37d8f-groupManagement] INFO  server.RaftServerConfigKeys (ConfUtils.java:logGet(46)) - raft.server.log.queue.byte-limit = 4294967296 (custom)
2024-04-23 19:59:44,506 [5c06539f-238f-401a-8663-461110f37d8f-groupManagement] INFO  server.RaftServerConfigKeys (ConfUtils.java:logGet(46)) - raft.server.log.queue.element-limit = 1024 (custom)
2024-04-23 19:59:44,507 [5c06539f-238f-401a-8663-461110f37d8f-groupManagement] INFO  server.RaftServerConfigKeys (ConfUtils.java:logGet(46)) - raft.server.log.segment.size.max = 67108864 (custom)
2024-04-23 19:59:44,507 [5c06539f-238f-401a-8663-461110f37d8f-groupManagement] INFO  server.RaftServerConfigKeys (ConfUtils.java:logGet(46)) - raft.server.log.preallocated.size = 4194304 (custom)
2024-04-23 19:59:44,507 [5c06539f-238f-401a-8663-461110f37d8f-groupManagement] INFO  server.RaftServerConfigKeys (ConfUtils.java:logGet(46)) - raft.server.log.force.sync.num = 128 (default)
2024-04-23 19:59:44,507 [5c06539f-238f-401a-8663-461110f37d8f-groupManagement] INFO  server.RaftServerConfigKeys (ConfUtils.java:logGet(46)) - raft.server.log.statemachine.data.sync = true (default)
2024-04-23 19:59:44,507 [5c06539f-238f-401a-8663-461110f37d8f-groupManagement] INFO  server.RaftServerConfigKeys (ConfUtils.java:logGet(46)) - raft.server.log.statemachine.data.sync.timeout = 10s (default)
2024-04-23 19:59:44,507 [5c06539f-238f-401a-8663-461110f37d8f-groupManagement] INFO  server.RaftServerConfigKeys (ConfUtils.java:logGet(46)) - raft.server.log.statemachine.data.sync.timeout.retry = 30 (custom)
2024-04-23 19:59:44,507 [5c06539f-238f-401a-8663-461110f37d8f-groupManagement] INFO  server.RaftServerConfigKeys (ConfUtils.java:logGet(46)) - raft.server.log.write.buffer.size = 8388616 (custom)
2024-04-23 19:59:44,508 [5c06539f-238f-401a-8663-461110f37d8f-groupManagement] INFO  server.RaftServerConfigKeys (ConfUtils.java:logGet(46)) - raft.server.log.appender.buffer.byte-limit = 8388608 (custom)
2024-04-23 19:59:44,508 [5c06539f-238f-401a-8663-461110f37d8f-groupManagement] INFO  server.RaftServerConfigKeys (ConfUtils.java:logGet(46)) - raft.server.log.unsafe-flush.enabled = false (default)
2024-04-23 19:59:44,508 [5c06539f-238f-401a-8663-461110f37d8f-groupManagement] INFO  server.RaftServerConfigKeys (ConfUtils.java:logGet(46)) - raft.server.log.async-flush.enabled = false (default)
2024-04-23 19:59:44,508 [5c06539f-238f-401a-8663-461110f37d8f-groupManagement] INFO  server.RaftServerConfigKeys (ConfUtils.java:logGet(46)) - raft.server.log.statemachine.data.caching.enabled = true (custom)
2024-04-23 19:59:44,508 [5c06539f-238f-401a-8663-461110f37d8f-groupManagement] INFO  segmented.SegmentedRaftLogWorker (SegmentedRaftLogWorker.java:lambda$new$0(134)) - 5c06539f-238f-401a-8663-461110f37d8f@group-DA0C2F9F4D67-SegmentedRaftLogWorker: flushIndex: setUnconditionally 0 -> -1
2024-04-23 19:59:44,508 [5c06539f-238f-401a-8663-461110f37d8f-groupManagement] INFO  segmented.SegmentedRaftLogWorker (SegmentedRaftLogWorker.java:lambda$new$0(134)) - 5c06539f-238f-401a-8663-461110f37d8f@group-DA0C2F9F4D67-SegmentedRaftLogWorker: safeCacheEvictIndex: setUnconditionally 0 -> -1
2024-04-23 19:59:44,509 [5c06539f-238f-401a-8663-461110f37d8f-groupManagement] INFO  server.RaftServer$Division (RaftServerImpl.java:start(396)) - 5c06539f-238f-401a-8663-461110f37d8f@group-DA0C2F9F4D67: start as a follower, conf=-1: peers:[7071ee0d-0296-4c1d-93da-2a6b8f0a8e11|10.1.0.27:15308, 5c06539f-238f-401a-8663-461110f37d8f|10.1.0.27:15326, 37bb455d-24a6-4251-8f16-d648f82e590e|10.1.0.27:15317]|listeners:[], old=null
2024-04-23 19:59:44,509 [5c06539f-238f-401a-8663-461110f37d8f-groupManagement] INFO  server.RaftServer$Division (RaftServerImpl.java:setRole(383)) - 5c06539f-238f-401a-8663-461110f37d8f@group-DA0C2F9F4D67: changes role from      null to FOLLOWER at term 0 for startAsFollower
2024-04-23 19:59:44,509 [5c06539f-238f-401a-8663-461110f37d8f-groupManagement] INFO  impl.RoleInfo (RoleInfo.java:updateAndGet(139)) - 5c06539f-238f-401a-8663-461110f37d8f: start 5c06539f-238f-401a-8663-461110f37d8f@group-DA0C2F9F4D67-FollowerState
2024-04-23 19:59:44,509 [5c06539f-238f-401a-8663-461110f37d8f@group-DA0C2F9F4D67-FollowerState] INFO  server.RaftServerConfigKeys (ConfUtils.java:logFallback(53)) - raft.server.rpc.first-election.timeout.min = 5s (fallback to raft.server.rpc.timeout.min)
2024-04-23 19:59:44,509 [5c06539f-238f-401a-8663-461110f37d8f-groupManagement] INFO  util.JmxRegister (JmxRegister.java:tryRegister(44)) - Successfully registered JMX Bean with object name Ratis:service=RaftServer,group=group-DA0C2F9F4D67,id=5c06539f-238f-401a-8663-461110f37d8f
2024-04-23 19:59:44,509 [5c06539f-238f-401a-8663-461110f37d8f-groupManagement] INFO  server.RaftServerConfigKeys (ConfUtils.java:logGet(46)) - raft.server.snapshot.trigger-when-stop.enabled = true (default)
2024-04-23 19:59:44,509 [5c06539f-238f-401a-8663-461110f37d8f-groupManagement] INFO  server.RaftServerConfigKeys (ConfUtils.java:logGet(46)) - raft.server.snapshot.auto.trigger.enabled = true (custom)
2024-04-23 19:59:44,509 [5c06539f-238f-401a-8663-461110f37d8f@group-DA0C2F9F4D67-FollowerState] INFO  server.RaftServerConfigKeys (ConfUtils.java:logFallback(53)) - raft.server.rpc.first-election.timeout.max = 5200ms (fallback to raft.server.rpc.timeout.max)
2024-04-23 19:59:44,509 [5c06539f-238f-401a-8663-461110f37d8f-groupManagement] INFO  server.RaftServerConfigKeys (ConfUtils.java:logGet(46)) - raft.server.snapshot.auto.trigger.threshold = 10000 (custom)
2024-04-23 19:59:44,510 [5c06539f-238f-401a-8663-461110f37d8f-groupManagement] INFO  server.RaftServerConfigKeys (ConfUtils.java:logGet(46)) - raft.server.snapshot.retention.file.num = 5 (custom)
2024-04-23 19:59:44,510 [5c06539f-238f-401a-8663-461110f37d8f-groupManagement] INFO  server.RaftServerConfigKeys (ConfUtils.java:logGet(46)) - raft.server.log.purge.upto.snapshot.index = false (default)
2024-04-23 19:59:44,519 [37bb455d-24a6-4251-8f16-d648f82e590e-PipelineCommandHandlerThread-0] INFO  server.RaftServer (RaftServerProxy.java:addNew(100)) - 37bb455d-24a6-4251-8f16-d648f82e590e: addNew group-7D724E5E77CB:[37bb455d-24a6-4251-8f16-d648f82e590e|10.1.0.27:15317] returns group-7D724E5E77CB:java.util.concurrent.CompletableFuture@12558639[Not completed]
2024-04-23 19:59:44,519 [grpc-default-executor-0] INFO  server.RaftServer (RaftServerProxy.java:addNew(100)) - 37bb455d-24a6-4251-8f16-d648f82e590e: addNew group-DA0C2F9F4D67:[7071ee0d-0296-4c1d-93da-2a6b8f0a8e11|10.1.0.27:15308, 5c06539f-238f-401a-8663-461110f37d8f|10.1.0.27:15326, 37bb455d-24a6-4251-8f16-d648f82e590e|10.1.0.27:15317] returns group-DA0C2F9F4D67:java.util.concurrent.CompletableFuture@4a3f9ee4[Not completed]
2024-04-23 19:59:44,519 [37bb455d-24a6-4251-8f16-d648f82e590e-groupManagement] INFO  server.RaftServer$Division (RaftServerImpl.java:<init>(256)) - 37bb455d-24a6-4251-8f16-d648f82e590e: new RaftServerImpl for group-7D724E5E77CB:[37bb455d-24a6-4251-8f16-d648f82e590e|10.1.0.27:15317] with ContainerStateMachine:uninitialized
2024-04-23 19:59:44,519 [37bb455d-24a6-4251-8f16-d648f82e590e-groupManagement] INFO  server.RaftServerConfigKeys (ConfUtils.java:logGet(46)) - raft.server.rpc.timeout.min = 5s (custom)
2024-04-23 19:59:44,519 [37bb455d-24a6-4251-8f16-d648f82e590e-groupManagement] INFO  server.RaftServerConfigKeys (ConfUtils.java:logGet(46)) - raft.server.rpc.timeout.max = 5200ms (custom)
2024-04-23 19:59:44,519 [37bb455d-24a6-4251-8f16-d648f82e590e-groupManagement] INFO  server.RaftServerConfigKeys (ConfUtils.java:logGet(46)) - raft.server.rpc.sleep.time = 25ms (default)
2024-04-23 19:59:44,519 [37bb455d-24a6-4251-8f16-d648f82e590e-groupManagement] INFO  server.RaftServerConfigKeys (ConfUtils.java:logGet(46)) - raft.server.rpc.slowness.timeout = 300000ms (custom)
2024-04-23 19:59:44,519 [37bb455d-24a6-4251-8f16-d648f82e590e-groupManagement] INFO  server.RaftServerConfigKeys (ConfUtils.java:logGet(46)) - raft.server.leaderelection.leader.step-down.wait-time = 10s (default)
2024-04-23 19:59:44,519 [37bb455d-24a6-4251-8f16-d648f82e590e-groupManagement] INFO  server.RaftServerConfigKeys (ConfUtils.java:logGet(46)) - raft.server.leaderelection.member.majority-add = false (default)
2024-04-23 19:59:44,519 [37bb455d-24a6-4251-8f16-d648f82e590e-groupManagement] INFO  server.RaftServerConfigKeys (ConfUtils.java:logGet(46)) - raft.server.sleep.deviation.threshold = 300ms (default)
2024-04-23 19:59:44,520 [37bb455d-24a6-4251-8f16-d648f82e590e-groupManagement] INFO  server.RaftServer$Division (ServerState.java:<init>(113)) - 37bb455d-24a6-4251-8f16-d648f82e590e@group-7D724E5E77CB: ConfigurationManager, init=-1: peers:[37bb455d-24a6-4251-8f16-d648f82e590e|10.1.0.27:15317]|listeners:[], old=null, confs=<EMPTY_MAP>
2024-04-23 19:59:44,520 [37bb455d-24a6-4251-8f16-d648f82e590e-groupManagement] INFO  server.RaftServerConfigKeys (ConfUtils.java:logGet(46)) - raft.server.notification.no-leader.timeout = 300000ms (custom)
2024-04-23 19:59:44,520 [37bb455d-24a6-4251-8f16-d648f82e590e-groupManagement] INFO  server.RaftServerConfigKeys (ConfUtils.java:logGet(46)) - raft.server.read.timeout = 10s (default)
2024-04-23 19:59:44,520 [37bb455d-24a6-4251-8f16-d648f82e590e-groupManagement] INFO  server.RaftServerConfigKeys (ConfUtils.java:logGet(46)) - raft.server.retrycache.expirytime = 600000ms (custom)
2024-04-23 19:59:44,520 [37bb455d-24a6-4251-8f16-d648f82e590e-groupManagement] INFO  server.RaftServerConfigKeys (ConfUtils.java:logGet(46)) - raft.server.retrycache.statistics.expirytime = 100ms (default)
2024-04-23 19:59:44,520 [37bb455d-24a6-4251-8f16-d648f82e590e-groupManagement] INFO  server.RaftServerConfigKeys (ConfUtils.java:logGet(46)) - raft.server.read.option = DEFAULT (default)
2024-04-23 19:59:44,520 [37bb455d-24a6-4251-8f16-d648f82e590e-groupManagement] INFO  server.RaftServerConfigKeys (ConfUtils.java:logGet(46)) - raft.server.read.read-after-write-consistent.write-index-cache.expiry-time = 60s (default)
2024-04-23 19:59:44,521 [37bb455d-24a6-4251-8f16-d648f82e590e-groupManagement] INFO  server.RaftServerConfigKeys (ConfUtils.java:logGet(46)) - raft.server.rpc.request.timeout = 3000ms (default)
2024-04-23 19:59:44,521 [37bb455d-24a6-4251-8f16-d648f82e590e-groupManagement] INFO  server.RaftServerConfigKeys (ConfUtils.java:logGet(46)) - raft.server.log.appender.install.snapshot.enabled = false (custom)
2024-04-23 19:59:44,521 [37bb455d-24a6-4251-8f16-d648f82e590e-groupManagement] INFO  server.RaftServerConfigKeys (ConfUtils.java:logGet(46)) - raft.server.threadpool.server.cached = true (default)
2024-04-23 19:59:44,521 [37bb455d-24a6-4251-8f16-d648f82e590e-groupManagement] INFO  server.RaftServerConfigKeys (ConfUtils.java:logGet(46)) - raft.server.threadpool.server.size = 0 (default)
2024-04-23 19:59:44,521 [37bb455d-24a6-4251-8f16-d648f82e590e-groupManagement] INFO  server.RaftServerConfigKeys (ConfUtils.java:logGet(46)) - raft.server.threadpool.client.cached = true (default)
2024-04-23 19:59:44,521 [37bb455d-24a6-4251-8f16-d648f82e590e-groupManagement] INFO  server.RaftServerConfigKeys (ConfUtils.java:logGet(46)) - raft.server.threadpool.client.size = 0 (default)
2024-04-23 19:59:44,522 [37bb455d-24a6-4251-8f16-d648f82e590e-groupManagement] INFO  server.RaftServer$Division (RaftServerImpl.java:<init>(256)) - 37bb455d-24a6-4251-8f16-d648f82e590e: new RaftServerImpl for group-DA0C2F9F4D67:[7071ee0d-0296-4c1d-93da-2a6b8f0a8e11|10.1.0.27:15308, 5c06539f-238f-401a-8663-461110f37d8f|10.1.0.27:15326, 37bb455d-24a6-4251-8f16-d648f82e590e|10.1.0.27:15317] with ContainerStateMachine:uninitialized
2024-04-23 19:59:44,522 [37bb455d-24a6-4251-8f16-d648f82e590e-groupManagement] INFO  server.RaftServerConfigKeys (ConfUtils.java:logGet(46)) - raft.server.rpc.timeout.min = 5s (custom)
2024-04-23 19:59:44,522 [37bb455d-24a6-4251-8f16-d648f82e590e-groupManagement] INFO  server.RaftServerConfigKeys (ConfUtils.java:logGet(46)) - raft.server.rpc.timeout.max = 5200ms (custom)
2024-04-23 19:59:44,522 [37bb455d-24a6-4251-8f16-d648f82e590e-groupManagement] INFO  server.RaftServerConfigKeys (ConfUtils.java:logGet(46)) - raft.server.rpc.sleep.time = 25ms (default)
2024-04-23 19:59:44,522 [37bb455d-24a6-4251-8f16-d648f82e590e-groupManagement] INFO  server.RaftServerConfigKeys (ConfUtils.java:logGet(46)) - raft.server.rpc.slowness.timeout = 300000ms (custom)
2024-04-23 19:59:44,522 [37bb455d-24a6-4251-8f16-d648f82e590e-groupManagement] INFO  server.RaftServerConfigKeys (ConfUtils.java:logGet(46)) - raft.server.leaderelection.leader.step-down.wait-time = 10s (default)
2024-04-23 19:59:44,522 [37bb455d-24a6-4251-8f16-d648f82e590e-groupManagement] INFO  server.RaftServerConfigKeys (ConfUtils.java:logGet(46)) - raft.server.leaderelection.member.majority-add = false (default)
2024-04-23 19:59:44,522 [37bb455d-24a6-4251-8f16-d648f82e590e-groupManagement] INFO  server.RaftServerConfigKeys (ConfUtils.java:logGet(46)) - raft.server.sleep.deviation.threshold = 300ms (default)
2024-04-23 19:59:44,522 [37bb455d-24a6-4251-8f16-d648f82e590e-groupManagement] INFO  server.RaftServer$Division (ServerState.java:<init>(113)) - 37bb455d-24a6-4251-8f16-d648f82e590e@group-DA0C2F9F4D67: ConfigurationManager, init=-1: peers:[7071ee0d-0296-4c1d-93da-2a6b8f0a8e11|10.1.0.27:15308, 5c06539f-238f-401a-8663-461110f37d8f|10.1.0.27:15326, 37bb455d-24a6-4251-8f16-d648f82e590e|10.1.0.27:15317]|listeners:[], old=null, confs=<EMPTY_MAP>
2024-04-23 19:59:44,522 [37bb455d-24a6-4251-8f16-d648f82e590e-groupManagement] INFO  server.RaftServerConfigKeys (ConfUtils.java:logGet(46)) - raft.server.notification.no-leader.timeout = 300000ms (custom)
2024-04-23 19:59:44,522 [37bb455d-24a6-4251-8f16-d648f82e590e-groupManagement] INFO  server.RaftServerConfigKeys (ConfUtils.java:logGet(46)) - raft.server.read.timeout = 10s (default)
2024-04-23 19:59:44,522 [37bb455d-24a6-4251-8f16-d648f82e590e-groupManagement] INFO  server.RaftServerConfigKeys (ConfUtils.java:logGet(46)) - raft.server.retrycache.expirytime = 600000ms (custom)
2024-04-23 19:59:44,522 [37bb455d-24a6-4251-8f16-d648f82e590e-groupManagement] INFO  server.RaftServerConfigKeys (ConfUtils.java:logGet(46)) - raft.server.retrycache.statistics.expirytime = 100ms (default)
2024-04-23 19:59:44,522 [37bb455d-24a6-4251-8f16-d648f82e590e-groupManagement] INFO  server.RaftServerConfigKeys (ConfUtils.java:logGet(46)) - raft.server.read.option = DEFAULT (default)
2024-04-23 19:59:44,522 [37bb455d-24a6-4251-8f16-d648f82e590e-groupManagement] INFO  server.RaftServerConfigKeys (ConfUtils.java:logGet(46)) - raft.server.read.read-after-write-consistent.write-index-cache.expiry-time = 60s (default)
2024-04-23 19:59:44,524 [37bb455d-24a6-4251-8f16-d648f82e590e-groupManagement] INFO  server.RaftServerConfigKeys (ConfUtils.java:logGet(46)) - raft.server.rpc.request.timeout = 3000ms (default)
2024-04-23 19:59:44,524 [37bb455d-24a6-4251-8f16-d648f82e590e-groupManagement] INFO  server.RaftServerConfigKeys (ConfUtils.java:logGet(46)) - raft.server.log.appender.install.snapshot.enabled = false (custom)
2024-04-23 19:59:44,524 [37bb455d-24a6-4251-8f16-d648f82e590e-groupManagement] INFO  server.RaftServerConfigKeys (ConfUtils.java:logGet(46)) - raft.server.threadpool.server.cached = true (default)
2024-04-23 19:59:44,524 [37bb455d-24a6-4251-8f16-d648f82e590e-groupManagement] INFO  server.RaftServerConfigKeys (ConfUtils.java:logGet(46)) - raft.server.threadpool.server.size = 0 (default)
2024-04-23 19:59:44,524 [37bb455d-24a6-4251-8f16-d648f82e590e-groupManagement] INFO  server.RaftServerConfigKeys (ConfUtils.java:logGet(46)) - raft.server.threadpool.client.cached = true (default)
2024-04-23 19:59:44,524 [37bb455d-24a6-4251-8f16-d648f82e590e-groupManagement] INFO  server.RaftServerConfigKeys (ConfUtils.java:logGet(46)) - raft.server.threadpool.client.size = 0 (default)
2024-04-23 19:59:44,524 [37bb455d-24a6-4251-8f16-d648f82e590e-groupManagement] INFO  server.RaftServerConfigKeys (ConfUtils.java:logGet(46)) - raft.server.storage.free-space.min = 0MB (=0) (default)
2024-04-23 19:59:44,524 [37bb455d-24a6-4251-8f16-d648f82e590e-groupManagement] INFO  server.RaftServerConfigKeys (ConfUtils.java:logGet(46)) - raft.server.log.corruption.policy = EXCEPTION (default)
2024-04-23 19:59:44,524 [37bb455d-24a6-4251-8f16-d648f82e590e-groupManagement] INFO  server.RaftServerConfigKeys (ConfUtils.java:logGet(46)) - raft.server.storage.dir = [/home/runner/work/ozone/ozone/hadoop-ozone/integration-test/target/test-dir/MiniOzoneClusterImpl-d857b234-8aec-441a-a9c9-a34f2a008b14/ozone-meta/datanode-5/ratis] (custom)
2024-04-23 19:59:44,524 [37bb455d-24a6-4251-8f16-d648f82e590e-groupManagement] INFO  storage.RaftStorageDirectory (RaftStorageDirectoryImpl.java:analyzeStorage(138)) - The storage directory /home/runner/work/ozone/ozone/hadoop-ozone/integration-test/target/test-dir/MiniOzoneClusterImpl-d857b234-8aec-441a-a9c9-a34f2a008b14/ozone-meta/datanode-5/ratis/94544c91-2a61-471f-b2f8-7d724e5e77cb does not exist. Creating ...
2024-04-23 19:59:44,525 [37bb455d-24a6-4251-8f16-d648f82e590e-groupManagement] INFO  storage.RaftStorageDirectory (RaftStorageDirectoryImpl.java:tryLock(228)) - Lock on /home/runner/work/ozone/ozone/hadoop-ozone/integration-test/target/test-dir/MiniOzoneClusterImpl-d857b234-8aec-441a-a9c9-a34f2a008b14/ozone-meta/datanode-5/ratis/94544c91-2a61-471f-b2f8-7d724e5e77cb/in_use.lock acquired by nodename 20519@fv-az1496-552
2024-04-23 19:59:44,526 [37bb455d-24a6-4251-8f16-d648f82e590e-groupManagement] INFO  storage.RaftStorage (RaftStorageImpl.java:format(99)) - Storage directory /home/runner/work/ozone/ozone/hadoop-ozone/integration-test/target/test-dir/MiniOzoneClusterImpl-d857b234-8aec-441a-a9c9-a34f2a008b14/ozone-meta/datanode-5/ratis/94544c91-2a61-471f-b2f8-7d724e5e77cb has been successfully formatted.
2024-04-23 19:59:44,526 [37bb455d-24a6-4251-8f16-d648f82e590e-groupManagement] WARN  util.FileUtils (LogUtils.java:supplyAndLog(63)) - Failed to Files.newInputStream /home/runner/work/ozone/ozone/hadoop-ozone/integration-test/target/test-dir/MiniOzoneClusterImpl-d857b234-8aec-441a-a9c9-a34f2a008b14/ozone-meta/datanode-5/ratis/94544c91-2a61-471f-b2f8-7d724e5e77cb/current/raft-meta.conf with options []: java.nio.file.NoSuchFileException: /home/runner/work/ozone/ozone/hadoop-ozone/integration-test/target/test-dir/MiniOzoneClusterImpl-d857b234-8aec-441a-a9c9-a34f2a008b14/ozone-meta/datanode-5/ratis/94544c91-2a61-471f-b2f8-7d724e5e77cb/current/raft-meta.conf
2024-04-23 19:59:44,527 [37bb455d-24a6-4251-8f16-d648f82e590e-groupManagement] INFO  ratis.ContainerStateMachine (ContainerStateMachine.java:loadSnapshot(287)) - group-7D724E5E77CB: The snapshot info is null. Setting the last applied index to:(t:0, i:~)
2024-04-23 19:59:44,527 [37bb455d-24a6-4251-8f16-d648f82e590e-groupManagement] INFO  server.RaftServerConfigKeys (ConfUtils.java:logGet(46)) - raft.server.log.use.memory = false (default)
2024-04-23 19:59:44,527 [37bb455d-24a6-4251-8f16-d648f82e590e-groupManagement] INFO  server.RaftServerConfigKeys (ConfUtils.java:logGet(46)) - raft.server.log.purge.gap = 1000000 (custom)
2024-04-23 19:59:44,527 [37bb455d-24a6-4251-8f16-d648f82e590e-groupManagement] INFO  server.RaftServerConfigKeys (ConfUtils.java:logGet(46)) - raft.server.log.appender.buffer.byte-limit = 8388608 (custom)
2024-04-23 19:59:44,527 [37bb455d-24a6-4251-8f16-d648f82e590e-groupManagement] INFO  server.RaftServerConfigKeys (ConfUtils.java:logGet(46)) - raft.server.log.statemachine.data.read.timeout = 1000ms (default)
2024-04-23 19:59:44,528 [37bb455d-24a6-4251-8f16-d648f82e590e-groupManagement] INFO  server.RaftServerConfigKeys (ConfUtils.java:logGet(46)) - raft.server.log.purge.preservation.log.num = 0 (default)
2024-04-23 19:59:44,528 [EventQueue-PipelineReportForPipelineReportHandler] INFO  pipeline.PipelineReportHandler (PipelineReportHandler.java:processPipelineReport(136)) - Opened pipeline PipelineID=94544c91-2a61-471f-b2f8-7d724e5e77cb
2024-04-23 19:59:44,528 [EventQueue-OpenPipelineForHealthyPipelineSafeModeRule] INFO  safemode.SCMSafeModeManager (HealthyPipelineSafeModeRule.java:process(140)) - SCM in safe mode. Healthy pipelines reported count is 0, required healthy pipeline reported count is 1
2024-04-23 19:59:44,529 [37bb455d-24a6-4251-8f16-d648f82e590e-groupManagement] INFO  server.RaftServerConfigKeys (ConfUtils.java:logGet(46)) - raft.server.log.segment.size.max = 67108864 (custom)
2024-04-23 19:59:44,529 [37bb455d-24a6-4251-8f16-d648f82e590e-groupManagement] INFO  server.RaftServerConfigKeys (ConfUtils.java:logGet(46)) - raft.server.log.segment.cache.num.max = 2 (custom)
2024-04-23 19:59:44,529 [37bb455d-24a6-4251-8f16-d648f82e590e-groupManagement] INFO  server.RaftServerConfigKeys (ConfUtils.java:logGet(46)) - raft.server.log.segment.cache.size.max = 200MB (=209715200) (default)
2024-04-23 19:59:44,529 [37bb455d-24a6-4251-8f16-d648f82e590e-groupManagement] INFO  server.RaftServerConfigKeys (ConfUtils.java:logGet(46)) - raft.server.log.appender.buffer.byte-limit = 8388608 (custom)
2024-04-23 19:59:44,529 [37bb455d-24a6-4251-8f16-d648f82e590e-groupManagement] INFO  util.AwaitToRun (AwaitToRun.java:start(81)) - Thread[37bb455d-24a6-4251-8f16-d648f82e590e@group-7D724E5E77CB-cacheEviction-AwaitToRun,5,main] started
2024-04-23 19:59:44,529 [37bb455d-24a6-4251-8f16-d648f82e590e-groupManagement] INFO  segmented.SegmentedRaftLogWorker (SegmentedRaftLogWorker.java:<init>(182)) - new 37bb455d-24a6-4251-8f16-d648f82e590e@group-7D724E5E77CB-SegmentedRaftLogWorker for RaftStorageImpl:Storage Directory /home/runner/work/ozone/ozone/hadoop-ozone/integration-test/target/test-dir/MiniOzoneClusterImpl-d857b234-8aec-441a-a9c9-a34f2a008b14/ozone-meta/datanode-5/ratis/94544c91-2a61-471f-b2f8-7d724e5e77cb
2024-04-23 19:59:44,529 [37bb455d-24a6-4251-8f16-d648f82e590e-groupManagement] INFO  server.RaftServerConfigKeys (ConfUtils.java:logGet(46)) - raft.server.log.queue.byte-limit = 4294967296 (custom)
2024-04-23 19:59:44,530 [37bb455d-24a6-4251-8f16-d648f82e590e-groupManagement] INFO  server.RaftServerConfigKeys (ConfUtils.java:logGet(46)) - raft.server.log.queue.element-limit = 1024 (custom)
2024-04-23 19:59:44,530 [37bb455d-24a6-4251-8f16-d648f82e590e-groupManagement] INFO  server.RaftServerConfigKeys (ConfUtils.java:logGet(46)) - raft.server.log.segment.size.max = 67108864 (custom)
2024-04-23 19:59:44,530 [37bb455d-24a6-4251-8f16-d648f82e590e-groupManagement] INFO  server.RaftServerConfigKeys (ConfUtils.java:logGet(46)) - raft.server.log.preallocated.size = 4194304 (custom)
2024-04-23 19:59:44,530 [37bb455d-24a6-4251-8f16-d648f82e590e-groupManagement] INFO  server.RaftServerConfigKeys (ConfUtils.java:logGet(46)) - raft.server.log.force.sync.num = 128 (default)
2024-04-23 19:59:44,530 [37bb455d-24a6-4251-8f16-d648f82e590e-groupManagement] INFO  server.RaftServerConfigKeys (ConfUtils.java:logGet(46)) - raft.server.log.statemachine.data.sync = true (default)
2024-04-23 19:59:44,530 [37bb455d-24a6-4251-8f16-d648f82e590e-groupManagement] INFO  server.RaftServerConfigKeys (ConfUtils.java:logGet(46)) - raft.server.log.statemachine.data.sync.timeout = 10s (default)
2024-04-23 19:59:44,530 [37bb455d-24a6-4251-8f16-d648f82e590e-groupManagement] INFO  server.RaftServerConfigKeys (ConfUtils.java:logGet(46)) - raft.server.log.statemachine.data.sync.timeout.retry = 30 (custom)
2024-04-23 19:59:44,530 [37bb455d-24a6-4251-8f16-d648f82e590e-groupManagement] INFO  server.RaftServerConfigKeys (ConfUtils.java:logGet(46)) - raft.server.log.write.buffer.size = 8388616 (custom)
2024-04-23 19:59:44,531 [37bb455d-24a6-4251-8f16-d648f82e590e-groupManagement] INFO  server.RaftServerConfigKeys (ConfUtils.java:logGet(46)) - raft.server.log.appender.buffer.byte-limit = 8388608 (custom)
2024-04-23 19:59:44,531 [37bb455d-24a6-4251-8f16-d648f82e590e-groupManagement] INFO  server.RaftServerConfigKeys (ConfUtils.java:logGet(46)) - raft.server.log.unsafe-flush.enabled = false (default)
2024-04-23 19:59:44,531 [37bb455d-24a6-4251-8f16-d648f82e590e-groupManagement] INFO  server.RaftServerConfigKeys (ConfUtils.java:logGet(46)) - raft.server.log.async-flush.enabled = false (default)
2024-04-23 19:59:44,531 [37bb455d-24a6-4251-8f16-d648f82e590e-groupManagement] INFO  server.RaftServerConfigKeys (ConfUtils.java:logGet(46)) - raft.server.log.statemachine.data.caching.enabled = true (custom)
2024-04-23 19:59:44,532 [37bb455d-24a6-4251-8f16-d648f82e590e-groupManagement] INFO  segmented.SegmentedRaftLogWorker (SegmentedRaftLogWorker.java:lambda$new$0(134)) - 37bb455d-24a6-4251-8f16-d648f82e590e@group-7D724E5E77CB-SegmentedRaftLogWorker: flushIndex: setUnconditionally 0 -> -1
2024-04-23 19:59:44,532 [37bb455d-24a6-4251-8f16-d648f82e590e-groupManagement] INFO  segmented.SegmentedRaftLogWorker (SegmentedRaftLogWorker.java:lambda$new$0(134)) - 37bb455d-24a6-4251-8f16-d648f82e590e@group-7D724E5E77CB-SegmentedRaftLogWorker: safeCacheEvictIndex: setUnconditionally 0 -> -1
2024-04-23 19:59:44,532 [37bb455d-24a6-4251-8f16-d648f82e590e-groupManagement] INFO  server.RaftServer$Division (RaftServerImpl.java:start(396)) - 37bb455d-24a6-4251-8f16-d648f82e590e@group-7D724E5E77CB: start as a follower, conf=-1: peers:[37bb455d-24a6-4251-8f16-d648f82e590e|10.1.0.27:15317]|listeners:[], old=null
2024-04-23 19:59:44,532 [37bb455d-24a6-4251-8f16-d648f82e590e-groupManagement] INFO  server.RaftServer$Division (RaftServerImpl.java:setRole(383)) - 37bb455d-24a6-4251-8f16-d648f82e590e@group-7D724E5E77CB: changes role from      null to FOLLOWER at term 0 for startAsFollower
2024-04-23 19:59:44,532 [37bb455d-24a6-4251-8f16-d648f82e590e-groupManagement] INFO  impl.RoleInfo (RoleInfo.java:updateAndGet(139)) - 37bb455d-24a6-4251-8f16-d648f82e590e: start 37bb455d-24a6-4251-8f16-d648f82e590e@group-7D724E5E77CB-FollowerState
2024-04-23 19:59:44,532 [37bb455d-24a6-4251-8f16-d648f82e590e-groupManagement] INFO  util.JmxRegister (JmxRegister.java:tryRegister(44)) - Successfully registered JMX Bean with object name Ratis:service=RaftServer,group=group-7D724E5E77CB,id=37bb455d-24a6-4251-8f16-d648f82e590e
2024-04-23 19:59:44,532 [37bb455d-24a6-4251-8f16-d648f82e590e-groupManagement] INFO  server.RaftServerConfigKeys (ConfUtils.java:logGet(46)) - raft.server.snapshot.trigger-when-stop.enabled = true (default)
2024-04-23 19:59:44,532 [37bb455d-24a6-4251-8f16-d648f82e590e-groupManagement] INFO  server.RaftServerConfigKeys (ConfUtils.java:logGet(46)) - raft.server.snapshot.auto.trigger.enabled = true (custom)
2024-04-23 19:59:44,532 [37bb455d-24a6-4251-8f16-d648f82e590e-groupManagement] INFO  server.RaftServerConfigKeys (ConfUtils.java:logGet(46)) - raft.server.snapshot.auto.trigger.threshold = 10000 (custom)
2024-04-23 19:59:44,532 [37bb455d-24a6-4251-8f16-d648f82e590e-groupManagement] INFO  server.RaftServerConfigKeys (ConfUtils.java:logGet(46)) - raft.server.snapshot.retention.file.num = 5 (custom)
2024-04-23 19:59:44,532 [37bb455d-24a6-4251-8f16-d648f82e590e-groupManagement] INFO  server.RaftServerConfigKeys (ConfUtils.java:logGet(46)) - raft.server.log.purge.upto.snapshot.index = false (default)
2024-04-23 19:59:44,532 [37bb455d-24a6-4251-8f16-d648f82e590e@group-7D724E5E77CB-FollowerState] INFO  server.RaftServerConfigKeys (ConfUtils.java:logFallback(53)) - raft.server.rpc.first-election.timeout.min = 5s (fallback to raft.server.rpc.timeout.min)
2024-04-23 19:59:44,533 [37bb455d-24a6-4251-8f16-d648f82e590e@group-7D724E5E77CB-FollowerState] INFO  server.RaftServerConfigKeys (ConfUtils.java:logFallback(53)) - raft.server.rpc.first-election.timeout.max = 5200ms (fallback to raft.server.rpc.timeout.max)
2024-04-23 19:59:44,533 [37bb455d-24a6-4251-8f16-d648f82e590e-groupManagement] INFO  server.RaftServerConfigKeys (ConfUtils.java:logGet(46)) - raft.server.storage.free-space.min = 0MB (=0) (default)
2024-04-23 19:59:44,533 [37bb455d-24a6-4251-8f16-d648f82e590e-PipelineCommandHandlerThread-0] INFO  ratis.XceiverServerRatis (XceiverServerRatis.java:addGroup(864)) - Created group PipelineID=94544c91-2a61-471f-b2f8-7d724e5e77cb
2024-04-23 19:59:44,533 [37bb455d-24a6-4251-8f16-d648f82e590e-PipelineCommandHandlerThread-0] INFO  commandhandler.CreatePipelineCommandHandler (CreatePipelineCommandHandler.java:lambda$handle$2(124)) - Created Pipeline RATIS ONE PipelineID=94544c91-2a61-471f-b2f8-7d724e5e77cb.
2024-04-23 19:59:44,533 [37bb455d-24a6-4251-8f16-d648f82e590e-groupManagement] INFO  server.RaftServerConfigKeys (ConfUtils.java:logGet(46)) - raft.server.log.corruption.policy = EXCEPTION (default)
2024-04-23 19:59:44,533 [37bb455d-24a6-4251-8f16-d648f82e590e-groupManagement] INFO  server.RaftServerConfigKeys (ConfUtils.java:logGet(46)) - raft.server.storage.dir = [/home/runner/work/ozone/ozone/hadoop-ozone/integration-test/target/test-dir/MiniOzoneClusterImpl-d857b234-8aec-441a-a9c9-a34f2a008b14/ozone-meta/datanode-5/ratis] (custom)
2024-04-23 19:59:44,534 [37bb455d-24a6-4251-8f16-d648f82e590e-groupManagement] INFO  storage.RaftStorageDirectory (RaftStorageDirectoryImpl.java:analyzeStorage(138)) - The storage directory /home/runner/work/ozone/ozone/hadoop-ozone/integration-test/target/test-dir/MiniOzoneClusterImpl-d857b234-8aec-441a-a9c9-a34f2a008b14/ozone-meta/datanode-5/ratis/479e9e1a-4d29-452c-baf5-da0c2f9f4d67 does not exist. Creating ...
2024-04-23 19:59:44,535 [37bb455d-24a6-4251-8f16-d648f82e590e-groupManagement] INFO  storage.RaftStorageDirectory (RaftStorageDirectoryImpl.java:tryLock(228)) - Lock on /home/runner/work/ozone/ozone/hadoop-ozone/integration-test/target/test-dir/MiniOzoneClusterImpl-d857b234-8aec-441a-a9c9-a34f2a008b14/ozone-meta/datanode-5/ratis/479e9e1a-4d29-452c-baf5-da0c2f9f4d67/in_use.lock acquired by nodename 20519@fv-az1496-552
2024-04-23 19:59:44,536 [37bb455d-24a6-4251-8f16-d648f82e590e-groupManagement] INFO  storage.RaftStorage (RaftStorageImpl.java:format(99)) - Storage directory /home/runner/work/ozone/ozone/hadoop-ozone/integration-test/target/test-dir/MiniOzoneClusterImpl-d857b234-8aec-441a-a9c9-a34f2a008b14/ozone-meta/datanode-5/ratis/479e9e1a-4d29-452c-baf5-da0c2f9f4d67 has been successfully formatted.
2024-04-23 19:59:44,536 [37bb455d-24a6-4251-8f16-d648f82e590e-groupManagement] WARN  util.FileUtils (LogUtils.java:supplyAndLog(63)) - Failed to Files.newInputStream /home/runner/work/ozone/ozone/hadoop-ozone/integration-test/target/test-dir/MiniOzoneClusterImpl-d857b234-8aec-441a-a9c9-a34f2a008b14/ozone-meta/datanode-5/ratis/479e9e1a-4d29-452c-baf5-da0c2f9f4d67/current/raft-meta.conf with options []: java.nio.file.NoSuchFileException: /home/runner/work/ozone/ozone/hadoop-ozone/integration-test/target/test-dir/MiniOzoneClusterImpl-d857b234-8aec-441a-a9c9-a34f2a008b14/ozone-meta/datanode-5/ratis/479e9e1a-4d29-452c-baf5-da0c2f9f4d67/current/raft-meta.conf
2024-04-23 19:59:44,536 [37bb455d-24a6-4251-8f16-d648f82e590e-groupManagement] INFO  ratis.ContainerStateMachine (ContainerStateMachine.java:loadSnapshot(287)) - group-DA0C2F9F4D67: The snapshot info is null. Setting the last applied index to:(t:0, i:~)
2024-04-23 19:59:44,536 [37bb455d-24a6-4251-8f16-d648f82e590e-groupManagement] INFO  server.RaftServerConfigKeys (ConfUtils.java:logGet(46)) - raft.server.log.use.memory = false (default)
2024-04-23 19:59:44,536 [37bb455d-24a6-4251-8f16-d648f82e590e-groupManagement] INFO  server.RaftServerConfigKeys (ConfUtils.java:logGet(46)) - raft.server.log.purge.gap = 1000000 (custom)
2024-04-23 19:59:44,536 [37bb455d-24a6-4251-8f16-d648f82e590e-groupManagement] INFO  server.RaftServerConfigKeys (ConfUtils.java:logGet(46)) - raft.server.log.appender.buffer.byte-limit = 8388608 (custom)
2024-04-23 19:59:44,537 [37bb455d-24a6-4251-8f16-d648f82e590e-groupManagement] INFO  server.RaftServerConfigKeys (ConfUtils.java:logGet(46)) - raft.server.log.statemachine.data.read.timeout = 1000ms (default)
2024-04-23 19:59:44,537 [37bb455d-24a6-4251-8f16-d648f82e590e-groupManagement] INFO  server.RaftServerConfigKeys (ConfUtils.java:logGet(46)) - raft.server.log.purge.preservation.log.num = 0 (default)
2024-04-23 19:59:44,537 [EventQueue-OpenPipelineForHealthyPipelineSafeModeRule] INFO  safemode.SCMSafeModeManager (HealthyPipelineSafeModeRule.java:process(140)) - SCM in safe mode. Healthy pipelines reported count is 0, required healthy pipeline reported count is 1
2024-04-23 19:59:44,538 [37bb455d-24a6-4251-8f16-d648f82e590e-groupManagement] INFO  server.RaftServerConfigKeys (ConfUtils.java:logGet(46)) - raft.server.log.segment.size.max = 67108864 (custom)
2024-04-23 19:59:44,538 [37bb455d-24a6-4251-8f16-d648f82e590e-groupManagement] INFO  server.RaftServerConfigKeys (ConfUtils.java:logGet(46)) - raft.server.log.segment.cache.num.max = 2 (custom)
2024-04-23 19:59:44,538 [37bb455d-24a6-4251-8f16-d648f82e590e-groupManagement] INFO  server.RaftServerConfigKeys (ConfUtils.java:logGet(46)) - raft.server.log.segment.cache.size.max = 200MB (=209715200) (default)
2024-04-23 19:59:44,538 [37bb455d-24a6-4251-8f16-d648f82e590e-groupManagement] INFO  server.RaftServerConfigKeys (ConfUtils.java:logGet(46)) - raft.server.log.appender.buffer.byte-limit = 8388608 (custom)
2024-04-23 19:59:44,539 [37bb455d-24a6-4251-8f16-d648f82e590e-groupManagement] INFO  util.AwaitToRun (AwaitToRun.java:start(81)) - Thread[37bb455d-24a6-4251-8f16-d648f82e590e@group-DA0C2F9F4D67-cacheEviction-AwaitToRun,5,main] started
2024-04-23 19:59:44,539 [37bb455d-24a6-4251-8f16-d648f82e590e-groupManagement] INFO  segmented.SegmentedRaftLogWorker (SegmentedRaftLogWorker.java:<init>(182)) - new 37bb455d-24a6-4251-8f16-d648f82e590e@group-DA0C2F9F4D67-SegmentedRaftLogWorker for RaftStorageImpl:Storage Directory /home/runner/work/ozone/ozone/hadoop-ozone/integration-test/target/test-dir/MiniOzoneClusterImpl-d857b234-8aec-441a-a9c9-a34f2a008b14/ozone-meta/datanode-5/ratis/479e9e1a-4d29-452c-baf5-da0c2f9f4d67
2024-04-23 19:59:44,539 [37bb455d-24a6-4251-8f16-d648f82e590e-groupManagement] INFO  server.RaftServerConfigKeys (ConfUtils.java:logGet(46)) - raft.server.log.queue.byte-limit = 4294967296 (custom)
2024-04-23 19:59:44,539 [37bb455d-24a6-4251-8f16-d648f82e590e-groupManagement] INFO  server.RaftServerConfigKeys (ConfUtils.java:logGet(46)) - raft.server.log.queue.element-limit = 1024 (custom)
2024-04-23 19:59:44,539 [37bb455d-24a6-4251-8f16-d648f82e590e-groupManagement] INFO  server.RaftServerConfigKeys (ConfUtils.java:logGet(46)) - raft.server.log.segment.size.max = 67108864 (custom)
2024-04-23 19:59:44,539 [37bb455d-24a6-4251-8f16-d648f82e590e-groupManagement] INFO  server.RaftServerConfigKeys (ConfUtils.java:logGet(46)) - raft.server.log.preallocated.size = 4194304 (custom)
2024-04-23 19:59:44,539 [37bb455d-24a6-4251-8f16-d648f82e590e-groupManagement] INFO  server.RaftServerConfigKeys (ConfUtils.java:logGet(46)) - raft.server.log.force.sync.num = 128 (default)
2024-04-23 19:59:44,539 [37bb455d-24a6-4251-8f16-d648f82e590e-groupManagement] INFO  server.RaftServerConfigKeys (ConfUtils.java:logGet(46)) - raft.server.log.statemachine.data.sync = true (default)
2024-04-23 19:59:44,540 [37bb455d-24a6-4251-8f16-d648f82e590e-groupManagement] INFO  server.RaftServerConfigKeys (ConfUtils.java:logGet(46)) - raft.server.log.statemachine.data.sync.timeout = 10s (default)
2024-04-23 19:59:44,540 [37bb455d-24a6-4251-8f16-d648f82e590e-groupManagement] INFO  server.RaftServerConfigKeys (ConfUtils.java:logGet(46)) - raft.server.log.statemachine.data.sync.timeout.retry = 30 (custom)
2024-04-23 19:59:44,540 [37bb455d-24a6-4251-8f16-d648f82e590e-groupManagement] INFO  server.RaftServerConfigKeys (ConfUtils.java:logGet(46)) - raft.server.log.write.buffer.size = 8388616 (custom)
2024-04-23 19:59:44,541 [37bb455d-24a6-4251-8f16-d648f82e590e-groupManagement] INFO  server.RaftServerConfigKeys (ConfUtils.java:logGet(46)) - raft.server.log.appender.buffer.byte-limit = 8388608 (custom)
2024-04-23 19:59:44,541 [37bb455d-24a6-4251-8f16-d648f82e590e-groupManagement] INFO  server.RaftServerConfigKeys (ConfUtils.java:logGet(46)) - raft.server.log.unsafe-flush.enabled = false (default)
2024-04-23 19:59:44,542 [37bb455d-24a6-4251-8f16-d648f82e590e-groupManagement] INFO  server.RaftServerConfigKeys (ConfUtils.java:logGet(46)) - raft.server.log.async-flush.enabled = false (default)
2024-04-23 19:59:44,542 [37bb455d-24a6-4251-8f16-d648f82e590e-groupManagement] INFO  server.RaftServerConfigKeys (ConfUtils.java:logGet(46)) - raft.server.log.statemachine.data.caching.enabled = true (custom)
2024-04-23 19:59:44,542 [37bb455d-24a6-4251-8f16-d648f82e590e-groupManagement] INFO  segmented.SegmentedRaftLogWorker (SegmentedRaftLogWorker.java:lambda$new$0(134)) - 37bb455d-24a6-4251-8f16-d648f82e590e@group-DA0C2F9F4D67-SegmentedRaftLogWorker: flushIndex: setUnconditionally 0 -> -1
2024-04-23 19:59:44,542 [37bb455d-24a6-4251-8f16-d648f82e590e-groupManagement] INFO  segmented.SegmentedRaftLogWorker (SegmentedRaftLogWorker.java:lambda$new$0(134)) - 37bb455d-24a6-4251-8f16-d648f82e590e@group-DA0C2F9F4D67-SegmentedRaftLogWorker: safeCacheEvictIndex: setUnconditionally 0 -> -1
2024-04-23 19:59:44,542 [37bb455d-24a6-4251-8f16-d648f82e590e-groupManagement] INFO  server.RaftServer$Division (RaftServerImpl.java:start(396)) - 37bb455d-24a6-4251-8f16-d648f82e590e@group-DA0C2F9F4D67: start as a follower, conf=-1: peers:[7071ee0d-0296-4c1d-93da-2a6b8f0a8e11|10.1.0.27:15308, 5c06539f-238f-401a-8663-461110f37d8f|10.1.0.27:15326, 37bb455d-24a6-4251-8f16-d648f82e590e|10.1.0.27:15317]|listeners:[], old=null
2024-04-23 19:59:44,542 [37bb455d-24a6-4251-8f16-d648f82e590e-groupManagement] INFO  server.RaftServer$Division (RaftServerImpl.java:setRole(383)) - 37bb455d-24a6-4251-8f16-d648f82e590e@group-DA0C2F9F4D67: changes role from      null to FOLLOWER at term 0 for startAsFollower
2024-04-23 19:59:44,542 [37bb455d-24a6-4251-8f16-d648f82e590e-groupManagement] INFO  impl.RoleInfo (RoleInfo.java:updateAndGet(139)) - 37bb455d-24a6-4251-8f16-d648f82e590e: start 37bb455d-24a6-4251-8f16-d648f82e590e@group-DA0C2F9F4D67-FollowerState
2024-04-23 19:59:44,543 [37bb455d-24a6-4251-8f16-d648f82e590e@group-DA0C2F9F4D67-FollowerState] INFO  server.RaftServerConfigKeys (ConfUtils.java:logFallback(53)) - raft.server.rpc.first-election.timeout.min = 5s (fallback to raft.server.rpc.timeout.min)
2024-04-23 19:59:44,543 [37bb455d-24a6-4251-8f16-d648f82e590e-groupManagement] INFO  util.JmxRegister (JmxRegister.java:tryRegister(44)) - Successfully registered JMX Bean with object name Ratis:service=RaftServer,group=group-DA0C2F9F4D67,id=37bb455d-24a6-4251-8f16-d648f82e590e
2024-04-23 19:59:44,543 [37bb455d-24a6-4251-8f16-d648f82e590e-groupManagement] INFO  server.RaftServerConfigKeys (ConfUtils.java:logGet(46)) - raft.server.snapshot.trigger-when-stop.enabled = true (default)
2024-04-23 19:59:44,543 [37bb455d-24a6-4251-8f16-d648f82e590e-groupManagement] INFO  server.RaftServerConfigKeys (ConfUtils.java:logGet(46)) - raft.server.snapshot.auto.trigger.enabled = true (custom)
2024-04-23 19:59:44,543 [37bb455d-24a6-4251-8f16-d648f82e590e-groupManagement] INFO  server.RaftServerConfigKeys (ConfUtils.java:logGet(46)) - raft.server.snapshot.auto.trigger.threshold = 10000 (custom)
2024-04-23 19:59:44,543 [37bb455d-24a6-4251-8f16-d648f82e590e-groupManagement] INFO  server.RaftServerConfigKeys (ConfUtils.java:logGet(46)) - raft.server.snapshot.retention.file.num = 5 (custom)
2024-04-23 19:59:44,543 [37bb455d-24a6-4251-8f16-d648f82e590e-groupManagement] INFO  server.RaftServerConfigKeys (ConfUtils.java:logGet(46)) - raft.server.log.purge.upto.snapshot.index = false (default)
2024-04-23 19:59:44,543 [37bb455d-24a6-4251-8f16-d648f82e590e@group-DA0C2F9F4D67-FollowerState] INFO  server.RaftServerConfigKeys (ConfUtils.java:logFallback(53)) - raft.server.rpc.first-election.timeout.max = 5200ms (fallback to raft.server.rpc.timeout.max)
2024-04-23 19:59:44,547 [7071ee0d-0296-4c1d-93da-2a6b8f0a8e11-PipelineCommandHandlerThread-0] INFO  commandhandler.CreatePipelineCommandHandler (CreatePipelineCommandHandler.java:lambda$handle$2(124)) - Created Pipeline RATIS THREE PipelineID=479e9e1a-4d29-452c-baf5-da0c2f9f4d67.
2024-04-23 19:59:44,583 [5c06539f-238f-401a-8663-461110f37d8f-PipelineCommandHandlerThread-0] INFO  server.RaftServer (RaftServerProxy.java:addNew(100)) - 5c06539f-238f-401a-8663-461110f37d8f: addNew group-D46B572B1E65:[5c06539f-238f-401a-8663-461110f37d8f|10.1.0.27:15326] returns group-D46B572B1E65:java.util.concurrent.CompletableFuture@7a3627dd[Not completed]
2024-04-23 19:59:44,584 [5c06539f-238f-401a-8663-461110f37d8f-groupManagement] INFO  server.RaftServer$Division (RaftServerImpl.java:<init>(256)) - 5c06539f-238f-401a-8663-461110f37d8f: new RaftServerImpl for group-D46B572B1E65:[5c06539f-238f-401a-8663-461110f37d8f|10.1.0.27:15326] with ContainerStateMachine:uninitialized
2024-04-23 19:59:44,584 [5c06539f-238f-401a-8663-461110f37d8f-groupManagement] INFO  server.RaftServerConfigKeys (ConfUtils.java:logGet(46)) - raft.server.rpc.timeout.min = 5s (custom)
2024-04-23 19:59:44,584 [5c06539f-238f-401a-8663-461110f37d8f-groupManagement] INFO  server.RaftServerConfigKeys (ConfUtils.java:logGet(46)) - raft.server.rpc.timeout.max = 5200ms (custom)
2024-04-23 19:59:44,584 [5c06539f-238f-401a-8663-461110f37d8f-groupManagement] INFO  server.RaftServerConfigKeys (ConfUtils.java:logGet(46)) - raft.server.rpc.sleep.time = 25ms (default)
2024-04-23 19:59:44,584 [5c06539f-238f-401a-8663-461110f37d8f-groupManagement] INFO  server.RaftServerConfigKeys (ConfUtils.java:logGet(46)) - raft.server.rpc.slowness.timeout = 300000ms (custom)
2024-04-23 19:59:44,584 [5c06539f-238f-401a-8663-461110f37d8f-groupManagement] INFO  server.RaftServerConfigKeys (ConfUtils.java:logGet(46)) - raft.server.leaderelection.leader.step-down.wait-time = 10s (default)
2024-04-23 19:59:44,584 [5c06539f-238f-401a-8663-461110f37d8f-groupManagement] INFO  server.RaftServerConfigKeys (ConfUtils.java:logGet(46)) - raft.server.leaderelection.member.majority-add = false (default)
2024-04-23 19:59:44,584 [5c06539f-238f-401a-8663-461110f37d8f-groupManagement] INFO  server.RaftServerConfigKeys (ConfUtils.java:logGet(46)) - raft.server.sleep.deviation.threshold = 300ms (default)
2024-04-23 19:59:44,585 [5c06539f-238f-401a-8663-461110f37d8f-groupManagement] INFO  server.RaftServer$Division (ServerState.java:<init>(113)) - 5c06539f-238f-401a-8663-461110f37d8f@group-D46B572B1E65: ConfigurationManager, init=-1: peers:[5c06539f-238f-401a-8663-461110f37d8f|10.1.0.27:15326]|listeners:[], old=null, confs=<EMPTY_MAP>
2024-04-23 19:59:44,585 [5c06539f-238f-401a-8663-461110f37d8f-groupManagement] INFO  server.RaftServerConfigKeys (ConfUtils.java:logGet(46)) - raft.server.notification.no-leader.timeout = 300000ms (custom)
2024-04-23 19:59:44,585 [5c06539f-238f-401a-8663-461110f37d8f-groupManagement] INFO  server.RaftServerConfigKeys (ConfUtils.java:logGet(46)) - raft.server.read.timeout = 10s (default)
2024-04-23 19:59:44,585 [5c06539f-238f-401a-8663-461110f37d8f-groupManagement] INFO  server.RaftServerConfigKeys (ConfUtils.java:logGet(46)) - raft.server.retrycache.expirytime = 600000ms (custom)
2024-04-23 19:59:44,585 [5c06539f-238f-401a-8663-461110f37d8f-groupManagement] INFO  server.RaftServerConfigKeys (ConfUtils.java:logGet(46)) - raft.server.retrycache.statistics.expirytime = 100ms (default)
2024-04-23 19:59:44,585 [5c06539f-238f-401a-8663-461110f37d8f-groupManagement] INFO  server.RaftServerConfigKeys (ConfUtils.java:logGet(46)) - raft.server.read.option = DEFAULT (default)
2024-04-23 19:59:44,585 [5c06539f-238f-401a-8663-461110f37d8f-groupManagement] INFO  server.RaftServerConfigKeys (ConfUtils.java:logGet(46)) - raft.server.read.read-after-write-consistent.write-index-cache.expiry-time = 60s (default)
2024-04-23 19:59:44,586 [5c06539f-238f-401a-8663-461110f37d8f-groupManagement] INFO  server.RaftServerConfigKeys (ConfUtils.java:logGet(46)) - raft.server.rpc.request.timeout = 3000ms (default)
2024-04-23 19:59:44,586 [5c06539f-238f-401a-8663-461110f37d8f-groupManagement] INFO  server.RaftServerConfigKeys (ConfUtils.java:logGet(46)) - raft.server.log.appender.install.snapshot.enabled = false (custom)
2024-04-23 19:59:44,586 [5c06539f-238f-401a-8663-461110f37d8f-groupManagement] INFO  server.RaftServerConfigKeys (ConfUtils.java:logGet(46)) - raft.server.threadpool.server.cached = true (default)
2024-04-23 19:59:44,587 [5c06539f-238f-401a-8663-461110f37d8f-groupManagement] INFO  server.RaftServerConfigKeys (ConfUtils.java:logGet(46)) - raft.server.threadpool.server.size = 0 (default)
2024-04-23 19:59:44,587 [5c06539f-238f-401a-8663-461110f37d8f-groupManagement] INFO  server.RaftServerConfigKeys (ConfUtils.java:logGet(46)) - raft.server.threadpool.client.cached = true (default)
2024-04-23 19:59:44,587 [5c06539f-238f-401a-8663-461110f37d8f-groupManagement] INFO  server.RaftServerConfigKeys (ConfUtils.java:logGet(46)) - raft.server.threadpool.client.size = 0 (default)
2024-04-23 19:59:44,587 [5c06539f-238f-401a-8663-461110f37d8f-groupManagement] INFO  server.RaftServerConfigKeys (ConfUtils.java:logGet(46)) - raft.server.storage.free-space.min = 0MB (=0) (default)
2024-04-23 19:59:44,587 [5c06539f-238f-401a-8663-461110f37d8f-groupManagement] INFO  server.RaftServerConfigKeys (ConfUtils.java:logGet(46)) - raft.server.log.corruption.policy = EXCEPTION (default)
2024-04-23 19:59:44,587 [5c06539f-238f-401a-8663-461110f37d8f-groupManagement] INFO  server.RaftServerConfigKeys (ConfUtils.java:logGet(46)) - raft.server.storage.dir = [/home/runner/work/ozone/ozone/hadoop-ozone/integration-test/target/test-dir/MiniOzoneClusterImpl-d857b234-8aec-441a-a9c9-a34f2a008b14/ozone-meta/datanode-6/ratis] (custom)
2024-04-23 19:59:44,587 [5c06539f-238f-401a-8663-461110f37d8f-groupManagement] INFO  storage.RaftStorageDirectory (RaftStorageDirectoryImpl.java:analyzeStorage(138)) - The storage directory /home/runner/work/ozone/ozone/hadoop-ozone/integration-test/target/test-dir/MiniOzoneClusterImpl-d857b234-8aec-441a-a9c9-a34f2a008b14/ozone-meta/datanode-6/ratis/1719d27b-c2ee-4410-9631-d46b572b1e65 does not exist. Creating ...
2024-04-23 19:59:44,588 [5c06539f-238f-401a-8663-461110f37d8f-groupManagement] INFO  storage.RaftStorageDirectory (RaftStorageDirectoryImpl.java:tryLock(228)) - Lock on /home/runner/work/ozone/ozone/hadoop-ozone/integration-test/target/test-dir/MiniOzoneClusterImpl-d857b234-8aec-441a-a9c9-a34f2a008b14/ozone-meta/datanode-6/ratis/1719d27b-c2ee-4410-9631-d46b572b1e65/in_use.lock acquired by nodename 20519@fv-az1496-552
2024-04-23 19:59:44,589 [5c06539f-238f-401a-8663-461110f37d8f-groupManagement] INFO  storage.RaftStorage (RaftStorageImpl.java:format(99)) - Storage directory /home/runner/work/ozone/ozone/hadoop-ozone/integration-test/target/test-dir/MiniOzoneClusterImpl-d857b234-8aec-441a-a9c9-a34f2a008b14/ozone-meta/datanode-6/ratis/1719d27b-c2ee-4410-9631-d46b572b1e65 has been successfully formatted.
2024-04-23 19:59:44,589 [5c06539f-238f-401a-8663-461110f37d8f-groupManagement] WARN  util.FileUtils (LogUtils.java:supplyAndLog(63)) - Failed to Files.newInputStream /home/runner/work/ozone/ozone/hadoop-ozone/integration-test/target/test-dir/MiniOzoneClusterImpl-d857b234-8aec-441a-a9c9-a34f2a008b14/ozone-meta/datanode-6/ratis/1719d27b-c2ee-4410-9631-d46b572b1e65/current/raft-meta.conf with options []: java.nio.file.NoSuchFileException: /home/runner/work/ozone/ozone/hadoop-ozone/integration-test/target/test-dir/MiniOzoneClusterImpl-d857b234-8aec-441a-a9c9-a34f2a008b14/ozone-meta/datanode-6/ratis/1719d27b-c2ee-4410-9631-d46b572b1e65/current/raft-meta.conf
2024-04-23 19:59:44,589 [5c06539f-238f-401a-8663-461110f37d8f-groupManagement] INFO  ratis.ContainerStateMachine (ContainerStateMachine.java:loadSnapshot(287)) - group-D46B572B1E65: The snapshot info is null. Setting the last applied index to:(t:0, i:~)
2024-04-23 19:59:44,589 [5c06539f-238f-401a-8663-461110f37d8f-groupManagement] INFO  server.RaftServerConfigKeys (ConfUtils.java:logGet(46)) - raft.server.log.use.memory = false (default)
2024-04-23 19:59:44,589 [5c06539f-238f-401a-8663-461110f37d8f-groupManagement] INFO  server.RaftServerConfigKeys (ConfUtils.java:logGet(46)) - raft.server.log.purge.gap = 1000000 (custom)
2024-04-23 19:59:44,589 [5c06539f-238f-401a-8663-461110f37d8f-groupManagement] INFO  server.RaftServerConfigKeys (ConfUtils.java:logGet(46)) - raft.server.log.appender.buffer.byte-limit = 8388608 (custom)
2024-04-23 19:59:44,590 [5c06539f-238f-401a-8663-461110f37d8f-groupManagement] INFO  server.RaftServerConfigKeys (ConfUtils.java:logGet(46)) - raft.server.log.statemachine.data.read.timeout = 1000ms (default)
2024-04-23 19:59:44,590 [5c06539f-238f-401a-8663-461110f37d8f-groupManagement] INFO  server.RaftServerConfigKeys (ConfUtils.java:logGet(46)) - raft.server.log.purge.preservation.log.num = 0 (default)
2024-04-23 19:59:44,591 [5c06539f-238f-401a-8663-461110f37d8f-groupManagement] INFO  server.RaftServerConfigKeys (ConfUtils.java:logGet(46)) - raft.server.log.segment.size.max = 67108864 (custom)
2024-04-23 19:59:44,591 [EventQueue-PipelineReportForPipelineReportHandler] INFO  pipeline.PipelineReportHandler (PipelineReportHandler.java:processPipelineReport(136)) - Opened pipeline PipelineID=1719d27b-c2ee-4410-9631-d46b572b1e65
2024-04-23 19:59:44,591 [EventQueue-OpenPipelineForHealthyPipelineSafeModeRule] INFO  safemode.SCMSafeModeManager (HealthyPipelineSafeModeRule.java:process(140)) - SCM in safe mode. Healthy pipelines reported count is 0, required healthy pipeline reported count is 1
2024-04-23 19:59:44,591 [5c06539f-238f-401a-8663-461110f37d8f-groupManagement] INFO  server.RaftServerConfigKeys (ConfUtils.java:logGet(46)) - raft.server.log.segment.cache.num.max = 2 (custom)
2024-04-23 19:59:44,591 [5c06539f-238f-401a-8663-461110f37d8f-groupManagement] INFO  server.RaftServerConfigKeys (ConfUtils.java:logGet(46)) - raft.server.log.segment.cache.size.max = 200MB (=209715200) (default)
2024-04-23 19:59:44,592 [5c06539f-238f-401a-8663-461110f37d8f-groupManagement] INFO  server.RaftServerConfigKeys (ConfUtils.java:logGet(46)) - raft.server.log.appender.buffer.byte-limit = 8388608 (custom)
2024-04-23 19:59:44,592 [5c06539f-238f-401a-8663-461110f37d8f-groupManagement] INFO  util.AwaitToRun (AwaitToRun.java:start(81)) - Thread[5c06539f-238f-401a-8663-461110f37d8f@group-D46B572B1E65-cacheEviction-AwaitToRun,5,main] started
2024-04-23 19:59:44,592 [5c06539f-238f-401a-8663-461110f37d8f-groupManagement] INFO  segmented.SegmentedRaftLogWorker (SegmentedRaftLogWorker.java:<init>(182)) - new 5c06539f-238f-401a-8663-461110f37d8f@group-D46B572B1E65-SegmentedRaftLogWorker for RaftStorageImpl:Storage Directory /home/runner/work/ozone/ozone/hadoop-ozone/integration-test/target/test-dir/MiniOzoneClusterImpl-d857b234-8aec-441a-a9c9-a34f2a008b14/ozone-meta/datanode-6/ratis/1719d27b-c2ee-4410-9631-d46b572b1e65
2024-04-23 19:59:44,592 [5c06539f-238f-401a-8663-461110f37d8f-groupManagement] INFO  server.RaftServerConfigKeys (ConfUtils.java:logGet(46)) - raft.server.log.queue.byte-limit = 4294967296 (custom)
2024-04-23 19:59:44,592 [5c06539f-238f-401a-8663-461110f37d8f-groupManagement] INFO  server.RaftServerConfigKeys (ConfUtils.java:logGet(46)) - raft.server.log.queue.element-limit = 1024 (custom)
2024-04-23 19:59:44,592 [5c06539f-238f-401a-8663-461110f37d8f-groupManagement] INFO  server.RaftServerConfigKeys (ConfUtils.java:logGet(46)) - raft.server.log.segment.size.max = 67108864 (custom)
2024-04-23 19:59:44,592 [5c06539f-238f-401a-8663-461110f37d8f-groupManagement] INFO  server.RaftServerConfigKeys (ConfUtils.java:logGet(46)) - raft.server.log.preallocated.size = 4194304 (custom)
2024-04-23 19:59:44,592 [5c06539f-238f-401a-8663-461110f37d8f-groupManagement] INFO  server.RaftServerConfigKeys (ConfUtils.java:logGet(46)) - raft.server.log.force.sync.num = 128 (default)
2024-04-23 19:59:44,592 [5c06539f-238f-401a-8663-461110f37d8f-groupManagement] INFO  server.RaftServerConfigKeys (ConfUtils.java:logGet(46)) - raft.server.log.statemachine.data.sync = true (default)
2024-04-23 19:59:44,592 [5c06539f-238f-401a-8663-461110f37d8f-groupManagement] INFO  server.RaftServerConfigKeys (ConfUtils.java:logGet(46)) - raft.server.log.statemachine.data.sync.timeout = 10s (default)
2024-04-23 19:59:44,592 [5c06539f-238f-401a-8663-461110f37d8f-groupManagement] INFO  server.RaftServerConfigKeys (ConfUtils.java:logGet(46)) - raft.server.log.statemachine.data.sync.timeout.retry = 30 (custom)
2024-04-23 19:59:44,593 [5c06539f-238f-401a-8663-461110f37d8f-groupManagement] INFO  server.RaftServerConfigKeys (ConfUtils.java:logGet(46)) - raft.server.log.write.buffer.size = 8388616 (custom)
2024-04-23 19:59:44,594 [5c06539f-238f-401a-8663-461110f37d8f-groupManagement] INFO  server.RaftServerConfigKeys (ConfUtils.java:logGet(46)) - raft.server.log.appender.buffer.byte-limit = 8388608 (custom)
2024-04-23 19:59:44,594 [5c06539f-238f-401a-8663-461110f37d8f-groupManagement] INFO  server.RaftServerConfigKeys (ConfUtils.java:logGet(46)) - raft.server.log.unsafe-flush.enabled = false (default)
2024-04-23 19:59:44,594 [5c06539f-238f-401a-8663-461110f37d8f-groupManagement] INFO  server.RaftServerConfigKeys (ConfUtils.java:logGet(46)) - raft.server.log.async-flush.enabled = false (default)
2024-04-23 19:59:44,594 [5c06539f-238f-401a-8663-461110f37d8f-groupManagement] INFO  server.RaftServerConfigKeys (ConfUtils.java:logGet(46)) - raft.server.log.statemachine.data.caching.enabled = true (custom)
2024-04-23 19:59:44,594 [5c06539f-238f-401a-8663-461110f37d8f-groupManagement] INFO  segmented.SegmentedRaftLogWorker (SegmentedRaftLogWorker.java:lambda$new$0(134)) - 5c06539f-238f-401a-8663-461110f37d8f@group-D46B572B1E65-SegmentedRaftLogWorker: flushIndex: setUnconditionally 0 -> -1
2024-04-23 19:59:44,594 [5c06539f-238f-401a-8663-461110f37d8f-groupManagement] INFO  segmented.SegmentedRaftLogWorker (SegmentedRaftLogWorker.java:lambda$new$0(134)) - 5c06539f-238f-401a-8663-461110f37d8f@group-D46B572B1E65-SegmentedRaftLogWorker: safeCacheEvictIndex: setUnconditionally 0 -> -1
2024-04-23 19:59:44,594 [5c06539f-238f-401a-8663-461110f37d8f-groupManagement] INFO  server.RaftServer$Division (RaftServerImpl.java:start(396)) - 5c06539f-238f-401a-8663-461110f37d8f@group-D46B572B1E65: start as a follower, conf=-1: peers:[5c06539f-238f-401a-8663-461110f37d8f|10.1.0.27:15326]|listeners:[], old=null
2024-04-23 19:59:44,594 [5c06539f-238f-401a-8663-461110f37d8f-groupManagement] INFO  server.RaftServer$Division (RaftServerImpl.java:setRole(383)) - 5c06539f-238f-401a-8663-461110f37d8f@group-D46B572B1E65: changes role from      null to FOLLOWER at term 0 for startAsFollower
2024-04-23 19:59:44,594 [5c06539f-238f-401a-8663-461110f37d8f-groupManagement] INFO  impl.RoleInfo (RoleInfo.java:updateAndGet(139)) - 5c06539f-238f-401a-8663-461110f37d8f: start 5c06539f-238f-401a-8663-461110f37d8f@group-D46B572B1E65-FollowerState
2024-04-23 19:59:44,595 [5c06539f-238f-401a-8663-461110f37d8f-groupManagement] INFO  util.JmxRegister (JmxRegister.java:tryRegister(44)) - Successfully registered JMX Bean with object name Ratis:service=RaftServer,group=group-D46B572B1E65,id=5c06539f-238f-401a-8663-461110f37d8f
2024-04-23 19:59:44,595 [5c06539f-238f-401a-8663-461110f37d8f-groupManagement] INFO  server.RaftServerConfigKeys (ConfUtils.java:logGet(46)) - raft.server.snapshot.trigger-when-stop.enabled = true (default)
2024-04-23 19:59:44,595 [5c06539f-238f-401a-8663-461110f37d8f-groupManagement] INFO  server.RaftServerConfigKeys (ConfUtils.java:logGet(46)) - raft.server.snapshot.auto.trigger.enabled = true (custom)
2024-04-23 19:59:44,595 [5c06539f-238f-401a-8663-461110f37d8f@group-D46B572B1E65-FollowerState] INFO  server.RaftServerConfigKeys (ConfUtils.java:logFallback(53)) - raft.server.rpc.first-election.timeout.min = 5s (fallback to raft.server.rpc.timeout.min)
2024-04-23 19:59:44,595 [5c06539f-238f-401a-8663-461110f37d8f-groupManagement] INFO  server.RaftServerConfigKeys (ConfUtils.java:logGet(46)) - raft.server.snapshot.auto.trigger.threshold = 10000 (custom)
2024-04-23 19:59:44,595 [5c06539f-238f-401a-8663-461110f37d8f-groupManagement] INFO  server.RaftServerConfigKeys (ConfUtils.java:logGet(46)) - raft.server.snapshot.retention.file.num = 5 (custom)
2024-04-23 19:59:44,595 [5c06539f-238f-401a-8663-461110f37d8f-groupManagement] INFO  server.RaftServerConfigKeys (ConfUtils.java:logGet(46)) - raft.server.log.purge.upto.snapshot.index = false (default)
2024-04-23 19:59:44,595 [5c06539f-238f-401a-8663-461110f37d8f@group-D46B572B1E65-FollowerState] INFO  server.RaftServerConfigKeys (ConfUtils.java:logFallback(53)) - raft.server.rpc.first-election.timeout.max = 5200ms (fallback to raft.server.rpc.timeout.max)
2024-04-23 19:59:44,595 [5c06539f-238f-401a-8663-461110f37d8f-PipelineCommandHandlerThread-0] INFO  ratis.XceiverServerRatis (XceiverServerRatis.java:addGroup(864)) - Created group PipelineID=1719d27b-c2ee-4410-9631-d46b572b1e65
2024-04-23 19:59:44,596 [5c06539f-238f-401a-8663-461110f37d8f-PipelineCommandHandlerThread-0] INFO  commandhandler.CreatePipelineCommandHandler (CreatePipelineCommandHandler.java:lambda$handle$2(124)) - Created Pipeline RATIS ONE PipelineID=1719d27b-c2ee-4410-9631-d46b572b1e65.
2024-04-23 19:59:44,655 [7f4a6f89-87eb-42cc-a636-bf60fe9cf75e-PipelineCommandHandlerThread-0] INFO  server.RaftServer (RaftServerProxy.java:addNew(100)) - 7f4a6f89-87eb-42cc-a636-bf60fe9cf75e: addNew group-D2BC44843D7A:[7f4a6f89-87eb-42cc-a636-bf60fe9cf75e|10.1.0.27:15335] returns group-D2BC44843D7A:java.util.concurrent.CompletableFuture@2888678e[Not completed]
2024-04-23 19:59:44,655 [7f4a6f89-87eb-42cc-a636-bf60fe9cf75e-groupManagement] INFO  server.RaftServer$Division (RaftServerImpl.java:<init>(256)) - 7f4a6f89-87eb-42cc-a636-bf60fe9cf75e: new RaftServerImpl for group-D2BC44843D7A:[7f4a6f89-87eb-42cc-a636-bf60fe9cf75e|10.1.0.27:15335] with ContainerStateMachine:uninitialized
2024-04-23 19:59:44,655 [7f4a6f89-87eb-42cc-a636-bf60fe9cf75e-groupManagement] INFO  server.RaftServerConfigKeys (ConfUtils.java:logGet(46)) - raft.server.rpc.timeout.min = 5s (custom)
2024-04-23 19:59:44,655 [7f4a6f89-87eb-42cc-a636-bf60fe9cf75e-groupManagement] INFO  server.RaftServerConfigKeys (ConfUtils.java:logGet(46)) - raft.server.rpc.timeout.max = 5200ms (custom)
2024-04-23 19:59:44,656 [7f4a6f89-87eb-42cc-a636-bf60fe9cf75e-groupManagement] INFO  server.RaftServerConfigKeys (ConfUtils.java:logGet(46)) - raft.server.rpc.sleep.time = 25ms (default)
2024-04-23 19:59:44,656 [7f4a6f89-87eb-42cc-a636-bf60fe9cf75e-groupManagement] INFO  server.RaftServerConfigKeys (ConfUtils.java:logGet(46)) - raft.server.rpc.slowness.timeout = 300000ms (custom)
2024-04-23 19:59:44,656 [7f4a6f89-87eb-42cc-a636-bf60fe9cf75e-groupManagement] INFO  server.RaftServerConfigKeys (ConfUtils.java:logGet(46)) - raft.server.leaderelection.leader.step-down.wait-time = 10s (default)
2024-04-23 19:59:44,656 [7f4a6f89-87eb-42cc-a636-bf60fe9cf75e-groupManagement] INFO  server.RaftServerConfigKeys (ConfUtils.java:logGet(46)) - raft.server.leaderelection.member.majority-add = false (default)
2024-04-23 19:59:44,656 [7f4a6f89-87eb-42cc-a636-bf60fe9cf75e-groupManagement] INFO  server.RaftServerConfigKeys (ConfUtils.java:logGet(46)) - raft.server.sleep.deviation.threshold = 300ms (default)
2024-04-23 19:59:44,656 [7f4a6f89-87eb-42cc-a636-bf60fe9cf75e-groupManagement] INFO  server.RaftServer$Division (ServerState.java:<init>(113)) - 7f4a6f89-87eb-42cc-a636-bf60fe9cf75e@group-D2BC44843D7A: ConfigurationManager, init=-1: peers:[7f4a6f89-87eb-42cc-a636-bf60fe9cf75e|10.1.0.27:15335]|listeners:[], old=null, confs=<EMPTY_MAP>
2024-04-23 19:59:44,656 [7f4a6f89-87eb-42cc-a636-bf60fe9cf75e-groupManagement] INFO  server.RaftServerConfigKeys (ConfUtils.java:logGet(46)) - raft.server.notification.no-leader.timeout = 300000ms (custom)
2024-04-23 19:59:44,656 [7f4a6f89-87eb-42cc-a636-bf60fe9cf75e-groupManagement] INFO  server.RaftServerConfigKeys (ConfUtils.java:logGet(46)) - raft.server.read.timeout = 10s (default)
2024-04-23 19:59:44,656 [7f4a6f89-87eb-42cc-a636-bf60fe9cf75e-groupManagement] INFO  server.RaftServerConfigKeys (ConfUtils.java:logGet(46)) - raft.server.retrycache.expirytime = 600000ms (custom)
2024-04-23 19:59:44,656 [7f4a6f89-87eb-42cc-a636-bf60fe9cf75e-groupManagement] INFO  server.RaftServerConfigKeys (ConfUtils.java:logGet(46)) - raft.server.retrycache.statistics.expirytime = 100ms (default)
2024-04-23 19:59:44,656 [7f4a6f89-87eb-42cc-a636-bf60fe9cf75e-groupManagement] INFO  server.RaftServerConfigKeys (ConfUtils.java:logGet(46)) - raft.server.read.option = DEFAULT (default)
2024-04-23 19:59:44,656 [7f4a6f89-87eb-42cc-a636-bf60fe9cf75e-groupManagement] INFO  server.RaftServerConfigKeys (ConfUtils.java:logGet(46)) - raft.server.read.read-after-write-consistent.write-index-cache.expiry-time = 60s (default)
2024-04-23 19:59:44,659 [7f4a6f89-87eb-42cc-a636-bf60fe9cf75e-groupManagement] INFO  server.RaftServerConfigKeys (ConfUtils.java:logGet(46)) - raft.server.rpc.request.timeout = 3000ms (default)
2024-04-23 19:59:44,659 [7f4a6f89-87eb-42cc-a636-bf60fe9cf75e-groupManagement] INFO  server.RaftServerConfigKeys (ConfUtils.java:logGet(46)) - raft.server.log.appender.install.snapshot.enabled = false (custom)
2024-04-23 19:59:44,659 [7f4a6f89-87eb-42cc-a636-bf60fe9cf75e-groupManagement] INFO  server.RaftServerConfigKeys (ConfUtils.java:logGet(46)) - raft.server.threadpool.server.cached = true (default)
2024-04-23 19:59:44,659 [7f4a6f89-87eb-42cc-a636-bf60fe9cf75e-groupManagement] INFO  server.RaftServerConfigKeys (ConfUtils.java:logGet(46)) - raft.server.threadpool.server.size = 0 (default)
2024-04-23 19:59:44,659 [7f4a6f89-87eb-42cc-a636-bf60fe9cf75e-groupManagement] INFO  server.RaftServerConfigKeys (ConfUtils.java:logGet(46)) - raft.server.threadpool.client.cached = true (default)
2024-04-23 19:59:44,659 [7f4a6f89-87eb-42cc-a636-bf60fe9cf75e-groupManagement] INFO  server.RaftServerConfigKeys (ConfUtils.java:logGet(46)) - raft.server.threadpool.client.size = 0 (default)
2024-04-23 19:59:44,659 [7f4a6f89-87eb-42cc-a636-bf60fe9cf75e-groupManagement] INFO  server.RaftServerConfigKeys (ConfUtils.java:logGet(46)) - raft.server.storage.free-space.min = 0MB (=0) (default)
2024-04-23 19:59:44,659 [7f4a6f89-87eb-42cc-a636-bf60fe9cf75e-groupManagement] INFO  server.RaftServerConfigKeys (ConfUtils.java:logGet(46)) - raft.server.log.corruption.policy = EXCEPTION (default)
2024-04-23 19:59:44,659 [7f4a6f89-87eb-42cc-a636-bf60fe9cf75e-groupManagement] INFO  server.RaftServerConfigKeys (ConfUtils.java:logGet(46)) - raft.server.storage.dir = [/home/runner/work/ozone/ozone/hadoop-ozone/integration-test/target/test-dir/MiniOzoneClusterImpl-d857b234-8aec-441a-a9c9-a34f2a008b14/ozone-meta/datanode-7/ratis] (custom)
2024-04-23 19:59:44,659 [7f4a6f89-87eb-42cc-a636-bf60fe9cf75e-groupManagement] INFO  storage.RaftStorageDirectory (RaftStorageDirectoryImpl.java:analyzeStorage(138)) - The storage directory /home/runner/work/ozone/ozone/hadoop-ozone/integration-test/target/test-dir/MiniOzoneClusterImpl-d857b234-8aec-441a-a9c9-a34f2a008b14/ozone-meta/datanode-7/ratis/313134c9-f7e9-4254-bf8b-d2bc44843d7a does not exist. Creating ...
2024-04-23 19:59:44,660 [7f4a6f89-87eb-42cc-a636-bf60fe9cf75e-groupManagement] INFO  storage.RaftStorageDirectory (RaftStorageDirectoryImpl.java:tryLock(228)) - Lock on /home/runner/work/ozone/ozone/hadoop-ozone/integration-test/target/test-dir/MiniOzoneClusterImpl-d857b234-8aec-441a-a9c9-a34f2a008b14/ozone-meta/datanode-7/ratis/313134c9-f7e9-4254-bf8b-d2bc44843d7a/in_use.lock acquired by nodename 20519@fv-az1496-552
2024-04-23 19:59:44,661 [7f4a6f89-87eb-42cc-a636-bf60fe9cf75e-groupManagement] INFO  storage.RaftStorage (RaftStorageImpl.java:format(99)) - Storage directory /home/runner/work/ozone/ozone/hadoop-ozone/integration-test/target/test-dir/MiniOzoneClusterImpl-d857b234-8aec-441a-a9c9-a34f2a008b14/ozone-meta/datanode-7/ratis/313134c9-f7e9-4254-bf8b-d2bc44843d7a has been successfully formatted.
2024-04-23 19:59:44,661 [7f4a6f89-87eb-42cc-a636-bf60fe9cf75e-groupManagement] WARN  util.FileUtils (LogUtils.java:supplyAndLog(63)) - Failed to Files.newInputStream /home/runner/work/ozone/ozone/hadoop-ozone/integration-test/target/test-dir/MiniOzoneClusterImpl-d857b234-8aec-441a-a9c9-a34f2a008b14/ozone-meta/datanode-7/ratis/313134c9-f7e9-4254-bf8b-d2bc44843d7a/current/raft-meta.conf with options []: java.nio.file.NoSuchFileException: /home/runner/work/ozone/ozone/hadoop-ozone/integration-test/target/test-dir/MiniOzoneClusterImpl-d857b234-8aec-441a-a9c9-a34f2a008b14/ozone-meta/datanode-7/ratis/313134c9-f7e9-4254-bf8b-d2bc44843d7a/current/raft-meta.conf
2024-04-23 19:59:44,662 [7f4a6f89-87eb-42cc-a636-bf60fe9cf75e-groupManagement] INFO  ratis.ContainerStateMachine (ContainerStateMachine.java:loadSnapshot(287)) - group-D2BC44843D7A: The snapshot info is null. Setting the last applied index to:(t:0, i:~)
2024-04-23 19:59:44,662 [7f4a6f89-87eb-42cc-a636-bf60fe9cf75e-groupManagement] INFO  server.RaftServerConfigKeys (ConfUtils.java:logGet(46)) - raft.server.log.use.memory = false (default)
2024-04-23 19:59:44,663 [7f4a6f89-87eb-42cc-a636-bf60fe9cf75e-groupManagement] INFO  server.RaftServerConfigKeys (ConfUtils.java:logGet(46)) - raft.server.log.purge.gap = 1000000 (custom)
2024-04-23 19:59:44,663 [7f4a6f89-87eb-42cc-a636-bf60fe9cf75e-groupManagement] INFO  server.RaftServerConfigKeys (ConfUtils.java:logGet(46)) - raft.server.log.appender.buffer.byte-limit = 8388608 (custom)
2024-04-23 19:59:44,663 [7f4a6f89-87eb-42cc-a636-bf60fe9cf75e-groupManagement] INFO  server.RaftServerConfigKeys (ConfUtils.java:logGet(46)) - raft.server.log.statemachine.data.read.timeout = 1000ms (default)
2024-04-23 19:59:44,663 [7f4a6f89-87eb-42cc-a636-bf60fe9cf75e-groupManagement] INFO  server.RaftServerConfigKeys (ConfUtils.java:logGet(46)) - raft.server.log.purge.preservation.log.num = 0 (default)
2024-04-23 19:59:44,663 [EventQueue-PipelineReportForPipelineReportHandler] INFO  pipeline.PipelineReportHandler (PipelineReportHandler.java:processPipelineReport(136)) - Opened pipeline PipelineID=313134c9-f7e9-4254-bf8b-d2bc44843d7a
2024-04-23 19:59:44,663 [EventQueue-OpenPipelineForHealthyPipelineSafeModeRule] INFO  safemode.SCMSafeModeManager (HealthyPipelineSafeModeRule.java:process(140)) - SCM in safe mode. Healthy pipelines reported count is 0, required healthy pipeline reported count is 1
2024-04-23 19:59:44,664 [7f4a6f89-87eb-42cc-a636-bf60fe9cf75e-groupManagement] INFO  server.RaftServerConfigKeys (ConfUtils.java:logGet(46)) - raft.server.log.segment.size.max = 67108864 (custom)
2024-04-23 19:59:44,664 [7f4a6f89-87eb-42cc-a636-bf60fe9cf75e-groupManagement] INFO  server.RaftServerConfigKeys (ConfUtils.java:logGet(46)) - raft.server.log.segment.cache.num.max = 2 (custom)
2024-04-23 19:59:44,664 [7f4a6f89-87eb-42cc-a636-bf60fe9cf75e-groupManagement] INFO  server.RaftServerConfigKeys (ConfUtils.java:logGet(46)) - raft.server.log.segment.cache.size.max = 200MB (=209715200) (default)
2024-04-23 19:59:44,664 [7f4a6f89-87eb-42cc-a636-bf60fe9cf75e-groupManagement] INFO  server.RaftServerConfigKeys (ConfUtils.java:logGet(46)) - raft.server.log.appender.buffer.byte-limit = 8388608 (custom)
2024-04-23 19:59:44,664 [7f4a6f89-87eb-42cc-a636-bf60fe9cf75e-groupManagement] INFO  util.AwaitToRun (AwaitToRun.java:start(81)) - Thread[7f4a6f89-87eb-42cc-a636-bf60fe9cf75e@group-D2BC44843D7A-cacheEviction-AwaitToRun,5,main] started
2024-04-23 19:59:44,664 [7f4a6f89-87eb-42cc-a636-bf60fe9cf75e-groupManagement] INFO  segmented.SegmentedRaftLogWorker (SegmentedRaftLogWorker.java:<init>(182)) - new 7f4a6f89-87eb-42cc-a636-bf60fe9cf75e@group-D2BC44843D7A-SegmentedRaftLogWorker for RaftStorageImpl:Storage Directory /home/runner/work/ozone/ozone/hadoop-ozone/integration-test/target/test-dir/MiniOzoneClusterImpl-d857b234-8aec-441a-a9c9-a34f2a008b14/ozone-meta/datanode-7/ratis/313134c9-f7e9-4254-bf8b-d2bc44843d7a
2024-04-23 19:59:44,664 [7f4a6f89-87eb-42cc-a636-bf60fe9cf75e-groupManagement] INFO  server.RaftServerConfigKeys (ConfUtils.java:logGet(46)) - raft.server.log.queue.byte-limit = 4294967296 (custom)
2024-04-23 19:59:44,664 [7f4a6f89-87eb-42cc-a636-bf60fe9cf75e-groupManagement] INFO  server.RaftServerConfigKeys (ConfUtils.java:logGet(46)) - raft.server.log.queue.element-limit = 1024 (custom)
2024-04-23 19:59:44,665 [7f4a6f89-87eb-42cc-a636-bf60fe9cf75e-groupManagement] INFO  server.RaftServerConfigKeys (ConfUtils.java:logGet(46)) - raft.server.log.segment.size.max = 67108864 (custom)
2024-04-23 19:59:44,665 [7f4a6f89-87eb-42cc-a636-bf60fe9cf75e-groupManagement] INFO  server.RaftServerConfigKeys (ConfUtils.java:logGet(46)) - raft.server.log.preallocated.size = 4194304 (custom)
2024-04-23 19:59:44,665 [7f4a6f89-87eb-42cc-a636-bf60fe9cf75e-groupManagement] INFO  server.RaftServerConfigKeys (ConfUtils.java:logGet(46)) - raft.server.log.force.sync.num = 128 (default)
2024-04-23 19:59:44,665 [7f4a6f89-87eb-42cc-a636-bf60fe9cf75e-groupManagement] INFO  server.RaftServerConfigKeys (ConfUtils.java:logGet(46)) - raft.server.log.statemachine.data.sync = true (default)
2024-04-23 19:59:44,665 [7f4a6f89-87eb-42cc-a636-bf60fe9cf75e-groupManagement] INFO  server.RaftServerConfigKeys (ConfUtils.java:logGet(46)) - raft.server.log.statemachine.data.sync.timeout = 10s (default)
2024-04-23 19:59:44,665 [7f4a6f89-87eb-42cc-a636-bf60fe9cf75e-groupManagement] INFO  server.RaftServerConfigKeys (ConfUtils.java:logGet(46)) - raft.server.log.statemachine.data.sync.timeout.retry = 30 (custom)
2024-04-23 19:59:44,665 [7f4a6f89-87eb-42cc-a636-bf60fe9cf75e-groupManagement] INFO  server.RaftServerConfigKeys (ConfUtils.java:logGet(46)) - raft.server.log.write.buffer.size = 8388616 (custom)
2024-04-23 19:59:44,666 [7f4a6f89-87eb-42cc-a636-bf60fe9cf75e-groupManagement] INFO  server.RaftServerConfigKeys (ConfUtils.java:logGet(46)) - raft.server.log.appender.buffer.byte-limit = 8388608 (custom)
2024-04-23 19:59:44,666 [7f4a6f89-87eb-42cc-a636-bf60fe9cf75e-groupManagement] INFO  server.RaftServerConfigKeys (ConfUtils.java:logGet(46)) - raft.server.log.unsafe-flush.enabled = false (default)
2024-04-23 19:59:44,666 [7f4a6f89-87eb-42cc-a636-bf60fe9cf75e-groupManagement] INFO  server.RaftServerConfigKeys (ConfUtils.java:logGet(46)) - raft.server.log.async-flush.enabled = false (default)
2024-04-23 19:59:44,666 [7f4a6f89-87eb-42cc-a636-bf60fe9cf75e-groupManagement] INFO  server.RaftServerConfigKeys (ConfUtils.java:logGet(46)) - raft.server.log.statemachine.data.caching.enabled = true (custom)
2024-04-23 19:59:44,667 [7f4a6f89-87eb-42cc-a636-bf60fe9cf75e-groupManagement] INFO  segmented.SegmentedRaftLogWorker (SegmentedRaftLogWorker.java:lambda$new$0(134)) - 7f4a6f89-87eb-42cc-a636-bf60fe9cf75e@group-D2BC44843D7A-SegmentedRaftLogWorker: flushIndex: setUnconditionally 0 -> -1
2024-04-23 19:59:44,667 [7f4a6f89-87eb-42cc-a636-bf60fe9cf75e-groupManagement] INFO  segmented.SegmentedRaftLogWorker (SegmentedRaftLogWorker.java:lambda$new$0(134)) - 7f4a6f89-87eb-42cc-a636-bf60fe9cf75e@group-D2BC44843D7A-SegmentedRaftLogWorker: safeCacheEvictIndex: setUnconditionally 0 -> -1
2024-04-23 19:59:44,667 [7f4a6f89-87eb-42cc-a636-bf60fe9cf75e-groupManagement] INFO  server.RaftServer$Division (RaftServerImpl.java:start(396)) - 7f4a6f89-87eb-42cc-a636-bf60fe9cf75e@group-D2BC44843D7A: start as a follower, conf=-1: peers:[7f4a6f89-87eb-42cc-a636-bf60fe9cf75e|10.1.0.27:15335]|listeners:[], old=null
2024-04-23 19:59:44,667 [7f4a6f89-87eb-42cc-a636-bf60fe9cf75e-groupManagement] INFO  server.RaftServer$Division (RaftServerImpl.java:setRole(383)) - 7f4a6f89-87eb-42cc-a636-bf60fe9cf75e@group-D2BC44843D7A: changes role from      null to FOLLOWER at term 0 for startAsFollower
2024-04-23 19:59:44,667 [7f4a6f89-87eb-42cc-a636-bf60fe9cf75e-groupManagement] INFO  impl.RoleInfo (RoleInfo.java:updateAndGet(139)) - 7f4a6f89-87eb-42cc-a636-bf60fe9cf75e: start 7f4a6f89-87eb-42cc-a636-bf60fe9cf75e@group-D2BC44843D7A-FollowerState
2024-04-23 19:59:44,667 [7f4a6f89-87eb-42cc-a636-bf60fe9cf75e-groupManagement] INFO  util.JmxRegister (JmxRegister.java:tryRegister(44)) - Successfully registered JMX Bean with object name Ratis:service=RaftServer,group=group-D2BC44843D7A,id=7f4a6f89-87eb-42cc-a636-bf60fe9cf75e
2024-04-23 19:59:44,667 [7f4a6f89-87eb-42cc-a636-bf60fe9cf75e@group-D2BC44843D7A-FollowerState] INFO  server.RaftServerConfigKeys (ConfUtils.java:logFallback(53)) - raft.server.rpc.first-election.timeout.min = 5s (fallback to raft.server.rpc.timeout.min)
2024-04-23 19:59:44,667 [7f4a6f89-87eb-42cc-a636-bf60fe9cf75e-groupManagement] INFO  server.RaftServerConfigKeys (ConfUtils.java:logGet(46)) - raft.server.snapshot.trigger-when-stop.enabled = true (default)
2024-04-23 19:59:44,667 [7f4a6f89-87eb-42cc-a636-bf60fe9cf75e-groupManagement] INFO  server.RaftServerConfigKeys (ConfUtils.java:logGet(46)) - raft.server.snapshot.auto.trigger.enabled = true (custom)
2024-04-23 19:59:44,667 [7f4a6f89-87eb-42cc-a636-bf60fe9cf75e-groupManagement] INFO  server.RaftServerConfigKeys (ConfUtils.java:logGet(46)) - raft.server.snapshot.auto.trigger.threshold = 10000 (custom)
2024-04-23 19:59:44,668 [7f4a6f89-87eb-42cc-a636-bf60fe9cf75e-groupManagement] INFO  server.RaftServerConfigKeys (ConfUtils.java:logGet(46)) - raft.server.snapshot.retention.file.num = 5 (custom)
2024-04-23 19:59:44,667 [7f4a6f89-87eb-42cc-a636-bf60fe9cf75e@group-D2BC44843D7A-FollowerState] INFO  server.RaftServerConfigKeys (ConfUtils.java:logFallback(53)) - raft.server.rpc.first-election.timeout.max = 5200ms (fallback to raft.server.rpc.timeout.max)
2024-04-23 19:59:44,668 [7f4a6f89-87eb-42cc-a636-bf60fe9cf75e-groupManagement] INFO  server.RaftServerConfigKeys (ConfUtils.java:logGet(46)) - raft.server.log.purge.upto.snapshot.index = false (default)
2024-04-23 19:59:44,668 [7f4a6f89-87eb-42cc-a636-bf60fe9cf75e-PipelineCommandHandlerThread-0] INFO  ratis.XceiverServerRatis (XceiverServerRatis.java:addGroup(864)) - Created group PipelineID=313134c9-f7e9-4254-bf8b-d2bc44843d7a
2024-04-23 19:59:44,668 [7f4a6f89-87eb-42cc-a636-bf60fe9cf75e-PipelineCommandHandlerThread-0] INFO  commandhandler.CreatePipelineCommandHandler (CreatePipelineCommandHandler.java:lambda$handle$2(124)) - Created Pipeline RATIS ONE PipelineID=313134c9-f7e9-4254-bf8b-d2bc44843d7a.
2024-04-23 19:59:44,668 [7f4a6f89-87eb-42cc-a636-bf60fe9cf75e-PipelineCommandHandlerThread-0] INFO  server.RaftServer (RaftServerProxy.java:addNew(100)) - 7f4a6f89-87eb-42cc-a636-bf60fe9cf75e: addNew group-37EB9C4B86BD:[ece5501e-2183-421f-b873-7b565e9a7338|10.1.0.27:15344, 05887e99-236b-4e3f-9ff6-c32e887d273e|10.1.0.27:15353, 7f4a6f89-87eb-42cc-a636-bf60fe9cf75e|10.1.0.27:15335] returns group-37EB9C4B86BD:java.util.concurrent.CompletableFuture@2cb7e647[Not completed]
2024-04-23 19:59:44,669 [7f4a6f89-87eb-42cc-a636-bf60fe9cf75e-groupManagement] INFO  server.RaftServer$Division (RaftServerImpl.java:<init>(256)) - 7f4a6f89-87eb-42cc-a636-bf60fe9cf75e: new RaftServerImpl for group-37EB9C4B86BD:[ece5501e-2183-421f-b873-7b565e9a7338|10.1.0.27:15344, 05887e99-236b-4e3f-9ff6-c32e887d273e|10.1.0.27:15353, 7f4a6f89-87eb-42cc-a636-bf60fe9cf75e|10.1.0.27:15335] with ContainerStateMachine:uninitialized
2024-04-23 19:59:44,669 [7f4a6f89-87eb-42cc-a636-bf60fe9cf75e-groupManagement] INFO  server.RaftServerConfigKeys (ConfUtils.java:logGet(46)) - raft.server.rpc.timeout.min = 5s (custom)
2024-04-23 19:59:44,669 [7f4a6f89-87eb-42cc-a636-bf60fe9cf75e-groupManagement] INFO  server.RaftServerConfigKeys (ConfUtils.java:logGet(46)) - raft.server.rpc.timeout.max = 5200ms (custom)
2024-04-23 19:59:44,669 [7f4a6f89-87eb-42cc-a636-bf60fe9cf75e-groupManagement] INFO  server.RaftServerConfigKeys (ConfUtils.java:logGet(46)) - raft.server.rpc.sleep.time = 25ms (default)
2024-04-23 19:59:44,669 [7f4a6f89-87eb-42cc-a636-bf60fe9cf75e-groupManagement] INFO  server.RaftServerConfigKeys (ConfUtils.java:logGet(46)) - raft.server.rpc.slowness.timeout = 300000ms (custom)
2024-04-23 19:59:44,669 [7f4a6f89-87eb-42cc-a636-bf60fe9cf75e-groupManagement] INFO  server.RaftServerConfigKeys (ConfUtils.java:logGet(46)) - raft.server.leaderelection.leader.step-down.wait-time = 10s (default)
2024-04-23 19:59:44,670 [7f4a6f89-87eb-42cc-a636-bf60fe9cf75e-groupManagement] INFO  server.RaftServerConfigKeys (ConfUtils.java:logGet(46)) - raft.server.leaderelection.member.majority-add = false (default)
2024-04-23 19:59:44,670 [7f4a6f89-87eb-42cc-a636-bf60fe9cf75e-groupManagement] INFO  server.RaftServerConfigKeys (ConfUtils.java:logGet(46)) - raft.server.sleep.deviation.threshold = 300ms (default)
2024-04-23 19:59:44,670 [7f4a6f89-87eb-42cc-a636-bf60fe9cf75e-groupManagement] INFO  server.RaftServer$Division (ServerState.java:<init>(113)) - 7f4a6f89-87eb-42cc-a636-bf60fe9cf75e@group-37EB9C4B86BD: ConfigurationManager, init=-1: peers:[ece5501e-2183-421f-b873-7b565e9a7338|10.1.0.27:15344, 05887e99-236b-4e3f-9ff6-c32e887d273e|10.1.0.27:15353, 7f4a6f89-87eb-42cc-a636-bf60fe9cf75e|10.1.0.27:15335]|listeners:[], old=null, confs=<EMPTY_MAP>
2024-04-23 19:59:44,670 [7f4a6f89-87eb-42cc-a636-bf60fe9cf75e-groupManagement] INFO  server.RaftServerConfigKeys (ConfUtils.java:logGet(46)) - raft.server.notification.no-leader.timeout = 300000ms (custom)
2024-04-23 19:59:44,670 [7f4a6f89-87eb-42cc-a636-bf60fe9cf75e-groupManagement] INFO  server.RaftServerConfigKeys (ConfUtils.java:logGet(46)) - raft.server.read.timeout = 10s (default)
2024-04-23 19:59:44,670 [7f4a6f89-87eb-42cc-a636-bf60fe9cf75e-groupManagement] INFO  server.RaftServerConfigKeys (ConfUtils.java:logGet(46)) - raft.server.retrycache.expirytime = 600000ms (custom)
2024-04-23 19:59:44,670 [7f4a6f89-87eb-42cc-a636-bf60fe9cf75e-groupManagement] INFO  server.RaftServerConfigKeys (ConfUtils.java:logGet(46)) - raft.server.retrycache.statistics.expirytime = 100ms (default)
2024-04-23 19:59:44,670 [7f4a6f89-87eb-42cc-a636-bf60fe9cf75e-groupManagement] INFO  server.RaftServerConfigKeys (ConfUtils.java:logGet(46)) - raft.server.read.option = DEFAULT (default)
2024-04-23 19:59:44,670 [7f4a6f89-87eb-42cc-a636-bf60fe9cf75e-groupManagement] INFO  server.RaftServerConfigKeys (ConfUtils.java:logGet(46)) - raft.server.read.read-after-write-consistent.write-index-cache.expiry-time = 60s (default)
2024-04-23 19:59:44,672 [7f4a6f89-87eb-42cc-a636-bf60fe9cf75e-groupManagement] INFO  server.RaftServerConfigKeys (ConfUtils.java:logGet(46)) - raft.server.rpc.request.timeout = 3000ms (default)
2024-04-23 19:59:44,672 [7f4a6f89-87eb-42cc-a636-bf60fe9cf75e-groupManagement] INFO  server.RaftServerConfigKeys (ConfUtils.java:logGet(46)) - raft.server.log.appender.install.snapshot.enabled = false (custom)
2024-04-23 19:59:44,672 [7f4a6f89-87eb-42cc-a636-bf60fe9cf75e-groupManagement] INFO  server.RaftServerConfigKeys (ConfUtils.java:logGet(46)) - raft.server.threadpool.server.cached = true (default)
2024-04-23 19:59:44,673 [7f4a6f89-87eb-42cc-a636-bf60fe9cf75e-groupManagement] INFO  server.RaftServerConfigKeys (ConfUtils.java:logGet(46)) - raft.server.threadpool.server.size = 0 (default)
2024-04-23 19:59:44,673 [7f4a6f89-87eb-42cc-a636-bf60fe9cf75e-groupManagement] INFO  server.RaftServerConfigKeys (ConfUtils.java:logGet(46)) - raft.server.threadpool.client.cached = true (default)
2024-04-23 19:59:44,673 [7f4a6f89-87eb-42cc-a636-bf60fe9cf75e-groupManagement] INFO  server.RaftServerConfigKeys (ConfUtils.java:logGet(46)) - raft.server.threadpool.client.size = 0 (default)
2024-04-23 19:59:44,673 [7f4a6f89-87eb-42cc-a636-bf60fe9cf75e-groupManagement] INFO  server.RaftServerConfigKeys (ConfUtils.java:logGet(46)) - raft.server.storage.free-space.min = 0MB (=0) (default)
2024-04-23 19:59:44,673 [7f4a6f89-87eb-42cc-a636-bf60fe9cf75e-groupManagement] INFO  server.RaftServerConfigKeys (ConfUtils.java:logGet(46)) - raft.server.log.corruption.policy = EXCEPTION (default)
2024-04-23 19:59:44,673 [7f4a6f89-87eb-42cc-a636-bf60fe9cf75e-groupManagement] INFO  server.RaftServerConfigKeys (ConfUtils.java:logGet(46)) - raft.server.storage.dir = [/home/runner/work/ozone/ozone/hadoop-ozone/integration-test/target/test-dir/MiniOzoneClusterImpl-d857b234-8aec-441a-a9c9-a34f2a008b14/ozone-meta/datanode-7/ratis] (custom)
2024-04-23 19:59:44,673 [7f4a6f89-87eb-42cc-a636-bf60fe9cf75e-groupManagement] INFO  storage.RaftStorageDirectory (RaftStorageDirectoryImpl.java:analyzeStorage(138)) - The storage directory /home/runner/work/ozone/ozone/hadoop-ozone/integration-test/target/test-dir/MiniOzoneClusterImpl-d857b234-8aec-441a-a9c9-a34f2a008b14/ozone-meta/datanode-7/ratis/eb039608-97f3-41e2-92b2-37eb9c4b86bd does not exist. Creating ...
2024-04-23 19:59:44,674 [7f4a6f89-87eb-42cc-a636-bf60fe9cf75e-groupManagement] INFO  storage.RaftStorageDirectory (RaftStorageDirectoryImpl.java:tryLock(228)) - Lock on /home/runner/work/ozone/ozone/hadoop-ozone/integration-test/target/test-dir/MiniOzoneClusterImpl-d857b234-8aec-441a-a9c9-a34f2a008b14/ozone-meta/datanode-7/ratis/eb039608-97f3-41e2-92b2-37eb9c4b86bd/in_use.lock acquired by nodename 20519@fv-az1496-552
2024-04-23 19:59:44,675 [7f4a6f89-87eb-42cc-a636-bf60fe9cf75e-groupManagement] INFO  storage.RaftStorage (RaftStorageImpl.java:format(99)) - Storage directory /home/runner/work/ozone/ozone/hadoop-ozone/integration-test/target/test-dir/MiniOzoneClusterImpl-d857b234-8aec-441a-a9c9-a34f2a008b14/ozone-meta/datanode-7/ratis/eb039608-97f3-41e2-92b2-37eb9c4b86bd has been successfully formatted.
2024-04-23 19:59:44,675 [7f4a6f89-87eb-42cc-a636-bf60fe9cf75e-groupManagement] WARN  util.FileUtils (LogUtils.java:supplyAndLog(63)) - Failed to Files.newInputStream /home/runner/work/ozone/ozone/hadoop-ozone/integration-test/target/test-dir/MiniOzoneClusterImpl-d857b234-8aec-441a-a9c9-a34f2a008b14/ozone-meta/datanode-7/ratis/eb039608-97f3-41e2-92b2-37eb9c4b86bd/current/raft-meta.conf with options []: java.nio.file.NoSuchFileException: /home/runner/work/ozone/ozone/hadoop-ozone/integration-test/target/test-dir/MiniOzoneClusterImpl-d857b234-8aec-441a-a9c9-a34f2a008b14/ozone-meta/datanode-7/ratis/eb039608-97f3-41e2-92b2-37eb9c4b86bd/current/raft-meta.conf
2024-04-23 19:59:44,675 [7f4a6f89-87eb-42cc-a636-bf60fe9cf75e-groupManagement] INFO  ratis.ContainerStateMachine (ContainerStateMachine.java:loadSnapshot(287)) - group-37EB9C4B86BD: The snapshot info is null. Setting the last applied index to:(t:0, i:~)
2024-04-23 19:59:44,676 [7f4a6f89-87eb-42cc-a636-bf60fe9cf75e-groupManagement] INFO  server.RaftServerConfigKeys (ConfUtils.java:logGet(46)) - raft.server.log.use.memory = false (default)
2024-04-23 19:59:44,676 [7f4a6f89-87eb-42cc-a636-bf60fe9cf75e-groupManagement] INFO  server.RaftServerConfigKeys (ConfUtils.java:logGet(46)) - raft.server.log.purge.gap = 1000000 (custom)
2024-04-23 19:59:44,676 [7f4a6f89-87eb-42cc-a636-bf60fe9cf75e-groupManagement] INFO  server.RaftServerConfigKeys (ConfUtils.java:logGet(46)) - raft.server.log.appender.buffer.byte-limit = 8388608 (custom)
2024-04-23 19:59:44,676 [7f4a6f89-87eb-42cc-a636-bf60fe9cf75e-groupManagement] INFO  server.RaftServerConfigKeys (ConfUtils.java:logGet(46)) - raft.server.log.statemachine.data.read.timeout = 1000ms (default)
2024-04-23 19:59:44,676 [7f4a6f89-87eb-42cc-a636-bf60fe9cf75e-groupManagement] INFO  server.RaftServerConfigKeys (ConfUtils.java:logGet(46)) - raft.server.log.purge.preservation.log.num = 0 (default)
2024-04-23 19:59:44,676 [EventQueue-OpenPipelineForHealthyPipelineSafeModeRule] INFO  safemode.SCMSafeModeManager (HealthyPipelineSafeModeRule.java:process(140)) - SCM in safe mode. Healthy pipelines reported count is 0, required healthy pipeline reported count is 1
2024-04-23 19:59:44,677 [7f4a6f89-87eb-42cc-a636-bf60fe9cf75e-groupManagement] INFO  server.RaftServerConfigKeys (ConfUtils.java:logGet(46)) - raft.server.log.segment.size.max = 67108864 (custom)
2024-04-23 19:59:44,677 [7f4a6f89-87eb-42cc-a636-bf60fe9cf75e-groupManagement] INFO  server.RaftServerConfigKeys (ConfUtils.java:logGet(46)) - raft.server.log.segment.cache.num.max = 2 (custom)
2024-04-23 19:59:44,677 [7f4a6f89-87eb-42cc-a636-bf60fe9cf75e-groupManagement] INFO  server.RaftServerConfigKeys (ConfUtils.java:logGet(46)) - raft.server.log.segment.cache.size.max = 200MB (=209715200) (default)
2024-04-23 19:59:44,678 [7f4a6f89-87eb-42cc-a636-bf60fe9cf75e-groupManagement] INFO  server.RaftServerConfigKeys (ConfUtils.java:logGet(46)) - raft.server.log.appender.buffer.byte-limit = 8388608 (custom)
2024-04-23 19:59:44,678 [7f4a6f89-87eb-42cc-a636-bf60fe9cf75e-groupManagement] INFO  util.AwaitToRun (AwaitToRun.java:start(81)) - Thread[7f4a6f89-87eb-42cc-a636-bf60fe9cf75e@group-37EB9C4B86BD-cacheEviction-AwaitToRun,5,main] started
2024-04-23 19:59:44,678 [7f4a6f89-87eb-42cc-a636-bf60fe9cf75e-groupManagement] INFO  segmented.SegmentedRaftLogWorker (SegmentedRaftLogWorker.java:<init>(182)) - new 7f4a6f89-87eb-42cc-a636-bf60fe9cf75e@group-37EB9C4B86BD-SegmentedRaftLogWorker for RaftStorageImpl:Storage Directory /home/runner/work/ozone/ozone/hadoop-ozone/integration-test/target/test-dir/MiniOzoneClusterImpl-d857b234-8aec-441a-a9c9-a34f2a008b14/ozone-meta/datanode-7/ratis/eb039608-97f3-41e2-92b2-37eb9c4b86bd
2024-04-23 19:59:44,678 [7f4a6f89-87eb-42cc-a636-bf60fe9cf75e-groupManagement] INFO  server.RaftServerConfigKeys (ConfUtils.java:logGet(46)) - raft.server.log.queue.byte-limit = 4294967296 (custom)
2024-04-23 19:59:44,678 [7f4a6f89-87eb-42cc-a636-bf60fe9cf75e-groupManagement] INFO  server.RaftServerConfigKeys (ConfUtils.java:logGet(46)) - raft.server.log.queue.element-limit = 1024 (custom)
2024-04-23 19:59:44,678 [7f4a6f89-87eb-42cc-a636-bf60fe9cf75e-groupManagement] INFO  server.RaftServerConfigKeys (ConfUtils.java:logGet(46)) - raft.server.log.segment.size.max = 67108864 (custom)
2024-04-23 19:59:44,678 [7f4a6f89-87eb-42cc-a636-bf60fe9cf75e-groupManagement] INFO  server.RaftServerConfigKeys (ConfUtils.java:logGet(46)) - raft.server.log.preallocated.size = 4194304 (custom)
2024-04-23 19:59:44,678 [7f4a6f89-87eb-42cc-a636-bf60fe9cf75e-groupManagement] INFO  server.RaftServerConfigKeys (ConfUtils.java:logGet(46)) - raft.server.log.force.sync.num = 128 (default)
2024-04-23 19:59:44,678 [7f4a6f89-87eb-42cc-a636-bf60fe9cf75e-groupManagement] INFO  server.RaftServerConfigKeys (ConfUtils.java:logGet(46)) - raft.server.log.statemachine.data.sync = true (default)
2024-04-23 19:59:44,678 [7f4a6f89-87eb-42cc-a636-bf60fe9cf75e-groupManagement] INFO  server.RaftServerConfigKeys (ConfUtils.java:logGet(46)) - raft.server.log.statemachine.data.sync.timeout = 10s (default)
2024-04-23 19:59:44,678 [7f4a6f89-87eb-42cc-a636-bf60fe9cf75e-groupManagement] INFO  server.RaftServerConfigKeys (ConfUtils.java:logGet(46)) - raft.server.log.statemachine.data.sync.timeout.retry = 30 (custom)
2024-04-23 19:59:44,679 [7f4a6f89-87eb-42cc-a636-bf60fe9cf75e-groupManagement] INFO  server.RaftServerConfigKeys (ConfUtils.java:logGet(46)) - raft.server.log.write.buffer.size = 8388616 (custom)
2024-04-23 19:59:44,680 [7f4a6f89-87eb-42cc-a636-bf60fe9cf75e-groupManagement] INFO  server.RaftServerConfigKeys (ConfUtils.java:logGet(46)) - raft.server.log.appender.buffer.byte-limit = 8388608 (custom)
2024-04-23 19:59:44,680 [7f4a6f89-87eb-42cc-a636-bf60fe9cf75e-groupManagement] INFO  server.RaftServerConfigKeys (ConfUtils.java:logGet(46)) - raft.server.log.unsafe-flush.enabled = false (default)
2024-04-23 19:59:44,680 [7f4a6f89-87eb-42cc-a636-bf60fe9cf75e-groupManagement] INFO  server.RaftServerConfigKeys (ConfUtils.java:logGet(46)) - raft.server.log.async-flush.enabled = false (default)
2024-04-23 19:59:44,680 [7f4a6f89-87eb-42cc-a636-bf60fe9cf75e-groupManagement] INFO  server.RaftServerConfigKeys (ConfUtils.java:logGet(46)) - raft.server.log.statemachine.data.caching.enabled = true (custom)
2024-04-23 19:59:44,680 [7f4a6f89-87eb-42cc-a636-bf60fe9cf75e-groupManagement] INFO  segmented.SegmentedRaftLogWorker (SegmentedRaftLogWorker.java:lambda$new$0(134)) - 7f4a6f89-87eb-42cc-a636-bf60fe9cf75e@group-37EB9C4B86BD-SegmentedRaftLogWorker: flushIndex: setUnconditionally 0 -> -1
2024-04-23 19:59:44,680 [7f4a6f89-87eb-42cc-a636-bf60fe9cf75e-groupManagement] INFO  segmented.SegmentedRaftLogWorker (SegmentedRaftLogWorker.java:lambda$new$0(134)) - 7f4a6f89-87eb-42cc-a636-bf60fe9cf75e@group-37EB9C4B86BD-SegmentedRaftLogWorker: safeCacheEvictIndex: setUnconditionally 0 -> -1
2024-04-23 19:59:44,680 [7f4a6f89-87eb-42cc-a636-bf60fe9cf75e-groupManagement] INFO  server.RaftServer$Division (RaftServerImpl.java:start(396)) - 7f4a6f89-87eb-42cc-a636-bf60fe9cf75e@group-37EB9C4B86BD: start as a follower, conf=-1: peers:[ece5501e-2183-421f-b873-7b565e9a7338|10.1.0.27:15344, 05887e99-236b-4e3f-9ff6-c32e887d273e|10.1.0.27:15353, 7f4a6f89-87eb-42cc-a636-bf60fe9cf75e|10.1.0.27:15335]|listeners:[], old=null
2024-04-23 19:59:44,680 [7f4a6f89-87eb-42cc-a636-bf60fe9cf75e-groupManagement] INFO  server.RaftServer$Division (RaftServerImpl.java:setRole(383)) - 7f4a6f89-87eb-42cc-a636-bf60fe9cf75e@group-37EB9C4B86BD: changes role from      null to FOLLOWER at term 0 for startAsFollower
2024-04-23 19:59:44,680 [7f4a6f89-87eb-42cc-a636-bf60fe9cf75e-groupManagement] INFO  impl.RoleInfo (RoleInfo.java:updateAndGet(139)) - 7f4a6f89-87eb-42cc-a636-bf60fe9cf75e: start 7f4a6f89-87eb-42cc-a636-bf60fe9cf75e@group-37EB9C4B86BD-FollowerState
2024-04-23 19:59:44,681 [7f4a6f89-87eb-42cc-a636-bf60fe9cf75e-groupManagement] INFO  util.JmxRegister (JmxRegister.java:tryRegister(44)) - Successfully registered JMX Bean with object name Ratis:service=RaftServer,group=group-37EB9C4B86BD,id=7f4a6f89-87eb-42cc-a636-bf60fe9cf75e
2024-04-23 19:59:44,681 [7f4a6f89-87eb-42cc-a636-bf60fe9cf75e-groupManagement] INFO  server.RaftServerConfigKeys (ConfUtils.java:logGet(46)) - raft.server.snapshot.trigger-when-stop.enabled = true (default)
2024-04-23 19:59:44,681 [7f4a6f89-87eb-42cc-a636-bf60fe9cf75e-groupManagement] INFO  server.RaftServerConfigKeys (ConfUtils.java:logGet(46)) - raft.server.snapshot.auto.trigger.enabled = true (custom)
2024-04-23 19:59:44,681 [7f4a6f89-87eb-42cc-a636-bf60fe9cf75e-groupManagement] INFO  server.RaftServerConfigKeys (ConfUtils.java:logGet(46)) - raft.server.snapshot.auto.trigger.threshold = 10000 (custom)
2024-04-23 19:59:44,681 [7f4a6f89-87eb-42cc-a636-bf60fe9cf75e-groupManagement] INFO  server.RaftServerConfigKeys (ConfUtils.java:logGet(46)) - raft.server.snapshot.retention.file.num = 5 (custom)
2024-04-23 19:59:44,681 [7f4a6f89-87eb-42cc-a636-bf60fe9cf75e-groupManagement] INFO  server.RaftServerConfigKeys (ConfUtils.java:logGet(46)) - raft.server.log.purge.upto.snapshot.index = false (default)
2024-04-23 19:59:44,681 [7f4a6f89-87eb-42cc-a636-bf60fe9cf75e@group-37EB9C4B86BD-FollowerState] INFO  server.RaftServerConfigKeys (ConfUtils.java:logFallback(53)) - raft.server.rpc.first-election.timeout.min = 5s (fallback to raft.server.rpc.timeout.min)
2024-04-23 19:59:44,681 [7f4a6f89-87eb-42cc-a636-bf60fe9cf75e-PipelineCommandHandlerThread-0] INFO  ratis.XceiverServerRatis (XceiverServerRatis.java:addGroup(864)) - Created group PipelineID=eb039608-97f3-41e2-92b2-37eb9c4b86bd
2024-04-23 19:59:44,681 [7f4a6f89-87eb-42cc-a636-bf60fe9cf75e@group-37EB9C4B86BD-FollowerState] INFO  server.RaftServerConfigKeys (ConfUtils.java:logFallback(53)) - raft.server.rpc.first-election.timeout.max = 5200ms (fallback to raft.server.rpc.timeout.max)
2024-04-23 19:59:44,687 [grpc-default-executor-0] INFO  server.RaftServer (RaftServerProxy.java:addNew(100)) - ece5501e-2183-421f-b873-7b565e9a7338: addNew group-37EB9C4B86BD:[ece5501e-2183-421f-b873-7b565e9a7338|10.1.0.27:15344, 05887e99-236b-4e3f-9ff6-c32e887d273e|10.1.0.27:15353, 7f4a6f89-87eb-42cc-a636-bf60fe9cf75e|10.1.0.27:15335] returns group-37EB9C4B86BD:java.util.concurrent.CompletableFuture@3efe4705[Not completed]
2024-04-23 19:59:44,688 [ece5501e-2183-421f-b873-7b565e9a7338-groupManagement] INFO  server.RaftServer$Division (RaftServerImpl.java:<init>(256)) - ece5501e-2183-421f-b873-7b565e9a7338: new RaftServerImpl for group-37EB9C4B86BD:[ece5501e-2183-421f-b873-7b565e9a7338|10.1.0.27:15344, 05887e99-236b-4e3f-9ff6-c32e887d273e|10.1.0.27:15353, 7f4a6f89-87eb-42cc-a636-bf60fe9cf75e|10.1.0.27:15335] with ContainerStateMachine:uninitialized
2024-04-23 19:59:44,688 [ece5501e-2183-421f-b873-7b565e9a7338-groupManagement] INFO  server.RaftServerConfigKeys (ConfUtils.java:logGet(46)) - raft.server.rpc.timeout.min = 5s (custom)
2024-04-23 19:59:44,688 [ece5501e-2183-421f-b873-7b565e9a7338-groupManagement] INFO  server.RaftServerConfigKeys (ConfUtils.java:logGet(46)) - raft.server.rpc.timeout.max = 5200ms (custom)
2024-04-23 19:59:44,688 [ece5501e-2183-421f-b873-7b565e9a7338-groupManagement] INFO  server.RaftServerConfigKeys (ConfUtils.java:logGet(46)) - raft.server.rpc.sleep.time = 25ms (default)
2024-04-23 19:59:44,689 [ece5501e-2183-421f-b873-7b565e9a7338-groupManagement] INFO  server.RaftServerConfigKeys (ConfUtils.java:logGet(46)) - raft.server.rpc.slowness.timeout = 300000ms (custom)
2024-04-23 19:59:44,689 [ece5501e-2183-421f-b873-7b565e9a7338-groupManagement] INFO  server.RaftServerConfigKeys (ConfUtils.java:logGet(46)) - raft.server.leaderelection.leader.step-down.wait-time = 10s (default)
2024-04-23 19:59:44,689 [ece5501e-2183-421f-b873-7b565e9a7338-groupManagement] INFO  server.RaftServerConfigKeys (ConfUtils.java:logGet(46)) - raft.server.leaderelection.member.majority-add = false (default)
2024-04-23 19:59:44,689 [ece5501e-2183-421f-b873-7b565e9a7338-groupManagement] INFO  server.RaftServerConfigKeys (ConfUtils.java:logGet(46)) - raft.server.sleep.deviation.threshold = 300ms (default)
2024-04-23 19:59:44,689 [ece5501e-2183-421f-b873-7b565e9a7338-groupManagement] INFO  server.RaftServer$Division (ServerState.java:<init>(113)) - ece5501e-2183-421f-b873-7b565e9a7338@group-37EB9C4B86BD: ConfigurationManager, init=-1: peers:[ece5501e-2183-421f-b873-7b565e9a7338|10.1.0.27:15344, 05887e99-236b-4e3f-9ff6-c32e887d273e|10.1.0.27:15353, 7f4a6f89-87eb-42cc-a636-bf60fe9cf75e|10.1.0.27:15335]|listeners:[], old=null, confs=<EMPTY_MAP>
2024-04-23 19:59:44,689 [ece5501e-2183-421f-b873-7b565e9a7338-groupManagement] INFO  server.RaftServerConfigKeys (ConfUtils.java:logGet(46)) - raft.server.notification.no-leader.timeout = 300000ms (custom)
2024-04-23 19:59:44,689 [ece5501e-2183-421f-b873-7b565e9a7338-groupManagement] INFO  server.RaftServerConfigKeys (ConfUtils.java:logGet(46)) - raft.server.read.timeout = 10s (default)
2024-04-23 19:59:44,689 [ece5501e-2183-421f-b873-7b565e9a7338-groupManagement] INFO  server.RaftServerConfigKeys (ConfUtils.java:logGet(46)) - raft.server.retrycache.expirytime = 600000ms (custom)
2024-04-23 19:59:44,689 [ece5501e-2183-421f-b873-7b565e9a7338-groupManagement] INFO  server.RaftServerConfigKeys (ConfUtils.java:logGet(46)) - raft.server.retrycache.statistics.expirytime = 100ms (default)
2024-04-23 19:59:44,689 [ece5501e-2183-421f-b873-7b565e9a7338-groupManagement] INFO  server.RaftServerConfigKeys (ConfUtils.java:logGet(46)) - raft.server.read.option = DEFAULT (default)
2024-04-23 19:59:44,689 [ece5501e-2183-421f-b873-7b565e9a7338-groupManagement] INFO  server.RaftServerConfigKeys (ConfUtils.java:logGet(46)) - raft.server.read.read-after-write-consistent.write-index-cache.expiry-time = 60s (default)
2024-04-23 19:59:44,691 [ece5501e-2183-421f-b873-7b565e9a7338-groupManagement] INFO  server.RaftServerConfigKeys (ConfUtils.java:logGet(46)) - raft.server.rpc.request.timeout = 3000ms (default)
2024-04-23 19:59:44,691 [ece5501e-2183-421f-b873-7b565e9a7338-groupManagement] INFO  server.RaftServerConfigKeys (ConfUtils.java:logGet(46)) - raft.server.log.appender.install.snapshot.enabled = false (custom)
2024-04-23 19:59:44,691 [ece5501e-2183-421f-b873-7b565e9a7338-groupManagement] INFO  server.RaftServerConfigKeys (ConfUtils.java:logGet(46)) - raft.server.threadpool.server.cached = true (default)
2024-04-23 19:59:44,691 [ece5501e-2183-421f-b873-7b565e9a7338-groupManagement] INFO  server.RaftServerConfigKeys (ConfUtils.java:logGet(46)) - raft.server.threadpool.server.size = 0 (default)
2024-04-23 19:59:44,691 [ece5501e-2183-421f-b873-7b565e9a7338-groupManagement] INFO  server.RaftServerConfigKeys (ConfUtils.java:logGet(46)) - raft.server.threadpool.client.cached = true (default)
2024-04-23 19:59:44,691 [ece5501e-2183-421f-b873-7b565e9a7338-groupManagement] INFO  server.RaftServerConfigKeys (ConfUtils.java:logGet(46)) - raft.server.threadpool.client.size = 0 (default)
2024-04-23 19:59:44,691 [ece5501e-2183-421f-b873-7b565e9a7338-groupManagement] INFO  server.RaftServerConfigKeys (ConfUtils.java:logGet(46)) - raft.server.storage.free-space.min = 0MB (=0) (default)
2024-04-23 19:59:44,691 [ece5501e-2183-421f-b873-7b565e9a7338-groupManagement] INFO  server.RaftServerConfigKeys (ConfUtils.java:logGet(46)) - raft.server.log.corruption.policy = EXCEPTION (default)
2024-04-23 19:59:44,691 [ece5501e-2183-421f-b873-7b565e9a7338-groupManagement] INFO  server.RaftServerConfigKeys (ConfUtils.java:logGet(46)) - raft.server.storage.dir = [/home/runner/work/ozone/ozone/hadoop-ozone/integration-test/target/test-dir/MiniOzoneClusterImpl-d857b234-8aec-441a-a9c9-a34f2a008b14/ozone-meta/datanode-8/ratis] (custom)
2024-04-23 19:59:44,691 [ece5501e-2183-421f-b873-7b565e9a7338-groupManagement] INFO  storage.RaftStorageDirectory (RaftStorageDirectoryImpl.java:analyzeStorage(138)) - The storage directory /home/runner/work/ozone/ozone/hadoop-ozone/integration-test/target/test-dir/MiniOzoneClusterImpl-d857b234-8aec-441a-a9c9-a34f2a008b14/ozone-meta/datanode-8/ratis/eb039608-97f3-41e2-92b2-37eb9c4b86bd does not exist. Creating ...
2024-04-23 19:59:44,692 [ece5501e-2183-421f-b873-7b565e9a7338-groupManagement] INFO  storage.RaftStorageDirectory (RaftStorageDirectoryImpl.java:tryLock(228)) - Lock on /home/runner/work/ozone/ozone/hadoop-ozone/integration-test/target/test-dir/MiniOzoneClusterImpl-d857b234-8aec-441a-a9c9-a34f2a008b14/ozone-meta/datanode-8/ratis/eb039608-97f3-41e2-92b2-37eb9c4b86bd/in_use.lock acquired by nodename 20519@fv-az1496-552
2024-04-23 19:59:44,693 [ece5501e-2183-421f-b873-7b565e9a7338-groupManagement] INFO  storage.RaftStorage (RaftStorageImpl.java:format(99)) - Storage directory /home/runner/work/ozone/ozone/hadoop-ozone/integration-test/target/test-dir/MiniOzoneClusterImpl-d857b234-8aec-441a-a9c9-a34f2a008b14/ozone-meta/datanode-8/ratis/eb039608-97f3-41e2-92b2-37eb9c4b86bd has been successfully formatted.
2024-04-23 19:59:44,693 [ece5501e-2183-421f-b873-7b565e9a7338-groupManagement] WARN  util.FileUtils (LogUtils.java:supplyAndLog(63)) - Failed to Files.newInputStream /home/runner/work/ozone/ozone/hadoop-ozone/integration-test/target/test-dir/MiniOzoneClusterImpl-d857b234-8aec-441a-a9c9-a34f2a008b14/ozone-meta/datanode-8/ratis/eb039608-97f3-41e2-92b2-37eb9c4b86bd/current/raft-meta.conf with options []: java.nio.file.NoSuchFileException: /home/runner/work/ozone/ozone/hadoop-ozone/integration-test/target/test-dir/MiniOzoneClusterImpl-d857b234-8aec-441a-a9c9-a34f2a008b14/ozone-meta/datanode-8/ratis/eb039608-97f3-41e2-92b2-37eb9c4b86bd/current/raft-meta.conf
2024-04-23 19:59:44,695 [ece5501e-2183-421f-b873-7b565e9a7338-groupManagement] INFO  ratis.ContainerStateMachine (ContainerStateMachine.java:loadSnapshot(287)) - group-37EB9C4B86BD: The snapshot info is null. Setting the last applied index to:(t:0, i:~)
2024-04-23 19:59:44,695 [ece5501e-2183-421f-b873-7b565e9a7338-groupManagement] INFO  server.RaftServerConfigKeys (ConfUtils.java:logGet(46)) - raft.server.log.use.memory = false (default)
2024-04-23 19:59:44,695 [ece5501e-2183-421f-b873-7b565e9a7338-groupManagement] INFO  server.RaftServerConfigKeys (ConfUtils.java:logGet(46)) - raft.server.log.purge.gap = 1000000 (custom)
2024-04-23 19:59:44,695 [ece5501e-2183-421f-b873-7b565e9a7338-groupManagement] INFO  server.RaftServerConfigKeys (ConfUtils.java:logGet(46)) - raft.server.log.appender.buffer.byte-limit = 8388608 (custom)
2024-04-23 19:59:44,695 [ece5501e-2183-421f-b873-7b565e9a7338-groupManagement] INFO  server.RaftServerConfigKeys (ConfUtils.java:logGet(46)) - raft.server.log.statemachine.data.read.timeout = 1000ms (default)
2024-04-23 19:59:44,695 [ece5501e-2183-421f-b873-7b565e9a7338-groupManagement] INFO  server.RaftServerConfigKeys (ConfUtils.java:logGet(46)) - raft.server.log.purge.preservation.log.num = 0 (default)
2024-04-23 19:59:44,696 [ece5501e-2183-421f-b873-7b565e9a7338-groupManagement] INFO  server.RaftServerConfigKeys (ConfUtils.java:logGet(46)) - raft.server.log.segment.size.max = 67108864 (custom)
2024-04-23 19:59:44,696 [ece5501e-2183-421f-b873-7b565e9a7338-groupManagement] INFO  server.RaftServerConfigKeys (ConfUtils.java:logGet(46)) - raft.server.log.segment.cache.num.max = 2 (custom)
2024-04-23 19:59:44,696 [ece5501e-2183-421f-b873-7b565e9a7338-groupManagement] INFO  server.RaftServerConfigKeys (ConfUtils.java:logGet(46)) - raft.server.log.segment.cache.size.max = 200MB (=209715200) (default)
2024-04-23 19:59:44,696 [ece5501e-2183-421f-b873-7b565e9a7338-groupManagement] INFO  server.RaftServerConfigKeys (ConfUtils.java:logGet(46)) - raft.server.log.appender.buffer.byte-limit = 8388608 (custom)
2024-04-23 19:59:44,696 [ece5501e-2183-421f-b873-7b565e9a7338-groupManagement] INFO  util.AwaitToRun (AwaitToRun.java:start(81)) - Thread[ece5501e-2183-421f-b873-7b565e9a7338@group-37EB9C4B86BD-cacheEviction-AwaitToRun,5,main] started
2024-04-23 19:59:44,696 [ece5501e-2183-421f-b873-7b565e9a7338-groupManagement] INFO  segmented.SegmentedRaftLogWorker (SegmentedRaftLogWorker.java:<init>(182)) - new ece5501e-2183-421f-b873-7b565e9a7338@group-37EB9C4B86BD-SegmentedRaftLogWorker for RaftStorageImpl:Storage Directory /home/runner/work/ozone/ozone/hadoop-ozone/integration-test/target/test-dir/MiniOzoneClusterImpl-d857b234-8aec-441a-a9c9-a34f2a008b14/ozone-meta/datanode-8/ratis/eb039608-97f3-41e2-92b2-37eb9c4b86bd
2024-04-23 19:59:44,696 [ece5501e-2183-421f-b873-7b565e9a7338-groupManagement] INFO  server.RaftServerConfigKeys (ConfUtils.java:logGet(46)) - raft.server.log.queue.byte-limit = 4294967296 (custom)
2024-04-23 19:59:44,696 [ece5501e-2183-421f-b873-7b565e9a7338-groupManagement] INFO  server.RaftServerConfigKeys (ConfUtils.java:logGet(46)) - raft.server.log.queue.element-limit = 1024 (custom)
2024-04-23 19:59:44,697 [ece5501e-2183-421f-b873-7b565e9a7338-groupManagement] INFO  server.RaftServerConfigKeys (ConfUtils.java:logGet(46)) - raft.server.log.segment.size.max = 67108864 (custom)
2024-04-23 19:59:44,697 [ece5501e-2183-421f-b873-7b565e9a7338-groupManagement] INFO  server.RaftServerConfigKeys (ConfUtils.java:logGet(46)) - raft.server.log.preallocated.size = 4194304 (custom)
2024-04-23 19:59:44,697 [ece5501e-2183-421f-b873-7b565e9a7338-groupManagement] INFO  server.RaftServerConfigKeys (ConfUtils.java:logGet(46)) - raft.server.log.force.sync.num = 128 (default)
2024-04-23 19:59:44,697 [ece5501e-2183-421f-b873-7b565e9a7338-groupManagement] INFO  server.RaftServerConfigKeys (ConfUtils.java:logGet(46)) - raft.server.log.statemachine.data.sync = true (default)
2024-04-23 19:59:44,697 [ece5501e-2183-421f-b873-7b565e9a7338-groupManagement] INFO  server.RaftServerConfigKeys (ConfUtils.java:logGet(46)) - raft.server.log.statemachine.data.sync.timeout = 10s (default)
2024-04-23 19:59:44,697 [ece5501e-2183-421f-b873-7b565e9a7338-groupManagement] INFO  server.RaftServerConfigKeys (ConfUtils.java:logGet(46)) - raft.server.log.statemachine.data.sync.timeout.retry = 30 (custom)
2024-04-23 19:59:44,697 [ece5501e-2183-421f-b873-7b565e9a7338-groupManagement] INFO  server.RaftServerConfigKeys (ConfUtils.java:logGet(46)) - raft.server.log.write.buffer.size = 8388616 (custom)
2024-04-23 19:59:44,698 [ece5501e-2183-421f-b873-7b565e9a7338-groupManagement] INFO  server.RaftServerConfigKeys (ConfUtils.java:logGet(46)) - raft.server.log.appender.buffer.byte-limit = 8388608 (custom)
2024-04-23 19:59:44,698 [ece5501e-2183-421f-b873-7b565e9a7338-groupManagement] INFO  server.RaftServerConfigKeys (ConfUtils.java:logGet(46)) - raft.server.log.unsafe-flush.enabled = false (default)
2024-04-23 19:59:44,699 [ece5501e-2183-421f-b873-7b565e9a7338-groupManagement] INFO  server.RaftServerConfigKeys (ConfUtils.java:logGet(46)) - raft.server.log.async-flush.enabled = false (default)
2024-04-23 19:59:44,699 [ece5501e-2183-421f-b873-7b565e9a7338-groupManagement] INFO  server.RaftServerConfigKeys (ConfUtils.java:logGet(46)) - raft.server.log.statemachine.data.caching.enabled = true (custom)
2024-04-23 19:59:44,699 [ece5501e-2183-421f-b873-7b565e9a7338-groupManagement] INFO  segmented.SegmentedRaftLogWorker (SegmentedRaftLogWorker.java:lambda$new$0(134)) - ece5501e-2183-421f-b873-7b565e9a7338@group-37EB9C4B86BD-SegmentedRaftLogWorker: flushIndex: setUnconditionally 0 -> -1
2024-04-23 19:59:44,699 [ece5501e-2183-421f-b873-7b565e9a7338-groupManagement] INFO  segmented.SegmentedRaftLogWorker (SegmentedRaftLogWorker.java:lambda$new$0(134)) - ece5501e-2183-421f-b873-7b565e9a7338@group-37EB9C4B86BD-SegmentedRaftLogWorker: safeCacheEvictIndex: setUnconditionally 0 -> -1
2024-04-23 19:59:44,699 [ece5501e-2183-421f-b873-7b565e9a7338-groupManagement] INFO  server.RaftServer$Division (RaftServerImpl.java:start(396)) - ece5501e-2183-421f-b873-7b565e9a7338@group-37EB9C4B86BD: start as a follower, conf=-1: peers:[ece5501e-2183-421f-b873-7b565e9a7338|10.1.0.27:15344, 05887e99-236b-4e3f-9ff6-c32e887d273e|10.1.0.27:15353, 7f4a6f89-87eb-42cc-a636-bf60fe9cf75e|10.1.0.27:15335]|listeners:[], old=null
2024-04-23 19:59:44,699 [ece5501e-2183-421f-b873-7b565e9a7338-groupManagement] INFO  server.RaftServer$Division (RaftServerImpl.java:setRole(383)) - ece5501e-2183-421f-b873-7b565e9a7338@group-37EB9C4B86BD: changes role from      null to FOLLOWER at term 0 for startAsFollower
2024-04-23 19:59:44,699 [ece5501e-2183-421f-b873-7b565e9a7338-groupManagement] INFO  impl.RoleInfo (RoleInfo.java:updateAndGet(139)) - ece5501e-2183-421f-b873-7b565e9a7338: start ece5501e-2183-421f-b873-7b565e9a7338@group-37EB9C4B86BD-FollowerState
2024-04-23 19:59:44,699 [ece5501e-2183-421f-b873-7b565e9a7338@group-37EB9C4B86BD-FollowerState] INFO  server.RaftServerConfigKeys (ConfUtils.java:logFallback(53)) - raft.server.rpc.first-election.timeout.min = 5s (fallback to raft.server.rpc.timeout.min)
2024-04-23 19:59:44,699 [ece5501e-2183-421f-b873-7b565e9a7338-groupManagement] INFO  util.JmxRegister (JmxRegister.java:tryRegister(44)) - Successfully registered JMX Bean with object name Ratis:service=RaftServer,group=group-37EB9C4B86BD,id=ece5501e-2183-421f-b873-7b565e9a7338
2024-04-23 19:59:44,700 [ece5501e-2183-421f-b873-7b565e9a7338-groupManagement] INFO  server.RaftServerConfigKeys (ConfUtils.java:logGet(46)) - raft.server.snapshot.trigger-when-stop.enabled = true (default)
2024-04-23 19:59:44,700 [ece5501e-2183-421f-b873-7b565e9a7338-groupManagement] INFO  server.RaftServerConfigKeys (ConfUtils.java:logGet(46)) - raft.server.snapshot.auto.trigger.enabled = true (custom)
2024-04-23 19:59:44,700 [ece5501e-2183-421f-b873-7b565e9a7338-groupManagement] INFO  server.RaftServerConfigKeys (ConfUtils.java:logGet(46)) - raft.server.snapshot.auto.trigger.threshold = 10000 (custom)
2024-04-23 19:59:44,700 [ece5501e-2183-421f-b873-7b565e9a7338-groupManagement] INFO  server.RaftServerConfigKeys (ConfUtils.java:logGet(46)) - raft.server.snapshot.retention.file.num = 5 (custom)
2024-04-23 19:59:44,700 [ece5501e-2183-421f-b873-7b565e9a7338-groupManagement] INFO  server.RaftServerConfigKeys (ConfUtils.java:logGet(46)) - raft.server.log.purge.upto.snapshot.index = false (default)
2024-04-23 19:59:44,699 [ece5501e-2183-421f-b873-7b565e9a7338@group-37EB9C4B86BD-FollowerState] INFO  server.RaftServerConfigKeys (ConfUtils.java:logFallback(53)) - raft.server.rpc.first-election.timeout.max = 5200ms (fallback to raft.server.rpc.timeout.max)
2024-04-23 19:59:44,709 [grpc-default-executor-0] INFO  server.RaftServer (RaftServerProxy.java:addNew(100)) - 05887e99-236b-4e3f-9ff6-c32e887d273e: addNew group-37EB9C4B86BD:[ece5501e-2183-421f-b873-7b565e9a7338|10.1.0.27:15344, 05887e99-236b-4e3f-9ff6-c32e887d273e|10.1.0.27:15353, 7f4a6f89-87eb-42cc-a636-bf60fe9cf75e|10.1.0.27:15335] returns group-37EB9C4B86BD:java.util.concurrent.CompletableFuture@5d805e2[Not completed]
2024-04-23 19:59:44,709 [05887e99-236b-4e3f-9ff6-c32e887d273e-groupManagement] INFO  server.RaftServer$Division (RaftServerImpl.java:<init>(256)) - 05887e99-236b-4e3f-9ff6-c32e887d273e: new RaftServerImpl for group-37EB9C4B86BD:[ece5501e-2183-421f-b873-7b565e9a7338|10.1.0.27:15344, 05887e99-236b-4e3f-9ff6-c32e887d273e|10.1.0.27:15353, 7f4a6f89-87eb-42cc-a636-bf60fe9cf75e|10.1.0.27:15335] with ContainerStateMachine:uninitialized
2024-04-23 19:59:44,710 [05887e99-236b-4e3f-9ff6-c32e887d273e-groupManagement] INFO  server.RaftServerConfigKeys (ConfUtils.java:logGet(46)) - raft.server.rpc.timeout.min = 5s (custom)
2024-04-23 19:59:44,710 [05887e99-236b-4e3f-9ff6-c32e887d273e-groupManagement] INFO  server.RaftServerConfigKeys (ConfUtils.java:logGet(46)) - raft.server.rpc.timeout.max = 5200ms (custom)
2024-04-23 19:59:44,710 [05887e99-236b-4e3f-9ff6-c32e887d273e-groupManagement] INFO  server.RaftServerConfigKeys (ConfUtils.java:logGet(46)) - raft.server.rpc.sleep.time = 25ms (default)
2024-04-23 19:59:44,710 [05887e99-236b-4e3f-9ff6-c32e887d273e-groupManagement] INFO  server.RaftServerConfigKeys (ConfUtils.java:logGet(46)) - raft.server.rpc.slowness.timeout = 300000ms (custom)
2024-04-23 19:59:44,710 [05887e99-236b-4e3f-9ff6-c32e887d273e-groupManagement] INFO  server.RaftServerConfigKeys (ConfUtils.java:logGet(46)) - raft.server.leaderelection.leader.step-down.wait-time = 10s (default)
2024-04-23 19:59:44,710 [05887e99-236b-4e3f-9ff6-c32e887d273e-groupManagement] INFO  server.RaftServerConfigKeys (ConfUtils.java:logGet(46)) - raft.server.leaderelection.member.majority-add = false (default)
2024-04-23 19:59:44,710 [05887e99-236b-4e3f-9ff6-c32e887d273e-groupManagement] INFO  server.RaftServerConfigKeys (ConfUtils.java:logGet(46)) - raft.server.sleep.deviation.threshold = 300ms (default)
2024-04-23 19:59:44,710 [05887e99-236b-4e3f-9ff6-c32e887d273e-groupManagement] INFO  server.RaftServer$Division (ServerState.java:<init>(113)) - 05887e99-236b-4e3f-9ff6-c32e887d273e@group-37EB9C4B86BD: ConfigurationManager, init=-1: peers:[ece5501e-2183-421f-b873-7b565e9a7338|10.1.0.27:15344, 05887e99-236b-4e3f-9ff6-c32e887d273e|10.1.0.27:15353, 7f4a6f89-87eb-42cc-a636-bf60fe9cf75e|10.1.0.27:15335]|listeners:[], old=null, confs=<EMPTY_MAP>
2024-04-23 19:59:44,710 [05887e99-236b-4e3f-9ff6-c32e887d273e-groupManagement] INFO  server.RaftServerConfigKeys (ConfUtils.java:logGet(46)) - raft.server.notification.no-leader.timeout = 300000ms (custom)
2024-04-23 19:59:44,710 [05887e99-236b-4e3f-9ff6-c32e887d273e-groupManagement] INFO  server.RaftServerConfigKeys (ConfUtils.java:logGet(46)) - raft.server.read.timeout = 10s (default)
2024-04-23 19:59:44,710 [05887e99-236b-4e3f-9ff6-c32e887d273e-groupManagement] INFO  server.RaftServerConfigKeys (ConfUtils.java:logGet(46)) - raft.server.retrycache.expirytime = 600000ms (custom)
2024-04-23 19:59:44,710 [05887e99-236b-4e3f-9ff6-c32e887d273e-groupManagement] INFO  server.RaftServerConfigKeys (ConfUtils.java:logGet(46)) - raft.server.retrycache.statistics.expirytime = 100ms (default)
2024-04-23 19:59:44,710 [05887e99-236b-4e3f-9ff6-c32e887d273e-groupManagement] INFO  server.RaftServerConfigKeys (ConfUtils.java:logGet(46)) - raft.server.read.option = DEFAULT (default)
2024-04-23 19:59:44,710 [05887e99-236b-4e3f-9ff6-c32e887d273e-groupManagement] INFO  server.RaftServerConfigKeys (ConfUtils.java:logGet(46)) - raft.server.read.read-after-write-consistent.write-index-cache.expiry-time = 60s (default)
2024-04-23 19:59:44,715 [05887e99-236b-4e3f-9ff6-c32e887d273e-groupManagement] INFO  server.RaftServerConfigKeys (ConfUtils.java:logGet(46)) - raft.server.rpc.request.timeout = 3000ms (default)
2024-04-23 19:59:44,716 [05887e99-236b-4e3f-9ff6-c32e887d273e-groupManagement] INFO  server.RaftServerConfigKeys (ConfUtils.java:logGet(46)) - raft.server.log.appender.install.snapshot.enabled = false (custom)
2024-04-23 19:59:44,716 [05887e99-236b-4e3f-9ff6-c32e887d273e-groupManagement] INFO  server.RaftServerConfigKeys (ConfUtils.java:logGet(46)) - raft.server.threadpool.server.cached = true (default)
2024-04-23 19:59:44,716 [05887e99-236b-4e3f-9ff6-c32e887d273e-groupManagement] INFO  server.RaftServerConfigKeys (ConfUtils.java:logGet(46)) - raft.server.threadpool.server.size = 0 (default)
2024-04-23 19:59:44,716 [05887e99-236b-4e3f-9ff6-c32e887d273e-groupManagement] INFO  server.RaftServerConfigKeys (ConfUtils.java:logGet(46)) - raft.server.threadpool.client.cached = true (default)
2024-04-23 19:59:44,716 [05887e99-236b-4e3f-9ff6-c32e887d273e-groupManagement] INFO  server.RaftServerConfigKeys (ConfUtils.java:logGet(46)) - raft.server.threadpool.client.size = 0 (default)
2024-04-23 19:59:44,716 [05887e99-236b-4e3f-9ff6-c32e887d273e-groupManagement] INFO  server.RaftServerConfigKeys (ConfUtils.java:logGet(46)) - raft.server.storage.free-space.min = 0MB (=0) (default)
2024-04-23 19:59:44,716 [05887e99-236b-4e3f-9ff6-c32e887d273e-groupManagement] INFO  server.RaftServerConfigKeys (ConfUtils.java:logGet(46)) - raft.server.log.corruption.policy = EXCEPTION (default)
2024-04-23 19:59:44,716 [05887e99-236b-4e3f-9ff6-c32e887d273e-groupManagement] INFO  server.RaftServerConfigKeys (ConfUtils.java:logGet(46)) - raft.server.storage.dir = [/home/runner/work/ozone/ozone/hadoop-ozone/integration-test/target/test-dir/MiniOzoneClusterImpl-d857b234-8aec-441a-a9c9-a34f2a008b14/ozone-meta/datanode-9/ratis] (custom)
2024-04-23 19:59:44,716 [05887e99-236b-4e3f-9ff6-c32e887d273e-groupManagement] INFO  storage.RaftStorageDirectory (RaftStorageDirectoryImpl.java:analyzeStorage(138)) - The storage directory /home/runner/work/ozone/ozone/hadoop-ozone/integration-test/target/test-dir/MiniOzoneClusterImpl-d857b234-8aec-441a-a9c9-a34f2a008b14/ozone-meta/datanode-9/ratis/eb039608-97f3-41e2-92b2-37eb9c4b86bd does not exist. Creating ...
2024-04-23 19:59:44,717 [05887e99-236b-4e3f-9ff6-c32e887d273e-groupManagement] INFO  storage.RaftStorageDirectory (RaftStorageDirectoryImpl.java:tryLock(228)) - Lock on /home/runner/work/ozone/ozone/hadoop-ozone/integration-test/target/test-dir/MiniOzoneClusterImpl-d857b234-8aec-441a-a9c9-a34f2a008b14/ozone-meta/datanode-9/ratis/eb039608-97f3-41e2-92b2-37eb9c4b86bd/in_use.lock acquired by nodename 20519@fv-az1496-552
2024-04-23 19:59:44,718 [05887e99-236b-4e3f-9ff6-c32e887d273e-groupManagement] INFO  storage.RaftStorage (RaftStorageImpl.java:format(99)) - Storage directory /home/runner/work/ozone/ozone/hadoop-ozone/integration-test/target/test-dir/MiniOzoneClusterImpl-d857b234-8aec-441a-a9c9-a34f2a008b14/ozone-meta/datanode-9/ratis/eb039608-97f3-41e2-92b2-37eb9c4b86bd has been successfully formatted.
2024-04-23 19:59:44,718 [05887e99-236b-4e3f-9ff6-c32e887d273e-groupManagement] WARN  util.FileUtils (LogUtils.java:supplyAndLog(63)) - Failed to Files.newInputStream /home/runner/work/ozone/ozone/hadoop-ozone/integration-test/target/test-dir/MiniOzoneClusterImpl-d857b234-8aec-441a-a9c9-a34f2a008b14/ozone-meta/datanode-9/ratis/eb039608-97f3-41e2-92b2-37eb9c4b86bd/current/raft-meta.conf with options []: java.nio.file.NoSuchFileException: /home/runner/work/ozone/ozone/hadoop-ozone/integration-test/target/test-dir/MiniOzoneClusterImpl-d857b234-8aec-441a-a9c9-a34f2a008b14/ozone-meta/datanode-9/ratis/eb039608-97f3-41e2-92b2-37eb9c4b86bd/current/raft-meta.conf
2024-04-23 19:59:44,721 [05887e99-236b-4e3f-9ff6-c32e887d273e-groupManagement] INFO  ratis.ContainerStateMachine (ContainerStateMachine.java:loadSnapshot(287)) - group-37EB9C4B86BD: The snapshot info is null. Setting the last applied index to:(t:0, i:~)
2024-04-23 19:59:44,721 [05887e99-236b-4e3f-9ff6-c32e887d273e-groupManagement] INFO  server.RaftServerConfigKeys (ConfUtils.java:logGet(46)) - raft.server.log.use.memory = false (default)
2024-04-23 19:59:44,721 [05887e99-236b-4e3f-9ff6-c32e887d273e-groupManagement] INFO  server.RaftServerConfigKeys (ConfUtils.java:logGet(46)) - raft.server.log.purge.gap = 1000000 (custom)
2024-04-23 19:59:44,722 [05887e99-236b-4e3f-9ff6-c32e887d273e-groupManagement] INFO  server.RaftServerConfigKeys (ConfUtils.java:logGet(46)) - raft.server.log.appender.buffer.byte-limit = 8388608 (custom)
2024-04-23 19:59:44,722 [05887e99-236b-4e3f-9ff6-c32e887d273e-groupManagement] INFO  server.RaftServerConfigKeys (ConfUtils.java:logGet(46)) - raft.server.log.statemachine.data.read.timeout = 1000ms (default)
2024-04-23 19:59:44,722 [05887e99-236b-4e3f-9ff6-c32e887d273e-groupManagement] INFO  server.RaftServerConfigKeys (ConfUtils.java:logGet(46)) - raft.server.log.purge.preservation.log.num = 0 (default)
2024-04-23 19:59:44,722 [ece5501e-2183-421f-b873-7b565e9a7338-PipelineCommandHandlerThread-0] INFO  server.RaftServer (RaftServerProxy.java:addNew(100)) - ece5501e-2183-421f-b873-7b565e9a7338: addNew group-E40B2AA211D6:[ece5501e-2183-421f-b873-7b565e9a7338|10.1.0.27:15344] returns group-E40B2AA211D6:java.util.concurrent.CompletableFuture@73abb4db[Not completed]
2024-04-23 19:59:44,723 [ece5501e-2183-421f-b873-7b565e9a7338-groupManagement] INFO  server.RaftServer$Division (RaftServerImpl.java:<init>(256)) - ece5501e-2183-421f-b873-7b565e9a7338: new RaftServerImpl for group-E40B2AA211D6:[ece5501e-2183-421f-b873-7b565e9a7338|10.1.0.27:15344] with ContainerStateMachine:uninitialized
2024-04-23 19:59:44,723 [05887e99-236b-4e3f-9ff6-c32e887d273e-groupManagement] INFO  server.RaftServerConfigKeys (ConfUtils.java:logGet(46)) - raft.server.log.segment.size.max = 67108864 (custom)
2024-04-23 19:59:44,723 [05887e99-236b-4e3f-9ff6-c32e887d273e-groupManagement] INFO  server.RaftServerConfigKeys (ConfUtils.java:logGet(46)) - raft.server.log.segment.cache.num.max = 2 (custom)
2024-04-23 19:59:44,723 [05887e99-236b-4e3f-9ff6-c32e887d273e-groupManagement] INFO  server.RaftServerConfigKeys (ConfUtils.java:logGet(46)) - raft.server.log.segment.cache.size.max = 200MB (=209715200) (default)
2024-04-23 19:59:44,723 [ece5501e-2183-421f-b873-7b565e9a7338-groupManagement] INFO  server.RaftServerConfigKeys (ConfUtils.java:logGet(46)) - raft.server.rpc.timeout.min = 5s (custom)
2024-04-23 19:59:44,724 [ece5501e-2183-421f-b873-7b565e9a7338-groupManagement] INFO  server.RaftServerConfigKeys (ConfUtils.java:logGet(46)) - raft.server.rpc.timeout.max = 5200ms (custom)
2024-04-23 19:59:44,724 [ece5501e-2183-421f-b873-7b565e9a7338-groupManagement] INFO  server.RaftServerConfigKeys (ConfUtils.java:logGet(46)) - raft.server.rpc.sleep.time = 25ms (default)
2024-04-23 19:59:44,724 [ece5501e-2183-421f-b873-7b565e9a7338-groupManagement] INFO  server.RaftServerConfigKeys (ConfUtils.java:logGet(46)) - raft.server.rpc.slowness.timeout = 300000ms (custom)
2024-04-23 19:59:44,724 [ece5501e-2183-421f-b873-7b565e9a7338-groupManagement] INFO  server.RaftServerConfigKeys (ConfUtils.java:logGet(46)) - raft.server.leaderelection.leader.step-down.wait-time = 10s (default)
2024-04-23 19:59:44,724 [ece5501e-2183-421f-b873-7b565e9a7338-groupManagement] INFO  server.RaftServerConfigKeys (ConfUtils.java:logGet(46)) - raft.server.leaderelection.member.majority-add = false (default)
2024-04-23 19:59:44,724 [ece5501e-2183-421f-b873-7b565e9a7338-groupManagement] INFO  server.RaftServerConfigKeys (ConfUtils.java:logGet(46)) - raft.server.sleep.deviation.threshold = 300ms (default)
2024-04-23 19:59:44,724 [ece5501e-2183-421f-b873-7b565e9a7338-groupManagement] INFO  server.RaftServer$Division (ServerState.java:<init>(113)) - ece5501e-2183-421f-b873-7b565e9a7338@group-E40B2AA211D6: ConfigurationManager, init=-1: peers:[ece5501e-2183-421f-b873-7b565e9a7338|10.1.0.27:15344]|listeners:[], old=null, confs=<EMPTY_MAP>
2024-04-23 19:59:44,724 [ece5501e-2183-421f-b873-7b565e9a7338-groupManagement] INFO  server.RaftServerConfigKeys (ConfUtils.java:logGet(46)) - raft.server.notification.no-leader.timeout = 300000ms (custom)
2024-04-23 19:59:44,724 [ece5501e-2183-421f-b873-7b565e9a7338-groupManagement] INFO  server.RaftServerConfigKeys (ConfUtils.java:logGet(46)) - raft.server.read.timeout = 10s (default)
2024-04-23 19:59:44,724 [ece5501e-2183-421f-b873-7b565e9a7338-groupManagement] INFO  server.RaftServerConfigKeys (ConfUtils.java:logGet(46)) - raft.server.retrycache.expirytime = 600000ms (custom)
2024-04-23 19:59:44,724 [ece5501e-2183-421f-b873-7b565e9a7338-groupManagement] INFO  server.RaftServerConfigKeys (ConfUtils.java:logGet(46)) - raft.server.retrycache.statistics.expirytime = 100ms (default)
2024-04-23 19:59:44,724 [ece5501e-2183-421f-b873-7b565e9a7338-groupManagement] INFO  server.RaftServerConfigKeys (ConfUtils.java:logGet(46)) - raft.server.read.option = DEFAULT (default)
2024-04-23 19:59:44,724 [ece5501e-2183-421f-b873-7b565e9a7338-groupManagement] INFO  server.RaftServerConfigKeys (ConfUtils.java:logGet(46)) - raft.server.read.read-after-write-consistent.write-index-cache.expiry-time = 60s (default)
2024-04-23 19:59:44,725 [05887e99-236b-4e3f-9ff6-c32e887d273e-groupManagement] INFO  server.RaftServerConfigKeys (ConfUtils.java:logGet(46)) - raft.server.log.appender.buffer.byte-limit = 8388608 (custom)
2024-04-23 19:59:44,726 [ece5501e-2183-421f-b873-7b565e9a7338-groupManagement] INFO  server.RaftServerConfigKeys (ConfUtils.java:logGet(46)) - raft.server.rpc.request.timeout = 3000ms (default)
2024-04-23 19:59:44,726 [ece5501e-2183-421f-b873-7b565e9a7338-groupManagement] INFO  server.RaftServerConfigKeys (ConfUtils.java:logGet(46)) - raft.server.log.appender.install.snapshot.enabled = false (custom)
2024-04-23 19:59:44,726 [ece5501e-2183-421f-b873-7b565e9a7338-groupManagement] INFO  server.RaftServerConfigKeys (ConfUtils.java:logGet(46)) - raft.server.threadpool.server.cached = true (default)
2024-04-23 19:59:44,726 [ece5501e-2183-421f-b873-7b565e9a7338-groupManagement] INFO  server.RaftServerConfigKeys (ConfUtils.java:logGet(46)) - raft.server.threadpool.server.size = 0 (default)
2024-04-23 19:59:44,726 [ece5501e-2183-421f-b873-7b565e9a7338-groupManagement] INFO  server.RaftServerConfigKeys (ConfUtils.java:logGet(46)) - raft.server.threadpool.client.cached = true (default)
2024-04-23 19:59:44,726 [ece5501e-2183-421f-b873-7b565e9a7338-groupManagement] INFO  server.RaftServerConfigKeys (ConfUtils.java:logGet(46)) - raft.server.threadpool.client.size = 0 (default)
2024-04-23 19:59:44,726 [ece5501e-2183-421f-b873-7b565e9a7338-groupManagement] INFO  server.RaftServerConfigKeys (ConfUtils.java:logGet(46)) - raft.server.storage.free-space.min = 0MB (=0) (default)
2024-04-23 19:59:44,726 [ece5501e-2183-421f-b873-7b565e9a7338-groupManagement] INFO  server.RaftServerConfigKeys (ConfUtils.java:logGet(46)) - raft.server.log.corruption.policy = EXCEPTION (default)
2024-04-23 19:59:44,727 [ece5501e-2183-421f-b873-7b565e9a7338-groupManagement] INFO  server.RaftServerConfigKeys (ConfUtils.java:logGet(46)) - raft.server.storage.dir = [/home/runner/work/ozone/ozone/hadoop-ozone/integration-test/target/test-dir/MiniOzoneClusterImpl-d857b234-8aec-441a-a9c9-a34f2a008b14/ozone-meta/datanode-8/ratis] (custom)
2024-04-23 19:59:44,727 [ece5501e-2183-421f-b873-7b565e9a7338-groupManagement] INFO  storage.RaftStorageDirectory (RaftStorageDirectoryImpl.java:analyzeStorage(138)) - The storage directory /home/runner/work/ozone/ozone/hadoop-ozone/integration-test/target/test-dir/MiniOzoneClusterImpl-d857b234-8aec-441a-a9c9-a34f2a008b14/ozone-meta/datanode-8/ratis/8c625cd1-10f0-4ac6-a9b3-e40b2aa211d6 does not exist. Creating ...
2024-04-23 19:59:44,727 [05887e99-236b-4e3f-9ff6-c32e887d273e-groupManagement] INFO  util.AwaitToRun (AwaitToRun.java:start(81)) - Thread[05887e99-236b-4e3f-9ff6-c32e887d273e@group-37EB9C4B86BD-cacheEviction-AwaitToRun,5,main] started
2024-04-23 19:59:44,729 [05887e99-236b-4e3f-9ff6-c32e887d273e-groupManagement] INFO  segmented.SegmentedRaftLogWorker (SegmentedRaftLogWorker.java:<init>(182)) - new 05887e99-236b-4e3f-9ff6-c32e887d273e@group-37EB9C4B86BD-SegmentedRaftLogWorker for RaftStorageImpl:Storage Directory /home/runner/work/ozone/ozone/hadoop-ozone/integration-test/target/test-dir/MiniOzoneClusterImpl-d857b234-8aec-441a-a9c9-a34f2a008b14/ozone-meta/datanode-9/ratis/eb039608-97f3-41e2-92b2-37eb9c4b86bd
2024-04-23 19:59:44,729 [05887e99-236b-4e3f-9ff6-c32e887d273e-groupManagement] INFO  server.RaftServerConfigKeys (ConfUtils.java:logGet(46)) - raft.server.log.queue.byte-limit = 4294967296 (custom)
2024-04-23 19:59:44,730 [05887e99-236b-4e3f-9ff6-c32e887d273e-groupManagement] INFO  server.RaftServerConfigKeys (ConfUtils.java:logGet(46)) - raft.server.log.queue.element-limit = 1024 (custom)
2024-04-23 19:59:44,730 [05887e99-236b-4e3f-9ff6-c32e887d273e-groupManagement] INFO  server.RaftServerConfigKeys (ConfUtils.java:logGet(46)) - raft.server.log.segment.size.max = 67108864 (custom)
2024-04-23 19:59:44,730 [05887e99-236b-4e3f-9ff6-c32e887d273e-groupManagement] INFO  server.RaftServerConfigKeys (ConfUtils.java:logGet(46)) - raft.server.log.preallocated.size = 4194304 (custom)
2024-04-23 19:59:44,730 [05887e99-236b-4e3f-9ff6-c32e887d273e-groupManagement] INFO  server.RaftServerConfigKeys (ConfUtils.java:logGet(46)) - raft.server.log.force.sync.num = 128 (default)
2024-04-23 19:59:44,730 [05887e99-236b-4e3f-9ff6-c32e887d273e-groupManagement] INFO  server.RaftServerConfigKeys (ConfUtils.java:logGet(46)) - raft.server.log.statemachine.data.sync = true (default)
2024-04-23 19:59:44,730 [05887e99-236b-4e3f-9ff6-c32e887d273e-groupManagement] INFO  server.RaftServerConfigKeys (ConfUtils.java:logGet(46)) - raft.server.log.statemachine.data.sync.timeout = 10s (default)
2024-04-23 19:59:44,730 [05887e99-236b-4e3f-9ff6-c32e887d273e-groupManagement] INFO  server.RaftServerConfigKeys (ConfUtils.java:logGet(46)) - raft.server.log.statemachine.data.sync.timeout.retry = 30 (custom)
2024-04-23 19:59:44,730 [05887e99-236b-4e3f-9ff6-c32e887d273e-groupManagement] INFO  server.RaftServerConfigKeys (ConfUtils.java:logGet(46)) - raft.server.log.write.buffer.size = 8388616 (custom)
2024-04-23 19:59:44,731 [ece5501e-2183-421f-b873-7b565e9a7338-groupManagement] INFO  storage.RaftStorageDirectory (RaftStorageDirectoryImpl.java:tryLock(228)) - Lock on /home/runner/work/ozone/ozone/hadoop-ozone/integration-test/target/test-dir/MiniOzoneClusterImpl-d857b234-8aec-441a-a9c9-a34f2a008b14/ozone-meta/datanode-8/ratis/8c625cd1-10f0-4ac6-a9b3-e40b2aa211d6/in_use.lock acquired by nodename 20519@fv-az1496-552
2024-04-23 19:59:44,732 [ece5501e-2183-421f-b873-7b565e9a7338-groupManagement] INFO  storage.RaftStorage (RaftStorageImpl.java:format(99)) - Storage directory /home/runner/work/ozone/ozone/hadoop-ozone/integration-test/target/test-dir/MiniOzoneClusterImpl-d857b234-8aec-441a-a9c9-a34f2a008b14/ozone-meta/datanode-8/ratis/8c625cd1-10f0-4ac6-a9b3-e40b2aa211d6 has been successfully formatted.
2024-04-23 19:59:44,732 [05887e99-236b-4e3f-9ff6-c32e887d273e-groupManagement] INFO  server.RaftServerConfigKeys (ConfUtils.java:logGet(46)) - raft.server.log.appender.buffer.byte-limit = 8388608 (custom)
2024-04-23 19:59:44,732 [ece5501e-2183-421f-b873-7b565e9a7338-groupManagement] WARN  util.FileUtils (LogUtils.java:supplyAndLog(63)) - Failed to Files.newInputStream /home/runner/work/ozone/ozone/hadoop-ozone/integration-test/target/test-dir/MiniOzoneClusterImpl-d857b234-8aec-441a-a9c9-a34f2a008b14/ozone-meta/datanode-8/ratis/8c625cd1-10f0-4ac6-a9b3-e40b2aa211d6/current/raft-meta.conf with options []: java.nio.file.NoSuchFileException: /home/runner/work/ozone/ozone/hadoop-ozone/integration-test/target/test-dir/MiniOzoneClusterImpl-d857b234-8aec-441a-a9c9-a34f2a008b14/ozone-meta/datanode-8/ratis/8c625cd1-10f0-4ac6-a9b3-e40b2aa211d6/current/raft-meta.conf
2024-04-23 19:59:44,732 [05887e99-236b-4e3f-9ff6-c32e887d273e-groupManagement] INFO  server.RaftServerConfigKeys (ConfUtils.java:logGet(46)) - raft.server.log.unsafe-flush.enabled = false (default)
2024-04-23 19:59:44,732 [05887e99-236b-4e3f-9ff6-c32e887d273e-groupManagement] INFO  server.RaftServerConfigKeys (ConfUtils.java:logGet(46)) - raft.server.log.async-flush.enabled = false (default)
2024-04-23 19:59:44,732 [05887e99-236b-4e3f-9ff6-c32e887d273e-groupManagement] INFO  server.RaftServerConfigKeys (ConfUtils.java:logGet(46)) - raft.server.log.statemachine.data.caching.enabled = true (custom)
2024-04-23 19:59:44,732 [05887e99-236b-4e3f-9ff6-c32e887d273e-groupManagement] INFO  segmented.SegmentedRaftLogWorker (SegmentedRaftLogWorker.java:lambda$new$0(134)) - 05887e99-236b-4e3f-9ff6-c32e887d273e@group-37EB9C4B86BD-SegmentedRaftLogWorker: flushIndex: setUnconditionally 0 -> -1
2024-04-23 19:59:44,732 [05887e99-236b-4e3f-9ff6-c32e887d273e-groupManagement] INFO  segmented.SegmentedRaftLogWorker (SegmentedRaftLogWorker.java:lambda$new$0(134)) - 05887e99-236b-4e3f-9ff6-c32e887d273e@group-37EB9C4B86BD-SegmentedRaftLogWorker: safeCacheEvictIndex: setUnconditionally 0 -> -1
2024-04-23 19:59:44,733 [ece5501e-2183-421f-b873-7b565e9a7338-groupManagement] INFO  ratis.ContainerStateMachine (ContainerStateMachine.java:loadSnapshot(287)) - group-E40B2AA211D6: The snapshot info is null. Setting the last applied index to:(t:0, i:~)
2024-04-23 19:59:44,733 [ece5501e-2183-421f-b873-7b565e9a7338-groupManagement] INFO  server.RaftServerConfigKeys (ConfUtils.java:logGet(46)) - raft.server.log.use.memory = false (default)
2024-04-23 19:59:44,733 [ece5501e-2183-421f-b873-7b565e9a7338-groupManagement] INFO  server.RaftServerConfigKeys (ConfUtils.java:logGet(46)) - raft.server.log.purge.gap = 1000000 (custom)
2024-04-23 19:59:44,733 [ece5501e-2183-421f-b873-7b565e9a7338-groupManagement] INFO  server.RaftServerConfigKeys (ConfUtils.java:logGet(46)) - raft.server.log.appender.buffer.byte-limit = 8388608 (custom)
2024-04-23 19:59:44,733 [ece5501e-2183-421f-b873-7b565e9a7338-groupManagement] INFO  server.RaftServerConfigKeys (ConfUtils.java:logGet(46)) - raft.server.log.statemachine.data.read.timeout = 1000ms (default)
2024-04-23 19:59:44,733 [ece5501e-2183-421f-b873-7b565e9a7338-groupManagement] INFO  server.RaftServerConfigKeys (ConfUtils.java:logGet(46)) - raft.server.log.purge.preservation.log.num = 0 (default)
2024-04-23 19:59:44,734 [ece5501e-2183-421f-b873-7b565e9a7338-groupManagement] INFO  server.RaftServerConfigKeys (ConfUtils.java:logGet(46)) - raft.server.log.segment.size.max = 67108864 (custom)
2024-04-23 19:59:44,734 [EventQueue-PipelineReportForPipelineReportHandler] INFO  pipeline.PipelineReportHandler (PipelineReportHandler.java:processPipelineReport(136)) - Opened pipeline PipelineID=8c625cd1-10f0-4ac6-a9b3-e40b2aa211d6
2024-04-23 19:59:44,735 [EventQueue-OpenPipelineForHealthyPipelineSafeModeRule] INFO  safemode.SCMSafeModeManager (HealthyPipelineSafeModeRule.java:process(140)) - SCM in safe mode. Healthy pipelines reported count is 0, required healthy pipeline reported count is 1
2024-04-23 19:59:44,735 [ece5501e-2183-421f-b873-7b565e9a7338-groupManagement] INFO  server.RaftServerConfigKeys (ConfUtils.java:logGet(46)) - raft.server.log.segment.cache.num.max = 2 (custom)
2024-04-23 19:59:44,735 [ece5501e-2183-421f-b873-7b565e9a7338-groupManagement] INFO  server.RaftServerConfigKeys (ConfUtils.java:logGet(46)) - raft.server.log.segment.cache.size.max = 200MB (=209715200) (default)
2024-04-23 19:59:44,735 [ece5501e-2183-421f-b873-7b565e9a7338-groupManagement] INFO  server.RaftServerConfigKeys (ConfUtils.java:logGet(46)) - raft.server.log.appender.buffer.byte-limit = 8388608 (custom)
2024-04-23 19:59:44,736 [05887e99-236b-4e3f-9ff6-c32e887d273e-groupManagement] INFO  server.RaftServer$Division (RaftServerImpl.java:start(396)) - 05887e99-236b-4e3f-9ff6-c32e887d273e@group-37EB9C4B86BD: start as a follower, conf=-1: peers:[ece5501e-2183-421f-b873-7b565e9a7338|10.1.0.27:15344, 05887e99-236b-4e3f-9ff6-c32e887d273e|10.1.0.27:15353, 7f4a6f89-87eb-42cc-a636-bf60fe9cf75e|10.1.0.27:15335]|listeners:[], old=null
2024-04-23 19:59:44,736 [ece5501e-2183-421f-b873-7b565e9a7338-groupManagement] INFO  util.AwaitToRun (AwaitToRun.java:start(81)) - Thread[ece5501e-2183-421f-b873-7b565e9a7338@group-E40B2AA211D6-cacheEviction-AwaitToRun,5,main] started
2024-04-23 19:59:44,736 [05887e99-236b-4e3f-9ff6-c32e887d273e-groupManagement] INFO  server.RaftServer$Division (RaftServerImpl.java:setRole(383)) - 05887e99-236b-4e3f-9ff6-c32e887d273e@group-37EB9C4B86BD: changes role from      null to FOLLOWER at term 0 for startAsFollower
2024-04-23 19:59:44,736 [ece5501e-2183-421f-b873-7b565e9a7338-groupManagement] INFO  segmented.SegmentedRaftLogWorker (SegmentedRaftLogWorker.java:<init>(182)) - new ece5501e-2183-421f-b873-7b565e9a7338@group-E40B2AA211D6-SegmentedRaftLogWorker for RaftStorageImpl:Storage Directory /home/runner/work/ozone/ozone/hadoop-ozone/integration-test/target/test-dir/MiniOzoneClusterImpl-d857b234-8aec-441a-a9c9-a34f2a008b14/ozone-meta/datanode-8/ratis/8c625cd1-10f0-4ac6-a9b3-e40b2aa211d6
2024-04-23 19:59:44,736 [05887e99-236b-4e3f-9ff6-c32e887d273e-groupManagement] INFO  impl.RoleInfo (RoleInfo.java:updateAndGet(139)) - 05887e99-236b-4e3f-9ff6-c32e887d273e: start 05887e99-236b-4e3f-9ff6-c32e887d273e@group-37EB9C4B86BD-FollowerState
2024-04-23 19:59:44,736 [ece5501e-2183-421f-b873-7b565e9a7338-groupManagement] INFO  server.RaftServerConfigKeys (ConfUtils.java:logGet(46)) - raft.server.log.queue.byte-limit = 4294967296 (custom)
2024-04-23 19:59:44,736 [ece5501e-2183-421f-b873-7b565e9a7338-groupManagement] INFO  server.RaftServerConfigKeys (ConfUtils.java:logGet(46)) - raft.server.log.queue.element-limit = 1024 (custom)
2024-04-23 19:59:44,736 [ece5501e-2183-421f-b873-7b565e9a7338-groupManagement] INFO  server.RaftServerConfigKeys (ConfUtils.java:logGet(46)) - raft.server.log.segment.size.max = 67108864 (custom)
2024-04-23 19:59:44,736 [ece5501e-2183-421f-b873-7b565e9a7338-groupManagement] INFO  server.RaftServerConfigKeys (ConfUtils.java:logGet(46)) - raft.server.log.preallocated.size = 4194304 (custom)
2024-04-23 19:59:44,736 [ece5501e-2183-421f-b873-7b565e9a7338-groupManagement] INFO  server.RaftServerConfigKeys (ConfUtils.java:logGet(46)) - raft.server.log.force.sync.num = 128 (default)
2024-04-23 19:59:44,736 [ece5501e-2183-421f-b873-7b565e9a7338-groupManagement] INFO  server.RaftServerConfigKeys (ConfUtils.java:logGet(46)) - raft.server.log.statemachine.data.sync = true (default)
2024-04-23 19:59:44,736 [ece5501e-2183-421f-b873-7b565e9a7338-groupManagement] INFO  server.RaftServerConfigKeys (ConfUtils.java:logGet(46)) - raft.server.log.statemachine.data.sync.timeout = 10s (default)
2024-04-23 19:59:44,736 [ece5501e-2183-421f-b873-7b565e9a7338-groupManagement] INFO  server.RaftServerConfigKeys (ConfUtils.java:logGet(46)) - raft.server.log.statemachine.data.sync.timeout.retry = 30 (custom)
2024-04-23 19:59:44,737 [ece5501e-2183-421f-b873-7b565e9a7338-groupManagement] INFO  server.RaftServerConfigKeys (ConfUtils.java:logGet(46)) - raft.server.log.write.buffer.size = 8388616 (custom)
2024-04-23 19:59:44,737 [05887e99-236b-4e3f-9ff6-c32e887d273e-groupManagement] INFO  util.JmxRegister (JmxRegister.java:tryRegister(44)) - Successfully registered JMX Bean with object name Ratis:service=RaftServer,group=group-37EB9C4B86BD,id=05887e99-236b-4e3f-9ff6-c32e887d273e
2024-04-23 19:59:44,737 [05887e99-236b-4e3f-9ff6-c32e887d273e-groupManagement] INFO  server.RaftServerConfigKeys (ConfUtils.java:logGet(46)) - raft.server.snapshot.trigger-when-stop.enabled = true (default)
2024-04-23 19:59:44,737 [05887e99-236b-4e3f-9ff6-c32e887d273e-groupManagement] INFO  server.RaftServerConfigKeys (ConfUtils.java:logGet(46)) - raft.server.snapshot.auto.trigger.enabled = true (custom)
2024-04-23 19:59:44,737 [05887e99-236b-4e3f-9ff6-c32e887d273e-groupManagement] INFO  server.RaftServerConfigKeys (ConfUtils.java:logGet(46)) - raft.server.snapshot.auto.trigger.threshold = 10000 (custom)
2024-04-23 19:59:44,737 [05887e99-236b-4e3f-9ff6-c32e887d273e-groupManagement] INFO  server.RaftServerConfigKeys (ConfUtils.java:logGet(46)) - raft.server.snapshot.retention.file.num = 5 (custom)
2024-04-23 19:59:44,737 [05887e99-236b-4e3f-9ff6-c32e887d273e-groupManagement] INFO  server.RaftServerConfigKeys (ConfUtils.java:logGet(46)) - raft.server.log.purge.upto.snapshot.index = false (default)
2024-04-23 19:59:44,737 [05887e99-236b-4e3f-9ff6-c32e887d273e@group-37EB9C4B86BD-FollowerState] INFO  server.RaftServerConfigKeys (ConfUtils.java:logFallback(53)) - raft.server.rpc.first-election.timeout.min = 5s (fallback to raft.server.rpc.timeout.min)
2024-04-23 19:59:44,738 [05887e99-236b-4e3f-9ff6-c32e887d273e@group-37EB9C4B86BD-FollowerState] INFO  server.RaftServerConfigKeys (ConfUtils.java:logFallback(53)) - raft.server.rpc.first-election.timeout.max = 5200ms (fallback to raft.server.rpc.timeout.max)
2024-04-23 19:59:44,740 [ece5501e-2183-421f-b873-7b565e9a7338-groupManagement] INFO  server.RaftServerConfigKeys (ConfUtils.java:logGet(46)) - raft.server.log.appender.buffer.byte-limit = 8388608 (custom)
2024-04-23 19:59:44,740 [ece5501e-2183-421f-b873-7b565e9a7338-groupManagement] INFO  server.RaftServerConfigKeys (ConfUtils.java:logGet(46)) - raft.server.log.unsafe-flush.enabled = false (default)
2024-04-23 19:59:44,740 [ece5501e-2183-421f-b873-7b565e9a7338-groupManagement] INFO  server.RaftServerConfigKeys (ConfUtils.java:logGet(46)) - raft.server.log.async-flush.enabled = false (default)
2024-04-23 19:59:44,740 [ece5501e-2183-421f-b873-7b565e9a7338-groupManagement] INFO  server.RaftServerConfigKeys (ConfUtils.java:logGet(46)) - raft.server.log.statemachine.data.caching.enabled = true (custom)
2024-04-23 19:59:44,740 [ece5501e-2183-421f-b873-7b565e9a7338-groupManagement] INFO  segmented.SegmentedRaftLogWorker (SegmentedRaftLogWorker.java:lambda$new$0(134)) - ece5501e-2183-421f-b873-7b565e9a7338@group-E40B2AA211D6-SegmentedRaftLogWorker: flushIndex: setUnconditionally 0 -> -1
2024-04-23 19:59:44,740 [ece5501e-2183-421f-b873-7b565e9a7338-groupManagement] INFO  segmented.SegmentedRaftLogWorker (SegmentedRaftLogWorker.java:lambda$new$0(134)) - ece5501e-2183-421f-b873-7b565e9a7338@group-E40B2AA211D6-SegmentedRaftLogWorker: safeCacheEvictIndex: setUnconditionally 0 -> -1
2024-04-23 19:59:44,740 [ece5501e-2183-421f-b873-7b565e9a7338-groupManagement] INFO  server.RaftServer$Division (RaftServerImpl.java:start(396)) - ece5501e-2183-421f-b873-7b565e9a7338@group-E40B2AA211D6: start as a follower, conf=-1: peers:[ece5501e-2183-421f-b873-7b565e9a7338|10.1.0.27:15344]|listeners:[], old=null
2024-04-23 19:59:44,740 [ece5501e-2183-421f-b873-7b565e9a7338-groupManagement] INFO  server.RaftServer$Division (RaftServerImpl.java:setRole(383)) - ece5501e-2183-421f-b873-7b565e9a7338@group-E40B2AA211D6: changes role from      null to FOLLOWER at term 0 for startAsFollower
2024-04-23 19:59:44,741 [ece5501e-2183-421f-b873-7b565e9a7338-groupManagement] INFO  impl.RoleInfo (RoleInfo.java:updateAndGet(139)) - ece5501e-2183-421f-b873-7b565e9a7338: start ece5501e-2183-421f-b873-7b565e9a7338@group-E40B2AA211D6-FollowerState
2024-04-23 19:59:44,741 [ece5501e-2183-421f-b873-7b565e9a7338-groupManagement] INFO  util.JmxRegister (JmxRegister.java:tryRegister(44)) - Successfully registered JMX Bean with object name Ratis:service=RaftServer,group=group-E40B2AA211D6,id=ece5501e-2183-421f-b873-7b565e9a7338
2024-04-23 19:59:44,741 [ece5501e-2183-421f-b873-7b565e9a7338-groupManagement] INFO  server.RaftServerConfigKeys (ConfUtils.java:logGet(46)) - raft.server.snapshot.trigger-when-stop.enabled = true (default)
2024-04-23 19:59:44,741 [ece5501e-2183-421f-b873-7b565e9a7338-groupManagement] INFO  server.RaftServerConfigKeys (ConfUtils.java:logGet(46)) - raft.server.snapshot.auto.trigger.enabled = true (custom)
2024-04-23 19:59:44,741 [ece5501e-2183-421f-b873-7b565e9a7338-groupManagement] INFO  server.RaftServerConfigKeys (ConfUtils.java:logGet(46)) - raft.server.snapshot.auto.trigger.threshold = 10000 (custom)
2024-04-23 19:59:44,741 [ece5501e-2183-421f-b873-7b565e9a7338-groupManagement] INFO  server.RaftServerConfigKeys (ConfUtils.java:logGet(46)) - raft.server.snapshot.retention.file.num = 5 (custom)
2024-04-23 19:59:44,741 [ece5501e-2183-421f-b873-7b565e9a7338@group-E40B2AA211D6-FollowerState] INFO  server.RaftServerConfigKeys (ConfUtils.java:logFallback(53)) - raft.server.rpc.first-election.timeout.min = 5s (fallback to raft.server.rpc.timeout.min)
2024-04-23 19:59:44,741 [ece5501e-2183-421f-b873-7b565e9a7338-groupManagement] INFO  server.RaftServerConfigKeys (ConfUtils.java:logGet(46)) - raft.server.log.purge.upto.snapshot.index = false (default)
2024-04-23 19:59:44,743 [ece5501e-2183-421f-b873-7b565e9a7338@group-E40B2AA211D6-FollowerState] INFO  server.RaftServerConfigKeys (ConfUtils.java:logFallback(53)) - raft.server.rpc.first-election.timeout.max = 5200ms (fallback to raft.server.rpc.timeout.max)
2024-04-23 19:59:44,743 [ece5501e-2183-421f-b873-7b565e9a7338-PipelineCommandHandlerThread-0] INFO  ratis.XceiverServerRatis (XceiverServerRatis.java:addGroup(864)) - Created group PipelineID=8c625cd1-10f0-4ac6-a9b3-e40b2aa211d6
2024-04-23 19:59:44,743 [ece5501e-2183-421f-b873-7b565e9a7338-PipelineCommandHandlerThread-0] INFO  commandhandler.CreatePipelineCommandHandler (CreatePipelineCommandHandler.java:lambda$handle$2(124)) - Created Pipeline RATIS ONE PipelineID=8c625cd1-10f0-4ac6-a9b3-e40b2aa211d6.
2024-04-23 19:59:44,744 [7f4a6f89-87eb-42cc-a636-bf60fe9cf75e-PipelineCommandHandlerThread-0] INFO  commandhandler.CreatePipelineCommandHandler (CreatePipelineCommandHandler.java:lambda$handle$2(124)) - Created Pipeline RATIS THREE PipelineID=eb039608-97f3-41e2-92b2-37eb9c4b86bd.
2024-04-23 19:59:44,802 [05887e99-236b-4e3f-9ff6-c32e887d273e-PipelineCommandHandlerThread-0] INFO  server.RaftServer (RaftServerProxy.java:addNew(100)) - 05887e99-236b-4e3f-9ff6-c32e887d273e: addNew group-5416FE93BA9D:[05887e99-236b-4e3f-9ff6-c32e887d273e|10.1.0.27:15353] returns group-5416FE93BA9D:java.util.concurrent.CompletableFuture@26ddd964[Not completed]
2024-04-23 19:59:44,802 [main] INFO  ozone.MiniOzoneClusterImpl (MiniOzoneClusterImpl.java:lambda$waitForClusterToBeReady$0(194)) - Nodes are ready. Got 9 of 9 DN Heartbeats.
2024-04-23 19:59:44,802 [main] INFO  ozone.MiniOzoneClusterImpl (MiniOzoneClusterImpl.java:lambda$waitForClusterToBeReady$0(197)) - Waiting for cluster to exit safe mode
2024-04-23 19:59:44,802 [main] INFO  ozone.MiniOzoneClusterImpl (MiniOzoneClusterImpl.java:lambda$waitForClusterToBeReady$0(199)) - SCM became leader
2024-04-23 19:59:44,802 [05887e99-236b-4e3f-9ff6-c32e887d273e-groupManagement] INFO  server.RaftServer$Division (RaftServerImpl.java:<init>(256)) - 05887e99-236b-4e3f-9ff6-c32e887d273e: new RaftServerImpl for group-5416FE93BA9D:[05887e99-236b-4e3f-9ff6-c32e887d273e|10.1.0.27:15353] with ContainerStateMachine:uninitialized
2024-04-23 19:59:44,803 [05887e99-236b-4e3f-9ff6-c32e887d273e-groupManagement] INFO  server.RaftServerConfigKeys (ConfUtils.java:logGet(46)) - raft.server.rpc.timeout.min = 5s (custom)
2024-04-23 19:59:44,803 [05887e99-236b-4e3f-9ff6-c32e887d273e-groupManagement] INFO  server.RaftServerConfigKeys (ConfUtils.java:logGet(46)) - raft.server.rpc.timeout.max = 5200ms (custom)
2024-04-23 19:59:44,803 [05887e99-236b-4e3f-9ff6-c32e887d273e-groupManagement] INFO  server.RaftServerConfigKeys (ConfUtils.java:logGet(46)) - raft.server.rpc.sleep.time = 25ms (default)
2024-04-23 19:59:44,803 [05887e99-236b-4e3f-9ff6-c32e887d273e-groupManagement] INFO  server.RaftServerConfigKeys (ConfUtils.java:logGet(46)) - raft.server.rpc.slowness.timeout = 300000ms (custom)
2024-04-23 19:59:44,803 [05887e99-236b-4e3f-9ff6-c32e887d273e-groupManagement] INFO  server.RaftServerConfigKeys (ConfUtils.java:logGet(46)) - raft.server.leaderelection.leader.step-down.wait-time = 10s (default)
2024-04-23 19:59:44,803 [05887e99-236b-4e3f-9ff6-c32e887d273e-groupManagement] INFO  server.RaftServerConfigKeys (ConfUtils.java:logGet(46)) - raft.server.leaderelection.member.majority-add = false (default)
2024-04-23 19:59:44,803 [05887e99-236b-4e3f-9ff6-c32e887d273e-groupManagement] INFO  server.RaftServerConfigKeys (ConfUtils.java:logGet(46)) - raft.server.sleep.deviation.threshold = 300ms (default)
2024-04-23 19:59:44,803 [05887e99-236b-4e3f-9ff6-c32e887d273e-groupManagement] INFO  server.RaftServer$Division (ServerState.java:<init>(113)) - 05887e99-236b-4e3f-9ff6-c32e887d273e@group-5416FE93BA9D: ConfigurationManager, init=-1: peers:[05887e99-236b-4e3f-9ff6-c32e887d273e|10.1.0.27:15353]|listeners:[], old=null, confs=<EMPTY_MAP>
2024-04-23 19:59:44,803 [05887e99-236b-4e3f-9ff6-c32e887d273e-groupManagement] INFO  server.RaftServerConfigKeys (ConfUtils.java:logGet(46)) - raft.server.notification.no-leader.timeout = 300000ms (custom)
2024-04-23 19:59:44,803 [05887e99-236b-4e3f-9ff6-c32e887d273e-groupManagement] INFO  server.RaftServerConfigKeys (ConfUtils.java:logGet(46)) - raft.server.read.timeout = 10s (default)
2024-04-23 19:59:44,803 [05887e99-236b-4e3f-9ff6-c32e887d273e-groupManagement] INFO  server.RaftServerConfigKeys (ConfUtils.java:logGet(46)) - raft.server.retrycache.expirytime = 600000ms (custom)
2024-04-23 19:59:44,803 [05887e99-236b-4e3f-9ff6-c32e887d273e-groupManagement] INFO  server.RaftServerConfigKeys (ConfUtils.java:logGet(46)) - raft.server.retrycache.statistics.expirytime = 100ms (default)
2024-04-23 19:59:44,803 [05887e99-236b-4e3f-9ff6-c32e887d273e-groupManagement] INFO  server.RaftServerConfigKeys (ConfUtils.java:logGet(46)) - raft.server.read.option = DEFAULT (default)
2024-04-23 19:59:44,804 [05887e99-236b-4e3f-9ff6-c32e887d273e-groupManagement] INFO  server.RaftServerConfigKeys (ConfUtils.java:logGet(46)) - raft.server.read.read-after-write-consistent.write-index-cache.expiry-time = 60s (default)
2024-04-23 19:59:44,806 [05887e99-236b-4e3f-9ff6-c32e887d273e-groupManagement] INFO  server.RaftServerConfigKeys (ConfUtils.java:logGet(46)) - raft.server.rpc.request.timeout = 3000ms (default)
2024-04-23 19:59:44,806 [05887e99-236b-4e3f-9ff6-c32e887d273e-groupManagement] INFO  server.RaftServerConfigKeys (ConfUtils.java:logGet(46)) - raft.server.log.appender.install.snapshot.enabled = false (custom)
2024-04-23 19:59:44,806 [05887e99-236b-4e3f-9ff6-c32e887d273e-groupManagement] INFO  server.RaftServerConfigKeys (ConfUtils.java:logGet(46)) - raft.server.threadpool.server.cached = true (default)
2024-04-23 19:59:44,806 [05887e99-236b-4e3f-9ff6-c32e887d273e-groupManagement] INFO  server.RaftServerConfigKeys (ConfUtils.java:logGet(46)) - raft.server.threadpool.server.size = 0 (default)
2024-04-23 19:59:44,806 [05887e99-236b-4e3f-9ff6-c32e887d273e-groupManagement] INFO  server.RaftServerConfigKeys (ConfUtils.java:logGet(46)) - raft.server.threadpool.client.cached = true (default)
2024-04-23 19:59:44,806 [05887e99-236b-4e3f-9ff6-c32e887d273e-groupManagement] INFO  server.RaftServerConfigKeys (ConfUtils.java:logGet(46)) - raft.server.threadpool.client.size = 0 (default)
2024-04-23 19:59:44,806 [05887e99-236b-4e3f-9ff6-c32e887d273e-groupManagement] INFO  server.RaftServerConfigKeys (ConfUtils.java:logGet(46)) - raft.server.storage.free-space.min = 0MB (=0) (default)
2024-04-23 19:59:44,806 [05887e99-236b-4e3f-9ff6-c32e887d273e-groupManagement] INFO  server.RaftServerConfigKeys (ConfUtils.java:logGet(46)) - raft.server.log.corruption.policy = EXCEPTION (default)
2024-04-23 19:59:44,806 [05887e99-236b-4e3f-9ff6-c32e887d273e-groupManagement] INFO  server.RaftServerConfigKeys (ConfUtils.java:logGet(46)) - raft.server.storage.dir = [/home/runner/work/ozone/ozone/hadoop-ozone/integration-test/target/test-dir/MiniOzoneClusterImpl-d857b234-8aec-441a-a9c9-a34f2a008b14/ozone-meta/datanode-9/ratis] (custom)
2024-04-23 19:59:44,807 [05887e99-236b-4e3f-9ff6-c32e887d273e-groupManagement] INFO  storage.RaftStorageDirectory (RaftStorageDirectoryImpl.java:analyzeStorage(138)) - The storage directory /home/runner/work/ozone/ozone/hadoop-ozone/integration-test/target/test-dir/MiniOzoneClusterImpl-d857b234-8aec-441a-a9c9-a34f2a008b14/ozone-meta/datanode-9/ratis/97fdf238-1306-41e3-9424-5416fe93ba9d does not exist. Creating ...
2024-04-23 19:59:44,807 [05887e99-236b-4e3f-9ff6-c32e887d273e-groupManagement] INFO  storage.RaftStorageDirectory (RaftStorageDirectoryImpl.java:tryLock(228)) - Lock on /home/runner/work/ozone/ozone/hadoop-ozone/integration-test/target/test-dir/MiniOzoneClusterImpl-d857b234-8aec-441a-a9c9-a34f2a008b14/ozone-meta/datanode-9/ratis/97fdf238-1306-41e3-9424-5416fe93ba9d/in_use.lock acquired by nodename 20519@fv-az1496-552
2024-04-23 19:59:44,808 [05887e99-236b-4e3f-9ff6-c32e887d273e-groupManagement] INFO  storage.RaftStorage (RaftStorageImpl.java:format(99)) - Storage directory /home/runner/work/ozone/ozone/hadoop-ozone/integration-test/target/test-dir/MiniOzoneClusterImpl-d857b234-8aec-441a-a9c9-a34f2a008b14/ozone-meta/datanode-9/ratis/97fdf238-1306-41e3-9424-5416fe93ba9d has been successfully formatted.
2024-04-23 19:59:44,809 [05887e99-236b-4e3f-9ff6-c32e887d273e-groupManagement] WARN  util.FileUtils (LogUtils.java:supplyAndLog(63)) - Failed to Files.newInputStream /home/runner/work/ozone/ozone/hadoop-ozone/integration-test/target/test-dir/MiniOzoneClusterImpl-d857b234-8aec-441a-a9c9-a34f2a008b14/ozone-meta/datanode-9/ratis/97fdf238-1306-41e3-9424-5416fe93ba9d/current/raft-meta.conf with options []: java.nio.file.NoSuchFileException: /home/runner/work/ozone/ozone/hadoop-ozone/integration-test/target/test-dir/MiniOzoneClusterImpl-d857b234-8aec-441a-a9c9-a34f2a008b14/ozone-meta/datanode-9/ratis/97fdf238-1306-41e3-9424-5416fe93ba9d/current/raft-meta.conf
2024-04-23 19:59:44,809 [05887e99-236b-4e3f-9ff6-c32e887d273e-groupManagement] INFO  ratis.ContainerStateMachine (ContainerStateMachine.java:loadSnapshot(287)) - group-5416FE93BA9D: The snapshot info is null. Setting the last applied index to:(t:0, i:~)
2024-04-23 19:59:44,809 [05887e99-236b-4e3f-9ff6-c32e887d273e-groupManagement] INFO  server.RaftServerConfigKeys (ConfUtils.java:logGet(46)) - raft.server.log.use.memory = false (default)
2024-04-23 19:59:44,809 [05887e99-236b-4e3f-9ff6-c32e887d273e-groupManagement] INFO  server.RaftServerConfigKeys (ConfUtils.java:logGet(46)) - raft.server.log.purge.gap = 1000000 (custom)
2024-04-23 19:59:44,809 [05887e99-236b-4e3f-9ff6-c32e887d273e-groupManagement] INFO  server.RaftServerConfigKeys (ConfUtils.java:logGet(46)) - raft.server.log.appender.buffer.byte-limit = 8388608 (custom)
2024-04-23 19:59:44,809 [05887e99-236b-4e3f-9ff6-c32e887d273e-groupManagement] INFO  server.RaftServerConfigKeys (ConfUtils.java:logGet(46)) - raft.server.log.statemachine.data.read.timeout = 1000ms (default)
2024-04-23 19:59:44,809 [05887e99-236b-4e3f-9ff6-c32e887d273e-groupManagement] INFO  server.RaftServerConfigKeys (ConfUtils.java:logGet(46)) - raft.server.log.purge.preservation.log.num = 0 (default)
2024-04-23 19:59:44,810 [05887e99-236b-4e3f-9ff6-c32e887d273e-groupManagement] INFO  server.RaftServerConfigKeys (ConfUtils.java:logGet(46)) - raft.server.log.segment.size.max = 67108864 (custom)
2024-04-23 19:59:44,811 [05887e99-236b-4e3f-9ff6-c32e887d273e-groupManagement] INFO  server.RaftServerConfigKeys (ConfUtils.java:logGet(46)) - raft.server.log.segment.cache.num.max = 2 (custom)
2024-04-23 19:59:44,811 [05887e99-236b-4e3f-9ff6-c32e887d273e-groupManagement] INFO  server.RaftServerConfigKeys (ConfUtils.java:logGet(46)) - raft.server.log.segment.cache.size.max = 200MB (=209715200) (default)
2024-04-23 19:59:44,811 [05887e99-236b-4e3f-9ff6-c32e887d273e-groupManagement] INFO  server.RaftServerConfigKeys (ConfUtils.java:logGet(46)) - raft.server.log.appender.buffer.byte-limit = 8388608 (custom)
2024-04-23 19:59:44,812 [EventQueue-PipelineReportForPipelineReportHandler] INFO  pipeline.PipelineReportHandler (PipelineReportHandler.java:processPipelineReport(136)) - Opened pipeline PipelineID=97fdf238-1306-41e3-9424-5416fe93ba9d
2024-04-23 19:59:44,813 [05887e99-236b-4e3f-9ff6-c32e887d273e-groupManagement] INFO  util.AwaitToRun (AwaitToRun.java:start(81)) - Thread[05887e99-236b-4e3f-9ff6-c32e887d273e@group-5416FE93BA9D-cacheEviction-AwaitToRun,5,main] started
2024-04-23 19:59:44,813 [05887e99-236b-4e3f-9ff6-c32e887d273e-groupManagement] INFO  segmented.SegmentedRaftLogWorker (SegmentedRaftLogWorker.java:<init>(182)) - new 05887e99-236b-4e3f-9ff6-c32e887d273e@group-5416FE93BA9D-SegmentedRaftLogWorker for RaftStorageImpl:Storage Directory /home/runner/work/ozone/ozone/hadoop-ozone/integration-test/target/test-dir/MiniOzoneClusterImpl-d857b234-8aec-441a-a9c9-a34f2a008b14/ozone-meta/datanode-9/ratis/97fdf238-1306-41e3-9424-5416fe93ba9d
2024-04-23 19:59:44,813 [05887e99-236b-4e3f-9ff6-c32e887d273e-groupManagement] INFO  server.RaftServerConfigKeys (ConfUtils.java:logGet(46)) - raft.server.log.queue.byte-limit = 4294967296 (custom)
2024-04-23 19:59:44,813 [05887e99-236b-4e3f-9ff6-c32e887d273e-groupManagement] INFO  server.RaftServerConfigKeys (ConfUtils.java:logGet(46)) - raft.server.log.queue.element-limit = 1024 (custom)
2024-04-23 19:59:44,814 [EventQueue-OpenPipelineForHealthyPipelineSafeModeRule] INFO  safemode.SCMSafeModeManager (HealthyPipelineSafeModeRule.java:process(140)) - SCM in safe mode. Healthy pipelines reported count is 0, required healthy pipeline reported count is 1
2024-04-23 19:59:44,814 [05887e99-236b-4e3f-9ff6-c32e887d273e-groupManagement] INFO  server.RaftServerConfigKeys (ConfUtils.java:logGet(46)) - raft.server.log.segment.size.max = 67108864 (custom)
2024-04-23 19:59:44,814 [05887e99-236b-4e3f-9ff6-c32e887d273e-groupManagement] INFO  server.RaftServerConfigKeys (ConfUtils.java:logGet(46)) - raft.server.log.preallocated.size = 4194304 (custom)
2024-04-23 19:59:44,814 [05887e99-236b-4e3f-9ff6-c32e887d273e-groupManagement] INFO  server.RaftServerConfigKeys (ConfUtils.java:logGet(46)) - raft.server.log.force.sync.num = 128 (default)
2024-04-23 19:59:44,814 [05887e99-236b-4e3f-9ff6-c32e887d273e-groupManagement] INFO  server.RaftServerConfigKeys (ConfUtils.java:logGet(46)) - raft.server.log.statemachine.data.sync = true (default)
2024-04-23 19:59:44,814 [05887e99-236b-4e3f-9ff6-c32e887d273e-groupManagement] INFO  server.RaftServerConfigKeys (ConfUtils.java:logGet(46)) - raft.server.log.statemachine.data.sync.timeout = 10s (default)
2024-04-23 19:59:44,814 [05887e99-236b-4e3f-9ff6-c32e887d273e-groupManagement] INFO  server.RaftServerConfigKeys (ConfUtils.java:logGet(46)) - raft.server.log.statemachine.data.sync.timeout.retry = 30 (custom)
2024-04-23 19:59:44,814 [05887e99-236b-4e3f-9ff6-c32e887d273e-groupManagement] INFO  server.RaftServerConfigKeys (ConfUtils.java:logGet(46)) - raft.server.log.write.buffer.size = 8388616 (custom)
2024-04-23 19:59:44,816 [05887e99-236b-4e3f-9ff6-c32e887d273e-groupManagement] INFO  server.RaftServerConfigKeys (ConfUtils.java:logGet(46)) - raft.server.log.appender.buffer.byte-limit = 8388608 (custom)
2024-04-23 19:59:44,816 [05887e99-236b-4e3f-9ff6-c32e887d273e-groupManagement] INFO  server.RaftServerConfigKeys (ConfUtils.java:logGet(46)) - raft.server.log.unsafe-flush.enabled = false (default)
2024-04-23 19:59:44,816 [05887e99-236b-4e3f-9ff6-c32e887d273e-groupManagement] INFO  server.RaftServerConfigKeys (ConfUtils.java:logGet(46)) - raft.server.log.async-flush.enabled = false (default)
2024-04-23 19:59:44,816 [05887e99-236b-4e3f-9ff6-c32e887d273e-groupManagement] INFO  server.RaftServerConfigKeys (ConfUtils.java:logGet(46)) - raft.server.log.statemachine.data.caching.enabled = true (custom)
2024-04-23 19:59:44,816 [05887e99-236b-4e3f-9ff6-c32e887d273e-groupManagement] INFO  segmented.SegmentedRaftLogWorker (SegmentedRaftLogWorker.java:lambda$new$0(134)) - 05887e99-236b-4e3f-9ff6-c32e887d273e@group-5416FE93BA9D-SegmentedRaftLogWorker: flushIndex: setUnconditionally 0 -> -1
2024-04-23 19:59:44,816 [05887e99-236b-4e3f-9ff6-c32e887d273e-groupManagement] INFO  segmented.SegmentedRaftLogWorker (SegmentedRaftLogWorker.java:lambda$new$0(134)) - 05887e99-236b-4e3f-9ff6-c32e887d273e@group-5416FE93BA9D-SegmentedRaftLogWorker: safeCacheEvictIndex: setUnconditionally 0 -> -1
2024-04-23 19:59:44,816 [05887e99-236b-4e3f-9ff6-c32e887d273e-groupManagement] INFO  server.RaftServer$Division (RaftServerImpl.java:start(396)) - 05887e99-236b-4e3f-9ff6-c32e887d273e@group-5416FE93BA9D: start as a follower, conf=-1: peers:[05887e99-236b-4e3f-9ff6-c32e887d273e|10.1.0.27:15353]|listeners:[], old=null
2024-04-23 19:59:44,817 [05887e99-236b-4e3f-9ff6-c32e887d273e-groupManagement] INFO  server.RaftServer$Division (RaftServerImpl.java:setRole(383)) - 05887e99-236b-4e3f-9ff6-c32e887d273e@group-5416FE93BA9D: changes role from      null to FOLLOWER at term 0 for startAsFollower
2024-04-23 19:59:44,817 [05887e99-236b-4e3f-9ff6-c32e887d273e-groupManagement] INFO  impl.RoleInfo (RoleInfo.java:updateAndGet(139)) - 05887e99-236b-4e3f-9ff6-c32e887d273e: start 05887e99-236b-4e3f-9ff6-c32e887d273e@group-5416FE93BA9D-FollowerState
2024-04-23 19:59:44,819 [05887e99-236b-4e3f-9ff6-c32e887d273e@group-5416FE93BA9D-FollowerState] INFO  server.RaftServerConfigKeys (ConfUtils.java:logFallback(53)) - raft.server.rpc.first-election.timeout.min = 5s (fallback to raft.server.rpc.timeout.min)
2024-04-23 19:59:44,819 [05887e99-236b-4e3f-9ff6-c32e887d273e-groupManagement] INFO  util.JmxRegister (JmxRegister.java:tryRegister(44)) - Successfully registered JMX Bean with object name Ratis:service=RaftServer,group=group-5416FE93BA9D,id=05887e99-236b-4e3f-9ff6-c32e887d273e
2024-04-23 19:59:44,819 [05887e99-236b-4e3f-9ff6-c32e887d273e-groupManagement] INFO  server.RaftServerConfigKeys (ConfUtils.java:logGet(46)) - raft.server.snapshot.trigger-when-stop.enabled = true (default)
2024-04-23 19:59:44,819 [05887e99-236b-4e3f-9ff6-c32e887d273e-groupManagement] INFO  server.RaftServerConfigKeys (ConfUtils.java:logGet(46)) - raft.server.snapshot.auto.trigger.enabled = true (custom)
2024-04-23 19:59:44,819 [05887e99-236b-4e3f-9ff6-c32e887d273e-groupManagement] INFO  server.RaftServerConfigKeys (ConfUtils.java:logGet(46)) - raft.server.snapshot.auto.trigger.threshold = 10000 (custom)
2024-04-23 19:59:44,819 [05887e99-236b-4e3f-9ff6-c32e887d273e-groupManagement] INFO  server.RaftServerConfigKeys (ConfUtils.java:logGet(46)) - raft.server.snapshot.retention.file.num = 5 (custom)
2024-04-23 19:59:44,819 [05887e99-236b-4e3f-9ff6-c32e887d273e-groupManagement] INFO  server.RaftServerConfigKeys (ConfUtils.java:logGet(46)) - raft.server.log.purge.upto.snapshot.index = false (default)
2024-04-23 19:59:44,820 [05887e99-236b-4e3f-9ff6-c32e887d273e@group-5416FE93BA9D-FollowerState] INFO  server.RaftServerConfigKeys (ConfUtils.java:logFallback(53)) - raft.server.rpc.first-election.timeout.max = 5200ms (fallback to raft.server.rpc.timeout.max)
2024-04-23 19:59:44,820 [05887e99-236b-4e3f-9ff6-c32e887d273e-PipelineCommandHandlerThread-0] INFO  ratis.XceiverServerRatis (XceiverServerRatis.java:addGroup(864)) - Created group PipelineID=97fdf238-1306-41e3-9424-5416fe93ba9d
2024-04-23 19:59:44,820 [05887e99-236b-4e3f-9ff6-c32e887d273e-PipelineCommandHandlerThread-0] INFO  commandhandler.CreatePipelineCommandHandler (CreatePipelineCommandHandler.java:lambda$handle$2(124)) - Created Pipeline RATIS ONE PipelineID=97fdf238-1306-41e3-9424-5416fe93ba9d.
2024-04-23 19:59:45,803 [main] INFO  ozone.MiniOzoneClusterImpl (MiniOzoneClusterImpl.java:lambda$waitForClusterToBeReady$0(194)) - Nodes are ready. Got 9 of 9 DN Heartbeats.
2024-04-23 19:59:45,803 [main] INFO  ozone.MiniOzoneClusterImpl (MiniOzoneClusterImpl.java:lambda$waitForClusterToBeReady$0(197)) - Waiting for cluster to exit safe mode
2024-04-23 19:59:45,803 [main] INFO  ozone.MiniOzoneClusterImpl (MiniOzoneClusterImpl.java:lambda$waitForClusterToBeReady$0(199)) - SCM became leader
2024-04-23 19:59:46,803 [main] INFO  ozone.MiniOzoneClusterImpl (MiniOzoneClusterImpl.java:lambda$waitForClusterToBeReady$0(194)) - Nodes are ready. Got 9 of 9 DN Heartbeats.
2024-04-23 19:59:46,803 [main] INFO  ozone.MiniOzoneClusterImpl (MiniOzoneClusterImpl.java:lambda$waitForClusterToBeReady$0(197)) - Waiting for cluster to exit safe mode
2024-04-23 19:59:46,804 [main] INFO  ozone.MiniOzoneClusterImpl (MiniOzoneClusterImpl.java:lambda$waitForClusterToBeReady$0(199)) - SCM became leader
2024-04-23 19:59:47,804 [main] INFO  ozone.MiniOzoneClusterImpl (MiniOzoneClusterImpl.java:lambda$waitForClusterToBeReady$0(194)) - Nodes are ready. Got 9 of 9 DN Heartbeats.
2024-04-23 19:59:47,804 [main] INFO  ozone.MiniOzoneClusterImpl (MiniOzoneClusterImpl.java:lambda$waitForClusterToBeReady$0(197)) - Waiting for cluster to exit safe mode
2024-04-23 19:59:47,804 [main] INFO  ozone.MiniOzoneClusterImpl (MiniOzoneClusterImpl.java:lambda$waitForClusterToBeReady$0(199)) - SCM became leader
2024-04-23 19:59:48,804 [main] INFO  ozone.MiniOzoneClusterImpl (MiniOzoneClusterImpl.java:lambda$waitForClusterToBeReady$0(194)) - Nodes are ready. Got 9 of 9 DN Heartbeats.
2024-04-23 19:59:48,805 [main] INFO  ozone.MiniOzoneClusterImpl (MiniOzoneClusterImpl.java:lambda$waitForClusterToBeReady$0(197)) - Waiting for cluster to exit safe mode
2024-04-23 19:59:48,805 [main] INFO  ozone.MiniOzoneClusterImpl (MiniOzoneClusterImpl.java:lambda$waitForClusterToBeReady$0(199)) - SCM became leader
2024-04-23 19:59:49,351 [f13f88a1-11f3-4f35-9751-23eec4d236b9@group-916038891B0B-FollowerState] INFO  impl.FollowerState (FollowerState.java:run(143)) - f13f88a1-11f3-4f35-9751-23eec4d236b9@group-916038891B0B-FollowerState: change to CANDIDATE, lastRpcElapsedTime:5002527641ns, electionTimeout:5002ms
2024-04-23 19:59:49,351 [f13f88a1-11f3-4f35-9751-23eec4d236b9@group-916038891B0B-FollowerState] INFO  impl.RoleInfo (RoleInfo.java:shutdownFollowerState(110)) - f13f88a1-11f3-4f35-9751-23eec4d236b9: shutdown f13f88a1-11f3-4f35-9751-23eec4d236b9@group-916038891B0B-FollowerState
2024-04-23 19:59:49,351 [f13f88a1-11f3-4f35-9751-23eec4d236b9@group-916038891B0B-FollowerState] INFO  server.RaftServer$Division (RaftServerImpl.java:setRole(383)) - f13f88a1-11f3-4f35-9751-23eec4d236b9@group-916038891B0B: changes role from  FOLLOWER to CANDIDATE at term 0 for changeToCandidate
2024-04-23 19:59:49,351 [f13f88a1-11f3-4f35-9751-23eec4d236b9@group-916038891B0B-FollowerState] INFO  server.RaftServerConfigKeys (ConfUtils.java:logGet(46)) - raft.server.leaderelection.pre-vote = true (default)
2024-04-23 19:59:49,351 [f13f88a1-11f3-4f35-9751-23eec4d236b9@group-916038891B0B-FollowerState] INFO  impl.RoleInfo (RoleInfo.java:updateAndGet(139)) - f13f88a1-11f3-4f35-9751-23eec4d236b9: start f13f88a1-11f3-4f35-9751-23eec4d236b9@group-916038891B0B-LeaderElection49
2024-04-23 19:59:49,353 [f13f88a1-11f3-4f35-9751-23eec4d236b9@group-916038891B0B-LeaderElection49] INFO  impl.LeaderElection (LeaderElection.java:askForVotes(321)) - f13f88a1-11f3-4f35-9751-23eec4d236b9@group-916038891B0B-LeaderElection49 PRE_VOTE round 0: submit vote requests at term 0 for -1: peers:[7b3b87b1-ef59-40de-ba05-c120003f3778|10.1.0.27:15281, f13f88a1-11f3-4f35-9751-23eec4d236b9|10.1.0.27:15299, 77d21a36-b63d-4df7-892f-b483d98564d7|10.1.0.27:15290]|listeners:[], old=null
2024-04-23 19:59:49,353 [f13f88a1-11f3-4f35-9751-23eec4d236b9@group-916038891B0B-LeaderElection49-1] INFO  server.GrpcServerProtocolClient (GrpcServerProtocolClient.java:<init>(65)) - Build channel for 7b3b87b1-ef59-40de-ba05-c120003f3778|10.1.0.27:15281
2024-04-23 19:59:49,353 [f13f88a1-11f3-4f35-9751-23eec4d236b9@group-916038891B0B-LeaderElection49-2] INFO  server.GrpcServerProtocolClient (GrpcServerProtocolClient.java:<init>(65)) - Build channel for 77d21a36-b63d-4df7-892f-b483d98564d7|10.1.0.27:15290
2024-04-23 19:59:49,353 [f13f88a1-11f3-4f35-9751-23eec4d236b9@group-916038891B0B-LeaderElection49] INFO  server.RaftServerConfigKeys (ConfUtils.java:logFallback(53)) - raft.server.rpc.first-election.timeout.min = 5s (fallback to raft.server.rpc.timeout.min)
2024-04-23 19:59:49,354 [f13f88a1-11f3-4f35-9751-23eec4d236b9@group-916038891B0B-LeaderElection49] INFO  server.RaftServerConfigKeys (ConfUtils.java:logFallback(53)) - raft.server.rpc.first-election.timeout.max = 5200ms (fallback to raft.server.rpc.timeout.max)
2024-04-23 19:59:49,359 [grpc-default-executor-0] INFO  server.RaftServer$Division (RaftServerImpl.java:requestVote(1389)) - 77d21a36-b63d-4df7-892f-b483d98564d7@group-916038891B0B: receive requestVote(PRE_VOTE, f13f88a1-11f3-4f35-9751-23eec4d236b9, group-916038891B0B, 0, (t:0, i:0))
2024-04-23 19:59:49,359 [grpc-default-executor-1] INFO  server.RaftServer$Division (RaftServerImpl.java:requestVote(1389)) - 7b3b87b1-ef59-40de-ba05-c120003f3778@group-916038891B0B: receive requestVote(PRE_VOTE, f13f88a1-11f3-4f35-9751-23eec4d236b9, group-916038891B0B, 0, (t:0, i:0))
2024-04-23 19:59:49,359 [grpc-default-executor-1] INFO  impl.VoteContext (VoteContext.java:log(49)) - 7b3b87b1-ef59-40de-ba05-c120003f3778@group-916038891B0B-FOLLOWER: accept PRE_VOTE from f13f88a1-11f3-4f35-9751-23eec4d236b9: our priority 0 <= candidate's priority 0
2024-04-23 19:59:49,359 [grpc-default-executor-1] INFO  server.RaftServer$Division (RaftServerImpl.java:requestVote(1422)) - 7b3b87b1-ef59-40de-ba05-c120003f3778@group-916038891B0B replies to PRE_VOTE vote request: f13f88a1-11f3-4f35-9751-23eec4d236b9<-7b3b87b1-ef59-40de-ba05-c120003f3778#0:OK-t0. Peer's state: 7b3b87b1-ef59-40de-ba05-c120003f3778@group-916038891B0B:t0, leader=null, voted=, raftlog=Memoized:7b3b87b1-ef59-40de-ba05-c120003f3778@group-916038891B0B-SegmentedRaftLog:OPENED:c-1, conf=-1: peers:[7b3b87b1-ef59-40de-ba05-c120003f3778|10.1.0.27:15281, f13f88a1-11f3-4f35-9751-23eec4d236b9|10.1.0.27:15299, 77d21a36-b63d-4df7-892f-b483d98564d7|10.1.0.27:15290]|listeners:[], old=null
2024-04-23 19:59:49,359 [grpc-default-executor-0] INFO  impl.VoteContext (VoteContext.java:log(49)) - 77d21a36-b63d-4df7-892f-b483d98564d7@group-916038891B0B-FOLLOWER: reject PRE_VOTE from f13f88a1-11f3-4f35-9751-23eec4d236b9: our priority 1 > candidate's priority 0
2024-04-23 19:59:49,361 [grpc-default-executor-0] INFO  server.RaftServer$Division (RaftServerImpl.java:requestVote(1422)) - 77d21a36-b63d-4df7-892f-b483d98564d7@group-916038891B0B replies to PRE_VOTE vote request: f13f88a1-11f3-4f35-9751-23eec4d236b9<-77d21a36-b63d-4df7-892f-b483d98564d7#0:FAIL-t0. Peer's state: 77d21a36-b63d-4df7-892f-b483d98564d7@group-916038891B0B:t0, leader=null, voted=, raftlog=Memoized:77d21a36-b63d-4df7-892f-b483d98564d7@group-916038891B0B-SegmentedRaftLog:OPENED:c-1, conf=-1: peers:[7b3b87b1-ef59-40de-ba05-c120003f3778|10.1.0.27:15281, f13f88a1-11f3-4f35-9751-23eec4d236b9|10.1.0.27:15299, 77d21a36-b63d-4df7-892f-b483d98564d7|10.1.0.27:15290]|listeners:[], old=null
2024-04-23 19:59:49,361 [f13f88a1-11f3-4f35-9751-23eec4d236b9@group-916038891B0B-LeaderElection49] INFO  impl.LeaderElection (LeaderElection.java:logAndReturn(89)) - f13f88a1-11f3-4f35-9751-23eec4d236b9@group-916038891B0B-LeaderElection49: PRE_VOTE REJECTED received 2 response(s) and 0 exception(s):
2024-04-23 19:59:49,361 [f13f88a1-11f3-4f35-9751-23eec4d236b9@group-916038891B0B-LeaderElection49] INFO  impl.LeaderElection (LeaderElection.java:logAndReturn(93)) -   Response 0: f13f88a1-11f3-4f35-9751-23eec4d236b9<-7b3b87b1-ef59-40de-ba05-c120003f3778#0:OK-t0
2024-04-23 19:59:49,361 [f13f88a1-11f3-4f35-9751-23eec4d236b9@group-916038891B0B-LeaderElection49] INFO  impl.LeaderElection (LeaderElection.java:logAndReturn(93)) -   Response 1: f13f88a1-11f3-4f35-9751-23eec4d236b9<-77d21a36-b63d-4df7-892f-b483d98564d7#0:FAIL-t0
2024-04-23 19:59:49,362 [f13f88a1-11f3-4f35-9751-23eec4d236b9@group-916038891B0B-LeaderElection49] INFO  impl.LeaderElection (LeaderElection.java:askForVotes(323)) - f13f88a1-11f3-4f35-9751-23eec4d236b9@group-916038891B0B-LeaderElection49 PRE_VOTE round 0: result REJECTED
2024-04-23 19:59:49,362 [f13f88a1-11f3-4f35-9751-23eec4d236b9@group-916038891B0B-LeaderElection49] INFO  server.RaftServer$Division (RaftServerImpl.java:setRole(383)) - f13f88a1-11f3-4f35-9751-23eec4d236b9@group-916038891B0B: changes role from CANDIDATE to FOLLOWER at term 0 for REJECTED
2024-04-23 19:59:49,362 [f13f88a1-11f3-4f35-9751-23eec4d236b9@group-916038891B0B-LeaderElection49] INFO  impl.RoleInfo (RoleInfo.java:shutdownLeaderElection(130)) - f13f88a1-11f3-4f35-9751-23eec4d236b9: shutdown f13f88a1-11f3-4f35-9751-23eec4d236b9@group-916038891B0B-LeaderElection49
2024-04-23 19:59:49,362 [f13f88a1-11f3-4f35-9751-23eec4d236b9@group-916038891B0B-LeaderElection49] INFO  impl.RoleInfo (RoleInfo.java:updateAndGet(139)) - f13f88a1-11f3-4f35-9751-23eec4d236b9: start f13f88a1-11f3-4f35-9751-23eec4d236b9@group-916038891B0B-FollowerState
2024-04-23 19:59:49,362 [f13f88a1-11f3-4f35-9751-23eec4d236b9@group-916038891B0B-LeaderElection49] INFO  server.RaftServer$Division (RaftServerImpl.java:setFirstElection(574)) - f13f88a1-11f3-4f35-9751-23eec4d236b9@group-916038891B0B: set firstElectionSinceStartup to false for REJECTED
2024-04-23 19:59:49,446 [7b3b87b1-ef59-40de-ba05-c120003f3778@group-916038891B0B-FollowerState] INFO  server.RaftServerConfigKeys (ConfUtils.java:logFallback(53)) - raft.server.rpc.first-election.timeout.min = 5s (fallback to raft.server.rpc.timeout.min)
2024-04-23 19:59:49,446 [7b3b87b1-ef59-40de-ba05-c120003f3778@group-916038891B0B-FollowerState] INFO  server.RaftServerConfigKeys (ConfUtils.java:logFallback(53)) - raft.server.rpc.first-election.timeout.max = 5200ms (fallback to raft.server.rpc.timeout.max)
2024-04-23 19:59:49,451 [7b3b87b1-ef59-40de-ba05-c120003f3778@group-BE8F63D31152-FollowerState] INFO  impl.FollowerState (FollowerState.java:run(143)) - 7b3b87b1-ef59-40de-ba05-c120003f3778@group-BE8F63D31152-FollowerState: change to CANDIDATE, lastRpcElapsedTime:5167478372ns, electionTimeout:5167ms
2024-04-23 19:59:49,451 [7b3b87b1-ef59-40de-ba05-c120003f3778@group-BE8F63D31152-FollowerState] INFO  impl.RoleInfo (RoleInfo.java:shutdownFollowerState(110)) - 7b3b87b1-ef59-40de-ba05-c120003f3778: shutdown 7b3b87b1-ef59-40de-ba05-c120003f3778@group-BE8F63D31152-FollowerState
2024-04-23 19:59:49,451 [7b3b87b1-ef59-40de-ba05-c120003f3778@group-BE8F63D31152-FollowerState] INFO  server.RaftServer$Division (RaftServerImpl.java:setRole(383)) - 7b3b87b1-ef59-40de-ba05-c120003f3778@group-BE8F63D31152: changes role from  FOLLOWER to CANDIDATE at term 0 for changeToCandidate
2024-04-23 19:59:49,451 [7b3b87b1-ef59-40de-ba05-c120003f3778@group-BE8F63D31152-FollowerState] INFO  server.RaftServerConfigKeys (ConfUtils.java:logGet(46)) - raft.server.leaderelection.pre-vote = true (default)
2024-04-23 19:59:49,451 [7b3b87b1-ef59-40de-ba05-c120003f3778@group-BE8F63D31152-FollowerState] INFO  impl.RoleInfo (RoleInfo.java:updateAndGet(139)) - 7b3b87b1-ef59-40de-ba05-c120003f3778: start 7b3b87b1-ef59-40de-ba05-c120003f3778@group-BE8F63D31152-LeaderElection50
2024-04-23 19:59:49,452 [7b3b87b1-ef59-40de-ba05-c120003f3778@group-BE8F63D31152-LeaderElection50] INFO  impl.LeaderElection (LeaderElection.java:askForVotes(321)) - 7b3b87b1-ef59-40de-ba05-c120003f3778@group-BE8F63D31152-LeaderElection50 PRE_VOTE round 0: submit vote requests at term 0 for -1: peers:[7b3b87b1-ef59-40de-ba05-c120003f3778|10.1.0.27:15281]|listeners:[], old=null
2024-04-23 19:59:49,452 [7b3b87b1-ef59-40de-ba05-c120003f3778@group-BE8F63D31152-LeaderElection50] INFO  impl.LeaderElection (LeaderElection.java:askForVotes(323)) - 7b3b87b1-ef59-40de-ba05-c120003f3778@group-BE8F63D31152-LeaderElection50 PRE_VOTE round 0: result PASSED (term=0)
2024-04-23 19:59:49,453 [7b3b87b1-ef59-40de-ba05-c120003f3778@group-BE8F63D31152-LeaderElection50] INFO  impl.LeaderElection (LeaderElection.java:askForVotes(321)) - 7b3b87b1-ef59-40de-ba05-c120003f3778@group-BE8F63D31152-LeaderElection50 ELECTION round 0: submit vote requests at term 1 for -1: peers:[7b3b87b1-ef59-40de-ba05-c120003f3778|10.1.0.27:15281]|listeners:[], old=null
2024-04-23 19:59:49,453 [7b3b87b1-ef59-40de-ba05-c120003f3778@group-BE8F63D31152-LeaderElection50] INFO  impl.LeaderElection (LeaderElection.java:askForVotes(323)) - 7b3b87b1-ef59-40de-ba05-c120003f3778@group-BE8F63D31152-LeaderElection50 ELECTION round 0: result PASSED (term=1)
2024-04-23 19:59:49,453 [7b3b87b1-ef59-40de-ba05-c120003f3778@group-BE8F63D31152-LeaderElection50] INFO  impl.RoleInfo (RoleInfo.java:shutdownLeaderElection(130)) - 7b3b87b1-ef59-40de-ba05-c120003f3778: shutdown 7b3b87b1-ef59-40de-ba05-c120003f3778@group-BE8F63D31152-LeaderElection50
2024-04-23 19:59:49,453 [7b3b87b1-ef59-40de-ba05-c120003f3778@group-BE8F63D31152-LeaderElection50] INFO  server.RaftServer$Division (RaftServerImpl.java:setRole(383)) - 7b3b87b1-ef59-40de-ba05-c120003f3778@group-BE8F63D31152: changes role from CANDIDATE to LEADER at term 1 for changeToLeader
2024-04-23 19:59:49,453 [7b3b87b1-ef59-40de-ba05-c120003f3778@group-BE8F63D31152-LeaderElection50] INFO  server.RaftServerConfigKeys (ConfUtils.java:logGet(46)) - raft.server.staging.catchup.gap = 1000 (default)
2024-04-23 19:59:49,454 [7b3b87b1-ef59-40de-ba05-c120003f3778@group-BE8F63D31152-LeaderElection50] INFO  server.RaftServerConfigKeys (ConfUtils.java:logGet(46)) - raft.server.write.element-limit = 1024 (custom)
2024-04-23 19:59:49,454 [7b3b87b1-ef59-40de-ba05-c120003f3778@group-BE8F63D31152-LeaderElection50] INFO  server.RaftServerConfigKeys (ConfUtils.java:logGet(46)) - raft.server.write.byte-limit = 1024 M (=1073741824) (custom)
2024-04-23 19:59:49,454 [7b3b87b1-ef59-40de-ba05-c120003f3778@group-BE8F63D31152-LeaderElection50] INFO  server.RaftServerConfigKeys (ConfUtils.java:logGet(46)) - raft.server.watch.timeout = 3000ms (custom)
2024-04-23 19:59:49,454 [7b3b87b1-ef59-40de-ba05-c120003f3778@group-BE8F63D31152-LeaderElection50] INFO  server.RaftServerConfigKeys (ConfUtils.java:logGet(46)) - raft.server.watch.timeout.denomination = 1s (default)
2024-04-23 19:59:49,454 [7b3b87b1-ef59-40de-ba05-c120003f3778@group-BE8F63D31152-LeaderElection50] INFO  server.RaftServerConfigKeys (ConfUtils.java:logGet(46)) - raft.server.watch.element-limit = 65536 (default)
2024-04-23 19:59:49,454 [7b3b87b1-ef59-40de-ba05-c120003f3778@group-BE8F63D31152-LeaderElection50] INFO  server.RaftServerConfigKeys (ConfUtils.java:logGet(46)) - raft.server.read.leader.lease.enabled = false (default)
2024-04-23 19:59:49,454 [7b3b87b1-ef59-40de-ba05-c120003f3778@group-BE8F63D31152-LeaderElection50] INFO  server.RaftServerConfigKeys (ConfUtils.java:logGet(46)) - raft.server.read.leader.lease.timeout.ratio = 0.9 (default)
2024-04-23 19:59:49,454 [7b3b87b1-ef59-40de-ba05-c120003f3778@group-BE8F63D31152-LeaderElection50] INFO  server.RaftServerConfigKeys (ConfUtils.java:logGet(46)) - raft.server.rpc.timeout.min = 5s (custom)
2024-04-23 19:59:49,454 [7b3b87b1-ef59-40de-ba05-c120003f3778@group-BE8F63D31152-LeaderElection50] INFO  server.RaftServerConfigKeys (ConfUtils.java:logGet(46)) - raft.server.write.element-limit = 1024 (custom)
2024-04-23 19:59:49,454 [7b3b87b1-ef59-40de-ba05-c120003f3778@group-BE8F63D31152-LeaderElection50] INFO  server.RaftServerConfigKeys (ConfUtils.java:logGet(46)) - raft.server.write.follower.gap.ratio.max = -1.0 (default)
2024-04-23 19:59:49,454 [7b3b87b1-ef59-40de-ba05-c120003f3778@group-BE8F63D31152-LeaderElection50] INFO  impl.RoleInfo (RoleInfo.java:updateAndGet(139)) - 7b3b87b1-ef59-40de-ba05-c120003f3778: start 7b3b87b1-ef59-40de-ba05-c120003f3778@group-BE8F63D31152-LeaderStateImpl
2024-04-23 19:59:49,455 [7b3b87b1-ef59-40de-ba05-c120003f3778@group-BE8F63D31152-LeaderElection50] INFO  server.RaftServer$Division (RaftServerImpl.java:setFirstElection(574)) - 7b3b87b1-ef59-40de-ba05-c120003f3778@group-BE8F63D31152: set firstElectionSinceStartup to false for becomeLeader
2024-04-23 19:59:49,455 [7b3b87b1-ef59-40de-ba05-c120003f3778@group-BE8F63D31152-LeaderElection50] INFO  ratis.XceiverServerRatis (XceiverServerRatis.java:handleLeaderChangedNotification(966)) - Leader change notification received for group: group-BE8F63D31152 with new leaderId: 7b3b87b1-ef59-40de-ba05-c120003f3778
2024-04-23 19:59:49,455 [7b3b87b1-ef59-40de-ba05-c120003f3778@group-BE8F63D31152-LeaderElection50] INFO  server.RaftServer$Division (ServerState.java:setLeader(269)) - 7b3b87b1-ef59-40de-ba05-c120003f3778@group-BE8F63D31152: change Leader from null to 7b3b87b1-ef59-40de-ba05-c120003f3778 at term 1 for becomeLeader, leader elected after 5184ms
2024-04-23 19:59:49,455 [7b3b87b1-ef59-40de-ba05-c120003f3778@group-BE8F63D31152-LeaderElection50] INFO  segmented.SegmentedRaftLogWorker (SegmentedRaftLogWorker.java:startLogSegment(430)) - 7b3b87b1-ef59-40de-ba05-c120003f3778@group-BE8F63D31152-SegmentedRaftLogWorker: Starting segment from index:0
2024-04-23 19:59:49,455 [7b3b87b1-ef59-40de-ba05-c120003f3778@group-BE8F63D31152-SegmentedRaftLogWorker] INFO  segmented.BufferedWriteChannel (BufferedWriteChannel.java:open(62)) - open log_inprogress_0 at position 0
2024-04-23 19:59:49,455 [EventQueue-OpenPipelineForHealthyPipelineSafeModeRule] INFO  safemode.SCMSafeModeManager (HealthyPipelineSafeModeRule.java:process(140)) - SCM in safe mode. Healthy pipelines reported count is 0, required healthy pipeline reported count is 1
2024-04-23 19:59:49,458 [7b3b87b1-ef59-40de-ba05-c120003f3778@group-BE8F63D31152-LeaderElection50] INFO  server.RaftServer$Division (ServerState.java:setRaftConf(386)) - 7b3b87b1-ef59-40de-ba05-c120003f3778@group-BE8F63D31152: set configuration 0: peers:[7b3b87b1-ef59-40de-ba05-c120003f3778|10.1.0.27:15281]|listeners:[], old=null
2024-04-23 19:59:49,463 [7b3b87b1-ef59-40de-ba05-c120003f3778@group-BE8F63D31152-SegmentedRaftLogWorker] INFO  segmented.SegmentedRaftLogWorker (SegmentedRaftLogWorker.java:execute(634)) - 7b3b87b1-ef59-40de-ba05-c120003f3778@group-BE8F63D31152-SegmentedRaftLogWorker: created new log segment /home/runner/work/ozone/ozone/hadoop-ozone/integration-test/target/test-dir/MiniOzoneClusterImpl-d857b234-8aec-441a-a9c9-a34f2a008b14/ozone-meta/datanode-1/ratis/526b1908-f345-48b7-a76f-be8f63d31152/current/log_inprogress_0
2024-04-23 19:59:49,464 [7b3b87b1-ef59-40de-ba05-c120003f3778@group-BE8F63D31152-StateMachineUpdater] INFO  server.RaftServer$Division (LeaderStateImpl.java:isApplied(320)) - leader is ready since appliedIndex == 0 >= startIndex == 0
2024-04-23 19:59:49,466 [77d21a36-b63d-4df7-892f-b483d98564d7@group-3B23CB8E5EC0-FollowerState] INFO  impl.FollowerState (FollowerState.java:run(143)) - 77d21a36-b63d-4df7-892f-b483d98564d7@group-3B23CB8E5EC0-FollowerState: change to CANDIDATE, lastRpcElapsedTime:5118952311ns, electionTimeout:5118ms
2024-04-23 19:59:49,466 [77d21a36-b63d-4df7-892f-b483d98564d7@group-3B23CB8E5EC0-FollowerState] INFO  impl.RoleInfo (RoleInfo.java:shutdownFollowerState(110)) - 77d21a36-b63d-4df7-892f-b483d98564d7: shutdown 77d21a36-b63d-4df7-892f-b483d98564d7@group-3B23CB8E5EC0-FollowerState
2024-04-23 19:59:49,466 [77d21a36-b63d-4df7-892f-b483d98564d7@group-3B23CB8E5EC0-FollowerState] INFO  server.RaftServer$Division (RaftServerImpl.java:setRole(383)) - 77d21a36-b63d-4df7-892f-b483d98564d7@group-3B23CB8E5EC0: changes role from  FOLLOWER to CANDIDATE at term 0 for changeToCandidate
2024-04-23 19:59:49,466 [77d21a36-b63d-4df7-892f-b483d98564d7@group-3B23CB8E5EC0-FollowerState] INFO  server.RaftServerConfigKeys (ConfUtils.java:logGet(46)) - raft.server.leaderelection.pre-vote = true (default)
2024-04-23 19:59:49,466 [77d21a36-b63d-4df7-892f-b483d98564d7@group-3B23CB8E5EC0-FollowerState] INFO  impl.RoleInfo (RoleInfo.java:updateAndGet(139)) - 77d21a36-b63d-4df7-892f-b483d98564d7: start 77d21a36-b63d-4df7-892f-b483d98564d7@group-3B23CB8E5EC0-LeaderElection51
2024-04-23 19:59:49,467 [77d21a36-b63d-4df7-892f-b483d98564d7@group-3B23CB8E5EC0-LeaderElection51] INFO  impl.LeaderElection (LeaderElection.java:askForVotes(321)) - 77d21a36-b63d-4df7-892f-b483d98564d7@group-3B23CB8E5EC0-LeaderElection51 PRE_VOTE round 0: submit vote requests at term 0 for -1: peers:[77d21a36-b63d-4df7-892f-b483d98564d7|10.1.0.27:15290]|listeners:[], old=null
2024-04-23 19:59:49,467 [77d21a36-b63d-4df7-892f-b483d98564d7@group-3B23CB8E5EC0-LeaderElection51] INFO  impl.LeaderElection (LeaderElection.java:askForVotes(323)) - 77d21a36-b63d-4df7-892f-b483d98564d7@group-3B23CB8E5EC0-LeaderElection51 PRE_VOTE round 0: result PASSED (term=0)
2024-04-23 19:59:49,468 [77d21a36-b63d-4df7-892f-b483d98564d7@group-3B23CB8E5EC0-LeaderElection51] INFO  impl.LeaderElection (LeaderElection.java:askForVotes(321)) - 77d21a36-b63d-4df7-892f-b483d98564d7@group-3B23CB8E5EC0-LeaderElection51 ELECTION round 0: submit vote requests at term 1 for -1: peers:[77d21a36-b63d-4df7-892f-b483d98564d7|10.1.0.27:15290]|listeners:[], old=null
2024-04-23 19:59:49,468 [77d21a36-b63d-4df7-892f-b483d98564d7@group-3B23CB8E5EC0-LeaderElection51] INFO  impl.LeaderElection (LeaderElection.java:askForVotes(323)) - 77d21a36-b63d-4df7-892f-b483d98564d7@group-3B23CB8E5EC0-LeaderElection51 ELECTION round 0: result PASSED (term=1)
2024-04-23 19:59:49,468 [77d21a36-b63d-4df7-892f-b483d98564d7@group-3B23CB8E5EC0-LeaderElection51] INFO  impl.RoleInfo (RoleInfo.java:shutdownLeaderElection(130)) - 77d21a36-b63d-4df7-892f-b483d98564d7: shutdown 77d21a36-b63d-4df7-892f-b483d98564d7@group-3B23CB8E5EC0-LeaderElection51
2024-04-23 19:59:49,468 [77d21a36-b63d-4df7-892f-b483d98564d7@group-3B23CB8E5EC0-LeaderElection51] INFO  server.RaftServer$Division (RaftServerImpl.java:setRole(383)) - 77d21a36-b63d-4df7-892f-b483d98564d7@group-3B23CB8E5EC0: changes role from CANDIDATE to LEADER at term 1 for changeToLeader
2024-04-23 19:59:49,468 [77d21a36-b63d-4df7-892f-b483d98564d7@group-3B23CB8E5EC0-LeaderElection51] INFO  server.RaftServerConfigKeys (ConfUtils.java:logGet(46)) - raft.server.staging.catchup.gap = 1000 (default)
2024-04-23 19:59:49,468 [77d21a36-b63d-4df7-892f-b483d98564d7@group-3B23CB8E5EC0-LeaderElection51] INFO  server.RaftServerConfigKeys (ConfUtils.java:logGet(46)) - raft.server.write.element-limit = 1024 (custom)
2024-04-23 19:59:49,469 [77d21a36-b63d-4df7-892f-b483d98564d7@group-3B23CB8E5EC0-LeaderElection51] INFO  server.RaftServerConfigKeys (ConfUtils.java:logGet(46)) - raft.server.write.byte-limit = 1024 M (=1073741824) (custom)
2024-04-23 19:59:49,469 [77d21a36-b63d-4df7-892f-b483d98564d7@group-3B23CB8E5EC0-LeaderElection51] INFO  server.RaftServerConfigKeys (ConfUtils.java:logGet(46)) - raft.server.watch.timeout = 3000ms (custom)
2024-04-23 19:59:49,469 [77d21a36-b63d-4df7-892f-b483d98564d7@group-3B23CB8E5EC0-LeaderElection51] INFO  server.RaftServerConfigKeys (ConfUtils.java:logGet(46)) - raft.server.watch.timeout.denomination = 1s (default)
2024-04-23 19:59:49,469 [77d21a36-b63d-4df7-892f-b483d98564d7@group-3B23CB8E5EC0-LeaderElection51] INFO  server.RaftServerConfigKeys (ConfUtils.java:logGet(46)) - raft.server.watch.element-limit = 65536 (default)
2024-04-23 19:59:49,469 [77d21a36-b63d-4df7-892f-b483d98564d7@group-3B23CB8E5EC0-LeaderElection51] INFO  server.RaftServerConfigKeys (ConfUtils.java:logGet(46)) - raft.server.read.leader.lease.enabled = false (default)
2024-04-23 19:59:49,469 [77d21a36-b63d-4df7-892f-b483d98564d7@group-3B23CB8E5EC0-LeaderElection51] INFO  server.RaftServerConfigKeys (ConfUtils.java:logGet(46)) - raft.server.read.leader.lease.timeout.ratio = 0.9 (default)
2024-04-23 19:59:49,469 [77d21a36-b63d-4df7-892f-b483d98564d7@group-3B23CB8E5EC0-LeaderElection51] INFO  server.RaftServerConfigKeys (ConfUtils.java:logGet(46)) - raft.server.rpc.timeout.min = 5s (custom)
2024-04-23 19:59:49,469 [77d21a36-b63d-4df7-892f-b483d98564d7@group-3B23CB8E5EC0-LeaderElection51] INFO  server.RaftServerConfigKeys (ConfUtils.java:logGet(46)) - raft.server.write.element-limit = 1024 (custom)
2024-04-23 19:59:49,469 [77d21a36-b63d-4df7-892f-b483d98564d7@group-3B23CB8E5EC0-LeaderElection51] INFO  server.RaftServerConfigKeys (ConfUtils.java:logGet(46)) - raft.server.write.follower.gap.ratio.max = -1.0 (default)
2024-04-23 19:59:49,469 [77d21a36-b63d-4df7-892f-b483d98564d7@group-3B23CB8E5EC0-LeaderElection51] INFO  impl.RoleInfo (RoleInfo.java:updateAndGet(139)) - 77d21a36-b63d-4df7-892f-b483d98564d7: start 77d21a36-b63d-4df7-892f-b483d98564d7@group-3B23CB8E5EC0-LeaderStateImpl
2024-04-23 19:59:49,469 [77d21a36-b63d-4df7-892f-b483d98564d7@group-3B23CB8E5EC0-LeaderElection51] INFO  server.RaftServer$Division (RaftServerImpl.java:setFirstElection(574)) - 77d21a36-b63d-4df7-892f-b483d98564d7@group-3B23CB8E5EC0: set firstElectionSinceStartup to false for becomeLeader
2024-04-23 19:59:49,469 [77d21a36-b63d-4df7-892f-b483d98564d7@group-3B23CB8E5EC0-LeaderElection51] INFO  ratis.XceiverServerRatis (XceiverServerRatis.java:handleLeaderChangedNotification(966)) - Leader change notification received for group: group-3B23CB8E5EC0 with new leaderId: 77d21a36-b63d-4df7-892f-b483d98564d7
2024-04-23 19:59:49,470 [77d21a36-b63d-4df7-892f-b483d98564d7@group-3B23CB8E5EC0-LeaderElection51] INFO  server.RaftServer$Division (ServerState.java:setLeader(269)) - 77d21a36-b63d-4df7-892f-b483d98564d7@group-3B23CB8E5EC0: change Leader from null to 77d21a36-b63d-4df7-892f-b483d98564d7 at term 1 for becomeLeader, leader elected after 5139ms
2024-04-23 19:59:49,470 [EventQueue-OpenPipelineForHealthyPipelineSafeModeRule] INFO  safemode.SCMSafeModeManager (HealthyPipelineSafeModeRule.java:process(140)) - SCM in safe mode. Healthy pipelines reported count is 0, required healthy pipeline reported count is 1
2024-04-23 19:59:49,470 [77d21a36-b63d-4df7-892f-b483d98564d7@group-3B23CB8E5EC0-LeaderElection51] INFO  segmented.SegmentedRaftLogWorker (SegmentedRaftLogWorker.java:startLogSegment(430)) - 77d21a36-b63d-4df7-892f-b483d98564d7@group-3B23CB8E5EC0-SegmentedRaftLogWorker: Starting segment from index:0
2024-04-23 19:59:49,471 [77d21a36-b63d-4df7-892f-b483d98564d7@group-3B23CB8E5EC0-LeaderElection51] INFO  server.RaftServer$Division (ServerState.java:setRaftConf(386)) - 77d21a36-b63d-4df7-892f-b483d98564d7@group-3B23CB8E5EC0: set configuration 0: peers:[77d21a36-b63d-4df7-892f-b483d98564d7|10.1.0.27:15290]|listeners:[], old=null
2024-04-23 19:59:49,471 [77d21a36-b63d-4df7-892f-b483d98564d7@group-3B23CB8E5EC0-SegmentedRaftLogWorker] INFO  segmented.BufferedWriteChannel (BufferedWriteChannel.java:open(62)) - open log_inprogress_0 at position 0
2024-04-23 19:59:49,480 [77d21a36-b63d-4df7-892f-b483d98564d7@group-3B23CB8E5EC0-SegmentedRaftLogWorker] INFO  segmented.SegmentedRaftLogWorker (SegmentedRaftLogWorker.java:execute(634)) - 77d21a36-b63d-4df7-892f-b483d98564d7@group-3B23CB8E5EC0-SegmentedRaftLogWorker: created new log segment /home/runner/work/ozone/ozone/hadoop-ozone/integration-test/target/test-dir/MiniOzoneClusterImpl-d857b234-8aec-441a-a9c9-a34f2a008b14/ozone-meta/datanode-2/ratis/3592405c-2859-439b-9372-3b23cb8e5ec0/current/log_inprogress_0
2024-04-23 19:59:49,482 [77d21a36-b63d-4df7-892f-b483d98564d7@group-3B23CB8E5EC0-StateMachineUpdater] INFO  server.RaftServer$Division (LeaderStateImpl.java:isApplied(320)) - leader is ready since appliedIndex == 0 >= startIndex == 0
2024-04-23 19:59:49,488 [77d21a36-b63d-4df7-892f-b483d98564d7@group-916038891B0B-FollowerState] INFO  impl.FollowerState (FollowerState.java:run(143)) - 77d21a36-b63d-4df7-892f-b483d98564d7@group-916038891B0B-FollowerState: change to CANDIDATE, lastRpcElapsedTime:5171526253ns, electionTimeout:5171ms
2024-04-23 19:59:49,488 [77d21a36-b63d-4df7-892f-b483d98564d7@group-916038891B0B-FollowerState] INFO  impl.RoleInfo (RoleInfo.java:shutdownFollowerState(110)) - 77d21a36-b63d-4df7-892f-b483d98564d7: shutdown 77d21a36-b63d-4df7-892f-b483d98564d7@group-916038891B0B-FollowerState
2024-04-23 19:59:49,488 [77d21a36-b63d-4df7-892f-b483d98564d7@group-916038891B0B-FollowerState] INFO  server.RaftServer$Division (RaftServerImpl.java:setRole(383)) - 77d21a36-b63d-4df7-892f-b483d98564d7@group-916038891B0B: changes role from  FOLLOWER to CANDIDATE at term 0 for changeToCandidate
2024-04-23 19:59:49,488 [77d21a36-b63d-4df7-892f-b483d98564d7@group-916038891B0B-FollowerState] INFO  server.RaftServerConfigKeys (ConfUtils.java:logGet(46)) - raft.server.leaderelection.pre-vote = true (default)
2024-04-23 19:59:49,488 [77d21a36-b63d-4df7-892f-b483d98564d7@group-916038891B0B-FollowerState] INFO  impl.RoleInfo (RoleInfo.java:updateAndGet(139)) - 77d21a36-b63d-4df7-892f-b483d98564d7: start 77d21a36-b63d-4df7-892f-b483d98564d7@group-916038891B0B-LeaderElection52
2024-04-23 19:59:49,489 [77d21a36-b63d-4df7-892f-b483d98564d7@group-916038891B0B-LeaderElection52] INFO  impl.LeaderElection (LeaderElection.java:askForVotes(321)) - 77d21a36-b63d-4df7-892f-b483d98564d7@group-916038891B0B-LeaderElection52 PRE_VOTE round 0: submit vote requests at term 0 for -1: peers:[7b3b87b1-ef59-40de-ba05-c120003f3778|10.1.0.27:15281, f13f88a1-11f3-4f35-9751-23eec4d236b9|10.1.0.27:15299, 77d21a36-b63d-4df7-892f-b483d98564d7|10.1.0.27:15290]|listeners:[], old=null
2024-04-23 19:59:49,489 [77d21a36-b63d-4df7-892f-b483d98564d7@group-916038891B0B-LeaderElection52-1] INFO  server.GrpcServerProtocolClient (GrpcServerProtocolClient.java:<init>(65)) - Build channel for 7b3b87b1-ef59-40de-ba05-c120003f3778|10.1.0.27:15281
2024-04-23 19:59:49,489 [77d21a36-b63d-4df7-892f-b483d98564d7@group-916038891B0B-LeaderElection52-2] INFO  server.GrpcServerProtocolClient (GrpcServerProtocolClient.java:<init>(65)) - Build channel for f13f88a1-11f3-4f35-9751-23eec4d236b9|10.1.0.27:15299
2024-04-23 19:59:49,489 [77d21a36-b63d-4df7-892f-b483d98564d7@group-916038891B0B-LeaderElection52] INFO  server.RaftServerConfigKeys (ConfUtils.java:logFallback(53)) - raft.server.rpc.first-election.timeout.min = 5s (fallback to raft.server.rpc.timeout.min)
2024-04-23 19:59:49,489 [77d21a36-b63d-4df7-892f-b483d98564d7@group-916038891B0B-LeaderElection52] INFO  server.RaftServerConfigKeys (ConfUtils.java:logFallback(53)) - raft.server.rpc.first-election.timeout.max = 5200ms (fallback to raft.server.rpc.timeout.max)
2024-04-23 19:59:49,493 [grpc-default-executor-0] INFO  server.RaftServer$Division (RaftServerImpl.java:requestVote(1389)) - 7b3b87b1-ef59-40de-ba05-c120003f3778@group-916038891B0B: receive requestVote(PRE_VOTE, 77d21a36-b63d-4df7-892f-b483d98564d7, group-916038891B0B, 0, (t:0, i:0))
2024-04-23 19:59:49,493 [grpc-default-executor-0] INFO  impl.VoteContext (VoteContext.java:log(49)) - 7b3b87b1-ef59-40de-ba05-c120003f3778@group-916038891B0B-FOLLOWER: accept PRE_VOTE from 77d21a36-b63d-4df7-892f-b483d98564d7: our priority 0 <= candidate's priority 1
2024-04-23 19:59:49,494 [grpc-default-executor-0] INFO  server.RaftServer$Division (RaftServerImpl.java:requestVote(1422)) - 7b3b87b1-ef59-40de-ba05-c120003f3778@group-916038891B0B replies to PRE_VOTE vote request: 77d21a36-b63d-4df7-892f-b483d98564d7<-7b3b87b1-ef59-40de-ba05-c120003f3778#0:OK-t0. Peer's state: 7b3b87b1-ef59-40de-ba05-c120003f3778@group-916038891B0B:t0, leader=null, voted=, raftlog=Memoized:7b3b87b1-ef59-40de-ba05-c120003f3778@group-916038891B0B-SegmentedRaftLog:OPENED:c-1, conf=-1: peers:[7b3b87b1-ef59-40de-ba05-c120003f3778|10.1.0.27:15281, f13f88a1-11f3-4f35-9751-23eec4d236b9|10.1.0.27:15299, 77d21a36-b63d-4df7-892f-b483d98564d7|10.1.0.27:15290]|listeners:[], old=null
2024-04-23 19:59:49,494 [grpc-default-executor-1] INFO  server.RaftServer$Division (RaftServerImpl.java:requestVote(1389)) - f13f88a1-11f3-4f35-9751-23eec4d236b9@group-916038891B0B: receive requestVote(PRE_VOTE, 77d21a36-b63d-4df7-892f-b483d98564d7, group-916038891B0B, 0, (t:0, i:0))
2024-04-23 19:59:49,495 [grpc-default-executor-1] INFO  impl.VoteContext (VoteContext.java:log(49)) - f13f88a1-11f3-4f35-9751-23eec4d236b9@group-916038891B0B-FOLLOWER: accept PRE_VOTE from 77d21a36-b63d-4df7-892f-b483d98564d7: our priority 0 <= candidate's priority 1
2024-04-23 19:59:49,495 [grpc-default-executor-1] INFO  server.RaftServer$Division (RaftServerImpl.java:requestVote(1422)) - f13f88a1-11f3-4f35-9751-23eec4d236b9@group-916038891B0B replies to PRE_VOTE vote request: 77d21a36-b63d-4df7-892f-b483d98564d7<-f13f88a1-11f3-4f35-9751-23eec4d236b9#0:OK-t0. Peer's state: f13f88a1-11f3-4f35-9751-23eec4d236b9@group-916038891B0B:t0, leader=null, voted=, raftlog=Memoized:f13f88a1-11f3-4f35-9751-23eec4d236b9@group-916038891B0B-SegmentedRaftLog:OPENED:c-1, conf=-1: peers:[7b3b87b1-ef59-40de-ba05-c120003f3778|10.1.0.27:15281, f13f88a1-11f3-4f35-9751-23eec4d236b9|10.1.0.27:15299, 77d21a36-b63d-4df7-892f-b483d98564d7|10.1.0.27:15290]|listeners:[], old=null
2024-04-23 19:59:49,496 [77d21a36-b63d-4df7-892f-b483d98564d7@group-916038891B0B-LeaderElection52] INFO  impl.LeaderElection (LeaderElection.java:logAndReturn(89)) - 77d21a36-b63d-4df7-892f-b483d98564d7@group-916038891B0B-LeaderElection52: PRE_VOTE PASSED received 1 response(s) and 0 exception(s):
2024-04-23 19:59:49,496 [77d21a36-b63d-4df7-892f-b483d98564d7@group-916038891B0B-LeaderElection52] INFO  impl.LeaderElection (LeaderElection.java:logAndReturn(93)) -   Response 0: 77d21a36-b63d-4df7-892f-b483d98564d7<-7b3b87b1-ef59-40de-ba05-c120003f3778#0:OK-t0
2024-04-23 19:59:49,496 [77d21a36-b63d-4df7-892f-b483d98564d7@group-916038891B0B-LeaderElection52] INFO  impl.LeaderElection (LeaderElection.java:askForVotes(323)) - 77d21a36-b63d-4df7-892f-b483d98564d7@group-916038891B0B-LeaderElection52 PRE_VOTE round 0: result PASSED
2024-04-23 19:59:49,497 [77d21a36-b63d-4df7-892f-b483d98564d7@group-916038891B0B-LeaderElection52] INFO  impl.LeaderElection (LeaderElection.java:askForVotes(321)) - 77d21a36-b63d-4df7-892f-b483d98564d7@group-916038891B0B-LeaderElection52 ELECTION round 0: submit vote requests at term 1 for -1: peers:[7b3b87b1-ef59-40de-ba05-c120003f3778|10.1.0.27:15281, f13f88a1-11f3-4f35-9751-23eec4d236b9|10.1.0.27:15299, 77d21a36-b63d-4df7-892f-b483d98564d7|10.1.0.27:15290]|listeners:[], old=null
2024-04-23 19:59:49,498 [77d21a36-b63d-4df7-892f-b483d98564d7@group-916038891B0B-LeaderElection52] INFO  server.RaftServerConfigKeys (ConfUtils.java:logFallback(53)) - raft.server.rpc.first-election.timeout.min = 5s (fallback to raft.server.rpc.timeout.min)
2024-04-23 19:59:49,498 [77d21a36-b63d-4df7-892f-b483d98564d7@group-916038891B0B-LeaderElection52] INFO  server.RaftServerConfigKeys (ConfUtils.java:logFallback(53)) - raft.server.rpc.first-election.timeout.max = 5200ms (fallback to raft.server.rpc.timeout.max)
2024-04-23 19:59:49,498 [grpc-default-executor-1] INFO  server.RaftServer$Division (RaftServerImpl.java:requestVote(1389)) - 7b3b87b1-ef59-40de-ba05-c120003f3778@group-916038891B0B: receive requestVote(ELECTION, 77d21a36-b63d-4df7-892f-b483d98564d7, group-916038891B0B, 1, (t:0, i:0))
2024-04-23 19:59:49,498 [grpc-default-executor-1] INFO  impl.VoteContext (VoteContext.java:log(49)) - 7b3b87b1-ef59-40de-ba05-c120003f3778@group-916038891B0B-FOLLOWER: accept ELECTION from 77d21a36-b63d-4df7-892f-b483d98564d7: our priority 0 <= candidate's priority 1
2024-04-23 19:59:49,498 [grpc-default-executor-1] INFO  server.RaftServer$Division (RaftServerImpl.java:setRole(383)) - 7b3b87b1-ef59-40de-ba05-c120003f3778@group-916038891B0B: changes role from  FOLLOWER to FOLLOWER at term 1 for candidate:77d21a36-b63d-4df7-892f-b483d98564d7
2024-04-23 19:59:49,499 [grpc-default-executor-1] INFO  impl.RoleInfo (RoleInfo.java:shutdownFollowerState(110)) - 7b3b87b1-ef59-40de-ba05-c120003f3778: shutdown 7b3b87b1-ef59-40de-ba05-c120003f3778@group-916038891B0B-FollowerState
2024-04-23 19:59:49,499 [grpc-default-executor-0] INFO  server.RaftServer$Division (RaftServerImpl.java:requestVote(1389)) - f13f88a1-11f3-4f35-9751-23eec4d236b9@group-916038891B0B: receive requestVote(ELECTION, 77d21a36-b63d-4df7-892f-b483d98564d7, group-916038891B0B, 1, (t:0, i:0))
2024-04-23 19:59:49,499 [grpc-default-executor-1] INFO  impl.RoleInfo (RoleInfo.java:updateAndGet(139)) - 7b3b87b1-ef59-40de-ba05-c120003f3778: start 7b3b87b1-ef59-40de-ba05-c120003f3778@group-916038891B0B-FollowerState
2024-04-23 19:59:49,499 [7b3b87b1-ef59-40de-ba05-c120003f3778@group-916038891B0B-FollowerState] INFO  impl.FollowerState (FollowerState.java:run(152)) - 7b3b87b1-ef59-40de-ba05-c120003f3778@group-916038891B0B-FollowerState was interrupted
2024-04-23 19:59:49,499 [grpc-default-executor-0] INFO  impl.VoteContext (VoteContext.java:log(49)) - f13f88a1-11f3-4f35-9751-23eec4d236b9@group-916038891B0B-FOLLOWER: accept ELECTION from 77d21a36-b63d-4df7-892f-b483d98564d7: our priority 0 <= candidate's priority 1
2024-04-23 19:59:49,499 [grpc-default-executor-0] INFO  server.RaftServer$Division (RaftServerImpl.java:setRole(383)) - f13f88a1-11f3-4f35-9751-23eec4d236b9@group-916038891B0B: changes role from  FOLLOWER to FOLLOWER at term 1 for candidate:77d21a36-b63d-4df7-892f-b483d98564d7
2024-04-23 19:59:49,499 [grpc-default-executor-0] INFO  impl.RoleInfo (RoleInfo.java:shutdownFollowerState(110)) - f13f88a1-11f3-4f35-9751-23eec4d236b9: shutdown f13f88a1-11f3-4f35-9751-23eec4d236b9@group-916038891B0B-FollowerState
2024-04-23 19:59:49,499 [grpc-default-executor-0] INFO  impl.RoleInfo (RoleInfo.java:updateAndGet(139)) - f13f88a1-11f3-4f35-9751-23eec4d236b9: start f13f88a1-11f3-4f35-9751-23eec4d236b9@group-916038891B0B-FollowerState
2024-04-23 19:59:49,499 [grpc-default-executor-1] INFO  server.RaftServer$Division (RaftServerImpl.java:setFirstElection(574)) - 7b3b87b1-ef59-40de-ba05-c120003f3778@group-916038891B0B: set firstElectionSinceStartup to false for candidate:77d21a36-b63d-4df7-892f-b483d98564d7
2024-04-23 19:59:49,499 [f13f88a1-11f3-4f35-9751-23eec4d236b9@group-916038891B0B-FollowerState] INFO  impl.FollowerState (FollowerState.java:run(152)) - f13f88a1-11f3-4f35-9751-23eec4d236b9@group-916038891B0B-FollowerState was interrupted
2024-04-23 19:59:49,502 [grpc-default-executor-1] INFO  server.RaftServer$Division (RaftServerImpl.java:requestVote(1422)) - 7b3b87b1-ef59-40de-ba05-c120003f3778@group-916038891B0B replies to ELECTION vote request: 77d21a36-b63d-4df7-892f-b483d98564d7<-7b3b87b1-ef59-40de-ba05-c120003f3778#0:OK-t1. Peer's state: 7b3b87b1-ef59-40de-ba05-c120003f3778@group-916038891B0B:t1, leader=null, voted=77d21a36-b63d-4df7-892f-b483d98564d7, raftlog=Memoized:7b3b87b1-ef59-40de-ba05-c120003f3778@group-916038891B0B-SegmentedRaftLog:OPENED:c-1, conf=-1: peers:[7b3b87b1-ef59-40de-ba05-c120003f3778|10.1.0.27:15281, f13f88a1-11f3-4f35-9751-23eec4d236b9|10.1.0.27:15299, 77d21a36-b63d-4df7-892f-b483d98564d7|10.1.0.27:15290]|listeners:[], old=null
2024-04-23 19:59:49,502 [grpc-default-executor-0] INFO  server.RaftServer$Division (RaftServerImpl.java:requestVote(1422)) - f13f88a1-11f3-4f35-9751-23eec4d236b9@group-916038891B0B replies to ELECTION vote request: 77d21a36-b63d-4df7-892f-b483d98564d7<-f13f88a1-11f3-4f35-9751-23eec4d236b9#0:OK-t1. Peer's state: f13f88a1-11f3-4f35-9751-23eec4d236b9@group-916038891B0B:t1, leader=null, voted=77d21a36-b63d-4df7-892f-b483d98564d7, raftlog=Memoized:f13f88a1-11f3-4f35-9751-23eec4d236b9@group-916038891B0B-SegmentedRaftLog:OPENED:c-1, conf=-1: peers:[7b3b87b1-ef59-40de-ba05-c120003f3778|10.1.0.27:15281, f13f88a1-11f3-4f35-9751-23eec4d236b9|10.1.0.27:15299, 77d21a36-b63d-4df7-892f-b483d98564d7|10.1.0.27:15290]|listeners:[], old=null
2024-04-23 19:59:49,503 [77d21a36-b63d-4df7-892f-b483d98564d7@group-916038891B0B-LeaderElection52] INFO  impl.LeaderElection (LeaderElection.java:logAndReturn(89)) - 77d21a36-b63d-4df7-892f-b483d98564d7@group-916038891B0B-LeaderElection52: ELECTION PASSED received 1 response(s) and 0 exception(s):
2024-04-23 19:59:49,503 [77d21a36-b63d-4df7-892f-b483d98564d7@group-916038891B0B-LeaderElection52] INFO  impl.LeaderElection (LeaderElection.java:logAndReturn(93)) -   Response 0: 77d21a36-b63d-4df7-892f-b483d98564d7<-7b3b87b1-ef59-40de-ba05-c120003f3778#0:OK-t1
2024-04-23 19:59:49,503 [77d21a36-b63d-4df7-892f-b483d98564d7@group-916038891B0B-LeaderElection52] INFO  impl.LeaderElection (LeaderElection.java:askForVotes(323)) - 77d21a36-b63d-4df7-892f-b483d98564d7@group-916038891B0B-LeaderElection52 ELECTION round 0: result PASSED
2024-04-23 19:59:49,503 [77d21a36-b63d-4df7-892f-b483d98564d7@group-916038891B0B-LeaderElection52] INFO  impl.RoleInfo (RoleInfo.java:shutdownLeaderElection(130)) - 77d21a36-b63d-4df7-892f-b483d98564d7: shutdown 77d21a36-b63d-4df7-892f-b483d98564d7@group-916038891B0B-LeaderElection52
2024-04-23 19:59:49,503 [77d21a36-b63d-4df7-892f-b483d98564d7@group-916038891B0B-LeaderElection52] INFO  server.RaftServer$Division (RaftServerImpl.java:setRole(383)) - 77d21a36-b63d-4df7-892f-b483d98564d7@group-916038891B0B: changes role from CANDIDATE to LEADER at term 1 for changeToLeader
2024-04-23 19:59:49,503 [77d21a36-b63d-4df7-892f-b483d98564d7@group-916038891B0B-LeaderElection52] INFO  server.RaftServerConfigKeys (ConfUtils.java:logGet(46)) - raft.server.staging.catchup.gap = 1000 (default)
2024-04-23 19:59:49,503 [77d21a36-b63d-4df7-892f-b483d98564d7@group-916038891B0B-LeaderElection52] INFO  server.RaftServerConfigKeys (ConfUtils.java:logGet(46)) - raft.server.write.element-limit = 1024 (custom)
2024-04-23 19:59:49,503 [77d21a36-b63d-4df7-892f-b483d98564d7@group-916038891B0B-LeaderElection52] INFO  server.RaftServerConfigKeys (ConfUtils.java:logGet(46)) - raft.server.write.byte-limit = 1024 M (=1073741824) (custom)
2024-04-23 19:59:49,503 [77d21a36-b63d-4df7-892f-b483d98564d7@group-916038891B0B-LeaderElection52] INFO  server.RaftServerConfigKeys (ConfUtils.java:logGet(46)) - raft.server.watch.timeout = 3000ms (custom)
2024-04-23 19:59:49,503 [77d21a36-b63d-4df7-892f-b483d98564d7@group-916038891B0B-LeaderElection52] INFO  server.RaftServerConfigKeys (ConfUtils.java:logGet(46)) - raft.server.watch.timeout.denomination = 1s (default)
2024-04-23 19:59:49,504 [77d21a36-b63d-4df7-892f-b483d98564d7@group-916038891B0B-LeaderElection52] INFO  server.RaftServerConfigKeys (ConfUtils.java:logGet(46)) - raft.server.watch.element-limit = 65536 (default)
2024-04-23 19:59:49,504 [77d21a36-b63d-4df7-892f-b483d98564d7@group-916038891B0B-LeaderElection52] INFO  server.RaftServerConfigKeys (ConfUtils.java:logGet(46)) - raft.server.read.leader.lease.enabled = false (default)
2024-04-23 19:59:49,504 [77d21a36-b63d-4df7-892f-b483d98564d7@group-916038891B0B-LeaderElection52] INFO  server.RaftServerConfigKeys (ConfUtils.java:logGet(46)) - raft.server.read.leader.lease.timeout.ratio = 0.9 (default)
2024-04-23 19:59:49,504 [77d21a36-b63d-4df7-892f-b483d98564d7@group-916038891B0B-LeaderElection52] INFO  server.RaftServerConfigKeys (ConfUtils.java:logGet(46)) - raft.server.rpc.timeout.min = 5s (custom)
2024-04-23 19:59:49,504 [77d21a36-b63d-4df7-892f-b483d98564d7@group-916038891B0B-LeaderElection52] INFO  server.RaftServerConfigKeys (ConfUtils.java:logGet(46)) - raft.server.write.element-limit = 1024 (custom)
2024-04-23 19:59:49,504 [77d21a36-b63d-4df7-892f-b483d98564d7@group-916038891B0B-LeaderElection52] INFO  server.RaftServerConfigKeys (ConfUtils.java:logGet(46)) - raft.server.write.follower.gap.ratio.max = -1.0 (default)
2024-04-23 19:59:49,504 [77d21a36-b63d-4df7-892f-b483d98564d7@group-916038891B0B-LeaderElection52] INFO  server.RaftServerConfigKeys (ConfUtils.java:logGet(46)) - raft.server.log.appender.snapshot.chunk.size.max = 16MB (=16777216) (default)
2024-04-23 19:59:49,504 [77d21a36-b63d-4df7-892f-b483d98564d7@group-916038891B0B-LeaderElection52] INFO  server.RaftServerConfigKeys (ConfUtils.java:logGet(46)) - raft.server.log.appender.buffer.byte-limit = 8388608 (custom)
2024-04-23 19:59:49,504 [77d21a36-b63d-4df7-892f-b483d98564d7@group-916038891B0B-LeaderElection52] INFO  server.RaftServerConfigKeys (ConfUtils.java:logGet(46)) - raft.server.log.appender.buffer.element-limit = 1 (custom)
2024-04-23 19:59:49,505 [77d21a36-b63d-4df7-892f-b483d98564d7@group-916038891B0B-LeaderElection52] INFO  server.RaftServerConfigKeys (ConfUtils.java:logGet(46)) - raft.server.log.appender.wait-time.min = 0ms (custom)
2024-04-23 19:59:49,505 [77d21a36-b63d-4df7-892f-b483d98564d7@group-916038891B0B-LeaderElection52] INFO  grpc.GrpcConfigKeys (ConfUtils.java:logGet(46)) - raft.grpc.server.leader.outstanding.appends.max = 8 (default)
2024-04-23 19:59:49,505 [77d21a36-b63d-4df7-892f-b483d98564d7@group-916038891B0B-LeaderElection52] INFO  server.RaftServerConfigKeys (ConfUtils.java:logGet(46)) - raft.server.rpc.request.timeout = 3000ms (default)
2024-04-23 19:59:49,505 [77d21a36-b63d-4df7-892f-b483d98564d7@group-916038891B0B-LeaderElection52] INFO  grpc.GrpcConfigKeys (ConfUtils.java:logGet(46)) - raft.grpc.server.install_snapshot.request.element-limit = 8 (default)
2024-04-23 19:59:49,505 [77d21a36-b63d-4df7-892f-b483d98564d7@group-916038891B0B-LeaderElection52] INFO  grpc.GrpcConfigKeys (ConfUtils.java:logGet(46)) - raft.grpc.server.install_snapshot.request.timeout = 3000ms (default)
2024-04-23 19:59:49,505 [77d21a36-b63d-4df7-892f-b483d98564d7@group-916038891B0B-LeaderElection52] INFO  grpc.GrpcConfigKeys (ConfUtils.java:logGet(46)) - raft.grpc.server.log-message.batch.duration = 5s (default)
2024-04-23 19:59:49,505 [77d21a36-b63d-4df7-892f-b483d98564d7@group-916038891B0B-LeaderElection52] INFO  server.RaftServerConfigKeys (ConfUtils.java:logGet(46)) - raft.server.log.appender.install.snapshot.enabled = false (custom)
2024-04-23 19:59:49,505 [77d21a36-b63d-4df7-892f-b483d98564d7@group-916038891B0B-LeaderElection52] INFO  grpc.GrpcConfigKeys (ConfUtils.java:logGet(46)) - raft.grpc.server.heartbeat.channel = true (default)
2024-04-23 19:59:49,506 [77d21a36-b63d-4df7-892f-b483d98564d7@group-916038891B0B-LeaderElection52] INFO  server.RaftServerConfigKeys (ConfUtils.java:logGet(46)) - raft.server.log.appender.snapshot.chunk.size.max = 16MB (=16777216) (default)
2024-04-23 19:59:49,506 [77d21a36-b63d-4df7-892f-b483d98564d7@group-916038891B0B-LeaderElection52] INFO  server.RaftServerConfigKeys (ConfUtils.java:logGet(46)) - raft.server.log.appender.buffer.byte-limit = 8388608 (custom)
2024-04-23 19:59:49,506 [77d21a36-b63d-4df7-892f-b483d98564d7@group-916038891B0B-LeaderElection52] INFO  server.RaftServerConfigKeys (ConfUtils.java:logGet(46)) - raft.server.log.appender.buffer.element-limit = 1 (custom)
2024-04-23 19:59:49,506 [77d21a36-b63d-4df7-892f-b483d98564d7@group-916038891B0B-LeaderElection52] INFO  server.RaftServerConfigKeys (ConfUtils.java:logGet(46)) - raft.server.log.appender.wait-time.min = 0ms (custom)
2024-04-23 19:59:49,506 [77d21a36-b63d-4df7-892f-b483d98564d7@group-916038891B0B-LeaderElection52] INFO  grpc.GrpcConfigKeys (ConfUtils.java:logGet(46)) - raft.grpc.server.leader.outstanding.appends.max = 8 (default)
2024-04-23 19:59:49,507 [77d21a36-b63d-4df7-892f-b483d98564d7@group-916038891B0B-LeaderElection52] INFO  server.RaftServerConfigKeys (ConfUtils.java:logGet(46)) - raft.server.rpc.request.timeout = 3000ms (default)
2024-04-23 19:59:49,507 [77d21a36-b63d-4df7-892f-b483d98564d7@group-916038891B0B-LeaderElection52] INFO  grpc.GrpcConfigKeys (ConfUtils.java:logGet(46)) - raft.grpc.server.install_snapshot.request.element-limit = 8 (default)
2024-04-23 19:59:49,507 [77d21a36-b63d-4df7-892f-b483d98564d7@group-916038891B0B-LeaderElection52] INFO  grpc.GrpcConfigKeys (ConfUtils.java:logGet(46)) - raft.grpc.server.install_snapshot.request.timeout = 3000ms (default)
2024-04-23 19:59:49,507 [77d21a36-b63d-4df7-892f-b483d98564d7@group-916038891B0B-LeaderElection52] INFO  grpc.GrpcConfigKeys (ConfUtils.java:logGet(46)) - raft.grpc.server.log-message.batch.duration = 5s (default)
2024-04-23 19:59:49,507 [77d21a36-b63d-4df7-892f-b483d98564d7@group-916038891B0B-LeaderElection52] INFO  server.RaftServerConfigKeys (ConfUtils.java:logGet(46)) - raft.server.log.appender.install.snapshot.enabled = false (custom)
2024-04-23 19:59:49,507 [77d21a36-b63d-4df7-892f-b483d98564d7@group-916038891B0B-LeaderElection52] INFO  grpc.GrpcConfigKeys (ConfUtils.java:logGet(46)) - raft.grpc.server.heartbeat.channel = true (default)
2024-04-23 19:59:49,507 [77d21a36-b63d-4df7-892f-b483d98564d7@group-916038891B0B-LeaderElection52] INFO  impl.RoleInfo (RoleInfo.java:updateAndGet(139)) - 77d21a36-b63d-4df7-892f-b483d98564d7: start 77d21a36-b63d-4df7-892f-b483d98564d7@group-916038891B0B-LeaderStateImpl
2024-04-23 19:59:49,507 [77d21a36-b63d-4df7-892f-b483d98564d7@group-916038891B0B-LeaderElection52] INFO  server.RaftServer$Division (RaftServerImpl.java:setFirstElection(574)) - 77d21a36-b63d-4df7-892f-b483d98564d7@group-916038891B0B: set firstElectionSinceStartup to false for becomeLeader
2024-04-23 19:59:49,507 [77d21a36-b63d-4df7-892f-b483d98564d7@group-916038891B0B-LeaderElection52] INFO  ratis.XceiverServerRatis (XceiverServerRatis.java:handleLeaderChangedNotification(966)) - Leader change notification received for group: group-916038891B0B with new leaderId: 77d21a36-b63d-4df7-892f-b483d98564d7
2024-04-23 19:59:49,507 [77d21a36-b63d-4df7-892f-b483d98564d7@group-916038891B0B-LeaderElection52] INFO  server.RaftServer$Division (ServerState.java:setLeader(269)) - 77d21a36-b63d-4df7-892f-b483d98564d7@group-916038891B0B: change Leader from null to 77d21a36-b63d-4df7-892f-b483d98564d7 at term 1 for becomeLeader, leader elected after 5200ms
2024-04-23 19:59:49,508 [77d21a36-b63d-4df7-892f-b483d98564d7@group-916038891B0B-LeaderElection52] INFO  segmented.SegmentedRaftLogWorker (SegmentedRaftLogWorker.java:startLogSegment(430)) - 77d21a36-b63d-4df7-892f-b483d98564d7@group-916038891B0B-SegmentedRaftLogWorker: Starting segment from index:0
2024-04-23 19:59:49,508 [77d21a36-b63d-4df7-892f-b483d98564d7@group-916038891B0B-SegmentedRaftLogWorker] INFO  segmented.BufferedWriteChannel (BufferedWriteChannel.java:open(62)) - open log_inprogress_0 at position 0
2024-04-23 19:59:49,512 [77d21a36-b63d-4df7-892f-b483d98564d7@group-916038891B0B-LeaderElection52] INFO  server.RaftServer$Division (ServerState.java:setRaftConf(386)) - 77d21a36-b63d-4df7-892f-b483d98564d7@group-916038891B0B: set configuration 0: peers:[7b3b87b1-ef59-40de-ba05-c120003f3778|10.1.0.27:15281, f13f88a1-11f3-4f35-9751-23eec4d236b9|10.1.0.27:15299, 77d21a36-b63d-4df7-892f-b483d98564d7|10.1.0.27:15290]|listeners:[], old=null
2024-04-23 19:59:49,512 [EventQueue-OpenPipelineForHealthyPipelineSafeModeRule] INFO  safemode.SCMSafeModeManager (HealthyPipelineSafeModeRule.java:process(140)) - SCM in safe mode. Healthy pipelines reported count is 0, required healthy pipeline reported count is 1
2024-04-23 19:59:49,512 [EventQueue-PipelineReportForPipelineReportHandler] INFO  pipeline.PipelineReportHandler (PipelineReportHandler.java:processPipelineReport(136)) - Opened pipeline PipelineID=716ab13f-d029-497d-8788-916038891b0b
2024-04-23 19:59:49,512 [EventQueue-OpenPipelineForHealthyPipelineSafeModeRule] INFO  safemode.SCMSafeModeManager (HealthyPipelineSafeModeRule.java:process(140)) - SCM in safe mode. Healthy pipelines reported count is 1, required healthy pipeline reported count is 1
2024-04-23 19:59:49,513 [EventQueue-OpenPipelineForHealthyPipelineSafeModeRule] INFO  safemode.SCMSafeModeManager (SCMSafeModeManager.java:validateSafeModeExitRules(200)) - HealthyPipelineSafeModeRule rule is successfully validated
2024-04-23 19:59:49,513 [EventQueue-OpenPipelineForHealthyPipelineSafeModeRule] INFO  safemode.SCMSafeModeManager (SCMSafeModeManager.java:validateSafeModeExitRules(215)) - ScmSafeModeManager, all rules are successfully validated
2024-04-23 19:59:49,513 [EventQueue-OpenPipelineForHealthyPipelineSafeModeRule] INFO  safemode.SCMSafeModeManager (SCMSafeModeManager.java:exitSafeMode(244)) - SCM exiting safe mode.
2024-04-23 19:59:49,513 [EventQueue-OpenPipelineForHealthyPipelineSafeModeRule] INFO  ha.SCMContext (SCMContext.java:updateSafeModeStatus(225)) - Update SafeModeStatus from SafeModeStatus{safeModeStatus=true, preCheckPassed=true} to SafeModeStatus{safeModeStatus=false, preCheckPassed=true}.
2024-04-23 19:59:49,513 [EventQueue-OpenPipelineForHealthyPipelineSafeModeRule] INFO  pipeline.BackgroundPipelineCreator (BackgroundPipelineCreator.java:notifyStatusChanged(258)) - Service BackgroundPipelineCreator transitions to RUNNING.
2024-04-23 19:59:49,513 [EventQueue-OpenPipelineForHealthyPipelineSafeModeRule] INFO  BackgroundPipelineScrubber (BackgroundSCMService.java:notifyStatusChanged(79)) - Service BackgroundPipelineScrubber transitions to RUNNING.
2024-04-23 19:59:49,513 [EventQueue-OpenPipelineForHealthyPipelineSafeModeRule] INFO  ExpiredContainerReplicaOpScrubber (BackgroundSCMService.java:notifyStatusChanged(79)) - Service ExpiredContainerReplicaOpScrubber transitions to RUNNING.
2024-04-23 19:59:49,513 [EventQueue-OpenPipelineForHealthyPipelineSafeModeRule] INFO  block.SCMBlockDeletingService (SCMBlockDeletingService.java:notifyStatusChanged(247)) - notifyStatusChanged:RUNNING
2024-04-23 19:59:49,513 [EventQueue-OpenPipelineForHealthyPipelineSafeModeRule] INFO  replication.ReplicationManager (ReplicationManager.java:notifyStatusChanged(1403)) - Service ReplicationManager transitions to RUNNING.
2024-04-23 19:59:49,513 [EventQueue-OpenPipelineForHealthyPipelineSafeModeRule] WARN  balancer.ContainerBalancer (ContainerBalancer.java:shouldRun(134)) - Could not find persisted configuration for ContainerBalancer when checking if ContainerBalancer should run. ContainerBalancer should not run now.
2024-04-23 19:59:49,514 [5c06539f-238f-401a-8663-461110f37d8f@group-DA0C2F9F4D67-FollowerState] INFO  impl.FollowerState (FollowerState.java:run(143)) - 5c06539f-238f-401a-8663-461110f37d8f@group-DA0C2F9F4D67-FollowerState: change to CANDIDATE, lastRpcElapsedTime:5004731789ns, electionTimeout:5004ms
2024-04-23 19:59:49,514 [5c06539f-238f-401a-8663-461110f37d8f@group-DA0C2F9F4D67-FollowerState] INFO  impl.RoleInfo (RoleInfo.java:shutdownFollowerState(110)) - 5c06539f-238f-401a-8663-461110f37d8f: shutdown 5c06539f-238f-401a-8663-461110f37d8f@group-DA0C2F9F4D67-FollowerState
2024-04-23 19:59:49,514 [5c06539f-238f-401a-8663-461110f37d8f@group-DA0C2F9F4D67-FollowerState] INFO  server.RaftServer$Division (RaftServerImpl.java:setRole(383)) - 5c06539f-238f-401a-8663-461110f37d8f@group-DA0C2F9F4D67: changes role from  FOLLOWER to CANDIDATE at term 0 for changeToCandidate
2024-04-23 19:59:49,515 [77d21a36-b63d-4df7-892f-b483d98564d7@group-916038891B0B-SegmentedRaftLogWorker] INFO  segmented.SegmentedRaftLogWorker (SegmentedRaftLogWorker.java:execute(634)) - 77d21a36-b63d-4df7-892f-b483d98564d7@group-916038891B0B-SegmentedRaftLogWorker: created new log segment /home/runner/work/ozone/ozone/hadoop-ozone/integration-test/target/test-dir/MiniOzoneClusterImpl-d857b234-8aec-441a-a9c9-a34f2a008b14/ozone-meta/datanode-2/ratis/716ab13f-d029-497d-8788-916038891b0b/current/log_inprogress_0
2024-04-23 19:59:49,522 [5c06539f-238f-401a-8663-461110f37d8f@group-DA0C2F9F4D67-FollowerState] INFO  server.RaftServerConfigKeys (ConfUtils.java:logGet(46)) - raft.server.leaderelection.pre-vote = true (default)
2024-04-23 19:59:49,522 [5c06539f-238f-401a-8663-461110f37d8f@group-DA0C2F9F4D67-FollowerState] INFO  impl.RoleInfo (RoleInfo.java:updateAndGet(139)) - 5c06539f-238f-401a-8663-461110f37d8f: start 5c06539f-238f-401a-8663-461110f37d8f@group-DA0C2F9F4D67-LeaderElection53
2024-04-23 19:59:49,524 [5c06539f-238f-401a-8663-461110f37d8f@group-DA0C2F9F4D67-LeaderElection53] INFO  impl.LeaderElection (LeaderElection.java:askForVotes(321)) - 5c06539f-238f-401a-8663-461110f37d8f@group-DA0C2F9F4D67-LeaderElection53 PRE_VOTE round 0: submit vote requests at term 0 for -1: peers:[7071ee0d-0296-4c1d-93da-2a6b8f0a8e11|10.1.0.27:15308, 5c06539f-238f-401a-8663-461110f37d8f|10.1.0.27:15326, 37bb455d-24a6-4251-8f16-d648f82e590e|10.1.0.27:15317]|listeners:[], old=null
2024-04-23 19:59:49,525 [5c06539f-238f-401a-8663-461110f37d8f@group-DA0C2F9F4D67-LeaderElection53-1] INFO  server.GrpcServerProtocolClient (GrpcServerProtocolClient.java:<init>(65)) - Build channel for 7071ee0d-0296-4c1d-93da-2a6b8f0a8e11|10.1.0.27:15308
2024-04-23 19:59:49,527 [5c06539f-238f-401a-8663-461110f37d8f@group-DA0C2F9F4D67-LeaderElection53] INFO  server.RaftServerConfigKeys (ConfUtils.java:logFallback(53)) - raft.server.rpc.first-election.timeout.min = 5s (fallback to raft.server.rpc.timeout.min)
2024-04-23 19:59:49,527 [5c06539f-238f-401a-8663-461110f37d8f@group-DA0C2F9F4D67-LeaderElection53] INFO  server.RaftServerConfigKeys (ConfUtils.java:logFallback(53)) - raft.server.rpc.first-election.timeout.max = 5200ms (fallback to raft.server.rpc.timeout.max)
2024-04-23 19:59:49,527 [5c06539f-238f-401a-8663-461110f37d8f@group-DA0C2F9F4D67-LeaderElection53-2] INFO  server.GrpcServerProtocolClient (GrpcServerProtocolClient.java:<init>(65)) - Build channel for 37bb455d-24a6-4251-8f16-d648f82e590e|10.1.0.27:15317
2024-04-23 19:59:49,530 [7b3b87b1-ef59-40de-ba05-c120003f3778-server-thread1] INFO  ratis.XceiverServerRatis (XceiverServerRatis.java:handleLeaderChangedNotification(966)) - Leader change notification received for group: group-916038891B0B with new leaderId: 77d21a36-b63d-4df7-892f-b483d98564d7
2024-04-23 19:59:49,530 [7b3b87b1-ef59-40de-ba05-c120003f3778-server-thread1] INFO  server.RaftServer$Division (ServerState.java:setLeader(269)) - 7b3b87b1-ef59-40de-ba05-c120003f3778@group-916038891B0B: change Leader from null to 77d21a36-b63d-4df7-892f-b483d98564d7 at term 1 for appendEntries, leader elected after 5243ms
2024-04-23 19:59:49,532 [7b3b87b1-ef59-40de-ba05-c120003f3778-server-thread1] INFO  server.RaftServer$Division (ServerState.java:setRaftConf(386)) - 7b3b87b1-ef59-40de-ba05-c120003f3778@group-916038891B0B: set configuration 0: peers:[7b3b87b1-ef59-40de-ba05-c120003f3778|10.1.0.27:15281, f13f88a1-11f3-4f35-9751-23eec4d236b9|10.1.0.27:15299, 77d21a36-b63d-4df7-892f-b483d98564d7|10.1.0.27:15290]|listeners:[], old=null
2024-04-23 19:59:49,532 [7b3b87b1-ef59-40de-ba05-c120003f3778-server-thread1] INFO  segmented.SegmentedRaftLogWorker (SegmentedRaftLogWorker.java:startLogSegment(430)) - 7b3b87b1-ef59-40de-ba05-c120003f3778@group-916038891B0B-SegmentedRaftLogWorker: Starting segment from index:0
2024-04-23 19:59:49,533 [7b3b87b1-ef59-40de-ba05-c120003f3778@group-916038891B0B-SegmentedRaftLogWorker] INFO  segmented.BufferedWriteChannel (BufferedWriteChannel.java:open(62)) - open log_inprogress_0 at position 0
2024-04-23 19:59:49,535 [grpc-default-executor-4] INFO  server.RaftServer$Division (RaftServerImpl.java:requestVote(1389)) - 7071ee0d-0296-4c1d-93da-2a6b8f0a8e11@group-DA0C2F9F4D67: receive requestVote(PRE_VOTE, 5c06539f-238f-401a-8663-461110f37d8f, group-DA0C2F9F4D67, 0, (t:0, i:0))
2024-04-23 19:59:49,535 [grpc-default-executor-4] INFO  impl.VoteContext (VoteContext.java:log(49)) - 7071ee0d-0296-4c1d-93da-2a6b8f0a8e11@group-DA0C2F9F4D67-FOLLOWER: accept PRE_VOTE from 5c06539f-238f-401a-8663-461110f37d8f: our priority 0 <= candidate's priority 1
2024-04-23 19:59:49,535 [f13f88a1-11f3-4f35-9751-23eec4d236b9-server-thread1] INFO  ratis.XceiverServerRatis (XceiverServerRatis.java:handleLeaderChangedNotification(966)) - Leader change notification received for group: group-916038891B0B with new leaderId: 77d21a36-b63d-4df7-892f-b483d98564d7
2024-04-23 19:59:49,535 [f13f88a1-11f3-4f35-9751-23eec4d236b9-server-thread1] INFO  server.RaftServer$Division (ServerState.java:setLeader(269)) - f13f88a1-11f3-4f35-9751-23eec4d236b9@group-916038891B0B: change Leader from null to 77d21a36-b63d-4df7-892f-b483d98564d7 at term 1 for appendEntries, leader elected after 5204ms
2024-04-23 19:59:49,535 [grpc-default-executor-4] INFO  server.RaftServer$Division (RaftServerImpl.java:requestVote(1422)) - 7071ee0d-0296-4c1d-93da-2a6b8f0a8e11@group-DA0C2F9F4D67 replies to PRE_VOTE vote request: 5c06539f-238f-401a-8663-461110f37d8f<-7071ee0d-0296-4c1d-93da-2a6b8f0a8e11#0:OK-t0. Peer's state: 7071ee0d-0296-4c1d-93da-2a6b8f0a8e11@group-DA0C2F9F4D67:t0, leader=null, voted=, raftlog=Memoized:7071ee0d-0296-4c1d-93da-2a6b8f0a8e11@group-DA0C2F9F4D67-SegmentedRaftLog:OPENED:c-1, conf=-1: peers:[7071ee0d-0296-4c1d-93da-2a6b8f0a8e11|10.1.0.27:15308, 5c06539f-238f-401a-8663-461110f37d8f|10.1.0.27:15326, 37bb455d-24a6-4251-8f16-d648f82e590e|10.1.0.27:15317]|listeners:[], old=null
2024-04-23 19:59:49,538 [5c06539f-238f-401a-8663-461110f37d8f@group-DA0C2F9F4D67-LeaderElection53] INFO  impl.LeaderElection (LeaderElection.java:logAndReturn(89)) - 5c06539f-238f-401a-8663-461110f37d8f@group-DA0C2F9F4D67-LeaderElection53: PRE_VOTE PASSED received 1 response(s) and 0 exception(s):
2024-04-23 19:59:49,538 [5c06539f-238f-401a-8663-461110f37d8f@group-DA0C2F9F4D67-LeaderElection53] INFO  impl.LeaderElection (LeaderElection.java:logAndReturn(93)) -   Response 0: 5c06539f-238f-401a-8663-461110f37d8f<-7071ee0d-0296-4c1d-93da-2a6b8f0a8e11#0:OK-t0
2024-04-23 19:59:49,538 [5c06539f-238f-401a-8663-461110f37d8f@group-DA0C2F9F4D67-LeaderElection53] INFO  impl.LeaderElection (LeaderElection.java:askForVotes(323)) - 5c06539f-238f-401a-8663-461110f37d8f@group-DA0C2F9F4D67-LeaderElection53 PRE_VOTE round 0: result PASSED
2024-04-23 19:59:49,540 [f13f88a1-11f3-4f35-9751-23eec4d236b9-server-thread1] INFO  server.RaftServer$Division (ServerState.java:setRaftConf(386)) - f13f88a1-11f3-4f35-9751-23eec4d236b9@group-916038891B0B: set configuration 0: peers:[7b3b87b1-ef59-40de-ba05-c120003f3778|10.1.0.27:15281, f13f88a1-11f3-4f35-9751-23eec4d236b9|10.1.0.27:15299, 77d21a36-b63d-4df7-892f-b483d98564d7|10.1.0.27:15290]|listeners:[], old=null
2024-04-23 19:59:49,540 [f13f88a1-11f3-4f35-9751-23eec4d236b9-server-thread1] INFO  segmented.SegmentedRaftLogWorker (SegmentedRaftLogWorker.java:startLogSegment(430)) - f13f88a1-11f3-4f35-9751-23eec4d236b9@group-916038891B0B-SegmentedRaftLogWorker: Starting segment from index:0
2024-04-23 19:59:49,540 [f13f88a1-11f3-4f35-9751-23eec4d236b9@group-916038891B0B-SegmentedRaftLogWorker] INFO  segmented.BufferedWriteChannel (BufferedWriteChannel.java:open(62)) - open log_inprogress_0 at position 0
2024-04-23 19:59:49,541 [5c06539f-238f-401a-8663-461110f37d8f@group-DA0C2F9F4D67-LeaderElection53] INFO  impl.LeaderElection (LeaderElection.java:askForVotes(321)) - 5c06539f-238f-401a-8663-461110f37d8f@group-DA0C2F9F4D67-LeaderElection53 ELECTION round 0: submit vote requests at term 1 for -1: peers:[7071ee0d-0296-4c1d-93da-2a6b8f0a8e11|10.1.0.27:15308, 5c06539f-238f-401a-8663-461110f37d8f|10.1.0.27:15326, 37bb455d-24a6-4251-8f16-d648f82e590e|10.1.0.27:15317]|listeners:[], old=null
2024-04-23 19:59:49,543 [7b3b87b1-ef59-40de-ba05-c120003f3778@group-916038891B0B-SegmentedRaftLogWorker] INFO  segmented.SegmentedRaftLogWorker (SegmentedRaftLogWorker.java:execute(634)) - 7b3b87b1-ef59-40de-ba05-c120003f3778@group-916038891B0B-SegmentedRaftLogWorker: created new log segment /home/runner/work/ozone/ozone/hadoop-ozone/integration-test/target/test-dir/MiniOzoneClusterImpl-d857b234-8aec-441a-a9c9-a34f2a008b14/ozone-meta/datanode-1/ratis/716ab13f-d029-497d-8788-916038891b0b/current/log_inprogress_0
2024-04-23 19:59:49,546 [5c06539f-238f-401a-8663-461110f37d8f@group-DA0C2F9F4D67-LeaderElection53] INFO  server.RaftServerConfigKeys (ConfUtils.java:logFallback(53)) - raft.server.rpc.first-election.timeout.min = 5s (fallback to raft.server.rpc.timeout.min)
2024-04-23 19:59:49,546 [5c06539f-238f-401a-8663-461110f37d8f@group-DA0C2F9F4D67-LeaderElection53] INFO  server.RaftServerConfigKeys (ConfUtils.java:logFallback(53)) - raft.server.rpc.first-election.timeout.max = 5200ms (fallback to raft.server.rpc.timeout.max)
2024-04-23 19:59:49,554 [f13f88a1-11f3-4f35-9751-23eec4d236b9@group-916038891B0B-SegmentedRaftLogWorker] INFO  segmented.SegmentedRaftLogWorker (SegmentedRaftLogWorker.java:execute(634)) - f13f88a1-11f3-4f35-9751-23eec4d236b9@group-916038891B0B-SegmentedRaftLogWorker: created new log segment /home/runner/work/ozone/ozone/hadoop-ozone/integration-test/target/test-dir/MiniOzoneClusterImpl-d857b234-8aec-441a-a9c9-a34f2a008b14/ozone-meta/datanode-3/ratis/716ab13f-d029-497d-8788-916038891b0b/current/log_inprogress_0
2024-04-23 19:59:49,554 [grpc-default-executor-0] INFO  server.RaftServer$Division (RaftServerImpl.java:requestVote(1389)) - 37bb455d-24a6-4251-8f16-d648f82e590e@group-DA0C2F9F4D67: receive requestVote(ELECTION, 5c06539f-238f-401a-8663-461110f37d8f, group-DA0C2F9F4D67, 1, (t:0, i:0))
2024-04-23 19:59:49,554 [grpc-default-executor-0] INFO  impl.VoteContext (VoteContext.java:log(49)) - 37bb455d-24a6-4251-8f16-d648f82e590e@group-DA0C2F9F4D67-FOLLOWER: accept ELECTION from 5c06539f-238f-401a-8663-461110f37d8f: our priority 0 <= candidate's priority 1
2024-04-23 19:59:49,554 [grpc-default-executor-0] INFO  server.RaftServer$Division (RaftServerImpl.java:setRole(383)) - 37bb455d-24a6-4251-8f16-d648f82e590e@group-DA0C2F9F4D67: changes role from  FOLLOWER to FOLLOWER at term 1 for candidate:5c06539f-238f-401a-8663-461110f37d8f
2024-04-23 19:59:49,554 [grpc-default-executor-0] INFO  impl.RoleInfo (RoleInfo.java:shutdownFollowerState(110)) - 37bb455d-24a6-4251-8f16-d648f82e590e: shutdown 37bb455d-24a6-4251-8f16-d648f82e590e@group-DA0C2F9F4D67-FollowerState
2024-04-23 19:59:49,554 [grpc-default-executor-1] INFO  server.RaftServer$Division (RaftServerImpl.java:requestVote(1389)) - 37bb455d-24a6-4251-8f16-d648f82e590e@group-DA0C2F9F4D67: receive requestVote(PRE_VOTE, 5c06539f-238f-401a-8663-461110f37d8f, group-DA0C2F9F4D67, 0, (t:0, i:0))
2024-04-23 19:59:49,554 [37bb455d-24a6-4251-8f16-d648f82e590e@group-DA0C2F9F4D67-FollowerState] INFO  impl.FollowerState (FollowerState.java:run(152)) - 37bb455d-24a6-4251-8f16-d648f82e590e@group-DA0C2F9F4D67-FollowerState was interrupted
2024-04-23 19:59:49,554 [grpc-default-executor-0] INFO  impl.RoleInfo (RoleInfo.java:updateAndGet(139)) - 37bb455d-24a6-4251-8f16-d648f82e590e: start 37bb455d-24a6-4251-8f16-d648f82e590e@group-DA0C2F9F4D67-FollowerState
2024-04-23 19:59:49,555 [grpc-default-executor-0] INFO  server.RaftServer$Division (RaftServerImpl.java:setFirstElection(574)) - 37bb455d-24a6-4251-8f16-d648f82e590e@group-DA0C2F9F4D67: set firstElectionSinceStartup to false for candidate:5c06539f-238f-401a-8663-461110f37d8f
2024-04-23 19:59:49,556 [grpc-default-executor-4] INFO  server.RaftServer$Division (RaftServerImpl.java:requestVote(1389)) - 7071ee0d-0296-4c1d-93da-2a6b8f0a8e11@group-DA0C2F9F4D67: receive requestVote(ELECTION, 5c06539f-238f-401a-8663-461110f37d8f, group-DA0C2F9F4D67, 1, (t:0, i:0))
2024-04-23 19:59:49,556 [77d21a36-b63d-4df7-892f-b483d98564d7@group-916038891B0B-StateMachineUpdater] INFO  server.RaftServer$Division (LeaderStateImpl.java:isApplied(320)) - leader is ready since appliedIndex == 0 >= startIndex == 0
2024-04-23 19:59:49,556 [grpc-default-executor-4] INFO  impl.VoteContext (VoteContext.java:log(49)) - 7071ee0d-0296-4c1d-93da-2a6b8f0a8e11@group-DA0C2F9F4D67-FOLLOWER: accept ELECTION from 5c06539f-238f-401a-8663-461110f37d8f: our priority 0 <= candidate's priority 1
2024-04-23 19:59:49,557 [grpc-default-executor-4] INFO  server.RaftServer$Division (RaftServerImpl.java:setRole(383)) - 7071ee0d-0296-4c1d-93da-2a6b8f0a8e11@group-DA0C2F9F4D67: changes role from  FOLLOWER to FOLLOWER at term 1 for candidate:5c06539f-238f-401a-8663-461110f37d8f
2024-04-23 19:59:49,557 [grpc-default-executor-4] INFO  impl.RoleInfo (RoleInfo.java:shutdownFollowerState(110)) - 7071ee0d-0296-4c1d-93da-2a6b8f0a8e11: shutdown 7071ee0d-0296-4c1d-93da-2a6b8f0a8e11@group-DA0C2F9F4D67-FollowerState
2024-04-23 19:59:49,557 [grpc-default-executor-4] INFO  impl.RoleInfo (RoleInfo.java:updateAndGet(139)) - 7071ee0d-0296-4c1d-93da-2a6b8f0a8e11: start 7071ee0d-0296-4c1d-93da-2a6b8f0a8e11@group-DA0C2F9F4D67-FollowerState
2024-04-23 19:59:49,557 [7071ee0d-0296-4c1d-93da-2a6b8f0a8e11@group-DA0C2F9F4D67-FollowerState] INFO  impl.FollowerState (FollowerState.java:run(152)) - 7071ee0d-0296-4c1d-93da-2a6b8f0a8e11@group-DA0C2F9F4D67-FollowerState was interrupted
2024-04-23 19:59:49,558 [grpc-default-executor-4] INFO  server.RaftServer$Division (RaftServerImpl.java:setFirstElection(574)) - 7071ee0d-0296-4c1d-93da-2a6b8f0a8e11@group-DA0C2F9F4D67: set firstElectionSinceStartup to false for candidate:5c06539f-238f-401a-8663-461110f37d8f
2024-04-23 19:59:49,558 [grpc-default-executor-0] INFO  server.RaftServer$Division (RaftServerImpl.java:requestVote(1422)) - 37bb455d-24a6-4251-8f16-d648f82e590e@group-DA0C2F9F4D67 replies to ELECTION vote request: 5c06539f-238f-401a-8663-461110f37d8f<-37bb455d-24a6-4251-8f16-d648f82e590e#0:OK-t1. Peer's state: 37bb455d-24a6-4251-8f16-d648f82e590e@group-DA0C2F9F4D67:t1, leader=null, voted=5c06539f-238f-401a-8663-461110f37d8f, raftlog=Memoized:37bb455d-24a6-4251-8f16-d648f82e590e@group-DA0C2F9F4D67-SegmentedRaftLog:OPENED:c-1, conf=-1: peers:[7071ee0d-0296-4c1d-93da-2a6b8f0a8e11|10.1.0.27:15308, 5c06539f-238f-401a-8663-461110f37d8f|10.1.0.27:15326, 37bb455d-24a6-4251-8f16-d648f82e590e|10.1.0.27:15317]|listeners:[], old=null
2024-04-23 19:59:49,558 [grpc-default-executor-1] INFO  impl.VoteContext (VoteContext.java:log(49)) - 37bb455d-24a6-4251-8f16-d648f82e590e@group-DA0C2F9F4D67-FOLLOWER: accept PRE_VOTE from 5c06539f-238f-401a-8663-461110f37d8f: our priority 0 <= candidate's priority 1
2024-04-23 19:59:49,559 [grpc-default-executor-4] INFO  server.RaftServer$Division (RaftServerImpl.java:requestVote(1422)) - 7071ee0d-0296-4c1d-93da-2a6b8f0a8e11@group-DA0C2F9F4D67 replies to ELECTION vote request: 5c06539f-238f-401a-8663-461110f37d8f<-7071ee0d-0296-4c1d-93da-2a6b8f0a8e11#0:OK-t1. Peer's state: 7071ee0d-0296-4c1d-93da-2a6b8f0a8e11@group-DA0C2F9F4D67:t1, leader=null, voted=5c06539f-238f-401a-8663-461110f37d8f, raftlog=Memoized:7071ee0d-0296-4c1d-93da-2a6b8f0a8e11@group-DA0C2F9F4D67-SegmentedRaftLog:OPENED:c-1, conf=-1: peers:[7071ee0d-0296-4c1d-93da-2a6b8f0a8e11|10.1.0.27:15308, 5c06539f-238f-401a-8663-461110f37d8f|10.1.0.27:15326, 37bb455d-24a6-4251-8f16-d648f82e590e|10.1.0.27:15317]|listeners:[], old=null
2024-04-23 19:59:49,559 [grpc-default-executor-1] INFO  server.RaftServer$Division (RaftServerImpl.java:requestVote(1422)) - 37bb455d-24a6-4251-8f16-d648f82e590e@group-DA0C2F9F4D67 replies to PRE_VOTE vote request: 5c06539f-238f-401a-8663-461110f37d8f<-37bb455d-24a6-4251-8f16-d648f82e590e#0:OK-t1. Peer's state: 37bb455d-24a6-4251-8f16-d648f82e590e@group-DA0C2F9F4D67:t1, leader=null, voted=5c06539f-238f-401a-8663-461110f37d8f, raftlog=Memoized:37bb455d-24a6-4251-8f16-d648f82e590e@group-DA0C2F9F4D67-SegmentedRaftLog:OPENED:c-1, conf=-1: peers:[7071ee0d-0296-4c1d-93da-2a6b8f0a8e11|10.1.0.27:15308, 5c06539f-238f-401a-8663-461110f37d8f|10.1.0.27:15326, 37bb455d-24a6-4251-8f16-d648f82e590e|10.1.0.27:15317]|listeners:[], old=null
2024-04-23 19:59:49,560 [5c06539f-238f-401a-8663-461110f37d8f@group-DA0C2F9F4D67-LeaderElection53] INFO  impl.LeaderElection (LeaderElection.java:logAndReturn(89)) - 5c06539f-238f-401a-8663-461110f37d8f@group-DA0C2F9F4D67-LeaderElection53: ELECTION PASSED received 1 response(s) and 0 exception(s):
2024-04-23 19:59:49,560 [5c06539f-238f-401a-8663-461110f37d8f@group-DA0C2F9F4D67-LeaderElection53] INFO  impl.LeaderElection (LeaderElection.java:logAndReturn(93)) -   Response 0: 5c06539f-238f-401a-8663-461110f37d8f<-7071ee0d-0296-4c1d-93da-2a6b8f0a8e11#0:OK-t1
2024-04-23 19:59:49,560 [5c06539f-238f-401a-8663-461110f37d8f@group-DA0C2F9F4D67-LeaderElection53] INFO  impl.LeaderElection (LeaderElection.java:askForVotes(323)) - 5c06539f-238f-401a-8663-461110f37d8f@group-DA0C2F9F4D67-LeaderElection53 ELECTION round 0: result PASSED
2024-04-23 19:59:49,561 [5c06539f-238f-401a-8663-461110f37d8f@group-DA0C2F9F4D67-LeaderElection53] INFO  impl.RoleInfo (RoleInfo.java:shutdownLeaderElection(130)) - 5c06539f-238f-401a-8663-461110f37d8f: shutdown 5c06539f-238f-401a-8663-461110f37d8f@group-DA0C2F9F4D67-LeaderElection53
2024-04-23 19:59:49,561 [5c06539f-238f-401a-8663-461110f37d8f@group-DA0C2F9F4D67-LeaderElection53] INFO  server.RaftServer$Division (RaftServerImpl.java:setRole(383)) - 5c06539f-238f-401a-8663-461110f37d8f@group-DA0C2F9F4D67: changes role from CANDIDATE to LEADER at term 1 for changeToLeader
2024-04-23 19:59:49,561 [5c06539f-238f-401a-8663-461110f37d8f@group-DA0C2F9F4D67-LeaderElection53] INFO  server.RaftServerConfigKeys (ConfUtils.java:logGet(46)) - raft.server.staging.catchup.gap = 1000 (default)
2024-04-23 19:59:49,561 [37bb455d-24a6-4251-8f16-d648f82e590e@group-7D724E5E77CB-FollowerState] INFO  impl.FollowerState (FollowerState.java:run(143)) - 37bb455d-24a6-4251-8f16-d648f82e590e@group-7D724E5E77CB-FollowerState: change to CANDIDATE, lastRpcElapsedTime:5028866114ns, electionTimeout:5028ms
2024-04-23 19:59:49,561 [5c06539f-238f-401a-8663-461110f37d8f@group-DA0C2F9F4D67-LeaderElection53] INFO  server.RaftServerConfigKeys (ConfUtils.java:logGet(46)) - raft.server.write.element-limit = 1024 (custom)
2024-04-23 19:59:49,561 [37bb455d-24a6-4251-8f16-d648f82e590e@group-7D724E5E77CB-FollowerState] INFO  impl.RoleInfo (RoleInfo.java:shutdownFollowerState(110)) - 37bb455d-24a6-4251-8f16-d648f82e590e: shutdown 37bb455d-24a6-4251-8f16-d648f82e590e@group-7D724E5E77CB-FollowerState
2024-04-23 19:59:49,561 [37bb455d-24a6-4251-8f16-d648f82e590e@group-7D724E5E77CB-FollowerState] INFO  server.RaftServer$Division (RaftServerImpl.java:setRole(383)) - 37bb455d-24a6-4251-8f16-d648f82e590e@group-7D724E5E77CB: changes role from  FOLLOWER to CANDIDATE at term 0 for changeToCandidate
2024-04-23 19:59:49,561 [37bb455d-24a6-4251-8f16-d648f82e590e@group-7D724E5E77CB-FollowerState] INFO  server.RaftServerConfigKeys (ConfUtils.java:logGet(46)) - raft.server.leaderelection.pre-vote = true (default)
2024-04-23 19:59:49,561 [37bb455d-24a6-4251-8f16-d648f82e590e@group-7D724E5E77CB-FollowerState] INFO  impl.RoleInfo (RoleInfo.java:updateAndGet(139)) - 37bb455d-24a6-4251-8f16-d648f82e590e: start 37bb455d-24a6-4251-8f16-d648f82e590e@group-7D724E5E77CB-LeaderElection54
2024-04-23 19:59:49,561 [5c06539f-238f-401a-8663-461110f37d8f@group-DA0C2F9F4D67-LeaderElection53] INFO  server.RaftServerConfigKeys (ConfUtils.java:logGet(46)) - raft.server.write.byte-limit = 1024 M (=1073741824) (custom)
2024-04-23 19:59:49,566 [5c06539f-238f-401a-8663-461110f37d8f@group-DA0C2F9F4D67-LeaderElection53] INFO  server.RaftServerConfigKeys (ConfUtils.java:logGet(46)) - raft.server.watch.timeout = 3000ms (custom)
2024-04-23 19:59:49,566 [5c06539f-238f-401a-8663-461110f37d8f@group-DA0C2F9F4D67-LeaderElection53] INFO  server.RaftServerConfigKeys (ConfUtils.java:logGet(46)) - raft.server.watch.timeout.denomination = 1s (default)
2024-04-23 19:59:49,566 [5c06539f-238f-401a-8663-461110f37d8f@group-DA0C2F9F4D67-LeaderElection53] INFO  server.RaftServerConfigKeys (ConfUtils.java:logGet(46)) - raft.server.watch.element-limit = 65536 (default)
2024-04-23 19:59:49,566 [5c06539f-238f-401a-8663-461110f37d8f@group-DA0C2F9F4D67-LeaderElection53] INFO  server.RaftServerConfigKeys (ConfUtils.java:logGet(46)) - raft.server.read.leader.lease.enabled = false (default)
2024-04-23 19:59:49,566 [37bb455d-24a6-4251-8f16-d648f82e590e@group-7D724E5E77CB-LeaderElection54] INFO  impl.LeaderElection (LeaderElection.java:askForVotes(321)) - 37bb455d-24a6-4251-8f16-d648f82e590e@group-7D724E5E77CB-LeaderElection54 PRE_VOTE round 0: submit vote requests at term 0 for -1: peers:[37bb455d-24a6-4251-8f16-d648f82e590e|10.1.0.27:15317]|listeners:[], old=null
2024-04-23 19:59:49,567 [37bb455d-24a6-4251-8f16-d648f82e590e@group-7D724E5E77CB-LeaderElection54] INFO  impl.LeaderElection (LeaderElection.java:askForVotes(323)) - 37bb455d-24a6-4251-8f16-d648f82e590e@group-7D724E5E77CB-LeaderElection54 PRE_VOTE round 0: result PASSED (term=0)
2024-04-23 19:59:49,566 [5c06539f-238f-401a-8663-461110f37d8f@group-DA0C2F9F4D67-LeaderElection53] INFO  server.RaftServerConfigKeys (ConfUtils.java:logGet(46)) - raft.server.read.leader.lease.timeout.ratio = 0.9 (default)
2024-04-23 19:59:49,567 [5c06539f-238f-401a-8663-461110f37d8f@group-DA0C2F9F4D67-LeaderElection53] INFO  server.RaftServerConfigKeys (ConfUtils.java:logGet(46)) - raft.server.rpc.timeout.min = 5s (custom)
2024-04-23 19:59:49,567 [5c06539f-238f-401a-8663-461110f37d8f@group-DA0C2F9F4D67-LeaderElection53] INFO  server.RaftServerConfigKeys (ConfUtils.java:logGet(46)) - raft.server.write.element-limit = 1024 (custom)
2024-04-23 19:59:49,567 [5c06539f-238f-401a-8663-461110f37d8f@group-DA0C2F9F4D67-LeaderElection53] INFO  server.RaftServerConfigKeys (ConfUtils.java:logGet(46)) - raft.server.write.follower.gap.ratio.max = -1.0 (default)
2024-04-23 19:59:49,567 [5c06539f-238f-401a-8663-461110f37d8f@group-DA0C2F9F4D67-LeaderElection53] INFO  server.RaftServerConfigKeys (ConfUtils.java:logGet(46)) - raft.server.log.appender.snapshot.chunk.size.max = 16MB (=16777216) (default)
2024-04-23 19:59:49,567 [5c06539f-238f-401a-8663-461110f37d8f@group-DA0C2F9F4D67-LeaderElection53] INFO  server.RaftServerConfigKeys (ConfUtils.java:logGet(46)) - raft.server.log.appender.buffer.byte-limit = 8388608 (custom)
2024-04-23 19:59:49,568 [5c06539f-238f-401a-8663-461110f37d8f@group-DA0C2F9F4D67-LeaderElection53] INFO  server.RaftServerConfigKeys (ConfUtils.java:logGet(46)) - raft.server.log.appender.buffer.element-limit = 1 (custom)
2024-04-23 19:59:49,568 [37bb455d-24a6-4251-8f16-d648f82e590e@group-7D724E5E77CB-LeaderElection54] INFO  impl.LeaderElection (LeaderElection.java:askForVotes(321)) - 37bb455d-24a6-4251-8f16-d648f82e590e@group-7D724E5E77CB-LeaderElection54 ELECTION round 0: submit vote requests at term 1 for -1: peers:[37bb455d-24a6-4251-8f16-d648f82e590e|10.1.0.27:15317]|listeners:[], old=null
2024-04-23 19:59:49,568 [37bb455d-24a6-4251-8f16-d648f82e590e@group-7D724E5E77CB-LeaderElection54] INFO  impl.LeaderElection (LeaderElection.java:askForVotes(323)) - 37bb455d-24a6-4251-8f16-d648f82e590e@group-7D724E5E77CB-LeaderElection54 ELECTION round 0: result PASSED (term=1)
2024-04-23 19:59:49,568 [37bb455d-24a6-4251-8f16-d648f82e590e@group-7D724E5E77CB-LeaderElection54] INFO  impl.RoleInfo (RoleInfo.java:shutdownLeaderElection(130)) - 37bb455d-24a6-4251-8f16-d648f82e590e: shutdown 37bb455d-24a6-4251-8f16-d648f82e590e@group-7D724E5E77CB-LeaderElection54
2024-04-23 19:59:49,568 [37bb455d-24a6-4251-8f16-d648f82e590e@group-7D724E5E77CB-LeaderElection54] INFO  server.RaftServer$Division (RaftServerImpl.java:setRole(383)) - 37bb455d-24a6-4251-8f16-d648f82e590e@group-7D724E5E77CB: changes role from CANDIDATE to LEADER at term 1 for changeToLeader
2024-04-23 19:59:49,568 [37bb455d-24a6-4251-8f16-d648f82e590e@group-7D724E5E77CB-LeaderElection54] INFO  server.RaftServerConfigKeys (ConfUtils.java:logGet(46)) - raft.server.staging.catchup.gap = 1000 (default)
2024-04-23 19:59:49,568 [37bb455d-24a6-4251-8f16-d648f82e590e@group-7D724E5E77CB-LeaderElection54] INFO  server.RaftServerConfigKeys (ConfUtils.java:logGet(46)) - raft.server.write.element-limit = 1024 (custom)
2024-04-23 19:59:49,568 [37bb455d-24a6-4251-8f16-d648f82e590e@group-7D724E5E77CB-LeaderElection54] INFO  server.RaftServerConfigKeys (ConfUtils.java:logGet(46)) - raft.server.write.byte-limit = 1024 M (=1073741824) (custom)
2024-04-23 19:59:49,568 [5c06539f-238f-401a-8663-461110f37d8f@group-DA0C2F9F4D67-LeaderElection53] INFO  server.RaftServerConfigKeys (ConfUtils.java:logGet(46)) - raft.server.log.appender.wait-time.min = 0ms (custom)
2024-04-23 19:59:49,568 [5c06539f-238f-401a-8663-461110f37d8f@group-DA0C2F9F4D67-LeaderElection53] INFO  grpc.GrpcConfigKeys (ConfUtils.java:logGet(46)) - raft.grpc.server.leader.outstanding.appends.max = 8 (default)
2024-04-23 19:59:49,568 [37bb455d-24a6-4251-8f16-d648f82e590e@group-7D724E5E77CB-LeaderElection54] INFO  server.RaftServerConfigKeys (ConfUtils.java:logGet(46)) - raft.server.watch.timeout = 3000ms (custom)
2024-04-23 19:59:49,568 [37bb455d-24a6-4251-8f16-d648f82e590e@group-7D724E5E77CB-LeaderElection54] INFO  server.RaftServerConfigKeys (ConfUtils.java:logGet(46)) - raft.server.watch.timeout.denomination = 1s (default)
2024-04-23 19:59:49,568 [37bb455d-24a6-4251-8f16-d648f82e590e@group-7D724E5E77CB-LeaderElection54] INFO  server.RaftServerConfigKeys (ConfUtils.java:logGet(46)) - raft.server.watch.element-limit = 65536 (default)
2024-04-23 19:59:49,569 [37bb455d-24a6-4251-8f16-d648f82e590e@group-7D724E5E77CB-LeaderElection54] INFO  server.RaftServerConfigKeys (ConfUtils.java:logGet(46)) - raft.server.read.leader.lease.enabled = false (default)
2024-04-23 19:59:49,569 [37bb455d-24a6-4251-8f16-d648f82e590e@group-7D724E5E77CB-LeaderElection54] INFO  server.RaftServerConfigKeys (ConfUtils.java:logGet(46)) - raft.server.read.leader.lease.timeout.ratio = 0.9 (default)
2024-04-23 19:59:49,569 [37bb455d-24a6-4251-8f16-d648f82e590e@group-7D724E5E77CB-LeaderElection54] INFO  server.RaftServerConfigKeys (ConfUtils.java:logGet(46)) - raft.server.rpc.timeout.min = 5s (custom)
2024-04-23 19:59:49,569 [37bb455d-24a6-4251-8f16-d648f82e590e@group-7D724E5E77CB-LeaderElection54] INFO  server.RaftServerConfigKeys (ConfUtils.java:logGet(46)) - raft.server.write.element-limit = 1024 (custom)
2024-04-23 19:59:49,569 [37bb455d-24a6-4251-8f16-d648f82e590e@group-7D724E5E77CB-LeaderElection54] INFO  server.RaftServerConfigKeys (ConfUtils.java:logGet(46)) - raft.server.write.follower.gap.ratio.max = -1.0 (default)
2024-04-23 19:59:49,569 [37bb455d-24a6-4251-8f16-d648f82e590e@group-7D724E5E77CB-LeaderElection54] INFO  impl.RoleInfo (RoleInfo.java:updateAndGet(139)) - 37bb455d-24a6-4251-8f16-d648f82e590e: start 37bb455d-24a6-4251-8f16-d648f82e590e@group-7D724E5E77CB-LeaderStateImpl
2024-04-23 19:59:49,569 [37bb455d-24a6-4251-8f16-d648f82e590e@group-7D724E5E77CB-LeaderElection54] INFO  server.RaftServer$Division (RaftServerImpl.java:setFirstElection(574)) - 37bb455d-24a6-4251-8f16-d648f82e590e@group-7D724E5E77CB: set firstElectionSinceStartup to false for becomeLeader
2024-04-23 19:59:49,568 [5c06539f-238f-401a-8663-461110f37d8f@group-DA0C2F9F4D67-LeaderElection53] INFO  server.RaftServerConfigKeys (ConfUtils.java:logGet(46)) - raft.server.rpc.request.timeout = 3000ms (default)
2024-04-23 19:59:49,569 [5c06539f-238f-401a-8663-461110f37d8f@group-DA0C2F9F4D67-LeaderElection53] INFO  grpc.GrpcConfigKeys (ConfUtils.java:logGet(46)) - raft.grpc.server.install_snapshot.request.element-limit = 8 (default)
2024-04-23 19:59:49,569 [5c06539f-238f-401a-8663-461110f37d8f@group-DA0C2F9F4D67-LeaderElection53] INFO  grpc.GrpcConfigKeys (ConfUtils.java:logGet(46)) - raft.grpc.server.install_snapshot.request.timeout = 3000ms (default)
2024-04-23 19:59:49,569 [5c06539f-238f-401a-8663-461110f37d8f@group-DA0C2F9F4D67-LeaderElection53] INFO  grpc.GrpcConfigKeys (ConfUtils.java:logGet(46)) - raft.grpc.server.log-message.batch.duration = 5s (default)
2024-04-23 19:59:49,569 [37bb455d-24a6-4251-8f16-d648f82e590e@group-7D724E5E77CB-LeaderElection54] INFO  ratis.XceiverServerRatis (XceiverServerRatis.java:handleLeaderChangedNotification(966)) - Leader change notification received for group: group-7D724E5E77CB with new leaderId: 37bb455d-24a6-4251-8f16-d648f82e590e
2024-04-23 19:59:49,569 [5c06539f-238f-401a-8663-461110f37d8f@group-DA0C2F9F4D67-LeaderElection53] INFO  server.RaftServerConfigKeys (ConfUtils.java:logGet(46)) - raft.server.log.appender.install.snapshot.enabled = false (custom)
2024-04-23 19:59:49,569 [5c06539f-238f-401a-8663-461110f37d8f@group-DA0C2F9F4D67-LeaderElection53] INFO  grpc.GrpcConfigKeys (ConfUtils.java:logGet(46)) - raft.grpc.server.heartbeat.channel = true (default)
2024-04-23 19:59:49,569 [37bb455d-24a6-4251-8f16-d648f82e590e@group-7D724E5E77CB-LeaderElection54] INFO  server.RaftServer$Division (ServerState.java:setLeader(269)) - 37bb455d-24a6-4251-8f16-d648f82e590e@group-7D724E5E77CB: change Leader from null to 37bb455d-24a6-4251-8f16-d648f82e590e at term 1 for becomeLeader, leader elected after 5049ms
2024-04-23 19:59:49,570 [37bb455d-24a6-4251-8f16-d648f82e590e@group-7D724E5E77CB-LeaderElection54] INFO  segmented.SegmentedRaftLogWorker (SegmentedRaftLogWorker.java:startLogSegment(430)) - 37bb455d-24a6-4251-8f16-d648f82e590e@group-7D724E5E77CB-SegmentedRaftLogWorker: Starting segment from index:0
2024-04-23 19:59:49,571 [37bb455d-24a6-4251-8f16-d648f82e590e@group-7D724E5E77CB-LeaderElection54] INFO  server.RaftServer$Division (ServerState.java:setRaftConf(386)) - 37bb455d-24a6-4251-8f16-d648f82e590e@group-7D724E5E77CB: set configuration 0: peers:[37bb455d-24a6-4251-8f16-d648f82e590e|10.1.0.27:15317]|listeners:[], old=null
2024-04-23 19:59:49,572 [37bb455d-24a6-4251-8f16-d648f82e590e@group-7D724E5E77CB-SegmentedRaftLogWorker] INFO  segmented.BufferedWriteChannel (BufferedWriteChannel.java:open(62)) - open log_inprogress_0 at position 0
2024-04-23 19:59:49,572 [5c06539f-238f-401a-8663-461110f37d8f@group-DA0C2F9F4D67-LeaderElection53] INFO  server.RaftServerConfigKeys (ConfUtils.java:logGet(46)) - raft.server.log.appender.snapshot.chunk.size.max = 16MB (=16777216) (default)
2024-04-23 19:59:49,572 [5c06539f-238f-401a-8663-461110f37d8f@group-DA0C2F9F4D67-LeaderElection53] INFO  server.RaftServerConfigKeys (ConfUtils.java:logGet(46)) - raft.server.log.appender.buffer.byte-limit = 8388608 (custom)
2024-04-23 19:59:49,572 [5c06539f-238f-401a-8663-461110f37d8f@group-DA0C2F9F4D67-LeaderElection53] INFO  server.RaftServerConfigKeys (ConfUtils.java:logGet(46)) - raft.server.log.appender.buffer.element-limit = 1 (custom)
2024-04-23 19:59:49,572 [5c06539f-238f-401a-8663-461110f37d8f@group-DA0C2F9F4D67-LeaderElection53] INFO  server.RaftServerConfigKeys (ConfUtils.java:logGet(46)) - raft.server.log.appender.wait-time.min = 0ms (custom)
2024-04-23 19:59:49,572 [5c06539f-238f-401a-8663-461110f37d8f@group-DA0C2F9F4D67-LeaderElection53] INFO  grpc.GrpcConfigKeys (ConfUtils.java:logGet(46)) - raft.grpc.server.leader.outstanding.appends.max = 8 (default)
2024-04-23 19:59:49,572 [5c06539f-238f-401a-8663-461110f37d8f@group-DA0C2F9F4D67-LeaderElection53] INFO  server.RaftServerConfigKeys (ConfUtils.java:logGet(46)) - raft.server.rpc.request.timeout = 3000ms (default)
2024-04-23 19:59:49,572 [5c06539f-238f-401a-8663-461110f37d8f@group-DA0C2F9F4D67-LeaderElection53] INFO  grpc.GrpcConfigKeys (ConfUtils.java:logGet(46)) - raft.grpc.server.install_snapshot.request.element-limit = 8 (default)
2024-04-23 19:59:49,572 [5c06539f-238f-401a-8663-461110f37d8f@group-DA0C2F9F4D67-LeaderElection53] INFO  grpc.GrpcConfigKeys (ConfUtils.java:logGet(46)) - raft.grpc.server.install_snapshot.request.timeout = 3000ms (default)
2024-04-23 19:59:49,572 [5c06539f-238f-401a-8663-461110f37d8f@group-DA0C2F9F4D67-LeaderElection53] INFO  grpc.GrpcConfigKeys (ConfUtils.java:logGet(46)) - raft.grpc.server.log-message.batch.duration = 5s (default)
2024-04-23 19:59:49,572 [5c06539f-238f-401a-8663-461110f37d8f@group-DA0C2F9F4D67-LeaderElection53] INFO  server.RaftServerConfigKeys (ConfUtils.java:logGet(46)) - raft.server.log.appender.install.snapshot.enabled = false (custom)
2024-04-23 19:59:49,572 [5c06539f-238f-401a-8663-461110f37d8f@group-DA0C2F9F4D67-LeaderElection53] INFO  grpc.GrpcConfigKeys (ConfUtils.java:logGet(46)) - raft.grpc.server.heartbeat.channel = true (default)
2024-04-23 19:59:49,573 [5c06539f-238f-401a-8663-461110f37d8f@group-DA0C2F9F4D67-LeaderElection53] INFO  impl.RoleInfo (RoleInfo.java:updateAndGet(139)) - 5c06539f-238f-401a-8663-461110f37d8f: start 5c06539f-238f-401a-8663-461110f37d8f@group-DA0C2F9F4D67-LeaderStateImpl
2024-04-23 19:59:49,573 [5c06539f-238f-401a-8663-461110f37d8f@group-DA0C2F9F4D67-LeaderElection53] INFO  server.RaftServer$Division (RaftServerImpl.java:setFirstElection(574)) - 5c06539f-238f-401a-8663-461110f37d8f@group-DA0C2F9F4D67: set firstElectionSinceStartup to false for becomeLeader
2024-04-23 19:59:49,573 [5c06539f-238f-401a-8663-461110f37d8f@group-DA0C2F9F4D67-LeaderElection53] INFO  ratis.XceiverServerRatis (XceiverServerRatis.java:handleLeaderChangedNotification(966)) - Leader change notification received for group: group-DA0C2F9F4D67 with new leaderId: 5c06539f-238f-401a-8663-461110f37d8f
2024-04-23 19:59:49,573 [5c06539f-238f-401a-8663-461110f37d8f@group-DA0C2F9F4D67-LeaderElection53] INFO  server.RaftServer$Division (ServerState.java:setLeader(269)) - 5c06539f-238f-401a-8663-461110f37d8f@group-DA0C2F9F4D67: change Leader from null to 5c06539f-238f-401a-8663-461110f37d8f at term 1 for becomeLeader, leader elected after 5075ms
2024-04-23 19:59:49,573 [5c06539f-238f-401a-8663-461110f37d8f@group-DA0C2F9F4D67-LeaderElection53] INFO  segmented.SegmentedRaftLogWorker (SegmentedRaftLogWorker.java:startLogSegment(430)) - 5c06539f-238f-401a-8663-461110f37d8f@group-DA0C2F9F4D67-SegmentedRaftLogWorker: Starting segment from index:0
2024-04-23 19:59:49,573 [5c06539f-238f-401a-8663-461110f37d8f@group-DA0C2F9F4D67-SegmentedRaftLogWorker] INFO  segmented.BufferedWriteChannel (BufferedWriteChannel.java:open(62)) - open log_inprogress_0 at position 0
2024-04-23 19:59:49,577 [5c06539f-238f-401a-8663-461110f37d8f@group-DA0C2F9F4D67-LeaderElection53] INFO  server.RaftServer$Division (ServerState.java:setRaftConf(386)) - 5c06539f-238f-401a-8663-461110f37d8f@group-DA0C2F9F4D67: set configuration 0: peers:[7071ee0d-0296-4c1d-93da-2a6b8f0a8e11|10.1.0.27:15308, 5c06539f-238f-401a-8663-461110f37d8f|10.1.0.27:15326, 37bb455d-24a6-4251-8f16-d648f82e590e|10.1.0.27:15317]|listeners:[], old=null
2024-04-23 19:59:49,580 [f13f88a1-11f3-4f35-9751-23eec4d236b9@group-83B9B6334C76-FollowerState] INFO  impl.FollowerState (FollowerState.java:run(143)) - f13f88a1-11f3-4f35-9751-23eec4d236b9@group-83B9B6334C76-FollowerState: change to CANDIDATE, lastRpcElapsedTime:5170231151ns, electionTimeout:5169ms
2024-04-23 19:59:49,580 [f13f88a1-11f3-4f35-9751-23eec4d236b9@group-83B9B6334C76-FollowerState] INFO  impl.RoleInfo (RoleInfo.java:shutdownFollowerState(110)) - f13f88a1-11f3-4f35-9751-23eec4d236b9: shutdown f13f88a1-11f3-4f35-9751-23eec4d236b9@group-83B9B6334C76-FollowerState
2024-04-23 19:59:49,580 [f13f88a1-11f3-4f35-9751-23eec4d236b9@group-83B9B6334C76-FollowerState] INFO  server.RaftServer$Division (RaftServerImpl.java:setRole(383)) - f13f88a1-11f3-4f35-9751-23eec4d236b9@group-83B9B6334C76: changes role from  FOLLOWER to CANDIDATE at term 0 for changeToCandidate
2024-04-23 19:59:49,582 [EventQueue-PipelineReportForPipelineReportHandler] INFO  pipeline.PipelineReportHandler (PipelineReportHandler.java:processPipelineReport(136)) - Opened pipeline PipelineID=479e9e1a-4d29-452c-baf5-da0c2f9f4d67
2024-04-23 19:59:49,582 [f13f88a1-11f3-4f35-9751-23eec4d236b9@group-83B9B6334C76-FollowerState] INFO  server.RaftServerConfigKeys (ConfUtils.java:logGet(46)) - raft.server.leaderelection.pre-vote = true (default)
2024-04-23 19:59:49,582 [f13f88a1-11f3-4f35-9751-23eec4d236b9@group-83B9B6334C76-FollowerState] INFO  impl.RoleInfo (RoleInfo.java:updateAndGet(139)) - f13f88a1-11f3-4f35-9751-23eec4d236b9: start f13f88a1-11f3-4f35-9751-23eec4d236b9@group-83B9B6334C76-LeaderElection55
2024-04-23 19:59:49,583 [37bb455d-24a6-4251-8f16-d648f82e590e@group-7D724E5E77CB-SegmentedRaftLogWorker] INFO  segmented.SegmentedRaftLogWorker (SegmentedRaftLogWorker.java:execute(634)) - 37bb455d-24a6-4251-8f16-d648f82e590e@group-7D724E5E77CB-SegmentedRaftLogWorker: created new log segment /home/runner/work/ozone/ozone/hadoop-ozone/integration-test/target/test-dir/MiniOzoneClusterImpl-d857b234-8aec-441a-a9c9-a34f2a008b14/ozone-meta/datanode-5/ratis/94544c91-2a61-471f-b2f8-7d724e5e77cb/current/log_inprogress_0
2024-04-23 19:59:49,584 [5c06539f-238f-401a-8663-461110f37d8f@group-DA0C2F9F4D67-SegmentedRaftLogWorker] INFO  segmented.SegmentedRaftLogWorker (SegmentedRaftLogWorker.java:execute(634)) - 5c06539f-238f-401a-8663-461110f37d8f@group-DA0C2F9F4D67-SegmentedRaftLogWorker: created new log segment /home/runner/work/ozone/ozone/hadoop-ozone/integration-test/target/test-dir/MiniOzoneClusterImpl-d857b234-8aec-441a-a9c9-a34f2a008b14/ozone-meta/datanode-6/ratis/479e9e1a-4d29-452c-baf5-da0c2f9f4d67/current/log_inprogress_0
2024-04-23 19:59:49,586 [f13f88a1-11f3-4f35-9751-23eec4d236b9@group-83B9B6334C76-LeaderElection55] INFO  impl.LeaderElection (LeaderElection.java:askForVotes(321)) - f13f88a1-11f3-4f35-9751-23eec4d236b9@group-83B9B6334C76-LeaderElection55 PRE_VOTE round 0: submit vote requests at term 0 for -1: peers:[f13f88a1-11f3-4f35-9751-23eec4d236b9|10.1.0.27:15299]|listeners:[], old=null
2024-04-23 19:59:49,586 [f13f88a1-11f3-4f35-9751-23eec4d236b9@group-83B9B6334C76-LeaderElection55] INFO  impl.LeaderElection (LeaderElection.java:askForVotes(323)) - f13f88a1-11f3-4f35-9751-23eec4d236b9@group-83B9B6334C76-LeaderElection55 PRE_VOTE round 0: result PASSED (term=0)
2024-04-23 19:59:49,587 [f13f88a1-11f3-4f35-9751-23eec4d236b9@group-83B9B6334C76-LeaderElection55] INFO  impl.LeaderElection (LeaderElection.java:askForVotes(321)) - f13f88a1-11f3-4f35-9751-23eec4d236b9@group-83B9B6334C76-LeaderElection55 ELECTION round 0: submit vote requests at term 1 for -1: peers:[f13f88a1-11f3-4f35-9751-23eec4d236b9|10.1.0.27:15299]|listeners:[], old=null
2024-04-23 19:59:49,587 [f13f88a1-11f3-4f35-9751-23eec4d236b9@group-83B9B6334C76-LeaderElection55] INFO  impl.LeaderElection (LeaderElection.java:askForVotes(323)) - f13f88a1-11f3-4f35-9751-23eec4d236b9@group-83B9B6334C76-LeaderElection55 ELECTION round 0: result PASSED (term=1)
2024-04-23 19:59:49,587 [f13f88a1-11f3-4f35-9751-23eec4d236b9@group-83B9B6334C76-LeaderElection55] INFO  impl.RoleInfo (RoleInfo.java:shutdownLeaderElection(130)) - f13f88a1-11f3-4f35-9751-23eec4d236b9: shutdown f13f88a1-11f3-4f35-9751-23eec4d236b9@group-83B9B6334C76-LeaderElection55
2024-04-23 19:59:49,587 [f13f88a1-11f3-4f35-9751-23eec4d236b9@group-83B9B6334C76-LeaderElection55] INFO  server.RaftServer$Division (RaftServerImpl.java:setRole(383)) - f13f88a1-11f3-4f35-9751-23eec4d236b9@group-83B9B6334C76: changes role from CANDIDATE to LEADER at term 1 for changeToLeader
2024-04-23 19:59:49,587 [f13f88a1-11f3-4f35-9751-23eec4d236b9@group-83B9B6334C76-LeaderElection55] INFO  server.RaftServerConfigKeys (ConfUtils.java:logGet(46)) - raft.server.staging.catchup.gap = 1000 (default)
2024-04-23 19:59:49,587 [f13f88a1-11f3-4f35-9751-23eec4d236b9@group-83B9B6334C76-LeaderElection55] INFO  server.RaftServerConfigKeys (ConfUtils.java:logGet(46)) - raft.server.write.element-limit = 1024 (custom)
2024-04-23 19:59:49,587 [f13f88a1-11f3-4f35-9751-23eec4d236b9@group-83B9B6334C76-LeaderElection55] INFO  server.RaftServerConfigKeys (ConfUtils.java:logGet(46)) - raft.server.write.byte-limit = 1024 M (=1073741824) (custom)
2024-04-23 19:59:49,591 [7071ee0d-0296-4c1d-93da-2a6b8f0a8e11@group-EF7E0735E355-FollowerState] INFO  impl.FollowerState (FollowerState.java:run(143)) - 7071ee0d-0296-4c1d-93da-2a6b8f0a8e11@group-EF7E0735E355-FollowerState: change to CANDIDATE, lastRpcElapsedTime:5121408237ns, electionTimeout:5120ms
2024-04-23 19:59:49,591 [7071ee0d-0296-4c1d-93da-2a6b8f0a8e11@group-EF7E0735E355-FollowerState] INFO  impl.RoleInfo (RoleInfo.java:shutdownFollowerState(110)) - 7071ee0d-0296-4c1d-93da-2a6b8f0a8e11: shutdown 7071ee0d-0296-4c1d-93da-2a6b8f0a8e11@group-EF7E0735E355-FollowerState
2024-04-23 19:59:49,591 [7071ee0d-0296-4c1d-93da-2a6b8f0a8e11@group-EF7E0735E355-FollowerState] INFO  server.RaftServer$Division (RaftServerImpl.java:setRole(383)) - 7071ee0d-0296-4c1d-93da-2a6b8f0a8e11@group-EF7E0735E355: changes role from  FOLLOWER to CANDIDATE at term 0 for changeToCandidate
2024-04-23 19:59:49,591 [7071ee0d-0296-4c1d-93da-2a6b8f0a8e11@group-EF7E0735E355-FollowerState] INFO  server.RaftServerConfigKeys (ConfUtils.java:logGet(46)) - raft.server.leaderelection.pre-vote = true (default)
2024-04-23 19:59:49,591 [7071ee0d-0296-4c1d-93da-2a6b8f0a8e11@group-EF7E0735E355-FollowerState] INFO  impl.RoleInfo (RoleInfo.java:updateAndGet(139)) - 7071ee0d-0296-4c1d-93da-2a6b8f0a8e11: start 7071ee0d-0296-4c1d-93da-2a6b8f0a8e11@group-EF7E0735E355-LeaderElection56
2024-04-23 19:59:49,596 [7071ee0d-0296-4c1d-93da-2a6b8f0a8e11@group-EF7E0735E355-LeaderElection56] INFO  impl.LeaderElection (LeaderElection.java:askForVotes(321)) - 7071ee0d-0296-4c1d-93da-2a6b8f0a8e11@group-EF7E0735E355-LeaderElection56 PRE_VOTE round 0: submit vote requests at term 0 for -1: peers:[7071ee0d-0296-4c1d-93da-2a6b8f0a8e11|10.1.0.27:15308]|listeners:[], old=null
2024-04-23 19:59:49,596 [7071ee0d-0296-4c1d-93da-2a6b8f0a8e11@group-EF7E0735E355-LeaderElection56] INFO  impl.LeaderElection (LeaderElection.java:askForVotes(323)) - 7071ee0d-0296-4c1d-93da-2a6b8f0a8e11@group-EF7E0735E355-LeaderElection56 PRE_VOTE round 0: result PASSED (term=0)
2024-04-23 19:59:49,597 [7071ee0d-0296-4c1d-93da-2a6b8f0a8e11@group-EF7E0735E355-LeaderElection56] INFO  impl.LeaderElection (LeaderElection.java:askForVotes(321)) - 7071ee0d-0296-4c1d-93da-2a6b8f0a8e11@group-EF7E0735E355-LeaderElection56 ELECTION round 0: submit vote requests at term 1 for -1: peers:[7071ee0d-0296-4c1d-93da-2a6b8f0a8e11|10.1.0.27:15308]|listeners:[], old=null
2024-04-23 19:59:49,598 [7071ee0d-0296-4c1d-93da-2a6b8f0a8e11@group-EF7E0735E355-LeaderElection56] INFO  impl.LeaderElection (LeaderElection.java:askForVotes(323)) - 7071ee0d-0296-4c1d-93da-2a6b8f0a8e11@group-EF7E0735E355-LeaderElection56 ELECTION round 0: result PASSED (term=1)
2024-04-23 19:59:49,601 [37bb455d-24a6-4251-8f16-d648f82e590e-server-thread1] INFO  ratis.XceiverServerRatis (XceiverServerRatis.java:handleLeaderChangedNotification(966)) - Leader change notification received for group: group-DA0C2F9F4D67 with new leaderId: 5c06539f-238f-401a-8663-461110f37d8f
2024-04-23 19:59:49,601 [37bb455d-24a6-4251-8f16-d648f82e590e-server-thread1] INFO  server.RaftServer$Division (ServerState.java:setLeader(269)) - 37bb455d-24a6-4251-8f16-d648f82e590e@group-DA0C2F9F4D67: change Leader from null to 5c06539f-238f-401a-8663-461110f37d8f at term 1 for appendEntries, leader elected after 5079ms
2024-04-23 19:59:49,601 [7071ee0d-0296-4c1d-93da-2a6b8f0a8e11@group-EF7E0735E355-LeaderElection56] INFO  impl.RoleInfo (RoleInfo.java:shutdownLeaderElection(130)) - 7071ee0d-0296-4c1d-93da-2a6b8f0a8e11: shutdown 7071ee0d-0296-4c1d-93da-2a6b8f0a8e11@group-EF7E0735E355-LeaderElection56
2024-04-23 19:59:49,599 [f13f88a1-11f3-4f35-9751-23eec4d236b9@group-83B9B6334C76-LeaderElection55] INFO  server.RaftServerConfigKeys (ConfUtils.java:logGet(46)) - raft.server.watch.timeout = 3000ms (custom)
2024-04-23 19:59:49,602 [7071ee0d-0296-4c1d-93da-2a6b8f0a8e11@group-EF7E0735E355-LeaderElection56] INFO  server.RaftServer$Division (RaftServerImpl.java:setRole(383)) - 7071ee0d-0296-4c1d-93da-2a6b8f0a8e11@group-EF7E0735E355: changes role from CANDIDATE to LEADER at term 1 for changeToLeader
2024-04-23 19:59:49,602 [f13f88a1-11f3-4f35-9751-23eec4d236b9@group-83B9B6334C76-LeaderElection55] INFO  server.RaftServerConfigKeys (ConfUtils.java:logGet(46)) - raft.server.watch.timeout.denomination = 1s (default)
2024-04-23 19:59:49,602 [7071ee0d-0296-4c1d-93da-2a6b8f0a8e11@group-EF7E0735E355-LeaderElection56] INFO  server.RaftServerConfigKeys (ConfUtils.java:logGet(46)) - raft.server.staging.catchup.gap = 1000 (default)
2024-04-23 19:59:49,602 [f13f88a1-11f3-4f35-9751-23eec4d236b9@group-83B9B6334C76-LeaderElection55] INFO  server.RaftServerConfigKeys (ConfUtils.java:logGet(46)) - raft.server.watch.element-limit = 65536 (default)
2024-04-23 19:59:49,602 [f13f88a1-11f3-4f35-9751-23eec4d236b9@group-83B9B6334C76-LeaderElection55] INFO  server.RaftServerConfigKeys (ConfUtils.java:logGet(46)) - raft.server.read.leader.lease.enabled = false (default)
2024-04-23 19:59:49,602 [f13f88a1-11f3-4f35-9751-23eec4d236b9@group-83B9B6334C76-LeaderElection55] INFO  server.RaftServerConfigKeys (ConfUtils.java:logGet(46)) - raft.server.read.leader.lease.timeout.ratio = 0.9 (default)
2024-04-23 19:59:49,602 [f13f88a1-11f3-4f35-9751-23eec4d236b9@group-83B9B6334C76-LeaderElection55] INFO  server.RaftServerConfigKeys (ConfUtils.java:logGet(46)) - raft.server.rpc.timeout.min = 5s (custom)
2024-04-23 19:59:49,603 [f13f88a1-11f3-4f35-9751-23eec4d236b9@group-83B9B6334C76-LeaderElection55] INFO  server.RaftServerConfigKeys (ConfUtils.java:logGet(46)) - raft.server.write.element-limit = 1024 (custom)
2024-04-23 19:59:49,603 [f13f88a1-11f3-4f35-9751-23eec4d236b9@group-83B9B6334C76-LeaderElection55] INFO  server.RaftServerConfigKeys (ConfUtils.java:logGet(46)) - raft.server.write.follower.gap.ratio.max = -1.0 (default)
2024-04-23 19:59:49,603 [f13f88a1-11f3-4f35-9751-23eec4d236b9@group-83B9B6334C76-LeaderElection55] INFO  impl.RoleInfo (RoleInfo.java:updateAndGet(139)) - f13f88a1-11f3-4f35-9751-23eec4d236b9: start f13f88a1-11f3-4f35-9751-23eec4d236b9@group-83B9B6334C76-LeaderStateImpl
2024-04-23 19:59:49,603 [f13f88a1-11f3-4f35-9751-23eec4d236b9@group-83B9B6334C76-LeaderElection55] INFO  server.RaftServer$Division (RaftServerImpl.java:setFirstElection(574)) - f13f88a1-11f3-4f35-9751-23eec4d236b9@group-83B9B6334C76: set firstElectionSinceStartup to false for becomeLeader
2024-04-23 19:59:49,603 [f13f88a1-11f3-4f35-9751-23eec4d236b9@group-83B9B6334C76-LeaderElection55] INFO  ratis.XceiverServerRatis (XceiverServerRatis.java:handleLeaderChangedNotification(966)) - Leader change notification received for group: group-83B9B6334C76 with new leaderId: f13f88a1-11f3-4f35-9751-23eec4d236b9
2024-04-23 19:59:49,607 [f13f88a1-11f3-4f35-9751-23eec4d236b9@group-83B9B6334C76-LeaderElection55] INFO  server.RaftServer$Division (ServerState.java:setLeader(269)) - f13f88a1-11f3-4f35-9751-23eec4d236b9@group-83B9B6334C76: change Leader from null to f13f88a1-11f3-4f35-9751-23eec4d236b9 at term 1 for becomeLeader, leader elected after 5203ms
2024-04-23 19:59:49,607 [f13f88a1-11f3-4f35-9751-23eec4d236b9@group-83B9B6334C76-LeaderElection55] INFO  segmented.SegmentedRaftLogWorker (SegmentedRaftLogWorker.java:startLogSegment(430)) - f13f88a1-11f3-4f35-9751-23eec4d236b9@group-83B9B6334C76-SegmentedRaftLogWorker: Starting segment from index:0
2024-04-23 19:59:49,607 [7071ee0d-0296-4c1d-93da-2a6b8f0a8e11@group-EF7E0735E355-LeaderElection56] INFO  server.RaftServerConfigKeys (ConfUtils.java:logGet(46)) - raft.server.write.element-limit = 1024 (custom)
2024-04-23 19:59:49,608 [37bb455d-24a6-4251-8f16-d648f82e590e@group-7D724E5E77CB-StateMachineUpdater] INFO  server.RaftServer$Division (LeaderStateImpl.java:isApplied(320)) - leader is ready since appliedIndex == 0 >= startIndex == 0
2024-04-23 19:59:49,608 [f13f88a1-11f3-4f35-9751-23eec4d236b9@group-83B9B6334C76-LeaderElection55] INFO  server.RaftServer$Division (ServerState.java:setRaftConf(386)) - f13f88a1-11f3-4f35-9751-23eec4d236b9@group-83B9B6334C76: set configuration 0: peers:[f13f88a1-11f3-4f35-9751-23eec4d236b9|10.1.0.27:15299]|listeners:[], old=null
2024-04-23 19:59:49,609 [f13f88a1-11f3-4f35-9751-23eec4d236b9@group-83B9B6334C76-SegmentedRaftLogWorker] INFO  segmented.BufferedWriteChannel (BufferedWriteChannel.java:open(62)) - open log_inprogress_0 at position 0
2024-04-23 19:59:49,609 [7071ee0d-0296-4c1d-93da-2a6b8f0a8e11@group-EF7E0735E355-LeaderElection56] INFO  server.RaftServerConfigKeys (ConfUtils.java:logGet(46)) - raft.server.write.byte-limit = 1024 M (=1073741824) (custom)
2024-04-23 19:59:49,608 [7071ee0d-0296-4c1d-93da-2a6b8f0a8e11-server-thread1] INFO  ratis.XceiverServerRatis (XceiverServerRatis.java:handleLeaderChangedNotification(966)) - Leader change notification received for group: group-DA0C2F9F4D67 with new leaderId: 5c06539f-238f-401a-8663-461110f37d8f
2024-04-23 19:59:49,613 [7071ee0d-0296-4c1d-93da-2a6b8f0a8e11-server-thread1] INFO  server.RaftServer$Division (ServerState.java:setLeader(269)) - 7071ee0d-0296-4c1d-93da-2a6b8f0a8e11@group-DA0C2F9F4D67: change Leader from null to 5c06539f-238f-401a-8663-461110f37d8f at term 1 for appendEntries, leader elected after 5136ms
2024-04-23 19:59:49,614 [7071ee0d-0296-4c1d-93da-2a6b8f0a8e11@group-EF7E0735E355-LeaderElection56] INFO  server.RaftServerConfigKeys (ConfUtils.java:logGet(46)) - raft.server.watch.timeout = 3000ms (custom)
2024-04-23 19:59:49,614 [7071ee0d-0296-4c1d-93da-2a6b8f0a8e11@group-EF7E0735E355-LeaderElection56] INFO  server.RaftServerConfigKeys (ConfUtils.java:logGet(46)) - raft.server.watch.timeout.denomination = 1s (default)
2024-04-23 19:59:49,615 [37bb455d-24a6-4251-8f16-d648f82e590e-server-thread2] INFO  server.RaftServer$Division (ServerState.java:setRaftConf(386)) - 37bb455d-24a6-4251-8f16-d648f82e590e@group-DA0C2F9F4D67: set configuration 0: peers:[7071ee0d-0296-4c1d-93da-2a6b8f0a8e11|10.1.0.27:15308, 5c06539f-238f-401a-8663-461110f37d8f|10.1.0.27:15326, 37bb455d-24a6-4251-8f16-d648f82e590e|10.1.0.27:15317]|listeners:[], old=null
2024-04-23 19:59:49,615 [7071ee0d-0296-4c1d-93da-2a6b8f0a8e11@group-EF7E0735E355-LeaderElection56] INFO  server.RaftServerConfigKeys (ConfUtils.java:logGet(46)) - raft.server.watch.element-limit = 65536 (default)
2024-04-23 19:59:49,616 [7071ee0d-0296-4c1d-93da-2a6b8f0a8e11@group-EF7E0735E355-LeaderElection56] INFO  server.RaftServerConfigKeys (ConfUtils.java:logGet(46)) - raft.server.read.leader.lease.enabled = false (default)
2024-04-23 19:59:49,618 [7071ee0d-0296-4c1d-93da-2a6b8f0a8e11-server-thread2] INFO  server.RaftServer$Division (ServerState.java:setRaftConf(386)) - 7071ee0d-0296-4c1d-93da-2a6b8f0a8e11@group-DA0C2F9F4D67: set configuration 0: peers:[7071ee0d-0296-4c1d-93da-2a6b8f0a8e11|10.1.0.27:15308, 5c06539f-238f-401a-8663-461110f37d8f|10.1.0.27:15326, 37bb455d-24a6-4251-8f16-d648f82e590e|10.1.0.27:15317]|listeners:[], old=null
2024-04-23 19:59:49,618 [7071ee0d-0296-4c1d-93da-2a6b8f0a8e11-server-thread2] INFO  segmented.SegmentedRaftLogWorker (SegmentedRaftLogWorker.java:startLogSegment(430)) - 7071ee0d-0296-4c1d-93da-2a6b8f0a8e11@group-DA0C2F9F4D67-SegmentedRaftLogWorker: Starting segment from index:0
2024-04-23 19:59:49,618 [7071ee0d-0296-4c1d-93da-2a6b8f0a8e11@group-DA0C2F9F4D67-SegmentedRaftLogWorker] INFO  segmented.BufferedWriteChannel (BufferedWriteChannel.java:open(62)) - open log_inprogress_0 at position 0
2024-04-23 19:59:49,616 [37bb455d-24a6-4251-8f16-d648f82e590e-server-thread2] INFO  segmented.SegmentedRaftLogWorker (SegmentedRaftLogWorker.java:startLogSegment(430)) - 37bb455d-24a6-4251-8f16-d648f82e590e@group-DA0C2F9F4D67-SegmentedRaftLogWorker: Starting segment from index:0
2024-04-23 19:59:49,618 [7071ee0d-0296-4c1d-93da-2a6b8f0a8e11@group-EF7E0735E355-LeaderElection56] INFO  server.RaftServerConfigKeys (ConfUtils.java:logGet(46)) - raft.server.read.leader.lease.timeout.ratio = 0.9 (default)
2024-04-23 19:59:49,622 [7071ee0d-0296-4c1d-93da-2a6b8f0a8e11@group-EF7E0735E355-LeaderElection56] INFO  server.RaftServerConfigKeys (ConfUtils.java:logGet(46)) - raft.server.rpc.timeout.min = 5s (custom)
2024-04-23 19:59:49,622 [7071ee0d-0296-4c1d-93da-2a6b8f0a8e11@group-EF7E0735E355-LeaderElection56] INFO  server.RaftServerConfigKeys (ConfUtils.java:logGet(46)) - raft.server.write.element-limit = 1024 (custom)
2024-04-23 19:59:49,622 [7071ee0d-0296-4c1d-93da-2a6b8f0a8e11@group-EF7E0735E355-LeaderElection56] INFO  server.RaftServerConfigKeys (ConfUtils.java:logGet(46)) - raft.server.write.follower.gap.ratio.max = -1.0 (default)
2024-04-23 19:59:49,622 [7071ee0d-0296-4c1d-93da-2a6b8f0a8e11@group-EF7E0735E355-LeaderElection56] INFO  impl.RoleInfo (RoleInfo.java:updateAndGet(139)) - 7071ee0d-0296-4c1d-93da-2a6b8f0a8e11: start 7071ee0d-0296-4c1d-93da-2a6b8f0a8e11@group-EF7E0735E355-LeaderStateImpl
2024-04-23 19:59:49,622 [7071ee0d-0296-4c1d-93da-2a6b8f0a8e11@group-EF7E0735E355-LeaderElection56] INFO  server.RaftServer$Division (RaftServerImpl.java:setFirstElection(574)) - 7071ee0d-0296-4c1d-93da-2a6b8f0a8e11@group-EF7E0735E355: set firstElectionSinceStartup to false for becomeLeader
2024-04-23 19:59:49,622 [7071ee0d-0296-4c1d-93da-2a6b8f0a8e11@group-EF7E0735E355-LeaderElection56] INFO  ratis.XceiverServerRatis (XceiverServerRatis.java:handleLeaderChangedNotification(966)) - Leader change notification received for group: group-EF7E0735E355 with new leaderId: 7071ee0d-0296-4c1d-93da-2a6b8f0a8e11
2024-04-23 19:59:49,623 [7071ee0d-0296-4c1d-93da-2a6b8f0a8e11@group-EF7E0735E355-LeaderElection56] INFO  server.RaftServer$Division (ServerState.java:setLeader(269)) - 7071ee0d-0296-4c1d-93da-2a6b8f0a8e11@group-EF7E0735E355: change Leader from null to 7071ee0d-0296-4c1d-93da-2a6b8f0a8e11 at term 1 for becomeLeader, leader elected after 5165ms
2024-04-23 19:59:49,623 [7071ee0d-0296-4c1d-93da-2a6b8f0a8e11@group-EF7E0735E355-LeaderElection56] INFO  segmented.SegmentedRaftLogWorker (SegmentedRaftLogWorker.java:startLogSegment(430)) - 7071ee0d-0296-4c1d-93da-2a6b8f0a8e11@group-EF7E0735E355-SegmentedRaftLogWorker: Starting segment from index:0
2024-04-23 19:59:49,618 [f13f88a1-11f3-4f35-9751-23eec4d236b9@group-83B9B6334C76-SegmentedRaftLogWorker] INFO  segmented.SegmentedRaftLogWorker (SegmentedRaftLogWorker.java:execute(634)) - f13f88a1-11f3-4f35-9751-23eec4d236b9@group-83B9B6334C76-SegmentedRaftLogWorker: created new log segment /home/runner/work/ozone/ozone/hadoop-ozone/integration-test/target/test-dir/MiniOzoneClusterImpl-d857b234-8aec-441a-a9c9-a34f2a008b14/ozone-meta/datanode-3/ratis/e8df7b2a-36dc-4229-8d8d-83b9b6334c76/current/log_inprogress_0
2024-04-23 19:59:49,624 [7071ee0d-0296-4c1d-93da-2a6b8f0a8e11@group-EF7E0735E355-LeaderElection56] INFO  server.RaftServer$Division (ServerState.java:setRaftConf(386)) - 7071ee0d-0296-4c1d-93da-2a6b8f0a8e11@group-EF7E0735E355: set configuration 0: peers:[7071ee0d-0296-4c1d-93da-2a6b8f0a8e11|10.1.0.27:15308]|listeners:[], old=null
2024-04-23 19:59:49,624 [7071ee0d-0296-4c1d-93da-2a6b8f0a8e11@group-EF7E0735E355-SegmentedRaftLogWorker] INFO  segmented.BufferedWriteChannel (BufferedWriteChannel.java:open(62)) - open log_inprogress_0 at position 0
2024-04-23 19:59:49,625 [7071ee0d-0296-4c1d-93da-2a6b8f0a8e11@group-DA0C2F9F4D67-SegmentedRaftLogWorker] INFO  segmented.SegmentedRaftLogWorker (SegmentedRaftLogWorker.java:execute(634)) - 7071ee0d-0296-4c1d-93da-2a6b8f0a8e11@group-DA0C2F9F4D67-SegmentedRaftLogWorker: created new log segment /home/runner/work/ozone/ozone/hadoop-ozone/integration-test/target/test-dir/MiniOzoneClusterImpl-d857b234-8aec-441a-a9c9-a34f2a008b14/ozone-meta/datanode-4/ratis/479e9e1a-4d29-452c-baf5-da0c2f9f4d67/current/log_inprogress_0
2024-04-23 19:59:49,626 [37bb455d-24a6-4251-8f16-d648f82e590e@group-DA0C2F9F4D67-SegmentedRaftLogWorker] INFO  segmented.BufferedWriteChannel (BufferedWriteChannel.java:open(62)) - open log_inprogress_0 at position 0
2024-04-23 19:59:49,627 [5c06539f-238f-401a-8663-461110f37d8f@group-DA0C2F9F4D67-StateMachineUpdater] INFO  server.RaftServer$Division (LeaderStateImpl.java:isApplied(320)) - leader is ready since appliedIndex == 0 >= startIndex == 0
2024-04-23 19:59:49,627 [f13f88a1-11f3-4f35-9751-23eec4d236b9@group-83B9B6334C76-StateMachineUpdater] INFO  server.RaftServer$Division (LeaderStateImpl.java:isApplied(320)) - leader is ready since appliedIndex == 0 >= startIndex == 0
2024-04-23 19:59:49,636 [7071ee0d-0296-4c1d-93da-2a6b8f0a8e11@group-EF7E0735E355-SegmentedRaftLogWorker] INFO  segmented.SegmentedRaftLogWorker (SegmentedRaftLogWorker.java:execute(634)) - 7071ee0d-0296-4c1d-93da-2a6b8f0a8e11@group-EF7E0735E355-SegmentedRaftLogWorker: created new log segment /home/runner/work/ozone/ozone/hadoop-ozone/integration-test/target/test-dir/MiniOzoneClusterImpl-d857b234-8aec-441a-a9c9-a34f2a008b14/ozone-meta/datanode-4/ratis/edf1fbd4-cd2e-48d6-a1fc-ef7e0735e355/current/log_inprogress_0
2024-04-23 19:59:49,637 [37bb455d-24a6-4251-8f16-d648f82e590e@group-DA0C2F9F4D67-SegmentedRaftLogWorker] INFO  segmented.SegmentedRaftLogWorker (SegmentedRaftLogWorker.java:execute(634)) - 37bb455d-24a6-4251-8f16-d648f82e590e@group-DA0C2F9F4D67-SegmentedRaftLogWorker: created new log segment /home/runner/work/ozone/ozone/hadoop-ozone/integration-test/target/test-dir/MiniOzoneClusterImpl-d857b234-8aec-441a-a9c9-a34f2a008b14/ozone-meta/datanode-5/ratis/479e9e1a-4d29-452c-baf5-da0c2f9f4d67/current/log_inprogress_0
2024-04-23 19:59:49,638 [7071ee0d-0296-4c1d-93da-2a6b8f0a8e11@group-EF7E0735E355-StateMachineUpdater] INFO  server.RaftServer$Division (LeaderStateImpl.java:isApplied(320)) - leader is ready since appliedIndex == 0 >= startIndex == 0
2024-04-23 19:59:49,778 [5c06539f-238f-401a-8663-461110f37d8f@group-D46B572B1E65-FollowerState] INFO  impl.FollowerState (FollowerState.java:run(143)) - 5c06539f-238f-401a-8663-461110f37d8f@group-D46B572B1E65-FollowerState: change to CANDIDATE, lastRpcElapsedTime:5183952203ns, electionTimeout:5183ms
2024-04-23 19:59:49,778 [5c06539f-238f-401a-8663-461110f37d8f@group-D46B572B1E65-FollowerState] INFO  impl.RoleInfo (RoleInfo.java:shutdownFollowerState(110)) - 5c06539f-238f-401a-8663-461110f37d8f: shutdown 5c06539f-238f-401a-8663-461110f37d8f@group-D46B572B1E65-FollowerState
2024-04-23 19:59:49,779 [5c06539f-238f-401a-8663-461110f37d8f@group-D46B572B1E65-FollowerState] INFO  server.RaftServer$Division (RaftServerImpl.java:setRole(383)) - 5c06539f-238f-401a-8663-461110f37d8f@group-D46B572B1E65: changes role from  FOLLOWER to CANDIDATE at term 0 for changeToCandidate
2024-04-23 19:59:49,779 [5c06539f-238f-401a-8663-461110f37d8f@group-D46B572B1E65-FollowerState] INFO  server.RaftServerConfigKeys (ConfUtils.java:logGet(46)) - raft.server.leaderelection.pre-vote = true (default)
2024-04-23 19:59:49,779 [5c06539f-238f-401a-8663-461110f37d8f@group-D46B572B1E65-FollowerState] INFO  impl.RoleInfo (RoleInfo.java:updateAndGet(139)) - 5c06539f-238f-401a-8663-461110f37d8f: start 5c06539f-238f-401a-8663-461110f37d8f@group-D46B572B1E65-LeaderElection57
2024-04-23 19:59:49,779 [5c06539f-238f-401a-8663-461110f37d8f@group-D46B572B1E65-LeaderElection57] INFO  impl.LeaderElection (LeaderElection.java:askForVotes(321)) - 5c06539f-238f-401a-8663-461110f37d8f@group-D46B572B1E65-LeaderElection57 PRE_VOTE round 0: submit vote requests at term 0 for -1: peers:[5c06539f-238f-401a-8663-461110f37d8f|10.1.0.27:15326]|listeners:[], old=null
2024-04-23 19:59:49,779 [5c06539f-238f-401a-8663-461110f37d8f@group-D46B572B1E65-LeaderElection57] INFO  impl.LeaderElection (LeaderElection.java:askForVotes(323)) - 5c06539f-238f-401a-8663-461110f37d8f@group-D46B572B1E65-LeaderElection57 PRE_VOTE round 0: result PASSED (term=0)
2024-04-23 19:59:49,781 [5c06539f-238f-401a-8663-461110f37d8f@group-D46B572B1E65-LeaderElection57] INFO  impl.LeaderElection (LeaderElection.java:askForVotes(321)) - 5c06539f-238f-401a-8663-461110f37d8f@group-D46B572B1E65-LeaderElection57 ELECTION round 0: submit vote requests at term 1 for -1: peers:[5c06539f-238f-401a-8663-461110f37d8f|10.1.0.27:15326]|listeners:[], old=null
2024-04-23 19:59:49,781 [5c06539f-238f-401a-8663-461110f37d8f@group-D46B572B1E65-LeaderElection57] INFO  impl.LeaderElection (LeaderElection.java:askForVotes(323)) - 5c06539f-238f-401a-8663-461110f37d8f@group-D46B572B1E65-LeaderElection57 ELECTION round 0: result PASSED (term=1)
2024-04-23 19:59:49,781 [5c06539f-238f-401a-8663-461110f37d8f@group-D46B572B1E65-LeaderElection57] INFO  impl.RoleInfo (RoleInfo.java:shutdownLeaderElection(130)) - 5c06539f-238f-401a-8663-461110f37d8f: shutdown 5c06539f-238f-401a-8663-461110f37d8f@group-D46B572B1E65-LeaderElection57
2024-04-23 19:59:49,781 [5c06539f-238f-401a-8663-461110f37d8f@group-D46B572B1E65-LeaderElection57] INFO  server.RaftServer$Division (RaftServerImpl.java:setRole(383)) - 5c06539f-238f-401a-8663-461110f37d8f@group-D46B572B1E65: changes role from CANDIDATE to LEADER at term 1 for changeToLeader
2024-04-23 19:59:49,782 [5c06539f-238f-401a-8663-461110f37d8f@group-D46B572B1E65-LeaderElection57] INFO  server.RaftServerConfigKeys (ConfUtils.java:logGet(46)) - raft.server.staging.catchup.gap = 1000 (default)
2024-04-23 19:59:49,782 [5c06539f-238f-401a-8663-461110f37d8f@group-D46B572B1E65-LeaderElection57] INFO  server.RaftServerConfigKeys (ConfUtils.java:logGet(46)) - raft.server.write.element-limit = 1024 (custom)
2024-04-23 19:59:49,782 [5c06539f-238f-401a-8663-461110f37d8f@group-D46B572B1E65-LeaderElection57] INFO  server.RaftServerConfigKeys (ConfUtils.java:logGet(46)) - raft.server.write.byte-limit = 1024 M (=1073741824) (custom)
2024-04-23 19:59:49,782 [5c06539f-238f-401a-8663-461110f37d8f@group-D46B572B1E65-LeaderElection57] INFO  server.RaftServerConfigKeys (ConfUtils.java:logGet(46)) - raft.server.watch.timeout = 3000ms (custom)
2024-04-23 19:59:49,782 [5c06539f-238f-401a-8663-461110f37d8f@group-D46B572B1E65-LeaderElection57] INFO  server.RaftServerConfigKeys (ConfUtils.java:logGet(46)) - raft.server.watch.timeout.denomination = 1s (default)
2024-04-23 19:59:49,782 [5c06539f-238f-401a-8663-461110f37d8f@group-D46B572B1E65-LeaderElection57] INFO  server.RaftServerConfigKeys (ConfUtils.java:logGet(46)) - raft.server.watch.element-limit = 65536 (default)
2024-04-23 19:59:49,782 [5c06539f-238f-401a-8663-461110f37d8f@group-D46B572B1E65-LeaderElection57] INFO  server.RaftServerConfigKeys (ConfUtils.java:logGet(46)) - raft.server.read.leader.lease.enabled = false (default)
2024-04-23 19:59:49,782 [5c06539f-238f-401a-8663-461110f37d8f@group-D46B572B1E65-LeaderElection57] INFO  server.RaftServerConfigKeys (ConfUtils.java:logGet(46)) - raft.server.read.leader.lease.timeout.ratio = 0.9 (default)
2024-04-23 19:59:49,782 [5c06539f-238f-401a-8663-461110f37d8f@group-D46B572B1E65-LeaderElection57] INFO  server.RaftServerConfigKeys (ConfUtils.java:logGet(46)) - raft.server.rpc.timeout.min = 5s (custom)
2024-04-23 19:59:49,782 [5c06539f-238f-401a-8663-461110f37d8f@group-D46B572B1E65-LeaderElection57] INFO  server.RaftServerConfigKeys (ConfUtils.java:logGet(46)) - raft.server.write.element-limit = 1024 (custom)
2024-04-23 19:59:49,782 [5c06539f-238f-401a-8663-461110f37d8f@group-D46B572B1E65-LeaderElection57] INFO  server.RaftServerConfigKeys (ConfUtils.java:logGet(46)) - raft.server.write.follower.gap.ratio.max = -1.0 (default)
2024-04-23 19:59:49,782 [5c06539f-238f-401a-8663-461110f37d8f@group-D46B572B1E65-LeaderElection57] INFO  impl.RoleInfo (RoleInfo.java:updateAndGet(139)) - 5c06539f-238f-401a-8663-461110f37d8f: start 5c06539f-238f-401a-8663-461110f37d8f@group-D46B572B1E65-LeaderStateImpl
2024-04-23 19:59:49,783 [5c06539f-238f-401a-8663-461110f37d8f@group-D46B572B1E65-LeaderElection57] INFO  server.RaftServer$Division (RaftServerImpl.java:setFirstElection(574)) - 5c06539f-238f-401a-8663-461110f37d8f@group-D46B572B1E65: set firstElectionSinceStartup to false for becomeLeader
2024-04-23 19:59:49,783 [5c06539f-238f-401a-8663-461110f37d8f@group-D46B572B1E65-LeaderElection57] INFO  ratis.XceiverServerRatis (XceiverServerRatis.java:handleLeaderChangedNotification(966)) - Leader change notification received for group: group-D46B572B1E65 with new leaderId: 5c06539f-238f-401a-8663-461110f37d8f
2024-04-23 19:59:49,783 [5c06539f-238f-401a-8663-461110f37d8f@group-D46B572B1E65-LeaderElection57] INFO  server.RaftServer$Division (ServerState.java:setLeader(269)) - 5c06539f-238f-401a-8663-461110f37d8f@group-D46B572B1E65: change Leader from null to 5c06539f-238f-401a-8663-461110f37d8f at term 1 for becomeLeader, leader elected after 5197ms
2024-04-23 19:59:49,783 [5c06539f-238f-401a-8663-461110f37d8f@group-D46B572B1E65-LeaderElection57] INFO  segmented.SegmentedRaftLogWorker (SegmentedRaftLogWorker.java:startLogSegment(430)) - 5c06539f-238f-401a-8663-461110f37d8f@group-D46B572B1E65-SegmentedRaftLogWorker: Starting segment from index:0
2024-04-23 19:59:49,783 [5c06539f-238f-401a-8663-461110f37d8f@group-D46B572B1E65-SegmentedRaftLogWorker] INFO  segmented.BufferedWriteChannel (BufferedWriteChannel.java:open(62)) - open log_inprogress_0 at position 0
2024-04-23 19:59:49,787 [5c06539f-238f-401a-8663-461110f37d8f@group-D46B572B1E65-LeaderElection57] INFO  server.RaftServer$Division (ServerState.java:setRaftConf(386)) - 5c06539f-238f-401a-8663-461110f37d8f@group-D46B572B1E65: set configuration 0: peers:[5c06539f-238f-401a-8663-461110f37d8f|10.1.0.27:15326]|listeners:[], old=null
2024-04-23 19:59:49,792 [ece5501e-2183-421f-b873-7b565e9a7338@group-E40B2AA211D6-FollowerState] INFO  impl.FollowerState (FollowerState.java:run(143)) - ece5501e-2183-421f-b873-7b565e9a7338@group-E40B2AA211D6-FollowerState: change to CANDIDATE, lastRpcElapsedTime:5051270711ns, electionTimeout:5049ms
2024-04-23 19:59:49,792 [ece5501e-2183-421f-b873-7b565e9a7338@group-E40B2AA211D6-FollowerState] INFO  impl.RoleInfo (RoleInfo.java:shutdownFollowerState(110)) - ece5501e-2183-421f-b873-7b565e9a7338: shutdown ece5501e-2183-421f-b873-7b565e9a7338@group-E40B2AA211D6-FollowerState
2024-04-23 19:59:49,792 [ece5501e-2183-421f-b873-7b565e9a7338@group-E40B2AA211D6-FollowerState] INFO  server.RaftServer$Division (RaftServerImpl.java:setRole(383)) - ece5501e-2183-421f-b873-7b565e9a7338@group-E40B2AA211D6: changes role from  FOLLOWER to CANDIDATE at term 0 for changeToCandidate
2024-04-23 19:59:49,792 [ece5501e-2183-421f-b873-7b565e9a7338@group-E40B2AA211D6-FollowerState] INFO  server.RaftServerConfigKeys (ConfUtils.java:logGet(46)) - raft.server.leaderelection.pre-vote = true (default)
2024-04-23 19:59:49,792 [ece5501e-2183-421f-b873-7b565e9a7338@group-E40B2AA211D6-FollowerState] INFO  impl.RoleInfo (RoleInfo.java:updateAndGet(139)) - ece5501e-2183-421f-b873-7b565e9a7338: start ece5501e-2183-421f-b873-7b565e9a7338@group-E40B2AA211D6-LeaderElection58
2024-04-23 19:59:49,793 [7f4a6f89-87eb-42cc-a636-bf60fe9cf75e@group-D2BC44843D7A-FollowerState] INFO  impl.FollowerState (FollowerState.java:run(143)) - 7f4a6f89-87eb-42cc-a636-bf60fe9cf75e@group-D2BC44843D7A-FollowerState: change to CANDIDATE, lastRpcElapsedTime:5126388108ns, electionTimeout:5125ms
2024-04-23 19:59:49,793 [ece5501e-2183-421f-b873-7b565e9a7338@group-E40B2AA211D6-LeaderElection58] INFO  impl.LeaderElection (LeaderElection.java:askForVotes(321)) - ece5501e-2183-421f-b873-7b565e9a7338@group-E40B2AA211D6-LeaderElection58 PRE_VOTE round 0: submit vote requests at term 0 for -1: peers:[ece5501e-2183-421f-b873-7b565e9a7338|10.1.0.27:15344]|listeners:[], old=null
2024-04-23 19:59:49,793 [7f4a6f89-87eb-42cc-a636-bf60fe9cf75e@group-D2BC44843D7A-FollowerState] INFO  impl.RoleInfo (RoleInfo.java:shutdownFollowerState(110)) - 7f4a6f89-87eb-42cc-a636-bf60fe9cf75e: shutdown 7f4a6f89-87eb-42cc-a636-bf60fe9cf75e@group-D2BC44843D7A-FollowerState
2024-04-23 19:59:49,794 [ece5501e-2183-421f-b873-7b565e9a7338@group-E40B2AA211D6-LeaderElection58] INFO  impl.LeaderElection (LeaderElection.java:askForVotes(323)) - ece5501e-2183-421f-b873-7b565e9a7338@group-E40B2AA211D6-LeaderElection58 PRE_VOTE round 0: result PASSED (term=0)
2024-04-23 19:59:49,794 [7f4a6f89-87eb-42cc-a636-bf60fe9cf75e@group-D2BC44843D7A-FollowerState] INFO  server.RaftServer$Division (RaftServerImpl.java:setRole(383)) - 7f4a6f89-87eb-42cc-a636-bf60fe9cf75e@group-D2BC44843D7A: changes role from  FOLLOWER to CANDIDATE at term 0 for changeToCandidate
2024-04-23 19:59:49,794 [7f4a6f89-87eb-42cc-a636-bf60fe9cf75e@group-D2BC44843D7A-FollowerState] INFO  server.RaftServerConfigKeys (ConfUtils.java:logGet(46)) - raft.server.leaderelection.pre-vote = true (default)
2024-04-23 19:59:49,794 [7f4a6f89-87eb-42cc-a636-bf60fe9cf75e@group-D2BC44843D7A-FollowerState] INFO  impl.RoleInfo (RoleInfo.java:updateAndGet(139)) - 7f4a6f89-87eb-42cc-a636-bf60fe9cf75e: start 7f4a6f89-87eb-42cc-a636-bf60fe9cf75e@group-D2BC44843D7A-LeaderElection59
2024-04-23 19:59:49,798 [5c06539f-238f-401a-8663-461110f37d8f@group-D46B572B1E65-SegmentedRaftLogWorker] INFO  segmented.SegmentedRaftLogWorker (SegmentedRaftLogWorker.java:execute(634)) - 5c06539f-238f-401a-8663-461110f37d8f@group-D46B572B1E65-SegmentedRaftLogWorker: created new log segment /home/runner/work/ozone/ozone/hadoop-ozone/integration-test/target/test-dir/MiniOzoneClusterImpl-d857b234-8aec-441a-a9c9-a34f2a008b14/ozone-meta/datanode-6/ratis/1719d27b-c2ee-4410-9631-d46b572b1e65/current/log_inprogress_0
2024-04-23 19:59:49,798 [7f4a6f89-87eb-42cc-a636-bf60fe9cf75e@group-D2BC44843D7A-LeaderElection59] INFO  impl.LeaderElection (LeaderElection.java:askForVotes(321)) - 7f4a6f89-87eb-42cc-a636-bf60fe9cf75e@group-D2BC44843D7A-LeaderElection59 PRE_VOTE round 0: submit vote requests at term 0 for -1: peers:[7f4a6f89-87eb-42cc-a636-bf60fe9cf75e|10.1.0.27:15335]|listeners:[], old=null
2024-04-23 19:59:49,798 [7f4a6f89-87eb-42cc-a636-bf60fe9cf75e@group-D2BC44843D7A-LeaderElection59] INFO  impl.LeaderElection (LeaderElection.java:askForVotes(323)) - 7f4a6f89-87eb-42cc-a636-bf60fe9cf75e@group-D2BC44843D7A-LeaderElection59 PRE_VOTE round 0: result PASSED (term=0)
2024-04-23 19:59:49,799 [ece5501e-2183-421f-b873-7b565e9a7338@group-E40B2AA211D6-LeaderElection58] INFO  impl.LeaderElection (LeaderElection.java:askForVotes(321)) - ece5501e-2183-421f-b873-7b565e9a7338@group-E40B2AA211D6-LeaderElection58 ELECTION round 0: submit vote requests at term 1 for -1: peers:[ece5501e-2183-421f-b873-7b565e9a7338|10.1.0.27:15344]|listeners:[], old=null
2024-04-23 19:59:49,799 [ece5501e-2183-421f-b873-7b565e9a7338@group-E40B2AA211D6-LeaderElection58] INFO  impl.LeaderElection (LeaderElection.java:askForVotes(323)) - ece5501e-2183-421f-b873-7b565e9a7338@group-E40B2AA211D6-LeaderElection58 ELECTION round 0: result PASSED (term=1)
2024-04-23 19:59:49,799 [ece5501e-2183-421f-b873-7b565e9a7338@group-E40B2AA211D6-LeaderElection58] INFO  impl.RoleInfo (RoleInfo.java:shutdownLeaderElection(130)) - ece5501e-2183-421f-b873-7b565e9a7338: shutdown ece5501e-2183-421f-b873-7b565e9a7338@group-E40B2AA211D6-LeaderElection58
2024-04-23 19:59:49,799 [ece5501e-2183-421f-b873-7b565e9a7338@group-E40B2AA211D6-LeaderElection58] INFO  server.RaftServer$Division (RaftServerImpl.java:setRole(383)) - ece5501e-2183-421f-b873-7b565e9a7338@group-E40B2AA211D6: changes role from CANDIDATE to LEADER at term 1 for changeToLeader
2024-04-23 19:59:49,799 [ece5501e-2183-421f-b873-7b565e9a7338@group-E40B2AA211D6-LeaderElection58] INFO  server.RaftServerConfigKeys (ConfUtils.java:logGet(46)) - raft.server.staging.catchup.gap = 1000 (default)
2024-04-23 19:59:49,800 [7f4a6f89-87eb-42cc-a636-bf60fe9cf75e@group-D2BC44843D7A-LeaderElection59] INFO  impl.LeaderElection (LeaderElection.java:askForVotes(321)) - 7f4a6f89-87eb-42cc-a636-bf60fe9cf75e@group-D2BC44843D7A-LeaderElection59 ELECTION round 0: submit vote requests at term 1 for -1: peers:[7f4a6f89-87eb-42cc-a636-bf60fe9cf75e|10.1.0.27:15335]|listeners:[], old=null
2024-04-23 19:59:49,800 [ece5501e-2183-421f-b873-7b565e9a7338@group-E40B2AA211D6-LeaderElection58] INFO  server.RaftServerConfigKeys (ConfUtils.java:logGet(46)) - raft.server.write.element-limit = 1024 (custom)
2024-04-23 19:59:49,800 [ece5501e-2183-421f-b873-7b565e9a7338@group-E40B2AA211D6-LeaderElection58] INFO  server.RaftServerConfigKeys (ConfUtils.java:logGet(46)) - raft.server.write.byte-limit = 1024 M (=1073741824) (custom)
2024-04-23 19:59:49,800 [7f4a6f89-87eb-42cc-a636-bf60fe9cf75e@group-D2BC44843D7A-LeaderElection59] INFO  impl.LeaderElection (LeaderElection.java:askForVotes(323)) - 7f4a6f89-87eb-42cc-a636-bf60fe9cf75e@group-D2BC44843D7A-LeaderElection59 ELECTION round 0: result PASSED (term=1)
2024-04-23 19:59:49,800 [7f4a6f89-87eb-42cc-a636-bf60fe9cf75e@group-D2BC44843D7A-LeaderElection59] INFO  impl.RoleInfo (RoleInfo.java:shutdownLeaderElection(130)) - 7f4a6f89-87eb-42cc-a636-bf60fe9cf75e: shutdown 7f4a6f89-87eb-42cc-a636-bf60fe9cf75e@group-D2BC44843D7A-LeaderElection59
2024-04-23 19:59:49,800 [5c06539f-238f-401a-8663-461110f37d8f@group-D46B572B1E65-StateMachineUpdater] INFO  server.RaftServer$Division (LeaderStateImpl.java:isApplied(320)) - leader is ready since appliedIndex == 0 >= startIndex == 0
2024-04-23 19:59:49,800 [ece5501e-2183-421f-b873-7b565e9a7338@group-E40B2AA211D6-LeaderElection58] INFO  server.RaftServerConfigKeys (ConfUtils.java:logGet(46)) - raft.server.watch.timeout = 3000ms (custom)
2024-04-23 19:59:49,801 [ece5501e-2183-421f-b873-7b565e9a7338@group-E40B2AA211D6-LeaderElection58] INFO  server.RaftServerConfigKeys (ConfUtils.java:logGet(46)) - raft.server.watch.timeout.denomination = 1s (default)
2024-04-23 19:59:49,800 [7f4a6f89-87eb-42cc-a636-bf60fe9cf75e@group-D2BC44843D7A-LeaderElection59] INFO  server.RaftServer$Division (RaftServerImpl.java:setRole(383)) - 7f4a6f89-87eb-42cc-a636-bf60fe9cf75e@group-D2BC44843D7A: changes role from CANDIDATE to LEADER at term 1 for changeToLeader
2024-04-23 19:59:49,801 [ece5501e-2183-421f-b873-7b565e9a7338@group-E40B2AA211D6-LeaderElection58] INFO  server.RaftServerConfigKeys (ConfUtils.java:logGet(46)) - raft.server.watch.element-limit = 65536 (default)
2024-04-23 19:59:49,801 [7f4a6f89-87eb-42cc-a636-bf60fe9cf75e@group-D2BC44843D7A-LeaderElection59] INFO  server.RaftServerConfigKeys (ConfUtils.java:logGet(46)) - raft.server.staging.catchup.gap = 1000 (default)
2024-04-23 19:59:49,802 [ece5501e-2183-421f-b873-7b565e9a7338@group-E40B2AA211D6-LeaderElection58] INFO  server.RaftServerConfigKeys (ConfUtils.java:logGet(46)) - raft.server.read.leader.lease.enabled = false (default)
2024-04-23 19:59:49,802 [ece5501e-2183-421f-b873-7b565e9a7338@group-E40B2AA211D6-LeaderElection58] INFO  server.RaftServerConfigKeys (ConfUtils.java:logGet(46)) - raft.server.read.leader.lease.timeout.ratio = 0.9 (default)
2024-04-23 19:59:49,802 [7f4a6f89-87eb-42cc-a636-bf60fe9cf75e@group-D2BC44843D7A-LeaderElection59] INFO  server.RaftServerConfigKeys (ConfUtils.java:logGet(46)) - raft.server.write.element-limit = 1024 (custom)
2024-04-23 19:59:49,802 [7f4a6f89-87eb-42cc-a636-bf60fe9cf75e@group-D2BC44843D7A-LeaderElection59] INFO  server.RaftServerConfigKeys (ConfUtils.java:logGet(46)) - raft.server.write.byte-limit = 1024 M (=1073741824) (custom)
2024-04-23 19:59:49,802 [ece5501e-2183-421f-b873-7b565e9a7338@group-E40B2AA211D6-LeaderElection58] INFO  server.RaftServerConfigKeys (ConfUtils.java:logGet(46)) - raft.server.rpc.timeout.min = 5s (custom)
2024-04-23 19:59:49,802 [7f4a6f89-87eb-42cc-a636-bf60fe9cf75e@group-37EB9C4B86BD-FollowerState] INFO  impl.FollowerState (FollowerState.java:run(143)) - 7f4a6f89-87eb-42cc-a636-bf60fe9cf75e@group-37EB9C4B86BD-FollowerState: change to CANDIDATE, lastRpcElapsedTime:5122107203ns, electionTimeout:5118ms
2024-04-23 19:59:49,803 [7f4a6f89-87eb-42cc-a636-bf60fe9cf75e@group-37EB9C4B86BD-FollowerState] INFO  impl.RoleInfo (RoleInfo.java:shutdownFollowerState(110)) - 7f4a6f89-87eb-42cc-a636-bf60fe9cf75e: shutdown 7f4a6f89-87eb-42cc-a636-bf60fe9cf75e@group-37EB9C4B86BD-FollowerState
2024-04-23 19:59:49,803 [7f4a6f89-87eb-42cc-a636-bf60fe9cf75e@group-D2BC44843D7A-LeaderElection59] INFO  server.RaftServerConfigKeys (ConfUtils.java:logGet(46)) - raft.server.watch.timeout = 3000ms (custom)
2024-04-23 19:59:49,803 [7f4a6f89-87eb-42cc-a636-bf60fe9cf75e@group-D2BC44843D7A-LeaderElection59] INFO  server.RaftServerConfigKeys (ConfUtils.java:logGet(46)) - raft.server.watch.timeout.denomination = 1s (default)
2024-04-23 19:59:49,803 [7f4a6f89-87eb-42cc-a636-bf60fe9cf75e@group-D2BC44843D7A-LeaderElection59] INFO  server.RaftServerConfigKeys (ConfUtils.java:logGet(46)) - raft.server.watch.element-limit = 65536 (default)
2024-04-23 19:59:49,802 [ece5501e-2183-421f-b873-7b565e9a7338@group-E40B2AA211D6-LeaderElection58] INFO  server.RaftServerConfigKeys (ConfUtils.java:logGet(46)) - raft.server.write.element-limit = 1024 (custom)
2024-04-23 19:59:49,803 [7f4a6f89-87eb-42cc-a636-bf60fe9cf75e@group-D2BC44843D7A-LeaderElection59] INFO  server.RaftServerConfigKeys (ConfUtils.java:logGet(46)) - raft.server.read.leader.lease.enabled = false (default)
2024-04-23 19:59:49,803 [7f4a6f89-87eb-42cc-a636-bf60fe9cf75e@group-37EB9C4B86BD-FollowerState] INFO  server.RaftServer$Division (RaftServerImpl.java:setRole(383)) - 7f4a6f89-87eb-42cc-a636-bf60fe9cf75e@group-37EB9C4B86BD: changes role from  FOLLOWER to CANDIDATE at term 0 for changeToCandidate
2024-04-23 19:59:49,803 [7f4a6f89-87eb-42cc-a636-bf60fe9cf75e@group-D2BC44843D7A-LeaderElection59] INFO  server.RaftServerConfigKeys (ConfUtils.java:logGet(46)) - raft.server.read.leader.lease.timeout.ratio = 0.9 (default)
2024-04-23 19:59:49,803 [7f4a6f89-87eb-42cc-a636-bf60fe9cf75e@group-D2BC44843D7A-LeaderElection59] INFO  server.RaftServerConfigKeys (ConfUtils.java:logGet(46)) - raft.server.rpc.timeout.min = 5s (custom)
2024-04-23 19:59:49,803 [7f4a6f89-87eb-42cc-a636-bf60fe9cf75e@group-D2BC44843D7A-LeaderElection59] INFO  server.RaftServerConfigKeys (ConfUtils.java:logGet(46)) - raft.server.write.element-limit = 1024 (custom)
2024-04-23 19:59:49,803 [7f4a6f89-87eb-42cc-a636-bf60fe9cf75e@group-D2BC44843D7A-LeaderElection59] INFO  server.RaftServerConfigKeys (ConfUtils.java:logGet(46)) - raft.server.write.follower.gap.ratio.max = -1.0 (default)
2024-04-23 19:59:49,803 [7f4a6f89-87eb-42cc-a636-bf60fe9cf75e@group-D2BC44843D7A-LeaderElection59] INFO  impl.RoleInfo (RoleInfo.java:updateAndGet(139)) - 7f4a6f89-87eb-42cc-a636-bf60fe9cf75e: start 7f4a6f89-87eb-42cc-a636-bf60fe9cf75e@group-D2BC44843D7A-LeaderStateImpl
2024-04-23 19:59:49,803 [7f4a6f89-87eb-42cc-a636-bf60fe9cf75e@group-D2BC44843D7A-LeaderElection59] INFO  server.RaftServer$Division (RaftServerImpl.java:setFirstElection(574)) - 7f4a6f89-87eb-42cc-a636-bf60fe9cf75e@group-D2BC44843D7A: set firstElectionSinceStartup to false for becomeLeader
2024-04-23 19:59:49,803 [7f4a6f89-87eb-42cc-a636-bf60fe9cf75e@group-D2BC44843D7A-LeaderElection59] INFO  ratis.XceiverServerRatis (XceiverServerRatis.java:handleLeaderChangedNotification(966)) - Leader change notification received for group: group-D2BC44843D7A with new leaderId: 7f4a6f89-87eb-42cc-a636-bf60fe9cf75e
2024-04-23 19:59:49,803 [ece5501e-2183-421f-b873-7b565e9a7338@group-E40B2AA211D6-LeaderElection58] INFO  server.RaftServerConfigKeys (ConfUtils.java:logGet(46)) - raft.server.write.follower.gap.ratio.max = -1.0 (default)
2024-04-23 19:59:49,803 [7f4a6f89-87eb-42cc-a636-bf60fe9cf75e@group-37EB9C4B86BD-FollowerState] INFO  server.RaftServerConfigKeys (ConfUtils.java:logGet(46)) - raft.server.leaderelection.pre-vote = true (default)
2024-04-23 19:59:49,804 [7f4a6f89-87eb-42cc-a636-bf60fe9cf75e@group-37EB9C4B86BD-FollowerState] INFO  impl.RoleInfo (RoleInfo.java:updateAndGet(139)) - 7f4a6f89-87eb-42cc-a636-bf60fe9cf75e: start 7f4a6f89-87eb-42cc-a636-bf60fe9cf75e@group-37EB9C4B86BD-LeaderElection60
2024-04-23 19:59:49,804 [7f4a6f89-87eb-42cc-a636-bf60fe9cf75e@group-D2BC44843D7A-LeaderElection59] INFO  server.RaftServer$Division (ServerState.java:setLeader(269)) - 7f4a6f89-87eb-42cc-a636-bf60fe9cf75e@group-D2BC44843D7A: change Leader from null to 7f4a6f89-87eb-42cc-a636-bf60fe9cf75e at term 1 for becomeLeader, leader elected after 5147ms
2024-04-23 19:59:49,804 [7f4a6f89-87eb-42cc-a636-bf60fe9cf75e@group-D2BC44843D7A-LeaderElection59] INFO  segmented.SegmentedRaftLogWorker (SegmentedRaftLogWorker.java:startLogSegment(430)) - 7f4a6f89-87eb-42cc-a636-bf60fe9cf75e@group-D2BC44843D7A-SegmentedRaftLogWorker: Starting segment from index:0
2024-04-23 19:59:49,804 [ece5501e-2183-421f-b873-7b565e9a7338@group-E40B2AA211D6-LeaderElection58] INFO  impl.RoleInfo (RoleInfo.java:updateAndGet(139)) - ece5501e-2183-421f-b873-7b565e9a7338: start ece5501e-2183-421f-b873-7b565e9a7338@group-E40B2AA211D6-LeaderStateImpl
2024-04-23 19:59:49,804 [ece5501e-2183-421f-b873-7b565e9a7338@group-E40B2AA211D6-LeaderElection58] INFO  server.RaftServer$Division (RaftServerImpl.java:setFirstElection(574)) - ece5501e-2183-421f-b873-7b565e9a7338@group-E40B2AA211D6: set firstElectionSinceStartup to false for becomeLeader
2024-04-23 19:59:49,804 [ece5501e-2183-421f-b873-7b565e9a7338@group-E40B2AA211D6-LeaderElection58] INFO  ratis.XceiverServerRatis (XceiverServerRatis.java:handleLeaderChangedNotification(966)) - Leader change notification received for group: group-E40B2AA211D6 with new leaderId: ece5501e-2183-421f-b873-7b565e9a7338
2024-04-23 19:59:49,805 [ece5501e-2183-421f-b873-7b565e9a7338@group-E40B2AA211D6-LeaderElection58] INFO  server.RaftServer$Division (ServerState.java:setLeader(269)) - ece5501e-2183-421f-b873-7b565e9a7338@group-E40B2AA211D6: change Leader from null to ece5501e-2183-421f-b873-7b565e9a7338 at term 1 for becomeLeader, leader elected after 5080ms
2024-04-23 19:59:49,805 [ece5501e-2183-421f-b873-7b565e9a7338@group-E40B2AA211D6-LeaderElection58] INFO  segmented.SegmentedRaftLogWorker (SegmentedRaftLogWorker.java:startLogSegment(430)) - ece5501e-2183-421f-b873-7b565e9a7338@group-E40B2AA211D6-SegmentedRaftLogWorker: Starting segment from index:0
2024-04-23 19:59:49,806 [main] INFO  ozone.MiniOzoneClusterImpl (MiniOzoneClusterImpl.java:lambda$waitForClusterToBeReady$0(194)) - Nodes are ready. Got 9 of 9 DN Heartbeats.
2024-04-23 19:59:49,806 [ece5501e-2183-421f-b873-7b565e9a7338@group-E40B2AA211D6-SegmentedRaftLogWorker] INFO  segmented.BufferedWriteChannel (BufferedWriteChannel.java:open(62)) - open log_inprogress_0 at position 0
2024-04-23 19:59:49,806 [main] INFO  ozone.MiniOzoneClusterImpl (MiniOzoneClusterImpl.java:lambda$waitForClusterToBeReady$0(197)) - Cluster exits safe mode
2024-04-23 19:59:49,806 [main] INFO  ozone.MiniOzoneClusterImpl (MiniOzoneClusterImpl.java:lambda$waitForClusterToBeReady$0(199)) - SCM became leader
2024-04-23 19:59:49,806 [7f4a6f89-87eb-42cc-a636-bf60fe9cf75e@group-D2BC44843D7A-SegmentedRaftLogWorker] INFO  segmented.BufferedWriteChannel (BufferedWriteChannel.java:open(62)) - open log_inprogress_0 at position 0
2024-04-23 19:59:49,807 [main] INFO  protocolPB.OmTransportFactory (OmTransportFactory.java:createFactory(62)) - Loading OM transport implementation org.apache.hadoop.ozone.om.protocolPB.Hadoop3OmTransportFactory as specified by configuration.
2024-04-23 19:59:49,811 [7f4a6f89-87eb-42cc-a636-bf60fe9cf75e@group-37EB9C4B86BD-LeaderElection60] INFO  impl.LeaderElection (LeaderElection.java:askForVotes(321)) - 7f4a6f89-87eb-42cc-a636-bf60fe9cf75e@group-37EB9C4B86BD-LeaderElection60 PRE_VOTE round 0: submit vote requests at term 0 for -1: peers:[ece5501e-2183-421f-b873-7b565e9a7338|10.1.0.27:15344, 05887e99-236b-4e3f-9ff6-c32e887d273e|10.1.0.27:15353, 7f4a6f89-87eb-42cc-a636-bf60fe9cf75e|10.1.0.27:15335]|listeners:[], old=null
2024-04-23 19:59:49,811 [7f4a6f89-87eb-42cc-a636-bf60fe9cf75e@group-37EB9C4B86BD-LeaderElection60-1] INFO  server.GrpcServerProtocolClient (GrpcServerProtocolClient.java:<init>(65)) - Build channel for ece5501e-2183-421f-b873-7b565e9a7338|10.1.0.27:15344
2024-04-23 19:59:49,811 [7f4a6f89-87eb-42cc-a636-bf60fe9cf75e@group-37EB9C4B86BD-LeaderElection60-2] INFO  server.GrpcServerProtocolClient (GrpcServerProtocolClient.java:<init>(65)) - Build channel for 05887e99-236b-4e3f-9ff6-c32e887d273e|10.1.0.27:15353
2024-04-23 19:59:49,811 [7f4a6f89-87eb-42cc-a636-bf60fe9cf75e@group-37EB9C4B86BD-LeaderElection60] INFO  server.RaftServerConfigKeys (ConfUtils.java:logFallback(53)) - raft.server.rpc.first-election.timeout.min = 5s (fallback to raft.server.rpc.timeout.min)
2024-04-23 19:59:49,812 [7f4a6f89-87eb-42cc-a636-bf60fe9cf75e@group-37EB9C4B86BD-LeaderElection60] INFO  server.RaftServerConfigKeys (ConfUtils.java:logFallback(53)) - raft.server.rpc.first-election.timeout.max = 5200ms (fallback to raft.server.rpc.timeout.max)
2024-04-23 19:59:49,813 [7f4a6f89-87eb-42cc-a636-bf60fe9cf75e@group-D2BC44843D7A-LeaderElection59] INFO  server.RaftServer$Division (ServerState.java:setRaftConf(386)) - 7f4a6f89-87eb-42cc-a636-bf60fe9cf75e@group-D2BC44843D7A: set configuration 0: peers:[7f4a6f89-87eb-42cc-a636-bf60fe9cf75e|10.1.0.27:15335]|listeners:[], old=null
2024-04-23 19:59:49,813 [ece5501e-2183-421f-b873-7b565e9a7338@group-E40B2AA211D6-LeaderElection58] INFO  server.RaftServer$Division (ServerState.java:setRaftConf(386)) - ece5501e-2183-421f-b873-7b565e9a7338@group-E40B2AA211D6: set configuration 0: peers:[ece5501e-2183-421f-b873-7b565e9a7338|10.1.0.27:15344]|listeners:[], old=null
2024-04-23 19:59:49,816 [main] INFO  rpc.RpcClient (RpcClient.java:createVolume(466)) - Creating Volume: watchforcommithandlingtest, with runner as owner and space quota set to -1 bytes, counts quota set to -1
2024-04-23 19:59:49,817 [ece5501e-2183-421f-b873-7b565e9a7338@group-E40B2AA211D6-SegmentedRaftLogWorker] INFO  segmented.SegmentedRaftLogWorker (SegmentedRaftLogWorker.java:execute(634)) - ece5501e-2183-421f-b873-7b565e9a7338@group-E40B2AA211D6-SegmentedRaftLogWorker: created new log segment /home/runner/work/ozone/ozone/hadoop-ozone/integration-test/target/test-dir/MiniOzoneClusterImpl-d857b234-8aec-441a-a9c9-a34f2a008b14/ozone-meta/datanode-8/ratis/8c625cd1-10f0-4ac6-a9b3-e40b2aa211d6/current/log_inprogress_0
2024-04-23 19:59:49,818 [7f4a6f89-87eb-42cc-a636-bf60fe9cf75e@group-D2BC44843D7A-SegmentedRaftLogWorker] INFO  segmented.SegmentedRaftLogWorker (SegmentedRaftLogWorker.java:execute(634)) - 7f4a6f89-87eb-42cc-a636-bf60fe9cf75e@group-D2BC44843D7A-SegmentedRaftLogWorker: created new log segment /home/runner/work/ozone/ozone/hadoop-ozone/integration-test/target/test-dir/MiniOzoneClusterImpl-d857b234-8aec-441a-a9c9-a34f2a008b14/ozone-meta/datanode-7/ratis/313134c9-f7e9-4254-bf8b-d2bc44843d7a/current/log_inprogress_0
2024-04-23 19:59:49,823 [7f4a6f89-87eb-42cc-a636-bf60fe9cf75e@group-D2BC44843D7A-StateMachineUpdater] INFO  server.RaftServer$Division (LeaderStateImpl.java:isApplied(320)) - leader is ready since appliedIndex == 0 >= startIndex == 0
2024-04-23 19:59:49,823 [ece5501e-2183-421f-b873-7b565e9a7338@group-E40B2AA211D6-StateMachineUpdater] INFO  server.RaftServer$Division (LeaderStateImpl.java:isApplied(320)) - leader is ready since appliedIndex == 0 >= startIndex == 0
2024-04-23 19:59:49,823 [grpc-default-executor-1] INFO  server.RaftServer$Division (RaftServerImpl.java:requestVote(1389)) - ece5501e-2183-421f-b873-7b565e9a7338@group-37EB9C4B86BD: receive requestVote(PRE_VOTE, 7f4a6f89-87eb-42cc-a636-bf60fe9cf75e, group-37EB9C4B86BD, 0, (t:0, i:0))
2024-04-23 19:59:49,823 [grpc-default-executor-1] INFO  impl.VoteContext (VoteContext.java:log(49)) - ece5501e-2183-421f-b873-7b565e9a7338@group-37EB9C4B86BD-FOLLOWER: accept PRE_VOTE from 7f4a6f89-87eb-42cc-a636-bf60fe9cf75e: our priority 0 <= candidate's priority 1
2024-04-23 19:59:49,824 [grpc-default-executor-1] INFO  server.RaftServer$Division (RaftServerImpl.java:requestVote(1422)) - ece5501e-2183-421f-b873-7b565e9a7338@group-37EB9C4B86BD replies to PRE_VOTE vote request: 7f4a6f89-87eb-42cc-a636-bf60fe9cf75e<-ece5501e-2183-421f-b873-7b565e9a7338#0:OK-t0. Peer's state: ece5501e-2183-421f-b873-7b565e9a7338@group-37EB9C4B86BD:t0, leader=null, voted=, raftlog=Memoized:ece5501e-2183-421f-b873-7b565e9a7338@group-37EB9C4B86BD-SegmentedRaftLog:OPENED:c-1, conf=-1: peers:[ece5501e-2183-421f-b873-7b565e9a7338|10.1.0.27:15344, 05887e99-236b-4e3f-9ff6-c32e887d273e|10.1.0.27:15353, 7f4a6f89-87eb-42cc-a636-bf60fe9cf75e|10.1.0.27:15335]|listeners:[], old=null
2024-04-23 19:59:49,824 [grpc-default-executor-2] INFO  server.RaftServer$Division (RaftServerImpl.java:requestVote(1389)) - 05887e99-236b-4e3f-9ff6-c32e887d273e@group-37EB9C4B86BD: receive requestVote(PRE_VOTE, 7f4a6f89-87eb-42cc-a636-bf60fe9cf75e, group-37EB9C4B86BD, 0, (t:0, i:0))
2024-04-23 19:59:49,824 [grpc-default-executor-2] INFO  impl.VoteContext (VoteContext.java:log(49)) - 05887e99-236b-4e3f-9ff6-c32e887d273e@group-37EB9C4B86BD-FOLLOWER: accept PRE_VOTE from 7f4a6f89-87eb-42cc-a636-bf60fe9cf75e: our priority 0 <= candidate's priority 1
2024-04-23 19:59:49,824 [grpc-default-executor-2] INFO  server.RaftServer$Division (RaftServerImpl.java:requestVote(1422)) - 05887e99-236b-4e3f-9ff6-c32e887d273e@group-37EB9C4B86BD replies to PRE_VOTE vote request: 7f4a6f89-87eb-42cc-a636-bf60fe9cf75e<-05887e99-236b-4e3f-9ff6-c32e887d273e#0:OK-t0. Peer's state: 05887e99-236b-4e3f-9ff6-c32e887d273e@group-37EB9C4B86BD:t0, leader=null, voted=, raftlog=Memoized:05887e99-236b-4e3f-9ff6-c32e887d273e@group-37EB9C4B86BD-SegmentedRaftLog:OPENED:c-1, conf=-1: peers:[ece5501e-2183-421f-b873-7b565e9a7338|10.1.0.27:15344, 05887e99-236b-4e3f-9ff6-c32e887d273e|10.1.0.27:15353, 7f4a6f89-87eb-42cc-a636-bf60fe9cf75e|10.1.0.27:15335]|listeners:[], old=null
2024-04-23 19:59:49,829 [om1-OMStateMachineApplyTransactionThread - 0] INFO  volume.OMVolumeCreateRequest (OMVolumeCreateRequest.java:validateAndUpdateCache(198)) - created volume:watchforcommithandlingtest for user:runner
2024-04-23 19:59:49,829 [7f4a6f89-87eb-42cc-a636-bf60fe9cf75e@group-37EB9C4B86BD-LeaderElection60] INFO  impl.LeaderElection (LeaderElection.java:logAndReturn(89)) - 7f4a6f89-87eb-42cc-a636-bf60fe9cf75e@group-37EB9C4B86BD-LeaderElection60: PRE_VOTE PASSED received 1 response(s) and 0 exception(s):
2024-04-23 19:59:49,829 [7f4a6f89-87eb-42cc-a636-bf60fe9cf75e@group-37EB9C4B86BD-LeaderElection60] INFO  impl.LeaderElection (LeaderElection.java:logAndReturn(93)) -   Response 0: 7f4a6f89-87eb-42cc-a636-bf60fe9cf75e<-05887e99-236b-4e3f-9ff6-c32e887d273e#0:OK-t0
2024-04-23 19:59:49,829 [7f4a6f89-87eb-42cc-a636-bf60fe9cf75e@group-37EB9C4B86BD-LeaderElection60] INFO  impl.LeaderElection (LeaderElection.java:askForVotes(323)) - 7f4a6f89-87eb-42cc-a636-bf60fe9cf75e@group-37EB9C4B86BD-LeaderElection60 PRE_VOTE round 0: result PASSED
2024-04-23 19:59:49,832 [7f4a6f89-87eb-42cc-a636-bf60fe9cf75e@group-37EB9C4B86BD-LeaderElection60] INFO  impl.LeaderElection (LeaderElection.java:askForVotes(321)) - 7f4a6f89-87eb-42cc-a636-bf60fe9cf75e@group-37EB9C4B86BD-LeaderElection60 ELECTION round 0: submit vote requests at term 1 for -1: peers:[ece5501e-2183-421f-b873-7b565e9a7338|10.1.0.27:15344, 05887e99-236b-4e3f-9ff6-c32e887d273e|10.1.0.27:15353, 7f4a6f89-87eb-42cc-a636-bf60fe9cf75e|10.1.0.27:15335]|listeners:[], old=null
2024-04-23 19:59:49,833 [7f4a6f89-87eb-42cc-a636-bf60fe9cf75e@group-37EB9C4B86BD-LeaderElection60] INFO  server.RaftServerConfigKeys (ConfUtils.java:logFallback(53)) - raft.server.rpc.first-election.timeout.min = 5s (fallback to raft.server.rpc.timeout.min)
2024-04-23 19:59:49,833 [7f4a6f89-87eb-42cc-a636-bf60fe9cf75e@group-37EB9C4B86BD-LeaderElection60] INFO  server.RaftServerConfigKeys (ConfUtils.java:logFallback(53)) - raft.server.rpc.first-election.timeout.max = 5200ms (fallback to raft.server.rpc.timeout.max)
2024-04-23 19:59:49,834 [grpc-default-executor-1] INFO  server.RaftServer$Division (RaftServerImpl.java:requestVote(1389)) - ece5501e-2183-421f-b873-7b565e9a7338@group-37EB9C4B86BD: receive requestVote(ELECTION, 7f4a6f89-87eb-42cc-a636-bf60fe9cf75e, group-37EB9C4B86BD, 1, (t:0, i:0))
2024-04-23 19:59:49,834 [grpc-default-executor-1] INFO  impl.VoteContext (VoteContext.java:log(49)) - ece5501e-2183-421f-b873-7b565e9a7338@group-37EB9C4B86BD-FOLLOWER: accept ELECTION from 7f4a6f89-87eb-42cc-a636-bf60fe9cf75e: our priority 0 <= candidate's priority 1
2024-04-23 19:59:49,834 [grpc-default-executor-1] INFO  server.RaftServer$Division (RaftServerImpl.java:setRole(383)) - ece5501e-2183-421f-b873-7b565e9a7338@group-37EB9C4B86BD: changes role from  FOLLOWER to FOLLOWER at term 1 for candidate:7f4a6f89-87eb-42cc-a636-bf60fe9cf75e
2024-04-23 19:59:49,834 [grpc-default-executor-2] INFO  server.RaftServer$Division (RaftServerImpl.java:requestVote(1389)) - 05887e99-236b-4e3f-9ff6-c32e887d273e@group-37EB9C4B86BD: receive requestVote(ELECTION, 7f4a6f89-87eb-42cc-a636-bf60fe9cf75e, group-37EB9C4B86BD, 1, (t:0, i:0))
2024-04-23 19:59:49,834 [grpc-default-executor-1] INFO  impl.RoleInfo (RoleInfo.java:shutdownFollowerState(110)) - ece5501e-2183-421f-b873-7b565e9a7338: shutdown ece5501e-2183-421f-b873-7b565e9a7338@group-37EB9C4B86BD-FollowerState
2024-04-23 19:59:49,834 [grpc-default-executor-2] INFO  impl.VoteContext (VoteContext.java:log(49)) - 05887e99-236b-4e3f-9ff6-c32e887d273e@group-37EB9C4B86BD-FOLLOWER: accept ELECTION from 7f4a6f89-87eb-42cc-a636-bf60fe9cf75e: our priority 0 <= candidate's priority 1
2024-04-23 19:59:49,834 [grpc-default-executor-1] INFO  impl.RoleInfo (RoleInfo.java:updateAndGet(139)) - ece5501e-2183-421f-b873-7b565e9a7338: start ece5501e-2183-421f-b873-7b565e9a7338@group-37EB9C4B86BD-FollowerState
2024-04-23 19:59:49,834 [grpc-default-executor-2] INFO  server.RaftServer$Division (RaftServerImpl.java:setRole(383)) - 05887e99-236b-4e3f-9ff6-c32e887d273e@group-37EB9C4B86BD: changes role from  FOLLOWER to FOLLOWER at term 1 for candidate:7f4a6f89-87eb-42cc-a636-bf60fe9cf75e
2024-04-23 19:59:49,834 [grpc-default-executor-2] INFO  impl.RoleInfo (RoleInfo.java:shutdownFollowerState(110)) - 05887e99-236b-4e3f-9ff6-c32e887d273e: shutdown 05887e99-236b-4e3f-9ff6-c32e887d273e@group-37EB9C4B86BD-FollowerState
2024-04-23 19:59:49,834 [ece5501e-2183-421f-b873-7b565e9a7338@group-37EB9C4B86BD-FollowerState] INFO  impl.FollowerState (FollowerState.java:run(152)) - ece5501e-2183-421f-b873-7b565e9a7338@group-37EB9C4B86BD-FollowerState was interrupted
2024-04-23 19:59:49,834 [05887e99-236b-4e3f-9ff6-c32e887d273e@group-37EB9C4B86BD-FollowerState] INFO  impl.FollowerState (FollowerState.java:run(152)) - 05887e99-236b-4e3f-9ff6-c32e887d273e@group-37EB9C4B86BD-FollowerState was interrupted
2024-04-23 19:59:49,834 [grpc-default-executor-2] INFO  impl.RoleInfo (RoleInfo.java:updateAndGet(139)) - 05887e99-236b-4e3f-9ff6-c32e887d273e: start 05887e99-236b-4e3f-9ff6-c32e887d273e@group-37EB9C4B86BD-FollowerState
2024-04-23 19:59:49,834 [grpc-default-executor-1] INFO  server.RaftServer$Division (RaftServerImpl.java:setFirstElection(574)) - ece5501e-2183-421f-b873-7b565e9a7338@group-37EB9C4B86BD: set firstElectionSinceStartup to false for candidate:7f4a6f89-87eb-42cc-a636-bf60fe9cf75e
2024-04-23 19:59:49,835 [grpc-default-executor-2] INFO  server.RaftServer$Division (RaftServerImpl.java:setFirstElection(574)) - 05887e99-236b-4e3f-9ff6-c32e887d273e@group-37EB9C4B86BD: set firstElectionSinceStartup to false for candidate:7f4a6f89-87eb-42cc-a636-bf60fe9cf75e
2024-04-23 19:59:49,836 [grpc-default-executor-1] INFO  server.RaftServer$Division (RaftServerImpl.java:requestVote(1422)) - ece5501e-2183-421f-b873-7b565e9a7338@group-37EB9C4B86BD replies to ELECTION vote request: 7f4a6f89-87eb-42cc-a636-bf60fe9cf75e<-ece5501e-2183-421f-b873-7b565e9a7338#0:OK-t1. Peer's state: ece5501e-2183-421f-b873-7b565e9a7338@group-37EB9C4B86BD:t1, leader=null, voted=7f4a6f89-87eb-42cc-a636-bf60fe9cf75e, raftlog=Memoized:ece5501e-2183-421f-b873-7b565e9a7338@group-37EB9C4B86BD-SegmentedRaftLog:OPENED:c-1, conf=-1: peers:[ece5501e-2183-421f-b873-7b565e9a7338|10.1.0.27:15344, 05887e99-236b-4e3f-9ff6-c32e887d273e|10.1.0.27:15353, 7f4a6f89-87eb-42cc-a636-bf60fe9cf75e|10.1.0.27:15335]|listeners:[], old=null
2024-04-23 19:59:49,836 [grpc-default-executor-2] INFO  server.RaftServer$Division (RaftServerImpl.java:requestVote(1422)) - 05887e99-236b-4e3f-9ff6-c32e887d273e@group-37EB9C4B86BD replies to ELECTION vote request: 7f4a6f89-87eb-42cc-a636-bf60fe9cf75e<-05887e99-236b-4e3f-9ff6-c32e887d273e#0:OK-t1. Peer's state: 05887e99-236b-4e3f-9ff6-c32e887d273e@group-37EB9C4B86BD:t1, leader=null, voted=7f4a6f89-87eb-42cc-a636-bf60fe9cf75e, raftlog=Memoized:05887e99-236b-4e3f-9ff6-c32e887d273e@group-37EB9C4B86BD-SegmentedRaftLog:OPENED:c-1, conf=-1: peers:[ece5501e-2183-421f-b873-7b565e9a7338|10.1.0.27:15344, 05887e99-236b-4e3f-9ff6-c32e887d273e|10.1.0.27:15353, 7f4a6f89-87eb-42cc-a636-bf60fe9cf75e|10.1.0.27:15335]|listeners:[], old=null
2024-04-23 19:59:49,837 [main] INFO  rpc.RpcClient (RpcClient.java:createBucket(692)) - Creating Bucket: watchforcommithandlingtest/watchforcommithandlingtest, with server-side default bucket layout, runner as owner, Versioning false, Storage Type set to DISK and Encryption set to false, Replication Type set to server-side default replication type, Namespace Quota set to -1, Space Quota set to -1 
2024-04-23 19:59:49,837 [7f4a6f89-87eb-42cc-a636-bf60fe9cf75e@group-37EB9C4B86BD-LeaderElection60] INFO  impl.LeaderElection (LeaderElection.java:logAndReturn(89)) - 7f4a6f89-87eb-42cc-a636-bf60fe9cf75e@group-37EB9C4B86BD-LeaderElection60: ELECTION PASSED received 1 response(s) and 0 exception(s):
2024-04-23 19:59:49,837 [7f4a6f89-87eb-42cc-a636-bf60fe9cf75e@group-37EB9C4B86BD-LeaderElection60] INFO  impl.LeaderElection (LeaderElection.java:logAndReturn(93)) -   Response 0: 7f4a6f89-87eb-42cc-a636-bf60fe9cf75e<-ece5501e-2183-421f-b873-7b565e9a7338#0:OK-t1
2024-04-23 19:59:49,837 [7f4a6f89-87eb-42cc-a636-bf60fe9cf75e@group-37EB9C4B86BD-LeaderElection60] INFO  impl.LeaderElection (LeaderElection.java:askForVotes(323)) - 7f4a6f89-87eb-42cc-a636-bf60fe9cf75e@group-37EB9C4B86BD-LeaderElection60 ELECTION round 0: result PASSED
2024-04-23 19:59:49,837 [7f4a6f89-87eb-42cc-a636-bf60fe9cf75e@group-37EB9C4B86BD-LeaderElection60] INFO  impl.RoleInfo (RoleInfo.java:shutdownLeaderElection(130)) - 7f4a6f89-87eb-42cc-a636-bf60fe9cf75e: shutdown 7f4a6f89-87eb-42cc-a636-bf60fe9cf75e@group-37EB9C4B86BD-LeaderElection60
2024-04-23 19:59:49,838 [7f4a6f89-87eb-42cc-a636-bf60fe9cf75e@group-37EB9C4B86BD-LeaderElection60] INFO  server.RaftServer$Division (RaftServerImpl.java:setRole(383)) - 7f4a6f89-87eb-42cc-a636-bf60fe9cf75e@group-37EB9C4B86BD: changes role from CANDIDATE to LEADER at term 1 for changeToLeader
2024-04-23 19:59:49,838 [7f4a6f89-87eb-42cc-a636-bf60fe9cf75e@group-37EB9C4B86BD-LeaderElection60] INFO  server.RaftServerConfigKeys (ConfUtils.java:logGet(46)) - raft.server.staging.catchup.gap = 1000 (default)
2024-04-23 19:59:49,838 [7f4a6f89-87eb-42cc-a636-bf60fe9cf75e@group-37EB9C4B86BD-LeaderElection60] INFO  server.RaftServerConfigKeys (ConfUtils.java:logGet(46)) - raft.server.write.element-limit = 1024 (custom)
2024-04-23 19:59:49,838 [7f4a6f89-87eb-42cc-a636-bf60fe9cf75e@group-37EB9C4B86BD-LeaderElection60] INFO  server.RaftServerConfigKeys (ConfUtils.java:logGet(46)) - raft.server.write.byte-limit = 1024 M (=1073741824) (custom)
2024-04-23 19:59:49,838 [7f4a6f89-87eb-42cc-a636-bf60fe9cf75e@group-37EB9C4B86BD-LeaderElection60] INFO  server.RaftServerConfigKeys (ConfUtils.java:logGet(46)) - raft.server.watch.timeout = 3000ms (custom)
2024-04-23 19:59:49,838 [7f4a6f89-87eb-42cc-a636-bf60fe9cf75e@group-37EB9C4B86BD-LeaderElection60] INFO  server.RaftServerConfigKeys (ConfUtils.java:logGet(46)) - raft.server.watch.timeout.denomination = 1s (default)
2024-04-23 19:59:49,838 [7f4a6f89-87eb-42cc-a636-bf60fe9cf75e@group-37EB9C4B86BD-LeaderElection60] INFO  server.RaftServerConfigKeys (ConfUtils.java:logGet(46)) - raft.server.watch.element-limit = 65536 (default)
2024-04-23 19:59:49,838 [7f4a6f89-87eb-42cc-a636-bf60fe9cf75e@group-37EB9C4B86BD-LeaderElection60] INFO  server.RaftServerConfigKeys (ConfUtils.java:logGet(46)) - raft.server.read.leader.lease.enabled = false (default)
2024-04-23 19:59:49,838 [7f4a6f89-87eb-42cc-a636-bf60fe9cf75e@group-37EB9C4B86BD-LeaderElection60] INFO  server.RaftServerConfigKeys (ConfUtils.java:logGet(46)) - raft.server.read.leader.lease.timeout.ratio = 0.9 (default)
2024-04-23 19:59:49,838 [7f4a6f89-87eb-42cc-a636-bf60fe9cf75e@group-37EB9C4B86BD-LeaderElection60] INFO  server.RaftServerConfigKeys (ConfUtils.java:logGet(46)) - raft.server.rpc.timeout.min = 5s (custom)
2024-04-23 19:59:49,838 [7f4a6f89-87eb-42cc-a636-bf60fe9cf75e@group-37EB9C4B86BD-LeaderElection60] INFO  server.RaftServerConfigKeys (ConfUtils.java:logGet(46)) - raft.server.write.element-limit = 1024 (custom)
2024-04-23 19:59:49,839 [7f4a6f89-87eb-42cc-a636-bf60fe9cf75e@group-37EB9C4B86BD-LeaderElection60] INFO  server.RaftServerConfigKeys (ConfUtils.java:logGet(46)) - raft.server.write.follower.gap.ratio.max = -1.0 (default)
2024-04-23 19:59:49,839 [7f4a6f89-87eb-42cc-a636-bf60fe9cf75e@group-37EB9C4B86BD-LeaderElection60] INFO  server.RaftServerConfigKeys (ConfUtils.java:logGet(46)) - raft.server.log.appender.snapshot.chunk.size.max = 16MB (=16777216) (default)
2024-04-23 19:59:49,839 [7f4a6f89-87eb-42cc-a636-bf60fe9cf75e@group-37EB9C4B86BD-LeaderElection60] INFO  server.RaftServerConfigKeys (ConfUtils.java:logGet(46)) - raft.server.log.appender.buffer.byte-limit = 8388608 (custom)
2024-04-23 19:59:49,839 [7f4a6f89-87eb-42cc-a636-bf60fe9cf75e@group-37EB9C4B86BD-LeaderElection60] INFO  server.RaftServerConfigKeys (ConfUtils.java:logGet(46)) - raft.server.log.appender.buffer.element-limit = 1 (custom)
2024-04-23 19:59:49,839 [7f4a6f89-87eb-42cc-a636-bf60fe9cf75e@group-37EB9C4B86BD-LeaderElection60] INFO  server.RaftServerConfigKeys (ConfUtils.java:logGet(46)) - raft.server.log.appender.wait-time.min = 0ms (custom)
2024-04-23 19:59:49,839 [7f4a6f89-87eb-42cc-a636-bf60fe9cf75e@group-37EB9C4B86BD-LeaderElection60] INFO  grpc.GrpcConfigKeys (ConfUtils.java:logGet(46)) - raft.grpc.server.leader.outstanding.appends.max = 8 (default)
2024-04-23 19:59:49,839 [7f4a6f89-87eb-42cc-a636-bf60fe9cf75e@group-37EB9C4B86BD-LeaderElection60] INFO  server.RaftServerConfigKeys (ConfUtils.java:logGet(46)) - raft.server.rpc.request.timeout = 3000ms (default)
2024-04-23 19:59:49,840 [7f4a6f89-87eb-42cc-a636-bf60fe9cf75e@group-37EB9C4B86BD-LeaderElection60] INFO  grpc.GrpcConfigKeys (ConfUtils.java:logGet(46)) - raft.grpc.server.install_snapshot.request.element-limit = 8 (default)
2024-04-23 19:59:49,840 [7f4a6f89-87eb-42cc-a636-bf60fe9cf75e@group-37EB9C4B86BD-LeaderElection60] INFO  grpc.GrpcConfigKeys (ConfUtils.java:logGet(46)) - raft.grpc.server.install_snapshot.request.timeout = 3000ms (default)
2024-04-23 19:59:49,840 [7f4a6f89-87eb-42cc-a636-bf60fe9cf75e@group-37EB9C4B86BD-LeaderElection60] INFO  grpc.GrpcConfigKeys (ConfUtils.java:logGet(46)) - raft.grpc.server.log-message.batch.duration = 5s (default)
2024-04-23 19:59:49,840 [7f4a6f89-87eb-42cc-a636-bf60fe9cf75e@group-37EB9C4B86BD-LeaderElection60] INFO  server.RaftServerConfigKeys (ConfUtils.java:logGet(46)) - raft.server.log.appender.install.snapshot.enabled = false (custom)
2024-04-23 19:59:49,840 [7f4a6f89-87eb-42cc-a636-bf60fe9cf75e@group-37EB9C4B86BD-LeaderElection60] INFO  grpc.GrpcConfigKeys (ConfUtils.java:logGet(46)) - raft.grpc.server.heartbeat.channel = true (default)
2024-04-23 19:59:49,841 [7f4a6f89-87eb-42cc-a636-bf60fe9cf75e@group-37EB9C4B86BD-LeaderElection60] INFO  server.RaftServerConfigKeys (ConfUtils.java:logGet(46)) - raft.server.log.appender.snapshot.chunk.size.max = 16MB (=16777216) (default)
2024-04-23 19:59:49,841 [7f4a6f89-87eb-42cc-a636-bf60fe9cf75e@group-37EB9C4B86BD-LeaderElection60] INFO  server.RaftServerConfigKeys (ConfUtils.java:logGet(46)) - raft.server.log.appender.buffer.byte-limit = 8388608 (custom)
2024-04-23 19:59:49,841 [7f4a6f89-87eb-42cc-a636-bf60fe9cf75e@group-37EB9C4B86BD-LeaderElection60] INFO  server.RaftServerConfigKeys (ConfUtils.java:logGet(46)) - raft.server.log.appender.buffer.element-limit = 1 (custom)
2024-04-23 19:59:49,841 [7f4a6f89-87eb-42cc-a636-bf60fe9cf75e@group-37EB9C4B86BD-LeaderElection60] INFO  server.RaftServerConfigKeys (ConfUtils.java:logGet(46)) - raft.server.log.appender.wait-time.min = 0ms (custom)
2024-04-23 19:59:49,841 [7f4a6f89-87eb-42cc-a636-bf60fe9cf75e@group-37EB9C4B86BD-LeaderElection60] INFO  grpc.GrpcConfigKeys (ConfUtils.java:logGet(46)) - raft.grpc.server.leader.outstanding.appends.max = 8 (default)
2024-04-23 19:59:49,842 [om1-OMStateMachineApplyTransactionThread - 0] INFO  bucket.OMBucketCreateRequest (OMBucketCreateRequest.java:validateAndUpdateCache(293)) - created bucket: watchforcommithandlingtest of layout FILE_SYSTEM_OPTIMIZED in volume: watchforcommithandlingtest
2024-04-23 19:59:49,843 [7f4a6f89-87eb-42cc-a636-bf60fe9cf75e@group-37EB9C4B86BD-LeaderElection60] INFO  server.RaftServerConfigKeys (ConfUtils.java:logGet(46)) - raft.server.rpc.request.timeout = 3000ms (default)
2024-04-23 19:59:49,843 [7f4a6f89-87eb-42cc-a636-bf60fe9cf75e@group-37EB9C4B86BD-LeaderElection60] INFO  grpc.GrpcConfigKeys (ConfUtils.java:logGet(46)) - raft.grpc.server.install_snapshot.request.element-limit = 8 (default)
2024-04-23 19:59:49,843 [7f4a6f89-87eb-42cc-a636-bf60fe9cf75e@group-37EB9C4B86BD-LeaderElection60] INFO  grpc.GrpcConfigKeys (ConfUtils.java:logGet(46)) - raft.grpc.server.install_snapshot.request.timeout = 3000ms (default)
2024-04-23 19:59:49,843 [7f4a6f89-87eb-42cc-a636-bf60fe9cf75e@group-37EB9C4B86BD-LeaderElection60] INFO  grpc.GrpcConfigKeys (ConfUtils.java:logGet(46)) - raft.grpc.server.log-message.batch.duration = 5s (default)
2024-04-23 19:59:49,843 [7f4a6f89-87eb-42cc-a636-bf60fe9cf75e@group-37EB9C4B86BD-LeaderElection60] INFO  server.RaftServerConfigKeys (ConfUtils.java:logGet(46)) - raft.server.log.appender.install.snapshot.enabled = false (custom)
2024-04-23 19:59:49,843 [7f4a6f89-87eb-42cc-a636-bf60fe9cf75e@group-37EB9C4B86BD-LeaderElection60] INFO  grpc.GrpcConfigKeys (ConfUtils.java:logGet(46)) - raft.grpc.server.heartbeat.channel = true (default)
2024-04-23 19:59:49,844 [7f4a6f89-87eb-42cc-a636-bf60fe9cf75e@group-37EB9C4B86BD-LeaderElection60] INFO  impl.RoleInfo (RoleInfo.java:updateAndGet(139)) - 7f4a6f89-87eb-42cc-a636-bf60fe9cf75e: start 7f4a6f89-87eb-42cc-a636-bf60fe9cf75e@group-37EB9C4B86BD-LeaderStateImpl
2024-04-23 19:59:49,844 [7f4a6f89-87eb-42cc-a636-bf60fe9cf75e@group-37EB9C4B86BD-LeaderElection60] INFO  server.RaftServer$Division (RaftServerImpl.java:setFirstElection(574)) - 7f4a6f89-87eb-42cc-a636-bf60fe9cf75e@group-37EB9C4B86BD: set firstElectionSinceStartup to false for becomeLeader
2024-04-23 19:59:49,844 [7f4a6f89-87eb-42cc-a636-bf60fe9cf75e@group-37EB9C4B86BD-LeaderElection60] INFO  ratis.XceiverServerRatis (XceiverServerRatis.java:handleLeaderChangedNotification(966)) - Leader change notification received for group: group-37EB9C4B86BD with new leaderId: 7f4a6f89-87eb-42cc-a636-bf60fe9cf75e
2024-04-23 19:59:49,844 [7f4a6f89-87eb-42cc-a636-bf60fe9cf75e@group-37EB9C4B86BD-LeaderElection60] INFO  server.RaftServer$Division (ServerState.java:setLeader(269)) - 7f4a6f89-87eb-42cc-a636-bf60fe9cf75e@group-37EB9C4B86BD: change Leader from null to 7f4a6f89-87eb-42cc-a636-bf60fe9cf75e at term 1 for becomeLeader, leader elected after 5174ms
2024-04-23 19:59:49,845 [7f4a6f89-87eb-42cc-a636-bf60fe9cf75e@group-37EB9C4B86BD-LeaderElection60] INFO  segmented.SegmentedRaftLogWorker (SegmentedRaftLogWorker.java:startLogSegment(430)) - 7f4a6f89-87eb-42cc-a636-bf60fe9cf75e@group-37EB9C4B86BD-SegmentedRaftLogWorker: Starting segment from index:0
2024-04-23 19:59:49,845 [7f4a6f89-87eb-42cc-a636-bf60fe9cf75e@group-37EB9C4B86BD-SegmentedRaftLogWorker] INFO  segmented.BufferedWriteChannel (BufferedWriteChannel.java:open(62)) - open log_inprogress_0 at position 0
2024-04-23 19:59:49,845 [EventQueue-PipelineReportForPipelineReportHandler] INFO  pipeline.PipelineReportHandler (PipelineReportHandler.java:processPipelineReport(136)) - Opened pipeline PipelineID=eb039608-97f3-41e2-92b2-37eb9c4b86bd
2024-04-23 19:59:49,847 [7f4a6f89-87eb-42cc-a636-bf60fe9cf75e@group-37EB9C4B86BD-LeaderElection60] INFO  server.RaftServer$Division (ServerState.java:setRaftConf(386)) - 7f4a6f89-87eb-42cc-a636-bf60fe9cf75e@group-37EB9C4B86BD: set configuration 0: peers:[ece5501e-2183-421f-b873-7b565e9a7338|10.1.0.27:15344, 05887e99-236b-4e3f-9ff6-c32e887d273e|10.1.0.27:15353, 7f4a6f89-87eb-42cc-a636-bf60fe9cf75e|10.1.0.27:15335]|listeners:[], old=null
2024-04-23 19:59:49,848 [IPC Server handler 1 on default port 15267] INFO  ha.SequenceIdGenerator (SequenceIdGenerator.java:getNextId(145)) - Allocate a batch for containerId, change lastId from 0 to 1000.
2024-04-23 19:59:49,859 [7f4a6f89-87eb-42cc-a636-bf60fe9cf75e@group-37EB9C4B86BD-SegmentedRaftLogWorker] INFO  segmented.SegmentedRaftLogWorker (SegmentedRaftLogWorker.java:execute(634)) - 7f4a6f89-87eb-42cc-a636-bf60fe9cf75e@group-37EB9C4B86BD-SegmentedRaftLogWorker: created new log segment /home/runner/work/ozone/ozone/hadoop-ozone/integration-test/target/test-dir/MiniOzoneClusterImpl-d857b234-8aec-441a-a9c9-a34f2a008b14/ozone-meta/datanode-7/ratis/eb039608-97f3-41e2-92b2-37eb9c4b86bd/current/log_inprogress_0
2024-04-23 19:59:49,866 [ece5501e-2183-421f-b873-7b565e9a7338-server-thread1] INFO  ratis.XceiverServerRatis (XceiverServerRatis.java:handleLeaderChangedNotification(966)) - Leader change notification received for group: group-37EB9C4B86BD with new leaderId: 7f4a6f89-87eb-42cc-a636-bf60fe9cf75e
2024-04-23 19:59:49,866 [ece5501e-2183-421f-b873-7b565e9a7338-server-thread1] INFO  server.RaftServer$Division (ServerState.java:setLeader(269)) - ece5501e-2183-421f-b873-7b565e9a7338@group-37EB9C4B86BD: change Leader from null to 7f4a6f89-87eb-42cc-a636-bf60fe9cf75e at term 1 for appendEntries, leader elected after 5176ms
2024-04-23 19:59:49,870 [ece5501e-2183-421f-b873-7b565e9a7338-server-thread2] INFO  server.RaftServer$Division (ServerState.java:setRaftConf(386)) - ece5501e-2183-421f-b873-7b565e9a7338@group-37EB9C4B86BD: set configuration 0: peers:[ece5501e-2183-421f-b873-7b565e9a7338|10.1.0.27:15344, 05887e99-236b-4e3f-9ff6-c32e887d273e|10.1.0.27:15353, 7f4a6f89-87eb-42cc-a636-bf60fe9cf75e|10.1.0.27:15335]|listeners:[], old=null
2024-04-23 19:59:49,870 [ece5501e-2183-421f-b873-7b565e9a7338-server-thread2] INFO  segmented.SegmentedRaftLogWorker (SegmentedRaftLogWorker.java:startLogSegment(430)) - ece5501e-2183-421f-b873-7b565e9a7338@group-37EB9C4B86BD-SegmentedRaftLogWorker: Starting segment from index:0
2024-04-23 19:59:49,871 [ece5501e-2183-421f-b873-7b565e9a7338@group-37EB9C4B86BD-SegmentedRaftLogWorker] INFO  segmented.BufferedWriteChannel (BufferedWriteChannel.java:open(62)) - open log_inprogress_0 at position 0
2024-04-23 19:59:49,870 [05887e99-236b-4e3f-9ff6-c32e887d273e-server-thread2] INFO  ratis.XceiverServerRatis (XceiverServerRatis.java:handleLeaderChangedNotification(966)) - Leader change notification received for group: group-37EB9C4B86BD with new leaderId: 7f4a6f89-87eb-42cc-a636-bf60fe9cf75e
2024-04-23 19:59:49,874 [05887e99-236b-4e3f-9ff6-c32e887d273e-server-thread2] INFO  server.RaftServer$Division (ServerState.java:setLeader(269)) - 05887e99-236b-4e3f-9ff6-c32e887d273e@group-37EB9C4B86BD: change Leader from null to 7f4a6f89-87eb-42cc-a636-bf60fe9cf75e at term 1 for appendEntries, leader elected after 5160ms
2024-04-23 19:59:49,875 [05887e99-236b-4e3f-9ff6-c32e887d273e-server-thread1] INFO  server.RaftServer$Division (ServerState.java:setRaftConf(386)) - 05887e99-236b-4e3f-9ff6-c32e887d273e@group-37EB9C4B86BD: set configuration 0: peers:[ece5501e-2183-421f-b873-7b565e9a7338|10.1.0.27:15344, 05887e99-236b-4e3f-9ff6-c32e887d273e|10.1.0.27:15353, 7f4a6f89-87eb-42cc-a636-bf60fe9cf75e|10.1.0.27:15335]|listeners:[], old=null
2024-04-23 19:59:49,875 [05887e99-236b-4e3f-9ff6-c32e887d273e-server-thread1] INFO  segmented.SegmentedRaftLogWorker (SegmentedRaftLogWorker.java:startLogSegment(430)) - 05887e99-236b-4e3f-9ff6-c32e887d273e@group-37EB9C4B86BD-SegmentedRaftLogWorker: Starting segment from index:0
2024-04-23 19:59:49,877 [05887e99-236b-4e3f-9ff6-c32e887d273e@group-37EB9C4B86BD-SegmentedRaftLogWorker] INFO  segmented.BufferedWriteChannel (BufferedWriteChannel.java:open(62)) - open log_inprogress_0 at position 0
2024-04-23 19:59:49,879 [ece5501e-2183-421f-b873-7b565e9a7338@group-37EB9C4B86BD-SegmentedRaftLogWorker] INFO  segmented.SegmentedRaftLogWorker (SegmentedRaftLogWorker.java:execute(634)) - ece5501e-2183-421f-b873-7b565e9a7338@group-37EB9C4B86BD-SegmentedRaftLogWorker: created new log segment /home/runner/work/ozone/ozone/hadoop-ozone/integration-test/target/test-dir/MiniOzoneClusterImpl-d857b234-8aec-441a-a9c9-a34f2a008b14/ozone-meta/datanode-8/ratis/eb039608-97f3-41e2-92b2-37eb9c4b86bd/current/log_inprogress_0
2024-04-23 19:59:49,879 [grpc-default-executor-2] ERROR impl.OrderedAsync (OrderedAsync.java:lambda$sendRequest$9(247)) - client-6484734EB0A9: Failed* RaftClientRequest:client-6484734EB0A9->7f4a6f89-87eb-42cc-a636-bf60fe9cf75e@group-37EB9C4B86BD, cid=64, seq=1*, Watch(0), null
java.util.concurrent.CompletionException: org.apache.ratis.protocol.exceptions.LeaderNotReadyException: 7f4a6f89-87eb-42cc-a636-bf60fe9cf75e@group-37EB9C4B86BD is in LEADER state but not ready yet.
	at java.util.concurrent.CompletableFuture.encodeThrowable(CompletableFuture.java:292)
	at java.util.concurrent.CompletableFuture.completeThrowable(CompletableFuture.java:308)
	at java.util.concurrent.CompletableFuture.uniApply(CompletableFuture.java:607)
	at java.util.concurrent.CompletableFuture$UniApply.tryFire(CompletableFuture.java:591)
	at java.util.concurrent.CompletableFuture.postComplete(CompletableFuture.java:488)
	at java.util.concurrent.CompletableFuture.completeExceptionally(CompletableFuture.java:1990)
	at org.apache.ratis.grpc.client.GrpcClientProtocolClient$AsyncStreamObservers.completeReplyExceptionally(GrpcClientProtocolClient.java:394)
	at org.apache.ratis.grpc.client.GrpcClientProtocolClient$AsyncStreamObservers.access$000(GrpcClientProtocolClient.java:300)
	at org.apache.ratis.grpc.client.GrpcClientProtocolClient$AsyncStreamObservers$1.onNext(GrpcClientProtocolClient.java:319)
	at org.apache.ratis.grpc.client.GrpcClientProtocolClient$AsyncStreamObservers$1.onNext(GrpcClientProtocolClient.java:305)
	at org.apache.ratis.thirdparty.io.grpc.stub.ClientCalls$StreamObserverToCallListenerAdapter.onMessage(ClientCalls.java:468)
	at org.apache.ratis.thirdparty.io.grpc.ForwardingClientCallListener.onMessage(ForwardingClientCallListener.java:33)
	at org.apache.ratis.thirdparty.io.grpc.internal.ClientCallImpl$ClientStreamListenerImpl$1MessagesAvailable.runInternal(ClientCallImpl.java:660)
	at org.apache.ratis.thirdparty.io.grpc.internal.ClientCallImpl$ClientStreamListenerImpl$1MessagesAvailable.runInContext(ClientCallImpl.java:647)
	at org.apache.ratis.thirdparty.io.grpc.internal.ContextRunnable.run(ContextRunnable.java:37)
	at org.apache.ratis.thirdparty.io.grpc.internal.SerializingExecutor.run(SerializingExecutor.java:133)
	at java.util.concurrent.ThreadPoolExecutor.runWorker(ThreadPoolExecutor.java:1149)
	at java.util.concurrent.ThreadPoolExecutor$Worker.run(ThreadPoolExecutor.java:624)
	at java.lang.Thread.run(Thread.java:750)
Caused by: org.apache.ratis.protocol.exceptions.LeaderNotReadyException: 7f4a6f89-87eb-42cc-a636-bf60fe9cf75e@group-37EB9C4B86BD is in LEADER state but not ready yet.
	at org.apache.ratis.client.impl.ClientProtoUtils.toRaftClientReply(ClientProtoUtils.java:407)
	at org.apache.ratis.grpc.client.GrpcClientProtocolClient$AsyncStreamObservers$1.onNext(GrpcClientProtocolClient.java:310)
	... 10 more
2024-04-23 19:59:49,885 [05887e99-236b-4e3f-9ff6-c32e887d273e@group-5416FE93BA9D-FollowerState] INFO  impl.FollowerState (FollowerState.java:run(143)) - 05887e99-236b-4e3f-9ff6-c32e887d273e@group-5416FE93BA9D-FollowerState: change to CANDIDATE, lastRpcElapsedTime:5068396988ns, electionTimeout:5065ms
2024-04-23 19:59:49,885 [05887e99-236b-4e3f-9ff6-c32e887d273e@group-5416FE93BA9D-FollowerState] INFO  impl.RoleInfo (RoleInfo.java:shutdownFollowerState(110)) - 05887e99-236b-4e3f-9ff6-c32e887d273e: shutdown 05887e99-236b-4e3f-9ff6-c32e887d273e@group-5416FE93BA9D-FollowerState
2024-04-23 19:59:49,885 [05887e99-236b-4e3f-9ff6-c32e887d273e@group-5416FE93BA9D-FollowerState] INFO  server.RaftServer$Division (RaftServerImpl.java:setRole(383)) - 05887e99-236b-4e3f-9ff6-c32e887d273e@group-5416FE93BA9D: changes role from  FOLLOWER to CANDIDATE at term 0 for changeToCandidate
2024-04-23 19:59:49,885 [05887e99-236b-4e3f-9ff6-c32e887d273e@group-5416FE93BA9D-FollowerState] INFO  server.RaftServerConfigKeys (ConfUtils.java:logGet(46)) - raft.server.leaderelection.pre-vote = true (default)
2024-04-23 19:59:49,885 [05887e99-236b-4e3f-9ff6-c32e887d273e@group-5416FE93BA9D-FollowerState] INFO  impl.RoleInfo (RoleInfo.java:updateAndGet(139)) - 05887e99-236b-4e3f-9ff6-c32e887d273e: start 05887e99-236b-4e3f-9ff6-c32e887d273e@group-5416FE93BA9D-LeaderElection61
2024-04-23 19:59:49,886 [7f4a6f89-87eb-42cc-a636-bf60fe9cf75e@group-37EB9C4B86BD-StateMachineUpdater] INFO  server.RaftServer$Division (LeaderStateImpl.java:isApplied(320)) - leader is ready since appliedIndex == 0 >= startIndex == 0
2024-04-23 19:59:49,890 [05887e99-236b-4e3f-9ff6-c32e887d273e@group-5416FE93BA9D-LeaderElection61] INFO  impl.LeaderElection (LeaderElection.java:askForVotes(321)) - 05887e99-236b-4e3f-9ff6-c32e887d273e@group-5416FE93BA9D-LeaderElection61 PRE_VOTE round 0: submit vote requests at term 0 for -1: peers:[05887e99-236b-4e3f-9ff6-c32e887d273e|10.1.0.27:15353]|listeners:[], old=null
2024-04-23 19:59:49,890 [05887e99-236b-4e3f-9ff6-c32e887d273e@group-37EB9C4B86BD-SegmentedRaftLogWorker] INFO  segmented.SegmentedRaftLogWorker (SegmentedRaftLogWorker.java:execute(634)) - 05887e99-236b-4e3f-9ff6-c32e887d273e@group-37EB9C4B86BD-SegmentedRaftLogWorker: created new log segment /home/runner/work/ozone/ozone/hadoop-ozone/integration-test/target/test-dir/MiniOzoneClusterImpl-d857b234-8aec-441a-a9c9-a34f2a008b14/ozone-meta/datanode-9/ratis/eb039608-97f3-41e2-92b2-37eb9c4b86bd/current/log_inprogress_0
2024-04-23 19:59:49,890 [05887e99-236b-4e3f-9ff6-c32e887d273e@group-5416FE93BA9D-LeaderElection61] INFO  impl.LeaderElection (LeaderElection.java:askForVotes(323)) - 05887e99-236b-4e3f-9ff6-c32e887d273e@group-5416FE93BA9D-LeaderElection61 PRE_VOTE round 0: result PASSED (term=0)
2024-04-23 19:59:49,891 [05887e99-236b-4e3f-9ff6-c32e887d273e@group-5416FE93BA9D-LeaderElection61] INFO  impl.LeaderElection (LeaderElection.java:askForVotes(321)) - 05887e99-236b-4e3f-9ff6-c32e887d273e@group-5416FE93BA9D-LeaderElection61 ELECTION round 0: submit vote requests at term 1 for -1: peers:[05887e99-236b-4e3f-9ff6-c32e887d273e|10.1.0.27:15353]|listeners:[], old=null
2024-04-23 19:59:49,892 [05887e99-236b-4e3f-9ff6-c32e887d273e@group-5416FE93BA9D-LeaderElection61] INFO  impl.LeaderElection (LeaderElection.java:askForVotes(323)) - 05887e99-236b-4e3f-9ff6-c32e887d273e@group-5416FE93BA9D-LeaderElection61 ELECTION round 0: result PASSED (term=1)
2024-04-23 19:59:49,892 [05887e99-236b-4e3f-9ff6-c32e887d273e@group-5416FE93BA9D-LeaderElection61] INFO  impl.RoleInfo (RoleInfo.java:shutdownLeaderElection(130)) - 05887e99-236b-4e3f-9ff6-c32e887d273e: shutdown 05887e99-236b-4e3f-9ff6-c32e887d273e@group-5416FE93BA9D-LeaderElection61
2024-04-23 19:59:49,892 [05887e99-236b-4e3f-9ff6-c32e887d273e@group-5416FE93BA9D-LeaderElection61] INFO  server.RaftServer$Division (RaftServerImpl.java:setRole(383)) - 05887e99-236b-4e3f-9ff6-c32e887d273e@group-5416FE93BA9D: changes role from CANDIDATE to LEADER at term 1 for changeToLeader
2024-04-23 19:59:49,892 [05887e99-236b-4e3f-9ff6-c32e887d273e@group-5416FE93BA9D-LeaderElection61] INFO  server.RaftServerConfigKeys (ConfUtils.java:logGet(46)) - raft.server.staging.catchup.gap = 1000 (default)
2024-04-23 19:59:49,893 [05887e99-236b-4e3f-9ff6-c32e887d273e@group-5416FE93BA9D-LeaderElection61] INFO  server.RaftServerConfigKeys (ConfUtils.java:logGet(46)) - raft.server.write.element-limit = 1024 (custom)
2024-04-23 19:59:49,893 [05887e99-236b-4e3f-9ff6-c32e887d273e@group-5416FE93BA9D-LeaderElection61] INFO  server.RaftServerConfigKeys (ConfUtils.java:logGet(46)) - raft.server.write.byte-limit = 1024 M (=1073741824) (custom)
2024-04-23 19:59:49,893 [05887e99-236b-4e3f-9ff6-c32e887d273e@group-5416FE93BA9D-LeaderElection61] INFO  server.RaftServerConfigKeys (ConfUtils.java:logGet(46)) - raft.server.watch.timeout = 3000ms (custom)
2024-04-23 19:59:49,893 [05887e99-236b-4e3f-9ff6-c32e887d273e@group-5416FE93BA9D-LeaderElection61] INFO  server.RaftServerConfigKeys (ConfUtils.java:logGet(46)) - raft.server.watch.timeout.denomination = 1s (default)
2024-04-23 19:59:49,893 [05887e99-236b-4e3f-9ff6-c32e887d273e@group-5416FE93BA9D-LeaderElection61] INFO  server.RaftServerConfigKeys (ConfUtils.java:logGet(46)) - raft.server.watch.element-limit = 65536 (default)
2024-04-23 19:59:49,893 [05887e99-236b-4e3f-9ff6-c32e887d273e@group-5416FE93BA9D-LeaderElection61] INFO  server.RaftServerConfigKeys (ConfUtils.java:logGet(46)) - raft.server.read.leader.lease.enabled = false (default)
2024-04-23 19:59:49,893 [05887e99-236b-4e3f-9ff6-c32e887d273e@group-5416FE93BA9D-LeaderElection61] INFO  server.RaftServerConfigKeys (ConfUtils.java:logGet(46)) - raft.server.read.leader.lease.timeout.ratio = 0.9 (default)
2024-04-23 19:59:49,894 [05887e99-236b-4e3f-9ff6-c32e887d273e@group-5416FE93BA9D-LeaderElection61] INFO  server.RaftServerConfigKeys (ConfUtils.java:logGet(46)) - raft.server.rpc.timeout.min = 5s (custom)
2024-04-23 19:59:49,894 [05887e99-236b-4e3f-9ff6-c32e887d273e@group-5416FE93BA9D-LeaderElection61] INFO  server.RaftServerConfigKeys (ConfUtils.java:logGet(46)) - raft.server.write.element-limit = 1024 (custom)
2024-04-23 19:59:49,894 [05887e99-236b-4e3f-9ff6-c32e887d273e@group-5416FE93BA9D-LeaderElection61] INFO  server.RaftServerConfigKeys (ConfUtils.java:logGet(46)) - raft.server.write.follower.gap.ratio.max = -1.0 (default)
2024-04-23 19:59:49,894 [05887e99-236b-4e3f-9ff6-c32e887d273e@group-5416FE93BA9D-LeaderElection61] INFO  impl.RoleInfo (RoleInfo.java:updateAndGet(139)) - 05887e99-236b-4e3f-9ff6-c32e887d273e: start 05887e99-236b-4e3f-9ff6-c32e887d273e@group-5416FE93BA9D-LeaderStateImpl
2024-04-23 19:59:49,894 [05887e99-236b-4e3f-9ff6-c32e887d273e@group-5416FE93BA9D-LeaderElection61] INFO  server.RaftServer$Division (RaftServerImpl.java:setFirstElection(574)) - 05887e99-236b-4e3f-9ff6-c32e887d273e@group-5416FE93BA9D: set firstElectionSinceStartup to false for becomeLeader
2024-04-23 19:59:49,894 [05887e99-236b-4e3f-9ff6-c32e887d273e@group-5416FE93BA9D-LeaderElection61] INFO  ratis.XceiverServerRatis (XceiverServerRatis.java:handleLeaderChangedNotification(966)) - Leader change notification received for group: group-5416FE93BA9D with new leaderId: 05887e99-236b-4e3f-9ff6-c32e887d273e
2024-04-23 19:59:49,894 [05887e99-236b-4e3f-9ff6-c32e887d273e@group-5416FE93BA9D-LeaderElection61] INFO  server.RaftServer$Division (ServerState.java:setLeader(269)) - 05887e99-236b-4e3f-9ff6-c32e887d273e@group-5416FE93BA9D: change Leader from null to 05887e99-236b-4e3f-9ff6-c32e887d273e at term 1 for becomeLeader, leader elected after 5090ms
2024-04-23 19:59:49,894 [05887e99-236b-4e3f-9ff6-c32e887d273e@group-5416FE93BA9D-LeaderElection61] INFO  segmented.SegmentedRaftLogWorker (SegmentedRaftLogWorker.java:startLogSegment(430)) - 05887e99-236b-4e3f-9ff6-c32e887d273e@group-5416FE93BA9D-SegmentedRaftLogWorker: Starting segment from index:0
2024-04-23 19:59:49,895 [05887e99-236b-4e3f-9ff6-c32e887d273e@group-5416FE93BA9D-LeaderElection61] INFO  server.RaftServer$Division (ServerState.java:setRaftConf(386)) - 05887e99-236b-4e3f-9ff6-c32e887d273e@group-5416FE93BA9D: set configuration 0: peers:[05887e99-236b-4e3f-9ff6-c32e887d273e|10.1.0.27:15353]|listeners:[], old=null
2024-04-23 19:59:49,895 [05887e99-236b-4e3f-9ff6-c32e887d273e@group-5416FE93BA9D-SegmentedRaftLogWorker] INFO  segmented.BufferedWriteChannel (BufferedWriteChannel.java:open(62)) - open log_inprogress_0 at position 0
2024-04-23 19:59:49,903 [05887e99-236b-4e3f-9ff6-c32e887d273e@group-5416FE93BA9D-SegmentedRaftLogWorker] INFO  segmented.SegmentedRaftLogWorker (SegmentedRaftLogWorker.java:execute(634)) - 05887e99-236b-4e3f-9ff6-c32e887d273e@group-5416FE93BA9D-SegmentedRaftLogWorker: created new log segment /home/runner/work/ozone/ozone/hadoop-ozone/integration-test/target/test-dir/MiniOzoneClusterImpl-d857b234-8aec-441a-a9c9-a34f2a008b14/ozone-meta/datanode-9/ratis/97fdf238-1306-41e3-9424-5416fe93ba9d/current/log_inprogress_0
2024-04-23 19:59:49,905 [05887e99-236b-4e3f-9ff6-c32e887d273e@group-5416FE93BA9D-StateMachineUpdater] INFO  server.RaftServer$Division (LeaderStateImpl.java:isApplied(320)) - leader is ready since appliedIndex == 0 >= startIndex == 0
2024-04-23 19:59:56,419 [timer6] ERROR impl.OrderedAsync (OrderedAsync.java:lambda$sendRequest$9(247)) - client-6484734EB0A9: Failed* RaftClientRequest:client-6484734EB0A9->7f4a6f89-87eb-42cc-a636-bf60fe9cf75e@group-37EB9C4B86BD, cid=64, seq=1*, Watch(0), null
java.util.concurrent.CompletionException: org.apache.ratis.protocol.exceptions.AlreadyClosedException: client-6484734EB0A9->7f4a6f89-87eb-42cc-a636-bf60fe9cf75e is closed.
	at java.util.concurrent.CompletableFuture.encodeThrowable(CompletableFuture.java:292)
	at java.util.concurrent.CompletableFuture.completeThrowable(CompletableFuture.java:308)
	at java.util.concurrent.CompletableFuture.uniApply(CompletableFuture.java:607)
	at java.util.concurrent.CompletableFuture.uniApplyStage(CompletableFuture.java:628)
	at java.util.concurrent.CompletableFuture.thenApply(CompletableFuture.java:1996)
	at org.apache.ratis.client.impl.OrderedAsync.sendRequest(OrderedAsync.java:239)
	at org.apache.ratis.client.impl.OrderedAsync.sendRequestWithRetry(OrderedAsync.java:203)
	at org.apache.ratis.util.SlidingWindow$Client.sendOrDelayRequest(SlidingWindow.java:312)
	at org.apache.ratis.util.SlidingWindow$Client.retry(SlidingWindow.java:328)
	at org.apache.ratis.client.impl.OrderedAsync.lambda$scheduleWithTimeout$6(OrderedAsync.java:227)
	at org.apache.ratis.util.TimeoutTimer.lambda$onTimeout$2(TimeoutTimer.java:101)
	at org.apache.ratis.util.LogUtils.runAndLog(LogUtils.java:38)
	at org.apache.ratis.util.LogUtils$1.run(LogUtils.java:78)
	at org.apache.ratis.util.TimeoutTimer$Task.run(TimeoutTimer.java:55)
	at java.util.TimerThread.mainLoop(Timer.java:555)
	at java.util.TimerThread.run(Timer.java:505)
Caused by: org.apache.ratis.protocol.exceptions.AlreadyClosedException: client-6484734EB0A9->7f4a6f89-87eb-42cc-a636-bf60fe9cf75e is closed.
	at org.apache.ratis.grpc.client.GrpcClientProtocolClient$AsyncStreamObservers.onNext(GrpcClientProtocolClient.java:349)
	at org.apache.ratis.grpc.client.GrpcClientRpc.sendRequestAsync(GrpcClientRpc.java:71)
	... 11 more
2024-04-23 20:00:00,293 [grpc-default-executor-4] ERROR impl.OrderedAsync (OrderedAsync.java:lambda$sendRequest$9(247)) - client-6484734EB0A9: Failed* RaftClientRequest:client-6484734EB0A9->05887e99-236b-4e3f-9ff6-c32e887d273e@group-37EB9C4B86BD, cid=64, seq=1*, Watch(0), null
java.util.concurrent.CompletionException: org.apache.ratis.protocol.exceptions.NotLeaderException: Server 05887e99-236b-4e3f-9ff6-c32e887d273e@group-37EB9C4B86BD is not the leader 7f4a6f89-87eb-42cc-a636-bf60fe9cf75e|10.1.0.27:15335
	at java.util.concurrent.CompletableFuture.encodeThrowable(CompletableFuture.java:292)
	at java.util.concurrent.CompletableFuture.completeThrowable(CompletableFuture.java:308)
	at java.util.concurrent.CompletableFuture.uniApply(CompletableFuture.java:607)
	at java.util.concurrent.CompletableFuture$UniApply.tryFire(CompletableFuture.java:591)
	at java.util.concurrent.CompletableFuture.postComplete(CompletableFuture.java:488)
	at java.util.concurrent.CompletableFuture.completeExceptionally(CompletableFuture.java:1990)
	at org.apache.ratis.grpc.client.GrpcClientProtocolClient$AsyncStreamObservers.completeReplyExceptionally(GrpcClientProtocolClient.java:394)
	at org.apache.ratis.grpc.client.GrpcClientProtocolClient$AsyncStreamObservers.access$000(GrpcClientProtocolClient.java:300)
	at org.apache.ratis.grpc.client.GrpcClientProtocolClient$AsyncStreamObservers$1.onNext(GrpcClientProtocolClient.java:314)
	at org.apache.ratis.grpc.client.GrpcClientProtocolClient$AsyncStreamObservers$1.onNext(GrpcClientProtocolClient.java:305)
	at org.apache.ratis.thirdparty.io.grpc.stub.ClientCalls$StreamObserverToCallListenerAdapter.onMessage(ClientCalls.java:468)
	at org.apache.ratis.thirdparty.io.grpc.ForwardingClientCallListener.onMessage(ForwardingClientCallListener.java:33)
	at org.apache.ratis.thirdparty.io.grpc.internal.DelayedClientCall$DelayedListener.onMessage(DelayedClientCall.java:473)
	at org.apache.ratis.thirdparty.io.grpc.internal.ClientCallImpl$ClientStreamListenerImpl$1MessagesAvailable.runInternal(ClientCallImpl.java:660)
	at org.apache.ratis.thirdparty.io.grpc.internal.ClientCallImpl$ClientStreamListenerImpl$1MessagesAvailable.runInContext(ClientCallImpl.java:647)
	at org.apache.ratis.thirdparty.io.grpc.internal.ContextRunnable.run(ContextRunnable.java:37)
	at org.apache.ratis.thirdparty.io.grpc.internal.SerializingExecutor.run(SerializingExecutor.java:133)
	at java.util.concurrent.ThreadPoolExecutor.runWorker(ThreadPoolExecutor.java:1149)
	at java.util.concurrent.ThreadPoolExecutor$Worker.run(ThreadPoolExecutor.java:624)
	at java.lang.Thread.run(Thread.java:750)
Caused by: org.apache.ratis.protocol.exceptions.NotLeaderException: Server 05887e99-236b-4e3f-9ff6-c32e887d273e@group-37EB9C4B86BD is not the leader 7f4a6f89-87eb-42cc-a636-bf60fe9cf75e|10.1.0.27:15335
	at org.apache.ratis.client.impl.ClientProtoUtils.toRaftClientReply(ClientProtoUtils.java:397)
	at org.apache.ratis.grpc.client.GrpcClientProtocolClient$AsyncStreamObservers$1.onNext(GrpcClientProtocolClient.java:310)
	... 11 more
2024-04-23 20:00:00,294 [grpc-default-executor-4] ERROR impl.OrderedAsync (OrderedAsync.java:lambda$send$4(179)) - Failed to send request, message=null
java.util.concurrent.CompletionException: org.apache.ratis.protocol.exceptions.RaftRetryFailureException: Failed RaftClientRequest:client-6484734EB0A9->05887e99-236b-4e3f-9ff6-c32e887d273e@group-37EB9C4B86BD, cid=64, seq=1*, Watch(0), null for 3 attempts with RequestTypeDependentRetryPolicy{WRITE->ExceptionDependentRetry(maxAttempts=2147483647; defaultPolicy=MultipleLinearRandomRetry[5x5s, 5x10s, 5x15s, 5x20s, 5x25s, 10x60s]; map={org.apache.ratis.protocol.exceptions.GroupMismatchException->NoRetry, org.apache.ratis.protocol.exceptions.NotReplicatedException->NoRetry, org.apache.ratis.protocol.exceptions.ResourceUnavailableException->org.apache.ratis.retry.ExponentialBackoffRetry@640152eb, org.apache.ratis.protocol.exceptions.StateMachineException->NoRetry, org.apache.ratis.protocol.exceptions.TimeoutIOException->org.apache.ratis.retry.ExponentialBackoffRetry@640152eb}), WATCH->ExceptionDependentRetry(maxAttempts=2147483647; defaultPolicy=MultipleLinearRandomRetry[5x5s, 5x10s, 5x15s, 5x20s, 5x25s, 10x60s]; map={org.apache.ratis.protocol.exceptions.GroupMismatchException->NoRetry, org.apache.ratis.protocol.exceptions.NotReplicatedException->NoRetry, org.apache.ratis.protocol.exceptions.ResourceUnavailableException->org.apache.ratis.retry.ExponentialBackoffRetry@640152eb, org.apache.ratis.protocol.exceptions.StateMachineException->NoRetry, org.apache.ratis.protocol.exceptions.TimeoutIOException->NoRetry})}
	at java.util.concurrent.CompletableFuture.encodeThrowable(CompletableFuture.java:292)
	at java.util.concurrent.CompletableFuture.completeThrowable(CompletableFuture.java:308)
	at java.util.concurrent.CompletableFuture.uniApply(CompletableFuture.java:607)
	at java.util.concurrent.CompletableFuture$UniApply.tryFire(CompletableFuture.java:591)
	at java.util.concurrent.CompletableFuture.postComplete(CompletableFuture.java:488)
	at java.util.concurrent.CompletableFuture.completeExceptionally(CompletableFuture.java:1990)
	at org.apache.ratis.client.impl.OrderedAsync$PendingOrderedRequest.fail(OrderedAsync.java:105)
	at org.apache.ratis.util.SlidingWindow$Client.fail(SlidingWindow.java:392)
	at org.apache.ratis.client.impl.OrderedAsync.failAllAsyncRequests(OrderedAsync.java:149)
	at org.apache.ratis.client.impl.OrderedAsync.handleAsyncRetryFailure(OrderedAsync.java:153)
	at org.apache.ratis.client.impl.OrderedAsync.lambda$sendRequest$9(OrderedAsync.java:253)
	at java.util.concurrent.CompletableFuture.uniExceptionally(CompletableFuture.java:884)
	at java.util.concurrent.CompletableFuture$UniExceptionally.tryFire(CompletableFuture.java:866)
	at java.util.concurrent.CompletableFuture.postComplete(CompletableFuture.java:488)
	at java.util.concurrent.CompletableFuture.completeExceptionally(CompletableFuture.java:1990)
	at org.apache.ratis.grpc.client.GrpcClientProtocolClient$AsyncStreamObservers.completeReplyExceptionally(GrpcClientProtocolClient.java:394)
	at org.apache.ratis.grpc.client.GrpcClientProtocolClient$AsyncStreamObservers.access$000(GrpcClientProtocolClient.java:300)
	at org.apache.ratis.grpc.client.GrpcClientProtocolClient$AsyncStreamObservers$1.onNext(GrpcClientProtocolClient.java:314)
	at org.apache.ratis.grpc.client.GrpcClientProtocolClient$AsyncStreamObservers$1.onNext(GrpcClientProtocolClient.java:305)
	at org.apache.ratis.thirdparty.io.grpc.stub.ClientCalls$StreamObserverToCallListenerAdapter.onMessage(ClientCalls.java:468)
	at org.apache.ratis.thirdparty.io.grpc.ForwardingClientCallListener.onMessage(ForwardingClientCallListener.java:33)
	at org.apache.ratis.thirdparty.io.grpc.internal.DelayedClientCall$DelayedListener.onMessage(DelayedClientCall.java:473)
	at org.apache.ratis.thirdparty.io.grpc.internal.ClientCallImpl$ClientStreamListenerImpl$1MessagesAvailable.runInternal(ClientCallImpl.java:660)
	at org.apache.ratis.thirdparty.io.grpc.internal.ClientCallImpl$ClientStreamListenerImpl$1MessagesAvailable.runInContext(ClientCallImpl.java:647)
	at org.apache.ratis.thirdparty.io.grpc.internal.ContextRunnable.run(ContextRunnable.java:37)
	at org.apache.ratis.thirdparty.io.grpc.internal.SerializingExecutor.run(SerializingExecutor.java:133)
	at java.util.concurrent.ThreadPoolExecutor.runWorker(ThreadPoolExecutor.java:1149)
	at java.util.concurrent.ThreadPoolExecutor$Worker.run(ThreadPoolExecutor.java:624)
	at java.lang.Thread.run(Thread.java:750)
Caused by: org.apache.ratis.protocol.exceptions.RaftRetryFailureException: Failed RaftClientRequest:client-6484734EB0A9->05887e99-236b-4e3f-9ff6-c32e887d273e@group-37EB9C4B86BD, cid=64, seq=1*, Watch(0), null for 3 attempts with RequestTypeDependentRetryPolicy{WRITE->ExceptionDependentRetry(maxAttempts=2147483647; defaultPolicy=MultipleLinearRandomRetry[5x5s, 5x10s, 5x15s, 5x20s, 5x25s, 10x60s]; map={org.apache.ratis.protocol.exceptions.GroupMismatchException->NoRetry, org.apache.ratis.protocol.exceptions.NotReplicatedException->NoRetry, org.apache.ratis.protocol.exceptions.ResourceUnavailableException->org.apache.ratis.retry.ExponentialBackoffRetry@640152eb, org.apache.ratis.protocol.exceptions.StateMachineException->NoRetry, org.apache.ratis.protocol.exceptions.TimeoutIOException->org.apache.ratis.retry.ExponentialBackoffRetry@640152eb}), WATCH->ExceptionDependentRetry(maxAttempts=2147483647; defaultPolicy=MultipleLinearRandomRetry[5x5s, 5x10s, 5x15s, 5x20s, 5x25s, 10x60s]; map={org.apache.ratis.protocol.exceptions.GroupMismatchException->NoRetry, org.apache.ratis.protocol.exceptions.NotReplicatedException->NoRetry, org.apache.ratis.protocol.exceptions.ResourceUnavailableException->org.apache.ratis.retry.ExponentialBackoffRetry@640152eb, org.apache.ratis.protocol.exceptions.StateMachineException->NoRetry, org.apache.ratis.protocol.exceptions.TimeoutIOException->NoRetry})}
	at org.apache.ratis.client.impl.RaftClientImpl.noMoreRetries(RaftClientImpl.java:353)
	... 20 more
Caused by: org.apache.ratis.protocol.exceptions.NotLeaderException: Server 05887e99-236b-4e3f-9ff6-c32e887d273e@group-37EB9C4B86BD is not the leader 7f4a6f89-87eb-42cc-a636-bf60fe9cf75e|10.1.0.27:15335
	at org.apache.ratis.client.impl.ClientProtoUtils.toRaftClientReply(ClientProtoUtils.java:397)
	at org.apache.ratis.grpc.client.GrpcClientProtocolClient$AsyncStreamObservers$1.onNext(GrpcClientProtocolClient.java:310)
	... 11 more
2024-04-23 20:00:00,295 [grpc-default-executor-4] ERROR impl.OrderedAsync (OrderedAsync.java:lambda$send$4(177)) - Failed to send request, message=cmdType: CreateContainer
traceID: ""
containerID: 1
datanodeUuid: "7f4a6f89-87eb-42cc-a636-bf60fe9cf75e"
createContainer {
}
, data.size=0 due to java.util.concurrent.CompletionException: org.apache.ratis.protocol.exceptions.AlreadyClosedException: SlidingWindow$Client:client-6484734EB0A9->RAFT is closed.
2024-04-23 20:00:00,299 [main] INFO  ozone.MiniOzoneClusterImpl (MiniOzoneClusterImpl.java:shutdown(396)) - Shutting down the Mini Ozone Cluster
2024-04-23 20:00:00,299 [main] INFO  db.CodecTestUtil (CodecTestUtil.java:gc(50)) - gc 0
2024-04-23 20:00:00,612 [main] INFO  ozone.MiniOzoneClusterImpl (MiniOzoneClusterImpl.java:stop(412)) - Stopping the Mini Ozone Cluster
2024-04-23 20:00:00,612 [main] INFO  om.OzoneManager (OzoneManager.java:stop(2232)) - om1[localhost:15271]: Stopping Ozone Manager
2024-04-23 20:00:00,612 [main] INFO  ipc.Server (Server.java:stop(3523)) - Stopping server on 15271
2024-04-23 20:00:00,617 [IPC Server listener on 15271] INFO  ipc.Server (Server.java:run(1434)) - Stopping IPC Server listener on 15271
2024-04-23 20:00:00,618 [main] INFO  ratis.OzoneManagerRatisServer (OzoneManagerRatisServer.java:stop(594)) - Stopping org.apache.hadoop.ozone.om.ratis.OzoneManagerRatisServer@1a64dd2e at port 15274
2024-04-23 20:00:00,618 [main] INFO  server.RaftServer (RaftServerProxy.java:lambda$close$9(416)) - om1: close
2024-04-23 20:00:00,618 [IPC Server Responder] INFO  ipc.Server (Server.java:run(1567)) - Stopping IPC Server Responder
2024-04-23 20:00:00,619 [om1-impl-thread1] INFO  server.RaftServer$Division (RaftServerImpl.java:lambda$close$3(526)) - om1@group-C5BA1605619E: shutdown
2024-04-23 20:00:00,622 [om1-impl-thread1] INFO  util.JmxRegister (JmxRegister.java:unregister(73)) - Successfully un-registered JMX Bean with object name Ratis:service=RaftServer,group=group-C5BA1605619E,id=om1
2024-04-23 20:00:00,622 [om1-impl-thread1] INFO  impl.RoleInfo (RoleInfo.java:shutdownLeaderState(94)) - om1: shutdown om1@group-C5BA1605619E-LeaderStateImpl
2024-04-23 20:00:00,623 [om1-impl-thread1] INFO  impl.PendingRequests (PendingRequests.java:sendNotLeaderResponses(289)) - om1@group-C5BA1605619E-PendingRequests: sendNotLeaderResponses
2024-04-23 20:00:00,619 [main] INFO  server.GrpcService (GrpcService.java:closeImpl(311)) - om1: shutdown server GrpcServerProtocolService now
2024-04-23 20:00:00,626 [om1@group-C5BA1605619E-StateMachineUpdater] INFO  ratis.OzoneManagerStateMachine (OzoneManagerStateMachine.java:takeSnapshotImpl(481)) -  applied = (t:1, i:3)
2024-04-23 20:00:00,626 [om1@group-C5BA1605619E-StateMachineUpdater] INFO  ratis.OzoneManagerStateMachine (OzoneManagerStateMachine.java:takeSnapshotImpl(482)) -  skipped = 3
2024-04-23 20:00:00,626 [om1@group-C5BA1605619E-StateMachineUpdater] INFO  ratis.OzoneManagerStateMachine (OzoneManagerStateMachine.java:takeSnapshotImpl(483)) - notified = (t:1, i:4)
2024-04-23 20:00:00,626 [om1@group-C5BA1605619E-StateMachineUpdater] INFO  ratis.OzoneManagerStateMachine (OzoneManagerStateMachine.java:takeSnapshotImpl(484)) - snapshot = (t:1, i:4)
2024-04-23 20:00:00,627 [main] INFO  server.GrpcService (GrpcService.java:closeImpl(320)) - om1: shutdown server GrpcServerProtocolService successfully
2024-04-23 20:00:00,626 [om1-impl-thread1] INFO  impl.StateMachineUpdater (StateMachineUpdater.java:stopAndJoin(157)) - om1@group-C5BA1605619E-StateMachineUpdater: set stopIndex = 4
2024-04-23 20:00:00,635 [om1@group-C5BA1605619E-StateMachineUpdater] INFO  impl.StateMachineUpdater (StateMachineUpdater.java:takeSnapshot(295)) - om1@group-C5BA1605619E-StateMachineUpdater: Took a snapshot at index 4
2024-04-23 20:00:00,635 [om1@group-C5BA1605619E-StateMachineUpdater] INFO  impl.StateMachineUpdater (StateMachineUpdater.java:lambda$new$0(98)) - om1@group-C5BA1605619E-StateMachineUpdater: snapshotIndex: updateIncreasingly -1 -> 4
2024-04-23 20:00:00,635 [om1@group-C5BA1605619E-StateMachineUpdater] INFO  ratis.OzoneManagerStateMachine (OzoneManagerStateMachine.java:close(527)) - Stopping OzoneManagerStateMachine:om1:group-C5BA1605619E.
2024-04-23 20:00:00,635 [om1@group-C5BA1605619E-StateMachineUpdater] INFO  ratis.OzoneManagerDoubleBuffer (OzoneManagerDoubleBuffer.java:stopDaemon(517)) - Stopping OMDoubleBuffer flush thread
2024-04-23 20:00:00,635 [om1-OMDoubleBufferFlushThread] INFO  ratis.OzoneManagerDoubleBuffer (OzoneManagerDoubleBuffer.java:canFlush(581)) - OMDoubleBuffer flush thread om1-OMDoubleBufferFlushThread is interrupted and will exit.
2024-04-23 20:00:00,637 [om1-impl-thread1] INFO  server.RaftServer$Division (ServerState.java:close(427)) - om1@group-C5BA1605619E: applyIndex: 3
2024-04-23 20:00:00,637 [om1@group-C5BA1605619E-cacheEviction-AwaitToRun] INFO  util.AwaitToRun (AwaitToRun.java:run(49)) - om1@group-C5BA1605619E-cacheEviction-AwaitToRun-AwaitForSignal is interrupted
2024-04-23 20:00:00,841 [om1-impl-thread1] INFO  segmented.SegmentedRaftLogWorker (SegmentedRaftLogWorker.java:close(245)) - om1@group-C5BA1605619E-SegmentedRaftLogWorker close()
2024-04-23 20:00:00,842 [JvmPauseMonitor34] INFO  util.JvmPauseMonitor (JvmPauseMonitor.java:run(152)) - JvmPauseMonitor-om1: Stopped
2024-04-23 20:00:00,842 [main] INFO  utils.BackgroundService (BackgroundService.java:shutdown(160)) - Shutting down service KeyDeletingService
2024-04-23 20:00:00,843 [main] INFO  utils.BackgroundService (BackgroundService.java:shutdown(160)) - Shutting down service DirectoryDeletingService
2024-04-23 20:00:00,843 [main] INFO  utils.BackgroundService (BackgroundService.java:shutdown(160)) - Shutting down service OpenKeyCleanupService
2024-04-23 20:00:00,843 [main] INFO  utils.BackgroundService (BackgroundService.java:shutdown(160)) - Shutting down service SstFilteringService
2024-04-23 20:00:00,843 [main] INFO  utils.BackgroundService (BackgroundService.java:shutdown(160)) - Shutting down service SnapshotDeletingService
2024-04-23 20:00:00,843 [main] INFO  utils.BackgroundService (BackgroundService.java:shutdown(160)) - Shutting down service MultipartUploadCleanupService
2024-04-23 20:00:00,844 [main] INFO  utils.BackgroundService (BackgroundService.java:shutdown(160)) - Shutting down service SnapshotDirectoryCleaningService
2024-04-23 20:00:00,844 [main] INFO  handler.ContextHandler (ContextHandler.java:doStop(1159)) - Stopped o.e.j.w.WebAppContext@50e984d7{ozoneManager,/,null,STOPPED}{file:/home/runner/work/ozone/ozone/hadoop-ozone/integration-test/target/test-classes/webapps/ozoneManager}
2024-04-23 20:00:00,845 [main] INFO  server.AbstractConnector (AbstractConnector.java:doStop(383)) - Stopped ServerConnector@5ca6435b{HTTP/1.1, (http/1.1)}{0.0.0.0:15272}
2024-04-23 20:00:00,845 [main] INFO  server.session (HouseKeeper.java:stopScavenging(149)) - node0 Stopped scavenging
2024-04-23 20:00:00,845 [main] INFO  handler.ContextHandler (ContextHandler.java:doStop(1159)) - Stopped o.e.j.s.ServletContextHandler@3b5ed82e{static,/static,file:///home/runner/work/ozone/ozone/hadoop-ozone/integration-test/target/test-classes/webapps/static,STOPPED}
2024-04-23 20:00:00,845 [main] INFO  handler.ContextHandler (ContextHandler.java:doStop(1159)) - Stopped o.e.j.s.ServletContextHandler@1bd89be8{logs,/logs,file:///home/runner/work/ozone/ozone/hadoop-ozone/integration-test/target/log,STOPPED}
2024-04-23 20:00:00,846 [main] INFO  rocksdiff.RocksDBCheckpointDiffer (RocksDBCheckpointDiffer.java:close(310)) - Shutting down CompactionDagPruningService.
2024-04-23 20:00:00,848 [main] INFO  snapshot.SnapshotDiffManager (SnapshotDiffManager.java:closeExecutorService(1657)) - Shutting down executorService: 'SnapDiffExecutor'
2024-04-23 20:00:00,848 [main] INFO  utils.BackgroundService (BackgroundService.java:shutdown(160)) - Shutting down service SnapshotDiffCleanupService
2024-04-23 20:00:00,849 [main] INFO  ozone.MiniOzoneClusterImpl (MiniOzoneClusterImpl.java:stopDatanodes(471)) - Stopping the HddsDatanodes
2024-04-23 20:00:00,852 [ForkJoinPool.commonPool-worker-0] INFO  ozoneimpl.OzoneContainer (OzoneContainer.java:stop(481)) - Attempting to stop container services.
2024-04-23 20:00:00,853 [ContainerMetadataScanner] WARN  ozoneimpl.AbstractBackgroundContainerScanner (AbstractBackgroundContainerScanner.java:handleRemainingSleep(134)) - Background container scan was interrupted.
2024-04-23 20:00:00,853 [ContainerMetadataScanner] INFO  ozoneimpl.AbstractBackgroundContainerScanner (AbstractBackgroundContainerScanner.java:run(61)) - Thread[ContainerMetadataScanner,5,main] exiting.
2024-04-23 20:00:00,854 [ForkJoinPool.commonPool-worker-0] INFO  ozoneimpl.BackgroundContainerDataScanner (BackgroundContainerDataScanner.java:shutdown(141)) - ContainerDataScanner(/home/runner/work/ozone/ozone/hadoop-ozone/integration-test/target/test-dir/MiniOzoneClusterImpl-d857b234-8aec-441a-a9c9-a34f2a008b14/ozone-meta/datanode-8/data-0/hdds) is shutting down. 
2024-04-23 20:00:00,855 [main] INFO  ozoneimpl.OzoneContainer (OzoneContainer.java:stop(481)) - Attempting to stop container services.
2024-04-23 20:00:00,856 [ForkJoinPool.commonPool-worker-6] INFO  ozoneimpl.OzoneContainer (OzoneContainer.java:stop(481)) - Attempting to stop container services.
2024-04-23 20:00:00,857 [ContainerDataScanner(/home/runner/work/ozone/ozone/hadoop-ozone/integration-test/target/test-dir/MiniOzoneClusterImpl-d857b234-8aec-441a-a9c9-a34f2a008b14/ozone-meta/datanode-8/data-0/hdds)] WARN  ozoneimpl.AbstractBackgroundContainerScanner (AbstractBackgroundContainerScanner.java:handleRemainingSleep(134)) - Background container scan was interrupted.
2024-04-23 20:00:00,857 [ContainerMetadataScanner] WARN  ozoneimpl.AbstractBackgroundContainerScanner (AbstractBackgroundContainerScanner.java:handleRemainingSleep(134)) - Background container scan was interrupted.
2024-04-23 20:00:00,858 [ContainerMetadataScanner] INFO  ozoneimpl.AbstractBackgroundContainerScanner (AbstractBackgroundContainerScanner.java:run(61)) - Thread[ContainerMetadataScanner,5,main] exiting.
2024-04-23 20:00:00,858 [ContainerDataScanner(/home/runner/work/ozone/ozone/hadoop-ozone/integration-test/target/test-dir/MiniOzoneClusterImpl-d857b234-8aec-441a-a9c9-a34f2a008b14/ozone-meta/datanode-8/data-0/hdds)] INFO  ozoneimpl.AbstractBackgroundContainerScanner (AbstractBackgroundContainerScanner.java:run(61)) - ContainerDataScanner(/home/runner/work/ozone/ozone/hadoop-ozone/integration-test/target/test-dir/MiniOzoneClusterImpl-d857b234-8aec-441a-a9c9-a34f2a008b14/ozone-meta/datanode-8/data-0/hdds, DS-e52e3dd4-930c-4c95-9fd3-e5f6ebbe17c1) exiting.
2024-04-23 20:00:00,858 [ContainerMetadataScanner] WARN  ozoneimpl.AbstractBackgroundContainerScanner (AbstractBackgroundContainerScanner.java:handleRemainingSleep(134)) - Background container scan was interrupted.
2024-04-23 20:00:00,860 [ContainerMetadataScanner] INFO  ozoneimpl.AbstractBackgroundContainerScanner (AbstractBackgroundContainerScanner.java:run(61)) - Thread[ContainerMetadataScanner,5,main] exiting.
2024-04-23 20:00:00,859 [ForkJoinPool.commonPool-worker-7] INFO  ozoneimpl.OzoneContainer (OzoneContainer.java:stop(481)) - Attempting to stop container services.
2024-04-23 20:00:00,859 [main] INFO  ozoneimpl.BackgroundContainerDataScanner (BackgroundContainerDataScanner.java:shutdown(141)) - ContainerDataScanner(/home/runner/work/ozone/ozone/hadoop-ozone/integration-test/target/test-dir/MiniOzoneClusterImpl-d857b234-8aec-441a-a9c9-a34f2a008b14/ozone-meta/datanode-6/data-0/hdds) is shutting down. 
2024-04-23 20:00:00,861 [ContainerDataScanner(/home/runner/work/ozone/ozone/hadoop-ozone/integration-test/target/test-dir/MiniOzoneClusterImpl-d857b234-8aec-441a-a9c9-a34f2a008b14/ozone-meta/datanode-6/data-0/hdds)] WARN  ozoneimpl.AbstractBackgroundContainerScanner (AbstractBackgroundContainerScanner.java:handleRemainingSleep(134)) - Background container scan was interrupted.
2024-04-23 20:00:00,861 [ContainerDataScanner(/home/runner/work/ozone/ozone/hadoop-ozone/integration-test/target/test-dir/MiniOzoneClusterImpl-d857b234-8aec-441a-a9c9-a34f2a008b14/ozone-meta/datanode-6/data-0/hdds)] INFO  ozoneimpl.AbstractBackgroundContainerScanner (AbstractBackgroundContainerScanner.java:run(61)) - ContainerDataScanner(/home/runner/work/ozone/ozone/hadoop-ozone/integration-test/target/test-dir/MiniOzoneClusterImpl-d857b234-8aec-441a-a9c9-a34f2a008b14/ozone-meta/datanode-6/data-0/hdds, DS-28ed535c-55e0-42bd-b1a6-866bbdf053fe) exiting.
2024-04-23 20:00:00,861 [ForkJoinPool.commonPool-worker-6] INFO  ozoneimpl.BackgroundContainerDataScanner (BackgroundContainerDataScanner.java:shutdown(141)) - ContainerDataScanner(/home/runner/work/ozone/ozone/hadoop-ozone/integration-test/target/test-dir/MiniOzoneClusterImpl-d857b234-8aec-441a-a9c9-a34f2a008b14/ozone-meta/datanode-3/data-0/hdds) is shutting down. 
2024-04-23 20:00:00,861 [ContainerMetadataScanner] WARN  ozoneimpl.AbstractBackgroundContainerScanner (AbstractBackgroundContainerScanner.java:handleRemainingSleep(134)) - Background container scan was interrupted.
2024-04-23 20:00:00,862 [ContainerMetadataScanner] INFO  ozoneimpl.AbstractBackgroundContainerScanner (AbstractBackgroundContainerScanner.java:run(61)) - Thread[ContainerMetadataScanner,5,main] exiting.
2024-04-23 20:00:00,861 [ForkJoinPool.commonPool-worker-0] INFO  ozoneimpl.OnDemandContainerDataScanner (OnDemandContainerDataScanner.java:shutdownScanner(206)) - On-demand container scanner is shutting down.
2024-04-23 20:00:00,861 [ContainerDataScanner(/home/runner/work/ozone/ozone/hadoop-ozone/integration-test/target/test-dir/MiniOzoneClusterImpl-d857b234-8aec-441a-a9c9-a34f2a008b14/ozone-meta/datanode-3/data-0/hdds)] WARN  ozoneimpl.AbstractBackgroundContainerScanner (AbstractBackgroundContainerScanner.java:handleRemainingSleep(134)) - Background container scan was interrupted.
2024-04-23 20:00:00,863 [ContainerDataScanner(/home/runner/work/ozone/ozone/hadoop-ozone/integration-test/target/test-dir/MiniOzoneClusterImpl-d857b234-8aec-441a-a9c9-a34f2a008b14/ozone-meta/datanode-3/data-0/hdds)] INFO  ozoneimpl.AbstractBackgroundContainerScanner (AbstractBackgroundContainerScanner.java:run(61)) - ContainerDataScanner(/home/runner/work/ozone/ozone/hadoop-ozone/integration-test/target/test-dir/MiniOzoneClusterImpl-d857b234-8aec-441a-a9c9-a34f2a008b14/ozone-meta/datanode-3/data-0/hdds, DS-be462f49-f054-479d-b805-9954333e9a30) exiting.
2024-04-23 20:00:00,863 [main] INFO  server.RaftServer (RaftServerProxy.java:lambda$close$9(416)) - 5c06539f-238f-401a-8663-461110f37d8f: close
2024-04-23 20:00:00,863 [ForkJoinPool.commonPool-worker-0] INFO  server.RaftServer (RaftServerProxy.java:lambda$close$9(416)) - ece5501e-2183-421f-b873-7b565e9a7338: close
2024-04-23 20:00:00,863 [5c06539f-238f-401a-8663-461110f37d8f-impl-thread1] INFO  server.RaftServer$Division (RaftServerImpl.java:lambda$close$3(526)) - 5c06539f-238f-401a-8663-461110f37d8f@group-DA0C2F9F4D67: shutdown
2024-04-23 20:00:00,863 [5c06539f-238f-401a-8663-461110f37d8f-impl-thread1] INFO  util.JmxRegister (JmxRegister.java:unregister(73)) - Successfully un-registered JMX Bean with object name Ratis:service=RaftServer,group=group-DA0C2F9F4D67,id=5c06539f-238f-401a-8663-461110f37d8f
2024-04-23 20:00:00,863 [5c06539f-238f-401a-8663-461110f37d8f-impl-thread1] INFO  impl.RoleInfo (RoleInfo.java:shutdownLeaderState(94)) - 5c06539f-238f-401a-8663-461110f37d8f: shutdown 5c06539f-238f-401a-8663-461110f37d8f@group-DA0C2F9F4D67-LeaderStateImpl
2024-04-23 20:00:00,864 [main] INFO  server.GrpcService (GrpcService.java:closeImpl(311)) - 5c06539f-238f-401a-8663-461110f37d8f: shutdown server org.apache.ratis.grpc.server.GrpcClientProtocolService now
2024-04-23 20:00:00,866 [ForkJoinPool.commonPool-worker-6] INFO  server.RaftServer (RaftServerProxy.java:lambda$close$9(416)) - f13f88a1-11f3-4f35-9751-23eec4d236b9: close
2024-04-23 20:00:00,866 [5c06539f-238f-401a-8663-461110f37d8f-impl-thread2] INFO  server.RaftServer$Division (RaftServerImpl.java:lambda$close$3(526)) - 5c06539f-238f-401a-8663-461110f37d8f@group-D46B572B1E65: shutdown
2024-04-23 20:00:00,866 [5c06539f-238f-401a-8663-461110f37d8f-impl-thread2] INFO  util.JmxRegister (JmxRegister.java:unregister(73)) - Successfully un-registered JMX Bean with object name Ratis:service=RaftServer,group=group-D46B572B1E65,id=5c06539f-238f-401a-8663-461110f37d8f
2024-04-23 20:00:00,866 [5c06539f-238f-401a-8663-461110f37d8f-impl-thread2] INFO  impl.RoleInfo (RoleInfo.java:shutdownLeaderState(94)) - 5c06539f-238f-401a-8663-461110f37d8f: shutdown 5c06539f-238f-401a-8663-461110f37d8f@group-D46B572B1E65-LeaderStateImpl
2024-04-23 20:00:00,866 [5c06539f-238f-401a-8663-461110f37d8f-impl-thread2] INFO  impl.PendingRequests (PendingRequests.java:sendNotLeaderResponses(289)) - 5c06539f-238f-401a-8663-461110f37d8f@group-D46B572B1E65-PendingRequests: sendNotLeaderResponses
2024-04-23 20:00:00,867 [5c06539f-238f-401a-8663-461110f37d8f@group-D46B572B1E65-StateMachineUpdater] INFO  ratis.ContainerStateMachine (ContainerStateMachine.java:takeSnapshot(355)) - group-D46B572B1E65: Taking a snapshot at:(t:1, i:0) file /home/runner/work/ozone/ozone/hadoop-ozone/integration-test/target/test-dir/MiniOzoneClusterImpl-d857b234-8aec-441a-a9c9-a34f2a008b14/ozone-meta/datanode-6/ratis/1719d27b-c2ee-4410-9631-d46b572b1e65/sm/snapshot.1_0
2024-04-23 20:00:00,867 [5c06539f-238f-401a-8663-461110f37d8f-impl-thread2] INFO  impl.StateMachineUpdater (StateMachineUpdater.java:stopAndJoin(157)) - 5c06539f-238f-401a-8663-461110f37d8f@group-D46B572B1E65-StateMachineUpdater: set stopIndex = 0
2024-04-23 20:00:00,867 [f13f88a1-11f3-4f35-9751-23eec4d236b9-impl-thread2] INFO  server.RaftServer$Division (RaftServerImpl.java:lambda$close$3(526)) - f13f88a1-11f3-4f35-9751-23eec4d236b9@group-916038891B0B: shutdown
2024-04-23 20:00:00,867 [f13f88a1-11f3-4f35-9751-23eec4d236b9-impl-thread2] INFO  util.JmxRegister (JmxRegister.java:unregister(73)) - Successfully un-registered JMX Bean with object name Ratis:service=RaftServer,group=group-916038891B0B,id=f13f88a1-11f3-4f35-9751-23eec4d236b9
2024-04-23 20:00:00,867 [f13f88a1-11f3-4f35-9751-23eec4d236b9-impl-thread2] INFO  impl.RoleInfo (RoleInfo.java:shutdownFollowerState(110)) - f13f88a1-11f3-4f35-9751-23eec4d236b9: shutdown f13f88a1-11f3-4f35-9751-23eec4d236b9@group-916038891B0B-FollowerState
2024-04-23 20:00:00,867 [f13f88a1-11f3-4f35-9751-23eec4d236b9-impl-thread2] INFO  impl.StateMachineUpdater (StateMachineUpdater.java:stopAndJoin(157)) - f13f88a1-11f3-4f35-9751-23eec4d236b9@group-916038891B0B-StateMachineUpdater: set stopIndex = 0
2024-04-23 20:00:00,867 [f13f88a1-11f3-4f35-9751-23eec4d236b9@group-916038891B0B-StateMachineUpdater] INFO  ratis.ContainerStateMachine (ContainerStateMachine.java:takeSnapshot(355)) - group-916038891B0B: Taking a snapshot at:(t:1, i:0) file /home/runner/work/ozone/ozone/hadoop-ozone/integration-test/target/test-dir/MiniOzoneClusterImpl-d857b234-8aec-441a-a9c9-a34f2a008b14/ozone-meta/datanode-3/ratis/716ab13f-d029-497d-8788-916038891b0b/sm/snapshot.1_0
2024-04-23 20:00:00,867 [Thread-4601] INFO  server.GrpcServerProtocolClient (GrpcServerProtocolClient.java:close(103)) - 7071ee0d-0296-4c1d-93da-2a6b8f0a8e11 Close channels
2024-04-23 20:00:00,868 [5c06539f-238f-401a-8663-461110f37d8f@group-D46B572B1E65-StateMachineUpdater] INFO  ratis.ContainerStateMachine (ContainerStateMachine.java:takeSnapshot(366)) - group-D46B572B1E65: Finished taking a snapshot at:(t:1, i:0) file:/home/runner/work/ozone/ozone/hadoop-ozone/integration-test/target/test-dir/MiniOzoneClusterImpl-d857b234-8aec-441a-a9c9-a34f2a008b14/ozone-meta/datanode-6/ratis/1719d27b-c2ee-4410-9631-d46b572b1e65/sm/snapshot.1_0 took: 1 ms
2024-04-23 20:00:00,868 [5c06539f-238f-401a-8663-461110f37d8f@group-D46B572B1E65-StateMachineUpdater] INFO  impl.StateMachineUpdater (StateMachineUpdater.java:takeSnapshot(295)) - 5c06539f-238f-401a-8663-461110f37d8f@group-D46B572B1E65-StateMachineUpdater: Took a snapshot at index 0
2024-04-23 20:00:00,868 [5c06539f-238f-401a-8663-461110f37d8f@group-D46B572B1E65-StateMachineUpdater] INFO  impl.StateMachineUpdater (StateMachineUpdater.java:lambda$new$0(98)) - 5c06539f-238f-401a-8663-461110f37d8f@group-D46B572B1E65-StateMachineUpdater: snapshotIndex: updateIncreasingly -1 -> 0
2024-04-23 20:00:00,868 [5c06539f-238f-401a-8663-461110f37d8f-impl-thread2] INFO  server.RaftServer$Division (ServerState.java:close(427)) - 5c06539f-238f-401a-8663-461110f37d8f@group-D46B572B1E65: applyIndex: 0
2024-04-23 20:00:00,868 [5c06539f-238f-401a-8663-461110f37d8f@group-D46B572B1E65-cacheEviction-AwaitToRun] INFO  util.AwaitToRun (AwaitToRun.java:run(49)) - 5c06539f-238f-401a-8663-461110f37d8f@group-D46B572B1E65-cacheEviction-AwaitToRun-AwaitForSignal is interrupted
2024-04-23 20:00:00,868 [5c06539f-238f-401a-8663-461110f37d8f@group-DA0C2F9F4D67->37bb455d-24a6-4251-8f16-d648f82e590e-GrpcLogAppender-LogAppenderDaemon] WARN  server.GrpcLogAppender (GrpcLogAppender.java:mayWait(289)) - 5c06539f-238f-401a-8663-461110f37d8f@group-DA0C2F9F4D67->37bb455d-24a6-4251-8f16-d648f82e590e-GrpcLogAppender: Wait interrupted by java.lang.InterruptedException
2024-04-23 20:00:00,866 [ece5501e-2183-421f-b873-7b565e9a7338-impl-thread2] INFO  server.RaftServer$Division (RaftServerImpl.java:lambda$close$3(526)) - ece5501e-2183-421f-b873-7b565e9a7338@group-E40B2AA211D6: shutdown
2024-04-23 20:00:00,866 [ForkJoinPool.commonPool-worker-0] INFO  server.GrpcService (GrpcService.java:closeImpl(311)) - ece5501e-2183-421f-b873-7b565e9a7338: shutdown server org.apache.ratis.grpc.server.GrpcClientProtocolService now
2024-04-23 20:00:00,866 [ece5501e-2183-421f-b873-7b565e9a7338-impl-thread1] INFO  server.RaftServer$Division (RaftServerImpl.java:lambda$close$3(526)) - ece5501e-2183-421f-b873-7b565e9a7338@group-37EB9C4B86BD: shutdown
2024-04-23 20:00:00,869 [ece5501e-2183-421f-b873-7b565e9a7338-impl-thread2] INFO  util.JmxRegister (JmxRegister.java:unregister(73)) - Successfully un-registered JMX Bean with object name Ratis:service=RaftServer,group=group-E40B2AA211D6,id=ece5501e-2183-421f-b873-7b565e9a7338
2024-04-23 20:00:00,869 [ece5501e-2183-421f-b873-7b565e9a7338-impl-thread2] INFO  impl.RoleInfo (RoleInfo.java:shutdownLeaderState(94)) - ece5501e-2183-421f-b873-7b565e9a7338: shutdown ece5501e-2183-421f-b873-7b565e9a7338@group-E40B2AA211D6-LeaderStateImpl
2024-04-23 20:00:00,869 [ece5501e-2183-421f-b873-7b565e9a7338-impl-thread2] INFO  impl.PendingRequests (PendingRequests.java:sendNotLeaderResponses(289)) - ece5501e-2183-421f-b873-7b565e9a7338@group-E40B2AA211D6-PendingRequests: sendNotLeaderResponses
2024-04-23 20:00:00,864 [5c06539f-238f-401a-8663-461110f37d8f-impl-thread1] INFO  impl.PendingRequests (PendingRequests.java:sendNotLeaderResponses(289)) - 5c06539f-238f-401a-8663-461110f37d8f@group-DA0C2F9F4D67-PendingRequests: sendNotLeaderResponses
2024-04-23 20:00:00,869 [ece5501e-2183-421f-b873-7b565e9a7338-impl-thread2] INFO  impl.StateMachineUpdater (StateMachineUpdater.java:stopAndJoin(157)) - ece5501e-2183-421f-b873-7b565e9a7338@group-E40B2AA211D6-StateMachineUpdater: set stopIndex = 0
2024-04-23 20:00:00,864 [5c06539f-238f-401a-8663-461110f37d8f@group-DA0C2F9F4D67->7071ee0d-0296-4c1d-93da-2a6b8f0a8e11-GrpcLogAppender-LogAppenderDaemon] WARN  server.GrpcLogAppender (GrpcLogAppender.java:mayWait(289)) - 5c06539f-238f-401a-8663-461110f37d8f@group-DA0C2F9F4D67->7071ee0d-0296-4c1d-93da-2a6b8f0a8e11-GrpcLogAppender: Wait interrupted by java.lang.InterruptedException
2024-04-23 20:00:00,869 [ece5501e-2183-421f-b873-7b565e9a7338-impl-thread1] INFO  util.JmxRegister (JmxRegister.java:unregister(73)) - Successfully un-registered JMX Bean with object name Ratis:service=RaftServer,group=group-37EB9C4B86BD,id=ece5501e-2183-421f-b873-7b565e9a7338
2024-04-23 20:00:00,870 [ece5501e-2183-421f-b873-7b565e9a7338@group-E40B2AA211D6-StateMachineUpdater] INFO  ratis.ContainerStateMachine (ContainerStateMachine.java:takeSnapshot(355)) - group-E40B2AA211D6: Taking a snapshot at:(t:1, i:0) file /home/runner/work/ozone/ozone/hadoop-ozone/integration-test/target/test-dir/MiniOzoneClusterImpl-d857b234-8aec-441a-a9c9-a34f2a008b14/ozone-meta/datanode-8/ratis/8c625cd1-10f0-4ac6-a9b3-e40b2aa211d6/sm/snapshot.1_0
2024-04-23 20:00:00,869 [grpc-default-executor-4] INFO  server.GrpcServerProtocolService (GrpcServerProtocolService.java:onCompleted(157)) - 37bb455d-24a6-4251-8f16-d648f82e590e: Completed APPEND_ENTRIES, lastRequest: 5c06539f-238f-401a-8663-461110f37d8f->37bb455d-24a6-4251-8f16-d648f82e590e#1-t1,previous=(t:0, i:0),leaderCommit=-1,initializing? false,entries: size=1, first=(t:1, i:0), CONFIGURATIONENTRY(current:id: "7071ee0d-0296-4c1d-93da-2a6b8f0a8e11"
address: "10.1.0.27:15308"
dataStreamAddress: "10.1.0.27:15309"
clientAddress: "10.1.0.27:15306"
adminAddress: "10.1.0.27:15307"
startupRole: FOLLOWER
,id: "5c06539f-238f-401a-8663-461110f37d8f"
address: "10.1.0.27:15326"
priority: 1
dataStreamAddress: "10.1.0.27:15327"
clientAddress: "10.1.0.27:15324"
adminAddress: "10.1.0.27:15325"
startupRole: FOLLOWER
,id: "37bb455d-24a6-4251-8f16-d648f82e590e"
address: "10.1.0.27:15317"
dataStreamAddress: "10.1.0.27:15318"
clientAddress: "10.1.0.27:15315"
adminAddress: "10.1.0.27:15316"
startupRole: FOLLOWER
, old:)
2024-04-23 20:00:00,870 [grpc-default-executor-4] INFO  server.GrpcServerProtocolService (GrpcServerProtocolService.java:lambda$onCompleted$5(159)) - 37bb455d-24a6-4251-8f16-d648f82e590e: Completed APPEND_ENTRIES, lastReply: null
2024-04-23 20:00:00,869 [grpc-default-executor-3] INFO  server.GrpcServerProtocolService (GrpcServerProtocolService.java:onCompleted(157)) - 37bb455d-24a6-4251-8f16-d648f82e590e: Completed APPEND_ENTRIES, lastRequest: null
2024-04-23 20:00:00,871 [grpc-default-executor-3] INFO  server.GrpcServerProtocolService (GrpcServerProtocolService.java:lambda$onCompleted$5(159)) - 37bb455d-24a6-4251-8f16-d648f82e590e: Completed APPEND_ENTRIES, lastReply: serverReply {
  requestorId: "5c06539f-238f-401a-8663-461110f37d8f"
  replyId: "37bb455d-24a6-4251-8f16-d648f82e590e"
  raftGroupId {
    id: "G\236\236\032M)E,\272\365\332\f/\237Mg"
  }
  callId: 8
  success: true
}
term: 1
nextIndex: 1
matchIndex: 18446744073709551615
isHearbeat: true

2024-04-23 20:00:00,868 [f13f88a1-11f3-4f35-9751-23eec4d236b9@group-916038891B0B-StateMachineUpdater] INFO  ratis.ContainerStateMachine (ContainerStateMachine.java:takeSnapshot(366)) - group-916038891B0B: Finished taking a snapshot at:(t:1, i:0) file:/home/runner/work/ozone/ozone/hadoop-ozone/integration-test/target/test-dir/MiniOzoneClusterImpl-d857b234-8aec-441a-a9c9-a34f2a008b14/ozone-meta/datanode-3/ratis/716ab13f-d029-497d-8788-916038891b0b/sm/snapshot.1_0 took: 1 ms
2024-04-23 20:00:00,868 [Thread-4602] INFO  server.GrpcServerProtocolClient (GrpcServerProtocolClient.java:close(103)) - 37bb455d-24a6-4251-8f16-d648f82e590e Close channels
2024-04-23 20:00:00,871 [f13f88a1-11f3-4f35-9751-23eec4d236b9@group-916038891B0B-StateMachineUpdater] INFO  impl.StateMachineUpdater (StateMachineUpdater.java:takeSnapshot(295)) - f13f88a1-11f3-4f35-9751-23eec4d236b9@group-916038891B0B-StateMachineUpdater: Took a snapshot at index 0
2024-04-23 20:00:00,867 [f13f88a1-11f3-4f35-9751-23eec4d236b9@group-916038891B0B-FollowerState] INFO  impl.FollowerState (FollowerState.java:run(152)) - f13f88a1-11f3-4f35-9751-23eec4d236b9@group-916038891B0B-FollowerState was interrupted
2024-04-23 20:00:00,867 [ForkJoinPool.commonPool-worker-7] INFO  ozoneimpl.BackgroundContainerDataScanner (BackgroundContainerDataScanner.java:shutdown(141)) - ContainerDataScanner(/home/runner/work/ozone/ozone/hadoop-ozone/integration-test/target/test-dir/MiniOzoneClusterImpl-d857b234-8aec-441a-a9c9-a34f2a008b14/ozone-meta/datanode-5/data-0/hdds) is shutting down. 
2024-04-23 20:00:00,866 [ForkJoinPool.commonPool-worker-6] INFO  server.GrpcService (GrpcService.java:closeImpl(311)) - f13f88a1-11f3-4f35-9751-23eec4d236b9: shutdown server org.apache.ratis.grpc.server.GrpcClientProtocolService now
2024-04-23 20:00:00,866 [f13f88a1-11f3-4f35-9751-23eec4d236b9-impl-thread1] INFO  server.RaftServer$Division (RaftServerImpl.java:lambda$close$3(526)) - f13f88a1-11f3-4f35-9751-23eec4d236b9@group-83B9B6334C76: shutdown
2024-04-23 20:00:00,871 [f13f88a1-11f3-4f35-9751-23eec4d236b9-impl-thread1] INFO  util.JmxRegister (JmxRegister.java:unregister(73)) - Successfully un-registered JMX Bean with object name Ratis:service=RaftServer,group=group-83B9B6334C76,id=f13f88a1-11f3-4f35-9751-23eec4d236b9
2024-04-23 20:00:00,871 [f13f88a1-11f3-4f35-9751-23eec4d236b9-impl-thread1] INFO  impl.RoleInfo (RoleInfo.java:shutdownLeaderState(94)) - f13f88a1-11f3-4f35-9751-23eec4d236b9: shutdown f13f88a1-11f3-4f35-9751-23eec4d236b9@group-83B9B6334C76-LeaderStateImpl
2024-04-23 20:00:00,872 [f13f88a1-11f3-4f35-9751-23eec4d236b9-impl-thread1] INFO  impl.PendingRequests (PendingRequests.java:sendNotLeaderResponses(289)) - f13f88a1-11f3-4f35-9751-23eec4d236b9@group-83B9B6334C76-PendingRequests: sendNotLeaderResponses
2024-04-23 20:00:00,871 [ece5501e-2183-421f-b873-7b565e9a7338@group-E40B2AA211D6-StateMachineUpdater] INFO  ratis.ContainerStateMachine (ContainerStateMachine.java:takeSnapshot(366)) - group-E40B2AA211D6: Finished taking a snapshot at:(t:1, i:0) file:/home/runner/work/ozone/ozone/hadoop-ozone/integration-test/target/test-dir/MiniOzoneClusterImpl-d857b234-8aec-441a-a9c9-a34f2a008b14/ozone-meta/datanode-8/ratis/8c625cd1-10f0-4ac6-a9b3-e40b2aa211d6/sm/snapshot.1_0 took: 2 ms
2024-04-23 20:00:00,871 [f13f88a1-11f3-4f35-9751-23eec4d236b9@group-916038891B0B-StateMachineUpdater] INFO  impl.StateMachineUpdater (StateMachineUpdater.java:lambda$new$0(98)) - f13f88a1-11f3-4f35-9751-23eec4d236b9@group-916038891B0B-StateMachineUpdater: snapshotIndex: updateIncreasingly -1 -> 0
2024-04-23 20:00:00,872 [f13f88a1-11f3-4f35-9751-23eec4d236b9-impl-thread1] INFO  impl.StateMachineUpdater (StateMachineUpdater.java:stopAndJoin(157)) - f13f88a1-11f3-4f35-9751-23eec4d236b9@group-83B9B6334C76-StateMachineUpdater: set stopIndex = 0
2024-04-23 20:00:00,870 [5c06539f-238f-401a-8663-461110f37d8f@group-DA0C2F9F4D67-StateMachineUpdater] INFO  ratis.ContainerStateMachine (ContainerStateMachine.java:takeSnapshot(355)) - group-DA0C2F9F4D67: Taking a snapshot at:(t:1, i:0) file /home/runner/work/ozone/ozone/hadoop-ozone/integration-test/target/test-dir/MiniOzoneClusterImpl-d857b234-8aec-441a-a9c9-a34f2a008b14/ozone-meta/datanode-6/ratis/479e9e1a-4d29-452c-baf5-da0c2f9f4d67/sm/snapshot.1_0
2024-04-23 20:00:00,870 [ece5501e-2183-421f-b873-7b565e9a7338-impl-thread1] INFO  impl.RoleInfo (RoleInfo.java:shutdownFollowerState(110)) - ece5501e-2183-421f-b873-7b565e9a7338: shutdown ece5501e-2183-421f-b873-7b565e9a7338@group-37EB9C4B86BD-FollowerState
2024-04-23 20:00:00,870 [5c06539f-238f-401a-8663-461110f37d8f-impl-thread1] INFO  impl.StateMachineUpdater (StateMachineUpdater.java:stopAndJoin(157)) - 5c06539f-238f-401a-8663-461110f37d8f@group-DA0C2F9F4D67-StateMachineUpdater: set stopIndex = 0
2024-04-23 20:00:00,872 [f13f88a1-11f3-4f35-9751-23eec4d236b9@group-83B9B6334C76-StateMachineUpdater] INFO  ratis.ContainerStateMachine (ContainerStateMachine.java:takeSnapshot(355)) - group-83B9B6334C76: Taking a snapshot at:(t:1, i:0) file /home/runner/work/ozone/ozone/hadoop-ozone/integration-test/target/test-dir/MiniOzoneClusterImpl-d857b234-8aec-441a-a9c9-a34f2a008b14/ozone-meta/datanode-3/ratis/e8df7b2a-36dc-4229-8d8d-83b9b6334c76/sm/snapshot.1_0
2024-04-23 20:00:00,872 [grpc-default-executor-4] INFO  server.GrpcServerProtocolService (GrpcServerProtocolService.java:onCompleted(157)) - 7071ee0d-0296-4c1d-93da-2a6b8f0a8e11: Completed APPEND_ENTRIES, lastRequest: 5c06539f-238f-401a-8663-461110f37d8f->7071ee0d-0296-4c1d-93da-2a6b8f0a8e11#1-t1,previous=(t:0, i:0),leaderCommit=-1,initializing? false,entries: size=1, first=(t:1, i:0), CONFIGURATIONENTRY(current:id: "7071ee0d-0296-4c1d-93da-2a6b8f0a8e11"
address: "10.1.0.27:15308"
dataStreamAddress: "10.1.0.27:15309"
clientAddress: "10.1.0.27:15306"
adminAddress: "10.1.0.27:15307"
startupRole: FOLLOWER
,id: "5c06539f-238f-401a-8663-461110f37d8f"
address: "10.1.0.27:15326"
priority: 1
dataStreamAddress: "10.1.0.27:15327"
clientAddress: "10.1.0.27:15324"
adminAddress: "10.1.0.27:15325"
startupRole: FOLLOWER
,id: "37bb455d-24a6-4251-8f16-d648f82e590e"
address: "10.1.0.27:15317"
dataStreamAddress: "10.1.0.27:15318"
clientAddress: "10.1.0.27:15315"
adminAddress: "10.1.0.27:15316"
startupRole: FOLLOWER
, old:)
2024-04-23 20:00:00,872 [grpc-default-executor-4] INFO  server.GrpcServerProtocolService (GrpcServerProtocolService.java:lambda$onCompleted$5(159)) - 7071ee0d-0296-4c1d-93da-2a6b8f0a8e11: Completed APPEND_ENTRIES, lastReply: null
2024-04-23 20:00:00,872 [ece5501e-2183-421f-b873-7b565e9a7338@group-E40B2AA211D6-StateMachineUpdater] INFO  impl.StateMachineUpdater (StateMachineUpdater.java:takeSnapshot(295)) - ece5501e-2183-421f-b873-7b565e9a7338@group-E40B2AA211D6-StateMachineUpdater: Took a snapshot at index 0
2024-04-23 20:00:00,873 [ece5501e-2183-421f-b873-7b565e9a7338@group-E40B2AA211D6-StateMachineUpdater] INFO  impl.StateMachineUpdater (StateMachineUpdater.java:lambda$new$0(98)) - ece5501e-2183-421f-b873-7b565e9a7338@group-E40B2AA211D6-StateMachineUpdater: snapshotIndex: updateIncreasingly -1 -> 0
2024-04-23 20:00:00,873 [ece5501e-2183-421f-b873-7b565e9a7338-impl-thread2] INFO  server.RaftServer$Division (ServerState.java:close(427)) - ece5501e-2183-421f-b873-7b565e9a7338@group-E40B2AA211D6: applyIndex: 0
2024-04-23 20:00:00,873 [grpc-default-executor-5] INFO  server.GrpcServerProtocolService (GrpcServerProtocolService.java:onCompleted(157)) - 7071ee0d-0296-4c1d-93da-2a6b8f0a8e11: Completed APPEND_ENTRIES, lastRequest: null
2024-04-23 20:00:00,873 [grpc-default-executor-5] INFO  server.GrpcServerProtocolService (GrpcServerProtocolService.java:lambda$onCompleted$5(159)) - 7071ee0d-0296-4c1d-93da-2a6b8f0a8e11: Completed APPEND_ENTRIES, lastReply: serverReply {
  requestorId: "5c06539f-238f-401a-8663-461110f37d8f"
  replyId: "7071ee0d-0296-4c1d-93da-2a6b8f0a8e11"
  raftGroupId {
    id: "G\236\236\032M)E,\272\365\332\f/\237Mg"
  }
  callId: 6
  success: true
}
term: 1
nextIndex: 1
matchIndex: 18446744073709551615
isHearbeat: true

2024-04-23 20:00:00,873 [grpc-default-executor-7] INFO  server.GrpcLogAppender (GrpcLogAppender.java:onCompleted(546)) - 5c06539f-238f-401a-8663-461110f37d8f@group-DA0C2F9F4D67->7071ee0d-0296-4c1d-93da-2a6b8f0a8e11-AppendLogResponseHandler: follower responses appendEntries COMPLETED
2024-04-23 20:00:00,873 [grpc-default-executor-7] WARN  server.GrpcLogAppender (GrpcLogAppender.java:resetClient(226)) - 5c06539f-238f-401a-8663-461110f37d8f@group-DA0C2F9F4D67->7071ee0d-0296-4c1d-93da-2a6b8f0a8e11-GrpcLogAppender: Failed to getClient for 7071ee0d-0296-4c1d-93da-2a6b8f0a8e11
org.apache.ratis.protocol.exceptions.AlreadyClosedException: 5c06539f-238f-401a-8663-461110f37d8f is already CLOSED
	at org.apache.ratis.util.PeerProxyMap$PeerAndProxy.getProxy(PeerProxyMap.java:65)
	at org.apache.ratis.util.PeerProxyMap.getProxy(PeerProxyMap.java:114)
	at org.apache.ratis.grpc.server.GrpcLogAppender.getClient(GrpcLogAppender.java:196)
	at org.apache.ratis.grpc.server.GrpcLogAppender.resetClient(GrpcLogAppender.java:201)
	at org.apache.ratis.grpc.server.GrpcLogAppender.access$800(GrpcLogAppender.java:62)
	at org.apache.ratis.grpc.server.GrpcLogAppender$AppendLogResponseHandler.onCompleted(GrpcLogAppender.java:547)
	at org.apache.ratis.thirdparty.io.grpc.stub.ClientCalls$StreamObserverToCallListenerAdapter.onClose(ClientCalls.java:479)
	at org.apache.ratis.thirdparty.io.grpc.internal.ClientCallImpl.closeObserver(ClientCallImpl.java:567)
	at org.apache.ratis.thirdparty.io.grpc.internal.ClientCallImpl.access$300(ClientCallImpl.java:71)
	at org.apache.ratis.thirdparty.io.grpc.internal.ClientCallImpl$ClientStreamListenerImpl$1StreamClosed.runInternal(ClientCallImpl.java:735)
	at org.apache.ratis.thirdparty.io.grpc.internal.ClientCallImpl$ClientStreamListenerImpl$1StreamClosed.runInContext(ClientCallImpl.java:716)
	at org.apache.ratis.thirdparty.io.grpc.internal.ContextRunnable.run(ContextRunnable.java:37)
	at org.apache.ratis.thirdparty.io.grpc.internal.SerializingExecutor.run(SerializingExecutor.java:133)
	at java.util.concurrent.ThreadPoolExecutor.runWorker(ThreadPoolExecutor.java:1149)
	at java.util.concurrent.ThreadPoolExecutor$Worker.run(ThreadPoolExecutor.java:624)
	at java.lang.Thread.run(Thread.java:750)
2024-04-23 20:00:00,872 [5c06539f-238f-401a-8663-461110f37d8f@group-DA0C2F9F4D67-StateMachineUpdater] INFO  ratis.ContainerStateMachine (ContainerStateMachine.java:takeSnapshot(366)) - group-DA0C2F9F4D67: Finished taking a snapshot at:(t:1, i:0) file:/home/runner/work/ozone/ozone/hadoop-ozone/integration-test/target/test-dir/MiniOzoneClusterImpl-d857b234-8aec-441a-a9c9-a34f2a008b14/ozone-meta/datanode-6/ratis/479e9e1a-4d29-452c-baf5-da0c2f9f4d67/sm/snapshot.1_0 took: 3 ms
2024-04-23 20:00:00,874 [5c06539f-238f-401a-8663-461110f37d8f@group-DA0C2F9F4D67-StateMachineUpdater] INFO  impl.StateMachineUpdater (StateMachineUpdater.java:takeSnapshot(295)) - 5c06539f-238f-401a-8663-461110f37d8f@group-DA0C2F9F4D67-StateMachineUpdater: Took a snapshot at index 0
2024-04-23 20:00:00,874 [5c06539f-238f-401a-8663-461110f37d8f@group-DA0C2F9F4D67-StateMachineUpdater] INFO  impl.StateMachineUpdater (StateMachineUpdater.java:lambda$new$0(98)) - 5c06539f-238f-401a-8663-461110f37d8f@group-DA0C2F9F4D67-StateMachineUpdater: snapshotIndex: updateIncreasingly -1 -> 0
2024-04-23 20:00:00,874 [5c06539f-238f-401a-8663-461110f37d8f-impl-thread1] INFO  server.RaftServer$Division (ServerState.java:close(427)) - 5c06539f-238f-401a-8663-461110f37d8f@group-DA0C2F9F4D67: applyIndex: 0
2024-04-23 20:00:00,872 [grpc-default-executor-2] INFO  server.GrpcLogAppender (GrpcLogAppender.java:onCompleted(546)) - 5c06539f-238f-401a-8663-461110f37d8f@group-DA0C2F9F4D67->37bb455d-24a6-4251-8f16-d648f82e590e-AppendLogResponseHandler: follower responses appendEntries COMPLETED
2024-04-23 20:00:00,873 [f13f88a1-11f3-4f35-9751-23eec4d236b9@group-83B9B6334C76-StateMachineUpdater] INFO  ratis.ContainerStateMachine (ContainerStateMachine.java:takeSnapshot(366)) - group-83B9B6334C76: Finished taking a snapshot at:(t:1, i:0) file:/home/runner/work/ozone/ozone/hadoop-ozone/integration-test/target/test-dir/MiniOzoneClusterImpl-d857b234-8aec-441a-a9c9-a34f2a008b14/ozone-meta/datanode-3/ratis/e8df7b2a-36dc-4229-8d8d-83b9b6334c76/sm/snapshot.1_0 took: 1 ms
2024-04-23 20:00:00,874 [grpc-default-executor-2] WARN  server.GrpcLogAppender (GrpcLogAppender.java:resetClient(226)) - 5c06539f-238f-401a-8663-461110f37d8f@group-DA0C2F9F4D67->37bb455d-24a6-4251-8f16-d648f82e590e-GrpcLogAppender: Failed to getClient for 37bb455d-24a6-4251-8f16-d648f82e590e
org.apache.ratis.protocol.exceptions.AlreadyClosedException: 5c06539f-238f-401a-8663-461110f37d8f is already CLOSED
	at org.apache.ratis.util.PeerProxyMap$PeerAndProxy.getProxy(PeerProxyMap.java:65)
	at org.apache.ratis.util.PeerProxyMap.getProxy(PeerProxyMap.java:114)
	at org.apache.ratis.grpc.server.GrpcLogAppender.getClient(GrpcLogAppender.java:196)
	at org.apache.ratis.grpc.server.GrpcLogAppender.resetClient(GrpcLogAppender.java:201)
	at org.apache.ratis.grpc.server.GrpcLogAppender.access$800(GrpcLogAppender.java:62)
	at org.apache.ratis.grpc.server.GrpcLogAppender$AppendLogResponseHandler.onCompleted(GrpcLogAppender.java:547)
	at org.apache.ratis.thirdparty.io.grpc.stub.ClientCalls$StreamObserverToCallListenerAdapter.onClose(ClientCalls.java:479)
	at org.apache.ratis.thirdparty.io.grpc.internal.ClientCallImpl.closeObserver(ClientCallImpl.java:567)
	at org.apache.ratis.thirdparty.io.grpc.internal.ClientCallImpl.access$300(ClientCallImpl.java:71)
	at org.apache.ratis.thirdparty.io.grpc.internal.ClientCallImpl$ClientStreamListenerImpl$1StreamClosed.runInternal(ClientCallImpl.java:735)
	at org.apache.ratis.thirdparty.io.grpc.internal.ClientCallImpl$ClientStreamListenerImpl$1StreamClosed.runInContext(ClientCallImpl.java:716)
	at org.apache.ratis.thirdparty.io.grpc.internal.ContextRunnable.run(ContextRunnable.java:37)
	at org.apache.ratis.thirdparty.io.grpc.internal.SerializingExecutor.run(SerializingExecutor.java:133)
	at java.util.concurrent.ThreadPoolExecutor.runWorker(ThreadPoolExecutor.java:1149)
	at java.util.concurrent.ThreadPoolExecutor$Worker.run(ThreadPoolExecutor.java:624)
	at java.lang.Thread.run(Thread.java:750)
2024-04-23 20:00:00,874 [f13f88a1-11f3-4f35-9751-23eec4d236b9@group-83B9B6334C76-StateMachineUpdater] INFO  impl.StateMachineUpdater (StateMachineUpdater.java:takeSnapshot(295)) - f13f88a1-11f3-4f35-9751-23eec4d236b9@group-83B9B6334C76-StateMachineUpdater: Took a snapshot at index 0
2024-04-23 20:00:00,874 [f13f88a1-11f3-4f35-9751-23eec4d236b9@group-83B9B6334C76-StateMachineUpdater] INFO  impl.StateMachineUpdater (StateMachineUpdater.java:lambda$new$0(98)) - f13f88a1-11f3-4f35-9751-23eec4d236b9@group-83B9B6334C76-StateMachineUpdater: snapshotIndex: updateIncreasingly -1 -> 0
2024-04-23 20:00:00,875 [f13f88a1-11f3-4f35-9751-23eec4d236b9-impl-thread1] INFO  server.RaftServer$Division (ServerState.java:close(427)) - f13f88a1-11f3-4f35-9751-23eec4d236b9@group-83B9B6334C76: applyIndex: 0
2024-04-23 20:00:00,876 [f13f88a1-11f3-4f35-9751-23eec4d236b9@group-83B9B6334C76-cacheEviction-AwaitToRun] INFO  util.AwaitToRun (AwaitToRun.java:run(49)) - f13f88a1-11f3-4f35-9751-23eec4d236b9@group-83B9B6334C76-cacheEviction-AwaitToRun-AwaitForSignal is interrupted
2024-04-23 20:00:00,876 [ForkJoinPool.commonPool-worker-0] INFO  server.GrpcService (GrpcService.java:closeImpl(320)) - ece5501e-2183-421f-b873-7b565e9a7338: shutdown server org.apache.ratis.grpc.server.GrpcClientProtocolService successfully
2024-04-23 20:00:00,876 [ForkJoinPool.commonPool-worker-0] INFO  server.GrpcService (GrpcService.java:closeImpl(311)) - ece5501e-2183-421f-b873-7b565e9a7338: shutdown server GrpcServerProtocolService now
2024-04-23 20:00:00,876 [ece5501e-2183-421f-b873-7b565e9a7338@group-E40B2AA211D6-cacheEviction-AwaitToRun] INFO  util.AwaitToRun (AwaitToRun.java:run(49)) - ece5501e-2183-421f-b873-7b565e9a7338@group-E40B2AA211D6-cacheEviction-AwaitToRun-AwaitForSignal is interrupted
2024-04-23 20:00:00,876 [5c06539f-238f-401a-8663-461110f37d8f@group-DA0C2F9F4D67-cacheEviction-AwaitToRun] INFO  util.AwaitToRun (AwaitToRun.java:run(49)) - 5c06539f-238f-401a-8663-461110f37d8f@group-DA0C2F9F4D67-cacheEviction-AwaitToRun-AwaitForSignal is interrupted
2024-04-23 20:00:00,877 [grpc-default-executor-7] WARN  server.GrpcServerProtocolService (LogUtils.java:warn(121)) - ece5501e-2183-421f-b873-7b565e9a7338: APPEND_ENTRIES onError, lastRequest: 7f4a6f89-87eb-42cc-a636-bf60fe9cf75e->ece5501e-2183-421f-b873-7b565e9a7338#1-t1,previous=(t:0, i:0),leaderCommit=-1,initializing? false,entries: size=1, first=(t:1, i:0), CONFIGURATIONENTRY(current:id: "ece5501e-2183-421f-b873-7b565e9a7338"
address: "10.1.0.27:15344"
dataStreamAddress: "10.1.0.27:15345"
clientAddress: "10.1.0.27:15342"
adminAddress: "10.1.0.27:15343"
startupRole: FOLLOWER
,id: "05887e99-236b-4e3f-9ff6-c32e887d273e"
address: "10.1.0.27:15353"
dataStreamAddress: "10.1.0.27:15354"
clientAddress: "10.1.0.27:15351"
adminAddress: "10.1.0.27:15352"
startupRole: FOLLOWER
,id: "7f4a6f89-87eb-42cc-a636-bf60fe9cf75e"
address: "10.1.0.27:15335"
priority: 1
dataStreamAddress: "10.1.0.27:15336"
clientAddress: "10.1.0.27:15333"
adminAddress: "10.1.0.27:15334"
startupRole: FOLLOWER
, old:): org.apache.ratis.thirdparty.io.grpc.StatusRuntimeException: CANCELLED: client cancelled
2024-04-23 20:00:00,877 [ece5501e-2183-421f-b873-7b565e9a7338@group-37EB9C4B86BD-StateMachineUpdater] INFO  ratis.ContainerStateMachine (ContainerStateMachine.java:takeSnapshot(355)) - group-37EB9C4B86BD: Taking a snapshot at:(t:1, i:0) file /home/runner/work/ozone/ozone/hadoop-ozone/integration-test/target/test-dir/MiniOzoneClusterImpl-d857b234-8aec-441a-a9c9-a34f2a008b14/ozone-meta/datanode-8/ratis/eb039608-97f3-41e2-92b2-37eb9c4b86bd/sm/snapshot.1_0
2024-04-23 20:00:00,877 [ece5501e-2183-421f-b873-7b565e9a7338@group-37EB9C4B86BD-FollowerState] INFO  impl.FollowerState (FollowerState.java:run(152)) - ece5501e-2183-421f-b873-7b565e9a7338@group-37EB9C4B86BD-FollowerState was interrupted
2024-04-23 20:00:00,877 [f13f88a1-11f3-4f35-9751-23eec4d236b9-impl-thread2] INFO  server.RaftServer$Division (ServerState.java:close(427)) - f13f88a1-11f3-4f35-9751-23eec4d236b9@group-916038891B0B: applyIndex: 0
2024-04-23 20:00:00,877 [ece5501e-2183-421f-b873-7b565e9a7338-impl-thread1] INFO  impl.StateMachineUpdater (StateMachineUpdater.java:stopAndJoin(157)) - ece5501e-2183-421f-b873-7b565e9a7338@group-37EB9C4B86BD-StateMachineUpdater: set stopIndex = 0
2024-04-23 20:00:00,877 [ece5501e-2183-421f-b873-7b565e9a7338@group-37EB9C4B86BD-StateMachineUpdater] INFO  ratis.ContainerStateMachine (ContainerStateMachine.java:takeSnapshot(366)) - group-37EB9C4B86BD: Finished taking a snapshot at:(t:1, i:0) file:/home/runner/work/ozone/ozone/hadoop-ozone/integration-test/target/test-dir/MiniOzoneClusterImpl-d857b234-8aec-441a-a9c9-a34f2a008b14/ozone-meta/datanode-8/ratis/eb039608-97f3-41e2-92b2-37eb9c4b86bd/sm/snapshot.1_0 took: 0 ms
2024-04-23 20:00:00,877 [ece5501e-2183-421f-b873-7b565e9a7338@group-37EB9C4B86BD-StateMachineUpdater] INFO  impl.StateMachineUpdater (StateMachineUpdater.java:takeSnapshot(295)) - ece5501e-2183-421f-b873-7b565e9a7338@group-37EB9C4B86BD-StateMachineUpdater: Took a snapshot at index 0
2024-04-23 20:00:00,878 [ece5501e-2183-421f-b873-7b565e9a7338@group-37EB9C4B86BD-StateMachineUpdater] INFO  impl.StateMachineUpdater (StateMachineUpdater.java:lambda$new$0(98)) - ece5501e-2183-421f-b873-7b565e9a7338@group-37EB9C4B86BD-StateMachineUpdater: snapshotIndex: updateIncreasingly -1 -> 0
2024-04-23 20:00:00,878 [ece5501e-2183-421f-b873-7b565e9a7338-impl-thread1] INFO  server.RaftServer$Division (ServerState.java:close(427)) - ece5501e-2183-421f-b873-7b565e9a7338@group-37EB9C4B86BD: applyIndex: 0
2024-04-23 20:00:00,880 [ContainerDataScanner(/home/runner/work/ozone/ozone/hadoop-ozone/integration-test/target/test-dir/MiniOzoneClusterImpl-d857b234-8aec-441a-a9c9-a34f2a008b14/ozone-meta/datanode-5/data-0/hdds)] WARN  ozoneimpl.AbstractBackgroundContainerScanner (AbstractBackgroundContainerScanner.java:handleRemainingSleep(134)) - Background container scan was interrupted.
2024-04-23 20:00:00,880 [Thread-4607] INFO  server.GrpcServerProtocolClient (GrpcServerProtocolClient.java:close(103)) - 7b3b87b1-ef59-40de-ba05-c120003f3778 Close channels
2024-04-23 20:00:00,880 [ContainerDataScanner(/home/runner/work/ozone/ozone/hadoop-ozone/integration-test/target/test-dir/MiniOzoneClusterImpl-d857b234-8aec-441a-a9c9-a34f2a008b14/ozone-meta/datanode-5/data-0/hdds)] INFO  ozoneimpl.AbstractBackgroundContainerScanner (AbstractBackgroundContainerScanner.java:run(61)) - ContainerDataScanner(/home/runner/work/ozone/ozone/hadoop-ozone/integration-test/target/test-dir/MiniOzoneClusterImpl-d857b234-8aec-441a-a9c9-a34f2a008b14/ozone-meta/datanode-5/data-0/hdds, DS-7bbbd45f-1615-44fe-a2f3-da761acb0770) exiting.
2024-04-23 20:00:00,884 [grpc-default-executor-4] WARN  server.GrpcLogAppender (LogUtils.java:warn(121)) - 7f4a6f89-87eb-42cc-a636-bf60fe9cf75e@group-37EB9C4B86BD->ece5501e-2183-421f-b873-7b565e9a7338-AppendLogResponseHandler: Failed appendEntries: org.apache.ratis.thirdparty.io.grpc.StatusRuntimeException: CANCELLED: RST_STREAM closed stream. HTTP/2 error code: CANCEL
2024-04-23 20:00:00,884 [grpc-default-executor-7] WARN  server.GrpcServerProtocolService (LogUtils.java:warn(121)) - ece5501e-2183-421f-b873-7b565e9a7338: APPEND_ENTRIES onError, lastRequest: null: org.apache.ratis.thirdparty.io.grpc.StatusRuntimeException: CANCELLED: client cancelled
2024-04-23 20:00:00,884 [grpc-default-executor-4] WARN  server.GrpcLogAppender (GrpcLogAppender.java:lambda$resetClient$1(217)) - 7f4a6f89-87eb-42cc-a636-bf60fe9cf75e@group-37EB9C4B86BD->ece5501e-2183-421f-b873-7b565e9a7338-GrpcLogAppender: Follower failed (request=null, errorCount=1); keep nextIndex (1) unchanged and retry.
2024-04-23 20:00:00,884 [grpc-default-executor-5] INFO  server.GrpcLogAppender (GrpcLogAppender.java:onCompleted(546)) - 5c06539f-238f-401a-8663-461110f37d8f@group-DA0C2F9F4D67->7071ee0d-0296-4c1d-93da-2a6b8f0a8e11-AppendLogResponseHandler: follower responses appendEntries COMPLETED
2024-04-23 20:00:00,885 [grpc-default-executor-5] WARN  server.GrpcLogAppender (GrpcLogAppender.java:resetClient(226)) - 5c06539f-238f-401a-8663-461110f37d8f@group-DA0C2F9F4D67->7071ee0d-0296-4c1d-93da-2a6b8f0a8e11-GrpcLogAppender: Failed to getClient for 7071ee0d-0296-4c1d-93da-2a6b8f0a8e11
org.apache.ratis.protocol.exceptions.AlreadyClosedException: 5c06539f-238f-401a-8663-461110f37d8f is already CLOSED
	at org.apache.ratis.util.PeerProxyMap$PeerAndProxy.getProxy(PeerProxyMap.java:65)
	at org.apache.ratis.util.PeerProxyMap.getProxy(PeerProxyMap.java:114)
	at org.apache.ratis.grpc.server.GrpcLogAppender.getClient(GrpcLogAppender.java:196)
	at org.apache.ratis.grpc.server.GrpcLogAppender.resetClient(GrpcLogAppender.java:201)
	at org.apache.ratis.grpc.server.GrpcLogAppender.access$800(GrpcLogAppender.java:62)
	at org.apache.ratis.grpc.server.GrpcLogAppender$AppendLogResponseHandler.onCompleted(GrpcLogAppender.java:547)
	at org.apache.ratis.thirdparty.io.grpc.stub.ClientCalls$StreamObserverToCallListenerAdapter.onClose(ClientCalls.java:479)
	at org.apache.ratis.thirdparty.io.grpc.internal.DelayedClientCall$DelayedListener$3.run(DelayedClientCall.java:489)
	at org.apache.ratis.thirdparty.io.grpc.internal.DelayedClientCall$DelayedListener.delayOrExecute(DelayedClientCall.java:453)
	at org.apache.ratis.thirdparty.io.grpc.internal.DelayedClientCall$DelayedListener.onClose(DelayedClientCall.java:486)
	at org.apache.ratis.thirdparty.io.grpc.internal.ClientCallImpl.closeObserver(ClientCallImpl.java:567)
	at org.apache.ratis.thirdparty.io.grpc.internal.ClientCallImpl.access$300(ClientCallImpl.java:71)
	at org.apache.ratis.thirdparty.io.grpc.internal.ClientCallImpl$ClientStreamListenerImpl$1StreamClosed.runInternal(ClientCallImpl.java:735)
	at org.apache.ratis.thirdparty.io.grpc.internal.ClientCallImpl$ClientStreamListenerImpl$1StreamClosed.runInContext(ClientCallImpl.java:716)
	at org.apache.ratis.thirdparty.io.grpc.internal.ContextRunnable.run(ContextRunnable.java:37)
	at org.apache.ratis.thirdparty.io.grpc.internal.SerializingExecutor.run(SerializingExecutor.java:133)
	at java.util.concurrent.ThreadPoolExecutor.runWorker(ThreadPoolExecutor.java:1149)
	at java.util.concurrent.ThreadPoolExecutor$Worker.run(ThreadPoolExecutor.java:624)
	at java.lang.Thread.run(Thread.java:750)
2024-04-23 20:00:00,889 [ForkJoinPool.commonPool-worker-7] INFO  server.RaftServer (RaftServerProxy.java:lambda$close$9(416)) - 37bb455d-24a6-4251-8f16-d648f82e590e: close
2024-04-23 20:00:00,889 [37bb455d-24a6-4251-8f16-d648f82e590e-impl-thread1] INFO  server.RaftServer$Division (RaftServerImpl.java:lambda$close$3(526)) - 37bb455d-24a6-4251-8f16-d648f82e590e@group-DA0C2F9F4D67: shutdown
2024-04-23 20:00:00,889 [ForkJoinPool.commonPool-worker-7] INFO  server.GrpcService (GrpcService.java:closeImpl(311)) - 37bb455d-24a6-4251-8f16-d648f82e590e: shutdown server org.apache.ratis.grpc.server.GrpcClientProtocolService now
2024-04-23 20:00:00,888 [grpc-default-executor-4] INFO  server.GrpcLogAppender (GrpcLogAppender.java:onCompleted(546)) - 5c06539f-238f-401a-8663-461110f37d8f@group-DA0C2F9F4D67->37bb455d-24a6-4251-8f16-d648f82e590e-AppendLogResponseHandler: follower responses appendEntries COMPLETED
2024-04-23 20:00:00,890 [grpc-default-executor-4] WARN  server.GrpcLogAppender (GrpcLogAppender.java:resetClient(226)) - 5c06539f-238f-401a-8663-461110f37d8f@group-DA0C2F9F4D67->37bb455d-24a6-4251-8f16-d648f82e590e-GrpcLogAppender: Failed to getClient for 37bb455d-24a6-4251-8f16-d648f82e590e
org.apache.ratis.protocol.exceptions.AlreadyClosedException: 5c06539f-238f-401a-8663-461110f37d8f is already CLOSED
	at org.apache.ratis.util.PeerProxyMap$PeerAndProxy.getProxy(PeerProxyMap.java:65)
	at org.apache.ratis.util.PeerProxyMap.getProxy(PeerProxyMap.java:114)
	at org.apache.ratis.grpc.server.GrpcLogAppender.getClient(GrpcLogAppender.java:196)
	at org.apache.ratis.grpc.server.GrpcLogAppender.resetClient(GrpcLogAppender.java:201)
	at org.apache.ratis.grpc.server.GrpcLogAppender.access$800(GrpcLogAppender.java:62)
	at org.apache.ratis.grpc.server.GrpcLogAppender$AppendLogResponseHandler.onCompleted(GrpcLogAppender.java:547)
	at org.apache.ratis.thirdparty.io.grpc.stub.ClientCalls$StreamObserverToCallListenerAdapter.onClose(ClientCalls.java:479)
	at org.apache.ratis.thirdparty.io.grpc.internal.ClientCallImpl.closeObserver(ClientCallImpl.java:567)
	at org.apache.ratis.thirdparty.io.grpc.internal.ClientCallImpl.access$300(ClientCallImpl.java:71)
	at org.apache.ratis.thirdparty.io.grpc.internal.ClientCallImpl$ClientStreamListenerImpl$1StreamClosed.runInternal(ClientCallImpl.java:735)
	at org.apache.ratis.thirdparty.io.grpc.internal.ClientCallImpl$ClientStreamListenerImpl$1StreamClosed.runInContext(ClientCallImpl.java:716)
	at org.apache.ratis.thirdparty.io.grpc.internal.ContextRunnable.run(ContextRunnable.java:37)
	at org.apache.ratis.thirdparty.io.grpc.internal.SerializingExecutor.run(SerializingExecutor.java:133)
	at java.util.concurrent.ThreadPoolExecutor.runWorker(ThreadPoolExecutor.java:1149)
	at java.util.concurrent.ThreadPoolExecutor$Worker.run(ThreadPoolExecutor.java:624)
	at java.lang.Thread.run(Thread.java:750)
2024-04-23 20:00:00,888 [ForkJoinPool.commonPool-worker-0] INFO  server.GrpcService (GrpcService.java:closeImpl(320)) - ece5501e-2183-421f-b873-7b565e9a7338: shutdown server GrpcServerProtocolService successfully
2024-04-23 20:00:00,888 [f13f88a1-11f3-4f35-9751-23eec4d236b9@group-916038891B0B-cacheEviction-AwaitToRun] INFO  util.AwaitToRun (AwaitToRun.java:run(49)) - f13f88a1-11f3-4f35-9751-23eec4d236b9@group-916038891B0B-cacheEviction-AwaitToRun-AwaitForSignal is interrupted
2024-04-23 20:00:00,888 [ece5501e-2183-421f-b873-7b565e9a7338@group-37EB9C4B86BD-cacheEviction-AwaitToRun] INFO  util.AwaitToRun (AwaitToRun.java:run(49)) - ece5501e-2183-421f-b873-7b565e9a7338@group-37EB9C4B86BD-cacheEviction-AwaitToRun-AwaitForSignal is interrupted
2024-04-23 20:00:00,888 [Thread-4612] INFO  server.GrpcServerProtocolClient (GrpcServerProtocolClient.java:close(103)) - 77d21a36-b63d-4df7-892f-b483d98564d7 Close channels
2024-04-23 20:00:00,890 [ForkJoinPool.commonPool-worker-0] INFO  server.GrpcService (GrpcService.java:closeImpl(311)) - ece5501e-2183-421f-b873-7b565e9a7338: shutdown server org.apache.ratis.grpc.server.GrpcAdminProtocolService now
2024-04-23 20:00:00,889 [37bb455d-24a6-4251-8f16-d648f82e590e-impl-thread2] INFO  server.RaftServer$Division (RaftServerImpl.java:lambda$close$3(526)) - 37bb455d-24a6-4251-8f16-d648f82e590e@group-7D724E5E77CB: shutdown
2024-04-23 20:00:00,889 [37bb455d-24a6-4251-8f16-d648f82e590e-impl-thread1] INFO  util.JmxRegister (JmxRegister.java:unregister(73)) - Successfully un-registered JMX Bean with object name Ratis:service=RaftServer,group=group-DA0C2F9F4D67,id=37bb455d-24a6-4251-8f16-d648f82e590e
2024-04-23 20:00:00,891 [37bb455d-24a6-4251-8f16-d648f82e590e-impl-thread1] INFO  impl.RoleInfo (RoleInfo.java:shutdownFollowerState(110)) - 37bb455d-24a6-4251-8f16-d648f82e590e: shutdown 37bb455d-24a6-4251-8f16-d648f82e590e@group-DA0C2F9F4D67-FollowerState
2024-04-23 20:00:00,891 [ForkJoinPool.commonPool-worker-7] INFO  server.GrpcService (GrpcService.java:closeImpl(320)) - 37bb455d-24a6-4251-8f16-d648f82e590e: shutdown server org.apache.ratis.grpc.server.GrpcClientProtocolService successfully
2024-04-23 20:00:00,890 [37bb455d-24a6-4251-8f16-d648f82e590e-impl-thread2] INFO  util.JmxRegister (JmxRegister.java:unregister(73)) - Successfully un-registered JMX Bean with object name Ratis:service=RaftServer,group=group-7D724E5E77CB,id=37bb455d-24a6-4251-8f16-d648f82e590e
2024-04-23 20:00:00,891 [37bb455d-24a6-4251-8f16-d648f82e590e-impl-thread2] INFO  impl.RoleInfo (RoleInfo.java:shutdownLeaderState(94)) - 37bb455d-24a6-4251-8f16-d648f82e590e: shutdown 37bb455d-24a6-4251-8f16-d648f82e590e@group-7D724E5E77CB-LeaderStateImpl
2024-04-23 20:00:00,891 [37bb455d-24a6-4251-8f16-d648f82e590e-impl-thread2] INFO  impl.PendingRequests (PendingRequests.java:sendNotLeaderResponses(289)) - 37bb455d-24a6-4251-8f16-d648f82e590e@group-7D724E5E77CB-PendingRequests: sendNotLeaderResponses
2024-04-23 20:00:00,891 [ForkJoinPool.commonPool-worker-7] INFO  server.GrpcService (GrpcService.java:closeImpl(311)) - 37bb455d-24a6-4251-8f16-d648f82e590e: shutdown server GrpcServerProtocolService now
2024-04-23 20:00:00,891 [37bb455d-24a6-4251-8f16-d648f82e590e-impl-thread2] INFO  impl.StateMachineUpdater (StateMachineUpdater.java:stopAndJoin(157)) - 37bb455d-24a6-4251-8f16-d648f82e590e@group-7D724E5E77CB-StateMachineUpdater: set stopIndex = 0
2024-04-23 20:00:00,891 [37bb455d-24a6-4251-8f16-d648f82e590e@group-7D724E5E77CB-StateMachineUpdater] INFO  ratis.ContainerStateMachine (ContainerStateMachine.java:takeSnapshot(355)) - group-7D724E5E77CB: Taking a snapshot at:(t:1, i:0) file /home/runner/work/ozone/ozone/hadoop-ozone/integration-test/target/test-dir/MiniOzoneClusterImpl-d857b234-8aec-441a-a9c9-a34f2a008b14/ozone-meta/datanode-5/ratis/94544c91-2a61-471f-b2f8-7d724e5e77cb/sm/snapshot.1_0
2024-04-23 20:00:00,891 [37bb455d-24a6-4251-8f16-d648f82e590e-impl-thread1] INFO  impl.StateMachineUpdater (StateMachineUpdater.java:stopAndJoin(157)) - 37bb455d-24a6-4251-8f16-d648f82e590e@group-DA0C2F9F4D67-StateMachineUpdater: set stopIndex = 0
2024-04-23 20:00:00,891 [37bb455d-24a6-4251-8f16-d648f82e590e@group-DA0C2F9F4D67-StateMachineUpdater] INFO  ratis.ContainerStateMachine (ContainerStateMachine.java:takeSnapshot(355)) - group-DA0C2F9F4D67: Taking a snapshot at:(t:1, i:0) file /home/runner/work/ozone/ozone/hadoop-ozone/integration-test/target/test-dir/MiniOzoneClusterImpl-d857b234-8aec-441a-a9c9-a34f2a008b14/ozone-meta/datanode-5/ratis/479e9e1a-4d29-452c-baf5-da0c2f9f4d67/sm/snapshot.1_0
2024-04-23 20:00:00,891 [37bb455d-24a6-4251-8f16-d648f82e590e@group-DA0C2F9F4D67-FollowerState] INFO  impl.FollowerState (FollowerState.java:run(152)) - 37bb455d-24a6-4251-8f16-d648f82e590e@group-DA0C2F9F4D67-FollowerState was interrupted
2024-04-23 20:00:00,892 [37bb455d-24a6-4251-8f16-d648f82e590e@group-7D724E5E77CB-StateMachineUpdater] INFO  ratis.ContainerStateMachine (ContainerStateMachine.java:takeSnapshot(366)) - group-7D724E5E77CB: Finished taking a snapshot at:(t:1, i:0) file:/home/runner/work/ozone/ozone/hadoop-ozone/integration-test/target/test-dir/MiniOzoneClusterImpl-d857b234-8aec-441a-a9c9-a34f2a008b14/ozone-meta/datanode-5/ratis/94544c91-2a61-471f-b2f8-7d724e5e77cb/sm/snapshot.1_0 took: 1 ms
2024-04-23 20:00:00,892 [37bb455d-24a6-4251-8f16-d648f82e590e@group-7D724E5E77CB-StateMachineUpdater] INFO  impl.StateMachineUpdater (StateMachineUpdater.java:takeSnapshot(295)) - 37bb455d-24a6-4251-8f16-d648f82e590e@group-7D724E5E77CB-StateMachineUpdater: Took a snapshot at index 0
2024-04-23 20:00:00,892 [37bb455d-24a6-4251-8f16-d648f82e590e@group-7D724E5E77CB-StateMachineUpdater] INFO  impl.StateMachineUpdater (StateMachineUpdater.java:lambda$new$0(98)) - 37bb455d-24a6-4251-8f16-d648f82e590e@group-7D724E5E77CB-StateMachineUpdater: snapshotIndex: updateIncreasingly -1 -> 0
2024-04-23 20:00:00,892 [37bb455d-24a6-4251-8f16-d648f82e590e@group-DA0C2F9F4D67-StateMachineUpdater] INFO  ratis.ContainerStateMachine (ContainerStateMachine.java:takeSnapshot(366)) - group-DA0C2F9F4D67: Finished taking a snapshot at:(t:1, i:0) file:/home/runner/work/ozone/ozone/hadoop-ozone/integration-test/target/test-dir/MiniOzoneClusterImpl-d857b234-8aec-441a-a9c9-a34f2a008b14/ozone-meta/datanode-5/ratis/479e9e1a-4d29-452c-baf5-da0c2f9f4d67/sm/snapshot.1_0 took: 0 ms
2024-04-23 20:00:00,892 [37bb455d-24a6-4251-8f16-d648f82e590e@group-DA0C2F9F4D67-StateMachineUpdater] INFO  impl.StateMachineUpdater (StateMachineUpdater.java:takeSnapshot(295)) - 37bb455d-24a6-4251-8f16-d648f82e590e@group-DA0C2F9F4D67-StateMachineUpdater: Took a snapshot at index 0
2024-04-23 20:00:00,892 [37bb455d-24a6-4251-8f16-d648f82e590e@group-DA0C2F9F4D67-StateMachineUpdater] INFO  impl.StateMachineUpdater (StateMachineUpdater.java:lambda$new$0(98)) - 37bb455d-24a6-4251-8f16-d648f82e590e@group-DA0C2F9F4D67-StateMachineUpdater: snapshotIndex: updateIncreasingly -1 -> 0
2024-04-23 20:00:00,897 [37bb455d-24a6-4251-8f16-d648f82e590e-impl-thread1] INFO  server.RaftServer$Division (ServerState.java:close(427)) - 37bb455d-24a6-4251-8f16-d648f82e590e@group-DA0C2F9F4D67: applyIndex: 0
2024-04-23 20:00:00,898 [37bb455d-24a6-4251-8f16-d648f82e590e@group-DA0C2F9F4D67-cacheEviction-AwaitToRun] INFO  util.AwaitToRun (AwaitToRun.java:run(49)) - 37bb455d-24a6-4251-8f16-d648f82e590e@group-DA0C2F9F4D67-cacheEviction-AwaitToRun-AwaitForSignal is interrupted
2024-04-23 20:00:00,897 [37bb455d-24a6-4251-8f16-d648f82e590e-impl-thread2] INFO  server.RaftServer$Division (ServerState.java:close(427)) - 37bb455d-24a6-4251-8f16-d648f82e590e@group-7D724E5E77CB: applyIndex: 0
2024-04-23 20:00:00,899 [main] INFO  server.GrpcService (GrpcService.java:closeImpl(320)) - 5c06539f-238f-401a-8663-461110f37d8f: shutdown server org.apache.ratis.grpc.server.GrpcClientProtocolService successfully
2024-04-23 20:00:00,900 [main] INFO  server.GrpcService (GrpcService.java:closeImpl(311)) - 5c06539f-238f-401a-8663-461110f37d8f: shutdown server GrpcServerProtocolService now
2024-04-23 20:00:00,901 [ForkJoinPool.commonPool-worker-0] INFO  server.GrpcService (GrpcService.java:closeImpl(320)) - ece5501e-2183-421f-b873-7b565e9a7338: shutdown server org.apache.ratis.grpc.server.GrpcAdminProtocolService successfully
2024-04-23 20:00:00,901 [ForkJoinPool.commonPool-worker-1] INFO  ozoneimpl.OzoneContainer (OzoneContainer.java:stop(481)) - Attempting to stop container services.
2024-04-23 20:00:00,901 [ForkJoinPool.commonPool-worker-2] INFO  ozoneimpl.OzoneContainer (OzoneContainer.java:stop(481)) - Attempting to stop container services.
2024-04-23 20:00:00,901 [ForkJoinPool.commonPool-worker-4] INFO  ozoneimpl.OzoneContainer (OzoneContainer.java:stop(481)) - Attempting to stop container services.
2024-04-23 20:00:00,901 [37bb455d-24a6-4251-8f16-d648f82e590e@group-7D724E5E77CB-cacheEviction-AwaitToRun] INFO  util.AwaitToRun (AwaitToRun.java:run(49)) - 37bb455d-24a6-4251-8f16-d648f82e590e@group-7D724E5E77CB-cacheEviction-AwaitToRun-AwaitForSignal is interrupted
2024-04-23 20:00:00,903 [ContainerMetadataScanner] WARN  ozoneimpl.AbstractBackgroundContainerScanner (AbstractBackgroundContainerScanner.java:handleRemainingSleep(134)) - Background container scan was interrupted.
2024-04-23 20:00:00,903 [ContainerMetadataScanner] INFO  ozoneimpl.AbstractBackgroundContainerScanner (AbstractBackgroundContainerScanner.java:run(61)) - Thread[ContainerMetadataScanner,5,main] exiting.
2024-04-23 20:00:00,903 [ContainerMetadataScanner] WARN  ozoneimpl.AbstractBackgroundContainerScanner (AbstractBackgroundContainerScanner.java:handleRemainingSleep(134)) - Background container scan was interrupted.
2024-04-23 20:00:00,904 [ForkJoinPool.commonPool-worker-6] INFO  server.GrpcService (GrpcService.java:closeImpl(320)) - f13f88a1-11f3-4f35-9751-23eec4d236b9: shutdown server org.apache.ratis.grpc.server.GrpcClientProtocolService successfully
2024-04-23 20:00:00,904 [ForkJoinPool.commonPool-worker-4] INFO  ozoneimpl.BackgroundContainerDataScanner (BackgroundContainerDataScanner.java:shutdown(141)) - ContainerDataScanner(/home/runner/work/ozone/ozone/hadoop-ozone/integration-test/target/test-dir/MiniOzoneClusterImpl-d857b234-8aec-441a-a9c9-a34f2a008b14/ozone-meta/datanode-7/data-0/hdds) is shutting down. 
2024-04-23 20:00:00,905 [ContainerDataScanner(/home/runner/work/ozone/ozone/hadoop-ozone/integration-test/target/test-dir/MiniOzoneClusterImpl-d857b234-8aec-441a-a9c9-a34f2a008b14/ozone-meta/datanode-7/data-0/hdds)] WARN  ozoneimpl.AbstractBackgroundContainerScanner (AbstractBackgroundContainerScanner.java:handleRemainingSleep(134)) - Background container scan was interrupted.
2024-04-23 20:00:00,905 [ContainerDataScanner(/home/runner/work/ozone/ozone/hadoop-ozone/integration-test/target/test-dir/MiniOzoneClusterImpl-d857b234-8aec-441a-a9c9-a34f2a008b14/ozone-meta/datanode-7/data-0/hdds)] INFO  ozoneimpl.AbstractBackgroundContainerScanner (AbstractBackgroundContainerScanner.java:run(61)) - ContainerDataScanner(/home/runner/work/ozone/ozone/hadoop-ozone/integration-test/target/test-dir/MiniOzoneClusterImpl-d857b234-8aec-441a-a9c9-a34f2a008b14/ozone-meta/datanode-7/data-0/hdds, DS-2ac82394-b096-42f0-bd90-63e3959b98e7) exiting.
2024-04-23 20:00:00,904 [ForkJoinPool.commonPool-worker-6] INFO  server.GrpcService (GrpcService.java:closeImpl(311)) - f13f88a1-11f3-4f35-9751-23eec4d236b9: shutdown server GrpcServerProtocolService now
2024-04-23 20:00:00,904 [ContainerMetadataScanner] INFO  ozoneimpl.AbstractBackgroundContainerScanner (AbstractBackgroundContainerScanner.java:run(61)) - Thread[ContainerMetadataScanner,5,main] exiting.
2024-04-23 20:00:00,905 [grpc-default-executor-4] WARN  server.GrpcServerProtocolService (LogUtils.java:warn(121)) - f13f88a1-11f3-4f35-9751-23eec4d236b9: APPEND_ENTRIES onError, lastRequest: null: org.apache.ratis.thirdparty.io.grpc.StatusRuntimeException: CANCELLED: client cancelled
2024-04-23 20:00:00,906 [grpc-default-executor-4] WARN  server.GrpcLogAppender (LogUtils.java:warn(121)) - 77d21a36-b63d-4df7-892f-b483d98564d7@group-916038891B0B->f13f88a1-11f3-4f35-9751-23eec4d236b9-AppendLogResponseHandler: Failed appendEntries: org.apache.ratis.thirdparty.io.grpc.StatusRuntimeException: CANCELLED: RST_STREAM closed stream. HTTP/2 error code: CANCEL
2024-04-23 20:00:00,906 [grpc-default-executor-4] WARN  server.GrpcLogAppender (GrpcLogAppender.java:lambda$resetClient$1(217)) - 77d21a36-b63d-4df7-892f-b483d98564d7@group-916038891B0B->f13f88a1-11f3-4f35-9751-23eec4d236b9-GrpcLogAppender: Follower failed (request=null, errorCount=1); keep nextIndex (1) unchanged and retry.
2024-04-23 20:00:00,906 [ForkJoinPool.commonPool-worker-7] INFO  server.GrpcService (GrpcService.java:closeImpl(320)) - 37bb455d-24a6-4251-8f16-d648f82e590e: shutdown server GrpcServerProtocolService successfully
2024-04-23 20:00:00,906 [ForkJoinPool.commonPool-worker-7] INFO  server.GrpcService (GrpcService.java:closeImpl(311)) - 37bb455d-24a6-4251-8f16-d648f82e590e: shutdown server org.apache.ratis.grpc.server.GrpcAdminProtocolService now
2024-04-23 20:00:00,907 [ContainerMetadataScanner] WARN  ozoneimpl.AbstractBackgroundContainerScanner (AbstractBackgroundContainerScanner.java:handleRemainingSleep(134)) - Background container scan was interrupted.
2024-04-23 20:00:00,907 [ContainerMetadataScanner] INFO  ozoneimpl.AbstractBackgroundContainerScanner (AbstractBackgroundContainerScanner.java:run(61)) - Thread[ContainerMetadataScanner,5,main] exiting.
2024-04-23 20:00:00,907 [ForkJoinPool.commonPool-worker-7] INFO  server.GrpcService (GrpcService.java:closeImpl(320)) - 37bb455d-24a6-4251-8f16-d648f82e590e: shutdown server org.apache.ratis.grpc.server.GrpcAdminProtocolService successfully
2024-04-23 20:00:00,909 [37bb455d-24a6-4251-8f16-d648f82e590e-NettyServerStreamRpc-bossGroup--thread1] INFO  logging.LoggingHandler (AbstractInternalLogger.java:log(148)) - [id: 0x36506cab, L:/0.0.0.0:15318] CLOSE
2024-04-23 20:00:00,909 [37bb455d-24a6-4251-8f16-d648f82e590e-NettyServerStreamRpc-bossGroup--thread1] INFO  logging.LoggingHandler (AbstractInternalLogger.java:log(148)) - [id: 0x36506cab, L:/0.0.0.0:15318] INACTIVE
2024-04-23 20:00:00,910 [37bb455d-24a6-4251-8f16-d648f82e590e-NettyServerStreamRpc-bossGroup--thread1] INFO  logging.LoggingHandler (AbstractInternalLogger.java:log(148)) - [id: 0x36506cab, L:/0.0.0.0:15318] UNREGISTERED
2024-04-23 20:00:00,913 [grpc-default-executor-2] WARN  server.GrpcServerProtocolService (LogUtils.java:warn(121)) - f13f88a1-11f3-4f35-9751-23eec4d236b9: APPEND_ENTRIES onError, lastRequest: 77d21a36-b63d-4df7-892f-b483d98564d7->f13f88a1-11f3-4f35-9751-23eec4d236b9#1-t1,previous=(t:0, i:0),leaderCommit=-1,initializing? false,entries: size=1, first=(t:1, i:0), CONFIGURATIONENTRY(current:id: "7b3b87b1-ef59-40de-ba05-c120003f3778"
address: "10.1.0.27:15281"
dataStreamAddress: "10.1.0.27:15282"
clientAddress: "10.1.0.27:15279"
adminAddress: "10.1.0.27:15280"
startupRole: FOLLOWER
,id: "f13f88a1-11f3-4f35-9751-23eec4d236b9"
address: "10.1.0.27:15299"
dataStreamAddress: "10.1.0.27:15300"
clientAddress: "10.1.0.27:15297"
adminAddress: "10.1.0.27:15298"
startupRole: FOLLOWER
,id: "77d21a36-b63d-4df7-892f-b483d98564d7"
address: "10.1.0.27:15290"
priority: 1
dataStreamAddress: "10.1.0.27:15291"
clientAddress: "10.1.0.27:15288"
adminAddress: "10.1.0.27:15289"
startupRole: FOLLOWER
, old:): org.apache.ratis.thirdparty.io.grpc.StatusRuntimeException: CANCELLED: client cancelled
2024-04-23 20:00:00,919 [ForkJoinPool.commonPool-worker-1] INFO  ozoneimpl.BackgroundContainerDataScanner (BackgroundContainerDataScanner.java:shutdown(141)) - ContainerDataScanner(/home/runner/work/ozone/ozone/hadoop-ozone/integration-test/target/test-dir/MiniOzoneClusterImpl-d857b234-8aec-441a-a9c9-a34f2a008b14/ozone-meta/datanode-2/data-0/hdds) is shutting down. 
2024-04-23 20:00:00,919 [ForkJoinPool.commonPool-worker-2] INFO  ozoneimpl.BackgroundContainerDataScanner (BackgroundContainerDataScanner.java:shutdown(141)) - ContainerDataScanner(/home/runner/work/ozone/ozone/hadoop-ozone/integration-test/target/test-dir/MiniOzoneClusterImpl-d857b234-8aec-441a-a9c9-a34f2a008b14/ozone-meta/datanode-1/data-0/hdds) is shutting down. 
2024-04-23 20:00:00,919 [ContainerDataScanner(/home/runner/work/ozone/ozone/hadoop-ozone/integration-test/target/test-dir/MiniOzoneClusterImpl-d857b234-8aec-441a-a9c9-a34f2a008b14/ozone-meta/datanode-1/data-0/hdds)] WARN  ozoneimpl.AbstractBackgroundContainerScanner (AbstractBackgroundContainerScanner.java:handleRemainingSleep(134)) - Background container scan was interrupted.
2024-04-23 20:00:00,919 [ContainerDataScanner(/home/runner/work/ozone/ozone/hadoop-ozone/integration-test/target/test-dir/MiniOzoneClusterImpl-d857b234-8aec-441a-a9c9-a34f2a008b14/ozone-meta/datanode-1/data-0/hdds)] INFO  ozoneimpl.AbstractBackgroundContainerScanner (AbstractBackgroundContainerScanner.java:run(61)) - ContainerDataScanner(/home/runner/work/ozone/ozone/hadoop-ozone/integration-test/target/test-dir/MiniOzoneClusterImpl-d857b234-8aec-441a-a9c9-a34f2a008b14/ozone-meta/datanode-1/data-0/hdds, DS-25ed75d4-78df-495d-9cf7-4c103bf3fcec) exiting.
2024-04-23 20:00:00,919 [ContainerDataScanner(/home/runner/work/ozone/ozone/hadoop-ozone/integration-test/target/test-dir/MiniOzoneClusterImpl-d857b234-8aec-441a-a9c9-a34f2a008b14/ozone-meta/datanode-2/data-0/hdds)] WARN  ozoneimpl.AbstractBackgroundContainerScanner (AbstractBackgroundContainerScanner.java:handleRemainingSleep(134)) - Background container scan was interrupted.
2024-04-23 20:00:00,919 [ContainerDataScanner(/home/runner/work/ozone/ozone/hadoop-ozone/integration-test/target/test-dir/MiniOzoneClusterImpl-d857b234-8aec-441a-a9c9-a34f2a008b14/ozone-meta/datanode-2/data-0/hdds)] INFO  ozoneimpl.AbstractBackgroundContainerScanner (AbstractBackgroundContainerScanner.java:run(61)) - ContainerDataScanner(/home/runner/work/ozone/ozone/hadoop-ozone/integration-test/target/test-dir/MiniOzoneClusterImpl-d857b234-8aec-441a-a9c9-a34f2a008b14/ozone-meta/datanode-2/data-0/hdds, DS-10c98abc-eed6-4a74-8bca-d7a30339ed05) exiting.
2024-04-23 20:00:00,921 [ForkJoinPool.commonPool-worker-3] INFO  ozoneimpl.OzoneContainer (OzoneContainer.java:stop(481)) - Attempting to stop container services.
2024-04-23 20:00:00,922 [main] INFO  server.GrpcService (GrpcService.java:closeImpl(320)) - 5c06539f-238f-401a-8663-461110f37d8f: shutdown server GrpcServerProtocolService successfully
2024-04-23 20:00:00,922 [main] INFO  server.GrpcService (GrpcService.java:closeImpl(311)) - 5c06539f-238f-401a-8663-461110f37d8f: shutdown server org.apache.ratis.grpc.server.GrpcAdminProtocolService now
2024-04-23 20:00:00,929 [ForkJoinPool.commonPool-worker-4] INFO  server.RaftServer (RaftServerProxy.java:lambda$close$9(416)) - 7f4a6f89-87eb-42cc-a636-bf60fe9cf75e: close
2024-04-23 20:00:00,929 [ForkJoinPool.commonPool-worker-4] INFO  server.GrpcService (GrpcService.java:closeImpl(311)) - 7f4a6f89-87eb-42cc-a636-bf60fe9cf75e: shutdown server org.apache.ratis.grpc.server.GrpcClientProtocolService now
2024-04-23 20:00:00,929 [ForkJoinPool.commonPool-worker-5] INFO  ozoneimpl.OzoneContainer (OzoneContainer.java:stop(481)) - Attempting to stop container services.
2024-04-23 20:00:00,930 [ForkJoinPool.commonPool-worker-2] INFO  server.RaftServer (RaftServerProxy.java:lambda$close$9(416)) - 7b3b87b1-ef59-40de-ba05-c120003f3778: close
2024-04-23 20:00:00,930 [ContainerMetadataScanner] WARN  ozoneimpl.AbstractBackgroundContainerScanner (AbstractBackgroundContainerScanner.java:handleRemainingSleep(134)) - Background container scan was interrupted.
2024-04-23 20:00:00,930 [ContainerMetadataScanner] INFO  ozoneimpl.AbstractBackgroundContainerScanner (AbstractBackgroundContainerScanner.java:run(61)) - Thread[ContainerMetadataScanner,5,main] exiting.
2024-04-23 20:00:00,930 [Thread-4678] INFO  server.GrpcServerProtocolClient (GrpcServerProtocolClient.java:close(103)) - 05887e99-236b-4e3f-9ff6-c32e887d273e Close channels
2024-04-23 20:00:00,931 [7b3b87b1-ef59-40de-ba05-c120003f3778-impl-thread1] INFO  server.RaftServer$Division (RaftServerImpl.java:lambda$close$3(526)) - 7b3b87b1-ef59-40de-ba05-c120003f3778@group-BE8F63D31152: shutdown
2024-04-23 20:00:00,931 [7b3b87b1-ef59-40de-ba05-c120003f3778-impl-thread1] INFO  util.JmxRegister (JmxRegister.java:unregister(73)) - Successfully un-registered JMX Bean with object name Ratis:service=RaftServer,group=group-BE8F63D31152,id=7b3b87b1-ef59-40de-ba05-c120003f3778
2024-04-23 20:00:00,932 [7b3b87b1-ef59-40de-ba05-c120003f3778-impl-thread1] INFO  impl.RoleInfo (RoleInfo.java:shutdownLeaderState(94)) - 7b3b87b1-ef59-40de-ba05-c120003f3778: shutdown 7b3b87b1-ef59-40de-ba05-c120003f3778@group-BE8F63D31152-LeaderStateImpl
2024-04-23 20:00:00,932 [main] INFO  server.GrpcService (GrpcService.java:closeImpl(320)) - 5c06539f-238f-401a-8663-461110f37d8f: shutdown server org.apache.ratis.grpc.server.GrpcAdminProtocolService successfully
2024-04-23 20:00:00,933 [7f4a6f89-87eb-42cc-a636-bf60fe9cf75e-impl-thread1] INFO  server.RaftServer$Division (RaftServerImpl.java:lambda$close$3(526)) - 7f4a6f89-87eb-42cc-a636-bf60fe9cf75e@group-37EB9C4B86BD: shutdown
2024-04-23 20:00:00,933 [7f4a6f89-87eb-42cc-a636-bf60fe9cf75e-impl-thread1] INFO  util.JmxRegister (JmxRegister.java:unregister(73)) - Successfully un-registered JMX Bean with object name Ratis:service=RaftServer,group=group-37EB9C4B86BD,id=7f4a6f89-87eb-42cc-a636-bf60fe9cf75e
2024-04-23 20:00:00,933 [7f4a6f89-87eb-42cc-a636-bf60fe9cf75e-impl-thread1] INFO  impl.RoleInfo (RoleInfo.java:shutdownLeaderState(94)) - 7f4a6f89-87eb-42cc-a636-bf60fe9cf75e: shutdown 7f4a6f89-87eb-42cc-a636-bf60fe9cf75e@group-37EB9C4B86BD-LeaderStateImpl
2024-04-23 20:00:00,934 [7b3b87b1-ef59-40de-ba05-c120003f3778-impl-thread1] INFO  impl.PendingRequests (PendingRequests.java:sendNotLeaderResponses(289)) - 7b3b87b1-ef59-40de-ba05-c120003f3778@group-BE8F63D31152-PendingRequests: sendNotLeaderResponses
2024-04-23 20:00:00,934 [7b3b87b1-ef59-40de-ba05-c120003f3778-impl-thread1] INFO  impl.StateMachineUpdater (StateMachineUpdater.java:stopAndJoin(157)) - 7b3b87b1-ef59-40de-ba05-c120003f3778@group-BE8F63D31152-StateMachineUpdater: set stopIndex = 0
2024-04-23 20:00:00,936 [ece5501e-2183-421f-b873-7b565e9a7338-NettyServerStreamRpc-bossGroup--thread1] INFO  logging.LoggingHandler (AbstractInternalLogger.java:log(148)) - [id: 0x2d9c4777, L:/0.0.0.0:15345] CLOSE
2024-04-23 20:00:00,936 [ece5501e-2183-421f-b873-7b565e9a7338-NettyServerStreamRpc-bossGroup--thread1] INFO  logging.LoggingHandler (AbstractInternalLogger.java:log(148)) - [id: 0x2d9c4777, L:/0.0.0.0:15345] INACTIVE
2024-04-23 20:00:00,936 [ece5501e-2183-421f-b873-7b565e9a7338-NettyServerStreamRpc-bossGroup--thread1] INFO  logging.LoggingHandler (AbstractInternalLogger.java:log(148)) - [id: 0x2d9c4777, L:/0.0.0.0:15345] UNREGISTERED
2024-04-23 20:00:00,929 [ForkJoinPool.commonPool-worker-6] INFO  server.GrpcService (GrpcService.java:closeImpl(320)) - f13f88a1-11f3-4f35-9751-23eec4d236b9: shutdown server GrpcServerProtocolService successfully
2024-04-23 20:00:00,937 [ForkJoinPool.commonPool-worker-6] INFO  server.GrpcService (GrpcService.java:closeImpl(311)) - f13f88a1-11f3-4f35-9751-23eec4d236b9: shutdown server org.apache.ratis.grpc.server.GrpcAdminProtocolService now
2024-04-23 20:00:00,934 [7b3b87b1-ef59-40de-ba05-c120003f3778@group-BE8F63D31152-StateMachineUpdater] INFO  ratis.ContainerStateMachine (ContainerStateMachine.java:takeSnapshot(355)) - group-BE8F63D31152: Taking a snapshot at:(t:1, i:0) file /home/runner/work/ozone/ozone/hadoop-ozone/integration-test/target/test-dir/MiniOzoneClusterImpl-d857b234-8aec-441a-a9c9-a34f2a008b14/ozone-meta/datanode-1/ratis/526b1908-f345-48b7-a76f-be8f63d31152/sm/snapshot.1_0
2024-04-23 20:00:00,932 [7b3b87b1-ef59-40de-ba05-c120003f3778-impl-thread2] INFO  server.RaftServer$Division (RaftServerImpl.java:lambda$close$3(526)) - 7b3b87b1-ef59-40de-ba05-c120003f3778@group-916038891B0B: shutdown
2024-04-23 20:00:00,931 [ForkJoinPool.commonPool-worker-2] INFO  server.GrpcService (GrpcService.java:closeImpl(311)) - 7b3b87b1-ef59-40de-ba05-c120003f3778: shutdown server org.apache.ratis.grpc.server.GrpcClientProtocolService now
2024-04-23 20:00:00,930 [Thread-4677] INFO  server.GrpcServerProtocolClient (GrpcServerProtocolClient.java:close(103)) - ece5501e-2183-421f-b873-7b565e9a7338 Close channels
2024-04-23 20:00:00,929 [7f4a6f89-87eb-42cc-a636-bf60fe9cf75e-impl-thread2] INFO  server.RaftServer$Division (RaftServerImpl.java:lambda$close$3(526)) - 7f4a6f89-87eb-42cc-a636-bf60fe9cf75e@group-D2BC44843D7A: shutdown
2024-04-23 20:00:00,938 [7f4a6f89-87eb-42cc-a636-bf60fe9cf75e-impl-thread2] INFO  util.JmxRegister (JmxRegister.java:unregister(73)) - Successfully un-registered JMX Bean with object name Ratis:service=RaftServer,group=group-D2BC44843D7A,id=7f4a6f89-87eb-42cc-a636-bf60fe9cf75e
2024-04-23 20:00:00,938 [7f4a6f89-87eb-42cc-a636-bf60fe9cf75e-impl-thread2] INFO  impl.RoleInfo (RoleInfo.java:shutdownLeaderState(94)) - 7f4a6f89-87eb-42cc-a636-bf60fe9cf75e: shutdown 7f4a6f89-87eb-42cc-a636-bf60fe9cf75e@group-D2BC44843D7A-LeaderStateImpl
2024-04-23 20:00:00,938 [7b3b87b1-ef59-40de-ba05-c120003f3778-impl-thread2] INFO  util.JmxRegister (JmxRegister.java:unregister(73)) - Successfully un-registered JMX Bean with object name Ratis:service=RaftServer,group=group-916038891B0B,id=7b3b87b1-ef59-40de-ba05-c120003f3778
2024-04-23 20:00:00,938 [7b3b87b1-ef59-40de-ba05-c120003f3778-impl-thread2] INFO  impl.RoleInfo (RoleInfo.java:shutdownFollowerState(110)) - 7b3b87b1-ef59-40de-ba05-c120003f3778: shutdown 7b3b87b1-ef59-40de-ba05-c120003f3778@group-916038891B0B-FollowerState
2024-04-23 20:00:00,938 [7f4a6f89-87eb-42cc-a636-bf60fe9cf75e-impl-thread2] INFO  impl.PendingRequests (PendingRequests.java:sendNotLeaderResponses(289)) - 7f4a6f89-87eb-42cc-a636-bf60fe9cf75e@group-D2BC44843D7A-PendingRequests: sendNotLeaderResponses
2024-04-23 20:00:00,939 [7f4a6f89-87eb-42cc-a636-bf60fe9cf75e-impl-thread2] INFO  impl.StateMachineUpdater (StateMachineUpdater.java:stopAndJoin(157)) - 7f4a6f89-87eb-42cc-a636-bf60fe9cf75e@group-D2BC44843D7A-StateMachineUpdater: set stopIndex = 0
2024-04-23 20:00:00,938 [7b3b87b1-ef59-40de-ba05-c120003f3778@group-BE8F63D31152-StateMachineUpdater] INFO  ratis.ContainerStateMachine (ContainerStateMachine.java:takeSnapshot(366)) - group-BE8F63D31152: Finished taking a snapshot at:(t:1, i:0) file:/home/runner/work/ozone/ozone/hadoop-ozone/integration-test/target/test-dir/MiniOzoneClusterImpl-d857b234-8aec-441a-a9c9-a34f2a008b14/ozone-meta/datanode-1/ratis/526b1908-f345-48b7-a76f-be8f63d31152/sm/snapshot.1_0 took: 5 ms
2024-04-23 20:00:00,939 [7f4a6f89-87eb-42cc-a636-bf60fe9cf75e@group-D2BC44843D7A-StateMachineUpdater] INFO  ratis.ContainerStateMachine (ContainerStateMachine.java:takeSnapshot(355)) - group-D2BC44843D7A: Taking a snapshot at:(t:1, i:0) file /home/runner/work/ozone/ozone/hadoop-ozone/integration-test/target/test-dir/MiniOzoneClusterImpl-d857b234-8aec-441a-a9c9-a34f2a008b14/ozone-meta/datanode-7/ratis/313134c9-f7e9-4254-bf8b-d2bc44843d7a/sm/snapshot.1_0
2024-04-23 20:00:00,939 [7b3b87b1-ef59-40de-ba05-c120003f3778@group-BE8F63D31152-StateMachineUpdater] INFO  impl.StateMachineUpdater (StateMachineUpdater.java:takeSnapshot(295)) - 7b3b87b1-ef59-40de-ba05-c120003f3778@group-BE8F63D31152-StateMachineUpdater: Took a snapshot at index 0
2024-04-23 20:00:00,939 [7b3b87b1-ef59-40de-ba05-c120003f3778@group-BE8F63D31152-StateMachineUpdater] INFO  impl.StateMachineUpdater (StateMachineUpdater.java:lambda$new$0(98)) - 7b3b87b1-ef59-40de-ba05-c120003f3778@group-BE8F63D31152-StateMachineUpdater: snapshotIndex: updateIncreasingly -1 -> 0
2024-04-23 20:00:00,939 [7f4a6f89-87eb-42cc-a636-bf60fe9cf75e@group-D2BC44843D7A-StateMachineUpdater] INFO  ratis.ContainerStateMachine (ContainerStateMachine.java:takeSnapshot(366)) - group-D2BC44843D7A: Finished taking a snapshot at:(t:1, i:0) file:/home/runner/work/ozone/ozone/hadoop-ozone/integration-test/target/test-dir/MiniOzoneClusterImpl-d857b234-8aec-441a-a9c9-a34f2a008b14/ozone-meta/datanode-7/ratis/313134c9-f7e9-4254-bf8b-d2bc44843d7a/sm/snapshot.1_0 took: 0 ms
2024-04-23 20:00:00,939 [7f4a6f89-87eb-42cc-a636-bf60fe9cf75e@group-D2BC44843D7A-StateMachineUpdater] INFO  impl.StateMachineUpdater (StateMachineUpdater.java:takeSnapshot(295)) - 7f4a6f89-87eb-42cc-a636-bf60fe9cf75e@group-D2BC44843D7A-StateMachineUpdater: Took a snapshot at index 0
2024-04-23 20:00:00,939 [7f4a6f89-87eb-42cc-a636-bf60fe9cf75e@group-D2BC44843D7A-StateMachineUpdater] INFO  impl.StateMachineUpdater (StateMachineUpdater.java:lambda$new$0(98)) - 7f4a6f89-87eb-42cc-a636-bf60fe9cf75e@group-D2BC44843D7A-StateMachineUpdater: snapshotIndex: updateIncreasingly -1 -> 0
2024-04-23 20:00:00,940 [ForkJoinPool.commonPool-worker-1] INFO  server.RaftServer (RaftServerProxy.java:lambda$close$9(416)) - 77d21a36-b63d-4df7-892f-b483d98564d7: close
2024-04-23 20:00:00,940 [7f4a6f89-87eb-42cc-a636-bf60fe9cf75e-impl-thread2] INFO  server.RaftServer$Division (ServerState.java:close(427)) - 7f4a6f89-87eb-42cc-a636-bf60fe9cf75e@group-D2BC44843D7A: applyIndex: 0
2024-04-23 20:00:00,940 [7b3b87b1-ef59-40de-ba05-c120003f3778-impl-thread1] INFO  server.RaftServer$Division (ServerState.java:close(427)) - 7b3b87b1-ef59-40de-ba05-c120003f3778@group-BE8F63D31152: applyIndex: 0
2024-04-23 20:00:00,941 [7f4a6f89-87eb-42cc-a636-bf60fe9cf75e@group-37EB9C4B86BD->ece5501e-2183-421f-b873-7b565e9a7338-GrpcLogAppender-LogAppenderDaemon] WARN  server.GrpcLogAppender (GrpcLogAppender.java:mayWait(289)) - 7f4a6f89-87eb-42cc-a636-bf60fe9cf75e@group-37EB9C4B86BD->ece5501e-2183-421f-b873-7b565e9a7338-GrpcLogAppender: Wait interrupted by java.lang.InterruptedException
2024-04-23 20:00:00,941 [7b3b87b1-ef59-40de-ba05-c120003f3778@group-BE8F63D31152-cacheEviction-AwaitToRun] INFO  util.AwaitToRun (AwaitToRun.java:run(49)) - 7b3b87b1-ef59-40de-ba05-c120003f3778@group-BE8F63D31152-cacheEviction-AwaitToRun-AwaitForSignal is interrupted
2024-04-23 20:00:00,942 [7f4a6f89-87eb-42cc-a636-bf60fe9cf75e@group-D2BC44843D7A-cacheEviction-AwaitToRun] INFO  util.AwaitToRun (AwaitToRun.java:run(49)) - 7f4a6f89-87eb-42cc-a636-bf60fe9cf75e@group-D2BC44843D7A-cacheEviction-AwaitToRun-AwaitForSignal is interrupted
2024-04-23 20:00:00,947 [77d21a36-b63d-4df7-892f-b483d98564d7-impl-thread1] INFO  server.RaftServer$Division (RaftServerImpl.java:lambda$close$3(526)) - 77d21a36-b63d-4df7-892f-b483d98564d7@group-3B23CB8E5EC0: shutdown
2024-04-23 20:00:00,947 [77d21a36-b63d-4df7-892f-b483d98564d7-impl-thread1] INFO  util.JmxRegister (JmxRegister.java:unregister(73)) - Successfully un-registered JMX Bean with object name Ratis:service=RaftServer,group=group-3B23CB8E5EC0,id=77d21a36-b63d-4df7-892f-b483d98564d7
2024-04-23 20:00:00,947 [77d21a36-b63d-4df7-892f-b483d98564d7-impl-thread1] INFO  impl.RoleInfo (RoleInfo.java:shutdownLeaderState(94)) - 77d21a36-b63d-4df7-892f-b483d98564d7: shutdown 77d21a36-b63d-4df7-892f-b483d98564d7@group-3B23CB8E5EC0-LeaderStateImpl
2024-04-23 20:00:00,947 [77d21a36-b63d-4df7-892f-b483d98564d7-impl-thread1] INFO  impl.PendingRequests (PendingRequests.java:sendNotLeaderResponses(289)) - 77d21a36-b63d-4df7-892f-b483d98564d7@group-3B23CB8E5EC0-PendingRequests: sendNotLeaderResponses
2024-04-23 20:00:00,947 [77d21a36-b63d-4df7-892f-b483d98564d7-impl-thread1] INFO  impl.StateMachineUpdater (StateMachineUpdater.java:stopAndJoin(157)) - 77d21a36-b63d-4df7-892f-b483d98564d7@group-3B23CB8E5EC0-StateMachineUpdater: set stopIndex = 0
2024-04-23 20:00:00,947 [77d21a36-b63d-4df7-892f-b483d98564d7@group-3B23CB8E5EC0-StateMachineUpdater] INFO  ratis.ContainerStateMachine (ContainerStateMachine.java:takeSnapshot(355)) - group-3B23CB8E5EC0: Taking a snapshot at:(t:1, i:0) file /home/runner/work/ozone/ozone/hadoop-ozone/integration-test/target/test-dir/MiniOzoneClusterImpl-d857b234-8aec-441a-a9c9-a34f2a008b14/ozone-meta/datanode-2/ratis/3592405c-2859-439b-9372-3b23cb8e5ec0/sm/snapshot.1_0
2024-04-23 20:00:00,948 [77d21a36-b63d-4df7-892f-b483d98564d7@group-3B23CB8E5EC0-StateMachineUpdater] INFO  ratis.ContainerStateMachine (ContainerStateMachine.java:takeSnapshot(366)) - group-3B23CB8E5EC0: Finished taking a snapshot at:(t:1, i:0) file:/home/runner/work/ozone/ozone/hadoop-ozone/integration-test/target/test-dir/MiniOzoneClusterImpl-d857b234-8aec-441a-a9c9-a34f2a008b14/ozone-meta/datanode-2/ratis/3592405c-2859-439b-9372-3b23cb8e5ec0/sm/snapshot.1_0 took: 0 ms
2024-04-23 20:00:00,948 [77d21a36-b63d-4df7-892f-b483d98564d7@group-3B23CB8E5EC0-StateMachineUpdater] INFO  impl.StateMachineUpdater (StateMachineUpdater.java:takeSnapshot(295)) - 77d21a36-b63d-4df7-892f-b483d98564d7@group-3B23CB8E5EC0-StateMachineUpdater: Took a snapshot at index 0
2024-04-23 20:00:00,948 [77d21a36-b63d-4df7-892f-b483d98564d7@group-3B23CB8E5EC0-StateMachineUpdater] INFO  impl.StateMachineUpdater (StateMachineUpdater.java:lambda$new$0(98)) - 77d21a36-b63d-4df7-892f-b483d98564d7@group-3B23CB8E5EC0-StateMachineUpdater: snapshotIndex: updateIncreasingly -1 -> 0
2024-04-23 20:00:00,948 [77d21a36-b63d-4df7-892f-b483d98564d7-impl-thread1] INFO  server.RaftServer$Division (ServerState.java:close(427)) - 77d21a36-b63d-4df7-892f-b483d98564d7@group-3B23CB8E5EC0: applyIndex: 0
2024-04-23 20:00:00,954 [77d21a36-b63d-4df7-892f-b483d98564d7@group-3B23CB8E5EC0-cacheEviction-AwaitToRun] INFO  util.AwaitToRun (AwaitToRun.java:run(49)) - 77d21a36-b63d-4df7-892f-b483d98564d7@group-3B23CB8E5EC0-cacheEviction-AwaitToRun-AwaitForSignal is interrupted
2024-04-23 20:00:00,954 [ContainerMetadataScanner] WARN  ozoneimpl.AbstractBackgroundContainerScanner (AbstractBackgroundContainerScanner.java:handleRemainingSleep(134)) - Background container scan was interrupted.
2024-04-23 20:00:00,949 [ForkJoinPool.commonPool-worker-2] INFO  server.GrpcService (GrpcService.java:closeImpl(320)) - 7b3b87b1-ef59-40de-ba05-c120003f3778: shutdown server org.apache.ratis.grpc.server.GrpcClientProtocolService successfully
2024-04-23 20:00:00,955 [ForkJoinPool.commonPool-worker-2] INFO  server.GrpcService (GrpcService.java:closeImpl(311)) - 7b3b87b1-ef59-40de-ba05-c120003f3778: shutdown server GrpcServerProtocolService now
2024-04-23 20:00:00,949 [7b3b87b1-ef59-40de-ba05-c120003f3778@group-916038891B0B-StateMachineUpdater] INFO  ratis.ContainerStateMachine (ContainerStateMachine.java:takeSnapshot(355)) - group-916038891B0B: Taking a snapshot at:(t:1, i:0) file /home/runner/work/ozone/ozone/hadoop-ozone/integration-test/target/test-dir/MiniOzoneClusterImpl-d857b234-8aec-441a-a9c9-a34f2a008b14/ozone-meta/datanode-1/ratis/716ab13f-d029-497d-8788-916038891b0b/sm/snapshot.1_0
2024-04-23 20:00:00,949 [ForkJoinPool.commonPool-worker-3] INFO  ozoneimpl.BackgroundContainerDataScanner (BackgroundContainerDataScanner.java:shutdown(141)) - ContainerDataScanner(/home/runner/work/ozone/ozone/hadoop-ozone/integration-test/target/test-dir/MiniOzoneClusterImpl-d857b234-8aec-441a-a9c9-a34f2a008b14/ozone-meta/datanode-4/data-0/hdds) is shutting down. 
2024-04-23 20:00:00,957 [grpc-default-executor-2] WARN  server.GrpcServerProtocolService (LogUtils.java:warn(121)) - 7b3b87b1-ef59-40de-ba05-c120003f3778: APPEND_ENTRIES onError, lastRequest: null: org.apache.ratis.thirdparty.io.grpc.StatusRuntimeException: CANCELLED: client cancelled
2024-04-23 20:00:00,957 [7b3b87b1-ef59-40de-ba05-c120003f3778@group-916038891B0B-StateMachineUpdater] INFO  ratis.ContainerStateMachine (ContainerStateMachine.java:takeSnapshot(366)) - group-916038891B0B: Finished taking a snapshot at:(t:1, i:0) file:/home/runner/work/ozone/ozone/hadoop-ozone/integration-test/target/test-dir/MiniOzoneClusterImpl-d857b234-8aec-441a-a9c9-a34f2a008b14/ozone-meta/datanode-1/ratis/716ab13f-d029-497d-8788-916038891b0b/sm/snapshot.1_0 took: 8 ms
2024-04-23 20:00:00,958 [7b3b87b1-ef59-40de-ba05-c120003f3778@group-916038891B0B-StateMachineUpdater] INFO  impl.StateMachineUpdater (StateMachineUpdater.java:takeSnapshot(295)) - 7b3b87b1-ef59-40de-ba05-c120003f3778@group-916038891B0B-StateMachineUpdater: Took a snapshot at index 0
2024-04-23 20:00:00,958 [7b3b87b1-ef59-40de-ba05-c120003f3778@group-916038891B0B-StateMachineUpdater] INFO  impl.StateMachineUpdater (StateMachineUpdater.java:lambda$new$0(98)) - 7b3b87b1-ef59-40de-ba05-c120003f3778@group-916038891B0B-StateMachineUpdater: snapshotIndex: updateIncreasingly -1 -> 0
2024-04-23 20:00:00,958 [grpc-default-executor-4] WARN  server.GrpcServerProtocolService (LogUtils.java:warn(121)) - 7b3b87b1-ef59-40de-ba05-c120003f3778: APPEND_ENTRIES onError, lastRequest: 77d21a36-b63d-4df7-892f-b483d98564d7->7b3b87b1-ef59-40de-ba05-c120003f3778#1-t1,previous=(t:0, i:0),leaderCommit=-1,initializing? false,entries: size=1, first=(t:1, i:0), CONFIGURATIONENTRY(current:id: "7b3b87b1-ef59-40de-ba05-c120003f3778"
address: "10.1.0.27:15281"
dataStreamAddress: "10.1.0.27:15282"
clientAddress: "10.1.0.27:15279"
adminAddress: "10.1.0.27:15280"
startupRole: FOLLOWER
,id: "f13f88a1-11f3-4f35-9751-23eec4d236b9"
address: "10.1.0.27:15299"
dataStreamAddress: "10.1.0.27:15300"
clientAddress: "10.1.0.27:15297"
adminAddress: "10.1.0.27:15298"
startupRole: FOLLOWER
,id: "77d21a36-b63d-4df7-892f-b483d98564d7"
address: "10.1.0.27:15290"
priority: 1
dataStreamAddress: "10.1.0.27:15291"
clientAddress: "10.1.0.27:15288"
adminAddress: "10.1.0.27:15289"
startupRole: FOLLOWER
, old:): org.apache.ratis.thirdparty.io.grpc.StatusRuntimeException: CANCELLED: client cancelled
2024-04-23 20:00:00,949 [7b3b87b1-ef59-40de-ba05-c120003f3778@group-916038891B0B-FollowerState] INFO  impl.FollowerState (FollowerState.java:run(152)) - 7b3b87b1-ef59-40de-ba05-c120003f3778@group-916038891B0B-FollowerState was interrupted
2024-04-23 20:00:00,958 [grpc-default-executor-3] WARN  server.GrpcLogAppender (LogUtils.java:warn(121)) - 77d21a36-b63d-4df7-892f-b483d98564d7@group-916038891B0B->7b3b87b1-ef59-40de-ba05-c120003f3778-AppendLogResponseHandler: Failed appendEntries: org.apache.ratis.thirdparty.io.grpc.StatusRuntimeException: CANCELLED: RST_STREAM closed stream. HTTP/2 error code: CANCEL
2024-04-23 20:00:00,949 [7b3b87b1-ef59-40de-ba05-c120003f3778-impl-thread2] INFO  impl.StateMachineUpdater (StateMachineUpdater.java:stopAndJoin(157)) - 7b3b87b1-ef59-40de-ba05-c120003f3778@group-916038891B0B-StateMachineUpdater: set stopIndex = 0
2024-04-23 20:00:00,960 [7b3b87b1-ef59-40de-ba05-c120003f3778-impl-thread2] INFO  server.RaftServer$Division (ServerState.java:close(427)) - 7b3b87b1-ef59-40de-ba05-c120003f3778@group-916038891B0B: applyIndex: 0
2024-04-23 20:00:00,960 [7b3b87b1-ef59-40de-ba05-c120003f3778@group-916038891B0B-cacheEviction-AwaitToRun] INFO  util.AwaitToRun (AwaitToRun.java:run(49)) - 7b3b87b1-ef59-40de-ba05-c120003f3778@group-916038891B0B-cacheEviction-AwaitToRun-AwaitForSignal is interrupted
2024-04-23 20:00:00,960 [ForkJoinPool.commonPool-worker-1] INFO  server.GrpcService (GrpcService.java:closeImpl(311)) - 77d21a36-b63d-4df7-892f-b483d98564d7: shutdown server org.apache.ratis.grpc.server.GrpcClientProtocolService now
2024-04-23 20:00:00,960 [ContainerDataScanner(/home/runner/work/ozone/ozone/hadoop-ozone/integration-test/target/test-dir/MiniOzoneClusterImpl-d857b234-8aec-441a-a9c9-a34f2a008b14/ozone-meta/datanode-4/data-0/hdds)] WARN  ozoneimpl.AbstractBackgroundContainerScanner (AbstractBackgroundContainerScanner.java:handleRemainingSleep(134)) - Background container scan was interrupted.
2024-04-23 20:00:00,960 [ContainerDataScanner(/home/runner/work/ozone/ozone/hadoop-ozone/integration-test/target/test-dir/MiniOzoneClusterImpl-d857b234-8aec-441a-a9c9-a34f2a008b14/ozone-meta/datanode-4/data-0/hdds)] INFO  ozoneimpl.AbstractBackgroundContainerScanner (AbstractBackgroundContainerScanner.java:run(61)) - ContainerDataScanner(/home/runner/work/ozone/ozone/hadoop-ozone/integration-test/target/test-dir/MiniOzoneClusterImpl-d857b234-8aec-441a-a9c9-a34f2a008b14/ozone-meta/datanode-4/data-0/hdds, DS-79e65ed2-d03c-4a51-b677-33e429da9ea2) exiting.
2024-04-23 20:00:00,960 [ForkJoinPool.commonPool-worker-2] INFO  server.GrpcService (GrpcService.java:closeImpl(320)) - 7b3b87b1-ef59-40de-ba05-c120003f3778: shutdown server GrpcServerProtocolService successfully
2024-04-23 20:00:00,960 [ForkJoinPool.commonPool-worker-2] INFO  server.GrpcService (GrpcService.java:closeImpl(311)) - 7b3b87b1-ef59-40de-ba05-c120003f3778: shutdown server org.apache.ratis.grpc.server.GrpcAdminProtocolService now
2024-04-23 20:00:00,961 [ForkJoinPool.commonPool-worker-6] INFO  server.GrpcService (GrpcService.java:closeImpl(320)) - f13f88a1-11f3-4f35-9751-23eec4d236b9: shutdown server org.apache.ratis.grpc.server.GrpcAdminProtocolService successfully
2024-04-23 20:00:00,961 [ForkJoinPool.commonPool-worker-3] INFO  server.RaftServer (RaftServerProxy.java:lambda$close$9(416)) - 7071ee0d-0296-4c1d-93da-2a6b8f0a8e11: close
2024-04-23 20:00:00,959 [grpc-default-executor-5] WARN  server.GrpcLogAppender (GrpcLogAppender.java:lambda$resetClient$1(217)) - 77d21a36-b63d-4df7-892f-b483d98564d7@group-916038891B0B->7b3b87b1-ef59-40de-ba05-c120003f3778-GrpcLogAppender: Follower failed (request=null, errorCount=1); keep nextIndex (1) unchanged and retry.
2024-04-23 20:00:00,961 [grpc-default-executor-3] WARN  server.GrpcLogAppender (GrpcLogAppender.java:resetClient(226)) - 77d21a36-b63d-4df7-892f-b483d98564d7@group-916038891B0B->7b3b87b1-ef59-40de-ba05-c120003f3778-GrpcLogAppender: Failed to getClient for 7b3b87b1-ef59-40de-ba05-c120003f3778
org.apache.ratis.protocol.exceptions.AlreadyClosedException: 77d21a36-b63d-4df7-892f-b483d98564d7 is already CLOSED
	at org.apache.ratis.util.PeerProxyMap$PeerAndProxy.getProxy(PeerProxyMap.java:65)
	at org.apache.ratis.util.PeerProxyMap.getProxy(PeerProxyMap.java:114)
	at org.apache.ratis.grpc.server.GrpcLogAppender.getClient(GrpcLogAppender.java:196)
	at org.apache.ratis.grpc.server.GrpcLogAppender.resetClient(GrpcLogAppender.java:201)
	at org.apache.ratis.grpc.server.GrpcLogAppender.access$800(GrpcLogAppender.java:62)
	at org.apache.ratis.grpc.server.GrpcLogAppender$AppendLogResponseHandler.onError(GrpcLogAppender.java:541)
	at org.apache.ratis.thirdparty.io.grpc.stub.ClientCalls$StreamObserverToCallListenerAdapter.onClose(ClientCalls.java:481)
	at org.apache.ratis.thirdparty.io.grpc.internal.ClientCallImpl.closeObserver(ClientCallImpl.java:567)
	at org.apache.ratis.thirdparty.io.grpc.internal.ClientCallImpl.access$300(ClientCallImpl.java:71)
	at org.apache.ratis.thirdparty.io.grpc.internal.ClientCallImpl$ClientStreamListenerImpl$1StreamClosed.runInternal(ClientCallImpl.java:735)
	at org.apache.ratis.thirdparty.io.grpc.internal.ClientCallImpl$ClientStreamListenerImpl$1StreamClosed.runInContext(ClientCallImpl.java:716)
	at org.apache.ratis.thirdparty.io.grpc.internal.ContextRunnable.run(ContextRunnable.java:37)
	at org.apache.ratis.thirdparty.io.grpc.internal.SerializingExecutor.run(SerializingExecutor.java:133)
	at java.util.concurrent.ThreadPoolExecutor.runWorker(ThreadPoolExecutor.java:1149)
	at java.util.concurrent.ThreadPoolExecutor$Worker.run(ThreadPoolExecutor.java:624)
	at java.lang.Thread.run(Thread.java:750)
2024-04-23 20:00:00,959 [7f4a6f89-87eb-42cc-a636-bf60fe9cf75e-impl-thread1] INFO  impl.PendingRequests (PendingRequests.java:sendNotLeaderResponses(289)) - 7f4a6f89-87eb-42cc-a636-bf60fe9cf75e@group-37EB9C4B86BD-PendingRequests: sendNotLeaderResponses
2024-04-23 20:00:00,959 [7f4a6f89-87eb-42cc-a636-bf60fe9cf75e@group-37EB9C4B86BD->05887e99-236b-4e3f-9ff6-c32e887d273e-GrpcLogAppender-LogAppenderDaemon] WARN  server.GrpcLogAppender (GrpcLogAppender.java:mayWait(289)) - 7f4a6f89-87eb-42cc-a636-bf60fe9cf75e@group-37EB9C4B86BD->05887e99-236b-4e3f-9ff6-c32e887d273e-GrpcLogAppender: Wait interrupted by java.lang.InterruptedException
2024-04-23 20:00:00,962 [7f4a6f89-87eb-42cc-a636-bf60fe9cf75e-impl-thread1] INFO  impl.StateMachineUpdater (StateMachineUpdater.java:stopAndJoin(157)) - 7f4a6f89-87eb-42cc-a636-bf60fe9cf75e@group-37EB9C4B86BD-StateMachineUpdater: set stopIndex = 0
2024-04-23 20:00:00,954 [ContainerMetadataScanner] INFO  ozoneimpl.AbstractBackgroundContainerScanner (AbstractBackgroundContainerScanner.java:run(61)) - Thread[ContainerMetadataScanner,5,main] exiting.
2024-04-23 20:00:00,962 [grpc-default-executor-3] INFO  server.GrpcServerProtocolService (GrpcServerProtocolService.java:onCompleted(157)) - 05887e99-236b-4e3f-9ff6-c32e887d273e: Completed APPEND_ENTRIES, lastRequest: null
2024-04-23 20:00:00,962 [7f4a6f89-87eb-42cc-a636-bf60fe9cf75e@group-37EB9C4B86BD-StateMachineUpdater] INFO  ratis.ContainerStateMachine (ContainerStateMachine.java:takeSnapshot(355)) - group-37EB9C4B86BD: Taking a snapshot at:(t:1, i:0) file /home/runner/work/ozone/ozone/hadoop-ozone/integration-test/target/test-dir/MiniOzoneClusterImpl-d857b234-8aec-441a-a9c9-a34f2a008b14/ozone-meta/datanode-7/ratis/eb039608-97f3-41e2-92b2-37eb9c4b86bd/sm/snapshot.1_0
2024-04-23 20:00:00,961 [Thread-4734] INFO  server.GrpcServerProtocolClient (GrpcServerProtocolClient.java:close(103)) - f13f88a1-11f3-4f35-9751-23eec4d236b9 Close channels
2024-04-23 20:00:00,961 [Thread-4732] INFO  server.GrpcServerProtocolClient (GrpcServerProtocolClient.java:close(103)) - 7b3b87b1-ef59-40de-ba05-c120003f3778 Close channels
2024-04-23 20:00:00,960 [77d21a36-b63d-4df7-892f-b483d98564d7-impl-thread2] INFO  server.RaftServer$Division (RaftServerImpl.java:lambda$close$3(526)) - 77d21a36-b63d-4df7-892f-b483d98564d7@group-916038891B0B: shutdown
2024-04-23 20:00:00,963 [77d21a36-b63d-4df7-892f-b483d98564d7-impl-thread2] INFO  util.JmxRegister (JmxRegister.java:unregister(73)) - Successfully un-registered JMX Bean with object name Ratis:service=RaftServer,group=group-916038891B0B,id=77d21a36-b63d-4df7-892f-b483d98564d7
2024-04-23 20:00:00,963 [7f4a6f89-87eb-42cc-a636-bf60fe9cf75e@group-37EB9C4B86BD-StateMachineUpdater] INFO  ratis.ContainerStateMachine (ContainerStateMachine.java:takeSnapshot(366)) - group-37EB9C4B86BD: Finished taking a snapshot at:(t:1, i:0) file:/home/runner/work/ozone/ozone/hadoop-ozone/integration-test/target/test-dir/MiniOzoneClusterImpl-d857b234-8aec-441a-a9c9-a34f2a008b14/ozone-meta/datanode-7/ratis/eb039608-97f3-41e2-92b2-37eb9c4b86bd/sm/snapshot.1_0 took: 0 ms
2024-04-23 20:00:00,963 [7f4a6f89-87eb-42cc-a636-bf60fe9cf75e@group-37EB9C4B86BD-StateMachineUpdater] INFO  impl.StateMachineUpdater (StateMachineUpdater.java:takeSnapshot(295)) - 7f4a6f89-87eb-42cc-a636-bf60fe9cf75e@group-37EB9C4B86BD-StateMachineUpdater: Took a snapshot at index 0
2024-04-23 20:00:00,963 [7f4a6f89-87eb-42cc-a636-bf60fe9cf75e@group-37EB9C4B86BD-StateMachineUpdater] INFO  impl.StateMachineUpdater (StateMachineUpdater.java:lambda$new$0(98)) - 7f4a6f89-87eb-42cc-a636-bf60fe9cf75e@group-37EB9C4B86BD-StateMachineUpdater: snapshotIndex: updateIncreasingly -1 -> 0
2024-04-23 20:00:00,963 [grpc-default-executor-3] INFO  server.GrpcServerProtocolService (GrpcServerProtocolService.java:lambda$onCompleted$5(159)) - 05887e99-236b-4e3f-9ff6-c32e887d273e: Completed APPEND_ENTRIES, lastReply: serverReply {
  requestorId: "7f4a6f89-87eb-42cc-a636-bf60fe9cf75e"
  replyId: "05887e99-236b-4e3f-9ff6-c32e887d273e"
  raftGroupId {
    id: "\353\003\226\b\227\363A\342\222\2627\353\234K\206\275"
  }
  callId: 8
  success: true
}
term: 1
nextIndex: 1
matchIndex: 18446744073709551615
isHearbeat: true

2024-04-23 20:00:00,963 [grpc-default-executor-5] INFO  server.GrpcServerProtocolService (GrpcServerProtocolService.java:onCompleted(157)) - 05887e99-236b-4e3f-9ff6-c32e887d273e: Completed APPEND_ENTRIES, lastRequest: 7f4a6f89-87eb-42cc-a636-bf60fe9cf75e->05887e99-236b-4e3f-9ff6-c32e887d273e#1-t1,previous=(t:0, i:0),leaderCommit=-1,initializing? false,entries: size=1, first=(t:1, i:0), CONFIGURATIONENTRY(current:id: "ece5501e-2183-421f-b873-7b565e9a7338"
address: "10.1.0.27:15344"
dataStreamAddress: "10.1.0.27:15345"
clientAddress: "10.1.0.27:15342"
adminAddress: "10.1.0.27:15343"
startupRole: FOLLOWER
,id: "05887e99-236b-4e3f-9ff6-c32e887d273e"
address: "10.1.0.27:15353"
dataStreamAddress: "10.1.0.27:15354"
clientAddress: "10.1.0.27:15351"
adminAddress: "10.1.0.27:15352"
startupRole: FOLLOWER
,id: "7f4a6f89-87eb-42cc-a636-bf60fe9cf75e"
address: "10.1.0.27:15335"
priority: 1
dataStreamAddress: "10.1.0.27:15336"
clientAddress: "10.1.0.27:15333"
adminAddress: "10.1.0.27:15334"
startupRole: FOLLOWER
, old:)
2024-04-23 20:00:00,966 [grpc-default-executor-5] INFO  server.GrpcServerProtocolService (GrpcServerProtocolService.java:lambda$onCompleted$5(159)) - 05887e99-236b-4e3f-9ff6-c32e887d273e: Completed APPEND_ENTRIES, lastReply: null
2024-04-23 20:00:00,966 [5c06539f-238f-401a-8663-461110f37d8f-NettyServerStreamRpc-bossGroup--thread1] INFO  logging.LoggingHandler (AbstractInternalLogger.java:log(148)) - [id: 0xb654a6ed, L:/0.0.0.0:15327] CLOSE
2024-04-23 20:00:00,968 [5c06539f-238f-401a-8663-461110f37d8f-NettyServerStreamRpc-bossGroup--thread1] INFO  logging.LoggingHandler (AbstractInternalLogger.java:log(148)) - [id: 0xb654a6ed, L:/0.0.0.0:15327] INACTIVE
2024-04-23 20:00:00,968 [5c06539f-238f-401a-8663-461110f37d8f-NettyServerStreamRpc-bossGroup--thread1] INFO  logging.LoggingHandler (AbstractInternalLogger.java:log(148)) - [id: 0xb654a6ed, L:/0.0.0.0:15327] UNREGISTERED
2024-04-23 20:00:00,968 [ForkJoinPool.commonPool-worker-3] INFO  server.GrpcService (GrpcService.java:closeImpl(311)) - 7071ee0d-0296-4c1d-93da-2a6b8f0a8e11: shutdown server org.apache.ratis.grpc.server.GrpcClientProtocolService now
2024-04-23 20:00:00,966 [7071ee0d-0296-4c1d-93da-2a6b8f0a8e11-impl-thread1] INFO  server.RaftServer$Division (RaftServerImpl.java:lambda$close$3(526)) - 7071ee0d-0296-4c1d-93da-2a6b8f0a8e11@group-DA0C2F9F4D67: shutdown
2024-04-23 20:00:00,963 [77d21a36-b63d-4df7-892f-b483d98564d7-impl-thread2] INFO  impl.RoleInfo (RoleInfo.java:shutdownLeaderState(94)) - 77d21a36-b63d-4df7-892f-b483d98564d7: shutdown 77d21a36-b63d-4df7-892f-b483d98564d7@group-916038891B0B-LeaderStateImpl
2024-04-23 20:00:00,968 [7071ee0d-0296-4c1d-93da-2a6b8f0a8e11-impl-thread1] INFO  util.JmxRegister (JmxRegister.java:unregister(73)) - Successfully un-registered JMX Bean with object name Ratis:service=RaftServer,group=group-DA0C2F9F4D67,id=7071ee0d-0296-4c1d-93da-2a6b8f0a8e11
2024-04-23 20:00:00,968 [7071ee0d-0296-4c1d-93da-2a6b8f0a8e11-impl-thread2] INFO  server.RaftServer$Division (RaftServerImpl.java:lambda$close$3(526)) - 7071ee0d-0296-4c1d-93da-2a6b8f0a8e11@group-EF7E0735E355: shutdown
2024-04-23 20:00:00,967 [grpc-default-executor-2] INFO  server.GrpcLogAppender (GrpcLogAppender.java:onCompleted(546)) - 7f4a6f89-87eb-42cc-a636-bf60fe9cf75e@group-37EB9C4B86BD->05887e99-236b-4e3f-9ff6-c32e887d273e-AppendLogResponseHandler: follower responses appendEntries COMPLETED
2024-04-23 20:00:00,967 [ForkJoinPool.commonPool-worker-5] INFO  ozoneimpl.BackgroundContainerDataScanner (BackgroundContainerDataScanner.java:shutdown(141)) - ContainerDataScanner(/home/runner/work/ozone/ozone/hadoop-ozone/integration-test/target/test-dir/MiniOzoneClusterImpl-d857b234-8aec-441a-a9c9-a34f2a008b14/ozone-meta/datanode-9/data-0/hdds) is shutting down. 
2024-04-23 20:00:00,966 [ForkJoinPool.commonPool-worker-2] INFO  server.GrpcService (GrpcService.java:closeImpl(320)) - 7b3b87b1-ef59-40de-ba05-c120003f3778: shutdown server org.apache.ratis.grpc.server.GrpcAdminProtocolService successfully
2024-04-23 20:00:00,966 [7f4a6f89-87eb-42cc-a636-bf60fe9cf75e-impl-thread1] INFO  server.RaftServer$Division (ServerState.java:close(427)) - 7f4a6f89-87eb-42cc-a636-bf60fe9cf75e@group-37EB9C4B86BD: applyIndex: 0
2024-04-23 20:00:00,968 [7071ee0d-0296-4c1d-93da-2a6b8f0a8e11-impl-thread2] INFO  util.JmxRegister (JmxRegister.java:unregister(73)) - Successfully un-registered JMX Bean with object name Ratis:service=RaftServer,group=group-EF7E0735E355,id=7071ee0d-0296-4c1d-93da-2a6b8f0a8e11
2024-04-23 20:00:00,968 [grpc-default-executor-2] WARN  server.GrpcLogAppender (GrpcLogAppender.java:resetClient(226)) - 7f4a6f89-87eb-42cc-a636-bf60fe9cf75e@group-37EB9C4B86BD->05887e99-236b-4e3f-9ff6-c32e887d273e-GrpcLogAppender: Failed to getClient for 05887e99-236b-4e3f-9ff6-c32e887d273e
org.apache.ratis.protocol.exceptions.AlreadyClosedException: 7f4a6f89-87eb-42cc-a636-bf60fe9cf75e is already CLOSED
	at org.apache.ratis.util.PeerProxyMap$PeerAndProxy.getProxy(PeerProxyMap.java:65)
	at org.apache.ratis.util.PeerProxyMap.getProxy(PeerProxyMap.java:114)
	at org.apache.ratis.grpc.server.GrpcLogAppender.getClient(GrpcLogAppender.java:196)
	at org.apache.ratis.grpc.server.GrpcLogAppender.resetClient(GrpcLogAppender.java:201)
	at org.apache.ratis.grpc.server.GrpcLogAppender.access$800(GrpcLogAppender.java:62)
	at org.apache.ratis.grpc.server.GrpcLogAppender$AppendLogResponseHandler.onCompleted(GrpcLogAppender.java:547)
	at org.apache.ratis.thirdparty.io.grpc.stub.ClientCalls$StreamObserverToCallListenerAdapter.onClose(ClientCalls.java:479)
	at org.apache.ratis.thirdparty.io.grpc.internal.DelayedClientCall$DelayedListener$3.run(DelayedClientCall.java:489)
	at org.apache.ratis.thirdparty.io.grpc.internal.DelayedClientCall$DelayedListener.delayOrExecute(DelayedClientCall.java:453)
	at org.apache.ratis.thirdparty.io.grpc.internal.DelayedClientCall$DelayedListener.onClose(DelayedClientCall.java:486)
	at org.apache.ratis.thirdparty.io.grpc.internal.ClientCallImpl.closeObserver(ClientCallImpl.java:567)
	at org.apache.ratis.thirdparty.io.grpc.internal.ClientCallImpl.access$300(ClientCallImpl.java:71)
	at org.apache.ratis.thirdparty.io.grpc.internal.ClientCallImpl$ClientStreamListenerImpl$1StreamClosed.runInternal(ClientCallImpl.java:735)
	at org.apache.ratis.thirdparty.io.grpc.internal.ClientCallImpl$ClientStreamListenerImpl$1StreamClosed.runInContext(ClientCallImpl.java:716)
	at org.apache.ratis.thirdparty.io.grpc.internal.ContextRunnable.run(ContextRunnable.java:37)
	at org.apache.ratis.thirdparty.io.grpc.internal.SerializingExecutor.run(SerializingExecutor.java:133)
	at java.util.concurrent.ThreadPoolExecutor.runWorker(ThreadPoolExecutor.java:1149)
	at java.util.concurrent.ThreadPoolExecutor$Worker.run(ThreadPoolExecutor.java:624)
	at java.lang.Thread.run(Thread.java:750)
2024-04-23 20:00:00,968 [7071ee0d-0296-4c1d-93da-2a6b8f0a8e11-impl-thread1] INFO  impl.RoleInfo (RoleInfo.java:shutdownFollowerState(110)) - 7071ee0d-0296-4c1d-93da-2a6b8f0a8e11: shutdown 7071ee0d-0296-4c1d-93da-2a6b8f0a8e11@group-DA0C2F9F4D67-FollowerState
2024-04-23 20:00:00,969 [7071ee0d-0296-4c1d-93da-2a6b8f0a8e11-impl-thread2] INFO  impl.RoleInfo (RoleInfo.java:shutdownLeaderState(94)) - 7071ee0d-0296-4c1d-93da-2a6b8f0a8e11: shutdown 7071ee0d-0296-4c1d-93da-2a6b8f0a8e11@group-EF7E0735E355-LeaderStateImpl
2024-04-23 20:00:00,969 [77d21a36-b63d-4df7-892f-b483d98564d7@group-916038891B0B->7b3b87b1-ef59-40de-ba05-c120003f3778-GrpcLogAppender-LogAppenderDaemon] WARN  server.GrpcLogAppender (GrpcLogAppender.java:mayWait(289)) - 77d21a36-b63d-4df7-892f-b483d98564d7@group-916038891B0B->7b3b87b1-ef59-40de-ba05-c120003f3778-GrpcLogAppender: Wait interrupted by java.lang.InterruptedException
2024-04-23 20:00:00,969 [77d21a36-b63d-4df7-892f-b483d98564d7@group-916038891B0B->f13f88a1-11f3-4f35-9751-23eec4d236b9-GrpcLogAppender-LogAppenderDaemon] WARN  server.GrpcLogAppender (GrpcLogAppender.java:mayWait(289)) - 77d21a36-b63d-4df7-892f-b483d98564d7@group-916038891B0B->f13f88a1-11f3-4f35-9751-23eec4d236b9-GrpcLogAppender: Wait interrupted by java.lang.InterruptedException
2024-04-23 20:00:00,969 [77d21a36-b63d-4df7-892f-b483d98564d7-impl-thread2] INFO  impl.PendingRequests (PendingRequests.java:sendNotLeaderResponses(289)) - 77d21a36-b63d-4df7-892f-b483d98564d7@group-916038891B0B-PendingRequests: sendNotLeaderResponses
2024-04-23 20:00:00,969 [ContainerDataScanner(/home/runner/work/ozone/ozone/hadoop-ozone/integration-test/target/test-dir/MiniOzoneClusterImpl-d857b234-8aec-441a-a9c9-a34f2a008b14/ozone-meta/datanode-9/data-0/hdds)] WARN  ozoneimpl.AbstractBackgroundContainerScanner (AbstractBackgroundContainerScanner.java:handleRemainingSleep(134)) - Background container scan was interrupted.
2024-04-23 20:00:00,969 [ContainerDataScanner(/home/runner/work/ozone/ozone/hadoop-ozone/integration-test/target/test-dir/MiniOzoneClusterImpl-d857b234-8aec-441a-a9c9-a34f2a008b14/ozone-meta/datanode-9/data-0/hdds)] INFO  ozoneimpl.AbstractBackgroundContainerScanner (AbstractBackgroundContainerScanner.java:run(61)) - ContainerDataScanner(/home/runner/work/ozone/ozone/hadoop-ozone/integration-test/target/test-dir/MiniOzoneClusterImpl-d857b234-8aec-441a-a9c9-a34f2a008b14/ozone-meta/datanode-9/data-0/hdds, DS-7954685c-6b6f-4c4b-804f-25d6bddb1b7c) exiting.
2024-04-23 20:00:00,970 [77d21a36-b63d-4df7-892f-b483d98564d7-impl-thread2] INFO  impl.StateMachineUpdater (StateMachineUpdater.java:stopAndJoin(157)) - 77d21a36-b63d-4df7-892f-b483d98564d7@group-916038891B0B-StateMachineUpdater: set stopIndex = 0
2024-04-23 20:00:00,968 [ForkJoinPool.commonPool-worker-3] INFO  server.GrpcService (GrpcService.java:closeImpl(320)) - 7071ee0d-0296-4c1d-93da-2a6b8f0a8e11: shutdown server org.apache.ratis.grpc.server.GrpcClientProtocolService successfully
2024-04-23 20:00:00,970 [ForkJoinPool.commonPool-worker-3] INFO  server.GrpcService (GrpcService.java:closeImpl(311)) - 7071ee0d-0296-4c1d-93da-2a6b8f0a8e11: shutdown server GrpcServerProtocolService now
2024-04-23 20:00:00,970 [77d21a36-b63d-4df7-892f-b483d98564d7@group-916038891B0B-StateMachineUpdater] INFO  ratis.ContainerStateMachine (ContainerStateMachine.java:takeSnapshot(355)) - group-916038891B0B: Taking a snapshot at:(t:1, i:0) file /home/runner/work/ozone/ozone/hadoop-ozone/integration-test/target/test-dir/MiniOzoneClusterImpl-d857b234-8aec-441a-a9c9-a34f2a008b14/ozone-meta/datanode-2/ratis/716ab13f-d029-497d-8788-916038891b0b/sm/snapshot.1_0
2024-04-23 20:00:00,969 [7071ee0d-0296-4c1d-93da-2a6b8f0a8e11-impl-thread2] INFO  impl.PendingRequests (PendingRequests.java:sendNotLeaderResponses(289)) - 7071ee0d-0296-4c1d-93da-2a6b8f0a8e11@group-EF7E0735E355-PendingRequests: sendNotLeaderResponses
2024-04-23 20:00:00,970 [7071ee0d-0296-4c1d-93da-2a6b8f0a8e11-impl-thread2] INFO  impl.StateMachineUpdater (StateMachineUpdater.java:stopAndJoin(157)) - 7071ee0d-0296-4c1d-93da-2a6b8f0a8e11@group-EF7E0735E355-StateMachineUpdater: set stopIndex = 0
2024-04-23 20:00:00,970 [7071ee0d-0296-4c1d-93da-2a6b8f0a8e11@group-EF7E0735E355-StateMachineUpdater] INFO  ratis.ContainerStateMachine (ContainerStateMachine.java:takeSnapshot(355)) - group-EF7E0735E355: Taking a snapshot at:(t:1, i:0) file /home/runner/work/ozone/ozone/hadoop-ozone/integration-test/target/test-dir/MiniOzoneClusterImpl-d857b234-8aec-441a-a9c9-a34f2a008b14/ozone-meta/datanode-4/ratis/edf1fbd4-cd2e-48d6-a1fc-ef7e0735e355/sm/snapshot.1_0
2024-04-23 20:00:00,970 [77d21a36-b63d-4df7-892f-b483d98564d7@group-916038891B0B-StateMachineUpdater] INFO  ratis.ContainerStateMachine (ContainerStateMachine.java:takeSnapshot(366)) - group-916038891B0B: Finished taking a snapshot at:(t:1, i:0) file:/home/runner/work/ozone/ozone/hadoop-ozone/integration-test/target/test-dir/MiniOzoneClusterImpl-d857b234-8aec-441a-a9c9-a34f2a008b14/ozone-meta/datanode-2/ratis/716ab13f-d029-497d-8788-916038891b0b/sm/snapshot.1_0 took: 1 ms
2024-04-23 20:00:00,970 [77d21a36-b63d-4df7-892f-b483d98564d7@group-916038891B0B-StateMachineUpdater] INFO  impl.StateMachineUpdater (StateMachineUpdater.java:takeSnapshot(295)) - 77d21a36-b63d-4df7-892f-b483d98564d7@group-916038891B0B-StateMachineUpdater: Took a snapshot at index 0
2024-04-23 20:00:00,970 [77d21a36-b63d-4df7-892f-b483d98564d7@group-916038891B0B-StateMachineUpdater] INFO  impl.StateMachineUpdater (StateMachineUpdater.java:lambda$new$0(98)) - 77d21a36-b63d-4df7-892f-b483d98564d7@group-916038891B0B-StateMachineUpdater: snapshotIndex: updateIncreasingly -1 -> 0
2024-04-23 20:00:00,971 [77d21a36-b63d-4df7-892f-b483d98564d7-impl-thread2] INFO  server.RaftServer$Division (ServerState.java:close(427)) - 77d21a36-b63d-4df7-892f-b483d98564d7@group-916038891B0B: applyIndex: 0
2024-04-23 20:00:00,971 [7071ee0d-0296-4c1d-93da-2a6b8f0a8e11@group-EF7E0735E355-StateMachineUpdater] INFO  ratis.ContainerStateMachine (ContainerStateMachine.java:takeSnapshot(366)) - group-EF7E0735E355: Finished taking a snapshot at:(t:1, i:0) file:/home/runner/work/ozone/ozone/hadoop-ozone/integration-test/target/test-dir/MiniOzoneClusterImpl-d857b234-8aec-441a-a9c9-a34f2a008b14/ozone-meta/datanode-4/ratis/edf1fbd4-cd2e-48d6-a1fc-ef7e0735e355/sm/snapshot.1_0 took: 1 ms
2024-04-23 20:00:00,971 [7071ee0d-0296-4c1d-93da-2a6b8f0a8e11@group-EF7E0735E355-StateMachineUpdater] INFO  impl.StateMachineUpdater (StateMachineUpdater.java:takeSnapshot(295)) - 7071ee0d-0296-4c1d-93da-2a6b8f0a8e11@group-EF7E0735E355-StateMachineUpdater: Took a snapshot at index 0
2024-04-23 20:00:00,971 [7071ee0d-0296-4c1d-93da-2a6b8f0a8e11@group-EF7E0735E355-StateMachineUpdater] INFO  impl.StateMachineUpdater (StateMachineUpdater.java:lambda$new$0(98)) - 7071ee0d-0296-4c1d-93da-2a6b8f0a8e11@group-EF7E0735E355-StateMachineUpdater: snapshotIndex: updateIncreasingly -1 -> 0
2024-04-23 20:00:00,971 [7071ee0d-0296-4c1d-93da-2a6b8f0a8e11-impl-thread2] INFO  server.RaftServer$Division (ServerState.java:close(427)) - 7071ee0d-0296-4c1d-93da-2a6b8f0a8e11@group-EF7E0735E355: applyIndex: 0
2024-04-23 20:00:00,971 [ForkJoinPool.commonPool-worker-5] INFO  server.RaftServer (RaftServerProxy.java:lambda$close$9(416)) - 05887e99-236b-4e3f-9ff6-c32e887d273e: close
2024-04-23 20:00:00,971 [grpc-default-executor-2] INFO  server.GrpcLogAppender (GrpcLogAppender.java:onCompleted(546)) - 7f4a6f89-87eb-42cc-a636-bf60fe9cf75e@group-37EB9C4B86BD->05887e99-236b-4e3f-9ff6-c32e887d273e-AppendLogResponseHandler: follower responses appendEntries COMPLETED
2024-04-23 20:00:00,972 [grpc-default-executor-2] WARN  server.GrpcLogAppender (GrpcLogAppender.java:resetClient(226)) - 7f4a6f89-87eb-42cc-a636-bf60fe9cf75e@group-37EB9C4B86BD->05887e99-236b-4e3f-9ff6-c32e887d273e-GrpcLogAppender: Failed to getClient for 05887e99-236b-4e3f-9ff6-c32e887d273e
org.apache.ratis.protocol.exceptions.AlreadyClosedException: 7f4a6f89-87eb-42cc-a636-bf60fe9cf75e is already CLOSED
	at org.apache.ratis.util.PeerProxyMap$PeerAndProxy.getProxy(PeerProxyMap.java:65)
	at org.apache.ratis.util.PeerProxyMap.getProxy(PeerProxyMap.java:114)
	at org.apache.ratis.grpc.server.GrpcLogAppender.getClient(GrpcLogAppender.java:196)
	at org.apache.ratis.grpc.server.GrpcLogAppender.resetClient(GrpcLogAppender.java:201)
	at org.apache.ratis.grpc.server.GrpcLogAppender.access$800(GrpcLogAppender.java:62)
	at org.apache.ratis.grpc.server.GrpcLogAppender$AppendLogResponseHandler.onCompleted(GrpcLogAppender.java:547)
	at org.apache.ratis.thirdparty.io.grpc.stub.ClientCalls$StreamObserverToCallListenerAdapter.onClose(ClientCalls.java:479)
	at org.apache.ratis.thirdparty.io.grpc.internal.ClientCallImpl.closeObserver(ClientCallImpl.java:567)
	at org.apache.ratis.thirdparty.io.grpc.internal.ClientCallImpl.access$300(ClientCallImpl.java:71)
	at org.apache.ratis.thirdparty.io.grpc.internal.ClientCallImpl$ClientStreamListenerImpl$1StreamClosed.runInternal(ClientCallImpl.java:735)
	at org.apache.ratis.thirdparty.io.grpc.internal.ClientCallImpl$ClientStreamListenerImpl$1StreamClosed.runInContext(ClientCallImpl.java:716)
	at org.apache.ratis.thirdparty.io.grpc.internal.ContextRunnable.run(ContextRunnable.java:37)
	at org.apache.ratis.thirdparty.io.grpc.internal.SerializingExecutor.run(SerializingExecutor.java:133)
	at java.util.concurrent.ThreadPoolExecutor.runWorker(ThreadPoolExecutor.java:1149)
	at java.util.concurrent.ThreadPoolExecutor$Worker.run(ThreadPoolExecutor.java:624)
	at java.lang.Thread.run(Thread.java:750)
2024-04-23 20:00:00,976 [ForkJoinPool.commonPool-worker-1] INFO  server.GrpcService (GrpcService.java:closeImpl(320)) - 77d21a36-b63d-4df7-892f-b483d98564d7: shutdown server org.apache.ratis.grpc.server.GrpcClientProtocolService successfully
2024-04-23 20:00:00,976 [ForkJoinPool.commonPool-worker-1] INFO  server.GrpcService (GrpcService.java:closeImpl(311)) - 77d21a36-b63d-4df7-892f-b483d98564d7: shutdown server GrpcServerProtocolService now
2024-04-23 20:00:00,976 [ForkJoinPool.commonPool-worker-4] INFO  server.GrpcService (GrpcService.java:closeImpl(320)) - 7f4a6f89-87eb-42cc-a636-bf60fe9cf75e: shutdown server org.apache.ratis.grpc.server.GrpcClientProtocolService successfully
2024-04-23 20:00:00,976 [ForkJoinPool.commonPool-worker-4] INFO  server.GrpcService (GrpcService.java:closeImpl(311)) - 7f4a6f89-87eb-42cc-a636-bf60fe9cf75e: shutdown server GrpcServerProtocolService now
2024-04-23 20:00:00,977 [ForkJoinPool.commonPool-worker-1] INFO  server.GrpcService (GrpcService.java:closeImpl(320)) - 77d21a36-b63d-4df7-892f-b483d98564d7: shutdown server GrpcServerProtocolService successfully
2024-04-23 20:00:00,977 [ForkJoinPool.commonPool-worker-1] INFO  server.GrpcService (GrpcService.java:closeImpl(311)) - 77d21a36-b63d-4df7-892f-b483d98564d7: shutdown server org.apache.ratis.grpc.server.GrpcAdminProtocolService now
2024-04-23 20:00:00,977 [ForkJoinPool.commonPool-worker-1] INFO  server.GrpcService (GrpcService.java:closeImpl(320)) - 77d21a36-b63d-4df7-892f-b483d98564d7: shutdown server org.apache.ratis.grpc.server.GrpcAdminProtocolService successfully
2024-04-23 20:00:00,977 [05887e99-236b-4e3f-9ff6-c32e887d273e-impl-thread1] INFO  server.RaftServer$Division (RaftServerImpl.java:lambda$close$3(526)) - 05887e99-236b-4e3f-9ff6-c32e887d273e@group-37EB9C4B86BD: shutdown
2024-04-23 20:00:00,978 [ForkJoinPool.commonPool-worker-5] INFO  server.GrpcService (GrpcService.java:closeImpl(311)) - 05887e99-236b-4e3f-9ff6-c32e887d273e: shutdown server org.apache.ratis.grpc.server.GrpcClientProtocolService now
2024-04-23 20:00:00,978 [05887e99-236b-4e3f-9ff6-c32e887d273e-impl-thread2] INFO  server.RaftServer$Division (RaftServerImpl.java:lambda$close$3(526)) - 05887e99-236b-4e3f-9ff6-c32e887d273e@group-5416FE93BA9D: shutdown
2024-04-23 20:00:00,978 [05887e99-236b-4e3f-9ff6-c32e887d273e-impl-thread2] INFO  util.JmxRegister (JmxRegister.java:unregister(73)) - Successfully un-registered JMX Bean with object name Ratis:service=RaftServer,group=group-5416FE93BA9D,id=05887e99-236b-4e3f-9ff6-c32e887d273e
2024-04-23 20:00:00,978 [05887e99-236b-4e3f-9ff6-c32e887d273e-impl-thread2] INFO  impl.RoleInfo (RoleInfo.java:shutdownLeaderState(94)) - 05887e99-236b-4e3f-9ff6-c32e887d273e: shutdown 05887e99-236b-4e3f-9ff6-c32e887d273e@group-5416FE93BA9D-LeaderStateImpl
2024-04-23 20:00:00,978 [05887e99-236b-4e3f-9ff6-c32e887d273e-impl-thread2] INFO  impl.PendingRequests (PendingRequests.java:sendNotLeaderResponses(289)) - 05887e99-236b-4e3f-9ff6-c32e887d273e@group-5416FE93BA9D-PendingRequests: sendNotLeaderResponses
2024-04-23 20:00:00,978 [05887e99-236b-4e3f-9ff6-c32e887d273e-impl-thread1] INFO  util.JmxRegister (JmxRegister.java:unregister(73)) - Successfully un-registered JMX Bean with object name Ratis:service=RaftServer,group=group-37EB9C4B86BD,id=05887e99-236b-4e3f-9ff6-c32e887d273e
2024-04-23 20:00:00,978 [05887e99-236b-4e3f-9ff6-c32e887d273e-impl-thread1] INFO  impl.RoleInfo (RoleInfo.java:shutdownFollowerState(110)) - 05887e99-236b-4e3f-9ff6-c32e887d273e: shutdown 05887e99-236b-4e3f-9ff6-c32e887d273e@group-37EB9C4B86BD-FollowerState
2024-04-23 20:00:00,978 [grpc-default-executor-5] WARN  server.GrpcClientProtocolService (LogUtils.java:warn(121)) - 0-OrderedRequestStreamObserver0: onError: org.apache.ratis.thirdparty.io.grpc.StatusRuntimeException: CANCELLED: client cancelled
2024-04-23 20:00:00,978 [05887e99-236b-4e3f-9ff6-c32e887d273e@group-5416FE93BA9D-StateMachineUpdater] INFO  ratis.ContainerStateMachine (ContainerStateMachine.java:takeSnapshot(355)) - group-5416FE93BA9D: Taking a snapshot at:(t:1, i:0) file /home/runner/work/ozone/ozone/hadoop-ozone/integration-test/target/test-dir/MiniOzoneClusterImpl-d857b234-8aec-441a-a9c9-a34f2a008b14/ozone-meta/datanode-9/ratis/97fdf238-1306-41e3-9424-5416fe93ba9d/sm/snapshot.1_0
2024-04-23 20:00:00,979 [05887e99-236b-4e3f-9ff6-c32e887d273e-impl-thread2] INFO  impl.StateMachineUpdater (StateMachineUpdater.java:stopAndJoin(157)) - 05887e99-236b-4e3f-9ff6-c32e887d273e@group-5416FE93BA9D-StateMachineUpdater: set stopIndex = 0
2024-04-23 20:00:00,979 [05887e99-236b-4e3f-9ff6-c32e887d273e@group-5416FE93BA9D-StateMachineUpdater] INFO  ratis.ContainerStateMachine (ContainerStateMachine.java:takeSnapshot(366)) - group-5416FE93BA9D: Finished taking a snapshot at:(t:1, i:0) file:/home/runner/work/ozone/ozone/hadoop-ozone/integration-test/target/test-dir/MiniOzoneClusterImpl-d857b234-8aec-441a-a9c9-a34f2a008b14/ozone-meta/datanode-9/ratis/97fdf238-1306-41e3-9424-5416fe93ba9d/sm/snapshot.1_0 took: 0 ms
2024-04-23 20:00:00,979 [05887e99-236b-4e3f-9ff6-c32e887d273e@group-5416FE93BA9D-StateMachineUpdater] INFO  impl.StateMachineUpdater (StateMachineUpdater.java:takeSnapshot(295)) - 05887e99-236b-4e3f-9ff6-c32e887d273e@group-5416FE93BA9D-StateMachineUpdater: Took a snapshot at index 0
2024-04-23 20:00:00,979 [05887e99-236b-4e3f-9ff6-c32e887d273e@group-5416FE93BA9D-StateMachineUpdater] INFO  impl.StateMachineUpdater (StateMachineUpdater.java:lambda$new$0(98)) - 05887e99-236b-4e3f-9ff6-c32e887d273e@group-5416FE93BA9D-StateMachineUpdater: snapshotIndex: updateIncreasingly -1 -> 0
2024-04-23 20:00:00,979 [05887e99-236b-4e3f-9ff6-c32e887d273e-impl-thread2] INFO  server.RaftServer$Division (ServerState.java:close(427)) - 05887e99-236b-4e3f-9ff6-c32e887d273e@group-5416FE93BA9D: applyIndex: 0
2024-04-23 20:00:00,980 [ForkJoinPool.commonPool-worker-3] INFO  server.GrpcService (GrpcService.java:closeImpl(320)) - 7071ee0d-0296-4c1d-93da-2a6b8f0a8e11: shutdown server GrpcServerProtocolService successfully
2024-04-23 20:00:00,980 [ForkJoinPool.commonPool-worker-3] INFO  server.GrpcService (GrpcService.java:closeImpl(311)) - 7071ee0d-0296-4c1d-93da-2a6b8f0a8e11: shutdown server org.apache.ratis.grpc.server.GrpcAdminProtocolService now
2024-04-23 20:00:00,980 [ForkJoinPool.commonPool-worker-3] INFO  server.GrpcService (GrpcService.java:closeImpl(320)) - 7071ee0d-0296-4c1d-93da-2a6b8f0a8e11: shutdown server org.apache.ratis.grpc.server.GrpcAdminProtocolService successfully
2024-04-23 20:00:00,981 [7071ee0d-0296-4c1d-93da-2a6b8f0a8e11@group-EF7E0735E355-cacheEviction-AwaitToRun] INFO  util.AwaitToRun (AwaitToRun.java:run(49)) - 7071ee0d-0296-4c1d-93da-2a6b8f0a8e11@group-EF7E0735E355-cacheEviction-AwaitToRun-AwaitForSignal is interrupted
2024-04-23 20:00:00,981 [77d21a36-b63d-4df7-892f-b483d98564d7@group-916038891B0B-cacheEviction-AwaitToRun] INFO  util.AwaitToRun (AwaitToRun.java:run(49)) - 77d21a36-b63d-4df7-892f-b483d98564d7@group-916038891B0B-cacheEviction-AwaitToRun-AwaitForSignal is interrupted
2024-04-23 20:00:00,981 [7071ee0d-0296-4c1d-93da-2a6b8f0a8e11-impl-thread1] INFO  impl.StateMachineUpdater (StateMachineUpdater.java:stopAndJoin(157)) - 7071ee0d-0296-4c1d-93da-2a6b8f0a8e11@group-DA0C2F9F4D67-StateMachineUpdater: set stopIndex = 0
2024-04-23 20:00:00,981 [7071ee0d-0296-4c1d-93da-2a6b8f0a8e11@group-DA0C2F9F4D67-FollowerState] INFO  impl.FollowerState (FollowerState.java:run(152)) - 7071ee0d-0296-4c1d-93da-2a6b8f0a8e11@group-DA0C2F9F4D67-FollowerState was interrupted
2024-04-23 20:00:00,981 [7071ee0d-0296-4c1d-93da-2a6b8f0a8e11@group-DA0C2F9F4D67-StateMachineUpdater] INFO  ratis.ContainerStateMachine (ContainerStateMachine.java:takeSnapshot(355)) - group-DA0C2F9F4D67: Taking a snapshot at:(t:1, i:0) file /home/runner/work/ozone/ozone/hadoop-ozone/integration-test/target/test-dir/MiniOzoneClusterImpl-d857b234-8aec-441a-a9c9-a34f2a008b14/ozone-meta/datanode-4/ratis/479e9e1a-4d29-452c-baf5-da0c2f9f4d67/sm/snapshot.1_0
2024-04-23 20:00:00,982 [7071ee0d-0296-4c1d-93da-2a6b8f0a8e11@group-DA0C2F9F4D67-StateMachineUpdater] INFO  ratis.ContainerStateMachine (ContainerStateMachine.java:takeSnapshot(366)) - group-DA0C2F9F4D67: Finished taking a snapshot at:(t:1, i:0) file:/home/runner/work/ozone/ozone/hadoop-ozone/integration-test/target/test-dir/MiniOzoneClusterImpl-d857b234-8aec-441a-a9c9-a34f2a008b14/ozone-meta/datanode-4/ratis/479e9e1a-4d29-452c-baf5-da0c2f9f4d67/sm/snapshot.1_0 took: 0 ms
2024-04-23 20:00:00,982 [7071ee0d-0296-4c1d-93da-2a6b8f0a8e11@group-DA0C2F9F4D67-StateMachineUpdater] INFO  impl.StateMachineUpdater (StateMachineUpdater.java:takeSnapshot(295)) - 7071ee0d-0296-4c1d-93da-2a6b8f0a8e11@group-DA0C2F9F4D67-StateMachineUpdater: Took a snapshot at index 0
2024-04-23 20:00:00,982 [7071ee0d-0296-4c1d-93da-2a6b8f0a8e11@group-DA0C2F9F4D67-StateMachineUpdater] INFO  impl.StateMachineUpdater (StateMachineUpdater.java:lambda$new$0(98)) - 7071ee0d-0296-4c1d-93da-2a6b8f0a8e11@group-DA0C2F9F4D67-StateMachineUpdater: snapshotIndex: updateIncreasingly -1 -> 0
2024-04-23 20:00:00,982 [7071ee0d-0296-4c1d-93da-2a6b8f0a8e11-impl-thread1] INFO  server.RaftServer$Division (ServerState.java:close(427)) - 7071ee0d-0296-4c1d-93da-2a6b8f0a8e11@group-DA0C2F9F4D67: applyIndex: 0
2024-04-23 20:00:00,983 [7f4a6f89-87eb-42cc-a636-bf60fe9cf75e@group-37EB9C4B86BD-cacheEviction-AwaitToRun] INFO  util.AwaitToRun (AwaitToRun.java:run(49)) - 7f4a6f89-87eb-42cc-a636-bf60fe9cf75e@group-37EB9C4B86BD-cacheEviction-AwaitToRun-AwaitForSignal is interrupted
2024-04-23 20:00:00,983 [7071ee0d-0296-4c1d-93da-2a6b8f0a8e11@group-DA0C2F9F4D67-cacheEviction-AwaitToRun] INFO  util.AwaitToRun (AwaitToRun.java:run(49)) - 7071ee0d-0296-4c1d-93da-2a6b8f0a8e11@group-DA0C2F9F4D67-cacheEviction-AwaitToRun-AwaitForSignal is interrupted
2024-04-23 20:00:00,984 [05887e99-236b-4e3f-9ff6-c32e887d273e@group-5416FE93BA9D-cacheEviction-AwaitToRun] INFO  util.AwaitToRun (AwaitToRun.java:run(49)) - 05887e99-236b-4e3f-9ff6-c32e887d273e@group-5416FE93BA9D-cacheEviction-AwaitToRun-AwaitForSignal is interrupted
2024-04-23 20:00:00,985 [05887e99-236b-4e3f-9ff6-c32e887d273e@group-37EB9C4B86BD-StateMachineUpdater] INFO  ratis.ContainerStateMachine (ContainerStateMachine.java:takeSnapshot(355)) - group-37EB9C4B86BD: Taking a snapshot at:(t:1, i:0) file /home/runner/work/ozone/ozone/hadoop-ozone/integration-test/target/test-dir/MiniOzoneClusterImpl-d857b234-8aec-441a-a9c9-a34f2a008b14/ozone-meta/datanode-9/ratis/eb039608-97f3-41e2-92b2-37eb9c4b86bd/sm/snapshot.1_0
2024-04-23 20:00:00,985 [05887e99-236b-4e3f-9ff6-c32e887d273e@group-37EB9C4B86BD-FollowerState] INFO  impl.FollowerState (FollowerState.java:run(152)) - 05887e99-236b-4e3f-9ff6-c32e887d273e@group-37EB9C4B86BD-FollowerState was interrupted
2024-04-23 20:00:00,985 [ForkJoinPool.commonPool-worker-5] INFO  server.GrpcService (GrpcService.java:closeImpl(320)) - 05887e99-236b-4e3f-9ff6-c32e887d273e: shutdown server org.apache.ratis.grpc.server.GrpcClientProtocolService successfully
2024-04-23 20:00:00,985 [ForkJoinPool.commonPool-worker-5] INFO  server.GrpcService (GrpcService.java:closeImpl(311)) - 05887e99-236b-4e3f-9ff6-c32e887d273e: shutdown server GrpcServerProtocolService now
2024-04-23 20:00:00,985 [05887e99-236b-4e3f-9ff6-c32e887d273e-impl-thread1] INFO  impl.StateMachineUpdater (StateMachineUpdater.java:stopAndJoin(157)) - 05887e99-236b-4e3f-9ff6-c32e887d273e@group-37EB9C4B86BD-StateMachineUpdater: set stopIndex = 0
2024-04-23 20:00:00,986 [05887e99-236b-4e3f-9ff6-c32e887d273e@group-37EB9C4B86BD-StateMachineUpdater] INFO  ratis.ContainerStateMachine (ContainerStateMachine.java:takeSnapshot(366)) - group-37EB9C4B86BD: Finished taking a snapshot at:(t:1, i:0) file:/home/runner/work/ozone/ozone/hadoop-ozone/integration-test/target/test-dir/MiniOzoneClusterImpl-d857b234-8aec-441a-a9c9-a34f2a008b14/ozone-meta/datanode-9/ratis/eb039608-97f3-41e2-92b2-37eb9c4b86bd/sm/snapshot.1_0 took: 1 ms
2024-04-23 20:00:00,986 [05887e99-236b-4e3f-9ff6-c32e887d273e@group-37EB9C4B86BD-StateMachineUpdater] INFO  impl.StateMachineUpdater (StateMachineUpdater.java:takeSnapshot(295)) - 05887e99-236b-4e3f-9ff6-c32e887d273e@group-37EB9C4B86BD-StateMachineUpdater: Took a snapshot at index 0
2024-04-23 20:00:00,986 [05887e99-236b-4e3f-9ff6-c32e887d273e@group-37EB9C4B86BD-StateMachineUpdater] INFO  impl.StateMachineUpdater (StateMachineUpdater.java:lambda$new$0(98)) - 05887e99-236b-4e3f-9ff6-c32e887d273e@group-37EB9C4B86BD-StateMachineUpdater: snapshotIndex: updateIncreasingly -1 -> 0
2024-04-23 20:00:00,986 [05887e99-236b-4e3f-9ff6-c32e887d273e-impl-thread1] INFO  server.RaftServer$Division (ServerState.java:close(427)) - 05887e99-236b-4e3f-9ff6-c32e887d273e@group-37EB9C4B86BD: applyIndex: 0
2024-04-23 20:00:00,986 [05887e99-236b-4e3f-9ff6-c32e887d273e@group-37EB9C4B86BD-cacheEviction-AwaitToRun] INFO  util.AwaitToRun (AwaitToRun.java:run(49)) - 05887e99-236b-4e3f-9ff6-c32e887d273e@group-37EB9C4B86BD-cacheEviction-AwaitToRun-AwaitForSignal is interrupted
2024-04-23 20:00:00,988 [ForkJoinPool.commonPool-worker-4] INFO  server.GrpcService (GrpcService.java:closeImpl(320)) - 7f4a6f89-87eb-42cc-a636-bf60fe9cf75e: shutdown server GrpcServerProtocolService successfully
2024-04-23 20:00:00,988 [ForkJoinPool.commonPool-worker-4] INFO  server.GrpcService (GrpcService.java:closeImpl(311)) - 7f4a6f89-87eb-42cc-a636-bf60fe9cf75e: shutdown server org.apache.ratis.grpc.server.GrpcAdminProtocolService now
2024-04-23 20:00:00,989 [ForkJoinPool.commonPool-worker-5] INFO  server.GrpcService (GrpcService.java:closeImpl(320)) - 05887e99-236b-4e3f-9ff6-c32e887d273e: shutdown server GrpcServerProtocolService successfully
2024-04-23 20:00:00,989 [ForkJoinPool.commonPool-worker-5] INFO  server.GrpcService (GrpcService.java:closeImpl(311)) - 05887e99-236b-4e3f-9ff6-c32e887d273e: shutdown server org.apache.ratis.grpc.server.GrpcAdminProtocolService now
2024-04-23 20:00:00,989 [7b3b87b1-ef59-40de-ba05-c120003f3778-NettyServerStreamRpc-bossGroup--thread1] INFO  logging.LoggingHandler (AbstractInternalLogger.java:log(148)) - [id: 0x8697ae74, L:/0.0.0.0:15282] CLOSE
2024-04-23 20:00:00,989 [7b3b87b1-ef59-40de-ba05-c120003f3778-NettyServerStreamRpc-bossGroup--thread1] INFO  logging.LoggingHandler (AbstractInternalLogger.java:log(148)) - [id: 0x8697ae74, L:/0.0.0.0:15282] INACTIVE
2024-04-23 20:00:00,990 [7b3b87b1-ef59-40de-ba05-c120003f3778-NettyServerStreamRpc-bossGroup--thread1] INFO  logging.LoggingHandler (AbstractInternalLogger.java:log(148)) - [id: 0x8697ae74, L:/0.0.0.0:15282] UNREGISTERED
2024-04-23 20:00:00,990 [77d21a36-b63d-4df7-892f-b483d98564d7-NettyServerStreamRpc-bossGroup--thread1] INFO  logging.LoggingHandler (AbstractInternalLogger.java:log(148)) - [id: 0x44a182f6, L:/0.0.0.0:15291] CLOSE
2024-04-23 20:00:00,990 [77d21a36-b63d-4df7-892f-b483d98564d7-NettyServerStreamRpc-bossGroup--thread1] INFO  logging.LoggingHandler (AbstractInternalLogger.java:log(148)) - [id: 0x44a182f6, L:/0.0.0.0:15291] INACTIVE
2024-04-23 20:00:00,990 [77d21a36-b63d-4df7-892f-b483d98564d7-NettyServerStreamRpc-bossGroup--thread1] INFO  logging.LoggingHandler (AbstractInternalLogger.java:log(148)) - [id: 0x44a182f6, L:/0.0.0.0:15291] UNREGISTERED
2024-04-23 20:00:00,991 [ForkJoinPool.commonPool-worker-4] INFO  server.GrpcService (GrpcService.java:closeImpl(320)) - 7f4a6f89-87eb-42cc-a636-bf60fe9cf75e: shutdown server org.apache.ratis.grpc.server.GrpcAdminProtocolService successfully
2024-04-23 20:00:00,992 [ForkJoinPool.commonPool-worker-5] INFO  server.GrpcService (GrpcService.java:closeImpl(320)) - 05887e99-236b-4e3f-9ff6-c32e887d273e: shutdown server org.apache.ratis.grpc.server.GrpcAdminProtocolService successfully
2024-04-23 20:00:00,995 [f13f88a1-11f3-4f35-9751-23eec4d236b9-NettyServerStreamRpc-bossGroup--thread1] INFO  logging.LoggingHandler (AbstractInternalLogger.java:log(148)) - [id: 0x4d6f2364, L:/0.0.0.0:15300] CLOSE
2024-04-23 20:00:00,995 [7071ee0d-0296-4c1d-93da-2a6b8f0a8e11-NettyServerStreamRpc-bossGroup--thread1] INFO  logging.LoggingHandler (AbstractInternalLogger.java:log(148)) - [id: 0x995bd6e4, L:/0.0.0.0:15309] CLOSE
2024-04-23 20:00:00,995 [7071ee0d-0296-4c1d-93da-2a6b8f0a8e11-NettyServerStreamRpc-bossGroup--thread1] INFO  logging.LoggingHandler (AbstractInternalLogger.java:log(148)) - [id: 0x995bd6e4, L:/0.0.0.0:15309] INACTIVE
2024-04-23 20:00:00,995 [7071ee0d-0296-4c1d-93da-2a6b8f0a8e11-NettyServerStreamRpc-bossGroup--thread1] INFO  logging.LoggingHandler (AbstractInternalLogger.java:log(148)) - [id: 0x995bd6e4, L:/0.0.0.0:15309] UNREGISTERED
2024-04-23 20:00:00,995 [f13f88a1-11f3-4f35-9751-23eec4d236b9-NettyServerStreamRpc-bossGroup--thread1] INFO  logging.LoggingHandler (AbstractInternalLogger.java:log(148)) - [id: 0x4d6f2364, L:/0.0.0.0:15300] INACTIVE
2024-04-23 20:00:00,995 [f13f88a1-11f3-4f35-9751-23eec4d236b9-NettyServerStreamRpc-bossGroup--thread1] INFO  logging.LoggingHandler (AbstractInternalLogger.java:log(148)) - [id: 0x4d6f2364, L:/0.0.0.0:15300] UNREGISTERED
2024-04-23 20:00:01,000 [7f4a6f89-87eb-42cc-a636-bf60fe9cf75e-NettyServerStreamRpc-bossGroup--thread1] INFO  logging.LoggingHandler (AbstractInternalLogger.java:log(148)) - [id: 0xadd1e81e, L:/0.0.0.0:15336] CLOSE
2024-04-23 20:00:01,000 [7f4a6f89-87eb-42cc-a636-bf60fe9cf75e-NettyServerStreamRpc-bossGroup--thread1] INFO  logging.LoggingHandler (AbstractInternalLogger.java:log(148)) - [id: 0xadd1e81e, L:/0.0.0.0:15336] INACTIVE
2024-04-23 20:00:01,000 [7f4a6f89-87eb-42cc-a636-bf60fe9cf75e-NettyServerStreamRpc-bossGroup--thread1] INFO  logging.LoggingHandler (AbstractInternalLogger.java:log(148)) - [id: 0xadd1e81e, L:/0.0.0.0:15336] UNREGISTERED
2024-04-23 20:00:01,001 [05887e99-236b-4e3f-9ff6-c32e887d273e-NettyServerStreamRpc-bossGroup--thread1] INFO  logging.LoggingHandler (AbstractInternalLogger.java:log(148)) - [id: 0x67d7aa5b, L:/0.0.0.0:15354] CLOSE
2024-04-23 20:00:01,001 [05887e99-236b-4e3f-9ff6-c32e887d273e-NettyServerStreamRpc-bossGroup--thread1] INFO  logging.LoggingHandler (AbstractInternalLogger.java:log(148)) - [id: 0x67d7aa5b, L:/0.0.0.0:15354] INACTIVE
2024-04-23 20:00:01,001 [05887e99-236b-4e3f-9ff6-c32e887d273e-NettyServerStreamRpc-bossGroup--thread1] INFO  logging.LoggingHandler (AbstractInternalLogger.java:log(148)) - [id: 0x67d7aa5b, L:/0.0.0.0:15354] UNREGISTERED
2024-04-23 20:00:01,529 [7b3b87b1-ef59-40de-ba05-c120003f3778-impl-thread1] INFO  segmented.SegmentedRaftLogWorker (SegmentedRaftLogWorker.java:close(245)) - 7b3b87b1-ef59-40de-ba05-c120003f3778@group-BE8F63D31152-SegmentedRaftLogWorker close()
2024-04-23 20:00:01,529 [77d21a36-b63d-4df7-892f-b483d98564d7-impl-thread1] INFO  segmented.SegmentedRaftLogWorker (SegmentedRaftLogWorker.java:close(245)) - 77d21a36-b63d-4df7-892f-b483d98564d7@group-3B23CB8E5EC0-SegmentedRaftLogWorker close()
2024-04-23 20:00:01,534 [77d21a36-b63d-4df7-892f-b483d98564d7-impl-thread2] INFO  segmented.SegmentedRaftLogWorker (SegmentedRaftLogWorker.java:close(245)) - 77d21a36-b63d-4df7-892f-b483d98564d7@group-916038891B0B-SegmentedRaftLogWorker close()
2024-04-23 20:00:01,535 [JvmPauseMonitor36] INFO  util.JvmPauseMonitor (JvmPauseMonitor.java:run(152)) - JvmPauseMonitor-77d21a36-b63d-4df7-892f-b483d98564d7: Stopped
2024-04-23 20:00:01,548 [7b3b87b1-ef59-40de-ba05-c120003f3778-impl-thread2] INFO  segmented.SegmentedRaftLogWorker (SegmentedRaftLogWorker.java:close(245)) - 7b3b87b1-ef59-40de-ba05-c120003f3778@group-916038891B0B-SegmentedRaftLogWorker close()
2024-04-23 20:00:01,549 [JvmPauseMonitor35] INFO  util.JvmPauseMonitor (JvmPauseMonitor.java:run(152)) - JvmPauseMonitor-7b3b87b1-ef59-40de-ba05-c120003f3778: Stopped
2024-04-23 20:00:01,557 [f13f88a1-11f3-4f35-9751-23eec4d236b9-impl-thread2] INFO  segmented.SegmentedRaftLogWorker (SegmentedRaftLogWorker.java:close(245)) - f13f88a1-11f3-4f35-9751-23eec4d236b9@group-916038891B0B-SegmentedRaftLogWorker close()
2024-04-23 20:00:01,600 [5c06539f-238f-401a-8663-461110f37d8f-impl-thread1] INFO  segmented.SegmentedRaftLogWorker (SegmentedRaftLogWorker.java:close(245)) - 5c06539f-238f-401a-8663-461110f37d8f@group-DA0C2F9F4D67-SegmentedRaftLogWorker close()
2024-04-23 20:00:01,607 [37bb455d-24a6-4251-8f16-d648f82e590e-impl-thread2] INFO  segmented.SegmentedRaftLogWorker (SegmentedRaftLogWorker.java:close(245)) - 37bb455d-24a6-4251-8f16-d648f82e590e@group-7D724E5E77CB-SegmentedRaftLogWorker close()
2024-04-23 20:00:01,627 [7071ee0d-0296-4c1d-93da-2a6b8f0a8e11-impl-thread1] INFO  segmented.SegmentedRaftLogWorker (SegmentedRaftLogWorker.java:close(245)) - 7071ee0d-0296-4c1d-93da-2a6b8f0a8e11@group-DA0C2F9F4D67-SegmentedRaftLogWorker close()
2024-04-23 20:00:01,628 [f13f88a1-11f3-4f35-9751-23eec4d236b9-impl-thread1] INFO  segmented.SegmentedRaftLogWorker (SegmentedRaftLogWorker.java:close(245)) - f13f88a1-11f3-4f35-9751-23eec4d236b9@group-83B9B6334C76-SegmentedRaftLogWorker close()
2024-04-23 20:00:01,629 [JvmPauseMonitor37] INFO  util.JvmPauseMonitor (JvmPauseMonitor.java:run(152)) - JvmPauseMonitor-f13f88a1-11f3-4f35-9751-23eec4d236b9: Stopped
2024-04-23 20:00:01,640 [7071ee0d-0296-4c1d-93da-2a6b8f0a8e11-impl-thread2] INFO  segmented.SegmentedRaftLogWorker (SegmentedRaftLogWorker.java:close(245)) - 7071ee0d-0296-4c1d-93da-2a6b8f0a8e11@group-EF7E0735E355-SegmentedRaftLogWorker close()
2024-04-23 20:00:01,641 [JvmPauseMonitor38] INFO  util.JvmPauseMonitor (JvmPauseMonitor.java:run(152)) - JvmPauseMonitor-7071ee0d-0296-4c1d-93da-2a6b8f0a8e11: Stopped
2024-04-23 20:00:01,641 [37bb455d-24a6-4251-8f16-d648f82e590e-impl-thread1] INFO  segmented.SegmentedRaftLogWorker (SegmentedRaftLogWorker.java:close(245)) - 37bb455d-24a6-4251-8f16-d648f82e590e@group-DA0C2F9F4D67-SegmentedRaftLogWorker close()
2024-04-23 20:00:01,642 [JvmPauseMonitor39] INFO  util.JvmPauseMonitor (JvmPauseMonitor.java:run(152)) - JvmPauseMonitor-37bb455d-24a6-4251-8f16-d648f82e590e: Stopped
2024-04-23 20:00:01,800 [5c06539f-238f-401a-8663-461110f37d8f-impl-thread2] INFO  segmented.SegmentedRaftLogWorker (SegmentedRaftLogWorker.java:close(245)) - 5c06539f-238f-401a-8663-461110f37d8f@group-D46B572B1E65-SegmentedRaftLogWorker close()
2024-04-23 20:00:01,800 [JvmPauseMonitor40] INFO  util.JvmPauseMonitor (JvmPauseMonitor.java:run(152)) - JvmPauseMonitor-5c06539f-238f-401a-8663-461110f37d8f: Stopped
2024-04-23 20:00:01,819 [ece5501e-2183-421f-b873-7b565e9a7338-impl-thread2] INFO  segmented.SegmentedRaftLogWorker (SegmentedRaftLogWorker.java:close(245)) - ece5501e-2183-421f-b873-7b565e9a7338@group-E40B2AA211D6-SegmentedRaftLogWorker close()
2024-04-23 20:00:01,820 [7f4a6f89-87eb-42cc-a636-bf60fe9cf75e-impl-thread2] INFO  segmented.SegmentedRaftLogWorker (SegmentedRaftLogWorker.java:close(245)) - 7f4a6f89-87eb-42cc-a636-bf60fe9cf75e@group-D2BC44843D7A-SegmentedRaftLogWorker close()
2024-04-23 20:00:01,866 [7f4a6f89-87eb-42cc-a636-bf60fe9cf75e-impl-thread1] INFO  segmented.SegmentedRaftLogWorker (SegmentedRaftLogWorker.java:close(245)) - 7f4a6f89-87eb-42cc-a636-bf60fe9cf75e@group-37EB9C4B86BD-SegmentedRaftLogWorker close()
2024-04-23 20:00:01,867 [JvmPauseMonitor41] INFO  util.JvmPauseMonitor (JvmPauseMonitor.java:run(152)) - JvmPauseMonitor-7f4a6f89-87eb-42cc-a636-bf60fe9cf75e: Stopped
2024-04-23 20:00:01,884 [ece5501e-2183-421f-b873-7b565e9a7338-impl-thread1] INFO  segmented.SegmentedRaftLogWorker (SegmentedRaftLogWorker.java:close(245)) - ece5501e-2183-421f-b873-7b565e9a7338@group-37EB9C4B86BD-SegmentedRaftLogWorker close()
2024-04-23 20:00:01,885 [JvmPauseMonitor42] INFO  util.JvmPauseMonitor (JvmPauseMonitor.java:run(152)) - JvmPauseMonitor-ece5501e-2183-421f-b873-7b565e9a7338: Stopped
2024-04-23 20:00:01,891 [05887e99-236b-4e3f-9ff6-c32e887d273e-impl-thread1] INFO  segmented.SegmentedRaftLogWorker (SegmentedRaftLogWorker.java:close(245)) - 05887e99-236b-4e3f-9ff6-c32e887d273e@group-37EB9C4B86BD-SegmentedRaftLogWorker close()
2024-04-23 20:00:01,905 [05887e99-236b-4e3f-9ff6-c32e887d273e-impl-thread2] INFO  segmented.SegmentedRaftLogWorker (SegmentedRaftLogWorker.java:close(245)) - 05887e99-236b-4e3f-9ff6-c32e887d273e@group-5416FE93BA9D-SegmentedRaftLogWorker close()
2024-04-23 20:00:01,905 [JvmPauseMonitor43] INFO  util.JvmPauseMonitor (JvmPauseMonitor.java:run(152)) - JvmPauseMonitor-05887e99-236b-4e3f-9ff6-c32e887d273e: Stopped
2024-04-23 20:00:03,537 [ForkJoinPool.commonPool-worker-1] INFO  utils.DatanodeStoreCache (DatanodeStoreCache.java:shutdownCache(116)) - Skip clearing cache in mini cluster mode. Entries left: [/home/runner/work/ozone/ozone/hadoop-ozone/integration-test/target/test-dir/MiniOzoneClusterImpl-d857b234-8aec-441a-a9c9-a34f2a008b14/ozone-meta/datanode-1/data-0/hdds/d857b234-8aec-441a-a9c9-a34f2a008b14/DS-25ed75d4-78df-495d-9cf7-4c103bf3fcec/container.db, /home/runner/work/ozone/ozone/hadoop-ozone/integration-test/target/test-dir/MiniOzoneClusterImpl-d857b234-8aec-441a-a9c9-a34f2a008b14/ozone-meta/datanode-2/data-0/hdds/d857b234-8aec-441a-a9c9-a34f2a008b14/DS-10c98abc-eed6-4a74-8bca-d7a30339ed05/container.db, /home/runner/work/ozone/ozone/hadoop-ozone/integration-test/target/test-dir/MiniOzoneClusterImpl-d857b234-8aec-441a-a9c9-a34f2a008b14/ozone-meta/datanode-3/data-0/hdds/d857b234-8aec-441a-a9c9-a34f2a008b14/DS-be462f49-f054-479d-b805-9954333e9a30/container.db, /home/runner/work/ozone/ozone/hadoop-ozone/integration-test/target/test-dir/MiniOzoneClusterImpl-d857b234-8aec-441a-a9c9-a34f2a008b14/ozone-meta/datanode-4/data-0/hdds/d857b234-8aec-441a-a9c9-a34f2a008b14/DS-79e65ed2-d03c-4a51-b677-33e429da9ea2/container.db, /home/runner/work/ozone/ozone/hadoop-ozone/integration-test/target/test-dir/MiniOzoneClusterImpl-d857b234-8aec-441a-a9c9-a34f2a008b14/ozone-meta/datanode-5/data-0/hdds/d857b234-8aec-441a-a9c9-a34f2a008b14/DS-7bbbd45f-1615-44fe-a2f3-da761acb0770/container.db, /home/runner/work/ozone/ozone/hadoop-ozone/integration-test/target/test-dir/MiniOzoneClusterImpl-d857b234-8aec-441a-a9c9-a34f2a008b14/ozone-meta/datanode-6/data-0/hdds/d857b234-8aec-441a-a9c9-a34f2a008b14/DS-28ed535c-55e0-42bd-b1a6-866bbdf053fe/container.db, /home/runner/work/ozone/ozone/hadoop-ozone/integration-test/target/test-dir/MiniOzoneClusterImpl-d857b234-8aec-441a-a9c9-a34f2a008b14/ozone-meta/datanode-7/data-0/hdds/d857b234-8aec-441a-a9c9-a34f2a008b14/DS-2ac82394-b096-42f0-bd90-63e3959b98e7/container.db, /home/runner/work/ozone/ozone/hadoop-ozone/integration-test/target/test-dir/MiniOzoneClusterImpl-d857b234-8aec-441a-a9c9-a34f2a008b14/ozone-meta/datanode-8/data-0/hdds/d857b234-8aec-441a-a9c9-a34f2a008b14/DS-e52e3dd4-930c-4c95-9fd3-e5f6ebbe17c1/container.db, /home/runner/work/ozone/ozone/hadoop-ozone/integration-test/target/test-dir/MiniOzoneClusterImpl-d857b234-8aec-441a-a9c9-a34f2a008b14/ozone-meta/datanode-9/data-0/hdds/d857b234-8aec-441a-a9c9-a34f2a008b14/DS-7954685c-6b6f-4c4b-804f-25d6bddb1b7c/container.db]
2024-04-23 20:00:03,539 [ForkJoinPool.commonPool-worker-1] INFO  utils.DatanodeStoreCache (DatanodeStoreCache.java:removeDB(110)) - Removed db /home/runner/work/ozone/ozone/hadoop-ozone/integration-test/target/test-dir/MiniOzoneClusterImpl-d857b234-8aec-441a-a9c9-a34f2a008b14/ozone-meta/datanode-2/data-0/hdds/d857b234-8aec-441a-a9c9-a34f2a008b14/DS-10c98abc-eed6-4a74-8bca-d7a30339ed05/container.db from cache
2024-04-23 20:00:03,539 [ForkJoinPool.commonPool-worker-1] INFO  volume.HddsVolume (HddsVolume.java:closeDbStore(470)) - SchemaV3 db is stopped at /home/runner/work/ozone/ozone/hadoop-ozone/integration-test/target/test-dir/MiniOzoneClusterImpl-d857b234-8aec-441a-a9c9-a34f2a008b14/ozone-meta/datanode-2/data-0/hdds/d857b234-8aec-441a-a9c9-a34f2a008b14/DS-10c98abc-eed6-4a74-8bca-d7a30339ed05/container.db for volume DS-10c98abc-eed6-4a74-8bca-d7a30339ed05
2024-04-23 20:00:03,540 [ForkJoinPool.commonPool-worker-1] INFO  utils.BackgroundService (BackgroundService.java:shutdown(160)) - Shutting down service BlockDeletingService
2024-04-23 20:00:03,541 [ForkJoinPool.commonPool-worker-1] INFO  utils.BackgroundService (BackgroundService.java:shutdown(160)) - Shutting down service StaleRecoveringContainerScrubbingService
2024-04-23 20:00:03,546 [ForkJoinPool.commonPool-worker-1] INFO  statemachine.DatanodeStateMachine (DatanodeStateMachine.java:stopDaemon(638)) - Ozone container server stopped.
2024-04-23 20:00:03,548 [ForkJoinPool.commonPool-worker-1] INFO  handler.ContextHandler (ContextHandler.java:doStop(1159)) - Stopped o.e.j.w.WebAppContext@31099c0b{hddsDatanode,/,null,STOPPED}{file:/home/runner/work/ozone/ozone/hadoop-hdds/container-service/target/classes/webapps/hddsDatanode}
2024-04-23 20:00:03,548 [ForkJoinPool.commonPool-worker-1] INFO  server.AbstractConnector (AbstractConnector.java:doStop(383)) - Stopped ServerConnector@47cabbed{HTTP/1.1, (http/1.1)}{0.0.0.0:15285}
2024-04-23 20:00:03,548 [ForkJoinPool.commonPool-worker-1] INFO  server.session (HouseKeeper.java:stopScavenging(149)) - node0 Stopped scavenging
2024-04-23 20:00:03,549 [ForkJoinPool.commonPool-worker-1] INFO  handler.ContextHandler (ContextHandler.java:doStop(1159)) - Stopped o.e.j.s.ServletContextHandler@5a3f22c1{static,/static,file:///home/runner/work/ozone/ozone/hadoop-hdds/container-service/target/classes/webapps/static,STOPPED}
2024-04-23 20:00:03,550 [ForkJoinPool.commonPool-worker-1] INFO  handler.ContextHandler (ContextHandler.java:doStop(1159)) - Stopped o.e.j.s.ServletContextHandler@66e41eb4{logs,/logs,file:///home/runner/work/ozone/ozone/hadoop-ozone/integration-test/target/log,STOPPED}
2024-04-23 20:00:03,550 [ForkJoinPool.commonPool-worker-1] INFO  ozone.HddsDatanodeClientProtocolServer (HddsDatanodeClientProtocolServer.java:stop(83)) - Stopping the RPC server for Client Protocol
2024-04-23 20:00:03,551 [ForkJoinPool.commonPool-worker-1] INFO  ipc.Server (Server.java:stop(3523)) - Stopping server on 15286
2024-04-23 20:00:03,551 [ForkJoinPool.commonPool-worker-2] INFO  utils.DatanodeStoreCache (DatanodeStoreCache.java:shutdownCache(116)) - Skip clearing cache in mini cluster mode. Entries left: [/home/runner/work/ozone/ozone/hadoop-ozone/integration-test/target/test-dir/MiniOzoneClusterImpl-d857b234-8aec-441a-a9c9-a34f2a008b14/ozone-meta/datanode-1/data-0/hdds/d857b234-8aec-441a-a9c9-a34f2a008b14/DS-25ed75d4-78df-495d-9cf7-4c103bf3fcec/container.db, /home/runner/work/ozone/ozone/hadoop-ozone/integration-test/target/test-dir/MiniOzoneClusterImpl-d857b234-8aec-441a-a9c9-a34f2a008b14/ozone-meta/datanode-3/data-0/hdds/d857b234-8aec-441a-a9c9-a34f2a008b14/DS-be462f49-f054-479d-b805-9954333e9a30/container.db, /home/runner/work/ozone/ozone/hadoop-ozone/integration-test/target/test-dir/MiniOzoneClusterImpl-d857b234-8aec-441a-a9c9-a34f2a008b14/ozone-meta/datanode-4/data-0/hdds/d857b234-8aec-441a-a9c9-a34f2a008b14/DS-79e65ed2-d03c-4a51-b677-33e429da9ea2/container.db, /home/runner/work/ozone/ozone/hadoop-ozone/integration-test/target/test-dir/MiniOzoneClusterImpl-d857b234-8aec-441a-a9c9-a34f2a008b14/ozone-meta/datanode-5/data-0/hdds/d857b234-8aec-441a-a9c9-a34f2a008b14/DS-7bbbd45f-1615-44fe-a2f3-da761acb0770/container.db, /home/runner/work/ozone/ozone/hadoop-ozone/integration-test/target/test-dir/MiniOzoneClusterImpl-d857b234-8aec-441a-a9c9-a34f2a008b14/ozone-meta/datanode-6/data-0/hdds/d857b234-8aec-441a-a9c9-a34f2a008b14/DS-28ed535c-55e0-42bd-b1a6-866bbdf053fe/container.db, /home/runner/work/ozone/ozone/hadoop-ozone/integration-test/target/test-dir/MiniOzoneClusterImpl-d857b234-8aec-441a-a9c9-a34f2a008b14/ozone-meta/datanode-7/data-0/hdds/d857b234-8aec-441a-a9c9-a34f2a008b14/DS-2ac82394-b096-42f0-bd90-63e3959b98e7/container.db, /home/runner/work/ozone/ozone/hadoop-ozone/integration-test/target/test-dir/MiniOzoneClusterImpl-d857b234-8aec-441a-a9c9-a34f2a008b14/ozone-meta/datanode-8/data-0/hdds/d857b234-8aec-441a-a9c9-a34f2a008b14/DS-e52e3dd4-930c-4c95-9fd3-e5f6ebbe17c1/container.db, /home/runner/work/ozone/ozone/hadoop-ozone/integration-test/target/test-dir/MiniOzoneClusterImpl-d857b234-8aec-441a-a9c9-a34f2a008b14/ozone-meta/datanode-9/data-0/hdds/d857b234-8aec-441a-a9c9-a34f2a008b14/DS-7954685c-6b6f-4c4b-804f-25d6bddb1b7c/container.db]
2024-04-23 20:00:03,552 [IPC Server listener on 15286] INFO  ipc.Server (Server.java:run(1434)) - Stopping IPC Server listener on 15286
2024-04-23 20:00:03,553 [IPC Server Responder] INFO  ipc.Server (Server.java:run(1567)) - Stopping IPC Server Responder
2024-04-23 20:00:03,553 [ForkJoinPool.commonPool-worker-2] INFO  utils.DatanodeStoreCache (DatanodeStoreCache.java:removeDB(110)) - Removed db /home/runner/work/ozone/ozone/hadoop-ozone/integration-test/target/test-dir/MiniOzoneClusterImpl-d857b234-8aec-441a-a9c9-a34f2a008b14/ozone-meta/datanode-1/data-0/hdds/d857b234-8aec-441a-a9c9-a34f2a008b14/DS-25ed75d4-78df-495d-9cf7-4c103bf3fcec/container.db from cache
2024-04-23 20:00:03,553 [ForkJoinPool.commonPool-worker-2] INFO  volume.HddsVolume (HddsVolume.java:closeDbStore(470)) - SchemaV3 db is stopped at /home/runner/work/ozone/ozone/hadoop-ozone/integration-test/target/test-dir/MiniOzoneClusterImpl-d857b234-8aec-441a-a9c9-a34f2a008b14/ozone-meta/datanode-1/data-0/hdds/d857b234-8aec-441a-a9c9-a34f2a008b14/DS-25ed75d4-78df-495d-9cf7-4c103bf3fcec/container.db for volume DS-25ed75d4-78df-495d-9cf7-4c103bf3fcec
2024-04-23 20:00:03,555 [ForkJoinPool.commonPool-worker-2] INFO  utils.BackgroundService (BackgroundService.java:shutdown(160)) - Shutting down service BlockDeletingService
2024-04-23 20:00:03,555 [ForkJoinPool.commonPool-worker-2] INFO  utils.BackgroundService (BackgroundService.java:shutdown(160)) - Shutting down service StaleRecoveringContainerScrubbingService
2024-04-23 20:00:03,557 [ForkJoinPool.commonPool-worker-2] INFO  statemachine.DatanodeStateMachine (DatanodeStateMachine.java:stopDaemon(638)) - Ozone container server stopped.
2024-04-23 20:00:03,559 [ForkJoinPool.commonPool-worker-2] INFO  handler.ContextHandler (ContextHandler.java:doStop(1159)) - Stopped o.e.j.w.WebAppContext@6bf11efc{hddsDatanode,/,null,STOPPED}{file:/home/runner/work/ozone/ozone/hadoop-hdds/container-service/target/classes/webapps/hddsDatanode}
2024-04-23 20:00:03,559 [ForkJoinPool.commonPool-worker-2] INFO  server.AbstractConnector (AbstractConnector.java:doStop(383)) - Stopped ServerConnector@7ff832ee{HTTP/1.1, (http/1.1)}{0.0.0.0:15276}
2024-04-23 20:00:03,559 [ForkJoinPool.commonPool-worker-2] INFO  server.session (HouseKeeper.java:stopScavenging(149)) - node0 Stopped scavenging
2024-04-23 20:00:03,560 [ForkJoinPool.commonPool-worker-2] INFO  handler.ContextHandler (ContextHandler.java:doStop(1159)) - Stopped o.e.j.s.ServletContextHandler@3682c56e{static,/static,file:///home/runner/work/ozone/ozone/hadoop-hdds/container-service/target/classes/webapps/static,STOPPED}
2024-04-23 20:00:03,560 [ForkJoinPool.commonPool-worker-2] INFO  handler.ContextHandler (ContextHandler.java:doStop(1159)) - Stopped o.e.j.s.ServletContextHandler@513635f2{logs,/logs,file:///home/runner/work/ozone/ozone/hadoop-ozone/integration-test/target/log,STOPPED}
2024-04-23 20:00:03,561 [ForkJoinPool.commonPool-worker-2] INFO  ozone.HddsDatanodeClientProtocolServer (HddsDatanodeClientProtocolServer.java:stop(83)) - Stopping the RPC server for Client Protocol
2024-04-23 20:00:03,562 [ForkJoinPool.commonPool-worker-2] INFO  ipc.Server (Server.java:stop(3523)) - Stopping server on 15277
2024-04-23 20:00:03,562 [IPC Server listener on 15277] INFO  ipc.Server (Server.java:run(1434)) - Stopping IPC Server listener on 15277
2024-04-23 20:00:03,562 [IPC Server Responder] INFO  ipc.Server (Server.java:run(1567)) - Stopping IPC Server Responder
2024-04-23 20:00:03,631 [ForkJoinPool.commonPool-worker-6] INFO  utils.DatanodeStoreCache (DatanodeStoreCache.java:shutdownCache(116)) - Skip clearing cache in mini cluster mode. Entries left: [/home/runner/work/ozone/ozone/hadoop-ozone/integration-test/target/test-dir/MiniOzoneClusterImpl-d857b234-8aec-441a-a9c9-a34f2a008b14/ozone-meta/datanode-3/data-0/hdds/d857b234-8aec-441a-a9c9-a34f2a008b14/DS-be462f49-f054-479d-b805-9954333e9a30/container.db, /home/runner/work/ozone/ozone/hadoop-ozone/integration-test/target/test-dir/MiniOzoneClusterImpl-d857b234-8aec-441a-a9c9-a34f2a008b14/ozone-meta/datanode-4/data-0/hdds/d857b234-8aec-441a-a9c9-a34f2a008b14/DS-79e65ed2-d03c-4a51-b677-33e429da9ea2/container.db, /home/runner/work/ozone/ozone/hadoop-ozone/integration-test/target/test-dir/MiniOzoneClusterImpl-d857b234-8aec-441a-a9c9-a34f2a008b14/ozone-meta/datanode-5/data-0/hdds/d857b234-8aec-441a-a9c9-a34f2a008b14/DS-7bbbd45f-1615-44fe-a2f3-da761acb0770/container.db, /home/runner/work/ozone/ozone/hadoop-ozone/integration-test/target/test-dir/MiniOzoneClusterImpl-d857b234-8aec-441a-a9c9-a34f2a008b14/ozone-meta/datanode-6/data-0/hdds/d857b234-8aec-441a-a9c9-a34f2a008b14/DS-28ed535c-55e0-42bd-b1a6-866bbdf053fe/container.db, /home/runner/work/ozone/ozone/hadoop-ozone/integration-test/target/test-dir/MiniOzoneClusterImpl-d857b234-8aec-441a-a9c9-a34f2a008b14/ozone-meta/datanode-7/data-0/hdds/d857b234-8aec-441a-a9c9-a34f2a008b14/DS-2ac82394-b096-42f0-bd90-63e3959b98e7/container.db, /home/runner/work/ozone/ozone/hadoop-ozone/integration-test/target/test-dir/MiniOzoneClusterImpl-d857b234-8aec-441a-a9c9-a34f2a008b14/ozone-meta/datanode-8/data-0/hdds/d857b234-8aec-441a-a9c9-a34f2a008b14/DS-e52e3dd4-930c-4c95-9fd3-e5f6ebbe17c1/container.db, /home/runner/work/ozone/ozone/hadoop-ozone/integration-test/target/test-dir/MiniOzoneClusterImpl-d857b234-8aec-441a-a9c9-a34f2a008b14/ozone-meta/datanode-9/data-0/hdds/d857b234-8aec-441a-a9c9-a34f2a008b14/DS-7954685c-6b6f-4c4b-804f-25d6bddb1b7c/container.db]
2024-04-23 20:00:03,632 [ForkJoinPool.commonPool-worker-6] INFO  utils.DatanodeStoreCache (DatanodeStoreCache.java:removeDB(110)) - Removed db /home/runner/work/ozone/ozone/hadoop-ozone/integration-test/target/test-dir/MiniOzoneClusterImpl-d857b234-8aec-441a-a9c9-a34f2a008b14/ozone-meta/datanode-3/data-0/hdds/d857b234-8aec-441a-a9c9-a34f2a008b14/DS-be462f49-f054-479d-b805-9954333e9a30/container.db from cache
2024-04-23 20:00:03,632 [ForkJoinPool.commonPool-worker-6] INFO  volume.HddsVolume (HddsVolume.java:closeDbStore(470)) - SchemaV3 db is stopped at /home/runner/work/ozone/ozone/hadoop-ozone/integration-test/target/test-dir/MiniOzoneClusterImpl-d857b234-8aec-441a-a9c9-a34f2a008b14/ozone-meta/datanode-3/data-0/hdds/d857b234-8aec-441a-a9c9-a34f2a008b14/DS-be462f49-f054-479d-b805-9954333e9a30/container.db for volume DS-be462f49-f054-479d-b805-9954333e9a30
2024-04-23 20:00:03,632 [ForkJoinPool.commonPool-worker-6] INFO  utils.BackgroundService (BackgroundService.java:shutdown(160)) - Shutting down service BlockDeletingService
2024-04-23 20:00:03,632 [ForkJoinPool.commonPool-worker-6] INFO  utils.BackgroundService (BackgroundService.java:shutdown(160)) - Shutting down service StaleRecoveringContainerScrubbingService
2024-04-23 20:00:03,632 [ForkJoinPool.commonPool-worker-6] INFO  statemachine.DatanodeStateMachine (DatanodeStateMachine.java:stopDaemon(638)) - Ozone container server stopped.
2024-04-23 20:00:03,634 [ForkJoinPool.commonPool-worker-6] INFO  handler.ContextHandler (ContextHandler.java:doStop(1159)) - Stopped o.e.j.w.WebAppContext@7aaee816{hddsDatanode,/,null,STOPPED}{file:/home/runner/work/ozone/ozone/hadoop-hdds/container-service/target/classes/webapps/hddsDatanode}
2024-04-23 20:00:03,634 [ForkJoinPool.commonPool-worker-6] INFO  server.AbstractConnector (AbstractConnector.java:doStop(383)) - Stopped ServerConnector@2f7925e9{HTTP/1.1, (http/1.1)}{0.0.0.0:15294}
2024-04-23 20:00:03,634 [ForkJoinPool.commonPool-worker-6] INFO  server.session (HouseKeeper.java:stopScavenging(149)) - node0 Stopped scavenging
2024-04-23 20:00:03,635 [ForkJoinPool.commonPool-worker-6] INFO  handler.ContextHandler (ContextHandler.java:doStop(1159)) - Stopped o.e.j.s.ServletContextHandler@23942294{static,/static,file:///home/runner/work/ozone/ozone/hadoop-hdds/container-service/target/classes/webapps/static,STOPPED}
2024-04-23 20:00:03,636 [ForkJoinPool.commonPool-worker-6] INFO  handler.ContextHandler (ContextHandler.java:doStop(1159)) - Stopped o.e.j.s.ServletContextHandler@7c668fec{logs,/logs,file:///home/runner/work/ozone/ozone/hadoop-ozone/integration-test/target/log,STOPPED}
2024-04-23 20:00:03,636 [ForkJoinPool.commonPool-worker-6] INFO  ozone.HddsDatanodeClientProtocolServer (HddsDatanodeClientProtocolServer.java:stop(83)) - Stopping the RPC server for Client Protocol
2024-04-23 20:00:03,637 [ForkJoinPool.commonPool-worker-6] INFO  ipc.Server (Server.java:stop(3523)) - Stopping server on 15295
2024-04-23 20:00:03,637 [IPC Server listener on 15295] INFO  ipc.Server (Server.java:run(1434)) - Stopping IPC Server listener on 15295
2024-04-23 20:00:03,641 [IPC Server Responder] INFO  ipc.Server (Server.java:run(1567)) - Stopping IPC Server Responder
2024-04-23 20:00:03,642 [ForkJoinPool.commonPool-worker-3] INFO  utils.DatanodeStoreCache (DatanodeStoreCache.java:shutdownCache(116)) - Skip clearing cache in mini cluster mode. Entries left: [/home/runner/work/ozone/ozone/hadoop-ozone/integration-test/target/test-dir/MiniOzoneClusterImpl-d857b234-8aec-441a-a9c9-a34f2a008b14/ozone-meta/datanode-4/data-0/hdds/d857b234-8aec-441a-a9c9-a34f2a008b14/DS-79e65ed2-d03c-4a51-b677-33e429da9ea2/container.db, /home/runner/work/ozone/ozone/hadoop-ozone/integration-test/target/test-dir/MiniOzoneClusterImpl-d857b234-8aec-441a-a9c9-a34f2a008b14/ozone-meta/datanode-5/data-0/hdds/d857b234-8aec-441a-a9c9-a34f2a008b14/DS-7bbbd45f-1615-44fe-a2f3-da761acb0770/container.db, /home/runner/work/ozone/ozone/hadoop-ozone/integration-test/target/test-dir/MiniOzoneClusterImpl-d857b234-8aec-441a-a9c9-a34f2a008b14/ozone-meta/datanode-6/data-0/hdds/d857b234-8aec-441a-a9c9-a34f2a008b14/DS-28ed535c-55e0-42bd-b1a6-866bbdf053fe/container.db, /home/runner/work/ozone/ozone/hadoop-ozone/integration-test/target/test-dir/MiniOzoneClusterImpl-d857b234-8aec-441a-a9c9-a34f2a008b14/ozone-meta/datanode-7/data-0/hdds/d857b234-8aec-441a-a9c9-a34f2a008b14/DS-2ac82394-b096-42f0-bd90-63e3959b98e7/container.db, /home/runner/work/ozone/ozone/hadoop-ozone/integration-test/target/test-dir/MiniOzoneClusterImpl-d857b234-8aec-441a-a9c9-a34f2a008b14/ozone-meta/datanode-8/data-0/hdds/d857b234-8aec-441a-a9c9-a34f2a008b14/DS-e52e3dd4-930c-4c95-9fd3-e5f6ebbe17c1/container.db, /home/runner/work/ozone/ozone/hadoop-ozone/integration-test/target/test-dir/MiniOzoneClusterImpl-d857b234-8aec-441a-a9c9-a34f2a008b14/ozone-meta/datanode-9/data-0/hdds/d857b234-8aec-441a-a9c9-a34f2a008b14/DS-7954685c-6b6f-4c4b-804f-25d6bddb1b7c/container.db]
2024-04-23 20:00:03,643 [ForkJoinPool.commonPool-worker-3] INFO  utils.DatanodeStoreCache (DatanodeStoreCache.java:removeDB(110)) - Removed db /home/runner/work/ozone/ozone/hadoop-ozone/integration-test/target/test-dir/MiniOzoneClusterImpl-d857b234-8aec-441a-a9c9-a34f2a008b14/ozone-meta/datanode-4/data-0/hdds/d857b234-8aec-441a-a9c9-a34f2a008b14/DS-79e65ed2-d03c-4a51-b677-33e429da9ea2/container.db from cache
2024-04-23 20:00:03,643 [ForkJoinPool.commonPool-worker-3] INFO  volume.HddsVolume (HddsVolume.java:closeDbStore(470)) - SchemaV3 db is stopped at /home/runner/work/ozone/ozone/hadoop-ozone/integration-test/target/test-dir/MiniOzoneClusterImpl-d857b234-8aec-441a-a9c9-a34f2a008b14/ozone-meta/datanode-4/data-0/hdds/d857b234-8aec-441a-a9c9-a34f2a008b14/DS-79e65ed2-d03c-4a51-b677-33e429da9ea2/container.db for volume DS-79e65ed2-d03c-4a51-b677-33e429da9ea2
2024-04-23 20:00:03,643 [ForkJoinPool.commonPool-worker-3] INFO  utils.BackgroundService (BackgroundService.java:shutdown(160)) - Shutting down service BlockDeletingService
2024-04-23 20:00:03,643 [ForkJoinPool.commonPool-worker-7] INFO  utils.DatanodeStoreCache (DatanodeStoreCache.java:shutdownCache(116)) - Skip clearing cache in mini cluster mode. Entries left: [/home/runner/work/ozone/ozone/hadoop-ozone/integration-test/target/test-dir/MiniOzoneClusterImpl-d857b234-8aec-441a-a9c9-a34f2a008b14/ozone-meta/datanode-5/data-0/hdds/d857b234-8aec-441a-a9c9-a34f2a008b14/DS-7bbbd45f-1615-44fe-a2f3-da761acb0770/container.db, /home/runner/work/ozone/ozone/hadoop-ozone/integration-test/target/test-dir/MiniOzoneClusterImpl-d857b234-8aec-441a-a9c9-a34f2a008b14/ozone-meta/datanode-6/data-0/hdds/d857b234-8aec-441a-a9c9-a34f2a008b14/DS-28ed535c-55e0-42bd-b1a6-866bbdf053fe/container.db, /home/runner/work/ozone/ozone/hadoop-ozone/integration-test/target/test-dir/MiniOzoneClusterImpl-d857b234-8aec-441a-a9c9-a34f2a008b14/ozone-meta/datanode-7/data-0/hdds/d857b234-8aec-441a-a9c9-a34f2a008b14/DS-2ac82394-b096-42f0-bd90-63e3959b98e7/container.db, /home/runner/work/ozone/ozone/hadoop-ozone/integration-test/target/test-dir/MiniOzoneClusterImpl-d857b234-8aec-441a-a9c9-a34f2a008b14/ozone-meta/datanode-8/data-0/hdds/d857b234-8aec-441a-a9c9-a34f2a008b14/DS-e52e3dd4-930c-4c95-9fd3-e5f6ebbe17c1/container.db, /home/runner/work/ozone/ozone/hadoop-ozone/integration-test/target/test-dir/MiniOzoneClusterImpl-d857b234-8aec-441a-a9c9-a34f2a008b14/ozone-meta/datanode-9/data-0/hdds/d857b234-8aec-441a-a9c9-a34f2a008b14/DS-7954685c-6b6f-4c4b-804f-25d6bddb1b7c/container.db]
2024-04-23 20:00:03,644 [ForkJoinPool.commonPool-worker-3] INFO  utils.BackgroundService (BackgroundService.java:shutdown(160)) - Shutting down service StaleRecoveringContainerScrubbingService
2024-04-23 20:00:03,644 [ForkJoinPool.commonPool-worker-3] INFO  statemachine.DatanodeStateMachine (DatanodeStateMachine.java:stopDaemon(638)) - Ozone container server stopped.
2024-04-23 20:00:03,644 [ForkJoinPool.commonPool-worker-7] INFO  utils.DatanodeStoreCache (DatanodeStoreCache.java:removeDB(110)) - Removed db /home/runner/work/ozone/ozone/hadoop-ozone/integration-test/target/test-dir/MiniOzoneClusterImpl-d857b234-8aec-441a-a9c9-a34f2a008b14/ozone-meta/datanode-5/data-0/hdds/d857b234-8aec-441a-a9c9-a34f2a008b14/DS-7bbbd45f-1615-44fe-a2f3-da761acb0770/container.db from cache
2024-04-23 20:00:03,645 [ForkJoinPool.commonPool-worker-7] INFO  volume.HddsVolume (HddsVolume.java:closeDbStore(470)) - SchemaV3 db is stopped at /home/runner/work/ozone/ozone/hadoop-ozone/integration-test/target/test-dir/MiniOzoneClusterImpl-d857b234-8aec-441a-a9c9-a34f2a008b14/ozone-meta/datanode-5/data-0/hdds/d857b234-8aec-441a-a9c9-a34f2a008b14/DS-7bbbd45f-1615-44fe-a2f3-da761acb0770/container.db for volume DS-7bbbd45f-1615-44fe-a2f3-da761acb0770
2024-04-23 20:00:03,646 [ForkJoinPool.commonPool-worker-7] INFO  utils.BackgroundService (BackgroundService.java:shutdown(160)) - Shutting down service BlockDeletingService
2024-04-23 20:00:03,646 [ForkJoinPool.commonPool-worker-3] INFO  handler.ContextHandler (ContextHandler.java:doStop(1159)) - Stopped o.e.j.w.WebAppContext@54e7865e{hddsDatanode,/,null,STOPPED}{file:/home/runner/work/ozone/ozone/hadoop-hdds/container-service/target/classes/webapps/hddsDatanode}
2024-04-23 20:00:03,646 [ForkJoinPool.commonPool-worker-7] INFO  utils.BackgroundService (BackgroundService.java:shutdown(160)) - Shutting down service StaleRecoveringContainerScrubbingService
2024-04-23 20:00:03,647 [ForkJoinPool.commonPool-worker-3] INFO  server.AbstractConnector (AbstractConnector.java:doStop(383)) - Stopped ServerConnector@5117aeea{HTTP/1.1, (http/1.1)}{0.0.0.0:15303}
2024-04-23 20:00:03,647 [ForkJoinPool.commonPool-worker-3] INFO  server.session (HouseKeeper.java:stopScavenging(149)) - node0 Stopped scavenging
2024-04-23 20:00:03,647 [ForkJoinPool.commonPool-worker-3] INFO  handler.ContextHandler (ContextHandler.java:doStop(1159)) - Stopped o.e.j.s.ServletContextHandler@1a7e0ff3{static,/static,file:///home/runner/work/ozone/ozone/hadoop-hdds/container-service/target/classes/webapps/static,STOPPED}
2024-04-23 20:00:03,647 [ForkJoinPool.commonPool-worker-7] INFO  statemachine.DatanodeStateMachine (DatanodeStateMachine.java:stopDaemon(638)) - Ozone container server stopped.
2024-04-23 20:00:03,648 [ForkJoinPool.commonPool-worker-3] INFO  handler.ContextHandler (ContextHandler.java:doStop(1159)) - Stopped o.e.j.s.ServletContextHandler@731167fc{logs,/logs,file:///home/runner/work/ozone/ozone/hadoop-ozone/integration-test/target/log,STOPPED}
2024-04-23 20:00:03,649 [ForkJoinPool.commonPool-worker-7] INFO  handler.ContextHandler (ContextHandler.java:doStop(1159)) - Stopped o.e.j.w.WebAppContext@2896760b{hddsDatanode,/,null,STOPPED}{file:/home/runner/work/ozone/ozone/hadoop-hdds/container-service/target/classes/webapps/hddsDatanode}
2024-04-23 20:00:03,649 [ForkJoinPool.commonPool-worker-7] INFO  server.AbstractConnector (AbstractConnector.java:doStop(383)) - Stopped ServerConnector@63b93fba{HTTP/1.1, (http/1.1)}{0.0.0.0:15312}
2024-04-23 20:00:03,650 [ForkJoinPool.commonPool-worker-7] INFO  server.session (HouseKeeper.java:stopScavenging(149)) - node0 Stopped scavenging
2024-04-23 20:00:03,650 [ForkJoinPool.commonPool-worker-3] INFO  ozone.HddsDatanodeClientProtocolServer (HddsDatanodeClientProtocolServer.java:stop(83)) - Stopping the RPC server for Client Protocol
2024-04-23 20:00:03,650 [ForkJoinPool.commonPool-worker-7] INFO  handler.ContextHandler (ContextHandler.java:doStop(1159)) - Stopped o.e.j.s.ServletContextHandler@5786d4d1{static,/static,file:///home/runner/work/ozone/ozone/hadoop-hdds/container-service/target/classes/webapps/static,STOPPED}
2024-04-23 20:00:03,651 [ForkJoinPool.commonPool-worker-3] INFO  ipc.Server (Server.java:stop(3523)) - Stopping server on 15304
2024-04-23 20:00:03,651 [ForkJoinPool.commonPool-worker-7] INFO  handler.ContextHandler (ContextHandler.java:doStop(1159)) - Stopped o.e.j.s.ServletContextHandler@ef7156f{logs,/logs,file:///home/runner/work/ozone/ozone/hadoop-ozone/integration-test/target/log,STOPPED}
2024-04-23 20:00:03,652 [IPC Server listener on 15304] INFO  ipc.Server (Server.java:run(1434)) - Stopping IPC Server listener on 15304
2024-04-23 20:00:03,653 [IPC Server Responder] INFO  ipc.Server (Server.java:run(1567)) - Stopping IPC Server Responder
2024-04-23 20:00:03,653 [ForkJoinPool.commonPool-worker-7] INFO  ozone.HddsDatanodeClientProtocolServer (HddsDatanodeClientProtocolServer.java:stop(83)) - Stopping the RPC server for Client Protocol
2024-04-23 20:00:03,657 [ForkJoinPool.commonPool-worker-7] INFO  ipc.Server (Server.java:stop(3523)) - Stopping server on 15313
2024-04-23 20:00:03,658 [IPC Server listener on 15313] INFO  ipc.Server (Server.java:run(1434)) - Stopping IPC Server listener on 15313
2024-04-23 20:00:03,658 [IPC Server Responder] INFO  ipc.Server (Server.java:run(1567)) - Stopping IPC Server Responder
2024-04-23 20:00:03,802 [main] INFO  utils.DatanodeStoreCache (DatanodeStoreCache.java:shutdownCache(116)) - Skip clearing cache in mini cluster mode. Entries left: [/home/runner/work/ozone/ozone/hadoop-ozone/integration-test/target/test-dir/MiniOzoneClusterImpl-d857b234-8aec-441a-a9c9-a34f2a008b14/ozone-meta/datanode-6/data-0/hdds/d857b234-8aec-441a-a9c9-a34f2a008b14/DS-28ed535c-55e0-42bd-b1a6-866bbdf053fe/container.db, /home/runner/work/ozone/ozone/hadoop-ozone/integration-test/target/test-dir/MiniOzoneClusterImpl-d857b234-8aec-441a-a9c9-a34f2a008b14/ozone-meta/datanode-7/data-0/hdds/d857b234-8aec-441a-a9c9-a34f2a008b14/DS-2ac82394-b096-42f0-bd90-63e3959b98e7/container.db, /home/runner/work/ozone/ozone/hadoop-ozone/integration-test/target/test-dir/MiniOzoneClusterImpl-d857b234-8aec-441a-a9c9-a34f2a008b14/ozone-meta/datanode-8/data-0/hdds/d857b234-8aec-441a-a9c9-a34f2a008b14/DS-e52e3dd4-930c-4c95-9fd3-e5f6ebbe17c1/container.db, /home/runner/work/ozone/ozone/hadoop-ozone/integration-test/target/test-dir/MiniOzoneClusterImpl-d857b234-8aec-441a-a9c9-a34f2a008b14/ozone-meta/datanode-9/data-0/hdds/d857b234-8aec-441a-a9c9-a34f2a008b14/DS-7954685c-6b6f-4c4b-804f-25d6bddb1b7c/container.db]
2024-04-23 20:00:03,803 [main] INFO  utils.DatanodeStoreCache (DatanodeStoreCache.java:removeDB(110)) - Removed db /home/runner/work/ozone/ozone/hadoop-ozone/integration-test/target/test-dir/MiniOzoneClusterImpl-d857b234-8aec-441a-a9c9-a34f2a008b14/ozone-meta/datanode-6/data-0/hdds/d857b234-8aec-441a-a9c9-a34f2a008b14/DS-28ed535c-55e0-42bd-b1a6-866bbdf053fe/container.db from cache
2024-04-23 20:00:03,803 [main] INFO  volume.HddsVolume (HddsVolume.java:closeDbStore(470)) - SchemaV3 db is stopped at /home/runner/work/ozone/ozone/hadoop-ozone/integration-test/target/test-dir/MiniOzoneClusterImpl-d857b234-8aec-441a-a9c9-a34f2a008b14/ozone-meta/datanode-6/data-0/hdds/d857b234-8aec-441a-a9c9-a34f2a008b14/DS-28ed535c-55e0-42bd-b1a6-866bbdf053fe/container.db for volume DS-28ed535c-55e0-42bd-b1a6-866bbdf053fe
2024-04-23 20:00:03,804 [main] INFO  utils.BackgroundService (BackgroundService.java:shutdown(160)) - Shutting down service BlockDeletingService
2024-04-23 20:00:03,804 [main] INFO  utils.BackgroundService (BackgroundService.java:shutdown(160)) - Shutting down service StaleRecoveringContainerScrubbingService
2024-04-23 20:00:03,805 [main] INFO  statemachine.DatanodeStateMachine (DatanodeStateMachine.java:stopDaemon(638)) - Ozone container server stopped.
2024-04-23 20:00:03,805 [main] INFO  handler.ContextHandler (ContextHandler.java:doStop(1159)) - Stopped o.e.j.w.WebAppContext@2017d60b{hddsDatanode,/,null,STOPPED}{file:/home/runner/work/ozone/ozone/hadoop-hdds/container-service/target/classes/webapps/hddsDatanode}
2024-04-23 20:00:03,806 [main] INFO  server.AbstractConnector (AbstractConnector.java:doStop(383)) - Stopped ServerConnector@57299f27{HTTP/1.1, (http/1.1)}{0.0.0.0:15321}
2024-04-23 20:00:03,806 [main] INFO  server.session (HouseKeeper.java:stopScavenging(149)) - node0 Stopped scavenging
2024-04-23 20:00:03,806 [main] INFO  handler.ContextHandler (ContextHandler.java:doStop(1159)) - Stopped o.e.j.s.ServletContextHandler@b8a256c{static,/static,file:///home/runner/work/ozone/ozone/hadoop-hdds/container-service/target/classes/webapps/static,STOPPED}
2024-04-23 20:00:03,806 [main] INFO  handler.ContextHandler (ContextHandler.java:doStop(1159)) - Stopped o.e.j.s.ServletContextHandler@736a15cc{logs,/logs,file:///home/runner/work/ozone/ozone/hadoop-ozone/integration-test/target/log,STOPPED}
2024-04-23 20:00:03,807 [main] INFO  ozone.HddsDatanodeClientProtocolServer (HddsDatanodeClientProtocolServer.java:stop(83)) - Stopping the RPC server for Client Protocol
2024-04-23 20:00:03,807 [main] INFO  ipc.Server (Server.java:stop(3523)) - Stopping server on 15322
2024-04-23 20:00:03,808 [IPC Server listener on 15322] INFO  ipc.Server (Server.java:run(1434)) - Stopping IPC Server listener on 15322
2024-04-23 20:00:03,808 [IPC Server Responder] INFO  ipc.Server (Server.java:run(1567)) - Stopping IPC Server Responder
2024-04-23 20:00:03,869 [ForkJoinPool.commonPool-worker-4] INFO  utils.DatanodeStoreCache (DatanodeStoreCache.java:shutdownCache(116)) - Skip clearing cache in mini cluster mode. Entries left: [/home/runner/work/ozone/ozone/hadoop-ozone/integration-test/target/test-dir/MiniOzoneClusterImpl-d857b234-8aec-441a-a9c9-a34f2a008b14/ozone-meta/datanode-7/data-0/hdds/d857b234-8aec-441a-a9c9-a34f2a008b14/DS-2ac82394-b096-42f0-bd90-63e3959b98e7/container.db, /home/runner/work/ozone/ozone/hadoop-ozone/integration-test/target/test-dir/MiniOzoneClusterImpl-d857b234-8aec-441a-a9c9-a34f2a008b14/ozone-meta/datanode-8/data-0/hdds/d857b234-8aec-441a-a9c9-a34f2a008b14/DS-e52e3dd4-930c-4c95-9fd3-e5f6ebbe17c1/container.db, /home/runner/work/ozone/ozone/hadoop-ozone/integration-test/target/test-dir/MiniOzoneClusterImpl-d857b234-8aec-441a-a9c9-a34f2a008b14/ozone-meta/datanode-9/data-0/hdds/d857b234-8aec-441a-a9c9-a34f2a008b14/DS-7954685c-6b6f-4c4b-804f-25d6bddb1b7c/container.db]
2024-04-23 20:00:03,869 [ForkJoinPool.commonPool-worker-4] INFO  utils.DatanodeStoreCache (DatanodeStoreCache.java:removeDB(110)) - Removed db /home/runner/work/ozone/ozone/hadoop-ozone/integration-test/target/test-dir/MiniOzoneClusterImpl-d857b234-8aec-441a-a9c9-a34f2a008b14/ozone-meta/datanode-7/data-0/hdds/d857b234-8aec-441a-a9c9-a34f2a008b14/DS-2ac82394-b096-42f0-bd90-63e3959b98e7/container.db from cache
2024-04-23 20:00:03,869 [ForkJoinPool.commonPool-worker-4] INFO  volume.HddsVolume (HddsVolume.java:closeDbStore(470)) - SchemaV3 db is stopped at /home/runner/work/ozone/ozone/hadoop-ozone/integration-test/target/test-dir/MiniOzoneClusterImpl-d857b234-8aec-441a-a9c9-a34f2a008b14/ozone-meta/datanode-7/data-0/hdds/d857b234-8aec-441a-a9c9-a34f2a008b14/DS-2ac82394-b096-42f0-bd90-63e3959b98e7/container.db for volume DS-2ac82394-b096-42f0-bd90-63e3959b98e7
2024-04-23 20:00:03,869 [ForkJoinPool.commonPool-worker-4] INFO  utils.BackgroundService (BackgroundService.java:shutdown(160)) - Shutting down service BlockDeletingService
2024-04-23 20:00:03,870 [ForkJoinPool.commonPool-worker-4] INFO  utils.BackgroundService (BackgroundService.java:shutdown(160)) - Shutting down service StaleRecoveringContainerScrubbingService
2024-04-23 20:00:03,870 [ForkJoinPool.commonPool-worker-4] INFO  statemachine.DatanodeStateMachine (DatanodeStateMachine.java:stopDaemon(638)) - Ozone container server stopped.
2024-04-23 20:00:03,872 [ForkJoinPool.commonPool-worker-4] INFO  handler.ContextHandler (ContextHandler.java:doStop(1159)) - Stopped o.e.j.w.WebAppContext@3e46cd84{hddsDatanode,/,null,STOPPED}{file:/home/runner/work/ozone/ozone/hadoop-hdds/container-service/target/classes/webapps/hddsDatanode}
2024-04-23 20:00:03,872 [ForkJoinPool.commonPool-worker-4] INFO  server.AbstractConnector (AbstractConnector.java:doStop(383)) - Stopped ServerConnector@3b9bc8c0{HTTP/1.1, (http/1.1)}{0.0.0.0:15330}
2024-04-23 20:00:03,872 [ForkJoinPool.commonPool-worker-4] INFO  server.session (HouseKeeper.java:stopScavenging(149)) - node0 Stopped scavenging
2024-04-23 20:00:03,873 [ForkJoinPool.commonPool-worker-4] INFO  handler.ContextHandler (ContextHandler.java:doStop(1159)) - Stopped o.e.j.s.ServletContextHandler@3f56c098{static,/static,file:///home/runner/work/ozone/ozone/hadoop-hdds/container-service/target/classes/webapps/static,STOPPED}
2024-04-23 20:00:03,873 [ForkJoinPool.commonPool-worker-4] INFO  handler.ContextHandler (ContextHandler.java:doStop(1159)) - Stopped o.e.j.s.ServletContextHandler@2d95b8ad{logs,/logs,file:///home/runner/work/ozone/ozone/hadoop-ozone/integration-test/target/log,STOPPED}
2024-04-23 20:00:03,873 [ForkJoinPool.commonPool-worker-4] INFO  ozone.HddsDatanodeClientProtocolServer (HddsDatanodeClientProtocolServer.java:stop(83)) - Stopping the RPC server for Client Protocol
2024-04-23 20:00:03,875 [ForkJoinPool.commonPool-worker-4] INFO  ipc.Server (Server.java:stop(3523)) - Stopping server on 15331
2024-04-23 20:00:03,876 [IPC Server Responder] INFO  ipc.Server (Server.java:run(1567)) - Stopping IPC Server Responder
2024-04-23 20:00:03,877 [IPC Server listener on 15331] INFO  ipc.Server (Server.java:run(1434)) - Stopping IPC Server listener on 15331
2024-04-23 20:00:03,886 [ForkJoinPool.commonPool-worker-0] INFO  utils.DatanodeStoreCache (DatanodeStoreCache.java:shutdownCache(116)) - Skip clearing cache in mini cluster mode. Entries left: [/home/runner/work/ozone/ozone/hadoop-ozone/integration-test/target/test-dir/MiniOzoneClusterImpl-d857b234-8aec-441a-a9c9-a34f2a008b14/ozone-meta/datanode-8/data-0/hdds/d857b234-8aec-441a-a9c9-a34f2a008b14/DS-e52e3dd4-930c-4c95-9fd3-e5f6ebbe17c1/container.db, /home/runner/work/ozone/ozone/hadoop-ozone/integration-test/target/test-dir/MiniOzoneClusterImpl-d857b234-8aec-441a-a9c9-a34f2a008b14/ozone-meta/datanode-9/data-0/hdds/d857b234-8aec-441a-a9c9-a34f2a008b14/DS-7954685c-6b6f-4c4b-804f-25d6bddb1b7c/container.db]
2024-04-23 20:00:03,887 [ForkJoinPool.commonPool-worker-0] INFO  utils.DatanodeStoreCache (DatanodeStoreCache.java:removeDB(110)) - Removed db /home/runner/work/ozone/ozone/hadoop-ozone/integration-test/target/test-dir/MiniOzoneClusterImpl-d857b234-8aec-441a-a9c9-a34f2a008b14/ozone-meta/datanode-8/data-0/hdds/d857b234-8aec-441a-a9c9-a34f2a008b14/DS-e52e3dd4-930c-4c95-9fd3-e5f6ebbe17c1/container.db from cache
2024-04-23 20:00:03,887 [ForkJoinPool.commonPool-worker-0] INFO  volume.HddsVolume (HddsVolume.java:closeDbStore(470)) - SchemaV3 db is stopped at /home/runner/work/ozone/ozone/hadoop-ozone/integration-test/target/test-dir/MiniOzoneClusterImpl-d857b234-8aec-441a-a9c9-a34f2a008b14/ozone-meta/datanode-8/data-0/hdds/d857b234-8aec-441a-a9c9-a34f2a008b14/DS-e52e3dd4-930c-4c95-9fd3-e5f6ebbe17c1/container.db for volume DS-e52e3dd4-930c-4c95-9fd3-e5f6ebbe17c1
2024-04-23 20:00:03,887 [ForkJoinPool.commonPool-worker-0] INFO  utils.BackgroundService (BackgroundService.java:shutdown(160)) - Shutting down service BlockDeletingService
2024-04-23 20:00:03,888 [ForkJoinPool.commonPool-worker-0] INFO  utils.BackgroundService (BackgroundService.java:shutdown(160)) - Shutting down service StaleRecoveringContainerScrubbingService
2024-04-23 20:00:03,888 [ForkJoinPool.commonPool-worker-0] INFO  statemachine.DatanodeStateMachine (DatanodeStateMachine.java:stopDaemon(638)) - Ozone container server stopped.
2024-04-23 20:00:03,889 [ForkJoinPool.commonPool-worker-0] INFO  handler.ContextHandler (ContextHandler.java:doStop(1159)) - Stopped o.e.j.w.WebAppContext@67b95f82{hddsDatanode,/,null,STOPPED}{file:/home/runner/work/ozone/ozone/hadoop-hdds/container-service/target/classes/webapps/hddsDatanode}
2024-04-23 20:00:03,890 [ForkJoinPool.commonPool-worker-0] INFO  server.AbstractConnector (AbstractConnector.java:doStop(383)) - Stopped ServerConnector@7da57d3c{HTTP/1.1, (http/1.1)}{0.0.0.0:15339}
2024-04-23 20:00:03,890 [ForkJoinPool.commonPool-worker-0] INFO  server.session (HouseKeeper.java:stopScavenging(149)) - node0 Stopped scavenging
2024-04-23 20:00:03,891 [ForkJoinPool.commonPool-worker-0] INFO  handler.ContextHandler (ContextHandler.java:doStop(1159)) - Stopped o.e.j.s.ServletContextHandler@7478fca1{static,/static,file:///home/runner/work/ozone/ozone/hadoop-hdds/container-service/target/classes/webapps/static,STOPPED}
2024-04-23 20:00:03,891 [ForkJoinPool.commonPool-worker-0] INFO  handler.ContextHandler (ContextHandler.java:doStop(1159)) - Stopped o.e.j.s.ServletContextHandler@56bb8198{logs,/logs,file:///home/runner/work/ozone/ozone/hadoop-ozone/integration-test/target/log,STOPPED}
2024-04-23 20:00:03,891 [ForkJoinPool.commonPool-worker-0] INFO  ozone.HddsDatanodeClientProtocolServer (HddsDatanodeClientProtocolServer.java:stop(83)) - Stopping the RPC server for Client Protocol
2024-04-23 20:00:03,891 [ForkJoinPool.commonPool-worker-0] INFO  ipc.Server (Server.java:stop(3523)) - Stopping server on 15340
2024-04-23 20:00:03,892 [IPC Server Responder] INFO  ipc.Server (Server.java:run(1567)) - Stopping IPC Server Responder
2024-04-23 20:00:03,892 [IPC Server listener on 15340] INFO  ipc.Server (Server.java:run(1434)) - Stopping IPC Server listener on 15340
2024-04-23 20:00:03,907 [ForkJoinPool.commonPool-worker-5] INFO  utils.DatanodeStoreCache (DatanodeStoreCache.java:shutdownCache(116)) - Skip clearing cache in mini cluster mode. Entries left: [/home/runner/work/ozone/ozone/hadoop-ozone/integration-test/target/test-dir/MiniOzoneClusterImpl-d857b234-8aec-441a-a9c9-a34f2a008b14/ozone-meta/datanode-9/data-0/hdds/d857b234-8aec-441a-a9c9-a34f2a008b14/DS-7954685c-6b6f-4c4b-804f-25d6bddb1b7c/container.db]
2024-04-23 20:00:03,907 [ForkJoinPool.commonPool-worker-5] INFO  utils.DatanodeStoreCache (DatanodeStoreCache.java:removeDB(110)) - Removed db /home/runner/work/ozone/ozone/hadoop-ozone/integration-test/target/test-dir/MiniOzoneClusterImpl-d857b234-8aec-441a-a9c9-a34f2a008b14/ozone-meta/datanode-9/data-0/hdds/d857b234-8aec-441a-a9c9-a34f2a008b14/DS-7954685c-6b6f-4c4b-804f-25d6bddb1b7c/container.db from cache
2024-04-23 20:00:03,907 [ForkJoinPool.commonPool-worker-5] INFO  volume.HddsVolume (HddsVolume.java:closeDbStore(470)) - SchemaV3 db is stopped at /home/runner/work/ozone/ozone/hadoop-ozone/integration-test/target/test-dir/MiniOzoneClusterImpl-d857b234-8aec-441a-a9c9-a34f2a008b14/ozone-meta/datanode-9/data-0/hdds/d857b234-8aec-441a-a9c9-a34f2a008b14/DS-7954685c-6b6f-4c4b-804f-25d6bddb1b7c/container.db for volume DS-7954685c-6b6f-4c4b-804f-25d6bddb1b7c
2024-04-23 20:00:03,907 [ForkJoinPool.commonPool-worker-5] INFO  utils.BackgroundService (BackgroundService.java:shutdown(160)) - Shutting down service BlockDeletingService
2024-04-23 20:00:03,908 [ForkJoinPool.commonPool-worker-5] INFO  utils.BackgroundService (BackgroundService.java:shutdown(160)) - Shutting down service StaleRecoveringContainerScrubbingService
2024-04-23 20:00:03,908 [ForkJoinPool.commonPool-worker-5] INFO  statemachine.DatanodeStateMachine (DatanodeStateMachine.java:stopDaemon(638)) - Ozone container server stopped.
2024-04-23 20:00:03,909 [ForkJoinPool.commonPool-worker-5] INFO  handler.ContextHandler (ContextHandler.java:doStop(1159)) - Stopped o.e.j.w.WebAppContext@448ffd91{hddsDatanode,/,null,STOPPED}{file:/home/runner/work/ozone/ozone/hadoop-hdds/container-service/target/classes/webapps/hddsDatanode}
2024-04-23 20:00:03,910 [ForkJoinPool.commonPool-worker-5] INFO  server.AbstractConnector (AbstractConnector.java:doStop(383)) - Stopped ServerConnector@71e9f317{HTTP/1.1, (http/1.1)}{0.0.0.0:15348}
2024-04-23 20:00:03,910 [ForkJoinPool.commonPool-worker-5] INFO  server.session (HouseKeeper.java:stopScavenging(149)) - node0 Stopped scavenging
2024-04-23 20:00:03,910 [ForkJoinPool.commonPool-worker-5] INFO  handler.ContextHandler (ContextHandler.java:doStop(1159)) - Stopped o.e.j.s.ServletContextHandler@5b09788c{static,/static,file:///home/runner/work/ozone/ozone/hadoop-hdds/container-service/target/classes/webapps/static,STOPPED}
2024-04-23 20:00:03,910 [ForkJoinPool.commonPool-worker-5] INFO  handler.ContextHandler (ContextHandler.java:doStop(1159)) - Stopped o.e.j.s.ServletContextHandler@6247d611{logs,/logs,file:///home/runner/work/ozone/ozone/hadoop-ozone/integration-test/target/log,STOPPED}
2024-04-23 20:00:03,911 [ForkJoinPool.commonPool-worker-5] INFO  ozone.HddsDatanodeClientProtocolServer (HddsDatanodeClientProtocolServer.java:stop(83)) - Stopping the RPC server for Client Protocol
2024-04-23 20:00:03,911 [ForkJoinPool.commonPool-worker-5] INFO  ipc.Server (Server.java:stop(3523)) - Stopping server on 15349
2024-04-23 20:00:03,911 [IPC Server listener on 15349] INFO  ipc.Server (Server.java:run(1434)) - Stopping IPC Server listener on 15349
2024-04-23 20:00:03,912 [IPC Server Responder] INFO  ipc.Server (Server.java:run(1567)) - Stopping IPC Server Responder
2024-04-23 20:00:03,912 [main] INFO  ozone.MiniOzoneClusterImpl (MiniOzoneClusterImpl.java:stopSCM(486)) - Stopping the StorageContainerManager
2024-04-23 20:00:03,912 [main] INFO  server.StorageContainerManager (StorageContainerManager.java:stop(1653)) - Container Balancer is not running.
2024-04-23 20:00:03,913 [main] INFO  server.StorageContainerManager (StorageContainerManager.java:stopReplicationManager(1786)) - Stopping Replication Manager Service.
2024-04-23 20:00:03,913 [main] INFO  replication.ReplicationManager (ReplicationManager.java:stop(328)) - Stopping Replication Monitor Thread.
2024-04-23 20:00:03,913 [UnderReplicatedProcessor] WARN  replication.UnhealthyReplicationProcessor (UnhealthyReplicationProcessor.java:run(180)) - UnderReplicatedProcessor interrupted. Exiting...
2024-04-23 20:00:03,913 [ReplicationMonitor] INFO  replication.ReplicationManager (ReplicationManager.java:run(935)) - Replication Monitor Thread is stopped
2024-04-23 20:00:03,913 [main] INFO  server.StorageContainerManager (StorageContainerManager.java:stop(1662)) - Stopping the Datanode Admin Monitor.
2024-04-23 20:00:03,913 [OverReplicatedProcessor] WARN  replication.UnhealthyReplicationProcessor (UnhealthyReplicationProcessor.java:run(180)) - OverReplicatedProcessor interrupted. Exiting...
2024-04-23 20:00:03,913 [main] INFO  server.StorageContainerManager (StorageContainerManager.java:stop(1669)) - Stopping datanode service RPC server
2024-04-23 20:00:03,913 [main] INFO  server.SCMDatanodeProtocolServer (SCMDatanodeProtocolServer.java:stop(425)) - Stopping the RPC server for DataNodes
2024-04-23 20:00:03,914 [main] INFO  ipc.Server (Server.java:stop(3523)) - Stopping server on 15269
2024-04-23 20:00:03,916 [IPC Server listener on 15269] INFO  ipc.Server (Server.java:run(1434)) - Stopping IPC Server listener on 15269
2024-04-23 20:00:03,916 [IPC Server Responder] INFO  ipc.Server (Server.java:run(1567)) - Stopping IPC Server Responder
2024-04-23 20:00:03,931 [SCMHeartbeatProcessor-0] WARN  node.NodeStateManager (NodeStateManager.java:scheduleNextHealthCheck(878)) - Current Thread is interrupted, shutting down HB processing thread for Node Manager.
2024-04-23 20:00:03,931 [main] INFO  server.StorageContainerManager (StorageContainerManager.java:stop(1677)) - Stopping block service RPC server
2024-04-23 20:00:03,932 [main] INFO  server.SCMBlockProtocolServer (SCMBlockProtocolServer.java:stop(171)) - Stopping the RPC server for Block Protocol
2024-04-23 20:00:03,932 [main] INFO  ipc.Server (Server.java:stop(3523)) - Stopping server on 15268
2024-04-23 20:00:03,934 [IPC Server listener on 15268] INFO  ipc.Server (Server.java:run(1434)) - Stopping IPC Server listener on 15268
2024-04-23 20:00:03,934 [IPC Server Responder] INFO  ipc.Server (Server.java:run(1567)) - Stopping IPC Server Responder
2024-04-23 20:00:03,934 [main] INFO  server.StorageContainerManager (StorageContainerManager.java:stop(1684)) - Stopping the StorageContainerLocationProtocol RPC server
2024-04-23 20:00:03,935 [main] INFO  server.SCMClientProtocolServer (SCMClientProtocolServer.java:stop(213)) - Stopping the RPC server for Client Protocol
2024-04-23 20:00:03,935 [main] INFO  ipc.Server (Server.java:stop(3523)) - Stopping server on 15267
2024-04-23 20:00:03,937 [IPC Server listener on 15267] INFO  ipc.Server (Server.java:run(1434)) - Stopping IPC Server listener on 15267
2024-04-23 20:00:03,937 [IPC Server Responder] INFO  ipc.Server (Server.java:run(1567)) - Stopping IPC Server Responder
2024-04-23 20:00:03,937 [main] INFO  server.StorageContainerManager (StorageContainerManager.java:stop(1691)) - Stopping Storage Container Manager HTTP server.
2024-04-23 20:00:03,938 [main] INFO  handler.ContextHandler (ContextHandler.java:doStop(1159)) - Stopped o.e.j.w.WebAppContext@29f5d2b9{scm,/,null,STOPPED}{file:/home/runner/work/ozone/ozone/hadoop-ozone/integration-test/target/test-classes/webapps/scm}
2024-04-23 20:00:03,939 [main] INFO  server.AbstractConnector (AbstractConnector.java:doStop(383)) - Stopped ServerConnector@5b7452a9{HTTP/1.1, (http/1.1)}{0.0.0.0:15270}
2024-04-23 20:00:03,939 [main] INFO  server.session (HouseKeeper.java:stopScavenging(149)) - node0 Stopped scavenging
2024-04-23 20:00:03,939 [main] INFO  handler.ContextHandler (ContextHandler.java:doStop(1159)) - Stopped o.e.j.s.ServletContextHandler@6a827812{static,/static,file:///home/runner/work/ozone/ozone/hadoop-ozone/integration-test/target/test-classes/webapps/static,STOPPED}
2024-04-23 20:00:03,939 [main] INFO  handler.ContextHandler (ContextHandler.java:doStop(1159)) - Stopped o.e.j.s.ServletContextHandler@28a6ed65{logs,/logs,file:///home/runner/work/ozone/ozone/hadoop-ozone/integration-test/target/log,STOPPED}
2024-04-23 20:00:03,940 [main] INFO  server.StorageContainerManager (StorageContainerManager.java:stop(1699)) - Stopping SCM LayoutVersionManager Service.
2024-04-23 20:00:03,940 [main] INFO  server.StorageContainerManager (StorageContainerManager.java:stop(1711)) - Stopping Block Manager Service.
2024-04-23 20:00:03,941 [main] INFO  utils.BackgroundService (BackgroundService.java:shutdown(160)) - Shutting down service SCMBlockDeletingService
2024-04-23 20:00:03,941 [main] INFO  utils.BackgroundService (BackgroundService.java:shutdown(160)) - Shutting down service SCMBlockDeletingService
2024-04-23 20:00:03,941 [main] INFO  server.StorageContainerManager (StorageContainerManager.java:stop(1731)) - Stopping SCM Event Queue.
2024-04-23 20:00:03,941 [JvmPauseMonitor33] INFO  util.JvmPauseMonitor (JvmPauseMonitor.java:run(152)) - JvmPauseMonitor-b2056757-3534-478a-b43c-49720c17e3aa: Stopped
2024-04-23 20:00:03,942 [main] INFO  server.StorageContainerManager (StorageContainerManager.java:stop(1742)) - Stopping SCM HA services.
2024-04-23 20:00:03,942 [main] INFO  pipeline.BackgroundPipelineCreator (BackgroundPipelineCreator.java:stop(152)) - Stopping RatisPipelineUtilsThread.
2024-04-23 20:00:03,942 [RatisPipelineUtilsThread-0] WARN  pipeline.BackgroundPipelineCreator (BackgroundPipelineCreator.java:run(183)) - RatisPipelineUtilsThread is interrupted.
2024-04-23 20:00:03,942 [main] INFO  BackgroundPipelineScrubber (BackgroundSCMService.java:stop(128)) - Stopping BackgroundPipelineScrubber Service.
2024-04-23 20:00:03,942 [BackgroundPipelineScrubber] WARN  BackgroundPipelineScrubber (BackgroundSCMService.java:run(112)) - BackgroundPipelineScrubber is interrupted, exit
2024-04-23 20:00:03,943 [main] INFO  impl.MetricsSystemImpl (MetricsSystemImpl.java:stop(210)) - Stopping HddsDatanode metrics system...
2024-04-23 20:00:03,945 [prometheus] INFO  impl.MetricsSinkAdapter (MetricsSinkAdapter.java:publishMetricsFromQueue(141)) - prometheus thread interrupted.
2024-04-23 20:00:03,945 [main] INFO  impl.MetricsSystemImpl (MetricsSystemImpl.java:stop(216)) - HddsDatanode metrics system stopped.
2024-04-23 20:00:03,946 [main] WARN  pipeline.BackgroundPipelineCreator (BackgroundPipelineCreator.java:stop(148)) - RatisPipelineUtilsThread is not running, just ignore.
2024-04-23 20:00:03,946 [main] INFO  BackgroundPipelineScrubber (BackgroundSCMService.java:stop(123)) - BackgroundPipelineScrubber Service is not running, skip stop.
2024-04-23 20:00:03,946 [main] INFO  ExpiredContainerReplicaOpScrubber (BackgroundSCMService.java:stop(128)) - Stopping ExpiredContainerReplicaOpScrubber Service.
2024-04-23 20:00:03,946 [ExpiredContainerReplicaOpScrubber] WARN  ExpiredContainerReplicaOpScrubber (BackgroundSCMService.java:run(112)) - ExpiredContainerReplicaOpScrubber is interrupted, exit
2024-04-23 20:00:03,946 [main] INFO  utils.BackgroundService (BackgroundService.java:shutdown(160)) - Shutting down service SCMBlockDeletingService
2024-04-23 20:00:03,947 [main] INFO  replication.ReplicationManager (ReplicationManager.java:stop(338)) - Replication Monitor Thread is not running.
2024-04-23 20:00:03,947 [main] WARN  balancer.ContainerBalancer (ContainerBalancer.java:stop(327)) - Cannot stop Container Balancer because it's not running or stopping
2024-04-23 20:00:03,947 [LeaseManager#LeaseMonitor] WARN  lease.LeaseManager (LeaseManager.java:run(287)) - Lease manager is interrupted. Shutting down...
java.lang.InterruptedException
	at java.util.concurrent.locks.AbstractQueuedSynchronizer.doAcquireSharedNanos(AbstractQueuedSynchronizer.java:1039)
	at java.util.concurrent.locks.AbstractQueuedSynchronizer.tryAcquireSharedNanos(AbstractQueuedSynchronizer.java:1328)
	at java.util.concurrent.Semaphore.tryAcquire(Semaphore.java:409)
	at org.apache.hadoop.ozone.lease.LeaseManager$LeaseMonitor.run(LeaseManager.java:285)
	at java.lang.Thread.run(Thread.java:750)
2024-04-23 20:00:03,947 [main] INFO  server.StorageContainerManager (StorageContainerManager.java:stop(1777)) - Stopping SCM MetadataStore.
]]></system-out>
    </flakyError>
  </testcase>
</testsuite>