<?xml version="1.0" encoding="UTF-8"?>
<testsuite xmlns:xsi="http://www.w3.org/2001/XMLSchema-instance" xsi:noNamespaceSchemaLocation="https://maven.apache.org/surefire/maven-surefire-plugin/xsd/surefire-test-report.xsd" name="org.apache.hadoop.ozone.om.TestOzoneManagerPrepare" time="150.077" tests="6" errors="2" skipped="1" failures="0">
  <properties>
    <property name="awt.toolkit" value="sun.awt.X11.XToolkit"/>
    <property name="file.encoding.pkg" value="sun.io"/>
    <property name="java.specification.version" value="1.8"/>
    <property name="sun.cpu.isalist" value=""/>
    <property name="sun.jnu.encoding" value="UTF-8"/>
    <property name="java.class.path" value="/home/runner/work/ozone/ozone/hadoop-ozone/integration-test/target/test-classes:/home/runner/work/ozone/ozone/hadoop-ozone/integration-test/target/classes:/home/runner/.m2/repository/org/apache/ozone/ozone-common/1.3.0-SNAPSHOT/ozone-common-1.3.0-SNAPSHOT.jar:/home/runner/.m2/repository/org/apache/commons/commons-compress/1.21/commons-compress-1.21.jar:/home/runner/.m2/repository/org/apache/ozone/hdds-common/1.3.0-SNAPSHOT/hdds-common-1.3.0-SNAPSHOT.jar:/home/runner/.m2/repository/org/apache/ozone/hdds-client/1.3.0-SNAPSHOT/hdds-client-1.3.0-SNAPSHOT.jar:/home/runner/.m2/repository/org/apache/ozone/ozone-interface-client/1.3.0-SNAPSHOT/ozone-interface-client-1.3.0-SNAPSHOT.jar:/home/runner/.m2/repository/org/apache/ozone/hdds-test-utils/1.3.0-SNAPSHOT/hdds-test-utils-1.3.0-SNAPSHOT.jar:/home/runner/.m2/repository/com/google/guava/guava/30.1.1-jre/guava-30.1.1-jre.jar:/home/runner/.m2/repository/com/google/guava/failureaccess/1.0.1/failureaccess-1.0.1.jar:/home/runner/.m2/repository/com/google/guava/listenablefuture/9999.0-empty-to-avoid-conflict-with-guava/listenablefuture-9999.0-empty-to-avoid-conflict-with-guava.jar:/home/runner/.m2/repository/com/google/code/findbugs/jsr305/3.0.0/jsr305-3.0.0.jar:/home/runner/.m2/repository/org/checkerframework/checker-qual/3.8.0/checker-qual-3.8.0.jar:/home/runner/.m2/repository/com/google/errorprone/error_prone_annotations/2.2.0/error_prone_annotations-2.2.0.jar:/home/runner/.m2/repository/com/google/j2objc/j2objc-annotations/1.3/j2objc-annotations-1.3.jar:/home/runner/.m2/repository/commons-io/commons-io/2.11.0/commons-io-2.11.0.jar:/home/runner/.m2/repository/commons-logging/commons-logging/1.2/commons-logging-1.2.jar:/home/runner/.m2/repository/log4j/log4j/1.2.17/log4j-1.2.17.jar:/home/runner/.m2/repository/org/slf4j/slf4j-api/1.7.30/slf4j-api-1.7.30.jar:/home/runner/.m2/repository/org/apache/ozone/hdds-server-scm/1.3.0-SNAPSHOT/hdds-server-scm-1.3.0-SNAPSHOT.jar:/home/runner/.m2/repository/org/apache/ozone/hdds-container-service/1.3.0-SNAPSHOT/hdds-container-service-1.3.0-SNAPSHOT.jar:/home/runner/.m2/repository/org/apache/ozone/hdds-hadoop-dependency-server/1.3.0-SNAPSHOT/hdds-hadoop-dependency-server-1.3.0-SNAPSHOT.jar:/home/runner/.m2/repository/org/apache/hadoop/hadoop-hdfs/3.3.1/hadoop-hdfs-3.3.1.jar:/home/runner/.m2/repository/org/apache/ozone/hdds-server-framework/1.3.0-SNAPSHOT/hdds-server-framework-1.3.0-SNAPSHOT.jar:/home/runner/.m2/repository/org/apache/ozone/hdds-interface-server/1.3.0-SNAPSHOT/hdds-interface-server-1.3.0-SNAPSHOT.jar:/home/runner/.m2/repository/org/eclipse/jetty/jetty-servlet/9.4.43.v20210629/jetty-servlet-9.4.43.v20210629.jar:/home/runner/.m2/repository/org/eclipse/jetty/jetty-security/9.4.43.v20210629/jetty-security-9.4.43.v20210629.jar:/home/runner/.m2/repository/org/rocksdb/rocksdbjni/6.25.3/rocksdbjni-6.25.3.jar:/home/runner/.m2/repository/io/prometheus/simpleclient_dropwizard/0.7.0/simpleclient_dropwizard-0.7.0.jar:/home/runner/.m2/repository/io/prometheus/simpleclient/0.7.0/simpleclient-0.7.0.jar:/home/runner/.m2/repository/io/prometheus/simpleclient_common/0.7.0/simpleclient_common-0.7.0.jar:/home/runner/.m2/repository/com/fasterxml/jackson/datatype/jackson-datatype-jsr310/2.12.1/jackson-datatype-jsr310-2.12.1.jar:/home/runner/.m2/repository/io/dropwizard/metrics/metrics-core/3.2.4/metrics-core-3.2.4.jar:/home/runner/.m2/repository/org/apache/hadoop/hadoop-hdfs-client/3.3.1/hadoop-hdfs-client-3.3.1.jar:/home/runner/.m2/repository/org/bouncycastle/bcprov-jdk15on/1.67/bcprov-jdk15on-1.67.jar:/home/runner/.m2/repository/com/google/protobuf/protobuf-java/2.5.0/protobuf-java-2.5.0.jar:/home/runner/.m2/repository/org/apache/ozone/ozone-manager/1.3.0-SNAPSHOT/ozone-manager-1.3.0-SNAPSHOT.jar:/home/runner/.m2/repository/org/aspectj/aspectjrt/1.9.7/aspectjrt-1.9.7.jar:/home/runner/.m2/repository/org/aspectj/aspectjweaver/1.9.7/aspectjweaver-1.9.7.jar:/home/runner/.m2/repository/org/apache/ozone/hdds-interface-client/1.3.0-SNAPSHOT/hdds-interface-client-1.3.0-SNAPSHOT.jar:/home/runner/.m2/repository/org/apache/hadoop/thirdparty/hadoop-shaded-protobuf_3_7/1.1.1/hadoop-shaded-protobuf_3_7-1.1.1.jar:/home/runner/.m2/repository/org/apache/ozone/ozone-interface-storage/1.3.0-SNAPSHOT/ozone-interface-storage-1.3.0-SNAPSHOT.jar:/home/runner/.m2/repository/org/reflections/reflections/0.9.11/reflections-0.9.11.jar:/home/runner/.m2/repository/org/apache/hadoop/hadoop-minikdc/3.3.1/hadoop-minikdc-3.3.1.jar:/home/runner/.m2/repository/org/apache/kerby/kerb-simplekdc/1.0.1/kerb-simplekdc-1.0.1.jar:/home/runner/.m2/repository/org/apache/kerby/kerb-client/1.0.1/kerb-client-1.0.1.jar:/home/runner/.m2/repository/org/apache/kerby/kerby-config/1.0.1/kerby-config-1.0.1.jar:/home/runner/.m2/repository/org/apache/kerby/kerb-common/1.0.1/kerb-common-1.0.1.jar:/home/runner/.m2/repository/org/apache/kerby/kerb-crypto/1.0.1/kerb-crypto-1.0.1.jar:/home/runner/.m2/repository/org/apache/kerby/kerb-util/1.0.1/kerb-util-1.0.1.jar:/home/runner/.m2/repository/org/apache/kerby/token-provider/1.0.1/token-provider-1.0.1.jar:/home/runner/.m2/repository/org/apache/kerby/kerb-admin/1.0.1/kerb-admin-1.0.1.jar:/home/runner/.m2/repository/org/apache/kerby/kerb-server/1.0.1/kerb-server-1.0.1.jar:/home/runner/.m2/repository/org/apache/kerby/kerb-identity/1.0.1/kerb-identity-1.0.1.jar:/home/runner/.m2/repository/org/apache/kerby/kerby-xdr/1.0.1/kerby-xdr-1.0.1.jar:/home/runner/.m2/repository/org/slf4j/slf4j-log4j12/1.7.30/slf4j-log4j12-1.7.30.jar:/home/runner/.m2/repository/org/apache/ozone/ozone-s3gateway/1.3.0-SNAPSHOT/ozone-s3gateway-1.3.0-SNAPSHOT.jar:/home/runner/.m2/repository/org/javassist/javassist/3.21.0-GA/javassist-3.21.0-GA.jar:/home/runner/.m2/repository/org/jboss/weld/servlet/weld-servlet/2.4.7.Final/weld-servlet-2.4.7.Final.jar:/home/runner/.m2/repository/org/glassfish/jersey/containers/jersey-container-servlet-core/2.33/jersey-container-servlet-core-2.33.jar:/home/runner/.m2/repository/org/glassfish/hk2/external/jakarta.inject/2.6.1/jakarta.inject-2.6.1.jar:/home/runner/.m2/repository/org/glassfish/jersey/core/jersey-common/2.33/jersey-common-2.33.jar:/home/runner/.m2/repository/jakarta/ws/rs/jakarta.ws.rs-api/2.1.6/jakarta.ws.rs-api-2.1.6.jar:/home/runner/.m2/repository/org/glassfish/jersey/ext/cdi/jersey-cdi1x/2.33/jersey-cdi1x-2.33.jar:/home/runner/.m2/repository/org/glassfish/jersey/inject/jersey-hk2/2.33/jersey-hk2-2.33.jar:/home/runner/.m2/repository/org/glassfish/hk2/hk2-locator/2.6.1/hk2-locator-2.6.1.jar:/home/runner/.m2/repository/org/glassfish/jersey/media/jersey-media-jaxb/2.33/jersey-media-jaxb-2.33.jar:/home/runner/.m2/repository/org/glassfish/hk2/osgi-resource-locator/1.0.3/osgi-resource-locator-1.0.3.jar:/home/runner/.m2/repository/org/glassfish/hk2/hk2-api/2.5.0/hk2-api-2.5.0.jar:/home/runner/.m2/repository/org/glassfish/hk2/hk2-utils/2.5.0/hk2-utils-2.5.0.jar:/home/runner/.m2/repository/org/glassfish/hk2/external/aopalliance-repackaged/2.5.0/aopalliance-repackaged-2.5.0.jar:/home/runner/.m2/repository/com/fasterxml/jackson/dataformat/jackson-dataformat-xml/2.12.1/jackson-dataformat-xml-2.12.1.jar:/home/runner/.m2/repository/com/fasterxml/jackson/core/jackson-core/2.12.1/jackson-core-2.12.1.jar:/home/runner/.m2/repository/com/fasterxml/jackson/module/jackson-module-jaxb-annotations/2.12.1/jackson-module-jaxb-annotations-2.12.1.jar:/home/runner/.m2/repository/jakarta/xml/bind/jakarta.xml.bind-api/2.3.2/jakarta.xml.bind-api-2.3.2.jar:/home/runner/.m2/repository/org/codehaus/woodstox/stax2-api/3.1.4/stax2-api-3.1.4.jar:/home/runner/.m2/repository/com/fasterxml/woodstox/woodstox-core/5.0.3/woodstox-core-5.0.3.jar:/home/runner/.m2/repository/javax/enterprise/cdi-api/1.2/cdi-api-1.2.jar:/home/runner/.m2/repository/javax/el/javax.el-api/3.0.0/javax.el-api-3.0.0.jar:/home/runner/.m2/repository/javax/interceptor/javax.interceptor-api/1.2/javax.interceptor-api-1.2.jar:/home/runner/.m2/repository/javax/inject/javax.inject/1/javax.inject-1.jar:/home/runner/.m2/repository/javax/xml/bind/jaxb-api/2.3.0/jaxb-api-2.3.0.jar:/home/runner/.m2/repository/org/glassfish/jaxb/jaxb-runtime/2.3.0.1/jaxb-runtime-2.3.0.1.jar:/home/runner/.m2/repository/org/glassfish/jaxb/jaxb-core/2.3.0.1/jaxb-core-2.3.0.1.jar:/home/runner/.m2/repository/org/glassfish/jaxb/txw2/2.3.0.1/txw2-2.3.0.1.jar:/home/runner/.m2/repository/com/sun/istack/istack-commons-runtime/3.0.5/istack-commons-runtime-3.0.5.jar:/home/runner/.m2/repository/org/jvnet/staxex/stax-ex/1.7.8/stax-ex-1.7.8.jar:/home/runner/.m2/repository/com/sun/xml/fastinfoset/FastInfoset/1.2.13/FastInfoset-1.2.13.jar:/home/runner/.m2/repository/javax/activation/activation/1.1.1/activation-1.1.1.jar:/home/runner/.m2/repository/org/apache/ozone/ozone-csi/1.3.0-SNAPSHOT/ozone-csi-1.3.0-SNAPSHOT.jar:/home/runner/.m2/repository/com/google/protobuf/protobuf-java-util/3.12.0/protobuf-java-util-3.12.0.jar:/home/runner/.m2/repository/com/google/code/gson/gson/2.2.4/gson-2.2.4.jar:/home/runner/.m2/repository/org/apache/ozone/hdds-config/1.3.0-SNAPSHOT/hdds-config-1.3.0-SNAPSHOT.jar:/home/runner/.m2/repository/io/grpc/grpc-netty/1.33.0/grpc-netty-1.33.0.jar:/home/runner/.m2/repository/io/grpc/grpc-core/1.33.0/grpc-core-1.33.0.jar:/home/runner/.m2/repository/com/google/android/annotations/4.1.1.4/annotations-4.1.1.4.jar:/home/runner/.m2/repository/io/netty/netty-codec-http2/4.1.63.Final/netty-codec-http2-4.1.63.Final.jar:/home/runner/.m2/repository/io/netty/netty-codec-http/4.1.63.Final/netty-codec-http-4.1.63.Final.jar:/home/runner/.m2/repository/io/netty/netty-handler-proxy/4.1.63.Final/netty-handler-proxy-4.1.63.Final.jar:/home/runner/.m2/repository/io/netty/netty-codec-socks/4.1.63.Final/netty-codec-socks-4.1.63.Final.jar:/home/runner/.m2/repository/io/perfmark/perfmark-api/0.19.0/perfmark-api-0.19.0.jar:/home/runner/.m2/repository/org/codehaus/mojo/animal-sniffer-annotations/1.18/animal-sniffer-annotations-1.18.jar:/home/runner/.m2/repository/io/netty/netty-transport-native-epoll/4.1.63.Final/netty-transport-native-epoll-4.1.63.Final.jar:/home/runner/.m2/repository/io/netty/netty-common/4.1.63.Final/netty-common-4.1.63.Final.jar:/home/runner/.m2/repository/io/netty/netty-buffer/4.1.63.Final/netty-buffer-4.1.63.Final.jar:/home/runner/.m2/repository/io/netty/netty-transport-native-unix-common/4.1.63.Final/netty-transport-native-unix-common-4.1.63.Final.jar:/home/runner/.m2/repository/io/grpc/grpc-protobuf/1.33.0/grpc-protobuf-1.33.0.jar:/home/runner/.m2/repository/io/grpc/grpc-api/1.33.0/grpc-api-1.33.0.jar:/home/runner/.m2/repository/io/grpc/grpc-context/1.33.0/grpc-context-1.33.0.jar:/home/runner/.m2/repository/com/google/api/grpc/proto-google-common-protos/1.17.0/proto-google-common-protos-1.17.0.jar:/home/runner/.m2/repository/io/grpc/grpc-protobuf-lite/1.33.0/grpc-protobuf-lite-1.33.0.jar:/home/runner/.m2/repository/io/grpc/grpc-stub/1.33.0/grpc-stub-1.33.0.jar:/home/runner/.m2/repository/org/apache/ozone/ozone-recon/1.3.0-SNAPSHOT/ozone-recon-1.3.0-SNAPSHOT.jar:/home/runner/.m2/repository/org/apache/ozone/ozone-reconcodegen/1.3.0-SNAPSHOT/ozone-reconcodegen-1.3.0-SNAPSHOT.jar:/home/runner/.m2/repository/com/google/inject/extensions/guice-multibindings/4.0/guice-multibindings-4.0.jar:/home/runner/.m2/repository/com/google/inject/guice/4.0/guice-4.0.jar:/home/runner/.m2/repository/aopalliance/aopalliance/1.0/aopalliance-1.0.jar:/home/runner/.m2/repository/com/google/inject/extensions/guice-assistedinject/4.0/guice-assistedinject-4.0.jar:/home/runner/.m2/repository/com/google/inject/extensions/guice-servlet/4.0/guice-servlet-4.0.jar:/home/runner/.m2/repository/org/glassfish/jersey/containers/jersey-container-servlet/2.33/jersey-container-servlet-2.33.jar:/home/runner/.m2/repository/org/glassfish/hk2/guice-bridge/2.5.0/guice-bridge-2.5.0.jar:/home/runner/.m2/repository/org/glassfish/jersey/core/jersey-server/2.33/jersey-server-2.33.jar:/home/runner/.m2/repository/org/glassfish/jersey/core/jersey-client/2.33/jersey-client-2.33.jar:/home/runner/.m2/repository/jakarta/annotation/jakarta.annotation-api/1.3.5/jakarta.annotation-api-1.3.5.jar:/home/runner/.m2/repository/jakarta/validation/jakarta.validation-api/2.0.2/jakarta.validation-api-2.0.2.jar:/home/runner/.m2/repository/org/glassfish/jersey/media/jersey-media-json-jackson/2.33/jersey-media-json-jackson-2.33.jar:/home/runner/.m2/repository/org/glassfish/jersey/ext/jersey-entity-filtering/2.33/jersey-entity-filtering-2.33.jar:/home/runner/.m2/repository/org/jooq/jooq/3.11.10/jooq-3.11.10.jar:/home/runner/.m2/repository/org/jooq/jooq-meta/3.11.10/jooq-meta-3.11.10.jar:/home/runner/.m2/repository/org/jooq/jooq-codegen/3.11.10/jooq-codegen-3.11.10.jar:/home/runner/.m2/repository/com/jolbox/bonecp/0.8.0.RELEASE/bonecp-0.8.0.RELEASE.jar:/home/runner/.m2/repository/org/apache/derby/derby/10.14.2.0/derby-10.14.2.0.jar:/home/runner/.m2/repository/org/xerial/sqlite-jdbc/3.25.2/sqlite-jdbc-3.25.2.jar:/home/runner/.m2/repository/org/springframework/spring-jdbc/5.2.18.RELEASE/spring-jdbc-5.2.18.RELEASE.jar:/home/runner/.m2/repository/org/springframework/spring-beans/5.2.18.RELEASE/spring-beans-5.2.18.RELEASE.jar:/home/runner/.m2/repository/org/springframework/spring-core/5.2.18.RELEASE/spring-core-5.2.18.RELEASE.jar:/home/runner/.m2/repository/org/springframework/spring-jcl/5.2.18.RELEASE/spring-jcl-5.2.18.RELEASE.jar:/home/runner/.m2/repository/org/springframework/spring-tx/5.2.18.RELEASE/spring-tx-5.2.18.RELEASE.jar:/home/runner/.m2/repository/org/apache/ozone/ozone-client/1.3.0-SNAPSHOT/ozone-client-1.3.0-SNAPSHOT.jar:/home/runner/.m2/repository/org/apache/ozone/ozone-filesystem/1.3.0-SNAPSHOT/ozone-filesystem-1.3.0-SNAPSHOT.jar:/home/runner/.m2/repository/org/apache/ozone/ozone-filesystem-common/1.3.0-SNAPSHOT/ozone-filesystem-common-1.3.0-SNAPSHOT.jar:/home/runner/.m2/repository/org/apache/ozone/ozone-tools/1.3.0-SNAPSHOT/ozone-tools-1.3.0-SNAPSHOT.jar:/home/runner/.m2/repository/org/apache/ratis/ratis-tools/2.2.0/ratis-tools-2.2.0.jar:/home/runner/.m2/repository/com/amazonaws/aws-java-sdk-core/1.12.124/aws-java-sdk-core-1.12.124.jar:/home/runner/.m2/repository/org/apache/httpcomponents/httpclient/4.5.13/httpclient-4.5.13.jar:/home/runner/.m2/repository/org/apache/httpcomponents/httpcore/4.4.13/httpcore-4.4.13.jar:/home/runner/.m2/repository/software/amazon/ion/ion-java/1.0.2/ion-java-1.0.2.jar:/home/runner/.m2/repository/com/fasterxml/jackson/dataformat/jackson-dataformat-cbor/2.12.1/jackson-dataformat-cbor-2.12.1.jar:/home/runner/.m2/repository/joda-time/joda-time/2.8.1/joda-time-2.8.1.jar:/home/runner/.m2/repository/com/amazonaws/aws-java-sdk-s3/1.12.124/aws-java-sdk-s3-1.12.124.jar:/home/runner/.m2/repository/com/amazonaws/aws-java-sdk-kms/1.12.124/aws-java-sdk-kms-1.12.124.jar:/home/runner/.m2/repository/com/amazonaws/jmespath-java/1.12.124/jmespath-java-1.12.124.jar:/home/runner/.m2/repository/org/kohsuke/metainf-services/metainf-services/1.8/metainf-services-1.8.jar:/home/runner/.m2/repository/org/apache/ozone/hdds-tools/1.3.0-SNAPSHOT/hdds-tools-1.3.0-SNAPSHOT.jar:/home/runner/.m2/repository/commons-cli/commons-cli/1.2/commons-cli-1.2.jar:/home/runner/.m2/repository/org/apache/commons/commons-lang3/3.7/commons-lang3-3.7.jar:/home/runner/.m2/repository/org/apache/ozone/ozone-manager/1.3.0-SNAPSHOT/ozone-manager-1.3.0-SNAPSHOT-tests.jar:/home/runner/.m2/repository/org/apache/ozone/hdds-common/1.3.0-SNAPSHOT/hdds-common-1.3.0-SNAPSHOT-tests.jar:/home/runner/.m2/repository/org/apache/ozone/hdds-hadoop-dependency-client/1.3.0-SNAPSHOT/hdds-hadoop-dependency-client-1.3.0-SNAPSHOT.jar:/home/runner/.m2/repository/info/picocli/picocli/4.6.1/picocli-4.6.1.jar:/home/runner/.m2/repository/com/fasterxml/jackson/core/jackson-annotations/2.12.1/jackson-annotations-2.12.1.jar:/home/runner/.m2/repository/javax/annotation/javax.annotation-api/1.2/javax.annotation-api-1.2.jar:/home/runner/.m2/repository/org/apache/ratis/ratis-server/2.2.0/ratis-server-2.2.0.jar:/home/runner/.m2/repository/org/apache/ratis/ratis-client/2.2.0/ratis-client-2.2.0.jar:/home/runner/.m2/repository/org/apache/ratis/ratis-server-api/2.2.0/ratis-server-api-2.2.0.jar:/home/runner/.m2/repository/org/apache/ratis/ratis-metrics/2.2.0/ratis-metrics-2.2.0.jar:/home/runner/.m2/repository/org/apache/ratis/ratis-netty/2.2.0/ratis-netty-2.2.0.jar:/home/runner/.m2/repository/org/apache/ratis/ratis-grpc/2.2.0/ratis-grpc-2.2.0.jar:/home/runner/.m2/repository/org/apache/logging/log4j/log4j-api/2.17.1/log4j-api-2.17.1.jar:/home/runner/.m2/repository/org/apache/logging/log4j/log4j-core/2.17.1/log4j-core-2.17.1.jar:/home/runner/.m2/repository/com/lmax/disruptor/3.4.2/disruptor-3.4.2.jar:/home/runner/.m2/repository/org/apache/commons/commons-pool2/2.6.0/commons-pool2-2.6.0.jar:/home/runner/.m2/repository/org/bouncycastle/bcpkix-jdk15on/1.67/bcpkix-jdk15on-1.67.jar:/home/runner/.m2/repository/commons-validator/commons-validator/1.6/commons-validator-1.6.jar:/home/runner/.m2/repository/commons-beanutils/commons-beanutils/1.9.4/commons-beanutils-1.9.4.jar:/home/runner/.m2/repository/commons-digester/commons-digester/1.8.1/commons-digester-1.8.1.jar:/home/runner/.m2/repository/commons-collections/commons-collections/3.2.2/commons-collections-3.2.2.jar:/home/runner/.m2/repository/io/jaegertracing/jaeger-client/1.6.0/jaeger-client-1.6.0.jar:/home/runner/.m2/repository/io/jaegertracing/jaeger-thrift/1.6.0/jaeger-thrift-1.6.0.jar:/home/runner/.m2/repository/org/apache/thrift/libthrift/0.14.1/libthrift-0.14.1.jar:/home/runner/.m2/repository/com/squareup/okhttp3/okhttp/4.9.0/okhttp-4.9.0.jar:/home/runner/.m2/repository/com/squareup/okio/okio/2.8.0/okio-2.8.0.jar:/home/runner/.m2/repository/io/jaegertracing/jaeger-core/1.6.0/jaeger-core-1.6.0.jar:/home/runner/.m2/repository/io/jaegertracing/jaeger-tracerresolver/1.6.0/jaeger-tracerresolver-1.6.0.jar:/home/runner/.m2/repository/io/opentracing/contrib/opentracing-tracerresolver/0.1.8/opentracing-tracerresolver-0.1.8.jar:/home/runner/.m2/repository/org/jetbrains/kotlin/kotlin-stdlib/1.4.31/kotlin-stdlib-1.4.31.jar:/home/runner/.m2/repository/org/jetbrains/kotlin/kotlin-stdlib-common/1.4.31/kotlin-stdlib-common-1.4.31.jar:/home/runner/.m2/repository/org/jetbrains/annotations/13.0/annotations-13.0.jar:/home/runner/.m2/repository/io/opentracing/opentracing-util/0.33.0/opentracing-util-0.33.0.jar:/home/runner/.m2/repository/io/opentracing/opentracing-api/0.33.0/opentracing-api-0.33.0.jar:/home/runner/.m2/repository/io/opentracing/opentracing-noop/0.33.0/opentracing-noop-0.33.0.jar:/home/runner/.m2/repository/org/yaml/snakeyaml/1.26/snakeyaml-1.26.jar:/home/runner/.m2/repository/org/apache/ozone/hdds-interface-admin/1.3.0-SNAPSHOT/hdds-interface-admin-1.3.0-SNAPSHOT.jar:/home/runner/.m2/repository/junit/junit/4.13.1/junit-4.13.1.jar:/home/runner/.m2/repository/org/hamcrest/hamcrest-core/1.3/hamcrest-core-1.3.jar:/home/runner/.m2/repository/org/junit/jupiter/junit-jupiter-api/5.7.0/junit-jupiter-api-5.7.0.jar:/home/runner/.m2/repository/org/apiguardian/apiguardian-api/1.1.0/apiguardian-api-1.1.0.jar:/home/runner/.m2/repository/org/opentest4j/opentest4j/1.2.0/opentest4j-1.2.0.jar:/home/runner/.m2/repository/org/junit/platform/junit-platform-commons/1.7.0/junit-platform-commons-1.7.0.jar:/home/runner/.m2/repository/org/junit/jupiter/junit-jupiter-engine/5.7.0/junit-jupiter-engine-5.7.0.jar:/home/runner/.m2/repository/org/junit/platform/junit-platform-engine/1.7.0/junit-platform-engine-1.7.0.jar:/home/runner/.m2/repository/org/junit/vintage/junit-vintage-engine/5.7.0/junit-vintage-engine-5.7.0.jar:/home/runner/.m2/repository/org/junit/platform/junit-platform-launcher/1.7.0/junit-platform-launcher-1.7.0.jar:/home/runner/.m2/repository/org/mockito/mockito-core/2.28.2/mockito-core-2.28.2.jar:/home/runner/.m2/repository/net/bytebuddy/byte-buddy/1.9.10/byte-buddy-1.9.10.jar:/home/runner/.m2/repository/net/bytebuddy/byte-buddy-agent/1.9.10/byte-buddy-agent-1.9.10.jar:/home/runner/.m2/repository/org/objenesis/objenesis/1.0/objenesis-1.0.jar:/home/runner/.m2/repository/org/apache/hadoop/hadoop-kms/3.3.1/hadoop-kms-3.3.1.jar:/home/runner/.m2/repository/org/apache/hadoop/hadoop-auth/3.3.1/hadoop-auth-3.3.1.jar:/home/runner/.m2/repository/com/nimbusds/nimbus-jose-jwt/7.9/nimbus-jose-jwt-7.9.jar:/home/runner/.m2/repository/com/github/stephenc/jcip/jcip-annotations/1.0-1/jcip-annotations-1.0-1.jar:/home/runner/.m2/repository/net/minidev/json-smart/2.4.7/json-smart-2.4.7.jar:/home/runner/.m2/repository/net/minidev/accessors-smart/2.4.7/accessors-smart-2.4.7.jar:/home/runner/.m2/repository/org/ow2/asm/asm/5.0.4/asm-5.0.4.jar:/home/runner/.m2/repository/org/apache/zookeeper/zookeeper/3.5.6/zookeeper-3.5.6.jar:/home/runner/.m2/repository/org/apache/zookeeper/zookeeper-jute/3.5.6/zookeeper-jute-3.5.6.jar:/home/runner/.m2/repository/org/apache/yetus/audience-annotations/0.5.0/audience-annotations-0.5.0.jar:/home/runner/.m2/repository/org/apache/curator/curator-framework/4.2.0/curator-framework-4.2.0.jar:/home/runner/.m2/repository/org/apache/hadoop/thirdparty/hadoop-shaded-guava/1.1.1/hadoop-shaded-guava-1.1.1.jar:/home/runner/.m2/repository/com/sun/jersey/jersey-core/1.19/jersey-core-1.19.jar:/home/runner/.m2/repository/javax/ws/rs/jsr311-api/1.1.1/jsr311-api-1.1.1.jar:/home/runner/.m2/repository/com/sun/jersey/jersey-server/1.19/jersey-server-1.19.jar:/home/runner/.m2/repository/javax/servlet/javax.servlet-api/3.1.0/javax.servlet-api-3.1.0.jar:/home/runner/.m2/repository/org/eclipse/jetty/jetty-server/9.4.43.v20210629/jetty-server-9.4.43.v20210629.jar:/home/runner/.m2/repository/org/eclipse/jetty/jetty-http/9.4.43.v20210629/jetty-http-9.4.43.v20210629.jar:/home/runner/.m2/repository/org/eclipse/jetty/jetty-io/9.4.43.v20210629/jetty-io-9.4.43.v20210629.jar:/home/runner/.m2/repository/org/eclipse/jetty/jetty-webapp/9.4.43.v20210629/jetty-webapp-9.4.43.v20210629.jar:/home/runner/.m2/repository/org/eclipse/jetty/jetty-xml/9.4.43.v20210629/jetty-xml-9.4.43.v20210629.jar:/home/runner/.m2/repository/org/apache/hadoop/hadoop-common/3.3.1/hadoop-common-3.3.1.jar:/home/runner/.m2/repository/org/apache/commons/commons-math3/3.1.1/commons-math3-3.1.1.jar:/home/runner/.m2/repository/commons-net/commons-net/3.6/commons-net-3.6.jar:/home/runner/.m2/repository/jakarta/activation/jakarta.activation-api/1.2.1/jakarta.activation-api-1.2.1.jar:/home/runner/.m2/repository/com/sun/jersey/jersey-servlet/1.19/jersey-servlet-1.19.jar:/home/runner/.m2/repository/com/sun/jersey/jersey-json/1.19/jersey-json-1.19.jar:/home/runner/.m2/repository/org/codehaus/jettison/jettison/1.1/jettison-1.1.jar:/home/runner/.m2/repository/com/sun/xml/bind/jaxb-impl/2.2.3-1/jaxb-impl-2.2.3-1.jar:/home/runner/.m2/repository/org/codehaus/jackson/jackson-jaxrs/1.9.2/jackson-jaxrs-1.9.2.jar:/home/runner/.m2/repository/org/codehaus/jackson/jackson-xc/1.9.2/jackson-xc-1.9.2.jar:/home/runner/.m2/repository/org/apache/commons/commons-configuration2/2.1.1/commons-configuration2-2.1.1.jar:/home/runner/.m2/repository/org/apache/commons/commons-text/1.4/commons-text-1.4.jar:/home/runner/.m2/repository/com/google/re2j/re2j/1.1/re2j-1.1.jar:/home/runner/.m2/repository/com/jcraft/jsch/0.1.54/jsch-0.1.54.jar:/home/runner/.m2/repository/org/apache/curator/curator-client/4.2.0/curator-client-4.2.0.jar:/home/runner/.m2/repository/org/apache/curator/curator-recipes/4.2.0/curator-recipes-4.2.0.jar:/home/runner/.m2/repository/org/apache/kerby/kerb-core/1.0.1/kerb-core-1.0.1.jar:/home/runner/.m2/repository/org/apache/kerby/kerby-pkix/1.0.1/kerby-pkix-1.0.1.jar:/home/runner/.m2/repository/org/apache/kerby/kerby-asn1/1.0.1/kerby-asn1-1.0.1.jar:/home/runner/.m2/repository/org/apache/kerby/kerby-util/1.0.1/kerby-util-1.0.1.jar:/home/runner/.m2/repository/dnsjava/dnsjava/2.1.7/dnsjava-2.1.7.jar:/home/runner/.m2/repository/org/xerial/snappy/snappy-java/1.1.8.2/snappy-java-1.1.8.2.jar:/home/runner/.m2/repository/org/slf4j/jul-to-slf4j/1.7.30/jul-to-slf4j-1.7.30.jar:/home/runner/.m2/repository/org/eclipse/jetty/jetty-util/9.4.43.v20210629/jetty-util-9.4.43.v20210629.jar:/home/runner/.m2/repository/com/fasterxml/jackson/core/jackson-databind/2.12.1/jackson-databind-2.12.1.jar:/home/runner/.m2/repository/org/apache/hadoop/hadoop-kms/3.3.1/hadoop-kms-3.3.1-tests.jar:/home/runner/.m2/repository/org/apache/ozone/hdds-server-scm/1.3.0-SNAPSHOT/hdds-server-scm-1.3.0-SNAPSHOT-tests.jar:/home/runner/.m2/repository/org/apache/ozone/hdds-container-service/1.3.0-SNAPSHOT/hdds-container-service-1.3.0-SNAPSHOT-tests.jar:/home/runner/.m2/repository/commons-codec/commons-codec/1.11/commons-codec-1.11.jar:/home/runner/.m2/repository/io/netty/netty-transport/4.1.63.Final/netty-transport-4.1.63.Final.jar:/home/runner/.m2/repository/io/netty/netty-resolver/4.1.63.Final/netty-resolver-4.1.63.Final.jar:/home/runner/.m2/repository/io/netty/netty-codec/4.1.63.Final/netty-codec-4.1.63.Final.jar:/home/runner/.m2/repository/io/netty/netty-handler/4.1.63.Final/netty-handler-4.1.63.Final.jar:/home/runner/.m2/repository/org/apache/ozone/hdds-hadoop-dependency-test/1.3.0-SNAPSHOT/hdds-hadoop-dependency-test-1.3.0-SNAPSHOT.jar:/home/runner/.m2/repository/org/apache/hadoop/hadoop-common/3.3.1/hadoop-common-3.3.1-tests.jar:/home/runner/.m2/repository/org/assertj/assertj-core/3.12.2/assertj-core-3.12.2.jar:/home/runner/.m2/repository/org/apache/hadoop/hadoop-hdfs/3.3.1/hadoop-hdfs-3.3.1-tests.jar:/home/runner/.m2/repository/org/eclipse/jetty/jetty-util-ajax/9.4.43.v20210629/jetty-util-ajax-9.4.43.v20210629.jar:/home/runner/.m2/repository/commons-daemon/commons-daemon/1.0.13/commons-daemon-1.0.13.jar:/home/runner/.m2/repository/io/netty/netty/3.10.6.Final/netty-3.10.6.Final.jar:/home/runner/.m2/repository/io/netty/netty-all/4.1.63.Final/netty-all-4.1.63.Final.jar:/home/runner/.m2/repository/org/apache/htrace/htrace-core4/4.1.0-incubating/htrace-core4-4.1.0-incubating.jar:/home/runner/.m2/repository/org/fusesource/leveldbjni/leveldbjni-all/1.8/leveldbjni-all-1.8.jar:/home/runner/.m2/repository/org/apache/hadoop/hadoop-distcp/3.3.1/hadoop-distcp-3.3.1.jar:/home/runner/.m2/repository/org/apache/hadoop/hadoop-mapreduce-client-jobclient/3.3.1/hadoop-mapreduce-client-jobclient-3.3.1.jar:/home/runner/.m2/repository/org/apache/hadoop/hadoop-mapreduce-client-common/3.3.1/hadoop-mapreduce-client-common-3.3.1.jar:/home/runner/.m2/repository/org/apache/hadoop/hadoop-yarn-common/3.3.1/hadoop-yarn-common-3.3.1.jar:/home/runner/.m2/repository/org/apache/hadoop/hadoop-yarn-api/3.3.1/hadoop-yarn-api-3.3.1.jar:/home/runner/.m2/repository/com/sun/jersey/jersey-client/1.19/jersey-client-1.19.jar:/home/runner/.m2/repository/com/sun/jersey/contribs/jersey-guice/1.19/jersey-guice-1.19.jar:/home/runner/.m2/repository/com/fasterxml/jackson/jaxrs/jackson-jaxrs-json-provider/2.12.1/jackson-jaxrs-json-provider-2.12.1.jar:/home/runner/.m2/repository/com/fasterxml/jackson/jaxrs/jackson-jaxrs-base/2.12.1/jackson-jaxrs-base-2.12.1.jar:/home/runner/.m2/repository/org/apache/hadoop/hadoop-yarn-client/3.3.1/hadoop-yarn-client-3.3.1.jar:/home/runner/.m2/repository/org/eclipse/jetty/websocket/websocket-client/9.4.40.v20210413/websocket-client-9.4.40.v20210413.jar:/home/runner/.m2/repository/org/eclipse/jetty/jetty-client/9.4.40.v20210413/jetty-client-9.4.40.v20210413.jar:/home/runner/.m2/repository/org/eclipse/jetty/websocket/websocket-common/9.4.40.v20210413/websocket-common-9.4.40.v20210413.jar:/home/runner/.m2/repository/org/eclipse/jetty/websocket/websocket-api/9.4.40.v20210413/websocket-api-9.4.40.v20210413.jar:/home/runner/.m2/repository/org/jline/jline/3.9.0/jline-3.9.0.jar:/home/runner/.m2/repository/org/apache/hadoop/hadoop-mapreduce-client-core/3.3.1/hadoop-mapreduce-client-core-3.3.1.jar:/home/runner/.m2/repository/org/apache/avro/avro/1.7.7/avro-1.7.7.jar:/home/runner/.m2/repository/org/codehaus/jackson/jackson-core-asl/1.9.13/jackson-core-asl-1.9.13.jar:/home/runner/.m2/repository/org/codehaus/jackson/jackson-mapper-asl/1.9.13/jackson-mapper-asl-1.9.13.jar:/home/runner/.m2/repository/com/thoughtworks/paranamer/paranamer/2.3/paranamer-2.3.jar:/home/runner/.m2/repository/org/apache/hadoop/hadoop-annotations/3.3.1/hadoop-annotations-3.3.1.jar:/usr/lib/jvm/temurin-8-jdk-amd64/jre/../lib/tools.jar:/home/runner/.m2/repository/org/apache/hadoop/hadoop-distcp/3.3.1/hadoop-distcp-3.3.1-tests.jar:/home/runner/.m2/repository/org/apache/ratis/ratis-common/2.2.0/ratis-common-2.2.0.jar:/home/runner/.m2/repository/org/apache/ratis/ratis-thirdparty-misc/0.7.0/ratis-thirdparty-misc-0.7.0.jar:/home/runner/.m2/repository/org/apache/ratis/ratis-proto/2.2.0/ratis-proto-2.2.0.jar:"/>
    <property name="java.vm.vendor" value="Temurin"/>
    <property name="sun.arch.data.model" value="64"/>
    <property name="test.build.dir" value="/home/runner/work/ozone/ozone/hadoop-ozone/integration-test/target/test-dir"/>
    <property name="test.cache.data" value=""/>
    <property name="java.vendor.url" value="https://adoptium.net/"/>
    <property name="user.timezone" value=""/>
    <property name="java.vm.specification.version" value="1.8"/>
    <property name="os.name" value="Linux"/>
    <property name="test.build.data" value="/home/runner/work/ozone/ozone/hadoop-ozone/integration-test/target/test-dir"/>
    <property name="sun.java.launcher" value="SUN_STANDARD"/>
    <property name="sun.boot.library.path" value="/usr/lib/jvm/temurin-8-jdk-amd64/jre/lib/amd64"/>
    <property name="sun.java.command" value="/home/runner/work/ozone/ozone/hadoop-ozone/integration-test/target/surefire/surefirebooter2397545120429040143.jar /home/runner/work/ozone/ozone/hadoop-ozone/integration-test/target/surefire 2022-02-15T22-21-29_567-jvmRun1 surefire102613015213620673tmp surefire_556608936884493823809tmp"/>
    <property name="surefire.test.class.path" value="/home/runner/work/ozone/ozone/hadoop-ozone/integration-test/target/test-classes:/home/runner/work/ozone/ozone/hadoop-ozone/integration-test/target/classes:/home/runner/.m2/repository/org/apache/ozone/ozone-common/1.3.0-SNAPSHOT/ozone-common-1.3.0-SNAPSHOT.jar:/home/runner/.m2/repository/org/apache/commons/commons-compress/1.21/commons-compress-1.21.jar:/home/runner/.m2/repository/org/apache/ozone/hdds-common/1.3.0-SNAPSHOT/hdds-common-1.3.0-SNAPSHOT.jar:/home/runner/.m2/repository/org/apache/ozone/hdds-client/1.3.0-SNAPSHOT/hdds-client-1.3.0-SNAPSHOT.jar:/home/runner/.m2/repository/org/apache/ozone/ozone-interface-client/1.3.0-SNAPSHOT/ozone-interface-client-1.3.0-SNAPSHOT.jar:/home/runner/.m2/repository/org/apache/ozone/hdds-test-utils/1.3.0-SNAPSHOT/hdds-test-utils-1.3.0-SNAPSHOT.jar:/home/runner/.m2/repository/com/google/guava/guava/30.1.1-jre/guava-30.1.1-jre.jar:/home/runner/.m2/repository/com/google/guava/failureaccess/1.0.1/failureaccess-1.0.1.jar:/home/runner/.m2/repository/com/google/guava/listenablefuture/9999.0-empty-to-avoid-conflict-with-guava/listenablefuture-9999.0-empty-to-avoid-conflict-with-guava.jar:/home/runner/.m2/repository/com/google/code/findbugs/jsr305/3.0.0/jsr305-3.0.0.jar:/home/runner/.m2/repository/org/checkerframework/checker-qual/3.8.0/checker-qual-3.8.0.jar:/home/runner/.m2/repository/com/google/errorprone/error_prone_annotations/2.2.0/error_prone_annotations-2.2.0.jar:/home/runner/.m2/repository/com/google/j2objc/j2objc-annotations/1.3/j2objc-annotations-1.3.jar:/home/runner/.m2/repository/commons-io/commons-io/2.11.0/commons-io-2.11.0.jar:/home/runner/.m2/repository/commons-logging/commons-logging/1.2/commons-logging-1.2.jar:/home/runner/.m2/repository/log4j/log4j/1.2.17/log4j-1.2.17.jar:/home/runner/.m2/repository/org/slf4j/slf4j-api/1.7.30/slf4j-api-1.7.30.jar:/home/runner/.m2/repository/org/apache/ozone/hdds-server-scm/1.3.0-SNAPSHOT/hdds-server-scm-1.3.0-SNAPSHOT.jar:/home/runner/.m2/repository/org/apache/ozone/hdds-container-service/1.3.0-SNAPSHOT/hdds-container-service-1.3.0-SNAPSHOT.jar:/home/runner/.m2/repository/org/apache/ozone/hdds-hadoop-dependency-server/1.3.0-SNAPSHOT/hdds-hadoop-dependency-server-1.3.0-SNAPSHOT.jar:/home/runner/.m2/repository/org/apache/hadoop/hadoop-hdfs/3.3.1/hadoop-hdfs-3.3.1.jar:/home/runner/.m2/repository/org/apache/ozone/hdds-server-framework/1.3.0-SNAPSHOT/hdds-server-framework-1.3.0-SNAPSHOT.jar:/home/runner/.m2/repository/org/apache/ozone/hdds-interface-server/1.3.0-SNAPSHOT/hdds-interface-server-1.3.0-SNAPSHOT.jar:/home/runner/.m2/repository/org/eclipse/jetty/jetty-servlet/9.4.43.v20210629/jetty-servlet-9.4.43.v20210629.jar:/home/runner/.m2/repository/org/eclipse/jetty/jetty-security/9.4.43.v20210629/jetty-security-9.4.43.v20210629.jar:/home/runner/.m2/repository/org/rocksdb/rocksdbjni/6.25.3/rocksdbjni-6.25.3.jar:/home/runner/.m2/repository/io/prometheus/simpleclient_dropwizard/0.7.0/simpleclient_dropwizard-0.7.0.jar:/home/runner/.m2/repository/io/prometheus/simpleclient/0.7.0/simpleclient-0.7.0.jar:/home/runner/.m2/repository/io/prometheus/simpleclient_common/0.7.0/simpleclient_common-0.7.0.jar:/home/runner/.m2/repository/com/fasterxml/jackson/datatype/jackson-datatype-jsr310/2.12.1/jackson-datatype-jsr310-2.12.1.jar:/home/runner/.m2/repository/io/dropwizard/metrics/metrics-core/3.2.4/metrics-core-3.2.4.jar:/home/runner/.m2/repository/org/apache/hadoop/hadoop-hdfs-client/3.3.1/hadoop-hdfs-client-3.3.1.jar:/home/runner/.m2/repository/org/bouncycastle/bcprov-jdk15on/1.67/bcprov-jdk15on-1.67.jar:/home/runner/.m2/repository/com/google/protobuf/protobuf-java/2.5.0/protobuf-java-2.5.0.jar:/home/runner/.m2/repository/org/apache/ozone/ozone-manager/1.3.0-SNAPSHOT/ozone-manager-1.3.0-SNAPSHOT.jar:/home/runner/.m2/repository/org/aspectj/aspectjrt/1.9.7/aspectjrt-1.9.7.jar:/home/runner/.m2/repository/org/aspectj/aspectjweaver/1.9.7/aspectjweaver-1.9.7.jar:/home/runner/.m2/repository/org/apache/ozone/hdds-interface-client/1.3.0-SNAPSHOT/hdds-interface-client-1.3.0-SNAPSHOT.jar:/home/runner/.m2/repository/org/apache/hadoop/thirdparty/hadoop-shaded-protobuf_3_7/1.1.1/hadoop-shaded-protobuf_3_7-1.1.1.jar:/home/runner/.m2/repository/org/apache/ozone/ozone-interface-storage/1.3.0-SNAPSHOT/ozone-interface-storage-1.3.0-SNAPSHOT.jar:/home/runner/.m2/repository/org/reflections/reflections/0.9.11/reflections-0.9.11.jar:/home/runner/.m2/repository/org/apache/hadoop/hadoop-minikdc/3.3.1/hadoop-minikdc-3.3.1.jar:/home/runner/.m2/repository/org/apache/kerby/kerb-simplekdc/1.0.1/kerb-simplekdc-1.0.1.jar:/home/runner/.m2/repository/org/apache/kerby/kerb-client/1.0.1/kerb-client-1.0.1.jar:/home/runner/.m2/repository/org/apache/kerby/kerby-config/1.0.1/kerby-config-1.0.1.jar:/home/runner/.m2/repository/org/apache/kerby/kerb-common/1.0.1/kerb-common-1.0.1.jar:/home/runner/.m2/repository/org/apache/kerby/kerb-crypto/1.0.1/kerb-crypto-1.0.1.jar:/home/runner/.m2/repository/org/apache/kerby/kerb-util/1.0.1/kerb-util-1.0.1.jar:/home/runner/.m2/repository/org/apache/kerby/token-provider/1.0.1/token-provider-1.0.1.jar:/home/runner/.m2/repository/org/apache/kerby/kerb-admin/1.0.1/kerb-admin-1.0.1.jar:/home/runner/.m2/repository/org/apache/kerby/kerb-server/1.0.1/kerb-server-1.0.1.jar:/home/runner/.m2/repository/org/apache/kerby/kerb-identity/1.0.1/kerb-identity-1.0.1.jar:/home/runner/.m2/repository/org/apache/kerby/kerby-xdr/1.0.1/kerby-xdr-1.0.1.jar:/home/runner/.m2/repository/org/slf4j/slf4j-log4j12/1.7.30/slf4j-log4j12-1.7.30.jar:/home/runner/.m2/repository/org/apache/ozone/ozone-s3gateway/1.3.0-SNAPSHOT/ozone-s3gateway-1.3.0-SNAPSHOT.jar:/home/runner/.m2/repository/org/javassist/javassist/3.21.0-GA/javassist-3.21.0-GA.jar:/home/runner/.m2/repository/org/jboss/weld/servlet/weld-servlet/2.4.7.Final/weld-servlet-2.4.7.Final.jar:/home/runner/.m2/repository/org/glassfish/jersey/containers/jersey-container-servlet-core/2.33/jersey-container-servlet-core-2.33.jar:/home/runner/.m2/repository/org/glassfish/hk2/external/jakarta.inject/2.6.1/jakarta.inject-2.6.1.jar:/home/runner/.m2/repository/org/glassfish/jersey/core/jersey-common/2.33/jersey-common-2.33.jar:/home/runner/.m2/repository/jakarta/ws/rs/jakarta.ws.rs-api/2.1.6/jakarta.ws.rs-api-2.1.6.jar:/home/runner/.m2/repository/org/glassfish/jersey/ext/cdi/jersey-cdi1x/2.33/jersey-cdi1x-2.33.jar:/home/runner/.m2/repository/org/glassfish/jersey/inject/jersey-hk2/2.33/jersey-hk2-2.33.jar:/home/runner/.m2/repository/org/glassfish/hk2/hk2-locator/2.6.1/hk2-locator-2.6.1.jar:/home/runner/.m2/repository/org/glassfish/jersey/media/jersey-media-jaxb/2.33/jersey-media-jaxb-2.33.jar:/home/runner/.m2/repository/org/glassfish/hk2/osgi-resource-locator/1.0.3/osgi-resource-locator-1.0.3.jar:/home/runner/.m2/repository/org/glassfish/hk2/hk2-api/2.5.0/hk2-api-2.5.0.jar:/home/runner/.m2/repository/org/glassfish/hk2/hk2-utils/2.5.0/hk2-utils-2.5.0.jar:/home/runner/.m2/repository/org/glassfish/hk2/external/aopalliance-repackaged/2.5.0/aopalliance-repackaged-2.5.0.jar:/home/runner/.m2/repository/com/fasterxml/jackson/dataformat/jackson-dataformat-xml/2.12.1/jackson-dataformat-xml-2.12.1.jar:/home/runner/.m2/repository/com/fasterxml/jackson/core/jackson-core/2.12.1/jackson-core-2.12.1.jar:/home/runner/.m2/repository/com/fasterxml/jackson/module/jackson-module-jaxb-annotations/2.12.1/jackson-module-jaxb-annotations-2.12.1.jar:/home/runner/.m2/repository/jakarta/xml/bind/jakarta.xml.bind-api/2.3.2/jakarta.xml.bind-api-2.3.2.jar:/home/runner/.m2/repository/org/codehaus/woodstox/stax2-api/3.1.4/stax2-api-3.1.4.jar:/home/runner/.m2/repository/com/fasterxml/woodstox/woodstox-core/5.0.3/woodstox-core-5.0.3.jar:/home/runner/.m2/repository/javax/enterprise/cdi-api/1.2/cdi-api-1.2.jar:/home/runner/.m2/repository/javax/el/javax.el-api/3.0.0/javax.el-api-3.0.0.jar:/home/runner/.m2/repository/javax/interceptor/javax.interceptor-api/1.2/javax.interceptor-api-1.2.jar:/home/runner/.m2/repository/javax/inject/javax.inject/1/javax.inject-1.jar:/home/runner/.m2/repository/javax/xml/bind/jaxb-api/2.3.0/jaxb-api-2.3.0.jar:/home/runner/.m2/repository/org/glassfish/jaxb/jaxb-runtime/2.3.0.1/jaxb-runtime-2.3.0.1.jar:/home/runner/.m2/repository/org/glassfish/jaxb/jaxb-core/2.3.0.1/jaxb-core-2.3.0.1.jar:/home/runner/.m2/repository/org/glassfish/jaxb/txw2/2.3.0.1/txw2-2.3.0.1.jar:/home/runner/.m2/repository/com/sun/istack/istack-commons-runtime/3.0.5/istack-commons-runtime-3.0.5.jar:/home/runner/.m2/repository/org/jvnet/staxex/stax-ex/1.7.8/stax-ex-1.7.8.jar:/home/runner/.m2/repository/com/sun/xml/fastinfoset/FastInfoset/1.2.13/FastInfoset-1.2.13.jar:/home/runner/.m2/repository/javax/activation/activation/1.1.1/activation-1.1.1.jar:/home/runner/.m2/repository/org/apache/ozone/ozone-csi/1.3.0-SNAPSHOT/ozone-csi-1.3.0-SNAPSHOT.jar:/home/runner/.m2/repository/com/google/protobuf/protobuf-java-util/3.12.0/protobuf-java-util-3.12.0.jar:/home/runner/.m2/repository/com/google/code/gson/gson/2.2.4/gson-2.2.4.jar:/home/runner/.m2/repository/org/apache/ozone/hdds-config/1.3.0-SNAPSHOT/hdds-config-1.3.0-SNAPSHOT.jar:/home/runner/.m2/repository/io/grpc/grpc-netty/1.33.0/grpc-netty-1.33.0.jar:/home/runner/.m2/repository/io/grpc/grpc-core/1.33.0/grpc-core-1.33.0.jar:/home/runner/.m2/repository/com/google/android/annotations/4.1.1.4/annotations-4.1.1.4.jar:/home/runner/.m2/repository/io/netty/netty-codec-http2/4.1.63.Final/netty-codec-http2-4.1.63.Final.jar:/home/runner/.m2/repository/io/netty/netty-codec-http/4.1.63.Final/netty-codec-http-4.1.63.Final.jar:/home/runner/.m2/repository/io/netty/netty-handler-proxy/4.1.63.Final/netty-handler-proxy-4.1.63.Final.jar:/home/runner/.m2/repository/io/netty/netty-codec-socks/4.1.63.Final/netty-codec-socks-4.1.63.Final.jar:/home/runner/.m2/repository/io/perfmark/perfmark-api/0.19.0/perfmark-api-0.19.0.jar:/home/runner/.m2/repository/org/codehaus/mojo/animal-sniffer-annotations/1.18/animal-sniffer-annotations-1.18.jar:/home/runner/.m2/repository/io/netty/netty-transport-native-epoll/4.1.63.Final/netty-transport-native-epoll-4.1.63.Final.jar:/home/runner/.m2/repository/io/netty/netty-common/4.1.63.Final/netty-common-4.1.63.Final.jar:/home/runner/.m2/repository/io/netty/netty-buffer/4.1.63.Final/netty-buffer-4.1.63.Final.jar:/home/runner/.m2/repository/io/netty/netty-transport-native-unix-common/4.1.63.Final/netty-transport-native-unix-common-4.1.63.Final.jar:/home/runner/.m2/repository/io/grpc/grpc-protobuf/1.33.0/grpc-protobuf-1.33.0.jar:/home/runner/.m2/repository/io/grpc/grpc-api/1.33.0/grpc-api-1.33.0.jar:/home/runner/.m2/repository/io/grpc/grpc-context/1.33.0/grpc-context-1.33.0.jar:/home/runner/.m2/repository/com/google/api/grpc/proto-google-common-protos/1.17.0/proto-google-common-protos-1.17.0.jar:/home/runner/.m2/repository/io/grpc/grpc-protobuf-lite/1.33.0/grpc-protobuf-lite-1.33.0.jar:/home/runner/.m2/repository/io/grpc/grpc-stub/1.33.0/grpc-stub-1.33.0.jar:/home/runner/.m2/repository/org/apache/ozone/ozone-recon/1.3.0-SNAPSHOT/ozone-recon-1.3.0-SNAPSHOT.jar:/home/runner/.m2/repository/org/apache/ozone/ozone-reconcodegen/1.3.0-SNAPSHOT/ozone-reconcodegen-1.3.0-SNAPSHOT.jar:/home/runner/.m2/repository/com/google/inject/extensions/guice-multibindings/4.0/guice-multibindings-4.0.jar:/home/runner/.m2/repository/com/google/inject/guice/4.0/guice-4.0.jar:/home/runner/.m2/repository/aopalliance/aopalliance/1.0/aopalliance-1.0.jar:/home/runner/.m2/repository/com/google/inject/extensions/guice-assistedinject/4.0/guice-assistedinject-4.0.jar:/home/runner/.m2/repository/com/google/inject/extensions/guice-servlet/4.0/guice-servlet-4.0.jar:/home/runner/.m2/repository/org/glassfish/jersey/containers/jersey-container-servlet/2.33/jersey-container-servlet-2.33.jar:/home/runner/.m2/repository/org/glassfish/hk2/guice-bridge/2.5.0/guice-bridge-2.5.0.jar:/home/runner/.m2/repository/org/glassfish/jersey/core/jersey-server/2.33/jersey-server-2.33.jar:/home/runner/.m2/repository/org/glassfish/jersey/core/jersey-client/2.33/jersey-client-2.33.jar:/home/runner/.m2/repository/jakarta/annotation/jakarta.annotation-api/1.3.5/jakarta.annotation-api-1.3.5.jar:/home/runner/.m2/repository/jakarta/validation/jakarta.validation-api/2.0.2/jakarta.validation-api-2.0.2.jar:/home/runner/.m2/repository/org/glassfish/jersey/media/jersey-media-json-jackson/2.33/jersey-media-json-jackson-2.33.jar:/home/runner/.m2/repository/org/glassfish/jersey/ext/jersey-entity-filtering/2.33/jersey-entity-filtering-2.33.jar:/home/runner/.m2/repository/org/jooq/jooq/3.11.10/jooq-3.11.10.jar:/home/runner/.m2/repository/org/jooq/jooq-meta/3.11.10/jooq-meta-3.11.10.jar:/home/runner/.m2/repository/org/jooq/jooq-codegen/3.11.10/jooq-codegen-3.11.10.jar:/home/runner/.m2/repository/com/jolbox/bonecp/0.8.0.RELEASE/bonecp-0.8.0.RELEASE.jar:/home/runner/.m2/repository/org/apache/derby/derby/10.14.2.0/derby-10.14.2.0.jar:/home/runner/.m2/repository/org/xerial/sqlite-jdbc/3.25.2/sqlite-jdbc-3.25.2.jar:/home/runner/.m2/repository/org/springframework/spring-jdbc/5.2.18.RELEASE/spring-jdbc-5.2.18.RELEASE.jar:/home/runner/.m2/repository/org/springframework/spring-beans/5.2.18.RELEASE/spring-beans-5.2.18.RELEASE.jar:/home/runner/.m2/repository/org/springframework/spring-core/5.2.18.RELEASE/spring-core-5.2.18.RELEASE.jar:/home/runner/.m2/repository/org/springframework/spring-jcl/5.2.18.RELEASE/spring-jcl-5.2.18.RELEASE.jar:/home/runner/.m2/repository/org/springframework/spring-tx/5.2.18.RELEASE/spring-tx-5.2.18.RELEASE.jar:/home/runner/.m2/repository/org/apache/ozone/ozone-client/1.3.0-SNAPSHOT/ozone-client-1.3.0-SNAPSHOT.jar:/home/runner/.m2/repository/org/apache/ozone/ozone-filesystem/1.3.0-SNAPSHOT/ozone-filesystem-1.3.0-SNAPSHOT.jar:/home/runner/.m2/repository/org/apache/ozone/ozone-filesystem-common/1.3.0-SNAPSHOT/ozone-filesystem-common-1.3.0-SNAPSHOT.jar:/home/runner/.m2/repository/org/apache/ozone/ozone-tools/1.3.0-SNAPSHOT/ozone-tools-1.3.0-SNAPSHOT.jar:/home/runner/.m2/repository/org/apache/ratis/ratis-tools/2.2.0/ratis-tools-2.2.0.jar:/home/runner/.m2/repository/com/amazonaws/aws-java-sdk-core/1.12.124/aws-java-sdk-core-1.12.124.jar:/home/runner/.m2/repository/org/apache/httpcomponents/httpclient/4.5.13/httpclient-4.5.13.jar:/home/runner/.m2/repository/org/apache/httpcomponents/httpcore/4.4.13/httpcore-4.4.13.jar:/home/runner/.m2/repository/software/amazon/ion/ion-java/1.0.2/ion-java-1.0.2.jar:/home/runner/.m2/repository/com/fasterxml/jackson/dataformat/jackson-dataformat-cbor/2.12.1/jackson-dataformat-cbor-2.12.1.jar:/home/runner/.m2/repository/joda-time/joda-time/2.8.1/joda-time-2.8.1.jar:/home/runner/.m2/repository/com/amazonaws/aws-java-sdk-s3/1.12.124/aws-java-sdk-s3-1.12.124.jar:/home/runner/.m2/repository/com/amazonaws/aws-java-sdk-kms/1.12.124/aws-java-sdk-kms-1.12.124.jar:/home/runner/.m2/repository/com/amazonaws/jmespath-java/1.12.124/jmespath-java-1.12.124.jar:/home/runner/.m2/repository/org/kohsuke/metainf-services/metainf-services/1.8/metainf-services-1.8.jar:/home/runner/.m2/repository/org/apache/ozone/hdds-tools/1.3.0-SNAPSHOT/hdds-tools-1.3.0-SNAPSHOT.jar:/home/runner/.m2/repository/commons-cli/commons-cli/1.2/commons-cli-1.2.jar:/home/runner/.m2/repository/org/apache/commons/commons-lang3/3.7/commons-lang3-3.7.jar:/home/runner/.m2/repository/org/apache/ozone/ozone-manager/1.3.0-SNAPSHOT/ozone-manager-1.3.0-SNAPSHOT-tests.jar:/home/runner/.m2/repository/org/apache/ozone/hdds-common/1.3.0-SNAPSHOT/hdds-common-1.3.0-SNAPSHOT-tests.jar:/home/runner/.m2/repository/org/apache/ozone/hdds-hadoop-dependency-client/1.3.0-SNAPSHOT/hdds-hadoop-dependency-client-1.3.0-SNAPSHOT.jar:/home/runner/.m2/repository/info/picocli/picocli/4.6.1/picocli-4.6.1.jar:/home/runner/.m2/repository/com/fasterxml/jackson/core/jackson-annotations/2.12.1/jackson-annotations-2.12.1.jar:/home/runner/.m2/repository/javax/annotation/javax.annotation-api/1.2/javax.annotation-api-1.2.jar:/home/runner/.m2/repository/org/apache/ratis/ratis-server/2.2.0/ratis-server-2.2.0.jar:/home/runner/.m2/repository/org/apache/ratis/ratis-client/2.2.0/ratis-client-2.2.0.jar:/home/runner/.m2/repository/org/apache/ratis/ratis-server-api/2.2.0/ratis-server-api-2.2.0.jar:/home/runner/.m2/repository/org/apache/ratis/ratis-metrics/2.2.0/ratis-metrics-2.2.0.jar:/home/runner/.m2/repository/org/apache/ratis/ratis-netty/2.2.0/ratis-netty-2.2.0.jar:/home/runner/.m2/repository/org/apache/ratis/ratis-grpc/2.2.0/ratis-grpc-2.2.0.jar:/home/runner/.m2/repository/org/apache/logging/log4j/log4j-api/2.17.1/log4j-api-2.17.1.jar:/home/runner/.m2/repository/org/apache/logging/log4j/log4j-core/2.17.1/log4j-core-2.17.1.jar:/home/runner/.m2/repository/com/lmax/disruptor/3.4.2/disruptor-3.4.2.jar:/home/runner/.m2/repository/org/apache/commons/commons-pool2/2.6.0/commons-pool2-2.6.0.jar:/home/runner/.m2/repository/org/bouncycastle/bcpkix-jdk15on/1.67/bcpkix-jdk15on-1.67.jar:/home/runner/.m2/repository/commons-validator/commons-validator/1.6/commons-validator-1.6.jar:/home/runner/.m2/repository/commons-beanutils/commons-beanutils/1.9.4/commons-beanutils-1.9.4.jar:/home/runner/.m2/repository/commons-digester/commons-digester/1.8.1/commons-digester-1.8.1.jar:/home/runner/.m2/repository/commons-collections/commons-collections/3.2.2/commons-collections-3.2.2.jar:/home/runner/.m2/repository/io/jaegertracing/jaeger-client/1.6.0/jaeger-client-1.6.0.jar:/home/runner/.m2/repository/io/jaegertracing/jaeger-thrift/1.6.0/jaeger-thrift-1.6.0.jar:/home/runner/.m2/repository/org/apache/thrift/libthrift/0.14.1/libthrift-0.14.1.jar:/home/runner/.m2/repository/com/squareup/okhttp3/okhttp/4.9.0/okhttp-4.9.0.jar:/home/runner/.m2/repository/com/squareup/okio/okio/2.8.0/okio-2.8.0.jar:/home/runner/.m2/repository/io/jaegertracing/jaeger-core/1.6.0/jaeger-core-1.6.0.jar:/home/runner/.m2/repository/io/jaegertracing/jaeger-tracerresolver/1.6.0/jaeger-tracerresolver-1.6.0.jar:/home/runner/.m2/repository/io/opentracing/contrib/opentracing-tracerresolver/0.1.8/opentracing-tracerresolver-0.1.8.jar:/home/runner/.m2/repository/org/jetbrains/kotlin/kotlin-stdlib/1.4.31/kotlin-stdlib-1.4.31.jar:/home/runner/.m2/repository/org/jetbrains/kotlin/kotlin-stdlib-common/1.4.31/kotlin-stdlib-common-1.4.31.jar:/home/runner/.m2/repository/org/jetbrains/annotations/13.0/annotations-13.0.jar:/home/runner/.m2/repository/io/opentracing/opentracing-util/0.33.0/opentracing-util-0.33.0.jar:/home/runner/.m2/repository/io/opentracing/opentracing-api/0.33.0/opentracing-api-0.33.0.jar:/home/runner/.m2/repository/io/opentracing/opentracing-noop/0.33.0/opentracing-noop-0.33.0.jar:/home/runner/.m2/repository/org/yaml/snakeyaml/1.26/snakeyaml-1.26.jar:/home/runner/.m2/repository/org/apache/ozone/hdds-interface-admin/1.3.0-SNAPSHOT/hdds-interface-admin-1.3.0-SNAPSHOT.jar:/home/runner/.m2/repository/junit/junit/4.13.1/junit-4.13.1.jar:/home/runner/.m2/repository/org/hamcrest/hamcrest-core/1.3/hamcrest-core-1.3.jar:/home/runner/.m2/repository/org/junit/jupiter/junit-jupiter-api/5.7.0/junit-jupiter-api-5.7.0.jar:/home/runner/.m2/repository/org/apiguardian/apiguardian-api/1.1.0/apiguardian-api-1.1.0.jar:/home/runner/.m2/repository/org/opentest4j/opentest4j/1.2.0/opentest4j-1.2.0.jar:/home/runner/.m2/repository/org/junit/platform/junit-platform-commons/1.7.0/junit-platform-commons-1.7.0.jar:/home/runner/.m2/repository/org/junit/jupiter/junit-jupiter-engine/5.7.0/junit-jupiter-engine-5.7.0.jar:/home/runner/.m2/repository/org/junit/platform/junit-platform-engine/1.7.0/junit-platform-engine-1.7.0.jar:/home/runner/.m2/repository/org/junit/vintage/junit-vintage-engine/5.7.0/junit-vintage-engine-5.7.0.jar:/home/runner/.m2/repository/org/junit/platform/junit-platform-launcher/1.7.0/junit-platform-launcher-1.7.0.jar:/home/runner/.m2/repository/org/mockito/mockito-core/2.28.2/mockito-core-2.28.2.jar:/home/runner/.m2/repository/net/bytebuddy/byte-buddy/1.9.10/byte-buddy-1.9.10.jar:/home/runner/.m2/repository/net/bytebuddy/byte-buddy-agent/1.9.10/byte-buddy-agent-1.9.10.jar:/home/runner/.m2/repository/org/objenesis/objenesis/1.0/objenesis-1.0.jar:/home/runner/.m2/repository/org/apache/hadoop/hadoop-kms/3.3.1/hadoop-kms-3.3.1.jar:/home/runner/.m2/repository/org/apache/hadoop/hadoop-auth/3.3.1/hadoop-auth-3.3.1.jar:/home/runner/.m2/repository/com/nimbusds/nimbus-jose-jwt/7.9/nimbus-jose-jwt-7.9.jar:/home/runner/.m2/repository/com/github/stephenc/jcip/jcip-annotations/1.0-1/jcip-annotations-1.0-1.jar:/home/runner/.m2/repository/net/minidev/json-smart/2.4.7/json-smart-2.4.7.jar:/home/runner/.m2/repository/net/minidev/accessors-smart/2.4.7/accessors-smart-2.4.7.jar:/home/runner/.m2/repository/org/ow2/asm/asm/5.0.4/asm-5.0.4.jar:/home/runner/.m2/repository/org/apache/zookeeper/zookeeper/3.5.6/zookeeper-3.5.6.jar:/home/runner/.m2/repository/org/apache/zookeeper/zookeeper-jute/3.5.6/zookeeper-jute-3.5.6.jar:/home/runner/.m2/repository/org/apache/yetus/audience-annotations/0.5.0/audience-annotations-0.5.0.jar:/home/runner/.m2/repository/org/apache/curator/curator-framework/4.2.0/curator-framework-4.2.0.jar:/home/runner/.m2/repository/org/apache/hadoop/thirdparty/hadoop-shaded-guava/1.1.1/hadoop-shaded-guava-1.1.1.jar:/home/runner/.m2/repository/com/sun/jersey/jersey-core/1.19/jersey-core-1.19.jar:/home/runner/.m2/repository/javax/ws/rs/jsr311-api/1.1.1/jsr311-api-1.1.1.jar:/home/runner/.m2/repository/com/sun/jersey/jersey-server/1.19/jersey-server-1.19.jar:/home/runner/.m2/repository/javax/servlet/javax.servlet-api/3.1.0/javax.servlet-api-3.1.0.jar:/home/runner/.m2/repository/org/eclipse/jetty/jetty-server/9.4.43.v20210629/jetty-server-9.4.43.v20210629.jar:/home/runner/.m2/repository/org/eclipse/jetty/jetty-http/9.4.43.v20210629/jetty-http-9.4.43.v20210629.jar:/home/runner/.m2/repository/org/eclipse/jetty/jetty-io/9.4.43.v20210629/jetty-io-9.4.43.v20210629.jar:/home/runner/.m2/repository/org/eclipse/jetty/jetty-webapp/9.4.43.v20210629/jetty-webapp-9.4.43.v20210629.jar:/home/runner/.m2/repository/org/eclipse/jetty/jetty-xml/9.4.43.v20210629/jetty-xml-9.4.43.v20210629.jar:/home/runner/.m2/repository/org/apache/hadoop/hadoop-common/3.3.1/hadoop-common-3.3.1.jar:/home/runner/.m2/repository/org/apache/commons/commons-math3/3.1.1/commons-math3-3.1.1.jar:/home/runner/.m2/repository/commons-net/commons-net/3.6/commons-net-3.6.jar:/home/runner/.m2/repository/jakarta/activation/jakarta.activation-api/1.2.1/jakarta.activation-api-1.2.1.jar:/home/runner/.m2/repository/com/sun/jersey/jersey-servlet/1.19/jersey-servlet-1.19.jar:/home/runner/.m2/repository/com/sun/jersey/jersey-json/1.19/jersey-json-1.19.jar:/home/runner/.m2/repository/org/codehaus/jettison/jettison/1.1/jettison-1.1.jar:/home/runner/.m2/repository/com/sun/xml/bind/jaxb-impl/2.2.3-1/jaxb-impl-2.2.3-1.jar:/home/runner/.m2/repository/org/codehaus/jackson/jackson-jaxrs/1.9.2/jackson-jaxrs-1.9.2.jar:/home/runner/.m2/repository/org/codehaus/jackson/jackson-xc/1.9.2/jackson-xc-1.9.2.jar:/home/runner/.m2/repository/org/apache/commons/commons-configuration2/2.1.1/commons-configuration2-2.1.1.jar:/home/runner/.m2/repository/org/apache/commons/commons-text/1.4/commons-text-1.4.jar:/home/runner/.m2/repository/com/google/re2j/re2j/1.1/re2j-1.1.jar:/home/runner/.m2/repository/com/jcraft/jsch/0.1.54/jsch-0.1.54.jar:/home/runner/.m2/repository/org/apache/curator/curator-client/4.2.0/curator-client-4.2.0.jar:/home/runner/.m2/repository/org/apache/curator/curator-recipes/4.2.0/curator-recipes-4.2.0.jar:/home/runner/.m2/repository/org/apache/kerby/kerb-core/1.0.1/kerb-core-1.0.1.jar:/home/runner/.m2/repository/org/apache/kerby/kerby-pkix/1.0.1/kerby-pkix-1.0.1.jar:/home/runner/.m2/repository/org/apache/kerby/kerby-asn1/1.0.1/kerby-asn1-1.0.1.jar:/home/runner/.m2/repository/org/apache/kerby/kerby-util/1.0.1/kerby-util-1.0.1.jar:/home/runner/.m2/repository/dnsjava/dnsjava/2.1.7/dnsjava-2.1.7.jar:/home/runner/.m2/repository/org/xerial/snappy/snappy-java/1.1.8.2/snappy-java-1.1.8.2.jar:/home/runner/.m2/repository/org/slf4j/jul-to-slf4j/1.7.30/jul-to-slf4j-1.7.30.jar:/home/runner/.m2/repository/org/eclipse/jetty/jetty-util/9.4.43.v20210629/jetty-util-9.4.43.v20210629.jar:/home/runner/.m2/repository/com/fasterxml/jackson/core/jackson-databind/2.12.1/jackson-databind-2.12.1.jar:/home/runner/.m2/repository/org/apache/hadoop/hadoop-kms/3.3.1/hadoop-kms-3.3.1-tests.jar:/home/runner/.m2/repository/org/apache/ozone/hdds-server-scm/1.3.0-SNAPSHOT/hdds-server-scm-1.3.0-SNAPSHOT-tests.jar:/home/runner/.m2/repository/org/apache/ozone/hdds-container-service/1.3.0-SNAPSHOT/hdds-container-service-1.3.0-SNAPSHOT-tests.jar:/home/runner/.m2/repository/commons-codec/commons-codec/1.11/commons-codec-1.11.jar:/home/runner/.m2/repository/io/netty/netty-transport/4.1.63.Final/netty-transport-4.1.63.Final.jar:/home/runner/.m2/repository/io/netty/netty-resolver/4.1.63.Final/netty-resolver-4.1.63.Final.jar:/home/runner/.m2/repository/io/netty/netty-codec/4.1.63.Final/netty-codec-4.1.63.Final.jar:/home/runner/.m2/repository/io/netty/netty-handler/4.1.63.Final/netty-handler-4.1.63.Final.jar:/home/runner/.m2/repository/org/apache/ozone/hdds-hadoop-dependency-test/1.3.0-SNAPSHOT/hdds-hadoop-dependency-test-1.3.0-SNAPSHOT.jar:/home/runner/.m2/repository/org/apache/hadoop/hadoop-common/3.3.1/hadoop-common-3.3.1-tests.jar:/home/runner/.m2/repository/org/assertj/assertj-core/3.12.2/assertj-core-3.12.2.jar:/home/runner/.m2/repository/org/apache/hadoop/hadoop-hdfs/3.3.1/hadoop-hdfs-3.3.1-tests.jar:/home/runner/.m2/repository/org/eclipse/jetty/jetty-util-ajax/9.4.43.v20210629/jetty-util-ajax-9.4.43.v20210629.jar:/home/runner/.m2/repository/commons-daemon/commons-daemon/1.0.13/commons-daemon-1.0.13.jar:/home/runner/.m2/repository/io/netty/netty/3.10.6.Final/netty-3.10.6.Final.jar:/home/runner/.m2/repository/io/netty/netty-all/4.1.63.Final/netty-all-4.1.63.Final.jar:/home/runner/.m2/repository/org/apache/htrace/htrace-core4/4.1.0-incubating/htrace-core4-4.1.0-incubating.jar:/home/runner/.m2/repository/org/fusesource/leveldbjni/leveldbjni-all/1.8/leveldbjni-all-1.8.jar:/home/runner/.m2/repository/org/apache/hadoop/hadoop-distcp/3.3.1/hadoop-distcp-3.3.1.jar:/home/runner/.m2/repository/org/apache/hadoop/hadoop-mapreduce-client-jobclient/3.3.1/hadoop-mapreduce-client-jobclient-3.3.1.jar:/home/runner/.m2/repository/org/apache/hadoop/hadoop-mapreduce-client-common/3.3.1/hadoop-mapreduce-client-common-3.3.1.jar:/home/runner/.m2/repository/org/apache/hadoop/hadoop-yarn-common/3.3.1/hadoop-yarn-common-3.3.1.jar:/home/runner/.m2/repository/org/apache/hadoop/hadoop-yarn-api/3.3.1/hadoop-yarn-api-3.3.1.jar:/home/runner/.m2/repository/com/sun/jersey/jersey-client/1.19/jersey-client-1.19.jar:/home/runner/.m2/repository/com/sun/jersey/contribs/jersey-guice/1.19/jersey-guice-1.19.jar:/home/runner/.m2/repository/com/fasterxml/jackson/jaxrs/jackson-jaxrs-json-provider/2.12.1/jackson-jaxrs-json-provider-2.12.1.jar:/home/runner/.m2/repository/com/fasterxml/jackson/jaxrs/jackson-jaxrs-base/2.12.1/jackson-jaxrs-base-2.12.1.jar:/home/runner/.m2/repository/org/apache/hadoop/hadoop-yarn-client/3.3.1/hadoop-yarn-client-3.3.1.jar:/home/runner/.m2/repository/org/eclipse/jetty/websocket/websocket-client/9.4.40.v20210413/websocket-client-9.4.40.v20210413.jar:/home/runner/.m2/repository/org/eclipse/jetty/jetty-client/9.4.40.v20210413/jetty-client-9.4.40.v20210413.jar:/home/runner/.m2/repository/org/eclipse/jetty/websocket/websocket-common/9.4.40.v20210413/websocket-common-9.4.40.v20210413.jar:/home/runner/.m2/repository/org/eclipse/jetty/websocket/websocket-api/9.4.40.v20210413/websocket-api-9.4.40.v20210413.jar:/home/runner/.m2/repository/org/jline/jline/3.9.0/jline-3.9.0.jar:/home/runner/.m2/repository/org/apache/hadoop/hadoop-mapreduce-client-core/3.3.1/hadoop-mapreduce-client-core-3.3.1.jar:/home/runner/.m2/repository/org/apache/avro/avro/1.7.7/avro-1.7.7.jar:/home/runner/.m2/repository/org/codehaus/jackson/jackson-core-asl/1.9.13/jackson-core-asl-1.9.13.jar:/home/runner/.m2/repository/org/codehaus/jackson/jackson-mapper-asl/1.9.13/jackson-mapper-asl-1.9.13.jar:/home/runner/.m2/repository/com/thoughtworks/paranamer/paranamer/2.3/paranamer-2.3.jar:/home/runner/.m2/repository/org/apache/hadoop/hadoop-annotations/3.3.1/hadoop-annotations-3.3.1.jar:/usr/lib/jvm/temurin-8-jdk-amd64/jre/../lib/tools.jar:/home/runner/.m2/repository/org/apache/hadoop/hadoop-distcp/3.3.1/hadoop-distcp-3.3.1-tests.jar:/home/runner/.m2/repository/org/apache/ratis/ratis-common/2.2.0/ratis-common-2.2.0.jar:/home/runner/.m2/repository/org/apache/ratis/ratis-thirdparty-misc/0.7.0/ratis-thirdparty-misc-0.7.0.jar:/home/runner/.m2/repository/org/apache/ratis/ratis-proto/2.2.0/ratis-proto-2.2.0.jar:"/>
    <property name="sun.cpu.endian" value="little"/>
    <property name="user.home" value="/home/runner"/>
    <property name="user.language" value="en"/>
    <property name="java.specification.vendor" value="Oracle Corporation"/>
    <property name="java.home" value="/usr/lib/jvm/temurin-8-jdk-amd64/jre"/>
    <property name="java.security.krb5.conf" value="/home/runner/work/ozone/ozone/hadoop-ozone/integration-test/target/test-classes/krb5.conf"/>
    <property name="basedir" value="/home/runner/work/ozone/ozone/hadoop-ozone/integration-test"/>
    <property name="file.separator" value="/"/>
    <property name="line.separator" value="&#10;"/>
    <property name="java.vm.specification.vendor" value="Oracle Corporation"/>
    <property name="java.specification.name" value="Java Platform API Specification"/>
    <property name="java.awt.graphicsenv" value="sun.awt.X11GraphicsEnvironment"/>
    <property name="skip.installnpx" value="true"/>
    <property name="surefire.real.class.path" value="/home/runner/work/ozone/ozone/hadoop-ozone/integration-test/target/surefire/surefirebooter2397545120429040143.jar:/home/runner/.m2/repository/org/jacoco/org.jacoco.agent/0.8.5/org.jacoco.agent-0.8.5-runtime.jar"/>
    <property name="hadoop.log.dir" value="/home/runner/work/ozone/ozone/hadoop-ozone/integration-test/target/log"/>
    <property name="sun.boot.class.path" value="/usr/lib/jvm/temurin-8-jdk-amd64/jre/lib/resources.jar:/usr/lib/jvm/temurin-8-jdk-amd64/jre/lib/rt.jar:/usr/lib/jvm/temurin-8-jdk-amd64/jre/lib/sunrsasign.jar:/usr/lib/jvm/temurin-8-jdk-amd64/jre/lib/jsse.jar:/usr/lib/jvm/temurin-8-jdk-amd64/jre/lib/jce.jar:/usr/lib/jvm/temurin-8-jdk-amd64/jre/lib/charsets.jar:/usr/lib/jvm/temurin-8-jdk-amd64/jre/lib/jfr.jar:/usr/lib/jvm/temurin-8-jdk-amd64/jre/classes"/>
    <property name="sun.management.compiler" value="HotSpot 64-Bit Tiered Compilers"/>
    <property name="skip.npx" value="true"/>
    <property name="java.runtime.version" value="1.8.0_312-b07"/>
    <property name="java.net.preferIPv4Stack" value="true"/>
    <property name="user.name" value="runner"/>
    <property name="path.separator" value=":"/>
    <property name="java.security.egd" value="file:///dev/urandom"/>
    <property name="os.version" value="5.4.0-1068-azure"/>
    <property name="java.endorsed.dirs" value="/usr/lib/jvm/temurin-8-jdk-amd64/jre/lib/endorsed"/>
    <property name="java.runtime.name" value="OpenJDK Runtime Environment"/>
    <property name="file.encoding" value="UTF-8"/>
    <property name="java.vm.name" value="OpenJDK 64-Bit Server VM"/>
    <property name="test.build.webapps" value=""/>
    <property name="localRepository" value="/home/runner/.m2/repository"/>
    <property name="java.vendor.url.bug" value="https://github.com/adoptium/adoptium-support/issues"/>
    <property name="java.io.tmpdir" value="/tmp"/>
    <property name="require.test.libhadoop" value=""/>
    <property name="java.version" value="1.8.0_312"/>
    <property name="user.dir" value="/home/runner/work/ozone/ozone/hadoop-ozone/integration-test"/>
    <property name="os.arch" value="amd64"/>
    <property name="java.vm.specification.name" value="Java Virtual Machine Specification"/>
    <property name="test.build.classes" value="/home/runner/work/ozone/ozone/hadoop-ozone/integration-test/target/test-classes"/>
    <property name="java.awt.printerjob" value="sun.print.PSPrinterJob"/>
    <property name="sun.os.patch.level" value="unknown"/>
    <property name="hadoop.tmp.dir" value="/home/runner/work/ozone/ozone/hadoop-ozone/integration-test/target/tmp"/>
    <property name="java.library.path" value="/usr/java/packages/lib/amd64:/usr/lib64:/lib64:/lib:/usr/lib"/>
    <property name="java.vm.info" value="mixed mode"/>
    <property name="java.vendor" value="Temurin"/>
    <property name="java.vm.version" value="25.312-b07"/>
    <property name="java.ext.dirs" value="/usr/lib/jvm/temurin-8-jdk-amd64/jre/lib/ext:/usr/java/packages/lib/ext"/>
    <property name="sun.io.unicode.encoding" value="UnicodeLittle"/>
    <property name="java.class.version" value="52.0"/>
  </properties>
  <testcase name="testPrepareFailsWhenTwoOmsAreDown" classname="org.apache.hadoop.ozone.om.TestOzoneManagerPrepare" time="0">
    <skipped message="Saving on CI time since this is a pessimistic test. We should not be able to do anything with 2 OMs down."/>
    <system-out><![CDATA[2022-02-15 23:29:40,047 [main] WARN  server.ServerUtils (ServerUtils.java:getScmDbDir(148)) - ozone.scm.db.dirs is not configured. We recommend adding this setting. Falling back to ozone.metadata.dirs instead.
2022-02-15 23:29:40,086 [main] INFO  ha.SCMHANodeDetails (SCMHANodeDetails.java:loadSCMHAConfig(157)) - ServiceID for StorageContainerManager is null
2022-02-15 23:29:40,087 [main] INFO  ha.SCMHANodeDetails (SCMHANodeDetails.java:loadSCMHAConfig(162)) - ozone.scm.default.service.id is not defined, falling back to ozone.scm.service.ids to find serviceID for StorageContainerManager if it is HA enabled cluster
2022-02-15 23:29:40,223 [main] INFO  server.RaftServer (ConfUtils.java:logGet(44)) - raft.rpc.type = GRPC (default)
2022-02-15 23:29:40,294 [main] INFO  grpc.GrpcFactory (GrpcFactory.java:checkPooledByteBufAllocatorUseCacheForAllThreads(48)) - PERFORMANCE WARNING: useCacheForAllThreads is true that may cause Netty to create a lot garbage objects and, as a result, trigger GC.
	It is recommended to disable useCacheForAllThreads by setting -Dorg.apache.ratis.thirdparty.io.netty.allocator.useCacheForAllThreads=false in command line.
2022-02-15 23:29:40,299 [main] INFO  grpc.GrpcConfigKeys (ConfUtils.java:logGet(44)) - raft.grpc.admin.port = -1 (default)
2022-02-15 23:29:40,299 [main] INFO  grpc.GrpcConfigKeys (ConfUtils.java:logGet(44)) - raft.grpc.server.port = 9894 (custom)
2022-02-15 23:29:40,300 [main] INFO  grpc.GrpcConfigKeys (ConfUtils.java:logGet(44)) - raft.grpc.client.port = -1 (default)
2022-02-15 23:29:40,300 [main] INFO  grpc.GrpcConfigKeys (ConfUtils.java:logGet(44)) - raft.grpc.server.port = 9894 (custom)
2022-02-15 23:29:40,300 [main] INFO  grpc.GrpcConfigKeys (ConfUtils.java:logGet(44)) - raft.grpc.server.port = 9894 (custom)
2022-02-15 23:29:40,301 [main] INFO  server.GrpcService (ConfUtils.java:logGet(44)) - raft.grpc.message.size.max = 32m (=33554432) (custom)
2022-02-15 23:29:40,303 [main] INFO  server.RaftServerConfigKeys (ConfUtils.java:logGet(44)) - raft.server.log.appender.buffer.byte-limit = 33554432 (custom)
2022-02-15 23:29:40,303 [main] INFO  server.GrpcService (ConfUtils.java:logGet(44)) - raft.grpc.flow.control.window = 1MB (=1048576) (default)
2022-02-15 23:29:40,304 [main] INFO  server.RaftServerConfigKeys (ConfUtils.java:logGet(44)) - raft.server.rpc.request.timeout = 30000ms (custom)
2022-02-15 23:29:40,631 [main] INFO  impl.DataStreamServerImpl (ConfUtils.java:logGet(44)) - raft.datastream.type = DISABLED (default)
2022-02-15 23:29:40,633 [main] INFO  server.RaftServerConfigKeys (ConfUtils.java:logGet(44)) - raft.server.rpc.slowness.timeout = 120000ms (custom)
2022-02-15 23:29:40,634 [main] INFO  server.RaftServerConfigKeys (ConfUtils.java:logGet(44)) - raft.server.leaderelection.leader.step-down.wait-time = 10s (default)
2022-02-15 23:29:40,649 [main] INFO  server.RaftServerConfigKeys (ConfUtils.java:logGet(44)) - raft.server.storage.dir = [/home/runner/work/ozone/ozone/hadoop-ozone/integration-test/target/test-dir/MiniOzoneClusterImpl-527fe069-2b78-49eb-8835-8cb6d6ba75bf/ozone-meta/scm-ha] (custom)
2022-02-15 23:29:40,654 [main] INFO  server.RaftServer (RaftServerProxy.java:addNew(95)) - 41f0e2a1-74af-4a99-b882-aaa35b27024d: addNew group-8CB6D6BA75BF:[41f0e2a1-74af-4a99-b882-aaa35b27024d|rpc:fv-az297-531:9894|priority:0] returns group-8CB6D6BA75BF:java.util.concurrent.CompletableFuture@6c8909c3[Not completed]
2022-02-15 23:29:40,672 [pool-1-thread-1] INFO  server.RaftServer$Division (RaftServerImpl.java:<init>(184)) - 41f0e2a1-74af-4a99-b882-aaa35b27024d: new RaftServerImpl for group-8CB6D6BA75BF:[41f0e2a1-74af-4a99-b882-aaa35b27024d|rpc:fv-az297-531:9894|priority:0] with SCMStateMachine:uninitialized
2022-02-15 23:29:40,674 [pool-1-thread-1] INFO  server.RaftServerConfigKeys (ConfUtils.java:logGet(44)) - raft.server.rpc.timeout.min = 5000ms (custom)
2022-02-15 23:29:40,674 [pool-1-thread-1] INFO  server.RaftServerConfigKeys (ConfUtils.java:logGet(44)) - raft.server.rpc.timeout.max = 5200ms (custom)
2022-02-15 23:29:40,674 [pool-1-thread-1] INFO  server.RaftServerConfigKeys (ConfUtils.java:logGet(44)) - raft.server.rpc.sleep.time = 25ms (default)
2022-02-15 23:29:40,674 [pool-1-thread-1] INFO  server.RaftServerConfigKeys (ConfUtils.java:logGet(44)) - raft.server.rpc.slowness.timeout = 120000ms (custom)
2022-02-15 23:29:40,675 [pool-1-thread-1] INFO  server.RaftServerConfigKeys (ConfUtils.java:logGet(44)) - raft.server.leaderelection.leader.step-down.wait-time = 10s (default)
2022-02-15 23:29:40,675 [pool-1-thread-1] INFO  server.RaftServerConfigKeys (ConfUtils.java:logGet(44)) - raft.server.sleep.deviation.threshold = 300ms (default)
2022-02-15 23:29:40,675 [pool-1-thread-1] INFO  server.RaftServerConfigKeys (ConfUtils.java:logGet(44)) - raft.server.log.appender.install.snapshot.enabled = false (custom)
2022-02-15 23:29:40,680 [pool-1-thread-1] INFO  server.RaftServer$Division (ServerState.java:<init>(105)) - 41f0e2a1-74af-4a99-b882-aaa35b27024d@group-8CB6D6BA75BF: ConfigurationManager, init=-1: [41f0e2a1-74af-4a99-b882-aaa35b27024d|rpc:fv-az297-531:9894|priority:0], old=null, confs=<EMPTY_MAP>
2022-02-15 23:29:40,680 [pool-1-thread-1] INFO  server.RaftServerConfigKeys (ConfUtils.java:logGet(44)) - raft.server.storage.dir = [/home/runner/work/ozone/ozone/hadoop-ozone/integration-test/target/test-dir/MiniOzoneClusterImpl-527fe069-2b78-49eb-8835-8cb6d6ba75bf/ozone-meta/scm-ha] (custom)
2022-02-15 23:29:40,684 [pool-1-thread-1] INFO  server.RaftServerConfigKeys (ConfUtils.java:logGet(44)) - raft.server.log.corruption.policy = EXCEPTION (default)
2022-02-15 23:29:40,685 [pool-1-thread-1] INFO  server.RaftServerConfigKeys (ConfUtils.java:logGet(44)) - raft.server.storage.free-space.min = 0MB (=0) (default)
2022-02-15 23:29:40,686 [pool-1-thread-1] INFO  storage.RaftStorageDirectory (RaftStorageDirectoryImpl.java:analyzeStorage(135)) - The storage directory /home/runner/work/ozone/ozone/hadoop-ozone/integration-test/target/test-dir/MiniOzoneClusterImpl-527fe069-2b78-49eb-8835-8cb6d6ba75bf/ozone-meta/scm-ha/527fe069-2b78-49eb-8835-8cb6d6ba75bf does not exist. Creating ...
2022-02-15 23:29:40,691 [pool-1-thread-1] INFO  storage.RaftStorageDirectory (RaftStorageDirectoryImpl.java:tryLock(230)) - Lock on /home/runner/work/ozone/ozone/hadoop-ozone/integration-test/target/test-dir/MiniOzoneClusterImpl-527fe069-2b78-49eb-8835-8cb6d6ba75bf/ozone-meta/scm-ha/527fe069-2b78-49eb-8835-8cb6d6ba75bf/in_use.lock acquired by nodename 1385@fv-az297-531
2022-02-15 23:29:40,697 [pool-1-thread-1] INFO  storage.RaftStorage (RaftStorageImpl.java:format(89)) - Storage directory /home/runner/work/ozone/ozone/hadoop-ozone/integration-test/target/test-dir/MiniOzoneClusterImpl-527fe069-2b78-49eb-8835-8cb6d6ba75bf/ozone-meta/scm-ha/527fe069-2b78-49eb-8835-8cb6d6ba75bf has been successfully formatted.
2022-02-15 23:29:40,700 [pool-1-thread-1] INFO  server.RaftServerConfigKeys (ConfUtils.java:logGet(44)) - raft.server.notification.no-leader.timeout = 60s (default)
2022-02-15 23:29:40,701 [pool-1-thread-1] INFO  server.RaftServerConfigKeys (ConfUtils.java:logGet(44)) - raft.server.log.use.memory = false (default)
2022-02-15 23:29:40,708 [pool-1-thread-1] INFO  server.RaftServerConfigKeys (ConfUtils.java:logGet(44)) - raft.server.log.purge.gap = 1000000 (custom)
2022-02-15 23:29:40,709 [pool-1-thread-1] INFO  server.RaftServerConfigKeys (ConfUtils.java:logGet(44)) - raft.server.log.appender.buffer.byte-limit = 33554432 (custom)
2022-02-15 23:29:40,716 [pool-1-thread-1] INFO  metrics.MetricRegistries (MetricRegistriesLoader.java:load(64)) - Loaded MetricRegistries class org.apache.ratis.metrics.impl.MetricRegistriesImpl
2022-02-15 23:29:40,759 [pool-1-thread-1] INFO  server.RaftServerConfigKeys (ConfUtils.java:logGet(44)) - raft.server.log.segment.size.max = 4194304 (custom)
2022-02-15 23:29:40,766 [pool-1-thread-1] INFO  server.RaftServerConfigKeys (ConfUtils.java:logGet(44)) - raft.server.log.segment.cache.num.max = 2 (custom)
2022-02-15 23:29:40,766 [pool-1-thread-1] INFO  server.RaftServerConfigKeys (ConfUtils.java:logGet(44)) - raft.server.log.segment.cache.size.max = 200MB (=209715200) (default)
2022-02-15 23:29:40,772 [pool-1-thread-1] INFO  segmented.SegmentedRaftLogWorker (SegmentedRaftLogWorker.java:<init>(182)) - new 41f0e2a1-74af-4a99-b882-aaa35b27024d@group-8CB6D6BA75BF-SegmentedRaftLogWorker for RaftStorageImpl:Storage Directory /home/runner/work/ozone/ozone/hadoop-ozone/integration-test/target/test-dir/MiniOzoneClusterImpl-527fe069-2b78-49eb-8835-8cb6d6ba75bf/ozone-meta/scm-ha/527fe069-2b78-49eb-8835-8cb6d6ba75bf
2022-02-15 23:29:40,772 [pool-1-thread-1] INFO  server.RaftServerConfigKeys (ConfUtils.java:logGet(44)) - raft.server.log.queue.byte-limit = 64MB (=67108864) (default)
2022-02-15 23:29:40,773 [pool-1-thread-1] INFO  server.RaftServerConfigKeys (ConfUtils.java:logGet(44)) - raft.server.log.queue.element-limit = 4096 (default)
2022-02-15 23:29:40,773 [pool-1-thread-1] INFO  server.RaftServerConfigKeys (ConfUtils.java:logGet(44)) - raft.server.log.segment.size.max = 4194304 (custom)
2022-02-15 23:29:40,774 [pool-1-thread-1] INFO  server.RaftServerConfigKeys (ConfUtils.java:logGet(44)) - raft.server.log.preallocated.size = 4194304 (custom)
2022-02-15 23:29:40,774 [pool-1-thread-1] INFO  server.RaftServerConfigKeys (ConfUtils.java:logGet(44)) - raft.server.log.force.sync.num = 128 (default)
2022-02-15 23:29:40,775 [pool-1-thread-1] INFO  server.RaftServerConfigKeys (ConfUtils.java:logGet(44)) - raft.server.log.statemachine.data.sync = true (default)
2022-02-15 23:29:40,776 [pool-1-thread-1] INFO  server.RaftServerConfigKeys (ConfUtils.java:logGet(44)) - raft.server.log.statemachine.data.sync.timeout = 10s (default)
2022-02-15 23:29:40,776 [pool-1-thread-1] INFO  server.RaftServerConfigKeys (ConfUtils.java:logGet(44)) - raft.server.log.statemachine.data.sync.timeout.retry = -1 (default)
2022-02-15 23:29:40,783 [pool-1-thread-1] INFO  server.RaftServerConfigKeys (ConfUtils.java:logGet(44)) - raft.server.log.write.buffer.size = 64KB (=65536) (default)
2022-02-15 23:29:40,783 [pool-1-thread-1] INFO  server.RaftServerConfigKeys (ConfUtils.java:logGet(44)) - raft.server.log.statemachine.data.caching.enabled = false (default)
2022-02-15 23:29:40,789 [pool-1-thread-1] INFO  segmented.SegmentedRaftLogWorker (SegmentedRaftLogWorker.java:lambda$new$0(133)) - 41f0e2a1-74af-4a99-b882-aaa35b27024d@group-8CB6D6BA75BF-SegmentedRaftLogWorker: flushIndex: setUnconditionally 0 -> -1
2022-02-15 23:29:40,789 [pool-1-thread-1] INFO  segmented.SegmentedRaftLogWorker (SegmentedRaftLogWorker.java:lambda$new$0(133)) - 41f0e2a1-74af-4a99-b882-aaa35b27024d@group-8CB6D6BA75BF-SegmentedRaftLogWorker: safeCacheEvictIndex: setUnconditionally 0 -> -1
2022-02-15 23:29:40,792 [pool-1-thread-1] INFO  server.RaftServerConfigKeys (ConfUtils.java:logGet(44)) - raft.server.snapshot.auto.trigger.enabled = true (custom)
2022-02-15 23:29:40,793 [pool-1-thread-1] INFO  server.RaftServerConfigKeys (ConfUtils.java:logGet(44)) - raft.server.snapshot.auto.trigger.threshold = 1000 (custom)
2022-02-15 23:29:40,793 [pool-1-thread-1] INFO  server.RaftServerConfigKeys (ConfUtils.java:logGet(44)) - raft.server.snapshot.retention.file.num = -1 (default)
2022-02-15 23:29:40,794 [pool-1-thread-1] INFO  server.RaftServerConfigKeys (ConfUtils.java:logGet(44)) - raft.server.log.purge.upto.snapshot.index = false (default)
2022-02-15 23:29:40,795 [pool-1-thread-1] INFO  server.RaftServerConfigKeys (ConfUtils.java:logGet(44)) - raft.server.retrycache.expirytime = 60000ms (default)
2022-02-15 23:29:40,796 [pool-1-thread-1] INFO  server.RaftServerConfigKeys (ConfUtils.java:logGet(44)) - raft.server.retrycache.statistics.expirytime = 100μs (default)
2022-02-15 23:29:40,829 [main] INFO  server.RaftServer$Division (RaftServerImpl.java:start(301)) - 41f0e2a1-74af-4a99-b882-aaa35b27024d@group-8CB6D6BA75BF: start as a follower, conf=-1: [41f0e2a1-74af-4a99-b882-aaa35b27024d|rpc:fv-az297-531:9894|priority:0], old=null
2022-02-15 23:29:40,831 [main] INFO  server.RaftServer$Division (RaftServerImpl.java:setRole(290)) - 41f0e2a1-74af-4a99-b882-aaa35b27024d@group-8CB6D6BA75BF: changes role from      null to FOLLOWER at term 0 for startAsFollower
2022-02-15 23:29:40,832 [main] INFO  impl.RoleInfo (RoleInfo.java:updateAndGet(130)) - 41f0e2a1-74af-4a99-b882-aaa35b27024d: start 41f0e2a1-74af-4a99-b882-aaa35b27024d@group-8CB6D6BA75BF-FollowerState
2022-02-15 23:29:40,836 [main] INFO  util.JmxRegister (JmxRegister.java:tryRegister(44)) - Successfully registered JMX Bean with object name Ratis:service=RaftServer,group=group-8CB6D6BA75BF,id=41f0e2a1-74af-4a99-b882-aaa35b27024d
2022-02-15 23:29:40,840 [main] INFO  server.RaftServer (RaftServerProxy.java:lambda$start$5(374)) - 41f0e2a1-74af-4a99-b882-aaa35b27024d: start RPC server
2022-02-15 23:29:40,900 [main] INFO  server.GrpcService (GrpcService.java:startImpl(253)) - 41f0e2a1-74af-4a99-b882-aaa35b27024d: GrpcService started, listening on 9894
2022-02-15 23:29:40,902 [org.apache.ratis.util.JvmPauseMonitor$$Lambda$422/911895107@288cdaab] INFO  util.JvmPauseMonitor (JvmPauseMonitor.java:run(103)) - JvmPauseMonitor-41f0e2a1-74af-4a99-b882-aaa35b27024d: Started
2022-02-15 23:29:45,876 [41f0e2a1-74af-4a99-b882-aaa35b27024d@group-8CB6D6BA75BF-FollowerState] INFO  impl.FollowerState (FollowerState.java:run(134)) - 41f0e2a1-74af-4a99-b882-aaa35b27024d@group-8CB6D6BA75BF-FollowerState: change to CANDIDATE, lastRpcElapsedTime:5044022464ns, electionTimeout:5035ms
2022-02-15 23:29:45,877 [41f0e2a1-74af-4a99-b882-aaa35b27024d@group-8CB6D6BA75BF-FollowerState] INFO  impl.RoleInfo (RoleInfo.java:shutdownFollowerState(108)) - 41f0e2a1-74af-4a99-b882-aaa35b27024d: shutdown 41f0e2a1-74af-4a99-b882-aaa35b27024d@group-8CB6D6BA75BF-FollowerState
2022-02-15 23:29:45,877 [41f0e2a1-74af-4a99-b882-aaa35b27024d@group-8CB6D6BA75BF-FollowerState] INFO  server.RaftServer$Division (RaftServerImpl.java:setRole(290)) - 41f0e2a1-74af-4a99-b882-aaa35b27024d@group-8CB6D6BA75BF: changes role from  FOLLOWER to CANDIDATE at term 0 for changeToCandidate
2022-02-15 23:29:45,880 [41f0e2a1-74af-4a99-b882-aaa35b27024d@group-8CB6D6BA75BF-FollowerState] INFO  server.RaftServerConfigKeys (ConfUtils.java:logGet(44)) - raft.server.leaderelection.pre-vote = false (custom)
2022-02-15 23:29:45,880 [41f0e2a1-74af-4a99-b882-aaa35b27024d@group-8CB6D6BA75BF-FollowerState] INFO  impl.RoleInfo (RoleInfo.java:updateAndGet(130)) - 41f0e2a1-74af-4a99-b882-aaa35b27024d: start 41f0e2a1-74af-4a99-b882-aaa35b27024d@group-8CB6D6BA75BF-LeaderElection1
2022-02-15 23:29:45,883 [41f0e2a1-74af-4a99-b882-aaa35b27024d@group-8CB6D6BA75BF-LeaderElection1] INFO  impl.LeaderElection (LeaderElection.java:askForVotes(306)) - 41f0e2a1-74af-4a99-b882-aaa35b27024d@group-8CB6D6BA75BF-LeaderElection1 ELECTION round 0: submit vote requests at term 1 for -1: [41f0e2a1-74af-4a99-b882-aaa35b27024d|rpc:fv-az297-531:9894|priority:0], old=null
2022-02-15 23:29:45,884 [41f0e2a1-74af-4a99-b882-aaa35b27024d@group-8CB6D6BA75BF-LeaderElection1] INFO  impl.LeaderElection (LeaderElection.java:askForVotes(308)) - 41f0e2a1-74af-4a99-b882-aaa35b27024d@group-8CB6D6BA75BF-LeaderElection1 ELECTION round 0: result PASSED (term=1)
2022-02-15 23:29:45,885 [41f0e2a1-74af-4a99-b882-aaa35b27024d@group-8CB6D6BA75BF-LeaderElection1] INFO  impl.RoleInfo (RoleInfo.java:shutdownLeaderElection(121)) - 41f0e2a1-74af-4a99-b882-aaa35b27024d: shutdown 41f0e2a1-74af-4a99-b882-aaa35b27024d@group-8CB6D6BA75BF-LeaderElection1
2022-02-15 23:29:45,886 [41f0e2a1-74af-4a99-b882-aaa35b27024d@group-8CB6D6BA75BF-LeaderElection1] INFO  server.RaftServer$Division (RaftServerImpl.java:setRole(290)) - 41f0e2a1-74af-4a99-b882-aaa35b27024d@group-8CB6D6BA75BF: changes role from CANDIDATE to LEADER at term 1 for changeToLeader
2022-02-15 23:29:45,886 [41f0e2a1-74af-4a99-b882-aaa35b27024d@group-8CB6D6BA75BF-LeaderElection1] INFO  server.RaftServer$Division (ServerState.java:setLeader(285)) - 41f0e2a1-74af-4a99-b882-aaa35b27024d@group-8CB6D6BA75BF: change Leader from null to 41f0e2a1-74af-4a99-b882-aaa35b27024d at term 1 for becomeLeader, leader elected after 5187ms
2022-02-15 23:29:45,892 [41f0e2a1-74af-4a99-b882-aaa35b27024d@group-8CB6D6BA75BF-LeaderElection1] INFO  server.RaftServerConfigKeys (ConfUtils.java:logGet(44)) - raft.server.staging.catchup.gap = 1000 (default)
2022-02-15 23:29:45,897 [41f0e2a1-74af-4a99-b882-aaa35b27024d@group-8CB6D6BA75BF-LeaderElection1] INFO  server.RaftServerConfigKeys (ConfUtils.java:logGet(44)) - raft.server.write.element-limit = 4096 (default)
2022-02-15 23:29:45,897 [41f0e2a1-74af-4a99-b882-aaa35b27024d@group-8CB6D6BA75BF-LeaderElection1] INFO  server.RaftServerConfigKeys (ConfUtils.java:logGet(44)) - raft.server.write.byte-limit = 64MB (=67108864) (default)
2022-02-15 23:29:45,904 [41f0e2a1-74af-4a99-b882-aaa35b27024d@group-8CB6D6BA75BF-LeaderElection1] INFO  server.RaftServerConfigKeys (ConfUtils.java:logGet(44)) - raft.server.watch.timeout = 10s (default)
2022-02-15 23:29:45,904 [41f0e2a1-74af-4a99-b882-aaa35b27024d@group-8CB6D6BA75BF-LeaderElection1] INFO  server.RaftServerConfigKeys (ConfUtils.java:logGet(44)) - raft.server.watch.timeout.denomination = 1s (default)
2022-02-15 23:29:45,905 [41f0e2a1-74af-4a99-b882-aaa35b27024d@group-8CB6D6BA75BF-LeaderElection1] INFO  server.RaftServerConfigKeys (ConfUtils.java:logGet(44)) - raft.server.watch.element-limit = 65536 (default)
2022-02-15 23:29:45,909 [41f0e2a1-74af-4a99-b882-aaa35b27024d@group-8CB6D6BA75BF-LeaderElection1] INFO  server.RaftServerConfigKeys (ConfUtils.java:logGet(44)) - raft.server.write.element-limit = 4096 (default)
2022-02-15 23:29:45,911 [41f0e2a1-74af-4a99-b882-aaa35b27024d@group-8CB6D6BA75BF-LeaderElection1] INFO  server.RaftServerConfigKeys (ConfUtils.java:logGet(44)) - raft.server.write.follower.gap.ratio.max = -1.0 (default)
2022-02-15 23:29:45,918 [41f0e2a1-74af-4a99-b882-aaa35b27024d@group-8CB6D6BA75BF-LeaderElection1] INFO  impl.RoleInfo (RoleInfo.java:updateAndGet(130)) - 41f0e2a1-74af-4a99-b882-aaa35b27024d: start 41f0e2a1-74af-4a99-b882-aaa35b27024d@group-8CB6D6BA75BF-LeaderStateImpl
2022-02-15 23:29:45,945 [41f0e2a1-74af-4a99-b882-aaa35b27024d@group-8CB6D6BA75BF-LeaderElection1] INFO  segmented.SegmentedRaftLogWorker (SegmentedRaftLogWorker.java:startLogSegment(394)) - 41f0e2a1-74af-4a99-b882-aaa35b27024d@group-8CB6D6BA75BF-SegmentedRaftLogWorker: Starting segment from index:0
2022-02-15 23:29:45,981 [41f0e2a1-74af-4a99-b882-aaa35b27024d@group-8CB6D6BA75BF-LeaderElection1] INFO  server.RaftServer$Division (ServerState.java:setRaftConf(387)) - 41f0e2a1-74af-4a99-b882-aaa35b27024d@group-8CB6D6BA75BF: set configuration 0: [41f0e2a1-74af-4a99-b882-aaa35b27024d|rpc:fv-az297-531:9894|admin:|client:|dataStream:|priority:0], old=null
2022-02-15 23:29:46,017 [41f0e2a1-74af-4a99-b882-aaa35b27024d@group-8CB6D6BA75BF-SegmentedRaftLogWorker] INFO  segmented.SegmentedRaftLogWorker (SegmentedRaftLogWorker.java:execute(601)) - 41f0e2a1-74af-4a99-b882-aaa35b27024d@group-8CB6D6BA75BF-SegmentedRaftLogWorker: created new log segment /home/runner/work/ozone/ozone/hadoop-ozone/integration-test/target/test-dir/MiniOzoneClusterImpl-527fe069-2b78-49eb-8835-8cb6d6ba75bf/ozone-meta/scm-ha/527fe069-2b78-49eb-8835-8cb6d6ba75bf/current/log_inprogress_0
2022-02-15 23:29:46,904 [main] INFO  server.RaftServer (RaftServerProxy.java:lambda$close$6(391)) - 41f0e2a1-74af-4a99-b882-aaa35b27024d: close
2022-02-15 23:29:46,905 [main] INFO  server.RaftServer$Division (RaftServerImpl.java:lambda$close$4(412)) - 41f0e2a1-74af-4a99-b882-aaa35b27024d@group-8CB6D6BA75BF: shutdown
2022-02-15 23:29:46,905 [main] INFO  util.JmxRegister (JmxRegister.java:unregister(73)) - Successfully un-registered JMX Bean with object name Ratis:service=RaftServer,group=group-8CB6D6BA75BF,id=41f0e2a1-74af-4a99-b882-aaa35b27024d
2022-02-15 23:29:46,906 [main] INFO  impl.RoleInfo (RoleInfo.java:shutdownLeaderState(91)) - 41f0e2a1-74af-4a99-b882-aaa35b27024d: shutdown 41f0e2a1-74af-4a99-b882-aaa35b27024d@group-8CB6D6BA75BF-LeaderStateImpl
2022-02-15 23:29:46,912 [main] INFO  impl.PendingRequests (PendingRequests.java:sendNotLeaderResponses(282)) - 41f0e2a1-74af-4a99-b882-aaa35b27024d@group-8CB6D6BA75BF-PendingRequests: sendNotLeaderResponses
2022-02-15 23:29:46,913 [main] INFO  impl.StateMachineUpdater (StateMachineUpdater.java:stopAndJoin(149)) - 41f0e2a1-74af-4a99-b882-aaa35b27024d@group-8CB6D6BA75BF-StateMachineUpdater: set stopIndex = 0
2022-02-15 23:29:46,914 [41f0e2a1-74af-4a99-b882-aaa35b27024d@group-8CB6D6BA75BF-StateMachineUpdater] INFO  impl.StateMachineUpdater (StateMachineUpdater.java:takeSnapshot(281)) - 41f0e2a1-74af-4a99-b882-aaa35b27024d@group-8CB6D6BA75BF-StateMachineUpdater: Took a snapshot at index 0
2022-02-15 23:29:46,914 [41f0e2a1-74af-4a99-b882-aaa35b27024d@group-8CB6D6BA75BF-StateMachineUpdater] INFO  impl.StateMachineUpdater (StateMachineUpdater.java:lambda$new$0(89)) - 41f0e2a1-74af-4a99-b882-aaa35b27024d@group-8CB6D6BA75BF-StateMachineUpdater: snapshotIndex: updateIncreasingly -1 -> 0
2022-02-15 23:29:46,920 [main] INFO  server.RaftServer$Division (ServerState.java:close(419)) - 41f0e2a1-74af-4a99-b882-aaa35b27024d@group-8CB6D6BA75BF: closes. applyIndex: 0
2022-02-15 23:29:46,921 [41f0e2a1-74af-4a99-b882-aaa35b27024d@group-8CB6D6BA75BF-SegmentedRaftLogWorker] INFO  segmented.SegmentedRaftLogWorker (SegmentedRaftLogWorker.java:run(327)) - 41f0e2a1-74af-4a99-b882-aaa35b27024d@group-8CB6D6BA75BF-SegmentedRaftLogWorker was interrupted, exiting. There are 0 tasks remaining in the queue.
2022-02-15 23:29:46,922 [main] INFO  segmented.SegmentedRaftLogWorker (SegmentedRaftLogWorker.java:close(237)) - 41f0e2a1-74af-4a99-b882-aaa35b27024d@group-8CB6D6BA75BF-SegmentedRaftLogWorker close()
2022-02-15 23:29:46,923 [main] INFO  server.GrpcService (GrpcService.java:closeImpl(262)) - 41f0e2a1-74af-4a99-b882-aaa35b27024d: shutdown server with port 9894 now
2022-02-15 23:29:46,949 [main] INFO  server.GrpcService (GrpcService.java:closeImpl(271)) - 41f0e2a1-74af-4a99-b882-aaa35b27024d: shutdown server with port 9894 successfully
2022-02-15 23:29:46,951 [org.apache.ratis.util.JvmPauseMonitor$$Lambda$422/911895107@288cdaab] INFO  util.JvmPauseMonitor (JvmPauseMonitor.java:run(109)) - JvmPauseMonitor-41f0e2a1-74af-4a99-b882-aaa35b27024d: Stopped
2022-02-15 23:29:46,984 [main] INFO  ha.SCMHANodeDetails (SCMHANodeDetails.java:loadSCMHAConfig(157)) - ServiceID for StorageContainerManager is null
2022-02-15 23:29:46,985 [main] INFO  ha.SCMHANodeDetails (SCMHANodeDetails.java:loadSCMHAConfig(162)) - ozone.scm.default.service.id is not defined, falling back to ozone.scm.service.ids to find serviceID for StorageContainerManager if it is HA enabled cluster
2022-02-15 23:29:47,004 [main] WARN  server.ServerUtils (ServerUtils.java:getScmDbDir(148)) - ozone.scm.db.dirs is not configured. We recommend adding this setting. Falling back to ozone.metadata.dirs instead.
2022-02-15 23:29:47,007 [main] INFO  upgrade.AbstractLayoutVersionManager (AbstractLayoutVersionManager.java:init(79)) - Initializing Layout version manager with metadata layout = SCM_HA (version = 2), software layout = SCM_HA (version = 2)
2022-02-15 23:29:47,151 [main] INFO  reflections.Reflections (Reflections.java:scan(232)) - Reflections took 120 ms to scan 7 urls, producing 119 keys and 279 values 
2022-02-15 23:29:47,572 [main] WARN  utils.HAUtils (HAUtils.java:getMetaDir(342)) - ozone.scm.db.dirs is not configured. We recommend adding this setting. Falling back to ozone.metadata.dirs instead.
2022-02-15 23:29:47,692 [main] WARN  db.DBStoreBuilder (DBStoreBuilder.java:applyDBDefinition(145)) - ozone.scm.db.dirs is not configured. We recommend adding this setting. Falling back to ozone.metadata.dirs instead.
2022-02-15 23:29:47,841 [main] INFO  net.NodeSchemaLoader (NodeSchemaLoader.java:loadSchemaFromFile(129)) - Loading schema from [jar:file:/home/runner/.m2/repository/org/apache/ozone/hdds-common/1.3.0-SNAPSHOT/hdds-common-1.3.0-SNAPSHOT.jar!/network-topology-default.xml]
2022-02-15 23:29:47,843 [main] INFO  net.NodeSchemaLoader (NodeSchemaLoader.java:loadSchema(176)) - Loading network topology layer schema file
2022-02-15 23:29:47,893 [main] INFO  ha.SCMRatisServerImpl (SCMRatisServerImpl.java:<init>(87)) - starting Raft server for scm:41f0e2a1-74af-4a99-b882-aaa35b27024d
2022-02-15 23:29:47,900 [main] INFO  server.RaftServer (ConfUtils.java:logGet(44)) - raft.rpc.type = GRPC (default)
2022-02-15 23:29:47,900 [main] INFO  grpc.GrpcFactory (GrpcFactory.java:checkPooledByteBufAllocatorUseCacheForAllThreads(48)) - PERFORMANCE WARNING: useCacheForAllThreads is true that may cause Netty to create a lot garbage objects and, as a result, trigger GC.
	It is recommended to disable useCacheForAllThreads by setting -Dorg.apache.ratis.thirdparty.io.netty.allocator.useCacheForAllThreads=false in command line.
2022-02-15 23:29:47,900 [main] INFO  grpc.GrpcConfigKeys (ConfUtils.java:logGet(44)) - raft.grpc.admin.port = -1 (default)
2022-02-15 23:29:47,900 [main] INFO  grpc.GrpcConfigKeys (ConfUtils.java:logGet(44)) - raft.grpc.server.port = 9894 (custom)
2022-02-15 23:29:47,900 [main] INFO  grpc.GrpcConfigKeys (ConfUtils.java:logGet(44)) - raft.grpc.client.port = -1 (default)
2022-02-15 23:29:47,901 [main] INFO  grpc.GrpcConfigKeys (ConfUtils.java:logGet(44)) - raft.grpc.server.port = 9894 (custom)
2022-02-15 23:29:47,901 [main] INFO  grpc.GrpcConfigKeys (ConfUtils.java:logGet(44)) - raft.grpc.server.port = 9894 (custom)
2022-02-15 23:29:47,901 [main] INFO  server.GrpcService (ConfUtils.java:logGet(44)) - raft.grpc.message.size.max = 32m (=33554432) (custom)
2022-02-15 23:29:47,901 [main] INFO  server.RaftServerConfigKeys (ConfUtils.java:logGet(44)) - raft.server.log.appender.buffer.byte-limit = 33554432 (custom)
2022-02-15 23:29:47,902 [main] INFO  server.GrpcService (ConfUtils.java:logGet(44)) - raft.grpc.flow.control.window = 1MB (=1048576) (default)
2022-02-15 23:29:47,902 [main] INFO  server.RaftServerConfigKeys (ConfUtils.java:logGet(44)) - raft.server.rpc.request.timeout = 30000ms (custom)
2022-02-15 23:29:47,904 [main] INFO  impl.DataStreamServerImpl (ConfUtils.java:logGet(44)) - raft.datastream.type = DISABLED (default)
2022-02-15 23:29:47,904 [main] INFO  server.RaftServerConfigKeys (ConfUtils.java:logGet(44)) - raft.server.rpc.slowness.timeout = 120000ms (custom)
2022-02-15 23:29:47,904 [main] INFO  server.RaftServerConfigKeys (ConfUtils.java:logGet(44)) - raft.server.leaderelection.leader.step-down.wait-time = 10s (default)
2022-02-15 23:29:47,905 [main] INFO  server.RaftServerConfigKeys (ConfUtils.java:logGet(44)) - raft.server.storage.dir = [/home/runner/work/ozone/ozone/hadoop-ozone/integration-test/target/test-dir/MiniOzoneClusterImpl-527fe069-2b78-49eb-8835-8cb6d6ba75bf/ozone-meta/scm-ha] (custom)
2022-02-15 23:29:47,906 [main] INFO  server.RaftServer (RaftServerProxy.java:lambda$null$1(235)) - 41f0e2a1-74af-4a99-b882-aaa35b27024d: found a subdirectory /home/runner/work/ozone/ozone/hadoop-ozone/integration-test/target/test-dir/MiniOzoneClusterImpl-527fe069-2b78-49eb-8835-8cb6d6ba75bf/ozone-meta/scm-ha/527fe069-2b78-49eb-8835-8cb6d6ba75bf
2022-02-15 23:29:47,907 [main] INFO  server.RaftServer (RaftServerProxy.java:addNew(95)) - 41f0e2a1-74af-4a99-b882-aaa35b27024d: addNew group-8CB6D6BA75BF:[] returns group-8CB6D6BA75BF:java.util.concurrent.CompletableFuture@b06d46d[Not completed]
2022-02-15 23:29:47,910 [pool-16-thread-1] INFO  server.RaftServer$Division (RaftServerImpl.java:<init>(184)) - 41f0e2a1-74af-4a99-b882-aaa35b27024d: new RaftServerImpl for group-8CB6D6BA75BF:[] with SCMStateMachine:uninitialized
2022-02-15 23:29:47,910 [pool-16-thread-1] INFO  server.RaftServerConfigKeys (ConfUtils.java:logGet(44)) - raft.server.rpc.timeout.min = 5000ms (custom)
2022-02-15 23:29:47,910 [pool-16-thread-1] INFO  server.RaftServerConfigKeys (ConfUtils.java:logGet(44)) - raft.server.rpc.timeout.max = 5200ms (custom)
2022-02-15 23:29:47,910 [pool-16-thread-1] INFO  server.RaftServerConfigKeys (ConfUtils.java:logGet(44)) - raft.server.rpc.sleep.time = 25ms (default)
2022-02-15 23:29:47,910 [pool-16-thread-1] INFO  server.RaftServerConfigKeys (ConfUtils.java:logGet(44)) - raft.server.rpc.slowness.timeout = 120000ms (custom)
2022-02-15 23:29:47,910 [pool-16-thread-1] INFO  server.RaftServerConfigKeys (ConfUtils.java:logGet(44)) - raft.server.leaderelection.leader.step-down.wait-time = 10s (default)
2022-02-15 23:29:47,910 [pool-16-thread-1] INFO  server.RaftServerConfigKeys (ConfUtils.java:logGet(44)) - raft.server.sleep.deviation.threshold = 300ms (default)
2022-02-15 23:29:47,910 [pool-16-thread-1] INFO  server.RaftServerConfigKeys (ConfUtils.java:logGet(44)) - raft.server.log.appender.install.snapshot.enabled = false (custom)
2022-02-15 23:29:47,911 [pool-16-thread-1] INFO  server.RaftServer$Division (ServerState.java:<init>(105)) - 41f0e2a1-74af-4a99-b882-aaa35b27024d@group-8CB6D6BA75BF: ConfigurationManager, init=-1: [], old=null, confs=<EMPTY_MAP>
2022-02-15 23:29:47,911 [pool-16-thread-1] INFO  server.RaftServerConfigKeys (ConfUtils.java:logGet(44)) - raft.server.storage.dir = [/home/runner/work/ozone/ozone/hadoop-ozone/integration-test/target/test-dir/MiniOzoneClusterImpl-527fe069-2b78-49eb-8835-8cb6d6ba75bf/ozone-meta/scm-ha] (custom)
2022-02-15 23:29:47,912 [pool-16-thread-1] INFO  server.RaftServerConfigKeys (ConfUtils.java:logGet(44)) - raft.server.log.corruption.policy = EXCEPTION (default)
2022-02-15 23:29:47,913 [pool-16-thread-1] INFO  server.RaftServerConfigKeys (ConfUtils.java:logGet(44)) - raft.server.storage.free-space.min = 0MB (=0) (default)
2022-02-15 23:29:47,914 [pool-16-thread-1] INFO  storage.RaftStorageDirectory (RaftStorageDirectoryImpl.java:tryLock(230)) - Lock on /home/runner/work/ozone/ozone/hadoop-ozone/integration-test/target/test-dir/MiniOzoneClusterImpl-527fe069-2b78-49eb-8835-8cb6d6ba75bf/ozone-meta/scm-ha/527fe069-2b78-49eb-8835-8cb6d6ba75bf/in_use.lock acquired by nodename 1385@fv-az297-531
2022-02-15 23:29:47,916 [pool-16-thread-1] INFO  storage.RaftStorage (RaftStorageImpl.java:analyzeAndRecoverStorage(110)) - Read RaftStorageMetadata{term=1, votedFor=41f0e2a1-74af-4a99-b882-aaa35b27024d} from /home/runner/work/ozone/ozone/hadoop-ozone/integration-test/target/test-dir/MiniOzoneClusterImpl-527fe069-2b78-49eb-8835-8cb6d6ba75bf/ozone-meta/scm-ha/527fe069-2b78-49eb-8835-8cb6d6ba75bf/current/raft-meta
2022-02-15 23:29:47,926 [pool-16-thread-1] INFO  server.RaftServer$Division (ServerState.java:setRaftConf(387)) - 41f0e2a1-74af-4a99-b882-aaa35b27024d@group-8CB6D6BA75BF: set configuration 0: [41f0e2a1-74af-4a99-b882-aaa35b27024d|rpc:fv-az297-531:9894|admin:|client:|dataStream:|priority:0], old=null
2022-02-15 23:29:47,927 [pool-16-thread-1] INFO  server.RaftServerConfigKeys (ConfUtils.java:logGet(44)) - raft.server.notification.no-leader.timeout = 60s (default)
2022-02-15 23:29:47,928 [pool-16-thread-1] INFO  server.RaftServerConfigKeys (ConfUtils.java:logGet(44)) - raft.server.log.use.memory = false (default)
2022-02-15 23:29:47,928 [pool-16-thread-1] INFO  server.RaftServerConfigKeys (ConfUtils.java:logGet(44)) - raft.server.log.purge.gap = 1000000 (custom)
2022-02-15 23:29:47,928 [pool-16-thread-1] INFO  server.RaftServerConfigKeys (ConfUtils.java:logGet(44)) - raft.server.log.appender.buffer.byte-limit = 33554432 (custom)
2022-02-15 23:29:47,930 [pool-16-thread-1] INFO  server.RaftServerConfigKeys (ConfUtils.java:logGet(44)) - raft.server.log.segment.size.max = 4194304 (custom)
2022-02-15 23:29:47,931 [pool-16-thread-1] INFO  server.RaftServerConfigKeys (ConfUtils.java:logGet(44)) - raft.server.log.segment.cache.num.max = 2 (custom)
2022-02-15 23:29:47,931 [pool-16-thread-1] INFO  server.RaftServerConfigKeys (ConfUtils.java:logGet(44)) - raft.server.log.segment.cache.size.max = 200MB (=209715200) (default)
2022-02-15 23:29:47,931 [pool-16-thread-1] INFO  segmented.SegmentedRaftLogWorker (SegmentedRaftLogWorker.java:<init>(182)) - new 41f0e2a1-74af-4a99-b882-aaa35b27024d@group-8CB6D6BA75BF-SegmentedRaftLogWorker for RaftStorageImpl:Storage Directory /home/runner/work/ozone/ozone/hadoop-ozone/integration-test/target/test-dir/MiniOzoneClusterImpl-527fe069-2b78-49eb-8835-8cb6d6ba75bf/ozone-meta/scm-ha/527fe069-2b78-49eb-8835-8cb6d6ba75bf
2022-02-15 23:29:47,932 [pool-16-thread-1] INFO  server.RaftServerConfigKeys (ConfUtils.java:logGet(44)) - raft.server.log.queue.byte-limit = 64MB (=67108864) (default)
2022-02-15 23:29:47,933 [pool-16-thread-1] INFO  server.RaftServerConfigKeys (ConfUtils.java:logGet(44)) - raft.server.log.queue.element-limit = 4096 (default)
2022-02-15 23:29:47,936 [pool-16-thread-1] INFO  server.RaftServerConfigKeys (ConfUtils.java:logGet(44)) - raft.server.log.segment.size.max = 4194304 (custom)
2022-02-15 23:29:47,936 [pool-16-thread-1] INFO  server.RaftServerConfigKeys (ConfUtils.java:logGet(44)) - raft.server.log.preallocated.size = 4194304 (custom)
2022-02-15 23:29:47,937 [pool-16-thread-1] INFO  server.RaftServerConfigKeys (ConfUtils.java:logGet(44)) - raft.server.log.force.sync.num = 128 (default)
2022-02-15 23:29:47,937 [pool-16-thread-1] INFO  server.RaftServerConfigKeys (ConfUtils.java:logGet(44)) - raft.server.log.statemachine.data.sync = true (default)
2022-02-15 23:29:47,937 [pool-16-thread-1] INFO  server.RaftServerConfigKeys (ConfUtils.java:logGet(44)) - raft.server.log.statemachine.data.sync.timeout = 10s (default)
2022-02-15 23:29:47,937 [pool-16-thread-1] INFO  server.RaftServerConfigKeys (ConfUtils.java:logGet(44)) - raft.server.log.statemachine.data.sync.timeout.retry = -1 (default)
2022-02-15 23:29:47,939 [pool-16-thread-1] INFO  server.RaftServerConfigKeys (ConfUtils.java:logGet(44)) - raft.server.log.write.buffer.size = 64KB (=65536) (default)
2022-02-15 23:29:47,940 [pool-16-thread-1] INFO  server.RaftServerConfigKeys (ConfUtils.java:logGet(44)) - raft.server.log.statemachine.data.caching.enabled = false (default)
2022-02-15 23:29:47,947 [pool-16-thread-1] INFO  server.RaftServer$Division (ServerState.java:setRaftConf(387)) - 41f0e2a1-74af-4a99-b882-aaa35b27024d@group-8CB6D6BA75BF: set configuration 0: [41f0e2a1-74af-4a99-b882-aaa35b27024d|rpc:fv-az297-531:9894|admin:|client:|dataStream:|priority:0], old=null
2022-02-15 23:29:47,948 [pool-16-thread-1] INFO  segmented.LogSegment (LogSegment.java:loadSegment(173)) - Successfully read 1 entries from segment file /home/runner/work/ozone/ozone/hadoop-ozone/integration-test/target/test-dir/MiniOzoneClusterImpl-527fe069-2b78-49eb-8835-8cb6d6ba75bf/ozone-meta/scm-ha/527fe069-2b78-49eb-8835-8cb6d6ba75bf/current/log_inprogress_0
2022-02-15 23:29:47,948 [pool-16-thread-1] INFO  segmented.SegmentedRaftLogWorker (SegmentedRaftLogWorker.java:lambda$new$0(133)) - 41f0e2a1-74af-4a99-b882-aaa35b27024d@group-8CB6D6BA75BF-SegmentedRaftLogWorker: flushIndex: setUnconditionally 0 -> 0
2022-02-15 23:29:47,948 [pool-16-thread-1] INFO  segmented.SegmentedRaftLogWorker (SegmentedRaftLogWorker.java:lambda$new$0(133)) - 41f0e2a1-74af-4a99-b882-aaa35b27024d@group-8CB6D6BA75BF-SegmentedRaftLogWorker: safeCacheEvictIndex: setUnconditionally 0 -> -1
2022-02-15 23:29:47,951 [pool-16-thread-1] INFO  server.RaftServerConfigKeys (ConfUtils.java:logGet(44)) - raft.server.snapshot.auto.trigger.enabled = true (custom)
2022-02-15 23:29:47,952 [pool-16-thread-1] INFO  server.RaftServerConfigKeys (ConfUtils.java:logGet(44)) - raft.server.snapshot.auto.trigger.threshold = 1000 (custom)
2022-02-15 23:29:47,952 [pool-16-thread-1] INFO  server.RaftServerConfigKeys (ConfUtils.java:logGet(44)) - raft.server.snapshot.retention.file.num = -1 (default)
2022-02-15 23:29:47,952 [pool-16-thread-1] INFO  server.RaftServerConfigKeys (ConfUtils.java:logGet(44)) - raft.server.log.purge.upto.snapshot.index = false (default)
2022-02-15 23:29:47,952 [pool-16-thread-1] INFO  server.RaftServerConfigKeys (ConfUtils.java:logGet(44)) - raft.server.retrycache.expirytime = 60000ms (default)
2022-02-15 23:29:47,952 [pool-16-thread-1] INFO  server.RaftServerConfigKeys (ConfUtils.java:logGet(44)) - raft.server.retrycache.statistics.expirytime = 100μs (default)
2022-02-15 23:29:47,955 [main] INFO  ha.SCMSnapshotProvider (SCMSnapshotProvider.java:<init>(66)) - Initializing SCM Snapshot Provider
2022-02-15 23:29:47,956 [main] WARN  server.ServerUtils (ServerUtils.java:getDefaultRatisDirectory(237)) - Storage directory for Ratis is not configured. It is a good idea to map this to an SSD disk. Falling back to ozone.metadata.dirs
2022-02-15 23:29:47,956 [main] WARN  ha.SCMHAUtils (SCMHAUtils.java:getSCMRatisSnapshotDirectory(146)) - SCM snapshot dir is not configured. Falling back to ozone.metadata.dirs config
2022-02-15 23:29:48,055 [main] INFO  ha.SequenceIdGenerator (SequenceIdGenerator.java:upgradeToSequenceId(347)) - upgrade localId to 109611004723200000
2022-02-15 23:29:48,055 [main] INFO  ha.SequenceIdGenerator (SequenceIdGenerator.java:upgradeToSequenceId(357)) - upgrade delTxnId to 0
2022-02-15 23:29:48,058 [main] INFO  ha.SequenceIdGenerator (SequenceIdGenerator.java:upgradeToSequenceId(371)) - upgrade containerId to 0
2022-02-15 23:29:48,060 [main] INFO  ha.SequenceIdGenerator (SequenceIdGenerator.java:<init>(218)) - Init the HA SequenceIdGenerator.
2022-02-15 23:29:48,088 [main] WARN  server.ServerUtils (ServerUtils.java:sanitizeUserArgs(73)) - ozone.scm.stale.node.interval value = 300000 is larger than max = 100000 based on the key value of ozone.scm.heartbeat.thread.interval, reset to the max value 100000.
2022-02-15 23:29:48,088 [main] WARN  server.ServerUtils (ServerUtils.java:sanitizeUserArgs(73)) - ozone.scm.stale.node.interval value = 300000 is larger than max = 100000 based on the key value of ozone.scm.heartbeat.thread.interval, reset to the max value 100000.
2022-02-15 23:29:48,092 [main] INFO  node.SCMNodeManager (SCMNodeManager.java:<init>(144)) - Entering startup safe mode.
2022-02-15 23:29:48,139 [main] INFO  algorithms.ContainerPlacementPolicyFactory (ContainerPlacementPolicyFactory.java:getPolicy(60)) - Create container placement policy of type org.apache.hadoop.hdds.scm.container.placement.algorithms.SCMContainerPlacementRandom
2022-02-15 23:29:48,146 [main] INFO  pipeline.PipelineStateManagerImpl (PipelineStateManagerImpl.java:initialize(78)) - No pipeline exists in current db
2022-02-15 23:29:48,169 [main] INFO  algorithms.LeaderChoosePolicyFactory (LeaderChoosePolicyFactory.java:getPolicy(57)) - Create leader choose policy of type org.apache.hadoop.hdds.scm.pipeline.leader.choose.algorithms.MinLeaderCountChoosePolicy
2022-02-15 23:29:48,173 [main] INFO  ha.SCMServiceManager (SCMServiceManager.java:register(43)) - Registering service BackgroundPipelineCreator.
2022-02-15 23:29:48,174 [main] INFO  pipeline.BackgroundPipelineCreator (BackgroundPipelineCreator.java:start(130)) - Starting RatisPipelineUtilsThread.
2022-02-15 23:29:48,198 [main] INFO  algorithms.PipelineChoosePolicyFactory (PipelineChoosePolicyFactory.java:createPipelineChoosePolicyFromClass(73)) - Create pipeline choose policy of type org.apache.hadoop.hdds.scm.pipeline.choose.algorithms.RandomPipelineChoosePolicy
2022-02-15 23:29:48,210 [main] INFO  ha.SCMServiceManager (SCMServiceManager.java:register(43)) - Registering service SCMBlockDeletingService.
2022-02-15 23:29:48,229 [main] INFO  ha.SCMServiceManager (SCMServiceManager.java:register(43)) - Registering service ReplicationManager.
2022-02-15 23:29:48,238 [main] INFO  container.ReplicationManager (ReplicationManager.java:start(326)) - Starting Replication Monitor Thread.
2022-02-15 23:29:48,247 [main] INFO  safemode.ContainerSafeModeRule (ContainerSafeModeRule.java:<init>(89)) - containers with one replica threshold count 0
2022-02-15 23:29:48,249 [ReplicationMonitor] INFO  container.ReplicationManager (ReplicationManager.java:processAll(374)) - Replication Manager is not ready to run until 3000ms after safemode exit
2022-02-15 23:29:48,250 [main] INFO  safemode.HealthyPipelineSafeModeRule (HealthyPipelineSafeModeRule.java:initializeRule(156)) - Total pipeline count is 0, healthy pipeline threshold count is 1
2022-02-15 23:29:48,252 [main] INFO  safemode.OneReplicaPipelineSafeModeRule (OneReplicaPipelineSafeModeRule.java:initializeRule(180)) - Total pipeline count is 0, pipeline's with at least one datanode reported threshold count is 0
2022-02-15 23:29:48,591 [main] INFO  ipc.CallQueueManager (CallQueueManager.java:<init>(90)) - Using callQueue: class java.util.concurrent.LinkedBlockingQueue, queueCapacity: 2000, scheduler: class org.apache.hadoop.ipc.DefaultRpcScheduler, ipcBackoff: false.
2022-02-15 23:29:48,627 [Socket Reader #1 for port 0] INFO  ipc.Server (Server.java:run(1265)) - Starting Socket Reader #1 for port 0
2022-02-15 23:29:48,670 [Listener at 0.0.0.0/39559] INFO  ipc.CallQueueManager (CallQueueManager.java:<init>(90)) - Using callQueue: class java.util.concurrent.LinkedBlockingQueue, queueCapacity: 2000, scheduler: class org.apache.hadoop.ipc.DefaultRpcScheduler, ipcBackoff: false.
2022-02-15 23:29:48,673 [Socket Reader #1 for port 0] INFO  ipc.Server (Server.java:run(1265)) - Starting Socket Reader #1 for port 0
2022-02-15 23:29:48,690 [Listener at 0.0.0.0/42121] INFO  ipc.CallQueueManager (CallQueueManager.java:<init>(90)) - Using callQueue: class java.util.concurrent.LinkedBlockingQueue, queueCapacity: 2000, scheduler: class org.apache.hadoop.ipc.DefaultRpcScheduler, ipcBackoff: false.
2022-02-15 23:29:48,692 [Socket Reader #1 for port 0] INFO  ipc.Server (Server.java:run(1265)) - Starting Socket Reader #1 for port 0
2022-02-15 23:29:48,736 [Listener at 0.0.0.0/45267] INFO  algorithms.ContainerPlacementPolicyFactory (ContainerPlacementPolicyFactory.java:getPolicy(60)) - Create container placement policy of type org.apache.hadoop.hdds.scm.container.placement.algorithms.SCMContainerPlacementRandom
2022-02-15 23:29:48,743 [Listener at 0.0.0.0/45267] INFO  server.StorageContainerManager (StorageContainerManager.java:<init>(388)) - 
Container Balancer status:
Key                            Value
Running                        false
Container Balancer Configuration values:
Key                                                Value
Threshold                                          10
Max Datanodes to Involve per Iteration(percent)    20
Max Size to Move per Iteration                     500GB
Max Size Entering Target per Iteration             26GB
Max Size Leaving Source per Iteration              26GB

2022-02-15 23:29:48,744 [Listener at 0.0.0.0/45267] WARN  events.EventQueue (EventQueue.java:fireEvent(194)) - No event handler registered for event TypedEvent{payloadType=SafeModeStatus, name='Safe mode status'}
2022-02-15 23:29:48,744 [Listener at 0.0.0.0/45267] INFO  ha.SCMContext (SCMContext.java:updateSafeModeStatus(211)) - Update SafeModeStatus from SafeModeStatus{safeModeStatus=true, preCheckPassed=false} to SafeModeStatus{safeModeStatus=true, preCheckPassed=false}.
2022-02-15 23:29:48,746 [Listener at 0.0.0.0/45267] INFO  server.StorageContainerManager (StorageContainerManager.java:start(1303)) - StorageContainerLocationProtocol RPC server is listening at /0.0.0.0:45267
2022-02-15 23:29:48,748 [Listener at 0.0.0.0/45267] INFO  ha.SCMRatisServerImpl (SCMRatisServerImpl.java:start(177)) - starting ratis server 0.0.0.0:9894
2022-02-15 23:29:48,748 [Listener at 0.0.0.0/45267] INFO  server.RaftServer$Division (RaftServerImpl.java:start(301)) - 41f0e2a1-74af-4a99-b882-aaa35b27024d@group-8CB6D6BA75BF: start as a follower, conf=0: [41f0e2a1-74af-4a99-b882-aaa35b27024d|rpc:fv-az297-531:9894|admin:|client:|dataStream:|priority:0], old=null
2022-02-15 23:29:48,748 [Listener at 0.0.0.0/45267] INFO  server.RaftServer$Division (RaftServerImpl.java:setRole(290)) - 41f0e2a1-74af-4a99-b882-aaa35b27024d@group-8CB6D6BA75BF: changes role from      null to FOLLOWER at term 1 for startAsFollower
2022-02-15 23:29:48,749 [Listener at 0.0.0.0/45267] INFO  impl.RoleInfo (RoleInfo.java:updateAndGet(130)) - 41f0e2a1-74af-4a99-b882-aaa35b27024d: start 41f0e2a1-74af-4a99-b882-aaa35b27024d@group-8CB6D6BA75BF-FollowerState
2022-02-15 23:29:48,752 [Listener at 0.0.0.0/45267] INFO  util.JmxRegister (JmxRegister.java:tryRegister(44)) - Successfully registered JMX Bean with object name Ratis:service=RaftServer,group=group-8CB6D6BA75BF,id=41f0e2a1-74af-4a99-b882-aaa35b27024d
2022-02-15 23:29:48,753 [Listener at 0.0.0.0/45267] INFO  server.RaftServer (RaftServerProxy.java:lambda$start$5(374)) - 41f0e2a1-74af-4a99-b882-aaa35b27024d: start RPC server
2022-02-15 23:29:48,755 [Listener at 0.0.0.0/45267] INFO  server.GrpcService (GrpcService.java:startImpl(253)) - 41f0e2a1-74af-4a99-b882-aaa35b27024d: GrpcService started, listening on 9894
2022-02-15 23:29:48,755 [Listener at 0.0.0.0/45267] INFO  ha.SCMHAManagerImpl (SCMHAManagerImpl.java:start(121)) -  scm role is FOLLOWER peers [41f0e2a1-74af-4a99-b882-aaa35b27024d|rpc:fv-az297-531:9894|admin:|client:|dataStream:|priority:0]
2022-02-15 23:29:48,756 [Listener at 0.0.0.0/45267] INFO  ha.InterSCMGrpcService (InterSCMGrpcProtocolService.java:start(94)) - Starting SCM Grpc Service at port 9895
2022-02-15 23:29:48,756 [org.apache.ratis.util.JvmPauseMonitor$$Lambda$422/911895107@206b959c] INFO  util.JvmPauseMonitor (JvmPauseMonitor.java:run(103)) - JvmPauseMonitor-41f0e2a1-74af-4a99-b882-aaa35b27024d: Started
2022-02-15 23:29:48,826 [Listener at 0.0.0.0/45267] WARN  impl.MetricsConfig (MetricsConfig.java:loadFirst(136)) - Cannot locate configuration: tried hadoop-metrics2-storagecontainermanager.properties,hadoop-metrics2.properties
2022-02-15 23:29:48,843 [Listener at 0.0.0.0/45267] INFO  impl.MetricsSystemImpl (MetricsSystemImpl.java:startTimer(378)) - Scheduled Metric snapshot period at 10 second(s).
2022-02-15 23:29:48,844 [Listener at 0.0.0.0/45267] INFO  impl.MetricsSystemImpl (MetricsSystemImpl.java:start(191)) - StorageContainerManager metrics system started
2022-02-15 23:29:49,077 [Listener at 0.0.0.0/45267] INFO  server.SCMClientProtocolServer (SCMClientProtocolServer.java:start(165)) - RPC server for Client  is listening at /0.0.0.0:45267
2022-02-15 23:29:49,080 [IPC Server Responder] INFO  ipc.Server (Server.java:run(1507)) - IPC Server Responder: starting
2022-02-15 23:29:49,084 [IPC Server listener on 0] INFO  ipc.Server (Server.java:run(1344)) - IPC Server listener on 0: starting
2022-02-15 23:29:49,092 [Listener at 0.0.0.0/45267] INFO  server.StorageContainerManager (StorageContainerManager.java:start(1318)) - ScmBlockLocationProtocol RPC server is listening at /0.0.0.0:42121
2022-02-15 23:29:49,093 [Listener at 0.0.0.0/45267] INFO  server.SCMBlockProtocolServer (SCMBlockProtocolServer.java:start(151)) - RPC server for Block Protocol is listening at /0.0.0.0:42121
2022-02-15 23:29:49,093 [IPC Server Responder] INFO  ipc.Server (Server.java:run(1507)) - IPC Server Responder: starting
2022-02-15 23:29:49,093 [IPC Server listener on 0] INFO  ipc.Server (Server.java:run(1344)) - IPC Server listener on 0: starting
2022-02-15 23:29:49,113 [org.apache.hadoop.util.JvmPauseMonitor$Monitor@5a5a973c] INFO  util.JvmPauseMonitor (JvmPauseMonitor.java:run(188)) - Starting JVM pause monitor
2022-02-15 23:29:49,121 [Listener at 0.0.0.0/45267] INFO  http.BaseHttpServer (BaseHttpServer.java:newHttpServer2BuilderForOzone(209)) - Starting Web-server for scm at: http://0.0.0.0:0
2022-02-15 23:29:49,121 [Listener at 0.0.0.0/45267] INFO  http.BaseHttpServer (BaseHttpServer.java:<init>(107)) - Hadoop Security Enabled: false Ozone Security Enabled: false Ozone HTTP Security Enabled: false 
2022-02-15 23:29:49,146 [Listener at 0.0.0.0/45267] INFO  util.log (Log.java:initialized(170)) - Logging initialized @10366ms to org.eclipse.jetty.util.log.Slf4jLog
2022-02-15 23:29:49,238 [Listener at 0.0.0.0/45267] INFO  server.AuthenticationFilter (AuthenticationFilter.java:constructSecretProvider(240)) - Unable to initialize FileSignerSecretProvider, falling back to use random secrets.
2022-02-15 23:29:49,243 [Listener at 0.0.0.0/45267] WARN  http.HttpRequestLog (HttpRequestLog.java:getRequestLog(103)) - Jetty request log can only be enabled using Log4j
2022-02-15 23:29:49,247 [Listener at 0.0.0.0/45267] INFO  http.HttpServer2 (HttpServer2.java:addGlobalFilter(1030)) - Added global filter 'safety' (class=org.apache.hadoop.hdds.server.http.HttpServer2$QuotingInputFilter)
2022-02-15 23:29:49,249 [Listener at 0.0.0.0/45267] INFO  http.HttpServer2 (HttpServer2.java:addFilter(1006)) - Added filter static_user_filter (class=org.apache.hadoop.http.lib.StaticUserWebFilter$StaticUserFilter) to context scm
2022-02-15 23:29:49,249 [Listener at 0.0.0.0/45267] INFO  http.HttpServer2 (HttpServer2.java:addFilter(1014)) - Added filter static_user_filter (class=org.apache.hadoop.http.lib.StaticUserWebFilter$StaticUserFilter) to context static
2022-02-15 23:29:49,249 [Listener at 0.0.0.0/45267] INFO  http.HttpServer2 (HttpServer2.java:addFilter(1014)) - Added filter static_user_filter (class=org.apache.hadoop.http.lib.StaticUserWebFilter$StaticUserFilter) to context logs
2022-02-15 23:29:49,282 [Listener at 0.0.0.0/45267] INFO  http.HttpServer2 (HttpServer2.java:bindListener(1249)) - Jetty bound to port 43895
2022-02-15 23:29:49,283 [Listener at 0.0.0.0/45267] INFO  server.Server (Server.java:doStart(375)) - jetty-9.4.43.v20210629; built: 2021-06-30T11:07:22.254Z; git: 526006ecfa3af7f1a27ef3a288e2bef7ea9dd7e8; jvm 1.8.0_312-b07
2022-02-15 23:29:49,310 [Listener at 0.0.0.0/45267] INFO  server.session (DefaultSessionIdManager.java:doStart(334)) - DefaultSessionIdManager workerName=node0
2022-02-15 23:29:49,311 [Listener at 0.0.0.0/45267] INFO  server.session (DefaultSessionIdManager.java:doStart(339)) - No SessionScavenger set, using defaults
2022-02-15 23:29:49,312 [Listener at 0.0.0.0/45267] INFO  server.session (HouseKeeper.java:startScavenging(132)) - node0 Scavenging every 660000ms
2022-02-15 23:29:49,323 [Listener at 0.0.0.0/45267] INFO  handler.ContextHandler (ContextHandler.java:doStart(915)) - Started o.e.j.s.ServletContextHandler@4af6839c{logs,/logs,file:///home/runner/work/ozone/ozone/hadoop-ozone/integration-test/target/log,AVAILABLE}
2022-02-15 23:29:49,323 [Listener at 0.0.0.0/45267] INFO  handler.ContextHandler (ContextHandler.java:doStart(915)) - Started o.e.j.s.ServletContextHandler@3e7ddb7e{static,/static,file:///home/runner/work/ozone/ozone/hadoop-ozone/integration-test/target/test-classes/webapps/static,AVAILABLE}
2022-02-15 23:29:49,372 [Listener at 0.0.0.0/45267] INFO  handler.ContextHandler (ContextHandler.java:doStart(915)) - Started o.e.j.w.WebAppContext@22ba30b0{scm,/,file:///home/runner/work/ozone/ozone/hadoop-ozone/integration-test/target/test-classes/webapps/scm/,AVAILABLE}{file:/home/runner/work/ozone/ozone/hadoop-ozone/integration-test/target/test-classes/webapps/scm}
2022-02-15 23:29:49,382 [Listener at 0.0.0.0/45267] INFO  server.AbstractConnector (AbstractConnector.java:doStart(331)) - Started ServerConnector@7a6e0f3c{HTTP/1.1, (http/1.1)}{0.0.0.0:43895}
2022-02-15 23:29:49,382 [Listener at 0.0.0.0/45267] INFO  server.Server (Server.java:doStart(415)) - Started @10603ms
2022-02-15 23:29:49,384 [Listener at 0.0.0.0/45267] INFO  impl.MetricsSinkAdapter (MetricsSinkAdapter.java:start(204)) - Sink prometheus started
2022-02-15 23:29:49,384 [Listener at 0.0.0.0/45267] INFO  impl.MetricsSystemImpl (MetricsSystemImpl.java:registerSink(305)) - Registered sink prometheus
2022-02-15 23:29:49,386 [Listener at 0.0.0.0/45267] INFO  http.BaseHttpServer (BaseHttpServer.java:updateConnectorAddress(329)) - HTTP server of scm listening at http://0.0.0.0:43895
2022-02-15 23:29:49,486 [Listener at 0.0.0.0/45267] INFO  ha.OMHANodeDetails (OMHANodeDetails.java:loadOMHAConfig(118)) - ServiceID for OzoneManager is om-service-test1
2022-02-15 23:29:49,492 [Listener at 0.0.0.0/45267] INFO  ha.OMHANodeDetails (OMHANodeDetails.java:loadOMHAConfig(193)) - Found matching OM address with OMServiceId: om-service-test1, OMNodeId: omNode-1, RPC Address: localhost:36451 and Ratis port: 37345
2022-02-15 23:29:49,493 [Listener at 0.0.0.0/45267] INFO  ha.OMHANodeDetails (ConfUtils.java:setNodeSpecificConfigs(108)) - Setting configuration key ozone.om.http-address with value of key ozone.om.http-address.om-service-test1.omNode-1: 127.0.0.1:43041
2022-02-15 23:29:49,493 [Listener at 0.0.0.0/45267] INFO  ha.OMHANodeDetails (ConfUtils.java:setNodeSpecificConfigs(108)) - Setting configuration key ozone.om.https-address with value of key ozone.om.https-address.om-service-test1.omNode-1: 127.0.0.1:45033
2022-02-15 23:29:49,494 [Listener at 0.0.0.0/45267] INFO  ha.OMHANodeDetails (ConfUtils.java:setNodeSpecificConfigs(108)) - Setting configuration key ozone.om.address with value of key ozone.om.address.om-service-test1.omNode-1: 127.0.0.1:36451
2022-02-15 23:29:49,499 [Listener at 0.0.0.0/45267] WARN  server.ServerUtils (ServerUtils.java:getDBPath(225)) - ozone.om.db.dirs is not configured. We recommend adding this setting. Falling back to ozone.metadata.dirs instead.
2022-02-15 23:29:51,764 [Listener at 0.0.0.0/45267] INFO  retry.RetryInvocationHandler (RetryInvocationHandler.java:log(411)) - com.google.protobuf.ServiceException: org.apache.hadoop.ipc.RemoteException(org.apache.hadoop.hdds.ratis.ServerNotLeaderException): Server:41f0e2a1-74af-4a99-b882-aaa35b27024d is not the leader. Could not determine the leader node.
	at org.apache.hadoop.hdds.ratis.ServerNotLeaderException.convertToNotLeaderException(ServerNotLeaderException.java:109)
	at org.apache.hadoop.hdds.scm.ha.RatisUtil.checkRatisException(RatisUtil.java:245)
	at org.apache.hadoop.hdds.scm.protocol.ScmBlockLocationProtocolServerSideTranslatorPB.send(ScmBlockLocationProtocolServerSideTranslatorPB.java:108)
	at org.apache.hadoop.hdds.protocol.proto.ScmBlockLocationProtocolProtos$ScmBlockLocationProtocolService$2.callBlockingMethod(ScmBlockLocationProtocolProtos.java:13937)
	at org.apache.hadoop.ipc.ProtobufRpcEngine$Server.processCall(ProtobufRpcEngine.java:466)
	at org.apache.hadoop.ipc.ProtobufRpcEngine2$Server$ProtoBufRpcInvoker.call(ProtobufRpcEngine2.java:574)
	at org.apache.hadoop.ipc.ProtobufRpcEngine2$Server$ProtoBufRpcInvoker.call(ProtobufRpcEngine2.java:552)
	at org.apache.hadoop.ipc.RPC$Server.call(RPC.java:1093)
	at org.apache.hadoop.ipc.Server$RpcCall.run(Server.java:1035)
	at org.apache.hadoop.ipc.Server$RpcCall.run(Server.java:963)
	at java.security.AccessController.doPrivileged(Native Method)
	at javax.security.auth.Subject.doAs(Subject.java:422)
	at org.apache.hadoop.security.UserGroupInformation.doAs(UserGroupInformation.java:1878)
	at org.apache.hadoop.ipc.Server$Handler.run(Server.java:2966)
, while invoking $Proxy44.send over nodeId=scmNodeId,nodeAddress=/0.0.0.0:42121 after 1 failover attempts. Trying to failover after sleeping for 2000ms.
2022-02-15 23:29:53,767 [Listener at 0.0.0.0/45267] INFO  retry.RetryInvocationHandler (RetryInvocationHandler.java:log(411)) - com.google.protobuf.ServiceException: org.apache.hadoop.ipc.RemoteException(org.apache.hadoop.hdds.ratis.ServerNotLeaderException): Server:41f0e2a1-74af-4a99-b882-aaa35b27024d is not the leader. Could not determine the leader node.
	at org.apache.hadoop.hdds.ratis.ServerNotLeaderException.convertToNotLeaderException(ServerNotLeaderException.java:109)
	at org.apache.hadoop.hdds.scm.ha.RatisUtil.checkRatisException(RatisUtil.java:245)
	at org.apache.hadoop.hdds.scm.protocol.ScmBlockLocationProtocolServerSideTranslatorPB.send(ScmBlockLocationProtocolServerSideTranslatorPB.java:108)
	at org.apache.hadoop.hdds.protocol.proto.ScmBlockLocationProtocolProtos$ScmBlockLocationProtocolService$2.callBlockingMethod(ScmBlockLocationProtocolProtos.java:13937)
	at org.apache.hadoop.ipc.ProtobufRpcEngine$Server.processCall(ProtobufRpcEngine.java:466)
	at org.apache.hadoop.ipc.ProtobufRpcEngine2$Server$ProtoBufRpcInvoker.call(ProtobufRpcEngine2.java:574)
	at org.apache.hadoop.ipc.ProtobufRpcEngine2$Server$ProtoBufRpcInvoker.call(ProtobufRpcEngine2.java:552)
	at org.apache.hadoop.ipc.RPC$Server.call(RPC.java:1093)
	at org.apache.hadoop.ipc.Server$RpcCall.run(Server.java:1035)
	at org.apache.hadoop.ipc.Server$RpcCall.run(Server.java:963)
	at java.security.AccessController.doPrivileged(Native Method)
	at javax.security.auth.Subject.doAs(Subject.java:422)
	at org.apache.hadoop.security.UserGroupInformation.doAs(UserGroupInformation.java:1878)
	at org.apache.hadoop.ipc.Server$Handler.run(Server.java:2966)
, while invoking $Proxy44.send over nodeId=scmNodeId,nodeAddress=/0.0.0.0:42121 after 2 failover attempts. Trying to failover after sleeping for 2000ms.
2022-02-15 23:29:53,941 [41f0e2a1-74af-4a99-b882-aaa35b27024d@group-8CB6D6BA75BF-FollowerState] INFO  impl.FollowerState (FollowerState.java:run(134)) - 41f0e2a1-74af-4a99-b882-aaa35b27024d@group-8CB6D6BA75BF-FollowerState: change to CANDIDATE, lastRpcElapsedTime:5191985919ns, electionTimeout:5186ms
2022-02-15 23:29:53,942 [41f0e2a1-74af-4a99-b882-aaa35b27024d@group-8CB6D6BA75BF-FollowerState] INFO  impl.RoleInfo (RoleInfo.java:shutdownFollowerState(108)) - 41f0e2a1-74af-4a99-b882-aaa35b27024d: shutdown 41f0e2a1-74af-4a99-b882-aaa35b27024d@group-8CB6D6BA75BF-FollowerState
2022-02-15 23:29:53,942 [41f0e2a1-74af-4a99-b882-aaa35b27024d@group-8CB6D6BA75BF-FollowerState] INFO  server.RaftServer$Division (RaftServerImpl.java:setRole(290)) - 41f0e2a1-74af-4a99-b882-aaa35b27024d@group-8CB6D6BA75BF: changes role from  FOLLOWER to CANDIDATE at term 1 for changeToCandidate
2022-02-15 23:29:53,942 [41f0e2a1-74af-4a99-b882-aaa35b27024d@group-8CB6D6BA75BF-FollowerState] INFO  server.RaftServerConfigKeys (ConfUtils.java:logGet(44)) - raft.server.leaderelection.pre-vote = false (custom)
2022-02-15 23:29:53,942 [41f0e2a1-74af-4a99-b882-aaa35b27024d@group-8CB6D6BA75BF-FollowerState] INFO  impl.RoleInfo (RoleInfo.java:updateAndGet(130)) - 41f0e2a1-74af-4a99-b882-aaa35b27024d: start 41f0e2a1-74af-4a99-b882-aaa35b27024d@group-8CB6D6BA75BF-LeaderElection2
2022-02-15 23:29:53,945 [41f0e2a1-74af-4a99-b882-aaa35b27024d@group-8CB6D6BA75BF-LeaderElection2] INFO  impl.LeaderElection (LeaderElection.java:askForVotes(306)) - 41f0e2a1-74af-4a99-b882-aaa35b27024d@group-8CB6D6BA75BF-LeaderElection2 ELECTION round 0: submit vote requests at term 2 for 0: [41f0e2a1-74af-4a99-b882-aaa35b27024d|rpc:fv-az297-531:9894|admin:|client:|dataStream:|priority:0], old=null
2022-02-15 23:29:53,946 [41f0e2a1-74af-4a99-b882-aaa35b27024d@group-8CB6D6BA75BF-LeaderElection2] INFO  impl.LeaderElection (LeaderElection.java:askForVotes(308)) - 41f0e2a1-74af-4a99-b882-aaa35b27024d@group-8CB6D6BA75BF-LeaderElection2 ELECTION round 0: result PASSED (term=2)
2022-02-15 23:29:53,946 [41f0e2a1-74af-4a99-b882-aaa35b27024d@group-8CB6D6BA75BF-LeaderElection2] INFO  impl.RoleInfo (RoleInfo.java:shutdownLeaderElection(121)) - 41f0e2a1-74af-4a99-b882-aaa35b27024d: shutdown 41f0e2a1-74af-4a99-b882-aaa35b27024d@group-8CB6D6BA75BF-LeaderElection2
2022-02-15 23:29:53,946 [41f0e2a1-74af-4a99-b882-aaa35b27024d@group-8CB6D6BA75BF-LeaderElection2] INFO  server.RaftServer$Division (RaftServerImpl.java:setRole(290)) - 41f0e2a1-74af-4a99-b882-aaa35b27024d@group-8CB6D6BA75BF: changes role from CANDIDATE to LEADER at term 2 for changeToLeader
2022-02-15 23:29:53,946 [41f0e2a1-74af-4a99-b882-aaa35b27024d@group-8CB6D6BA75BF-LeaderElection2] INFO  ha.SCMStateMachine (SCMStateMachine.java:notifyLeaderChanged(259)) - current SCM becomes leader of term 2.
2022-02-15 23:29:53,946 [41f0e2a1-74af-4a99-b882-aaa35b27024d@group-8CB6D6BA75BF-LeaderElection2] INFO  ha.SCMContext (SCMContext.java:updateLeaderAndTerm(90)) - update <isLeader,term> from <false,0> to <true,2>
2022-02-15 23:29:53,948 [41f0e2a1-74af-4a99-b882-aaa35b27024d@group-8CB6D6BA75BF-LeaderElection2] INFO  server.RaftServer$Division (ServerState.java:setLeader(285)) - 41f0e2a1-74af-4a99-b882-aaa35b27024d@group-8CB6D6BA75BF: change Leader from null to 41f0e2a1-74af-4a99-b882-aaa35b27024d at term 2 for becomeLeader, leader elected after 6019ms
2022-02-15 23:29:53,949 [41f0e2a1-74af-4a99-b882-aaa35b27024d@group-8CB6D6BA75BF-LeaderElection2] INFO  server.RaftServerConfigKeys (ConfUtils.java:logGet(44)) - raft.server.staging.catchup.gap = 1000 (default)
2022-02-15 23:29:53,949 [41f0e2a1-74af-4a99-b882-aaa35b27024d@group-8CB6D6BA75BF-LeaderElection2] INFO  server.RaftServerConfigKeys (ConfUtils.java:logGet(44)) - raft.server.write.element-limit = 4096 (default)
2022-02-15 23:29:53,949 [41f0e2a1-74af-4a99-b882-aaa35b27024d@group-8CB6D6BA75BF-LeaderElection2] INFO  server.RaftServerConfigKeys (ConfUtils.java:logGet(44)) - raft.server.write.byte-limit = 64MB (=67108864) (default)
2022-02-15 23:29:53,950 [41f0e2a1-74af-4a99-b882-aaa35b27024d@group-8CB6D6BA75BF-LeaderElection2] INFO  server.RaftServerConfigKeys (ConfUtils.java:logGet(44)) - raft.server.watch.timeout = 10s (default)
2022-02-15 23:29:53,950 [41f0e2a1-74af-4a99-b882-aaa35b27024d@group-8CB6D6BA75BF-LeaderElection2] INFO  server.RaftServerConfigKeys (ConfUtils.java:logGet(44)) - raft.server.watch.timeout.denomination = 1s (default)
2022-02-15 23:29:53,950 [41f0e2a1-74af-4a99-b882-aaa35b27024d@group-8CB6D6BA75BF-LeaderElection2] INFO  server.RaftServerConfigKeys (ConfUtils.java:logGet(44)) - raft.server.watch.element-limit = 65536 (default)
2022-02-15 23:29:53,950 [41f0e2a1-74af-4a99-b882-aaa35b27024d@group-8CB6D6BA75BF-LeaderElection2] INFO  server.RaftServerConfigKeys (ConfUtils.java:logGet(44)) - raft.server.write.element-limit = 4096 (default)
2022-02-15 23:29:53,950 [41f0e2a1-74af-4a99-b882-aaa35b27024d@group-8CB6D6BA75BF-LeaderElection2] INFO  server.RaftServerConfigKeys (ConfUtils.java:logGet(44)) - raft.server.write.follower.gap.ratio.max = -1.0 (default)
2022-02-15 23:29:53,950 [41f0e2a1-74af-4a99-b882-aaa35b27024d@group-8CB6D6BA75BF-LeaderElection2] INFO  impl.RoleInfo (RoleInfo.java:updateAndGet(130)) - 41f0e2a1-74af-4a99-b882-aaa35b27024d: start 41f0e2a1-74af-4a99-b882-aaa35b27024d@group-8CB6D6BA75BF-LeaderStateImpl
2022-02-15 23:29:53,951 [41f0e2a1-74af-4a99-b882-aaa35b27024d@group-8CB6D6BA75BF-LeaderElection2] INFO  segmented.SegmentedRaftLogWorker (SegmentedRaftLogWorker.java:rollLogSegment(399)) - 41f0e2a1-74af-4a99-b882-aaa35b27024d@group-8CB6D6BA75BF-SegmentedRaftLogWorker: Rolling segment log-0_0 to index:0
2022-02-15 23:29:53,955 [41f0e2a1-74af-4a99-b882-aaa35b27024d@group-8CB6D6BA75BF-SegmentedRaftLogWorker] INFO  segmented.SegmentedRaftLogWorker (SegmentedRaftLogWorker.java:execute(558)) - 41f0e2a1-74af-4a99-b882-aaa35b27024d@group-8CB6D6BA75BF-SegmentedRaftLogWorker: Rolled log segment from /home/runner/work/ozone/ozone/hadoop-ozone/integration-test/target/test-dir/MiniOzoneClusterImpl-527fe069-2b78-49eb-8835-8cb6d6ba75bf/ozone-meta/scm-ha/527fe069-2b78-49eb-8835-8cb6d6ba75bf/current/log_inprogress_0 to /home/runner/work/ozone/ozone/hadoop-ozone/integration-test/target/test-dir/MiniOzoneClusterImpl-527fe069-2b78-49eb-8835-8cb6d6ba75bf/ozone-meta/scm-ha/527fe069-2b78-49eb-8835-8cb6d6ba75bf/current/log_0-0
2022-02-15 23:29:53,965 [41f0e2a1-74af-4a99-b882-aaa35b27024d@group-8CB6D6BA75BF-LeaderElection2] INFO  server.RaftServer$Division (ServerState.java:setRaftConf(387)) - 41f0e2a1-74af-4a99-b882-aaa35b27024d@group-8CB6D6BA75BF: set configuration 1: [41f0e2a1-74af-4a99-b882-aaa35b27024d|rpc:fv-az297-531:9894|admin:|client:|dataStream:|priority:0], old=null
2022-02-15 23:29:53,967 [41f0e2a1-74af-4a99-b882-aaa35b27024d@group-8CB6D6BA75BF-SegmentedRaftLogWorker] INFO  segmented.SegmentedRaftLogWorker (SegmentedRaftLogWorker.java:execute(601)) - 41f0e2a1-74af-4a99-b882-aaa35b27024d@group-8CB6D6BA75BF-SegmentedRaftLogWorker: created new log segment /home/runner/work/ozone/ozone/hadoop-ozone/integration-test/target/test-dir/MiniOzoneClusterImpl-527fe069-2b78-49eb-8835-8cb6d6ba75bf/ozone-meta/scm-ha/527fe069-2b78-49eb-8835-8cb6d6ba75bf/current/log_inprogress_1
2022-02-15 23:29:53,969 [41f0e2a1-74af-4a99-b882-aaa35b27024d@group-8CB6D6BA75BF-StateMachineUpdater] INFO  ha.SCMContext (SCMContext.java:setLeaderReady(117)) - update <isLeaderReady> from <false> to <true>
2022-02-15 23:29:53,969 [41f0e2a1-74af-4a99-b882-aaa35b27024d@group-8CB6D6BA75BF-StateMachineUpdater] INFO  pipeline.BackgroundPipelineCreator (BackgroundPipelineCreator.java:notifyStatusChanged(264)) - Service BackgroundPipelineCreator transitions to RUNNING.
2022-02-15 23:29:53,970 [41f0e2a1-74af-4a99-b882-aaa35b27024d@group-8CB6D6BA75BF-StateMachineUpdater] INFO  safemode.HealthyPipelineSafeModeRule (HealthyPipelineSafeModeRule.java:initializeRule(152)) - Refreshed total pipeline count is 0, healthy pipeline threshold count is 1
2022-02-15 23:29:53,971 [41f0e2a1-74af-4a99-b882-aaa35b27024d@group-8CB6D6BA75BF-StateMachineUpdater] INFO  safemode.ContainerSafeModeRule (ContainerSafeModeRule.java:reInitializeRule(177)) - Refreshed one replica container threshold 0, currentThreshold 0
2022-02-15 23:29:53,971 [41f0e2a1-74af-4a99-b882-aaa35b27024d@group-8CB6D6BA75BF-StateMachineUpdater] INFO  safemode.OneReplicaPipelineSafeModeRule (OneReplicaPipelineSafeModeRule.java:initializeRule(176)) - Refreshed Total pipeline count is 0, pipeline's with at least one datanode reported threshold count is 0
2022-02-15 23:29:53,972 [41f0e2a1-74af-4a99-b882-aaa35b27024d@group-8CB6D6BA75BF-StateMachineUpdater] INFO  server.SCMDatanodeProtocolServer (SCMDatanodeProtocolServer.java:start(181)) - ScmDatanodeProtocol RPC server for DataNodes is listening at /0.0.0.0:39559
2022-02-15 23:29:53,981 [IPC Server listener on 0] INFO  ipc.Server (Server.java:run(1344)) - IPC Server listener on 0: starting
2022-02-15 23:29:53,987 [IPC Server Responder] INFO  ipc.Server (Server.java:run(1507)) - IPC Server Responder: starting
OM initialization succeeded.Current cluster id for sd=/home/runner/work/ozone/ozone/hadoop-ozone/integration-test/target/test-dir/MiniOzoneClusterImpl-527fe069-2b78-49eb-8835-8cb6d6ba75bf/omNode-1/om;cid=527fe069-2b78-49eb-8835-8cb6d6ba75bf;layoutVersion=0
2022-02-15 23:29:55,798 [Listener at 0.0.0.0/45267] INFO  ha.OMHANodeDetails (OMHANodeDetails.java:loadOMHAConfig(118)) - ServiceID for OzoneManager is om-service-test1
2022-02-15 23:29:55,799 [Listener at 0.0.0.0/45267] INFO  ha.OMHANodeDetails (OMHANodeDetails.java:loadOMHAConfig(193)) - Found matching OM address with OMServiceId: om-service-test1, OMNodeId: omNode-1, RPC Address: localhost:36451 and Ratis port: 37345
2022-02-15 23:29:55,799 [Listener at 0.0.0.0/45267] INFO  ha.OMHANodeDetails (ConfUtils.java:setNodeSpecificConfigs(108)) - Setting configuration key ozone.om.http-address with value of key ozone.om.http-address.om-service-test1.omNode-1: 127.0.0.1:43041
2022-02-15 23:29:55,799 [Listener at 0.0.0.0/45267] INFO  ha.OMHANodeDetails (ConfUtils.java:setNodeSpecificConfigs(108)) - Setting configuration key ozone.om.https-address with value of key ozone.om.https-address.om-service-test1.omNode-1: 127.0.0.1:45033
2022-02-15 23:29:55,799 [Listener at 0.0.0.0/45267] INFO  ha.OMHANodeDetails (ConfUtils.java:setNodeSpecificConfigs(108)) - Setting configuration key ozone.om.address with value of key ozone.om.address.om-service-test1.omNode-1: 127.0.0.1:36451
2022-02-15 23:29:55,799 [Listener at 0.0.0.0/45267] WARN  server.ServerUtils (ServerUtils.java:getDBPath(225)) - ozone.om.db.dirs is not configured. We recommend adding this setting. Falling back to ozone.metadata.dirs instead.
2022-02-15 23:29:55,801 [Listener at 0.0.0.0/45267] INFO  upgrade.AbstractLayoutVersionManager (AbstractLayoutVersionManager.java:init(79)) - Initializing Layout version manager with metadata layout = INITIAL_VERSION (version = 0), software layout = INITIAL_VERSION (version = 0)
2022-02-15 23:29:55,889 [Listener at 0.0.0.0/45267] INFO  reflections.Reflections (Reflections.java:scan(232)) - Reflections took 83 ms to scan 2 urls, producing 133 keys and 348 values [using 2 cores]
2022-02-15 23:29:55,894 [Listener at 0.0.0.0/45267] INFO  upgrade.OMLayoutVersionManager (OMLayoutVersionManager.java:lambda$0(115)) - Skipping Upgrade Action MockOmUpgradeAction since it has been finalized.
2022-02-15 23:29:55,895 [Listener at 0.0.0.0/45267] WARN  server.ServerUtils (ServerUtils.java:getDBPath(225)) - ozone.om.db.dirs is not configured. We recommend adding this setting. Falling back to ozone.metadata.dirs instead.
2022-02-15 23:29:56,049 [Listener at 0.0.0.0/45267] WARN  server.ServerUtils (ServerUtils.java:getDBPath(225)) - ozone.om.db.dirs is not configured. We recommend adding this setting. Falling back to ozone.metadata.dirs instead.
2022-02-15 23:29:56,057 [Listener at 0.0.0.0/45267] INFO  codec.OmKeyInfoCodec (OmKeyInfoCodec.java:<init>(50)) - OmKeyInfoCodec ignorePipeline = true
2022-02-15 23:29:56,058 [Listener at 0.0.0.0/45267] INFO  codec.RepeatedOmKeyInfoCodec (RepeatedOmKeyInfoCodec.java:<init>(42)) - RepeatedOmKeyInfoCodec ignorePipeline = true
2022-02-15 23:29:56,257 [Listener at 0.0.0.0/45267] INFO  om.OzoneManager (OzoneManager.java:addS3GVolumeToDB(3732)) - Created Volume s3v With Owner runner required for S3Gateway operations.
2022-02-15 23:29:56,297 [Listener at 0.0.0.0/45267] WARN  server.ServerUtils (ServerUtils.java:getDefaultRatisDirectory(237)) - Storage directory for Ratis is not configured. It is a good idea to map this to an SSD disk. Falling back to ozone.metadata.dirs
2022-02-15 23:29:56,297 [Listener at 0.0.0.0/45267] WARN  utils.OzoneManagerRatisUtils (OzoneManagerRatisUtils.java:getOMRatisSnapshotDirectory(330)) - ozone.om.ratis.snapshot.dir is not configured. Falling back to ozone.metadata.dirs config
2022-02-15 23:29:56,303 [Listener at 0.0.0.0/45267] INFO  snapshot.OzoneManagerSnapshotProvider (OzoneManagerSnapshotProvider.java:<init>(76)) - Initializing OM Snapshot Provider
2022-02-15 23:29:56,391 [Listener at 0.0.0.0/45267] WARN  impl.MetricRegistriesImpl (MetricRegistriesImpl.java:addReporterRegistration(111)) - New reporters are added after registries were created. Some metrics will be missing from the reporter. Please add reporter before adding any new registry.
2022-02-15 23:29:56,391 [Listener at 0.0.0.0/45267] WARN  impl.MetricRegistriesImpl (MetricRegistriesImpl.java:addReporterRegistration(111)) - New reporters are added after registries were created. Some metrics will be missing from the reporter. Please add reporter before adding any new registry.
2022-02-15 23:29:56,391 [Listener at 0.0.0.0/45267] WARN  server.ServerUtils (ServerUtils.java:getDefaultRatisDirectory(237)) - Storage directory for Ratis is not configured. It is a good idea to map this to an SSD disk. Falling back to ozone.metadata.dirs
2022-02-15 23:29:56,394 [Listener at 0.0.0.0/45267] INFO  ratis.OzoneManagerRatisServer (OzoneManagerRatisServer.java:<init>(159)) - Instantiating OM Ratis server with groupID: om-service-test1 and peers: localhost:37345, localhost:40001, localhost:42205
2022-02-15 23:29:56,397 [Listener at 0.0.0.0/45267] INFO  ratis.OzoneManagerStateMachine (OzoneManagerStateMachine.java:loadSnapshotInfoFromDB(605)) - LastAppliedIndex is set from TransactionInfo from OM DB as (t:0, i:~)
2022-02-15 23:29:56,410 [Listener at 0.0.0.0/45267] INFO  server.RaftServer (ConfUtils.java:logGet(44)) - raft.rpc.type = GRPC (default)
2022-02-15 23:29:56,410 [Listener at 0.0.0.0/45267] INFO  grpc.GrpcFactory (GrpcFactory.java:checkPooledByteBufAllocatorUseCacheForAllThreads(48)) - PERFORMANCE WARNING: useCacheForAllThreads is true that may cause Netty to create a lot garbage objects and, as a result, trigger GC.
	It is recommended to disable useCacheForAllThreads by setting -Dorg.apache.ratis.thirdparty.io.netty.allocator.useCacheForAllThreads=false in command line.
2022-02-15 23:29:56,410 [Listener at 0.0.0.0/45267] INFO  grpc.GrpcConfigKeys (ConfUtils.java:logGet(44)) - raft.grpc.admin.port = -1 (default)
2022-02-15 23:29:56,411 [Listener at 0.0.0.0/45267] INFO  grpc.GrpcConfigKeys (ConfUtils.java:logGet(44)) - raft.grpc.server.port = 37345 (custom)
2022-02-15 23:29:56,411 [Listener at 0.0.0.0/45267] INFO  grpc.GrpcConfigKeys (ConfUtils.java:logGet(44)) - raft.grpc.client.port = -1 (default)
2022-02-15 23:29:56,411 [Listener at 0.0.0.0/45267] INFO  grpc.GrpcConfigKeys (ConfUtils.java:logGet(44)) - raft.grpc.server.port = 37345 (custom)
2022-02-15 23:29:56,411 [Listener at 0.0.0.0/45267] INFO  grpc.GrpcConfigKeys (ConfUtils.java:logGet(44)) - raft.grpc.server.port = 37345 (custom)
2022-02-15 23:29:56,411 [Listener at 0.0.0.0/45267] INFO  server.GrpcService (ConfUtils.java:logGet(44)) - raft.grpc.message.size.max = 33554432 (custom)
2022-02-15 23:29:56,412 [Listener at 0.0.0.0/45267] INFO  server.RaftServerConfigKeys (ConfUtils.java:logGet(44)) - raft.server.log.appender.buffer.byte-limit = 33554432 (custom)
2022-02-15 23:29:56,412 [Listener at 0.0.0.0/45267] INFO  server.GrpcService (ConfUtils.java:logGet(44)) - raft.grpc.flow.control.window = 1MB (=1048576) (default)
2022-02-15 23:29:56,412 [Listener at 0.0.0.0/45267] INFO  server.RaftServerConfigKeys (ConfUtils.java:logGet(44)) - raft.server.rpc.request.timeout = 3000ms (default)
2022-02-15 23:29:56,413 [Listener at 0.0.0.0/45267] INFO  impl.DataStreamServerImpl (ConfUtils.java:logGet(44)) - raft.datastream.type = DISABLED (default)
2022-02-15 23:29:56,413 [Listener at 0.0.0.0/45267] INFO  server.RaftServerConfigKeys (ConfUtils.java:logGet(44)) - raft.server.rpc.slowness.timeout = 2s (custom)
2022-02-15 23:29:56,414 [Listener at 0.0.0.0/45267] INFO  server.RaftServerConfigKeys (ConfUtils.java:logGet(44)) - raft.server.leaderelection.leader.step-down.wait-time = 10s (default)
2022-02-15 23:29:56,414 [Listener at 0.0.0.0/45267] INFO  server.RaftServerConfigKeys (ConfUtils.java:logGet(44)) - raft.server.storage.dir = [/home/runner/work/ozone/ozone/hadoop-ozone/integration-test/target/test-dir/MiniOzoneClusterImpl-527fe069-2b78-49eb-8835-8cb6d6ba75bf/omNode-1/ratis] (custom)
2022-02-15 23:29:56,414 [Listener at 0.0.0.0/45267] INFO  server.RaftServer (RaftServerProxy.java:addNew(95)) - omNode-1: addNew group-523986131536:[omNode-3|rpc:localhost:40001|priority:0, omNode-1|rpc:localhost:37345|priority:0, omNode-2|rpc:localhost:42205|priority:0] returns group-523986131536:java.util.concurrent.CompletableFuture@392da875[Not completed]
2022-02-15 23:29:56,414 [Listener at 0.0.0.0/45267] INFO  om.OzoneManager (OzoneManager.java:initializeRatisServer(1834)) - OzoneManager Ratis server initialized at port 37345
2022-02-15 23:29:56,428 [pool-45-thread-1] INFO  server.RaftServer$Division (RaftServerImpl.java:<init>(184)) - omNode-1: new RaftServerImpl for group-523986131536:[omNode-3|rpc:localhost:40001|priority:0, omNode-1|rpc:localhost:37345|priority:0, omNode-2|rpc:localhost:42205|priority:0] with OzoneManagerStateMachine:uninitialized
2022-02-15 23:29:56,429 [pool-45-thread-1] INFO  server.RaftServerConfigKeys (ConfUtils.java:logGet(44)) - raft.server.rpc.timeout.min = 1s (custom)
2022-02-15 23:29:56,429 [pool-45-thread-1] INFO  server.RaftServerConfigKeys (ConfUtils.java:logGet(44)) - raft.server.rpc.timeout.max = 1200ms (custom)
2022-02-15 23:29:56,429 [pool-45-thread-1] INFO  server.RaftServerConfigKeys (ConfUtils.java:logGet(44)) - raft.server.rpc.sleep.time = 25ms (default)
2022-02-15 23:29:56,429 [pool-45-thread-1] INFO  server.RaftServerConfigKeys (ConfUtils.java:logGet(44)) - raft.server.rpc.slowness.timeout = 2s (custom)
2022-02-15 23:29:56,429 [pool-45-thread-1] INFO  server.RaftServerConfigKeys (ConfUtils.java:logGet(44)) - raft.server.leaderelection.leader.step-down.wait-time = 10s (default)
2022-02-15 23:29:56,429 [pool-45-thread-1] INFO  server.RaftServerConfigKeys (ConfUtils.java:logGet(44)) - raft.server.sleep.deviation.threshold = 300ms (default)
2022-02-15 23:29:56,429 [pool-45-thread-1] INFO  server.RaftServerConfigKeys (ConfUtils.java:logGet(44)) - raft.server.log.appender.install.snapshot.enabled = false (custom)
2022-02-15 23:29:56,429 [pool-45-thread-1] INFO  server.RaftServer$Division (ServerState.java:<init>(105)) - omNode-1@group-523986131536: ConfigurationManager, init=-1: [omNode-3|rpc:localhost:40001|priority:0, omNode-1|rpc:localhost:37345|priority:0, omNode-2|rpc:localhost:42205|priority:0], old=null, confs=<EMPTY_MAP>
2022-02-15 23:29:56,429 [pool-45-thread-1] INFO  server.RaftServerConfigKeys (ConfUtils.java:logGet(44)) - raft.server.storage.dir = [/home/runner/work/ozone/ozone/hadoop-ozone/integration-test/target/test-dir/MiniOzoneClusterImpl-527fe069-2b78-49eb-8835-8cb6d6ba75bf/omNode-1/ratis] (custom)
2022-02-15 23:29:56,430 [pool-45-thread-1] INFO  server.RaftServerConfigKeys (ConfUtils.java:logGet(44)) - raft.server.log.corruption.policy = EXCEPTION (default)
2022-02-15 23:29:56,430 [pool-45-thread-1] INFO  server.RaftServerConfigKeys (ConfUtils.java:logGet(44)) - raft.server.storage.free-space.min = 0MB (=0) (default)
2022-02-15 23:29:56,430 [pool-45-thread-1] INFO  storage.RaftStorageDirectory (RaftStorageDirectoryImpl.java:analyzeStorage(135)) - The storage directory /home/runner/work/ozone/ozone/hadoop-ozone/integration-test/target/test-dir/MiniOzoneClusterImpl-527fe069-2b78-49eb-8835-8cb6d6ba75bf/omNode-1/ratis/c9bc4cf4-3bc3-3c60-a66b-523986131536 does not exist. Creating ...
2022-02-15 23:29:56,431 [pool-45-thread-1] INFO  storage.RaftStorageDirectory (RaftStorageDirectoryImpl.java:tryLock(230)) - Lock on /home/runner/work/ozone/ozone/hadoop-ozone/integration-test/target/test-dir/MiniOzoneClusterImpl-527fe069-2b78-49eb-8835-8cb6d6ba75bf/omNode-1/ratis/c9bc4cf4-3bc3-3c60-a66b-523986131536/in_use.lock acquired by nodename 1385@fv-az297-531
2022-02-15 23:29:56,432 [Listener at 0.0.0.0/45267] INFO  ipc.CallQueueManager (CallQueueManager.java:<init>(90)) - Using callQueue: class java.util.concurrent.LinkedBlockingQueue, queueCapacity: 2000, scheduler: class org.apache.hadoop.ipc.DefaultRpcScheduler, ipcBackoff: false.
2022-02-15 23:29:56,433 [pool-45-thread-1] INFO  storage.RaftStorage (RaftStorageImpl.java:format(89)) - Storage directory /home/runner/work/ozone/ozone/hadoop-ozone/integration-test/target/test-dir/MiniOzoneClusterImpl-527fe069-2b78-49eb-8835-8cb6d6ba75bf/omNode-1/ratis/c9bc4cf4-3bc3-3c60-a66b-523986131536 has been successfully formatted.
2022-02-15 23:29:56,433 [pool-45-thread-1] INFO  server.RaftServerConfigKeys (ConfUtils.java:logGet(44)) - raft.server.notification.no-leader.timeout = 2s (custom)
2022-02-15 23:29:56,433 [pool-45-thread-1] INFO  server.RaftServerConfigKeys (ConfUtils.java:logGet(44)) - raft.server.log.use.memory = false (default)
2022-02-15 23:29:56,433 [pool-45-thread-1] INFO  server.RaftServerConfigKeys (ConfUtils.java:logGet(44)) - raft.server.log.purge.gap = 50 (custom)
2022-02-15 23:29:56,434 [pool-45-thread-1] INFO  server.RaftServerConfigKeys (ConfUtils.java:logGet(44)) - raft.server.log.appender.buffer.byte-limit = 33554432 (custom)
2022-02-15 23:29:56,434 [pool-45-thread-1] INFO  server.RaftServerConfigKeys (ConfUtils.java:logGet(44)) - raft.server.log.segment.size.max = 4194304 (custom)
2022-02-15 23:29:56,434 [pool-45-thread-1] INFO  server.RaftServerConfigKeys (ConfUtils.java:logGet(44)) - raft.server.log.segment.cache.num.max = 2 (custom)
2022-02-15 23:29:56,434 [pool-45-thread-1] INFO  server.RaftServerConfigKeys (ConfUtils.java:logGet(44)) - raft.server.log.segment.cache.size.max = 200MB (=209715200) (default)
2022-02-15 23:29:56,434 [pool-45-thread-1] INFO  segmented.SegmentedRaftLogWorker (SegmentedRaftLogWorker.java:<init>(182)) - new omNode-1@group-523986131536-SegmentedRaftLogWorker for RaftStorageImpl:Storage Directory /home/runner/work/ozone/ozone/hadoop-ozone/integration-test/target/test-dir/MiniOzoneClusterImpl-527fe069-2b78-49eb-8835-8cb6d6ba75bf/omNode-1/ratis/c9bc4cf4-3bc3-3c60-a66b-523986131536
2022-02-15 23:29:56,434 [pool-45-thread-1] INFO  server.RaftServerConfigKeys (ConfUtils.java:logGet(44)) - raft.server.log.queue.byte-limit = 64MB (=67108864) (default)
2022-02-15 23:29:56,434 [pool-45-thread-1] INFO  server.RaftServerConfigKeys (ConfUtils.java:logGet(44)) - raft.server.log.queue.element-limit = 4096 (default)
2022-02-15 23:29:56,435 [pool-45-thread-1] INFO  server.RaftServerConfigKeys (ConfUtils.java:logGet(44)) - raft.server.log.segment.size.max = 4194304 (custom)
2022-02-15 23:29:56,435 [pool-45-thread-1] INFO  server.RaftServerConfigKeys (ConfUtils.java:logGet(44)) - raft.server.log.preallocated.size = 4194304 (custom)
2022-02-15 23:29:56,435 [pool-45-thread-1] INFO  server.RaftServerConfigKeys (ConfUtils.java:logGet(44)) - raft.server.log.force.sync.num = 128 (default)
2022-02-15 23:29:56,435 [pool-45-thread-1] INFO  server.RaftServerConfigKeys (ConfUtils.java:logGet(44)) - raft.server.log.statemachine.data.sync = true (default)
2022-02-15 23:29:56,435 [pool-45-thread-1] INFO  server.RaftServerConfigKeys (ConfUtils.java:logGet(44)) - raft.server.log.statemachine.data.sync.timeout = 10s (default)
2022-02-15 23:29:56,435 [pool-45-thread-1] INFO  server.RaftServerConfigKeys (ConfUtils.java:logGet(44)) - raft.server.log.statemachine.data.sync.timeout.retry = -1 (default)
2022-02-15 23:29:56,436 [pool-45-thread-1] INFO  server.RaftServerConfigKeys (ConfUtils.java:logGet(44)) - raft.server.log.write.buffer.size = 64KB (=65536) (default)
2022-02-15 23:29:56,436 [pool-45-thread-1] INFO  server.RaftServerConfigKeys (ConfUtils.java:logGet(44)) - raft.server.log.statemachine.data.caching.enabled = false (default)
2022-02-15 23:29:56,436 [pool-45-thread-1] INFO  segmented.SegmentedRaftLogWorker (SegmentedRaftLogWorker.java:lambda$new$0(133)) - omNode-1@group-523986131536-SegmentedRaftLogWorker: flushIndex: setUnconditionally 0 -> -1
2022-02-15 23:29:56,436 [pool-45-thread-1] INFO  segmented.SegmentedRaftLogWorker (SegmentedRaftLogWorker.java:lambda$new$0(133)) - omNode-1@group-523986131536-SegmentedRaftLogWorker: safeCacheEvictIndex: setUnconditionally 0 -> -1
2022-02-15 23:29:56,439 [pool-45-thread-1] INFO  server.RaftServerConfigKeys (ConfUtils.java:logGet(44)) - raft.server.snapshot.auto.trigger.enabled = true (custom)
2022-02-15 23:29:56,440 [pool-45-thread-1] INFO  server.RaftServerConfigKeys (ConfUtils.java:logGet(44)) - raft.server.snapshot.auto.trigger.threshold = 50 (custom)
2022-02-15 23:29:56,440 [pool-45-thread-1] INFO  server.RaftServerConfigKeys (ConfUtils.java:logGet(44)) - raft.server.snapshot.retention.file.num = -1 (default)
2022-02-15 23:29:56,440 [pool-45-thread-1] INFO  server.RaftServerConfigKeys (ConfUtils.java:logGet(44)) - raft.server.log.purge.upto.snapshot.index = true (custom)
2022-02-15 23:29:56,440 [pool-45-thread-1] INFO  server.RaftServerConfigKeys (ConfUtils.java:logGet(44)) - raft.server.retrycache.expirytime = 30000ms (custom)
2022-02-15 23:29:56,440 [pool-45-thread-1] INFO  server.RaftServerConfigKeys (ConfUtils.java:logGet(44)) - raft.server.retrycache.statistics.expirytime = 100μs (default)
2022-02-15 23:29:56,444 [Socket Reader #1 for port 36451] INFO  ipc.Server (Server.java:run(1265)) - Starting Socket Reader #1 for port 36451
2022-02-15 23:29:56,468 [Listener at 127.0.0.1/36451] INFO  impl.MetricsSystemImpl (MetricsSystemImpl.java:init(158)) - OzoneManager metrics system started (again)
2022-02-15 23:29:56,480 [Listener at 127.0.0.1/36451] INFO  om.OzoneManager (OzoneManager.java:start(1365)) - OzoneManager RPC server is listening at localhost/127.0.0.1:36451
2022-02-15 23:29:56,480 [Listener at 127.0.0.1/36451] INFO  ratis.OzoneManagerRatisServer (OzoneManagerRatisServer.java:start(554)) - Starting OzoneManagerRatisServer omNode-1 at port 37345
2022-02-15 23:29:56,480 [Listener at 127.0.0.1/36451] INFO  server.RaftServer$Division (RaftServerImpl.java:start(301)) - omNode-1@group-523986131536: start as a follower, conf=-1: [omNode-3|rpc:localhost:40001|priority:0, omNode-1|rpc:localhost:37345|priority:0, omNode-2|rpc:localhost:42205|priority:0], old=null
2022-02-15 23:29:56,480 [Listener at 127.0.0.1/36451] INFO  server.RaftServer$Division (RaftServerImpl.java:setRole(290)) - omNode-1@group-523986131536: changes role from      null to FOLLOWER at term 0 for startAsFollower
2022-02-15 23:29:56,481 [Listener at 127.0.0.1/36451] INFO  impl.RoleInfo (RoleInfo.java:updateAndGet(130)) - omNode-1: start omNode-1@group-523986131536-FollowerState
2022-02-15 23:29:56,481 [Listener at 127.0.0.1/36451] INFO  util.JmxRegister (JmxRegister.java:tryRegister(44)) - Successfully registered JMX Bean with object name Ratis:service=RaftServer,group=group-523986131536,id=omNode-1
2022-02-15 23:29:56,482 [Listener at 127.0.0.1/36451] INFO  server.RaftServer (RaftServerProxy.java:lambda$start$5(374)) - omNode-1: start RPC server
2022-02-15 23:29:56,483 [Listener at 127.0.0.1/36451] INFO  server.GrpcService (GrpcService.java:startImpl(253)) - omNode-1: GrpcService started, listening on 37345
2022-02-15 23:29:56,486 [org.apache.ratis.util.JvmPauseMonitor$$Lambda$422/911895107@5d1acb3a] INFO  util.JvmPauseMonitor (JvmPauseMonitor.java:run(103)) - JvmPauseMonitor-omNode-1: Started
2022-02-15 23:29:56,487 [Listener at 127.0.0.1/36451] INFO  om.OzoneManager (OzoneManager.java:start(1381)) - Version File has different layout version (0) than OM DB (null). That is expected if this OM has never been finalized to a newer layout version.
2022-02-15 23:29:56,498 [Listener at 127.0.0.1/36451] INFO  http.BaseHttpServer (BaseHttpServer.java:newHttpServer2BuilderForOzone(209)) - Starting Web-server for ozoneManager at: http://0.0.0.0:43041
2022-02-15 23:29:56,498 [Listener at 127.0.0.1/36451] INFO  http.BaseHttpServer (BaseHttpServer.java:<init>(107)) - Hadoop Security Enabled: false Ozone Security Enabled: false Ozone HTTP Security Enabled: false 
2022-02-15 23:29:56,500 [Listener at 127.0.0.1/36451] INFO  server.AuthenticationFilter (AuthenticationFilter.java:constructSecretProvider(240)) - Unable to initialize FileSignerSecretProvider, falling back to use random secrets.
2022-02-15 23:29:56,503 [Listener at 127.0.0.1/36451] WARN  http.HttpRequestLog (HttpRequestLog.java:getRequestLog(103)) - Jetty request log can only be enabled using Log4j
2022-02-15 23:29:56,506 [Listener at 127.0.0.1/36451] INFO  http.HttpServer2 (HttpServer2.java:addGlobalFilter(1030)) - Added global filter 'safety' (class=org.apache.hadoop.hdds.server.http.HttpServer2$QuotingInputFilter)
2022-02-15 23:29:56,510 [Listener at 127.0.0.1/36451] INFO  http.HttpServer2 (HttpServer2.java:addFilter(1006)) - Added filter static_user_filter (class=org.apache.hadoop.http.lib.StaticUserWebFilter$StaticUserFilter) to context ozoneManager
2022-02-15 23:29:56,511 [Listener at 127.0.0.1/36451] INFO  http.HttpServer2 (HttpServer2.java:addFilter(1014)) - Added filter static_user_filter (class=org.apache.hadoop.http.lib.StaticUserWebFilter$StaticUserFilter) to context static
2022-02-15 23:29:56,511 [Listener at 127.0.0.1/36451] INFO  http.HttpServer2 (HttpServer2.java:addFilter(1014)) - Added filter static_user_filter (class=org.apache.hadoop.http.lib.StaticUserWebFilter$StaticUserFilter) to context logs
2022-02-15 23:29:56,513 [Listener at 127.0.0.1/36451] INFO  http.HttpServer2 (HttpServer2.java:bindListener(1249)) - Jetty bound to port 43041
2022-02-15 23:29:56,513 [Listener at 127.0.0.1/36451] INFO  server.Server (Server.java:doStart(375)) - jetty-9.4.43.v20210629; built: 2021-06-30T11:07:22.254Z; git: 526006ecfa3af7f1a27ef3a288e2bef7ea9dd7e8; jvm 1.8.0_312-b07
2022-02-15 23:29:56,516 [Listener at 127.0.0.1/36451] INFO  server.session (DefaultSessionIdManager.java:doStart(334)) - DefaultSessionIdManager workerName=node0
2022-02-15 23:29:56,516 [Listener at 127.0.0.1/36451] INFO  server.session (DefaultSessionIdManager.java:doStart(339)) - No SessionScavenger set, using defaults
2022-02-15 23:29:56,516 [Listener at 127.0.0.1/36451] INFO  server.session (HouseKeeper.java:startScavenging(132)) - node0 Scavenging every 660000ms
2022-02-15 23:29:56,517 [Listener at 127.0.0.1/36451] INFO  handler.ContextHandler (ContextHandler.java:doStart(915)) - Started o.e.j.s.ServletContextHandler@84398a{logs,/logs,file:///home/runner/work/ozone/ozone/hadoop-ozone/integration-test/target/log,AVAILABLE}
2022-02-15 23:29:56,517 [Listener at 127.0.0.1/36451] INFO  handler.ContextHandler (ContextHandler.java:doStart(915)) - Started o.e.j.s.ServletContextHandler@66a5a12c{static,/static,file:///home/runner/work/ozone/ozone/hadoop-ozone/integration-test/target/test-classes/webapps/static,AVAILABLE}
2022-02-15 23:29:56,521 [Listener at 127.0.0.1/36451] INFO  handler.ContextHandler (ContextHandler.java:doStart(915)) - Started o.e.j.w.WebAppContext@6ef7e510{ozoneManager,/,file:///home/runner/work/ozone/ozone/hadoop-ozone/integration-test/target/test-classes/webapps/ozoneManager/,AVAILABLE}{file:/home/runner/work/ozone/ozone/hadoop-ozone/integration-test/target/test-classes/webapps/ozoneManager}
2022-02-15 23:29:56,525 [Listener at 127.0.0.1/36451] INFO  server.AbstractConnector (AbstractConnector.java:doStart(331)) - Started ServerConnector@38913b95{HTTP/1.1, (http/1.1)}{0.0.0.0:43041}
2022-02-15 23:29:56,526 [Listener at 127.0.0.1/36451] INFO  server.Server (Server.java:doStart(415)) - Started @17746ms
2022-02-15 23:29:56,526 [Listener at 127.0.0.1/36451] WARN  impl.MetricsSystemImpl (MetricsSystemImpl.java:register(279)) - Sink prometheus already exists!
2022-02-15 23:29:56,526 [Listener at 127.0.0.1/36451] INFO  http.BaseHttpServer (BaseHttpServer.java:updateConnectorAddress(329)) - HTTP server of ozoneManager listening at http://0.0.0.0:43041
2022-02-15 23:29:56,527 [IPC Server Responder] INFO  ipc.Server (Server.java:run(1507)) - IPC Server Responder: starting
2022-02-15 23:29:56,527 [IPC Server listener on 36451] INFO  ipc.Server (Server.java:run(1344)) - IPC Server listener on 36451: starting
2022-02-15 23:29:56,529 [Listener at 127.0.0.1/36451] INFO  om.OzoneManager (OzoneManager.java:startTrashEmptier(1792)) - Trash Interval set to 0. Files deleted will not move to trash
2022-02-15 23:29:56,540 [Listener at 127.0.0.1/36451] INFO  ozone.MiniOzoneHAClusterImpl (MiniOzoneHAClusterImpl.java:createOMService(522)) - Started OzoneManager omNode-1 RPC server at localhost/127.0.0.1:36451
2022-02-15 23:29:56,540 [Listener at 127.0.0.1/36451] INFO  ha.OMHANodeDetails (OMHANodeDetails.java:loadOMHAConfig(118)) - ServiceID for OzoneManager is om-service-test1
2022-02-15 23:29:56,541 [Listener at 127.0.0.1/36451] INFO  ha.OMHANodeDetails (OMHANodeDetails.java:loadOMHAConfig(193)) - Found matching OM address with OMServiceId: om-service-test1, OMNodeId: omNode-2, RPC Address: localhost:44461 and Ratis port: 42205
2022-02-15 23:29:56,541 [Listener at 127.0.0.1/36451] INFO  ha.OMHANodeDetails (ConfUtils.java:setNodeSpecificConfigs(108)) - Setting configuration key ozone.om.http-address with value of key ozone.om.http-address.om-service-test1.omNode-2: 127.0.0.1:37991
2022-02-15 23:29:56,541 [Listener at 127.0.0.1/36451] INFO  ha.OMHANodeDetails (ConfUtils.java:setNodeSpecificConfigs(108)) - Setting configuration key ozone.om.https-address with value of key ozone.om.https-address.om-service-test1.omNode-2: 127.0.0.1:40795
2022-02-15 23:29:56,541 [Listener at 127.0.0.1/36451] INFO  ha.OMHANodeDetails (ConfUtils.java:setNodeSpecificConfigs(108)) - Setting configuration key ozone.om.address with value of key ozone.om.address.om-service-test1.omNode-2: 127.0.0.1:44461
2022-02-15 23:29:56,541 [Listener at 127.0.0.1/36451] WARN  server.ServerUtils (ServerUtils.java:getDBPath(225)) - ozone.om.db.dirs is not configured. We recommend adding this setting. Falling back to ozone.metadata.dirs instead.
2022-02-15 23:29:56,544 [org.apache.hadoop.util.JvmPauseMonitor$Monitor@fbd9b1f] INFO  util.JvmPauseMonitor (JvmPauseMonitor.java:run(188)) - Starting JVM pause monitor
OM initialization succeeded.Current cluster id for sd=/home/runner/work/ozone/ozone/hadoop-ozone/integration-test/target/test-dir/MiniOzoneClusterImpl-527fe069-2b78-49eb-8835-8cb6d6ba75bf/omNode-2/om;cid=527fe069-2b78-49eb-8835-8cb6d6ba75bf;layoutVersion=0
2022-02-15 23:29:56,551 [Listener at 127.0.0.1/36451] INFO  ha.OMHANodeDetails (OMHANodeDetails.java:loadOMHAConfig(118)) - ServiceID for OzoneManager is om-service-test1
2022-02-15 23:29:56,551 [Listener at 127.0.0.1/36451] INFO  ha.OMHANodeDetails (OMHANodeDetails.java:loadOMHAConfig(193)) - Found matching OM address with OMServiceId: om-service-test1, OMNodeId: omNode-2, RPC Address: localhost:44461 and Ratis port: 42205
2022-02-15 23:29:56,551 [Listener at 127.0.0.1/36451] INFO  ha.OMHANodeDetails (ConfUtils.java:setNodeSpecificConfigs(108)) - Setting configuration key ozone.om.http-address with value of key ozone.om.http-address.om-service-test1.omNode-2: 127.0.0.1:37991
2022-02-15 23:29:56,552 [Listener at 127.0.0.1/36451] INFO  ha.OMHANodeDetails (ConfUtils.java:setNodeSpecificConfigs(108)) - Setting configuration key ozone.om.https-address with value of key ozone.om.https-address.om-service-test1.omNode-2: 127.0.0.1:40795
2022-02-15 23:29:56,552 [Listener at 127.0.0.1/36451] INFO  ha.OMHANodeDetails (ConfUtils.java:setNodeSpecificConfigs(108)) - Setting configuration key ozone.om.address with value of key ozone.om.address.om-service-test1.omNode-2: 127.0.0.1:44461
2022-02-15 23:29:56,552 [Listener at 127.0.0.1/36451] WARN  server.ServerUtils (ServerUtils.java:getDBPath(225)) - ozone.om.db.dirs is not configured. We recommend adding this setting. Falling back to ozone.metadata.dirs instead.
2022-02-15 23:29:56,552 [Listener at 127.0.0.1/36451] INFO  upgrade.AbstractLayoutVersionManager (AbstractLayoutVersionManager.java:init(79)) - Initializing Layout version manager with metadata layout = INITIAL_VERSION (version = 0), software layout = INITIAL_VERSION (version = 0)
2022-02-15 23:29:56,610 [Listener at 127.0.0.1/36451] INFO  reflections.Reflections (Reflections.java:scan(232)) - Reflections took 56 ms to scan 2 urls, producing 133 keys and 348 values [using 2 cores]
2022-02-15 23:29:56,610 [Listener at 127.0.0.1/36451] INFO  upgrade.OMLayoutVersionManager (OMLayoutVersionManager.java:lambda$0(115)) - Skipping Upgrade Action MockOmUpgradeAction since it has been finalized.
2022-02-15 23:29:56,610 [Listener at 127.0.0.1/36451] WARN  server.ServerUtils (ServerUtils.java:getDBPath(225)) - ozone.om.db.dirs is not configured. We recommend adding this setting. Falling back to ozone.metadata.dirs instead.
2022-02-15 23:29:56,618 [Listener at 127.0.0.1/36451] WARN  server.ServerUtils (ServerUtils.java:getDBPath(225)) - ozone.om.db.dirs is not configured. We recommend adding this setting. Falling back to ozone.metadata.dirs instead.
2022-02-15 23:29:56,619 [Listener at 127.0.0.1/36451] INFO  codec.OmKeyInfoCodec (OmKeyInfoCodec.java:<init>(50)) - OmKeyInfoCodec ignorePipeline = true
2022-02-15 23:29:56,620 [Listener at 127.0.0.1/36451] INFO  codec.RepeatedOmKeyInfoCodec (RepeatedOmKeyInfoCodec.java:<init>(42)) - RepeatedOmKeyInfoCodec ignorePipeline = true
2022-02-15 23:29:56,737 [Listener at 127.0.0.1/36451] INFO  om.OzoneManager (OzoneManager.java:addS3GVolumeToDB(3732)) - Created Volume s3v With Owner runner required for S3Gateway operations.
2022-02-15 23:29:56,737 [Listener at 127.0.0.1/36451] WARN  server.ServerUtils (ServerUtils.java:getDefaultRatisDirectory(237)) - Storage directory for Ratis is not configured. It is a good idea to map this to an SSD disk. Falling back to ozone.metadata.dirs
2022-02-15 23:29:56,738 [Listener at 127.0.0.1/36451] WARN  utils.OzoneManagerRatisUtils (OzoneManagerRatisUtils.java:getOMRatisSnapshotDirectory(330)) - ozone.om.ratis.snapshot.dir is not configured. Falling back to ozone.metadata.dirs config
2022-02-15 23:29:56,738 [Listener at 127.0.0.1/36451] INFO  snapshot.OzoneManagerSnapshotProvider (OzoneManagerSnapshotProvider.java:<init>(76)) - Initializing OM Snapshot Provider
2022-02-15 23:29:56,740 [Listener at 127.0.0.1/36451] WARN  impl.MetricRegistriesImpl (MetricRegistriesImpl.java:addReporterRegistration(111)) - New reporters are added after registries were created. Some metrics will be missing from the reporter. Please add reporter before adding any new registry.
2022-02-15 23:29:56,740 [Listener at 127.0.0.1/36451] WARN  impl.MetricRegistriesImpl (MetricRegistriesImpl.java:addReporterRegistration(111)) - New reporters are added after registries were created. Some metrics will be missing from the reporter. Please add reporter before adding any new registry.
2022-02-15 23:29:56,740 [Listener at 127.0.0.1/36451] WARN  server.ServerUtils (ServerUtils.java:getDefaultRatisDirectory(237)) - Storage directory for Ratis is not configured. It is a good idea to map this to an SSD disk. Falling back to ozone.metadata.dirs
2022-02-15 23:29:56,741 [Listener at 127.0.0.1/36451] INFO  ratis.OzoneManagerRatisServer (OzoneManagerRatisServer.java:<init>(159)) - Instantiating OM Ratis server with groupID: om-service-test1 and peers: localhost:42205, localhost:40001, localhost:37345
2022-02-15 23:29:56,742 [Listener at 127.0.0.1/36451] INFO  ratis.OzoneManagerStateMachine (OzoneManagerStateMachine.java:loadSnapshotInfoFromDB(605)) - LastAppliedIndex is set from TransactionInfo from OM DB as (t:0, i:~)
2022-02-15 23:29:56,742 [Listener at 127.0.0.1/36451] INFO  server.RaftServer (ConfUtils.java:logGet(44)) - raft.rpc.type = GRPC (default)
2022-02-15 23:29:56,742 [Listener at 127.0.0.1/36451] INFO  grpc.GrpcFactory (GrpcFactory.java:checkPooledByteBufAllocatorUseCacheForAllThreads(48)) - PERFORMANCE WARNING: useCacheForAllThreads is true that may cause Netty to create a lot garbage objects and, as a result, trigger GC.
	It is recommended to disable useCacheForAllThreads by setting -Dorg.apache.ratis.thirdparty.io.netty.allocator.useCacheForAllThreads=false in command line.
2022-02-15 23:29:56,742 [Listener at 127.0.0.1/36451] INFO  grpc.GrpcConfigKeys (ConfUtils.java:logGet(44)) - raft.grpc.admin.port = -1 (default)
2022-02-15 23:29:56,742 [Listener at 127.0.0.1/36451] INFO  grpc.GrpcConfigKeys (ConfUtils.java:logGet(44)) - raft.grpc.server.port = 42205 (custom)
2022-02-15 23:29:56,742 [Listener at 127.0.0.1/36451] INFO  grpc.GrpcConfigKeys (ConfUtils.java:logGet(44)) - raft.grpc.client.port = -1 (default)
2022-02-15 23:29:56,742 [Listener at 127.0.0.1/36451] INFO  grpc.GrpcConfigKeys (ConfUtils.java:logGet(44)) - raft.grpc.server.port = 42205 (custom)
2022-02-15 23:29:56,742 [Listener at 127.0.0.1/36451] INFO  grpc.GrpcConfigKeys (ConfUtils.java:logGet(44)) - raft.grpc.server.port = 42205 (custom)
2022-02-15 23:29:56,743 [Listener at 127.0.0.1/36451] INFO  server.GrpcService (ConfUtils.java:logGet(44)) - raft.grpc.message.size.max = 33554432 (custom)
2022-02-15 23:29:56,743 [Listener at 127.0.0.1/36451] INFO  server.RaftServerConfigKeys (ConfUtils.java:logGet(44)) - raft.server.log.appender.buffer.byte-limit = 33554432 (custom)
2022-02-15 23:29:56,743 [Listener at 127.0.0.1/36451] INFO  server.GrpcService (ConfUtils.java:logGet(44)) - raft.grpc.flow.control.window = 1MB (=1048576) (default)
2022-02-15 23:29:56,743 [Listener at 127.0.0.1/36451] INFO  server.RaftServerConfigKeys (ConfUtils.java:logGet(44)) - raft.server.rpc.request.timeout = 3000ms (default)
2022-02-15 23:29:56,744 [Listener at 127.0.0.1/36451] INFO  impl.DataStreamServerImpl (ConfUtils.java:logGet(44)) - raft.datastream.type = DISABLED (default)
2022-02-15 23:29:56,744 [Listener at 127.0.0.1/36451] INFO  server.RaftServerConfigKeys (ConfUtils.java:logGet(44)) - raft.server.rpc.slowness.timeout = 2s (custom)
2022-02-15 23:29:56,744 [Listener at 127.0.0.1/36451] INFO  server.RaftServerConfigKeys (ConfUtils.java:logGet(44)) - raft.server.leaderelection.leader.step-down.wait-time = 10s (default)
2022-02-15 23:29:56,745 [Listener at 127.0.0.1/36451] INFO  server.RaftServerConfigKeys (ConfUtils.java:logGet(44)) - raft.server.storage.dir = [/home/runner/work/ozone/ozone/hadoop-ozone/integration-test/target/test-dir/MiniOzoneClusterImpl-527fe069-2b78-49eb-8835-8cb6d6ba75bf/omNode-2/ratis] (custom)
2022-02-15 23:29:56,745 [Listener at 127.0.0.1/36451] INFO  server.RaftServer (RaftServerProxy.java:addNew(95)) - omNode-2: addNew group-523986131536:[omNode-3|rpc:localhost:40001|priority:0, omNode-1|rpc:localhost:37345|priority:0, omNode-2|rpc:localhost:42205|priority:0] returns group-523986131536:java.util.concurrent.CompletableFuture@30eb427c[Not completed]
2022-02-15 23:29:56,745 [Listener at 127.0.0.1/36451] INFO  om.OzoneManager (OzoneManager.java:initializeRatisServer(1834)) - OzoneManager Ratis server initialized at port 42205
2022-02-15 23:29:56,747 [Listener at 127.0.0.1/36451] INFO  ipc.CallQueueManager (CallQueueManager.java:<init>(90)) - Using callQueue: class java.util.concurrent.LinkedBlockingQueue, queueCapacity: 2000, scheduler: class org.apache.hadoop.ipc.DefaultRpcScheduler, ipcBackoff: false.
2022-02-15 23:29:56,747 [pool-67-thread-1] INFO  server.RaftServer$Division (RaftServerImpl.java:<init>(184)) - omNode-2: new RaftServerImpl for group-523986131536:[omNode-3|rpc:localhost:40001|priority:0, omNode-1|rpc:localhost:37345|priority:0, omNode-2|rpc:localhost:42205|priority:0] with OzoneManagerStateMachine:uninitialized
2022-02-15 23:29:56,748 [Socket Reader #1 for port 44461] INFO  ipc.Server (Server.java:run(1265)) - Starting Socket Reader #1 for port 44461
2022-02-15 23:29:56,760 [pool-67-thread-1] INFO  server.RaftServerConfigKeys (ConfUtils.java:logGet(44)) - raft.server.rpc.timeout.min = 1s (custom)
2022-02-15 23:29:56,760 [pool-67-thread-1] INFO  server.RaftServerConfigKeys (ConfUtils.java:logGet(44)) - raft.server.rpc.timeout.max = 1200ms (custom)
2022-02-15 23:29:56,760 [pool-67-thread-1] INFO  server.RaftServerConfigKeys (ConfUtils.java:logGet(44)) - raft.server.rpc.sleep.time = 25ms (default)
2022-02-15 23:29:56,760 [pool-67-thread-1] INFO  server.RaftServerConfigKeys (ConfUtils.java:logGet(44)) - raft.server.rpc.slowness.timeout = 2s (custom)
2022-02-15 23:29:56,760 [pool-67-thread-1] INFO  server.RaftServerConfigKeys (ConfUtils.java:logGet(44)) - raft.server.leaderelection.leader.step-down.wait-time = 10s (default)
2022-02-15 23:29:56,760 [pool-67-thread-1] INFO  server.RaftServerConfigKeys (ConfUtils.java:logGet(44)) - raft.server.sleep.deviation.threshold = 300ms (default)
2022-02-15 23:29:56,760 [pool-67-thread-1] INFO  server.RaftServerConfigKeys (ConfUtils.java:logGet(44)) - raft.server.log.appender.install.snapshot.enabled = false (custom)
2022-02-15 23:29:56,760 [pool-67-thread-1] INFO  server.RaftServer$Division (ServerState.java:<init>(105)) - omNode-2@group-523986131536: ConfigurationManager, init=-1: [omNode-3|rpc:localhost:40001|priority:0, omNode-1|rpc:localhost:37345|priority:0, omNode-2|rpc:localhost:42205|priority:0], old=null, confs=<EMPTY_MAP>
2022-02-15 23:29:56,760 [pool-67-thread-1] INFO  server.RaftServerConfigKeys (ConfUtils.java:logGet(44)) - raft.server.storage.dir = [/home/runner/work/ozone/ozone/hadoop-ozone/integration-test/target/test-dir/MiniOzoneClusterImpl-527fe069-2b78-49eb-8835-8cb6d6ba75bf/omNode-2/ratis] (custom)
2022-02-15 23:29:56,761 [pool-67-thread-1] INFO  server.RaftServerConfigKeys (ConfUtils.java:logGet(44)) - raft.server.log.corruption.policy = EXCEPTION (default)
2022-02-15 23:29:56,761 [pool-67-thread-1] INFO  server.RaftServerConfigKeys (ConfUtils.java:logGet(44)) - raft.server.storage.free-space.min = 0MB (=0) (default)
2022-02-15 23:29:56,761 [pool-67-thread-1] INFO  storage.RaftStorageDirectory (RaftStorageDirectoryImpl.java:analyzeStorage(135)) - The storage directory /home/runner/work/ozone/ozone/hadoop-ozone/integration-test/target/test-dir/MiniOzoneClusterImpl-527fe069-2b78-49eb-8835-8cb6d6ba75bf/omNode-2/ratis/c9bc4cf4-3bc3-3c60-a66b-523986131536 does not exist. Creating ...
2022-02-15 23:29:56,762 [pool-67-thread-1] INFO  storage.RaftStorageDirectory (RaftStorageDirectoryImpl.java:tryLock(230)) - Lock on /home/runner/work/ozone/ozone/hadoop-ozone/integration-test/target/test-dir/MiniOzoneClusterImpl-527fe069-2b78-49eb-8835-8cb6d6ba75bf/omNode-2/ratis/c9bc4cf4-3bc3-3c60-a66b-523986131536/in_use.lock acquired by nodename 1385@fv-az297-531
2022-02-15 23:29:56,767 [pool-67-thread-1] INFO  storage.RaftStorage (RaftStorageImpl.java:format(89)) - Storage directory /home/runner/work/ozone/ozone/hadoop-ozone/integration-test/target/test-dir/MiniOzoneClusterImpl-527fe069-2b78-49eb-8835-8cb6d6ba75bf/omNode-2/ratis/c9bc4cf4-3bc3-3c60-a66b-523986131536 has been successfully formatted.
2022-02-15 23:29:56,768 [pool-67-thread-1] INFO  server.RaftServerConfigKeys (ConfUtils.java:logGet(44)) - raft.server.notification.no-leader.timeout = 2s (custom)
2022-02-15 23:29:56,768 [pool-67-thread-1] INFO  server.RaftServerConfigKeys (ConfUtils.java:logGet(44)) - raft.server.log.use.memory = false (default)
2022-02-15 23:29:56,768 [pool-67-thread-1] INFO  server.RaftServerConfigKeys (ConfUtils.java:logGet(44)) - raft.server.log.purge.gap = 50 (custom)
2022-02-15 23:29:56,768 [pool-67-thread-1] INFO  server.RaftServerConfigKeys (ConfUtils.java:logGet(44)) - raft.server.log.appender.buffer.byte-limit = 33554432 (custom)
2022-02-15 23:29:56,768 [pool-67-thread-1] INFO  server.RaftServerConfigKeys (ConfUtils.java:logGet(44)) - raft.server.log.segment.size.max = 4194304 (custom)
2022-02-15 23:29:56,769 [pool-67-thread-1] INFO  server.RaftServerConfigKeys (ConfUtils.java:logGet(44)) - raft.server.log.segment.cache.num.max = 2 (custom)
2022-02-15 23:29:56,769 [pool-67-thread-1] INFO  server.RaftServerConfigKeys (ConfUtils.java:logGet(44)) - raft.server.log.segment.cache.size.max = 200MB (=209715200) (default)
2022-02-15 23:29:56,769 [pool-67-thread-1] INFO  segmented.SegmentedRaftLogWorker (SegmentedRaftLogWorker.java:<init>(182)) - new omNode-2@group-523986131536-SegmentedRaftLogWorker for RaftStorageImpl:Storage Directory /home/runner/work/ozone/ozone/hadoop-ozone/integration-test/target/test-dir/MiniOzoneClusterImpl-527fe069-2b78-49eb-8835-8cb6d6ba75bf/omNode-2/ratis/c9bc4cf4-3bc3-3c60-a66b-523986131536
2022-02-15 23:29:56,769 [pool-67-thread-1] INFO  server.RaftServerConfigKeys (ConfUtils.java:logGet(44)) - raft.server.log.queue.byte-limit = 64MB (=67108864) (default)
2022-02-15 23:29:56,769 [pool-67-thread-1] INFO  server.RaftServerConfigKeys (ConfUtils.java:logGet(44)) - raft.server.log.queue.element-limit = 4096 (default)
2022-02-15 23:29:56,769 [pool-67-thread-1] INFO  server.RaftServerConfigKeys (ConfUtils.java:logGet(44)) - raft.server.log.segment.size.max = 4194304 (custom)
2022-02-15 23:29:56,769 [pool-67-thread-1] INFO  server.RaftServerConfigKeys (ConfUtils.java:logGet(44)) - raft.server.log.preallocated.size = 4194304 (custom)
2022-02-15 23:29:56,769 [pool-67-thread-1] INFO  server.RaftServerConfigKeys (ConfUtils.java:logGet(44)) - raft.server.log.force.sync.num = 128 (default)
2022-02-15 23:29:56,769 [pool-67-thread-1] INFO  server.RaftServerConfigKeys (ConfUtils.java:logGet(44)) - raft.server.log.statemachine.data.sync = true (default)
2022-02-15 23:29:56,769 [pool-67-thread-1] INFO  server.RaftServerConfigKeys (ConfUtils.java:logGet(44)) - raft.server.log.statemachine.data.sync.timeout = 10s (default)
2022-02-15 23:29:56,769 [pool-67-thread-1] INFO  server.RaftServerConfigKeys (ConfUtils.java:logGet(44)) - raft.server.log.statemachine.data.sync.timeout.retry = -1 (default)
2022-02-15 23:29:56,770 [pool-67-thread-1] INFO  server.RaftServerConfigKeys (ConfUtils.java:logGet(44)) - raft.server.log.write.buffer.size = 64KB (=65536) (default)
2022-02-15 23:29:56,770 [pool-67-thread-1] INFO  server.RaftServerConfigKeys (ConfUtils.java:logGet(44)) - raft.server.log.statemachine.data.caching.enabled = false (default)
2022-02-15 23:29:56,770 [pool-67-thread-1] INFO  segmented.SegmentedRaftLogWorker (SegmentedRaftLogWorker.java:lambda$new$0(133)) - omNode-2@group-523986131536-SegmentedRaftLogWorker: flushIndex: setUnconditionally 0 -> -1
2022-02-15 23:29:56,770 [pool-67-thread-1] INFO  segmented.SegmentedRaftLogWorker (SegmentedRaftLogWorker.java:lambda$new$0(133)) - omNode-2@group-523986131536-SegmentedRaftLogWorker: safeCacheEvictIndex: setUnconditionally 0 -> -1
2022-02-15 23:29:56,771 [pool-67-thread-1] INFO  server.RaftServerConfigKeys (ConfUtils.java:logGet(44)) - raft.server.snapshot.auto.trigger.enabled = true (custom)
2022-02-15 23:29:56,771 [pool-67-thread-1] INFO  server.RaftServerConfigKeys (ConfUtils.java:logGet(44)) - raft.server.snapshot.auto.trigger.threshold = 50 (custom)
2022-02-15 23:29:56,771 [pool-67-thread-1] INFO  server.RaftServerConfigKeys (ConfUtils.java:logGet(44)) - raft.server.snapshot.retention.file.num = -1 (default)
2022-02-15 23:29:56,771 [pool-67-thread-1] INFO  server.RaftServerConfigKeys (ConfUtils.java:logGet(44)) - raft.server.log.purge.upto.snapshot.index = true (custom)
2022-02-15 23:29:56,771 [pool-67-thread-1] INFO  server.RaftServerConfigKeys (ConfUtils.java:logGet(44)) - raft.server.retrycache.expirytime = 30000ms (custom)
2022-02-15 23:29:56,772 [pool-67-thread-1] INFO  server.RaftServerConfigKeys (ConfUtils.java:logGet(44)) - raft.server.retrycache.statistics.expirytime = 100μs (default)
2022-02-15 23:29:56,776 [Listener at 127.0.0.1/44461] INFO  impl.MetricsSystemImpl (MetricsSystemImpl.java:init(158)) - OzoneManager metrics system started (again)
2022-02-15 23:29:56,787 [Listener at 127.0.0.1/44461] INFO  om.OzoneManager (OzoneManager.java:start(1365)) - OzoneManager RPC server is listening at localhost/127.0.0.1:44461
2022-02-15 23:29:56,787 [Listener at 127.0.0.1/44461] INFO  ratis.OzoneManagerRatisServer (OzoneManagerRatisServer.java:start(554)) - Starting OzoneManagerRatisServer omNode-2 at port 42205
2022-02-15 23:29:56,787 [Listener at 127.0.0.1/44461] INFO  server.RaftServer$Division (RaftServerImpl.java:start(301)) - omNode-2@group-523986131536: start as a follower, conf=-1: [omNode-3|rpc:localhost:40001|priority:0, omNode-1|rpc:localhost:37345|priority:0, omNode-2|rpc:localhost:42205|priority:0], old=null
2022-02-15 23:29:56,787 [Listener at 127.0.0.1/44461] INFO  server.RaftServer$Division (RaftServerImpl.java:setRole(290)) - omNode-2@group-523986131536: changes role from      null to FOLLOWER at term 0 for startAsFollower
2022-02-15 23:29:56,788 [Listener at 127.0.0.1/44461] INFO  impl.RoleInfo (RoleInfo.java:updateAndGet(130)) - omNode-2: start omNode-2@group-523986131536-FollowerState
2022-02-15 23:29:56,788 [Listener at 127.0.0.1/44461] INFO  util.JmxRegister (JmxRegister.java:tryRegister(44)) - Successfully registered JMX Bean with object name Ratis:service=RaftServer,group=group-523986131536,id=omNode-2
2022-02-15 23:29:56,789 [Listener at 127.0.0.1/44461] INFO  server.RaftServer (RaftServerProxy.java:lambda$start$5(374)) - omNode-2: start RPC server
2022-02-15 23:29:56,792 [Listener at 127.0.0.1/44461] INFO  server.GrpcService (GrpcService.java:startImpl(253)) - omNode-2: GrpcService started, listening on 42205
2022-02-15 23:29:56,792 [org.apache.ratis.util.JvmPauseMonitor$$Lambda$422/911895107@e68c09d] INFO  util.JvmPauseMonitor (JvmPauseMonitor.java:run(103)) - JvmPauseMonitor-omNode-2: Started
2022-02-15 23:29:56,792 [Listener at 127.0.0.1/44461] INFO  om.OzoneManager (OzoneManager.java:start(1381)) - Version File has different layout version (0) than OM DB (null). That is expected if this OM has never been finalized to a newer layout version.
2022-02-15 23:29:56,796 [Listener at 127.0.0.1/44461] INFO  http.BaseHttpServer (BaseHttpServer.java:newHttpServer2BuilderForOzone(209)) - Starting Web-server for ozoneManager at: http://0.0.0.0:37991
2022-02-15 23:29:56,796 [Listener at 127.0.0.1/44461] INFO  http.BaseHttpServer (BaseHttpServer.java:<init>(107)) - Hadoop Security Enabled: false Ozone Security Enabled: false Ozone HTTP Security Enabled: false 
2022-02-15 23:29:56,798 [Listener at 127.0.0.1/44461] INFO  server.AuthenticationFilter (AuthenticationFilter.java:constructSecretProvider(240)) - Unable to initialize FileSignerSecretProvider, falling back to use random secrets.
2022-02-15 23:29:56,799 [Listener at 127.0.0.1/44461] WARN  http.HttpRequestLog (HttpRequestLog.java:getRequestLog(103)) - Jetty request log can only be enabled using Log4j
2022-02-15 23:29:56,800 [Listener at 127.0.0.1/44461] INFO  http.HttpServer2 (HttpServer2.java:addGlobalFilter(1030)) - Added global filter 'safety' (class=org.apache.hadoop.hdds.server.http.HttpServer2$QuotingInputFilter)
2022-02-15 23:29:56,801 [Listener at 127.0.0.1/44461] INFO  http.HttpServer2 (HttpServer2.java:addFilter(1006)) - Added filter static_user_filter (class=org.apache.hadoop.http.lib.StaticUserWebFilter$StaticUserFilter) to context ozoneManager
2022-02-15 23:29:56,801 [Listener at 127.0.0.1/44461] INFO  http.HttpServer2 (HttpServer2.java:addFilter(1014)) - Added filter static_user_filter (class=org.apache.hadoop.http.lib.StaticUserWebFilter$StaticUserFilter) to context logs
2022-02-15 23:29:56,801 [Listener at 127.0.0.1/44461] INFO  http.HttpServer2 (HttpServer2.java:addFilter(1014)) - Added filter static_user_filter (class=org.apache.hadoop.http.lib.StaticUserWebFilter$StaticUserFilter) to context static
2022-02-15 23:29:56,802 [Listener at 127.0.0.1/44461] INFO  http.HttpServer2 (HttpServer2.java:bindListener(1249)) - Jetty bound to port 37991
2022-02-15 23:29:56,802 [Listener at 127.0.0.1/44461] INFO  server.Server (Server.java:doStart(375)) - jetty-9.4.43.v20210629; built: 2021-06-30T11:07:22.254Z; git: 526006ecfa3af7f1a27ef3a288e2bef7ea9dd7e8; jvm 1.8.0_312-b07
2022-02-15 23:29:56,808 [Listener at 127.0.0.1/44461] INFO  server.session (DefaultSessionIdManager.java:doStart(334)) - DefaultSessionIdManager workerName=node0
2022-02-15 23:29:56,808 [Listener at 127.0.0.1/44461] INFO  server.session (DefaultSessionIdManager.java:doStart(339)) - No SessionScavenger set, using defaults
2022-02-15 23:29:56,808 [Listener at 127.0.0.1/44461] INFO  server.session (HouseKeeper.java:startScavenging(132)) - node0 Scavenging every 660000ms
2022-02-15 23:29:56,809 [Listener at 127.0.0.1/44461] INFO  handler.ContextHandler (ContextHandler.java:doStart(915)) - Started o.e.j.s.ServletContextHandler@6c861b25{logs,/logs,file:///home/runner/work/ozone/ozone/hadoop-ozone/integration-test/target/log,AVAILABLE}
2022-02-15 23:29:56,809 [Listener at 127.0.0.1/44461] INFO  handler.ContextHandler (ContextHandler.java:doStart(915)) - Started o.e.j.s.ServletContextHandler@4184bced{static,/static,file:///home/runner/work/ozone/ozone/hadoop-ozone/integration-test/target/test-classes/webapps/static,AVAILABLE}
2022-02-15 23:29:56,813 [Listener at 127.0.0.1/44461] INFO  handler.ContextHandler (ContextHandler.java:doStart(915)) - Started o.e.j.w.WebAppContext@72e1a349{ozoneManager,/,file:///home/runner/work/ozone/ozone/hadoop-ozone/integration-test/target/test-classes/webapps/ozoneManager/,AVAILABLE}{file:/home/runner/work/ozone/ozone/hadoop-ozone/integration-test/target/test-classes/webapps/ozoneManager}
2022-02-15 23:29:56,814 [Listener at 127.0.0.1/44461] INFO  server.AbstractConnector (AbstractConnector.java:doStart(331)) - Started ServerConnector@7b303608{HTTP/1.1, (http/1.1)}{0.0.0.0:37991}
2022-02-15 23:29:56,814 [Listener at 127.0.0.1/44461] INFO  server.Server (Server.java:doStart(415)) - Started @18035ms
2022-02-15 23:29:56,814 [Listener at 127.0.0.1/44461] WARN  impl.MetricsSystemImpl (MetricsSystemImpl.java:register(279)) - Sink prometheus already exists!
2022-02-15 23:29:56,815 [Listener at 127.0.0.1/44461] INFO  http.BaseHttpServer (BaseHttpServer.java:updateConnectorAddress(329)) - HTTP server of ozoneManager listening at http://0.0.0.0:37991
2022-02-15 23:29:56,815 [IPC Server Responder] INFO  ipc.Server (Server.java:run(1507)) - IPC Server Responder: starting
2022-02-15 23:29:56,819 [IPC Server listener on 44461] INFO  ipc.Server (Server.java:run(1344)) - IPC Server listener on 44461: starting
2022-02-15 23:29:56,825 [Listener at 127.0.0.1/44461] INFO  om.OzoneManager (OzoneManager.java:startTrashEmptier(1792)) - Trash Interval set to 0. Files deleted will not move to trash
2022-02-15 23:29:56,826 [Listener at 127.0.0.1/44461] INFO  ozone.MiniOzoneHAClusterImpl (MiniOzoneHAClusterImpl.java:createOMService(522)) - Started OzoneManager omNode-2 RPC server at localhost/127.0.0.1:44461
2022-02-15 23:29:56,826 [org.apache.hadoop.util.JvmPauseMonitor$Monitor@1daf79ab] INFO  util.JvmPauseMonitor (JvmPauseMonitor.java:run(188)) - Starting JVM pause monitor
2022-02-15 23:29:56,826 [Listener at 127.0.0.1/44461] INFO  ha.OMHANodeDetails (OMHANodeDetails.java:loadOMHAConfig(118)) - ServiceID for OzoneManager is om-service-test1
2022-02-15 23:29:56,827 [Listener at 127.0.0.1/44461] INFO  ha.OMHANodeDetails (OMHANodeDetails.java:loadOMHAConfig(193)) - Found matching OM address with OMServiceId: om-service-test1, OMNodeId: omNode-3, RPC Address: localhost:33593 and Ratis port: 40001
2022-02-15 23:29:56,827 [Listener at 127.0.0.1/44461] INFO  ha.OMHANodeDetails (ConfUtils.java:setNodeSpecificConfigs(108)) - Setting configuration key ozone.om.http-address with value of key ozone.om.http-address.om-service-test1.omNode-3: 127.0.0.1:43611
2022-02-15 23:29:56,827 [Listener at 127.0.0.1/44461] INFO  ha.OMHANodeDetails (ConfUtils.java:setNodeSpecificConfigs(108)) - Setting configuration key ozone.om.https-address with value of key ozone.om.https-address.om-service-test1.omNode-3: 127.0.0.1:37343
2022-02-15 23:29:56,827 [Listener at 127.0.0.1/44461] INFO  ha.OMHANodeDetails (ConfUtils.java:setNodeSpecificConfigs(108)) - Setting configuration key ozone.om.address with value of key ozone.om.address.om-service-test1.omNode-3: 127.0.0.1:33593
2022-02-15 23:29:56,827 [Listener at 127.0.0.1/44461] WARN  server.ServerUtils (ServerUtils.java:getDBPath(225)) - ozone.om.db.dirs is not configured. We recommend adding this setting. Falling back to ozone.metadata.dirs instead.
OM initialization succeeded.Current cluster id for sd=/home/runner/work/ozone/ozone/hadoop-ozone/integration-test/target/test-dir/MiniOzoneClusterImpl-527fe069-2b78-49eb-8835-8cb6d6ba75bf/omNode-3/om;cid=527fe069-2b78-49eb-8835-8cb6d6ba75bf;layoutVersion=0
2022-02-15 23:29:56,835 [Listener at 127.0.0.1/44461] INFO  ha.OMHANodeDetails (OMHANodeDetails.java:loadOMHAConfig(118)) - ServiceID for OzoneManager is om-service-test1
2022-02-15 23:29:56,835 [Listener at 127.0.0.1/44461] INFO  ha.OMHANodeDetails (OMHANodeDetails.java:loadOMHAConfig(193)) - Found matching OM address with OMServiceId: om-service-test1, OMNodeId: omNode-3, RPC Address: localhost:33593 and Ratis port: 40001
2022-02-15 23:29:56,835 [Listener at 127.0.0.1/44461] INFO  ha.OMHANodeDetails (ConfUtils.java:setNodeSpecificConfigs(108)) - Setting configuration key ozone.om.http-address with value of key ozone.om.http-address.om-service-test1.omNode-3: 127.0.0.1:43611
2022-02-15 23:29:56,835 [Listener at 127.0.0.1/44461] INFO  ha.OMHANodeDetails (ConfUtils.java:setNodeSpecificConfigs(108)) - Setting configuration key ozone.om.https-address with value of key ozone.om.https-address.om-service-test1.omNode-3: 127.0.0.1:37343
2022-02-15 23:29:56,835 [Listener at 127.0.0.1/44461] INFO  ha.OMHANodeDetails (ConfUtils.java:setNodeSpecificConfigs(108)) - Setting configuration key ozone.om.address with value of key ozone.om.address.om-service-test1.omNode-3: 127.0.0.1:33593
2022-02-15 23:29:56,835 [Listener at 127.0.0.1/44461] WARN  server.ServerUtils (ServerUtils.java:getDBPath(225)) - ozone.om.db.dirs is not configured. We recommend adding this setting. Falling back to ozone.metadata.dirs instead.
2022-02-15 23:29:56,836 [Listener at 127.0.0.1/44461] INFO  upgrade.AbstractLayoutVersionManager (AbstractLayoutVersionManager.java:init(79)) - Initializing Layout version manager with metadata layout = INITIAL_VERSION (version = 0), software layout = INITIAL_VERSION (version = 0)
2022-02-15 23:29:56,890 [Listener at 127.0.0.1/44461] INFO  reflections.Reflections (Reflections.java:scan(232)) - Reflections took 53 ms to scan 2 urls, producing 133 keys and 348 values [using 2 cores]
2022-02-15 23:29:56,891 [Listener at 127.0.0.1/44461] INFO  upgrade.OMLayoutVersionManager (OMLayoutVersionManager.java:lambda$0(115)) - Skipping Upgrade Action MockOmUpgradeAction since it has been finalized.
2022-02-15 23:29:56,891 [Listener at 127.0.0.1/44461] WARN  server.ServerUtils (ServerUtils.java:getDBPath(225)) - ozone.om.db.dirs is not configured. We recommend adding this setting. Falling back to ozone.metadata.dirs instead.
2022-02-15 23:29:56,904 [Listener at 127.0.0.1/44461] WARN  server.ServerUtils (ServerUtils.java:getDBPath(225)) - ozone.om.db.dirs is not configured. We recommend adding this setting. Falling back to ozone.metadata.dirs instead.
2022-02-15 23:29:56,906 [Listener at 127.0.0.1/44461] INFO  codec.OmKeyInfoCodec (OmKeyInfoCodec.java:<init>(50)) - OmKeyInfoCodec ignorePipeline = true
2022-02-15 23:29:56,906 [Listener at 127.0.0.1/44461] INFO  codec.RepeatedOmKeyInfoCodec (RepeatedOmKeyInfoCodec.java:<init>(42)) - RepeatedOmKeyInfoCodec ignorePipeline = true
2022-02-15 23:29:57,015 [Listener at 127.0.0.1/44461] INFO  om.OzoneManager (OzoneManager.java:addS3GVolumeToDB(3732)) - Created Volume s3v With Owner runner required for S3Gateway operations.
2022-02-15 23:29:57,016 [Listener at 127.0.0.1/44461] WARN  server.ServerUtils (ServerUtils.java:getDefaultRatisDirectory(237)) - Storage directory for Ratis is not configured. It is a good idea to map this to an SSD disk. Falling back to ozone.metadata.dirs
2022-02-15 23:29:57,016 [Listener at 127.0.0.1/44461] WARN  utils.OzoneManagerRatisUtils (OzoneManagerRatisUtils.java:getOMRatisSnapshotDirectory(330)) - ozone.om.ratis.snapshot.dir is not configured. Falling back to ozone.metadata.dirs config
2022-02-15 23:29:57,016 [Listener at 127.0.0.1/44461] INFO  snapshot.OzoneManagerSnapshotProvider (OzoneManagerSnapshotProvider.java:<init>(76)) - Initializing OM Snapshot Provider
2022-02-15 23:29:57,017 [Listener at 127.0.0.1/44461] WARN  impl.MetricRegistriesImpl (MetricRegistriesImpl.java:addReporterRegistration(111)) - New reporters are added after registries were created. Some metrics will be missing from the reporter. Please add reporter before adding any new registry.
2022-02-15 23:29:57,018 [Listener at 127.0.0.1/44461] WARN  impl.MetricRegistriesImpl (MetricRegistriesImpl.java:addReporterRegistration(111)) - New reporters are added after registries were created. Some metrics will be missing from the reporter. Please add reporter before adding any new registry.
2022-02-15 23:29:57,018 [Listener at 127.0.0.1/44461] WARN  server.ServerUtils (ServerUtils.java:getDefaultRatisDirectory(237)) - Storage directory for Ratis is not configured. It is a good idea to map this to an SSD disk. Falling back to ozone.metadata.dirs
2022-02-15 23:29:57,019 [Listener at 127.0.0.1/44461] INFO  ratis.OzoneManagerRatisServer (OzoneManagerRatisServer.java:<init>(159)) - Instantiating OM Ratis server with groupID: om-service-test1 and peers: localhost:40001, localhost:37345, localhost:42205
2022-02-15 23:29:57,019 [Listener at 127.0.0.1/44461] INFO  ratis.OzoneManagerStateMachine (OzoneManagerStateMachine.java:loadSnapshotInfoFromDB(605)) - LastAppliedIndex is set from TransactionInfo from OM DB as (t:0, i:~)
2022-02-15 23:29:57,020 [Listener at 127.0.0.1/44461] INFO  server.RaftServer (ConfUtils.java:logGet(44)) - raft.rpc.type = GRPC (default)
2022-02-15 23:29:57,020 [Listener at 127.0.0.1/44461] INFO  grpc.GrpcFactory (GrpcFactory.java:checkPooledByteBufAllocatorUseCacheForAllThreads(48)) - PERFORMANCE WARNING: useCacheForAllThreads is true that may cause Netty to create a lot garbage objects and, as a result, trigger GC.
	It is recommended to disable useCacheForAllThreads by setting -Dorg.apache.ratis.thirdparty.io.netty.allocator.useCacheForAllThreads=false in command line.
2022-02-15 23:29:57,020 [Listener at 127.0.0.1/44461] INFO  grpc.GrpcConfigKeys (ConfUtils.java:logGet(44)) - raft.grpc.admin.port = -1 (default)
2022-02-15 23:29:57,020 [Listener at 127.0.0.1/44461] INFO  grpc.GrpcConfigKeys (ConfUtils.java:logGet(44)) - raft.grpc.server.port = 40001 (custom)
2022-02-15 23:29:57,020 [Listener at 127.0.0.1/44461] INFO  grpc.GrpcConfigKeys (ConfUtils.java:logGet(44)) - raft.grpc.client.port = -1 (default)
2022-02-15 23:29:57,020 [Listener at 127.0.0.1/44461] INFO  grpc.GrpcConfigKeys (ConfUtils.java:logGet(44)) - raft.grpc.server.port = 40001 (custom)
2022-02-15 23:29:57,021 [Listener at 127.0.0.1/44461] INFO  grpc.GrpcConfigKeys (ConfUtils.java:logGet(44)) - raft.grpc.server.port = 40001 (custom)
2022-02-15 23:29:57,021 [Listener at 127.0.0.1/44461] INFO  server.GrpcService (ConfUtils.java:logGet(44)) - raft.grpc.message.size.max = 33554432 (custom)
2022-02-15 23:29:57,021 [Listener at 127.0.0.1/44461] INFO  server.RaftServerConfigKeys (ConfUtils.java:logGet(44)) - raft.server.log.appender.buffer.byte-limit = 33554432 (custom)
2022-02-15 23:29:57,021 [Listener at 127.0.0.1/44461] INFO  server.GrpcService (ConfUtils.java:logGet(44)) - raft.grpc.flow.control.window = 1MB (=1048576) (default)
2022-02-15 23:29:57,021 [Listener at 127.0.0.1/44461] INFO  server.RaftServerConfigKeys (ConfUtils.java:logGet(44)) - raft.server.rpc.request.timeout = 3000ms (default)
2022-02-15 23:29:57,023 [Listener at 127.0.0.1/44461] INFO  impl.DataStreamServerImpl (ConfUtils.java:logGet(44)) - raft.datastream.type = DISABLED (default)
2022-02-15 23:29:57,023 [Listener at 127.0.0.1/44461] INFO  server.RaftServerConfigKeys (ConfUtils.java:logGet(44)) - raft.server.rpc.slowness.timeout = 2s (custom)
2022-02-15 23:29:57,023 [Listener at 127.0.0.1/44461] INFO  server.RaftServerConfigKeys (ConfUtils.java:logGet(44)) - raft.server.leaderelection.leader.step-down.wait-time = 10s (default)
2022-02-15 23:29:57,023 [Listener at 127.0.0.1/44461] INFO  server.RaftServerConfigKeys (ConfUtils.java:logGet(44)) - raft.server.storage.dir = [/home/runner/work/ozone/ozone/hadoop-ozone/integration-test/target/test-dir/MiniOzoneClusterImpl-527fe069-2b78-49eb-8835-8cb6d6ba75bf/omNode-3/ratis] (custom)
2022-02-15 23:29:57,023 [Listener at 127.0.0.1/44461] INFO  server.RaftServer (RaftServerProxy.java:addNew(95)) - omNode-3: addNew group-523986131536:[omNode-3|rpc:localhost:40001|priority:0, omNode-1|rpc:localhost:37345|priority:0, omNode-2|rpc:localhost:42205|priority:0] returns group-523986131536:java.util.concurrent.CompletableFuture@79805d37[Not completed]
2022-02-15 23:29:57,024 [Listener at 127.0.0.1/44461] INFO  om.OzoneManager (OzoneManager.java:initializeRatisServer(1834)) - OzoneManager Ratis server initialized at port 40001
2022-02-15 23:29:57,026 [Listener at 127.0.0.1/44461] INFO  ipc.CallQueueManager (CallQueueManager.java:<init>(90)) - Using callQueue: class java.util.concurrent.LinkedBlockingQueue, queueCapacity: 2000, scheduler: class org.apache.hadoop.ipc.DefaultRpcScheduler, ipcBackoff: false.
2022-02-15 23:29:57,026 [Socket Reader #1 for port 33593] INFO  ipc.Server (Server.java:run(1265)) - Starting Socket Reader #1 for port 33593
2022-02-15 23:29:57,036 [pool-88-thread-1] INFO  server.RaftServer$Division (RaftServerImpl.java:<init>(184)) - omNode-3: new RaftServerImpl for group-523986131536:[omNode-3|rpc:localhost:40001|priority:0, omNode-1|rpc:localhost:37345|priority:0, omNode-2|rpc:localhost:42205|priority:0] with OzoneManagerStateMachine:uninitialized
2022-02-15 23:29:57,036 [pool-88-thread-1] INFO  server.RaftServerConfigKeys (ConfUtils.java:logGet(44)) - raft.server.rpc.timeout.min = 1s (custom)
2022-02-15 23:29:57,036 [pool-88-thread-1] INFO  server.RaftServerConfigKeys (ConfUtils.java:logGet(44)) - raft.server.rpc.timeout.max = 1200ms (custom)
2022-02-15 23:29:57,036 [pool-88-thread-1] INFO  server.RaftServerConfigKeys (ConfUtils.java:logGet(44)) - raft.server.rpc.sleep.time = 25ms (default)
2022-02-15 23:29:57,036 [pool-88-thread-1] INFO  server.RaftServerConfigKeys (ConfUtils.java:logGet(44)) - raft.server.rpc.slowness.timeout = 2s (custom)
2022-02-15 23:29:57,036 [pool-88-thread-1] INFO  server.RaftServerConfigKeys (ConfUtils.java:logGet(44)) - raft.server.leaderelection.leader.step-down.wait-time = 10s (default)
2022-02-15 23:29:57,037 [pool-88-thread-1] INFO  server.RaftServerConfigKeys (ConfUtils.java:logGet(44)) - raft.server.sleep.deviation.threshold = 300ms (default)
2022-02-15 23:29:57,037 [pool-88-thread-1] INFO  server.RaftServerConfigKeys (ConfUtils.java:logGet(44)) - raft.server.log.appender.install.snapshot.enabled = false (custom)
2022-02-15 23:29:57,037 [pool-88-thread-1] INFO  server.RaftServer$Division (ServerState.java:<init>(105)) - omNode-3@group-523986131536: ConfigurationManager, init=-1: [omNode-3|rpc:localhost:40001|priority:0, omNode-1|rpc:localhost:37345|priority:0, omNode-2|rpc:localhost:42205|priority:0], old=null, confs=<EMPTY_MAP>
2022-02-15 23:29:57,037 [pool-88-thread-1] INFO  server.RaftServerConfigKeys (ConfUtils.java:logGet(44)) - raft.server.storage.dir = [/home/runner/work/ozone/ozone/hadoop-ozone/integration-test/target/test-dir/MiniOzoneClusterImpl-527fe069-2b78-49eb-8835-8cb6d6ba75bf/omNode-3/ratis] (custom)
2022-02-15 23:29:57,048 [pool-88-thread-1] INFO  server.RaftServerConfigKeys (ConfUtils.java:logGet(44)) - raft.server.log.corruption.policy = EXCEPTION (default)
2022-02-15 23:29:57,048 [pool-88-thread-1] INFO  server.RaftServerConfigKeys (ConfUtils.java:logGet(44)) - raft.server.storage.free-space.min = 0MB (=0) (default)
2022-02-15 23:29:57,048 [pool-88-thread-1] INFO  storage.RaftStorageDirectory (RaftStorageDirectoryImpl.java:analyzeStorage(135)) - The storage directory /home/runner/work/ozone/ozone/hadoop-ozone/integration-test/target/test-dir/MiniOzoneClusterImpl-527fe069-2b78-49eb-8835-8cb6d6ba75bf/omNode-3/ratis/c9bc4cf4-3bc3-3c60-a66b-523986131536 does not exist. Creating ...
2022-02-15 23:29:57,049 [pool-88-thread-1] INFO  storage.RaftStorageDirectory (RaftStorageDirectoryImpl.java:tryLock(230)) - Lock on /home/runner/work/ozone/ozone/hadoop-ozone/integration-test/target/test-dir/MiniOzoneClusterImpl-527fe069-2b78-49eb-8835-8cb6d6ba75bf/omNode-3/ratis/c9bc4cf4-3bc3-3c60-a66b-523986131536/in_use.lock acquired by nodename 1385@fv-az297-531
2022-02-15 23:29:57,050 [pool-88-thread-1] INFO  storage.RaftStorage (RaftStorageImpl.java:format(89)) - Storage directory /home/runner/work/ozone/ozone/hadoop-ozone/integration-test/target/test-dir/MiniOzoneClusterImpl-527fe069-2b78-49eb-8835-8cb6d6ba75bf/omNode-3/ratis/c9bc4cf4-3bc3-3c60-a66b-523986131536 has been successfully formatted.
2022-02-15 23:29:57,051 [pool-88-thread-1] INFO  server.RaftServerConfigKeys (ConfUtils.java:logGet(44)) - raft.server.notification.no-leader.timeout = 2s (custom)
2022-02-15 23:29:57,051 [pool-88-thread-1] INFO  server.RaftServerConfigKeys (ConfUtils.java:logGet(44)) - raft.server.log.use.memory = false (default)
2022-02-15 23:29:57,051 [pool-88-thread-1] INFO  server.RaftServerConfigKeys (ConfUtils.java:logGet(44)) - raft.server.log.purge.gap = 50 (custom)
2022-02-15 23:29:57,051 [pool-88-thread-1] INFO  server.RaftServerConfigKeys (ConfUtils.java:logGet(44)) - raft.server.log.appender.buffer.byte-limit = 33554432 (custom)
2022-02-15 23:29:57,051 [pool-88-thread-1] INFO  server.RaftServerConfigKeys (ConfUtils.java:logGet(44)) - raft.server.log.segment.size.max = 4194304 (custom)
2022-02-15 23:29:57,052 [pool-88-thread-1] INFO  server.RaftServerConfigKeys (ConfUtils.java:logGet(44)) - raft.server.log.segment.cache.num.max = 2 (custom)
2022-02-15 23:29:57,053 [pool-88-thread-1] INFO  server.RaftServerConfigKeys (ConfUtils.java:logGet(44)) - raft.server.log.segment.cache.size.max = 200MB (=209715200) (default)
2022-02-15 23:29:57,053 [pool-88-thread-1] INFO  segmented.SegmentedRaftLogWorker (SegmentedRaftLogWorker.java:<init>(182)) - new omNode-3@group-523986131536-SegmentedRaftLogWorker for RaftStorageImpl:Storage Directory /home/runner/work/ozone/ozone/hadoop-ozone/integration-test/target/test-dir/MiniOzoneClusterImpl-527fe069-2b78-49eb-8835-8cb6d6ba75bf/omNode-3/ratis/c9bc4cf4-3bc3-3c60-a66b-523986131536
2022-02-15 23:29:57,060 [pool-88-thread-1] INFO  server.RaftServerConfigKeys (ConfUtils.java:logGet(44)) - raft.server.log.queue.byte-limit = 64MB (=67108864) (default)
2022-02-15 23:29:57,060 [pool-88-thread-1] INFO  server.RaftServerConfigKeys (ConfUtils.java:logGet(44)) - raft.server.log.queue.element-limit = 4096 (default)
2022-02-15 23:29:57,060 [pool-88-thread-1] INFO  server.RaftServerConfigKeys (ConfUtils.java:logGet(44)) - raft.server.log.segment.size.max = 4194304 (custom)
2022-02-15 23:29:57,061 [pool-88-thread-1] INFO  server.RaftServerConfigKeys (ConfUtils.java:logGet(44)) - raft.server.log.preallocated.size = 4194304 (custom)
2022-02-15 23:29:57,061 [pool-88-thread-1] INFO  server.RaftServerConfigKeys (ConfUtils.java:logGet(44)) - raft.server.log.force.sync.num = 128 (default)
2022-02-15 23:29:57,061 [pool-88-thread-1] INFO  server.RaftServerConfigKeys (ConfUtils.java:logGet(44)) - raft.server.log.statemachine.data.sync = true (default)
2022-02-15 23:29:57,061 [pool-88-thread-1] INFO  server.RaftServerConfigKeys (ConfUtils.java:logGet(44)) - raft.server.log.statemachine.data.sync.timeout = 10s (default)
2022-02-15 23:29:57,061 [pool-88-thread-1] INFO  server.RaftServerConfigKeys (ConfUtils.java:logGet(44)) - raft.server.log.statemachine.data.sync.timeout.retry = -1 (default)
2022-02-15 23:29:57,062 [pool-88-thread-1] INFO  server.RaftServerConfigKeys (ConfUtils.java:logGet(44)) - raft.server.log.write.buffer.size = 64KB (=65536) (default)
2022-02-15 23:29:57,065 [pool-88-thread-1] INFO  server.RaftServerConfigKeys (ConfUtils.java:logGet(44)) - raft.server.log.statemachine.data.caching.enabled = false (default)
2022-02-15 23:29:57,065 [pool-88-thread-1] INFO  segmented.SegmentedRaftLogWorker (SegmentedRaftLogWorker.java:lambda$new$0(133)) - omNode-3@group-523986131536-SegmentedRaftLogWorker: flushIndex: setUnconditionally 0 -> -1
2022-02-15 23:29:57,065 [pool-88-thread-1] INFO  segmented.SegmentedRaftLogWorker (SegmentedRaftLogWorker.java:lambda$new$0(133)) - omNode-3@group-523986131536-SegmentedRaftLogWorker: safeCacheEvictIndex: setUnconditionally 0 -> -1
2022-02-15 23:29:57,065 [pool-88-thread-1] INFO  server.RaftServerConfigKeys (ConfUtils.java:logGet(44)) - raft.server.snapshot.auto.trigger.enabled = true (custom)
2022-02-15 23:29:57,065 [pool-88-thread-1] INFO  server.RaftServerConfigKeys (ConfUtils.java:logGet(44)) - raft.server.snapshot.auto.trigger.threshold = 50 (custom)
2022-02-15 23:29:57,065 [pool-88-thread-1] INFO  server.RaftServerConfigKeys (ConfUtils.java:logGet(44)) - raft.server.snapshot.retention.file.num = -1 (default)
2022-02-15 23:29:57,066 [pool-88-thread-1] INFO  server.RaftServerConfigKeys (ConfUtils.java:logGet(44)) - raft.server.log.purge.upto.snapshot.index = true (custom)
2022-02-15 23:29:57,066 [pool-88-thread-1] INFO  server.RaftServerConfigKeys (ConfUtils.java:logGet(44)) - raft.server.retrycache.expirytime = 30000ms (custom)
2022-02-15 23:29:57,066 [pool-88-thread-1] INFO  server.RaftServerConfigKeys (ConfUtils.java:logGet(44)) - raft.server.retrycache.statistics.expirytime = 100μs (default)
2022-02-15 23:29:57,065 [Listener at 127.0.0.1/33593] INFO  impl.MetricsSystemImpl (MetricsSystemImpl.java:init(158)) - OzoneManager metrics system started (again)
2022-02-15 23:29:57,080 [Listener at 127.0.0.1/33593] INFO  om.OzoneManager (OzoneManager.java:start(1365)) - OzoneManager RPC server is listening at localhost/127.0.0.1:33593
2022-02-15 23:29:57,080 [Listener at 127.0.0.1/33593] INFO  ratis.OzoneManagerRatisServer (OzoneManagerRatisServer.java:start(554)) - Starting OzoneManagerRatisServer omNode-3 at port 40001
2022-02-15 23:29:57,080 [Listener at 127.0.0.1/33593] INFO  server.RaftServer$Division (RaftServerImpl.java:start(301)) - omNode-3@group-523986131536: start as a follower, conf=-1: [omNode-3|rpc:localhost:40001|priority:0, omNode-1|rpc:localhost:37345|priority:0, omNode-2|rpc:localhost:42205|priority:0], old=null
2022-02-15 23:29:57,080 [Listener at 127.0.0.1/33593] INFO  server.RaftServer$Division (RaftServerImpl.java:setRole(290)) - omNode-3@group-523986131536: changes role from      null to FOLLOWER at term 0 for startAsFollower
2022-02-15 23:29:57,080 [Listener at 127.0.0.1/33593] INFO  impl.RoleInfo (RoleInfo.java:updateAndGet(130)) - omNode-3: start omNode-3@group-523986131536-FollowerState
2022-02-15 23:29:57,081 [Listener at 127.0.0.1/33593] INFO  util.JmxRegister (JmxRegister.java:tryRegister(44)) - Successfully registered JMX Bean with object name Ratis:service=RaftServer,group=group-523986131536,id=omNode-3
2022-02-15 23:29:57,082 [Listener at 127.0.0.1/33593] INFO  server.RaftServer (RaftServerProxy.java:lambda$start$5(374)) - omNode-3: start RPC server
2022-02-15 23:29:57,088 [Listener at 127.0.0.1/33593] INFO  server.GrpcService (GrpcService.java:startImpl(253)) - omNode-3: GrpcService started, listening on 40001
2022-02-15 23:29:57,089 [org.apache.ratis.util.JvmPauseMonitor$$Lambda$422/911895107@5323c6de] INFO  util.JvmPauseMonitor (JvmPauseMonitor.java:run(103)) - JvmPauseMonitor-omNode-3: Started
2022-02-15 23:29:57,089 [Listener at 127.0.0.1/33593] INFO  om.OzoneManager (OzoneManager.java:start(1381)) - Version File has different layout version (0) than OM DB (null). That is expected if this OM has never been finalized to a newer layout version.
2022-02-15 23:29:57,091 [Listener at 127.0.0.1/33593] INFO  http.BaseHttpServer (BaseHttpServer.java:newHttpServer2BuilderForOzone(209)) - Starting Web-server for ozoneManager at: http://0.0.0.0:43611
2022-02-15 23:29:57,091 [Listener at 127.0.0.1/33593] INFO  http.BaseHttpServer (BaseHttpServer.java:<init>(107)) - Hadoop Security Enabled: false Ozone Security Enabled: false Ozone HTTP Security Enabled: false 
2022-02-15 23:29:57,093 [Listener at 127.0.0.1/33593] INFO  server.AuthenticationFilter (AuthenticationFilter.java:constructSecretProvider(240)) - Unable to initialize FileSignerSecretProvider, falling back to use random secrets.
2022-02-15 23:29:57,093 [Listener at 127.0.0.1/33593] WARN  http.HttpRequestLog (HttpRequestLog.java:getRequestLog(103)) - Jetty request log can only be enabled using Log4j
2022-02-15 23:29:57,094 [Listener at 127.0.0.1/33593] INFO  http.HttpServer2 (HttpServer2.java:addGlobalFilter(1030)) - Added global filter 'safety' (class=org.apache.hadoop.hdds.server.http.HttpServer2$QuotingInputFilter)
2022-02-15 23:29:57,095 [Listener at 127.0.0.1/33593] INFO  http.HttpServer2 (HttpServer2.java:addFilter(1006)) - Added filter static_user_filter (class=org.apache.hadoop.http.lib.StaticUserWebFilter$StaticUserFilter) to context ozoneManager
2022-02-15 23:29:57,095 [Listener at 127.0.0.1/33593] INFO  http.HttpServer2 (HttpServer2.java:addFilter(1014)) - Added filter static_user_filter (class=org.apache.hadoop.http.lib.StaticUserWebFilter$StaticUserFilter) to context static
2022-02-15 23:29:57,095 [Listener at 127.0.0.1/33593] INFO  http.HttpServer2 (HttpServer2.java:addFilter(1014)) - Added filter static_user_filter (class=org.apache.hadoop.http.lib.StaticUserWebFilter$StaticUserFilter) to context logs
2022-02-15 23:29:57,096 [Listener at 127.0.0.1/33593] INFO  http.HttpServer2 (HttpServer2.java:bindListener(1249)) - Jetty bound to port 43611
2022-02-15 23:29:57,096 [Listener at 127.0.0.1/33593] INFO  server.Server (Server.java:doStart(375)) - jetty-9.4.43.v20210629; built: 2021-06-30T11:07:22.254Z; git: 526006ecfa3af7f1a27ef3a288e2bef7ea9dd7e8; jvm 1.8.0_312-b07
2022-02-15 23:29:57,098 [Listener at 127.0.0.1/33593] INFO  server.session (DefaultSessionIdManager.java:doStart(334)) - DefaultSessionIdManager workerName=node0
2022-02-15 23:29:57,098 [Listener at 127.0.0.1/33593] INFO  server.session (DefaultSessionIdManager.java:doStart(339)) - No SessionScavenger set, using defaults
2022-02-15 23:29:57,098 [Listener at 127.0.0.1/33593] INFO  server.session (HouseKeeper.java:startScavenging(132)) - node0 Scavenging every 660000ms
2022-02-15 23:29:57,099 [Listener at 127.0.0.1/33593] INFO  handler.ContextHandler (ContextHandler.java:doStart(915)) - Started o.e.j.s.ServletContextHandler@29b78b34{logs,/logs,file:///home/runner/work/ozone/ozone/hadoop-ozone/integration-test/target/log,AVAILABLE}
2022-02-15 23:29:57,100 [Listener at 127.0.0.1/33593] INFO  handler.ContextHandler (ContextHandler.java:doStart(915)) - Started o.e.j.s.ServletContextHandler@109a28c8{static,/static,file:///home/runner/work/ozone/ozone/hadoop-ozone/integration-test/target/test-classes/webapps/static,AVAILABLE}
2022-02-15 23:29:57,103 [Listener at 127.0.0.1/33593] INFO  handler.ContextHandler (ContextHandler.java:doStart(915)) - Started o.e.j.w.WebAppContext@39506f12{ozoneManager,/,file:///home/runner/work/ozone/ozone/hadoop-ozone/integration-test/target/test-classes/webapps/ozoneManager/,AVAILABLE}{file:/home/runner/work/ozone/ozone/hadoop-ozone/integration-test/target/test-classes/webapps/ozoneManager}
2022-02-15 23:29:57,104 [Listener at 127.0.0.1/33593] INFO  server.AbstractConnector (AbstractConnector.java:doStart(331)) - Started ServerConnector@65c6a7a{HTTP/1.1, (http/1.1)}{0.0.0.0:43611}
2022-02-15 23:29:57,104 [Listener at 127.0.0.1/33593] INFO  server.Server (Server.java:doStart(415)) - Started @18325ms
2022-02-15 23:29:57,104 [Listener at 127.0.0.1/33593] WARN  impl.MetricsSystemImpl (MetricsSystemImpl.java:register(279)) - Sink prometheus already exists!
2022-02-15 23:29:57,105 [Listener at 127.0.0.1/33593] INFO  http.BaseHttpServer (BaseHttpServer.java:updateConnectorAddress(329)) - HTTP server of ozoneManager listening at http://0.0.0.0:43611
2022-02-15 23:29:57,105 [IPC Server Responder] INFO  ipc.Server (Server.java:run(1507)) - IPC Server Responder: starting
2022-02-15 23:29:57,105 [IPC Server listener on 33593] INFO  ipc.Server (Server.java:run(1344)) - IPC Server listener on 33593: starting
2022-02-15 23:29:57,113 [Listener at 127.0.0.1/33593] INFO  om.OzoneManager (OzoneManager.java:startTrashEmptier(1792)) - Trash Interval set to 0. Files deleted will not move to trash
2022-02-15 23:29:57,114 [Listener at 127.0.0.1/33593] INFO  ozone.MiniOzoneHAClusterImpl (MiniOzoneHAClusterImpl.java:createOMService(522)) - Started OzoneManager omNode-3 RPC server at localhost/127.0.0.1:33593
2022-02-15 23:29:57,114 [org.apache.hadoop.util.JvmPauseMonitor$Monitor@56e4f071] INFO  util.JvmPauseMonitor (JvmPauseMonitor.java:run(188)) - Starting JVM pause monitor
2022-02-15 23:29:57,383 [Listener at 127.0.0.1/33593] WARN  impl.MetricRegistriesImpl (MetricRegistriesImpl.java:addReporterRegistration(111)) - New reporters are added after registries were created. Some metrics will be missing from the reporter. Please add reporter before adding any new registry.
2022-02-15 23:29:57,383 [Listener at 127.0.0.1/33593] WARN  impl.MetricRegistriesImpl (MetricRegistriesImpl.java:addReporterRegistration(111)) - New reporters are added after registries were created. Some metrics will be missing from the reporter. Please add reporter before adding any new registry.
2022-02-15 23:29:57,383 [Listener at 127.0.0.1/33593] INFO  impl.MetricsSystemImpl (MetricsSystemImpl.java:init(158)) - HddsDatanode metrics system started (again)
2022-02-15 23:29:57,397 [Listener at 127.0.0.1/33593] INFO  ozone.HddsDatanodeService (HddsDatanodeService.java:start(233)) - HddsDatanodeService host:fv-az297-531.nmf1rxwemy4u5di1sxxf4ejcwb.jx.internal.cloudapp.net ip:10.1.0.21
2022-02-15 23:29:57,419 [Listener at 127.0.0.1/33593] INFO  upgrade.AbstractLayoutVersionManager (AbstractLayoutVersionManager.java:init(79)) - Initializing Layout version manager with metadata layout = SCM_HA (version = 2), software layout = SCM_HA (version = 2)
2022-02-15 23:29:57,454 [Listener at 127.0.0.1/33593] INFO  reflections.Reflections (Reflections.java:scan(232)) - Reflections took 34 ms to scan 7 urls, producing 119 keys and 279 values 
2022-02-15 23:29:57,457 [Listener at 127.0.0.1/33593] INFO  statemachine.DatanodeStateMachine (DatanodeStateMachine.java:getEndPointTaskThreadPoolSize(222)) - Datanode State Machine Task Thread Pool size 2
2022-02-15 23:29:57,505 [Listener at 127.0.0.1/33593] INFO  volume.HddsVolume (HddsVolume.java:<init>(120)) - Creating HddsVolume: /home/runner/work/ozone/ozone/hadoop-ozone/integration-test/target/test-dir/MiniOzoneClusterImpl-527fe069-2b78-49eb-8835-8cb6d6ba75bf/datanode-0/data-0/containers/hdds of storage type : DISK capacity : 9223372036854775807
2022-02-15 23:29:57,507 [Listener at 127.0.0.1/33593] INFO  volume.MutableVolumeSet (MutableVolumeSet.java:initializeVolumeSet(168)) - Added Volume : /home/runner/work/ozone/ozone/hadoop-ozone/integration-test/target/test-dir/MiniOzoneClusterImpl-527fe069-2b78-49eb-8835-8cb6d6ba75bf/datanode-0/data-0/containers/hdds to VolumeSet
2022-02-15 23:29:57,508 [Listener at 127.0.0.1/33593] INFO  volume.ThrottledAsyncChecker (ThrottledAsyncChecker.java:schedule(141)) - Scheduling a check for /home/runner/work/ozone/ozone/hadoop-ozone/integration-test/target/test-dir/MiniOzoneClusterImpl-527fe069-2b78-49eb-8835-8cb6d6ba75bf/datanode-0/data-0/containers/hdds
2022-02-15 23:29:57,520 [Listener at 127.0.0.1/33593] INFO  volume.StorageVolumeChecker (StorageVolumeChecker.java:checkAllVolumes(202)) - Scheduled health check for volume /home/runner/work/ozone/ozone/hadoop-ozone/integration-test/target/test-dir/MiniOzoneClusterImpl-527fe069-2b78-49eb-8835-8cb6d6ba75bf/datanode-0/data-0/containers/hdds
2022-02-15 23:29:57,535 [Listener at 127.0.0.1/33593] INFO  volume.MutableVolumeSet (MutableVolumeSet.java:initializeVolumeSet(168)) - Added Volume : /home/runner/work/ozone/ozone/hadoop-ozone/integration-test/target/test-dir/MiniOzoneClusterImpl-527fe069-2b78-49eb-8835-8cb6d6ba75bf/datanode-0/data/ratis to VolumeSet
2022-02-15 23:29:57,535 [Listener at 127.0.0.1/33593] INFO  volume.ThrottledAsyncChecker (ThrottledAsyncChecker.java:schedule(141)) - Scheduling a check for /home/runner/work/ozone/ozone/hadoop-ozone/integration-test/target/test-dir/MiniOzoneClusterImpl-527fe069-2b78-49eb-8835-8cb6d6ba75bf/datanode-0/data/ratis
2022-02-15 23:29:57,536 [Listener at 127.0.0.1/33593] INFO  volume.StorageVolumeChecker (StorageVolumeChecker.java:checkAllVolumes(202)) - Scheduled health check for volume /home/runner/work/ozone/ozone/hadoop-ozone/integration-test/target/test-dir/MiniOzoneClusterImpl-527fe069-2b78-49eb-8835-8cb6d6ba75bf/datanode-0/data/ratis
2022-02-15 23:29:57,569 [Thread-225] INFO  ozoneimpl.ContainerReader (ContainerReader.java:readVolume(172)) - Finish verifying containers on volume /home/runner/work/ozone/ozone/hadoop-ozone/integration-test/target/test-dir/MiniOzoneClusterImpl-527fe069-2b78-49eb-8835-8cb6d6ba75bf/datanode-0/data-0/containers/hdds
2022-02-15 23:29:57,569 [Listener at 127.0.0.1/33593] INFO  ozoneimpl.OzoneContainer (OzoneContainer.java:buildContainerSet(237)) - Build ContainerSet costs 0s
2022-02-15 23:29:57,632 [Listener at 127.0.0.1/33593] INFO  server.RaftServer (ConfUtils.java:logGet(44)) - raft.rpc.type = GRPC (default)
2022-02-15 23:29:57,633 [Listener at 127.0.0.1/33593] INFO  grpc.GrpcFactory (GrpcFactory.java:checkPooledByteBufAllocatorUseCacheForAllThreads(48)) - PERFORMANCE WARNING: useCacheForAllThreads is true that may cause Netty to create a lot garbage objects and, as a result, trigger GC.
	It is recommended to disable useCacheForAllThreads by setting -Dorg.apache.ratis.thirdparty.io.netty.allocator.useCacheForAllThreads=false in command line.
2022-02-15 23:29:57,633 [Listener at 127.0.0.1/33593] INFO  grpc.GrpcConfigKeys (ConfUtils.java:logGet(44)) - raft.grpc.admin.port = 0 (custom)
2022-02-15 23:29:57,633 [Listener at 127.0.0.1/33593] INFO  grpc.GrpcConfigKeys (ConfUtils.java:logGet(44)) - raft.grpc.client.port = 0 (custom)
2022-02-15 23:29:57,633 [Listener at 127.0.0.1/33593] INFO  grpc.GrpcConfigKeys (ConfUtils.java:logGet(44)) - raft.grpc.server.port = 0 (default)
2022-02-15 23:29:57,634 [Listener at 127.0.0.1/33593] INFO  server.GrpcService (ConfUtils.java:logGet(44)) - raft.grpc.message.size.max = 32MB (=33554432) (custom)
2022-02-15 23:29:57,634 [Listener at 127.0.0.1/33593] INFO  server.RaftServerConfigKeys (ConfUtils.java:logGet(44)) - raft.server.log.appender.buffer.byte-limit = 33554432 (custom)
2022-02-15 23:29:57,634 [Listener at 127.0.0.1/33593] INFO  server.GrpcService (ConfUtils.java:logGet(44)) - raft.grpc.flow.control.window = 5MB (=5242880) (custom)
2022-02-15 23:29:57,634 [Listener at 127.0.0.1/33593] INFO  server.RaftServerConfigKeys (ConfUtils.java:logGet(44)) - raft.server.rpc.request.timeout = 60s (custom)
2022-02-15 23:29:57,635 [Listener at 127.0.0.1/33593] INFO  impl.DataStreamServerImpl (ConfUtils.java:logGet(44)) - raft.datastream.type = DISABLED (default)
2022-02-15 23:29:57,635 [Listener at 127.0.0.1/33593] INFO  server.RaftServerConfigKeys (ConfUtils.java:logGet(44)) - raft.server.rpc.slowness.timeout = 300s (custom)
2022-02-15 23:29:57,636 [Listener at 127.0.0.1/33593] INFO  server.RaftServerConfigKeys (ConfUtils.java:logGet(44)) - raft.server.leaderelection.leader.step-down.wait-time = 10s (default)
2022-02-15 23:29:57,636 [Listener at 127.0.0.1/33593] INFO  server.RaftServerConfigKeys (ConfUtils.java:logGet(44)) - raft.server.storage.dir = [/home/runner/work/ozone/ozone/hadoop-ozone/integration-test/target/test-dir/MiniOzoneClusterImpl-527fe069-2b78-49eb-8835-8cb6d6ba75bf/datanode-0/data/ratis] (custom)
2022-02-15 23:29:57,651 [Listener at 127.0.0.1/33593] INFO  server.XceiverServerGrpc (XceiverServerGrpc.java:<init>(132)) - GrpcServer channel type EpollServerSocketChannel
2022-02-15 23:29:57,652 [omNode-1@group-523986131536-FollowerState] INFO  impl.FollowerState (FollowerState.java:run(134)) - omNode-1@group-523986131536-FollowerState: change to CANDIDATE, lastRpcElapsedTime:1171367912ns, electionTimeout:1169ms
2022-02-15 23:29:57,652 [omNode-1@group-523986131536-FollowerState] INFO  impl.RoleInfo (RoleInfo.java:shutdownFollowerState(108)) - omNode-1: shutdown omNode-1@group-523986131536-FollowerState
2022-02-15 23:29:57,652 [omNode-1@group-523986131536-FollowerState] INFO  server.RaftServer$Division (RaftServerImpl.java:setRole(290)) - omNode-1@group-523986131536: changes role from  FOLLOWER to CANDIDATE at term 0 for changeToCandidate
2022-02-15 23:29:57,653 [omNode-1@group-523986131536-FollowerState] INFO  server.RaftServerConfigKeys (ConfUtils.java:logGet(44)) - raft.server.leaderelection.pre-vote = false (custom)
2022-02-15 23:29:57,653 [omNode-1@group-523986131536-FollowerState] INFO  impl.RoleInfo (RoleInfo.java:updateAndGet(130)) - omNode-1: start omNode-1@group-523986131536-LeaderElection3
2022-02-15 23:29:57,667 [omNode-1@group-523986131536-LeaderElection3] INFO  impl.LeaderElection (LeaderElection.java:askForVotes(306)) - omNode-1@group-523986131536-LeaderElection3 ELECTION round 0: submit vote requests at term 1 for -1: [omNode-3|rpc:localhost:40001|priority:0, omNode-1|rpc:localhost:37345|priority:0, omNode-2|rpc:localhost:42205|priority:0], old=null
2022-02-15 23:29:57,732 [Listener at 127.0.0.1/33593] INFO  http.BaseHttpServer (BaseHttpServer.java:newHttpServer2BuilderForOzone(209)) - Starting Web-server for hddsDatanode at: http://0.0.0.0:0
2022-02-15 23:29:57,733 [Listener at 127.0.0.1/33593] INFO  http.BaseHttpServer (BaseHttpServer.java:<init>(107)) - Hadoop Security Enabled: false Ozone Security Enabled: false Ozone HTTP Security Enabled: false 
2022-02-15 23:29:57,734 [Listener at 127.0.0.1/33593] INFO  server.AuthenticationFilter (AuthenticationFilter.java:constructSecretProvider(240)) - Unable to initialize FileSignerSecretProvider, falling back to use random secrets.
2022-02-15 23:29:57,735 [Listener at 127.0.0.1/33593] WARN  http.HttpRequestLog (HttpRequestLog.java:getRequestLog(103)) - Jetty request log can only be enabled using Log4j
2022-02-15 23:29:57,736 [Listener at 127.0.0.1/33593] INFO  http.HttpServer2 (HttpServer2.java:addGlobalFilter(1030)) - Added global filter 'safety' (class=org.apache.hadoop.hdds.server.http.HttpServer2$QuotingInputFilter)
2022-02-15 23:29:57,736 [Listener at 127.0.0.1/33593] INFO  http.HttpServer2 (HttpServer2.java:addFilter(1006)) - Added filter static_user_filter (class=org.apache.hadoop.http.lib.StaticUserWebFilter$StaticUserFilter) to context hddsDatanode
2022-02-15 23:29:57,736 [Listener at 127.0.0.1/33593] INFO  http.HttpServer2 (HttpServer2.java:addFilter(1014)) - Added filter static_user_filter (class=org.apache.hadoop.http.lib.StaticUserWebFilter$StaticUserFilter) to context logs
2022-02-15 23:29:57,736 [Listener at 127.0.0.1/33593] INFO  http.HttpServer2 (HttpServer2.java:addFilter(1014)) - Added filter static_user_filter (class=org.apache.hadoop.http.lib.StaticUserWebFilter$StaticUserFilter) to context static
2022-02-15 23:29:57,737 [Listener at 127.0.0.1/33593] INFO  http.HttpServer2 (HttpServer2.java:bindListener(1249)) - Jetty bound to port 36541
2022-02-15 23:29:57,737 [Listener at 127.0.0.1/33593] INFO  server.Server (Server.java:doStart(375)) - jetty-9.4.43.v20210629; built: 2021-06-30T11:07:22.254Z; git: 526006ecfa3af7f1a27ef3a288e2bef7ea9dd7e8; jvm 1.8.0_312-b07
2022-02-15 23:29:57,742 [Listener at 127.0.0.1/33593] INFO  server.session (DefaultSessionIdManager.java:doStart(334)) - DefaultSessionIdManager workerName=node0
2022-02-15 23:29:57,743 [Listener at 127.0.0.1/33593] INFO  server.session (DefaultSessionIdManager.java:doStart(339)) - No SessionScavenger set, using defaults
2022-02-15 23:29:57,743 [Listener at 127.0.0.1/33593] INFO  server.session (HouseKeeper.java:startScavenging(132)) - node0 Scavenging every 600000ms
2022-02-15 23:29:57,748 [Listener at 127.0.0.1/33593] INFO  handler.ContextHandler (ContextHandler.java:doStart(915)) - Started o.e.j.s.ServletContextHandler@bb0ca30{logs,/logs,file:///home/runner/work/ozone/ozone/hadoop-ozone/integration-test/target/log,AVAILABLE}
2022-02-15 23:29:57,748 [Listener at 127.0.0.1/33593] INFO  handler.ContextHandler (ContextHandler.java:doStart(915)) - Started o.e.j.s.ServletContextHandler@5ab30bb4{static,/static,jar:file:/home/runner/.m2/repository/org/apache/ozone/hdds-container-service/1.3.0-SNAPSHOT/hdds-container-service-1.3.0-SNAPSHOT.jar!/webapps/static,AVAILABLE}
2022-02-15 23:29:57,847 [Listener at 127.0.0.1/33593] INFO  handler.ContextHandler (ContextHandler.java:doStart(915)) - Started o.e.j.w.WebAppContext@24f90b34{hddsDatanode,/,file:///tmp/jetty-0_0_0_0-36541-hdds-container-service-1_3_0-SNAPSHOT_jar-_-any-8085615658159482160/webapp/,AVAILABLE}{jar:file:/home/runner/.m2/repository/org/apache/ozone/hdds-container-service/1.3.0-SNAPSHOT/hdds-container-service-1.3.0-SNAPSHOT.jar!/webapps/hddsDatanode}
2022-02-15 23:29:57,848 [Listener at 127.0.0.1/33593] INFO  server.AbstractConnector (AbstractConnector.java:doStart(331)) - Started ServerConnector@65a03e98{HTTP/1.1, (http/1.1)}{0.0.0.0:36541}
2022-02-15 23:29:57,849 [Listener at 127.0.0.1/33593] INFO  server.Server (Server.java:doStart(415)) - Started @19070ms
2022-02-15 23:29:57,849 [Listener at 127.0.0.1/33593] WARN  impl.MetricsSystemImpl (MetricsSystemImpl.java:register(279)) - Sink prometheus already exists!
2022-02-15 23:29:57,850 [Listener at 127.0.0.1/33593] INFO  http.BaseHttpServer (BaseHttpServer.java:updateConnectorAddress(329)) - HTTP server of hddsDatanode listening at http://0.0.0.0:36541
2022-02-15 23:29:57,851 [Listener at 127.0.0.1/33593] WARN  impl.MetricRegistriesImpl (MetricRegistriesImpl.java:addReporterRegistration(111)) - New reporters are added after registries were created. Some metrics will be missing from the reporter. Please add reporter before adding any new registry.
2022-02-15 23:29:57,851 [Listener at 127.0.0.1/33593] WARN  impl.MetricRegistriesImpl (MetricRegistriesImpl.java:addReporterRegistration(111)) - New reporters are added after registries were created. Some metrics will be missing from the reporter. Please add reporter before adding any new registry.
2022-02-15 23:29:57,851 [Listener at 127.0.0.1/33593] INFO  impl.MetricsSystemImpl (MetricsSystemImpl.java:init(158)) - HddsDatanode metrics system started (again)
2022-02-15 23:29:57,857 [omNode-2@group-523986131536-FollowerState] INFO  impl.FollowerState (FollowerState.java:run(134)) - omNode-2@group-523986131536-FollowerState: change to CANDIDATE, lastRpcElapsedTime:1069680051ns, electionTimeout:1063ms
2022-02-15 23:29:57,858 [omNode-2@group-523986131536-FollowerState] INFO  impl.RoleInfo (RoleInfo.java:shutdownFollowerState(108)) - omNode-2: shutdown omNode-2@group-523986131536-FollowerState
2022-02-15 23:29:57,858 [omNode-2@group-523986131536-FollowerState] INFO  server.RaftServer$Division (RaftServerImpl.java:setRole(290)) - omNode-2@group-523986131536: changes role from  FOLLOWER to CANDIDATE at term 0 for changeToCandidate
2022-02-15 23:29:57,858 [omNode-2@group-523986131536-FollowerState] INFO  server.RaftServerConfigKeys (ConfUtils.java:logGet(44)) - raft.server.leaderelection.pre-vote = false (custom)
2022-02-15 23:29:57,858 [omNode-2@group-523986131536-FollowerState] INFO  impl.RoleInfo (RoleInfo.java:updateAndGet(130)) - omNode-2: start omNode-2@group-523986131536-LeaderElection4
2022-02-15 23:29:57,870 [Listener at 127.0.0.1/33593] INFO  ozone.HddsDatanodeService (HddsDatanodeService.java:start(233)) - HddsDatanodeService host:fv-az297-531.nmf1rxwemy4u5di1sxxf4ejcwb.jx.internal.cloudapp.net ip:10.1.0.21
2022-02-15 23:29:57,866 [Datanode State Machine Daemon Thread] INFO  statemachine.DatanodeStateMachine (DatanodeStateMachine.java:lambda$startDaemon$0(470)) - Ozone container server started.
2022-02-15 23:29:57,892 [omNode-2@group-523986131536-LeaderElection4] INFO  impl.LeaderElection (LeaderElection.java:askForVotes(306)) - omNode-2@group-523986131536-LeaderElection4 ELECTION round 0: submit vote requests at term 1 for -1: [omNode-3|rpc:localhost:40001|priority:0, omNode-1|rpc:localhost:37345|priority:0, omNode-2|rpc:localhost:42205|priority:0], old=null
2022-02-15 23:29:57,918 [Listener at 127.0.0.1/33593] INFO  upgrade.AbstractLayoutVersionManager (AbstractLayoutVersionManager.java:init(79)) - Initializing Layout version manager with metadata layout = SCM_HA (version = 2), software layout = SCM_HA (version = 2)
2022-02-15 23:29:57,982 [org.apache.hadoop.util.JvmPauseMonitor$Monitor@7bc4fdcd] INFO  util.JvmPauseMonitor (JvmPauseMonitor.java:run(188)) - Starting JVM pause monitor
2022-02-15 23:29:57,991 [Listener at 127.0.0.1/33593] INFO  reflections.Reflections (Reflections.java:scan(232)) - Reflections took 72 ms to scan 7 urls, producing 119 keys and 279 values 
2022-02-15 23:29:57,998 [Listener at 127.0.0.1/33593] INFO  statemachine.DatanodeStateMachine (DatanodeStateMachine.java:getEndPointTaskThreadPoolSize(222)) - Datanode State Machine Task Thread Pool size 2
2022-02-15 23:29:58,000 [Listener at 127.0.0.1/33593] INFO  volume.HddsVolume (HddsVolume.java:<init>(120)) - Creating HddsVolume: /home/runner/work/ozone/ozone/hadoop-ozone/integration-test/target/test-dir/MiniOzoneClusterImpl-527fe069-2b78-49eb-8835-8cb6d6ba75bf/datanode-1/data-0/containers/hdds of storage type : DISK capacity : 9223372036854775807
2022-02-15 23:29:58,011 [Listener at 127.0.0.1/33593] INFO  volume.MutableVolumeSet (MutableVolumeSet.java:initializeVolumeSet(168)) - Added Volume : /home/runner/work/ozone/ozone/hadoop-ozone/integration-test/target/test-dir/MiniOzoneClusterImpl-527fe069-2b78-49eb-8835-8cb6d6ba75bf/datanode-1/data-0/containers/hdds to VolumeSet
2022-02-15 23:29:58,012 [Listener at 127.0.0.1/33593] INFO  volume.ThrottledAsyncChecker (ThrottledAsyncChecker.java:schedule(141)) - Scheduling a check for /home/runner/work/ozone/ozone/hadoop-ozone/integration-test/target/test-dir/MiniOzoneClusterImpl-527fe069-2b78-49eb-8835-8cb6d6ba75bf/datanode-1/data-0/containers/hdds
2022-02-15 23:29:58,019 [Listener at 127.0.0.1/33593] INFO  volume.StorageVolumeChecker (StorageVolumeChecker.java:checkAllVolumes(202)) - Scheduled health check for volume /home/runner/work/ozone/ozone/hadoop-ozone/integration-test/target/test-dir/MiniOzoneClusterImpl-527fe069-2b78-49eb-8835-8cb6d6ba75bf/datanode-1/data-0/containers/hdds
2022-02-15 23:29:58,065 [Listener at 127.0.0.1/33593] INFO  volume.MutableVolumeSet (MutableVolumeSet.java:initializeVolumeSet(168)) - Added Volume : /home/runner/work/ozone/ozone/hadoop-ozone/integration-test/target/test-dir/MiniOzoneClusterImpl-527fe069-2b78-49eb-8835-8cb6d6ba75bf/datanode-1/data/ratis to VolumeSet
2022-02-15 23:29:58,066 [Listener at 127.0.0.1/33593] INFO  volume.ThrottledAsyncChecker (ThrottledAsyncChecker.java:schedule(141)) - Scheduling a check for /home/runner/work/ozone/ozone/hadoop-ozone/integration-test/target/test-dir/MiniOzoneClusterImpl-527fe069-2b78-49eb-8835-8cb6d6ba75bf/datanode-1/data/ratis
2022-02-15 23:29:58,066 [Listener at 127.0.0.1/33593] INFO  volume.StorageVolumeChecker (StorageVolumeChecker.java:checkAllVolumes(202)) - Scheduled health check for volume /home/runner/work/ozone/ozone/hadoop-ozone/integration-test/target/test-dir/MiniOzoneClusterImpl-527fe069-2b78-49eb-8835-8cb6d6ba75bf/datanode-1/data/ratis
2022-02-15 23:29:58,130 [Thread-243] INFO  ozoneimpl.ContainerReader (ContainerReader.java:readVolume(172)) - Finish verifying containers on volume /home/runner/work/ozone/ozone/hadoop-ozone/integration-test/target/test-dir/MiniOzoneClusterImpl-527fe069-2b78-49eb-8835-8cb6d6ba75bf/datanode-1/data-0/containers/hdds
2022-02-15 23:29:58,131 [Listener at 127.0.0.1/33593] INFO  ozoneimpl.OzoneContainer (OzoneContainer.java:buildContainerSet(237)) - Build ContainerSet costs 0s
2022-02-15 23:29:58,135 [Listener at 127.0.0.1/33593] INFO  server.RaftServer (ConfUtils.java:logGet(44)) - raft.rpc.type = GRPC (default)
2022-02-15 23:29:58,135 [Listener at 127.0.0.1/33593] INFO  grpc.GrpcFactory (GrpcFactory.java:checkPooledByteBufAllocatorUseCacheForAllThreads(48)) - PERFORMANCE WARNING: useCacheForAllThreads is true that may cause Netty to create a lot garbage objects and, as a result, trigger GC.
	It is recommended to disable useCacheForAllThreads by setting -Dorg.apache.ratis.thirdparty.io.netty.allocator.useCacheForAllThreads=false in command line.
2022-02-15 23:29:58,135 [Listener at 127.0.0.1/33593] INFO  grpc.GrpcConfigKeys (ConfUtils.java:logGet(44)) - raft.grpc.admin.port = 0 (custom)
2022-02-15 23:29:58,135 [Listener at 127.0.0.1/33593] INFO  grpc.GrpcConfigKeys (ConfUtils.java:logGet(44)) - raft.grpc.client.port = 0 (custom)
2022-02-15 23:29:58,135 [Listener at 127.0.0.1/33593] INFO  grpc.GrpcConfigKeys (ConfUtils.java:logGet(44)) - raft.grpc.server.port = 0 (default)
2022-02-15 23:29:58,135 [Listener at 127.0.0.1/33593] INFO  server.GrpcService (ConfUtils.java:logGet(44)) - raft.grpc.message.size.max = 32MB (=33554432) (custom)
2022-02-15 23:29:58,137 [Listener at 127.0.0.1/33593] INFO  server.RaftServerConfigKeys (ConfUtils.java:logGet(44)) - raft.server.log.appender.buffer.byte-limit = 33554432 (custom)
2022-02-15 23:29:58,137 [Listener at 127.0.0.1/33593] INFO  server.GrpcService (ConfUtils.java:logGet(44)) - raft.grpc.flow.control.window = 5MB (=5242880) (custom)
2022-02-15 23:29:58,137 [Listener at 127.0.0.1/33593] INFO  server.RaftServerConfigKeys (ConfUtils.java:logGet(44)) - raft.server.rpc.request.timeout = 60s (custom)
2022-02-15 23:29:58,138 [Listener at 127.0.0.1/33593] INFO  impl.DataStreamServerImpl (ConfUtils.java:logGet(44)) - raft.datastream.type = DISABLED (default)
2022-02-15 23:29:58,139 [Listener at 127.0.0.1/33593] INFO  server.RaftServerConfigKeys (ConfUtils.java:logGet(44)) - raft.server.rpc.slowness.timeout = 300s (custom)
2022-02-15 23:29:58,148 [Listener at 127.0.0.1/33593] INFO  server.RaftServerConfigKeys (ConfUtils.java:logGet(44)) - raft.server.leaderelection.leader.step-down.wait-time = 10s (default)
2022-02-15 23:29:58,149 [Listener at 127.0.0.1/33593] INFO  server.RaftServerConfigKeys (ConfUtils.java:logGet(44)) - raft.server.storage.dir = [/home/runner/work/ozone/ozone/hadoop-ozone/integration-test/target/test-dir/MiniOzoneClusterImpl-527fe069-2b78-49eb-8835-8cb6d6ba75bf/datanode-1/data/ratis] (custom)
2022-02-15 23:29:58,158 [Listener at 127.0.0.1/33593] INFO  server.XceiverServerGrpc (XceiverServerGrpc.java:<init>(132)) - GrpcServer channel type EpollServerSocketChannel
2022-02-15 23:29:58,160 [omNode-3@group-523986131536-FollowerState] INFO  impl.FollowerState (FollowerState.java:run(134)) - omNode-3@group-523986131536-FollowerState: change to CANDIDATE, lastRpcElapsedTime:1079812893ns, electionTimeout:1079ms
2022-02-15 23:29:58,163 [omNode-3@group-523986131536-FollowerState] INFO  impl.RoleInfo (RoleInfo.java:shutdownFollowerState(108)) - omNode-3: shutdown omNode-3@group-523986131536-FollowerState
2022-02-15 23:29:58,163 [omNode-3@group-523986131536-FollowerState] INFO  server.RaftServer$Division (RaftServerImpl.java:setRole(290)) - omNode-3@group-523986131536: changes role from  FOLLOWER to CANDIDATE at term 0 for changeToCandidate
2022-02-15 23:29:58,196 [Listener at 127.0.0.1/33593] INFO  http.BaseHttpServer (BaseHttpServer.java:newHttpServer2BuilderForOzone(209)) - Starting Web-server for hddsDatanode at: http://0.0.0.0:0
2022-02-15 23:29:58,196 [Listener at 127.0.0.1/33593] INFO  http.BaseHttpServer (BaseHttpServer.java:<init>(107)) - Hadoop Security Enabled: false Ozone Security Enabled: false Ozone HTTP Security Enabled: false 
2022-02-15 23:29:58,198 [Listener at 127.0.0.1/33593] INFO  server.AuthenticationFilter (AuthenticationFilter.java:constructSecretProvider(240)) - Unable to initialize FileSignerSecretProvider, falling back to use random secrets.
2022-02-15 23:29:58,199 [Listener at 127.0.0.1/33593] WARN  http.HttpRequestLog (HttpRequestLog.java:getRequestLog(103)) - Jetty request log can only be enabled using Log4j
2022-02-15 23:29:58,200 [Listener at 127.0.0.1/33593] INFO  http.HttpServer2 (HttpServer2.java:addGlobalFilter(1030)) - Added global filter 'safety' (class=org.apache.hadoop.hdds.server.http.HttpServer2$QuotingInputFilter)
2022-02-15 23:29:58,201 [Listener at 127.0.0.1/33593] INFO  http.HttpServer2 (HttpServer2.java:addFilter(1006)) - Added filter static_user_filter (class=org.apache.hadoop.http.lib.StaticUserWebFilter$StaticUserFilter) to context hddsDatanode
2022-02-15 23:29:58,201 [Listener at 127.0.0.1/33593] INFO  http.HttpServer2 (HttpServer2.java:addFilter(1014)) - Added filter static_user_filter (class=org.apache.hadoop.http.lib.StaticUserWebFilter$StaticUserFilter) to context static
2022-02-15 23:29:58,201 [Listener at 127.0.0.1/33593] INFO  http.HttpServer2 (HttpServer2.java:addFilter(1014)) - Added filter static_user_filter (class=org.apache.hadoop.http.lib.StaticUserWebFilter$StaticUserFilter) to context logs
2022-02-15 23:29:58,202 [Listener at 127.0.0.1/33593] INFO  http.HttpServer2 (HttpServer2.java:bindListener(1249)) - Jetty bound to port 37941
2022-02-15 23:29:58,202 [Listener at 127.0.0.1/33593] INFO  server.Server (Server.java:doStart(375)) - jetty-9.4.43.v20210629; built: 2021-06-30T11:07:22.254Z; git: 526006ecfa3af7f1a27ef3a288e2bef7ea9dd7e8; jvm 1.8.0_312-b07
2022-02-15 23:29:58,219 [Listener at 127.0.0.1/33593] INFO  server.session (DefaultSessionIdManager.java:doStart(334)) - DefaultSessionIdManager workerName=node0
2022-02-15 23:29:58,220 [Listener at 127.0.0.1/33593] INFO  server.session (DefaultSessionIdManager.java:doStart(339)) - No SessionScavenger set, using defaults
2022-02-15 23:29:58,220 [Listener at 127.0.0.1/33593] INFO  server.session (HouseKeeper.java:startScavenging(132)) - node0 Scavenging every 660000ms
2022-02-15 23:29:58,221 [Listener at 127.0.0.1/33593] INFO  handler.ContextHandler (ContextHandler.java:doStart(915)) - Started o.e.j.s.ServletContextHandler@641423eb{logs,/logs,file:///home/runner/work/ozone/ozone/hadoop-ozone/integration-test/target/log,AVAILABLE}
2022-02-15 23:29:58,221 [Listener at 127.0.0.1/33593] INFO  handler.ContextHandler (ContextHandler.java:doStart(915)) - Started o.e.j.s.ServletContextHandler@7d6406c8{static,/static,jar:file:/home/runner/.m2/repository/org/apache/ozone/hdds-container-service/1.3.0-SNAPSHOT/hdds-container-service-1.3.0-SNAPSHOT.jar!/webapps/static,AVAILABLE}
2022-02-15 23:29:58,227 [omNode-3@group-523986131536-FollowerState] INFO  server.RaftServerConfigKeys (ConfUtils.java:logGet(44)) - raft.server.leaderelection.pre-vote = false (custom)
2022-02-15 23:29:58,227 [omNode-3@group-523986131536-FollowerState] INFO  impl.RoleInfo (RoleInfo.java:updateAndGet(130)) - omNode-3: start omNode-3@group-523986131536-LeaderElection5
2022-02-15 23:29:58,239 [omNode-3@group-523986131536-LeaderElection5] INFO  impl.LeaderElection (LeaderElection.java:askForVotes(306)) - omNode-3@group-523986131536-LeaderElection5 ELECTION round 0: submit vote requests at term 1 for -1: [omNode-3|rpc:localhost:40001|priority:0, omNode-1|rpc:localhost:37345|priority:0, omNode-2|rpc:localhost:42205|priority:0], old=null
2022-02-15 23:29:58,251 [Datanode State Machine Task Thread - 0] INFO  datanode.InitDatanodeState (InitDatanodeState.java:persistContainerDatanodeDetails(138)) - DatanodeDetails is persisted to /home/runner/work/ozone/ozone/hadoop-ozone/integration-test/target/test-dir/MiniOzoneClusterImpl-527fe069-2b78-49eb-8835-8cb6d6ba75bf/datanode-0/meta/datanode.id
2022-02-15 23:29:58,334 [Listener at 127.0.0.1/33593] INFO  handler.ContextHandler (ContextHandler.java:doStart(915)) - Started o.e.j.w.WebAppContext@6ad57ee3{hddsDatanode,/,file:///tmp/jetty-0_0_0_0-37941-hdds-container-service-1_3_0-SNAPSHOT_jar-_-any-6429827965635373/webapp/,AVAILABLE}{jar:file:/home/runner/.m2/repository/org/apache/ozone/hdds-container-service/1.3.0-SNAPSHOT/hdds-container-service-1.3.0-SNAPSHOT.jar!/webapps/hddsDatanode}
2022-02-15 23:29:58,344 [Listener at 127.0.0.1/33593] INFO  server.AbstractConnector (AbstractConnector.java:doStart(331)) - Started ServerConnector@79620fed{HTTP/1.1, (http/1.1)}{0.0.0.0:37941}
2022-02-15 23:29:58,344 [Listener at 127.0.0.1/33593] INFO  server.Server (Server.java:doStart(415)) - Started @19565ms
2022-02-15 23:29:58,344 [Listener at 127.0.0.1/33593] WARN  impl.MetricsSystemImpl (MetricsSystemImpl.java:register(279)) - Sink prometheus already exists!
2022-02-15 23:29:58,345 [Listener at 127.0.0.1/33593] INFO  http.BaseHttpServer (BaseHttpServer.java:updateConnectorAddress(329)) - HTTP server of hddsDatanode listening at http://0.0.0.0:37941
2022-02-15 23:29:58,353 [Listener at 127.0.0.1/33593] WARN  impl.MetricRegistriesImpl (MetricRegistriesImpl.java:addReporterRegistration(111)) - New reporters are added after registries were created. Some metrics will be missing from the reporter. Please add reporter before adding any new registry.
2022-02-15 23:29:58,353 [Listener at 127.0.0.1/33593] WARN  impl.MetricRegistriesImpl (MetricRegistriesImpl.java:addReporterRegistration(111)) - New reporters are added after registries were created. Some metrics will be missing from the reporter. Please add reporter before adding any new registry.
2022-02-15 23:29:58,353 [Listener at 127.0.0.1/33593] INFO  impl.MetricsSystemImpl (MetricsSystemImpl.java:init(158)) - HddsDatanode metrics system started (again)
2022-02-15 23:29:58,360 [Datanode State Machine Daemon Thread] INFO  statemachine.DatanodeStateMachine (DatanodeStateMachine.java:lambda$startDaemon$0(470)) - Ozone container server started.
2022-02-15 23:29:58,384 [org.apache.hadoop.util.JvmPauseMonitor$Monitor@1c3243f1] INFO  util.JvmPauseMonitor (JvmPauseMonitor.java:run(188)) - Starting JVM pause monitor
2022-02-15 23:29:58,391 [Listener at 127.0.0.1/33593] INFO  ozone.HddsDatanodeService (HddsDatanodeService.java:start(233)) - HddsDatanodeService host:fv-az297-531.nmf1rxwemy4u5di1sxxf4ejcwb.jx.internal.cloudapp.net ip:10.1.0.21
2022-02-15 23:29:58,410 [Datanode State Machine Task Thread - 0] INFO  datanode.InitDatanodeState (InitDatanodeState.java:persistContainerDatanodeDetails(138)) - DatanodeDetails is persisted to /home/runner/work/ozone/ozone/hadoop-ozone/integration-test/target/test-dir/MiniOzoneClusterImpl-527fe069-2b78-49eb-8835-8cb6d6ba75bf/datanode-1/meta/datanode.id
2022-02-15 23:29:58,438 [grpc-default-executor-2] INFO  server.RaftServer$Division (RaftServerImpl.java:requestVote(1046)) - omNode-1@group-523986131536: receive requestVote(ELECTION, omNode-3, group-523986131536, 1, (t:0, i:~))
2022-02-15 23:29:58,439 [grpc-default-executor-2] INFO  impl.VoteContext (VoteContext.java:log(48)) - omNode-1@group-523986131536-CANDIDATE: reject ELECTION from omNode-3: already has voted for omNode-1 at current term 1
2022-02-15 23:29:58,440 [grpc-default-executor-1] INFO  server.RaftServer$Division (RaftServerImpl.java:requestVote(1046)) - omNode-2@group-523986131536: receive requestVote(ELECTION, omNode-3, group-523986131536, 1, (t:0, i:~))
2022-02-15 23:29:58,440 [grpc-default-executor-3] INFO  server.RaftServer$Division (RaftServerImpl.java:requestVote(1046)) - omNode-2@group-523986131536: receive requestVote(ELECTION, omNode-1, group-523986131536, 1, (t:0, i:~))
2022-02-15 23:29:58,440 [grpc-default-executor-0] INFO  server.RaftServer$Division (RaftServerImpl.java:requestVote(1046)) - omNode-1@group-523986131536: receive requestVote(ELECTION, omNode-2, group-523986131536, 1, (t:0, i:~))
2022-02-15 23:29:58,440 [grpc-default-executor-1] INFO  impl.VoteContext (VoteContext.java:log(48)) - omNode-2@group-523986131536-CANDIDATE: reject ELECTION from omNode-3: already has voted for omNode-2 at current term 1
2022-02-15 23:29:58,448 [Listener at 127.0.0.1/33593] INFO  upgrade.AbstractLayoutVersionManager (AbstractLayoutVersionManager.java:init(79)) - Initializing Layout version manager with metadata layout = SCM_HA (version = 2), software layout = SCM_HA (version = 2)
2022-02-15 23:29:58,452 [grpc-default-executor-5] INFO  server.RaftServer$Division (RaftServerImpl.java:requestVote(1046)) - omNode-3@group-523986131536: receive requestVote(ELECTION, omNode-1, group-523986131536, 1, (t:0, i:~))
2022-02-15 23:29:58,452 [grpc-default-executor-5] INFO  impl.VoteContext (VoteContext.java:log(48)) - omNode-3@group-523986131536-CANDIDATE: reject ELECTION from omNode-1: already has voted for omNode-3 at current term 1
2022-02-15 23:29:58,454 [grpc-default-executor-4] INFO  server.RaftServer$Division (RaftServerImpl.java:requestVote(1046)) - omNode-3@group-523986131536: receive requestVote(ELECTION, omNode-2, group-523986131536, 1, (t:0, i:~))
2022-02-15 23:29:58,460 [grpc-default-executor-5] INFO  server.RaftServer$Division (RaftServerImpl.java:requestVote(1078)) - omNode-3@group-523986131536 replies to ELECTION vote request: omNode-1<-omNode-3#0:FAIL-t1. Peer's state: omNode-3@group-523986131536:t1, leader=null, voted=omNode-3, raftlog=omNode-3@group-523986131536-SegmentedRaftLog:OPENED:c-1, conf=-1: [omNode-3|rpc:localhost:40001|priority:0, omNode-1|rpc:localhost:37345|priority:0, omNode-2|rpc:localhost:42205|priority:0], old=null
2022-02-15 23:29:58,460 [grpc-default-executor-4] INFO  impl.VoteContext (VoteContext.java:log(48)) - omNode-3@group-523986131536-CANDIDATE: reject ELECTION from omNode-2: already has voted for omNode-3 at current term 1
2022-02-15 23:29:58,460 [grpc-default-executor-4] INFO  server.RaftServer$Division (RaftServerImpl.java:requestVote(1078)) - omNode-3@group-523986131536 replies to ELECTION vote request: omNode-2<-omNode-3#0:FAIL-t1. Peer's state: omNode-3@group-523986131536:t1, leader=null, voted=omNode-3, raftlog=omNode-3@group-523986131536-SegmentedRaftLog:OPENED:c-1, conf=-1: [omNode-3|rpc:localhost:40001|priority:0, omNode-1|rpc:localhost:37345|priority:0, omNode-2|rpc:localhost:42205|priority:0], old=null
2022-02-15 23:29:58,460 [grpc-default-executor-1] INFO  server.RaftServer$Division (RaftServerImpl.java:requestVote(1078)) - omNode-2@group-523986131536 replies to ELECTION vote request: omNode-3<-omNode-2#0:FAIL-t1. Peer's state: omNode-2@group-523986131536:t1, leader=null, voted=omNode-2, raftlog=omNode-2@group-523986131536-SegmentedRaftLog:OPENED:c-1, conf=-1: [omNode-3|rpc:localhost:40001|priority:0, omNode-1|rpc:localhost:37345|priority:0, omNode-2|rpc:localhost:42205|priority:0], old=null
2022-02-15 23:29:58,460 [grpc-default-executor-3] INFO  impl.VoteContext (VoteContext.java:log(48)) - omNode-2@group-523986131536-CANDIDATE: reject ELECTION from omNode-1: already has voted for omNode-2 at current term 1
2022-02-15 23:29:58,461 [grpc-default-executor-3] INFO  server.RaftServer$Division (RaftServerImpl.java:requestVote(1078)) - omNode-2@group-523986131536 replies to ELECTION vote request: omNode-1<-omNode-2#0:FAIL-t1. Peer's state: omNode-2@group-523986131536:t1, leader=null, voted=omNode-2, raftlog=omNode-2@group-523986131536-SegmentedRaftLog:OPENED:c-1, conf=-1: [omNode-3|rpc:localhost:40001|priority:0, omNode-1|rpc:localhost:37345|priority:0, omNode-2|rpc:localhost:42205|priority:0], old=null
2022-02-15 23:29:58,474 [grpc-default-executor-2] INFO  server.RaftServer$Division (RaftServerImpl.java:requestVote(1078)) - omNode-1@group-523986131536 replies to ELECTION vote request: omNode-3<-omNode-1#0:FAIL-t1. Peer's state: omNode-1@group-523986131536:t1, leader=null, voted=omNode-1, raftlog=omNode-1@group-523986131536-SegmentedRaftLog:OPENED:c-1, conf=-1: [omNode-3|rpc:localhost:40001|priority:0, omNode-1|rpc:localhost:37345|priority:0, omNode-2|rpc:localhost:42205|priority:0], old=null
2022-02-15 23:29:58,474 [grpc-default-executor-0] INFO  impl.VoteContext (VoteContext.java:log(48)) - omNode-1@group-523986131536-CANDIDATE: reject ELECTION from omNode-2: already has voted for omNode-1 at current term 1
2022-02-15 23:29:58,474 [grpc-default-executor-0] INFO  server.RaftServer$Division (RaftServerImpl.java:requestVote(1078)) - omNode-1@group-523986131536 replies to ELECTION vote request: omNode-2<-omNode-1#0:FAIL-t1. Peer's state: omNode-1@group-523986131536:t1, leader=null, voted=omNode-1, raftlog=omNode-1@group-523986131536-SegmentedRaftLog:OPENED:c-1, conf=-1: [omNode-3|rpc:localhost:40001|priority:0, omNode-1|rpc:localhost:37345|priority:0, omNode-2|rpc:localhost:42205|priority:0], old=null
2022-02-15 23:29:58,515 [omNode-2@group-523986131536-LeaderElection4] INFO  impl.LeaderElection (LeaderElection.java:logAndReturn(89)) - omNode-2@group-523986131536-LeaderElection4: ELECTION REJECTED received 2 response(s) and 0 exception(s):
2022-02-15 23:29:58,515 [omNode-3@group-523986131536-LeaderElection5] INFO  impl.LeaderElection (LeaderElection.java:logAndReturn(89)) - omNode-3@group-523986131536-LeaderElection5: ELECTION REJECTED received 2 response(s) and 0 exception(s):
2022-02-15 23:29:58,515 [omNode-3@group-523986131536-LeaderElection5] INFO  impl.LeaderElection (LeaderElection.java:logAndReturn(93)) -   Response 0: omNode-3<-omNode-1#0:FAIL-t1
2022-02-15 23:29:58,515 [omNode-3@group-523986131536-LeaderElection5] INFO  impl.LeaderElection (LeaderElection.java:logAndReturn(93)) -   Response 1: omNode-3<-omNode-2#0:FAIL-t1
2022-02-15 23:29:58,515 [omNode-3@group-523986131536-LeaderElection5] INFO  impl.LeaderElection (LeaderElection.java:askForVotes(308)) - omNode-3@group-523986131536-LeaderElection5 ELECTION round 0: result REJECTED
2022-02-15 23:29:58,515 [omNode-2@group-523986131536-LeaderElection4] INFO  impl.LeaderElection (LeaderElection.java:logAndReturn(93)) -   Response 0: omNode-2<-omNode-3#0:FAIL-t1
2022-02-15 23:29:58,517 [omNode-2@group-523986131536-LeaderElection4] INFO  impl.LeaderElection (LeaderElection.java:logAndReturn(93)) -   Response 1: omNode-2<-omNode-1#0:FAIL-t1
2022-02-15 23:29:58,517 [omNode-2@group-523986131536-LeaderElection4] INFO  impl.LeaderElection (LeaderElection.java:askForVotes(308)) - omNode-2@group-523986131536-LeaderElection4 ELECTION round 0: result REJECTED
2022-02-15 23:29:58,517 [omNode-1@group-523986131536-LeaderElection3] INFO  impl.LeaderElection (LeaderElection.java:logAndReturn(89)) - omNode-1@group-523986131536-LeaderElection3: ELECTION REJECTED received 2 response(s) and 0 exception(s):
2022-02-15 23:29:58,519 [omNode-1@group-523986131536-LeaderElection3] INFO  impl.LeaderElection (LeaderElection.java:logAndReturn(93)) -   Response 0: omNode-1<-omNode-3#0:FAIL-t1
2022-02-15 23:29:58,519 [omNode-1@group-523986131536-LeaderElection3] INFO  impl.LeaderElection (LeaderElection.java:logAndReturn(93)) -   Response 1: omNode-1<-omNode-2#0:FAIL-t1
2022-02-15 23:29:58,518 [omNode-2@group-523986131536-LeaderElection4] INFO  server.RaftServer$Division (RaftServerImpl.java:setRole(290)) - omNode-2@group-523986131536: changes role from CANDIDATE to FOLLOWER at term 1 for REJECTED
2022-02-15 23:29:58,520 [omNode-2@group-523986131536-LeaderElection4] INFO  impl.RoleInfo (RoleInfo.java:shutdownLeaderElection(121)) - omNode-2: shutdown omNode-2@group-523986131536-LeaderElection4
2022-02-15 23:29:58,520 [omNode-2@group-523986131536-LeaderElection4] INFO  impl.RoleInfo (RoleInfo.java:updateAndGet(130)) - omNode-2: start omNode-2@group-523986131536-FollowerState
2022-02-15 23:29:58,518 [omNode-3@group-523986131536-LeaderElection5] INFO  server.RaftServer$Division (RaftServerImpl.java:setRole(290)) - omNode-3@group-523986131536: changes role from CANDIDATE to FOLLOWER at term 1 for REJECTED
2022-02-15 23:29:58,520 [omNode-1@group-523986131536-LeaderElection3] INFO  impl.LeaderElection (LeaderElection.java:askForVotes(308)) - omNode-1@group-523986131536-LeaderElection3 ELECTION round 0: result REJECTED
2022-02-15 23:29:58,520 [omNode-1@group-523986131536-LeaderElection3] INFO  server.RaftServer$Division (RaftServerImpl.java:setRole(290)) - omNode-1@group-523986131536: changes role from CANDIDATE to FOLLOWER at term 1 for REJECTED
2022-02-15 23:29:58,520 [omNode-1@group-523986131536-LeaderElection3] INFO  impl.RoleInfo (RoleInfo.java:shutdownLeaderElection(121)) - omNode-1: shutdown omNode-1@group-523986131536-LeaderElection3
2022-02-15 23:29:58,520 [omNode-3@group-523986131536-LeaderElection5] INFO  impl.RoleInfo (RoleInfo.java:shutdownLeaderElection(121)) - omNode-3: shutdown omNode-3@group-523986131536-LeaderElection5
2022-02-15 23:29:58,525 [omNode-3@group-523986131536-LeaderElection5] INFO  impl.RoleInfo (RoleInfo.java:updateAndGet(130)) - omNode-3: start omNode-3@group-523986131536-FollowerState
2022-02-15 23:29:58,540 [omNode-1@group-523986131536-LeaderElection3] INFO  impl.RoleInfo (RoleInfo.java:updateAndGet(130)) - omNode-1: start omNode-1@group-523986131536-FollowerState
2022-02-15 23:29:58,550 [Listener at 127.0.0.1/33593] INFO  reflections.Reflections (Reflections.java:scan(232)) - Reflections took 101 ms to scan 7 urls, producing 119 keys and 279 values 
2022-02-15 23:29:58,552 [Listener at 127.0.0.1/33593] INFO  statemachine.DatanodeStateMachine (DatanodeStateMachine.java:getEndPointTaskThreadPoolSize(222)) - Datanode State Machine Task Thread Pool size 2
2022-02-15 23:29:58,556 [Listener at 127.0.0.1/33593] INFO  volume.HddsVolume (HddsVolume.java:<init>(120)) - Creating HddsVolume: /home/runner/work/ozone/ozone/hadoop-ozone/integration-test/target/test-dir/MiniOzoneClusterImpl-527fe069-2b78-49eb-8835-8cb6d6ba75bf/datanode-2/data-0/containers/hdds of storage type : DISK capacity : 9223372036854775807
2022-02-15 23:29:58,557 [Listener at 127.0.0.1/33593] INFO  volume.MutableVolumeSet (MutableVolumeSet.java:initializeVolumeSet(168)) - Added Volume : /home/runner/work/ozone/ozone/hadoop-ozone/integration-test/target/test-dir/MiniOzoneClusterImpl-527fe069-2b78-49eb-8835-8cb6d6ba75bf/datanode-2/data-0/containers/hdds to VolumeSet
2022-02-15 23:29:58,557 [Listener at 127.0.0.1/33593] INFO  volume.ThrottledAsyncChecker (ThrottledAsyncChecker.java:schedule(141)) - Scheduling a check for /home/runner/work/ozone/ozone/hadoop-ozone/integration-test/target/test-dir/MiniOzoneClusterImpl-527fe069-2b78-49eb-8835-8cb6d6ba75bf/datanode-2/data-0/containers/hdds
2022-02-15 23:29:58,559 [Listener at 127.0.0.1/33593] INFO  volume.StorageVolumeChecker (StorageVolumeChecker.java:checkAllVolumes(202)) - Scheduled health check for volume /home/runner/work/ozone/ozone/hadoop-ozone/integration-test/target/test-dir/MiniOzoneClusterImpl-527fe069-2b78-49eb-8835-8cb6d6ba75bf/datanode-2/data-0/containers/hdds
2022-02-15 23:29:58,571 [Listener at 127.0.0.1/33593] INFO  volume.MutableVolumeSet (MutableVolumeSet.java:initializeVolumeSet(168)) - Added Volume : /home/runner/work/ozone/ozone/hadoop-ozone/integration-test/target/test-dir/MiniOzoneClusterImpl-527fe069-2b78-49eb-8835-8cb6d6ba75bf/datanode-2/data/ratis to VolumeSet
2022-02-15 23:29:58,571 [Listener at 127.0.0.1/33593] INFO  volume.ThrottledAsyncChecker (ThrottledAsyncChecker.java:schedule(141)) - Scheduling a check for /home/runner/work/ozone/ozone/hadoop-ozone/integration-test/target/test-dir/MiniOzoneClusterImpl-527fe069-2b78-49eb-8835-8cb6d6ba75bf/datanode-2/data/ratis
2022-02-15 23:29:58,571 [Listener at 127.0.0.1/33593] INFO  volume.StorageVolumeChecker (StorageVolumeChecker.java:checkAllVolumes(202)) - Scheduled health check for volume /home/runner/work/ozone/ozone/hadoop-ozone/integration-test/target/test-dir/MiniOzoneClusterImpl-527fe069-2b78-49eb-8835-8cb6d6ba75bf/datanode-2/data/ratis
2022-02-15 23:29:58,582 [Thread-261] INFO  ozoneimpl.ContainerReader (ContainerReader.java:readVolume(172)) - Finish verifying containers on volume /home/runner/work/ozone/ozone/hadoop-ozone/integration-test/target/test-dir/MiniOzoneClusterImpl-527fe069-2b78-49eb-8835-8cb6d6ba75bf/datanode-2/data-0/containers/hdds
2022-02-15 23:29:58,582 [Listener at 127.0.0.1/33593] INFO  ozoneimpl.OzoneContainer (OzoneContainer.java:buildContainerSet(237)) - Build ContainerSet costs 0s
2022-02-15 23:29:58,585 [Listener at 127.0.0.1/33593] INFO  server.RaftServer (ConfUtils.java:logGet(44)) - raft.rpc.type = GRPC (default)
2022-02-15 23:29:58,585 [Listener at 127.0.0.1/33593] INFO  grpc.GrpcFactory (GrpcFactory.java:checkPooledByteBufAllocatorUseCacheForAllThreads(48)) - PERFORMANCE WARNING: useCacheForAllThreads is true that may cause Netty to create a lot garbage objects and, as a result, trigger GC.
	It is recommended to disable useCacheForAllThreads by setting -Dorg.apache.ratis.thirdparty.io.netty.allocator.useCacheForAllThreads=false in command line.
2022-02-15 23:29:58,586 [Listener at 127.0.0.1/33593] INFO  grpc.GrpcConfigKeys (ConfUtils.java:logGet(44)) - raft.grpc.admin.port = 0 (custom)
2022-02-15 23:29:58,586 [Listener at 127.0.0.1/33593] INFO  grpc.GrpcConfigKeys (ConfUtils.java:logGet(44)) - raft.grpc.client.port = 0 (custom)
2022-02-15 23:29:58,586 [Listener at 127.0.0.1/33593] INFO  grpc.GrpcConfigKeys (ConfUtils.java:logGet(44)) - raft.grpc.server.port = 0 (default)
2022-02-15 23:29:58,586 [Listener at 127.0.0.1/33593] INFO  server.GrpcService (ConfUtils.java:logGet(44)) - raft.grpc.message.size.max = 32MB (=33554432) (custom)
2022-02-15 23:29:58,586 [Listener at 127.0.0.1/33593] INFO  server.RaftServerConfigKeys (ConfUtils.java:logGet(44)) - raft.server.log.appender.buffer.byte-limit = 33554432 (custom)
2022-02-15 23:29:58,586 [Listener at 127.0.0.1/33593] INFO  server.GrpcService (ConfUtils.java:logGet(44)) - raft.grpc.flow.control.window = 5MB (=5242880) (custom)
2022-02-15 23:29:58,587 [Listener at 127.0.0.1/33593] INFO  server.RaftServerConfigKeys (ConfUtils.java:logGet(44)) - raft.server.rpc.request.timeout = 60s (custom)
2022-02-15 23:29:58,588 [Listener at 127.0.0.1/33593] INFO  impl.DataStreamServerImpl (ConfUtils.java:logGet(44)) - raft.datastream.type = DISABLED (default)
2022-02-15 23:29:58,588 [Listener at 127.0.0.1/33593] INFO  server.RaftServerConfigKeys (ConfUtils.java:logGet(44)) - raft.server.rpc.slowness.timeout = 300s (custom)
2022-02-15 23:29:58,588 [Listener at 127.0.0.1/33593] INFO  server.RaftServerConfigKeys (ConfUtils.java:logGet(44)) - raft.server.leaderelection.leader.step-down.wait-time = 10s (default)
2022-02-15 23:29:58,588 [Listener at 127.0.0.1/33593] INFO  server.RaftServerConfigKeys (ConfUtils.java:logGet(44)) - raft.server.storage.dir = [/home/runner/work/ozone/ozone/hadoop-ozone/integration-test/target/test-dir/MiniOzoneClusterImpl-527fe069-2b78-49eb-8835-8cb6d6ba75bf/datanode-2/data/ratis] (custom)
2022-02-15 23:29:58,590 [Listener at 127.0.0.1/33593] INFO  server.XceiverServerGrpc (XceiverServerGrpc.java:<init>(132)) - GrpcServer channel type EpollServerSocketChannel
2022-02-15 23:29:58,595 [Listener at 127.0.0.1/33593] INFO  http.BaseHttpServer (BaseHttpServer.java:newHttpServer2BuilderForOzone(209)) - Starting Web-server for hddsDatanode at: http://0.0.0.0:0
2022-02-15 23:29:58,595 [Listener at 127.0.0.1/33593] INFO  http.BaseHttpServer (BaseHttpServer.java:<init>(107)) - Hadoop Security Enabled: false Ozone Security Enabled: false Ozone HTTP Security Enabled: false 
2022-02-15 23:29:58,597 [Listener at 127.0.0.1/33593] INFO  server.AuthenticationFilter (AuthenticationFilter.java:constructSecretProvider(240)) - Unable to initialize FileSignerSecretProvider, falling back to use random secrets.
2022-02-15 23:29:58,597 [Listener at 127.0.0.1/33593] WARN  http.HttpRequestLog (HttpRequestLog.java:getRequestLog(103)) - Jetty request log can only be enabled using Log4j
2022-02-15 23:29:58,598 [Listener at 127.0.0.1/33593] INFO  http.HttpServer2 (HttpServer2.java:addGlobalFilter(1030)) - Added global filter 'safety' (class=org.apache.hadoop.hdds.server.http.HttpServer2$QuotingInputFilter)
2022-02-15 23:29:58,599 [Listener at 127.0.0.1/33593] INFO  http.HttpServer2 (HttpServer2.java:addFilter(1006)) - Added filter static_user_filter (class=org.apache.hadoop.http.lib.StaticUserWebFilter$StaticUserFilter) to context hddsDatanode
2022-02-15 23:29:58,599 [Listener at 127.0.0.1/33593] INFO  http.HttpServer2 (HttpServer2.java:addFilter(1014)) - Added filter static_user_filter (class=org.apache.hadoop.http.lib.StaticUserWebFilter$StaticUserFilter) to context static
2022-02-15 23:29:58,599 [Listener at 127.0.0.1/33593] INFO  http.HttpServer2 (HttpServer2.java:addFilter(1014)) - Added filter static_user_filter (class=org.apache.hadoop.http.lib.StaticUserWebFilter$StaticUserFilter) to context logs
2022-02-15 23:29:58,600 [Listener at 127.0.0.1/33593] INFO  http.HttpServer2 (HttpServer2.java:bindListener(1249)) - Jetty bound to port 33753
2022-02-15 23:29:58,600 [Listener at 127.0.0.1/33593] INFO  server.Server (Server.java:doStart(375)) - jetty-9.4.43.v20210629; built: 2021-06-30T11:07:22.254Z; git: 526006ecfa3af7f1a27ef3a288e2bef7ea9dd7e8; jvm 1.8.0_312-b07
2022-02-15 23:29:58,601 [Listener at 127.0.0.1/33593] INFO  server.session (DefaultSessionIdManager.java:doStart(334)) - DefaultSessionIdManager workerName=node0
2022-02-15 23:29:58,601 [Listener at 127.0.0.1/33593] INFO  server.session (DefaultSessionIdManager.java:doStart(339)) - No SessionScavenger set, using defaults
2022-02-15 23:29:58,601 [Listener at 127.0.0.1/33593] INFO  server.session (HouseKeeper.java:startScavenging(132)) - node0 Scavenging every 600000ms
2022-02-15 23:29:58,602 [Listener at 127.0.0.1/33593] INFO  handler.ContextHandler (ContextHandler.java:doStart(915)) - Started o.e.j.s.ServletContextHandler@39055e0d{logs,/logs,file:///home/runner/work/ozone/ozone/hadoop-ozone/integration-test/target/log,AVAILABLE}
2022-02-15 23:29:58,602 [Listener at 127.0.0.1/33593] INFO  handler.ContextHandler (ContextHandler.java:doStart(915)) - Started o.e.j.s.ServletContextHandler@38c9a48{static,/static,jar:file:/home/runner/.m2/repository/org/apache/ozone/hdds-container-service/1.3.0-SNAPSHOT/hdds-container-service-1.3.0-SNAPSHOT.jar!/webapps/static,AVAILABLE}
2022-02-15 23:29:58,644 [Listener at 127.0.0.1/33593] INFO  handler.ContextHandler (ContextHandler.java:doStart(915)) - Started o.e.j.w.WebAppContext@4228da9a{hddsDatanode,/,file:///tmp/jetty-0_0_0_0-33753-hdds-container-service-1_3_0-SNAPSHOT_jar-_-any-1609385415935321732/webapp/,AVAILABLE}{jar:file:/home/runner/.m2/repository/org/apache/ozone/hdds-container-service/1.3.0-SNAPSHOT/hdds-container-service-1.3.0-SNAPSHOT.jar!/webapps/hddsDatanode}
2022-02-15 23:29:58,646 [Listener at 127.0.0.1/33593] INFO  server.AbstractConnector (AbstractConnector.java:doStart(331)) - Started ServerConnector@30eb4739{HTTP/1.1, (http/1.1)}{0.0.0.0:33753}
2022-02-15 23:29:58,646 [Listener at 127.0.0.1/33593] INFO  server.Server (Server.java:doStart(415)) - Started @19867ms
2022-02-15 23:29:58,646 [Listener at 127.0.0.1/33593] WARN  impl.MetricsSystemImpl (MetricsSystemImpl.java:register(279)) - Sink prometheus already exists!
2022-02-15 23:29:58,647 [Listener at 127.0.0.1/33593] INFO  http.BaseHttpServer (BaseHttpServer.java:updateConnectorAddress(329)) - HTTP server of hddsDatanode listening at http://0.0.0.0:33753
2022-02-15 23:29:58,649 [Datanode State Machine Daemon Thread] INFO  statemachine.DatanodeStateMachine (DatanodeStateMachine.java:lambda$startDaemon$0(470)) - Ozone container server started.
2022-02-15 23:29:58,654 [Listener at 127.0.0.1/33593] INFO  ozone.MiniOzoneClusterImpl (MiniOzoneClusterImpl.java:lambda$waitForClusterToBeReady$0(219)) - Waiting for nodes to be ready. Got 0 of 3 DN Heartbeats.
2022-02-15 23:29:58,654 [Listener at 127.0.0.1/33593] INFO  ozone.MiniOzoneClusterImpl (MiniOzoneClusterImpl.java:lambda$waitForClusterToBeReady$0(222)) - Waiting for cluster to exit safe mode
2022-02-15 23:29:58,654 [Listener at 127.0.0.1/33593] INFO  ozone.MiniOzoneClusterImpl (MiniOzoneClusterImpl.java:lambda$waitForClusterToBeReady$0(224)) - SCM became leader
2022-02-15 23:29:58,659 [org.apache.hadoop.util.JvmPauseMonitor$Monitor@4e18f3de] INFO  util.JvmPauseMonitor (JvmPauseMonitor.java:run(188)) - Starting JVM pause monitor
2022-02-15 23:29:58,661 [Datanode State Machine Task Thread - 0] INFO  datanode.InitDatanodeState (InitDatanodeState.java:persistContainerDatanodeDetails(138)) - DatanodeDetails is persisted to /home/runner/work/ozone/ozone/hadoop-ozone/integration-test/target/test-dir/MiniOzoneClusterImpl-527fe069-2b78-49eb-8835-8cb6d6ba75bf/datanode-2/meta/datanode.id
2022-02-15 23:29:59,654 [Listener at 127.0.0.1/33593] INFO  ozone.MiniOzoneClusterImpl (MiniOzoneClusterImpl.java:lambda$waitForClusterToBeReady$0(219)) - Waiting for nodes to be ready. Got 0 of 3 DN Heartbeats.
2022-02-15 23:29:59,655 [Listener at 127.0.0.1/33593] INFO  ozone.MiniOzoneClusterImpl (MiniOzoneClusterImpl.java:lambda$waitForClusterToBeReady$0(222)) - Waiting for cluster to exit safe mode
2022-02-15 23:29:59,655 [Listener at 127.0.0.1/33593] INFO  ozone.MiniOzoneClusterImpl (MiniOzoneClusterImpl.java:lambda$waitForClusterToBeReady$0(224)) - SCM became leader
2022-02-15 23:29:59,663 [omNode-1@group-523986131536-FollowerState] INFO  impl.FollowerState (FollowerState.java:run(134)) - omNode-1@group-523986131536-FollowerState: change to CANDIDATE, lastRpcElapsedTime:1122970602ns, electionTimeout:1111ms
2022-02-15 23:29:59,663 [omNode-1@group-523986131536-FollowerState] INFO  impl.RoleInfo (RoleInfo.java:shutdownFollowerState(108)) - omNode-1: shutdown omNode-1@group-523986131536-FollowerState
2022-02-15 23:29:59,663 [omNode-1@group-523986131536-FollowerState] INFO  server.RaftServer$Division (RaftServerImpl.java:setRole(290)) - omNode-1@group-523986131536: changes role from  FOLLOWER to CANDIDATE at term 1 for changeToCandidate
2022-02-15 23:29:59,667 [omNode-1@group-523986131536-FollowerState] INFO  server.RaftServerConfigKeys (ConfUtils.java:logGet(44)) - raft.server.leaderelection.pre-vote = false (custom)
2022-02-15 23:29:59,667 [omNode-1@group-523986131536-FollowerState] INFO  impl.RoleInfo (RoleInfo.java:updateAndGet(130)) - omNode-1: start omNode-1@group-523986131536-LeaderElection6
2022-02-15 23:29:59,669 [omNode-1@group-523986131536-LeaderElection6] INFO  impl.LeaderElection (LeaderElection.java:askForVotes(306)) - omNode-1@group-523986131536-LeaderElection6 ELECTION round 0: submit vote requests at term 2 for -1: [omNode-3|rpc:localhost:40001|priority:0, omNode-1|rpc:localhost:37345|priority:0, omNode-2|rpc:localhost:42205|priority:0], old=null
2022-02-15 23:29:59,676 [grpc-default-executor-0] INFO  server.RaftServer$Division (RaftServerImpl.java:requestVote(1046)) - omNode-3@group-523986131536: receive requestVote(ELECTION, omNode-1, group-523986131536, 2, (t:0, i:~))
2022-02-15 23:29:59,676 [grpc-default-executor-0] INFO  impl.VoteContext (VoteContext.java:log(48)) - omNode-3@group-523986131536-FOLLOWER: accept ELECTION from omNode-1: our priority 0 <= candidate's priority 0
2022-02-15 23:29:59,676 [grpc-default-executor-0] INFO  server.RaftServer$Division (RaftServerImpl.java:setRole(290)) - omNode-3@group-523986131536: changes role from  FOLLOWER to FOLLOWER at term 2 for candidate:omNode-1
2022-02-15 23:29:59,676 [grpc-default-executor-0] INFO  impl.RoleInfo (RoleInfo.java:shutdownFollowerState(108)) - omNode-3: shutdown omNode-3@group-523986131536-FollowerState
2022-02-15 23:29:59,676 [grpc-default-executor-0] INFO  impl.RoleInfo (RoleInfo.java:updateAndGet(130)) - omNode-3: start omNode-3@group-523986131536-FollowerState
2022-02-15 23:29:59,677 [omNode-3@group-523986131536-FollowerState] INFO  impl.FollowerState (FollowerState.java:run(143)) - omNode-3@group-523986131536-FollowerState was interrupted: {}
java.lang.InterruptedException: sleep interrupted
	at java.lang.Thread.sleep(Native Method)
	at java.lang.Thread.sleep(Thread.java:340)
	at java.util.concurrent.TimeUnit.sleep(TimeUnit.java:386)
	at org.apache.ratis.util.TimeDuration.sleep(TimeDuration.java:324)
	at org.apache.ratis.util.TimeDuration.sleep(TimeDuration.java:309)
	at org.apache.ratis.server.impl.FollowerState.run(FollowerState.java:118)
2022-02-15 23:29:59,685 [grpc-default-executor-2] INFO  server.RaftServer$Division (RaftServerImpl.java:requestVote(1046)) - omNode-2@group-523986131536: receive requestVote(ELECTION, omNode-1, group-523986131536, 2, (t:0, i:~))
2022-02-15 23:29:59,685 [grpc-default-executor-2] INFO  impl.VoteContext (VoteContext.java:log(48)) - omNode-2@group-523986131536-FOLLOWER: accept ELECTION from omNode-1: our priority 0 <= candidate's priority 0
2022-02-15 23:29:59,685 [grpc-default-executor-2] INFO  server.RaftServer$Division (RaftServerImpl.java:setRole(290)) - omNode-2@group-523986131536: changes role from  FOLLOWER to FOLLOWER at term 2 for candidate:omNode-1
2022-02-15 23:29:59,685 [grpc-default-executor-2] INFO  impl.RoleInfo (RoleInfo.java:shutdownFollowerState(108)) - omNode-2: shutdown omNode-2@group-523986131536-FollowerState
2022-02-15 23:29:59,685 [grpc-default-executor-2] INFO  impl.RoleInfo (RoleInfo.java:updateAndGet(130)) - omNode-2: start omNode-2@group-523986131536-FollowerState
2022-02-15 23:29:59,685 [omNode-2@group-523986131536-FollowerState] INFO  impl.FollowerState (FollowerState.java:run(143)) - omNode-2@group-523986131536-FollowerState was interrupted: {}
java.lang.InterruptedException: sleep interrupted
	at java.lang.Thread.sleep(Native Method)
	at java.lang.Thread.sleep(Thread.java:340)
	at java.util.concurrent.TimeUnit.sleep(TimeUnit.java:386)
	at org.apache.ratis.util.TimeDuration.sleep(TimeDuration.java:324)
	at org.apache.ratis.util.TimeDuration.sleep(TimeDuration.java:309)
	at org.apache.ratis.server.impl.FollowerState.run(FollowerState.java:118)
2022-02-15 23:29:59,686 [grpc-default-executor-0] INFO  server.RaftServer$Division (RaftServerImpl.java:requestVote(1078)) - omNode-3@group-523986131536 replies to ELECTION vote request: omNode-1<-omNode-3#0:OK-t2. Peer's state: omNode-3@group-523986131536:t2, leader=null, voted=omNode-1, raftlog=omNode-3@group-523986131536-SegmentedRaftLog:OPENED:c-1, conf=-1: [omNode-3|rpc:localhost:40001|priority:0, omNode-1|rpc:localhost:37345|priority:0, omNode-2|rpc:localhost:42205|priority:0], old=null
2022-02-15 23:29:59,687 [grpc-default-executor-2] INFO  server.RaftServer$Division (RaftServerImpl.java:requestVote(1078)) - omNode-2@group-523986131536 replies to ELECTION vote request: omNode-1<-omNode-2#0:OK-t2. Peer's state: omNode-2@group-523986131536:t2, leader=null, voted=omNode-1, raftlog=omNode-2@group-523986131536-SegmentedRaftLog:OPENED:c-1, conf=-1: [omNode-3|rpc:localhost:40001|priority:0, omNode-1|rpc:localhost:37345|priority:0, omNode-2|rpc:localhost:42205|priority:0], old=null
2022-02-15 23:29:59,689 [omNode-1@group-523986131536-LeaderElection6] INFO  impl.LeaderElection (LeaderElection.java:logAndReturn(89)) - omNode-1@group-523986131536-LeaderElection6: ELECTION PASSED received 1 response(s) and 0 exception(s):
2022-02-15 23:29:59,689 [omNode-1@group-523986131536-LeaderElection6] INFO  impl.LeaderElection (LeaderElection.java:logAndReturn(93)) -   Response 0: omNode-1<-omNode-2#0:OK-t2
2022-02-15 23:29:59,689 [omNode-1@group-523986131536-LeaderElection6] INFO  impl.LeaderElection (LeaderElection.java:askForVotes(308)) - omNode-1@group-523986131536-LeaderElection6 ELECTION round 0: result PASSED
2022-02-15 23:29:59,689 [omNode-1@group-523986131536-LeaderElection6] INFO  impl.RoleInfo (RoleInfo.java:shutdownLeaderElection(121)) - omNode-1: shutdown omNode-1@group-523986131536-LeaderElection6
2022-02-15 23:29:59,689 [omNode-1@group-523986131536-LeaderElection6] INFO  server.RaftServer$Division (RaftServerImpl.java:setRole(290)) - omNode-1@group-523986131536: changes role from CANDIDATE to LEADER at term 2 for changeToLeader
2022-02-15 23:29:59,689 [omNode-1@group-523986131536-LeaderElection6] INFO  server.RaftServer$Division (ServerState.java:setLeader(285)) - omNode-1@group-523986131536: change Leader from null to omNode-1 at term 2 for becomeLeader, leader elected after 3256ms
2022-02-15 23:29:59,690 [omNode-1@group-523986131536-LeaderElection6] INFO  server.RaftServerConfigKeys (ConfUtils.java:logGet(44)) - raft.server.staging.catchup.gap = 1000 (default)
2022-02-15 23:29:59,690 [omNode-1@group-523986131536-LeaderElection6] INFO  server.RaftServerConfigKeys (ConfUtils.java:logGet(44)) - raft.server.write.element-limit = 4096 (default)
2022-02-15 23:29:59,690 [omNode-1@group-523986131536-LeaderElection6] INFO  server.RaftServerConfigKeys (ConfUtils.java:logGet(44)) - raft.server.write.byte-limit = 64MB (=67108864) (default)
2022-02-15 23:29:59,690 [omNode-1@group-523986131536-LeaderElection6] INFO  server.RaftServerConfigKeys (ConfUtils.java:logGet(44)) - raft.server.watch.timeout = 10s (default)
2022-02-15 23:29:59,690 [omNode-1@group-523986131536-LeaderElection6] INFO  server.RaftServerConfigKeys (ConfUtils.java:logGet(44)) - raft.server.watch.timeout.denomination = 1s (default)
2022-02-15 23:29:59,690 [omNode-1@group-523986131536-LeaderElection6] INFO  server.RaftServerConfigKeys (ConfUtils.java:logGet(44)) - raft.server.watch.element-limit = 65536 (default)
2022-02-15 23:29:59,690 [omNode-1@group-523986131536-LeaderElection6] INFO  server.RaftServerConfigKeys (ConfUtils.java:logGet(44)) - raft.server.write.element-limit = 4096 (default)
2022-02-15 23:29:59,690 [omNode-1@group-523986131536-LeaderElection6] INFO  server.RaftServerConfigKeys (ConfUtils.java:logGet(44)) - raft.server.write.follower.gap.ratio.max = -1.0 (default)
2022-02-15 23:29:59,696 [omNode-1@group-523986131536-LeaderElection6] INFO  server.RaftServerConfigKeys (ConfUtils.java:logGet(44)) - raft.server.log.appender.snapshot.chunk.size.max = 16MB (=16777216) (default)
2022-02-15 23:29:59,696 [omNode-1@group-523986131536-LeaderElection6] INFO  server.RaftServerConfigKeys (ConfUtils.java:logGet(44)) - raft.server.log.appender.buffer.byte-limit = 33554432 (custom)
2022-02-15 23:29:59,697 [omNode-1@group-523986131536-LeaderElection6] INFO  server.RaftServerConfigKeys (ConfUtils.java:logGet(44)) - raft.server.log.appender.buffer.element-limit = 1024 (custom)
2022-02-15 23:29:59,699 [omNode-1@group-523986131536-LeaderElection6] INFO  grpc.GrpcConfigKeys (ConfUtils.java:logGet(44)) - raft.grpc.server.leader.outstanding.appends.max = 128 (default)
2022-02-15 23:29:59,700 [omNode-1@group-523986131536-LeaderElection6] INFO  server.RaftServerConfigKeys (ConfUtils.java:logGet(44)) - raft.server.rpc.request.timeout = 3000ms (default)
2022-02-15 23:29:59,700 [omNode-1@group-523986131536-LeaderElection6] INFO  server.RaftServerConfigKeys (ConfUtils.java:logGet(44)) - raft.server.log.appender.install.snapshot.enabled = false (custom)
2022-02-15 23:29:59,703 [omNode-1@group-523986131536-LeaderElection6] INFO  server.RaftServerConfigKeys (ConfUtils.java:logGet(44)) - raft.server.log.appender.snapshot.chunk.size.max = 16MB (=16777216) (default)
2022-02-15 23:29:59,703 [omNode-1@group-523986131536-LeaderElection6] INFO  server.RaftServerConfigKeys (ConfUtils.java:logGet(44)) - raft.server.log.appender.buffer.byte-limit = 33554432 (custom)
2022-02-15 23:29:59,703 [omNode-1@group-523986131536-LeaderElection6] INFO  server.RaftServerConfigKeys (ConfUtils.java:logGet(44)) - raft.server.log.appender.buffer.element-limit = 1024 (custom)
2022-02-15 23:29:59,704 [omNode-1@group-523986131536-LeaderElection6] INFO  grpc.GrpcConfigKeys (ConfUtils.java:logGet(44)) - raft.grpc.server.leader.outstanding.appends.max = 128 (default)
2022-02-15 23:29:59,704 [omNode-1@group-523986131536-LeaderElection6] INFO  server.RaftServerConfigKeys (ConfUtils.java:logGet(44)) - raft.server.rpc.request.timeout = 3000ms (default)
2022-02-15 23:29:59,704 [omNode-1@group-523986131536-LeaderElection6] INFO  server.RaftServerConfigKeys (ConfUtils.java:logGet(44)) - raft.server.log.appender.install.snapshot.enabled = false (custom)
2022-02-15 23:29:59,706 [omNode-1@group-523986131536-LeaderElection6] INFO  impl.RoleInfo (RoleInfo.java:updateAndGet(130)) - omNode-1: start omNode-1@group-523986131536-LeaderStateImpl
2022-02-15 23:29:59,706 [omNode-1@group-523986131536-LeaderElection6] INFO  segmented.SegmentedRaftLogWorker (SegmentedRaftLogWorker.java:startLogSegment(394)) - omNode-1@group-523986131536-SegmentedRaftLogWorker: Starting segment from index:0
2022-02-15 23:29:59,719 [omNode-1@group-523986131536-SegmentedRaftLogWorker] INFO  segmented.SegmentedRaftLogWorker (SegmentedRaftLogWorker.java:execute(601)) - omNode-1@group-523986131536-SegmentedRaftLogWorker: created new log segment /home/runner/work/ozone/ozone/hadoop-ozone/integration-test/target/test-dir/MiniOzoneClusterImpl-527fe069-2b78-49eb-8835-8cb6d6ba75bf/omNode-1/ratis/c9bc4cf4-3bc3-3c60-a66b-523986131536/current/log_inprogress_0
2022-02-15 23:29:59,720 [omNode-1@group-523986131536-LeaderElection6] INFO  server.RaftServer$Division (ServerState.java:setRaftConf(387)) - omNode-1@group-523986131536: set configuration 0: [omNode-3|rpc:localhost:40001|admin:|client:|dataStream:|priority:0, omNode-1|rpc:localhost:37345|admin:|client:|dataStream:|priority:0, omNode-2|rpc:localhost:42205|admin:|client:|dataStream:|priority:0], old=null
2022-02-15 23:29:59,750 [grpc-default-executor-2] INFO  server.RaftServer$Division (ServerState.java:setLeader(285)) - omNode-2@group-523986131536: change Leader from null to omNode-1 at term 2 for appendEntries, leader elected after 2982ms
2022-02-15 23:29:59,750 [grpc-default-executor-0] INFO  server.RaftServer$Division (ServerState.java:setLeader(285)) - omNode-3@group-523986131536: change Leader from null to omNode-1 at term 2 for appendEntries, leader elected after 2699ms
2022-02-15 23:29:59,785 [grpc-default-executor-2] INFO  server.RaftServer$Division (ServerState.java:setRaftConf(387)) - omNode-2@group-523986131536: set configuration 0: [omNode-3|rpc:localhost:40001|admin:|client:|dataStream:|priority:0, omNode-1|rpc:localhost:37345|admin:|client:|dataStream:|priority:0, omNode-2|rpc:localhost:42205|admin:|client:|dataStream:|priority:0], old=null
2022-02-15 23:29:59,786 [grpc-default-executor-2] INFO  segmented.SegmentedRaftLogWorker (SegmentedRaftLogWorker.java:startLogSegment(394)) - omNode-2@group-523986131536-SegmentedRaftLogWorker: Starting segment from index:0
2022-02-15 23:29:59,787 [grpc-default-executor-0] INFO  server.RaftServer$Division (ServerState.java:setRaftConf(387)) - omNode-3@group-523986131536: set configuration 0: [omNode-3|rpc:localhost:40001|admin:|client:|dataStream:|priority:0, omNode-1|rpc:localhost:37345|admin:|client:|dataStream:|priority:0, omNode-2|rpc:localhost:42205|admin:|client:|dataStream:|priority:0], old=null
2022-02-15 23:29:59,787 [grpc-default-executor-0] INFO  segmented.SegmentedRaftLogWorker (SegmentedRaftLogWorker.java:startLogSegment(394)) - omNode-3@group-523986131536-SegmentedRaftLogWorker: Starting segment from index:0
2022-02-15 23:29:59,802 [omNode-2@group-523986131536-SegmentedRaftLogWorker] INFO  segmented.SegmentedRaftLogWorker (SegmentedRaftLogWorker.java:execute(601)) - omNode-2@group-523986131536-SegmentedRaftLogWorker: created new log segment /home/runner/work/ozone/ozone/hadoop-ozone/integration-test/target/test-dir/MiniOzoneClusterImpl-527fe069-2b78-49eb-8835-8cb6d6ba75bf/omNode-2/ratis/c9bc4cf4-3bc3-3c60-a66b-523986131536/current/log_inprogress_0
2022-02-15 23:29:59,802 [omNode-3@group-523986131536-SegmentedRaftLogWorker] INFO  segmented.SegmentedRaftLogWorker (SegmentedRaftLogWorker.java:execute(601)) - omNode-3@group-523986131536-SegmentedRaftLogWorker: created new log segment /home/runner/work/ozone/ozone/hadoop-ozone/integration-test/target/test-dir/MiniOzoneClusterImpl-527fe069-2b78-49eb-8835-8cb6d6ba75bf/omNode-3/ratis/c9bc4cf4-3bc3-3c60-a66b-523986131536/current/log_inprogress_0
2022-02-15 23:29:59,846 [omNode-3@group-523986131536-StateMachineUpdater] INFO  ratis.OzoneManagerStateMachine (OzoneManagerStateMachine.java:notifyConfigurationChanged(188)) - Received Configuration change notification from Ratis. New Peer list:
[id: "omNode-3"
address: "localhost:40001"
, id: "omNode-1"
address: "localhost:37345"
, id: "omNode-2"
address: "localhost:42205"
]
2022-02-15 23:29:59,847 [omNode-1@group-523986131536-StateMachineUpdater] INFO  ratis.OzoneManagerStateMachine (OzoneManagerStateMachine.java:notifyConfigurationChanged(188)) - Received Configuration change notification from Ratis. New Peer list:
[id: "omNode-3"
address: "localhost:40001"
, id: "omNode-1"
address: "localhost:37345"
, id: "omNode-2"
address: "localhost:42205"
]
2022-02-15 23:29:59,848 [omNode-2@group-523986131536-StateMachineUpdater] INFO  ratis.OzoneManagerStateMachine (OzoneManagerStateMachine.java:notifyConfigurationChanged(188)) - Received Configuration change notification from Ratis. New Peer list:
[id: "omNode-3"
address: "localhost:40001"
, id: "omNode-1"
address: "localhost:37345"
, id: "omNode-2"
address: "localhost:42205"
]
2022-02-15 23:30:00,012 [EndpointStateMachine task thread for /0.0.0.0:39559 - 0 ] INFO  ozoneimpl.OzoneContainer (OzoneContainer.java:start(315)) - Attempting to start container services.
2022-02-15 23:30:00,017 [EndpointStateMachine task thread for /0.0.0.0:39559 - 0 ] INFO  ozoneimpl.OzoneContainer (OzoneContainer.java:startContainerScrub(250)) - Background container scanner has been disabled.
2022-02-15 23:30:00,019 [EndpointStateMachine task thread for /0.0.0.0:39559 - 0 ] INFO  replication.ReplicationServer (ReplicationServer.java:start(111)) - ReplicationServer is started using port 44271
2022-02-15 23:30:00,022 [EndpointStateMachine task thread for /0.0.0.0:39559 - 0 ] INFO  ratis.XceiverServerRatis (XceiverServerRatis.java:start(485)) - Starting XceiverServerRatis 91679173-921c-4654-9093-8f81413a9b3b
2022-02-15 23:30:00,023 [EndpointStateMachine task thread for /0.0.0.0:39559 - 0 ] INFO  server.RaftServer (RaftServerProxy.java:lambda$start$5(374)) - 91679173-921c-4654-9093-8f81413a9b3b: start RPC server
2022-02-15 23:30:00,028 [EndpointStateMachine task thread for /0.0.0.0:39559 - 0 ] INFO  server.GrpcService (GrpcService.java:startImpl(253)) - 91679173-921c-4654-9093-8f81413a9b3b: GrpcService started, listening on 35857
2022-02-15 23:30:00,029 [EndpointStateMachine task thread for /0.0.0.0:39559 - 0 ] INFO  ratis.XceiverServerRatis (XceiverServerRatis.java:getRealPort(506)) - XceiverServerRatis 91679173-921c-4654-9093-8f81413a9b3b is started using port 35857 for RATIS
2022-02-15 23:30:00,030 [EndpointStateMachine task thread for /0.0.0.0:39559 - 0 ] INFO  ratis.XceiverServerRatis (XceiverServerRatis.java:getRealPort(506)) - XceiverServerRatis 91679173-921c-4654-9093-8f81413a9b3b is started using port 35857 for RATIS_ADMIN
2022-02-15 23:30:00,030 [EndpointStateMachine task thread for /0.0.0.0:39559 - 0 ] INFO  ratis.XceiverServerRatis (XceiverServerRatis.java:getRealPort(506)) - XceiverServerRatis 91679173-921c-4654-9093-8f81413a9b3b is started using port 35857 for RATIS_SERVER
2022-02-15 23:30:00,031 [org.apache.ratis.util.JvmPauseMonitor$$Lambda$422/911895107@42e4b63b] INFO  util.JvmPauseMonitor (JvmPauseMonitor.java:run(103)) - JvmPauseMonitor-91679173-921c-4654-9093-8f81413a9b3b: Started
2022-02-15 23:30:00,039 [EndpointStateMachine task thread for /0.0.0.0:39559 - 0 ] INFO  server.XceiverServerGrpc (XceiverServerGrpc.java:start(180)) - XceiverServerGrpc 91679173-921c-4654-9093-8f81413a9b3b is started using port 42217
2022-02-15 23:30:00,370 [EndpointStateMachine task thread for /0.0.0.0:39559 - 0 ] INFO  ozoneimpl.OzoneContainer (OzoneContainer.java:start(315)) - Attempting to start container services.
2022-02-15 23:30:00,370 [EndpointStateMachine task thread for /0.0.0.0:39559 - 0 ] INFO  ozoneimpl.OzoneContainer (OzoneContainer.java:startContainerScrub(250)) - Background container scanner has been disabled.
2022-02-15 23:30:00,372 [EndpointStateMachine task thread for /0.0.0.0:39559 - 0 ] INFO  replication.ReplicationServer (ReplicationServer.java:start(111)) - ReplicationServer is started using port 42173
2022-02-15 23:30:00,373 [EndpointStateMachine task thread for /0.0.0.0:39559 - 0 ] INFO  ratis.XceiverServerRatis (XceiverServerRatis.java:start(485)) - Starting XceiverServerRatis 27f14ece-dda1-4864-b778-45133e24b62f
2022-02-15 23:30:00,374 [EndpointStateMachine task thread for /0.0.0.0:39559 - 0 ] INFO  server.RaftServer (RaftServerProxy.java:lambda$start$5(374)) - 27f14ece-dda1-4864-b778-45133e24b62f: start RPC server
2022-02-15 23:30:00,374 [EndpointStateMachine task thread for /0.0.0.0:39559 - 0 ] INFO  server.GrpcService (GrpcService.java:startImpl(253)) - 27f14ece-dda1-4864-b778-45133e24b62f: GrpcService started, listening on 36089
2022-02-15 23:30:00,375 [EndpointStateMachine task thread for /0.0.0.0:39559 - 0 ] INFO  ratis.XceiverServerRatis (XceiverServerRatis.java:getRealPort(506)) - XceiverServerRatis 27f14ece-dda1-4864-b778-45133e24b62f is started using port 36089 for RATIS
2022-02-15 23:30:00,375 [org.apache.ratis.util.JvmPauseMonitor$$Lambda$422/911895107@483b34c6] INFO  util.JvmPauseMonitor (JvmPauseMonitor.java:run(103)) - JvmPauseMonitor-27f14ece-dda1-4864-b778-45133e24b62f: Started
2022-02-15 23:30:00,375 [EndpointStateMachine task thread for /0.0.0.0:39559 - 0 ] INFO  ratis.XceiverServerRatis (XceiverServerRatis.java:getRealPort(506)) - XceiverServerRatis 27f14ece-dda1-4864-b778-45133e24b62f is started using port 36089 for RATIS_ADMIN
2022-02-15 23:30:00,375 [EndpointStateMachine task thread for /0.0.0.0:39559 - 0 ] INFO  ratis.XceiverServerRatis (XceiverServerRatis.java:getRealPort(506)) - XceiverServerRatis 27f14ece-dda1-4864-b778-45133e24b62f is started using port 36089 for RATIS_SERVER
2022-02-15 23:30:00,376 [EndpointStateMachine task thread for /0.0.0.0:39559 - 0 ] INFO  server.XceiverServerGrpc (XceiverServerGrpc.java:start(180)) - XceiverServerGrpc 27f14ece-dda1-4864-b778-45133e24b62f is started using port 42791
2022-02-15 23:30:00,655 [Listener at 127.0.0.1/33593] INFO  ozone.MiniOzoneClusterImpl (MiniOzoneClusterImpl.java:lambda$waitForClusterToBeReady$0(219)) - Waiting for nodes to be ready. Got 0 of 3 DN Heartbeats.
2022-02-15 23:30:00,655 [Listener at 127.0.0.1/33593] INFO  ozone.MiniOzoneClusterImpl (MiniOzoneClusterImpl.java:lambda$waitForClusterToBeReady$0(222)) - Waiting for cluster to exit safe mode
2022-02-15 23:30:00,656 [Listener at 127.0.0.1/33593] INFO  ozone.MiniOzoneClusterImpl (MiniOzoneClusterImpl.java:lambda$waitForClusterToBeReady$0(224)) - SCM became leader
2022-02-15 23:30:00,664 [EndpointStateMachine task thread for /0.0.0.0:39559 - 0 ] INFO  ozoneimpl.OzoneContainer (OzoneContainer.java:start(315)) - Attempting to start container services.
2022-02-15 23:30:00,664 [EndpointStateMachine task thread for /0.0.0.0:39559 - 0 ] INFO  ozoneimpl.OzoneContainer (OzoneContainer.java:startContainerScrub(250)) - Background container scanner has been disabled.
2022-02-15 23:30:00,665 [EndpointStateMachine task thread for /0.0.0.0:39559 - 0 ] INFO  replication.ReplicationServer (ReplicationServer.java:start(111)) - ReplicationServer is started using port 42281
2022-02-15 23:30:00,666 [EndpointStateMachine task thread for /0.0.0.0:39559 - 0 ] INFO  ratis.XceiverServerRatis (XceiverServerRatis.java:start(485)) - Starting XceiverServerRatis 5c3f3ce4-7956-4080-8f67-16b58d57ac80
2022-02-15 23:30:00,667 [EndpointStateMachine task thread for /0.0.0.0:39559 - 0 ] INFO  server.RaftServer (RaftServerProxy.java:lambda$start$5(374)) - 5c3f3ce4-7956-4080-8f67-16b58d57ac80: start RPC server
2022-02-15 23:30:00,668 [EndpointStateMachine task thread for /0.0.0.0:39559 - 0 ] INFO  server.GrpcService (GrpcService.java:startImpl(253)) - 5c3f3ce4-7956-4080-8f67-16b58d57ac80: GrpcService started, listening on 33859
2022-02-15 23:30:00,668 [EndpointStateMachine task thread for /0.0.0.0:39559 - 0 ] INFO  ratis.XceiverServerRatis (XceiverServerRatis.java:getRealPort(506)) - XceiverServerRatis 5c3f3ce4-7956-4080-8f67-16b58d57ac80 is started using port 33859 for RATIS
2022-02-15 23:30:00,668 [EndpointStateMachine task thread for /0.0.0.0:39559 - 0 ] INFO  ratis.XceiverServerRatis (XceiverServerRatis.java:getRealPort(506)) - XceiverServerRatis 5c3f3ce4-7956-4080-8f67-16b58d57ac80 is started using port 33859 for RATIS_ADMIN
2022-02-15 23:30:00,668 [EndpointStateMachine task thread for /0.0.0.0:39559 - 0 ] INFO  ratis.XceiverServerRatis (XceiverServerRatis.java:getRealPort(506)) - XceiverServerRatis 5c3f3ce4-7956-4080-8f67-16b58d57ac80 is started using port 33859 for RATIS_SERVER
2022-02-15 23:30:00,668 [org.apache.ratis.util.JvmPauseMonitor$$Lambda$422/911895107@668dd162] INFO  util.JvmPauseMonitor (JvmPauseMonitor.java:run(103)) - JvmPauseMonitor-5c3f3ce4-7956-4080-8f67-16b58d57ac80: Started
2022-02-15 23:30:00,669 [EndpointStateMachine task thread for /0.0.0.0:39559 - 0 ] INFO  server.XceiverServerGrpc (XceiverServerGrpc.java:start(180)) - XceiverServerGrpc 5c3f3ce4-7956-4080-8f67-16b58d57ac80 is started using port 37365
2022-02-15 23:30:01,656 [Listener at 127.0.0.1/33593] INFO  ozone.MiniOzoneClusterImpl (MiniOzoneClusterImpl.java:lambda$waitForClusterToBeReady$0(219)) - Waiting for nodes to be ready. Got 0 of 3 DN Heartbeats.
2022-02-15 23:30:01,656 [Listener at 127.0.0.1/33593] INFO  ozone.MiniOzoneClusterImpl (MiniOzoneClusterImpl.java:lambda$waitForClusterToBeReady$0(222)) - Waiting for cluster to exit safe mode
2022-02-15 23:30:01,656 [Listener at 127.0.0.1/33593] INFO  ozone.MiniOzoneClusterImpl (MiniOzoneClusterImpl.java:lambda$waitForClusterToBeReady$0(224)) - SCM became leader
2022-02-15 23:30:01,995 [IPC Server handler 8 on default port 39559] INFO  net.NetworkTopologyImpl (NetworkTopologyImpl.java:add(112)) - Added a new node: /default-rack/91679173-921c-4654-9093-8f81413a9b3b
2022-02-15 23:30:01,997 [IPC Server handler 8 on default port 39559] INFO  node.SCMNodeManager (SCMNodeManager.java:register(389)) - Registered Data node : 91679173-921c-4654-9093-8f81413a9b3b{ip: 10.1.0.21, host: fv-az297-531.nmf1rxwemy4u5di1sxxf4ejcwb.jx.internal.cloudapp.net, ports: [REPLICATION=44271, RATIS=35857, RATIS_ADMIN=35857, RATIS_SERVER=35857, STANDALONE=42217], networkLocation: /default-rack, certSerialId: null, persistedOpState: null, persistedOpStateExpiryEpochSec: 0}
2022-02-15 23:30:02,001 [EventQueue-NewNodeForNewNodeHandler] INFO  pipeline.BackgroundPipelineCreator (BackgroundPipelineCreator.java:notifyEventTriggered(285)) - trigger a one-shot run on RatisPipelineUtilsThread.
2022-02-15 23:30:02,009 [EventQueue-NodeRegistrationContainerReportForDataNodeSafeModeRule] INFO  safemode.SCMSafeModeManager (DataNodeSafeModeRule.java:process(71)) - SCM in safe mode. 1 DataNodes registered, 3 required.
2022-02-15 23:30:02,025 [RatisPipelineUtilsThread - 0] INFO  pipeline.RatisPipelineProvider (RatisPipelineProvider.java:lambda$create$0(183)) - Sending CreatePipelineCommand for pipeline:PipelineID=f15a8251-35f8-4ff0-b4ad-33ffe5e76887 to datanode:91679173-921c-4654-9093-8f81413a9b3b
2022-02-15 23:30:02,023 [EventQueue-NodeRegistrationContainerReportForContainerSafeModeRule] INFO  safemode.SCMSafeModeManager (SCMSafeModeManager.java:validateSafeModeExitRules(204)) - ContainerSafeModeRule rule is successfully validated
2022-02-15 23:30:02,033 [EventQueue-PipelineReportForOneReplicaPipelineSafeModeRule] INFO  safemode.SCMSafeModeManager (SCMSafeModeManager.java:validateSafeModeExitRules(204)) - AtleastOneDatanodeReportedRule rule is successfully validated
2022-02-15 23:30:02,105 [41f0e2a1-74af-4a99-b882-aaa35b27024d@group-8CB6D6BA75BF-StateMachineUpdater] INFO  pipeline.PipelineStateManagerImpl (PipelineStateManagerImpl.java:addPipeline(101)) - Created pipeline Pipeline[ Id: f15a8251-35f8-4ff0-b4ad-33ffe5e76887, Nodes: 91679173-921c-4654-9093-8f81413a9b3b{ip: 10.1.0.21, host: fv-az297-531.nmf1rxwemy4u5di1sxxf4ejcwb.jx.internal.cloudapp.net, ports: [REPLICATION=44271, RATIS=35857, RATIS_ADMIN=35857, RATIS_SERVER=35857, STANDALONE=42217], networkLocation: /default-rack, certSerialId: null, persistedOpState: IN_SERVICE, persistedOpStateExpiryEpochSec: 0}, ReplicationConfig: RATIS/ONE, State:ALLOCATED, leaderId:, CreationTimestamp2022-02-15T23:30:02.021Z[Etc/UTC]].
2022-02-15 23:30:02,106 [41f0e2a1-74af-4a99-b882-aaa35b27024d@group-8CB6D6BA75BF-StateMachineUpdater] INFO  safemode.HealthyPipelineSafeModeRule (HealthyPipelineSafeModeRule.java:initializeRule(152)) - Refreshed total pipeline count is 0, healthy pipeline threshold count is 1
2022-02-15 23:30:02,366 [IPC Server handler 0 on default port 39559] INFO  net.NetworkTopologyImpl (NetworkTopologyImpl.java:add(112)) - Added a new node: /default-rack/27f14ece-dda1-4864-b778-45133e24b62f
2022-02-15 23:30:02,367 [IPC Server handler 0 on default port 39559] INFO  node.SCMNodeManager (SCMNodeManager.java:register(389)) - Registered Data node : 27f14ece-dda1-4864-b778-45133e24b62f{ip: 10.1.0.21, host: fv-az297-531.nmf1rxwemy4u5di1sxxf4ejcwb.jx.internal.cloudapp.net, ports: [REPLICATION=42173, RATIS=36089, RATIS_ADMIN=36089, RATIS_SERVER=36089, STANDALONE=42791], networkLocation: /default-rack, certSerialId: null, persistedOpState: null, persistedOpStateExpiryEpochSec: 0}
2022-02-15 23:30:02,368 [EventQueue-NewNodeForNewNodeHandler] INFO  pipeline.BackgroundPipelineCreator (BackgroundPipelineCreator.java:notifyEventTriggered(285)) - trigger a one-shot run on RatisPipelineUtilsThread.
2022-02-15 23:30:02,368 [EventQueue-NodeRegistrationContainerReportForDataNodeSafeModeRule] INFO  safemode.SCMSafeModeManager (DataNodeSafeModeRule.java:process(71)) - SCM in safe mode. 2 DataNodes registered, 3 required.
2022-02-15 23:30:02,370 [RatisPipelineUtilsThread - 0] INFO  pipeline.RatisPipelineProvider (RatisPipelineProvider.java:lambda$create$0(183)) - Sending CreatePipelineCommand for pipeline:PipelineID=1c26c6a6-72bb-454c-a9b4-9f898afb1ab9 to datanode:27f14ece-dda1-4864-b778-45133e24b62f
2022-02-15 23:30:02,372 [41f0e2a1-74af-4a99-b882-aaa35b27024d@group-8CB6D6BA75BF-StateMachineUpdater] INFO  pipeline.PipelineStateManagerImpl (PipelineStateManagerImpl.java:addPipeline(101)) - Created pipeline Pipeline[ Id: 1c26c6a6-72bb-454c-a9b4-9f898afb1ab9, Nodes: 27f14ece-dda1-4864-b778-45133e24b62f{ip: 10.1.0.21, host: fv-az297-531.nmf1rxwemy4u5di1sxxf4ejcwb.jx.internal.cloudapp.net, ports: [REPLICATION=42173, RATIS=36089, RATIS_ADMIN=36089, RATIS_SERVER=36089, STANDALONE=42791], networkLocation: /default-rack, certSerialId: null, persistedOpState: IN_SERVICE, persistedOpStateExpiryEpochSec: 0}, ReplicationConfig: RATIS/ONE, State:ALLOCATED, leaderId:, CreationTimestamp2022-02-15T23:30:02.370Z[Etc/UTC]].
2022-02-15 23:30:02,372 [41f0e2a1-74af-4a99-b882-aaa35b27024d@group-8CB6D6BA75BF-StateMachineUpdater] INFO  safemode.HealthyPipelineSafeModeRule (HealthyPipelineSafeModeRule.java:initializeRule(152)) - Refreshed total pipeline count is 0, healthy pipeline threshold count is 1
2022-02-15 23:30:02,657 [Listener at 127.0.0.1/33593] INFO  ozone.MiniOzoneClusterImpl (MiniOzoneClusterImpl.java:lambda$waitForClusterToBeReady$0(219)) - Waiting for nodes to be ready. Got 2 of 3 DN Heartbeats.
2022-02-15 23:30:02,657 [Listener at 127.0.0.1/33593] INFO  ozone.MiniOzoneClusterImpl (MiniOzoneClusterImpl.java:lambda$waitForClusterToBeReady$0(222)) - Waiting for cluster to exit safe mode
2022-02-15 23:30:02,657 [Listener at 127.0.0.1/33593] INFO  ozone.MiniOzoneClusterImpl (MiniOzoneClusterImpl.java:lambda$waitForClusterToBeReady$0(224)) - SCM became leader
2022-02-15 23:30:02,663 [IPC Server handler 1 on default port 39559] INFO  net.NetworkTopologyImpl (NetworkTopologyImpl.java:add(112)) - Added a new node: /default-rack/5c3f3ce4-7956-4080-8f67-16b58d57ac80
2022-02-15 23:30:02,663 [IPC Server handler 1 on default port 39559] INFO  node.SCMNodeManager (SCMNodeManager.java:register(389)) - Registered Data node : 5c3f3ce4-7956-4080-8f67-16b58d57ac80{ip: 10.1.0.21, host: fv-az297-531.nmf1rxwemy4u5di1sxxf4ejcwb.jx.internal.cloudapp.net, ports: [REPLICATION=42281, RATIS=33859, RATIS_ADMIN=33859, RATIS_SERVER=33859, STANDALONE=37365], networkLocation: /default-rack, certSerialId: null, persistedOpState: null, persistedOpStateExpiryEpochSec: 0}
2022-02-15 23:30:02,664 [EventQueue-NewNodeForNewNodeHandler] INFO  pipeline.BackgroundPipelineCreator (BackgroundPipelineCreator.java:notifyEventTriggered(285)) - trigger a one-shot run on RatisPipelineUtilsThread.
2022-02-15 23:30:02,664 [RatisPipelineUtilsThread - 0] INFO  pipeline.RatisPipelineProvider (RatisPipelineProvider.java:lambda$create$0(183)) - Sending CreatePipelineCommand for pipeline:PipelineID=389f93d9-e212-4f1c-9318-6dfd48e94718 to datanode:5c3f3ce4-7956-4080-8f67-16b58d57ac80
2022-02-15 23:30:02,666 [EventQueue-NodeRegistrationContainerReportForDataNodeSafeModeRule] INFO  safemode.SCMSafeModeManager (DataNodeSafeModeRule.java:process(71)) - SCM in safe mode. 3 DataNodes registered, 3 required.
2022-02-15 23:30:02,666 [EventQueue-NodeRegistrationContainerReportForDataNodeSafeModeRule] INFO  safemode.SCMSafeModeManager (SCMSafeModeManager.java:validateSafeModeExitRules(204)) - DataNodeSafeModeRule rule is successfully validated
2022-02-15 23:30:02,666 [EventQueue-NodeRegistrationContainerReportForDataNodeSafeModeRule] INFO  safemode.SCMSafeModeManager (SCMSafeModeManager.java:completePreCheck(233)) - All SCM safe mode pre check rules have passed
2022-02-15 23:30:02,666 [EventQueue-NodeRegistrationContainerReportForDataNodeSafeModeRule] WARN  events.EventQueue (EventQueue.java:fireEvent(194)) - No event handler registered for event TypedEvent{payloadType=SafeModeStatus, name='Safe mode status'}
2022-02-15 23:30:02,666 [EventQueue-NodeRegistrationContainerReportForDataNodeSafeModeRule] INFO  ha.SCMContext (SCMContext.java:updateSafeModeStatus(211)) - Update SafeModeStatus from SafeModeStatus{safeModeStatus=true, preCheckPassed=false} to SafeModeStatus{safeModeStatus=true, preCheckPassed=true}.
2022-02-15 23:30:02,666 [EventQueue-NodeRegistrationContainerReportForDataNodeSafeModeRule] INFO  pipeline.BackgroundPipelineCreator (BackgroundPipelineCreator.java:notifyEventTriggered(285)) - trigger a one-shot run on RatisPipelineUtilsThread.
2022-02-15 23:30:02,668 [41f0e2a1-74af-4a99-b882-aaa35b27024d@group-8CB6D6BA75BF-StateMachineUpdater] INFO  pipeline.PipelineStateManagerImpl (PipelineStateManagerImpl.java:addPipeline(101)) - Created pipeline Pipeline[ Id: 389f93d9-e212-4f1c-9318-6dfd48e94718, Nodes: 5c3f3ce4-7956-4080-8f67-16b58d57ac80{ip: 10.1.0.21, host: fv-az297-531.nmf1rxwemy4u5di1sxxf4ejcwb.jx.internal.cloudapp.net, ports: [REPLICATION=42281, RATIS=33859, RATIS_ADMIN=33859, RATIS_SERVER=33859, STANDALONE=37365], networkLocation: /default-rack, certSerialId: null, persistedOpState: IN_SERVICE, persistedOpStateExpiryEpochSec: 0}, ReplicationConfig: RATIS/ONE, State:ALLOCATED, leaderId:, CreationTimestamp2022-02-15T23:30:02.664Z[Etc/UTC]].
2022-02-15 23:30:02,668 [41f0e2a1-74af-4a99-b882-aaa35b27024d@group-8CB6D6BA75BF-StateMachineUpdater] INFO  safemode.HealthyPipelineSafeModeRule (HealthyPipelineSafeModeRule.java:initializeRule(152)) - Refreshed total pipeline count is 0, healthy pipeline threshold count is 1
2022-02-15 23:30:02,672 [RatisPipelineUtilsThread - 0] INFO  pipeline.RatisPipelineProvider (RatisPipelineProvider.java:lambda$create$0(183)) - Sending CreatePipelineCommand for pipeline:PipelineID=517e2f9c-e2e5-4978-ae86-0d52e2e582dd to datanode:27f14ece-dda1-4864-b778-45133e24b62f
2022-02-15 23:30:02,673 [RatisPipelineUtilsThread - 0] INFO  pipeline.RatisPipelineProvider (RatisPipelineProvider.java:lambda$create$0(183)) - Sending CreatePipelineCommand for pipeline:PipelineID=517e2f9c-e2e5-4978-ae86-0d52e2e582dd to datanode:91679173-921c-4654-9093-8f81413a9b3b
2022-02-15 23:30:02,673 [RatisPipelineUtilsThread - 0] INFO  pipeline.RatisPipelineProvider (RatisPipelineProvider.java:lambda$create$0(183)) - Sending CreatePipelineCommand for pipeline:PipelineID=517e2f9c-e2e5-4978-ae86-0d52e2e582dd to datanode:5c3f3ce4-7956-4080-8f67-16b58d57ac80
2022-02-15 23:30:02,675 [41f0e2a1-74af-4a99-b882-aaa35b27024d@group-8CB6D6BA75BF-StateMachineUpdater] INFO  pipeline.PipelineStateManagerImpl (PipelineStateManagerImpl.java:addPipeline(101)) - Created pipeline Pipeline[ Id: 517e2f9c-e2e5-4978-ae86-0d52e2e582dd, Nodes: 27f14ece-dda1-4864-b778-45133e24b62f{ip: 10.1.0.21, host: fv-az297-531.nmf1rxwemy4u5di1sxxf4ejcwb.jx.internal.cloudapp.net, ports: [REPLICATION=42173, RATIS=36089, RATIS_ADMIN=36089, RATIS_SERVER=36089, STANDALONE=42791], networkLocation: /default-rack, certSerialId: null, persistedOpState: IN_SERVICE, persistedOpStateExpiryEpochSec: 0}91679173-921c-4654-9093-8f81413a9b3b{ip: 10.1.0.21, host: fv-az297-531.nmf1rxwemy4u5di1sxxf4ejcwb.jx.internal.cloudapp.net, ports: [REPLICATION=44271, RATIS=35857, RATIS_ADMIN=35857, RATIS_SERVER=35857, STANDALONE=42217], networkLocation: /default-rack, certSerialId: null, persistedOpState: IN_SERVICE, persistedOpStateExpiryEpochSec: 0}5c3f3ce4-7956-4080-8f67-16b58d57ac80{ip: 10.1.0.21, host: fv-az297-531.nmf1rxwemy4u5di1sxxf4ejcwb.jx.internal.cloudapp.net, ports: [REPLICATION=42281, RATIS=33859, RATIS_ADMIN=33859, RATIS_SERVER=33859, STANDALONE=37365], networkLocation: /default-rack, certSerialId: null, persistedOpState: IN_SERVICE, persistedOpStateExpiryEpochSec: 0}, ReplicationConfig: RATIS/THREE, State:ALLOCATED, leaderId:, CreationTimestamp2022-02-15T23:30:02.672Z[Etc/UTC]].
2022-02-15 23:30:02,675 [41f0e2a1-74af-4a99-b882-aaa35b27024d@group-8CB6D6BA75BF-StateMachineUpdater] INFO  safemode.HealthyPipelineSafeModeRule (HealthyPipelineSafeModeRule.java:initializeRule(152)) - Refreshed total pipeline count is 0, healthy pipeline threshold count is 1
2022-02-15 23:30:02,677 [RatisPipelineUtilsThread - 0] INFO  pipeline.RatisPipelineProvider (RatisPipelineProvider.java:lambda$create$0(183)) - Sending CreatePipelineCommand for pipeline:PipelineID=47b1ed7d-e7e5-47b1-a6fc-f43ba2cae066 to datanode:27f14ece-dda1-4864-b778-45133e24b62f
2022-02-15 23:30:02,678 [RatisPipelineUtilsThread - 0] INFO  pipeline.RatisPipelineProvider (RatisPipelineProvider.java:lambda$create$0(183)) - Sending CreatePipelineCommand for pipeline:PipelineID=47b1ed7d-e7e5-47b1-a6fc-f43ba2cae066 to datanode:91679173-921c-4654-9093-8f81413a9b3b
2022-02-15 23:30:02,678 [RatisPipelineUtilsThread - 0] INFO  pipeline.RatisPipelineProvider (RatisPipelineProvider.java:lambda$create$0(183)) - Sending CreatePipelineCommand for pipeline:PipelineID=47b1ed7d-e7e5-47b1-a6fc-f43ba2cae066 to datanode:5c3f3ce4-7956-4080-8f67-16b58d57ac80
2022-02-15 23:30:02,680 [41f0e2a1-74af-4a99-b882-aaa35b27024d@group-8CB6D6BA75BF-StateMachineUpdater] INFO  pipeline.PipelineStateManagerImpl (PipelineStateManagerImpl.java:addPipeline(101)) - Created pipeline Pipeline[ Id: 47b1ed7d-e7e5-47b1-a6fc-f43ba2cae066, Nodes: 27f14ece-dda1-4864-b778-45133e24b62f{ip: 10.1.0.21, host: fv-az297-531.nmf1rxwemy4u5di1sxxf4ejcwb.jx.internal.cloudapp.net, ports: [REPLICATION=42173, RATIS=36089, RATIS_ADMIN=36089, RATIS_SERVER=36089, STANDALONE=42791], networkLocation: /default-rack, certSerialId: null, persistedOpState: IN_SERVICE, persistedOpStateExpiryEpochSec: 0}91679173-921c-4654-9093-8f81413a9b3b{ip: 10.1.0.21, host: fv-az297-531.nmf1rxwemy4u5di1sxxf4ejcwb.jx.internal.cloudapp.net, ports: [REPLICATION=44271, RATIS=35857, RATIS_ADMIN=35857, RATIS_SERVER=35857, STANDALONE=42217], networkLocation: /default-rack, certSerialId: null, persistedOpState: IN_SERVICE, persistedOpStateExpiryEpochSec: 0}5c3f3ce4-7956-4080-8f67-16b58d57ac80{ip: 10.1.0.21, host: fv-az297-531.nmf1rxwemy4u5di1sxxf4ejcwb.jx.internal.cloudapp.net, ports: [REPLICATION=42281, RATIS=33859, RATIS_ADMIN=33859, RATIS_SERVER=33859, STANDALONE=37365], networkLocation: /default-rack, certSerialId: null, persistedOpState: IN_SERVICE, persistedOpStateExpiryEpochSec: 0}, ReplicationConfig: RATIS/THREE, State:ALLOCATED, leaderId:, CreationTimestamp2022-02-15T23:30:02.677Z[Etc/UTC]].
2022-02-15 23:30:02,680 [41f0e2a1-74af-4a99-b882-aaa35b27024d@group-8CB6D6BA75BF-StateMachineUpdater] INFO  safemode.HealthyPipelineSafeModeRule (HealthyPipelineSafeModeRule.java:initializeRule(152)) - Refreshed total pipeline count is 0, healthy pipeline threshold count is 1
2022-02-15 23:30:02,681 [RatisPipelineUtilsThread - 0] INFO  pipeline.PipelineManagerImpl (PipelineManagerImpl.java:recordMetricsForPipeline(639)) - Pipeline: PipelineID=47b1ed7d-e7e5-47b1-a6fc-f43ba2cae066 contains same datanodes as previous pipelines: PipelineID=517e2f9c-e2e5-4978-ae86-0d52e2e582dd nodeIds: 27f14ece-dda1-4864-b778-45133e24b62f, 91679173-921c-4654-9093-8f81413a9b3b, 5c3f3ce4-7956-4080-8f67-16b58d57ac80
2022-02-15 23:30:03,658 [Listener at 127.0.0.1/33593] INFO  ozone.MiniOzoneClusterImpl (MiniOzoneClusterImpl.java:lambda$waitForClusterToBeReady$0(219)) - Nodes are ready. Got 3 of 3 DN Heartbeats.
2022-02-15 23:30:03,658 [Listener at 127.0.0.1/33593] INFO  ozone.MiniOzoneClusterImpl (MiniOzoneClusterImpl.java:lambda$waitForClusterToBeReady$0(222)) - Waiting for cluster to exit safe mode
2022-02-15 23:30:03,658 [Listener at 127.0.0.1/33593] INFO  ozone.MiniOzoneClusterImpl (MiniOzoneClusterImpl.java:lambda$waitForClusterToBeReady$0(224)) - SCM became leader
2022-02-15 23:30:04,658 [Listener at 127.0.0.1/33593] INFO  ozone.MiniOzoneClusterImpl (MiniOzoneClusterImpl.java:lambda$waitForClusterToBeReady$0(219)) - Nodes are ready. Got 3 of 3 DN Heartbeats.
2022-02-15 23:30:04,659 [Listener at 127.0.0.1/33593] INFO  ozone.MiniOzoneClusterImpl (MiniOzoneClusterImpl.java:lambda$waitForClusterToBeReady$0(222)) - Waiting for cluster to exit safe mode
2022-02-15 23:30:04,659 [Listener at 127.0.0.1/33593] INFO  ozone.MiniOzoneClusterImpl (MiniOzoneClusterImpl.java:lambda$waitForClusterToBeReady$0(224)) - SCM became leader
2022-02-15 23:30:04,964 [Command processor thread] INFO  server.RaftServer (RaftServerProxy.java:addNew(95)) - 91679173-921c-4654-9093-8f81413a9b3b: addNew group-33FFE5E76887:[91679173-921c-4654-9093-8f81413a9b3b|rpc:10.1.0.21:35857|priority:1] returns group-33FFE5E76887:java.util.concurrent.CompletableFuture@4494a604[Not completed]
2022-02-15 23:30:04,975 [pool-102-thread-1] INFO  server.RaftServer$Division (RaftServerImpl.java:<init>(184)) - 91679173-921c-4654-9093-8f81413a9b3b: new RaftServerImpl for group-33FFE5E76887:[91679173-921c-4654-9093-8f81413a9b3b|rpc:10.1.0.21:35857|priority:1] with ContainerStateMachine:uninitialized
2022-02-15 23:30:04,975 [pool-102-thread-1] INFO  server.RaftServerConfigKeys (ConfUtils.java:logGet(44)) - raft.server.rpc.timeout.min = 5s (custom)
2022-02-15 23:30:04,976 [pool-102-thread-1] INFO  server.RaftServerConfigKeys (ConfUtils.java:logGet(44)) - raft.server.rpc.timeout.max = 5200ms (custom)
2022-02-15 23:30:04,976 [pool-102-thread-1] INFO  server.RaftServerConfigKeys (ConfUtils.java:logGet(44)) - raft.server.rpc.sleep.time = 25ms (default)
2022-02-15 23:30:04,976 [pool-102-thread-1] INFO  server.RaftServerConfigKeys (ConfUtils.java:logGet(44)) - raft.server.rpc.slowness.timeout = 300s (custom)
2022-02-15 23:30:04,976 [pool-102-thread-1] INFO  server.RaftServerConfigKeys (ConfUtils.java:logGet(44)) - raft.server.leaderelection.leader.step-down.wait-time = 10s (default)
2022-02-15 23:30:04,976 [pool-102-thread-1] INFO  server.RaftServerConfigKeys (ConfUtils.java:logGet(44)) - raft.server.sleep.deviation.threshold = 300ms (default)
2022-02-15 23:30:04,976 [pool-102-thread-1] INFO  server.RaftServerConfigKeys (ConfUtils.java:logGet(44)) - raft.server.log.appender.install.snapshot.enabled = false (custom)
2022-02-15 23:30:04,976 [pool-102-thread-1] INFO  server.RaftServer$Division (ServerState.java:<init>(105)) - 91679173-921c-4654-9093-8f81413a9b3b@group-33FFE5E76887: ConfigurationManager, init=-1: [91679173-921c-4654-9093-8f81413a9b3b|rpc:10.1.0.21:35857|priority:1], old=null, confs=<EMPTY_MAP>
2022-02-15 23:30:04,976 [pool-102-thread-1] INFO  server.RaftServerConfigKeys (ConfUtils.java:logGet(44)) - raft.server.storage.dir = [/home/runner/work/ozone/ozone/hadoop-ozone/integration-test/target/test-dir/MiniOzoneClusterImpl-527fe069-2b78-49eb-8835-8cb6d6ba75bf/datanode-0/data/ratis] (custom)
2022-02-15 23:30:04,977 [pool-102-thread-1] INFO  server.RaftServerConfigKeys (ConfUtils.java:logGet(44)) - raft.server.log.corruption.policy = EXCEPTION (default)
2022-02-15 23:30:04,977 [pool-102-thread-1] INFO  server.RaftServerConfigKeys (ConfUtils.java:logGet(44)) - raft.server.storage.free-space.min = 0MB (=0) (default)
2022-02-15 23:30:04,977 [pool-102-thread-1] INFO  storage.RaftStorageDirectory (RaftStorageDirectoryImpl.java:analyzeStorage(135)) - The storage directory /home/runner/work/ozone/ozone/hadoop-ozone/integration-test/target/test-dir/MiniOzoneClusterImpl-527fe069-2b78-49eb-8835-8cb6d6ba75bf/datanode-0/data/ratis/f15a8251-35f8-4ff0-b4ad-33ffe5e76887 does not exist. Creating ...
2022-02-15 23:30:04,978 [pool-102-thread-1] INFO  storage.RaftStorageDirectory (RaftStorageDirectoryImpl.java:tryLock(230)) - Lock on /home/runner/work/ozone/ozone/hadoop-ozone/integration-test/target/test-dir/MiniOzoneClusterImpl-527fe069-2b78-49eb-8835-8cb6d6ba75bf/datanode-0/data/ratis/f15a8251-35f8-4ff0-b4ad-33ffe5e76887/in_use.lock acquired by nodename 1385@fv-az297-531
2022-02-15 23:30:04,979 [pool-102-thread-1] INFO  storage.RaftStorage (RaftStorageImpl.java:format(89)) - Storage directory /home/runner/work/ozone/ozone/hadoop-ozone/integration-test/target/test-dir/MiniOzoneClusterImpl-527fe069-2b78-49eb-8835-8cb6d6ba75bf/datanode-0/data/ratis/f15a8251-35f8-4ff0-b4ad-33ffe5e76887 has been successfully formatted.
2022-02-15 23:30:04,983 [pool-102-thread-1] INFO  ratis.ContainerStateMachine (ContainerStateMachine.java:loadSnapshot(231)) - group-33FFE5E76887: The snapshot info is null. Setting the last applied indexto:(t:0, i:~)
2022-02-15 23:30:04,993 [pool-102-thread-1] INFO  server.RaftServerConfigKeys (ConfUtils.java:logGet(44)) - raft.server.notification.no-leader.timeout = 300s (custom)
2022-02-15 23:30:04,993 [pool-102-thread-1] INFO  server.RaftServerConfigKeys (ConfUtils.java:logGet(44)) - raft.server.log.use.memory = false (default)
2022-02-15 23:30:04,993 [pool-102-thread-1] INFO  server.RaftServerConfigKeys (ConfUtils.java:logGet(44)) - raft.server.log.purge.gap = 1000000 (custom)
2022-02-15 23:30:04,993 [pool-102-thread-1] INFO  server.RaftServerConfigKeys (ConfUtils.java:logGet(44)) - raft.server.log.appender.buffer.byte-limit = 33554432 (custom)
2022-02-15 23:30:04,993 [pool-102-thread-1] INFO  server.RaftServerConfigKeys (ConfUtils.java:logGet(44)) - raft.server.log.segment.size.max = 1048576 (custom)
2022-02-15 23:30:04,996 [pool-102-thread-1] INFO  server.RaftServerConfigKeys (ConfUtils.java:logGet(44)) - raft.server.log.segment.cache.num.max = 2 (custom)
2022-02-15 23:30:04,996 [pool-102-thread-1] INFO  server.RaftServerConfigKeys (ConfUtils.java:logGet(44)) - raft.server.log.segment.cache.size.max = 200MB (=209715200) (default)
2022-02-15 23:30:04,996 [pool-102-thread-1] INFO  segmented.SegmentedRaftLogWorker (SegmentedRaftLogWorker.java:<init>(182)) - new 91679173-921c-4654-9093-8f81413a9b3b@group-33FFE5E76887-SegmentedRaftLogWorker for RaftStorageImpl:Storage Directory /home/runner/work/ozone/ozone/hadoop-ozone/integration-test/target/test-dir/MiniOzoneClusterImpl-527fe069-2b78-49eb-8835-8cb6d6ba75bf/datanode-0/data/ratis/f15a8251-35f8-4ff0-b4ad-33ffe5e76887
2022-02-15 23:30:04,996 [pool-102-thread-1] INFO  server.RaftServerConfigKeys (ConfUtils.java:logGet(44)) - raft.server.log.queue.byte-limit = 4294967296 (custom)
2022-02-15 23:30:04,996 [pool-102-thread-1] INFO  server.RaftServerConfigKeys (ConfUtils.java:logGet(44)) - raft.server.log.queue.element-limit = 1024 (custom)
2022-02-15 23:30:04,996 [pool-102-thread-1] INFO  server.RaftServerConfigKeys (ConfUtils.java:logGet(44)) - raft.server.log.segment.size.max = 1048576 (custom)
2022-02-15 23:30:04,996 [pool-102-thread-1] INFO  server.RaftServerConfigKeys (ConfUtils.java:logGet(44)) - raft.server.log.preallocated.size = 16384 (custom)
2022-02-15 23:30:04,996 [pool-102-thread-1] INFO  server.RaftServerConfigKeys (ConfUtils.java:logGet(44)) - raft.server.log.force.sync.num = 128 (default)
2022-02-15 23:30:04,997 [pool-102-thread-1] INFO  server.RaftServerConfigKeys (ConfUtils.java:logGet(44)) - raft.server.log.statemachine.data.sync = true (default)
2022-02-15 23:30:04,997 [pool-102-thread-1] INFO  server.RaftServerConfigKeys (ConfUtils.java:logGet(44)) - raft.server.log.statemachine.data.sync.timeout = 10s (default)
2022-02-15 23:30:04,997 [pool-102-thread-1] INFO  server.RaftServerConfigKeys (ConfUtils.java:logGet(44)) - raft.server.log.statemachine.data.sync.timeout.retry = -1 (default)
2022-02-15 23:30:04,997 [EventQueue-PipelineReportForPipelineReportHandler] INFO  pipeline.PipelineManagerImpl (PipelineManagerImpl.java:openPipeline(291)) - Pipeline Pipeline[ Id: f15a8251-35f8-4ff0-b4ad-33ffe5e76887, Nodes: 91679173-921c-4654-9093-8f81413a9b3b{ip: 10.1.0.21, host: fv-az297-531.nmf1rxwemy4u5di1sxxf4ejcwb.jx.internal.cloudapp.net, ports: [REPLICATION=44271, RATIS=35857, RATIS_ADMIN=35857, RATIS_SERVER=35857, STANDALONE=42217], networkLocation: /default-rack, certSerialId: null, persistedOpState: IN_SERVICE, persistedOpStateExpiryEpochSec: 0}, ReplicationConfig: RATIS/ONE, State:ALLOCATED, leaderId:91679173-921c-4654-9093-8f81413a9b3b, CreationTimestamp2022-02-15T23:30:02.021Z[Etc/UTC]] moved to OPEN state
2022-02-15 23:30:05,006 [pool-102-thread-1] INFO  server.RaftServerConfigKeys (ConfUtils.java:logGet(44)) - raft.server.log.write.buffer.size = 1048576 (custom)
2022-02-15 23:30:05,007 [pool-102-thread-1] INFO  server.RaftServerConfigKeys (ConfUtils.java:logGet(44)) - raft.server.log.statemachine.data.caching.enabled = true (custom)
2022-02-15 23:30:05,013 [41f0e2a1-74af-4a99-b882-aaa35b27024d@group-8CB6D6BA75BF-StateMachineUpdater] INFO  safemode.HealthyPipelineSafeModeRule (HealthyPipelineSafeModeRule.java:initializeRule(152)) - Refreshed total pipeline count is 0, healthy pipeline threshold count is 1
2022-02-15 23:30:05,024 [pool-102-thread-1] INFO  segmented.SegmentedRaftLogWorker (SegmentedRaftLogWorker.java:lambda$new$0(133)) - 91679173-921c-4654-9093-8f81413a9b3b@group-33FFE5E76887-SegmentedRaftLogWorker: flushIndex: setUnconditionally 0 -> -1
2022-02-15 23:30:05,024 [pool-102-thread-1] INFO  segmented.SegmentedRaftLogWorker (SegmentedRaftLogWorker.java:lambda$new$0(133)) - 91679173-921c-4654-9093-8f81413a9b3b@group-33FFE5E76887-SegmentedRaftLogWorker: safeCacheEvictIndex: setUnconditionally 0 -> -1
2022-02-15 23:30:05,025 [pool-102-thread-1] INFO  server.RaftServerConfigKeys (ConfUtils.java:logGet(44)) - raft.server.snapshot.auto.trigger.enabled = true (custom)
2022-02-15 23:30:05,025 [pool-102-thread-1] INFO  server.RaftServerConfigKeys (ConfUtils.java:logGet(44)) - raft.server.snapshot.auto.trigger.threshold = 10000 (custom)
2022-02-15 23:30:05,025 [pool-102-thread-1] INFO  server.RaftServerConfigKeys (ConfUtils.java:logGet(44)) - raft.server.snapshot.retention.file.num = 5 (custom)
2022-02-15 23:30:05,025 [pool-102-thread-1] INFO  server.RaftServerConfigKeys (ConfUtils.java:logGet(44)) - raft.server.log.purge.upto.snapshot.index = false (default)
2022-02-15 23:30:05,025 [pool-102-thread-1] INFO  server.RaftServerConfigKeys (ConfUtils.java:logGet(44)) - raft.server.retrycache.expirytime = 600000ms (custom)
2022-02-15 23:30:05,025 [pool-102-thread-1] INFO  server.RaftServerConfigKeys (ConfUtils.java:logGet(44)) - raft.server.retrycache.statistics.expirytime = 100μs (default)
2022-02-15 23:30:05,027 [EventQueue-OpenPipelineForHealthyPipelineSafeModeRule] INFO  safemode.SCMSafeModeManager (HealthyPipelineSafeModeRule.java:process(124)) - SCM in safe mode. Healthy pipelines reported count is 0, required healthy pipeline reported count is 1
2022-02-15 23:30:05,028 [pool-102-thread-1] INFO  server.RaftServer$Division (RaftServerImpl.java:start(301)) - 91679173-921c-4654-9093-8f81413a9b3b@group-33FFE5E76887: start as a follower, conf=-1: [91679173-921c-4654-9093-8f81413a9b3b|rpc:10.1.0.21:35857|priority:1], old=null
2022-02-15 23:30:05,028 [pool-102-thread-1] INFO  server.RaftServer$Division (RaftServerImpl.java:setRole(290)) - 91679173-921c-4654-9093-8f81413a9b3b@group-33FFE5E76887: changes role from      null to FOLLOWER at term 0 for startAsFollower
2022-02-15 23:30:05,028 [pool-102-thread-1] INFO  impl.RoleInfo (RoleInfo.java:updateAndGet(130)) - 91679173-921c-4654-9093-8f81413a9b3b: start 91679173-921c-4654-9093-8f81413a9b3b@group-33FFE5E76887-FollowerState
2022-02-15 23:30:05,028 [pool-102-thread-1] INFO  util.JmxRegister (JmxRegister.java:tryRegister(44)) - Successfully registered JMX Bean with object name Ratis:service=RaftServer,group=group-33FFE5E76887,id=91679173-921c-4654-9093-8f81413a9b3b
2022-02-15 23:30:05,030 [Command processor thread] INFO  ratis.XceiverServerRatis (XceiverServerRatis.java:addGroup(769)) - Created group PipelineID=f15a8251-35f8-4ff0-b4ad-33ffe5e76887
2022-02-15 23:30:05,031 [Command processor thread] INFO  commandhandler.CreatePipelineCommandHandler (CreatePipelineCommandHandler.java:handle(106)) - Created Pipeline RATIS ONE PipelineID=f15a8251-35f8-4ff0-b4ad-33ffe5e76887.
2022-02-15 23:30:05,031 [Command processor thread] INFO  server.RaftServer (RaftServerProxy.java:addNew(95)) - 91679173-921c-4654-9093-8f81413a9b3b: addNew group-0D52E2E582DD:[5c3f3ce4-7956-4080-8f67-16b58d57ac80|rpc:10.1.0.21:33859|priority:1, 27f14ece-dda1-4864-b778-45133e24b62f|rpc:10.1.0.21:36089|priority:0, 91679173-921c-4654-9093-8f81413a9b3b|rpc:10.1.0.21:35857|priority:0] returns group-0D52E2E582DD:java.util.concurrent.CompletableFuture@1ded8228[Not completed]
2022-02-15 23:30:05,032 [pool-102-thread-1] INFO  server.RaftServer$Division (RaftServerImpl.java:<init>(184)) - 91679173-921c-4654-9093-8f81413a9b3b: new RaftServerImpl for group-0D52E2E582DD:[5c3f3ce4-7956-4080-8f67-16b58d57ac80|rpc:10.1.0.21:33859|priority:1, 27f14ece-dda1-4864-b778-45133e24b62f|rpc:10.1.0.21:36089|priority:0, 91679173-921c-4654-9093-8f81413a9b3b|rpc:10.1.0.21:35857|priority:0] with ContainerStateMachine:uninitialized
2022-02-15 23:30:05,033 [pool-102-thread-1] INFO  server.RaftServerConfigKeys (ConfUtils.java:logGet(44)) - raft.server.rpc.timeout.min = 5s (custom)
2022-02-15 23:30:05,033 [pool-102-thread-1] INFO  server.RaftServerConfigKeys (ConfUtils.java:logGet(44)) - raft.server.rpc.timeout.max = 5200ms (custom)
2022-02-15 23:30:05,033 [pool-102-thread-1] INFO  server.RaftServerConfigKeys (ConfUtils.java:logGet(44)) - raft.server.rpc.sleep.time = 25ms (default)
2022-02-15 23:30:05,033 [pool-102-thread-1] INFO  server.RaftServerConfigKeys (ConfUtils.java:logGet(44)) - raft.server.rpc.slowness.timeout = 300s (custom)
2022-02-15 23:30:05,033 [pool-102-thread-1] INFO  server.RaftServerConfigKeys (ConfUtils.java:logGet(44)) - raft.server.leaderelection.leader.step-down.wait-time = 10s (default)
2022-02-15 23:30:05,033 [pool-102-thread-1] INFO  server.RaftServerConfigKeys (ConfUtils.java:logGet(44)) - raft.server.sleep.deviation.threshold = 300ms (default)
2022-02-15 23:30:05,033 [pool-102-thread-1] INFO  server.RaftServerConfigKeys (ConfUtils.java:logGet(44)) - raft.server.log.appender.install.snapshot.enabled = false (custom)
2022-02-15 23:30:05,033 [pool-102-thread-1] INFO  server.RaftServer$Division (ServerState.java:<init>(105)) - 91679173-921c-4654-9093-8f81413a9b3b@group-0D52E2E582DD: ConfigurationManager, init=-1: [5c3f3ce4-7956-4080-8f67-16b58d57ac80|rpc:10.1.0.21:33859|priority:1, 27f14ece-dda1-4864-b778-45133e24b62f|rpc:10.1.0.21:36089|priority:0, 91679173-921c-4654-9093-8f81413a9b3b|rpc:10.1.0.21:35857|priority:0], old=null, confs=<EMPTY_MAP>
2022-02-15 23:30:05,033 [pool-102-thread-1] INFO  server.RaftServerConfigKeys (ConfUtils.java:logGet(44)) - raft.server.storage.dir = [/home/runner/work/ozone/ozone/hadoop-ozone/integration-test/target/test-dir/MiniOzoneClusterImpl-527fe069-2b78-49eb-8835-8cb6d6ba75bf/datanode-0/data/ratis] (custom)
2022-02-15 23:30:05,033 [pool-102-thread-1] INFO  server.RaftServerConfigKeys (ConfUtils.java:logGet(44)) - raft.server.log.corruption.policy = EXCEPTION (default)
2022-02-15 23:30:05,033 [pool-102-thread-1] INFO  server.RaftServerConfigKeys (ConfUtils.java:logGet(44)) - raft.server.storage.free-space.min = 0MB (=0) (default)
2022-02-15 23:30:05,033 [pool-102-thread-1] INFO  storage.RaftStorageDirectory (RaftStorageDirectoryImpl.java:analyzeStorage(135)) - The storage directory /home/runner/work/ozone/ozone/hadoop-ozone/integration-test/target/test-dir/MiniOzoneClusterImpl-527fe069-2b78-49eb-8835-8cb6d6ba75bf/datanode-0/data/ratis/517e2f9c-e2e5-4978-ae86-0d52e2e582dd does not exist. Creating ...
2022-02-15 23:30:05,034 [pool-102-thread-1] INFO  storage.RaftStorageDirectory (RaftStorageDirectoryImpl.java:tryLock(230)) - Lock on /home/runner/work/ozone/ozone/hadoop-ozone/integration-test/target/test-dir/MiniOzoneClusterImpl-527fe069-2b78-49eb-8835-8cb6d6ba75bf/datanode-0/data/ratis/517e2f9c-e2e5-4978-ae86-0d52e2e582dd/in_use.lock acquired by nodename 1385@fv-az297-531
2022-02-15 23:30:05,035 [pool-102-thread-1] INFO  storage.RaftStorage (RaftStorageImpl.java:format(89)) - Storage directory /home/runner/work/ozone/ozone/hadoop-ozone/integration-test/target/test-dir/MiniOzoneClusterImpl-527fe069-2b78-49eb-8835-8cb6d6ba75bf/datanode-0/data/ratis/517e2f9c-e2e5-4978-ae86-0d52e2e582dd has been successfully formatted.
2022-02-15 23:30:05,035 [pool-102-thread-1] INFO  ratis.ContainerStateMachine (ContainerStateMachine.java:loadSnapshot(231)) - group-0D52E2E582DD: The snapshot info is null. Setting the last applied indexto:(t:0, i:~)
2022-02-15 23:30:05,036 [pool-102-thread-1] INFO  server.RaftServerConfigKeys (ConfUtils.java:logGet(44)) - raft.server.notification.no-leader.timeout = 300s (custom)
2022-02-15 23:30:05,037 [pool-102-thread-1] INFO  server.RaftServerConfigKeys (ConfUtils.java:logGet(44)) - raft.server.log.use.memory = false (default)
2022-02-15 23:30:05,037 [pool-102-thread-1] INFO  server.RaftServerConfigKeys (ConfUtils.java:logGet(44)) - raft.server.log.purge.gap = 1000000 (custom)
2022-02-15 23:30:05,037 [pool-102-thread-1] INFO  server.RaftServerConfigKeys (ConfUtils.java:logGet(44)) - raft.server.log.appender.buffer.byte-limit = 33554432 (custom)
2022-02-15 23:30:05,037 [pool-102-thread-1] INFO  server.RaftServerConfigKeys (ConfUtils.java:logGet(44)) - raft.server.log.segment.size.max = 1048576 (custom)
2022-02-15 23:30:05,047 [pool-102-thread-1] INFO  server.RaftServerConfigKeys (ConfUtils.java:logGet(44)) - raft.server.log.segment.cache.num.max = 2 (custom)
2022-02-15 23:30:05,047 [pool-102-thread-1] INFO  server.RaftServerConfigKeys (ConfUtils.java:logGet(44)) - raft.server.log.segment.cache.size.max = 200MB (=209715200) (default)
2022-02-15 23:30:05,047 [pool-102-thread-1] INFO  segmented.SegmentedRaftLogWorker (SegmentedRaftLogWorker.java:<init>(182)) - new 91679173-921c-4654-9093-8f81413a9b3b@group-0D52E2E582DD-SegmentedRaftLogWorker for RaftStorageImpl:Storage Directory /home/runner/work/ozone/ozone/hadoop-ozone/integration-test/target/test-dir/MiniOzoneClusterImpl-527fe069-2b78-49eb-8835-8cb6d6ba75bf/datanode-0/data/ratis/517e2f9c-e2e5-4978-ae86-0d52e2e582dd
2022-02-15 23:30:05,048 [pool-102-thread-1] INFO  server.RaftServerConfigKeys (ConfUtils.java:logGet(44)) - raft.server.log.queue.byte-limit = 4294967296 (custom)
2022-02-15 23:30:05,048 [pool-102-thread-1] INFO  server.RaftServerConfigKeys (ConfUtils.java:logGet(44)) - raft.server.log.queue.element-limit = 1024 (custom)
2022-02-15 23:30:05,048 [pool-102-thread-1] INFO  server.RaftServerConfigKeys (ConfUtils.java:logGet(44)) - raft.server.log.segment.size.max = 1048576 (custom)
2022-02-15 23:30:05,048 [pool-102-thread-1] INFO  server.RaftServerConfigKeys (ConfUtils.java:logGet(44)) - raft.server.log.preallocated.size = 16384 (custom)
2022-02-15 23:30:05,048 [pool-102-thread-1] INFO  server.RaftServerConfigKeys (ConfUtils.java:logGet(44)) - raft.server.log.force.sync.num = 128 (default)
2022-02-15 23:30:05,048 [pool-102-thread-1] INFO  server.RaftServerConfigKeys (ConfUtils.java:logGet(44)) - raft.server.log.statemachine.data.sync = true (default)
2022-02-15 23:30:05,048 [pool-102-thread-1] INFO  server.RaftServerConfigKeys (ConfUtils.java:logGet(44)) - raft.server.log.statemachine.data.sync.timeout = 10s (default)
2022-02-15 23:30:05,048 [pool-102-thread-1] INFO  server.RaftServerConfigKeys (ConfUtils.java:logGet(44)) - raft.server.log.statemachine.data.sync.timeout.retry = -1 (default)
2022-02-15 23:30:05,049 [pool-102-thread-1] INFO  server.RaftServerConfigKeys (ConfUtils.java:logGet(44)) - raft.server.log.write.buffer.size = 1048576 (custom)
2022-02-15 23:30:05,048 [EventQueue-OpenPipelineForHealthyPipelineSafeModeRule] INFO  safemode.SCMSafeModeManager (HealthyPipelineSafeModeRule.java:process(124)) - SCM in safe mode. Healthy pipelines reported count is 0, required healthy pipeline reported count is 1
2022-02-15 23:30:05,050 [pool-102-thread-1] INFO  server.RaftServerConfigKeys (ConfUtils.java:logGet(44)) - raft.server.log.statemachine.data.caching.enabled = true (custom)
2022-02-15 23:30:05,050 [pool-102-thread-1] INFO  segmented.SegmentedRaftLogWorker (SegmentedRaftLogWorker.java:lambda$new$0(133)) - 91679173-921c-4654-9093-8f81413a9b3b@group-0D52E2E582DD-SegmentedRaftLogWorker: flushIndex: setUnconditionally 0 -> -1
2022-02-15 23:30:05,050 [pool-102-thread-1] INFO  segmented.SegmentedRaftLogWorker (SegmentedRaftLogWorker.java:lambda$new$0(133)) - 91679173-921c-4654-9093-8f81413a9b3b@group-0D52E2E582DD-SegmentedRaftLogWorker: safeCacheEvictIndex: setUnconditionally 0 -> -1
2022-02-15 23:30:05,050 [pool-102-thread-1] INFO  server.RaftServerConfigKeys (ConfUtils.java:logGet(44)) - raft.server.snapshot.auto.trigger.enabled = true (custom)
2022-02-15 23:30:05,051 [pool-102-thread-1] INFO  server.RaftServerConfigKeys (ConfUtils.java:logGet(44)) - raft.server.snapshot.auto.trigger.threshold = 10000 (custom)
2022-02-15 23:30:05,051 [pool-102-thread-1] INFO  server.RaftServerConfigKeys (ConfUtils.java:logGet(44)) - raft.server.snapshot.retention.file.num = 5 (custom)
2022-02-15 23:30:05,051 [pool-102-thread-1] INFO  server.RaftServerConfigKeys (ConfUtils.java:logGet(44)) - raft.server.log.purge.upto.snapshot.index = false (default)
2022-02-15 23:30:05,051 [pool-102-thread-1] INFO  server.RaftServerConfigKeys (ConfUtils.java:logGet(44)) - raft.server.retrycache.expirytime = 600000ms (custom)
2022-02-15 23:30:05,051 [pool-102-thread-1] INFO  server.RaftServerConfigKeys (ConfUtils.java:logGet(44)) - raft.server.retrycache.statistics.expirytime = 100μs (default)
2022-02-15 23:30:05,052 [pool-102-thread-1] INFO  server.RaftServer$Division (RaftServerImpl.java:start(301)) - 91679173-921c-4654-9093-8f81413a9b3b@group-0D52E2E582DD: start as a follower, conf=-1: [5c3f3ce4-7956-4080-8f67-16b58d57ac80|rpc:10.1.0.21:33859|priority:1, 27f14ece-dda1-4864-b778-45133e24b62f|rpc:10.1.0.21:36089|priority:0, 91679173-921c-4654-9093-8f81413a9b3b|rpc:10.1.0.21:35857|priority:0], old=null
2022-02-15 23:30:05,052 [pool-102-thread-1] INFO  server.RaftServer$Division (RaftServerImpl.java:setRole(290)) - 91679173-921c-4654-9093-8f81413a9b3b@group-0D52E2E582DD: changes role from      null to FOLLOWER at term 0 for startAsFollower
2022-02-15 23:30:05,052 [pool-102-thread-1] INFO  impl.RoleInfo (RoleInfo.java:updateAndGet(130)) - 91679173-921c-4654-9093-8f81413a9b3b: start 91679173-921c-4654-9093-8f81413a9b3b@group-0D52E2E582DD-FollowerState
2022-02-15 23:30:05,056 [pool-102-thread-1] INFO  util.JmxRegister (JmxRegister.java:tryRegister(44)) - Successfully registered JMX Bean with object name Ratis:service=RaftServer,group=group-0D52E2E582DD,id=91679173-921c-4654-9093-8f81413a9b3b
2022-02-15 23:30:05,057 [Command processor thread] INFO  ratis.XceiverServerRatis (XceiverServerRatis.java:addGroup(769)) - Created group PipelineID=517e2f9c-e2e5-4978-ae86-0d52e2e582dd
2022-02-15 23:30:05,119 [grpc-default-executor-0] INFO  server.RaftServer (RaftServerProxy.java:addNew(95)) - 27f14ece-dda1-4864-b778-45133e24b62f: addNew group-0D52E2E582DD:[5c3f3ce4-7956-4080-8f67-16b58d57ac80|rpc:10.1.0.21:33859|dataStream:|priority:1, 27f14ece-dda1-4864-b778-45133e24b62f|rpc:10.1.0.21:36089|dataStream:|priority:0, 91679173-921c-4654-9093-8f81413a9b3b|rpc:10.1.0.21:35857|dataStream:|priority:0] returns group-0D52E2E582DD:java.util.concurrent.CompletableFuture@3dca6e09[Not completed]
2022-02-15 23:30:05,120 [pool-123-thread-1] INFO  server.RaftServer$Division (RaftServerImpl.java:<init>(184)) - 27f14ece-dda1-4864-b778-45133e24b62f: new RaftServerImpl for group-0D52E2E582DD:[5c3f3ce4-7956-4080-8f67-16b58d57ac80|rpc:10.1.0.21:33859|dataStream:|priority:1, 27f14ece-dda1-4864-b778-45133e24b62f|rpc:10.1.0.21:36089|dataStream:|priority:0, 91679173-921c-4654-9093-8f81413a9b3b|rpc:10.1.0.21:35857|dataStream:|priority:0] with ContainerStateMachine:uninitialized
2022-02-15 23:30:05,121 [pool-123-thread-1] INFO  server.RaftServerConfigKeys (ConfUtils.java:logGet(44)) - raft.server.rpc.timeout.min = 5s (custom)
2022-02-15 23:30:05,121 [pool-123-thread-1] INFO  server.RaftServerConfigKeys (ConfUtils.java:logGet(44)) - raft.server.rpc.timeout.max = 5200ms (custom)
2022-02-15 23:30:05,121 [pool-123-thread-1] INFO  server.RaftServerConfigKeys (ConfUtils.java:logGet(44)) - raft.server.rpc.sleep.time = 25ms (default)
2022-02-15 23:30:05,121 [pool-123-thread-1] INFO  server.RaftServerConfigKeys (ConfUtils.java:logGet(44)) - raft.server.rpc.slowness.timeout = 300s (custom)
2022-02-15 23:30:05,121 [pool-123-thread-1] INFO  server.RaftServerConfigKeys (ConfUtils.java:logGet(44)) - raft.server.leaderelection.leader.step-down.wait-time = 10s (default)
2022-02-15 23:30:05,121 [pool-123-thread-1] INFO  server.RaftServerConfigKeys (ConfUtils.java:logGet(44)) - raft.server.sleep.deviation.threshold = 300ms (default)
2022-02-15 23:30:05,122 [pool-123-thread-1] INFO  server.RaftServerConfigKeys (ConfUtils.java:logGet(44)) - raft.server.log.appender.install.snapshot.enabled = false (custom)
2022-02-15 23:30:05,122 [pool-123-thread-1] INFO  server.RaftServer$Division (ServerState.java:<init>(105)) - 27f14ece-dda1-4864-b778-45133e24b62f@group-0D52E2E582DD: ConfigurationManager, init=-1: [5c3f3ce4-7956-4080-8f67-16b58d57ac80|rpc:10.1.0.21:33859|dataStream:|priority:1, 27f14ece-dda1-4864-b778-45133e24b62f|rpc:10.1.0.21:36089|dataStream:|priority:0, 91679173-921c-4654-9093-8f81413a9b3b|rpc:10.1.0.21:35857|dataStream:|priority:0], old=null, confs=<EMPTY_MAP>
2022-02-15 23:30:05,122 [pool-123-thread-1] INFO  server.RaftServerConfigKeys (ConfUtils.java:logGet(44)) - raft.server.storage.dir = [/home/runner/work/ozone/ozone/hadoop-ozone/integration-test/target/test-dir/MiniOzoneClusterImpl-527fe069-2b78-49eb-8835-8cb6d6ba75bf/datanode-1/data/ratis] (custom)
2022-02-15 23:30:05,122 [pool-123-thread-1] INFO  server.RaftServerConfigKeys (ConfUtils.java:logGet(44)) - raft.server.log.corruption.policy = EXCEPTION (default)
2022-02-15 23:30:05,122 [pool-123-thread-1] INFO  server.RaftServerConfigKeys (ConfUtils.java:logGet(44)) - raft.server.storage.free-space.min = 0MB (=0) (default)
2022-02-15 23:30:05,122 [pool-123-thread-1] INFO  storage.RaftStorageDirectory (RaftStorageDirectoryImpl.java:analyzeStorage(135)) - The storage directory /home/runner/work/ozone/ozone/hadoop-ozone/integration-test/target/test-dir/MiniOzoneClusterImpl-527fe069-2b78-49eb-8835-8cb6d6ba75bf/datanode-1/data/ratis/517e2f9c-e2e5-4978-ae86-0d52e2e582dd does not exist. Creating ...
2022-02-15 23:30:05,123 [pool-123-thread-1] INFO  storage.RaftStorageDirectory (RaftStorageDirectoryImpl.java:tryLock(230)) - Lock on /home/runner/work/ozone/ozone/hadoop-ozone/integration-test/target/test-dir/MiniOzoneClusterImpl-527fe069-2b78-49eb-8835-8cb6d6ba75bf/datanode-1/data/ratis/517e2f9c-e2e5-4978-ae86-0d52e2e582dd/in_use.lock acquired by nodename 1385@fv-az297-531
2022-02-15 23:30:05,124 [pool-123-thread-1] INFO  storage.RaftStorage (RaftStorageImpl.java:format(89)) - Storage directory /home/runner/work/ozone/ozone/hadoop-ozone/integration-test/target/test-dir/MiniOzoneClusterImpl-527fe069-2b78-49eb-8835-8cb6d6ba75bf/datanode-1/data/ratis/517e2f9c-e2e5-4978-ae86-0d52e2e582dd has been successfully formatted.
2022-02-15 23:30:05,131 [pool-123-thread-1] INFO  ratis.ContainerStateMachine (ContainerStateMachine.java:loadSnapshot(231)) - group-0D52E2E582DD: The snapshot info is null. Setting the last applied indexto:(t:0, i:~)
2022-02-15 23:30:05,131 [pool-123-thread-1] INFO  server.RaftServerConfigKeys (ConfUtils.java:logGet(44)) - raft.server.notification.no-leader.timeout = 300s (custom)
2022-02-15 23:30:05,132 [pool-123-thread-1] INFO  server.RaftServerConfigKeys (ConfUtils.java:logGet(44)) - raft.server.log.use.memory = false (default)
2022-02-15 23:30:05,132 [pool-123-thread-1] INFO  server.RaftServerConfigKeys (ConfUtils.java:logGet(44)) - raft.server.log.purge.gap = 1000000 (custom)
2022-02-15 23:30:05,132 [pool-123-thread-1] INFO  server.RaftServerConfigKeys (ConfUtils.java:logGet(44)) - raft.server.log.appender.buffer.byte-limit = 33554432 (custom)
2022-02-15 23:30:05,132 [pool-123-thread-1] INFO  server.RaftServerConfigKeys (ConfUtils.java:logGet(44)) - raft.server.log.segment.size.max = 1048576 (custom)
2022-02-15 23:30:05,132 [pool-123-thread-1] INFO  server.RaftServerConfigKeys (ConfUtils.java:logGet(44)) - raft.server.log.segment.cache.num.max = 2 (custom)
2022-02-15 23:30:05,132 [pool-123-thread-1] INFO  server.RaftServerConfigKeys (ConfUtils.java:logGet(44)) - raft.server.log.segment.cache.size.max = 200MB (=209715200) (default)
2022-02-15 23:30:05,132 [pool-123-thread-1] INFO  segmented.SegmentedRaftLogWorker (SegmentedRaftLogWorker.java:<init>(182)) - new 27f14ece-dda1-4864-b778-45133e24b62f@group-0D52E2E582DD-SegmentedRaftLogWorker for RaftStorageImpl:Storage Directory /home/runner/work/ozone/ozone/hadoop-ozone/integration-test/target/test-dir/MiniOzoneClusterImpl-527fe069-2b78-49eb-8835-8cb6d6ba75bf/datanode-1/data/ratis/517e2f9c-e2e5-4978-ae86-0d52e2e582dd
2022-02-15 23:30:05,133 [pool-123-thread-1] INFO  server.RaftServerConfigKeys (ConfUtils.java:logGet(44)) - raft.server.log.queue.byte-limit = 4294967296 (custom)
2022-02-15 23:30:05,133 [pool-123-thread-1] INFO  server.RaftServerConfigKeys (ConfUtils.java:logGet(44)) - raft.server.log.queue.element-limit = 1024 (custom)
2022-02-15 23:30:05,133 [pool-123-thread-1] INFO  server.RaftServerConfigKeys (ConfUtils.java:logGet(44)) - raft.server.log.segment.size.max = 1048576 (custom)
2022-02-15 23:30:05,133 [pool-123-thread-1] INFO  server.RaftServerConfigKeys (ConfUtils.java:logGet(44)) - raft.server.log.preallocated.size = 16384 (custom)
2022-02-15 23:30:05,133 [pool-123-thread-1] INFO  server.RaftServerConfigKeys (ConfUtils.java:logGet(44)) - raft.server.log.force.sync.num = 128 (default)
2022-02-15 23:30:05,133 [pool-123-thread-1] INFO  server.RaftServerConfigKeys (ConfUtils.java:logGet(44)) - raft.server.log.statemachine.data.sync = true (default)
2022-02-15 23:30:05,133 [pool-123-thread-1] INFO  server.RaftServerConfigKeys (ConfUtils.java:logGet(44)) - raft.server.log.statemachine.data.sync.timeout = 10s (default)
2022-02-15 23:30:05,133 [pool-123-thread-1] INFO  server.RaftServerConfigKeys (ConfUtils.java:logGet(44)) - raft.server.log.statemachine.data.sync.timeout.retry = -1 (default)
2022-02-15 23:30:05,133 [pool-123-thread-1] INFO  server.RaftServerConfigKeys (ConfUtils.java:logGet(44)) - raft.server.log.write.buffer.size = 1048576 (custom)
2022-02-15 23:30:05,134 [pool-123-thread-1] INFO  server.RaftServerConfigKeys (ConfUtils.java:logGet(44)) - raft.server.log.statemachine.data.caching.enabled = true (custom)
2022-02-15 23:30:05,134 [pool-123-thread-1] INFO  segmented.SegmentedRaftLogWorker (SegmentedRaftLogWorker.java:lambda$new$0(133)) - 27f14ece-dda1-4864-b778-45133e24b62f@group-0D52E2E582DD-SegmentedRaftLogWorker: flushIndex: setUnconditionally 0 -> -1
2022-02-15 23:30:05,134 [pool-123-thread-1] INFO  segmented.SegmentedRaftLogWorker (SegmentedRaftLogWorker.java:lambda$new$0(133)) - 27f14ece-dda1-4864-b778-45133e24b62f@group-0D52E2E582DD-SegmentedRaftLogWorker: safeCacheEvictIndex: setUnconditionally 0 -> -1
2022-02-15 23:30:05,139 [pool-123-thread-1] INFO  server.RaftServerConfigKeys (ConfUtils.java:logGet(44)) - raft.server.snapshot.auto.trigger.enabled = true (custom)
2022-02-15 23:30:05,140 [pool-123-thread-1] INFO  server.RaftServerConfigKeys (ConfUtils.java:logGet(44)) - raft.server.snapshot.auto.trigger.threshold = 10000 (custom)
2022-02-15 23:30:05,140 [pool-123-thread-1] INFO  server.RaftServerConfigKeys (ConfUtils.java:logGet(44)) - raft.server.snapshot.retention.file.num = 5 (custom)
2022-02-15 23:30:05,140 [pool-123-thread-1] INFO  server.RaftServerConfigKeys (ConfUtils.java:logGet(44)) - raft.server.log.purge.upto.snapshot.index = false (default)
2022-02-15 23:30:05,140 [pool-123-thread-1] INFO  server.RaftServerConfigKeys (ConfUtils.java:logGet(44)) - raft.server.retrycache.expirytime = 600000ms (custom)
2022-02-15 23:30:05,140 [pool-123-thread-1] INFO  server.RaftServerConfigKeys (ConfUtils.java:logGet(44)) - raft.server.retrycache.statistics.expirytime = 100μs (default)
2022-02-15 23:30:05,141 [pool-123-thread-1] INFO  server.RaftServer$Division (RaftServerImpl.java:start(301)) - 27f14ece-dda1-4864-b778-45133e24b62f@group-0D52E2E582DD: start as a follower, conf=-1: [5c3f3ce4-7956-4080-8f67-16b58d57ac80|rpc:10.1.0.21:33859|dataStream:|priority:1, 27f14ece-dda1-4864-b778-45133e24b62f|rpc:10.1.0.21:36089|dataStream:|priority:0, 91679173-921c-4654-9093-8f81413a9b3b|rpc:10.1.0.21:35857|dataStream:|priority:0], old=null
2022-02-15 23:30:05,141 [pool-123-thread-1] INFO  server.RaftServer$Division (RaftServerImpl.java:setRole(290)) - 27f14ece-dda1-4864-b778-45133e24b62f@group-0D52E2E582DD: changes role from      null to FOLLOWER at term 0 for startAsFollower
2022-02-15 23:30:05,141 [pool-123-thread-1] INFO  impl.RoleInfo (RoleInfo.java:updateAndGet(130)) - 27f14ece-dda1-4864-b778-45133e24b62f: start 27f14ece-dda1-4864-b778-45133e24b62f@group-0D52E2E582DD-FollowerState
2022-02-15 23:30:05,142 [pool-123-thread-1] INFO  util.JmxRegister (JmxRegister.java:tryRegister(44)) - Successfully registered JMX Bean with object name Ratis:service=RaftServer,group=group-0D52E2E582DD,id=27f14ece-dda1-4864-b778-45133e24b62f
2022-02-15 23:30:05,200 [grpc-default-executor-0] INFO  server.RaftServer (RaftServerProxy.java:addNew(95)) - 5c3f3ce4-7956-4080-8f67-16b58d57ac80: addNew group-0D52E2E582DD:[5c3f3ce4-7956-4080-8f67-16b58d57ac80|rpc:10.1.0.21:33859|dataStream:|priority:1, 27f14ece-dda1-4864-b778-45133e24b62f|rpc:10.1.0.21:36089|dataStream:|priority:0, 91679173-921c-4654-9093-8f81413a9b3b|rpc:10.1.0.21:35857|dataStream:|priority:0] returns group-0D52E2E582DD:java.util.concurrent.CompletableFuture@e2babc8[Not completed]
2022-02-15 23:30:05,202 [pool-144-thread-1] INFO  server.RaftServer$Division (RaftServerImpl.java:<init>(184)) - 5c3f3ce4-7956-4080-8f67-16b58d57ac80: new RaftServerImpl for group-0D52E2E582DD:[5c3f3ce4-7956-4080-8f67-16b58d57ac80|rpc:10.1.0.21:33859|dataStream:|priority:1, 27f14ece-dda1-4864-b778-45133e24b62f|rpc:10.1.0.21:36089|dataStream:|priority:0, 91679173-921c-4654-9093-8f81413a9b3b|rpc:10.1.0.21:35857|dataStream:|priority:0] with ContainerStateMachine:uninitialized
2022-02-15 23:30:05,203 [pool-144-thread-1] INFO  server.RaftServerConfigKeys (ConfUtils.java:logGet(44)) - raft.server.rpc.timeout.min = 5s (custom)
2022-02-15 23:30:05,203 [pool-144-thread-1] INFO  server.RaftServerConfigKeys (ConfUtils.java:logGet(44)) - raft.server.rpc.timeout.max = 5200ms (custom)
2022-02-15 23:30:05,203 [pool-144-thread-1] INFO  server.RaftServerConfigKeys (ConfUtils.java:logGet(44)) - raft.server.rpc.sleep.time = 25ms (default)
2022-02-15 23:30:05,203 [pool-144-thread-1] INFO  server.RaftServerConfigKeys (ConfUtils.java:logGet(44)) - raft.server.rpc.slowness.timeout = 300s (custom)
2022-02-15 23:30:05,203 [pool-144-thread-1] INFO  server.RaftServerConfigKeys (ConfUtils.java:logGet(44)) - raft.server.leaderelection.leader.step-down.wait-time = 10s (default)
2022-02-15 23:30:05,203 [pool-144-thread-1] INFO  server.RaftServerConfigKeys (ConfUtils.java:logGet(44)) - raft.server.sleep.deviation.threshold = 300ms (default)
2022-02-15 23:30:05,203 [pool-144-thread-1] INFO  server.RaftServerConfigKeys (ConfUtils.java:logGet(44)) - raft.server.log.appender.install.snapshot.enabled = false (custom)
2022-02-15 23:30:05,203 [pool-144-thread-1] INFO  server.RaftServer$Division (ServerState.java:<init>(105)) - 5c3f3ce4-7956-4080-8f67-16b58d57ac80@group-0D52E2E582DD: ConfigurationManager, init=-1: [5c3f3ce4-7956-4080-8f67-16b58d57ac80|rpc:10.1.0.21:33859|dataStream:|priority:1, 27f14ece-dda1-4864-b778-45133e24b62f|rpc:10.1.0.21:36089|dataStream:|priority:0, 91679173-921c-4654-9093-8f81413a9b3b|rpc:10.1.0.21:35857|dataStream:|priority:0], old=null, confs=<EMPTY_MAP>
2022-02-15 23:30:05,209 [pool-144-thread-1] INFO  server.RaftServerConfigKeys (ConfUtils.java:logGet(44)) - raft.server.storage.dir = [/home/runner/work/ozone/ozone/hadoop-ozone/integration-test/target/test-dir/MiniOzoneClusterImpl-527fe069-2b78-49eb-8835-8cb6d6ba75bf/datanode-2/data/ratis] (custom)
2022-02-15 23:30:05,210 [pool-144-thread-1] INFO  server.RaftServerConfigKeys (ConfUtils.java:logGet(44)) - raft.server.log.corruption.policy = EXCEPTION (default)
2022-02-15 23:30:05,210 [pool-144-thread-1] INFO  server.RaftServerConfigKeys (ConfUtils.java:logGet(44)) - raft.server.storage.free-space.min = 0MB (=0) (default)
2022-02-15 23:30:05,210 [pool-144-thread-1] INFO  storage.RaftStorageDirectory (RaftStorageDirectoryImpl.java:analyzeStorage(135)) - The storage directory /home/runner/work/ozone/ozone/hadoop-ozone/integration-test/target/test-dir/MiniOzoneClusterImpl-527fe069-2b78-49eb-8835-8cb6d6ba75bf/datanode-2/data/ratis/517e2f9c-e2e5-4978-ae86-0d52e2e582dd does not exist. Creating ...
2022-02-15 23:30:05,211 [pool-144-thread-1] INFO  storage.RaftStorageDirectory (RaftStorageDirectoryImpl.java:tryLock(230)) - Lock on /home/runner/work/ozone/ozone/hadoop-ozone/integration-test/target/test-dir/MiniOzoneClusterImpl-527fe069-2b78-49eb-8835-8cb6d6ba75bf/datanode-2/data/ratis/517e2f9c-e2e5-4978-ae86-0d52e2e582dd/in_use.lock acquired by nodename 1385@fv-az297-531
2022-02-15 23:30:05,214 [pool-144-thread-1] INFO  storage.RaftStorage (RaftStorageImpl.java:format(89)) - Storage directory /home/runner/work/ozone/ozone/hadoop-ozone/integration-test/target/test-dir/MiniOzoneClusterImpl-527fe069-2b78-49eb-8835-8cb6d6ba75bf/datanode-2/data/ratis/517e2f9c-e2e5-4978-ae86-0d52e2e582dd has been successfully formatted.
2022-02-15 23:30:05,215 [pool-144-thread-1] INFO  ratis.ContainerStateMachine (ContainerStateMachine.java:loadSnapshot(231)) - group-0D52E2E582DD: The snapshot info is null. Setting the last applied indexto:(t:0, i:~)
2022-02-15 23:30:05,215 [pool-144-thread-1] INFO  server.RaftServerConfigKeys (ConfUtils.java:logGet(44)) - raft.server.notification.no-leader.timeout = 300s (custom)
2022-02-15 23:30:05,215 [pool-144-thread-1] INFO  server.RaftServerConfigKeys (ConfUtils.java:logGet(44)) - raft.server.log.use.memory = false (default)
2022-02-15 23:30:05,215 [pool-144-thread-1] INFO  server.RaftServerConfigKeys (ConfUtils.java:logGet(44)) - raft.server.log.purge.gap = 1000000 (custom)
2022-02-15 23:30:05,215 [pool-144-thread-1] INFO  server.RaftServerConfigKeys (ConfUtils.java:logGet(44)) - raft.server.log.appender.buffer.byte-limit = 33554432 (custom)
2022-02-15 23:30:05,220 [pool-144-thread-1] INFO  server.RaftServerConfigKeys (ConfUtils.java:logGet(44)) - raft.server.log.segment.size.max = 1048576 (custom)
2022-02-15 23:30:05,220 [pool-144-thread-1] INFO  server.RaftServerConfigKeys (ConfUtils.java:logGet(44)) - raft.server.log.segment.cache.num.max = 2 (custom)
2022-02-15 23:30:05,220 [pool-144-thread-1] INFO  server.RaftServerConfigKeys (ConfUtils.java:logGet(44)) - raft.server.log.segment.cache.size.max = 200MB (=209715200) (default)
2022-02-15 23:30:05,221 [pool-144-thread-1] INFO  segmented.SegmentedRaftLogWorker (SegmentedRaftLogWorker.java:<init>(182)) - new 5c3f3ce4-7956-4080-8f67-16b58d57ac80@group-0D52E2E582DD-SegmentedRaftLogWorker for RaftStorageImpl:Storage Directory /home/runner/work/ozone/ozone/hadoop-ozone/integration-test/target/test-dir/MiniOzoneClusterImpl-527fe069-2b78-49eb-8835-8cb6d6ba75bf/datanode-2/data/ratis/517e2f9c-e2e5-4978-ae86-0d52e2e582dd
2022-02-15 23:30:05,222 [pool-144-thread-1] INFO  server.RaftServerConfigKeys (ConfUtils.java:logGet(44)) - raft.server.log.queue.byte-limit = 4294967296 (custom)
2022-02-15 23:30:05,223 [pool-144-thread-1] INFO  server.RaftServerConfigKeys (ConfUtils.java:logGet(44)) - raft.server.log.queue.element-limit = 1024 (custom)
2022-02-15 23:30:05,223 [pool-144-thread-1] INFO  server.RaftServerConfigKeys (ConfUtils.java:logGet(44)) - raft.server.log.segment.size.max = 1048576 (custom)
2022-02-15 23:30:05,223 [pool-144-thread-1] INFO  server.RaftServerConfigKeys (ConfUtils.java:logGet(44)) - raft.server.log.preallocated.size = 16384 (custom)
2022-02-15 23:30:05,223 [pool-144-thread-1] INFO  server.RaftServerConfigKeys (ConfUtils.java:logGet(44)) - raft.server.log.force.sync.num = 128 (default)
2022-02-15 23:30:05,223 [pool-144-thread-1] INFO  server.RaftServerConfigKeys (ConfUtils.java:logGet(44)) - raft.server.log.statemachine.data.sync = true (default)
2022-02-15 23:30:05,224 [pool-144-thread-1] INFO  server.RaftServerConfigKeys (ConfUtils.java:logGet(44)) - raft.server.log.statemachine.data.sync.timeout = 10s (default)
2022-02-15 23:30:05,224 [pool-144-thread-1] INFO  server.RaftServerConfigKeys (ConfUtils.java:logGet(44)) - raft.server.log.statemachine.data.sync.timeout.retry = -1 (default)
2022-02-15 23:30:05,224 [pool-144-thread-1] INFO  server.RaftServerConfigKeys (ConfUtils.java:logGet(44)) - raft.server.log.write.buffer.size = 1048576 (custom)
2022-02-15 23:30:05,225 [pool-144-thread-1] INFO  server.RaftServerConfigKeys (ConfUtils.java:logGet(44)) - raft.server.log.statemachine.data.caching.enabled = true (custom)
2022-02-15 23:30:05,225 [pool-144-thread-1] INFO  segmented.SegmentedRaftLogWorker (SegmentedRaftLogWorker.java:lambda$new$0(133)) - 5c3f3ce4-7956-4080-8f67-16b58d57ac80@group-0D52E2E582DD-SegmentedRaftLogWorker: flushIndex: setUnconditionally 0 -> -1
2022-02-15 23:30:05,225 [pool-144-thread-1] INFO  segmented.SegmentedRaftLogWorker (SegmentedRaftLogWorker.java:lambda$new$0(133)) - 5c3f3ce4-7956-4080-8f67-16b58d57ac80@group-0D52E2E582DD-SegmentedRaftLogWorker: safeCacheEvictIndex: setUnconditionally 0 -> -1
2022-02-15 23:30:05,226 [pool-144-thread-1] INFO  server.RaftServerConfigKeys (ConfUtils.java:logGet(44)) - raft.server.snapshot.auto.trigger.enabled = true (custom)
2022-02-15 23:30:05,226 [pool-144-thread-1] INFO  server.RaftServerConfigKeys (ConfUtils.java:logGet(44)) - raft.server.snapshot.auto.trigger.threshold = 10000 (custom)
2022-02-15 23:30:05,227 [pool-144-thread-1] INFO  server.RaftServerConfigKeys (ConfUtils.java:logGet(44)) - raft.server.snapshot.retention.file.num = 5 (custom)
2022-02-15 23:30:05,227 [pool-144-thread-1] INFO  server.RaftServerConfigKeys (ConfUtils.java:logGet(44)) - raft.server.log.purge.upto.snapshot.index = false (default)
2022-02-15 23:30:05,227 [pool-144-thread-1] INFO  server.RaftServerConfigKeys (ConfUtils.java:logGet(44)) - raft.server.retrycache.expirytime = 600000ms (custom)
2022-02-15 23:30:05,227 [pool-144-thread-1] INFO  server.RaftServerConfigKeys (ConfUtils.java:logGet(44)) - raft.server.retrycache.statistics.expirytime = 100μs (default)
2022-02-15 23:30:05,228 [pool-144-thread-1] INFO  server.RaftServer$Division (RaftServerImpl.java:start(301)) - 5c3f3ce4-7956-4080-8f67-16b58d57ac80@group-0D52E2E582DD: start as a follower, conf=-1: [5c3f3ce4-7956-4080-8f67-16b58d57ac80|rpc:10.1.0.21:33859|dataStream:|priority:1, 27f14ece-dda1-4864-b778-45133e24b62f|rpc:10.1.0.21:36089|dataStream:|priority:0, 91679173-921c-4654-9093-8f81413a9b3b|rpc:10.1.0.21:35857|dataStream:|priority:0], old=null
2022-02-15 23:30:05,228 [pool-144-thread-1] INFO  server.RaftServer$Division (RaftServerImpl.java:setRole(290)) - 5c3f3ce4-7956-4080-8f67-16b58d57ac80@group-0D52E2E582DD: changes role from      null to FOLLOWER at term 0 for startAsFollower
2022-02-15 23:30:05,228 [pool-144-thread-1] INFO  impl.RoleInfo (RoleInfo.java:updateAndGet(130)) - 5c3f3ce4-7956-4080-8f67-16b58d57ac80: start 5c3f3ce4-7956-4080-8f67-16b58d57ac80@group-0D52E2E582DD-FollowerState
2022-02-15 23:30:05,230 [pool-144-thread-1] INFO  util.JmxRegister (JmxRegister.java:tryRegister(44)) - Successfully registered JMX Bean with object name Ratis:service=RaftServer,group=group-0D52E2E582DD,id=5c3f3ce4-7956-4080-8f67-16b58d57ac80
2022-02-15 23:30:05,242 [Command processor thread] INFO  commandhandler.CreatePipelineCommandHandler (CreatePipelineCommandHandler.java:handle(106)) - Created Pipeline RATIS THREE PipelineID=517e2f9c-e2e5-4978-ae86-0d52e2e582dd.
2022-02-15 23:30:05,242 [Command processor thread] INFO  server.RaftServer (RaftServerProxy.java:addNew(95)) - 91679173-921c-4654-9093-8f81413a9b3b: addNew group-F43BA2CAE066:[5c3f3ce4-7956-4080-8f67-16b58d57ac80|rpc:10.1.0.21:33859|priority:0, 27f14ece-dda1-4864-b778-45133e24b62f|rpc:10.1.0.21:36089|priority:1, 91679173-921c-4654-9093-8f81413a9b3b|rpc:10.1.0.21:35857|priority:0] returns group-F43BA2CAE066:java.util.concurrent.CompletableFuture@402c0e4c[Not completed]
2022-02-15 23:30:05,243 [pool-102-thread-1] INFO  server.RaftServer$Division (RaftServerImpl.java:<init>(184)) - 91679173-921c-4654-9093-8f81413a9b3b: new RaftServerImpl for group-F43BA2CAE066:[5c3f3ce4-7956-4080-8f67-16b58d57ac80|rpc:10.1.0.21:33859|priority:0, 27f14ece-dda1-4864-b778-45133e24b62f|rpc:10.1.0.21:36089|priority:1, 91679173-921c-4654-9093-8f81413a9b3b|rpc:10.1.0.21:35857|priority:0] with ContainerStateMachine:uninitialized
2022-02-15 23:30:05,244 [pool-102-thread-1] INFO  server.RaftServerConfigKeys (ConfUtils.java:logGet(44)) - raft.server.rpc.timeout.min = 5s (custom)
2022-02-15 23:30:05,244 [pool-102-thread-1] INFO  server.RaftServerConfigKeys (ConfUtils.java:logGet(44)) - raft.server.rpc.timeout.max = 5200ms (custom)
2022-02-15 23:30:05,244 [pool-102-thread-1] INFO  server.RaftServerConfigKeys (ConfUtils.java:logGet(44)) - raft.server.rpc.sleep.time = 25ms (default)
2022-02-15 23:30:05,244 [pool-102-thread-1] INFO  server.RaftServerConfigKeys (ConfUtils.java:logGet(44)) - raft.server.rpc.slowness.timeout = 300s (custom)
2022-02-15 23:30:05,244 [pool-102-thread-1] INFO  server.RaftServerConfigKeys (ConfUtils.java:logGet(44)) - raft.server.leaderelection.leader.step-down.wait-time = 10s (default)
2022-02-15 23:30:05,244 [pool-102-thread-1] INFO  server.RaftServerConfigKeys (ConfUtils.java:logGet(44)) - raft.server.sleep.deviation.threshold = 300ms (default)
2022-02-15 23:30:05,244 [pool-102-thread-1] INFO  server.RaftServerConfigKeys (ConfUtils.java:logGet(44)) - raft.server.log.appender.install.snapshot.enabled = false (custom)
2022-02-15 23:30:05,244 [pool-102-thread-1] INFO  server.RaftServer$Division (ServerState.java:<init>(105)) - 91679173-921c-4654-9093-8f81413a9b3b@group-F43BA2CAE066: ConfigurationManager, init=-1: [5c3f3ce4-7956-4080-8f67-16b58d57ac80|rpc:10.1.0.21:33859|priority:0, 27f14ece-dda1-4864-b778-45133e24b62f|rpc:10.1.0.21:36089|priority:1, 91679173-921c-4654-9093-8f81413a9b3b|rpc:10.1.0.21:35857|priority:0], old=null, confs=<EMPTY_MAP>
2022-02-15 23:30:05,244 [pool-102-thread-1] INFO  server.RaftServerConfigKeys (ConfUtils.java:logGet(44)) - raft.server.storage.dir = [/home/runner/work/ozone/ozone/hadoop-ozone/integration-test/target/test-dir/MiniOzoneClusterImpl-527fe069-2b78-49eb-8835-8cb6d6ba75bf/datanode-0/data/ratis] (custom)
2022-02-15 23:30:05,244 [pool-102-thread-1] INFO  server.RaftServerConfigKeys (ConfUtils.java:logGet(44)) - raft.server.log.corruption.policy = EXCEPTION (default)
2022-02-15 23:30:05,244 [pool-102-thread-1] INFO  server.RaftServerConfigKeys (ConfUtils.java:logGet(44)) - raft.server.storage.free-space.min = 0MB (=0) (default)
2022-02-15 23:30:05,244 [pool-102-thread-1] INFO  storage.RaftStorageDirectory (RaftStorageDirectoryImpl.java:analyzeStorage(135)) - The storage directory /home/runner/work/ozone/ozone/hadoop-ozone/integration-test/target/test-dir/MiniOzoneClusterImpl-527fe069-2b78-49eb-8835-8cb6d6ba75bf/datanode-0/data/ratis/47b1ed7d-e7e5-47b1-a6fc-f43ba2cae066 does not exist. Creating ...
2022-02-15 23:30:05,245 [pool-102-thread-1] INFO  storage.RaftStorageDirectory (RaftStorageDirectoryImpl.java:tryLock(230)) - Lock on /home/runner/work/ozone/ozone/hadoop-ozone/integration-test/target/test-dir/MiniOzoneClusterImpl-527fe069-2b78-49eb-8835-8cb6d6ba75bf/datanode-0/data/ratis/47b1ed7d-e7e5-47b1-a6fc-f43ba2cae066/in_use.lock acquired by nodename 1385@fv-az297-531
2022-02-15 23:30:05,247 [pool-102-thread-1] INFO  storage.RaftStorage (RaftStorageImpl.java:format(89)) - Storage directory /home/runner/work/ozone/ozone/hadoop-ozone/integration-test/target/test-dir/MiniOzoneClusterImpl-527fe069-2b78-49eb-8835-8cb6d6ba75bf/datanode-0/data/ratis/47b1ed7d-e7e5-47b1-a6fc-f43ba2cae066 has been successfully formatted.
2022-02-15 23:30:05,247 [pool-102-thread-1] INFO  ratis.ContainerStateMachine (ContainerStateMachine.java:loadSnapshot(231)) - group-F43BA2CAE066: The snapshot info is null. Setting the last applied indexto:(t:0, i:~)
2022-02-15 23:30:05,247 [pool-102-thread-1] INFO  server.RaftServerConfigKeys (ConfUtils.java:logGet(44)) - raft.server.notification.no-leader.timeout = 300s (custom)
2022-02-15 23:30:05,247 [pool-102-thread-1] INFO  server.RaftServerConfigKeys (ConfUtils.java:logGet(44)) - raft.server.log.use.memory = false (default)
2022-02-15 23:30:05,248 [pool-102-thread-1] INFO  server.RaftServerConfigKeys (ConfUtils.java:logGet(44)) - raft.server.log.purge.gap = 1000000 (custom)
2022-02-15 23:30:05,248 [pool-102-thread-1] INFO  server.RaftServerConfigKeys (ConfUtils.java:logGet(44)) - raft.server.log.appender.buffer.byte-limit = 33554432 (custom)
2022-02-15 23:30:05,249 [EventQueue-OpenPipelineForHealthyPipelineSafeModeRule] INFO  safemode.SCMSafeModeManager (HealthyPipelineSafeModeRule.java:process(124)) - SCM in safe mode. Healthy pipelines reported count is 0, required healthy pipeline reported count is 1
2022-02-15 23:30:05,250 [pool-102-thread-1] INFO  server.RaftServerConfigKeys (ConfUtils.java:logGet(44)) - raft.server.log.segment.size.max = 1048576 (custom)
2022-02-15 23:30:05,255 [pool-102-thread-1] INFO  server.RaftServerConfigKeys (ConfUtils.java:logGet(44)) - raft.server.log.segment.cache.num.max = 2 (custom)
2022-02-15 23:30:05,255 [pool-102-thread-1] INFO  server.RaftServerConfigKeys (ConfUtils.java:logGet(44)) - raft.server.log.segment.cache.size.max = 200MB (=209715200) (default)
2022-02-15 23:30:05,255 [pool-102-thread-1] INFO  segmented.SegmentedRaftLogWorker (SegmentedRaftLogWorker.java:<init>(182)) - new 91679173-921c-4654-9093-8f81413a9b3b@group-F43BA2CAE066-SegmentedRaftLogWorker for RaftStorageImpl:Storage Directory /home/runner/work/ozone/ozone/hadoop-ozone/integration-test/target/test-dir/MiniOzoneClusterImpl-527fe069-2b78-49eb-8835-8cb6d6ba75bf/datanode-0/data/ratis/47b1ed7d-e7e5-47b1-a6fc-f43ba2cae066
2022-02-15 23:30:05,255 [pool-102-thread-1] INFO  server.RaftServerConfigKeys (ConfUtils.java:logGet(44)) - raft.server.log.queue.byte-limit = 4294967296 (custom)
2022-02-15 23:30:05,255 [pool-102-thread-1] INFO  server.RaftServerConfigKeys (ConfUtils.java:logGet(44)) - raft.server.log.queue.element-limit = 1024 (custom)
2022-02-15 23:30:05,255 [pool-102-thread-1] INFO  server.RaftServerConfigKeys (ConfUtils.java:logGet(44)) - raft.server.log.segment.size.max = 1048576 (custom)
2022-02-15 23:30:05,255 [pool-102-thread-1] INFO  server.RaftServerConfigKeys (ConfUtils.java:logGet(44)) - raft.server.log.preallocated.size = 16384 (custom)
2022-02-15 23:30:05,255 [pool-102-thread-1] INFO  server.RaftServerConfigKeys (ConfUtils.java:logGet(44)) - raft.server.log.force.sync.num = 128 (default)
2022-02-15 23:30:05,255 [pool-102-thread-1] INFO  server.RaftServerConfigKeys (ConfUtils.java:logGet(44)) - raft.server.log.statemachine.data.sync = true (default)
2022-02-15 23:30:05,255 [pool-102-thread-1] INFO  server.RaftServerConfigKeys (ConfUtils.java:logGet(44)) - raft.server.log.statemachine.data.sync.timeout = 10s (default)
2022-02-15 23:30:05,255 [pool-102-thread-1] INFO  server.RaftServerConfigKeys (ConfUtils.java:logGet(44)) - raft.server.log.statemachine.data.sync.timeout.retry = -1 (default)
2022-02-15 23:30:05,256 [pool-102-thread-1] INFO  server.RaftServerConfigKeys (ConfUtils.java:logGet(44)) - raft.server.log.write.buffer.size = 1048576 (custom)
2022-02-15 23:30:05,257 [pool-102-thread-1] INFO  server.RaftServerConfigKeys (ConfUtils.java:logGet(44)) - raft.server.log.statemachine.data.caching.enabled = true (custom)
2022-02-15 23:30:05,257 [pool-102-thread-1] INFO  segmented.SegmentedRaftLogWorker (SegmentedRaftLogWorker.java:lambda$new$0(133)) - 91679173-921c-4654-9093-8f81413a9b3b@group-F43BA2CAE066-SegmentedRaftLogWorker: flushIndex: setUnconditionally 0 -> -1
2022-02-15 23:30:05,257 [pool-102-thread-1] INFO  segmented.SegmentedRaftLogWorker (SegmentedRaftLogWorker.java:lambda$new$0(133)) - 91679173-921c-4654-9093-8f81413a9b3b@group-F43BA2CAE066-SegmentedRaftLogWorker: safeCacheEvictIndex: setUnconditionally 0 -> -1
2022-02-15 23:30:05,257 [pool-102-thread-1] INFO  server.RaftServerConfigKeys (ConfUtils.java:logGet(44)) - raft.server.snapshot.auto.trigger.enabled = true (custom)
2022-02-15 23:30:05,257 [pool-102-thread-1] INFO  server.RaftServerConfigKeys (ConfUtils.java:logGet(44)) - raft.server.snapshot.auto.trigger.threshold = 10000 (custom)
2022-02-15 23:30:05,257 [pool-102-thread-1] INFO  server.RaftServerConfigKeys (ConfUtils.java:logGet(44)) - raft.server.snapshot.retention.file.num = 5 (custom)
2022-02-15 23:30:05,258 [pool-102-thread-1] INFO  server.RaftServerConfigKeys (ConfUtils.java:logGet(44)) - raft.server.log.purge.upto.snapshot.index = false (default)
2022-02-15 23:30:05,258 [pool-102-thread-1] INFO  server.RaftServerConfigKeys (ConfUtils.java:logGet(44)) - raft.server.retrycache.expirytime = 600000ms (custom)
2022-02-15 23:30:05,258 [pool-102-thread-1] INFO  server.RaftServerConfigKeys (ConfUtils.java:logGet(44)) - raft.server.retrycache.statistics.expirytime = 100μs (default)
2022-02-15 23:30:05,259 [pool-102-thread-1] INFO  server.RaftServer$Division (RaftServerImpl.java:start(301)) - 91679173-921c-4654-9093-8f81413a9b3b@group-F43BA2CAE066: start as a follower, conf=-1: [5c3f3ce4-7956-4080-8f67-16b58d57ac80|rpc:10.1.0.21:33859|priority:0, 27f14ece-dda1-4864-b778-45133e24b62f|rpc:10.1.0.21:36089|priority:1, 91679173-921c-4654-9093-8f81413a9b3b|rpc:10.1.0.21:35857|priority:0], old=null
2022-02-15 23:30:05,259 [pool-102-thread-1] INFO  server.RaftServer$Division (RaftServerImpl.java:setRole(290)) - 91679173-921c-4654-9093-8f81413a9b3b@group-F43BA2CAE066: changes role from      null to FOLLOWER at term 0 for startAsFollower
2022-02-15 23:30:05,259 [pool-102-thread-1] INFO  impl.RoleInfo (RoleInfo.java:updateAndGet(130)) - 91679173-921c-4654-9093-8f81413a9b3b: start 91679173-921c-4654-9093-8f81413a9b3b@group-F43BA2CAE066-FollowerState
2022-02-15 23:30:05,259 [pool-102-thread-1] INFO  util.JmxRegister (JmxRegister.java:tryRegister(44)) - Successfully registered JMX Bean with object name Ratis:service=RaftServer,group=group-F43BA2CAE066,id=91679173-921c-4654-9093-8f81413a9b3b
2022-02-15 23:30:05,260 [Command processor thread] INFO  ratis.XceiverServerRatis (XceiverServerRatis.java:addGroup(769)) - Created group PipelineID=47b1ed7d-e7e5-47b1-a6fc-f43ba2cae066
2022-02-15 23:30:05,269 [grpc-default-executor-0] INFO  server.RaftServer (RaftServerProxy.java:addNew(95)) - 27f14ece-dda1-4864-b778-45133e24b62f: addNew group-F43BA2CAE066:[5c3f3ce4-7956-4080-8f67-16b58d57ac80|rpc:10.1.0.21:33859|dataStream:|priority:0, 27f14ece-dda1-4864-b778-45133e24b62f|rpc:10.1.0.21:36089|dataStream:|priority:1, 91679173-921c-4654-9093-8f81413a9b3b|rpc:10.1.0.21:35857|dataStream:|priority:0] returns group-F43BA2CAE066:java.util.concurrent.CompletableFuture@4c650d98[Not completed]
2022-02-15 23:30:05,270 [pool-123-thread-1] INFO  server.RaftServer$Division (RaftServerImpl.java:<init>(184)) - 27f14ece-dda1-4864-b778-45133e24b62f: new RaftServerImpl for group-F43BA2CAE066:[5c3f3ce4-7956-4080-8f67-16b58d57ac80|rpc:10.1.0.21:33859|dataStream:|priority:0, 27f14ece-dda1-4864-b778-45133e24b62f|rpc:10.1.0.21:36089|dataStream:|priority:1, 91679173-921c-4654-9093-8f81413a9b3b|rpc:10.1.0.21:35857|dataStream:|priority:0] with ContainerStateMachine:uninitialized
2022-02-15 23:30:05,270 [pool-123-thread-1] INFO  server.RaftServerConfigKeys (ConfUtils.java:logGet(44)) - raft.server.rpc.timeout.min = 5s (custom)
2022-02-15 23:30:05,271 [pool-123-thread-1] INFO  server.RaftServerConfigKeys (ConfUtils.java:logGet(44)) - raft.server.rpc.timeout.max = 5200ms (custom)
2022-02-15 23:30:05,271 [pool-123-thread-1] INFO  server.RaftServerConfigKeys (ConfUtils.java:logGet(44)) - raft.server.rpc.sleep.time = 25ms (default)
2022-02-15 23:30:05,271 [pool-123-thread-1] INFO  server.RaftServerConfigKeys (ConfUtils.java:logGet(44)) - raft.server.rpc.slowness.timeout = 300s (custom)
2022-02-15 23:30:05,271 [pool-123-thread-1] INFO  server.RaftServerConfigKeys (ConfUtils.java:logGet(44)) - raft.server.leaderelection.leader.step-down.wait-time = 10s (default)
2022-02-15 23:30:05,271 [pool-123-thread-1] INFO  server.RaftServerConfigKeys (ConfUtils.java:logGet(44)) - raft.server.sleep.deviation.threshold = 300ms (default)
2022-02-15 23:30:05,271 [pool-123-thread-1] INFO  server.RaftServerConfigKeys (ConfUtils.java:logGet(44)) - raft.server.log.appender.install.snapshot.enabled = false (custom)
2022-02-15 23:30:05,271 [pool-123-thread-1] INFO  server.RaftServer$Division (ServerState.java:<init>(105)) - 27f14ece-dda1-4864-b778-45133e24b62f@group-F43BA2CAE066: ConfigurationManager, init=-1: [5c3f3ce4-7956-4080-8f67-16b58d57ac80|rpc:10.1.0.21:33859|dataStream:|priority:0, 27f14ece-dda1-4864-b778-45133e24b62f|rpc:10.1.0.21:36089|dataStream:|priority:1, 91679173-921c-4654-9093-8f81413a9b3b|rpc:10.1.0.21:35857|dataStream:|priority:0], old=null, confs=<EMPTY_MAP>
2022-02-15 23:30:05,271 [pool-123-thread-1] INFO  server.RaftServerConfigKeys (ConfUtils.java:logGet(44)) - raft.server.storage.dir = [/home/runner/work/ozone/ozone/hadoop-ozone/integration-test/target/test-dir/MiniOzoneClusterImpl-527fe069-2b78-49eb-8835-8cb6d6ba75bf/datanode-1/data/ratis] (custom)
2022-02-15 23:30:05,271 [pool-123-thread-1] INFO  server.RaftServerConfigKeys (ConfUtils.java:logGet(44)) - raft.server.log.corruption.policy = EXCEPTION (default)
2022-02-15 23:30:05,271 [pool-123-thread-1] INFO  server.RaftServerConfigKeys (ConfUtils.java:logGet(44)) - raft.server.storage.free-space.min = 0MB (=0) (default)
2022-02-15 23:30:05,271 [pool-123-thread-1] INFO  storage.RaftStorageDirectory (RaftStorageDirectoryImpl.java:analyzeStorage(135)) - The storage directory /home/runner/work/ozone/ozone/hadoop-ozone/integration-test/target/test-dir/MiniOzoneClusterImpl-527fe069-2b78-49eb-8835-8cb6d6ba75bf/datanode-1/data/ratis/47b1ed7d-e7e5-47b1-a6fc-f43ba2cae066 does not exist. Creating ...
2022-02-15 23:30:05,276 [pool-123-thread-1] INFO  storage.RaftStorageDirectory (RaftStorageDirectoryImpl.java:tryLock(230)) - Lock on /home/runner/work/ozone/ozone/hadoop-ozone/integration-test/target/test-dir/MiniOzoneClusterImpl-527fe069-2b78-49eb-8835-8cb6d6ba75bf/datanode-1/data/ratis/47b1ed7d-e7e5-47b1-a6fc-f43ba2cae066/in_use.lock acquired by nodename 1385@fv-az297-531
2022-02-15 23:30:05,277 [pool-123-thread-1] INFO  storage.RaftStorage (RaftStorageImpl.java:format(89)) - Storage directory /home/runner/work/ozone/ozone/hadoop-ozone/integration-test/target/test-dir/MiniOzoneClusterImpl-527fe069-2b78-49eb-8835-8cb6d6ba75bf/datanode-1/data/ratis/47b1ed7d-e7e5-47b1-a6fc-f43ba2cae066 has been successfully formatted.
2022-02-15 23:30:05,277 [pool-123-thread-1] INFO  ratis.ContainerStateMachine (ContainerStateMachine.java:loadSnapshot(231)) - group-F43BA2CAE066: The snapshot info is null. Setting the last applied indexto:(t:0, i:~)
2022-02-15 23:30:05,278 [pool-123-thread-1] INFO  server.RaftServerConfigKeys (ConfUtils.java:logGet(44)) - raft.server.notification.no-leader.timeout = 300s (custom)
2022-02-15 23:30:05,278 [pool-123-thread-1] INFO  server.RaftServerConfigKeys (ConfUtils.java:logGet(44)) - raft.server.log.use.memory = false (default)
2022-02-15 23:30:05,279 [pool-123-thread-1] INFO  server.RaftServerConfigKeys (ConfUtils.java:logGet(44)) - raft.server.log.purge.gap = 1000000 (custom)
2022-02-15 23:30:05,279 [pool-123-thread-1] INFO  server.RaftServerConfigKeys (ConfUtils.java:logGet(44)) - raft.server.log.appender.buffer.byte-limit = 33554432 (custom)
2022-02-15 23:30:05,279 [pool-123-thread-1] INFO  server.RaftServerConfigKeys (ConfUtils.java:logGet(44)) - raft.server.log.segment.size.max = 1048576 (custom)
2022-02-15 23:30:05,280 [pool-123-thread-1] INFO  server.RaftServerConfigKeys (ConfUtils.java:logGet(44)) - raft.server.log.segment.cache.num.max = 2 (custom)
2022-02-15 23:30:05,280 [pool-123-thread-1] INFO  server.RaftServerConfigKeys (ConfUtils.java:logGet(44)) - raft.server.log.segment.cache.size.max = 200MB (=209715200) (default)
2022-02-15 23:30:05,280 [pool-123-thread-1] INFO  segmented.SegmentedRaftLogWorker (SegmentedRaftLogWorker.java:<init>(182)) - new 27f14ece-dda1-4864-b778-45133e24b62f@group-F43BA2CAE066-SegmentedRaftLogWorker for RaftStorageImpl:Storage Directory /home/runner/work/ozone/ozone/hadoop-ozone/integration-test/target/test-dir/MiniOzoneClusterImpl-527fe069-2b78-49eb-8835-8cb6d6ba75bf/datanode-1/data/ratis/47b1ed7d-e7e5-47b1-a6fc-f43ba2cae066
2022-02-15 23:30:05,280 [pool-123-thread-1] INFO  server.RaftServerConfigKeys (ConfUtils.java:logGet(44)) - raft.server.log.queue.byte-limit = 4294967296 (custom)
2022-02-15 23:30:05,280 [pool-123-thread-1] INFO  server.RaftServerConfigKeys (ConfUtils.java:logGet(44)) - raft.server.log.queue.element-limit = 1024 (custom)
2022-02-15 23:30:05,280 [pool-123-thread-1] INFO  server.RaftServerConfigKeys (ConfUtils.java:logGet(44)) - raft.server.log.segment.size.max = 1048576 (custom)
2022-02-15 23:30:05,280 [pool-123-thread-1] INFO  server.RaftServerConfigKeys (ConfUtils.java:logGet(44)) - raft.server.log.preallocated.size = 16384 (custom)
2022-02-15 23:30:05,280 [pool-123-thread-1] INFO  server.RaftServerConfigKeys (ConfUtils.java:logGet(44)) - raft.server.log.force.sync.num = 128 (default)
2022-02-15 23:30:05,280 [pool-123-thread-1] INFO  server.RaftServerConfigKeys (ConfUtils.java:logGet(44)) - raft.server.log.statemachine.data.sync = true (default)
2022-02-15 23:30:05,280 [pool-123-thread-1] INFO  server.RaftServerConfigKeys (ConfUtils.java:logGet(44)) - raft.server.log.statemachine.data.sync.timeout = 10s (default)
2022-02-15 23:30:05,280 [pool-123-thread-1] INFO  server.RaftServerConfigKeys (ConfUtils.java:logGet(44)) - raft.server.log.statemachine.data.sync.timeout.retry = -1 (default)
2022-02-15 23:30:05,282 [pool-123-thread-1] INFO  server.RaftServerConfigKeys (ConfUtils.java:logGet(44)) - raft.server.log.write.buffer.size = 1048576 (custom)
2022-02-15 23:30:05,283 [pool-123-thread-1] INFO  server.RaftServerConfigKeys (ConfUtils.java:logGet(44)) - raft.server.log.statemachine.data.caching.enabled = true (custom)
2022-02-15 23:30:05,283 [pool-123-thread-1] INFO  segmented.SegmentedRaftLogWorker (SegmentedRaftLogWorker.java:lambda$new$0(133)) - 27f14ece-dda1-4864-b778-45133e24b62f@group-F43BA2CAE066-SegmentedRaftLogWorker: flushIndex: setUnconditionally 0 -> -1
2022-02-15 23:30:05,283 [pool-123-thread-1] INFO  segmented.SegmentedRaftLogWorker (SegmentedRaftLogWorker.java:lambda$new$0(133)) - 27f14ece-dda1-4864-b778-45133e24b62f@group-F43BA2CAE066-SegmentedRaftLogWorker: safeCacheEvictIndex: setUnconditionally 0 -> -1
2022-02-15 23:30:05,285 [pool-123-thread-1] INFO  server.RaftServerConfigKeys (ConfUtils.java:logGet(44)) - raft.server.snapshot.auto.trigger.enabled = true (custom)
2022-02-15 23:30:05,285 [pool-123-thread-1] INFO  server.RaftServerConfigKeys (ConfUtils.java:logGet(44)) - raft.server.snapshot.auto.trigger.threshold = 10000 (custom)
2022-02-15 23:30:05,285 [pool-123-thread-1] INFO  server.RaftServerConfigKeys (ConfUtils.java:logGet(44)) - raft.server.snapshot.retention.file.num = 5 (custom)
2022-02-15 23:30:05,285 [pool-123-thread-1] INFO  server.RaftServerConfigKeys (ConfUtils.java:logGet(44)) - raft.server.log.purge.upto.snapshot.index = false (default)
2022-02-15 23:30:05,285 [pool-123-thread-1] INFO  server.RaftServerConfigKeys (ConfUtils.java:logGet(44)) - raft.server.retrycache.expirytime = 600000ms (custom)
2022-02-15 23:30:05,285 [pool-123-thread-1] INFO  server.RaftServerConfigKeys (ConfUtils.java:logGet(44)) - raft.server.retrycache.statistics.expirytime = 100μs (default)
2022-02-15 23:30:05,286 [pool-123-thread-1] INFO  server.RaftServer$Division (RaftServerImpl.java:start(301)) - 27f14ece-dda1-4864-b778-45133e24b62f@group-F43BA2CAE066: start as a follower, conf=-1: [5c3f3ce4-7956-4080-8f67-16b58d57ac80|rpc:10.1.0.21:33859|dataStream:|priority:0, 27f14ece-dda1-4864-b778-45133e24b62f|rpc:10.1.0.21:36089|dataStream:|priority:1, 91679173-921c-4654-9093-8f81413a9b3b|rpc:10.1.0.21:35857|dataStream:|priority:0], old=null
2022-02-15 23:30:05,286 [pool-123-thread-1] INFO  server.RaftServer$Division (RaftServerImpl.java:setRole(290)) - 27f14ece-dda1-4864-b778-45133e24b62f@group-F43BA2CAE066: changes role from      null to FOLLOWER at term 0 for startAsFollower
2022-02-15 23:30:05,286 [pool-123-thread-1] INFO  impl.RoleInfo (RoleInfo.java:updateAndGet(130)) - 27f14ece-dda1-4864-b778-45133e24b62f: start 27f14ece-dda1-4864-b778-45133e24b62f@group-F43BA2CAE066-FollowerState
2022-02-15 23:30:05,287 [pool-123-thread-1] INFO  util.JmxRegister (JmxRegister.java:tryRegister(44)) - Successfully registered JMX Bean with object name Ratis:service=RaftServer,group=group-F43BA2CAE066,id=27f14ece-dda1-4864-b778-45133e24b62f
2022-02-15 23:30:05,304 [grpc-default-executor-0] INFO  server.RaftServer (RaftServerProxy.java:addNew(95)) - 5c3f3ce4-7956-4080-8f67-16b58d57ac80: addNew group-F43BA2CAE066:[5c3f3ce4-7956-4080-8f67-16b58d57ac80|rpc:10.1.0.21:33859|dataStream:|priority:0, 27f14ece-dda1-4864-b778-45133e24b62f|rpc:10.1.0.21:36089|dataStream:|priority:1, 91679173-921c-4654-9093-8f81413a9b3b|rpc:10.1.0.21:35857|dataStream:|priority:0] returns group-F43BA2CAE066:java.util.concurrent.CompletableFuture@7cda331f[Not completed]
2022-02-15 23:30:05,306 [pool-144-thread-1] INFO  server.RaftServer$Division (RaftServerImpl.java:<init>(184)) - 5c3f3ce4-7956-4080-8f67-16b58d57ac80: new RaftServerImpl for group-F43BA2CAE066:[5c3f3ce4-7956-4080-8f67-16b58d57ac80|rpc:10.1.0.21:33859|dataStream:|priority:0, 27f14ece-dda1-4864-b778-45133e24b62f|rpc:10.1.0.21:36089|dataStream:|priority:1, 91679173-921c-4654-9093-8f81413a9b3b|rpc:10.1.0.21:35857|dataStream:|priority:0] with ContainerStateMachine:uninitialized
2022-02-15 23:30:05,306 [pool-144-thread-1] INFO  server.RaftServerConfigKeys (ConfUtils.java:logGet(44)) - raft.server.rpc.timeout.min = 5s (custom)
2022-02-15 23:30:05,306 [pool-144-thread-1] INFO  server.RaftServerConfigKeys (ConfUtils.java:logGet(44)) - raft.server.rpc.timeout.max = 5200ms (custom)
2022-02-15 23:30:05,306 [pool-144-thread-1] INFO  server.RaftServerConfigKeys (ConfUtils.java:logGet(44)) - raft.server.rpc.sleep.time = 25ms (default)
2022-02-15 23:30:05,306 [pool-144-thread-1] INFO  server.RaftServerConfigKeys (ConfUtils.java:logGet(44)) - raft.server.rpc.slowness.timeout = 300s (custom)
2022-02-15 23:30:05,306 [pool-144-thread-1] INFO  server.RaftServerConfigKeys (ConfUtils.java:logGet(44)) - raft.server.leaderelection.leader.step-down.wait-time = 10s (default)
2022-02-15 23:30:05,306 [pool-144-thread-1] INFO  server.RaftServerConfigKeys (ConfUtils.java:logGet(44)) - raft.server.sleep.deviation.threshold = 300ms (default)
2022-02-15 23:30:05,306 [pool-144-thread-1] INFO  server.RaftServerConfigKeys (ConfUtils.java:logGet(44)) - raft.server.log.appender.install.snapshot.enabled = false (custom)
2022-02-15 23:30:05,306 [pool-144-thread-1] INFO  server.RaftServer$Division (ServerState.java:<init>(105)) - 5c3f3ce4-7956-4080-8f67-16b58d57ac80@group-F43BA2CAE066: ConfigurationManager, init=-1: [5c3f3ce4-7956-4080-8f67-16b58d57ac80|rpc:10.1.0.21:33859|dataStream:|priority:0, 27f14ece-dda1-4864-b778-45133e24b62f|rpc:10.1.0.21:36089|dataStream:|priority:1, 91679173-921c-4654-9093-8f81413a9b3b|rpc:10.1.0.21:35857|dataStream:|priority:0], old=null, confs=<EMPTY_MAP>
2022-02-15 23:30:05,306 [pool-144-thread-1] INFO  server.RaftServerConfigKeys (ConfUtils.java:logGet(44)) - raft.server.storage.dir = [/home/runner/work/ozone/ozone/hadoop-ozone/integration-test/target/test-dir/MiniOzoneClusterImpl-527fe069-2b78-49eb-8835-8cb6d6ba75bf/datanode-2/data/ratis] (custom)
2022-02-15 23:30:05,306 [pool-144-thread-1] INFO  server.RaftServerConfigKeys (ConfUtils.java:logGet(44)) - raft.server.log.corruption.policy = EXCEPTION (default)
2022-02-15 23:30:05,307 [pool-144-thread-1] INFO  server.RaftServerConfigKeys (ConfUtils.java:logGet(44)) - raft.server.storage.free-space.min = 0MB (=0) (default)
2022-02-15 23:30:05,307 [pool-144-thread-1] INFO  storage.RaftStorageDirectory (RaftStorageDirectoryImpl.java:analyzeStorage(135)) - The storage directory /home/runner/work/ozone/ozone/hadoop-ozone/integration-test/target/test-dir/MiniOzoneClusterImpl-527fe069-2b78-49eb-8835-8cb6d6ba75bf/datanode-2/data/ratis/47b1ed7d-e7e5-47b1-a6fc-f43ba2cae066 does not exist. Creating ...
2022-02-15 23:30:05,308 [pool-144-thread-1] INFO  storage.RaftStorageDirectory (RaftStorageDirectoryImpl.java:tryLock(230)) - Lock on /home/runner/work/ozone/ozone/hadoop-ozone/integration-test/target/test-dir/MiniOzoneClusterImpl-527fe069-2b78-49eb-8835-8cb6d6ba75bf/datanode-2/data/ratis/47b1ed7d-e7e5-47b1-a6fc-f43ba2cae066/in_use.lock acquired by nodename 1385@fv-az297-531
2022-02-15 23:30:05,311 [pool-144-thread-1] INFO  storage.RaftStorage (RaftStorageImpl.java:format(89)) - Storage directory /home/runner/work/ozone/ozone/hadoop-ozone/integration-test/target/test-dir/MiniOzoneClusterImpl-527fe069-2b78-49eb-8835-8cb6d6ba75bf/datanode-2/data/ratis/47b1ed7d-e7e5-47b1-a6fc-f43ba2cae066 has been successfully formatted.
2022-02-15 23:30:05,312 [pool-144-thread-1] INFO  ratis.ContainerStateMachine (ContainerStateMachine.java:loadSnapshot(231)) - group-F43BA2CAE066: The snapshot info is null. Setting the last applied indexto:(t:0, i:~)
2022-02-15 23:30:05,312 [pool-144-thread-1] INFO  server.RaftServerConfigKeys (ConfUtils.java:logGet(44)) - raft.server.notification.no-leader.timeout = 300s (custom)
2022-02-15 23:30:05,312 [pool-144-thread-1] INFO  server.RaftServerConfigKeys (ConfUtils.java:logGet(44)) - raft.server.log.use.memory = false (default)
2022-02-15 23:30:05,315 [pool-144-thread-1] INFO  server.RaftServerConfigKeys (ConfUtils.java:logGet(44)) - raft.server.log.purge.gap = 1000000 (custom)
2022-02-15 23:30:05,316 [pool-144-thread-1] INFO  server.RaftServerConfigKeys (ConfUtils.java:logGet(44)) - raft.server.log.appender.buffer.byte-limit = 33554432 (custom)
2022-02-15 23:30:05,316 [pool-144-thread-1] INFO  server.RaftServerConfigKeys (ConfUtils.java:logGet(44)) - raft.server.log.segment.size.max = 1048576 (custom)
2022-02-15 23:30:05,316 [pool-144-thread-1] INFO  server.RaftServerConfigKeys (ConfUtils.java:logGet(44)) - raft.server.log.segment.cache.num.max = 2 (custom)
2022-02-15 23:30:05,316 [pool-144-thread-1] INFO  server.RaftServerConfigKeys (ConfUtils.java:logGet(44)) - raft.server.log.segment.cache.size.max = 200MB (=209715200) (default)
2022-02-15 23:30:05,316 [pool-144-thread-1] INFO  segmented.SegmentedRaftLogWorker (SegmentedRaftLogWorker.java:<init>(182)) - new 5c3f3ce4-7956-4080-8f67-16b58d57ac80@group-F43BA2CAE066-SegmentedRaftLogWorker for RaftStorageImpl:Storage Directory /home/runner/work/ozone/ozone/hadoop-ozone/integration-test/target/test-dir/MiniOzoneClusterImpl-527fe069-2b78-49eb-8835-8cb6d6ba75bf/datanode-2/data/ratis/47b1ed7d-e7e5-47b1-a6fc-f43ba2cae066
2022-02-15 23:30:05,316 [pool-144-thread-1] INFO  server.RaftServerConfigKeys (ConfUtils.java:logGet(44)) - raft.server.log.queue.byte-limit = 4294967296 (custom)
2022-02-15 23:30:05,316 [pool-144-thread-1] INFO  server.RaftServerConfigKeys (ConfUtils.java:logGet(44)) - raft.server.log.queue.element-limit = 1024 (custom)
2022-02-15 23:30:05,316 [pool-144-thread-1] INFO  server.RaftServerConfigKeys (ConfUtils.java:logGet(44)) - raft.server.log.segment.size.max = 1048576 (custom)
2022-02-15 23:30:05,317 [pool-144-thread-1] INFO  server.RaftServerConfigKeys (ConfUtils.java:logGet(44)) - raft.server.log.preallocated.size = 16384 (custom)
2022-02-15 23:30:05,317 [pool-144-thread-1] INFO  server.RaftServerConfigKeys (ConfUtils.java:logGet(44)) - raft.server.log.force.sync.num = 128 (default)
2022-02-15 23:30:05,317 [pool-144-thread-1] INFO  server.RaftServerConfigKeys (ConfUtils.java:logGet(44)) - raft.server.log.statemachine.data.sync = true (default)
2022-02-15 23:30:05,317 [pool-144-thread-1] INFO  server.RaftServerConfigKeys (ConfUtils.java:logGet(44)) - raft.server.log.statemachine.data.sync.timeout = 10s (default)
2022-02-15 23:30:05,317 [pool-144-thread-1] INFO  server.RaftServerConfigKeys (ConfUtils.java:logGet(44)) - raft.server.log.statemachine.data.sync.timeout.retry = -1 (default)
2022-02-15 23:30:05,318 [pool-144-thread-1] INFO  server.RaftServerConfigKeys (ConfUtils.java:logGet(44)) - raft.server.log.write.buffer.size = 1048576 (custom)
2022-02-15 23:30:05,318 [pool-144-thread-1] INFO  server.RaftServerConfigKeys (ConfUtils.java:logGet(44)) - raft.server.log.statemachine.data.caching.enabled = true (custom)
2022-02-15 23:30:05,318 [pool-144-thread-1] INFO  segmented.SegmentedRaftLogWorker (SegmentedRaftLogWorker.java:lambda$new$0(133)) - 5c3f3ce4-7956-4080-8f67-16b58d57ac80@group-F43BA2CAE066-SegmentedRaftLogWorker: flushIndex: setUnconditionally 0 -> -1
2022-02-15 23:30:05,318 [pool-144-thread-1] INFO  segmented.SegmentedRaftLogWorker (SegmentedRaftLogWorker.java:lambda$new$0(133)) - 5c3f3ce4-7956-4080-8f67-16b58d57ac80@group-F43BA2CAE066-SegmentedRaftLogWorker: safeCacheEvictIndex: setUnconditionally 0 -> -1
2022-02-15 23:30:05,318 [pool-144-thread-1] INFO  server.RaftServerConfigKeys (ConfUtils.java:logGet(44)) - raft.server.snapshot.auto.trigger.enabled = true (custom)
2022-02-15 23:30:05,318 [pool-144-thread-1] INFO  server.RaftServerConfigKeys (ConfUtils.java:logGet(44)) - raft.server.snapshot.auto.trigger.threshold = 10000 (custom)
2022-02-15 23:30:05,318 [pool-144-thread-1] INFO  server.RaftServerConfigKeys (ConfUtils.java:logGet(44)) - raft.server.snapshot.retention.file.num = 5 (custom)
2022-02-15 23:30:05,318 [pool-144-thread-1] INFO  server.RaftServerConfigKeys (ConfUtils.java:logGet(44)) - raft.server.log.purge.upto.snapshot.index = false (default)
2022-02-15 23:30:05,318 [pool-144-thread-1] INFO  server.RaftServerConfigKeys (ConfUtils.java:logGet(44)) - raft.server.retrycache.expirytime = 600000ms (custom)
2022-02-15 23:30:05,318 [pool-144-thread-1] INFO  server.RaftServerConfigKeys (ConfUtils.java:logGet(44)) - raft.server.retrycache.statistics.expirytime = 100μs (default)
2022-02-15 23:30:05,319 [pool-144-thread-1] INFO  server.RaftServer$Division (RaftServerImpl.java:start(301)) - 5c3f3ce4-7956-4080-8f67-16b58d57ac80@group-F43BA2CAE066: start as a follower, conf=-1: [5c3f3ce4-7956-4080-8f67-16b58d57ac80|rpc:10.1.0.21:33859|dataStream:|priority:0, 27f14ece-dda1-4864-b778-45133e24b62f|rpc:10.1.0.21:36089|dataStream:|priority:1, 91679173-921c-4654-9093-8f81413a9b3b|rpc:10.1.0.21:35857|dataStream:|priority:0], old=null
2022-02-15 23:30:05,319 [pool-144-thread-1] INFO  server.RaftServer$Division (RaftServerImpl.java:setRole(290)) - 5c3f3ce4-7956-4080-8f67-16b58d57ac80@group-F43BA2CAE066: changes role from      null to FOLLOWER at term 0 for startAsFollower
2022-02-15 23:30:05,320 [pool-144-thread-1] INFO  impl.RoleInfo (RoleInfo.java:updateAndGet(130)) - 5c3f3ce4-7956-4080-8f67-16b58d57ac80: start 5c3f3ce4-7956-4080-8f67-16b58d57ac80@group-F43BA2CAE066-FollowerState
2022-02-15 23:30:05,320 [pool-144-thread-1] INFO  util.JmxRegister (JmxRegister.java:tryRegister(44)) - Successfully registered JMX Bean with object name Ratis:service=RaftServer,group=group-F43BA2CAE066,id=5c3f3ce4-7956-4080-8f67-16b58d57ac80
2022-02-15 23:30:05,331 [Command processor thread] INFO  commandhandler.CreatePipelineCommandHandler (CreatePipelineCommandHandler.java:handle(106)) - Created Pipeline RATIS THREE PipelineID=47b1ed7d-e7e5-47b1-a6fc-f43ba2cae066.
2022-02-15 23:30:05,364 [Command processor thread] INFO  server.RaftServer (RaftServerProxy.java:addNew(95)) - 27f14ece-dda1-4864-b778-45133e24b62f: addNew group-9F898AFB1AB9:[27f14ece-dda1-4864-b778-45133e24b62f|rpc:10.1.0.21:36089|priority:1] returns group-9F898AFB1AB9:java.util.concurrent.CompletableFuture@25eb41e3[Not completed]
2022-02-15 23:30:05,366 [pool-123-thread-1] INFO  server.RaftServer$Division (RaftServerImpl.java:<init>(184)) - 27f14ece-dda1-4864-b778-45133e24b62f: new RaftServerImpl for group-9F898AFB1AB9:[27f14ece-dda1-4864-b778-45133e24b62f|rpc:10.1.0.21:36089|priority:1] with ContainerStateMachine:uninitialized
2022-02-15 23:30:05,366 [pool-123-thread-1] INFO  server.RaftServerConfigKeys (ConfUtils.java:logGet(44)) - raft.server.rpc.timeout.min = 5s (custom)
2022-02-15 23:30:05,366 [pool-123-thread-1] INFO  server.RaftServerConfigKeys (ConfUtils.java:logGet(44)) - raft.server.rpc.timeout.max = 5200ms (custom)
2022-02-15 23:30:05,366 [pool-123-thread-1] INFO  server.RaftServerConfigKeys (ConfUtils.java:logGet(44)) - raft.server.rpc.sleep.time = 25ms (default)
2022-02-15 23:30:05,366 [pool-123-thread-1] INFO  server.RaftServerConfigKeys (ConfUtils.java:logGet(44)) - raft.server.rpc.slowness.timeout = 300s (custom)
2022-02-15 23:30:05,366 [pool-123-thread-1] INFO  server.RaftServerConfigKeys (ConfUtils.java:logGet(44)) - raft.server.leaderelection.leader.step-down.wait-time = 10s (default)
2022-02-15 23:30:05,366 [pool-123-thread-1] INFO  server.RaftServerConfigKeys (ConfUtils.java:logGet(44)) - raft.server.sleep.deviation.threshold = 300ms (default)
2022-02-15 23:30:05,366 [pool-123-thread-1] INFO  server.RaftServerConfigKeys (ConfUtils.java:logGet(44)) - raft.server.log.appender.install.snapshot.enabled = false (custom)
2022-02-15 23:30:05,366 [pool-123-thread-1] INFO  server.RaftServer$Division (ServerState.java:<init>(105)) - 27f14ece-dda1-4864-b778-45133e24b62f@group-9F898AFB1AB9: ConfigurationManager, init=-1: [27f14ece-dda1-4864-b778-45133e24b62f|rpc:10.1.0.21:36089|priority:1], old=null, confs=<EMPTY_MAP>
2022-02-15 23:30:05,366 [pool-123-thread-1] INFO  server.RaftServerConfigKeys (ConfUtils.java:logGet(44)) - raft.server.storage.dir = [/home/runner/work/ozone/ozone/hadoop-ozone/integration-test/target/test-dir/MiniOzoneClusterImpl-527fe069-2b78-49eb-8835-8cb6d6ba75bf/datanode-1/data/ratis] (custom)
2022-02-15 23:30:05,367 [pool-123-thread-1] INFO  server.RaftServerConfigKeys (ConfUtils.java:logGet(44)) - raft.server.log.corruption.policy = EXCEPTION (default)
2022-02-15 23:30:05,367 [pool-123-thread-1] INFO  server.RaftServerConfigKeys (ConfUtils.java:logGet(44)) - raft.server.storage.free-space.min = 0MB (=0) (default)
2022-02-15 23:30:05,367 [pool-123-thread-1] INFO  storage.RaftStorageDirectory (RaftStorageDirectoryImpl.java:analyzeStorage(135)) - The storage directory /home/runner/work/ozone/ozone/hadoop-ozone/integration-test/target/test-dir/MiniOzoneClusterImpl-527fe069-2b78-49eb-8835-8cb6d6ba75bf/datanode-1/data/ratis/1c26c6a6-72bb-454c-a9b4-9f898afb1ab9 does not exist. Creating ...
2022-02-15 23:30:05,368 [pool-123-thread-1] INFO  storage.RaftStorageDirectory (RaftStorageDirectoryImpl.java:tryLock(230)) - Lock on /home/runner/work/ozone/ozone/hadoop-ozone/integration-test/target/test-dir/MiniOzoneClusterImpl-527fe069-2b78-49eb-8835-8cb6d6ba75bf/datanode-1/data/ratis/1c26c6a6-72bb-454c-a9b4-9f898afb1ab9/in_use.lock acquired by nodename 1385@fv-az297-531
2022-02-15 23:30:05,369 [pool-123-thread-1] INFO  storage.RaftStorage (RaftStorageImpl.java:format(89)) - Storage directory /home/runner/work/ozone/ozone/hadoop-ozone/integration-test/target/test-dir/MiniOzoneClusterImpl-527fe069-2b78-49eb-8835-8cb6d6ba75bf/datanode-1/data/ratis/1c26c6a6-72bb-454c-a9b4-9f898afb1ab9 has been successfully formatted.
2022-02-15 23:30:05,371 [pool-123-thread-1] INFO  ratis.ContainerStateMachine (ContainerStateMachine.java:loadSnapshot(231)) - group-9F898AFB1AB9: The snapshot info is null. Setting the last applied indexto:(t:0, i:~)
2022-02-15 23:30:05,372 [pool-123-thread-1] INFO  server.RaftServerConfigKeys (ConfUtils.java:logGet(44)) - raft.server.notification.no-leader.timeout = 300s (custom)
2022-02-15 23:30:05,372 [pool-123-thread-1] INFO  server.RaftServerConfigKeys (ConfUtils.java:logGet(44)) - raft.server.log.use.memory = false (default)
2022-02-15 23:30:05,372 [pool-123-thread-1] INFO  server.RaftServerConfigKeys (ConfUtils.java:logGet(44)) - raft.server.log.purge.gap = 1000000 (custom)
2022-02-15 23:30:05,372 [pool-123-thread-1] INFO  server.RaftServerConfigKeys (ConfUtils.java:logGet(44)) - raft.server.log.appender.buffer.byte-limit = 33554432 (custom)
2022-02-15 23:30:05,372 [EventQueue-PipelineReportForPipelineReportHandler] INFO  pipeline.PipelineManagerImpl (PipelineManagerImpl.java:openPipeline(291)) - Pipeline Pipeline[ Id: 1c26c6a6-72bb-454c-a9b4-9f898afb1ab9, Nodes: 27f14ece-dda1-4864-b778-45133e24b62f{ip: 10.1.0.21, host: fv-az297-531.nmf1rxwemy4u5di1sxxf4ejcwb.jx.internal.cloudapp.net, ports: [REPLICATION=42173, RATIS=36089, RATIS_ADMIN=36089, RATIS_SERVER=36089, STANDALONE=42791], networkLocation: /default-rack, certSerialId: null, persistedOpState: IN_SERVICE, persistedOpStateExpiryEpochSec: 0}, ReplicationConfig: RATIS/ONE, State:ALLOCATED, leaderId:27f14ece-dda1-4864-b778-45133e24b62f, CreationTimestamp2022-02-15T23:30:02.370Z[Etc/UTC]] moved to OPEN state
2022-02-15 23:30:05,378 [pool-123-thread-1] INFO  server.RaftServerConfigKeys (ConfUtils.java:logGet(44)) - raft.server.log.segment.size.max = 1048576 (custom)
2022-02-15 23:30:05,379 [41f0e2a1-74af-4a99-b882-aaa35b27024d@group-8CB6D6BA75BF-StateMachineUpdater] INFO  safemode.HealthyPipelineSafeModeRule (HealthyPipelineSafeModeRule.java:initializeRule(152)) - Refreshed total pipeline count is 0, healthy pipeline threshold count is 1
2022-02-15 23:30:05,379 [pool-123-thread-1] INFO  server.RaftServerConfigKeys (ConfUtils.java:logGet(44)) - raft.server.log.segment.cache.num.max = 2 (custom)
2022-02-15 23:30:05,388 [EventQueue-OpenPipelineForHealthyPipelineSafeModeRule] INFO  safemode.SCMSafeModeManager (HealthyPipelineSafeModeRule.java:process(124)) - SCM in safe mode. Healthy pipelines reported count is 0, required healthy pipeline reported count is 1
2022-02-15 23:30:05,389 [pool-123-thread-1] INFO  server.RaftServerConfigKeys (ConfUtils.java:logGet(44)) - raft.server.log.segment.cache.size.max = 200MB (=209715200) (default)
2022-02-15 23:30:05,389 [pool-123-thread-1] INFO  segmented.SegmentedRaftLogWorker (SegmentedRaftLogWorker.java:<init>(182)) - new 27f14ece-dda1-4864-b778-45133e24b62f@group-9F898AFB1AB9-SegmentedRaftLogWorker for RaftStorageImpl:Storage Directory /home/runner/work/ozone/ozone/hadoop-ozone/integration-test/target/test-dir/MiniOzoneClusterImpl-527fe069-2b78-49eb-8835-8cb6d6ba75bf/datanode-1/data/ratis/1c26c6a6-72bb-454c-a9b4-9f898afb1ab9
2022-02-15 23:30:05,389 [pool-123-thread-1] INFO  server.RaftServerConfigKeys (ConfUtils.java:logGet(44)) - raft.server.log.queue.byte-limit = 4294967296 (custom)
2022-02-15 23:30:05,389 [pool-123-thread-1] INFO  server.RaftServerConfigKeys (ConfUtils.java:logGet(44)) - raft.server.log.queue.element-limit = 1024 (custom)
2022-02-15 23:30:05,389 [pool-123-thread-1] INFO  server.RaftServerConfigKeys (ConfUtils.java:logGet(44)) - raft.server.log.segment.size.max = 1048576 (custom)
2022-02-15 23:30:05,389 [pool-123-thread-1] INFO  server.RaftServerConfigKeys (ConfUtils.java:logGet(44)) - raft.server.log.preallocated.size = 16384 (custom)
2022-02-15 23:30:05,389 [pool-123-thread-1] INFO  server.RaftServerConfigKeys (ConfUtils.java:logGet(44)) - raft.server.log.force.sync.num = 128 (default)
2022-02-15 23:30:05,389 [pool-123-thread-1] INFO  server.RaftServerConfigKeys (ConfUtils.java:logGet(44)) - raft.server.log.statemachine.data.sync = true (default)
2022-02-15 23:30:05,389 [pool-123-thread-1] INFO  server.RaftServerConfigKeys (ConfUtils.java:logGet(44)) - raft.server.log.statemachine.data.sync.timeout = 10s (default)
2022-02-15 23:30:05,389 [pool-123-thread-1] INFO  server.RaftServerConfigKeys (ConfUtils.java:logGet(44)) - raft.server.log.statemachine.data.sync.timeout.retry = -1 (default)
2022-02-15 23:30:05,392 [pool-123-thread-1] INFO  server.RaftServerConfigKeys (ConfUtils.java:logGet(44)) - raft.server.log.write.buffer.size = 1048576 (custom)
2022-02-15 23:30:05,393 [pool-123-thread-1] INFO  server.RaftServerConfigKeys (ConfUtils.java:logGet(44)) - raft.server.log.statemachine.data.caching.enabled = true (custom)
2022-02-15 23:30:05,393 [pool-123-thread-1] INFO  segmented.SegmentedRaftLogWorker (SegmentedRaftLogWorker.java:lambda$new$0(133)) - 27f14ece-dda1-4864-b778-45133e24b62f@group-9F898AFB1AB9-SegmentedRaftLogWorker: flushIndex: setUnconditionally 0 -> -1
2022-02-15 23:30:05,393 [pool-123-thread-1] INFO  segmented.SegmentedRaftLogWorker (SegmentedRaftLogWorker.java:lambda$new$0(133)) - 27f14ece-dda1-4864-b778-45133e24b62f@group-9F898AFB1AB9-SegmentedRaftLogWorker: safeCacheEvictIndex: setUnconditionally 0 -> -1
2022-02-15 23:30:05,395 [pool-123-thread-1] INFO  server.RaftServerConfigKeys (ConfUtils.java:logGet(44)) - raft.server.snapshot.auto.trigger.enabled = true (custom)
2022-02-15 23:30:05,395 [pool-123-thread-1] INFO  server.RaftServerConfigKeys (ConfUtils.java:logGet(44)) - raft.server.snapshot.auto.trigger.threshold = 10000 (custom)
2022-02-15 23:30:05,395 [pool-123-thread-1] INFO  server.RaftServerConfigKeys (ConfUtils.java:logGet(44)) - raft.server.snapshot.retention.file.num = 5 (custom)
2022-02-15 23:30:05,395 [pool-123-thread-1] INFO  server.RaftServerConfigKeys (ConfUtils.java:logGet(44)) - raft.server.log.purge.upto.snapshot.index = false (default)
2022-02-15 23:30:05,395 [pool-123-thread-1] INFO  server.RaftServerConfigKeys (ConfUtils.java:logGet(44)) - raft.server.retrycache.expirytime = 600000ms (custom)
2022-02-15 23:30:05,396 [pool-123-thread-1] INFO  server.RaftServerConfigKeys (ConfUtils.java:logGet(44)) - raft.server.retrycache.statistics.expirytime = 100μs (default)
2022-02-15 23:30:05,396 [pool-123-thread-1] INFO  server.RaftServer$Division (RaftServerImpl.java:start(301)) - 27f14ece-dda1-4864-b778-45133e24b62f@group-9F898AFB1AB9: start as a follower, conf=-1: [27f14ece-dda1-4864-b778-45133e24b62f|rpc:10.1.0.21:36089|priority:1], old=null
2022-02-15 23:30:05,397 [pool-123-thread-1] INFO  server.RaftServer$Division (RaftServerImpl.java:setRole(290)) - 27f14ece-dda1-4864-b778-45133e24b62f@group-9F898AFB1AB9: changes role from      null to FOLLOWER at term 0 for startAsFollower
2022-02-15 23:30:05,397 [pool-123-thread-1] INFO  impl.RoleInfo (RoleInfo.java:updateAndGet(130)) - 27f14ece-dda1-4864-b778-45133e24b62f: start 27f14ece-dda1-4864-b778-45133e24b62f@group-9F898AFB1AB9-FollowerState
2022-02-15 23:30:05,398 [pool-123-thread-1] INFO  util.JmxRegister (JmxRegister.java:tryRegister(44)) - Successfully registered JMX Bean with object name Ratis:service=RaftServer,group=group-9F898AFB1AB9,id=27f14ece-dda1-4864-b778-45133e24b62f
2022-02-15 23:30:05,399 [Command processor thread] INFO  ratis.XceiverServerRatis (XceiverServerRatis.java:addGroup(769)) - Created group PipelineID=1c26c6a6-72bb-454c-a9b4-9f898afb1ab9
2022-02-15 23:30:05,399 [Command processor thread] INFO  commandhandler.CreatePipelineCommandHandler (CreatePipelineCommandHandler.java:handle(106)) - Created Pipeline RATIS ONE PipelineID=1c26c6a6-72bb-454c-a9b4-9f898afb1ab9.
2022-02-15 23:30:05,659 [Listener at 127.0.0.1/33593] INFO  ozone.MiniOzoneClusterImpl (MiniOzoneClusterImpl.java:lambda$waitForClusterToBeReady$0(219)) - Nodes are ready. Got 3 of 3 DN Heartbeats.
2022-02-15 23:30:05,659 [Listener at 127.0.0.1/33593] INFO  ozone.MiniOzoneClusterImpl (MiniOzoneClusterImpl.java:lambda$waitForClusterToBeReady$0(222)) - Waiting for cluster to exit safe mode
2022-02-15 23:30:05,659 [Listener at 127.0.0.1/33593] INFO  ozone.MiniOzoneClusterImpl (MiniOzoneClusterImpl.java:lambda$waitForClusterToBeReady$0(224)) - SCM became leader
2022-02-15 23:30:05,660 [Command processor thread] INFO  server.RaftServer (RaftServerProxy.java:addNew(95)) - 5c3f3ce4-7956-4080-8f67-16b58d57ac80: addNew group-6DFD48E94718:[5c3f3ce4-7956-4080-8f67-16b58d57ac80|rpc:10.1.0.21:33859|priority:1] returns group-6DFD48E94718:java.util.concurrent.CompletableFuture@7c4a039e[Not completed]
2022-02-15 23:30:05,661 [pool-144-thread-1] INFO  server.RaftServer$Division (RaftServerImpl.java:<init>(184)) - 5c3f3ce4-7956-4080-8f67-16b58d57ac80: new RaftServerImpl for group-6DFD48E94718:[5c3f3ce4-7956-4080-8f67-16b58d57ac80|rpc:10.1.0.21:33859|priority:1] with ContainerStateMachine:uninitialized
2022-02-15 23:30:05,662 [pool-144-thread-1] INFO  server.RaftServerConfigKeys (ConfUtils.java:logGet(44)) - raft.server.rpc.timeout.min = 5s (custom)
2022-02-15 23:30:05,662 [pool-144-thread-1] INFO  server.RaftServerConfigKeys (ConfUtils.java:logGet(44)) - raft.server.rpc.timeout.max = 5200ms (custom)
2022-02-15 23:30:05,662 [pool-144-thread-1] INFO  server.RaftServerConfigKeys (ConfUtils.java:logGet(44)) - raft.server.rpc.sleep.time = 25ms (default)
2022-02-15 23:30:05,662 [pool-144-thread-1] INFO  server.RaftServerConfigKeys (ConfUtils.java:logGet(44)) - raft.server.rpc.slowness.timeout = 300s (custom)
2022-02-15 23:30:05,662 [pool-144-thread-1] INFO  server.RaftServerConfigKeys (ConfUtils.java:logGet(44)) - raft.server.leaderelection.leader.step-down.wait-time = 10s (default)
2022-02-15 23:30:05,662 [pool-144-thread-1] INFO  server.RaftServerConfigKeys (ConfUtils.java:logGet(44)) - raft.server.sleep.deviation.threshold = 300ms (default)
2022-02-15 23:30:05,662 [pool-144-thread-1] INFO  server.RaftServerConfigKeys (ConfUtils.java:logGet(44)) - raft.server.log.appender.install.snapshot.enabled = false (custom)
2022-02-15 23:30:05,662 [pool-144-thread-1] INFO  server.RaftServer$Division (ServerState.java:<init>(105)) - 5c3f3ce4-7956-4080-8f67-16b58d57ac80@group-6DFD48E94718: ConfigurationManager, init=-1: [5c3f3ce4-7956-4080-8f67-16b58d57ac80|rpc:10.1.0.21:33859|priority:1], old=null, confs=<EMPTY_MAP>
2022-02-15 23:30:05,662 [pool-144-thread-1] INFO  server.RaftServerConfigKeys (ConfUtils.java:logGet(44)) - raft.server.storage.dir = [/home/runner/work/ozone/ozone/hadoop-ozone/integration-test/target/test-dir/MiniOzoneClusterImpl-527fe069-2b78-49eb-8835-8cb6d6ba75bf/datanode-2/data/ratis] (custom)
2022-02-15 23:30:05,662 [pool-144-thread-1] INFO  server.RaftServerConfigKeys (ConfUtils.java:logGet(44)) - raft.server.log.corruption.policy = EXCEPTION (default)
2022-02-15 23:30:05,662 [pool-144-thread-1] INFO  server.RaftServerConfigKeys (ConfUtils.java:logGet(44)) - raft.server.storage.free-space.min = 0MB (=0) (default)
2022-02-15 23:30:05,663 [pool-144-thread-1] INFO  storage.RaftStorageDirectory (RaftStorageDirectoryImpl.java:analyzeStorage(135)) - The storage directory /home/runner/work/ozone/ozone/hadoop-ozone/integration-test/target/test-dir/MiniOzoneClusterImpl-527fe069-2b78-49eb-8835-8cb6d6ba75bf/datanode-2/data/ratis/389f93d9-e212-4f1c-9318-6dfd48e94718 does not exist. Creating ...
2022-02-15 23:30:05,663 [pool-144-thread-1] INFO  storage.RaftStorageDirectory (RaftStorageDirectoryImpl.java:tryLock(230)) - Lock on /home/runner/work/ozone/ozone/hadoop-ozone/integration-test/target/test-dir/MiniOzoneClusterImpl-527fe069-2b78-49eb-8835-8cb6d6ba75bf/datanode-2/data/ratis/389f93d9-e212-4f1c-9318-6dfd48e94718/in_use.lock acquired by nodename 1385@fv-az297-531
2022-02-15 23:30:05,665 [pool-144-thread-1] INFO  storage.RaftStorage (RaftStorageImpl.java:format(89)) - Storage directory /home/runner/work/ozone/ozone/hadoop-ozone/integration-test/target/test-dir/MiniOzoneClusterImpl-527fe069-2b78-49eb-8835-8cb6d6ba75bf/datanode-2/data/ratis/389f93d9-e212-4f1c-9318-6dfd48e94718 has been successfully formatted.
2022-02-15 23:30:05,665 [pool-144-thread-1] INFO  ratis.ContainerStateMachine (ContainerStateMachine.java:loadSnapshot(231)) - group-6DFD48E94718: The snapshot info is null. Setting the last applied indexto:(t:0, i:~)
2022-02-15 23:30:05,666 [pool-144-thread-1] INFO  server.RaftServerConfigKeys (ConfUtils.java:logGet(44)) - raft.server.notification.no-leader.timeout = 300s (custom)
2022-02-15 23:30:05,666 [pool-144-thread-1] INFO  server.RaftServerConfigKeys (ConfUtils.java:logGet(44)) - raft.server.log.use.memory = false (default)
2022-02-15 23:30:05,666 [pool-144-thread-1] INFO  server.RaftServerConfigKeys (ConfUtils.java:logGet(44)) - raft.server.log.purge.gap = 1000000 (custom)
2022-02-15 23:30:05,666 [pool-144-thread-1] INFO  server.RaftServerConfigKeys (ConfUtils.java:logGet(44)) - raft.server.log.appender.buffer.byte-limit = 33554432 (custom)
2022-02-15 23:30:05,666 [pool-144-thread-1] INFO  server.RaftServerConfigKeys (ConfUtils.java:logGet(44)) - raft.server.log.segment.size.max = 1048576 (custom)
2022-02-15 23:30:05,666 [pool-144-thread-1] INFO  server.RaftServerConfigKeys (ConfUtils.java:logGet(44)) - raft.server.log.segment.cache.num.max = 2 (custom)
2022-02-15 23:30:05,666 [pool-144-thread-1] INFO  server.RaftServerConfigKeys (ConfUtils.java:logGet(44)) - raft.server.log.segment.cache.size.max = 200MB (=209715200) (default)
2022-02-15 23:30:05,667 [pool-144-thread-1] INFO  segmented.SegmentedRaftLogWorker (SegmentedRaftLogWorker.java:<init>(182)) - new 5c3f3ce4-7956-4080-8f67-16b58d57ac80@group-6DFD48E94718-SegmentedRaftLogWorker for RaftStorageImpl:Storage Directory /home/runner/work/ozone/ozone/hadoop-ozone/integration-test/target/test-dir/MiniOzoneClusterImpl-527fe069-2b78-49eb-8835-8cb6d6ba75bf/datanode-2/data/ratis/389f93d9-e212-4f1c-9318-6dfd48e94718
2022-02-15 23:30:05,667 [pool-144-thread-1] INFO  server.RaftServerConfigKeys (ConfUtils.java:logGet(44)) - raft.server.log.queue.byte-limit = 4294967296 (custom)
2022-02-15 23:30:05,667 [pool-144-thread-1] INFO  server.RaftServerConfigKeys (ConfUtils.java:logGet(44)) - raft.server.log.queue.element-limit = 1024 (custom)
2022-02-15 23:30:05,667 [pool-144-thread-1] INFO  server.RaftServerConfigKeys (ConfUtils.java:logGet(44)) - raft.server.log.segment.size.max = 1048576 (custom)
2022-02-15 23:30:05,667 [pool-144-thread-1] INFO  server.RaftServerConfigKeys (ConfUtils.java:logGet(44)) - raft.server.log.preallocated.size = 16384 (custom)
2022-02-15 23:30:05,667 [pool-144-thread-1] INFO  server.RaftServerConfigKeys (ConfUtils.java:logGet(44)) - raft.server.log.force.sync.num = 128 (default)
2022-02-15 23:30:05,667 [pool-144-thread-1] INFO  server.RaftServerConfigKeys (ConfUtils.java:logGet(44)) - raft.server.log.statemachine.data.sync = true (default)
2022-02-15 23:30:05,667 [pool-144-thread-1] INFO  server.RaftServerConfigKeys (ConfUtils.java:logGet(44)) - raft.server.log.statemachine.data.sync.timeout = 10s (default)
2022-02-15 23:30:05,667 [pool-144-thread-1] INFO  server.RaftServerConfigKeys (ConfUtils.java:logGet(44)) - raft.server.log.statemachine.data.sync.timeout.retry = -1 (default)
2022-02-15 23:30:05,668 [pool-144-thread-1] INFO  server.RaftServerConfigKeys (ConfUtils.java:logGet(44)) - raft.server.log.write.buffer.size = 1048576 (custom)
2022-02-15 23:30:05,668 [pool-144-thread-1] INFO  server.RaftServerConfigKeys (ConfUtils.java:logGet(44)) - raft.server.log.statemachine.data.caching.enabled = true (custom)
2022-02-15 23:30:05,668 [pool-144-thread-1] INFO  segmented.SegmentedRaftLogWorker (SegmentedRaftLogWorker.java:lambda$new$0(133)) - 5c3f3ce4-7956-4080-8f67-16b58d57ac80@group-6DFD48E94718-SegmentedRaftLogWorker: flushIndex: setUnconditionally 0 -> -1
2022-02-15 23:30:05,668 [pool-144-thread-1] INFO  segmented.SegmentedRaftLogWorker (SegmentedRaftLogWorker.java:lambda$new$0(133)) - 5c3f3ce4-7956-4080-8f67-16b58d57ac80@group-6DFD48E94718-SegmentedRaftLogWorker: safeCacheEvictIndex: setUnconditionally 0 -> -1
2022-02-15 23:30:05,672 [pool-144-thread-1] INFO  server.RaftServerConfigKeys (ConfUtils.java:logGet(44)) - raft.server.snapshot.auto.trigger.enabled = true (custom)
2022-02-15 23:30:05,672 [pool-144-thread-1] INFO  server.RaftServerConfigKeys (ConfUtils.java:logGet(44)) - raft.server.snapshot.auto.trigger.threshold = 10000 (custom)
2022-02-15 23:30:05,672 [pool-144-thread-1] INFO  server.RaftServerConfigKeys (ConfUtils.java:logGet(44)) - raft.server.snapshot.retention.file.num = 5 (custom)
2022-02-15 23:30:05,672 [pool-144-thread-1] INFO  server.RaftServerConfigKeys (ConfUtils.java:logGet(44)) - raft.server.log.purge.upto.snapshot.index = false (default)
2022-02-15 23:30:05,672 [pool-144-thread-1] INFO  server.RaftServerConfigKeys (ConfUtils.java:logGet(44)) - raft.server.retrycache.expirytime = 600000ms (custom)
2022-02-15 23:30:05,672 [pool-144-thread-1] INFO  server.RaftServerConfigKeys (ConfUtils.java:logGet(44)) - raft.server.retrycache.statistics.expirytime = 100μs (default)
2022-02-15 23:30:05,673 [EventQueue-PipelineReportForPipelineReportHandler] INFO  pipeline.PipelineManagerImpl (PipelineManagerImpl.java:openPipeline(291)) - Pipeline Pipeline[ Id: 389f93d9-e212-4f1c-9318-6dfd48e94718, Nodes: 5c3f3ce4-7956-4080-8f67-16b58d57ac80{ip: 10.1.0.21, host: fv-az297-531.nmf1rxwemy4u5di1sxxf4ejcwb.jx.internal.cloudapp.net, ports: [REPLICATION=42281, RATIS=33859, RATIS_ADMIN=33859, RATIS_SERVER=33859, STANDALONE=37365], networkLocation: /default-rack, certSerialId: null, persistedOpState: IN_SERVICE, persistedOpStateExpiryEpochSec: 0}, ReplicationConfig: RATIS/ONE, State:ALLOCATED, leaderId:5c3f3ce4-7956-4080-8f67-16b58d57ac80, CreationTimestamp2022-02-15T23:30:02.664Z[Etc/UTC]] moved to OPEN state
2022-02-15 23:30:05,674 [pool-144-thread-1] INFO  server.RaftServer$Division (RaftServerImpl.java:start(301)) - 5c3f3ce4-7956-4080-8f67-16b58d57ac80@group-6DFD48E94718: start as a follower, conf=-1: [5c3f3ce4-7956-4080-8f67-16b58d57ac80|rpc:10.1.0.21:33859|priority:1], old=null
2022-02-15 23:30:05,674 [pool-144-thread-1] INFO  server.RaftServer$Division (RaftServerImpl.java:setRole(290)) - 5c3f3ce4-7956-4080-8f67-16b58d57ac80@group-6DFD48E94718: changes role from      null to FOLLOWER at term 0 for startAsFollower
2022-02-15 23:30:05,674 [pool-144-thread-1] INFO  impl.RoleInfo (RoleInfo.java:updateAndGet(130)) - 5c3f3ce4-7956-4080-8f67-16b58d57ac80: start 5c3f3ce4-7956-4080-8f67-16b58d57ac80@group-6DFD48E94718-FollowerState
2022-02-15 23:30:05,674 [pool-144-thread-1] INFO  util.JmxRegister (JmxRegister.java:tryRegister(44)) - Successfully registered JMX Bean with object name Ratis:service=RaftServer,group=group-6DFD48E94718,id=5c3f3ce4-7956-4080-8f67-16b58d57ac80
2022-02-15 23:30:05,685 [Command processor thread] INFO  ratis.XceiverServerRatis (XceiverServerRatis.java:addGroup(769)) - Created group PipelineID=389f93d9-e212-4f1c-9318-6dfd48e94718
2022-02-15 23:30:05,686 [Command processor thread] INFO  commandhandler.CreatePipelineCommandHandler (CreatePipelineCommandHandler.java:handle(106)) - Created Pipeline RATIS ONE PipelineID=389f93d9-e212-4f1c-9318-6dfd48e94718.
2022-02-15 23:30:05,688 [41f0e2a1-74af-4a99-b882-aaa35b27024d@group-8CB6D6BA75BF-StateMachineUpdater] INFO  safemode.HealthyPipelineSafeModeRule (HealthyPipelineSafeModeRule.java:initializeRule(152)) - Refreshed total pipeline count is 0, healthy pipeline threshold count is 1
2022-02-15 23:30:05,689 [EventQueue-OpenPipelineForHealthyPipelineSafeModeRule] INFO  safemode.SCMSafeModeManager (HealthyPipelineSafeModeRule.java:process(124)) - SCM in safe mode. Healthy pipelines reported count is 0, required healthy pipeline reported count is 1
2022-02-15 23:30:06,660 [Listener at 127.0.0.1/33593] INFO  ozone.MiniOzoneClusterImpl (MiniOzoneClusterImpl.java:lambda$waitForClusterToBeReady$0(219)) - Nodes are ready. Got 3 of 3 DN Heartbeats.
2022-02-15 23:30:06,660 [Listener at 127.0.0.1/33593] INFO  ozone.MiniOzoneClusterImpl (MiniOzoneClusterImpl.java:lambda$waitForClusterToBeReady$0(222)) - Waiting for cluster to exit safe mode
2022-02-15 23:30:06,660 [Listener at 127.0.0.1/33593] INFO  ozone.MiniOzoneClusterImpl (MiniOzoneClusterImpl.java:lambda$waitForClusterToBeReady$0(224)) - SCM became leader
2022-02-15 23:30:07,660 [Listener at 127.0.0.1/33593] INFO  ozone.MiniOzoneClusterImpl (MiniOzoneClusterImpl.java:lambda$waitForClusterToBeReady$0(219)) - Nodes are ready. Got 3 of 3 DN Heartbeats.
2022-02-15 23:30:07,661 [Listener at 127.0.0.1/33593] INFO  ozone.MiniOzoneClusterImpl (MiniOzoneClusterImpl.java:lambda$waitForClusterToBeReady$0(222)) - Waiting for cluster to exit safe mode
2022-02-15 23:30:07,661 [Listener at 127.0.0.1/33593] INFO  ozone.MiniOzoneClusterImpl (MiniOzoneClusterImpl.java:lambda$waitForClusterToBeReady$0(224)) - SCM became leader
2022-02-15 23:30:08,661 [Listener at 127.0.0.1/33593] INFO  ozone.MiniOzoneClusterImpl (MiniOzoneClusterImpl.java:lambda$waitForClusterToBeReady$0(219)) - Nodes are ready. Got 3 of 3 DN Heartbeats.
2022-02-15 23:30:08,662 [Listener at 127.0.0.1/33593] INFO  ozone.MiniOzoneClusterImpl (MiniOzoneClusterImpl.java:lambda$waitForClusterToBeReady$0(222)) - Waiting for cluster to exit safe mode
2022-02-15 23:30:08,662 [Listener at 127.0.0.1/33593] INFO  ozone.MiniOzoneClusterImpl (MiniOzoneClusterImpl.java:lambda$waitForClusterToBeReady$0(224)) - SCM became leader
2022-02-15 23:30:09,662 [Listener at 127.0.0.1/33593] INFO  ozone.MiniOzoneClusterImpl (MiniOzoneClusterImpl.java:lambda$waitForClusterToBeReady$0(219)) - Nodes are ready. Got 3 of 3 DN Heartbeats.
2022-02-15 23:30:09,662 [Listener at 127.0.0.1/33593] INFO  ozone.MiniOzoneClusterImpl (MiniOzoneClusterImpl.java:lambda$waitForClusterToBeReady$0(222)) - Waiting for cluster to exit safe mode
2022-02-15 23:30:09,662 [Listener at 127.0.0.1/33593] INFO  ozone.MiniOzoneClusterImpl (MiniOzoneClusterImpl.java:lambda$waitForClusterToBeReady$0(224)) - SCM became leader
2022-02-15 23:30:10,170 [91679173-921c-4654-9093-8f81413a9b3b@group-0D52E2E582DD-FollowerState] INFO  impl.FollowerState (FollowerState.java:run(134)) - 91679173-921c-4654-9093-8f81413a9b3b@group-0D52E2E582DD-FollowerState: change to CANDIDATE, lastRpcElapsedTime:5117963197ns, electionTimeout:5113ms
2022-02-15 23:30:10,170 [91679173-921c-4654-9093-8f81413a9b3b@group-0D52E2E582DD-FollowerState] INFO  impl.RoleInfo (RoleInfo.java:shutdownFollowerState(108)) - 91679173-921c-4654-9093-8f81413a9b3b: shutdown 91679173-921c-4654-9093-8f81413a9b3b@group-0D52E2E582DD-FollowerState
2022-02-15 23:30:10,170 [91679173-921c-4654-9093-8f81413a9b3b@group-0D52E2E582DD-FollowerState] INFO  server.RaftServer$Division (RaftServerImpl.java:setRole(290)) - 91679173-921c-4654-9093-8f81413a9b3b@group-0D52E2E582DD: changes role from  FOLLOWER to CANDIDATE at term 0 for changeToCandidate
2022-02-15 23:30:10,170 [91679173-921c-4654-9093-8f81413a9b3b@group-0D52E2E582DD-FollowerState] INFO  server.RaftServerConfigKeys (ConfUtils.java:logGet(44)) - raft.server.leaderelection.pre-vote = false (custom)
2022-02-15 23:30:10,171 [91679173-921c-4654-9093-8f81413a9b3b@group-0D52E2E582DD-FollowerState] INFO  impl.RoleInfo (RoleInfo.java:updateAndGet(130)) - 91679173-921c-4654-9093-8f81413a9b3b: start 91679173-921c-4654-9093-8f81413a9b3b@group-0D52E2E582DD-LeaderElection7
2022-02-15 23:30:10,174 [91679173-921c-4654-9093-8f81413a9b3b@group-0D52E2E582DD-LeaderElection7] INFO  impl.LeaderElection (LeaderElection.java:askForVotes(306)) - 91679173-921c-4654-9093-8f81413a9b3b@group-0D52E2E582DD-LeaderElection7 ELECTION round 0: submit vote requests at term 1 for -1: [5c3f3ce4-7956-4080-8f67-16b58d57ac80|rpc:10.1.0.21:33859|priority:1, 27f14ece-dda1-4864-b778-45133e24b62f|rpc:10.1.0.21:36089|priority:0, 91679173-921c-4654-9093-8f81413a9b3b|rpc:10.1.0.21:35857|priority:0], old=null
2022-02-15 23:30:10,186 [grpc-default-executor-2] INFO  server.RaftServer$Division (RaftServerImpl.java:requestVote(1046)) - 27f14ece-dda1-4864-b778-45133e24b62f@group-0D52E2E582DD: receive requestVote(ELECTION, 91679173-921c-4654-9093-8f81413a9b3b, group-0D52E2E582DD, 1, (t:0, i:0))
2022-02-15 23:30:10,186 [grpc-default-executor-2] INFO  impl.VoteContext (VoteContext.java:log(48)) - 27f14ece-dda1-4864-b778-45133e24b62f@group-0D52E2E582DD-FOLLOWER: accept ELECTION from 91679173-921c-4654-9093-8f81413a9b3b: our priority 0 <= candidate's priority 0
2022-02-15 23:30:10,186 [grpc-default-executor-2] INFO  server.RaftServer$Division (RaftServerImpl.java:setRole(290)) - 27f14ece-dda1-4864-b778-45133e24b62f@group-0D52E2E582DD: changes role from  FOLLOWER to FOLLOWER at term 1 for candidate:91679173-921c-4654-9093-8f81413a9b3b
2022-02-15 23:30:10,186 [grpc-default-executor-2] INFO  impl.RoleInfo (RoleInfo.java:shutdownFollowerState(108)) - 27f14ece-dda1-4864-b778-45133e24b62f: shutdown 27f14ece-dda1-4864-b778-45133e24b62f@group-0D52E2E582DD-FollowerState
2022-02-15 23:30:10,186 [grpc-default-executor-2] INFO  impl.RoleInfo (RoleInfo.java:updateAndGet(130)) - 27f14ece-dda1-4864-b778-45133e24b62f: start 27f14ece-dda1-4864-b778-45133e24b62f@group-0D52E2E582DD-FollowerState
2022-02-15 23:30:10,186 [27f14ece-dda1-4864-b778-45133e24b62f@group-0D52E2E582DD-FollowerState] INFO  impl.FollowerState (FollowerState.java:run(143)) - 27f14ece-dda1-4864-b778-45133e24b62f@group-0D52E2E582DD-FollowerState was interrupted: {}
java.lang.InterruptedException: sleep interrupted
	at java.lang.Thread.sleep(Native Method)
	at java.lang.Thread.sleep(Thread.java:340)
	at java.util.concurrent.TimeUnit.sleep(TimeUnit.java:386)
	at org.apache.ratis.util.TimeDuration.sleep(TimeDuration.java:324)
	at org.apache.ratis.util.TimeDuration.sleep(TimeDuration.java:309)
	at org.apache.ratis.server.impl.FollowerState.run(FollowerState.java:118)
2022-02-15 23:30:10,193 [grpc-default-executor-2] INFO  server.RaftServer$Division (RaftServerImpl.java:requestVote(1078)) - 27f14ece-dda1-4864-b778-45133e24b62f@group-0D52E2E582DD replies to ELECTION vote request: 91679173-921c-4654-9093-8f81413a9b3b<-27f14ece-dda1-4864-b778-45133e24b62f#0:OK-t1. Peer's state: 27f14ece-dda1-4864-b778-45133e24b62f@group-0D52E2E582DD:t1, leader=null, voted=91679173-921c-4654-9093-8f81413a9b3b, raftlog=27f14ece-dda1-4864-b778-45133e24b62f@group-0D52E2E582DD-SegmentedRaftLog:OPENED:c-1, conf=-1: [5c3f3ce4-7956-4080-8f67-16b58d57ac80|rpc:10.1.0.21:33859|dataStream:|priority:1, 27f14ece-dda1-4864-b778-45133e24b62f|rpc:10.1.0.21:36089|dataStream:|priority:0, 91679173-921c-4654-9093-8f81413a9b3b|rpc:10.1.0.21:35857|dataStream:|priority:0], old=null
2022-02-15 23:30:10,196 [grpc-default-executor-0] INFO  server.RaftServer$Division (RaftServerImpl.java:requestVote(1046)) - 5c3f3ce4-7956-4080-8f67-16b58d57ac80@group-0D52E2E582DD: receive requestVote(ELECTION, 91679173-921c-4654-9093-8f81413a9b3b, group-0D52E2E582DD, 1, (t:0, i:0))
2022-02-15 23:30:10,196 [grpc-default-executor-0] INFO  impl.VoteContext (VoteContext.java:log(48)) - 5c3f3ce4-7956-4080-8f67-16b58d57ac80@group-0D52E2E582DD-FOLLOWER: reject ELECTION from 91679173-921c-4654-9093-8f81413a9b3b: our priority 1 > candidate's priority 0
2022-02-15 23:30:10,196 [grpc-default-executor-0] INFO  server.RaftServer$Division (RaftServerImpl.java:setRole(290)) - 5c3f3ce4-7956-4080-8f67-16b58d57ac80@group-0D52E2E582DD: changes role from  FOLLOWER to FOLLOWER at term 1 for candidate:91679173-921c-4654-9093-8f81413a9b3b
2022-02-15 23:30:10,196 [grpc-default-executor-0] INFO  impl.RoleInfo (RoleInfo.java:shutdownFollowerState(108)) - 5c3f3ce4-7956-4080-8f67-16b58d57ac80: shutdown 5c3f3ce4-7956-4080-8f67-16b58d57ac80@group-0D52E2E582DD-FollowerState
2022-02-15 23:30:10,196 [grpc-default-executor-0] INFO  impl.RoleInfo (RoleInfo.java:updateAndGet(130)) - 5c3f3ce4-7956-4080-8f67-16b58d57ac80: start 5c3f3ce4-7956-4080-8f67-16b58d57ac80@group-0D52E2E582DD-FollowerState
2022-02-15 23:30:10,196 [5c3f3ce4-7956-4080-8f67-16b58d57ac80@group-0D52E2E582DD-FollowerState] INFO  impl.FollowerState (FollowerState.java:run(143)) - 5c3f3ce4-7956-4080-8f67-16b58d57ac80@group-0D52E2E582DD-FollowerState was interrupted: {}
java.lang.InterruptedException: sleep interrupted
	at java.lang.Thread.sleep(Native Method)
	at java.lang.Thread.sleep(Thread.java:340)
	at java.util.concurrent.TimeUnit.sleep(TimeUnit.java:386)
	at org.apache.ratis.util.TimeDuration.sleep(TimeDuration.java:324)
	at org.apache.ratis.util.TimeDuration.sleep(TimeDuration.java:309)
	at org.apache.ratis.server.impl.FollowerState.run(FollowerState.java:118)
2022-02-15 23:30:10,198 [grpc-default-executor-0] INFO  server.RaftServer$Division (RaftServerImpl.java:requestVote(1078)) - 5c3f3ce4-7956-4080-8f67-16b58d57ac80@group-0D52E2E582DD replies to ELECTION vote request: 91679173-921c-4654-9093-8f81413a9b3b<-5c3f3ce4-7956-4080-8f67-16b58d57ac80#0:FAIL-t1. Peer's state: 5c3f3ce4-7956-4080-8f67-16b58d57ac80@group-0D52E2E582DD:t1, leader=null, voted=null, raftlog=5c3f3ce4-7956-4080-8f67-16b58d57ac80@group-0D52E2E582DD-SegmentedRaftLog:OPENED:c-1, conf=-1: [5c3f3ce4-7956-4080-8f67-16b58d57ac80|rpc:10.1.0.21:33859|dataStream:|priority:1, 27f14ece-dda1-4864-b778-45133e24b62f|rpc:10.1.0.21:36089|dataStream:|priority:0, 91679173-921c-4654-9093-8f81413a9b3b|rpc:10.1.0.21:35857|dataStream:|priority:0], old=null
2022-02-15 23:30:10,202 [91679173-921c-4654-9093-8f81413a9b3b@group-0D52E2E582DD-LeaderElection7] INFO  impl.LeaderElection (LeaderElection.java:logAndReturn(89)) - 91679173-921c-4654-9093-8f81413a9b3b@group-0D52E2E582DD-LeaderElection7: ELECTION REJECTED received 2 response(s) and 0 exception(s):
2022-02-15 23:30:10,203 [91679173-921c-4654-9093-8f81413a9b3b@group-0D52E2E582DD-LeaderElection7] INFO  impl.LeaderElection (LeaderElection.java:logAndReturn(93)) -   Response 0: 91679173-921c-4654-9093-8f81413a9b3b<-5c3f3ce4-7956-4080-8f67-16b58d57ac80#0:FAIL-t1
2022-02-15 23:30:10,203 [91679173-921c-4654-9093-8f81413a9b3b@group-0D52E2E582DD-LeaderElection7] INFO  impl.LeaderElection (LeaderElection.java:logAndReturn(93)) -   Response 1: 91679173-921c-4654-9093-8f81413a9b3b<-27f14ece-dda1-4864-b778-45133e24b62f#0:OK-t1
2022-02-15 23:30:10,203 [91679173-921c-4654-9093-8f81413a9b3b@group-0D52E2E582DD-LeaderElection7] INFO  impl.LeaderElection (LeaderElection.java:askForVotes(308)) - 91679173-921c-4654-9093-8f81413a9b3b@group-0D52E2E582DD-LeaderElection7 ELECTION round 0: result REJECTED
2022-02-15 23:30:10,203 [91679173-921c-4654-9093-8f81413a9b3b@group-0D52E2E582DD-LeaderElection7] INFO  server.RaftServer$Division (RaftServerImpl.java:setRole(290)) - 91679173-921c-4654-9093-8f81413a9b3b@group-0D52E2E582DD: changes role from CANDIDATE to FOLLOWER at term 1 for REJECTED
2022-02-15 23:30:10,203 [91679173-921c-4654-9093-8f81413a9b3b@group-0D52E2E582DD-LeaderElection7] INFO  impl.RoleInfo (RoleInfo.java:shutdownLeaderElection(121)) - 91679173-921c-4654-9093-8f81413a9b3b: shutdown 91679173-921c-4654-9093-8f81413a9b3b@group-0D52E2E582DD-LeaderElection7
2022-02-15 23:30:10,203 [91679173-921c-4654-9093-8f81413a9b3b@group-0D52E2E582DD-LeaderElection7] INFO  impl.RoleInfo (RoleInfo.java:updateAndGet(130)) - 91679173-921c-4654-9093-8f81413a9b3b: start 91679173-921c-4654-9093-8f81413a9b3b@group-0D52E2E582DD-FollowerState
2022-02-15 23:30:10,220 [91679173-921c-4654-9093-8f81413a9b3b@group-33FFE5E76887-FollowerState] INFO  impl.FollowerState (FollowerState.java:run(134)) - 91679173-921c-4654-9093-8f81413a9b3b@group-33FFE5E76887-FollowerState: change to CANDIDATE, lastRpcElapsedTime:5192359458ns, electionTimeout:5191ms
2022-02-15 23:30:10,221 [91679173-921c-4654-9093-8f81413a9b3b@group-33FFE5E76887-FollowerState] INFO  impl.RoleInfo (RoleInfo.java:shutdownFollowerState(108)) - 91679173-921c-4654-9093-8f81413a9b3b: shutdown 91679173-921c-4654-9093-8f81413a9b3b@group-33FFE5E76887-FollowerState
2022-02-15 23:30:10,221 [91679173-921c-4654-9093-8f81413a9b3b@group-33FFE5E76887-FollowerState] INFO  server.RaftServer$Division (RaftServerImpl.java:setRole(290)) - 91679173-921c-4654-9093-8f81413a9b3b@group-33FFE5E76887: changes role from  FOLLOWER to CANDIDATE at term 0 for changeToCandidate
2022-02-15 23:30:10,221 [91679173-921c-4654-9093-8f81413a9b3b@group-33FFE5E76887-FollowerState] INFO  server.RaftServerConfigKeys (ConfUtils.java:logGet(44)) - raft.server.leaderelection.pre-vote = false (custom)
2022-02-15 23:30:10,221 [91679173-921c-4654-9093-8f81413a9b3b@group-33FFE5E76887-FollowerState] INFO  impl.RoleInfo (RoleInfo.java:updateAndGet(130)) - 91679173-921c-4654-9093-8f81413a9b3b: start 91679173-921c-4654-9093-8f81413a9b3b@group-33FFE5E76887-LeaderElection8
2022-02-15 23:30:10,224 [91679173-921c-4654-9093-8f81413a9b3b@group-33FFE5E76887-LeaderElection8] INFO  impl.LeaderElection (LeaderElection.java:askForVotes(306)) - 91679173-921c-4654-9093-8f81413a9b3b@group-33FFE5E76887-LeaderElection8 ELECTION round 0: submit vote requests at term 1 for -1: [91679173-921c-4654-9093-8f81413a9b3b|rpc:10.1.0.21:35857|priority:1], old=null
2022-02-15 23:30:10,224 [91679173-921c-4654-9093-8f81413a9b3b@group-33FFE5E76887-LeaderElection8] INFO  impl.LeaderElection (LeaderElection.java:askForVotes(308)) - 91679173-921c-4654-9093-8f81413a9b3b@group-33FFE5E76887-LeaderElection8 ELECTION round 0: result PASSED (term=1)
2022-02-15 23:30:10,224 [91679173-921c-4654-9093-8f81413a9b3b@group-33FFE5E76887-LeaderElection8] INFO  impl.RoleInfo (RoleInfo.java:shutdownLeaderElection(121)) - 91679173-921c-4654-9093-8f81413a9b3b: shutdown 91679173-921c-4654-9093-8f81413a9b3b@group-33FFE5E76887-LeaderElection8
2022-02-15 23:30:10,224 [91679173-921c-4654-9093-8f81413a9b3b@group-33FFE5E76887-LeaderElection8] INFO  server.RaftServer$Division (RaftServerImpl.java:setRole(290)) - 91679173-921c-4654-9093-8f81413a9b3b@group-33FFE5E76887: changes role from CANDIDATE to LEADER at term 1 for changeToLeader
2022-02-15 23:30:10,224 [91679173-921c-4654-9093-8f81413a9b3b@group-33FFE5E76887-LeaderElection8] INFO  ratis.XceiverServerRatis (XceiverServerRatis.java:handleLeaderChangedNotification(867)) - Leader change notification received for group: group-33FFE5E76887 with new leaderId: 91679173-921c-4654-9093-8f81413a9b3b
2022-02-15 23:30:10,224 [91679173-921c-4654-9093-8f81413a9b3b@group-33FFE5E76887-LeaderElection8] INFO  server.RaftServer$Division (ServerState.java:setLeader(285)) - 91679173-921c-4654-9093-8f81413a9b3b@group-33FFE5E76887: change Leader from null to 91679173-921c-4654-9093-8f81413a9b3b at term 1 for becomeLeader, leader elected after 5241ms
2022-02-15 23:30:10,224 [91679173-921c-4654-9093-8f81413a9b3b@group-33FFE5E76887-LeaderElection8] INFO  server.RaftServerConfigKeys (ConfUtils.java:logGet(44)) - raft.server.staging.catchup.gap = 1000 (default)
2022-02-15 23:30:10,225 [91679173-921c-4654-9093-8f81413a9b3b@group-33FFE5E76887-LeaderElection8] INFO  server.RaftServerConfigKeys (ConfUtils.java:logGet(44)) - raft.server.write.element-limit = 1024 (custom)
2022-02-15 23:30:10,225 [91679173-921c-4654-9093-8f81413a9b3b@group-33FFE5E76887-LeaderElection8] INFO  server.RaftServerConfigKeys (ConfUtils.java:logGet(44)) - raft.server.write.byte-limit = 1024 M (=1073741824) (custom)
2022-02-15 23:30:10,226 [91679173-921c-4654-9093-8f81413a9b3b@group-33FFE5E76887-LeaderElection8] INFO  server.RaftServerConfigKeys (ConfUtils.java:logGet(44)) - raft.server.watch.timeout = 180s (custom)
2022-02-15 23:30:10,226 [91679173-921c-4654-9093-8f81413a9b3b@group-33FFE5E76887-LeaderElection8] INFO  server.RaftServerConfigKeys (ConfUtils.java:logGet(44)) - raft.server.watch.timeout.denomination = 1s (default)
2022-02-15 23:30:10,226 [91679173-921c-4654-9093-8f81413a9b3b@group-33FFE5E76887-LeaderElection8] INFO  server.RaftServerConfigKeys (ConfUtils.java:logGet(44)) - raft.server.watch.element-limit = 65536 (default)
2022-02-15 23:30:10,226 [91679173-921c-4654-9093-8f81413a9b3b@group-33FFE5E76887-LeaderElection8] INFO  server.RaftServerConfigKeys (ConfUtils.java:logGet(44)) - raft.server.write.element-limit = 1024 (custom)
2022-02-15 23:30:10,226 [91679173-921c-4654-9093-8f81413a9b3b@group-33FFE5E76887-LeaderElection8] INFO  server.RaftServerConfigKeys (ConfUtils.java:logGet(44)) - raft.server.write.follower.gap.ratio.max = -1.0 (default)
2022-02-15 23:30:10,226 [91679173-921c-4654-9093-8f81413a9b3b@group-33FFE5E76887-LeaderElection8] INFO  impl.RoleInfo (RoleInfo.java:updateAndGet(130)) - 91679173-921c-4654-9093-8f81413a9b3b: start 91679173-921c-4654-9093-8f81413a9b3b@group-33FFE5E76887-LeaderStateImpl
2022-02-15 23:30:10,226 [91679173-921c-4654-9093-8f81413a9b3b@group-33FFE5E76887-LeaderElection8] INFO  segmented.SegmentedRaftLogWorker (SegmentedRaftLogWorker.java:startLogSegment(394)) - 91679173-921c-4654-9093-8f81413a9b3b@group-33FFE5E76887-SegmentedRaftLogWorker: Starting segment from index:0
2022-02-15 23:30:10,227 [EventQueue-OpenPipelineForHealthyPipelineSafeModeRule] INFO  safemode.SCMSafeModeManager (HealthyPipelineSafeModeRule.java:process(124)) - SCM in safe mode. Healthy pipelines reported count is 0, required healthy pipeline reported count is 1
2022-02-15 23:30:10,228 [91679173-921c-4654-9093-8f81413a9b3b@group-33FFE5E76887-SegmentedRaftLogWorker] INFO  segmented.SegmentedRaftLogWorker (SegmentedRaftLogWorker.java:execute(601)) - 91679173-921c-4654-9093-8f81413a9b3b@group-33FFE5E76887-SegmentedRaftLogWorker: created new log segment /home/runner/work/ozone/ozone/hadoop-ozone/integration-test/target/test-dir/MiniOzoneClusterImpl-527fe069-2b78-49eb-8835-8cb6d6ba75bf/datanode-0/data/ratis/f15a8251-35f8-4ff0-b4ad-33ffe5e76887/current/log_inprogress_0
2022-02-15 23:30:10,233 [91679173-921c-4654-9093-8f81413a9b3b@group-33FFE5E76887-LeaderElection8] INFO  server.RaftServer$Division (ServerState.java:setRaftConf(387)) - 91679173-921c-4654-9093-8f81413a9b3b@group-33FFE5E76887: set configuration 0: [91679173-921c-4654-9093-8f81413a9b3b|rpc:10.1.0.21:35857|dataStream:|priority:1], old=null
2022-02-15 23:30:10,331 [5c3f3ce4-7956-4080-8f67-16b58d57ac80@group-F43BA2CAE066-FollowerState] INFO  impl.FollowerState (FollowerState.java:run(134)) - 5c3f3ce4-7956-4080-8f67-16b58d57ac80@group-F43BA2CAE066-FollowerState: change to CANDIDATE, lastRpcElapsedTime:5011024263ns, electionTimeout:5010ms
2022-02-15 23:30:10,331 [5c3f3ce4-7956-4080-8f67-16b58d57ac80@group-F43BA2CAE066-FollowerState] INFO  impl.RoleInfo (RoleInfo.java:shutdownFollowerState(108)) - 5c3f3ce4-7956-4080-8f67-16b58d57ac80: shutdown 5c3f3ce4-7956-4080-8f67-16b58d57ac80@group-F43BA2CAE066-FollowerState
2022-02-15 23:30:10,331 [5c3f3ce4-7956-4080-8f67-16b58d57ac80@group-F43BA2CAE066-FollowerState] INFO  server.RaftServer$Division (RaftServerImpl.java:setRole(290)) - 5c3f3ce4-7956-4080-8f67-16b58d57ac80@group-F43BA2CAE066: changes role from  FOLLOWER to CANDIDATE at term 0 for changeToCandidate
2022-02-15 23:30:10,331 [5c3f3ce4-7956-4080-8f67-16b58d57ac80@group-F43BA2CAE066-FollowerState] INFO  server.RaftServerConfigKeys (ConfUtils.java:logGet(44)) - raft.server.leaderelection.pre-vote = false (custom)
2022-02-15 23:30:10,331 [5c3f3ce4-7956-4080-8f67-16b58d57ac80@group-F43BA2CAE066-FollowerState] INFO  impl.RoleInfo (RoleInfo.java:updateAndGet(130)) - 5c3f3ce4-7956-4080-8f67-16b58d57ac80: start 5c3f3ce4-7956-4080-8f67-16b58d57ac80@group-F43BA2CAE066-LeaderElection9
2022-02-15 23:30:10,336 [5c3f3ce4-7956-4080-8f67-16b58d57ac80@group-F43BA2CAE066-LeaderElection9] INFO  impl.LeaderElection (LeaderElection.java:askForVotes(306)) - 5c3f3ce4-7956-4080-8f67-16b58d57ac80@group-F43BA2CAE066-LeaderElection9 ELECTION round 0: submit vote requests at term 1 for -1: [5c3f3ce4-7956-4080-8f67-16b58d57ac80|rpc:10.1.0.21:33859|dataStream:|priority:0, 27f14ece-dda1-4864-b778-45133e24b62f|rpc:10.1.0.21:36089|dataStream:|priority:1, 91679173-921c-4654-9093-8f81413a9b3b|rpc:10.1.0.21:35857|dataStream:|priority:0], old=null
2022-02-15 23:30:10,345 [27f14ece-dda1-4864-b778-45133e24b62f@group-F43BA2CAE066-FollowerState] INFO  impl.FollowerState (FollowerState.java:run(134)) - 27f14ece-dda1-4864-b778-45133e24b62f@group-F43BA2CAE066-FollowerState: change to CANDIDATE, lastRpcElapsedTime:5058054934ns, electionTimeout:5056ms
2022-02-15 23:30:10,345 [27f14ece-dda1-4864-b778-45133e24b62f@group-F43BA2CAE066-FollowerState] INFO  impl.RoleInfo (RoleInfo.java:shutdownFollowerState(108)) - 27f14ece-dda1-4864-b778-45133e24b62f: shutdown 27f14ece-dda1-4864-b778-45133e24b62f@group-F43BA2CAE066-FollowerState
2022-02-15 23:30:10,345 [27f14ece-dda1-4864-b778-45133e24b62f@group-F43BA2CAE066-FollowerState] INFO  server.RaftServer$Division (RaftServerImpl.java:setRole(290)) - 27f14ece-dda1-4864-b778-45133e24b62f@group-F43BA2CAE066: changes role from  FOLLOWER to CANDIDATE at term 0 for changeToCandidate
2022-02-15 23:30:10,345 [27f14ece-dda1-4864-b778-45133e24b62f@group-F43BA2CAE066-FollowerState] INFO  server.RaftServerConfigKeys (ConfUtils.java:logGet(44)) - raft.server.leaderelection.pre-vote = false (custom)
2022-02-15 23:30:10,345 [27f14ece-dda1-4864-b778-45133e24b62f@group-F43BA2CAE066-FollowerState] INFO  impl.RoleInfo (RoleInfo.java:updateAndGet(130)) - 27f14ece-dda1-4864-b778-45133e24b62f: start 27f14ece-dda1-4864-b778-45133e24b62f@group-F43BA2CAE066-LeaderElection10
2022-02-15 23:30:10,358 [grpc-default-executor-0] INFO  server.RaftServer$Division (RaftServerImpl.java:requestVote(1046)) - 27f14ece-dda1-4864-b778-45133e24b62f@group-F43BA2CAE066: receive requestVote(ELECTION, 5c3f3ce4-7956-4080-8f67-16b58d57ac80, group-F43BA2CAE066, 1, (t:0, i:0))
2022-02-15 23:30:10,359 [27f14ece-dda1-4864-b778-45133e24b62f@group-F43BA2CAE066-LeaderElection10] INFO  impl.LeaderElection (LeaderElection.java:askForVotes(306)) - 27f14ece-dda1-4864-b778-45133e24b62f@group-F43BA2CAE066-LeaderElection10 ELECTION round 0: submit vote requests at term 1 for -1: [5c3f3ce4-7956-4080-8f67-16b58d57ac80|rpc:10.1.0.21:33859|dataStream:|priority:0, 27f14ece-dda1-4864-b778-45133e24b62f|rpc:10.1.0.21:36089|dataStream:|priority:1, 91679173-921c-4654-9093-8f81413a9b3b|rpc:10.1.0.21:35857|dataStream:|priority:0], old=null
2022-02-15 23:30:10,359 [grpc-default-executor-0] INFO  impl.VoteContext (VoteContext.java:log(48)) - 27f14ece-dda1-4864-b778-45133e24b62f@group-F43BA2CAE066-CANDIDATE: reject ELECTION from 5c3f3ce4-7956-4080-8f67-16b58d57ac80: already has voted for 27f14ece-dda1-4864-b778-45133e24b62f at current term 1
2022-02-15 23:30:10,359 [grpc-default-executor-0] INFO  server.RaftServer$Division (RaftServerImpl.java:requestVote(1078)) - 27f14ece-dda1-4864-b778-45133e24b62f@group-F43BA2CAE066 replies to ELECTION vote request: 5c3f3ce4-7956-4080-8f67-16b58d57ac80<-27f14ece-dda1-4864-b778-45133e24b62f#0:FAIL-t1. Peer's state: 27f14ece-dda1-4864-b778-45133e24b62f@group-F43BA2CAE066:t1, leader=null, voted=27f14ece-dda1-4864-b778-45133e24b62f, raftlog=27f14ece-dda1-4864-b778-45133e24b62f@group-F43BA2CAE066-SegmentedRaftLog:OPENED:c-1, conf=-1: [5c3f3ce4-7956-4080-8f67-16b58d57ac80|rpc:10.1.0.21:33859|dataStream:|priority:0, 27f14ece-dda1-4864-b778-45133e24b62f|rpc:10.1.0.21:36089|dataStream:|priority:1, 91679173-921c-4654-9093-8f81413a9b3b|rpc:10.1.0.21:35857|dataStream:|priority:0], old=null
2022-02-15 23:30:10,363 [5c3f3ce4-7956-4080-8f67-16b58d57ac80@group-F43BA2CAE066-LeaderElection9] INFO  impl.LeaderElection (LeaderElection.java:logAndReturn(89)) - 5c3f3ce4-7956-4080-8f67-16b58d57ac80@group-F43BA2CAE066-LeaderElection9: ELECTION REJECTED received 1 response(s) and 0 exception(s):
2022-02-15 23:30:10,368 [5c3f3ce4-7956-4080-8f67-16b58d57ac80@group-F43BA2CAE066-LeaderElection9] INFO  impl.LeaderElection (LeaderElection.java:logAndReturn(93)) -   Response 0: 5c3f3ce4-7956-4080-8f67-16b58d57ac80<-27f14ece-dda1-4864-b778-45133e24b62f#0:FAIL-t1
2022-02-15 23:30:10,368 [5c3f3ce4-7956-4080-8f67-16b58d57ac80@group-F43BA2CAE066-LeaderElection9] INFO  impl.LeaderElection (LeaderElection.java:askForVotes(308)) - 5c3f3ce4-7956-4080-8f67-16b58d57ac80@group-F43BA2CAE066-LeaderElection9 ELECTION round 0: result REJECTED
2022-02-15 23:30:10,368 [grpc-default-executor-2] INFO  server.RaftServer$Division (RaftServerImpl.java:requestVote(1046)) - 91679173-921c-4654-9093-8f81413a9b3b@group-F43BA2CAE066: receive requestVote(ELECTION, 5c3f3ce4-7956-4080-8f67-16b58d57ac80, group-F43BA2CAE066, 1, (t:0, i:0))
2022-02-15 23:30:10,369 [grpc-default-executor-2] INFO  impl.VoteContext (VoteContext.java:log(48)) - 91679173-921c-4654-9093-8f81413a9b3b@group-F43BA2CAE066-FOLLOWER: accept ELECTION from 5c3f3ce4-7956-4080-8f67-16b58d57ac80: our priority 0 <= candidate's priority 0
2022-02-15 23:30:10,369 [grpc-default-executor-2] INFO  server.RaftServer$Division (RaftServerImpl.java:setRole(290)) - 91679173-921c-4654-9093-8f81413a9b3b@group-F43BA2CAE066: changes role from  FOLLOWER to FOLLOWER at term 1 for candidate:5c3f3ce4-7956-4080-8f67-16b58d57ac80
2022-02-15 23:30:10,369 [grpc-default-executor-2] INFO  impl.RoleInfo (RoleInfo.java:shutdownFollowerState(108)) - 91679173-921c-4654-9093-8f81413a9b3b: shutdown 91679173-921c-4654-9093-8f81413a9b3b@group-F43BA2CAE066-FollowerState
2022-02-15 23:30:10,369 [grpc-default-executor-2] INFO  impl.RoleInfo (RoleInfo.java:updateAndGet(130)) - 91679173-921c-4654-9093-8f81413a9b3b: start 91679173-921c-4654-9093-8f81413a9b3b@group-F43BA2CAE066-FollowerState
2022-02-15 23:30:10,369 [91679173-921c-4654-9093-8f81413a9b3b@group-F43BA2CAE066-FollowerState] INFO  impl.FollowerState (FollowerState.java:run(143)) - 91679173-921c-4654-9093-8f81413a9b3b@group-F43BA2CAE066-FollowerState was interrupted: {}
java.lang.InterruptedException: sleep interrupted
	at java.lang.Thread.sleep(Native Method)
	at java.lang.Thread.sleep(Thread.java:340)
	at java.util.concurrent.TimeUnit.sleep(TimeUnit.java:386)
	at org.apache.ratis.util.TimeDuration.sleep(TimeDuration.java:324)
	at org.apache.ratis.util.TimeDuration.sleep(TimeDuration.java:309)
	at org.apache.ratis.server.impl.FollowerState.run(FollowerState.java:118)
2022-02-15 23:30:10,374 [grpc-default-executor-2] INFO  server.RaftServer$Division (RaftServerImpl.java:requestVote(1078)) - 91679173-921c-4654-9093-8f81413a9b3b@group-F43BA2CAE066 replies to ELECTION vote request: 5c3f3ce4-7956-4080-8f67-16b58d57ac80<-91679173-921c-4654-9093-8f81413a9b3b#0:OK-t1. Peer's state: 91679173-921c-4654-9093-8f81413a9b3b@group-F43BA2CAE066:t1, leader=null, voted=5c3f3ce4-7956-4080-8f67-16b58d57ac80, raftlog=91679173-921c-4654-9093-8f81413a9b3b@group-F43BA2CAE066-SegmentedRaftLog:OPENED:c-1, conf=-1: [5c3f3ce4-7956-4080-8f67-16b58d57ac80|rpc:10.1.0.21:33859|priority:0, 27f14ece-dda1-4864-b778-45133e24b62f|rpc:10.1.0.21:36089|priority:1, 91679173-921c-4654-9093-8f81413a9b3b|rpc:10.1.0.21:35857|priority:0], old=null
2022-02-15 23:30:10,368 [5c3f3ce4-7956-4080-8f67-16b58d57ac80@group-F43BA2CAE066-LeaderElection9] INFO  server.RaftServer$Division (RaftServerImpl.java:setRole(290)) - 5c3f3ce4-7956-4080-8f67-16b58d57ac80@group-F43BA2CAE066: changes role from CANDIDATE to FOLLOWER at term 1 for REJECTED
2022-02-15 23:30:10,374 [5c3f3ce4-7956-4080-8f67-16b58d57ac80@group-F43BA2CAE066-LeaderElection9] INFO  impl.RoleInfo (RoleInfo.java:shutdownLeaderElection(121)) - 5c3f3ce4-7956-4080-8f67-16b58d57ac80: shutdown 5c3f3ce4-7956-4080-8f67-16b58d57ac80@group-F43BA2CAE066-LeaderElection9
2022-02-15 23:30:10,375 [5c3f3ce4-7956-4080-8f67-16b58d57ac80@group-F43BA2CAE066-LeaderElection9] INFO  impl.RoleInfo (RoleInfo.java:updateAndGet(130)) - 5c3f3ce4-7956-4080-8f67-16b58d57ac80: start 5c3f3ce4-7956-4080-8f67-16b58d57ac80@group-F43BA2CAE066-FollowerState
2022-02-15 23:30:10,386 [grpc-default-executor-2] INFO  server.RaftServer$Division (RaftServerImpl.java:requestVote(1046)) - 5c3f3ce4-7956-4080-8f67-16b58d57ac80@group-F43BA2CAE066: receive requestVote(ELECTION, 27f14ece-dda1-4864-b778-45133e24b62f, group-F43BA2CAE066, 1, (t:0, i:0))
2022-02-15 23:30:10,387 [grpc-default-executor-2] INFO  impl.VoteContext (VoteContext.java:log(48)) - 5c3f3ce4-7956-4080-8f67-16b58d57ac80@group-F43BA2CAE066-FOLLOWER: reject ELECTION from 27f14ece-dda1-4864-b778-45133e24b62f: already has voted for 5c3f3ce4-7956-4080-8f67-16b58d57ac80 at current term 1
2022-02-15 23:30:10,387 [grpc-default-executor-2] INFO  server.RaftServer$Division (RaftServerImpl.java:requestVote(1078)) - 5c3f3ce4-7956-4080-8f67-16b58d57ac80@group-F43BA2CAE066 replies to ELECTION vote request: 27f14ece-dda1-4864-b778-45133e24b62f<-5c3f3ce4-7956-4080-8f67-16b58d57ac80#0:FAIL-t1. Peer's state: 5c3f3ce4-7956-4080-8f67-16b58d57ac80@group-F43BA2CAE066:t1, leader=null, voted=5c3f3ce4-7956-4080-8f67-16b58d57ac80, raftlog=5c3f3ce4-7956-4080-8f67-16b58d57ac80@group-F43BA2CAE066-SegmentedRaftLog:OPENED:c-1, conf=-1: [5c3f3ce4-7956-4080-8f67-16b58d57ac80|rpc:10.1.0.21:33859|dataStream:|priority:0, 27f14ece-dda1-4864-b778-45133e24b62f|rpc:10.1.0.21:36089|dataStream:|priority:1, 91679173-921c-4654-9093-8f81413a9b3b|rpc:10.1.0.21:35857|dataStream:|priority:0], old=null
2022-02-15 23:30:10,386 [grpc-default-executor-0] INFO  server.RaftServer$Division (RaftServerImpl.java:requestVote(1046)) - 91679173-921c-4654-9093-8f81413a9b3b@group-F43BA2CAE066: receive requestVote(ELECTION, 27f14ece-dda1-4864-b778-45133e24b62f, group-F43BA2CAE066, 1, (t:0, i:0))
2022-02-15 23:30:10,388 [grpc-default-executor-0] INFO  impl.VoteContext (VoteContext.java:log(48)) - 91679173-921c-4654-9093-8f81413a9b3b@group-F43BA2CAE066-FOLLOWER: reject ELECTION from 27f14ece-dda1-4864-b778-45133e24b62f: already has voted for 5c3f3ce4-7956-4080-8f67-16b58d57ac80 at current term 1
2022-02-15 23:30:10,388 [grpc-default-executor-0] INFO  server.RaftServer$Division (RaftServerImpl.java:requestVote(1078)) - 91679173-921c-4654-9093-8f81413a9b3b@group-F43BA2CAE066 replies to ELECTION vote request: 27f14ece-dda1-4864-b778-45133e24b62f<-91679173-921c-4654-9093-8f81413a9b3b#0:FAIL-t1. Peer's state: 91679173-921c-4654-9093-8f81413a9b3b@group-F43BA2CAE066:t1, leader=null, voted=5c3f3ce4-7956-4080-8f67-16b58d57ac80, raftlog=91679173-921c-4654-9093-8f81413a9b3b@group-F43BA2CAE066-SegmentedRaftLog:OPENED:c-1, conf=-1: [5c3f3ce4-7956-4080-8f67-16b58d57ac80|rpc:10.1.0.21:33859|priority:0, 27f14ece-dda1-4864-b778-45133e24b62f|rpc:10.1.0.21:36089|priority:1, 91679173-921c-4654-9093-8f81413a9b3b|rpc:10.1.0.21:35857|priority:0], old=null
2022-02-15 23:30:10,394 [27f14ece-dda1-4864-b778-45133e24b62f@group-F43BA2CAE066-LeaderElection10] INFO  impl.LeaderElection (LeaderElection.java:logAndReturn(89)) - 27f14ece-dda1-4864-b778-45133e24b62f@group-F43BA2CAE066-LeaderElection10: ELECTION REJECTED received 2 response(s) and 0 exception(s):
2022-02-15 23:30:10,394 [27f14ece-dda1-4864-b778-45133e24b62f@group-F43BA2CAE066-LeaderElection10] INFO  impl.LeaderElection (LeaderElection.java:logAndReturn(93)) -   Response 0: 27f14ece-dda1-4864-b778-45133e24b62f<-5c3f3ce4-7956-4080-8f67-16b58d57ac80#0:FAIL-t1
2022-02-15 23:30:10,394 [27f14ece-dda1-4864-b778-45133e24b62f@group-F43BA2CAE066-LeaderElection10] INFO  impl.LeaderElection (LeaderElection.java:logAndReturn(93)) -   Response 1: 27f14ece-dda1-4864-b778-45133e24b62f<-91679173-921c-4654-9093-8f81413a9b3b#0:FAIL-t1
2022-02-15 23:30:10,394 [27f14ece-dda1-4864-b778-45133e24b62f@group-F43BA2CAE066-LeaderElection10] INFO  impl.LeaderElection (LeaderElection.java:askForVotes(308)) - 27f14ece-dda1-4864-b778-45133e24b62f@group-F43BA2CAE066-LeaderElection10 ELECTION round 0: result REJECTED
2022-02-15 23:30:10,394 [27f14ece-dda1-4864-b778-45133e24b62f@group-F43BA2CAE066-LeaderElection10] INFO  server.RaftServer$Division (RaftServerImpl.java:setRole(290)) - 27f14ece-dda1-4864-b778-45133e24b62f@group-F43BA2CAE066: changes role from CANDIDATE to FOLLOWER at term 1 for REJECTED
2022-02-15 23:30:10,395 [27f14ece-dda1-4864-b778-45133e24b62f@group-F43BA2CAE066-LeaderElection10] INFO  impl.RoleInfo (RoleInfo.java:shutdownLeaderElection(121)) - 27f14ece-dda1-4864-b778-45133e24b62f: shutdown 27f14ece-dda1-4864-b778-45133e24b62f@group-F43BA2CAE066-LeaderElection10
2022-02-15 23:30:10,395 [27f14ece-dda1-4864-b778-45133e24b62f@group-F43BA2CAE066-LeaderElection10] INFO  impl.RoleInfo (RoleInfo.java:updateAndGet(130)) - 27f14ece-dda1-4864-b778-45133e24b62f: start 27f14ece-dda1-4864-b778-45133e24b62f@group-F43BA2CAE066-FollowerState
2022-02-15 23:30:10,497 [27f14ece-dda1-4864-b778-45133e24b62f@group-9F898AFB1AB9-FollowerState] INFO  impl.FollowerState (FollowerState.java:run(134)) - 27f14ece-dda1-4864-b778-45133e24b62f@group-9F898AFB1AB9-FollowerState: change to CANDIDATE, lastRpcElapsedTime:5100267933ns, electionTimeout:5098ms
2022-02-15 23:30:10,500 [27f14ece-dda1-4864-b778-45133e24b62f@group-9F898AFB1AB9-FollowerState] INFO  impl.RoleInfo (RoleInfo.java:shutdownFollowerState(108)) - 27f14ece-dda1-4864-b778-45133e24b62f: shutdown 27f14ece-dda1-4864-b778-45133e24b62f@group-9F898AFB1AB9-FollowerState
2022-02-15 23:30:10,500 [27f14ece-dda1-4864-b778-45133e24b62f@group-9F898AFB1AB9-FollowerState] INFO  server.RaftServer$Division (RaftServerImpl.java:setRole(290)) - 27f14ece-dda1-4864-b778-45133e24b62f@group-9F898AFB1AB9: changes role from  FOLLOWER to CANDIDATE at term 0 for changeToCandidate
2022-02-15 23:30:10,500 [27f14ece-dda1-4864-b778-45133e24b62f@group-9F898AFB1AB9-FollowerState] INFO  server.RaftServerConfigKeys (ConfUtils.java:logGet(44)) - raft.server.leaderelection.pre-vote = false (custom)
2022-02-15 23:30:10,500 [27f14ece-dda1-4864-b778-45133e24b62f@group-9F898AFB1AB9-FollowerState] INFO  impl.RoleInfo (RoleInfo.java:updateAndGet(130)) - 27f14ece-dda1-4864-b778-45133e24b62f: start 27f14ece-dda1-4864-b778-45133e24b62f@group-9F898AFB1AB9-LeaderElection11
2022-02-15 23:30:10,505 [27f14ece-dda1-4864-b778-45133e24b62f@group-9F898AFB1AB9-LeaderElection11] INFO  impl.LeaderElection (LeaderElection.java:askForVotes(306)) - 27f14ece-dda1-4864-b778-45133e24b62f@group-9F898AFB1AB9-LeaderElection11 ELECTION round 0: submit vote requests at term 1 for -1: [27f14ece-dda1-4864-b778-45133e24b62f|rpc:10.1.0.21:36089|priority:1], old=null
2022-02-15 23:30:10,506 [27f14ece-dda1-4864-b778-45133e24b62f@group-9F898AFB1AB9-LeaderElection11] INFO  impl.LeaderElection (LeaderElection.java:askForVotes(308)) - 27f14ece-dda1-4864-b778-45133e24b62f@group-9F898AFB1AB9-LeaderElection11 ELECTION round 0: result PASSED (term=1)
2022-02-15 23:30:10,506 [27f14ece-dda1-4864-b778-45133e24b62f@group-9F898AFB1AB9-LeaderElection11] INFO  impl.RoleInfo (RoleInfo.java:shutdownLeaderElection(121)) - 27f14ece-dda1-4864-b778-45133e24b62f: shutdown 27f14ece-dda1-4864-b778-45133e24b62f@group-9F898AFB1AB9-LeaderElection11
2022-02-15 23:30:10,506 [27f14ece-dda1-4864-b778-45133e24b62f@group-9F898AFB1AB9-LeaderElection11] INFO  server.RaftServer$Division (RaftServerImpl.java:setRole(290)) - 27f14ece-dda1-4864-b778-45133e24b62f@group-9F898AFB1AB9: changes role from CANDIDATE to LEADER at term 1 for changeToLeader
2022-02-15 23:30:10,506 [27f14ece-dda1-4864-b778-45133e24b62f@group-9F898AFB1AB9-LeaderElection11] INFO  ratis.XceiverServerRatis (XceiverServerRatis.java:handleLeaderChangedNotification(867)) - Leader change notification received for group: group-9F898AFB1AB9 with new leaderId: 27f14ece-dda1-4864-b778-45133e24b62f
2022-02-15 23:30:10,506 [27f14ece-dda1-4864-b778-45133e24b62f@group-9F898AFB1AB9-LeaderElection11] INFO  server.RaftServer$Division (ServerState.java:setLeader(285)) - 27f14ece-dda1-4864-b778-45133e24b62f@group-9F898AFB1AB9: change Leader from null to 27f14ece-dda1-4864-b778-45133e24b62f at term 1 for becomeLeader, leader elected after 5134ms
2022-02-15 23:30:10,506 [27f14ece-dda1-4864-b778-45133e24b62f@group-9F898AFB1AB9-LeaderElection11] INFO  server.RaftServerConfigKeys (ConfUtils.java:logGet(44)) - raft.server.staging.catchup.gap = 1000 (default)
2022-02-15 23:30:10,507 [27f14ece-dda1-4864-b778-45133e24b62f@group-9F898AFB1AB9-LeaderElection11] INFO  server.RaftServerConfigKeys (ConfUtils.java:logGet(44)) - raft.server.write.element-limit = 1024 (custom)
2022-02-15 23:30:10,507 [27f14ece-dda1-4864-b778-45133e24b62f@group-9F898AFB1AB9-LeaderElection11] INFO  server.RaftServerConfigKeys (ConfUtils.java:logGet(44)) - raft.server.write.byte-limit = 1024 M (=1073741824) (custom)
2022-02-15 23:30:10,507 [27f14ece-dda1-4864-b778-45133e24b62f@group-9F898AFB1AB9-LeaderElection11] INFO  server.RaftServerConfigKeys (ConfUtils.java:logGet(44)) - raft.server.watch.timeout = 180s (custom)
2022-02-15 23:30:10,507 [27f14ece-dda1-4864-b778-45133e24b62f@group-9F898AFB1AB9-LeaderElection11] INFO  server.RaftServerConfigKeys (ConfUtils.java:logGet(44)) - raft.server.watch.timeout.denomination = 1s (default)
2022-02-15 23:30:10,507 [27f14ece-dda1-4864-b778-45133e24b62f@group-9F898AFB1AB9-LeaderElection11] INFO  server.RaftServerConfigKeys (ConfUtils.java:logGet(44)) - raft.server.watch.element-limit = 65536 (default)
2022-02-15 23:30:10,507 [27f14ece-dda1-4864-b778-45133e24b62f@group-9F898AFB1AB9-LeaderElection11] INFO  server.RaftServerConfigKeys (ConfUtils.java:logGet(44)) - raft.server.write.element-limit = 1024 (custom)
2022-02-15 23:30:10,507 [27f14ece-dda1-4864-b778-45133e24b62f@group-9F898AFB1AB9-LeaderElection11] INFO  server.RaftServerConfigKeys (ConfUtils.java:logGet(44)) - raft.server.write.follower.gap.ratio.max = -1.0 (default)
2022-02-15 23:30:10,508 [27f14ece-dda1-4864-b778-45133e24b62f@group-9F898AFB1AB9-LeaderElection11] INFO  impl.RoleInfo (RoleInfo.java:updateAndGet(130)) - 27f14ece-dda1-4864-b778-45133e24b62f: start 27f14ece-dda1-4864-b778-45133e24b62f@group-9F898AFB1AB9-LeaderStateImpl
2022-02-15 23:30:10,508 [27f14ece-dda1-4864-b778-45133e24b62f@group-9F898AFB1AB9-LeaderElection11] INFO  segmented.SegmentedRaftLogWorker (SegmentedRaftLogWorker.java:startLogSegment(394)) - 27f14ece-dda1-4864-b778-45133e24b62f@group-9F898AFB1AB9-SegmentedRaftLogWorker: Starting segment from index:0
2022-02-15 23:30:10,508 [EventQueue-OpenPipelineForHealthyPipelineSafeModeRule] INFO  safemode.SCMSafeModeManager (HealthyPipelineSafeModeRule.java:process(124)) - SCM in safe mode. Healthy pipelines reported count is 0, required healthy pipeline reported count is 1
2022-02-15 23:30:10,511 [27f14ece-dda1-4864-b778-45133e24b62f@group-9F898AFB1AB9-SegmentedRaftLogWorker] INFO  segmented.SegmentedRaftLogWorker (SegmentedRaftLogWorker.java:execute(601)) - 27f14ece-dda1-4864-b778-45133e24b62f@group-9F898AFB1AB9-SegmentedRaftLogWorker: created new log segment /home/runner/work/ozone/ozone/hadoop-ozone/integration-test/target/test-dir/MiniOzoneClusterImpl-527fe069-2b78-49eb-8835-8cb6d6ba75bf/datanode-1/data/ratis/1c26c6a6-72bb-454c-a9b4-9f898afb1ab9/current/log_inprogress_0
2022-02-15 23:30:10,512 [27f14ece-dda1-4864-b778-45133e24b62f@group-9F898AFB1AB9-LeaderElection11] INFO  server.RaftServer$Division (ServerState.java:setRaftConf(387)) - 27f14ece-dda1-4864-b778-45133e24b62f@group-9F898AFB1AB9: set configuration 0: [27f14ece-dda1-4864-b778-45133e24b62f|rpc:10.1.0.21:36089|dataStream:|priority:1], old=null
2022-02-15 23:30:10,663 [Listener at 127.0.0.1/33593] INFO  ozone.MiniOzoneClusterImpl (MiniOzoneClusterImpl.java:lambda$waitForClusterToBeReady$0(219)) - Nodes are ready. Got 3 of 3 DN Heartbeats.
2022-02-15 23:30:10,663 [Listener at 127.0.0.1/33593] INFO  ozone.MiniOzoneClusterImpl (MiniOzoneClusterImpl.java:lambda$waitForClusterToBeReady$0(222)) - Waiting for cluster to exit safe mode
2022-02-15 23:30:10,663 [Listener at 127.0.0.1/33593] INFO  ozone.MiniOzoneClusterImpl (MiniOzoneClusterImpl.java:lambda$waitForClusterToBeReady$0(224)) - SCM became leader
2022-02-15 23:30:10,841 [5c3f3ce4-7956-4080-8f67-16b58d57ac80@group-6DFD48E94718-FollowerState] INFO  impl.FollowerState (FollowerState.java:run(134)) - 5c3f3ce4-7956-4080-8f67-16b58d57ac80@group-6DFD48E94718-FollowerState: change to CANDIDATE, lastRpcElapsedTime:5166908574ns, electionTimeout:5165ms
2022-02-15 23:30:10,841 [5c3f3ce4-7956-4080-8f67-16b58d57ac80@group-6DFD48E94718-FollowerState] INFO  impl.RoleInfo (RoleInfo.java:shutdownFollowerState(108)) - 5c3f3ce4-7956-4080-8f67-16b58d57ac80: shutdown 5c3f3ce4-7956-4080-8f67-16b58d57ac80@group-6DFD48E94718-FollowerState
2022-02-15 23:30:10,841 [5c3f3ce4-7956-4080-8f67-16b58d57ac80@group-6DFD48E94718-FollowerState] INFO  server.RaftServer$Division (RaftServerImpl.java:setRole(290)) - 5c3f3ce4-7956-4080-8f67-16b58d57ac80@group-6DFD48E94718: changes role from  FOLLOWER to CANDIDATE at term 0 for changeToCandidate
2022-02-15 23:30:10,842 [5c3f3ce4-7956-4080-8f67-16b58d57ac80@group-6DFD48E94718-FollowerState] INFO  server.RaftServerConfigKeys (ConfUtils.java:logGet(44)) - raft.server.leaderelection.pre-vote = false (custom)
2022-02-15 23:30:10,842 [5c3f3ce4-7956-4080-8f67-16b58d57ac80@group-6DFD48E94718-FollowerState] INFO  impl.RoleInfo (RoleInfo.java:updateAndGet(130)) - 5c3f3ce4-7956-4080-8f67-16b58d57ac80: start 5c3f3ce4-7956-4080-8f67-16b58d57ac80@group-6DFD48E94718-LeaderElection12
2022-02-15 23:30:10,846 [5c3f3ce4-7956-4080-8f67-16b58d57ac80@group-6DFD48E94718-LeaderElection12] INFO  impl.LeaderElection (LeaderElection.java:askForVotes(306)) - 5c3f3ce4-7956-4080-8f67-16b58d57ac80@group-6DFD48E94718-LeaderElection12 ELECTION round 0: submit vote requests at term 1 for -1: [5c3f3ce4-7956-4080-8f67-16b58d57ac80|rpc:10.1.0.21:33859|priority:1], old=null
2022-02-15 23:30:10,846 [5c3f3ce4-7956-4080-8f67-16b58d57ac80@group-6DFD48E94718-LeaderElection12] INFO  impl.LeaderElection (LeaderElection.java:askForVotes(308)) - 5c3f3ce4-7956-4080-8f67-16b58d57ac80@group-6DFD48E94718-LeaderElection12 ELECTION round 0: result PASSED (term=1)
2022-02-15 23:30:10,846 [5c3f3ce4-7956-4080-8f67-16b58d57ac80@group-6DFD48E94718-LeaderElection12] INFO  impl.RoleInfo (RoleInfo.java:shutdownLeaderElection(121)) - 5c3f3ce4-7956-4080-8f67-16b58d57ac80: shutdown 5c3f3ce4-7956-4080-8f67-16b58d57ac80@group-6DFD48E94718-LeaderElection12
2022-02-15 23:30:10,847 [5c3f3ce4-7956-4080-8f67-16b58d57ac80@group-6DFD48E94718-LeaderElection12] INFO  server.RaftServer$Division (RaftServerImpl.java:setRole(290)) - 5c3f3ce4-7956-4080-8f67-16b58d57ac80@group-6DFD48E94718: changes role from CANDIDATE to LEADER at term 1 for changeToLeader
2022-02-15 23:30:10,847 [5c3f3ce4-7956-4080-8f67-16b58d57ac80@group-6DFD48E94718-LeaderElection12] INFO  ratis.XceiverServerRatis (XceiverServerRatis.java:handleLeaderChangedNotification(867)) - Leader change notification received for group: group-6DFD48E94718 with new leaderId: 5c3f3ce4-7956-4080-8f67-16b58d57ac80
2022-02-15 23:30:10,847 [5c3f3ce4-7956-4080-8f67-16b58d57ac80@group-6DFD48E94718-LeaderElection12] INFO  server.RaftServer$Division (ServerState.java:setLeader(285)) - 5c3f3ce4-7956-4080-8f67-16b58d57ac80@group-6DFD48E94718: change Leader from null to 5c3f3ce4-7956-4080-8f67-16b58d57ac80 at term 1 for becomeLeader, leader elected after 5181ms
2022-02-15 23:30:10,847 [5c3f3ce4-7956-4080-8f67-16b58d57ac80@group-6DFD48E94718-LeaderElection12] INFO  server.RaftServerConfigKeys (ConfUtils.java:logGet(44)) - raft.server.staging.catchup.gap = 1000 (default)
2022-02-15 23:30:10,847 [5c3f3ce4-7956-4080-8f67-16b58d57ac80@group-6DFD48E94718-LeaderElection12] INFO  server.RaftServerConfigKeys (ConfUtils.java:logGet(44)) - raft.server.write.element-limit = 1024 (custom)
2022-02-15 23:30:10,848 [5c3f3ce4-7956-4080-8f67-16b58d57ac80@group-6DFD48E94718-LeaderElection12] INFO  server.RaftServerConfigKeys (ConfUtils.java:logGet(44)) - raft.server.write.byte-limit = 1024 M (=1073741824) (custom)
2022-02-15 23:30:10,848 [5c3f3ce4-7956-4080-8f67-16b58d57ac80@group-6DFD48E94718-LeaderElection12] INFO  server.RaftServerConfigKeys (ConfUtils.java:logGet(44)) - raft.server.watch.timeout = 180s (custom)
2022-02-15 23:30:10,848 [5c3f3ce4-7956-4080-8f67-16b58d57ac80@group-6DFD48E94718-LeaderElection12] INFO  server.RaftServerConfigKeys (ConfUtils.java:logGet(44)) - raft.server.watch.timeout.denomination = 1s (default)
2022-02-15 23:30:10,848 [5c3f3ce4-7956-4080-8f67-16b58d57ac80@group-6DFD48E94718-LeaderElection12] INFO  server.RaftServerConfigKeys (ConfUtils.java:logGet(44)) - raft.server.watch.element-limit = 65536 (default)
2022-02-15 23:30:10,848 [5c3f3ce4-7956-4080-8f67-16b58d57ac80@group-6DFD48E94718-LeaderElection12] INFO  server.RaftServerConfigKeys (ConfUtils.java:logGet(44)) - raft.server.write.element-limit = 1024 (custom)
2022-02-15 23:30:10,848 [5c3f3ce4-7956-4080-8f67-16b58d57ac80@group-6DFD48E94718-LeaderElection12] INFO  server.RaftServerConfigKeys (ConfUtils.java:logGet(44)) - raft.server.write.follower.gap.ratio.max = -1.0 (default)
2022-02-15 23:30:10,848 [5c3f3ce4-7956-4080-8f67-16b58d57ac80@group-6DFD48E94718-LeaderElection12] INFO  impl.RoleInfo (RoleInfo.java:updateAndGet(130)) - 5c3f3ce4-7956-4080-8f67-16b58d57ac80: start 5c3f3ce4-7956-4080-8f67-16b58d57ac80@group-6DFD48E94718-LeaderStateImpl
2022-02-15 23:30:10,849 [EventQueue-OpenPipelineForHealthyPipelineSafeModeRule] INFO  safemode.SCMSafeModeManager (HealthyPipelineSafeModeRule.java:process(124)) - SCM in safe mode. Healthy pipelines reported count is 0, required healthy pipeline reported count is 1
2022-02-15 23:30:10,849 [5c3f3ce4-7956-4080-8f67-16b58d57ac80@group-6DFD48E94718-LeaderElection12] INFO  segmented.SegmentedRaftLogWorker (SegmentedRaftLogWorker.java:startLogSegment(394)) - 5c3f3ce4-7956-4080-8f67-16b58d57ac80@group-6DFD48E94718-SegmentedRaftLogWorker: Starting segment from index:0
2022-02-15 23:30:10,850 [5c3f3ce4-7956-4080-8f67-16b58d57ac80@group-6DFD48E94718-SegmentedRaftLogWorker] INFO  segmented.SegmentedRaftLogWorker (SegmentedRaftLogWorker.java:execute(601)) - 5c3f3ce4-7956-4080-8f67-16b58d57ac80@group-6DFD48E94718-SegmentedRaftLogWorker: created new log segment /home/runner/work/ozone/ozone/hadoop-ozone/integration-test/target/test-dir/MiniOzoneClusterImpl-527fe069-2b78-49eb-8835-8cb6d6ba75bf/datanode-2/data/ratis/389f93d9-e212-4f1c-9318-6dfd48e94718/current/log_inprogress_0
2022-02-15 23:30:10,858 [5c3f3ce4-7956-4080-8f67-16b58d57ac80@group-6DFD48E94718-LeaderElection12] INFO  server.RaftServer$Division (ServerState.java:setRaftConf(387)) - 5c3f3ce4-7956-4080-8f67-16b58d57ac80@group-6DFD48E94718: set configuration 0: [5c3f3ce4-7956-4080-8f67-16b58d57ac80|rpc:10.1.0.21:33859|dataStream:|priority:1], old=null
2022-02-15 23:30:11,663 [Listener at 127.0.0.1/33593] INFO  ozone.MiniOzoneClusterImpl (MiniOzoneClusterImpl.java:lambda$waitForClusterToBeReady$0(219)) - Nodes are ready. Got 3 of 3 DN Heartbeats.
2022-02-15 23:30:11,664 [Listener at 127.0.0.1/33593] INFO  ozone.MiniOzoneClusterImpl (MiniOzoneClusterImpl.java:lambda$waitForClusterToBeReady$0(222)) - Waiting for cluster to exit safe mode
2022-02-15 23:30:11,664 [Listener at 127.0.0.1/33593] INFO  ozone.MiniOzoneClusterImpl (MiniOzoneClusterImpl.java:lambda$waitForClusterToBeReady$0(224)) - SCM became leader
2022-02-15 23:30:12,664 [Listener at 127.0.0.1/33593] INFO  ozone.MiniOzoneClusterImpl (MiniOzoneClusterImpl.java:lambda$waitForClusterToBeReady$0(219)) - Nodes are ready. Got 3 of 3 DN Heartbeats.
2022-02-15 23:30:12,664 [Listener at 127.0.0.1/33593] INFO  ozone.MiniOzoneClusterImpl (MiniOzoneClusterImpl.java:lambda$waitForClusterToBeReady$0(222)) - Waiting for cluster to exit safe mode
2022-02-15 23:30:12,664 [Listener at 127.0.0.1/33593] INFO  ozone.MiniOzoneClusterImpl (MiniOzoneClusterImpl.java:lambda$waitForClusterToBeReady$0(224)) - SCM became leader
2022-02-15 23:30:13,665 [Listener at 127.0.0.1/33593] INFO  ozone.MiniOzoneClusterImpl (MiniOzoneClusterImpl.java:lambda$waitForClusterToBeReady$0(219)) - Nodes are ready. Got 3 of 3 DN Heartbeats.
2022-02-15 23:30:13,665 [Listener at 127.0.0.1/33593] INFO  ozone.MiniOzoneClusterImpl (MiniOzoneClusterImpl.java:lambda$waitForClusterToBeReady$0(222)) - Waiting for cluster to exit safe mode
2022-02-15 23:30:13,665 [Listener at 127.0.0.1/33593] INFO  ozone.MiniOzoneClusterImpl (MiniOzoneClusterImpl.java:lambda$waitForClusterToBeReady$0(224)) - SCM became leader
2022-02-15 23:30:14,666 [Listener at 127.0.0.1/33593] INFO  ozone.MiniOzoneClusterImpl (MiniOzoneClusterImpl.java:lambda$waitForClusterToBeReady$0(219)) - Nodes are ready. Got 3 of 3 DN Heartbeats.
2022-02-15 23:30:14,666 [Listener at 127.0.0.1/33593] INFO  ozone.MiniOzoneClusterImpl (MiniOzoneClusterImpl.java:lambda$waitForClusterToBeReady$0(222)) - Waiting for cluster to exit safe mode
2022-02-15 23:30:14,666 [Listener at 127.0.0.1/33593] INFO  ozone.MiniOzoneClusterImpl (MiniOzoneClusterImpl.java:lambda$waitForClusterToBeReady$0(224)) - SCM became leader
2022-02-15 23:30:15,296 [27f14ece-dda1-4864-b778-45133e24b62f@group-0D52E2E582DD-FollowerState] INFO  impl.FollowerState (FollowerState.java:run(134)) - 27f14ece-dda1-4864-b778-45133e24b62f@group-0D52E2E582DD-FollowerState: change to CANDIDATE, lastRpcElapsedTime:5103697322ns, electionTimeout:5103ms
2022-02-15 23:30:15,297 [27f14ece-dda1-4864-b778-45133e24b62f@group-0D52E2E582DD-FollowerState] INFO  impl.RoleInfo (RoleInfo.java:shutdownFollowerState(108)) - 27f14ece-dda1-4864-b778-45133e24b62f: shutdown 27f14ece-dda1-4864-b778-45133e24b62f@group-0D52E2E582DD-FollowerState
2022-02-15 23:30:15,297 [27f14ece-dda1-4864-b778-45133e24b62f@group-0D52E2E582DD-FollowerState] INFO  server.RaftServer$Division (RaftServerImpl.java:setRole(290)) - 27f14ece-dda1-4864-b778-45133e24b62f@group-0D52E2E582DD: changes role from  FOLLOWER to CANDIDATE at term 1 for changeToCandidate
2022-02-15 23:30:15,297 [27f14ece-dda1-4864-b778-45133e24b62f@group-0D52E2E582DD-FollowerState] INFO  server.RaftServerConfigKeys (ConfUtils.java:logGet(44)) - raft.server.leaderelection.pre-vote = false (custom)
2022-02-15 23:30:15,297 [27f14ece-dda1-4864-b778-45133e24b62f@group-0D52E2E582DD-FollowerState] INFO  impl.RoleInfo (RoleInfo.java:updateAndGet(130)) - 27f14ece-dda1-4864-b778-45133e24b62f: start 27f14ece-dda1-4864-b778-45133e24b62f@group-0D52E2E582DD-LeaderElection13
2022-02-15 23:30:15,300 [27f14ece-dda1-4864-b778-45133e24b62f@group-0D52E2E582DD-LeaderElection13] INFO  impl.LeaderElection (LeaderElection.java:askForVotes(306)) - 27f14ece-dda1-4864-b778-45133e24b62f@group-0D52E2E582DD-LeaderElection13 ELECTION round 0: submit vote requests at term 2 for -1: [5c3f3ce4-7956-4080-8f67-16b58d57ac80|rpc:10.1.0.21:33859|dataStream:|priority:1, 27f14ece-dda1-4864-b778-45133e24b62f|rpc:10.1.0.21:36089|dataStream:|priority:0, 91679173-921c-4654-9093-8f81413a9b3b|rpc:10.1.0.21:35857|dataStream:|priority:0], old=null
2022-02-15 23:30:15,305 [grpc-default-executor-0] INFO  server.RaftServer$Division (RaftServerImpl.java:requestVote(1046)) - 91679173-921c-4654-9093-8f81413a9b3b@group-0D52E2E582DD: receive requestVote(ELECTION, 27f14ece-dda1-4864-b778-45133e24b62f, group-0D52E2E582DD, 2, (t:0, i:0))
2022-02-15 23:30:15,306 [grpc-default-executor-0] INFO  impl.VoteContext (VoteContext.java:log(48)) - 91679173-921c-4654-9093-8f81413a9b3b@group-0D52E2E582DD-FOLLOWER: accept ELECTION from 27f14ece-dda1-4864-b778-45133e24b62f: our priority 0 <= candidate's priority 0
2022-02-15 23:30:15,306 [grpc-default-executor-0] INFO  server.RaftServer$Division (RaftServerImpl.java:setRole(290)) - 91679173-921c-4654-9093-8f81413a9b3b@group-0D52E2E582DD: changes role from  FOLLOWER to FOLLOWER at term 2 for candidate:27f14ece-dda1-4864-b778-45133e24b62f
2022-02-15 23:30:15,306 [grpc-default-executor-0] INFO  impl.RoleInfo (RoleInfo.java:shutdownFollowerState(108)) - 91679173-921c-4654-9093-8f81413a9b3b: shutdown 91679173-921c-4654-9093-8f81413a9b3b@group-0D52E2E582DD-FollowerState
2022-02-15 23:30:15,306 [grpc-default-executor-0] INFO  impl.RoleInfo (RoleInfo.java:updateAndGet(130)) - 91679173-921c-4654-9093-8f81413a9b3b: start 91679173-921c-4654-9093-8f81413a9b3b@group-0D52E2E582DD-FollowerState
2022-02-15 23:30:15,306 [91679173-921c-4654-9093-8f81413a9b3b@group-0D52E2E582DD-FollowerState] INFO  impl.FollowerState (FollowerState.java:run(143)) - 91679173-921c-4654-9093-8f81413a9b3b@group-0D52E2E582DD-FollowerState was interrupted: {}
java.lang.InterruptedException: sleep interrupted
	at java.lang.Thread.sleep(Native Method)
	at java.lang.Thread.sleep(Thread.java:340)
	at java.util.concurrent.TimeUnit.sleep(TimeUnit.java:386)
	at org.apache.ratis.util.TimeDuration.sleep(TimeDuration.java:324)
	at org.apache.ratis.util.TimeDuration.sleep(TimeDuration.java:309)
	at org.apache.ratis.server.impl.FollowerState.run(FollowerState.java:118)
2022-02-15 23:30:15,307 [grpc-default-executor-0] INFO  server.RaftServer$Division (RaftServerImpl.java:requestVote(1078)) - 91679173-921c-4654-9093-8f81413a9b3b@group-0D52E2E582DD replies to ELECTION vote request: 27f14ece-dda1-4864-b778-45133e24b62f<-91679173-921c-4654-9093-8f81413a9b3b#0:OK-t2. Peer's state: 91679173-921c-4654-9093-8f81413a9b3b@group-0D52E2E582DD:t2, leader=null, voted=27f14ece-dda1-4864-b778-45133e24b62f, raftlog=91679173-921c-4654-9093-8f81413a9b3b@group-0D52E2E582DD-SegmentedRaftLog:OPENED:c-1, conf=-1: [5c3f3ce4-7956-4080-8f67-16b58d57ac80|rpc:10.1.0.21:33859|priority:1, 27f14ece-dda1-4864-b778-45133e24b62f|rpc:10.1.0.21:36089|priority:0, 91679173-921c-4654-9093-8f81413a9b3b|rpc:10.1.0.21:35857|priority:0], old=null
2022-02-15 23:30:15,307 [grpc-default-executor-2] INFO  server.RaftServer$Division (RaftServerImpl.java:requestVote(1046)) - 5c3f3ce4-7956-4080-8f67-16b58d57ac80@group-0D52E2E582DD: receive requestVote(ELECTION, 27f14ece-dda1-4864-b778-45133e24b62f, group-0D52E2E582DD, 2, (t:0, i:0))
2022-02-15 23:30:15,309 [grpc-default-executor-2] INFO  impl.VoteContext (VoteContext.java:log(48)) - 5c3f3ce4-7956-4080-8f67-16b58d57ac80@group-0D52E2E582DD-FOLLOWER: reject ELECTION from 27f14ece-dda1-4864-b778-45133e24b62f: our priority 1 > candidate's priority 0
2022-02-15 23:30:15,309 [grpc-default-executor-2] INFO  server.RaftServer$Division (RaftServerImpl.java:setRole(290)) - 5c3f3ce4-7956-4080-8f67-16b58d57ac80@group-0D52E2E582DD: changes role from  FOLLOWER to FOLLOWER at term 2 for candidate:27f14ece-dda1-4864-b778-45133e24b62f
2022-02-15 23:30:15,309 [grpc-default-executor-2] INFO  impl.RoleInfo (RoleInfo.java:shutdownFollowerState(108)) - 5c3f3ce4-7956-4080-8f67-16b58d57ac80: shutdown 5c3f3ce4-7956-4080-8f67-16b58d57ac80@group-0D52E2E582DD-FollowerState
2022-02-15 23:30:15,310 [grpc-default-executor-2] INFO  impl.RoleInfo (RoleInfo.java:updateAndGet(130)) - 5c3f3ce4-7956-4080-8f67-16b58d57ac80: start 5c3f3ce4-7956-4080-8f67-16b58d57ac80@group-0D52E2E582DD-FollowerState
2022-02-15 23:30:15,310 [5c3f3ce4-7956-4080-8f67-16b58d57ac80@group-0D52E2E582DD-FollowerState] INFO  impl.FollowerState (FollowerState.java:run(143)) - 5c3f3ce4-7956-4080-8f67-16b58d57ac80@group-0D52E2E582DD-FollowerState was interrupted: {}
java.lang.InterruptedException: sleep interrupted
	at java.lang.Thread.sleep(Native Method)
	at java.lang.Thread.sleep(Thread.java:340)
	at java.util.concurrent.TimeUnit.sleep(TimeUnit.java:386)
	at org.apache.ratis.util.TimeDuration.sleep(TimeDuration.java:324)
	at org.apache.ratis.util.TimeDuration.sleep(TimeDuration.java:309)
	at org.apache.ratis.server.impl.FollowerState.run(FollowerState.java:118)
2022-02-15 23:30:15,317 [grpc-default-executor-2] INFO  server.RaftServer$Division (RaftServerImpl.java:requestVote(1078)) - 5c3f3ce4-7956-4080-8f67-16b58d57ac80@group-0D52E2E582DD replies to ELECTION vote request: 27f14ece-dda1-4864-b778-45133e24b62f<-5c3f3ce4-7956-4080-8f67-16b58d57ac80#0:FAIL-t2. Peer's state: 5c3f3ce4-7956-4080-8f67-16b58d57ac80@group-0D52E2E582DD:t2, leader=null, voted=null, raftlog=5c3f3ce4-7956-4080-8f67-16b58d57ac80@group-0D52E2E582DD-SegmentedRaftLog:OPENED:c-1, conf=-1: [5c3f3ce4-7956-4080-8f67-16b58d57ac80|rpc:10.1.0.21:33859|dataStream:|priority:1, 27f14ece-dda1-4864-b778-45133e24b62f|rpc:10.1.0.21:36089|dataStream:|priority:0, 91679173-921c-4654-9093-8f81413a9b3b|rpc:10.1.0.21:35857|dataStream:|priority:0], old=null
2022-02-15 23:30:15,321 [27f14ece-dda1-4864-b778-45133e24b62f@group-0D52E2E582DD-LeaderElection13] INFO  impl.LeaderElection (LeaderElection.java:logAndReturn(89)) - 27f14ece-dda1-4864-b778-45133e24b62f@group-0D52E2E582DD-LeaderElection13: ELECTION REJECTED received 2 response(s) and 0 exception(s):
2022-02-15 23:30:15,322 [27f14ece-dda1-4864-b778-45133e24b62f@group-0D52E2E582DD-LeaderElection13] INFO  impl.LeaderElection (LeaderElection.java:logAndReturn(93)) -   Response 0: 27f14ece-dda1-4864-b778-45133e24b62f<-5c3f3ce4-7956-4080-8f67-16b58d57ac80#0:FAIL-t2
2022-02-15 23:30:15,322 [27f14ece-dda1-4864-b778-45133e24b62f@group-0D52E2E582DD-LeaderElection13] INFO  impl.LeaderElection (LeaderElection.java:logAndReturn(93)) -   Response 1: 27f14ece-dda1-4864-b778-45133e24b62f<-91679173-921c-4654-9093-8f81413a9b3b#0:OK-t2
2022-02-15 23:30:15,322 [27f14ece-dda1-4864-b778-45133e24b62f@group-0D52E2E582DD-LeaderElection13] INFO  impl.LeaderElection (LeaderElection.java:askForVotes(308)) - 27f14ece-dda1-4864-b778-45133e24b62f@group-0D52E2E582DD-LeaderElection13 ELECTION round 0: result REJECTED
2022-02-15 23:30:15,322 [27f14ece-dda1-4864-b778-45133e24b62f@group-0D52E2E582DD-LeaderElection13] INFO  server.RaftServer$Division (RaftServerImpl.java:setRole(290)) - 27f14ece-dda1-4864-b778-45133e24b62f@group-0D52E2E582DD: changes role from CANDIDATE to FOLLOWER at term 2 for REJECTED
2022-02-15 23:30:15,322 [27f14ece-dda1-4864-b778-45133e24b62f@group-0D52E2E582DD-LeaderElection13] INFO  impl.RoleInfo (RoleInfo.java:shutdownLeaderElection(121)) - 27f14ece-dda1-4864-b778-45133e24b62f: shutdown 27f14ece-dda1-4864-b778-45133e24b62f@group-0D52E2E582DD-LeaderElection13
2022-02-15 23:30:15,322 [27f14ece-dda1-4864-b778-45133e24b62f@group-0D52E2E582DD-LeaderElection13] INFO  impl.RoleInfo (RoleInfo.java:updateAndGet(130)) - 27f14ece-dda1-4864-b778-45133e24b62f: start 27f14ece-dda1-4864-b778-45133e24b62f@group-0D52E2E582DD-FollowerState
2022-02-15 23:30:15,437 [27f14ece-dda1-4864-b778-45133e24b62f@group-F43BA2CAE066-FollowerState] INFO  impl.FollowerState (FollowerState.java:run(134)) - 27f14ece-dda1-4864-b778-45133e24b62f@group-F43BA2CAE066-FollowerState: change to CANDIDATE, lastRpcElapsedTime:5042360742ns, electionTimeout:5042ms
2022-02-15 23:30:15,439 [27f14ece-dda1-4864-b778-45133e24b62f@group-F43BA2CAE066-FollowerState] INFO  impl.RoleInfo (RoleInfo.java:shutdownFollowerState(108)) - 27f14ece-dda1-4864-b778-45133e24b62f: shutdown 27f14ece-dda1-4864-b778-45133e24b62f@group-F43BA2CAE066-FollowerState
2022-02-15 23:30:15,439 [27f14ece-dda1-4864-b778-45133e24b62f@group-F43BA2CAE066-FollowerState] INFO  server.RaftServer$Division (RaftServerImpl.java:setRole(290)) - 27f14ece-dda1-4864-b778-45133e24b62f@group-F43BA2CAE066: changes role from  FOLLOWER to CANDIDATE at term 1 for changeToCandidate
2022-02-15 23:30:15,439 [27f14ece-dda1-4864-b778-45133e24b62f@group-F43BA2CAE066-FollowerState] INFO  server.RaftServerConfigKeys (ConfUtils.java:logGet(44)) - raft.server.leaderelection.pre-vote = false (custom)
2022-02-15 23:30:15,439 [27f14ece-dda1-4864-b778-45133e24b62f@group-F43BA2CAE066-FollowerState] INFO  impl.RoleInfo (RoleInfo.java:updateAndGet(130)) - 27f14ece-dda1-4864-b778-45133e24b62f: start 27f14ece-dda1-4864-b778-45133e24b62f@group-F43BA2CAE066-LeaderElection14
2022-02-15 23:30:15,450 [27f14ece-dda1-4864-b778-45133e24b62f@group-F43BA2CAE066-LeaderElection14] INFO  impl.LeaderElection (LeaderElection.java:askForVotes(306)) - 27f14ece-dda1-4864-b778-45133e24b62f@group-F43BA2CAE066-LeaderElection14 ELECTION round 0: submit vote requests at term 2 for -1: [5c3f3ce4-7956-4080-8f67-16b58d57ac80|rpc:10.1.0.21:33859|dataStream:|priority:0, 27f14ece-dda1-4864-b778-45133e24b62f|rpc:10.1.0.21:36089|dataStream:|priority:1, 91679173-921c-4654-9093-8f81413a9b3b|rpc:10.1.0.21:35857|dataStream:|priority:0], old=null
2022-02-15 23:30:15,454 [grpc-default-executor-2] INFO  server.RaftServer$Division (RaftServerImpl.java:requestVote(1046)) - 5c3f3ce4-7956-4080-8f67-16b58d57ac80@group-F43BA2CAE066: receive requestVote(ELECTION, 27f14ece-dda1-4864-b778-45133e24b62f, group-F43BA2CAE066, 2, (t:0, i:0))
2022-02-15 23:30:15,454 [grpc-default-executor-2] INFO  impl.VoteContext (VoteContext.java:log(48)) - 5c3f3ce4-7956-4080-8f67-16b58d57ac80@group-F43BA2CAE066-FOLLOWER: accept ELECTION from 27f14ece-dda1-4864-b778-45133e24b62f: our priority 0 <= candidate's priority 1
2022-02-15 23:30:15,454 [grpc-default-executor-2] INFO  server.RaftServer$Division (RaftServerImpl.java:setRole(290)) - 5c3f3ce4-7956-4080-8f67-16b58d57ac80@group-F43BA2CAE066: changes role from  FOLLOWER to FOLLOWER at term 2 for candidate:27f14ece-dda1-4864-b778-45133e24b62f
2022-02-15 23:30:15,454 [grpc-default-executor-2] INFO  impl.RoleInfo (RoleInfo.java:shutdownFollowerState(108)) - 5c3f3ce4-7956-4080-8f67-16b58d57ac80: shutdown 5c3f3ce4-7956-4080-8f67-16b58d57ac80@group-F43BA2CAE066-FollowerState
2022-02-15 23:30:15,454 [grpc-default-executor-2] INFO  impl.RoleInfo (RoleInfo.java:updateAndGet(130)) - 5c3f3ce4-7956-4080-8f67-16b58d57ac80: start 5c3f3ce4-7956-4080-8f67-16b58d57ac80@group-F43BA2CAE066-FollowerState
2022-02-15 23:30:15,454 [5c3f3ce4-7956-4080-8f67-16b58d57ac80@group-F43BA2CAE066-FollowerState] INFO  impl.FollowerState (FollowerState.java:run(143)) - 5c3f3ce4-7956-4080-8f67-16b58d57ac80@group-F43BA2CAE066-FollowerState was interrupted: {}
java.lang.InterruptedException: sleep interrupted
	at java.lang.Thread.sleep(Native Method)
	at java.lang.Thread.sleep(Thread.java:340)
	at java.util.concurrent.TimeUnit.sleep(TimeUnit.java:386)
	at org.apache.ratis.util.TimeDuration.sleep(TimeDuration.java:324)
	at org.apache.ratis.util.TimeDuration.sleep(TimeDuration.java:309)
	at org.apache.ratis.server.impl.FollowerState.run(FollowerState.java:118)
2022-02-15 23:30:15,461 [grpc-default-executor-0] INFO  server.RaftServer$Division (RaftServerImpl.java:requestVote(1046)) - 91679173-921c-4654-9093-8f81413a9b3b@group-F43BA2CAE066: receive requestVote(ELECTION, 27f14ece-dda1-4864-b778-45133e24b62f, group-F43BA2CAE066, 2, (t:0, i:0))
2022-02-15 23:30:15,461 [grpc-default-executor-0] INFO  impl.VoteContext (VoteContext.java:log(48)) - 91679173-921c-4654-9093-8f81413a9b3b@group-F43BA2CAE066-FOLLOWER: accept ELECTION from 27f14ece-dda1-4864-b778-45133e24b62f: our priority 0 <= candidate's priority 1
2022-02-15 23:30:15,461 [grpc-default-executor-0] INFO  server.RaftServer$Division (RaftServerImpl.java:setRole(290)) - 91679173-921c-4654-9093-8f81413a9b3b@group-F43BA2CAE066: changes role from  FOLLOWER to FOLLOWER at term 2 for candidate:27f14ece-dda1-4864-b778-45133e24b62f
2022-02-15 23:30:15,461 [grpc-default-executor-0] INFO  impl.RoleInfo (RoleInfo.java:shutdownFollowerState(108)) - 91679173-921c-4654-9093-8f81413a9b3b: shutdown 91679173-921c-4654-9093-8f81413a9b3b@group-F43BA2CAE066-FollowerState
2022-02-15 23:30:15,461 [grpc-default-executor-0] INFO  impl.RoleInfo (RoleInfo.java:updateAndGet(130)) - 91679173-921c-4654-9093-8f81413a9b3b: start 91679173-921c-4654-9093-8f81413a9b3b@group-F43BA2CAE066-FollowerState
2022-02-15 23:30:15,461 [91679173-921c-4654-9093-8f81413a9b3b@group-F43BA2CAE066-FollowerState] INFO  impl.FollowerState (FollowerState.java:run(143)) - 91679173-921c-4654-9093-8f81413a9b3b@group-F43BA2CAE066-FollowerState was interrupted: {}
java.lang.InterruptedException: sleep interrupted
	at java.lang.Thread.sleep(Native Method)
	at java.lang.Thread.sleep(Thread.java:340)
	at java.util.concurrent.TimeUnit.sleep(TimeUnit.java:386)
	at org.apache.ratis.util.TimeDuration.sleep(TimeDuration.java:324)
	at org.apache.ratis.util.TimeDuration.sleep(TimeDuration.java:309)
	at org.apache.ratis.server.impl.FollowerState.run(FollowerState.java:118)
2022-02-15 23:30:15,461 [grpc-default-executor-2] INFO  server.RaftServer$Division (RaftServerImpl.java:requestVote(1078)) - 5c3f3ce4-7956-4080-8f67-16b58d57ac80@group-F43BA2CAE066 replies to ELECTION vote request: 27f14ece-dda1-4864-b778-45133e24b62f<-5c3f3ce4-7956-4080-8f67-16b58d57ac80#0:OK-t2. Peer's state: 5c3f3ce4-7956-4080-8f67-16b58d57ac80@group-F43BA2CAE066:t2, leader=null, voted=27f14ece-dda1-4864-b778-45133e24b62f, raftlog=5c3f3ce4-7956-4080-8f67-16b58d57ac80@group-F43BA2CAE066-SegmentedRaftLog:OPENED:c-1, conf=-1: [5c3f3ce4-7956-4080-8f67-16b58d57ac80|rpc:10.1.0.21:33859|dataStream:|priority:0, 27f14ece-dda1-4864-b778-45133e24b62f|rpc:10.1.0.21:36089|dataStream:|priority:1, 91679173-921c-4654-9093-8f81413a9b3b|rpc:10.1.0.21:35857|dataStream:|priority:0], old=null
2022-02-15 23:30:15,464 [27f14ece-dda1-4864-b778-45133e24b62f@group-F43BA2CAE066-LeaderElection14] INFO  impl.LeaderElection (LeaderElection.java:logAndReturn(89)) - 27f14ece-dda1-4864-b778-45133e24b62f@group-F43BA2CAE066-LeaderElection14: ELECTION PASSED received 1 response(s) and 0 exception(s):
2022-02-15 23:30:15,464 [27f14ece-dda1-4864-b778-45133e24b62f@group-F43BA2CAE066-LeaderElection14] INFO  impl.LeaderElection (LeaderElection.java:logAndReturn(93)) -   Response 0: 27f14ece-dda1-4864-b778-45133e24b62f<-5c3f3ce4-7956-4080-8f67-16b58d57ac80#0:OK-t2
2022-02-15 23:30:15,464 [27f14ece-dda1-4864-b778-45133e24b62f@group-F43BA2CAE066-LeaderElection14] INFO  impl.LeaderElection (LeaderElection.java:askForVotes(308)) - 27f14ece-dda1-4864-b778-45133e24b62f@group-F43BA2CAE066-LeaderElection14 ELECTION round 0: result PASSED
2022-02-15 23:30:15,464 [27f14ece-dda1-4864-b778-45133e24b62f@group-F43BA2CAE066-LeaderElection14] INFO  impl.RoleInfo (RoleInfo.java:shutdownLeaderElection(121)) - 27f14ece-dda1-4864-b778-45133e24b62f: shutdown 27f14ece-dda1-4864-b778-45133e24b62f@group-F43BA2CAE066-LeaderElection14
2022-02-15 23:30:15,465 [27f14ece-dda1-4864-b778-45133e24b62f@group-F43BA2CAE066-LeaderElection14] INFO  server.RaftServer$Division (RaftServerImpl.java:setRole(290)) - 27f14ece-dda1-4864-b778-45133e24b62f@group-F43BA2CAE066: changes role from CANDIDATE to LEADER at term 2 for changeToLeader
2022-02-15 23:30:15,465 [27f14ece-dda1-4864-b778-45133e24b62f@group-F43BA2CAE066-LeaderElection14] INFO  ratis.XceiverServerRatis (XceiverServerRatis.java:handleLeaderChangedNotification(867)) - Leader change notification received for group: group-F43BA2CAE066 with new leaderId: 27f14ece-dda1-4864-b778-45133e24b62f
2022-02-15 23:30:15,465 [27f14ece-dda1-4864-b778-45133e24b62f@group-F43BA2CAE066-LeaderElection14] INFO  server.RaftServer$Division (ServerState.java:setLeader(285)) - 27f14ece-dda1-4864-b778-45133e24b62f@group-F43BA2CAE066: change Leader from null to 27f14ece-dda1-4864-b778-45133e24b62f at term 2 for becomeLeader, leader elected after 10187ms
2022-02-15 23:30:15,465 [27f14ece-dda1-4864-b778-45133e24b62f@group-F43BA2CAE066-LeaderElection14] INFO  server.RaftServerConfigKeys (ConfUtils.java:logGet(44)) - raft.server.staging.catchup.gap = 1000 (default)
2022-02-15 23:30:15,466 [27f14ece-dda1-4864-b778-45133e24b62f@group-F43BA2CAE066-LeaderElection14] INFO  server.RaftServerConfigKeys (ConfUtils.java:logGet(44)) - raft.server.write.element-limit = 1024 (custom)
2022-02-15 23:30:15,466 [27f14ece-dda1-4864-b778-45133e24b62f@group-F43BA2CAE066-LeaderElection14] INFO  server.RaftServerConfigKeys (ConfUtils.java:logGet(44)) - raft.server.write.byte-limit = 1024 M (=1073741824) (custom)
2022-02-15 23:30:15,466 [27f14ece-dda1-4864-b778-45133e24b62f@group-F43BA2CAE066-LeaderElection14] INFO  server.RaftServerConfigKeys (ConfUtils.java:logGet(44)) - raft.server.watch.timeout = 180s (custom)
2022-02-15 23:30:15,466 [27f14ece-dda1-4864-b778-45133e24b62f@group-F43BA2CAE066-LeaderElection14] INFO  server.RaftServerConfigKeys (ConfUtils.java:logGet(44)) - raft.server.watch.timeout.denomination = 1s (default)
2022-02-15 23:30:15,466 [27f14ece-dda1-4864-b778-45133e24b62f@group-F43BA2CAE066-LeaderElection14] INFO  server.RaftServerConfigKeys (ConfUtils.java:logGet(44)) - raft.server.watch.element-limit = 65536 (default)
2022-02-15 23:30:15,466 [27f14ece-dda1-4864-b778-45133e24b62f@group-F43BA2CAE066-LeaderElection14] INFO  server.RaftServerConfigKeys (ConfUtils.java:logGet(44)) - raft.server.write.element-limit = 1024 (custom)
2022-02-15 23:30:15,466 [27f14ece-dda1-4864-b778-45133e24b62f@group-F43BA2CAE066-LeaderElection14] INFO  server.RaftServerConfigKeys (ConfUtils.java:logGet(44)) - raft.server.write.follower.gap.ratio.max = -1.0 (default)
2022-02-15 23:30:15,466 [27f14ece-dda1-4864-b778-45133e24b62f@group-F43BA2CAE066-LeaderElection14] INFO  server.RaftServerConfigKeys (ConfUtils.java:logGet(44)) - raft.server.log.appender.snapshot.chunk.size.max = 16MB (=16777216) (default)
2022-02-15 23:30:15,466 [27f14ece-dda1-4864-b778-45133e24b62f@group-F43BA2CAE066-LeaderElection14] INFO  server.RaftServerConfigKeys (ConfUtils.java:logGet(44)) - raft.server.log.appender.buffer.byte-limit = 33554432 (custom)
2022-02-15 23:30:15,466 [27f14ece-dda1-4864-b778-45133e24b62f@group-F43BA2CAE066-LeaderElection14] INFO  server.RaftServerConfigKeys (ConfUtils.java:logGet(44)) - raft.server.log.appender.buffer.element-limit = 1 (custom)
2022-02-15 23:30:15,467 [27f14ece-dda1-4864-b778-45133e24b62f@group-F43BA2CAE066-LeaderElection14] INFO  grpc.GrpcConfigKeys (ConfUtils.java:logGet(44)) - raft.grpc.server.leader.outstanding.appends.max = 128 (default)
2022-02-15 23:30:15,467 [27f14ece-dda1-4864-b778-45133e24b62f@group-F43BA2CAE066-LeaderElection14] INFO  server.RaftServerConfigKeys (ConfUtils.java:logGet(44)) - raft.server.rpc.request.timeout = 60s (custom)
2022-02-15 23:30:15,467 [27f14ece-dda1-4864-b778-45133e24b62f@group-F43BA2CAE066-LeaderElection14] INFO  server.RaftServerConfigKeys (ConfUtils.java:logGet(44)) - raft.server.log.appender.install.snapshot.enabled = false (custom)
2022-02-15 23:30:15,467 [27f14ece-dda1-4864-b778-45133e24b62f@group-F43BA2CAE066-LeaderElection14] INFO  server.RaftServerConfigKeys (ConfUtils.java:logGet(44)) - raft.server.log.appender.snapshot.chunk.size.max = 16MB (=16777216) (default)
2022-02-15 23:30:15,467 [27f14ece-dda1-4864-b778-45133e24b62f@group-F43BA2CAE066-LeaderElection14] INFO  server.RaftServerConfigKeys (ConfUtils.java:logGet(44)) - raft.server.log.appender.buffer.byte-limit = 33554432 (custom)
2022-02-15 23:30:15,467 [27f14ece-dda1-4864-b778-45133e24b62f@group-F43BA2CAE066-LeaderElection14] INFO  server.RaftServerConfigKeys (ConfUtils.java:logGet(44)) - raft.server.log.appender.buffer.element-limit = 1 (custom)
2022-02-15 23:30:15,467 [27f14ece-dda1-4864-b778-45133e24b62f@group-F43BA2CAE066-LeaderElection14] INFO  grpc.GrpcConfigKeys (ConfUtils.java:logGet(44)) - raft.grpc.server.leader.outstanding.appends.max = 128 (default)
2022-02-15 23:30:15,468 [27f14ece-dda1-4864-b778-45133e24b62f@group-F43BA2CAE066-LeaderElection14] INFO  server.RaftServerConfigKeys (ConfUtils.java:logGet(44)) - raft.server.rpc.request.timeout = 60s (custom)
2022-02-15 23:30:15,468 [27f14ece-dda1-4864-b778-45133e24b62f@group-F43BA2CAE066-LeaderElection14] INFO  server.RaftServerConfigKeys (ConfUtils.java:logGet(44)) - raft.server.log.appender.install.snapshot.enabled = false (custom)
2022-02-15 23:30:15,468 [27f14ece-dda1-4864-b778-45133e24b62f@group-F43BA2CAE066-LeaderElection14] INFO  impl.RoleInfo (RoleInfo.java:updateAndGet(130)) - 27f14ece-dda1-4864-b778-45133e24b62f: start 27f14ece-dda1-4864-b778-45133e24b62f@group-F43BA2CAE066-LeaderStateImpl
2022-02-15 23:30:15,468 [27f14ece-dda1-4864-b778-45133e24b62f@group-F43BA2CAE066-LeaderElection14] INFO  segmented.SegmentedRaftLogWorker (SegmentedRaftLogWorker.java:startLogSegment(394)) - 27f14ece-dda1-4864-b778-45133e24b62f@group-F43BA2CAE066-SegmentedRaftLogWorker: Starting segment from index:0
2022-02-15 23:30:15,470 [27f14ece-dda1-4864-b778-45133e24b62f@group-F43BA2CAE066-SegmentedRaftLogWorker] INFO  segmented.SegmentedRaftLogWorker (SegmentedRaftLogWorker.java:execute(601)) - 27f14ece-dda1-4864-b778-45133e24b62f@group-F43BA2CAE066-SegmentedRaftLogWorker: created new log segment /home/runner/work/ozone/ozone/hadoop-ozone/integration-test/target/test-dir/MiniOzoneClusterImpl-527fe069-2b78-49eb-8835-8cb6d6ba75bf/datanode-1/data/ratis/47b1ed7d-e7e5-47b1-a6fc-f43ba2cae066/current/log_inprogress_0
2022-02-15 23:30:15,471 [grpc-default-executor-0] INFO  server.RaftServer$Division (RaftServerImpl.java:requestVote(1078)) - 91679173-921c-4654-9093-8f81413a9b3b@group-F43BA2CAE066 replies to ELECTION vote request: 27f14ece-dda1-4864-b778-45133e24b62f<-91679173-921c-4654-9093-8f81413a9b3b#0:OK-t2. Peer's state: 91679173-921c-4654-9093-8f81413a9b3b@group-F43BA2CAE066:t2, leader=null, voted=27f14ece-dda1-4864-b778-45133e24b62f, raftlog=91679173-921c-4654-9093-8f81413a9b3b@group-F43BA2CAE066-SegmentedRaftLog:OPENED:c-1, conf=-1: [5c3f3ce4-7956-4080-8f67-16b58d57ac80|rpc:10.1.0.21:33859|priority:0, 27f14ece-dda1-4864-b778-45133e24b62f|rpc:10.1.0.21:36089|priority:1, 91679173-921c-4654-9093-8f81413a9b3b|rpc:10.1.0.21:35857|priority:0], old=null
2022-02-15 23:30:15,473 [EventQueue-PipelineReportForPipelineReportHandler] INFO  pipeline.PipelineManagerImpl (PipelineManagerImpl.java:openPipeline(291)) - Pipeline Pipeline[ Id: 47b1ed7d-e7e5-47b1-a6fc-f43ba2cae066, Nodes: 27f14ece-dda1-4864-b778-45133e24b62f{ip: 10.1.0.21, host: fv-az297-531.nmf1rxwemy4u5di1sxxf4ejcwb.jx.internal.cloudapp.net, ports: [REPLICATION=42173, RATIS=36089, RATIS_ADMIN=36089, RATIS_SERVER=36089, STANDALONE=42791], networkLocation: /default-rack, certSerialId: null, persistedOpState: IN_SERVICE, persistedOpStateExpiryEpochSec: 0}91679173-921c-4654-9093-8f81413a9b3b{ip: 10.1.0.21, host: fv-az297-531.nmf1rxwemy4u5di1sxxf4ejcwb.jx.internal.cloudapp.net, ports: [REPLICATION=44271, RATIS=35857, RATIS_ADMIN=35857, RATIS_SERVER=35857, STANDALONE=42217], networkLocation: /default-rack, certSerialId: null, persistedOpState: IN_SERVICE, persistedOpStateExpiryEpochSec: 0}5c3f3ce4-7956-4080-8f67-16b58d57ac80{ip: 10.1.0.21, host: fv-az297-531.nmf1rxwemy4u5di1sxxf4ejcwb.jx.internal.cloudapp.net, ports: [REPLICATION=42281, RATIS=33859, RATIS_ADMIN=33859, RATIS_SERVER=33859, STANDALONE=37365], networkLocation: /default-rack, certSerialId: null, persistedOpState: IN_SERVICE, persistedOpStateExpiryEpochSec: 0}, ReplicationConfig: RATIS/THREE, State:ALLOCATED, leaderId:27f14ece-dda1-4864-b778-45133e24b62f, CreationTimestamp2022-02-15T23:30:02.677Z[Etc/UTC]] moved to OPEN state
2022-02-15 23:30:15,480 [27f14ece-dda1-4864-b778-45133e24b62f@group-F43BA2CAE066-LeaderElection14] INFO  server.RaftServer$Division (ServerState.java:setRaftConf(387)) - 27f14ece-dda1-4864-b778-45133e24b62f@group-F43BA2CAE066: set configuration 0: [5c3f3ce4-7956-4080-8f67-16b58d57ac80|rpc:10.1.0.21:33859|dataStream:|priority:0, 27f14ece-dda1-4864-b778-45133e24b62f|rpc:10.1.0.21:36089|dataStream:|priority:1, 91679173-921c-4654-9093-8f81413a9b3b|rpc:10.1.0.21:35857|dataStream:|priority:0], old=null
2022-02-15 23:30:15,492 [41f0e2a1-74af-4a99-b882-aaa35b27024d@group-8CB6D6BA75BF-StateMachineUpdater] INFO  safemode.HealthyPipelineSafeModeRule (HealthyPipelineSafeModeRule.java:initializeRule(152)) - Refreshed total pipeline count is 1, healthy pipeline threshold count is 1
2022-02-15 23:30:15,493 [EventQueue-OpenPipelineForHealthyPipelineSafeModeRule] INFO  safemode.SCMSafeModeManager (HealthyPipelineSafeModeRule.java:process(124)) - SCM in safe mode. Healthy pipelines reported count is 1, required healthy pipeline reported count is 1
2022-02-15 23:30:15,493 [EventQueue-OpenPipelineForHealthyPipelineSafeModeRule] INFO  safemode.SCMSafeModeManager (SCMSafeModeManager.java:validateSafeModeExitRules(204)) - HealthyPipelineSafeModeRule rule is successfully validated
2022-02-15 23:30:15,493 [EventQueue-OpenPipelineForHealthyPipelineSafeModeRule] INFO  safemode.SCMSafeModeManager (SCMSafeModeManager.java:validateSafeModeExitRules(219)) - ScmSafeModeManager, all rules are successfully validated
2022-02-15 23:30:15,493 [EventQueue-OpenPipelineForHealthyPipelineSafeModeRule] INFO  safemode.SCMSafeModeManager (SCMSafeModeManager.java:exitSafeMode(248)) - SCM exiting safe mode.
2022-02-15 23:30:15,493 [EventQueue-OpenPipelineForHealthyPipelineSafeModeRule] WARN  events.EventQueue (EventQueue.java:fireEvent(194)) - No event handler registered for event TypedEvent{payloadType=SafeModeStatus, name='Safe mode status'}
2022-02-15 23:30:15,494 [EventQueue-OpenPipelineForHealthyPipelineSafeModeRule] INFO  ha.SCMContext (SCMContext.java:updateSafeModeStatus(211)) - Update SafeModeStatus from SafeModeStatus{safeModeStatus=true, preCheckPassed=true} to SafeModeStatus{safeModeStatus=false, preCheckPassed=true}.
2022-02-15 23:30:15,494 [EventQueue-OpenPipelineForHealthyPipelineSafeModeRule] INFO  container.ReplicationManager (ReplicationManager.java:notifyStatusChanged(1807)) - Service ReplicationManager transitions to RUNNING.
2022-02-15 23:30:15,496 [grpc-default-executor-4] INFO  ratis.XceiverServerRatis (XceiverServerRatis.java:handleLeaderChangedNotification(867)) - Leader change notification received for group: group-F43BA2CAE066 with new leaderId: 27f14ece-dda1-4864-b778-45133e24b62f
2022-02-15 23:30:15,496 [grpc-default-executor-4] INFO  server.RaftServer$Division (ServerState.java:setLeader(285)) - 91679173-921c-4654-9093-8f81413a9b3b@group-F43BA2CAE066: change Leader from null to 27f14ece-dda1-4864-b778-45133e24b62f at term 2 for appendEntries, leader elected after 10248ms
2022-02-15 23:30:15,503 [grpc-default-executor-4] INFO  ratis.XceiverServerRatis (XceiverServerRatis.java:handleLeaderChangedNotification(867)) - Leader change notification received for group: group-F43BA2CAE066 with new leaderId: 27f14ece-dda1-4864-b778-45133e24b62f
2022-02-15 23:30:15,504 [grpc-default-executor-4] INFO  server.RaftServer$Division (ServerState.java:setLeader(285)) - 5c3f3ce4-7956-4080-8f67-16b58d57ac80@group-F43BA2CAE066: change Leader from null to 27f14ece-dda1-4864-b778-45133e24b62f at term 2 for appendEntries, leader elected after 10191ms
2022-02-15 23:30:15,511 [grpc-default-executor-2] INFO  server.RaftServer$Division (ServerState.java:setRaftConf(387)) - 91679173-921c-4654-9093-8f81413a9b3b@group-F43BA2CAE066: set configuration 0: [5c3f3ce4-7956-4080-8f67-16b58d57ac80|rpc:10.1.0.21:33859|dataStream:|priority:0, 27f14ece-dda1-4864-b778-45133e24b62f|rpc:10.1.0.21:36089|dataStream:|priority:1, 91679173-921c-4654-9093-8f81413a9b3b|rpc:10.1.0.21:35857|dataStream:|priority:0], old=null
2022-02-15 23:30:15,511 [grpc-default-executor-2] INFO  segmented.SegmentedRaftLogWorker (SegmentedRaftLogWorker.java:startLogSegment(394)) - 91679173-921c-4654-9093-8f81413a9b3b@group-F43BA2CAE066-SegmentedRaftLogWorker: Starting segment from index:0
2022-02-15 23:30:15,513 [grpc-default-executor-2] INFO  server.RaftServer$Division (ServerState.java:setRaftConf(387)) - 5c3f3ce4-7956-4080-8f67-16b58d57ac80@group-F43BA2CAE066: set configuration 0: [5c3f3ce4-7956-4080-8f67-16b58d57ac80|rpc:10.1.0.21:33859|dataStream:|priority:0, 27f14ece-dda1-4864-b778-45133e24b62f|rpc:10.1.0.21:36089|dataStream:|priority:1, 91679173-921c-4654-9093-8f81413a9b3b|rpc:10.1.0.21:35857|dataStream:|priority:0], old=null
2022-02-15 23:30:15,513 [grpc-default-executor-2] INFO  segmented.SegmentedRaftLogWorker (SegmentedRaftLogWorker.java:startLogSegment(394)) - 5c3f3ce4-7956-4080-8f67-16b58d57ac80@group-F43BA2CAE066-SegmentedRaftLogWorker: Starting segment from index:0
2022-02-15 23:30:15,513 [91679173-921c-4654-9093-8f81413a9b3b@group-F43BA2CAE066-SegmentedRaftLogWorker] INFO  segmented.SegmentedRaftLogWorker (SegmentedRaftLogWorker.java:execute(601)) - 91679173-921c-4654-9093-8f81413a9b3b@group-F43BA2CAE066-SegmentedRaftLogWorker: created new log segment /home/runner/work/ozone/ozone/hadoop-ozone/integration-test/target/test-dir/MiniOzoneClusterImpl-527fe069-2b78-49eb-8835-8cb6d6ba75bf/datanode-0/data/ratis/47b1ed7d-e7e5-47b1-a6fc-f43ba2cae066/current/log_inprogress_0
2022-02-15 23:30:15,514 [5c3f3ce4-7956-4080-8f67-16b58d57ac80@group-F43BA2CAE066-SegmentedRaftLogWorker] INFO  segmented.SegmentedRaftLogWorker (SegmentedRaftLogWorker.java:execute(601)) - 5c3f3ce4-7956-4080-8f67-16b58d57ac80@group-F43BA2CAE066-SegmentedRaftLogWorker: created new log segment /home/runner/work/ozone/ozone/hadoop-ozone/integration-test/target/test-dir/MiniOzoneClusterImpl-527fe069-2b78-49eb-8835-8cb6d6ba75bf/datanode-2/data/ratis/47b1ed7d-e7e5-47b1-a6fc-f43ba2cae066/current/log_inprogress_0
2022-02-15 23:30:15,666 [Listener at 127.0.0.1/33593] INFO  ozone.MiniOzoneClusterImpl (MiniOzoneClusterImpl.java:lambda$waitForClusterToBeReady$0(219)) - Nodes are ready. Got 3 of 3 DN Heartbeats.
2022-02-15 23:30:15,667 [Listener at 127.0.0.1/33593] INFO  ozone.MiniOzoneClusterImpl (MiniOzoneClusterImpl.java:lambda$waitForClusterToBeReady$0(222)) - Cluster exits safe mode
2022-02-15 23:30:15,667 [Listener at 127.0.0.1/33593] INFO  ozone.MiniOzoneClusterImpl (MiniOzoneClusterImpl.java:lambda$waitForClusterToBeReady$0(224)) - SCM became leader
]]></system-out>
  </testcase>
  <testcase name="testPrepareWithMultipleThreads" classname="org.apache.hadoop.ozone.om.TestOzoneManagerPrepare" time="10.05"/>
  <testcase name="testCancelPrepare" classname="org.apache.hadoop.ozone.om.TestOzoneManagerPrepare" time="12.495"/>
  <testcase name="testPrepareWithTransactions" classname="org.apache.hadoop.ozone.om.TestOzoneManagerPrepare" time="4.445">
    <error message="Could not determine or connect to OM Leader." type="java.io.IOException">java.io.IOException: Could not determine or connect to OM Leader.
	at org.apache.hadoop.ozone.om.protocolPB.Hadoop3OmTransport.submitRequest(Hadoop3OmTransport.java:96)
	at org.apache.hadoop.ozone.om.protocolPB.OzoneManagerProtocolClientSideTranslatorPB.submitRequest(OzoneManagerProtocolClientSideTranslatorPB.java:247)
	at org.apache.hadoop.ozone.om.protocolPB.OzoneManagerProtocolClientSideTranslatorPB.cancelOzoneManagerPrepare(OzoneManagerProtocolClientSideTranslatorPB.java:1695)
	at org.apache.hadoop.ozone.om.TestOzoneManagerPrepare.submitCancelPrepareRequest(TestOzoneManagerPrepare.java:430)
	at org.apache.hadoop.ozone.om.TestOzoneManagerPrepare.initOM(TestOzoneManagerPrepare.java:90)
	at sun.reflect.NativeMethodAccessorImpl.invoke0(Native Method)
	at sun.reflect.NativeMethodAccessorImpl.invoke(NativeMethodAccessorImpl.java:62)
	at sun.reflect.DelegatingMethodAccessorImpl.invoke(DelegatingMethodAccessorImpl.java:43)
	at java.lang.reflect.Method.invoke(Method.java:498)
	at org.junit.runners.model.FrameworkMethod$1.runReflectiveCall(FrameworkMethod.java:59)
	at org.junit.internal.runners.model.ReflectiveCallable.run(ReflectiveCallable.java:12)
	at org.junit.runners.model.FrameworkMethod.invokeExplosively(FrameworkMethod.java:56)
	at org.junit.internal.runners.statements.RunBefores.invokeMethod(RunBefores.java:33)
	at org.junit.internal.runners.statements.RunBefores.evaluate(RunBefores.java:24)
	at org.junit.internal.runners.statements.RunAfters.evaluate(RunAfters.java:27)
	at org.junit.rules.ExpectedException$ExpectedExceptionStatement.evaluate(ExpectedException.java:258)
	at org.junit.internal.runners.statements.FailOnTimeout$CallableStatement.call(FailOnTimeout.java:288)
	at org.junit.internal.runners.statements.FailOnTimeout$CallableStatement.call(FailOnTimeout.java:282)
	at java.util.concurrent.FutureTask.run(FutureTask.java:266)
	at java.lang.Thread.run(Thread.java:748)
</error>
    <system-out><![CDATA[2022-02-15 23:30:38,460 [org.apache.hadoop.util.JvmPauseMonitor$Monitor@1fa9fd8c] INFO  util.JvmPauseMonitor (JvmPauseMonitor.java:run(188)) - Starting JVM pause monitor
2022-02-15 23:30:38,462 [Time-limited test] INFO  retry.RetryInvocationHandler (RetryInvocationHandler.java:log(411)) - com.google.protobuf.ServiceException: java.io.EOFException: End of File Exception between local host is: "fv-az297-531/10.1.0.21"; destination host is: "localhost":33593; : java.io.EOFException; For more details see:  http://wiki.apache.org/hadoop/EOFException, while invoking $Proxy53.submitRequest over nodeId=omNode-3,nodeAddress=127.0.0.1:33593. Trying to failover after sleeping for 2000ms.
2022-02-15 23:30:39,249 [omNode-3@group-523986131536-FollowerState] INFO  impl.FollowerState (FollowerState.java:run(134)) - omNode-3@group-523986131536-FollowerState: change to CANDIDATE, lastRpcElapsedTime:1080146013ns, electionTimeout:1076ms
2022-02-15 23:30:39,250 [omNode-3@group-523986131536-FollowerState] INFO  impl.RoleInfo (RoleInfo.java:shutdownFollowerState(108)) - omNode-3: shutdown omNode-3@group-523986131536-FollowerState
2022-02-15 23:30:39,250 [omNode-3@group-523986131536-FollowerState] INFO  server.RaftServer$Division (RaftServerImpl.java:setRole(290)) - omNode-3@group-523986131536: changes role from  FOLLOWER to CANDIDATE at term 4 for changeToCandidate
2022-02-15 23:30:39,250 [omNode-3@group-523986131536-FollowerState] INFO  server.RaftServerConfigKeys (ConfUtils.java:logGet(44)) - raft.server.leaderelection.pre-vote = false (custom)
2022-02-15 23:30:39,250 [omNode-3@group-523986131536-FollowerState] INFO  impl.RoleInfo (RoleInfo.java:updateAndGet(130)) - omNode-3: start omNode-3@group-523986131536-LeaderElection18
2022-02-15 23:30:39,254 [omNode-3@group-523986131536-LeaderElection18] INFO  impl.LeaderElection (LeaderElection.java:askForVotes(306)) - omNode-3@group-523986131536-LeaderElection18 ELECTION round 0: submit vote requests at term 5 for 18: [omNode-3|rpc:localhost:40001|admin:|client:|dataStream:|priority:0, omNode-1|rpc:localhost:37345|admin:|client:|dataStream:|priority:0, omNode-2|rpc:localhost:42205|admin:|client:|dataStream:|priority:0], old=null
2022-02-15 23:30:39,450 [omNode-1@group-523986131536-FollowerState] INFO  impl.FollowerState (FollowerState.java:run(134)) - omNode-1@group-523986131536-FollowerState: change to CANDIDATE, lastRpcElapsedTime:1144674821ns, electionTimeout:1080ms
2022-02-15 23:30:39,451 [omNode-1@group-523986131536-FollowerState] INFO  impl.RoleInfo (RoleInfo.java:shutdownFollowerState(108)) - omNode-1: shutdown omNode-1@group-523986131536-FollowerState
2022-02-15 23:30:39,451 [omNode-2@group-523986131536-FollowerState] INFO  impl.FollowerState (FollowerState.java:run(134)) - omNode-2@group-523986131536-FollowerState: change to CANDIDATE, lastRpcElapsedTime:1035358980ns, electionTimeout:1035ms
2022-02-15 23:30:39,451 [omNode-1@group-523986131536-FollowerState] INFO  server.RaftServer$Division (RaftServerImpl.java:setRole(290)) - omNode-1@group-523986131536: changes role from  FOLLOWER to CANDIDATE at term 4 for changeToCandidate
2022-02-15 23:30:39,451 [omNode-2@group-523986131536-FollowerState] INFO  impl.RoleInfo (RoleInfo.java:shutdownFollowerState(108)) - omNode-2: shutdown omNode-2@group-523986131536-FollowerState
2022-02-15 23:30:39,451 [omNode-1@group-523986131536-FollowerState] INFO  server.RaftServerConfigKeys (ConfUtils.java:logGet(44)) - raft.server.leaderelection.pre-vote = false (custom)
2022-02-15 23:30:39,451 [omNode-1@group-523986131536-FollowerState] INFO  impl.RoleInfo (RoleInfo.java:updateAndGet(130)) - omNode-1: start omNode-1@group-523986131536-LeaderElection19
2022-02-15 23:30:39,451 [omNode-2@group-523986131536-FollowerState] INFO  server.RaftServer$Division (RaftServerImpl.java:setRole(290)) - omNode-2@group-523986131536: changes role from  FOLLOWER to CANDIDATE at term 4 for changeToCandidate
2022-02-15 23:30:39,452 [omNode-2@group-523986131536-FollowerState] INFO  server.RaftServerConfigKeys (ConfUtils.java:logGet(44)) - raft.server.leaderelection.pre-vote = false (custom)
2022-02-15 23:30:39,452 [omNode-2@group-523986131536-FollowerState] INFO  impl.RoleInfo (RoleInfo.java:updateAndGet(130)) - omNode-2: start omNode-2@group-523986131536-LeaderElection20
2022-02-15 23:30:39,453 [org.apache.ratis.util.JvmPauseMonitor$$Lambda$422/911895107@1103b160] WARN  util.JvmPauseMonitor (JvmPauseMonitor.java:detectPause(124)) - JvmPauseMonitor-omNode-1: Detected pause in JVM or host machine (eg GC): pause of approximately 143525562ns.
GC pool 'PS MarkSweep' had collection(s): count=1 time=153ms
GC pool 'PS Scavenge' had collection(s): count=1 time=43ms
2022-02-15 23:30:39,453 [org.apache.ratis.util.JvmPauseMonitor$$Lambda$422/911895107@206b959c] WARN  util.JvmPauseMonitor (JvmPauseMonitor.java:detectPause(124)) - JvmPauseMonitor-41f0e2a1-74af-4a99-b882-aaa35b27024d: Detected pause in JVM or host machine (eg GC): pause of approximately 160818105ns.
GC pool 'PS MarkSweep' had collection(s): count=1 time=153ms
GC pool 'PS Scavenge' had collection(s): count=1 time=43ms
2022-02-15 23:30:39,461 [omNode-1@group-523986131536-LeaderElection19] INFO  impl.LeaderElection (LeaderElection.java:askForVotes(306)) - omNode-1@group-523986131536-LeaderElection19 ELECTION round 0: submit vote requests at term 5 for 18: [omNode-3|rpc:localhost:40001|admin:|client:|dataStream:|priority:0, omNode-1|rpc:localhost:37345|admin:|client:|dataStream:|priority:0, omNode-2|rpc:localhost:42205|admin:|client:|dataStream:|priority:0], old=null
2022-02-15 23:30:39,462 [omNode-2@group-523986131536-LeaderElection20] INFO  impl.LeaderElection (LeaderElection.java:askForVotes(306)) - omNode-2@group-523986131536-LeaderElection20 ELECTION round 0: submit vote requests at term 5 for 18: [omNode-3|rpc:localhost:40001|admin:|client:|dataStream:|priority:0, omNode-1|rpc:localhost:37345|admin:|client:|dataStream:|priority:0, omNode-2|rpc:localhost:42205|admin:|client:|dataStream:|priority:0], old=null
2022-02-15 23:30:39,477 [grpc-default-executor-5] INFO  server.RaftServer$Division (RaftServerImpl.java:requestVote(1046)) - omNode-2@group-523986131536: receive requestVote(ELECTION, omNode-3, group-523986131536, 5, (t:4, i:133))
2022-02-15 23:30:39,477 [grpc-default-executor-5] INFO  impl.VoteContext (VoteContext.java:log(48)) - omNode-2@group-523986131536-CANDIDATE: reject ELECTION from omNode-3: already has voted for omNode-2 at current term 5
2022-02-15 23:30:39,477 [grpc-default-executor-5] INFO  server.RaftServer$Division (RaftServerImpl.java:requestVote(1078)) - omNode-2@group-523986131536 replies to ELECTION vote request: omNode-3<-omNode-2#0:FAIL-t5. Peer's state: omNode-2@group-523986131536:t5, leader=null, voted=omNode-2, raftlog=omNode-2@group-523986131536-SegmentedRaftLog:OPENED:c132, conf=18: [omNode-3|rpc:localhost:40001|admin:|client:|dataStream:|priority:0, omNode-1|rpc:localhost:37345|admin:|client:|dataStream:|priority:0, omNode-2|rpc:localhost:42205|admin:|client:|dataStream:|priority:0], old=null
2022-02-15 23:30:39,478 [grpc-default-executor-4] INFO  server.RaftServer$Division (RaftServerImpl.java:requestVote(1046)) - omNode-1@group-523986131536: receive requestVote(ELECTION, omNode-3, group-523986131536, 5, (t:4, i:133))
2022-02-15 23:30:39,478 [grpc-default-executor-4] INFO  impl.VoteContext (VoteContext.java:log(48)) - omNode-1@group-523986131536-CANDIDATE: reject ELECTION from omNode-3: already has voted for omNode-1 at current term 5
2022-02-15 23:30:39,478 [grpc-default-executor-4] INFO  server.RaftServer$Division (RaftServerImpl.java:requestVote(1078)) - omNode-1@group-523986131536 replies to ELECTION vote request: omNode-3<-omNode-1#0:FAIL-t5. Peer's state: omNode-1@group-523986131536:t5, leader=null, voted=omNode-1, raftlog=omNode-1@group-523986131536-SegmentedRaftLog:OPENED:c132, conf=18: [omNode-3|rpc:localhost:40001|admin:|client:|dataStream:|priority:0, omNode-1|rpc:localhost:37345|admin:|client:|dataStream:|priority:0, omNode-2|rpc:localhost:42205|admin:|client:|dataStream:|priority:0], old=null
2022-02-15 23:30:39,492 [omNode-3@group-523986131536-LeaderElection18] INFO  impl.LeaderElection (LeaderElection.java:logAndReturn(89)) - omNode-3@group-523986131536-LeaderElection18: ELECTION REJECTED received 2 response(s) and 0 exception(s):
2022-02-15 23:30:39,492 [omNode-3@group-523986131536-LeaderElection18] INFO  impl.LeaderElection (LeaderElection.java:logAndReturn(93)) -   Response 0: omNode-3<-omNode-1#0:FAIL-t5
2022-02-15 23:30:39,492 [omNode-3@group-523986131536-LeaderElection18] INFO  impl.LeaderElection (LeaderElection.java:logAndReturn(93)) -   Response 1: omNode-3<-omNode-2#0:FAIL-t5
2022-02-15 23:30:39,492 [omNode-3@group-523986131536-LeaderElection18] INFO  impl.LeaderElection (LeaderElection.java:askForVotes(308)) - omNode-3@group-523986131536-LeaderElection18 ELECTION round 0: result REJECTED
2022-02-15 23:30:39,492 [omNode-3@group-523986131536-LeaderElection18] INFO  server.RaftServer$Division (RaftServerImpl.java:setRole(290)) - omNode-3@group-523986131536: changes role from CANDIDATE to FOLLOWER at term 5 for REJECTED
2022-02-15 23:30:39,492 [omNode-3@group-523986131536-LeaderElection18] INFO  impl.RoleInfo (RoleInfo.java:shutdownLeaderElection(121)) - omNode-3: shutdown omNode-3@group-523986131536-LeaderElection18
2022-02-15 23:30:39,492 [omNode-3@group-523986131536-LeaderElection18] INFO  impl.RoleInfo (RoleInfo.java:updateAndGet(130)) - omNode-3: start omNode-3@group-523986131536-FollowerState
2022-02-15 23:30:39,499 [grpc-default-executor-4] INFO  server.RaftServer$Division (RaftServerImpl.java:requestVote(1046)) - omNode-3@group-523986131536: receive requestVote(ELECTION, omNode-2, group-523986131536, 5, (t:4, i:133))
2022-02-15 23:30:39,499 [grpc-default-executor-4] INFO  impl.VoteContext (VoteContext.java:log(48)) - omNode-3@group-523986131536-FOLLOWER: reject ELECTION from omNode-2: already has voted for omNode-3 at current term 5
2022-02-15 23:30:39,499 [grpc-default-executor-4] INFO  server.RaftServer$Division (RaftServerImpl.java:requestVote(1078)) - omNode-3@group-523986131536 replies to ELECTION vote request: omNode-2<-omNode-3#0:FAIL-t5. Peer's state: omNode-3@group-523986131536:t5, leader=null, voted=omNode-3, raftlog=omNode-3@group-523986131536-SegmentedRaftLog:OPENED:c133, conf=18: [omNode-3|rpc:localhost:40001|admin:|client:|dataStream:|priority:0, omNode-1|rpc:localhost:37345|admin:|client:|dataStream:|priority:0, omNode-2|rpc:localhost:42205|admin:|client:|dataStream:|priority:0], old=null
2022-02-15 23:30:39,500 [grpc-default-executor-4] INFO  server.RaftServer$Division (RaftServerImpl.java:requestVote(1046)) - omNode-3@group-523986131536: receive requestVote(ELECTION, omNode-1, group-523986131536, 5, (t:4, i:133))
2022-02-15 23:30:39,500 [grpc-default-executor-4] INFO  impl.VoteContext (VoteContext.java:log(48)) - omNode-3@group-523986131536-FOLLOWER: reject ELECTION from omNode-1: already has voted for omNode-3 at current term 5
2022-02-15 23:30:39,500 [grpc-default-executor-4] INFO  server.RaftServer$Division (RaftServerImpl.java:requestVote(1078)) - omNode-3@group-523986131536 replies to ELECTION vote request: omNode-1<-omNode-3#0:FAIL-t5. Peer's state: omNode-3@group-523986131536:t5, leader=null, voted=omNode-3, raftlog=omNode-3@group-523986131536-SegmentedRaftLog:OPENED:c133, conf=18: [omNode-3|rpc:localhost:40001|admin:|client:|dataStream:|priority:0, omNode-1|rpc:localhost:37345|admin:|client:|dataStream:|priority:0, omNode-2|rpc:localhost:42205|admin:|client:|dataStream:|priority:0], old=null
2022-02-15 23:30:39,503 [grpc-default-executor-5] INFO  server.RaftServer$Division (RaftServerImpl.java:requestVote(1046)) - omNode-2@group-523986131536: receive requestVote(ELECTION, omNode-1, group-523986131536, 5, (t:4, i:133))
2022-02-15 23:30:39,503 [grpc-default-executor-5] INFO  impl.VoteContext (VoteContext.java:log(48)) - omNode-2@group-523986131536-CANDIDATE: reject ELECTION from omNode-1: already has voted for omNode-2 at current term 5
2022-02-15 23:30:39,503 [grpc-default-executor-5] INFO  server.RaftServer$Division (RaftServerImpl.java:requestVote(1078)) - omNode-2@group-523986131536 replies to ELECTION vote request: omNode-1<-omNode-2#0:FAIL-t5. Peer's state: omNode-2@group-523986131536:t5, leader=null, voted=omNode-2, raftlog=omNode-2@group-523986131536-SegmentedRaftLog:OPENED:c132, conf=18: [omNode-3|rpc:localhost:40001|admin:|client:|dataStream:|priority:0, omNode-1|rpc:localhost:37345|admin:|client:|dataStream:|priority:0, omNode-2|rpc:localhost:42205|admin:|client:|dataStream:|priority:0], old=null
2022-02-15 23:30:39,505 [omNode-1@group-523986131536-LeaderElection19] INFO  impl.LeaderElection (LeaderElection.java:logAndReturn(89)) - omNode-1@group-523986131536-LeaderElection19: ELECTION REJECTED received 2 response(s) and 0 exception(s):
2022-02-15 23:30:39,505 [omNode-1@group-523986131536-LeaderElection19] INFO  impl.LeaderElection (LeaderElection.java:logAndReturn(93)) -   Response 0: omNode-1<-omNode-3#0:FAIL-t5
2022-02-15 23:30:39,505 [omNode-1@group-523986131536-LeaderElection19] INFO  impl.LeaderElection (LeaderElection.java:logAndReturn(93)) -   Response 1: omNode-1<-omNode-2#0:FAIL-t5
2022-02-15 23:30:39,505 [omNode-1@group-523986131536-LeaderElection19] INFO  impl.LeaderElection (LeaderElection.java:askForVotes(308)) - omNode-1@group-523986131536-LeaderElection19 ELECTION round 0: result REJECTED
2022-02-15 23:30:39,505 [omNode-1@group-523986131536-LeaderElection19] INFO  server.RaftServer$Division (RaftServerImpl.java:setRole(290)) - omNode-1@group-523986131536: changes role from CANDIDATE to FOLLOWER at term 5 for REJECTED
2022-02-15 23:30:39,505 [omNode-1@group-523986131536-LeaderElection19] INFO  impl.RoleInfo (RoleInfo.java:shutdownLeaderElection(121)) - omNode-1: shutdown omNode-1@group-523986131536-LeaderElection19
2022-02-15 23:30:39,505 [omNode-1@group-523986131536-LeaderElection19] INFO  impl.RoleInfo (RoleInfo.java:updateAndGet(130)) - omNode-1: start omNode-1@group-523986131536-FollowerState
2022-02-15 23:30:39,506 [grpc-default-executor-5] INFO  server.RaftServer$Division (RaftServerImpl.java:requestVote(1046)) - omNode-1@group-523986131536: receive requestVote(ELECTION, omNode-2, group-523986131536, 5, (t:4, i:133))
2022-02-15 23:30:39,508 [grpc-default-executor-5] INFO  impl.VoteContext (VoteContext.java:log(48)) - omNode-1@group-523986131536-FOLLOWER: reject ELECTION from omNode-2: already has voted for omNode-1 at current term 5
2022-02-15 23:30:39,508 [grpc-default-executor-5] INFO  server.RaftServer$Division (RaftServerImpl.java:requestVote(1078)) - omNode-1@group-523986131536 replies to ELECTION vote request: omNode-2<-omNode-1#0:FAIL-t5. Peer's state: omNode-1@group-523986131536:t5, leader=null, voted=omNode-1, raftlog=omNode-1@group-523986131536-SegmentedRaftLog:OPENED:c132, conf=18: [omNode-3|rpc:localhost:40001|admin:|client:|dataStream:|priority:0, omNode-1|rpc:localhost:37345|admin:|client:|dataStream:|priority:0, omNode-2|rpc:localhost:42205|admin:|client:|dataStream:|priority:0], old=null
2022-02-15 23:30:39,510 [omNode-2@group-523986131536-LeaderElection20] INFO  impl.LeaderElection (LeaderElection.java:logAndReturn(89)) - omNode-2@group-523986131536-LeaderElection20: ELECTION REJECTED received 2 response(s) and 0 exception(s):
2022-02-15 23:30:39,510 [omNode-2@group-523986131536-LeaderElection20] INFO  impl.LeaderElection (LeaderElection.java:logAndReturn(93)) -   Response 0: omNode-2<-omNode-3#0:FAIL-t5
2022-02-15 23:30:39,510 [omNode-2@group-523986131536-LeaderElection20] INFO  impl.LeaderElection (LeaderElection.java:logAndReturn(93)) -   Response 1: omNode-2<-omNode-1#0:FAIL-t5
2022-02-15 23:30:39,510 [omNode-2@group-523986131536-LeaderElection20] INFO  impl.LeaderElection (LeaderElection.java:askForVotes(308)) - omNode-2@group-523986131536-LeaderElection20 ELECTION round 0: result REJECTED
2022-02-15 23:30:39,510 [omNode-2@group-523986131536-LeaderElection20] INFO  server.RaftServer$Division (RaftServerImpl.java:setRole(290)) - omNode-2@group-523986131536: changes role from CANDIDATE to FOLLOWER at term 5 for REJECTED
2022-02-15 23:30:39,510 [omNode-2@group-523986131536-LeaderElection20] INFO  impl.RoleInfo (RoleInfo.java:shutdownLeaderElection(121)) - omNode-2: shutdown omNode-2@group-523986131536-LeaderElection20
2022-02-15 23:30:39,510 [omNode-2@group-523986131536-LeaderElection20] INFO  impl.RoleInfo (RoleInfo.java:updateAndGet(130)) - omNode-2: start omNode-2@group-523986131536-FollowerState
2022-02-15 23:30:40,467 [Time-limited test] INFO  retry.RetryInvocationHandler (RetryInvocationHandler.java:log(411)) - com.google.protobuf.ServiceException: org.apache.hadoop.ipc.RemoteException(org.apache.hadoop.ozone.om.exceptions.OMNotLeaderException): OM:omNode-1 is not the leader. Could not determine the leader node.
	at org.apache.hadoop.ozone.om.ratis.utils.OzoneManagerRatisUtils.createNotLeaderException(OzoneManagerRatisUtils.java:360)
	at org.apache.hadoop.ozone.om.ratis.utils.OzoneManagerRatisUtils.checkLeaderStatus(OzoneManagerRatisUtils.java:346)
	at org.apache.hadoop.ozone.protocolPB.OzoneManagerProtocolServerSideTranslatorPB.checkLeaderStatus(OzoneManagerProtocolServerSideTranslatorPB.java:279)
	at org.apache.hadoop.ozone.protocolPB.OzoneManagerProtocolServerSideTranslatorPB.processRequest(OzoneManagerProtocolServerSideTranslatorPB.java:158)
	at org.apache.hadoop.hdds.server.OzoneProtocolMessageDispatcher.processRequest(OzoneProtocolMessageDispatcher.java:87)
	at org.apache.hadoop.ozone.protocolPB.OzoneManagerProtocolServerSideTranslatorPB.submitRequest(OzoneManagerProtocolServerSideTranslatorPB.java:124)
	at org.apache.hadoop.ozone.protocol.proto.OzoneManagerProtocolProtos$OzoneManagerService$2.callBlockingMethod(OzoneManagerProtocolProtos.java)
	at org.apache.hadoop.ipc.ProtobufRpcEngine$Server.processCall(ProtobufRpcEngine.java:466)
	at org.apache.hadoop.ipc.ProtobufRpcEngine2$Server$ProtoBufRpcInvoker.call(ProtobufRpcEngine2.java:574)
	at org.apache.hadoop.ipc.ProtobufRpcEngine2$Server$ProtoBufRpcInvoker.call(ProtobufRpcEngine2.java:552)
	at org.apache.hadoop.ipc.RPC$Server.call(RPC.java:1093)
	at org.apache.hadoop.ipc.Server$RpcCall.run(Server.java:1035)
	at org.apache.hadoop.ipc.Server$RpcCall.run(Server.java:963)
	at java.security.AccessController.doPrivileged(Native Method)
	at javax.security.auth.Subject.doAs(Subject.java:422)
	at org.apache.hadoop.security.UserGroupInformation.doAs(UserGroupInformation.java:1878)
	at org.apache.hadoop.ipc.Server$Handler.run(Server.java:2966)
, while invoking $Proxy53.submitRequest over nodeId=omNode-1,nodeAddress=127.0.0.1:36451 after 1 failover attempts. Trying to failover immediately.
2022-02-15 23:30:40,471 [Time-limited test] INFO  retry.RetryInvocationHandler (RetryInvocationHandler.java:log(411)) - com.google.protobuf.ServiceException: org.apache.hadoop.ipc.RemoteException(org.apache.hadoop.ozone.om.exceptions.OMNotLeaderException): OM:omNode-2 is not the leader. Could not determine the leader node.
	at org.apache.hadoop.ozone.om.ratis.utils.OzoneManagerRatisUtils.createNotLeaderException(OzoneManagerRatisUtils.java:360)
	at org.apache.hadoop.ozone.om.ratis.utils.OzoneManagerRatisUtils.checkLeaderStatus(OzoneManagerRatisUtils.java:346)
	at org.apache.hadoop.ozone.protocolPB.OzoneManagerProtocolServerSideTranslatorPB.checkLeaderStatus(OzoneManagerProtocolServerSideTranslatorPB.java:279)
	at org.apache.hadoop.ozone.protocolPB.OzoneManagerProtocolServerSideTranslatorPB.processRequest(OzoneManagerProtocolServerSideTranslatorPB.java:158)
	at org.apache.hadoop.hdds.server.OzoneProtocolMessageDispatcher.processRequest(OzoneProtocolMessageDispatcher.java:87)
	at org.apache.hadoop.ozone.protocolPB.OzoneManagerProtocolServerSideTranslatorPB.submitRequest(OzoneManagerProtocolServerSideTranslatorPB.java:124)
	at org.apache.hadoop.ozone.protocol.proto.OzoneManagerProtocolProtos$OzoneManagerService$2.callBlockingMethod(OzoneManagerProtocolProtos.java)
	at org.apache.hadoop.ipc.ProtobufRpcEngine$Server.processCall(ProtobufRpcEngine.java:466)
	at org.apache.hadoop.ipc.ProtobufRpcEngine2$Server$ProtoBufRpcInvoker.call(ProtobufRpcEngine2.java:574)
	at org.apache.hadoop.ipc.ProtobufRpcEngine2$Server$ProtoBufRpcInvoker.call(ProtobufRpcEngine2.java:552)
	at org.apache.hadoop.ipc.RPC$Server.call(RPC.java:1093)
	at org.apache.hadoop.ipc.Server$RpcCall.run(Server.java:1035)
	at org.apache.hadoop.ipc.Server$RpcCall.run(Server.java:963)
	at java.security.AccessController.doPrivileged(Native Method)
	at javax.security.auth.Subject.doAs(Subject.java:422)
	at org.apache.hadoop.security.UserGroupInformation.doAs(UserGroupInformation.java:1878)
	at org.apache.hadoop.ipc.Server$Handler.run(Server.java:2966)
, while invoking $Proxy53.submitRequest over nodeId=omNode-2,nodeAddress=127.0.0.1:44461 after 2 failover attempts. Trying to failover immediately.
2022-02-15 23:30:40,484 [Time-limited test] INFO  retry.RetryInvocationHandler (RetryInvocationHandler.java:log(411)) - com.google.protobuf.ServiceException: org.apache.hadoop.ipc.RemoteException(org.apache.hadoop.ozone.om.exceptions.OMNotLeaderException): OM:omNode-3 is not the leader. Could not determine the leader node.
	at org.apache.hadoop.ozone.om.ratis.utils.OzoneManagerRatisUtils.createNotLeaderException(OzoneManagerRatisUtils.java:360)
	at org.apache.hadoop.ozone.om.ratis.utils.OzoneManagerRatisUtils.checkLeaderStatus(OzoneManagerRatisUtils.java:346)
	at org.apache.hadoop.ozone.protocolPB.OzoneManagerProtocolServerSideTranslatorPB.checkLeaderStatus(OzoneManagerProtocolServerSideTranslatorPB.java:279)
	at org.apache.hadoop.ozone.protocolPB.OzoneManagerProtocolServerSideTranslatorPB.processRequest(OzoneManagerProtocolServerSideTranslatorPB.java:158)
	at org.apache.hadoop.hdds.server.OzoneProtocolMessageDispatcher.processRequest(OzoneProtocolMessageDispatcher.java:87)
	at org.apache.hadoop.ozone.protocolPB.OzoneManagerProtocolServerSideTranslatorPB.submitRequest(OzoneManagerProtocolServerSideTranslatorPB.java:124)
	at org.apache.hadoop.ozone.protocol.proto.OzoneManagerProtocolProtos$OzoneManagerService$2.callBlockingMethod(OzoneManagerProtocolProtos.java)
	at org.apache.hadoop.ipc.ProtobufRpcEngine$Server.processCall(ProtobufRpcEngine.java:466)
	at org.apache.hadoop.ipc.ProtobufRpcEngine2$Server$ProtoBufRpcInvoker.call(ProtobufRpcEngine2.java:574)
	at org.apache.hadoop.ipc.ProtobufRpcEngine2$Server$ProtoBufRpcInvoker.call(ProtobufRpcEngine2.java:552)
	at org.apache.hadoop.ipc.RPC$Server.call(RPC.java:1093)
	at org.apache.hadoop.ipc.Server$RpcCall.run(Server.java:1035)
	at org.apache.hadoop.ipc.Server$RpcCall.run(Server.java:963)
	at java.security.AccessController.doPrivileged(Native Method)
	at javax.security.auth.Subject.doAs(Subject.java:422)
	at org.apache.hadoop.security.UserGroupInformation.doAs(UserGroupInformation.java:1878)
	at org.apache.hadoop.ipc.Server$Handler.run(Server.java:2966)
, while invoking $Proxy53.submitRequest over nodeId=omNode-3,nodeAddress=127.0.0.1:33593 after 3 failover attempts. Trying to failover after sleeping for 2000ms.
2022-02-15 23:30:40,555 [omNode-3@group-523986131536-FollowerState] INFO  impl.FollowerState (FollowerState.java:run(134)) - omNode-3@group-523986131536-FollowerState: change to CANDIDATE, lastRpcElapsedTime:1063134565ns, electionTimeout:1062ms
2022-02-15 23:30:40,555 [omNode-3@group-523986131536-FollowerState] INFO  impl.RoleInfo (RoleInfo.java:shutdownFollowerState(108)) - omNode-3: shutdown omNode-3@group-523986131536-FollowerState
2022-02-15 23:30:40,555 [omNode-3@group-523986131536-FollowerState] INFO  server.RaftServer$Division (RaftServerImpl.java:setRole(290)) - omNode-3@group-523986131536: changes role from  FOLLOWER to CANDIDATE at term 5 for changeToCandidate
2022-02-15 23:30:40,556 [omNode-3@group-523986131536-FollowerState] INFO  server.RaftServerConfigKeys (ConfUtils.java:logGet(44)) - raft.server.leaderelection.pre-vote = false (custom)
2022-02-15 23:30:40,556 [omNode-3@group-523986131536-FollowerState] INFO  impl.RoleInfo (RoleInfo.java:updateAndGet(130)) - omNode-3: start omNode-3@group-523986131536-LeaderElection21
2022-02-15 23:30:40,560 [omNode-3@group-523986131536-LeaderElection21] INFO  impl.LeaderElection (LeaderElection.java:askForVotes(306)) - omNode-3@group-523986131536-LeaderElection21 ELECTION round 0: submit vote requests at term 6 for 18: [omNode-3|rpc:localhost:40001|admin:|client:|dataStream:|priority:0, omNode-1|rpc:localhost:37345|admin:|client:|dataStream:|priority:0, omNode-2|rpc:localhost:42205|admin:|client:|dataStream:|priority:0], old=null
2022-02-15 23:30:40,562 [grpc-default-executor-4] INFO  server.RaftServer$Division (RaftServerImpl.java:requestVote(1046)) - omNode-2@group-523986131536: receive requestVote(ELECTION, omNode-3, group-523986131536, 6, (t:4, i:133))
2022-02-15 23:30:40,562 [grpc-default-executor-4] INFO  impl.VoteContext (VoteContext.java:log(48)) - omNode-2@group-523986131536-FOLLOWER: accept ELECTION from omNode-3: our priority 0 <= candidate's priority 0
2022-02-15 23:30:40,562 [grpc-default-executor-4] INFO  server.RaftServer$Division (RaftServerImpl.java:setRole(290)) - omNode-2@group-523986131536: changes role from  FOLLOWER to FOLLOWER at term 6 for candidate:omNode-3
2022-02-15 23:30:40,562 [grpc-default-executor-4] INFO  impl.RoleInfo (RoleInfo.java:shutdownFollowerState(108)) - omNode-2: shutdown omNode-2@group-523986131536-FollowerState
2022-02-15 23:30:40,562 [grpc-default-executor-4] INFO  impl.RoleInfo (RoleInfo.java:updateAndGet(130)) - omNode-2: start omNode-2@group-523986131536-FollowerState
2022-02-15 23:30:40,563 [omNode-2@group-523986131536-FollowerState] INFO  impl.FollowerState (FollowerState.java:run(143)) - omNode-2@group-523986131536-FollowerState was interrupted: {}
java.lang.InterruptedException: sleep interrupted
	at java.lang.Thread.sleep(Native Method)
	at java.lang.Thread.sleep(Thread.java:340)
	at java.util.concurrent.TimeUnit.sleep(TimeUnit.java:386)
	at org.apache.ratis.util.TimeDuration.sleep(TimeDuration.java:324)
	at org.apache.ratis.util.TimeDuration.sleep(TimeDuration.java:309)
	at org.apache.ratis.server.impl.FollowerState.run(FollowerState.java:118)
2022-02-15 23:30:40,568 [grpc-default-executor-4] INFO  server.RaftServer$Division (RaftServerImpl.java:requestVote(1078)) - omNode-2@group-523986131536 replies to ELECTION vote request: omNode-3<-omNode-2#0:OK-t6. Peer's state: omNode-2@group-523986131536:t6, leader=null, voted=omNode-3, raftlog=omNode-2@group-523986131536-SegmentedRaftLog:OPENED:c132, conf=18: [omNode-3|rpc:localhost:40001|admin:|client:|dataStream:|priority:0, omNode-1|rpc:localhost:37345|admin:|client:|dataStream:|priority:0, omNode-2|rpc:localhost:42205|admin:|client:|dataStream:|priority:0], old=null
2022-02-15 23:30:40,569 [grpc-default-executor-5] INFO  server.RaftServer$Division (RaftServerImpl.java:requestVote(1046)) - omNode-1@group-523986131536: receive requestVote(ELECTION, omNode-3, group-523986131536, 6, (t:4, i:133))
2022-02-15 23:30:40,569 [grpc-default-executor-5] INFO  impl.VoteContext (VoteContext.java:log(48)) - omNode-1@group-523986131536-FOLLOWER: accept ELECTION from omNode-3: our priority 0 <= candidate's priority 0
2022-02-15 23:30:40,569 [grpc-default-executor-5] INFO  server.RaftServer$Division (RaftServerImpl.java:setRole(290)) - omNode-1@group-523986131536: changes role from  FOLLOWER to FOLLOWER at term 6 for candidate:omNode-3
2022-02-15 23:30:40,569 [grpc-default-executor-5] INFO  impl.RoleInfo (RoleInfo.java:shutdownFollowerState(108)) - omNode-1: shutdown omNode-1@group-523986131536-FollowerState
2022-02-15 23:30:40,569 [grpc-default-executor-5] INFO  impl.RoleInfo (RoleInfo.java:updateAndGet(130)) - omNode-1: start omNode-1@group-523986131536-FollowerState
2022-02-15 23:30:40,569 [omNode-3@group-523986131536-LeaderElection21] INFO  impl.LeaderElection (LeaderElection.java:logAndReturn(89)) - omNode-3@group-523986131536-LeaderElection21: ELECTION PASSED received 1 response(s) and 0 exception(s):
2022-02-15 23:30:40,569 [omNode-3@group-523986131536-LeaderElection21] INFO  impl.LeaderElection (LeaderElection.java:logAndReturn(93)) -   Response 0: omNode-3<-omNode-2#0:OK-t6
2022-02-15 23:30:40,570 [omNode-1@group-523986131536-FollowerState] INFO  impl.FollowerState (FollowerState.java:run(143)) - omNode-1@group-523986131536-FollowerState was interrupted: {}
java.lang.InterruptedException: sleep interrupted
	at java.lang.Thread.sleep(Native Method)
	at java.lang.Thread.sleep(Thread.java:340)
	at java.util.concurrent.TimeUnit.sleep(TimeUnit.java:386)
	at org.apache.ratis.util.TimeDuration.sleep(TimeDuration.java:324)
	at org.apache.ratis.util.TimeDuration.sleep(TimeDuration.java:309)
	at org.apache.ratis.server.impl.FollowerState.run(FollowerState.java:118)
2022-02-15 23:30:40,576 [omNode-3@group-523986131536-LeaderElection21] INFO  impl.LeaderElection (LeaderElection.java:askForVotes(308)) - omNode-3@group-523986131536-LeaderElection21 ELECTION round 0: result PASSED
2022-02-15 23:30:40,576 [omNode-3@group-523986131536-LeaderElection21] INFO  impl.RoleInfo (RoleInfo.java:shutdownLeaderElection(121)) - omNode-3: shutdown omNode-3@group-523986131536-LeaderElection21
2022-02-15 23:30:40,576 [omNode-3@group-523986131536-LeaderElection21] INFO  server.RaftServer$Division (RaftServerImpl.java:setRole(290)) - omNode-3@group-523986131536: changes role from CANDIDATE to LEADER at term 6 for changeToLeader
2022-02-15 23:30:40,576 [omNode-3@group-523986131536-LeaderElection21] INFO  server.RaftServer$Division (ServerState.java:setLeader(285)) - omNode-3@group-523986131536: change Leader from null to omNode-3 at term 6 for becomeLeader, leader elected after 2413ms
2022-02-15 23:30:40,576 [omNode-3@group-523986131536-LeaderElection21] INFO  server.RaftServerConfigKeys (ConfUtils.java:logGet(44)) - raft.server.staging.catchup.gap = 1000 (default)
2022-02-15 23:30:40,577 [omNode-3@group-523986131536-LeaderElection21] INFO  server.RaftServerConfigKeys (ConfUtils.java:logGet(44)) - raft.server.write.element-limit = 4096 (default)
2022-02-15 23:30:40,577 [omNode-3@group-523986131536-LeaderElection21] INFO  server.RaftServerConfigKeys (ConfUtils.java:logGet(44)) - raft.server.write.byte-limit = 64MB (=67108864) (default)
2022-02-15 23:30:40,577 [omNode-3@group-523986131536-LeaderElection21] INFO  server.RaftServerConfigKeys (ConfUtils.java:logGet(44)) - raft.server.watch.timeout = 10s (default)
2022-02-15 23:30:40,577 [omNode-3@group-523986131536-LeaderElection21] INFO  server.RaftServerConfigKeys (ConfUtils.java:logGet(44)) - raft.server.watch.timeout.denomination = 1s (default)
2022-02-15 23:30:40,577 [omNode-3@group-523986131536-LeaderElection21] INFO  server.RaftServerConfigKeys (ConfUtils.java:logGet(44)) - raft.server.watch.element-limit = 65536 (default)
2022-02-15 23:30:40,577 [omNode-3@group-523986131536-LeaderElection21] INFO  server.RaftServerConfigKeys (ConfUtils.java:logGet(44)) - raft.server.write.element-limit = 4096 (default)
2022-02-15 23:30:40,577 [omNode-3@group-523986131536-LeaderElection21] INFO  server.RaftServerConfigKeys (ConfUtils.java:logGet(44)) - raft.server.write.follower.gap.ratio.max = -1.0 (default)
2022-02-15 23:30:40,577 [omNode-3@group-523986131536-LeaderElection21] INFO  server.RaftServerConfigKeys (ConfUtils.java:logGet(44)) - raft.server.log.appender.snapshot.chunk.size.max = 16MB (=16777216) (default)
2022-02-15 23:30:40,577 [omNode-3@group-523986131536-LeaderElection21] INFO  server.RaftServerConfigKeys (ConfUtils.java:logGet(44)) - raft.server.log.appender.buffer.byte-limit = 33554432 (custom)
2022-02-15 23:30:40,577 [omNode-3@group-523986131536-LeaderElection21] INFO  server.RaftServerConfigKeys (ConfUtils.java:logGet(44)) - raft.server.log.appender.buffer.element-limit = 1024 (custom)
2022-02-15 23:30:40,578 [omNode-3@group-523986131536-LeaderElection21] INFO  grpc.GrpcConfigKeys (ConfUtils.java:logGet(44)) - raft.grpc.server.leader.outstanding.appends.max = 128 (default)
2022-02-15 23:30:40,578 [omNode-3@group-523986131536-LeaderElection21] INFO  server.RaftServerConfigKeys (ConfUtils.java:logGet(44)) - raft.server.rpc.request.timeout = 3000ms (default)
2022-02-15 23:30:40,578 [omNode-3@group-523986131536-LeaderElection21] INFO  server.RaftServerConfigKeys (ConfUtils.java:logGet(44)) - raft.server.log.appender.install.snapshot.enabled = false (custom)
2022-02-15 23:30:40,578 [omNode-3@group-523986131536-LeaderElection21] INFO  server.RaftServerConfigKeys (ConfUtils.java:logGet(44)) - raft.server.log.appender.snapshot.chunk.size.max = 16MB (=16777216) (default)
2022-02-15 23:30:40,578 [omNode-3@group-523986131536-LeaderElection21] INFO  server.RaftServerConfigKeys (ConfUtils.java:logGet(44)) - raft.server.log.appender.buffer.byte-limit = 33554432 (custom)
2022-02-15 23:30:40,578 [omNode-3@group-523986131536-LeaderElection21] INFO  server.RaftServerConfigKeys (ConfUtils.java:logGet(44)) - raft.server.log.appender.buffer.element-limit = 1024 (custom)
2022-02-15 23:30:40,579 [omNode-3@group-523986131536-LeaderElection21] INFO  grpc.GrpcConfigKeys (ConfUtils.java:logGet(44)) - raft.grpc.server.leader.outstanding.appends.max = 128 (default)
2022-02-15 23:30:40,579 [omNode-3@group-523986131536-LeaderElection21] INFO  server.RaftServerConfigKeys (ConfUtils.java:logGet(44)) - raft.server.rpc.request.timeout = 3000ms (default)
2022-02-15 23:30:40,579 [omNode-3@group-523986131536-LeaderElection21] INFO  server.RaftServerConfigKeys (ConfUtils.java:logGet(44)) - raft.server.log.appender.install.snapshot.enabled = false (custom)
2022-02-15 23:30:40,579 [omNode-3@group-523986131536-LeaderElection21] INFO  impl.RoleInfo (RoleInfo.java:updateAndGet(130)) - omNode-3: start omNode-3@group-523986131536-LeaderStateImpl
2022-02-15 23:30:40,583 [omNode-3@group-523986131536-LeaderElection21] INFO  segmented.SegmentedRaftLogWorker (SegmentedRaftLogWorker.java:rollLogSegment(399)) - omNode-3@group-523986131536-SegmentedRaftLogWorker: Rolling segment log-72_133 to index:133
2022-02-15 23:30:40,584 [omNode-3@group-523986131536-SegmentedRaftLogWorker] INFO  segmented.SegmentedRaftLogWorker (SegmentedRaftLogWorker.java:execute(558)) - omNode-3@group-523986131536-SegmentedRaftLogWorker: Rolled log segment from /home/runner/work/ozone/ozone/hadoop-ozone/integration-test/target/test-dir/MiniOzoneClusterImpl-527fe069-2b78-49eb-8835-8cb6d6ba75bf/omNode-3/ratis/c9bc4cf4-3bc3-3c60-a66b-523986131536/current/log_inprogress_72 to /home/runner/work/ozone/ozone/hadoop-ozone/integration-test/target/test-dir/MiniOzoneClusterImpl-527fe069-2b78-49eb-8835-8cb6d6ba75bf/omNode-3/ratis/c9bc4cf4-3bc3-3c60-a66b-523986131536/current/log_72-133
2022-02-15 23:30:40,592 [omNode-3@group-523986131536-LeaderElection21] INFO  server.RaftServer$Division (ServerState.java:setRaftConf(387)) - omNode-3@group-523986131536: set configuration 134: [omNode-3|rpc:localhost:40001|admin:|client:|dataStream:|priority:0, omNode-1|rpc:localhost:37345|admin:|client:|dataStream:|priority:0, omNode-2|rpc:localhost:42205|admin:|client:|dataStream:|priority:0], old=null
2022-02-15 23:30:40,594 [omNode-3@group-523986131536-SegmentedRaftLogWorker] INFO  segmented.SegmentedRaftLogWorker (SegmentedRaftLogWorker.java:execute(601)) - omNode-3@group-523986131536-SegmentedRaftLogWorker: created new log segment /home/runner/work/ozone/ozone/hadoop-ozone/integration-test/target/test-dir/MiniOzoneClusterImpl-527fe069-2b78-49eb-8835-8cb6d6ba75bf/omNode-3/ratis/c9bc4cf4-3bc3-3c60-a66b-523986131536/current/log_inprogress_134
2022-02-15 23:30:40,594 [grpc-default-executor-5] INFO  server.RaftServer$Division (RaftServerImpl.java:requestVote(1078)) - omNode-1@group-523986131536 replies to ELECTION vote request: omNode-3<-omNode-1#0:OK-t6. Peer's state: omNode-1@group-523986131536:t6, leader=null, voted=omNode-3, raftlog=omNode-1@group-523986131536-SegmentedRaftLog:OPENED:c132, conf=18: [omNode-3|rpc:localhost:40001|admin:|client:|dataStream:|priority:0, omNode-1|rpc:localhost:37345|admin:|client:|dataStream:|priority:0, omNode-2|rpc:localhost:42205|admin:|client:|dataStream:|priority:0], old=null
2022-02-15 23:30:40,598 [grpc-default-executor-4] INFO  server.RaftServer$Division (ServerState.java:setLeader(285)) - omNode-1@group-523986131536: change Leader from null to omNode-3 at term 6 for appendEntries, leader elected after 2298ms
2022-02-15 23:30:40,599 [grpc-default-executor-5] INFO  server.RaftServer$Division (ServerState.java:setLeader(285)) - omNode-2@group-523986131536: change Leader from null to omNode-3 at term 6 for appendEntries, leader elected after 2189ms
2022-02-15 23:30:40,604 [grpc-default-executor-4] INFO  server.RaftServer$Division (ServerState.java:setRaftConf(387)) - omNode-1@group-523986131536: set configuration 134: [omNode-3|rpc:localhost:40001|admin:|client:|dataStream:|priority:0, omNode-1|rpc:localhost:37345|admin:|client:|dataStream:|priority:0, omNode-2|rpc:localhost:42205|admin:|client:|dataStream:|priority:0], old=null
2022-02-15 23:30:40,604 [grpc-default-executor-4] INFO  segmented.SegmentedRaftLogWorker (SegmentedRaftLogWorker.java:rollLogSegment(399)) - omNode-1@group-523986131536-SegmentedRaftLogWorker: Rolling segment log-72_133 to index:133
2022-02-15 23:30:40,605 [grpc-default-executor-5] INFO  server.RaftServer$Division (ServerState.java:setRaftConf(387)) - omNode-2@group-523986131536: set configuration 134: [omNode-3|rpc:localhost:40001|admin:|client:|dataStream:|priority:0, omNode-1|rpc:localhost:37345|admin:|client:|dataStream:|priority:0, omNode-2|rpc:localhost:42205|admin:|client:|dataStream:|priority:0], old=null
2022-02-15 23:30:40,605 [grpc-default-executor-5] INFO  segmented.SegmentedRaftLogWorker (SegmentedRaftLogWorker.java:rollLogSegment(399)) - omNode-2@group-523986131536-SegmentedRaftLogWorker: Rolling segment log-72_133 to index:133
2022-02-15 23:30:40,606 [omNode-1@group-523986131536-SegmentedRaftLogWorker] INFO  segmented.SegmentedRaftLogWorker (SegmentedRaftLogWorker.java:execute(558)) - omNode-1@group-523986131536-SegmentedRaftLogWorker: Rolled log segment from /home/runner/work/ozone/ozone/hadoop-ozone/integration-test/target/test-dir/MiniOzoneClusterImpl-527fe069-2b78-49eb-8835-8cb6d6ba75bf/omNode-1/ratis/c9bc4cf4-3bc3-3c60-a66b-523986131536/current/log_inprogress_72 to /home/runner/work/ozone/ozone/hadoop-ozone/integration-test/target/test-dir/MiniOzoneClusterImpl-527fe069-2b78-49eb-8835-8cb6d6ba75bf/omNode-1/ratis/c9bc4cf4-3bc3-3c60-a66b-523986131536/current/log_72-133
2022-02-15 23:30:40,610 [omNode-2@group-523986131536-SegmentedRaftLogWorker] INFO  segmented.SegmentedRaftLogWorker (SegmentedRaftLogWorker.java:execute(558)) - omNode-2@group-523986131536-SegmentedRaftLogWorker: Rolled log segment from /home/runner/work/ozone/ozone/hadoop-ozone/integration-test/target/test-dir/MiniOzoneClusterImpl-527fe069-2b78-49eb-8835-8cb6d6ba75bf/omNode-2/ratis/c9bc4cf4-3bc3-3c60-a66b-523986131536/current/log_inprogress_72 to /home/runner/work/ozone/ozone/hadoop-ozone/integration-test/target/test-dir/MiniOzoneClusterImpl-527fe069-2b78-49eb-8835-8cb6d6ba75bf/omNode-2/ratis/c9bc4cf4-3bc3-3c60-a66b-523986131536/current/log_72-133
2022-02-15 23:30:40,621 [omNode-1@group-523986131536-SegmentedRaftLogWorker] INFO  segmented.SegmentedRaftLogWorker (SegmentedRaftLogWorker.java:execute(601)) - omNode-1@group-523986131536-SegmentedRaftLogWorker: created new log segment /home/runner/work/ozone/ozone/hadoop-ozone/integration-test/target/test-dir/MiniOzoneClusterImpl-527fe069-2b78-49eb-8835-8cb6d6ba75bf/omNode-1/ratis/c9bc4cf4-3bc3-3c60-a66b-523986131536/current/log_inprogress_134
2022-02-15 23:30:40,621 [omNode-2@group-523986131536-SegmentedRaftLogWorker] INFO  segmented.SegmentedRaftLogWorker (SegmentedRaftLogWorker.java:execute(601)) - omNode-2@group-523986131536-SegmentedRaftLogWorker: created new log segment /home/runner/work/ozone/ozone/hadoop-ozone/integration-test/target/test-dir/MiniOzoneClusterImpl-527fe069-2b78-49eb-8835-8cb6d6ba75bf/omNode-2/ratis/c9bc4cf4-3bc3-3c60-a66b-523986131536/current/log_inprogress_134
2022-02-15 23:30:40,625 [omNode-3@group-523986131536-StateMachineUpdater] INFO  ratis.OzoneManagerStateMachine (OzoneManagerStateMachine.java:notifyConfigurationChanged(188)) - Received Configuration change notification from Ratis. New Peer list:
[id: "omNode-3"
address: "localhost:40001"
, id: "omNode-1"
address: "localhost:37345"
, id: "omNode-2"
address: "localhost:42205"
]
2022-02-15 23:30:40,628 [omNode-1@group-523986131536-StateMachineUpdater] INFO  ratis.OzoneManagerStateMachine (OzoneManagerStateMachine.java:notifyConfigurationChanged(188)) - Received Configuration change notification from Ratis. New Peer list:
[id: "omNode-3"
address: "localhost:40001"
, id: "omNode-1"
address: "localhost:37345"
, id: "omNode-2"
address: "localhost:42205"
]
2022-02-15 23:30:40,633 [omNode-2@group-523986131536-StateMachineUpdater] INFO  ratis.OzoneManagerStateMachine (OzoneManagerStateMachine.java:notifyConfigurationChanged(188)) - Received Configuration change notification from Ratis. New Peer list:
[id: "omNode-3"
address: "localhost:40001"
, id: "omNode-1"
address: "localhost:37345"
, id: "omNode-2"
address: "localhost:42205"
]
2022-02-15 23:30:42,487 [Time-limited test] INFO  retry.RetryInvocationHandler (RetryInvocationHandler.java:log(411)) - com.google.protobuf.ServiceException: org.apache.hadoop.ipc.RemoteException(org.apache.hadoop.ozone.om.exceptions.OMNotLeaderException): OM:omNode-1 is not the leader. Could not determine the leader node.
	at org.apache.hadoop.ozone.om.ratis.utils.OzoneManagerRatisUtils.createNotLeaderException(OzoneManagerRatisUtils.java:360)
	at org.apache.hadoop.ozone.om.ratis.utils.OzoneManagerRatisUtils.checkLeaderStatus(OzoneManagerRatisUtils.java:346)
	at org.apache.hadoop.ozone.protocolPB.OzoneManagerProtocolServerSideTranslatorPB.checkLeaderStatus(OzoneManagerProtocolServerSideTranslatorPB.java:279)
	at org.apache.hadoop.ozone.protocolPB.OzoneManagerProtocolServerSideTranslatorPB.processRequest(OzoneManagerProtocolServerSideTranslatorPB.java:158)
	at org.apache.hadoop.hdds.server.OzoneProtocolMessageDispatcher.processRequest(OzoneProtocolMessageDispatcher.java:87)
	at org.apache.hadoop.ozone.protocolPB.OzoneManagerProtocolServerSideTranslatorPB.submitRequest(OzoneManagerProtocolServerSideTranslatorPB.java:124)
	at org.apache.hadoop.ozone.protocol.proto.OzoneManagerProtocolProtos$OzoneManagerService$2.callBlockingMethod(OzoneManagerProtocolProtos.java)
	at org.apache.hadoop.ipc.ProtobufRpcEngine$Server.processCall(ProtobufRpcEngine.java:466)
	at org.apache.hadoop.ipc.ProtobufRpcEngine2$Server$ProtoBufRpcInvoker.call(ProtobufRpcEngine2.java:574)
	at org.apache.hadoop.ipc.ProtobufRpcEngine2$Server$ProtoBufRpcInvoker.call(ProtobufRpcEngine2.java:552)
	at org.apache.hadoop.ipc.RPC$Server.call(RPC.java:1093)
	at org.apache.hadoop.ipc.Server$RpcCall.run(Server.java:1035)
	at org.apache.hadoop.ipc.Server$RpcCall.run(Server.java:963)
	at java.security.AccessController.doPrivileged(Native Method)
	at javax.security.auth.Subject.doAs(Subject.java:422)
	at org.apache.hadoop.security.UserGroupInformation.doAs(UserGroupInformation.java:1878)
	at org.apache.hadoop.ipc.Server$Handler.run(Server.java:2966)
, while invoking $Proxy53.submitRequest over nodeId=omNode-1,nodeAddress=127.0.0.1:36451 after 4 failover attempts. Trying to failover immediately.
2022-02-15 23:30:42,490 [Time-limited test] ERROR ha.OMFailoverProxyProvider (OMFailoverProxyProvider.java:getRetryAction(296)) - Failed to connect to OMs: [nodeId=omNode-3,nodeAddress=127.0.0.1:33593, nodeId=omNode-1,nodeAddress=127.0.0.1:36451, nodeId=omNode-2,nodeAddress=127.0.0.1:44461]. Attempted 5 failovers.
2022-02-15 23:30:42,490 [Time-limited test] INFO  om.OzoneManager (OzoneManager.java:stop(1893)) - omNode-3[localhost:33593]: Stopping Ozone Manager
2022-02-15 23:30:42,491 [Time-limited test] INFO  ipc.Server (Server.java:stop(3414)) - Stopping server on 33593
2022-02-15 23:30:42,493 [IPC Server Responder] INFO  ipc.Server (Server.java:run(1512)) - Stopping IPC Server Responder
2022-02-15 23:30:42,493 [IPC Server listener on 33593] INFO  ipc.Server (Server.java:run(1376)) - Stopping IPC Server listener on 33593
2022-02-15 23:30:42,495 [Time-limited test] INFO  server.RaftServer (RaftServerProxy.java:lambda$close$6(391)) - omNode-3: close
2022-02-15 23:30:42,495 [Time-limited test] INFO  server.RaftServer$Division (RaftServerImpl.java:lambda$close$4(412)) - omNode-3@group-523986131536: shutdown
2022-02-15 23:30:42,495 [Time-limited test] INFO  util.JmxRegister (JmxRegister.java:unregister(73)) - Successfully un-registered JMX Bean with object name Ratis:service=RaftServer,group=group-523986131536,id=omNode-3
2022-02-15 23:30:42,495 [Time-limited test] INFO  impl.RoleInfo (RoleInfo.java:shutdownLeaderState(91)) - omNode-3: shutdown omNode-3@group-523986131536-LeaderStateImpl
2022-02-15 23:30:42,496 [omNode-3@group-523986131536->omNode-2-GrpcLogAppender-LogAppenderDaemon] WARN  server.GrpcLogAppender (GrpcLogAppender.java:mayWait(177)) - omNode-3@group-523986131536->omNode-2-GrpcLogAppender: Wait interrupted by java.lang.InterruptedException
2022-02-15 23:30:42,496 [Time-limited test] INFO  impl.PendingRequests (PendingRequests.java:sendNotLeaderResponses(282)) - omNode-3@group-523986131536-PendingRequests: sendNotLeaderResponses
2022-02-15 23:30:42,496 [omNode-3@group-523986131536->omNode-1-GrpcLogAppender-LogAppenderDaemon] WARN  server.GrpcLogAppender (GrpcLogAppender.java:mayWait(177)) - omNode-3@group-523986131536->omNode-1-GrpcLogAppender: Wait interrupted by java.lang.InterruptedException
2022-02-15 23:30:42,496 [grpc-default-executor-5] INFO  server.GrpcServerProtocolService (GrpcServerProtocolService.java:onCompleted(140)) - omNode-2: Completed APPEND_ENTRIES, lastRequest: omNode-3->omNode-2#2-t6,previous=(t:6, i:134),leaderCommit=134,initializing? true,entries: size=1, first=(t:6, i:135), METADATAENTRY(c:134)
2022-02-15 23:30:42,498 [grpc-default-executor-5] INFO  server.GrpcServerProtocolService (GrpcServerProtocolService.java:onCompleted(140)) - omNode-1: Completed APPEND_ENTRIES, lastRequest: omNode-3->omNode-1#2-t6,previous=(t:6, i:134),leaderCommit=134,initializing? true,entries: size=1, first=(t:6, i:135), METADATAENTRY(c:134)
2022-02-15 23:30:42,499 [grpc-default-executor-4] INFO  server.GrpcLogAppender (GrpcLogAppender.java:onCompleted(346)) - omNode-3@group-523986131536->omNode-1-AppendLogResponseHandler: follower responses appendEntries COMPLETED
2022-02-15 23:30:42,499 [grpc-default-executor-4] INFO  leader.FollowerInfo (FollowerInfoImpl.java:lambda$new$0(47)) - omNode-3@group-523986131536->omNode-1: nextIndex: updateUnconditionally 136 -> 135
2022-02-15 23:30:42,499 [omNode-3@group-523986131536-StateMachineUpdater] INFO  ratis.OzoneManagerStateMachine (OzoneManagerStateMachine.java:takeSnapshot(417)) - Current Snapshot Index (t:6, i:135)
2022-02-15 23:30:42,500 [omNode-3@group-523986131536-StateMachineUpdater] INFO  impl.StateMachineUpdater (StateMachineUpdater.java:takeSnapshot(281)) - omNode-3@group-523986131536-StateMachineUpdater: Took a snapshot at index 135
2022-02-15 23:30:42,500 [omNode-3@group-523986131536-StateMachineUpdater] INFO  impl.StateMachineUpdater (StateMachineUpdater.java:lambda$new$0(89)) - omNode-3@group-523986131536-StateMachineUpdater: snapshotIndex: updateIncreasingly 133 -> 135
2022-02-15 23:30:42,500 [omNode-3@group-523986131536-StateMachineUpdater] INFO  raftlog.RaftLog (RaftLogBase.java:purge(306)) - omNode-3@group-523986131536-SegmentedRaftLog: purge 135
2022-02-15 23:30:42,500 [omNode-3@group-523986131536-StateMachineUpdater] INFO  raftlog.RaftLog (RaftLogBase.java:lambda$new$0(53)) - omNode-3@group-523986131536-SegmentedRaftLog: snapshotIndex: updateIncreasingly 133 -> 135
2022-02-15 23:30:42,500 [omNode-3@group-523986131536-StateMachineUpdater] INFO  ratis.OzoneManagerStateMachine (OzoneManagerStateMachine.java:close(471)) - StateMachine has shutdown. Shutdown OzoneManager if not already shutdown.
2022-02-15 23:30:42,500 [omNode-3@group-523986131536-SegmentedRaftLogWorker] INFO  raftlog.RaftLog (RaftLogBase.java:lambda$new$0(53)) - omNode-3@group-523986131536-SegmentedRaftLog: purgeIndex: updateToMax old=71, new=133, updated? true
2022-02-15 23:30:42,500 [grpc-default-executor-5] INFO  server.GrpcLogAppender (GrpcLogAppender.java:onCompleted(346)) - omNode-3@group-523986131536->omNode-2-AppendLogResponseHandler: follower responses appendEntries COMPLETED
2022-02-15 23:30:42,500 [grpc-default-executor-5] INFO  leader.FollowerInfo (FollowerInfoImpl.java:lambda$new$0(47)) - omNode-3@group-523986131536->omNode-2: nextIndex: updateUnconditionally 136 -> 135
2022-02-15 23:30:42,500 [Time-limited test] INFO  impl.StateMachineUpdater (StateMachineUpdater.java:stopAndJoin(149)) - omNode-3@group-523986131536-StateMachineUpdater: set stopIndex = 135
2022-02-15 23:30:42,502 [Time-limited test] INFO  server.RaftServer$Division (ServerState.java:close(419)) - omNode-3@group-523986131536: closes. applyIndex: 135
2022-02-15 23:30:42,502 [omNode-3@group-523986131536-SegmentedRaftLogWorker] INFO  segmented.SegmentedRaftLogWorker (SegmentedRaftLogWorker.java:run(327)) - omNode-3@group-523986131536-SegmentedRaftLogWorker was interrupted, exiting. There are 0 tasks remaining in the queue.
2022-02-15 23:30:42,504 [Time-limited test] INFO  segmented.SegmentedRaftLogWorker (SegmentedRaftLogWorker.java:close(237)) - omNode-3@group-523986131536-SegmentedRaftLogWorker close()
2022-02-15 23:30:42,505 [Time-limited test] INFO  server.GrpcService (GrpcService.java:closeImpl(262)) - omNode-3: shutdown server with port 40001 now
2022-02-15 23:30:42,510 [Time-limited test] INFO  server.GrpcService (GrpcService.java:closeImpl(271)) - omNode-3: shutdown server with port 40001 successfully
2022-02-15 23:30:42,511 [org.apache.ratis.util.JvmPauseMonitor$$Lambda$422/911895107@4e6b0d30] INFO  util.JvmPauseMonitor (JvmPauseMonitor.java:run(109)) - JvmPauseMonitor-omNode-3: Stopped
2022-02-15 23:30:42,511 [Time-limited test] INFO  ratis.OzoneManagerDoubleBuffer (OzoneManagerDoubleBuffer.java:stop(437)) - Stopping OMDoubleBuffer flush thread
2022-02-15 23:30:42,511 [OMDoubleBufferFlushThread] INFO  ratis.OzoneManagerDoubleBuffer (OzoneManagerDoubleBuffer.java:flushTransactions(356)) - OMDoubleBuffer flush thread OMDoubleBufferFlushThread is interrupted and will exit. OMDoubleBufferFlushThread
2022-02-15 23:30:42,515 [Time-limited test] INFO  handler.ContextHandler (ContextHandler.java:doStop(1153)) - Stopped o.e.j.w.WebAppContext@349dbdac{ozoneManager,/,null,STOPPED}{file:/home/runner/work/ozone/ozone/hadoop-ozone/integration-test/target/test-classes/webapps/ozoneManager}
2022-02-15 23:30:42,515 [Time-limited test] INFO  server.AbstractConnector (AbstractConnector.java:doStop(381)) - Stopped ServerConnector@44941110{HTTP/1.1, (http/1.1)}{0.0.0.0:43611}
2022-02-15 23:30:42,516 [Time-limited test] INFO  server.session (HouseKeeper.java:stopScavenging(149)) - node0 Stopped scavenging
2022-02-15 23:30:42,519 [Time-limited test] INFO  handler.ContextHandler (ContextHandler.java:doStop(1153)) - Stopped o.e.j.s.ServletContextHandler@292fc9ec{static,/static,file:///home/runner/work/ozone/ozone/hadoop-ozone/integration-test/target/test-classes/webapps/static,STOPPED}
2022-02-15 23:30:42,519 [Time-limited test] INFO  handler.ContextHandler (ContextHandler.java:doStop(1153)) - Stopped o.e.j.s.ServletContextHandler@1be0735a{logs,/logs,file:///home/runner/work/ozone/ozone/hadoop-ozone/integration-test/target/log,STOPPED}
2022-02-15 23:30:42,525 [Time-limited test] INFO  om.OzoneManager (OzoneManager.java:restart(1451)) - OzoneManager RPC server is listening at localhost/127.0.0.1:33593
2022-02-15 23:30:42,525 [Time-limited test] INFO  impl.MetricsSystemImpl (MetricsSystemImpl.java:init(158)) - OzoneManager metrics system started (again)
2022-02-15 23:30:42,537 [Time-limited test] WARN  server.ServerUtils (ServerUtils.java:getDBPath(225)) - ozone.om.db.dirs is not configured. We recommend adding this setting. Falling back to ozone.metadata.dirs instead.
2022-02-15 23:30:42,538 [Time-limited test] INFO  codec.OmKeyInfoCodec (OmKeyInfoCodec.java:<init>(50)) - OmKeyInfoCodec ignorePipeline = true
2022-02-15 23:30:42,539 [Time-limited test] INFO  codec.RepeatedOmKeyInfoCodec (RepeatedOmKeyInfoCodec.java:<init>(42)) - RepeatedOmKeyInfoCodec ignorePipeline = true
2022-02-15 23:30:42,570 [Time-limited test] WARN  impl.MetricRegistriesImpl (MetricRegistriesImpl.java:addReporterRegistration(111)) - New reporters are added after registries were created. Some metrics will be missing from the reporter. Please add reporter before adding any new registry.
2022-02-15 23:30:42,571 [Time-limited test] WARN  impl.MetricRegistriesImpl (MetricRegistriesImpl.java:addReporterRegistration(111)) - New reporters are added after registries were created. Some metrics will be missing from the reporter. Please add reporter before adding any new registry.
2022-02-15 23:30:42,571 [Time-limited test] WARN  server.ServerUtils (ServerUtils.java:getDefaultRatisDirectory(237)) - Storage directory for Ratis is not configured. It is a good idea to map this to an SSD disk. Falling back to ozone.metadata.dirs
2022-02-15 23:30:42,572 [Time-limited test] INFO  ratis.OzoneManagerRatisServer (OzoneManagerRatisServer.java:<init>(159)) - Instantiating OM Ratis server with groupID: om-service-test1 and peers: localhost:40001, localhost:37345, localhost:42205
2022-02-15 23:30:42,572 [Time-limited test] INFO  ratis.OzoneManagerStateMachine (OzoneManagerStateMachine.java:loadSnapshotInfoFromDB(605)) - LastAppliedIndex is set from TransactionInfo from OM DB as (t:6, i:135)
2022-02-15 23:30:42,573 [Time-limited test] INFO  server.RaftServer (ConfUtils.java:logGet(44)) - raft.rpc.type = GRPC (default)
2022-02-15 23:30:42,573 [Time-limited test] INFO  grpc.GrpcFactory (GrpcFactory.java:checkPooledByteBufAllocatorUseCacheForAllThreads(48)) - PERFORMANCE WARNING: useCacheForAllThreads is true that may cause Netty to create a lot garbage objects and, as a result, trigger GC.
	It is recommended to disable useCacheForAllThreads by setting -Dorg.apache.ratis.thirdparty.io.netty.allocator.useCacheForAllThreads=false in command line.
2022-02-15 23:30:42,573 [Time-limited test] INFO  grpc.GrpcConfigKeys (ConfUtils.java:logGet(44)) - raft.grpc.admin.port = -1 (default)
2022-02-15 23:30:42,573 [Time-limited test] INFO  grpc.GrpcConfigKeys (ConfUtils.java:logGet(44)) - raft.grpc.server.port = 40001 (custom)
2022-02-15 23:30:42,573 [Time-limited test] INFO  grpc.GrpcConfigKeys (ConfUtils.java:logGet(44)) - raft.grpc.client.port = -1 (default)
2022-02-15 23:30:42,573 [Time-limited test] INFO  grpc.GrpcConfigKeys (ConfUtils.java:logGet(44)) - raft.grpc.server.port = 40001 (custom)
2022-02-15 23:30:42,574 [Time-limited test] INFO  grpc.GrpcConfigKeys (ConfUtils.java:logGet(44)) - raft.grpc.server.port = 40001 (custom)
2022-02-15 23:30:42,574 [Time-limited test] INFO  server.GrpcService (ConfUtils.java:logGet(44)) - raft.grpc.message.size.max = 33554432 (custom)
2022-02-15 23:30:42,574 [Time-limited test] INFO  server.RaftServerConfigKeys (ConfUtils.java:logGet(44)) - raft.server.log.appender.buffer.byte-limit = 33554432 (custom)
2022-02-15 23:30:42,574 [Time-limited test] INFO  server.GrpcService (ConfUtils.java:logGet(44)) - raft.grpc.flow.control.window = 1MB (=1048576) (default)
2022-02-15 23:30:42,574 [Time-limited test] INFO  server.RaftServerConfigKeys (ConfUtils.java:logGet(44)) - raft.server.rpc.request.timeout = 3000ms (default)
2022-02-15 23:30:42,575 [Time-limited test] INFO  impl.DataStreamServerImpl (ConfUtils.java:logGet(44)) - raft.datastream.type = DISABLED (default)
2022-02-15 23:30:42,575 [Time-limited test] INFO  server.RaftServerConfigKeys (ConfUtils.java:logGet(44)) - raft.server.rpc.slowness.timeout = 2s (custom)
2022-02-15 23:30:42,575 [Time-limited test] INFO  server.RaftServerConfigKeys (ConfUtils.java:logGet(44)) - raft.server.leaderelection.leader.step-down.wait-time = 10s (default)
2022-02-15 23:30:42,576 [Time-limited test] INFO  server.RaftServerConfigKeys (ConfUtils.java:logGet(44)) - raft.server.storage.dir = [/home/runner/work/ozone/ozone/hadoop-ozone/integration-test/target/test-dir/MiniOzoneClusterImpl-527fe069-2b78-49eb-8835-8cb6d6ba75bf/omNode-3/ratis] (custom)
2022-02-15 23:30:42,576 [Time-limited test] INFO  server.RaftServer (RaftServerProxy.java:lambda$null$1(235)) - omNode-3: found a subdirectory /home/runner/work/ozone/ozone/hadoop-ozone/integration-test/target/test-dir/MiniOzoneClusterImpl-527fe069-2b78-49eb-8835-8cb6d6ba75bf/omNode-3/ratis/c9bc4cf4-3bc3-3c60-a66b-523986131536
2022-02-15 23:30:42,576 [Time-limited test] INFO  server.RaftServer (RaftServerProxy.java:addNew(95)) - omNode-3: addNew group-523986131536:[omNode-3|rpc:localhost:40001|priority:0, omNode-1|rpc:localhost:37345|priority:0, omNode-2|rpc:localhost:42205|priority:0] returns group-523986131536:java.util.concurrent.CompletableFuture@378a994c[Not completed]
2022-02-15 23:30:42,576 [Time-limited test] INFO  om.OzoneManager (OzoneManager.java:initializeRatisServer(1834)) - OzoneManager Ratis server initialized at port 40001
2022-02-15 23:30:42,576 [pool-346-thread-1] INFO  server.RaftServer$Division (RaftServerImpl.java:<init>(184)) - omNode-3: new RaftServerImpl for group-523986131536:[omNode-3|rpc:localhost:40001|priority:0, omNode-1|rpc:localhost:37345|priority:0, omNode-2|rpc:localhost:42205|priority:0] with OzoneManagerStateMachine:uninitialized
2022-02-15 23:30:42,576 [Time-limited test] INFO  ratis.OzoneManagerRatisServer (OzoneManagerRatisServer.java:start(554)) - Starting OzoneManagerRatisServer omNode-3 at port 40001
2022-02-15 23:30:42,577 [pool-346-thread-1] INFO  server.RaftServerConfigKeys (ConfUtils.java:logGet(44)) - raft.server.rpc.timeout.min = 1s (custom)
2022-02-15 23:30:42,578 [pool-346-thread-1] INFO  server.RaftServerConfigKeys (ConfUtils.java:logGet(44)) - raft.server.rpc.timeout.max = 1200ms (custom)
2022-02-15 23:30:42,578 [pool-346-thread-1] INFO  server.RaftServerConfigKeys (ConfUtils.java:logGet(44)) - raft.server.rpc.sleep.time = 25ms (default)
2022-02-15 23:30:42,578 [pool-346-thread-1] INFO  server.RaftServerConfigKeys (ConfUtils.java:logGet(44)) - raft.server.rpc.slowness.timeout = 2s (custom)
2022-02-15 23:30:42,578 [pool-346-thread-1] INFO  server.RaftServerConfigKeys (ConfUtils.java:logGet(44)) - raft.server.leaderelection.leader.step-down.wait-time = 10s (default)
2022-02-15 23:30:42,578 [pool-346-thread-1] INFO  server.RaftServerConfigKeys (ConfUtils.java:logGet(44)) - raft.server.sleep.deviation.threshold = 300ms (default)
2022-02-15 23:30:42,578 [pool-346-thread-1] INFO  server.RaftServerConfigKeys (ConfUtils.java:logGet(44)) - raft.server.log.appender.install.snapshot.enabled = false (custom)
2022-02-15 23:30:42,578 [pool-346-thread-1] INFO  server.RaftServer$Division (ServerState.java:<init>(105)) - omNode-3@group-523986131536: ConfigurationManager, init=-1: [omNode-3|rpc:localhost:40001|priority:0, omNode-1|rpc:localhost:37345|priority:0, omNode-2|rpc:localhost:42205|priority:0], old=null, confs=<EMPTY_MAP>
2022-02-15 23:30:42,578 [pool-346-thread-1] INFO  server.RaftServerConfigKeys (ConfUtils.java:logGet(44)) - raft.server.storage.dir = [/home/runner/work/ozone/ozone/hadoop-ozone/integration-test/target/test-dir/MiniOzoneClusterImpl-527fe069-2b78-49eb-8835-8cb6d6ba75bf/omNode-3/ratis] (custom)
2022-02-15 23:30:42,578 [pool-346-thread-1] INFO  server.RaftServerConfigKeys (ConfUtils.java:logGet(44)) - raft.server.log.corruption.policy = EXCEPTION (default)
2022-02-15 23:30:42,578 [pool-346-thread-1] INFO  server.RaftServerConfigKeys (ConfUtils.java:logGet(44)) - raft.server.storage.free-space.min = 0MB (=0) (default)
2022-02-15 23:30:42,579 [pool-346-thread-1] INFO  storage.RaftStorageDirectory (RaftStorageDirectoryImpl.java:tryLock(230)) - Lock on /home/runner/work/ozone/ozone/hadoop-ozone/integration-test/target/test-dir/MiniOzoneClusterImpl-527fe069-2b78-49eb-8835-8cb6d6ba75bf/omNode-3/ratis/c9bc4cf4-3bc3-3c60-a66b-523986131536/in_use.lock acquired by nodename 1385@fv-az297-531
2022-02-15 23:30:42,579 [pool-346-thread-1] INFO  storage.RaftStorage (RaftStorageImpl.java:analyzeAndRecoverStorage(110)) - Read RaftStorageMetadata{term=6, votedFor=omNode-3} from /home/runner/work/ozone/ozone/hadoop-ozone/integration-test/target/test-dir/MiniOzoneClusterImpl-527fe069-2b78-49eb-8835-8cb6d6ba75bf/omNode-3/ratis/c9bc4cf4-3bc3-3c60-a66b-523986131536/current/raft-meta
2022-02-15 23:30:42,580 [pool-346-thread-1] INFO  server.RaftServer$Division (ServerState.java:setRaftConf(387)) - omNode-3@group-523986131536: set configuration 134: [omNode-3|rpc:localhost:40001|admin:|client:|dataStream:|priority:0, omNode-1|rpc:localhost:37345|admin:|client:|dataStream:|priority:0, omNode-2|rpc:localhost:42205|admin:|client:|dataStream:|priority:0], old=null
2022-02-15 23:30:42,580 [pool-346-thread-1] INFO  server.RaftServerConfigKeys (ConfUtils.java:logGet(44)) - raft.server.notification.no-leader.timeout = 2s (custom)
2022-02-15 23:30:42,580 [pool-346-thread-1] INFO  server.RaftServerConfigKeys (ConfUtils.java:logGet(44)) - raft.server.log.use.memory = false (default)
2022-02-15 23:30:42,580 [pool-346-thread-1] INFO  server.RaftServerConfigKeys (ConfUtils.java:logGet(44)) - raft.server.log.purge.gap = 50 (custom)
2022-02-15 23:30:42,580 [pool-346-thread-1] INFO  server.RaftServerConfigKeys (ConfUtils.java:logGet(44)) - raft.server.log.appender.buffer.byte-limit = 33554432 (custom)
2022-02-15 23:30:42,580 [pool-346-thread-1] INFO  server.RaftServerConfigKeys (ConfUtils.java:logGet(44)) - raft.server.log.segment.size.max = 4194304 (custom)
2022-02-15 23:30:42,581 [pool-346-thread-1] INFO  server.RaftServerConfigKeys (ConfUtils.java:logGet(44)) - raft.server.log.segment.cache.num.max = 2 (custom)
2022-02-15 23:30:42,581 [pool-346-thread-1] INFO  server.RaftServerConfigKeys (ConfUtils.java:logGet(44)) - raft.server.log.segment.cache.size.max = 200MB (=209715200) (default)
2022-02-15 23:30:42,581 [pool-346-thread-1] INFO  segmented.SegmentedRaftLogWorker (SegmentedRaftLogWorker.java:<init>(182)) - new omNode-3@group-523986131536-SegmentedRaftLogWorker for RaftStorageImpl:Storage Directory /home/runner/work/ozone/ozone/hadoop-ozone/integration-test/target/test-dir/MiniOzoneClusterImpl-527fe069-2b78-49eb-8835-8cb6d6ba75bf/omNode-3/ratis/c9bc4cf4-3bc3-3c60-a66b-523986131536
2022-02-15 23:30:42,581 [pool-346-thread-1] INFO  server.RaftServerConfigKeys (ConfUtils.java:logGet(44)) - raft.server.log.queue.byte-limit = 64MB (=67108864) (default)
2022-02-15 23:30:42,581 [pool-346-thread-1] INFO  server.RaftServerConfigKeys (ConfUtils.java:logGet(44)) - raft.server.log.queue.element-limit = 4096 (default)
2022-02-15 23:30:42,581 [pool-346-thread-1] INFO  server.RaftServerConfigKeys (ConfUtils.java:logGet(44)) - raft.server.log.segment.size.max = 4194304 (custom)
2022-02-15 23:30:42,581 [pool-346-thread-1] INFO  server.RaftServerConfigKeys (ConfUtils.java:logGet(44)) - raft.server.log.preallocated.size = 4194304 (custom)
2022-02-15 23:30:42,581 [pool-346-thread-1] INFO  server.RaftServerConfigKeys (ConfUtils.java:logGet(44)) - raft.server.log.force.sync.num = 128 (default)
2022-02-15 23:30:42,581 [pool-346-thread-1] INFO  server.RaftServerConfigKeys (ConfUtils.java:logGet(44)) - raft.server.log.statemachine.data.sync = true (default)
2022-02-15 23:30:42,581 [pool-346-thread-1] INFO  server.RaftServerConfigKeys (ConfUtils.java:logGet(44)) - raft.server.log.statemachine.data.sync.timeout = 10s (default)
2022-02-15 23:30:42,581 [pool-346-thread-1] INFO  server.RaftServerConfigKeys (ConfUtils.java:logGet(44)) - raft.server.log.statemachine.data.sync.timeout.retry = -1 (default)
2022-02-15 23:30:42,582 [pool-346-thread-1] INFO  server.RaftServerConfigKeys (ConfUtils.java:logGet(44)) - raft.server.log.write.buffer.size = 64KB (=65536) (default)
2022-02-15 23:30:42,582 [pool-346-thread-1] INFO  server.RaftServerConfigKeys (ConfUtils.java:logGet(44)) - raft.server.log.statemachine.data.caching.enabled = false (default)
2022-02-15 23:30:42,583 [pool-346-thread-1] INFO  server.RaftServer$Division (ServerState.java:setRaftConf(387)) - omNode-3@group-523986131536: set configuration 134: [omNode-3|rpc:localhost:40001|admin:|client:|dataStream:|priority:0, omNode-1|rpc:localhost:37345|admin:|client:|dataStream:|priority:0, omNode-2|rpc:localhost:42205|admin:|client:|dataStream:|priority:0], old=null
2022-02-15 23:30:42,583 [pool-346-thread-1] INFO  segmented.LogSegment (LogSegment.java:loadSegment(173)) - Successfully read 2 entries from segment file /home/runner/work/ozone/ozone/hadoop-ozone/integration-test/target/test-dir/MiniOzoneClusterImpl-527fe069-2b78-49eb-8835-8cb6d6ba75bf/omNode-3/ratis/c9bc4cf4-3bc3-3c60-a66b-523986131536/current/log_inprogress_134
2022-02-15 23:30:42,583 [pool-346-thread-1] INFO  segmented.SegmentedRaftLogWorker (SegmentedRaftLogWorker.java:lambda$new$0(133)) - omNode-3@group-523986131536-SegmentedRaftLogWorker: flushIndex: setUnconditionally 0 -> 135
2022-02-15 23:30:42,583 [pool-346-thread-1] INFO  segmented.SegmentedRaftLogWorker (SegmentedRaftLogWorker.java:lambda$new$0(133)) - omNode-3@group-523986131536-SegmentedRaftLogWorker: safeCacheEvictIndex: setUnconditionally 0 -> -1
2022-02-15 23:30:42,583 [pool-346-thread-1] INFO  raftlog.RaftLog (RaftLogBase.java:lambda$new$0(53)) - omNode-3@group-523986131536-SegmentedRaftLog: commitIndex: updateToMax old=135, new=134, updated? false
2022-02-15 23:30:42,583 [pool-346-thread-1] INFO  raftlog.RaftLog (RaftLogBase.java:lambda$new$0(53)) - omNode-3@group-523986131536-SegmentedRaftLog: purgeIndex: updateIncreasingly -1 -> 133
2022-02-15 23:30:42,583 [pool-346-thread-1] INFO  server.RaftServerConfigKeys (ConfUtils.java:logGet(44)) - raft.server.snapshot.auto.trigger.enabled = true (custom)
2022-02-15 23:30:42,583 [pool-346-thread-1] INFO  server.RaftServerConfigKeys (ConfUtils.java:logGet(44)) - raft.server.snapshot.auto.trigger.threshold = 50 (custom)
2022-02-15 23:30:42,583 [pool-346-thread-1] INFO  server.RaftServerConfigKeys (ConfUtils.java:logGet(44)) - raft.server.snapshot.retention.file.num = -1 (default)
2022-02-15 23:30:42,583 [pool-346-thread-1] INFO  server.RaftServerConfigKeys (ConfUtils.java:logGet(44)) - raft.server.log.purge.upto.snapshot.index = true (custom)
2022-02-15 23:30:42,584 [pool-346-thread-1] INFO  server.RaftServerConfigKeys (ConfUtils.java:logGet(44)) - raft.server.retrycache.expirytime = 30000ms (custom)
2022-02-15 23:30:42,584 [pool-346-thread-1] INFO  server.RaftServerConfigKeys (ConfUtils.java:logGet(44)) - raft.server.retrycache.statistics.expirytime = 100μs (default)
2022-02-15 23:30:42,587 [Time-limited test] INFO  server.RaftServer$Division (RaftServerImpl.java:start(301)) - omNode-3@group-523986131536: start as a follower, conf=134: [omNode-3|rpc:localhost:40001|admin:|client:|dataStream:|priority:0, omNode-1|rpc:localhost:37345|admin:|client:|dataStream:|priority:0, omNode-2|rpc:localhost:42205|admin:|client:|dataStream:|priority:0], old=null
2022-02-15 23:30:42,588 [Time-limited test] INFO  server.RaftServer$Division (RaftServerImpl.java:setRole(290)) - omNode-3@group-523986131536: changes role from      null to FOLLOWER at term 6 for startAsFollower
2022-02-15 23:30:42,588 [Time-limited test] INFO  impl.RoleInfo (RoleInfo.java:updateAndGet(130)) - omNode-3: start omNode-3@group-523986131536-FollowerState
2022-02-15 23:30:42,594 [Time-limited test] INFO  util.JmxRegister (JmxRegister.java:tryRegister(44)) - Successfully registered JMX Bean with object name Ratis:service=RaftServer,group=group-523986131536,id=omNode-3
2022-02-15 23:30:42,594 [Time-limited test] INFO  server.RaftServer (RaftServerProxy.java:lambda$start$5(374)) - omNode-3: start RPC server
2022-02-15 23:30:42,595 [Time-limited test] INFO  server.GrpcService (GrpcService.java:startImpl(253)) - omNode-3: GrpcService started, listening on 40001
2022-02-15 23:30:42,596 [Time-limited test] INFO  ipc.CallQueueManager (CallQueueManager.java:<init>(90)) - Using callQueue: class java.util.concurrent.LinkedBlockingQueue, queueCapacity: 2000, scheduler: class org.apache.hadoop.ipc.DefaultRpcScheduler, ipcBackoff: false.
2022-02-15 23:30:42,597 [org.apache.ratis.util.JvmPauseMonitor$$Lambda$422/911895107@6dbd19eb] INFO  util.JvmPauseMonitor (JvmPauseMonitor.java:run(103)) - JvmPauseMonitor-omNode-3: Started
2022-02-15 23:30:42,597 [Socket Reader #1 for port 33593] INFO  ipc.Server (Server.java:run(1265)) - Starting Socket Reader #1 for port 33593
2022-02-15 23:30:42,606 [Listener at localhost/33593] INFO  http.BaseHttpServer (BaseHttpServer.java:newHttpServer2BuilderForOzone(209)) - Starting Web-server for ozoneManager at: http://0.0.0.0:43611
2022-02-15 23:30:42,606 [Listener at localhost/33593] INFO  http.BaseHttpServer (BaseHttpServer.java:<init>(107)) - Hadoop Security Enabled: false Ozone Security Enabled: false Ozone HTTP Security Enabled: false 
2022-02-15 23:30:42,608 [Listener at localhost/33593] INFO  server.AuthenticationFilter (AuthenticationFilter.java:constructSecretProvider(240)) - Unable to initialize FileSignerSecretProvider, falling back to use random secrets.
2022-02-15 23:30:42,609 [Listener at localhost/33593] WARN  http.HttpRequestLog (HttpRequestLog.java:getRequestLog(103)) - Jetty request log can only be enabled using Log4j
2022-02-15 23:30:42,610 [Listener at localhost/33593] INFO  http.HttpServer2 (HttpServer2.java:addGlobalFilter(1030)) - Added global filter 'safety' (class=org.apache.hadoop.hdds.server.http.HttpServer2$QuotingInputFilter)
2022-02-15 23:30:42,611 [Listener at localhost/33593] INFO  http.HttpServer2 (HttpServer2.java:addFilter(1006)) - Added filter static_user_filter (class=org.apache.hadoop.http.lib.StaticUserWebFilter$StaticUserFilter) to context ozoneManager
2022-02-15 23:30:42,611 [Listener at localhost/33593] INFO  http.HttpServer2 (HttpServer2.java:addFilter(1014)) - Added filter static_user_filter (class=org.apache.hadoop.http.lib.StaticUserWebFilter$StaticUserFilter) to context static
2022-02-15 23:30:42,611 [Listener at localhost/33593] INFO  http.HttpServer2 (HttpServer2.java:addFilter(1014)) - Added filter static_user_filter (class=org.apache.hadoop.http.lib.StaticUserWebFilter$StaticUserFilter) to context logs
2022-02-15 23:30:42,611 [Listener at localhost/33593] INFO  http.HttpServer2 (HttpServer2.java:bindListener(1249)) - Jetty bound to port 43611
2022-02-15 23:30:42,611 [Listener at localhost/33593] INFO  server.Server (Server.java:doStart(375)) - jetty-9.4.43.v20210629; built: 2021-06-30T11:07:22.254Z; git: 526006ecfa3af7f1a27ef3a288e2bef7ea9dd7e8; jvm 1.8.0_312-b07
2022-02-15 23:30:42,613 [Listener at localhost/33593] INFO  server.session (DefaultSessionIdManager.java:doStart(334)) - DefaultSessionIdManager workerName=node0
2022-02-15 23:30:42,613 [Listener at localhost/33593] INFO  server.session (DefaultSessionIdManager.java:doStart(339)) - No SessionScavenger set, using defaults
2022-02-15 23:30:42,614 [Listener at localhost/33593] INFO  server.session (HouseKeeper.java:startScavenging(132)) - node0 Scavenging every 660000ms
2022-02-15 23:30:42,614 [Listener at localhost/33593] INFO  handler.ContextHandler (ContextHandler.java:doStart(915)) - Started o.e.j.s.ServletContextHandler@606dc9f0{logs,/logs,file:///home/runner/work/ozone/ozone/hadoop-ozone/integration-test/target/log,AVAILABLE}
2022-02-15 23:30:42,615 [Listener at localhost/33593] INFO  handler.ContextHandler (ContextHandler.java:doStart(915)) - Started o.e.j.s.ServletContextHandler@5cecb2bd{static,/static,file:///home/runner/work/ozone/ozone/hadoop-ozone/integration-test/target/test-classes/webapps/static,AVAILABLE}
2022-02-15 23:30:42,619 [Listener at localhost/33593] INFO  handler.ContextHandler (ContextHandler.java:doStart(915)) - Started o.e.j.w.WebAppContext@be806c7{ozoneManager,/,file:///home/runner/work/ozone/ozone/hadoop-ozone/integration-test/target/test-classes/webapps/ozoneManager/,AVAILABLE}{file:/home/runner/work/ozone/ozone/hadoop-ozone/integration-test/target/test-classes/webapps/ozoneManager}
2022-02-15 23:30:42,622 [Listener at localhost/33593] INFO  server.AbstractConnector (AbstractConnector.java:doStart(331)) - Started ServerConnector@131f0098{HTTP/1.1, (http/1.1)}{0.0.0.0:43611}
2022-02-15 23:30:42,622 [Listener at localhost/33593] INFO  server.Server (Server.java:doStart(415)) - Started @63843ms
2022-02-15 23:30:42,623 [Listener at localhost/33593] WARN  impl.MetricsSystemImpl (MetricsSystemImpl.java:register(279)) - Sink prometheus already exists!
2022-02-15 23:30:42,623 [Listener at localhost/33593] INFO  http.BaseHttpServer (BaseHttpServer.java:updateConnectorAddress(329)) - HTTP server of ozoneManager listening at http://0.0.0.0:43611
2022-02-15 23:30:42,624 [IPC Server Responder] INFO  ipc.Server (Server.java:run(1507)) - IPC Server Responder: starting
2022-02-15 23:30:42,624 [IPC Server listener on 33593] INFO  ipc.Server (Server.java:run(1344)) - IPC Server listener on 33593: starting
2022-02-15 23:30:42,637 [Listener at localhost/33593] INFO  om.OzoneManager (OzoneManager.java:startTrashEmptier(1792)) - Trash Interval set to 0. Files deleted will not move to trash
2022-02-15 23:30:42,638 [Listener at localhost/33593] INFO  om.OzoneManager (OzoneManager.java:stop(1893)) - omNode-1[localhost:36451]: Stopping Ozone Manager
2022-02-15 23:30:42,647 [org.apache.hadoop.util.JvmPauseMonitor$Monitor@bb46967] INFO  util.JvmPauseMonitor (JvmPauseMonitor.java:run(188)) - Starting JVM pause monitor
2022-02-15 23:30:42,648 [Listener at localhost/33593] INFO  ipc.Server (Server.java:stop(3414)) - Stopping server on 36451
2022-02-15 23:30:42,650 [IPC Server listener on 36451] INFO  ipc.Server (Server.java:run(1376)) - Stopping IPC Server listener on 36451
2022-02-15 23:30:42,651 [IPC Server Responder] INFO  ipc.Server (Server.java:run(1512)) - Stopping IPC Server Responder
2022-02-15 23:30:42,652 [Listener at localhost/33593] INFO  server.RaftServer (RaftServerProxy.java:lambda$close$6(391)) - omNode-1: close
2022-02-15 23:30:42,653 [Listener at localhost/33593] INFO  server.RaftServer$Division (RaftServerImpl.java:lambda$close$4(412)) - omNode-1@group-523986131536: shutdown
2022-02-15 23:30:42,653 [Listener at localhost/33593] INFO  util.JmxRegister (JmxRegister.java:unregister(73)) - Successfully un-registered JMX Bean with object name Ratis:service=RaftServer,group=group-523986131536,id=omNode-1
2022-02-15 23:30:42,653 [Listener at localhost/33593] INFO  impl.RoleInfo (RoleInfo.java:shutdownFollowerState(108)) - omNode-1: shutdown omNode-1@group-523986131536-FollowerState
2022-02-15 23:30:42,653 [Listener at localhost/33593] INFO  impl.StateMachineUpdater (StateMachineUpdater.java:stopAndJoin(149)) - omNode-1@group-523986131536-StateMachineUpdater: set stopIndex = 135
2022-02-15 23:30:42,654 [omNode-1@group-523986131536-FollowerState] INFO  impl.FollowerState (FollowerState.java:run(143)) - omNode-1@group-523986131536-FollowerState was interrupted: {}
java.lang.InterruptedException: sleep interrupted
	at java.lang.Thread.sleep(Native Method)
	at java.lang.Thread.sleep(Thread.java:340)
	at java.util.concurrent.TimeUnit.sleep(TimeUnit.java:386)
	at org.apache.ratis.util.TimeDuration.sleep(TimeDuration.java:324)
	at org.apache.ratis.util.TimeDuration.sleep(TimeDuration.java:309)
	at org.apache.ratis.server.impl.FollowerState.run(FollowerState.java:118)
2022-02-15 23:30:42,654 [omNode-1@group-523986131536-StateMachineUpdater] INFO  ratis.OzoneManagerStateMachine (OzoneManagerStateMachine.java:takeSnapshot(417)) - Current Snapshot Index (t:6, i:135)
2022-02-15 23:30:42,656 [omNode-1@group-523986131536-StateMachineUpdater] INFO  impl.StateMachineUpdater (StateMachineUpdater.java:takeSnapshot(281)) - omNode-1@group-523986131536-StateMachineUpdater: Took a snapshot at index 135
2022-02-15 23:30:42,657 [omNode-1@group-523986131536-StateMachineUpdater] INFO  impl.StateMachineUpdater (StateMachineUpdater.java:lambda$new$0(89)) - omNode-1@group-523986131536-StateMachineUpdater: snapshotIndex: updateIncreasingly 132 -> 135
2022-02-15 23:30:42,657 [omNode-1@group-523986131536-StateMachineUpdater] INFO  raftlog.RaftLog (RaftLogBase.java:purge(306)) - omNode-1@group-523986131536-SegmentedRaftLog: purge 135
2022-02-15 23:30:42,657 [omNode-1@group-523986131536-StateMachineUpdater] INFO  raftlog.RaftLog (RaftLogBase.java:lambda$new$0(53)) - omNode-1@group-523986131536-SegmentedRaftLog: snapshotIndex: updateIncreasingly 132 -> 135
2022-02-15 23:30:42,657 [omNode-1@group-523986131536-StateMachineUpdater] INFO  ratis.OzoneManagerStateMachine (OzoneManagerStateMachine.java:close(471)) - StateMachine has shutdown. Shutdown OzoneManager if not already shutdown.
2022-02-15 23:30:42,657 [omNode-1@group-523986131536-SegmentedRaftLogWorker] INFO  raftlog.RaftLog (RaftLogBase.java:lambda$new$0(53)) - omNode-1@group-523986131536-SegmentedRaftLog: purgeIndex: updateToMax old=71, new=133, updated? true
2022-02-15 23:30:42,657 [Listener at localhost/33593] INFO  server.RaftServer$Division (ServerState.java:close(419)) - omNode-1@group-523986131536: closes. applyIndex: 135
2022-02-15 23:30:42,658 [omNode-1@group-523986131536-SegmentedRaftLogWorker] INFO  segmented.SegmentedRaftLogWorker (SegmentedRaftLogWorker.java:run(327)) - omNode-1@group-523986131536-SegmentedRaftLogWorker was interrupted, exiting. There are 0 tasks remaining in the queue.
2022-02-15 23:30:42,659 [Listener at localhost/33593] INFO  segmented.SegmentedRaftLogWorker (SegmentedRaftLogWorker.java:close(237)) - omNode-1@group-523986131536-SegmentedRaftLogWorker close()
2022-02-15 23:30:42,660 [Listener at localhost/33593] INFO  server.GrpcService (GrpcService.java:closeImpl(262)) - omNode-1: shutdown server with port 37345 now
2022-02-15 23:30:42,667 [Listener at localhost/33593] INFO  server.GrpcService (GrpcService.java:closeImpl(271)) - omNode-1: shutdown server with port 37345 successfully
2022-02-15 23:30:42,668 [org.apache.ratis.util.JvmPauseMonitor$$Lambda$422/911895107@1103b160] INFO  util.JvmPauseMonitor (JvmPauseMonitor.java:run(109)) - JvmPauseMonitor-omNode-1: Stopped
2022-02-15 23:30:42,668 [Listener at localhost/33593] INFO  ratis.OzoneManagerDoubleBuffer (OzoneManagerDoubleBuffer.java:stop(437)) - Stopping OMDoubleBuffer flush thread
2022-02-15 23:30:42,668 [OMDoubleBufferFlushThread] INFO  ratis.OzoneManagerDoubleBuffer (OzoneManagerDoubleBuffer.java:flushTransactions(356)) - OMDoubleBuffer flush thread OMDoubleBufferFlushThread is interrupted and will exit. OMDoubleBufferFlushThread
2022-02-15 23:30:42,673 [Listener at localhost/33593] INFO  handler.ContextHandler (ContextHandler.java:doStop(1153)) - Stopped o.e.j.w.WebAppContext@435e72da{ozoneManager,/,null,STOPPED}{file:/home/runner/work/ozone/ozone/hadoop-ozone/integration-test/target/test-classes/webapps/ozoneManager}
2022-02-15 23:30:42,674 [Listener at localhost/33593] INFO  server.AbstractConnector (AbstractConnector.java:doStop(381)) - Stopped ServerConnector@77a11e11{HTTP/1.1, (http/1.1)}{0.0.0.0:43041}
2022-02-15 23:30:42,674 [Listener at localhost/33593] INFO  server.session (HouseKeeper.java:stopScavenging(149)) - node0 Stopped scavenging
2022-02-15 23:30:42,677 [Listener at localhost/33593] INFO  handler.ContextHandler (ContextHandler.java:doStop(1153)) - Stopped o.e.j.s.ServletContextHandler@62a1420f{static,/static,file:///home/runner/work/ozone/ozone/hadoop-ozone/integration-test/target/test-classes/webapps/static,STOPPED}
2022-02-15 23:30:42,677 [Listener at localhost/33593] INFO  handler.ContextHandler (ContextHandler.java:doStop(1153)) - Stopped o.e.j.s.ServletContextHandler@4f378b76{logs,/logs,file:///home/runner/work/ozone/ozone/hadoop-ozone/integration-test/target/log,STOPPED}
2022-02-15 23:30:42,681 [Listener at localhost/33593] INFO  om.OzoneManager (OzoneManager.java:restart(1451)) - OzoneManager RPC server is listening at localhost/127.0.0.1:36451
2022-02-15 23:30:42,681 [Listener at localhost/33593] INFO  impl.MetricsSystemImpl (MetricsSystemImpl.java:init(158)) - OzoneManager metrics system started (again)
2022-02-15 23:30:42,693 [Listener at localhost/33593] WARN  server.ServerUtils (ServerUtils.java:getDBPath(225)) - ozone.om.db.dirs is not configured. We recommend adding this setting. Falling back to ozone.metadata.dirs instead.
2022-02-15 23:30:42,694 [Listener at localhost/33593] INFO  codec.OmKeyInfoCodec (OmKeyInfoCodec.java:<init>(50)) - OmKeyInfoCodec ignorePipeline = true
2022-02-15 23:30:42,694 [Listener at localhost/33593] INFO  codec.RepeatedOmKeyInfoCodec (RepeatedOmKeyInfoCodec.java:<init>(42)) - RepeatedOmKeyInfoCodec ignorePipeline = true
2022-02-15 23:30:42,722 [Listener at localhost/33593] WARN  impl.MetricRegistriesImpl (MetricRegistriesImpl.java:addReporterRegistration(111)) - New reporters are added after registries were created. Some metrics will be missing from the reporter. Please add reporter before adding any new registry.
2022-02-15 23:30:42,723 [Listener at localhost/33593] WARN  impl.MetricRegistriesImpl (MetricRegistriesImpl.java:addReporterRegistration(111)) - New reporters are added after registries were created. Some metrics will be missing from the reporter. Please add reporter before adding any new registry.
2022-02-15 23:30:42,723 [Listener at localhost/33593] WARN  server.ServerUtils (ServerUtils.java:getDefaultRatisDirectory(237)) - Storage directory for Ratis is not configured. It is a good idea to map this to an SSD disk. Falling back to ozone.metadata.dirs
2022-02-15 23:30:42,724 [Listener at localhost/33593] INFO  ratis.OzoneManagerRatisServer (OzoneManagerRatisServer.java:<init>(159)) - Instantiating OM Ratis server with groupID: om-service-test1 and peers: localhost:37345, localhost:40001, localhost:42205
2022-02-15 23:30:42,724 [Listener at localhost/33593] INFO  ratis.OzoneManagerStateMachine (OzoneManagerStateMachine.java:loadSnapshotInfoFromDB(605)) - LastAppliedIndex is set from TransactionInfo from OM DB as (t:6, i:135)
2022-02-15 23:30:42,725 [Listener at localhost/33593] INFO  server.RaftServer (ConfUtils.java:logGet(44)) - raft.rpc.type = GRPC (default)
2022-02-15 23:30:42,725 [Listener at localhost/33593] INFO  grpc.GrpcFactory (GrpcFactory.java:checkPooledByteBufAllocatorUseCacheForAllThreads(48)) - PERFORMANCE WARNING: useCacheForAllThreads is true that may cause Netty to create a lot garbage objects and, as a result, trigger GC.
	It is recommended to disable useCacheForAllThreads by setting -Dorg.apache.ratis.thirdparty.io.netty.allocator.useCacheForAllThreads=false in command line.
2022-02-15 23:30:42,725 [Listener at localhost/33593] INFO  grpc.GrpcConfigKeys (ConfUtils.java:logGet(44)) - raft.grpc.admin.port = -1 (default)
2022-02-15 23:30:42,725 [Listener at localhost/33593] INFO  grpc.GrpcConfigKeys (ConfUtils.java:logGet(44)) - raft.grpc.server.port = 37345 (custom)
2022-02-15 23:30:42,725 [Listener at localhost/33593] INFO  grpc.GrpcConfigKeys (ConfUtils.java:logGet(44)) - raft.grpc.client.port = -1 (default)
2022-02-15 23:30:42,725 [Listener at localhost/33593] INFO  grpc.GrpcConfigKeys (ConfUtils.java:logGet(44)) - raft.grpc.server.port = 37345 (custom)
2022-02-15 23:30:42,725 [Listener at localhost/33593] INFO  grpc.GrpcConfigKeys (ConfUtils.java:logGet(44)) - raft.grpc.server.port = 37345 (custom)
2022-02-15 23:30:42,725 [Listener at localhost/33593] INFO  server.GrpcService (ConfUtils.java:logGet(44)) - raft.grpc.message.size.max = 33554432 (custom)
2022-02-15 23:30:42,725 [Listener at localhost/33593] INFO  server.RaftServerConfigKeys (ConfUtils.java:logGet(44)) - raft.server.log.appender.buffer.byte-limit = 33554432 (custom)
2022-02-15 23:30:42,725 [Listener at localhost/33593] INFO  server.GrpcService (ConfUtils.java:logGet(44)) - raft.grpc.flow.control.window = 1MB (=1048576) (default)
2022-02-15 23:30:42,726 [Listener at localhost/33593] INFO  server.RaftServerConfigKeys (ConfUtils.java:logGet(44)) - raft.server.rpc.request.timeout = 3000ms (default)
2022-02-15 23:30:42,727 [Listener at localhost/33593] INFO  impl.DataStreamServerImpl (ConfUtils.java:logGet(44)) - raft.datastream.type = DISABLED (default)
2022-02-15 23:30:42,727 [Listener at localhost/33593] INFO  server.RaftServerConfigKeys (ConfUtils.java:logGet(44)) - raft.server.rpc.slowness.timeout = 2s (custom)
2022-02-15 23:30:42,727 [Listener at localhost/33593] INFO  server.RaftServerConfigKeys (ConfUtils.java:logGet(44)) - raft.server.leaderelection.leader.step-down.wait-time = 10s (default)
2022-02-15 23:30:42,727 [Listener at localhost/33593] INFO  server.RaftServerConfigKeys (ConfUtils.java:logGet(44)) - raft.server.storage.dir = [/home/runner/work/ozone/ozone/hadoop-ozone/integration-test/target/test-dir/MiniOzoneClusterImpl-527fe069-2b78-49eb-8835-8cb6d6ba75bf/omNode-1/ratis] (custom)
2022-02-15 23:30:42,728 [Listener at localhost/33593] INFO  server.RaftServer (RaftServerProxy.java:lambda$null$1(235)) - omNode-1: found a subdirectory /home/runner/work/ozone/ozone/hadoop-ozone/integration-test/target/test-dir/MiniOzoneClusterImpl-527fe069-2b78-49eb-8835-8cb6d6ba75bf/omNode-1/ratis/c9bc4cf4-3bc3-3c60-a66b-523986131536
2022-02-15 23:30:42,728 [Listener at localhost/33593] INFO  server.RaftServer (RaftServerProxy.java:addNew(95)) - omNode-1: addNew group-523986131536:[omNode-3|rpc:localhost:40001|priority:0, omNode-1|rpc:localhost:37345|priority:0, omNode-2|rpc:localhost:42205|priority:0] returns group-523986131536:java.util.concurrent.CompletableFuture@4e60391a[Not completed]
2022-02-15 23:30:42,728 [Listener at localhost/33593] INFO  om.OzoneManager (OzoneManager.java:initializeRatisServer(1834)) - OzoneManager Ratis server initialized at port 37345
2022-02-15 23:30:42,728 [Listener at localhost/33593] INFO  ratis.OzoneManagerRatisServer (OzoneManagerRatisServer.java:start(554)) - Starting OzoneManagerRatisServer omNode-1 at port 37345
2022-02-15 23:30:42,729 [pool-366-thread-1] INFO  server.RaftServer$Division (RaftServerImpl.java:<init>(184)) - omNode-1: new RaftServerImpl for group-523986131536:[omNode-3|rpc:localhost:40001|priority:0, omNode-1|rpc:localhost:37345|priority:0, omNode-2|rpc:localhost:42205|priority:0] with OzoneManagerStateMachine:uninitialized
2022-02-15 23:30:42,730 [pool-366-thread-1] INFO  server.RaftServerConfigKeys (ConfUtils.java:logGet(44)) - raft.server.rpc.timeout.min = 1s (custom)
2022-02-15 23:30:42,730 [pool-366-thread-1] INFO  server.RaftServerConfigKeys (ConfUtils.java:logGet(44)) - raft.server.rpc.timeout.max = 1200ms (custom)
2022-02-15 23:30:42,730 [pool-366-thread-1] INFO  server.RaftServerConfigKeys (ConfUtils.java:logGet(44)) - raft.server.rpc.sleep.time = 25ms (default)
2022-02-15 23:30:42,730 [pool-366-thread-1] INFO  server.RaftServerConfigKeys (ConfUtils.java:logGet(44)) - raft.server.rpc.slowness.timeout = 2s (custom)
2022-02-15 23:30:42,730 [pool-366-thread-1] INFO  server.RaftServerConfigKeys (ConfUtils.java:logGet(44)) - raft.server.leaderelection.leader.step-down.wait-time = 10s (default)
2022-02-15 23:30:42,730 [pool-366-thread-1] INFO  server.RaftServerConfigKeys (ConfUtils.java:logGet(44)) - raft.server.sleep.deviation.threshold = 300ms (default)
2022-02-15 23:30:42,730 [pool-366-thread-1] INFO  server.RaftServerConfigKeys (ConfUtils.java:logGet(44)) - raft.server.log.appender.install.snapshot.enabled = false (custom)
2022-02-15 23:30:42,730 [pool-366-thread-1] INFO  server.RaftServer$Division (ServerState.java:<init>(105)) - omNode-1@group-523986131536: ConfigurationManager, init=-1: [omNode-3|rpc:localhost:40001|priority:0, omNode-1|rpc:localhost:37345|priority:0, omNode-2|rpc:localhost:42205|priority:0], old=null, confs=<EMPTY_MAP>
2022-02-15 23:30:42,730 [pool-366-thread-1] INFO  server.RaftServerConfigKeys (ConfUtils.java:logGet(44)) - raft.server.storage.dir = [/home/runner/work/ozone/ozone/hadoop-ozone/integration-test/target/test-dir/MiniOzoneClusterImpl-527fe069-2b78-49eb-8835-8cb6d6ba75bf/omNode-1/ratis] (custom)
2022-02-15 23:30:42,730 [pool-366-thread-1] INFO  server.RaftServerConfigKeys (ConfUtils.java:logGet(44)) - raft.server.log.corruption.policy = EXCEPTION (default)
2022-02-15 23:30:42,730 [pool-366-thread-1] INFO  server.RaftServerConfigKeys (ConfUtils.java:logGet(44)) - raft.server.storage.free-space.min = 0MB (=0) (default)
2022-02-15 23:30:42,731 [pool-366-thread-1] INFO  storage.RaftStorageDirectory (RaftStorageDirectoryImpl.java:tryLock(230)) - Lock on /home/runner/work/ozone/ozone/hadoop-ozone/integration-test/target/test-dir/MiniOzoneClusterImpl-527fe069-2b78-49eb-8835-8cb6d6ba75bf/omNode-1/ratis/c9bc4cf4-3bc3-3c60-a66b-523986131536/in_use.lock acquired by nodename 1385@fv-az297-531
2022-02-15 23:30:42,731 [pool-366-thread-1] INFO  storage.RaftStorage (RaftStorageImpl.java:analyzeAndRecoverStorage(110)) - Read RaftStorageMetadata{term=6, votedFor=omNode-3} from /home/runner/work/ozone/ozone/hadoop-ozone/integration-test/target/test-dir/MiniOzoneClusterImpl-527fe069-2b78-49eb-8835-8cb6d6ba75bf/omNode-1/ratis/c9bc4cf4-3bc3-3c60-a66b-523986131536/current/raft-meta
2022-02-15 23:30:42,732 [pool-366-thread-1] INFO  server.RaftServer$Division (ServerState.java:setRaftConf(387)) - omNode-1@group-523986131536: set configuration 134: [omNode-3|rpc:localhost:40001|admin:|client:|dataStream:|priority:0, omNode-1|rpc:localhost:37345|admin:|client:|dataStream:|priority:0, omNode-2|rpc:localhost:42205|admin:|client:|dataStream:|priority:0], old=null
2022-02-15 23:30:42,732 [pool-366-thread-1] INFO  server.RaftServerConfigKeys (ConfUtils.java:logGet(44)) - raft.server.notification.no-leader.timeout = 2s (custom)
2022-02-15 23:30:42,732 [pool-366-thread-1] INFO  server.RaftServerConfigKeys (ConfUtils.java:logGet(44)) - raft.server.log.use.memory = false (default)
2022-02-15 23:30:42,732 [pool-366-thread-1] INFO  server.RaftServerConfigKeys (ConfUtils.java:logGet(44)) - raft.server.log.purge.gap = 50 (custom)
2022-02-15 23:30:42,732 [pool-366-thread-1] INFO  server.RaftServerConfigKeys (ConfUtils.java:logGet(44)) - raft.server.log.appender.buffer.byte-limit = 33554432 (custom)
2022-02-15 23:30:42,732 [pool-366-thread-1] INFO  server.RaftServerConfigKeys (ConfUtils.java:logGet(44)) - raft.server.log.segment.size.max = 4194304 (custom)
2022-02-15 23:30:42,732 [pool-366-thread-1] INFO  server.RaftServerConfigKeys (ConfUtils.java:logGet(44)) - raft.server.log.segment.cache.num.max = 2 (custom)
2022-02-15 23:30:42,732 [pool-366-thread-1] INFO  server.RaftServerConfigKeys (ConfUtils.java:logGet(44)) - raft.server.log.segment.cache.size.max = 200MB (=209715200) (default)
2022-02-15 23:30:42,733 [pool-366-thread-1] INFO  segmented.SegmentedRaftLogWorker (SegmentedRaftLogWorker.java:<init>(182)) - new omNode-1@group-523986131536-SegmentedRaftLogWorker for RaftStorageImpl:Storage Directory /home/runner/work/ozone/ozone/hadoop-ozone/integration-test/target/test-dir/MiniOzoneClusterImpl-527fe069-2b78-49eb-8835-8cb6d6ba75bf/omNode-1/ratis/c9bc4cf4-3bc3-3c60-a66b-523986131536
2022-02-15 23:30:42,733 [pool-366-thread-1] INFO  server.RaftServerConfigKeys (ConfUtils.java:logGet(44)) - raft.server.log.queue.byte-limit = 64MB (=67108864) (default)
2022-02-15 23:30:42,733 [pool-366-thread-1] INFO  server.RaftServerConfigKeys (ConfUtils.java:logGet(44)) - raft.server.log.queue.element-limit = 4096 (default)
2022-02-15 23:30:42,733 [pool-366-thread-1] INFO  server.RaftServerConfigKeys (ConfUtils.java:logGet(44)) - raft.server.log.segment.size.max = 4194304 (custom)
2022-02-15 23:30:42,733 [pool-366-thread-1] INFO  server.RaftServerConfigKeys (ConfUtils.java:logGet(44)) - raft.server.log.preallocated.size = 4194304 (custom)
2022-02-15 23:30:42,733 [pool-366-thread-1] INFO  server.RaftServerConfigKeys (ConfUtils.java:logGet(44)) - raft.server.log.force.sync.num = 128 (default)
2022-02-15 23:30:42,733 [pool-366-thread-1] INFO  server.RaftServerConfigKeys (ConfUtils.java:logGet(44)) - raft.server.log.statemachine.data.sync = true (default)
2022-02-15 23:30:42,733 [pool-366-thread-1] INFO  server.RaftServerConfigKeys (ConfUtils.java:logGet(44)) - raft.server.log.statemachine.data.sync.timeout = 10s (default)
2022-02-15 23:30:42,733 [pool-366-thread-1] INFO  server.RaftServerConfigKeys (ConfUtils.java:logGet(44)) - raft.server.log.statemachine.data.sync.timeout.retry = -1 (default)
2022-02-15 23:30:42,733 [pool-366-thread-1] INFO  server.RaftServerConfigKeys (ConfUtils.java:logGet(44)) - raft.server.log.write.buffer.size = 64KB (=65536) (default)
2022-02-15 23:30:42,734 [pool-366-thread-1] INFO  server.RaftServerConfigKeys (ConfUtils.java:logGet(44)) - raft.server.log.statemachine.data.caching.enabled = false (default)
2022-02-15 23:30:42,734 [pool-366-thread-1] INFO  server.RaftServer$Division (ServerState.java:setRaftConf(387)) - omNode-1@group-523986131536: set configuration 134: [omNode-3|rpc:localhost:40001|admin:|client:|dataStream:|priority:0, omNode-1|rpc:localhost:37345|admin:|client:|dataStream:|priority:0, omNode-2|rpc:localhost:42205|admin:|client:|dataStream:|priority:0], old=null
2022-02-15 23:30:42,734 [pool-366-thread-1] INFO  segmented.LogSegment (LogSegment.java:loadSegment(173)) - Successfully read 2 entries from segment file /home/runner/work/ozone/ozone/hadoop-ozone/integration-test/target/test-dir/MiniOzoneClusterImpl-527fe069-2b78-49eb-8835-8cb6d6ba75bf/omNode-1/ratis/c9bc4cf4-3bc3-3c60-a66b-523986131536/current/log_inprogress_134
2022-02-15 23:30:42,734 [pool-366-thread-1] INFO  segmented.SegmentedRaftLogWorker (SegmentedRaftLogWorker.java:lambda$new$0(133)) - omNode-1@group-523986131536-SegmentedRaftLogWorker: flushIndex: setUnconditionally 0 -> 135
2022-02-15 23:30:42,734 [pool-366-thread-1] INFO  segmented.SegmentedRaftLogWorker (SegmentedRaftLogWorker.java:lambda$new$0(133)) - omNode-1@group-523986131536-SegmentedRaftLogWorker: safeCacheEvictIndex: setUnconditionally 0 -> -1
2022-02-15 23:30:42,735 [pool-366-thread-1] INFO  raftlog.RaftLog (RaftLogBase.java:lambda$new$0(53)) - omNode-1@group-523986131536-SegmentedRaftLog: commitIndex: updateToMax old=135, new=134, updated? false
2022-02-15 23:30:42,735 [pool-366-thread-1] INFO  raftlog.RaftLog (RaftLogBase.java:lambda$new$0(53)) - omNode-1@group-523986131536-SegmentedRaftLog: purgeIndex: updateIncreasingly -1 -> 133
2022-02-15 23:30:42,735 [pool-366-thread-1] INFO  server.RaftServerConfigKeys (ConfUtils.java:logGet(44)) - raft.server.snapshot.auto.trigger.enabled = true (custom)
2022-02-15 23:30:42,735 [pool-366-thread-1] INFO  server.RaftServerConfigKeys (ConfUtils.java:logGet(44)) - raft.server.snapshot.auto.trigger.threshold = 50 (custom)
2022-02-15 23:30:42,735 [pool-366-thread-1] INFO  server.RaftServerConfigKeys (ConfUtils.java:logGet(44)) - raft.server.snapshot.retention.file.num = -1 (default)
2022-02-15 23:30:42,735 [pool-366-thread-1] INFO  server.RaftServerConfigKeys (ConfUtils.java:logGet(44)) - raft.server.log.purge.upto.snapshot.index = true (custom)
2022-02-15 23:30:42,735 [pool-366-thread-1] INFO  server.RaftServerConfigKeys (ConfUtils.java:logGet(44)) - raft.server.retrycache.expirytime = 30000ms (custom)
2022-02-15 23:30:42,735 [pool-366-thread-1] INFO  server.RaftServerConfigKeys (ConfUtils.java:logGet(44)) - raft.server.retrycache.statistics.expirytime = 100μs (default)
2022-02-15 23:30:42,736 [Listener at localhost/33593] INFO  server.RaftServer$Division (RaftServerImpl.java:start(301)) - omNode-1@group-523986131536: start as a follower, conf=134: [omNode-3|rpc:localhost:40001|admin:|client:|dataStream:|priority:0, omNode-1|rpc:localhost:37345|admin:|client:|dataStream:|priority:0, omNode-2|rpc:localhost:42205|admin:|client:|dataStream:|priority:0], old=null
2022-02-15 23:30:42,736 [Listener at localhost/33593] INFO  server.RaftServer$Division (RaftServerImpl.java:setRole(290)) - omNode-1@group-523986131536: changes role from      null to FOLLOWER at term 6 for startAsFollower
2022-02-15 23:30:42,736 [Listener at localhost/33593] INFO  impl.RoleInfo (RoleInfo.java:updateAndGet(130)) - omNode-1: start omNode-1@group-523986131536-FollowerState
2022-02-15 23:30:42,737 [Listener at localhost/33593] INFO  util.JmxRegister (JmxRegister.java:tryRegister(44)) - Successfully registered JMX Bean with object name Ratis:service=RaftServer,group=group-523986131536,id=omNode-1
2022-02-15 23:30:42,737 [Listener at localhost/33593] INFO  server.RaftServer (RaftServerProxy.java:lambda$start$5(374)) - omNode-1: start RPC server
2022-02-15 23:30:42,738 [Listener at localhost/33593] INFO  server.GrpcService (GrpcService.java:startImpl(253)) - omNode-1: GrpcService started, listening on 37345
2022-02-15 23:30:42,738 [org.apache.ratis.util.JvmPauseMonitor$$Lambda$422/911895107@52fa9144] INFO  util.JvmPauseMonitor (JvmPauseMonitor.java:run(103)) - JvmPauseMonitor-omNode-1: Started
2022-02-15 23:30:42,738 [Listener at localhost/33593] INFO  ipc.CallQueueManager (CallQueueManager.java:<init>(90)) - Using callQueue: class java.util.concurrent.LinkedBlockingQueue, queueCapacity: 2000, scheduler: class org.apache.hadoop.ipc.DefaultRpcScheduler, ipcBackoff: false.
2022-02-15 23:30:42,739 [Socket Reader #1 for port 36451] INFO  ipc.Server (Server.java:run(1265)) - Starting Socket Reader #1 for port 36451
2022-02-15 23:30:42,742 [Listener at localhost/36451] INFO  http.BaseHttpServer (BaseHttpServer.java:newHttpServer2BuilderForOzone(209)) - Starting Web-server for ozoneManager at: http://0.0.0.0:43041
2022-02-15 23:30:42,742 [Listener at localhost/36451] INFO  http.BaseHttpServer (BaseHttpServer.java:<init>(107)) - Hadoop Security Enabled: false Ozone Security Enabled: false Ozone HTTP Security Enabled: false 
2022-02-15 23:30:42,743 [Listener at localhost/36451] INFO  server.AuthenticationFilter (AuthenticationFilter.java:constructSecretProvider(240)) - Unable to initialize FileSignerSecretProvider, falling back to use random secrets.
2022-02-15 23:30:42,743 [Listener at localhost/36451] WARN  http.HttpRequestLog (HttpRequestLog.java:getRequestLog(103)) - Jetty request log can only be enabled using Log4j
2022-02-15 23:30:42,744 [Listener at localhost/36451] INFO  http.HttpServer2 (HttpServer2.java:addGlobalFilter(1030)) - Added global filter 'safety' (class=org.apache.hadoop.hdds.server.http.HttpServer2$QuotingInputFilter)
2022-02-15 23:30:42,745 [Listener at localhost/36451] INFO  http.HttpServer2 (HttpServer2.java:addFilter(1006)) - Added filter static_user_filter (class=org.apache.hadoop.http.lib.StaticUserWebFilter$StaticUserFilter) to context ozoneManager
2022-02-15 23:30:42,745 [Listener at localhost/36451] INFO  http.HttpServer2 (HttpServer2.java:addFilter(1014)) - Added filter static_user_filter (class=org.apache.hadoop.http.lib.StaticUserWebFilter$StaticUserFilter) to context logs
2022-02-15 23:30:42,745 [Listener at localhost/36451] INFO  http.HttpServer2 (HttpServer2.java:addFilter(1014)) - Added filter static_user_filter (class=org.apache.hadoop.http.lib.StaticUserWebFilter$StaticUserFilter) to context static
2022-02-15 23:30:42,746 [Listener at localhost/36451] INFO  http.HttpServer2 (HttpServer2.java:bindListener(1249)) - Jetty bound to port 43041
2022-02-15 23:30:42,746 [Listener at localhost/36451] INFO  server.Server (Server.java:doStart(375)) - jetty-9.4.43.v20210629; built: 2021-06-30T11:07:22.254Z; git: 526006ecfa3af7f1a27ef3a288e2bef7ea9dd7e8; jvm 1.8.0_312-b07
2022-02-15 23:30:42,747 [Listener at localhost/36451] INFO  server.session (DefaultSessionIdManager.java:doStart(334)) - DefaultSessionIdManager workerName=node0
2022-02-15 23:30:42,747 [Listener at localhost/36451] INFO  server.session (DefaultSessionIdManager.java:doStart(339)) - No SessionScavenger set, using defaults
2022-02-15 23:30:42,747 [Listener at localhost/36451] INFO  server.session (HouseKeeper.java:startScavenging(132)) - node0 Scavenging every 600000ms
2022-02-15 23:30:42,748 [Listener at localhost/36451] INFO  handler.ContextHandler (ContextHandler.java:doStart(915)) - Started o.e.j.s.ServletContextHandler@20a00595{logs,/logs,file:///home/runner/work/ozone/ozone/hadoop-ozone/integration-test/target/log,AVAILABLE}
2022-02-15 23:30:42,748 [Listener at localhost/36451] INFO  handler.ContextHandler (ContextHandler.java:doStart(915)) - Started o.e.j.s.ServletContextHandler@10ec15c0{static,/static,file:///home/runner/work/ozone/ozone/hadoop-ozone/integration-test/target/test-classes/webapps/static,AVAILABLE}
2022-02-15 23:30:42,751 [Listener at localhost/36451] INFO  handler.ContextHandler (ContextHandler.java:doStart(915)) - Started o.e.j.w.WebAppContext@288a24fa{ozoneManager,/,file:///home/runner/work/ozone/ozone/hadoop-ozone/integration-test/target/test-classes/webapps/ozoneManager/,AVAILABLE}{file:/home/runner/work/ozone/ozone/hadoop-ozone/integration-test/target/test-classes/webapps/ozoneManager}
2022-02-15 23:30:42,752 [Listener at localhost/36451] INFO  server.AbstractConnector (AbstractConnector.java:doStart(331)) - Started ServerConnector@45f3e2d4{HTTP/1.1, (http/1.1)}{0.0.0.0:43041}
2022-02-15 23:30:42,753 [Listener at localhost/36451] INFO  server.Server (Server.java:doStart(415)) - Started @63973ms
2022-02-15 23:30:42,753 [Listener at localhost/36451] WARN  impl.MetricsSystemImpl (MetricsSystemImpl.java:register(279)) - Sink prometheus already exists!
2022-02-15 23:30:42,754 [Listener at localhost/36451] INFO  http.BaseHttpServer (BaseHttpServer.java:updateConnectorAddress(329)) - HTTP server of ozoneManager listening at http://0.0.0.0:43041
2022-02-15 23:30:42,755 [IPC Server Responder] INFO  ipc.Server (Server.java:run(1507)) - IPC Server Responder: starting
2022-02-15 23:30:42,759 [IPC Server listener on 36451] INFO  ipc.Server (Server.java:run(1344)) - IPC Server listener on 36451: starting
2022-02-15 23:30:42,761 [Listener at localhost/36451] INFO  om.OzoneManager (OzoneManager.java:startTrashEmptier(1792)) - Trash Interval set to 0. Files deleted will not move to trash
2022-02-15 23:30:42,761 [Listener at localhost/36451] INFO  om.OzoneManager (OzoneManager.java:stop(1893)) - omNode-2[localhost:44461]: Stopping Ozone Manager
2022-02-15 23:30:42,764 [Listener at localhost/36451] INFO  ipc.Server (Server.java:stop(3414)) - Stopping server on 44461
2022-02-15 23:30:42,766 [IPC Server listener on 44461] INFO  ipc.Server (Server.java:run(1376)) - Stopping IPC Server listener on 44461
2022-02-15 23:30:42,764 [org.apache.hadoop.util.JvmPauseMonitor$Monitor@155f1977] INFO  util.JvmPauseMonitor (JvmPauseMonitor.java:run(188)) - Starting JVM pause monitor
2022-02-15 23:30:42,766 [IPC Server Responder] INFO  ipc.Server (Server.java:run(1512)) - Stopping IPC Server Responder
2022-02-15 23:30:42,768 [Listener at localhost/36451] INFO  server.RaftServer (RaftServerProxy.java:lambda$close$6(391)) - omNode-2: close
2022-02-15 23:30:42,769 [Listener at localhost/36451] INFO  server.RaftServer$Division (RaftServerImpl.java:lambda$close$4(412)) - omNode-2@group-523986131536: shutdown
2022-02-15 23:30:42,769 [Listener at localhost/36451] INFO  util.JmxRegister (JmxRegister.java:unregister(73)) - Successfully un-registered JMX Bean with object name Ratis:service=RaftServer,group=group-523986131536,id=omNode-2
2022-02-15 23:30:42,769 [Listener at localhost/36451] INFO  impl.RoleInfo (RoleInfo.java:shutdownFollowerState(108)) - omNode-2: shutdown omNode-2@group-523986131536-FollowerState
2022-02-15 23:30:42,769 [Listener at localhost/36451] INFO  impl.StateMachineUpdater (StateMachineUpdater.java:stopAndJoin(149)) - omNode-2@group-523986131536-StateMachineUpdater: set stopIndex = 135
2022-02-15 23:30:42,769 [omNode-2@group-523986131536-FollowerState] INFO  impl.FollowerState (FollowerState.java:run(143)) - omNode-2@group-523986131536-FollowerState was interrupted: {}
java.lang.InterruptedException: sleep interrupted
	at java.lang.Thread.sleep(Native Method)
	at java.lang.Thread.sleep(Thread.java:340)
	at java.util.concurrent.TimeUnit.sleep(TimeUnit.java:386)
	at org.apache.ratis.util.TimeDuration.sleep(TimeDuration.java:324)
	at org.apache.ratis.util.TimeDuration.sleep(TimeDuration.java:309)
	at org.apache.ratis.server.impl.FollowerState.run(FollowerState.java:118)
2022-02-15 23:30:42,770 [omNode-2@group-523986131536-StateMachineUpdater] INFO  ratis.OzoneManagerStateMachine (OzoneManagerStateMachine.java:takeSnapshot(417)) - Current Snapshot Index (t:6, i:135)
2022-02-15 23:30:42,770 [omNode-2@group-523986131536-StateMachineUpdater] INFO  impl.StateMachineUpdater (StateMachineUpdater.java:takeSnapshot(281)) - omNode-2@group-523986131536-StateMachineUpdater: Took a snapshot at index 135
2022-02-15 23:30:42,770 [omNode-2@group-523986131536-StateMachineUpdater] INFO  impl.StateMachineUpdater (StateMachineUpdater.java:lambda$new$0(89)) - omNode-2@group-523986131536-StateMachineUpdater: snapshotIndex: updateIncreasingly 132 -> 135
2022-02-15 23:30:42,770 [omNode-2@group-523986131536-StateMachineUpdater] INFO  raftlog.RaftLog (RaftLogBase.java:purge(306)) - omNode-2@group-523986131536-SegmentedRaftLog: purge 135
2022-02-15 23:30:42,770 [omNode-2@group-523986131536-StateMachineUpdater] INFO  raftlog.RaftLog (RaftLogBase.java:lambda$new$0(53)) - omNode-2@group-523986131536-SegmentedRaftLog: snapshotIndex: updateIncreasingly 132 -> 135
2022-02-15 23:30:42,770 [omNode-2@group-523986131536-StateMachineUpdater] INFO  ratis.OzoneManagerStateMachine (OzoneManagerStateMachine.java:close(471)) - StateMachine has shutdown. Shutdown OzoneManager if not already shutdown.
2022-02-15 23:30:42,771 [Listener at localhost/36451] INFO  server.RaftServer$Division (ServerState.java:close(419)) - omNode-2@group-523986131536: closes. applyIndex: 135
2022-02-15 23:30:42,771 [omNode-2@group-523986131536-SegmentedRaftLogWorker] INFO  raftlog.RaftLog (RaftLogBase.java:lambda$new$0(53)) - omNode-2@group-523986131536-SegmentedRaftLog: purgeIndex: updateToMax old=71, new=133, updated? true
2022-02-15 23:30:42,772 [Listener at localhost/36451] INFO  segmented.SegmentedRaftLogWorker (SegmentedRaftLogWorker.java:close(237)) - omNode-2@group-523986131536-SegmentedRaftLogWorker close()
2022-02-15 23:30:42,773 [Listener at localhost/36451] INFO  server.GrpcService (GrpcService.java:closeImpl(262)) - omNode-2: shutdown server with port 42205 now
2022-02-15 23:30:42,776 [Listener at localhost/36451] INFO  server.GrpcService (GrpcService.java:closeImpl(271)) - omNode-2: shutdown server with port 42205 successfully
2022-02-15 23:30:42,776 [org.apache.ratis.util.JvmPauseMonitor$$Lambda$422/911895107@4d142de8] INFO  util.JvmPauseMonitor (JvmPauseMonitor.java:run(109)) - JvmPauseMonitor-omNode-2: Stopped
2022-02-15 23:30:42,776 [Listener at localhost/36451] INFO  ratis.OzoneManagerDoubleBuffer (OzoneManagerDoubleBuffer.java:stop(437)) - Stopping OMDoubleBuffer flush thread
2022-02-15 23:30:42,776 [OMDoubleBufferFlushThread] INFO  ratis.OzoneManagerDoubleBuffer (OzoneManagerDoubleBuffer.java:flushTransactions(356)) - OMDoubleBuffer flush thread OMDoubleBufferFlushThread is interrupted and will exit. OMDoubleBufferFlushThread
2022-02-15 23:30:42,778 [Listener at localhost/36451] INFO  handler.ContextHandler (ContextHandler.java:doStop(1153)) - Stopped o.e.j.w.WebAppContext@283c3979{ozoneManager,/,null,STOPPED}{file:/home/runner/work/ozone/ozone/hadoop-ozone/integration-test/target/test-classes/webapps/ozoneManager}
2022-02-15 23:30:42,780 [Listener at localhost/36451] INFO  server.AbstractConnector (AbstractConnector.java:doStop(381)) - Stopped ServerConnector@1aec2a33{HTTP/1.1, (http/1.1)}{0.0.0.0:37991}
2022-02-15 23:30:42,780 [Listener at localhost/36451] INFO  server.session (HouseKeeper.java:stopScavenging(149)) - node0 Stopped scavenging
2022-02-15 23:30:42,781 [Listener at localhost/36451] INFO  handler.ContextHandler (ContextHandler.java:doStop(1153)) - Stopped o.e.j.s.ServletContextHandler@19e1fe30{static,/static,file:///home/runner/work/ozone/ozone/hadoop-ozone/integration-test/target/test-classes/webapps/static,STOPPED}
2022-02-15 23:30:42,781 [Listener at localhost/36451] INFO  handler.ContextHandler (ContextHandler.java:doStop(1153)) - Stopped o.e.j.s.ServletContextHandler@4d744520{logs,/logs,file:///home/runner/work/ozone/ozone/hadoop-ozone/integration-test/target/log,STOPPED}
2022-02-15 23:30:42,785 [Listener at localhost/36451] INFO  om.OzoneManager (OzoneManager.java:restart(1451)) - OzoneManager RPC server is listening at localhost/127.0.0.1:44461
2022-02-15 23:30:42,786 [Listener at localhost/36451] INFO  impl.MetricsSystemImpl (MetricsSystemImpl.java:init(158)) - OzoneManager metrics system started (again)
2022-02-15 23:30:42,802 [Listener at localhost/36451] WARN  server.ServerUtils (ServerUtils.java:getDBPath(225)) - ozone.om.db.dirs is not configured. We recommend adding this setting. Falling back to ozone.metadata.dirs instead.
2022-02-15 23:30:42,803 [Listener at localhost/36451] INFO  codec.OmKeyInfoCodec (OmKeyInfoCodec.java:<init>(50)) - OmKeyInfoCodec ignorePipeline = true
2022-02-15 23:30:42,804 [Listener at localhost/36451] INFO  codec.RepeatedOmKeyInfoCodec (RepeatedOmKeyInfoCodec.java:<init>(42)) - RepeatedOmKeyInfoCodec ignorePipeline = true
2022-02-15 23:30:42,847 [Listener at localhost/36451] WARN  impl.MetricRegistriesImpl (MetricRegistriesImpl.java:addReporterRegistration(111)) - New reporters are added after registries were created. Some metrics will be missing from the reporter. Please add reporter before adding any new registry.
2022-02-15 23:30:42,848 [Listener at localhost/36451] WARN  impl.MetricRegistriesImpl (MetricRegistriesImpl.java:addReporterRegistration(111)) - New reporters are added after registries were created. Some metrics will be missing from the reporter. Please add reporter before adding any new registry.
2022-02-15 23:30:42,848 [Listener at localhost/36451] WARN  server.ServerUtils (ServerUtils.java:getDefaultRatisDirectory(237)) - Storage directory for Ratis is not configured. It is a good idea to map this to an SSD disk. Falling back to ozone.metadata.dirs
2022-02-15 23:30:42,849 [Listener at localhost/36451] INFO  ratis.OzoneManagerRatisServer (OzoneManagerRatisServer.java:<init>(159)) - Instantiating OM Ratis server with groupID: om-service-test1 and peers: localhost:42205, localhost:40001, localhost:37345
2022-02-15 23:30:42,849 [Listener at localhost/36451] INFO  ratis.OzoneManagerStateMachine (OzoneManagerStateMachine.java:loadSnapshotInfoFromDB(605)) - LastAppliedIndex is set from TransactionInfo from OM DB as (t:6, i:135)
2022-02-15 23:30:42,850 [Listener at localhost/36451] INFO  server.RaftServer (ConfUtils.java:logGet(44)) - raft.rpc.type = GRPC (default)
2022-02-15 23:30:42,850 [Listener at localhost/36451] INFO  grpc.GrpcFactory (GrpcFactory.java:checkPooledByteBufAllocatorUseCacheForAllThreads(48)) - PERFORMANCE WARNING: useCacheForAllThreads is true that may cause Netty to create a lot garbage objects and, as a result, trigger GC.
	It is recommended to disable useCacheForAllThreads by setting -Dorg.apache.ratis.thirdparty.io.netty.allocator.useCacheForAllThreads=false in command line.
2022-02-15 23:30:42,850 [Listener at localhost/36451] INFO  grpc.GrpcConfigKeys (ConfUtils.java:logGet(44)) - raft.grpc.admin.port = -1 (default)
2022-02-15 23:30:42,850 [Listener at localhost/36451] INFO  grpc.GrpcConfigKeys (ConfUtils.java:logGet(44)) - raft.grpc.server.port = 42205 (custom)
2022-02-15 23:30:42,850 [Listener at localhost/36451] INFO  grpc.GrpcConfigKeys (ConfUtils.java:logGet(44)) - raft.grpc.client.port = -1 (default)
2022-02-15 23:30:42,850 [Listener at localhost/36451] INFO  grpc.GrpcConfigKeys (ConfUtils.java:logGet(44)) - raft.grpc.server.port = 42205 (custom)
2022-02-15 23:30:42,850 [Listener at localhost/36451] INFO  grpc.GrpcConfigKeys (ConfUtils.java:logGet(44)) - raft.grpc.server.port = 42205 (custom)
2022-02-15 23:30:42,850 [Listener at localhost/36451] INFO  server.GrpcService (ConfUtils.java:logGet(44)) - raft.grpc.message.size.max = 33554432 (custom)
2022-02-15 23:30:42,850 [Listener at localhost/36451] INFO  server.RaftServerConfigKeys (ConfUtils.java:logGet(44)) - raft.server.log.appender.buffer.byte-limit = 33554432 (custom)
2022-02-15 23:30:42,850 [Listener at localhost/36451] INFO  server.GrpcService (ConfUtils.java:logGet(44)) - raft.grpc.flow.control.window = 1MB (=1048576) (default)
2022-02-15 23:30:42,850 [Listener at localhost/36451] INFO  server.RaftServerConfigKeys (ConfUtils.java:logGet(44)) - raft.server.rpc.request.timeout = 3000ms (default)
2022-02-15 23:30:42,851 [Listener at localhost/36451] INFO  impl.DataStreamServerImpl (ConfUtils.java:logGet(44)) - raft.datastream.type = DISABLED (default)
2022-02-15 23:30:42,852 [Listener at localhost/36451] INFO  server.RaftServerConfigKeys (ConfUtils.java:logGet(44)) - raft.server.rpc.slowness.timeout = 2s (custom)
2022-02-15 23:30:42,852 [Listener at localhost/36451] INFO  server.RaftServerConfigKeys (ConfUtils.java:logGet(44)) - raft.server.leaderelection.leader.step-down.wait-time = 10s (default)
2022-02-15 23:30:42,852 [Listener at localhost/36451] INFO  server.RaftServerConfigKeys (ConfUtils.java:logGet(44)) - raft.server.storage.dir = [/home/runner/work/ozone/ozone/hadoop-ozone/integration-test/target/test-dir/MiniOzoneClusterImpl-527fe069-2b78-49eb-8835-8cb6d6ba75bf/omNode-2/ratis] (custom)
2022-02-15 23:30:42,852 [Listener at localhost/36451] INFO  server.RaftServer (RaftServerProxy.java:lambda$null$1(235)) - omNode-2: found a subdirectory /home/runner/work/ozone/ozone/hadoop-ozone/integration-test/target/test-dir/MiniOzoneClusterImpl-527fe069-2b78-49eb-8835-8cb6d6ba75bf/omNode-2/ratis/c9bc4cf4-3bc3-3c60-a66b-523986131536
2022-02-15 23:30:42,852 [Listener at localhost/36451] INFO  server.RaftServer (RaftServerProxy.java:addNew(95)) - omNode-2: addNew group-523986131536:[omNode-3|rpc:localhost:40001|priority:0, omNode-1|rpc:localhost:37345|priority:0, omNode-2|rpc:localhost:42205|priority:0] returns group-523986131536:java.util.concurrent.CompletableFuture@3e66114a[Not completed]
2022-02-15 23:30:42,852 [Listener at localhost/36451] INFO  om.OzoneManager (OzoneManager.java:initializeRatisServer(1834)) - OzoneManager Ratis server initialized at port 42205
2022-02-15 23:30:42,852 [Listener at localhost/36451] INFO  ratis.OzoneManagerRatisServer (OzoneManagerRatisServer.java:start(554)) - Starting OzoneManagerRatisServer omNode-2 at port 42205
2022-02-15 23:30:42,853 [pool-386-thread-1] INFO  server.RaftServer$Division (RaftServerImpl.java:<init>(184)) - omNode-2: new RaftServerImpl for group-523986131536:[omNode-3|rpc:localhost:40001|priority:0, omNode-1|rpc:localhost:37345|priority:0, omNode-2|rpc:localhost:42205|priority:0] with OzoneManagerStateMachine:uninitialized
2022-02-15 23:30:42,854 [pool-386-thread-1] INFO  server.RaftServerConfigKeys (ConfUtils.java:logGet(44)) - raft.server.rpc.timeout.min = 1s (custom)
2022-02-15 23:30:42,854 [pool-386-thread-1] INFO  server.RaftServerConfigKeys (ConfUtils.java:logGet(44)) - raft.server.rpc.timeout.max = 1200ms (custom)
2022-02-15 23:30:42,854 [pool-386-thread-1] INFO  server.RaftServerConfigKeys (ConfUtils.java:logGet(44)) - raft.server.rpc.sleep.time = 25ms (default)
2022-02-15 23:30:42,854 [pool-386-thread-1] INFO  server.RaftServerConfigKeys (ConfUtils.java:logGet(44)) - raft.server.rpc.slowness.timeout = 2s (custom)
2022-02-15 23:30:42,854 [pool-386-thread-1] INFO  server.RaftServerConfigKeys (ConfUtils.java:logGet(44)) - raft.server.leaderelection.leader.step-down.wait-time = 10s (default)
2022-02-15 23:30:42,854 [pool-386-thread-1] INFO  server.RaftServerConfigKeys (ConfUtils.java:logGet(44)) - raft.server.sleep.deviation.threshold = 300ms (default)
2022-02-15 23:30:42,854 [pool-386-thread-1] INFO  server.RaftServerConfigKeys (ConfUtils.java:logGet(44)) - raft.server.log.appender.install.snapshot.enabled = false (custom)
2022-02-15 23:30:42,854 [pool-386-thread-1] INFO  server.RaftServer$Division (ServerState.java:<init>(105)) - omNode-2@group-523986131536: ConfigurationManager, init=-1: [omNode-3|rpc:localhost:40001|priority:0, omNode-1|rpc:localhost:37345|priority:0, omNode-2|rpc:localhost:42205|priority:0], old=null, confs=<EMPTY_MAP>
2022-02-15 23:30:42,854 [pool-386-thread-1] INFO  server.RaftServerConfigKeys (ConfUtils.java:logGet(44)) - raft.server.storage.dir = [/home/runner/work/ozone/ozone/hadoop-ozone/integration-test/target/test-dir/MiniOzoneClusterImpl-527fe069-2b78-49eb-8835-8cb6d6ba75bf/omNode-2/ratis] (custom)
2022-02-15 23:30:42,854 [pool-386-thread-1] INFO  server.RaftServerConfigKeys (ConfUtils.java:logGet(44)) - raft.server.log.corruption.policy = EXCEPTION (default)
2022-02-15 23:30:42,854 [pool-386-thread-1] INFO  server.RaftServerConfigKeys (ConfUtils.java:logGet(44)) - raft.server.storage.free-space.min = 0MB (=0) (default)
2022-02-15 23:30:42,855 [pool-386-thread-1] INFO  storage.RaftStorageDirectory (RaftStorageDirectoryImpl.java:tryLock(230)) - Lock on /home/runner/work/ozone/ozone/hadoop-ozone/integration-test/target/test-dir/MiniOzoneClusterImpl-527fe069-2b78-49eb-8835-8cb6d6ba75bf/omNode-2/ratis/c9bc4cf4-3bc3-3c60-a66b-523986131536/in_use.lock acquired by nodename 1385@fv-az297-531
2022-02-15 23:30:42,856 [pool-386-thread-1] INFO  storage.RaftStorage (RaftStorageImpl.java:analyzeAndRecoverStorage(110)) - Read RaftStorageMetadata{term=6, votedFor=omNode-3} from /home/runner/work/ozone/ozone/hadoop-ozone/integration-test/target/test-dir/MiniOzoneClusterImpl-527fe069-2b78-49eb-8835-8cb6d6ba75bf/omNode-2/ratis/c9bc4cf4-3bc3-3c60-a66b-523986131536/current/raft-meta
2022-02-15 23:30:42,856 [pool-386-thread-1] INFO  server.RaftServer$Division (ServerState.java:setRaftConf(387)) - omNode-2@group-523986131536: set configuration 134: [omNode-3|rpc:localhost:40001|admin:|client:|dataStream:|priority:0, omNode-1|rpc:localhost:37345|admin:|client:|dataStream:|priority:0, omNode-2|rpc:localhost:42205|admin:|client:|dataStream:|priority:0], old=null
2022-02-15 23:30:42,856 [pool-386-thread-1] INFO  server.RaftServerConfigKeys (ConfUtils.java:logGet(44)) - raft.server.notification.no-leader.timeout = 2s (custom)
2022-02-15 23:30:42,856 [pool-386-thread-1] INFO  server.RaftServerConfigKeys (ConfUtils.java:logGet(44)) - raft.server.log.use.memory = false (default)
2022-02-15 23:30:42,856 [pool-386-thread-1] INFO  server.RaftServerConfigKeys (ConfUtils.java:logGet(44)) - raft.server.log.purge.gap = 50 (custom)
2022-02-15 23:30:42,856 [pool-386-thread-1] INFO  server.RaftServerConfigKeys (ConfUtils.java:logGet(44)) - raft.server.log.appender.buffer.byte-limit = 33554432 (custom)
2022-02-15 23:30:42,856 [pool-386-thread-1] INFO  server.RaftServerConfigKeys (ConfUtils.java:logGet(44)) - raft.server.log.segment.size.max = 4194304 (custom)
2022-02-15 23:30:42,857 [pool-386-thread-1] INFO  server.RaftServerConfigKeys (ConfUtils.java:logGet(44)) - raft.server.log.segment.cache.num.max = 2 (custom)
2022-02-15 23:30:42,857 [pool-386-thread-1] INFO  server.RaftServerConfigKeys (ConfUtils.java:logGet(44)) - raft.server.log.segment.cache.size.max = 200MB (=209715200) (default)
2022-02-15 23:30:42,857 [pool-386-thread-1] INFO  segmented.SegmentedRaftLogWorker (SegmentedRaftLogWorker.java:<init>(182)) - new omNode-2@group-523986131536-SegmentedRaftLogWorker for RaftStorageImpl:Storage Directory /home/runner/work/ozone/ozone/hadoop-ozone/integration-test/target/test-dir/MiniOzoneClusterImpl-527fe069-2b78-49eb-8835-8cb6d6ba75bf/omNode-2/ratis/c9bc4cf4-3bc3-3c60-a66b-523986131536
2022-02-15 23:30:42,857 [pool-386-thread-1] INFO  server.RaftServerConfigKeys (ConfUtils.java:logGet(44)) - raft.server.log.queue.byte-limit = 64MB (=67108864) (default)
2022-02-15 23:30:42,857 [pool-386-thread-1] INFO  server.RaftServerConfigKeys (ConfUtils.java:logGet(44)) - raft.server.log.queue.element-limit = 4096 (default)
2022-02-15 23:30:42,857 [pool-386-thread-1] INFO  server.RaftServerConfigKeys (ConfUtils.java:logGet(44)) - raft.server.log.segment.size.max = 4194304 (custom)
2022-02-15 23:30:42,857 [pool-386-thread-1] INFO  server.RaftServerConfigKeys (ConfUtils.java:logGet(44)) - raft.server.log.preallocated.size = 4194304 (custom)
2022-02-15 23:30:42,857 [pool-386-thread-1] INFO  server.RaftServerConfigKeys (ConfUtils.java:logGet(44)) - raft.server.log.force.sync.num = 128 (default)
2022-02-15 23:30:42,857 [pool-386-thread-1] INFO  server.RaftServerConfigKeys (ConfUtils.java:logGet(44)) - raft.server.log.statemachine.data.sync = true (default)
2022-02-15 23:30:42,857 [pool-386-thread-1] INFO  server.RaftServerConfigKeys (ConfUtils.java:logGet(44)) - raft.server.log.statemachine.data.sync.timeout = 10s (default)
2022-02-15 23:30:42,857 [pool-386-thread-1] INFO  server.RaftServerConfigKeys (ConfUtils.java:logGet(44)) - raft.server.log.statemachine.data.sync.timeout.retry = -1 (default)
2022-02-15 23:30:42,858 [pool-386-thread-1] INFO  server.RaftServerConfigKeys (ConfUtils.java:logGet(44)) - raft.server.log.write.buffer.size = 64KB (=65536) (default)
2022-02-15 23:30:42,858 [pool-386-thread-1] INFO  server.RaftServerConfigKeys (ConfUtils.java:logGet(44)) - raft.server.log.statemachine.data.caching.enabled = false (default)
2022-02-15 23:30:42,858 [pool-386-thread-1] INFO  server.RaftServer$Division (ServerState.java:setRaftConf(387)) - omNode-2@group-523986131536: set configuration 134: [omNode-3|rpc:localhost:40001|admin:|client:|dataStream:|priority:0, omNode-1|rpc:localhost:37345|admin:|client:|dataStream:|priority:0, omNode-2|rpc:localhost:42205|admin:|client:|dataStream:|priority:0], old=null
2022-02-15 23:30:42,858 [pool-386-thread-1] INFO  segmented.LogSegment (LogSegment.java:loadSegment(173)) - Successfully read 2 entries from segment file /home/runner/work/ozone/ozone/hadoop-ozone/integration-test/target/test-dir/MiniOzoneClusterImpl-527fe069-2b78-49eb-8835-8cb6d6ba75bf/omNode-2/ratis/c9bc4cf4-3bc3-3c60-a66b-523986131536/current/log_inprogress_134
2022-02-15 23:30:42,859 [pool-386-thread-1] INFO  segmented.SegmentedRaftLogWorker (SegmentedRaftLogWorker.java:lambda$new$0(133)) - omNode-2@group-523986131536-SegmentedRaftLogWorker: flushIndex: setUnconditionally 0 -> 135
2022-02-15 23:30:42,859 [pool-386-thread-1] INFO  segmented.SegmentedRaftLogWorker (SegmentedRaftLogWorker.java:lambda$new$0(133)) - omNode-2@group-523986131536-SegmentedRaftLogWorker: safeCacheEvictIndex: setUnconditionally 0 -> -1
2022-02-15 23:30:42,859 [pool-386-thread-1] INFO  raftlog.RaftLog (RaftLogBase.java:lambda$new$0(53)) - omNode-2@group-523986131536-SegmentedRaftLog: commitIndex: updateToMax old=135, new=134, updated? false
2022-02-15 23:30:42,859 [pool-386-thread-1] INFO  raftlog.RaftLog (RaftLogBase.java:lambda$new$0(53)) - omNode-2@group-523986131536-SegmentedRaftLog: purgeIndex: updateIncreasingly -1 -> 133
2022-02-15 23:30:42,859 [pool-386-thread-1] INFO  server.RaftServerConfigKeys (ConfUtils.java:logGet(44)) - raft.server.snapshot.auto.trigger.enabled = true (custom)
2022-02-15 23:30:42,859 [pool-386-thread-1] INFO  server.RaftServerConfigKeys (ConfUtils.java:logGet(44)) - raft.server.snapshot.auto.trigger.threshold = 50 (custom)
2022-02-15 23:30:42,859 [pool-386-thread-1] INFO  server.RaftServerConfigKeys (ConfUtils.java:logGet(44)) - raft.server.snapshot.retention.file.num = -1 (default)
2022-02-15 23:30:42,859 [pool-386-thread-1] INFO  server.RaftServerConfigKeys (ConfUtils.java:logGet(44)) - raft.server.log.purge.upto.snapshot.index = true (custom)
2022-02-15 23:30:42,859 [pool-386-thread-1] INFO  server.RaftServerConfigKeys (ConfUtils.java:logGet(44)) - raft.server.retrycache.expirytime = 30000ms (custom)
2022-02-15 23:30:42,859 [pool-386-thread-1] INFO  server.RaftServerConfigKeys (ConfUtils.java:logGet(44)) - raft.server.retrycache.statistics.expirytime = 100μs (default)
2022-02-15 23:30:42,860 [Listener at localhost/36451] INFO  server.RaftServer$Division (RaftServerImpl.java:start(301)) - omNode-2@group-523986131536: start as a follower, conf=134: [omNode-3|rpc:localhost:40001|admin:|client:|dataStream:|priority:0, omNode-1|rpc:localhost:37345|admin:|client:|dataStream:|priority:0, omNode-2|rpc:localhost:42205|admin:|client:|dataStream:|priority:0], old=null
2022-02-15 23:30:42,861 [Listener at localhost/36451] INFO  server.RaftServer$Division (RaftServerImpl.java:setRole(290)) - omNode-2@group-523986131536: changes role from      null to FOLLOWER at term 6 for startAsFollower
2022-02-15 23:30:42,861 [Listener at localhost/36451] INFO  impl.RoleInfo (RoleInfo.java:updateAndGet(130)) - omNode-2: start omNode-2@group-523986131536-FollowerState
2022-02-15 23:30:42,861 [Listener at localhost/36451] INFO  util.JmxRegister (JmxRegister.java:tryRegister(44)) - Successfully registered JMX Bean with object name Ratis:service=RaftServer,group=group-523986131536,id=omNode-2
2022-02-15 23:30:42,862 [Listener at localhost/36451] INFO  server.RaftServer (RaftServerProxy.java:lambda$start$5(374)) - omNode-2: start RPC server
2022-02-15 23:30:42,862 [Listener at localhost/36451] INFO  server.GrpcService (GrpcService.java:startImpl(253)) - omNode-2: GrpcService started, listening on 42205
2022-02-15 23:30:42,863 [Listener at localhost/36451] INFO  ipc.CallQueueManager (CallQueueManager.java:<init>(90)) - Using callQueue: class java.util.concurrent.LinkedBlockingQueue, queueCapacity: 2000, scheduler: class org.apache.hadoop.ipc.DefaultRpcScheduler, ipcBackoff: false.
2022-02-15 23:30:42,863 [org.apache.ratis.util.JvmPauseMonitor$$Lambda$422/911895107@28092a90] INFO  util.JvmPauseMonitor (JvmPauseMonitor.java:run(103)) - JvmPauseMonitor-omNode-2: Started
2022-02-15 23:30:42,864 [Socket Reader #1 for port 44461] INFO  ipc.Server (Server.java:run(1265)) - Starting Socket Reader #1 for port 44461
2022-02-15 23:30:42,867 [Listener at localhost/44461] INFO  http.BaseHttpServer (BaseHttpServer.java:newHttpServer2BuilderForOzone(209)) - Starting Web-server for ozoneManager at: http://0.0.0.0:37991
2022-02-15 23:30:42,867 [Listener at localhost/44461] INFO  http.BaseHttpServer (BaseHttpServer.java:<init>(107)) - Hadoop Security Enabled: false Ozone Security Enabled: false Ozone HTTP Security Enabled: false 
2022-02-15 23:30:42,869 [Listener at localhost/44461] INFO  server.AuthenticationFilter (AuthenticationFilter.java:constructSecretProvider(240)) - Unable to initialize FileSignerSecretProvider, falling back to use random secrets.
2022-02-15 23:30:42,871 [Listener at localhost/44461] WARN  http.HttpRequestLog (HttpRequestLog.java:getRequestLog(103)) - Jetty request log can only be enabled using Log4j
2022-02-15 23:30:42,873 [Listener at localhost/44461] INFO  http.HttpServer2 (HttpServer2.java:addGlobalFilter(1030)) - Added global filter 'safety' (class=org.apache.hadoop.hdds.server.http.HttpServer2$QuotingInputFilter)
2022-02-15 23:30:42,874 [Listener at localhost/44461] INFO  http.HttpServer2 (HttpServer2.java:addFilter(1006)) - Added filter static_user_filter (class=org.apache.hadoop.http.lib.StaticUserWebFilter$StaticUserFilter) to context ozoneManager
2022-02-15 23:30:42,874 [Listener at localhost/44461] INFO  http.HttpServer2 (HttpServer2.java:addFilter(1014)) - Added filter static_user_filter (class=org.apache.hadoop.http.lib.StaticUserWebFilter$StaticUserFilter) to context static
2022-02-15 23:30:42,876 [Listener at localhost/44461] INFO  http.HttpServer2 (HttpServer2.java:addFilter(1014)) - Added filter static_user_filter (class=org.apache.hadoop.http.lib.StaticUserWebFilter$StaticUserFilter) to context logs
2022-02-15 23:30:42,877 [Listener at localhost/44461] INFO  http.HttpServer2 (HttpServer2.java:bindListener(1249)) - Jetty bound to port 37991
2022-02-15 23:30:42,877 [Listener at localhost/44461] INFO  server.Server (Server.java:doStart(375)) - jetty-9.4.43.v20210629; built: 2021-06-30T11:07:22.254Z; git: 526006ecfa3af7f1a27ef3a288e2bef7ea9dd7e8; jvm 1.8.0_312-b07
2022-02-15 23:30:42,880 [Listener at localhost/44461] INFO  server.session (DefaultSessionIdManager.java:doStart(334)) - DefaultSessionIdManager workerName=node0
2022-02-15 23:30:42,880 [Listener at localhost/44461] INFO  server.session (DefaultSessionIdManager.java:doStart(339)) - No SessionScavenger set, using defaults
2022-02-15 23:30:42,880 [Listener at localhost/44461] INFO  server.session (HouseKeeper.java:startScavenging(132)) - node0 Scavenging every 660000ms
2022-02-15 23:30:42,881 [Listener at localhost/44461] INFO  handler.ContextHandler (ContextHandler.java:doStart(915)) - Started o.e.j.s.ServletContextHandler@1480908a{logs,/logs,file:///home/runner/work/ozone/ozone/hadoop-ozone/integration-test/target/log,AVAILABLE}
2022-02-15 23:30:42,882 [Listener at localhost/44461] INFO  handler.ContextHandler (ContextHandler.java:doStart(915)) - Started o.e.j.s.ServletContextHandler@f76cafe{static,/static,file:///home/runner/work/ozone/ozone/hadoop-ozone/integration-test/target/test-classes/webapps/static,AVAILABLE}
2022-02-15 23:30:42,888 [Listener at localhost/44461] INFO  handler.ContextHandler (ContextHandler.java:doStart(915)) - Started o.e.j.w.WebAppContext@60958b4b{ozoneManager,/,file:///home/runner/work/ozone/ozone/hadoop-ozone/integration-test/target/test-classes/webapps/ozoneManager/,AVAILABLE}{file:/home/runner/work/ozone/ozone/hadoop-ozone/integration-test/target/test-classes/webapps/ozoneManager}
2022-02-15 23:30:42,891 [Listener at localhost/44461] INFO  server.AbstractConnector (AbstractConnector.java:doStart(331)) - Started ServerConnector@1e337c95{HTTP/1.1, (http/1.1)}{0.0.0.0:37991}
2022-02-15 23:30:42,891 [Listener at localhost/44461] INFO  server.Server (Server.java:doStart(415)) - Started @64112ms
2022-02-15 23:30:42,891 [Listener at localhost/44461] WARN  impl.MetricsSystemImpl (MetricsSystemImpl.java:register(279)) - Sink prometheus already exists!
2022-02-15 23:30:42,892 [Listener at localhost/44461] INFO  http.BaseHttpServer (BaseHttpServer.java:updateConnectorAddress(329)) - HTTP server of ozoneManager listening at http://0.0.0.0:37991
2022-02-15 23:30:42,892 [IPC Server Responder] INFO  ipc.Server (Server.java:run(1507)) - IPC Server Responder: starting
2022-02-15 23:30:42,892 [IPC Server listener on 44461] INFO  ipc.Server (Server.java:run(1344)) - IPC Server listener on 44461: starting
2022-02-15 23:30:42,894 [Listener at localhost/44461] INFO  om.OzoneManager (OzoneManager.java:startTrashEmptier(1792)) - Trash Interval set to 0. Files deleted will not move to trash
2022-02-15 23:30:42,896 [org.apache.hadoop.util.JvmPauseMonitor$Monitor@45b5f92] INFO  util.JvmPauseMonitor (JvmPauseMonitor.java:run(188)) - Starting JVM pause monitor
]]></system-out>
  </testcase>
  <testcase name="testPrepareDownedOM" classname="org.apache.hadoop.ozone.om.TestOzoneManagerPrepare" time="4.377">
    <error message="Could not determine or connect to OM Leader." type="java.io.IOException">java.io.IOException: Could not determine or connect to OM Leader.
	at org.apache.hadoop.ozone.om.protocolPB.Hadoop3OmTransport.submitRequest(Hadoop3OmTransport.java:96)
	at org.apache.hadoop.ozone.om.protocolPB.OzoneManagerProtocolClientSideTranslatorPB.submitRequest(OzoneManagerProtocolClientSideTranslatorPB.java:247)
	at org.apache.hadoop.ozone.om.protocolPB.OzoneManagerProtocolClientSideTranslatorPB.cancelOzoneManagerPrepare(OzoneManagerProtocolClientSideTranslatorPB.java:1695)
	at org.apache.hadoop.ozone.om.TestOzoneManagerPrepare.submitCancelPrepareRequest(TestOzoneManagerPrepare.java:430)
	at org.apache.hadoop.ozone.om.TestOzoneManagerPrepare.initOM(TestOzoneManagerPrepare.java:90)
	at sun.reflect.NativeMethodAccessorImpl.invoke0(Native Method)
	at sun.reflect.NativeMethodAccessorImpl.invoke(NativeMethodAccessorImpl.java:62)
	at sun.reflect.DelegatingMethodAccessorImpl.invoke(DelegatingMethodAccessorImpl.java:43)
	at java.lang.reflect.Method.invoke(Method.java:498)
	at org.junit.runners.model.FrameworkMethod$1.runReflectiveCall(FrameworkMethod.java:59)
	at org.junit.internal.runners.model.ReflectiveCallable.run(ReflectiveCallable.java:12)
	at org.junit.runners.model.FrameworkMethod.invokeExplosively(FrameworkMethod.java:56)
	at org.junit.internal.runners.statements.RunBefores.invokeMethod(RunBefores.java:33)
	at org.junit.internal.runners.statements.RunBefores.evaluate(RunBefores.java:24)
	at org.junit.internal.runners.statements.RunAfters.evaluate(RunAfters.java:27)
	at org.junit.rules.ExpectedException$ExpectedExceptionStatement.evaluate(ExpectedException.java:258)
	at org.junit.internal.runners.statements.FailOnTimeout$CallableStatement.call(FailOnTimeout.java:288)
	at org.junit.internal.runners.statements.FailOnTimeout$CallableStatement.call(FailOnTimeout.java:282)
	at java.util.concurrent.FutureTask.run(FutureTask.java:266)
	at java.lang.Thread.run(Thread.java:748)
</error>
    <system-out><![CDATA[2022-02-15 23:30:42,907 [Time-limited test] INFO  retry.RetryInvocationHandler (RetryInvocationHandler.java:log(411)) - com.google.protobuf.ServiceException: java.io.EOFException: End of File Exception between local host is: "fv-az297-531/10.1.0.21"; destination host is: "localhost":44461; : java.io.EOFException; For more details see:  http://wiki.apache.org/hadoop/EOFException, while invoking $Proxy53.submitRequest over nodeId=omNode-2,nodeAddress=127.0.0.1:44461. Trying to failover after sleeping for 2000ms.
2022-02-15 23:30:43,656 [omNode-3@group-523986131536-FollowerState] INFO  impl.FollowerState (FollowerState.java:run(134)) - omNode-3@group-523986131536-FollowerState: change to CANDIDATE, lastRpcElapsedTime:1068447620ns, electionTimeout:1062ms
2022-02-15 23:30:43,656 [omNode-3@group-523986131536-FollowerState] INFO  impl.RoleInfo (RoleInfo.java:shutdownFollowerState(108)) - omNode-3: shutdown omNode-3@group-523986131536-FollowerState
2022-02-15 23:30:43,657 [omNode-3@group-523986131536-FollowerState] INFO  server.RaftServer$Division (RaftServerImpl.java:setRole(290)) - omNode-3@group-523986131536: changes role from  FOLLOWER to CANDIDATE at term 6 for changeToCandidate
2022-02-15 23:30:43,657 [omNode-3@group-523986131536-FollowerState] INFO  server.RaftServerConfigKeys (ConfUtils.java:logGet(44)) - raft.server.leaderelection.pre-vote = false (custom)
2022-02-15 23:30:43,657 [omNode-3@group-523986131536-FollowerState] INFO  impl.RoleInfo (RoleInfo.java:updateAndGet(130)) - omNode-3: start omNode-3@group-523986131536-LeaderElection22
2022-02-15 23:30:43,662 [omNode-3@group-523986131536-LeaderElection22] INFO  impl.LeaderElection (LeaderElection.java:askForVotes(306)) - omNode-3@group-523986131536-LeaderElection22 ELECTION round 0: submit vote requests at term 7 for 134: [omNode-3|rpc:localhost:40001|admin:|client:|dataStream:|priority:0, omNode-1|rpc:localhost:37345|admin:|client:|dataStream:|priority:0, omNode-2|rpc:localhost:42205|admin:|client:|dataStream:|priority:0], old=null
2022-02-15 23:30:43,668 [grpc-default-executor-5] INFO  server.RaftServer$Division (RaftServerImpl.java:requestVote(1046)) - omNode-1@group-523986131536: receive requestVote(ELECTION, omNode-3, group-523986131536, 7, (t:6, i:135))
2022-02-15 23:30:43,668 [grpc-default-executor-5] INFO  impl.VoteContext (VoteContext.java:log(48)) - omNode-1@group-523986131536-FOLLOWER: accept ELECTION from omNode-3: our priority 0 <= candidate's priority 0
2022-02-15 23:30:43,668 [grpc-default-executor-5] INFO  server.RaftServer$Division (RaftServerImpl.java:setRole(290)) - omNode-1@group-523986131536: changes role from  FOLLOWER to FOLLOWER at term 7 for candidate:omNode-3
2022-02-15 23:30:43,668 [grpc-default-executor-5] INFO  impl.RoleInfo (RoleInfo.java:shutdownFollowerState(108)) - omNode-1: shutdown omNode-1@group-523986131536-FollowerState
2022-02-15 23:30:43,669 [grpc-default-executor-5] INFO  impl.RoleInfo (RoleInfo.java:updateAndGet(130)) - omNode-1: start omNode-1@group-523986131536-FollowerState
2022-02-15 23:30:43,669 [omNode-1@group-523986131536-FollowerState] INFO  impl.FollowerState (FollowerState.java:run(143)) - omNode-1@group-523986131536-FollowerState was interrupted: {}
java.lang.InterruptedException: sleep interrupted
	at java.lang.Thread.sleep(Native Method)
	at java.lang.Thread.sleep(Thread.java:340)
	at java.util.concurrent.TimeUnit.sleep(TimeUnit.java:386)
	at org.apache.ratis.util.TimeDuration.sleep(TimeDuration.java:324)
	at org.apache.ratis.util.TimeDuration.sleep(TimeDuration.java:309)
	at org.apache.ratis.server.impl.FollowerState.run(FollowerState.java:118)
2022-02-15 23:30:43,681 [grpc-default-executor-5] INFO  server.RaftServer$Division (RaftServerImpl.java:requestVote(1078)) - omNode-1@group-523986131536 replies to ELECTION vote request: omNode-3<-omNode-1#0:OK-t7. Peer's state: omNode-1@group-523986131536:t7, leader=null, voted=omNode-3, raftlog=omNode-1@group-523986131536-SegmentedRaftLog:OPENED:c135, conf=134: [omNode-3|rpc:localhost:40001|admin:|client:|dataStream:|priority:0, omNode-1|rpc:localhost:37345|admin:|client:|dataStream:|priority:0, omNode-2|rpc:localhost:42205|admin:|client:|dataStream:|priority:0], old=null
2022-02-15 23:30:43,683 [grpc-default-executor-4] INFO  server.RaftServer$Division (RaftServerImpl.java:requestVote(1046)) - omNode-2@group-523986131536: receive requestVote(ELECTION, omNode-3, group-523986131536, 7, (t:6, i:135))
2022-02-15 23:30:43,683 [grpc-default-executor-4] INFO  impl.VoteContext (VoteContext.java:log(48)) - omNode-2@group-523986131536-FOLLOWER: accept ELECTION from omNode-3: our priority 0 <= candidate's priority 0
2022-02-15 23:30:43,683 [grpc-default-executor-4] INFO  server.RaftServer$Division (RaftServerImpl.java:setRole(290)) - omNode-2@group-523986131536: changes role from  FOLLOWER to FOLLOWER at term 7 for candidate:omNode-3
2022-02-15 23:30:43,683 [grpc-default-executor-4] INFO  impl.RoleInfo (RoleInfo.java:shutdownFollowerState(108)) - omNode-2: shutdown omNode-2@group-523986131536-FollowerState
2022-02-15 23:30:43,683 [grpc-default-executor-4] INFO  impl.RoleInfo (RoleInfo.java:updateAndGet(130)) - omNode-2: start omNode-2@group-523986131536-FollowerState
2022-02-15 23:30:43,683 [omNode-2@group-523986131536-FollowerState] INFO  impl.FollowerState (FollowerState.java:run(143)) - omNode-2@group-523986131536-FollowerState was interrupted: {}
java.lang.InterruptedException: sleep interrupted
	at java.lang.Thread.sleep(Native Method)
	at java.lang.Thread.sleep(Thread.java:340)
	at java.util.concurrent.TimeUnit.sleep(TimeUnit.java:386)
	at org.apache.ratis.util.TimeDuration.sleep(TimeDuration.java:324)
	at org.apache.ratis.util.TimeDuration.sleep(TimeDuration.java:309)
	at org.apache.ratis.server.impl.FollowerState.run(FollowerState.java:118)
2022-02-15 23:30:43,692 [omNode-3@group-523986131536-LeaderElection22] INFO  impl.LeaderElection (LeaderElection.java:logAndReturn(89)) - omNode-3@group-523986131536-LeaderElection22: ELECTION PASSED received 1 response(s) and 0 exception(s):
2022-02-15 23:30:43,692 [omNode-3@group-523986131536-LeaderElection22] INFO  impl.LeaderElection (LeaderElection.java:logAndReturn(93)) -   Response 0: omNode-3<-omNode-1#0:OK-t7
2022-02-15 23:30:43,693 [omNode-3@group-523986131536-LeaderElection22] INFO  impl.LeaderElection (LeaderElection.java:askForVotes(308)) - omNode-3@group-523986131536-LeaderElection22 ELECTION round 0: result PASSED
2022-02-15 23:30:43,693 [omNode-3@group-523986131536-LeaderElection22] INFO  impl.RoleInfo (RoleInfo.java:shutdownLeaderElection(121)) - omNode-3: shutdown omNode-3@group-523986131536-LeaderElection22
2022-02-15 23:30:43,693 [omNode-3@group-523986131536-LeaderElection22] INFO  server.RaftServer$Division (RaftServerImpl.java:setRole(290)) - omNode-3@group-523986131536: changes role from CANDIDATE to LEADER at term 7 for changeToLeader
2022-02-15 23:30:43,693 [omNode-3@group-523986131536-LeaderElection22] INFO  server.RaftServer$Division (ServerState.java:setLeader(285)) - omNode-3@group-523986131536: change Leader from null to omNode-3 at term 7 for becomeLeader, leader elected after 1112ms
2022-02-15 23:30:43,693 [grpc-default-executor-4] INFO  server.RaftServer$Division (RaftServerImpl.java:requestVote(1078)) - omNode-2@group-523986131536 replies to ELECTION vote request: omNode-3<-omNode-2#0:OK-t7. Peer's state: omNode-2@group-523986131536:t7, leader=null, voted=omNode-3, raftlog=omNode-2@group-523986131536-SegmentedRaftLog:OPENED:c135, conf=134: [omNode-3|rpc:localhost:40001|admin:|client:|dataStream:|priority:0, omNode-1|rpc:localhost:37345|admin:|client:|dataStream:|priority:0, omNode-2|rpc:localhost:42205|admin:|client:|dataStream:|priority:0], old=null
2022-02-15 23:30:43,693 [omNode-3@group-523986131536-LeaderElection22] INFO  server.RaftServerConfigKeys (ConfUtils.java:logGet(44)) - raft.server.staging.catchup.gap = 1000 (default)
2022-02-15 23:30:43,693 [omNode-3@group-523986131536-LeaderElection22] INFO  server.RaftServerConfigKeys (ConfUtils.java:logGet(44)) - raft.server.write.element-limit = 4096 (default)
2022-02-15 23:30:43,693 [omNode-3@group-523986131536-LeaderElection22] INFO  server.RaftServerConfigKeys (ConfUtils.java:logGet(44)) - raft.server.write.byte-limit = 64MB (=67108864) (default)
2022-02-15 23:30:43,693 [omNode-3@group-523986131536-LeaderElection22] INFO  server.RaftServerConfigKeys (ConfUtils.java:logGet(44)) - raft.server.watch.timeout = 10s (default)
2022-02-15 23:30:43,693 [omNode-3@group-523986131536-LeaderElection22] INFO  server.RaftServerConfigKeys (ConfUtils.java:logGet(44)) - raft.server.watch.timeout.denomination = 1s (default)
2022-02-15 23:30:43,693 [omNode-3@group-523986131536-LeaderElection22] INFO  server.RaftServerConfigKeys (ConfUtils.java:logGet(44)) - raft.server.watch.element-limit = 65536 (default)
2022-02-15 23:30:43,694 [omNode-3@group-523986131536-LeaderElection22] INFO  server.RaftServerConfigKeys (ConfUtils.java:logGet(44)) - raft.server.write.element-limit = 4096 (default)
2022-02-15 23:30:43,694 [omNode-3@group-523986131536-LeaderElection22] INFO  server.RaftServerConfigKeys (ConfUtils.java:logGet(44)) - raft.server.write.follower.gap.ratio.max = -1.0 (default)
2022-02-15 23:30:43,694 [omNode-3@group-523986131536-LeaderElection22] INFO  server.RaftServerConfigKeys (ConfUtils.java:logGet(44)) - raft.server.log.appender.snapshot.chunk.size.max = 16MB (=16777216) (default)
2022-02-15 23:30:43,694 [omNode-3@group-523986131536-LeaderElection22] INFO  server.RaftServerConfigKeys (ConfUtils.java:logGet(44)) - raft.server.log.appender.buffer.byte-limit = 33554432 (custom)
2022-02-15 23:30:43,694 [omNode-3@group-523986131536-LeaderElection22] INFO  server.RaftServerConfigKeys (ConfUtils.java:logGet(44)) - raft.server.log.appender.buffer.element-limit = 1024 (custom)
2022-02-15 23:30:43,694 [omNode-3@group-523986131536-LeaderElection22] INFO  grpc.GrpcConfigKeys (ConfUtils.java:logGet(44)) - raft.grpc.server.leader.outstanding.appends.max = 128 (default)
2022-02-15 23:30:43,694 [omNode-3@group-523986131536-LeaderElection22] INFO  server.RaftServerConfigKeys (ConfUtils.java:logGet(44)) - raft.server.rpc.request.timeout = 3000ms (default)
2022-02-15 23:30:43,694 [omNode-3@group-523986131536-LeaderElection22] INFO  server.RaftServerConfigKeys (ConfUtils.java:logGet(44)) - raft.server.log.appender.install.snapshot.enabled = false (custom)
2022-02-15 23:30:43,695 [omNode-3@group-523986131536-LeaderElection22] INFO  server.RaftServerConfigKeys (ConfUtils.java:logGet(44)) - raft.server.log.appender.snapshot.chunk.size.max = 16MB (=16777216) (default)
2022-02-15 23:30:43,695 [omNode-3@group-523986131536-LeaderElection22] INFO  server.RaftServerConfigKeys (ConfUtils.java:logGet(44)) - raft.server.log.appender.buffer.byte-limit = 33554432 (custom)
2022-02-15 23:30:43,695 [omNode-3@group-523986131536-LeaderElection22] INFO  server.RaftServerConfigKeys (ConfUtils.java:logGet(44)) - raft.server.log.appender.buffer.element-limit = 1024 (custom)
2022-02-15 23:30:43,695 [omNode-3@group-523986131536-LeaderElection22] INFO  grpc.GrpcConfigKeys (ConfUtils.java:logGet(44)) - raft.grpc.server.leader.outstanding.appends.max = 128 (default)
2022-02-15 23:30:43,695 [omNode-3@group-523986131536-LeaderElection22] INFO  server.RaftServerConfigKeys (ConfUtils.java:logGet(44)) - raft.server.rpc.request.timeout = 3000ms (default)
2022-02-15 23:30:43,695 [omNode-3@group-523986131536-LeaderElection22] INFO  server.RaftServerConfigKeys (ConfUtils.java:logGet(44)) - raft.server.log.appender.install.snapshot.enabled = false (custom)
2022-02-15 23:30:43,696 [omNode-3@group-523986131536-LeaderElection22] INFO  impl.RoleInfo (RoleInfo.java:updateAndGet(130)) - omNode-3: start omNode-3@group-523986131536-LeaderStateImpl
2022-02-15 23:30:43,697 [omNode-3@group-523986131536-LeaderElection22] INFO  segmented.SegmentedRaftLogWorker (SegmentedRaftLogWorker.java:rollLogSegment(399)) - omNode-3@group-523986131536-SegmentedRaftLogWorker: Rolling segment log-134_135 to index:135
2022-02-15 23:30:43,707 [omNode-3@group-523986131536-SegmentedRaftLogWorker] INFO  segmented.SegmentedRaftLogWorker (SegmentedRaftLogWorker.java:execute(558)) - omNode-3@group-523986131536-SegmentedRaftLogWorker: Rolled log segment from /home/runner/work/ozone/ozone/hadoop-ozone/integration-test/target/test-dir/MiniOzoneClusterImpl-527fe069-2b78-49eb-8835-8cb6d6ba75bf/omNode-3/ratis/c9bc4cf4-3bc3-3c60-a66b-523986131536/current/log_inprogress_134 to /home/runner/work/ozone/ozone/hadoop-ozone/integration-test/target/test-dir/MiniOzoneClusterImpl-527fe069-2b78-49eb-8835-8cb6d6ba75bf/omNode-3/ratis/c9bc4cf4-3bc3-3c60-a66b-523986131536/current/log_134-135
2022-02-15 23:30:43,711 [omNode-3@group-523986131536-LeaderElection22] INFO  server.RaftServer$Division (ServerState.java:setRaftConf(387)) - omNode-3@group-523986131536: set configuration 136: [omNode-3|rpc:localhost:40001|admin:|client:|dataStream:|priority:0, omNode-1|rpc:localhost:37345|admin:|client:|dataStream:|priority:0, omNode-2|rpc:localhost:42205|admin:|client:|dataStream:|priority:0], old=null
2022-02-15 23:30:43,713 [grpc-default-executor-0] INFO  server.RaftServer$Division (ServerState.java:setLeader(285)) - omNode-2@group-523986131536: change Leader from null to omNode-3 at term 7 for appendEntries, leader elected after 856ms
2022-02-15 23:30:43,713 [grpc-default-executor-2] INFO  server.RaftServer$Division (ServerState.java:setLeader(285)) - omNode-1@group-523986131536: change Leader from null to omNode-3 at term 7 for appendEntries, leader elected after 980ms
2022-02-15 23:30:43,713 [grpc-default-executor-0] INFO  server.RaftServer$Division (ServerState.java:setRaftConf(387)) - omNode-2@group-523986131536: set configuration 136: [omNode-3|rpc:localhost:40001|admin:|client:|dataStream:|priority:0, omNode-1|rpc:localhost:37345|admin:|client:|dataStream:|priority:0, omNode-2|rpc:localhost:42205|admin:|client:|dataStream:|priority:0], old=null
2022-02-15 23:30:43,714 [grpc-default-executor-0] INFO  segmented.SegmentedRaftLogWorker (SegmentedRaftLogWorker.java:rollLogSegment(399)) - omNode-2@group-523986131536-SegmentedRaftLogWorker: Rolling segment log-134_135 to index:135
2022-02-15 23:30:43,716 [grpc-default-executor-2] INFO  server.RaftServer$Division (ServerState.java:setRaftConf(387)) - omNode-1@group-523986131536: set configuration 136: [omNode-3|rpc:localhost:40001|admin:|client:|dataStream:|priority:0, omNode-1|rpc:localhost:37345|admin:|client:|dataStream:|priority:0, omNode-2|rpc:localhost:42205|admin:|client:|dataStream:|priority:0], old=null
2022-02-15 23:30:43,716 [omNode-2@group-523986131536-SegmentedRaftLogWorker] INFO  segmented.SegmentedRaftLogWorker (SegmentedRaftLogWorker.java:execute(558)) - omNode-2@group-523986131536-SegmentedRaftLogWorker: Rolled log segment from /home/runner/work/ozone/ozone/hadoop-ozone/integration-test/target/test-dir/MiniOzoneClusterImpl-527fe069-2b78-49eb-8835-8cb6d6ba75bf/omNode-2/ratis/c9bc4cf4-3bc3-3c60-a66b-523986131536/current/log_inprogress_134 to /home/runner/work/ozone/ozone/hadoop-ozone/integration-test/target/test-dir/MiniOzoneClusterImpl-527fe069-2b78-49eb-8835-8cb6d6ba75bf/omNode-2/ratis/c9bc4cf4-3bc3-3c60-a66b-523986131536/current/log_134-135
2022-02-15 23:30:43,716 [grpc-default-executor-2] INFO  segmented.SegmentedRaftLogWorker (SegmentedRaftLogWorker.java:rollLogSegment(399)) - omNode-1@group-523986131536-SegmentedRaftLogWorker: Rolling segment log-134_135 to index:135
2022-02-15 23:30:43,717 [omNode-1@group-523986131536-SegmentedRaftLogWorker] INFO  segmented.SegmentedRaftLogWorker (SegmentedRaftLogWorker.java:execute(558)) - omNode-1@group-523986131536-SegmentedRaftLogWorker: Rolled log segment from /home/runner/work/ozone/ozone/hadoop-ozone/integration-test/target/test-dir/MiniOzoneClusterImpl-527fe069-2b78-49eb-8835-8cb6d6ba75bf/omNode-1/ratis/c9bc4cf4-3bc3-3c60-a66b-523986131536/current/log_inprogress_134 to /home/runner/work/ozone/ozone/hadoop-ozone/integration-test/target/test-dir/MiniOzoneClusterImpl-527fe069-2b78-49eb-8835-8cb6d6ba75bf/omNode-1/ratis/c9bc4cf4-3bc3-3c60-a66b-523986131536/current/log_134-135
2022-02-15 23:30:43,717 [omNode-3@group-523986131536-SegmentedRaftLogWorker] INFO  segmented.SegmentedRaftLogWorker (SegmentedRaftLogWorker.java:execute(601)) - omNode-3@group-523986131536-SegmentedRaftLogWorker: created new log segment /home/runner/work/ozone/ozone/hadoop-ozone/integration-test/target/test-dir/MiniOzoneClusterImpl-527fe069-2b78-49eb-8835-8cb6d6ba75bf/omNode-3/ratis/c9bc4cf4-3bc3-3c60-a66b-523986131536/current/log_inprogress_136
2022-02-15 23:30:43,740 [omNode-1@group-523986131536-SegmentedRaftLogWorker] INFO  segmented.SegmentedRaftLogWorker (SegmentedRaftLogWorker.java:execute(601)) - omNode-1@group-523986131536-SegmentedRaftLogWorker: created new log segment /home/runner/work/ozone/ozone/hadoop-ozone/integration-test/target/test-dir/MiniOzoneClusterImpl-527fe069-2b78-49eb-8835-8cb6d6ba75bf/omNode-1/ratis/c9bc4cf4-3bc3-3c60-a66b-523986131536/current/log_inprogress_136
2022-02-15 23:30:43,741 [omNode-2@group-523986131536-SegmentedRaftLogWorker] INFO  segmented.SegmentedRaftLogWorker (SegmentedRaftLogWorker.java:execute(601)) - omNode-2@group-523986131536-SegmentedRaftLogWorker: created new log segment /home/runner/work/ozone/ozone/hadoop-ozone/integration-test/target/test-dir/MiniOzoneClusterImpl-527fe069-2b78-49eb-8835-8cb6d6ba75bf/omNode-2/ratis/c9bc4cf4-3bc3-3c60-a66b-523986131536/current/log_inprogress_136
2022-02-15 23:30:43,750 [omNode-3@group-523986131536-StateMachineUpdater] INFO  ratis.OzoneManagerStateMachine (OzoneManagerStateMachine.java:notifyConfigurationChanged(188)) - Received Configuration change notification from Ratis. New Peer list:
[id: "omNode-3"
address: "localhost:40001"
, id: "omNode-1"
address: "localhost:37345"
, id: "omNode-2"
address: "localhost:42205"
]
2022-02-15 23:30:43,753 [omNode-1@group-523986131536-StateMachineUpdater] INFO  ratis.OzoneManagerStateMachine (OzoneManagerStateMachine.java:notifyConfigurationChanged(188)) - Received Configuration change notification from Ratis. New Peer list:
[id: "omNode-3"
address: "localhost:40001"
, id: "omNode-1"
address: "localhost:37345"
, id: "omNode-2"
address: "localhost:42205"
]
2022-02-15 23:30:43,761 [omNode-2@group-523986131536-StateMachineUpdater] INFO  ratis.OzoneManagerStateMachine (OzoneManagerStateMachine.java:notifyConfigurationChanged(188)) - Received Configuration change notification from Ratis. New Peer list:
[id: "omNode-3"
address: "localhost:40001"
, id: "omNode-1"
address: "localhost:37345"
, id: "omNode-2"
address: "localhost:42205"
]
2022-02-15 23:30:44,909 [Time-limited test] INFO  retry.RetryInvocationHandler (RetryInvocationHandler.java:log(411)) - com.google.protobuf.ServiceException: java.io.EOFException: End of File Exception between local host is: "fv-az297-531/10.1.0.21"; destination host is: "localhost":36451; : java.io.EOFException; For more details see:  http://wiki.apache.org/hadoop/EOFException, while invoking $Proxy53.submitRequest over nodeId=omNode-1,nodeAddress=127.0.0.1:36451 after 1 failover attempts. Trying to failover immediately.
2022-02-15 23:30:44,916 [Time-limited test] INFO  retry.RetryInvocationHandler (RetryInvocationHandler.java:log(411)) - com.google.protobuf.ServiceException: org.apache.hadoop.ipc.RemoteException(org.apache.hadoop.ozone.om.exceptions.OMNotLeaderException): OM:omNode-2 is not the leader. Could not determine the leader node.
	at org.apache.hadoop.ozone.om.ratis.utils.OzoneManagerRatisUtils.createNotLeaderException(OzoneManagerRatisUtils.java:360)
	at org.apache.hadoop.ozone.om.ratis.utils.OzoneManagerRatisUtils.checkLeaderStatus(OzoneManagerRatisUtils.java:346)
	at org.apache.hadoop.ozone.protocolPB.OzoneManagerProtocolServerSideTranslatorPB.checkLeaderStatus(OzoneManagerProtocolServerSideTranslatorPB.java:279)
	at org.apache.hadoop.ozone.protocolPB.OzoneManagerProtocolServerSideTranslatorPB.processRequest(OzoneManagerProtocolServerSideTranslatorPB.java:158)
	at org.apache.hadoop.hdds.server.OzoneProtocolMessageDispatcher.processRequest(OzoneProtocolMessageDispatcher.java:87)
	at org.apache.hadoop.ozone.protocolPB.OzoneManagerProtocolServerSideTranslatorPB.submitRequest(OzoneManagerProtocolServerSideTranslatorPB.java:124)
	at org.apache.hadoop.ozone.protocol.proto.OzoneManagerProtocolProtos$OzoneManagerService$2.callBlockingMethod(OzoneManagerProtocolProtos.java)
	at org.apache.hadoop.ipc.ProtobufRpcEngine$Server.processCall(ProtobufRpcEngine.java:466)
	at org.apache.hadoop.ipc.ProtobufRpcEngine2$Server$ProtoBufRpcInvoker.call(ProtobufRpcEngine2.java:574)
	at org.apache.hadoop.ipc.ProtobufRpcEngine2$Server$ProtoBufRpcInvoker.call(ProtobufRpcEngine2.java:552)
	at org.apache.hadoop.ipc.RPC$Server.call(RPC.java:1093)
	at org.apache.hadoop.ipc.Server$RpcCall.run(Server.java:1035)
	at org.apache.hadoop.ipc.Server$RpcCall.run(Server.java:963)
	at java.security.AccessController.doPrivileged(Native Method)
	at javax.security.auth.Subject.doAs(Subject.java:422)
	at org.apache.hadoop.security.UserGroupInformation.doAs(UserGroupInformation.java:1878)
	at org.apache.hadoop.ipc.Server$Handler.run(Server.java:2966)
, while invoking $Proxy53.submitRequest over nodeId=omNode-2,nodeAddress=127.0.0.1:44461 after 2 failover attempts. Trying to failover immediately.
2022-02-15 23:30:44,917 [Time-limited test] INFO  retry.RetryInvocationHandler (RetryInvocationHandler.java:log(411)) - com.google.protobuf.ServiceException: java.io.EOFException: End of File Exception between local host is: "fv-az297-531/10.1.0.21"; destination host is: "localhost":33593; : java.io.EOFException; For more details see:  http://wiki.apache.org/hadoop/EOFException, while invoking $Proxy53.submitRequest over nodeId=omNode-3,nodeAddress=127.0.0.1:33593 after 3 failover attempts. Trying to failover after sleeping for 2000ms.
2022-02-15 23:30:46,924 [Time-limited test] INFO  retry.RetryInvocationHandler (RetryInvocationHandler.java:log(411)) - com.google.protobuf.ServiceException: org.apache.hadoop.ipc.RemoteException(org.apache.hadoop.ozone.om.exceptions.OMNotLeaderException): OM:omNode-1 is not the leader. Could not determine the leader node.
	at org.apache.hadoop.ozone.om.ratis.utils.OzoneManagerRatisUtils.createNotLeaderException(OzoneManagerRatisUtils.java:360)
	at org.apache.hadoop.ozone.om.ratis.utils.OzoneManagerRatisUtils.checkLeaderStatus(OzoneManagerRatisUtils.java:346)
	at org.apache.hadoop.ozone.protocolPB.OzoneManagerProtocolServerSideTranslatorPB.checkLeaderStatus(OzoneManagerProtocolServerSideTranslatorPB.java:279)
	at org.apache.hadoop.ozone.protocolPB.OzoneManagerProtocolServerSideTranslatorPB.processRequest(OzoneManagerProtocolServerSideTranslatorPB.java:158)
	at org.apache.hadoop.hdds.server.OzoneProtocolMessageDispatcher.processRequest(OzoneProtocolMessageDispatcher.java:87)
	at org.apache.hadoop.ozone.protocolPB.OzoneManagerProtocolServerSideTranslatorPB.submitRequest(OzoneManagerProtocolServerSideTranslatorPB.java:124)
	at org.apache.hadoop.ozone.protocol.proto.OzoneManagerProtocolProtos$OzoneManagerService$2.callBlockingMethod(OzoneManagerProtocolProtos.java)
	at org.apache.hadoop.ipc.ProtobufRpcEngine$Server.processCall(ProtobufRpcEngine.java:466)
	at org.apache.hadoop.ipc.ProtobufRpcEngine2$Server$ProtoBufRpcInvoker.call(ProtobufRpcEngine2.java:574)
	at org.apache.hadoop.ipc.ProtobufRpcEngine2$Server$ProtoBufRpcInvoker.call(ProtobufRpcEngine2.java:552)
	at org.apache.hadoop.ipc.RPC$Server.call(RPC.java:1093)
	at org.apache.hadoop.ipc.Server$RpcCall.run(Server.java:1035)
	at org.apache.hadoop.ipc.Server$RpcCall.run(Server.java:963)
	at java.security.AccessController.doPrivileged(Native Method)
	at javax.security.auth.Subject.doAs(Subject.java:422)
	at org.apache.hadoop.security.UserGroupInformation.doAs(UserGroupInformation.java:1878)
	at org.apache.hadoop.ipc.Server$Handler.run(Server.java:2966)
, while invoking $Proxy53.submitRequest over nodeId=omNode-1,nodeAddress=127.0.0.1:36451 after 4 failover attempts. Trying to failover immediately.
2022-02-15 23:30:46,927 [Time-limited test] ERROR ha.OMFailoverProxyProvider (OMFailoverProxyProvider.java:getRetryAction(296)) - Failed to connect to OMs: [nodeId=omNode-3,nodeAddress=127.0.0.1:33593, nodeId=omNode-1,nodeAddress=127.0.0.1:36451, nodeId=omNode-2,nodeAddress=127.0.0.1:44461]. Attempted 5 failovers.
2022-02-15 23:30:46,927 [Time-limited test] INFO  om.OzoneManager (OzoneManager.java:stop(1893)) - omNode-3[localhost:33593]: Stopping Ozone Manager
2022-02-15 23:30:46,927 [Time-limited test] INFO  ipc.Server (Server.java:stop(3414)) - Stopping server on 33593
2022-02-15 23:30:46,929 [IPC Server Responder] INFO  ipc.Server (Server.java:run(1512)) - Stopping IPC Server Responder
2022-02-15 23:30:46,929 [IPC Server listener on 33593] INFO  ipc.Server (Server.java:run(1376)) - Stopping IPC Server listener on 33593
2022-02-15 23:30:46,929 [Time-limited test] INFO  server.RaftServer (RaftServerProxy.java:lambda$close$6(391)) - omNode-3: close
2022-02-15 23:30:46,929 [Time-limited test] INFO  server.RaftServer$Division (RaftServerImpl.java:lambda$close$4(412)) - omNode-3@group-523986131536: shutdown
2022-02-15 23:30:46,929 [Time-limited test] INFO  util.JmxRegister (JmxRegister.java:unregister(73)) - Successfully un-registered JMX Bean with object name Ratis:service=RaftServer,group=group-523986131536,id=omNode-3
2022-02-15 23:30:46,929 [Time-limited test] INFO  impl.RoleInfo (RoleInfo.java:shutdownLeaderState(91)) - omNode-3: shutdown omNode-3@group-523986131536-LeaderStateImpl
2022-02-15 23:30:46,937 [omNode-3@group-523986131536->omNode-2-GrpcLogAppender-LogAppenderDaemon] WARN  server.GrpcLogAppender (GrpcLogAppender.java:mayWait(177)) - omNode-3@group-523986131536->omNode-2-GrpcLogAppender: Wait interrupted by java.lang.InterruptedException
2022-02-15 23:30:46,937 [Time-limited test] INFO  impl.PendingRequests (PendingRequests.java:sendNotLeaderResponses(282)) - omNode-3@group-523986131536-PendingRequests: sendNotLeaderResponses
2022-02-15 23:30:46,938 [omNode-3@group-523986131536->omNode-1-GrpcLogAppender-LogAppenderDaemon] WARN  server.GrpcLogAppender (GrpcLogAppender.java:mayWait(177)) - omNode-3@group-523986131536->omNode-1-GrpcLogAppender: Wait interrupted by java.lang.InterruptedException
2022-02-15 23:30:46,938 [grpc-default-executor-0] INFO  server.GrpcServerProtocolService (GrpcServerProtocolService.java:onCompleted(140)) - omNode-2: Completed APPEND_ENTRIES, lastRequest: omNode-3->omNode-2#3-t7,previous=(t:7, i:136),leaderCommit=136,initializing? true,entries: size=1, first=(t:7, i:137), METADATAENTRY(c:136)
2022-02-15 23:30:46,938 [grpc-default-executor-2] INFO  server.GrpcServerProtocolService (GrpcServerProtocolService.java:onCompleted(140)) - omNode-1: Completed APPEND_ENTRIES, lastRequest: omNode-3->omNode-1#2-t7,previous=(t:7, i:136),leaderCommit=136,initializing? true,entries: size=1, first=(t:7, i:137), METADATAENTRY(c:136)
2022-02-15 23:30:46,940 [Time-limited test] INFO  impl.StateMachineUpdater (StateMachineUpdater.java:stopAndJoin(149)) - omNode-3@group-523986131536-StateMachineUpdater: set stopIndex = 137
2022-02-15 23:30:46,940 [omNode-3@group-523986131536-StateMachineUpdater] INFO  ratis.OzoneManagerStateMachine (OzoneManagerStateMachine.java:takeSnapshot(417)) - Current Snapshot Index (t:7, i:137)
2022-02-15 23:30:46,940 [omNode-3@group-523986131536-StateMachineUpdater] INFO  impl.StateMachineUpdater (StateMachineUpdater.java:takeSnapshot(281)) - omNode-3@group-523986131536-StateMachineUpdater: Took a snapshot at index 137
2022-02-15 23:30:46,940 [omNode-3@group-523986131536-StateMachineUpdater] INFO  impl.StateMachineUpdater (StateMachineUpdater.java:lambda$new$0(89)) - omNode-3@group-523986131536-StateMachineUpdater: snapshotIndex: updateIncreasingly 135 -> 137
2022-02-15 23:30:46,940 [omNode-3@group-523986131536-StateMachineUpdater] INFO  ratis.OzoneManagerStateMachine (OzoneManagerStateMachine.java:close(471)) - StateMachine has shutdown. Shutdown OzoneManager if not already shutdown.
2022-02-15 23:30:46,942 [grpc-default-executor-2] INFO  server.GrpcLogAppender (GrpcLogAppender.java:onCompleted(346)) - omNode-3@group-523986131536->omNode-2-AppendLogResponseHandler: follower responses appendEntries COMPLETED
2022-02-15 23:30:46,942 [grpc-default-executor-2] INFO  leader.FollowerInfo (FollowerInfoImpl.java:lambda$new$0(47)) - omNode-3@group-523986131536->omNode-2: nextIndex: updateUnconditionally 138 -> 137
2022-02-15 23:30:46,942 [grpc-default-executor-0] INFO  server.GrpcLogAppender (GrpcLogAppender.java:onCompleted(346)) - omNode-3@group-523986131536->omNode-1-AppendLogResponseHandler: follower responses appendEntries COMPLETED
2022-02-15 23:30:46,942 [grpc-default-executor-0] INFO  leader.FollowerInfo (FollowerInfoImpl.java:lambda$new$0(47)) - omNode-3@group-523986131536->omNode-1: nextIndex: updateUnconditionally 138 -> 137
2022-02-15 23:30:46,944 [Time-limited test] INFO  server.RaftServer$Division (ServerState.java:close(419)) - omNode-3@group-523986131536: closes. applyIndex: 137
2022-02-15 23:30:46,944 [omNode-3@group-523986131536-SegmentedRaftLogWorker] INFO  segmented.SegmentedRaftLogWorker (SegmentedRaftLogWorker.java:run(327)) - omNode-3@group-523986131536-SegmentedRaftLogWorker was interrupted, exiting. There are 0 tasks remaining in the queue.
2022-02-15 23:30:46,946 [Time-limited test] INFO  segmented.SegmentedRaftLogWorker (SegmentedRaftLogWorker.java:close(237)) - omNode-3@group-523986131536-SegmentedRaftLogWorker close()
2022-02-15 23:30:46,947 [Time-limited test] INFO  server.GrpcService (GrpcService.java:closeImpl(262)) - omNode-3: shutdown server with port 40001 now
2022-02-15 23:30:46,951 [Time-limited test] INFO  server.GrpcService (GrpcService.java:closeImpl(271)) - omNode-3: shutdown server with port 40001 successfully
2022-02-15 23:30:46,952 [org.apache.ratis.util.JvmPauseMonitor$$Lambda$422/911895107@6dbd19eb] INFO  util.JvmPauseMonitor (JvmPauseMonitor.java:run(109)) - JvmPauseMonitor-omNode-3: Stopped
2022-02-15 23:30:46,952 [Time-limited test] INFO  ratis.OzoneManagerDoubleBuffer (OzoneManagerDoubleBuffer.java:stop(437)) - Stopping OMDoubleBuffer flush thread
2022-02-15 23:30:46,952 [OMDoubleBufferFlushThread] INFO  ratis.OzoneManagerDoubleBuffer (OzoneManagerDoubleBuffer.java:flushTransactions(356)) - OMDoubleBuffer flush thread OMDoubleBufferFlushThread is interrupted and will exit. OMDoubleBufferFlushThread
2022-02-15 23:30:46,952 [Time-limited test] INFO  handler.ContextHandler (ContextHandler.java:doStop(1153)) - Stopped o.e.j.w.WebAppContext@be806c7{ozoneManager,/,null,STOPPED}{file:/home/runner/work/ozone/ozone/hadoop-ozone/integration-test/target/test-classes/webapps/ozoneManager}
2022-02-15 23:30:46,955 [Time-limited test] INFO  server.AbstractConnector (AbstractConnector.java:doStop(381)) - Stopped ServerConnector@131f0098{HTTP/1.1, (http/1.1)}{0.0.0.0:43611}
2022-02-15 23:30:46,955 [Time-limited test] INFO  server.session (HouseKeeper.java:stopScavenging(149)) - node0 Stopped scavenging
2022-02-15 23:30:46,956 [Time-limited test] INFO  handler.ContextHandler (ContextHandler.java:doStop(1153)) - Stopped o.e.j.s.ServletContextHandler@5cecb2bd{static,/static,file:///home/runner/work/ozone/ozone/hadoop-ozone/integration-test/target/test-classes/webapps/static,STOPPED}
2022-02-15 23:30:46,956 [Time-limited test] INFO  handler.ContextHandler (ContextHandler.java:doStop(1153)) - Stopped o.e.j.s.ServletContextHandler@606dc9f0{logs,/logs,file:///home/runner/work/ozone/ozone/hadoop-ozone/integration-test/target/log,STOPPED}
2022-02-15 23:30:46,958 [Time-limited test] INFO  om.OzoneManager (OzoneManager.java:restart(1451)) - OzoneManager RPC server is listening at localhost/127.0.0.1:33593
2022-02-15 23:30:46,958 [Time-limited test] INFO  impl.MetricsSystemImpl (MetricsSystemImpl.java:init(158)) - OzoneManager metrics system started (again)
2022-02-15 23:30:46,971 [Time-limited test] WARN  server.ServerUtils (ServerUtils.java:getDBPath(225)) - ozone.om.db.dirs is not configured. We recommend adding this setting. Falling back to ozone.metadata.dirs instead.
2022-02-15 23:30:46,971 [Time-limited test] INFO  codec.OmKeyInfoCodec (OmKeyInfoCodec.java:<init>(50)) - OmKeyInfoCodec ignorePipeline = true
2022-02-15 23:30:46,971 [Time-limited test] INFO  codec.RepeatedOmKeyInfoCodec (RepeatedOmKeyInfoCodec.java:<init>(42)) - RepeatedOmKeyInfoCodec ignorePipeline = true
2022-02-15 23:30:47,006 [Time-limited test] WARN  impl.MetricRegistriesImpl (MetricRegistriesImpl.java:addReporterRegistration(111)) - New reporters are added after registries were created. Some metrics will be missing from the reporter. Please add reporter before adding any new registry.
2022-02-15 23:30:47,006 [Time-limited test] WARN  impl.MetricRegistriesImpl (MetricRegistriesImpl.java:addReporterRegistration(111)) - New reporters are added after registries were created. Some metrics will be missing from the reporter. Please add reporter before adding any new registry.
2022-02-15 23:30:47,006 [Time-limited test] WARN  server.ServerUtils (ServerUtils.java:getDefaultRatisDirectory(237)) - Storage directory for Ratis is not configured. It is a good idea to map this to an SSD disk. Falling back to ozone.metadata.dirs
2022-02-15 23:30:47,007 [Time-limited test] INFO  ratis.OzoneManagerRatisServer (OzoneManagerRatisServer.java:<init>(159)) - Instantiating OM Ratis server with groupID: om-service-test1 and peers: localhost:40001, localhost:37345, localhost:42205
2022-02-15 23:30:47,007 [Time-limited test] INFO  ratis.OzoneManagerStateMachine (OzoneManagerStateMachine.java:loadSnapshotInfoFromDB(605)) - LastAppliedIndex is set from TransactionInfo from OM DB as (t:7, i:137)
2022-02-15 23:30:47,007 [Time-limited test] INFO  server.RaftServer (ConfUtils.java:logGet(44)) - raft.rpc.type = GRPC (default)
2022-02-15 23:30:47,008 [Time-limited test] INFO  grpc.GrpcFactory (GrpcFactory.java:checkPooledByteBufAllocatorUseCacheForAllThreads(48)) - PERFORMANCE WARNING: useCacheForAllThreads is true that may cause Netty to create a lot garbage objects and, as a result, trigger GC.
	It is recommended to disable useCacheForAllThreads by setting -Dorg.apache.ratis.thirdparty.io.netty.allocator.useCacheForAllThreads=false in command line.
2022-02-15 23:30:47,008 [Time-limited test] INFO  grpc.GrpcConfigKeys (ConfUtils.java:logGet(44)) - raft.grpc.admin.port = -1 (default)
2022-02-15 23:30:47,008 [Time-limited test] INFO  grpc.GrpcConfigKeys (ConfUtils.java:logGet(44)) - raft.grpc.server.port = 40001 (custom)
2022-02-15 23:30:47,008 [Time-limited test] INFO  grpc.GrpcConfigKeys (ConfUtils.java:logGet(44)) - raft.grpc.client.port = -1 (default)
2022-02-15 23:30:47,008 [Time-limited test] INFO  grpc.GrpcConfigKeys (ConfUtils.java:logGet(44)) - raft.grpc.server.port = 40001 (custom)
2022-02-15 23:30:47,008 [Time-limited test] INFO  grpc.GrpcConfigKeys (ConfUtils.java:logGet(44)) - raft.grpc.server.port = 40001 (custom)
2022-02-15 23:30:47,008 [Time-limited test] INFO  server.GrpcService (ConfUtils.java:logGet(44)) - raft.grpc.message.size.max = 33554432 (custom)
2022-02-15 23:30:47,008 [Time-limited test] INFO  server.RaftServerConfigKeys (ConfUtils.java:logGet(44)) - raft.server.log.appender.buffer.byte-limit = 33554432 (custom)
2022-02-15 23:30:47,008 [Time-limited test] INFO  server.GrpcService (ConfUtils.java:logGet(44)) - raft.grpc.flow.control.window = 1MB (=1048576) (default)
2022-02-15 23:30:47,008 [Time-limited test] INFO  server.RaftServerConfigKeys (ConfUtils.java:logGet(44)) - raft.server.rpc.request.timeout = 3000ms (default)
2022-02-15 23:30:47,009 [Time-limited test] INFO  impl.DataStreamServerImpl (ConfUtils.java:logGet(44)) - raft.datastream.type = DISABLED (default)
2022-02-15 23:30:47,010 [Time-limited test] INFO  server.RaftServerConfigKeys (ConfUtils.java:logGet(44)) - raft.server.rpc.slowness.timeout = 2s (custom)
2022-02-15 23:30:47,010 [Time-limited test] INFO  server.RaftServerConfigKeys (ConfUtils.java:logGet(44)) - raft.server.leaderelection.leader.step-down.wait-time = 10s (default)
2022-02-15 23:30:47,010 [Time-limited test] INFO  server.RaftServerConfigKeys (ConfUtils.java:logGet(44)) - raft.server.storage.dir = [/home/runner/work/ozone/ozone/hadoop-ozone/integration-test/target/test-dir/MiniOzoneClusterImpl-527fe069-2b78-49eb-8835-8cb6d6ba75bf/omNode-3/ratis] (custom)
2022-02-15 23:30:47,010 [Time-limited test] INFO  server.RaftServer (RaftServerProxy.java:lambda$null$1(235)) - omNode-3: found a subdirectory /home/runner/work/ozone/ozone/hadoop-ozone/integration-test/target/test-dir/MiniOzoneClusterImpl-527fe069-2b78-49eb-8835-8cb6d6ba75bf/omNode-3/ratis/c9bc4cf4-3bc3-3c60-a66b-523986131536
2022-02-15 23:30:47,011 [Time-limited test] INFO  server.RaftServer (RaftServerProxy.java:addNew(95)) - omNode-3: addNew group-523986131536:[omNode-3|rpc:localhost:40001|priority:0, omNode-1|rpc:localhost:37345|priority:0, omNode-2|rpc:localhost:42205|priority:0] returns group-523986131536:java.util.concurrent.CompletableFuture@1516b296[Not completed]
2022-02-15 23:30:47,011 [Time-limited test] INFO  om.OzoneManager (OzoneManager.java:initializeRatisServer(1834)) - OzoneManager Ratis server initialized at port 40001
2022-02-15 23:30:47,011 [Time-limited test] INFO  ratis.OzoneManagerRatisServer (OzoneManagerRatisServer.java:start(554)) - Starting OzoneManagerRatisServer omNode-3 at port 40001
2022-02-15 23:30:47,011 [pool-406-thread-1] INFO  server.RaftServer$Division (RaftServerImpl.java:<init>(184)) - omNode-3: new RaftServerImpl for group-523986131536:[omNode-3|rpc:localhost:40001|priority:0, omNode-1|rpc:localhost:37345|priority:0, omNode-2|rpc:localhost:42205|priority:0] with OzoneManagerStateMachine:uninitialized
2022-02-15 23:30:47,012 [pool-406-thread-1] INFO  server.RaftServerConfigKeys (ConfUtils.java:logGet(44)) - raft.server.rpc.timeout.min = 1s (custom)
2022-02-15 23:30:47,012 [pool-406-thread-1] INFO  server.RaftServerConfigKeys (ConfUtils.java:logGet(44)) - raft.server.rpc.timeout.max = 1200ms (custom)
2022-02-15 23:30:47,012 [pool-406-thread-1] INFO  server.RaftServerConfigKeys (ConfUtils.java:logGet(44)) - raft.server.rpc.sleep.time = 25ms (default)
2022-02-15 23:30:47,012 [pool-406-thread-1] INFO  server.RaftServerConfigKeys (ConfUtils.java:logGet(44)) - raft.server.rpc.slowness.timeout = 2s (custom)
2022-02-15 23:30:47,013 [pool-406-thread-1] INFO  server.RaftServerConfigKeys (ConfUtils.java:logGet(44)) - raft.server.leaderelection.leader.step-down.wait-time = 10s (default)
2022-02-15 23:30:47,013 [pool-406-thread-1] INFO  server.RaftServerConfigKeys (ConfUtils.java:logGet(44)) - raft.server.sleep.deviation.threshold = 300ms (default)
2022-02-15 23:30:47,013 [pool-406-thread-1] INFO  server.RaftServerConfigKeys (ConfUtils.java:logGet(44)) - raft.server.log.appender.install.snapshot.enabled = false (custom)
2022-02-15 23:30:47,013 [pool-406-thread-1] INFO  server.RaftServer$Division (ServerState.java:<init>(105)) - omNode-3@group-523986131536: ConfigurationManager, init=-1: [omNode-3|rpc:localhost:40001|priority:0, omNode-1|rpc:localhost:37345|priority:0, omNode-2|rpc:localhost:42205|priority:0], old=null, confs=<EMPTY_MAP>
2022-02-15 23:30:47,013 [pool-406-thread-1] INFO  server.RaftServerConfigKeys (ConfUtils.java:logGet(44)) - raft.server.storage.dir = [/home/runner/work/ozone/ozone/hadoop-ozone/integration-test/target/test-dir/MiniOzoneClusterImpl-527fe069-2b78-49eb-8835-8cb6d6ba75bf/omNode-3/ratis] (custom)
2022-02-15 23:30:47,013 [pool-406-thread-1] INFO  server.RaftServerConfigKeys (ConfUtils.java:logGet(44)) - raft.server.log.corruption.policy = EXCEPTION (default)
2022-02-15 23:30:47,013 [pool-406-thread-1] INFO  server.RaftServerConfigKeys (ConfUtils.java:logGet(44)) - raft.server.storage.free-space.min = 0MB (=0) (default)
2022-02-15 23:30:47,014 [pool-406-thread-1] INFO  storage.RaftStorageDirectory (RaftStorageDirectoryImpl.java:tryLock(230)) - Lock on /home/runner/work/ozone/ozone/hadoop-ozone/integration-test/target/test-dir/MiniOzoneClusterImpl-527fe069-2b78-49eb-8835-8cb6d6ba75bf/omNode-3/ratis/c9bc4cf4-3bc3-3c60-a66b-523986131536/in_use.lock acquired by nodename 1385@fv-az297-531
2022-02-15 23:30:47,014 [pool-406-thread-1] INFO  storage.RaftStorage (RaftStorageImpl.java:analyzeAndRecoverStorage(110)) - Read RaftStorageMetadata{term=7, votedFor=omNode-3} from /home/runner/work/ozone/ozone/hadoop-ozone/integration-test/target/test-dir/MiniOzoneClusterImpl-527fe069-2b78-49eb-8835-8cb6d6ba75bf/omNode-3/ratis/c9bc4cf4-3bc3-3c60-a66b-523986131536/current/raft-meta
2022-02-15 23:30:47,014 [pool-406-thread-1] INFO  server.RaftServer$Division (ServerState.java:setRaftConf(387)) - omNode-3@group-523986131536: set configuration 136: [omNode-3|rpc:localhost:40001|admin:|client:|dataStream:|priority:0, omNode-1|rpc:localhost:37345|admin:|client:|dataStream:|priority:0, omNode-2|rpc:localhost:42205|admin:|client:|dataStream:|priority:0], old=null
2022-02-15 23:30:47,015 [pool-406-thread-1] INFO  server.RaftServerConfigKeys (ConfUtils.java:logGet(44)) - raft.server.notification.no-leader.timeout = 2s (custom)
2022-02-15 23:30:47,015 [pool-406-thread-1] INFO  server.RaftServerConfigKeys (ConfUtils.java:logGet(44)) - raft.server.log.use.memory = false (default)
2022-02-15 23:30:47,015 [pool-406-thread-1] INFO  server.RaftServerConfigKeys (ConfUtils.java:logGet(44)) - raft.server.log.purge.gap = 50 (custom)
2022-02-15 23:30:47,015 [pool-406-thread-1] INFO  server.RaftServerConfigKeys (ConfUtils.java:logGet(44)) - raft.server.log.appender.buffer.byte-limit = 33554432 (custom)
2022-02-15 23:30:47,015 [pool-406-thread-1] INFO  server.RaftServerConfigKeys (ConfUtils.java:logGet(44)) - raft.server.log.segment.size.max = 4194304 (custom)
2022-02-15 23:30:47,015 [pool-406-thread-1] INFO  server.RaftServerConfigKeys (ConfUtils.java:logGet(44)) - raft.server.log.segment.cache.num.max = 2 (custom)
2022-02-15 23:30:47,015 [pool-406-thread-1] INFO  server.RaftServerConfigKeys (ConfUtils.java:logGet(44)) - raft.server.log.segment.cache.size.max = 200MB (=209715200) (default)
2022-02-15 23:30:47,015 [pool-406-thread-1] INFO  segmented.SegmentedRaftLogWorker (SegmentedRaftLogWorker.java:<init>(182)) - new omNode-3@group-523986131536-SegmentedRaftLogWorker for RaftStorageImpl:Storage Directory /home/runner/work/ozone/ozone/hadoop-ozone/integration-test/target/test-dir/MiniOzoneClusterImpl-527fe069-2b78-49eb-8835-8cb6d6ba75bf/omNode-3/ratis/c9bc4cf4-3bc3-3c60-a66b-523986131536
2022-02-15 23:30:47,015 [pool-406-thread-1] INFO  server.RaftServerConfigKeys (ConfUtils.java:logGet(44)) - raft.server.log.queue.byte-limit = 64MB (=67108864) (default)
2022-02-15 23:30:47,015 [pool-406-thread-1] INFO  server.RaftServerConfigKeys (ConfUtils.java:logGet(44)) - raft.server.log.queue.element-limit = 4096 (default)
2022-02-15 23:30:47,015 [pool-406-thread-1] INFO  server.RaftServerConfigKeys (ConfUtils.java:logGet(44)) - raft.server.log.segment.size.max = 4194304 (custom)
2022-02-15 23:30:47,016 [pool-406-thread-1] INFO  server.RaftServerConfigKeys (ConfUtils.java:logGet(44)) - raft.server.log.preallocated.size = 4194304 (custom)
2022-02-15 23:30:47,016 [pool-406-thread-1] INFO  server.RaftServerConfigKeys (ConfUtils.java:logGet(44)) - raft.server.log.force.sync.num = 128 (default)
2022-02-15 23:30:47,016 [pool-406-thread-1] INFO  server.RaftServerConfigKeys (ConfUtils.java:logGet(44)) - raft.server.log.statemachine.data.sync = true (default)
2022-02-15 23:30:47,016 [pool-406-thread-1] INFO  server.RaftServerConfigKeys (ConfUtils.java:logGet(44)) - raft.server.log.statemachine.data.sync.timeout = 10s (default)
2022-02-15 23:30:47,016 [pool-406-thread-1] INFO  server.RaftServerConfigKeys (ConfUtils.java:logGet(44)) - raft.server.log.statemachine.data.sync.timeout.retry = -1 (default)
2022-02-15 23:30:47,016 [pool-406-thread-1] INFO  server.RaftServerConfigKeys (ConfUtils.java:logGet(44)) - raft.server.log.write.buffer.size = 64KB (=65536) (default)
2022-02-15 23:30:47,016 [pool-406-thread-1] INFO  server.RaftServerConfigKeys (ConfUtils.java:logGet(44)) - raft.server.log.statemachine.data.caching.enabled = false (default)
2022-02-15 23:30:47,018 [pool-406-thread-1] INFO  server.RaftServer$Division (ServerState.java:setRaftConf(387)) - omNode-3@group-523986131536: set configuration 134: [omNode-3|rpc:localhost:40001|admin:|client:|dataStream:|priority:0, omNode-1|rpc:localhost:37345|admin:|client:|dataStream:|priority:0, omNode-2|rpc:localhost:42205|admin:|client:|dataStream:|priority:0], old=null
2022-02-15 23:30:47,018 [pool-406-thread-1] INFO  segmented.LogSegment (LogSegment.java:loadSegment(173)) - Successfully read 2 entries from segment file /home/runner/work/ozone/ozone/hadoop-ozone/integration-test/target/test-dir/MiniOzoneClusterImpl-527fe069-2b78-49eb-8835-8cb6d6ba75bf/omNode-3/ratis/c9bc4cf4-3bc3-3c60-a66b-523986131536/current/log_134-135
2022-02-15 23:30:47,018 [pool-406-thread-1] INFO  server.RaftServer$Division (ServerState.java:setRaftConf(387)) - omNode-3@group-523986131536: set configuration 136: [omNode-3|rpc:localhost:40001|admin:|client:|dataStream:|priority:0, omNode-1|rpc:localhost:37345|admin:|client:|dataStream:|priority:0, omNode-2|rpc:localhost:42205|admin:|client:|dataStream:|priority:0], old=null
2022-02-15 23:30:47,018 [pool-406-thread-1] INFO  segmented.LogSegment (LogSegment.java:loadSegment(173)) - Successfully read 2 entries from segment file /home/runner/work/ozone/ozone/hadoop-ozone/integration-test/target/test-dir/MiniOzoneClusterImpl-527fe069-2b78-49eb-8835-8cb6d6ba75bf/omNode-3/ratis/c9bc4cf4-3bc3-3c60-a66b-523986131536/current/log_inprogress_136
2022-02-15 23:30:47,019 [pool-406-thread-1] INFO  segmented.SegmentedRaftLogWorker (SegmentedRaftLogWorker.java:lambda$new$0(133)) - omNode-3@group-523986131536-SegmentedRaftLogWorker: flushIndex: setUnconditionally 0 -> 137
2022-02-15 23:30:47,019 [pool-406-thread-1] INFO  segmented.SegmentedRaftLogWorker (SegmentedRaftLogWorker.java:lambda$new$0(133)) - omNode-3@group-523986131536-SegmentedRaftLogWorker: safeCacheEvictIndex: setUnconditionally 0 -> 135
2022-02-15 23:30:47,019 [pool-406-thread-1] INFO  raftlog.RaftLog (RaftLogBase.java:lambda$new$0(53)) - omNode-3@group-523986131536-SegmentedRaftLog: commitIndex: updateToMax old=137, new=136, updated? false
2022-02-15 23:30:47,019 [pool-406-thread-1] INFO  raftlog.RaftLog (RaftLogBase.java:lambda$new$0(53)) - omNode-3@group-523986131536-SegmentedRaftLog: purgeIndex: updateIncreasingly -1 -> 133
2022-02-15 23:30:47,019 [pool-406-thread-1] INFO  server.RaftServerConfigKeys (ConfUtils.java:logGet(44)) - raft.server.snapshot.auto.trigger.enabled = true (custom)
2022-02-15 23:30:47,019 [pool-406-thread-1] INFO  server.RaftServerConfigKeys (ConfUtils.java:logGet(44)) - raft.server.snapshot.auto.trigger.threshold = 50 (custom)
2022-02-15 23:30:47,019 [pool-406-thread-1] INFO  server.RaftServerConfigKeys (ConfUtils.java:logGet(44)) - raft.server.snapshot.retention.file.num = -1 (default)
2022-02-15 23:30:47,019 [pool-406-thread-1] INFO  server.RaftServerConfigKeys (ConfUtils.java:logGet(44)) - raft.server.log.purge.upto.snapshot.index = true (custom)
2022-02-15 23:30:47,019 [pool-406-thread-1] INFO  server.RaftServerConfigKeys (ConfUtils.java:logGet(44)) - raft.server.retrycache.expirytime = 30000ms (custom)
2022-02-15 23:30:47,019 [pool-406-thread-1] INFO  server.RaftServerConfigKeys (ConfUtils.java:logGet(44)) - raft.server.retrycache.statistics.expirytime = 100μs (default)
2022-02-15 23:30:47,020 [Time-limited test] INFO  server.RaftServer$Division (RaftServerImpl.java:start(301)) - omNode-3@group-523986131536: start as a follower, conf=136: [omNode-3|rpc:localhost:40001|admin:|client:|dataStream:|priority:0, omNode-1|rpc:localhost:37345|admin:|client:|dataStream:|priority:0, omNode-2|rpc:localhost:42205|admin:|client:|dataStream:|priority:0], old=null
2022-02-15 23:30:47,020 [Time-limited test] INFO  server.RaftServer$Division (RaftServerImpl.java:setRole(290)) - omNode-3@group-523986131536: changes role from      null to FOLLOWER at term 7 for startAsFollower
2022-02-15 23:30:47,021 [Time-limited test] INFO  impl.RoleInfo (RoleInfo.java:updateAndGet(130)) - omNode-3: start omNode-3@group-523986131536-FollowerState
2022-02-15 23:30:47,021 [Time-limited test] INFO  util.JmxRegister (JmxRegister.java:tryRegister(44)) - Successfully registered JMX Bean with object name Ratis:service=RaftServer,group=group-523986131536,id=omNode-3
2022-02-15 23:30:47,021 [Time-limited test] INFO  server.RaftServer (RaftServerProxy.java:lambda$start$5(374)) - omNode-3: start RPC server
2022-02-15 23:30:47,022 [Time-limited test] INFO  server.GrpcService (GrpcService.java:startImpl(253)) - omNode-3: GrpcService started, listening on 40001
2022-02-15 23:30:47,023 [org.apache.ratis.util.JvmPauseMonitor$$Lambda$422/911895107@4f6ea4df] INFO  util.JvmPauseMonitor (JvmPauseMonitor.java:run(103)) - JvmPauseMonitor-omNode-3: Started
2022-02-15 23:30:47,023 [Time-limited test] INFO  ipc.CallQueueManager (CallQueueManager.java:<init>(90)) - Using callQueue: class java.util.concurrent.LinkedBlockingQueue, queueCapacity: 2000, scheduler: class org.apache.hadoop.ipc.DefaultRpcScheduler, ipcBackoff: false.
2022-02-15 23:30:47,024 [Socket Reader #1 for port 33593] INFO  ipc.Server (Server.java:run(1265)) - Starting Socket Reader #1 for port 33593
2022-02-15 23:30:47,027 [Listener at localhost/33593] INFO  http.BaseHttpServer (BaseHttpServer.java:newHttpServer2BuilderForOzone(209)) - Starting Web-server for ozoneManager at: http://0.0.0.0:43611
2022-02-15 23:30:47,027 [Listener at localhost/33593] INFO  http.BaseHttpServer (BaseHttpServer.java:<init>(107)) - Hadoop Security Enabled: false Ozone Security Enabled: false Ozone HTTP Security Enabled: false 
2022-02-15 23:30:47,028 [Listener at localhost/33593] INFO  server.AuthenticationFilter (AuthenticationFilter.java:constructSecretProvider(240)) - Unable to initialize FileSignerSecretProvider, falling back to use random secrets.
2022-02-15 23:30:47,028 [Listener at localhost/33593] WARN  http.HttpRequestLog (HttpRequestLog.java:getRequestLog(103)) - Jetty request log can only be enabled using Log4j
2022-02-15 23:30:47,029 [Listener at localhost/33593] INFO  http.HttpServer2 (HttpServer2.java:addGlobalFilter(1030)) - Added global filter 'safety' (class=org.apache.hadoop.hdds.server.http.HttpServer2$QuotingInputFilter)
2022-02-15 23:30:47,030 [Listener at localhost/33593] INFO  http.HttpServer2 (HttpServer2.java:addFilter(1006)) - Added filter static_user_filter (class=org.apache.hadoop.http.lib.StaticUserWebFilter$StaticUserFilter) to context ozoneManager
2022-02-15 23:30:47,030 [Listener at localhost/33593] INFO  http.HttpServer2 (HttpServer2.java:addFilter(1014)) - Added filter static_user_filter (class=org.apache.hadoop.http.lib.StaticUserWebFilter$StaticUserFilter) to context logs
2022-02-15 23:30:47,030 [Listener at localhost/33593] INFO  http.HttpServer2 (HttpServer2.java:addFilter(1014)) - Added filter static_user_filter (class=org.apache.hadoop.http.lib.StaticUserWebFilter$StaticUserFilter) to context static
2022-02-15 23:30:47,030 [Listener at localhost/33593] INFO  http.HttpServer2 (HttpServer2.java:bindListener(1249)) - Jetty bound to port 43611
2022-02-15 23:30:47,030 [Listener at localhost/33593] INFO  server.Server (Server.java:doStart(375)) - jetty-9.4.43.v20210629; built: 2021-06-30T11:07:22.254Z; git: 526006ecfa3af7f1a27ef3a288e2bef7ea9dd7e8; jvm 1.8.0_312-b07
2022-02-15 23:30:47,035 [Listener at localhost/33593] INFO  server.session (DefaultSessionIdManager.java:doStart(334)) - DefaultSessionIdManager workerName=node0
2022-02-15 23:30:47,035 [Listener at localhost/33593] INFO  server.session (DefaultSessionIdManager.java:doStart(339)) - No SessionScavenger set, using defaults
2022-02-15 23:30:47,036 [Listener at localhost/33593] INFO  server.session (HouseKeeper.java:startScavenging(132)) - node0 Scavenging every 600000ms
2022-02-15 23:30:47,036 [Listener at localhost/33593] INFO  handler.ContextHandler (ContextHandler.java:doStart(915)) - Started o.e.j.s.ServletContextHandler@2fca36bc{logs,/logs,file:///home/runner/work/ozone/ozone/hadoop-ozone/integration-test/target/log,AVAILABLE}
2022-02-15 23:30:47,037 [Listener at localhost/33593] INFO  handler.ContextHandler (ContextHandler.java:doStart(915)) - Started o.e.j.s.ServletContextHandler@4f8a8042{static,/static,file:///home/runner/work/ozone/ozone/hadoop-ozone/integration-test/target/test-classes/webapps/static,AVAILABLE}
2022-02-15 23:30:47,040 [Listener at localhost/33593] INFO  handler.ContextHandler (ContextHandler.java:doStart(915)) - Started o.e.j.w.WebAppContext@145050c9{ozoneManager,/,file:///home/runner/work/ozone/ozone/hadoop-ozone/integration-test/target/test-classes/webapps/ozoneManager/,AVAILABLE}{file:/home/runner/work/ozone/ozone/hadoop-ozone/integration-test/target/test-classes/webapps/ozoneManager}
2022-02-15 23:30:47,041 [Listener at localhost/33593] INFO  server.AbstractConnector (AbstractConnector.java:doStart(331)) - Started ServerConnector@6eec7cce{HTTP/1.1, (http/1.1)}{0.0.0.0:43611}
2022-02-15 23:30:47,041 [Listener at localhost/33593] INFO  server.Server (Server.java:doStart(415)) - Started @68262ms
2022-02-15 23:30:47,041 [Listener at localhost/33593] WARN  impl.MetricsSystemImpl (MetricsSystemImpl.java:register(279)) - Sink prometheus already exists!
2022-02-15 23:30:47,042 [Listener at localhost/33593] INFO  http.BaseHttpServer (BaseHttpServer.java:updateConnectorAddress(329)) - HTTP server of ozoneManager listening at http://0.0.0.0:43611
2022-02-15 23:30:47,042 [IPC Server Responder] INFO  ipc.Server (Server.java:run(1507)) - IPC Server Responder: starting
2022-02-15 23:30:47,045 [IPC Server listener on 33593] INFO  ipc.Server (Server.java:run(1344)) - IPC Server listener on 33593: starting
2022-02-15 23:30:47,056 [Listener at localhost/33593] INFO  om.OzoneManager (OzoneManager.java:startTrashEmptier(1792)) - Trash Interval set to 0. Files deleted will not move to trash
2022-02-15 23:30:47,057 [Listener at localhost/33593] INFO  om.OzoneManager (OzoneManager.java:stop(1893)) - omNode-1[localhost:36451]: Stopping Ozone Manager
2022-02-15 23:30:47,057 [Listener at localhost/33593] INFO  ipc.Server (Server.java:stop(3414)) - Stopping server on 36451
2022-02-15 23:30:47,060 [org.apache.hadoop.util.JvmPauseMonitor$Monitor@5aa8c0e8] INFO  util.JvmPauseMonitor (JvmPauseMonitor.java:run(188)) - Starting JVM pause monitor
2022-02-15 23:30:47,062 [IPC Server Responder] INFO  ipc.Server (Server.java:run(1512)) - Stopping IPC Server Responder
2022-02-15 23:30:47,063 [Listener at localhost/33593] INFO  server.RaftServer (RaftServerProxy.java:lambda$close$6(391)) - omNode-1: close
2022-02-15 23:30:47,063 [Listener at localhost/33593] INFO  server.RaftServer$Division (RaftServerImpl.java:lambda$close$4(412)) - omNode-1@group-523986131536: shutdown
2022-02-15 23:30:47,063 [IPC Server listener on 36451] INFO  ipc.Server (Server.java:run(1376)) - Stopping IPC Server listener on 36451
2022-02-15 23:30:47,063 [Listener at localhost/33593] INFO  util.JmxRegister (JmxRegister.java:unregister(73)) - Successfully un-registered JMX Bean with object name Ratis:service=RaftServer,group=group-523986131536,id=omNode-1
2022-02-15 23:30:47,063 [Listener at localhost/33593] INFO  impl.RoleInfo (RoleInfo.java:shutdownFollowerState(108)) - omNode-1: shutdown omNode-1@group-523986131536-FollowerState
2022-02-15 23:30:47,063 [Listener at localhost/33593] INFO  impl.StateMachineUpdater (StateMachineUpdater.java:stopAndJoin(149)) - omNode-1@group-523986131536-StateMachineUpdater: set stopIndex = 137
2022-02-15 23:30:47,063 [omNode-1@group-523986131536-FollowerState] INFO  impl.FollowerState (FollowerState.java:run(143)) - omNode-1@group-523986131536-FollowerState was interrupted: {}
java.lang.InterruptedException: sleep interrupted
	at java.lang.Thread.sleep(Native Method)
	at java.lang.Thread.sleep(Thread.java:340)
	at java.util.concurrent.TimeUnit.sleep(TimeUnit.java:386)
	at org.apache.ratis.util.TimeDuration.sleep(TimeDuration.java:324)
	at org.apache.ratis.util.TimeDuration.sleep(TimeDuration.java:309)
	at org.apache.ratis.server.impl.FollowerState.run(FollowerState.java:118)
2022-02-15 23:30:47,064 [omNode-1@group-523986131536-StateMachineUpdater] INFO  ratis.OzoneManagerStateMachine (OzoneManagerStateMachine.java:takeSnapshot(417)) - Current Snapshot Index (t:7, i:137)
2022-02-15 23:30:47,065 [omNode-1@group-523986131536-StateMachineUpdater] INFO  impl.StateMachineUpdater (StateMachineUpdater.java:takeSnapshot(281)) - omNode-1@group-523986131536-StateMachineUpdater: Took a snapshot at index 137
2022-02-15 23:30:47,065 [omNode-1@group-523986131536-StateMachineUpdater] INFO  impl.StateMachineUpdater (StateMachineUpdater.java:lambda$new$0(89)) - omNode-1@group-523986131536-StateMachineUpdater: snapshotIndex: updateIncreasingly 135 -> 137
2022-02-15 23:30:47,065 [omNode-1@group-523986131536-StateMachineUpdater] INFO  ratis.OzoneManagerStateMachine (OzoneManagerStateMachine.java:close(471)) - StateMachine has shutdown. Shutdown OzoneManager if not already shutdown.
2022-02-15 23:30:47,065 [Listener at localhost/33593] INFO  server.RaftServer$Division (ServerState.java:close(419)) - omNode-1@group-523986131536: closes. applyIndex: 137
2022-02-15 23:30:47,065 [omNode-1@group-523986131536-SegmentedRaftLogWorker] INFO  segmented.SegmentedRaftLogWorker (SegmentedRaftLogWorker.java:run(327)) - omNode-1@group-523986131536-SegmentedRaftLogWorker was interrupted, exiting. There are 0 tasks remaining in the queue.
2022-02-15 23:30:47,066 [Listener at localhost/33593] INFO  segmented.SegmentedRaftLogWorker (SegmentedRaftLogWorker.java:close(237)) - omNode-1@group-523986131536-SegmentedRaftLogWorker close()
2022-02-15 23:30:47,067 [Listener at localhost/33593] INFO  server.GrpcService (GrpcService.java:closeImpl(262)) - omNode-1: shutdown server with port 37345 now
2022-02-15 23:30:47,067 [Listener at localhost/33593] INFO  server.GrpcService (GrpcService.java:closeImpl(271)) - omNode-1: shutdown server with port 37345 successfully
2022-02-15 23:30:47,068 [org.apache.ratis.util.JvmPauseMonitor$$Lambda$422/911895107@52fa9144] INFO  util.JvmPauseMonitor (JvmPauseMonitor.java:run(109)) - JvmPauseMonitor-omNode-1: Stopped
2022-02-15 23:30:47,068 [Listener at localhost/33593] INFO  ratis.OzoneManagerDoubleBuffer (OzoneManagerDoubleBuffer.java:stop(437)) - Stopping OMDoubleBuffer flush thread
2022-02-15 23:30:47,068 [OMDoubleBufferFlushThread] INFO  ratis.OzoneManagerDoubleBuffer (OzoneManagerDoubleBuffer.java:flushTransactions(356)) - OMDoubleBuffer flush thread OMDoubleBufferFlushThread is interrupted and will exit. OMDoubleBufferFlushThread
2022-02-15 23:30:47,069 [Listener at localhost/33593] INFO  handler.ContextHandler (ContextHandler.java:doStop(1153)) - Stopped o.e.j.w.WebAppContext@288a24fa{ozoneManager,/,null,STOPPED}{file:/home/runner/work/ozone/ozone/hadoop-ozone/integration-test/target/test-classes/webapps/ozoneManager}
2022-02-15 23:30:47,069 [Listener at localhost/33593] INFO  server.AbstractConnector (AbstractConnector.java:doStop(381)) - Stopped ServerConnector@45f3e2d4{HTTP/1.1, (http/1.1)}{0.0.0.0:43041}
2022-02-15 23:30:47,069 [Listener at localhost/33593] INFO  server.session (HouseKeeper.java:stopScavenging(149)) - node0 Stopped scavenging
2022-02-15 23:30:47,069 [Listener at localhost/33593] INFO  handler.ContextHandler (ContextHandler.java:doStop(1153)) - Stopped o.e.j.s.ServletContextHandler@10ec15c0{static,/static,file:///home/runner/work/ozone/ozone/hadoop-ozone/integration-test/target/test-classes/webapps/static,STOPPED}
2022-02-15 23:30:47,070 [Listener at localhost/33593] INFO  handler.ContextHandler (ContextHandler.java:doStop(1153)) - Stopped o.e.j.s.ServletContextHandler@20a00595{logs,/logs,file:///home/runner/work/ozone/ozone/hadoop-ozone/integration-test/target/log,STOPPED}
2022-02-15 23:30:47,072 [Listener at localhost/33593] INFO  om.OzoneManager (OzoneManager.java:restart(1451)) - OzoneManager RPC server is listening at localhost/127.0.0.1:36451
2022-02-15 23:30:47,072 [Listener at localhost/33593] INFO  impl.MetricsSystemImpl (MetricsSystemImpl.java:init(158)) - OzoneManager metrics system started (again)
2022-02-15 23:30:47,084 [Listener at localhost/33593] WARN  server.ServerUtils (ServerUtils.java:getDBPath(225)) - ozone.om.db.dirs is not configured. We recommend adding this setting. Falling back to ozone.metadata.dirs instead.
2022-02-15 23:30:47,085 [Listener at localhost/33593] INFO  codec.OmKeyInfoCodec (OmKeyInfoCodec.java:<init>(50)) - OmKeyInfoCodec ignorePipeline = true
2022-02-15 23:30:47,086 [Listener at localhost/33593] INFO  codec.RepeatedOmKeyInfoCodec (RepeatedOmKeyInfoCodec.java:<init>(42)) - RepeatedOmKeyInfoCodec ignorePipeline = true
2022-02-15 23:30:47,118 [Listener at localhost/33593] WARN  impl.MetricRegistriesImpl (MetricRegistriesImpl.java:addReporterRegistration(111)) - New reporters are added after registries were created. Some metrics will be missing from the reporter. Please add reporter before adding any new registry.
2022-02-15 23:30:47,118 [Listener at localhost/33593] WARN  impl.MetricRegistriesImpl (MetricRegistriesImpl.java:addReporterRegistration(111)) - New reporters are added after registries were created. Some metrics will be missing from the reporter. Please add reporter before adding any new registry.
2022-02-15 23:30:47,118 [Listener at localhost/33593] WARN  server.ServerUtils (ServerUtils.java:getDefaultRatisDirectory(237)) - Storage directory for Ratis is not configured. It is a good idea to map this to an SSD disk. Falling back to ozone.metadata.dirs
2022-02-15 23:30:47,119 [Listener at localhost/33593] INFO  ratis.OzoneManagerRatisServer (OzoneManagerRatisServer.java:<init>(159)) - Instantiating OM Ratis server with groupID: om-service-test1 and peers: localhost:37345, localhost:40001, localhost:42205
2022-02-15 23:30:47,120 [Listener at localhost/33593] INFO  ratis.OzoneManagerStateMachine (OzoneManagerStateMachine.java:loadSnapshotInfoFromDB(605)) - LastAppliedIndex is set from TransactionInfo from OM DB as (t:7, i:137)
2022-02-15 23:30:47,120 [Listener at localhost/33593] INFO  server.RaftServer (ConfUtils.java:logGet(44)) - raft.rpc.type = GRPC (default)
2022-02-15 23:30:47,120 [Listener at localhost/33593] INFO  grpc.GrpcFactory (GrpcFactory.java:checkPooledByteBufAllocatorUseCacheForAllThreads(48)) - PERFORMANCE WARNING: useCacheForAllThreads is true that may cause Netty to create a lot garbage objects and, as a result, trigger GC.
	It is recommended to disable useCacheForAllThreads by setting -Dorg.apache.ratis.thirdparty.io.netty.allocator.useCacheForAllThreads=false in command line.
2022-02-15 23:30:47,120 [Listener at localhost/33593] INFO  grpc.GrpcConfigKeys (ConfUtils.java:logGet(44)) - raft.grpc.admin.port = -1 (default)
2022-02-15 23:30:47,120 [Listener at localhost/33593] INFO  grpc.GrpcConfigKeys (ConfUtils.java:logGet(44)) - raft.grpc.server.port = 37345 (custom)
2022-02-15 23:30:47,120 [Listener at localhost/33593] INFO  grpc.GrpcConfigKeys (ConfUtils.java:logGet(44)) - raft.grpc.client.port = -1 (default)
2022-02-15 23:30:47,120 [Listener at localhost/33593] INFO  grpc.GrpcConfigKeys (ConfUtils.java:logGet(44)) - raft.grpc.server.port = 37345 (custom)
2022-02-15 23:30:47,120 [Listener at localhost/33593] INFO  grpc.GrpcConfigKeys (ConfUtils.java:logGet(44)) - raft.grpc.server.port = 37345 (custom)
2022-02-15 23:30:47,121 [Listener at localhost/33593] INFO  server.GrpcService (ConfUtils.java:logGet(44)) - raft.grpc.message.size.max = 33554432 (custom)
2022-02-15 23:30:47,121 [Listener at localhost/33593] INFO  server.RaftServerConfigKeys (ConfUtils.java:logGet(44)) - raft.server.log.appender.buffer.byte-limit = 33554432 (custom)
2022-02-15 23:30:47,121 [Listener at localhost/33593] INFO  server.GrpcService (ConfUtils.java:logGet(44)) - raft.grpc.flow.control.window = 1MB (=1048576) (default)
2022-02-15 23:30:47,121 [Listener at localhost/33593] INFO  server.RaftServerConfigKeys (ConfUtils.java:logGet(44)) - raft.server.rpc.request.timeout = 3000ms (default)
2022-02-15 23:30:47,122 [Listener at localhost/33593] INFO  impl.DataStreamServerImpl (ConfUtils.java:logGet(44)) - raft.datastream.type = DISABLED (default)
2022-02-15 23:30:47,122 [Listener at localhost/33593] INFO  server.RaftServerConfigKeys (ConfUtils.java:logGet(44)) - raft.server.rpc.slowness.timeout = 2s (custom)
2022-02-15 23:30:47,122 [Listener at localhost/33593] INFO  server.RaftServerConfigKeys (ConfUtils.java:logGet(44)) - raft.server.leaderelection.leader.step-down.wait-time = 10s (default)
2022-02-15 23:30:47,122 [Listener at localhost/33593] INFO  server.RaftServerConfigKeys (ConfUtils.java:logGet(44)) - raft.server.storage.dir = [/home/runner/work/ozone/ozone/hadoop-ozone/integration-test/target/test-dir/MiniOzoneClusterImpl-527fe069-2b78-49eb-8835-8cb6d6ba75bf/omNode-1/ratis] (custom)
2022-02-15 23:30:47,122 [Listener at localhost/33593] INFO  server.RaftServer (RaftServerProxy.java:lambda$null$1(235)) - omNode-1: found a subdirectory /home/runner/work/ozone/ozone/hadoop-ozone/integration-test/target/test-dir/MiniOzoneClusterImpl-527fe069-2b78-49eb-8835-8cb6d6ba75bf/omNode-1/ratis/c9bc4cf4-3bc3-3c60-a66b-523986131536
2022-02-15 23:30:47,123 [Listener at localhost/33593] INFO  server.RaftServer (RaftServerProxy.java:addNew(95)) - omNode-1: addNew group-523986131536:[omNode-3|rpc:localhost:40001|priority:0, omNode-1|rpc:localhost:37345|priority:0, omNode-2|rpc:localhost:42205|priority:0] returns group-523986131536:java.util.concurrent.CompletableFuture@1cc6294b[Not completed]
2022-02-15 23:30:47,123 [Listener at localhost/33593] INFO  om.OzoneManager (OzoneManager.java:initializeRatisServer(1834)) - OzoneManager Ratis server initialized at port 37345
2022-02-15 23:30:47,123 [Listener at localhost/33593] INFO  ratis.OzoneManagerRatisServer (OzoneManagerRatisServer.java:start(554)) - Starting OzoneManagerRatisServer omNode-1 at port 37345
2022-02-15 23:30:47,123 [pool-426-thread-1] INFO  server.RaftServer$Division (RaftServerImpl.java:<init>(184)) - omNode-1: new RaftServerImpl for group-523986131536:[omNode-3|rpc:localhost:40001|priority:0, omNode-1|rpc:localhost:37345|priority:0, omNode-2|rpc:localhost:42205|priority:0] with OzoneManagerStateMachine:uninitialized
2022-02-15 23:30:47,124 [pool-426-thread-1] INFO  server.RaftServerConfigKeys (ConfUtils.java:logGet(44)) - raft.server.rpc.timeout.min = 1s (custom)
2022-02-15 23:30:47,124 [pool-426-thread-1] INFO  server.RaftServerConfigKeys (ConfUtils.java:logGet(44)) - raft.server.rpc.timeout.max = 1200ms (custom)
2022-02-15 23:30:47,124 [pool-426-thread-1] INFO  server.RaftServerConfigKeys (ConfUtils.java:logGet(44)) - raft.server.rpc.sleep.time = 25ms (default)
2022-02-15 23:30:47,124 [pool-426-thread-1] INFO  server.RaftServerConfigKeys (ConfUtils.java:logGet(44)) - raft.server.rpc.slowness.timeout = 2s (custom)
2022-02-15 23:30:47,124 [pool-426-thread-1] INFO  server.RaftServerConfigKeys (ConfUtils.java:logGet(44)) - raft.server.leaderelection.leader.step-down.wait-time = 10s (default)
2022-02-15 23:30:47,124 [pool-426-thread-1] INFO  server.RaftServerConfigKeys (ConfUtils.java:logGet(44)) - raft.server.sleep.deviation.threshold = 300ms (default)
2022-02-15 23:30:47,124 [pool-426-thread-1] INFO  server.RaftServerConfigKeys (ConfUtils.java:logGet(44)) - raft.server.log.appender.install.snapshot.enabled = false (custom)
2022-02-15 23:30:47,124 [pool-426-thread-1] INFO  server.RaftServer$Division (ServerState.java:<init>(105)) - omNode-1@group-523986131536: ConfigurationManager, init=-1: [omNode-3|rpc:localhost:40001|priority:0, omNode-1|rpc:localhost:37345|priority:0, omNode-2|rpc:localhost:42205|priority:0], old=null, confs=<EMPTY_MAP>
2022-02-15 23:30:47,125 [pool-426-thread-1] INFO  server.RaftServerConfigKeys (ConfUtils.java:logGet(44)) - raft.server.storage.dir = [/home/runner/work/ozone/ozone/hadoop-ozone/integration-test/target/test-dir/MiniOzoneClusterImpl-527fe069-2b78-49eb-8835-8cb6d6ba75bf/omNode-1/ratis] (custom)
2022-02-15 23:30:47,125 [pool-426-thread-1] INFO  server.RaftServerConfigKeys (ConfUtils.java:logGet(44)) - raft.server.log.corruption.policy = EXCEPTION (default)
2022-02-15 23:30:47,125 [pool-426-thread-1] INFO  server.RaftServerConfigKeys (ConfUtils.java:logGet(44)) - raft.server.storage.free-space.min = 0MB (=0) (default)
2022-02-15 23:30:47,126 [pool-426-thread-1] INFO  storage.RaftStorageDirectory (RaftStorageDirectoryImpl.java:tryLock(230)) - Lock on /home/runner/work/ozone/ozone/hadoop-ozone/integration-test/target/test-dir/MiniOzoneClusterImpl-527fe069-2b78-49eb-8835-8cb6d6ba75bf/omNode-1/ratis/c9bc4cf4-3bc3-3c60-a66b-523986131536/in_use.lock acquired by nodename 1385@fv-az297-531
2022-02-15 23:30:47,126 [pool-426-thread-1] INFO  storage.RaftStorage (RaftStorageImpl.java:analyzeAndRecoverStorage(110)) - Read RaftStorageMetadata{term=7, votedFor=omNode-3} from /home/runner/work/ozone/ozone/hadoop-ozone/integration-test/target/test-dir/MiniOzoneClusterImpl-527fe069-2b78-49eb-8835-8cb6d6ba75bf/omNode-1/ratis/c9bc4cf4-3bc3-3c60-a66b-523986131536/current/raft-meta
2022-02-15 23:30:47,127 [pool-426-thread-1] INFO  server.RaftServer$Division (ServerState.java:setRaftConf(387)) - omNode-1@group-523986131536: set configuration 136: [omNode-3|rpc:localhost:40001|admin:|client:|dataStream:|priority:0, omNode-1|rpc:localhost:37345|admin:|client:|dataStream:|priority:0, omNode-2|rpc:localhost:42205|admin:|client:|dataStream:|priority:0], old=null
2022-02-15 23:30:47,127 [pool-426-thread-1] INFO  server.RaftServerConfigKeys (ConfUtils.java:logGet(44)) - raft.server.notification.no-leader.timeout = 2s (custom)
2022-02-15 23:30:47,127 [pool-426-thread-1] INFO  server.RaftServerConfigKeys (ConfUtils.java:logGet(44)) - raft.server.log.use.memory = false (default)
2022-02-15 23:30:47,127 [pool-426-thread-1] INFO  server.RaftServerConfigKeys (ConfUtils.java:logGet(44)) - raft.server.log.purge.gap = 50 (custom)
2022-02-15 23:30:47,127 [pool-426-thread-1] INFO  server.RaftServerConfigKeys (ConfUtils.java:logGet(44)) - raft.server.log.appender.buffer.byte-limit = 33554432 (custom)
2022-02-15 23:30:47,127 [pool-426-thread-1] INFO  server.RaftServerConfigKeys (ConfUtils.java:logGet(44)) - raft.server.log.segment.size.max = 4194304 (custom)
2022-02-15 23:30:47,127 [pool-426-thread-1] INFO  server.RaftServerConfigKeys (ConfUtils.java:logGet(44)) - raft.server.log.segment.cache.num.max = 2 (custom)
2022-02-15 23:30:47,128 [pool-426-thread-1] INFO  server.RaftServerConfigKeys (ConfUtils.java:logGet(44)) - raft.server.log.segment.cache.size.max = 200MB (=209715200) (default)
2022-02-15 23:30:47,128 [pool-426-thread-1] INFO  segmented.SegmentedRaftLogWorker (SegmentedRaftLogWorker.java:<init>(182)) - new omNode-1@group-523986131536-SegmentedRaftLogWorker for RaftStorageImpl:Storage Directory /home/runner/work/ozone/ozone/hadoop-ozone/integration-test/target/test-dir/MiniOzoneClusterImpl-527fe069-2b78-49eb-8835-8cb6d6ba75bf/omNode-1/ratis/c9bc4cf4-3bc3-3c60-a66b-523986131536
2022-02-15 23:30:47,128 [pool-426-thread-1] INFO  server.RaftServerConfigKeys (ConfUtils.java:logGet(44)) - raft.server.log.queue.byte-limit = 64MB (=67108864) (default)
2022-02-15 23:30:47,128 [pool-426-thread-1] INFO  server.RaftServerConfigKeys (ConfUtils.java:logGet(44)) - raft.server.log.queue.element-limit = 4096 (default)
2022-02-15 23:30:47,128 [pool-426-thread-1] INFO  server.RaftServerConfigKeys (ConfUtils.java:logGet(44)) - raft.server.log.segment.size.max = 4194304 (custom)
2022-02-15 23:30:47,128 [pool-426-thread-1] INFO  server.RaftServerConfigKeys (ConfUtils.java:logGet(44)) - raft.server.log.preallocated.size = 4194304 (custom)
2022-02-15 23:30:47,128 [pool-426-thread-1] INFO  server.RaftServerConfigKeys (ConfUtils.java:logGet(44)) - raft.server.log.force.sync.num = 128 (default)
2022-02-15 23:30:47,128 [pool-426-thread-1] INFO  server.RaftServerConfigKeys (ConfUtils.java:logGet(44)) - raft.server.log.statemachine.data.sync = true (default)
2022-02-15 23:30:47,128 [pool-426-thread-1] INFO  server.RaftServerConfigKeys (ConfUtils.java:logGet(44)) - raft.server.log.statemachine.data.sync.timeout = 10s (default)
2022-02-15 23:30:47,128 [pool-426-thread-1] INFO  server.RaftServerConfigKeys (ConfUtils.java:logGet(44)) - raft.server.log.statemachine.data.sync.timeout.retry = -1 (default)
2022-02-15 23:30:47,129 [pool-426-thread-1] INFO  server.RaftServerConfigKeys (ConfUtils.java:logGet(44)) - raft.server.log.write.buffer.size = 64KB (=65536) (default)
2022-02-15 23:30:47,129 [pool-426-thread-1] INFO  server.RaftServerConfigKeys (ConfUtils.java:logGet(44)) - raft.server.log.statemachine.data.caching.enabled = false (default)
2022-02-15 23:30:47,129 [pool-426-thread-1] INFO  server.RaftServer$Division (ServerState.java:setRaftConf(387)) - omNode-1@group-523986131536: set configuration 134: [omNode-3|rpc:localhost:40001|admin:|client:|dataStream:|priority:0, omNode-1|rpc:localhost:37345|admin:|client:|dataStream:|priority:0, omNode-2|rpc:localhost:42205|admin:|client:|dataStream:|priority:0], old=null
2022-02-15 23:30:47,130 [pool-426-thread-1] INFO  segmented.LogSegment (LogSegment.java:loadSegment(173)) - Successfully read 2 entries from segment file /home/runner/work/ozone/ozone/hadoop-ozone/integration-test/target/test-dir/MiniOzoneClusterImpl-527fe069-2b78-49eb-8835-8cb6d6ba75bf/omNode-1/ratis/c9bc4cf4-3bc3-3c60-a66b-523986131536/current/log_134-135
2022-02-15 23:30:47,130 [pool-426-thread-1] INFO  server.RaftServer$Division (ServerState.java:setRaftConf(387)) - omNode-1@group-523986131536: set configuration 136: [omNode-3|rpc:localhost:40001|admin:|client:|dataStream:|priority:0, omNode-1|rpc:localhost:37345|admin:|client:|dataStream:|priority:0, omNode-2|rpc:localhost:42205|admin:|client:|dataStream:|priority:0], old=null
2022-02-15 23:30:47,130 [pool-426-thread-1] INFO  segmented.LogSegment (LogSegment.java:loadSegment(173)) - Successfully read 2 entries from segment file /home/runner/work/ozone/ozone/hadoop-ozone/integration-test/target/test-dir/MiniOzoneClusterImpl-527fe069-2b78-49eb-8835-8cb6d6ba75bf/omNode-1/ratis/c9bc4cf4-3bc3-3c60-a66b-523986131536/current/log_inprogress_136
2022-02-15 23:30:47,130 [pool-426-thread-1] INFO  segmented.SegmentedRaftLogWorker (SegmentedRaftLogWorker.java:lambda$new$0(133)) - omNode-1@group-523986131536-SegmentedRaftLogWorker: flushIndex: setUnconditionally 0 -> 137
2022-02-15 23:30:47,130 [pool-426-thread-1] INFO  segmented.SegmentedRaftLogWorker (SegmentedRaftLogWorker.java:lambda$new$0(133)) - omNode-1@group-523986131536-SegmentedRaftLogWorker: safeCacheEvictIndex: setUnconditionally 0 -> 135
2022-02-15 23:30:47,130 [pool-426-thread-1] INFO  raftlog.RaftLog (RaftLogBase.java:lambda$new$0(53)) - omNode-1@group-523986131536-SegmentedRaftLog: commitIndex: updateToMax old=137, new=136, updated? false
2022-02-15 23:30:47,130 [pool-426-thread-1] INFO  raftlog.RaftLog (RaftLogBase.java:lambda$new$0(53)) - omNode-1@group-523986131536-SegmentedRaftLog: purgeIndex: updateIncreasingly -1 -> 133
2022-02-15 23:30:47,130 [pool-426-thread-1] INFO  server.RaftServerConfigKeys (ConfUtils.java:logGet(44)) - raft.server.snapshot.auto.trigger.enabled = true (custom)
2022-02-15 23:30:47,130 [pool-426-thread-1] INFO  server.RaftServerConfigKeys (ConfUtils.java:logGet(44)) - raft.server.snapshot.auto.trigger.threshold = 50 (custom)
2022-02-15 23:30:47,131 [pool-426-thread-1] INFO  server.RaftServerConfigKeys (ConfUtils.java:logGet(44)) - raft.server.snapshot.retention.file.num = -1 (default)
2022-02-15 23:30:47,131 [pool-426-thread-1] INFO  server.RaftServerConfigKeys (ConfUtils.java:logGet(44)) - raft.server.log.purge.upto.snapshot.index = true (custom)
2022-02-15 23:30:47,131 [pool-426-thread-1] INFO  server.RaftServerConfigKeys (ConfUtils.java:logGet(44)) - raft.server.retrycache.expirytime = 30000ms (custom)
2022-02-15 23:30:47,131 [pool-426-thread-1] INFO  server.RaftServerConfigKeys (ConfUtils.java:logGet(44)) - raft.server.retrycache.statistics.expirytime = 100μs (default)
2022-02-15 23:30:47,132 [Listener at localhost/33593] INFO  server.RaftServer$Division (RaftServerImpl.java:start(301)) - omNode-1@group-523986131536: start as a follower, conf=136: [omNode-3|rpc:localhost:40001|admin:|client:|dataStream:|priority:0, omNode-1|rpc:localhost:37345|admin:|client:|dataStream:|priority:0, omNode-2|rpc:localhost:42205|admin:|client:|dataStream:|priority:0], old=null
2022-02-15 23:30:47,133 [Listener at localhost/33593] INFO  server.RaftServer$Division (RaftServerImpl.java:setRole(290)) - omNode-1@group-523986131536: changes role from      null to FOLLOWER at term 7 for startAsFollower
2022-02-15 23:30:47,133 [Listener at localhost/33593] INFO  impl.RoleInfo (RoleInfo.java:updateAndGet(130)) - omNode-1: start omNode-1@group-523986131536-FollowerState
2022-02-15 23:30:47,137 [Listener at localhost/33593] INFO  util.JmxRegister (JmxRegister.java:tryRegister(44)) - Successfully registered JMX Bean with object name Ratis:service=RaftServer,group=group-523986131536,id=omNode-1
2022-02-15 23:30:47,138 [Listener at localhost/33593] INFO  server.RaftServer (RaftServerProxy.java:lambda$start$5(374)) - omNode-1: start RPC server
2022-02-15 23:30:47,139 [Listener at localhost/33593] INFO  server.GrpcService (GrpcService.java:startImpl(253)) - omNode-1: GrpcService started, listening on 37345
2022-02-15 23:30:47,144 [Listener at localhost/33593] INFO  ipc.CallQueueManager (CallQueueManager.java:<init>(90)) - Using callQueue: class java.util.concurrent.LinkedBlockingQueue, queueCapacity: 2000, scheduler: class org.apache.hadoop.ipc.DefaultRpcScheduler, ipcBackoff: false.
2022-02-15 23:30:47,145 [Socket Reader #1 for port 36451] INFO  ipc.Server (Server.java:run(1265)) - Starting Socket Reader #1 for port 36451
2022-02-15 23:30:47,145 [org.apache.ratis.util.JvmPauseMonitor$$Lambda$422/911895107@59ae4006] INFO  util.JvmPauseMonitor (JvmPauseMonitor.java:run(103)) - JvmPauseMonitor-omNode-1: Started
2022-02-15 23:30:47,150 [Listener at localhost/36451] INFO  http.BaseHttpServer (BaseHttpServer.java:newHttpServer2BuilderForOzone(209)) - Starting Web-server for ozoneManager at: http://0.0.0.0:43041
2022-02-15 23:30:47,150 [Listener at localhost/36451] INFO  http.BaseHttpServer (BaseHttpServer.java:<init>(107)) - Hadoop Security Enabled: false Ozone Security Enabled: false Ozone HTTP Security Enabled: false 
2022-02-15 23:30:47,151 [Listener at localhost/36451] INFO  server.AuthenticationFilter (AuthenticationFilter.java:constructSecretProvider(240)) - Unable to initialize FileSignerSecretProvider, falling back to use random secrets.
2022-02-15 23:30:47,151 [Listener at localhost/36451] WARN  http.HttpRequestLog (HttpRequestLog.java:getRequestLog(103)) - Jetty request log can only be enabled using Log4j
2022-02-15 23:30:47,152 [Listener at localhost/36451] INFO  http.HttpServer2 (HttpServer2.java:addGlobalFilter(1030)) - Added global filter 'safety' (class=org.apache.hadoop.hdds.server.http.HttpServer2$QuotingInputFilter)
2022-02-15 23:30:47,153 [Listener at localhost/36451] INFO  http.HttpServer2 (HttpServer2.java:addFilter(1006)) - Added filter static_user_filter (class=org.apache.hadoop.http.lib.StaticUserWebFilter$StaticUserFilter) to context ozoneManager
2022-02-15 23:30:47,153 [Listener at localhost/36451] INFO  http.HttpServer2 (HttpServer2.java:addFilter(1014)) - Added filter static_user_filter (class=org.apache.hadoop.http.lib.StaticUserWebFilter$StaticUserFilter) to context logs
2022-02-15 23:30:47,153 [Listener at localhost/36451] INFO  http.HttpServer2 (HttpServer2.java:addFilter(1014)) - Added filter static_user_filter (class=org.apache.hadoop.http.lib.StaticUserWebFilter$StaticUserFilter) to context static
2022-02-15 23:30:47,153 [Listener at localhost/36451] INFO  http.HttpServer2 (HttpServer2.java:bindListener(1249)) - Jetty bound to port 43041
2022-02-15 23:30:47,154 [Listener at localhost/36451] INFO  server.Server (Server.java:doStart(375)) - jetty-9.4.43.v20210629; built: 2021-06-30T11:07:22.254Z; git: 526006ecfa3af7f1a27ef3a288e2bef7ea9dd7e8; jvm 1.8.0_312-b07
2022-02-15 23:30:47,155 [Listener at localhost/36451] INFO  server.session (DefaultSessionIdManager.java:doStart(334)) - DefaultSessionIdManager workerName=node0
2022-02-15 23:30:47,155 [Listener at localhost/36451] INFO  server.session (DefaultSessionIdManager.java:doStart(339)) - No SessionScavenger set, using defaults
2022-02-15 23:30:47,156 [Listener at localhost/36451] INFO  server.session (HouseKeeper.java:startScavenging(132)) - node0 Scavenging every 600000ms
2022-02-15 23:30:47,156 [Listener at localhost/36451] INFO  handler.ContextHandler (ContextHandler.java:doStart(915)) - Started o.e.j.s.ServletContextHandler@136b2080{logs,/logs,file:///home/runner/work/ozone/ozone/hadoop-ozone/integration-test/target/log,AVAILABLE}
2022-02-15 23:30:47,156 [Listener at localhost/36451] INFO  handler.ContextHandler (ContextHandler.java:doStart(915)) - Started o.e.j.s.ServletContextHandler@16a0c00c{static,/static,file:///home/runner/work/ozone/ozone/hadoop-ozone/integration-test/target/test-classes/webapps/static,AVAILABLE}
2022-02-15 23:30:47,159 [Listener at localhost/36451] INFO  handler.ContextHandler (ContextHandler.java:doStart(915)) - Started o.e.j.w.WebAppContext@70707331{ozoneManager,/,file:///home/runner/work/ozone/ozone/hadoop-ozone/integration-test/target/test-classes/webapps/ozoneManager/,AVAILABLE}{file:/home/runner/work/ozone/ozone/hadoop-ozone/integration-test/target/test-classes/webapps/ozoneManager}
2022-02-15 23:30:47,161 [Listener at localhost/36451] INFO  server.AbstractConnector (AbstractConnector.java:doStart(331)) - Started ServerConnector@70a65eb3{HTTP/1.1, (http/1.1)}{0.0.0.0:43041}
2022-02-15 23:30:47,161 [Listener at localhost/36451] INFO  server.Server (Server.java:doStart(415)) - Started @68382ms
2022-02-15 23:30:47,161 [Listener at localhost/36451] WARN  impl.MetricsSystemImpl (MetricsSystemImpl.java:register(279)) - Sink prometheus already exists!
2022-02-15 23:30:47,162 [Listener at localhost/36451] INFO  http.BaseHttpServer (BaseHttpServer.java:updateConnectorAddress(329)) - HTTP server of ozoneManager listening at http://0.0.0.0:43041
2022-02-15 23:30:47,168 [IPC Server Responder] INFO  ipc.Server (Server.java:run(1507)) - IPC Server Responder: starting
2022-02-15 23:30:47,172 [IPC Server listener on 36451] INFO  ipc.Server (Server.java:run(1344)) - IPC Server listener on 36451: starting
2022-02-15 23:30:47,181 [Listener at localhost/36451] INFO  om.OzoneManager (OzoneManager.java:startTrashEmptier(1792)) - Trash Interval set to 0. Files deleted will not move to trash
2022-02-15 23:30:47,181 [Listener at localhost/36451] INFO  om.OzoneManager (OzoneManager.java:stop(1893)) - omNode-2[localhost:44461]: Stopping Ozone Manager
2022-02-15 23:30:47,181 [Listener at localhost/36451] INFO  ipc.Server (Server.java:stop(3414)) - Stopping server on 44461
2022-02-15 23:30:47,184 [org.apache.hadoop.util.JvmPauseMonitor$Monitor@42bb8167] INFO  util.JvmPauseMonitor (JvmPauseMonitor.java:run(188)) - Starting JVM pause monitor
2022-02-15 23:30:47,184 [IPC Server listener on 44461] INFO  ipc.Server (Server.java:run(1376)) - Stopping IPC Server listener on 44461
2022-02-15 23:30:47,184 [IPC Server Responder] INFO  ipc.Server (Server.java:run(1512)) - Stopping IPC Server Responder
2022-02-15 23:30:47,184 [Listener at localhost/36451] INFO  server.RaftServer (RaftServerProxy.java:lambda$close$6(391)) - omNode-2: close
2022-02-15 23:30:47,184 [Listener at localhost/36451] INFO  server.RaftServer$Division (RaftServerImpl.java:lambda$close$4(412)) - omNode-2@group-523986131536: shutdown
2022-02-15 23:30:47,185 [Listener at localhost/36451] INFO  util.JmxRegister (JmxRegister.java:unregister(73)) - Successfully un-registered JMX Bean with object name Ratis:service=RaftServer,group=group-523986131536,id=omNode-2
2022-02-15 23:30:47,185 [Listener at localhost/36451] INFO  impl.RoleInfo (RoleInfo.java:shutdownFollowerState(108)) - omNode-2: shutdown omNode-2@group-523986131536-FollowerState
2022-02-15 23:30:47,185 [omNode-2@group-523986131536-FollowerState] INFO  impl.FollowerState (FollowerState.java:run(143)) - omNode-2@group-523986131536-FollowerState was interrupted: {}
java.lang.InterruptedException: sleep interrupted
	at java.lang.Thread.sleep(Native Method)
	at java.lang.Thread.sleep(Thread.java:340)
	at java.util.concurrent.TimeUnit.sleep(TimeUnit.java:386)
	at org.apache.ratis.util.TimeDuration.sleep(TimeDuration.java:324)
	at org.apache.ratis.util.TimeDuration.sleep(TimeDuration.java:309)
	at org.apache.ratis.server.impl.FollowerState.run(FollowerState.java:118)
2022-02-15 23:30:47,185 [omNode-2@group-523986131536-StateMachineUpdater] INFO  ratis.OzoneManagerStateMachine (OzoneManagerStateMachine.java:takeSnapshot(417)) - Current Snapshot Index (t:7, i:137)
2022-02-15 23:30:47,186 [Listener at localhost/36451] INFO  impl.StateMachineUpdater (StateMachineUpdater.java:stopAndJoin(149)) - omNode-2@group-523986131536-StateMachineUpdater: set stopIndex = 137
2022-02-15 23:30:47,186 [omNode-2@group-523986131536-StateMachineUpdater] INFO  impl.StateMachineUpdater (StateMachineUpdater.java:takeSnapshot(281)) - omNode-2@group-523986131536-StateMachineUpdater: Took a snapshot at index 137
2022-02-15 23:30:47,186 [omNode-2@group-523986131536-StateMachineUpdater] INFO  impl.StateMachineUpdater (StateMachineUpdater.java:lambda$new$0(89)) - omNode-2@group-523986131536-StateMachineUpdater: snapshotIndex: updateIncreasingly 135 -> 137
2022-02-15 23:30:47,186 [omNode-2@group-523986131536-StateMachineUpdater] INFO  ratis.OzoneManagerStateMachine (OzoneManagerStateMachine.java:close(471)) - StateMachine has shutdown. Shutdown OzoneManager if not already shutdown.
2022-02-15 23:30:47,186 [Listener at localhost/36451] INFO  server.RaftServer$Division (ServerState.java:close(419)) - omNode-2@group-523986131536: closes. applyIndex: 137
2022-02-15 23:30:47,186 [omNode-2@group-523986131536-SegmentedRaftLogWorker] INFO  segmented.SegmentedRaftLogWorker (SegmentedRaftLogWorker.java:run(327)) - omNode-2@group-523986131536-SegmentedRaftLogWorker was interrupted, exiting. There are 0 tasks remaining in the queue.
2022-02-15 23:30:47,187 [Listener at localhost/36451] INFO  segmented.SegmentedRaftLogWorker (SegmentedRaftLogWorker.java:close(237)) - omNode-2@group-523986131536-SegmentedRaftLogWorker close()
2022-02-15 23:30:47,188 [Listener at localhost/36451] INFO  server.GrpcService (GrpcService.java:closeImpl(262)) - omNode-2: shutdown server with port 42205 now
2022-02-15 23:30:47,189 [Listener at localhost/36451] INFO  server.GrpcService (GrpcService.java:closeImpl(271)) - omNode-2: shutdown server with port 42205 successfully
2022-02-15 23:30:47,190 [org.apache.ratis.util.JvmPauseMonitor$$Lambda$422/911895107@28092a90] INFO  util.JvmPauseMonitor (JvmPauseMonitor.java:run(109)) - JvmPauseMonitor-omNode-2: Stopped
2022-02-15 23:30:47,190 [Listener at localhost/36451] INFO  ratis.OzoneManagerDoubleBuffer (OzoneManagerDoubleBuffer.java:stop(437)) - Stopping OMDoubleBuffer flush thread
2022-02-15 23:30:47,190 [OMDoubleBufferFlushThread] INFO  ratis.OzoneManagerDoubleBuffer (OzoneManagerDoubleBuffer.java:flushTransactions(356)) - OMDoubleBuffer flush thread OMDoubleBufferFlushThread is interrupted and will exit. OMDoubleBufferFlushThread
2022-02-15 23:30:47,191 [Listener at localhost/36451] INFO  handler.ContextHandler (ContextHandler.java:doStop(1153)) - Stopped o.e.j.w.WebAppContext@60958b4b{ozoneManager,/,null,STOPPED}{file:/home/runner/work/ozone/ozone/hadoop-ozone/integration-test/target/test-classes/webapps/ozoneManager}
2022-02-15 23:30:47,192 [Listener at localhost/36451] INFO  server.AbstractConnector (AbstractConnector.java:doStop(381)) - Stopped ServerConnector@1e337c95{HTTP/1.1, (http/1.1)}{0.0.0.0:37991}
2022-02-15 23:30:47,192 [Listener at localhost/36451] INFO  server.session (HouseKeeper.java:stopScavenging(149)) - node0 Stopped scavenging
2022-02-15 23:30:47,192 [Listener at localhost/36451] INFO  handler.ContextHandler (ContextHandler.java:doStop(1153)) - Stopped o.e.j.s.ServletContextHandler@f76cafe{static,/static,file:///home/runner/work/ozone/ozone/hadoop-ozone/integration-test/target/test-classes/webapps/static,STOPPED}
2022-02-15 23:30:47,192 [Listener at localhost/36451] INFO  handler.ContextHandler (ContextHandler.java:doStop(1153)) - Stopped o.e.j.s.ServletContextHandler@1480908a{logs,/logs,file:///home/runner/work/ozone/ozone/hadoop-ozone/integration-test/target/log,STOPPED}
2022-02-15 23:30:47,194 [Listener at localhost/36451] INFO  om.OzoneManager (OzoneManager.java:restart(1451)) - OzoneManager RPC server is listening at localhost/127.0.0.1:44461
2022-02-15 23:30:47,194 [Listener at localhost/36451] INFO  impl.MetricsSystemImpl (MetricsSystemImpl.java:init(158)) - OzoneManager metrics system started (again)
2022-02-15 23:30:47,205 [Listener at localhost/36451] WARN  server.ServerUtils (ServerUtils.java:getDBPath(225)) - ozone.om.db.dirs is not configured. We recommend adding this setting. Falling back to ozone.metadata.dirs instead.
2022-02-15 23:30:47,206 [Listener at localhost/36451] INFO  codec.OmKeyInfoCodec (OmKeyInfoCodec.java:<init>(50)) - OmKeyInfoCodec ignorePipeline = true
2022-02-15 23:30:47,206 [Listener at localhost/36451] INFO  codec.RepeatedOmKeyInfoCodec (RepeatedOmKeyInfoCodec.java:<init>(42)) - RepeatedOmKeyInfoCodec ignorePipeline = true
2022-02-15 23:30:47,234 [Listener at localhost/36451] WARN  impl.MetricRegistriesImpl (MetricRegistriesImpl.java:addReporterRegistration(111)) - New reporters are added after registries were created. Some metrics will be missing from the reporter. Please add reporter before adding any new registry.
2022-02-15 23:30:47,234 [Listener at localhost/36451] WARN  impl.MetricRegistriesImpl (MetricRegistriesImpl.java:addReporterRegistration(111)) - New reporters are added after registries were created. Some metrics will be missing from the reporter. Please add reporter before adding any new registry.
2022-02-15 23:30:47,234 [Listener at localhost/36451] WARN  server.ServerUtils (ServerUtils.java:getDefaultRatisDirectory(237)) - Storage directory for Ratis is not configured. It is a good idea to map this to an SSD disk. Falling back to ozone.metadata.dirs
2022-02-15 23:30:47,235 [Listener at localhost/36451] INFO  ratis.OzoneManagerRatisServer (OzoneManagerRatisServer.java:<init>(159)) - Instantiating OM Ratis server with groupID: om-service-test1 and peers: localhost:42205, localhost:40001, localhost:37345
2022-02-15 23:30:47,235 [Listener at localhost/36451] INFO  ratis.OzoneManagerStateMachine (OzoneManagerStateMachine.java:loadSnapshotInfoFromDB(605)) - LastAppliedIndex is set from TransactionInfo from OM DB as (t:7, i:137)
2022-02-15 23:30:47,236 [Listener at localhost/36451] INFO  server.RaftServer (ConfUtils.java:logGet(44)) - raft.rpc.type = GRPC (default)
2022-02-15 23:30:47,236 [Listener at localhost/36451] INFO  grpc.GrpcFactory (GrpcFactory.java:checkPooledByteBufAllocatorUseCacheForAllThreads(48)) - PERFORMANCE WARNING: useCacheForAllThreads is true that may cause Netty to create a lot garbage objects and, as a result, trigger GC.
	It is recommended to disable useCacheForAllThreads by setting -Dorg.apache.ratis.thirdparty.io.netty.allocator.useCacheForAllThreads=false in command line.
2022-02-15 23:30:47,236 [Listener at localhost/36451] INFO  grpc.GrpcConfigKeys (ConfUtils.java:logGet(44)) - raft.grpc.admin.port = -1 (default)
2022-02-15 23:30:47,236 [Listener at localhost/36451] INFO  grpc.GrpcConfigKeys (ConfUtils.java:logGet(44)) - raft.grpc.server.port = 42205 (custom)
2022-02-15 23:30:47,237 [Listener at localhost/36451] INFO  grpc.GrpcConfigKeys (ConfUtils.java:logGet(44)) - raft.grpc.client.port = -1 (default)
2022-02-15 23:30:47,237 [Listener at localhost/36451] INFO  grpc.GrpcConfigKeys (ConfUtils.java:logGet(44)) - raft.grpc.server.port = 42205 (custom)
2022-02-15 23:30:47,237 [Listener at localhost/36451] INFO  grpc.GrpcConfigKeys (ConfUtils.java:logGet(44)) - raft.grpc.server.port = 42205 (custom)
2022-02-15 23:30:47,237 [Listener at localhost/36451] INFO  server.GrpcService (ConfUtils.java:logGet(44)) - raft.grpc.message.size.max = 33554432 (custom)
2022-02-15 23:30:47,237 [Listener at localhost/36451] INFO  server.RaftServerConfigKeys (ConfUtils.java:logGet(44)) - raft.server.log.appender.buffer.byte-limit = 33554432 (custom)
2022-02-15 23:30:47,237 [Listener at localhost/36451] INFO  server.GrpcService (ConfUtils.java:logGet(44)) - raft.grpc.flow.control.window = 1MB (=1048576) (default)
2022-02-15 23:30:47,237 [Listener at localhost/36451] INFO  server.RaftServerConfigKeys (ConfUtils.java:logGet(44)) - raft.server.rpc.request.timeout = 3000ms (default)
2022-02-15 23:30:47,238 [Listener at localhost/36451] INFO  impl.DataStreamServerImpl (ConfUtils.java:logGet(44)) - raft.datastream.type = DISABLED (default)
2022-02-15 23:30:47,239 [Listener at localhost/36451] INFO  server.RaftServerConfigKeys (ConfUtils.java:logGet(44)) - raft.server.rpc.slowness.timeout = 2s (custom)
2022-02-15 23:30:47,239 [Listener at localhost/36451] INFO  server.RaftServerConfigKeys (ConfUtils.java:logGet(44)) - raft.server.leaderelection.leader.step-down.wait-time = 10s (default)
2022-02-15 23:30:47,239 [Listener at localhost/36451] INFO  server.RaftServerConfigKeys (ConfUtils.java:logGet(44)) - raft.server.storage.dir = [/home/runner/work/ozone/ozone/hadoop-ozone/integration-test/target/test-dir/MiniOzoneClusterImpl-527fe069-2b78-49eb-8835-8cb6d6ba75bf/omNode-2/ratis] (custom)
2022-02-15 23:30:47,239 [Listener at localhost/36451] INFO  server.RaftServer (RaftServerProxy.java:lambda$null$1(235)) - omNode-2: found a subdirectory /home/runner/work/ozone/ozone/hadoop-ozone/integration-test/target/test-dir/MiniOzoneClusterImpl-527fe069-2b78-49eb-8835-8cb6d6ba75bf/omNode-2/ratis/c9bc4cf4-3bc3-3c60-a66b-523986131536
2022-02-15 23:30:47,240 [Listener at localhost/36451] INFO  server.RaftServer (RaftServerProxy.java:addNew(95)) - omNode-2: addNew group-523986131536:[omNode-3|rpc:localhost:40001|priority:0, omNode-1|rpc:localhost:37345|priority:0, omNode-2|rpc:localhost:42205|priority:0] returns group-523986131536:java.util.concurrent.CompletableFuture@307a8b09[Not completed]
2022-02-15 23:30:47,240 [Listener at localhost/36451] INFO  om.OzoneManager (OzoneManager.java:initializeRatisServer(1834)) - OzoneManager Ratis server initialized at port 42205
2022-02-15 23:30:47,240 [Listener at localhost/36451] INFO  ratis.OzoneManagerRatisServer (OzoneManagerRatisServer.java:start(554)) - Starting OzoneManagerRatisServer omNode-2 at port 42205
2022-02-15 23:30:47,240 [pool-446-thread-1] INFO  server.RaftServer$Division (RaftServerImpl.java:<init>(184)) - omNode-2: new RaftServerImpl for group-523986131536:[omNode-3|rpc:localhost:40001|priority:0, omNode-1|rpc:localhost:37345|priority:0, omNode-2|rpc:localhost:42205|priority:0] with OzoneManagerStateMachine:uninitialized
2022-02-15 23:30:47,241 [pool-446-thread-1] INFO  server.RaftServerConfigKeys (ConfUtils.java:logGet(44)) - raft.server.rpc.timeout.min = 1s (custom)
2022-02-15 23:30:47,241 [pool-446-thread-1] INFO  server.RaftServerConfigKeys (ConfUtils.java:logGet(44)) - raft.server.rpc.timeout.max = 1200ms (custom)
2022-02-15 23:30:47,241 [pool-446-thread-1] INFO  server.RaftServerConfigKeys (ConfUtils.java:logGet(44)) - raft.server.rpc.sleep.time = 25ms (default)
2022-02-15 23:30:47,241 [pool-446-thread-1] INFO  server.RaftServerConfigKeys (ConfUtils.java:logGet(44)) - raft.server.rpc.slowness.timeout = 2s (custom)
2022-02-15 23:30:47,241 [pool-446-thread-1] INFO  server.RaftServerConfigKeys (ConfUtils.java:logGet(44)) - raft.server.leaderelection.leader.step-down.wait-time = 10s (default)
2022-02-15 23:30:47,241 [pool-446-thread-1] INFO  server.RaftServerConfigKeys (ConfUtils.java:logGet(44)) - raft.server.sleep.deviation.threshold = 300ms (default)
2022-02-15 23:30:47,241 [pool-446-thread-1] INFO  server.RaftServerConfigKeys (ConfUtils.java:logGet(44)) - raft.server.log.appender.install.snapshot.enabled = false (custom)
2022-02-15 23:30:47,241 [pool-446-thread-1] INFO  server.RaftServer$Division (ServerState.java:<init>(105)) - omNode-2@group-523986131536: ConfigurationManager, init=-1: [omNode-3|rpc:localhost:40001|priority:0, omNode-1|rpc:localhost:37345|priority:0, omNode-2|rpc:localhost:42205|priority:0], old=null, confs=<EMPTY_MAP>
2022-02-15 23:30:47,241 [pool-446-thread-1] INFO  server.RaftServerConfigKeys (ConfUtils.java:logGet(44)) - raft.server.storage.dir = [/home/runner/work/ozone/ozone/hadoop-ozone/integration-test/target/test-dir/MiniOzoneClusterImpl-527fe069-2b78-49eb-8835-8cb6d6ba75bf/omNode-2/ratis] (custom)
2022-02-15 23:30:47,242 [pool-446-thread-1] INFO  server.RaftServerConfigKeys (ConfUtils.java:logGet(44)) - raft.server.log.corruption.policy = EXCEPTION (default)
2022-02-15 23:30:47,242 [pool-446-thread-1] INFO  server.RaftServerConfigKeys (ConfUtils.java:logGet(44)) - raft.server.storage.free-space.min = 0MB (=0) (default)
2022-02-15 23:30:47,243 [pool-446-thread-1] INFO  storage.RaftStorageDirectory (RaftStorageDirectoryImpl.java:tryLock(230)) - Lock on /home/runner/work/ozone/ozone/hadoop-ozone/integration-test/target/test-dir/MiniOzoneClusterImpl-527fe069-2b78-49eb-8835-8cb6d6ba75bf/omNode-2/ratis/c9bc4cf4-3bc3-3c60-a66b-523986131536/in_use.lock acquired by nodename 1385@fv-az297-531
2022-02-15 23:30:47,243 [pool-446-thread-1] INFO  storage.RaftStorage (RaftStorageImpl.java:analyzeAndRecoverStorage(110)) - Read RaftStorageMetadata{term=7, votedFor=omNode-3} from /home/runner/work/ozone/ozone/hadoop-ozone/integration-test/target/test-dir/MiniOzoneClusterImpl-527fe069-2b78-49eb-8835-8cb6d6ba75bf/omNode-2/ratis/c9bc4cf4-3bc3-3c60-a66b-523986131536/current/raft-meta
2022-02-15 23:30:47,243 [pool-446-thread-1] INFO  server.RaftServer$Division (ServerState.java:setRaftConf(387)) - omNode-2@group-523986131536: set configuration 136: [omNode-3|rpc:localhost:40001|admin:|client:|dataStream:|priority:0, omNode-1|rpc:localhost:37345|admin:|client:|dataStream:|priority:0, omNode-2|rpc:localhost:42205|admin:|client:|dataStream:|priority:0], old=null
2022-02-15 23:30:47,243 [pool-446-thread-1] INFO  server.RaftServerConfigKeys (ConfUtils.java:logGet(44)) - raft.server.notification.no-leader.timeout = 2s (custom)
2022-02-15 23:30:47,243 [pool-446-thread-1] INFO  server.RaftServerConfigKeys (ConfUtils.java:logGet(44)) - raft.server.log.use.memory = false (default)
2022-02-15 23:30:47,244 [pool-446-thread-1] INFO  server.RaftServerConfigKeys (ConfUtils.java:logGet(44)) - raft.server.log.purge.gap = 50 (custom)
2022-02-15 23:30:47,244 [pool-446-thread-1] INFO  server.RaftServerConfigKeys (ConfUtils.java:logGet(44)) - raft.server.log.appender.buffer.byte-limit = 33554432 (custom)
2022-02-15 23:30:47,244 [pool-446-thread-1] INFO  server.RaftServerConfigKeys (ConfUtils.java:logGet(44)) - raft.server.log.segment.size.max = 4194304 (custom)
2022-02-15 23:30:47,244 [pool-446-thread-1] INFO  server.RaftServerConfigKeys (ConfUtils.java:logGet(44)) - raft.server.log.segment.cache.num.max = 2 (custom)
2022-02-15 23:30:47,244 [pool-446-thread-1] INFO  server.RaftServerConfigKeys (ConfUtils.java:logGet(44)) - raft.server.log.segment.cache.size.max = 200MB (=209715200) (default)
2022-02-15 23:30:47,244 [pool-446-thread-1] INFO  segmented.SegmentedRaftLogWorker (SegmentedRaftLogWorker.java:<init>(182)) - new omNode-2@group-523986131536-SegmentedRaftLogWorker for RaftStorageImpl:Storage Directory /home/runner/work/ozone/ozone/hadoop-ozone/integration-test/target/test-dir/MiniOzoneClusterImpl-527fe069-2b78-49eb-8835-8cb6d6ba75bf/omNode-2/ratis/c9bc4cf4-3bc3-3c60-a66b-523986131536
2022-02-15 23:30:47,244 [pool-446-thread-1] INFO  server.RaftServerConfigKeys (ConfUtils.java:logGet(44)) - raft.server.log.queue.byte-limit = 64MB (=67108864) (default)
2022-02-15 23:30:47,244 [pool-446-thread-1] INFO  server.RaftServerConfigKeys (ConfUtils.java:logGet(44)) - raft.server.log.queue.element-limit = 4096 (default)
2022-02-15 23:30:47,245 [pool-446-thread-1] INFO  server.RaftServerConfigKeys (ConfUtils.java:logGet(44)) - raft.server.log.segment.size.max = 4194304 (custom)
2022-02-15 23:30:47,245 [pool-446-thread-1] INFO  server.RaftServerConfigKeys (ConfUtils.java:logGet(44)) - raft.server.log.preallocated.size = 4194304 (custom)
2022-02-15 23:30:47,245 [pool-446-thread-1] INFO  server.RaftServerConfigKeys (ConfUtils.java:logGet(44)) - raft.server.log.force.sync.num = 128 (default)
2022-02-15 23:30:47,245 [pool-446-thread-1] INFO  server.RaftServerConfigKeys (ConfUtils.java:logGet(44)) - raft.server.log.statemachine.data.sync = true (default)
2022-02-15 23:30:47,245 [pool-446-thread-1] INFO  server.RaftServerConfigKeys (ConfUtils.java:logGet(44)) - raft.server.log.statemachine.data.sync.timeout = 10s (default)
2022-02-15 23:30:47,245 [pool-446-thread-1] INFO  server.RaftServerConfigKeys (ConfUtils.java:logGet(44)) - raft.server.log.statemachine.data.sync.timeout.retry = -1 (default)
2022-02-15 23:30:47,246 [pool-446-thread-1] INFO  server.RaftServerConfigKeys (ConfUtils.java:logGet(44)) - raft.server.log.write.buffer.size = 64KB (=65536) (default)
2022-02-15 23:30:47,246 [pool-446-thread-1] INFO  server.RaftServerConfigKeys (ConfUtils.java:logGet(44)) - raft.server.log.statemachine.data.caching.enabled = false (default)
2022-02-15 23:30:47,246 [pool-446-thread-1] INFO  server.RaftServer$Division (ServerState.java:setRaftConf(387)) - omNode-2@group-523986131536: set configuration 134: [omNode-3|rpc:localhost:40001|admin:|client:|dataStream:|priority:0, omNode-1|rpc:localhost:37345|admin:|client:|dataStream:|priority:0, omNode-2|rpc:localhost:42205|admin:|client:|dataStream:|priority:0], old=null
2022-02-15 23:30:47,247 [pool-446-thread-1] INFO  segmented.LogSegment (LogSegment.java:loadSegment(173)) - Successfully read 2 entries from segment file /home/runner/work/ozone/ozone/hadoop-ozone/integration-test/target/test-dir/MiniOzoneClusterImpl-527fe069-2b78-49eb-8835-8cb6d6ba75bf/omNode-2/ratis/c9bc4cf4-3bc3-3c60-a66b-523986131536/current/log_134-135
2022-02-15 23:30:47,247 [pool-446-thread-1] INFO  server.RaftServer$Division (ServerState.java:setRaftConf(387)) - omNode-2@group-523986131536: set configuration 136: [omNode-3|rpc:localhost:40001|admin:|client:|dataStream:|priority:0, omNode-1|rpc:localhost:37345|admin:|client:|dataStream:|priority:0, omNode-2|rpc:localhost:42205|admin:|client:|dataStream:|priority:0], old=null
2022-02-15 23:30:47,247 [pool-446-thread-1] INFO  segmented.LogSegment (LogSegment.java:loadSegment(173)) - Successfully read 2 entries from segment file /home/runner/work/ozone/ozone/hadoop-ozone/integration-test/target/test-dir/MiniOzoneClusterImpl-527fe069-2b78-49eb-8835-8cb6d6ba75bf/omNode-2/ratis/c9bc4cf4-3bc3-3c60-a66b-523986131536/current/log_inprogress_136
2022-02-15 23:30:47,247 [pool-446-thread-1] INFO  segmented.SegmentedRaftLogWorker (SegmentedRaftLogWorker.java:lambda$new$0(133)) - omNode-2@group-523986131536-SegmentedRaftLogWorker: flushIndex: setUnconditionally 0 -> 137
2022-02-15 23:30:47,247 [pool-446-thread-1] INFO  segmented.SegmentedRaftLogWorker (SegmentedRaftLogWorker.java:lambda$new$0(133)) - omNode-2@group-523986131536-SegmentedRaftLogWorker: safeCacheEvictIndex: setUnconditionally 0 -> 135
2022-02-15 23:30:47,247 [pool-446-thread-1] INFO  raftlog.RaftLog (RaftLogBase.java:lambda$new$0(53)) - omNode-2@group-523986131536-SegmentedRaftLog: commitIndex: updateToMax old=137, new=136, updated? false
2022-02-15 23:30:47,247 [pool-446-thread-1] INFO  raftlog.RaftLog (RaftLogBase.java:lambda$new$0(53)) - omNode-2@group-523986131536-SegmentedRaftLog: purgeIndex: updateIncreasingly -1 -> 133
2022-02-15 23:30:47,248 [pool-446-thread-1] INFO  server.RaftServerConfigKeys (ConfUtils.java:logGet(44)) - raft.server.snapshot.auto.trigger.enabled = true (custom)
2022-02-15 23:30:47,248 [pool-446-thread-1] INFO  server.RaftServerConfigKeys (ConfUtils.java:logGet(44)) - raft.server.snapshot.auto.trigger.threshold = 50 (custom)
2022-02-15 23:30:47,248 [pool-446-thread-1] INFO  server.RaftServerConfigKeys (ConfUtils.java:logGet(44)) - raft.server.snapshot.retention.file.num = -1 (default)
2022-02-15 23:30:47,248 [pool-446-thread-1] INFO  server.RaftServerConfigKeys (ConfUtils.java:logGet(44)) - raft.server.log.purge.upto.snapshot.index = true (custom)
2022-02-15 23:30:47,248 [pool-446-thread-1] INFO  server.RaftServerConfigKeys (ConfUtils.java:logGet(44)) - raft.server.retrycache.expirytime = 30000ms (custom)
2022-02-15 23:30:47,248 [pool-446-thread-1] INFO  server.RaftServerConfigKeys (ConfUtils.java:logGet(44)) - raft.server.retrycache.statistics.expirytime = 100μs (default)
2022-02-15 23:30:47,249 [Listener at localhost/36451] INFO  server.RaftServer$Division (RaftServerImpl.java:start(301)) - omNode-2@group-523986131536: start as a follower, conf=136: [omNode-3|rpc:localhost:40001|admin:|client:|dataStream:|priority:0, omNode-1|rpc:localhost:37345|admin:|client:|dataStream:|priority:0, omNode-2|rpc:localhost:42205|admin:|client:|dataStream:|priority:0], old=null
2022-02-15 23:30:47,249 [Listener at localhost/36451] INFO  server.RaftServer$Division (RaftServerImpl.java:setRole(290)) - omNode-2@group-523986131536: changes role from      null to FOLLOWER at term 7 for startAsFollower
2022-02-15 23:30:47,249 [Listener at localhost/36451] INFO  impl.RoleInfo (RoleInfo.java:updateAndGet(130)) - omNode-2: start omNode-2@group-523986131536-FollowerState
2022-02-15 23:30:47,251 [Listener at localhost/36451] INFO  util.JmxRegister (JmxRegister.java:tryRegister(44)) - Successfully registered JMX Bean with object name Ratis:service=RaftServer,group=group-523986131536,id=omNode-2
2022-02-15 23:30:47,252 [Listener at localhost/36451] INFO  server.RaftServer (RaftServerProxy.java:lambda$start$5(374)) - omNode-2: start RPC server
2022-02-15 23:30:47,253 [Listener at localhost/36451] INFO  server.GrpcService (GrpcService.java:startImpl(253)) - omNode-2: GrpcService started, listening on 42205
2022-02-15 23:30:47,253 [Listener at localhost/36451] INFO  ipc.CallQueueManager (CallQueueManager.java:<init>(90)) - Using callQueue: class java.util.concurrent.LinkedBlockingQueue, queueCapacity: 2000, scheduler: class org.apache.hadoop.ipc.DefaultRpcScheduler, ipcBackoff: false.
2022-02-15 23:30:47,254 [org.apache.ratis.util.JvmPauseMonitor$$Lambda$422/911895107@10136783] INFO  util.JvmPauseMonitor (JvmPauseMonitor.java:run(103)) - JvmPauseMonitor-omNode-2: Started
2022-02-15 23:30:47,254 [Socket Reader #1 for port 44461] INFO  ipc.Server (Server.java:run(1265)) - Starting Socket Reader #1 for port 44461
2022-02-15 23:30:47,258 [Listener at localhost/44461] INFO  http.BaseHttpServer (BaseHttpServer.java:newHttpServer2BuilderForOzone(209)) - Starting Web-server for ozoneManager at: http://0.0.0.0:37991
2022-02-15 23:30:47,258 [Listener at localhost/44461] INFO  http.BaseHttpServer (BaseHttpServer.java:<init>(107)) - Hadoop Security Enabled: false Ozone Security Enabled: false Ozone HTTP Security Enabled: false 
2022-02-15 23:30:47,259 [Listener at localhost/44461] INFO  server.AuthenticationFilter (AuthenticationFilter.java:constructSecretProvider(240)) - Unable to initialize FileSignerSecretProvider, falling back to use random secrets.
2022-02-15 23:30:47,262 [Listener at localhost/44461] WARN  http.HttpRequestLog (HttpRequestLog.java:getRequestLog(103)) - Jetty request log can only be enabled using Log4j
2022-02-15 23:30:47,263 [Listener at localhost/44461] INFO  http.HttpServer2 (HttpServer2.java:addGlobalFilter(1030)) - Added global filter 'safety' (class=org.apache.hadoop.hdds.server.http.HttpServer2$QuotingInputFilter)
2022-02-15 23:30:47,263 [Listener at localhost/44461] INFO  http.HttpServer2 (HttpServer2.java:addFilter(1006)) - Added filter static_user_filter (class=org.apache.hadoop.http.lib.StaticUserWebFilter$StaticUserFilter) to context ozoneManager
2022-02-15 23:30:47,263 [Listener at localhost/44461] INFO  http.HttpServer2 (HttpServer2.java:addFilter(1014)) - Added filter static_user_filter (class=org.apache.hadoop.http.lib.StaticUserWebFilter$StaticUserFilter) to context static
2022-02-15 23:30:47,264 [Listener at localhost/44461] INFO  http.HttpServer2 (HttpServer2.java:addFilter(1014)) - Added filter static_user_filter (class=org.apache.hadoop.http.lib.StaticUserWebFilter$StaticUserFilter) to context logs
2022-02-15 23:30:47,264 [Listener at localhost/44461] INFO  http.HttpServer2 (HttpServer2.java:bindListener(1249)) - Jetty bound to port 37991
2022-02-15 23:30:47,264 [Listener at localhost/44461] INFO  server.Server (Server.java:doStart(375)) - jetty-9.4.43.v20210629; built: 2021-06-30T11:07:22.254Z; git: 526006ecfa3af7f1a27ef3a288e2bef7ea9dd7e8; jvm 1.8.0_312-b07
2022-02-15 23:30:47,265 [Listener at localhost/44461] INFO  server.session (DefaultSessionIdManager.java:doStart(334)) - DefaultSessionIdManager workerName=node0
2022-02-15 23:30:47,266 [Listener at localhost/44461] INFO  server.session (DefaultSessionIdManager.java:doStart(339)) - No SessionScavenger set, using defaults
2022-02-15 23:30:47,266 [Listener at localhost/44461] INFO  server.session (HouseKeeper.java:startScavenging(132)) - node0 Scavenging every 660000ms
2022-02-15 23:30:47,267 [Listener at localhost/44461] INFO  handler.ContextHandler (ContextHandler.java:doStart(915)) - Started o.e.j.s.ServletContextHandler@2e7c00e1{logs,/logs,file:///home/runner/work/ozone/ozone/hadoop-ozone/integration-test/target/log,AVAILABLE}
2022-02-15 23:30:47,267 [Listener at localhost/44461] INFO  handler.ContextHandler (ContextHandler.java:doStart(915)) - Started o.e.j.s.ServletContextHandler@780e532{static,/static,file:///home/runner/work/ozone/ozone/hadoop-ozone/integration-test/target/test-classes/webapps/static,AVAILABLE}
2022-02-15 23:30:47,270 [Listener at localhost/44461] INFO  handler.ContextHandler (ContextHandler.java:doStart(915)) - Started o.e.j.w.WebAppContext@6182e77c{ozoneManager,/,file:///home/runner/work/ozone/ozone/hadoop-ozone/integration-test/target/test-classes/webapps/ozoneManager/,AVAILABLE}{file:/home/runner/work/ozone/ozone/hadoop-ozone/integration-test/target/test-classes/webapps/ozoneManager}
2022-02-15 23:30:47,271 [Listener at localhost/44461] INFO  server.AbstractConnector (AbstractConnector.java:doStart(331)) - Started ServerConnector@57069a88{HTTP/1.1, (http/1.1)}{0.0.0.0:37991}
2022-02-15 23:30:47,272 [Listener at localhost/44461] INFO  server.Server (Server.java:doStart(415)) - Started @68492ms
2022-02-15 23:30:47,272 [Listener at localhost/44461] WARN  impl.MetricsSystemImpl (MetricsSystemImpl.java:register(279)) - Sink prometheus already exists!
2022-02-15 23:30:47,272 [Listener at localhost/44461] INFO  http.BaseHttpServer (BaseHttpServer.java:updateConnectorAddress(329)) - HTTP server of ozoneManager listening at http://0.0.0.0:37991
2022-02-15 23:30:47,275 [IPC Server Responder] INFO  ipc.Server (Server.java:run(1507)) - IPC Server Responder: starting
2022-02-15 23:30:47,276 [IPC Server listener on 44461] INFO  ipc.Server (Server.java:run(1344)) - IPC Server listener on 44461: starting
2022-02-15 23:30:47,278 [Listener at localhost/44461] INFO  om.OzoneManager (OzoneManager.java:startTrashEmptier(1792)) - Trash Interval set to 0. Files deleted will not move to trash
2022-02-15 23:30:47,281 [org.apache.hadoop.util.JvmPauseMonitor$Monitor@3a5cc856] INFO  util.JvmPauseMonitor (JvmPauseMonitor.java:run(188)) - Starting JVM pause monitor
]]></system-out>
  </testcase>
  <testcase name="testPrepareWithRestart" classname="org.apache.hadoop.ozone.om.TestOzoneManagerPrepare" time="61.936"/>
</testsuite>