<?xml version="1.0" encoding="UTF-8"?>
<testsuite xmlns:xsi="http://www.w3.org/2001/XMLSchema-instance" xsi:noNamespaceSchemaLocation="https://maven.apache.org/surefire/maven-surefire-plugin/xsd/surefire-test-report-3.0.xsd" version="3.0" name="org.apache.hadoop.ozone.client.rpc.TestBlockOutputStreamFlushDelay" time="32.311" tests="6" errors="0" skipped="0" failures="1">
  <properties>
    <property name="awt.toolkit" value="sun.awt.X11.XToolkit"/>
    <property name="file.encoding.pkg" value="sun.io"/>
    <property name="java.specification.version" value="1.8"/>
    <property name="sun.cpu.isalist" value=""/>
    <property name="sun.jnu.encoding" value="UTF-8"/>
    <property name="java.class.path" value="/home/runner/work/ozone/ozone/hadoop-ozone/integration-test/target/test-classes:/home/runner/work/ozone/ozone/hadoop-ozone/integration-test/target/classes:/home/runner/.m2/repository/org/apache/ozone/ozone-common/1.4.0-SNAPSHOT/ozone-common-1.4.0-SNAPSHOT.jar:/home/runner/.m2/repository/io/grpc/grpc-netty/1.51.1/grpc-netty-1.51.1.jar:/home/runner/.m2/repository/io/grpc/grpc-core/1.51.1/grpc-core-1.51.1.jar:/home/runner/.m2/repository/com/google/android/annotations/4.1.1.4/annotations-4.1.1.4.jar:/home/runner/.m2/repository/org/codehaus/mojo/animal-sniffer-annotations/1.21/animal-sniffer-annotations-1.21.jar:/home/runner/.m2/repository/com/google/errorprone/error_prone_annotations/2.2.0/error_prone_annotations-2.2.0.jar:/home/runner/.m2/repository/io/perfmark/perfmark-api/0.25.0/perfmark-api-0.25.0.jar:/home/runner/.m2/repository/io/netty/netty-codec-http2/4.1.86.Final/netty-codec-http2-4.1.86.Final.jar:/home/runner/.m2/repository/io/netty/netty-common/4.1.86.Final/netty-common-4.1.86.Final.jar:/home/runner/.m2/repository/io/netty/netty-buffer/4.1.86.Final/netty-buffer-4.1.86.Final.jar:/home/runner/.m2/repository/io/netty/netty-codec-http/4.1.86.Final/netty-codec-http-4.1.86.Final.jar:/home/runner/.m2/repository/io/netty/netty-handler-proxy/4.1.86.Final/netty-handler-proxy-4.1.86.Final.jar:/home/runner/.m2/repository/io/netty/netty-codec-socks/4.1.86.Final/netty-codec-socks-4.1.86.Final.jar:/home/runner/.m2/repository/io/netty/netty-tcnative-boringssl-static/2.0.54.Final/netty-tcnative-boringssl-static-2.0.54.Final.jar:/home/runner/.m2/repository/io/netty/netty-tcnative-classes/2.0.54.Final/netty-tcnative-classes-2.0.54.Final.jar:/home/runner/.m2/repository/io/netty/netty-tcnative-boringssl-static/2.0.54.Final/netty-tcnative-boringssl-static-2.0.54.Final-linux-x86_64.jar:/home/runner/.m2/repository/io/netty/netty-tcnative-boringssl-static/2.0.54.Final/netty-tcnative-boringssl-static-2.0.54.Final-linux-aarch_64.jar:/home/runner/.m2/repository/io/netty/netty-tcnative-boringssl-static/2.0.54.Final/netty-tcnative-boringssl-static-2.0.54.Final-osx-x86_64.jar:/home/runner/.m2/repository/io/netty/netty-tcnative-boringssl-static/2.0.54.Final/netty-tcnative-boringssl-static-2.0.54.Final-osx-aarch_64.jar:/home/runner/.m2/repository/io/netty/netty-tcnative-boringssl-static/2.0.54.Final/netty-tcnative-boringssl-static-2.0.54.Final-windows-x86_64.jar:/home/runner/.m2/repository/org/apache/commons/commons-compress/1.21/commons-compress-1.21.jar:/home/runner/.m2/repository/org/apache/ozone/hdds-common/1.4.0-SNAPSHOT/hdds-common-1.4.0-SNAPSHOT.jar:/home/runner/.m2/repository/org/apache/ozone/hdds-client/1.4.0-SNAPSHOT/hdds-client-1.4.0-SNAPSHOT.jar:/home/runner/.m2/repository/org/apache/ozone/ozone-interface-client/1.4.0-SNAPSHOT/ozone-interface-client-1.4.0-SNAPSHOT.jar:/home/runner/.m2/repository/org/apache/ozone/hdds-test-utils/1.4.0-SNAPSHOT/hdds-test-utils-1.4.0-SNAPSHOT.jar:/home/runner/.m2/repository/com/google/guava/guava/31.1-jre/guava-31.1-jre.jar:/home/runner/.m2/repository/com/google/guava/failureaccess/1.0.1/failureaccess-1.0.1.jar:/home/runner/.m2/repository/com/google/guava/listenablefuture/9999.0-empty-to-avoid-conflict-with-guava/listenablefuture-9999.0-empty-to-avoid-conflict-with-guava.jar:/home/runner/.m2/repository/com/google/code/findbugs/jsr305/3.0.0/jsr305-3.0.0.jar:/home/runner/.m2/repository/org/checkerframework/checker-qual/3.12.0/checker-qual-3.12.0.jar:/home/runner/.m2/repository/com/google/j2objc/j2objc-annotations/1.3/j2objc-annotations-1.3.jar:/home/runner/.m2/repository/commons-io/commons-io/2.11.0/commons-io-2.11.0.jar:/home/runner/.m2/repository/commons-logging/commons-logging/1.2/commons-logging-1.2.jar:/home/runner/.m2/repository/ch/qos/reload4j/reload4j/1.2.22/reload4j-1.2.22.jar:/home/runner/.m2/repository/org/slf4j/slf4j-api/1.7.36/slf4j-api-1.7.36.jar:/home/runner/.m2/repository/org/apache/ozone/hdds-server-scm/1.4.0-SNAPSHOT/hdds-server-scm-1.4.0-SNAPSHOT.jar:/home/runner/.m2/repository/org/apache/ozone/hdds-container-service/1.4.0-SNAPSHOT/hdds-container-service-1.4.0-SNAPSHOT.jar:/home/runner/.m2/repository/org/apache/ozone/hdds-hadoop-dependency-server/1.4.0-SNAPSHOT/hdds-hadoop-dependency-server-1.4.0-SNAPSHOT.jar:/home/runner/.m2/repository/org/apache/hadoop/hadoop-hdfs/3.3.4/hadoop-hdfs-3.3.4.jar:/home/runner/.m2/repository/org/eclipse/jetty/jetty-util-ajax/9.4.49.v20220914/jetty-util-ajax-9.4.49.v20220914.jar:/home/runner/.m2/repository/commons-daemon/commons-daemon/1.0.13/commons-daemon-1.0.13.jar:/home/runner/.m2/repository/org/apache/ozone/hdds-server-framework/1.4.0-SNAPSHOT/hdds-server-framework-1.4.0-SNAPSHOT.jar:/home/runner/.m2/repository/org/apache/ozone/hdds-interface-server/1.4.0-SNAPSHOT/hdds-interface-server-1.4.0-SNAPSHOT.jar:/home/runner/.m2/repository/org/apache/commons/commons-configuration2/2.1.1/commons-configuration2-2.1.1.jar:/home/runner/.m2/repository/org/apache/logging/log4j/log4j-core/2.17.1/log4j-core-2.17.1.jar:/home/runner/.m2/repository/com/lmax/disruptor/3.4.2/disruptor-3.4.2.jar:/home/runner/.m2/repository/org/eclipse/jetty/jetty-servlet/9.4.49.v20220914/jetty-servlet-9.4.49.v20220914.jar:/home/runner/.m2/repository/org/eclipse/jetty/jetty-security/9.4.49.v20220914/jetty-security-9.4.49.v20220914.jar:/home/runner/.m2/repository/org/rocksdb/rocksdbjni/7.7.3/rocksdbjni-7.7.3.jar:/home/runner/.m2/repository/io/prometheus/simpleclient_dropwizard/0.7.0/simpleclient_dropwizard-0.7.0.jar:/home/runner/.m2/repository/io/prometheus/simpleclient/0.7.0/simpleclient-0.7.0.jar:/home/runner/.m2/repository/io/prometheus/simpleclient_common/0.7.0/simpleclient_common-0.7.0.jar:/home/runner/.m2/repository/com/github/spotbugs/spotbugs-annotations/3.1.12/spotbugs-annotations-3.1.12.jar:/home/runner/.m2/repository/io/dropwizard/metrics/metrics-core/3.2.4/metrics-core-3.2.4.jar:/home/runner/.m2/repository/org/apache/commons/commons-text/1.4/commons-text-1.4.jar:/home/runner/.m2/repository/org/apache/hadoop/hadoop-hdfs-client/3.3.4/hadoop-hdfs-client-3.3.4.jar:/home/runner/.m2/repository/com/squareup/okhttp3/okhttp/4.9.3/okhttp-4.9.3.jar:/home/runner/.m2/repository/com/squareup/okio/okio/2.8.0/okio-2.8.0.jar:/home/runner/.m2/repository/org/jetbrains/kotlin/kotlin-stdlib-common/1.6.21/kotlin-stdlib-common-1.6.21.jar:/home/runner/.m2/repository/org/bouncycastle/bcprov-jdk15on/1.67/bcprov-jdk15on-1.67.jar:/home/runner/.m2/repository/com/google/protobuf/protobuf-java/2.5.0/protobuf-java-2.5.0.jar:/home/runner/.m2/repository/org/apache/ozone/ozone-manager/1.4.0-SNAPSHOT/ozone-manager-1.4.0-SNAPSHOT.jar:/home/runner/.m2/repository/org/aspectj/aspectjrt/1.9.7/aspectjrt-1.9.7.jar:/home/runner/.m2/repository/org/aspectj/aspectjweaver/1.9.7/aspectjweaver-1.9.7.jar:/home/runner/.m2/repository/org/apache/ozone/hdds-interface-client/1.4.0-SNAPSHOT/hdds-interface-client-1.4.0-SNAPSHOT.jar:/home/runner/.m2/repository/org/apache/hadoop/thirdparty/hadoop-shaded-protobuf_3_7/1.1.1/hadoop-shaded-protobuf_3_7-1.1.1.jar:/home/runner/.m2/repository/org/apache/ratis/ratis-thirdparty-misc/1.0.3/ratis-thirdparty-misc-1.0.3.jar:/home/runner/.m2/repository/org/apache/ozone/ozone-interface-storage/1.4.0-SNAPSHOT/ozone-interface-storage-1.4.0-SNAPSHOT.jar:/home/runner/.m2/repository/org/reflections/reflections/0.9.11/reflections-0.9.11.jar:/home/runner/.m2/repository/com/sun/jersey/jersey-client/1.19/jersey-client-1.19.jar:/home/runner/.m2/repository/org/apache/ranger/ranger-intg/2.3.0/ranger-intg-2.3.0.jar:/home/runner/.m2/repository/org/apache/ranger/ranger-plugins-common/2.3.0/ranger-plugins-common-2.3.0.jar:/home/runner/.m2/repository/commons-lang/commons-lang/2.6/commons-lang-2.6.jar:/home/runner/.m2/repository/org/codehaus/jackson/jackson-jaxrs/1.9.13/jackson-jaxrs-1.9.13.jar:/home/runner/.m2/repository/org/apache/ranger/ranger-plugins-cred/2.3.0/ranger-plugins-cred-2.3.0.jar:/home/runner/.m2/repository/org/apache/ranger/ranger-plugins-audit/2.3.0/ranger-plugins-audit-2.3.0.jar:/home/runner/.m2/repository/org/eclipse/jetty/jetty-client/9.4.49.v20220914/jetty-client-9.4.49.v20220914.jar:/home/runner/.m2/repository/org/apache/httpcomponents/httpmime/4.5.6/httpmime-4.5.6.jar:/home/runner/.m2/repository/org/apache/httpcomponents/httpcore-nio/4.4.6/httpcore-nio-4.4.6.jar:/home/runner/.m2/repository/org/apache/httpcomponents/httpasyncclient/4.1.3/httpasyncclient-4.1.3.jar:/home/runner/.m2/repository/com/carrotsearch/hppc/0.8.0/hppc-0.8.0.jar:/home/runner/.m2/repository/org/apache/orc/orc-core/1.5.8/orc-core-1.5.8.jar:/home/runner/.m2/repository/net/java/dev/jna/jna/5.2.0/jna-5.2.0.jar:/home/runner/.m2/repository/net/java/dev/jna/jna-platform/5.2.0/jna-platform-5.2.0.jar:/home/runner/.m2/repository/com/kstruct/gethostname4j/0.0.2/gethostname4j-0.0.2.jar:/home/runner/.m2/repository/org/apache/ranger/ranger-plugin-classloader/2.3.0/ranger-plugin-classloader-2.3.0.jar:/home/runner/.m2/repository/org/apache/hadoop/hadoop-minikdc/3.3.4/hadoop-minikdc-3.3.4.jar:/home/runner/.m2/repository/org/apache/kerby/kerb-simplekdc/1.0.1/kerb-simplekdc-1.0.1.jar:/home/runner/.m2/repository/org/apache/kerby/kerb-client/1.0.1/kerb-client-1.0.1.jar:/home/runner/.m2/repository/org/apache/kerby/kerby-config/1.0.1/kerby-config-1.0.1.jar:/home/runner/.m2/repository/org/apache/kerby/kerb-common/1.0.1/kerb-common-1.0.1.jar:/home/runner/.m2/repository/org/apache/kerby/kerb-crypto/1.0.1/kerb-crypto-1.0.1.jar:/home/runner/.m2/repository/org/apache/kerby/kerb-util/1.0.1/kerb-util-1.0.1.jar:/home/runner/.m2/repository/org/apache/kerby/token-provider/1.0.1/token-provider-1.0.1.jar:/home/runner/.m2/repository/org/apache/kerby/kerb-admin/1.0.1/kerb-admin-1.0.1.jar:/home/runner/.m2/repository/org/apache/kerby/kerb-server/1.0.1/kerb-server-1.0.1.jar:/home/runner/.m2/repository/org/apache/kerby/kerb-identity/1.0.1/kerb-identity-1.0.1.jar:/home/runner/.m2/repository/org/apache/kerby/kerby-xdr/1.0.1/kerby-xdr-1.0.1.jar:/home/runner/.m2/repository/org/apache/ozone/ozone-s3gateway/1.4.0-SNAPSHOT/ozone-s3gateway-1.4.0-SNAPSHOT.jar:/home/runner/.m2/repository/org/javassist/javassist/3.21.0-GA/javassist-3.21.0-GA.jar:/home/runner/.m2/repository/org/jboss/weld/servlet/weld-servlet/2.4.7.Final/weld-servlet-2.4.7.Final.jar:/home/runner/.m2/repository/org/glassfish/jersey/containers/jersey-container-servlet-core/2.34/jersey-container-servlet-core-2.34.jar:/home/runner/.m2/repository/org/glassfish/hk2/external/jakarta.inject/2.6.1/jakarta.inject-2.6.1.jar:/home/runner/.m2/repository/org/glassfish/jersey/core/jersey-common/2.34/jersey-common-2.34.jar:/home/runner/.m2/repository/jakarta/ws/rs/jakarta.ws.rs-api/2.1.6/jakarta.ws.rs-api-2.1.6.jar:/home/runner/.m2/repository/org/glassfish/jersey/ext/cdi/jersey-cdi1x/2.34/jersey-cdi1x-2.34.jar:/home/runner/.m2/repository/org/glassfish/jersey/inject/jersey-hk2/2.34/jersey-hk2-2.34.jar:/home/runner/.m2/repository/org/glassfish/hk2/hk2-locator/2.6.1/hk2-locator-2.6.1.jar:/home/runner/.m2/repository/org/glassfish/jersey/media/jersey-media-jaxb/2.34/jersey-media-jaxb-2.34.jar:/home/runner/.m2/repository/org/glassfish/hk2/osgi-resource-locator/1.0.3/osgi-resource-locator-1.0.3.jar:/home/runner/.m2/repository/org/glassfish/hk2/hk2-api/2.5.0/hk2-api-2.5.0.jar:/home/runner/.m2/repository/org/glassfish/hk2/hk2-utils/2.5.0/hk2-utils-2.5.0.jar:/home/runner/.m2/repository/org/glassfish/hk2/external/aopalliance-repackaged/2.5.0/aopalliance-repackaged-2.5.0.jar:/home/runner/.m2/repository/com/fasterxml/jackson/dataformat/jackson-dataformat-xml/2.13.4/jackson-dataformat-xml-2.13.4.jar:/home/runner/.m2/repository/com/fasterxml/jackson/core/jackson-core/2.13.4/jackson-core-2.13.4.jar:/home/runner/.m2/repository/org/codehaus/woodstox/stax2-api/4.2.1/stax2-api-4.2.1.jar:/home/runner/.m2/repository/com/fasterxml/woodstox/woodstox-core/5.4.0/woodstox-core-5.4.0.jar:/home/runner/.m2/repository/com/fasterxml/jackson/module/jackson-module-jaxb-annotations/2.13.4/jackson-module-jaxb-annotations-2.13.4.jar:/home/runner/.m2/repository/jakarta/xml/bind/jakarta.xml.bind-api/2.3.3/jakarta.xml.bind-api-2.3.3.jar:/home/runner/.m2/repository/jakarta/activation/jakarta.activation-api/1.2.2/jakarta.activation-api-1.2.2.jar:/home/runner/.m2/repository/javax/enterprise/cdi-api/1.2/cdi-api-1.2.jar:/home/runner/.m2/repository/javax/el/javax.el-api/3.0.0/javax.el-api-3.0.0.jar:/home/runner/.m2/repository/javax/interceptor/javax.interceptor-api/1.2/javax.interceptor-api-1.2.jar:/home/runner/.m2/repository/javax/inject/javax.inject/1/javax.inject-1.jar:/home/runner/.m2/repository/javax/xml/bind/jaxb-api/2.3.0/jaxb-api-2.3.0.jar:/home/runner/.m2/repository/org/glassfish/jaxb/jaxb-runtime/2.3.0.1/jaxb-runtime-2.3.0.1.jar:/home/runner/.m2/repository/org/glassfish/jaxb/jaxb-core/2.3.0.1/jaxb-core-2.3.0.1.jar:/home/runner/.m2/repository/org/glassfish/jaxb/txw2/2.3.0.1/txw2-2.3.0.1.jar:/home/runner/.m2/repository/com/sun/istack/istack-commons-runtime/3.0.5/istack-commons-runtime-3.0.5.jar:/home/runner/.m2/repository/org/jvnet/staxex/stax-ex/1.7.8/stax-ex-1.7.8.jar:/home/runner/.m2/repository/com/sun/xml/fastinfoset/FastInfoset/1.2.13/FastInfoset-1.2.13.jar:/home/runner/.m2/repository/javax/activation/activation/1.1.1/activation-1.1.1.jar:/home/runner/.m2/repository/io/grpc/grpc-protobuf/1.51.1/grpc-protobuf-1.51.1.jar:/home/runner/.m2/repository/io/grpc/grpc-api/1.51.1/grpc-api-1.51.1.jar:/home/runner/.m2/repository/io/grpc/grpc-context/1.51.1/grpc-context-1.51.1.jar:/home/runner/.m2/repository/com/google/api/grpc/proto-google-common-protos/2.9.0/proto-google-common-protos-2.9.0.jar:/home/runner/.m2/repository/io/grpc/grpc-protobuf-lite/1.51.1/grpc-protobuf-lite-1.51.1.jar:/home/runner/.m2/repository/io/grpc/grpc-stub/1.51.1/grpc-stub-1.51.1.jar:/home/runner/.m2/repository/io/netty/netty-transport/4.1.86.Final/netty-transport-4.1.86.Final.jar:/home/runner/.m2/repository/io/netty/netty-resolver/4.1.86.Final/netty-resolver-4.1.86.Final.jar:/home/runner/.m2/repository/org/apache/ozone/ozone-csi/1.4.0-SNAPSHOT/ozone-csi-1.4.0-SNAPSHOT.jar:/home/runner/.m2/repository/com/google/protobuf/protobuf-java-util/3.19.6/protobuf-java-util-3.19.6.jar:/home/runner/.m2/repository/com/google/code/gson/gson/2.9.0/gson-2.9.0.jar:/home/runner/.m2/repository/org/apache/ozone/hdds-config/1.4.0-SNAPSHOT/hdds-config-1.4.0-SNAPSHOT.jar:/home/runner/.m2/repository/io/netty/netty-transport-native-epoll/4.1.86.Final/netty-transport-native-epoll-4.1.86.Final-linux-x86_64.jar:/home/runner/.m2/repository/io/netty/netty-transport-classes-epoll/4.1.86.Final/netty-transport-classes-epoll-4.1.86.Final.jar:/home/runner/.m2/repository/io/netty/netty-transport-native-unix-common/4.1.86.Final/netty-transport-native-unix-common-4.1.86.Final.jar:/home/runner/.m2/repository/org/slf4j/slf4j-reload4j/1.7.36/slf4j-reload4j-1.7.36.jar:/home/runner/.m2/repository/org/apache/ozone/ozone-recon/1.4.0-SNAPSHOT/ozone-recon-1.4.0-SNAPSHOT.jar:/home/runner/.m2/repository/org/apache/ozone/ozone-reconcodegen/1.4.0-SNAPSHOT/ozone-reconcodegen-1.4.0-SNAPSHOT.jar:/home/runner/.m2/repository/com/google/inject/extensions/guice-multibindings/4.0/guice-multibindings-4.0.jar:/home/runner/.m2/repository/com/google/inject/guice/4.0/guice-4.0.jar:/home/runner/.m2/repository/aopalliance/aopalliance/1.0/aopalliance-1.0.jar:/home/runner/.m2/repository/com/google/inject/extensions/guice-assistedinject/4.0/guice-assistedinject-4.0.jar:/home/runner/.m2/repository/com/google/inject/extensions/guice-servlet/4.0/guice-servlet-4.0.jar:/home/runner/.m2/repository/org/glassfish/jersey/containers/jersey-container-servlet/2.34/jersey-container-servlet-2.34.jar:/home/runner/.m2/repository/org/glassfish/hk2/guice-bridge/2.5.0/guice-bridge-2.5.0.jar:/home/runner/.m2/repository/org/glassfish/jersey/core/jersey-server/2.34/jersey-server-2.34.jar:/home/runner/.m2/repository/org/glassfish/jersey/core/jersey-client/2.34/jersey-client-2.34.jar:/home/runner/.m2/repository/jakarta/annotation/jakarta.annotation-api/1.3.5/jakarta.annotation-api-1.3.5.jar:/home/runner/.m2/repository/jakarta/validation/jakarta.validation-api/2.0.2/jakarta.validation-api-2.0.2.jar:/home/runner/.m2/repository/org/glassfish/jersey/media/jersey-media-json-jackson/2.34/jersey-media-json-jackson-2.34.jar:/home/runner/.m2/repository/org/glassfish/jersey/ext/jersey-entity-filtering/2.34/jersey-entity-filtering-2.34.jar:/home/runner/.m2/repository/org/jooq/jooq/3.11.10/jooq-3.11.10.jar:/home/runner/.m2/repository/org/jooq/jooq-meta/3.11.10/jooq-meta-3.11.10.jar:/home/runner/.m2/repository/org/jooq/jooq-codegen/3.11.10/jooq-codegen-3.11.10.jar:/home/runner/.m2/repository/com/jolbox/bonecp/0.8.0.RELEASE/bonecp-0.8.0.RELEASE.jar:/home/runner/.m2/repository/org/apache/derby/derby/10.14.2.0/derby-10.14.2.0.jar:/home/runner/.m2/repository/org/xerial/sqlite-jdbc/3.25.2/sqlite-jdbc-3.25.2.jar:/home/runner/.m2/repository/org/springframework/spring-jdbc/5.3.23/spring-jdbc-5.3.23.jar:/home/runner/.m2/repository/org/springframework/spring-beans/5.3.23/spring-beans-5.3.23.jar:/home/runner/.m2/repository/org/springframework/spring-core/5.3.23/spring-core-5.3.23.jar:/home/runner/.m2/repository/org/springframework/spring-jcl/5.3.23/spring-jcl-5.3.23.jar:/home/runner/.m2/repository/org/springframework/spring-tx/5.3.23/spring-tx-5.3.23.jar:/home/runner/.m2/repository/org/apache/ozone/ozone-client/1.4.0-SNAPSHOT/ozone-client-1.4.0-SNAPSHOT.jar:/home/runner/.m2/repository/org/apache/ozone/hdds-erasurecode/1.4.0-SNAPSHOT/hdds-erasurecode-1.4.0-SNAPSHOT.jar:/home/runner/.m2/repository/org/apache/ozone/ozone-filesystem/1.4.0-SNAPSHOT/ozone-filesystem-1.4.0-SNAPSHOT.jar:/home/runner/.m2/repository/org/apache/ozone/ozone-filesystem-common/1.4.0-SNAPSHOT/ozone-filesystem-common-1.4.0-SNAPSHOT.jar:/home/runner/.m2/repository/org/apache/ozone/ozone-tools/1.4.0-SNAPSHOT/ozone-tools-1.4.0-SNAPSHOT.jar:/home/runner/.m2/repository/com/amazonaws/aws-java-sdk-core/1.12.261/aws-java-sdk-core-1.12.261.jar:/home/runner/.m2/repository/org/apache/httpcomponents/httpclient/4.5.13/httpclient-4.5.13.jar:/home/runner/.m2/repository/org/apache/httpcomponents/httpcore/4.4.13/httpcore-4.4.13.jar:/home/runner/.m2/repository/software/amazon/ion/ion-java/1.0.2/ion-java-1.0.2.jar:/home/runner/.m2/repository/com/fasterxml/jackson/dataformat/jackson-dataformat-cbor/2.13.4/jackson-dataformat-cbor-2.13.4.jar:/home/runner/.m2/repository/joda-time/joda-time/2.10.6/joda-time-2.10.6.jar:/home/runner/.m2/repository/com/amazonaws/aws-java-sdk-s3/1.12.261/aws-java-sdk-s3-1.12.261.jar:/home/runner/.m2/repository/com/amazonaws/aws-java-sdk-kms/1.12.261/aws-java-sdk-kms-1.12.261.jar:/home/runner/.m2/repository/com/amazonaws/jmespath-java/1.12.261/jmespath-java-1.12.261.jar:/home/runner/.m2/repository/org/kohsuke/metainf-services/metainf-services/1.8/metainf-services-1.8.jar:/home/runner/.m2/repository/org/apache/ozone/hdds-tools/1.4.0-SNAPSHOT/hdds-tools-1.4.0-SNAPSHOT.jar:/home/runner/.m2/repository/org/apache/ratis/ratis-tools/2.4.2-8b8bdda-SNAPSHOT/ratis-tools-2.4.2-8b8bdda-SNAPSHOT.jar:/home/runner/.m2/repository/org/apache/ratis/ratis-proto/2.4.2-8b8bdda-SNAPSHOT/ratis-proto-2.4.2-8b8bdda-SNAPSHOT.jar:/home/runner/.m2/repository/org/apache/ratis/ratis-common/2.4.2-8b8bdda-SNAPSHOT/ratis-common-2.4.2-8b8bdda-SNAPSHOT.jar:/home/runner/.m2/repository/commons-cli/commons-cli/1.2/commons-cli-1.2.jar:/home/runner/.m2/repository/org/apache/commons/commons-lang3/3.7/commons-lang3-3.7.jar:/home/runner/.m2/repository/org/apache/ozone/ozone-manager/1.4.0-SNAPSHOT/ozone-manager-1.4.0-SNAPSHOT-tests.jar:/home/runner/.m2/repository/org/apache/ozone/hdds-common/1.4.0-SNAPSHOT/hdds-common-1.4.0-SNAPSHOT-tests.jar:/home/runner/.m2/repository/org/apache/ozone/hdds-hadoop-dependency-client/1.4.0-SNAPSHOT/hdds-hadoop-dependency-client-1.4.0-SNAPSHOT.jar:/home/runner/.m2/repository/info/picocli/picocli/4.6.1/picocli-4.6.1.jar:/home/runner/.m2/repository/com/fasterxml/jackson/core/jackson-annotations/2.13.4/jackson-annotations-2.13.4.jar:/home/runner/.m2/repository/com/fasterxml/jackson/datatype/jackson-datatype-jsr310/2.13.4/jackson-datatype-jsr310-2.13.4.jar:/home/runner/.m2/repository/org/apache/ozone/hdds-annotation-processing/1.4.0-SNAPSHOT/hdds-annotation-processing-1.4.0-SNAPSHOT.jar:/home/runner/.m2/repository/javax/annotation/javax.annotation-api/1.2/javax.annotation-api-1.2.jar:/home/runner/.m2/repository/org/apache/ratis/ratis-server/2.4.2-8b8bdda-SNAPSHOT/ratis-server-2.4.2-8b8bdda-SNAPSHOT.jar:/home/runner/.m2/repository/org/apache/ratis/ratis-client/2.4.2-8b8bdda-SNAPSHOT/ratis-client-2.4.2-8b8bdda-SNAPSHOT.jar:/home/runner/.m2/repository/org/apache/ratis/ratis-server-api/2.4.2-8b8bdda-SNAPSHOT/ratis-server-api-2.4.2-8b8bdda-SNAPSHOT.jar:/home/runner/.m2/repository/org/apache/ratis/ratis-metrics/2.4.2-8b8bdda-SNAPSHOT/ratis-metrics-2.4.2-8b8bdda-SNAPSHOT.jar:/home/runner/.m2/repository/org/apache/ratis/ratis-netty/2.4.2-8b8bdda-SNAPSHOT/ratis-netty-2.4.2-8b8bdda-SNAPSHOT.jar:/home/runner/.m2/repository/org/apache/ratis/ratis-grpc/2.4.2-8b8bdda-SNAPSHOT/ratis-grpc-2.4.2-8b8bdda-SNAPSHOT.jar:/home/runner/.m2/repository/org/apache/logging/log4j/log4j-api/2.17.1/log4j-api-2.17.1.jar:/home/runner/.m2/repository/org/apache/commons/commons-pool2/2.6.0/commons-pool2-2.6.0.jar:/home/runner/.m2/repository/org/bouncycastle/bcpkix-jdk15on/1.67/bcpkix-jdk15on-1.67.jar:/home/runner/.m2/repository/commons-validator/commons-validator/1.6/commons-validator-1.6.jar:/home/runner/.m2/repository/commons-beanutils/commons-beanutils/1.9.4/commons-beanutils-1.9.4.jar:/home/runner/.m2/repository/commons-digester/commons-digester/1.8.1/commons-digester-1.8.1.jar:/home/runner/.m2/repository/commons-collections/commons-collections/3.2.2/commons-collections-3.2.2.jar:/home/runner/.m2/repository/io/jaegertracing/jaeger-client/1.6.0/jaeger-client-1.6.0.jar:/home/runner/.m2/repository/io/jaegertracing/jaeger-thrift/1.6.0/jaeger-thrift-1.6.0.jar:/home/runner/.m2/repository/org/apache/thrift/libthrift/0.14.1/libthrift-0.14.1.jar:/home/runner/.m2/repository/io/jaegertracing/jaeger-core/1.6.0/jaeger-core-1.6.0.jar:/home/runner/.m2/repository/io/jaegertracing/jaeger-tracerresolver/1.6.0/jaeger-tracerresolver-1.6.0.jar:/home/runner/.m2/repository/io/opentracing/contrib/opentracing-tracerresolver/0.1.8/opentracing-tracerresolver-0.1.8.jar:/home/runner/.m2/repository/org/jetbrains/kotlin/kotlin-stdlib/1.6.21/kotlin-stdlib-1.6.21.jar:/home/runner/.m2/repository/org/jetbrains/annotations/13.0/annotations-13.0.jar:/home/runner/.m2/repository/io/opentracing/opentracing-util/0.33.0/opentracing-util-0.33.0.jar:/home/runner/.m2/repository/io/opentracing/opentracing-api/0.33.0/opentracing-api-0.33.0.jar:/home/runner/.m2/repository/io/opentracing/opentracing-noop/0.33.0/opentracing-noop-0.33.0.jar:/home/runner/.m2/repository/org/yaml/snakeyaml/1.33/snakeyaml-1.33.jar:/home/runner/.m2/repository/org/apache/ozone/hdds-interface-admin/1.4.0-SNAPSHOT/hdds-interface-admin-1.4.0-SNAPSHOT.jar:/home/runner/.m2/repository/junit/junit/4.13.1/junit-4.13.1.jar:/home/runner/.m2/repository/org/hamcrest/hamcrest-core/1.3/hamcrest-core-1.3.jar:/home/runner/.m2/repository/org/junit/jupiter/junit-jupiter-api/5.8.2/junit-jupiter-api-5.8.2.jar:/home/runner/.m2/repository/org/opentest4j/opentest4j/1.2.0/opentest4j-1.2.0.jar:/home/runner/.m2/repository/org/junit/platform/junit-platform-commons/1.8.2/junit-platform-commons-1.8.2.jar:/home/runner/.m2/repository/org/apiguardian/apiguardian-api/1.1.2/apiguardian-api-1.1.2.jar:/home/runner/.m2/repository/org/junit/jupiter/junit-jupiter-params/5.8.2/junit-jupiter-params-5.8.2.jar:/home/runner/.m2/repository/org/junit/jupiter/junit-jupiter-migrationsupport/5.8.2/junit-jupiter-migrationsupport-5.8.2.jar:/home/runner/.m2/repository/org/junit/jupiter/junit-jupiter-engine/5.8.2/junit-jupiter-engine-5.8.2.jar:/home/runner/.m2/repository/org/junit/platform/junit-platform-engine/1.8.2/junit-platform-engine-1.8.2.jar:/home/runner/.m2/repository/org/junit/vintage/junit-vintage-engine/5.8.2/junit-vintage-engine-5.8.2.jar:/home/runner/.m2/repository/org/junit/platform/junit-platform-launcher/1.8.2/junit-platform-launcher-1.8.2.jar:/home/runner/.m2/repository/org/mockito/mockito-core/2.28.2/mockito-core-2.28.2.jar:/home/runner/.m2/repository/net/bytebuddy/byte-buddy/1.9.10/byte-buddy-1.9.10.jar:/home/runner/.m2/repository/net/bytebuddy/byte-buddy-agent/1.9.10/byte-buddy-agent-1.9.10.jar:/home/runner/.m2/repository/org/objenesis/objenesis/1.0/objenesis-1.0.jar:/home/runner/.m2/repository/org/apache/hadoop/hadoop-kms/3.3.4/hadoop-kms-3.3.4.jar:/home/runner/.m2/repository/org/apache/hadoop/hadoop-auth/3.3.4/hadoop-auth-3.3.4.jar:/home/runner/.m2/repository/com/nimbusds/nimbus-jose-jwt/9.8.1/nimbus-jose-jwt-9.8.1.jar:/home/runner/.m2/repository/com/github/stephenc/jcip/jcip-annotations/1.0-1/jcip-annotations-1.0-1.jar:/home/runner/.m2/repository/net/minidev/json-smart/2.4.7/json-smart-2.4.7.jar:/home/runner/.m2/repository/net/minidev/accessors-smart/2.4.7/accessors-smart-2.4.7.jar:/home/runner/.m2/repository/org/ow2/asm/asm/5.0.4/asm-5.0.4.jar:/home/runner/.m2/repository/org/apache/zookeeper/zookeeper/3.5.6/zookeeper-3.5.6.jar:/home/runner/.m2/repository/org/apache/zookeeper/zookeeper-jute/3.5.6/zookeeper-jute-3.5.6.jar:/home/runner/.m2/repository/org/apache/yetus/audience-annotations/0.5.0/audience-annotations-0.5.0.jar:/home/runner/.m2/repository/org/apache/curator/curator-framework/4.2.0/curator-framework-4.2.0.jar:/home/runner/.m2/repository/org/apache/hadoop/thirdparty/hadoop-shaded-guava/1.1.1/hadoop-shaded-guava-1.1.1.jar:/home/runner/.m2/repository/com/sun/jersey/jersey-core/1.19/jersey-core-1.19.jar:/home/runner/.m2/repository/javax/ws/rs/jsr311-api/1.1.1/jsr311-api-1.1.1.jar:/home/runner/.m2/repository/com/sun/jersey/jersey-server/1.19/jersey-server-1.19.jar:/home/runner/.m2/repository/javax/servlet/javax.servlet-api/3.1.0/javax.servlet-api-3.1.0.jar:/home/runner/.m2/repository/org/eclipse/jetty/jetty-server/9.4.49.v20220914/jetty-server-9.4.49.v20220914.jar:/home/runner/.m2/repository/org/eclipse/jetty/jetty-http/9.4.49.v20220914/jetty-http-9.4.49.v20220914.jar:/home/runner/.m2/repository/org/eclipse/jetty/jetty-io/9.4.49.v20220914/jetty-io-9.4.49.v20220914.jar:/home/runner/.m2/repository/org/eclipse/jetty/jetty-webapp/9.4.49.v20220914/jetty-webapp-9.4.49.v20220914.jar:/home/runner/.m2/repository/org/eclipse/jetty/jetty-xml/9.4.49.v20220914/jetty-xml-9.4.49.v20220914.jar:/home/runner/.m2/repository/org/apache/hadoop/hadoop-common/3.3.4/hadoop-common-3.3.4.jar:/home/runner/.m2/repository/org/apache/commons/commons-math3/3.1.1/commons-math3-3.1.1.jar:/home/runner/.m2/repository/commons-net/commons-net/3.9.0/commons-net-3.9.0.jar:/home/runner/.m2/repository/com/sun/jersey/jersey-servlet/1.19/jersey-servlet-1.19.jar:/home/runner/.m2/repository/com/sun/jersey/jersey-json/1.19/jersey-json-1.19.jar:/home/runner/.m2/repository/org/codehaus/jettison/jettison/1.1/jettison-1.1.jar:/home/runner/.m2/repository/com/sun/xml/bind/jaxb-impl/2.2.3-1/jaxb-impl-2.2.3-1.jar:/home/runner/.m2/repository/org/codehaus/jackson/jackson-xc/1.9.2/jackson-xc-1.9.2.jar:/home/runner/.m2/repository/com/google/re2j/re2j/1.1/re2j-1.1.jar:/home/runner/.m2/repository/com/jcraft/jsch/0.1.54/jsch-0.1.54.jar:/home/runner/.m2/repository/org/apache/curator/curator-client/4.2.0/curator-client-4.2.0.jar:/home/runner/.m2/repository/org/apache/curator/curator-recipes/4.2.0/curator-recipes-4.2.0.jar:/home/runner/.m2/repository/org/apache/kerby/kerb-core/1.0.1/kerb-core-1.0.1.jar:/home/runner/.m2/repository/org/apache/kerby/kerby-pkix/1.0.1/kerby-pkix-1.0.1.jar:/home/runner/.m2/repository/org/apache/kerby/kerby-asn1/1.0.1/kerby-asn1-1.0.1.jar:/home/runner/.m2/repository/org/apache/kerby/kerby-util/1.0.1/kerby-util-1.0.1.jar:/home/runner/.m2/repository/dnsjava/dnsjava/2.1.7/dnsjava-2.1.7.jar:/home/runner/.m2/repository/org/xerial/snappy/snappy-java/1.1.8.2/snappy-java-1.1.8.2.jar:/home/runner/.m2/repository/org/eclipse/jetty/jetty-util/9.4.49.v20220914/jetty-util-9.4.49.v20220914.jar:/home/runner/.m2/repository/com/fasterxml/jackson/core/jackson-databind/2.13.4.2/jackson-databind-2.13.4.2.jar:/home/runner/.m2/repository/org/apache/hadoop/hadoop-kms/3.3.4/hadoop-kms-3.3.4-tests.jar:/home/runner/.m2/repository/org/apache/ozone/hdds-server-scm/1.4.0-SNAPSHOT/hdds-server-scm-1.4.0-SNAPSHOT-tests.jar:/home/runner/.m2/repository/org/apache/ozone/hdds-container-service/1.4.0-SNAPSHOT/hdds-container-service-1.4.0-SNAPSHOT-tests.jar:/home/runner/.m2/repository/com/github/luben/zstd-jni/1.5.2-5/zstd-jni-1.5.2-5.jar:/home/runner/.m2/repository/commons-codec/commons-codec/1.15/commons-codec-1.15.jar:/home/runner/.m2/repository/io/netty/netty-codec/4.1.86.Final/netty-codec-4.1.86.Final.jar:/home/runner/.m2/repository/io/netty/netty-handler/4.1.86.Final/netty-handler-4.1.86.Final.jar:/home/runner/.m2/repository/org/apache/ozone/hdds-hadoop-dependency-test/1.4.0-SNAPSHOT/hdds-hadoop-dependency-test-1.4.0-SNAPSHOT.jar:/home/runner/.m2/repository/org/apache/hadoop/hadoop-common/3.3.4/hadoop-common-3.3.4-tests.jar:/home/runner/.m2/repository/org/apache/hadoop/hadoop-hdfs/3.3.4/hadoop-hdfs-3.3.4-tests.jar:/home/runner/.m2/repository/org/assertj/assertj-core/3.12.2/assertj-core-3.12.2.jar:/home/runner/.m2/repository/org/apache/hadoop/hadoop-distcp/3.3.4/hadoop-distcp-3.3.4.jar:/home/runner/.m2/repository/org/apache/hadoop/hadoop-mapreduce-client-jobclient/3.3.4/hadoop-mapreduce-client-jobclient-3.3.4.jar:/home/runner/.m2/repository/org/apache/hadoop/hadoop-mapreduce-client-common/3.3.4/hadoop-mapreduce-client-common-3.3.4.jar:/home/runner/.m2/repository/org/apache/hadoop/hadoop-yarn-common/3.3.4/hadoop-yarn-common-3.3.4.jar:/home/runner/.m2/repository/org/apache/hadoop/hadoop-yarn-api/3.3.4/hadoop-yarn-api-3.3.4.jar:/home/runner/.m2/repository/com/sun/jersey/contribs/jersey-guice/1.19/jersey-guice-1.19.jar:/home/runner/.m2/repository/com/fasterxml/jackson/jaxrs/jackson-jaxrs-json-provider/2.13.4/jackson-jaxrs-json-provider-2.13.4.jar:/home/runner/.m2/repository/com/fasterxml/jackson/jaxrs/jackson-jaxrs-base/2.13.4/jackson-jaxrs-base-2.13.4.jar:/home/runner/.m2/repository/org/apache/hadoop/hadoop-yarn-client/3.3.4/hadoop-yarn-client-3.3.4.jar:/home/runner/.m2/repository/org/eclipse/jetty/websocket/websocket-client/9.4.43.v20210629/websocket-client-9.4.43.v20210629.jar:/home/runner/.m2/repository/org/eclipse/jetty/websocket/websocket-common/9.4.43.v20210629/websocket-common-9.4.43.v20210629.jar:/home/runner/.m2/repository/org/eclipse/jetty/websocket/websocket-api/9.4.43.v20210629/websocket-api-9.4.43.v20210629.jar:/home/runner/.m2/repository/org/jline/jline/3.9.0/jline-3.9.0.jar:/home/runner/.m2/repository/org/apache/hadoop/hadoop-mapreduce-client-core/3.3.4/hadoop-mapreduce-client-core-3.3.4.jar:/home/runner/.m2/repository/org/apache/avro/avro/1.7.7/avro-1.7.7.jar:/home/runner/.m2/repository/org/codehaus/jackson/jackson-core-asl/1.9.13/jackson-core-asl-1.9.13.jar:/home/runner/.m2/repository/org/codehaus/jackson/jackson-mapper-asl/1.9.13/jackson-mapper-asl-1.9.13.jar:/home/runner/.m2/repository/com/thoughtworks/paranamer/paranamer/2.3/paranamer-2.3.jar:/home/runner/.m2/repository/org/apache/hadoop/hadoop-annotations/3.3.4/hadoop-annotations-3.3.4.jar:/usr/lib/jvm/temurin-8-jdk-amd64/jre/../lib/tools.jar:/home/runner/.m2/repository/io/netty/netty/3.10.6.Final/netty-3.10.6.Final.jar:/home/runner/.m2/repository/org/apache/hadoop/hadoop-distcp/3.3.4/hadoop-distcp-3.3.4-tests.jar:/home/runner/.m2/repository/org/slf4j/jul-to-slf4j/1.7.36/jul-to-slf4j-1.7.36.jar:"/>
    <property name="java.vm.vendor" value="Temurin"/>
    <property name="sun.arch.data.model" value="64"/>
    <property name="test.build.dir" value="/home/runner/work/ozone/ozone/hadoop-ozone/integration-test/target/test-dir"/>
    <property name="test.cache.data" value=""/>
    <property name="java.vendor.url" value="https://adoptium.net/"/>
    <property name="user.timezone" value="Etc/UTC"/>
    <property name="java.vm.specification.version" value="1.8"/>
    <property name="os.name" value="Linux"/>
    <property name="test.build.data" value="/home/runner/work/ozone/ozone/hadoop-ozone/integration-test/target/test-dir"/>
    <property name="sun.java.launcher" value="SUN_STANDARD"/>
    <property name="sun.boot.library.path" value="/usr/lib/jvm/temurin-8-jdk-amd64/jre/lib/amd64"/>
    <property name="sun.java.command" value="/home/runner/work/ozone/ozone/hadoop-ozone/integration-test/target/surefire/surefirebooter2821909787208536469.jar /home/runner/work/ozone/ozone/hadoop-ozone/integration-test/target/surefire 2023-01-30T11-49-38_044-jvmRun1 surefire4484259986307782115tmp surefire_275147681962760313164tmp"/>
    <property name="surefire.test.class.path" value="/home/runner/work/ozone/ozone/hadoop-ozone/integration-test/target/test-classes:/home/runner/work/ozone/ozone/hadoop-ozone/integration-test/target/classes:/home/runner/.m2/repository/org/apache/ozone/ozone-common/1.4.0-SNAPSHOT/ozone-common-1.4.0-SNAPSHOT.jar:/home/runner/.m2/repository/io/grpc/grpc-netty/1.51.1/grpc-netty-1.51.1.jar:/home/runner/.m2/repository/io/grpc/grpc-core/1.51.1/grpc-core-1.51.1.jar:/home/runner/.m2/repository/com/google/android/annotations/4.1.1.4/annotations-4.1.1.4.jar:/home/runner/.m2/repository/org/codehaus/mojo/animal-sniffer-annotations/1.21/animal-sniffer-annotations-1.21.jar:/home/runner/.m2/repository/com/google/errorprone/error_prone_annotations/2.2.0/error_prone_annotations-2.2.0.jar:/home/runner/.m2/repository/io/perfmark/perfmark-api/0.25.0/perfmark-api-0.25.0.jar:/home/runner/.m2/repository/io/netty/netty-codec-http2/4.1.86.Final/netty-codec-http2-4.1.86.Final.jar:/home/runner/.m2/repository/io/netty/netty-common/4.1.86.Final/netty-common-4.1.86.Final.jar:/home/runner/.m2/repository/io/netty/netty-buffer/4.1.86.Final/netty-buffer-4.1.86.Final.jar:/home/runner/.m2/repository/io/netty/netty-codec-http/4.1.86.Final/netty-codec-http-4.1.86.Final.jar:/home/runner/.m2/repository/io/netty/netty-handler-proxy/4.1.86.Final/netty-handler-proxy-4.1.86.Final.jar:/home/runner/.m2/repository/io/netty/netty-codec-socks/4.1.86.Final/netty-codec-socks-4.1.86.Final.jar:/home/runner/.m2/repository/io/netty/netty-tcnative-boringssl-static/2.0.54.Final/netty-tcnative-boringssl-static-2.0.54.Final.jar:/home/runner/.m2/repository/io/netty/netty-tcnative-classes/2.0.54.Final/netty-tcnative-classes-2.0.54.Final.jar:/home/runner/.m2/repository/io/netty/netty-tcnative-boringssl-static/2.0.54.Final/netty-tcnative-boringssl-static-2.0.54.Final-linux-x86_64.jar:/home/runner/.m2/repository/io/netty/netty-tcnative-boringssl-static/2.0.54.Final/netty-tcnative-boringssl-static-2.0.54.Final-linux-aarch_64.jar:/home/runner/.m2/repository/io/netty/netty-tcnative-boringssl-static/2.0.54.Final/netty-tcnative-boringssl-static-2.0.54.Final-osx-x86_64.jar:/home/runner/.m2/repository/io/netty/netty-tcnative-boringssl-static/2.0.54.Final/netty-tcnative-boringssl-static-2.0.54.Final-osx-aarch_64.jar:/home/runner/.m2/repository/io/netty/netty-tcnative-boringssl-static/2.0.54.Final/netty-tcnative-boringssl-static-2.0.54.Final-windows-x86_64.jar:/home/runner/.m2/repository/org/apache/commons/commons-compress/1.21/commons-compress-1.21.jar:/home/runner/.m2/repository/org/apache/ozone/hdds-common/1.4.0-SNAPSHOT/hdds-common-1.4.0-SNAPSHOT.jar:/home/runner/.m2/repository/org/apache/ozone/hdds-client/1.4.0-SNAPSHOT/hdds-client-1.4.0-SNAPSHOT.jar:/home/runner/.m2/repository/org/apache/ozone/ozone-interface-client/1.4.0-SNAPSHOT/ozone-interface-client-1.4.0-SNAPSHOT.jar:/home/runner/.m2/repository/org/apache/ozone/hdds-test-utils/1.4.0-SNAPSHOT/hdds-test-utils-1.4.0-SNAPSHOT.jar:/home/runner/.m2/repository/com/google/guava/guava/31.1-jre/guava-31.1-jre.jar:/home/runner/.m2/repository/com/google/guava/failureaccess/1.0.1/failureaccess-1.0.1.jar:/home/runner/.m2/repository/com/google/guava/listenablefuture/9999.0-empty-to-avoid-conflict-with-guava/listenablefuture-9999.0-empty-to-avoid-conflict-with-guava.jar:/home/runner/.m2/repository/com/google/code/findbugs/jsr305/3.0.0/jsr305-3.0.0.jar:/home/runner/.m2/repository/org/checkerframework/checker-qual/3.12.0/checker-qual-3.12.0.jar:/home/runner/.m2/repository/com/google/j2objc/j2objc-annotations/1.3/j2objc-annotations-1.3.jar:/home/runner/.m2/repository/commons-io/commons-io/2.11.0/commons-io-2.11.0.jar:/home/runner/.m2/repository/commons-logging/commons-logging/1.2/commons-logging-1.2.jar:/home/runner/.m2/repository/ch/qos/reload4j/reload4j/1.2.22/reload4j-1.2.22.jar:/home/runner/.m2/repository/org/slf4j/slf4j-api/1.7.36/slf4j-api-1.7.36.jar:/home/runner/.m2/repository/org/apache/ozone/hdds-server-scm/1.4.0-SNAPSHOT/hdds-server-scm-1.4.0-SNAPSHOT.jar:/home/runner/.m2/repository/org/apache/ozone/hdds-container-service/1.4.0-SNAPSHOT/hdds-container-service-1.4.0-SNAPSHOT.jar:/home/runner/.m2/repository/org/apache/ozone/hdds-hadoop-dependency-server/1.4.0-SNAPSHOT/hdds-hadoop-dependency-server-1.4.0-SNAPSHOT.jar:/home/runner/.m2/repository/org/apache/hadoop/hadoop-hdfs/3.3.4/hadoop-hdfs-3.3.4.jar:/home/runner/.m2/repository/org/eclipse/jetty/jetty-util-ajax/9.4.49.v20220914/jetty-util-ajax-9.4.49.v20220914.jar:/home/runner/.m2/repository/commons-daemon/commons-daemon/1.0.13/commons-daemon-1.0.13.jar:/home/runner/.m2/repository/org/apache/ozone/hdds-server-framework/1.4.0-SNAPSHOT/hdds-server-framework-1.4.0-SNAPSHOT.jar:/home/runner/.m2/repository/org/apache/ozone/hdds-interface-server/1.4.0-SNAPSHOT/hdds-interface-server-1.4.0-SNAPSHOT.jar:/home/runner/.m2/repository/org/apache/commons/commons-configuration2/2.1.1/commons-configuration2-2.1.1.jar:/home/runner/.m2/repository/org/apache/logging/log4j/log4j-core/2.17.1/log4j-core-2.17.1.jar:/home/runner/.m2/repository/com/lmax/disruptor/3.4.2/disruptor-3.4.2.jar:/home/runner/.m2/repository/org/eclipse/jetty/jetty-servlet/9.4.49.v20220914/jetty-servlet-9.4.49.v20220914.jar:/home/runner/.m2/repository/org/eclipse/jetty/jetty-security/9.4.49.v20220914/jetty-security-9.4.49.v20220914.jar:/home/runner/.m2/repository/org/rocksdb/rocksdbjni/7.7.3/rocksdbjni-7.7.3.jar:/home/runner/.m2/repository/io/prometheus/simpleclient_dropwizard/0.7.0/simpleclient_dropwizard-0.7.0.jar:/home/runner/.m2/repository/io/prometheus/simpleclient/0.7.0/simpleclient-0.7.0.jar:/home/runner/.m2/repository/io/prometheus/simpleclient_common/0.7.0/simpleclient_common-0.7.0.jar:/home/runner/.m2/repository/com/github/spotbugs/spotbugs-annotations/3.1.12/spotbugs-annotations-3.1.12.jar:/home/runner/.m2/repository/io/dropwizard/metrics/metrics-core/3.2.4/metrics-core-3.2.4.jar:/home/runner/.m2/repository/org/apache/commons/commons-text/1.4/commons-text-1.4.jar:/home/runner/.m2/repository/org/apache/hadoop/hadoop-hdfs-client/3.3.4/hadoop-hdfs-client-3.3.4.jar:/home/runner/.m2/repository/com/squareup/okhttp3/okhttp/4.9.3/okhttp-4.9.3.jar:/home/runner/.m2/repository/com/squareup/okio/okio/2.8.0/okio-2.8.0.jar:/home/runner/.m2/repository/org/jetbrains/kotlin/kotlin-stdlib-common/1.6.21/kotlin-stdlib-common-1.6.21.jar:/home/runner/.m2/repository/org/bouncycastle/bcprov-jdk15on/1.67/bcprov-jdk15on-1.67.jar:/home/runner/.m2/repository/com/google/protobuf/protobuf-java/2.5.0/protobuf-java-2.5.0.jar:/home/runner/.m2/repository/org/apache/ozone/ozone-manager/1.4.0-SNAPSHOT/ozone-manager-1.4.0-SNAPSHOT.jar:/home/runner/.m2/repository/org/aspectj/aspectjrt/1.9.7/aspectjrt-1.9.7.jar:/home/runner/.m2/repository/org/aspectj/aspectjweaver/1.9.7/aspectjweaver-1.9.7.jar:/home/runner/.m2/repository/org/apache/ozone/hdds-interface-client/1.4.0-SNAPSHOT/hdds-interface-client-1.4.0-SNAPSHOT.jar:/home/runner/.m2/repository/org/apache/hadoop/thirdparty/hadoop-shaded-protobuf_3_7/1.1.1/hadoop-shaded-protobuf_3_7-1.1.1.jar:/home/runner/.m2/repository/org/apache/ratis/ratis-thirdparty-misc/1.0.3/ratis-thirdparty-misc-1.0.3.jar:/home/runner/.m2/repository/org/apache/ozone/ozone-interface-storage/1.4.0-SNAPSHOT/ozone-interface-storage-1.4.0-SNAPSHOT.jar:/home/runner/.m2/repository/org/reflections/reflections/0.9.11/reflections-0.9.11.jar:/home/runner/.m2/repository/com/sun/jersey/jersey-client/1.19/jersey-client-1.19.jar:/home/runner/.m2/repository/org/apache/ranger/ranger-intg/2.3.0/ranger-intg-2.3.0.jar:/home/runner/.m2/repository/org/apache/ranger/ranger-plugins-common/2.3.0/ranger-plugins-common-2.3.0.jar:/home/runner/.m2/repository/commons-lang/commons-lang/2.6/commons-lang-2.6.jar:/home/runner/.m2/repository/org/codehaus/jackson/jackson-jaxrs/1.9.13/jackson-jaxrs-1.9.13.jar:/home/runner/.m2/repository/org/apache/ranger/ranger-plugins-cred/2.3.0/ranger-plugins-cred-2.3.0.jar:/home/runner/.m2/repository/org/apache/ranger/ranger-plugins-audit/2.3.0/ranger-plugins-audit-2.3.0.jar:/home/runner/.m2/repository/org/eclipse/jetty/jetty-client/9.4.49.v20220914/jetty-client-9.4.49.v20220914.jar:/home/runner/.m2/repository/org/apache/httpcomponents/httpmime/4.5.6/httpmime-4.5.6.jar:/home/runner/.m2/repository/org/apache/httpcomponents/httpcore-nio/4.4.6/httpcore-nio-4.4.6.jar:/home/runner/.m2/repository/org/apache/httpcomponents/httpasyncclient/4.1.3/httpasyncclient-4.1.3.jar:/home/runner/.m2/repository/com/carrotsearch/hppc/0.8.0/hppc-0.8.0.jar:/home/runner/.m2/repository/org/apache/orc/orc-core/1.5.8/orc-core-1.5.8.jar:/home/runner/.m2/repository/net/java/dev/jna/jna/5.2.0/jna-5.2.0.jar:/home/runner/.m2/repository/net/java/dev/jna/jna-platform/5.2.0/jna-platform-5.2.0.jar:/home/runner/.m2/repository/com/kstruct/gethostname4j/0.0.2/gethostname4j-0.0.2.jar:/home/runner/.m2/repository/org/apache/ranger/ranger-plugin-classloader/2.3.0/ranger-plugin-classloader-2.3.0.jar:/home/runner/.m2/repository/org/apache/hadoop/hadoop-minikdc/3.3.4/hadoop-minikdc-3.3.4.jar:/home/runner/.m2/repository/org/apache/kerby/kerb-simplekdc/1.0.1/kerb-simplekdc-1.0.1.jar:/home/runner/.m2/repository/org/apache/kerby/kerb-client/1.0.1/kerb-client-1.0.1.jar:/home/runner/.m2/repository/org/apache/kerby/kerby-config/1.0.1/kerby-config-1.0.1.jar:/home/runner/.m2/repository/org/apache/kerby/kerb-common/1.0.1/kerb-common-1.0.1.jar:/home/runner/.m2/repository/org/apache/kerby/kerb-crypto/1.0.1/kerb-crypto-1.0.1.jar:/home/runner/.m2/repository/org/apache/kerby/kerb-util/1.0.1/kerb-util-1.0.1.jar:/home/runner/.m2/repository/org/apache/kerby/token-provider/1.0.1/token-provider-1.0.1.jar:/home/runner/.m2/repository/org/apache/kerby/kerb-admin/1.0.1/kerb-admin-1.0.1.jar:/home/runner/.m2/repository/org/apache/kerby/kerb-server/1.0.1/kerb-server-1.0.1.jar:/home/runner/.m2/repository/org/apache/kerby/kerb-identity/1.0.1/kerb-identity-1.0.1.jar:/home/runner/.m2/repository/org/apache/kerby/kerby-xdr/1.0.1/kerby-xdr-1.0.1.jar:/home/runner/.m2/repository/org/apache/ozone/ozone-s3gateway/1.4.0-SNAPSHOT/ozone-s3gateway-1.4.0-SNAPSHOT.jar:/home/runner/.m2/repository/org/javassist/javassist/3.21.0-GA/javassist-3.21.0-GA.jar:/home/runner/.m2/repository/org/jboss/weld/servlet/weld-servlet/2.4.7.Final/weld-servlet-2.4.7.Final.jar:/home/runner/.m2/repository/org/glassfish/jersey/containers/jersey-container-servlet-core/2.34/jersey-container-servlet-core-2.34.jar:/home/runner/.m2/repository/org/glassfish/hk2/external/jakarta.inject/2.6.1/jakarta.inject-2.6.1.jar:/home/runner/.m2/repository/org/glassfish/jersey/core/jersey-common/2.34/jersey-common-2.34.jar:/home/runner/.m2/repository/jakarta/ws/rs/jakarta.ws.rs-api/2.1.6/jakarta.ws.rs-api-2.1.6.jar:/home/runner/.m2/repository/org/glassfish/jersey/ext/cdi/jersey-cdi1x/2.34/jersey-cdi1x-2.34.jar:/home/runner/.m2/repository/org/glassfish/jersey/inject/jersey-hk2/2.34/jersey-hk2-2.34.jar:/home/runner/.m2/repository/org/glassfish/hk2/hk2-locator/2.6.1/hk2-locator-2.6.1.jar:/home/runner/.m2/repository/org/glassfish/jersey/media/jersey-media-jaxb/2.34/jersey-media-jaxb-2.34.jar:/home/runner/.m2/repository/org/glassfish/hk2/osgi-resource-locator/1.0.3/osgi-resource-locator-1.0.3.jar:/home/runner/.m2/repository/org/glassfish/hk2/hk2-api/2.5.0/hk2-api-2.5.0.jar:/home/runner/.m2/repository/org/glassfish/hk2/hk2-utils/2.5.0/hk2-utils-2.5.0.jar:/home/runner/.m2/repository/org/glassfish/hk2/external/aopalliance-repackaged/2.5.0/aopalliance-repackaged-2.5.0.jar:/home/runner/.m2/repository/com/fasterxml/jackson/dataformat/jackson-dataformat-xml/2.13.4/jackson-dataformat-xml-2.13.4.jar:/home/runner/.m2/repository/com/fasterxml/jackson/core/jackson-core/2.13.4/jackson-core-2.13.4.jar:/home/runner/.m2/repository/org/codehaus/woodstox/stax2-api/4.2.1/stax2-api-4.2.1.jar:/home/runner/.m2/repository/com/fasterxml/woodstox/woodstox-core/5.4.0/woodstox-core-5.4.0.jar:/home/runner/.m2/repository/com/fasterxml/jackson/module/jackson-module-jaxb-annotations/2.13.4/jackson-module-jaxb-annotations-2.13.4.jar:/home/runner/.m2/repository/jakarta/xml/bind/jakarta.xml.bind-api/2.3.3/jakarta.xml.bind-api-2.3.3.jar:/home/runner/.m2/repository/jakarta/activation/jakarta.activation-api/1.2.2/jakarta.activation-api-1.2.2.jar:/home/runner/.m2/repository/javax/enterprise/cdi-api/1.2/cdi-api-1.2.jar:/home/runner/.m2/repository/javax/el/javax.el-api/3.0.0/javax.el-api-3.0.0.jar:/home/runner/.m2/repository/javax/interceptor/javax.interceptor-api/1.2/javax.interceptor-api-1.2.jar:/home/runner/.m2/repository/javax/inject/javax.inject/1/javax.inject-1.jar:/home/runner/.m2/repository/javax/xml/bind/jaxb-api/2.3.0/jaxb-api-2.3.0.jar:/home/runner/.m2/repository/org/glassfish/jaxb/jaxb-runtime/2.3.0.1/jaxb-runtime-2.3.0.1.jar:/home/runner/.m2/repository/org/glassfish/jaxb/jaxb-core/2.3.0.1/jaxb-core-2.3.0.1.jar:/home/runner/.m2/repository/org/glassfish/jaxb/txw2/2.3.0.1/txw2-2.3.0.1.jar:/home/runner/.m2/repository/com/sun/istack/istack-commons-runtime/3.0.5/istack-commons-runtime-3.0.5.jar:/home/runner/.m2/repository/org/jvnet/staxex/stax-ex/1.7.8/stax-ex-1.7.8.jar:/home/runner/.m2/repository/com/sun/xml/fastinfoset/FastInfoset/1.2.13/FastInfoset-1.2.13.jar:/home/runner/.m2/repository/javax/activation/activation/1.1.1/activation-1.1.1.jar:/home/runner/.m2/repository/io/grpc/grpc-protobuf/1.51.1/grpc-protobuf-1.51.1.jar:/home/runner/.m2/repository/io/grpc/grpc-api/1.51.1/grpc-api-1.51.1.jar:/home/runner/.m2/repository/io/grpc/grpc-context/1.51.1/grpc-context-1.51.1.jar:/home/runner/.m2/repository/com/google/api/grpc/proto-google-common-protos/2.9.0/proto-google-common-protos-2.9.0.jar:/home/runner/.m2/repository/io/grpc/grpc-protobuf-lite/1.51.1/grpc-protobuf-lite-1.51.1.jar:/home/runner/.m2/repository/io/grpc/grpc-stub/1.51.1/grpc-stub-1.51.1.jar:/home/runner/.m2/repository/io/netty/netty-transport/4.1.86.Final/netty-transport-4.1.86.Final.jar:/home/runner/.m2/repository/io/netty/netty-resolver/4.1.86.Final/netty-resolver-4.1.86.Final.jar:/home/runner/.m2/repository/org/apache/ozone/ozone-csi/1.4.0-SNAPSHOT/ozone-csi-1.4.0-SNAPSHOT.jar:/home/runner/.m2/repository/com/google/protobuf/protobuf-java-util/3.19.6/protobuf-java-util-3.19.6.jar:/home/runner/.m2/repository/com/google/code/gson/gson/2.9.0/gson-2.9.0.jar:/home/runner/.m2/repository/org/apache/ozone/hdds-config/1.4.0-SNAPSHOT/hdds-config-1.4.0-SNAPSHOT.jar:/home/runner/.m2/repository/io/netty/netty-transport-native-epoll/4.1.86.Final/netty-transport-native-epoll-4.1.86.Final-linux-x86_64.jar:/home/runner/.m2/repository/io/netty/netty-transport-classes-epoll/4.1.86.Final/netty-transport-classes-epoll-4.1.86.Final.jar:/home/runner/.m2/repository/io/netty/netty-transport-native-unix-common/4.1.86.Final/netty-transport-native-unix-common-4.1.86.Final.jar:/home/runner/.m2/repository/org/slf4j/slf4j-reload4j/1.7.36/slf4j-reload4j-1.7.36.jar:/home/runner/.m2/repository/org/apache/ozone/ozone-recon/1.4.0-SNAPSHOT/ozone-recon-1.4.0-SNAPSHOT.jar:/home/runner/.m2/repository/org/apache/ozone/ozone-reconcodegen/1.4.0-SNAPSHOT/ozone-reconcodegen-1.4.0-SNAPSHOT.jar:/home/runner/.m2/repository/com/google/inject/extensions/guice-multibindings/4.0/guice-multibindings-4.0.jar:/home/runner/.m2/repository/com/google/inject/guice/4.0/guice-4.0.jar:/home/runner/.m2/repository/aopalliance/aopalliance/1.0/aopalliance-1.0.jar:/home/runner/.m2/repository/com/google/inject/extensions/guice-assistedinject/4.0/guice-assistedinject-4.0.jar:/home/runner/.m2/repository/com/google/inject/extensions/guice-servlet/4.0/guice-servlet-4.0.jar:/home/runner/.m2/repository/org/glassfish/jersey/containers/jersey-container-servlet/2.34/jersey-container-servlet-2.34.jar:/home/runner/.m2/repository/org/glassfish/hk2/guice-bridge/2.5.0/guice-bridge-2.5.0.jar:/home/runner/.m2/repository/org/glassfish/jersey/core/jersey-server/2.34/jersey-server-2.34.jar:/home/runner/.m2/repository/org/glassfish/jersey/core/jersey-client/2.34/jersey-client-2.34.jar:/home/runner/.m2/repository/jakarta/annotation/jakarta.annotation-api/1.3.5/jakarta.annotation-api-1.3.5.jar:/home/runner/.m2/repository/jakarta/validation/jakarta.validation-api/2.0.2/jakarta.validation-api-2.0.2.jar:/home/runner/.m2/repository/org/glassfish/jersey/media/jersey-media-json-jackson/2.34/jersey-media-json-jackson-2.34.jar:/home/runner/.m2/repository/org/glassfish/jersey/ext/jersey-entity-filtering/2.34/jersey-entity-filtering-2.34.jar:/home/runner/.m2/repository/org/jooq/jooq/3.11.10/jooq-3.11.10.jar:/home/runner/.m2/repository/org/jooq/jooq-meta/3.11.10/jooq-meta-3.11.10.jar:/home/runner/.m2/repository/org/jooq/jooq-codegen/3.11.10/jooq-codegen-3.11.10.jar:/home/runner/.m2/repository/com/jolbox/bonecp/0.8.0.RELEASE/bonecp-0.8.0.RELEASE.jar:/home/runner/.m2/repository/org/apache/derby/derby/10.14.2.0/derby-10.14.2.0.jar:/home/runner/.m2/repository/org/xerial/sqlite-jdbc/3.25.2/sqlite-jdbc-3.25.2.jar:/home/runner/.m2/repository/org/springframework/spring-jdbc/5.3.23/spring-jdbc-5.3.23.jar:/home/runner/.m2/repository/org/springframework/spring-beans/5.3.23/spring-beans-5.3.23.jar:/home/runner/.m2/repository/org/springframework/spring-core/5.3.23/spring-core-5.3.23.jar:/home/runner/.m2/repository/org/springframework/spring-jcl/5.3.23/spring-jcl-5.3.23.jar:/home/runner/.m2/repository/org/springframework/spring-tx/5.3.23/spring-tx-5.3.23.jar:/home/runner/.m2/repository/org/apache/ozone/ozone-client/1.4.0-SNAPSHOT/ozone-client-1.4.0-SNAPSHOT.jar:/home/runner/.m2/repository/org/apache/ozone/hdds-erasurecode/1.4.0-SNAPSHOT/hdds-erasurecode-1.4.0-SNAPSHOT.jar:/home/runner/.m2/repository/org/apache/ozone/ozone-filesystem/1.4.0-SNAPSHOT/ozone-filesystem-1.4.0-SNAPSHOT.jar:/home/runner/.m2/repository/org/apache/ozone/ozone-filesystem-common/1.4.0-SNAPSHOT/ozone-filesystem-common-1.4.0-SNAPSHOT.jar:/home/runner/.m2/repository/org/apache/ozone/ozone-tools/1.4.0-SNAPSHOT/ozone-tools-1.4.0-SNAPSHOT.jar:/home/runner/.m2/repository/com/amazonaws/aws-java-sdk-core/1.12.261/aws-java-sdk-core-1.12.261.jar:/home/runner/.m2/repository/org/apache/httpcomponents/httpclient/4.5.13/httpclient-4.5.13.jar:/home/runner/.m2/repository/org/apache/httpcomponents/httpcore/4.4.13/httpcore-4.4.13.jar:/home/runner/.m2/repository/software/amazon/ion/ion-java/1.0.2/ion-java-1.0.2.jar:/home/runner/.m2/repository/com/fasterxml/jackson/dataformat/jackson-dataformat-cbor/2.13.4/jackson-dataformat-cbor-2.13.4.jar:/home/runner/.m2/repository/joda-time/joda-time/2.10.6/joda-time-2.10.6.jar:/home/runner/.m2/repository/com/amazonaws/aws-java-sdk-s3/1.12.261/aws-java-sdk-s3-1.12.261.jar:/home/runner/.m2/repository/com/amazonaws/aws-java-sdk-kms/1.12.261/aws-java-sdk-kms-1.12.261.jar:/home/runner/.m2/repository/com/amazonaws/jmespath-java/1.12.261/jmespath-java-1.12.261.jar:/home/runner/.m2/repository/org/kohsuke/metainf-services/metainf-services/1.8/metainf-services-1.8.jar:/home/runner/.m2/repository/org/apache/ozone/hdds-tools/1.4.0-SNAPSHOT/hdds-tools-1.4.0-SNAPSHOT.jar:/home/runner/.m2/repository/org/apache/ratis/ratis-tools/2.4.2-8b8bdda-SNAPSHOT/ratis-tools-2.4.2-8b8bdda-SNAPSHOT.jar:/home/runner/.m2/repository/org/apache/ratis/ratis-proto/2.4.2-8b8bdda-SNAPSHOT/ratis-proto-2.4.2-8b8bdda-SNAPSHOT.jar:/home/runner/.m2/repository/org/apache/ratis/ratis-common/2.4.2-8b8bdda-SNAPSHOT/ratis-common-2.4.2-8b8bdda-SNAPSHOT.jar:/home/runner/.m2/repository/commons-cli/commons-cli/1.2/commons-cli-1.2.jar:/home/runner/.m2/repository/org/apache/commons/commons-lang3/3.7/commons-lang3-3.7.jar:/home/runner/.m2/repository/org/apache/ozone/ozone-manager/1.4.0-SNAPSHOT/ozone-manager-1.4.0-SNAPSHOT-tests.jar:/home/runner/.m2/repository/org/apache/ozone/hdds-common/1.4.0-SNAPSHOT/hdds-common-1.4.0-SNAPSHOT-tests.jar:/home/runner/.m2/repository/org/apache/ozone/hdds-hadoop-dependency-client/1.4.0-SNAPSHOT/hdds-hadoop-dependency-client-1.4.0-SNAPSHOT.jar:/home/runner/.m2/repository/info/picocli/picocli/4.6.1/picocli-4.6.1.jar:/home/runner/.m2/repository/com/fasterxml/jackson/core/jackson-annotations/2.13.4/jackson-annotations-2.13.4.jar:/home/runner/.m2/repository/com/fasterxml/jackson/datatype/jackson-datatype-jsr310/2.13.4/jackson-datatype-jsr310-2.13.4.jar:/home/runner/.m2/repository/org/apache/ozone/hdds-annotation-processing/1.4.0-SNAPSHOT/hdds-annotation-processing-1.4.0-SNAPSHOT.jar:/home/runner/.m2/repository/javax/annotation/javax.annotation-api/1.2/javax.annotation-api-1.2.jar:/home/runner/.m2/repository/org/apache/ratis/ratis-server/2.4.2-8b8bdda-SNAPSHOT/ratis-server-2.4.2-8b8bdda-SNAPSHOT.jar:/home/runner/.m2/repository/org/apache/ratis/ratis-client/2.4.2-8b8bdda-SNAPSHOT/ratis-client-2.4.2-8b8bdda-SNAPSHOT.jar:/home/runner/.m2/repository/org/apache/ratis/ratis-server-api/2.4.2-8b8bdda-SNAPSHOT/ratis-server-api-2.4.2-8b8bdda-SNAPSHOT.jar:/home/runner/.m2/repository/org/apache/ratis/ratis-metrics/2.4.2-8b8bdda-SNAPSHOT/ratis-metrics-2.4.2-8b8bdda-SNAPSHOT.jar:/home/runner/.m2/repository/org/apache/ratis/ratis-netty/2.4.2-8b8bdda-SNAPSHOT/ratis-netty-2.4.2-8b8bdda-SNAPSHOT.jar:/home/runner/.m2/repository/org/apache/ratis/ratis-grpc/2.4.2-8b8bdda-SNAPSHOT/ratis-grpc-2.4.2-8b8bdda-SNAPSHOT.jar:/home/runner/.m2/repository/org/apache/logging/log4j/log4j-api/2.17.1/log4j-api-2.17.1.jar:/home/runner/.m2/repository/org/apache/commons/commons-pool2/2.6.0/commons-pool2-2.6.0.jar:/home/runner/.m2/repository/org/bouncycastle/bcpkix-jdk15on/1.67/bcpkix-jdk15on-1.67.jar:/home/runner/.m2/repository/commons-validator/commons-validator/1.6/commons-validator-1.6.jar:/home/runner/.m2/repository/commons-beanutils/commons-beanutils/1.9.4/commons-beanutils-1.9.4.jar:/home/runner/.m2/repository/commons-digester/commons-digester/1.8.1/commons-digester-1.8.1.jar:/home/runner/.m2/repository/commons-collections/commons-collections/3.2.2/commons-collections-3.2.2.jar:/home/runner/.m2/repository/io/jaegertracing/jaeger-client/1.6.0/jaeger-client-1.6.0.jar:/home/runner/.m2/repository/io/jaegertracing/jaeger-thrift/1.6.0/jaeger-thrift-1.6.0.jar:/home/runner/.m2/repository/org/apache/thrift/libthrift/0.14.1/libthrift-0.14.1.jar:/home/runner/.m2/repository/io/jaegertracing/jaeger-core/1.6.0/jaeger-core-1.6.0.jar:/home/runner/.m2/repository/io/jaegertracing/jaeger-tracerresolver/1.6.0/jaeger-tracerresolver-1.6.0.jar:/home/runner/.m2/repository/io/opentracing/contrib/opentracing-tracerresolver/0.1.8/opentracing-tracerresolver-0.1.8.jar:/home/runner/.m2/repository/org/jetbrains/kotlin/kotlin-stdlib/1.6.21/kotlin-stdlib-1.6.21.jar:/home/runner/.m2/repository/org/jetbrains/annotations/13.0/annotations-13.0.jar:/home/runner/.m2/repository/io/opentracing/opentracing-util/0.33.0/opentracing-util-0.33.0.jar:/home/runner/.m2/repository/io/opentracing/opentracing-api/0.33.0/opentracing-api-0.33.0.jar:/home/runner/.m2/repository/io/opentracing/opentracing-noop/0.33.0/opentracing-noop-0.33.0.jar:/home/runner/.m2/repository/org/yaml/snakeyaml/1.33/snakeyaml-1.33.jar:/home/runner/.m2/repository/org/apache/ozone/hdds-interface-admin/1.4.0-SNAPSHOT/hdds-interface-admin-1.4.0-SNAPSHOT.jar:/home/runner/.m2/repository/junit/junit/4.13.1/junit-4.13.1.jar:/home/runner/.m2/repository/org/hamcrest/hamcrest-core/1.3/hamcrest-core-1.3.jar:/home/runner/.m2/repository/org/junit/jupiter/junit-jupiter-api/5.8.2/junit-jupiter-api-5.8.2.jar:/home/runner/.m2/repository/org/opentest4j/opentest4j/1.2.0/opentest4j-1.2.0.jar:/home/runner/.m2/repository/org/junit/platform/junit-platform-commons/1.8.2/junit-platform-commons-1.8.2.jar:/home/runner/.m2/repository/org/apiguardian/apiguardian-api/1.1.2/apiguardian-api-1.1.2.jar:/home/runner/.m2/repository/org/junit/jupiter/junit-jupiter-params/5.8.2/junit-jupiter-params-5.8.2.jar:/home/runner/.m2/repository/org/junit/jupiter/junit-jupiter-migrationsupport/5.8.2/junit-jupiter-migrationsupport-5.8.2.jar:/home/runner/.m2/repository/org/junit/jupiter/junit-jupiter-engine/5.8.2/junit-jupiter-engine-5.8.2.jar:/home/runner/.m2/repository/org/junit/platform/junit-platform-engine/1.8.2/junit-platform-engine-1.8.2.jar:/home/runner/.m2/repository/org/junit/vintage/junit-vintage-engine/5.8.2/junit-vintage-engine-5.8.2.jar:/home/runner/.m2/repository/org/junit/platform/junit-platform-launcher/1.8.2/junit-platform-launcher-1.8.2.jar:/home/runner/.m2/repository/org/mockito/mockito-core/2.28.2/mockito-core-2.28.2.jar:/home/runner/.m2/repository/net/bytebuddy/byte-buddy/1.9.10/byte-buddy-1.9.10.jar:/home/runner/.m2/repository/net/bytebuddy/byte-buddy-agent/1.9.10/byte-buddy-agent-1.9.10.jar:/home/runner/.m2/repository/org/objenesis/objenesis/1.0/objenesis-1.0.jar:/home/runner/.m2/repository/org/apache/hadoop/hadoop-kms/3.3.4/hadoop-kms-3.3.4.jar:/home/runner/.m2/repository/org/apache/hadoop/hadoop-auth/3.3.4/hadoop-auth-3.3.4.jar:/home/runner/.m2/repository/com/nimbusds/nimbus-jose-jwt/9.8.1/nimbus-jose-jwt-9.8.1.jar:/home/runner/.m2/repository/com/github/stephenc/jcip/jcip-annotations/1.0-1/jcip-annotations-1.0-1.jar:/home/runner/.m2/repository/net/minidev/json-smart/2.4.7/json-smart-2.4.7.jar:/home/runner/.m2/repository/net/minidev/accessors-smart/2.4.7/accessors-smart-2.4.7.jar:/home/runner/.m2/repository/org/ow2/asm/asm/5.0.4/asm-5.0.4.jar:/home/runner/.m2/repository/org/apache/zookeeper/zookeeper/3.5.6/zookeeper-3.5.6.jar:/home/runner/.m2/repository/org/apache/zookeeper/zookeeper-jute/3.5.6/zookeeper-jute-3.5.6.jar:/home/runner/.m2/repository/org/apache/yetus/audience-annotations/0.5.0/audience-annotations-0.5.0.jar:/home/runner/.m2/repository/org/apache/curator/curator-framework/4.2.0/curator-framework-4.2.0.jar:/home/runner/.m2/repository/org/apache/hadoop/thirdparty/hadoop-shaded-guava/1.1.1/hadoop-shaded-guava-1.1.1.jar:/home/runner/.m2/repository/com/sun/jersey/jersey-core/1.19/jersey-core-1.19.jar:/home/runner/.m2/repository/javax/ws/rs/jsr311-api/1.1.1/jsr311-api-1.1.1.jar:/home/runner/.m2/repository/com/sun/jersey/jersey-server/1.19/jersey-server-1.19.jar:/home/runner/.m2/repository/javax/servlet/javax.servlet-api/3.1.0/javax.servlet-api-3.1.0.jar:/home/runner/.m2/repository/org/eclipse/jetty/jetty-server/9.4.49.v20220914/jetty-server-9.4.49.v20220914.jar:/home/runner/.m2/repository/org/eclipse/jetty/jetty-http/9.4.49.v20220914/jetty-http-9.4.49.v20220914.jar:/home/runner/.m2/repository/org/eclipse/jetty/jetty-io/9.4.49.v20220914/jetty-io-9.4.49.v20220914.jar:/home/runner/.m2/repository/org/eclipse/jetty/jetty-webapp/9.4.49.v20220914/jetty-webapp-9.4.49.v20220914.jar:/home/runner/.m2/repository/org/eclipse/jetty/jetty-xml/9.4.49.v20220914/jetty-xml-9.4.49.v20220914.jar:/home/runner/.m2/repository/org/apache/hadoop/hadoop-common/3.3.4/hadoop-common-3.3.4.jar:/home/runner/.m2/repository/org/apache/commons/commons-math3/3.1.1/commons-math3-3.1.1.jar:/home/runner/.m2/repository/commons-net/commons-net/3.9.0/commons-net-3.9.0.jar:/home/runner/.m2/repository/com/sun/jersey/jersey-servlet/1.19/jersey-servlet-1.19.jar:/home/runner/.m2/repository/com/sun/jersey/jersey-json/1.19/jersey-json-1.19.jar:/home/runner/.m2/repository/org/codehaus/jettison/jettison/1.1/jettison-1.1.jar:/home/runner/.m2/repository/com/sun/xml/bind/jaxb-impl/2.2.3-1/jaxb-impl-2.2.3-1.jar:/home/runner/.m2/repository/org/codehaus/jackson/jackson-xc/1.9.2/jackson-xc-1.9.2.jar:/home/runner/.m2/repository/com/google/re2j/re2j/1.1/re2j-1.1.jar:/home/runner/.m2/repository/com/jcraft/jsch/0.1.54/jsch-0.1.54.jar:/home/runner/.m2/repository/org/apache/curator/curator-client/4.2.0/curator-client-4.2.0.jar:/home/runner/.m2/repository/org/apache/curator/curator-recipes/4.2.0/curator-recipes-4.2.0.jar:/home/runner/.m2/repository/org/apache/kerby/kerb-core/1.0.1/kerb-core-1.0.1.jar:/home/runner/.m2/repository/org/apache/kerby/kerby-pkix/1.0.1/kerby-pkix-1.0.1.jar:/home/runner/.m2/repository/org/apache/kerby/kerby-asn1/1.0.1/kerby-asn1-1.0.1.jar:/home/runner/.m2/repository/org/apache/kerby/kerby-util/1.0.1/kerby-util-1.0.1.jar:/home/runner/.m2/repository/dnsjava/dnsjava/2.1.7/dnsjava-2.1.7.jar:/home/runner/.m2/repository/org/xerial/snappy/snappy-java/1.1.8.2/snappy-java-1.1.8.2.jar:/home/runner/.m2/repository/org/eclipse/jetty/jetty-util/9.4.49.v20220914/jetty-util-9.4.49.v20220914.jar:/home/runner/.m2/repository/com/fasterxml/jackson/core/jackson-databind/2.13.4.2/jackson-databind-2.13.4.2.jar:/home/runner/.m2/repository/org/apache/hadoop/hadoop-kms/3.3.4/hadoop-kms-3.3.4-tests.jar:/home/runner/.m2/repository/org/apache/ozone/hdds-server-scm/1.4.0-SNAPSHOT/hdds-server-scm-1.4.0-SNAPSHOT-tests.jar:/home/runner/.m2/repository/org/apache/ozone/hdds-container-service/1.4.0-SNAPSHOT/hdds-container-service-1.4.0-SNAPSHOT-tests.jar:/home/runner/.m2/repository/com/github/luben/zstd-jni/1.5.2-5/zstd-jni-1.5.2-5.jar:/home/runner/.m2/repository/commons-codec/commons-codec/1.15/commons-codec-1.15.jar:/home/runner/.m2/repository/io/netty/netty-codec/4.1.86.Final/netty-codec-4.1.86.Final.jar:/home/runner/.m2/repository/io/netty/netty-handler/4.1.86.Final/netty-handler-4.1.86.Final.jar:/home/runner/.m2/repository/org/apache/ozone/hdds-hadoop-dependency-test/1.4.0-SNAPSHOT/hdds-hadoop-dependency-test-1.4.0-SNAPSHOT.jar:/home/runner/.m2/repository/org/apache/hadoop/hadoop-common/3.3.4/hadoop-common-3.3.4-tests.jar:/home/runner/.m2/repository/org/apache/hadoop/hadoop-hdfs/3.3.4/hadoop-hdfs-3.3.4-tests.jar:/home/runner/.m2/repository/org/assertj/assertj-core/3.12.2/assertj-core-3.12.2.jar:/home/runner/.m2/repository/org/apache/hadoop/hadoop-distcp/3.3.4/hadoop-distcp-3.3.4.jar:/home/runner/.m2/repository/org/apache/hadoop/hadoop-mapreduce-client-jobclient/3.3.4/hadoop-mapreduce-client-jobclient-3.3.4.jar:/home/runner/.m2/repository/org/apache/hadoop/hadoop-mapreduce-client-common/3.3.4/hadoop-mapreduce-client-common-3.3.4.jar:/home/runner/.m2/repository/org/apache/hadoop/hadoop-yarn-common/3.3.4/hadoop-yarn-common-3.3.4.jar:/home/runner/.m2/repository/org/apache/hadoop/hadoop-yarn-api/3.3.4/hadoop-yarn-api-3.3.4.jar:/home/runner/.m2/repository/com/sun/jersey/contribs/jersey-guice/1.19/jersey-guice-1.19.jar:/home/runner/.m2/repository/com/fasterxml/jackson/jaxrs/jackson-jaxrs-json-provider/2.13.4/jackson-jaxrs-json-provider-2.13.4.jar:/home/runner/.m2/repository/com/fasterxml/jackson/jaxrs/jackson-jaxrs-base/2.13.4/jackson-jaxrs-base-2.13.4.jar:/home/runner/.m2/repository/org/apache/hadoop/hadoop-yarn-client/3.3.4/hadoop-yarn-client-3.3.4.jar:/home/runner/.m2/repository/org/eclipse/jetty/websocket/websocket-client/9.4.43.v20210629/websocket-client-9.4.43.v20210629.jar:/home/runner/.m2/repository/org/eclipse/jetty/websocket/websocket-common/9.4.43.v20210629/websocket-common-9.4.43.v20210629.jar:/home/runner/.m2/repository/org/eclipse/jetty/websocket/websocket-api/9.4.43.v20210629/websocket-api-9.4.43.v20210629.jar:/home/runner/.m2/repository/org/jline/jline/3.9.0/jline-3.9.0.jar:/home/runner/.m2/repository/org/apache/hadoop/hadoop-mapreduce-client-core/3.3.4/hadoop-mapreduce-client-core-3.3.4.jar:/home/runner/.m2/repository/org/apache/avro/avro/1.7.7/avro-1.7.7.jar:/home/runner/.m2/repository/org/codehaus/jackson/jackson-core-asl/1.9.13/jackson-core-asl-1.9.13.jar:/home/runner/.m2/repository/org/codehaus/jackson/jackson-mapper-asl/1.9.13/jackson-mapper-asl-1.9.13.jar:/home/runner/.m2/repository/com/thoughtworks/paranamer/paranamer/2.3/paranamer-2.3.jar:/home/runner/.m2/repository/org/apache/hadoop/hadoop-annotations/3.3.4/hadoop-annotations-3.3.4.jar:/usr/lib/jvm/temurin-8-jdk-amd64/jre/../lib/tools.jar:/home/runner/.m2/repository/io/netty/netty/3.10.6.Final/netty-3.10.6.Final.jar:/home/runner/.m2/repository/org/apache/hadoop/hadoop-distcp/3.3.4/hadoop-distcp-3.3.4-tests.jar:/home/runner/.m2/repository/org/slf4j/jul-to-slf4j/1.7.36/jul-to-slf4j-1.7.36.jar:"/>
    <property name="sun.cpu.endian" value="little"/>
    <property name="user.home" value="/home/runner"/>
    <property name="user.language" value="en"/>
    <property name="java.specification.vendor" value="Oracle Corporation"/>
    <property name="java.home" value="/usr/lib/jvm/temurin-8-jdk-amd64/jre"/>
    <property name="java.security.krb5.conf" value="/home/runner/work/ozone/ozone/hadoop-ozone/integration-test/target/test-classes/krb5.conf"/>
    <property name="basedir" value="/home/runner/work/ozone/ozone/hadoop-ozone/integration-test"/>
    <property name="file.separator" value="/"/>
    <property name="line.separator" value="&#10;"/>
    <property name="java.vm.specification.vendor" value="Oracle Corporation"/>
    <property name="java.specification.name" value="Java Platform API Specification"/>
    <property name="java.awt.graphicsenv" value="sun.awt.X11GraphicsEnvironment"/>
    <property name="skip.installnpx" value="true"/>
    <property name="surefire.real.class.path" value="/home/runner/work/ozone/ozone/hadoop-ozone/integration-test/target/surefire/surefirebooter2821909787208536469.jar:/home/runner/.m2/repository/org/jacoco/org.jacoco.agent/0.8.5/org.jacoco.agent-0.8.5-runtime.jar"/>
    <property name="hadoop.log.dir" value="/home/runner/work/ozone/ozone/hadoop-ozone/integration-test/target/log"/>
    <property name="sun.boot.class.path" value="/usr/lib/jvm/temurin-8-jdk-amd64/jre/lib/resources.jar:/usr/lib/jvm/temurin-8-jdk-amd64/jre/lib/rt.jar:/usr/lib/jvm/temurin-8-jdk-amd64/jre/lib/sunrsasign.jar:/usr/lib/jvm/temurin-8-jdk-amd64/jre/lib/jsse.jar:/usr/lib/jvm/temurin-8-jdk-amd64/jre/lib/jce.jar:/usr/lib/jvm/temurin-8-jdk-amd64/jre/lib/charsets.jar:/usr/lib/jvm/temurin-8-jdk-amd64/jre/lib/jfr.jar:/usr/lib/jvm/temurin-8-jdk-amd64/jre/classes"/>
    <property name="sun.management.compiler" value="HotSpot 64-Bit Tiered Compilers"/>
    <property name="skip.npx" value="true"/>
    <property name="java.runtime.version" value="1.8.0_352-b08"/>
    <property name="java.net.preferIPv4Stack" value="true"/>
    <property name="user.name" value="runner"/>
    <property name="path.separator" value=":"/>
    <property name="java.security.egd" value="file:///dev/urandom"/>
    <property name="os.version" value="5.15.0-1031-azure"/>
    <property name="java.endorsed.dirs" value="/usr/lib/jvm/temurin-8-jdk-amd64/jre/lib/endorsed"/>
    <property name="java.runtime.name" value="OpenJDK Runtime Environment"/>
    <property name="file.encoding" value="UTF-8"/>
    <property name="java.vm.name" value="OpenJDK 64-Bit Server VM"/>
    <property name="test.build.webapps" value=""/>
    <property name="localRepository" value="/home/runner/.m2/repository"/>
    <property name="jetty.git.hash" value="4231a3b2e4cb8548a412a789936d640a97b1aa0a"/>
    <property name="java.vendor.url.bug" value="https://github.com/adoptium/adoptium-support/issues"/>
    <property name="java.io.tmpdir" value="/tmp"/>
    <property name="require.test.libhadoop" value=""/>
    <property name="java.version" value="1.8.0_352"/>
    <property name="user.dir" value="/home/runner/work/ozone/ozone/hadoop-ozone/integration-test"/>
    <property name="os.arch" value="amd64"/>
    <property name="java.vm.specification.name" value="Java Virtual Machine Specification"/>
    <property name="test.build.classes" value="/home/runner/work/ozone/ozone/hadoop-ozone/integration-test/target/test-classes"/>
    <property name="java.awt.printerjob" value="sun.print.PSPrinterJob"/>
    <property name="sun.os.patch.level" value="unknown"/>
    <property name="org.apache.ratis.thirdparty.io.netty.allocator.useCacheForAllThreads" value="false"/>
    <property name="hadoop.tmp.dir" value="/home/runner/work/ozone/ozone/hadoop-ozone/integration-test/target/tmp"/>
    <property name="java.library.path" value="/usr/java/packages/lib/amd64:/usr/lib64:/lib64:/lib:/usr/lib"/>
    <property name="java.vm.info" value="mixed mode"/>
    <property name="java.vendor" value="Temurin"/>
    <property name="java.vm.version" value="25.352-b08"/>
    <property name="java.specification.maintenance.version" value="4"/>
    <property name="java.ext.dirs" value="/usr/lib/jvm/temurin-8-jdk-amd64/jre/lib/ext:/usr/java/packages/lib/ext"/>
    <property name="sun.io.unicode.encoding" value="UnicodeLittle"/>
    <property name="java.class.version" value="52.0"/>
  </properties>
  <testcase name="testFlushChunk" classname="org.apache.hadoop.ozone.client.rpc.TestBlockOutputStreamFlushDelay" time="0.922">
    <system-out><![CDATA[2023-01-30 12:43:32,027 [main] WARN  server.ServerUtils (ServerUtils.java:getScmDbDir(148)) - ozone.scm.db.dirs is not configured. We recommend adding this setting. Falling back to ozone.metadata.dirs instead.
2023-01-30 12:43:32,120 [main] WARN  server.ServerUtils (ServerUtils.java:getScmDbDir(148)) - ozone.scm.db.dirs is not configured. We recommend adding this setting. Falling back to ozone.metadata.dirs instead.
2023-01-30 12:43:32,123 [main] INFO  ha.SCMHANodeDetails (SCMHANodeDetails.java:loadSCMHAConfig(209)) - ServiceID for StorageContainerManager is null
2023-01-30 12:43:32,134 [main] WARN  ha.SCMHANodeDetails (SCMHANodeDetails.java:validateSCMHAConfig(182)) - Invalid config ozone.scm.ratis.enable. The config was not specified, but the default value true conflicts with the expected config value false. Falling back to the expected value. Current State of SCM: SCM is running in Non-HA without Ratis Ratis SCM -> Non Ratis SCM or Non HA SCM -> HA SCM is not supported
2023-01-30 12:43:32,134 [main] INFO  ha.SCMHANodeDetails (SCMHANodeDetails.java:loadSCMHAConfig(214)) - ozone.scm.default.service.id is not defined, falling back to ozone.scm.service.ids to find serviceID for StorageContainerManager if it is HA enabled cluster
2023-01-30 12:43:32,630 [main] WARN  utils.HAUtils (HAUtils.java:getMetaDir(342)) - ozone.scm.db.dirs is not configured. We recommend adding this setting. Falling back to ozone.metadata.dirs instead.
2023-01-30 12:43:32,766 [main] WARN  db.DBStoreBuilder (DBStoreBuilder.java:applyDBDefinition(144)) - ozone.scm.db.dirs is not configured. We recommend adding this setting. Falling back to ozone.metadata.dirs instead.
2023-01-30 12:43:33,054 [main] INFO  net.NodeSchemaLoader (NodeSchemaLoader.java:loadSchemaFromFile(129)) - Loading schema from [jar:file:/home/runner/.m2/repository/org/apache/ozone/hdds-common/1.4.0-SNAPSHOT/hdds-common-1.4.0-SNAPSHOT.jar!/network-topology-default.xml]
2023-01-30 12:43:33,055 [main] INFO  net.NodeSchemaLoader (NodeSchemaLoader.java:loadSchema(176)) - Loading network topology layer schema file
2023-01-30 12:43:33,094 [main] INFO  metrics.MetricRegistries (MetricRegistriesLoader.java:load(64)) - Loaded MetricRegistries class org.apache.ratis.metrics.impl.MetricRegistriesImpl
2023-01-30 12:43:33,098 [main] INFO  upgrade.AbstractLayoutVersionManager (AbstractLayoutVersionManager.java:init(83)) - Initializing Layout version manager with metadata layout = DATANODE_SCHEMA_V3 (version = 4), software layout = DATANODE_SCHEMA_V3 (version = 4)
2023-01-30 12:43:33,271 [main] INFO  reflections.Reflections (Reflections.java:scan(232)) - Reflections took 115 ms to scan 7 urls, producing 148 keys and 357 values 
2023-01-30 12:43:33,358 [main] INFO  ha.SequenceIdGenerator (SequenceIdGenerator.java:upgradeToSequenceId(349)) - upgrade localId to 111677748019200000
2023-01-30 12:43:33,358 [main] INFO  ha.SequenceIdGenerator (SequenceIdGenerator.java:upgradeToSequenceId(359)) - upgrade delTxnId to 0
2023-01-30 12:43:33,361 [main] INFO  ha.SequenceIdGenerator (SequenceIdGenerator.java:upgradeToSequenceId(376)) - upgrade containerId to 0
2023-01-30 12:43:33,363 [main] INFO  ha.SequenceIdGenerator (SequenceIdGenerator.java:<init>(220)) - Init the HA SequenceIdGenerator.
2023-01-30 12:43:33,415 [main] INFO  node.SCMNodeManager (SCMNodeManager.java:<init>(149)) - Entering startup safe mode.
2023-01-30 12:43:33,472 [main] INFO  algorithms.ContainerPlacementPolicyFactory (ContainerPlacementPolicyFactory.java:getPolicyInternal(86)) - Create container placement policy of type org.apache.hadoop.hdds.scm.container.placement.algorithms.SCMContainerPlacementRandom
2023-01-30 12:43:33,484 [main] INFO  algorithms.ContainerPlacementPolicyFactory (ContainerPlacementPolicyFactory.java:getPolicyInternal(86)) - Create container placement policy of type org.apache.hadoop.hdds.scm.container.placement.algorithms.SCMContainerPlacementRackScatter
2023-01-30 12:43:33,492 [main] INFO  pipeline.PipelineStateManagerImpl (PipelineStateManagerImpl.java:initialize(78)) - No pipeline exists in current db
2023-01-30 12:43:33,526 [main] INFO  algorithms.LeaderChoosePolicyFactory (LeaderChoosePolicyFactory.java:getPolicy(57)) - Create leader choose policy of type org.apache.hadoop.hdds.scm.pipeline.leader.choose.algorithms.MinLeaderCountChoosePolicy
2023-01-30 12:43:33,526 [main] INFO  algorithms.ContainerPlacementPolicyFactory (ContainerPlacementPolicyFactory.java:getPolicyInternal(86)) - Create container placement policy of type org.apache.hadoop.hdds.scm.container.placement.algorithms.SCMContainerPlacementRackScatter
2023-01-30 12:43:33,531 [main] INFO  ha.SCMServiceManager (SCMServiceManager.java:register(42)) - Registering service BackgroundPipelineCreator.
2023-01-30 12:43:33,532 [main] INFO  pipeline.BackgroundPipelineCreator (BackgroundPipelineCreator.java:start(124)) - Starting RatisPipelineUtilsThread.
2023-01-30 12:43:33,535 [main] INFO  BackgroundPipelineScrubber (BackgroundSCMService.java:start(68)) - Starting BackgroundPipelineScrubber Service.
2023-01-30 12:43:33,540 [main] INFO  ha.SCMServiceManager (SCMServiceManager.java:register(42)) - Registering service BackgroundPipelineScrubber.
2023-01-30 12:43:33,546 [main] INFO  ExpiredContainerReplicaOpScrubber (BackgroundSCMService.java:start(68)) - Starting ExpiredContainerReplicaOpScrubber Service.
2023-01-30 12:43:33,547 [main] INFO  ha.SCMServiceManager (SCMServiceManager.java:register(42)) - Registering service ExpiredContainerReplicaOpScrubber.
2023-01-30 12:43:33,594 [main] INFO  algorithms.PipelineChoosePolicyFactory (PipelineChoosePolicyFactory.java:createPipelineChoosePolicyFromClass(73)) - Create pipeline choose policy of type org.apache.hadoop.hdds.scm.pipeline.choose.algorithms.RandomPipelineChoosePolicy
2023-01-30 12:43:33,613 [main] INFO  ha.SCMServiceManager (SCMServiceManager.java:register(42)) - Registering service SCMBlockDeletingService.
2023-01-30 12:43:33,676 [main] INFO  replication.ReplicationManager (ReplicationManager.java:start(263)) - Starting Replication Monitor Thread.
2023-01-30 12:43:33,684 [main] INFO  ha.SCMServiceManager (SCMServiceManager.java:register(42)) - Registering service ReplicationManager.
2023-01-30 12:43:33,688 [ReplicationMonitor] INFO  replication.ReplicationManager (ReplicationManager.java:processAll(334)) - Replication Manager is not ready to run until 3000ms after safemode exit
2023-01-30 12:43:33,695 [main] INFO  safemode.ContainerSafeModeRule (ContainerSafeModeRule.java:<init>(89)) - containers with one replica threshold count 0
2023-01-30 12:43:33,699 [main] INFO  safemode.HealthyPipelineSafeModeRule (HealthyPipelineSafeModeRule.java:initializeRule(169)) - Total pipeline count is 0, healthy pipeline threshold count is 1
2023-01-30 12:43:33,701 [main] INFO  safemode.OneReplicaPipelineSafeModeRule (OneReplicaPipelineSafeModeRule.java:initializeRule(180)) - Total pipeline count is 0, pipeline's with at least one datanode reported threshold count is 0
2023-01-30 12:43:33,986 [main] INFO  audit.AuditLogger (AuditLogger.java:refreshDebugCmdSet(126)) - Refresh DebugCmdSet for SCMAudit to [].
2023-01-30 12:43:34,015 [main] INFO  ipc.CallQueueManager (CallQueueManager.java:<init>(90)) - Using callQueue: class java.util.concurrent.LinkedBlockingQueue, queueCapacity: 2000, scheduler: class org.apache.hadoop.ipc.DefaultRpcScheduler, ipcBackoff: false.
2023-01-30 12:43:34,051 [Socket Reader #1 for port 0] INFO  ipc.Server (Server.java:run(1273)) - Starting Socket Reader #1 for port 0
2023-01-30 12:43:34,119 [Listener at 0.0.0.0/41705] INFO  audit.AuditLogger (AuditLogger.java:refreshDebugCmdSet(126)) - Refresh DebugCmdSet for SCMAudit to [].
2023-01-30 12:43:34,128 [Listener at 0.0.0.0/41705] INFO  ipc.CallQueueManager (CallQueueManager.java:<init>(90)) - Using callQueue: class java.util.concurrent.LinkedBlockingQueue, queueCapacity: 2000, scheduler: class org.apache.hadoop.ipc.DefaultRpcScheduler, ipcBackoff: false.
2023-01-30 12:43:34,129 [Socket Reader #1 for port 0] INFO  ipc.Server (Server.java:run(1273)) - Starting Socket Reader #1 for port 0
2023-01-30 12:43:34,161 [Listener at 0.0.0.0/37131] INFO  audit.AuditLogger (AuditLogger.java:refreshDebugCmdSet(126)) - Refresh DebugCmdSet for SCMAudit to [].
2023-01-30 12:43:34,173 [Listener at 0.0.0.0/37131] INFO  ipc.CallQueueManager (CallQueueManager.java:<init>(90)) - Using callQueue: class java.util.concurrent.LinkedBlockingQueue, queueCapacity: 2000, scheduler: class org.apache.hadoop.ipc.DefaultRpcScheduler, ipcBackoff: false.
2023-01-30 12:43:34,175 [Socket Reader #1 for port 0] INFO  ipc.Server (Server.java:run(1273)) - Starting Socket Reader #1 for port 0
2023-01-30 12:43:34,227 [Listener at 0.0.0.0/33777] INFO  ha.SCMServiceManager (SCMServiceManager.java:register(42)) - Registering service ContainerBalancer.
2023-01-30 12:43:34,229 [Listener at 0.0.0.0/33777] INFO  server.StorageContainerManager (StorageContainerManager.java:<init>(401)) - 
Container Balancer status:
Key                            Value
Running                        true
Container Balancer Configuration values:
Key                                                Value
Threshold                                          10
Max Datanodes to Involve per Iteration(percent)    20
Max Size to Move per Iteration                     500GB
Max Size Entering Target per Iteration             26GB
Max Size Leaving Source per Iteration              26GB

2023-01-30 12:43:34,229 [Listener at 0.0.0.0/33777] INFO  ha.SCMContext (SCMContext.java:updateSafeModeStatus(228)) - Update SafeModeStatus from SafeModeStatus{safeModeStatus=true, preCheckPassed=false} to SafeModeStatus{safeModeStatus=true, preCheckPassed=false}.
2023-01-30 12:43:34,235 [Listener at 0.0.0.0/33777] INFO  server.StorageContainerManager (StorageContainerManager.java:start(1440)) - StorageContainerLocationProtocol RPC server is listening at /0.0.0.0:33777
2023-01-30 12:43:34,298 [Listener at 0.0.0.0/33777] WARN  impl.MetricsConfig (MetricsConfig.java:loadFirst(136)) - Cannot locate configuration: tried hadoop-metrics2-storagecontainermanager.properties,hadoop-metrics2.properties
2023-01-30 12:43:34,314 [Listener at 0.0.0.0/33777] INFO  impl.MetricsSystemImpl (MetricsSystemImpl.java:startTimer(378)) - Scheduled Metric snapshot period at 10 second(s).
2023-01-30 12:43:34,314 [Listener at 0.0.0.0/33777] INFO  impl.MetricsSystemImpl (MetricsSystemImpl.java:start(191)) - StorageContainerManager metrics system started
2023-01-30 12:43:34,633 [Listener at 0.0.0.0/33777] INFO  server.SCMClientProtocolServer (SCMClientProtocolServer.java:start(170)) - RPC server for Client  is listening at /0.0.0.0:33777
2023-01-30 12:43:34,633 [IPC Server Responder] INFO  ipc.Server (Server.java:run(1512)) - IPC Server Responder: starting
2023-01-30 12:43:34,634 [IPC Server listener on 0] INFO  ipc.Server (Server.java:run(1352)) - IPC Server listener on 0: starting
2023-01-30 12:43:34,641 [Listener at 0.0.0.0/33777] INFO  server.StorageContainerManager (StorageContainerManager.java:start(1454)) - ScmBlockLocationProtocol RPC server is listening at /0.0.0.0:37131
2023-01-30 12:43:34,642 [Listener at 0.0.0.0/33777] INFO  server.SCMBlockProtocolServer (SCMBlockProtocolServer.java:start(152)) - RPC server for Block Protocol is listening at /0.0.0.0:37131
2023-01-30 12:43:34,642 [IPC Server Responder] INFO  ipc.Server (Server.java:run(1512)) - IPC Server Responder: starting
2023-01-30 12:43:34,642 [IPC Server listener on 0] INFO  ipc.Server (Server.java:run(1352)) - IPC Server listener on 0: starting
2023-01-30 12:43:34,645 [Listener at 0.0.0.0/33777] INFO  server.SCMDatanodeProtocolServer (SCMDatanodeProtocolServer.java:start(194)) - ScmDatanodeProtocol RPC server for DataNodes is listening at /0.0.0.0:41705
2023-01-30 12:43:34,645 [IPC Server Responder] INFO  ipc.Server (Server.java:run(1512)) - IPC Server Responder: starting
2023-01-30 12:43:34,646 [IPC Server listener on 0] INFO  ipc.Server (Server.java:run(1352)) - IPC Server listener on 0: starting
2023-01-30 12:43:34,665 [org.apache.hadoop.util.JvmPauseMonitor$Monitor@24ac87a] INFO  util.JvmPauseMonitor (JvmPauseMonitor.java:run(188)) - Starting JVM pause monitor
2023-01-30 12:43:34,676 [Listener at 0.0.0.0/33777] INFO  http.BaseHttpServer (BaseHttpServer.java:newHttpServer2BuilderForOzone(213)) - Starting Web-server for scm at: http://0.0.0.0:0
2023-01-30 12:43:34,676 [Listener at 0.0.0.0/33777] INFO  http.BaseHttpServer (BaseHttpServer.java:<init>(108)) - Hadoop Security Enabled: false Ozone Security Enabled: false Ozone HTTP Security Enabled: false 
2023-01-30 12:43:34,702 [Listener at 0.0.0.0/33777] INFO  util.log (Log.java:initialized(170)) - Logging initialized @3935ms to org.eclipse.jetty.util.log.Slf4jLog
2023-01-30 12:43:34,806 [Listener at 0.0.0.0/33777] WARN  server.AuthenticationFilter (AuthenticationFilter.java:constructSecretProvider(240)) - Unable to initialize FileSignerSecretProvider, falling back to use random secrets. Reason: Could not read signature secret file: /home/runner/hadoop-http-auth-signature-secret
2023-01-30 12:43:34,817 [Listener at 0.0.0.0/33777] WARN  http.HttpRequestLog (HttpRequestLog.java:getRequestLog(103)) - Jetty request log can only be enabled using Log4j
2023-01-30 12:43:34,823 [Listener at 0.0.0.0/33777] INFO  http.HttpServer2 (HttpServer2.java:addGlobalFilter(1031)) - Added global filter 'safety' (class=org.apache.hadoop.hdds.server.http.HttpServer2$QuotingInputFilter)
2023-01-30 12:43:34,825 [Listener at 0.0.0.0/33777] INFO  http.HttpServer2 (HttpServer2.java:addFilter(1007)) - Added filter static_user_filter (class=org.apache.hadoop.http.lib.StaticUserWebFilter$StaticUserFilter) to context scm
2023-01-30 12:43:34,826 [Listener at 0.0.0.0/33777] INFO  http.HttpServer2 (HttpServer2.java:addFilter(1015)) - Added filter static_user_filter (class=org.apache.hadoop.http.lib.StaticUserWebFilter$StaticUserFilter) to context static
2023-01-30 12:43:34,826 [Listener at 0.0.0.0/33777] INFO  http.HttpServer2 (HttpServer2.java:addFilter(1015)) - Added filter static_user_filter (class=org.apache.hadoop.http.lib.StaticUserWebFilter$StaticUserFilter) to context logs
2023-01-30 12:43:34,864 [Listener at 0.0.0.0/33777] INFO  http.HttpServer2 (HttpServer2.java:bindListener(1250)) - Jetty bound to port 36059
2023-01-30 12:43:34,866 [Listener at 0.0.0.0/33777] INFO  server.Server (Server.java:doStart(375)) - jetty-9.4.49.v20220914; built: 2022-09-14T01:07:36.601Z; git: 4231a3b2e4cb8548a412a789936d640a97b1aa0a; jvm 1.8.0_352-b08
2023-01-30 12:43:34,902 [Listener at 0.0.0.0/33777] INFO  server.session (DefaultSessionIdManager.java:doStart(334)) - DefaultSessionIdManager workerName=node0
2023-01-30 12:43:34,903 [Listener at 0.0.0.0/33777] INFO  server.session (DefaultSessionIdManager.java:doStart(339)) - No SessionScavenger set, using defaults
2023-01-30 12:43:34,905 [Listener at 0.0.0.0/33777] INFO  server.session (HouseKeeper.java:startScavenging(132)) - node0 Scavenging every 660000ms
2023-01-30 12:43:34,919 [Listener at 0.0.0.0/33777] INFO  handler.ContextHandler (ContextHandler.java:doStart(921)) - Started o.e.j.s.ServletContextHandler@4560eb15{logs,/logs,file:///home/runner/work/ozone/ozone/hadoop-ozone/integration-test/target/log,AVAILABLE}
2023-01-30 12:43:34,920 [Listener at 0.0.0.0/33777] INFO  handler.ContextHandler (ContextHandler.java:doStart(921)) - Started o.e.j.s.ServletContextHandler@7be86438{static,/static,file:///home/runner/work/ozone/ozone/hadoop-ozone/integration-test/target/test-classes/webapps/static,AVAILABLE}
2023-01-30 12:43:34,964 [Listener at 0.0.0.0/33777] INFO  handler.ContextHandler (ContextHandler.java:doStart(921)) - Started o.e.j.w.WebAppContext@7d381eae{scm,/,file:///home/runner/work/ozone/ozone/hadoop-ozone/integration-test/target/test-classes/webapps/scm/,AVAILABLE}{file:/home/runner/work/ozone/ozone/hadoop-ozone/integration-test/target/test-classes/webapps/scm}
2023-01-30 12:43:34,973 [Listener at 0.0.0.0/33777] INFO  server.AbstractConnector (AbstractConnector.java:doStart(333)) - Started ServerConnector@64745270{HTTP/1.1, (http/1.1)}{0.0.0.0:36059}
2023-01-30 12:43:34,973 [Listener at 0.0.0.0/33777] INFO  server.Server (Server.java:doStart(415)) - Started @4207ms
2023-01-30 12:43:34,976 [Listener at 0.0.0.0/33777] INFO  impl.MetricsSinkAdapter (MetricsSinkAdapter.java:start(204)) - Sink prometheus started
2023-01-30 12:43:34,976 [Listener at 0.0.0.0/33777] INFO  impl.MetricsSystemImpl (MetricsSystemImpl.java:registerSink(305)) - Registered sink prometheus
2023-01-30 12:43:34,977 [Listener at 0.0.0.0/33777] INFO  http.BaseHttpServer (BaseHttpServer.java:updateConnectorAddress(333)) - HTTP server of scm listening at http://0.0.0.0:36059
2023-01-30 12:43:34,979 [Listener at 0.0.0.0/33777] WARN  server.ServerUtils (ServerUtils.java:getDBPath(225)) - ozone.om.db.dirs is not configured. We recommend adding this setting. Falling back to ozone.metadata.dirs instead.
2023-01-30 12:43:35,037 [Listener at 0.0.0.0/33777] INFO  audit.AuditLogger (AuditLogger.java:refreshDebugCmdSet(126)) - Refresh DebugCmdSet for OMAudit to [].
2023-01-30 12:43:35,126 [Listener at 0.0.0.0/33777] INFO  ha.OMHANodeDetails (OMHANodeDetails.java:loadOMHAConfig(115)) - ozone.om.internal.service.id is not defined, falling back to ozone.om.service.ids to find serviceID for OzoneManager if it is HA enabled cluster
2023-01-30 12:43:35,130 [Listener at 0.0.0.0/33777] INFO  ha.OMHANodeDetails (OMHANodeDetails.java:loadOMHAConfig(226)) - Configuration does not have ozone.om.address set. Falling back to the default OM address /127.0.0.1:0
2023-01-30 12:43:35,130 [Listener at 0.0.0.0/33777] INFO  ha.OMHANodeDetails (OMHANodeDetails.java:getOMNodeDetailsForNonHA(254)) - OM Service ID is not set. Setting it to the default ID: omServiceIdDefault
2023-01-30 12:43:35,130 [Listener at 0.0.0.0/33777] INFO  ha.OMHANodeDetails (OMHANodeDetails.java:getOMNodeDetailsForNonHA(261)) - OM Node ID is not set. Setting it to the default ID: om1
2023-01-30 12:43:35,137 [Listener at 0.0.0.0/33777] WARN  server.ServerUtils (ServerUtils.java:getDBPath(225)) - ozone.om.db.dirs is not configured. We recommend adding this setting. Falling back to ozone.metadata.dirs instead.
2023-01-30 12:43:35,141 [Listener at 0.0.0.0/33777] INFO  upgrade.AbstractLayoutVersionManager (AbstractLayoutVersionManager.java:init(83)) - Initializing Layout version manager with metadata layout = MULTITENANCY_SCHEMA (version = 3), software layout = MULTITENANCY_SCHEMA (version = 3)
2023-01-30 12:43:35,236 [Listener at 0.0.0.0/33777] INFO  reflections.Reflections (Reflections.java:scan(232)) - Reflections took 91 ms to scan 2 urls, producing 155 keys and 428 values [using 2 cores]
2023-01-30 12:43:35,241 [Listener at 0.0.0.0/33777] INFO  upgrade.OMLayoutVersionManager (OMLayoutVersionManager.java:lambda$0(115)) - Skipping Upgrade Action MockOmUpgradeAction since it has been finalized.
2023-01-30 12:43:35,242 [Listener at 0.0.0.0/33777] WARN  server.ServerUtils (ServerUtils.java:getDBPath(225)) - ozone.om.db.dirs is not configured. We recommend adding this setting. Falling back to ozone.metadata.dirs instead.
2023-01-30 12:43:35,405 [Listener at 0.0.0.0/33777] INFO  proxy.SCMBlockLocationFailoverProxyProvider (SCMBlockLocationFailoverProxyProvider.java:<init>(114)) - Created block location fail-over proxy with 1 nodes: [nodeId=scmNodeId,nodeAddress=/0.0.0.0:37131]
2023-01-30 12:43:35,440 [Listener at 0.0.0.0/33777] INFO  proxy.SCMBlockLocationFailoverProxyProvider (SCMBlockLocationFailoverProxyProvider.java:<init>(114)) - Created block location fail-over proxy with 1 nodes: [nodeId=scmNodeId,nodeAddress=/0.0.0.0:37131]
2023-01-30 12:43:35,642 [Listener at 0.0.0.0/33777] WARN  server.ServerUtils (ServerUtils.java:getDBPath(225)) - ozone.om.db.dirs is not configured. We recommend adding this setting. Falling back to ozone.metadata.dirs instead.
2023-01-30 12:43:35,648 [Listener at 0.0.0.0/33777] INFO  codec.OmKeyInfoCodec (OmKeyInfoCodec.java:<init>(49)) - OmKeyInfoCodec ignorePipeline = true
2023-01-30 12:43:35,649 [Listener at 0.0.0.0/33777] INFO  codec.RepeatedOmKeyInfoCodec (RepeatedOmKeyInfoCodec.java:<init>(41)) - RepeatedOmKeyInfoCodec ignorePipeline = true
2023-01-30 12:43:35,814 [Listener at 0.0.0.0/33777] INFO  om.OzoneManager (OzoneManager.java:instantiateServices(728)) - S3 Multi-Tenancy is disabled
2023-01-30 12:43:35,907 [Listener at 0.0.0.0/33777] INFO  om.OzoneManager (OzoneManager.java:addS3GVolumeToDB(4320)) - Created Volume s3v With Owner runner required for S3Gateway operations.
2023-01-30 12:43:35,968 [Listener at 0.0.0.0/33777] WARN  server.ServerUtils (ServerUtils.java:getDefaultRatisDirectory(237)) - Storage directory for Ratis is not configured. It is a good idea to map this to an SSD disk. Falling back to ozone.metadata.dirs
2023-01-30 12:43:35,970 [Listener at 0.0.0.0/33777] WARN  utils.OzoneManagerRatisUtils (OzoneManagerRatisUtils.java:getOMRatisSnapshotDirectory(431)) - ozone.om.ratis.snapshot.dir is not configured. Falling back to ozone.metadata.dirs config
2023-01-30 12:43:35,987 [Listener at 0.0.0.0/33777] WARN  server.ServerUtils (ServerUtils.java:getDefaultRatisDirectory(237)) - Storage directory for Ratis is not configured. It is a good idea to map this to an SSD disk. Falling back to ozone.metadata.dirs
2023-01-30 12:43:36,023 [Listener at 0.0.0.0/33777] INFO  ratis.OzoneManagerRatisServer (OzoneManagerRatisServer.java:<init>(160)) - Instantiating OM Ratis server with groupID: omServiceIdDefault and peers: localhost:9872
2023-01-30 12:43:36,032 [Listener at 0.0.0.0/33777] INFO  ratis.OzoneManagerStateMachine (OzoneManagerStateMachine.java:loadSnapshotInfoFromDB(636)) - LastAppliedIndex is set from TransactionInfo from OM DB as (t:0, i:~)
2023-01-30 12:43:36,086 [Listener at 0.0.0.0/33777] INFO  server.RaftServer (ConfUtils.java:logGet(46)) - raft.rpc.type = GRPC (default)
2023-01-30 12:43:36,155 [Listener at 0.0.0.0/33777] INFO  grpc.GrpcConfigKeys (ConfUtils.java:logFallback(53)) - raft.grpc.admin.host = null (fallback to raft.grpc.server.host)
2023-01-30 12:43:36,158 [Listener at 0.0.0.0/33777] INFO  grpc.GrpcConfigKeys (ConfUtils.java:logFallback(53)) - raft.grpc.admin.port = 9872 (fallback to raft.grpc.server.port)
2023-01-30 12:43:36,158 [Listener at 0.0.0.0/33777] INFO  grpc.GrpcConfigKeys (ConfUtils.java:logFallback(53)) - raft.grpc.client.host = null (fallback to raft.grpc.server.host)
2023-01-30 12:43:36,159 [Listener at 0.0.0.0/33777] INFO  grpc.GrpcConfigKeys (ConfUtils.java:logFallback(53)) - raft.grpc.client.port = 9872 (fallback to raft.grpc.server.port)
2023-01-30 12:43:36,159 [Listener at 0.0.0.0/33777] INFO  grpc.GrpcConfigKeys (ConfUtils.java:logGet(46)) - raft.grpc.server.host = null (default)
2023-01-30 12:43:36,159 [Listener at 0.0.0.0/33777] INFO  grpc.GrpcConfigKeys (ConfUtils.java:logGet(46)) - raft.grpc.server.port = 9872 (custom)
2023-01-30 12:43:36,160 [Listener at 0.0.0.0/33777] INFO  server.GrpcService (ConfUtils.java:logGet(46)) - raft.grpc.message.size.max = 33554432 (custom)
2023-01-30 12:43:36,161 [Listener at 0.0.0.0/33777] INFO  server.RaftServerConfigKeys (ConfUtils.java:logGet(46)) - raft.server.log.appender.buffer.byte-limit = 33554432 (custom)
2023-01-30 12:43:36,162 [Listener at 0.0.0.0/33777] INFO  server.GrpcService (ConfUtils.java:logGet(46)) - raft.grpc.flow.control.window = 1MB (=1048576) (default)
2023-01-30 12:43:36,163 [Listener at 0.0.0.0/33777] INFO  server.RaftServerConfigKeys (ConfUtils.java:logGet(46)) - raft.server.rpc.request.timeout = 3000ms (default)
2023-01-30 12:43:36,175 [Listener at 0.0.0.0/33777] INFO  grpc.GrpcConfigKeys (ConfUtils.java:logGet(46)) - raft.grpc.server.heartbeat.channel = true (default)
2023-01-30 12:43:36,183 [Listener at 0.0.0.0/33777] INFO  grpc.GrpcConfigKeys (ConfUtils.java:logGet(46)) - raft.grpc.server.async.request.thread.pool.cached = true (default)
2023-01-30 12:43:36,185 [Listener at 0.0.0.0/33777] INFO  grpc.GrpcConfigKeys (ConfUtils.java:logGet(46)) - raft.grpc.server.async.request.thread.pool.size = 32 (default)
2023-01-30 12:43:36,388 [Listener at 0.0.0.0/33777] INFO  impl.DataStreamServerImpl (ConfUtils.java:logGet(46)) - raft.datastream.type = NETTY (custom)
2023-01-30 12:43:36,408 [Listener at 0.0.0.0/33777] INFO  server.RaftServerConfigKeys (ConfUtils.java:logGet(46)) - raft.server.data-stream.async.request.thread.pool.cached = false (default)
2023-01-30 12:43:36,409 [Listener at 0.0.0.0/33777] INFO  server.RaftServerConfigKeys (ConfUtils.java:logGet(46)) - raft.server.data-stream.async.request.thread.pool.size = 32 (default)
2023-01-30 12:43:36,410 [Listener at 0.0.0.0/33777] INFO  server.RaftServerConfigKeys (ConfUtils.java:logGet(46)) - raft.server.data-stream.async.write.thread.pool.size = 16 (default)
2023-01-30 12:43:36,411 [Listener at 0.0.0.0/33777] INFO  server.RaftServerConfigKeys (ConfUtils.java:logGet(46)) - raft.server.data-stream.client.pool.size = 10 (default)
2023-01-30 12:43:36,415 [Listener at 0.0.0.0/33777] INFO  netty.NettyConfigKeys$DataStream (ConfUtils.java:logGet(46)) - raft.netty.dataStream.server.use-epoll = false (default)
2023-01-30 12:43:36,418 [Listener at 0.0.0.0/33777] INFO  netty.NettyConfigKeys$DataStream (ConfUtils.java:logGet(46)) - raft.netty.dataStream.server.boss-group.size = 0 (default)
2023-01-30 12:43:36,424 [Listener at 0.0.0.0/33777] INFO  netty.NettyConfigKeys$DataStream (ConfUtils.java:logGet(46)) - raft.netty.dataStream.server.worker-group.size = 0 (default)
2023-01-30 12:43:36,425 [Listener at 0.0.0.0/33777] INFO  netty.NettyConfigKeys$DataStream (ConfUtils.java:logGet(46)) - raft.netty.dataStream.server.tls.conf = null (default)
2023-01-30 12:43:36,426 [Listener at 0.0.0.0/33777] INFO  netty.NettyConfigKeys$DataStream (ConfUtils.java:logGet(46)) - raft.netty.dataStream.host = null (default)
2023-01-30 12:43:36,427 [Listener at 0.0.0.0/33777] INFO  netty.NettyConfigKeys$DataStream (ConfUtils.java:logGet(46)) - raft.netty.dataStream.port = 0 (default)
2023-01-30 12:43:36,462 [Listener at 0.0.0.0/33777] INFO  server.RaftServerConfigKeys (ConfUtils.java:logGet(46)) - raft.server.threadpool.proxy.cached = true (default)
2023-01-30 12:43:36,463 [Listener at 0.0.0.0/33777] INFO  server.RaftServerConfigKeys (ConfUtils.java:logGet(46)) - raft.server.threadpool.proxy.size = 0 (default)
2023-01-30 12:43:36,463 [Listener at 0.0.0.0/33777] INFO  server.RaftServerConfigKeys (ConfUtils.java:logGet(46)) - raft.server.rpc.slowness.timeout = 120s (custom)
2023-01-30 12:43:36,463 [Listener at 0.0.0.0/33777] INFO  server.RaftServerConfigKeys (ConfUtils.java:logGet(46)) - raft.server.leaderelection.leader.step-down.wait-time = 10s (default)
2023-01-30 12:43:36,470 [Listener at 0.0.0.0/33777] INFO  server.RaftServerConfigKeys (ConfUtils.java:logGet(46)) - raft.server.storage.dir = [/home/runner/work/ozone/ozone/hadoop-ozone/integration-test/target/test-dir/MiniOzoneClusterImpl-3373c666-e21d-449e-a922-fde15befd7fc/ozone-meta/ratis] (custom)
2023-01-30 12:43:36,490 [Listener at 0.0.0.0/33777] INFO  server.RaftServer (RaftServerProxy.java:addNew(96)) - om1: addNew group-C5BA1605619E:[om1|rpc:localhost:9872|priority:0|startupRole:FOLLOWER] returns group-C5BA1605619E:java.util.concurrent.CompletableFuture@27c510c5[Not completed]
2023-01-30 12:43:36,490 [Listener at 0.0.0.0/33777] INFO  om.OzoneManager (OzoneManager.java:initializeRatisServer(2012)) - OzoneManager Ratis server initialized at port 9872
2023-01-30 12:43:36,505 [om1-NettyServerStreamRpc-bossGroup--thread1] INFO  logging.LoggingHandler (AbstractInternalLogger.java:log(148)) - [id: 0x4cdaeb4d] REGISTERED
2023-01-30 12:43:36,506 [om1-NettyServerStreamRpc-bossGroup--thread1] INFO  logging.LoggingHandler (AbstractInternalLogger.java:log(148)) - [id: 0x4cdaeb4d] BIND: 0.0.0.0/0.0.0.0:0
2023-01-30 12:43:36,516 [om1-NettyServerStreamRpc-bossGroup--thread1] INFO  logging.LoggingHandler (AbstractInternalLogger.java:log(148)) - [id: 0x4cdaeb4d, L:/0:0:0:0:0:0:0:0:42157] ACTIVE
2023-01-30 12:43:36,517 [Listener at 0.0.0.0/33777] INFO  om.OzoneManager (OzoneManager.java:getRpcServer(1135)) - Creating RPC Server
2023-01-30 12:43:36,521 [pool-54-thread-1] INFO  server.RaftServer$Division (RaftServerImpl.java:<init>(195)) - om1: new RaftServerImpl for group-C5BA1605619E:[om1|rpc:localhost:9872|priority:0|startupRole:FOLLOWER] with OzoneManagerStateMachine:uninitialized
2023-01-30 12:43:36,523 [pool-54-thread-1] INFO  server.RaftServerConfigKeys (ConfUtils.java:logGet(46)) - raft.server.rpc.timeout.min = 1s (custom)
2023-01-30 12:43:36,523 [pool-54-thread-1] INFO  server.RaftServerConfigKeys (ConfUtils.java:logGet(46)) - raft.server.rpc.timeout.max = 1200ms (custom)
2023-01-30 12:43:36,524 [pool-54-thread-1] INFO  server.RaftServerConfigKeys (ConfUtils.java:logGet(46)) - raft.server.rpc.sleep.time = 25ms (default)
2023-01-30 12:43:36,524 [pool-54-thread-1] INFO  server.RaftServerConfigKeys (ConfUtils.java:logGet(46)) - raft.server.rpc.slowness.timeout = 120s (custom)
2023-01-30 12:43:36,524 [pool-54-thread-1] INFO  server.RaftServerConfigKeys (ConfUtils.java:logGet(46)) - raft.server.leaderelection.leader.step-down.wait-time = 10s (default)
2023-01-30 12:43:36,524 [pool-54-thread-1] INFO  server.RaftServerConfigKeys (ConfUtils.java:logGet(46)) - raft.server.sleep.deviation.threshold = 300ms (default)
2023-01-30 12:43:36,539 [pool-54-thread-1] INFO  server.RaftServer$Division (ServerState.java:<init>(118)) - om1@group-C5BA1605619E: ConfigurationManager, init=-1: peers:[om1|rpc:localhost:9872|priority:0|startupRole:FOLLOWER]|listeners:[], old=null, confs=<EMPTY_MAP>
2023-01-30 12:43:36,539 [pool-54-thread-1] INFO  server.RaftServerConfigKeys (ConfUtils.java:logGet(46)) - raft.server.storage.dir = [/home/runner/work/ozone/ozone/hadoop-ozone/integration-test/target/test-dir/MiniOzoneClusterImpl-3373c666-e21d-449e-a922-fde15befd7fc/ozone-meta/ratis] (custom)
2023-01-30 12:43:36,550 [pool-54-thread-1] INFO  server.RaftServerConfigKeys (ConfUtils.java:logGet(46)) - raft.server.log.corruption.policy = EXCEPTION (default)
2023-01-30 12:43:36,551 [pool-54-thread-1] INFO  server.RaftServerConfigKeys (ConfUtils.java:logGet(46)) - raft.server.storage.free-space.min = 0MB (=0) (default)
2023-01-30 12:43:36,563 [pool-54-thread-1] INFO  server.RaftServerConfigKeys (ConfUtils.java:logGet(46)) - raft.server.notification.no-leader.timeout = 120s (custom)
2023-01-30 12:43:36,566 [pool-54-thread-1] INFO  server.RaftServerConfigKeys (ConfUtils.java:logGet(46)) - raft.server.retrycache.expirytime = 300s (custom)
2023-01-30 12:43:36,566 [pool-54-thread-1] INFO  server.RaftServerConfigKeys (ConfUtils.java:logGet(46)) - raft.server.retrycache.statistics.expirytime = 100μs (default)
2023-01-30 12:43:36,668 [pool-54-thread-1] INFO  server.RaftServerConfigKeys (ConfUtils.java:logGet(46)) - raft.server.log.appender.install.snapshot.enabled = false (custom)
2023-01-30 12:43:36,669 [pool-54-thread-1] INFO  server.RaftServerConfigKeys (ConfUtils.java:logGet(46)) - raft.server.threadpool.server.cached = true (default)
2023-01-30 12:43:36,671 [pool-54-thread-1] INFO  server.RaftServerConfigKeys (ConfUtils.java:logGet(46)) - raft.server.threadpool.server.size = 0 (default)
2023-01-30 12:43:36,672 [pool-54-thread-1] INFO  server.RaftServerConfigKeys (ConfUtils.java:logGet(46)) - raft.server.threadpool.client.cached = true (default)
2023-01-30 12:43:36,672 [pool-54-thread-1] INFO  server.RaftServerConfigKeys (ConfUtils.java:logGet(46)) - raft.server.threadpool.client.size = 0 (default)
2023-01-30 12:43:37,449 [Listener at 0.0.0.0/33777] INFO  reflections.Reflections (Reflections.java:scan(232)) - Reflections took 889 ms to scan 19 urls, producing 67 keys and 4593 values [using 2 cores]
2023-01-30 12:43:37,611 [Listener at 0.0.0.0/33777] INFO  ipc.CallQueueManager (CallQueueManager.java:<init>(90)) - Using callQueue: class java.util.concurrent.LinkedBlockingQueue, queueCapacity: 2000, scheduler: class org.apache.hadoop.ipc.DefaultRpcScheduler, ipcBackoff: false.
2023-01-30 12:43:37,612 [Socket Reader #1 for port 0] INFO  ipc.Server (Server.java:run(1273)) - Starting Socket Reader #1 for port 0
2023-01-30 12:43:37,639 [Listener at 127.0.0.1/45319] INFO  impl.MetricsSystemImpl (MetricsSystemImpl.java:init(158)) - OzoneManager metrics system started (again)
2023-01-30 12:43:37,651 [Listener at 127.0.0.1/45319] INFO  om.OzoneManager (OzoneManager.java:start(1519)) - OzoneManager RPC server is listening at localhost/127.0.0.1:45319
2023-01-30 12:43:37,651 [Listener at 127.0.0.1/45319] INFO  ratis.OzoneManagerRatisServer (OzoneManagerRatisServer.java:start(555)) - Starting OzoneManagerRatisServer om1 at port 9872
2023-01-30 12:43:37,654 [om1-impl-thread1] INFO  storage.RaftStorageDirectory (RaftStorageDirectoryImpl.java:analyzeStorage(137)) - The storage directory /home/runner/work/ozone/ozone/hadoop-ozone/integration-test/target/test-dir/MiniOzoneClusterImpl-3373c666-e21d-449e-a922-fde15befd7fc/ozone-meta/ratis/bf265839-605b-3f16-9796-c5ba1605619e does not exist. Creating ...
2023-01-30 12:43:37,658 [om1-impl-thread1] INFO  storage.RaftStorageDirectory (RaftStorageDirectoryImpl.java:tryLock(231)) - Lock on /home/runner/work/ozone/ozone/hadoop-ozone/integration-test/target/test-dir/MiniOzoneClusterImpl-3373c666-e21d-449e-a922-fde15befd7fc/ozone-meta/ratis/bf265839-605b-3f16-9796-c5ba1605619e/in_use.lock acquired by nodename 58968@fv-az186-393
2023-01-30 12:43:37,663 [om1-impl-thread1] INFO  storage.RaftStorage (RaftStorageImpl.java:format(96)) - Storage directory /home/runner/work/ozone/ozone/hadoop-ozone/integration-test/target/test-dir/MiniOzoneClusterImpl-3373c666-e21d-449e-a922-fde15befd7fc/ozone-meta/ratis/bf265839-605b-3f16-9796-c5ba1605619e has been successfully formatted.
2023-01-30 12:43:37,665 [om1-impl-thread1] INFO  server.RaftServerConfigKeys (ConfUtils.java:logGet(46)) - raft.server.log.use.memory = false (default)
2023-01-30 12:43:37,672 [om1-impl-thread1] INFO  server.RaftServerConfigKeys (ConfUtils.java:logGet(46)) - raft.server.log.purge.gap = 1000000 (custom)
2023-01-30 12:43:37,672 [om1-impl-thread1] INFO  server.RaftServerConfigKeys (ConfUtils.java:logGet(46)) - raft.server.log.appender.buffer.byte-limit = 33554432 (custom)
2023-01-30 12:43:37,674 [om1-impl-thread1] INFO  server.RaftServerConfigKeys (ConfUtils.java:logGet(46)) - raft.server.log.statemachine.data.read.timeout = 1000ms (default)
2023-01-30 12:43:37,675 [om1-impl-thread1] INFO  server.RaftServerConfigKeys (ConfUtils.java:logGet(46)) - raft.server.log.purge.preservation.log.num = 0 (default)
2023-01-30 12:43:37,677 [om1-impl-thread1] INFO  server.RaftServerConfigKeys (ConfUtils.java:logGet(46)) - raft.server.log.segment.size.max = 4194304 (custom)
2023-01-30 12:43:37,682 [om1-impl-thread1] INFO  server.RaftServerConfigKeys (ConfUtils.java:logGet(46)) - raft.server.log.segment.cache.num.max = 2 (custom)
2023-01-30 12:43:37,682 [om1-impl-thread1] INFO  server.RaftServerConfigKeys (ConfUtils.java:logGet(46)) - raft.server.log.segment.cache.size.max = 200MB (=209715200) (default)
2023-01-30 12:43:37,688 [om1-impl-thread1] INFO  segmented.SegmentedRaftLogWorker (SegmentedRaftLogWorker.java:<init>(189)) - new om1@group-C5BA1605619E-SegmentedRaftLogWorker for RaftStorageImpl:Storage Directory /home/runner/work/ozone/ozone/hadoop-ozone/integration-test/target/test-dir/MiniOzoneClusterImpl-3373c666-e21d-449e-a922-fde15befd7fc/ozone-meta/ratis/bf265839-605b-3f16-9796-c5ba1605619e
2023-01-30 12:43:37,688 [om1-impl-thread1] INFO  server.RaftServerConfigKeys (ConfUtils.java:logGet(46)) - raft.server.log.queue.byte-limit = 64MB (=67108864) (default)
2023-01-30 12:43:37,689 [om1-impl-thread1] INFO  server.RaftServerConfigKeys (ConfUtils.java:logGet(46)) - raft.server.log.queue.element-limit = 4096 (default)
2023-01-30 12:43:37,689 [om1-impl-thread1] INFO  server.RaftServerConfigKeys (ConfUtils.java:logGet(46)) - raft.server.log.segment.size.max = 4194304 (custom)
2023-01-30 12:43:37,690 [om1-impl-thread1] INFO  server.RaftServerConfigKeys (ConfUtils.java:logGet(46)) - raft.server.log.preallocated.size = 4194304 (custom)
2023-01-30 12:43:37,690 [om1-impl-thread1] INFO  server.RaftServerConfigKeys (ConfUtils.java:logGet(46)) - raft.server.log.force.sync.num = 128 (default)
2023-01-30 12:43:37,691 [om1-impl-thread1] INFO  server.RaftServerConfigKeys (ConfUtils.java:logGet(46)) - raft.server.log.statemachine.data.sync = true (default)
2023-01-30 12:43:37,691 [om1-impl-thread1] INFO  server.RaftServerConfigKeys (ConfUtils.java:logGet(46)) - raft.server.log.statemachine.data.sync.timeout = 10s (default)
2023-01-30 12:43:37,691 [om1-impl-thread1] INFO  server.RaftServerConfigKeys (ConfUtils.java:logGet(46)) - raft.server.log.statemachine.data.sync.timeout.retry = -1 (default)
2023-01-30 12:43:37,699 [om1-impl-thread1] INFO  server.RaftServerConfigKeys (ConfUtils.java:logGet(46)) - raft.server.log.write.buffer.size = 64KB (=65536) (default)
2023-01-30 12:43:37,699 [om1-impl-thread1] INFO  server.RaftServerConfigKeys (ConfUtils.java:logGet(46)) - raft.server.log.appender.buffer.byte-limit = 33554432 (custom)
2023-01-30 12:43:37,702 [om1-impl-thread1] INFO  server.RaftServerConfigKeys (ConfUtils.java:logGet(46)) - raft.server.log.unsafe-flush.enabled = false (default)
2023-01-30 12:43:37,702 [om1-impl-thread1] INFO  server.RaftServerConfigKeys (ConfUtils.java:logGet(46)) - raft.server.log.async-flush.enabled = false (default)
2023-01-30 12:43:37,703 [om1-impl-thread1] INFO  server.RaftServerConfigKeys (ConfUtils.java:logGet(46)) - raft.server.log.statemachine.data.caching.enabled = false (default)
2023-01-30 12:43:37,709 [om1-impl-thread1] INFO  segmented.SegmentedRaftLogWorker (SegmentedRaftLogWorker.java:lambda$new$0(135)) - om1@group-C5BA1605619E-SegmentedRaftLogWorker: flushIndex: setUnconditionally 0 -> -1
2023-01-30 12:43:37,709 [om1-impl-thread1] INFO  segmented.SegmentedRaftLogWorker (SegmentedRaftLogWorker.java:lambda$new$0(135)) - om1@group-C5BA1605619E-SegmentedRaftLogWorker: safeCacheEvictIndex: setUnconditionally 0 -> -1
2023-01-30 12:43:37,710 [om1-impl-thread1] INFO  server.RaftServer$Division (RaftServerImpl.java:start(334)) - om1@group-C5BA1605619E: start as a follower, conf=-1: peers:[om1|rpc:localhost:9872|priority:0|startupRole:FOLLOWER]|listeners:[], old=null
2023-01-30 12:43:37,712 [om1-impl-thread1] INFO  server.RaftServer$Division (RaftServerImpl.java:setRole(321)) - om1@group-C5BA1605619E: changes role from      null to FOLLOWER at term 0 for startAsFollower
2023-01-30 12:43:37,714 [om1-impl-thread1] INFO  impl.RoleInfo (RoleInfo.java:updateAndGet(139)) - om1: start om1@group-C5BA1605619E-FollowerState
2023-01-30 12:43:37,715 [om1-impl-thread1] INFO  util.JmxRegister (JmxRegister.java:tryRegister(44)) - Successfully registered JMX Bean with object name Ratis:service=RaftServer,group=group-C5BA1605619E,id=om1
2023-01-30 12:43:37,716 [om1-impl-thread1] INFO  server.RaftServerConfigKeys (ConfUtils.java:logGet(46)) - raft.server.snapshot.auto.trigger.enabled = true (custom)
2023-01-30 12:43:37,717 [om1-impl-thread1] INFO  server.RaftServerConfigKeys (ConfUtils.java:logGet(46)) - raft.server.snapshot.auto.trigger.threshold = 400000 (default)
2023-01-30 12:43:37,717 [om1-impl-thread1] INFO  server.RaftServerConfigKeys (ConfUtils.java:logGet(46)) - raft.server.snapshot.retention.file.num = -1 (default)
2023-01-30 12:43:37,718 [om1-impl-thread1] INFO  server.RaftServerConfigKeys (ConfUtils.java:logGet(46)) - raft.server.log.purge.upto.snapshot.index = true (custom)
2023-01-30 12:43:37,720 [om1@group-C5BA1605619E-FollowerState] INFO  server.RaftServerConfigKeys (ConfUtils.java:logFallback(53)) - raft.server.rpc.first-election.timeout.min = 1s (fallback to raft.server.rpc.timeout.min)
2023-01-30 12:43:37,720 [om1@group-C5BA1605619E-FollowerState] INFO  server.RaftServerConfigKeys (ConfUtils.java:logFallback(53)) - raft.server.rpc.first-election.timeout.max = 1200ms (fallback to raft.server.rpc.timeout.max)
2023-01-30 12:43:37,725 [Listener at 127.0.0.1/45319] INFO  server.RaftServer (RaftServerProxy.java:startImpl(393)) - om1: start RPC server
2023-01-30 12:43:37,736 [Listener at 127.0.0.1/45319] INFO  server.GrpcService (GrpcService.java:startImpl(262)) - om1: GrpcService started, listening on 9872
2023-01-30 12:43:37,739 [Listener at 127.0.0.1/45319] INFO  om.OzoneManager (OzoneManager.java:start(1535)) - Version File has different layout version (3) than OM DB (null). That is expected if this OM has never been finalized to a newer layout version.
2023-01-30 12:43:37,740 [JvmPauseMonitor0] INFO  util.JvmPauseMonitor (JvmPauseMonitor.java:run(105)) - JvmPauseMonitor-om1: Started
2023-01-30 12:43:37,760 [Listener at 127.0.0.1/45319] INFO  http.BaseHttpServer (BaseHttpServer.java:newHttpServer2BuilderForOzone(213)) - Starting Web-server for ozoneManager at: http://0.0.0.0:0
2023-01-30 12:43:37,761 [Listener at 127.0.0.1/45319] INFO  http.BaseHttpServer (BaseHttpServer.java:<init>(108)) - Hadoop Security Enabled: false Ozone Security Enabled: false Ozone HTTP Security Enabled: false 
2023-01-30 12:43:37,762 [Listener at 127.0.0.1/45319] WARN  server.AuthenticationFilter (AuthenticationFilter.java:constructSecretProvider(240)) - Unable to initialize FileSignerSecretProvider, falling back to use random secrets. Reason: Could not read signature secret file: /home/runner/hadoop-http-auth-signature-secret
2023-01-30 12:43:37,764 [Listener at 127.0.0.1/45319] WARN  http.HttpRequestLog (HttpRequestLog.java:getRequestLog(103)) - Jetty request log can only be enabled using Log4j
2023-01-30 12:43:37,765 [Listener at 127.0.0.1/45319] INFO  http.HttpServer2 (HttpServer2.java:addGlobalFilter(1031)) - Added global filter 'safety' (class=org.apache.hadoop.hdds.server.http.HttpServer2$QuotingInputFilter)
2023-01-30 12:43:37,766 [Listener at 127.0.0.1/45319] INFO  http.HttpServer2 (HttpServer2.java:addFilter(1007)) - Added filter static_user_filter (class=org.apache.hadoop.http.lib.StaticUserWebFilter$StaticUserFilter) to context ozoneManager
2023-01-30 12:43:37,766 [Listener at 127.0.0.1/45319] INFO  http.HttpServer2 (HttpServer2.java:addFilter(1015)) - Added filter static_user_filter (class=org.apache.hadoop.http.lib.StaticUserWebFilter$StaticUserFilter) to context static
2023-01-30 12:43:37,766 [Listener at 127.0.0.1/45319] INFO  http.HttpServer2 (HttpServer2.java:addFilter(1015)) - Added filter static_user_filter (class=org.apache.hadoop.http.lib.StaticUserWebFilter$StaticUserFilter) to context logs
2023-01-30 12:43:37,768 [Listener at 127.0.0.1/45319] INFO  http.HttpServer2 (HttpServer2.java:bindListener(1250)) - Jetty bound to port 37067
2023-01-30 12:43:37,768 [Listener at 127.0.0.1/45319] INFO  server.Server (Server.java:doStart(375)) - jetty-9.4.49.v20220914; built: 2022-09-14T01:07:36.601Z; git: 4231a3b2e4cb8548a412a789936d640a97b1aa0a; jvm 1.8.0_352-b08
2023-01-30 12:43:37,770 [Listener at 127.0.0.1/45319] INFO  server.session (DefaultSessionIdManager.java:doStart(334)) - DefaultSessionIdManager workerName=node0
2023-01-30 12:43:37,770 [Listener at 127.0.0.1/45319] INFO  server.session (DefaultSessionIdManager.java:doStart(339)) - No SessionScavenger set, using defaults
2023-01-30 12:43:37,770 [Listener at 127.0.0.1/45319] INFO  server.session (HouseKeeper.java:startScavenging(132)) - node0 Scavenging every 660000ms
2023-01-30 12:43:37,771 [Listener at 127.0.0.1/45319] INFO  handler.ContextHandler (ContextHandler.java:doStart(921)) - Started o.e.j.s.ServletContextHandler@3dfabb85{logs,/logs,file:///home/runner/work/ozone/ozone/hadoop-ozone/integration-test/target/log,AVAILABLE}
2023-01-30 12:43:37,771 [Listener at 127.0.0.1/45319] INFO  handler.ContextHandler (ContextHandler.java:doStart(921)) - Started o.e.j.s.ServletContextHandler@16335685{static,/static,file:///home/runner/work/ozone/ozone/hadoop-ozone/integration-test/target/test-classes/webapps/static,AVAILABLE}
2023-01-30 12:43:37,775 [Listener at 127.0.0.1/45319] INFO  handler.ContextHandler (ContextHandler.java:doStart(921)) - Started o.e.j.w.WebAppContext@258350de{ozoneManager,/,file:///home/runner/work/ozone/ozone/hadoop-ozone/integration-test/target/test-classes/webapps/ozoneManager/,AVAILABLE}{file:/home/runner/work/ozone/ozone/hadoop-ozone/integration-test/target/test-classes/webapps/ozoneManager}
2023-01-30 12:43:37,780 [Listener at 127.0.0.1/45319] INFO  server.AbstractConnector (AbstractConnector.java:doStart(333)) - Started ServerConnector@194c98f5{HTTP/1.1, (http/1.1)}{0.0.0.0:37067}
2023-01-30 12:43:37,780 [Listener at 127.0.0.1/45319] INFO  server.Server (Server.java:doStart(415)) - Started @7013ms
2023-01-30 12:43:37,780 [Listener at 127.0.0.1/45319] WARN  impl.MetricsSystemImpl (MetricsSystemImpl.java:register(279)) - Sink prometheus already exists!
2023-01-30 12:43:37,780 [Listener at 127.0.0.1/45319] INFO  http.BaseHttpServer (BaseHttpServer.java:updateConnectorAddress(333)) - HTTP server of ozoneManager listening at http://0.0.0.0:37067
2023-01-30 12:43:37,781 [IPC Server Responder] INFO  ipc.Server (Server.java:run(1512)) - IPC Server Responder: starting
2023-01-30 12:43:37,781 [IPC Server listener on 0] INFO  ipc.Server (Server.java:run(1352)) - IPC Server listener on 0: starting
2023-01-30 12:43:37,783 [Listener at 127.0.0.1/45319] INFO  om.OzoneManager (OzoneManager.java:startTrashEmptier(1956)) - Trash Interval set to 0. Files deleted won't move to trash
2023-01-30 12:43:37,791 [org.apache.hadoop.util.JvmPauseMonitor$Monitor@6ed80c52] INFO  util.JvmPauseMonitor (JvmPauseMonitor.java:run(188)) - Starting JVM pause monitor
2023-01-30 12:43:37,903 [Listener at 127.0.0.1/45319] WARN  impl.MetricRegistriesImpl (MetricRegistriesImpl.java:addReporterRegistration(111)) - New reporters are added after registries were created. Some metrics will be missing from the reporter. Please add reporter before adding any new registry.
2023-01-30 12:43:37,903 [Listener at 127.0.0.1/45319] WARN  impl.MetricRegistriesImpl (MetricRegistriesImpl.java:addReporterRegistration(111)) - New reporters are added after registries were created. Some metrics will be missing from the reporter. Please add reporter before adding any new registry.
2023-01-30 12:43:37,903 [Listener at 127.0.0.1/45319] INFO  impl.MetricsSystemImpl (MetricsSystemImpl.java:init(158)) - HddsDatanode metrics system started (again)
2023-01-30 12:43:37,919 [Listener at 127.0.0.1/45319] INFO  ozone.HddsDatanodeService (HddsDatanodeService.java:start(228)) - HddsDatanodeService host:fv-az186-393.qnicg3m0sonedg4msc5mrdkamh.cx.internal.cloudapp.net ip:10.1.0.50
2023-01-30 12:43:37,950 [Listener at 127.0.0.1/45319] INFO  upgrade.AbstractLayoutVersionManager (AbstractLayoutVersionManager.java:init(83)) - Initializing Layout version manager with metadata layout = DATANODE_SCHEMA_V3 (version = 4), software layout = DATANODE_SCHEMA_V3 (version = 4)
2023-01-30 12:43:37,999 [Listener at 127.0.0.1/45319] INFO  reflections.Reflections (Reflections.java:scan(232)) - Reflections took 47 ms to scan 7 urls, producing 148 keys and 357 values 
2023-01-30 12:43:38,002 [Listener at 127.0.0.1/45319] INFO  statemachine.DatanodeStateMachine (DatanodeStateMachine.java:getEndPointTaskThreadPoolSize(259)) - Datanode State Machine Task Thread Pool size 2
2023-01-30 12:43:38,053 [Listener at 127.0.0.1/45319] INFO  volume.HddsVolume (HddsVolume.java:<init>(117)) - Creating HddsVolume: /home/runner/work/ozone/ozone/hadoop-ozone/integration-test/target/test-dir/MiniOzoneClusterImpl-3373c666-e21d-449e-a922-fde15befd7fc/datanode-0/data-0/containers/hdds of storage type : DISK capacity : 9223372036854775807
2023-01-30 12:43:38,055 [Listener at 127.0.0.1/45319] INFO  volume.MutableVolumeSet (MutableVolumeSet.java:initializeVolumeSet(174)) - Added Volume : /home/runner/work/ozone/ozone/hadoop-ozone/integration-test/target/test-dir/MiniOzoneClusterImpl-3373c666-e21d-449e-a922-fde15befd7fc/datanode-0/data-0/containers/hdds to VolumeSet
2023-01-30 12:43:38,056 [Listener at 127.0.0.1/45319] INFO  volume.ThrottledAsyncChecker (ThrottledAsyncChecker.java:schedule(141)) - Scheduling a check for /home/runner/work/ozone/ozone/hadoop-ozone/integration-test/target/test-dir/MiniOzoneClusterImpl-3373c666-e21d-449e-a922-fde15befd7fc/datanode-0/data-0/containers/hdds
2023-01-30 12:43:38,074 [Listener at 127.0.0.1/45319] INFO  volume.StorageVolumeChecker (StorageVolumeChecker.java:checkAllVolumes(202)) - Scheduled health check for volume /home/runner/work/ozone/ozone/hadoop-ozone/integration-test/target/test-dir/MiniOzoneClusterImpl-3373c666-e21d-449e-a922-fde15befd7fc/datanode-0/data-0/containers/hdds
2023-01-30 12:43:38,091 [Listener at 127.0.0.1/45319] INFO  volume.MutableVolumeSet (MutableVolumeSet.java:initializeVolumeSet(174)) - Added Volume : /home/runner/work/ozone/ozone/hadoop-ozone/integration-test/target/test-dir/MiniOzoneClusterImpl-3373c666-e21d-449e-a922-fde15befd7fc/datanode-0/data/ratis to VolumeSet
2023-01-30 12:43:38,091 [Listener at 127.0.0.1/45319] INFO  volume.ThrottledAsyncChecker (ThrottledAsyncChecker.java:schedule(141)) - Scheduling a check for /home/runner/work/ozone/ozone/hadoop-ozone/integration-test/target/test-dir/MiniOzoneClusterImpl-3373c666-e21d-449e-a922-fde15befd7fc/datanode-0/data/ratis
2023-01-30 12:43:38,092 [Listener at 127.0.0.1/45319] INFO  volume.StorageVolumeChecker (StorageVolumeChecker.java:checkAllVolumes(202)) - Scheduled health check for volume /home/runner/work/ozone/ozone/hadoop-ozone/integration-test/target/test-dir/MiniOzoneClusterImpl-3373c666-e21d-449e-a922-fde15befd7fc/datanode-0/data/ratis
2023-01-30 12:43:38,114 [Thread-136] INFO  ozoneimpl.ContainerReader (ContainerReader.java:readVolume(175)) - Finish verifying containers on volume /home/runner/work/ozone/ozone/hadoop-ozone/integration-test/target/test-dir/MiniOzoneClusterImpl-3373c666-e21d-449e-a922-fde15befd7fc/datanode-0/data-0/containers/hdds
2023-01-30 12:43:38,114 [Listener at 127.0.0.1/45319] INFO  ozoneimpl.OzoneContainer (OzoneContainer.java:buildContainerSet(305)) - Build ContainerSet costs 0s
2023-01-30 12:43:38,158 [Listener at 127.0.0.1/45319] INFO  audit.AuditLogger (AuditLogger.java:refreshDebugCmdSet(126)) - Refresh DebugCmdSet for DNAudit to [].
2023-01-30 12:43:38,183 [Listener at 127.0.0.1/45319] INFO  server.RaftServer (ConfUtils.java:logGet(46)) - raft.rpc.type = GRPC (default)
2023-01-30 12:43:38,183 [Listener at 127.0.0.1/45319] INFO  grpc.GrpcConfigKeys (ConfUtils.java:logFallback(53)) - raft.grpc.admin.host = null (fallback to raft.grpc.server.host)
2023-01-30 12:43:38,183 [Listener at 127.0.0.1/45319] INFO  grpc.GrpcConfigKeys (ConfUtils.java:logGet(46)) - raft.grpc.admin.port = 0 (custom)
2023-01-30 12:43:38,183 [Listener at 127.0.0.1/45319] INFO  grpc.GrpcConfigKeys (ConfUtils.java:logFallback(53)) - raft.grpc.client.host = null (fallback to raft.grpc.server.host)
2023-01-30 12:43:38,183 [Listener at 127.0.0.1/45319] INFO  grpc.GrpcConfigKeys (ConfUtils.java:logGet(46)) - raft.grpc.client.port = 0 (custom)
2023-01-30 12:43:38,184 [Listener at 127.0.0.1/45319] INFO  grpc.GrpcConfigKeys (ConfUtils.java:logGet(46)) - raft.grpc.server.host = null (default)
2023-01-30 12:43:38,184 [Listener at 127.0.0.1/45319] INFO  grpc.GrpcConfigKeys (ConfUtils.java:logGet(46)) - raft.grpc.server.port = 0 (default)
2023-01-30 12:43:38,184 [Listener at 127.0.0.1/45319] INFO  server.GrpcService (ConfUtils.java:logGet(46)) - raft.grpc.message.size.max = 32MB (=33554432) (custom)
2023-01-30 12:43:38,184 [Listener at 127.0.0.1/45319] INFO  server.RaftServerConfigKeys (ConfUtils.java:logGet(46)) - raft.server.log.appender.buffer.byte-limit = 33554432 (custom)
2023-01-30 12:43:38,184 [Listener at 127.0.0.1/45319] INFO  server.GrpcService (ConfUtils.java:logGet(46)) - raft.grpc.flow.control.window = 5MB (=5242880) (custom)
2023-01-30 12:43:38,184 [Listener at 127.0.0.1/45319] INFO  server.RaftServerConfigKeys (ConfUtils.java:logGet(46)) - raft.server.rpc.request.timeout = 60s (custom)
2023-01-30 12:43:38,184 [Listener at 127.0.0.1/45319] INFO  grpc.GrpcConfigKeys (ConfUtils.java:logGet(46)) - raft.grpc.server.heartbeat.channel = true (default)
2023-01-30 12:43:38,185 [Listener at 127.0.0.1/45319] INFO  grpc.GrpcConfigKeys (ConfUtils.java:logGet(46)) - raft.grpc.server.async.request.thread.pool.cached = true (default)
2023-01-30 12:43:38,185 [Listener at 127.0.0.1/45319] INFO  grpc.GrpcConfigKeys (ConfUtils.java:logGet(46)) - raft.grpc.server.async.request.thread.pool.size = 32 (default)
2023-01-30 12:43:38,186 [Listener at 127.0.0.1/45319] INFO  impl.DataStreamServerImpl (ConfUtils.java:logGet(46)) - raft.datastream.type = NETTY (custom)
2023-01-30 12:43:38,186 [Listener at 127.0.0.1/45319] INFO  server.RaftServerConfigKeys (ConfUtils.java:logGet(46)) - raft.server.data-stream.async.request.thread.pool.cached = false (default)
2023-01-30 12:43:38,186 [Listener at 127.0.0.1/45319] INFO  server.RaftServerConfigKeys (ConfUtils.java:logGet(46)) - raft.server.data-stream.async.request.thread.pool.size = 20 (custom)
2023-01-30 12:43:38,186 [Listener at 127.0.0.1/45319] INFO  server.RaftServerConfigKeys (ConfUtils.java:logGet(46)) - raft.server.data-stream.async.write.thread.pool.size = 16 (default)
2023-01-30 12:43:38,187 [Listener at 127.0.0.1/45319] INFO  server.RaftServerConfigKeys (ConfUtils.java:logGet(46)) - raft.server.data-stream.client.pool.size = 10 (default)
2023-01-30 12:43:38,187 [Listener at 127.0.0.1/45319] INFO  netty.NettyConfigKeys$DataStream (ConfUtils.java:logGet(46)) - raft.netty.dataStream.server.use-epoll = false (default)
2023-01-30 12:43:38,187 [Listener at 127.0.0.1/45319] INFO  netty.NettyConfigKeys$DataStream (ConfUtils.java:logGet(46)) - raft.netty.dataStream.server.boss-group.size = 0 (default)
2023-01-30 12:43:38,187 [Listener at 127.0.0.1/45319] INFO  netty.NettyConfigKeys$DataStream (ConfUtils.java:logGet(46)) - raft.netty.dataStream.server.worker-group.size = 0 (default)
2023-01-30 12:43:38,200 [Listener at 127.0.0.1/45319] INFO  netty.NettyConfigKeys$DataStream (ConfUtils.java:logGet(46)) - raft.netty.dataStream.server.tls.conf = null (default)
2023-01-30 12:43:38,200 [Listener at 127.0.0.1/45319] INFO  netty.NettyConfigKeys$DataStream (ConfUtils.java:logGet(46)) - raft.netty.dataStream.host = null (default)
2023-01-30 12:43:38,200 [Listener at 127.0.0.1/45319] INFO  netty.NettyConfigKeys$DataStream (ConfUtils.java:logGet(46)) - raft.netty.dataStream.port = 0 (default)
2023-01-30 12:43:38,200 [Listener at 127.0.0.1/45319] INFO  server.RaftServerConfigKeys (ConfUtils.java:logGet(46)) - raft.server.threadpool.proxy.cached = true (default)
2023-01-30 12:43:38,201 [Listener at 127.0.0.1/45319] INFO  server.RaftServerConfigKeys (ConfUtils.java:logGet(46)) - raft.server.threadpool.proxy.size = 0 (default)
2023-01-30 12:43:38,201 [Listener at 127.0.0.1/45319] INFO  server.RaftServerConfigKeys (ConfUtils.java:logGet(46)) - raft.server.rpc.slowness.timeout = 300s (custom)
2023-01-30 12:43:38,201 [Listener at 127.0.0.1/45319] INFO  server.RaftServerConfigKeys (ConfUtils.java:logGet(46)) - raft.server.leaderelection.leader.step-down.wait-time = 10s (default)
2023-01-30 12:43:38,201 [Listener at 127.0.0.1/45319] INFO  server.RaftServerConfigKeys (ConfUtils.java:logGet(46)) - raft.server.storage.dir = [/home/runner/work/ozone/ozone/hadoop-ozone/integration-test/target/test-dir/MiniOzoneClusterImpl-3373c666-e21d-449e-a922-fde15befd7fc/datanode-0/data/ratis] (custom)
2023-01-30 12:43:38,204 [c78ebe56-d058-4c98-bec9-45038831407a-NettyServerStreamRpc-bossGroup--thread1] INFO  logging.LoggingHandler (AbstractInternalLogger.java:log(148)) - [id: 0x8dffe042] REGISTERED
2023-01-30 12:43:38,205 [c78ebe56-d058-4c98-bec9-45038831407a-NettyServerStreamRpc-bossGroup--thread1] INFO  logging.LoggingHandler (AbstractInternalLogger.java:log(148)) - [id: 0x8dffe042] BIND: 0.0.0.0/0.0.0.0:0
2023-01-30 12:43:38,205 [c78ebe56-d058-4c98-bec9-45038831407a-NettyServerStreamRpc-bossGroup--thread1] INFO  logging.LoggingHandler (AbstractInternalLogger.java:log(148)) - [id: 0x8dffe042, L:/0:0:0:0:0:0:0:0:43181] ACTIVE
2023-01-30 12:43:38,227 [Listener at 127.0.0.1/45319] INFO  server.XceiverServerGrpc (XceiverServerGrpc.java:<init>(132)) - GrpcServer channel type EpollServerSocketChannel
2023-01-30 12:43:38,289 [Listener at 127.0.0.1/45319] INFO  http.BaseHttpServer (BaseHttpServer.java:newHttpServer2BuilderForOzone(213)) - Starting Web-server for hddsDatanode at: http://0.0.0.0:0
2023-01-30 12:43:38,289 [Listener at 127.0.0.1/45319] INFO  http.BaseHttpServer (BaseHttpServer.java:<init>(108)) - Hadoop Security Enabled: false Ozone Security Enabled: false Ozone HTTP Security Enabled: false 
2023-01-30 12:43:38,291 [Listener at 127.0.0.1/45319] WARN  server.AuthenticationFilter (AuthenticationFilter.java:constructSecretProvider(240)) - Unable to initialize FileSignerSecretProvider, falling back to use random secrets. Reason: Could not read signature secret file: /home/runner/hadoop-http-auth-signature-secret
2023-01-30 12:43:38,291 [Listener at 127.0.0.1/45319] WARN  http.HttpRequestLog (HttpRequestLog.java:getRequestLog(103)) - Jetty request log can only be enabled using Log4j
2023-01-30 12:43:38,293 [Listener at 127.0.0.1/45319] INFO  http.HttpServer2 (HttpServer2.java:addGlobalFilter(1031)) - Added global filter 'safety' (class=org.apache.hadoop.hdds.server.http.HttpServer2$QuotingInputFilter)
2023-01-30 12:43:38,294 [Listener at 127.0.0.1/45319] INFO  http.HttpServer2 (HttpServer2.java:addFilter(1007)) - Added filter static_user_filter (class=org.apache.hadoop.http.lib.StaticUserWebFilter$StaticUserFilter) to context hddsDatanode
2023-01-30 12:43:38,294 [Listener at 127.0.0.1/45319] INFO  http.HttpServer2 (HttpServer2.java:addFilter(1015)) - Added filter static_user_filter (class=org.apache.hadoop.http.lib.StaticUserWebFilter$StaticUserFilter) to context static
2023-01-30 12:43:38,294 [Listener at 127.0.0.1/45319] INFO  http.HttpServer2 (HttpServer2.java:addFilter(1015)) - Added filter static_user_filter (class=org.apache.hadoop.http.lib.StaticUserWebFilter$StaticUserFilter) to context logs
2023-01-30 12:43:38,295 [Listener at 127.0.0.1/45319] INFO  http.HttpServer2 (HttpServer2.java:bindListener(1250)) - Jetty bound to port 33945
2023-01-30 12:43:38,295 [Listener at 127.0.0.1/45319] INFO  server.Server (Server.java:doStart(375)) - jetty-9.4.49.v20220914; built: 2022-09-14T01:07:36.601Z; git: 4231a3b2e4cb8548a412a789936d640a97b1aa0a; jvm 1.8.0_352-b08
2023-01-30 12:43:38,300 [Listener at 127.0.0.1/45319] INFO  server.session (DefaultSessionIdManager.java:doStart(334)) - DefaultSessionIdManager workerName=node0
2023-01-30 12:43:38,300 [Listener at 127.0.0.1/45319] INFO  server.session (DefaultSessionIdManager.java:doStart(339)) - No SessionScavenger set, using defaults
2023-01-30 12:43:38,301 [Listener at 127.0.0.1/45319] INFO  server.session (HouseKeeper.java:startScavenging(132)) - node0 Scavenging every 660000ms
2023-01-30 12:43:38,303 [Listener at 127.0.0.1/45319] INFO  handler.ContextHandler (ContextHandler.java:doStart(921)) - Started o.e.j.s.ServletContextHandler@423457ce{logs,/logs,file:///home/runner/work/ozone/ozone/hadoop-ozone/integration-test/target/log,AVAILABLE}
2023-01-30 12:43:38,303 [Listener at 127.0.0.1/45319] INFO  handler.ContextHandler (ContextHandler.java:doStart(921)) - Started o.e.j.s.ServletContextHandler@9a23a42{static,/static,jar:file:/home/runner/.m2/repository/org/apache/ozone/hdds-container-service/1.4.0-SNAPSHOT/hdds-container-service-1.4.0-SNAPSHOT.jar!/webapps/static,AVAILABLE}
2023-01-30 12:43:38,536 [Listener at 127.0.0.1/45319] INFO  handler.ContextHandler (ContextHandler.java:doStart(921)) - Started o.e.j.w.WebAppContext@3f5a4a48{hddsDatanode,/,file:///tmp/jetty-0_0_0_0-33945-hdds-container-service-1_4_0-SNAPSHOT_jar-_-any-4892378075921658851/webapp/,AVAILABLE}{jar:file:/home/runner/.m2/repository/org/apache/ozone/hdds-container-service/1.4.0-SNAPSHOT/hdds-container-service-1.4.0-SNAPSHOT.jar!/webapps/hddsDatanode}
2023-01-30 12:43:38,537 [Listener at 127.0.0.1/45319] INFO  server.AbstractConnector (AbstractConnector.java:doStart(333)) - Started ServerConnector@1843f659{HTTP/1.1, (http/1.1)}{0.0.0.0:33945}
2023-01-30 12:43:38,538 [Listener at 127.0.0.1/45319] INFO  server.Server (Server.java:doStart(415)) - Started @7771ms
2023-01-30 12:43:38,538 [Listener at 127.0.0.1/45319] WARN  impl.MetricsSystemImpl (MetricsSystemImpl.java:register(279)) - Sink prometheus already exists!
2023-01-30 12:43:38,538 [Listener at 127.0.0.1/45319] INFO  http.BaseHttpServer (BaseHttpServer.java:updateConnectorAddress(333)) - HTTP server of hddsDatanode listening at http://0.0.0.0:33945
2023-01-30 12:43:38,540 [Listener at 127.0.0.1/45319] WARN  impl.MetricRegistriesImpl (MetricRegistriesImpl.java:addReporterRegistration(111)) - New reporters are added after registries were created. Some metrics will be missing from the reporter. Please add reporter before adding any new registry.
2023-01-30 12:43:38,540 [Listener at 127.0.0.1/45319] WARN  impl.MetricRegistriesImpl (MetricRegistriesImpl.java:addReporterRegistration(111)) - New reporters are added after registries were created. Some metrics will be missing from the reporter. Please add reporter before adding any new registry.
2023-01-30 12:43:38,540 [Listener at 127.0.0.1/45319] INFO  impl.MetricsSystemImpl (MetricsSystemImpl.java:init(158)) - HddsDatanode metrics system started (again)
2023-01-30 12:43:38,546 [Datanode State Machine Daemon Thread] INFO  statemachine.DatanodeStateMachine (DatanodeStateMachine.java:lambda$startDaemon$0(515)) - Ozone container server started.
2023-01-30 12:43:38,558 [Listener at 127.0.0.1/45319] INFO  ozone.HddsDatanodeService (HddsDatanodeService.java:start(228)) - HddsDatanodeService host:fv-az186-393.qnicg3m0sonedg4msc5mrdkamh.cx.internal.cloudapp.net ip:10.1.0.50
2023-01-30 12:43:38,566 [org.apache.hadoop.util.JvmPauseMonitor$Monitor@54b99c4e] INFO  util.JvmPauseMonitor (JvmPauseMonitor.java:run(188)) - Starting JVM pause monitor
2023-01-30 12:43:38,587 [Listener at 127.0.0.1/45319] INFO  upgrade.AbstractLayoutVersionManager (AbstractLayoutVersionManager.java:init(83)) - Initializing Layout version manager with metadata layout = DATANODE_SCHEMA_V3 (version = 4), software layout = DATANODE_SCHEMA_V3 (version = 4)
2023-01-30 12:43:38,679 [Listener at 127.0.0.1/45319] INFO  reflections.Reflections (Reflections.java:scan(232)) - Reflections took 91 ms to scan 7 urls, producing 148 keys and 357 values 
2023-01-30 12:43:38,687 [Listener at 127.0.0.1/45319] INFO  statemachine.DatanodeStateMachine (DatanodeStateMachine.java:getEndPointTaskThreadPoolSize(259)) - Datanode State Machine Task Thread Pool size 2
2023-01-30 12:43:38,703 [Listener at 127.0.0.1/45319] INFO  volume.HddsVolume (HddsVolume.java:<init>(117)) - Creating HddsVolume: /home/runner/work/ozone/ozone/hadoop-ozone/integration-test/target/test-dir/MiniOzoneClusterImpl-3373c666-e21d-449e-a922-fde15befd7fc/datanode-1/data-0/containers/hdds of storage type : DISK capacity : 9223372036854775807
2023-01-30 12:43:38,704 [Listener at 127.0.0.1/45319] INFO  volume.MutableVolumeSet (MutableVolumeSet.java:initializeVolumeSet(174)) - Added Volume : /home/runner/work/ozone/ozone/hadoop-ozone/integration-test/target/test-dir/MiniOzoneClusterImpl-3373c666-e21d-449e-a922-fde15befd7fc/datanode-1/data-0/containers/hdds to VolumeSet
2023-01-30 12:43:38,704 [Listener at 127.0.0.1/45319] INFO  volume.ThrottledAsyncChecker (ThrottledAsyncChecker.java:schedule(141)) - Scheduling a check for /home/runner/work/ozone/ozone/hadoop-ozone/integration-test/target/test-dir/MiniOzoneClusterImpl-3373c666-e21d-449e-a922-fde15befd7fc/datanode-1/data-0/containers/hdds
2023-01-30 12:43:38,715 [Datanode State Machine Task Thread - 0] INFO  datanode.InitDatanodeState (InitDatanodeState.java:persistContainerDatanodeDetails(138)) - DatanodeDetails is persisted to /home/runner/work/ozone/ozone/hadoop-ozone/integration-test/target/test-dir/MiniOzoneClusterImpl-3373c666-e21d-449e-a922-fde15befd7fc/datanode-0/meta/datanode.id
2023-01-30 12:43:38,715 [Listener at 127.0.0.1/45319] INFO  volume.StorageVolumeChecker (StorageVolumeChecker.java:checkAllVolumes(202)) - Scheduled health check for volume /home/runner/work/ozone/ozone/hadoop-ozone/integration-test/target/test-dir/MiniOzoneClusterImpl-3373c666-e21d-449e-a922-fde15befd7fc/datanode-1/data-0/containers/hdds
2023-01-30 12:43:38,727 [Listener at 127.0.0.1/45319] INFO  volume.MutableVolumeSet (MutableVolumeSet.java:initializeVolumeSet(174)) - Added Volume : /home/runner/work/ozone/ozone/hadoop-ozone/integration-test/target/test-dir/MiniOzoneClusterImpl-3373c666-e21d-449e-a922-fde15befd7fc/datanode-1/data/ratis to VolumeSet
2023-01-30 12:43:38,727 [Listener at 127.0.0.1/45319] INFO  volume.ThrottledAsyncChecker (ThrottledAsyncChecker.java:schedule(141)) - Scheduling a check for /home/runner/work/ozone/ozone/hadoop-ozone/integration-test/target/test-dir/MiniOzoneClusterImpl-3373c666-e21d-449e-a922-fde15befd7fc/datanode-1/data/ratis
2023-01-30 12:43:38,727 [Listener at 127.0.0.1/45319] INFO  volume.StorageVolumeChecker (StorageVolumeChecker.java:checkAllVolumes(202)) - Scheduled health check for volume /home/runner/work/ozone/ozone/hadoop-ozone/integration-test/target/test-dir/MiniOzoneClusterImpl-3373c666-e21d-449e-a922-fde15befd7fc/datanode-1/data/ratis
2023-01-30 12:43:38,744 [Thread-150] INFO  ozoneimpl.ContainerReader (ContainerReader.java:readVolume(175)) - Finish verifying containers on volume /home/runner/work/ozone/ozone/hadoop-ozone/integration-test/target/test-dir/MiniOzoneClusterImpl-3373c666-e21d-449e-a922-fde15befd7fc/datanode-1/data-0/containers/hdds
2023-01-30 12:43:38,744 [Listener at 127.0.0.1/45319] INFO  ozoneimpl.OzoneContainer (OzoneContainer.java:buildContainerSet(305)) - Build ContainerSet costs 0s
2023-01-30 12:43:38,748 [Listener at 127.0.0.1/45319] INFO  server.RaftServer (ConfUtils.java:logGet(46)) - raft.rpc.type = GRPC (default)
2023-01-30 12:43:38,749 [Listener at 127.0.0.1/45319] INFO  grpc.GrpcConfigKeys (ConfUtils.java:logFallback(53)) - raft.grpc.admin.host = null (fallback to raft.grpc.server.host)
2023-01-30 12:43:38,749 [Listener at 127.0.0.1/45319] INFO  grpc.GrpcConfigKeys (ConfUtils.java:logGet(46)) - raft.grpc.admin.port = 0 (custom)
2023-01-30 12:43:38,749 [Listener at 127.0.0.1/45319] INFO  grpc.GrpcConfigKeys (ConfUtils.java:logFallback(53)) - raft.grpc.client.host = null (fallback to raft.grpc.server.host)
2023-01-30 12:43:38,749 [Listener at 127.0.0.1/45319] INFO  grpc.GrpcConfigKeys (ConfUtils.java:logGet(46)) - raft.grpc.client.port = 0 (custom)
2023-01-30 12:43:38,749 [Listener at 127.0.0.1/45319] INFO  grpc.GrpcConfigKeys (ConfUtils.java:logGet(46)) - raft.grpc.server.host = null (default)
2023-01-30 12:43:38,749 [Listener at 127.0.0.1/45319] INFO  grpc.GrpcConfigKeys (ConfUtils.java:logGet(46)) - raft.grpc.server.port = 0 (default)
2023-01-30 12:43:38,749 [Listener at 127.0.0.1/45319] INFO  server.GrpcService (ConfUtils.java:logGet(46)) - raft.grpc.message.size.max = 32MB (=33554432) (custom)
2023-01-30 12:43:38,749 [Listener at 127.0.0.1/45319] INFO  server.RaftServerConfigKeys (ConfUtils.java:logGet(46)) - raft.server.log.appender.buffer.byte-limit = 33554432 (custom)
2023-01-30 12:43:38,749 [Listener at 127.0.0.1/45319] INFO  server.GrpcService (ConfUtils.java:logGet(46)) - raft.grpc.flow.control.window = 5MB (=5242880) (custom)
2023-01-30 12:43:38,749 [Listener at 127.0.0.1/45319] INFO  server.RaftServerConfigKeys (ConfUtils.java:logGet(46)) - raft.server.rpc.request.timeout = 60s (custom)
2023-01-30 12:43:38,750 [Listener at 127.0.0.1/45319] INFO  grpc.GrpcConfigKeys (ConfUtils.java:logGet(46)) - raft.grpc.server.heartbeat.channel = true (default)
2023-01-30 12:43:38,750 [Listener at 127.0.0.1/45319] INFO  grpc.GrpcConfigKeys (ConfUtils.java:logGet(46)) - raft.grpc.server.async.request.thread.pool.cached = true (default)
2023-01-30 12:43:38,750 [Listener at 127.0.0.1/45319] INFO  grpc.GrpcConfigKeys (ConfUtils.java:logGet(46)) - raft.grpc.server.async.request.thread.pool.size = 32 (default)
2023-01-30 12:43:38,751 [Listener at 127.0.0.1/45319] INFO  impl.DataStreamServerImpl (ConfUtils.java:logGet(46)) - raft.datastream.type = NETTY (custom)
2023-01-30 12:43:38,751 [Listener at 127.0.0.1/45319] INFO  server.RaftServerConfigKeys (ConfUtils.java:logGet(46)) - raft.server.data-stream.async.request.thread.pool.cached = false (default)
2023-01-30 12:43:38,751 [Listener at 127.0.0.1/45319] INFO  server.RaftServerConfigKeys (ConfUtils.java:logGet(46)) - raft.server.data-stream.async.request.thread.pool.size = 20 (custom)
2023-01-30 12:43:38,751 [Listener at 127.0.0.1/45319] INFO  server.RaftServerConfigKeys (ConfUtils.java:logGet(46)) - raft.server.data-stream.async.write.thread.pool.size = 16 (default)
2023-01-30 12:43:38,751 [Listener at 127.0.0.1/45319] INFO  server.RaftServerConfigKeys (ConfUtils.java:logGet(46)) - raft.server.data-stream.client.pool.size = 10 (default)
2023-01-30 12:43:38,751 [Listener at 127.0.0.1/45319] INFO  netty.NettyConfigKeys$DataStream (ConfUtils.java:logGet(46)) - raft.netty.dataStream.server.use-epoll = false (default)
2023-01-30 12:43:38,752 [Listener at 127.0.0.1/45319] INFO  netty.NettyConfigKeys$DataStream (ConfUtils.java:logGet(46)) - raft.netty.dataStream.server.boss-group.size = 0 (default)
2023-01-30 12:43:38,752 [Listener at 127.0.0.1/45319] INFO  netty.NettyConfigKeys$DataStream (ConfUtils.java:logGet(46)) - raft.netty.dataStream.server.worker-group.size = 0 (default)
2023-01-30 12:43:38,752 [Listener at 127.0.0.1/45319] INFO  netty.NettyConfigKeys$DataStream (ConfUtils.java:logGet(46)) - raft.netty.dataStream.server.tls.conf = null (default)
2023-01-30 12:43:38,752 [Listener at 127.0.0.1/45319] INFO  netty.NettyConfigKeys$DataStream (ConfUtils.java:logGet(46)) - raft.netty.dataStream.host = null (default)
2023-01-30 12:43:38,752 [Listener at 127.0.0.1/45319] INFO  netty.NettyConfigKeys$DataStream (ConfUtils.java:logGet(46)) - raft.netty.dataStream.port = 0 (default)
2023-01-30 12:43:38,753 [Listener at 127.0.0.1/45319] INFO  server.RaftServerConfigKeys (ConfUtils.java:logGet(46)) - raft.server.threadpool.proxy.cached = true (default)
2023-01-30 12:43:38,753 [Listener at 127.0.0.1/45319] INFO  server.RaftServerConfigKeys (ConfUtils.java:logGet(46)) - raft.server.threadpool.proxy.size = 0 (default)
2023-01-30 12:43:38,753 [Listener at 127.0.0.1/45319] INFO  server.RaftServerConfigKeys (ConfUtils.java:logGet(46)) - raft.server.rpc.slowness.timeout = 300s (custom)
2023-01-30 12:43:38,753 [Listener at 127.0.0.1/45319] INFO  server.RaftServerConfigKeys (ConfUtils.java:logGet(46)) - raft.server.leaderelection.leader.step-down.wait-time = 10s (default)
2023-01-30 12:43:38,753 [Listener at 127.0.0.1/45319] INFO  server.RaftServerConfigKeys (ConfUtils.java:logGet(46)) - raft.server.storage.dir = [/home/runner/work/ozone/ozone/hadoop-ozone/integration-test/target/test-dir/MiniOzoneClusterImpl-3373c666-e21d-449e-a922-fde15befd7fc/datanode-1/data/ratis] (custom)
2023-01-30 12:43:38,756 [a354ee2c-6c3e-4107-b9a9-2d7a8532b2a5-NettyServerStreamRpc-bossGroup--thread1] INFO  logging.LoggingHandler (AbstractInternalLogger.java:log(148)) - [id: 0xb8291581] REGISTERED
2023-01-30 12:43:38,756 [a354ee2c-6c3e-4107-b9a9-2d7a8532b2a5-NettyServerStreamRpc-bossGroup--thread1] INFO  logging.LoggingHandler (AbstractInternalLogger.java:log(148)) - [id: 0xb8291581] BIND: 0.0.0.0/0.0.0.0:0
2023-01-30 12:43:38,756 [a354ee2c-6c3e-4107-b9a9-2d7a8532b2a5-NettyServerStreamRpc-bossGroup--thread1] INFO  logging.LoggingHandler (AbstractInternalLogger.java:log(148)) - [id: 0xb8291581, L:/0:0:0:0:0:0:0:0:38877] ACTIVE
2023-01-30 12:43:38,761 [Listener at 127.0.0.1/45319] INFO  server.XceiverServerGrpc (XceiverServerGrpc.java:<init>(132)) - GrpcServer channel type EpollServerSocketChannel
2023-01-30 12:43:38,768 [Listener at 127.0.0.1/45319] INFO  http.BaseHttpServer (BaseHttpServer.java:newHttpServer2BuilderForOzone(213)) - Starting Web-server for hddsDatanode at: http://0.0.0.0:0
2023-01-30 12:43:38,768 [Listener at 127.0.0.1/45319] INFO  http.BaseHttpServer (BaseHttpServer.java:<init>(108)) - Hadoop Security Enabled: false Ozone Security Enabled: false Ozone HTTP Security Enabled: false 
2023-01-30 12:43:38,769 [Listener at 127.0.0.1/45319] WARN  server.AuthenticationFilter (AuthenticationFilter.java:constructSecretProvider(240)) - Unable to initialize FileSignerSecretProvider, falling back to use random secrets. Reason: Could not read signature secret file: /home/runner/hadoop-http-auth-signature-secret
2023-01-30 12:43:38,771 [Listener at 127.0.0.1/45319] WARN  http.HttpRequestLog (HttpRequestLog.java:getRequestLog(103)) - Jetty request log can only be enabled using Log4j
2023-01-30 12:43:38,772 [Listener at 127.0.0.1/45319] INFO  http.HttpServer2 (HttpServer2.java:addGlobalFilter(1031)) - Added global filter 'safety' (class=org.apache.hadoop.hdds.server.http.HttpServer2$QuotingInputFilter)
2023-01-30 12:43:38,773 [Listener at 127.0.0.1/45319] INFO  http.HttpServer2 (HttpServer2.java:addFilter(1007)) - Added filter static_user_filter (class=org.apache.hadoop.http.lib.StaticUserWebFilter$StaticUserFilter) to context hddsDatanode
2023-01-30 12:43:38,773 [Listener at 127.0.0.1/45319] INFO  http.HttpServer2 (HttpServer2.java:addFilter(1015)) - Added filter static_user_filter (class=org.apache.hadoop.http.lib.StaticUserWebFilter$StaticUserFilter) to context static
2023-01-30 12:43:38,773 [Listener at 127.0.0.1/45319] INFO  http.HttpServer2 (HttpServer2.java:addFilter(1015)) - Added filter static_user_filter (class=org.apache.hadoop.http.lib.StaticUserWebFilter$StaticUserFilter) to context logs
2023-01-30 12:43:38,774 [Listener at 127.0.0.1/45319] INFO  http.HttpServer2 (HttpServer2.java:bindListener(1250)) - Jetty bound to port 45689
2023-01-30 12:43:38,774 [Listener at 127.0.0.1/45319] INFO  server.Server (Server.java:doStart(375)) - jetty-9.4.49.v20220914; built: 2022-09-14T01:07:36.601Z; git: 4231a3b2e4cb8548a412a789936d640a97b1aa0a; jvm 1.8.0_352-b08
2023-01-30 12:43:38,776 [Listener at 127.0.0.1/45319] INFO  server.session (DefaultSessionIdManager.java:doStart(334)) - DefaultSessionIdManager workerName=node0
2023-01-30 12:43:38,776 [Listener at 127.0.0.1/45319] INFO  server.session (DefaultSessionIdManager.java:doStart(339)) - No SessionScavenger set, using defaults
2023-01-30 12:43:38,776 [Listener at 127.0.0.1/45319] INFO  server.session (HouseKeeper.java:startScavenging(132)) - node0 Scavenging every 660000ms
2023-01-30 12:43:38,777 [Listener at 127.0.0.1/45319] INFO  handler.ContextHandler (ContextHandler.java:doStart(921)) - Started o.e.j.s.ServletContextHandler@2ed9d225{logs,/logs,file:///home/runner/work/ozone/ozone/hadoop-ozone/integration-test/target/log,AVAILABLE}
2023-01-30 12:43:38,777 [Listener at 127.0.0.1/45319] INFO  handler.ContextHandler (ContextHandler.java:doStart(921)) - Started o.e.j.s.ServletContextHandler@3a63653b{static,/static,jar:file:/home/runner/.m2/repository/org/apache/ozone/hdds-container-service/1.4.0-SNAPSHOT/hdds-container-service-1.4.0-SNAPSHOT.jar!/webapps/static,AVAILABLE}
2023-01-30 12:43:38,873 [om1@group-C5BA1605619E-FollowerState] INFO  impl.FollowerState (FollowerState.java:run(143)) - om1@group-C5BA1605619E-FollowerState: change to CANDIDATE, lastRpcElapsedTime:1159171843ns, electionTimeout:1151ms
2023-01-30 12:43:38,873 [om1@group-C5BA1605619E-FollowerState] INFO  impl.RoleInfo (RoleInfo.java:shutdownFollowerState(110)) - om1: shutdown om1@group-C5BA1605619E-FollowerState
2023-01-30 12:43:38,876 [om1@group-C5BA1605619E-FollowerState] INFO  server.RaftServer$Division (RaftServerImpl.java:setRole(321)) - om1@group-C5BA1605619E: changes role from  FOLLOWER to CANDIDATE at term 0 for changeToCandidate
2023-01-30 12:43:38,881 [om1@group-C5BA1605619E-FollowerState] INFO  server.RaftServerConfigKeys (ConfUtils.java:logGet(46)) - raft.server.leaderelection.pre-vote = false (custom)
2023-01-30 12:43:38,881 [om1@group-C5BA1605619E-FollowerState] INFO  impl.RoleInfo (RoleInfo.java:updateAndGet(139)) - om1: start om1@group-C5BA1605619E-LeaderElection1
2023-01-30 12:43:38,890 [om1@group-C5BA1605619E-LeaderElection1] INFO  impl.LeaderElection (LeaderElection.java:askForVotes(312)) - om1@group-C5BA1605619E-LeaderElection1 ELECTION round 0: submit vote requests at term 1 for -1: peers:[om1|rpc:localhost:9872|priority:0|startupRole:FOLLOWER]|listeners:[], old=null
2023-01-30 12:43:38,891 [om1@group-C5BA1605619E-LeaderElection1] INFO  impl.LeaderElection (LeaderElection.java:askForVotes(314)) - om1@group-C5BA1605619E-LeaderElection1 ELECTION round 0: result PASSED (term=1)
2023-01-30 12:43:38,892 [om1@group-C5BA1605619E-LeaderElection1] INFO  impl.RoleInfo (RoleInfo.java:shutdownLeaderElection(130)) - om1: shutdown om1@group-C5BA1605619E-LeaderElection1
2023-01-30 12:43:38,892 [om1@group-C5BA1605619E-LeaderElection1] INFO  server.RaftServer$Division (RaftServerImpl.java:setRole(321)) - om1@group-C5BA1605619E: changes role from CANDIDATE to LEADER at term 1 for changeToLeader
2023-01-30 12:43:38,892 [om1@group-C5BA1605619E-LeaderElection1] INFO  server.RaftServer$Division (ServerState.java:setLeader(313)) - om1@group-C5BA1605619E: change Leader from null to om1 at term 1 for becomeLeader, leader elected after 2328ms
2023-01-30 12:43:38,901 [om1@group-C5BA1605619E-LeaderElection1] INFO  server.RaftServerConfigKeys (ConfUtils.java:logGet(46)) - raft.server.staging.catchup.gap = 1000 (default)
2023-01-30 12:43:38,916 [om1@group-C5BA1605619E-LeaderElection1] INFO  server.RaftServerConfigKeys (ConfUtils.java:logGet(46)) - raft.server.write.element-limit = 4096 (default)
2023-01-30 12:43:38,917 [om1@group-C5BA1605619E-LeaderElection1] INFO  server.RaftServerConfigKeys (ConfUtils.java:logGet(46)) - raft.server.write.byte-limit = 64MB (=67108864) (default)
2023-01-30 12:43:38,922 [om1@group-C5BA1605619E-LeaderElection1] INFO  server.RaftServerConfigKeys (ConfUtils.java:logGet(46)) - raft.server.watch.timeout = 10s (default)
2023-01-30 12:43:38,922 [om1@group-C5BA1605619E-LeaderElection1] INFO  server.RaftServerConfigKeys (ConfUtils.java:logGet(46)) - raft.server.watch.timeout.denomination = 1s (default)
2023-01-30 12:43:38,923 [om1@group-C5BA1605619E-LeaderElection1] INFO  server.RaftServerConfigKeys (ConfUtils.java:logGet(46)) - raft.server.watch.element-limit = 65536 (default)
2023-01-30 12:43:38,927 [om1@group-C5BA1605619E-LeaderElection1] INFO  server.RaftServerConfigKeys (ConfUtils.java:logGet(46)) - raft.server.write.element-limit = 4096 (default)
2023-01-30 12:43:38,930 [om1@group-C5BA1605619E-LeaderElection1] INFO  server.RaftServerConfigKeys (ConfUtils.java:logGet(46)) - raft.server.write.follower.gap.ratio.max = -1.0 (default)
2023-01-30 12:43:38,934 [om1@group-C5BA1605619E-LeaderElection1] INFO  impl.RoleInfo (RoleInfo.java:updateAndGet(139)) - om1: start om1@group-C5BA1605619E-LeaderStateImpl
2023-01-30 12:43:38,958 [om1@group-C5BA1605619E-LeaderElection1] INFO  segmented.SegmentedRaftLogWorker (SegmentedRaftLogWorker.java:startLogSegment(452)) - om1@group-C5BA1605619E-SegmentedRaftLogWorker: Starting segment from index:0
2023-01-30 12:43:39,023 [om1@group-C5BA1605619E-LeaderElection1] INFO  server.RaftServer$Division (ServerState.java:setRaftConf(430)) - om1@group-C5BA1605619E: set configuration 0: peers:[om1|rpc:localhost:9872|admin:|client:|dataStream:|priority:0|startupRole:FOLLOWER]|listeners:[], old=null
2023-01-30 12:43:39,068 [Listener at 127.0.0.1/45319] INFO  handler.ContextHandler (ContextHandler.java:doStart(921)) - Started o.e.j.w.WebAppContext@3b27f18f{hddsDatanode,/,file:///tmp/jetty-0_0_0_0-45689-hdds-container-service-1_4_0-SNAPSHOT_jar-_-any-2470447417104194574/webapp/,AVAILABLE}{jar:file:/home/runner/.m2/repository/org/apache/ozone/hdds-container-service/1.4.0-SNAPSHOT/hdds-container-service-1.4.0-SNAPSHOT.jar!/webapps/hddsDatanode}
2023-01-30 12:43:39,074 [Listener at 127.0.0.1/45319] INFO  server.AbstractConnector (AbstractConnector.java:doStart(333)) - Started ServerConnector@36c8c89{HTTP/1.1, (http/1.1)}{0.0.0.0:45689}
2023-01-30 12:43:39,074 [Listener at 127.0.0.1/45319] INFO  server.Server (Server.java:doStart(415)) - Started @8307ms
2023-01-30 12:43:39,074 [Listener at 127.0.0.1/45319] WARN  impl.MetricsSystemImpl (MetricsSystemImpl.java:register(279)) - Sink prometheus already exists!
2023-01-30 12:43:39,074 [Listener at 127.0.0.1/45319] INFO  http.BaseHttpServer (BaseHttpServer.java:updateConnectorAddress(333)) - HTTP server of hddsDatanode listening at http://0.0.0.0:45689
2023-01-30 12:43:39,080 [Datanode State Machine Daemon Thread] INFO  statemachine.DatanodeStateMachine (DatanodeStateMachine.java:lambda$startDaemon$0(515)) - Ozone container server started.
2023-01-30 12:43:39,096 [org.apache.hadoop.util.JvmPauseMonitor$Monitor@78051208] INFO  util.JvmPauseMonitor (JvmPauseMonitor.java:run(188)) - Starting JVM pause monitor
2023-01-30 12:43:39,100 [Listener at 127.0.0.1/45319] WARN  impl.MetricRegistriesImpl (MetricRegistriesImpl.java:addReporterRegistration(111)) - New reporters are added after registries were created. Some metrics will be missing from the reporter. Please add reporter before adding any new registry.
2023-01-30 12:43:39,101 [Listener at 127.0.0.1/45319] WARN  impl.MetricRegistriesImpl (MetricRegistriesImpl.java:addReporterRegistration(111)) - New reporters are added after registries were created. Some metrics will be missing from the reporter. Please add reporter before adding any new registry.
2023-01-30 12:43:39,101 [Listener at 127.0.0.1/45319] INFO  impl.MetricsSystemImpl (MetricsSystemImpl.java:init(158)) - HddsDatanode metrics system started (again)
2023-01-30 12:43:39,113 [Datanode State Machine Task Thread - 0] INFO  datanode.InitDatanodeState (InitDatanodeState.java:persistContainerDatanodeDetails(138)) - DatanodeDetails is persisted to /home/runner/work/ozone/ozone/hadoop-ozone/integration-test/target/test-dir/MiniOzoneClusterImpl-3373c666-e21d-449e-a922-fde15befd7fc/datanode-1/meta/datanode.id
2023-01-30 12:43:39,119 [Listener at 127.0.0.1/45319] INFO  ozone.HddsDatanodeService (HddsDatanodeService.java:start(228)) - HddsDatanodeService host:fv-az186-393.qnicg3m0sonedg4msc5mrdkamh.cx.internal.cloudapp.net ip:10.1.0.50
2023-01-30 12:43:39,120 [om1@group-C5BA1605619E-SegmentedRaftLogWorker] INFO  segmented.SegmentedRaftLogWorker (SegmentedRaftLogWorker.java:execute(656)) - om1@group-C5BA1605619E-SegmentedRaftLogWorker: created new log segment /home/runner/work/ozone/ozone/hadoop-ozone/integration-test/target/test-dir/MiniOzoneClusterImpl-3373c666-e21d-449e-a922-fde15befd7fc/ozone-meta/ratis/bf265839-605b-3f16-9796-c5ba1605619e/current/log_inprogress_0
2023-01-30 12:43:39,145 [Listener at 127.0.0.1/45319] INFO  upgrade.AbstractLayoutVersionManager (AbstractLayoutVersionManager.java:init(83)) - Initializing Layout version manager with metadata layout = DATANODE_SCHEMA_V3 (version = 4), software layout = DATANODE_SCHEMA_V3 (version = 4)
2023-01-30 12:43:39,195 [Listener at 127.0.0.1/45319] INFO  reflections.Reflections (Reflections.java:scan(232)) - Reflections took 48 ms to scan 7 urls, producing 148 keys and 357 values 
2023-01-30 12:43:39,197 [Listener at 127.0.0.1/45319] INFO  statemachine.DatanodeStateMachine (DatanodeStateMachine.java:getEndPointTaskThreadPoolSize(259)) - Datanode State Machine Task Thread Pool size 2
2023-01-30 12:43:39,199 [Listener at 127.0.0.1/45319] INFO  volume.HddsVolume (HddsVolume.java:<init>(117)) - Creating HddsVolume: /home/runner/work/ozone/ozone/hadoop-ozone/integration-test/target/test-dir/MiniOzoneClusterImpl-3373c666-e21d-449e-a922-fde15befd7fc/datanode-2/data-0/containers/hdds of storage type : DISK capacity : 9223372036854775807
2023-01-30 12:43:39,199 [Listener at 127.0.0.1/45319] INFO  volume.MutableVolumeSet (MutableVolumeSet.java:initializeVolumeSet(174)) - Added Volume : /home/runner/work/ozone/ozone/hadoop-ozone/integration-test/target/test-dir/MiniOzoneClusterImpl-3373c666-e21d-449e-a922-fde15befd7fc/datanode-2/data-0/containers/hdds to VolumeSet
2023-01-30 12:43:39,199 [Listener at 127.0.0.1/45319] INFO  volume.ThrottledAsyncChecker (ThrottledAsyncChecker.java:schedule(141)) - Scheduling a check for /home/runner/work/ozone/ozone/hadoop-ozone/integration-test/target/test-dir/MiniOzoneClusterImpl-3373c666-e21d-449e-a922-fde15befd7fc/datanode-2/data-0/containers/hdds
2023-01-30 12:43:39,216 [Listener at 127.0.0.1/45319] INFO  volume.StorageVolumeChecker (StorageVolumeChecker.java:checkAllVolumes(202)) - Scheduled health check for volume /home/runner/work/ozone/ozone/hadoop-ozone/integration-test/target/test-dir/MiniOzoneClusterImpl-3373c666-e21d-449e-a922-fde15befd7fc/datanode-2/data-0/containers/hdds
2023-01-30 12:43:39,234 [Listener at 127.0.0.1/45319] INFO  volume.MutableVolumeSet (MutableVolumeSet.java:initializeVolumeSet(174)) - Added Volume : /home/runner/work/ozone/ozone/hadoop-ozone/integration-test/target/test-dir/MiniOzoneClusterImpl-3373c666-e21d-449e-a922-fde15befd7fc/datanode-2/data/ratis to VolumeSet
2023-01-30 12:43:39,236 [Listener at 127.0.0.1/45319] INFO  volume.ThrottledAsyncChecker (ThrottledAsyncChecker.java:schedule(141)) - Scheduling a check for /home/runner/work/ozone/ozone/hadoop-ozone/integration-test/target/test-dir/MiniOzoneClusterImpl-3373c666-e21d-449e-a922-fde15befd7fc/datanode-2/data/ratis
2023-01-30 12:43:39,236 [Listener at 127.0.0.1/45319] INFO  volume.StorageVolumeChecker (StorageVolumeChecker.java:checkAllVolumes(202)) - Scheduled health check for volume /home/runner/work/ozone/ozone/hadoop-ozone/integration-test/target/test-dir/MiniOzoneClusterImpl-3373c666-e21d-449e-a922-fde15befd7fc/datanode-2/data/ratis
2023-01-30 12:43:39,274 [om1@group-C5BA1605619E-StateMachineUpdater] INFO  ratis.OzoneManagerStateMachine (OzoneManagerStateMachine.java:notifyConfigurationChanged(192)) - Received Configuration change notification from Ratis. New Peer list:
[id: "om1"
address: "localhost:9872"
startupRole: FOLLOWER
]
2023-01-30 12:43:39,276 [Thread-166] INFO  ozoneimpl.ContainerReader (ContainerReader.java:readVolume(175)) - Finish verifying containers on volume /home/runner/work/ozone/ozone/hadoop-ozone/integration-test/target/test-dir/MiniOzoneClusterImpl-3373c666-e21d-449e-a922-fde15befd7fc/datanode-2/data-0/containers/hdds
2023-01-30 12:43:39,276 [Listener at 127.0.0.1/45319] INFO  ozoneimpl.OzoneContainer (OzoneContainer.java:buildContainerSet(305)) - Build ContainerSet costs 0s
2023-01-30 12:43:39,279 [Listener at 127.0.0.1/45319] INFO  server.RaftServer (ConfUtils.java:logGet(46)) - raft.rpc.type = GRPC (default)
2023-01-30 12:43:39,281 [Listener at 127.0.0.1/45319] INFO  grpc.GrpcConfigKeys (ConfUtils.java:logFallback(53)) - raft.grpc.admin.host = null (fallback to raft.grpc.server.host)
2023-01-30 12:43:39,281 [Listener at 127.0.0.1/45319] INFO  grpc.GrpcConfigKeys (ConfUtils.java:logGet(46)) - raft.grpc.admin.port = 0 (custom)
2023-01-30 12:43:39,282 [Listener at 127.0.0.1/45319] INFO  grpc.GrpcConfigKeys (ConfUtils.java:logFallback(53)) - raft.grpc.client.host = null (fallback to raft.grpc.server.host)
2023-01-30 12:43:39,282 [Listener at 127.0.0.1/45319] INFO  grpc.GrpcConfigKeys (ConfUtils.java:logGet(46)) - raft.grpc.client.port = 0 (custom)
2023-01-30 12:43:39,282 [Listener at 127.0.0.1/45319] INFO  grpc.GrpcConfigKeys (ConfUtils.java:logGet(46)) - raft.grpc.server.host = null (default)
2023-01-30 12:43:39,282 [Listener at 127.0.0.1/45319] INFO  grpc.GrpcConfigKeys (ConfUtils.java:logGet(46)) - raft.grpc.server.port = 0 (default)
2023-01-30 12:43:39,282 [Listener at 127.0.0.1/45319] INFO  server.GrpcService (ConfUtils.java:logGet(46)) - raft.grpc.message.size.max = 32MB (=33554432) (custom)
2023-01-30 12:43:39,282 [Listener at 127.0.0.1/45319] INFO  server.RaftServerConfigKeys (ConfUtils.java:logGet(46)) - raft.server.log.appender.buffer.byte-limit = 33554432 (custom)
2023-01-30 12:43:39,282 [Listener at 127.0.0.1/45319] INFO  server.GrpcService (ConfUtils.java:logGet(46)) - raft.grpc.flow.control.window = 5MB (=5242880) (custom)
2023-01-30 12:43:39,282 [Listener at 127.0.0.1/45319] INFO  server.RaftServerConfigKeys (ConfUtils.java:logGet(46)) - raft.server.rpc.request.timeout = 60s (custom)
2023-01-30 12:43:39,282 [Listener at 127.0.0.1/45319] INFO  grpc.GrpcConfigKeys (ConfUtils.java:logGet(46)) - raft.grpc.server.heartbeat.channel = true (default)
2023-01-30 12:43:39,282 [Listener at 127.0.0.1/45319] INFO  grpc.GrpcConfigKeys (ConfUtils.java:logGet(46)) - raft.grpc.server.async.request.thread.pool.cached = true (default)
2023-01-30 12:43:39,282 [Listener at 127.0.0.1/45319] INFO  grpc.GrpcConfigKeys (ConfUtils.java:logGet(46)) - raft.grpc.server.async.request.thread.pool.size = 32 (default)
2023-01-30 12:43:39,284 [Listener at 127.0.0.1/45319] INFO  impl.DataStreamServerImpl (ConfUtils.java:logGet(46)) - raft.datastream.type = NETTY (custom)
2023-01-30 12:43:39,284 [Listener at 127.0.0.1/45319] INFO  server.RaftServerConfigKeys (ConfUtils.java:logGet(46)) - raft.server.data-stream.async.request.thread.pool.cached = false (default)
2023-01-30 12:43:39,285 [Listener at 127.0.0.1/45319] INFO  server.RaftServerConfigKeys (ConfUtils.java:logGet(46)) - raft.server.data-stream.async.request.thread.pool.size = 20 (custom)
2023-01-30 12:43:39,285 [Listener at 127.0.0.1/45319] INFO  server.RaftServerConfigKeys (ConfUtils.java:logGet(46)) - raft.server.data-stream.async.write.thread.pool.size = 16 (default)
2023-01-30 12:43:39,285 [Listener at 127.0.0.1/45319] INFO  server.RaftServerConfigKeys (ConfUtils.java:logGet(46)) - raft.server.data-stream.client.pool.size = 10 (default)
2023-01-30 12:43:39,285 [Listener at 127.0.0.1/45319] INFO  netty.NettyConfigKeys$DataStream (ConfUtils.java:logGet(46)) - raft.netty.dataStream.server.use-epoll = false (default)
2023-01-30 12:43:39,285 [Listener at 127.0.0.1/45319] INFO  netty.NettyConfigKeys$DataStream (ConfUtils.java:logGet(46)) - raft.netty.dataStream.server.boss-group.size = 0 (default)
2023-01-30 12:43:39,285 [Listener at 127.0.0.1/45319] INFO  netty.NettyConfigKeys$DataStream (ConfUtils.java:logGet(46)) - raft.netty.dataStream.server.worker-group.size = 0 (default)
2023-01-30 12:43:39,286 [Listener at 127.0.0.1/45319] INFO  netty.NettyConfigKeys$DataStream (ConfUtils.java:logGet(46)) - raft.netty.dataStream.server.tls.conf = null (default)
2023-01-30 12:43:39,286 [Listener at 127.0.0.1/45319] INFO  netty.NettyConfigKeys$DataStream (ConfUtils.java:logGet(46)) - raft.netty.dataStream.host = null (default)
2023-01-30 12:43:39,286 [Listener at 127.0.0.1/45319] INFO  netty.NettyConfigKeys$DataStream (ConfUtils.java:logGet(46)) - raft.netty.dataStream.port = 0 (default)
2023-01-30 12:43:39,286 [Listener at 127.0.0.1/45319] INFO  server.RaftServerConfigKeys (ConfUtils.java:logGet(46)) - raft.server.threadpool.proxy.cached = true (default)
2023-01-30 12:43:39,286 [Listener at 127.0.0.1/45319] INFO  server.RaftServerConfigKeys (ConfUtils.java:logGet(46)) - raft.server.threadpool.proxy.size = 0 (default)
2023-01-30 12:43:39,286 [Listener at 127.0.0.1/45319] INFO  server.RaftServerConfigKeys (ConfUtils.java:logGet(46)) - raft.server.rpc.slowness.timeout = 300s (custom)
2023-01-30 12:43:39,286 [Listener at 127.0.0.1/45319] INFO  server.RaftServerConfigKeys (ConfUtils.java:logGet(46)) - raft.server.leaderelection.leader.step-down.wait-time = 10s (default)
2023-01-30 12:43:39,287 [Listener at 127.0.0.1/45319] INFO  server.RaftServerConfigKeys (ConfUtils.java:logGet(46)) - raft.server.storage.dir = [/home/runner/work/ozone/ozone/hadoop-ozone/integration-test/target/test-dir/MiniOzoneClusterImpl-3373c666-e21d-449e-a922-fde15befd7fc/datanode-2/data/ratis] (custom)
2023-01-30 12:43:39,293 [6d351c6b-99d3-43e7-8295-6decaaa133c4-NettyServerStreamRpc-bossGroup--thread1] INFO  logging.LoggingHandler (AbstractInternalLogger.java:log(148)) - [id: 0xf78305be] REGISTERED
2023-01-30 12:43:39,293 [6d351c6b-99d3-43e7-8295-6decaaa133c4-NettyServerStreamRpc-bossGroup--thread1] INFO  logging.LoggingHandler (AbstractInternalLogger.java:log(148)) - [id: 0xf78305be] BIND: 0.0.0.0/0.0.0.0:0
2023-01-30 12:43:39,293 [6d351c6b-99d3-43e7-8295-6decaaa133c4-NettyServerStreamRpc-bossGroup--thread1] INFO  logging.LoggingHandler (AbstractInternalLogger.java:log(148)) - [id: 0xf78305be, L:/0:0:0:0:0:0:0:0:44213] ACTIVE
2023-01-30 12:43:39,295 [Listener at 127.0.0.1/45319] INFO  server.XceiverServerGrpc (XceiverServerGrpc.java:<init>(132)) - GrpcServer channel type EpollServerSocketChannel
2023-01-30 12:43:39,300 [Listener at 127.0.0.1/45319] INFO  http.BaseHttpServer (BaseHttpServer.java:newHttpServer2BuilderForOzone(213)) - Starting Web-server for hddsDatanode at: http://0.0.0.0:0
2023-01-30 12:43:39,300 [Listener at 127.0.0.1/45319] INFO  http.BaseHttpServer (BaseHttpServer.java:<init>(108)) - Hadoop Security Enabled: false Ozone Security Enabled: false Ozone HTTP Security Enabled: false 
2023-01-30 12:43:39,302 [Listener at 127.0.0.1/45319] WARN  server.AuthenticationFilter (AuthenticationFilter.java:constructSecretProvider(240)) - Unable to initialize FileSignerSecretProvider, falling back to use random secrets. Reason: Could not read signature secret file: /home/runner/hadoop-http-auth-signature-secret
2023-01-30 12:43:39,302 [Listener at 127.0.0.1/45319] WARN  http.HttpRequestLog (HttpRequestLog.java:getRequestLog(103)) - Jetty request log can only be enabled using Log4j
2023-01-30 12:43:39,303 [Listener at 127.0.0.1/45319] INFO  http.HttpServer2 (HttpServer2.java:addGlobalFilter(1031)) - Added global filter 'safety' (class=org.apache.hadoop.hdds.server.http.HttpServer2$QuotingInputFilter)
2023-01-30 12:43:39,305 [Listener at 127.0.0.1/45319] INFO  http.HttpServer2 (HttpServer2.java:addFilter(1007)) - Added filter static_user_filter (class=org.apache.hadoop.http.lib.StaticUserWebFilter$StaticUserFilter) to context hddsDatanode
2023-01-30 12:43:39,305 [Listener at 127.0.0.1/45319] INFO  http.HttpServer2 (HttpServer2.java:addFilter(1015)) - Added filter static_user_filter (class=org.apache.hadoop.http.lib.StaticUserWebFilter$StaticUserFilter) to context static
2023-01-30 12:43:39,305 [Listener at 127.0.0.1/45319] INFO  http.HttpServer2 (HttpServer2.java:addFilter(1015)) - Added filter static_user_filter (class=org.apache.hadoop.http.lib.StaticUserWebFilter$StaticUserFilter) to context logs
2023-01-30 12:43:39,306 [Listener at 127.0.0.1/45319] INFO  http.HttpServer2 (HttpServer2.java:bindListener(1250)) - Jetty bound to port 32785
2023-01-30 12:43:39,306 [Listener at 127.0.0.1/45319] INFO  server.Server (Server.java:doStart(375)) - jetty-9.4.49.v20220914; built: 2022-09-14T01:07:36.601Z; git: 4231a3b2e4cb8548a412a789936d640a97b1aa0a; jvm 1.8.0_352-b08
2023-01-30 12:43:39,312 [Listener at 127.0.0.1/45319] INFO  server.session (DefaultSessionIdManager.java:doStart(334)) - DefaultSessionIdManager workerName=node0
2023-01-30 12:43:39,312 [Listener at 127.0.0.1/45319] INFO  server.session (DefaultSessionIdManager.java:doStart(339)) - No SessionScavenger set, using defaults
2023-01-30 12:43:39,312 [Listener at 127.0.0.1/45319] INFO  server.session (HouseKeeper.java:startScavenging(132)) - node0 Scavenging every 660000ms
2023-01-30 12:43:39,314 [Listener at 127.0.0.1/45319] INFO  handler.ContextHandler (ContextHandler.java:doStart(921)) - Started o.e.j.s.ServletContextHandler@5db07ad9{logs,/logs,file:///home/runner/work/ozone/ozone/hadoop-ozone/integration-test/target/log,AVAILABLE}
2023-01-30 12:43:39,314 [Listener at 127.0.0.1/45319] INFO  handler.ContextHandler (ContextHandler.java:doStart(921)) - Started o.e.j.s.ServletContextHandler@24cf094d{static,/static,jar:file:/home/runner/.m2/repository/org/apache/ozone/hdds-container-service/1.4.0-SNAPSHOT/hdds-container-service-1.4.0-SNAPSHOT.jar!/webapps/static,AVAILABLE}
2023-01-30 12:43:39,496 [Listener at 127.0.0.1/45319] INFO  handler.ContextHandler (ContextHandler.java:doStart(921)) - Started o.e.j.w.WebAppContext@27c0e529{hddsDatanode,/,file:///tmp/jetty-0_0_0_0-32785-hdds-container-service-1_4_0-SNAPSHOT_jar-_-any-113151804028012522/webapp/,AVAILABLE}{jar:file:/home/runner/.m2/repository/org/apache/ozone/hdds-container-service/1.4.0-SNAPSHOT/hdds-container-service-1.4.0-SNAPSHOT.jar!/webapps/hddsDatanode}
2023-01-30 12:43:39,499 [Listener at 127.0.0.1/45319] INFO  server.AbstractConnector (AbstractConnector.java:doStart(333)) - Started ServerConnector@22c15ebc{HTTP/1.1, (http/1.1)}{0.0.0.0:32785}
2023-01-30 12:43:39,499 [Listener at 127.0.0.1/45319] INFO  server.Server (Server.java:doStart(415)) - Started @8732ms
2023-01-30 12:43:39,500 [Listener at 127.0.0.1/45319] WARN  impl.MetricsSystemImpl (MetricsSystemImpl.java:register(279)) - Sink prometheus already exists!
2023-01-30 12:43:39,500 [Listener at 127.0.0.1/45319] INFO  http.BaseHttpServer (BaseHttpServer.java:updateConnectorAddress(333)) - HTTP server of hddsDatanode listening at http://0.0.0.0:32785
2023-01-30 12:43:39,501 [Listener at 127.0.0.1/45319] WARN  impl.MetricRegistriesImpl (MetricRegistriesImpl.java:addReporterRegistration(111)) - New reporters are added after registries were created. Some metrics will be missing from the reporter. Please add reporter before adding any new registry.
2023-01-30 12:43:39,501 [Listener at 127.0.0.1/45319] WARN  impl.MetricRegistriesImpl (MetricRegistriesImpl.java:addReporterRegistration(111)) - New reporters are added after registries were created. Some metrics will be missing from the reporter. Please add reporter before adding any new registry.
2023-01-30 12:43:39,501 [Listener at 127.0.0.1/45319] INFO  impl.MetricsSystemImpl (MetricsSystemImpl.java:init(158)) - HddsDatanode metrics system started (again)
2023-01-30 12:43:39,504 [Datanode State Machine Daemon Thread] INFO  statemachine.DatanodeStateMachine (DatanodeStateMachine.java:lambda$startDaemon$0(515)) - Ozone container server started.
2023-01-30 12:43:39,514 [Listener at 127.0.0.1/45319] INFO  ozone.HddsDatanodeService (HddsDatanodeService.java:start(228)) - HddsDatanodeService host:fv-az186-393.qnicg3m0sonedg4msc5mrdkamh.cx.internal.cloudapp.net ip:10.1.0.50
2023-01-30 12:43:39,525 [org.apache.hadoop.util.JvmPauseMonitor$Monitor@5820ef9d] INFO  util.JvmPauseMonitor (JvmPauseMonitor.java:run(188)) - Starting JVM pause monitor
2023-01-30 12:43:39,530 [Datanode State Machine Task Thread - 0] INFO  datanode.InitDatanodeState (InitDatanodeState.java:persistContainerDatanodeDetails(138)) - DatanodeDetails is persisted to /home/runner/work/ozone/ozone/hadoop-ozone/integration-test/target/test-dir/MiniOzoneClusterImpl-3373c666-e21d-449e-a922-fde15befd7fc/datanode-2/meta/datanode.id
2023-01-30 12:43:39,535 [Listener at 127.0.0.1/45319] INFO  upgrade.AbstractLayoutVersionManager (AbstractLayoutVersionManager.java:init(83)) - Initializing Layout version manager with metadata layout = DATANODE_SCHEMA_V3 (version = 4), software layout = DATANODE_SCHEMA_V3 (version = 4)
2023-01-30 12:43:39,583 [Listener at 127.0.0.1/45319] INFO  reflections.Reflections (Reflections.java:scan(232)) - Reflections took 47 ms to scan 7 urls, producing 148 keys and 357 values 
2023-01-30 12:43:39,585 [Listener at 127.0.0.1/45319] INFO  statemachine.DatanodeStateMachine (DatanodeStateMachine.java:getEndPointTaskThreadPoolSize(259)) - Datanode State Machine Task Thread Pool size 2
2023-01-30 12:43:39,597 [Listener at 127.0.0.1/45319] INFO  volume.HddsVolume (HddsVolume.java:<init>(117)) - Creating HddsVolume: /home/runner/work/ozone/ozone/hadoop-ozone/integration-test/target/test-dir/MiniOzoneClusterImpl-3373c666-e21d-449e-a922-fde15befd7fc/datanode-3/data-0/containers/hdds of storage type : DISK capacity : 9223372036854775807
2023-01-30 12:43:39,597 [Listener at 127.0.0.1/45319] INFO  volume.MutableVolumeSet (MutableVolumeSet.java:initializeVolumeSet(174)) - Added Volume : /home/runner/work/ozone/ozone/hadoop-ozone/integration-test/target/test-dir/MiniOzoneClusterImpl-3373c666-e21d-449e-a922-fde15befd7fc/datanode-3/data-0/containers/hdds to VolumeSet
2023-01-30 12:43:39,597 [Listener at 127.0.0.1/45319] INFO  volume.ThrottledAsyncChecker (ThrottledAsyncChecker.java:schedule(141)) - Scheduling a check for /home/runner/work/ozone/ozone/hadoop-ozone/integration-test/target/test-dir/MiniOzoneClusterImpl-3373c666-e21d-449e-a922-fde15befd7fc/datanode-3/data-0/containers/hdds
2023-01-30 12:43:39,600 [Listener at 127.0.0.1/45319] INFO  volume.StorageVolumeChecker (StorageVolumeChecker.java:checkAllVolumes(202)) - Scheduled health check for volume /home/runner/work/ozone/ozone/hadoop-ozone/integration-test/target/test-dir/MiniOzoneClusterImpl-3373c666-e21d-449e-a922-fde15befd7fc/datanode-3/data-0/containers/hdds
2023-01-30 12:43:39,613 [Listener at 127.0.0.1/45319] INFO  volume.MutableVolumeSet (MutableVolumeSet.java:initializeVolumeSet(174)) - Added Volume : /home/runner/work/ozone/ozone/hadoop-ozone/integration-test/target/test-dir/MiniOzoneClusterImpl-3373c666-e21d-449e-a922-fde15befd7fc/datanode-3/data/ratis to VolumeSet
2023-01-30 12:43:39,614 [Listener at 127.0.0.1/45319] INFO  volume.ThrottledAsyncChecker (ThrottledAsyncChecker.java:schedule(141)) - Scheduling a check for /home/runner/work/ozone/ozone/hadoop-ozone/integration-test/target/test-dir/MiniOzoneClusterImpl-3373c666-e21d-449e-a922-fde15befd7fc/datanode-3/data/ratis
2023-01-30 12:43:39,614 [Listener at 127.0.0.1/45319] INFO  volume.StorageVolumeChecker (StorageVolumeChecker.java:checkAllVolumes(202)) - Scheduled health check for volume /home/runner/work/ozone/ozone/hadoop-ozone/integration-test/target/test-dir/MiniOzoneClusterImpl-3373c666-e21d-449e-a922-fde15befd7fc/datanode-3/data/ratis
2023-01-30 12:43:39,626 [Thread-180] INFO  ozoneimpl.ContainerReader (ContainerReader.java:readVolume(175)) - Finish verifying containers on volume /home/runner/work/ozone/ozone/hadoop-ozone/integration-test/target/test-dir/MiniOzoneClusterImpl-3373c666-e21d-449e-a922-fde15befd7fc/datanode-3/data-0/containers/hdds
2023-01-30 12:43:39,626 [Listener at 127.0.0.1/45319] INFO  ozoneimpl.OzoneContainer (OzoneContainer.java:buildContainerSet(305)) - Build ContainerSet costs 0s
2023-01-30 12:43:39,631 [Listener at 127.0.0.1/45319] INFO  server.RaftServer (ConfUtils.java:logGet(46)) - raft.rpc.type = GRPC (default)
2023-01-30 12:43:39,631 [Listener at 127.0.0.1/45319] INFO  grpc.GrpcConfigKeys (ConfUtils.java:logFallback(53)) - raft.grpc.admin.host = null (fallback to raft.grpc.server.host)
2023-01-30 12:43:39,631 [Listener at 127.0.0.1/45319] INFO  grpc.GrpcConfigKeys (ConfUtils.java:logGet(46)) - raft.grpc.admin.port = 0 (custom)
2023-01-30 12:43:39,631 [Listener at 127.0.0.1/45319] INFO  grpc.GrpcConfigKeys (ConfUtils.java:logFallback(53)) - raft.grpc.client.host = null (fallback to raft.grpc.server.host)
2023-01-30 12:43:39,631 [Listener at 127.0.0.1/45319] INFO  grpc.GrpcConfigKeys (ConfUtils.java:logGet(46)) - raft.grpc.client.port = 0 (custom)
2023-01-30 12:43:39,631 [Listener at 127.0.0.1/45319] INFO  grpc.GrpcConfigKeys (ConfUtils.java:logGet(46)) - raft.grpc.server.host = null (default)
2023-01-30 12:43:39,631 [Listener at 127.0.0.1/45319] INFO  grpc.GrpcConfigKeys (ConfUtils.java:logGet(46)) - raft.grpc.server.port = 0 (default)
2023-01-30 12:43:39,631 [Listener at 127.0.0.1/45319] INFO  server.GrpcService (ConfUtils.java:logGet(46)) - raft.grpc.message.size.max = 32MB (=33554432) (custom)
2023-01-30 12:43:39,631 [Listener at 127.0.0.1/45319] INFO  server.RaftServerConfigKeys (ConfUtils.java:logGet(46)) - raft.server.log.appender.buffer.byte-limit = 33554432 (custom)
2023-01-30 12:43:39,631 [Listener at 127.0.0.1/45319] INFO  server.GrpcService (ConfUtils.java:logGet(46)) - raft.grpc.flow.control.window = 5MB (=5242880) (custom)
2023-01-30 12:43:39,632 [Listener at 127.0.0.1/45319] INFO  server.RaftServerConfigKeys (ConfUtils.java:logGet(46)) - raft.server.rpc.request.timeout = 60s (custom)
2023-01-30 12:43:39,632 [Listener at 127.0.0.1/45319] INFO  grpc.GrpcConfigKeys (ConfUtils.java:logGet(46)) - raft.grpc.server.heartbeat.channel = true (default)
2023-01-30 12:43:39,632 [Listener at 127.0.0.1/45319] INFO  grpc.GrpcConfigKeys (ConfUtils.java:logGet(46)) - raft.grpc.server.async.request.thread.pool.cached = true (default)
2023-01-30 12:43:39,632 [Listener at 127.0.0.1/45319] INFO  grpc.GrpcConfigKeys (ConfUtils.java:logGet(46)) - raft.grpc.server.async.request.thread.pool.size = 32 (default)
2023-01-30 12:43:39,633 [Listener at 127.0.0.1/45319] INFO  impl.DataStreamServerImpl (ConfUtils.java:logGet(46)) - raft.datastream.type = NETTY (custom)
2023-01-30 12:43:39,633 [Listener at 127.0.0.1/45319] INFO  server.RaftServerConfigKeys (ConfUtils.java:logGet(46)) - raft.server.data-stream.async.request.thread.pool.cached = false (default)
2023-01-30 12:43:39,633 [Listener at 127.0.0.1/45319] INFO  server.RaftServerConfigKeys (ConfUtils.java:logGet(46)) - raft.server.data-stream.async.request.thread.pool.size = 20 (custom)
2023-01-30 12:43:39,633 [Listener at 127.0.0.1/45319] INFO  server.RaftServerConfigKeys (ConfUtils.java:logGet(46)) - raft.server.data-stream.async.write.thread.pool.size = 16 (default)
2023-01-30 12:43:39,633 [Listener at 127.0.0.1/45319] INFO  server.RaftServerConfigKeys (ConfUtils.java:logGet(46)) - raft.server.data-stream.client.pool.size = 10 (default)
2023-01-30 12:43:39,634 [Listener at 127.0.0.1/45319] INFO  netty.NettyConfigKeys$DataStream (ConfUtils.java:logGet(46)) - raft.netty.dataStream.server.use-epoll = false (default)
2023-01-30 12:43:39,634 [Listener at 127.0.0.1/45319] INFO  netty.NettyConfigKeys$DataStream (ConfUtils.java:logGet(46)) - raft.netty.dataStream.server.boss-group.size = 0 (default)
2023-01-30 12:43:39,634 [Listener at 127.0.0.1/45319] INFO  netty.NettyConfigKeys$DataStream (ConfUtils.java:logGet(46)) - raft.netty.dataStream.server.worker-group.size = 0 (default)
2023-01-30 12:43:39,634 [Listener at 127.0.0.1/45319] INFO  netty.NettyConfigKeys$DataStream (ConfUtils.java:logGet(46)) - raft.netty.dataStream.server.tls.conf = null (default)
2023-01-30 12:43:39,634 [Listener at 127.0.0.1/45319] INFO  netty.NettyConfigKeys$DataStream (ConfUtils.java:logGet(46)) - raft.netty.dataStream.host = null (default)
2023-01-30 12:43:39,634 [Listener at 127.0.0.1/45319] INFO  netty.NettyConfigKeys$DataStream (ConfUtils.java:logGet(46)) - raft.netty.dataStream.port = 0 (default)
2023-01-30 12:43:39,639 [Listener at 127.0.0.1/45319] INFO  server.RaftServerConfigKeys (ConfUtils.java:logGet(46)) - raft.server.threadpool.proxy.cached = true (default)
2023-01-30 12:43:39,639 [Listener at 127.0.0.1/45319] INFO  server.RaftServerConfigKeys (ConfUtils.java:logGet(46)) - raft.server.threadpool.proxy.size = 0 (default)
2023-01-30 12:43:39,639 [Listener at 127.0.0.1/45319] INFO  server.RaftServerConfigKeys (ConfUtils.java:logGet(46)) - raft.server.rpc.slowness.timeout = 300s (custom)
2023-01-30 12:43:39,640 [Listener at 127.0.0.1/45319] INFO  server.RaftServerConfigKeys (ConfUtils.java:logGet(46)) - raft.server.leaderelection.leader.step-down.wait-time = 10s (default)
2023-01-30 12:43:39,640 [Listener at 127.0.0.1/45319] INFO  server.RaftServerConfigKeys (ConfUtils.java:logGet(46)) - raft.server.storage.dir = [/home/runner/work/ozone/ozone/hadoop-ozone/integration-test/target/test-dir/MiniOzoneClusterImpl-3373c666-e21d-449e-a922-fde15befd7fc/datanode-3/data/ratis] (custom)
2023-01-30 12:43:39,646 [Listener at 127.0.0.1/45319] INFO  server.XceiverServerGrpc (XceiverServerGrpc.java:<init>(132)) - GrpcServer channel type EpollServerSocketChannel
2023-01-30 12:43:39,656 [4161fb15-5f04-4edd-aa04-1f821408f5fb-NettyServerStreamRpc-bossGroup--thread1] INFO  logging.LoggingHandler (AbstractInternalLogger.java:log(148)) - [id: 0x19cd46d1] REGISTERED
2023-01-30 12:43:39,657 [4161fb15-5f04-4edd-aa04-1f821408f5fb-NettyServerStreamRpc-bossGroup--thread1] INFO  logging.LoggingHandler (AbstractInternalLogger.java:log(148)) - [id: 0x19cd46d1] BIND: 0.0.0.0/0.0.0.0:0
2023-01-30 12:43:39,657 [4161fb15-5f04-4edd-aa04-1f821408f5fb-NettyServerStreamRpc-bossGroup--thread1] INFO  logging.LoggingHandler (AbstractInternalLogger.java:log(148)) - [id: 0x19cd46d1, L:/0:0:0:0:0:0:0:0:40011] ACTIVE
2023-01-30 12:43:39,657 [Listener at 127.0.0.1/45319] INFO  http.BaseHttpServer (BaseHttpServer.java:newHttpServer2BuilderForOzone(213)) - Starting Web-server for hddsDatanode at: http://0.0.0.0:0
2023-01-30 12:43:39,657 [Listener at 127.0.0.1/45319] INFO  http.BaseHttpServer (BaseHttpServer.java:<init>(108)) - Hadoop Security Enabled: false Ozone Security Enabled: false Ozone HTTP Security Enabled: false 
2023-01-30 12:43:39,658 [Listener at 127.0.0.1/45319] WARN  server.AuthenticationFilter (AuthenticationFilter.java:constructSecretProvider(240)) - Unable to initialize FileSignerSecretProvider, falling back to use random secrets. Reason: Could not read signature secret file: /home/runner/hadoop-http-auth-signature-secret
2023-01-30 12:43:39,659 [Listener at 127.0.0.1/45319] WARN  http.HttpRequestLog (HttpRequestLog.java:getRequestLog(103)) - Jetty request log can only be enabled using Log4j
2023-01-30 12:43:39,661 [Listener at 127.0.0.1/45319] INFO  http.HttpServer2 (HttpServer2.java:addGlobalFilter(1031)) - Added global filter 'safety' (class=org.apache.hadoop.hdds.server.http.HttpServer2$QuotingInputFilter)
2023-01-30 12:43:39,663 [Listener at 127.0.0.1/45319] INFO  http.HttpServer2 (HttpServer2.java:addFilter(1007)) - Added filter static_user_filter (class=org.apache.hadoop.http.lib.StaticUserWebFilter$StaticUserFilter) to context hddsDatanode
2023-01-30 12:43:39,663 [Listener at 127.0.0.1/45319] INFO  http.HttpServer2 (HttpServer2.java:addFilter(1015)) - Added filter static_user_filter (class=org.apache.hadoop.http.lib.StaticUserWebFilter$StaticUserFilter) to context static
2023-01-30 12:43:39,663 [Listener at 127.0.0.1/45319] INFO  http.HttpServer2 (HttpServer2.java:addFilter(1015)) - Added filter static_user_filter (class=org.apache.hadoop.http.lib.StaticUserWebFilter$StaticUserFilter) to context logs
2023-01-30 12:43:39,664 [Listener at 127.0.0.1/45319] INFO  http.HttpServer2 (HttpServer2.java:bindListener(1250)) - Jetty bound to port 44883
2023-01-30 12:43:39,664 [Listener at 127.0.0.1/45319] INFO  server.Server (Server.java:doStart(375)) - jetty-9.4.49.v20220914; built: 2022-09-14T01:07:36.601Z; git: 4231a3b2e4cb8548a412a789936d640a97b1aa0a; jvm 1.8.0_352-b08
2023-01-30 12:43:39,669 [Listener at 127.0.0.1/45319] INFO  server.session (DefaultSessionIdManager.java:doStart(334)) - DefaultSessionIdManager workerName=node0
2023-01-30 12:43:39,669 [Listener at 127.0.0.1/45319] INFO  server.session (DefaultSessionIdManager.java:doStart(339)) - No SessionScavenger set, using defaults
2023-01-30 12:43:39,669 [Listener at 127.0.0.1/45319] INFO  server.session (HouseKeeper.java:startScavenging(132)) - node0 Scavenging every 600000ms
2023-01-30 12:43:39,670 [Listener at 127.0.0.1/45319] INFO  handler.ContextHandler (ContextHandler.java:doStart(921)) - Started o.e.j.s.ServletContextHandler@6e0b9024{logs,/logs,file:///home/runner/work/ozone/ozone/hadoop-ozone/integration-test/target/log,AVAILABLE}
2023-01-30 12:43:39,671 [Listener at 127.0.0.1/45319] INFO  handler.ContextHandler (ContextHandler.java:doStart(921)) - Started o.e.j.s.ServletContextHandler@4a752937{static,/static,jar:file:/home/runner/.m2/repository/org/apache/ozone/hdds-container-service/1.4.0-SNAPSHOT/hdds-container-service-1.4.0-SNAPSHOT.jar!/webapps/static,AVAILABLE}
2023-01-30 12:43:39,855 [Listener at 127.0.0.1/45319] INFO  handler.ContextHandler (ContextHandler.java:doStart(921)) - Started o.e.j.w.WebAppContext@72558d04{hddsDatanode,/,file:///tmp/jetty-0_0_0_0-44883-hdds-container-service-1_4_0-SNAPSHOT_jar-_-any-13622641416127165/webapp/,AVAILABLE}{jar:file:/home/runner/.m2/repository/org/apache/ozone/hdds-container-service/1.4.0-SNAPSHOT/hdds-container-service-1.4.0-SNAPSHOT.jar!/webapps/hddsDatanode}
2023-01-30 12:43:39,856 [Listener at 127.0.0.1/45319] INFO  server.AbstractConnector (AbstractConnector.java:doStart(333)) - Started ServerConnector@14b4fcf0{HTTP/1.1, (http/1.1)}{0.0.0.0:44883}
2023-01-30 12:43:39,856 [Listener at 127.0.0.1/45319] INFO  server.Server (Server.java:doStart(415)) - Started @9090ms
2023-01-30 12:43:39,856 [Listener at 127.0.0.1/45319] WARN  impl.MetricsSystemImpl (MetricsSystemImpl.java:register(279)) - Sink prometheus already exists!
2023-01-30 12:43:39,857 [Listener at 127.0.0.1/45319] INFO  http.BaseHttpServer (BaseHttpServer.java:updateConnectorAddress(333)) - HTTP server of hddsDatanode listening at http://0.0.0.0:44883
2023-01-30 12:43:39,860 [Listener at 127.0.0.1/45319] WARN  impl.MetricRegistriesImpl (MetricRegistriesImpl.java:addReporterRegistration(111)) - New reporters are added after registries were created. Some metrics will be missing from the reporter. Please add reporter before adding any new registry.
2023-01-30 12:43:39,860 [Listener at 127.0.0.1/45319] WARN  impl.MetricRegistriesImpl (MetricRegistriesImpl.java:addReporterRegistration(111)) - New reporters are added after registries were created. Some metrics will be missing from the reporter. Please add reporter before adding any new registry.
2023-01-30 12:43:39,860 [Listener at 127.0.0.1/45319] INFO  impl.MetricsSystemImpl (MetricsSystemImpl.java:init(158)) - HddsDatanode metrics system started (again)
2023-01-30 12:43:39,864 [Datanode State Machine Daemon Thread] INFO  statemachine.DatanodeStateMachine (DatanodeStateMachine.java:lambda$startDaemon$0(515)) - Ozone container server started.
2023-01-30 12:43:39,880 [Listener at 127.0.0.1/45319] INFO  ozone.HddsDatanodeService (HddsDatanodeService.java:start(228)) - HddsDatanodeService host:fv-az186-393.qnicg3m0sonedg4msc5mrdkamh.cx.internal.cloudapp.net ip:10.1.0.50
2023-01-30 12:43:39,881 [org.apache.hadoop.util.JvmPauseMonitor$Monitor@1fc4c8e7] INFO  util.JvmPauseMonitor (JvmPauseMonitor.java:run(188)) - Starting JVM pause monitor
2023-01-30 12:43:39,887 [Datanode State Machine Task Thread - 0] INFO  datanode.InitDatanodeState (InitDatanodeState.java:persistContainerDatanodeDetails(138)) - DatanodeDetails is persisted to /home/runner/work/ozone/ozone/hadoop-ozone/integration-test/target/test-dir/MiniOzoneClusterImpl-3373c666-e21d-449e-a922-fde15befd7fc/datanode-3/meta/datanode.id
2023-01-30 12:43:39,902 [Listener at 127.0.0.1/45319] INFO  upgrade.AbstractLayoutVersionManager (AbstractLayoutVersionManager.java:init(83)) - Initializing Layout version manager with metadata layout = DATANODE_SCHEMA_V3 (version = 4), software layout = DATANODE_SCHEMA_V3 (version = 4)
2023-01-30 12:43:39,957 [Listener at 127.0.0.1/45319] INFO  reflections.Reflections (Reflections.java:scan(232)) - Reflections took 54 ms to scan 7 urls, producing 148 keys and 357 values 
2023-01-30 12:43:39,959 [Listener at 127.0.0.1/45319] INFO  statemachine.DatanodeStateMachine (DatanodeStateMachine.java:getEndPointTaskThreadPoolSize(259)) - Datanode State Machine Task Thread Pool size 2
2023-01-30 12:43:39,967 [Listener at 127.0.0.1/45319] INFO  volume.HddsVolume (HddsVolume.java:<init>(117)) - Creating HddsVolume: /home/runner/work/ozone/ozone/hadoop-ozone/integration-test/target/test-dir/MiniOzoneClusterImpl-3373c666-e21d-449e-a922-fde15befd7fc/datanode-4/data-0/containers/hdds of storage type : DISK capacity : 9223372036854775807
2023-01-30 12:43:39,967 [Listener at 127.0.0.1/45319] INFO  volume.MutableVolumeSet (MutableVolumeSet.java:initializeVolumeSet(174)) - Added Volume : /home/runner/work/ozone/ozone/hadoop-ozone/integration-test/target/test-dir/MiniOzoneClusterImpl-3373c666-e21d-449e-a922-fde15befd7fc/datanode-4/data-0/containers/hdds to VolumeSet
2023-01-30 12:43:39,968 [Listener at 127.0.0.1/45319] INFO  volume.ThrottledAsyncChecker (ThrottledAsyncChecker.java:schedule(141)) - Scheduling a check for /home/runner/work/ozone/ozone/hadoop-ozone/integration-test/target/test-dir/MiniOzoneClusterImpl-3373c666-e21d-449e-a922-fde15befd7fc/datanode-4/data-0/containers/hdds
2023-01-30 12:43:39,970 [Listener at 127.0.0.1/45319] INFO  volume.StorageVolumeChecker (StorageVolumeChecker.java:checkAllVolumes(202)) - Scheduled health check for volume /home/runner/work/ozone/ozone/hadoop-ozone/integration-test/target/test-dir/MiniOzoneClusterImpl-3373c666-e21d-449e-a922-fde15befd7fc/datanode-4/data-0/containers/hdds
2023-01-30 12:43:39,982 [Listener at 127.0.0.1/45319] INFO  volume.MutableVolumeSet (MutableVolumeSet.java:initializeVolumeSet(174)) - Added Volume : /home/runner/work/ozone/ozone/hadoop-ozone/integration-test/target/test-dir/MiniOzoneClusterImpl-3373c666-e21d-449e-a922-fde15befd7fc/datanode-4/data/ratis to VolumeSet
2023-01-30 12:43:39,982 [Listener at 127.0.0.1/45319] INFO  volume.ThrottledAsyncChecker (ThrottledAsyncChecker.java:schedule(141)) - Scheduling a check for /home/runner/work/ozone/ozone/hadoop-ozone/integration-test/target/test-dir/MiniOzoneClusterImpl-3373c666-e21d-449e-a922-fde15befd7fc/datanode-4/data/ratis
2023-01-30 12:43:39,982 [Listener at 127.0.0.1/45319] INFO  volume.StorageVolumeChecker (StorageVolumeChecker.java:checkAllVolumes(202)) - Scheduled health check for volume /home/runner/work/ozone/ozone/hadoop-ozone/integration-test/target/test-dir/MiniOzoneClusterImpl-3373c666-e21d-449e-a922-fde15befd7fc/datanode-4/data/ratis
2023-01-30 12:43:39,995 [Thread-194] INFO  ozoneimpl.ContainerReader (ContainerReader.java:readVolume(175)) - Finish verifying containers on volume /home/runner/work/ozone/ozone/hadoop-ozone/integration-test/target/test-dir/MiniOzoneClusterImpl-3373c666-e21d-449e-a922-fde15befd7fc/datanode-4/data-0/containers/hdds
2023-01-30 12:43:39,995 [Listener at 127.0.0.1/45319] INFO  ozoneimpl.OzoneContainer (OzoneContainer.java:buildContainerSet(305)) - Build ContainerSet costs 0s
2023-01-30 12:43:39,998 [Listener at 127.0.0.1/45319] INFO  server.RaftServer (ConfUtils.java:logGet(46)) - raft.rpc.type = GRPC (default)
2023-01-30 12:43:39,998 [Listener at 127.0.0.1/45319] INFO  grpc.GrpcConfigKeys (ConfUtils.java:logFallback(53)) - raft.grpc.admin.host = null (fallback to raft.grpc.server.host)
2023-01-30 12:43:39,998 [Listener at 127.0.0.1/45319] INFO  grpc.GrpcConfigKeys (ConfUtils.java:logGet(46)) - raft.grpc.admin.port = 0 (custom)
2023-01-30 12:43:39,998 [Listener at 127.0.0.1/45319] INFO  grpc.GrpcConfigKeys (ConfUtils.java:logFallback(53)) - raft.grpc.client.host = null (fallback to raft.grpc.server.host)
2023-01-30 12:43:39,998 [Listener at 127.0.0.1/45319] INFO  grpc.GrpcConfigKeys (ConfUtils.java:logGet(46)) - raft.grpc.client.port = 0 (custom)
2023-01-30 12:43:39,998 [Listener at 127.0.0.1/45319] INFO  grpc.GrpcConfigKeys (ConfUtils.java:logGet(46)) - raft.grpc.server.host = null (default)
2023-01-30 12:43:39,999 [Listener at 127.0.0.1/45319] INFO  grpc.GrpcConfigKeys (ConfUtils.java:logGet(46)) - raft.grpc.server.port = 0 (default)
2023-01-30 12:43:39,999 [Listener at 127.0.0.1/45319] INFO  server.GrpcService (ConfUtils.java:logGet(46)) - raft.grpc.message.size.max = 32MB (=33554432) (custom)
2023-01-30 12:43:39,999 [Listener at 127.0.0.1/45319] INFO  server.RaftServerConfigKeys (ConfUtils.java:logGet(46)) - raft.server.log.appender.buffer.byte-limit = 33554432 (custom)
2023-01-30 12:43:39,999 [Listener at 127.0.0.1/45319] INFO  server.GrpcService (ConfUtils.java:logGet(46)) - raft.grpc.flow.control.window = 5MB (=5242880) (custom)
2023-01-30 12:43:39,999 [Listener at 127.0.0.1/45319] INFO  server.RaftServerConfigKeys (ConfUtils.java:logGet(46)) - raft.server.rpc.request.timeout = 60s (custom)
2023-01-30 12:43:39,999 [Listener at 127.0.0.1/45319] INFO  grpc.GrpcConfigKeys (ConfUtils.java:logGet(46)) - raft.grpc.server.heartbeat.channel = true (default)
2023-01-30 12:43:39,999 [Listener at 127.0.0.1/45319] INFO  grpc.GrpcConfigKeys (ConfUtils.java:logGet(46)) - raft.grpc.server.async.request.thread.pool.cached = true (default)
2023-01-30 12:43:39,999 [Listener at 127.0.0.1/45319] INFO  grpc.GrpcConfigKeys (ConfUtils.java:logGet(46)) - raft.grpc.server.async.request.thread.pool.size = 32 (default)
2023-01-30 12:43:40,002 [Listener at 127.0.0.1/45319] INFO  impl.DataStreamServerImpl (ConfUtils.java:logGet(46)) - raft.datastream.type = NETTY (custom)
2023-01-30 12:43:40,003 [Listener at 127.0.0.1/45319] INFO  server.RaftServerConfigKeys (ConfUtils.java:logGet(46)) - raft.server.data-stream.async.request.thread.pool.cached = false (default)
2023-01-30 12:43:40,004 [Listener at 127.0.0.1/45319] INFO  server.RaftServerConfigKeys (ConfUtils.java:logGet(46)) - raft.server.data-stream.async.request.thread.pool.size = 20 (custom)
2023-01-30 12:43:40,004 [Listener at 127.0.0.1/45319] INFO  server.RaftServerConfigKeys (ConfUtils.java:logGet(46)) - raft.server.data-stream.async.write.thread.pool.size = 16 (default)
2023-01-30 12:43:40,005 [Listener at 127.0.0.1/45319] INFO  server.RaftServerConfigKeys (ConfUtils.java:logGet(46)) - raft.server.data-stream.client.pool.size = 10 (default)
2023-01-30 12:43:40,005 [Listener at 127.0.0.1/45319] INFO  netty.NettyConfigKeys$DataStream (ConfUtils.java:logGet(46)) - raft.netty.dataStream.server.use-epoll = false (default)
2023-01-30 12:43:40,005 [Listener at 127.0.0.1/45319] INFO  netty.NettyConfigKeys$DataStream (ConfUtils.java:logGet(46)) - raft.netty.dataStream.server.boss-group.size = 0 (default)
2023-01-30 12:43:40,005 [Listener at 127.0.0.1/45319] INFO  netty.NettyConfigKeys$DataStream (ConfUtils.java:logGet(46)) - raft.netty.dataStream.server.worker-group.size = 0 (default)
2023-01-30 12:43:40,006 [Listener at 127.0.0.1/45319] INFO  netty.NettyConfigKeys$DataStream (ConfUtils.java:logGet(46)) - raft.netty.dataStream.server.tls.conf = null (default)
2023-01-30 12:43:40,006 [Listener at 127.0.0.1/45319] INFO  netty.NettyConfigKeys$DataStream (ConfUtils.java:logGet(46)) - raft.netty.dataStream.host = null (default)
2023-01-30 12:43:40,006 [Listener at 127.0.0.1/45319] INFO  netty.NettyConfigKeys$DataStream (ConfUtils.java:logGet(46)) - raft.netty.dataStream.port = 0 (default)
2023-01-30 12:43:40,006 [Listener at 127.0.0.1/45319] INFO  server.RaftServerConfigKeys (ConfUtils.java:logGet(46)) - raft.server.threadpool.proxy.cached = true (default)
2023-01-30 12:43:40,006 [Listener at 127.0.0.1/45319] INFO  server.RaftServerConfigKeys (ConfUtils.java:logGet(46)) - raft.server.threadpool.proxy.size = 0 (default)
2023-01-30 12:43:40,008 [Listener at 127.0.0.1/45319] INFO  server.RaftServerConfigKeys (ConfUtils.java:logGet(46)) - raft.server.rpc.slowness.timeout = 300s (custom)
2023-01-30 12:43:40,008 [Listener at 127.0.0.1/45319] INFO  server.RaftServerConfigKeys (ConfUtils.java:logGet(46)) - raft.server.leaderelection.leader.step-down.wait-time = 10s (default)
2023-01-30 12:43:40,008 [Listener at 127.0.0.1/45319] INFO  server.RaftServerConfigKeys (ConfUtils.java:logGet(46)) - raft.server.storage.dir = [/home/runner/work/ozone/ozone/hadoop-ozone/integration-test/target/test-dir/MiniOzoneClusterImpl-3373c666-e21d-449e-a922-fde15befd7fc/datanode-4/data/ratis] (custom)
2023-01-30 12:43:40,010 [Listener at 127.0.0.1/45319] INFO  server.XceiverServerGrpc (XceiverServerGrpc.java:<init>(132)) - GrpcServer channel type EpollServerSocketChannel
2023-01-30 12:43:40,017 [a2abf3cf-345e-42e4-b42a-21ce73543136-NettyServerStreamRpc-bossGroup--thread1] INFO  logging.LoggingHandler (AbstractInternalLogger.java:log(148)) - [id: 0x3e29e8be] REGISTERED
2023-01-30 12:43:40,018 [a2abf3cf-345e-42e4-b42a-21ce73543136-NettyServerStreamRpc-bossGroup--thread1] INFO  logging.LoggingHandler (AbstractInternalLogger.java:log(148)) - [id: 0x3e29e8be] BIND: 0.0.0.0/0.0.0.0:0
2023-01-30 12:43:40,018 [a2abf3cf-345e-42e4-b42a-21ce73543136-NettyServerStreamRpc-bossGroup--thread1] INFO  logging.LoggingHandler (AbstractInternalLogger.java:log(148)) - [id: 0x3e29e8be, L:/0:0:0:0:0:0:0:0:41135] ACTIVE
2023-01-30 12:43:40,018 [Listener at 127.0.0.1/45319] INFO  http.BaseHttpServer (BaseHttpServer.java:newHttpServer2BuilderForOzone(213)) - Starting Web-server for hddsDatanode at: http://0.0.0.0:0
2023-01-30 12:43:40,018 [Listener at 127.0.0.1/45319] INFO  http.BaseHttpServer (BaseHttpServer.java:<init>(108)) - Hadoop Security Enabled: false Ozone Security Enabled: false Ozone HTTP Security Enabled: false 
2023-01-30 12:43:40,020 [Listener at 127.0.0.1/45319] WARN  server.AuthenticationFilter (AuthenticationFilter.java:constructSecretProvider(240)) - Unable to initialize FileSignerSecretProvider, falling back to use random secrets. Reason: Could not read signature secret file: /home/runner/hadoop-http-auth-signature-secret
2023-01-30 12:43:40,020 [Listener at 127.0.0.1/45319] WARN  http.HttpRequestLog (HttpRequestLog.java:getRequestLog(103)) - Jetty request log can only be enabled using Log4j
2023-01-30 12:43:40,022 [Listener at 127.0.0.1/45319] INFO  http.HttpServer2 (HttpServer2.java:addGlobalFilter(1031)) - Added global filter 'safety' (class=org.apache.hadoop.hdds.server.http.HttpServer2$QuotingInputFilter)
2023-01-30 12:43:40,022 [Listener at 127.0.0.1/45319] INFO  http.HttpServer2 (HttpServer2.java:addFilter(1007)) - Added filter static_user_filter (class=org.apache.hadoop.http.lib.StaticUserWebFilter$StaticUserFilter) to context hddsDatanode
2023-01-30 12:43:40,023 [Listener at 127.0.0.1/45319] INFO  http.HttpServer2 (HttpServer2.java:addFilter(1015)) - Added filter static_user_filter (class=org.apache.hadoop.http.lib.StaticUserWebFilter$StaticUserFilter) to context static
2023-01-30 12:43:40,023 [Listener at 127.0.0.1/45319] INFO  http.HttpServer2 (HttpServer2.java:addFilter(1015)) - Added filter static_user_filter (class=org.apache.hadoop.http.lib.StaticUserWebFilter$StaticUserFilter) to context logs
2023-01-30 12:43:40,023 [Listener at 127.0.0.1/45319] INFO  http.HttpServer2 (HttpServer2.java:bindListener(1250)) - Jetty bound to port 46721
2023-01-30 12:43:40,023 [Listener at 127.0.0.1/45319] INFO  server.Server (Server.java:doStart(375)) - jetty-9.4.49.v20220914; built: 2022-09-14T01:07:36.601Z; git: 4231a3b2e4cb8548a412a789936d640a97b1aa0a; jvm 1.8.0_352-b08
2023-01-30 12:43:40,028 [Listener at 127.0.0.1/45319] INFO  server.session (DefaultSessionIdManager.java:doStart(334)) - DefaultSessionIdManager workerName=node0
2023-01-30 12:43:40,029 [Listener at 127.0.0.1/45319] INFO  server.session (DefaultSessionIdManager.java:doStart(339)) - No SessionScavenger set, using defaults
2023-01-30 12:43:40,029 [Listener at 127.0.0.1/45319] INFO  server.session (HouseKeeper.java:startScavenging(132)) - node0 Scavenging every 600000ms
2023-01-30 12:43:40,029 [Listener at 127.0.0.1/45319] INFO  handler.ContextHandler (ContextHandler.java:doStart(921)) - Started o.e.j.s.ServletContextHandler@1a6b250e{logs,/logs,file:///home/runner/work/ozone/ozone/hadoop-ozone/integration-test/target/log,AVAILABLE}
2023-01-30 12:43:40,030 [Listener at 127.0.0.1/45319] INFO  handler.ContextHandler (ContextHandler.java:doStart(921)) - Started o.e.j.s.ServletContextHandler@786b6aeb{static,/static,jar:file:/home/runner/.m2/repository/org/apache/ozone/hdds-container-service/1.4.0-SNAPSHOT/hdds-container-service-1.4.0-SNAPSHOT.jar!/webapps/static,AVAILABLE}
2023-01-30 12:43:40,248 [Listener at 127.0.0.1/45319] INFO  handler.ContextHandler (ContextHandler.java:doStart(921)) - Started o.e.j.w.WebAppContext@7921f7e4{hddsDatanode,/,file:///tmp/jetty-0_0_0_0-46721-hdds-container-service-1_4_0-SNAPSHOT_jar-_-any-1301866091071240606/webapp/,AVAILABLE}{jar:file:/home/runner/.m2/repository/org/apache/ozone/hdds-container-service/1.4.0-SNAPSHOT/hdds-container-service-1.4.0-SNAPSHOT.jar!/webapps/hddsDatanode}
2023-01-30 12:43:40,252 [Listener at 127.0.0.1/45319] INFO  server.AbstractConnector (AbstractConnector.java:doStart(333)) - Started ServerConnector@54f719cb{HTTP/1.1, (http/1.1)}{0.0.0.0:46721}
2023-01-30 12:43:40,253 [Listener at 127.0.0.1/45319] INFO  server.Server (Server.java:doStart(415)) - Started @9486ms
2023-01-30 12:43:40,253 [Listener at 127.0.0.1/45319] WARN  impl.MetricsSystemImpl (MetricsSystemImpl.java:register(279)) - Sink prometheus already exists!
2023-01-30 12:43:40,253 [Listener at 127.0.0.1/45319] INFO  http.BaseHttpServer (BaseHttpServer.java:updateConnectorAddress(333)) - HTTP server of hddsDatanode listening at http://0.0.0.0:46721
2023-01-30 12:43:40,256 [Datanode State Machine Daemon Thread] INFO  statemachine.DatanodeStateMachine (DatanodeStateMachine.java:lambda$startDaemon$0(515)) - Ozone container server started.
2023-01-30 12:43:40,256 [Listener at 127.0.0.1/45319] WARN  impl.MetricRegistriesImpl (MetricRegistriesImpl.java:addReporterRegistration(111)) - New reporters are added after registries were created. Some metrics will be missing from the reporter. Please add reporter before adding any new registry.
2023-01-30 12:43:40,257 [Listener at 127.0.0.1/45319] WARN  impl.MetricRegistriesImpl (MetricRegistriesImpl.java:addReporterRegistration(111)) - New reporters are added after registries were created. Some metrics will be missing from the reporter. Please add reporter before adding any new registry.
2023-01-30 12:43:40,257 [Listener at 127.0.0.1/45319] INFO  impl.MetricsSystemImpl (MetricsSystemImpl.java:init(158)) - HddsDatanode metrics system started (again)
2023-01-30 12:43:40,264 [org.apache.hadoop.util.JvmPauseMonitor$Monitor@630a1585] INFO  util.JvmPauseMonitor (JvmPauseMonitor.java:run(188)) - Starting JVM pause monitor
2023-01-30 12:43:40,268 [Listener at 127.0.0.1/45319] INFO  ozone.HddsDatanodeService (HddsDatanodeService.java:start(228)) - HddsDatanodeService host:fv-az186-393.qnicg3m0sonedg4msc5mrdkamh.cx.internal.cloudapp.net ip:10.1.0.50
2023-01-30 12:43:40,270 [Datanode State Machine Task Thread - 0] INFO  datanode.InitDatanodeState (InitDatanodeState.java:persistContainerDatanodeDetails(138)) - DatanodeDetails is persisted to /home/runner/work/ozone/ozone/hadoop-ozone/integration-test/target/test-dir/MiniOzoneClusterImpl-3373c666-e21d-449e-a922-fde15befd7fc/datanode-4/meta/datanode.id
2023-01-30 12:43:40,292 [Listener at 127.0.0.1/45319] INFO  upgrade.AbstractLayoutVersionManager (AbstractLayoutVersionManager.java:init(83)) - Initializing Layout version manager with metadata layout = DATANODE_SCHEMA_V3 (version = 4), software layout = DATANODE_SCHEMA_V3 (version = 4)
2023-01-30 12:43:40,338 [Listener at 127.0.0.1/45319] INFO  reflections.Reflections (Reflections.java:scan(232)) - Reflections took 45 ms to scan 7 urls, producing 148 keys and 357 values 
2023-01-30 12:43:40,340 [Listener at 127.0.0.1/45319] INFO  statemachine.DatanodeStateMachine (DatanodeStateMachine.java:getEndPointTaskThreadPoolSize(259)) - Datanode State Machine Task Thread Pool size 2
2023-01-30 12:43:40,341 [Listener at 127.0.0.1/45319] INFO  volume.HddsVolume (HddsVolume.java:<init>(117)) - Creating HddsVolume: /home/runner/work/ozone/ozone/hadoop-ozone/integration-test/target/test-dir/MiniOzoneClusterImpl-3373c666-e21d-449e-a922-fde15befd7fc/datanode-5/data-0/containers/hdds of storage type : DISK capacity : 9223372036854775807
2023-01-30 12:43:40,342 [Listener at 127.0.0.1/45319] INFO  volume.MutableVolumeSet (MutableVolumeSet.java:initializeVolumeSet(174)) - Added Volume : /home/runner/work/ozone/ozone/hadoop-ozone/integration-test/target/test-dir/MiniOzoneClusterImpl-3373c666-e21d-449e-a922-fde15befd7fc/datanode-5/data-0/containers/hdds to VolumeSet
2023-01-30 12:43:40,342 [Listener at 127.0.0.1/45319] INFO  volume.ThrottledAsyncChecker (ThrottledAsyncChecker.java:schedule(141)) - Scheduling a check for /home/runner/work/ozone/ozone/hadoop-ozone/integration-test/target/test-dir/MiniOzoneClusterImpl-3373c666-e21d-449e-a922-fde15befd7fc/datanode-5/data-0/containers/hdds
2023-01-30 12:43:40,342 [Listener at 127.0.0.1/45319] INFO  volume.StorageVolumeChecker (StorageVolumeChecker.java:checkAllVolumes(202)) - Scheduled health check for volume /home/runner/work/ozone/ozone/hadoop-ozone/integration-test/target/test-dir/MiniOzoneClusterImpl-3373c666-e21d-449e-a922-fde15befd7fc/datanode-5/data-0/containers/hdds
2023-01-30 12:43:40,353 [Listener at 127.0.0.1/45319] INFO  volume.MutableVolumeSet (MutableVolumeSet.java:initializeVolumeSet(174)) - Added Volume : /home/runner/work/ozone/ozone/hadoop-ozone/integration-test/target/test-dir/MiniOzoneClusterImpl-3373c666-e21d-449e-a922-fde15befd7fc/datanode-5/data/ratis to VolumeSet
2023-01-30 12:43:40,353 [Listener at 127.0.0.1/45319] INFO  volume.ThrottledAsyncChecker (ThrottledAsyncChecker.java:schedule(141)) - Scheduling a check for /home/runner/work/ozone/ozone/hadoop-ozone/integration-test/target/test-dir/MiniOzoneClusterImpl-3373c666-e21d-449e-a922-fde15befd7fc/datanode-5/data/ratis
2023-01-30 12:43:40,354 [Listener at 127.0.0.1/45319] INFO  volume.StorageVolumeChecker (StorageVolumeChecker.java:checkAllVolumes(202)) - Scheduled health check for volume /home/runner/work/ozone/ozone/hadoop-ozone/integration-test/target/test-dir/MiniOzoneClusterImpl-3373c666-e21d-449e-a922-fde15befd7fc/datanode-5/data/ratis
2023-01-30 12:43:40,364 [Thread-208] INFO  ozoneimpl.ContainerReader (ContainerReader.java:readVolume(175)) - Finish verifying containers on volume /home/runner/work/ozone/ozone/hadoop-ozone/integration-test/target/test-dir/MiniOzoneClusterImpl-3373c666-e21d-449e-a922-fde15befd7fc/datanode-5/data-0/containers/hdds
2023-01-30 12:43:40,364 [Listener at 127.0.0.1/45319] INFO  ozoneimpl.OzoneContainer (OzoneContainer.java:buildContainerSet(305)) - Build ContainerSet costs 0s
2023-01-30 12:43:40,367 [Listener at 127.0.0.1/45319] INFO  server.RaftServer (ConfUtils.java:logGet(46)) - raft.rpc.type = GRPC (default)
2023-01-30 12:43:40,368 [Listener at 127.0.0.1/45319] INFO  grpc.GrpcConfigKeys (ConfUtils.java:logFallback(53)) - raft.grpc.admin.host = null (fallback to raft.grpc.server.host)
2023-01-30 12:43:40,368 [Listener at 127.0.0.1/45319] INFO  grpc.GrpcConfigKeys (ConfUtils.java:logGet(46)) - raft.grpc.admin.port = 0 (custom)
2023-01-30 12:43:40,368 [Listener at 127.0.0.1/45319] INFO  grpc.GrpcConfigKeys (ConfUtils.java:logFallback(53)) - raft.grpc.client.host = null (fallback to raft.grpc.server.host)
2023-01-30 12:43:40,368 [Listener at 127.0.0.1/45319] INFO  grpc.GrpcConfigKeys (ConfUtils.java:logGet(46)) - raft.grpc.client.port = 0 (custom)
2023-01-30 12:43:40,368 [Listener at 127.0.0.1/45319] INFO  grpc.GrpcConfigKeys (ConfUtils.java:logGet(46)) - raft.grpc.server.host = null (default)
2023-01-30 12:43:40,368 [Listener at 127.0.0.1/45319] INFO  grpc.GrpcConfigKeys (ConfUtils.java:logGet(46)) - raft.grpc.server.port = 0 (default)
2023-01-30 12:43:40,368 [Listener at 127.0.0.1/45319] INFO  server.GrpcService (ConfUtils.java:logGet(46)) - raft.grpc.message.size.max = 32MB (=33554432) (custom)
2023-01-30 12:43:40,368 [Listener at 127.0.0.1/45319] INFO  server.RaftServerConfigKeys (ConfUtils.java:logGet(46)) - raft.server.log.appender.buffer.byte-limit = 33554432 (custom)
2023-01-30 12:43:40,368 [Listener at 127.0.0.1/45319] INFO  server.GrpcService (ConfUtils.java:logGet(46)) - raft.grpc.flow.control.window = 5MB (=5242880) (custom)
2023-01-30 12:43:40,369 [Listener at 127.0.0.1/45319] INFO  server.RaftServerConfigKeys (ConfUtils.java:logGet(46)) - raft.server.rpc.request.timeout = 60s (custom)
2023-01-30 12:43:40,369 [Listener at 127.0.0.1/45319] INFO  grpc.GrpcConfigKeys (ConfUtils.java:logGet(46)) - raft.grpc.server.heartbeat.channel = true (default)
2023-01-30 12:43:40,369 [Listener at 127.0.0.1/45319] INFO  grpc.GrpcConfigKeys (ConfUtils.java:logGet(46)) - raft.grpc.server.async.request.thread.pool.cached = true (default)
2023-01-30 12:43:40,369 [Listener at 127.0.0.1/45319] INFO  grpc.GrpcConfigKeys (ConfUtils.java:logGet(46)) - raft.grpc.server.async.request.thread.pool.size = 32 (default)
2023-01-30 12:43:40,370 [Listener at 127.0.0.1/45319] INFO  impl.DataStreamServerImpl (ConfUtils.java:logGet(46)) - raft.datastream.type = NETTY (custom)
2023-01-30 12:43:40,370 [Listener at 127.0.0.1/45319] INFO  server.RaftServerConfigKeys (ConfUtils.java:logGet(46)) - raft.server.data-stream.async.request.thread.pool.cached = false (default)
2023-01-30 12:43:40,370 [Listener at 127.0.0.1/45319] INFO  server.RaftServerConfigKeys (ConfUtils.java:logGet(46)) - raft.server.data-stream.async.request.thread.pool.size = 20 (custom)
2023-01-30 12:43:40,370 [Listener at 127.0.0.1/45319] INFO  server.RaftServerConfigKeys (ConfUtils.java:logGet(46)) - raft.server.data-stream.async.write.thread.pool.size = 16 (default)
2023-01-30 12:43:40,370 [Listener at 127.0.0.1/45319] INFO  server.RaftServerConfigKeys (ConfUtils.java:logGet(46)) - raft.server.data-stream.client.pool.size = 10 (default)
2023-01-30 12:43:40,370 [Listener at 127.0.0.1/45319] INFO  netty.NettyConfigKeys$DataStream (ConfUtils.java:logGet(46)) - raft.netty.dataStream.server.use-epoll = false (default)
2023-01-30 12:43:40,370 [Listener at 127.0.0.1/45319] INFO  netty.NettyConfigKeys$DataStream (ConfUtils.java:logGet(46)) - raft.netty.dataStream.server.boss-group.size = 0 (default)
2023-01-30 12:43:40,371 [Listener at 127.0.0.1/45319] INFO  netty.NettyConfigKeys$DataStream (ConfUtils.java:logGet(46)) - raft.netty.dataStream.server.worker-group.size = 0 (default)
2023-01-30 12:43:40,371 [Listener at 127.0.0.1/45319] INFO  netty.NettyConfigKeys$DataStream (ConfUtils.java:logGet(46)) - raft.netty.dataStream.server.tls.conf = null (default)
2023-01-30 12:43:40,371 [Listener at 127.0.0.1/45319] INFO  netty.NettyConfigKeys$DataStream (ConfUtils.java:logGet(46)) - raft.netty.dataStream.host = null (default)
2023-01-30 12:43:40,371 [Listener at 127.0.0.1/45319] INFO  netty.NettyConfigKeys$DataStream (ConfUtils.java:logGet(46)) - raft.netty.dataStream.port = 0 (default)
2023-01-30 12:43:40,372 [Listener at 127.0.0.1/45319] INFO  server.RaftServerConfigKeys (ConfUtils.java:logGet(46)) - raft.server.threadpool.proxy.cached = true (default)
2023-01-30 12:43:40,372 [Listener at 127.0.0.1/45319] INFO  server.RaftServerConfigKeys (ConfUtils.java:logGet(46)) - raft.server.threadpool.proxy.size = 0 (default)
2023-01-30 12:43:40,372 [Listener at 127.0.0.1/45319] INFO  server.RaftServerConfigKeys (ConfUtils.java:logGet(46)) - raft.server.rpc.slowness.timeout = 300s (custom)
2023-01-30 12:43:40,372 [Listener at 127.0.0.1/45319] INFO  server.RaftServerConfigKeys (ConfUtils.java:logGet(46)) - raft.server.leaderelection.leader.step-down.wait-time = 10s (default)
2023-01-30 12:43:40,372 [Listener at 127.0.0.1/45319] INFO  server.RaftServerConfigKeys (ConfUtils.java:logGet(46)) - raft.server.storage.dir = [/home/runner/work/ozone/ozone/hadoop-ozone/integration-test/target/test-dir/MiniOzoneClusterImpl-3373c666-e21d-449e-a922-fde15befd7fc/datanode-5/data/ratis] (custom)
2023-01-30 12:43:40,378 [b85ec12f-6d7c-420e-915b-fc0cfcf21520-NettyServerStreamRpc-bossGroup--thread1] INFO  logging.LoggingHandler (AbstractInternalLogger.java:log(148)) - [id: 0xa8f56112] REGISTERED
2023-01-30 12:43:40,379 [b85ec12f-6d7c-420e-915b-fc0cfcf21520-NettyServerStreamRpc-bossGroup--thread1] INFO  logging.LoggingHandler (AbstractInternalLogger.java:log(148)) - [id: 0xa8f56112] BIND: 0.0.0.0/0.0.0.0:0
2023-01-30 12:43:40,379 [b85ec12f-6d7c-420e-915b-fc0cfcf21520-NettyServerStreamRpc-bossGroup--thread1] INFO  logging.LoggingHandler (AbstractInternalLogger.java:log(148)) - [id: 0xa8f56112, L:/0:0:0:0:0:0:0:0:45259] ACTIVE
2023-01-30 12:43:40,381 [Listener at 127.0.0.1/45319] INFO  server.XceiverServerGrpc (XceiverServerGrpc.java:<init>(132)) - GrpcServer channel type EpollServerSocketChannel
2023-01-30 12:43:40,384 [Listener at 127.0.0.1/45319] INFO  http.BaseHttpServer (BaseHttpServer.java:newHttpServer2BuilderForOzone(213)) - Starting Web-server for hddsDatanode at: http://0.0.0.0:0
2023-01-30 12:43:40,384 [Listener at 127.0.0.1/45319] INFO  http.BaseHttpServer (BaseHttpServer.java:<init>(108)) - Hadoop Security Enabled: false Ozone Security Enabled: false Ozone HTTP Security Enabled: false 
2023-01-30 12:43:40,385 [Listener at 127.0.0.1/45319] WARN  server.AuthenticationFilter (AuthenticationFilter.java:constructSecretProvider(240)) - Unable to initialize FileSignerSecretProvider, falling back to use random secrets. Reason: Could not read signature secret file: /home/runner/hadoop-http-auth-signature-secret
2023-01-30 12:43:40,387 [Listener at 127.0.0.1/45319] WARN  http.HttpRequestLog (HttpRequestLog.java:getRequestLog(103)) - Jetty request log can only be enabled using Log4j
2023-01-30 12:43:40,389 [Listener at 127.0.0.1/45319] INFO  http.HttpServer2 (HttpServer2.java:addGlobalFilter(1031)) - Added global filter 'safety' (class=org.apache.hadoop.hdds.server.http.HttpServer2$QuotingInputFilter)
2023-01-30 12:43:40,389 [Listener at 127.0.0.1/45319] INFO  http.HttpServer2 (HttpServer2.java:addFilter(1007)) - Added filter static_user_filter (class=org.apache.hadoop.http.lib.StaticUserWebFilter$StaticUserFilter) to context hddsDatanode
2023-01-30 12:43:40,390 [Listener at 127.0.0.1/45319] INFO  http.HttpServer2 (HttpServer2.java:addFilter(1015)) - Added filter static_user_filter (class=org.apache.hadoop.http.lib.StaticUserWebFilter$StaticUserFilter) to context logs
2023-01-30 12:43:40,390 [Listener at 127.0.0.1/45319] INFO  http.HttpServer2 (HttpServer2.java:addFilter(1015)) - Added filter static_user_filter (class=org.apache.hadoop.http.lib.StaticUserWebFilter$StaticUserFilter) to context static
2023-01-30 12:43:40,390 [Listener at 127.0.0.1/45319] INFO  http.HttpServer2 (HttpServer2.java:bindListener(1250)) - Jetty bound to port 46879
2023-01-30 12:43:40,390 [Listener at 127.0.0.1/45319] INFO  server.Server (Server.java:doStart(375)) - jetty-9.4.49.v20220914; built: 2022-09-14T01:07:36.601Z; git: 4231a3b2e4cb8548a412a789936d640a97b1aa0a; jvm 1.8.0_352-b08
2023-01-30 12:43:40,392 [Listener at 127.0.0.1/45319] INFO  server.session (DefaultSessionIdManager.java:doStart(334)) - DefaultSessionIdManager workerName=node0
2023-01-30 12:43:40,392 [Listener at 127.0.0.1/45319] INFO  server.session (DefaultSessionIdManager.java:doStart(339)) - No SessionScavenger set, using defaults
2023-01-30 12:43:40,393 [Listener at 127.0.0.1/45319] INFO  server.session (HouseKeeper.java:startScavenging(132)) - node0 Scavenging every 600000ms
2023-01-30 12:43:40,393 [Listener at 127.0.0.1/45319] INFO  handler.ContextHandler (ContextHandler.java:doStart(921)) - Started o.e.j.s.ServletContextHandler@75642787{logs,/logs,file:///home/runner/work/ozone/ozone/hadoop-ozone/integration-test/target/log,AVAILABLE}
2023-01-30 12:43:40,394 [Listener at 127.0.0.1/45319] INFO  handler.ContextHandler (ContextHandler.java:doStart(921)) - Started o.e.j.s.ServletContextHandler@459e7774{static,/static,jar:file:/home/runner/.m2/repository/org/apache/ozone/hdds-container-service/1.4.0-SNAPSHOT/hdds-container-service-1.4.0-SNAPSHOT.jar!/webapps/static,AVAILABLE}
2023-01-30 12:43:40,569 [Listener at 127.0.0.1/45319] INFO  handler.ContextHandler (ContextHandler.java:doStart(921)) - Started o.e.j.w.WebAppContext@6fa23374{hddsDatanode,/,file:///tmp/jetty-0_0_0_0-46879-hdds-container-service-1_4_0-SNAPSHOT_jar-_-any-5477473925496541878/webapp/,AVAILABLE}{jar:file:/home/runner/.m2/repository/org/apache/ozone/hdds-container-service/1.4.0-SNAPSHOT/hdds-container-service-1.4.0-SNAPSHOT.jar!/webapps/hddsDatanode}
2023-01-30 12:43:40,571 [Listener at 127.0.0.1/45319] INFO  server.AbstractConnector (AbstractConnector.java:doStart(333)) - Started ServerConnector@78f00ec{HTTP/1.1, (http/1.1)}{0.0.0.0:46879}
2023-01-30 12:43:40,571 [Listener at 127.0.0.1/45319] INFO  server.Server (Server.java:doStart(415)) - Started @9804ms
2023-01-30 12:43:40,571 [Listener at 127.0.0.1/45319] WARN  impl.MetricsSystemImpl (MetricsSystemImpl.java:register(279)) - Sink prometheus already exists!
2023-01-30 12:43:40,574 [Listener at 127.0.0.1/45319] INFO  http.BaseHttpServer (BaseHttpServer.java:updateConnectorAddress(333)) - HTTP server of hddsDatanode listening at http://0.0.0.0:46879
2023-01-30 12:43:40,575 [Listener at 127.0.0.1/45319] WARN  impl.MetricRegistriesImpl (MetricRegistriesImpl.java:addReporterRegistration(111)) - New reporters are added after registries were created. Some metrics will be missing from the reporter. Please add reporter before adding any new registry.
2023-01-30 12:43:40,575 [Listener at 127.0.0.1/45319] WARN  impl.MetricRegistriesImpl (MetricRegistriesImpl.java:addReporterRegistration(111)) - New reporters are added after registries were created. Some metrics will be missing from the reporter. Please add reporter before adding any new registry.
2023-01-30 12:43:40,575 [Listener at 127.0.0.1/45319] INFO  impl.MetricsSystemImpl (MetricsSystemImpl.java:init(158)) - HddsDatanode metrics system started (again)
2023-01-30 12:43:40,584 [Datanode State Machine Daemon Thread] INFO  statemachine.DatanodeStateMachine (DatanodeStateMachine.java:lambda$startDaemon$0(515)) - Ozone container server started.
2023-01-30 12:43:40,592 [org.apache.hadoop.util.JvmPauseMonitor$Monitor@3a5ddb08] INFO  util.JvmPauseMonitor (JvmPauseMonitor.java:run(188)) - Starting JVM pause monitor
2023-01-30 12:43:40,603 [Datanode State Machine Task Thread - 0] INFO  datanode.InitDatanodeState (InitDatanodeState.java:persistContainerDatanodeDetails(138)) - DatanodeDetails is persisted to /home/runner/work/ozone/ozone/hadoop-ozone/integration-test/target/test-dir/MiniOzoneClusterImpl-3373c666-e21d-449e-a922-fde15befd7fc/datanode-5/meta/datanode.id
2023-01-30 12:43:40,609 [Listener at 127.0.0.1/45319] INFO  ozone.HddsDatanodeService (HddsDatanodeService.java:start(228)) - HddsDatanodeService host:fv-az186-393.qnicg3m0sonedg4msc5mrdkamh.cx.internal.cloudapp.net ip:10.1.0.50
2023-01-30 12:43:40,646 [Listener at 127.0.0.1/45319] INFO  upgrade.AbstractLayoutVersionManager (AbstractLayoutVersionManager.java:init(83)) - Initializing Layout version manager with metadata layout = DATANODE_SCHEMA_V3 (version = 4), software layout = DATANODE_SCHEMA_V3 (version = 4)
2023-01-30 12:43:40,695 [Listener at 127.0.0.1/45319] INFO  reflections.Reflections (Reflections.java:scan(232)) - Reflections took 48 ms to scan 7 urls, producing 148 keys and 357 values 
2023-01-30 12:43:40,697 [Listener at 127.0.0.1/45319] INFO  statemachine.DatanodeStateMachine (DatanodeStateMachine.java:getEndPointTaskThreadPoolSize(259)) - Datanode State Machine Task Thread Pool size 2
2023-01-30 12:43:40,699 [Listener at 127.0.0.1/45319] INFO  volume.HddsVolume (HddsVolume.java:<init>(117)) - Creating HddsVolume: /home/runner/work/ozone/ozone/hadoop-ozone/integration-test/target/test-dir/MiniOzoneClusterImpl-3373c666-e21d-449e-a922-fde15befd7fc/datanode-6/data-0/containers/hdds of storage type : DISK capacity : 9223372036854775807
2023-01-30 12:43:40,699 [Listener at 127.0.0.1/45319] INFO  volume.MutableVolumeSet (MutableVolumeSet.java:initializeVolumeSet(174)) - Added Volume : /home/runner/work/ozone/ozone/hadoop-ozone/integration-test/target/test-dir/MiniOzoneClusterImpl-3373c666-e21d-449e-a922-fde15befd7fc/datanode-6/data-0/containers/hdds to VolumeSet
2023-01-30 12:43:40,699 [Listener at 127.0.0.1/45319] INFO  volume.ThrottledAsyncChecker (ThrottledAsyncChecker.java:schedule(141)) - Scheduling a check for /home/runner/work/ozone/ozone/hadoop-ozone/integration-test/target/test-dir/MiniOzoneClusterImpl-3373c666-e21d-449e-a922-fde15befd7fc/datanode-6/data-0/containers/hdds
2023-01-30 12:43:40,700 [Listener at 127.0.0.1/45319] INFO  volume.StorageVolumeChecker (StorageVolumeChecker.java:checkAllVolumes(202)) - Scheduled health check for volume /home/runner/work/ozone/ozone/hadoop-ozone/integration-test/target/test-dir/MiniOzoneClusterImpl-3373c666-e21d-449e-a922-fde15befd7fc/datanode-6/data-0/containers/hdds
2023-01-30 12:43:40,712 [Listener at 127.0.0.1/45319] INFO  volume.MutableVolumeSet (MutableVolumeSet.java:initializeVolumeSet(174)) - Added Volume : /home/runner/work/ozone/ozone/hadoop-ozone/integration-test/target/test-dir/MiniOzoneClusterImpl-3373c666-e21d-449e-a922-fde15befd7fc/datanode-6/data/ratis to VolumeSet
2023-01-30 12:43:40,712 [Listener at 127.0.0.1/45319] INFO  volume.ThrottledAsyncChecker (ThrottledAsyncChecker.java:schedule(141)) - Scheduling a check for /home/runner/work/ozone/ozone/hadoop-ozone/integration-test/target/test-dir/MiniOzoneClusterImpl-3373c666-e21d-449e-a922-fde15befd7fc/datanode-6/data/ratis
2023-01-30 12:43:40,713 [Listener at 127.0.0.1/45319] INFO  volume.StorageVolumeChecker (StorageVolumeChecker.java:checkAllVolumes(202)) - Scheduled health check for volume /home/runner/work/ozone/ozone/hadoop-ozone/integration-test/target/test-dir/MiniOzoneClusterImpl-3373c666-e21d-449e-a922-fde15befd7fc/datanode-6/data/ratis
2023-01-30 12:43:40,724 [Thread-223] INFO  ozoneimpl.ContainerReader (ContainerReader.java:readVolume(175)) - Finish verifying containers on volume /home/runner/work/ozone/ozone/hadoop-ozone/integration-test/target/test-dir/MiniOzoneClusterImpl-3373c666-e21d-449e-a922-fde15befd7fc/datanode-6/data-0/containers/hdds
2023-01-30 12:43:40,724 [Listener at 127.0.0.1/45319] INFO  ozoneimpl.OzoneContainer (OzoneContainer.java:buildContainerSet(305)) - Build ContainerSet costs 0s
2023-01-30 12:43:40,726 [Listener at 127.0.0.1/45319] INFO  server.RaftServer (ConfUtils.java:logGet(46)) - raft.rpc.type = GRPC (default)
2023-01-30 12:43:40,727 [Listener at 127.0.0.1/45319] INFO  grpc.GrpcConfigKeys (ConfUtils.java:logFallback(53)) - raft.grpc.admin.host = null (fallback to raft.grpc.server.host)
2023-01-30 12:43:40,727 [Listener at 127.0.0.1/45319] INFO  grpc.GrpcConfigKeys (ConfUtils.java:logGet(46)) - raft.grpc.admin.port = 0 (custom)
2023-01-30 12:43:40,727 [Listener at 127.0.0.1/45319] INFO  grpc.GrpcConfigKeys (ConfUtils.java:logFallback(53)) - raft.grpc.client.host = null (fallback to raft.grpc.server.host)
2023-01-30 12:43:40,727 [Listener at 127.0.0.1/45319] INFO  grpc.GrpcConfigKeys (ConfUtils.java:logGet(46)) - raft.grpc.client.port = 0 (custom)
2023-01-30 12:43:40,727 [Listener at 127.0.0.1/45319] INFO  grpc.GrpcConfigKeys (ConfUtils.java:logGet(46)) - raft.grpc.server.host = null (default)
2023-01-30 12:43:40,727 [Listener at 127.0.0.1/45319] INFO  grpc.GrpcConfigKeys (ConfUtils.java:logGet(46)) - raft.grpc.server.port = 0 (default)
2023-01-30 12:43:40,727 [Listener at 127.0.0.1/45319] INFO  server.GrpcService (ConfUtils.java:logGet(46)) - raft.grpc.message.size.max = 32MB (=33554432) (custom)
2023-01-30 12:43:40,727 [Listener at 127.0.0.1/45319] INFO  server.RaftServerConfigKeys (ConfUtils.java:logGet(46)) - raft.server.log.appender.buffer.byte-limit = 33554432 (custom)
2023-01-30 12:43:40,727 [Listener at 127.0.0.1/45319] INFO  server.GrpcService (ConfUtils.java:logGet(46)) - raft.grpc.flow.control.window = 5MB (=5242880) (custom)
2023-01-30 12:43:40,727 [Listener at 127.0.0.1/45319] INFO  server.RaftServerConfigKeys (ConfUtils.java:logGet(46)) - raft.server.rpc.request.timeout = 60s (custom)
2023-01-30 12:43:40,727 [Listener at 127.0.0.1/45319] INFO  grpc.GrpcConfigKeys (ConfUtils.java:logGet(46)) - raft.grpc.server.heartbeat.channel = true (default)
2023-01-30 12:43:40,728 [Listener at 127.0.0.1/45319] INFO  grpc.GrpcConfigKeys (ConfUtils.java:logGet(46)) - raft.grpc.server.async.request.thread.pool.cached = true (default)
2023-01-30 12:43:40,728 [Listener at 127.0.0.1/45319] INFO  grpc.GrpcConfigKeys (ConfUtils.java:logGet(46)) - raft.grpc.server.async.request.thread.pool.size = 32 (default)
2023-01-30 12:43:40,729 [Listener at 127.0.0.1/45319] INFO  impl.DataStreamServerImpl (ConfUtils.java:logGet(46)) - raft.datastream.type = NETTY (custom)
2023-01-30 12:43:40,729 [Listener at 127.0.0.1/45319] INFO  server.RaftServerConfigKeys (ConfUtils.java:logGet(46)) - raft.server.data-stream.async.request.thread.pool.cached = false (default)
2023-01-30 12:43:40,729 [Listener at 127.0.0.1/45319] INFO  server.RaftServerConfigKeys (ConfUtils.java:logGet(46)) - raft.server.data-stream.async.request.thread.pool.size = 20 (custom)
2023-01-30 12:43:40,729 [Listener at 127.0.0.1/45319] INFO  server.RaftServerConfigKeys (ConfUtils.java:logGet(46)) - raft.server.data-stream.async.write.thread.pool.size = 16 (default)
2023-01-30 12:43:40,729 [Listener at 127.0.0.1/45319] INFO  server.RaftServerConfigKeys (ConfUtils.java:logGet(46)) - raft.server.data-stream.client.pool.size = 10 (default)
2023-01-30 12:43:40,729 [Listener at 127.0.0.1/45319] INFO  netty.NettyConfigKeys$DataStream (ConfUtils.java:logGet(46)) - raft.netty.dataStream.server.use-epoll = false (default)
2023-01-30 12:43:40,729 [Listener at 127.0.0.1/45319] INFO  netty.NettyConfigKeys$DataStream (ConfUtils.java:logGet(46)) - raft.netty.dataStream.server.boss-group.size = 0 (default)
2023-01-30 12:43:40,730 [Listener at 127.0.0.1/45319] INFO  netty.NettyConfigKeys$DataStream (ConfUtils.java:logGet(46)) - raft.netty.dataStream.server.worker-group.size = 0 (default)
2023-01-30 12:43:40,730 [Listener at 127.0.0.1/45319] INFO  netty.NettyConfigKeys$DataStream (ConfUtils.java:logGet(46)) - raft.netty.dataStream.server.tls.conf = null (default)
2023-01-30 12:43:40,730 [Listener at 127.0.0.1/45319] INFO  netty.NettyConfigKeys$DataStream (ConfUtils.java:logGet(46)) - raft.netty.dataStream.host = null (default)
2023-01-30 12:43:40,730 [Listener at 127.0.0.1/45319] INFO  netty.NettyConfigKeys$DataStream (ConfUtils.java:logGet(46)) - raft.netty.dataStream.port = 0 (default)
2023-01-30 12:43:40,733 [Listener at 127.0.0.1/45319] INFO  server.RaftServerConfigKeys (ConfUtils.java:logGet(46)) - raft.server.threadpool.proxy.cached = true (default)
2023-01-30 12:43:40,734 [Listener at 127.0.0.1/45319] INFO  server.RaftServerConfigKeys (ConfUtils.java:logGet(46)) - raft.server.threadpool.proxy.size = 0 (default)
2023-01-30 12:43:40,736 [EndpointStateMachine task thread for /0.0.0.0:41705 - 0 ] INFO  utils.DatanodeStoreCache (DatanodeStoreCache.java:addDB(58)) - Added db /home/runner/work/ozone/ozone/hadoop-ozone/integration-test/target/test-dir/MiniOzoneClusterImpl-3373c666-e21d-449e-a922-fde15befd7fc/datanode-0/data-0/containers/hdds/3373c666-e21d-449e-a922-fde15befd7fc/DS-1f109340-1e4e-42a0-9fd8-e55c1c7e11f9/container.db to cache
2023-01-30 12:43:40,736 [EndpointStateMachine task thread for /0.0.0.0:41705 - 0 ] INFO  volume.HddsVolume (HddsVolume.java:createDbStore(307)) - SchemaV3 db is created and loaded at /home/runner/work/ozone/ozone/hadoop-ozone/integration-test/target/test-dir/MiniOzoneClusterImpl-3373c666-e21d-449e-a922-fde15befd7fc/datanode-0/data-0/containers/hdds/3373c666-e21d-449e-a922-fde15befd7fc/DS-1f109340-1e4e-42a0-9fd8-e55c1c7e11f9/container.db for volume DS-1f109340-1e4e-42a0-9fd8-e55c1c7e11f9
2023-01-30 12:43:40,737 [Listener at 127.0.0.1/45319] INFO  server.RaftServerConfigKeys (ConfUtils.java:logGet(46)) - raft.server.rpc.slowness.timeout = 300s (custom)
2023-01-30 12:43:40,738 [Listener at 127.0.0.1/45319] INFO  server.RaftServerConfigKeys (ConfUtils.java:logGet(46)) - raft.server.leaderelection.leader.step-down.wait-time = 10s (default)
2023-01-30 12:43:40,738 [Listener at 127.0.0.1/45319] INFO  server.RaftServerConfigKeys (ConfUtils.java:logGet(46)) - raft.server.storage.dir = [/home/runner/work/ozone/ozone/hadoop-ozone/integration-test/target/test-dir/MiniOzoneClusterImpl-3373c666-e21d-449e-a922-fde15befd7fc/datanode-6/data/ratis] (custom)
2023-01-30 12:43:40,738 [EndpointStateMachine task thread for /0.0.0.0:41705 - 0 ] INFO  ozoneimpl.OzoneContainer (OzoneContainer.java:start(399)) - Attempting to start container services.
2023-01-30 12:43:40,740 [a53d6862-374f-4f5f-b714-76db3f2bc68b-NettyServerStreamRpc-bossGroup--thread1] INFO  logging.LoggingHandler (AbstractInternalLogger.java:log(148)) - [id: 0xdf9ab6c3] REGISTERED
2023-01-30 12:43:40,740 [a53d6862-374f-4f5f-b714-76db3f2bc68b-NettyServerStreamRpc-bossGroup--thread1] INFO  logging.LoggingHandler (AbstractInternalLogger.java:log(148)) - [id: 0xdf9ab6c3] BIND: 0.0.0.0/0.0.0.0:0
2023-01-30 12:43:40,741 [a53d6862-374f-4f5f-b714-76db3f2bc68b-NettyServerStreamRpc-bossGroup--thread1] INFO  logging.LoggingHandler (AbstractInternalLogger.java:log(148)) - [id: 0xdf9ab6c3, L:/0:0:0:0:0:0:0:0:37485] ACTIVE
2023-01-30 12:43:40,745 [EndpointStateMachine task thread for /0.0.0.0:41705 - 0 ] INFO  ozoneimpl.OzoneContainer (OzoneContainer.java:startContainerScrub(316)) - Scheduled background container scanners and the on-demand container scanner have been disabled.
2023-01-30 12:43:40,747 [EndpointStateMachine task thread for /0.0.0.0:41705 - 0 ] INFO  replication.ReplicationServer (ReplicationServer.java:start(109)) - ReplicationServer is started using port 38175
2023-01-30 12:43:40,749 [EndpointStateMachine task thread for /0.0.0.0:41705 - 0 ] INFO  ratis.XceiverServerRatis (XceiverServerRatis.java:start(517)) - Starting XceiverServerRatis c78ebe56-d058-4c98-bec9-45038831407a
2023-01-30 12:43:40,750 [EndpointStateMachine task thread for /0.0.0.0:41705 - 0 ] INFO  server.RaftServer (RaftServerProxy.java:startImpl(393)) - c78ebe56-d058-4c98-bec9-45038831407a: start RPC server
2023-01-30 12:43:40,753 [EndpointStateMachine task thread for /0.0.0.0:41705 - 0 ] INFO  server.GrpcService (GrpcService.java:startImpl(262)) - c78ebe56-d058-4c98-bec9-45038831407a: GrpcService started, listening on 44927
2023-01-30 12:43:40,754 [Listener at 127.0.0.1/45319] INFO  server.XceiverServerGrpc (XceiverServerGrpc.java:<init>(132)) - GrpcServer channel type EpollServerSocketChannel
2023-01-30 12:43:40,756 [EndpointStateMachine task thread for /0.0.0.0:41705 - 0 ] INFO  ratis.XceiverServerRatis (XceiverServerRatis.java:getRealPort(543)) - XceiverServerRatis c78ebe56-d058-4c98-bec9-45038831407a is started using port 44927 for RATIS
2023-01-30 12:43:40,756 [EndpointStateMachine task thread for /0.0.0.0:41705 - 0 ] INFO  ratis.XceiverServerRatis (XceiverServerRatis.java:getRealPort(543)) - XceiverServerRatis c78ebe56-d058-4c98-bec9-45038831407a is started using port 44927 for RATIS_ADMIN
2023-01-30 12:43:40,756 [EndpointStateMachine task thread for /0.0.0.0:41705 - 0 ] INFO  ratis.XceiverServerRatis (XceiverServerRatis.java:getRealPort(543)) - XceiverServerRatis c78ebe56-d058-4c98-bec9-45038831407a is started using port 44927 for RATIS_SERVER
2023-01-30 12:43:40,756 [EndpointStateMachine task thread for /0.0.0.0:41705 - 0 ] INFO  ratis.XceiverServerRatis (XceiverServerRatis.java:getRealPort(543)) - XceiverServerRatis c78ebe56-d058-4c98-bec9-45038831407a is started using port 43181 for RATIS_DATASTREAM
2023-01-30 12:43:40,756 [JvmPauseMonitor1] INFO  util.JvmPauseMonitor (JvmPauseMonitor.java:run(105)) - JvmPauseMonitor-c78ebe56-d058-4c98-bec9-45038831407a: Started
2023-01-30 12:43:40,758 [EndpointStateMachine task thread for /0.0.0.0:41705 - 0 ] INFO  server.XceiverServerGrpc (XceiverServerGrpc.java:start(180)) - XceiverServerGrpc c78ebe56-d058-4c98-bec9-45038831407a is started using port 35247
2023-01-30 12:43:40,766 [Listener at 127.0.0.1/45319] INFO  http.BaseHttpServer (BaseHttpServer.java:newHttpServer2BuilderForOzone(213)) - Starting Web-server for hddsDatanode at: http://0.0.0.0:0
2023-01-30 12:43:40,766 [Listener at 127.0.0.1/45319] INFO  http.BaseHttpServer (BaseHttpServer.java:<init>(108)) - Hadoop Security Enabled: false Ozone Security Enabled: false Ozone HTTP Security Enabled: false 
2023-01-30 12:43:40,767 [Listener at 127.0.0.1/45319] WARN  server.AuthenticationFilter (AuthenticationFilter.java:constructSecretProvider(240)) - Unable to initialize FileSignerSecretProvider, falling back to use random secrets. Reason: Could not read signature secret file: /home/runner/hadoop-http-auth-signature-secret
2023-01-30 12:43:40,771 [Listener at 127.0.0.1/45319] WARN  http.HttpRequestLog (HttpRequestLog.java:getRequestLog(103)) - Jetty request log can only be enabled using Log4j
2023-01-30 12:43:40,773 [Listener at 127.0.0.1/45319] INFO  http.HttpServer2 (HttpServer2.java:addGlobalFilter(1031)) - Added global filter 'safety' (class=org.apache.hadoop.hdds.server.http.HttpServer2$QuotingInputFilter)
2023-01-30 12:43:40,774 [Listener at 127.0.0.1/45319] INFO  http.HttpServer2 (HttpServer2.java:addFilter(1007)) - Added filter static_user_filter (class=org.apache.hadoop.http.lib.StaticUserWebFilter$StaticUserFilter) to context hddsDatanode
2023-01-30 12:43:40,774 [Listener at 127.0.0.1/45319] INFO  http.HttpServer2 (HttpServer2.java:addFilter(1015)) - Added filter static_user_filter (class=org.apache.hadoop.http.lib.StaticUserWebFilter$StaticUserFilter) to context static
2023-01-30 12:43:40,774 [Listener at 127.0.0.1/45319] INFO  http.HttpServer2 (HttpServer2.java:addFilter(1015)) - Added filter static_user_filter (class=org.apache.hadoop.http.lib.StaticUserWebFilter$StaticUserFilter) to context logs
2023-01-30 12:43:40,774 [Listener at 127.0.0.1/45319] INFO  http.HttpServer2 (HttpServer2.java:bindListener(1250)) - Jetty bound to port 45687
2023-01-30 12:43:40,774 [Listener at 127.0.0.1/45319] INFO  server.Server (Server.java:doStart(375)) - jetty-9.4.49.v20220914; built: 2022-09-14T01:07:36.601Z; git: 4231a3b2e4cb8548a412a789936d640a97b1aa0a; jvm 1.8.0_352-b08
2023-01-30 12:43:40,777 [Listener at 127.0.0.1/45319] INFO  server.session (DefaultSessionIdManager.java:doStart(334)) - DefaultSessionIdManager workerName=node0
2023-01-30 12:43:40,777 [Listener at 127.0.0.1/45319] INFO  server.session (DefaultSessionIdManager.java:doStart(339)) - No SessionScavenger set, using defaults
2023-01-30 12:43:40,777 [Listener at 127.0.0.1/45319] INFO  server.session (HouseKeeper.java:startScavenging(132)) - node0 Scavenging every 600000ms
2023-01-30 12:43:40,778 [Listener at 127.0.0.1/45319] INFO  handler.ContextHandler (ContextHandler.java:doStart(921)) - Started o.e.j.s.ServletContextHandler@7c0bf685{logs,/logs,file:///home/runner/work/ozone/ozone/hadoop-ozone/integration-test/target/log,AVAILABLE}
2023-01-30 12:43:40,779 [Listener at 127.0.0.1/45319] INFO  handler.ContextHandler (ContextHandler.java:doStart(921)) - Started o.e.j.s.ServletContextHandler@69ef1429{static,/static,jar:file:/home/runner/.m2/repository/org/apache/ozone/hdds-container-service/1.4.0-SNAPSHOT/hdds-container-service-1.4.0-SNAPSHOT.jar!/webapps/static,AVAILABLE}
2023-01-30 12:43:40,962 [Listener at 127.0.0.1/45319] INFO  handler.ContextHandler (ContextHandler.java:doStart(921)) - Started o.e.j.w.WebAppContext@10224d43{hddsDatanode,/,file:///tmp/jetty-0_0_0_0-45687-hdds-container-service-1_4_0-SNAPSHOT_jar-_-any-4837295768026271326/webapp/,AVAILABLE}{jar:file:/home/runner/.m2/repository/org/apache/ozone/hdds-container-service/1.4.0-SNAPSHOT/hdds-container-service-1.4.0-SNAPSHOT.jar!/webapps/hddsDatanode}
2023-01-30 12:43:40,963 [Listener at 127.0.0.1/45319] INFO  server.AbstractConnector (AbstractConnector.java:doStart(333)) - Started ServerConnector@74a65d54{HTTP/1.1, (http/1.1)}{0.0.0.0:45687}
2023-01-30 12:43:40,963 [Listener at 127.0.0.1/45319] INFO  server.Server (Server.java:doStart(415)) - Started @10196ms
2023-01-30 12:43:40,963 [Listener at 127.0.0.1/45319] WARN  impl.MetricsSystemImpl (MetricsSystemImpl.java:register(279)) - Sink prometheus already exists!
2023-01-30 12:43:40,964 [Listener at 127.0.0.1/45319] INFO  http.BaseHttpServer (BaseHttpServer.java:updateConnectorAddress(333)) - HTTP server of hddsDatanode listening at http://0.0.0.0:45687
2023-01-30 12:43:40,966 [Listener at 127.0.0.1/45319] INFO  ozone.MiniOzoneClusterImpl (MiniOzoneClusterImpl.java:lambda$waitForClusterToBeReady$0(218)) - Waiting for nodes to be ready. Got 0 of 7 DN Heartbeats.
2023-01-30 12:43:40,966 [Listener at 127.0.0.1/45319] INFO  ozone.MiniOzoneClusterImpl (MiniOzoneClusterImpl.java:lambda$waitForClusterToBeReady$0(221)) - Waiting for cluster to exit safe mode
2023-01-30 12:43:40,966 [Listener at 127.0.0.1/45319] INFO  ozone.MiniOzoneClusterImpl (MiniOzoneClusterImpl.java:lambda$waitForClusterToBeReady$0(223)) - SCM became leader
2023-01-30 12:43:40,966 [Datanode State Machine Daemon Thread] INFO  statemachine.DatanodeStateMachine (DatanodeStateMachine.java:lambda$startDaemon$0(515)) - Ozone container server started.
2023-01-30 12:43:40,976 [org.apache.hadoop.util.JvmPauseMonitor$Monitor@15f6417d] INFO  util.JvmPauseMonitor (JvmPauseMonitor.java:run(188)) - Starting JVM pause monitor
2023-01-30 12:43:40,981 [Datanode State Machine Task Thread - 0] INFO  datanode.InitDatanodeState (InitDatanodeState.java:persistContainerDatanodeDetails(138)) - DatanodeDetails is persisted to /home/runner/work/ozone/ozone/hadoop-ozone/integration-test/target/test-dir/MiniOzoneClusterImpl-3373c666-e21d-449e-a922-fde15befd7fc/datanode-6/meta/datanode.id
2023-01-30 12:43:41,127 [EndpointStateMachine task thread for /0.0.0.0:41705 - 0 ] INFO  utils.DatanodeStoreCache (DatanodeStoreCache.java:addDB(58)) - Added db /home/runner/work/ozone/ozone/hadoop-ozone/integration-test/target/test-dir/MiniOzoneClusterImpl-3373c666-e21d-449e-a922-fde15befd7fc/datanode-1/data-0/containers/hdds/3373c666-e21d-449e-a922-fde15befd7fc/DS-19d0c756-eb0f-416a-a61b-becf86e7638f/container.db to cache
2023-01-30 12:43:41,128 [EndpointStateMachine task thread for /0.0.0.0:41705 - 0 ] INFO  volume.HddsVolume (HddsVolume.java:createDbStore(307)) - SchemaV3 db is created and loaded at /home/runner/work/ozone/ozone/hadoop-ozone/integration-test/target/test-dir/MiniOzoneClusterImpl-3373c666-e21d-449e-a922-fde15befd7fc/datanode-1/data-0/containers/hdds/3373c666-e21d-449e-a922-fde15befd7fc/DS-19d0c756-eb0f-416a-a61b-becf86e7638f/container.db for volume DS-19d0c756-eb0f-416a-a61b-becf86e7638f
2023-01-30 12:43:41,129 [EndpointStateMachine task thread for /0.0.0.0:41705 - 0 ] INFO  ozoneimpl.OzoneContainer (OzoneContainer.java:start(399)) - Attempting to start container services.
2023-01-30 12:43:41,129 [EndpointStateMachine task thread for /0.0.0.0:41705 - 0 ] INFO  ozoneimpl.OzoneContainer (OzoneContainer.java:startContainerScrub(316)) - Scheduled background container scanners and the on-demand container scanner have been disabled.
2023-01-30 12:43:41,130 [EndpointStateMachine task thread for /0.0.0.0:41705 - 0 ] INFO  replication.ReplicationServer (ReplicationServer.java:start(109)) - ReplicationServer is started using port 39559
2023-01-30 12:43:41,131 [EndpointStateMachine task thread for /0.0.0.0:41705 - 0 ] INFO  ratis.XceiverServerRatis (XceiverServerRatis.java:start(517)) - Starting XceiverServerRatis a354ee2c-6c3e-4107-b9a9-2d7a8532b2a5
2023-01-30 12:43:41,133 [EndpointStateMachine task thread for /0.0.0.0:41705 - 0 ] INFO  server.RaftServer (RaftServerProxy.java:startImpl(393)) - a354ee2c-6c3e-4107-b9a9-2d7a8532b2a5: start RPC server
2023-01-30 12:43:41,134 [EndpointStateMachine task thread for /0.0.0.0:41705 - 0 ] INFO  server.GrpcService (GrpcService.java:startImpl(262)) - a354ee2c-6c3e-4107-b9a9-2d7a8532b2a5: GrpcService started, listening on 43337
2023-01-30 12:43:41,134 [EndpointStateMachine task thread for /0.0.0.0:41705 - 0 ] INFO  ratis.XceiverServerRatis (XceiverServerRatis.java:getRealPort(543)) - XceiverServerRatis a354ee2c-6c3e-4107-b9a9-2d7a8532b2a5 is started using port 43337 for RATIS
2023-01-30 12:43:41,134 [EndpointStateMachine task thread for /0.0.0.0:41705 - 0 ] INFO  ratis.XceiverServerRatis (XceiverServerRatis.java:getRealPort(543)) - XceiverServerRatis a354ee2c-6c3e-4107-b9a9-2d7a8532b2a5 is started using port 43337 for RATIS_ADMIN
2023-01-30 12:43:41,134 [JvmPauseMonitor2] INFO  util.JvmPauseMonitor (JvmPauseMonitor.java:run(105)) - JvmPauseMonitor-a354ee2c-6c3e-4107-b9a9-2d7a8532b2a5: Started
2023-01-30 12:43:41,134 [EndpointStateMachine task thread for /0.0.0.0:41705 - 0 ] INFO  ratis.XceiverServerRatis (XceiverServerRatis.java:getRealPort(543)) - XceiverServerRatis a354ee2c-6c3e-4107-b9a9-2d7a8532b2a5 is started using port 43337 for RATIS_SERVER
2023-01-30 12:43:41,134 [EndpointStateMachine task thread for /0.0.0.0:41705 - 0 ] INFO  ratis.XceiverServerRatis (XceiverServerRatis.java:getRealPort(543)) - XceiverServerRatis a354ee2c-6c3e-4107-b9a9-2d7a8532b2a5 is started using port 38877 for RATIS_DATASTREAM
2023-01-30 12:43:41,136 [EndpointStateMachine task thread for /0.0.0.0:41705 - 0 ] INFO  server.XceiverServerGrpc (XceiverServerGrpc.java:start(180)) - XceiverServerGrpc a354ee2c-6c3e-4107-b9a9-2d7a8532b2a5 is started using port 41675
2023-01-30 12:43:41,552 [EndpointStateMachine task thread for /0.0.0.0:41705 - 0 ] INFO  utils.DatanodeStoreCache (DatanodeStoreCache.java:addDB(58)) - Added db /home/runner/work/ozone/ozone/hadoop-ozone/integration-test/target/test-dir/MiniOzoneClusterImpl-3373c666-e21d-449e-a922-fde15befd7fc/datanode-2/data-0/containers/hdds/3373c666-e21d-449e-a922-fde15befd7fc/DS-7ef6c704-c93b-42af-be05-39c3e498e88b/container.db to cache
2023-01-30 12:43:41,552 [EndpointStateMachine task thread for /0.0.0.0:41705 - 0 ] INFO  volume.HddsVolume (HddsVolume.java:createDbStore(307)) - SchemaV3 db is created and loaded at /home/runner/work/ozone/ozone/hadoop-ozone/integration-test/target/test-dir/MiniOzoneClusterImpl-3373c666-e21d-449e-a922-fde15befd7fc/datanode-2/data-0/containers/hdds/3373c666-e21d-449e-a922-fde15befd7fc/DS-7ef6c704-c93b-42af-be05-39c3e498e88b/container.db for volume DS-7ef6c704-c93b-42af-be05-39c3e498e88b
2023-01-30 12:43:41,552 [EndpointStateMachine task thread for /0.0.0.0:41705 - 0 ] INFO  ozoneimpl.OzoneContainer (OzoneContainer.java:start(399)) - Attempting to start container services.
2023-01-30 12:43:41,552 [EndpointStateMachine task thread for /0.0.0.0:41705 - 0 ] INFO  ozoneimpl.OzoneContainer (OzoneContainer.java:startContainerScrub(316)) - Scheduled background container scanners and the on-demand container scanner have been disabled.
2023-01-30 12:43:41,554 [EndpointStateMachine task thread for /0.0.0.0:41705 - 0 ] INFO  replication.ReplicationServer (ReplicationServer.java:start(109)) - ReplicationServer is started using port 46771
2023-01-30 12:43:41,554 [EndpointStateMachine task thread for /0.0.0.0:41705 - 0 ] INFO  ratis.XceiverServerRatis (XceiverServerRatis.java:start(517)) - Starting XceiverServerRatis 6d351c6b-99d3-43e7-8295-6decaaa133c4
2023-01-30 12:43:41,556 [EndpointStateMachine task thread for /0.0.0.0:41705 - 0 ] INFO  server.RaftServer (RaftServerProxy.java:startImpl(393)) - 6d351c6b-99d3-43e7-8295-6decaaa133c4: start RPC server
2023-01-30 12:43:41,557 [EndpointStateMachine task thread for /0.0.0.0:41705 - 0 ] INFO  server.GrpcService (GrpcService.java:startImpl(262)) - 6d351c6b-99d3-43e7-8295-6decaaa133c4: GrpcService started, listening on 32789
2023-01-30 12:43:41,557 [EndpointStateMachine task thread for /0.0.0.0:41705 - 0 ] INFO  ratis.XceiverServerRatis (XceiverServerRatis.java:getRealPort(543)) - XceiverServerRatis 6d351c6b-99d3-43e7-8295-6decaaa133c4 is started using port 32789 for RATIS
2023-01-30 12:43:41,557 [EndpointStateMachine task thread for /0.0.0.0:41705 - 0 ] INFO  ratis.XceiverServerRatis (XceiverServerRatis.java:getRealPort(543)) - XceiverServerRatis 6d351c6b-99d3-43e7-8295-6decaaa133c4 is started using port 32789 for RATIS_ADMIN
2023-01-30 12:43:41,558 [EndpointStateMachine task thread for /0.0.0.0:41705 - 0 ] INFO  ratis.XceiverServerRatis (XceiverServerRatis.java:getRealPort(543)) - XceiverServerRatis 6d351c6b-99d3-43e7-8295-6decaaa133c4 is started using port 32789 for RATIS_SERVER
2023-01-30 12:43:41,558 [EndpointStateMachine task thread for /0.0.0.0:41705 - 0 ] INFO  ratis.XceiverServerRatis (XceiverServerRatis.java:getRealPort(543)) - XceiverServerRatis 6d351c6b-99d3-43e7-8295-6decaaa133c4 is started using port 44213 for RATIS_DATASTREAM
2023-01-30 12:43:41,558 [JvmPauseMonitor3] INFO  util.JvmPauseMonitor (JvmPauseMonitor.java:run(105)) - JvmPauseMonitor-6d351c6b-99d3-43e7-8295-6decaaa133c4: Started
2023-01-30 12:43:41,562 [EndpointStateMachine task thread for /0.0.0.0:41705 - 0 ] INFO  server.XceiverServerGrpc (XceiverServerGrpc.java:start(180)) - XceiverServerGrpc 6d351c6b-99d3-43e7-8295-6decaaa133c4 is started using port 37313
2023-01-30 12:43:41,918 [EndpointStateMachine task thread for /0.0.0.0:41705 - 0 ] INFO  utils.DatanodeStoreCache (DatanodeStoreCache.java:addDB(58)) - Added db /home/runner/work/ozone/ozone/hadoop-ozone/integration-test/target/test-dir/MiniOzoneClusterImpl-3373c666-e21d-449e-a922-fde15befd7fc/datanode-3/data-0/containers/hdds/3373c666-e21d-449e-a922-fde15befd7fc/DS-4887cd8c-3d46-4585-88d9-616140698e89/container.db to cache
2023-01-30 12:43:41,919 [EndpointStateMachine task thread for /0.0.0.0:41705 - 0 ] INFO  volume.HddsVolume (HddsVolume.java:createDbStore(307)) - SchemaV3 db is created and loaded at /home/runner/work/ozone/ozone/hadoop-ozone/integration-test/target/test-dir/MiniOzoneClusterImpl-3373c666-e21d-449e-a922-fde15befd7fc/datanode-3/data-0/containers/hdds/3373c666-e21d-449e-a922-fde15befd7fc/DS-4887cd8c-3d46-4585-88d9-616140698e89/container.db for volume DS-4887cd8c-3d46-4585-88d9-616140698e89
2023-01-30 12:43:41,919 [EndpointStateMachine task thread for /0.0.0.0:41705 - 0 ] INFO  ozoneimpl.OzoneContainer (OzoneContainer.java:start(399)) - Attempting to start container services.
2023-01-30 12:43:41,919 [EndpointStateMachine task thread for /0.0.0.0:41705 - 0 ] INFO  ozoneimpl.OzoneContainer (OzoneContainer.java:startContainerScrub(316)) - Scheduled background container scanners and the on-demand container scanner have been disabled.
2023-01-30 12:43:41,921 [EndpointStateMachine task thread for /0.0.0.0:41705 - 0 ] INFO  replication.ReplicationServer (ReplicationServer.java:start(109)) - ReplicationServer is started using port 36131
2023-01-30 12:43:41,921 [EndpointStateMachine task thread for /0.0.0.0:41705 - 0 ] INFO  ratis.XceiverServerRatis (XceiverServerRatis.java:start(517)) - Starting XceiverServerRatis 4161fb15-5f04-4edd-aa04-1f821408f5fb
2023-01-30 12:43:41,922 [EndpointStateMachine task thread for /0.0.0.0:41705 - 0 ] INFO  server.RaftServer (RaftServerProxy.java:startImpl(393)) - 4161fb15-5f04-4edd-aa04-1f821408f5fb: start RPC server
2023-01-30 12:43:41,924 [EndpointStateMachine task thread for /0.0.0.0:41705 - 0 ] INFO  server.GrpcService (GrpcService.java:startImpl(262)) - 4161fb15-5f04-4edd-aa04-1f821408f5fb: GrpcService started, listening on 35253
2023-01-30 12:43:41,924 [EndpointStateMachine task thread for /0.0.0.0:41705 - 0 ] INFO  ratis.XceiverServerRatis (XceiverServerRatis.java:getRealPort(543)) - XceiverServerRatis 4161fb15-5f04-4edd-aa04-1f821408f5fb is started using port 35253 for RATIS
2023-01-30 12:43:41,924 [JvmPauseMonitor4] INFO  util.JvmPauseMonitor (JvmPauseMonitor.java:run(105)) - JvmPauseMonitor-4161fb15-5f04-4edd-aa04-1f821408f5fb: Started
2023-01-30 12:43:41,924 [EndpointStateMachine task thread for /0.0.0.0:41705 - 0 ] INFO  ratis.XceiverServerRatis (XceiverServerRatis.java:getRealPort(543)) - XceiverServerRatis 4161fb15-5f04-4edd-aa04-1f821408f5fb is started using port 35253 for RATIS_ADMIN
2023-01-30 12:43:41,924 [EndpointStateMachine task thread for /0.0.0.0:41705 - 0 ] INFO  ratis.XceiverServerRatis (XceiverServerRatis.java:getRealPort(543)) - XceiverServerRatis 4161fb15-5f04-4edd-aa04-1f821408f5fb is started using port 35253 for RATIS_SERVER
2023-01-30 12:43:41,924 [EndpointStateMachine task thread for /0.0.0.0:41705 - 0 ] INFO  ratis.XceiverServerRatis (XceiverServerRatis.java:getRealPort(543)) - XceiverServerRatis 4161fb15-5f04-4edd-aa04-1f821408f5fb is started using port 40011 for RATIS_DATASTREAM
2023-01-30 12:43:41,928 [EndpointStateMachine task thread for /0.0.0.0:41705 - 0 ] INFO  server.XceiverServerGrpc (XceiverServerGrpc.java:start(180)) - XceiverServerGrpc 4161fb15-5f04-4edd-aa04-1f821408f5fb is started using port 44857
2023-01-30 12:43:41,966 [Listener at 127.0.0.1/45319] INFO  ozone.MiniOzoneClusterImpl (MiniOzoneClusterImpl.java:lambda$waitForClusterToBeReady$0(218)) - Waiting for nodes to be ready. Got 0 of 7 DN Heartbeats.
2023-01-30 12:43:41,966 [Listener at 127.0.0.1/45319] INFO  ozone.MiniOzoneClusterImpl (MiniOzoneClusterImpl.java:lambda$waitForClusterToBeReady$0(221)) - Waiting for cluster to exit safe mode
2023-01-30 12:43:41,967 [Listener at 127.0.0.1/45319] INFO  ozone.MiniOzoneClusterImpl (MiniOzoneClusterImpl.java:lambda$waitForClusterToBeReady$0(223)) - SCM became leader
2023-01-30 12:43:42,300 [EndpointStateMachine task thread for /0.0.0.0:41705 - 0 ] INFO  utils.DatanodeStoreCache (DatanodeStoreCache.java:addDB(58)) - Added db /home/runner/work/ozone/ozone/hadoop-ozone/integration-test/target/test-dir/MiniOzoneClusterImpl-3373c666-e21d-449e-a922-fde15befd7fc/datanode-4/data-0/containers/hdds/3373c666-e21d-449e-a922-fde15befd7fc/DS-3b1283f0-403b-4201-a1d4-a8065da03f5b/container.db to cache
2023-01-30 12:43:42,300 [EndpointStateMachine task thread for /0.0.0.0:41705 - 0 ] INFO  volume.HddsVolume (HddsVolume.java:createDbStore(307)) - SchemaV3 db is created and loaded at /home/runner/work/ozone/ozone/hadoop-ozone/integration-test/target/test-dir/MiniOzoneClusterImpl-3373c666-e21d-449e-a922-fde15befd7fc/datanode-4/data-0/containers/hdds/3373c666-e21d-449e-a922-fde15befd7fc/DS-3b1283f0-403b-4201-a1d4-a8065da03f5b/container.db for volume DS-3b1283f0-403b-4201-a1d4-a8065da03f5b
2023-01-30 12:43:42,300 [EndpointStateMachine task thread for /0.0.0.0:41705 - 0 ] INFO  ozoneimpl.OzoneContainer (OzoneContainer.java:start(399)) - Attempting to start container services.
2023-01-30 12:43:42,300 [EndpointStateMachine task thread for /0.0.0.0:41705 - 0 ] INFO  ozoneimpl.OzoneContainer (OzoneContainer.java:startContainerScrub(316)) - Scheduled background container scanners and the on-demand container scanner have been disabled.
2023-01-30 12:43:42,303 [EndpointStateMachine task thread for /0.0.0.0:41705 - 0 ] INFO  replication.ReplicationServer (ReplicationServer.java:start(109)) - ReplicationServer is started using port 38103
2023-01-30 12:43:42,303 [EndpointStateMachine task thread for /0.0.0.0:41705 - 0 ] INFO  ratis.XceiverServerRatis (XceiverServerRatis.java:start(517)) - Starting XceiverServerRatis a2abf3cf-345e-42e4-b42a-21ce73543136
2023-01-30 12:43:42,306 [EndpointStateMachine task thread for /0.0.0.0:41705 - 0 ] INFO  server.RaftServer (RaftServerProxy.java:startImpl(393)) - a2abf3cf-345e-42e4-b42a-21ce73543136: start RPC server
2023-01-30 12:43:42,309 [EndpointStateMachine task thread for /0.0.0.0:41705 - 0 ] INFO  server.GrpcService (GrpcService.java:startImpl(262)) - a2abf3cf-345e-42e4-b42a-21ce73543136: GrpcService started, listening on 35561
2023-01-30 12:43:42,309 [EndpointStateMachine task thread for /0.0.0.0:41705 - 0 ] INFO  ratis.XceiverServerRatis (XceiverServerRatis.java:getRealPort(543)) - XceiverServerRatis a2abf3cf-345e-42e4-b42a-21ce73543136 is started using port 35561 for RATIS
2023-01-30 12:43:42,309 [EndpointStateMachine task thread for /0.0.0.0:41705 - 0 ] INFO  ratis.XceiverServerRatis (XceiverServerRatis.java:getRealPort(543)) - XceiverServerRatis a2abf3cf-345e-42e4-b42a-21ce73543136 is started using port 35561 for RATIS_ADMIN
2023-01-30 12:43:42,309 [EndpointStateMachine task thread for /0.0.0.0:41705 - 0 ] INFO  ratis.XceiverServerRatis (XceiverServerRatis.java:getRealPort(543)) - XceiverServerRatis a2abf3cf-345e-42e4-b42a-21ce73543136 is started using port 35561 for RATIS_SERVER
2023-01-30 12:43:42,309 [EndpointStateMachine task thread for /0.0.0.0:41705 - 0 ] INFO  ratis.XceiverServerRatis (XceiverServerRatis.java:getRealPort(543)) - XceiverServerRatis a2abf3cf-345e-42e4-b42a-21ce73543136 is started using port 41135 for RATIS_DATASTREAM
2023-01-30 12:43:42,309 [JvmPauseMonitor5] INFO  util.JvmPauseMonitor (JvmPauseMonitor.java:run(105)) - JvmPauseMonitor-a2abf3cf-345e-42e4-b42a-21ce73543136: Started
2023-01-30 12:43:42,313 [EndpointStateMachine task thread for /0.0.0.0:41705 - 0 ] INFO  server.XceiverServerGrpc (XceiverServerGrpc.java:start(180)) - XceiverServerGrpc a2abf3cf-345e-42e4-b42a-21ce73543136 is started using port 40705
2023-01-30 12:43:42,597 [IPC Server handler 4 on default port 41705] INFO  net.NetworkTopologyImpl (NetworkTopologyImpl.java:add(112)) - Added a new node: /default-rack/c78ebe56-d058-4c98-bec9-45038831407a
2023-01-30 12:43:42,600 [IPC Server handler 4 on default port 41705] INFO  node.SCMNodeManager (SCMNodeManager.java:register(397)) - Registered Data node : c78ebe56-d058-4c98-bec9-45038831407a{ip: 10.1.0.50, host: fv-az186-393.qnicg3m0sonedg4msc5mrdkamh.cx.internal.cloudapp.net, ports: [REPLICATION=38175, RATIS=44927, RATIS_ADMIN=44927, RATIS_SERVER=44927, RATIS_DATASTREAM=43181, STANDALONE=35247], networkLocation: /default-rack, certSerialId: null, persistedOpState: null, persistedOpStateExpiryEpochSec: 0}
2023-01-30 12:43:42,604 [EventQueue-NewNodeForNewNodeHandler] INFO  pipeline.BackgroundPipelineCreator (BackgroundPipelineCreator.java:notifyEventTriggered(276)) - trigger a one-shot run on RatisPipelineUtilsThread.
2023-01-30 12:43:42,611 [RatisPipelineUtilsThread - 0] INFO  pipeline.RatisPipelineProvider (RatisPipelineProvider.java:lambda$create$0(206)) - Sending CreatePipelineCommand for pipeline:PipelineID=4a439987-e57b-44e4-ad7b-abe05e4780cb to datanode:c78ebe56-d058-4c98-bec9-45038831407a
2023-01-30 12:43:42,614 [EventQueue-NodeRegistrationContainerReportForDataNodeSafeModeRule] INFO  safemode.SCMSafeModeManager (DataNodeSafeModeRule.java:process(71)) - SCM in safe mode. 1 DataNodes registered, 3 required.
2023-01-30 12:43:42,618 [EventQueue-PipelineReportForOneReplicaPipelineSafeModeRule] INFO  safemode.SCMSafeModeManager (SCMSafeModeManager.java:validateSafeModeExitRules(200)) - AtleastOneDatanodeReportedRule rule is successfully validated
2023-01-30 12:43:42,619 [EventQueue-NodeRegistrationContainerReportForContainerSafeModeRule] INFO  safemode.SCMSafeModeManager (SCMSafeModeManager.java:validateSafeModeExitRules(200)) - ContainerSafeModeRule rule is successfully validated
2023-01-30 12:43:42,637 [RatisPipelineUtilsThread - 0] INFO  pipeline.PipelineStateManagerImpl (PipelineStateManagerImpl.java:addPipeline(103)) - Created pipeline Pipeline[ Id: 4a439987-e57b-44e4-ad7b-abe05e4780cb, Nodes: c78ebe56-d058-4c98-bec9-45038831407a(fv-az186-393.qnicg3m0sonedg4msc5mrdkamh.cx.internal.cloudapp.net/10.1.0.50), ReplicationConfig: RATIS/ONE, State:ALLOCATED, leaderId:, CreationTimestamp2023-01-30T12:43:42.610Z[Etc/UTC]].
2023-01-30 12:43:42,657 [EndpointStateMachine task thread for /0.0.0.0:41705 - 0 ] INFO  utils.DatanodeStoreCache (DatanodeStoreCache.java:addDB(58)) - Added db /home/runner/work/ozone/ozone/hadoop-ozone/integration-test/target/test-dir/MiniOzoneClusterImpl-3373c666-e21d-449e-a922-fde15befd7fc/datanode-5/data-0/containers/hdds/3373c666-e21d-449e-a922-fde15befd7fc/DS-45025974-e471-400a-88fd-b7fbb1c6d1d6/container.db to cache
2023-01-30 12:43:42,658 [EndpointStateMachine task thread for /0.0.0.0:41705 - 0 ] INFO  volume.HddsVolume (HddsVolume.java:createDbStore(307)) - SchemaV3 db is created and loaded at /home/runner/work/ozone/ozone/hadoop-ozone/integration-test/target/test-dir/MiniOzoneClusterImpl-3373c666-e21d-449e-a922-fde15befd7fc/datanode-5/data-0/containers/hdds/3373c666-e21d-449e-a922-fde15befd7fc/DS-45025974-e471-400a-88fd-b7fbb1c6d1d6/container.db for volume DS-45025974-e471-400a-88fd-b7fbb1c6d1d6
2023-01-30 12:43:42,658 [EndpointStateMachine task thread for /0.0.0.0:41705 - 0 ] INFO  ozoneimpl.OzoneContainer (OzoneContainer.java:start(399)) - Attempting to start container services.
2023-01-30 12:43:42,658 [EndpointStateMachine task thread for /0.0.0.0:41705 - 0 ] INFO  ozoneimpl.OzoneContainer (OzoneContainer.java:startContainerScrub(316)) - Scheduled background container scanners and the on-demand container scanner have been disabled.
2023-01-30 12:43:42,660 [EndpointStateMachine task thread for /0.0.0.0:41705 - 0 ] INFO  replication.ReplicationServer (ReplicationServer.java:start(109)) - ReplicationServer is started using port 37849
2023-01-30 12:43:42,660 [EndpointStateMachine task thread for /0.0.0.0:41705 - 0 ] INFO  ratis.XceiverServerRatis (XceiverServerRatis.java:start(517)) - Starting XceiverServerRatis b85ec12f-6d7c-420e-915b-fc0cfcf21520
2023-01-30 12:43:42,661 [EndpointStateMachine task thread for /0.0.0.0:41705 - 0 ] INFO  server.RaftServer (RaftServerProxy.java:startImpl(393)) - b85ec12f-6d7c-420e-915b-fc0cfcf21520: start RPC server
2023-01-30 12:43:42,670 [EndpointStateMachine task thread for /0.0.0.0:41705 - 0 ] INFO  server.GrpcService (GrpcService.java:startImpl(262)) - b85ec12f-6d7c-420e-915b-fc0cfcf21520: GrpcService started, listening on 35341
2023-01-30 12:43:42,670 [EndpointStateMachine task thread for /0.0.0.0:41705 - 0 ] INFO  ratis.XceiverServerRatis (XceiverServerRatis.java:getRealPort(543)) - XceiverServerRatis b85ec12f-6d7c-420e-915b-fc0cfcf21520 is started using port 35341 for RATIS
2023-01-30 12:43:42,670 [EndpointStateMachine task thread for /0.0.0.0:41705 - 0 ] INFO  ratis.XceiverServerRatis (XceiverServerRatis.java:getRealPort(543)) - XceiverServerRatis b85ec12f-6d7c-420e-915b-fc0cfcf21520 is started using port 35341 for RATIS_ADMIN
2023-01-30 12:43:42,670 [EndpointStateMachine task thread for /0.0.0.0:41705 - 0 ] INFO  ratis.XceiverServerRatis (XceiverServerRatis.java:getRealPort(543)) - XceiverServerRatis b85ec12f-6d7c-420e-915b-fc0cfcf21520 is started using port 35341 for RATIS_SERVER
2023-01-30 12:43:42,670 [EndpointStateMachine task thread for /0.0.0.0:41705 - 0 ] INFO  ratis.XceiverServerRatis (XceiverServerRatis.java:getRealPort(543)) - XceiverServerRatis b85ec12f-6d7c-420e-915b-fc0cfcf21520 is started using port 45259 for RATIS_DATASTREAM
2023-01-30 12:43:42,671 [JvmPauseMonitor6] INFO  util.JvmPauseMonitor (JvmPauseMonitor.java:run(105)) - JvmPauseMonitor-b85ec12f-6d7c-420e-915b-fc0cfcf21520: Started
2023-01-30 12:43:42,672 [EndpointStateMachine task thread for /0.0.0.0:41705 - 0 ] INFO  server.XceiverServerGrpc (XceiverServerGrpc.java:start(180)) - XceiverServerGrpc b85ec12f-6d7c-420e-915b-fc0cfcf21520 is started using port 40003
2023-01-30 12:43:42,967 [Listener at 127.0.0.1/45319] INFO  ozone.MiniOzoneClusterImpl (MiniOzoneClusterImpl.java:lambda$waitForClusterToBeReady$0(218)) - Waiting for nodes to be ready. Got 1 of 7 DN Heartbeats.
2023-01-30 12:43:42,967 [Listener at 127.0.0.1/45319] INFO  ozone.MiniOzoneClusterImpl (MiniOzoneClusterImpl.java:lambda$waitForClusterToBeReady$0(221)) - Waiting for cluster to exit safe mode
2023-01-30 12:43:42,967 [Listener at 127.0.0.1/45319] INFO  ozone.MiniOzoneClusterImpl (MiniOzoneClusterImpl.java:lambda$waitForClusterToBeReady$0(223)) - SCM became leader
2023-01-30 12:43:43,003 [EndpointStateMachine task thread for /0.0.0.0:41705 - 0 ] INFO  utils.DatanodeStoreCache (DatanodeStoreCache.java:addDB(58)) - Added db /home/runner/work/ozone/ozone/hadoop-ozone/integration-test/target/test-dir/MiniOzoneClusterImpl-3373c666-e21d-449e-a922-fde15befd7fc/datanode-6/data-0/containers/hdds/3373c666-e21d-449e-a922-fde15befd7fc/DS-e99a1faf-dddd-4a7d-a38e-4841ecd5696c/container.db to cache
2023-01-30 12:43:43,003 [EndpointStateMachine task thread for /0.0.0.0:41705 - 0 ] INFO  volume.HddsVolume (HddsVolume.java:createDbStore(307)) - SchemaV3 db is created and loaded at /home/runner/work/ozone/ozone/hadoop-ozone/integration-test/target/test-dir/MiniOzoneClusterImpl-3373c666-e21d-449e-a922-fde15befd7fc/datanode-6/data-0/containers/hdds/3373c666-e21d-449e-a922-fde15befd7fc/DS-e99a1faf-dddd-4a7d-a38e-4841ecd5696c/container.db for volume DS-e99a1faf-dddd-4a7d-a38e-4841ecd5696c
2023-01-30 12:43:43,004 [EndpointStateMachine task thread for /0.0.0.0:41705 - 0 ] INFO  ozoneimpl.OzoneContainer (OzoneContainer.java:start(399)) - Attempting to start container services.
2023-01-30 12:43:43,004 [EndpointStateMachine task thread for /0.0.0.0:41705 - 0 ] INFO  ozoneimpl.OzoneContainer (OzoneContainer.java:startContainerScrub(316)) - Scheduled background container scanners and the on-demand container scanner have been disabled.
2023-01-30 12:43:43,009 [EndpointStateMachine task thread for /0.0.0.0:41705 - 0 ] INFO  replication.ReplicationServer (ReplicationServer.java:start(109)) - ReplicationServer is started using port 40769
2023-01-30 12:43:43,009 [EndpointStateMachine task thread for /0.0.0.0:41705 - 0 ] INFO  ratis.XceiverServerRatis (XceiverServerRatis.java:start(517)) - Starting XceiverServerRatis a53d6862-374f-4f5f-b714-76db3f2bc68b
2023-01-30 12:43:43,010 [EndpointStateMachine task thread for /0.0.0.0:41705 - 0 ] INFO  server.RaftServer (RaftServerProxy.java:startImpl(393)) - a53d6862-374f-4f5f-b714-76db3f2bc68b: start RPC server
2023-01-30 12:43:43,012 [EndpointStateMachine task thread for /0.0.0.0:41705 - 0 ] INFO  server.GrpcService (GrpcService.java:startImpl(262)) - a53d6862-374f-4f5f-b714-76db3f2bc68b: GrpcService started, listening on 43971
2023-01-30 12:43:43,013 [EndpointStateMachine task thread for /0.0.0.0:41705 - 0 ] INFO  ratis.XceiverServerRatis (XceiverServerRatis.java:getRealPort(543)) - XceiverServerRatis a53d6862-374f-4f5f-b714-76db3f2bc68b is started using port 43971 for RATIS
2023-01-30 12:43:43,013 [EndpointStateMachine task thread for /0.0.0.0:41705 - 0 ] INFO  ratis.XceiverServerRatis (XceiverServerRatis.java:getRealPort(543)) - XceiverServerRatis a53d6862-374f-4f5f-b714-76db3f2bc68b is started using port 43971 for RATIS_ADMIN
2023-01-30 12:43:43,013 [EndpointStateMachine task thread for /0.0.0.0:41705 - 0 ] INFO  ratis.XceiverServerRatis (XceiverServerRatis.java:getRealPort(543)) - XceiverServerRatis a53d6862-374f-4f5f-b714-76db3f2bc68b is started using port 43971 for RATIS_SERVER
2023-01-30 12:43:43,013 [EndpointStateMachine task thread for /0.0.0.0:41705 - 0 ] INFO  ratis.XceiverServerRatis (XceiverServerRatis.java:getRealPort(543)) - XceiverServerRatis a53d6862-374f-4f5f-b714-76db3f2bc68b is started using port 37485 for RATIS_DATASTREAM
2023-01-30 12:43:43,025 [JvmPauseMonitor7] INFO  util.JvmPauseMonitor (JvmPauseMonitor.java:run(105)) - JvmPauseMonitor-a53d6862-374f-4f5f-b714-76db3f2bc68b: Started
2023-01-30 12:43:43,026 [EndpointStateMachine task thread for /0.0.0.0:41705 - 0 ] INFO  server.XceiverServerGrpc (XceiverServerGrpc.java:start(180)) - XceiverServerGrpc a53d6862-374f-4f5f-b714-76db3f2bc68b is started using port 34519
2023-01-30 12:43:43,101 [IPC Server handler 3 on default port 41705] INFO  net.NetworkTopologyImpl (NetworkTopologyImpl.java:add(112)) - Added a new node: /default-rack/a354ee2c-6c3e-4107-b9a9-2d7a8532b2a5
2023-01-30 12:43:43,101 [IPC Server handler 3 on default port 41705] INFO  node.SCMNodeManager (SCMNodeManager.java:register(397)) - Registered Data node : a354ee2c-6c3e-4107-b9a9-2d7a8532b2a5{ip: 10.1.0.50, host: fv-az186-393.qnicg3m0sonedg4msc5mrdkamh.cx.internal.cloudapp.net, ports: [REPLICATION=39559, RATIS=43337, RATIS_ADMIN=43337, RATIS_SERVER=43337, RATIS_DATASTREAM=38877, STANDALONE=41675], networkLocation: /default-rack, certSerialId: null, persistedOpState: null, persistedOpStateExpiryEpochSec: 0}
2023-01-30 12:43:43,104 [EventQueue-NewNodeForNewNodeHandler] INFO  pipeline.BackgroundPipelineCreator (BackgroundPipelineCreator.java:notifyEventTriggered(276)) - trigger a one-shot run on RatisPipelineUtilsThread.
2023-01-30 12:43:43,104 [EventQueue-NodeRegistrationContainerReportForDataNodeSafeModeRule] INFO  safemode.SCMSafeModeManager (DataNodeSafeModeRule.java:process(71)) - SCM in safe mode. 2 DataNodes registered, 3 required.
2023-01-30 12:43:43,105 [RatisPipelineUtilsThread - 0] INFO  pipeline.RatisPipelineProvider (RatisPipelineProvider.java:lambda$create$0(206)) - Sending CreatePipelineCommand for pipeline:PipelineID=c8832492-9246-445c-8df8-28b16c9ad676 to datanode:a354ee2c-6c3e-4107-b9a9-2d7a8532b2a5
2023-01-30 12:43:43,106 [RatisPipelineUtilsThread - 0] INFO  pipeline.PipelineStateManagerImpl (PipelineStateManagerImpl.java:addPipeline(103)) - Created pipeline Pipeline[ Id: c8832492-9246-445c-8df8-28b16c9ad676, Nodes: a354ee2c-6c3e-4107-b9a9-2d7a8532b2a5(fv-az186-393.qnicg3m0sonedg4msc5mrdkamh.cx.internal.cloudapp.net/10.1.0.50), ReplicationConfig: RATIS/ONE, State:ALLOCATED, leaderId:, CreationTimestamp2023-01-30T12:43:43.105Z[Etc/UTC]].
2023-01-30 12:43:43,526 [IPC Server handler 4 on default port 41705] INFO  net.NetworkTopologyImpl (NetworkTopologyImpl.java:add(112)) - Added a new node: /default-rack/6d351c6b-99d3-43e7-8295-6decaaa133c4
2023-01-30 12:43:43,527 [IPC Server handler 4 on default port 41705] INFO  node.SCMNodeManager (SCMNodeManager.java:register(397)) - Registered Data node : 6d351c6b-99d3-43e7-8295-6decaaa133c4{ip: 10.1.0.50, host: fv-az186-393.qnicg3m0sonedg4msc5mrdkamh.cx.internal.cloudapp.net, ports: [REPLICATION=46771, RATIS=32789, RATIS_ADMIN=32789, RATIS_SERVER=32789, RATIS_DATASTREAM=44213, STANDALONE=37313], networkLocation: /default-rack, certSerialId: null, persistedOpState: null, persistedOpStateExpiryEpochSec: 0}
2023-01-30 12:43:43,527 [EventQueue-NewNodeForNewNodeHandler] INFO  pipeline.BackgroundPipelineCreator (BackgroundPipelineCreator.java:notifyEventTriggered(276)) - trigger a one-shot run on RatisPipelineUtilsThread.
2023-01-30 12:43:43,527 [EventQueue-NodeRegistrationContainerReportForDataNodeSafeModeRule] INFO  safemode.SCMSafeModeManager (DataNodeSafeModeRule.java:process(71)) - SCM in safe mode. 3 DataNodes registered, 3 required.
2023-01-30 12:43:43,527 [EventQueue-NodeRegistrationContainerReportForDataNodeSafeModeRule] INFO  safemode.SCMSafeModeManager (SCMSafeModeManager.java:validateSafeModeExitRules(200)) - DataNodeSafeModeRule rule is successfully validated
2023-01-30 12:43:43,527 [EventQueue-NodeRegistrationContainerReportForDataNodeSafeModeRule] INFO  safemode.SCMSafeModeManager (SCMSafeModeManager.java:completePreCheck(229)) - All SCM safe mode pre check rules have passed
2023-01-30 12:43:43,527 [EventQueue-NodeRegistrationContainerReportForDataNodeSafeModeRule] INFO  ha.SCMContext (SCMContext.java:updateSafeModeStatus(228)) - Update SafeModeStatus from SafeModeStatus{safeModeStatus=true, preCheckPassed=false} to SafeModeStatus{safeModeStatus=true, preCheckPassed=true}.
2023-01-30 12:43:43,527 [EventQueue-NodeRegistrationContainerReportForDataNodeSafeModeRule] INFO  pipeline.BackgroundPipelineCreator (BackgroundPipelineCreator.java:notifyEventTriggered(276)) - trigger a one-shot run on RatisPipelineUtilsThread.
2023-01-30 12:43:43,528 [RatisPipelineUtilsThread - 0] INFO  pipeline.RatisPipelineProvider (RatisPipelineProvider.java:lambda$create$0(206)) - Sending CreatePipelineCommand for pipeline:PipelineID=cfd230af-e174-4474-a478-ec97f69eab04 to datanode:6d351c6b-99d3-43e7-8295-6decaaa133c4
2023-01-30 12:43:43,528 [RatisPipelineUtilsThread - 0] INFO  pipeline.PipelineStateManagerImpl (PipelineStateManagerImpl.java:addPipeline(103)) - Created pipeline Pipeline[ Id: cfd230af-e174-4474-a478-ec97f69eab04, Nodes: 6d351c6b-99d3-43e7-8295-6decaaa133c4(fv-az186-393.qnicg3m0sonedg4msc5mrdkamh.cx.internal.cloudapp.net/10.1.0.50), ReplicationConfig: RATIS/ONE, State:ALLOCATED, leaderId:, CreationTimestamp2023-01-30T12:43:43.528Z[Etc/UTC]].
2023-01-30 12:43:43,533 [RatisPipelineUtilsThread - 0] INFO  pipeline.RatisPipelineProvider (RatisPipelineProvider.java:lambda$create$0(206)) - Sending CreatePipelineCommand for pipeline:PipelineID=aa7f2397-8d4c-4c7d-9337-a5180e5593ef to datanode:6d351c6b-99d3-43e7-8295-6decaaa133c4
2023-01-30 12:43:43,534 [RatisPipelineUtilsThread - 0] INFO  pipeline.RatisPipelineProvider (RatisPipelineProvider.java:lambda$create$0(206)) - Sending CreatePipelineCommand for pipeline:PipelineID=aa7f2397-8d4c-4c7d-9337-a5180e5593ef to datanode:a354ee2c-6c3e-4107-b9a9-2d7a8532b2a5
2023-01-30 12:43:43,534 [RatisPipelineUtilsThread - 0] INFO  pipeline.RatisPipelineProvider (RatisPipelineProvider.java:lambda$create$0(206)) - Sending CreatePipelineCommand for pipeline:PipelineID=aa7f2397-8d4c-4c7d-9337-a5180e5593ef to datanode:c78ebe56-d058-4c98-bec9-45038831407a
2023-01-30 12:43:43,536 [RatisPipelineUtilsThread - 0] INFO  pipeline.PipelineStateManagerImpl (PipelineStateManagerImpl.java:addPipeline(103)) - Created pipeline Pipeline[ Id: aa7f2397-8d4c-4c7d-9337-a5180e5593ef, Nodes: 6d351c6b-99d3-43e7-8295-6decaaa133c4(fv-az186-393.qnicg3m0sonedg4msc5mrdkamh.cx.internal.cloudapp.net/10.1.0.50)a354ee2c-6c3e-4107-b9a9-2d7a8532b2a5(fv-az186-393.qnicg3m0sonedg4msc5mrdkamh.cx.internal.cloudapp.net/10.1.0.50)c78ebe56-d058-4c98-bec9-45038831407a(fv-az186-393.qnicg3m0sonedg4msc5mrdkamh.cx.internal.cloudapp.net/10.1.0.50), ReplicationConfig: RATIS/THREE, State:ALLOCATED, leaderId:, CreationTimestamp2023-01-30T12:43:43.533Z[Etc/UTC]].
2023-01-30 12:43:43,538 [RatisPipelineUtilsThread - 0] INFO  pipeline.RatisPipelineProvider (RatisPipelineProvider.java:lambda$create$0(206)) - Sending CreatePipelineCommand for pipeline:PipelineID=7db5c901-5ace-4fa8-9e12-d5eca907a9bd to datanode:6d351c6b-99d3-43e7-8295-6decaaa133c4
2023-01-30 12:43:43,538 [RatisPipelineUtilsThread - 0] INFO  pipeline.RatisPipelineProvider (RatisPipelineProvider.java:lambda$create$0(206)) - Sending CreatePipelineCommand for pipeline:PipelineID=7db5c901-5ace-4fa8-9e12-d5eca907a9bd to datanode:c78ebe56-d058-4c98-bec9-45038831407a
2023-01-30 12:43:43,538 [RatisPipelineUtilsThread - 0] INFO  pipeline.RatisPipelineProvider (RatisPipelineProvider.java:lambda$create$0(206)) - Sending CreatePipelineCommand for pipeline:PipelineID=7db5c901-5ace-4fa8-9e12-d5eca907a9bd to datanode:a354ee2c-6c3e-4107-b9a9-2d7a8532b2a5
2023-01-30 12:43:43,540 [RatisPipelineUtilsThread - 0] INFO  pipeline.PipelineStateManagerImpl (PipelineStateManagerImpl.java:addPipeline(103)) - Created pipeline Pipeline[ Id: 7db5c901-5ace-4fa8-9e12-d5eca907a9bd, Nodes: 6d351c6b-99d3-43e7-8295-6decaaa133c4(fv-az186-393.qnicg3m0sonedg4msc5mrdkamh.cx.internal.cloudapp.net/10.1.0.50)c78ebe56-d058-4c98-bec9-45038831407a(fv-az186-393.qnicg3m0sonedg4msc5mrdkamh.cx.internal.cloudapp.net/10.1.0.50)a354ee2c-6c3e-4107-b9a9-2d7a8532b2a5(fv-az186-393.qnicg3m0sonedg4msc5mrdkamh.cx.internal.cloudapp.net/10.1.0.50), ReplicationConfig: RATIS/THREE, State:ALLOCATED, leaderId:, CreationTimestamp2023-01-30T12:43:43.538Z[Etc/UTC]].
2023-01-30 12:43:43,540 [RatisPipelineUtilsThread - 0] INFO  pipeline.PipelineManagerImpl (PipelineManagerImpl.java:recordMetricsForPipeline(826)) - Pipeline: PipelineID=7db5c901-5ace-4fa8-9e12-d5eca907a9bd contains same datanodes as previous pipelines: PipelineID=aa7f2397-8d4c-4c7d-9337-a5180e5593ef nodeIds: 6d351c6b-99d3-43e7-8295-6decaaa133c4, c78ebe56-d058-4c98-bec9-45038831407a, a354ee2c-6c3e-4107-b9a9-2d7a8532b2a5
2023-01-30 12:43:43,541 [RatisPipelineUtilsThread - 0] WARN  pipeline.PipelinePlacementPolicy (PipelinePlacementPolicy.java:filterViableNodes(158)) - Pipeline creation failed due to no sufficient healthy datanodes. Required 3. Found 0.
2023-01-30 12:43:43,885 [IPC Server handler 1 on default port 41705] INFO  net.NetworkTopologyImpl (NetworkTopologyImpl.java:add(112)) - Added a new node: /default-rack/4161fb15-5f04-4edd-aa04-1f821408f5fb
2023-01-30 12:43:43,885 [IPC Server handler 1 on default port 41705] INFO  node.SCMNodeManager (SCMNodeManager.java:register(397)) - Registered Data node : 4161fb15-5f04-4edd-aa04-1f821408f5fb{ip: 10.1.0.50, host: fv-az186-393.qnicg3m0sonedg4msc5mrdkamh.cx.internal.cloudapp.net, ports: [REPLICATION=36131, RATIS=35253, RATIS_ADMIN=35253, RATIS_SERVER=35253, RATIS_DATASTREAM=40011, STANDALONE=44857], networkLocation: /default-rack, certSerialId: null, persistedOpState: null, persistedOpStateExpiryEpochSec: 0}
2023-01-30 12:43:43,886 [EventQueue-NewNodeForNewNodeHandler] INFO  pipeline.BackgroundPipelineCreator (BackgroundPipelineCreator.java:notifyEventTriggered(276)) - trigger a one-shot run on RatisPipelineUtilsThread.
2023-01-30 12:43:43,887 [RatisPipelineUtilsThread - 0] INFO  pipeline.RatisPipelineProvider (RatisPipelineProvider.java:lambda$create$0(206)) - Sending CreatePipelineCommand for pipeline:PipelineID=3fb0d60b-1dfa-44a0-8481-8828efbd05b2 to datanode:4161fb15-5f04-4edd-aa04-1f821408f5fb
2023-01-30 12:43:43,887 [RatisPipelineUtilsThread - 0] INFO  pipeline.PipelineStateManagerImpl (PipelineStateManagerImpl.java:addPipeline(103)) - Created pipeline Pipeline[ Id: 3fb0d60b-1dfa-44a0-8481-8828efbd05b2, Nodes: 4161fb15-5f04-4edd-aa04-1f821408f5fb(fv-az186-393.qnicg3m0sonedg4msc5mrdkamh.cx.internal.cloudapp.net/10.1.0.50), ReplicationConfig: RATIS/ONE, State:ALLOCATED, leaderId:, CreationTimestamp2023-01-30T12:43:43.887Z[Etc/UTC]].
2023-01-30 12:43:43,889 [RatisPipelineUtilsThread - 0] WARN  pipeline.PipelinePlacementPolicy (PipelinePlacementPolicy.java:filterViableNodes(158)) - Pipeline creation failed due to no sufficient healthy datanodes. Required 3. Found 1.
2023-01-30 12:43:43,967 [Listener at 127.0.0.1/45319] INFO  ozone.MiniOzoneClusterImpl (MiniOzoneClusterImpl.java:lambda$waitForClusterToBeReady$0(218)) - Waiting for nodes to be ready. Got 4 of 7 DN Heartbeats.
2023-01-30 12:43:43,967 [Listener at 127.0.0.1/45319] INFO  ozone.MiniOzoneClusterImpl (MiniOzoneClusterImpl.java:lambda$waitForClusterToBeReady$0(221)) - Waiting for cluster to exit safe mode
2023-01-30 12:43:43,967 [Listener at 127.0.0.1/45319] INFO  ozone.MiniOzoneClusterImpl (MiniOzoneClusterImpl.java:lambda$waitForClusterToBeReady$0(223)) - SCM became leader
2023-01-30 12:43:44,266 [IPC Server handler 4 on default port 41705] INFO  net.NetworkTopologyImpl (NetworkTopologyImpl.java:add(112)) - Added a new node: /default-rack/a2abf3cf-345e-42e4-b42a-21ce73543136
2023-01-30 12:43:44,266 [IPC Server handler 4 on default port 41705] INFO  node.SCMNodeManager (SCMNodeManager.java:register(397)) - Registered Data node : a2abf3cf-345e-42e4-b42a-21ce73543136{ip: 10.1.0.50, host: fv-az186-393.qnicg3m0sonedg4msc5mrdkamh.cx.internal.cloudapp.net, ports: [REPLICATION=38103, RATIS=35561, RATIS_ADMIN=35561, RATIS_SERVER=35561, RATIS_DATASTREAM=41135, STANDALONE=40705], networkLocation: /default-rack, certSerialId: null, persistedOpState: null, persistedOpStateExpiryEpochSec: 0}
2023-01-30 12:43:44,267 [EventQueue-NewNodeForNewNodeHandler] INFO  pipeline.BackgroundPipelineCreator (BackgroundPipelineCreator.java:notifyEventTriggered(276)) - trigger a one-shot run on RatisPipelineUtilsThread.
2023-01-30 12:43:44,267 [RatisPipelineUtilsThread - 0] INFO  pipeline.RatisPipelineProvider (RatisPipelineProvider.java:lambda$create$0(206)) - Sending CreatePipelineCommand for pipeline:PipelineID=21e5ce97-9f68-421a-b87d-edd45ec72c46 to datanode:a2abf3cf-345e-42e4-b42a-21ce73543136
2023-01-30 12:43:44,268 [RatisPipelineUtilsThread - 0] INFO  pipeline.PipelineStateManagerImpl (PipelineStateManagerImpl.java:addPipeline(103)) - Created pipeline Pipeline[ Id: 21e5ce97-9f68-421a-b87d-edd45ec72c46, Nodes: a2abf3cf-345e-42e4-b42a-21ce73543136(fv-az186-393.qnicg3m0sonedg4msc5mrdkamh.cx.internal.cloudapp.net/10.1.0.50), ReplicationConfig: RATIS/ONE, State:ALLOCATED, leaderId:, CreationTimestamp2023-01-30T12:43:44.267Z[Etc/UTC]].
2023-01-30 12:43:44,269 [RatisPipelineUtilsThread - 0] WARN  pipeline.PipelinePlacementPolicy (PipelinePlacementPolicy.java:filterViableNodes(158)) - Pipeline creation failed due to no sufficient healthy datanodes. Required 3. Found 2.
2023-01-30 12:43:44,596 [IPC Server handler 11 on default port 41705] INFO  net.NetworkTopologyImpl (NetworkTopologyImpl.java:add(112)) - Added a new node: /default-rack/b85ec12f-6d7c-420e-915b-fc0cfcf21520
2023-01-30 12:43:44,596 [IPC Server handler 11 on default port 41705] INFO  node.SCMNodeManager (SCMNodeManager.java:register(397)) - Registered Data node : b85ec12f-6d7c-420e-915b-fc0cfcf21520{ip: 10.1.0.50, host: fv-az186-393.qnicg3m0sonedg4msc5mrdkamh.cx.internal.cloudapp.net, ports: [REPLICATION=37849, RATIS=35341, RATIS_ADMIN=35341, RATIS_SERVER=35341, RATIS_DATASTREAM=45259, STANDALONE=40003], networkLocation: /default-rack, certSerialId: null, persistedOpState: null, persistedOpStateExpiryEpochSec: 0}
2023-01-30 12:43:44,596 [EventQueue-NewNodeForNewNodeHandler] INFO  pipeline.BackgroundPipelineCreator (BackgroundPipelineCreator.java:notifyEventTriggered(276)) - trigger a one-shot run on RatisPipelineUtilsThread.
2023-01-30 12:43:44,597 [RatisPipelineUtilsThread - 0] INFO  pipeline.RatisPipelineProvider (RatisPipelineProvider.java:lambda$create$0(206)) - Sending CreatePipelineCommand for pipeline:PipelineID=5f41d800-a2c8-4176-b4d7-3d682945520c to datanode:b85ec12f-6d7c-420e-915b-fc0cfcf21520
2023-01-30 12:43:44,598 [RatisPipelineUtilsThread - 0] INFO  pipeline.PipelineStateManagerImpl (PipelineStateManagerImpl.java:addPipeline(103)) - Created pipeline Pipeline[ Id: 5f41d800-a2c8-4176-b4d7-3d682945520c, Nodes: b85ec12f-6d7c-420e-915b-fc0cfcf21520(fv-az186-393.qnicg3m0sonedg4msc5mrdkamh.cx.internal.cloudapp.net/10.1.0.50), ReplicationConfig: RATIS/ONE, State:ALLOCATED, leaderId:, CreationTimestamp2023-01-30T12:43:44.597Z[Etc/UTC]].
2023-01-30 12:43:44,598 [RatisPipelineUtilsThread - 0] INFO  pipeline.RatisPipelineProvider (RatisPipelineProvider.java:lambda$create$0(206)) - Sending CreatePipelineCommand for pipeline:PipelineID=e4dfbc25-7758-46ad-a14e-0e692fa02320 to datanode:a2abf3cf-345e-42e4-b42a-21ce73543136
2023-01-30 12:43:44,598 [RatisPipelineUtilsThread - 0] INFO  pipeline.RatisPipelineProvider (RatisPipelineProvider.java:lambda$create$0(206)) - Sending CreatePipelineCommand for pipeline:PipelineID=e4dfbc25-7758-46ad-a14e-0e692fa02320 to datanode:b85ec12f-6d7c-420e-915b-fc0cfcf21520
2023-01-30 12:43:44,598 [RatisPipelineUtilsThread - 0] INFO  pipeline.RatisPipelineProvider (RatisPipelineProvider.java:lambda$create$0(206)) - Sending CreatePipelineCommand for pipeline:PipelineID=e4dfbc25-7758-46ad-a14e-0e692fa02320 to datanode:4161fb15-5f04-4edd-aa04-1f821408f5fb
2023-01-30 12:43:44,599 [RatisPipelineUtilsThread - 0] INFO  pipeline.PipelineStateManagerImpl (PipelineStateManagerImpl.java:addPipeline(103)) - Created pipeline Pipeline[ Id: e4dfbc25-7758-46ad-a14e-0e692fa02320, Nodes: a2abf3cf-345e-42e4-b42a-21ce73543136(fv-az186-393.qnicg3m0sonedg4msc5mrdkamh.cx.internal.cloudapp.net/10.1.0.50)b85ec12f-6d7c-420e-915b-fc0cfcf21520(fv-az186-393.qnicg3m0sonedg4msc5mrdkamh.cx.internal.cloudapp.net/10.1.0.50)4161fb15-5f04-4edd-aa04-1f821408f5fb(fv-az186-393.qnicg3m0sonedg4msc5mrdkamh.cx.internal.cloudapp.net/10.1.0.50), ReplicationConfig: RATIS/THREE, State:ALLOCATED, leaderId:, CreationTimestamp2023-01-30T12:43:44.598Z[Etc/UTC]].
2023-01-30 12:43:44,603 [RatisPipelineUtilsThread - 0] INFO  pipeline.RatisPipelineProvider (RatisPipelineProvider.java:lambda$create$0(206)) - Sending CreatePipelineCommand for pipeline:PipelineID=fd1cb487-0f8c-493b-aaff-235c834376e9 to datanode:a2abf3cf-345e-42e4-b42a-21ce73543136
2023-01-30 12:43:44,603 [RatisPipelineUtilsThread - 0] INFO  pipeline.RatisPipelineProvider (RatisPipelineProvider.java:lambda$create$0(206)) - Sending CreatePipelineCommand for pipeline:PipelineID=fd1cb487-0f8c-493b-aaff-235c834376e9 to datanode:b85ec12f-6d7c-420e-915b-fc0cfcf21520
2023-01-30 12:43:44,603 [RatisPipelineUtilsThread - 0] INFO  pipeline.RatisPipelineProvider (RatisPipelineProvider.java:lambda$create$0(206)) - Sending CreatePipelineCommand for pipeline:PipelineID=fd1cb487-0f8c-493b-aaff-235c834376e9 to datanode:4161fb15-5f04-4edd-aa04-1f821408f5fb
2023-01-30 12:43:44,604 [RatisPipelineUtilsThread - 0] INFO  pipeline.PipelineStateManagerImpl (PipelineStateManagerImpl.java:addPipeline(103)) - Created pipeline Pipeline[ Id: fd1cb487-0f8c-493b-aaff-235c834376e9, Nodes: a2abf3cf-345e-42e4-b42a-21ce73543136(fv-az186-393.qnicg3m0sonedg4msc5mrdkamh.cx.internal.cloudapp.net/10.1.0.50)b85ec12f-6d7c-420e-915b-fc0cfcf21520(fv-az186-393.qnicg3m0sonedg4msc5mrdkamh.cx.internal.cloudapp.net/10.1.0.50)4161fb15-5f04-4edd-aa04-1f821408f5fb(fv-az186-393.qnicg3m0sonedg4msc5mrdkamh.cx.internal.cloudapp.net/10.1.0.50), ReplicationConfig: RATIS/THREE, State:ALLOCATED, leaderId:, CreationTimestamp2023-01-30T12:43:44.603Z[Etc/UTC]].
2023-01-30 12:43:44,604 [RatisPipelineUtilsThread - 0] INFO  pipeline.PipelineManagerImpl (PipelineManagerImpl.java:recordMetricsForPipeline(826)) - Pipeline: PipelineID=fd1cb487-0f8c-493b-aaff-235c834376e9 contains same datanodes as previous pipelines: PipelineID=e4dfbc25-7758-46ad-a14e-0e692fa02320 nodeIds: a2abf3cf-345e-42e4-b42a-21ce73543136, b85ec12f-6d7c-420e-915b-fc0cfcf21520, 4161fb15-5f04-4edd-aa04-1f821408f5fb
2023-01-30 12:43:44,605 [RatisPipelineUtilsThread - 0] WARN  pipeline.PipelinePlacementPolicy (PipelinePlacementPolicy.java:filterViableNodes(158)) - Pipeline creation failed due to no sufficient healthy datanodes. Required 3. Found 0.
2023-01-30 12:43:44,968 [Listener at 127.0.0.1/45319] INFO  ozone.MiniOzoneClusterImpl (MiniOzoneClusterImpl.java:lambda$waitForClusterToBeReady$0(218)) - Waiting for nodes to be ready. Got 6 of 7 DN Heartbeats.
2023-01-30 12:43:44,968 [Listener at 127.0.0.1/45319] INFO  ozone.MiniOzoneClusterImpl (MiniOzoneClusterImpl.java:lambda$waitForClusterToBeReady$0(221)) - Waiting for cluster to exit safe mode
2023-01-30 12:43:44,969 [Listener at 127.0.0.1/45319] INFO  ozone.MiniOzoneClusterImpl (MiniOzoneClusterImpl.java:lambda$waitForClusterToBeReady$0(223)) - SCM became leader
2023-01-30 12:43:44,977 [IPC Server handler 2 on default port 41705] INFO  net.NetworkTopologyImpl (NetworkTopologyImpl.java:add(112)) - Added a new node: /default-rack/a53d6862-374f-4f5f-b714-76db3f2bc68b
2023-01-30 12:43:44,977 [IPC Server handler 2 on default port 41705] INFO  node.SCMNodeManager (SCMNodeManager.java:register(397)) - Registered Data node : a53d6862-374f-4f5f-b714-76db3f2bc68b{ip: 10.1.0.50, host: fv-az186-393.qnicg3m0sonedg4msc5mrdkamh.cx.internal.cloudapp.net, ports: [REPLICATION=40769, RATIS=43971, RATIS_ADMIN=43971, RATIS_SERVER=43971, RATIS_DATASTREAM=37485, STANDALONE=34519], networkLocation: /default-rack, certSerialId: null, persistedOpState: null, persistedOpStateExpiryEpochSec: 0}
2023-01-30 12:43:44,978 [EventQueue-NewNodeForNewNodeHandler] INFO  pipeline.BackgroundPipelineCreator (BackgroundPipelineCreator.java:notifyEventTriggered(276)) - trigger a one-shot run on RatisPipelineUtilsThread.
2023-01-30 12:43:44,979 [RatisPipelineUtilsThread - 0] INFO  pipeline.RatisPipelineProvider (RatisPipelineProvider.java:lambda$create$0(206)) - Sending CreatePipelineCommand for pipeline:PipelineID=d37c0e4e-a021-45d4-a9e2-1247b656147e to datanode:a53d6862-374f-4f5f-b714-76db3f2bc68b
2023-01-30 12:43:44,979 [RatisPipelineUtilsThread - 0] INFO  pipeline.PipelineStateManagerImpl (PipelineStateManagerImpl.java:addPipeline(103)) - Created pipeline Pipeline[ Id: d37c0e4e-a021-45d4-a9e2-1247b656147e, Nodes: a53d6862-374f-4f5f-b714-76db3f2bc68b(fv-az186-393.qnicg3m0sonedg4msc5mrdkamh.cx.internal.cloudapp.net/10.1.0.50), ReplicationConfig: RATIS/ONE, State:ALLOCATED, leaderId:, CreationTimestamp2023-01-30T12:43:44.979Z[Etc/UTC]].
2023-01-30 12:43:44,980 [RatisPipelineUtilsThread - 0] WARN  pipeline.PipelinePlacementPolicy (PipelinePlacementPolicy.java:filterViableNodes(158)) - Pipeline creation failed due to no sufficient healthy datanodes. Required 3. Found 1.
2023-01-30 12:43:45,594 [Command processor thread] INFO  server.RaftServer (RaftServerProxy.java:addNew(96)) - c78ebe56-d058-4c98-bec9-45038831407a: addNew group-ABE05E4780CB:[c78ebe56-d058-4c98-bec9-45038831407a|rpc:10.1.0.50:44927|dataStream:10.1.0.50:43181|priority:1|startupRole:FOLLOWER] returns group-ABE05E4780CB:java.util.concurrent.CompletableFuture@70351f10[Not completed]
2023-01-30 12:43:45,604 [pool-71-thread-1] INFO  server.RaftServer$Division (RaftServerImpl.java:<init>(195)) - c78ebe56-d058-4c98-bec9-45038831407a: new RaftServerImpl for group-ABE05E4780CB:[c78ebe56-d058-4c98-bec9-45038831407a|rpc:10.1.0.50:44927|dataStream:10.1.0.50:43181|priority:1|startupRole:FOLLOWER] with ContainerStateMachine:uninitialized
2023-01-30 12:43:45,605 [pool-71-thread-1] INFO  server.RaftServerConfigKeys (ConfUtils.java:logGet(46)) - raft.server.rpc.timeout.min = 5s (custom)
2023-01-30 12:43:45,605 [pool-71-thread-1] INFO  server.RaftServerConfigKeys (ConfUtils.java:logGet(46)) - raft.server.rpc.timeout.max = 5200ms (custom)
2023-01-30 12:43:45,605 [pool-71-thread-1] INFO  server.RaftServerConfigKeys (ConfUtils.java:logGet(46)) - raft.server.rpc.sleep.time = 25ms (default)
2023-01-30 12:43:45,605 [pool-71-thread-1] INFO  server.RaftServerConfigKeys (ConfUtils.java:logGet(46)) - raft.server.rpc.slowness.timeout = 300s (custom)
2023-01-30 12:43:45,605 [pool-71-thread-1] INFO  server.RaftServerConfigKeys (ConfUtils.java:logGet(46)) - raft.server.leaderelection.leader.step-down.wait-time = 10s (default)
2023-01-30 12:43:45,605 [pool-71-thread-1] INFO  server.RaftServerConfigKeys (ConfUtils.java:logGet(46)) - raft.server.sleep.deviation.threshold = 300ms (default)
2023-01-30 12:43:45,605 [pool-71-thread-1] INFO  server.RaftServer$Division (ServerState.java:<init>(118)) - c78ebe56-d058-4c98-bec9-45038831407a@group-ABE05E4780CB: ConfigurationManager, init=-1: peers:[c78ebe56-d058-4c98-bec9-45038831407a|rpc:10.1.0.50:44927|dataStream:10.1.0.50:43181|priority:1|startupRole:FOLLOWER]|listeners:[], old=null, confs=<EMPTY_MAP>
2023-01-30 12:43:45,606 [pool-71-thread-1] INFO  server.RaftServerConfigKeys (ConfUtils.java:logGet(46)) - raft.server.storage.dir = [/home/runner/work/ozone/ozone/hadoop-ozone/integration-test/target/test-dir/MiniOzoneClusterImpl-3373c666-e21d-449e-a922-fde15befd7fc/datanode-0/data/ratis] (custom)
2023-01-30 12:43:45,606 [pool-71-thread-1] INFO  server.RaftServerConfigKeys (ConfUtils.java:logGet(46)) - raft.server.log.corruption.policy = EXCEPTION (default)
2023-01-30 12:43:45,606 [pool-71-thread-1] INFO  server.RaftServerConfigKeys (ConfUtils.java:logGet(46)) - raft.server.storage.free-space.min = 0MB (=0) (default)
2023-01-30 12:43:45,606 [pool-71-thread-1] INFO  server.RaftServerConfigKeys (ConfUtils.java:logGet(46)) - raft.server.notification.no-leader.timeout = 300s (custom)
2023-01-30 12:43:45,606 [pool-71-thread-1] INFO  server.RaftServerConfigKeys (ConfUtils.java:logGet(46)) - raft.server.retrycache.expirytime = 600000ms (custom)
2023-01-30 12:43:45,606 [pool-71-thread-1] INFO  server.RaftServerConfigKeys (ConfUtils.java:logGet(46)) - raft.server.retrycache.statistics.expirytime = 100μs (default)
2023-01-30 12:43:45,609 [pool-71-thread-1] INFO  server.RaftServerConfigKeys (ConfUtils.java:logGet(46)) - raft.server.log.appender.install.snapshot.enabled = false (custom)
2023-01-30 12:43:45,610 [pool-71-thread-1] INFO  server.RaftServerConfigKeys (ConfUtils.java:logGet(46)) - raft.server.threadpool.server.cached = true (default)
2023-01-30 12:43:45,610 [pool-71-thread-1] INFO  server.RaftServerConfigKeys (ConfUtils.java:logGet(46)) - raft.server.threadpool.server.size = 0 (default)
2023-01-30 12:43:45,610 [pool-71-thread-1] INFO  server.RaftServerConfigKeys (ConfUtils.java:logGet(46)) - raft.server.threadpool.client.cached = true (default)
2023-01-30 12:43:45,610 [pool-71-thread-1] INFO  server.RaftServerConfigKeys (ConfUtils.java:logGet(46)) - raft.server.threadpool.client.size = 0 (default)
2023-01-30 12:43:45,610 [pool-71-thread-1] INFO  storage.RaftStorageDirectory (RaftStorageDirectoryImpl.java:analyzeStorage(137)) - The storage directory /home/runner/work/ozone/ozone/hadoop-ozone/integration-test/target/test-dir/MiniOzoneClusterImpl-3373c666-e21d-449e-a922-fde15befd7fc/datanode-0/data/ratis/4a439987-e57b-44e4-ad7b-abe05e4780cb does not exist. Creating ...
2023-01-30 12:43:45,612 [pool-71-thread-1] INFO  storage.RaftStorageDirectory (RaftStorageDirectoryImpl.java:tryLock(231)) - Lock on /home/runner/work/ozone/ozone/hadoop-ozone/integration-test/target/test-dir/MiniOzoneClusterImpl-3373c666-e21d-449e-a922-fde15befd7fc/datanode-0/data/ratis/4a439987-e57b-44e4-ad7b-abe05e4780cb/in_use.lock acquired by nodename 58968@fv-az186-393
2023-01-30 12:43:45,615 [pool-71-thread-1] INFO  storage.RaftStorage (RaftStorageImpl.java:format(96)) - Storage directory /home/runner/work/ozone/ozone/hadoop-ozone/integration-test/target/test-dir/MiniOzoneClusterImpl-3373c666-e21d-449e-a922-fde15befd7fc/datanode-0/data/ratis/4a439987-e57b-44e4-ad7b-abe05e4780cb has been successfully formatted.
2023-01-30 12:43:45,620 [pool-71-thread-1] INFO  ratis.ContainerStateMachine (ContainerStateMachine.java:loadSnapshot(240)) - group-ABE05E4780CB: The snapshot info is null. Setting the last applied indexto:(t:0, i:~)
2023-01-30 12:43:45,621 [pool-71-thread-1] INFO  server.RaftServerConfigKeys (ConfUtils.java:logGet(46)) - raft.server.log.use.memory = false (default)
2023-01-30 12:43:45,621 [pool-71-thread-1] INFO  server.RaftServerConfigKeys (ConfUtils.java:logGet(46)) - raft.server.log.purge.gap = 1000000 (custom)
2023-01-30 12:43:45,621 [pool-71-thread-1] INFO  server.RaftServerConfigKeys (ConfUtils.java:logGet(46)) - raft.server.log.appender.buffer.byte-limit = 33554432 (custom)
2023-01-30 12:43:45,621 [pool-71-thread-1] INFO  server.RaftServerConfigKeys (ConfUtils.java:logGet(46)) - raft.server.log.statemachine.data.read.timeout = 1000ms (default)
2023-01-30 12:43:45,621 [pool-71-thread-1] INFO  server.RaftServerConfigKeys (ConfUtils.java:logGet(46)) - raft.server.log.purge.preservation.log.num = 0 (default)
2023-01-30 12:43:45,621 [pool-71-thread-1] INFO  server.RaftServerConfigKeys (ConfUtils.java:logGet(46)) - raft.server.log.segment.size.max = 1048576 (custom)
2023-01-30 12:43:45,622 [pool-71-thread-1] INFO  server.RaftServerConfigKeys (ConfUtils.java:logGet(46)) - raft.server.log.segment.cache.num.max = 2 (custom)
2023-01-30 12:43:45,622 [pool-71-thread-1] INFO  server.RaftServerConfigKeys (ConfUtils.java:logGet(46)) - raft.server.log.segment.cache.size.max = 200MB (=209715200) (default)
2023-01-30 12:43:45,622 [pool-71-thread-1] INFO  segmented.SegmentedRaftLogWorker (SegmentedRaftLogWorker.java:<init>(189)) - new c78ebe56-d058-4c98-bec9-45038831407a@group-ABE05E4780CB-SegmentedRaftLogWorker for RaftStorageImpl:Storage Directory /home/runner/work/ozone/ozone/hadoop-ozone/integration-test/target/test-dir/MiniOzoneClusterImpl-3373c666-e21d-449e-a922-fde15befd7fc/datanode-0/data/ratis/4a439987-e57b-44e4-ad7b-abe05e4780cb
2023-01-30 12:43:45,622 [pool-71-thread-1] INFO  server.RaftServerConfigKeys (ConfUtils.java:logGet(46)) - raft.server.log.queue.byte-limit = 4294967296 (custom)
2023-01-30 12:43:45,622 [pool-71-thread-1] INFO  server.RaftServerConfigKeys (ConfUtils.java:logGet(46)) - raft.server.log.queue.element-limit = 1024 (custom)
2023-01-30 12:43:45,622 [pool-71-thread-1] INFO  server.RaftServerConfigKeys (ConfUtils.java:logGet(46)) - raft.server.log.segment.size.max = 1048576 (custom)
2023-01-30 12:43:45,622 [pool-71-thread-1] INFO  server.RaftServerConfigKeys (ConfUtils.java:logGet(46)) - raft.server.log.preallocated.size = 16384 (custom)
2023-01-30 12:43:45,622 [pool-71-thread-1] INFO  server.RaftServerConfigKeys (ConfUtils.java:logGet(46)) - raft.server.log.force.sync.num = 128 (default)
2023-01-30 12:43:45,622 [pool-71-thread-1] INFO  server.RaftServerConfigKeys (ConfUtils.java:logGet(46)) - raft.server.log.statemachine.data.sync = true (default)
2023-01-30 12:43:45,622 [pool-71-thread-1] INFO  server.RaftServerConfigKeys (ConfUtils.java:logGet(46)) - raft.server.log.statemachine.data.sync.timeout = 10s (default)
2023-01-30 12:43:45,622 [pool-71-thread-1] INFO  server.RaftServerConfigKeys (ConfUtils.java:logGet(46)) - raft.server.log.statemachine.data.sync.timeout.retry = -1 (default)
2023-01-30 12:43:45,624 [pool-71-thread-1] INFO  server.RaftServerConfigKeys (ConfUtils.java:logGet(46)) - raft.server.log.write.buffer.size = 1048576 (custom)
2023-01-30 12:43:45,625 [pool-71-thread-1] INFO  server.RaftServerConfigKeys (ConfUtils.java:logGet(46)) - raft.server.log.appender.buffer.byte-limit = 33554432 (custom)
2023-01-30 12:43:45,628 [pool-71-thread-1] INFO  server.RaftServerConfigKeys (ConfUtils.java:logGet(46)) - raft.server.log.unsafe-flush.enabled = false (default)
2023-01-30 12:43:45,628 [pool-71-thread-1] INFO  server.RaftServerConfigKeys (ConfUtils.java:logGet(46)) - raft.server.log.async-flush.enabled = false (default)
2023-01-30 12:43:45,628 [pool-71-thread-1] INFO  server.RaftServerConfigKeys (ConfUtils.java:logGet(46)) - raft.server.log.statemachine.data.caching.enabled = true (custom)
2023-01-30 12:43:45,628 [pool-71-thread-1] INFO  segmented.SegmentedRaftLogWorker (SegmentedRaftLogWorker.java:lambda$new$0(135)) - c78ebe56-d058-4c98-bec9-45038831407a@group-ABE05E4780CB-SegmentedRaftLogWorker: flushIndex: setUnconditionally 0 -> -1
2023-01-30 12:43:45,628 [pool-71-thread-1] INFO  segmented.SegmentedRaftLogWorker (SegmentedRaftLogWorker.java:lambda$new$0(135)) - c78ebe56-d058-4c98-bec9-45038831407a@group-ABE05E4780CB-SegmentedRaftLogWorker: safeCacheEvictIndex: setUnconditionally 0 -> -1
2023-01-30 12:43:45,643 [EventQueue-PipelineReportForPipelineReportHandler] INFO  pipeline.PipelineManagerImpl (PipelineManagerImpl.java:openPipeline(367)) - Pipeline Pipeline[ Id: 4a439987-e57b-44e4-ad7b-abe05e4780cb, Nodes: c78ebe56-d058-4c98-bec9-45038831407a(fv-az186-393.qnicg3m0sonedg4msc5mrdkamh.cx.internal.cloudapp.net/10.1.0.50), ReplicationConfig: RATIS/ONE, State:ALLOCATED, leaderId:c78ebe56-d058-4c98-bec9-45038831407a, CreationTimestamp2023-01-30T12:43:42.610Z[Etc/UTC]] moved to OPEN state
2023-01-30 12:43:45,644 [pool-71-thread-1] INFO  server.RaftServer$Division (RaftServerImpl.java:start(334)) - c78ebe56-d058-4c98-bec9-45038831407a@group-ABE05E4780CB: start as a follower, conf=-1: peers:[c78ebe56-d058-4c98-bec9-45038831407a|rpc:10.1.0.50:44927|dataStream:10.1.0.50:43181|priority:1|startupRole:FOLLOWER]|listeners:[], old=null
2023-01-30 12:43:45,644 [pool-71-thread-1] INFO  server.RaftServer$Division (RaftServerImpl.java:setRole(321)) - c78ebe56-d058-4c98-bec9-45038831407a@group-ABE05E4780CB: changes role from      null to FOLLOWER at term 0 for startAsFollower
2023-01-30 12:43:45,645 [pool-71-thread-1] INFO  impl.RoleInfo (RoleInfo.java:updateAndGet(139)) - c78ebe56-d058-4c98-bec9-45038831407a: start c78ebe56-d058-4c98-bec9-45038831407a@group-ABE05E4780CB-FollowerState
2023-01-30 12:43:45,645 [pool-71-thread-1] INFO  util.JmxRegister (JmxRegister.java:tryRegister(44)) - Successfully registered JMX Bean with object name Ratis:service=RaftServer,group=group-ABE05E4780CB,id=c78ebe56-d058-4c98-bec9-45038831407a
2023-01-30 12:43:45,645 [pool-71-thread-1] INFO  server.RaftServerConfigKeys (ConfUtils.java:logGet(46)) - raft.server.snapshot.auto.trigger.enabled = true (custom)
2023-01-30 12:43:45,645 [pool-71-thread-1] INFO  server.RaftServerConfigKeys (ConfUtils.java:logGet(46)) - raft.server.snapshot.auto.trigger.threshold = 10000 (custom)
2023-01-30 12:43:45,645 [pool-71-thread-1] INFO  server.RaftServerConfigKeys (ConfUtils.java:logGet(46)) - raft.server.snapshot.retention.file.num = 5 (custom)
2023-01-30 12:43:45,645 [pool-71-thread-1] INFO  server.RaftServerConfigKeys (ConfUtils.java:logGet(46)) - raft.server.log.purge.upto.snapshot.index = false (default)
2023-01-30 12:43:45,653 [c78ebe56-d058-4c98-bec9-45038831407a@group-ABE05E4780CB-FollowerState] INFO  server.RaftServerConfigKeys (ConfUtils.java:logFallback(53)) - raft.server.rpc.first-election.timeout.min = 5s (fallback to raft.server.rpc.timeout.min)
2023-01-30 12:43:45,653 [c78ebe56-d058-4c98-bec9-45038831407a@group-ABE05E4780CB-FollowerState] INFO  server.RaftServerConfigKeys (ConfUtils.java:logFallback(53)) - raft.server.rpc.first-election.timeout.max = 5200ms (fallback to raft.server.rpc.timeout.max)
2023-01-30 12:43:45,653 [Command processor thread] INFO  ratis.XceiverServerRatis (XceiverServerRatis.java:addGroup(806)) - Created group PipelineID=4a439987-e57b-44e4-ad7b-abe05e4780cb
2023-01-30 12:43:45,654 [Command processor thread] INFO  commandhandler.CreatePipelineCommandHandler (CreatePipelineCommandHandler.java:handle(113)) - Created Pipeline RATIS ONE PipelineID=4a439987-e57b-44e4-ad7b-abe05e4780cb.
2023-01-30 12:43:45,654 [Command processor thread] INFO  server.RaftServer (RaftServerProxy.java:addNew(96)) - c78ebe56-d058-4c98-bec9-45038831407a: addNew group-A5180E5593EF:[a354ee2c-6c3e-4107-b9a9-2d7a8532b2a5|rpc:10.1.0.50:43337|dataStream:10.1.0.50:38877|priority:1|startupRole:FOLLOWER, 6d351c6b-99d3-43e7-8295-6decaaa133c4|rpc:10.1.0.50:32789|dataStream:10.1.0.50:44213|priority:0|startupRole:FOLLOWER, c78ebe56-d058-4c98-bec9-45038831407a|rpc:10.1.0.50:44927|dataStream:10.1.0.50:43181|priority:0|startupRole:FOLLOWER] returns group-A5180E5593EF:java.util.concurrent.CompletableFuture@28a71042[Not completed]
2023-01-30 12:43:45,657 [pool-71-thread-1] INFO  server.RaftServer$Division (RaftServerImpl.java:<init>(195)) - c78ebe56-d058-4c98-bec9-45038831407a: new RaftServerImpl for group-A5180E5593EF:[a354ee2c-6c3e-4107-b9a9-2d7a8532b2a5|rpc:10.1.0.50:43337|dataStream:10.1.0.50:38877|priority:1|startupRole:FOLLOWER, 6d351c6b-99d3-43e7-8295-6decaaa133c4|rpc:10.1.0.50:32789|dataStream:10.1.0.50:44213|priority:0|startupRole:FOLLOWER, c78ebe56-d058-4c98-bec9-45038831407a|rpc:10.1.0.50:44927|dataStream:10.1.0.50:43181|priority:0|startupRole:FOLLOWER] with ContainerStateMachine:uninitialized
2023-01-30 12:43:45,657 [pool-71-thread-1] INFO  server.RaftServerConfigKeys (ConfUtils.java:logGet(46)) - raft.server.rpc.timeout.min = 5s (custom)
2023-01-30 12:43:45,657 [pool-71-thread-1] INFO  server.RaftServerConfigKeys (ConfUtils.java:logGet(46)) - raft.server.rpc.timeout.max = 5200ms (custom)
2023-01-30 12:43:45,657 [pool-71-thread-1] INFO  server.RaftServerConfigKeys (ConfUtils.java:logGet(46)) - raft.server.rpc.sleep.time = 25ms (default)
2023-01-30 12:43:45,657 [EventQueue-OpenPipelineForHealthyPipelineSafeModeRule] INFO  safemode.SCMSafeModeManager (HealthyPipelineSafeModeRule.java:process(137)) - SCM in safe mode. Healthy pipelines reported count is 0, required healthy pipeline reported count is 1
2023-01-30 12:43:45,658 [pool-71-thread-1] INFO  server.RaftServerConfigKeys (ConfUtils.java:logGet(46)) - raft.server.rpc.slowness.timeout = 300s (custom)
2023-01-30 12:43:45,658 [pool-71-thread-1] INFO  server.RaftServerConfigKeys (ConfUtils.java:logGet(46)) - raft.server.leaderelection.leader.step-down.wait-time = 10s (default)
2023-01-30 12:43:45,658 [pool-71-thread-1] INFO  server.RaftServerConfigKeys (ConfUtils.java:logGet(46)) - raft.server.sleep.deviation.threshold = 300ms (default)
2023-01-30 12:43:45,658 [pool-71-thread-1] INFO  server.RaftServer$Division (ServerState.java:<init>(118)) - c78ebe56-d058-4c98-bec9-45038831407a@group-A5180E5593EF: ConfigurationManager, init=-1: peers:[a354ee2c-6c3e-4107-b9a9-2d7a8532b2a5|rpc:10.1.0.50:43337|dataStream:10.1.0.50:38877|priority:1|startupRole:FOLLOWER, 6d351c6b-99d3-43e7-8295-6decaaa133c4|rpc:10.1.0.50:32789|dataStream:10.1.0.50:44213|priority:0|startupRole:FOLLOWER, c78ebe56-d058-4c98-bec9-45038831407a|rpc:10.1.0.50:44927|dataStream:10.1.0.50:43181|priority:0|startupRole:FOLLOWER]|listeners:[], old=null, confs=<EMPTY_MAP>
2023-01-30 12:43:45,658 [pool-71-thread-1] INFO  server.RaftServerConfigKeys (ConfUtils.java:logGet(46)) - raft.server.storage.dir = [/home/runner/work/ozone/ozone/hadoop-ozone/integration-test/target/test-dir/MiniOzoneClusterImpl-3373c666-e21d-449e-a922-fde15befd7fc/datanode-0/data/ratis] (custom)
2023-01-30 12:43:45,658 [pool-71-thread-1] INFO  server.RaftServerConfigKeys (ConfUtils.java:logGet(46)) - raft.server.log.corruption.policy = EXCEPTION (default)
2023-01-30 12:43:45,659 [pool-71-thread-1] INFO  server.RaftServerConfigKeys (ConfUtils.java:logGet(46)) - raft.server.storage.free-space.min = 0MB (=0) (default)
2023-01-30 12:43:45,659 [pool-71-thread-1] INFO  server.RaftServerConfigKeys (ConfUtils.java:logGet(46)) - raft.server.notification.no-leader.timeout = 300s (custom)
2023-01-30 12:43:45,659 [pool-71-thread-1] INFO  server.RaftServerConfigKeys (ConfUtils.java:logGet(46)) - raft.server.retrycache.expirytime = 600000ms (custom)
2023-01-30 12:43:45,660 [pool-71-thread-1] INFO  server.RaftServerConfigKeys (ConfUtils.java:logGet(46)) - raft.server.retrycache.statistics.expirytime = 100μs (default)
2023-01-30 12:43:45,667 [pool-71-thread-1] INFO  server.RaftServerConfigKeys (ConfUtils.java:logGet(46)) - raft.server.log.appender.install.snapshot.enabled = false (custom)
2023-01-30 12:43:45,667 [pool-71-thread-1] INFO  server.RaftServerConfigKeys (ConfUtils.java:logGet(46)) - raft.server.threadpool.server.cached = true (default)
2023-01-30 12:43:45,667 [pool-71-thread-1] INFO  server.RaftServerConfigKeys (ConfUtils.java:logGet(46)) - raft.server.threadpool.server.size = 0 (default)
2023-01-30 12:43:45,667 [pool-71-thread-1] INFO  server.RaftServerConfigKeys (ConfUtils.java:logGet(46)) - raft.server.threadpool.client.cached = true (default)
2023-01-30 12:43:45,667 [pool-71-thread-1] INFO  server.RaftServerConfigKeys (ConfUtils.java:logGet(46)) - raft.server.threadpool.client.size = 0 (default)
2023-01-30 12:43:45,667 [pool-71-thread-1] INFO  storage.RaftStorageDirectory (RaftStorageDirectoryImpl.java:analyzeStorage(137)) - The storage directory /home/runner/work/ozone/ozone/hadoop-ozone/integration-test/target/test-dir/MiniOzoneClusterImpl-3373c666-e21d-449e-a922-fde15befd7fc/datanode-0/data/ratis/aa7f2397-8d4c-4c7d-9337-a5180e5593ef does not exist. Creating ...
2023-01-30 12:43:45,671 [pool-71-thread-1] INFO  storage.RaftStorageDirectory (RaftStorageDirectoryImpl.java:tryLock(231)) - Lock on /home/runner/work/ozone/ozone/hadoop-ozone/integration-test/target/test-dir/MiniOzoneClusterImpl-3373c666-e21d-449e-a922-fde15befd7fc/datanode-0/data/ratis/aa7f2397-8d4c-4c7d-9337-a5180e5593ef/in_use.lock acquired by nodename 58968@fv-az186-393
2023-01-30 12:43:45,674 [pool-71-thread-1] INFO  storage.RaftStorage (RaftStorageImpl.java:format(96)) - Storage directory /home/runner/work/ozone/ozone/hadoop-ozone/integration-test/target/test-dir/MiniOzoneClusterImpl-3373c666-e21d-449e-a922-fde15befd7fc/datanode-0/data/ratis/aa7f2397-8d4c-4c7d-9337-a5180e5593ef has been successfully formatted.
2023-01-30 12:43:45,674 [pool-71-thread-1] INFO  ratis.ContainerStateMachine (ContainerStateMachine.java:loadSnapshot(240)) - group-A5180E5593EF: The snapshot info is null. Setting the last applied indexto:(t:0, i:~)
2023-01-30 12:43:45,674 [pool-71-thread-1] INFO  server.RaftServerConfigKeys (ConfUtils.java:logGet(46)) - raft.server.log.use.memory = false (default)
2023-01-30 12:43:45,676 [pool-71-thread-1] INFO  server.RaftServerConfigKeys (ConfUtils.java:logGet(46)) - raft.server.log.purge.gap = 1000000 (custom)
2023-01-30 12:43:45,676 [pool-71-thread-1] INFO  server.RaftServerConfigKeys (ConfUtils.java:logGet(46)) - raft.server.log.appender.buffer.byte-limit = 33554432 (custom)
2023-01-30 12:43:45,676 [pool-71-thread-1] INFO  server.RaftServerConfigKeys (ConfUtils.java:logGet(46)) - raft.server.log.statemachine.data.read.timeout = 1000ms (default)
2023-01-30 12:43:45,676 [pool-71-thread-1] INFO  server.RaftServerConfigKeys (ConfUtils.java:logGet(46)) - raft.server.log.purge.preservation.log.num = 0 (default)
2023-01-30 12:43:45,676 [pool-71-thread-1] INFO  server.RaftServerConfigKeys (ConfUtils.java:logGet(46)) - raft.server.log.segment.size.max = 1048576 (custom)
2023-01-30 12:43:45,676 [EventQueue-OpenPipelineForHealthyPipelineSafeModeRule] INFO  safemode.SCMSafeModeManager (HealthyPipelineSafeModeRule.java:process(137)) - SCM in safe mode. Healthy pipelines reported count is 0, required healthy pipeline reported count is 1
2023-01-30 12:43:45,678 [pool-71-thread-1] INFO  server.RaftServerConfigKeys (ConfUtils.java:logGet(46)) - raft.server.log.segment.cache.num.max = 2 (custom)
2023-01-30 12:43:45,678 [pool-71-thread-1] INFO  server.RaftServerConfigKeys (ConfUtils.java:logGet(46)) - raft.server.log.segment.cache.size.max = 200MB (=209715200) (default)
2023-01-30 12:43:45,678 [pool-71-thread-1] INFO  segmented.SegmentedRaftLogWorker (SegmentedRaftLogWorker.java:<init>(189)) - new c78ebe56-d058-4c98-bec9-45038831407a@group-A5180E5593EF-SegmentedRaftLogWorker for RaftStorageImpl:Storage Directory /home/runner/work/ozone/ozone/hadoop-ozone/integration-test/target/test-dir/MiniOzoneClusterImpl-3373c666-e21d-449e-a922-fde15befd7fc/datanode-0/data/ratis/aa7f2397-8d4c-4c7d-9337-a5180e5593ef
2023-01-30 12:43:45,678 [pool-71-thread-1] INFO  server.RaftServerConfigKeys (ConfUtils.java:logGet(46)) - raft.server.log.queue.byte-limit = 4294967296 (custom)
2023-01-30 12:43:45,678 [pool-71-thread-1] INFO  server.RaftServerConfigKeys (ConfUtils.java:logGet(46)) - raft.server.log.queue.element-limit = 1024 (custom)
2023-01-30 12:43:45,678 [pool-71-thread-1] INFO  server.RaftServerConfigKeys (ConfUtils.java:logGet(46)) - raft.server.log.segment.size.max = 1048576 (custom)
2023-01-30 12:43:45,678 [pool-71-thread-1] INFO  server.RaftServerConfigKeys (ConfUtils.java:logGet(46)) - raft.server.log.preallocated.size = 16384 (custom)
2023-01-30 12:43:45,678 [pool-71-thread-1] INFO  server.RaftServerConfigKeys (ConfUtils.java:logGet(46)) - raft.server.log.force.sync.num = 128 (default)
2023-01-30 12:43:45,678 [pool-71-thread-1] INFO  server.RaftServerConfigKeys (ConfUtils.java:logGet(46)) - raft.server.log.statemachine.data.sync = true (default)
2023-01-30 12:43:45,678 [pool-71-thread-1] INFO  server.RaftServerConfigKeys (ConfUtils.java:logGet(46)) - raft.server.log.statemachine.data.sync.timeout = 10s (default)
2023-01-30 12:43:45,678 [pool-71-thread-1] INFO  server.RaftServerConfigKeys (ConfUtils.java:logGet(46)) - raft.server.log.statemachine.data.sync.timeout.retry = -1 (default)
2023-01-30 12:43:45,679 [pool-71-thread-1] INFO  server.RaftServerConfigKeys (ConfUtils.java:logGet(46)) - raft.server.log.write.buffer.size = 1048576 (custom)
2023-01-30 12:43:45,680 [pool-71-thread-1] INFO  server.RaftServerConfigKeys (ConfUtils.java:logGet(46)) - raft.server.log.appender.buffer.byte-limit = 33554432 (custom)
2023-01-30 12:43:45,683 [pool-71-thread-1] INFO  server.RaftServerConfigKeys (ConfUtils.java:logGet(46)) - raft.server.log.unsafe-flush.enabled = false (default)
2023-01-30 12:43:45,683 [pool-71-thread-1] INFO  server.RaftServerConfigKeys (ConfUtils.java:logGet(46)) - raft.server.log.async-flush.enabled = false (default)
2023-01-30 12:43:45,683 [pool-71-thread-1] INFO  server.RaftServerConfigKeys (ConfUtils.java:logGet(46)) - raft.server.log.statemachine.data.caching.enabled = true (custom)
2023-01-30 12:43:45,683 [pool-71-thread-1] INFO  segmented.SegmentedRaftLogWorker (SegmentedRaftLogWorker.java:lambda$new$0(135)) - c78ebe56-d058-4c98-bec9-45038831407a@group-A5180E5593EF-SegmentedRaftLogWorker: flushIndex: setUnconditionally 0 -> -1
2023-01-30 12:43:45,683 [pool-71-thread-1] INFO  segmented.SegmentedRaftLogWorker (SegmentedRaftLogWorker.java:lambda$new$0(135)) - c78ebe56-d058-4c98-bec9-45038831407a@group-A5180E5593EF-SegmentedRaftLogWorker: safeCacheEvictIndex: setUnconditionally 0 -> -1
2023-01-30 12:43:45,687 [pool-71-thread-1] INFO  server.RaftServer$Division (RaftServerImpl.java:start(334)) - c78ebe56-d058-4c98-bec9-45038831407a@group-A5180E5593EF: start as a follower, conf=-1: peers:[a354ee2c-6c3e-4107-b9a9-2d7a8532b2a5|rpc:10.1.0.50:43337|dataStream:10.1.0.50:38877|priority:1|startupRole:FOLLOWER, 6d351c6b-99d3-43e7-8295-6decaaa133c4|rpc:10.1.0.50:32789|dataStream:10.1.0.50:44213|priority:0|startupRole:FOLLOWER, c78ebe56-d058-4c98-bec9-45038831407a|rpc:10.1.0.50:44927|dataStream:10.1.0.50:43181|priority:0|startupRole:FOLLOWER]|listeners:[], old=null
2023-01-30 12:43:45,687 [pool-71-thread-1] INFO  server.RaftServer$Division (RaftServerImpl.java:setRole(321)) - c78ebe56-d058-4c98-bec9-45038831407a@group-A5180E5593EF: changes role from      null to FOLLOWER at term 0 for startAsFollower
2023-01-30 12:43:45,687 [pool-71-thread-1] INFO  impl.RoleInfo (RoleInfo.java:updateAndGet(139)) - c78ebe56-d058-4c98-bec9-45038831407a: start c78ebe56-d058-4c98-bec9-45038831407a@group-A5180E5593EF-FollowerState
2023-01-30 12:43:45,687 [c78ebe56-d058-4c98-bec9-45038831407a@group-A5180E5593EF-FollowerState] INFO  server.RaftServerConfigKeys (ConfUtils.java:logFallback(53)) - raft.server.rpc.first-election.timeout.min = 5s (fallback to raft.server.rpc.timeout.min)
2023-01-30 12:43:45,687 [pool-71-thread-1] INFO  util.JmxRegister (JmxRegister.java:tryRegister(44)) - Successfully registered JMX Bean with object name Ratis:service=RaftServer,group=group-A5180E5593EF,id=c78ebe56-d058-4c98-bec9-45038831407a
2023-01-30 12:43:45,688 [c78ebe56-d058-4c98-bec9-45038831407a@group-A5180E5593EF-FollowerState] INFO  server.RaftServerConfigKeys (ConfUtils.java:logFallback(53)) - raft.server.rpc.first-election.timeout.max = 5200ms (fallback to raft.server.rpc.timeout.max)
2023-01-30 12:43:45,689 [pool-71-thread-1] INFO  server.RaftServerConfigKeys (ConfUtils.java:logGet(46)) - raft.server.snapshot.auto.trigger.enabled = true (custom)
2023-01-30 12:43:45,689 [pool-71-thread-1] INFO  server.RaftServerConfigKeys (ConfUtils.java:logGet(46)) - raft.server.snapshot.auto.trigger.threshold = 10000 (custom)
2023-01-30 12:43:45,689 [pool-71-thread-1] INFO  server.RaftServerConfigKeys (ConfUtils.java:logGet(46)) - raft.server.snapshot.retention.file.num = 5 (custom)
2023-01-30 12:43:45,689 [pool-71-thread-1] INFO  server.RaftServerConfigKeys (ConfUtils.java:logGet(46)) - raft.server.log.purge.upto.snapshot.index = false (default)
2023-01-30 12:43:45,692 [Command processor thread] INFO  ratis.XceiverServerRatis (XceiverServerRatis.java:addGroup(806)) - Created group PipelineID=aa7f2397-8d4c-4c7d-9337-a5180e5593ef
2023-01-30 12:43:45,976 [Listener at 127.0.0.1/45319] INFO  ozone.MiniOzoneClusterImpl (MiniOzoneClusterImpl.java:lambda$waitForClusterToBeReady$0(218)) - Nodes are ready. Got 7 of 7 DN Heartbeats.
2023-01-30 12:43:45,976 [Listener at 127.0.0.1/45319] INFO  ozone.MiniOzoneClusterImpl (MiniOzoneClusterImpl.java:lambda$waitForClusterToBeReady$0(221)) - Waiting for cluster to exit safe mode
2023-01-30 12:43:45,976 [Listener at 127.0.0.1/45319] INFO  ozone.MiniOzoneClusterImpl (MiniOzoneClusterImpl.java:lambda$waitForClusterToBeReady$0(223)) - SCM became leader
2023-01-30 12:43:46,099 [Command processor thread] INFO  server.RaftServer (RaftServerProxy.java:addNew(96)) - a354ee2c-6c3e-4107-b9a9-2d7a8532b2a5: addNew group-28B16C9AD676:[a354ee2c-6c3e-4107-b9a9-2d7a8532b2a5|rpc:10.1.0.50:43337|dataStream:10.1.0.50:38877|priority:1|startupRole:FOLLOWER] returns group-28B16C9AD676:java.util.concurrent.CompletableFuture@20f2920e[Not completed]
2023-01-30 12:43:46,110 [pool-93-thread-1] INFO  server.RaftServer$Division (RaftServerImpl.java:<init>(195)) - a354ee2c-6c3e-4107-b9a9-2d7a8532b2a5: new RaftServerImpl for group-28B16C9AD676:[a354ee2c-6c3e-4107-b9a9-2d7a8532b2a5|rpc:10.1.0.50:43337|dataStream:10.1.0.50:38877|priority:1|startupRole:FOLLOWER] with ContainerStateMachine:uninitialized
2023-01-30 12:43:46,110 [pool-93-thread-1] INFO  server.RaftServerConfigKeys (ConfUtils.java:logGet(46)) - raft.server.rpc.timeout.min = 5s (custom)
2023-01-30 12:43:46,110 [pool-93-thread-1] INFO  server.RaftServerConfigKeys (ConfUtils.java:logGet(46)) - raft.server.rpc.timeout.max = 5200ms (custom)
2023-01-30 12:43:46,110 [pool-93-thread-1] INFO  server.RaftServerConfigKeys (ConfUtils.java:logGet(46)) - raft.server.rpc.sleep.time = 25ms (default)
2023-01-30 12:43:46,110 [pool-93-thread-1] INFO  server.RaftServerConfigKeys (ConfUtils.java:logGet(46)) - raft.server.rpc.slowness.timeout = 300s (custom)
2023-01-30 12:43:46,110 [pool-93-thread-1] INFO  server.RaftServerConfigKeys (ConfUtils.java:logGet(46)) - raft.server.leaderelection.leader.step-down.wait-time = 10s (default)
2023-01-30 12:43:46,110 [pool-93-thread-1] INFO  server.RaftServerConfigKeys (ConfUtils.java:logGet(46)) - raft.server.sleep.deviation.threshold = 300ms (default)
2023-01-30 12:43:46,110 [pool-93-thread-1] INFO  server.RaftServer$Division (ServerState.java:<init>(118)) - a354ee2c-6c3e-4107-b9a9-2d7a8532b2a5@group-28B16C9AD676: ConfigurationManager, init=-1: peers:[a354ee2c-6c3e-4107-b9a9-2d7a8532b2a5|rpc:10.1.0.50:43337|dataStream:10.1.0.50:38877|priority:1|startupRole:FOLLOWER]|listeners:[], old=null, confs=<EMPTY_MAP>
2023-01-30 12:43:46,110 [pool-93-thread-1] INFO  server.RaftServerConfigKeys (ConfUtils.java:logGet(46)) - raft.server.storage.dir = [/home/runner/work/ozone/ozone/hadoop-ozone/integration-test/target/test-dir/MiniOzoneClusterImpl-3373c666-e21d-449e-a922-fde15befd7fc/datanode-1/data/ratis] (custom)
2023-01-30 12:43:46,110 [pool-93-thread-1] INFO  server.RaftServerConfigKeys (ConfUtils.java:logGet(46)) - raft.server.log.corruption.policy = EXCEPTION (default)
2023-01-30 12:43:46,110 [pool-93-thread-1] INFO  server.RaftServerConfigKeys (ConfUtils.java:logGet(46)) - raft.server.storage.free-space.min = 0MB (=0) (default)
2023-01-30 12:43:46,111 [pool-93-thread-1] INFO  server.RaftServerConfigKeys (ConfUtils.java:logGet(46)) - raft.server.notification.no-leader.timeout = 300s (custom)
2023-01-30 12:43:46,111 [pool-93-thread-1] INFO  server.RaftServerConfigKeys (ConfUtils.java:logGet(46)) - raft.server.retrycache.expirytime = 600000ms (custom)
2023-01-30 12:43:46,111 [pool-93-thread-1] INFO  server.RaftServerConfigKeys (ConfUtils.java:logGet(46)) - raft.server.retrycache.statistics.expirytime = 100μs (default)
2023-01-30 12:43:46,119 [pool-93-thread-1] INFO  server.RaftServerConfigKeys (ConfUtils.java:logGet(46)) - raft.server.log.appender.install.snapshot.enabled = false (custom)
2023-01-30 12:43:46,119 [pool-93-thread-1] INFO  server.RaftServerConfigKeys (ConfUtils.java:logGet(46)) - raft.server.threadpool.server.cached = true (default)
2023-01-30 12:43:46,120 [pool-93-thread-1] INFO  server.RaftServerConfigKeys (ConfUtils.java:logGet(46)) - raft.server.threadpool.server.size = 0 (default)
2023-01-30 12:43:46,120 [pool-93-thread-1] INFO  server.RaftServerConfigKeys (ConfUtils.java:logGet(46)) - raft.server.threadpool.client.cached = true (default)
2023-01-30 12:43:46,120 [pool-93-thread-1] INFO  server.RaftServerConfigKeys (ConfUtils.java:logGet(46)) - raft.server.threadpool.client.size = 0 (default)
2023-01-30 12:43:46,120 [pool-93-thread-1] INFO  storage.RaftStorageDirectory (RaftStorageDirectoryImpl.java:analyzeStorage(137)) - The storage directory /home/runner/work/ozone/ozone/hadoop-ozone/integration-test/target/test-dir/MiniOzoneClusterImpl-3373c666-e21d-449e-a922-fde15befd7fc/datanode-1/data/ratis/c8832492-9246-445c-8df8-28b16c9ad676 does not exist. Creating ...
2023-01-30 12:43:46,122 [pool-93-thread-1] INFO  storage.RaftStorageDirectory (RaftStorageDirectoryImpl.java:tryLock(231)) - Lock on /home/runner/work/ozone/ozone/hadoop-ozone/integration-test/target/test-dir/MiniOzoneClusterImpl-3373c666-e21d-449e-a922-fde15befd7fc/datanode-1/data/ratis/c8832492-9246-445c-8df8-28b16c9ad676/in_use.lock acquired by nodename 58968@fv-az186-393
2023-01-30 12:43:46,125 [pool-93-thread-1] INFO  storage.RaftStorage (RaftStorageImpl.java:format(96)) - Storage directory /home/runner/work/ozone/ozone/hadoop-ozone/integration-test/target/test-dir/MiniOzoneClusterImpl-3373c666-e21d-449e-a922-fde15befd7fc/datanode-1/data/ratis/c8832492-9246-445c-8df8-28b16c9ad676 has been successfully formatted.
2023-01-30 12:43:46,126 [pool-93-thread-1] INFO  ratis.ContainerStateMachine (ContainerStateMachine.java:loadSnapshot(240)) - group-28B16C9AD676: The snapshot info is null. Setting the last applied indexto:(t:0, i:~)
2023-01-30 12:43:46,129 [EventQueue-PipelineReportForPipelineReportHandler] INFO  pipeline.PipelineManagerImpl (PipelineManagerImpl.java:openPipeline(367)) - Pipeline Pipeline[ Id: c8832492-9246-445c-8df8-28b16c9ad676, Nodes: a354ee2c-6c3e-4107-b9a9-2d7a8532b2a5(fv-az186-393.qnicg3m0sonedg4msc5mrdkamh.cx.internal.cloudapp.net/10.1.0.50), ReplicationConfig: RATIS/ONE, State:ALLOCATED, leaderId:a354ee2c-6c3e-4107-b9a9-2d7a8532b2a5, CreationTimestamp2023-01-30T12:43:43.105Z[Etc/UTC]] moved to OPEN state
2023-01-30 12:43:46,129 [EventQueue-OpenPipelineForHealthyPipelineSafeModeRule] INFO  safemode.SCMSafeModeManager (HealthyPipelineSafeModeRule.java:process(137)) - SCM in safe mode. Healthy pipelines reported count is 0, required healthy pipeline reported count is 1
2023-01-30 12:43:46,129 [pool-93-thread-1] INFO  server.RaftServerConfigKeys (ConfUtils.java:logGet(46)) - raft.server.log.use.memory = false (default)
2023-01-30 12:43:46,130 [pool-93-thread-1] INFO  server.RaftServerConfigKeys (ConfUtils.java:logGet(46)) - raft.server.log.purge.gap = 1000000 (custom)
2023-01-30 12:43:46,130 [pool-93-thread-1] INFO  server.RaftServerConfigKeys (ConfUtils.java:logGet(46)) - raft.server.log.appender.buffer.byte-limit = 33554432 (custom)
2023-01-30 12:43:46,130 [pool-93-thread-1] INFO  server.RaftServerConfigKeys (ConfUtils.java:logGet(46)) - raft.server.log.statemachine.data.read.timeout = 1000ms (default)
2023-01-30 12:43:46,130 [pool-93-thread-1] INFO  server.RaftServerConfigKeys (ConfUtils.java:logGet(46)) - raft.server.log.purge.preservation.log.num = 0 (default)
2023-01-30 12:43:46,130 [pool-93-thread-1] INFO  server.RaftServerConfigKeys (ConfUtils.java:logGet(46)) - raft.server.log.segment.size.max = 1048576 (custom)
2023-01-30 12:43:46,130 [pool-93-thread-1] INFO  server.RaftServerConfigKeys (ConfUtils.java:logGet(46)) - raft.server.log.segment.cache.num.max = 2 (custom)
2023-01-30 12:43:46,137 [pool-93-thread-1] INFO  server.RaftServerConfigKeys (ConfUtils.java:logGet(46)) - raft.server.log.segment.cache.size.max = 200MB (=209715200) (default)
2023-01-30 12:43:46,137 [pool-93-thread-1] INFO  segmented.SegmentedRaftLogWorker (SegmentedRaftLogWorker.java:<init>(189)) - new a354ee2c-6c3e-4107-b9a9-2d7a8532b2a5@group-28B16C9AD676-SegmentedRaftLogWorker for RaftStorageImpl:Storage Directory /home/runner/work/ozone/ozone/hadoop-ozone/integration-test/target/test-dir/MiniOzoneClusterImpl-3373c666-e21d-449e-a922-fde15befd7fc/datanode-1/data/ratis/c8832492-9246-445c-8df8-28b16c9ad676
2023-01-30 12:43:46,137 [pool-93-thread-1] INFO  server.RaftServerConfigKeys (ConfUtils.java:logGet(46)) - raft.server.log.queue.byte-limit = 4294967296 (custom)
2023-01-30 12:43:46,137 [pool-93-thread-1] INFO  server.RaftServerConfigKeys (ConfUtils.java:logGet(46)) - raft.server.log.queue.element-limit = 1024 (custom)
2023-01-30 12:43:46,137 [pool-93-thread-1] INFO  server.RaftServerConfigKeys (ConfUtils.java:logGet(46)) - raft.server.log.segment.size.max = 1048576 (custom)
2023-01-30 12:43:46,137 [pool-93-thread-1] INFO  server.RaftServerConfigKeys (ConfUtils.java:logGet(46)) - raft.server.log.preallocated.size = 16384 (custom)
2023-01-30 12:43:46,137 [pool-93-thread-1] INFO  server.RaftServerConfigKeys (ConfUtils.java:logGet(46)) - raft.server.log.force.sync.num = 128 (default)
2023-01-30 12:43:46,137 [pool-93-thread-1] INFO  server.RaftServerConfigKeys (ConfUtils.java:logGet(46)) - raft.server.log.statemachine.data.sync = true (default)
2023-01-30 12:43:46,137 [pool-93-thread-1] INFO  server.RaftServerConfigKeys (ConfUtils.java:logGet(46)) - raft.server.log.statemachine.data.sync.timeout = 10s (default)
2023-01-30 12:43:46,137 [pool-93-thread-1] INFO  server.RaftServerConfigKeys (ConfUtils.java:logGet(46)) - raft.server.log.statemachine.data.sync.timeout.retry = -1 (default)
2023-01-30 12:43:46,142 [pool-93-thread-1] INFO  server.RaftServerConfigKeys (ConfUtils.java:logGet(46)) - raft.server.log.write.buffer.size = 1048576 (custom)
2023-01-30 12:43:46,144 [pool-93-thread-1] INFO  server.RaftServerConfigKeys (ConfUtils.java:logGet(46)) - raft.server.log.appender.buffer.byte-limit = 33554432 (custom)
2023-01-30 12:43:46,147 [pool-93-thread-1] INFO  server.RaftServerConfigKeys (ConfUtils.java:logGet(46)) - raft.server.log.unsafe-flush.enabled = false (default)
2023-01-30 12:43:46,147 [pool-93-thread-1] INFO  server.RaftServerConfigKeys (ConfUtils.java:logGet(46)) - raft.server.log.async-flush.enabled = false (default)
2023-01-30 12:43:46,147 [pool-93-thread-1] INFO  server.RaftServerConfigKeys (ConfUtils.java:logGet(46)) - raft.server.log.statemachine.data.caching.enabled = true (custom)
2023-01-30 12:43:46,147 [pool-93-thread-1] INFO  segmented.SegmentedRaftLogWorker (SegmentedRaftLogWorker.java:lambda$new$0(135)) - a354ee2c-6c3e-4107-b9a9-2d7a8532b2a5@group-28B16C9AD676-SegmentedRaftLogWorker: flushIndex: setUnconditionally 0 -> -1
2023-01-30 12:43:46,147 [pool-93-thread-1] INFO  segmented.SegmentedRaftLogWorker (SegmentedRaftLogWorker.java:lambda$new$0(135)) - a354ee2c-6c3e-4107-b9a9-2d7a8532b2a5@group-28B16C9AD676-SegmentedRaftLogWorker: safeCacheEvictIndex: setUnconditionally 0 -> -1
2023-01-30 12:43:46,147 [pool-93-thread-1] INFO  server.RaftServer$Division (RaftServerImpl.java:start(334)) - a354ee2c-6c3e-4107-b9a9-2d7a8532b2a5@group-28B16C9AD676: start as a follower, conf=-1: peers:[a354ee2c-6c3e-4107-b9a9-2d7a8532b2a5|rpc:10.1.0.50:43337|dataStream:10.1.0.50:38877|priority:1|startupRole:FOLLOWER]|listeners:[], old=null
2023-01-30 12:43:46,147 [pool-93-thread-1] INFO  server.RaftServer$Division (RaftServerImpl.java:setRole(321)) - a354ee2c-6c3e-4107-b9a9-2d7a8532b2a5@group-28B16C9AD676: changes role from      null to FOLLOWER at term 0 for startAsFollower
2023-01-30 12:43:46,147 [pool-93-thread-1] INFO  impl.RoleInfo (RoleInfo.java:updateAndGet(139)) - a354ee2c-6c3e-4107-b9a9-2d7a8532b2a5: start a354ee2c-6c3e-4107-b9a9-2d7a8532b2a5@group-28B16C9AD676-FollowerState
2023-01-30 12:43:46,148 [pool-93-thread-1] INFO  util.JmxRegister (JmxRegister.java:tryRegister(44)) - Successfully registered JMX Bean with object name Ratis:service=RaftServer,group=group-28B16C9AD676,id=a354ee2c-6c3e-4107-b9a9-2d7a8532b2a5
2023-01-30 12:43:46,148 [pool-93-thread-1] INFO  server.RaftServerConfigKeys (ConfUtils.java:logGet(46)) - raft.server.snapshot.auto.trigger.enabled = true (custom)
2023-01-30 12:43:46,148 [pool-93-thread-1] INFO  server.RaftServerConfigKeys (ConfUtils.java:logGet(46)) - raft.server.snapshot.auto.trigger.threshold = 10000 (custom)
2023-01-30 12:43:46,149 [pool-93-thread-1] INFO  server.RaftServerConfigKeys (ConfUtils.java:logGet(46)) - raft.server.snapshot.retention.file.num = 5 (custom)
2023-01-30 12:43:46,149 [pool-93-thread-1] INFO  server.RaftServerConfigKeys (ConfUtils.java:logGet(46)) - raft.server.log.purge.upto.snapshot.index = false (default)
2023-01-30 12:43:46,154 [Command processor thread] INFO  ratis.XceiverServerRatis (XceiverServerRatis.java:addGroup(806)) - Created group PipelineID=c8832492-9246-445c-8df8-28b16c9ad676
2023-01-30 12:43:46,154 [Command processor thread] INFO  commandhandler.CreatePipelineCommandHandler (CreatePipelineCommandHandler.java:handle(113)) - Created Pipeline RATIS ONE PipelineID=c8832492-9246-445c-8df8-28b16c9ad676.
2023-01-30 12:43:46,160 [a354ee2c-6c3e-4107-b9a9-2d7a8532b2a5@group-28B16C9AD676-FollowerState] INFO  server.RaftServerConfigKeys (ConfUtils.java:logFallback(53)) - raft.server.rpc.first-election.timeout.min = 5s (fallback to raft.server.rpc.timeout.min)
2023-01-30 12:43:46,161 [a354ee2c-6c3e-4107-b9a9-2d7a8532b2a5@group-28B16C9AD676-FollowerState] INFO  server.RaftServerConfigKeys (ConfUtils.java:logFallback(53)) - raft.server.rpc.first-election.timeout.max = 5200ms (fallback to raft.server.rpc.timeout.max)
2023-01-30 12:43:46,161 [Command processor thread] INFO  server.RaftServer (RaftServerProxy.java:addNew(96)) - a354ee2c-6c3e-4107-b9a9-2d7a8532b2a5: addNew group-A5180E5593EF:[a354ee2c-6c3e-4107-b9a9-2d7a8532b2a5|rpc:10.1.0.50:43337|dataStream:10.1.0.50:38877|priority:1|startupRole:FOLLOWER, 6d351c6b-99d3-43e7-8295-6decaaa133c4|rpc:10.1.0.50:32789|dataStream:10.1.0.50:44213|priority:0|startupRole:FOLLOWER, c78ebe56-d058-4c98-bec9-45038831407a|rpc:10.1.0.50:44927|dataStream:10.1.0.50:43181|priority:0|startupRole:FOLLOWER] returns group-A5180E5593EF:java.util.concurrent.CompletableFuture@24cd12c8[Not completed]
2023-01-30 12:43:46,162 [pool-93-thread-1] INFO  server.RaftServer$Division (RaftServerImpl.java:<init>(195)) - a354ee2c-6c3e-4107-b9a9-2d7a8532b2a5: new RaftServerImpl for group-A5180E5593EF:[a354ee2c-6c3e-4107-b9a9-2d7a8532b2a5|rpc:10.1.0.50:43337|dataStream:10.1.0.50:38877|priority:1|startupRole:FOLLOWER, 6d351c6b-99d3-43e7-8295-6decaaa133c4|rpc:10.1.0.50:32789|dataStream:10.1.0.50:44213|priority:0|startupRole:FOLLOWER, c78ebe56-d058-4c98-bec9-45038831407a|rpc:10.1.0.50:44927|dataStream:10.1.0.50:43181|priority:0|startupRole:FOLLOWER] with ContainerStateMachine:uninitialized
2023-01-30 12:43:46,162 [pool-93-thread-1] INFO  server.RaftServerConfigKeys (ConfUtils.java:logGet(46)) - raft.server.rpc.timeout.min = 5s (custom)
2023-01-30 12:43:46,162 [pool-93-thread-1] INFO  server.RaftServerConfigKeys (ConfUtils.java:logGet(46)) - raft.server.rpc.timeout.max = 5200ms (custom)
2023-01-30 12:43:46,162 [pool-93-thread-1] INFO  server.RaftServerConfigKeys (ConfUtils.java:logGet(46)) - raft.server.rpc.sleep.time = 25ms (default)
2023-01-30 12:43:46,162 [pool-93-thread-1] INFO  server.RaftServerConfigKeys (ConfUtils.java:logGet(46)) - raft.server.rpc.slowness.timeout = 300s (custom)
2023-01-30 12:43:46,162 [pool-93-thread-1] INFO  server.RaftServerConfigKeys (ConfUtils.java:logGet(46)) - raft.server.leaderelection.leader.step-down.wait-time = 10s (default)
2023-01-30 12:43:46,162 [pool-93-thread-1] INFO  server.RaftServerConfigKeys (ConfUtils.java:logGet(46)) - raft.server.sleep.deviation.threshold = 300ms (default)
2023-01-30 12:43:46,162 [pool-93-thread-1] INFO  server.RaftServer$Division (ServerState.java:<init>(118)) - a354ee2c-6c3e-4107-b9a9-2d7a8532b2a5@group-A5180E5593EF: ConfigurationManager, init=-1: peers:[a354ee2c-6c3e-4107-b9a9-2d7a8532b2a5|rpc:10.1.0.50:43337|dataStream:10.1.0.50:38877|priority:1|startupRole:FOLLOWER, 6d351c6b-99d3-43e7-8295-6decaaa133c4|rpc:10.1.0.50:32789|dataStream:10.1.0.50:44213|priority:0|startupRole:FOLLOWER, c78ebe56-d058-4c98-bec9-45038831407a|rpc:10.1.0.50:44927|dataStream:10.1.0.50:43181|priority:0|startupRole:FOLLOWER]|listeners:[], old=null, confs=<EMPTY_MAP>
2023-01-30 12:43:46,162 [pool-93-thread-1] INFO  server.RaftServerConfigKeys (ConfUtils.java:logGet(46)) - raft.server.storage.dir = [/home/runner/work/ozone/ozone/hadoop-ozone/integration-test/target/test-dir/MiniOzoneClusterImpl-3373c666-e21d-449e-a922-fde15befd7fc/datanode-1/data/ratis] (custom)
2023-01-30 12:43:46,162 [pool-93-thread-1] INFO  server.RaftServerConfigKeys (ConfUtils.java:logGet(46)) - raft.server.log.corruption.policy = EXCEPTION (default)
2023-01-30 12:43:46,162 [pool-93-thread-1] INFO  server.RaftServerConfigKeys (ConfUtils.java:logGet(46)) - raft.server.storage.free-space.min = 0MB (=0) (default)
2023-01-30 12:43:46,163 [pool-93-thread-1] INFO  server.RaftServerConfigKeys (ConfUtils.java:logGet(46)) - raft.server.notification.no-leader.timeout = 300s (custom)
2023-01-30 12:43:46,163 [pool-93-thread-1] INFO  server.RaftServerConfigKeys (ConfUtils.java:logGet(46)) - raft.server.retrycache.expirytime = 600000ms (custom)
2023-01-30 12:43:46,163 [pool-93-thread-1] INFO  server.RaftServerConfigKeys (ConfUtils.java:logGet(46)) - raft.server.retrycache.statistics.expirytime = 100μs (default)
2023-01-30 12:43:46,164 [pool-93-thread-1] INFO  server.RaftServerConfigKeys (ConfUtils.java:logGet(46)) - raft.server.log.appender.install.snapshot.enabled = false (custom)
2023-01-30 12:43:46,164 [pool-93-thread-1] INFO  server.RaftServerConfigKeys (ConfUtils.java:logGet(46)) - raft.server.threadpool.server.cached = true (default)
2023-01-30 12:43:46,164 [pool-93-thread-1] INFO  server.RaftServerConfigKeys (ConfUtils.java:logGet(46)) - raft.server.threadpool.server.size = 0 (default)
2023-01-30 12:43:46,164 [pool-93-thread-1] INFO  server.RaftServerConfigKeys (ConfUtils.java:logGet(46)) - raft.server.threadpool.client.cached = true (default)
2023-01-30 12:43:46,164 [pool-93-thread-1] INFO  server.RaftServerConfigKeys (ConfUtils.java:logGet(46)) - raft.server.threadpool.client.size = 0 (default)
2023-01-30 12:43:46,164 [pool-93-thread-1] INFO  storage.RaftStorageDirectory (RaftStorageDirectoryImpl.java:analyzeStorage(137)) - The storage directory /home/runner/work/ozone/ozone/hadoop-ozone/integration-test/target/test-dir/MiniOzoneClusterImpl-3373c666-e21d-449e-a922-fde15befd7fc/datanode-1/data/ratis/aa7f2397-8d4c-4c7d-9337-a5180e5593ef does not exist. Creating ...
2023-01-30 12:43:46,165 [pool-93-thread-1] INFO  storage.RaftStorageDirectory (RaftStorageDirectoryImpl.java:tryLock(231)) - Lock on /home/runner/work/ozone/ozone/hadoop-ozone/integration-test/target/test-dir/MiniOzoneClusterImpl-3373c666-e21d-449e-a922-fde15befd7fc/datanode-1/data/ratis/aa7f2397-8d4c-4c7d-9337-a5180e5593ef/in_use.lock acquired by nodename 58968@fv-az186-393
2023-01-30 12:43:46,168 [pool-93-thread-1] INFO  storage.RaftStorage (RaftStorageImpl.java:format(96)) - Storage directory /home/runner/work/ozone/ozone/hadoop-ozone/integration-test/target/test-dir/MiniOzoneClusterImpl-3373c666-e21d-449e-a922-fde15befd7fc/datanode-1/data/ratis/aa7f2397-8d4c-4c7d-9337-a5180e5593ef has been successfully formatted.
2023-01-30 12:43:46,169 [pool-93-thread-1] INFO  ratis.ContainerStateMachine (ContainerStateMachine.java:loadSnapshot(240)) - group-A5180E5593EF: The snapshot info is null. Setting the last applied indexto:(t:0, i:~)
2023-01-30 12:43:46,169 [pool-93-thread-1] INFO  server.RaftServerConfigKeys (ConfUtils.java:logGet(46)) - raft.server.log.use.memory = false (default)
2023-01-30 12:43:46,169 [pool-93-thread-1] INFO  server.RaftServerConfigKeys (ConfUtils.java:logGet(46)) - raft.server.log.purge.gap = 1000000 (custom)
2023-01-30 12:43:46,169 [pool-93-thread-1] INFO  server.RaftServerConfigKeys (ConfUtils.java:logGet(46)) - raft.server.log.appender.buffer.byte-limit = 33554432 (custom)
2023-01-30 12:43:46,170 [pool-93-thread-1] INFO  server.RaftServerConfigKeys (ConfUtils.java:logGet(46)) - raft.server.log.statemachine.data.read.timeout = 1000ms (default)
2023-01-30 12:43:46,170 [pool-93-thread-1] INFO  server.RaftServerConfigKeys (ConfUtils.java:logGet(46)) - raft.server.log.purge.preservation.log.num = 0 (default)
2023-01-30 12:43:46,170 [pool-93-thread-1] INFO  server.RaftServerConfigKeys (ConfUtils.java:logGet(46)) - raft.server.log.segment.size.max = 1048576 (custom)
2023-01-30 12:43:46,180 [pool-93-thread-1] INFO  server.RaftServerConfigKeys (ConfUtils.java:logGet(46)) - raft.server.log.segment.cache.num.max = 2 (custom)
2023-01-30 12:43:46,180 [pool-93-thread-1] INFO  server.RaftServerConfigKeys (ConfUtils.java:logGet(46)) - raft.server.log.segment.cache.size.max = 200MB (=209715200) (default)
2023-01-30 12:43:46,180 [pool-93-thread-1] INFO  segmented.SegmentedRaftLogWorker (SegmentedRaftLogWorker.java:<init>(189)) - new a354ee2c-6c3e-4107-b9a9-2d7a8532b2a5@group-A5180E5593EF-SegmentedRaftLogWorker for RaftStorageImpl:Storage Directory /home/runner/work/ozone/ozone/hadoop-ozone/integration-test/target/test-dir/MiniOzoneClusterImpl-3373c666-e21d-449e-a922-fde15befd7fc/datanode-1/data/ratis/aa7f2397-8d4c-4c7d-9337-a5180e5593ef
2023-01-30 12:43:46,180 [pool-93-thread-1] INFO  server.RaftServerConfigKeys (ConfUtils.java:logGet(46)) - raft.server.log.queue.byte-limit = 4294967296 (custom)
2023-01-30 12:43:46,180 [pool-93-thread-1] INFO  server.RaftServerConfigKeys (ConfUtils.java:logGet(46)) - raft.server.log.queue.element-limit = 1024 (custom)
2023-01-30 12:43:46,180 [pool-93-thread-1] INFO  server.RaftServerConfigKeys (ConfUtils.java:logGet(46)) - raft.server.log.segment.size.max = 1048576 (custom)
2023-01-30 12:43:46,180 [pool-93-thread-1] INFO  server.RaftServerConfigKeys (ConfUtils.java:logGet(46)) - raft.server.log.preallocated.size = 16384 (custom)
2023-01-30 12:43:46,180 [pool-93-thread-1] INFO  server.RaftServerConfigKeys (ConfUtils.java:logGet(46)) - raft.server.log.force.sync.num = 128 (default)
2023-01-30 12:43:46,180 [pool-93-thread-1] INFO  server.RaftServerConfigKeys (ConfUtils.java:logGet(46)) - raft.server.log.statemachine.data.sync = true (default)
2023-01-30 12:43:46,181 [pool-93-thread-1] INFO  server.RaftServerConfigKeys (ConfUtils.java:logGet(46)) - raft.server.log.statemachine.data.sync.timeout = 10s (default)
2023-01-30 12:43:46,181 [pool-93-thread-1] INFO  server.RaftServerConfigKeys (ConfUtils.java:logGet(46)) - raft.server.log.statemachine.data.sync.timeout.retry = -1 (default)
2023-01-30 12:43:46,181 [EventQueue-OpenPipelineForHealthyPipelineSafeModeRule] INFO  safemode.SCMSafeModeManager (HealthyPipelineSafeModeRule.java:process(137)) - SCM in safe mode. Healthy pipelines reported count is 0, required healthy pipeline reported count is 1
2023-01-30 12:43:46,182 [pool-93-thread-1] INFO  server.RaftServerConfigKeys (ConfUtils.java:logGet(46)) - raft.server.log.write.buffer.size = 1048576 (custom)
2023-01-30 12:43:46,184 [pool-93-thread-1] INFO  server.RaftServerConfigKeys (ConfUtils.java:logGet(46)) - raft.server.log.appender.buffer.byte-limit = 33554432 (custom)
2023-01-30 12:43:46,187 [pool-93-thread-1] INFO  server.RaftServerConfigKeys (ConfUtils.java:logGet(46)) - raft.server.log.unsafe-flush.enabled = false (default)
2023-01-30 12:43:46,187 [pool-93-thread-1] INFO  server.RaftServerConfigKeys (ConfUtils.java:logGet(46)) - raft.server.log.async-flush.enabled = false (default)
2023-01-30 12:43:46,187 [pool-93-thread-1] INFO  server.RaftServerConfigKeys (ConfUtils.java:logGet(46)) - raft.server.log.statemachine.data.caching.enabled = true (custom)
2023-01-30 12:43:46,187 [pool-93-thread-1] INFO  segmented.SegmentedRaftLogWorker (SegmentedRaftLogWorker.java:lambda$new$0(135)) - a354ee2c-6c3e-4107-b9a9-2d7a8532b2a5@group-A5180E5593EF-SegmentedRaftLogWorker: flushIndex: setUnconditionally 0 -> -1
2023-01-30 12:43:46,187 [pool-93-thread-1] INFO  segmented.SegmentedRaftLogWorker (SegmentedRaftLogWorker.java:lambda$new$0(135)) - a354ee2c-6c3e-4107-b9a9-2d7a8532b2a5@group-A5180E5593EF-SegmentedRaftLogWorker: safeCacheEvictIndex: setUnconditionally 0 -> -1
2023-01-30 12:43:46,188 [pool-93-thread-1] INFO  server.RaftServer$Division (RaftServerImpl.java:start(334)) - a354ee2c-6c3e-4107-b9a9-2d7a8532b2a5@group-A5180E5593EF: start as a follower, conf=-1: peers:[a354ee2c-6c3e-4107-b9a9-2d7a8532b2a5|rpc:10.1.0.50:43337|dataStream:10.1.0.50:38877|priority:1|startupRole:FOLLOWER, 6d351c6b-99d3-43e7-8295-6decaaa133c4|rpc:10.1.0.50:32789|dataStream:10.1.0.50:44213|priority:0|startupRole:FOLLOWER, c78ebe56-d058-4c98-bec9-45038831407a|rpc:10.1.0.50:44927|dataStream:10.1.0.50:43181|priority:0|startupRole:FOLLOWER]|listeners:[], old=null
2023-01-30 12:43:46,188 [pool-93-thread-1] INFO  server.RaftServer$Division (RaftServerImpl.java:setRole(321)) - a354ee2c-6c3e-4107-b9a9-2d7a8532b2a5@group-A5180E5593EF: changes role from      null to FOLLOWER at term 0 for startAsFollower
2023-01-30 12:43:46,188 [pool-93-thread-1] INFO  impl.RoleInfo (RoleInfo.java:updateAndGet(139)) - a354ee2c-6c3e-4107-b9a9-2d7a8532b2a5: start a354ee2c-6c3e-4107-b9a9-2d7a8532b2a5@group-A5180E5593EF-FollowerState
2023-01-30 12:43:46,188 [pool-93-thread-1] INFO  util.JmxRegister (JmxRegister.java:tryRegister(44)) - Successfully registered JMX Bean with object name Ratis:service=RaftServer,group=group-A5180E5593EF,id=a354ee2c-6c3e-4107-b9a9-2d7a8532b2a5
2023-01-30 12:43:46,188 [pool-93-thread-1] INFO  server.RaftServerConfigKeys (ConfUtils.java:logGet(46)) - raft.server.snapshot.auto.trigger.enabled = true (custom)
2023-01-30 12:43:46,188 [pool-93-thread-1] INFO  server.RaftServerConfigKeys (ConfUtils.java:logGet(46)) - raft.server.snapshot.auto.trigger.threshold = 10000 (custom)
2023-01-30 12:43:46,188 [pool-93-thread-1] INFO  server.RaftServerConfigKeys (ConfUtils.java:logGet(46)) - raft.server.snapshot.retention.file.num = 5 (custom)
2023-01-30 12:43:46,188 [pool-93-thread-1] INFO  server.RaftServerConfigKeys (ConfUtils.java:logGet(46)) - raft.server.log.purge.upto.snapshot.index = false (default)
2023-01-30 12:43:46,189 [a354ee2c-6c3e-4107-b9a9-2d7a8532b2a5@group-A5180E5593EF-FollowerState] INFO  server.RaftServerConfigKeys (ConfUtils.java:logFallback(53)) - raft.server.rpc.first-election.timeout.min = 5s (fallback to raft.server.rpc.timeout.min)
2023-01-30 12:43:46,193 [Command processor thread] INFO  ratis.XceiverServerRatis (XceiverServerRatis.java:addGroup(806)) - Created group PipelineID=aa7f2397-8d4c-4c7d-9337-a5180e5593ef
2023-01-30 12:43:46,193 [a354ee2c-6c3e-4107-b9a9-2d7a8532b2a5@group-A5180E5593EF-FollowerState] INFO  server.RaftServerConfigKeys (ConfUtils.java:logFallback(53)) - raft.server.rpc.first-election.timeout.max = 5200ms (fallback to raft.server.rpc.timeout.max)
2023-01-30 12:43:46,291 [grpc-default-executor-1] INFO  server.RaftServer (RaftServerProxy.java:addNew(96)) - 6d351c6b-99d3-43e7-8295-6decaaa133c4: addNew group-A5180E5593EF:[a354ee2c-6c3e-4107-b9a9-2d7a8532b2a5|rpc:10.1.0.50:43337|dataStream:10.1.0.50:38877|priority:1|startupRole:FOLLOWER, 6d351c6b-99d3-43e7-8295-6decaaa133c4|rpc:10.1.0.50:32789|dataStream:10.1.0.50:44213|priority:0|startupRole:FOLLOWER, c78ebe56-d058-4c98-bec9-45038831407a|rpc:10.1.0.50:44927|dataStream:10.1.0.50:43181|priority:0|startupRole:FOLLOWER] returns group-A5180E5593EF:java.util.concurrent.CompletableFuture@1e814995[Not completed]
2023-01-30 12:43:46,294 [pool-115-thread-1] INFO  server.RaftServer$Division (RaftServerImpl.java:<init>(195)) - 6d351c6b-99d3-43e7-8295-6decaaa133c4: new RaftServerImpl for group-A5180E5593EF:[a354ee2c-6c3e-4107-b9a9-2d7a8532b2a5|rpc:10.1.0.50:43337|dataStream:10.1.0.50:38877|priority:1|startupRole:FOLLOWER, 6d351c6b-99d3-43e7-8295-6decaaa133c4|rpc:10.1.0.50:32789|dataStream:10.1.0.50:44213|priority:0|startupRole:FOLLOWER, c78ebe56-d058-4c98-bec9-45038831407a|rpc:10.1.0.50:44927|dataStream:10.1.0.50:43181|priority:0|startupRole:FOLLOWER] with ContainerStateMachine:uninitialized
2023-01-30 12:43:46,294 [pool-115-thread-1] INFO  server.RaftServerConfigKeys (ConfUtils.java:logGet(46)) - raft.server.rpc.timeout.min = 5s (custom)
2023-01-30 12:43:46,295 [pool-115-thread-1] INFO  server.RaftServerConfigKeys (ConfUtils.java:logGet(46)) - raft.server.rpc.timeout.max = 5200ms (custom)
2023-01-30 12:43:46,295 [pool-115-thread-1] INFO  server.RaftServerConfigKeys (ConfUtils.java:logGet(46)) - raft.server.rpc.sleep.time = 25ms (default)
2023-01-30 12:43:46,295 [pool-115-thread-1] INFO  server.RaftServerConfigKeys (ConfUtils.java:logGet(46)) - raft.server.rpc.slowness.timeout = 300s (custom)
2023-01-30 12:43:46,295 [pool-115-thread-1] INFO  server.RaftServerConfigKeys (ConfUtils.java:logGet(46)) - raft.server.leaderelection.leader.step-down.wait-time = 10s (default)
2023-01-30 12:43:46,295 [pool-115-thread-1] INFO  server.RaftServerConfigKeys (ConfUtils.java:logGet(46)) - raft.server.sleep.deviation.threshold = 300ms (default)
2023-01-30 12:43:46,295 [pool-115-thread-1] INFO  server.RaftServer$Division (ServerState.java:<init>(118)) - 6d351c6b-99d3-43e7-8295-6decaaa133c4@group-A5180E5593EF: ConfigurationManager, init=-1: peers:[a354ee2c-6c3e-4107-b9a9-2d7a8532b2a5|rpc:10.1.0.50:43337|dataStream:10.1.0.50:38877|priority:1|startupRole:FOLLOWER, 6d351c6b-99d3-43e7-8295-6decaaa133c4|rpc:10.1.0.50:32789|dataStream:10.1.0.50:44213|priority:0|startupRole:FOLLOWER, c78ebe56-d058-4c98-bec9-45038831407a|rpc:10.1.0.50:44927|dataStream:10.1.0.50:43181|priority:0|startupRole:FOLLOWER]|listeners:[], old=null, confs=<EMPTY_MAP>
2023-01-30 12:43:46,295 [pool-115-thread-1] INFO  server.RaftServerConfigKeys (ConfUtils.java:logGet(46)) - raft.server.storage.dir = [/home/runner/work/ozone/ozone/hadoop-ozone/integration-test/target/test-dir/MiniOzoneClusterImpl-3373c666-e21d-449e-a922-fde15befd7fc/datanode-2/data/ratis] (custom)
2023-01-30 12:43:46,295 [pool-115-thread-1] INFO  server.RaftServerConfigKeys (ConfUtils.java:logGet(46)) - raft.server.log.corruption.policy = EXCEPTION (default)
2023-01-30 12:43:46,295 [pool-115-thread-1] INFO  server.RaftServerConfigKeys (ConfUtils.java:logGet(46)) - raft.server.storage.free-space.min = 0MB (=0) (default)
2023-01-30 12:43:46,295 [pool-115-thread-1] INFO  server.RaftServerConfigKeys (ConfUtils.java:logGet(46)) - raft.server.notification.no-leader.timeout = 300s (custom)
2023-01-30 12:43:46,295 [pool-115-thread-1] INFO  server.RaftServerConfigKeys (ConfUtils.java:logGet(46)) - raft.server.retrycache.expirytime = 600000ms (custom)
2023-01-30 12:43:46,295 [pool-115-thread-1] INFO  server.RaftServerConfigKeys (ConfUtils.java:logGet(46)) - raft.server.retrycache.statistics.expirytime = 100μs (default)
2023-01-30 12:43:46,299 [pool-115-thread-1] INFO  server.RaftServerConfigKeys (ConfUtils.java:logGet(46)) - raft.server.log.appender.install.snapshot.enabled = false (custom)
2023-01-30 12:43:46,299 [pool-115-thread-1] INFO  server.RaftServerConfigKeys (ConfUtils.java:logGet(46)) - raft.server.threadpool.server.cached = true (default)
2023-01-30 12:43:46,299 [pool-115-thread-1] INFO  server.RaftServerConfigKeys (ConfUtils.java:logGet(46)) - raft.server.threadpool.server.size = 0 (default)
2023-01-30 12:43:46,299 [pool-115-thread-1] INFO  server.RaftServerConfigKeys (ConfUtils.java:logGet(46)) - raft.server.threadpool.client.cached = true (default)
2023-01-30 12:43:46,299 [pool-115-thread-1] INFO  server.RaftServerConfigKeys (ConfUtils.java:logGet(46)) - raft.server.threadpool.client.size = 0 (default)
2023-01-30 12:43:46,300 [pool-115-thread-1] INFO  storage.RaftStorageDirectory (RaftStorageDirectoryImpl.java:analyzeStorage(137)) - The storage directory /home/runner/work/ozone/ozone/hadoop-ozone/integration-test/target/test-dir/MiniOzoneClusterImpl-3373c666-e21d-449e-a922-fde15befd7fc/datanode-2/data/ratis/aa7f2397-8d4c-4c7d-9337-a5180e5593ef does not exist. Creating ...
2023-01-30 12:43:46,301 [pool-115-thread-1] INFO  storage.RaftStorageDirectory (RaftStorageDirectoryImpl.java:tryLock(231)) - Lock on /home/runner/work/ozone/ozone/hadoop-ozone/integration-test/target/test-dir/MiniOzoneClusterImpl-3373c666-e21d-449e-a922-fde15befd7fc/datanode-2/data/ratis/aa7f2397-8d4c-4c7d-9337-a5180e5593ef/in_use.lock acquired by nodename 58968@fv-az186-393
2023-01-30 12:43:46,302 [pool-115-thread-1] INFO  storage.RaftStorage (RaftStorageImpl.java:format(96)) - Storage directory /home/runner/work/ozone/ozone/hadoop-ozone/integration-test/target/test-dir/MiniOzoneClusterImpl-3373c666-e21d-449e-a922-fde15befd7fc/datanode-2/data/ratis/aa7f2397-8d4c-4c7d-9337-a5180e5593ef has been successfully formatted.
2023-01-30 12:43:46,304 [pool-115-thread-1] INFO  ratis.ContainerStateMachine (ContainerStateMachine.java:loadSnapshot(240)) - group-A5180E5593EF: The snapshot info is null. Setting the last applied indexto:(t:0, i:~)
2023-01-30 12:43:46,304 [pool-115-thread-1] INFO  server.RaftServerConfigKeys (ConfUtils.java:logGet(46)) - raft.server.log.use.memory = false (default)
2023-01-30 12:43:46,304 [pool-115-thread-1] INFO  server.RaftServerConfigKeys (ConfUtils.java:logGet(46)) - raft.server.log.purge.gap = 1000000 (custom)
2023-01-30 12:43:46,304 [pool-115-thread-1] INFO  server.RaftServerConfigKeys (ConfUtils.java:logGet(46)) - raft.server.log.appender.buffer.byte-limit = 33554432 (custom)
2023-01-30 12:43:46,304 [pool-115-thread-1] INFO  server.RaftServerConfigKeys (ConfUtils.java:logGet(46)) - raft.server.log.statemachine.data.read.timeout = 1000ms (default)
2023-01-30 12:43:46,304 [pool-115-thread-1] INFO  server.RaftServerConfigKeys (ConfUtils.java:logGet(46)) - raft.server.log.purge.preservation.log.num = 0 (default)
2023-01-30 12:43:46,309 [pool-115-thread-1] INFO  server.RaftServerConfigKeys (ConfUtils.java:logGet(46)) - raft.server.log.segment.size.max = 1048576 (custom)
2023-01-30 12:43:46,309 [pool-115-thread-1] INFO  server.RaftServerConfigKeys (ConfUtils.java:logGet(46)) - raft.server.log.segment.cache.num.max = 2 (custom)
2023-01-30 12:43:46,310 [pool-115-thread-1] INFO  server.RaftServerConfigKeys (ConfUtils.java:logGet(46)) - raft.server.log.segment.cache.size.max = 200MB (=209715200) (default)
2023-01-30 12:43:46,310 [pool-115-thread-1] INFO  segmented.SegmentedRaftLogWorker (SegmentedRaftLogWorker.java:<init>(189)) - new 6d351c6b-99d3-43e7-8295-6decaaa133c4@group-A5180E5593EF-SegmentedRaftLogWorker for RaftStorageImpl:Storage Directory /home/runner/work/ozone/ozone/hadoop-ozone/integration-test/target/test-dir/MiniOzoneClusterImpl-3373c666-e21d-449e-a922-fde15befd7fc/datanode-2/data/ratis/aa7f2397-8d4c-4c7d-9337-a5180e5593ef
2023-01-30 12:43:46,310 [pool-115-thread-1] INFO  server.RaftServerConfigKeys (ConfUtils.java:logGet(46)) - raft.server.log.queue.byte-limit = 4294967296 (custom)
2023-01-30 12:43:46,310 [pool-115-thread-1] INFO  server.RaftServerConfigKeys (ConfUtils.java:logGet(46)) - raft.server.log.queue.element-limit = 1024 (custom)
2023-01-30 12:43:46,310 [pool-115-thread-1] INFO  server.RaftServerConfigKeys (ConfUtils.java:logGet(46)) - raft.server.log.segment.size.max = 1048576 (custom)
2023-01-30 12:43:46,310 [pool-115-thread-1] INFO  server.RaftServerConfigKeys (ConfUtils.java:logGet(46)) - raft.server.log.preallocated.size = 16384 (custom)
2023-01-30 12:43:46,310 [pool-115-thread-1] INFO  server.RaftServerConfigKeys (ConfUtils.java:logGet(46)) - raft.server.log.force.sync.num = 128 (default)
2023-01-30 12:43:46,310 [pool-115-thread-1] INFO  server.RaftServerConfigKeys (ConfUtils.java:logGet(46)) - raft.server.log.statemachine.data.sync = true (default)
2023-01-30 12:43:46,310 [pool-115-thread-1] INFO  server.RaftServerConfigKeys (ConfUtils.java:logGet(46)) - raft.server.log.statemachine.data.sync.timeout = 10s (default)
2023-01-30 12:43:46,310 [pool-115-thread-1] INFO  server.RaftServerConfigKeys (ConfUtils.java:logGet(46)) - raft.server.log.statemachine.data.sync.timeout.retry = -1 (default)
2023-01-30 12:43:46,312 [pool-115-thread-1] INFO  server.RaftServerConfigKeys (ConfUtils.java:logGet(46)) - raft.server.log.write.buffer.size = 1048576 (custom)
2023-01-30 12:43:46,313 [pool-115-thread-1] INFO  server.RaftServerConfigKeys (ConfUtils.java:logGet(46)) - raft.server.log.appender.buffer.byte-limit = 33554432 (custom)
2023-01-30 12:43:46,316 [pool-115-thread-1] INFO  server.RaftServerConfigKeys (ConfUtils.java:logGet(46)) - raft.server.log.unsafe-flush.enabled = false (default)
2023-01-30 12:43:46,316 [pool-115-thread-1] INFO  server.RaftServerConfigKeys (ConfUtils.java:logGet(46)) - raft.server.log.async-flush.enabled = false (default)
2023-01-30 12:43:46,317 [pool-115-thread-1] INFO  server.RaftServerConfigKeys (ConfUtils.java:logGet(46)) - raft.server.log.statemachine.data.caching.enabled = true (custom)
2023-01-30 12:43:46,317 [pool-115-thread-1] INFO  segmented.SegmentedRaftLogWorker (SegmentedRaftLogWorker.java:lambda$new$0(135)) - 6d351c6b-99d3-43e7-8295-6decaaa133c4@group-A5180E5593EF-SegmentedRaftLogWorker: flushIndex: setUnconditionally 0 -> -1
2023-01-30 12:43:46,317 [pool-115-thread-1] INFO  segmented.SegmentedRaftLogWorker (SegmentedRaftLogWorker.java:lambda$new$0(135)) - 6d351c6b-99d3-43e7-8295-6decaaa133c4@group-A5180E5593EF-SegmentedRaftLogWorker: safeCacheEvictIndex: setUnconditionally 0 -> -1
2023-01-30 12:43:46,317 [pool-115-thread-1] INFO  server.RaftServer$Division (RaftServerImpl.java:start(334)) - 6d351c6b-99d3-43e7-8295-6decaaa133c4@group-A5180E5593EF: start as a follower, conf=-1: peers:[a354ee2c-6c3e-4107-b9a9-2d7a8532b2a5|rpc:10.1.0.50:43337|dataStream:10.1.0.50:38877|priority:1|startupRole:FOLLOWER, 6d351c6b-99d3-43e7-8295-6decaaa133c4|rpc:10.1.0.50:32789|dataStream:10.1.0.50:44213|priority:0|startupRole:FOLLOWER, c78ebe56-d058-4c98-bec9-45038831407a|rpc:10.1.0.50:44927|dataStream:10.1.0.50:43181|priority:0|startupRole:FOLLOWER]|listeners:[], old=null
2023-01-30 12:43:46,317 [pool-115-thread-1] INFO  server.RaftServer$Division (RaftServerImpl.java:setRole(321)) - 6d351c6b-99d3-43e7-8295-6decaaa133c4@group-A5180E5593EF: changes role from      null to FOLLOWER at term 0 for startAsFollower
2023-01-30 12:43:46,317 [pool-115-thread-1] INFO  impl.RoleInfo (RoleInfo.java:updateAndGet(139)) - 6d351c6b-99d3-43e7-8295-6decaaa133c4: start 6d351c6b-99d3-43e7-8295-6decaaa133c4@group-A5180E5593EF-FollowerState
2023-01-30 12:43:46,318 [pool-115-thread-1] INFO  util.JmxRegister (JmxRegister.java:tryRegister(44)) - Successfully registered JMX Bean with object name Ratis:service=RaftServer,group=group-A5180E5593EF,id=6d351c6b-99d3-43e7-8295-6decaaa133c4
2023-01-30 12:43:46,318 [pool-115-thread-1] INFO  server.RaftServerConfigKeys (ConfUtils.java:logGet(46)) - raft.server.snapshot.auto.trigger.enabled = true (custom)
2023-01-30 12:43:46,318 [pool-115-thread-1] INFO  server.RaftServerConfigKeys (ConfUtils.java:logGet(46)) - raft.server.snapshot.auto.trigger.threshold = 10000 (custom)
2023-01-30 12:43:46,318 [pool-115-thread-1] INFO  server.RaftServerConfigKeys (ConfUtils.java:logGet(46)) - raft.server.snapshot.retention.file.num = 5 (custom)
2023-01-30 12:43:46,318 [pool-115-thread-1] INFO  server.RaftServerConfigKeys (ConfUtils.java:logGet(46)) - raft.server.log.purge.upto.snapshot.index = false (default)
2023-01-30 12:43:46,320 [6d351c6b-99d3-43e7-8295-6decaaa133c4@group-A5180E5593EF-FollowerState] INFO  server.RaftServerConfigKeys (ConfUtils.java:logFallback(53)) - raft.server.rpc.first-election.timeout.min = 5s (fallback to raft.server.rpc.timeout.min)
2023-01-30 12:43:46,329 [6d351c6b-99d3-43e7-8295-6decaaa133c4@group-A5180E5593EF-FollowerState] INFO  server.RaftServerConfigKeys (ConfUtils.java:logFallback(53)) - raft.server.rpc.first-election.timeout.max = 5200ms (fallback to raft.server.rpc.timeout.max)
2023-01-30 12:43:46,437 [Command processor thread] INFO  commandhandler.CreatePipelineCommandHandler (CreatePipelineCommandHandler.java:handle(113)) - Created Pipeline RATIS THREE PipelineID=aa7f2397-8d4c-4c7d-9337-a5180e5593ef.
2023-01-30 12:43:46,437 [Command processor thread] INFO  server.RaftServer (RaftServerProxy.java:addNew(96)) - a354ee2c-6c3e-4107-b9a9-2d7a8532b2a5: addNew group-D5ECA907A9BD:[a354ee2c-6c3e-4107-b9a9-2d7a8532b2a5|rpc:10.1.0.50:43337|dataStream:10.1.0.50:38877|priority:0|startupRole:FOLLOWER, 6d351c6b-99d3-43e7-8295-6decaaa133c4|rpc:10.1.0.50:32789|dataStream:10.1.0.50:44213|priority:1|startupRole:FOLLOWER, c78ebe56-d058-4c98-bec9-45038831407a|rpc:10.1.0.50:44927|dataStream:10.1.0.50:43181|priority:0|startupRole:FOLLOWER] returns group-D5ECA907A9BD:java.util.concurrent.CompletableFuture@6cc6969[Not completed]
2023-01-30 12:43:46,438 [pool-93-thread-1] INFO  server.RaftServer$Division (RaftServerImpl.java:<init>(195)) - a354ee2c-6c3e-4107-b9a9-2d7a8532b2a5: new RaftServerImpl for group-D5ECA907A9BD:[a354ee2c-6c3e-4107-b9a9-2d7a8532b2a5|rpc:10.1.0.50:43337|dataStream:10.1.0.50:38877|priority:0|startupRole:FOLLOWER, 6d351c6b-99d3-43e7-8295-6decaaa133c4|rpc:10.1.0.50:32789|dataStream:10.1.0.50:44213|priority:1|startupRole:FOLLOWER, c78ebe56-d058-4c98-bec9-45038831407a|rpc:10.1.0.50:44927|dataStream:10.1.0.50:43181|priority:0|startupRole:FOLLOWER] with ContainerStateMachine:uninitialized
2023-01-30 12:43:46,438 [pool-93-thread-1] INFO  server.RaftServerConfigKeys (ConfUtils.java:logGet(46)) - raft.server.rpc.timeout.min = 5s (custom)
2023-01-30 12:43:46,438 [pool-93-thread-1] INFO  server.RaftServerConfigKeys (ConfUtils.java:logGet(46)) - raft.server.rpc.timeout.max = 5200ms (custom)
2023-01-30 12:43:46,438 [pool-93-thread-1] INFO  server.RaftServerConfigKeys (ConfUtils.java:logGet(46)) - raft.server.rpc.sleep.time = 25ms (default)
2023-01-30 12:43:46,438 [pool-93-thread-1] INFO  server.RaftServerConfigKeys (ConfUtils.java:logGet(46)) - raft.server.rpc.slowness.timeout = 300s (custom)
2023-01-30 12:43:46,438 [pool-93-thread-1] INFO  server.RaftServerConfigKeys (ConfUtils.java:logGet(46)) - raft.server.leaderelection.leader.step-down.wait-time = 10s (default)
2023-01-30 12:43:46,438 [pool-93-thread-1] INFO  server.RaftServerConfigKeys (ConfUtils.java:logGet(46)) - raft.server.sleep.deviation.threshold = 300ms (default)
2023-01-30 12:43:46,438 [pool-93-thread-1] INFO  server.RaftServer$Division (ServerState.java:<init>(118)) - a354ee2c-6c3e-4107-b9a9-2d7a8532b2a5@group-D5ECA907A9BD: ConfigurationManager, init=-1: peers:[a354ee2c-6c3e-4107-b9a9-2d7a8532b2a5|rpc:10.1.0.50:43337|dataStream:10.1.0.50:38877|priority:0|startupRole:FOLLOWER, 6d351c6b-99d3-43e7-8295-6decaaa133c4|rpc:10.1.0.50:32789|dataStream:10.1.0.50:44213|priority:1|startupRole:FOLLOWER, c78ebe56-d058-4c98-bec9-45038831407a|rpc:10.1.0.50:44927|dataStream:10.1.0.50:43181|priority:0|startupRole:FOLLOWER]|listeners:[], old=null, confs=<EMPTY_MAP>
2023-01-30 12:43:46,439 [pool-93-thread-1] INFO  server.RaftServerConfigKeys (ConfUtils.java:logGet(46)) - raft.server.storage.dir = [/home/runner/work/ozone/ozone/hadoop-ozone/integration-test/target/test-dir/MiniOzoneClusterImpl-3373c666-e21d-449e-a922-fde15befd7fc/datanode-1/data/ratis] (custom)
2023-01-30 12:43:46,439 [pool-93-thread-1] INFO  server.RaftServerConfigKeys (ConfUtils.java:logGet(46)) - raft.server.log.corruption.policy = EXCEPTION (default)
2023-01-30 12:43:46,439 [pool-93-thread-1] INFO  server.RaftServerConfigKeys (ConfUtils.java:logGet(46)) - raft.server.storage.free-space.min = 0MB (=0) (default)
2023-01-30 12:43:46,439 [pool-93-thread-1] INFO  server.RaftServerConfigKeys (ConfUtils.java:logGet(46)) - raft.server.notification.no-leader.timeout = 300s (custom)
2023-01-30 12:43:46,439 [pool-93-thread-1] INFO  server.RaftServerConfigKeys (ConfUtils.java:logGet(46)) - raft.server.retrycache.expirytime = 600000ms (custom)
2023-01-30 12:43:46,439 [pool-93-thread-1] INFO  server.RaftServerConfigKeys (ConfUtils.java:logGet(46)) - raft.server.retrycache.statistics.expirytime = 100μs (default)
2023-01-30 12:43:46,440 [pool-93-thread-1] INFO  server.RaftServerConfigKeys (ConfUtils.java:logGet(46)) - raft.server.log.appender.install.snapshot.enabled = false (custom)
2023-01-30 12:43:46,440 [pool-93-thread-1] INFO  server.RaftServerConfigKeys (ConfUtils.java:logGet(46)) - raft.server.threadpool.server.cached = true (default)
2023-01-30 12:43:46,440 [pool-93-thread-1] INFO  server.RaftServerConfigKeys (ConfUtils.java:logGet(46)) - raft.server.threadpool.server.size = 0 (default)
2023-01-30 12:43:46,440 [pool-93-thread-1] INFO  server.RaftServerConfigKeys (ConfUtils.java:logGet(46)) - raft.server.threadpool.client.cached = true (default)
2023-01-30 12:43:46,440 [pool-93-thread-1] INFO  server.RaftServerConfigKeys (ConfUtils.java:logGet(46)) - raft.server.threadpool.client.size = 0 (default)
2023-01-30 12:43:46,440 [pool-93-thread-1] INFO  storage.RaftStorageDirectory (RaftStorageDirectoryImpl.java:analyzeStorage(137)) - The storage directory /home/runner/work/ozone/ozone/hadoop-ozone/integration-test/target/test-dir/MiniOzoneClusterImpl-3373c666-e21d-449e-a922-fde15befd7fc/datanode-1/data/ratis/7db5c901-5ace-4fa8-9e12-d5eca907a9bd does not exist. Creating ...
2023-01-30 12:43:46,442 [pool-93-thread-1] INFO  storage.RaftStorageDirectory (RaftStorageDirectoryImpl.java:tryLock(231)) - Lock on /home/runner/work/ozone/ozone/hadoop-ozone/integration-test/target/test-dir/MiniOzoneClusterImpl-3373c666-e21d-449e-a922-fde15befd7fc/datanode-1/data/ratis/7db5c901-5ace-4fa8-9e12-d5eca907a9bd/in_use.lock acquired by nodename 58968@fv-az186-393
2023-01-30 12:43:46,443 [Command processor thread] INFO  commandhandler.CreatePipelineCommandHandler (CreatePipelineCommandHandler.java:handle(113)) - Created Pipeline RATIS THREE PipelineID=aa7f2397-8d4c-4c7d-9337-a5180e5593ef.
2023-01-30 12:43:46,444 [Command processor thread] INFO  server.RaftServer (RaftServerProxy.java:addNew(96)) - c78ebe56-d058-4c98-bec9-45038831407a: addNew group-D5ECA907A9BD:[a354ee2c-6c3e-4107-b9a9-2d7a8532b2a5|rpc:10.1.0.50:43337|dataStream:10.1.0.50:38877|priority:0|startupRole:FOLLOWER, 6d351c6b-99d3-43e7-8295-6decaaa133c4|rpc:10.1.0.50:32789|dataStream:10.1.0.50:44213|priority:1|startupRole:FOLLOWER, c78ebe56-d058-4c98-bec9-45038831407a|rpc:10.1.0.50:44927|dataStream:10.1.0.50:43181|priority:0|startupRole:FOLLOWER] returns group-D5ECA907A9BD:java.util.concurrent.CompletableFuture@4124c924[Not completed]
2023-01-30 12:43:46,445 [pool-93-thread-1] INFO  storage.RaftStorage (RaftStorageImpl.java:format(96)) - Storage directory /home/runner/work/ozone/ozone/hadoop-ozone/integration-test/target/test-dir/MiniOzoneClusterImpl-3373c666-e21d-449e-a922-fde15befd7fc/datanode-1/data/ratis/7db5c901-5ace-4fa8-9e12-d5eca907a9bd has been successfully formatted.
2023-01-30 12:43:46,445 [pool-93-thread-1] INFO  ratis.ContainerStateMachine (ContainerStateMachine.java:loadSnapshot(240)) - group-D5ECA907A9BD: The snapshot info is null. Setting the last applied indexto:(t:0, i:~)
2023-01-30 12:43:46,445 [pool-93-thread-1] INFO  server.RaftServerConfigKeys (ConfUtils.java:logGet(46)) - raft.server.log.use.memory = false (default)
2023-01-30 12:43:46,445 [pool-93-thread-1] INFO  server.RaftServerConfigKeys (ConfUtils.java:logGet(46)) - raft.server.log.purge.gap = 1000000 (custom)
2023-01-30 12:43:46,445 [pool-93-thread-1] INFO  server.RaftServerConfigKeys (ConfUtils.java:logGet(46)) - raft.server.log.appender.buffer.byte-limit = 33554432 (custom)
2023-01-30 12:43:46,445 [pool-71-thread-1] INFO  server.RaftServer$Division (RaftServerImpl.java:<init>(195)) - c78ebe56-d058-4c98-bec9-45038831407a: new RaftServerImpl for group-D5ECA907A9BD:[a354ee2c-6c3e-4107-b9a9-2d7a8532b2a5|rpc:10.1.0.50:43337|dataStream:10.1.0.50:38877|priority:0|startupRole:FOLLOWER, 6d351c6b-99d3-43e7-8295-6decaaa133c4|rpc:10.1.0.50:32789|dataStream:10.1.0.50:44213|priority:1|startupRole:FOLLOWER, c78ebe56-d058-4c98-bec9-45038831407a|rpc:10.1.0.50:44927|dataStream:10.1.0.50:43181|priority:0|startupRole:FOLLOWER] with ContainerStateMachine:uninitialized
2023-01-30 12:43:46,446 [pool-71-thread-1] INFO  server.RaftServerConfigKeys (ConfUtils.java:logGet(46)) - raft.server.rpc.timeout.min = 5s (custom)
2023-01-30 12:43:46,446 [pool-71-thread-1] INFO  server.RaftServerConfigKeys (ConfUtils.java:logGet(46)) - raft.server.rpc.timeout.max = 5200ms (custom)
2023-01-30 12:43:46,446 [pool-71-thread-1] INFO  server.RaftServerConfigKeys (ConfUtils.java:logGet(46)) - raft.server.rpc.sleep.time = 25ms (default)
2023-01-30 12:43:46,446 [pool-71-thread-1] INFO  server.RaftServerConfigKeys (ConfUtils.java:logGet(46)) - raft.server.rpc.slowness.timeout = 300s (custom)
2023-01-30 12:43:46,446 [pool-71-thread-1] INFO  server.RaftServerConfigKeys (ConfUtils.java:logGet(46)) - raft.server.leaderelection.leader.step-down.wait-time = 10s (default)
2023-01-30 12:43:46,446 [pool-71-thread-1] INFO  server.RaftServerConfigKeys (ConfUtils.java:logGet(46)) - raft.server.sleep.deviation.threshold = 300ms (default)
2023-01-30 12:43:46,446 [pool-71-thread-1] INFO  server.RaftServer$Division (ServerState.java:<init>(118)) - c78ebe56-d058-4c98-bec9-45038831407a@group-D5ECA907A9BD: ConfigurationManager, init=-1: peers:[a354ee2c-6c3e-4107-b9a9-2d7a8532b2a5|rpc:10.1.0.50:43337|dataStream:10.1.0.50:38877|priority:0|startupRole:FOLLOWER, 6d351c6b-99d3-43e7-8295-6decaaa133c4|rpc:10.1.0.50:32789|dataStream:10.1.0.50:44213|priority:1|startupRole:FOLLOWER, c78ebe56-d058-4c98-bec9-45038831407a|rpc:10.1.0.50:44927|dataStream:10.1.0.50:43181|priority:0|startupRole:FOLLOWER]|listeners:[], old=null, confs=<EMPTY_MAP>
2023-01-30 12:43:46,446 [pool-71-thread-1] INFO  server.RaftServerConfigKeys (ConfUtils.java:logGet(46)) - raft.server.storage.dir = [/home/runner/work/ozone/ozone/hadoop-ozone/integration-test/target/test-dir/MiniOzoneClusterImpl-3373c666-e21d-449e-a922-fde15befd7fc/datanode-0/data/ratis] (custom)
2023-01-30 12:43:46,447 [pool-71-thread-1] INFO  server.RaftServerConfigKeys (ConfUtils.java:logGet(46)) - raft.server.log.corruption.policy = EXCEPTION (default)
2023-01-30 12:43:46,447 [pool-71-thread-1] INFO  server.RaftServerConfigKeys (ConfUtils.java:logGet(46)) - raft.server.storage.free-space.min = 0MB (=0) (default)
2023-01-30 12:43:46,447 [pool-71-thread-1] INFO  server.RaftServerConfigKeys (ConfUtils.java:logGet(46)) - raft.server.notification.no-leader.timeout = 300s (custom)
2023-01-30 12:43:46,447 [pool-71-thread-1] INFO  server.RaftServerConfigKeys (ConfUtils.java:logGet(46)) - raft.server.retrycache.expirytime = 600000ms (custom)
2023-01-30 12:43:46,447 [pool-71-thread-1] INFO  server.RaftServerConfigKeys (ConfUtils.java:logGet(46)) - raft.server.retrycache.statistics.expirytime = 100μs (default)
2023-01-30 12:43:46,448 [pool-71-thread-1] INFO  server.RaftServerConfigKeys (ConfUtils.java:logGet(46)) - raft.server.log.appender.install.snapshot.enabled = false (custom)
2023-01-30 12:43:46,448 [pool-71-thread-1] INFO  server.RaftServerConfigKeys (ConfUtils.java:logGet(46)) - raft.server.threadpool.server.cached = true (default)
2023-01-30 12:43:46,448 [pool-71-thread-1] INFO  server.RaftServerConfigKeys (ConfUtils.java:logGet(46)) - raft.server.threadpool.server.size = 0 (default)
2023-01-30 12:43:46,448 [pool-71-thread-1] INFO  server.RaftServerConfigKeys (ConfUtils.java:logGet(46)) - raft.server.threadpool.client.cached = true (default)
2023-01-30 12:43:46,448 [pool-71-thread-1] INFO  server.RaftServerConfigKeys (ConfUtils.java:logGet(46)) - raft.server.threadpool.client.size = 0 (default)
2023-01-30 12:43:46,448 [pool-71-thread-1] INFO  storage.RaftStorageDirectory (RaftStorageDirectoryImpl.java:analyzeStorage(137)) - The storage directory /home/runner/work/ozone/ozone/hadoop-ozone/integration-test/target/test-dir/MiniOzoneClusterImpl-3373c666-e21d-449e-a922-fde15befd7fc/datanode-0/data/ratis/7db5c901-5ace-4fa8-9e12-d5eca907a9bd does not exist. Creating ...
2023-01-30 12:43:46,445 [pool-93-thread-1] INFO  server.RaftServerConfigKeys (ConfUtils.java:logGet(46)) - raft.server.log.statemachine.data.read.timeout = 1000ms (default)
2023-01-30 12:43:46,450 [pool-93-thread-1] INFO  server.RaftServerConfigKeys (ConfUtils.java:logGet(46)) - raft.server.log.purge.preservation.log.num = 0 (default)
2023-01-30 12:43:46,450 [pool-93-thread-1] INFO  server.RaftServerConfigKeys (ConfUtils.java:logGet(46)) - raft.server.log.segment.size.max = 1048576 (custom)
2023-01-30 12:43:46,449 [pool-71-thread-1] INFO  storage.RaftStorageDirectory (RaftStorageDirectoryImpl.java:tryLock(231)) - Lock on /home/runner/work/ozone/ozone/hadoop-ozone/integration-test/target/test-dir/MiniOzoneClusterImpl-3373c666-e21d-449e-a922-fde15befd7fc/datanode-0/data/ratis/7db5c901-5ace-4fa8-9e12-d5eca907a9bd/in_use.lock acquired by nodename 58968@fv-az186-393
2023-01-30 12:43:46,451 [EventQueue-OpenPipelineForHealthyPipelineSafeModeRule] INFO  safemode.SCMSafeModeManager (HealthyPipelineSafeModeRule.java:process(137)) - SCM in safe mode. Healthy pipelines reported count is 0, required healthy pipeline reported count is 1
2023-01-30 12:43:46,451 [pool-93-thread-1] INFO  server.RaftServerConfigKeys (ConfUtils.java:logGet(46)) - raft.server.log.segment.cache.num.max = 2 (custom)
2023-01-30 12:43:46,451 [pool-93-thread-1] INFO  server.RaftServerConfigKeys (ConfUtils.java:logGet(46)) - raft.server.log.segment.cache.size.max = 200MB (=209715200) (default)
2023-01-30 12:43:46,451 [pool-93-thread-1] INFO  segmented.SegmentedRaftLogWorker (SegmentedRaftLogWorker.java:<init>(189)) - new a354ee2c-6c3e-4107-b9a9-2d7a8532b2a5@group-D5ECA907A9BD-SegmentedRaftLogWorker for RaftStorageImpl:Storage Directory /home/runner/work/ozone/ozone/hadoop-ozone/integration-test/target/test-dir/MiniOzoneClusterImpl-3373c666-e21d-449e-a922-fde15befd7fc/datanode-1/data/ratis/7db5c901-5ace-4fa8-9e12-d5eca907a9bd
2023-01-30 12:43:46,451 [pool-93-thread-1] INFO  server.RaftServerConfigKeys (ConfUtils.java:logGet(46)) - raft.server.log.queue.byte-limit = 4294967296 (custom)
2023-01-30 12:43:46,451 [pool-93-thread-1] INFO  server.RaftServerConfigKeys (ConfUtils.java:logGet(46)) - raft.server.log.queue.element-limit = 1024 (custom)
2023-01-30 12:43:46,451 [pool-93-thread-1] INFO  server.RaftServerConfigKeys (ConfUtils.java:logGet(46)) - raft.server.log.segment.size.max = 1048576 (custom)
2023-01-30 12:43:46,451 [pool-93-thread-1] INFO  server.RaftServerConfigKeys (ConfUtils.java:logGet(46)) - raft.server.log.preallocated.size = 16384 (custom)
2023-01-30 12:43:46,451 [pool-93-thread-1] INFO  server.RaftServerConfigKeys (ConfUtils.java:logGet(46)) - raft.server.log.force.sync.num = 128 (default)
2023-01-30 12:43:46,452 [pool-93-thread-1] INFO  server.RaftServerConfigKeys (ConfUtils.java:logGet(46)) - raft.server.log.statemachine.data.sync = true (default)
2023-01-30 12:43:46,452 [pool-71-thread-1] INFO  storage.RaftStorage (RaftStorageImpl.java:format(96)) - Storage directory /home/runner/work/ozone/ozone/hadoop-ozone/integration-test/target/test-dir/MiniOzoneClusterImpl-3373c666-e21d-449e-a922-fde15befd7fc/datanode-0/data/ratis/7db5c901-5ace-4fa8-9e12-d5eca907a9bd has been successfully formatted.
2023-01-30 12:43:46,453 [pool-71-thread-1] INFO  ratis.ContainerStateMachine (ContainerStateMachine.java:loadSnapshot(240)) - group-D5ECA907A9BD: The snapshot info is null. Setting the last applied indexto:(t:0, i:~)
2023-01-30 12:43:46,453 [pool-71-thread-1] INFO  server.RaftServerConfigKeys (ConfUtils.java:logGet(46)) - raft.server.log.use.memory = false (default)
2023-01-30 12:43:46,453 [pool-71-thread-1] INFO  server.RaftServerConfigKeys (ConfUtils.java:logGet(46)) - raft.server.log.purge.gap = 1000000 (custom)
2023-01-30 12:43:46,453 [pool-71-thread-1] INFO  server.RaftServerConfigKeys (ConfUtils.java:logGet(46)) - raft.server.log.appender.buffer.byte-limit = 33554432 (custom)
2023-01-30 12:43:46,453 [pool-71-thread-1] INFO  server.RaftServerConfigKeys (ConfUtils.java:logGet(46)) - raft.server.log.statemachine.data.read.timeout = 1000ms (default)
2023-01-30 12:43:46,453 [pool-71-thread-1] INFO  server.RaftServerConfigKeys (ConfUtils.java:logGet(46)) - raft.server.log.purge.preservation.log.num = 0 (default)
2023-01-30 12:43:46,453 [pool-71-thread-1] INFO  server.RaftServerConfigKeys (ConfUtils.java:logGet(46)) - raft.server.log.segment.size.max = 1048576 (custom)
2023-01-30 12:43:46,454 [pool-71-thread-1] INFO  server.RaftServerConfigKeys (ConfUtils.java:logGet(46)) - raft.server.log.segment.cache.num.max = 2 (custom)
2023-01-30 12:43:46,454 [pool-71-thread-1] INFO  server.RaftServerConfigKeys (ConfUtils.java:logGet(46)) - raft.server.log.segment.cache.size.max = 200MB (=209715200) (default)
2023-01-30 12:43:46,454 [pool-71-thread-1] INFO  segmented.SegmentedRaftLogWorker (SegmentedRaftLogWorker.java:<init>(189)) - new c78ebe56-d058-4c98-bec9-45038831407a@group-D5ECA907A9BD-SegmentedRaftLogWorker for RaftStorageImpl:Storage Directory /home/runner/work/ozone/ozone/hadoop-ozone/integration-test/target/test-dir/MiniOzoneClusterImpl-3373c666-e21d-449e-a922-fde15befd7fc/datanode-0/data/ratis/7db5c901-5ace-4fa8-9e12-d5eca907a9bd
2023-01-30 12:43:46,454 [pool-71-thread-1] INFO  server.RaftServerConfigKeys (ConfUtils.java:logGet(46)) - raft.server.log.queue.byte-limit = 4294967296 (custom)
2023-01-30 12:43:46,454 [pool-71-thread-1] INFO  server.RaftServerConfigKeys (ConfUtils.java:logGet(46)) - raft.server.log.queue.element-limit = 1024 (custom)
2023-01-30 12:43:46,454 [pool-71-thread-1] INFO  server.RaftServerConfigKeys (ConfUtils.java:logGet(46)) - raft.server.log.segment.size.max = 1048576 (custom)
2023-01-30 12:43:46,454 [pool-71-thread-1] INFO  server.RaftServerConfigKeys (ConfUtils.java:logGet(46)) - raft.server.log.preallocated.size = 16384 (custom)
2023-01-30 12:43:46,454 [pool-71-thread-1] INFO  server.RaftServerConfigKeys (ConfUtils.java:logGet(46)) - raft.server.log.force.sync.num = 128 (default)
2023-01-30 12:43:46,454 [pool-71-thread-1] INFO  server.RaftServerConfigKeys (ConfUtils.java:logGet(46)) - raft.server.log.statemachine.data.sync = true (default)
2023-01-30 12:43:46,454 [pool-71-thread-1] INFO  server.RaftServerConfigKeys (ConfUtils.java:logGet(46)) - raft.server.log.statemachine.data.sync.timeout = 10s (default)
2023-01-30 12:43:46,454 [pool-71-thread-1] INFO  server.RaftServerConfigKeys (ConfUtils.java:logGet(46)) - raft.server.log.statemachine.data.sync.timeout.retry = -1 (default)
2023-01-30 12:43:46,456 [pool-93-thread-1] INFO  server.RaftServerConfigKeys (ConfUtils.java:logGet(46)) - raft.server.log.statemachine.data.sync.timeout = 10s (default)
2023-01-30 12:43:46,456 [pool-93-thread-1] INFO  server.RaftServerConfigKeys (ConfUtils.java:logGet(46)) - raft.server.log.statemachine.data.sync.timeout.retry = -1 (default)
2023-01-30 12:43:46,458 [EventQueue-OpenPipelineForHealthyPipelineSafeModeRule] INFO  safemode.SCMSafeModeManager (HealthyPipelineSafeModeRule.java:process(137)) - SCM in safe mode. Healthy pipelines reported count is 0, required healthy pipeline reported count is 1
2023-01-30 12:43:46,460 [pool-71-thread-1] INFO  server.RaftServerConfigKeys (ConfUtils.java:logGet(46)) - raft.server.log.write.buffer.size = 1048576 (custom)
2023-01-30 12:43:46,460 [pool-93-thread-1] INFO  server.RaftServerConfigKeys (ConfUtils.java:logGet(46)) - raft.server.log.write.buffer.size = 1048576 (custom)
2023-01-30 12:43:46,461 [pool-71-thread-1] INFO  server.RaftServerConfigKeys (ConfUtils.java:logGet(46)) - raft.server.log.appender.buffer.byte-limit = 33554432 (custom)
2023-01-30 12:43:46,461 [pool-93-thread-1] INFO  server.RaftServerConfigKeys (ConfUtils.java:logGet(46)) - raft.server.log.appender.buffer.byte-limit = 33554432 (custom)
2023-01-30 12:43:46,465 [pool-71-thread-1] INFO  server.RaftServerConfigKeys (ConfUtils.java:logGet(46)) - raft.server.log.unsafe-flush.enabled = false (default)
2023-01-30 12:43:46,465 [pool-71-thread-1] INFO  server.RaftServerConfigKeys (ConfUtils.java:logGet(46)) - raft.server.log.async-flush.enabled = false (default)
2023-01-30 12:43:46,465 [pool-71-thread-1] INFO  server.RaftServerConfigKeys (ConfUtils.java:logGet(46)) - raft.server.log.statemachine.data.caching.enabled = true (custom)
2023-01-30 12:43:46,466 [pool-71-thread-1] INFO  segmented.SegmentedRaftLogWorker (SegmentedRaftLogWorker.java:lambda$new$0(135)) - c78ebe56-d058-4c98-bec9-45038831407a@group-D5ECA907A9BD-SegmentedRaftLogWorker: flushIndex: setUnconditionally 0 -> -1
2023-01-30 12:43:46,466 [pool-71-thread-1] INFO  segmented.SegmentedRaftLogWorker (SegmentedRaftLogWorker.java:lambda$new$0(135)) - c78ebe56-d058-4c98-bec9-45038831407a@group-D5ECA907A9BD-SegmentedRaftLogWorker: safeCacheEvictIndex: setUnconditionally 0 -> -1
2023-01-30 12:43:46,466 [pool-93-thread-1] INFO  server.RaftServerConfigKeys (ConfUtils.java:logGet(46)) - raft.server.log.unsafe-flush.enabled = false (default)
2023-01-30 12:43:46,466 [pool-93-thread-1] INFO  server.RaftServerConfigKeys (ConfUtils.java:logGet(46)) - raft.server.log.async-flush.enabled = false (default)
2023-01-30 12:43:46,466 [pool-93-thread-1] INFO  server.RaftServerConfigKeys (ConfUtils.java:logGet(46)) - raft.server.log.statemachine.data.caching.enabled = true (custom)
2023-01-30 12:43:46,466 [pool-93-thread-1] INFO  segmented.SegmentedRaftLogWorker (SegmentedRaftLogWorker.java:lambda$new$0(135)) - a354ee2c-6c3e-4107-b9a9-2d7a8532b2a5@group-D5ECA907A9BD-SegmentedRaftLogWorker: flushIndex: setUnconditionally 0 -> -1
2023-01-30 12:43:46,466 [pool-93-thread-1] INFO  segmented.SegmentedRaftLogWorker (SegmentedRaftLogWorker.java:lambda$new$0(135)) - a354ee2c-6c3e-4107-b9a9-2d7a8532b2a5@group-D5ECA907A9BD-SegmentedRaftLogWorker: safeCacheEvictIndex: setUnconditionally 0 -> -1
2023-01-30 12:43:46,468 [pool-71-thread-1] INFO  server.RaftServer$Division (RaftServerImpl.java:start(334)) - c78ebe56-d058-4c98-bec9-45038831407a@group-D5ECA907A9BD: start as a follower, conf=-1: peers:[a354ee2c-6c3e-4107-b9a9-2d7a8532b2a5|rpc:10.1.0.50:43337|dataStream:10.1.0.50:38877|priority:0|startupRole:FOLLOWER, 6d351c6b-99d3-43e7-8295-6decaaa133c4|rpc:10.1.0.50:32789|dataStream:10.1.0.50:44213|priority:1|startupRole:FOLLOWER, c78ebe56-d058-4c98-bec9-45038831407a|rpc:10.1.0.50:44927|dataStream:10.1.0.50:43181|priority:0|startupRole:FOLLOWER]|listeners:[], old=null
2023-01-30 12:43:46,468 [pool-71-thread-1] INFO  server.RaftServer$Division (RaftServerImpl.java:setRole(321)) - c78ebe56-d058-4c98-bec9-45038831407a@group-D5ECA907A9BD: changes role from      null to FOLLOWER at term 0 for startAsFollower
2023-01-30 12:43:46,468 [pool-71-thread-1] INFO  impl.RoleInfo (RoleInfo.java:updateAndGet(139)) - c78ebe56-d058-4c98-bec9-45038831407a: start c78ebe56-d058-4c98-bec9-45038831407a@group-D5ECA907A9BD-FollowerState
2023-01-30 12:43:46,468 [pool-71-thread-1] INFO  util.JmxRegister (JmxRegister.java:tryRegister(44)) - Successfully registered JMX Bean with object name Ratis:service=RaftServer,group=group-D5ECA907A9BD,id=c78ebe56-d058-4c98-bec9-45038831407a
2023-01-30 12:43:46,468 [pool-71-thread-1] INFO  server.RaftServerConfigKeys (ConfUtils.java:logGet(46)) - raft.server.snapshot.auto.trigger.enabled = true (custom)
2023-01-30 12:43:46,468 [pool-71-thread-1] INFO  server.RaftServerConfigKeys (ConfUtils.java:logGet(46)) - raft.server.snapshot.auto.trigger.threshold = 10000 (custom)
2023-01-30 12:43:46,468 [pool-71-thread-1] INFO  server.RaftServerConfigKeys (ConfUtils.java:logGet(46)) - raft.server.snapshot.retention.file.num = 5 (custom)
2023-01-30 12:43:46,468 [pool-71-thread-1] INFO  server.RaftServerConfigKeys (ConfUtils.java:logGet(46)) - raft.server.log.purge.upto.snapshot.index = false (default)
2023-01-30 12:43:46,469 [c78ebe56-d058-4c98-bec9-45038831407a@group-D5ECA907A9BD-FollowerState] INFO  server.RaftServerConfigKeys (ConfUtils.java:logFallback(53)) - raft.server.rpc.first-election.timeout.min = 5s (fallback to raft.server.rpc.timeout.min)
2023-01-30 12:43:46,472 [pool-93-thread-1] INFO  server.RaftServer$Division (RaftServerImpl.java:start(334)) - a354ee2c-6c3e-4107-b9a9-2d7a8532b2a5@group-D5ECA907A9BD: start as a follower, conf=-1: peers:[a354ee2c-6c3e-4107-b9a9-2d7a8532b2a5|rpc:10.1.0.50:43337|dataStream:10.1.0.50:38877|priority:0|startupRole:FOLLOWER, 6d351c6b-99d3-43e7-8295-6decaaa133c4|rpc:10.1.0.50:32789|dataStream:10.1.0.50:44213|priority:1|startupRole:FOLLOWER, c78ebe56-d058-4c98-bec9-45038831407a|rpc:10.1.0.50:44927|dataStream:10.1.0.50:43181|priority:0|startupRole:FOLLOWER]|listeners:[], old=null
2023-01-30 12:43:46,472 [c78ebe56-d058-4c98-bec9-45038831407a@group-D5ECA907A9BD-FollowerState] INFO  server.RaftServerConfigKeys (ConfUtils.java:logFallback(53)) - raft.server.rpc.first-election.timeout.max = 5200ms (fallback to raft.server.rpc.timeout.max)
2023-01-30 12:43:46,472 [pool-93-thread-1] INFO  server.RaftServer$Division (RaftServerImpl.java:setRole(321)) - a354ee2c-6c3e-4107-b9a9-2d7a8532b2a5@group-D5ECA907A9BD: changes role from      null to FOLLOWER at term 0 for startAsFollower
2023-01-30 12:43:46,476 [pool-93-thread-1] INFO  impl.RoleInfo (RoleInfo.java:updateAndGet(139)) - a354ee2c-6c3e-4107-b9a9-2d7a8532b2a5: start a354ee2c-6c3e-4107-b9a9-2d7a8532b2a5@group-D5ECA907A9BD-FollowerState
2023-01-30 12:43:46,470 [Command processor thread] INFO  ratis.XceiverServerRatis (XceiverServerRatis.java:addGroup(806)) - Created group PipelineID=7db5c901-5ace-4fa8-9e12-d5eca907a9bd
2023-01-30 12:43:46,477 [pool-93-thread-1] INFO  util.JmxRegister (JmxRegister.java:tryRegister(44)) - Successfully registered JMX Bean with object name Ratis:service=RaftServer,group=group-D5ECA907A9BD,id=a354ee2c-6c3e-4107-b9a9-2d7a8532b2a5
2023-01-30 12:43:46,477 [pool-93-thread-1] INFO  server.RaftServerConfigKeys (ConfUtils.java:logGet(46)) - raft.server.snapshot.auto.trigger.enabled = true (custom)
2023-01-30 12:43:46,477 [pool-93-thread-1] INFO  server.RaftServerConfigKeys (ConfUtils.java:logGet(46)) - raft.server.snapshot.auto.trigger.threshold = 10000 (custom)
2023-01-30 12:43:46,477 [pool-93-thread-1] INFO  server.RaftServerConfigKeys (ConfUtils.java:logGet(46)) - raft.server.snapshot.retention.file.num = 5 (custom)
2023-01-30 12:43:46,477 [pool-93-thread-1] INFO  server.RaftServerConfigKeys (ConfUtils.java:logGet(46)) - raft.server.log.purge.upto.snapshot.index = false (default)
2023-01-30 12:43:46,478 [a354ee2c-6c3e-4107-b9a9-2d7a8532b2a5@group-D5ECA907A9BD-FollowerState] INFO  server.RaftServerConfigKeys (ConfUtils.java:logFallback(53)) - raft.server.rpc.first-election.timeout.min = 5s (fallback to raft.server.rpc.timeout.min)
2023-01-30 12:43:46,479 [a354ee2c-6c3e-4107-b9a9-2d7a8532b2a5@group-D5ECA907A9BD-FollowerState] INFO  server.RaftServerConfigKeys (ConfUtils.java:logFallback(53)) - raft.server.rpc.first-election.timeout.max = 5200ms (fallback to raft.server.rpc.timeout.max)
2023-01-30 12:43:46,479 [Command processor thread] INFO  ratis.XceiverServerRatis (XceiverServerRatis.java:addGroup(806)) - Created group PipelineID=7db5c901-5ace-4fa8-9e12-d5eca907a9bd
2023-01-30 12:43:46,494 [grpc-default-executor-0] INFO  server.RaftServer (RaftServerProxy.java:addNew(96)) - 6d351c6b-99d3-43e7-8295-6decaaa133c4: addNew group-D5ECA907A9BD:[a354ee2c-6c3e-4107-b9a9-2d7a8532b2a5|rpc:10.1.0.50:43337|dataStream:10.1.0.50:38877|priority:0|startupRole:FOLLOWER, 6d351c6b-99d3-43e7-8295-6decaaa133c4|rpc:10.1.0.50:32789|dataStream:10.1.0.50:44213|priority:1|startupRole:FOLLOWER, c78ebe56-d058-4c98-bec9-45038831407a|rpc:10.1.0.50:44927|dataStream:10.1.0.50:43181|priority:0|startupRole:FOLLOWER] returns group-D5ECA907A9BD:java.util.concurrent.CompletableFuture@58241c2a[Not completed]
2023-01-30 12:43:46,496 [pool-115-thread-1] INFO  server.RaftServer$Division (RaftServerImpl.java:<init>(195)) - 6d351c6b-99d3-43e7-8295-6decaaa133c4: new RaftServerImpl for group-D5ECA907A9BD:[a354ee2c-6c3e-4107-b9a9-2d7a8532b2a5|rpc:10.1.0.50:43337|dataStream:10.1.0.50:38877|priority:0|startupRole:FOLLOWER, 6d351c6b-99d3-43e7-8295-6decaaa133c4|rpc:10.1.0.50:32789|dataStream:10.1.0.50:44213|priority:1|startupRole:FOLLOWER, c78ebe56-d058-4c98-bec9-45038831407a|rpc:10.1.0.50:44927|dataStream:10.1.0.50:43181|priority:0|startupRole:FOLLOWER] with ContainerStateMachine:uninitialized
2023-01-30 12:43:46,496 [pool-115-thread-1] INFO  server.RaftServerConfigKeys (ConfUtils.java:logGet(46)) - raft.server.rpc.timeout.min = 5s (custom)
2023-01-30 12:43:46,496 [pool-115-thread-1] INFO  server.RaftServerConfigKeys (ConfUtils.java:logGet(46)) - raft.server.rpc.timeout.max = 5200ms (custom)
2023-01-30 12:43:46,496 [pool-115-thread-1] INFO  server.RaftServerConfigKeys (ConfUtils.java:logGet(46)) - raft.server.rpc.sleep.time = 25ms (default)
2023-01-30 12:43:46,496 [pool-115-thread-1] INFO  server.RaftServerConfigKeys (ConfUtils.java:logGet(46)) - raft.server.rpc.slowness.timeout = 300s (custom)
2023-01-30 12:43:46,496 [pool-115-thread-1] INFO  server.RaftServerConfigKeys (ConfUtils.java:logGet(46)) - raft.server.leaderelection.leader.step-down.wait-time = 10s (default)
2023-01-30 12:43:46,496 [pool-115-thread-1] INFO  server.RaftServerConfigKeys (ConfUtils.java:logGet(46)) - raft.server.sleep.deviation.threshold = 300ms (default)
2023-01-30 12:43:46,496 [pool-115-thread-1] INFO  server.RaftServer$Division (ServerState.java:<init>(118)) - 6d351c6b-99d3-43e7-8295-6decaaa133c4@group-D5ECA907A9BD: ConfigurationManager, init=-1: peers:[a354ee2c-6c3e-4107-b9a9-2d7a8532b2a5|rpc:10.1.0.50:43337|dataStream:10.1.0.50:38877|priority:0|startupRole:FOLLOWER, 6d351c6b-99d3-43e7-8295-6decaaa133c4|rpc:10.1.0.50:32789|dataStream:10.1.0.50:44213|priority:1|startupRole:FOLLOWER, c78ebe56-d058-4c98-bec9-45038831407a|rpc:10.1.0.50:44927|dataStream:10.1.0.50:43181|priority:0|startupRole:FOLLOWER]|listeners:[], old=null, confs=<EMPTY_MAP>
2023-01-30 12:43:46,496 [pool-115-thread-1] INFO  server.RaftServerConfigKeys (ConfUtils.java:logGet(46)) - raft.server.storage.dir = [/home/runner/work/ozone/ozone/hadoop-ozone/integration-test/target/test-dir/MiniOzoneClusterImpl-3373c666-e21d-449e-a922-fde15befd7fc/datanode-2/data/ratis] (custom)
2023-01-30 12:43:46,496 [pool-115-thread-1] INFO  server.RaftServerConfigKeys (ConfUtils.java:logGet(46)) - raft.server.log.corruption.policy = EXCEPTION (default)
2023-01-30 12:43:46,496 [pool-115-thread-1] INFO  server.RaftServerConfigKeys (ConfUtils.java:logGet(46)) - raft.server.storage.free-space.min = 0MB (=0) (default)
2023-01-30 12:43:46,496 [pool-115-thread-1] INFO  server.RaftServerConfigKeys (ConfUtils.java:logGet(46)) - raft.server.notification.no-leader.timeout = 300s (custom)
2023-01-30 12:43:46,496 [pool-115-thread-1] INFO  server.RaftServerConfigKeys (ConfUtils.java:logGet(46)) - raft.server.retrycache.expirytime = 600000ms (custom)
2023-01-30 12:43:46,496 [pool-115-thread-1] INFO  server.RaftServerConfigKeys (ConfUtils.java:logGet(46)) - raft.server.retrycache.statistics.expirytime = 100μs (default)
2023-01-30 12:43:46,498 [pool-115-thread-1] INFO  server.RaftServerConfigKeys (ConfUtils.java:logGet(46)) - raft.server.log.appender.install.snapshot.enabled = false (custom)
2023-01-30 12:43:46,498 [pool-115-thread-1] INFO  server.RaftServerConfigKeys (ConfUtils.java:logGet(46)) - raft.server.threadpool.server.cached = true (default)
2023-01-30 12:43:46,498 [pool-115-thread-1] INFO  server.RaftServerConfigKeys (ConfUtils.java:logGet(46)) - raft.server.threadpool.server.size = 0 (default)
2023-01-30 12:43:46,498 [pool-115-thread-1] INFO  server.RaftServerConfigKeys (ConfUtils.java:logGet(46)) - raft.server.threadpool.client.cached = true (default)
2023-01-30 12:43:46,498 [pool-115-thread-1] INFO  server.RaftServerConfigKeys (ConfUtils.java:logGet(46)) - raft.server.threadpool.client.size = 0 (default)
2023-01-30 12:43:46,498 [pool-115-thread-1] INFO  storage.RaftStorageDirectory (RaftStorageDirectoryImpl.java:analyzeStorage(137)) - The storage directory /home/runner/work/ozone/ozone/hadoop-ozone/integration-test/target/test-dir/MiniOzoneClusterImpl-3373c666-e21d-449e-a922-fde15befd7fc/datanode-2/data/ratis/7db5c901-5ace-4fa8-9e12-d5eca907a9bd does not exist. Creating ...
2023-01-30 12:43:46,501 [pool-115-thread-1] INFO  storage.RaftStorageDirectory (RaftStorageDirectoryImpl.java:tryLock(231)) - Lock on /home/runner/work/ozone/ozone/hadoop-ozone/integration-test/target/test-dir/MiniOzoneClusterImpl-3373c666-e21d-449e-a922-fde15befd7fc/datanode-2/data/ratis/7db5c901-5ace-4fa8-9e12-d5eca907a9bd/in_use.lock acquired by nodename 58968@fv-az186-393
2023-01-30 12:43:46,503 [pool-115-thread-1] INFO  storage.RaftStorage (RaftStorageImpl.java:format(96)) - Storage directory /home/runner/work/ozone/ozone/hadoop-ozone/integration-test/target/test-dir/MiniOzoneClusterImpl-3373c666-e21d-449e-a922-fde15befd7fc/datanode-2/data/ratis/7db5c901-5ace-4fa8-9e12-d5eca907a9bd has been successfully formatted.
2023-01-30 12:43:46,503 [pool-115-thread-1] INFO  ratis.ContainerStateMachine (ContainerStateMachine.java:loadSnapshot(240)) - group-D5ECA907A9BD: The snapshot info is null. Setting the last applied indexto:(t:0, i:~)
2023-01-30 12:43:46,503 [pool-115-thread-1] INFO  server.RaftServerConfigKeys (ConfUtils.java:logGet(46)) - raft.server.log.use.memory = false (default)
2023-01-30 12:43:46,503 [pool-115-thread-1] INFO  server.RaftServerConfigKeys (ConfUtils.java:logGet(46)) - raft.server.log.purge.gap = 1000000 (custom)
2023-01-30 12:43:46,504 [pool-115-thread-1] INFO  server.RaftServerConfigKeys (ConfUtils.java:logGet(46)) - raft.server.log.appender.buffer.byte-limit = 33554432 (custom)
2023-01-30 12:43:46,504 [pool-115-thread-1] INFO  server.RaftServerConfigKeys (ConfUtils.java:logGet(46)) - raft.server.log.statemachine.data.read.timeout = 1000ms (default)
2023-01-30 12:43:46,504 [pool-115-thread-1] INFO  server.RaftServerConfigKeys (ConfUtils.java:logGet(46)) - raft.server.log.purge.preservation.log.num = 0 (default)
2023-01-30 12:43:46,504 [pool-115-thread-1] INFO  server.RaftServerConfigKeys (ConfUtils.java:logGet(46)) - raft.server.log.segment.size.max = 1048576 (custom)
2023-01-30 12:43:46,504 [pool-115-thread-1] INFO  server.RaftServerConfigKeys (ConfUtils.java:logGet(46)) - raft.server.log.segment.cache.num.max = 2 (custom)
2023-01-30 12:43:46,504 [pool-115-thread-1] INFO  server.RaftServerConfigKeys (ConfUtils.java:logGet(46)) - raft.server.log.segment.cache.size.max = 200MB (=209715200) (default)
2023-01-30 12:43:46,504 [pool-115-thread-1] INFO  segmented.SegmentedRaftLogWorker (SegmentedRaftLogWorker.java:<init>(189)) - new 6d351c6b-99d3-43e7-8295-6decaaa133c4@group-D5ECA907A9BD-SegmentedRaftLogWorker for RaftStorageImpl:Storage Directory /home/runner/work/ozone/ozone/hadoop-ozone/integration-test/target/test-dir/MiniOzoneClusterImpl-3373c666-e21d-449e-a922-fde15befd7fc/datanode-2/data/ratis/7db5c901-5ace-4fa8-9e12-d5eca907a9bd
2023-01-30 12:43:46,504 [pool-115-thread-1] INFO  server.RaftServerConfigKeys (ConfUtils.java:logGet(46)) - raft.server.log.queue.byte-limit = 4294967296 (custom)
2023-01-30 12:43:46,504 [pool-115-thread-1] INFO  server.RaftServerConfigKeys (ConfUtils.java:logGet(46)) - raft.server.log.queue.element-limit = 1024 (custom)
2023-01-30 12:43:46,504 [pool-115-thread-1] INFO  server.RaftServerConfigKeys (ConfUtils.java:logGet(46)) - raft.server.log.segment.size.max = 1048576 (custom)
2023-01-30 12:43:46,504 [pool-115-thread-1] INFO  server.RaftServerConfigKeys (ConfUtils.java:logGet(46)) - raft.server.log.preallocated.size = 16384 (custom)
2023-01-30 12:43:46,505 [pool-115-thread-1] INFO  server.RaftServerConfigKeys (ConfUtils.java:logGet(46)) - raft.server.log.force.sync.num = 128 (default)
2023-01-30 12:43:46,505 [pool-115-thread-1] INFO  server.RaftServerConfigKeys (ConfUtils.java:logGet(46)) - raft.server.log.statemachine.data.sync = true (default)
2023-01-30 12:43:46,505 [pool-115-thread-1] INFO  server.RaftServerConfigKeys (ConfUtils.java:logGet(46)) - raft.server.log.statemachine.data.sync.timeout = 10s (default)
2023-01-30 12:43:46,505 [pool-115-thread-1] INFO  server.RaftServerConfigKeys (ConfUtils.java:logGet(46)) - raft.server.log.statemachine.data.sync.timeout.retry = -1 (default)
2023-01-30 12:43:46,505 [pool-115-thread-1] INFO  server.RaftServerConfigKeys (ConfUtils.java:logGet(46)) - raft.server.log.write.buffer.size = 1048576 (custom)
2023-01-30 12:43:46,506 [pool-115-thread-1] INFO  server.RaftServerConfigKeys (ConfUtils.java:logGet(46)) - raft.server.log.appender.buffer.byte-limit = 33554432 (custom)
2023-01-30 12:43:46,520 [pool-115-thread-1] INFO  server.RaftServerConfigKeys (ConfUtils.java:logGet(46)) - raft.server.log.unsafe-flush.enabled = false (default)
2023-01-30 12:43:46,520 [pool-115-thread-1] INFO  server.RaftServerConfigKeys (ConfUtils.java:logGet(46)) - raft.server.log.async-flush.enabled = false (default)
2023-01-30 12:43:46,520 [pool-115-thread-1] INFO  server.RaftServerConfigKeys (ConfUtils.java:logGet(46)) - raft.server.log.statemachine.data.caching.enabled = true (custom)
2023-01-30 12:43:46,520 [pool-115-thread-1] INFO  segmented.SegmentedRaftLogWorker (SegmentedRaftLogWorker.java:lambda$new$0(135)) - 6d351c6b-99d3-43e7-8295-6decaaa133c4@group-D5ECA907A9BD-SegmentedRaftLogWorker: flushIndex: setUnconditionally 0 -> -1
2023-01-30 12:43:46,520 [pool-115-thread-1] INFO  segmented.SegmentedRaftLogWorker (SegmentedRaftLogWorker.java:lambda$new$0(135)) - 6d351c6b-99d3-43e7-8295-6decaaa133c4@group-D5ECA907A9BD-SegmentedRaftLogWorker: safeCacheEvictIndex: setUnconditionally 0 -> -1
2023-01-30 12:43:46,520 [pool-115-thread-1] INFO  server.RaftServer$Division (RaftServerImpl.java:start(334)) - 6d351c6b-99d3-43e7-8295-6decaaa133c4@group-D5ECA907A9BD: start as a follower, conf=-1: peers:[a354ee2c-6c3e-4107-b9a9-2d7a8532b2a5|rpc:10.1.0.50:43337|dataStream:10.1.0.50:38877|priority:0|startupRole:FOLLOWER, 6d351c6b-99d3-43e7-8295-6decaaa133c4|rpc:10.1.0.50:32789|dataStream:10.1.0.50:44213|priority:1|startupRole:FOLLOWER, c78ebe56-d058-4c98-bec9-45038831407a|rpc:10.1.0.50:44927|dataStream:10.1.0.50:43181|priority:0|startupRole:FOLLOWER]|listeners:[], old=null
2023-01-30 12:43:46,520 [pool-115-thread-1] INFO  server.RaftServer$Division (RaftServerImpl.java:setRole(321)) - 6d351c6b-99d3-43e7-8295-6decaaa133c4@group-D5ECA907A9BD: changes role from      null to FOLLOWER at term 0 for startAsFollower
2023-01-30 12:43:46,520 [pool-115-thread-1] INFO  impl.RoleInfo (RoleInfo.java:updateAndGet(139)) - 6d351c6b-99d3-43e7-8295-6decaaa133c4: start 6d351c6b-99d3-43e7-8295-6decaaa133c4@group-D5ECA907A9BD-FollowerState
2023-01-30 12:43:46,521 [pool-115-thread-1] INFO  util.JmxRegister (JmxRegister.java:tryRegister(44)) - Successfully registered JMX Bean with object name Ratis:service=RaftServer,group=group-D5ECA907A9BD,id=6d351c6b-99d3-43e7-8295-6decaaa133c4
2023-01-30 12:43:46,521 [pool-115-thread-1] INFO  server.RaftServerConfigKeys (ConfUtils.java:logGet(46)) - raft.server.snapshot.auto.trigger.enabled = true (custom)
2023-01-30 12:43:46,521 [pool-115-thread-1] INFO  server.RaftServerConfigKeys (ConfUtils.java:logGet(46)) - raft.server.snapshot.auto.trigger.threshold = 10000 (custom)
2023-01-30 12:43:46,521 [pool-115-thread-1] INFO  server.RaftServerConfigKeys (ConfUtils.java:logGet(46)) - raft.server.snapshot.retention.file.num = 5 (custom)
2023-01-30 12:43:46,521 [pool-115-thread-1] INFO  server.RaftServerConfigKeys (ConfUtils.java:logGet(46)) - raft.server.log.purge.upto.snapshot.index = false (default)
2023-01-30 12:43:46,521 [6d351c6b-99d3-43e7-8295-6decaaa133c4@group-D5ECA907A9BD-FollowerState] INFO  server.RaftServerConfigKeys (ConfUtils.java:logFallback(53)) - raft.server.rpc.first-election.timeout.min = 5s (fallback to raft.server.rpc.timeout.min)
2023-01-30 12:43:46,528 [6d351c6b-99d3-43e7-8295-6decaaa133c4@group-D5ECA907A9BD-FollowerState] INFO  server.RaftServerConfigKeys (ConfUtils.java:logFallback(53)) - raft.server.rpc.first-election.timeout.max = 5200ms (fallback to raft.server.rpc.timeout.max)
2023-01-30 12:43:46,527 [pool-115-thread-1] INFO  server.RaftServer$Division (RaftServerImpl.java:<init>(195)) - 6d351c6b-99d3-43e7-8295-6decaaa133c4: new RaftServerImpl for group-EC97F69EAB04:[6d351c6b-99d3-43e7-8295-6decaaa133c4|rpc:10.1.0.50:32789|dataStream:10.1.0.50:44213|priority:1|startupRole:FOLLOWER] with ContainerStateMachine:uninitialized
2023-01-30 12:43:46,529 [pool-115-thread-1] INFO  server.RaftServerConfigKeys (ConfUtils.java:logGet(46)) - raft.server.rpc.timeout.min = 5s (custom)
2023-01-30 12:43:46,529 [pool-115-thread-1] INFO  server.RaftServerConfigKeys (ConfUtils.java:logGet(46)) - raft.server.rpc.timeout.max = 5200ms (custom)
2023-01-30 12:43:46,529 [pool-115-thread-1] INFO  server.RaftServerConfigKeys (ConfUtils.java:logGet(46)) - raft.server.rpc.sleep.time = 25ms (default)
2023-01-30 12:43:46,529 [pool-115-thread-1] INFO  server.RaftServerConfigKeys (ConfUtils.java:logGet(46)) - raft.server.rpc.slowness.timeout = 300s (custom)
2023-01-30 12:43:46,529 [pool-115-thread-1] INFO  server.RaftServerConfigKeys (ConfUtils.java:logGet(46)) - raft.server.leaderelection.leader.step-down.wait-time = 10s (default)
2023-01-30 12:43:46,529 [pool-115-thread-1] INFO  server.RaftServerConfigKeys (ConfUtils.java:logGet(46)) - raft.server.sleep.deviation.threshold = 300ms (default)
2023-01-30 12:43:46,529 [pool-115-thread-1] INFO  server.RaftServer$Division (ServerState.java:<init>(118)) - 6d351c6b-99d3-43e7-8295-6decaaa133c4@group-EC97F69EAB04: ConfigurationManager, init=-1: peers:[6d351c6b-99d3-43e7-8295-6decaaa133c4|rpc:10.1.0.50:32789|dataStream:10.1.0.50:44213|priority:1|startupRole:FOLLOWER]|listeners:[], old=null, confs=<EMPTY_MAP>
2023-01-30 12:43:46,529 [pool-115-thread-1] INFO  server.RaftServerConfigKeys (ConfUtils.java:logGet(46)) - raft.server.storage.dir = [/home/runner/work/ozone/ozone/hadoop-ozone/integration-test/target/test-dir/MiniOzoneClusterImpl-3373c666-e21d-449e-a922-fde15befd7fc/datanode-2/data/ratis] (custom)
2023-01-30 12:43:46,529 [pool-115-thread-1] INFO  server.RaftServerConfigKeys (ConfUtils.java:logGet(46)) - raft.server.log.corruption.policy = EXCEPTION (default)
2023-01-30 12:43:46,529 [pool-115-thread-1] INFO  server.RaftServerConfigKeys (ConfUtils.java:logGet(46)) - raft.server.storage.free-space.min = 0MB (=0) (default)
2023-01-30 12:43:46,529 [pool-115-thread-1] INFO  server.RaftServerConfigKeys (ConfUtils.java:logGet(46)) - raft.server.notification.no-leader.timeout = 300s (custom)
2023-01-30 12:43:46,529 [pool-115-thread-1] INFO  server.RaftServerConfigKeys (ConfUtils.java:logGet(46)) - raft.server.retrycache.expirytime = 600000ms (custom)
2023-01-30 12:43:46,529 [pool-115-thread-1] INFO  server.RaftServerConfigKeys (ConfUtils.java:logGet(46)) - raft.server.retrycache.statistics.expirytime = 100μs (default)
2023-01-30 12:43:46,524 [Command processor thread] INFO  server.RaftServer (RaftServerProxy.java:addNew(96)) - 6d351c6b-99d3-43e7-8295-6decaaa133c4: addNew group-EC97F69EAB04:[6d351c6b-99d3-43e7-8295-6decaaa133c4|rpc:10.1.0.50:32789|dataStream:10.1.0.50:44213|priority:1|startupRole:FOLLOWER] returns group-EC97F69EAB04:java.util.concurrent.CompletableFuture@1957b5dd[Not completed]
2023-01-30 12:43:46,532 [pool-115-thread-1] INFO  server.RaftServerConfigKeys (ConfUtils.java:logGet(46)) - raft.server.log.appender.install.snapshot.enabled = false (custom)
2023-01-30 12:43:46,532 [pool-115-thread-1] INFO  server.RaftServerConfigKeys (ConfUtils.java:logGet(46)) - raft.server.threadpool.server.cached = true (default)
2023-01-30 12:43:46,532 [pool-115-thread-1] INFO  server.RaftServerConfigKeys (ConfUtils.java:logGet(46)) - raft.server.threadpool.server.size = 0 (default)
2023-01-30 12:43:46,533 [pool-115-thread-1] INFO  server.RaftServerConfigKeys (ConfUtils.java:logGet(46)) - raft.server.threadpool.client.cached = true (default)
2023-01-30 12:43:46,533 [pool-115-thread-1] INFO  server.RaftServerConfigKeys (ConfUtils.java:logGet(46)) - raft.server.threadpool.client.size = 0 (default)
2023-01-30 12:43:46,533 [pool-115-thread-1] INFO  storage.RaftStorageDirectory (RaftStorageDirectoryImpl.java:analyzeStorage(137)) - The storage directory /home/runner/work/ozone/ozone/hadoop-ozone/integration-test/target/test-dir/MiniOzoneClusterImpl-3373c666-e21d-449e-a922-fde15befd7fc/datanode-2/data/ratis/cfd230af-e174-4474-a478-ec97f69eab04 does not exist. Creating ...
2023-01-30 12:43:46,535 [pool-115-thread-1] INFO  storage.RaftStorageDirectory (RaftStorageDirectoryImpl.java:tryLock(231)) - Lock on /home/runner/work/ozone/ozone/hadoop-ozone/integration-test/target/test-dir/MiniOzoneClusterImpl-3373c666-e21d-449e-a922-fde15befd7fc/datanode-2/data/ratis/cfd230af-e174-4474-a478-ec97f69eab04/in_use.lock acquired by nodename 58968@fv-az186-393
2023-01-30 12:43:46,540 [pool-115-thread-1] INFO  storage.RaftStorage (RaftStorageImpl.java:format(96)) - Storage directory /home/runner/work/ozone/ozone/hadoop-ozone/integration-test/target/test-dir/MiniOzoneClusterImpl-3373c666-e21d-449e-a922-fde15befd7fc/datanode-2/data/ratis/cfd230af-e174-4474-a478-ec97f69eab04 has been successfully formatted.
2023-01-30 12:43:46,541 [pool-115-thread-1] INFO  ratis.ContainerStateMachine (ContainerStateMachine.java:loadSnapshot(240)) - group-EC97F69EAB04: The snapshot info is null. Setting the last applied indexto:(t:0, i:~)
2023-01-30 12:43:46,541 [pool-115-thread-1] INFO  server.RaftServerConfigKeys (ConfUtils.java:logGet(46)) - raft.server.log.use.memory = false (default)
2023-01-30 12:43:46,541 [pool-115-thread-1] INFO  server.RaftServerConfigKeys (ConfUtils.java:logGet(46)) - raft.server.log.purge.gap = 1000000 (custom)
2023-01-30 12:43:46,541 [pool-115-thread-1] INFO  server.RaftServerConfigKeys (ConfUtils.java:logGet(46)) - raft.server.log.appender.buffer.byte-limit = 33554432 (custom)
2023-01-30 12:43:46,541 [pool-115-thread-1] INFO  server.RaftServerConfigKeys (ConfUtils.java:logGet(46)) - raft.server.log.statemachine.data.read.timeout = 1000ms (default)
2023-01-30 12:43:46,541 [pool-115-thread-1] INFO  server.RaftServerConfigKeys (ConfUtils.java:logGet(46)) - raft.server.log.purge.preservation.log.num = 0 (default)
2023-01-30 12:43:46,551 [EventQueue-PipelineReportForPipelineReportHandler] INFO  pipeline.PipelineManagerImpl (PipelineManagerImpl.java:openPipeline(367)) - Pipeline Pipeline[ Id: cfd230af-e174-4474-a478-ec97f69eab04, Nodes: 6d351c6b-99d3-43e7-8295-6decaaa133c4(fv-az186-393.qnicg3m0sonedg4msc5mrdkamh.cx.internal.cloudapp.net/10.1.0.50), ReplicationConfig: RATIS/ONE, State:ALLOCATED, leaderId:6d351c6b-99d3-43e7-8295-6decaaa133c4, CreationTimestamp2023-01-30T12:43:43.528Z[Etc/UTC]] moved to OPEN state
2023-01-30 12:43:46,551 [EventQueue-OpenPipelineForHealthyPipelineSafeModeRule] INFO  safemode.SCMSafeModeManager (HealthyPipelineSafeModeRule.java:process(137)) - SCM in safe mode. Healthy pipelines reported count is 0, required healthy pipeline reported count is 1
2023-01-30 12:43:46,552 [pool-115-thread-1] INFO  server.RaftServerConfigKeys (ConfUtils.java:logGet(46)) - raft.server.log.segment.size.max = 1048576 (custom)
2023-01-30 12:43:46,553 [pool-115-thread-1] INFO  server.RaftServerConfigKeys (ConfUtils.java:logGet(46)) - raft.server.log.segment.cache.num.max = 2 (custom)
2023-01-30 12:43:46,553 [pool-115-thread-1] INFO  server.RaftServerConfigKeys (ConfUtils.java:logGet(46)) - raft.server.log.segment.cache.size.max = 200MB (=209715200) (default)
2023-01-30 12:43:46,553 [pool-115-thread-1] INFO  segmented.SegmentedRaftLogWorker (SegmentedRaftLogWorker.java:<init>(189)) - new 6d351c6b-99d3-43e7-8295-6decaaa133c4@group-EC97F69EAB04-SegmentedRaftLogWorker for RaftStorageImpl:Storage Directory /home/runner/work/ozone/ozone/hadoop-ozone/integration-test/target/test-dir/MiniOzoneClusterImpl-3373c666-e21d-449e-a922-fde15befd7fc/datanode-2/data/ratis/cfd230af-e174-4474-a478-ec97f69eab04
2023-01-30 12:43:46,553 [pool-115-thread-1] INFO  server.RaftServerConfigKeys (ConfUtils.java:logGet(46)) - raft.server.log.queue.byte-limit = 4294967296 (custom)
2023-01-30 12:43:46,553 [pool-115-thread-1] INFO  server.RaftServerConfigKeys (ConfUtils.java:logGet(46)) - raft.server.log.queue.element-limit = 1024 (custom)
2023-01-30 12:43:46,553 [pool-115-thread-1] INFO  server.RaftServerConfigKeys (ConfUtils.java:logGet(46)) - raft.server.log.segment.size.max = 1048576 (custom)
2023-01-30 12:43:46,553 [pool-115-thread-1] INFO  server.RaftServerConfigKeys (ConfUtils.java:logGet(46)) - raft.server.log.preallocated.size = 16384 (custom)
2023-01-30 12:43:46,553 [pool-115-thread-1] INFO  server.RaftServerConfigKeys (ConfUtils.java:logGet(46)) - raft.server.log.force.sync.num = 128 (default)
2023-01-30 12:43:46,553 [pool-115-thread-1] INFO  server.RaftServerConfigKeys (ConfUtils.java:logGet(46)) - raft.server.log.statemachine.data.sync = true (default)
2023-01-30 12:43:46,553 [pool-115-thread-1] INFO  server.RaftServerConfigKeys (ConfUtils.java:logGet(46)) - raft.server.log.statemachine.data.sync.timeout = 10s (default)
2023-01-30 12:43:46,553 [pool-115-thread-1] INFO  server.RaftServerConfigKeys (ConfUtils.java:logGet(46)) - raft.server.log.statemachine.data.sync.timeout.retry = -1 (default)
2023-01-30 12:43:46,554 [pool-115-thread-1] INFO  server.RaftServerConfigKeys (ConfUtils.java:logGet(46)) - raft.server.log.write.buffer.size = 1048576 (custom)
2023-01-30 12:43:46,558 [pool-115-thread-1] INFO  server.RaftServerConfigKeys (ConfUtils.java:logGet(46)) - raft.server.log.appender.buffer.byte-limit = 33554432 (custom)
2023-01-30 12:43:46,563 [pool-115-thread-1] INFO  server.RaftServerConfigKeys (ConfUtils.java:logGet(46)) - raft.server.log.unsafe-flush.enabled = false (default)
2023-01-30 12:43:46,564 [pool-115-thread-1] INFO  server.RaftServerConfigKeys (ConfUtils.java:logGet(46)) - raft.server.log.async-flush.enabled = false (default)
2023-01-30 12:43:46,564 [pool-115-thread-1] INFO  server.RaftServerConfigKeys (ConfUtils.java:logGet(46)) - raft.server.log.statemachine.data.caching.enabled = true (custom)
2023-01-30 12:43:46,564 [pool-115-thread-1] INFO  segmented.SegmentedRaftLogWorker (SegmentedRaftLogWorker.java:lambda$new$0(135)) - 6d351c6b-99d3-43e7-8295-6decaaa133c4@group-EC97F69EAB04-SegmentedRaftLogWorker: flushIndex: setUnconditionally 0 -> -1
2023-01-30 12:43:46,564 [pool-115-thread-1] INFO  segmented.SegmentedRaftLogWorker (SegmentedRaftLogWorker.java:lambda$new$0(135)) - 6d351c6b-99d3-43e7-8295-6decaaa133c4@group-EC97F69EAB04-SegmentedRaftLogWorker: safeCacheEvictIndex: setUnconditionally 0 -> -1
2023-01-30 12:43:46,564 [pool-115-thread-1] INFO  server.RaftServer$Division (RaftServerImpl.java:start(334)) - 6d351c6b-99d3-43e7-8295-6decaaa133c4@group-EC97F69EAB04: start as a follower, conf=-1: peers:[6d351c6b-99d3-43e7-8295-6decaaa133c4|rpc:10.1.0.50:32789|dataStream:10.1.0.50:44213|priority:1|startupRole:FOLLOWER]|listeners:[], old=null
2023-01-30 12:43:46,564 [pool-115-thread-1] INFO  server.RaftServer$Division (RaftServerImpl.java:setRole(321)) - 6d351c6b-99d3-43e7-8295-6decaaa133c4@group-EC97F69EAB04: changes role from      null to FOLLOWER at term 0 for startAsFollower
2023-01-30 12:43:46,564 [pool-115-thread-1] INFO  impl.RoleInfo (RoleInfo.java:updateAndGet(139)) - 6d351c6b-99d3-43e7-8295-6decaaa133c4: start 6d351c6b-99d3-43e7-8295-6decaaa133c4@group-EC97F69EAB04-FollowerState
2023-01-30 12:43:46,564 [pool-115-thread-1] INFO  util.JmxRegister (JmxRegister.java:tryRegister(44)) - Successfully registered JMX Bean with object name Ratis:service=RaftServer,group=group-EC97F69EAB04,id=6d351c6b-99d3-43e7-8295-6decaaa133c4
2023-01-30 12:43:46,564 [pool-115-thread-1] INFO  server.RaftServerConfigKeys (ConfUtils.java:logGet(46)) - raft.server.snapshot.auto.trigger.enabled = true (custom)
2023-01-30 12:43:46,564 [pool-115-thread-1] INFO  server.RaftServerConfigKeys (ConfUtils.java:logGet(46)) - raft.server.snapshot.auto.trigger.threshold = 10000 (custom)
2023-01-30 12:43:46,564 [pool-115-thread-1] INFO  server.RaftServerConfigKeys (ConfUtils.java:logGet(46)) - raft.server.snapshot.retention.file.num = 5 (custom)
2023-01-30 12:43:46,566 [pool-115-thread-1] INFO  server.RaftServerConfigKeys (ConfUtils.java:logGet(46)) - raft.server.log.purge.upto.snapshot.index = false (default)
2023-01-30 12:43:46,567 [6d351c6b-99d3-43e7-8295-6decaaa133c4@group-EC97F69EAB04-FollowerState] INFO  server.RaftServerConfigKeys (ConfUtils.java:logFallback(53)) - raft.server.rpc.first-election.timeout.min = 5s (fallback to raft.server.rpc.timeout.min)
2023-01-30 12:43:46,567 [6d351c6b-99d3-43e7-8295-6decaaa133c4@group-EC97F69EAB04-FollowerState] INFO  server.RaftServerConfigKeys (ConfUtils.java:logFallback(53)) - raft.server.rpc.first-election.timeout.max = 5200ms (fallback to raft.server.rpc.timeout.max)
2023-01-30 12:43:46,567 [Command processor thread] INFO  ratis.XceiverServerRatis (XceiverServerRatis.java:addGroup(806)) - Created group PipelineID=cfd230af-e174-4474-a478-ec97f69eab04
2023-01-30 12:43:46,567 [Command processor thread] INFO  commandhandler.CreatePipelineCommandHandler (CreatePipelineCommandHandler.java:handle(113)) - Created Pipeline RATIS ONE PipelineID=cfd230af-e174-4474-a478-ec97f69eab04.
2023-01-30 12:43:46,580 [Command processor thread] INFO  commandhandler.CreatePipelineCommandHandler (CreatePipelineCommandHandler.java:handle(113)) - Created Pipeline RATIS THREE PipelineID=7db5c901-5ace-4fa8-9e12-d5eca907a9bd.
2023-01-30 12:43:46,586 [Command processor thread] INFO  commandhandler.CreatePipelineCommandHandler (CreatePipelineCommandHandler.java:handle(113)) - Created Pipeline RATIS THREE PipelineID=7db5c901-5ace-4fa8-9e12-d5eca907a9bd.
2023-01-30 12:43:46,884 [Command processor thread] INFO  server.RaftServer (RaftServerProxy.java:addNew(96)) - 4161fb15-5f04-4edd-aa04-1f821408f5fb: addNew group-8828EFBD05B2:[4161fb15-5f04-4edd-aa04-1f821408f5fb|rpc:10.1.0.50:35253|dataStream:10.1.0.50:40011|priority:1|startupRole:FOLLOWER] returns group-8828EFBD05B2:java.util.concurrent.CompletableFuture@5fc20074[Not completed]
2023-01-30 12:43:46,885 [pool-137-thread-1] INFO  server.RaftServer$Division (RaftServerImpl.java:<init>(195)) - 4161fb15-5f04-4edd-aa04-1f821408f5fb: new RaftServerImpl for group-8828EFBD05B2:[4161fb15-5f04-4edd-aa04-1f821408f5fb|rpc:10.1.0.50:35253|dataStream:10.1.0.50:40011|priority:1|startupRole:FOLLOWER] with ContainerStateMachine:uninitialized
2023-01-30 12:43:46,885 [pool-137-thread-1] INFO  server.RaftServerConfigKeys (ConfUtils.java:logGet(46)) - raft.server.rpc.timeout.min = 5s (custom)
2023-01-30 12:43:46,886 [pool-137-thread-1] INFO  server.RaftServerConfigKeys (ConfUtils.java:logGet(46)) - raft.server.rpc.timeout.max = 5200ms (custom)
2023-01-30 12:43:46,886 [pool-137-thread-1] INFO  server.RaftServerConfigKeys (ConfUtils.java:logGet(46)) - raft.server.rpc.sleep.time = 25ms (default)
2023-01-30 12:43:46,886 [pool-137-thread-1] INFO  server.RaftServerConfigKeys (ConfUtils.java:logGet(46)) - raft.server.rpc.slowness.timeout = 300s (custom)
2023-01-30 12:43:46,886 [pool-137-thread-1] INFO  server.RaftServerConfigKeys (ConfUtils.java:logGet(46)) - raft.server.leaderelection.leader.step-down.wait-time = 10s (default)
2023-01-30 12:43:46,886 [pool-137-thread-1] INFO  server.RaftServerConfigKeys (ConfUtils.java:logGet(46)) - raft.server.sleep.deviation.threshold = 300ms (default)
2023-01-30 12:43:46,886 [pool-137-thread-1] INFO  server.RaftServer$Division (ServerState.java:<init>(118)) - 4161fb15-5f04-4edd-aa04-1f821408f5fb@group-8828EFBD05B2: ConfigurationManager, init=-1: peers:[4161fb15-5f04-4edd-aa04-1f821408f5fb|rpc:10.1.0.50:35253|dataStream:10.1.0.50:40011|priority:1|startupRole:FOLLOWER]|listeners:[], old=null, confs=<EMPTY_MAP>
2023-01-30 12:43:46,886 [pool-137-thread-1] INFO  server.RaftServerConfigKeys (ConfUtils.java:logGet(46)) - raft.server.storage.dir = [/home/runner/work/ozone/ozone/hadoop-ozone/integration-test/target/test-dir/MiniOzoneClusterImpl-3373c666-e21d-449e-a922-fde15befd7fc/datanode-3/data/ratis] (custom)
2023-01-30 12:43:46,886 [pool-137-thread-1] INFO  server.RaftServerConfigKeys (ConfUtils.java:logGet(46)) - raft.server.log.corruption.policy = EXCEPTION (default)
2023-01-30 12:43:46,886 [pool-137-thread-1] INFO  server.RaftServerConfigKeys (ConfUtils.java:logGet(46)) - raft.server.storage.free-space.min = 0MB (=0) (default)
2023-01-30 12:43:46,886 [pool-137-thread-1] INFO  server.RaftServerConfigKeys (ConfUtils.java:logGet(46)) - raft.server.notification.no-leader.timeout = 300s (custom)
2023-01-30 12:43:46,886 [pool-137-thread-1] INFO  server.RaftServerConfigKeys (ConfUtils.java:logGet(46)) - raft.server.retrycache.expirytime = 600000ms (custom)
2023-01-30 12:43:46,886 [pool-137-thread-1] INFO  server.RaftServerConfigKeys (ConfUtils.java:logGet(46)) - raft.server.retrycache.statistics.expirytime = 100μs (default)
2023-01-30 12:43:46,888 [pool-137-thread-1] INFO  server.RaftServerConfigKeys (ConfUtils.java:logGet(46)) - raft.server.log.appender.install.snapshot.enabled = false (custom)
2023-01-30 12:43:46,888 [pool-137-thread-1] INFO  server.RaftServerConfigKeys (ConfUtils.java:logGet(46)) - raft.server.threadpool.server.cached = true (default)
2023-01-30 12:43:46,888 [pool-137-thread-1] INFO  server.RaftServerConfigKeys (ConfUtils.java:logGet(46)) - raft.server.threadpool.server.size = 0 (default)
2023-01-30 12:43:46,888 [pool-137-thread-1] INFO  server.RaftServerConfigKeys (ConfUtils.java:logGet(46)) - raft.server.threadpool.client.cached = true (default)
2023-01-30 12:43:46,888 [pool-137-thread-1] INFO  server.RaftServerConfigKeys (ConfUtils.java:logGet(46)) - raft.server.threadpool.client.size = 0 (default)
2023-01-30 12:43:46,889 [pool-137-thread-1] INFO  storage.RaftStorageDirectory (RaftStorageDirectoryImpl.java:analyzeStorage(137)) - The storage directory /home/runner/work/ozone/ozone/hadoop-ozone/integration-test/target/test-dir/MiniOzoneClusterImpl-3373c666-e21d-449e-a922-fde15befd7fc/datanode-3/data/ratis/3fb0d60b-1dfa-44a0-8481-8828efbd05b2 does not exist. Creating ...
2023-01-30 12:43:46,891 [pool-137-thread-1] INFO  storage.RaftStorageDirectory (RaftStorageDirectoryImpl.java:tryLock(231)) - Lock on /home/runner/work/ozone/ozone/hadoop-ozone/integration-test/target/test-dir/MiniOzoneClusterImpl-3373c666-e21d-449e-a922-fde15befd7fc/datanode-3/data/ratis/3fb0d60b-1dfa-44a0-8481-8828efbd05b2/in_use.lock acquired by nodename 58968@fv-az186-393
2023-01-30 12:43:46,892 [pool-137-thread-1] INFO  storage.RaftStorage (RaftStorageImpl.java:format(96)) - Storage directory /home/runner/work/ozone/ozone/hadoop-ozone/integration-test/target/test-dir/MiniOzoneClusterImpl-3373c666-e21d-449e-a922-fde15befd7fc/datanode-3/data/ratis/3fb0d60b-1dfa-44a0-8481-8828efbd05b2 has been successfully formatted.
2023-01-30 12:43:46,893 [pool-137-thread-1] INFO  ratis.ContainerStateMachine (ContainerStateMachine.java:loadSnapshot(240)) - group-8828EFBD05B2: The snapshot info is null. Setting the last applied indexto:(t:0, i:~)
2023-01-30 12:43:46,893 [pool-137-thread-1] INFO  server.RaftServerConfigKeys (ConfUtils.java:logGet(46)) - raft.server.log.use.memory = false (default)
2023-01-30 12:43:46,893 [pool-137-thread-1] INFO  server.RaftServerConfigKeys (ConfUtils.java:logGet(46)) - raft.server.log.purge.gap = 1000000 (custom)
2023-01-30 12:43:46,893 [pool-137-thread-1] INFO  server.RaftServerConfigKeys (ConfUtils.java:logGet(46)) - raft.server.log.appender.buffer.byte-limit = 33554432 (custom)
2023-01-30 12:43:46,893 [pool-137-thread-1] INFO  server.RaftServerConfigKeys (ConfUtils.java:logGet(46)) - raft.server.log.statemachine.data.read.timeout = 1000ms (default)
2023-01-30 12:43:46,894 [pool-137-thread-1] INFO  server.RaftServerConfigKeys (ConfUtils.java:logGet(46)) - raft.server.log.purge.preservation.log.num = 0 (default)
2023-01-30 12:43:46,895 [EventQueue-PipelineReportForPipelineReportHandler] INFO  pipeline.PipelineManagerImpl (PipelineManagerImpl.java:openPipeline(367)) - Pipeline Pipeline[ Id: 3fb0d60b-1dfa-44a0-8481-8828efbd05b2, Nodes: 4161fb15-5f04-4edd-aa04-1f821408f5fb(fv-az186-393.qnicg3m0sonedg4msc5mrdkamh.cx.internal.cloudapp.net/10.1.0.50), ReplicationConfig: RATIS/ONE, State:ALLOCATED, leaderId:4161fb15-5f04-4edd-aa04-1f821408f5fb, CreationTimestamp2023-01-30T12:43:43.887Z[Etc/UTC]] moved to OPEN state
2023-01-30 12:43:46,895 [pool-137-thread-1] INFO  server.RaftServerConfigKeys (ConfUtils.java:logGet(46)) - raft.server.log.segment.size.max = 1048576 (custom)
2023-01-30 12:43:46,895 [EventQueue-OpenPipelineForHealthyPipelineSafeModeRule] INFO  safemode.SCMSafeModeManager (HealthyPipelineSafeModeRule.java:process(137)) - SCM in safe mode. Healthy pipelines reported count is 0, required healthy pipeline reported count is 1
2023-01-30 12:43:46,895 [pool-137-thread-1] INFO  server.RaftServerConfigKeys (ConfUtils.java:logGet(46)) - raft.server.log.segment.cache.num.max = 2 (custom)
2023-01-30 12:43:46,895 [pool-137-thread-1] INFO  server.RaftServerConfigKeys (ConfUtils.java:logGet(46)) - raft.server.log.segment.cache.size.max = 200MB (=209715200) (default)
2023-01-30 12:43:46,895 [pool-137-thread-1] INFO  segmented.SegmentedRaftLogWorker (SegmentedRaftLogWorker.java:<init>(189)) - new 4161fb15-5f04-4edd-aa04-1f821408f5fb@group-8828EFBD05B2-SegmentedRaftLogWorker for RaftStorageImpl:Storage Directory /home/runner/work/ozone/ozone/hadoop-ozone/integration-test/target/test-dir/MiniOzoneClusterImpl-3373c666-e21d-449e-a922-fde15befd7fc/datanode-3/data/ratis/3fb0d60b-1dfa-44a0-8481-8828efbd05b2
2023-01-30 12:43:46,895 [pool-137-thread-1] INFO  server.RaftServerConfigKeys (ConfUtils.java:logGet(46)) - raft.server.log.queue.byte-limit = 4294967296 (custom)
2023-01-30 12:43:46,895 [pool-137-thread-1] INFO  server.RaftServerConfigKeys (ConfUtils.java:logGet(46)) - raft.server.log.queue.element-limit = 1024 (custom)
2023-01-30 12:43:46,896 [pool-137-thread-1] INFO  server.RaftServerConfigKeys (ConfUtils.java:logGet(46)) - raft.server.log.segment.size.max = 1048576 (custom)
2023-01-30 12:43:46,896 [pool-137-thread-1] INFO  server.RaftServerConfigKeys (ConfUtils.java:logGet(46)) - raft.server.log.preallocated.size = 16384 (custom)
2023-01-30 12:43:46,896 [pool-137-thread-1] INFO  server.RaftServerConfigKeys (ConfUtils.java:logGet(46)) - raft.server.log.force.sync.num = 128 (default)
2023-01-30 12:43:46,896 [pool-137-thread-1] INFO  server.RaftServerConfigKeys (ConfUtils.java:logGet(46)) - raft.server.log.statemachine.data.sync = true (default)
2023-01-30 12:43:46,896 [pool-137-thread-1] INFO  server.RaftServerConfigKeys (ConfUtils.java:logGet(46)) - raft.server.log.statemachine.data.sync.timeout = 10s (default)
2023-01-30 12:43:46,896 [pool-137-thread-1] INFO  server.RaftServerConfigKeys (ConfUtils.java:logGet(46)) - raft.server.log.statemachine.data.sync.timeout.retry = -1 (default)
2023-01-30 12:43:46,898 [pool-137-thread-1] INFO  server.RaftServerConfigKeys (ConfUtils.java:logGet(46)) - raft.server.log.write.buffer.size = 1048576 (custom)
2023-01-30 12:43:46,899 [pool-137-thread-1] INFO  server.RaftServerConfigKeys (ConfUtils.java:logGet(46)) - raft.server.log.appender.buffer.byte-limit = 33554432 (custom)
2023-01-30 12:43:46,905 [pool-137-thread-1] INFO  server.RaftServerConfigKeys (ConfUtils.java:logGet(46)) - raft.server.log.unsafe-flush.enabled = false (default)
2023-01-30 12:43:46,905 [pool-137-thread-1] INFO  server.RaftServerConfigKeys (ConfUtils.java:logGet(46)) - raft.server.log.async-flush.enabled = false (default)
2023-01-30 12:43:46,906 [pool-137-thread-1] INFO  server.RaftServerConfigKeys (ConfUtils.java:logGet(46)) - raft.server.log.statemachine.data.caching.enabled = true (custom)
2023-01-30 12:43:46,906 [pool-137-thread-1] INFO  segmented.SegmentedRaftLogWorker (SegmentedRaftLogWorker.java:lambda$new$0(135)) - 4161fb15-5f04-4edd-aa04-1f821408f5fb@group-8828EFBD05B2-SegmentedRaftLogWorker: flushIndex: setUnconditionally 0 -> -1
2023-01-30 12:43:46,906 [pool-137-thread-1] INFO  segmented.SegmentedRaftLogWorker (SegmentedRaftLogWorker.java:lambda$new$0(135)) - 4161fb15-5f04-4edd-aa04-1f821408f5fb@group-8828EFBD05B2-SegmentedRaftLogWorker: safeCacheEvictIndex: setUnconditionally 0 -> -1
2023-01-30 12:43:46,906 [pool-137-thread-1] INFO  server.RaftServer$Division (RaftServerImpl.java:start(334)) - 4161fb15-5f04-4edd-aa04-1f821408f5fb@group-8828EFBD05B2: start as a follower, conf=-1: peers:[4161fb15-5f04-4edd-aa04-1f821408f5fb|rpc:10.1.0.50:35253|dataStream:10.1.0.50:40011|priority:1|startupRole:FOLLOWER]|listeners:[], old=null
2023-01-30 12:43:46,906 [pool-137-thread-1] INFO  server.RaftServer$Division (RaftServerImpl.java:setRole(321)) - 4161fb15-5f04-4edd-aa04-1f821408f5fb@group-8828EFBD05B2: changes role from      null to FOLLOWER at term 0 for startAsFollower
2023-01-30 12:43:46,906 [pool-137-thread-1] INFO  impl.RoleInfo (RoleInfo.java:updateAndGet(139)) - 4161fb15-5f04-4edd-aa04-1f821408f5fb: start 4161fb15-5f04-4edd-aa04-1f821408f5fb@group-8828EFBD05B2-FollowerState
2023-01-30 12:43:46,906 [pool-137-thread-1] INFO  util.JmxRegister (JmxRegister.java:tryRegister(44)) - Successfully registered JMX Bean with object name Ratis:service=RaftServer,group=group-8828EFBD05B2,id=4161fb15-5f04-4edd-aa04-1f821408f5fb
2023-01-30 12:43:46,907 [pool-137-thread-1] INFO  server.RaftServerConfigKeys (ConfUtils.java:logGet(46)) - raft.server.snapshot.auto.trigger.enabled = true (custom)
2023-01-30 12:43:46,907 [pool-137-thread-1] INFO  server.RaftServerConfigKeys (ConfUtils.java:logGet(46)) - raft.server.snapshot.auto.trigger.threshold = 10000 (custom)
2023-01-30 12:43:46,907 [pool-137-thread-1] INFO  server.RaftServerConfigKeys (ConfUtils.java:logGet(46)) - raft.server.snapshot.retention.file.num = 5 (custom)
2023-01-30 12:43:46,907 [pool-137-thread-1] INFO  server.RaftServerConfigKeys (ConfUtils.java:logGet(46)) - raft.server.log.purge.upto.snapshot.index = false (default)
2023-01-30 12:43:46,909 [Command processor thread] INFO  ratis.XceiverServerRatis (XceiverServerRatis.java:addGroup(806)) - Created group PipelineID=3fb0d60b-1dfa-44a0-8481-8828efbd05b2
2023-01-30 12:43:46,909 [Command processor thread] INFO  commandhandler.CreatePipelineCommandHandler (CreatePipelineCommandHandler.java:handle(113)) - Created Pipeline RATIS ONE PipelineID=3fb0d60b-1dfa-44a0-8481-8828efbd05b2.
2023-01-30 12:43:46,909 [Command processor thread] INFO  server.RaftServer (RaftServerProxy.java:addNew(96)) - 4161fb15-5f04-4edd-aa04-1f821408f5fb: addNew group-0E692FA02320:[a2abf3cf-345e-42e4-b42a-21ce73543136|rpc:10.1.0.50:35561|dataStream:10.1.0.50:41135|priority:0|startupRole:FOLLOWER, 4161fb15-5f04-4edd-aa04-1f821408f5fb|rpc:10.1.0.50:35253|dataStream:10.1.0.50:40011|priority:0|startupRole:FOLLOWER, b85ec12f-6d7c-420e-915b-fc0cfcf21520|rpc:10.1.0.50:35341|dataStream:10.1.0.50:45259|priority:1|startupRole:FOLLOWER] returns group-0E692FA02320:java.util.concurrent.CompletableFuture@5bfd9f54[Not completed]
2023-01-30 12:43:46,910 [pool-137-thread-1] INFO  server.RaftServer$Division (RaftServerImpl.java:<init>(195)) - 4161fb15-5f04-4edd-aa04-1f821408f5fb: new RaftServerImpl for group-0E692FA02320:[a2abf3cf-345e-42e4-b42a-21ce73543136|rpc:10.1.0.50:35561|dataStream:10.1.0.50:41135|priority:0|startupRole:FOLLOWER, 4161fb15-5f04-4edd-aa04-1f821408f5fb|rpc:10.1.0.50:35253|dataStream:10.1.0.50:40011|priority:0|startupRole:FOLLOWER, b85ec12f-6d7c-420e-915b-fc0cfcf21520|rpc:10.1.0.50:35341|dataStream:10.1.0.50:45259|priority:1|startupRole:FOLLOWER] with ContainerStateMachine:uninitialized
2023-01-30 12:43:46,911 [pool-137-thread-1] INFO  server.RaftServerConfigKeys (ConfUtils.java:logGet(46)) - raft.server.rpc.timeout.min = 5s (custom)
2023-01-30 12:43:46,911 [pool-137-thread-1] INFO  server.RaftServerConfigKeys (ConfUtils.java:logGet(46)) - raft.server.rpc.timeout.max = 5200ms (custom)
2023-01-30 12:43:46,911 [pool-137-thread-1] INFO  server.RaftServerConfigKeys (ConfUtils.java:logGet(46)) - raft.server.rpc.sleep.time = 25ms (default)
2023-01-30 12:43:46,911 [pool-137-thread-1] INFO  server.RaftServerConfigKeys (ConfUtils.java:logGet(46)) - raft.server.rpc.slowness.timeout = 300s (custom)
2023-01-30 12:43:46,911 [pool-137-thread-1] INFO  server.RaftServerConfigKeys (ConfUtils.java:logGet(46)) - raft.server.leaderelection.leader.step-down.wait-time = 10s (default)
2023-01-30 12:43:46,911 [pool-137-thread-1] INFO  server.RaftServerConfigKeys (ConfUtils.java:logGet(46)) - raft.server.sleep.deviation.threshold = 300ms (default)
2023-01-30 12:43:46,911 [pool-137-thread-1] INFO  server.RaftServer$Division (ServerState.java:<init>(118)) - 4161fb15-5f04-4edd-aa04-1f821408f5fb@group-0E692FA02320: ConfigurationManager, init=-1: peers:[a2abf3cf-345e-42e4-b42a-21ce73543136|rpc:10.1.0.50:35561|dataStream:10.1.0.50:41135|priority:0|startupRole:FOLLOWER, 4161fb15-5f04-4edd-aa04-1f821408f5fb|rpc:10.1.0.50:35253|dataStream:10.1.0.50:40011|priority:0|startupRole:FOLLOWER, b85ec12f-6d7c-420e-915b-fc0cfcf21520|rpc:10.1.0.50:35341|dataStream:10.1.0.50:45259|priority:1|startupRole:FOLLOWER]|listeners:[], old=null, confs=<EMPTY_MAP>
2023-01-30 12:43:46,911 [pool-137-thread-1] INFO  server.RaftServerConfigKeys (ConfUtils.java:logGet(46)) - raft.server.storage.dir = [/home/runner/work/ozone/ozone/hadoop-ozone/integration-test/target/test-dir/MiniOzoneClusterImpl-3373c666-e21d-449e-a922-fde15befd7fc/datanode-3/data/ratis] (custom)
2023-01-30 12:43:46,911 [pool-137-thread-1] INFO  server.RaftServerConfigKeys (ConfUtils.java:logGet(46)) - raft.server.log.corruption.policy = EXCEPTION (default)
2023-01-30 12:43:46,911 [pool-137-thread-1] INFO  server.RaftServerConfigKeys (ConfUtils.java:logGet(46)) - raft.server.storage.free-space.min = 0MB (=0) (default)
2023-01-30 12:43:46,911 [pool-137-thread-1] INFO  server.RaftServerConfigKeys (ConfUtils.java:logGet(46)) - raft.server.notification.no-leader.timeout = 300s (custom)
2023-01-30 12:43:46,911 [pool-137-thread-1] INFO  server.RaftServerConfigKeys (ConfUtils.java:logGet(46)) - raft.server.retrycache.expirytime = 600000ms (custom)
2023-01-30 12:43:46,911 [pool-137-thread-1] INFO  server.RaftServerConfigKeys (ConfUtils.java:logGet(46)) - raft.server.retrycache.statistics.expirytime = 100μs (default)
2023-01-30 12:43:46,912 [pool-137-thread-1] INFO  server.RaftServerConfigKeys (ConfUtils.java:logGet(46)) - raft.server.log.appender.install.snapshot.enabled = false (custom)
2023-01-30 12:43:46,912 [pool-137-thread-1] INFO  server.RaftServerConfigKeys (ConfUtils.java:logGet(46)) - raft.server.threadpool.server.cached = true (default)
2023-01-30 12:43:46,912 [pool-137-thread-1] INFO  server.RaftServerConfigKeys (ConfUtils.java:logGet(46)) - raft.server.threadpool.server.size = 0 (default)
2023-01-30 12:43:46,912 [pool-137-thread-1] INFO  server.RaftServerConfigKeys (ConfUtils.java:logGet(46)) - raft.server.threadpool.client.cached = true (default)
2023-01-30 12:43:46,913 [pool-137-thread-1] INFO  server.RaftServerConfigKeys (ConfUtils.java:logGet(46)) - raft.server.threadpool.client.size = 0 (default)
2023-01-30 12:43:46,913 [pool-137-thread-1] INFO  storage.RaftStorageDirectory (RaftStorageDirectoryImpl.java:analyzeStorage(137)) - The storage directory /home/runner/work/ozone/ozone/hadoop-ozone/integration-test/target/test-dir/MiniOzoneClusterImpl-3373c666-e21d-449e-a922-fde15befd7fc/datanode-3/data/ratis/e4dfbc25-7758-46ad-a14e-0e692fa02320 does not exist. Creating ...
2023-01-30 12:43:46,914 [pool-137-thread-1] INFO  storage.RaftStorageDirectory (RaftStorageDirectoryImpl.java:tryLock(231)) - Lock on /home/runner/work/ozone/ozone/hadoop-ozone/integration-test/target/test-dir/MiniOzoneClusterImpl-3373c666-e21d-449e-a922-fde15befd7fc/datanode-3/data/ratis/e4dfbc25-7758-46ad-a14e-0e692fa02320/in_use.lock acquired by nodename 58968@fv-az186-393
2023-01-30 12:43:46,914 [4161fb15-5f04-4edd-aa04-1f821408f5fb@group-8828EFBD05B2-FollowerState] INFO  server.RaftServerConfigKeys (ConfUtils.java:logFallback(53)) - raft.server.rpc.first-election.timeout.min = 5s (fallback to raft.server.rpc.timeout.min)
2023-01-30 12:43:46,915 [pool-137-thread-1] INFO  storage.RaftStorage (RaftStorageImpl.java:format(96)) - Storage directory /home/runner/work/ozone/ozone/hadoop-ozone/integration-test/target/test-dir/MiniOzoneClusterImpl-3373c666-e21d-449e-a922-fde15befd7fc/datanode-3/data/ratis/e4dfbc25-7758-46ad-a14e-0e692fa02320 has been successfully formatted.
2023-01-30 12:43:46,916 [4161fb15-5f04-4edd-aa04-1f821408f5fb@group-8828EFBD05B2-FollowerState] INFO  server.RaftServerConfigKeys (ConfUtils.java:logFallback(53)) - raft.server.rpc.first-election.timeout.max = 5200ms (fallback to raft.server.rpc.timeout.max)
2023-01-30 12:43:46,917 [pool-137-thread-1] INFO  ratis.ContainerStateMachine (ContainerStateMachine.java:loadSnapshot(240)) - group-0E692FA02320: The snapshot info is null. Setting the last applied indexto:(t:0, i:~)
2023-01-30 12:43:46,919 [EventQueue-OpenPipelineForHealthyPipelineSafeModeRule] INFO  safemode.SCMSafeModeManager (HealthyPipelineSafeModeRule.java:process(137)) - SCM in safe mode. Healthy pipelines reported count is 0, required healthy pipeline reported count is 1
2023-01-30 12:43:46,919 [pool-137-thread-1] INFO  server.RaftServerConfigKeys (ConfUtils.java:logGet(46)) - raft.server.log.use.memory = false (default)
2023-01-30 12:43:46,920 [pool-137-thread-1] INFO  server.RaftServerConfigKeys (ConfUtils.java:logGet(46)) - raft.server.log.purge.gap = 1000000 (custom)
2023-01-30 12:43:46,920 [pool-137-thread-1] INFO  server.RaftServerConfigKeys (ConfUtils.java:logGet(46)) - raft.server.log.appender.buffer.byte-limit = 33554432 (custom)
2023-01-30 12:43:46,920 [pool-137-thread-1] INFO  server.RaftServerConfigKeys (ConfUtils.java:logGet(46)) - raft.server.log.statemachine.data.read.timeout = 1000ms (default)
2023-01-30 12:43:46,920 [pool-137-thread-1] INFO  server.RaftServerConfigKeys (ConfUtils.java:logGet(46)) - raft.server.log.purge.preservation.log.num = 0 (default)
2023-01-30 12:43:46,920 [pool-137-thread-1] INFO  server.RaftServerConfigKeys (ConfUtils.java:logGet(46)) - raft.server.log.segment.size.max = 1048576 (custom)
2023-01-30 12:43:46,920 [pool-137-thread-1] INFO  server.RaftServerConfigKeys (ConfUtils.java:logGet(46)) - raft.server.log.segment.cache.num.max = 2 (custom)
2023-01-30 12:43:46,920 [pool-137-thread-1] INFO  server.RaftServerConfigKeys (ConfUtils.java:logGet(46)) - raft.server.log.segment.cache.size.max = 200MB (=209715200) (default)
2023-01-30 12:43:46,920 [pool-137-thread-1] INFO  segmented.SegmentedRaftLogWorker (SegmentedRaftLogWorker.java:<init>(189)) - new 4161fb15-5f04-4edd-aa04-1f821408f5fb@group-0E692FA02320-SegmentedRaftLogWorker for RaftStorageImpl:Storage Directory /home/runner/work/ozone/ozone/hadoop-ozone/integration-test/target/test-dir/MiniOzoneClusterImpl-3373c666-e21d-449e-a922-fde15befd7fc/datanode-3/data/ratis/e4dfbc25-7758-46ad-a14e-0e692fa02320
2023-01-30 12:43:46,920 [pool-137-thread-1] INFO  server.RaftServerConfigKeys (ConfUtils.java:logGet(46)) - raft.server.log.queue.byte-limit = 4294967296 (custom)
2023-01-30 12:43:46,920 [pool-137-thread-1] INFO  server.RaftServerConfigKeys (ConfUtils.java:logGet(46)) - raft.server.log.queue.element-limit = 1024 (custom)
2023-01-30 12:43:46,920 [pool-137-thread-1] INFO  server.RaftServerConfigKeys (ConfUtils.java:logGet(46)) - raft.server.log.segment.size.max = 1048576 (custom)
2023-01-30 12:43:46,921 [pool-137-thread-1] INFO  server.RaftServerConfigKeys (ConfUtils.java:logGet(46)) - raft.server.log.preallocated.size = 16384 (custom)
2023-01-30 12:43:46,921 [pool-137-thread-1] INFO  server.RaftServerConfigKeys (ConfUtils.java:logGet(46)) - raft.server.log.force.sync.num = 128 (default)
2023-01-30 12:43:46,921 [pool-137-thread-1] INFO  server.RaftServerConfigKeys (ConfUtils.java:logGet(46)) - raft.server.log.statemachine.data.sync = true (default)
2023-01-30 12:43:46,921 [pool-137-thread-1] INFO  server.RaftServerConfigKeys (ConfUtils.java:logGet(46)) - raft.server.log.statemachine.data.sync.timeout = 10s (default)
2023-01-30 12:43:46,921 [pool-137-thread-1] INFO  server.RaftServerConfigKeys (ConfUtils.java:logGet(46)) - raft.server.log.statemachine.data.sync.timeout.retry = -1 (default)
2023-01-30 12:43:46,921 [pool-137-thread-1] INFO  server.RaftServerConfigKeys (ConfUtils.java:logGet(46)) - raft.server.log.write.buffer.size = 1048576 (custom)
2023-01-30 12:43:46,922 [pool-137-thread-1] INFO  server.RaftServerConfigKeys (ConfUtils.java:logGet(46)) - raft.server.log.appender.buffer.byte-limit = 33554432 (custom)
2023-01-30 12:43:47,162 [JvmPauseMonitor3] WARN  util.JvmPauseMonitor (JvmPauseMonitor.java:detectPause(126)) - JvmPauseMonitor-6d351c6b-99d3-43e7-8295-6decaaa133c4: Detected pause in JVM or host machine (eg GC): pause of approximately 102606544ns.
GC pool 'PS MarkSweep' had collection(s): count=1 time=187ms
GC pool 'PS Scavenge' had collection(s): count=1 time=53ms
2023-01-30 12:43:47,162 [JvmPauseMonitor7] WARN  util.JvmPauseMonitor (JvmPauseMonitor.java:detectPause(126)) - JvmPauseMonitor-a53d6862-374f-4f5f-b714-76db3f2bc68b: Detected pause in JVM or host machine (eg GC): pause of approximately 134173805ns.
GC pool 'PS MarkSweep' had collection(s): count=1 time=187ms
GC pool 'PS Scavenge' had collection(s): count=1 time=53ms
2023-01-30 12:43:47,166 [Listener at 127.0.0.1/45319] INFO  ozone.MiniOzoneClusterImpl (MiniOzoneClusterImpl.java:lambda$waitForClusterToBeReady$0(218)) - Nodes are ready. Got 7 of 7 DN Heartbeats.
2023-01-30 12:43:47,166 [Listener at 127.0.0.1/45319] INFO  ozone.MiniOzoneClusterImpl (MiniOzoneClusterImpl.java:lambda$waitForClusterToBeReady$0(221)) - Waiting for cluster to exit safe mode
2023-01-30 12:43:47,166 [Listener at 127.0.0.1/45319] INFO  ozone.MiniOzoneClusterImpl (MiniOzoneClusterImpl.java:lambda$waitForClusterToBeReady$0(223)) - SCM became leader
2023-01-30 12:43:47,166 [JvmPauseMonitor4] WARN  util.JvmPauseMonitor (JvmPauseMonitor.java:detectPause(126)) - JvmPauseMonitor-4161fb15-5f04-4edd-aa04-1f821408f5fb: Detected pause in JVM or host machine (eg GC): pause of approximately 189707485ns.
GC pool 'PS MarkSweep' had collection(s): count=1 time=187ms
GC pool 'PS Scavenge' had collection(s): count=1 time=53ms
2023-01-30 12:43:47,168 [pool-137-thread-1] INFO  server.RaftServerConfigKeys (ConfUtils.java:logGet(46)) - raft.server.log.unsafe-flush.enabled = false (default)
2023-01-30 12:43:47,168 [pool-137-thread-1] INFO  server.RaftServerConfigKeys (ConfUtils.java:logGet(46)) - raft.server.log.async-flush.enabled = false (default)
2023-01-30 12:43:47,168 [pool-137-thread-1] INFO  server.RaftServerConfigKeys (ConfUtils.java:logGet(46)) - raft.server.log.statemachine.data.caching.enabled = true (custom)
2023-01-30 12:43:47,169 [pool-137-thread-1] INFO  segmented.SegmentedRaftLogWorker (SegmentedRaftLogWorker.java:lambda$new$0(135)) - 4161fb15-5f04-4edd-aa04-1f821408f5fb@group-0E692FA02320-SegmentedRaftLogWorker: flushIndex: setUnconditionally 0 -> -1
2023-01-30 12:43:47,169 [pool-137-thread-1] INFO  segmented.SegmentedRaftLogWorker (SegmentedRaftLogWorker.java:lambda$new$0(135)) - 4161fb15-5f04-4edd-aa04-1f821408f5fb@group-0E692FA02320-SegmentedRaftLogWorker: safeCacheEvictIndex: setUnconditionally 0 -> -1
2023-01-30 12:43:47,170 [pool-137-thread-1] INFO  server.RaftServer$Division (RaftServerImpl.java:start(334)) - 4161fb15-5f04-4edd-aa04-1f821408f5fb@group-0E692FA02320: start as a follower, conf=-1: peers:[a2abf3cf-345e-42e4-b42a-21ce73543136|rpc:10.1.0.50:35561|dataStream:10.1.0.50:41135|priority:0|startupRole:FOLLOWER, 4161fb15-5f04-4edd-aa04-1f821408f5fb|rpc:10.1.0.50:35253|dataStream:10.1.0.50:40011|priority:0|startupRole:FOLLOWER, b85ec12f-6d7c-420e-915b-fc0cfcf21520|rpc:10.1.0.50:35341|dataStream:10.1.0.50:45259|priority:1|startupRole:FOLLOWER]|listeners:[], old=null
2023-01-30 12:43:47,170 [pool-137-thread-1] INFO  server.RaftServer$Division (RaftServerImpl.java:setRole(321)) - 4161fb15-5f04-4edd-aa04-1f821408f5fb@group-0E692FA02320: changes role from      null to FOLLOWER at term 0 for startAsFollower
2023-01-30 12:43:47,170 [pool-137-thread-1] INFO  impl.RoleInfo (RoleInfo.java:updateAndGet(139)) - 4161fb15-5f04-4edd-aa04-1f821408f5fb: start 4161fb15-5f04-4edd-aa04-1f821408f5fb@group-0E692FA02320-FollowerState
2023-01-30 12:43:47,170 [pool-137-thread-1] INFO  util.JmxRegister (JmxRegister.java:tryRegister(44)) - Successfully registered JMX Bean with object name Ratis:service=RaftServer,group=group-0E692FA02320,id=4161fb15-5f04-4edd-aa04-1f821408f5fb
2023-01-30 12:43:47,170 [pool-137-thread-1] INFO  server.RaftServerConfigKeys (ConfUtils.java:logGet(46)) - raft.server.snapshot.auto.trigger.enabled = true (custom)
2023-01-30 12:43:47,171 [pool-137-thread-1] INFO  server.RaftServerConfigKeys (ConfUtils.java:logGet(46)) - raft.server.snapshot.auto.trigger.threshold = 10000 (custom)
2023-01-30 12:43:47,171 [pool-137-thread-1] INFO  server.RaftServerConfigKeys (ConfUtils.java:logGet(46)) - raft.server.snapshot.retention.file.num = 5 (custom)
2023-01-30 12:43:47,171 [pool-137-thread-1] INFO  server.RaftServerConfigKeys (ConfUtils.java:logGet(46)) - raft.server.log.purge.upto.snapshot.index = false (default)
2023-01-30 12:43:47,171 [4161fb15-5f04-4edd-aa04-1f821408f5fb@group-0E692FA02320-FollowerState] INFO  server.RaftServerConfigKeys (ConfUtils.java:logFallback(53)) - raft.server.rpc.first-election.timeout.min = 5s (fallback to raft.server.rpc.timeout.min)
2023-01-30 12:43:47,175 [4161fb15-5f04-4edd-aa04-1f821408f5fb@group-0E692FA02320-FollowerState] INFO  server.RaftServerConfigKeys (ConfUtils.java:logFallback(53)) - raft.server.rpc.first-election.timeout.max = 5200ms (fallback to raft.server.rpc.timeout.max)
2023-01-30 12:43:47,171 [Command processor thread] INFO  ratis.XceiverServerRatis (XceiverServerRatis.java:addGroup(806)) - Created group PipelineID=e4dfbc25-7758-46ad-a14e-0e692fa02320
2023-01-30 12:43:47,192 [grpc-default-executor-0] INFO  server.RaftServer (RaftServerProxy.java:addNew(96)) - a2abf3cf-345e-42e4-b42a-21ce73543136: addNew group-0E692FA02320:[a2abf3cf-345e-42e4-b42a-21ce73543136|rpc:10.1.0.50:35561|dataStream:10.1.0.50:41135|priority:0|startupRole:FOLLOWER, 4161fb15-5f04-4edd-aa04-1f821408f5fb|rpc:10.1.0.50:35253|dataStream:10.1.0.50:40011|priority:0|startupRole:FOLLOWER, b85ec12f-6d7c-420e-915b-fc0cfcf21520|rpc:10.1.0.50:35341|dataStream:10.1.0.50:45259|priority:1|startupRole:FOLLOWER] returns group-0E692FA02320:java.util.concurrent.CompletableFuture@302ed887[Not completed]
2023-01-30 12:43:47,197 [pool-159-thread-1] INFO  server.RaftServer$Division (RaftServerImpl.java:<init>(195)) - a2abf3cf-345e-42e4-b42a-21ce73543136: new RaftServerImpl for group-0E692FA02320:[a2abf3cf-345e-42e4-b42a-21ce73543136|rpc:10.1.0.50:35561|dataStream:10.1.0.50:41135|priority:0|startupRole:FOLLOWER, 4161fb15-5f04-4edd-aa04-1f821408f5fb|rpc:10.1.0.50:35253|dataStream:10.1.0.50:40011|priority:0|startupRole:FOLLOWER, b85ec12f-6d7c-420e-915b-fc0cfcf21520|rpc:10.1.0.50:35341|dataStream:10.1.0.50:45259|priority:1|startupRole:FOLLOWER] with ContainerStateMachine:uninitialized
2023-01-30 12:43:47,197 [pool-159-thread-1] INFO  server.RaftServerConfigKeys (ConfUtils.java:logGet(46)) - raft.server.rpc.timeout.min = 5s (custom)
2023-01-30 12:43:47,197 [pool-159-thread-1] INFO  server.RaftServerConfigKeys (ConfUtils.java:logGet(46)) - raft.server.rpc.timeout.max = 5200ms (custom)
2023-01-30 12:43:47,197 [pool-159-thread-1] INFO  server.RaftServerConfigKeys (ConfUtils.java:logGet(46)) - raft.server.rpc.sleep.time = 25ms (default)
2023-01-30 12:43:47,197 [pool-159-thread-1] INFO  server.RaftServerConfigKeys (ConfUtils.java:logGet(46)) - raft.server.rpc.slowness.timeout = 300s (custom)
2023-01-30 12:43:47,197 [pool-159-thread-1] INFO  server.RaftServerConfigKeys (ConfUtils.java:logGet(46)) - raft.server.leaderelection.leader.step-down.wait-time = 10s (default)
2023-01-30 12:43:47,197 [pool-159-thread-1] INFO  server.RaftServerConfigKeys (ConfUtils.java:logGet(46)) - raft.server.sleep.deviation.threshold = 300ms (default)
2023-01-30 12:43:47,197 [pool-159-thread-1] INFO  server.RaftServer$Division (ServerState.java:<init>(118)) - a2abf3cf-345e-42e4-b42a-21ce73543136@group-0E692FA02320: ConfigurationManager, init=-1: peers:[a2abf3cf-345e-42e4-b42a-21ce73543136|rpc:10.1.0.50:35561|dataStream:10.1.0.50:41135|priority:0|startupRole:FOLLOWER, 4161fb15-5f04-4edd-aa04-1f821408f5fb|rpc:10.1.0.50:35253|dataStream:10.1.0.50:40011|priority:0|startupRole:FOLLOWER, b85ec12f-6d7c-420e-915b-fc0cfcf21520|rpc:10.1.0.50:35341|dataStream:10.1.0.50:45259|priority:1|startupRole:FOLLOWER]|listeners:[], old=null, confs=<EMPTY_MAP>
2023-01-30 12:43:47,197 [pool-159-thread-1] INFO  server.RaftServerConfigKeys (ConfUtils.java:logGet(46)) - raft.server.storage.dir = [/home/runner/work/ozone/ozone/hadoop-ozone/integration-test/target/test-dir/MiniOzoneClusterImpl-3373c666-e21d-449e-a922-fde15befd7fc/datanode-4/data/ratis] (custom)
2023-01-30 12:43:47,198 [pool-159-thread-1] INFO  server.RaftServerConfigKeys (ConfUtils.java:logGet(46)) - raft.server.log.corruption.policy = EXCEPTION (default)
2023-01-30 12:43:47,198 [pool-159-thread-1] INFO  server.RaftServerConfigKeys (ConfUtils.java:logGet(46)) - raft.server.storage.free-space.min = 0MB (=0) (default)
2023-01-30 12:43:47,198 [pool-159-thread-1] INFO  server.RaftServerConfigKeys (ConfUtils.java:logGet(46)) - raft.server.notification.no-leader.timeout = 300s (custom)
2023-01-30 12:43:47,198 [pool-159-thread-1] INFO  server.RaftServerConfigKeys (ConfUtils.java:logGet(46)) - raft.server.retrycache.expirytime = 600000ms (custom)
2023-01-30 12:43:47,198 [pool-159-thread-1] INFO  server.RaftServerConfigKeys (ConfUtils.java:logGet(46)) - raft.server.retrycache.statistics.expirytime = 100μs (default)
2023-01-30 12:43:47,200 [pool-159-thread-1] INFO  server.RaftServerConfigKeys (ConfUtils.java:logGet(46)) - raft.server.log.appender.install.snapshot.enabled = false (custom)
2023-01-30 12:43:47,200 [pool-159-thread-1] INFO  server.RaftServerConfigKeys (ConfUtils.java:logGet(46)) - raft.server.threadpool.server.cached = true (default)
2023-01-30 12:43:47,200 [pool-159-thread-1] INFO  server.RaftServerConfigKeys (ConfUtils.java:logGet(46)) - raft.server.threadpool.server.size = 0 (default)
2023-01-30 12:43:47,201 [pool-159-thread-1] INFO  server.RaftServerConfigKeys (ConfUtils.java:logGet(46)) - raft.server.threadpool.client.cached = true (default)
2023-01-30 12:43:47,201 [pool-159-thread-1] INFO  server.RaftServerConfigKeys (ConfUtils.java:logGet(46)) - raft.server.threadpool.client.size = 0 (default)
2023-01-30 12:43:47,201 [pool-159-thread-1] INFO  storage.RaftStorageDirectory (RaftStorageDirectoryImpl.java:analyzeStorage(137)) - The storage directory /home/runner/work/ozone/ozone/hadoop-ozone/integration-test/target/test-dir/MiniOzoneClusterImpl-3373c666-e21d-449e-a922-fde15befd7fc/datanode-4/data/ratis/e4dfbc25-7758-46ad-a14e-0e692fa02320 does not exist. Creating ...
2023-01-30 12:43:47,202 [pool-159-thread-1] INFO  storage.RaftStorageDirectory (RaftStorageDirectoryImpl.java:tryLock(231)) - Lock on /home/runner/work/ozone/ozone/hadoop-ozone/integration-test/target/test-dir/MiniOzoneClusterImpl-3373c666-e21d-449e-a922-fde15befd7fc/datanode-4/data/ratis/e4dfbc25-7758-46ad-a14e-0e692fa02320/in_use.lock acquired by nodename 58968@fv-az186-393
2023-01-30 12:43:47,203 [pool-159-thread-1] INFO  storage.RaftStorage (RaftStorageImpl.java:format(96)) - Storage directory /home/runner/work/ozone/ozone/hadoop-ozone/integration-test/target/test-dir/MiniOzoneClusterImpl-3373c666-e21d-449e-a922-fde15befd7fc/datanode-4/data/ratis/e4dfbc25-7758-46ad-a14e-0e692fa02320 has been successfully formatted.
2023-01-30 12:43:47,206 [pool-159-thread-1] INFO  ratis.ContainerStateMachine (ContainerStateMachine.java:loadSnapshot(240)) - group-0E692FA02320: The snapshot info is null. Setting the last applied indexto:(t:0, i:~)
2023-01-30 12:43:47,206 [pool-159-thread-1] INFO  server.RaftServerConfigKeys (ConfUtils.java:logGet(46)) - raft.server.log.use.memory = false (default)
2023-01-30 12:43:47,206 [pool-159-thread-1] INFO  server.RaftServerConfigKeys (ConfUtils.java:logGet(46)) - raft.server.log.purge.gap = 1000000 (custom)
2023-01-30 12:43:47,206 [pool-159-thread-1] INFO  server.RaftServerConfigKeys (ConfUtils.java:logGet(46)) - raft.server.log.appender.buffer.byte-limit = 33554432 (custom)
2023-01-30 12:43:47,206 [pool-159-thread-1] INFO  server.RaftServerConfigKeys (ConfUtils.java:logGet(46)) - raft.server.log.statemachine.data.read.timeout = 1000ms (default)
2023-01-30 12:43:47,206 [pool-159-thread-1] INFO  server.RaftServerConfigKeys (ConfUtils.java:logGet(46)) - raft.server.log.purge.preservation.log.num = 0 (default)
2023-01-30 12:43:47,206 [pool-159-thread-1] INFO  server.RaftServerConfigKeys (ConfUtils.java:logGet(46)) - raft.server.log.segment.size.max = 1048576 (custom)
2023-01-30 12:43:47,207 [pool-159-thread-1] INFO  server.RaftServerConfigKeys (ConfUtils.java:logGet(46)) - raft.server.log.segment.cache.num.max = 2 (custom)
2023-01-30 12:43:47,207 [pool-159-thread-1] INFO  server.RaftServerConfigKeys (ConfUtils.java:logGet(46)) - raft.server.log.segment.cache.size.max = 200MB (=209715200) (default)
2023-01-30 12:43:47,207 [pool-159-thread-1] INFO  segmented.SegmentedRaftLogWorker (SegmentedRaftLogWorker.java:<init>(189)) - new a2abf3cf-345e-42e4-b42a-21ce73543136@group-0E692FA02320-SegmentedRaftLogWorker for RaftStorageImpl:Storage Directory /home/runner/work/ozone/ozone/hadoop-ozone/integration-test/target/test-dir/MiniOzoneClusterImpl-3373c666-e21d-449e-a922-fde15befd7fc/datanode-4/data/ratis/e4dfbc25-7758-46ad-a14e-0e692fa02320
2023-01-30 12:43:47,208 [pool-159-thread-1] INFO  server.RaftServerConfigKeys (ConfUtils.java:logGet(46)) - raft.server.log.queue.byte-limit = 4294967296 (custom)
2023-01-30 12:43:47,208 [pool-159-thread-1] INFO  server.RaftServerConfigKeys (ConfUtils.java:logGet(46)) - raft.server.log.queue.element-limit = 1024 (custom)
2023-01-30 12:43:47,208 [pool-159-thread-1] INFO  server.RaftServerConfigKeys (ConfUtils.java:logGet(46)) - raft.server.log.segment.size.max = 1048576 (custom)
2023-01-30 12:43:47,208 [pool-159-thread-1] INFO  server.RaftServerConfigKeys (ConfUtils.java:logGet(46)) - raft.server.log.preallocated.size = 16384 (custom)
2023-01-30 12:43:47,208 [pool-159-thread-1] INFO  server.RaftServerConfigKeys (ConfUtils.java:logGet(46)) - raft.server.log.force.sync.num = 128 (default)
2023-01-30 12:43:47,208 [pool-159-thread-1] INFO  server.RaftServerConfigKeys (ConfUtils.java:logGet(46)) - raft.server.log.statemachine.data.sync = true (default)
2023-01-30 12:43:47,208 [pool-159-thread-1] INFO  server.RaftServerConfigKeys (ConfUtils.java:logGet(46)) - raft.server.log.statemachine.data.sync.timeout = 10s (default)
2023-01-30 12:43:47,208 [pool-159-thread-1] INFO  server.RaftServerConfigKeys (ConfUtils.java:logGet(46)) - raft.server.log.statemachine.data.sync.timeout.retry = -1 (default)
2023-01-30 12:43:47,210 [pool-159-thread-1] INFO  server.RaftServerConfigKeys (ConfUtils.java:logGet(46)) - raft.server.log.write.buffer.size = 1048576 (custom)
2023-01-30 12:43:47,210 [pool-159-thread-1] INFO  server.RaftServerConfigKeys (ConfUtils.java:logGet(46)) - raft.server.log.appender.buffer.byte-limit = 33554432 (custom)
2023-01-30 12:43:47,213 [pool-159-thread-1] INFO  server.RaftServerConfigKeys (ConfUtils.java:logGet(46)) - raft.server.log.unsafe-flush.enabled = false (default)
2023-01-30 12:43:47,213 [pool-159-thread-1] INFO  server.RaftServerConfigKeys (ConfUtils.java:logGet(46)) - raft.server.log.async-flush.enabled = false (default)
2023-01-30 12:43:47,213 [pool-159-thread-1] INFO  server.RaftServerConfigKeys (ConfUtils.java:logGet(46)) - raft.server.log.statemachine.data.caching.enabled = true (custom)
2023-01-30 12:43:47,214 [pool-159-thread-1] INFO  segmented.SegmentedRaftLogWorker (SegmentedRaftLogWorker.java:lambda$new$0(135)) - a2abf3cf-345e-42e4-b42a-21ce73543136@group-0E692FA02320-SegmentedRaftLogWorker: flushIndex: setUnconditionally 0 -> -1
2023-01-30 12:43:47,214 [pool-159-thread-1] INFO  segmented.SegmentedRaftLogWorker (SegmentedRaftLogWorker.java:lambda$new$0(135)) - a2abf3cf-345e-42e4-b42a-21ce73543136@group-0E692FA02320-SegmentedRaftLogWorker: safeCacheEvictIndex: setUnconditionally 0 -> -1
2023-01-30 12:43:47,214 [pool-159-thread-1] INFO  server.RaftServer$Division (RaftServerImpl.java:start(334)) - a2abf3cf-345e-42e4-b42a-21ce73543136@group-0E692FA02320: start as a follower, conf=-1: peers:[a2abf3cf-345e-42e4-b42a-21ce73543136|rpc:10.1.0.50:35561|dataStream:10.1.0.50:41135|priority:0|startupRole:FOLLOWER, 4161fb15-5f04-4edd-aa04-1f821408f5fb|rpc:10.1.0.50:35253|dataStream:10.1.0.50:40011|priority:0|startupRole:FOLLOWER, b85ec12f-6d7c-420e-915b-fc0cfcf21520|rpc:10.1.0.50:35341|dataStream:10.1.0.50:45259|priority:1|startupRole:FOLLOWER]|listeners:[], old=null
2023-01-30 12:43:47,214 [pool-159-thread-1] INFO  server.RaftServer$Division (RaftServerImpl.java:setRole(321)) - a2abf3cf-345e-42e4-b42a-21ce73543136@group-0E692FA02320: changes role from      null to FOLLOWER at term 0 for startAsFollower
2023-01-30 12:43:47,214 [pool-159-thread-1] INFO  impl.RoleInfo (RoleInfo.java:updateAndGet(139)) - a2abf3cf-345e-42e4-b42a-21ce73543136: start a2abf3cf-345e-42e4-b42a-21ce73543136@group-0E692FA02320-FollowerState
2023-01-30 12:43:47,214 [pool-159-thread-1] INFO  util.JmxRegister (JmxRegister.java:tryRegister(44)) - Successfully registered JMX Bean with object name Ratis:service=RaftServer,group=group-0E692FA02320,id=a2abf3cf-345e-42e4-b42a-21ce73543136
2023-01-30 12:43:47,214 [pool-159-thread-1] INFO  server.RaftServerConfigKeys (ConfUtils.java:logGet(46)) - raft.server.snapshot.auto.trigger.enabled = true (custom)
2023-01-30 12:43:47,215 [pool-159-thread-1] INFO  server.RaftServerConfigKeys (ConfUtils.java:logGet(46)) - raft.server.snapshot.auto.trigger.threshold = 10000 (custom)
2023-01-30 12:43:47,215 [pool-159-thread-1] INFO  server.RaftServerConfigKeys (ConfUtils.java:logGet(46)) - raft.server.snapshot.retention.file.num = 5 (custom)
2023-01-30 12:43:47,215 [pool-159-thread-1] INFO  server.RaftServerConfigKeys (ConfUtils.java:logGet(46)) - raft.server.log.purge.upto.snapshot.index = false (default)
2023-01-30 12:43:47,216 [a2abf3cf-345e-42e4-b42a-21ce73543136@group-0E692FA02320-FollowerState] INFO  server.RaftServerConfigKeys (ConfUtils.java:logFallback(53)) - raft.server.rpc.first-election.timeout.min = 5s (fallback to raft.server.rpc.timeout.min)
2023-01-30 12:43:47,233 [a2abf3cf-345e-42e4-b42a-21ce73543136@group-0E692FA02320-FollowerState] INFO  server.RaftServerConfigKeys (ConfUtils.java:logFallback(53)) - raft.server.rpc.first-election.timeout.max = 5200ms (fallback to raft.server.rpc.timeout.max)
2023-01-30 12:43:47,250 [grpc-default-executor-0] INFO  server.RaftServer (RaftServerProxy.java:addNew(96)) - b85ec12f-6d7c-420e-915b-fc0cfcf21520: addNew group-0E692FA02320:[a2abf3cf-345e-42e4-b42a-21ce73543136|rpc:10.1.0.50:35561|dataStream:10.1.0.50:41135|priority:0|startupRole:FOLLOWER, 4161fb15-5f04-4edd-aa04-1f821408f5fb|rpc:10.1.0.50:35253|dataStream:10.1.0.50:40011|priority:0|startupRole:FOLLOWER, b85ec12f-6d7c-420e-915b-fc0cfcf21520|rpc:10.1.0.50:35341|dataStream:10.1.0.50:45259|priority:1|startupRole:FOLLOWER] returns group-0E692FA02320:java.util.concurrent.CompletableFuture@477fcf60[Not completed]
2023-01-30 12:43:47,251 [pool-181-thread-1] INFO  server.RaftServer$Division (RaftServerImpl.java:<init>(195)) - b85ec12f-6d7c-420e-915b-fc0cfcf21520: new RaftServerImpl for group-0E692FA02320:[a2abf3cf-345e-42e4-b42a-21ce73543136|rpc:10.1.0.50:35561|dataStream:10.1.0.50:41135|priority:0|startupRole:FOLLOWER, 4161fb15-5f04-4edd-aa04-1f821408f5fb|rpc:10.1.0.50:35253|dataStream:10.1.0.50:40011|priority:0|startupRole:FOLLOWER, b85ec12f-6d7c-420e-915b-fc0cfcf21520|rpc:10.1.0.50:35341|dataStream:10.1.0.50:45259|priority:1|startupRole:FOLLOWER] with ContainerStateMachine:uninitialized
2023-01-30 12:43:47,252 [pool-181-thread-1] INFO  server.RaftServerConfigKeys (ConfUtils.java:logGet(46)) - raft.server.rpc.timeout.min = 5s (custom)
2023-01-30 12:43:47,252 [pool-181-thread-1] INFO  server.RaftServerConfigKeys (ConfUtils.java:logGet(46)) - raft.server.rpc.timeout.max = 5200ms (custom)
2023-01-30 12:43:47,252 [pool-181-thread-1] INFO  server.RaftServerConfigKeys (ConfUtils.java:logGet(46)) - raft.server.rpc.sleep.time = 25ms (default)
2023-01-30 12:43:47,252 [pool-181-thread-1] INFO  server.RaftServerConfigKeys (ConfUtils.java:logGet(46)) - raft.server.rpc.slowness.timeout = 300s (custom)
2023-01-30 12:43:47,252 [pool-181-thread-1] INFO  server.RaftServerConfigKeys (ConfUtils.java:logGet(46)) - raft.server.leaderelection.leader.step-down.wait-time = 10s (default)
2023-01-30 12:43:47,252 [pool-181-thread-1] INFO  server.RaftServerConfigKeys (ConfUtils.java:logGet(46)) - raft.server.sleep.deviation.threshold = 300ms (default)
2023-01-30 12:43:47,252 [pool-181-thread-1] INFO  server.RaftServer$Division (ServerState.java:<init>(118)) - b85ec12f-6d7c-420e-915b-fc0cfcf21520@group-0E692FA02320: ConfigurationManager, init=-1: peers:[a2abf3cf-345e-42e4-b42a-21ce73543136|rpc:10.1.0.50:35561|dataStream:10.1.0.50:41135|priority:0|startupRole:FOLLOWER, 4161fb15-5f04-4edd-aa04-1f821408f5fb|rpc:10.1.0.50:35253|dataStream:10.1.0.50:40011|priority:0|startupRole:FOLLOWER, b85ec12f-6d7c-420e-915b-fc0cfcf21520|rpc:10.1.0.50:35341|dataStream:10.1.0.50:45259|priority:1|startupRole:FOLLOWER]|listeners:[], old=null, confs=<EMPTY_MAP>
2023-01-30 12:43:47,252 [pool-181-thread-1] INFO  server.RaftServerConfigKeys (ConfUtils.java:logGet(46)) - raft.server.storage.dir = [/home/runner/work/ozone/ozone/hadoop-ozone/integration-test/target/test-dir/MiniOzoneClusterImpl-3373c666-e21d-449e-a922-fde15befd7fc/datanode-5/data/ratis] (custom)
2023-01-30 12:43:47,252 [pool-181-thread-1] INFO  server.RaftServerConfigKeys (ConfUtils.java:logGet(46)) - raft.server.log.corruption.policy = EXCEPTION (default)
2023-01-30 12:43:47,252 [pool-181-thread-1] INFO  server.RaftServerConfigKeys (ConfUtils.java:logGet(46)) - raft.server.storage.free-space.min = 0MB (=0) (default)
2023-01-30 12:43:47,252 [pool-181-thread-1] INFO  server.RaftServerConfigKeys (ConfUtils.java:logGet(46)) - raft.server.notification.no-leader.timeout = 300s (custom)
2023-01-30 12:43:47,252 [pool-181-thread-1] INFO  server.RaftServerConfigKeys (ConfUtils.java:logGet(46)) - raft.server.retrycache.expirytime = 600000ms (custom)
2023-01-30 12:43:47,252 [pool-181-thread-1] INFO  server.RaftServerConfigKeys (ConfUtils.java:logGet(46)) - raft.server.retrycache.statistics.expirytime = 100μs (default)
2023-01-30 12:43:47,256 [pool-181-thread-1] INFO  server.RaftServerConfigKeys (ConfUtils.java:logGet(46)) - raft.server.log.appender.install.snapshot.enabled = false (custom)
2023-01-30 12:43:47,257 [pool-181-thread-1] INFO  server.RaftServerConfigKeys (ConfUtils.java:logGet(46)) - raft.server.threadpool.server.cached = true (default)
2023-01-30 12:43:47,257 [pool-181-thread-1] INFO  server.RaftServerConfigKeys (ConfUtils.java:logGet(46)) - raft.server.threadpool.server.size = 0 (default)
2023-01-30 12:43:47,257 [pool-181-thread-1] INFO  server.RaftServerConfigKeys (ConfUtils.java:logGet(46)) - raft.server.threadpool.client.cached = true (default)
2023-01-30 12:43:47,257 [pool-181-thread-1] INFO  server.RaftServerConfigKeys (ConfUtils.java:logGet(46)) - raft.server.threadpool.client.size = 0 (default)
2023-01-30 12:43:47,257 [pool-181-thread-1] INFO  storage.RaftStorageDirectory (RaftStorageDirectoryImpl.java:analyzeStorage(137)) - The storage directory /home/runner/work/ozone/ozone/hadoop-ozone/integration-test/target/test-dir/MiniOzoneClusterImpl-3373c666-e21d-449e-a922-fde15befd7fc/datanode-5/data/ratis/e4dfbc25-7758-46ad-a14e-0e692fa02320 does not exist. Creating ...
2023-01-30 12:43:47,258 [pool-181-thread-1] INFO  storage.RaftStorageDirectory (RaftStorageDirectoryImpl.java:tryLock(231)) - Lock on /home/runner/work/ozone/ozone/hadoop-ozone/integration-test/target/test-dir/MiniOzoneClusterImpl-3373c666-e21d-449e-a922-fde15befd7fc/datanode-5/data/ratis/e4dfbc25-7758-46ad-a14e-0e692fa02320/in_use.lock acquired by nodename 58968@fv-az186-393
2023-01-30 12:43:47,259 [pool-181-thread-1] INFO  storage.RaftStorage (RaftStorageImpl.java:format(96)) - Storage directory /home/runner/work/ozone/ozone/hadoop-ozone/integration-test/target/test-dir/MiniOzoneClusterImpl-3373c666-e21d-449e-a922-fde15befd7fc/datanode-5/data/ratis/e4dfbc25-7758-46ad-a14e-0e692fa02320 has been successfully formatted.
2023-01-30 12:43:47,261 [pool-181-thread-1] INFO  ratis.ContainerStateMachine (ContainerStateMachine.java:loadSnapshot(240)) - group-0E692FA02320: The snapshot info is null. Setting the last applied indexto:(t:0, i:~)
2023-01-30 12:43:47,261 [pool-181-thread-1] INFO  server.RaftServerConfigKeys (ConfUtils.java:logGet(46)) - raft.server.log.use.memory = false (default)
2023-01-30 12:43:47,261 [pool-181-thread-1] INFO  server.RaftServerConfigKeys (ConfUtils.java:logGet(46)) - raft.server.log.purge.gap = 1000000 (custom)
2023-01-30 12:43:47,261 [pool-181-thread-1] INFO  server.RaftServerConfigKeys (ConfUtils.java:logGet(46)) - raft.server.log.appender.buffer.byte-limit = 33554432 (custom)
2023-01-30 12:43:47,261 [pool-181-thread-1] INFO  server.RaftServerConfigKeys (ConfUtils.java:logGet(46)) - raft.server.log.statemachine.data.read.timeout = 1000ms (default)
2023-01-30 12:43:47,261 [pool-181-thread-1] INFO  server.RaftServerConfigKeys (ConfUtils.java:logGet(46)) - raft.server.log.purge.preservation.log.num = 0 (default)
2023-01-30 12:43:47,268 [Command processor thread] INFO  server.RaftServer (RaftServerProxy.java:addNew(96)) - a2abf3cf-345e-42e4-b42a-21ce73543136: addNew group-EDD45EC72C46:[a2abf3cf-345e-42e4-b42a-21ce73543136|rpc:10.1.0.50:35561|dataStream:10.1.0.50:41135|priority:1|startupRole:FOLLOWER] returns group-EDD45EC72C46:java.util.concurrent.CompletableFuture@76be79c1[Not completed]
2023-01-30 12:43:47,269 [pool-159-thread-1] INFO  server.RaftServer$Division (RaftServerImpl.java:<init>(195)) - a2abf3cf-345e-42e4-b42a-21ce73543136: new RaftServerImpl for group-EDD45EC72C46:[a2abf3cf-345e-42e4-b42a-21ce73543136|rpc:10.1.0.50:35561|dataStream:10.1.0.50:41135|priority:1|startupRole:FOLLOWER] with ContainerStateMachine:uninitialized
2023-01-30 12:43:47,270 [pool-159-thread-1] INFO  server.RaftServerConfigKeys (ConfUtils.java:logGet(46)) - raft.server.rpc.timeout.min = 5s (custom)
2023-01-30 12:43:47,270 [pool-159-thread-1] INFO  server.RaftServerConfigKeys (ConfUtils.java:logGet(46)) - raft.server.rpc.timeout.max = 5200ms (custom)
2023-01-30 12:43:47,270 [pool-159-thread-1] INFO  server.RaftServerConfigKeys (ConfUtils.java:logGet(46)) - raft.server.rpc.sleep.time = 25ms (default)
2023-01-30 12:43:47,270 [pool-159-thread-1] INFO  server.RaftServerConfigKeys (ConfUtils.java:logGet(46)) - raft.server.rpc.slowness.timeout = 300s (custom)
2023-01-30 12:43:47,270 [pool-159-thread-1] INFO  server.RaftServerConfigKeys (ConfUtils.java:logGet(46)) - raft.server.leaderelection.leader.step-down.wait-time = 10s (default)
2023-01-30 12:43:47,270 [pool-159-thread-1] INFO  server.RaftServerConfigKeys (ConfUtils.java:logGet(46)) - raft.server.sleep.deviation.threshold = 300ms (default)
2023-01-30 12:43:47,270 [pool-159-thread-1] INFO  server.RaftServer$Division (ServerState.java:<init>(118)) - a2abf3cf-345e-42e4-b42a-21ce73543136@group-EDD45EC72C46: ConfigurationManager, init=-1: peers:[a2abf3cf-345e-42e4-b42a-21ce73543136|rpc:10.1.0.50:35561|dataStream:10.1.0.50:41135|priority:1|startupRole:FOLLOWER]|listeners:[], old=null, confs=<EMPTY_MAP>
2023-01-30 12:43:47,270 [pool-159-thread-1] INFO  server.RaftServerConfigKeys (ConfUtils.java:logGet(46)) - raft.server.storage.dir = [/home/runner/work/ozone/ozone/hadoop-ozone/integration-test/target/test-dir/MiniOzoneClusterImpl-3373c666-e21d-449e-a922-fde15befd7fc/datanode-4/data/ratis] (custom)
2023-01-30 12:43:47,270 [pool-159-thread-1] INFO  server.RaftServerConfigKeys (ConfUtils.java:logGet(46)) - raft.server.log.corruption.policy = EXCEPTION (default)
2023-01-30 12:43:47,270 [pool-159-thread-1] INFO  server.RaftServerConfigKeys (ConfUtils.java:logGet(46)) - raft.server.storage.free-space.min = 0MB (=0) (default)
2023-01-30 12:43:47,270 [pool-159-thread-1] INFO  server.RaftServerConfigKeys (ConfUtils.java:logGet(46)) - raft.server.notification.no-leader.timeout = 300s (custom)
2023-01-30 12:43:47,270 [pool-159-thread-1] INFO  server.RaftServerConfigKeys (ConfUtils.java:logGet(46)) - raft.server.retrycache.expirytime = 600000ms (custom)
2023-01-30 12:43:47,270 [pool-159-thread-1] INFO  server.RaftServerConfigKeys (ConfUtils.java:logGet(46)) - raft.server.retrycache.statistics.expirytime = 100μs (default)
2023-01-30 12:43:47,271 [pool-159-thread-1] INFO  server.RaftServerConfigKeys (ConfUtils.java:logGet(46)) - raft.server.log.appender.install.snapshot.enabled = false (custom)
2023-01-30 12:43:47,271 [pool-159-thread-1] INFO  server.RaftServerConfigKeys (ConfUtils.java:logGet(46)) - raft.server.threadpool.server.cached = true (default)
2023-01-30 12:43:47,271 [pool-159-thread-1] INFO  server.RaftServerConfigKeys (ConfUtils.java:logGet(46)) - raft.server.threadpool.server.size = 0 (default)
2023-01-30 12:43:47,272 [pool-159-thread-1] INFO  server.RaftServerConfigKeys (ConfUtils.java:logGet(46)) - raft.server.threadpool.client.cached = true (default)
2023-01-30 12:43:47,272 [pool-159-thread-1] INFO  server.RaftServerConfigKeys (ConfUtils.java:logGet(46)) - raft.server.threadpool.client.size = 0 (default)
2023-01-30 12:43:47,272 [pool-159-thread-1] INFO  storage.RaftStorageDirectory (RaftStorageDirectoryImpl.java:analyzeStorage(137)) - The storage directory /home/runner/work/ozone/ozone/hadoop-ozone/integration-test/target/test-dir/MiniOzoneClusterImpl-3373c666-e21d-449e-a922-fde15befd7fc/datanode-4/data/ratis/21e5ce97-9f68-421a-b87d-edd45ec72c46 does not exist. Creating ...
2023-01-30 12:43:47,272 [pool-181-thread-1] INFO  server.RaftServerConfigKeys (ConfUtils.java:logGet(46)) - raft.server.log.segment.size.max = 1048576 (custom)
2023-01-30 12:43:47,272 [pool-181-thread-1] INFO  server.RaftServerConfigKeys (ConfUtils.java:logGet(46)) - raft.server.log.segment.cache.num.max = 2 (custom)
2023-01-30 12:43:47,272 [pool-181-thread-1] INFO  server.RaftServerConfigKeys (ConfUtils.java:logGet(46)) - raft.server.log.segment.cache.size.max = 200MB (=209715200) (default)
2023-01-30 12:43:47,273 [pool-181-thread-1] INFO  segmented.SegmentedRaftLogWorker (SegmentedRaftLogWorker.java:<init>(189)) - new b85ec12f-6d7c-420e-915b-fc0cfcf21520@group-0E692FA02320-SegmentedRaftLogWorker for RaftStorageImpl:Storage Directory /home/runner/work/ozone/ozone/hadoop-ozone/integration-test/target/test-dir/MiniOzoneClusterImpl-3373c666-e21d-449e-a922-fde15befd7fc/datanode-5/data/ratis/e4dfbc25-7758-46ad-a14e-0e692fa02320
2023-01-30 12:43:47,273 [pool-181-thread-1] INFO  server.RaftServerConfigKeys (ConfUtils.java:logGet(46)) - raft.server.log.queue.byte-limit = 4294967296 (custom)
2023-01-30 12:43:47,273 [pool-181-thread-1] INFO  server.RaftServerConfigKeys (ConfUtils.java:logGet(46)) - raft.server.log.queue.element-limit = 1024 (custom)
2023-01-30 12:43:47,273 [pool-159-thread-1] INFO  storage.RaftStorageDirectory (RaftStorageDirectoryImpl.java:tryLock(231)) - Lock on /home/runner/work/ozone/ozone/hadoop-ozone/integration-test/target/test-dir/MiniOzoneClusterImpl-3373c666-e21d-449e-a922-fde15befd7fc/datanode-4/data/ratis/21e5ce97-9f68-421a-b87d-edd45ec72c46/in_use.lock acquired by nodename 58968@fv-az186-393
2023-01-30 12:43:47,273 [pool-181-thread-1] INFO  server.RaftServerConfigKeys (ConfUtils.java:logGet(46)) - raft.server.log.segment.size.max = 1048576 (custom)
2023-01-30 12:43:47,273 [pool-181-thread-1] INFO  server.RaftServerConfigKeys (ConfUtils.java:logGet(46)) - raft.server.log.preallocated.size = 16384 (custom)
2023-01-30 12:43:47,273 [pool-181-thread-1] INFO  server.RaftServerConfigKeys (ConfUtils.java:logGet(46)) - raft.server.log.force.sync.num = 128 (default)
2023-01-30 12:43:47,273 [pool-181-thread-1] INFO  server.RaftServerConfigKeys (ConfUtils.java:logGet(46)) - raft.server.log.statemachine.data.sync = true (default)
2023-01-30 12:43:47,274 [pool-181-thread-1] INFO  server.RaftServerConfigKeys (ConfUtils.java:logGet(46)) - raft.server.log.statemachine.data.sync.timeout = 10s (default)
2023-01-30 12:43:47,274 [pool-181-thread-1] INFO  server.RaftServerConfigKeys (ConfUtils.java:logGet(46)) - raft.server.log.statemachine.data.sync.timeout.retry = -1 (default)
2023-01-30 12:43:47,274 [pool-159-thread-1] INFO  storage.RaftStorage (RaftStorageImpl.java:format(96)) - Storage directory /home/runner/work/ozone/ozone/hadoop-ozone/integration-test/target/test-dir/MiniOzoneClusterImpl-3373c666-e21d-449e-a922-fde15befd7fc/datanode-4/data/ratis/21e5ce97-9f68-421a-b87d-edd45ec72c46 has been successfully formatted.
2023-01-30 12:43:47,274 [pool-159-thread-1] INFO  ratis.ContainerStateMachine (ContainerStateMachine.java:loadSnapshot(240)) - group-EDD45EC72C46: The snapshot info is null. Setting the last applied indexto:(t:0, i:~)
2023-01-30 12:43:47,274 [pool-159-thread-1] INFO  server.RaftServerConfigKeys (ConfUtils.java:logGet(46)) - raft.server.log.use.memory = false (default)
2023-01-30 12:43:47,283 [pool-159-thread-1] INFO  server.RaftServerConfigKeys (ConfUtils.java:logGet(46)) - raft.server.log.purge.gap = 1000000 (custom)
2023-01-30 12:43:47,283 [pool-159-thread-1] INFO  server.RaftServerConfigKeys (ConfUtils.java:logGet(46)) - raft.server.log.appender.buffer.byte-limit = 33554432 (custom)
2023-01-30 12:43:47,283 [pool-159-thread-1] INFO  server.RaftServerConfigKeys (ConfUtils.java:logGet(46)) - raft.server.log.statemachine.data.read.timeout = 1000ms (default)
2023-01-30 12:43:47,283 [pool-159-thread-1] INFO  server.RaftServerConfigKeys (ConfUtils.java:logGet(46)) - raft.server.log.purge.preservation.log.num = 0 (default)
2023-01-30 12:43:47,283 [pool-159-thread-1] INFO  server.RaftServerConfigKeys (ConfUtils.java:logGet(46)) - raft.server.log.segment.size.max = 1048576 (custom)
2023-01-30 12:43:47,283 [pool-159-thread-1] INFO  server.RaftServerConfigKeys (ConfUtils.java:logGet(46)) - raft.server.log.segment.cache.num.max = 2 (custom)
2023-01-30 12:43:47,284 [EventQueue-PipelineReportForPipelineReportHandler] INFO  pipeline.PipelineManagerImpl (PipelineManagerImpl.java:openPipeline(367)) - Pipeline Pipeline[ Id: 21e5ce97-9f68-421a-b87d-edd45ec72c46, Nodes: a2abf3cf-345e-42e4-b42a-21ce73543136(fv-az186-393.qnicg3m0sonedg4msc5mrdkamh.cx.internal.cloudapp.net/10.1.0.50), ReplicationConfig: RATIS/ONE, State:ALLOCATED, leaderId:a2abf3cf-345e-42e4-b42a-21ce73543136, CreationTimestamp2023-01-30T12:43:44.267Z[Etc/UTC]] moved to OPEN state
2023-01-30 12:43:47,284 [pool-159-thread-1] INFO  server.RaftServerConfigKeys (ConfUtils.java:logGet(46)) - raft.server.log.segment.cache.size.max = 200MB (=209715200) (default)
2023-01-30 12:43:47,284 [pool-159-thread-1] INFO  segmented.SegmentedRaftLogWorker (SegmentedRaftLogWorker.java:<init>(189)) - new a2abf3cf-345e-42e4-b42a-21ce73543136@group-EDD45EC72C46-SegmentedRaftLogWorker for RaftStorageImpl:Storage Directory /home/runner/work/ozone/ozone/hadoop-ozone/integration-test/target/test-dir/MiniOzoneClusterImpl-3373c666-e21d-449e-a922-fde15befd7fc/datanode-4/data/ratis/21e5ce97-9f68-421a-b87d-edd45ec72c46
2023-01-30 12:43:47,284 [pool-159-thread-1] INFO  server.RaftServerConfigKeys (ConfUtils.java:logGet(46)) - raft.server.log.queue.byte-limit = 4294967296 (custom)
2023-01-30 12:43:47,284 [pool-159-thread-1] INFO  server.RaftServerConfigKeys (ConfUtils.java:logGet(46)) - raft.server.log.queue.element-limit = 1024 (custom)
2023-01-30 12:43:47,284 [pool-159-thread-1] INFO  server.RaftServerConfigKeys (ConfUtils.java:logGet(46)) - raft.server.log.segment.size.max = 1048576 (custom)
2023-01-30 12:43:47,284 [pool-159-thread-1] INFO  server.RaftServerConfigKeys (ConfUtils.java:logGet(46)) - raft.server.log.preallocated.size = 16384 (custom)
2023-01-30 12:43:47,284 [pool-159-thread-1] INFO  server.RaftServerConfigKeys (ConfUtils.java:logGet(46)) - raft.server.log.force.sync.num = 128 (default)
2023-01-30 12:43:47,284 [pool-159-thread-1] INFO  server.RaftServerConfigKeys (ConfUtils.java:logGet(46)) - raft.server.log.statemachine.data.sync = true (default)
2023-01-30 12:43:47,284 [EventQueue-OpenPipelineForHealthyPipelineSafeModeRule] INFO  safemode.SCMSafeModeManager (HealthyPipelineSafeModeRule.java:process(137)) - SCM in safe mode. Healthy pipelines reported count is 0, required healthy pipeline reported count is 1
2023-01-30 12:43:47,284 [pool-159-thread-1] INFO  server.RaftServerConfigKeys (ConfUtils.java:logGet(46)) - raft.server.log.statemachine.data.sync.timeout = 10s (default)
2023-01-30 12:43:47,284 [pool-159-thread-1] INFO  server.RaftServerConfigKeys (ConfUtils.java:logGet(46)) - raft.server.log.statemachine.data.sync.timeout.retry = -1 (default)
2023-01-30 12:43:47,285 [pool-181-thread-1] INFO  server.RaftServerConfigKeys (ConfUtils.java:logGet(46)) - raft.server.log.write.buffer.size = 1048576 (custom)
2023-01-30 12:43:47,285 [pool-159-thread-1] INFO  server.RaftServerConfigKeys (ConfUtils.java:logGet(46)) - raft.server.log.write.buffer.size = 1048576 (custom)
2023-01-30 12:43:47,286 [pool-159-thread-1] INFO  server.RaftServerConfigKeys (ConfUtils.java:logGet(46)) - raft.server.log.appender.buffer.byte-limit = 33554432 (custom)
2023-01-30 12:43:47,286 [pool-181-thread-1] INFO  server.RaftServerConfigKeys (ConfUtils.java:logGet(46)) - raft.server.log.appender.buffer.byte-limit = 33554432 (custom)
2023-01-30 12:43:47,289 [pool-159-thread-1] INFO  server.RaftServerConfigKeys (ConfUtils.java:logGet(46)) - raft.server.log.unsafe-flush.enabled = false (default)
2023-01-30 12:43:47,289 [pool-159-thread-1] INFO  server.RaftServerConfigKeys (ConfUtils.java:logGet(46)) - raft.server.log.async-flush.enabled = false (default)
2023-01-30 12:43:47,289 [pool-159-thread-1] INFO  server.RaftServerConfigKeys (ConfUtils.java:logGet(46)) - raft.server.log.statemachine.data.caching.enabled = true (custom)
2023-01-30 12:43:47,289 [pool-159-thread-1] INFO  segmented.SegmentedRaftLogWorker (SegmentedRaftLogWorker.java:lambda$new$0(135)) - a2abf3cf-345e-42e4-b42a-21ce73543136@group-EDD45EC72C46-SegmentedRaftLogWorker: flushIndex: setUnconditionally 0 -> -1
2023-01-30 12:43:47,289 [pool-159-thread-1] INFO  segmented.SegmentedRaftLogWorker (SegmentedRaftLogWorker.java:lambda$new$0(135)) - a2abf3cf-345e-42e4-b42a-21ce73543136@group-EDD45EC72C46-SegmentedRaftLogWorker: safeCacheEvictIndex: setUnconditionally 0 -> -1
2023-01-30 12:43:47,290 [pool-181-thread-1] INFO  server.RaftServerConfigKeys (ConfUtils.java:logGet(46)) - raft.server.log.unsafe-flush.enabled = false (default)
2023-01-30 12:43:47,290 [pool-181-thread-1] INFO  server.RaftServerConfigKeys (ConfUtils.java:logGet(46)) - raft.server.log.async-flush.enabled = false (default)
2023-01-30 12:43:47,290 [pool-181-thread-1] INFO  server.RaftServerConfigKeys (ConfUtils.java:logGet(46)) - raft.server.log.statemachine.data.caching.enabled = true (custom)
2023-01-30 12:43:47,290 [pool-181-thread-1] INFO  segmented.SegmentedRaftLogWorker (SegmentedRaftLogWorker.java:lambda$new$0(135)) - b85ec12f-6d7c-420e-915b-fc0cfcf21520@group-0E692FA02320-SegmentedRaftLogWorker: flushIndex: setUnconditionally 0 -> -1
2023-01-30 12:43:47,290 [pool-181-thread-1] INFO  segmented.SegmentedRaftLogWorker (SegmentedRaftLogWorker.java:lambda$new$0(135)) - b85ec12f-6d7c-420e-915b-fc0cfcf21520@group-0E692FA02320-SegmentedRaftLogWorker: safeCacheEvictIndex: setUnconditionally 0 -> -1
2023-01-30 12:43:47,294 [pool-159-thread-1] INFO  server.RaftServer$Division (RaftServerImpl.java:start(334)) - a2abf3cf-345e-42e4-b42a-21ce73543136@group-EDD45EC72C46: start as a follower, conf=-1: peers:[a2abf3cf-345e-42e4-b42a-21ce73543136|rpc:10.1.0.50:35561|dataStream:10.1.0.50:41135|priority:1|startupRole:FOLLOWER]|listeners:[], old=null
2023-01-30 12:43:47,294 [pool-159-thread-1] INFO  server.RaftServer$Division (RaftServerImpl.java:setRole(321)) - a2abf3cf-345e-42e4-b42a-21ce73543136@group-EDD45EC72C46: changes role from      null to FOLLOWER at term 0 for startAsFollower
2023-01-30 12:43:47,294 [pool-181-thread-1] INFO  server.RaftServer$Division (RaftServerImpl.java:start(334)) - b85ec12f-6d7c-420e-915b-fc0cfcf21520@group-0E692FA02320: start as a follower, conf=-1: peers:[a2abf3cf-345e-42e4-b42a-21ce73543136|rpc:10.1.0.50:35561|dataStream:10.1.0.50:41135|priority:0|startupRole:FOLLOWER, 4161fb15-5f04-4edd-aa04-1f821408f5fb|rpc:10.1.0.50:35253|dataStream:10.1.0.50:40011|priority:0|startupRole:FOLLOWER, b85ec12f-6d7c-420e-915b-fc0cfcf21520|rpc:10.1.0.50:35341|dataStream:10.1.0.50:45259|priority:1|startupRole:FOLLOWER]|listeners:[], old=null
2023-01-30 12:43:47,294 [pool-181-thread-1] INFO  server.RaftServer$Division (RaftServerImpl.java:setRole(321)) - b85ec12f-6d7c-420e-915b-fc0cfcf21520@group-0E692FA02320: changes role from      null to FOLLOWER at term 0 for startAsFollower
2023-01-30 12:43:47,294 [pool-181-thread-1] INFO  impl.RoleInfo (RoleInfo.java:updateAndGet(139)) - b85ec12f-6d7c-420e-915b-fc0cfcf21520: start b85ec12f-6d7c-420e-915b-fc0cfcf21520@group-0E692FA02320-FollowerState
2023-01-30 12:43:47,294 [pool-181-thread-1] INFO  util.JmxRegister (JmxRegister.java:tryRegister(44)) - Successfully registered JMX Bean with object name Ratis:service=RaftServer,group=group-0E692FA02320,id=b85ec12f-6d7c-420e-915b-fc0cfcf21520
2023-01-30 12:43:47,294 [pool-181-thread-1] INFO  server.RaftServerConfigKeys (ConfUtils.java:logGet(46)) - raft.server.snapshot.auto.trigger.enabled = true (custom)
2023-01-30 12:43:47,294 [pool-181-thread-1] INFO  server.RaftServerConfigKeys (ConfUtils.java:logGet(46)) - raft.server.snapshot.auto.trigger.threshold = 10000 (custom)
2023-01-30 12:43:47,295 [pool-181-thread-1] INFO  server.RaftServerConfigKeys (ConfUtils.java:logGet(46)) - raft.server.snapshot.retention.file.num = 5 (custom)
2023-01-30 12:43:47,295 [pool-181-thread-1] INFO  server.RaftServerConfigKeys (ConfUtils.java:logGet(46)) - raft.server.log.purge.upto.snapshot.index = false (default)
2023-01-30 12:43:47,296 [b85ec12f-6d7c-420e-915b-fc0cfcf21520@group-0E692FA02320-FollowerState] INFO  server.RaftServerConfigKeys (ConfUtils.java:logFallback(53)) - raft.server.rpc.first-election.timeout.min = 5s (fallback to raft.server.rpc.timeout.min)
2023-01-30 12:43:47,298 [pool-159-thread-1] INFO  impl.RoleInfo (RoleInfo.java:updateAndGet(139)) - a2abf3cf-345e-42e4-b42a-21ce73543136: start a2abf3cf-345e-42e4-b42a-21ce73543136@group-EDD45EC72C46-FollowerState
2023-01-30 12:43:47,300 [b85ec12f-6d7c-420e-915b-fc0cfcf21520@group-0E692FA02320-FollowerState] INFO  server.RaftServerConfigKeys (ConfUtils.java:logFallback(53)) - raft.server.rpc.first-election.timeout.max = 5200ms (fallback to raft.server.rpc.timeout.max)
2023-01-30 12:43:47,301 [pool-159-thread-1] INFO  util.JmxRegister (JmxRegister.java:tryRegister(44)) - Successfully registered JMX Bean with object name Ratis:service=RaftServer,group=group-EDD45EC72C46,id=a2abf3cf-345e-42e4-b42a-21ce73543136
2023-01-30 12:43:47,301 [pool-159-thread-1] INFO  server.RaftServerConfigKeys (ConfUtils.java:logGet(46)) - raft.server.snapshot.auto.trigger.enabled = true (custom)
2023-01-30 12:43:47,301 [pool-159-thread-1] INFO  server.RaftServerConfigKeys (ConfUtils.java:logGet(46)) - raft.server.snapshot.auto.trigger.threshold = 10000 (custom)
2023-01-30 12:43:47,301 [pool-159-thread-1] INFO  server.RaftServerConfigKeys (ConfUtils.java:logGet(46)) - raft.server.snapshot.retention.file.num = 5 (custom)
2023-01-30 12:43:47,302 [pool-159-thread-1] INFO  server.RaftServerConfigKeys (ConfUtils.java:logGet(46)) - raft.server.log.purge.upto.snapshot.index = false (default)
2023-01-30 12:43:47,302 [a2abf3cf-345e-42e4-b42a-21ce73543136@group-EDD45EC72C46-FollowerState] INFO  server.RaftServerConfigKeys (ConfUtils.java:logFallback(53)) - raft.server.rpc.first-election.timeout.min = 5s (fallback to raft.server.rpc.timeout.min)
2023-01-30 12:43:47,302 [a2abf3cf-345e-42e4-b42a-21ce73543136@group-EDD45EC72C46-FollowerState] INFO  server.RaftServerConfigKeys (ConfUtils.java:logFallback(53)) - raft.server.rpc.first-election.timeout.max = 5200ms (fallback to raft.server.rpc.timeout.max)
2023-01-30 12:43:47,304 [Command processor thread] INFO  ratis.XceiverServerRatis (XceiverServerRatis.java:addGroup(806)) - Created group PipelineID=21e5ce97-9f68-421a-b87d-edd45ec72c46
2023-01-30 12:43:47,304 [Command processor thread] INFO  commandhandler.CreatePipelineCommandHandler (CreatePipelineCommandHandler.java:handle(113)) - Created Pipeline RATIS ONE PipelineID=21e5ce97-9f68-421a-b87d-edd45ec72c46.
2023-01-30 12:43:47,304 [Command processor thread] INFO  server.RaftServer (RaftServerProxy.java:addNew(96)) - a2abf3cf-345e-42e4-b42a-21ce73543136: addNew group-235C834376E9:[a2abf3cf-345e-42e4-b42a-21ce73543136|rpc:10.1.0.50:35561|dataStream:10.1.0.50:41135|priority:1|startupRole:FOLLOWER, 4161fb15-5f04-4edd-aa04-1f821408f5fb|rpc:10.1.0.50:35253|dataStream:10.1.0.50:40011|priority:0|startupRole:FOLLOWER, b85ec12f-6d7c-420e-915b-fc0cfcf21520|rpc:10.1.0.50:35341|dataStream:10.1.0.50:45259|priority:0|startupRole:FOLLOWER] returns group-235C834376E9:java.util.concurrent.CompletableFuture@78799966[Not completed]
2023-01-30 12:43:47,305 [pool-159-thread-1] INFO  server.RaftServer$Division (RaftServerImpl.java:<init>(195)) - a2abf3cf-345e-42e4-b42a-21ce73543136: new RaftServerImpl for group-235C834376E9:[a2abf3cf-345e-42e4-b42a-21ce73543136|rpc:10.1.0.50:35561|dataStream:10.1.0.50:41135|priority:1|startupRole:FOLLOWER, 4161fb15-5f04-4edd-aa04-1f821408f5fb|rpc:10.1.0.50:35253|dataStream:10.1.0.50:40011|priority:0|startupRole:FOLLOWER, b85ec12f-6d7c-420e-915b-fc0cfcf21520|rpc:10.1.0.50:35341|dataStream:10.1.0.50:45259|priority:0|startupRole:FOLLOWER] with ContainerStateMachine:uninitialized
2023-01-30 12:43:47,305 [pool-159-thread-1] INFO  server.RaftServerConfigKeys (ConfUtils.java:logGet(46)) - raft.server.rpc.timeout.min = 5s (custom)
2023-01-30 12:43:47,305 [pool-159-thread-1] INFO  server.RaftServerConfigKeys (ConfUtils.java:logGet(46)) - raft.server.rpc.timeout.max = 5200ms (custom)
2023-01-30 12:43:47,305 [pool-159-thread-1] INFO  server.RaftServerConfigKeys (ConfUtils.java:logGet(46)) - raft.server.rpc.sleep.time = 25ms (default)
2023-01-30 12:43:47,305 [pool-159-thread-1] INFO  server.RaftServerConfigKeys (ConfUtils.java:logGet(46)) - raft.server.rpc.slowness.timeout = 300s (custom)
2023-01-30 12:43:47,305 [pool-159-thread-1] INFO  server.RaftServerConfigKeys (ConfUtils.java:logGet(46)) - raft.server.leaderelection.leader.step-down.wait-time = 10s (default)
2023-01-30 12:43:47,305 [pool-159-thread-1] INFO  server.RaftServerConfigKeys (ConfUtils.java:logGet(46)) - raft.server.sleep.deviation.threshold = 300ms (default)
2023-01-30 12:43:47,305 [pool-159-thread-1] INFO  server.RaftServer$Division (ServerState.java:<init>(118)) - a2abf3cf-345e-42e4-b42a-21ce73543136@group-235C834376E9: ConfigurationManager, init=-1: peers:[a2abf3cf-345e-42e4-b42a-21ce73543136|rpc:10.1.0.50:35561|dataStream:10.1.0.50:41135|priority:1|startupRole:FOLLOWER, 4161fb15-5f04-4edd-aa04-1f821408f5fb|rpc:10.1.0.50:35253|dataStream:10.1.0.50:40011|priority:0|startupRole:FOLLOWER, b85ec12f-6d7c-420e-915b-fc0cfcf21520|rpc:10.1.0.50:35341|dataStream:10.1.0.50:45259|priority:0|startupRole:FOLLOWER]|listeners:[], old=null, confs=<EMPTY_MAP>
2023-01-30 12:43:47,305 [pool-159-thread-1] INFO  server.RaftServerConfigKeys (ConfUtils.java:logGet(46)) - raft.server.storage.dir = [/home/runner/work/ozone/ozone/hadoop-ozone/integration-test/target/test-dir/MiniOzoneClusterImpl-3373c666-e21d-449e-a922-fde15befd7fc/datanode-4/data/ratis] (custom)
2023-01-30 12:43:47,306 [pool-159-thread-1] INFO  server.RaftServerConfigKeys (ConfUtils.java:logGet(46)) - raft.server.log.corruption.policy = EXCEPTION (default)
2023-01-30 12:43:47,306 [pool-159-thread-1] INFO  server.RaftServerConfigKeys (ConfUtils.java:logGet(46)) - raft.server.storage.free-space.min = 0MB (=0) (default)
2023-01-30 12:43:47,306 [pool-159-thread-1] INFO  server.RaftServerConfigKeys (ConfUtils.java:logGet(46)) - raft.server.notification.no-leader.timeout = 300s (custom)
2023-01-30 12:43:47,306 [pool-159-thread-1] INFO  server.RaftServerConfigKeys (ConfUtils.java:logGet(46)) - raft.server.retrycache.expirytime = 600000ms (custom)
2023-01-30 12:43:47,306 [pool-159-thread-1] INFO  server.RaftServerConfigKeys (ConfUtils.java:logGet(46)) - raft.server.retrycache.statistics.expirytime = 100μs (default)
2023-01-30 12:43:47,307 [pool-159-thread-1] INFO  server.RaftServerConfigKeys (ConfUtils.java:logGet(46)) - raft.server.log.appender.install.snapshot.enabled = false (custom)
2023-01-30 12:43:47,307 [pool-159-thread-1] INFO  server.RaftServerConfigKeys (ConfUtils.java:logGet(46)) - raft.server.threadpool.server.cached = true (default)
2023-01-30 12:43:47,307 [pool-159-thread-1] INFO  server.RaftServerConfigKeys (ConfUtils.java:logGet(46)) - raft.server.threadpool.server.size = 0 (default)
2023-01-30 12:43:47,307 [pool-159-thread-1] INFO  server.RaftServerConfigKeys (ConfUtils.java:logGet(46)) - raft.server.threadpool.client.cached = true (default)
2023-01-30 12:43:47,307 [pool-159-thread-1] INFO  server.RaftServerConfigKeys (ConfUtils.java:logGet(46)) - raft.server.threadpool.client.size = 0 (default)
2023-01-30 12:43:47,307 [pool-159-thread-1] INFO  storage.RaftStorageDirectory (RaftStorageDirectoryImpl.java:analyzeStorage(137)) - The storage directory /home/runner/work/ozone/ozone/hadoop-ozone/integration-test/target/test-dir/MiniOzoneClusterImpl-3373c666-e21d-449e-a922-fde15befd7fc/datanode-4/data/ratis/fd1cb487-0f8c-493b-aaff-235c834376e9 does not exist. Creating ...
2023-01-30 12:43:47,311 [pool-159-thread-1] INFO  storage.RaftStorageDirectory (RaftStorageDirectoryImpl.java:tryLock(231)) - Lock on /home/runner/work/ozone/ozone/hadoop-ozone/integration-test/target/test-dir/MiniOzoneClusterImpl-3373c666-e21d-449e-a922-fde15befd7fc/datanode-4/data/ratis/fd1cb487-0f8c-493b-aaff-235c834376e9/in_use.lock acquired by nodename 58968@fv-az186-393
2023-01-30 12:43:47,312 [pool-159-thread-1] INFO  storage.RaftStorage (RaftStorageImpl.java:format(96)) - Storage directory /home/runner/work/ozone/ozone/hadoop-ozone/integration-test/target/test-dir/MiniOzoneClusterImpl-3373c666-e21d-449e-a922-fde15befd7fc/datanode-4/data/ratis/fd1cb487-0f8c-493b-aaff-235c834376e9 has been successfully formatted.
2023-01-30 12:43:47,312 [pool-159-thread-1] INFO  ratis.ContainerStateMachine (ContainerStateMachine.java:loadSnapshot(240)) - group-235C834376E9: The snapshot info is null. Setting the last applied indexto:(t:0, i:~)
2023-01-30 12:43:47,312 [pool-159-thread-1] INFO  server.RaftServerConfigKeys (ConfUtils.java:logGet(46)) - raft.server.log.use.memory = false (default)
2023-01-30 12:43:47,312 [pool-159-thread-1] INFO  server.RaftServerConfigKeys (ConfUtils.java:logGet(46)) - raft.server.log.purge.gap = 1000000 (custom)
2023-01-30 12:43:47,312 [pool-159-thread-1] INFO  server.RaftServerConfigKeys (ConfUtils.java:logGet(46)) - raft.server.log.appender.buffer.byte-limit = 33554432 (custom)
2023-01-30 12:43:47,312 [pool-159-thread-1] INFO  server.RaftServerConfigKeys (ConfUtils.java:logGet(46)) - raft.server.log.statemachine.data.read.timeout = 1000ms (default)
2023-01-30 12:43:47,313 [pool-159-thread-1] INFO  server.RaftServerConfigKeys (ConfUtils.java:logGet(46)) - raft.server.log.purge.preservation.log.num = 0 (default)
2023-01-30 12:43:47,313 [pool-159-thread-1] INFO  server.RaftServerConfigKeys (ConfUtils.java:logGet(46)) - raft.server.log.segment.size.max = 1048576 (custom)
2023-01-30 12:43:47,313 [pool-159-thread-1] INFO  server.RaftServerConfigKeys (ConfUtils.java:logGet(46)) - raft.server.log.segment.cache.num.max = 2 (custom)
2023-01-30 12:43:47,313 [pool-159-thread-1] INFO  server.RaftServerConfigKeys (ConfUtils.java:logGet(46)) - raft.server.log.segment.cache.size.max = 200MB (=209715200) (default)
2023-01-30 12:43:47,314 [pool-159-thread-1] INFO  segmented.SegmentedRaftLogWorker (SegmentedRaftLogWorker.java:<init>(189)) - new a2abf3cf-345e-42e4-b42a-21ce73543136@group-235C834376E9-SegmentedRaftLogWorker for RaftStorageImpl:Storage Directory /home/runner/work/ozone/ozone/hadoop-ozone/integration-test/target/test-dir/MiniOzoneClusterImpl-3373c666-e21d-449e-a922-fde15befd7fc/datanode-4/data/ratis/fd1cb487-0f8c-493b-aaff-235c834376e9
2023-01-30 12:43:47,314 [pool-159-thread-1] INFO  server.RaftServerConfigKeys (ConfUtils.java:logGet(46)) - raft.server.log.queue.byte-limit = 4294967296 (custom)
2023-01-30 12:43:47,314 [pool-159-thread-1] INFO  server.RaftServerConfigKeys (ConfUtils.java:logGet(46)) - raft.server.log.queue.element-limit = 1024 (custom)
2023-01-30 12:43:47,314 [pool-159-thread-1] INFO  server.RaftServerConfigKeys (ConfUtils.java:logGet(46)) - raft.server.log.segment.size.max = 1048576 (custom)
2023-01-30 12:43:47,314 [pool-159-thread-1] INFO  server.RaftServerConfigKeys (ConfUtils.java:logGet(46)) - raft.server.log.preallocated.size = 16384 (custom)
2023-01-30 12:43:47,314 [pool-159-thread-1] INFO  server.RaftServerConfigKeys (ConfUtils.java:logGet(46)) - raft.server.log.force.sync.num = 128 (default)
2023-01-30 12:43:47,315 [pool-159-thread-1] INFO  server.RaftServerConfigKeys (ConfUtils.java:logGet(46)) - raft.server.log.statemachine.data.sync = true (default)
2023-01-30 12:43:47,315 [pool-159-thread-1] INFO  server.RaftServerConfigKeys (ConfUtils.java:logGet(46)) - raft.server.log.statemachine.data.sync.timeout = 10s (default)
2023-01-30 12:43:47,315 [pool-159-thread-1] INFO  server.RaftServerConfigKeys (ConfUtils.java:logGet(46)) - raft.server.log.statemachine.data.sync.timeout.retry = -1 (default)
2023-01-30 12:43:47,319 [Command processor thread] INFO  commandhandler.CreatePipelineCommandHandler (CreatePipelineCommandHandler.java:handle(113)) - Created Pipeline RATIS THREE PipelineID=e4dfbc25-7758-46ad-a14e-0e692fa02320.
2023-01-30 12:43:47,321 [Command processor thread] INFO  server.RaftServer (RaftServerProxy.java:addNew(96)) - 4161fb15-5f04-4edd-aa04-1f821408f5fb: addNew group-235C834376E9:[a2abf3cf-345e-42e4-b42a-21ce73543136|rpc:10.1.0.50:35561|dataStream:10.1.0.50:41135|priority:1|startupRole:FOLLOWER, 4161fb15-5f04-4edd-aa04-1f821408f5fb|rpc:10.1.0.50:35253|dataStream:10.1.0.50:40011|priority:0|startupRole:FOLLOWER, b85ec12f-6d7c-420e-915b-fc0cfcf21520|rpc:10.1.0.50:35341|dataStream:10.1.0.50:45259|priority:0|startupRole:FOLLOWER] returns group-235C834376E9:java.util.concurrent.CompletableFuture@573af931[Not completed]
2023-01-30 12:43:47,321 [pool-159-thread-1] INFO  server.RaftServerConfigKeys (ConfUtils.java:logGet(46)) - raft.server.log.write.buffer.size = 1048576 (custom)
2023-01-30 12:43:47,323 [EventQueue-OpenPipelineForHealthyPipelineSafeModeRule] INFO  safemode.SCMSafeModeManager (HealthyPipelineSafeModeRule.java:process(137)) - SCM in safe mode. Healthy pipelines reported count is 0, required healthy pipeline reported count is 1
2023-01-30 12:43:47,322 [pool-137-thread-1] INFO  server.RaftServer$Division (RaftServerImpl.java:<init>(195)) - 4161fb15-5f04-4edd-aa04-1f821408f5fb: new RaftServerImpl for group-235C834376E9:[a2abf3cf-345e-42e4-b42a-21ce73543136|rpc:10.1.0.50:35561|dataStream:10.1.0.50:41135|priority:1|startupRole:FOLLOWER, 4161fb15-5f04-4edd-aa04-1f821408f5fb|rpc:10.1.0.50:35253|dataStream:10.1.0.50:40011|priority:0|startupRole:FOLLOWER, b85ec12f-6d7c-420e-915b-fc0cfcf21520|rpc:10.1.0.50:35341|dataStream:10.1.0.50:45259|priority:0|startupRole:FOLLOWER] with ContainerStateMachine:uninitialized
2023-01-30 12:43:47,327 [pool-159-thread-1] INFO  server.RaftServerConfigKeys (ConfUtils.java:logGet(46)) - raft.server.log.appender.buffer.byte-limit = 33554432 (custom)
2023-01-30 12:43:47,328 [pool-137-thread-1] INFO  server.RaftServerConfigKeys (ConfUtils.java:logGet(46)) - raft.server.rpc.timeout.min = 5s (custom)
2023-01-30 12:43:47,331 [pool-137-thread-1] INFO  server.RaftServerConfigKeys (ConfUtils.java:logGet(46)) - raft.server.rpc.timeout.max = 5200ms (custom)
2023-01-30 12:43:47,331 [pool-137-thread-1] INFO  server.RaftServerConfigKeys (ConfUtils.java:logGet(46)) - raft.server.rpc.sleep.time = 25ms (default)
2023-01-30 12:43:47,331 [pool-137-thread-1] INFO  server.RaftServerConfigKeys (ConfUtils.java:logGet(46)) - raft.server.rpc.slowness.timeout = 300s (custom)
2023-01-30 12:43:47,331 [pool-137-thread-1] INFO  server.RaftServerConfigKeys (ConfUtils.java:logGet(46)) - raft.server.leaderelection.leader.step-down.wait-time = 10s (default)
2023-01-30 12:43:47,331 [pool-137-thread-1] INFO  server.RaftServerConfigKeys (ConfUtils.java:logGet(46)) - raft.server.sleep.deviation.threshold = 300ms (default)
2023-01-30 12:43:47,331 [pool-137-thread-1] INFO  server.RaftServer$Division (ServerState.java:<init>(118)) - 4161fb15-5f04-4edd-aa04-1f821408f5fb@group-235C834376E9: ConfigurationManager, init=-1: peers:[a2abf3cf-345e-42e4-b42a-21ce73543136|rpc:10.1.0.50:35561|dataStream:10.1.0.50:41135|priority:1|startupRole:FOLLOWER, 4161fb15-5f04-4edd-aa04-1f821408f5fb|rpc:10.1.0.50:35253|dataStream:10.1.0.50:40011|priority:0|startupRole:FOLLOWER, b85ec12f-6d7c-420e-915b-fc0cfcf21520|rpc:10.1.0.50:35341|dataStream:10.1.0.50:45259|priority:0|startupRole:FOLLOWER]|listeners:[], old=null, confs=<EMPTY_MAP>
2023-01-30 12:43:47,331 [pool-137-thread-1] INFO  server.RaftServerConfigKeys (ConfUtils.java:logGet(46)) - raft.server.storage.dir = [/home/runner/work/ozone/ozone/hadoop-ozone/integration-test/target/test-dir/MiniOzoneClusterImpl-3373c666-e21d-449e-a922-fde15befd7fc/datanode-3/data/ratis] (custom)
2023-01-30 12:43:47,331 [pool-137-thread-1] INFO  server.RaftServerConfigKeys (ConfUtils.java:logGet(46)) - raft.server.log.corruption.policy = EXCEPTION (default)
2023-01-30 12:43:47,331 [pool-137-thread-1] INFO  server.RaftServerConfigKeys (ConfUtils.java:logGet(46)) - raft.server.storage.free-space.min = 0MB (=0) (default)
2023-01-30 12:43:47,331 [pool-137-thread-1] INFO  server.RaftServerConfigKeys (ConfUtils.java:logGet(46)) - raft.server.notification.no-leader.timeout = 300s (custom)
2023-01-30 12:43:47,332 [pool-137-thread-1] INFO  server.RaftServerConfigKeys (ConfUtils.java:logGet(46)) - raft.server.retrycache.expirytime = 600000ms (custom)
2023-01-30 12:43:47,332 [pool-137-thread-1] INFO  server.RaftServerConfigKeys (ConfUtils.java:logGet(46)) - raft.server.retrycache.statistics.expirytime = 100μs (default)
2023-01-30 12:43:47,333 [pool-137-thread-1] INFO  server.RaftServerConfigKeys (ConfUtils.java:logGet(46)) - raft.server.log.appender.install.snapshot.enabled = false (custom)
2023-01-30 12:43:47,333 [pool-137-thread-1] INFO  server.RaftServerConfigKeys (ConfUtils.java:logGet(46)) - raft.server.threadpool.server.cached = true (default)
2023-01-30 12:43:47,333 [pool-137-thread-1] INFO  server.RaftServerConfigKeys (ConfUtils.java:logGet(46)) - raft.server.threadpool.server.size = 0 (default)
2023-01-30 12:43:47,333 [pool-137-thread-1] INFO  server.RaftServerConfigKeys (ConfUtils.java:logGet(46)) - raft.server.threadpool.client.cached = true (default)
2023-01-30 12:43:47,333 [pool-137-thread-1] INFO  server.RaftServerConfigKeys (ConfUtils.java:logGet(46)) - raft.server.threadpool.client.size = 0 (default)
2023-01-30 12:43:47,333 [pool-137-thread-1] INFO  storage.RaftStorageDirectory (RaftStorageDirectoryImpl.java:analyzeStorage(137)) - The storage directory /home/runner/work/ozone/ozone/hadoop-ozone/integration-test/target/test-dir/MiniOzoneClusterImpl-3373c666-e21d-449e-a922-fde15befd7fc/datanode-3/data/ratis/fd1cb487-0f8c-493b-aaff-235c834376e9 does not exist. Creating ...
2023-01-30 12:43:47,333 [pool-159-thread-1] INFO  server.RaftServerConfigKeys (ConfUtils.java:logGet(46)) - raft.server.log.unsafe-flush.enabled = false (default)
2023-01-30 12:43:47,334 [pool-137-thread-1] INFO  storage.RaftStorageDirectory (RaftStorageDirectoryImpl.java:tryLock(231)) - Lock on /home/runner/work/ozone/ozone/hadoop-ozone/integration-test/target/test-dir/MiniOzoneClusterImpl-3373c666-e21d-449e-a922-fde15befd7fc/datanode-3/data/ratis/fd1cb487-0f8c-493b-aaff-235c834376e9/in_use.lock acquired by nodename 58968@fv-az186-393
2023-01-30 12:43:47,337 [pool-159-thread-1] INFO  server.RaftServerConfigKeys (ConfUtils.java:logGet(46)) - raft.server.log.async-flush.enabled = false (default)
2023-01-30 12:43:47,337 [pool-159-thread-1] INFO  server.RaftServerConfigKeys (ConfUtils.java:logGet(46)) - raft.server.log.statemachine.data.caching.enabled = true (custom)
2023-01-30 12:43:47,337 [pool-159-thread-1] INFO  segmented.SegmentedRaftLogWorker (SegmentedRaftLogWorker.java:lambda$new$0(135)) - a2abf3cf-345e-42e4-b42a-21ce73543136@group-235C834376E9-SegmentedRaftLogWorker: flushIndex: setUnconditionally 0 -> -1
2023-01-30 12:43:47,337 [pool-159-thread-1] INFO  segmented.SegmentedRaftLogWorker (SegmentedRaftLogWorker.java:lambda$new$0(135)) - a2abf3cf-345e-42e4-b42a-21ce73543136@group-235C834376E9-SegmentedRaftLogWorker: safeCacheEvictIndex: setUnconditionally 0 -> -1
2023-01-30 12:43:47,337 [pool-159-thread-1] INFO  server.RaftServer$Division (RaftServerImpl.java:start(334)) - a2abf3cf-345e-42e4-b42a-21ce73543136@group-235C834376E9: start as a follower, conf=-1: peers:[a2abf3cf-345e-42e4-b42a-21ce73543136|rpc:10.1.0.50:35561|dataStream:10.1.0.50:41135|priority:1|startupRole:FOLLOWER, 4161fb15-5f04-4edd-aa04-1f821408f5fb|rpc:10.1.0.50:35253|dataStream:10.1.0.50:40011|priority:0|startupRole:FOLLOWER, b85ec12f-6d7c-420e-915b-fc0cfcf21520|rpc:10.1.0.50:35341|dataStream:10.1.0.50:45259|priority:0|startupRole:FOLLOWER]|listeners:[], old=null
2023-01-30 12:43:47,337 [pool-159-thread-1] INFO  server.RaftServer$Division (RaftServerImpl.java:setRole(321)) - a2abf3cf-345e-42e4-b42a-21ce73543136@group-235C834376E9: changes role from      null to FOLLOWER at term 0 for startAsFollower
2023-01-30 12:43:47,337 [pool-159-thread-1] INFO  impl.RoleInfo (RoleInfo.java:updateAndGet(139)) - a2abf3cf-345e-42e4-b42a-21ce73543136: start a2abf3cf-345e-42e4-b42a-21ce73543136@group-235C834376E9-FollowerState
2023-01-30 12:43:47,338 [pool-137-thread-1] INFO  storage.RaftStorage (RaftStorageImpl.java:format(96)) - Storage directory /home/runner/work/ozone/ozone/hadoop-ozone/integration-test/target/test-dir/MiniOzoneClusterImpl-3373c666-e21d-449e-a922-fde15befd7fc/datanode-3/data/ratis/fd1cb487-0f8c-493b-aaff-235c834376e9 has been successfully formatted.
2023-01-30 12:43:47,349 [pool-137-thread-1] INFO  ratis.ContainerStateMachine (ContainerStateMachine.java:loadSnapshot(240)) - group-235C834376E9: The snapshot info is null. Setting the last applied indexto:(t:0, i:~)
2023-01-30 12:43:47,349 [pool-137-thread-1] INFO  server.RaftServerConfigKeys (ConfUtils.java:logGet(46)) - raft.server.log.use.memory = false (default)
2023-01-30 12:43:47,349 [pool-137-thread-1] INFO  server.RaftServerConfigKeys (ConfUtils.java:logGet(46)) - raft.server.log.purge.gap = 1000000 (custom)
2023-01-30 12:43:47,349 [pool-137-thread-1] INFO  server.RaftServerConfigKeys (ConfUtils.java:logGet(46)) - raft.server.log.appender.buffer.byte-limit = 33554432 (custom)
2023-01-30 12:43:47,349 [pool-137-thread-1] INFO  server.RaftServerConfigKeys (ConfUtils.java:logGet(46)) - raft.server.log.statemachine.data.read.timeout = 1000ms (default)
2023-01-30 12:43:47,349 [pool-137-thread-1] INFO  server.RaftServerConfigKeys (ConfUtils.java:logGet(46)) - raft.server.log.purge.preservation.log.num = 0 (default)
2023-01-30 12:43:47,349 [pool-137-thread-1] INFO  server.RaftServerConfigKeys (ConfUtils.java:logGet(46)) - raft.server.log.segment.size.max = 1048576 (custom)
2023-01-30 12:43:47,349 [pool-137-thread-1] INFO  server.RaftServerConfigKeys (ConfUtils.java:logGet(46)) - raft.server.log.segment.cache.num.max = 2 (custom)
2023-01-30 12:43:47,349 [pool-137-thread-1] INFO  server.RaftServerConfigKeys (ConfUtils.java:logGet(46)) - raft.server.log.segment.cache.size.max = 200MB (=209715200) (default)
2023-01-30 12:43:47,349 [pool-137-thread-1] INFO  segmented.SegmentedRaftLogWorker (SegmentedRaftLogWorker.java:<init>(189)) - new 4161fb15-5f04-4edd-aa04-1f821408f5fb@group-235C834376E9-SegmentedRaftLogWorker for RaftStorageImpl:Storage Directory /home/runner/work/ozone/ozone/hadoop-ozone/integration-test/target/test-dir/MiniOzoneClusterImpl-3373c666-e21d-449e-a922-fde15befd7fc/datanode-3/data/ratis/fd1cb487-0f8c-493b-aaff-235c834376e9
2023-01-30 12:43:47,348 [a2abf3cf-345e-42e4-b42a-21ce73543136@group-235C834376E9-FollowerState] INFO  server.RaftServerConfigKeys (ConfUtils.java:logFallback(53)) - raft.server.rpc.first-election.timeout.min = 5s (fallback to raft.server.rpc.timeout.min)
2023-01-30 12:43:47,350 [a2abf3cf-345e-42e4-b42a-21ce73543136@group-235C834376E9-FollowerState] INFO  server.RaftServerConfigKeys (ConfUtils.java:logFallback(53)) - raft.server.rpc.first-election.timeout.max = 5200ms (fallback to raft.server.rpc.timeout.max)
2023-01-30 12:43:47,348 [pool-159-thread-1] INFO  util.JmxRegister (JmxRegister.java:tryRegister(44)) - Successfully registered JMX Bean with object name Ratis:service=RaftServer,group=group-235C834376E9,id=a2abf3cf-345e-42e4-b42a-21ce73543136
2023-01-30 12:43:47,350 [pool-159-thread-1] INFO  server.RaftServerConfigKeys (ConfUtils.java:logGet(46)) - raft.server.snapshot.auto.trigger.enabled = true (custom)
2023-01-30 12:43:47,350 [pool-159-thread-1] INFO  server.RaftServerConfigKeys (ConfUtils.java:logGet(46)) - raft.server.snapshot.auto.trigger.threshold = 10000 (custom)
2023-01-30 12:43:47,350 [pool-159-thread-1] INFO  server.RaftServerConfigKeys (ConfUtils.java:logGet(46)) - raft.server.snapshot.retention.file.num = 5 (custom)
2023-01-30 12:43:47,350 [pool-159-thread-1] INFO  server.RaftServerConfigKeys (ConfUtils.java:logGet(46)) - raft.server.log.purge.upto.snapshot.index = false (default)
2023-01-30 12:43:47,349 [pool-137-thread-1] INFO  server.RaftServerConfigKeys (ConfUtils.java:logGet(46)) - raft.server.log.queue.byte-limit = 4294967296 (custom)
2023-01-30 12:43:47,351 [pool-137-thread-1] INFO  server.RaftServerConfigKeys (ConfUtils.java:logGet(46)) - raft.server.log.queue.element-limit = 1024 (custom)
2023-01-30 12:43:47,351 [pool-137-thread-1] INFO  server.RaftServerConfigKeys (ConfUtils.java:logGet(46)) - raft.server.log.segment.size.max = 1048576 (custom)
2023-01-30 12:43:47,351 [pool-137-thread-1] INFO  server.RaftServerConfigKeys (ConfUtils.java:logGet(46)) - raft.server.log.preallocated.size = 16384 (custom)
2023-01-30 12:43:47,351 [pool-137-thread-1] INFO  server.RaftServerConfigKeys (ConfUtils.java:logGet(46)) - raft.server.log.force.sync.num = 128 (default)
2023-01-30 12:43:47,351 [pool-137-thread-1] INFO  server.RaftServerConfigKeys (ConfUtils.java:logGet(46)) - raft.server.log.statemachine.data.sync = true (default)
2023-01-30 12:43:47,351 [pool-137-thread-1] INFO  server.RaftServerConfigKeys (ConfUtils.java:logGet(46)) - raft.server.log.statemachine.data.sync.timeout = 10s (default)
2023-01-30 12:43:47,351 [pool-137-thread-1] INFO  server.RaftServerConfigKeys (ConfUtils.java:logGet(46)) - raft.server.log.statemachine.data.sync.timeout.retry = -1 (default)
2023-01-30 12:43:47,354 [pool-137-thread-1] INFO  server.RaftServerConfigKeys (ConfUtils.java:logGet(46)) - raft.server.log.write.buffer.size = 1048576 (custom)
2023-01-30 12:43:47,355 [pool-137-thread-1] INFO  server.RaftServerConfigKeys (ConfUtils.java:logGet(46)) - raft.server.log.appender.buffer.byte-limit = 33554432 (custom)
2023-01-30 12:43:47,356 [EventQueue-OpenPipelineForHealthyPipelineSafeModeRule] INFO  safemode.SCMSafeModeManager (HealthyPipelineSafeModeRule.java:process(137)) - SCM in safe mode. Healthy pipelines reported count is 0, required healthy pipeline reported count is 1
2023-01-30 12:43:47,356 [Command processor thread] INFO  ratis.XceiverServerRatis (XceiverServerRatis.java:addGroup(806)) - Created group PipelineID=fd1cb487-0f8c-493b-aaff-235c834376e9
2023-01-30 12:43:47,359 [pool-137-thread-1] INFO  server.RaftServerConfigKeys (ConfUtils.java:logGet(46)) - raft.server.log.unsafe-flush.enabled = false (default)
2023-01-30 12:43:47,359 [pool-137-thread-1] INFO  server.RaftServerConfigKeys (ConfUtils.java:logGet(46)) - raft.server.log.async-flush.enabled = false (default)
2023-01-30 12:43:47,359 [pool-137-thread-1] INFO  server.RaftServerConfigKeys (ConfUtils.java:logGet(46)) - raft.server.log.statemachine.data.caching.enabled = true (custom)
2023-01-30 12:43:47,359 [pool-137-thread-1] INFO  segmented.SegmentedRaftLogWorker (SegmentedRaftLogWorker.java:lambda$new$0(135)) - 4161fb15-5f04-4edd-aa04-1f821408f5fb@group-235C834376E9-SegmentedRaftLogWorker: flushIndex: setUnconditionally 0 -> -1
2023-01-30 12:43:47,359 [pool-137-thread-1] INFO  segmented.SegmentedRaftLogWorker (SegmentedRaftLogWorker.java:lambda$new$0(135)) - 4161fb15-5f04-4edd-aa04-1f821408f5fb@group-235C834376E9-SegmentedRaftLogWorker: safeCacheEvictIndex: setUnconditionally 0 -> -1
2023-01-30 12:43:47,359 [pool-137-thread-1] INFO  server.RaftServer$Division (RaftServerImpl.java:start(334)) - 4161fb15-5f04-4edd-aa04-1f821408f5fb@group-235C834376E9: start as a follower, conf=-1: peers:[a2abf3cf-345e-42e4-b42a-21ce73543136|rpc:10.1.0.50:35561|dataStream:10.1.0.50:41135|priority:1|startupRole:FOLLOWER, 4161fb15-5f04-4edd-aa04-1f821408f5fb|rpc:10.1.0.50:35253|dataStream:10.1.0.50:40011|priority:0|startupRole:FOLLOWER, b85ec12f-6d7c-420e-915b-fc0cfcf21520|rpc:10.1.0.50:35341|dataStream:10.1.0.50:45259|priority:0|startupRole:FOLLOWER]|listeners:[], old=null
2023-01-30 12:43:47,359 [pool-137-thread-1] INFO  server.RaftServer$Division (RaftServerImpl.java:setRole(321)) - 4161fb15-5f04-4edd-aa04-1f821408f5fb@group-235C834376E9: changes role from      null to FOLLOWER at term 0 for startAsFollower
2023-01-30 12:43:47,360 [pool-137-thread-1] INFO  impl.RoleInfo (RoleInfo.java:updateAndGet(139)) - 4161fb15-5f04-4edd-aa04-1f821408f5fb: start 4161fb15-5f04-4edd-aa04-1f821408f5fb@group-235C834376E9-FollowerState
2023-01-30 12:43:47,360 [pool-137-thread-1] INFO  util.JmxRegister (JmxRegister.java:tryRegister(44)) - Successfully registered JMX Bean with object name Ratis:service=RaftServer,group=group-235C834376E9,id=4161fb15-5f04-4edd-aa04-1f821408f5fb
2023-01-30 12:43:47,360 [pool-137-thread-1] INFO  server.RaftServerConfigKeys (ConfUtils.java:logGet(46)) - raft.server.snapshot.auto.trigger.enabled = true (custom)
2023-01-30 12:43:47,360 [pool-137-thread-1] INFO  server.RaftServerConfigKeys (ConfUtils.java:logGet(46)) - raft.server.snapshot.auto.trigger.threshold = 10000 (custom)
2023-01-30 12:43:47,361 [pool-137-thread-1] INFO  server.RaftServerConfigKeys (ConfUtils.java:logGet(46)) - raft.server.snapshot.retention.file.num = 5 (custom)
2023-01-30 12:43:47,361 [pool-137-thread-1] INFO  server.RaftServerConfigKeys (ConfUtils.java:logGet(46)) - raft.server.log.purge.upto.snapshot.index = false (default)
2023-01-30 12:43:47,363 [4161fb15-5f04-4edd-aa04-1f821408f5fb@group-235C834376E9-FollowerState] INFO  server.RaftServerConfigKeys (ConfUtils.java:logFallback(53)) - raft.server.rpc.first-election.timeout.min = 5s (fallback to raft.server.rpc.timeout.min)
2023-01-30 12:43:47,364 [Command processor thread] INFO  ratis.XceiverServerRatis (XceiverServerRatis.java:addGroup(806)) - Created group PipelineID=fd1cb487-0f8c-493b-aaff-235c834376e9
2023-01-30 12:43:47,364 [4161fb15-5f04-4edd-aa04-1f821408f5fb@group-235C834376E9-FollowerState] INFO  server.RaftServerConfigKeys (ConfUtils.java:logFallback(53)) - raft.server.rpc.first-election.timeout.max = 5200ms (fallback to raft.server.rpc.timeout.max)
2023-01-30 12:43:47,370 [grpc-default-executor-0] INFO  server.RaftServer (RaftServerProxy.java:addNew(96)) - b85ec12f-6d7c-420e-915b-fc0cfcf21520: addNew group-235C834376E9:[a2abf3cf-345e-42e4-b42a-21ce73543136|rpc:10.1.0.50:35561|dataStream:10.1.0.50:41135|priority:1|startupRole:FOLLOWER, 4161fb15-5f04-4edd-aa04-1f821408f5fb|rpc:10.1.0.50:35253|dataStream:10.1.0.50:40011|priority:0|startupRole:FOLLOWER, b85ec12f-6d7c-420e-915b-fc0cfcf21520|rpc:10.1.0.50:35341|dataStream:10.1.0.50:45259|priority:0|startupRole:FOLLOWER] returns group-235C834376E9:java.util.concurrent.CompletableFuture@2c2a6527[Not completed]
2023-01-30 12:43:47,371 [pool-181-thread-1] INFO  server.RaftServer$Division (RaftServerImpl.java:<init>(195)) - b85ec12f-6d7c-420e-915b-fc0cfcf21520: new RaftServerImpl for group-235C834376E9:[a2abf3cf-345e-42e4-b42a-21ce73543136|rpc:10.1.0.50:35561|dataStream:10.1.0.50:41135|priority:1|startupRole:FOLLOWER, 4161fb15-5f04-4edd-aa04-1f821408f5fb|rpc:10.1.0.50:35253|dataStream:10.1.0.50:40011|priority:0|startupRole:FOLLOWER, b85ec12f-6d7c-420e-915b-fc0cfcf21520|rpc:10.1.0.50:35341|dataStream:10.1.0.50:45259|priority:0|startupRole:FOLLOWER] with ContainerStateMachine:uninitialized
2023-01-30 12:43:47,371 [pool-181-thread-1] INFO  server.RaftServerConfigKeys (ConfUtils.java:logGet(46)) - raft.server.rpc.timeout.min = 5s (custom)
2023-01-30 12:43:47,371 [pool-181-thread-1] INFO  server.RaftServerConfigKeys (ConfUtils.java:logGet(46)) - raft.server.rpc.timeout.max = 5200ms (custom)
2023-01-30 12:43:47,372 [pool-181-thread-1] INFO  server.RaftServerConfigKeys (ConfUtils.java:logGet(46)) - raft.server.rpc.sleep.time = 25ms (default)
2023-01-30 12:43:47,372 [pool-181-thread-1] INFO  server.RaftServerConfigKeys (ConfUtils.java:logGet(46)) - raft.server.rpc.slowness.timeout = 300s (custom)
2023-01-30 12:43:47,372 [pool-181-thread-1] INFO  server.RaftServerConfigKeys (ConfUtils.java:logGet(46)) - raft.server.leaderelection.leader.step-down.wait-time = 10s (default)
2023-01-30 12:43:47,372 [pool-181-thread-1] INFO  server.RaftServerConfigKeys (ConfUtils.java:logGet(46)) - raft.server.sleep.deviation.threshold = 300ms (default)
2023-01-30 12:43:47,372 [pool-181-thread-1] INFO  server.RaftServer$Division (ServerState.java:<init>(118)) - b85ec12f-6d7c-420e-915b-fc0cfcf21520@group-235C834376E9: ConfigurationManager, init=-1: peers:[a2abf3cf-345e-42e4-b42a-21ce73543136|rpc:10.1.0.50:35561|dataStream:10.1.0.50:41135|priority:1|startupRole:FOLLOWER, 4161fb15-5f04-4edd-aa04-1f821408f5fb|rpc:10.1.0.50:35253|dataStream:10.1.0.50:40011|priority:0|startupRole:FOLLOWER, b85ec12f-6d7c-420e-915b-fc0cfcf21520|rpc:10.1.0.50:35341|dataStream:10.1.0.50:45259|priority:0|startupRole:FOLLOWER]|listeners:[], old=null, confs=<EMPTY_MAP>
2023-01-30 12:43:47,372 [pool-181-thread-1] INFO  server.RaftServerConfigKeys (ConfUtils.java:logGet(46)) - raft.server.storage.dir = [/home/runner/work/ozone/ozone/hadoop-ozone/integration-test/target/test-dir/MiniOzoneClusterImpl-3373c666-e21d-449e-a922-fde15befd7fc/datanode-5/data/ratis] (custom)
2023-01-30 12:43:47,372 [pool-181-thread-1] INFO  server.RaftServerConfigKeys (ConfUtils.java:logGet(46)) - raft.server.log.corruption.policy = EXCEPTION (default)
2023-01-30 12:43:47,372 [pool-181-thread-1] INFO  server.RaftServerConfigKeys (ConfUtils.java:logGet(46)) - raft.server.storage.free-space.min = 0MB (=0) (default)
2023-01-30 12:43:47,372 [pool-181-thread-1] INFO  server.RaftServerConfigKeys (ConfUtils.java:logGet(46)) - raft.server.notification.no-leader.timeout = 300s (custom)
2023-01-30 12:43:47,372 [pool-181-thread-1] INFO  server.RaftServerConfigKeys (ConfUtils.java:logGet(46)) - raft.server.retrycache.expirytime = 600000ms (custom)
2023-01-30 12:43:47,372 [pool-181-thread-1] INFO  server.RaftServerConfigKeys (ConfUtils.java:logGet(46)) - raft.server.retrycache.statistics.expirytime = 100μs (default)
2023-01-30 12:43:47,373 [pool-181-thread-1] INFO  server.RaftServerConfigKeys (ConfUtils.java:logGet(46)) - raft.server.log.appender.install.snapshot.enabled = false (custom)
2023-01-30 12:43:47,373 [pool-181-thread-1] INFO  server.RaftServerConfigKeys (ConfUtils.java:logGet(46)) - raft.server.threadpool.server.cached = true (default)
2023-01-30 12:43:47,373 [pool-181-thread-1] INFO  server.RaftServerConfigKeys (ConfUtils.java:logGet(46)) - raft.server.threadpool.server.size = 0 (default)
2023-01-30 12:43:47,373 [pool-181-thread-1] INFO  server.RaftServerConfigKeys (ConfUtils.java:logGet(46)) - raft.server.threadpool.client.cached = true (default)
2023-01-30 12:43:47,373 [pool-181-thread-1] INFO  server.RaftServerConfigKeys (ConfUtils.java:logGet(46)) - raft.server.threadpool.client.size = 0 (default)
2023-01-30 12:43:47,373 [pool-181-thread-1] INFO  storage.RaftStorageDirectory (RaftStorageDirectoryImpl.java:analyzeStorage(137)) - The storage directory /home/runner/work/ozone/ozone/hadoop-ozone/integration-test/target/test-dir/MiniOzoneClusterImpl-3373c666-e21d-449e-a922-fde15befd7fc/datanode-5/data/ratis/fd1cb487-0f8c-493b-aaff-235c834376e9 does not exist. Creating ...
2023-01-30 12:43:47,377 [pool-181-thread-1] INFO  storage.RaftStorageDirectory (RaftStorageDirectoryImpl.java:tryLock(231)) - Lock on /home/runner/work/ozone/ozone/hadoop-ozone/integration-test/target/test-dir/MiniOzoneClusterImpl-3373c666-e21d-449e-a922-fde15befd7fc/datanode-5/data/ratis/fd1cb487-0f8c-493b-aaff-235c834376e9/in_use.lock acquired by nodename 58968@fv-az186-393
2023-01-30 12:43:47,379 [pool-181-thread-1] INFO  storage.RaftStorage (RaftStorageImpl.java:format(96)) - Storage directory /home/runner/work/ozone/ozone/hadoop-ozone/integration-test/target/test-dir/MiniOzoneClusterImpl-3373c666-e21d-449e-a922-fde15befd7fc/datanode-5/data/ratis/fd1cb487-0f8c-493b-aaff-235c834376e9 has been successfully formatted.
2023-01-30 12:43:47,380 [pool-181-thread-1] INFO  ratis.ContainerStateMachine (ContainerStateMachine.java:loadSnapshot(240)) - group-235C834376E9: The snapshot info is null. Setting the last applied indexto:(t:0, i:~)
2023-01-30 12:43:47,380 [pool-181-thread-1] INFO  server.RaftServerConfigKeys (ConfUtils.java:logGet(46)) - raft.server.log.use.memory = false (default)
2023-01-30 12:43:47,380 [pool-181-thread-1] INFO  server.RaftServerConfigKeys (ConfUtils.java:logGet(46)) - raft.server.log.purge.gap = 1000000 (custom)
2023-01-30 12:43:47,380 [pool-181-thread-1] INFO  server.RaftServerConfigKeys (ConfUtils.java:logGet(46)) - raft.server.log.appender.buffer.byte-limit = 33554432 (custom)
2023-01-30 12:43:47,380 [pool-181-thread-1] INFO  server.RaftServerConfigKeys (ConfUtils.java:logGet(46)) - raft.server.log.statemachine.data.read.timeout = 1000ms (default)
2023-01-30 12:43:47,380 [pool-181-thread-1] INFO  server.RaftServerConfigKeys (ConfUtils.java:logGet(46)) - raft.server.log.purge.preservation.log.num = 0 (default)
2023-01-30 12:43:47,381 [pool-181-thread-1] INFO  server.RaftServerConfigKeys (ConfUtils.java:logGet(46)) - raft.server.log.segment.size.max = 1048576 (custom)
2023-01-30 12:43:47,381 [pool-181-thread-1] INFO  server.RaftServerConfigKeys (ConfUtils.java:logGet(46)) - raft.server.log.segment.cache.num.max = 2 (custom)
2023-01-30 12:43:47,381 [pool-181-thread-1] INFO  server.RaftServerConfigKeys (ConfUtils.java:logGet(46)) - raft.server.log.segment.cache.size.max = 200MB (=209715200) (default)
2023-01-30 12:43:47,381 [pool-181-thread-1] INFO  segmented.SegmentedRaftLogWorker (SegmentedRaftLogWorker.java:<init>(189)) - new b85ec12f-6d7c-420e-915b-fc0cfcf21520@group-235C834376E9-SegmentedRaftLogWorker for RaftStorageImpl:Storage Directory /home/runner/work/ozone/ozone/hadoop-ozone/integration-test/target/test-dir/MiniOzoneClusterImpl-3373c666-e21d-449e-a922-fde15befd7fc/datanode-5/data/ratis/fd1cb487-0f8c-493b-aaff-235c834376e9
2023-01-30 12:43:47,382 [pool-181-thread-1] INFO  server.RaftServerConfigKeys (ConfUtils.java:logGet(46)) - raft.server.log.queue.byte-limit = 4294967296 (custom)
2023-01-30 12:43:47,382 [pool-181-thread-1] INFO  server.RaftServerConfigKeys (ConfUtils.java:logGet(46)) - raft.server.log.queue.element-limit = 1024 (custom)
2023-01-30 12:43:47,382 [pool-181-thread-1] INFO  server.RaftServerConfigKeys (ConfUtils.java:logGet(46)) - raft.server.log.segment.size.max = 1048576 (custom)
2023-01-30 12:43:47,382 [pool-181-thread-1] INFO  server.RaftServerConfigKeys (ConfUtils.java:logGet(46)) - raft.server.log.preallocated.size = 16384 (custom)
2023-01-30 12:43:47,382 [pool-181-thread-1] INFO  server.RaftServerConfigKeys (ConfUtils.java:logGet(46)) - raft.server.log.force.sync.num = 128 (default)
2023-01-30 12:43:47,382 [pool-181-thread-1] INFO  server.RaftServerConfigKeys (ConfUtils.java:logGet(46)) - raft.server.log.statemachine.data.sync = true (default)
2023-01-30 12:43:47,382 [pool-181-thread-1] INFO  server.RaftServerConfigKeys (ConfUtils.java:logGet(46)) - raft.server.log.statemachine.data.sync.timeout = 10s (default)
2023-01-30 12:43:47,382 [pool-181-thread-1] INFO  server.RaftServerConfigKeys (ConfUtils.java:logGet(46)) - raft.server.log.statemachine.data.sync.timeout.retry = -1 (default)
2023-01-30 12:43:47,383 [pool-181-thread-1] INFO  server.RaftServerConfigKeys (ConfUtils.java:logGet(46)) - raft.server.log.write.buffer.size = 1048576 (custom)
2023-01-30 12:43:47,384 [pool-181-thread-1] INFO  server.RaftServerConfigKeys (ConfUtils.java:logGet(46)) - raft.server.log.appender.buffer.byte-limit = 33554432 (custom)
2023-01-30 12:43:47,386 [pool-181-thread-1] INFO  server.RaftServerConfigKeys (ConfUtils.java:logGet(46)) - raft.server.log.unsafe-flush.enabled = false (default)
2023-01-30 12:43:47,386 [pool-181-thread-1] INFO  server.RaftServerConfigKeys (ConfUtils.java:logGet(46)) - raft.server.log.async-flush.enabled = false (default)
2023-01-30 12:43:47,386 [pool-181-thread-1] INFO  server.RaftServerConfigKeys (ConfUtils.java:logGet(46)) - raft.server.log.statemachine.data.caching.enabled = true (custom)
2023-01-30 12:43:47,387 [pool-181-thread-1] INFO  segmented.SegmentedRaftLogWorker (SegmentedRaftLogWorker.java:lambda$new$0(135)) - b85ec12f-6d7c-420e-915b-fc0cfcf21520@group-235C834376E9-SegmentedRaftLogWorker: flushIndex: setUnconditionally 0 -> -1
2023-01-30 12:43:47,387 [pool-181-thread-1] INFO  segmented.SegmentedRaftLogWorker (SegmentedRaftLogWorker.java:lambda$new$0(135)) - b85ec12f-6d7c-420e-915b-fc0cfcf21520@group-235C834376E9-SegmentedRaftLogWorker: safeCacheEvictIndex: setUnconditionally 0 -> -1
2023-01-30 12:43:47,398 [pool-181-thread-1] INFO  server.RaftServer$Division (RaftServerImpl.java:start(334)) - b85ec12f-6d7c-420e-915b-fc0cfcf21520@group-235C834376E9: start as a follower, conf=-1: peers:[a2abf3cf-345e-42e4-b42a-21ce73543136|rpc:10.1.0.50:35561|dataStream:10.1.0.50:41135|priority:1|startupRole:FOLLOWER, 4161fb15-5f04-4edd-aa04-1f821408f5fb|rpc:10.1.0.50:35253|dataStream:10.1.0.50:40011|priority:0|startupRole:FOLLOWER, b85ec12f-6d7c-420e-915b-fc0cfcf21520|rpc:10.1.0.50:35341|dataStream:10.1.0.50:45259|priority:0|startupRole:FOLLOWER]|listeners:[], old=null
2023-01-30 12:43:47,398 [pool-181-thread-1] INFO  server.RaftServer$Division (RaftServerImpl.java:setRole(321)) - b85ec12f-6d7c-420e-915b-fc0cfcf21520@group-235C834376E9: changes role from      null to FOLLOWER at term 0 for startAsFollower
2023-01-30 12:43:47,398 [pool-181-thread-1] INFO  impl.RoleInfo (RoleInfo.java:updateAndGet(139)) - b85ec12f-6d7c-420e-915b-fc0cfcf21520: start b85ec12f-6d7c-420e-915b-fc0cfcf21520@group-235C834376E9-FollowerState
2023-01-30 12:43:47,398 [pool-181-thread-1] INFO  util.JmxRegister (JmxRegister.java:tryRegister(44)) - Successfully registered JMX Bean with object name Ratis:service=RaftServer,group=group-235C834376E9,id=b85ec12f-6d7c-420e-915b-fc0cfcf21520
2023-01-30 12:43:47,398 [pool-181-thread-1] INFO  server.RaftServerConfigKeys (ConfUtils.java:logGet(46)) - raft.server.snapshot.auto.trigger.enabled = true (custom)
2023-01-30 12:43:47,398 [pool-181-thread-1] INFO  server.RaftServerConfigKeys (ConfUtils.java:logGet(46)) - raft.server.snapshot.auto.trigger.threshold = 10000 (custom)
2023-01-30 12:43:47,398 [pool-181-thread-1] INFO  server.RaftServerConfigKeys (ConfUtils.java:logGet(46)) - raft.server.snapshot.retention.file.num = 5 (custom)
2023-01-30 12:43:47,399 [pool-181-thread-1] INFO  server.RaftServerConfigKeys (ConfUtils.java:logGet(46)) - raft.server.log.purge.upto.snapshot.index = false (default)
2023-01-30 12:43:47,403 [b85ec12f-6d7c-420e-915b-fc0cfcf21520@group-235C834376E9-FollowerState] INFO  server.RaftServerConfigKeys (ConfUtils.java:logFallback(53)) - raft.server.rpc.first-election.timeout.min = 5s (fallback to raft.server.rpc.timeout.min)
2023-01-30 12:43:47,404 [b85ec12f-6d7c-420e-915b-fc0cfcf21520@group-235C834376E9-FollowerState] INFO  server.RaftServerConfigKeys (ConfUtils.java:logFallback(53)) - raft.server.rpc.first-election.timeout.max = 5200ms (fallback to raft.server.rpc.timeout.max)
2023-01-30 12:43:47,433 [Command processor thread] INFO  commandhandler.CreatePipelineCommandHandler (CreatePipelineCommandHandler.java:handle(113)) - Created Pipeline RATIS THREE PipelineID=fd1cb487-0f8c-493b-aaff-235c834376e9.
2023-01-30 12:43:47,441 [Command processor thread] INFO  commandhandler.CreatePipelineCommandHandler (CreatePipelineCommandHandler.java:handle(113)) - Created Pipeline RATIS THREE PipelineID=fd1cb487-0f8c-493b-aaff-235c834376e9.
2023-01-30 12:43:47,593 [Command processor thread] INFO  server.RaftServer (RaftServerProxy.java:addNew(96)) - b85ec12f-6d7c-420e-915b-fc0cfcf21520: addNew group-3D682945520C:[b85ec12f-6d7c-420e-915b-fc0cfcf21520|rpc:10.1.0.50:35341|dataStream:10.1.0.50:45259|priority:1|startupRole:FOLLOWER] returns group-3D682945520C:java.util.concurrent.CompletableFuture@1e4f8ebe[Not completed]
2023-01-30 12:43:47,593 [pool-181-thread-1] INFO  server.RaftServer$Division (RaftServerImpl.java:<init>(195)) - b85ec12f-6d7c-420e-915b-fc0cfcf21520: new RaftServerImpl for group-3D682945520C:[b85ec12f-6d7c-420e-915b-fc0cfcf21520|rpc:10.1.0.50:35341|dataStream:10.1.0.50:45259|priority:1|startupRole:FOLLOWER] with ContainerStateMachine:uninitialized
2023-01-30 12:43:47,594 [pool-181-thread-1] INFO  server.RaftServerConfigKeys (ConfUtils.java:logGet(46)) - raft.server.rpc.timeout.min = 5s (custom)
2023-01-30 12:43:47,594 [pool-181-thread-1] INFO  server.RaftServerConfigKeys (ConfUtils.java:logGet(46)) - raft.server.rpc.timeout.max = 5200ms (custom)
2023-01-30 12:43:47,594 [pool-181-thread-1] INFO  server.RaftServerConfigKeys (ConfUtils.java:logGet(46)) - raft.server.rpc.sleep.time = 25ms (default)
2023-01-30 12:43:47,594 [pool-181-thread-1] INFO  server.RaftServerConfigKeys (ConfUtils.java:logGet(46)) - raft.server.rpc.slowness.timeout = 300s (custom)
2023-01-30 12:43:47,594 [pool-181-thread-1] INFO  server.RaftServerConfigKeys (ConfUtils.java:logGet(46)) - raft.server.leaderelection.leader.step-down.wait-time = 10s (default)
2023-01-30 12:43:47,594 [pool-181-thread-1] INFO  server.RaftServerConfigKeys (ConfUtils.java:logGet(46)) - raft.server.sleep.deviation.threshold = 300ms (default)
2023-01-30 12:43:47,594 [pool-181-thread-1] INFO  server.RaftServer$Division (ServerState.java:<init>(118)) - b85ec12f-6d7c-420e-915b-fc0cfcf21520@group-3D682945520C: ConfigurationManager, init=-1: peers:[b85ec12f-6d7c-420e-915b-fc0cfcf21520|rpc:10.1.0.50:35341|dataStream:10.1.0.50:45259|priority:1|startupRole:FOLLOWER]|listeners:[], old=null, confs=<EMPTY_MAP>
2023-01-30 12:43:47,594 [pool-181-thread-1] INFO  server.RaftServerConfigKeys (ConfUtils.java:logGet(46)) - raft.server.storage.dir = [/home/runner/work/ozone/ozone/hadoop-ozone/integration-test/target/test-dir/MiniOzoneClusterImpl-3373c666-e21d-449e-a922-fde15befd7fc/datanode-5/data/ratis] (custom)
2023-01-30 12:43:47,594 [pool-181-thread-1] INFO  server.RaftServerConfigKeys (ConfUtils.java:logGet(46)) - raft.server.log.corruption.policy = EXCEPTION (default)
2023-01-30 12:43:47,594 [pool-181-thread-1] INFO  server.RaftServerConfigKeys (ConfUtils.java:logGet(46)) - raft.server.storage.free-space.min = 0MB (=0) (default)
2023-01-30 12:43:47,594 [pool-181-thread-1] INFO  server.RaftServerConfigKeys (ConfUtils.java:logGet(46)) - raft.server.notification.no-leader.timeout = 300s (custom)
2023-01-30 12:43:47,594 [pool-181-thread-1] INFO  server.RaftServerConfigKeys (ConfUtils.java:logGet(46)) - raft.server.retrycache.expirytime = 600000ms (custom)
2023-01-30 12:43:47,594 [pool-181-thread-1] INFO  server.RaftServerConfigKeys (ConfUtils.java:logGet(46)) - raft.server.retrycache.statistics.expirytime = 100μs (default)
2023-01-30 12:43:47,595 [pool-181-thread-1] INFO  server.RaftServerConfigKeys (ConfUtils.java:logGet(46)) - raft.server.log.appender.install.snapshot.enabled = false (custom)
2023-01-30 12:43:47,595 [pool-181-thread-1] INFO  server.RaftServerConfigKeys (ConfUtils.java:logGet(46)) - raft.server.threadpool.server.cached = true (default)
2023-01-30 12:43:47,595 [pool-181-thread-1] INFO  server.RaftServerConfigKeys (ConfUtils.java:logGet(46)) - raft.server.threadpool.server.size = 0 (default)
2023-01-30 12:43:47,595 [pool-181-thread-1] INFO  server.RaftServerConfigKeys (ConfUtils.java:logGet(46)) - raft.server.threadpool.client.cached = true (default)
2023-01-30 12:43:47,595 [pool-181-thread-1] INFO  server.RaftServerConfigKeys (ConfUtils.java:logGet(46)) - raft.server.threadpool.client.size = 0 (default)
2023-01-30 12:43:47,596 [pool-181-thread-1] INFO  storage.RaftStorageDirectory (RaftStorageDirectoryImpl.java:analyzeStorage(137)) - The storage directory /home/runner/work/ozone/ozone/hadoop-ozone/integration-test/target/test-dir/MiniOzoneClusterImpl-3373c666-e21d-449e-a922-fde15befd7fc/datanode-5/data/ratis/5f41d800-a2c8-4176-b4d7-3d682945520c does not exist. Creating ...
2023-01-30 12:43:47,597 [pool-181-thread-1] INFO  storage.RaftStorageDirectory (RaftStorageDirectoryImpl.java:tryLock(231)) - Lock on /home/runner/work/ozone/ozone/hadoop-ozone/integration-test/target/test-dir/MiniOzoneClusterImpl-3373c666-e21d-449e-a922-fde15befd7fc/datanode-5/data/ratis/5f41d800-a2c8-4176-b4d7-3d682945520c/in_use.lock acquired by nodename 58968@fv-az186-393
2023-01-30 12:43:47,598 [pool-181-thread-1] INFO  storage.RaftStorage (RaftStorageImpl.java:format(96)) - Storage directory /home/runner/work/ozone/ozone/hadoop-ozone/integration-test/target/test-dir/MiniOzoneClusterImpl-3373c666-e21d-449e-a922-fde15befd7fc/datanode-5/data/ratis/5f41d800-a2c8-4176-b4d7-3d682945520c has been successfully formatted.
2023-01-30 12:43:47,599 [pool-181-thread-1] INFO  ratis.ContainerStateMachine (ContainerStateMachine.java:loadSnapshot(240)) - group-3D682945520C: The snapshot info is null. Setting the last applied indexto:(t:0, i:~)
2023-01-30 12:43:47,599 [pool-181-thread-1] INFO  server.RaftServerConfigKeys (ConfUtils.java:logGet(46)) - raft.server.log.use.memory = false (default)
2023-01-30 12:43:47,599 [pool-181-thread-1] INFO  server.RaftServerConfigKeys (ConfUtils.java:logGet(46)) - raft.server.log.purge.gap = 1000000 (custom)
2023-01-30 12:43:47,599 [pool-181-thread-1] INFO  server.RaftServerConfigKeys (ConfUtils.java:logGet(46)) - raft.server.log.appender.buffer.byte-limit = 33554432 (custom)
2023-01-30 12:43:47,599 [pool-181-thread-1] INFO  server.RaftServerConfigKeys (ConfUtils.java:logGet(46)) - raft.server.log.statemachine.data.read.timeout = 1000ms (default)
2023-01-30 12:43:47,599 [pool-181-thread-1] INFO  server.RaftServerConfigKeys (ConfUtils.java:logGet(46)) - raft.server.log.purge.preservation.log.num = 0 (default)
2023-01-30 12:43:47,599 [pool-181-thread-1] INFO  server.RaftServerConfigKeys (ConfUtils.java:logGet(46)) - raft.server.log.segment.size.max = 1048576 (custom)
2023-01-30 12:43:47,599 [pool-181-thread-1] INFO  server.RaftServerConfigKeys (ConfUtils.java:logGet(46)) - raft.server.log.segment.cache.num.max = 2 (custom)
2023-01-30 12:43:47,600 [pool-181-thread-1] INFO  server.RaftServerConfigKeys (ConfUtils.java:logGet(46)) - raft.server.log.segment.cache.size.max = 200MB (=209715200) (default)
2023-01-30 12:43:47,600 [pool-181-thread-1] INFO  segmented.SegmentedRaftLogWorker (SegmentedRaftLogWorker.java:<init>(189)) - new b85ec12f-6d7c-420e-915b-fc0cfcf21520@group-3D682945520C-SegmentedRaftLogWorker for RaftStorageImpl:Storage Directory /home/runner/work/ozone/ozone/hadoop-ozone/integration-test/target/test-dir/MiniOzoneClusterImpl-3373c666-e21d-449e-a922-fde15befd7fc/datanode-5/data/ratis/5f41d800-a2c8-4176-b4d7-3d682945520c
2023-01-30 12:43:47,600 [pool-181-thread-1] INFO  server.RaftServerConfigKeys (ConfUtils.java:logGet(46)) - raft.server.log.queue.byte-limit = 4294967296 (custom)
2023-01-30 12:43:47,600 [pool-181-thread-1] INFO  server.RaftServerConfigKeys (ConfUtils.java:logGet(46)) - raft.server.log.queue.element-limit = 1024 (custom)
2023-01-30 12:43:47,600 [pool-181-thread-1] INFO  server.RaftServerConfigKeys (ConfUtils.java:logGet(46)) - raft.server.log.segment.size.max = 1048576 (custom)
2023-01-30 12:43:47,600 [pool-181-thread-1] INFO  server.RaftServerConfigKeys (ConfUtils.java:logGet(46)) - raft.server.log.preallocated.size = 16384 (custom)
2023-01-30 12:43:47,600 [pool-181-thread-1] INFO  server.RaftServerConfigKeys (ConfUtils.java:logGet(46)) - raft.server.log.force.sync.num = 128 (default)
2023-01-30 12:43:47,600 [pool-181-thread-1] INFO  server.RaftServerConfigKeys (ConfUtils.java:logGet(46)) - raft.server.log.statemachine.data.sync = true (default)
2023-01-30 12:43:47,600 [pool-181-thread-1] INFO  server.RaftServerConfigKeys (ConfUtils.java:logGet(46)) - raft.server.log.statemachine.data.sync.timeout = 10s (default)
2023-01-30 12:43:47,600 [pool-181-thread-1] INFO  server.RaftServerConfigKeys (ConfUtils.java:logGet(46)) - raft.server.log.statemachine.data.sync.timeout.retry = -1 (default)
2023-01-30 12:43:47,600 [EventQueue-PipelineReportForPipelineReportHandler] INFO  pipeline.PipelineManagerImpl (PipelineManagerImpl.java:openPipeline(367)) - Pipeline Pipeline[ Id: 5f41d800-a2c8-4176-b4d7-3d682945520c, Nodes: b85ec12f-6d7c-420e-915b-fc0cfcf21520(fv-az186-393.qnicg3m0sonedg4msc5mrdkamh.cx.internal.cloudapp.net/10.1.0.50), ReplicationConfig: RATIS/ONE, State:ALLOCATED, leaderId:b85ec12f-6d7c-420e-915b-fc0cfcf21520, CreationTimestamp2023-01-30T12:43:44.597Z[Etc/UTC]] moved to OPEN state
2023-01-30 12:43:47,601 [pool-181-thread-1] INFO  server.RaftServerConfigKeys (ConfUtils.java:logGet(46)) - raft.server.log.write.buffer.size = 1048576 (custom)
2023-01-30 12:43:47,601 [EventQueue-OpenPipelineForHealthyPipelineSafeModeRule] INFO  safemode.SCMSafeModeManager (HealthyPipelineSafeModeRule.java:process(137)) - SCM in safe mode. Healthy pipelines reported count is 0, required healthy pipeline reported count is 1
2023-01-30 12:43:47,601 [pool-181-thread-1] INFO  server.RaftServerConfigKeys (ConfUtils.java:logGet(46)) - raft.server.log.appender.buffer.byte-limit = 33554432 (custom)
2023-01-30 12:43:47,606 [pool-181-thread-1] INFO  server.RaftServerConfigKeys (ConfUtils.java:logGet(46)) - raft.server.log.unsafe-flush.enabled = false (default)
2023-01-30 12:43:47,606 [pool-181-thread-1] INFO  server.RaftServerConfigKeys (ConfUtils.java:logGet(46)) - raft.server.log.async-flush.enabled = false (default)
2023-01-30 12:43:47,606 [pool-181-thread-1] INFO  server.RaftServerConfigKeys (ConfUtils.java:logGet(46)) - raft.server.log.statemachine.data.caching.enabled = true (custom)
2023-01-30 12:43:47,606 [pool-181-thread-1] INFO  segmented.SegmentedRaftLogWorker (SegmentedRaftLogWorker.java:lambda$new$0(135)) - b85ec12f-6d7c-420e-915b-fc0cfcf21520@group-3D682945520C-SegmentedRaftLogWorker: flushIndex: setUnconditionally 0 -> -1
2023-01-30 12:43:47,606 [pool-181-thread-1] INFO  segmented.SegmentedRaftLogWorker (SegmentedRaftLogWorker.java:lambda$new$0(135)) - b85ec12f-6d7c-420e-915b-fc0cfcf21520@group-3D682945520C-SegmentedRaftLogWorker: safeCacheEvictIndex: setUnconditionally 0 -> -1
2023-01-30 12:43:47,606 [pool-181-thread-1] INFO  server.RaftServer$Division (RaftServerImpl.java:start(334)) - b85ec12f-6d7c-420e-915b-fc0cfcf21520@group-3D682945520C: start as a follower, conf=-1: peers:[b85ec12f-6d7c-420e-915b-fc0cfcf21520|rpc:10.1.0.50:35341|dataStream:10.1.0.50:45259|priority:1|startupRole:FOLLOWER]|listeners:[], old=null
2023-01-30 12:43:47,606 [pool-181-thread-1] INFO  server.RaftServer$Division (RaftServerImpl.java:setRole(321)) - b85ec12f-6d7c-420e-915b-fc0cfcf21520@group-3D682945520C: changes role from      null to FOLLOWER at term 0 for startAsFollower
2023-01-30 12:43:47,606 [pool-181-thread-1] INFO  impl.RoleInfo (RoleInfo.java:updateAndGet(139)) - b85ec12f-6d7c-420e-915b-fc0cfcf21520: start b85ec12f-6d7c-420e-915b-fc0cfcf21520@group-3D682945520C-FollowerState
2023-01-30 12:43:47,608 [pool-181-thread-1] INFO  util.JmxRegister (JmxRegister.java:tryRegister(44)) - Successfully registered JMX Bean with object name Ratis:service=RaftServer,group=group-3D682945520C,id=b85ec12f-6d7c-420e-915b-fc0cfcf21520
2023-01-30 12:43:47,608 [pool-181-thread-1] INFO  server.RaftServerConfigKeys (ConfUtils.java:logGet(46)) - raft.server.snapshot.auto.trigger.enabled = true (custom)
2023-01-30 12:43:47,608 [pool-181-thread-1] INFO  server.RaftServerConfigKeys (ConfUtils.java:logGet(46)) - raft.server.snapshot.auto.trigger.threshold = 10000 (custom)
2023-01-30 12:43:47,608 [pool-181-thread-1] INFO  server.RaftServerConfigKeys (ConfUtils.java:logGet(46)) - raft.server.snapshot.retention.file.num = 5 (custom)
2023-01-30 12:43:47,608 [pool-181-thread-1] INFO  server.RaftServerConfigKeys (ConfUtils.java:logGet(46)) - raft.server.log.purge.upto.snapshot.index = false (default)
2023-01-30 12:43:47,609 [b85ec12f-6d7c-420e-915b-fc0cfcf21520@group-3D682945520C-FollowerState] INFO  server.RaftServerConfigKeys (ConfUtils.java:logFallback(53)) - raft.server.rpc.first-election.timeout.min = 5s (fallback to raft.server.rpc.timeout.min)
2023-01-30 12:43:47,609 [b85ec12f-6d7c-420e-915b-fc0cfcf21520@group-3D682945520C-FollowerState] INFO  server.RaftServerConfigKeys (ConfUtils.java:logFallback(53)) - raft.server.rpc.first-election.timeout.max = 5200ms (fallback to raft.server.rpc.timeout.max)
2023-01-30 12:43:47,609 [Command processor thread] INFO  ratis.XceiverServerRatis (XceiverServerRatis.java:addGroup(806)) - Created group PipelineID=5f41d800-a2c8-4176-b4d7-3d682945520c
2023-01-30 12:43:47,610 [Command processor thread] INFO  commandhandler.CreatePipelineCommandHandler (CreatePipelineCommandHandler.java:handle(113)) - Created Pipeline RATIS ONE PipelineID=5f41d800-a2c8-4176-b4d7-3d682945520c.
2023-01-30 12:43:47,976 [Command processor thread] INFO  server.RaftServer (RaftServerProxy.java:addNew(96)) - a53d6862-374f-4f5f-b714-76db3f2bc68b: addNew group-1247B656147E:[a53d6862-374f-4f5f-b714-76db3f2bc68b|rpc:10.1.0.50:43971|dataStream:10.1.0.50:37485|priority:1|startupRole:FOLLOWER] returns group-1247B656147E:java.util.concurrent.CompletableFuture@239774e8[Not completed]
2023-01-30 12:43:47,977 [pool-203-thread-1] INFO  server.RaftServer$Division (RaftServerImpl.java:<init>(195)) - a53d6862-374f-4f5f-b714-76db3f2bc68b: new RaftServerImpl for group-1247B656147E:[a53d6862-374f-4f5f-b714-76db3f2bc68b|rpc:10.1.0.50:43971|dataStream:10.1.0.50:37485|priority:1|startupRole:FOLLOWER] with ContainerStateMachine:uninitialized
2023-01-30 12:43:47,977 [pool-203-thread-1] INFO  server.RaftServerConfigKeys (ConfUtils.java:logGet(46)) - raft.server.rpc.timeout.min = 5s (custom)
2023-01-30 12:43:47,977 [pool-203-thread-1] INFO  server.RaftServerConfigKeys (ConfUtils.java:logGet(46)) - raft.server.rpc.timeout.max = 5200ms (custom)
2023-01-30 12:43:47,978 [pool-203-thread-1] INFO  server.RaftServerConfigKeys (ConfUtils.java:logGet(46)) - raft.server.rpc.sleep.time = 25ms (default)
2023-01-30 12:43:47,978 [pool-203-thread-1] INFO  server.RaftServerConfigKeys (ConfUtils.java:logGet(46)) - raft.server.rpc.slowness.timeout = 300s (custom)
2023-01-30 12:43:47,978 [pool-203-thread-1] INFO  server.RaftServerConfigKeys (ConfUtils.java:logGet(46)) - raft.server.leaderelection.leader.step-down.wait-time = 10s (default)
2023-01-30 12:43:47,978 [pool-203-thread-1] INFO  server.RaftServerConfigKeys (ConfUtils.java:logGet(46)) - raft.server.sleep.deviation.threshold = 300ms (default)
2023-01-30 12:43:47,978 [pool-203-thread-1] INFO  server.RaftServer$Division (ServerState.java:<init>(118)) - a53d6862-374f-4f5f-b714-76db3f2bc68b@group-1247B656147E: ConfigurationManager, init=-1: peers:[a53d6862-374f-4f5f-b714-76db3f2bc68b|rpc:10.1.0.50:43971|dataStream:10.1.0.50:37485|priority:1|startupRole:FOLLOWER]|listeners:[], old=null, confs=<EMPTY_MAP>
2023-01-30 12:43:47,978 [pool-203-thread-1] INFO  server.RaftServerConfigKeys (ConfUtils.java:logGet(46)) - raft.server.storage.dir = [/home/runner/work/ozone/ozone/hadoop-ozone/integration-test/target/test-dir/MiniOzoneClusterImpl-3373c666-e21d-449e-a922-fde15befd7fc/datanode-6/data/ratis] (custom)
2023-01-30 12:43:47,978 [pool-203-thread-1] INFO  server.RaftServerConfigKeys (ConfUtils.java:logGet(46)) - raft.server.log.corruption.policy = EXCEPTION (default)
2023-01-30 12:43:47,978 [pool-203-thread-1] INFO  server.RaftServerConfigKeys (ConfUtils.java:logGet(46)) - raft.server.storage.free-space.min = 0MB (=0) (default)
2023-01-30 12:43:47,978 [pool-203-thread-1] INFO  server.RaftServerConfigKeys (ConfUtils.java:logGet(46)) - raft.server.notification.no-leader.timeout = 300s (custom)
2023-01-30 12:43:47,978 [pool-203-thread-1] INFO  server.RaftServerConfigKeys (ConfUtils.java:logGet(46)) - raft.server.retrycache.expirytime = 600000ms (custom)
2023-01-30 12:43:47,978 [pool-203-thread-1] INFO  server.RaftServerConfigKeys (ConfUtils.java:logGet(46)) - raft.server.retrycache.statistics.expirytime = 100μs (default)
2023-01-30 12:43:47,980 [pool-203-thread-1] INFO  server.RaftServerConfigKeys (ConfUtils.java:logGet(46)) - raft.server.log.appender.install.snapshot.enabled = false (custom)
2023-01-30 12:43:47,980 [pool-203-thread-1] INFO  server.RaftServerConfigKeys (ConfUtils.java:logGet(46)) - raft.server.threadpool.server.cached = true (default)
2023-01-30 12:43:47,980 [pool-203-thread-1] INFO  server.RaftServerConfigKeys (ConfUtils.java:logGet(46)) - raft.server.threadpool.server.size = 0 (default)
2023-01-30 12:43:47,980 [pool-203-thread-1] INFO  server.RaftServerConfigKeys (ConfUtils.java:logGet(46)) - raft.server.threadpool.client.cached = true (default)
2023-01-30 12:43:47,980 [pool-203-thread-1] INFO  server.RaftServerConfigKeys (ConfUtils.java:logGet(46)) - raft.server.threadpool.client.size = 0 (default)
2023-01-30 12:43:47,980 [pool-203-thread-1] INFO  storage.RaftStorageDirectory (RaftStorageDirectoryImpl.java:analyzeStorage(137)) - The storage directory /home/runner/work/ozone/ozone/hadoop-ozone/integration-test/target/test-dir/MiniOzoneClusterImpl-3373c666-e21d-449e-a922-fde15befd7fc/datanode-6/data/ratis/d37c0e4e-a021-45d4-a9e2-1247b656147e does not exist. Creating ...
2023-01-30 12:43:47,983 [pool-203-thread-1] INFO  storage.RaftStorageDirectory (RaftStorageDirectoryImpl.java:tryLock(231)) - Lock on /home/runner/work/ozone/ozone/hadoop-ozone/integration-test/target/test-dir/MiniOzoneClusterImpl-3373c666-e21d-449e-a922-fde15befd7fc/datanode-6/data/ratis/d37c0e4e-a021-45d4-a9e2-1247b656147e/in_use.lock acquired by nodename 58968@fv-az186-393
2023-01-30 12:43:47,984 [pool-203-thread-1] INFO  storage.RaftStorage (RaftStorageImpl.java:format(96)) - Storage directory /home/runner/work/ozone/ozone/hadoop-ozone/integration-test/target/test-dir/MiniOzoneClusterImpl-3373c666-e21d-449e-a922-fde15befd7fc/datanode-6/data/ratis/d37c0e4e-a021-45d4-a9e2-1247b656147e has been successfully formatted.
2023-01-30 12:43:47,985 [pool-203-thread-1] INFO  ratis.ContainerStateMachine (ContainerStateMachine.java:loadSnapshot(240)) - group-1247B656147E: The snapshot info is null. Setting the last applied indexto:(t:0, i:~)
2023-01-30 12:43:47,985 [pool-203-thread-1] INFO  server.RaftServerConfigKeys (ConfUtils.java:logGet(46)) - raft.server.log.use.memory = false (default)
2023-01-30 12:43:47,985 [pool-203-thread-1] INFO  server.RaftServerConfigKeys (ConfUtils.java:logGet(46)) - raft.server.log.purge.gap = 1000000 (custom)
2023-01-30 12:43:47,985 [pool-203-thread-1] INFO  server.RaftServerConfigKeys (ConfUtils.java:logGet(46)) - raft.server.log.appender.buffer.byte-limit = 33554432 (custom)
2023-01-30 12:43:47,985 [pool-203-thread-1] INFO  server.RaftServerConfigKeys (ConfUtils.java:logGet(46)) - raft.server.log.statemachine.data.read.timeout = 1000ms (default)
2023-01-30 12:43:47,985 [pool-203-thread-1] INFO  server.RaftServerConfigKeys (ConfUtils.java:logGet(46)) - raft.server.log.purge.preservation.log.num = 0 (default)
2023-01-30 12:43:47,985 [pool-203-thread-1] INFO  server.RaftServerConfigKeys (ConfUtils.java:logGet(46)) - raft.server.log.segment.size.max = 1048576 (custom)
2023-01-30 12:43:47,986 [pool-203-thread-1] INFO  server.RaftServerConfigKeys (ConfUtils.java:logGet(46)) - raft.server.log.segment.cache.num.max = 2 (custom)
2023-01-30 12:43:47,986 [pool-203-thread-1] INFO  server.RaftServerConfigKeys (ConfUtils.java:logGet(46)) - raft.server.log.segment.cache.size.max = 200MB (=209715200) (default)
2023-01-30 12:43:47,986 [pool-203-thread-1] INFO  segmented.SegmentedRaftLogWorker (SegmentedRaftLogWorker.java:<init>(189)) - new a53d6862-374f-4f5f-b714-76db3f2bc68b@group-1247B656147E-SegmentedRaftLogWorker for RaftStorageImpl:Storage Directory /home/runner/work/ozone/ozone/hadoop-ozone/integration-test/target/test-dir/MiniOzoneClusterImpl-3373c666-e21d-449e-a922-fde15befd7fc/datanode-6/data/ratis/d37c0e4e-a021-45d4-a9e2-1247b656147e
2023-01-30 12:43:47,986 [pool-203-thread-1] INFO  server.RaftServerConfigKeys (ConfUtils.java:logGet(46)) - raft.server.log.queue.byte-limit = 4294967296 (custom)
2023-01-30 12:43:47,987 [pool-203-thread-1] INFO  server.RaftServerConfigKeys (ConfUtils.java:logGet(46)) - raft.server.log.queue.element-limit = 1024 (custom)
2023-01-30 12:43:47,987 [pool-203-thread-1] INFO  server.RaftServerConfigKeys (ConfUtils.java:logGet(46)) - raft.server.log.segment.size.max = 1048576 (custom)
2023-01-30 12:43:47,987 [pool-203-thread-1] INFO  server.RaftServerConfigKeys (ConfUtils.java:logGet(46)) - raft.server.log.preallocated.size = 16384 (custom)
2023-01-30 12:43:47,987 [pool-203-thread-1] INFO  server.RaftServerConfigKeys (ConfUtils.java:logGet(46)) - raft.server.log.force.sync.num = 128 (default)
2023-01-30 12:43:47,986 [EventQueue-PipelineReportForPipelineReportHandler] INFO  pipeline.PipelineManagerImpl (PipelineManagerImpl.java:openPipeline(367)) - Pipeline Pipeline[ Id: d37c0e4e-a021-45d4-a9e2-1247b656147e, Nodes: a53d6862-374f-4f5f-b714-76db3f2bc68b(fv-az186-393.qnicg3m0sonedg4msc5mrdkamh.cx.internal.cloudapp.net/10.1.0.50), ReplicationConfig: RATIS/ONE, State:ALLOCATED, leaderId:a53d6862-374f-4f5f-b714-76db3f2bc68b, CreationTimestamp2023-01-30T12:43:44.979Z[Etc/UTC]] moved to OPEN state
2023-01-30 12:43:47,987 [pool-203-thread-1] INFO  server.RaftServerConfigKeys (ConfUtils.java:logGet(46)) - raft.server.log.statemachine.data.sync = true (default)
2023-01-30 12:43:47,987 [pool-203-thread-1] INFO  server.RaftServerConfigKeys (ConfUtils.java:logGet(46)) - raft.server.log.statemachine.data.sync.timeout = 10s (default)
2023-01-30 12:43:47,987 [pool-203-thread-1] INFO  server.RaftServerConfigKeys (ConfUtils.java:logGet(46)) - raft.server.log.statemachine.data.sync.timeout.retry = -1 (default)
2023-01-30 12:43:47,987 [EventQueue-OpenPipelineForHealthyPipelineSafeModeRule] INFO  safemode.SCMSafeModeManager (HealthyPipelineSafeModeRule.java:process(137)) - SCM in safe mode. Healthy pipelines reported count is 0, required healthy pipeline reported count is 1
2023-01-30 12:43:47,987 [pool-203-thread-1] INFO  server.RaftServerConfigKeys (ConfUtils.java:logGet(46)) - raft.server.log.write.buffer.size = 1048576 (custom)
2023-01-30 12:43:47,988 [pool-203-thread-1] INFO  server.RaftServerConfigKeys (ConfUtils.java:logGet(46)) - raft.server.log.appender.buffer.byte-limit = 33554432 (custom)
2023-01-30 12:43:48,189 [Listener at 127.0.0.1/45319] INFO  ozone.MiniOzoneClusterImpl (MiniOzoneClusterImpl.java:lambda$waitForClusterToBeReady$0(218)) - Nodes are ready. Got 7 of 7 DN Heartbeats.
2023-01-30 12:43:48,189 [Listener at 127.0.0.1/45319] INFO  ozone.MiniOzoneClusterImpl (MiniOzoneClusterImpl.java:lambda$waitForClusterToBeReady$0(221)) - Waiting for cluster to exit safe mode
2023-01-30 12:43:48,189 [Listener at 127.0.0.1/45319] INFO  ozone.MiniOzoneClusterImpl (MiniOzoneClusterImpl.java:lambda$waitForClusterToBeReady$0(223)) - SCM became leader
2023-01-30 12:43:48,193 [pool-203-thread-1] INFO  server.RaftServerConfigKeys (ConfUtils.java:logGet(46)) - raft.server.log.unsafe-flush.enabled = false (default)
2023-01-30 12:43:48,193 [pool-203-thread-1] INFO  server.RaftServerConfigKeys (ConfUtils.java:logGet(46)) - raft.server.log.async-flush.enabled = false (default)
2023-01-30 12:43:48,193 [pool-203-thread-1] INFO  server.RaftServerConfigKeys (ConfUtils.java:logGet(46)) - raft.server.log.statemachine.data.caching.enabled = true (custom)
2023-01-30 12:43:48,193 [pool-203-thread-1] INFO  segmented.SegmentedRaftLogWorker (SegmentedRaftLogWorker.java:lambda$new$0(135)) - a53d6862-374f-4f5f-b714-76db3f2bc68b@group-1247B656147E-SegmentedRaftLogWorker: flushIndex: setUnconditionally 0 -> -1
2023-01-30 12:43:48,193 [pool-203-thread-1] INFO  segmented.SegmentedRaftLogWorker (SegmentedRaftLogWorker.java:lambda$new$0(135)) - a53d6862-374f-4f5f-b714-76db3f2bc68b@group-1247B656147E-SegmentedRaftLogWorker: safeCacheEvictIndex: setUnconditionally 0 -> -1
2023-01-30 12:43:48,194 [pool-203-thread-1] INFO  server.RaftServer$Division (RaftServerImpl.java:start(334)) - a53d6862-374f-4f5f-b714-76db3f2bc68b@group-1247B656147E: start as a follower, conf=-1: peers:[a53d6862-374f-4f5f-b714-76db3f2bc68b|rpc:10.1.0.50:43971|dataStream:10.1.0.50:37485|priority:1|startupRole:FOLLOWER]|listeners:[], old=null
2023-01-30 12:43:48,194 [pool-203-thread-1] INFO  server.RaftServer$Division (RaftServerImpl.java:setRole(321)) - a53d6862-374f-4f5f-b714-76db3f2bc68b@group-1247B656147E: changes role from      null to FOLLOWER at term 0 for startAsFollower
2023-01-30 12:43:48,194 [pool-203-thread-1] INFO  impl.RoleInfo (RoleInfo.java:updateAndGet(139)) - a53d6862-374f-4f5f-b714-76db3f2bc68b: start a53d6862-374f-4f5f-b714-76db3f2bc68b@group-1247B656147E-FollowerState
2023-01-30 12:43:48,197 [pool-203-thread-1] INFO  util.JmxRegister (JmxRegister.java:tryRegister(44)) - Successfully registered JMX Bean with object name Ratis:service=RaftServer,group=group-1247B656147E,id=a53d6862-374f-4f5f-b714-76db3f2bc68b
2023-01-30 12:43:48,197 [pool-203-thread-1] INFO  server.RaftServerConfigKeys (ConfUtils.java:logGet(46)) - raft.server.snapshot.auto.trigger.enabled = true (custom)
2023-01-30 12:43:48,197 [pool-203-thread-1] INFO  server.RaftServerConfigKeys (ConfUtils.java:logGet(46)) - raft.server.snapshot.auto.trigger.threshold = 10000 (custom)
2023-01-30 12:43:48,197 [pool-203-thread-1] INFO  server.RaftServerConfigKeys (ConfUtils.java:logGet(46)) - raft.server.snapshot.retention.file.num = 5 (custom)
2023-01-30 12:43:48,197 [pool-203-thread-1] INFO  server.RaftServerConfigKeys (ConfUtils.java:logGet(46)) - raft.server.log.purge.upto.snapshot.index = false (default)
2023-01-30 12:43:48,199 [a53d6862-374f-4f5f-b714-76db3f2bc68b@group-1247B656147E-FollowerState] INFO  server.RaftServerConfigKeys (ConfUtils.java:logFallback(53)) - raft.server.rpc.first-election.timeout.min = 5s (fallback to raft.server.rpc.timeout.min)
2023-01-30 12:43:48,199 [a53d6862-374f-4f5f-b714-76db3f2bc68b@group-1247B656147E-FollowerState] INFO  server.RaftServerConfigKeys (ConfUtils.java:logFallback(53)) - raft.server.rpc.first-election.timeout.max = 5200ms (fallback to raft.server.rpc.timeout.max)
2023-01-30 12:43:48,200 [Command processor thread] INFO  ratis.XceiverServerRatis (XceiverServerRatis.java:addGroup(806)) - Created group PipelineID=d37c0e4e-a021-45d4-a9e2-1247b656147e
2023-01-30 12:43:48,200 [Command processor thread] INFO  commandhandler.CreatePipelineCommandHandler (CreatePipelineCommandHandler.java:handle(113)) - Created Pipeline RATIS ONE PipelineID=d37c0e4e-a021-45d4-a9e2-1247b656147e.
2023-01-30 12:43:49,189 [Listener at 127.0.0.1/45319] INFO  ozone.MiniOzoneClusterImpl (MiniOzoneClusterImpl.java:lambda$waitForClusterToBeReady$0(218)) - Nodes are ready. Got 7 of 7 DN Heartbeats.
2023-01-30 12:43:49,190 [Listener at 127.0.0.1/45319] INFO  ozone.MiniOzoneClusterImpl (MiniOzoneClusterImpl.java:lambda$waitForClusterToBeReady$0(221)) - Waiting for cluster to exit safe mode
2023-01-30 12:43:49,190 [Listener at 127.0.0.1/45319] INFO  ozone.MiniOzoneClusterImpl (MiniOzoneClusterImpl.java:lambda$waitForClusterToBeReady$0(223)) - SCM became leader
2023-01-30 12:43:50,190 [Listener at 127.0.0.1/45319] INFO  ozone.MiniOzoneClusterImpl (MiniOzoneClusterImpl.java:lambda$waitForClusterToBeReady$0(218)) - Nodes are ready. Got 7 of 7 DN Heartbeats.
2023-01-30 12:43:50,190 [Listener at 127.0.0.1/45319] INFO  ozone.MiniOzoneClusterImpl (MiniOzoneClusterImpl.java:lambda$waitForClusterToBeReady$0(221)) - Waiting for cluster to exit safe mode
2023-01-30 12:43:50,190 [Listener at 127.0.0.1/45319] INFO  ozone.MiniOzoneClusterImpl (MiniOzoneClusterImpl.java:lambda$waitForClusterToBeReady$0(223)) - SCM became leader
2023-01-30 12:43:50,842 [c78ebe56-d058-4c98-bec9-45038831407a@group-ABE05E4780CB-FollowerState] INFO  impl.FollowerState (FollowerState.java:run(143)) - c78ebe56-d058-4c98-bec9-45038831407a@group-ABE05E4780CB-FollowerState: change to CANDIDATE, lastRpcElapsedTime:5196995606ns, electionTimeout:5188ms
2023-01-30 12:43:50,842 [c78ebe56-d058-4c98-bec9-45038831407a@group-ABE05E4780CB-FollowerState] INFO  impl.RoleInfo (RoleInfo.java:shutdownFollowerState(110)) - c78ebe56-d058-4c98-bec9-45038831407a: shutdown c78ebe56-d058-4c98-bec9-45038831407a@group-ABE05E4780CB-FollowerState
2023-01-30 12:43:50,842 [c78ebe56-d058-4c98-bec9-45038831407a@group-ABE05E4780CB-FollowerState] INFO  server.RaftServer$Division (RaftServerImpl.java:setRole(321)) - c78ebe56-d058-4c98-bec9-45038831407a@group-ABE05E4780CB: changes role from  FOLLOWER to CANDIDATE at term 0 for changeToCandidate
2023-01-30 12:43:50,843 [c78ebe56-d058-4c98-bec9-45038831407a@group-ABE05E4780CB-FollowerState] INFO  server.RaftServerConfigKeys (ConfUtils.java:logGet(46)) - raft.server.leaderelection.pre-vote = false (custom)
2023-01-30 12:43:50,843 [c78ebe56-d058-4c98-bec9-45038831407a@group-ABE05E4780CB-FollowerState] INFO  impl.RoleInfo (RoleInfo.java:updateAndGet(139)) - c78ebe56-d058-4c98-bec9-45038831407a: start c78ebe56-d058-4c98-bec9-45038831407a@group-ABE05E4780CB-LeaderElection2
2023-01-30 12:43:50,846 [c78ebe56-d058-4c98-bec9-45038831407a@group-ABE05E4780CB-LeaderElection2] INFO  impl.LeaderElection (LeaderElection.java:askForVotes(312)) - c78ebe56-d058-4c98-bec9-45038831407a@group-ABE05E4780CB-LeaderElection2 ELECTION round 0: submit vote requests at term 1 for -1: peers:[c78ebe56-d058-4c98-bec9-45038831407a|rpc:10.1.0.50:44927|dataStream:10.1.0.50:43181|priority:1|startupRole:FOLLOWER]|listeners:[], old=null
2023-01-30 12:43:50,846 [c78ebe56-d058-4c98-bec9-45038831407a@group-ABE05E4780CB-LeaderElection2] INFO  impl.LeaderElection (LeaderElection.java:askForVotes(314)) - c78ebe56-d058-4c98-bec9-45038831407a@group-ABE05E4780CB-LeaderElection2 ELECTION round 0: result PASSED (term=1)
2023-01-30 12:43:50,846 [c78ebe56-d058-4c98-bec9-45038831407a@group-ABE05E4780CB-LeaderElection2] INFO  impl.RoleInfo (RoleInfo.java:shutdownLeaderElection(130)) - c78ebe56-d058-4c98-bec9-45038831407a: shutdown c78ebe56-d058-4c98-bec9-45038831407a@group-ABE05E4780CB-LeaderElection2
2023-01-30 12:43:50,846 [c78ebe56-d058-4c98-bec9-45038831407a@group-ABE05E4780CB-LeaderElection2] INFO  server.RaftServer$Division (RaftServerImpl.java:setRole(321)) - c78ebe56-d058-4c98-bec9-45038831407a@group-ABE05E4780CB: changes role from CANDIDATE to LEADER at term 1 for changeToLeader
2023-01-30 12:43:50,847 [c78ebe56-d058-4c98-bec9-45038831407a@group-ABE05E4780CB-LeaderElection2] INFO  ratis.XceiverServerRatis (XceiverServerRatis.java:handleLeaderChangedNotification(904)) - Leader change notification received for group: group-ABE05E4780CB with new leaderId: c78ebe56-d058-4c98-bec9-45038831407a
2023-01-30 12:43:50,847 [c78ebe56-d058-4c98-bec9-45038831407a@group-ABE05E4780CB-LeaderElection2] INFO  server.RaftServer$Division (ServerState.java:setLeader(313)) - c78ebe56-d058-4c98-bec9-45038831407a@group-ABE05E4780CB: change Leader from null to c78ebe56-d058-4c98-bec9-45038831407a at term 1 for becomeLeader, leader elected after 5240ms
2023-01-30 12:43:50,847 [c78ebe56-d058-4c98-bec9-45038831407a@group-ABE05E4780CB-LeaderElection2] INFO  server.RaftServerConfigKeys (ConfUtils.java:logGet(46)) - raft.server.staging.catchup.gap = 1000 (default)
2023-01-30 12:43:50,848 [c78ebe56-d058-4c98-bec9-45038831407a@group-ABE05E4780CB-LeaderElection2] INFO  server.RaftServerConfigKeys (ConfUtils.java:logGet(46)) - raft.server.write.element-limit = 1024 (custom)
2023-01-30 12:43:50,848 [c78ebe56-d058-4c98-bec9-45038831407a@group-ABE05E4780CB-LeaderElection2] INFO  server.RaftServerConfigKeys (ConfUtils.java:logGet(46)) - raft.server.write.byte-limit = 1024 M (=1073741824) (custom)
2023-01-30 12:43:50,848 [c78ebe56-d058-4c98-bec9-45038831407a@group-ABE05E4780CB-LeaderElection2] INFO  server.RaftServerConfigKeys (ConfUtils.java:logGet(46)) - raft.server.watch.timeout = 180s (custom)
2023-01-30 12:43:50,848 [c78ebe56-d058-4c98-bec9-45038831407a@group-ABE05E4780CB-LeaderElection2] INFO  server.RaftServerConfigKeys (ConfUtils.java:logGet(46)) - raft.server.watch.timeout.denomination = 1s (default)
2023-01-30 12:43:50,849 [EventQueue-OpenPipelineForHealthyPipelineSafeModeRule] INFO  safemode.SCMSafeModeManager (HealthyPipelineSafeModeRule.java:process(137)) - SCM in safe mode. Healthy pipelines reported count is 0, required healthy pipeline reported count is 1
2023-01-30 12:43:50,851 [c78ebe56-d058-4c98-bec9-45038831407a@group-ABE05E4780CB-LeaderElection2] INFO  server.RaftServerConfigKeys (ConfUtils.java:logGet(46)) - raft.server.watch.element-limit = 65536 (default)
2023-01-30 12:43:50,852 [c78ebe56-d058-4c98-bec9-45038831407a@group-ABE05E4780CB-LeaderElection2] INFO  server.RaftServerConfigKeys (ConfUtils.java:logGet(46)) - raft.server.write.element-limit = 1024 (custom)
2023-01-30 12:43:50,852 [c78ebe56-d058-4c98-bec9-45038831407a@group-ABE05E4780CB-LeaderElection2] INFO  server.RaftServerConfigKeys (ConfUtils.java:logGet(46)) - raft.server.write.follower.gap.ratio.max = -1.0 (default)
2023-01-30 12:43:50,853 [c78ebe56-d058-4c98-bec9-45038831407a@group-ABE05E4780CB-LeaderElection2] INFO  impl.RoleInfo (RoleInfo.java:updateAndGet(139)) - c78ebe56-d058-4c98-bec9-45038831407a: start c78ebe56-d058-4c98-bec9-45038831407a@group-ABE05E4780CB-LeaderStateImpl
2023-01-30 12:43:50,853 [c78ebe56-d058-4c98-bec9-45038831407a@group-ABE05E4780CB-LeaderElection2] INFO  segmented.SegmentedRaftLogWorker (SegmentedRaftLogWorker.java:startLogSegment(452)) - c78ebe56-d058-4c98-bec9-45038831407a@group-ABE05E4780CB-SegmentedRaftLogWorker: Starting segment from index:0
2023-01-30 12:43:50,855 [c78ebe56-d058-4c98-bec9-45038831407a@group-ABE05E4780CB-SegmentedRaftLogWorker] INFO  segmented.SegmentedRaftLogWorker (SegmentedRaftLogWorker.java:execute(656)) - c78ebe56-d058-4c98-bec9-45038831407a@group-ABE05E4780CB-SegmentedRaftLogWorker: created new log segment /home/runner/work/ozone/ozone/hadoop-ozone/integration-test/target/test-dir/MiniOzoneClusterImpl-3373c666-e21d-449e-a922-fde15befd7fc/datanode-0/data/ratis/4a439987-e57b-44e4-ad7b-abe05e4780cb/current/log_inprogress_0
2023-01-30 12:43:50,857 [c78ebe56-d058-4c98-bec9-45038831407a@group-ABE05E4780CB-LeaderElection2] INFO  server.RaftServer$Division (ServerState.java:setRaftConf(430)) - c78ebe56-d058-4c98-bec9-45038831407a@group-ABE05E4780CB: set configuration 0: peers:[c78ebe56-d058-4c98-bec9-45038831407a|rpc:10.1.0.50:44927|dataStream:10.1.0.50:43181|priority:1|startupRole:FOLLOWER]|listeners:[], old=null
2023-01-30 12:43:50,862 [c78ebe56-d058-4c98-bec9-45038831407a@group-A5180E5593EF-FollowerState] INFO  impl.FollowerState (FollowerState.java:run(143)) - c78ebe56-d058-4c98-bec9-45038831407a@group-A5180E5593EF-FollowerState: change to CANDIDATE, lastRpcElapsedTime:5174327477ns, electionTimeout:5173ms
2023-01-30 12:43:50,862 [c78ebe56-d058-4c98-bec9-45038831407a@group-A5180E5593EF-FollowerState] INFO  impl.RoleInfo (RoleInfo.java:shutdownFollowerState(110)) - c78ebe56-d058-4c98-bec9-45038831407a: shutdown c78ebe56-d058-4c98-bec9-45038831407a@group-A5180E5593EF-FollowerState
2023-01-30 12:43:50,862 [c78ebe56-d058-4c98-bec9-45038831407a@group-A5180E5593EF-FollowerState] INFO  server.RaftServer$Division (RaftServerImpl.java:setRole(321)) - c78ebe56-d058-4c98-bec9-45038831407a@group-A5180E5593EF: changes role from  FOLLOWER to CANDIDATE at term 0 for changeToCandidate
2023-01-30 12:43:50,863 [c78ebe56-d058-4c98-bec9-45038831407a@group-A5180E5593EF-FollowerState] INFO  server.RaftServerConfigKeys (ConfUtils.java:logGet(46)) - raft.server.leaderelection.pre-vote = false (custom)
2023-01-30 12:43:50,863 [c78ebe56-d058-4c98-bec9-45038831407a@group-A5180E5593EF-FollowerState] INFO  impl.RoleInfo (RoleInfo.java:updateAndGet(139)) - c78ebe56-d058-4c98-bec9-45038831407a: start c78ebe56-d058-4c98-bec9-45038831407a@group-A5180E5593EF-LeaderElection3
2023-01-30 12:43:50,867 [c78ebe56-d058-4c98-bec9-45038831407a@group-A5180E5593EF-LeaderElection3] INFO  impl.LeaderElection (LeaderElection.java:askForVotes(312)) - c78ebe56-d058-4c98-bec9-45038831407a@group-A5180E5593EF-LeaderElection3 ELECTION round 0: submit vote requests at term 1 for -1: peers:[a354ee2c-6c3e-4107-b9a9-2d7a8532b2a5|rpc:10.1.0.50:43337|dataStream:10.1.0.50:38877|priority:1|startupRole:FOLLOWER, 6d351c6b-99d3-43e7-8295-6decaaa133c4|rpc:10.1.0.50:32789|dataStream:10.1.0.50:44213|priority:0|startupRole:FOLLOWER, c78ebe56-d058-4c98-bec9-45038831407a|rpc:10.1.0.50:44927|dataStream:10.1.0.50:43181|priority:0|startupRole:FOLLOWER]|listeners:[], old=null
2023-01-30 12:43:50,872 [c78ebe56-d058-4c98-bec9-45038831407a@group-A5180E5593EF-LeaderElection3] INFO  server.RaftServerConfigKeys (ConfUtils.java:logFallback(53)) - raft.server.rpc.first-election.timeout.min = 5s (fallback to raft.server.rpc.timeout.min)
2023-01-30 12:43:50,872 [c78ebe56-d058-4c98-bec9-45038831407a@group-A5180E5593EF-LeaderElection3] INFO  server.RaftServerConfigKeys (ConfUtils.java:logFallback(53)) - raft.server.rpc.first-election.timeout.max = 5200ms (fallback to raft.server.rpc.timeout.max)
2023-01-30 12:43:50,872 [c78ebe56-d058-4c98-bec9-45038831407a@group-A5180E5593EF-LeaderElection3-1] INFO  server.GrpcServerProtocolClient (GrpcServerProtocolClient.java:<init>(63)) - Build channel for a354ee2c-6c3e-4107-b9a9-2d7a8532b2a5
2023-01-30 12:43:50,875 [c78ebe56-d058-4c98-bec9-45038831407a@group-A5180E5593EF-LeaderElection3-2] INFO  server.GrpcServerProtocolClient (GrpcServerProtocolClient.java:<init>(63)) - Build channel for 6d351c6b-99d3-43e7-8295-6decaaa133c4
2023-01-30 12:43:50,889 [grpc-default-executor-1] INFO  server.RaftServer$Division (RaftServerImpl.java:requestVote(1218)) - a354ee2c-6c3e-4107-b9a9-2d7a8532b2a5@group-A5180E5593EF: receive requestVote(ELECTION, c78ebe56-d058-4c98-bec9-45038831407a, group-A5180E5593EF, 1, (t:0, i:0))
2023-01-30 12:43:50,891 [grpc-default-executor-1] INFO  impl.VoteContext (VoteContext.java:log(49)) - a354ee2c-6c3e-4107-b9a9-2d7a8532b2a5@group-A5180E5593EF-FOLLOWER: reject ELECTION from c78ebe56-d058-4c98-bec9-45038831407a: our priority 1 > candidate's priority 0
2023-01-30 12:43:50,891 [grpc-default-executor-1] INFO  server.RaftServer$Division (RaftServerImpl.java:setRole(321)) - a354ee2c-6c3e-4107-b9a9-2d7a8532b2a5@group-A5180E5593EF: changes role from  FOLLOWER to FOLLOWER at term 1 for candidate:c78ebe56-d058-4c98-bec9-45038831407a
2023-01-30 12:43:50,891 [grpc-default-executor-1] INFO  impl.RoleInfo (RoleInfo.java:shutdownFollowerState(110)) - a354ee2c-6c3e-4107-b9a9-2d7a8532b2a5: shutdown a354ee2c-6c3e-4107-b9a9-2d7a8532b2a5@group-A5180E5593EF-FollowerState
2023-01-30 12:43:50,892 [grpc-default-executor-1] INFO  impl.RoleInfo (RoleInfo.java:updateAndGet(139)) - a354ee2c-6c3e-4107-b9a9-2d7a8532b2a5: start a354ee2c-6c3e-4107-b9a9-2d7a8532b2a5@group-A5180E5593EF-FollowerState
2023-01-30 12:43:50,893 [a354ee2c-6c3e-4107-b9a9-2d7a8532b2a5@group-A5180E5593EF-FollowerState] INFO  impl.FollowerState (FollowerState.java:run(152)) - a354ee2c-6c3e-4107-b9a9-2d7a8532b2a5@group-A5180E5593EF-FollowerState was interrupted
2023-01-30 12:43:50,900 [grpc-default-executor-0] INFO  server.RaftServer$Division (RaftServerImpl.java:requestVote(1218)) - 6d351c6b-99d3-43e7-8295-6decaaa133c4@group-A5180E5593EF: receive requestVote(ELECTION, c78ebe56-d058-4c98-bec9-45038831407a, group-A5180E5593EF, 1, (t:0, i:0))
2023-01-30 12:43:50,901 [grpc-default-executor-1] INFO  server.RaftServer$Division (RaftServerImpl.java:requestVote(1251)) - a354ee2c-6c3e-4107-b9a9-2d7a8532b2a5@group-A5180E5593EF replies to ELECTION vote request: c78ebe56-d058-4c98-bec9-45038831407a<-a354ee2c-6c3e-4107-b9a9-2d7a8532b2a5#0:FAIL-t1. Peer's state: a354ee2c-6c3e-4107-b9a9-2d7a8532b2a5@group-A5180E5593EF:t1, leader=null, voted=null, raftlog=Memoized:a354ee2c-6c3e-4107-b9a9-2d7a8532b2a5@group-A5180E5593EF-SegmentedRaftLog:OPENED:c-1, conf=-1: peers:[a354ee2c-6c3e-4107-b9a9-2d7a8532b2a5|rpc:10.1.0.50:43337|dataStream:10.1.0.50:38877|priority:1|startupRole:FOLLOWER, 6d351c6b-99d3-43e7-8295-6decaaa133c4|rpc:10.1.0.50:32789|dataStream:10.1.0.50:44213|priority:0|startupRole:FOLLOWER, c78ebe56-d058-4c98-bec9-45038831407a|rpc:10.1.0.50:44927|dataStream:10.1.0.50:43181|priority:0|startupRole:FOLLOWER]|listeners:[], old=null
2023-01-30 12:43:50,900 [grpc-default-executor-0] INFO  impl.VoteContext (VoteContext.java:log(49)) - 6d351c6b-99d3-43e7-8295-6decaaa133c4@group-A5180E5593EF-FOLLOWER: accept ELECTION from c78ebe56-d058-4c98-bec9-45038831407a: our priority 0 <= candidate's priority 0
2023-01-30 12:43:50,903 [grpc-default-executor-0] INFO  server.RaftServer$Division (RaftServerImpl.java:setRole(321)) - 6d351c6b-99d3-43e7-8295-6decaaa133c4@group-A5180E5593EF: changes role from  FOLLOWER to FOLLOWER at term 1 for candidate:c78ebe56-d058-4c98-bec9-45038831407a
2023-01-30 12:43:50,903 [grpc-default-executor-0] INFO  impl.RoleInfo (RoleInfo.java:shutdownFollowerState(110)) - 6d351c6b-99d3-43e7-8295-6decaaa133c4: shutdown 6d351c6b-99d3-43e7-8295-6decaaa133c4@group-A5180E5593EF-FollowerState
2023-01-30 12:43:50,903 [6d351c6b-99d3-43e7-8295-6decaaa133c4@group-A5180E5593EF-FollowerState] INFO  impl.FollowerState (FollowerState.java:run(152)) - 6d351c6b-99d3-43e7-8295-6decaaa133c4@group-A5180E5593EF-FollowerState was interrupted
2023-01-30 12:43:50,907 [grpc-default-executor-0] INFO  impl.RoleInfo (RoleInfo.java:updateAndGet(139)) - 6d351c6b-99d3-43e7-8295-6decaaa133c4: start 6d351c6b-99d3-43e7-8295-6decaaa133c4@group-A5180E5593EF-FollowerState
2023-01-30 12:43:50,904 [a354ee2c-6c3e-4107-b9a9-2d7a8532b2a5@group-A5180E5593EF-FollowerState] INFO  server.RaftServerConfigKeys (ConfUtils.java:logFallback(53)) - raft.server.rpc.first-election.timeout.min = 5s (fallback to raft.server.rpc.timeout.min)
2023-01-30 12:43:50,908 [c78ebe56-d058-4c98-bec9-45038831407a@group-A5180E5593EF-LeaderElection3] INFO  impl.LeaderElection (LeaderElection.java:logAndReturn(90)) - c78ebe56-d058-4c98-bec9-45038831407a@group-A5180E5593EF-LeaderElection3: ELECTION REJECTED received 1 response(s) and 0 exception(s):
2023-01-30 12:43:50,908 [c78ebe56-d058-4c98-bec9-45038831407a@group-A5180E5593EF-LeaderElection3] INFO  impl.LeaderElection (LeaderElection.java:logAndReturn(94)) -   Response 0: c78ebe56-d058-4c98-bec9-45038831407a<-a354ee2c-6c3e-4107-b9a9-2d7a8532b2a5#0:FAIL-t1
2023-01-30 12:43:50,908 [a354ee2c-6c3e-4107-b9a9-2d7a8532b2a5@group-A5180E5593EF-FollowerState] INFO  server.RaftServerConfigKeys (ConfUtils.java:logFallback(53)) - raft.server.rpc.first-election.timeout.max = 5200ms (fallback to raft.server.rpc.timeout.max)
2023-01-30 12:43:50,909 [c78ebe56-d058-4c98-bec9-45038831407a@group-A5180E5593EF-LeaderElection3] INFO  impl.LeaderElection (LeaderElection.java:askForVotes(314)) - c78ebe56-d058-4c98-bec9-45038831407a@group-A5180E5593EF-LeaderElection3 ELECTION round 0: result REJECTED
2023-01-30 12:43:50,910 [c78ebe56-d058-4c98-bec9-45038831407a@group-A5180E5593EF-LeaderElection3] INFO  server.RaftServer$Division (RaftServerImpl.java:setRole(321)) - c78ebe56-d058-4c98-bec9-45038831407a@group-A5180E5593EF: changes role from CANDIDATE to FOLLOWER at term 1 for REJECTED
2023-01-30 12:43:50,910 [c78ebe56-d058-4c98-bec9-45038831407a@group-A5180E5593EF-LeaderElection3] INFO  impl.RoleInfo (RoleInfo.java:shutdownLeaderElection(130)) - c78ebe56-d058-4c98-bec9-45038831407a: shutdown c78ebe56-d058-4c98-bec9-45038831407a@group-A5180E5593EF-LeaderElection3
2023-01-30 12:43:50,910 [c78ebe56-d058-4c98-bec9-45038831407a@group-A5180E5593EF-LeaderElection3] INFO  impl.RoleInfo (RoleInfo.java:updateAndGet(139)) - c78ebe56-d058-4c98-bec9-45038831407a: start c78ebe56-d058-4c98-bec9-45038831407a@group-A5180E5593EF-FollowerState
2023-01-30 12:43:50,910 [6d351c6b-99d3-43e7-8295-6decaaa133c4@group-A5180E5593EF-FollowerState] INFO  server.RaftServerConfigKeys (ConfUtils.java:logFallback(53)) - raft.server.rpc.first-election.timeout.min = 5s (fallback to raft.server.rpc.timeout.min)
2023-01-30 12:43:50,910 [6d351c6b-99d3-43e7-8295-6decaaa133c4@group-A5180E5593EF-FollowerState] INFO  server.RaftServerConfigKeys (ConfUtils.java:logFallback(53)) - raft.server.rpc.first-election.timeout.max = 5200ms (fallback to raft.server.rpc.timeout.max)
2023-01-30 12:43:50,917 [c78ebe56-d058-4c98-bec9-45038831407a@group-A5180E5593EF-FollowerState] INFO  server.RaftServerConfigKeys (ConfUtils.java:logFallback(53)) - raft.server.rpc.first-election.timeout.min = 5s (fallback to raft.server.rpc.timeout.min)
2023-01-30 12:43:50,917 [c78ebe56-d058-4c98-bec9-45038831407a@group-A5180E5593EF-FollowerState] INFO  server.RaftServerConfigKeys (ConfUtils.java:logFallback(53)) - raft.server.rpc.first-election.timeout.max = 5200ms (fallback to raft.server.rpc.timeout.max)
2023-01-30 12:43:50,918 [grpc-default-executor-0] INFO  server.RaftServer$Division (RaftServerImpl.java:requestVote(1251)) - 6d351c6b-99d3-43e7-8295-6decaaa133c4@group-A5180E5593EF replies to ELECTION vote request: c78ebe56-d058-4c98-bec9-45038831407a<-6d351c6b-99d3-43e7-8295-6decaaa133c4#0:OK-t1. Peer's state: 6d351c6b-99d3-43e7-8295-6decaaa133c4@group-A5180E5593EF:t1, leader=null, voted=c78ebe56-d058-4c98-bec9-45038831407a, raftlog=Memoized:6d351c6b-99d3-43e7-8295-6decaaa133c4@group-A5180E5593EF-SegmentedRaftLog:OPENED:c-1, conf=-1: peers:[a354ee2c-6c3e-4107-b9a9-2d7a8532b2a5|rpc:10.1.0.50:43337|dataStream:10.1.0.50:38877|priority:1|startupRole:FOLLOWER, 6d351c6b-99d3-43e7-8295-6decaaa133c4|rpc:10.1.0.50:32789|dataStream:10.1.0.50:44213|priority:0|startupRole:FOLLOWER, c78ebe56-d058-4c98-bec9-45038831407a|rpc:10.1.0.50:44927|dataStream:10.1.0.50:43181|priority:0|startupRole:FOLLOWER]|listeners:[], old=null
2023-01-30 12:43:51,190 [Listener at 127.0.0.1/45319] INFO  ozone.MiniOzoneClusterImpl (MiniOzoneClusterImpl.java:lambda$waitForClusterToBeReady$0(218)) - Nodes are ready. Got 7 of 7 DN Heartbeats.
2023-01-30 12:43:51,191 [Listener at 127.0.0.1/45319] INFO  ozone.MiniOzoneClusterImpl (MiniOzoneClusterImpl.java:lambda$waitForClusterToBeReady$0(221)) - Waiting for cluster to exit safe mode
2023-01-30 12:43:51,191 [Listener at 127.0.0.1/45319] INFO  ozone.MiniOzoneClusterImpl (MiniOzoneClusterImpl.java:lambda$waitForClusterToBeReady$0(223)) - SCM became leader
2023-01-30 12:43:51,208 [a354ee2c-6c3e-4107-b9a9-2d7a8532b2a5@group-28B16C9AD676-FollowerState] INFO  impl.FollowerState (FollowerState.java:run(143)) - a354ee2c-6c3e-4107-b9a9-2d7a8532b2a5@group-28B16C9AD676-FollowerState: change to CANDIDATE, lastRpcElapsedTime:5060468238ns, electionTimeout:5047ms
2023-01-30 12:43:51,209 [a354ee2c-6c3e-4107-b9a9-2d7a8532b2a5@group-28B16C9AD676-FollowerState] INFO  impl.RoleInfo (RoleInfo.java:shutdownFollowerState(110)) - a354ee2c-6c3e-4107-b9a9-2d7a8532b2a5: shutdown a354ee2c-6c3e-4107-b9a9-2d7a8532b2a5@group-28B16C9AD676-FollowerState
2023-01-30 12:43:51,209 [a354ee2c-6c3e-4107-b9a9-2d7a8532b2a5@group-28B16C9AD676-FollowerState] INFO  server.RaftServer$Division (RaftServerImpl.java:setRole(321)) - a354ee2c-6c3e-4107-b9a9-2d7a8532b2a5@group-28B16C9AD676: changes role from  FOLLOWER to CANDIDATE at term 0 for changeToCandidate
2023-01-30 12:43:51,212 [a354ee2c-6c3e-4107-b9a9-2d7a8532b2a5@group-28B16C9AD676-FollowerState] INFO  server.RaftServerConfigKeys (ConfUtils.java:logGet(46)) - raft.server.leaderelection.pre-vote = false (custom)
2023-01-30 12:43:51,213 [a354ee2c-6c3e-4107-b9a9-2d7a8532b2a5@group-28B16C9AD676-FollowerState] INFO  impl.RoleInfo (RoleInfo.java:updateAndGet(139)) - a354ee2c-6c3e-4107-b9a9-2d7a8532b2a5: start a354ee2c-6c3e-4107-b9a9-2d7a8532b2a5@group-28B16C9AD676-LeaderElection4
2023-01-30 12:43:51,216 [a354ee2c-6c3e-4107-b9a9-2d7a8532b2a5@group-28B16C9AD676-LeaderElection4] INFO  impl.LeaderElection (LeaderElection.java:askForVotes(312)) - a354ee2c-6c3e-4107-b9a9-2d7a8532b2a5@group-28B16C9AD676-LeaderElection4 ELECTION round 0: submit vote requests at term 1 for -1: peers:[a354ee2c-6c3e-4107-b9a9-2d7a8532b2a5|rpc:10.1.0.50:43337|dataStream:10.1.0.50:38877|priority:1|startupRole:FOLLOWER]|listeners:[], old=null
2023-01-30 12:43:51,216 [a354ee2c-6c3e-4107-b9a9-2d7a8532b2a5@group-28B16C9AD676-LeaderElection4] INFO  impl.LeaderElection (LeaderElection.java:askForVotes(314)) - a354ee2c-6c3e-4107-b9a9-2d7a8532b2a5@group-28B16C9AD676-LeaderElection4 ELECTION round 0: result PASSED (term=1)
2023-01-30 12:43:51,216 [a354ee2c-6c3e-4107-b9a9-2d7a8532b2a5@group-28B16C9AD676-LeaderElection4] INFO  impl.RoleInfo (RoleInfo.java:shutdownLeaderElection(130)) - a354ee2c-6c3e-4107-b9a9-2d7a8532b2a5: shutdown a354ee2c-6c3e-4107-b9a9-2d7a8532b2a5@group-28B16C9AD676-LeaderElection4
2023-01-30 12:43:51,216 [a354ee2c-6c3e-4107-b9a9-2d7a8532b2a5@group-28B16C9AD676-LeaderElection4] INFO  server.RaftServer$Division (RaftServerImpl.java:setRole(321)) - a354ee2c-6c3e-4107-b9a9-2d7a8532b2a5@group-28B16C9AD676: changes role from CANDIDATE to LEADER at term 1 for changeToLeader
2023-01-30 12:43:51,216 [a354ee2c-6c3e-4107-b9a9-2d7a8532b2a5@group-28B16C9AD676-LeaderElection4] INFO  ratis.XceiverServerRatis (XceiverServerRatis.java:handleLeaderChangedNotification(904)) - Leader change notification received for group: group-28B16C9AD676 with new leaderId: a354ee2c-6c3e-4107-b9a9-2d7a8532b2a5
2023-01-30 12:43:51,216 [a354ee2c-6c3e-4107-b9a9-2d7a8532b2a5@group-28B16C9AD676-LeaderElection4] INFO  server.RaftServer$Division (ServerState.java:setLeader(313)) - a354ee2c-6c3e-4107-b9a9-2d7a8532b2a5@group-28B16C9AD676: change Leader from null to a354ee2c-6c3e-4107-b9a9-2d7a8532b2a5 at term 1 for becomeLeader, leader elected after 5105ms
2023-01-30 12:43:51,216 [a354ee2c-6c3e-4107-b9a9-2d7a8532b2a5@group-28B16C9AD676-LeaderElection4] INFO  server.RaftServerConfigKeys (ConfUtils.java:logGet(46)) - raft.server.staging.catchup.gap = 1000 (default)
2023-01-30 12:43:51,217 [a354ee2c-6c3e-4107-b9a9-2d7a8532b2a5@group-28B16C9AD676-LeaderElection4] INFO  server.RaftServerConfigKeys (ConfUtils.java:logGet(46)) - raft.server.write.element-limit = 1024 (custom)
2023-01-30 12:43:51,217 [a354ee2c-6c3e-4107-b9a9-2d7a8532b2a5@group-28B16C9AD676-LeaderElection4] INFO  server.RaftServerConfigKeys (ConfUtils.java:logGet(46)) - raft.server.write.byte-limit = 1024 M (=1073741824) (custom)
2023-01-30 12:43:51,217 [a354ee2c-6c3e-4107-b9a9-2d7a8532b2a5@group-28B16C9AD676-LeaderElection4] INFO  server.RaftServerConfigKeys (ConfUtils.java:logGet(46)) - raft.server.watch.timeout = 180s (custom)
2023-01-30 12:43:51,217 [a354ee2c-6c3e-4107-b9a9-2d7a8532b2a5@group-28B16C9AD676-LeaderElection4] INFO  server.RaftServerConfigKeys (ConfUtils.java:logGet(46)) - raft.server.watch.timeout.denomination = 1s (default)
2023-01-30 12:43:51,217 [a354ee2c-6c3e-4107-b9a9-2d7a8532b2a5@group-28B16C9AD676-LeaderElection4] INFO  server.RaftServerConfigKeys (ConfUtils.java:logGet(46)) - raft.server.watch.element-limit = 65536 (default)
2023-01-30 12:43:51,217 [a354ee2c-6c3e-4107-b9a9-2d7a8532b2a5@group-28B16C9AD676-LeaderElection4] INFO  server.RaftServerConfigKeys (ConfUtils.java:logGet(46)) - raft.server.write.element-limit = 1024 (custom)
2023-01-30 12:43:51,217 [a354ee2c-6c3e-4107-b9a9-2d7a8532b2a5@group-28B16C9AD676-LeaderElection4] INFO  server.RaftServerConfigKeys (ConfUtils.java:logGet(46)) - raft.server.write.follower.gap.ratio.max = -1.0 (default)
2023-01-30 12:43:51,217 [a354ee2c-6c3e-4107-b9a9-2d7a8532b2a5@group-28B16C9AD676-LeaderElection4] INFO  impl.RoleInfo (RoleInfo.java:updateAndGet(139)) - a354ee2c-6c3e-4107-b9a9-2d7a8532b2a5: start a354ee2c-6c3e-4107-b9a9-2d7a8532b2a5@group-28B16C9AD676-LeaderStateImpl
2023-01-30 12:43:51,218 [EventQueue-OpenPipelineForHealthyPipelineSafeModeRule] INFO  safemode.SCMSafeModeManager (HealthyPipelineSafeModeRule.java:process(137)) - SCM in safe mode. Healthy pipelines reported count is 0, required healthy pipeline reported count is 1
2023-01-30 12:43:51,219 [a354ee2c-6c3e-4107-b9a9-2d7a8532b2a5@group-28B16C9AD676-LeaderElection4] INFO  segmented.SegmentedRaftLogWorker (SegmentedRaftLogWorker.java:startLogSegment(452)) - a354ee2c-6c3e-4107-b9a9-2d7a8532b2a5@group-28B16C9AD676-SegmentedRaftLogWorker: Starting segment from index:0
2023-01-30 12:43:51,220 [a354ee2c-6c3e-4107-b9a9-2d7a8532b2a5@group-28B16C9AD676-LeaderElection4] INFO  server.RaftServer$Division (ServerState.java:setRaftConf(430)) - a354ee2c-6c3e-4107-b9a9-2d7a8532b2a5@group-28B16C9AD676: set configuration 0: peers:[a354ee2c-6c3e-4107-b9a9-2d7a8532b2a5|rpc:10.1.0.50:43337|dataStream:10.1.0.50:38877|priority:1|startupRole:FOLLOWER]|listeners:[], old=null
2023-01-30 12:43:51,222 [a354ee2c-6c3e-4107-b9a9-2d7a8532b2a5@group-28B16C9AD676-SegmentedRaftLogWorker] INFO  segmented.SegmentedRaftLogWorker (SegmentedRaftLogWorker.java:execute(656)) - a354ee2c-6c3e-4107-b9a9-2d7a8532b2a5@group-28B16C9AD676-SegmentedRaftLogWorker: created new log segment /home/runner/work/ozone/ozone/hadoop-ozone/integration-test/target/test-dir/MiniOzoneClusterImpl-3373c666-e21d-449e-a922-fde15befd7fc/datanode-1/data/ratis/c8832492-9246-445c-8df8-28b16c9ad676/current/log_inprogress_0
2023-01-30 12:43:51,562 [a354ee2c-6c3e-4107-b9a9-2d7a8532b2a5@group-D5ECA907A9BD-FollowerState] INFO  impl.FollowerState (FollowerState.java:run(143)) - a354ee2c-6c3e-4107-b9a9-2d7a8532b2a5@group-D5ECA907A9BD-FollowerState: change to CANDIDATE, lastRpcElapsedTime:5085487149ns, electionTimeout:5083ms
2023-01-30 12:43:51,562 [a354ee2c-6c3e-4107-b9a9-2d7a8532b2a5@group-D5ECA907A9BD-FollowerState] INFO  impl.RoleInfo (RoleInfo.java:shutdownFollowerState(110)) - a354ee2c-6c3e-4107-b9a9-2d7a8532b2a5: shutdown a354ee2c-6c3e-4107-b9a9-2d7a8532b2a5@group-D5ECA907A9BD-FollowerState
2023-01-30 12:43:51,562 [a354ee2c-6c3e-4107-b9a9-2d7a8532b2a5@group-D5ECA907A9BD-FollowerState] INFO  server.RaftServer$Division (RaftServerImpl.java:setRole(321)) - a354ee2c-6c3e-4107-b9a9-2d7a8532b2a5@group-D5ECA907A9BD: changes role from  FOLLOWER to CANDIDATE at term 0 for changeToCandidate
2023-01-30 12:43:51,563 [a354ee2c-6c3e-4107-b9a9-2d7a8532b2a5@group-D5ECA907A9BD-FollowerState] INFO  server.RaftServerConfigKeys (ConfUtils.java:logGet(46)) - raft.server.leaderelection.pre-vote = false (custom)
2023-01-30 12:43:51,563 [a354ee2c-6c3e-4107-b9a9-2d7a8532b2a5@group-D5ECA907A9BD-FollowerState] INFO  impl.RoleInfo (RoleInfo.java:updateAndGet(139)) - a354ee2c-6c3e-4107-b9a9-2d7a8532b2a5: start a354ee2c-6c3e-4107-b9a9-2d7a8532b2a5@group-D5ECA907A9BD-LeaderElection5
2023-01-30 12:43:51,566 [a354ee2c-6c3e-4107-b9a9-2d7a8532b2a5@group-D5ECA907A9BD-LeaderElection5] INFO  impl.LeaderElection (LeaderElection.java:askForVotes(312)) - a354ee2c-6c3e-4107-b9a9-2d7a8532b2a5@group-D5ECA907A9BD-LeaderElection5 ELECTION round 0: submit vote requests at term 1 for -1: peers:[a354ee2c-6c3e-4107-b9a9-2d7a8532b2a5|rpc:10.1.0.50:43337|dataStream:10.1.0.50:38877|priority:0|startupRole:FOLLOWER, 6d351c6b-99d3-43e7-8295-6decaaa133c4|rpc:10.1.0.50:32789|dataStream:10.1.0.50:44213|priority:1|startupRole:FOLLOWER, c78ebe56-d058-4c98-bec9-45038831407a|rpc:10.1.0.50:44927|dataStream:10.1.0.50:43181|priority:0|startupRole:FOLLOWER]|listeners:[], old=null
2023-01-30 12:43:51,566 [a354ee2c-6c3e-4107-b9a9-2d7a8532b2a5@group-D5ECA907A9BD-LeaderElection5] INFO  server.RaftServerConfigKeys (ConfUtils.java:logFallback(53)) - raft.server.rpc.first-election.timeout.min = 5s (fallback to raft.server.rpc.timeout.min)
2023-01-30 12:43:51,566 [a354ee2c-6c3e-4107-b9a9-2d7a8532b2a5@group-D5ECA907A9BD-LeaderElection5-1] INFO  server.GrpcServerProtocolClient (GrpcServerProtocolClient.java:<init>(63)) - Build channel for 6d351c6b-99d3-43e7-8295-6decaaa133c4
2023-01-30 12:43:51,567 [a354ee2c-6c3e-4107-b9a9-2d7a8532b2a5@group-D5ECA907A9BD-LeaderElection5-2] INFO  server.GrpcServerProtocolClient (GrpcServerProtocolClient.java:<init>(63)) - Build channel for c78ebe56-d058-4c98-bec9-45038831407a
2023-01-30 12:43:51,566 [a354ee2c-6c3e-4107-b9a9-2d7a8532b2a5@group-D5ECA907A9BD-LeaderElection5] INFO  server.RaftServerConfigKeys (ConfUtils.java:logFallback(53)) - raft.server.rpc.first-election.timeout.max = 5200ms (fallback to raft.server.rpc.timeout.max)
2023-01-30 12:43:51,576 [grpc-default-executor-0] INFO  server.RaftServer$Division (RaftServerImpl.java:requestVote(1218)) - c78ebe56-d058-4c98-bec9-45038831407a@group-D5ECA907A9BD: receive requestVote(ELECTION, a354ee2c-6c3e-4107-b9a9-2d7a8532b2a5, group-D5ECA907A9BD, 1, (t:0, i:0))
2023-01-30 12:43:51,576 [grpc-default-executor-0] INFO  impl.VoteContext (VoteContext.java:log(49)) - c78ebe56-d058-4c98-bec9-45038831407a@group-D5ECA907A9BD-FOLLOWER: accept ELECTION from a354ee2c-6c3e-4107-b9a9-2d7a8532b2a5: our priority 0 <= candidate's priority 0
2023-01-30 12:43:51,576 [grpc-default-executor-0] INFO  server.RaftServer$Division (RaftServerImpl.java:setRole(321)) - c78ebe56-d058-4c98-bec9-45038831407a@group-D5ECA907A9BD: changes role from  FOLLOWER to FOLLOWER at term 1 for candidate:a354ee2c-6c3e-4107-b9a9-2d7a8532b2a5
2023-01-30 12:43:51,576 [grpc-default-executor-0] INFO  impl.RoleInfo (RoleInfo.java:shutdownFollowerState(110)) - c78ebe56-d058-4c98-bec9-45038831407a: shutdown c78ebe56-d058-4c98-bec9-45038831407a@group-D5ECA907A9BD-FollowerState
2023-01-30 12:43:51,578 [c78ebe56-d058-4c98-bec9-45038831407a@group-D5ECA907A9BD-FollowerState] INFO  impl.FollowerState (FollowerState.java:run(152)) - c78ebe56-d058-4c98-bec9-45038831407a@group-D5ECA907A9BD-FollowerState was interrupted
2023-01-30 12:43:51,578 [grpc-default-executor-0] INFO  impl.RoleInfo (RoleInfo.java:updateAndGet(139)) - c78ebe56-d058-4c98-bec9-45038831407a: start c78ebe56-d058-4c98-bec9-45038831407a@group-D5ECA907A9BD-FollowerState
2023-01-30 12:43:51,592 [c78ebe56-d058-4c98-bec9-45038831407a@group-D5ECA907A9BD-FollowerState] INFO  server.RaftServerConfigKeys (ConfUtils.java:logFallback(53)) - raft.server.rpc.first-election.timeout.min = 5s (fallback to raft.server.rpc.timeout.min)
2023-01-30 12:43:51,592 [c78ebe56-d058-4c98-bec9-45038831407a@group-D5ECA907A9BD-FollowerState] INFO  server.RaftServerConfigKeys (ConfUtils.java:logFallback(53)) - raft.server.rpc.first-election.timeout.max = 5200ms (fallback to raft.server.rpc.timeout.max)
2023-01-30 12:43:51,593 [grpc-default-executor-0] INFO  server.RaftServer$Division (RaftServerImpl.java:requestVote(1251)) - c78ebe56-d058-4c98-bec9-45038831407a@group-D5ECA907A9BD replies to ELECTION vote request: a354ee2c-6c3e-4107-b9a9-2d7a8532b2a5<-c78ebe56-d058-4c98-bec9-45038831407a#0:OK-t1. Peer's state: c78ebe56-d058-4c98-bec9-45038831407a@group-D5ECA907A9BD:t1, leader=null, voted=a354ee2c-6c3e-4107-b9a9-2d7a8532b2a5, raftlog=Memoized:c78ebe56-d058-4c98-bec9-45038831407a@group-D5ECA907A9BD-SegmentedRaftLog:OPENED:c-1, conf=-1: peers:[a354ee2c-6c3e-4107-b9a9-2d7a8532b2a5|rpc:10.1.0.50:43337|dataStream:10.1.0.50:38877|priority:0|startupRole:FOLLOWER, 6d351c6b-99d3-43e7-8295-6decaaa133c4|rpc:10.1.0.50:32789|dataStream:10.1.0.50:44213|priority:1|startupRole:FOLLOWER, c78ebe56-d058-4c98-bec9-45038831407a|rpc:10.1.0.50:44927|dataStream:10.1.0.50:43181|priority:0|startupRole:FOLLOWER]|listeners:[], old=null
2023-01-30 12:43:51,598 [grpc-default-executor-0] INFO  server.RaftServer$Division (RaftServerImpl.java:requestVote(1218)) - 6d351c6b-99d3-43e7-8295-6decaaa133c4@group-D5ECA907A9BD: receive requestVote(ELECTION, a354ee2c-6c3e-4107-b9a9-2d7a8532b2a5, group-D5ECA907A9BD, 1, (t:0, i:0))
2023-01-30 12:43:51,599 [grpc-default-executor-0] INFO  impl.VoteContext (VoteContext.java:log(49)) - 6d351c6b-99d3-43e7-8295-6decaaa133c4@group-D5ECA907A9BD-FOLLOWER: reject ELECTION from a354ee2c-6c3e-4107-b9a9-2d7a8532b2a5: our priority 1 > candidate's priority 0
2023-01-30 12:43:51,599 [grpc-default-executor-0] INFO  server.RaftServer$Division (RaftServerImpl.java:setRole(321)) - 6d351c6b-99d3-43e7-8295-6decaaa133c4@group-D5ECA907A9BD: changes role from  FOLLOWER to FOLLOWER at term 1 for candidate:a354ee2c-6c3e-4107-b9a9-2d7a8532b2a5
2023-01-30 12:43:51,599 [grpc-default-executor-0] INFO  impl.RoleInfo (RoleInfo.java:shutdownFollowerState(110)) - 6d351c6b-99d3-43e7-8295-6decaaa133c4: shutdown 6d351c6b-99d3-43e7-8295-6decaaa133c4@group-D5ECA907A9BD-FollowerState
2023-01-30 12:43:51,599 [6d351c6b-99d3-43e7-8295-6decaaa133c4@group-D5ECA907A9BD-FollowerState] INFO  impl.FollowerState (FollowerState.java:run(152)) - 6d351c6b-99d3-43e7-8295-6decaaa133c4@group-D5ECA907A9BD-FollowerState was interrupted
2023-01-30 12:43:51,600 [grpc-default-executor-0] INFO  impl.RoleInfo (RoleInfo.java:updateAndGet(139)) - 6d351c6b-99d3-43e7-8295-6decaaa133c4: start 6d351c6b-99d3-43e7-8295-6decaaa133c4@group-D5ECA907A9BD-FollowerState
2023-01-30 12:43:51,600 [6d351c6b-99d3-43e7-8295-6decaaa133c4@group-D5ECA907A9BD-FollowerState] INFO  server.RaftServerConfigKeys (ConfUtils.java:logFallback(53)) - raft.server.rpc.first-election.timeout.min = 5s (fallback to raft.server.rpc.timeout.min)
2023-01-30 12:43:51,600 [6d351c6b-99d3-43e7-8295-6decaaa133c4@group-D5ECA907A9BD-FollowerState] INFO  server.RaftServerConfigKeys (ConfUtils.java:logFallback(53)) - raft.server.rpc.first-election.timeout.max = 5200ms (fallback to raft.server.rpc.timeout.max)
2023-01-30 12:43:51,601 [grpc-default-executor-0] INFO  server.RaftServer$Division (RaftServerImpl.java:requestVote(1251)) - 6d351c6b-99d3-43e7-8295-6decaaa133c4@group-D5ECA907A9BD replies to ELECTION vote request: a354ee2c-6c3e-4107-b9a9-2d7a8532b2a5<-6d351c6b-99d3-43e7-8295-6decaaa133c4#0:FAIL-t1. Peer's state: 6d351c6b-99d3-43e7-8295-6decaaa133c4@group-D5ECA907A9BD:t1, leader=null, voted=null, raftlog=Memoized:6d351c6b-99d3-43e7-8295-6decaaa133c4@group-D5ECA907A9BD-SegmentedRaftLog:OPENED:c-1, conf=-1: peers:[a354ee2c-6c3e-4107-b9a9-2d7a8532b2a5|rpc:10.1.0.50:43337|dataStream:10.1.0.50:38877|priority:0|startupRole:FOLLOWER, 6d351c6b-99d3-43e7-8295-6decaaa133c4|rpc:10.1.0.50:32789|dataStream:10.1.0.50:44213|priority:1|startupRole:FOLLOWER, c78ebe56-d058-4c98-bec9-45038831407a|rpc:10.1.0.50:44927|dataStream:10.1.0.50:43181|priority:0|startupRole:FOLLOWER]|listeners:[], old=null
2023-01-30 12:43:51,603 [a354ee2c-6c3e-4107-b9a9-2d7a8532b2a5@group-D5ECA907A9BD-LeaderElection5] INFO  impl.LeaderElection (LeaderElection.java:logAndReturn(90)) - a354ee2c-6c3e-4107-b9a9-2d7a8532b2a5@group-D5ECA907A9BD-LeaderElection5: ELECTION REJECTED received 1 response(s) and 0 exception(s):
2023-01-30 12:43:51,603 [a354ee2c-6c3e-4107-b9a9-2d7a8532b2a5@group-D5ECA907A9BD-LeaderElection5] INFO  impl.LeaderElection (LeaderElection.java:logAndReturn(94)) -   Response 0: a354ee2c-6c3e-4107-b9a9-2d7a8532b2a5<-6d351c6b-99d3-43e7-8295-6decaaa133c4#0:FAIL-t1
2023-01-30 12:43:51,603 [a354ee2c-6c3e-4107-b9a9-2d7a8532b2a5@group-D5ECA907A9BD-LeaderElection5] INFO  impl.LeaderElection (LeaderElection.java:askForVotes(314)) - a354ee2c-6c3e-4107-b9a9-2d7a8532b2a5@group-D5ECA907A9BD-LeaderElection5 ELECTION round 0: result REJECTED
2023-01-30 12:43:51,604 [a354ee2c-6c3e-4107-b9a9-2d7a8532b2a5@group-D5ECA907A9BD-LeaderElection5] INFO  server.RaftServer$Division (RaftServerImpl.java:setRole(321)) - a354ee2c-6c3e-4107-b9a9-2d7a8532b2a5@group-D5ECA907A9BD: changes role from CANDIDATE to FOLLOWER at term 1 for REJECTED
2023-01-30 12:43:51,604 [a354ee2c-6c3e-4107-b9a9-2d7a8532b2a5@group-D5ECA907A9BD-LeaderElection5] INFO  impl.RoleInfo (RoleInfo.java:shutdownLeaderElection(130)) - a354ee2c-6c3e-4107-b9a9-2d7a8532b2a5: shutdown a354ee2c-6c3e-4107-b9a9-2d7a8532b2a5@group-D5ECA907A9BD-LeaderElection5
2023-01-30 12:43:51,604 [a354ee2c-6c3e-4107-b9a9-2d7a8532b2a5@group-D5ECA907A9BD-LeaderElection5] INFO  impl.RoleInfo (RoleInfo.java:updateAndGet(139)) - a354ee2c-6c3e-4107-b9a9-2d7a8532b2a5: start a354ee2c-6c3e-4107-b9a9-2d7a8532b2a5@group-D5ECA907A9BD-FollowerState
2023-01-30 12:43:51,605 [a354ee2c-6c3e-4107-b9a9-2d7a8532b2a5@group-D5ECA907A9BD-FollowerState] INFO  server.RaftServerConfigKeys (ConfUtils.java:logFallback(53)) - raft.server.rpc.first-election.timeout.min = 5s (fallback to raft.server.rpc.timeout.min)
2023-01-30 12:43:51,606 [a354ee2c-6c3e-4107-b9a9-2d7a8532b2a5@group-D5ECA907A9BD-FollowerState] INFO  server.RaftServerConfigKeys (ConfUtils.java:logFallback(53)) - raft.server.rpc.first-election.timeout.max = 5200ms (fallback to raft.server.rpc.timeout.max)
2023-01-30 12:43:51,681 [6d351c6b-99d3-43e7-8295-6decaaa133c4@group-EC97F69EAB04-FollowerState] INFO  impl.FollowerState (FollowerState.java:run(143)) - 6d351c6b-99d3-43e7-8295-6decaaa133c4@group-EC97F69EAB04-FollowerState: change to CANDIDATE, lastRpcElapsedTime:5116632914ns, electionTimeout:5114ms
2023-01-30 12:43:51,681 [6d351c6b-99d3-43e7-8295-6decaaa133c4@group-EC97F69EAB04-FollowerState] INFO  impl.RoleInfo (RoleInfo.java:shutdownFollowerState(110)) - 6d351c6b-99d3-43e7-8295-6decaaa133c4: shutdown 6d351c6b-99d3-43e7-8295-6decaaa133c4@group-EC97F69EAB04-FollowerState
2023-01-30 12:43:51,681 [6d351c6b-99d3-43e7-8295-6decaaa133c4@group-EC97F69EAB04-FollowerState] INFO  server.RaftServer$Division (RaftServerImpl.java:setRole(321)) - 6d351c6b-99d3-43e7-8295-6decaaa133c4@group-EC97F69EAB04: changes role from  FOLLOWER to CANDIDATE at term 0 for changeToCandidate
2023-01-30 12:43:51,682 [6d351c6b-99d3-43e7-8295-6decaaa133c4@group-EC97F69EAB04-FollowerState] INFO  server.RaftServerConfigKeys (ConfUtils.java:logGet(46)) - raft.server.leaderelection.pre-vote = false (custom)
2023-01-30 12:43:51,682 [6d351c6b-99d3-43e7-8295-6decaaa133c4@group-EC97F69EAB04-FollowerState] INFO  impl.RoleInfo (RoleInfo.java:updateAndGet(139)) - 6d351c6b-99d3-43e7-8295-6decaaa133c4: start 6d351c6b-99d3-43e7-8295-6decaaa133c4@group-EC97F69EAB04-LeaderElection6
2023-01-30 12:43:51,686 [6d351c6b-99d3-43e7-8295-6decaaa133c4@group-EC97F69EAB04-LeaderElection6] INFO  impl.LeaderElection (LeaderElection.java:askForVotes(312)) - 6d351c6b-99d3-43e7-8295-6decaaa133c4@group-EC97F69EAB04-LeaderElection6 ELECTION round 0: submit vote requests at term 1 for -1: peers:[6d351c6b-99d3-43e7-8295-6decaaa133c4|rpc:10.1.0.50:32789|dataStream:10.1.0.50:44213|priority:1|startupRole:FOLLOWER]|listeners:[], old=null
2023-01-30 12:43:51,686 [6d351c6b-99d3-43e7-8295-6decaaa133c4@group-EC97F69EAB04-LeaderElection6] INFO  impl.LeaderElection (LeaderElection.java:askForVotes(314)) - 6d351c6b-99d3-43e7-8295-6decaaa133c4@group-EC97F69EAB04-LeaderElection6 ELECTION round 0: result PASSED (term=1)
2023-01-30 12:43:51,686 [6d351c6b-99d3-43e7-8295-6decaaa133c4@group-EC97F69EAB04-LeaderElection6] INFO  impl.RoleInfo (RoleInfo.java:shutdownLeaderElection(130)) - 6d351c6b-99d3-43e7-8295-6decaaa133c4: shutdown 6d351c6b-99d3-43e7-8295-6decaaa133c4@group-EC97F69EAB04-LeaderElection6
2023-01-30 12:43:51,686 [6d351c6b-99d3-43e7-8295-6decaaa133c4@group-EC97F69EAB04-LeaderElection6] INFO  server.RaftServer$Division (RaftServerImpl.java:setRole(321)) - 6d351c6b-99d3-43e7-8295-6decaaa133c4@group-EC97F69EAB04: changes role from CANDIDATE to LEADER at term 1 for changeToLeader
2023-01-30 12:43:51,686 [6d351c6b-99d3-43e7-8295-6decaaa133c4@group-EC97F69EAB04-LeaderElection6] INFO  ratis.XceiverServerRatis (XceiverServerRatis.java:handleLeaderChangedNotification(904)) - Leader change notification received for group: group-EC97F69EAB04 with new leaderId: 6d351c6b-99d3-43e7-8295-6decaaa133c4
2023-01-30 12:43:51,686 [6d351c6b-99d3-43e7-8295-6decaaa133c4@group-EC97F69EAB04-LeaderElection6] INFO  server.RaftServer$Division (ServerState.java:setLeader(313)) - 6d351c6b-99d3-43e7-8295-6decaaa133c4@group-EC97F69EAB04: change Leader from null to 6d351c6b-99d3-43e7-8295-6decaaa133c4 at term 1 for becomeLeader, leader elected after 5156ms
2023-01-30 12:43:51,687 [6d351c6b-99d3-43e7-8295-6decaaa133c4@group-EC97F69EAB04-LeaderElection6] INFO  server.RaftServerConfigKeys (ConfUtils.java:logGet(46)) - raft.server.staging.catchup.gap = 1000 (default)
2023-01-30 12:43:51,687 [6d351c6b-99d3-43e7-8295-6decaaa133c4@group-EC97F69EAB04-LeaderElection6] INFO  server.RaftServerConfigKeys (ConfUtils.java:logGet(46)) - raft.server.write.element-limit = 1024 (custom)
2023-01-30 12:43:51,687 [6d351c6b-99d3-43e7-8295-6decaaa133c4@group-EC97F69EAB04-LeaderElection6] INFO  server.RaftServerConfigKeys (ConfUtils.java:logGet(46)) - raft.server.write.byte-limit = 1024 M (=1073741824) (custom)
2023-01-30 12:43:51,688 [EventQueue-OpenPipelineForHealthyPipelineSafeModeRule] INFO  safemode.SCMSafeModeManager (HealthyPipelineSafeModeRule.java:process(137)) - SCM in safe mode. Healthy pipelines reported count is 0, required healthy pipeline reported count is 1
2023-01-30 12:43:51,689 [6d351c6b-99d3-43e7-8295-6decaaa133c4@group-EC97F69EAB04-LeaderElection6] INFO  server.RaftServerConfigKeys (ConfUtils.java:logGet(46)) - raft.server.watch.timeout = 180s (custom)
2023-01-30 12:43:51,689 [6d351c6b-99d3-43e7-8295-6decaaa133c4@group-EC97F69EAB04-LeaderElection6] INFO  server.RaftServerConfigKeys (ConfUtils.java:logGet(46)) - raft.server.watch.timeout.denomination = 1s (default)
2023-01-30 12:43:51,689 [6d351c6b-99d3-43e7-8295-6decaaa133c4@group-EC97F69EAB04-LeaderElection6] INFO  server.RaftServerConfigKeys (ConfUtils.java:logGet(46)) - raft.server.watch.element-limit = 65536 (default)
2023-01-30 12:43:51,689 [6d351c6b-99d3-43e7-8295-6decaaa133c4@group-EC97F69EAB04-LeaderElection6] INFO  server.RaftServerConfigKeys (ConfUtils.java:logGet(46)) - raft.server.write.element-limit = 1024 (custom)
2023-01-30 12:43:51,689 [6d351c6b-99d3-43e7-8295-6decaaa133c4@group-EC97F69EAB04-LeaderElection6] INFO  server.RaftServerConfigKeys (ConfUtils.java:logGet(46)) - raft.server.write.follower.gap.ratio.max = -1.0 (default)
2023-01-30 12:43:51,689 [6d351c6b-99d3-43e7-8295-6decaaa133c4@group-EC97F69EAB04-LeaderElection6] INFO  impl.RoleInfo (RoleInfo.java:updateAndGet(139)) - 6d351c6b-99d3-43e7-8295-6decaaa133c4: start 6d351c6b-99d3-43e7-8295-6decaaa133c4@group-EC97F69EAB04-LeaderStateImpl
2023-01-30 12:43:51,689 [6d351c6b-99d3-43e7-8295-6decaaa133c4@group-EC97F69EAB04-LeaderElection6] INFO  segmented.SegmentedRaftLogWorker (SegmentedRaftLogWorker.java:startLogSegment(452)) - 6d351c6b-99d3-43e7-8295-6decaaa133c4@group-EC97F69EAB04-SegmentedRaftLogWorker: Starting segment from index:0
2023-01-30 12:43:51,690 [6d351c6b-99d3-43e7-8295-6decaaa133c4@group-EC97F69EAB04-LeaderElection6] INFO  server.RaftServer$Division (ServerState.java:setRaftConf(430)) - 6d351c6b-99d3-43e7-8295-6decaaa133c4@group-EC97F69EAB04: set configuration 0: peers:[6d351c6b-99d3-43e7-8295-6decaaa133c4|rpc:10.1.0.50:32789|dataStream:10.1.0.50:44213|priority:1|startupRole:FOLLOWER]|listeners:[], old=null
2023-01-30 12:43:51,693 [6d351c6b-99d3-43e7-8295-6decaaa133c4@group-EC97F69EAB04-SegmentedRaftLogWorker] INFO  segmented.SegmentedRaftLogWorker (SegmentedRaftLogWorker.java:execute(656)) - 6d351c6b-99d3-43e7-8295-6decaaa133c4@group-EC97F69EAB04-SegmentedRaftLogWorker: created new log segment /home/runner/work/ozone/ozone/hadoop-ozone/integration-test/target/test-dir/MiniOzoneClusterImpl-3373c666-e21d-449e-a922-fde15befd7fc/datanode-2/data/ratis/cfd230af-e174-4474-a478-ec97f69eab04/current/log_inprogress_0
2023-01-30 12:43:51,951 [4161fb15-5f04-4edd-aa04-1f821408f5fb@group-8828EFBD05B2-FollowerState] INFO  impl.FollowerState (FollowerState.java:run(143)) - 4161fb15-5f04-4edd-aa04-1f821408f5fb@group-8828EFBD05B2-FollowerState: change to CANDIDATE, lastRpcElapsedTime:5044475160ns, electionTimeout:5034ms
2023-01-30 12:43:51,951 [4161fb15-5f04-4edd-aa04-1f821408f5fb@group-8828EFBD05B2-FollowerState] INFO  impl.RoleInfo (RoleInfo.java:shutdownFollowerState(110)) - 4161fb15-5f04-4edd-aa04-1f821408f5fb: shutdown 4161fb15-5f04-4edd-aa04-1f821408f5fb@group-8828EFBD05B2-FollowerState
2023-01-30 12:43:51,951 [4161fb15-5f04-4edd-aa04-1f821408f5fb@group-8828EFBD05B2-FollowerState] INFO  server.RaftServer$Division (RaftServerImpl.java:setRole(321)) - 4161fb15-5f04-4edd-aa04-1f821408f5fb@group-8828EFBD05B2: changes role from  FOLLOWER to CANDIDATE at term 0 for changeToCandidate
2023-01-30 12:43:51,952 [4161fb15-5f04-4edd-aa04-1f821408f5fb@group-8828EFBD05B2-FollowerState] INFO  server.RaftServerConfigKeys (ConfUtils.java:logGet(46)) - raft.server.leaderelection.pre-vote = false (custom)
2023-01-30 12:43:51,952 [4161fb15-5f04-4edd-aa04-1f821408f5fb@group-8828EFBD05B2-FollowerState] INFO  impl.RoleInfo (RoleInfo.java:updateAndGet(139)) - 4161fb15-5f04-4edd-aa04-1f821408f5fb: start 4161fb15-5f04-4edd-aa04-1f821408f5fb@group-8828EFBD05B2-LeaderElection7
2023-01-30 12:43:51,955 [4161fb15-5f04-4edd-aa04-1f821408f5fb@group-8828EFBD05B2-LeaderElection7] INFO  impl.LeaderElection (LeaderElection.java:askForVotes(312)) - 4161fb15-5f04-4edd-aa04-1f821408f5fb@group-8828EFBD05B2-LeaderElection7 ELECTION round 0: submit vote requests at term 1 for -1: peers:[4161fb15-5f04-4edd-aa04-1f821408f5fb|rpc:10.1.0.50:35253|dataStream:10.1.0.50:40011|priority:1|startupRole:FOLLOWER]|listeners:[], old=null
2023-01-30 12:43:51,955 [4161fb15-5f04-4edd-aa04-1f821408f5fb@group-8828EFBD05B2-LeaderElection7] INFO  impl.LeaderElection (LeaderElection.java:askForVotes(314)) - 4161fb15-5f04-4edd-aa04-1f821408f5fb@group-8828EFBD05B2-LeaderElection7 ELECTION round 0: result PASSED (term=1)
2023-01-30 12:43:51,955 [4161fb15-5f04-4edd-aa04-1f821408f5fb@group-8828EFBD05B2-LeaderElection7] INFO  impl.RoleInfo (RoleInfo.java:shutdownLeaderElection(130)) - 4161fb15-5f04-4edd-aa04-1f821408f5fb: shutdown 4161fb15-5f04-4edd-aa04-1f821408f5fb@group-8828EFBD05B2-LeaderElection7
2023-01-30 12:43:51,955 [4161fb15-5f04-4edd-aa04-1f821408f5fb@group-8828EFBD05B2-LeaderElection7] INFO  server.RaftServer$Division (RaftServerImpl.java:setRole(321)) - 4161fb15-5f04-4edd-aa04-1f821408f5fb@group-8828EFBD05B2: changes role from CANDIDATE to LEADER at term 1 for changeToLeader
2023-01-30 12:43:51,955 [4161fb15-5f04-4edd-aa04-1f821408f5fb@group-8828EFBD05B2-LeaderElection7] INFO  ratis.XceiverServerRatis (XceiverServerRatis.java:handleLeaderChangedNotification(904)) - Leader change notification received for group: group-8828EFBD05B2 with new leaderId: 4161fb15-5f04-4edd-aa04-1f821408f5fb
2023-01-30 12:43:51,955 [4161fb15-5f04-4edd-aa04-1f821408f5fb@group-8828EFBD05B2-LeaderElection7] INFO  server.RaftServer$Division (ServerState.java:setLeader(313)) - 4161fb15-5f04-4edd-aa04-1f821408f5fb@group-8828EFBD05B2: change Leader from null to 4161fb15-5f04-4edd-aa04-1f821408f5fb at term 1 for becomeLeader, leader elected after 5068ms
2023-01-30 12:43:51,955 [4161fb15-5f04-4edd-aa04-1f821408f5fb@group-8828EFBD05B2-LeaderElection7] INFO  server.RaftServerConfigKeys (ConfUtils.java:logGet(46)) - raft.server.staging.catchup.gap = 1000 (default)
2023-01-30 12:43:51,957 [EventQueue-OpenPipelineForHealthyPipelineSafeModeRule] INFO  safemode.SCMSafeModeManager (HealthyPipelineSafeModeRule.java:process(137)) - SCM in safe mode. Healthy pipelines reported count is 0, required healthy pipeline reported count is 1
2023-01-30 12:43:51,957 [4161fb15-5f04-4edd-aa04-1f821408f5fb@group-8828EFBD05B2-LeaderElection7] INFO  server.RaftServerConfigKeys (ConfUtils.java:logGet(46)) - raft.server.write.element-limit = 1024 (custom)
2023-01-30 12:43:51,957 [4161fb15-5f04-4edd-aa04-1f821408f5fb@group-8828EFBD05B2-LeaderElection7] INFO  server.RaftServerConfigKeys (ConfUtils.java:logGet(46)) - raft.server.write.byte-limit = 1024 M (=1073741824) (custom)
2023-01-30 12:43:51,957 [4161fb15-5f04-4edd-aa04-1f821408f5fb@group-8828EFBD05B2-LeaderElection7] INFO  server.RaftServerConfigKeys (ConfUtils.java:logGet(46)) - raft.server.watch.timeout = 180s (custom)
2023-01-30 12:43:51,958 [4161fb15-5f04-4edd-aa04-1f821408f5fb@group-8828EFBD05B2-LeaderElection7] INFO  server.RaftServerConfigKeys (ConfUtils.java:logGet(46)) - raft.server.watch.timeout.denomination = 1s (default)
2023-01-30 12:43:51,958 [4161fb15-5f04-4edd-aa04-1f821408f5fb@group-8828EFBD05B2-LeaderElection7] INFO  server.RaftServerConfigKeys (ConfUtils.java:logGet(46)) - raft.server.watch.element-limit = 65536 (default)
2023-01-30 12:43:51,958 [4161fb15-5f04-4edd-aa04-1f821408f5fb@group-8828EFBD05B2-LeaderElection7] INFO  server.RaftServerConfigKeys (ConfUtils.java:logGet(46)) - raft.server.write.element-limit = 1024 (custom)
2023-01-30 12:43:51,958 [4161fb15-5f04-4edd-aa04-1f821408f5fb@group-8828EFBD05B2-LeaderElection7] INFO  server.RaftServerConfigKeys (ConfUtils.java:logGet(46)) - raft.server.write.follower.gap.ratio.max = -1.0 (default)
2023-01-30 12:43:51,958 [4161fb15-5f04-4edd-aa04-1f821408f5fb@group-8828EFBD05B2-LeaderElection7] INFO  impl.RoleInfo (RoleInfo.java:updateAndGet(139)) - 4161fb15-5f04-4edd-aa04-1f821408f5fb: start 4161fb15-5f04-4edd-aa04-1f821408f5fb@group-8828EFBD05B2-LeaderStateImpl
2023-01-30 12:43:51,958 [4161fb15-5f04-4edd-aa04-1f821408f5fb@group-8828EFBD05B2-LeaderElection7] INFO  segmented.SegmentedRaftLogWorker (SegmentedRaftLogWorker.java:startLogSegment(452)) - 4161fb15-5f04-4edd-aa04-1f821408f5fb@group-8828EFBD05B2-SegmentedRaftLogWorker: Starting segment from index:0
2023-01-30 12:43:51,959 [4161fb15-5f04-4edd-aa04-1f821408f5fb@group-8828EFBD05B2-SegmentedRaftLogWorker] INFO  segmented.SegmentedRaftLogWorker (SegmentedRaftLogWorker.java:execute(656)) - 4161fb15-5f04-4edd-aa04-1f821408f5fb@group-8828EFBD05B2-SegmentedRaftLogWorker: created new log segment /home/runner/work/ozone/ozone/hadoop-ozone/integration-test/target/test-dir/MiniOzoneClusterImpl-3373c666-e21d-449e-a922-fde15befd7fc/datanode-3/data/ratis/3fb0d60b-1dfa-44a0-8481-8828efbd05b2/current/log_inprogress_0
2023-01-30 12:43:51,960 [4161fb15-5f04-4edd-aa04-1f821408f5fb@group-8828EFBD05B2-LeaderElection7] INFO  server.RaftServer$Division (ServerState.java:setRaftConf(430)) - 4161fb15-5f04-4edd-aa04-1f821408f5fb@group-8828EFBD05B2: set configuration 0: peers:[4161fb15-5f04-4edd-aa04-1f821408f5fb|rpc:10.1.0.50:35253|dataStream:10.1.0.50:40011|priority:1|startupRole:FOLLOWER]|listeners:[], old=null
2023-01-30 12:43:52,191 [Listener at 127.0.0.1/45319] INFO  ozone.MiniOzoneClusterImpl (MiniOzoneClusterImpl.java:lambda$waitForClusterToBeReady$0(218)) - Nodes are ready. Got 7 of 7 DN Heartbeats.
2023-01-30 12:43:52,191 [Listener at 127.0.0.1/45319] INFO  ozone.MiniOzoneClusterImpl (MiniOzoneClusterImpl.java:lambda$waitForClusterToBeReady$0(221)) - Waiting for cluster to exit safe mode
2023-01-30 12:43:52,191 [Listener at 127.0.0.1/45319] INFO  ozone.MiniOzoneClusterImpl (MiniOzoneClusterImpl.java:lambda$waitForClusterToBeReady$0(223)) - SCM became leader
2023-01-30 12:43:52,323 [4161fb15-5f04-4edd-aa04-1f821408f5fb@group-0E692FA02320-FollowerState] INFO  impl.FollowerState (FollowerState.java:run(143)) - 4161fb15-5f04-4edd-aa04-1f821408f5fb@group-0E692FA02320-FollowerState: change to CANDIDATE, lastRpcElapsedTime:5152682742ns, electionTimeout:5148ms
2023-01-30 12:43:52,323 [4161fb15-5f04-4edd-aa04-1f821408f5fb@group-0E692FA02320-FollowerState] INFO  impl.RoleInfo (RoleInfo.java:shutdownFollowerState(110)) - 4161fb15-5f04-4edd-aa04-1f821408f5fb: shutdown 4161fb15-5f04-4edd-aa04-1f821408f5fb@group-0E692FA02320-FollowerState
2023-01-30 12:43:52,323 [4161fb15-5f04-4edd-aa04-1f821408f5fb@group-0E692FA02320-FollowerState] INFO  server.RaftServer$Division (RaftServerImpl.java:setRole(321)) - 4161fb15-5f04-4edd-aa04-1f821408f5fb@group-0E692FA02320: changes role from  FOLLOWER to CANDIDATE at term 0 for changeToCandidate
2023-01-30 12:43:52,324 [4161fb15-5f04-4edd-aa04-1f821408f5fb@group-0E692FA02320-FollowerState] INFO  server.RaftServerConfigKeys (ConfUtils.java:logGet(46)) - raft.server.leaderelection.pre-vote = false (custom)
2023-01-30 12:43:52,324 [4161fb15-5f04-4edd-aa04-1f821408f5fb@group-0E692FA02320-FollowerState] INFO  impl.RoleInfo (RoleInfo.java:updateAndGet(139)) - 4161fb15-5f04-4edd-aa04-1f821408f5fb: start 4161fb15-5f04-4edd-aa04-1f821408f5fb@group-0E692FA02320-LeaderElection8
2023-01-30 12:43:52,327 [4161fb15-5f04-4edd-aa04-1f821408f5fb@group-0E692FA02320-LeaderElection8] INFO  impl.LeaderElection (LeaderElection.java:askForVotes(312)) - 4161fb15-5f04-4edd-aa04-1f821408f5fb@group-0E692FA02320-LeaderElection8 ELECTION round 0: submit vote requests at term 1 for -1: peers:[a2abf3cf-345e-42e4-b42a-21ce73543136|rpc:10.1.0.50:35561|dataStream:10.1.0.50:41135|priority:0|startupRole:FOLLOWER, 4161fb15-5f04-4edd-aa04-1f821408f5fb|rpc:10.1.0.50:35253|dataStream:10.1.0.50:40011|priority:0|startupRole:FOLLOWER, b85ec12f-6d7c-420e-915b-fc0cfcf21520|rpc:10.1.0.50:35341|dataStream:10.1.0.50:45259|priority:1|startupRole:FOLLOWER]|listeners:[], old=null
2023-01-30 12:43:52,327 [4161fb15-5f04-4edd-aa04-1f821408f5fb@group-0E692FA02320-LeaderElection8] INFO  server.RaftServerConfigKeys (ConfUtils.java:logFallback(53)) - raft.server.rpc.first-election.timeout.min = 5s (fallback to raft.server.rpc.timeout.min)
2023-01-30 12:43:52,327 [4161fb15-5f04-4edd-aa04-1f821408f5fb@group-0E692FA02320-LeaderElection8-1] INFO  server.GrpcServerProtocolClient (GrpcServerProtocolClient.java:<init>(63)) - Build channel for a2abf3cf-345e-42e4-b42a-21ce73543136
2023-01-30 12:43:52,328 [4161fb15-5f04-4edd-aa04-1f821408f5fb@group-0E692FA02320-LeaderElection8-2] INFO  server.GrpcServerProtocolClient (GrpcServerProtocolClient.java:<init>(63)) - Build channel for b85ec12f-6d7c-420e-915b-fc0cfcf21520
2023-01-30 12:43:52,327 [4161fb15-5f04-4edd-aa04-1f821408f5fb@group-0E692FA02320-LeaderElection8] INFO  server.RaftServerConfigKeys (ConfUtils.java:logFallback(53)) - raft.server.rpc.first-election.timeout.max = 5200ms (fallback to raft.server.rpc.timeout.max)
2023-01-30 12:43:52,339 [b85ec12f-6d7c-420e-915b-fc0cfcf21520@group-0E692FA02320-FollowerState] INFO  impl.FollowerState (FollowerState.java:run(143)) - b85ec12f-6d7c-420e-915b-fc0cfcf21520@group-0E692FA02320-FollowerState: change to CANDIDATE, lastRpcElapsedTime:5044621459ns, electionTimeout:5038ms
2023-01-30 12:43:52,339 [b85ec12f-6d7c-420e-915b-fc0cfcf21520@group-0E692FA02320-FollowerState] INFO  impl.RoleInfo (RoleInfo.java:shutdownFollowerState(110)) - b85ec12f-6d7c-420e-915b-fc0cfcf21520: shutdown b85ec12f-6d7c-420e-915b-fc0cfcf21520@group-0E692FA02320-FollowerState
2023-01-30 12:43:52,339 [b85ec12f-6d7c-420e-915b-fc0cfcf21520@group-0E692FA02320-FollowerState] INFO  server.RaftServer$Division (RaftServerImpl.java:setRole(321)) - b85ec12f-6d7c-420e-915b-fc0cfcf21520@group-0E692FA02320: changes role from  FOLLOWER to CANDIDATE at term 0 for changeToCandidate
2023-01-30 12:43:52,343 [grpc-default-executor-0] INFO  server.RaftServer$Division (RaftServerImpl.java:requestVote(1218)) - a2abf3cf-345e-42e4-b42a-21ce73543136@group-0E692FA02320: receive requestVote(ELECTION, 4161fb15-5f04-4edd-aa04-1f821408f5fb, group-0E692FA02320, 1, (t:0, i:0))
2023-01-30 12:43:52,343 [grpc-default-executor-0] INFO  impl.VoteContext (VoteContext.java:log(49)) - a2abf3cf-345e-42e4-b42a-21ce73543136@group-0E692FA02320-FOLLOWER: accept ELECTION from 4161fb15-5f04-4edd-aa04-1f821408f5fb: our priority 0 <= candidate's priority 0
2023-01-30 12:43:52,343 [grpc-default-executor-0] INFO  server.RaftServer$Division (RaftServerImpl.java:setRole(321)) - a2abf3cf-345e-42e4-b42a-21ce73543136@group-0E692FA02320: changes role from  FOLLOWER to FOLLOWER at term 1 for candidate:4161fb15-5f04-4edd-aa04-1f821408f5fb
2023-01-30 12:43:52,343 [grpc-default-executor-0] INFO  impl.RoleInfo (RoleInfo.java:shutdownFollowerState(110)) - a2abf3cf-345e-42e4-b42a-21ce73543136: shutdown a2abf3cf-345e-42e4-b42a-21ce73543136@group-0E692FA02320-FollowerState
2023-01-30 12:43:52,343 [grpc-default-executor-0] INFO  impl.RoleInfo (RoleInfo.java:updateAndGet(139)) - a2abf3cf-345e-42e4-b42a-21ce73543136: start a2abf3cf-345e-42e4-b42a-21ce73543136@group-0E692FA02320-FollowerState
2023-01-30 12:43:52,343 [a2abf3cf-345e-42e4-b42a-21ce73543136@group-0E692FA02320-FollowerState] INFO  impl.FollowerState (FollowerState.java:run(152)) - a2abf3cf-345e-42e4-b42a-21ce73543136@group-0E692FA02320-FollowerState was interrupted
2023-01-30 12:43:52,343 [grpc-default-executor-1] INFO  server.RaftServer$Division (RaftServerImpl.java:requestVote(1218)) - b85ec12f-6d7c-420e-915b-fc0cfcf21520@group-0E692FA02320: receive requestVote(ELECTION, 4161fb15-5f04-4edd-aa04-1f821408f5fb, group-0E692FA02320, 1, (t:0, i:0))
2023-01-30 12:43:52,347 [b85ec12f-6d7c-420e-915b-fc0cfcf21520@group-0E692FA02320-FollowerState] INFO  server.RaftServerConfigKeys (ConfUtils.java:logGet(46)) - raft.server.leaderelection.pre-vote = false (custom)
2023-01-30 12:43:52,347 [b85ec12f-6d7c-420e-915b-fc0cfcf21520@group-0E692FA02320-FollowerState] INFO  impl.RoleInfo (RoleInfo.java:updateAndGet(139)) - b85ec12f-6d7c-420e-915b-fc0cfcf21520: start b85ec12f-6d7c-420e-915b-fc0cfcf21520@group-0E692FA02320-LeaderElection9
2023-01-30 12:43:52,347 [grpc-default-executor-0] INFO  server.RaftServer$Division (RaftServerImpl.java:requestVote(1251)) - a2abf3cf-345e-42e4-b42a-21ce73543136@group-0E692FA02320 replies to ELECTION vote request: 4161fb15-5f04-4edd-aa04-1f821408f5fb<-a2abf3cf-345e-42e4-b42a-21ce73543136#0:OK-t1. Peer's state: a2abf3cf-345e-42e4-b42a-21ce73543136@group-0E692FA02320:t1, leader=null, voted=4161fb15-5f04-4edd-aa04-1f821408f5fb, raftlog=Memoized:a2abf3cf-345e-42e4-b42a-21ce73543136@group-0E692FA02320-SegmentedRaftLog:OPENED:c-1, conf=-1: peers:[a2abf3cf-345e-42e4-b42a-21ce73543136|rpc:10.1.0.50:35561|dataStream:10.1.0.50:41135|priority:0|startupRole:FOLLOWER, 4161fb15-5f04-4edd-aa04-1f821408f5fb|rpc:10.1.0.50:35253|dataStream:10.1.0.50:40011|priority:0|startupRole:FOLLOWER, b85ec12f-6d7c-420e-915b-fc0cfcf21520|rpc:10.1.0.50:35341|dataStream:10.1.0.50:45259|priority:1|startupRole:FOLLOWER]|listeners:[], old=null
2023-01-30 12:43:52,349 [grpc-default-executor-1] INFO  impl.VoteContext (VoteContext.java:log(49)) - b85ec12f-6d7c-420e-915b-fc0cfcf21520@group-0E692FA02320-CANDIDATE: reject ELECTION from 4161fb15-5f04-4edd-aa04-1f821408f5fb: our priority 1 > candidate's priority 0
2023-01-30 12:43:52,349 [grpc-default-executor-1] INFO  server.RaftServer$Division (RaftServerImpl.java:setRole(321)) - b85ec12f-6d7c-420e-915b-fc0cfcf21520@group-0E692FA02320: changes role from CANDIDATE to FOLLOWER at term 1 for candidate:4161fb15-5f04-4edd-aa04-1f821408f5fb
2023-01-30 12:43:52,349 [grpc-default-executor-1] INFO  impl.RoleInfo (RoleInfo.java:shutdownLeaderElection(130)) - b85ec12f-6d7c-420e-915b-fc0cfcf21520: shutdown b85ec12f-6d7c-420e-915b-fc0cfcf21520@group-0E692FA02320-LeaderElection9
2023-01-30 12:43:52,349 [grpc-default-executor-1] INFO  impl.RoleInfo (RoleInfo.java:updateAndGet(139)) - b85ec12f-6d7c-420e-915b-fc0cfcf21520: start b85ec12f-6d7c-420e-915b-fc0cfcf21520@group-0E692FA02320-FollowerState
2023-01-30 12:43:52,350 [a2abf3cf-345e-42e4-b42a-21ce73543136@group-0E692FA02320-FollowerState] INFO  server.RaftServerConfigKeys (ConfUtils.java:logFallback(53)) - raft.server.rpc.first-election.timeout.min = 5s (fallback to raft.server.rpc.timeout.min)
2023-01-30 12:43:52,352 [b85ec12f-6d7c-420e-915b-fc0cfcf21520@group-0E692FA02320-FollowerState] INFO  server.RaftServerConfigKeys (ConfUtils.java:logFallback(53)) - raft.server.rpc.first-election.timeout.min = 5s (fallback to raft.server.rpc.timeout.min)
2023-01-30 12:43:52,353 [a2abf3cf-345e-42e4-b42a-21ce73543136@group-0E692FA02320-FollowerState] INFO  server.RaftServerConfigKeys (ConfUtils.java:logFallback(53)) - raft.server.rpc.first-election.timeout.max = 5200ms (fallback to raft.server.rpc.timeout.max)
2023-01-30 12:43:52,354 [b85ec12f-6d7c-420e-915b-fc0cfcf21520@group-0E692FA02320-FollowerState] INFO  server.RaftServerConfigKeys (ConfUtils.java:logFallback(53)) - raft.server.rpc.first-election.timeout.max = 5200ms (fallback to raft.server.rpc.timeout.max)
2023-01-30 12:43:52,352 [grpc-default-executor-1] INFO  server.RaftServer$Division (RaftServerImpl.java:requestVote(1251)) - b85ec12f-6d7c-420e-915b-fc0cfcf21520@group-0E692FA02320 replies to ELECTION vote request: 4161fb15-5f04-4edd-aa04-1f821408f5fb<-b85ec12f-6d7c-420e-915b-fc0cfcf21520#0:FAIL-t1. Peer's state: b85ec12f-6d7c-420e-915b-fc0cfcf21520@group-0E692FA02320:t1, leader=null, voted=null, raftlog=Memoized:b85ec12f-6d7c-420e-915b-fc0cfcf21520@group-0E692FA02320-SegmentedRaftLog:OPENED:c-1, conf=-1: peers:[a2abf3cf-345e-42e4-b42a-21ce73543136|rpc:10.1.0.50:35561|dataStream:10.1.0.50:41135|priority:0|startupRole:FOLLOWER, 4161fb15-5f04-4edd-aa04-1f821408f5fb|rpc:10.1.0.50:35253|dataStream:10.1.0.50:40011|priority:0|startupRole:FOLLOWER, b85ec12f-6d7c-420e-915b-fc0cfcf21520|rpc:10.1.0.50:35341|dataStream:10.1.0.50:45259|priority:1|startupRole:FOLLOWER]|listeners:[], old=null
2023-01-30 12:43:52,355 [4161fb15-5f04-4edd-aa04-1f821408f5fb@group-0E692FA02320-LeaderElection8] INFO  impl.LeaderElection (LeaderElection.java:logAndReturn(90)) - 4161fb15-5f04-4edd-aa04-1f821408f5fb@group-0E692FA02320-LeaderElection8: ELECTION REJECTED received 2 response(s) and 0 exception(s):
2023-01-30 12:43:52,355 [4161fb15-5f04-4edd-aa04-1f821408f5fb@group-0E692FA02320-LeaderElection8] INFO  impl.LeaderElection (LeaderElection.java:logAndReturn(94)) -   Response 0: 4161fb15-5f04-4edd-aa04-1f821408f5fb<-a2abf3cf-345e-42e4-b42a-21ce73543136#0:OK-t1
2023-01-30 12:43:52,355 [4161fb15-5f04-4edd-aa04-1f821408f5fb@group-0E692FA02320-LeaderElection8] INFO  impl.LeaderElection (LeaderElection.java:logAndReturn(94)) -   Response 1: 4161fb15-5f04-4edd-aa04-1f821408f5fb<-b85ec12f-6d7c-420e-915b-fc0cfcf21520#0:FAIL-t1
2023-01-30 12:43:52,355 [4161fb15-5f04-4edd-aa04-1f821408f5fb@group-0E692FA02320-LeaderElection8] INFO  impl.LeaderElection (LeaderElection.java:askForVotes(314)) - 4161fb15-5f04-4edd-aa04-1f821408f5fb@group-0E692FA02320-LeaderElection8 ELECTION round 0: result REJECTED
2023-01-30 12:43:52,355 [4161fb15-5f04-4edd-aa04-1f821408f5fb@group-0E692FA02320-LeaderElection8] INFO  server.RaftServer$Division (RaftServerImpl.java:setRole(321)) - 4161fb15-5f04-4edd-aa04-1f821408f5fb@group-0E692FA02320: changes role from CANDIDATE to FOLLOWER at term 1 for REJECTED
2023-01-30 12:43:52,355 [4161fb15-5f04-4edd-aa04-1f821408f5fb@group-0E692FA02320-LeaderElection8] INFO  impl.RoleInfo (RoleInfo.java:shutdownLeaderElection(130)) - 4161fb15-5f04-4edd-aa04-1f821408f5fb: shutdown 4161fb15-5f04-4edd-aa04-1f821408f5fb@group-0E692FA02320-LeaderElection8
2023-01-30 12:43:52,355 [4161fb15-5f04-4edd-aa04-1f821408f5fb@group-0E692FA02320-LeaderElection8] INFO  impl.RoleInfo (RoleInfo.java:updateAndGet(139)) - 4161fb15-5f04-4edd-aa04-1f821408f5fb: start 4161fb15-5f04-4edd-aa04-1f821408f5fb@group-0E692FA02320-FollowerState
2023-01-30 12:43:52,362 [4161fb15-5f04-4edd-aa04-1f821408f5fb@group-0E692FA02320-FollowerState] INFO  server.RaftServerConfigKeys (ConfUtils.java:logFallback(53)) - raft.server.rpc.first-election.timeout.min = 5s (fallback to raft.server.rpc.timeout.min)
2023-01-30 12:43:52,363 [4161fb15-5f04-4edd-aa04-1f821408f5fb@group-0E692FA02320-FollowerState] INFO  server.RaftServerConfigKeys (ConfUtils.java:logFallback(53)) - raft.server.rpc.first-election.timeout.max = 5200ms (fallback to raft.server.rpc.timeout.max)
2023-01-30 12:43:52,391 [a2abf3cf-345e-42e4-b42a-21ce73543136@group-EDD45EC72C46-FollowerState] INFO  impl.FollowerState (FollowerState.java:run(143)) - a2abf3cf-345e-42e4-b42a-21ce73543136@group-EDD45EC72C46-FollowerState: change to CANDIDATE, lastRpcElapsedTime:5093576389ns, electionTimeout:5089ms
2023-01-30 12:43:52,391 [a2abf3cf-345e-42e4-b42a-21ce73543136@group-EDD45EC72C46-FollowerState] INFO  impl.RoleInfo (RoleInfo.java:shutdownFollowerState(110)) - a2abf3cf-345e-42e4-b42a-21ce73543136: shutdown a2abf3cf-345e-42e4-b42a-21ce73543136@group-EDD45EC72C46-FollowerState
2023-01-30 12:43:52,391 [a2abf3cf-345e-42e4-b42a-21ce73543136@group-EDD45EC72C46-FollowerState] INFO  server.RaftServer$Division (RaftServerImpl.java:setRole(321)) - a2abf3cf-345e-42e4-b42a-21ce73543136@group-EDD45EC72C46: changes role from  FOLLOWER to CANDIDATE at term 0 for changeToCandidate
2023-01-30 12:43:52,392 [a2abf3cf-345e-42e4-b42a-21ce73543136@group-EDD45EC72C46-FollowerState] INFO  server.RaftServerConfigKeys (ConfUtils.java:logGet(46)) - raft.server.leaderelection.pre-vote = false (custom)
2023-01-30 12:43:52,392 [a2abf3cf-345e-42e4-b42a-21ce73543136@group-EDD45EC72C46-FollowerState] INFO  impl.RoleInfo (RoleInfo.java:updateAndGet(139)) - a2abf3cf-345e-42e4-b42a-21ce73543136: start a2abf3cf-345e-42e4-b42a-21ce73543136@group-EDD45EC72C46-LeaderElection10
2023-01-30 12:43:52,394 [a2abf3cf-345e-42e4-b42a-21ce73543136@group-EDD45EC72C46-LeaderElection10] INFO  impl.LeaderElection (LeaderElection.java:askForVotes(312)) - a2abf3cf-345e-42e4-b42a-21ce73543136@group-EDD45EC72C46-LeaderElection10 ELECTION round 0: submit vote requests at term 1 for -1: peers:[a2abf3cf-345e-42e4-b42a-21ce73543136|rpc:10.1.0.50:35561|dataStream:10.1.0.50:41135|priority:1|startupRole:FOLLOWER]|listeners:[], old=null
2023-01-30 12:43:52,394 [a2abf3cf-345e-42e4-b42a-21ce73543136@group-EDD45EC72C46-LeaderElection10] INFO  impl.LeaderElection (LeaderElection.java:askForVotes(314)) - a2abf3cf-345e-42e4-b42a-21ce73543136@group-EDD45EC72C46-LeaderElection10 ELECTION round 0: result PASSED (term=1)
2023-01-30 12:43:52,394 [a2abf3cf-345e-42e4-b42a-21ce73543136@group-EDD45EC72C46-LeaderElection10] INFO  impl.RoleInfo (RoleInfo.java:shutdownLeaderElection(130)) - a2abf3cf-345e-42e4-b42a-21ce73543136: shutdown a2abf3cf-345e-42e4-b42a-21ce73543136@group-EDD45EC72C46-LeaderElection10
2023-01-30 12:43:52,394 [a2abf3cf-345e-42e4-b42a-21ce73543136@group-EDD45EC72C46-LeaderElection10] INFO  server.RaftServer$Division (RaftServerImpl.java:setRole(321)) - a2abf3cf-345e-42e4-b42a-21ce73543136@group-EDD45EC72C46: changes role from CANDIDATE to LEADER at term 1 for changeToLeader
2023-01-30 12:43:52,394 [a2abf3cf-345e-42e4-b42a-21ce73543136@group-EDD45EC72C46-LeaderElection10] INFO  ratis.XceiverServerRatis (XceiverServerRatis.java:handleLeaderChangedNotification(904)) - Leader change notification received for group: group-EDD45EC72C46 with new leaderId: a2abf3cf-345e-42e4-b42a-21ce73543136
2023-01-30 12:43:52,395 [a2abf3cf-345e-42e4-b42a-21ce73543136@group-EDD45EC72C46-LeaderElection10] INFO  server.RaftServer$Division (ServerState.java:setLeader(313)) - a2abf3cf-345e-42e4-b42a-21ce73543136@group-EDD45EC72C46: change Leader from null to a2abf3cf-345e-42e4-b42a-21ce73543136 at term 1 for becomeLeader, leader elected after 5124ms
2023-01-30 12:43:52,395 [a2abf3cf-345e-42e4-b42a-21ce73543136@group-EDD45EC72C46-LeaderElection10] INFO  server.RaftServerConfigKeys (ConfUtils.java:logGet(46)) - raft.server.staging.catchup.gap = 1000 (default)
2023-01-30 12:43:52,395 [a2abf3cf-345e-42e4-b42a-21ce73543136@group-EDD45EC72C46-LeaderElection10] INFO  server.RaftServerConfigKeys (ConfUtils.java:logGet(46)) - raft.server.write.element-limit = 1024 (custom)
2023-01-30 12:43:52,395 [a2abf3cf-345e-42e4-b42a-21ce73543136@group-EDD45EC72C46-LeaderElection10] INFO  server.RaftServerConfigKeys (ConfUtils.java:logGet(46)) - raft.server.write.byte-limit = 1024 M (=1073741824) (custom)
2023-01-30 12:43:52,395 [a2abf3cf-345e-42e4-b42a-21ce73543136@group-EDD45EC72C46-LeaderElection10] INFO  server.RaftServerConfigKeys (ConfUtils.java:logGet(46)) - raft.server.watch.timeout = 180s (custom)
2023-01-30 12:43:52,395 [a2abf3cf-345e-42e4-b42a-21ce73543136@group-EDD45EC72C46-LeaderElection10] INFO  server.RaftServerConfigKeys (ConfUtils.java:logGet(46)) - raft.server.watch.timeout.denomination = 1s (default)
2023-01-30 12:43:52,395 [a2abf3cf-345e-42e4-b42a-21ce73543136@group-EDD45EC72C46-LeaderElection10] INFO  server.RaftServerConfigKeys (ConfUtils.java:logGet(46)) - raft.server.watch.element-limit = 65536 (default)
2023-01-30 12:43:52,395 [a2abf3cf-345e-42e4-b42a-21ce73543136@group-EDD45EC72C46-LeaderElection10] INFO  server.RaftServerConfigKeys (ConfUtils.java:logGet(46)) - raft.server.write.element-limit = 1024 (custom)
2023-01-30 12:43:52,395 [a2abf3cf-345e-42e4-b42a-21ce73543136@group-EDD45EC72C46-LeaderElection10] INFO  server.RaftServerConfigKeys (ConfUtils.java:logGet(46)) - raft.server.write.follower.gap.ratio.max = -1.0 (default)
2023-01-30 12:43:52,396 [a2abf3cf-345e-42e4-b42a-21ce73543136@group-EDD45EC72C46-LeaderElection10] INFO  impl.RoleInfo (RoleInfo.java:updateAndGet(139)) - a2abf3cf-345e-42e4-b42a-21ce73543136: start a2abf3cf-345e-42e4-b42a-21ce73543136@group-EDD45EC72C46-LeaderStateImpl
2023-01-30 12:43:52,396 [a2abf3cf-345e-42e4-b42a-21ce73543136@group-EDD45EC72C46-LeaderElection10] INFO  segmented.SegmentedRaftLogWorker (SegmentedRaftLogWorker.java:startLogSegment(452)) - a2abf3cf-345e-42e4-b42a-21ce73543136@group-EDD45EC72C46-SegmentedRaftLogWorker: Starting segment from index:0
2023-01-30 12:43:52,397 [a2abf3cf-345e-42e4-b42a-21ce73543136@group-EDD45EC72C46-SegmentedRaftLogWorker] INFO  segmented.SegmentedRaftLogWorker (SegmentedRaftLogWorker.java:execute(656)) - a2abf3cf-345e-42e4-b42a-21ce73543136@group-EDD45EC72C46-SegmentedRaftLogWorker: created new log segment /home/runner/work/ozone/ozone/hadoop-ozone/integration-test/target/test-dir/MiniOzoneClusterImpl-3373c666-e21d-449e-a922-fde15befd7fc/datanode-4/data/ratis/21e5ce97-9f68-421a-b87d-edd45ec72c46/current/log_inprogress_0
2023-01-30 12:43:52,398 [a2abf3cf-345e-42e4-b42a-21ce73543136@group-EDD45EC72C46-LeaderElection10] INFO  server.RaftServer$Division (ServerState.java:setRaftConf(430)) - a2abf3cf-345e-42e4-b42a-21ce73543136@group-EDD45EC72C46: set configuration 0: peers:[a2abf3cf-345e-42e4-b42a-21ce73543136|rpc:10.1.0.50:35561|dataStream:10.1.0.50:41135|priority:1|startupRole:FOLLOWER]|listeners:[], old=null
2023-01-30 12:43:52,399 [EventQueue-OpenPipelineForHealthyPipelineSafeModeRule] INFO  safemode.SCMSafeModeManager (HealthyPipelineSafeModeRule.java:process(137)) - SCM in safe mode. Healthy pipelines reported count is 0, required healthy pipeline reported count is 1
2023-01-30 12:43:52,464 [a2abf3cf-345e-42e4-b42a-21ce73543136@group-235C834376E9-FollowerState] INFO  impl.FollowerState (FollowerState.java:run(143)) - a2abf3cf-345e-42e4-b42a-21ce73543136@group-235C834376E9-FollowerState: change to CANDIDATE, lastRpcElapsedTime:5126247142ns, electionTimeout:5114ms
2023-01-30 12:43:52,464 [a2abf3cf-345e-42e4-b42a-21ce73543136@group-235C834376E9-FollowerState] INFO  impl.RoleInfo (RoleInfo.java:shutdownFollowerState(110)) - a2abf3cf-345e-42e4-b42a-21ce73543136: shutdown a2abf3cf-345e-42e4-b42a-21ce73543136@group-235C834376E9-FollowerState
2023-01-30 12:43:52,464 [a2abf3cf-345e-42e4-b42a-21ce73543136@group-235C834376E9-FollowerState] INFO  server.RaftServer$Division (RaftServerImpl.java:setRole(321)) - a2abf3cf-345e-42e4-b42a-21ce73543136@group-235C834376E9: changes role from  FOLLOWER to CANDIDATE at term 0 for changeToCandidate
2023-01-30 12:43:52,464 [a2abf3cf-345e-42e4-b42a-21ce73543136@group-235C834376E9-FollowerState] INFO  server.RaftServerConfigKeys (ConfUtils.java:logGet(46)) - raft.server.leaderelection.pre-vote = false (custom)
2023-01-30 12:43:52,464 [a2abf3cf-345e-42e4-b42a-21ce73543136@group-235C834376E9-FollowerState] INFO  impl.RoleInfo (RoleInfo.java:updateAndGet(139)) - a2abf3cf-345e-42e4-b42a-21ce73543136: start a2abf3cf-345e-42e4-b42a-21ce73543136@group-235C834376E9-LeaderElection11
2023-01-30 12:43:52,467 [a2abf3cf-345e-42e4-b42a-21ce73543136@group-235C834376E9-LeaderElection11] INFO  impl.LeaderElection (LeaderElection.java:askForVotes(312)) - a2abf3cf-345e-42e4-b42a-21ce73543136@group-235C834376E9-LeaderElection11 ELECTION round 0: submit vote requests at term 1 for -1: peers:[a2abf3cf-345e-42e4-b42a-21ce73543136|rpc:10.1.0.50:35561|dataStream:10.1.0.50:41135|priority:1|startupRole:FOLLOWER, 4161fb15-5f04-4edd-aa04-1f821408f5fb|rpc:10.1.0.50:35253|dataStream:10.1.0.50:40011|priority:0|startupRole:FOLLOWER, b85ec12f-6d7c-420e-915b-fc0cfcf21520|rpc:10.1.0.50:35341|dataStream:10.1.0.50:45259|priority:0|startupRole:FOLLOWER]|listeners:[], old=null
2023-01-30 12:43:52,468 [a2abf3cf-345e-42e4-b42a-21ce73543136@group-235C834376E9-LeaderElection11-1] INFO  server.GrpcServerProtocolClient (GrpcServerProtocolClient.java:<init>(63)) - Build channel for 4161fb15-5f04-4edd-aa04-1f821408f5fb
2023-01-30 12:43:52,471 [a2abf3cf-345e-42e4-b42a-21ce73543136@group-235C834376E9-LeaderElection11] INFO  server.RaftServerConfigKeys (ConfUtils.java:logFallback(53)) - raft.server.rpc.first-election.timeout.min = 5s (fallback to raft.server.rpc.timeout.min)
2023-01-30 12:43:52,476 [a2abf3cf-345e-42e4-b42a-21ce73543136@group-235C834376E9-LeaderElection11-2] INFO  server.GrpcServerProtocolClient (GrpcServerProtocolClient.java:<init>(63)) - Build channel for b85ec12f-6d7c-420e-915b-fc0cfcf21520
2023-01-30 12:43:52,476 [a2abf3cf-345e-42e4-b42a-21ce73543136@group-235C834376E9-LeaderElection11] INFO  server.RaftServerConfigKeys (ConfUtils.java:logFallback(53)) - raft.server.rpc.first-election.timeout.max = 5200ms (fallback to raft.server.rpc.timeout.max)
2023-01-30 12:43:52,482 [grpc-default-executor-1] INFO  server.RaftServer$Division (RaftServerImpl.java:requestVote(1218)) - 4161fb15-5f04-4edd-aa04-1f821408f5fb@group-235C834376E9: receive requestVote(ELECTION, a2abf3cf-345e-42e4-b42a-21ce73543136, group-235C834376E9, 1, (t:0, i:0))
2023-01-30 12:43:52,482 [grpc-default-executor-1] INFO  impl.VoteContext (VoteContext.java:log(49)) - 4161fb15-5f04-4edd-aa04-1f821408f5fb@group-235C834376E9-FOLLOWER: accept ELECTION from a2abf3cf-345e-42e4-b42a-21ce73543136: our priority 0 <= candidate's priority 1
2023-01-30 12:43:52,482 [grpc-default-executor-1] INFO  server.RaftServer$Division (RaftServerImpl.java:setRole(321)) - 4161fb15-5f04-4edd-aa04-1f821408f5fb@group-235C834376E9: changes role from  FOLLOWER to FOLLOWER at term 1 for candidate:a2abf3cf-345e-42e4-b42a-21ce73543136
2023-01-30 12:43:52,482 [grpc-default-executor-1] INFO  impl.RoleInfo (RoleInfo.java:shutdownFollowerState(110)) - 4161fb15-5f04-4edd-aa04-1f821408f5fb: shutdown 4161fb15-5f04-4edd-aa04-1f821408f5fb@group-235C834376E9-FollowerState
2023-01-30 12:43:52,482 [grpc-default-executor-1] INFO  impl.RoleInfo (RoleInfo.java:updateAndGet(139)) - 4161fb15-5f04-4edd-aa04-1f821408f5fb: start 4161fb15-5f04-4edd-aa04-1f821408f5fb@group-235C834376E9-FollowerState
2023-01-30 12:43:52,482 [4161fb15-5f04-4edd-aa04-1f821408f5fb@group-235C834376E9-FollowerState] INFO  impl.FollowerState (FollowerState.java:run(152)) - 4161fb15-5f04-4edd-aa04-1f821408f5fb@group-235C834376E9-FollowerState was interrupted
2023-01-30 12:43:52,483 [grpc-default-executor-1] INFO  server.RaftServer$Division (RaftServerImpl.java:requestVote(1251)) - 4161fb15-5f04-4edd-aa04-1f821408f5fb@group-235C834376E9 replies to ELECTION vote request: a2abf3cf-345e-42e4-b42a-21ce73543136<-4161fb15-5f04-4edd-aa04-1f821408f5fb#0:OK-t1. Peer's state: 4161fb15-5f04-4edd-aa04-1f821408f5fb@group-235C834376E9:t1, leader=null, voted=a2abf3cf-345e-42e4-b42a-21ce73543136, raftlog=Memoized:4161fb15-5f04-4edd-aa04-1f821408f5fb@group-235C834376E9-SegmentedRaftLog:OPENED:c-1, conf=-1: peers:[a2abf3cf-345e-42e4-b42a-21ce73543136|rpc:10.1.0.50:35561|dataStream:10.1.0.50:41135|priority:1|startupRole:FOLLOWER, 4161fb15-5f04-4edd-aa04-1f821408f5fb|rpc:10.1.0.50:35253|dataStream:10.1.0.50:40011|priority:0|startupRole:FOLLOWER, b85ec12f-6d7c-420e-915b-fc0cfcf21520|rpc:10.1.0.50:35341|dataStream:10.1.0.50:45259|priority:0|startupRole:FOLLOWER]|listeners:[], old=null
2023-01-30 12:43:52,496 [4161fb15-5f04-4edd-aa04-1f821408f5fb@group-235C834376E9-FollowerState] INFO  server.RaftServerConfigKeys (ConfUtils.java:logFallback(53)) - raft.server.rpc.first-election.timeout.min = 5s (fallback to raft.server.rpc.timeout.min)
2023-01-30 12:43:52,496 [4161fb15-5f04-4edd-aa04-1f821408f5fb@group-235C834376E9-FollowerState] INFO  server.RaftServerConfigKeys (ConfUtils.java:logFallback(53)) - raft.server.rpc.first-election.timeout.max = 5200ms (fallback to raft.server.rpc.timeout.max)
2023-01-30 12:43:52,497 [grpc-default-executor-1] INFO  server.RaftServer$Division (RaftServerImpl.java:requestVote(1218)) - b85ec12f-6d7c-420e-915b-fc0cfcf21520@group-235C834376E9: receive requestVote(ELECTION, a2abf3cf-345e-42e4-b42a-21ce73543136, group-235C834376E9, 1, (t:0, i:0))
2023-01-30 12:43:52,498 [a2abf3cf-345e-42e4-b42a-21ce73543136@group-235C834376E9-LeaderElection11] INFO  impl.LeaderElection (LeaderElection.java:logAndReturn(90)) - a2abf3cf-345e-42e4-b42a-21ce73543136@group-235C834376E9-LeaderElection11: ELECTION PASSED received 1 response(s) and 0 exception(s):
2023-01-30 12:43:52,498 [grpc-default-executor-1] INFO  impl.VoteContext (VoteContext.java:log(49)) - b85ec12f-6d7c-420e-915b-fc0cfcf21520@group-235C834376E9-FOLLOWER: accept ELECTION from a2abf3cf-345e-42e4-b42a-21ce73543136: our priority 0 <= candidate's priority 1
2023-01-30 12:43:52,498 [a2abf3cf-345e-42e4-b42a-21ce73543136@group-235C834376E9-LeaderElection11] INFO  impl.LeaderElection (LeaderElection.java:logAndReturn(94)) -   Response 0: a2abf3cf-345e-42e4-b42a-21ce73543136<-4161fb15-5f04-4edd-aa04-1f821408f5fb#0:OK-t1
2023-01-30 12:43:52,498 [grpc-default-executor-1] INFO  server.RaftServer$Division (RaftServerImpl.java:setRole(321)) - b85ec12f-6d7c-420e-915b-fc0cfcf21520@group-235C834376E9: changes role from  FOLLOWER to FOLLOWER at term 1 for candidate:a2abf3cf-345e-42e4-b42a-21ce73543136
2023-01-30 12:43:52,498 [a2abf3cf-345e-42e4-b42a-21ce73543136@group-235C834376E9-LeaderElection11] INFO  impl.LeaderElection (LeaderElection.java:askForVotes(314)) - a2abf3cf-345e-42e4-b42a-21ce73543136@group-235C834376E9-LeaderElection11 ELECTION round 0: result PASSED
2023-01-30 12:43:52,498 [grpc-default-executor-1] INFO  impl.RoleInfo (RoleInfo.java:shutdownFollowerState(110)) - b85ec12f-6d7c-420e-915b-fc0cfcf21520: shutdown b85ec12f-6d7c-420e-915b-fc0cfcf21520@group-235C834376E9-FollowerState
2023-01-30 12:43:52,498 [a2abf3cf-345e-42e4-b42a-21ce73543136@group-235C834376E9-LeaderElection11] INFO  impl.RoleInfo (RoleInfo.java:shutdownLeaderElection(130)) - a2abf3cf-345e-42e4-b42a-21ce73543136: shutdown a2abf3cf-345e-42e4-b42a-21ce73543136@group-235C834376E9-LeaderElection11
2023-01-30 12:43:52,498 [grpc-default-executor-1] INFO  impl.RoleInfo (RoleInfo.java:updateAndGet(139)) - b85ec12f-6d7c-420e-915b-fc0cfcf21520: start b85ec12f-6d7c-420e-915b-fc0cfcf21520@group-235C834376E9-FollowerState
2023-01-30 12:43:52,498 [a2abf3cf-345e-42e4-b42a-21ce73543136@group-235C834376E9-LeaderElection11] INFO  server.RaftServer$Division (RaftServerImpl.java:setRole(321)) - a2abf3cf-345e-42e4-b42a-21ce73543136@group-235C834376E9: changes role from CANDIDATE to LEADER at term 1 for changeToLeader
2023-01-30 12:43:52,498 [a2abf3cf-345e-42e4-b42a-21ce73543136@group-235C834376E9-LeaderElection11] INFO  ratis.XceiverServerRatis (XceiverServerRatis.java:handleLeaderChangedNotification(904)) - Leader change notification received for group: group-235C834376E9 with new leaderId: a2abf3cf-345e-42e4-b42a-21ce73543136
2023-01-30 12:43:52,498 [b85ec12f-6d7c-420e-915b-fc0cfcf21520@group-235C834376E9-FollowerState] INFO  impl.FollowerState (FollowerState.java:run(152)) - b85ec12f-6d7c-420e-915b-fc0cfcf21520@group-235C834376E9-FollowerState was interrupted
2023-01-30 12:43:52,498 [a2abf3cf-345e-42e4-b42a-21ce73543136@group-235C834376E9-LeaderElection11] INFO  server.RaftServer$Division (ServerState.java:setLeader(313)) - a2abf3cf-345e-42e4-b42a-21ce73543136@group-235C834376E9: change Leader from null to a2abf3cf-345e-42e4-b42a-21ce73543136 at term 1 for becomeLeader, leader elected after 5191ms
2023-01-30 12:43:52,498 [a2abf3cf-345e-42e4-b42a-21ce73543136@group-235C834376E9-LeaderElection11] INFO  server.RaftServerConfigKeys (ConfUtils.java:logGet(46)) - raft.server.staging.catchup.gap = 1000 (default)
2023-01-30 12:43:52,499 [a2abf3cf-345e-42e4-b42a-21ce73543136@group-235C834376E9-LeaderElection11] INFO  server.RaftServerConfigKeys (ConfUtils.java:logGet(46)) - raft.server.write.element-limit = 1024 (custom)
2023-01-30 12:43:52,499 [a2abf3cf-345e-42e4-b42a-21ce73543136@group-235C834376E9-LeaderElection11] INFO  server.RaftServerConfigKeys (ConfUtils.java:logGet(46)) - raft.server.write.byte-limit = 1024 M (=1073741824) (custom)
2023-01-30 12:43:52,499 [a2abf3cf-345e-42e4-b42a-21ce73543136@group-235C834376E9-LeaderElection11] INFO  server.RaftServerConfigKeys (ConfUtils.java:logGet(46)) - raft.server.watch.timeout = 180s (custom)
2023-01-30 12:43:52,499 [a2abf3cf-345e-42e4-b42a-21ce73543136@group-235C834376E9-LeaderElection11] INFO  server.RaftServerConfigKeys (ConfUtils.java:logGet(46)) - raft.server.watch.timeout.denomination = 1s (default)
2023-01-30 12:43:52,499 [a2abf3cf-345e-42e4-b42a-21ce73543136@group-235C834376E9-LeaderElection11] INFO  server.RaftServerConfigKeys (ConfUtils.java:logGet(46)) - raft.server.watch.element-limit = 65536 (default)
2023-01-30 12:43:52,499 [a2abf3cf-345e-42e4-b42a-21ce73543136@group-235C834376E9-LeaderElection11] INFO  server.RaftServerConfigKeys (ConfUtils.java:logGet(46)) - raft.server.write.element-limit = 1024 (custom)
2023-01-30 12:43:52,499 [a2abf3cf-345e-42e4-b42a-21ce73543136@group-235C834376E9-LeaderElection11] INFO  server.RaftServerConfigKeys (ConfUtils.java:logGet(46)) - raft.server.write.follower.gap.ratio.max = -1.0 (default)
2023-01-30 12:43:52,500 [grpc-default-executor-1] INFO  server.RaftServer$Division (RaftServerImpl.java:requestVote(1251)) - b85ec12f-6d7c-420e-915b-fc0cfcf21520@group-235C834376E9 replies to ELECTION vote request: a2abf3cf-345e-42e4-b42a-21ce73543136<-b85ec12f-6d7c-420e-915b-fc0cfcf21520#0:OK-t1. Peer's state: b85ec12f-6d7c-420e-915b-fc0cfcf21520@group-235C834376E9:t1, leader=null, voted=a2abf3cf-345e-42e4-b42a-21ce73543136, raftlog=Memoized:b85ec12f-6d7c-420e-915b-fc0cfcf21520@group-235C834376E9-SegmentedRaftLog:OPENED:c-1, conf=-1: peers:[a2abf3cf-345e-42e4-b42a-21ce73543136|rpc:10.1.0.50:35561|dataStream:10.1.0.50:41135|priority:1|startupRole:FOLLOWER, 4161fb15-5f04-4edd-aa04-1f821408f5fb|rpc:10.1.0.50:35253|dataStream:10.1.0.50:40011|priority:0|startupRole:FOLLOWER, b85ec12f-6d7c-420e-915b-fc0cfcf21520|rpc:10.1.0.50:35341|dataStream:10.1.0.50:45259|priority:0|startupRole:FOLLOWER]|listeners:[], old=null
2023-01-30 12:43:52,507 [EventQueue-PipelineReportForPipelineReportHandler] INFO  pipeline.PipelineManagerImpl (PipelineManagerImpl.java:openPipeline(367)) - Pipeline Pipeline[ Id: fd1cb487-0f8c-493b-aaff-235c834376e9, Nodes: a2abf3cf-345e-42e4-b42a-21ce73543136(fv-az186-393.qnicg3m0sonedg4msc5mrdkamh.cx.internal.cloudapp.net/10.1.0.50)b85ec12f-6d7c-420e-915b-fc0cfcf21520(fv-az186-393.qnicg3m0sonedg4msc5mrdkamh.cx.internal.cloudapp.net/10.1.0.50)4161fb15-5f04-4edd-aa04-1f821408f5fb(fv-az186-393.qnicg3m0sonedg4msc5mrdkamh.cx.internal.cloudapp.net/10.1.0.50), ReplicationConfig: RATIS/THREE, State:ALLOCATED, leaderId:a2abf3cf-345e-42e4-b42a-21ce73543136, CreationTimestamp2023-01-30T12:43:44.603Z[Etc/UTC]] moved to OPEN state
2023-01-30 12:43:52,508 [b85ec12f-6d7c-420e-915b-fc0cfcf21520@group-235C834376E9-FollowerState] INFO  server.RaftServerConfigKeys (ConfUtils.java:logFallback(53)) - raft.server.rpc.first-election.timeout.min = 5s (fallback to raft.server.rpc.timeout.min)
2023-01-30 12:43:52,508 [b85ec12f-6d7c-420e-915b-fc0cfcf21520@group-235C834376E9-FollowerState] INFO  server.RaftServerConfigKeys (ConfUtils.java:logFallback(53)) - raft.server.rpc.first-election.timeout.max = 5200ms (fallback to raft.server.rpc.timeout.max)
2023-01-30 12:43:52,509 [EventQueue-OpenPipelineForHealthyPipelineSafeModeRule] INFO  safemode.SCMSafeModeManager (HealthyPipelineSafeModeRule.java:process(137)) - SCM in safe mode. Healthy pipelines reported count is 1, required healthy pipeline reported count is 1
2023-01-30 12:43:52,510 [EventQueue-OpenPipelineForHealthyPipelineSafeModeRule] INFO  safemode.SCMSafeModeManager (SCMSafeModeManager.java:validateSafeModeExitRules(200)) - HealthyPipelineSafeModeRule rule is successfully validated
2023-01-30 12:43:52,510 [EventQueue-OpenPipelineForHealthyPipelineSafeModeRule] INFO  safemode.SCMSafeModeManager (SCMSafeModeManager.java:validateSafeModeExitRules(215)) - ScmSafeModeManager, all rules are successfully validated
2023-01-30 12:43:52,510 [EventQueue-OpenPipelineForHealthyPipelineSafeModeRule] INFO  safemode.SCMSafeModeManager (SCMSafeModeManager.java:exitSafeMode(244)) - SCM exiting safe mode.
2023-01-30 12:43:52,510 [EventQueue-OpenPipelineForHealthyPipelineSafeModeRule] INFO  ha.SCMContext (SCMContext.java:updateSafeModeStatus(228)) - Update SafeModeStatus from SafeModeStatus{safeModeStatus=true, preCheckPassed=true} to SafeModeStatus{safeModeStatus=false, preCheckPassed=true}.
2023-01-30 12:43:52,510 [EventQueue-OpenPipelineForHealthyPipelineSafeModeRule] INFO  pipeline.BackgroundPipelineCreator (BackgroundPipelineCreator.java:notifyStatusChanged(254)) - Service BackgroundPipelineCreator transitions to RUNNING.
2023-01-30 12:43:52,511 [EventQueue-OpenPipelineForHealthyPipelineSafeModeRule] INFO  BackgroundPipelineScrubber (BackgroundSCMService.java:notifyStatusChanged(82)) - Service BackgroundPipelineScrubber transitions to RUNNING.
2023-01-30 12:43:52,511 [EventQueue-OpenPipelineForHealthyPipelineSafeModeRule] INFO  ExpiredContainerReplicaOpScrubber (BackgroundSCMService.java:notifyStatusChanged(82)) - Service ExpiredContainerReplicaOpScrubber transitions to RUNNING.
2023-01-30 12:43:52,511 [EventQueue-OpenPipelineForHealthyPipelineSafeModeRule] INFO  replication.ReplicationManager (ReplicationManager.java:notifyStatusChanged(937)) - Service ReplicationManager transitions to RUNNING.
2023-01-30 12:43:52,514 [EventQueue-OpenPipelineForHealthyPipelineSafeModeRule] WARN  balancer.ContainerBalancer (ContainerBalancer.java:shouldRun(131)) - Could not find persisted configuration for ContainerBalancer when checking if ContainerBalancer should run. ContainerBalancer should not run now.
2023-01-30 12:43:52,521 [a2abf3cf-345e-42e4-b42a-21ce73543136@group-235C834376E9-LeaderElection11] INFO  server.RaftServerConfigKeys (ConfUtils.java:logGet(46)) - raft.server.log.appender.snapshot.chunk.size.max = 16MB (=16777216) (default)
2023-01-30 12:43:52,521 [a2abf3cf-345e-42e4-b42a-21ce73543136@group-235C834376E9-LeaderElection11] INFO  server.RaftServerConfigKeys (ConfUtils.java:logGet(46)) - raft.server.log.appender.buffer.byte-limit = 33554432 (custom)
2023-01-30 12:43:52,522 [a2abf3cf-345e-42e4-b42a-21ce73543136@group-235C834376E9-LeaderElection11] INFO  server.RaftServerConfigKeys (ConfUtils.java:logGet(46)) - raft.server.log.appender.buffer.element-limit = 1 (custom)
2023-01-30 12:43:52,524 [a2abf3cf-345e-42e4-b42a-21ce73543136@group-235C834376E9-LeaderElection11] INFO  grpc.GrpcConfigKeys (ConfUtils.java:logGet(46)) - raft.grpc.server.leader.outstanding.appends.max = 128 (default)
2023-01-30 12:43:52,524 [a2abf3cf-345e-42e4-b42a-21ce73543136@group-235C834376E9-LeaderElection11] INFO  server.RaftServerConfigKeys (ConfUtils.java:logGet(46)) - raft.server.rpc.request.timeout = 60s (custom)
2023-01-30 12:43:52,524 [a2abf3cf-345e-42e4-b42a-21ce73543136@group-235C834376E9-LeaderElection11] INFO  server.RaftServerConfigKeys (ConfUtils.java:logGet(46)) - raft.server.log.appender.install.snapshot.enabled = false (custom)
2023-01-30 12:43:52,524 [a2abf3cf-345e-42e4-b42a-21ce73543136@group-235C834376E9-LeaderElection11] INFO  grpc.GrpcConfigKeys (ConfUtils.java:logGet(46)) - raft.grpc.server.heartbeat.channel = true (default)
2023-01-30 12:43:52,524 [a2abf3cf-345e-42e4-b42a-21ce73543136@group-235C834376E9-LeaderElection11] INFO  server.RaftServerConfigKeys (ConfUtils.java:logGet(46)) - raft.server.log.appender.wait-time.min = 10ms (default)
2023-01-30 12:43:52,526 [a2abf3cf-345e-42e4-b42a-21ce73543136@group-235C834376E9-LeaderElection11] INFO  server.RaftServerConfigKeys (ConfUtils.java:logGet(46)) - raft.server.log.appender.snapshot.chunk.size.max = 16MB (=16777216) (default)
2023-01-30 12:43:52,526 [a2abf3cf-345e-42e4-b42a-21ce73543136@group-235C834376E9-LeaderElection11] INFO  server.RaftServerConfigKeys (ConfUtils.java:logGet(46)) - raft.server.log.appender.buffer.byte-limit = 33554432 (custom)
2023-01-30 12:43:52,526 [a2abf3cf-345e-42e4-b42a-21ce73543136@group-235C834376E9-LeaderElection11] INFO  server.RaftServerConfigKeys (ConfUtils.java:logGet(46)) - raft.server.log.appender.buffer.element-limit = 1 (custom)
2023-01-30 12:43:52,526 [a2abf3cf-345e-42e4-b42a-21ce73543136@group-235C834376E9-LeaderElection11] INFO  grpc.GrpcConfigKeys (ConfUtils.java:logGet(46)) - raft.grpc.server.leader.outstanding.appends.max = 128 (default)
2023-01-30 12:43:52,526 [a2abf3cf-345e-42e4-b42a-21ce73543136@group-235C834376E9-LeaderElection11] INFO  server.RaftServerConfigKeys (ConfUtils.java:logGet(46)) - raft.server.rpc.request.timeout = 60s (custom)
2023-01-30 12:43:52,526 [a2abf3cf-345e-42e4-b42a-21ce73543136@group-235C834376E9-LeaderElection11] INFO  server.RaftServerConfigKeys (ConfUtils.java:logGet(46)) - raft.server.log.appender.install.snapshot.enabled = false (custom)
2023-01-30 12:43:52,526 [a2abf3cf-345e-42e4-b42a-21ce73543136@group-235C834376E9-LeaderElection11] INFO  grpc.GrpcConfigKeys (ConfUtils.java:logGet(46)) - raft.grpc.server.heartbeat.channel = true (default)
2023-01-30 12:43:52,526 [a2abf3cf-345e-42e4-b42a-21ce73543136@group-235C834376E9-LeaderElection11] INFO  server.RaftServerConfigKeys (ConfUtils.java:logGet(46)) - raft.server.log.appender.wait-time.min = 10ms (default)
2023-01-30 12:43:52,527 [a2abf3cf-345e-42e4-b42a-21ce73543136@group-235C834376E9-LeaderElection11] INFO  impl.RoleInfo (RoleInfo.java:updateAndGet(139)) - a2abf3cf-345e-42e4-b42a-21ce73543136: start a2abf3cf-345e-42e4-b42a-21ce73543136@group-235C834376E9-LeaderStateImpl
2023-01-30 12:43:52,527 [a2abf3cf-345e-42e4-b42a-21ce73543136@group-235C834376E9-LeaderElection11] INFO  segmented.SegmentedRaftLogWorker (SegmentedRaftLogWorker.java:startLogSegment(452)) - a2abf3cf-345e-42e4-b42a-21ce73543136@group-235C834376E9-SegmentedRaftLogWorker: Starting segment from index:0
2023-01-30 12:43:52,529 [a2abf3cf-345e-42e4-b42a-21ce73543136@group-235C834376E9-SegmentedRaftLogWorker] INFO  segmented.SegmentedRaftLogWorker (SegmentedRaftLogWorker.java:execute(656)) - a2abf3cf-345e-42e4-b42a-21ce73543136@group-235C834376E9-SegmentedRaftLogWorker: created new log segment /home/runner/work/ozone/ozone/hadoop-ozone/integration-test/target/test-dir/MiniOzoneClusterImpl-3373c666-e21d-449e-a922-fde15befd7fc/datanode-4/data/ratis/fd1cb487-0f8c-493b-aaff-235c834376e9/current/log_inprogress_0
2023-01-30 12:43:52,532 [a2abf3cf-345e-42e4-b42a-21ce73543136@group-235C834376E9-LeaderElection11] INFO  server.RaftServer$Division (ServerState.java:setRaftConf(430)) - a2abf3cf-345e-42e4-b42a-21ce73543136@group-235C834376E9: set configuration 0: peers:[a2abf3cf-345e-42e4-b42a-21ce73543136|rpc:10.1.0.50:35561|dataStream:10.1.0.50:41135|priority:1|startupRole:FOLLOWER, 4161fb15-5f04-4edd-aa04-1f821408f5fb|rpc:10.1.0.50:35253|dataStream:10.1.0.50:40011|priority:0|startupRole:FOLLOWER, b85ec12f-6d7c-420e-915b-fc0cfcf21520|rpc:10.1.0.50:35341|dataStream:10.1.0.50:45259|priority:0|startupRole:FOLLOWER]|listeners:[], old=null
2023-01-30 12:43:52,573 [4161fb15-5f04-4edd-aa04-1f821408f5fb-server-thread1] INFO  ratis.XceiverServerRatis (XceiverServerRatis.java:handleLeaderChangedNotification(904)) - Leader change notification received for group: group-235C834376E9 with new leaderId: a2abf3cf-345e-42e4-b42a-21ce73543136
2023-01-30 12:43:52,573 [4161fb15-5f04-4edd-aa04-1f821408f5fb-server-thread1] INFO  server.RaftServer$Division (ServerState.java:setLeader(313)) - 4161fb15-5f04-4edd-aa04-1f821408f5fb@group-235C834376E9: change Leader from null to a2abf3cf-345e-42e4-b42a-21ce73543136 at term 1 for appendEntries, leader elected after 5241ms
2023-01-30 12:43:52,586 [b85ec12f-6d7c-420e-915b-fc0cfcf21520-server-thread1] INFO  ratis.XceiverServerRatis (XceiverServerRatis.java:handleLeaderChangedNotification(904)) - Leader change notification received for group: group-235C834376E9 with new leaderId: a2abf3cf-345e-42e4-b42a-21ce73543136
2023-01-30 12:43:52,586 [b85ec12f-6d7c-420e-915b-fc0cfcf21520-server-thread1] INFO  server.RaftServer$Division (ServerState.java:setLeader(313)) - b85ec12f-6d7c-420e-915b-fc0cfcf21520@group-235C834376E9: change Leader from null to a2abf3cf-345e-42e4-b42a-21ce73543136 at term 1 for appendEntries, leader elected after 5213ms
2023-01-30 12:43:52,587 [4161fb15-5f04-4edd-aa04-1f821408f5fb-server-thread3] INFO  server.RaftServer$Division (ServerState.java:setRaftConf(430)) - 4161fb15-5f04-4edd-aa04-1f821408f5fb@group-235C834376E9: set configuration 0: peers:[a2abf3cf-345e-42e4-b42a-21ce73543136|rpc:10.1.0.50:35561|dataStream:10.1.0.50:41135|priority:1|startupRole:FOLLOWER, 4161fb15-5f04-4edd-aa04-1f821408f5fb|rpc:10.1.0.50:35253|dataStream:10.1.0.50:40011|priority:0|startupRole:FOLLOWER, b85ec12f-6d7c-420e-915b-fc0cfcf21520|rpc:10.1.0.50:35341|dataStream:10.1.0.50:45259|priority:0|startupRole:FOLLOWER]|listeners:[], old=null
2023-01-30 12:43:52,587 [4161fb15-5f04-4edd-aa04-1f821408f5fb-server-thread3] INFO  segmented.SegmentedRaftLogWorker (SegmentedRaftLogWorker.java:startLogSegment(452)) - 4161fb15-5f04-4edd-aa04-1f821408f5fb@group-235C834376E9-SegmentedRaftLogWorker: Starting segment from index:0
2023-01-30 12:43:52,593 [b85ec12f-6d7c-420e-915b-fc0cfcf21520-server-thread2] INFO  server.RaftServer$Division (ServerState.java:setRaftConf(430)) - b85ec12f-6d7c-420e-915b-fc0cfcf21520@group-235C834376E9: set configuration 0: peers:[a2abf3cf-345e-42e4-b42a-21ce73543136|rpc:10.1.0.50:35561|dataStream:10.1.0.50:41135|priority:1|startupRole:FOLLOWER, 4161fb15-5f04-4edd-aa04-1f821408f5fb|rpc:10.1.0.50:35253|dataStream:10.1.0.50:40011|priority:0|startupRole:FOLLOWER, b85ec12f-6d7c-420e-915b-fc0cfcf21520|rpc:10.1.0.50:35341|dataStream:10.1.0.50:45259|priority:0|startupRole:FOLLOWER]|listeners:[], old=null
2023-01-30 12:43:52,593 [4161fb15-5f04-4edd-aa04-1f821408f5fb@group-235C834376E9-SegmentedRaftLogWorker] INFO  segmented.SegmentedRaftLogWorker (SegmentedRaftLogWorker.java:execute(656)) - 4161fb15-5f04-4edd-aa04-1f821408f5fb@group-235C834376E9-SegmentedRaftLogWorker: created new log segment /home/runner/work/ozone/ozone/hadoop-ozone/integration-test/target/test-dir/MiniOzoneClusterImpl-3373c666-e21d-449e-a922-fde15befd7fc/datanode-3/data/ratis/fd1cb487-0f8c-493b-aaff-235c834376e9/current/log_inprogress_0
2023-01-30 12:43:52,593 [b85ec12f-6d7c-420e-915b-fc0cfcf21520-server-thread2] INFO  segmented.SegmentedRaftLogWorker (SegmentedRaftLogWorker.java:startLogSegment(452)) - b85ec12f-6d7c-420e-915b-fc0cfcf21520@group-235C834376E9-SegmentedRaftLogWorker: Starting segment from index:0
2023-01-30 12:43:52,595 [b85ec12f-6d7c-420e-915b-fc0cfcf21520@group-235C834376E9-SegmentedRaftLogWorker] INFO  segmented.SegmentedRaftLogWorker (SegmentedRaftLogWorker.java:execute(656)) - b85ec12f-6d7c-420e-915b-fc0cfcf21520@group-235C834376E9-SegmentedRaftLogWorker: created new log segment /home/runner/work/ozone/ozone/hadoop-ozone/integration-test/target/test-dir/MiniOzoneClusterImpl-3373c666-e21d-449e-a922-fde15befd7fc/datanode-5/data/ratis/fd1cb487-0f8c-493b-aaff-235c834376e9/current/log_inprogress_0
2023-01-30 12:43:52,778 [b85ec12f-6d7c-420e-915b-fc0cfcf21520@group-3D682945520C-FollowerState] INFO  impl.FollowerState (FollowerState.java:run(143)) - b85ec12f-6d7c-420e-915b-fc0cfcf21520@group-3D682945520C-FollowerState: change to CANDIDATE, lastRpcElapsedTime:5172041395ns, electionTimeout:5169ms
2023-01-30 12:43:52,779 [b85ec12f-6d7c-420e-915b-fc0cfcf21520@group-3D682945520C-FollowerState] INFO  impl.RoleInfo (RoleInfo.java:shutdownFollowerState(110)) - b85ec12f-6d7c-420e-915b-fc0cfcf21520: shutdown b85ec12f-6d7c-420e-915b-fc0cfcf21520@group-3D682945520C-FollowerState
2023-01-30 12:43:52,779 [b85ec12f-6d7c-420e-915b-fc0cfcf21520@group-3D682945520C-FollowerState] INFO  server.RaftServer$Division (RaftServerImpl.java:setRole(321)) - b85ec12f-6d7c-420e-915b-fc0cfcf21520@group-3D682945520C: changes role from  FOLLOWER to CANDIDATE at term 0 for changeToCandidate
2023-01-30 12:43:52,779 [b85ec12f-6d7c-420e-915b-fc0cfcf21520@group-3D682945520C-FollowerState] INFO  server.RaftServerConfigKeys (ConfUtils.java:logGet(46)) - raft.server.leaderelection.pre-vote = false (custom)
2023-01-30 12:43:52,779 [b85ec12f-6d7c-420e-915b-fc0cfcf21520@group-3D682945520C-FollowerState] INFO  impl.RoleInfo (RoleInfo.java:updateAndGet(139)) - b85ec12f-6d7c-420e-915b-fc0cfcf21520: start b85ec12f-6d7c-420e-915b-fc0cfcf21520@group-3D682945520C-LeaderElection12
2023-01-30 12:43:52,787 [b85ec12f-6d7c-420e-915b-fc0cfcf21520@group-3D682945520C-LeaderElection12] INFO  impl.LeaderElection (LeaderElection.java:askForVotes(312)) - b85ec12f-6d7c-420e-915b-fc0cfcf21520@group-3D682945520C-LeaderElection12 ELECTION round 0: submit vote requests at term 1 for -1: peers:[b85ec12f-6d7c-420e-915b-fc0cfcf21520|rpc:10.1.0.50:35341|dataStream:10.1.0.50:45259|priority:1|startupRole:FOLLOWER]|listeners:[], old=null
2023-01-30 12:43:52,787 [b85ec12f-6d7c-420e-915b-fc0cfcf21520@group-3D682945520C-LeaderElection12] INFO  impl.LeaderElection (LeaderElection.java:askForVotes(314)) - b85ec12f-6d7c-420e-915b-fc0cfcf21520@group-3D682945520C-LeaderElection12 ELECTION round 0: result PASSED (term=1)
2023-01-30 12:43:52,787 [b85ec12f-6d7c-420e-915b-fc0cfcf21520@group-3D682945520C-LeaderElection12] INFO  impl.RoleInfo (RoleInfo.java:shutdownLeaderElection(130)) - b85ec12f-6d7c-420e-915b-fc0cfcf21520: shutdown b85ec12f-6d7c-420e-915b-fc0cfcf21520@group-3D682945520C-LeaderElection12
2023-01-30 12:43:52,787 [b85ec12f-6d7c-420e-915b-fc0cfcf21520@group-3D682945520C-LeaderElection12] INFO  server.RaftServer$Division (RaftServerImpl.java:setRole(321)) - b85ec12f-6d7c-420e-915b-fc0cfcf21520@group-3D682945520C: changes role from CANDIDATE to LEADER at term 1 for changeToLeader
2023-01-30 12:43:52,787 [b85ec12f-6d7c-420e-915b-fc0cfcf21520@group-3D682945520C-LeaderElection12] INFO  ratis.XceiverServerRatis (XceiverServerRatis.java:handleLeaderChangedNotification(904)) - Leader change notification received for group: group-3D682945520C with new leaderId: b85ec12f-6d7c-420e-915b-fc0cfcf21520
2023-01-30 12:43:52,789 [b85ec12f-6d7c-420e-915b-fc0cfcf21520@group-3D682945520C-LeaderElection12] INFO  server.RaftServer$Division (ServerState.java:setLeader(313)) - b85ec12f-6d7c-420e-915b-fc0cfcf21520@group-3D682945520C: change Leader from null to b85ec12f-6d7c-420e-915b-fc0cfcf21520 at term 1 for becomeLeader, leader elected after 5193ms
2023-01-30 12:43:52,789 [b85ec12f-6d7c-420e-915b-fc0cfcf21520@group-3D682945520C-LeaderElection12] INFO  server.RaftServerConfigKeys (ConfUtils.java:logGet(46)) - raft.server.staging.catchup.gap = 1000 (default)
2023-01-30 12:43:52,789 [b85ec12f-6d7c-420e-915b-fc0cfcf21520@group-3D682945520C-LeaderElection12] INFO  server.RaftServerConfigKeys (ConfUtils.java:logGet(46)) - raft.server.write.element-limit = 1024 (custom)
2023-01-30 12:43:52,790 [b85ec12f-6d7c-420e-915b-fc0cfcf21520@group-3D682945520C-LeaderElection12] INFO  server.RaftServerConfigKeys (ConfUtils.java:logGet(46)) - raft.server.write.byte-limit = 1024 M (=1073741824) (custom)
2023-01-30 12:43:52,793 [b85ec12f-6d7c-420e-915b-fc0cfcf21520@group-3D682945520C-LeaderElection12] INFO  server.RaftServerConfigKeys (ConfUtils.java:logGet(46)) - raft.server.watch.timeout = 180s (custom)
2023-01-30 12:43:52,793 [b85ec12f-6d7c-420e-915b-fc0cfcf21520@group-3D682945520C-LeaderElection12] INFO  server.RaftServerConfigKeys (ConfUtils.java:logGet(46)) - raft.server.watch.timeout.denomination = 1s (default)
2023-01-30 12:43:52,793 [b85ec12f-6d7c-420e-915b-fc0cfcf21520@group-3D682945520C-LeaderElection12] INFO  server.RaftServerConfigKeys (ConfUtils.java:logGet(46)) - raft.server.watch.element-limit = 65536 (default)
2023-01-30 12:43:52,793 [b85ec12f-6d7c-420e-915b-fc0cfcf21520@group-3D682945520C-LeaderElection12] INFO  server.RaftServerConfigKeys (ConfUtils.java:logGet(46)) - raft.server.write.element-limit = 1024 (custom)
2023-01-30 12:43:52,793 [b85ec12f-6d7c-420e-915b-fc0cfcf21520@group-3D682945520C-LeaderElection12] INFO  server.RaftServerConfigKeys (ConfUtils.java:logGet(46)) - raft.server.write.follower.gap.ratio.max = -1.0 (default)
2023-01-30 12:43:52,793 [b85ec12f-6d7c-420e-915b-fc0cfcf21520@group-3D682945520C-LeaderElection12] INFO  impl.RoleInfo (RoleInfo.java:updateAndGet(139)) - b85ec12f-6d7c-420e-915b-fc0cfcf21520: start b85ec12f-6d7c-420e-915b-fc0cfcf21520@group-3D682945520C-LeaderStateImpl
2023-01-30 12:43:52,793 [b85ec12f-6d7c-420e-915b-fc0cfcf21520@group-3D682945520C-LeaderElection12] INFO  segmented.SegmentedRaftLogWorker (SegmentedRaftLogWorker.java:startLogSegment(452)) - b85ec12f-6d7c-420e-915b-fc0cfcf21520@group-3D682945520C-SegmentedRaftLogWorker: Starting segment from index:0
2023-01-30 12:43:52,794 [b85ec12f-6d7c-420e-915b-fc0cfcf21520@group-3D682945520C-SegmentedRaftLogWorker] INFO  segmented.SegmentedRaftLogWorker (SegmentedRaftLogWorker.java:execute(656)) - b85ec12f-6d7c-420e-915b-fc0cfcf21520@group-3D682945520C-SegmentedRaftLogWorker: created new log segment /home/runner/work/ozone/ozone/hadoop-ozone/integration-test/target/test-dir/MiniOzoneClusterImpl-3373c666-e21d-449e-a922-fde15befd7fc/datanode-5/data/ratis/5f41d800-a2c8-4176-b4d7-3d682945520c/current/log_inprogress_0
2023-01-30 12:43:52,796 [b85ec12f-6d7c-420e-915b-fc0cfcf21520@group-3D682945520C-LeaderElection12] INFO  server.RaftServer$Division (ServerState.java:setRaftConf(430)) - b85ec12f-6d7c-420e-915b-fc0cfcf21520@group-3D682945520C: set configuration 0: peers:[b85ec12f-6d7c-420e-915b-fc0cfcf21520|rpc:10.1.0.50:35341|dataStream:10.1.0.50:45259|priority:1|startupRole:FOLLOWER]|listeners:[], old=null
2023-01-30 12:43:53,191 [Listener at 127.0.0.1/45319] INFO  ozone.MiniOzoneClusterImpl (MiniOzoneClusterImpl.java:lambda$waitForClusterToBeReady$0(218)) - Nodes are ready. Got 7 of 7 DN Heartbeats.
2023-01-30 12:43:53,191 [Listener at 127.0.0.1/45319] INFO  ozone.MiniOzoneClusterImpl (MiniOzoneClusterImpl.java:lambda$waitForClusterToBeReady$0(221)) - Cluster exits safe mode
2023-01-30 12:43:53,192 [Listener at 127.0.0.1/45319] INFO  ozone.MiniOzoneClusterImpl (MiniOzoneClusterImpl.java:lambda$waitForClusterToBeReady$0(223)) - SCM became leader
2023-01-30 12:43:53,314 [a53d6862-374f-4f5f-b714-76db3f2bc68b@group-1247B656147E-FollowerState] INFO  impl.FollowerState (FollowerState.java:run(143)) - a53d6862-374f-4f5f-b714-76db3f2bc68b@group-1247B656147E-FollowerState: change to CANDIDATE, lastRpcElapsedTime:5120684484ns, electionTimeout:5115ms
2023-01-30 12:43:53,315 [a53d6862-374f-4f5f-b714-76db3f2bc68b@group-1247B656147E-FollowerState] INFO  impl.RoleInfo (RoleInfo.java:shutdownFollowerState(110)) - a53d6862-374f-4f5f-b714-76db3f2bc68b: shutdown a53d6862-374f-4f5f-b714-76db3f2bc68b@group-1247B656147E-FollowerState
2023-01-30 12:43:53,315 [a53d6862-374f-4f5f-b714-76db3f2bc68b@group-1247B656147E-FollowerState] INFO  server.RaftServer$Division (RaftServerImpl.java:setRole(321)) - a53d6862-374f-4f5f-b714-76db3f2bc68b@group-1247B656147E: changes role from  FOLLOWER to CANDIDATE at term 0 for changeToCandidate
2023-01-30 12:43:53,315 [a53d6862-374f-4f5f-b714-76db3f2bc68b@group-1247B656147E-FollowerState] INFO  server.RaftServerConfigKeys (ConfUtils.java:logGet(46)) - raft.server.leaderelection.pre-vote = false (custom)
2023-01-30 12:43:53,315 [a53d6862-374f-4f5f-b714-76db3f2bc68b@group-1247B656147E-FollowerState] INFO  impl.RoleInfo (RoleInfo.java:updateAndGet(139)) - a53d6862-374f-4f5f-b714-76db3f2bc68b: start a53d6862-374f-4f5f-b714-76db3f2bc68b@group-1247B656147E-LeaderElection13
2023-01-30 12:43:53,327 [a53d6862-374f-4f5f-b714-76db3f2bc68b@group-1247B656147E-LeaderElection13] INFO  impl.LeaderElection (LeaderElection.java:askForVotes(312)) - a53d6862-374f-4f5f-b714-76db3f2bc68b@group-1247B656147E-LeaderElection13 ELECTION round 0: submit vote requests at term 1 for -1: peers:[a53d6862-374f-4f5f-b714-76db3f2bc68b|rpc:10.1.0.50:43971|dataStream:10.1.0.50:37485|priority:1|startupRole:FOLLOWER]|listeners:[], old=null
2023-01-30 12:43:53,327 [a53d6862-374f-4f5f-b714-76db3f2bc68b@group-1247B656147E-LeaderElection13] INFO  impl.LeaderElection (LeaderElection.java:askForVotes(314)) - a53d6862-374f-4f5f-b714-76db3f2bc68b@group-1247B656147E-LeaderElection13 ELECTION round 0: result PASSED (term=1)
2023-01-30 12:43:53,327 [a53d6862-374f-4f5f-b714-76db3f2bc68b@group-1247B656147E-LeaderElection13] INFO  impl.RoleInfo (RoleInfo.java:shutdownLeaderElection(130)) - a53d6862-374f-4f5f-b714-76db3f2bc68b: shutdown a53d6862-374f-4f5f-b714-76db3f2bc68b@group-1247B656147E-LeaderElection13
2023-01-30 12:43:53,327 [a53d6862-374f-4f5f-b714-76db3f2bc68b@group-1247B656147E-LeaderElection13] INFO  server.RaftServer$Division (RaftServerImpl.java:setRole(321)) - a53d6862-374f-4f5f-b714-76db3f2bc68b@group-1247B656147E: changes role from CANDIDATE to LEADER at term 1 for changeToLeader
2023-01-30 12:43:53,327 [a53d6862-374f-4f5f-b714-76db3f2bc68b@group-1247B656147E-LeaderElection13] INFO  ratis.XceiverServerRatis (XceiverServerRatis.java:handleLeaderChangedNotification(904)) - Leader change notification received for group: group-1247B656147E with new leaderId: a53d6862-374f-4f5f-b714-76db3f2bc68b
2023-01-30 12:43:53,327 [a53d6862-374f-4f5f-b714-76db3f2bc68b@group-1247B656147E-LeaderElection13] INFO  server.RaftServer$Division (ServerState.java:setLeader(313)) - a53d6862-374f-4f5f-b714-76db3f2bc68b@group-1247B656147E: change Leader from null to a53d6862-374f-4f5f-b714-76db3f2bc68b at term 1 for becomeLeader, leader elected after 5348ms
2023-01-30 12:43:53,327 [a53d6862-374f-4f5f-b714-76db3f2bc68b@group-1247B656147E-LeaderElection13] INFO  server.RaftServerConfigKeys (ConfUtils.java:logGet(46)) - raft.server.staging.catchup.gap = 1000 (default)
2023-01-30 12:43:53,329 [a53d6862-374f-4f5f-b714-76db3f2bc68b@group-1247B656147E-LeaderElection13] INFO  server.RaftServerConfigKeys (ConfUtils.java:logGet(46)) - raft.server.write.element-limit = 1024 (custom)
2023-01-30 12:43:53,329 [a53d6862-374f-4f5f-b714-76db3f2bc68b@group-1247B656147E-LeaderElection13] INFO  server.RaftServerConfigKeys (ConfUtils.java:logGet(46)) - raft.server.write.byte-limit = 1024 M (=1073741824) (custom)
2023-01-30 12:43:53,329 [a53d6862-374f-4f5f-b714-76db3f2bc68b@group-1247B656147E-LeaderElection13] INFO  server.RaftServerConfigKeys (ConfUtils.java:logGet(46)) - raft.server.watch.timeout = 180s (custom)
2023-01-30 12:43:53,329 [a53d6862-374f-4f5f-b714-76db3f2bc68b@group-1247B656147E-LeaderElection13] INFO  server.RaftServerConfigKeys (ConfUtils.java:logGet(46)) - raft.server.watch.timeout.denomination = 1s (default)
2023-01-30 12:43:53,329 [a53d6862-374f-4f5f-b714-76db3f2bc68b@group-1247B656147E-LeaderElection13] INFO  server.RaftServerConfigKeys (ConfUtils.java:logGet(46)) - raft.server.watch.element-limit = 65536 (default)
2023-01-30 12:43:53,329 [a53d6862-374f-4f5f-b714-76db3f2bc68b@group-1247B656147E-LeaderElection13] INFO  server.RaftServerConfigKeys (ConfUtils.java:logGet(46)) - raft.server.write.element-limit = 1024 (custom)
2023-01-30 12:43:53,329 [a53d6862-374f-4f5f-b714-76db3f2bc68b@group-1247B656147E-LeaderElection13] INFO  server.RaftServerConfigKeys (ConfUtils.java:logGet(46)) - raft.server.write.follower.gap.ratio.max = -1.0 (default)
2023-01-30 12:43:53,329 [a53d6862-374f-4f5f-b714-76db3f2bc68b@group-1247B656147E-LeaderElection13] INFO  impl.RoleInfo (RoleInfo.java:updateAndGet(139)) - a53d6862-374f-4f5f-b714-76db3f2bc68b: start a53d6862-374f-4f5f-b714-76db3f2bc68b@group-1247B656147E-LeaderStateImpl
2023-01-30 12:43:53,329 [a53d6862-374f-4f5f-b714-76db3f2bc68b@group-1247B656147E-LeaderElection13] INFO  segmented.SegmentedRaftLogWorker (SegmentedRaftLogWorker.java:startLogSegment(452)) - a53d6862-374f-4f5f-b714-76db3f2bc68b@group-1247B656147E-SegmentedRaftLogWorker: Starting segment from index:0
2023-01-30 12:43:53,331 [a53d6862-374f-4f5f-b714-76db3f2bc68b@group-1247B656147E-SegmentedRaftLogWorker] INFO  segmented.SegmentedRaftLogWorker (SegmentedRaftLogWorker.java:execute(656)) - a53d6862-374f-4f5f-b714-76db3f2bc68b@group-1247B656147E-SegmentedRaftLogWorker: created new log segment /home/runner/work/ozone/ozone/hadoop-ozone/integration-test/target/test-dir/MiniOzoneClusterImpl-3373c666-e21d-449e-a922-fde15befd7fc/datanode-6/data/ratis/d37c0e4e-a021-45d4-a9e2-1247b656147e/current/log_inprogress_0
2023-01-30 12:43:53,332 [a53d6862-374f-4f5f-b714-76db3f2bc68b@group-1247B656147E-LeaderElection13] INFO  server.RaftServer$Division (ServerState.java:setRaftConf(430)) - a53d6862-374f-4f5f-b714-76db3f2bc68b@group-1247B656147E: set configuration 0: peers:[a53d6862-374f-4f5f-b714-76db3f2bc68b|rpc:10.1.0.50:43971|dataStream:10.1.0.50:37485|priority:1|startupRole:FOLLOWER]|listeners:[], old=null
2023-01-30 12:43:53,619 [Listener at 127.0.0.1/45319] INFO  rpc.RpcClient (RpcClient.java:createVolume(474)) - Creating Volume: testblockoutputstream, with runner as owner and space quota set to -1 bytes, counts quota set to -1
2023-01-30 12:43:53,664 [OM StateMachine ApplyTransaction Thread - 0] INFO  volume.OMVolumeCreateRequest (OMVolumeCreateRequest.java:validateAndUpdateCache(195)) - created volume:testblockoutputstream for user:runner
2023-01-30 12:43:53,691 [Listener at 127.0.0.1/45319] INFO  rpc.RpcClient (RpcClient.java:createBucket(693)) - Creating Bucket: testblockoutputstream/testblockoutputstream, with server-side default bucket layout, runner as owner, Versioning false, Storage Type set to DISK and Encryption set to false 
2023-01-30 12:43:53,715 [OM StateMachine ApplyTransaction Thread - 0] INFO  bucket.OMBucketCreateRequest (OMBucketCreateRequest.java:validateAndUpdateCache(263)) - created bucket: testblockoutputstream of layout FILE_SYSTEM_OPTIMIZED in volume: testblockoutputstream
2023-01-30 12:43:53,728 [Time-limited test] INFO  impl.MetricsSystemImpl (MetricsSystemImpl.java:init(158)) - XceiverClientMetrics metrics system started (again)
2023-01-30 12:43:53,789 [IPC Server handler 0 on default port 37131] INFO  ha.SequenceIdGenerator (SequenceIdGenerator.java:getNextId(128)) - Allocate a batch for containerId, change lastId from 0 to 1000.
2023-01-30 12:43:53,799 [IPC Server handler 0 on default port 37131] WARN  ha.SequenceIdGenerator (SequenceIdGenerator.java:allocateBatch(237)) - Failed to allocate a batch for localId, expected lastId is 0, actual lastId is 111677748019200000.
2023-01-30 12:43:53,800 [IPC Server handler 0 on default port 37131] INFO  ha.SequenceIdGenerator (SequenceIdGenerator.java:getNextId(128)) - Allocate a batch for localId, change lastId from 111677748019200000 to 111677748019201000.
]]></system-out>
  </testcase>
  <testcase name="testMultiChunkWrite2" classname="org.apache.hadoop.ozone.client.rpc.TestBlockOutputStreamFlushDelay" time="0.144"/>
  <testcase name="testMultiChunkWrite" classname="org.apache.hadoop.ozone.client.rpc.TestBlockOutputStreamFlushDelay" time="0.039">
    <failure type="java.lang.AssertionError"><![CDATA[java.lang.AssertionError: expected:<1> but was:<0>
	at org.junit.Assert.fail(Assert.java:89)
	at org.junit.Assert.failNotEquals(Assert.java:835)
	at org.junit.Assert.assertEquals(Assert.java:647)
	at org.junit.Assert.assertEquals(Assert.java:633)
	at org.apache.hadoop.ozone.client.rpc.TestBlockOutputStreamFlushDelay.testMultiChunkWrite(TestBlockOutputStreamFlushDelay.java:347)
	at sun.reflect.NativeMethodAccessorImpl.invoke0(Native Method)
	at sun.reflect.NativeMethodAccessorImpl.invoke(NativeMethodAccessorImpl.java:62)
	at sun.reflect.DelegatingMethodAccessorImpl.invoke(DelegatingMethodAccessorImpl.java:43)
	at java.lang.reflect.Method.invoke(Method.java:498)
	at org.junit.runners.model.FrameworkMethod$1.runReflectiveCall(FrameworkMethod.java:59)
	at org.junit.internal.runners.model.ReflectiveCallable.run(ReflectiveCallable.java:12)
	at org.junit.runners.model.FrameworkMethod.invokeExplosively(FrameworkMethod.java:56)
	at org.junit.internal.runners.statements.InvokeMethod.evaluate(InvokeMethod.java:17)
	at org.junit.internal.runners.statements.FailOnTimeout$CallableStatement.call(FailOnTimeout.java:288)
	at org.junit.internal.runners.statements.FailOnTimeout$CallableStatement.call(FailOnTimeout.java:282)
	at java.util.concurrent.FutureTask.run(FutureTask.java:266)
	at java.lang.Thread.run(Thread.java:750)
]]></failure>
  </testcase>
  <testcase name="testFullBufferCondition" classname="org.apache.hadoop.ozone.client.rpc.TestBlockOutputStreamFlushDelay" time="0.19"/>
  <testcase name="testBufferCaching" classname="org.apache.hadoop.ozone.client.rpc.TestBlockOutputStreamFlushDelay" time="0.078"/>
  <testcase name="testWriteWithExceedingMaxBufferLimit" classname="org.apache.hadoop.ozone.client.rpc.TestBlockOutputStreamFlushDelay" time="0.162"/>
</testsuite>