<?xml version="1.0" encoding="UTF-8"?>
<testsuite xmlns:xsi="http://www.w3.org/2001/XMLSchema-instance" xsi:noNamespaceSchemaLocation="https://maven.apache.org/surefire/maven-surefire-plugin/xsd/surefire-test-report.xsd" name="org.apache.hadoop.ozone.om.TestOzoneManagerHAMetadataOnly" time="196.083" tests="10" errors="0" skipped="2" failures="1">
  <properties>
    <property name="awt.toolkit" value="sun.awt.X11.XToolkit"/>
    <property name="file.encoding.pkg" value="sun.io"/>
    <property name="java.specification.version" value="1.8"/>
    <property name="sun.cpu.isalist" value=""/>
    <property name="sun.jnu.encoding" value="ANSI_X3.4-1968"/>
    <property name="java.class.path" value="/github/workspace/mnt/ozone/hadoop-ozone/integration-test/target/test-classes:/github/workspace/mnt/ozone/hadoop-ozone/integration-test/target/classes:/home/user/.m2/repository/org/apache/hadoop/hadoop-ozone-common/1.1.0-SNAPSHOT/hadoop-ozone-common-1.1.0-SNAPSHOT.jar:/home/user/.m2/repository/org/apache/commons/commons-compress/1.4.1/commons-compress-1.4.1.jar:/home/user/.m2/repository/org/tukaani/xz/1.0/xz-1.0.jar:/home/user/.m2/repository/org/apache/hadoop/hadoop-hdds-common/1.1.0-SNAPSHOT/hadoop-hdds-common-1.1.0-SNAPSHOT.jar:/home/user/.m2/repository/org/apache/hadoop/hadoop-hdds-hadoop-dependency-client/1.1.0-SNAPSHOT/hadoop-hdds-hadoop-dependency-client-1.1.0-SNAPSHOT.jar:/home/user/.m2/repository/info/picocli/picocli/4.4.0/picocli-4.4.0.jar:/home/user/.m2/repository/com/fasterxml/jackson/core/jackson-annotations/2.10.3/jackson-annotations-2.10.3.jar:/home/user/.m2/repository/javax/annotation/javax.annotation-api/1.2/javax.annotation-api-1.2.jar:/home/user/.m2/repository/org/apache/ratis/ratis-server/1.1.0-913f5a4-SNAPSHOT/ratis-server-1.1.0-913f5a4-SNAPSHOT.jar:/home/user/.m2/repository/org/apache/ratis/ratis-client/1.1.0-913f5a4-SNAPSHOT/ratis-client-1.1.0-913f5a4-SNAPSHOT.jar:/home/user/.m2/repository/org/apache/ratis/ratis-metrics/1.1.0-913f5a4-SNAPSHOT/ratis-metrics-1.1.0-913f5a4-SNAPSHOT.jar:/home/user/.m2/repository/org/apache/ratis/ratis-netty/1.1.0-913f5a4-SNAPSHOT/ratis-netty-1.1.0-913f5a4-SNAPSHOT.jar:/home/user/.m2/repository/org/apache/ratis/ratis-grpc/1.1.0-913f5a4-SNAPSHOT/ratis-grpc-1.1.0-913f5a4-SNAPSHOT.jar:/home/user/.m2/repository/org/apache/logging/log4j/log4j-api/2.13.3/log4j-api-2.13.3.jar:/home/user/.m2/repository/org/apache/logging/log4j/log4j-core/2.13.3/log4j-core-2.13.3.jar:/home/user/.m2/repository/com/lmax/disruptor/3.4.2/disruptor-3.4.2.jar:/home/user/.m2/repository/org/apache/commons/commons-pool2/2.6.0/commons-pool2-2.6.0.jar:/home/user/.m2/repository/org/bouncycastle/bcpkix-jdk15on/1.60/bcpkix-jdk15on-1.60.jar:/home/user/.m2/repository/commons-validator/commons-validator/1.6/commons-validator-1.6.jar:/home/user/.m2/repository/commons-digester/commons-digester/1.8.1/commons-digester-1.8.1.jar:/home/user/.m2/repository/io/jaegertracing/jaeger-client/1.2.0/jaeger-client-1.2.0.jar:/home/user/.m2/repository/io/jaegertracing/jaeger-thrift/1.2.0/jaeger-thrift-1.2.0.jar:/home/user/.m2/repository/org/apache/thrift/libthrift/0.13.0/libthrift-0.13.0.jar:/home/user/.m2/repository/com/squareup/okhttp3/okhttp/4.2.2/okhttp-4.2.2.jar:/home/user/.m2/repository/com/squareup/okio/okio/2.2.2/okio-2.2.2.jar:/home/user/.m2/repository/org/jetbrains/kotlin/kotlin-stdlib/1.3.50/kotlin-stdlib-1.3.50.jar:/home/user/.m2/repository/org/jetbrains/kotlin/kotlin-stdlib-common/1.3.50/kotlin-stdlib-common-1.3.50.jar:/home/user/.m2/repository/org/jetbrains/annotations/13.0/annotations-13.0.jar:/home/user/.m2/repository/io/jaegertracing/jaeger-core/1.2.0/jaeger-core-1.2.0.jar:/home/user/.m2/repository/io/jaegertracing/jaeger-tracerresolver/1.2.0/jaeger-tracerresolver-1.2.0.jar:/home/user/.m2/repository/io/opentracing/contrib/opentracing-tracerresolver/0.1.8/opentracing-tracerresolver-0.1.8.jar:/home/user/.m2/repository/io/opentracing/opentracing-util/0.33.0/opentracing-util-0.33.0.jar:/home/user/.m2/repository/io/opentracing/opentracing-api/0.33.0/opentracing-api-0.33.0.jar:/home/user/.m2/repository/io/opentracing/opentracing-noop/0.33.0/opentracing-noop-0.33.0.jar:/home/user/.m2/repository/org/apache/hadoop/hadoop-hdds-client/1.1.0-SNAPSHOT/hadoop-hdds-client-1.1.0-SNAPSHOT.jar:/home/user/.m2/repository/org/apache/hadoop/hadoop-ozone-interface-client/1.1.0-SNAPSHOT/hadoop-ozone-interface-client-1.1.0-SNAPSHOT.jar:/home/user/.m2/repository/org/apache/hadoop/hadoop-hdds-test-utils/1.1.0-SNAPSHOT/hadoop-hdds-test-utils-1.1.0-SNAPSHOT.jar:/home/user/.m2/repository/com/google/guava/guava/28.2-jre/guava-28.2-jre.jar:/home/user/.m2/repository/com/google/guava/failureaccess/1.0.1/failureaccess-1.0.1.jar:/home/user/.m2/repository/com/google/guava/listenablefuture/9999.0-empty-to-avoid-conflict-with-guava/listenablefuture-9999.0-empty-to-avoid-conflict-with-guava.jar:/home/user/.m2/repository/com/google/code/findbugs/jsr305/3.0.0/jsr305-3.0.0.jar:/home/user/.m2/repository/org/checkerframework/checker-qual/2.10.0/checker-qual-2.10.0.jar:/home/user/.m2/repository/com/google/errorprone/error_prone_annotations/2.2.0/error_prone_annotations-2.2.0.jar:/home/user/.m2/repository/com/google/j2objc/j2objc-annotations/1.3/j2objc-annotations-1.3.jar:/home/user/.m2/repository/commons-io/commons-io/2.5/commons-io-2.5.jar:/home/user/.m2/repository/commons-logging/commons-logging/1.2/commons-logging-1.2.jar:/home/user/.m2/repository/log4j/log4j/1.2.17/log4j-1.2.17.jar:/home/user/.m2/repository/org/slf4j/slf4j-api/1.7.25/slf4j-api-1.7.25.jar:/home/user/.m2/repository/org/apache/hadoop/hadoop-hdds-server-scm/1.1.0-SNAPSHOT/hadoop-hdds-server-scm-1.1.0-SNAPSHOT.jar:/home/user/.m2/repository/org/apache/hadoop/hadoop-hdds-container-service/1.1.0-SNAPSHOT/hadoop-hdds-container-service-1.1.0-SNAPSHOT.jar:/home/user/.m2/repository/org/apache/hadoop/hadoop-hdds-hadoop-dependency-server/1.1.0-SNAPSHOT/hadoop-hdds-hadoop-dependency-server-1.1.0-SNAPSHOT.jar:/home/user/.m2/repository/org/apache/hadoop/hadoop-hdds-server-framework/1.1.0-SNAPSHOT/hadoop-hdds-server-framework-1.1.0-SNAPSHOT.jar:/home/user/.m2/repository/org/apache/hadoop/hadoop-hdds-interface-server/1.1.0-SNAPSHOT/hadoop-hdds-interface-server-1.1.0-SNAPSHOT.jar:/home/user/.m2/repository/org/apache/hadoop/hadoop-hdds-interface-admin/1.1.0-SNAPSHOT/hadoop-hdds-interface-admin-1.1.0-SNAPSHOT.jar:/home/user/.m2/repository/org/rocksdb/rocksdbjni/6.8.1/rocksdbjni-6.8.1.jar:/home/user/.m2/repository/io/prometheus/simpleclient_dropwizard/0.7.0/simpleclient_dropwizard-0.7.0.jar:/home/user/.m2/repository/io/prometheus/simpleclient/0.7.0/simpleclient-0.7.0.jar:/home/user/.m2/repository/io/prometheus/simpleclient_common/0.7.0/simpleclient_common-0.7.0.jar:/home/user/.m2/repository/com/fasterxml/jackson/datatype/jackson-datatype-jsr310/2.10.3/jackson-datatype-jsr310-2.10.3.jar:/home/user/.m2/repository/io/dropwizard/metrics/metrics-core/3.2.4/metrics-core-3.2.4.jar:/home/user/.m2/repository/org/apache/hadoop/hadoop-hdfs-client/3.2.1/hadoop-hdfs-client-3.2.1.jar:/home/user/.m2/repository/org/bouncycastle/bcprov-jdk15on/1.60/bcprov-jdk15on-1.60.jar:/home/user/.m2/repository/org/apache/hadoop/hadoop-ozone-ozone-manager/1.1.0-SNAPSHOT/hadoop-ozone-ozone-manager-1.1.0-SNAPSHOT.jar:/home/user/.m2/repository/org/apache/hadoop/hadoop-hdds-interface-client/1.1.0-SNAPSHOT/hadoop-hdds-interface-client-1.1.0-SNAPSHOT.jar:/home/user/.m2/repository/org/apache/ratis/ratis-thirdparty-misc/0.6.0-SNAPSHOT/ratis-thirdparty-misc-0.6.0-SNAPSHOT.jar:/home/user/.m2/repository/org/apache/hadoop/hadoop-ozone-interface-storage/1.1.0-SNAPSHOT/hadoop-ozone-interface-storage-1.1.0-SNAPSHOT.jar:/home/user/.m2/repository/org/apache/hadoop/hadoop-minikdc/3.2.1/hadoop-minikdc-3.2.1.jar:/home/user/.m2/repository/org/apache/kerby/kerb-simplekdc/1.0.1/kerb-simplekdc-1.0.1.jar:/home/user/.m2/repository/org/apache/kerby/kerb-client/1.0.1/kerb-client-1.0.1.jar:/home/user/.m2/repository/org/apache/kerby/kerby-config/1.0.1/kerby-config-1.0.1.jar:/home/user/.m2/repository/org/apache/kerby/kerb-core/1.0.1/kerb-core-1.0.1.jar:/home/user/.m2/repository/org/apache/kerby/kerby-pkix/1.0.1/kerby-pkix-1.0.1.jar:/home/user/.m2/repository/org/apache/kerby/kerby-asn1/1.0.1/kerby-asn1-1.0.1.jar:/home/user/.m2/repository/org/apache/kerby/kerby-util/1.0.1/kerby-util-1.0.1.jar:/home/user/.m2/repository/org/apache/kerby/kerb-common/1.0.1/kerb-common-1.0.1.jar:/home/user/.m2/repository/org/apache/kerby/kerb-crypto/1.0.1/kerb-crypto-1.0.1.jar:/home/user/.m2/repository/org/apache/kerby/kerb-util/1.0.1/kerb-util-1.0.1.jar:/home/user/.m2/repository/org/apache/kerby/token-provider/1.0.1/token-provider-1.0.1.jar:/home/user/.m2/repository/org/apache/kerby/kerb-admin/1.0.1/kerb-admin-1.0.1.jar:/home/user/.m2/repository/org/apache/kerby/kerb-server/1.0.1/kerb-server-1.0.1.jar:/home/user/.m2/repository/org/apache/kerby/kerb-identity/1.0.1/kerb-identity-1.0.1.jar:/home/user/.m2/repository/org/apache/kerby/kerby-xdr/1.0.1/kerby-xdr-1.0.1.jar:/home/user/.m2/repository/org/slf4j/slf4j-log4j12/1.7.25/slf4j-log4j12-1.7.25.jar:/home/user/.m2/repository/org/apache/hadoop/hadoop-ozone-s3gateway/1.1.0-SNAPSHOT/hadoop-ozone-s3gateway-1.1.0-SNAPSHOT.jar:/home/user/.m2/repository/org/jboss/weld/servlet/weld-servlet/2.4.7.Final/weld-servlet-2.4.7.Final.jar:/home/user/.m2/repository/org/glassfish/jersey/containers/jersey-container-servlet-core/2.27/jersey-container-servlet-core-2.27.jar:/home/user/.m2/repository/org/glassfish/hk2/external/javax.inject/2.5.0-b42/javax.inject-2.5.0-b42.jar:/home/user/.m2/repository/org/glassfish/jersey/core/jersey-common/2.27/jersey-common-2.27.jar:/home/user/.m2/repository/org/glassfish/hk2/osgi-resource-locator/1.0.1/osgi-resource-locator-1.0.1.jar:/home/user/.m2/repository/javax/ws/rs/javax.ws.rs-api/2.1/javax.ws.rs-api-2.1.jar:/home/user/.m2/repository/org/glassfish/jersey/ext/cdi/jersey-cdi1x/2.27/jersey-cdi1x-2.27.jar:/home/user/.m2/repository/org/glassfish/jersey/inject/jersey-hk2/2.27/jersey-hk2-2.27.jar:/home/user/.m2/repository/org/glassfish/hk2/hk2-locator/2.5.0-b42/hk2-locator-2.5.0-b42.jar:/home/user/.m2/repository/org/javassist/javassist/3.22.0-CR2/javassist-3.22.0-CR2.jar:/home/user/.m2/repository/org/glassfish/hk2/hk2-api/2.5.0/hk2-api-2.5.0.jar:/home/user/.m2/repository/org/glassfish/hk2/external/jakarta.inject/2.5.0/jakarta.inject-2.5.0.jar:/home/user/.m2/repository/org/glassfish/hk2/hk2-utils/2.5.0/hk2-utils-2.5.0.jar:/home/user/.m2/repository/jakarta/annotation/jakarta.annotation-api/1.3.4/jakarta.annotation-api-1.3.4.jar:/home/user/.m2/repository/org/glassfish/hk2/external/aopalliance-repackaged/2.5.0/aopalliance-repackaged-2.5.0.jar:/home/user/.m2/repository/com/fasterxml/jackson/dataformat/jackson-dataformat-xml/2.10.3/jackson-dataformat-xml-2.10.3.jar:/home/user/.m2/repository/com/fasterxml/jackson/core/jackson-core/2.10.3/jackson-core-2.10.3.jar:/home/user/.m2/repository/com/fasterxml/jackson/module/jackson-module-jaxb-annotations/2.10.3/jackson-module-jaxb-annotations-2.10.3.jar:/home/user/.m2/repository/jakarta/xml/bind/jakarta.xml.bind-api/2.3.2/jakarta.xml.bind-api-2.3.2.jar:/home/user/.m2/repository/jakarta/activation/jakarta.activation-api/1.2.1/jakarta.activation-api-1.2.1.jar:/home/user/.m2/repository/org/codehaus/woodstox/stax2-api/3.1.4/stax2-api-3.1.4.jar:/home/user/.m2/repository/com/fasterxml/woodstox/woodstox-core/5.0.3/woodstox-core-5.0.3.jar:/home/user/.m2/repository/javax/enterprise/cdi-api/1.2/cdi-api-1.2.jar:/home/user/.m2/repository/javax/el/javax.el-api/3.0.0/javax.el-api-3.0.0.jar:/home/user/.m2/repository/javax/interceptor/javax.interceptor-api/1.2/javax.interceptor-api-1.2.jar:/home/user/.m2/repository/javax/inject/javax.inject/1/javax.inject-1.jar:/home/user/.m2/repository/com/sun/xml/bind/jaxb-impl/2.3.0.1/jaxb-impl-2.3.0.1.jar:/home/user/.m2/repository/com/sun/xml/bind/jaxb-core/2.3.0.1/jaxb-core-2.3.0.1.jar:/home/user/.m2/repository/javax/xml/bind/jaxb-api/2.3.0/jaxb-api-2.3.0.jar:/home/user/.m2/repository/javax/activation/activation/1.1.1/activation-1.1.1.jar:/home/user/.m2/repository/org/apache/hadoop/hadoop-ozone-csi/1.1.0-SNAPSHOT/hadoop-ozone-csi-1.1.0-SNAPSHOT.jar:/home/user/.m2/repository/com/google/protobuf/protobuf-java-util/3.11.0/protobuf-java-util-3.11.0.jar:/home/user/.m2/repository/com/google/code/gson/gson/2.2.4/gson-2.2.4.jar:/home/user/.m2/repository/org/apache/hadoop/hadoop-hdds-config/1.1.0-SNAPSHOT/hadoop-hdds-config-1.1.0-SNAPSHOT.jar:/home/user/.m2/repository/com/google/protobuf/protobuf-java/2.5.0/protobuf-java-2.5.0.jar:/home/user/.m2/repository/io/grpc/grpc-netty/1.29.0/grpc-netty-1.29.0.jar:/home/user/.m2/repository/io/grpc/grpc-core/1.29.0/grpc-core-1.29.0.jar:/home/user/.m2/repository/com/google/android/annotations/4.1.1.4/annotations-4.1.1.4.jar:/home/user/.m2/repository/io/perfmark/perfmark-api/0.19.0/perfmark-api-0.19.0.jar:/home/user/.m2/repository/io/netty/netty-codec-http2/4.1.48.Final/netty-codec-http2-4.1.48.Final.jar:/home/user/.m2/repository/io/netty/netty-codec/4.1.48.Final/netty-codec-4.1.48.Final.jar:/home/user/.m2/repository/io/netty/netty-handler/4.1.48.Final/netty-handler-4.1.48.Final.jar:/home/user/.m2/repository/io/netty/netty-codec-http/4.1.48.Final/netty-codec-http-4.1.48.Final.jar:/home/user/.m2/repository/io/netty/netty-handler-proxy/4.1.48.Final/netty-handler-proxy-4.1.48.Final.jar:/home/user/.m2/repository/io/netty/netty-codec-socks/4.1.48.Final/netty-codec-socks-4.1.48.Final.jar:/home/user/.m2/repository/io/netty/netty-transport-native-epoll/4.1.48.Final/netty-transport-native-epoll-4.1.48.Final.jar:/home/user/.m2/repository/io/netty/netty-common/4.1.48.Final/netty-common-4.1.48.Final.jar:/home/user/.m2/repository/io/netty/netty-buffer/4.1.48.Final/netty-buffer-4.1.48.Final.jar:/home/user/.m2/repository/io/netty/netty-transport/4.1.48.Final/netty-transport-4.1.48.Final.jar:/home/user/.m2/repository/io/netty/netty-resolver/4.1.48.Final/netty-resolver-4.1.48.Final.jar:/home/user/.m2/repository/io/netty/netty-transport-native-unix-common/4.1.48.Final/netty-transport-native-unix-common-4.1.48.Final.jar:/home/user/.m2/repository/io/grpc/grpc-protobuf/1.29.0/grpc-protobuf-1.29.0.jar:/home/user/.m2/repository/io/grpc/grpc-api/1.29.0/grpc-api-1.29.0.jar:/home/user/.m2/repository/io/grpc/grpc-context/1.29.0/grpc-context-1.29.0.jar:/home/user/.m2/repository/org/codehaus/mojo/animal-sniffer-annotations/1.18/animal-sniffer-annotations-1.18.jar:/home/user/.m2/repository/com/google/api/grpc/proto-google-common-protos/1.17.0/proto-google-common-protos-1.17.0.jar:/home/user/.m2/repository/io/grpc/grpc-protobuf-lite/1.29.0/grpc-protobuf-lite-1.29.0.jar:/home/user/.m2/repository/io/grpc/grpc-stub/1.29.0/grpc-stub-1.29.0.jar:/home/user/.m2/repository/org/apache/hadoop/hadoop-ozone-recon/1.1.0-SNAPSHOT/hadoop-ozone-recon-1.1.0-SNAPSHOT.jar:/home/user/.m2/repository/org/apache/hadoop/hadoop-ozone-reconcodegen/1.1.0-SNAPSHOT/hadoop-ozone-reconcodegen-1.1.0-SNAPSHOT.jar:/home/user/.m2/repository/com/google/inject/extensions/guice-multibindings/4.0/guice-multibindings-4.0.jar:/home/user/.m2/repository/com/google/inject/guice/4.0/guice-4.0.jar:/home/user/.m2/repository/aopalliance/aopalliance/1.0/aopalliance-1.0.jar:/home/user/.m2/repository/com/google/inject/extensions/guice-assistedinject/4.0/guice-assistedinject-4.0.jar:/home/user/.m2/repository/com/google/inject/extensions/guice-servlet/4.0/guice-servlet-4.0.jar:/home/user/.m2/repository/org/glassfish/jersey/containers/jersey-container-servlet/2.27/jersey-container-servlet-2.27.jar:/home/user/.m2/repository/org/glassfish/hk2/guice-bridge/2.5.0/guice-bridge-2.5.0.jar:/home/user/.m2/repository/org/glassfish/jersey/core/jersey-server/2.27/jersey-server-2.27.jar:/home/user/.m2/repository/org/glassfish/jersey/core/jersey-client/2.27/jersey-client-2.27.jar:/home/user/.m2/repository/org/glassfish/jersey/media/jersey-media-jaxb/2.27/jersey-media-jaxb-2.27.jar:/home/user/.m2/repository/javax/validation/validation-api/1.1.0.Final/validation-api-1.1.0.Final.jar:/home/user/.m2/repository/org/glassfish/jersey/media/jersey-media-json-jackson/2.27/jersey-media-json-jackson-2.27.jar:/home/user/.m2/repository/org/glassfish/jersey/ext/jersey-entity-filtering/2.27/jersey-entity-filtering-2.27.jar:/home/user/.m2/repository/org/jooq/jooq/3.11.10/jooq-3.11.10.jar:/home/user/.m2/repository/org/jooq/jooq-meta/3.11.10/jooq-meta-3.11.10.jar:/home/user/.m2/repository/org/jooq/jooq-codegen/3.11.10/jooq-codegen-3.11.10.jar:/home/user/.m2/repository/com/jolbox/bonecp/0.8.0.RELEASE/bonecp-0.8.0.RELEASE.jar:/home/user/.m2/repository/org/apache/derby/derby/10.14.2.0/derby-10.14.2.0.jar:/home/user/.m2/repository/org/xerial/sqlite-jdbc/3.25.2/sqlite-jdbc-3.25.2.jar:/home/user/.m2/repository/org/springframework/spring-jdbc/5.2.5.RELEASE/spring-jdbc-5.2.5.RELEASE.jar:/home/user/.m2/repository/org/springframework/spring-beans/5.2.5.RELEASE/spring-beans-5.2.5.RELEASE.jar:/home/user/.m2/repository/org/springframework/spring-core/5.2.5.RELEASE/spring-core-5.2.5.RELEASE.jar:/home/user/.m2/repository/org/springframework/spring-jcl/5.2.5.RELEASE/spring-jcl-5.2.5.RELEASE.jar:/home/user/.m2/repository/org/springframework/spring-tx/5.2.5.RELEASE/spring-tx-5.2.5.RELEASE.jar:/home/user/.m2/repository/org/apache/hadoop/hadoop-ozone-client/1.1.0-SNAPSHOT/hadoop-ozone-client-1.1.0-SNAPSHOT.jar:/home/user/.m2/repository/org/apache/hadoop/hadoop-ozone-filesystem/1.1.0-SNAPSHOT/hadoop-ozone-filesystem-1.1.0-SNAPSHOT.jar:/home/user/.m2/repository/org/apache/hadoop/hadoop-ozone-filesystem-common/1.1.0-SNAPSHOT/hadoop-ozone-filesystem-common-1.1.0-SNAPSHOT.jar:/home/user/.m2/repository/org/apache/hadoop/hadoop-ozone-tools/1.1.0-SNAPSHOT/hadoop-ozone-tools-1.1.0-SNAPSHOT.jar:/home/user/.m2/repository/org/apache/hadoop/hadoop-hdfs/3.2.1/hadoop-hdfs-3.2.1.jar:/home/user/.m2/repository/org/apache/ratis/ratis-tools/1.1.0-913f5a4-SNAPSHOT/ratis-tools-1.1.0-913f5a4-SNAPSHOT.jar:/home/user/.m2/repository/org/apache/ratis/ratis-proto/1.1.0-913f5a4-SNAPSHOT/ratis-proto-1.1.0-913f5a4-SNAPSHOT.jar:/home/user/.m2/repository/org/apache/ratis/ratis-common/1.1.0-913f5a4-SNAPSHOT/ratis-common-1.1.0-913f5a4-SNAPSHOT.jar:/home/user/.m2/repository/com/amazonaws/aws-java-sdk-core/1.11.615/aws-java-sdk-core-1.11.615.jar:/home/user/.m2/repository/org/apache/httpcomponents/httpclient/4.5.13/httpclient-4.5.13.jar:/home/user/.m2/repository/org/apache/httpcomponents/httpcore/4.4.13/httpcore-4.4.13.jar:/home/user/.m2/repository/software/amazon/ion/ion-java/1.0.2/ion-java-1.0.2.jar:/home/user/.m2/repository/com/fasterxml/jackson/dataformat/jackson-dataformat-cbor/2.10.3/jackson-dataformat-cbor-2.10.3.jar:/home/user/.m2/repository/joda-time/joda-time/2.8.1/joda-time-2.8.1.jar:/home/user/.m2/repository/com/amazonaws/aws-java-sdk-s3/1.11.615/aws-java-sdk-s3-1.11.615.jar:/home/user/.m2/repository/com/amazonaws/aws-java-sdk-kms/1.11.615/aws-java-sdk-kms-1.11.615.jar:/home/user/.m2/repository/com/amazonaws/jmespath-java/1.11.615/jmespath-java-1.11.615.jar:/home/user/.m2/repository/org/kohsuke/metainf-services/metainf-services/1.8/metainf-services-1.8.jar:/home/user/.m2/repository/org/apache/hadoop/hadoop-hdds-tools/1.1.0-SNAPSHOT/hadoop-hdds-tools-1.1.0-SNAPSHOT.jar:/home/user/.m2/repository/commons-cli/commons-cli/1.2/commons-cli-1.2.jar:/home/user/.m2/repository/org/apache/commons/commons-lang3/3.7/commons-lang3-3.7.jar:/home/user/.m2/repository/org/apache/hadoop/hadoop-ozone-ozone-manager/1.1.0-SNAPSHOT/hadoop-ozone-ozone-manager-1.1.0-SNAPSHOT-tests.jar:/home/user/.m2/repository/junit/junit/4.11/junit-4.11.jar:/home/user/.m2/repository/org/hamcrest/hamcrest-core/1.3/hamcrest-core-1.3.jar:/home/user/.m2/repository/org/openjdk/jmh/jmh-core/1.19/jmh-core-1.19.jar:/home/user/.m2/repository/net/sf/jopt-simple/jopt-simple/4.6/jopt-simple-4.6.jar:/home/user/.m2/repository/org/apache/commons/commons-math3/3.1.1/commons-math3-3.1.1.jar:/home/user/.m2/repository/org/openjdk/jmh/jmh-generator-annprocess/1.19/jmh-generator-annprocess-1.19.jar:/home/user/.m2/repository/org/mockito/mockito-all/1.8.5/mockito-all-1.8.5.jar:/home/user/.m2/repository/org/apache/hadoop/hadoop-kms/3.2.1/hadoop-kms-3.2.1.jar:/home/user/.m2/repository/org/apache/hadoop/hadoop-auth/3.2.1/hadoop-auth-3.2.1.jar:/home/user/.m2/repository/com/nimbusds/nimbus-jose-jwt/7.9/nimbus-jose-jwt-7.9.jar:/home/user/.m2/repository/com/github/stephenc/jcip/jcip-annotations/1.0-1/jcip-annotations-1.0-1.jar:/home/user/.m2/repository/net/minidev/json-smart/2.3/json-smart-2.3.jar:/home/user/.m2/repository/net/minidev/accessors-smart/1.2/accessors-smart-1.2.jar:/home/user/.m2/repository/org/ow2/asm/asm/5.0.4/asm-5.0.4.jar:/home/user/.m2/repository/org/apache/zookeeper/zookeeper/3.4.13/zookeeper-3.4.13.jar:/home/user/.m2/repository/org/apache/yetus/audience-annotations/0.5.0/audience-annotations-0.5.0.jar:/home/user/.m2/repository/org/apache/curator/curator-framework/2.13.0/curator-framework-2.13.0.jar:/home/user/.m2/repository/com/sun/jersey/jersey-core/1.19/jersey-core-1.19.jar:/home/user/.m2/repository/javax/ws/rs/jsr311-api/1.1.1/jsr311-api-1.1.1.jar:/home/user/.m2/repository/com/sun/jersey/jersey-server/1.19/jersey-server-1.19.jar:/home/user/.m2/repository/javax/servlet/javax.servlet-api/3.1.0/javax.servlet-api-3.1.0.jar:/home/user/.m2/repository/org/eclipse/jetty/jetty-server/9.4.34.v20201102/jetty-server-9.4.34.v20201102.jar:/home/user/.m2/repository/org/eclipse/jetty/jetty-http/9.4.34.v20201102/jetty-http-9.4.34.v20201102.jar:/home/user/.m2/repository/org/eclipse/jetty/jetty-io/9.4.34.v20201102/jetty-io-9.4.34.v20201102.jar:/home/user/.m2/repository/org/eclipse/jetty/jetty-webapp/9.4.34.v20201102/jetty-webapp-9.4.34.v20201102.jar:/home/user/.m2/repository/org/eclipse/jetty/jetty-xml/9.4.34.v20201102/jetty-xml-9.4.34.v20201102.jar:/home/user/.m2/repository/org/eclipse/jetty/jetty-servlet/9.4.34.v20201102/jetty-servlet-9.4.34.v20201102.jar:/home/user/.m2/repository/org/eclipse/jetty/jetty-security/9.4.34.v20201102/jetty-security-9.4.34.v20201102.jar:/home/user/.m2/repository/org/apache/hadoop/hadoop-common/3.2.1/hadoop-common-3.2.1.jar:/home/user/.m2/repository/commons-net/commons-net/3.6/commons-net-3.6.jar:/home/user/.m2/repository/commons-collections/commons-collections/3.2.2/commons-collections-3.2.2.jar:/home/user/.m2/repository/com/sun/jersey/jersey-servlet/1.19/jersey-servlet-1.19.jar:/home/user/.m2/repository/com/sun/jersey/jersey-json/1.19/jersey-json-1.19.jar:/home/user/.m2/repository/org/codehaus/jettison/jettison/1.1/jettison-1.1.jar:/home/user/.m2/repository/org/codehaus/jackson/jackson-jaxrs/1.9.2/jackson-jaxrs-1.9.2.jar:/home/user/.m2/repository/org/codehaus/jackson/jackson-xc/1.9.2/jackson-xc-1.9.2.jar:/home/user/.m2/repository/commons-beanutils/commons-beanutils/1.9.4/commons-beanutils-1.9.4.jar:/home/user/.m2/repository/org/apache/commons/commons-configuration2/2.1.1/commons-configuration2-2.1.1.jar:/home/user/.m2/repository/org/apache/commons/commons-text/1.4/commons-text-1.4.jar:/home/user/.m2/repository/com/google/re2j/re2j/1.1/re2j-1.1.jar:/home/user/.m2/repository/com/jcraft/jsch/0.1.54/jsch-0.1.54.jar:/home/user/.m2/repository/org/apache/curator/curator-client/2.13.0/curator-client-2.13.0.jar:/home/user/.m2/repository/org/apache/curator/curator-recipes/2.13.0/curator-recipes-2.13.0.jar:/home/user/.m2/repository/dnsjava/dnsjava/2.1.7/dnsjava-2.1.7.jar:/home/user/.m2/repository/org/slf4j/jul-to-slf4j/1.7.25/jul-to-slf4j-1.7.25.jar:/home/user/.m2/repository/org/eclipse/jetty/jetty-util/9.4.34.v20201102/jetty-util-9.4.34.v20201102.jar:/home/user/.m2/repository/com/fasterxml/jackson/core/jackson-databind/2.10.3/jackson-databind-2.10.3.jar:/home/user/.m2/repository/org/apache/hadoop/hadoop-kms/3.2.1/hadoop-kms-3.2.1-tests.jar:/home/user/.m2/repository/org/apache/hadoop/hadoop-hdds-server-scm/1.1.0-SNAPSHOT/hadoop-hdds-server-scm-1.1.0-SNAPSHOT-tests.jar:/home/user/.m2/repository/org/apache/hadoop/hadoop-hdds-container-service/1.1.0-SNAPSHOT/hadoop-hdds-container-service-1.1.0-SNAPSHOT-tests.jar:/home/user/.m2/repository/org/apache/hadoop/hadoop-hdds-common/1.1.0-SNAPSHOT/hadoop-hdds-common-1.1.0-SNAPSHOT-tests.jar:/home/user/.m2/repository/org/yaml/snakeyaml/1.16/snakeyaml-1.16.jar:/home/user/.m2/repository/org/apache/hadoop/hadoop-hdds-hadoop-dependency-test/1.1.0-SNAPSHOT/hadoop-hdds-hadoop-dependency-test-1.1.0-SNAPSHOT.jar:/home/user/.m2/repository/org/apache/hadoop/hadoop-common/3.2.1/hadoop-common-3.2.1-tests.jar:/home/user/.m2/repository/javax/servlet/jsp/jsp-api/2.1/jsp-api-2.1.jar:/home/user/.m2/repository/org/apache/hadoop/hadoop-hdfs/3.2.1/hadoop-hdfs-3.2.1-tests.jar:/home/user/.m2/repository/org/eclipse/jetty/jetty-util-ajax/9.4.34.v20201102/jetty-util-ajax-9.4.34.v20201102.jar:/home/user/.m2/repository/commons-codec/commons-codec/1.11/commons-codec-1.11.jar:/home/user/.m2/repository/commons-daemon/commons-daemon/1.0.13/commons-daemon-1.0.13.jar:/home/user/.m2/repository/io/netty/netty/3.10.5.Final/netty-3.10.5.Final.jar:/home/user/.m2/repository/io/netty/netty-all/4.1.48.Final/netty-all-4.1.48.Final.jar:/home/user/.m2/repository/org/apache/htrace/htrace-core4/4.1.0-incubating/htrace-core4-4.1.0-incubating.jar:/home/user/.m2/repository/org/fusesource/leveldbjni/leveldbjni-all/1.8/leveldbjni-all-1.8.jar:/home/user/.m2/repository/org/apache/hadoop/hadoop-distcp/3.2.1/hadoop-distcp-3.2.1.jar:/home/user/.m2/repository/org/apache/hadoop/hadoop-mapreduce-client-jobclient/3.2.1/hadoop-mapreduce-client-jobclient-3.2.1.jar:/home/user/.m2/repository/org/apache/hadoop/hadoop-mapreduce-client-common/3.2.1/hadoop-mapreduce-client-common-3.2.1.jar:/home/user/.m2/repository/org/apache/hadoop/hadoop-yarn-common/3.2.1/hadoop-yarn-common-3.2.1.jar:/home/user/.m2/repository/org/apache/hadoop/hadoop-yarn-api/3.2.1/hadoop-yarn-api-3.2.1.jar:/home/user/.m2/repository/com/sun/jersey/jersey-client/1.19/jersey-client-1.19.jar:/home/user/.m2/repository/com/sun/jersey/contribs/jersey-guice/1.19/jersey-guice-1.19.jar:/home/user/.m2/repository/com/fasterxml/jackson/jaxrs/jackson-jaxrs-json-provider/2.10.3/jackson-jaxrs-json-provider-2.10.3.jar:/home/user/.m2/repository/com/fasterxml/jackson/jaxrs/jackson-jaxrs-base/2.10.3/jackson-jaxrs-base-2.10.3.jar:/home/user/.m2/repository/org/apache/hadoop/hadoop-yarn-client/3.2.1/hadoop-yarn-client-3.2.1.jar:/home/user/.m2/repository/org/apache/hadoop/hadoop-mapreduce-client-core/3.2.1/hadoop-mapreduce-client-core-3.2.1.jar:/home/user/.m2/repository/org/apache/avro/avro/1.7.7/avro-1.7.7.jar:/home/user/.m2/repository/org/codehaus/jackson/jackson-core-asl/1.9.13/jackson-core-asl-1.9.13.jar:/home/user/.m2/repository/org/codehaus/jackson/jackson-mapper-asl/1.9.13/jackson-mapper-asl-1.9.13.jar:/home/user/.m2/repository/com/thoughtworks/paranamer/paranamer/2.3/paranamer-2.3.jar:/home/user/.m2/repository/org/xerial/snappy/snappy-java/1.0.5/snappy-java-1.0.5.jar:/home/user/.m2/repository/org/apache/hadoop/hadoop-annotations/3.2.1/hadoop-annotations-3.2.1.jar:/usr/lib/jvm/java-1.8.0-openjdk-1.8.0.232.b09-0.el7_7.x86_64/jre/../lib/tools.jar:/home/user/.m2/repository/org/apache/hadoop/hadoop-distcp/3.2.1/hadoop-distcp-3.2.1-tests.jar:"/>
    <property name="java.vm.vendor" value="Oracle Corporation"/>
    <property name="sun.arch.data.model" value="64"/>
    <property name="test.build.dir" value="/github/workspace/mnt/ozone/hadoop-ozone/integration-test/target/test-dir"/>
    <property name="test.cache.data" value=""/>
    <property name="java.vendor.url" value="http://java.oracle.com/"/>
    <property name="user.timezone" value=""/>
    <property name="java.vm.specification.version" value="1.8"/>
    <property name="os.name" value="Linux"/>
    <property name="test.build.data" value="/github/workspace/mnt/ozone/hadoop-ozone/integration-test/target/test-dir"/>
    <property name="user.country" value="US"/>
    <property name="sun.java.launcher" value="SUN_STANDARD"/>
    <property name="sun.boot.library.path" value="/usr/lib/jvm/java-1.8.0-openjdk-1.8.0.232.b09-0.el7_7.x86_64/jre/lib/amd64"/>
    <property name="sun.java.command" value="/github/workspace/mnt/ozone/hadoop-ozone/integration-test/target/surefire/surefirebooter7657668401936244340.jar /github/workspace/mnt/ozone/hadoop-ozone/integration-test/target/surefire 2020-11-21T01-14-20_197-jvmRun1 surefire6969435980613085781tmp surefire_137144565304704541749tmp"/>
    <property name="surefire.test.class.path" value="/github/workspace/mnt/ozone/hadoop-ozone/integration-test/target/test-classes:/github/workspace/mnt/ozone/hadoop-ozone/integration-test/target/classes:/home/user/.m2/repository/org/apache/hadoop/hadoop-ozone-common/1.1.0-SNAPSHOT/hadoop-ozone-common-1.1.0-SNAPSHOT.jar:/home/user/.m2/repository/org/apache/commons/commons-compress/1.4.1/commons-compress-1.4.1.jar:/home/user/.m2/repository/org/tukaani/xz/1.0/xz-1.0.jar:/home/user/.m2/repository/org/apache/hadoop/hadoop-hdds-common/1.1.0-SNAPSHOT/hadoop-hdds-common-1.1.0-SNAPSHOT.jar:/home/user/.m2/repository/org/apache/hadoop/hadoop-hdds-hadoop-dependency-client/1.1.0-SNAPSHOT/hadoop-hdds-hadoop-dependency-client-1.1.0-SNAPSHOT.jar:/home/user/.m2/repository/info/picocli/picocli/4.4.0/picocli-4.4.0.jar:/home/user/.m2/repository/com/fasterxml/jackson/core/jackson-annotations/2.10.3/jackson-annotations-2.10.3.jar:/home/user/.m2/repository/javax/annotation/javax.annotation-api/1.2/javax.annotation-api-1.2.jar:/home/user/.m2/repository/org/apache/ratis/ratis-server/1.1.0-913f5a4-SNAPSHOT/ratis-server-1.1.0-913f5a4-SNAPSHOT.jar:/home/user/.m2/repository/org/apache/ratis/ratis-client/1.1.0-913f5a4-SNAPSHOT/ratis-client-1.1.0-913f5a4-SNAPSHOT.jar:/home/user/.m2/repository/org/apache/ratis/ratis-metrics/1.1.0-913f5a4-SNAPSHOT/ratis-metrics-1.1.0-913f5a4-SNAPSHOT.jar:/home/user/.m2/repository/org/apache/ratis/ratis-netty/1.1.0-913f5a4-SNAPSHOT/ratis-netty-1.1.0-913f5a4-SNAPSHOT.jar:/home/user/.m2/repository/org/apache/ratis/ratis-grpc/1.1.0-913f5a4-SNAPSHOT/ratis-grpc-1.1.0-913f5a4-SNAPSHOT.jar:/home/user/.m2/repository/org/apache/logging/log4j/log4j-api/2.13.3/log4j-api-2.13.3.jar:/home/user/.m2/repository/org/apache/logging/log4j/log4j-core/2.13.3/log4j-core-2.13.3.jar:/home/user/.m2/repository/com/lmax/disruptor/3.4.2/disruptor-3.4.2.jar:/home/user/.m2/repository/org/apache/commons/commons-pool2/2.6.0/commons-pool2-2.6.0.jar:/home/user/.m2/repository/org/bouncycastle/bcpkix-jdk15on/1.60/bcpkix-jdk15on-1.60.jar:/home/user/.m2/repository/commons-validator/commons-validator/1.6/commons-validator-1.6.jar:/home/user/.m2/repository/commons-digester/commons-digester/1.8.1/commons-digester-1.8.1.jar:/home/user/.m2/repository/io/jaegertracing/jaeger-client/1.2.0/jaeger-client-1.2.0.jar:/home/user/.m2/repository/io/jaegertracing/jaeger-thrift/1.2.0/jaeger-thrift-1.2.0.jar:/home/user/.m2/repository/org/apache/thrift/libthrift/0.13.0/libthrift-0.13.0.jar:/home/user/.m2/repository/com/squareup/okhttp3/okhttp/4.2.2/okhttp-4.2.2.jar:/home/user/.m2/repository/com/squareup/okio/okio/2.2.2/okio-2.2.2.jar:/home/user/.m2/repository/org/jetbrains/kotlin/kotlin-stdlib/1.3.50/kotlin-stdlib-1.3.50.jar:/home/user/.m2/repository/org/jetbrains/kotlin/kotlin-stdlib-common/1.3.50/kotlin-stdlib-common-1.3.50.jar:/home/user/.m2/repository/org/jetbrains/annotations/13.0/annotations-13.0.jar:/home/user/.m2/repository/io/jaegertracing/jaeger-core/1.2.0/jaeger-core-1.2.0.jar:/home/user/.m2/repository/io/jaegertracing/jaeger-tracerresolver/1.2.0/jaeger-tracerresolver-1.2.0.jar:/home/user/.m2/repository/io/opentracing/contrib/opentracing-tracerresolver/0.1.8/opentracing-tracerresolver-0.1.8.jar:/home/user/.m2/repository/io/opentracing/opentracing-util/0.33.0/opentracing-util-0.33.0.jar:/home/user/.m2/repository/io/opentracing/opentracing-api/0.33.0/opentracing-api-0.33.0.jar:/home/user/.m2/repository/io/opentracing/opentracing-noop/0.33.0/opentracing-noop-0.33.0.jar:/home/user/.m2/repository/org/apache/hadoop/hadoop-hdds-client/1.1.0-SNAPSHOT/hadoop-hdds-client-1.1.0-SNAPSHOT.jar:/home/user/.m2/repository/org/apache/hadoop/hadoop-ozone-interface-client/1.1.0-SNAPSHOT/hadoop-ozone-interface-client-1.1.0-SNAPSHOT.jar:/home/user/.m2/repository/org/apache/hadoop/hadoop-hdds-test-utils/1.1.0-SNAPSHOT/hadoop-hdds-test-utils-1.1.0-SNAPSHOT.jar:/home/user/.m2/repository/com/google/guava/guava/28.2-jre/guava-28.2-jre.jar:/home/user/.m2/repository/com/google/guava/failureaccess/1.0.1/failureaccess-1.0.1.jar:/home/user/.m2/repository/com/google/guava/listenablefuture/9999.0-empty-to-avoid-conflict-with-guava/listenablefuture-9999.0-empty-to-avoid-conflict-with-guava.jar:/home/user/.m2/repository/com/google/code/findbugs/jsr305/3.0.0/jsr305-3.0.0.jar:/home/user/.m2/repository/org/checkerframework/checker-qual/2.10.0/checker-qual-2.10.0.jar:/home/user/.m2/repository/com/google/errorprone/error_prone_annotations/2.2.0/error_prone_annotations-2.2.0.jar:/home/user/.m2/repository/com/google/j2objc/j2objc-annotations/1.3/j2objc-annotations-1.3.jar:/home/user/.m2/repository/commons-io/commons-io/2.5/commons-io-2.5.jar:/home/user/.m2/repository/commons-logging/commons-logging/1.2/commons-logging-1.2.jar:/home/user/.m2/repository/log4j/log4j/1.2.17/log4j-1.2.17.jar:/home/user/.m2/repository/org/slf4j/slf4j-api/1.7.25/slf4j-api-1.7.25.jar:/home/user/.m2/repository/org/apache/hadoop/hadoop-hdds-server-scm/1.1.0-SNAPSHOT/hadoop-hdds-server-scm-1.1.0-SNAPSHOT.jar:/home/user/.m2/repository/org/apache/hadoop/hadoop-hdds-container-service/1.1.0-SNAPSHOT/hadoop-hdds-container-service-1.1.0-SNAPSHOT.jar:/home/user/.m2/repository/org/apache/hadoop/hadoop-hdds-hadoop-dependency-server/1.1.0-SNAPSHOT/hadoop-hdds-hadoop-dependency-server-1.1.0-SNAPSHOT.jar:/home/user/.m2/repository/org/apache/hadoop/hadoop-hdds-server-framework/1.1.0-SNAPSHOT/hadoop-hdds-server-framework-1.1.0-SNAPSHOT.jar:/home/user/.m2/repository/org/apache/hadoop/hadoop-hdds-interface-server/1.1.0-SNAPSHOT/hadoop-hdds-interface-server-1.1.0-SNAPSHOT.jar:/home/user/.m2/repository/org/apache/hadoop/hadoop-hdds-interface-admin/1.1.0-SNAPSHOT/hadoop-hdds-interface-admin-1.1.0-SNAPSHOT.jar:/home/user/.m2/repository/org/rocksdb/rocksdbjni/6.8.1/rocksdbjni-6.8.1.jar:/home/user/.m2/repository/io/prometheus/simpleclient_dropwizard/0.7.0/simpleclient_dropwizard-0.7.0.jar:/home/user/.m2/repository/io/prometheus/simpleclient/0.7.0/simpleclient-0.7.0.jar:/home/user/.m2/repository/io/prometheus/simpleclient_common/0.7.0/simpleclient_common-0.7.0.jar:/home/user/.m2/repository/com/fasterxml/jackson/datatype/jackson-datatype-jsr310/2.10.3/jackson-datatype-jsr310-2.10.3.jar:/home/user/.m2/repository/io/dropwizard/metrics/metrics-core/3.2.4/metrics-core-3.2.4.jar:/home/user/.m2/repository/org/apache/hadoop/hadoop-hdfs-client/3.2.1/hadoop-hdfs-client-3.2.1.jar:/home/user/.m2/repository/org/bouncycastle/bcprov-jdk15on/1.60/bcprov-jdk15on-1.60.jar:/home/user/.m2/repository/org/apache/hadoop/hadoop-ozone-ozone-manager/1.1.0-SNAPSHOT/hadoop-ozone-ozone-manager-1.1.0-SNAPSHOT.jar:/home/user/.m2/repository/org/apache/hadoop/hadoop-hdds-interface-client/1.1.0-SNAPSHOT/hadoop-hdds-interface-client-1.1.0-SNAPSHOT.jar:/home/user/.m2/repository/org/apache/ratis/ratis-thirdparty-misc/0.6.0-SNAPSHOT/ratis-thirdparty-misc-0.6.0-SNAPSHOT.jar:/home/user/.m2/repository/org/apache/hadoop/hadoop-ozone-interface-storage/1.1.0-SNAPSHOT/hadoop-ozone-interface-storage-1.1.0-SNAPSHOT.jar:/home/user/.m2/repository/org/apache/hadoop/hadoop-minikdc/3.2.1/hadoop-minikdc-3.2.1.jar:/home/user/.m2/repository/org/apache/kerby/kerb-simplekdc/1.0.1/kerb-simplekdc-1.0.1.jar:/home/user/.m2/repository/org/apache/kerby/kerb-client/1.0.1/kerb-client-1.0.1.jar:/home/user/.m2/repository/org/apache/kerby/kerby-config/1.0.1/kerby-config-1.0.1.jar:/home/user/.m2/repository/org/apache/kerby/kerb-core/1.0.1/kerb-core-1.0.1.jar:/home/user/.m2/repository/org/apache/kerby/kerby-pkix/1.0.1/kerby-pkix-1.0.1.jar:/home/user/.m2/repository/org/apache/kerby/kerby-asn1/1.0.1/kerby-asn1-1.0.1.jar:/home/user/.m2/repository/org/apache/kerby/kerby-util/1.0.1/kerby-util-1.0.1.jar:/home/user/.m2/repository/org/apache/kerby/kerb-common/1.0.1/kerb-common-1.0.1.jar:/home/user/.m2/repository/org/apache/kerby/kerb-crypto/1.0.1/kerb-crypto-1.0.1.jar:/home/user/.m2/repository/org/apache/kerby/kerb-util/1.0.1/kerb-util-1.0.1.jar:/home/user/.m2/repository/org/apache/kerby/token-provider/1.0.1/token-provider-1.0.1.jar:/home/user/.m2/repository/org/apache/kerby/kerb-admin/1.0.1/kerb-admin-1.0.1.jar:/home/user/.m2/repository/org/apache/kerby/kerb-server/1.0.1/kerb-server-1.0.1.jar:/home/user/.m2/repository/org/apache/kerby/kerb-identity/1.0.1/kerb-identity-1.0.1.jar:/home/user/.m2/repository/org/apache/kerby/kerby-xdr/1.0.1/kerby-xdr-1.0.1.jar:/home/user/.m2/repository/org/slf4j/slf4j-log4j12/1.7.25/slf4j-log4j12-1.7.25.jar:/home/user/.m2/repository/org/apache/hadoop/hadoop-ozone-s3gateway/1.1.0-SNAPSHOT/hadoop-ozone-s3gateway-1.1.0-SNAPSHOT.jar:/home/user/.m2/repository/org/jboss/weld/servlet/weld-servlet/2.4.7.Final/weld-servlet-2.4.7.Final.jar:/home/user/.m2/repository/org/glassfish/jersey/containers/jersey-container-servlet-core/2.27/jersey-container-servlet-core-2.27.jar:/home/user/.m2/repository/org/glassfish/hk2/external/javax.inject/2.5.0-b42/javax.inject-2.5.0-b42.jar:/home/user/.m2/repository/org/glassfish/jersey/core/jersey-common/2.27/jersey-common-2.27.jar:/home/user/.m2/repository/org/glassfish/hk2/osgi-resource-locator/1.0.1/osgi-resource-locator-1.0.1.jar:/home/user/.m2/repository/javax/ws/rs/javax.ws.rs-api/2.1/javax.ws.rs-api-2.1.jar:/home/user/.m2/repository/org/glassfish/jersey/ext/cdi/jersey-cdi1x/2.27/jersey-cdi1x-2.27.jar:/home/user/.m2/repository/org/glassfish/jersey/inject/jersey-hk2/2.27/jersey-hk2-2.27.jar:/home/user/.m2/repository/org/glassfish/hk2/hk2-locator/2.5.0-b42/hk2-locator-2.5.0-b42.jar:/home/user/.m2/repository/org/javassist/javassist/3.22.0-CR2/javassist-3.22.0-CR2.jar:/home/user/.m2/repository/org/glassfish/hk2/hk2-api/2.5.0/hk2-api-2.5.0.jar:/home/user/.m2/repository/org/glassfish/hk2/external/jakarta.inject/2.5.0/jakarta.inject-2.5.0.jar:/home/user/.m2/repository/org/glassfish/hk2/hk2-utils/2.5.0/hk2-utils-2.5.0.jar:/home/user/.m2/repository/jakarta/annotation/jakarta.annotation-api/1.3.4/jakarta.annotation-api-1.3.4.jar:/home/user/.m2/repository/org/glassfish/hk2/external/aopalliance-repackaged/2.5.0/aopalliance-repackaged-2.5.0.jar:/home/user/.m2/repository/com/fasterxml/jackson/dataformat/jackson-dataformat-xml/2.10.3/jackson-dataformat-xml-2.10.3.jar:/home/user/.m2/repository/com/fasterxml/jackson/core/jackson-core/2.10.3/jackson-core-2.10.3.jar:/home/user/.m2/repository/com/fasterxml/jackson/module/jackson-module-jaxb-annotations/2.10.3/jackson-module-jaxb-annotations-2.10.3.jar:/home/user/.m2/repository/jakarta/xml/bind/jakarta.xml.bind-api/2.3.2/jakarta.xml.bind-api-2.3.2.jar:/home/user/.m2/repository/jakarta/activation/jakarta.activation-api/1.2.1/jakarta.activation-api-1.2.1.jar:/home/user/.m2/repository/org/codehaus/woodstox/stax2-api/3.1.4/stax2-api-3.1.4.jar:/home/user/.m2/repository/com/fasterxml/woodstox/woodstox-core/5.0.3/woodstox-core-5.0.3.jar:/home/user/.m2/repository/javax/enterprise/cdi-api/1.2/cdi-api-1.2.jar:/home/user/.m2/repository/javax/el/javax.el-api/3.0.0/javax.el-api-3.0.0.jar:/home/user/.m2/repository/javax/interceptor/javax.interceptor-api/1.2/javax.interceptor-api-1.2.jar:/home/user/.m2/repository/javax/inject/javax.inject/1/javax.inject-1.jar:/home/user/.m2/repository/com/sun/xml/bind/jaxb-impl/2.3.0.1/jaxb-impl-2.3.0.1.jar:/home/user/.m2/repository/com/sun/xml/bind/jaxb-core/2.3.0.1/jaxb-core-2.3.0.1.jar:/home/user/.m2/repository/javax/xml/bind/jaxb-api/2.3.0/jaxb-api-2.3.0.jar:/home/user/.m2/repository/javax/activation/activation/1.1.1/activation-1.1.1.jar:/home/user/.m2/repository/org/apache/hadoop/hadoop-ozone-csi/1.1.0-SNAPSHOT/hadoop-ozone-csi-1.1.0-SNAPSHOT.jar:/home/user/.m2/repository/com/google/protobuf/protobuf-java-util/3.11.0/protobuf-java-util-3.11.0.jar:/home/user/.m2/repository/com/google/code/gson/gson/2.2.4/gson-2.2.4.jar:/home/user/.m2/repository/org/apache/hadoop/hadoop-hdds-config/1.1.0-SNAPSHOT/hadoop-hdds-config-1.1.0-SNAPSHOT.jar:/home/user/.m2/repository/com/google/protobuf/protobuf-java/2.5.0/protobuf-java-2.5.0.jar:/home/user/.m2/repository/io/grpc/grpc-netty/1.29.0/grpc-netty-1.29.0.jar:/home/user/.m2/repository/io/grpc/grpc-core/1.29.0/grpc-core-1.29.0.jar:/home/user/.m2/repository/com/google/android/annotations/4.1.1.4/annotations-4.1.1.4.jar:/home/user/.m2/repository/io/perfmark/perfmark-api/0.19.0/perfmark-api-0.19.0.jar:/home/user/.m2/repository/io/netty/netty-codec-http2/4.1.48.Final/netty-codec-http2-4.1.48.Final.jar:/home/user/.m2/repository/io/netty/netty-codec/4.1.48.Final/netty-codec-4.1.48.Final.jar:/home/user/.m2/repository/io/netty/netty-handler/4.1.48.Final/netty-handler-4.1.48.Final.jar:/home/user/.m2/repository/io/netty/netty-codec-http/4.1.48.Final/netty-codec-http-4.1.48.Final.jar:/home/user/.m2/repository/io/netty/netty-handler-proxy/4.1.48.Final/netty-handler-proxy-4.1.48.Final.jar:/home/user/.m2/repository/io/netty/netty-codec-socks/4.1.48.Final/netty-codec-socks-4.1.48.Final.jar:/home/user/.m2/repository/io/netty/netty-transport-native-epoll/4.1.48.Final/netty-transport-native-epoll-4.1.48.Final.jar:/home/user/.m2/repository/io/netty/netty-common/4.1.48.Final/netty-common-4.1.48.Final.jar:/home/user/.m2/repository/io/netty/netty-buffer/4.1.48.Final/netty-buffer-4.1.48.Final.jar:/home/user/.m2/repository/io/netty/netty-transport/4.1.48.Final/netty-transport-4.1.48.Final.jar:/home/user/.m2/repository/io/netty/netty-resolver/4.1.48.Final/netty-resolver-4.1.48.Final.jar:/home/user/.m2/repository/io/netty/netty-transport-native-unix-common/4.1.48.Final/netty-transport-native-unix-common-4.1.48.Final.jar:/home/user/.m2/repository/io/grpc/grpc-protobuf/1.29.0/grpc-protobuf-1.29.0.jar:/home/user/.m2/repository/io/grpc/grpc-api/1.29.0/grpc-api-1.29.0.jar:/home/user/.m2/repository/io/grpc/grpc-context/1.29.0/grpc-context-1.29.0.jar:/home/user/.m2/repository/org/codehaus/mojo/animal-sniffer-annotations/1.18/animal-sniffer-annotations-1.18.jar:/home/user/.m2/repository/com/google/api/grpc/proto-google-common-protos/1.17.0/proto-google-common-protos-1.17.0.jar:/home/user/.m2/repository/io/grpc/grpc-protobuf-lite/1.29.0/grpc-protobuf-lite-1.29.0.jar:/home/user/.m2/repository/io/grpc/grpc-stub/1.29.0/grpc-stub-1.29.0.jar:/home/user/.m2/repository/org/apache/hadoop/hadoop-ozone-recon/1.1.0-SNAPSHOT/hadoop-ozone-recon-1.1.0-SNAPSHOT.jar:/home/user/.m2/repository/org/apache/hadoop/hadoop-ozone-reconcodegen/1.1.0-SNAPSHOT/hadoop-ozone-reconcodegen-1.1.0-SNAPSHOT.jar:/home/user/.m2/repository/com/google/inject/extensions/guice-multibindings/4.0/guice-multibindings-4.0.jar:/home/user/.m2/repository/com/google/inject/guice/4.0/guice-4.0.jar:/home/user/.m2/repository/aopalliance/aopalliance/1.0/aopalliance-1.0.jar:/home/user/.m2/repository/com/google/inject/extensions/guice-assistedinject/4.0/guice-assistedinject-4.0.jar:/home/user/.m2/repository/com/google/inject/extensions/guice-servlet/4.0/guice-servlet-4.0.jar:/home/user/.m2/repository/org/glassfish/jersey/containers/jersey-container-servlet/2.27/jersey-container-servlet-2.27.jar:/home/user/.m2/repository/org/glassfish/hk2/guice-bridge/2.5.0/guice-bridge-2.5.0.jar:/home/user/.m2/repository/org/glassfish/jersey/core/jersey-server/2.27/jersey-server-2.27.jar:/home/user/.m2/repository/org/glassfish/jersey/core/jersey-client/2.27/jersey-client-2.27.jar:/home/user/.m2/repository/org/glassfish/jersey/media/jersey-media-jaxb/2.27/jersey-media-jaxb-2.27.jar:/home/user/.m2/repository/javax/validation/validation-api/1.1.0.Final/validation-api-1.1.0.Final.jar:/home/user/.m2/repository/org/glassfish/jersey/media/jersey-media-json-jackson/2.27/jersey-media-json-jackson-2.27.jar:/home/user/.m2/repository/org/glassfish/jersey/ext/jersey-entity-filtering/2.27/jersey-entity-filtering-2.27.jar:/home/user/.m2/repository/org/jooq/jooq/3.11.10/jooq-3.11.10.jar:/home/user/.m2/repository/org/jooq/jooq-meta/3.11.10/jooq-meta-3.11.10.jar:/home/user/.m2/repository/org/jooq/jooq-codegen/3.11.10/jooq-codegen-3.11.10.jar:/home/user/.m2/repository/com/jolbox/bonecp/0.8.0.RELEASE/bonecp-0.8.0.RELEASE.jar:/home/user/.m2/repository/org/apache/derby/derby/10.14.2.0/derby-10.14.2.0.jar:/home/user/.m2/repository/org/xerial/sqlite-jdbc/3.25.2/sqlite-jdbc-3.25.2.jar:/home/user/.m2/repository/org/springframework/spring-jdbc/5.2.5.RELEASE/spring-jdbc-5.2.5.RELEASE.jar:/home/user/.m2/repository/org/springframework/spring-beans/5.2.5.RELEASE/spring-beans-5.2.5.RELEASE.jar:/home/user/.m2/repository/org/springframework/spring-core/5.2.5.RELEASE/spring-core-5.2.5.RELEASE.jar:/home/user/.m2/repository/org/springframework/spring-jcl/5.2.5.RELEASE/spring-jcl-5.2.5.RELEASE.jar:/home/user/.m2/repository/org/springframework/spring-tx/5.2.5.RELEASE/spring-tx-5.2.5.RELEASE.jar:/home/user/.m2/repository/org/apache/hadoop/hadoop-ozone-client/1.1.0-SNAPSHOT/hadoop-ozone-client-1.1.0-SNAPSHOT.jar:/home/user/.m2/repository/org/apache/hadoop/hadoop-ozone-filesystem/1.1.0-SNAPSHOT/hadoop-ozone-filesystem-1.1.0-SNAPSHOT.jar:/home/user/.m2/repository/org/apache/hadoop/hadoop-ozone-filesystem-common/1.1.0-SNAPSHOT/hadoop-ozone-filesystem-common-1.1.0-SNAPSHOT.jar:/home/user/.m2/repository/org/apache/hadoop/hadoop-ozone-tools/1.1.0-SNAPSHOT/hadoop-ozone-tools-1.1.0-SNAPSHOT.jar:/home/user/.m2/repository/org/apache/hadoop/hadoop-hdfs/3.2.1/hadoop-hdfs-3.2.1.jar:/home/user/.m2/repository/org/apache/ratis/ratis-tools/1.1.0-913f5a4-SNAPSHOT/ratis-tools-1.1.0-913f5a4-SNAPSHOT.jar:/home/user/.m2/repository/org/apache/ratis/ratis-proto/1.1.0-913f5a4-SNAPSHOT/ratis-proto-1.1.0-913f5a4-SNAPSHOT.jar:/home/user/.m2/repository/org/apache/ratis/ratis-common/1.1.0-913f5a4-SNAPSHOT/ratis-common-1.1.0-913f5a4-SNAPSHOT.jar:/home/user/.m2/repository/com/amazonaws/aws-java-sdk-core/1.11.615/aws-java-sdk-core-1.11.615.jar:/home/user/.m2/repository/org/apache/httpcomponents/httpclient/4.5.13/httpclient-4.5.13.jar:/home/user/.m2/repository/org/apache/httpcomponents/httpcore/4.4.13/httpcore-4.4.13.jar:/home/user/.m2/repository/software/amazon/ion/ion-java/1.0.2/ion-java-1.0.2.jar:/home/user/.m2/repository/com/fasterxml/jackson/dataformat/jackson-dataformat-cbor/2.10.3/jackson-dataformat-cbor-2.10.3.jar:/home/user/.m2/repository/joda-time/joda-time/2.8.1/joda-time-2.8.1.jar:/home/user/.m2/repository/com/amazonaws/aws-java-sdk-s3/1.11.615/aws-java-sdk-s3-1.11.615.jar:/home/user/.m2/repository/com/amazonaws/aws-java-sdk-kms/1.11.615/aws-java-sdk-kms-1.11.615.jar:/home/user/.m2/repository/com/amazonaws/jmespath-java/1.11.615/jmespath-java-1.11.615.jar:/home/user/.m2/repository/org/kohsuke/metainf-services/metainf-services/1.8/metainf-services-1.8.jar:/home/user/.m2/repository/org/apache/hadoop/hadoop-hdds-tools/1.1.0-SNAPSHOT/hadoop-hdds-tools-1.1.0-SNAPSHOT.jar:/home/user/.m2/repository/commons-cli/commons-cli/1.2/commons-cli-1.2.jar:/home/user/.m2/repository/org/apache/commons/commons-lang3/3.7/commons-lang3-3.7.jar:/home/user/.m2/repository/org/apache/hadoop/hadoop-ozone-ozone-manager/1.1.0-SNAPSHOT/hadoop-ozone-ozone-manager-1.1.0-SNAPSHOT-tests.jar:/home/user/.m2/repository/junit/junit/4.11/junit-4.11.jar:/home/user/.m2/repository/org/hamcrest/hamcrest-core/1.3/hamcrest-core-1.3.jar:/home/user/.m2/repository/org/openjdk/jmh/jmh-core/1.19/jmh-core-1.19.jar:/home/user/.m2/repository/net/sf/jopt-simple/jopt-simple/4.6/jopt-simple-4.6.jar:/home/user/.m2/repository/org/apache/commons/commons-math3/3.1.1/commons-math3-3.1.1.jar:/home/user/.m2/repository/org/openjdk/jmh/jmh-generator-annprocess/1.19/jmh-generator-annprocess-1.19.jar:/home/user/.m2/repository/org/mockito/mockito-all/1.8.5/mockito-all-1.8.5.jar:/home/user/.m2/repository/org/apache/hadoop/hadoop-kms/3.2.1/hadoop-kms-3.2.1.jar:/home/user/.m2/repository/org/apache/hadoop/hadoop-auth/3.2.1/hadoop-auth-3.2.1.jar:/home/user/.m2/repository/com/nimbusds/nimbus-jose-jwt/7.9/nimbus-jose-jwt-7.9.jar:/home/user/.m2/repository/com/github/stephenc/jcip/jcip-annotations/1.0-1/jcip-annotations-1.0-1.jar:/home/user/.m2/repository/net/minidev/json-smart/2.3/json-smart-2.3.jar:/home/user/.m2/repository/net/minidev/accessors-smart/1.2/accessors-smart-1.2.jar:/home/user/.m2/repository/org/ow2/asm/asm/5.0.4/asm-5.0.4.jar:/home/user/.m2/repository/org/apache/zookeeper/zookeeper/3.4.13/zookeeper-3.4.13.jar:/home/user/.m2/repository/org/apache/yetus/audience-annotations/0.5.0/audience-annotations-0.5.0.jar:/home/user/.m2/repository/org/apache/curator/curator-framework/2.13.0/curator-framework-2.13.0.jar:/home/user/.m2/repository/com/sun/jersey/jersey-core/1.19/jersey-core-1.19.jar:/home/user/.m2/repository/javax/ws/rs/jsr311-api/1.1.1/jsr311-api-1.1.1.jar:/home/user/.m2/repository/com/sun/jersey/jersey-server/1.19/jersey-server-1.19.jar:/home/user/.m2/repository/javax/servlet/javax.servlet-api/3.1.0/javax.servlet-api-3.1.0.jar:/home/user/.m2/repository/org/eclipse/jetty/jetty-server/9.4.34.v20201102/jetty-server-9.4.34.v20201102.jar:/home/user/.m2/repository/org/eclipse/jetty/jetty-http/9.4.34.v20201102/jetty-http-9.4.34.v20201102.jar:/home/user/.m2/repository/org/eclipse/jetty/jetty-io/9.4.34.v20201102/jetty-io-9.4.34.v20201102.jar:/home/user/.m2/repository/org/eclipse/jetty/jetty-webapp/9.4.34.v20201102/jetty-webapp-9.4.34.v20201102.jar:/home/user/.m2/repository/org/eclipse/jetty/jetty-xml/9.4.34.v20201102/jetty-xml-9.4.34.v20201102.jar:/home/user/.m2/repository/org/eclipse/jetty/jetty-servlet/9.4.34.v20201102/jetty-servlet-9.4.34.v20201102.jar:/home/user/.m2/repository/org/eclipse/jetty/jetty-security/9.4.34.v20201102/jetty-security-9.4.34.v20201102.jar:/home/user/.m2/repository/org/apache/hadoop/hadoop-common/3.2.1/hadoop-common-3.2.1.jar:/home/user/.m2/repository/commons-net/commons-net/3.6/commons-net-3.6.jar:/home/user/.m2/repository/commons-collections/commons-collections/3.2.2/commons-collections-3.2.2.jar:/home/user/.m2/repository/com/sun/jersey/jersey-servlet/1.19/jersey-servlet-1.19.jar:/home/user/.m2/repository/com/sun/jersey/jersey-json/1.19/jersey-json-1.19.jar:/home/user/.m2/repository/org/codehaus/jettison/jettison/1.1/jettison-1.1.jar:/home/user/.m2/repository/org/codehaus/jackson/jackson-jaxrs/1.9.2/jackson-jaxrs-1.9.2.jar:/home/user/.m2/repository/org/codehaus/jackson/jackson-xc/1.9.2/jackson-xc-1.9.2.jar:/home/user/.m2/repository/commons-beanutils/commons-beanutils/1.9.4/commons-beanutils-1.9.4.jar:/home/user/.m2/repository/org/apache/commons/commons-configuration2/2.1.1/commons-configuration2-2.1.1.jar:/home/user/.m2/repository/org/apache/commons/commons-text/1.4/commons-text-1.4.jar:/home/user/.m2/repository/com/google/re2j/re2j/1.1/re2j-1.1.jar:/home/user/.m2/repository/com/jcraft/jsch/0.1.54/jsch-0.1.54.jar:/home/user/.m2/repository/org/apache/curator/curator-client/2.13.0/curator-client-2.13.0.jar:/home/user/.m2/repository/org/apache/curator/curator-recipes/2.13.0/curator-recipes-2.13.0.jar:/home/user/.m2/repository/dnsjava/dnsjava/2.1.7/dnsjava-2.1.7.jar:/home/user/.m2/repository/org/slf4j/jul-to-slf4j/1.7.25/jul-to-slf4j-1.7.25.jar:/home/user/.m2/repository/org/eclipse/jetty/jetty-util/9.4.34.v20201102/jetty-util-9.4.34.v20201102.jar:/home/user/.m2/repository/com/fasterxml/jackson/core/jackson-databind/2.10.3/jackson-databind-2.10.3.jar:/home/user/.m2/repository/org/apache/hadoop/hadoop-kms/3.2.1/hadoop-kms-3.2.1-tests.jar:/home/user/.m2/repository/org/apache/hadoop/hadoop-hdds-server-scm/1.1.0-SNAPSHOT/hadoop-hdds-server-scm-1.1.0-SNAPSHOT-tests.jar:/home/user/.m2/repository/org/apache/hadoop/hadoop-hdds-container-service/1.1.0-SNAPSHOT/hadoop-hdds-container-service-1.1.0-SNAPSHOT-tests.jar:/home/user/.m2/repository/org/apache/hadoop/hadoop-hdds-common/1.1.0-SNAPSHOT/hadoop-hdds-common-1.1.0-SNAPSHOT-tests.jar:/home/user/.m2/repository/org/yaml/snakeyaml/1.16/snakeyaml-1.16.jar:/home/user/.m2/repository/org/apache/hadoop/hadoop-hdds-hadoop-dependency-test/1.1.0-SNAPSHOT/hadoop-hdds-hadoop-dependency-test-1.1.0-SNAPSHOT.jar:/home/user/.m2/repository/org/apache/hadoop/hadoop-common/3.2.1/hadoop-common-3.2.1-tests.jar:/home/user/.m2/repository/javax/servlet/jsp/jsp-api/2.1/jsp-api-2.1.jar:/home/user/.m2/repository/org/apache/hadoop/hadoop-hdfs/3.2.1/hadoop-hdfs-3.2.1-tests.jar:/home/user/.m2/repository/org/eclipse/jetty/jetty-util-ajax/9.4.34.v20201102/jetty-util-ajax-9.4.34.v20201102.jar:/home/user/.m2/repository/commons-codec/commons-codec/1.11/commons-codec-1.11.jar:/home/user/.m2/repository/commons-daemon/commons-daemon/1.0.13/commons-daemon-1.0.13.jar:/home/user/.m2/repository/io/netty/netty/3.10.5.Final/netty-3.10.5.Final.jar:/home/user/.m2/repository/io/netty/netty-all/4.1.48.Final/netty-all-4.1.48.Final.jar:/home/user/.m2/repository/org/apache/htrace/htrace-core4/4.1.0-incubating/htrace-core4-4.1.0-incubating.jar:/home/user/.m2/repository/org/fusesource/leveldbjni/leveldbjni-all/1.8/leveldbjni-all-1.8.jar:/home/user/.m2/repository/org/apache/hadoop/hadoop-distcp/3.2.1/hadoop-distcp-3.2.1.jar:/home/user/.m2/repository/org/apache/hadoop/hadoop-mapreduce-client-jobclient/3.2.1/hadoop-mapreduce-client-jobclient-3.2.1.jar:/home/user/.m2/repository/org/apache/hadoop/hadoop-mapreduce-client-common/3.2.1/hadoop-mapreduce-client-common-3.2.1.jar:/home/user/.m2/repository/org/apache/hadoop/hadoop-yarn-common/3.2.1/hadoop-yarn-common-3.2.1.jar:/home/user/.m2/repository/org/apache/hadoop/hadoop-yarn-api/3.2.1/hadoop-yarn-api-3.2.1.jar:/home/user/.m2/repository/com/sun/jersey/jersey-client/1.19/jersey-client-1.19.jar:/home/user/.m2/repository/com/sun/jersey/contribs/jersey-guice/1.19/jersey-guice-1.19.jar:/home/user/.m2/repository/com/fasterxml/jackson/jaxrs/jackson-jaxrs-json-provider/2.10.3/jackson-jaxrs-json-provider-2.10.3.jar:/home/user/.m2/repository/com/fasterxml/jackson/jaxrs/jackson-jaxrs-base/2.10.3/jackson-jaxrs-base-2.10.3.jar:/home/user/.m2/repository/org/apache/hadoop/hadoop-yarn-client/3.2.1/hadoop-yarn-client-3.2.1.jar:/home/user/.m2/repository/org/apache/hadoop/hadoop-mapreduce-client-core/3.2.1/hadoop-mapreduce-client-core-3.2.1.jar:/home/user/.m2/repository/org/apache/avro/avro/1.7.7/avro-1.7.7.jar:/home/user/.m2/repository/org/codehaus/jackson/jackson-core-asl/1.9.13/jackson-core-asl-1.9.13.jar:/home/user/.m2/repository/org/codehaus/jackson/jackson-mapper-asl/1.9.13/jackson-mapper-asl-1.9.13.jar:/home/user/.m2/repository/com/thoughtworks/paranamer/paranamer/2.3/paranamer-2.3.jar:/home/user/.m2/repository/org/xerial/snappy/snappy-java/1.0.5/snappy-java-1.0.5.jar:/home/user/.m2/repository/org/apache/hadoop/hadoop-annotations/3.2.1/hadoop-annotations-3.2.1.jar:/usr/lib/jvm/java-1.8.0-openjdk-1.8.0.232.b09-0.el7_7.x86_64/jre/../lib/tools.jar:/home/user/.m2/repository/org/apache/hadoop/hadoop-distcp/3.2.1/hadoop-distcp-3.2.1-tests.jar:"/>
    <property name="sun.cpu.endian" value="little"/>
    <property name="user.home" value="/home/user"/>
    <property name="user.language" value="en"/>
    <property name="java.specification.vendor" value="Oracle Corporation"/>
    <property name="java.home" value="/usr/lib/jvm/java-1.8.0-openjdk-1.8.0.232.b09-0.el7_7.x86_64/jre"/>
    <property name="java.security.krb5.conf" value="/github/workspace/mnt/ozone/hadoop-ozone/integration-test/target/test-classes/krb5.conf"/>
    <property name="basedir" value="/github/workspace/mnt/ozone/hadoop-ozone/integration-test"/>
    <property name="file.separator" value="/"/>
    <property name="line.separator" value="&#10;"/>
    <property name="java.vm.specification.vendor" value="Oracle Corporation"/>
    <property name="java.specification.name" value="Java Platform API Specification"/>
    <property name="java.awt.graphicsenv" value="sun.awt.X11GraphicsEnvironment"/>
    <property name="skip.installnpx" value="true"/>
    <property name="surefire.real.class.path" value="/github/workspace/mnt/ozone/hadoop-ozone/integration-test/target/surefire/surefirebooter7657668401936244340.jar:/home/user/.m2/repository/org/jacoco/org.jacoco.agent/0.8.5/org.jacoco.agent-0.8.5-runtime.jar"/>
    <property name="hadoop.log.dir" value="/github/workspace/mnt/ozone/hadoop-ozone/integration-test/target/log"/>
    <property name="sun.boot.class.path" value="/usr/lib/jvm/java-1.8.0-openjdk-1.8.0.232.b09-0.el7_7.x86_64/jre/lib/resources.jar:/usr/lib/jvm/java-1.8.0-openjdk-1.8.0.232.b09-0.el7_7.x86_64/jre/lib/rt.jar:/usr/lib/jvm/java-1.8.0-openjdk-1.8.0.232.b09-0.el7_7.x86_64/jre/lib/sunrsasign.jar:/usr/lib/jvm/java-1.8.0-openjdk-1.8.0.232.b09-0.el7_7.x86_64/jre/lib/jsse.jar:/usr/lib/jvm/java-1.8.0-openjdk-1.8.0.232.b09-0.el7_7.x86_64/jre/lib/jce.jar:/usr/lib/jvm/java-1.8.0-openjdk-1.8.0.232.b09-0.el7_7.x86_64/jre/lib/charsets.jar:/usr/lib/jvm/java-1.8.0-openjdk-1.8.0.232.b09-0.el7_7.x86_64/jre/lib/jfr.jar:/usr/lib/jvm/java-1.8.0-openjdk-1.8.0.232.b09-0.el7_7.x86_64/jre/classes"/>
    <property name="sun.management.compiler" value="HotSpot 64-Bit Tiered Compilers"/>
    <property name="skip.npx" value="true"/>
    <property name="java.runtime.version" value="1.8.0_232-b09"/>
    <property name="java.net.preferIPv4Stack" value="true"/>
    <property name="user.name" value="jenkins1001"/>
    <property name="path.separator" value=":"/>
    <property name="java.security.egd" value="file:///dev/urandom"/>
    <property name="os.version" value="5.4.0-1031-azure"/>
    <property name="java.endorsed.dirs" value="/usr/lib/jvm/java-1.8.0-openjdk-1.8.0.232.b09-0.el7_7.x86_64/jre/lib/endorsed"/>
    <property name="java.runtime.name" value="OpenJDK Runtime Environment"/>
    <property name="file.encoding" value="ANSI_X3.4-1968"/>
    <property name="java.vm.name" value="OpenJDK 64-Bit Server VM"/>
    <property name="test.build.webapps" value=""/>
    <property name="localRepository" value="/home/user/.m2/repository"/>
    <property name="java.vendor.url.bug" value="http://bugreport.sun.com/bugreport/"/>
    <property name="java.io.tmpdir" value="/tmp"/>
    <property name="require.test.libhadoop" value=""/>
    <property name="java.version" value="1.8.0_232"/>
    <property name="user.dir" value="/github/workspace/mnt/ozone/hadoop-ozone/integration-test"/>
    <property name="os.arch" value="amd64"/>
    <property name="java.vm.specification.name" value="Java Virtual Machine Specification"/>
    <property name="test.build.classes" value="/github/workspace/mnt/ozone/hadoop-ozone/integration-test/target/test-classes"/>
    <property name="java.awt.printerjob" value="sun.print.PSPrinterJob"/>
    <property name="sun.os.patch.level" value="unknown"/>
    <property name="hadoop.tmp.dir" value="/github/workspace/mnt/ozone/hadoop-ozone/integration-test/target/tmp"/>
    <property name="java.library.path" value="/usr/lib:/usr/java/packages/lib/amd64:/usr/lib64:/lib64:/lib:/usr/lib"/>
    <property name="java.vm.info" value="mixed mode"/>
    <property name="java.vendor" value="Oracle Corporation"/>
    <property name="java.vm.version" value="25.232-b09"/>
    <property name="java.ext.dirs" value="/usr/lib/jvm/java-1.8.0-openjdk-1.8.0.232.b09-0.el7_7.x86_64/jre/lib/ext:/usr/java/packages/lib/ext"/>
    <property name="sun.io.unicode.encoding" value="UnicodeLittle"/>
    <property name="java.class.version" value="52.0"/>
  </properties>
  <testcase name="testOMRetryCache" classname="org.apache.hadoop.ozone.om.TestOzoneManagerHAMetadataOnly" time="28.446">
    <failure type="java.lang.AssertionError">java.lang.AssertionError
	at org.junit.Assert.fail(Assert.java:86)
	at org.junit.Assert.assertTrue(Assert.java:41)
	at org.junit.Assert.assertFalse(Assert.java:64)
	at org.junit.Assert.assertFalse(Assert.java:74)
	at org.apache.hadoop.ozone.om.TestOzoneManagerHAMetadataOnly.testOMRetryCache(TestOzoneManagerHAMetadataOnly.java:422)
	at sun.reflect.NativeMethodAccessorImpl.invoke0(Native Method)
	at sun.reflect.NativeMethodAccessorImpl.invoke(NativeMethodAccessorImpl.java:62)
	at sun.reflect.DelegatingMethodAccessorImpl.invoke(DelegatingMethodAccessorImpl.java:43)
	at java.lang.reflect.Method.invoke(Method.java:498)
	at org.junit.runners.model.FrameworkMethod$1.runReflectiveCall(FrameworkMethod.java:47)
	at org.junit.internal.runners.model.ReflectiveCallable.run(ReflectiveCallable.java:12)
	at org.junit.runners.model.FrameworkMethod.invokeExplosively(FrameworkMethod.java:44)
	at org.junit.internal.runners.statements.InvokeMethod.evaluate(InvokeMethod.java:17)
	at org.junit.internal.runners.statements.RunBefores.evaluate(RunBefores.java:26)
	at org.junit.internal.runners.statements.RunAfters.evaluate(RunAfters.java:27)
	at org.junit.rules.ExpectedException$ExpectedExceptionStatement.evaluate(ExpectedException.java:168)
	at org.junit.internal.runners.statements.FailOnTimeout$StatementThread.run(FailOnTimeout.java:74)
</failure>
    <system-out><![CDATA[2020-11-21 01:30:19,691 [Thread-1] WARN  server.ServerUtils (ServerUtils.java:getScmDbDir(148)) - ozone.scm.db.dirs is not configured. We recommend adding this setting. Falling back to ozone.metadata.dirs instead.
2020-11-21 01:30:19,752 [Thread-1] WARN  server.ServerUtils (ServerUtils.java:getScmDbDir(148)) - ozone.scm.db.dirs is not configured. We recommend adding this setting. Falling back to ozone.metadata.dirs instead.
2020-11-21 01:30:19,875 [Thread-1] WARN  db.DBStoreBuilder (DBStoreBuilder.java:applyDBDefinition(145)) - ozone.scm.db.dirs is not configured. We recommend adding this setting. Falling back to ozone.metadata.dirs instead.
2020-11-21 01:30:19,996 [Thread-1] INFO  net.NodeSchemaLoader (NodeSchemaLoader.java:loadSchemaFromFile(126)) - Loading file from sun.misc.CompoundEnumeration@6a520920
2020-11-21 01:30:19,997 [Thread-1] INFO  net.NodeSchemaLoader (NodeSchemaLoader.java:loadSchema(172)) - Loading network topology layer schema file
2020-11-21 01:30:20,056 [Thread-1] WARN  server.ServerUtils (ServerUtils.java:sanitizeUserArgs(73)) - ozone.scm.stale.node.interval value = 300000 is larger than max = 100000 based on the key value of ozone.scm.heartbeat.thread.interval, reset to the max value 100000.
2020-11-21 01:30:20,056 [Thread-1] WARN  server.ServerUtils (ServerUtils.java:sanitizeUserArgs(73)) - ozone.scm.stale.node.interval value = 300000 is larger than max = 100000 based on the key value of ozone.scm.heartbeat.thread.interval, reset to the max value 100000.
2020-11-21 01:30:20,059 [Thread-1] INFO  node.SCMNodeManager (SCMNodeManager.java:<init>(120)) - Entering startup safe mode.
2020-11-21 01:30:20,169 [Thread-1] INFO  algorithms.ContainerPlacementPolicyFactory (ContainerPlacementPolicyFactory.java:getPolicy(60)) - Create container placement policy of type org.apache.hadoop.hdds.scm.container.placement.algorithms.SCMContainerPlacementRandom
2020-11-21 01:30:20,195 [Thread-1] INFO  algorithms.LeaderChoosePolicyFactory (LeaderChoosePolicyFactory.java:getPolicy(57)) - Create leader choose policy of type org.apache.hadoop.hdds.scm.pipeline.leader.choose.algorithms.DefaultLeaderChoosePolicy
2020-11-21 01:30:20,195 [Thread-1] INFO  pipeline.SCMPipelineManager (SCMPipelineManager.java:initializePipelineState(161)) - No pipeline exists in current db
2020-11-21 01:30:20,235 [Thread-1] INFO  algorithms.PipelineChoosePolicyFactory (PipelineChoosePolicyFactory.java:createPipelineChoosePolicyFromClass(75)) - Create pipeline choose policy of type org.apache.hadoop.hdds.scm.pipeline.choose.algorithms.RandomPipelineChoosePolicy
2020-11-21 01:30:20,292 [Thread-1] INFO  safemode.HealthyPipelineSafeModeRule (HealthyPipelineSafeModeRule.java:<init>(89)) - Total pipeline count is 0, healthy pipeline threshold count is 0
2020-11-21 01:30:20,298 [Thread-1] INFO  safemode.OneReplicaPipelineSafeModeRule (OneReplicaPipelineSafeModeRule.java:<init>(84)) - Total pipeline count is 0, pipeline's with at least one datanode reported threshold count is 0
2020-11-21 01:30:20,713 [Thread-1] INFO  ipc.CallQueueManager (CallQueueManager.java:<init>(84)) - Using callQueue: class java.util.concurrent.LinkedBlockingQueue, queueCapacity: 2000, scheduler: class org.apache.hadoop.ipc.DefaultRpcScheduler, ipcBackoff: false.
2020-11-21 01:30:20,736 [Socket Reader #1 for port 0] INFO  ipc.Server (Server.java:run(1219)) - Starting Socket Reader #1 for port 0
2020-11-21 01:30:20,773 [Listener at 0.0.0.0/39229] INFO  ipc.CallQueueManager (CallQueueManager.java:<init>(84)) - Using callQueue: class java.util.concurrent.LinkedBlockingQueue, queueCapacity: 2000, scheduler: class org.apache.hadoop.ipc.DefaultRpcScheduler, ipcBackoff: false.
2020-11-21 01:30:20,774 [Socket Reader #1 for port 0] INFO  ipc.Server (Server.java:run(1219)) - Starting Socket Reader #1 for port 0
2020-11-21 01:30:20,790 [Listener at 0.0.0.0/33409] INFO  ipc.CallQueueManager (CallQueueManager.java:<init>(84)) - Using callQueue: class java.util.concurrent.LinkedBlockingQueue, queueCapacity: 2000, scheduler: class org.apache.hadoop.ipc.DefaultRpcScheduler, ipcBackoff: false.
2020-11-21 01:30:20,791 [Socket Reader #1 for port 0] INFO  ipc.Server (Server.java:run(1219)) - Starting Socket Reader #1 for port 0
2020-11-21 01:30:20,810 [Listener at 0.0.0.0/33349] INFO  http.BaseHttpServer (BaseHttpServer.java:newHttpServer2BuilderForOzone(207)) - Starting Web-server for scm at: http://0.0.0.0:0
2020-11-21 01:30:20,811 [Listener at 0.0.0.0/33349] INFO  http.BaseHttpServer (BaseHttpServer.java:<init>(106)) - Hadoop Security Enabled: false Ozone Security Enabled: false Ozone HTTP Security Enabled: false 
2020-11-21 01:30:20,836 [Listener at 0.0.0.0/33349] INFO  util.log (Log.java:initialized(169)) - Logging initialized @2156ms to org.eclipse.jetty.util.log.Slf4jLog
2020-11-21 01:30:20,961 [Listener at 0.0.0.0/33349] INFO  server.AuthenticationFilter (AuthenticationFilter.java:constructSecretProvider(240)) - Unable to initialize FileSignerSecretProvider, falling back to use random secrets.
2020-11-21 01:30:20,976 [Listener at 0.0.0.0/33349] WARN  http.HttpRequestLog (HttpRequestLog.java:getRequestLog(103)) - Jetty request log can only be enabled using Log4j
2020-11-21 01:30:20,982 [Listener at 0.0.0.0/33349] INFO  http.HttpServer2 (HttpServer2.java:addGlobalFilter(1019)) - Added global filter 'safety' (class=org.apache.hadoop.hdds.server.http.HttpServer2$QuotingInputFilter)
2020-11-21 01:30:20,985 [Listener at 0.0.0.0/33349] INFO  http.HttpServer2 (HttpServer2.java:addFilter(995)) - Added filter static_user_filter (class=org.apache.hadoop.http.lib.StaticUserWebFilter$StaticUserFilter) to context scm
2020-11-21 01:30:20,985 [Listener at 0.0.0.0/33349] INFO  http.HttpServer2 (HttpServer2.java:addFilter(1003)) - Added filter static_user_filter (class=org.apache.hadoop.http.lib.StaticUserWebFilter$StaticUserFilter) to context logs
2020-11-21 01:30:20,986 [Listener at 0.0.0.0/33349] INFO  http.HttpServer2 (HttpServer2.java:addFilter(1003)) - Added filter static_user_filter (class=org.apache.hadoop.http.lib.StaticUserWebFilter$StaticUserFilter) to context static
2020-11-21 01:30:21,033 [Listener at 0.0.0.0/33349] INFO  server.StorageContainerManager (StorageContainerManager.java:start(789)) - StorageContainerLocationProtocol RPC server is listening at /0.0.0.0:33349
2020-11-21 01:30:21,086 [Listener at 0.0.0.0/33349] WARN  impl.MetricsConfig (MetricsConfig.java:loadFirst(134)) - Cannot locate configuration: tried hadoop-metrics2-storagecontainermanager.properties,hadoop-metrics2.properties
2020-11-21 01:30:21,099 [Listener at 0.0.0.0/33349] INFO  impl.MetricsSystemImpl (MetricsSystemImpl.java:startTimer(374)) - Scheduled Metric snapshot period at 10 second(s).
2020-11-21 01:30:21,099 [Listener at 0.0.0.0/33349] INFO  impl.MetricsSystemImpl (MetricsSystemImpl.java:start(191)) - StorageContainerManager metrics system started
2020-11-21 01:30:21,331 [Listener at 0.0.0.0/33349] INFO  server.SCMClientProtocolServer (SCMClientProtocolServer.java:start(156)) - RPC server for Client  is listening at /0.0.0.0:33349
2020-11-21 01:30:21,333 [IPC Server Responder] INFO  ipc.Server (Server.java:run(1460)) - IPC Server Responder: starting
2020-11-21 01:30:21,334 [IPC Server listener on 0] INFO  ipc.Server (Server.java:run(1298)) - IPC Server listener on 0: starting
2020-11-21 01:30:21,339 [Listener at 0.0.0.0/33349] INFO  server.StorageContainerManager (StorageContainerManager.java:start(801)) - ScmBlockLocationProtocol RPC server is listening at /0.0.0.0:33409
2020-11-21 01:30:21,340 [Listener at 0.0.0.0/33349] INFO  server.SCMBlockProtocolServer (SCMBlockProtocolServer.java:start(150)) - RPC server for Block Protocol is listening at /0.0.0.0:33409
2020-11-21 01:30:21,340 [IPC Server Responder] INFO  ipc.Server (Server.java:run(1460)) - IPC Server Responder: starting
2020-11-21 01:30:21,340 [IPC Server listener on 0] INFO  ipc.Server (Server.java:run(1298)) - IPC Server listener on 0: starting
2020-11-21 01:30:21,343 [Listener at 0.0.0.0/33349] INFO  server.StorageContainerManager (StorageContainerManager.java:start(807)) - ScmDatanodeProtocl RPC server is listening at /0.0.0.0:39229
2020-11-21 01:30:21,344 [Listener at 0.0.0.0/33349] INFO  server.SCMDatanodeProtocolServer (SCMDatanodeProtocolServer.java:start(172)) - RPC server for DataNodes is listening at /0.0.0.0:39229
2020-11-21 01:30:21,344 [IPC Server Responder] INFO  ipc.Server (Server.java:run(1460)) - IPC Server Responder: starting
2020-11-21 01:30:21,345 [IPC Server listener on 0] INFO  ipc.Server (Server.java:run(1298)) - IPC Server listener on 0: starting
2020-11-21 01:30:21,348 [Listener at 0.0.0.0/33349] INFO  http.HttpServer2 (HttpServer2.java:bindListener(1237)) - Jetty bound to port 45893
2020-11-21 01:30:21,349 [Listener at 0.0.0.0/33349] INFO  server.Server (Server.java:doStart(375)) - jetty-9.4.34.v20201102; built: 2020-11-02T14:15:39.302Z; git: e46af88704a893fc12cb0e3bf46e2c7b48a009e7; jvm 1.8.0_232-b09
2020-11-21 01:30:21,376 [Listener at 0.0.0.0/33349] INFO  server.session (DefaultSessionIdManager.java:doStart(334)) - DefaultSessionIdManager workerName=node0
2020-11-21 01:30:21,376 [Listener at 0.0.0.0/33349] INFO  server.session (DefaultSessionIdManager.java:doStart(339)) - No SessionScavenger set, using defaults
2020-11-21 01:30:21,377 [Listener at 0.0.0.0/33349] INFO  server.session (HouseKeeper.java:startScavenging(132)) - node0 Scavenging every 600000ms
2020-11-21 01:30:21,396 [Listener at 0.0.0.0/33349] INFO  handler.ContextHandler (ContextHandler.java:doStart(916)) - Started o.e.j.s.ServletContextHandler@1803d851{logs,/logs,file:///github/workspace/mnt/ozone/hadoop-ozone/integration-test/target/log,AVAILABLE}
2020-11-21 01:30:21,396 [Listener at 0.0.0.0/33349] INFO  handler.ContextHandler (ContextHandler.java:doStart(916)) - Started o.e.j.s.ServletContextHandler@544b8674{static,/static,file:///github/workspace/mnt/ozone/hadoop-ozone/integration-test/target/test-classes/webapps/static,AVAILABLE}
2020-11-21 01:30:21,433 [Listener at 0.0.0.0/33349] INFO  handler.ContextHandler (ContextHandler.java:doStart(916)) - Started o.e.j.w.WebAppContext@5227a325{scm,/,file:///github/workspace/mnt/ozone/hadoop-ozone/integration-test/target/test-classes/webapps/scm/,AVAILABLE}{file:/github/workspace/mnt/ozone/hadoop-ozone/integration-test/target/test-classes/webapps/scm}
2020-11-21 01:30:21,441 [Listener at 0.0.0.0/33349] INFO  server.AbstractConnector (AbstractConnector.java:doStart(331)) - Started ServerConnector@63b4285a{HTTP/1.1, (http/1.1)}{0.0.0.0:45893}
2020-11-21 01:30:21,441 [Listener at 0.0.0.0/33349] INFO  server.Server (Server.java:doStart(415)) - Started @2762ms
2020-11-21 01:30:21,443 [Listener at 0.0.0.0/33349] INFO  impl.MetricsSinkAdapter (MetricsSinkAdapter.java:start(204)) - Sink prometheus started
2020-11-21 01:30:21,443 [Listener at 0.0.0.0/33349] INFO  impl.MetricsSystemImpl (MetricsSystemImpl.java:registerSink(301)) - Registered sink prometheus
2020-11-21 01:30:21,447 [Listener at 0.0.0.0/33349] INFO  http.BaseHttpServer (BaseHttpServer.java:updateConnectorAddress(327)) - HTTP server of scm listening at http://0.0.0.0:45893
2020-11-21 01:30:21,463 [Listener at 0.0.0.0/33349] WARN  server.ServerUtils (ServerUtils.java:getDBPath(225)) - ozone.om.db.dirs is not configured. We recommend adding this setting. Falling back to ozone.metadata.dirs instead.
2020-11-21 01:30:21,465 [org.apache.hadoop.util.JvmPauseMonitor$Monitor@22f42e31] INFO  util.JvmPauseMonitor (JvmPauseMonitor.java:run(188)) - Starting JVM pause monitor
2020-11-21 01:30:21,567 [Listener at 0.0.0.0/33349] INFO  ha.OMHANodeDetails (OMHANodeDetails.java:loadOMHAConfig(110)) - ServiceID for OzoneManager is om-service-test1
2020-11-21 01:30:21,569 [Listener at 0.0.0.0/33349] INFO  ha.OMHANodeDetails (OMHANodeDetails.java:loadOMHAConfig(188)) - Found matching OM address with OMServiceId: om-service-test1, OMNodeId: omNode-1, RPC Address: localhost:13672 and Ratis port: 13676
2020-11-21 01:30:21,569 [Listener at 0.0.0.0/33349] INFO  ha.OMHANodeDetails (OMHANodeDetails.java:setOMNodeSpecificConfigs(314)) - Setting configuration key ozone.om.http-address with value of key ozone.om.http-address.omNode-1: 127.0.0.1:13674
2020-11-21 01:30:21,570 [Listener at 0.0.0.0/33349] INFO  ha.OMHANodeDetails (OMHANodeDetails.java:setOMNodeSpecificConfigs(314)) - Setting configuration key ozone.om.https-address with value of key ozone.om.https-address.omNode-1: 127.0.0.1:13675
2020-11-21 01:30:21,570 [Listener at 0.0.0.0/33349] INFO  ha.OMHANodeDetails (OMHANodeDetails.java:setOMNodeSpecificConfigs(314)) - Setting configuration key ozone.om.address with value of key ozone.om.address.omNode-1: 127.0.0.1:13672
2020-11-21 01:30:21,570 [Listener at 0.0.0.0/33349] WARN  server.ServerUtils (ServerUtils.java:getDBPath(225)) - ozone.om.db.dirs is not configured. We recommend adding this setting. Falling back to ozone.metadata.dirs instead.
2020-11-21 01:30:21,570 [Listener at 0.0.0.0/33349] WARN  server.ServerUtils (ServerUtils.java:getDBPath(225)) - ozone.om.db.dirs is not configured. We recommend adding this setting. Falling back to ozone.metadata.dirs instead.
2020-11-21 01:30:22,173 [Listener at 0.0.0.0/33349] WARN  server.ServerUtils (ServerUtils.java:getDBPath(225)) - ozone.om.db.dirs is not configured. We recommend adding this setting. Falling back to ozone.metadata.dirs instead.
2020-11-21 01:30:22,178 [Listener at 0.0.0.0/33349] INFO  codec.OmKeyInfoCodec (OmKeyInfoCodec.java:<init>(41)) - OmKeyInfoCodec ignorePipeline = true
2020-11-21 01:30:22,180 [Listener at 0.0.0.0/33349] INFO  codec.RepeatedOmKeyInfoCodec (RepeatedOmKeyInfoCodec.java:<init>(40)) - RepeatedOmKeyInfoCodec ignorePipeline = true
2020-11-21 01:30:22,328 [Listener at 0.0.0.0/33349] INFO  om.OzoneManager (OzoneManager.java:addS3GVolumeToDB(3741)) - Created Volume s3v With Owner jenkins1001 required for S3Gateway operations.
2020-11-21 01:30:22,335 [Listener at 0.0.0.0/33349] INFO  metrics.MetricRegistries (MetricRegistriesLoader.java:load(64)) - Loaded MetricRegistries class org.apache.ratis.metrics.impl.MetricRegistriesImpl
2020-11-21 01:30:22,370 [Listener at 0.0.0.0/33349] WARN  server.ServerUtils (ServerUtils.java:getDefaultRatisDirectory(237)) - Storage directory for Ratis is not configured. It is a good idea to map this to an SSD disk. Falling back to ozone.metadata.dirs
2020-11-21 01:30:22,389 [Listener at 0.0.0.0/33349] INFO  ratis.OzoneManagerRatisServer (OzoneManagerRatisServer.java:<init>(270)) - Instantiating OM Ratis server with GroupID: om-service-test1 and Raft Peers: localhost:13676, localhost:13682, localhost:13688
2020-11-21 01:30:22,397 [Listener at 0.0.0.0/33349] INFO  ratis.OzoneManagerStateMachine (OzoneManagerStateMachine.java:loadSnapshotInfoFromDB(519)) - LastAppliedIndex is set from TransactionInfo from OM DB as (t:0, i:~)
2020-11-21 01:30:22,416 [Listener at 0.0.0.0/33349] INFO  impl.RaftServerProxy (ConfUtils.java:logGet(44)) - raft.rpc.type = GRPC (default)
2020-11-21 01:30:22,476 [Listener at 0.0.0.0/33349] INFO  grpc.GrpcFactory (GrpcFactory.java:checkPooledByteBufAllocatorUseCacheForAllThreads(45)) - PERFORMANCE WARNING: useCacheForAllThreads is true that may cause Netty to create a lot garbage objects and, as a result, trigger GC.
	It is recommended to disable useCacheForAllThreads by setting -Dorg.apache.ratis.thirdparty.io.netty.allocator.useCacheForAllThreads=false in command line.
2020-11-21 01:30:22,480 [Listener at 0.0.0.0/33349] INFO  grpc.GrpcConfigKeys (ConfUtils.java:logGet(44)) - raft.grpc.server.port = 13676 (custom)
2020-11-21 01:30:22,481 [Listener at 0.0.0.0/33349] INFO  server.GrpcService (ConfUtils.java:logGet(44)) - raft.grpc.message.size.max = 33554432 (custom)
2020-11-21 01:30:22,482 [Listener at 0.0.0.0/33349] INFO  server.RaftServerConfigKeys (ConfUtils.java:logGet(44)) - raft.server.log.appender.buffer.byte-limit = 33554432 (custom)
2020-11-21 01:30:22,482 [Listener at 0.0.0.0/33349] INFO  server.GrpcService (ConfUtils.java:logGet(44)) - raft.grpc.flow.control.window = 1MB (=1048576) (default)
2020-11-21 01:30:22,483 [Listener at 0.0.0.0/33349] INFO  server.RaftServerConfigKeys (ConfUtils.java:logGet(44)) - raft.server.rpc.request.timeout = 3000ms (default)
2020-11-21 01:30:22,639 [Listener at 0.0.0.0/33349] INFO  impl.DataStreamServerImpl (ConfUtils.java:logGet(44)) - raft.datastream.type = DISABLED (default)
2020-11-21 01:30:22,651 [Listener at 0.0.0.0/33349] INFO  server.RaftServerConfigKeys (ConfUtils.java:logGet(44)) - raft.server.storage.dir = [/github/workspace/mnt/ozone/hadoop-ozone/integration-test/target/test-dir/MiniOzoneClusterImpl-3bf6729e-3927-483b-a5e0-bd83d0682071/omNode-1/ratis] (custom)
2020-11-21 01:30:22,657 [Listener at 0.0.0.0/33349] INFO  impl.RaftServerProxy (RaftServerProxy.java:addNew(93)) - omNode-1: addNew group-523986131536:[omNode-3|rpc:localhost:13688, omNode-1|rpc:localhost:13676, omNode-2|rpc:localhost:13682] returns group-523986131536:java.util.concurrent.CompletableFuture@538b2a15[Not completed]
2020-11-21 01:30:22,665 [Listener at 0.0.0.0/33349] INFO  om.OzoneManager (OzoneManager.java:initializeRatisServer(1336)) - OzoneManager Ratis server initialized at port 13676
2020-11-21 01:30:22,665 [Listener at 0.0.0.0/33349] WARN  server.ServerUtils (ServerUtils.java:getDefaultRatisDirectory(237)) - Storage directory for Ratis is not configured. It is a good idea to map this to an SSD disk. Falling back to ozone.metadata.dirs
2020-11-21 01:30:22,665 [Listener at 0.0.0.0/33349] WARN  server.ServerUtils (ServerUtils.java:getDefaultRatisDirectory(237)) - Storage directory for Ratis is not configured. It is a good idea to map this to an SSD disk. Falling back to ozone.metadata.dirs
2020-11-21 01:30:22,667 [Listener at 0.0.0.0/33349] INFO  snapshot.OzoneManagerSnapshotProvider (OzoneManagerSnapshotProvider.java:<init>(77)) - Initializing OM Snapshot Provider
2020-11-21 01:30:22,672 [pool-24-thread-1] INFO  impl.RaftServerImpl (RaftServerImpl.java:<init>(121)) - omNode-1: new RaftServerImpl for group-523986131536:[omNode-3|rpc:localhost:13688, omNode-1|rpc:localhost:13676, omNode-2|rpc:localhost:13682] with OzoneManagerStateMachine:uninitialized
2020-11-21 01:30:22,673 [pool-24-thread-1] INFO  server.RaftServerConfigKeys (ConfUtils.java:logGet(44)) - raft.server.rpc.timeout.min = 1s (custom)
2020-11-21 01:30:22,673 [pool-24-thread-1] INFO  server.RaftServerConfigKeys (ConfUtils.java:logGet(44)) - raft.server.rpc.timeout.max = 1200ms (custom)
2020-11-21 01:30:22,673 [pool-24-thread-1] INFO  server.RaftServerConfigKeys (ConfUtils.java:logGet(44)) - raft.server.rpc.slowness.timeout = 2s (custom)
2020-11-21 01:30:22,673 [pool-24-thread-1] INFO  server.RaftServerConfigKeys (ConfUtils.java:logGet(44)) - raft.server.leaderelection.leader.step-down.wait-time = 10s (default)
2020-11-21 01:30:22,683 [pool-24-thread-1] INFO  server.RaftServerConfigKeys (ConfUtils.java:logGet(44)) - raft.server.sleep.deviation.threshold = 300 (default)
2020-11-21 01:30:22,683 [pool-24-thread-1] INFO  server.RaftServerConfigKeys (ConfUtils.java:logGet(44)) - raft.server.log.appender.install.snapshot.enabled = false (custom)
2020-11-21 01:30:22,694 [pool-24-thread-1] INFO  impl.RaftServerImpl (ServerState.java:<init>(104)) - omNode-1@group-523986131536: ConfigurationManager, init=-1: [omNode-3|rpc:localhost:13688, omNode-1|rpc:localhost:13676, omNode-2|rpc:localhost:13682], old=null, confs=<EMPTY_MAP>
2020-11-21 01:30:22,694 [pool-24-thread-1] INFO  server.RaftServerConfigKeys (ConfUtils.java:logGet(44)) - raft.server.storage.dir = [/github/workspace/mnt/ozone/hadoop-ozone/integration-test/target/test-dir/MiniOzoneClusterImpl-3bf6729e-3927-483b-a5e0-bd83d0682071/omNode-1/ratis] (custom)
2020-11-21 01:30:22,698 [pool-24-thread-1] INFO  server.RaftServerConfigKeys (ConfUtils.java:logGet(44)) - raft.server.log.corruption.policy = EXCEPTION (default)
2020-11-21 01:30:22,699 [pool-24-thread-1] INFO  storage.RaftStorageDirectory (RaftStorageDirectory.java:analyzeStorage(261)) - The storage directory /github/workspace/mnt/ozone/hadoop-ozone/integration-test/target/test-dir/MiniOzoneClusterImpl-3bf6729e-3927-483b-a5e0-bd83d0682071/omNode-1/ratis/c9bc4cf4-3bc3-3c60-a66b-523986131536 does not exist. Creating ...
2020-11-21 01:30:22,714 [pool-24-thread-1] INFO  storage.RaftStorageDirectory (RaftStorageDirectory.java:tryLock(343)) - Lock on /github/workspace/mnt/ozone/hadoop-ozone/integration-test/target/test-dir/MiniOzoneClusterImpl-3bf6729e-3927-483b-a5e0-bd83d0682071/omNode-1/ratis/c9bc4cf4-3bc3-3c60-a66b-523986131536/in_use.lock acquired by nodename 21810@a24e47d532a4
2020-11-21 01:30:22,718 [pool-24-thread-1] INFO  storage.RaftStorage (RaftStorage.java:format(85)) - Storage directory /github/workspace/mnt/ozone/hadoop-ozone/integration-test/target/test-dir/MiniOzoneClusterImpl-3bf6729e-3927-483b-a5e0-bd83d0682071/omNode-1/ratis/c9bc4cf4-3bc3-3c60-a66b-523986131536 has been successfully formatted.
2020-11-21 01:30:22,719 [pool-24-thread-1] INFO  server.RaftServerConfigKeys (ConfUtils.java:logGet(44)) - raft.server.notification.no-leader.timeout = 2s (custom)
2020-11-21 01:30:22,721 [pool-24-thread-1] INFO  server.RaftServerConfigKeys (ConfUtils.java:logGet(44)) - raft.server.log.use.memory = false (default)
2020-11-21 01:30:22,726 [pool-24-thread-1] INFO  server.RaftServerConfigKeys (ConfUtils.java:logGet(44)) - raft.server.log.purge.gap = 50 (custom)
2020-11-21 01:30:22,736 [pool-24-thread-1] INFO  metrics.RatisMetrics (RatisMetrics.java:lambda$create$0(36)) - Creating Metrics Registry : ratis.log_worker.omNode-1@group-523986131536
2020-11-21 01:30:22,746 [pool-24-thread-1] INFO  server.RaftServerConfigKeys (ConfUtils.java:logGet(44)) - raft.server.log.appender.buffer.byte-limit = 33554432 (custom)
2020-11-21 01:30:22,756 [pool-24-thread-1] INFO  server.RaftServerConfigKeys (ConfUtils.java:logGet(44)) - raft.server.log.segment.size.max = 4194304 (custom)
2020-11-21 01:30:22,766 [pool-24-thread-1] INFO  server.RaftServerConfigKeys (ConfUtils.java:logGet(44)) - raft.server.log.segment.cache.num.max = 2 (custom)
2020-11-21 01:30:22,770 [pool-24-thread-1] INFO  segmented.SegmentedRaftLogWorker (SegmentedRaftLogWorker.java:<init>(180)) - new omNode-1@group-523986131536-SegmentedRaftLogWorker for RaftStorage:Storage Directory /github/workspace/mnt/ozone/hadoop-ozone/integration-test/target/test-dir/MiniOzoneClusterImpl-3bf6729e-3927-483b-a5e0-bd83d0682071/omNode-1/ratis/c9bc4cf4-3bc3-3c60-a66b-523986131536
2020-11-21 01:30:22,776 [pool-24-thread-1] INFO  server.RaftServerConfigKeys (ConfUtils.java:logGet(44)) - raft.server.log.queue.byte-limit = 64MB (=67108864) (default)
2020-11-21 01:30:22,778 [pool-24-thread-1] INFO  server.RaftServerConfigKeys (ConfUtils.java:logGet(44)) - raft.server.log.queue.element-limit = 4096 (default)
2020-11-21 01:30:22,786 [pool-24-thread-1] INFO  server.RaftServerConfigKeys (ConfUtils.java:logGet(44)) - raft.server.log.segment.size.max = 4194304 (custom)
2020-11-21 01:30:22,787 [pool-24-thread-1] INFO  server.RaftServerConfigKeys (ConfUtils.java:logGet(44)) - raft.server.log.preallocated.size = 4194304 (custom)
2020-11-21 01:30:22,788 [pool-24-thread-1] INFO  server.RaftServerConfigKeys (ConfUtils.java:logGet(44)) - raft.server.log.write.buffer.size = 64KB (=65536) (default)
2020-11-21 01:30:22,788 [pool-24-thread-1] INFO  server.RaftServerConfigKeys (ConfUtils.java:logGet(44)) - raft.server.log.force.sync.num = 128 (default)
2020-11-21 01:30:22,789 [pool-24-thread-1] INFO  server.RaftServerConfigKeys (ConfUtils.java:logGet(44)) - raft.server.log.statemachine.data.sync = true (default)
2020-11-21 01:30:22,790 [pool-24-thread-1] INFO  server.RaftServerConfigKeys (ConfUtils.java:logGet(44)) - raft.server.log.statemachine.data.sync.timeout = 10s (default)
2020-11-21 01:30:22,790 [pool-24-thread-1] INFO  server.RaftServerConfigKeys (ConfUtils.java:logGet(44)) - raft.server.log.statemachine.data.sync.timeout.retry = -1 (default)
2020-11-21 01:30:22,798 [pool-24-thread-1] INFO  server.RaftServerConfigKeys (ConfUtils.java:logGet(44)) - raft.server.log.statemachine.data.caching.enabled = false (default)
2020-11-21 01:30:22,812 [pool-24-thread-1] INFO  segmented.SegmentedRaftLogWorker (SegmentedRaftLogWorker.java:lambda$new$0(129)) - omNode-1@group-523986131536-SegmentedRaftLogWorker: flushIndex: setUnconditionally 0 -> -1
2020-11-21 01:30:22,812 [pool-24-thread-1] INFO  segmented.SegmentedRaftLogWorker (SegmentedRaftLogWorker.java:lambda$new$0(129)) - omNode-1@group-523986131536-SegmentedRaftLogWorker: safeCacheEvictIndex: setUnconditionally 0 -> -1
2020-11-21 01:30:22,814 [Listener at 0.0.0.0/33349] INFO  ipc.CallQueueManager (CallQueueManager.java:<init>(84)) - Using callQueue: class java.util.concurrent.LinkedBlockingQueue, queueCapacity: 2000, scheduler: class org.apache.hadoop.ipc.DefaultRpcScheduler, ipcBackoff: false.
2020-11-21 01:30:22,820 [pool-24-thread-1] INFO  server.RaftServerConfigKeys (ConfUtils.java:logGet(44)) - raft.server.snapshot.auto.trigger.enabled = true (custom)
2020-11-21 01:30:22,821 [pool-24-thread-1] INFO  server.RaftServerConfigKeys (ConfUtils.java:logGet(44)) - raft.server.snapshot.auto.trigger.threshold = 50 (custom)
2020-11-21 01:30:22,821 [pool-24-thread-1] INFO  server.RaftServerConfigKeys (ConfUtils.java:logGet(44)) - raft.server.snapshot.retention.file.num = -1 (default)
2020-11-21 01:30:22,822 [pool-24-thread-1] INFO  server.RaftServerConfigKeys (ConfUtils.java:logGet(44)) - raft.server.log.purge.upto.snapshot.index = true (custom)
2020-11-21 01:30:22,822 [pool-24-thread-1] INFO  server.RaftServerConfigKeys (ConfUtils.java:logGet(44)) - raft.server.retrycache.expirytime = 600000ms (custom)
2020-11-21 01:30:22,830 [Socket Reader #1 for port 13672] INFO  ipc.Server (Server.java:run(1219)) - Starting Socket Reader #1 for port 13672
2020-11-21 01:30:22,847 [pool-24-thread-1] INFO  metrics.RatisMetrics (RatisMetrics.java:lambda$create$0(36)) - Creating Metrics Registry : ratis.leader_election.omNode-1@group-523986131536
2020-11-21 01:30:22,860 [pool-24-thread-1] INFO  metrics.RatisMetrics (RatisMetrics.java:lambda$create$0(36)) - Creating Metrics Registry : ratis.server.omNode-1@group-523986131536
2020-11-21 01:30:22,899 [Listener at 127.0.0.1/13672] INFO  impl.MetricsSystemImpl (MetricsSystemImpl.java:init(158)) - OzoneManager metrics system started (again)
2020-11-21 01:30:22,901 [Listener at 127.0.0.1/13672] INFO  om.OzoneManager (OzoneManager.java:start(1144)) - OzoneManager RPC server is listening at localhost/127.0.0.1:13672
2020-11-21 01:30:22,901 [Listener at 127.0.0.1/13672] INFO  ratis.OzoneManagerRatisServer (OzoneManagerRatisServer.java:start(381)) - Starting OzoneManagerRatisServer omNode-1 at port 13676
2020-11-21 01:30:22,903 [Listener at 127.0.0.1/13672] INFO  impl.RaftServerImpl (RaftServerImpl.java:start(215)) - omNode-1@group-523986131536: start as a follower, conf=-1: [omNode-3|rpc:localhost:13688, omNode-1|rpc:localhost:13676, omNode-2|rpc:localhost:13682], old=null
2020-11-21 01:30:22,905 [Listener at 127.0.0.1/13672] INFO  impl.RaftServerImpl (RaftServerImpl.java:setRole(204)) - omNode-1@group-523986131536: changes role from      null to FOLLOWER at term 0 for startAsFollower
2020-11-21 01:30:22,906 [Listener at 127.0.0.1/13672] INFO  impl.RoleInfo (RoleInfo.java:updateAndGet(143)) - omNode-1: start omNode-1@group-523986131536-FollowerState
2020-11-21 01:30:22,907 [Listener at 127.0.0.1/13672] INFO  util.JmxRegister (JmxRegister.java:tryRegister(44)) - Successfully registered JMX Bean with object name Ratis:service=RaftServer,group=group-523986131536,id=omNode-1
2020-11-21 01:30:22,908 [Listener at 127.0.0.1/13672] INFO  metrics.RatisMetrics (RatisMetrics.java:lambda$create$0(36)) - Creating Metrics Registry : ratis.state_machine.omNode-1@group-523986131536
2020-11-21 01:30:22,910 [Listener at 127.0.0.1/13672] INFO  impl.RaftServerProxy (RaftServerProxy.java:lambda$start$3(321)) - omNode-1: start RPC server
2020-11-21 01:30:22,955 [Listener at 127.0.0.1/13672] INFO  server.GrpcService (GrpcService.java:startImpl(177)) - omNode-1: GrpcService started, listening on 0.0.0.0/0.0.0.0:13676
2020-11-21 01:30:22,959 [org.apache.ratis.server.JvmPauseMonitor@301bb6fb-Monitor] INFO  server.RaftServerConfigKeys (ConfUtils.java:logGet(44)) - raft.server.leaderelection.leader.step-down.wait-time = 10s (default)
2020-11-21 01:30:22,960 [org.apache.ratis.server.JvmPauseMonitor@301bb6fb-Monitor] INFO  server.RaftServerConfigKeys (ConfUtils.java:logGet(44)) - raft.server.rpc.slowness.timeout = 2s (custom)
2020-11-21 01:30:22,965 [org.apache.ratis.server.JvmPauseMonitor@301bb6fb-Monitor] INFO  server.JvmPauseMonitor (JvmPauseMonitor.java:run(129)) - Starting Ratis JVM pause monitor
2020-11-21 01:30:22,978 [Listener at 127.0.0.1/13672] INFO  http.BaseHttpServer (BaseHttpServer.java:newHttpServer2BuilderForOzone(207)) - Starting Web-server for ozoneManager at: http://0.0.0.0:13674
2020-11-21 01:30:22,978 [Listener at 127.0.0.1/13672] INFO  http.BaseHttpServer (BaseHttpServer.java:<init>(106)) - Hadoop Security Enabled: false Ozone Security Enabled: false Ozone HTTP Security Enabled: false 
2020-11-21 01:30:22,979 [Listener at 127.0.0.1/13672] INFO  server.AuthenticationFilter (AuthenticationFilter.java:constructSecretProvider(240)) - Unable to initialize FileSignerSecretProvider, falling back to use random secrets.
2020-11-21 01:30:22,990 [Listener at 127.0.0.1/13672] WARN  http.HttpRequestLog (HttpRequestLog.java:getRequestLog(103)) - Jetty request log can only be enabled using Log4j
2020-11-21 01:30:22,991 [Listener at 127.0.0.1/13672] INFO  http.HttpServer2 (HttpServer2.java:addGlobalFilter(1019)) - Added global filter 'safety' (class=org.apache.hadoop.hdds.server.http.HttpServer2$QuotingInputFilter)
2020-11-21 01:30:22,992 [Listener at 127.0.0.1/13672] INFO  http.HttpServer2 (HttpServer2.java:addFilter(995)) - Added filter static_user_filter (class=org.apache.hadoop.http.lib.StaticUserWebFilter$StaticUserFilter) to context ozoneManager
2020-11-21 01:30:22,992 [Listener at 127.0.0.1/13672] INFO  http.HttpServer2 (HttpServer2.java:addFilter(1003)) - Added filter static_user_filter (class=org.apache.hadoop.http.lib.StaticUserWebFilter$StaticUserFilter) to context logs
2020-11-21 01:30:22,992 [Listener at 127.0.0.1/13672] INFO  http.HttpServer2 (HttpServer2.java:addFilter(1003)) - Added filter static_user_filter (class=org.apache.hadoop.http.lib.StaticUserWebFilter$StaticUserFilter) to context static
2020-11-21 01:30:22,994 [Listener at 127.0.0.1/13672] INFO  http.HttpServer2 (HttpServer2.java:bindListener(1237)) - Jetty bound to port 13674
2020-11-21 01:30:22,995 [Listener at 127.0.0.1/13672] INFO  server.Server (Server.java:doStart(375)) - jetty-9.4.34.v20201102; built: 2020-11-02T14:15:39.302Z; git: e46af88704a893fc12cb0e3bf46e2c7b48a009e7; jvm 1.8.0_232-b09
2020-11-21 01:30:22,998 [Listener at 127.0.0.1/13672] INFO  server.session (DefaultSessionIdManager.java:doStart(334)) - DefaultSessionIdManager workerName=node0
2020-11-21 01:30:22,998 [Listener at 127.0.0.1/13672] INFO  server.session (DefaultSessionIdManager.java:doStart(339)) - No SessionScavenger set, using defaults
2020-11-21 01:30:22,999 [Listener at 127.0.0.1/13672] INFO  server.session (HouseKeeper.java:startScavenging(132)) - node0 Scavenging every 600000ms
2020-11-21 01:30:23,008 [Listener at 127.0.0.1/13672] INFO  handler.ContextHandler (ContextHandler.java:doStart(916)) - Started o.e.j.s.ServletContextHandler@4e9f998f{logs,/logs,file:///github/workspace/mnt/ozone/hadoop-ozone/integration-test/target/log,AVAILABLE}
2020-11-21 01:30:23,009 [Listener at 127.0.0.1/13672] INFO  handler.ContextHandler (ContextHandler.java:doStart(916)) - Started o.e.j.s.ServletContextHandler@2aac20f5{static,/static,file:///github/workspace/mnt/ozone/hadoop-ozone/integration-test/target/test-classes/webapps/static,AVAILABLE}
2020-11-21 01:30:23,012 [Listener at 127.0.0.1/13672] INFO  handler.ContextHandler (ContextHandler.java:doStart(916)) - Started o.e.j.w.WebAppContext@15c4ab9c{ozoneManager,/,file:///github/workspace/mnt/ozone/hadoop-ozone/integration-test/target/test-classes/webapps/ozoneManager/,AVAILABLE}{file:/github/workspace/mnt/ozone/hadoop-ozone/integration-test/target/test-classes/webapps/ozoneManager}
2020-11-21 01:30:23,013 [Listener at 127.0.0.1/13672] INFO  server.AbstractConnector (AbstractConnector.java:doStart(331)) - Started ServerConnector@24b7e857{HTTP/1.1, (http/1.1)}{0.0.0.0:13674}
2020-11-21 01:30:23,013 [Listener at 127.0.0.1/13672] INFO  server.Server (Server.java:doStart(415)) - Started @4333ms
2020-11-21 01:30:23,013 [Listener at 127.0.0.1/13672] WARN  impl.MetricsSystemImpl (MetricsSystemImpl.java:register(276)) - Sink prometheus already exists!
2020-11-21 01:30:23,018 [Listener at 127.0.0.1/13672] INFO  http.BaseHttpServer (BaseHttpServer.java:updateConnectorAddress(327)) - HTTP server of ozoneManager listening at http://0.0.0.0:13674
2020-11-21 01:30:23,026 [IPC Server Responder] INFO  ipc.Server (Server.java:run(1460)) - IPC Server Responder: starting
2020-11-21 01:30:23,028 [IPC Server listener on 13672] INFO  ipc.Server (Server.java:run(1298)) - IPC Server listener on 13672: starting
2020-11-21 01:30:23,032 [Listener at 127.0.0.1/13672] INFO  om.OzoneManager (OzoneManager.java:startTrashEmptier(1269)) - Trash Interval set to 0. Files deleted will not move to trash
2020-11-21 01:30:23,033 [Listener at 127.0.0.1/13672] INFO  ozone.MiniOzoneHAClusterImpl (MiniOzoneHAClusterImpl.java:createOMService(380)) - Started OzoneManager RPC server at localhost/127.0.0.1:13672
2020-11-21 01:30:23,033 [Listener at 127.0.0.1/13672] WARN  server.ServerUtils (ServerUtils.java:getDBPath(225)) - ozone.om.db.dirs is not configured. We recommend adding this setting. Falling back to ozone.metadata.dirs instead.
2020-11-21 01:30:23,034 [org.apache.hadoop.util.JvmPauseMonitor$Monitor@a351319] INFO  util.JvmPauseMonitor (JvmPauseMonitor.java:run(188)) - Starting JVM pause monitor
2020-11-21 01:30:23,035 [Listener at 127.0.0.1/13672] INFO  ha.OMHANodeDetails (OMHANodeDetails.java:loadOMHAConfig(110)) - ServiceID for OzoneManager is om-service-test1
2020-11-21 01:30:23,035 [Listener at 127.0.0.1/13672] INFO  ha.OMHANodeDetails (OMHANodeDetails.java:loadOMHAConfig(188)) - Found matching OM address with OMServiceId: om-service-test1, OMNodeId: omNode-2, RPC Address: localhost:13678 and Ratis port: 13682
2020-11-21 01:30:23,036 [Listener at 127.0.0.1/13672] INFO  ha.OMHANodeDetails (OMHANodeDetails.java:setOMNodeSpecificConfigs(314)) - Setting configuration key ozone.om.http-address with value of key ozone.om.http-address.omNode-2: 127.0.0.1:13680
2020-11-21 01:30:23,036 [Listener at 127.0.0.1/13672] INFO  ha.OMHANodeDetails (OMHANodeDetails.java:setOMNodeSpecificConfigs(314)) - Setting configuration key ozone.om.https-address with value of key ozone.om.https-address.omNode-2: 127.0.0.1:13681
2020-11-21 01:30:23,036 [Listener at 127.0.0.1/13672] INFO  ha.OMHANodeDetails (OMHANodeDetails.java:setOMNodeSpecificConfigs(314)) - Setting configuration key ozone.om.address with value of key ozone.om.address.omNode-2: 127.0.0.1:13678
2020-11-21 01:30:23,036 [Listener at 127.0.0.1/13672] WARN  server.ServerUtils (ServerUtils.java:getDBPath(225)) - ozone.om.db.dirs is not configured. We recommend adding this setting. Falling back to ozone.metadata.dirs instead.
2020-11-21 01:30:23,036 [Listener at 127.0.0.1/13672] WARN  server.ServerUtils (ServerUtils.java:getDBPath(225)) - ozone.om.db.dirs is not configured. We recommend adding this setting. Falling back to ozone.metadata.dirs instead.
2020-11-21 01:30:23,039 [Listener at 127.0.0.1/13672] WARN  server.ServerUtils (ServerUtils.java:getDBPath(225)) - ozone.om.db.dirs is not configured. We recommend adding this setting. Falling back to ozone.metadata.dirs instead.
2020-11-21 01:30:23,041 [Listener at 127.0.0.1/13672] INFO  codec.OmKeyInfoCodec (OmKeyInfoCodec.java:<init>(41)) - OmKeyInfoCodec ignorePipeline = true
2020-11-21 01:30:23,041 [Listener at 127.0.0.1/13672] INFO  codec.RepeatedOmKeyInfoCodec (RepeatedOmKeyInfoCodec.java:<init>(40)) - RepeatedOmKeyInfoCodec ignorePipeline = true
2020-11-21 01:30:23,106 [Listener at 127.0.0.1/13672] INFO  om.OzoneManager (OzoneManager.java:addS3GVolumeToDB(3741)) - Created Volume s3v With Owner jenkins1001 required for S3Gateway operations.
2020-11-21 01:30:23,106 [Listener at 127.0.0.1/13672] WARN  server.ServerUtils (ServerUtils.java:getDefaultRatisDirectory(237)) - Storage directory for Ratis is not configured. It is a good idea to map this to an SSD disk. Falling back to ozone.metadata.dirs
2020-11-21 01:30:23,107 [Listener at 127.0.0.1/13672] INFO  ratis.OzoneManagerRatisServer (OzoneManagerRatisServer.java:<init>(270)) - Instantiating OM Ratis server with GroupID: om-service-test1 and Raft Peers: localhost:13682, localhost:13676, localhost:13688
2020-11-21 01:30:23,107 [Listener at 127.0.0.1/13672] INFO  ratis.OzoneManagerStateMachine (OzoneManagerStateMachine.java:loadSnapshotInfoFromDB(519)) - LastAppliedIndex is set from TransactionInfo from OM DB as (t:0, i:~)
2020-11-21 01:30:23,108 [Listener at 127.0.0.1/13672] INFO  impl.RaftServerProxy (ConfUtils.java:logGet(44)) - raft.rpc.type = GRPC (default)
2020-11-21 01:30:23,108 [Listener at 127.0.0.1/13672] INFO  grpc.GrpcFactory (GrpcFactory.java:checkPooledByteBufAllocatorUseCacheForAllThreads(45)) - PERFORMANCE WARNING: useCacheForAllThreads is true that may cause Netty to create a lot garbage objects and, as a result, trigger GC.
	It is recommended to disable useCacheForAllThreads by setting -Dorg.apache.ratis.thirdparty.io.netty.allocator.useCacheForAllThreads=false in command line.
2020-11-21 01:30:23,108 [Listener at 127.0.0.1/13672] INFO  grpc.GrpcConfigKeys (ConfUtils.java:logGet(44)) - raft.grpc.server.port = 13682 (custom)
2020-11-21 01:30:23,108 [Listener at 127.0.0.1/13672] INFO  server.GrpcService (ConfUtils.java:logGet(44)) - raft.grpc.message.size.max = 33554432 (custom)
2020-11-21 01:30:23,108 [Listener at 127.0.0.1/13672] INFO  server.RaftServerConfigKeys (ConfUtils.java:logGet(44)) - raft.server.log.appender.buffer.byte-limit = 33554432 (custom)
2020-11-21 01:30:23,108 [Listener at 127.0.0.1/13672] INFO  server.GrpcService (ConfUtils.java:logGet(44)) - raft.grpc.flow.control.window = 1MB (=1048576) (default)
2020-11-21 01:30:23,108 [Listener at 127.0.0.1/13672] INFO  server.RaftServerConfigKeys (ConfUtils.java:logGet(44)) - raft.server.rpc.request.timeout = 3000ms (default)
2020-11-21 01:30:23,109 [Listener at 127.0.0.1/13672] INFO  impl.DataStreamServerImpl (ConfUtils.java:logGet(44)) - raft.datastream.type = DISABLED (default)
2020-11-21 01:30:23,110 [Listener at 127.0.0.1/13672] INFO  server.RaftServerConfigKeys (ConfUtils.java:logGet(44)) - raft.server.storage.dir = [/github/workspace/mnt/ozone/hadoop-ozone/integration-test/target/test-dir/MiniOzoneClusterImpl-3bf6729e-3927-483b-a5e0-bd83d0682071/omNode-2/ratis] (custom)
2020-11-21 01:30:23,110 [Listener at 127.0.0.1/13672] INFO  impl.RaftServerProxy (RaftServerProxy.java:addNew(93)) - omNode-2: addNew group-523986131536:[omNode-3|rpc:localhost:13688, omNode-1|rpc:localhost:13676, omNode-2|rpc:localhost:13682] returns group-523986131536:java.util.concurrent.CompletableFuture@1a0fda5a[Not completed]
2020-11-21 01:30:23,111 [pool-42-thread-1] INFO  impl.RaftServerImpl (RaftServerImpl.java:<init>(121)) - omNode-2: new RaftServerImpl for group-523986131536:[omNode-3|rpc:localhost:13688, omNode-1|rpc:localhost:13676, omNode-2|rpc:localhost:13682] with OzoneManagerStateMachine:uninitialized
2020-11-21 01:30:23,111 [Listener at 127.0.0.1/13672] INFO  om.OzoneManager (OzoneManager.java:initializeRatisServer(1336)) - OzoneManager Ratis server initialized at port 13682
2020-11-21 01:30:23,111 [Listener at 127.0.0.1/13672] WARN  server.ServerUtils (ServerUtils.java:getDefaultRatisDirectory(237)) - Storage directory for Ratis is not configured. It is a good idea to map this to an SSD disk. Falling back to ozone.metadata.dirs
2020-11-21 01:30:23,111 [Listener at 127.0.0.1/13672] WARN  server.ServerUtils (ServerUtils.java:getDefaultRatisDirectory(237)) - Storage directory for Ratis is not configured. It is a good idea to map this to an SSD disk. Falling back to ozone.metadata.dirs
2020-11-21 01:30:23,111 [Listener at 127.0.0.1/13672] INFO  snapshot.OzoneManagerSnapshotProvider (OzoneManagerSnapshotProvider.java:<init>(77)) - Initializing OM Snapshot Provider
2020-11-21 01:30:23,114 [Listener at 127.0.0.1/13672] INFO  ipc.CallQueueManager (CallQueueManager.java:<init>(84)) - Using callQueue: class java.util.concurrent.LinkedBlockingQueue, queueCapacity: 2000, scheduler: class org.apache.hadoop.ipc.DefaultRpcScheduler, ipcBackoff: false.
2020-11-21 01:30:23,115 [pool-42-thread-1] INFO  server.RaftServerConfigKeys (ConfUtils.java:logGet(44)) - raft.server.rpc.timeout.min = 1s (custom)
2020-11-21 01:30:23,115 [pool-42-thread-1] INFO  server.RaftServerConfigKeys (ConfUtils.java:logGet(44)) - raft.server.rpc.timeout.max = 1200ms (custom)
2020-11-21 01:30:23,115 [pool-42-thread-1] INFO  server.RaftServerConfigKeys (ConfUtils.java:logGet(44)) - raft.server.rpc.slowness.timeout = 2s (custom)
2020-11-21 01:30:23,115 [pool-42-thread-1] INFO  server.RaftServerConfigKeys (ConfUtils.java:logGet(44)) - raft.server.leaderelection.leader.step-down.wait-time = 10s (default)
2020-11-21 01:30:23,115 [pool-42-thread-1] INFO  server.RaftServerConfigKeys (ConfUtils.java:logGet(44)) - raft.server.sleep.deviation.threshold = 300 (default)
2020-11-21 01:30:23,116 [pool-42-thread-1] INFO  server.RaftServerConfigKeys (ConfUtils.java:logGet(44)) - raft.server.log.appender.install.snapshot.enabled = false (custom)
2020-11-21 01:30:23,116 [pool-42-thread-1] INFO  impl.RaftServerImpl (ServerState.java:<init>(104)) - omNode-2@group-523986131536: ConfigurationManager, init=-1: [omNode-3|rpc:localhost:13688, omNode-1|rpc:localhost:13676, omNode-2|rpc:localhost:13682], old=null, confs=<EMPTY_MAP>
2020-11-21 01:30:23,116 [pool-42-thread-1] INFO  server.RaftServerConfigKeys (ConfUtils.java:logGet(44)) - raft.server.storage.dir = [/github/workspace/mnt/ozone/hadoop-ozone/integration-test/target/test-dir/MiniOzoneClusterImpl-3bf6729e-3927-483b-a5e0-bd83d0682071/omNode-2/ratis] (custom)
2020-11-21 01:30:23,116 [pool-42-thread-1] INFO  server.RaftServerConfigKeys (ConfUtils.java:logGet(44)) - raft.server.log.corruption.policy = EXCEPTION (default)
2020-11-21 01:30:23,116 [pool-42-thread-1] INFO  storage.RaftStorageDirectory (RaftStorageDirectory.java:analyzeStorage(261)) - The storage directory /github/workspace/mnt/ozone/hadoop-ozone/integration-test/target/test-dir/MiniOzoneClusterImpl-3bf6729e-3927-483b-a5e0-bd83d0682071/omNode-2/ratis/c9bc4cf4-3bc3-3c60-a66b-523986131536 does not exist. Creating ...
2020-11-21 01:30:23,118 [Socket Reader #1 for port 13678] INFO  ipc.Server (Server.java:run(1219)) - Starting Socket Reader #1 for port 13678
2020-11-21 01:30:23,118 [pool-42-thread-1] INFO  storage.RaftStorageDirectory (RaftStorageDirectory.java:tryLock(343)) - Lock on /github/workspace/mnt/ozone/hadoop-ozone/integration-test/target/test-dir/MiniOzoneClusterImpl-3bf6729e-3927-483b-a5e0-bd83d0682071/omNode-2/ratis/c9bc4cf4-3bc3-3c60-a66b-523986131536/in_use.lock acquired by nodename 21810@a24e47d532a4
2020-11-21 01:30:23,123 [pool-42-thread-1] INFO  storage.RaftStorage (RaftStorage.java:format(85)) - Storage directory /github/workspace/mnt/ozone/hadoop-ozone/integration-test/target/test-dir/MiniOzoneClusterImpl-3bf6729e-3927-483b-a5e0-bd83d0682071/omNode-2/ratis/c9bc4cf4-3bc3-3c60-a66b-523986131536 has been successfully formatted.
2020-11-21 01:30:23,123 [pool-42-thread-1] INFO  server.RaftServerConfigKeys (ConfUtils.java:logGet(44)) - raft.server.notification.no-leader.timeout = 2s (custom)
2020-11-21 01:30:23,123 [pool-42-thread-1] INFO  server.RaftServerConfigKeys (ConfUtils.java:logGet(44)) - raft.server.log.use.memory = false (default)
2020-11-21 01:30:23,123 [pool-42-thread-1] INFO  server.RaftServerConfigKeys (ConfUtils.java:logGet(44)) - raft.server.log.purge.gap = 50 (custom)
2020-11-21 01:30:23,123 [pool-42-thread-1] INFO  metrics.RatisMetrics (RatisMetrics.java:lambda$create$0(36)) - Creating Metrics Registry : ratis.log_worker.omNode-2@group-523986131536
2020-11-21 01:30:23,123 [pool-42-thread-1] INFO  server.RaftServerConfigKeys (ConfUtils.java:logGet(44)) - raft.server.log.appender.buffer.byte-limit = 33554432 (custom)
2020-11-21 01:30:23,124 [pool-42-thread-1] INFO  server.RaftServerConfigKeys (ConfUtils.java:logGet(44)) - raft.server.log.segment.size.max = 4194304 (custom)
2020-11-21 01:30:23,124 [pool-42-thread-1] INFO  server.RaftServerConfigKeys (ConfUtils.java:logGet(44)) - raft.server.log.segment.cache.num.max = 2 (custom)
2020-11-21 01:30:23,124 [pool-42-thread-1] INFO  segmented.SegmentedRaftLogWorker (SegmentedRaftLogWorker.java:<init>(180)) - new omNode-2@group-523986131536-SegmentedRaftLogWorker for RaftStorage:Storage Directory /github/workspace/mnt/ozone/hadoop-ozone/integration-test/target/test-dir/MiniOzoneClusterImpl-3bf6729e-3927-483b-a5e0-bd83d0682071/omNode-2/ratis/c9bc4cf4-3bc3-3c60-a66b-523986131536
2020-11-21 01:30:23,124 [pool-42-thread-1] INFO  server.RaftServerConfigKeys (ConfUtils.java:logGet(44)) - raft.server.log.queue.byte-limit = 64MB (=67108864) (default)
2020-11-21 01:30:23,124 [pool-42-thread-1] INFO  server.RaftServerConfigKeys (ConfUtils.java:logGet(44)) - raft.server.log.queue.element-limit = 4096 (default)
2020-11-21 01:30:23,124 [pool-42-thread-1] INFO  server.RaftServerConfigKeys (ConfUtils.java:logGet(44)) - raft.server.log.segment.size.max = 4194304 (custom)
2020-11-21 01:30:23,124 [pool-42-thread-1] INFO  server.RaftServerConfigKeys (ConfUtils.java:logGet(44)) - raft.server.log.preallocated.size = 4194304 (custom)
2020-11-21 01:30:23,124 [pool-42-thread-1] INFO  server.RaftServerConfigKeys (ConfUtils.java:logGet(44)) - raft.server.log.write.buffer.size = 64KB (=65536) (default)
2020-11-21 01:30:23,124 [pool-42-thread-1] INFO  server.RaftServerConfigKeys (ConfUtils.java:logGet(44)) - raft.server.log.force.sync.num = 128 (default)
2020-11-21 01:30:23,125 [pool-42-thread-1] INFO  server.RaftServerConfigKeys (ConfUtils.java:logGet(44)) - raft.server.log.statemachine.data.sync = true (default)
2020-11-21 01:30:23,125 [pool-42-thread-1] INFO  server.RaftServerConfigKeys (ConfUtils.java:logGet(44)) - raft.server.log.statemachine.data.sync.timeout = 10s (default)
2020-11-21 01:30:23,125 [pool-42-thread-1] INFO  server.RaftServerConfigKeys (ConfUtils.java:logGet(44)) - raft.server.log.statemachine.data.sync.timeout.retry = -1 (default)
2020-11-21 01:30:23,125 [pool-42-thread-1] INFO  server.RaftServerConfigKeys (ConfUtils.java:logGet(44)) - raft.server.log.statemachine.data.caching.enabled = false (default)
2020-11-21 01:30:23,126 [pool-42-thread-1] INFO  segmented.SegmentedRaftLogWorker (SegmentedRaftLogWorker.java:lambda$new$0(129)) - omNode-2@group-523986131536-SegmentedRaftLogWorker: flushIndex: setUnconditionally 0 -> -1
2020-11-21 01:30:23,126 [pool-42-thread-1] INFO  segmented.SegmentedRaftLogWorker (SegmentedRaftLogWorker.java:lambda$new$0(129)) - omNode-2@group-523986131536-SegmentedRaftLogWorker: safeCacheEvictIndex: setUnconditionally 0 -> -1
2020-11-21 01:30:23,134 [pool-42-thread-1] INFO  server.RaftServerConfigKeys (ConfUtils.java:logGet(44)) - raft.server.snapshot.auto.trigger.enabled = true (custom)
2020-11-21 01:30:23,134 [pool-42-thread-1] INFO  server.RaftServerConfigKeys (ConfUtils.java:logGet(44)) - raft.server.snapshot.auto.trigger.threshold = 50 (custom)
2020-11-21 01:30:23,134 [pool-42-thread-1] INFO  server.RaftServerConfigKeys (ConfUtils.java:logGet(44)) - raft.server.snapshot.retention.file.num = -1 (default)
2020-11-21 01:30:23,134 [pool-42-thread-1] INFO  server.RaftServerConfigKeys (ConfUtils.java:logGet(44)) - raft.server.log.purge.upto.snapshot.index = true (custom)
2020-11-21 01:30:23,134 [pool-42-thread-1] INFO  server.RaftServerConfigKeys (ConfUtils.java:logGet(44)) - raft.server.retrycache.expirytime = 600000ms (custom)
2020-11-21 01:30:23,134 [pool-42-thread-1] INFO  metrics.RatisMetrics (RatisMetrics.java:lambda$create$0(36)) - Creating Metrics Registry : ratis.leader_election.omNode-2@group-523986131536
2020-11-21 01:30:23,135 [pool-42-thread-1] INFO  metrics.RatisMetrics (RatisMetrics.java:lambda$create$0(36)) - Creating Metrics Registry : ratis.server.omNode-2@group-523986131536
2020-11-21 01:30:23,140 [Listener at 127.0.0.1/13678] INFO  impl.MetricsSystemImpl (MetricsSystemImpl.java:init(158)) - OzoneManager metrics system started (again)
2020-11-21 01:30:23,141 [Listener at 127.0.0.1/13678] INFO  om.OzoneManager (OzoneManager.java:start(1144)) - OzoneManager RPC server is listening at localhost/127.0.0.1:13678
2020-11-21 01:30:23,141 [Listener at 127.0.0.1/13678] INFO  ratis.OzoneManagerRatisServer (OzoneManagerRatisServer.java:start(381)) - Starting OzoneManagerRatisServer omNode-2 at port 13682
2020-11-21 01:30:23,142 [Listener at 127.0.0.1/13678] INFO  impl.RaftServerImpl (RaftServerImpl.java:start(215)) - omNode-2@group-523986131536: start as a follower, conf=-1: [omNode-3|rpc:localhost:13688, omNode-1|rpc:localhost:13676, omNode-2|rpc:localhost:13682], old=null
2020-11-21 01:30:23,142 [Listener at 127.0.0.1/13678] INFO  impl.RaftServerImpl (RaftServerImpl.java:setRole(204)) - omNode-2@group-523986131536: changes role from      null to FOLLOWER at term 0 for startAsFollower
2020-11-21 01:30:23,142 [Listener at 127.0.0.1/13678] INFO  impl.RoleInfo (RoleInfo.java:updateAndGet(143)) - omNode-2: start omNode-2@group-523986131536-FollowerState
2020-11-21 01:30:23,142 [Listener at 127.0.0.1/13678] INFO  util.JmxRegister (JmxRegister.java:tryRegister(44)) - Successfully registered JMX Bean with object name Ratis:service=RaftServer,group=group-523986131536,id=omNode-2
2020-11-21 01:30:23,143 [Listener at 127.0.0.1/13678] INFO  metrics.RatisMetrics (RatisMetrics.java:lambda$create$0(36)) - Creating Metrics Registry : ratis.state_machine.omNode-2@group-523986131536
2020-11-21 01:30:23,146 [Listener at 127.0.0.1/13678] INFO  impl.RaftServerProxy (RaftServerProxy.java:lambda$start$3(321)) - omNode-2: start RPC server
2020-11-21 01:30:23,151 [Listener at 127.0.0.1/13678] INFO  server.GrpcService (GrpcService.java:startImpl(177)) - omNode-2: GrpcService started, listening on 0.0.0.0/0.0.0.0:13682
2020-11-21 01:30:23,154 [org.apache.ratis.server.JvmPauseMonitor@7e3cf86b-Monitor] INFO  server.RaftServerConfigKeys (ConfUtils.java:logGet(44)) - raft.server.leaderelection.leader.step-down.wait-time = 10s (default)
2020-11-21 01:30:23,154 [org.apache.ratis.server.JvmPauseMonitor@7e3cf86b-Monitor] INFO  server.RaftServerConfigKeys (ConfUtils.java:logGet(44)) - raft.server.rpc.slowness.timeout = 2s (custom)
2020-11-21 01:30:23,154 [org.apache.ratis.server.JvmPauseMonitor@7e3cf86b-Monitor] INFO  server.JvmPauseMonitor (JvmPauseMonitor.java:run(129)) - Starting Ratis JVM pause monitor
2020-11-21 01:30:23,164 [Listener at 127.0.0.1/13678] INFO  http.BaseHttpServer (BaseHttpServer.java:newHttpServer2BuilderForOzone(207)) - Starting Web-server for ozoneManager at: http://0.0.0.0:13680
2020-11-21 01:30:23,165 [Listener at 127.0.0.1/13678] INFO  http.BaseHttpServer (BaseHttpServer.java:<init>(106)) - Hadoop Security Enabled: false Ozone Security Enabled: false Ozone HTTP Security Enabled: false 
2020-11-21 01:30:23,166 [Listener at 127.0.0.1/13678] INFO  server.AuthenticationFilter (AuthenticationFilter.java:constructSecretProvider(240)) - Unable to initialize FileSignerSecretProvider, falling back to use random secrets.
2020-11-21 01:30:23,168 [Listener at 127.0.0.1/13678] WARN  http.HttpRequestLog (HttpRequestLog.java:getRequestLog(103)) - Jetty request log can only be enabled using Log4j
2020-11-21 01:30:23,174 [Listener at 127.0.0.1/13678] INFO  http.HttpServer2 (HttpServer2.java:addGlobalFilter(1019)) - Added global filter 'safety' (class=org.apache.hadoop.hdds.server.http.HttpServer2$QuotingInputFilter)
2020-11-21 01:30:23,175 [Listener at 127.0.0.1/13678] INFO  http.HttpServer2 (HttpServer2.java:addFilter(995)) - Added filter static_user_filter (class=org.apache.hadoop.http.lib.StaticUserWebFilter$StaticUserFilter) to context ozoneManager
2020-11-21 01:30:23,175 [Listener at 127.0.0.1/13678] INFO  http.HttpServer2 (HttpServer2.java:addFilter(1003)) - Added filter static_user_filter (class=org.apache.hadoop.http.lib.StaticUserWebFilter$StaticUserFilter) to context static
2020-11-21 01:30:23,175 [Listener at 127.0.0.1/13678] INFO  http.HttpServer2 (HttpServer2.java:addFilter(1003)) - Added filter static_user_filter (class=org.apache.hadoop.http.lib.StaticUserWebFilter$StaticUserFilter) to context logs
2020-11-21 01:30:23,176 [Listener at 127.0.0.1/13678] INFO  http.HttpServer2 (HttpServer2.java:bindListener(1237)) - Jetty bound to port 13680
2020-11-21 01:30:23,176 [Listener at 127.0.0.1/13678] INFO  server.Server (Server.java:doStart(375)) - jetty-9.4.34.v20201102; built: 2020-11-02T14:15:39.302Z; git: e46af88704a893fc12cb0e3bf46e2c7b48a009e7; jvm 1.8.0_232-b09
2020-11-21 01:30:23,177 [Listener at 127.0.0.1/13678] INFO  server.session (DefaultSessionIdManager.java:doStart(334)) - DefaultSessionIdManager workerName=node0
2020-11-21 01:30:23,178 [Listener at 127.0.0.1/13678] INFO  server.session (DefaultSessionIdManager.java:doStart(339)) - No SessionScavenger set, using defaults
2020-11-21 01:30:23,178 [Listener at 127.0.0.1/13678] INFO  server.session (HouseKeeper.java:startScavenging(132)) - node0 Scavenging every 660000ms
2020-11-21 01:30:23,182 [Listener at 127.0.0.1/13678] INFO  handler.ContextHandler (ContextHandler.java:doStart(916)) - Started o.e.j.s.ServletContextHandler@46db2d05{logs,/logs,file:///github/workspace/mnt/ozone/hadoop-ozone/integration-test/target/log,AVAILABLE}
2020-11-21 01:30:23,182 [Listener at 127.0.0.1/13678] INFO  handler.ContextHandler (ContextHandler.java:doStart(916)) - Started o.e.j.s.ServletContextHandler@6d0ab637{static,/static,file:///github/workspace/mnt/ozone/hadoop-ozone/integration-test/target/test-classes/webapps/static,AVAILABLE}
2020-11-21 01:30:23,186 [Listener at 127.0.0.1/13678] INFO  handler.ContextHandler (ContextHandler.java:doStart(916)) - Started o.e.j.w.WebAppContext@5d973bbc{ozoneManager,/,file:///github/workspace/mnt/ozone/hadoop-ozone/integration-test/target/test-classes/webapps/ozoneManager/,AVAILABLE}{file:/github/workspace/mnt/ozone/hadoop-ozone/integration-test/target/test-classes/webapps/ozoneManager}
2020-11-21 01:30:23,187 [Listener at 127.0.0.1/13678] INFO  server.AbstractConnector (AbstractConnector.java:doStart(331)) - Started ServerConnector@25ab879{HTTP/1.1, (http/1.1)}{0.0.0.0:13680}
2020-11-21 01:30:23,187 [Listener at 127.0.0.1/13678] INFO  server.Server (Server.java:doStart(415)) - Started @4508ms
2020-11-21 01:30:23,188 [Listener at 127.0.0.1/13678] WARN  impl.MetricsSystemImpl (MetricsSystemImpl.java:register(276)) - Sink prometheus already exists!
2020-11-21 01:30:23,190 [Listener at 127.0.0.1/13678] INFO  http.BaseHttpServer (BaseHttpServer.java:updateConnectorAddress(327)) - HTTP server of ozoneManager listening at http://0.0.0.0:13680
2020-11-21 01:30:23,191 [IPC Server Responder] INFO  ipc.Server (Server.java:run(1460)) - IPC Server Responder: starting
2020-11-21 01:30:23,191 [IPC Server listener on 13678] INFO  ipc.Server (Server.java:run(1298)) - IPC Server listener on 13678: starting
2020-11-21 01:30:23,200 [Listener at 127.0.0.1/13678] INFO  om.OzoneManager (OzoneManager.java:startTrashEmptier(1269)) - Trash Interval set to 0. Files deleted will not move to trash
2020-11-21 01:30:23,200 [Listener at 127.0.0.1/13678] INFO  ozone.MiniOzoneHAClusterImpl (MiniOzoneHAClusterImpl.java:createOMService(380)) - Started OzoneManager RPC server at localhost/127.0.0.1:13678
2020-11-21 01:30:23,200 [org.apache.hadoop.util.JvmPauseMonitor$Monitor@747b1718] INFO  util.JvmPauseMonitor (JvmPauseMonitor.java:run(188)) - Starting JVM pause monitor
2020-11-21 01:30:23,200 [Listener at 127.0.0.1/13678] WARN  server.ServerUtils (ServerUtils.java:getDBPath(225)) - ozone.om.db.dirs is not configured. We recommend adding this setting. Falling back to ozone.metadata.dirs instead.
2020-11-21 01:30:23,202 [Listener at 127.0.0.1/13678] INFO  ha.OMHANodeDetails (OMHANodeDetails.java:loadOMHAConfig(110)) - ServiceID for OzoneManager is om-service-test1
2020-11-21 01:30:23,203 [Listener at 127.0.0.1/13678] INFO  ha.OMHANodeDetails (OMHANodeDetails.java:loadOMHAConfig(188)) - Found matching OM address with OMServiceId: om-service-test1, OMNodeId: omNode-3, RPC Address: localhost:13684 and Ratis port: 13688
2020-11-21 01:30:23,203 [Listener at 127.0.0.1/13678] INFO  ha.OMHANodeDetails (OMHANodeDetails.java:setOMNodeSpecificConfigs(314)) - Setting configuration key ozone.om.http-address with value of key ozone.om.http-address.omNode-3: 127.0.0.1:13686
2020-11-21 01:30:23,203 [Listener at 127.0.0.1/13678] INFO  ha.OMHANodeDetails (OMHANodeDetails.java:setOMNodeSpecificConfigs(314)) - Setting configuration key ozone.om.https-address with value of key ozone.om.https-address.omNode-3: 127.0.0.1:13687
2020-11-21 01:30:23,203 [Listener at 127.0.0.1/13678] INFO  ha.OMHANodeDetails (OMHANodeDetails.java:setOMNodeSpecificConfigs(314)) - Setting configuration key ozone.om.address with value of key ozone.om.address.omNode-3: 127.0.0.1:13684
2020-11-21 01:30:23,204 [Listener at 127.0.0.1/13678] WARN  server.ServerUtils (ServerUtils.java:getDBPath(225)) - ozone.om.db.dirs is not configured. We recommend adding this setting. Falling back to ozone.metadata.dirs instead.
2020-11-21 01:30:23,205 [Listener at 127.0.0.1/13678] WARN  server.ServerUtils (ServerUtils.java:getDBPath(225)) - ozone.om.db.dirs is not configured. We recommend adding this setting. Falling back to ozone.metadata.dirs instead.
2020-11-21 01:30:23,208 [Listener at 127.0.0.1/13678] WARN  server.ServerUtils (ServerUtils.java:getDBPath(225)) - ozone.om.db.dirs is not configured. We recommend adding this setting. Falling back to ozone.metadata.dirs instead.
2020-11-21 01:30:23,210 [Listener at 127.0.0.1/13678] INFO  codec.OmKeyInfoCodec (OmKeyInfoCodec.java:<init>(41)) - OmKeyInfoCodec ignorePipeline = true
2020-11-21 01:30:23,210 [Listener at 127.0.0.1/13678] INFO  codec.RepeatedOmKeyInfoCodec (RepeatedOmKeyInfoCodec.java:<init>(40)) - RepeatedOmKeyInfoCodec ignorePipeline = true
2020-11-21 01:30:23,276 [Listener at 127.0.0.1/13678] INFO  om.OzoneManager (OzoneManager.java:addS3GVolumeToDB(3741)) - Created Volume s3v With Owner jenkins1001 required for S3Gateway operations.
2020-11-21 01:30:23,276 [Listener at 127.0.0.1/13678] WARN  server.ServerUtils (ServerUtils.java:getDefaultRatisDirectory(237)) - Storage directory for Ratis is not configured. It is a good idea to map this to an SSD disk. Falling back to ozone.metadata.dirs
2020-11-21 01:30:23,277 [Listener at 127.0.0.1/13678] INFO  ratis.OzoneManagerRatisServer (OzoneManagerRatisServer.java:<init>(270)) - Instantiating OM Ratis server with GroupID: om-service-test1 and Raft Peers: localhost:13688, localhost:13676, localhost:13682
2020-11-21 01:30:23,277 [Listener at 127.0.0.1/13678] INFO  ratis.OzoneManagerStateMachine (OzoneManagerStateMachine.java:loadSnapshotInfoFromDB(519)) - LastAppliedIndex is set from TransactionInfo from OM DB as (t:0, i:~)
2020-11-21 01:30:23,277 [Listener at 127.0.0.1/13678] INFO  impl.RaftServerProxy (ConfUtils.java:logGet(44)) - raft.rpc.type = GRPC (default)
2020-11-21 01:30:23,277 [Listener at 127.0.0.1/13678] INFO  grpc.GrpcFactory (GrpcFactory.java:checkPooledByteBufAllocatorUseCacheForAllThreads(45)) - PERFORMANCE WARNING: useCacheForAllThreads is true that may cause Netty to create a lot garbage objects and, as a result, trigger GC.
	It is recommended to disable useCacheForAllThreads by setting -Dorg.apache.ratis.thirdparty.io.netty.allocator.useCacheForAllThreads=false in command line.
2020-11-21 01:30:23,278 [Listener at 127.0.0.1/13678] INFO  grpc.GrpcConfigKeys (ConfUtils.java:logGet(44)) - raft.grpc.server.port = 13688 (custom)
2020-11-21 01:30:23,278 [Listener at 127.0.0.1/13678] INFO  server.GrpcService (ConfUtils.java:logGet(44)) - raft.grpc.message.size.max = 33554432 (custom)
2020-11-21 01:30:23,278 [Listener at 127.0.0.1/13678] INFO  server.RaftServerConfigKeys (ConfUtils.java:logGet(44)) - raft.server.log.appender.buffer.byte-limit = 33554432 (custom)
2020-11-21 01:30:23,278 [Listener at 127.0.0.1/13678] INFO  server.GrpcService (ConfUtils.java:logGet(44)) - raft.grpc.flow.control.window = 1MB (=1048576) (default)
2020-11-21 01:30:23,278 [Listener at 127.0.0.1/13678] INFO  server.RaftServerConfigKeys (ConfUtils.java:logGet(44)) - raft.server.rpc.request.timeout = 3000ms (default)
2020-11-21 01:30:23,279 [Listener at 127.0.0.1/13678] INFO  impl.DataStreamServerImpl (ConfUtils.java:logGet(44)) - raft.datastream.type = DISABLED (default)
2020-11-21 01:30:23,279 [Listener at 127.0.0.1/13678] INFO  server.RaftServerConfigKeys (ConfUtils.java:logGet(44)) - raft.server.storage.dir = [/github/workspace/mnt/ozone/hadoop-ozone/integration-test/target/test-dir/MiniOzoneClusterImpl-3bf6729e-3927-483b-a5e0-bd83d0682071/omNode-3/ratis] (custom)
2020-11-21 01:30:23,282 [Listener at 127.0.0.1/13678] INFO  impl.RaftServerProxy (RaftServerProxy.java:addNew(93)) - omNode-3: addNew group-523986131536:[omNode-3|rpc:localhost:13688, omNode-1|rpc:localhost:13676, omNode-2|rpc:localhost:13682] returns group-523986131536:java.util.concurrent.CompletableFuture@5fe453ac[Not completed]
2020-11-21 01:30:23,283 [pool-58-thread-1] INFO  impl.RaftServerImpl (RaftServerImpl.java:<init>(121)) - omNode-3: new RaftServerImpl for group-523986131536:[omNode-3|rpc:localhost:13688, omNode-1|rpc:localhost:13676, omNode-2|rpc:localhost:13682] with OzoneManagerStateMachine:uninitialized
2020-11-21 01:30:23,283 [Listener at 127.0.0.1/13678] INFO  om.OzoneManager (OzoneManager.java:initializeRatisServer(1336)) - OzoneManager Ratis server initialized at port 13688
2020-11-21 01:30:23,283 [Listener at 127.0.0.1/13678] WARN  server.ServerUtils (ServerUtils.java:getDefaultRatisDirectory(237)) - Storage directory for Ratis is not configured. It is a good idea to map this to an SSD disk. Falling back to ozone.metadata.dirs
2020-11-21 01:30:23,283 [pool-58-thread-1] INFO  server.RaftServerConfigKeys (ConfUtils.java:logGet(44)) - raft.server.rpc.timeout.min = 1s (custom)
2020-11-21 01:30:23,283 [Listener at 127.0.0.1/13678] WARN  server.ServerUtils (ServerUtils.java:getDefaultRatisDirectory(237)) - Storage directory for Ratis is not configured. It is a good idea to map this to an SSD disk. Falling back to ozone.metadata.dirs
2020-11-21 01:30:23,283 [pool-58-thread-1] INFO  server.RaftServerConfigKeys (ConfUtils.java:logGet(44)) - raft.server.rpc.timeout.max = 1200ms (custom)
2020-11-21 01:30:23,284 [Listener at 127.0.0.1/13678] INFO  snapshot.OzoneManagerSnapshotProvider (OzoneManagerSnapshotProvider.java:<init>(77)) - Initializing OM Snapshot Provider
2020-11-21 01:30:23,284 [pool-58-thread-1] INFO  server.RaftServerConfigKeys (ConfUtils.java:logGet(44)) - raft.server.rpc.slowness.timeout = 2s (custom)
2020-11-21 01:30:23,284 [pool-58-thread-1] INFO  server.RaftServerConfigKeys (ConfUtils.java:logGet(44)) - raft.server.leaderelection.leader.step-down.wait-time = 10s (default)
2020-11-21 01:30:23,284 [pool-58-thread-1] INFO  server.RaftServerConfigKeys (ConfUtils.java:logGet(44)) - raft.server.sleep.deviation.threshold = 300 (default)
2020-11-21 01:30:23,285 [pool-58-thread-1] INFO  server.RaftServerConfigKeys (ConfUtils.java:logGet(44)) - raft.server.log.appender.install.snapshot.enabled = false (custom)
2020-11-21 01:30:23,285 [pool-58-thread-1] INFO  impl.RaftServerImpl (ServerState.java:<init>(104)) - omNode-3@group-523986131536: ConfigurationManager, init=-1: [omNode-3|rpc:localhost:13688, omNode-1|rpc:localhost:13676, omNode-2|rpc:localhost:13682], old=null, confs=<EMPTY_MAP>
2020-11-21 01:30:23,285 [pool-58-thread-1] INFO  server.RaftServerConfigKeys (ConfUtils.java:logGet(44)) - raft.server.storage.dir = [/github/workspace/mnt/ozone/hadoop-ozone/integration-test/target/test-dir/MiniOzoneClusterImpl-3bf6729e-3927-483b-a5e0-bd83d0682071/omNode-3/ratis] (custom)
2020-11-21 01:30:23,285 [pool-58-thread-1] INFO  server.RaftServerConfigKeys (ConfUtils.java:logGet(44)) - raft.server.log.corruption.policy = EXCEPTION (default)
2020-11-21 01:30:23,285 [pool-58-thread-1] INFO  storage.RaftStorageDirectory (RaftStorageDirectory.java:analyzeStorage(261)) - The storage directory /github/workspace/mnt/ozone/hadoop-ozone/integration-test/target/test-dir/MiniOzoneClusterImpl-3bf6729e-3927-483b-a5e0-bd83d0682071/omNode-3/ratis/c9bc4cf4-3bc3-3c60-a66b-523986131536 does not exist. Creating ...
2020-11-21 01:30:23,286 [Listener at 127.0.0.1/13678] INFO  ipc.CallQueueManager (CallQueueManager.java:<init>(84)) - Using callQueue: class java.util.concurrent.LinkedBlockingQueue, queueCapacity: 2000, scheduler: class org.apache.hadoop.ipc.DefaultRpcScheduler, ipcBackoff: false.
2020-11-21 01:30:23,288 [pool-58-thread-1] INFO  storage.RaftStorageDirectory (RaftStorageDirectory.java:tryLock(343)) - Lock on /github/workspace/mnt/ozone/hadoop-ozone/integration-test/target/test-dir/MiniOzoneClusterImpl-3bf6729e-3927-483b-a5e0-bd83d0682071/omNode-3/ratis/c9bc4cf4-3bc3-3c60-a66b-523986131536/in_use.lock acquired by nodename 21810@a24e47d532a4
2020-11-21 01:30:23,289 [pool-58-thread-1] INFO  storage.RaftStorage (RaftStorage.java:format(85)) - Storage directory /github/workspace/mnt/ozone/hadoop-ozone/integration-test/target/test-dir/MiniOzoneClusterImpl-3bf6729e-3927-483b-a5e0-bd83d0682071/omNode-3/ratis/c9bc4cf4-3bc3-3c60-a66b-523986131536 has been successfully formatted.
2020-11-21 01:30:23,289 [pool-58-thread-1] INFO  server.RaftServerConfigKeys (ConfUtils.java:logGet(44)) - raft.server.notification.no-leader.timeout = 2s (custom)
2020-11-21 01:30:23,289 [pool-58-thread-1] INFO  server.RaftServerConfigKeys (ConfUtils.java:logGet(44)) - raft.server.log.use.memory = false (default)
2020-11-21 01:30:23,290 [pool-58-thread-1] INFO  server.RaftServerConfigKeys (ConfUtils.java:logGet(44)) - raft.server.log.purge.gap = 50 (custom)
2020-11-21 01:30:23,290 [pool-58-thread-1] INFO  metrics.RatisMetrics (RatisMetrics.java:lambda$create$0(36)) - Creating Metrics Registry : ratis.log_worker.omNode-3@group-523986131536
2020-11-21 01:30:23,290 [pool-58-thread-1] INFO  server.RaftServerConfigKeys (ConfUtils.java:logGet(44)) - raft.server.log.appender.buffer.byte-limit = 33554432 (custom)
2020-11-21 01:30:23,290 [pool-58-thread-1] INFO  server.RaftServerConfigKeys (ConfUtils.java:logGet(44)) - raft.server.log.segment.size.max = 4194304 (custom)
2020-11-21 01:30:23,291 [pool-58-thread-1] INFO  server.RaftServerConfigKeys (ConfUtils.java:logGet(44)) - raft.server.log.segment.cache.num.max = 2 (custom)
2020-11-21 01:30:23,291 [pool-58-thread-1] INFO  segmented.SegmentedRaftLogWorker (SegmentedRaftLogWorker.java:<init>(180)) - new omNode-3@group-523986131536-SegmentedRaftLogWorker for RaftStorage:Storage Directory /github/workspace/mnt/ozone/hadoop-ozone/integration-test/target/test-dir/MiniOzoneClusterImpl-3bf6729e-3927-483b-a5e0-bd83d0682071/omNode-3/ratis/c9bc4cf4-3bc3-3c60-a66b-523986131536
2020-11-21 01:30:23,291 [pool-58-thread-1] INFO  server.RaftServerConfigKeys (ConfUtils.java:logGet(44)) - raft.server.log.queue.byte-limit = 64MB (=67108864) (default)
2020-11-21 01:30:23,291 [pool-58-thread-1] INFO  server.RaftServerConfigKeys (ConfUtils.java:logGet(44)) - raft.server.log.queue.element-limit = 4096 (default)
2020-11-21 01:30:23,291 [pool-58-thread-1] INFO  server.RaftServerConfigKeys (ConfUtils.java:logGet(44)) - raft.server.log.segment.size.max = 4194304 (custom)
2020-11-21 01:30:23,291 [pool-58-thread-1] INFO  server.RaftServerConfigKeys (ConfUtils.java:logGet(44)) - raft.server.log.preallocated.size = 4194304 (custom)
2020-11-21 01:30:23,291 [pool-58-thread-1] INFO  server.RaftServerConfigKeys (ConfUtils.java:logGet(44)) - raft.server.log.write.buffer.size = 64KB (=65536) (default)
2020-11-21 01:30:23,292 [pool-58-thread-1] INFO  server.RaftServerConfigKeys (ConfUtils.java:logGet(44)) - raft.server.log.force.sync.num = 128 (default)
2020-11-21 01:30:23,292 [pool-58-thread-1] INFO  server.RaftServerConfigKeys (ConfUtils.java:logGet(44)) - raft.server.log.statemachine.data.sync = true (default)
2020-11-21 01:30:23,292 [pool-58-thread-1] INFO  server.RaftServerConfigKeys (ConfUtils.java:logGet(44)) - raft.server.log.statemachine.data.sync.timeout = 10s (default)
2020-11-21 01:30:23,292 [pool-58-thread-1] INFO  server.RaftServerConfigKeys (ConfUtils.java:logGet(44)) - raft.server.log.statemachine.data.sync.timeout.retry = -1 (default)
2020-11-21 01:30:23,296 [pool-58-thread-1] INFO  server.RaftServerConfigKeys (ConfUtils.java:logGet(44)) - raft.server.log.statemachine.data.caching.enabled = false (default)
2020-11-21 01:30:23,296 [pool-58-thread-1] INFO  segmented.SegmentedRaftLogWorker (SegmentedRaftLogWorker.java:lambda$new$0(129)) - omNode-3@group-523986131536-SegmentedRaftLogWorker: flushIndex: setUnconditionally 0 -> -1
2020-11-21 01:30:23,296 [pool-58-thread-1] INFO  segmented.SegmentedRaftLogWorker (SegmentedRaftLogWorker.java:lambda$new$0(129)) - omNode-3@group-523986131536-SegmentedRaftLogWorker: safeCacheEvictIndex: setUnconditionally 0 -> -1
2020-11-21 01:30:23,297 [Socket Reader #1 for port 13684] INFO  ipc.Server (Server.java:run(1219)) - Starting Socket Reader #1 for port 13684
2020-11-21 01:30:23,314 [pool-58-thread-1] INFO  server.RaftServerConfigKeys (ConfUtils.java:logGet(44)) - raft.server.snapshot.auto.trigger.enabled = true (custom)
2020-11-21 01:30:23,314 [pool-58-thread-1] INFO  server.RaftServerConfigKeys (ConfUtils.java:logGet(44)) - raft.server.snapshot.auto.trigger.threshold = 50 (custom)
2020-11-21 01:30:23,314 [pool-58-thread-1] INFO  server.RaftServerConfigKeys (ConfUtils.java:logGet(44)) - raft.server.snapshot.retention.file.num = -1 (default)
2020-11-21 01:30:23,315 [pool-58-thread-1] INFO  server.RaftServerConfigKeys (ConfUtils.java:logGet(44)) - raft.server.log.purge.upto.snapshot.index = true (custom)
2020-11-21 01:30:23,315 [Listener at 127.0.0.1/13684] INFO  impl.MetricsSystemImpl (MetricsSystemImpl.java:init(158)) - OzoneManager metrics system started (again)
2020-11-21 01:30:23,316 [pool-58-thread-1] INFO  server.RaftServerConfigKeys (ConfUtils.java:logGet(44)) - raft.server.retrycache.expirytime = 600000ms (custom)
2020-11-21 01:30:23,316 [pool-58-thread-1] INFO  metrics.RatisMetrics (RatisMetrics.java:lambda$create$0(36)) - Creating Metrics Registry : ratis.leader_election.omNode-3@group-523986131536
2020-11-21 01:30:23,317 [pool-58-thread-1] INFO  metrics.RatisMetrics (RatisMetrics.java:lambda$create$0(36)) - Creating Metrics Registry : ratis.server.omNode-3@group-523986131536
2020-11-21 01:30:23,318 [Listener at 127.0.0.1/13684] INFO  om.OzoneManager (OzoneManager.java:start(1144)) - OzoneManager RPC server is listening at localhost/127.0.0.1:13684
2020-11-21 01:30:23,318 [Listener at 127.0.0.1/13684] INFO  ratis.OzoneManagerRatisServer (OzoneManagerRatisServer.java:start(381)) - Starting OzoneManagerRatisServer omNode-3 at port 13688
2020-11-21 01:30:23,318 [Listener at 127.0.0.1/13684] INFO  impl.RaftServerImpl (RaftServerImpl.java:start(215)) - omNode-3@group-523986131536: start as a follower, conf=-1: [omNode-3|rpc:localhost:13688, omNode-1|rpc:localhost:13676, omNode-2|rpc:localhost:13682], old=null
2020-11-21 01:30:23,320 [Listener at 127.0.0.1/13684] INFO  impl.RaftServerImpl (RaftServerImpl.java:setRole(204)) - omNode-3@group-523986131536: changes role from      null to FOLLOWER at term 0 for startAsFollower
2020-11-21 01:30:23,320 [Listener at 127.0.0.1/13684] INFO  impl.RoleInfo (RoleInfo.java:updateAndGet(143)) - omNode-3: start omNode-3@group-523986131536-FollowerState
2020-11-21 01:30:23,320 [Listener at 127.0.0.1/13684] INFO  util.JmxRegister (JmxRegister.java:tryRegister(44)) - Successfully registered JMX Bean with object name Ratis:service=RaftServer,group=group-523986131536,id=omNode-3
2020-11-21 01:30:23,321 [Listener at 127.0.0.1/13684] INFO  metrics.RatisMetrics (RatisMetrics.java:lambda$create$0(36)) - Creating Metrics Registry : ratis.state_machine.omNode-3@group-523986131536
2020-11-21 01:30:23,322 [Listener at 127.0.0.1/13684] INFO  impl.RaftServerProxy (RaftServerProxy.java:lambda$start$3(321)) - omNode-3: start RPC server
2020-11-21 01:30:23,324 [Listener at 127.0.0.1/13684] INFO  server.GrpcService (GrpcService.java:startImpl(177)) - omNode-3: GrpcService started, listening on 0.0.0.0/0.0.0.0:13688
2020-11-21 01:30:23,330 [org.apache.ratis.server.JvmPauseMonitor@6d57e0d4-Monitor] INFO  server.RaftServerConfigKeys (ConfUtils.java:logGet(44)) - raft.server.leaderelection.leader.step-down.wait-time = 10s (default)
2020-11-21 01:30:23,330 [org.apache.ratis.server.JvmPauseMonitor@6d57e0d4-Monitor] INFO  server.RaftServerConfigKeys (ConfUtils.java:logGet(44)) - raft.server.rpc.slowness.timeout = 2s (custom)
2020-11-21 01:30:23,330 [org.apache.ratis.server.JvmPauseMonitor@6d57e0d4-Monitor] INFO  server.JvmPauseMonitor (JvmPauseMonitor.java:run(129)) - Starting Ratis JVM pause monitor
2020-11-21 01:30:23,337 [Listener at 127.0.0.1/13684] INFO  http.BaseHttpServer (BaseHttpServer.java:newHttpServer2BuilderForOzone(207)) - Starting Web-server for ozoneManager at: http://0.0.0.0:13686
2020-11-21 01:30:23,337 [Listener at 127.0.0.1/13684] INFO  http.BaseHttpServer (BaseHttpServer.java:<init>(106)) - Hadoop Security Enabled: false Ozone Security Enabled: false Ozone HTTP Security Enabled: false 
2020-11-21 01:30:23,338 [Listener at 127.0.0.1/13684] INFO  server.AuthenticationFilter (AuthenticationFilter.java:constructSecretProvider(240)) - Unable to initialize FileSignerSecretProvider, falling back to use random secrets.
2020-11-21 01:30:23,339 [Listener at 127.0.0.1/13684] WARN  http.HttpRequestLog (HttpRequestLog.java:getRequestLog(103)) - Jetty request log can only be enabled using Log4j
2020-11-21 01:30:23,340 [Listener at 127.0.0.1/13684] INFO  http.HttpServer2 (HttpServer2.java:addGlobalFilter(1019)) - Added global filter 'safety' (class=org.apache.hadoop.hdds.server.http.HttpServer2$QuotingInputFilter)
2020-11-21 01:30:23,341 [Listener at 127.0.0.1/13684] INFO  http.HttpServer2 (HttpServer2.java:addFilter(995)) - Added filter static_user_filter (class=org.apache.hadoop.http.lib.StaticUserWebFilter$StaticUserFilter) to context ozoneManager
2020-11-21 01:30:23,341 [Listener at 127.0.0.1/13684] INFO  http.HttpServer2 (HttpServer2.java:addFilter(1003)) - Added filter static_user_filter (class=org.apache.hadoop.http.lib.StaticUserWebFilter$StaticUserFilter) to context logs
2020-11-21 01:30:23,341 [Listener at 127.0.0.1/13684] INFO  http.HttpServer2 (HttpServer2.java:addFilter(1003)) - Added filter static_user_filter (class=org.apache.hadoop.http.lib.StaticUserWebFilter$StaticUserFilter) to context static
2020-11-21 01:30:23,342 [Listener at 127.0.0.1/13684] INFO  http.HttpServer2 (HttpServer2.java:bindListener(1237)) - Jetty bound to port 13686
2020-11-21 01:30:23,342 [Listener at 127.0.0.1/13684] INFO  server.Server (Server.java:doStart(375)) - jetty-9.4.34.v20201102; built: 2020-11-02T14:15:39.302Z; git: e46af88704a893fc12cb0e3bf46e2c7b48a009e7; jvm 1.8.0_232-b09
2020-11-21 01:30:23,349 [Listener at 127.0.0.1/13684] INFO  server.session (DefaultSessionIdManager.java:doStart(334)) - DefaultSessionIdManager workerName=node0
2020-11-21 01:30:23,349 [Listener at 127.0.0.1/13684] INFO  server.session (DefaultSessionIdManager.java:doStart(339)) - No SessionScavenger set, using defaults
2020-11-21 01:30:23,349 [Listener at 127.0.0.1/13684] INFO  server.session (HouseKeeper.java:startScavenging(132)) - node0 Scavenging every 600000ms
2020-11-21 01:30:23,350 [Listener at 127.0.0.1/13684] INFO  handler.ContextHandler (ContextHandler.java:doStart(916)) - Started o.e.j.s.ServletContextHandler@6355ea6c{logs,/logs,file:///github/workspace/mnt/ozone/hadoop-ozone/integration-test/target/log,AVAILABLE}
2020-11-21 01:30:23,351 [Listener at 127.0.0.1/13684] INFO  handler.ContextHandler (ContextHandler.java:doStart(916)) - Started o.e.j.s.ServletContextHandler@b9936c0{static,/static,file:///github/workspace/mnt/ozone/hadoop-ozone/integration-test/target/test-classes/webapps/static,AVAILABLE}
2020-11-21 01:30:23,355 [Listener at 127.0.0.1/13684] INFO  handler.ContextHandler (ContextHandler.java:doStart(916)) - Started o.e.j.w.WebAppContext@7b3650fe{ozoneManager,/,file:///github/workspace/mnt/ozone/hadoop-ozone/integration-test/target/test-classes/webapps/ozoneManager/,AVAILABLE}{file:/github/workspace/mnt/ozone/hadoop-ozone/integration-test/target/test-classes/webapps/ozoneManager}
2020-11-21 01:30:23,360 [Listener at 127.0.0.1/13684] INFO  server.AbstractConnector (AbstractConnector.java:doStart(331)) - Started ServerConnector@655c4a11{HTTP/1.1, (http/1.1)}{0.0.0.0:13686}
2020-11-21 01:30:23,360 [Listener at 127.0.0.1/13684] INFO  server.Server (Server.java:doStart(415)) - Started @4681ms
2020-11-21 01:30:23,361 [Listener at 127.0.0.1/13684] WARN  impl.MetricsSystemImpl (MetricsSystemImpl.java:register(276)) - Sink prometheus already exists!
2020-11-21 01:30:23,363 [Listener at 127.0.0.1/13684] INFO  http.BaseHttpServer (BaseHttpServer.java:updateConnectorAddress(327)) - HTTP server of ozoneManager listening at http://0.0.0.0:13686
2020-11-21 01:30:23,366 [IPC Server Responder] INFO  ipc.Server (Server.java:run(1460)) - IPC Server Responder: starting
2020-11-21 01:30:23,366 [IPC Server listener on 13684] INFO  ipc.Server (Server.java:run(1298)) - IPC Server listener on 13684: starting
2020-11-21 01:30:23,375 [Listener at 127.0.0.1/13684] INFO  om.OzoneManager (OzoneManager.java:startTrashEmptier(1269)) - Trash Interval set to 0. Files deleted will not move to trash
2020-11-21 01:30:23,377 [Listener at 127.0.0.1/13684] INFO  ozone.MiniOzoneHAClusterImpl (MiniOzoneHAClusterImpl.java:createOMService(380)) - Started OzoneManager RPC server at localhost/127.0.0.1:13684
2020-11-21 01:30:23,390 [org.apache.hadoop.util.JvmPauseMonitor$Monitor@658b204f] INFO  util.JvmPauseMonitor (JvmPauseMonitor.java:run(188)) - Starting JVM pause monitor
2020-11-21 01:30:23,521 [Listener at 127.0.0.1/13684] INFO  impl.MetricsSystemImpl (MetricsSystemImpl.java:init(158)) - HddsDatanode metrics system started (again)
2020-11-21 01:30:23,526 [Listener at 127.0.0.1/13684] INFO  ozone.HddsDatanodeService (HddsDatanodeService.java:start(217)) - HddsDatanodeService host:a24e47d532a4 ip:172.17.0.2
2020-11-21 01:30:23,614 [Listener at 127.0.0.1/13684] INFO  volume.HddsVolume (HddsVolume.java:<init>(176)) - Creating Volume: /github/workspace/mnt/ozone/hadoop-ozone/integration-test/target/test-dir/MiniOzoneClusterImpl-3bf6729e-3927-483b-a5e0-bd83d0682071/datanode-0/data-0/containers/hdds of storage type : DISK and capacity : 9223372036854775807
2020-11-21 01:30:23,617 [Listener at 127.0.0.1/13684] INFO  volume.MutableVolumeSet (MutableVolumeSet.java:initializeVolumeSet(179)) - Added Volume : /github/workspace/mnt/ozone/hadoop-ozone/integration-test/target/test-dir/MiniOzoneClusterImpl-3bf6729e-3927-483b-a5e0-bd83d0682071/datanode-0/data-0/containers/hdds to VolumeSet
2020-11-21 01:30:23,618 [Listener at 127.0.0.1/13684] INFO  volume.ThrottledAsyncChecker (ThrottledAsyncChecker.java:schedule(141)) - Scheduling a check for /github/workspace/mnt/ozone/hadoop-ozone/integration-test/target/test-dir/MiniOzoneClusterImpl-3bf6729e-3927-483b-a5e0-bd83d0682071/datanode-0/data-0/containers/hdds
2020-11-21 01:30:23,638 [Listener at 127.0.0.1/13684] INFO  volume.HddsVolumeChecker (HddsVolumeChecker.java:checkAllVolumes(200)) - Scheduled health check for volume /github/workspace/mnt/ozone/hadoop-ozone/integration-test/target/test-dir/MiniOzoneClusterImpl-3bf6729e-3927-483b-a5e0-bd83d0682071/datanode-0/data-0/containers/hdds
2020-11-21 01:30:23,661 [Thread-211] INFO  ozoneimpl.ContainerReader (ContainerReader.java:readVolume(123)) - Start to verify containers on volume /github/workspace/mnt/ozone/hadoop-ozone/integration-test/target/test-dir/MiniOzoneClusterImpl-3bf6729e-3927-483b-a5e0-bd83d0682071/datanode-0/data-0/containers/hdds
2020-11-21 01:30:23,661 [Thread-211] INFO  ozoneimpl.ContainerReader (ContainerReader.java:readVolume(148)) - Finish verifying containers on volume /github/workspace/mnt/ozone/hadoop-ozone/integration-test/target/test-dir/MiniOzoneClusterImpl-3bf6729e-3927-483b-a5e0-bd83d0682071/datanode-0/data-0/containers/hdds
2020-11-21 01:30:23,662 [Listener at 127.0.0.1/13684] INFO  ozoneimpl.OzoneContainer (OzoneContainer.java:buildContainerSet(194)) - Build ContainerSet costs 0s
2020-11-21 01:30:23,741 [Listener at 127.0.0.1/13684] INFO  impl.RaftServerProxy (ConfUtils.java:logGet(44)) - raft.rpc.type = GRPC (default)
2020-11-21 01:30:23,741 [Listener at 127.0.0.1/13684] INFO  grpc.GrpcFactory (GrpcFactory.java:checkPooledByteBufAllocatorUseCacheForAllThreads(45)) - PERFORMANCE WARNING: useCacheForAllThreads is true that may cause Netty to create a lot garbage objects and, as a result, trigger GC.
	It is recommended to disable useCacheForAllThreads by setting -Dorg.apache.ratis.thirdparty.io.netty.allocator.useCacheForAllThreads=false in command line.
2020-11-21 01:30:23,741 [Listener at 127.0.0.1/13684] INFO  grpc.GrpcConfigKeys (ConfUtils.java:logGet(44)) - raft.grpc.server.port = 0 (default)
2020-11-21 01:30:23,741 [Listener at 127.0.0.1/13684] INFO  server.GrpcService (ConfUtils.java:logGet(44)) - raft.grpc.message.size.max = 32MB (=33554432) (custom)
2020-11-21 01:30:23,741 [Listener at 127.0.0.1/13684] INFO  server.RaftServerConfigKeys (ConfUtils.java:logGet(44)) - raft.server.log.appender.buffer.byte-limit = 33554432 (custom)
2020-11-21 01:30:23,742 [Listener at 127.0.0.1/13684] INFO  server.GrpcService (ConfUtils.java:logGet(44)) - raft.grpc.flow.control.window = 5MB (=5242880) (custom)
2020-11-21 01:30:23,742 [Listener at 127.0.0.1/13684] INFO  server.RaftServerConfigKeys (ConfUtils.java:logGet(44)) - raft.server.rpc.request.timeout = 60s (custom)
2020-11-21 01:30:23,744 [Listener at 127.0.0.1/13684] INFO  impl.DataStreamServerImpl (ConfUtils.java:logGet(44)) - raft.datastream.type = DISABLED (default)
2020-11-21 01:30:23,745 [Listener at 127.0.0.1/13684] INFO  server.RaftServerConfigKeys (ConfUtils.java:logGet(44)) - raft.server.storage.dir = [/github/workspace/mnt/ozone/hadoop-ozone/integration-test/target/test-dir/MiniOzoneClusterImpl-3bf6729e-3927-483b-a5e0-bd83d0682071/datanode-0/data/ratis] (custom)
2020-11-21 01:30:23,817 [Listener at 127.0.0.1/13684] INFO  http.BaseHttpServer (BaseHttpServer.java:newHttpServer2BuilderForOzone(207)) - Starting Web-server for hddsDatanode at: http://0.0.0.0:0
2020-11-21 01:30:23,817 [Listener at 127.0.0.1/13684] INFO  http.BaseHttpServer (BaseHttpServer.java:<init>(106)) - Hadoop Security Enabled: false Ozone Security Enabled: false Ozone HTTP Security Enabled: false 
2020-11-21 01:30:23,819 [Listener at 127.0.0.1/13684] INFO  server.AuthenticationFilter (AuthenticationFilter.java:constructSecretProvider(240)) - Unable to initialize FileSignerSecretProvider, falling back to use random secrets.
2020-11-21 01:30:23,819 [Listener at 127.0.0.1/13684] WARN  http.HttpRequestLog (HttpRequestLog.java:getRequestLog(103)) - Jetty request log can only be enabled using Log4j
2020-11-21 01:30:23,820 [Listener at 127.0.0.1/13684] INFO  http.HttpServer2 (HttpServer2.java:addGlobalFilter(1019)) - Added global filter 'safety' (class=org.apache.hadoop.hdds.server.http.HttpServer2$QuotingInputFilter)
2020-11-21 01:30:23,821 [Listener at 127.0.0.1/13684] INFO  http.HttpServer2 (HttpServer2.java:addFilter(995)) - Added filter static_user_filter (class=org.apache.hadoop.http.lib.StaticUserWebFilter$StaticUserFilter) to context hddsDatanode
2020-11-21 01:30:23,821 [Listener at 127.0.0.1/13684] INFO  http.HttpServer2 (HttpServer2.java:addFilter(1003)) - Added filter static_user_filter (class=org.apache.hadoop.http.lib.StaticUserWebFilter$StaticUserFilter) to context static
2020-11-21 01:30:23,821 [Listener at 127.0.0.1/13684] INFO  http.HttpServer2 (HttpServer2.java:addFilter(1003)) - Added filter static_user_filter (class=org.apache.hadoop.http.lib.StaticUserWebFilter$StaticUserFilter) to context logs
2020-11-21 01:30:23,823 [Listener at 127.0.0.1/13684] INFO  http.HttpServer2 (HttpServer2.java:bindListener(1237)) - Jetty bound to port 36321
2020-11-21 01:30:23,823 [Listener at 127.0.0.1/13684] INFO  server.Server (Server.java:doStart(375)) - jetty-9.4.34.v20201102; built: 2020-11-02T14:15:39.302Z; git: e46af88704a893fc12cb0e3bf46e2c7b48a009e7; jvm 1.8.0_232-b09
2020-11-21 01:30:23,828 [Listener at 127.0.0.1/13684] INFO  server.session (DefaultSessionIdManager.java:doStart(334)) - DefaultSessionIdManager workerName=node0
2020-11-21 01:30:23,828 [Listener at 127.0.0.1/13684] INFO  server.session (DefaultSessionIdManager.java:doStart(339)) - No SessionScavenger set, using defaults
2020-11-21 01:30:23,828 [Listener at 127.0.0.1/13684] INFO  server.session (HouseKeeper.java:startScavenging(132)) - node0 Scavenging every 660000ms
2020-11-21 01:30:23,830 [Listener at 127.0.0.1/13684] INFO  handler.ContextHandler (ContextHandler.java:doStart(916)) - Started o.e.j.s.ServletContextHandler@7a86b60f{logs,/logs,file:///github/workspace/mnt/ozone/hadoop-ozone/integration-test/target/log,AVAILABLE}
2020-11-21 01:30:23,830 [Listener at 127.0.0.1/13684] INFO  handler.ContextHandler (ContextHandler.java:doStart(916)) - Started o.e.j.s.ServletContextHandler@73be91bc{static,/static,jar:file:/home/user/.m2/repository/org/apache/hadoop/hadoop-hdds-container-service/1.1.0-SNAPSHOT/hadoop-hdds-container-service-1.1.0-SNAPSHOT.jar!/webapps/static,AVAILABLE}
2020-11-21 01:30:23,842 [org.apache.ratis.server.JvmPauseMonitor@6d57e0d4-Monitor] WARN  server.JvmPauseMonitor (JvmPauseMonitor.java:run(141)) - Detected pause in JVM or host machine (eg GC): pause of approximately 4ms
No GCs detected
2020-11-21 01:30:23,997 [Listener at 127.0.0.1/13684] INFO  handler.ContextHandler (ContextHandler.java:doStart(916)) - Started o.e.j.w.WebAppContext@2c9807ae{hddsDatanode,/,file:///tmp/jetty-0_0_0_0-36321-hadoop-hdds-container-service-1_1_0-SNAPSHOT_jar-_-any-7865206483243856848/webapp/,AVAILABLE}{jar:file:/home/user/.m2/repository/org/apache/hadoop/hadoop-hdds-container-service/1.1.0-SNAPSHOT/hadoop-hdds-container-service-1.1.0-SNAPSHOT.jar!/webapps/hddsDatanode}
2020-11-21 01:30:23,998 [Listener at 127.0.0.1/13684] INFO  server.AbstractConnector (AbstractConnector.java:doStart(331)) - Started ServerConnector@4c485439{HTTP/1.1, (http/1.1)}{0.0.0.0:36321}
2020-11-21 01:30:24,000 [Listener at 127.0.0.1/13684] INFO  server.Server (Server.java:doStart(415)) - Started @5320ms
2020-11-21 01:30:24,000 [Listener at 127.0.0.1/13684] WARN  impl.MetricsSystemImpl (MetricsSystemImpl.java:register(276)) - Sink prometheus already exists!
2020-11-21 01:30:24,003 [Listener at 127.0.0.1/13684] INFO  http.BaseHttpServer (BaseHttpServer.java:updateConnectorAddress(327)) - HTTP server of hddsDatanode listening at http://0.0.0.0:36321
2020-11-21 01:30:24,005 [Listener at 127.0.0.1/13684] INFO  impl.MetricsSystemImpl (MetricsSystemImpl.java:init(158)) - HddsDatanode metrics system started (again)
2020-11-21 01:30:24,008 [Listener at 127.0.0.1/13684] INFO  ozone.HddsDatanodeService (HddsDatanodeService.java:start(217)) - HddsDatanodeService host:a24e47d532a4 ip:172.17.0.2
2020-11-21 01:30:24,017 [Thread-99] INFO  impl.FollowerState (FollowerState.java:run(128)) - omNode-1@group-523986131536-FollowerState: change to CANDIDATE, lastRpcTime:1111ms, electionTimeout:1099ms
2020-11-21 01:30:24,018 [Thread-99] INFO  impl.RoleInfo (RoleInfo.java:shutdownFollowerState(121)) - omNode-1: shutdown omNode-1@group-523986131536-FollowerState
2020-11-21 01:30:24,018 [Thread-99] INFO  impl.RaftServerImpl (RaftServerImpl.java:setRole(204)) - omNode-1@group-523986131536: changes role from  FOLLOWER to CANDIDATE at term 0 for changeToCandidate
2020-11-21 01:30:24,020 [Thread-99] INFO  impl.RoleInfo (RoleInfo.java:updateAndGet(143)) - omNode-1: start omNode-1@group-523986131536-LeaderElection1
2020-11-21 01:30:24,021 [Listener at 127.0.0.1/13684] INFO  volume.HddsVolume (HddsVolume.java:<init>(176)) - Creating Volume: /github/workspace/mnt/ozone/hadoop-ozone/integration-test/target/test-dir/MiniOzoneClusterImpl-3bf6729e-3927-483b-a5e0-bd83d0682071/datanode-1/data-0/containers/hdds of storage type : DISK and capacity : 9223372036854775807
2020-11-21 01:30:24,021 [Listener at 127.0.0.1/13684] INFO  volume.MutableVolumeSet (MutableVolumeSet.java:initializeVolumeSet(179)) - Added Volume : /github/workspace/mnt/ozone/hadoop-ozone/integration-test/target/test-dir/MiniOzoneClusterImpl-3bf6729e-3927-483b-a5e0-bd83d0682071/datanode-1/data-0/containers/hdds to VolumeSet
2020-11-21 01:30:24,021 [Listener at 127.0.0.1/13684] INFO  volume.ThrottledAsyncChecker (ThrottledAsyncChecker.java:schedule(141)) - Scheduling a check for /github/workspace/mnt/ozone/hadoop-ozone/integration-test/target/test-dir/MiniOzoneClusterImpl-3bf6729e-3927-483b-a5e0-bd83d0682071/datanode-1/data-0/containers/hdds
2020-11-21 01:30:24,023 [Listener at 127.0.0.1/13684] INFO  volume.HddsVolumeChecker (HddsVolumeChecker.java:checkAllVolumes(200)) - Scheduled health check for volume /github/workspace/mnt/ozone/hadoop-ozone/integration-test/target/test-dir/MiniOzoneClusterImpl-3bf6729e-3927-483b-a5e0-bd83d0682071/datanode-1/data-0/containers/hdds
2020-11-21 01:30:24,049 [omNode-1@group-523986131536-LeaderElection1] INFO  impl.LeaderElection (LeaderElection.java:askForVotes(215)) - omNode-1@group-523986131536-LeaderElection1: begin an election at term 1 for -1: [omNode-3|rpc:localhost:13688, omNode-1|rpc:localhost:13676, omNode-2|rpc:localhost:13682], old=null
2020-11-21 01:30:24,051 [org.apache.hadoop.util.JvmPauseMonitor$Monitor@61adba43] INFO  util.JvmPauseMonitor (JvmPauseMonitor.java:run(188)) - Starting JVM pause monitor
2020-11-21 01:30:24,093 [Thread-225] INFO  ozoneimpl.ContainerReader (ContainerReader.java:readVolume(123)) - Start to verify containers on volume /github/workspace/mnt/ozone/hadoop-ozone/integration-test/target/test-dir/MiniOzoneClusterImpl-3bf6729e-3927-483b-a5e0-bd83d0682071/datanode-1/data-0/containers/hdds
2020-11-21 01:30:24,094 [Thread-225] INFO  ozoneimpl.ContainerReader (ContainerReader.java:readVolume(148)) - Finish verifying containers on volume /github/workspace/mnt/ozone/hadoop-ozone/integration-test/target/test-dir/MiniOzoneClusterImpl-3bf6729e-3927-483b-a5e0-bd83d0682071/datanode-1/data-0/containers/hdds
2020-11-21 01:30:24,094 [Listener at 127.0.0.1/13684] INFO  ozoneimpl.OzoneContainer (OzoneContainer.java:buildContainerSet(194)) - Build ContainerSet costs 0s
2020-11-21 01:30:24,098 [Listener at 127.0.0.1/13684] INFO  impl.RaftServerProxy (ConfUtils.java:logGet(44)) - raft.rpc.type = GRPC (default)
2020-11-21 01:30:24,098 [Listener at 127.0.0.1/13684] INFO  grpc.GrpcFactory (GrpcFactory.java:checkPooledByteBufAllocatorUseCacheForAllThreads(45)) - PERFORMANCE WARNING: useCacheForAllThreads is true that may cause Netty to create a lot garbage objects and, as a result, trigger GC.
	It is recommended to disable useCacheForAllThreads by setting -Dorg.apache.ratis.thirdparty.io.netty.allocator.useCacheForAllThreads=false in command line.
2020-11-21 01:30:24,098 [Listener at 127.0.0.1/13684] INFO  grpc.GrpcConfigKeys (ConfUtils.java:logGet(44)) - raft.grpc.server.port = 0 (default)
2020-11-21 01:30:24,098 [Listener at 127.0.0.1/13684] INFO  server.GrpcService (ConfUtils.java:logGet(44)) - raft.grpc.message.size.max = 32MB (=33554432) (custom)
2020-11-21 01:30:24,098 [Listener at 127.0.0.1/13684] INFO  server.RaftServerConfigKeys (ConfUtils.java:logGet(44)) - raft.server.log.appender.buffer.byte-limit = 33554432 (custom)
2020-11-21 01:30:24,098 [Listener at 127.0.0.1/13684] INFO  server.GrpcService (ConfUtils.java:logGet(44)) - raft.grpc.flow.control.window = 5MB (=5242880) (custom)
2020-11-21 01:30:24,099 [Listener at 127.0.0.1/13684] INFO  server.RaftServerConfigKeys (ConfUtils.java:logGet(44)) - raft.server.rpc.request.timeout = 60s (custom)
2020-11-21 01:30:24,100 [Listener at 127.0.0.1/13684] INFO  impl.DataStreamServerImpl (ConfUtils.java:logGet(44)) - raft.datastream.type = DISABLED (default)
2020-11-21 01:30:24,100 [Listener at 127.0.0.1/13684] INFO  server.RaftServerConfigKeys (ConfUtils.java:logGet(44)) - raft.server.storage.dir = [/github/workspace/mnt/ozone/hadoop-ozone/integration-test/target/test-dir/MiniOzoneClusterImpl-3bf6729e-3927-483b-a5e0-bd83d0682071/datanode-1/data/ratis] (custom)
2020-11-21 01:30:24,112 [Listener at 127.0.0.1/13684] INFO  http.BaseHttpServer (BaseHttpServer.java:newHttpServer2BuilderForOzone(207)) - Starting Web-server for hddsDatanode at: http://0.0.0.0:0
2020-11-21 01:30:24,112 [Listener at 127.0.0.1/13684] INFO  http.BaseHttpServer (BaseHttpServer.java:<init>(106)) - Hadoop Security Enabled: false Ozone Security Enabled: false Ozone HTTP Security Enabled: false 
2020-11-21 01:30:24,114 [Listener at 127.0.0.1/13684] INFO  server.AuthenticationFilter (AuthenticationFilter.java:constructSecretProvider(240)) - Unable to initialize FileSignerSecretProvider, falling back to use random secrets.
2020-11-21 01:30:24,114 [Listener at 127.0.0.1/13684] WARN  http.HttpRequestLog (HttpRequestLog.java:getRequestLog(103)) - Jetty request log can only be enabled using Log4j
2020-11-21 01:30:24,115 [Listener at 127.0.0.1/13684] INFO  http.HttpServer2 (HttpServer2.java:addGlobalFilter(1019)) - Added global filter 'safety' (class=org.apache.hadoop.hdds.server.http.HttpServer2$QuotingInputFilter)
2020-11-21 01:30:24,116 [Listener at 127.0.0.1/13684] INFO  http.HttpServer2 (HttpServer2.java:addFilter(995)) - Added filter static_user_filter (class=org.apache.hadoop.http.lib.StaticUserWebFilter$StaticUserFilter) to context hddsDatanode
2020-11-21 01:30:24,116 [Listener at 127.0.0.1/13684] INFO  http.HttpServer2 (HttpServer2.java:addFilter(1003)) - Added filter static_user_filter (class=org.apache.hadoop.http.lib.StaticUserWebFilter$StaticUserFilter) to context static
2020-11-21 01:30:24,116 [Listener at 127.0.0.1/13684] INFO  http.HttpServer2 (HttpServer2.java:addFilter(1003)) - Added filter static_user_filter (class=org.apache.hadoop.http.lib.StaticUserWebFilter$StaticUserFilter) to context logs
2020-11-21 01:30:24,117 [Listener at 127.0.0.1/13684] INFO  http.HttpServer2 (HttpServer2.java:bindListener(1237)) - Jetty bound to port 34549
2020-11-21 01:30:24,117 [Listener at 127.0.0.1/13684] INFO  server.Server (Server.java:doStart(375)) - jetty-9.4.34.v20201102; built: 2020-11-02T14:15:39.302Z; git: e46af88704a893fc12cb0e3bf46e2c7b48a009e7; jvm 1.8.0_232-b09
2020-11-21 01:30:24,120 [Listener at 127.0.0.1/13684] INFO  server.session (DefaultSessionIdManager.java:doStart(334)) - DefaultSessionIdManager workerName=node0
2020-11-21 01:30:24,120 [Listener at 127.0.0.1/13684] INFO  server.session (DefaultSessionIdManager.java:doStart(339)) - No SessionScavenger set, using defaults
2020-11-21 01:30:24,120 [Listener at 127.0.0.1/13684] INFO  server.session (HouseKeeper.java:startScavenging(132)) - node0 Scavenging every 660000ms
2020-11-21 01:30:24,124 [Listener at 127.0.0.1/13684] INFO  handler.ContextHandler (ContextHandler.java:doStart(916)) - Started o.e.j.s.ServletContextHandler@7c7eccf8{logs,/logs,file:///github/workspace/mnt/ozone/hadoop-ozone/integration-test/target/log,AVAILABLE}
2020-11-21 01:30:24,124 [Listener at 127.0.0.1/13684] INFO  handler.ContextHandler (ContextHandler.java:doStart(916)) - Started o.e.j.s.ServletContextHandler@5189bb4b{static,/static,jar:file:/home/user/.m2/repository/org/apache/hadoop/hadoop-hdds-container-service/1.1.0-SNAPSHOT/hadoop-hdds-container-service-1.1.0-SNAPSHOT.jar!/webapps/static,AVAILABLE}
2020-11-21 01:30:24,257 [Thread-138] INFO  impl.FollowerState (FollowerState.java:run(128)) - omNode-2@group-523986131536-FollowerState: change to CANDIDATE, lastRpcTime:1114ms, electionTimeout:1111ms
2020-11-21 01:30:24,257 [Thread-138] INFO  impl.RoleInfo (RoleInfo.java:shutdownFollowerState(121)) - omNode-2: shutdown omNode-2@group-523986131536-FollowerState
2020-11-21 01:30:24,257 [Thread-138] INFO  impl.RaftServerImpl (RaftServerImpl.java:setRole(204)) - omNode-2@group-523986131536: changes role from  FOLLOWER to CANDIDATE at term 0 for changeToCandidate
2020-11-21 01:30:24,258 [Thread-138] INFO  impl.RoleInfo (RoleInfo.java:updateAndGet(143)) - omNode-2: start omNode-2@group-523986131536-LeaderElection2
2020-11-21 01:30:24,314 [omNode-2@group-523986131536-LeaderElection2] INFO  impl.LeaderElection (LeaderElection.java:askForVotes(215)) - omNode-2@group-523986131536-LeaderElection2: begin an election at term 1 for -1: [omNode-3|rpc:localhost:13688, omNode-1|rpc:localhost:13676, omNode-2|rpc:localhost:13682], old=null
2020-11-21 01:30:24,333 [Thread-177] INFO  impl.FollowerState (FollowerState.java:run(128)) - omNode-3@group-523986131536-FollowerState: change to CANDIDATE, lastRpcTime:1012ms, electionTimeout:1010ms
2020-11-21 01:30:24,333 [Thread-177] INFO  impl.RoleInfo (RoleInfo.java:shutdownFollowerState(121)) - omNode-3: shutdown omNode-3@group-523986131536-FollowerState
2020-11-21 01:30:24,333 [Thread-177] INFO  impl.RaftServerImpl (RaftServerImpl.java:setRole(204)) - omNode-3@group-523986131536: changes role from  FOLLOWER to CANDIDATE at term 0 for changeToCandidate
2020-11-21 01:30:24,350 [Thread-177] INFO  impl.RoleInfo (RoleInfo.java:updateAndGet(143)) - omNode-3: start omNode-3@group-523986131536-LeaderElection3
2020-11-21 01:30:24,368 [Datanode State Machine Task Thread - 0] INFO  datanode.InitDatanodeState (InitDatanodeState.java:persistContainerDatanodeDetails(145)) - DatanodeDetails is persisted to /github/workspace/mnt/ozone/hadoop-ozone/integration-test/target/test-dir/MiniOzoneClusterImpl-3bf6729e-3927-483b-a5e0-bd83d0682071/datanode-0/meta/datanode.id
2020-11-21 01:30:24,379 [omNode-3@group-523986131536-LeaderElection3] INFO  impl.LeaderElection (LeaderElection.java:askForVotes(215)) - omNode-3@group-523986131536-LeaderElection3: begin an election at term 1 for -1: [omNode-3|rpc:localhost:13688, omNode-1|rpc:localhost:13676, omNode-2|rpc:localhost:13682], old=null
2020-11-21 01:30:24,478 [org.apache.ratis.server.JvmPauseMonitor@301bb6fb-Monitor] WARN  server.JvmPauseMonitor (JvmPauseMonitor.java:run(141)) - Detected pause in JVM or host machine (eg GC): pause of approximately 2ms
GC pool 'PS Scavenge' had collection(s): count=1 time=22ms
2020-11-21 01:30:24,493 [Listener at 127.0.0.1/13684] INFO  handler.ContextHandler (ContextHandler.java:doStart(916)) - Started o.e.j.w.WebAppContext@6513677e{hddsDatanode,/,file:///tmp/jetty-0_0_0_0-34549-hadoop-hdds-container-service-1_1_0-SNAPSHOT_jar-_-any-6177347417026601762/webapp/,AVAILABLE}{jar:file:/home/user/.m2/repository/org/apache/hadoop/hadoop-hdds-container-service/1.1.0-SNAPSHOT/hadoop-hdds-container-service-1.1.0-SNAPSHOT.jar!/webapps/hddsDatanode}
2020-11-21 01:30:24,506 [Listener at 127.0.0.1/13684] INFO  server.AbstractConnector (AbstractConnector.java:doStart(331)) - Started ServerConnector@55d55ccb{HTTP/1.1, (http/1.1)}{0.0.0.0:34549}
2020-11-21 01:30:24,506 [Listener at 127.0.0.1/13684] INFO  server.Server (Server.java:doStart(415)) - Started @5827ms
2020-11-21 01:30:24,506 [Listener at 127.0.0.1/13684] WARN  impl.MetricsSystemImpl (MetricsSystemImpl.java:register(276)) - Sink prometheus already exists!
2020-11-21 01:30:24,509 [Listener at 127.0.0.1/13684] INFO  http.BaseHttpServer (BaseHttpServer.java:updateConnectorAddress(327)) - HTTP server of hddsDatanode listening at http://0.0.0.0:34549
2020-11-21 01:30:24,511 [Listener at 127.0.0.1/13684] INFO  impl.MetricsSystemImpl (MetricsSystemImpl.java:init(158)) - HddsDatanode metrics system started (again)
2020-11-21 01:30:24,513 [Listener at 127.0.0.1/13684] INFO  ozone.HddsDatanodeService (HddsDatanodeService.java:start(217)) - HddsDatanodeService host:a24e47d532a4 ip:172.17.0.2
2020-11-21 01:30:24,515 [Listener at 127.0.0.1/13684] INFO  volume.HddsVolume (HddsVolume.java:<init>(176)) - Creating Volume: /github/workspace/mnt/ozone/hadoop-ozone/integration-test/target/test-dir/MiniOzoneClusterImpl-3bf6729e-3927-483b-a5e0-bd83d0682071/datanode-2/data-0/containers/hdds of storage type : DISK and capacity : 9223372036854775807
2020-11-21 01:30:24,515 [Listener at 127.0.0.1/13684] INFO  volume.MutableVolumeSet (MutableVolumeSet.java:initializeVolumeSet(179)) - Added Volume : /github/workspace/mnt/ozone/hadoop-ozone/integration-test/target/test-dir/MiniOzoneClusterImpl-3bf6729e-3927-483b-a5e0-bd83d0682071/datanode-2/data-0/containers/hdds to VolumeSet
2020-11-21 01:30:24,515 [Listener at 127.0.0.1/13684] INFO  volume.ThrottledAsyncChecker (ThrottledAsyncChecker.java:schedule(141)) - Scheduling a check for /github/workspace/mnt/ozone/hadoop-ozone/integration-test/target/test-dir/MiniOzoneClusterImpl-3bf6729e-3927-483b-a5e0-bd83d0682071/datanode-2/data-0/containers/hdds
2020-11-21 01:30:24,516 [Listener at 127.0.0.1/13684] INFO  volume.HddsVolumeChecker (HddsVolumeChecker.java:checkAllVolumes(200)) - Scheduled health check for volume /github/workspace/mnt/ozone/hadoop-ozone/integration-test/target/test-dir/MiniOzoneClusterImpl-3bf6729e-3927-483b-a5e0-bd83d0682071/datanode-2/data-0/containers/hdds
2020-11-21 01:30:24,556 [Thread-240] INFO  ozoneimpl.ContainerReader (ContainerReader.java:readVolume(123)) - Start to verify containers on volume /github/workspace/mnt/ozone/hadoop-ozone/integration-test/target/test-dir/MiniOzoneClusterImpl-3bf6729e-3927-483b-a5e0-bd83d0682071/datanode-2/data-0/containers/hdds
2020-11-21 01:30:24,556 [Thread-240] INFO  ozoneimpl.ContainerReader (ContainerReader.java:readVolume(148)) - Finish verifying containers on volume /github/workspace/mnt/ozone/hadoop-ozone/integration-test/target/test-dir/MiniOzoneClusterImpl-3bf6729e-3927-483b-a5e0-bd83d0682071/datanode-2/data-0/containers/hdds
2020-11-21 01:30:24,561 [Listener at 127.0.0.1/13684] INFO  ozoneimpl.OzoneContainer (OzoneContainer.java:buildContainerSet(194)) - Build ContainerSet costs 0s
2020-11-21 01:30:24,564 [Listener at 127.0.0.1/13684] INFO  impl.RaftServerProxy (ConfUtils.java:logGet(44)) - raft.rpc.type = GRPC (default)
2020-11-21 01:30:24,564 [Listener at 127.0.0.1/13684] INFO  grpc.GrpcFactory (GrpcFactory.java:checkPooledByteBufAllocatorUseCacheForAllThreads(45)) - PERFORMANCE WARNING: useCacheForAllThreads is true that may cause Netty to create a lot garbage objects and, as a result, trigger GC.
	It is recommended to disable useCacheForAllThreads by setting -Dorg.apache.ratis.thirdparty.io.netty.allocator.useCacheForAllThreads=false in command line.
2020-11-21 01:30:24,564 [Listener at 127.0.0.1/13684] INFO  grpc.GrpcConfigKeys (ConfUtils.java:logGet(44)) - raft.grpc.server.port = 0 (default)
2020-11-21 01:30:24,565 [Listener at 127.0.0.1/13684] INFO  server.GrpcService (ConfUtils.java:logGet(44)) - raft.grpc.message.size.max = 32MB (=33554432) (custom)
2020-11-21 01:30:24,565 [Listener at 127.0.0.1/13684] INFO  server.RaftServerConfigKeys (ConfUtils.java:logGet(44)) - raft.server.log.appender.buffer.byte-limit = 33554432 (custom)
2020-11-21 01:30:24,565 [Listener at 127.0.0.1/13684] INFO  server.GrpcService (ConfUtils.java:logGet(44)) - raft.grpc.flow.control.window = 5MB (=5242880) (custom)
2020-11-21 01:30:24,565 [Listener at 127.0.0.1/13684] INFO  server.RaftServerConfigKeys (ConfUtils.java:logGet(44)) - raft.server.rpc.request.timeout = 60s (custom)
2020-11-21 01:30:24,566 [Listener at 127.0.0.1/13684] INFO  impl.DataStreamServerImpl (ConfUtils.java:logGet(44)) - raft.datastream.type = DISABLED (default)
2020-11-21 01:30:24,566 [Listener at 127.0.0.1/13684] INFO  server.RaftServerConfigKeys (ConfUtils.java:logGet(44)) - raft.server.storage.dir = [/github/workspace/mnt/ozone/hadoop-ozone/integration-test/target/test-dir/MiniOzoneClusterImpl-3bf6729e-3927-483b-a5e0-bd83d0682071/datanode-2/data/ratis] (custom)
2020-11-21 01:30:24,576 [Listener at 127.0.0.1/13684] INFO  http.BaseHttpServer (BaseHttpServer.java:newHttpServer2BuilderForOzone(207)) - Starting Web-server for hddsDatanode at: http://0.0.0.0:0
2020-11-21 01:30:24,576 [Listener at 127.0.0.1/13684] INFO  http.BaseHttpServer (BaseHttpServer.java:<init>(106)) - Hadoop Security Enabled: false Ozone Security Enabled: false Ozone HTTP Security Enabled: false 
2020-11-21 01:30:24,577 [Listener at 127.0.0.1/13684] INFO  server.AuthenticationFilter (AuthenticationFilter.java:constructSecretProvider(240)) - Unable to initialize FileSignerSecretProvider, falling back to use random secrets.
2020-11-21 01:30:24,578 [Listener at 127.0.0.1/13684] WARN  http.HttpRequestLog (HttpRequestLog.java:getRequestLog(103)) - Jetty request log can only be enabled using Log4j
2020-11-21 01:30:24,579 [Listener at 127.0.0.1/13684] INFO  http.HttpServer2 (HttpServer2.java:addGlobalFilter(1019)) - Added global filter 'safety' (class=org.apache.hadoop.hdds.server.http.HttpServer2$QuotingInputFilter)
2020-11-21 01:30:24,580 [Listener at 127.0.0.1/13684] INFO  http.HttpServer2 (HttpServer2.java:addFilter(995)) - Added filter static_user_filter (class=org.apache.hadoop.http.lib.StaticUserWebFilter$StaticUserFilter) to context hddsDatanode
2020-11-21 01:30:24,580 [Listener at 127.0.0.1/13684] INFO  http.HttpServer2 (HttpServer2.java:addFilter(1003)) - Added filter static_user_filter (class=org.apache.hadoop.http.lib.StaticUserWebFilter$StaticUserFilter) to context logs
2020-11-21 01:30:24,580 [Listener at 127.0.0.1/13684] INFO  http.HttpServer2 (HttpServer2.java:addFilter(1003)) - Added filter static_user_filter (class=org.apache.hadoop.http.lib.StaticUserWebFilter$StaticUserFilter) to context static
2020-11-21 01:30:24,580 [Listener at 127.0.0.1/13684] INFO  http.HttpServer2 (HttpServer2.java:bindListener(1237)) - Jetty bound to port 44219
2020-11-21 01:30:24,581 [Listener at 127.0.0.1/13684] INFO  server.Server (Server.java:doStart(375)) - jetty-9.4.34.v20201102; built: 2020-11-02T14:15:39.302Z; git: e46af88704a893fc12cb0e3bf46e2c7b48a009e7; jvm 1.8.0_232-b09
2020-11-21 01:30:24,586 [org.apache.hadoop.util.JvmPauseMonitor$Monitor@4eebb4ca] INFO  util.JvmPauseMonitor (JvmPauseMonitor.java:run(188)) - Starting JVM pause monitor
2020-11-21 01:30:24,592 [Listener at 127.0.0.1/13684] INFO  server.session (DefaultSessionIdManager.java:doStart(334)) - DefaultSessionIdManager workerName=node0
2020-11-21 01:30:24,592 [Listener at 127.0.0.1/13684] INFO  server.session (DefaultSessionIdManager.java:doStart(339)) - No SessionScavenger set, using defaults
2020-11-21 01:30:24,592 [Listener at 127.0.0.1/13684] INFO  server.session (HouseKeeper.java:startScavenging(132)) - node0 Scavenging every 660000ms
2020-11-21 01:30:24,611 [Listener at 127.0.0.1/13684] INFO  handler.ContextHandler (ContextHandler.java:doStart(916)) - Started o.e.j.s.ServletContextHandler@3d88ef9{logs,/logs,file:///github/workspace/mnt/ozone/hadoop-ozone/integration-test/target/log,AVAILABLE}
2020-11-21 01:30:24,612 [Listener at 127.0.0.1/13684] INFO  handler.ContextHandler (ContextHandler.java:doStart(916)) - Started o.e.j.s.ServletContextHandler@17cf1cc4{static,/static,jar:file:/home/user/.m2/repository/org/apache/hadoop/hadoop-hdds-container-service/1.1.0-SNAPSHOT/hadoop-hdds-container-service-1.1.0-SNAPSHOT.jar!/webapps/static,AVAILABLE}
2020-11-21 01:30:24,629 [Datanode State Machine Task Thread - 0] INFO  datanode.InitDatanodeState (InitDatanodeState.java:persistContainerDatanodeDetails(145)) - DatanodeDetails is persisted to /github/workspace/mnt/ozone/hadoop-ozone/integration-test/target/test-dir/MiniOzoneClusterImpl-3bf6729e-3927-483b-a5e0-bd83d0682071/datanode-1/meta/datanode.id
2020-11-21 01:30:24,705 [grpc-default-executor-3] INFO  metrics.RatisMetrics (RatisMetrics.java:lambda$create$0(36)) - Creating Metrics Registry : ratis.server_message_metrics.omNode-2
2020-11-21 01:30:24,712 [grpc-default-executor-0] INFO  metrics.RatisMetrics (RatisMetrics.java:lambda$create$0(36)) - Creating Metrics Registry : ratis.server_message_metrics.omNode-3
2020-11-21 01:30:24,723 [grpc-default-executor-1] INFO  metrics.RatisMetrics (RatisMetrics.java:lambda$create$0(36)) - Creating Metrics Registry : ratis.server_message_metrics.omNode-1
2020-11-21 01:30:24,760 [omNode-1@group-523986131536-LeaderElection1] INFO  impl.LeaderElection (LeaderElection.java:logAndReturn(65)) - omNode-1@group-523986131536-LeaderElection1: Election REJECTED; received 2 response(s) [omNode-1<-omNode-3#0:FAIL-t1, omNode-1<-omNode-2#0:FAIL-t1] and 0 exception(s); omNode-1@group-523986131536:t1, leader=null, voted=omNode-1, raftlog=omNode-1@group-523986131536-SegmentedRaftLog:OPENED:c-1,f-1,i0, conf=-1: [omNode-3|rpc:localhost:13688, omNode-1|rpc:localhost:13676, omNode-2|rpc:localhost:13682], old=null
2020-11-21 01:30:24,761 [omNode-1@group-523986131536-LeaderElection1] INFO  impl.RaftServerImpl (RaftServerImpl.java:setRole(204)) - omNode-1@group-523986131536: changes role from CANDIDATE to FOLLOWER at term 1 for DISCOVERED_A_NEW_TERM
2020-11-21 01:30:24,762 [omNode-1@group-523986131536-LeaderElection1] INFO  impl.RoleInfo (RoleInfo.java:shutdownLeaderElection(134)) - omNode-1: shutdown omNode-1@group-523986131536-LeaderElection1
2020-11-21 01:30:24,770 [omNode-1@group-523986131536-LeaderElection1] INFO  impl.RoleInfo (RoleInfo.java:updateAndGet(143)) - omNode-1: start omNode-1@group-523986131536-FollowerState
2020-11-21 01:30:24,782 [omNode-3@group-523986131536-LeaderElection3] INFO  impl.LeaderElection (LeaderElection.java:logAndReturn(65)) - omNode-3@group-523986131536-LeaderElection3: Election REJECTED; received 2 response(s) [omNode-3<-omNode-1#0:FAIL-t1, omNode-3<-omNode-2#0:FAIL-t1] and 0 exception(s); omNode-3@group-523986131536:t1, leader=null, voted=omNode-3, raftlog=omNode-3@group-523986131536-SegmentedRaftLog:OPENED:c-1,f-1,i0, conf=-1: [omNode-3|rpc:localhost:13688, omNode-1|rpc:localhost:13676, omNode-2|rpc:localhost:13682], old=null
2020-11-21 01:30:24,784 [omNode-3@group-523986131536-LeaderElection3] INFO  impl.RaftServerImpl (RaftServerImpl.java:setRole(204)) - omNode-3@group-523986131536: changes role from CANDIDATE to FOLLOWER at term 1 for DISCOVERED_A_NEW_TERM
2020-11-21 01:30:24,784 [omNode-3@group-523986131536-LeaderElection3] INFO  impl.RoleInfo (RoleInfo.java:shutdownLeaderElection(134)) - omNode-3: shutdown omNode-3@group-523986131536-LeaderElection3
2020-11-21 01:30:24,784 [omNode-3@group-523986131536-LeaderElection3] INFO  impl.RoleInfo (RoleInfo.java:updateAndGet(143)) - omNode-3: start omNode-3@group-523986131536-FollowerState
2020-11-21 01:30:24,784 [omNode-2@group-523986131536-LeaderElection2] INFO  impl.LeaderElection (LeaderElection.java:logAndReturn(65)) - omNode-2@group-523986131536-LeaderElection2: Election REJECTED; received 2 response(s) [omNode-2<-omNode-3#0:FAIL-t1, omNode-2<-omNode-1#0:FAIL-t1] and 0 exception(s); omNode-2@group-523986131536:t1, leader=null, voted=omNode-2, raftlog=omNode-2@group-523986131536-SegmentedRaftLog:OPENED:c-1,f-1,i0, conf=-1: [omNode-3|rpc:localhost:13688, omNode-1|rpc:localhost:13676, omNode-2|rpc:localhost:13682], old=null
2020-11-21 01:30:24,796 [omNode-2@group-523986131536-LeaderElection2] INFO  impl.RaftServerImpl (RaftServerImpl.java:setRole(204)) - omNode-2@group-523986131536: changes role from CANDIDATE to FOLLOWER at term 1 for DISCOVERED_A_NEW_TERM
2020-11-21 01:30:24,796 [omNode-2@group-523986131536-LeaderElection2] INFO  impl.RoleInfo (RoleInfo.java:shutdownLeaderElection(134)) - omNode-2: shutdown omNode-2@group-523986131536-LeaderElection2
2020-11-21 01:30:24,796 [omNode-2@group-523986131536-LeaderElection2] INFO  impl.RoleInfo (RoleInfo.java:updateAndGet(143)) - omNode-2: start omNode-2@group-523986131536-FollowerState
2020-11-21 01:30:24,836 [Listener at 127.0.0.1/13684] INFO  handler.ContextHandler (ContextHandler.java:doStart(916)) - Started o.e.j.w.WebAppContext@70e5ff49{hddsDatanode,/,file:///tmp/jetty-0_0_0_0-44219-hadoop-hdds-container-service-1_1_0-SNAPSHOT_jar-_-any-671878383121666714/webapp/,AVAILABLE}{jar:file:/home/user/.m2/repository/org/apache/hadoop/hadoop-hdds-container-service/1.1.0-SNAPSHOT/hadoop-hdds-container-service-1.1.0-SNAPSHOT.jar!/webapps/hddsDatanode}
2020-11-21 01:30:24,838 [Listener at 127.0.0.1/13684] INFO  server.AbstractConnector (AbstractConnector.java:doStart(331)) - Started ServerConnector@68a857d3{HTTP/1.1, (http/1.1)}{0.0.0.0:44219}
2020-11-21 01:30:24,838 [Listener at 127.0.0.1/13684] INFO  server.Server (Server.java:doStart(415)) - Started @6158ms
2020-11-21 01:30:24,838 [Listener at 127.0.0.1/13684] WARN  impl.MetricsSystemImpl (MetricsSystemImpl.java:register(276)) - Sink prometheus already exists!
2020-11-21 01:30:24,842 [Listener at 127.0.0.1/13684] INFO  http.BaseHttpServer (BaseHttpServer.java:updateConnectorAddress(327)) - HTTP server of hddsDatanode listening at http://0.0.0.0:44219
2020-11-21 01:30:24,843 [Listener at 127.0.0.1/13684] INFO  ozone.MiniOzoneClusterImpl (MiniOzoneClusterImpl.java:lambda$waitForClusterToBeReady$0(178)) - Waiting for nodes to be ready. Got 0 of 3 DN Heartbeats.
2020-11-21 01:30:24,843 [Listener at 127.0.0.1/13684] INFO  ozone.MiniOzoneClusterImpl (MiniOzoneClusterImpl.java:lambda$waitForClusterToBeReady$0(181)) - Waiting for cluster to exit safe mode
2020-11-21 01:30:24,854 [org.apache.hadoop.util.JvmPauseMonitor$Monitor@784e15a] INFO  util.JvmPauseMonitor (JvmPauseMonitor.java:run(188)) - Starting JVM pause monitor
2020-11-21 01:30:24,855 [Datanode State Machine Task Thread - 0] INFO  datanode.InitDatanodeState (InitDatanodeState.java:persistContainerDatanodeDetails(145)) - DatanodeDetails is persisted to /github/workspace/mnt/ozone/hadoop-ozone/integration-test/target/test-dir/MiniOzoneClusterImpl-3bf6729e-3927-483b-a5e0-bd83d0682071/datanode-2/meta/datanode.id
2020-11-21 01:30:25,844 [Listener at 127.0.0.1/13684] INFO  ozone.MiniOzoneClusterImpl (MiniOzoneClusterImpl.java:lambda$waitForClusterToBeReady$0(178)) - Waiting for nodes to be ready. Got 0 of 3 DN Heartbeats.
2020-11-21 01:30:25,844 [Listener at 127.0.0.1/13684] INFO  ozone.MiniOzoneClusterImpl (MiniOzoneClusterImpl.java:lambda$waitForClusterToBeReady$0(181)) - Waiting for cluster to exit safe mode
2020-11-21 01:30:25,871 [Thread-251] INFO  impl.FollowerState (FollowerState.java:run(128)) - omNode-1@group-523986131536-FollowerState: change to CANDIDATE, lastRpcTime:1100ms, electionTimeout:1089ms
2020-11-21 01:30:25,871 [Thread-251] INFO  impl.RoleInfo (RoleInfo.java:shutdownFollowerState(121)) - omNode-1: shutdown omNode-1@group-523986131536-FollowerState
2020-11-21 01:30:25,871 [Thread-251] INFO  impl.RaftServerImpl (RaftServerImpl.java:setRole(204)) - omNode-1@group-523986131536: changes role from  FOLLOWER to CANDIDATE at term 1 for changeToCandidate
2020-11-21 01:30:25,874 [Thread-251] INFO  impl.RoleInfo (RoleInfo.java:updateAndGet(143)) - omNode-1: start omNode-1@group-523986131536-LeaderElection4
2020-11-21 01:30:25,877 [omNode-1@group-523986131536-LeaderElection4] INFO  impl.LeaderElection (LeaderElection.java:askForVotes(215)) - omNode-1@group-523986131536-LeaderElection4: begin an election at term 2 for -1: [omNode-3|rpc:localhost:13688, omNode-1|rpc:localhost:13676, omNode-2|rpc:localhost:13682], old=null
2020-11-21 01:30:25,886 [grpc-default-executor-2] INFO  impl.RaftServerImpl (RaftServerImpl.java:setRole(204)) - omNode-3@group-523986131536: changes role from  FOLLOWER to FOLLOWER at term 2 for recognizeCandidate:omNode-1
2020-11-21 01:30:25,886 [grpc-default-executor-2] INFO  impl.RoleInfo (RoleInfo.java:shutdownFollowerState(121)) - omNode-3: shutdown omNode-3@group-523986131536-FollowerState
2020-11-21 01:30:25,886 [grpc-default-executor-2] INFO  impl.RoleInfo (RoleInfo.java:updateAndGet(143)) - omNode-3: start omNode-3@group-523986131536-FollowerState
2020-11-21 01:30:25,887 [Thread-252] INFO  impl.FollowerState (FollowerState.java:run(137)) - omNode-3@group-523986131536-FollowerState was interrupted: {}
java.lang.InterruptedException: sleep interrupted
	at java.lang.Thread.sleep(Native Method)
	at org.apache.ratis.util.JavaUtils.sleep(JavaUtils.java:250)
	at org.apache.ratis.server.impl.FollowerState.run(FollowerState.java:116)
2020-11-21 01:30:25,888 [grpc-default-executor-1] INFO  impl.RaftServerImpl (RaftServerImpl.java:setRole(204)) - omNode-2@group-523986131536: changes role from  FOLLOWER to FOLLOWER at term 2 for recognizeCandidate:omNode-1
2020-11-21 01:30:25,888 [grpc-default-executor-1] INFO  impl.RoleInfo (RoleInfo.java:shutdownFollowerState(121)) - omNode-2: shutdown omNode-2@group-523986131536-FollowerState
2020-11-21 01:30:25,888 [grpc-default-executor-2] INFO  impl.RaftServerImpl (RaftServerImpl.java:requestVote(963)) -  FOLLOWER omNode-3@group-523986131536:t2, leader=null, voted=null, raftlog=omNode-3@group-523986131536-SegmentedRaftLog:OPENED:c-1,f-1,i0, conf=-1: [omNode-3|rpc:localhost:13688, omNode-1|rpc:localhost:13676, omNode-2|rpc:localhost:13682], old=null RUNNING priority:0 candidate:omNode-1|rpc:localhost:13676 candidatePriority:0 compare:0
2020-11-21 01:30:25,889 [grpc-default-executor-1] INFO  impl.RoleInfo (RoleInfo.java:updateAndGet(143)) - omNode-2: start omNode-2@group-523986131536-FollowerState
2020-11-21 01:30:25,889 [Thread-253] INFO  impl.FollowerState (FollowerState.java:run(137)) - omNode-2@group-523986131536-FollowerState was interrupted: {}
java.lang.InterruptedException: sleep interrupted
	at java.lang.Thread.sleep(Native Method)
	at org.apache.ratis.util.JavaUtils.sleep(JavaUtils.java:250)
	at org.apache.ratis.server.impl.FollowerState.run(FollowerState.java:116)
2020-11-21 01:30:25,890 [grpc-default-executor-1] INFO  impl.RaftServerImpl (RaftServerImpl.java:requestVote(963)) -  FOLLOWER omNode-2@group-523986131536:t2, leader=null, voted=null, raftlog=omNode-2@group-523986131536-SegmentedRaftLog:OPENED:c-1,f-1,i0, conf=-1: [omNode-3|rpc:localhost:13688, omNode-1|rpc:localhost:13676, omNode-2|rpc:localhost:13682], old=null RUNNING priority:0 candidate:omNode-1|rpc:localhost:13676 candidatePriority:0 compare:0
2020-11-21 01:30:25,896 [omNode-1@group-523986131536-LeaderElection4] INFO  impl.LeaderElection (LeaderElection.java:logAndReturn(65)) - omNode-1@group-523986131536-LeaderElection4: Election PASSED; received 1 response(s) [omNode-1<-omNode-2#0:OK-t2] and 0 exception(s); omNode-1@group-523986131536:t2, leader=null, voted=omNode-1, raftlog=omNode-1@group-523986131536-SegmentedRaftLog:OPENED:c-1,f-1,i0, conf=-1: [omNode-3|rpc:localhost:13688, omNode-1|rpc:localhost:13676, omNode-2|rpc:localhost:13682], old=null
2020-11-21 01:30:25,896 [omNode-1@group-523986131536-LeaderElection4] INFO  impl.RoleInfo (RoleInfo.java:shutdownLeaderElection(134)) - omNode-1: shutdown omNode-1@group-523986131536-LeaderElection4
2020-11-21 01:30:25,896 [omNode-1@group-523986131536-LeaderElection4] INFO  impl.RaftServerImpl (RaftServerImpl.java:setRole(204)) - omNode-1@group-523986131536: changes role from CANDIDATE to LEADER at term 2 for changeToLeader
2020-11-21 01:30:25,896 [omNode-1@group-523986131536-LeaderElection4] INFO  impl.RaftServerImpl (ServerState.java:setLeader(256)) - omNode-1@group-523986131536: change Leader from null to omNode-1 at term 2 for becomeLeader, leader elected after 3176ms
2020-11-21 01:30:25,898 [omNode-1@group-523986131536-LeaderElection4] INFO  server.RaftServerConfigKeys (ConfUtils.java:logGet(44)) - raft.server.staging.catchup.gap = 1000 (default)
2020-11-21 01:30:25,898 [omNode-1@group-523986131536-LeaderElection4] INFO  server.RaftServerConfigKeys (ConfUtils.java:logGet(44)) - raft.server.rpc.sleep.time = 25ms (default)
2020-11-21 01:30:25,899 [omNode-1@group-523986131536-LeaderElection4] INFO  metrics.RatisMetrics (RatisMetrics.java:lambda$create$0(36)) - Creating Metrics Registry : ratis.log_appender.omNode-1@group-523986131536
2020-11-21 01:30:25,901 [omNode-1@group-523986131536-LeaderElection4] INFO  server.RaftServerConfigKeys (ConfUtils.java:logGet(44)) - raft.server.write.element-limit = 4096 (default)
2020-11-21 01:30:25,901 [omNode-1@group-523986131536-LeaderElection4] INFO  server.RaftServerConfigKeys (ConfUtils.java:logGet(44)) - raft.server.write.byte-limit = 64MB (=67108864) (default)
2020-11-21 01:30:25,908 [omNode-1@group-523986131536-LeaderElection4] INFO  server.RaftServerConfigKeys (ConfUtils.java:logGet(44)) - raft.server.watch.timeout = 10s (default)
2020-11-21 01:30:25,908 [omNode-1@group-523986131536-LeaderElection4] INFO  server.RaftServerConfigKeys (ConfUtils.java:logGet(44)) - raft.server.watch.timeout.denomination = 1s (default)
2020-11-21 01:30:25,909 [omNode-1@group-523986131536-LeaderElection4] INFO  server.RaftServerConfigKeys (ConfUtils.java:logGet(44)) - raft.server.watch.element-limit = 65536 (default)
2020-11-21 01:30:25,917 [omNode-1@group-523986131536-LeaderElection4] INFO  server.RaftServerConfigKeys (ConfUtils.java:logGet(44)) - raft.server.log.appender.snapshot.chunk.size.max = 16MB (=16777216) (default)
2020-11-21 01:30:25,917 [omNode-1@group-523986131536-LeaderElection4] INFO  server.RaftServerConfigKeys (ConfUtils.java:logGet(44)) - raft.server.log.appender.buffer.byte-limit = 33554432 (custom)
2020-11-21 01:30:25,917 [omNode-1@group-523986131536-LeaderElection4] INFO  server.RaftServerConfigKeys (ConfUtils.java:logGet(44)) - raft.server.log.appender.buffer.element-limit = 1024 (custom)
2020-11-21 01:30:25,920 [omNode-1@group-523986131536-LeaderElection4] INFO  grpc.GrpcConfigKeys (ConfUtils.java:logGet(44)) - raft.grpc.server.leader.outstanding.appends.max = 128 (default)
2020-11-21 01:30:25,920 [omNode-1@group-523986131536-LeaderElection4] INFO  server.RaftServerConfigKeys (ConfUtils.java:logGet(44)) - raft.server.rpc.request.timeout = 3000ms (default)
2020-11-21 01:30:25,920 [omNode-1@group-523986131536-LeaderElection4] INFO  server.RaftServerConfigKeys (ConfUtils.java:logGet(44)) - raft.server.log.appender.install.snapshot.enabled = false (custom)
2020-11-21 01:30:25,921 [omNode-1@group-523986131536-LeaderElection4] INFO  metrics.RatisMetrics (RatisMetrics.java:lambda$create$0(36)) - Creating Metrics Registry : ratis_grpc.log_appender.omNode-1@group-523986131536
2020-11-21 01:30:25,924 [omNode-1@group-523986131536-LeaderElection4] INFO  server.RaftServerConfigKeys (ConfUtils.java:logGet(44)) - raft.server.log.appender.snapshot.chunk.size.max = 16MB (=16777216) (default)
2020-11-21 01:30:25,924 [omNode-1@group-523986131536-LeaderElection4] INFO  server.RaftServerConfigKeys (ConfUtils.java:logGet(44)) - raft.server.log.appender.buffer.byte-limit = 33554432 (custom)
2020-11-21 01:30:25,924 [omNode-1@group-523986131536-LeaderElection4] INFO  server.RaftServerConfigKeys (ConfUtils.java:logGet(44)) - raft.server.log.appender.buffer.element-limit = 1024 (custom)
2020-11-21 01:30:25,925 [omNode-1@group-523986131536-LeaderElection4] INFO  grpc.GrpcConfigKeys (ConfUtils.java:logGet(44)) - raft.grpc.server.leader.outstanding.appends.max = 128 (default)
2020-11-21 01:30:25,925 [omNode-1@group-523986131536-LeaderElection4] INFO  server.RaftServerConfigKeys (ConfUtils.java:logGet(44)) - raft.server.rpc.request.timeout = 3000ms (default)
2020-11-21 01:30:25,925 [omNode-1@group-523986131536-LeaderElection4] INFO  server.RaftServerConfigKeys (ConfUtils.java:logGet(44)) - raft.server.log.appender.install.snapshot.enabled = false (custom)
2020-11-21 01:30:25,928 [omNode-1@group-523986131536-LeaderElection4] INFO  impl.RoleInfo (RoleInfo.java:updateAndGet(143)) - omNode-1: start omNode-1@group-523986131536-LeaderState
2020-11-21 01:30:25,948 [omNode-1@group-523986131536-LeaderElection4] INFO  segmented.SegmentedRaftLogWorker (SegmentedRaftLogWorker.java:startLogSegment(398)) - omNode-1@group-523986131536-SegmentedRaftLogWorker: Starting segment from index:0
2020-11-21 01:30:25,984 [omNode-1@group-523986131536-LeaderElection4] INFO  impl.RaftServerImpl (ServerState.java:setRaftConf(374)) - omNode-1@group-523986131536: set configuration 0: [omNode-3|rpc:localhost:13688|dataStream:, omNode-1|rpc:localhost:13676|dataStream:, omNode-2|rpc:localhost:13682|dataStream:], old=null at 0
2020-11-21 01:30:26,032 [grpc-default-executor-2] INFO  impl.RaftServerImpl (ServerState.java:setLeader(256)) - omNode-2@group-523986131536: change Leader from null to omNode-1 at term 2 for appendEntries, leader elected after 2909ms
2020-11-21 01:30:26,036 [grpc-default-executor-1] INFO  impl.RaftServerImpl (ServerState.java:setLeader(256)) - omNode-3@group-523986131536: change Leader from null to omNode-1 at term 2 for appendEntries, leader elected after 2746ms
2020-11-21 01:30:26,061 [grpc-default-executor-2] INFO  impl.RaftServerImpl (ServerState.java:setRaftConf(374)) - omNode-2@group-523986131536: set configuration 0: [omNode-3|rpc:localhost:13688|dataStream:, omNode-1|rpc:localhost:13676|dataStream:, omNode-2|rpc:localhost:13682|dataStream:], old=null at 0
2020-11-21 01:30:26,061 [grpc-default-executor-2] INFO  segmented.SegmentedRaftLogWorker (SegmentedRaftLogWorker.java:startLogSegment(398)) - omNode-2@group-523986131536-SegmentedRaftLogWorker: Starting segment from index:0
2020-11-21 01:30:26,063 [grpc-default-executor-1] INFO  impl.RaftServerImpl (ServerState.java:setRaftConf(374)) - omNode-3@group-523986131536: set configuration 0: [omNode-3|rpc:localhost:13688|dataStream:, omNode-1|rpc:localhost:13676|dataStream:, omNode-2|rpc:localhost:13682|dataStream:], old=null at 0
2020-11-21 01:30:26,063 [grpc-default-executor-1] INFO  segmented.SegmentedRaftLogWorker (SegmentedRaftLogWorker.java:startLogSegment(398)) - omNode-3@group-523986131536-SegmentedRaftLogWorker: Starting segment from index:0
2020-11-21 01:30:26,275 [omNode-1@group-523986131536-SegmentedRaftLogWorker] INFO  segmented.SegmentedRaftLogWorker (SegmentedRaftLogWorker.java:execute(597)) - omNode-1@group-523986131536-SegmentedRaftLogWorker: created new log segment /github/workspace/mnt/ozone/hadoop-ozone/integration-test/target/test-dir/MiniOzoneClusterImpl-3bf6729e-3927-483b-a5e0-bd83d0682071/omNode-1/ratis/c9bc4cf4-3bc3-3c60-a66b-523986131536/current/log_inprogress_0
2020-11-21 01:30:26,277 [omNode-3@group-523986131536-SegmentedRaftLogWorker] INFO  segmented.SegmentedRaftLogWorker (SegmentedRaftLogWorker.java:execute(597)) - omNode-3@group-523986131536-SegmentedRaftLogWorker: created new log segment /github/workspace/mnt/ozone/hadoop-ozone/integration-test/target/test-dir/MiniOzoneClusterImpl-3bf6729e-3927-483b-a5e0-bd83d0682071/omNode-3/ratis/c9bc4cf4-3bc3-3c60-a66b-523986131536/current/log_inprogress_0
2020-11-21 01:30:26,280 [omNode-2@group-523986131536-SegmentedRaftLogWorker] INFO  segmented.SegmentedRaftLogWorker (SegmentedRaftLogWorker.java:execute(597)) - omNode-2@group-523986131536-SegmentedRaftLogWorker: created new log segment /github/workspace/mnt/ozone/hadoop-ozone/integration-test/target/test-dir/MiniOzoneClusterImpl-3bf6729e-3927-483b-a5e0-bd83d0682071/omNode-2/ratis/c9bc4cf4-3bc3-3c60-a66b-523986131536/current/log_inprogress_0
2020-11-21 01:30:26,280 [EndpointStateMachine task thread for /0.0.0.0:39229 - 0 ] INFO  ozoneimpl.OzoneContainer (OzoneContainer.java:start(243)) - Attempting to start container services.
2020-11-21 01:30:26,291 [EndpointStateMachine task thread for /0.0.0.0:39229 - 0 ] INFO  ozoneimpl.OzoneContainer (OzoneContainer.java:startContainerScrub(207)) - Background container scanner has been disabled.
2020-11-21 01:30:26,291 [EndpointStateMachine task thread for /0.0.0.0:39229 - 0 ] INFO  ratis.XceiverServerRatis (XceiverServerRatis.java:start(456)) - Starting XceiverServerRatis d9b4e736-fd5b-4d57-a928-7527d234cae6 at port 0
2020-11-21 01:30:26,310 [EndpointStateMachine task thread for /0.0.0.0:39229 - 0 ] INFO  impl.RaftServerProxy (RaftServerProxy.java:lambda$start$3(321)) - d9b4e736-fd5b-4d57-a928-7527d234cae6: start RPC server
2020-11-21 01:30:26,311 [EndpointStateMachine task thread for /0.0.0.0:39229 - 0 ] INFO  server.GrpcService (GrpcService.java:startImpl(177)) - d9b4e736-fd5b-4d57-a928-7527d234cae6: GrpcService started, listening on 0.0.0.0/0.0.0.0:42781
2020-11-21 01:30:26,312 [EndpointStateMachine task thread for /0.0.0.0:39229 - 0 ] INFO  ratis.XceiverServerRatis (XceiverServerRatis.java:start(468)) - XceiverServerRatis d9b4e736-fd5b-4d57-a928-7527d234cae6 is started using port 42781
2020-11-21 01:30:26,315 [EndpointStateMachine task thread for /0.0.0.0:39229 - 0 ] INFO  server.XceiverServerGrpc (XceiverServerGrpc.java:start(145)) - XceiverServerGrpc d9b4e736-fd5b-4d57-a928-7527d234cae6 is started using port 42805
2020-11-21 01:30:26,318 [org.apache.ratis.server.JvmPauseMonitor@3f03fce6-Monitor] INFO  server.RaftServerConfigKeys (ConfUtils.java:logGet(44)) - raft.server.leaderelection.leader.step-down.wait-time = 10s (default)
2020-11-21 01:30:26,319 [org.apache.ratis.server.JvmPauseMonitor@3f03fce6-Monitor] INFO  server.RaftServerConfigKeys (ConfUtils.java:logGet(44)) - raft.server.rpc.slowness.timeout = 300s (custom)
2020-11-21 01:30:26,319 [org.apache.ratis.server.JvmPauseMonitor@3f03fce6-Monitor] INFO  server.JvmPauseMonitor (JvmPauseMonitor.java:run(129)) - Starting Ratis JVM pause monitor
2020-11-21 01:30:26,592 [EndpointStateMachine task thread for /0.0.0.0:39229 - 0 ] INFO  ozoneimpl.OzoneContainer (OzoneContainer.java:start(243)) - Attempting to start container services.
2020-11-21 01:30:26,594 [EndpointStateMachine task thread for /0.0.0.0:39229 - 0 ] INFO  ozoneimpl.OzoneContainer (OzoneContainer.java:startContainerScrub(207)) - Background container scanner has been disabled.
2020-11-21 01:30:26,594 [EndpointStateMachine task thread for /0.0.0.0:39229 - 0 ] INFO  ratis.XceiverServerRatis (XceiverServerRatis.java:start(456)) - Starting XceiverServerRatis b506507d-933b-4e73-80c6-4b42635da637 at port 0
2020-11-21 01:30:26,598 [EndpointStateMachine task thread for /0.0.0.0:39229 - 0 ] INFO  impl.RaftServerProxy (RaftServerProxy.java:lambda$start$3(321)) - b506507d-933b-4e73-80c6-4b42635da637: start RPC server
2020-11-21 01:30:26,599 [EndpointStateMachine task thread for /0.0.0.0:39229 - 0 ] INFO  server.GrpcService (GrpcService.java:startImpl(177)) - b506507d-933b-4e73-80c6-4b42635da637: GrpcService started, listening on 0.0.0.0/0.0.0.0:36721
2020-11-21 01:30:26,602 [EndpointStateMachine task thread for /0.0.0.0:39229 - 0 ] INFO  ratis.XceiverServerRatis (XceiverServerRatis.java:start(468)) - XceiverServerRatis b506507d-933b-4e73-80c6-4b42635da637 is started using port 36721
2020-11-21 01:30:26,603 [EndpointStateMachine task thread for /0.0.0.0:39229 - 0 ] INFO  server.XceiverServerGrpc (XceiverServerGrpc.java:start(145)) - XceiverServerGrpc b506507d-933b-4e73-80c6-4b42635da637 is started using port 35265
2020-11-21 01:30:26,610 [org.apache.ratis.server.JvmPauseMonitor@228e5b5e-Monitor] INFO  server.RaftServerConfigKeys (ConfUtils.java:logGet(44)) - raft.server.leaderelection.leader.step-down.wait-time = 10s (default)
2020-11-21 01:30:26,611 [org.apache.ratis.server.JvmPauseMonitor@228e5b5e-Monitor] INFO  server.RaftServerConfigKeys (ConfUtils.java:logGet(44)) - raft.server.rpc.slowness.timeout = 300s (custom)
2020-11-21 01:30:26,611 [org.apache.ratis.server.JvmPauseMonitor@228e5b5e-Monitor] INFO  server.JvmPauseMonitor (JvmPauseMonitor.java:run(129)) - Starting Ratis JVM pause monitor
2020-11-21 01:30:26,844 [Listener at 127.0.0.1/13684] INFO  ozone.MiniOzoneClusterImpl (MiniOzoneClusterImpl.java:lambda$waitForClusterToBeReady$0(178)) - Waiting for nodes to be ready. Got 0 of 3 DN Heartbeats.
2020-11-21 01:30:26,845 [Listener at 127.0.0.1/13684] INFO  ozone.MiniOzoneClusterImpl (MiniOzoneClusterImpl.java:lambda$waitForClusterToBeReady$0(181)) - Waiting for cluster to exit safe mode
2020-11-21 01:30:26,862 [EndpointStateMachine task thread for /0.0.0.0:39229 - 0 ] INFO  ozoneimpl.OzoneContainer (OzoneContainer.java:start(243)) - Attempting to start container services.
2020-11-21 01:30:26,862 [EndpointStateMachine task thread for /0.0.0.0:39229 - 0 ] INFO  ozoneimpl.OzoneContainer (OzoneContainer.java:startContainerScrub(207)) - Background container scanner has been disabled.
2020-11-21 01:30:26,862 [EndpointStateMachine task thread for /0.0.0.0:39229 - 0 ] INFO  ratis.XceiverServerRatis (XceiverServerRatis.java:start(456)) - Starting XceiverServerRatis e1eaea66-1c02-4714-ba01-25fa84b9c758 at port 0
2020-11-21 01:30:26,863 [EndpointStateMachine task thread for /0.0.0.0:39229 - 0 ] INFO  impl.RaftServerProxy (RaftServerProxy.java:lambda$start$3(321)) - e1eaea66-1c02-4714-ba01-25fa84b9c758: start RPC server
2020-11-21 01:30:26,864 [EndpointStateMachine task thread for /0.0.0.0:39229 - 0 ] INFO  server.GrpcService (GrpcService.java:startImpl(177)) - e1eaea66-1c02-4714-ba01-25fa84b9c758: GrpcService started, listening on 0.0.0.0/0.0.0.0:34847
2020-11-21 01:30:26,864 [EndpointStateMachine task thread for /0.0.0.0:39229 - 0 ] INFO  ratis.XceiverServerRatis (XceiverServerRatis.java:start(468)) - XceiverServerRatis e1eaea66-1c02-4714-ba01-25fa84b9c758 is started using port 34847
2020-11-21 01:30:26,864 [org.apache.ratis.server.JvmPauseMonitor@2121f589-Monitor] INFO  server.RaftServerConfigKeys (ConfUtils.java:logGet(44)) - raft.server.leaderelection.leader.step-down.wait-time = 10s (default)
2020-11-21 01:30:26,867 [org.apache.ratis.server.JvmPauseMonitor@2121f589-Monitor] INFO  server.RaftServerConfigKeys (ConfUtils.java:logGet(44)) - raft.server.rpc.slowness.timeout = 300s (custom)
2020-11-21 01:30:26,867 [EndpointStateMachine task thread for /0.0.0.0:39229 - 0 ] INFO  server.XceiverServerGrpc (XceiverServerGrpc.java:start(145)) - XceiverServerGrpc e1eaea66-1c02-4714-ba01-25fa84b9c758 is started using port 42829
2020-11-21 01:30:26,867 [org.apache.ratis.server.JvmPauseMonitor@2121f589-Monitor] INFO  server.JvmPauseMonitor (JvmPauseMonitor.java:run(129)) - Starting Ratis JVM pause monitor
2020-11-21 01:30:27,845 [Listener at 127.0.0.1/13684] INFO  ozone.MiniOzoneClusterImpl (MiniOzoneClusterImpl.java:lambda$waitForClusterToBeReady$0(178)) - Waiting for nodes to be ready. Got 0 of 3 DN Heartbeats.
2020-11-21 01:30:27,845 [Listener at 127.0.0.1/13684] INFO  ozone.MiniOzoneClusterImpl (MiniOzoneClusterImpl.java:lambda$waitForClusterToBeReady$0(181)) - Waiting for cluster to exit safe mode
2020-11-21 01:30:28,198 [org.apache.ratis.server.JvmPauseMonitor@7e3cf86b-Monitor] WARN  server.JvmPauseMonitor (JvmPauseMonitor.java:run(141)) - Detected pause in JVM or host machine (eg GC): pause of approximately 42ms
GC pool 'PS MarkSweep' had collection(s): count=1 time=115ms
GC pool 'PS Scavenge' had collection(s): count=2 time=47ms
2020-11-21 01:30:28,198 [org.apache.ratis.server.JvmPauseMonitor@228e5b5e-Monitor] WARN  server.JvmPauseMonitor (JvmPauseMonitor.java:run(141)) - Detected pause in JVM or host machine (eg GC): pause of approximately 86ms
GC pool 'PS MarkSweep' had collection(s): count=1 time=115ms
GC pool 'PS Scavenge' had collection(s): count=1 time=25ms
2020-11-21 01:30:28,225 [IPC Server handler 2 on default port 39229] INFO  net.NetworkTopologyImpl (NetworkTopologyImpl.java:add(111)) - Added a new node: /default-rack/d9b4e736-fd5b-4d57-a928-7527d234cae6
2020-11-21 01:30:28,227 [IPC Server handler 2 on default port 39229] INFO  node.SCMNodeManager (SCMNodeManager.java:register(282)) - Registered Data node : d9b4e736-fd5b-4d57-a928-7527d234cae6{ip: 172.17.0.2, host: a24e47d532a4, networkLocation: /default-rack, certSerialId: null}
2020-11-21 01:30:28,232 [EventQueue-NodeRegistrationContainerReportForContainerSafeModeRule] INFO  safemode.SCMSafeModeManager (SCMSafeModeManager.java:validateSafeModeExitRules(214)) - ContainerSafeModeRule rule is successfully validated
2020-11-21 01:30:28,234 [EventQueue-NodeRegistrationContainerReportForDataNodeSafeModeRule] INFO  safemode.SCMSafeModeManager (DataNodeSafeModeRule.java:process(71)) - SCM in safe mode. 1 DataNodes registered, 1 required.
2020-11-21 01:30:28,234 [EventQueue-NodeRegistrationContainerReportForDataNodeSafeModeRule] INFO  safemode.SCMSafeModeManager (SCMSafeModeManager.java:validateSafeModeExitRules(214)) - DataNodeSafeModeRule rule is successfully validated
2020-11-21 01:30:28,234 [EventQueue-NodeRegistrationContainerReportForDataNodeSafeModeRule] INFO  safemode.SCMSafeModeManager (SCMSafeModeManager.java:completePreCheck(242)) - All SCM safe mode pre check rules have passed
2020-11-21 01:30:28,245 [RatisPipelineUtilsThread] INFO  pipeline.RatisPipelineProvider (RatisPipelineProvider.java:lambda$create$0(161)) - Sending CreatePipelineCommand for pipeline:PipelineID=abd88625-ea24-47ca-a93c-64a3d7461214 to datanode:d9b4e736-fd5b-4d57-a928-7527d234cae6
2020-11-21 01:30:28,245 [EventQueue-PipelineReportForOneReplicaPipelineSafeModeRule] INFO  safemode.SCMSafeModeManager (SCMSafeModeManager.java:validateSafeModeExitRules(214)) - AtleastOneDatanodeReportedRule rule is successfully validated
2020-11-21 01:30:28,257 [RatisPipelineUtilsThread] INFO  pipeline.PipelineStateManager (PipelineStateManager.java:addPipeline(54)) - Created pipeline Pipeline[ Id: abd88625-ea24-47ca-a93c-64a3d7461214, Nodes: d9b4e736-fd5b-4d57-a928-7527d234cae6{ip: 172.17.0.2, host: a24e47d532a4, networkLocation: /default-rack, certSerialId: null}, Type:RATIS, Factor:ONE, State:ALLOCATED, leaderId:, CreationTimestamp2020-11-21T01:30:28.242Z]
2020-11-21 01:30:28,260 [RatisPipelineUtilsThread] WARN  pipeline.PipelinePlacementPolicy (PipelinePlacementPolicy.java:filterViableNodes(138)) - Pipeline creation failed due to no sufficient healthy datanodes. Required 3. Found 1.
2020-11-21 01:30:28,589 [IPC Server handler 0 on default port 39229] INFO  net.NetworkTopologyImpl (NetworkTopologyImpl.java:add(111)) - Added a new node: /default-rack/b506507d-933b-4e73-80c6-4b42635da637
2020-11-21 01:30:28,589 [IPC Server handler 0 on default port 39229] INFO  node.SCMNodeManager (SCMNodeManager.java:register(282)) - Registered Data node : b506507d-933b-4e73-80c6-4b42635da637{ip: 172.17.0.2, host: a24e47d532a4, networkLocation: /default-rack, certSerialId: null}
2020-11-21 01:30:28,590 [EventQueue-NodeRegistrationContainerReportForContainerSafeModeRule] INFO  safemode.SCMSafeModeManager (SCMSafeModeManager.java:validateSafeModeExitRules(214)) - ContainerSafeModeRule rule is successfully validated
2020-11-21 01:30:28,590 [EventQueue-NodeRegistrationContainerReportForDataNodeSafeModeRule] INFO  safemode.SCMSafeModeManager (SCMSafeModeManager.java:validateSafeModeExitRules(214)) - DataNodeSafeModeRule rule is successfully validated
2020-11-21 01:30:28,590 [EventQueue-PipelineReportForOneReplicaPipelineSafeModeRule] INFO  safemode.SCMSafeModeManager (SCMSafeModeManager.java:validateSafeModeExitRules(214)) - AtleastOneDatanodeReportedRule rule is successfully validated
2020-11-21 01:30:28,591 [RatisPipelineUtilsThread] INFO  pipeline.RatisPipelineProvider (RatisPipelineProvider.java:lambda$create$0(161)) - Sending CreatePipelineCommand for pipeline:PipelineID=850b6614-fa1a-4f00-8782-90e4e7dfb6ea to datanode:b506507d-933b-4e73-80c6-4b42635da637
2020-11-21 01:30:28,592 [RatisPipelineUtilsThread] INFO  pipeline.PipelineStateManager (PipelineStateManager.java:addPipeline(54)) - Created pipeline Pipeline[ Id: 850b6614-fa1a-4f00-8782-90e4e7dfb6ea, Nodes: b506507d-933b-4e73-80c6-4b42635da637{ip: 172.17.0.2, host: a24e47d532a4, networkLocation: /default-rack, certSerialId: null}, Type:RATIS, Factor:ONE, State:ALLOCATED, leaderId:, CreationTimestamp2020-11-21T01:30:28.591Z]
2020-11-21 01:30:28,592 [RatisPipelineUtilsThread] WARN  pipeline.PipelinePlacementPolicy (PipelinePlacementPolicy.java:filterViableNodes(138)) - Pipeline creation failed due to no sufficient healthy datanodes. Required 3. Found 2.
2020-11-21 01:30:28,845 [Listener at 127.0.0.1/13684] INFO  ozone.MiniOzoneClusterImpl (MiniOzoneClusterImpl.java:lambda$waitForClusterToBeReady$0(178)) - Waiting for nodes to be ready. Got 2 of 3 DN Heartbeats.
2020-11-21 01:30:28,845 [Listener at 127.0.0.1/13684] INFO  ozone.MiniOzoneClusterImpl (MiniOzoneClusterImpl.java:lambda$waitForClusterToBeReady$0(181)) - Waiting for cluster to exit safe mode
2020-11-21 01:30:28,857 [IPC Server handler 1 on default port 39229] INFO  net.NetworkTopologyImpl (NetworkTopologyImpl.java:add(111)) - Added a new node: /default-rack/e1eaea66-1c02-4714-ba01-25fa84b9c758
2020-11-21 01:30:28,857 [IPC Server handler 1 on default port 39229] INFO  node.SCMNodeManager (SCMNodeManager.java:register(282)) - Registered Data node : e1eaea66-1c02-4714-ba01-25fa84b9c758{ip: 172.17.0.2, host: a24e47d532a4, networkLocation: /default-rack, certSerialId: null}
2020-11-21 01:30:28,858 [EventQueue-PipelineReportForOneReplicaPipelineSafeModeRule] INFO  safemode.SCMSafeModeManager (SCMSafeModeManager.java:validateSafeModeExitRules(214)) - AtleastOneDatanodeReportedRule rule is successfully validated
2020-11-21 01:30:28,858 [EventQueue-NodeRegistrationContainerReportForDataNodeSafeModeRule] INFO  safemode.SCMSafeModeManager (SCMSafeModeManager.java:validateSafeModeExitRules(214)) - DataNodeSafeModeRule rule is successfully validated
2020-11-21 01:30:28,858 [EventQueue-NodeRegistrationContainerReportForContainerSafeModeRule] INFO  safemode.SCMSafeModeManager (SCMSafeModeManager.java:validateSafeModeExitRules(214)) - ContainerSafeModeRule rule is successfully validated
2020-11-21 01:30:28,859 [RatisPipelineUtilsThread] INFO  pipeline.RatisPipelineProvider (RatisPipelineProvider.java:lambda$create$0(161)) - Sending CreatePipelineCommand for pipeline:PipelineID=28d656fe-d4b1-4c91-aa1c-8631db9619d8 to datanode:e1eaea66-1c02-4714-ba01-25fa84b9c758
2020-11-21 01:30:28,859 [RatisPipelineUtilsThread] INFO  pipeline.PipelineStateManager (PipelineStateManager.java:addPipeline(54)) - Created pipeline Pipeline[ Id: 28d656fe-d4b1-4c91-aa1c-8631db9619d8, Nodes: e1eaea66-1c02-4714-ba01-25fa84b9c758{ip: 172.17.0.2, host: a24e47d532a4, networkLocation: /default-rack, certSerialId: null}, Type:RATIS, Factor:ONE, State:ALLOCATED, leaderId:, CreationTimestamp2020-11-21T01:30:28.859Z]
2020-11-21 01:30:28,862 [RatisPipelineUtilsThread] INFO  pipeline.RatisPipelineProvider (RatisPipelineProvider.java:lambda$create$0(161)) - Sending CreatePipelineCommand for pipeline:PipelineID=f81c7983-3eee-4a3e-9121-ad62d92defa4 to datanode:e1eaea66-1c02-4714-ba01-25fa84b9c758
2020-11-21 01:30:28,862 [RatisPipelineUtilsThread] INFO  pipeline.RatisPipelineProvider (RatisPipelineProvider.java:lambda$create$0(161)) - Sending CreatePipelineCommand for pipeline:PipelineID=f81c7983-3eee-4a3e-9121-ad62d92defa4 to datanode:d9b4e736-fd5b-4d57-a928-7527d234cae6
2020-11-21 01:30:28,862 [RatisPipelineUtilsThread] INFO  pipeline.RatisPipelineProvider (RatisPipelineProvider.java:lambda$create$0(161)) - Sending CreatePipelineCommand for pipeline:PipelineID=f81c7983-3eee-4a3e-9121-ad62d92defa4 to datanode:b506507d-933b-4e73-80c6-4b42635da637
2020-11-21 01:30:28,863 [RatisPipelineUtilsThread] INFO  pipeline.PipelineStateManager (PipelineStateManager.java:addPipeline(54)) - Created pipeline Pipeline[ Id: f81c7983-3eee-4a3e-9121-ad62d92defa4, Nodes: e1eaea66-1c02-4714-ba01-25fa84b9c758{ip: 172.17.0.2, host: a24e47d532a4, networkLocation: /default-rack, certSerialId: null}d9b4e736-fd5b-4d57-a928-7527d234cae6{ip: 172.17.0.2, host: a24e47d532a4, networkLocation: /default-rack, certSerialId: null}b506507d-933b-4e73-80c6-4b42635da637{ip: 172.17.0.2, host: a24e47d532a4, networkLocation: /default-rack, certSerialId: null}, Type:RATIS, Factor:THREE, State:ALLOCATED, leaderId:, CreationTimestamp2020-11-21T01:30:28.862Z]
2020-11-21 01:30:29,846 [Listener at 127.0.0.1/13684] INFO  ozone.MiniOzoneClusterImpl (MiniOzoneClusterImpl.java:lambda$waitForClusterToBeReady$0(178)) - Nodes are ready. Got 3 of 3 DN Heartbeats.
2020-11-21 01:30:29,846 [Listener at 127.0.0.1/13684] INFO  ozone.MiniOzoneClusterImpl (MiniOzoneClusterImpl.java:lambda$waitForClusterToBeReady$0(181)) - Waiting for cluster to exit safe mode
2020-11-21 01:30:30,846 [Listener at 127.0.0.1/13684] INFO  ozone.MiniOzoneClusterImpl (MiniOzoneClusterImpl.java:lambda$waitForClusterToBeReady$0(178)) - Nodes are ready. Got 3 of 3 DN Heartbeats.
2020-11-21 01:30:30,846 [Listener at 127.0.0.1/13684] INFO  ozone.MiniOzoneClusterImpl (MiniOzoneClusterImpl.java:lambda$waitForClusterToBeReady$0(181)) - Waiting for cluster to exit safe mode
2020-11-21 01:30:31,046 [Command processor thread] INFO  impl.RaftServerProxy (RaftServerProxy.java:addNew(93)) - d9b4e736-fd5b-4d57-a928-7527d234cae6: addNew group-64A3D7461214:[d9b4e736-fd5b-4d57-a928-7527d234cae6|rpc:172.17.0.2:42781] returns group-64A3D7461214:java.util.concurrent.CompletableFuture@21dd280d[Not completed]
2020-11-21 01:30:31,062 [pool-70-thread-1] INFO  impl.RaftServerImpl (RaftServerImpl.java:<init>(121)) - d9b4e736-fd5b-4d57-a928-7527d234cae6: new RaftServerImpl for group-64A3D7461214:[d9b4e736-fd5b-4d57-a928-7527d234cae6|rpc:172.17.0.2:42781] with ContainerStateMachine:uninitialized
2020-11-21 01:30:31,062 [pool-70-thread-1] INFO  server.RaftServerConfigKeys (ConfUtils.java:logGet(44)) - raft.server.rpc.timeout.min = 5s (custom)
2020-11-21 01:30:31,062 [pool-70-thread-1] INFO  server.RaftServerConfigKeys (ConfUtils.java:logGet(44)) - raft.server.rpc.timeout.max = 5200ms (custom)
2020-11-21 01:30:31,062 [pool-70-thread-1] INFO  server.RaftServerConfigKeys (ConfUtils.java:logGet(44)) - raft.server.rpc.slowness.timeout = 300s (custom)
2020-11-21 01:30:31,062 [pool-70-thread-1] INFO  server.RaftServerConfigKeys (ConfUtils.java:logGet(44)) - raft.server.leaderelection.leader.step-down.wait-time = 10s (default)
2020-11-21 01:30:31,062 [pool-70-thread-1] INFO  server.RaftServerConfigKeys (ConfUtils.java:logGet(44)) - raft.server.sleep.deviation.threshold = 300 (default)
2020-11-21 01:30:31,062 [pool-70-thread-1] INFO  server.RaftServerConfigKeys (ConfUtils.java:logGet(44)) - raft.server.log.appender.install.snapshot.enabled = false (custom)
2020-11-21 01:30:31,062 [pool-70-thread-1] INFO  impl.RaftServerImpl (ServerState.java:<init>(104)) - d9b4e736-fd5b-4d57-a928-7527d234cae6@group-64A3D7461214: ConfigurationManager, init=-1: [d9b4e736-fd5b-4d57-a928-7527d234cae6|rpc:172.17.0.2:42781], old=null, confs=<EMPTY_MAP>
2020-11-21 01:30:31,063 [pool-70-thread-1] INFO  server.RaftServerConfigKeys (ConfUtils.java:logGet(44)) - raft.server.storage.dir = [/github/workspace/mnt/ozone/hadoop-ozone/integration-test/target/test-dir/MiniOzoneClusterImpl-3bf6729e-3927-483b-a5e0-bd83d0682071/datanode-0/data/ratis] (custom)
2020-11-21 01:30:31,063 [pool-70-thread-1] INFO  server.RaftServerConfigKeys (ConfUtils.java:logGet(44)) - raft.server.log.corruption.policy = EXCEPTION (default)
2020-11-21 01:30:31,063 [pool-70-thread-1] INFO  storage.RaftStorageDirectory (RaftStorageDirectory.java:analyzeStorage(261)) - The storage directory /github/workspace/mnt/ozone/hadoop-ozone/integration-test/target/test-dir/MiniOzoneClusterImpl-3bf6729e-3927-483b-a5e0-bd83d0682071/datanode-0/data/ratis/abd88625-ea24-47ca-a93c-64a3d7461214 does not exist. Creating ...
2020-11-21 01:30:31,064 [pool-70-thread-1] INFO  storage.RaftStorageDirectory (RaftStorageDirectory.java:tryLock(343)) - Lock on /github/workspace/mnt/ozone/hadoop-ozone/integration-test/target/test-dir/MiniOzoneClusterImpl-3bf6729e-3927-483b-a5e0-bd83d0682071/datanode-0/data/ratis/abd88625-ea24-47ca-a93c-64a3d7461214/in_use.lock acquired by nodename 21810@a24e47d532a4
2020-11-21 01:30:31,065 [pool-70-thread-1] INFO  storage.RaftStorage (RaftStorage.java:format(85)) - Storage directory /github/workspace/mnt/ozone/hadoop-ozone/integration-test/target/test-dir/MiniOzoneClusterImpl-3bf6729e-3927-483b-a5e0-bd83d0682071/datanode-0/data/ratis/abd88625-ea24-47ca-a93c-64a3d7461214 has been successfully formatted.
2020-11-21 01:30:31,071 [pool-70-thread-1] INFO  ratis.ContainerStateMachine (ContainerStateMachine.java:loadSnapshot(225)) - group-64A3D7461214: The snapshot info is null. Setting the last applied indexto:(t:0, i:~)
2020-11-21 01:30:31,071 [pool-70-thread-1] INFO  server.RaftServerConfigKeys (ConfUtils.java:logGet(44)) - raft.server.notification.no-leader.timeout = 300s (custom)
2020-11-21 01:30:31,071 [pool-70-thread-1] INFO  server.RaftServerConfigKeys (ConfUtils.java:logGet(44)) - raft.server.log.use.memory = false (default)
2020-11-21 01:30:31,072 [pool-70-thread-1] INFO  server.RaftServerConfigKeys (ConfUtils.java:logGet(44)) - raft.server.log.purge.gap = 1000000 (custom)
2020-11-21 01:30:31,072 [pool-70-thread-1] INFO  metrics.RatisMetrics (RatisMetrics.java:lambda$create$0(36)) - Creating Metrics Registry : ratis.log_worker.d9b4e736-fd5b-4d57-a928-7527d234cae6@group-64A3D7461214
2020-11-21 01:30:31,072 [pool-70-thread-1] INFO  server.RaftServerConfigKeys (ConfUtils.java:logGet(44)) - raft.server.log.appender.buffer.byte-limit = 33554432 (custom)
2020-11-21 01:30:31,072 [pool-70-thread-1] INFO  server.RaftServerConfigKeys (ConfUtils.java:logGet(44)) - raft.server.log.segment.size.max = 1048576 (custom)
2020-11-21 01:30:31,073 [pool-70-thread-1] INFO  server.RaftServerConfigKeys (ConfUtils.java:logGet(44)) - raft.server.log.segment.cache.num.max = 2 (custom)
2020-11-21 01:30:31,073 [pool-70-thread-1] INFO  segmented.SegmentedRaftLogWorker (SegmentedRaftLogWorker.java:<init>(180)) - new d9b4e736-fd5b-4d57-a928-7527d234cae6@group-64A3D7461214-SegmentedRaftLogWorker for RaftStorage:Storage Directory /github/workspace/mnt/ozone/hadoop-ozone/integration-test/target/test-dir/MiniOzoneClusterImpl-3bf6729e-3927-483b-a5e0-bd83d0682071/datanode-0/data/ratis/abd88625-ea24-47ca-a93c-64a3d7461214
2020-11-21 01:30:31,073 [pool-70-thread-1] INFO  server.RaftServerConfigKeys (ConfUtils.java:logGet(44)) - raft.server.log.queue.byte-limit = 2147483647 (custom)
2020-11-21 01:30:31,073 [pool-70-thread-1] INFO  server.RaftServerConfigKeys (ConfUtils.java:logGet(44)) - raft.server.log.queue.element-limit = 1024 (custom)
2020-11-21 01:30:31,073 [pool-70-thread-1] INFO  server.RaftServerConfigKeys (ConfUtils.java:logGet(44)) - raft.server.log.segment.size.max = 1048576 (custom)
2020-11-21 01:30:31,073 [pool-70-thread-1] INFO  server.RaftServerConfigKeys (ConfUtils.java:logGet(44)) - raft.server.log.preallocated.size = 16384 (custom)
2020-11-21 01:30:31,073 [pool-70-thread-1] INFO  server.RaftServerConfigKeys (ConfUtils.java:logGet(44)) - raft.server.log.write.buffer.size = 1048576 (custom)
2020-11-21 01:30:31,073 [pool-70-thread-1] INFO  server.RaftServerConfigKeys (ConfUtils.java:logGet(44)) - raft.server.log.force.sync.num = 128 (default)
2020-11-21 01:30:31,073 [pool-70-thread-1] INFO  server.RaftServerConfigKeys (ConfUtils.java:logGet(44)) - raft.server.log.statemachine.data.sync = true (default)
2020-11-21 01:30:31,073 [pool-70-thread-1] INFO  server.RaftServerConfigKeys (ConfUtils.java:logGet(44)) - raft.server.log.statemachine.data.sync.timeout = 10s (default)
2020-11-21 01:30:31,073 [pool-70-thread-1] INFO  server.RaftServerConfigKeys (ConfUtils.java:logGet(44)) - raft.server.log.statemachine.data.sync.timeout.retry = -1 (default)
2020-11-21 01:30:31,075 [pool-70-thread-1] INFO  server.RaftServerConfigKeys (ConfUtils.java:logGet(44)) - raft.server.log.statemachine.data.caching.enabled = true (custom)
2020-11-21 01:30:31,075 [pool-70-thread-1] INFO  segmented.SegmentedRaftLogWorker (SegmentedRaftLogWorker.java:lambda$new$0(129)) - d9b4e736-fd5b-4d57-a928-7527d234cae6@group-64A3D7461214-SegmentedRaftLogWorker: flushIndex: setUnconditionally 0 -> -1
2020-11-21 01:30:31,076 [pool-70-thread-1] INFO  segmented.SegmentedRaftLogWorker (SegmentedRaftLogWorker.java:lambda$new$0(129)) - d9b4e736-fd5b-4d57-a928-7527d234cae6@group-64A3D7461214-SegmentedRaftLogWorker: safeCacheEvictIndex: setUnconditionally 0 -> -1
2020-11-21 01:30:31,091 [pool-70-thread-1] INFO  server.RaftServerConfigKeys (ConfUtils.java:logGet(44)) - raft.server.snapshot.auto.trigger.enabled = true (custom)
2020-11-21 01:30:31,091 [pool-70-thread-1] INFO  server.RaftServerConfigKeys (ConfUtils.java:logGet(44)) - raft.server.snapshot.auto.trigger.threshold = 10000 (custom)
2020-11-21 01:30:31,091 [pool-70-thread-1] INFO  server.RaftServerConfigKeys (ConfUtils.java:logGet(44)) - raft.server.snapshot.retention.file.num = 5 (custom)
2020-11-21 01:30:31,092 [pool-70-thread-1] INFO  server.RaftServerConfigKeys (ConfUtils.java:logGet(44)) - raft.server.log.purge.upto.snapshot.index = false (default)
2020-11-21 01:30:31,092 [pool-70-thread-1] INFO  server.RaftServerConfigKeys (ConfUtils.java:logGet(44)) - raft.server.retrycache.expirytime = 600000ms (custom)
2020-11-21 01:30:31,092 [pool-70-thread-1] INFO  metrics.RatisMetrics (RatisMetrics.java:lambda$create$0(36)) - Creating Metrics Registry : ratis.leader_election.d9b4e736-fd5b-4d57-a928-7527d234cae6@group-64A3D7461214
2020-11-21 01:30:31,092 [pool-70-thread-1] INFO  metrics.RatisMetrics (RatisMetrics.java:lambda$create$0(36)) - Creating Metrics Registry : ratis.server.d9b4e736-fd5b-4d57-a928-7527d234cae6@group-64A3D7461214
2020-11-21 01:30:31,093 [pool-70-thread-1] INFO  impl.RaftServerImpl (RaftServerImpl.java:start(215)) - d9b4e736-fd5b-4d57-a928-7527d234cae6@group-64A3D7461214: start as a follower, conf=-1: [d9b4e736-fd5b-4d57-a928-7527d234cae6|rpc:172.17.0.2:42781], old=null
2020-11-21 01:30:31,093 [pool-70-thread-1] INFO  impl.RaftServerImpl (RaftServerImpl.java:setRole(204)) - d9b4e736-fd5b-4d57-a928-7527d234cae6@group-64A3D7461214: changes role from      null to FOLLOWER at term 0 for startAsFollower
2020-11-21 01:30:31,093 [pool-70-thread-1] INFO  impl.RoleInfo (RoleInfo.java:updateAndGet(143)) - d9b4e736-fd5b-4d57-a928-7527d234cae6: start d9b4e736-fd5b-4d57-a928-7527d234cae6@group-64A3D7461214-FollowerState
2020-11-21 01:30:31,104 [pool-70-thread-1] INFO  util.JmxRegister (JmxRegister.java:tryRegister(44)) - Successfully registered JMX Bean with object name Ratis:service=RaftServer,group=group-64A3D7461214,id=d9b4e736-fd5b-4d57-a928-7527d234cae6
2020-11-21 01:30:31,104 [pool-70-thread-1] INFO  metrics.RatisMetrics (RatisMetrics.java:lambda$create$0(36)) - Creating Metrics Registry : ratis.state_machine.d9b4e736-fd5b-4d57-a928-7527d234cae6@group-64A3D7461214
2020-11-21 01:30:31,110 [Command processor thread] INFO  commandhandler.CreatePipelineCommandHandler (CreatePipelineCommandHandler.java:handle(106)) - Created Pipeline RATIS ONE PipelineID=abd88625-ea24-47ca-a93c-64a3d7461214.
2020-11-21 01:30:31,111 [Command processor thread] INFO  impl.RaftServerProxy (RaftServerProxy.java:addNew(93)) - d9b4e736-fd5b-4d57-a928-7527d234cae6: addNew group-AD62D92DEFA4:[d9b4e736-fd5b-4d57-a928-7527d234cae6|rpc:172.17.0.2:42781, b506507d-933b-4e73-80c6-4b42635da637|rpc:172.17.0.2:36721, e1eaea66-1c02-4714-ba01-25fa84b9c758|rpc:172.17.0.2:34847] returns group-AD62D92DEFA4:java.util.concurrent.CompletableFuture@6cc884bf[Not completed]
2020-11-21 01:30:31,115 [EventQueue-PipelineReportForOneReplicaPipelineSafeModeRule] INFO  safemode.SCMSafeModeManager (SCMSafeModeManager.java:validateSafeModeExitRules(214)) - AtleastOneDatanodeReportedRule rule is successfully validated
2020-11-21 01:30:31,115 [EventQueue-PipelineReportForPipelineReportHandler] INFO  pipeline.PipelineStateManager (PipelineStateManager.java:openPipeline(132)) - Pipeline Pipeline[ Id: abd88625-ea24-47ca-a93c-64a3d7461214, Nodes: d9b4e736-fd5b-4d57-a928-7527d234cae6{ip: 172.17.0.2, host: a24e47d532a4, networkLocation: /default-rack, certSerialId: null}, Type:RATIS, Factor:ONE, State:ALLOCATED, leaderId:d9b4e736-fd5b-4d57-a928-7527d234cae6, CreationTimestamp2020-11-21T01:30:28.242Z] moved to OPEN state
2020-11-21 01:30:31,120 [EventQueue-OpenPipelineForHealthyPipelineSafeModeRule] INFO  safemode.SCMSafeModeManager (HealthyPipelineSafeModeRule.java:process(128)) - SCM in safe mode. Healthy pipelines reported count is 0, required healthy pipeline reported count is 1
2020-11-21 01:30:31,151 [pool-70-thread-1] INFO  impl.RaftServerImpl (RaftServerImpl.java:<init>(121)) - d9b4e736-fd5b-4d57-a928-7527d234cae6: new RaftServerImpl for group-AD62D92DEFA4:[d9b4e736-fd5b-4d57-a928-7527d234cae6|rpc:172.17.0.2:42781, b506507d-933b-4e73-80c6-4b42635da637|rpc:172.17.0.2:36721, e1eaea66-1c02-4714-ba01-25fa84b9c758|rpc:172.17.0.2:34847] with ContainerStateMachine:uninitialized
2020-11-21 01:30:31,151 [pool-70-thread-1] INFO  server.RaftServerConfigKeys (ConfUtils.java:logGet(44)) - raft.server.rpc.timeout.min = 5s (custom)
2020-11-21 01:30:31,151 [pool-70-thread-1] INFO  server.RaftServerConfigKeys (ConfUtils.java:logGet(44)) - raft.server.rpc.timeout.max = 5200ms (custom)
2020-11-21 01:30:31,151 [pool-70-thread-1] INFO  server.RaftServerConfigKeys (ConfUtils.java:logGet(44)) - raft.server.rpc.slowness.timeout = 300s (custom)
2020-11-21 01:30:31,151 [pool-70-thread-1] INFO  server.RaftServerConfigKeys (ConfUtils.java:logGet(44)) - raft.server.leaderelection.leader.step-down.wait-time = 10s (default)
2020-11-21 01:30:31,151 [pool-70-thread-1] INFO  server.RaftServerConfigKeys (ConfUtils.java:logGet(44)) - raft.server.sleep.deviation.threshold = 300 (default)
2020-11-21 01:30:31,151 [pool-70-thread-1] INFO  server.RaftServerConfigKeys (ConfUtils.java:logGet(44)) - raft.server.log.appender.install.snapshot.enabled = false (custom)
2020-11-21 01:30:31,151 [pool-70-thread-1] INFO  impl.RaftServerImpl (ServerState.java:<init>(104)) - d9b4e736-fd5b-4d57-a928-7527d234cae6@group-AD62D92DEFA4: ConfigurationManager, init=-1: [d9b4e736-fd5b-4d57-a928-7527d234cae6|rpc:172.17.0.2:42781, b506507d-933b-4e73-80c6-4b42635da637|rpc:172.17.0.2:36721, e1eaea66-1c02-4714-ba01-25fa84b9c758|rpc:172.17.0.2:34847], old=null, confs=<EMPTY_MAP>
2020-11-21 01:30:31,151 [pool-70-thread-1] INFO  server.RaftServerConfigKeys (ConfUtils.java:logGet(44)) - raft.server.storage.dir = [/github/workspace/mnt/ozone/hadoop-ozone/integration-test/target/test-dir/MiniOzoneClusterImpl-3bf6729e-3927-483b-a5e0-bd83d0682071/datanode-0/data/ratis] (custom)
2020-11-21 01:30:31,152 [pool-70-thread-1] INFO  server.RaftServerConfigKeys (ConfUtils.java:logGet(44)) - raft.server.log.corruption.policy = EXCEPTION (default)
2020-11-21 01:30:31,152 [pool-70-thread-1] INFO  storage.RaftStorageDirectory (RaftStorageDirectory.java:analyzeStorage(261)) - The storage directory /github/workspace/mnt/ozone/hadoop-ozone/integration-test/target/test-dir/MiniOzoneClusterImpl-3bf6729e-3927-483b-a5e0-bd83d0682071/datanode-0/data/ratis/f81c7983-3eee-4a3e-9121-ad62d92defa4 does not exist. Creating ...
2020-11-21 01:30:31,158 [pool-70-thread-1] INFO  storage.RaftStorageDirectory (RaftStorageDirectory.java:tryLock(343)) - Lock on /github/workspace/mnt/ozone/hadoop-ozone/integration-test/target/test-dir/MiniOzoneClusterImpl-3bf6729e-3927-483b-a5e0-bd83d0682071/datanode-0/data/ratis/f81c7983-3eee-4a3e-9121-ad62d92defa4/in_use.lock acquired by nodename 21810@a24e47d532a4
2020-11-21 01:30:31,161 [pool-70-thread-1] INFO  storage.RaftStorage (RaftStorage.java:format(85)) - Storage directory /github/workspace/mnt/ozone/hadoop-ozone/integration-test/target/test-dir/MiniOzoneClusterImpl-3bf6729e-3927-483b-a5e0-bd83d0682071/datanode-0/data/ratis/f81c7983-3eee-4a3e-9121-ad62d92defa4 has been successfully formatted.
2020-11-21 01:30:31,161 [pool-70-thread-1] INFO  ratis.ContainerStateMachine (ContainerStateMachine.java:loadSnapshot(225)) - group-AD62D92DEFA4: The snapshot info is null. Setting the last applied indexto:(t:0, i:~)
2020-11-21 01:30:31,161 [pool-70-thread-1] INFO  server.RaftServerConfigKeys (ConfUtils.java:logGet(44)) - raft.server.notification.no-leader.timeout = 300s (custom)
2020-11-21 01:30:31,161 [pool-70-thread-1] INFO  server.RaftServerConfigKeys (ConfUtils.java:logGet(44)) - raft.server.log.use.memory = false (default)
2020-11-21 01:30:31,161 [pool-70-thread-1] INFO  server.RaftServerConfigKeys (ConfUtils.java:logGet(44)) - raft.server.log.purge.gap = 1000000 (custom)
2020-11-21 01:30:31,161 [pool-70-thread-1] INFO  metrics.RatisMetrics (RatisMetrics.java:lambda$create$0(36)) - Creating Metrics Registry : ratis.log_worker.d9b4e736-fd5b-4d57-a928-7527d234cae6@group-AD62D92DEFA4
2020-11-21 01:30:31,161 [pool-70-thread-1] INFO  server.RaftServerConfigKeys (ConfUtils.java:logGet(44)) - raft.server.log.appender.buffer.byte-limit = 33554432 (custom)
2020-11-21 01:30:31,161 [pool-70-thread-1] INFO  server.RaftServerConfigKeys (ConfUtils.java:logGet(44)) - raft.server.log.segment.size.max = 1048576 (custom)
2020-11-21 01:30:31,162 [EventQueue-OpenPipelineForHealthyPipelineSafeModeRule] INFO  safemode.SCMSafeModeManager (HealthyPipelineSafeModeRule.java:process(128)) - SCM in safe mode. Healthy pipelines reported count is 0, required healthy pipeline reported count is 1
2020-11-21 01:30:31,163 [EventQueue-PipelineReportForOneReplicaPipelineSafeModeRule] INFO  safemode.SCMSafeModeManager (SCMSafeModeManager.java:validateSafeModeExitRules(214)) - AtleastOneDatanodeReportedRule rule is successfully validated
2020-11-21 01:30:31,164 [pool-70-thread-1] INFO  server.RaftServerConfigKeys (ConfUtils.java:logGet(44)) - raft.server.log.segment.cache.num.max = 2 (custom)
2020-11-21 01:30:31,164 [pool-70-thread-1] INFO  segmented.SegmentedRaftLogWorker (SegmentedRaftLogWorker.java:<init>(180)) - new d9b4e736-fd5b-4d57-a928-7527d234cae6@group-AD62D92DEFA4-SegmentedRaftLogWorker for RaftStorage:Storage Directory /github/workspace/mnt/ozone/hadoop-ozone/integration-test/target/test-dir/MiniOzoneClusterImpl-3bf6729e-3927-483b-a5e0-bd83d0682071/datanode-0/data/ratis/f81c7983-3eee-4a3e-9121-ad62d92defa4
2020-11-21 01:30:31,164 [pool-70-thread-1] INFO  server.RaftServerConfigKeys (ConfUtils.java:logGet(44)) - raft.server.log.queue.byte-limit = 2147483647 (custom)
2020-11-21 01:30:31,164 [pool-70-thread-1] INFO  server.RaftServerConfigKeys (ConfUtils.java:logGet(44)) - raft.server.log.queue.element-limit = 1024 (custom)
2020-11-21 01:30:31,164 [pool-70-thread-1] INFO  server.RaftServerConfigKeys (ConfUtils.java:logGet(44)) - raft.server.log.segment.size.max = 1048576 (custom)
2020-11-21 01:30:31,164 [pool-70-thread-1] INFO  server.RaftServerConfigKeys (ConfUtils.java:logGet(44)) - raft.server.log.preallocated.size = 16384 (custom)
2020-11-21 01:30:31,164 [pool-70-thread-1] INFO  server.RaftServerConfigKeys (ConfUtils.java:logGet(44)) - raft.server.log.write.buffer.size = 1048576 (custom)
2020-11-21 01:30:31,164 [pool-70-thread-1] INFO  server.RaftServerConfigKeys (ConfUtils.java:logGet(44)) - raft.server.log.force.sync.num = 128 (default)
2020-11-21 01:30:31,164 [pool-70-thread-1] INFO  server.RaftServerConfigKeys (ConfUtils.java:logGet(44)) - raft.server.log.statemachine.data.sync = true (default)
2020-11-21 01:30:31,164 [pool-70-thread-1] INFO  server.RaftServerConfigKeys (ConfUtils.java:logGet(44)) - raft.server.log.statemachine.data.sync.timeout = 10s (default)
2020-11-21 01:30:31,164 [pool-70-thread-1] INFO  server.RaftServerConfigKeys (ConfUtils.java:logGet(44)) - raft.server.log.statemachine.data.sync.timeout.retry = -1 (default)
2020-11-21 01:30:31,166 [pool-70-thread-1] INFO  server.RaftServerConfigKeys (ConfUtils.java:logGet(44)) - raft.server.log.statemachine.data.caching.enabled = true (custom)
2020-11-21 01:30:31,166 [pool-70-thread-1] INFO  segmented.SegmentedRaftLogWorker (SegmentedRaftLogWorker.java:lambda$new$0(129)) - d9b4e736-fd5b-4d57-a928-7527d234cae6@group-AD62D92DEFA4-SegmentedRaftLogWorker: flushIndex: setUnconditionally 0 -> -1
2020-11-21 01:30:31,166 [pool-70-thread-1] INFO  segmented.SegmentedRaftLogWorker (SegmentedRaftLogWorker.java:lambda$new$0(129)) - d9b4e736-fd5b-4d57-a928-7527d234cae6@group-AD62D92DEFA4-SegmentedRaftLogWorker: safeCacheEvictIndex: setUnconditionally 0 -> -1
2020-11-21 01:30:31,174 [pool-70-thread-1] INFO  server.RaftServerConfigKeys (ConfUtils.java:logGet(44)) - raft.server.snapshot.auto.trigger.enabled = true (custom)
2020-11-21 01:30:31,174 [pool-70-thread-1] INFO  server.RaftServerConfigKeys (ConfUtils.java:logGet(44)) - raft.server.snapshot.auto.trigger.threshold = 10000 (custom)
2020-11-21 01:30:31,174 [pool-70-thread-1] INFO  server.RaftServerConfigKeys (ConfUtils.java:logGet(44)) - raft.server.snapshot.retention.file.num = 5 (custom)
2020-11-21 01:30:31,174 [pool-70-thread-1] INFO  server.RaftServerConfigKeys (ConfUtils.java:logGet(44)) - raft.server.log.purge.upto.snapshot.index = false (default)
2020-11-21 01:30:31,174 [pool-70-thread-1] INFO  server.RaftServerConfigKeys (ConfUtils.java:logGet(44)) - raft.server.retrycache.expirytime = 600000ms (custom)
2020-11-21 01:30:31,174 [pool-70-thread-1] INFO  metrics.RatisMetrics (RatisMetrics.java:lambda$create$0(36)) - Creating Metrics Registry : ratis.leader_election.d9b4e736-fd5b-4d57-a928-7527d234cae6@group-AD62D92DEFA4
2020-11-21 01:30:31,175 [pool-70-thread-1] INFO  metrics.RatisMetrics (RatisMetrics.java:lambda$create$0(36)) - Creating Metrics Registry : ratis.server.d9b4e736-fd5b-4d57-a928-7527d234cae6@group-AD62D92DEFA4
2020-11-21 01:30:31,175 [pool-70-thread-1] INFO  impl.RaftServerImpl (RaftServerImpl.java:start(215)) - d9b4e736-fd5b-4d57-a928-7527d234cae6@group-AD62D92DEFA4: start as a follower, conf=-1: [d9b4e736-fd5b-4d57-a928-7527d234cae6|rpc:172.17.0.2:42781, b506507d-933b-4e73-80c6-4b42635da637|rpc:172.17.0.2:36721, e1eaea66-1c02-4714-ba01-25fa84b9c758|rpc:172.17.0.2:34847], old=null
2020-11-21 01:30:31,175 [pool-70-thread-1] INFO  impl.RaftServerImpl (RaftServerImpl.java:setRole(204)) - d9b4e736-fd5b-4d57-a928-7527d234cae6@group-AD62D92DEFA4: changes role from      null to FOLLOWER at term 0 for startAsFollower
2020-11-21 01:30:31,175 [pool-70-thread-1] INFO  impl.RoleInfo (RoleInfo.java:updateAndGet(143)) - d9b4e736-fd5b-4d57-a928-7527d234cae6: start d9b4e736-fd5b-4d57-a928-7527d234cae6@group-AD62D92DEFA4-FollowerState
2020-11-21 01:30:31,183 [pool-70-thread-1] INFO  util.JmxRegister (JmxRegister.java:tryRegister(44)) - Successfully registered JMX Bean with object name Ratis:service=RaftServer,group=group-AD62D92DEFA4,id=d9b4e736-fd5b-4d57-a928-7527d234cae6
2020-11-21 01:30:31,183 [pool-70-thread-1] INFO  metrics.RatisMetrics (RatisMetrics.java:lambda$create$0(36)) - Creating Metrics Registry : ratis.state_machine.d9b4e736-fd5b-4d57-a928-7527d234cae6@group-AD62D92DEFA4
2020-11-21 01:30:31,212 [Command processor thread] INFO  metrics.RatisMetrics (RatisMetrics.java:lambda$create$0(36)) - Creating Metrics Registry : ratis.client_message_metrics.client-6481D91A05C3->e1eaea66-1c02-4714-ba01-25fa84b9c758
2020-11-21 01:30:31,230 [grpc-default-executor-1] INFO  metrics.RatisMetrics (RatisMetrics.java:lambda$create$0(36)) - Creating Metrics Registry : ratis.server_message_metrics.e1eaea66-1c02-4714-ba01-25fa84b9c758
2020-11-21 01:30:31,235 [grpc-default-executor-1] INFO  impl.RaftServerProxy (RaftServerProxy.java:addNew(93)) - e1eaea66-1c02-4714-ba01-25fa84b9c758: addNew group-AD62D92DEFA4:[d9b4e736-fd5b-4d57-a928-7527d234cae6|rpc:172.17.0.2:42781|dataStream:, b506507d-933b-4e73-80c6-4b42635da637|rpc:172.17.0.2:36721|dataStream:, e1eaea66-1c02-4714-ba01-25fa84b9c758|rpc:172.17.0.2:34847|dataStream:] returns group-AD62D92DEFA4:java.util.concurrent.CompletableFuture@2fcecf92[Not completed]
2020-11-21 01:30:31,240 [pool-101-thread-1] INFO  impl.RaftServerImpl (RaftServerImpl.java:<init>(121)) - e1eaea66-1c02-4714-ba01-25fa84b9c758: new RaftServerImpl for group-AD62D92DEFA4:[d9b4e736-fd5b-4d57-a928-7527d234cae6|rpc:172.17.0.2:42781|dataStream:, b506507d-933b-4e73-80c6-4b42635da637|rpc:172.17.0.2:36721|dataStream:, e1eaea66-1c02-4714-ba01-25fa84b9c758|rpc:172.17.0.2:34847|dataStream:] with ContainerStateMachine:uninitialized
2020-11-21 01:30:31,240 [pool-101-thread-1] INFO  server.RaftServerConfigKeys (ConfUtils.java:logGet(44)) - raft.server.rpc.timeout.min = 5s (custom)
2020-11-21 01:30:31,240 [pool-101-thread-1] INFO  server.RaftServerConfigKeys (ConfUtils.java:logGet(44)) - raft.server.rpc.timeout.max = 5200ms (custom)
2020-11-21 01:30:31,240 [pool-101-thread-1] INFO  server.RaftServerConfigKeys (ConfUtils.java:logGet(44)) - raft.server.rpc.slowness.timeout = 300s (custom)
2020-11-21 01:30:31,240 [pool-101-thread-1] INFO  server.RaftServerConfigKeys (ConfUtils.java:logGet(44)) - raft.server.leaderelection.leader.step-down.wait-time = 10s (default)
2020-11-21 01:30:31,240 [pool-101-thread-1] INFO  server.RaftServerConfigKeys (ConfUtils.java:logGet(44)) - raft.server.sleep.deviation.threshold = 300 (default)
2020-11-21 01:30:31,241 [pool-101-thread-1] INFO  server.RaftServerConfigKeys (ConfUtils.java:logGet(44)) - raft.server.log.appender.install.snapshot.enabled = false (custom)
2020-11-21 01:30:31,241 [pool-101-thread-1] INFO  impl.RaftServerImpl (ServerState.java:<init>(104)) - e1eaea66-1c02-4714-ba01-25fa84b9c758@group-AD62D92DEFA4: ConfigurationManager, init=-1: [d9b4e736-fd5b-4d57-a928-7527d234cae6|rpc:172.17.0.2:42781|dataStream:, b506507d-933b-4e73-80c6-4b42635da637|rpc:172.17.0.2:36721|dataStream:, e1eaea66-1c02-4714-ba01-25fa84b9c758|rpc:172.17.0.2:34847|dataStream:], old=null, confs=<EMPTY_MAP>
2020-11-21 01:30:31,241 [pool-101-thread-1] INFO  server.RaftServerConfigKeys (ConfUtils.java:logGet(44)) - raft.server.storage.dir = [/github/workspace/mnt/ozone/hadoop-ozone/integration-test/target/test-dir/MiniOzoneClusterImpl-3bf6729e-3927-483b-a5e0-bd83d0682071/datanode-2/data/ratis] (custom)
2020-11-21 01:30:31,241 [pool-101-thread-1] INFO  server.RaftServerConfigKeys (ConfUtils.java:logGet(44)) - raft.server.log.corruption.policy = EXCEPTION (default)
2020-11-21 01:30:31,241 [pool-101-thread-1] INFO  storage.RaftStorageDirectory (RaftStorageDirectory.java:analyzeStorage(261)) - The storage directory /github/workspace/mnt/ozone/hadoop-ozone/integration-test/target/test-dir/MiniOzoneClusterImpl-3bf6729e-3927-483b-a5e0-bd83d0682071/datanode-2/data/ratis/f81c7983-3eee-4a3e-9121-ad62d92defa4 does not exist. Creating ...
2020-11-21 01:30:31,242 [pool-101-thread-1] INFO  storage.RaftStorageDirectory (RaftStorageDirectory.java:tryLock(343)) - Lock on /github/workspace/mnt/ozone/hadoop-ozone/integration-test/target/test-dir/MiniOzoneClusterImpl-3bf6729e-3927-483b-a5e0-bd83d0682071/datanode-2/data/ratis/f81c7983-3eee-4a3e-9121-ad62d92defa4/in_use.lock acquired by nodename 21810@a24e47d532a4
2020-11-21 01:30:31,243 [pool-101-thread-1] INFO  storage.RaftStorage (RaftStorage.java:format(85)) - Storage directory /github/workspace/mnt/ozone/hadoop-ozone/integration-test/target/test-dir/MiniOzoneClusterImpl-3bf6729e-3927-483b-a5e0-bd83d0682071/datanode-2/data/ratis/f81c7983-3eee-4a3e-9121-ad62d92defa4 has been successfully formatted.
2020-11-21 01:30:31,244 [pool-101-thread-1] INFO  ratis.ContainerStateMachine (ContainerStateMachine.java:loadSnapshot(225)) - group-AD62D92DEFA4: The snapshot info is null. Setting the last applied indexto:(t:0, i:~)
2020-11-21 01:30:31,244 [pool-101-thread-1] INFO  server.RaftServerConfigKeys (ConfUtils.java:logGet(44)) - raft.server.notification.no-leader.timeout = 300s (custom)
2020-11-21 01:30:31,245 [pool-101-thread-1] INFO  server.RaftServerConfigKeys (ConfUtils.java:logGet(44)) - raft.server.log.use.memory = false (default)
2020-11-21 01:30:31,246 [pool-101-thread-1] INFO  server.RaftServerConfigKeys (ConfUtils.java:logGet(44)) - raft.server.log.purge.gap = 1000000 (custom)
2020-11-21 01:30:31,246 [pool-101-thread-1] INFO  metrics.RatisMetrics (RatisMetrics.java:lambda$create$0(36)) - Creating Metrics Registry : ratis.log_worker.e1eaea66-1c02-4714-ba01-25fa84b9c758@group-AD62D92DEFA4
2020-11-21 01:30:31,246 [EventQueue-PipelineReportForOneReplicaPipelineSafeModeRule] INFO  safemode.SCMSafeModeManager (SCMSafeModeManager.java:validateSafeModeExitRules(214)) - AtleastOneDatanodeReportedRule rule is successfully validated
2020-11-21 01:30:31,246 [pool-101-thread-1] INFO  server.RaftServerConfigKeys (ConfUtils.java:logGet(44)) - raft.server.log.appender.buffer.byte-limit = 33554432 (custom)
2020-11-21 01:30:31,247 [pool-101-thread-1] INFO  server.RaftServerConfigKeys (ConfUtils.java:logGet(44)) - raft.server.log.segment.size.max = 1048576 (custom)
2020-11-21 01:30:31,247 [pool-101-thread-1] INFO  server.RaftServerConfigKeys (ConfUtils.java:logGet(44)) - raft.server.log.segment.cache.num.max = 2 (custom)
2020-11-21 01:30:31,247 [pool-101-thread-1] INFO  segmented.SegmentedRaftLogWorker (SegmentedRaftLogWorker.java:<init>(180)) - new e1eaea66-1c02-4714-ba01-25fa84b9c758@group-AD62D92DEFA4-SegmentedRaftLogWorker for RaftStorage:Storage Directory /github/workspace/mnt/ozone/hadoop-ozone/integration-test/target/test-dir/MiniOzoneClusterImpl-3bf6729e-3927-483b-a5e0-bd83d0682071/datanode-2/data/ratis/f81c7983-3eee-4a3e-9121-ad62d92defa4
2020-11-21 01:30:31,247 [pool-101-thread-1] INFO  server.RaftServerConfigKeys (ConfUtils.java:logGet(44)) - raft.server.log.queue.byte-limit = 2147483647 (custom)
2020-11-21 01:30:31,247 [pool-101-thread-1] INFO  server.RaftServerConfigKeys (ConfUtils.java:logGet(44)) - raft.server.log.queue.element-limit = 1024 (custom)
2020-11-21 01:30:31,248 [pool-101-thread-1] INFO  server.RaftServerConfigKeys (ConfUtils.java:logGet(44)) - raft.server.log.segment.size.max = 1048576 (custom)
2020-11-21 01:30:31,248 [pool-101-thread-1] INFO  server.RaftServerConfigKeys (ConfUtils.java:logGet(44)) - raft.server.log.preallocated.size = 16384 (custom)
2020-11-21 01:30:31,252 [pool-101-thread-1] INFO  server.RaftServerConfigKeys (ConfUtils.java:logGet(44)) - raft.server.log.write.buffer.size = 1048576 (custom)
2020-11-21 01:30:31,252 [pool-101-thread-1] INFO  server.RaftServerConfigKeys (ConfUtils.java:logGet(44)) - raft.server.log.force.sync.num = 128 (default)
2020-11-21 01:30:31,252 [pool-101-thread-1] INFO  server.RaftServerConfigKeys (ConfUtils.java:logGet(44)) - raft.server.log.statemachine.data.sync = true (default)
2020-11-21 01:30:31,252 [pool-101-thread-1] INFO  server.RaftServerConfigKeys (ConfUtils.java:logGet(44)) - raft.server.log.statemachine.data.sync.timeout = 10s (default)
2020-11-21 01:30:31,252 [pool-101-thread-1] INFO  server.RaftServerConfigKeys (ConfUtils.java:logGet(44)) - raft.server.log.statemachine.data.sync.timeout.retry = -1 (default)
2020-11-21 01:30:31,254 [pool-101-thread-1] INFO  server.RaftServerConfigKeys (ConfUtils.java:logGet(44)) - raft.server.log.statemachine.data.caching.enabled = true (custom)
2020-11-21 01:30:31,254 [pool-101-thread-1] INFO  segmented.SegmentedRaftLogWorker (SegmentedRaftLogWorker.java:lambda$new$0(129)) - e1eaea66-1c02-4714-ba01-25fa84b9c758@group-AD62D92DEFA4-SegmentedRaftLogWorker: flushIndex: setUnconditionally 0 -> -1
2020-11-21 01:30:31,254 [pool-101-thread-1] INFO  segmented.SegmentedRaftLogWorker (SegmentedRaftLogWorker.java:lambda$new$0(129)) - e1eaea66-1c02-4714-ba01-25fa84b9c758@group-AD62D92DEFA4-SegmentedRaftLogWorker: safeCacheEvictIndex: setUnconditionally 0 -> -1
2020-11-21 01:30:31,258 [pool-101-thread-1] INFO  server.RaftServerConfigKeys (ConfUtils.java:logGet(44)) - raft.server.snapshot.auto.trigger.enabled = true (custom)
2020-11-21 01:30:31,258 [pool-101-thread-1] INFO  server.RaftServerConfigKeys (ConfUtils.java:logGet(44)) - raft.server.snapshot.auto.trigger.threshold = 10000 (custom)
2020-11-21 01:30:31,258 [pool-101-thread-1] INFO  server.RaftServerConfigKeys (ConfUtils.java:logGet(44)) - raft.server.snapshot.retention.file.num = 5 (custom)
2020-11-21 01:30:31,258 [pool-101-thread-1] INFO  server.RaftServerConfigKeys (ConfUtils.java:logGet(44)) - raft.server.log.purge.upto.snapshot.index = false (default)
2020-11-21 01:30:31,258 [pool-101-thread-1] INFO  server.RaftServerConfigKeys (ConfUtils.java:logGet(44)) - raft.server.retrycache.expirytime = 600000ms (custom)
2020-11-21 01:30:31,258 [pool-101-thread-1] INFO  metrics.RatisMetrics (RatisMetrics.java:lambda$create$0(36)) - Creating Metrics Registry : ratis.leader_election.e1eaea66-1c02-4714-ba01-25fa84b9c758@group-AD62D92DEFA4
2020-11-21 01:30:31,260 [pool-101-thread-1] INFO  metrics.RatisMetrics (RatisMetrics.java:lambda$create$0(36)) - Creating Metrics Registry : ratis.server.e1eaea66-1c02-4714-ba01-25fa84b9c758@group-AD62D92DEFA4
2020-11-21 01:30:31,260 [pool-101-thread-1] INFO  impl.RaftServerImpl (RaftServerImpl.java:start(215)) - e1eaea66-1c02-4714-ba01-25fa84b9c758@group-AD62D92DEFA4: start as a follower, conf=-1: [d9b4e736-fd5b-4d57-a928-7527d234cae6|rpc:172.17.0.2:42781|dataStream:, b506507d-933b-4e73-80c6-4b42635da637|rpc:172.17.0.2:36721|dataStream:, e1eaea66-1c02-4714-ba01-25fa84b9c758|rpc:172.17.0.2:34847|dataStream:], old=null
2020-11-21 01:30:31,260 [pool-101-thread-1] INFO  impl.RaftServerImpl (RaftServerImpl.java:setRole(204)) - e1eaea66-1c02-4714-ba01-25fa84b9c758@group-AD62D92DEFA4: changes role from      null to FOLLOWER at term 0 for startAsFollower
2020-11-21 01:30:31,261 [pool-101-thread-1] INFO  impl.RoleInfo (RoleInfo.java:updateAndGet(143)) - e1eaea66-1c02-4714-ba01-25fa84b9c758: start e1eaea66-1c02-4714-ba01-25fa84b9c758@group-AD62D92DEFA4-FollowerState
2020-11-21 01:30:31,261 [pool-101-thread-1] INFO  util.JmxRegister (JmxRegister.java:tryRegister(44)) - Successfully registered JMX Bean with object name Ratis:service=RaftServer,group=group-AD62D92DEFA4,id=e1eaea66-1c02-4714-ba01-25fa84b9c758
2020-11-21 01:30:31,261 [pool-101-thread-1] INFO  metrics.RatisMetrics (RatisMetrics.java:lambda$create$0(36)) - Creating Metrics Registry : ratis.state_machine.e1eaea66-1c02-4714-ba01-25fa84b9c758@group-AD62D92DEFA4
2020-11-21 01:30:31,293 [Command processor thread] INFO  metrics.RatisMetrics (RatisMetrics.java:lambda$create$0(36)) - Creating Metrics Registry : ratis.client_message_metrics.client-77404F222DEE->b506507d-933b-4e73-80c6-4b42635da637
2020-11-21 01:30:31,301 [grpc-default-executor-1] INFO  metrics.RatisMetrics (RatisMetrics.java:lambda$create$0(36)) - Creating Metrics Registry : ratis.server_message_metrics.b506507d-933b-4e73-80c6-4b42635da637
2020-11-21 01:30:31,306 [grpc-default-executor-1] INFO  impl.RaftServerProxy (RaftServerProxy.java:addNew(93)) - b506507d-933b-4e73-80c6-4b42635da637: addNew group-AD62D92DEFA4:[d9b4e736-fd5b-4d57-a928-7527d234cae6|rpc:172.17.0.2:42781|dataStream:, b506507d-933b-4e73-80c6-4b42635da637|rpc:172.17.0.2:36721|dataStream:, e1eaea66-1c02-4714-ba01-25fa84b9c758|rpc:172.17.0.2:34847|dataStream:] returns group-AD62D92DEFA4:java.util.concurrent.CompletableFuture@9d9505d[Not completed]
2020-11-21 01:30:31,315 [pool-85-thread-1] INFO  impl.RaftServerImpl (RaftServerImpl.java:<init>(121)) - b506507d-933b-4e73-80c6-4b42635da637: new RaftServerImpl for group-AD62D92DEFA4:[d9b4e736-fd5b-4d57-a928-7527d234cae6|rpc:172.17.0.2:42781|dataStream:, b506507d-933b-4e73-80c6-4b42635da637|rpc:172.17.0.2:36721|dataStream:, e1eaea66-1c02-4714-ba01-25fa84b9c758|rpc:172.17.0.2:34847|dataStream:] with ContainerStateMachine:uninitialized
2020-11-21 01:30:31,315 [pool-85-thread-1] INFO  server.RaftServerConfigKeys (ConfUtils.java:logGet(44)) - raft.server.rpc.timeout.min = 5s (custom)
2020-11-21 01:30:31,315 [pool-85-thread-1] INFO  server.RaftServerConfigKeys (ConfUtils.java:logGet(44)) - raft.server.rpc.timeout.max = 5200ms (custom)
2020-11-21 01:30:31,315 [pool-85-thread-1] INFO  server.RaftServerConfigKeys (ConfUtils.java:logGet(44)) - raft.server.rpc.slowness.timeout = 300s (custom)
2020-11-21 01:30:31,315 [pool-85-thread-1] INFO  server.RaftServerConfigKeys (ConfUtils.java:logGet(44)) - raft.server.leaderelection.leader.step-down.wait-time = 10s (default)
2020-11-21 01:30:31,315 [pool-85-thread-1] INFO  server.RaftServerConfigKeys (ConfUtils.java:logGet(44)) - raft.server.sleep.deviation.threshold = 300 (default)
2020-11-21 01:30:31,315 [pool-85-thread-1] INFO  server.RaftServerConfigKeys (ConfUtils.java:logGet(44)) - raft.server.log.appender.install.snapshot.enabled = false (custom)
2020-11-21 01:30:31,315 [pool-85-thread-1] INFO  impl.RaftServerImpl (ServerState.java:<init>(104)) - b506507d-933b-4e73-80c6-4b42635da637@group-AD62D92DEFA4: ConfigurationManager, init=-1: [d9b4e736-fd5b-4d57-a928-7527d234cae6|rpc:172.17.0.2:42781|dataStream:, b506507d-933b-4e73-80c6-4b42635da637|rpc:172.17.0.2:36721|dataStream:, e1eaea66-1c02-4714-ba01-25fa84b9c758|rpc:172.17.0.2:34847|dataStream:], old=null, confs=<EMPTY_MAP>
2020-11-21 01:30:31,315 [pool-85-thread-1] INFO  server.RaftServerConfigKeys (ConfUtils.java:logGet(44)) - raft.server.storage.dir = [/github/workspace/mnt/ozone/hadoop-ozone/integration-test/target/test-dir/MiniOzoneClusterImpl-3bf6729e-3927-483b-a5e0-bd83d0682071/datanode-1/data/ratis] (custom)
2020-11-21 01:30:31,316 [pool-85-thread-1] INFO  server.RaftServerConfigKeys (ConfUtils.java:logGet(44)) - raft.server.log.corruption.policy = EXCEPTION (default)
2020-11-21 01:30:31,316 [pool-85-thread-1] INFO  storage.RaftStorageDirectory (RaftStorageDirectory.java:analyzeStorage(261)) - The storage directory /github/workspace/mnt/ozone/hadoop-ozone/integration-test/target/test-dir/MiniOzoneClusterImpl-3bf6729e-3927-483b-a5e0-bd83d0682071/datanode-1/data/ratis/f81c7983-3eee-4a3e-9121-ad62d92defa4 does not exist. Creating ...
2020-11-21 01:30:31,318 [pool-85-thread-1] INFO  storage.RaftStorageDirectory (RaftStorageDirectory.java:tryLock(343)) - Lock on /github/workspace/mnt/ozone/hadoop-ozone/integration-test/target/test-dir/MiniOzoneClusterImpl-3bf6729e-3927-483b-a5e0-bd83d0682071/datanode-1/data/ratis/f81c7983-3eee-4a3e-9121-ad62d92defa4/in_use.lock acquired by nodename 21810@a24e47d532a4
2020-11-21 01:30:31,320 [pool-85-thread-1] INFO  storage.RaftStorage (RaftStorage.java:format(85)) - Storage directory /github/workspace/mnt/ozone/hadoop-ozone/integration-test/target/test-dir/MiniOzoneClusterImpl-3bf6729e-3927-483b-a5e0-bd83d0682071/datanode-1/data/ratis/f81c7983-3eee-4a3e-9121-ad62d92defa4 has been successfully formatted.
2020-11-21 01:30:31,321 [pool-85-thread-1] INFO  ratis.ContainerStateMachine (ContainerStateMachine.java:loadSnapshot(225)) - group-AD62D92DEFA4: The snapshot info is null. Setting the last applied indexto:(t:0, i:~)
2020-11-21 01:30:31,321 [pool-85-thread-1] INFO  server.RaftServerConfigKeys (ConfUtils.java:logGet(44)) - raft.server.notification.no-leader.timeout = 300s (custom)
2020-11-21 01:30:31,321 [pool-85-thread-1] INFO  server.RaftServerConfigKeys (ConfUtils.java:logGet(44)) - raft.server.log.use.memory = false (default)
2020-11-21 01:30:31,321 [pool-85-thread-1] INFO  server.RaftServerConfigKeys (ConfUtils.java:logGet(44)) - raft.server.log.purge.gap = 1000000 (custom)
2020-11-21 01:30:31,321 [pool-85-thread-1] INFO  metrics.RatisMetrics (RatisMetrics.java:lambda$create$0(36)) - Creating Metrics Registry : ratis.log_worker.b506507d-933b-4e73-80c6-4b42635da637@group-AD62D92DEFA4
2020-11-21 01:30:31,321 [pool-85-thread-1] INFO  server.RaftServerConfigKeys (ConfUtils.java:logGet(44)) - raft.server.log.appender.buffer.byte-limit = 33554432 (custom)
2020-11-21 01:30:31,322 [pool-85-thread-1] INFO  server.RaftServerConfigKeys (ConfUtils.java:logGet(44)) - raft.server.log.segment.size.max = 1048576 (custom)
2020-11-21 01:30:31,322 [EventQueue-PipelineReportForOneReplicaPipelineSafeModeRule] INFO  safemode.SCMSafeModeManager (SCMSafeModeManager.java:validateSafeModeExitRules(214)) - AtleastOneDatanodeReportedRule rule is successfully validated
2020-11-21 01:30:31,324 [pool-85-thread-1] INFO  server.RaftServerConfigKeys (ConfUtils.java:logGet(44)) - raft.server.log.segment.cache.num.max = 2 (custom)
2020-11-21 01:30:31,324 [pool-85-thread-1] INFO  segmented.SegmentedRaftLogWorker (SegmentedRaftLogWorker.java:<init>(180)) - new b506507d-933b-4e73-80c6-4b42635da637@group-AD62D92DEFA4-SegmentedRaftLogWorker for RaftStorage:Storage Directory /github/workspace/mnt/ozone/hadoop-ozone/integration-test/target/test-dir/MiniOzoneClusterImpl-3bf6729e-3927-483b-a5e0-bd83d0682071/datanode-1/data/ratis/f81c7983-3eee-4a3e-9121-ad62d92defa4
2020-11-21 01:30:31,324 [pool-85-thread-1] INFO  server.RaftServerConfigKeys (ConfUtils.java:logGet(44)) - raft.server.log.queue.byte-limit = 2147483647 (custom)
2020-11-21 01:30:31,324 [pool-85-thread-1] INFO  server.RaftServerConfigKeys (ConfUtils.java:logGet(44)) - raft.server.log.queue.element-limit = 1024 (custom)
2020-11-21 01:30:31,324 [pool-85-thread-1] INFO  server.RaftServerConfigKeys (ConfUtils.java:logGet(44)) - raft.server.log.segment.size.max = 1048576 (custom)
2020-11-21 01:30:31,324 [pool-85-thread-1] INFO  server.RaftServerConfigKeys (ConfUtils.java:logGet(44)) - raft.server.log.preallocated.size = 16384 (custom)
2020-11-21 01:30:31,324 [pool-85-thread-1] INFO  server.RaftServerConfigKeys (ConfUtils.java:logGet(44)) - raft.server.log.write.buffer.size = 1048576 (custom)
2020-11-21 01:30:31,325 [pool-85-thread-1] INFO  server.RaftServerConfigKeys (ConfUtils.java:logGet(44)) - raft.server.log.force.sync.num = 128 (default)
2020-11-21 01:30:31,325 [pool-85-thread-1] INFO  server.RaftServerConfigKeys (ConfUtils.java:logGet(44)) - raft.server.log.statemachine.data.sync = true (default)
2020-11-21 01:30:31,325 [pool-85-thread-1] INFO  server.RaftServerConfigKeys (ConfUtils.java:logGet(44)) - raft.server.log.statemachine.data.sync.timeout = 10s (default)
2020-11-21 01:30:31,325 [pool-85-thread-1] INFO  server.RaftServerConfigKeys (ConfUtils.java:logGet(44)) - raft.server.log.statemachine.data.sync.timeout.retry = -1 (default)
2020-11-21 01:30:31,327 [pool-85-thread-1] INFO  server.RaftServerConfigKeys (ConfUtils.java:logGet(44)) - raft.server.log.statemachine.data.caching.enabled = true (custom)
2020-11-21 01:30:31,346 [pool-85-thread-1] INFO  segmented.SegmentedRaftLogWorker (SegmentedRaftLogWorker.java:lambda$new$0(129)) - b506507d-933b-4e73-80c6-4b42635da637@group-AD62D92DEFA4-SegmentedRaftLogWorker: flushIndex: setUnconditionally 0 -> -1
2020-11-21 01:30:31,348 [pool-85-thread-1] INFO  segmented.SegmentedRaftLogWorker (SegmentedRaftLogWorker.java:lambda$new$0(129)) - b506507d-933b-4e73-80c6-4b42635da637@group-AD62D92DEFA4-SegmentedRaftLogWorker: safeCacheEvictIndex: setUnconditionally 0 -> -1
2020-11-21 01:30:31,355 [pool-85-thread-1] INFO  server.RaftServerConfigKeys (ConfUtils.java:logGet(44)) - raft.server.snapshot.auto.trigger.enabled = true (custom)
2020-11-21 01:30:31,355 [pool-85-thread-1] INFO  server.RaftServerConfigKeys (ConfUtils.java:logGet(44)) - raft.server.snapshot.auto.trigger.threshold = 10000 (custom)
2020-11-21 01:30:31,355 [pool-85-thread-1] INFO  server.RaftServerConfigKeys (ConfUtils.java:logGet(44)) - raft.server.snapshot.retention.file.num = 5 (custom)
2020-11-21 01:30:31,355 [pool-85-thread-1] INFO  server.RaftServerConfigKeys (ConfUtils.java:logGet(44)) - raft.server.log.purge.upto.snapshot.index = false (default)
2020-11-21 01:30:31,355 [pool-85-thread-1] INFO  server.RaftServerConfigKeys (ConfUtils.java:logGet(44)) - raft.server.retrycache.expirytime = 600000ms (custom)
2020-11-21 01:30:31,355 [pool-85-thread-1] INFO  metrics.RatisMetrics (RatisMetrics.java:lambda$create$0(36)) - Creating Metrics Registry : ratis.leader_election.b506507d-933b-4e73-80c6-4b42635da637@group-AD62D92DEFA4
2020-11-21 01:30:31,355 [pool-85-thread-1] INFO  metrics.RatisMetrics (RatisMetrics.java:lambda$create$0(36)) - Creating Metrics Registry : ratis.server.b506507d-933b-4e73-80c6-4b42635da637@group-AD62D92DEFA4
2020-11-21 01:30:31,356 [pool-85-thread-1] INFO  impl.RaftServerImpl (RaftServerImpl.java:start(215)) - b506507d-933b-4e73-80c6-4b42635da637@group-AD62D92DEFA4: start as a follower, conf=-1: [d9b4e736-fd5b-4d57-a928-7527d234cae6|rpc:172.17.0.2:42781|dataStream:, b506507d-933b-4e73-80c6-4b42635da637|rpc:172.17.0.2:36721|dataStream:, e1eaea66-1c02-4714-ba01-25fa84b9c758|rpc:172.17.0.2:34847|dataStream:], old=null
2020-11-21 01:30:31,356 [pool-85-thread-1] INFO  impl.RaftServerImpl (RaftServerImpl.java:setRole(204)) - b506507d-933b-4e73-80c6-4b42635da637@group-AD62D92DEFA4: changes role from      null to FOLLOWER at term 0 for startAsFollower
2020-11-21 01:30:31,356 [pool-85-thread-1] INFO  impl.RoleInfo (RoleInfo.java:updateAndGet(143)) - b506507d-933b-4e73-80c6-4b42635da637: start b506507d-933b-4e73-80c6-4b42635da637@group-AD62D92DEFA4-FollowerState
2020-11-21 01:30:31,360 [pool-85-thread-1] INFO  util.JmxRegister (JmxRegister.java:tryRegister(44)) - Successfully registered JMX Bean with object name Ratis:service=RaftServer,group=group-AD62D92DEFA4,id=b506507d-933b-4e73-80c6-4b42635da637
2020-11-21 01:30:31,360 [pool-85-thread-1] INFO  metrics.RatisMetrics (RatisMetrics.java:lambda$create$0(36)) - Creating Metrics Registry : ratis.state_machine.b506507d-933b-4e73-80c6-4b42635da637@group-AD62D92DEFA4
2020-11-21 01:30:31,371 [Command processor thread] INFO  commandhandler.CreatePipelineCommandHandler (CreatePipelineCommandHandler.java:handle(106)) - Created Pipeline RATIS THREE PipelineID=f81c7983-3eee-4a3e-9121-ad62d92defa4.
2020-11-21 01:30:31,587 [Command processor thread] INFO  impl.RaftServerProxy (RaftServerProxy.java:addNew(93)) - b506507d-933b-4e73-80c6-4b42635da637: addNew group-90E4E7DFB6EA:[b506507d-933b-4e73-80c6-4b42635da637|rpc:172.17.0.2:36721] returns group-90E4E7DFB6EA:java.util.concurrent.CompletableFuture@fcf2ee8[Not completed]
2020-11-21 01:30:31,588 [pool-85-thread-1] INFO  impl.RaftServerImpl (RaftServerImpl.java:<init>(121)) - b506507d-933b-4e73-80c6-4b42635da637: new RaftServerImpl for group-90E4E7DFB6EA:[b506507d-933b-4e73-80c6-4b42635da637|rpc:172.17.0.2:36721] with ContainerStateMachine:uninitialized
2020-11-21 01:30:31,588 [pool-85-thread-1] INFO  server.RaftServerConfigKeys (ConfUtils.java:logGet(44)) - raft.server.rpc.timeout.min = 5s (custom)
2020-11-21 01:30:31,588 [pool-85-thread-1] INFO  server.RaftServerConfigKeys (ConfUtils.java:logGet(44)) - raft.server.rpc.timeout.max = 5200ms (custom)
2020-11-21 01:30:31,588 [pool-85-thread-1] INFO  server.RaftServerConfigKeys (ConfUtils.java:logGet(44)) - raft.server.rpc.slowness.timeout = 300s (custom)
2020-11-21 01:30:31,588 [pool-85-thread-1] INFO  server.RaftServerConfigKeys (ConfUtils.java:logGet(44)) - raft.server.leaderelection.leader.step-down.wait-time = 10s (default)
2020-11-21 01:30:31,588 [pool-85-thread-1] INFO  server.RaftServerConfigKeys (ConfUtils.java:logGet(44)) - raft.server.sleep.deviation.threshold = 300 (default)
2020-11-21 01:30:31,588 [pool-85-thread-1] INFO  server.RaftServerConfigKeys (ConfUtils.java:logGet(44)) - raft.server.log.appender.install.snapshot.enabled = false (custom)
2020-11-21 01:30:31,588 [pool-85-thread-1] INFO  impl.RaftServerImpl (ServerState.java:<init>(104)) - b506507d-933b-4e73-80c6-4b42635da637@group-90E4E7DFB6EA: ConfigurationManager, init=-1: [b506507d-933b-4e73-80c6-4b42635da637|rpc:172.17.0.2:36721], old=null, confs=<EMPTY_MAP>
2020-11-21 01:30:31,589 [pool-85-thread-1] INFO  server.RaftServerConfigKeys (ConfUtils.java:logGet(44)) - raft.server.storage.dir = [/github/workspace/mnt/ozone/hadoop-ozone/integration-test/target/test-dir/MiniOzoneClusterImpl-3bf6729e-3927-483b-a5e0-bd83d0682071/datanode-1/data/ratis] (custom)
2020-11-21 01:30:31,589 [pool-85-thread-1] INFO  server.RaftServerConfigKeys (ConfUtils.java:logGet(44)) - raft.server.log.corruption.policy = EXCEPTION (default)
2020-11-21 01:30:31,589 [pool-85-thread-1] INFO  storage.RaftStorageDirectory (RaftStorageDirectory.java:analyzeStorage(261)) - The storage directory /github/workspace/mnt/ozone/hadoop-ozone/integration-test/target/test-dir/MiniOzoneClusterImpl-3bf6729e-3927-483b-a5e0-bd83d0682071/datanode-1/data/ratis/850b6614-fa1a-4f00-8782-90e4e7dfb6ea does not exist. Creating ...
2020-11-21 01:30:31,590 [pool-85-thread-1] INFO  storage.RaftStorageDirectory (RaftStorageDirectory.java:tryLock(343)) - Lock on /github/workspace/mnt/ozone/hadoop-ozone/integration-test/target/test-dir/MiniOzoneClusterImpl-3bf6729e-3927-483b-a5e0-bd83d0682071/datanode-1/data/ratis/850b6614-fa1a-4f00-8782-90e4e7dfb6ea/in_use.lock acquired by nodename 21810@a24e47d532a4
2020-11-21 01:30:31,591 [pool-85-thread-1] INFO  storage.RaftStorage (RaftStorage.java:format(85)) - Storage directory /github/workspace/mnt/ozone/hadoop-ozone/integration-test/target/test-dir/MiniOzoneClusterImpl-3bf6729e-3927-483b-a5e0-bd83d0682071/datanode-1/data/ratis/850b6614-fa1a-4f00-8782-90e4e7dfb6ea has been successfully formatted.
2020-11-21 01:30:31,591 [pool-85-thread-1] INFO  ratis.ContainerStateMachine (ContainerStateMachine.java:loadSnapshot(225)) - group-90E4E7DFB6EA: The snapshot info is null. Setting the last applied indexto:(t:0, i:~)
2020-11-21 01:30:31,592 [pool-85-thread-1] INFO  server.RaftServerConfigKeys (ConfUtils.java:logGet(44)) - raft.server.notification.no-leader.timeout = 300s (custom)
2020-11-21 01:30:31,592 [pool-85-thread-1] INFO  server.RaftServerConfigKeys (ConfUtils.java:logGet(44)) - raft.server.log.use.memory = false (default)
2020-11-21 01:30:31,592 [pool-85-thread-1] INFO  server.RaftServerConfigKeys (ConfUtils.java:logGet(44)) - raft.server.log.purge.gap = 1000000 (custom)
2020-11-21 01:30:31,592 [pool-85-thread-1] INFO  metrics.RatisMetrics (RatisMetrics.java:lambda$create$0(36)) - Creating Metrics Registry : ratis.log_worker.b506507d-933b-4e73-80c6-4b42635da637@group-90E4E7DFB6EA
2020-11-21 01:30:31,593 [pool-85-thread-1] INFO  server.RaftServerConfigKeys (ConfUtils.java:logGet(44)) - raft.server.log.appender.buffer.byte-limit = 33554432 (custom)
2020-11-21 01:30:31,593 [pool-85-thread-1] INFO  server.RaftServerConfigKeys (ConfUtils.java:logGet(44)) - raft.server.log.segment.size.max = 1048576 (custom)
2020-11-21 01:30:31,594 [EventQueue-PipelineReportForOneReplicaPipelineSafeModeRule] INFO  safemode.SCMSafeModeManager (SCMSafeModeManager.java:validateSafeModeExitRules(214)) - AtleastOneDatanodeReportedRule rule is successfully validated
2020-11-21 01:30:31,594 [pool-85-thread-1] INFO  server.RaftServerConfigKeys (ConfUtils.java:logGet(44)) - raft.server.log.segment.cache.num.max = 2 (custom)
2020-11-21 01:30:31,594 [pool-85-thread-1] INFO  segmented.SegmentedRaftLogWorker (SegmentedRaftLogWorker.java:<init>(180)) - new b506507d-933b-4e73-80c6-4b42635da637@group-90E4E7DFB6EA-SegmentedRaftLogWorker for RaftStorage:Storage Directory /github/workspace/mnt/ozone/hadoop-ozone/integration-test/target/test-dir/MiniOzoneClusterImpl-3bf6729e-3927-483b-a5e0-bd83d0682071/datanode-1/data/ratis/850b6614-fa1a-4f00-8782-90e4e7dfb6ea
2020-11-21 01:30:31,594 [EventQueue-PipelineReportForPipelineReportHandler] INFO  pipeline.PipelineStateManager (PipelineStateManager.java:openPipeline(132)) - Pipeline Pipeline[ Id: 850b6614-fa1a-4f00-8782-90e4e7dfb6ea, Nodes: b506507d-933b-4e73-80c6-4b42635da637{ip: 172.17.0.2, host: a24e47d532a4, networkLocation: /default-rack, certSerialId: null}, Type:RATIS, Factor:ONE, State:ALLOCATED, leaderId:b506507d-933b-4e73-80c6-4b42635da637, CreationTimestamp2020-11-21T01:30:28.591Z] moved to OPEN state
2020-11-21 01:30:31,594 [EventQueue-OpenPipelineForHealthyPipelineSafeModeRule] INFO  safemode.SCMSafeModeManager (HealthyPipelineSafeModeRule.java:process(128)) - SCM in safe mode. Healthy pipelines reported count is 0, required healthy pipeline reported count is 1
2020-11-21 01:30:31,594 [pool-85-thread-1] INFO  server.RaftServerConfigKeys (ConfUtils.java:logGet(44)) - raft.server.log.queue.byte-limit = 2147483647 (custom)
2020-11-21 01:30:31,595 [pool-85-thread-1] INFO  server.RaftServerConfigKeys (ConfUtils.java:logGet(44)) - raft.server.log.queue.element-limit = 1024 (custom)
2020-11-21 01:30:31,596 [pool-85-thread-1] INFO  server.RaftServerConfigKeys (ConfUtils.java:logGet(44)) - raft.server.log.segment.size.max = 1048576 (custom)
2020-11-21 01:30:31,602 [pool-85-thread-1] INFO  server.RaftServerConfigKeys (ConfUtils.java:logGet(44)) - raft.server.log.preallocated.size = 16384 (custom)
2020-11-21 01:30:31,603 [pool-85-thread-1] INFO  server.RaftServerConfigKeys (ConfUtils.java:logGet(44)) - raft.server.log.write.buffer.size = 1048576 (custom)
2020-11-21 01:30:31,603 [pool-85-thread-1] INFO  server.RaftServerConfigKeys (ConfUtils.java:logGet(44)) - raft.server.log.force.sync.num = 128 (default)
2020-11-21 01:30:31,603 [pool-85-thread-1] INFO  server.RaftServerConfigKeys (ConfUtils.java:logGet(44)) - raft.server.log.statemachine.data.sync = true (default)
2020-11-21 01:30:31,603 [pool-85-thread-1] INFO  server.RaftServerConfigKeys (ConfUtils.java:logGet(44)) - raft.server.log.statemachine.data.sync.timeout = 10s (default)
2020-11-21 01:30:31,603 [pool-85-thread-1] INFO  server.RaftServerConfigKeys (ConfUtils.java:logGet(44)) - raft.server.log.statemachine.data.sync.timeout.retry = -1 (default)
2020-11-21 01:30:31,604 [pool-85-thread-1] INFO  server.RaftServerConfigKeys (ConfUtils.java:logGet(44)) - raft.server.log.statemachine.data.caching.enabled = true (custom)
2020-11-21 01:30:31,605 [pool-85-thread-1] INFO  segmented.SegmentedRaftLogWorker (SegmentedRaftLogWorker.java:lambda$new$0(129)) - b506507d-933b-4e73-80c6-4b42635da637@group-90E4E7DFB6EA-SegmentedRaftLogWorker: flushIndex: setUnconditionally 0 -> -1
2020-11-21 01:30:31,606 [pool-85-thread-1] INFO  segmented.SegmentedRaftLogWorker (SegmentedRaftLogWorker.java:lambda$new$0(129)) - b506507d-933b-4e73-80c6-4b42635da637@group-90E4E7DFB6EA-SegmentedRaftLogWorker: safeCacheEvictIndex: setUnconditionally 0 -> -1
2020-11-21 01:30:31,606 [pool-85-thread-1] INFO  server.RaftServerConfigKeys (ConfUtils.java:logGet(44)) - raft.server.snapshot.auto.trigger.enabled = true (custom)
2020-11-21 01:30:31,606 [pool-85-thread-1] INFO  server.RaftServerConfigKeys (ConfUtils.java:logGet(44)) - raft.server.snapshot.auto.trigger.threshold = 10000 (custom)
2020-11-21 01:30:31,606 [pool-85-thread-1] INFO  server.RaftServerConfigKeys (ConfUtils.java:logGet(44)) - raft.server.snapshot.retention.file.num = 5 (custom)
2020-11-21 01:30:31,606 [pool-85-thread-1] INFO  server.RaftServerConfigKeys (ConfUtils.java:logGet(44)) - raft.server.log.purge.upto.snapshot.index = false (default)
2020-11-21 01:30:31,606 [pool-85-thread-1] INFO  server.RaftServerConfigKeys (ConfUtils.java:logGet(44)) - raft.server.retrycache.expirytime = 600000ms (custom)
2020-11-21 01:30:31,606 [pool-85-thread-1] INFO  metrics.RatisMetrics (RatisMetrics.java:lambda$create$0(36)) - Creating Metrics Registry : ratis.leader_election.b506507d-933b-4e73-80c6-4b42635da637@group-90E4E7DFB6EA
2020-11-21 01:30:31,607 [pool-85-thread-1] INFO  metrics.RatisMetrics (RatisMetrics.java:lambda$create$0(36)) - Creating Metrics Registry : ratis.server.b506507d-933b-4e73-80c6-4b42635da637@group-90E4E7DFB6EA
2020-11-21 01:30:31,607 [pool-85-thread-1] INFO  impl.RaftServerImpl (RaftServerImpl.java:start(215)) - b506507d-933b-4e73-80c6-4b42635da637@group-90E4E7DFB6EA: start as a follower, conf=-1: [b506507d-933b-4e73-80c6-4b42635da637|rpc:172.17.0.2:36721], old=null
2020-11-21 01:30:31,607 [pool-85-thread-1] INFO  impl.RaftServerImpl (RaftServerImpl.java:setRole(204)) - b506507d-933b-4e73-80c6-4b42635da637@group-90E4E7DFB6EA: changes role from      null to FOLLOWER at term 0 for startAsFollower
2020-11-21 01:30:31,607 [pool-85-thread-1] INFO  impl.RoleInfo (RoleInfo.java:updateAndGet(143)) - b506507d-933b-4e73-80c6-4b42635da637: start b506507d-933b-4e73-80c6-4b42635da637@group-90E4E7DFB6EA-FollowerState
2020-11-21 01:30:31,614 [pool-85-thread-1] INFO  util.JmxRegister (JmxRegister.java:tryRegister(44)) - Successfully registered JMX Bean with object name Ratis:service=RaftServer,group=group-90E4E7DFB6EA,id=b506507d-933b-4e73-80c6-4b42635da637
2020-11-21 01:30:31,614 [pool-85-thread-1] INFO  metrics.RatisMetrics (RatisMetrics.java:lambda$create$0(36)) - Creating Metrics Registry : ratis.state_machine.b506507d-933b-4e73-80c6-4b42635da637@group-90E4E7DFB6EA
2020-11-21 01:30:31,615 [Command processor thread] INFO  commandhandler.CreatePipelineCommandHandler (CreatePipelineCommandHandler.java:handle(106)) - Created Pipeline RATIS ONE PipelineID=850b6614-fa1a-4f00-8782-90e4e7dfb6ea.
2020-11-21 01:30:31,846 [Listener at 127.0.0.1/13684] INFO  ozone.MiniOzoneClusterImpl (MiniOzoneClusterImpl.java:lambda$waitForClusterToBeReady$0(178)) - Nodes are ready. Got 3 of 3 DN Heartbeats.
2020-11-21 01:30:31,847 [Listener at 127.0.0.1/13684] INFO  ozone.MiniOzoneClusterImpl (MiniOzoneClusterImpl.java:lambda$waitForClusterToBeReady$0(181)) - Waiting for cluster to exit safe mode
2020-11-21 01:30:31,854 [Command processor thread] INFO  impl.RaftServerProxy (RaftServerProxy.java:addNew(93)) - e1eaea66-1c02-4714-ba01-25fa84b9c758: addNew group-8631DB9619D8:[e1eaea66-1c02-4714-ba01-25fa84b9c758|rpc:172.17.0.2:34847] returns group-8631DB9619D8:java.util.concurrent.CompletableFuture@2ee8f427[Not completed]
2020-11-21 01:30:31,856 [pool-101-thread-1] INFO  impl.RaftServerImpl (RaftServerImpl.java:<init>(121)) - e1eaea66-1c02-4714-ba01-25fa84b9c758: new RaftServerImpl for group-8631DB9619D8:[e1eaea66-1c02-4714-ba01-25fa84b9c758|rpc:172.17.0.2:34847] with ContainerStateMachine:uninitialized
2020-11-21 01:30:31,856 [pool-101-thread-1] INFO  server.RaftServerConfigKeys (ConfUtils.java:logGet(44)) - raft.server.rpc.timeout.min = 5s (custom)
2020-11-21 01:30:31,856 [pool-101-thread-1] INFO  server.RaftServerConfigKeys (ConfUtils.java:logGet(44)) - raft.server.rpc.timeout.max = 5200ms (custom)
2020-11-21 01:30:31,856 [pool-101-thread-1] INFO  server.RaftServerConfigKeys (ConfUtils.java:logGet(44)) - raft.server.rpc.slowness.timeout = 300s (custom)
2020-11-21 01:30:31,856 [pool-101-thread-1] INFO  server.RaftServerConfigKeys (ConfUtils.java:logGet(44)) - raft.server.leaderelection.leader.step-down.wait-time = 10s (default)
2020-11-21 01:30:31,856 [pool-101-thread-1] INFO  server.RaftServerConfigKeys (ConfUtils.java:logGet(44)) - raft.server.sleep.deviation.threshold = 300 (default)
2020-11-21 01:30:31,856 [pool-101-thread-1] INFO  server.RaftServerConfigKeys (ConfUtils.java:logGet(44)) - raft.server.log.appender.install.snapshot.enabled = false (custom)
2020-11-21 01:30:31,856 [pool-101-thread-1] INFO  impl.RaftServerImpl (ServerState.java:<init>(104)) - e1eaea66-1c02-4714-ba01-25fa84b9c758@group-8631DB9619D8: ConfigurationManager, init=-1: [e1eaea66-1c02-4714-ba01-25fa84b9c758|rpc:172.17.0.2:34847], old=null, confs=<EMPTY_MAP>
2020-11-21 01:30:31,857 [pool-101-thread-1] INFO  server.RaftServerConfigKeys (ConfUtils.java:logGet(44)) - raft.server.storage.dir = [/github/workspace/mnt/ozone/hadoop-ozone/integration-test/target/test-dir/MiniOzoneClusterImpl-3bf6729e-3927-483b-a5e0-bd83d0682071/datanode-2/data/ratis] (custom)
2020-11-21 01:30:31,857 [pool-101-thread-1] INFO  server.RaftServerConfigKeys (ConfUtils.java:logGet(44)) - raft.server.log.corruption.policy = EXCEPTION (default)
2020-11-21 01:30:31,857 [pool-101-thread-1] INFO  storage.RaftStorageDirectory (RaftStorageDirectory.java:analyzeStorage(261)) - The storage directory /github/workspace/mnt/ozone/hadoop-ozone/integration-test/target/test-dir/MiniOzoneClusterImpl-3bf6729e-3927-483b-a5e0-bd83d0682071/datanode-2/data/ratis/28d656fe-d4b1-4c91-aa1c-8631db9619d8 does not exist. Creating ...
2020-11-21 01:30:31,862 [pool-101-thread-1] INFO  storage.RaftStorageDirectory (RaftStorageDirectory.java:tryLock(343)) - Lock on /github/workspace/mnt/ozone/hadoop-ozone/integration-test/target/test-dir/MiniOzoneClusterImpl-3bf6729e-3927-483b-a5e0-bd83d0682071/datanode-2/data/ratis/28d656fe-d4b1-4c91-aa1c-8631db9619d8/in_use.lock acquired by nodename 21810@a24e47d532a4
2020-11-21 01:30:31,863 [pool-101-thread-1] INFO  storage.RaftStorage (RaftStorage.java:format(85)) - Storage directory /github/workspace/mnt/ozone/hadoop-ozone/integration-test/target/test-dir/MiniOzoneClusterImpl-3bf6729e-3927-483b-a5e0-bd83d0682071/datanode-2/data/ratis/28d656fe-d4b1-4c91-aa1c-8631db9619d8 has been successfully formatted.
2020-11-21 01:30:31,871 [pool-101-thread-1] INFO  ratis.ContainerStateMachine (ContainerStateMachine.java:loadSnapshot(225)) - group-8631DB9619D8: The snapshot info is null. Setting the last applied indexto:(t:0, i:~)
2020-11-21 01:30:31,872 [pool-101-thread-1] INFO  server.RaftServerConfigKeys (ConfUtils.java:logGet(44)) - raft.server.notification.no-leader.timeout = 300s (custom)
2020-11-21 01:30:31,872 [EventQueue-PipelineReportForOneReplicaPipelineSafeModeRule] INFO  safemode.SCMSafeModeManager (SCMSafeModeManager.java:validateSafeModeExitRules(214)) - AtleastOneDatanodeReportedRule rule is successfully validated
2020-11-21 01:30:31,872 [pool-101-thread-1] INFO  server.RaftServerConfigKeys (ConfUtils.java:logGet(44)) - raft.server.log.use.memory = false (default)
2020-11-21 01:30:31,873 [pool-101-thread-1] INFO  server.RaftServerConfigKeys (ConfUtils.java:logGet(44)) - raft.server.log.purge.gap = 1000000 (custom)
2020-11-21 01:30:31,873 [pool-101-thread-1] INFO  metrics.RatisMetrics (RatisMetrics.java:lambda$create$0(36)) - Creating Metrics Registry : ratis.log_worker.e1eaea66-1c02-4714-ba01-25fa84b9c758@group-8631DB9619D8
2020-11-21 01:30:31,873 [pool-101-thread-1] INFO  server.RaftServerConfigKeys (ConfUtils.java:logGet(44)) - raft.server.log.appender.buffer.byte-limit = 33554432 (custom)
2020-11-21 01:30:31,873 [pool-101-thread-1] INFO  server.RaftServerConfigKeys (ConfUtils.java:logGet(44)) - raft.server.log.segment.size.max = 1048576 (custom)
2020-11-21 01:30:31,873 [pool-101-thread-1] INFO  server.RaftServerConfigKeys (ConfUtils.java:logGet(44)) - raft.server.log.segment.cache.num.max = 2 (custom)
2020-11-21 01:30:31,873 [pool-101-thread-1] INFO  segmented.SegmentedRaftLogWorker (SegmentedRaftLogWorker.java:<init>(180)) - new e1eaea66-1c02-4714-ba01-25fa84b9c758@group-8631DB9619D8-SegmentedRaftLogWorker for RaftStorage:Storage Directory /github/workspace/mnt/ozone/hadoop-ozone/integration-test/target/test-dir/MiniOzoneClusterImpl-3bf6729e-3927-483b-a5e0-bd83d0682071/datanode-2/data/ratis/28d656fe-d4b1-4c91-aa1c-8631db9619d8
2020-11-21 01:30:31,873 [pool-101-thread-1] INFO  server.RaftServerConfigKeys (ConfUtils.java:logGet(44)) - raft.server.log.queue.byte-limit = 2147483647 (custom)
2020-11-21 01:30:31,873 [pool-101-thread-1] INFO  server.RaftServerConfigKeys (ConfUtils.java:logGet(44)) - raft.server.log.queue.element-limit = 1024 (custom)
2020-11-21 01:30:31,874 [pool-101-thread-1] INFO  server.RaftServerConfigKeys (ConfUtils.java:logGet(44)) - raft.server.log.segment.size.max = 1048576 (custom)
2020-11-21 01:30:31,874 [pool-101-thread-1] INFO  server.RaftServerConfigKeys (ConfUtils.java:logGet(44)) - raft.server.log.preallocated.size = 16384 (custom)
2020-11-21 01:30:31,874 [pool-101-thread-1] INFO  server.RaftServerConfigKeys (ConfUtils.java:logGet(44)) - raft.server.log.write.buffer.size = 1048576 (custom)
2020-11-21 01:30:31,874 [pool-101-thread-1] INFO  server.RaftServerConfigKeys (ConfUtils.java:logGet(44)) - raft.server.log.force.sync.num = 128 (default)
2020-11-21 01:30:31,874 [pool-101-thread-1] INFO  server.RaftServerConfigKeys (ConfUtils.java:logGet(44)) - raft.server.log.statemachine.data.sync = true (default)
2020-11-21 01:30:31,874 [pool-101-thread-1] INFO  server.RaftServerConfigKeys (ConfUtils.java:logGet(44)) - raft.server.log.statemachine.data.sync.timeout = 10s (default)
2020-11-21 01:30:31,874 [pool-101-thread-1] INFO  server.RaftServerConfigKeys (ConfUtils.java:logGet(44)) - raft.server.log.statemachine.data.sync.timeout.retry = -1 (default)
2020-11-21 01:30:31,874 [EventQueue-PipelineReportForPipelineReportHandler] INFO  pipeline.PipelineStateManager (PipelineStateManager.java:openPipeline(132)) - Pipeline Pipeline[ Id: 28d656fe-d4b1-4c91-aa1c-8631db9619d8, Nodes: e1eaea66-1c02-4714-ba01-25fa84b9c758{ip: 172.17.0.2, host: a24e47d532a4, networkLocation: /default-rack, certSerialId: null}, Type:RATIS, Factor:ONE, State:ALLOCATED, leaderId:e1eaea66-1c02-4714-ba01-25fa84b9c758, CreationTimestamp2020-11-21T01:30:28.859Z] moved to OPEN state
2020-11-21 01:30:31,875 [EventQueue-OpenPipelineForHealthyPipelineSafeModeRule] INFO  safemode.SCMSafeModeManager (HealthyPipelineSafeModeRule.java:process(128)) - SCM in safe mode. Healthy pipelines reported count is 0, required healthy pipeline reported count is 1
2020-11-21 01:30:31,882 [pool-101-thread-1] INFO  server.RaftServerConfigKeys (ConfUtils.java:logGet(44)) - raft.server.log.statemachine.data.caching.enabled = true (custom)
2020-11-21 01:30:31,883 [pool-101-thread-1] INFO  segmented.SegmentedRaftLogWorker (SegmentedRaftLogWorker.java:lambda$new$0(129)) - e1eaea66-1c02-4714-ba01-25fa84b9c758@group-8631DB9619D8-SegmentedRaftLogWorker: flushIndex: setUnconditionally 0 -> -1
2020-11-21 01:30:31,883 [pool-101-thread-1] INFO  segmented.SegmentedRaftLogWorker (SegmentedRaftLogWorker.java:lambda$new$0(129)) - e1eaea66-1c02-4714-ba01-25fa84b9c758@group-8631DB9619D8-SegmentedRaftLogWorker: safeCacheEvictIndex: setUnconditionally 0 -> -1
2020-11-21 01:30:31,883 [pool-101-thread-1] INFO  server.RaftServerConfigKeys (ConfUtils.java:logGet(44)) - raft.server.snapshot.auto.trigger.enabled = true (custom)
2020-11-21 01:30:31,883 [pool-101-thread-1] INFO  server.RaftServerConfigKeys (ConfUtils.java:logGet(44)) - raft.server.snapshot.auto.trigger.threshold = 10000 (custom)
2020-11-21 01:30:31,883 [pool-101-thread-1] INFO  server.RaftServerConfigKeys (ConfUtils.java:logGet(44)) - raft.server.snapshot.retention.file.num = 5 (custom)
2020-11-21 01:30:31,883 [pool-101-thread-1] INFO  server.RaftServerConfigKeys (ConfUtils.java:logGet(44)) - raft.server.log.purge.upto.snapshot.index = false (default)
2020-11-21 01:30:31,883 [pool-101-thread-1] INFO  server.RaftServerConfigKeys (ConfUtils.java:logGet(44)) - raft.server.retrycache.expirytime = 600000ms (custom)
2020-11-21 01:30:31,883 [pool-101-thread-1] INFO  metrics.RatisMetrics (RatisMetrics.java:lambda$create$0(36)) - Creating Metrics Registry : ratis.leader_election.e1eaea66-1c02-4714-ba01-25fa84b9c758@group-8631DB9619D8
2020-11-21 01:30:31,884 [pool-101-thread-1] INFO  metrics.RatisMetrics (RatisMetrics.java:lambda$create$0(36)) - Creating Metrics Registry : ratis.server.e1eaea66-1c02-4714-ba01-25fa84b9c758@group-8631DB9619D8
2020-11-21 01:30:31,884 [pool-101-thread-1] INFO  impl.RaftServerImpl (RaftServerImpl.java:start(215)) - e1eaea66-1c02-4714-ba01-25fa84b9c758@group-8631DB9619D8: start as a follower, conf=-1: [e1eaea66-1c02-4714-ba01-25fa84b9c758|rpc:172.17.0.2:34847], old=null
2020-11-21 01:30:31,884 [pool-101-thread-1] INFO  impl.RaftServerImpl (RaftServerImpl.java:setRole(204)) - e1eaea66-1c02-4714-ba01-25fa84b9c758@group-8631DB9619D8: changes role from      null to FOLLOWER at term 0 for startAsFollower
2020-11-21 01:30:31,884 [pool-101-thread-1] INFO  impl.RoleInfo (RoleInfo.java:updateAndGet(143)) - e1eaea66-1c02-4714-ba01-25fa84b9c758: start e1eaea66-1c02-4714-ba01-25fa84b9c758@group-8631DB9619D8-FollowerState
2020-11-21 01:30:31,890 [pool-101-thread-1] INFO  util.JmxRegister (JmxRegister.java:tryRegister(44)) - Successfully registered JMX Bean with object name Ratis:service=RaftServer,group=group-8631DB9619D8,id=e1eaea66-1c02-4714-ba01-25fa84b9c758
2020-11-21 01:30:31,890 [pool-101-thread-1] INFO  metrics.RatisMetrics (RatisMetrics.java:lambda$create$0(36)) - Creating Metrics Registry : ratis.state_machine.e1eaea66-1c02-4714-ba01-25fa84b9c758@group-8631DB9619D8
2020-11-21 01:30:31,891 [Command processor thread] INFO  commandhandler.CreatePipelineCommandHandler (CreatePipelineCommandHandler.java:handle(106)) - Created Pipeline RATIS ONE PipelineID=28d656fe-d4b1-4c91-aa1c-8631db9619d8.
2020-11-21 01:30:32,847 [Listener at 127.0.0.1/13684] INFO  ozone.MiniOzoneClusterImpl (MiniOzoneClusterImpl.java:lambda$waitForClusterToBeReady$0(178)) - Nodes are ready. Got 3 of 3 DN Heartbeats.
2020-11-21 01:30:32,847 [Listener at 127.0.0.1/13684] INFO  ozone.MiniOzoneClusterImpl (MiniOzoneClusterImpl.java:lambda$waitForClusterToBeReady$0(181)) - Waiting for cluster to exit safe mode
2020-11-21 01:30:33,848 [Listener at 127.0.0.1/13684] INFO  ozone.MiniOzoneClusterImpl (MiniOzoneClusterImpl.java:lambda$waitForClusterToBeReady$0(178)) - Nodes are ready. Got 3 of 3 DN Heartbeats.
2020-11-21 01:30:33,848 [Listener at 127.0.0.1/13684] INFO  ozone.MiniOzoneClusterImpl (MiniOzoneClusterImpl.java:lambda$waitForClusterToBeReady$0(181)) - Waiting for cluster to exit safe mode
2020-11-21 01:30:34,848 [Listener at 127.0.0.1/13684] INFO  ozone.MiniOzoneClusterImpl (MiniOzoneClusterImpl.java:lambda$waitForClusterToBeReady$0(178)) - Nodes are ready. Got 3 of 3 DN Heartbeats.
2020-11-21 01:30:34,849 [Listener at 127.0.0.1/13684] INFO  ozone.MiniOzoneClusterImpl (MiniOzoneClusterImpl.java:lambda$waitForClusterToBeReady$0(181)) - Waiting for cluster to exit safe mode
2020-11-21 01:30:35,849 [Listener at 127.0.0.1/13684] INFO  ozone.MiniOzoneClusterImpl (MiniOzoneClusterImpl.java:lambda$waitForClusterToBeReady$0(178)) - Nodes are ready. Got 3 of 3 DN Heartbeats.
2020-11-21 01:30:35,849 [org.apache.ratis.server.JvmPauseMonitor@6d57e0d4-Monitor] WARN  server.JvmPauseMonitor (JvmPauseMonitor.java:run(141)) - Detected pause in JVM or host machine (eg GC): pause of approximately 4ms
GC pool 'PS MarkSweep' had collection(s): count=1 time=115ms
GC pool 'PS Scavenge' had collection(s): count=2 time=47ms
2020-11-21 01:30:35,849 [Listener at 127.0.0.1/13684] INFO  ozone.MiniOzoneClusterImpl (MiniOzoneClusterImpl.java:lambda$waitForClusterToBeReady$0(181)) - Waiting for cluster to exit safe mode
2020-11-21 01:30:36,230 [Thread-308] INFO  impl.FollowerState (FollowerState.java:run(128)) - d9b4e736-fd5b-4d57-a928-7527d234cae6@group-AD62D92DEFA4-FollowerState: change to CANDIDATE, lastRpcTime:5054ms, electionTimeout:5047ms
2020-11-21 01:30:36,230 [Thread-308] INFO  impl.RoleInfo (RoleInfo.java:shutdownFollowerState(121)) - d9b4e736-fd5b-4d57-a928-7527d234cae6: shutdown d9b4e736-fd5b-4d57-a928-7527d234cae6@group-AD62D92DEFA4-FollowerState
2020-11-21 01:30:36,230 [Thread-308] INFO  impl.RaftServerImpl (RaftServerImpl.java:setRole(204)) - d9b4e736-fd5b-4d57-a928-7527d234cae6@group-AD62D92DEFA4: changes role from  FOLLOWER to CANDIDATE at term 0 for changeToCandidate
2020-11-21 01:30:36,230 [Thread-308] INFO  impl.RoleInfo (RoleInfo.java:updateAndGet(143)) - d9b4e736-fd5b-4d57-a928-7527d234cae6: start d9b4e736-fd5b-4d57-a928-7527d234cae6@group-AD62D92DEFA4-LeaderElection5
2020-11-21 01:30:36,234 [d9b4e736-fd5b-4d57-a928-7527d234cae6@group-AD62D92DEFA4-LeaderElection5] INFO  impl.LeaderElection (LeaderElection.java:askForVotes(215)) - d9b4e736-fd5b-4d57-a928-7527d234cae6@group-AD62D92DEFA4-LeaderElection5: begin an election at term 1 for -1: [d9b4e736-fd5b-4d57-a928-7527d234cae6|rpc:172.17.0.2:42781, b506507d-933b-4e73-80c6-4b42635da637|rpc:172.17.0.2:36721, e1eaea66-1c02-4714-ba01-25fa84b9c758|rpc:172.17.0.2:34847], old=null
2020-11-21 01:30:36,248 [grpc-default-executor-1] INFO  impl.RaftServerImpl (RaftServerImpl.java:setRole(204)) - b506507d-933b-4e73-80c6-4b42635da637@group-AD62D92DEFA4: changes role from  FOLLOWER to FOLLOWER at term 1 for recognizeCandidate:d9b4e736-fd5b-4d57-a928-7527d234cae6
2020-11-21 01:30:36,248 [grpc-default-executor-1] INFO  impl.RoleInfo (RoleInfo.java:shutdownFollowerState(121)) - b506507d-933b-4e73-80c6-4b42635da637: shutdown b506507d-933b-4e73-80c6-4b42635da637@group-AD62D92DEFA4-FollowerState
2020-11-21 01:30:36,248 [grpc-default-executor-1] INFO  impl.RoleInfo (RoleInfo.java:updateAndGet(143)) - b506507d-933b-4e73-80c6-4b42635da637: start b506507d-933b-4e73-80c6-4b42635da637@group-AD62D92DEFA4-FollowerState
2020-11-21 01:30:36,249 [Thread-316] INFO  impl.FollowerState (FollowerState.java:run(137)) - b506507d-933b-4e73-80c6-4b42635da637@group-AD62D92DEFA4-FollowerState was interrupted: {}
java.lang.InterruptedException: sleep interrupted
	at java.lang.Thread.sleep(Native Method)
	at org.apache.ratis.util.JavaUtils.sleep(JavaUtils.java:250)
	at org.apache.ratis.server.impl.FollowerState.run(FollowerState.java:116)
2020-11-21 01:30:36,252 [grpc-default-executor-1] INFO  impl.RaftServerImpl (RaftServerImpl.java:requestVote(963)) -  FOLLOWER b506507d-933b-4e73-80c6-4b42635da637@group-AD62D92DEFA4:t1, leader=null, voted=null, raftlog=b506507d-933b-4e73-80c6-4b42635da637@group-AD62D92DEFA4-SegmentedRaftLog:OPENED:c-1,f-1,i0, conf=-1: [d9b4e736-fd5b-4d57-a928-7527d234cae6|rpc:172.17.0.2:42781|dataStream:, b506507d-933b-4e73-80c6-4b42635da637|rpc:172.17.0.2:36721|dataStream:, e1eaea66-1c02-4714-ba01-25fa84b9c758|rpc:172.17.0.2:34847|dataStream:], old=null RUNNING priority:0 candidate:d9b4e736-fd5b-4d57-a928-7527d234cae6|rpc:172.17.0.2:42781|dataStream: candidatePriority:0 compare:0
2020-11-21 01:30:36,262 [grpc-default-executor-4] INFO  impl.RaftServerImpl (RaftServerImpl.java:setRole(204)) - e1eaea66-1c02-4714-ba01-25fa84b9c758@group-AD62D92DEFA4: changes role from  FOLLOWER to FOLLOWER at term 1 for recognizeCandidate:d9b4e736-fd5b-4d57-a928-7527d234cae6
2020-11-21 01:30:36,263 [grpc-default-executor-4] INFO  impl.RoleInfo (RoleInfo.java:shutdownFollowerState(121)) - e1eaea66-1c02-4714-ba01-25fa84b9c758: shutdown e1eaea66-1c02-4714-ba01-25fa84b9c758@group-AD62D92DEFA4-FollowerState
2020-11-21 01:30:36,263 [grpc-default-executor-4] INFO  impl.RoleInfo (RoleInfo.java:updateAndGet(143)) - e1eaea66-1c02-4714-ba01-25fa84b9c758: start e1eaea66-1c02-4714-ba01-25fa84b9c758@group-AD62D92DEFA4-FollowerState
2020-11-21 01:30:36,263 [Thread-310] INFO  impl.FollowerState (FollowerState.java:run(137)) - e1eaea66-1c02-4714-ba01-25fa84b9c758@group-AD62D92DEFA4-FollowerState was interrupted: {}
java.lang.InterruptedException: sleep interrupted
	at java.lang.Thread.sleep(Native Method)
	at org.apache.ratis.util.JavaUtils.sleep(JavaUtils.java:250)
	at org.apache.ratis.server.impl.FollowerState.run(FollowerState.java:116)
2020-11-21 01:30:36,263 [d9b4e736-fd5b-4d57-a928-7527d234cae6@group-AD62D92DEFA4-LeaderElection5] INFO  impl.LeaderElection (LeaderElection.java:logAndReturn(65)) - d9b4e736-fd5b-4d57-a928-7527d234cae6@group-AD62D92DEFA4-LeaderElection5: Election PASSED; received 1 response(s) [d9b4e736-fd5b-4d57-a928-7527d234cae6<-b506507d-933b-4e73-80c6-4b42635da637#0:OK-t1] and 0 exception(s); d9b4e736-fd5b-4d57-a928-7527d234cae6@group-AD62D92DEFA4:t1, leader=null, voted=d9b4e736-fd5b-4d57-a928-7527d234cae6, raftlog=d9b4e736-fd5b-4d57-a928-7527d234cae6@group-AD62D92DEFA4-SegmentedRaftLog:OPENED:c-1,f-1,i0, conf=-1: [d9b4e736-fd5b-4d57-a928-7527d234cae6|rpc:172.17.0.2:42781, b506507d-933b-4e73-80c6-4b42635da637|rpc:172.17.0.2:36721, e1eaea66-1c02-4714-ba01-25fa84b9c758|rpc:172.17.0.2:34847], old=null
2020-11-21 01:30:36,263 [grpc-default-executor-4] INFO  impl.RaftServerImpl (RaftServerImpl.java:requestVote(963)) -  FOLLOWER e1eaea66-1c02-4714-ba01-25fa84b9c758@group-AD62D92DEFA4:t1, leader=null, voted=null, raftlog=e1eaea66-1c02-4714-ba01-25fa84b9c758@group-AD62D92DEFA4-SegmentedRaftLog:OPENED:c-1,f-1,i0, conf=-1: [d9b4e736-fd5b-4d57-a928-7527d234cae6|rpc:172.17.0.2:42781|dataStream:, b506507d-933b-4e73-80c6-4b42635da637|rpc:172.17.0.2:36721|dataStream:, e1eaea66-1c02-4714-ba01-25fa84b9c758|rpc:172.17.0.2:34847|dataStream:], old=null RUNNING priority:0 candidate:d9b4e736-fd5b-4d57-a928-7527d234cae6|rpc:172.17.0.2:42781|dataStream: candidatePriority:0 compare:0
2020-11-21 01:30:36,265 [d9b4e736-fd5b-4d57-a928-7527d234cae6@group-AD62D92DEFA4-LeaderElection5] INFO  impl.RoleInfo (RoleInfo.java:shutdownLeaderElection(134)) - d9b4e736-fd5b-4d57-a928-7527d234cae6: shutdown d9b4e736-fd5b-4d57-a928-7527d234cae6@group-AD62D92DEFA4-LeaderElection5
2020-11-21 01:30:36,266 [d9b4e736-fd5b-4d57-a928-7527d234cae6@group-AD62D92DEFA4-LeaderElection5] INFO  impl.RaftServerImpl (RaftServerImpl.java:setRole(204)) - d9b4e736-fd5b-4d57-a928-7527d234cae6@group-AD62D92DEFA4: changes role from CANDIDATE to LEADER at term 1 for changeToLeader
2020-11-21 01:30:36,266 [d9b4e736-fd5b-4d57-a928-7527d234cae6@group-AD62D92DEFA4-LeaderElection5] INFO  ratis.XceiverServerRatis (XceiverServerRatis.java:handleLeaderChangedNotification(854)) - Leader change notification received for group: group-AD62D92DEFA4 with new leaderId: d9b4e736-fd5b-4d57-a928-7527d234cae6
2020-11-21 01:30:36,266 [d9b4e736-fd5b-4d57-a928-7527d234cae6@group-AD62D92DEFA4-LeaderElection5] INFO  impl.RaftServerImpl (ServerState.java:setLeader(256)) - d9b4e736-fd5b-4d57-a928-7527d234cae6@group-AD62D92DEFA4: change Leader from null to d9b4e736-fd5b-4d57-a928-7527d234cae6 at term 1 for becomeLeader, leader elected after 5105ms
2020-11-21 01:30:36,266 [d9b4e736-fd5b-4d57-a928-7527d234cae6@group-AD62D92DEFA4-LeaderElection5] INFO  server.RaftServerConfigKeys (ConfUtils.java:logGet(44)) - raft.server.staging.catchup.gap = 1000 (default)
2020-11-21 01:30:36,266 [d9b4e736-fd5b-4d57-a928-7527d234cae6@group-AD62D92DEFA4-LeaderElection5] INFO  server.RaftServerConfigKeys (ConfUtils.java:logGet(44)) - raft.server.rpc.sleep.time = 25ms (default)
2020-11-21 01:30:36,267 [d9b4e736-fd5b-4d57-a928-7527d234cae6@group-AD62D92DEFA4-LeaderElection5] INFO  metrics.RatisMetrics (RatisMetrics.java:lambda$create$0(36)) - Creating Metrics Registry : ratis.log_appender.d9b4e736-fd5b-4d57-a928-7527d234cae6@group-AD62D92DEFA4
2020-11-21 01:30:36,267 [d9b4e736-fd5b-4d57-a928-7527d234cae6@group-AD62D92DEFA4-LeaderElection5] INFO  server.RaftServerConfigKeys (ConfUtils.java:logGet(44)) - raft.server.write.element-limit = 1024 (custom)
2020-11-21 01:30:36,267 [d9b4e736-fd5b-4d57-a928-7527d234cae6@group-AD62D92DEFA4-LeaderElection5] INFO  server.RaftServerConfigKeys (ConfUtils.java:logGet(44)) - raft.server.write.byte-limit = 1073741824 (custom)
2020-11-21 01:30:36,267 [d9b4e736-fd5b-4d57-a928-7527d234cae6@group-AD62D92DEFA4-LeaderElection5] INFO  server.RaftServerConfigKeys (ConfUtils.java:logGet(44)) - raft.server.watch.timeout = 180s (custom)
2020-11-21 01:30:36,267 [d9b4e736-fd5b-4d57-a928-7527d234cae6@group-AD62D92DEFA4-LeaderElection5] INFO  server.RaftServerConfigKeys (ConfUtils.java:logGet(44)) - raft.server.watch.timeout.denomination = 1s (default)
2020-11-21 01:30:36,267 [d9b4e736-fd5b-4d57-a928-7527d234cae6@group-AD62D92DEFA4-LeaderElection5] INFO  server.RaftServerConfigKeys (ConfUtils.java:logGet(44)) - raft.server.watch.element-limit = 65536 (default)
2020-11-21 01:30:36,267 [d9b4e736-fd5b-4d57-a928-7527d234cae6@group-AD62D92DEFA4-LeaderElection5] INFO  server.RaftServerConfigKeys (ConfUtils.java:logGet(44)) - raft.server.log.appender.snapshot.chunk.size.max = 16MB (=16777216) (default)
2020-11-21 01:30:36,268 [d9b4e736-fd5b-4d57-a928-7527d234cae6@group-AD62D92DEFA4-LeaderElection5] INFO  server.RaftServerConfigKeys (ConfUtils.java:logGet(44)) - raft.server.log.appender.buffer.byte-limit = 33554432 (custom)
2020-11-21 01:30:36,268 [d9b4e736-fd5b-4d57-a928-7527d234cae6@group-AD62D92DEFA4-LeaderElection5] INFO  server.RaftServerConfigKeys (ConfUtils.java:logGet(44)) - raft.server.log.appender.buffer.element-limit = 1 (custom)
2020-11-21 01:30:36,268 [d9b4e736-fd5b-4d57-a928-7527d234cae6@group-AD62D92DEFA4-LeaderElection5] INFO  grpc.GrpcConfigKeys (ConfUtils.java:logGet(44)) - raft.grpc.server.leader.outstanding.appends.max = 128 (default)
2020-11-21 01:30:36,268 [d9b4e736-fd5b-4d57-a928-7527d234cae6@group-AD62D92DEFA4-LeaderElection5] INFO  server.RaftServerConfigKeys (ConfUtils.java:logGet(44)) - raft.server.rpc.request.timeout = 60s (custom)
2020-11-21 01:30:36,268 [d9b4e736-fd5b-4d57-a928-7527d234cae6@group-AD62D92DEFA4-LeaderElection5] INFO  server.RaftServerConfigKeys (ConfUtils.java:logGet(44)) - raft.server.log.appender.install.snapshot.enabled = false (custom)
2020-11-21 01:30:36,268 [d9b4e736-fd5b-4d57-a928-7527d234cae6@group-AD62D92DEFA4-LeaderElection5] INFO  metrics.RatisMetrics (RatisMetrics.java:lambda$create$0(36)) - Creating Metrics Registry : ratis_grpc.log_appender.d9b4e736-fd5b-4d57-a928-7527d234cae6@group-AD62D92DEFA4
2020-11-21 01:30:36,269 [d9b4e736-fd5b-4d57-a928-7527d234cae6@group-AD62D92DEFA4-LeaderElection5] INFO  server.RaftServerConfigKeys (ConfUtils.java:logGet(44)) - raft.server.log.appender.snapshot.chunk.size.max = 16MB (=16777216) (default)
2020-11-21 01:30:36,269 [d9b4e736-fd5b-4d57-a928-7527d234cae6@group-AD62D92DEFA4-LeaderElection5] INFO  server.RaftServerConfigKeys (ConfUtils.java:logGet(44)) - raft.server.log.appender.buffer.byte-limit = 33554432 (custom)
2020-11-21 01:30:36,270 [d9b4e736-fd5b-4d57-a928-7527d234cae6@group-AD62D92DEFA4-LeaderElection5] INFO  server.RaftServerConfigKeys (ConfUtils.java:logGet(44)) - raft.server.log.appender.buffer.element-limit = 1 (custom)
2020-11-21 01:30:36,270 [d9b4e736-fd5b-4d57-a928-7527d234cae6@group-AD62D92DEFA4-LeaderElection5] INFO  grpc.GrpcConfigKeys (ConfUtils.java:logGet(44)) - raft.grpc.server.leader.outstanding.appends.max = 128 (default)
2020-11-21 01:30:36,270 [d9b4e736-fd5b-4d57-a928-7527d234cae6@group-AD62D92DEFA4-LeaderElection5] INFO  server.RaftServerConfigKeys (ConfUtils.java:logGet(44)) - raft.server.rpc.request.timeout = 60s (custom)
2020-11-21 01:30:36,270 [d9b4e736-fd5b-4d57-a928-7527d234cae6@group-AD62D92DEFA4-LeaderElection5] INFO  server.RaftServerConfigKeys (ConfUtils.java:logGet(44)) - raft.server.log.appender.install.snapshot.enabled = false (custom)
2020-11-21 01:30:36,272 [d9b4e736-fd5b-4d57-a928-7527d234cae6@group-AD62D92DEFA4-LeaderElection5] INFO  impl.RoleInfo (RoleInfo.java:updateAndGet(143)) - d9b4e736-fd5b-4d57-a928-7527d234cae6: start d9b4e736-fd5b-4d57-a928-7527d234cae6@group-AD62D92DEFA4-LeaderState
2020-11-21 01:30:36,272 [d9b4e736-fd5b-4d57-a928-7527d234cae6@group-AD62D92DEFA4-LeaderElection5] INFO  segmented.SegmentedRaftLogWorker (SegmentedRaftLogWorker.java:startLogSegment(398)) - d9b4e736-fd5b-4d57-a928-7527d234cae6@group-AD62D92DEFA4-SegmentedRaftLogWorker: Starting segment from index:0
2020-11-21 01:30:36,274 [EventQueue-PipelineReportForPipelineReportHandler] INFO  pipeline.PipelineStateManager (PipelineStateManager.java:openPipeline(132)) - Pipeline Pipeline[ Id: f81c7983-3eee-4a3e-9121-ad62d92defa4, Nodes: e1eaea66-1c02-4714-ba01-25fa84b9c758{ip: 172.17.0.2, host: a24e47d532a4, networkLocation: /default-rack, certSerialId: null}d9b4e736-fd5b-4d57-a928-7527d234cae6{ip: 172.17.0.2, host: a24e47d532a4, networkLocation: /default-rack, certSerialId: null}b506507d-933b-4e73-80c6-4b42635da637{ip: 172.17.0.2, host: a24e47d532a4, networkLocation: /default-rack, certSerialId: null}, Type:RATIS, Factor:THREE, State:ALLOCATED, leaderId:d9b4e736-fd5b-4d57-a928-7527d234cae6, CreationTimestamp2020-11-21T01:30:28.862Z] moved to OPEN state
2020-11-21 01:30:36,275 [EventQueue-OpenPipelineForHealthyPipelineSafeModeRule] INFO  safemode.SCMSafeModeManager (HealthyPipelineSafeModeRule.java:process(128)) - SCM in safe mode. Healthy pipelines reported count is 1, required healthy pipeline reported count is 1
2020-11-21 01:30:36,274 [EventQueue-PipelineReportForOneReplicaPipelineSafeModeRule] INFO  safemode.SCMSafeModeManager (SCMSafeModeManager.java:validateSafeModeExitRules(214)) - AtleastOneDatanodeReportedRule rule is successfully validated
2020-11-21 01:30:36,276 [d9b4e736-fd5b-4d57-a928-7527d234cae6@group-AD62D92DEFA4-SegmentedRaftLogWorker] INFO  segmented.SegmentedRaftLogWorker (SegmentedRaftLogWorker.java:execute(597)) - d9b4e736-fd5b-4d57-a928-7527d234cae6@group-AD62D92DEFA4-SegmentedRaftLogWorker: created new log segment /github/workspace/mnt/ozone/hadoop-ozone/integration-test/target/test-dir/MiniOzoneClusterImpl-3bf6729e-3927-483b-a5e0-bd83d0682071/datanode-0/data/ratis/f81c7983-3eee-4a3e-9121-ad62d92defa4/current/log_inprogress_0
2020-11-21 01:30:36,276 [EventQueue-OpenPipelineForHealthyPipelineSafeModeRule] INFO  safemode.SCMSafeModeManager (SCMSafeModeManager.java:validateSafeModeExitRules(214)) - HealthyPipelineSafeModeRule rule is successfully validated
2020-11-21 01:30:36,276 [EventQueue-OpenPipelineForHealthyPipelineSafeModeRule] INFO  safemode.SCMSafeModeManager (SCMSafeModeManager.java:validateSafeModeExitRules(228)) - ScmSafeModeManager, all rules are successfully validated
2020-11-21 01:30:36,276 [EventQueue-OpenPipelineForHealthyPipelineSafeModeRule] INFO  safemode.SCMSafeModeManager (SCMSafeModeManager.java:exitSafeMode(257)) - SCM exiting safe mode.
2020-11-21 01:30:36,279 [Thread-305] INFO  impl.FollowerState (FollowerState.java:run(128)) - d9b4e736-fd5b-4d57-a928-7527d234cae6@group-64A3D7461214-FollowerState: change to CANDIDATE, lastRpcTime:5185ms, electionTimeout:5175ms
2020-11-21 01:30:36,279 [Thread-305] INFO  impl.RoleInfo (RoleInfo.java:shutdownFollowerState(121)) - d9b4e736-fd5b-4d57-a928-7527d234cae6: shutdown d9b4e736-fd5b-4d57-a928-7527d234cae6@group-64A3D7461214-FollowerState
2020-11-21 01:30:36,279 [Thread-305] INFO  impl.RaftServerImpl (RaftServerImpl.java:setRole(204)) - d9b4e736-fd5b-4d57-a928-7527d234cae6@group-64A3D7461214: changes role from  FOLLOWER to CANDIDATE at term 0 for changeToCandidate
2020-11-21 01:30:36,281 [d9b4e736-fd5b-4d57-a928-7527d234cae6@group-AD62D92DEFA4-LeaderElection5] INFO  impl.RaftServerImpl (ServerState.java:setRaftConf(374)) - d9b4e736-fd5b-4d57-a928-7527d234cae6@group-AD62D92DEFA4: set configuration 0: [d9b4e736-fd5b-4d57-a928-7527d234cae6|rpc:172.17.0.2:42781|dataStream:, b506507d-933b-4e73-80c6-4b42635da637|rpc:172.17.0.2:36721|dataStream:, e1eaea66-1c02-4714-ba01-25fa84b9c758|rpc:172.17.0.2:34847|dataStream:], old=null at 0
2020-11-21 01:30:36,282 [Thread-305] INFO  impl.RoleInfo (RoleInfo.java:updateAndGet(143)) - d9b4e736-fd5b-4d57-a928-7527d234cae6: start d9b4e736-fd5b-4d57-a928-7527d234cae6@group-64A3D7461214-LeaderElection6
2020-11-21 01:30:36,297 [d9b4e736-fd5b-4d57-a928-7527d234cae6@group-64A3D7461214-LeaderElection6] INFO  impl.LeaderElection (LeaderElection.java:askForVotes(215)) - d9b4e736-fd5b-4d57-a928-7527d234cae6@group-64A3D7461214-LeaderElection6: begin an election at term 1 for -1: [d9b4e736-fd5b-4d57-a928-7527d234cae6|rpc:172.17.0.2:42781], old=null
2020-11-21 01:30:36,297 [d9b4e736-fd5b-4d57-a928-7527d234cae6@group-64A3D7461214-LeaderElection6] INFO  impl.RoleInfo (RoleInfo.java:shutdownLeaderElection(134)) - d9b4e736-fd5b-4d57-a928-7527d234cae6: shutdown d9b4e736-fd5b-4d57-a928-7527d234cae6@group-64A3D7461214-LeaderElection6
2020-11-21 01:30:36,297 [d9b4e736-fd5b-4d57-a928-7527d234cae6@group-64A3D7461214-LeaderElection6] INFO  impl.RaftServerImpl (RaftServerImpl.java:setRole(204)) - d9b4e736-fd5b-4d57-a928-7527d234cae6@group-64A3D7461214: changes role from CANDIDATE to LEADER at term 1 for changeToLeader
2020-11-21 01:30:36,297 [d9b4e736-fd5b-4d57-a928-7527d234cae6@group-64A3D7461214-LeaderElection6] INFO  ratis.XceiverServerRatis (XceiverServerRatis.java:handleLeaderChangedNotification(854)) - Leader change notification received for group: group-64A3D7461214 with new leaderId: d9b4e736-fd5b-4d57-a928-7527d234cae6
2020-11-21 01:30:36,298 [grpc-default-executor-1] INFO  ratis.XceiverServerRatis (XceiverServerRatis.java:handleLeaderChangedNotification(854)) - Leader change notification received for group: group-AD62D92DEFA4 with new leaderId: d9b4e736-fd5b-4d57-a928-7527d234cae6
2020-11-21 01:30:36,298 [grpc-default-executor-1] INFO  impl.RaftServerImpl (ServerState.java:setLeader(256)) - e1eaea66-1c02-4714-ba01-25fa84b9c758@group-AD62D92DEFA4: change Leader from null to d9b4e736-fd5b-4d57-a928-7527d234cae6 at term 1 for appendEntries, leader elected after 5053ms
2020-11-21 01:30:36,298 [d9b4e736-fd5b-4d57-a928-7527d234cae6@group-64A3D7461214-LeaderElection6] INFO  impl.RaftServerImpl (ServerState.java:setLeader(256)) - d9b4e736-fd5b-4d57-a928-7527d234cae6@group-64A3D7461214: change Leader from null to d9b4e736-fd5b-4d57-a928-7527d234cae6 at term 1 for becomeLeader, leader elected after 5225ms
2020-11-21 01:30:36,298 [d9b4e736-fd5b-4d57-a928-7527d234cae6@group-64A3D7461214-LeaderElection6] INFO  server.RaftServerConfigKeys (ConfUtils.java:logGet(44)) - raft.server.staging.catchup.gap = 1000 (default)
2020-11-21 01:30:36,299 [d9b4e736-fd5b-4d57-a928-7527d234cae6@group-64A3D7461214-LeaderElection6] INFO  server.RaftServerConfigKeys (ConfUtils.java:logGet(44)) - raft.server.rpc.sleep.time = 25ms (default)
2020-11-21 01:30:36,299 [d9b4e736-fd5b-4d57-a928-7527d234cae6@group-64A3D7461214-LeaderElection6] INFO  metrics.RatisMetrics (RatisMetrics.java:lambda$create$0(36)) - Creating Metrics Registry : ratis.log_appender.d9b4e736-fd5b-4d57-a928-7527d234cae6@group-64A3D7461214
2020-11-21 01:30:36,299 [d9b4e736-fd5b-4d57-a928-7527d234cae6@group-64A3D7461214-LeaderElection6] INFO  server.RaftServerConfigKeys (ConfUtils.java:logGet(44)) - raft.server.write.element-limit = 1024 (custom)
2020-11-21 01:30:36,299 [d9b4e736-fd5b-4d57-a928-7527d234cae6@group-64A3D7461214-LeaderElection6] INFO  server.RaftServerConfigKeys (ConfUtils.java:logGet(44)) - raft.server.write.byte-limit = 1073741824 (custom)
2020-11-21 01:30:36,300 [d9b4e736-fd5b-4d57-a928-7527d234cae6@group-64A3D7461214-LeaderElection6] INFO  server.RaftServerConfigKeys (ConfUtils.java:logGet(44)) - raft.server.watch.timeout = 180s (custom)
2020-11-21 01:30:36,300 [d9b4e736-fd5b-4d57-a928-7527d234cae6@group-64A3D7461214-LeaderElection6] INFO  server.RaftServerConfigKeys (ConfUtils.java:logGet(44)) - raft.server.watch.timeout.denomination = 1s (default)
2020-11-21 01:30:36,300 [d9b4e736-fd5b-4d57-a928-7527d234cae6@group-64A3D7461214-LeaderElection6] INFO  server.RaftServerConfigKeys (ConfUtils.java:logGet(44)) - raft.server.watch.element-limit = 65536 (default)
2020-11-21 01:30:36,300 [d9b4e736-fd5b-4d57-a928-7527d234cae6@group-64A3D7461214-LeaderElection6] INFO  impl.RoleInfo (RoleInfo.java:updateAndGet(143)) - d9b4e736-fd5b-4d57-a928-7527d234cae6: start d9b4e736-fd5b-4d57-a928-7527d234cae6@group-64A3D7461214-LeaderState
2020-11-21 01:30:36,300 [d9b4e736-fd5b-4d57-a928-7527d234cae6@group-64A3D7461214-LeaderElection6] INFO  segmented.SegmentedRaftLogWorker (SegmentedRaftLogWorker.java:startLogSegment(398)) - d9b4e736-fd5b-4d57-a928-7527d234cae6@group-64A3D7461214-SegmentedRaftLogWorker: Starting segment from index:0
2020-11-21 01:30:36,302 [grpc-default-executor-1] INFO  impl.RaftServerImpl (ServerState.java:setRaftConf(374)) - e1eaea66-1c02-4714-ba01-25fa84b9c758@group-AD62D92DEFA4: set configuration 0: [d9b4e736-fd5b-4d57-a928-7527d234cae6|rpc:172.17.0.2:42781|dataStream:, b506507d-933b-4e73-80c6-4b42635da637|rpc:172.17.0.2:36721|dataStream:, e1eaea66-1c02-4714-ba01-25fa84b9c758|rpc:172.17.0.2:34847|dataStream:], old=null at 0
2020-11-21 01:30:36,302 [grpc-default-executor-1] INFO  segmented.SegmentedRaftLogWorker (SegmentedRaftLogWorker.java:startLogSegment(398)) - e1eaea66-1c02-4714-ba01-25fa84b9c758@group-AD62D92DEFA4-SegmentedRaftLogWorker: Starting segment from index:0
2020-11-21 01:30:36,302 [d9b4e736-fd5b-4d57-a928-7527d234cae6@group-64A3D7461214-SegmentedRaftLogWorker] INFO  segmented.SegmentedRaftLogWorker (SegmentedRaftLogWorker.java:execute(597)) - d9b4e736-fd5b-4d57-a928-7527d234cae6@group-64A3D7461214-SegmentedRaftLogWorker: created new log segment /github/workspace/mnt/ozone/hadoop-ozone/integration-test/target/test-dir/MiniOzoneClusterImpl-3bf6729e-3927-483b-a5e0-bd83d0682071/datanode-0/data/ratis/abd88625-ea24-47ca-a93c-64a3d7461214/current/log_inprogress_0
2020-11-21 01:30:36,313 [d9b4e736-fd5b-4d57-a928-7527d234cae6@group-64A3D7461214-LeaderElection6] INFO  impl.RaftServerImpl (ServerState.java:setRaftConf(374)) - d9b4e736-fd5b-4d57-a928-7527d234cae6@group-64A3D7461214: set configuration 0: [d9b4e736-fd5b-4d57-a928-7527d234cae6|rpc:172.17.0.2:42781|dataStream:], old=null at 0
2020-11-21 01:30:36,315 [grpc-default-executor-4] INFO  ratis.XceiverServerRatis (XceiverServerRatis.java:handleLeaderChangedNotification(854)) - Leader change notification received for group: group-AD62D92DEFA4 with new leaderId: d9b4e736-fd5b-4d57-a928-7527d234cae6
2020-11-21 01:30:36,315 [grpc-default-executor-4] INFO  impl.RaftServerImpl (ServerState.java:setLeader(256)) - b506507d-933b-4e73-80c6-4b42635da637@group-AD62D92DEFA4: change Leader from null to d9b4e736-fd5b-4d57-a928-7527d234cae6 at term 1 for appendEntries, leader elected after 4994ms
2020-11-21 01:30:36,315 [e1eaea66-1c02-4714-ba01-25fa84b9c758@group-AD62D92DEFA4-SegmentedRaftLogWorker] INFO  segmented.SegmentedRaftLogWorker (SegmentedRaftLogWorker.java:execute(597)) - e1eaea66-1c02-4714-ba01-25fa84b9c758@group-AD62D92DEFA4-SegmentedRaftLogWorker: created new log segment /github/workspace/mnt/ozone/hadoop-ozone/integration-test/target/test-dir/MiniOzoneClusterImpl-3bf6729e-3927-483b-a5e0-bd83d0682071/datanode-2/data/ratis/f81c7983-3eee-4a3e-9121-ad62d92defa4/current/log_inprogress_0
2020-11-21 01:30:36,316 [grpc-default-executor-4] INFO  impl.RaftServerImpl (ServerState.java:setRaftConf(374)) - b506507d-933b-4e73-80c6-4b42635da637@group-AD62D92DEFA4: set configuration 0: [d9b4e736-fd5b-4d57-a928-7527d234cae6|rpc:172.17.0.2:42781|dataStream:, b506507d-933b-4e73-80c6-4b42635da637|rpc:172.17.0.2:36721|dataStream:, e1eaea66-1c02-4714-ba01-25fa84b9c758|rpc:172.17.0.2:34847|dataStream:], old=null at 0
2020-11-21 01:30:36,316 [grpc-default-executor-4] INFO  segmented.SegmentedRaftLogWorker (SegmentedRaftLogWorker.java:startLogSegment(398)) - b506507d-933b-4e73-80c6-4b42635da637@group-AD62D92DEFA4-SegmentedRaftLogWorker: Starting segment from index:0
2020-11-21 01:30:36,320 [b506507d-933b-4e73-80c6-4b42635da637@group-AD62D92DEFA4-SegmentedRaftLogWorker] INFO  segmented.SegmentedRaftLogWorker (SegmentedRaftLogWorker.java:execute(597)) - b506507d-933b-4e73-80c6-4b42635da637@group-AD62D92DEFA4-SegmentedRaftLogWorker: created new log segment /github/workspace/mnt/ozone/hadoop-ozone/integration-test/target/test-dir/MiniOzoneClusterImpl-3bf6729e-3927-483b-a5e0-bd83d0682071/datanode-1/data/ratis/f81c7983-3eee-4a3e-9121-ad62d92defa4/current/log_inprogress_0
2020-11-21 01:30:36,798 [Thread-319] INFO  impl.FollowerState (FollowerState.java:run(128)) - b506507d-933b-4e73-80c6-4b42635da637@group-90E4E7DFB6EA-FollowerState: change to CANDIDATE, lastRpcTime:5191ms, electionTimeout:5181ms
2020-11-21 01:30:36,799 [Thread-319] INFO  impl.RoleInfo (RoleInfo.java:shutdownFollowerState(121)) - b506507d-933b-4e73-80c6-4b42635da637: shutdown b506507d-933b-4e73-80c6-4b42635da637@group-90E4E7DFB6EA-FollowerState
2020-11-21 01:30:36,799 [Thread-319] INFO  impl.RaftServerImpl (RaftServerImpl.java:setRole(204)) - b506507d-933b-4e73-80c6-4b42635da637@group-90E4E7DFB6EA: changes role from  FOLLOWER to CANDIDATE at term 0 for changeToCandidate
2020-11-21 01:30:36,799 [Thread-319] INFO  impl.RoleInfo (RoleInfo.java:updateAndGet(143)) - b506507d-933b-4e73-80c6-4b42635da637: start b506507d-933b-4e73-80c6-4b42635da637@group-90E4E7DFB6EA-LeaderElection7
2020-11-21 01:30:36,803 [b506507d-933b-4e73-80c6-4b42635da637@group-90E4E7DFB6EA-LeaderElection7] INFO  impl.LeaderElection (LeaderElection.java:askForVotes(215)) - b506507d-933b-4e73-80c6-4b42635da637@group-90E4E7DFB6EA-LeaderElection7: begin an election at term 1 for -1: [b506507d-933b-4e73-80c6-4b42635da637|rpc:172.17.0.2:36721], old=null
2020-11-21 01:30:36,803 [b506507d-933b-4e73-80c6-4b42635da637@group-90E4E7DFB6EA-LeaderElection7] INFO  impl.RoleInfo (RoleInfo.java:shutdownLeaderElection(134)) - b506507d-933b-4e73-80c6-4b42635da637: shutdown b506507d-933b-4e73-80c6-4b42635da637@group-90E4E7DFB6EA-LeaderElection7
2020-11-21 01:30:36,803 [b506507d-933b-4e73-80c6-4b42635da637@group-90E4E7DFB6EA-LeaderElection7] INFO  impl.RaftServerImpl (RaftServerImpl.java:setRole(204)) - b506507d-933b-4e73-80c6-4b42635da637@group-90E4E7DFB6EA: changes role from CANDIDATE to LEADER at term 1 for changeToLeader
2020-11-21 01:30:36,803 [b506507d-933b-4e73-80c6-4b42635da637@group-90E4E7DFB6EA-LeaderElection7] INFO  ratis.XceiverServerRatis (XceiverServerRatis.java:handleLeaderChangedNotification(854)) - Leader change notification received for group: group-90E4E7DFB6EA with new leaderId: b506507d-933b-4e73-80c6-4b42635da637
2020-11-21 01:30:36,803 [b506507d-933b-4e73-80c6-4b42635da637@group-90E4E7DFB6EA-LeaderElection7] INFO  impl.RaftServerImpl (ServerState.java:setLeader(256)) - b506507d-933b-4e73-80c6-4b42635da637@group-90E4E7DFB6EA: change Leader from null to b506507d-933b-4e73-80c6-4b42635da637 at term 1 for becomeLeader, leader elected after 5211ms
2020-11-21 01:30:36,804 [b506507d-933b-4e73-80c6-4b42635da637@group-90E4E7DFB6EA-LeaderElection7] INFO  server.RaftServerConfigKeys (ConfUtils.java:logGet(44)) - raft.server.staging.catchup.gap = 1000 (default)
2020-11-21 01:30:36,804 [b506507d-933b-4e73-80c6-4b42635da637@group-90E4E7DFB6EA-LeaderElection7] INFO  server.RaftServerConfigKeys (ConfUtils.java:logGet(44)) - raft.server.rpc.sleep.time = 25ms (default)
2020-11-21 01:30:36,804 [b506507d-933b-4e73-80c6-4b42635da637@group-90E4E7DFB6EA-LeaderElection7] INFO  metrics.RatisMetrics (RatisMetrics.java:lambda$create$0(36)) - Creating Metrics Registry : ratis.log_appender.b506507d-933b-4e73-80c6-4b42635da637@group-90E4E7DFB6EA
2020-11-21 01:30:36,804 [b506507d-933b-4e73-80c6-4b42635da637@group-90E4E7DFB6EA-LeaderElection7] INFO  server.RaftServerConfigKeys (ConfUtils.java:logGet(44)) - raft.server.write.element-limit = 1024 (custom)
2020-11-21 01:30:36,804 [b506507d-933b-4e73-80c6-4b42635da637@group-90E4E7DFB6EA-LeaderElection7] INFO  server.RaftServerConfigKeys (ConfUtils.java:logGet(44)) - raft.server.write.byte-limit = 1073741824 (custom)
2020-11-21 01:30:36,804 [b506507d-933b-4e73-80c6-4b42635da637@group-90E4E7DFB6EA-LeaderElection7] INFO  server.RaftServerConfigKeys (ConfUtils.java:logGet(44)) - raft.server.watch.timeout = 180s (custom)
2020-11-21 01:30:36,805 [b506507d-933b-4e73-80c6-4b42635da637@group-90E4E7DFB6EA-LeaderElection7] INFO  server.RaftServerConfigKeys (ConfUtils.java:logGet(44)) - raft.server.watch.timeout.denomination = 1s (default)
2020-11-21 01:30:36,805 [b506507d-933b-4e73-80c6-4b42635da637@group-90E4E7DFB6EA-LeaderElection7] INFO  server.RaftServerConfigKeys (ConfUtils.java:logGet(44)) - raft.server.watch.element-limit = 65536 (default)
2020-11-21 01:30:36,806 [b506507d-933b-4e73-80c6-4b42635da637@group-90E4E7DFB6EA-LeaderElection7] INFO  impl.RoleInfo (RoleInfo.java:updateAndGet(143)) - b506507d-933b-4e73-80c6-4b42635da637: start b506507d-933b-4e73-80c6-4b42635da637@group-90E4E7DFB6EA-LeaderState
2020-11-21 01:30:36,806 [b506507d-933b-4e73-80c6-4b42635da637@group-90E4E7DFB6EA-LeaderElection7] INFO  segmented.SegmentedRaftLogWorker (SegmentedRaftLogWorker.java:startLogSegment(398)) - b506507d-933b-4e73-80c6-4b42635da637@group-90E4E7DFB6EA-SegmentedRaftLogWorker: Starting segment from index:0
2020-11-21 01:30:36,809 [b506507d-933b-4e73-80c6-4b42635da637@group-90E4E7DFB6EA-SegmentedRaftLogWorker] INFO  segmented.SegmentedRaftLogWorker (SegmentedRaftLogWorker.java:execute(597)) - b506507d-933b-4e73-80c6-4b42635da637@group-90E4E7DFB6EA-SegmentedRaftLogWorker: created new log segment /github/workspace/mnt/ozone/hadoop-ozone/integration-test/target/test-dir/MiniOzoneClusterImpl-3bf6729e-3927-483b-a5e0-bd83d0682071/datanode-1/data/ratis/850b6614-fa1a-4f00-8782-90e4e7dfb6ea/current/log_inprogress_0
2020-11-21 01:30:36,809 [b506507d-933b-4e73-80c6-4b42635da637@group-90E4E7DFB6EA-LeaderElection7] INFO  impl.RaftServerImpl (ServerState.java:setRaftConf(374)) - b506507d-933b-4e73-80c6-4b42635da637@group-90E4E7DFB6EA: set configuration 0: [b506507d-933b-4e73-80c6-4b42635da637|rpc:172.17.0.2:36721|dataStream:], old=null at 0
2020-11-21 01:30:36,850 [Listener at 127.0.0.1/13684] INFO  ozone.MiniOzoneClusterImpl (MiniOzoneClusterImpl.java:lambda$waitForClusterToBeReady$0(178)) - Nodes are ready. Got 3 of 3 DN Heartbeats.
2020-11-21 01:30:36,850 [Listener at 127.0.0.1/13684] INFO  ozone.MiniOzoneClusterImpl (MiniOzoneClusterImpl.java:lambda$waitForClusterToBeReady$0(181)) - Cluster exits safe mode
2020-11-21 01:30:37,080 [Thread-324] INFO  impl.FollowerState (FollowerState.java:run(128)) - e1eaea66-1c02-4714-ba01-25fa84b9c758@group-8631DB9619D8-FollowerState: change to CANDIDATE, lastRpcTime:5196ms, electionTimeout:5189ms
2020-11-21 01:30:37,081 [Thread-324] INFO  impl.RoleInfo (RoleInfo.java:shutdownFollowerState(121)) - e1eaea66-1c02-4714-ba01-25fa84b9c758: shutdown e1eaea66-1c02-4714-ba01-25fa84b9c758@group-8631DB9619D8-FollowerState
2020-11-21 01:30:37,081 [Thread-324] INFO  impl.RaftServerImpl (RaftServerImpl.java:setRole(204)) - e1eaea66-1c02-4714-ba01-25fa84b9c758@group-8631DB9619D8: changes role from  FOLLOWER to CANDIDATE at term 0 for changeToCandidate
2020-11-21 01:30:37,081 [Thread-324] INFO  impl.RoleInfo (RoleInfo.java:updateAndGet(143)) - e1eaea66-1c02-4714-ba01-25fa84b9c758: start e1eaea66-1c02-4714-ba01-25fa84b9c758@group-8631DB9619D8-LeaderElection8
2020-11-21 01:30:37,105 [e1eaea66-1c02-4714-ba01-25fa84b9c758@group-8631DB9619D8-LeaderElection8] INFO  impl.LeaderElection (LeaderElection.java:askForVotes(215)) - e1eaea66-1c02-4714-ba01-25fa84b9c758@group-8631DB9619D8-LeaderElection8: begin an election at term 1 for -1: [e1eaea66-1c02-4714-ba01-25fa84b9c758|rpc:172.17.0.2:34847], old=null
2020-11-21 01:30:37,105 [e1eaea66-1c02-4714-ba01-25fa84b9c758@group-8631DB9619D8-LeaderElection8] INFO  impl.RoleInfo (RoleInfo.java:shutdownLeaderElection(134)) - e1eaea66-1c02-4714-ba01-25fa84b9c758: shutdown e1eaea66-1c02-4714-ba01-25fa84b9c758@group-8631DB9619D8-LeaderElection8
2020-11-21 01:30:37,105 [e1eaea66-1c02-4714-ba01-25fa84b9c758@group-8631DB9619D8-LeaderElection8] INFO  impl.RaftServerImpl (RaftServerImpl.java:setRole(204)) - e1eaea66-1c02-4714-ba01-25fa84b9c758@group-8631DB9619D8: changes role from CANDIDATE to LEADER at term 1 for changeToLeader
2020-11-21 01:30:37,105 [e1eaea66-1c02-4714-ba01-25fa84b9c758@group-8631DB9619D8-LeaderElection8] INFO  ratis.XceiverServerRatis (XceiverServerRatis.java:handleLeaderChangedNotification(854)) - Leader change notification received for group: group-8631DB9619D8 with new leaderId: e1eaea66-1c02-4714-ba01-25fa84b9c758
2020-11-21 01:30:37,105 [e1eaea66-1c02-4714-ba01-25fa84b9c758@group-8631DB9619D8-LeaderElection8] INFO  impl.RaftServerImpl (ServerState.java:setLeader(256)) - e1eaea66-1c02-4714-ba01-25fa84b9c758@group-8631DB9619D8: change Leader from null to e1eaea66-1c02-4714-ba01-25fa84b9c758 at term 1 for becomeLeader, leader elected after 5233ms
2020-11-21 01:30:37,105 [e1eaea66-1c02-4714-ba01-25fa84b9c758@group-8631DB9619D8-LeaderElection8] INFO  server.RaftServerConfigKeys (ConfUtils.java:logGet(44)) - raft.server.staging.catchup.gap = 1000 (default)
2020-11-21 01:30:37,105 [e1eaea66-1c02-4714-ba01-25fa84b9c758@group-8631DB9619D8-LeaderElection8] INFO  server.RaftServerConfigKeys (ConfUtils.java:logGet(44)) - raft.server.rpc.sleep.time = 25ms (default)
2020-11-21 01:30:37,105 [e1eaea66-1c02-4714-ba01-25fa84b9c758@group-8631DB9619D8-LeaderElection8] INFO  metrics.RatisMetrics (RatisMetrics.java:lambda$create$0(36)) - Creating Metrics Registry : ratis.log_appender.e1eaea66-1c02-4714-ba01-25fa84b9c758@group-8631DB9619D8
2020-11-21 01:30:37,105 [e1eaea66-1c02-4714-ba01-25fa84b9c758@group-8631DB9619D8-LeaderElection8] INFO  server.RaftServerConfigKeys (ConfUtils.java:logGet(44)) - raft.server.write.element-limit = 1024 (custom)
2020-11-21 01:30:37,106 [e1eaea66-1c02-4714-ba01-25fa84b9c758@group-8631DB9619D8-LeaderElection8] INFO  server.RaftServerConfigKeys (ConfUtils.java:logGet(44)) - raft.server.write.byte-limit = 1073741824 (custom)
2020-11-21 01:30:37,106 [e1eaea66-1c02-4714-ba01-25fa84b9c758@group-8631DB9619D8-LeaderElection8] INFO  server.RaftServerConfigKeys (ConfUtils.java:logGet(44)) - raft.server.watch.timeout = 180s (custom)
2020-11-21 01:30:37,106 [e1eaea66-1c02-4714-ba01-25fa84b9c758@group-8631DB9619D8-LeaderElection8] INFO  server.RaftServerConfigKeys (ConfUtils.java:logGet(44)) - raft.server.watch.timeout.denomination = 1s (default)
2020-11-21 01:30:37,106 [e1eaea66-1c02-4714-ba01-25fa84b9c758@group-8631DB9619D8-LeaderElection8] INFO  server.RaftServerConfigKeys (ConfUtils.java:logGet(44)) - raft.server.watch.element-limit = 65536 (default)
2020-11-21 01:30:37,106 [e1eaea66-1c02-4714-ba01-25fa84b9c758@group-8631DB9619D8-LeaderElection8] INFO  impl.RoleInfo (RoleInfo.java:updateAndGet(143)) - e1eaea66-1c02-4714-ba01-25fa84b9c758: start e1eaea66-1c02-4714-ba01-25fa84b9c758@group-8631DB9619D8-LeaderState
2020-11-21 01:30:37,106 [e1eaea66-1c02-4714-ba01-25fa84b9c758@group-8631DB9619D8-LeaderElection8] INFO  segmented.SegmentedRaftLogWorker (SegmentedRaftLogWorker.java:startLogSegment(398)) - e1eaea66-1c02-4714-ba01-25fa84b9c758@group-8631DB9619D8-SegmentedRaftLogWorker: Starting segment from index:0
2020-11-21 01:30:37,108 [e1eaea66-1c02-4714-ba01-25fa84b9c758@group-8631DB9619D8-SegmentedRaftLogWorker] INFO  segmented.SegmentedRaftLogWorker (SegmentedRaftLogWorker.java:execute(597)) - e1eaea66-1c02-4714-ba01-25fa84b9c758@group-8631DB9619D8-SegmentedRaftLogWorker: created new log segment /github/workspace/mnt/ozone/hadoop-ozone/integration-test/target/test-dir/MiniOzoneClusterImpl-3bf6729e-3927-483b-a5e0-bd83d0682071/datanode-2/data/ratis/28d656fe-d4b1-4c91-aa1c-8631db9619d8/current/log_inprogress_0
2020-11-21 01:30:37,120 [e1eaea66-1c02-4714-ba01-25fa84b9c758@group-8631DB9619D8-LeaderElection8] INFO  impl.RaftServerImpl (ServerState.java:setRaftConf(374)) - e1eaea66-1c02-4714-ba01-25fa84b9c758@group-8631DB9619D8: set configuration 0: [e1eaea66-1c02-4714-ba01-25fa84b9c758|rpc:172.17.0.2:34847|dataStream:], old=null at 0
2020-11-21 01:30:37,275 [Listener at 127.0.0.1/13684] INFO  rpc.RpcClient (RpcClient.java:createVolume(272)) - Creating Volume: 0492532d-5282-4e1a-b761-8fddc907cc3a, with jenkins1001 as owner.
2020-11-21 01:30:37,330 [org.apache.ratis.server.JvmPauseMonitor@3f03fce6-Monitor] WARN  server.JvmPauseMonitor (JvmPauseMonitor.java:run(141)) - Detected pause in JVM or host machine (eg GC): pause of approximately 6ms
GC pool 'PS MarkSweep' had collection(s): count=1 time=115ms
GC pool 'PS Scavenge' had collection(s): count=2 time=48ms
2020-11-21 01:30:37,424 [OM StateMachine ApplyTransaction Thread - 0] INFO  volume.OMVolumeCreateRequest (OMVolumeCreateRequest.java:validateAndUpdateCache(196)) - created volume:0492532d-5282-4e1a-b761-8fddc907cc3a for user:jenkins1001
2020-11-21 01:30:37,424 [OM StateMachine ApplyTransaction Thread - 0] INFO  volume.OMVolumeCreateRequest (OMVolumeCreateRequest.java:validateAndUpdateCache(196)) - created volume:0492532d-5282-4e1a-b761-8fddc907cc3a for user:jenkins1001
2020-11-21 01:30:37,424 [OM StateMachine ApplyTransaction Thread - 0] INFO  volume.OMVolumeCreateRequest (OMVolumeCreateRequest.java:validateAndUpdateCache(196)) - created volume:0492532d-5282-4e1a-b761-8fddc907cc3a for user:jenkins1001
2020-11-21 01:30:37,442 [OM StateMachine ApplyTransaction Thread - 0] INFO  volume.OMVolumeCreateRequest (OMVolumeCreateRequest.java:validateAndUpdateCache(196)) - created volume:ff999ce0-6600-4d9d-9f91-0db55a658e38 for user:jenkins1001
2020-11-21 01:30:37,444 [OM StateMachine ApplyTransaction Thread - 0] INFO  volume.OMVolumeCreateRequest (OMVolumeCreateRequest.java:validateAndUpdateCache(196)) - created volume:ff999ce0-6600-4d9d-9f91-0db55a658e38 for user:jenkins1001
2020-11-21 01:30:37,446 [Listener at 127.0.0.1/13684] INFO  ozone.MiniOzoneClusterImpl (MiniOzoneClusterImpl.java:shutdown(388)) - Shutting down the Mini Ozone Cluster
2020-11-21 01:30:37,446 [Listener at 127.0.0.1/13684] INFO  ozone.MiniOzoneHAClusterImpl (MiniOzoneHAClusterImpl.java:stop(230)) - Stopping the OzoneManager omNode-3
2020-11-21 01:30:37,446 [Listener at 127.0.0.1/13684] INFO  ipc.Server (Server.java:stop(3359)) - Stopping server on 13684
2020-11-21 01:30:37,442 [OM StateMachine ApplyTransaction Thread - 0] INFO  volume.OMVolumeCreateRequest (OMVolumeCreateRequest.java:validateAndUpdateCache(196)) - created volume:ff999ce0-6600-4d9d-9f91-0db55a658e38 for user:jenkins1001
2020-11-21 01:30:37,449 [IPC Server listener on 13684] INFO  ipc.Server (Server.java:run(1330)) - Stopping IPC Server listener on 13684
2020-11-21 01:30:37,451 [IPC Server Responder] INFO  ipc.Server (Server.java:run(1465)) - Stopping IPC Server Responder
2020-11-21 01:30:37,452 [Listener at 127.0.0.1/13684] INFO  impl.RaftServerProxy (RaftServerProxy.java:lambda$close$4(338)) - omNode-3: close
2020-11-21 01:30:37,453 [Listener at 127.0.0.1/13684] INFO  impl.RaftServerImpl (RaftServerImpl.java:lambda$shutdown$3(328)) - omNode-3@group-523986131536: shutdown
2020-11-21 01:30:37,453 [Listener at 127.0.0.1/13684] INFO  util.JmxRegister (JmxRegister.java:unregister(73)) - Successfully un-registered JMX Bean with object name Ratis:service=RaftServer,group=group-523986131536,id=omNode-3
2020-11-21 01:30:37,453 [Listener at 127.0.0.1/13684] INFO  impl.RoleInfo (RoleInfo.java:shutdownFollowerState(121)) - omNode-3: shutdown omNode-3@group-523986131536-FollowerState
2020-11-21 01:30:37,453 [Thread-259] INFO  impl.FollowerState (FollowerState.java:run(137)) - omNode-3@group-523986131536-FollowerState was interrupted: {}
java.lang.InterruptedException: sleep interrupted
	at java.lang.Thread.sleep(Native Method)
	at org.apache.ratis.util.JavaUtils.sleep(JavaUtils.java:250)
	at org.apache.ratis.server.impl.FollowerState.run(FollowerState.java:116)
2020-11-21 01:30:37,454 [Listener at 127.0.0.1/13684] INFO  impl.StateMachineUpdater (StateMachineUpdater.java:stopAndJoin(147)) - omNode-3@group-523986131536-StateMachineUpdater: set stopIndex = 3
2020-11-21 01:30:37,455 [omNode-3@group-523986131536-StateMachineUpdater] INFO  ratis.OzoneManagerStateMachine (OzoneManagerStateMachine.java:takeSnapshot(345)) - Current Snapshot Index (t:2, i:3)
2020-11-21 01:30:37,455 [omNode-3@group-523986131536-StateMachineUpdater] INFO  impl.StateMachineUpdater (StateMachineUpdater.java:takeSnapshot(278)) - omNode-3@group-523986131536-StateMachineUpdater: Took a snapshot at index 3
2020-11-21 01:30:37,455 [omNode-3@group-523986131536-StateMachineUpdater] INFO  impl.StateMachineUpdater (StateMachineUpdater.java:lambda$new$0(87)) - omNode-3@group-523986131536-StateMachineUpdater: snapshotIndex: updateIncreasingly -1 -> 3
2020-11-21 01:30:37,456 [omNode-3@group-523986131536-StateMachineUpdater] INFO  metrics.RatisMetrics (RatisMetrics.java:unregister(43)) - Unregistering Metrics Registry : ratis.state_machine.omNode-3@group-523986131536
2020-11-21 01:30:37,456 [Listener at 127.0.0.1/13684] INFO  impl.RaftServerImpl (ServerState.java:close(406)) - omNode-3@group-523986131536: closes. applyIndex: 3
2020-11-21 01:30:37,457 [omNode-3@group-523986131536-SegmentedRaftLogWorker] INFO  segmented.SegmentedRaftLogWorker (SegmentedRaftLogWorker.java:run(329)) - omNode-3@group-523986131536-SegmentedRaftLogWorker was interrupted, exiting. There are 0 tasks remaining in the queue.
2020-11-21 01:30:37,460 [Listener at 127.0.0.1/13684] INFO  segmented.SegmentedRaftLogWorker (SegmentedRaftLogWorker.java:close(235)) - omNode-3@group-523986131536-SegmentedRaftLogWorker close()
2020-11-21 01:30:37,461 [Listener at 127.0.0.1/13684] INFO  metrics.RatisMetrics (RatisMetrics.java:unregister(43)) - Unregistering Metrics Registry : ratis.log_worker.omNode-3@group-523986131536
2020-11-21 01:30:37,461 [Listener at 127.0.0.1/13684] INFO  metrics.RatisMetrics (RatisMetrics.java:unregister(43)) - Unregistering Metrics Registry : ratis.leader_election.omNode-3@group-523986131536
2020-11-21 01:30:37,461 [Listener at 127.0.0.1/13684] INFO  metrics.RatisMetrics (RatisMetrics.java:unregister(43)) - Unregistering Metrics Registry : ratis.server.omNode-3@group-523986131536
2020-11-21 01:30:37,462 [Listener at 127.0.0.1/13684] INFO  server.GrpcService (GrpcService.java:closeImpl(184)) - omNode-3: shutdown server with port 13688 now
2020-11-21 01:30:37,467 [grpc-default-executor-4] WARN  server.GrpcServerProtocolService (LogUtils.java:warn(122)) - omNode-3: installSnapshot onError, lastRequest: omNode-1->omNode-3#82-t2, previous=(t:2, i:3), leaderCommit=3, initializing? false, entries: size=1, first=(t:2, i:4), METADATAENTRY(c:3): org.apache.ratis.thirdparty.io.grpc.StatusRuntimeException: CANCELLED: cancelled before receiving half close
2020-11-21 01:30:37,469 [grpc-default-executor-4] WARN  server.GrpcLogAppender (LogUtils.java:warn(122)) - omNode-1@group-523986131536->omNode-3-AppendLogResponseHandler: Failed appendEntries: org.apache.ratis.thirdparty.io.grpc.StatusRuntimeException: CANCELLED: HTTP/2 error code: CANCEL
Received Rst Stream
2020-11-21 01:30:37,470 [Listener at 127.0.0.1/13684] INFO  server.GrpcService (GrpcService.java:closeImpl(193)) - omNode-3: shutdown server with port 13688 successfully
2020-11-21 01:30:37,470 [Listener at 127.0.0.1/13684] INFO  ratis.OzoneManagerDoubleBuffer (OzoneManagerDoubleBuffer.java:stop(457)) - Stopping OMDoubleBuffer flush thread
2020-11-21 01:30:37,471 [OMDoubleBufferFlushThread] INFO  ratis.OzoneManagerDoubleBuffer (OzoneManagerDoubleBuffer.java:flushTransactions(356)) - OMDoubleBuffer flush thread OMDoubleBufferFlushThread is interrupted and will exit. OMDoubleBufferFlushThread
2020-11-21 01:30:37,471 [Listener at 127.0.0.1/13684] INFO  ratis.OzoneManagerStateMachine (HadoopExecutors.java:shutdown(118)) - Gracefully shutting down executor service. Waiting max 5 SECONDS
2020-11-21 01:30:37,471 [Listener at 127.0.0.1/13684] INFO  ratis.OzoneManagerStateMachine (HadoopExecutors.java:shutdown(129)) - Succesfully shutdown executor service
2020-11-21 01:30:37,471 [Listener at 127.0.0.1/13684] INFO  ratis.OzoneManagerStateMachine (HadoopExecutors.java:shutdown(118)) - Gracefully shutting down executor service. Waiting max 5 SECONDS
2020-11-21 01:30:37,471 [Listener at 127.0.0.1/13684] INFO  ratis.OzoneManagerStateMachine (HadoopExecutors.java:shutdown(129)) - Succesfully shutdown executor service
2020-11-21 01:30:37,471 [Listener at 127.0.0.1/13684] INFO  utils.BackgroundService (BackgroundService.java:shutdown(132)) - Shutting down service KeyDeletingService
2020-11-21 01:30:37,472 [grpc-default-executor-4] INFO  impl.FollowerInfo (FollowerInfo.java:lambda$new$0(51)) - omNode-1@group-523986131536->omNode-3: nextIndex: updateUnconditionally 5 -> 4
2020-11-21 01:30:37,473 [Listener at 127.0.0.1/13684] INFO  handler.ContextHandler (ContextHandler.java:doStop(1154)) - Stopped o.e.j.w.WebAppContext@7b3650fe{ozoneManager,/,null,STOPPED}{file:/github/workspace/mnt/ozone/hadoop-ozone/integration-test/target/test-classes/webapps/ozoneManager}
2020-11-21 01:30:37,477 [Listener at 127.0.0.1/13684] INFO  server.AbstractConnector (AbstractConnector.java:doStop(381)) - Stopped ServerConnector@655c4a11{HTTP/1.1, (http/1.1)}{0.0.0.0:13686}
2020-11-21 01:30:37,477 [Listener at 127.0.0.1/13684] INFO  server.session (HouseKeeper.java:stopScavenging(149)) - node0 Stopped scavenging
2020-11-21 01:30:37,478 [Listener at 127.0.0.1/13684] INFO  handler.ContextHandler (ContextHandler.java:doStop(1154)) - Stopped o.e.j.s.ServletContextHandler@b9936c0{static,/static,file:///github/workspace/mnt/ozone/hadoop-ozone/integration-test/target/test-classes/webapps/static,STOPPED}
2020-11-21 01:30:37,478 [Listener at 127.0.0.1/13684] INFO  handler.ContextHandler (ContextHandler.java:doStop(1154)) - Stopped o.e.j.s.ServletContextHandler@6355ea6c{logs,/logs,file:///github/workspace/mnt/ozone/hadoop-ozone/integration-test/target/log,STOPPED}
2020-11-21 01:30:37,480 [grpc-default-executor-1] WARN  server.GrpcLogAppender (LogUtils.java:warn(122)) - omNode-1@group-523986131536->omNode-3-AppendLogResponseHandler: Failed appendEntries: org.apache.ratis.thirdparty.io.grpc.StatusRuntimeException: UNAVAILABLE: io exception
2020-11-21 01:30:37,480 [grpc-default-executor-1] INFO  impl.FollowerInfo (FollowerInfo.java:lambda$new$0(51)) - omNode-1@group-523986131536->omNode-3: nextIndex: updateUnconditionally 5 -> 4
2020-11-21 01:30:37,482 [Listener at 127.0.0.1/13684] INFO  ozone.MiniOzoneHAClusterImpl (MiniOzoneHAClusterImpl.java:stop(230)) - Stopping the OzoneManager omNode-1
2020-11-21 01:30:37,482 [Listener at 127.0.0.1/13684] INFO  ipc.Server (Server.java:stop(3359)) - Stopping server on 13672
2020-11-21 01:30:37,488 [IPC Server listener on 13672] INFO  ipc.Server (Server.java:run(1330)) - Stopping IPC Server listener on 13672
2020-11-21 01:30:37,489 [IPC Server Responder] INFO  ipc.Server (Server.java:run(1465)) - Stopping IPC Server Responder
2020-11-21 01:30:37,489 [Listener at 127.0.0.1/13684] INFO  impl.RaftServerProxy (RaftServerProxy.java:lambda$close$4(338)) - omNode-1: close
2020-11-21 01:30:37,489 [Listener at 127.0.0.1/13684] INFO  impl.RaftServerImpl (RaftServerImpl.java:lambda$shutdown$3(328)) - omNode-1@group-523986131536: shutdown
2020-11-21 01:30:37,489 [Listener at 127.0.0.1/13684] INFO  util.JmxRegister (JmxRegister.java:unregister(73)) - Successfully un-registered JMX Bean with object name Ratis:service=RaftServer,group=group-523986131536,id=omNode-1
2020-11-21 01:30:37,490 [Listener at 127.0.0.1/13684] INFO  impl.RoleInfo (RoleInfo.java:shutdownLeaderState(104)) - omNode-1: shutdown omNode-1@group-523986131536-LeaderState
2020-11-21 01:30:37,490 [Listener at 127.0.0.1/13684] INFO  metrics.RatisMetrics (RatisMetrics.java:unregister(43)) - Unregistering Metrics Registry : ratis_grpc.log_appender.omNode-1@group-523986131536
2020-11-21 01:30:37,490 [Listener at 127.0.0.1/13684] INFO  metrics.RatisMetrics (RatisMetrics.java:unregister(43)) - Unregistering Metrics Registry : ratis_grpc.log_appender.omNode-1@group-523986131536
2020-11-21 01:30:37,490 [org.apache.ratis.server.impl.LogAppender$AppenderDaemon$$Lambda$373/621895480@255b83ce] WARN  server.GrpcLogAppender (GrpcLogAppender.java:mayWait(168)) - omNode-1@group-523986131536->omNode-3-GrpcLogAppender: Wait interrupted by java.lang.InterruptedException
2020-11-21 01:30:37,491 [Listener at 127.0.0.1/13684] INFO  impl.PendingRequests (PendingRequests.java:sendNotLeaderResponses(250)) - omNode-1@group-523986131536-PendingRequests: sendNotLeaderResponses
2020-11-21 01:30:37,494 [org.apache.ratis.server.impl.LogAppender$AppenderDaemon$$Lambda$373/621895480@2eb1fc33] WARN  server.GrpcLogAppender (GrpcLogAppender.java:mayWait(168)) - omNode-1@group-523986131536->omNode-2-GrpcLogAppender: Wait interrupted by java.lang.InterruptedException
2020-11-21 01:30:37,494 [grpc-default-executor-1] INFO  server.GrpcServerProtocolService (GrpcServerProtocolService.java:onCompleted(138)) - omNode-2: Completed APPEND_ENTRIES, lastRequest: omNode-1->omNode-2#83-t2, previous=(t:2, i:3), leaderCommit=3, initializing? false, entries: size=1, first=(t:2, i:4), METADATAENTRY(c:3)
2020-11-21 01:30:37,496 [grpc-default-executor-1] INFO  server.GrpcLogAppender (GrpcLogAppender.java:onCompleted(337)) - omNode-1@group-523986131536->omNode-2-AppendLogResponseHandler: follower responses appendEntries COMPLETED
2020-11-21 01:30:37,496 [grpc-default-executor-1] INFO  impl.FollowerInfo (FollowerInfo.java:lambda$new$0(51)) - omNode-1@group-523986131536->omNode-2: nextIndex: updateUnconditionally 5 -> 4
2020-11-21 01:30:37,496 [Listener at 127.0.0.1/13684] INFO  metrics.RatisMetrics (RatisMetrics.java:unregister(43)) - Unregistering Metrics Registry : ratis.log_appender.omNode-1@group-523986131536
2020-11-21 01:30:37,497 [Listener at 127.0.0.1/13684] INFO  metrics.RatisMetrics (RatisMetrics.java:unregister(43)) - Unregistering Metrics Registry : ratis.server.omNode-1@group-523986131536
2020-11-21 01:30:37,497 [Listener at 127.0.0.1/13684] INFO  impl.StateMachineUpdater (StateMachineUpdater.java:stopAndJoin(147)) - omNode-1@group-523986131536-StateMachineUpdater: set stopIndex = 4
2020-11-21 01:30:37,497 [omNode-1@group-523986131536-StateMachineUpdater] INFO  ratis.OzoneManagerStateMachine (OzoneManagerStateMachine.java:takeSnapshot(345)) - Current Snapshot Index (t:2, i:4)
2020-11-21 01:30:37,497 [omNode-1@group-523986131536-StateMachineUpdater] INFO  impl.StateMachineUpdater (StateMachineUpdater.java:takeSnapshot(278)) - omNode-1@group-523986131536-StateMachineUpdater: Took a snapshot at index 4
2020-11-21 01:30:37,497 [omNode-1@group-523986131536-StateMachineUpdater] INFO  impl.StateMachineUpdater (StateMachineUpdater.java:lambda$new$0(87)) - omNode-1@group-523986131536-StateMachineUpdater: snapshotIndex: updateIncreasingly -1 -> 4
2020-11-21 01:30:37,497 [omNode-1@group-523986131536-StateMachineUpdater] INFO  metrics.RatisMetrics (RatisMetrics.java:unregister(43)) - Unregistering Metrics Registry : ratis.state_machine.omNode-1@group-523986131536
2020-11-21 01:30:37,497 [Listener at 127.0.0.1/13684] INFO  impl.RaftServerImpl (ServerState.java:close(406)) - omNode-1@group-523986131536: closes. applyIndex: 4
2020-11-21 01:30:37,498 [omNode-1@group-523986131536-SegmentedRaftLogWorker] INFO  segmented.SegmentedRaftLogWorker (SegmentedRaftLogWorker.java:run(329)) - omNode-1@group-523986131536-SegmentedRaftLogWorker was interrupted, exiting. There are 0 tasks remaining in the queue.
2020-11-21 01:30:37,499 [Listener at 127.0.0.1/13684] INFO  segmented.SegmentedRaftLogWorker (SegmentedRaftLogWorker.java:close(235)) - omNode-1@group-523986131536-SegmentedRaftLogWorker close()
2020-11-21 01:30:37,499 [Listener at 127.0.0.1/13684] INFO  metrics.RatisMetrics (RatisMetrics.java:unregister(43)) - Unregistering Metrics Registry : ratis.log_worker.omNode-1@group-523986131536
2020-11-21 01:30:37,499 [Listener at 127.0.0.1/13684] INFO  metrics.RatisMetrics (RatisMetrics.java:unregister(43)) - Unregistering Metrics Registry : ratis.leader_election.omNode-1@group-523986131536
2020-11-21 01:30:37,500 [Listener at 127.0.0.1/13684] INFO  metrics.RatisMetrics (RatisMetrics.java:unregister(43)) - Unregistering Metrics Registry : ratis.server.omNode-1@group-523986131536
2020-11-21 01:30:37,500 [Listener at 127.0.0.1/13684] INFO  server.GrpcService (GrpcService.java:closeImpl(184)) - omNode-1: shutdown server with port 13676 now
2020-11-21 01:30:37,503 [Listener at 127.0.0.1/13684] INFO  server.GrpcService (GrpcService.java:closeImpl(193)) - omNode-1: shutdown server with port 13676 successfully
2020-11-21 01:30:37,503 [Listener at 127.0.0.1/13684] INFO  ratis.OzoneManagerDoubleBuffer (OzoneManagerDoubleBuffer.java:stop(457)) - Stopping OMDoubleBuffer flush thread
2020-11-21 01:30:37,503 [OMDoubleBufferFlushThread] INFO  ratis.OzoneManagerDoubleBuffer (OzoneManagerDoubleBuffer.java:flushTransactions(356)) - OMDoubleBuffer flush thread OMDoubleBufferFlushThread is interrupted and will exit. OMDoubleBufferFlushThread
2020-11-21 01:30:37,503 [Listener at 127.0.0.1/13684] INFO  ratis.OzoneManagerStateMachine (HadoopExecutors.java:shutdown(118)) - Gracefully shutting down executor service. Waiting max 5 SECONDS
2020-11-21 01:30:37,503 [Listener at 127.0.0.1/13684] INFO  ratis.OzoneManagerStateMachine (HadoopExecutors.java:shutdown(129)) - Succesfully shutdown executor service
2020-11-21 01:30:37,503 [Listener at 127.0.0.1/13684] INFO  ratis.OzoneManagerStateMachine (HadoopExecutors.java:shutdown(118)) - Gracefully shutting down executor service. Waiting max 5 SECONDS
2020-11-21 01:30:37,503 [Listener at 127.0.0.1/13684] INFO  ratis.OzoneManagerStateMachine (HadoopExecutors.java:shutdown(129)) - Succesfully shutdown executor service
2020-11-21 01:30:37,503 [Listener at 127.0.0.1/13684] INFO  utils.BackgroundService (BackgroundService.java:shutdown(132)) - Shutting down service KeyDeletingService
2020-11-21 01:30:37,504 [Listener at 127.0.0.1/13684] INFO  handler.ContextHandler (ContextHandler.java:doStop(1154)) - Stopped o.e.j.w.WebAppContext@15c4ab9c{ozoneManager,/,null,STOPPED}{file:/github/workspace/mnt/ozone/hadoop-ozone/integration-test/target/test-classes/webapps/ozoneManager}
2020-11-21 01:30:37,504 [Listener at 127.0.0.1/13684] INFO  server.AbstractConnector (AbstractConnector.java:doStop(381)) - Stopped ServerConnector@24b7e857{HTTP/1.1, (http/1.1)}{0.0.0.0:13674}
2020-11-21 01:30:37,505 [Listener at 127.0.0.1/13684] INFO  server.session (HouseKeeper.java:stopScavenging(149)) - node0 Stopped scavenging
2020-11-21 01:30:37,505 [Listener at 127.0.0.1/13684] INFO  handler.ContextHandler (ContextHandler.java:doStop(1154)) - Stopped o.e.j.s.ServletContextHandler@2aac20f5{static,/static,file:///github/workspace/mnt/ozone/hadoop-ozone/integration-test/target/test-classes/webapps/static,STOPPED}
2020-11-21 01:30:37,505 [Listener at 127.0.0.1/13684] INFO  handler.ContextHandler (ContextHandler.java:doStop(1154)) - Stopped o.e.j.s.ServletContextHandler@4e9f998f{logs,/logs,file:///github/workspace/mnt/ozone/hadoop-ozone/integration-test/target/log,STOPPED}
2020-11-21 01:30:37,511 [Listener at 127.0.0.1/13684] INFO  ozone.MiniOzoneHAClusterImpl (MiniOzoneHAClusterImpl.java:stop(230)) - Stopping the OzoneManager omNode-2
2020-11-21 01:30:37,511 [Listener at 127.0.0.1/13684] INFO  ipc.Server (Server.java:stop(3359)) - Stopping server on 13678
2020-11-21 01:30:37,513 [IPC Server listener on 13678] INFO  ipc.Server (Server.java:run(1330)) - Stopping IPC Server listener on 13678
2020-11-21 01:30:37,518 [IPC Server Responder] INFO  ipc.Server (Server.java:run(1465)) - Stopping IPC Server Responder
2020-11-21 01:30:37,518 [Listener at 127.0.0.1/13684] INFO  impl.RaftServerProxy (RaftServerProxy.java:lambda$close$4(338)) - omNode-2: close
2020-11-21 01:30:37,518 [Listener at 127.0.0.1/13684] INFO  impl.RaftServerImpl (RaftServerImpl.java:lambda$shutdown$3(328)) - omNode-2@group-523986131536: shutdown
2020-11-21 01:30:37,518 [Listener at 127.0.0.1/13684] INFO  util.JmxRegister (JmxRegister.java:unregister(73)) - Successfully un-registered JMX Bean with object name Ratis:service=RaftServer,group=group-523986131536,id=omNode-2
2020-11-21 01:30:37,518 [Listener at 127.0.0.1/13684] INFO  impl.RoleInfo (RoleInfo.java:shutdownFollowerState(121)) - omNode-2: shutdown omNode-2@group-523986131536-FollowerState
2020-11-21 01:30:37,519 [Thread-260] INFO  impl.FollowerState (FollowerState.java:run(137)) - omNode-2@group-523986131536-FollowerState was interrupted: {}
java.lang.InterruptedException: sleep interrupted
	at java.lang.Thread.sleep(Native Method)
	at org.apache.ratis.util.JavaUtils.sleep(JavaUtils.java:250)
	at org.apache.ratis.server.impl.FollowerState.run(FollowerState.java:116)
2020-11-21 01:30:37,519 [omNode-2@group-523986131536-StateMachineUpdater] INFO  ratis.OzoneManagerStateMachine (OzoneManagerStateMachine.java:takeSnapshot(345)) - Current Snapshot Index (t:2, i:3)
2020-11-21 01:30:37,519 [omNode-2@group-523986131536-StateMachineUpdater] INFO  impl.StateMachineUpdater (StateMachineUpdater.java:takeSnapshot(278)) - omNode-2@group-523986131536-StateMachineUpdater: Took a snapshot at index 3
2020-11-21 01:30:37,519 [omNode-2@group-523986131536-StateMachineUpdater] INFO  impl.StateMachineUpdater (StateMachineUpdater.java:lambda$new$0(87)) - omNode-2@group-523986131536-StateMachineUpdater: snapshotIndex: updateIncreasingly -1 -> 3
2020-11-21 01:30:37,519 [omNode-2@group-523986131536-StateMachineUpdater] INFO  metrics.RatisMetrics (RatisMetrics.java:unregister(43)) - Unregistering Metrics Registry : ratis.state_machine.omNode-2@group-523986131536
2020-11-21 01:30:37,519 [Listener at 127.0.0.1/13684] INFO  impl.StateMachineUpdater (StateMachineUpdater.java:stopAndJoin(147)) - omNode-2@group-523986131536-StateMachineUpdater: set stopIndex = 3
2020-11-21 01:30:37,519 [Listener at 127.0.0.1/13684] INFO  impl.RaftServerImpl (ServerState.java:close(406)) - omNode-2@group-523986131536: closes. applyIndex: 3
2020-11-21 01:30:37,520 [omNode-2@group-523986131536-SegmentedRaftLogWorker] INFO  segmented.SegmentedRaftLogWorker (SegmentedRaftLogWorker.java:run(329)) - omNode-2@group-523986131536-SegmentedRaftLogWorker was interrupted, exiting. There are 0 tasks remaining in the queue.
2020-11-21 01:30:37,522 [Listener at 127.0.0.1/13684] INFO  segmented.SegmentedRaftLogWorker (SegmentedRaftLogWorker.java:close(235)) - omNode-2@group-523986131536-SegmentedRaftLogWorker close()
2020-11-21 01:30:37,523 [Listener at 127.0.0.1/13684] INFO  metrics.RatisMetrics (RatisMetrics.java:unregister(43)) - Unregistering Metrics Registry : ratis.log_worker.omNode-2@group-523986131536
2020-11-21 01:30:37,523 [Listener at 127.0.0.1/13684] INFO  metrics.RatisMetrics (RatisMetrics.java:unregister(43)) - Unregistering Metrics Registry : ratis.leader_election.omNode-2@group-523986131536
2020-11-21 01:30:37,523 [Listener at 127.0.0.1/13684] INFO  metrics.RatisMetrics (RatisMetrics.java:unregister(43)) - Unregistering Metrics Registry : ratis.server.omNode-2@group-523986131536
2020-11-21 01:30:37,523 [Listener at 127.0.0.1/13684] INFO  server.GrpcService (GrpcService.java:closeImpl(184)) - omNode-2: shutdown server with port 13682 now
2020-11-21 01:30:37,526 [Listener at 127.0.0.1/13684] INFO  server.GrpcService (GrpcService.java:closeImpl(193)) - omNode-2: shutdown server with port 13682 successfully
2020-11-21 01:30:37,527 [Listener at 127.0.0.1/13684] INFO  ratis.OzoneManagerDoubleBuffer (OzoneManagerDoubleBuffer.java:stop(457)) - Stopping OMDoubleBuffer flush thread
2020-11-21 01:30:37,527 [OMDoubleBufferFlushThread] INFO  ratis.OzoneManagerDoubleBuffer (OzoneManagerDoubleBuffer.java:flushTransactions(356)) - OMDoubleBuffer flush thread OMDoubleBufferFlushThread is interrupted and will exit. OMDoubleBufferFlushThread
2020-11-21 01:30:37,527 [Listener at 127.0.0.1/13684] INFO  ratis.OzoneManagerStateMachine (HadoopExecutors.java:shutdown(118)) - Gracefully shutting down executor service. Waiting max 5 SECONDS
2020-11-21 01:30:37,527 [Listener at 127.0.0.1/13684] INFO  ratis.OzoneManagerStateMachine (HadoopExecutors.java:shutdown(129)) - Succesfully shutdown executor service
2020-11-21 01:30:37,527 [Listener at 127.0.0.1/13684] INFO  ratis.OzoneManagerStateMachine (HadoopExecutors.java:shutdown(118)) - Gracefully shutting down executor service. Waiting max 5 SECONDS
2020-11-21 01:30:37,527 [Listener at 127.0.0.1/13684] INFO  ratis.OzoneManagerStateMachine (HadoopExecutors.java:shutdown(129)) - Succesfully shutdown executor service
2020-11-21 01:30:37,527 [Listener at 127.0.0.1/13684] INFO  utils.BackgroundService (BackgroundService.java:shutdown(132)) - Shutting down service KeyDeletingService
2020-11-21 01:30:37,528 [Listener at 127.0.0.1/13684] INFO  handler.ContextHandler (ContextHandler.java:doStop(1154)) - Stopped o.e.j.w.WebAppContext@5d973bbc{ozoneManager,/,null,STOPPED}{file:/github/workspace/mnt/ozone/hadoop-ozone/integration-test/target/test-classes/webapps/ozoneManager}
2020-11-21 01:30:37,528 [Listener at 127.0.0.1/13684] INFO  server.AbstractConnector (AbstractConnector.java:doStop(381)) - Stopped ServerConnector@25ab879{HTTP/1.1, (http/1.1)}{0.0.0.0:13680}
2020-11-21 01:30:37,528 [Listener at 127.0.0.1/13684] INFO  server.session (HouseKeeper.java:stopScavenging(149)) - node0 Stopped scavenging
2020-11-21 01:30:37,529 [Listener at 127.0.0.1/13684] INFO  handler.ContextHandler (ContextHandler.java:doStop(1154)) - Stopped o.e.j.s.ServletContextHandler@6d0ab637{static,/static,file:///github/workspace/mnt/ozone/hadoop-ozone/integration-test/target/test-classes/webapps/static,STOPPED}
2020-11-21 01:30:37,529 [Listener at 127.0.0.1/13684] INFO  handler.ContextHandler (ContextHandler.java:doStop(1154)) - Stopped o.e.j.s.ServletContextHandler@46db2d05{logs,/logs,file:///github/workspace/mnt/ozone/hadoop-ozone/integration-test/target/log,STOPPED}
2020-11-21 01:30:37,534 [Listener at 127.0.0.1/13684] INFO  ozone.MiniOzoneClusterImpl (MiniOzoneClusterImpl.java:stop(403)) - Stopping the Mini Ozone Cluster
2020-11-21 01:30:37,534 [Listener at 127.0.0.1/13684] INFO  ozone.MiniOzoneClusterImpl (MiniOzoneClusterImpl.java:stopDatanodes(462)) - Stopping the HddsDatanodes
2020-11-21 01:30:37,804 [Datanode State Machine Thread - 0] INFO  statemachine.DatanodeStateMachine (DatanodeStateMachine.java:lambda$startDaemon$0(406)) - Ozone container server started.
2020-11-21 01:30:38,311 [Datanode State Machine Thread - 0] INFO  statemachine.DatanodeStateMachine (DatanodeStateMachine.java:lambda$startDaemon$0(406)) - Ozone container server started.
2020-11-21 01:30:39,281 [EventQueue-Delayed safe mode statusForReplicationManager] INFO  container.ReplicationManager (ReplicationManager.java:start(178)) - Starting Replication Monitor Thread.
2020-11-21 01:30:39,283 [ReplicationMonitor] INFO  container.ReplicationManager (ReplicationManager.java:run(242)) - Replication Monitor Thread took 0 milliseconds for processing 0 containers.
2020-11-21 01:30:42,536 [Listener at 127.0.0.1/13684] INFO  ozoneimpl.OzoneContainer (OzoneContainer.java:stop(257)) - Attempting to stop container services.
2020-11-21 01:30:42,536 [ForkJoinPool.commonPool-worker-1] INFO  ozoneimpl.OzoneContainer (OzoneContainer.java:stop(257)) - Attempting to stop container services.
2020-11-21 01:30:42,536 [Listener at 127.0.0.1/13684] INFO  impl.RaftServerProxy (RaftServerProxy.java:lambda$close$4(338)) - b506507d-933b-4e73-80c6-4b42635da637: close
2020-11-21 01:30:42,537 [ForkJoinPool.commonPool-worker-1] INFO  impl.RaftServerProxy (RaftServerProxy.java:lambda$close$4(338)) - d9b4e736-fd5b-4d57-a928-7527d234cae6: close
2020-11-21 01:30:42,537 [ForkJoinPool.commonPool-worker-1] INFO  impl.RaftServerImpl (RaftServerImpl.java:lambda$shutdown$3(328)) - d9b4e736-fd5b-4d57-a928-7527d234cae6@group-AD62D92DEFA4: shutdown
2020-11-21 01:30:42,537 [ForkJoinPool.commonPool-worker-1] INFO  util.JmxRegister (JmxRegister.java:unregister(73)) - Successfully un-registered JMX Bean with object name Ratis:service=RaftServer,group=group-AD62D92DEFA4,id=d9b4e736-fd5b-4d57-a928-7527d234cae6
2020-11-21 01:30:42,537 [ForkJoinPool.commonPool-worker-1] INFO  impl.RoleInfo (RoleInfo.java:shutdownLeaderState(104)) - d9b4e736-fd5b-4d57-a928-7527d234cae6: shutdown d9b4e736-fd5b-4d57-a928-7527d234cae6@group-AD62D92DEFA4-LeaderState
2020-11-21 01:30:42,537 [Listener at 127.0.0.1/13684] INFO  impl.RaftServerImpl (RaftServerImpl.java:lambda$shutdown$3(328)) - b506507d-933b-4e73-80c6-4b42635da637@group-AD62D92DEFA4: shutdown
2020-11-21 01:30:42,537 [Listener at 127.0.0.1/13684] INFO  util.JmxRegister (JmxRegister.java:unregister(73)) - Successfully un-registered JMX Bean with object name Ratis:service=RaftServer,group=group-AD62D92DEFA4,id=b506507d-933b-4e73-80c6-4b42635da637
2020-11-21 01:30:42,538 [Listener at 127.0.0.1/13684] INFO  impl.RoleInfo (RoleInfo.java:shutdownFollowerState(121)) - b506507d-933b-4e73-80c6-4b42635da637: shutdown b506507d-933b-4e73-80c6-4b42635da637@group-AD62D92DEFA4-FollowerState
2020-11-21 01:30:42,537 [ForkJoinPool.commonPool-worker-1] INFO  metrics.RatisMetrics (RatisMetrics.java:unregister(43)) - Unregistering Metrics Registry : ratis_grpc.log_appender.d9b4e736-fd5b-4d57-a928-7527d234cae6@group-AD62D92DEFA4
2020-11-21 01:30:42,538 [Thread-344] INFO  impl.FollowerState (FollowerState.java:run(137)) - b506507d-933b-4e73-80c6-4b42635da637@group-AD62D92DEFA4-FollowerState was interrupted: {}
java.lang.InterruptedException: sleep interrupted
	at java.lang.Thread.sleep(Native Method)
	at org.apache.ratis.util.JavaUtils.sleep(JavaUtils.java:250)
	at org.apache.ratis.server.impl.FollowerState.run(FollowerState.java:116)
2020-11-21 01:30:42,538 [ForkJoinPool.commonPool-worker-1] INFO  metrics.RatisMetrics (RatisMetrics.java:unregister(43)) - Unregistering Metrics Registry : ratis_grpc.log_appender.d9b4e736-fd5b-4d57-a928-7527d234cae6@group-AD62D92DEFA4
2020-11-21 01:30:42,538 [b506507d-933b-4e73-80c6-4b42635da637@group-AD62D92DEFA4-StateMachineUpdater] INFO  ratis.ContainerStateMachine (ContainerStateMachine.java:takeSnapshot(293)) - group-AD62D92DEFA4: Taking a snapshot at:(t:1, i:0) file /github/workspace/mnt/ozone/hadoop-ozone/integration-test/target/test-dir/MiniOzoneClusterImpl-3bf6729e-3927-483b-a5e0-bd83d0682071/datanode-1/data/ratis/f81c7983-3eee-4a3e-9121-ad62d92defa4/sm/snapshot.1_0
2020-11-21 01:30:42,538 [org.apache.ratis.server.impl.LogAppender$AppenderDaemon$$Lambda$373/621895480@341a5cfc] WARN  server.GrpcLogAppender (GrpcLogAppender.java:mayWait(168)) - d9b4e736-fd5b-4d57-a928-7527d234cae6@group-AD62D92DEFA4->b506507d-933b-4e73-80c6-4b42635da637-GrpcLogAppender: Wait interrupted by java.lang.InterruptedException
2020-11-21 01:30:42,540 [Listener at 127.0.0.1/13684] INFO  impl.StateMachineUpdater (StateMachineUpdater.java:stopAndJoin(147)) - b506507d-933b-4e73-80c6-4b42635da637@group-AD62D92DEFA4-StateMachineUpdater: set stopIndex = 0
2020-11-21 01:30:42,542 [grpc-default-executor-1] INFO  server.GrpcServerProtocolService (GrpcServerProtocolService.java:onCompleted(138)) - b506507d-933b-4e73-80c6-4b42635da637: Completed APPEND_ENTRIES, lastRequest: d9b4e736-fd5b-4d57-a928-7527d234cae6->b506507d-933b-4e73-80c6-4b42635da637#1-t1, previous=(t:0, i:0), leaderCommit=0, initializing? false, entries: size=1, first=(t:1, i:0), CONFIGURATIONENTRY
2020-11-21 01:30:42,543 [grpc-default-executor-1] INFO  server.GrpcLogAppender (GrpcLogAppender.java:onCompleted(337)) - d9b4e736-fd5b-4d57-a928-7527d234cae6@group-AD62D92DEFA4->b506507d-933b-4e73-80c6-4b42635da637-AppendLogResponseHandler: follower responses appendEntries COMPLETED
2020-11-21 01:30:42,543 [grpc-default-executor-1] INFO  impl.FollowerInfo (FollowerInfo.java:lambda$new$0(51)) - d9b4e736-fd5b-4d57-a928-7527d234cae6@group-AD62D92DEFA4->b506507d-933b-4e73-80c6-4b42635da637: nextIndex: updateUnconditionally 1 -> 0
2020-11-21 01:30:42,543 [org.apache.ratis.server.impl.LogAppender$AppenderDaemon$$Lambda$373/621895480@274b62f8] WARN  server.GrpcLogAppender (GrpcLogAppender.java:mayWait(168)) - d9b4e736-fd5b-4d57-a928-7527d234cae6@group-AD62D92DEFA4->e1eaea66-1c02-4714-ba01-25fa84b9c758-GrpcLogAppender: Wait interrupted by java.lang.InterruptedException
2020-11-21 01:30:42,544 [grpc-default-executor-1] INFO  server.GrpcServerProtocolService (GrpcServerProtocolService.java:onCompleted(138)) - e1eaea66-1c02-4714-ba01-25fa84b9c758: Completed APPEND_ENTRIES, lastRequest: d9b4e736-fd5b-4d57-a928-7527d234cae6->e1eaea66-1c02-4714-ba01-25fa84b9c758#1-t1, previous=(t:0, i:0), leaderCommit=0, initializing? false, entries: size=1, first=(t:1, i:0), CONFIGURATIONENTRY
2020-11-21 01:30:42,538 [ForkJoinPool.commonPool-worker-1] INFO  impl.PendingRequests (PendingRequests.java:sendNotLeaderResponses(250)) - d9b4e736-fd5b-4d57-a928-7527d234cae6@group-AD62D92DEFA4-PendingRequests: sendNotLeaderResponses
2020-11-21 01:30:42,546 [ForkJoinPool.commonPool-worker-1] INFO  metrics.RatisMetrics (RatisMetrics.java:unregister(43)) - Unregistering Metrics Registry : ratis.log_appender.d9b4e736-fd5b-4d57-a928-7527d234cae6@group-AD62D92DEFA4
2020-11-21 01:30:42,546 [ForkJoinPool.commonPool-worker-1] INFO  metrics.RatisMetrics (RatisMetrics.java:unregister(43)) - Unregistering Metrics Registry : ratis.server.d9b4e736-fd5b-4d57-a928-7527d234cae6@group-AD62D92DEFA4
2020-11-21 01:30:42,547 [ForkJoinPool.commonPool-worker-1] INFO  impl.StateMachineUpdater (StateMachineUpdater.java:stopAndJoin(147)) - d9b4e736-fd5b-4d57-a928-7527d234cae6@group-AD62D92DEFA4-StateMachineUpdater: set stopIndex = 0
2020-11-21 01:30:42,547 [d9b4e736-fd5b-4d57-a928-7527d234cae6@group-AD62D92DEFA4-StateMachineUpdater] INFO  ratis.ContainerStateMachine (ContainerStateMachine.java:takeSnapshot(293)) - group-AD62D92DEFA4: Taking a snapshot at:(t:1, i:0) file /github/workspace/mnt/ozone/hadoop-ozone/integration-test/target/test-dir/MiniOzoneClusterImpl-3bf6729e-3927-483b-a5e0-bd83d0682071/datanode-0/data/ratis/f81c7983-3eee-4a3e-9121-ad62d92defa4/sm/snapshot.1_0
2020-11-21 01:30:42,547 [grpc-default-executor-1] INFO  server.GrpcLogAppender (GrpcLogAppender.java:onCompleted(337)) - d9b4e736-fd5b-4d57-a928-7527d234cae6@group-AD62D92DEFA4->e1eaea66-1c02-4714-ba01-25fa84b9c758-AppendLogResponseHandler: follower responses appendEntries COMPLETED
2020-11-21 01:30:42,547 [grpc-default-executor-1] INFO  impl.FollowerInfo (FollowerInfo.java:lambda$new$0(51)) - d9b4e736-fd5b-4d57-a928-7527d234cae6@group-AD62D92DEFA4->e1eaea66-1c02-4714-ba01-25fa84b9c758: nextIndex: updateUnconditionally 1 -> 0
2020-11-21 01:30:42,604 [d9b4e736-fd5b-4d57-a928-7527d234cae6@group-AD62D92DEFA4-StateMachineUpdater] INFO  ratis.ContainerStateMachine (ContainerStateMachine.java:takeSnapshot(304)) - group-AD62D92DEFA4: Finished taking a snapshot at:(t:1, i:0) file:/github/workspace/mnt/ozone/hadoop-ozone/integration-test/target/test-dir/MiniOzoneClusterImpl-3bf6729e-3927-483b-a5e0-bd83d0682071/datanode-0/data/ratis/f81c7983-3eee-4a3e-9121-ad62d92defa4/sm/snapshot.1_0 time:57
2020-11-21 01:30:42,604 [b506507d-933b-4e73-80c6-4b42635da637@group-AD62D92DEFA4-StateMachineUpdater] INFO  ratis.ContainerStateMachine (ContainerStateMachine.java:takeSnapshot(304)) - group-AD62D92DEFA4: Finished taking a snapshot at:(t:1, i:0) file:/github/workspace/mnt/ozone/hadoop-ozone/integration-test/target/test-dir/MiniOzoneClusterImpl-3bf6729e-3927-483b-a5e0-bd83d0682071/datanode-1/data/ratis/f81c7983-3eee-4a3e-9121-ad62d92defa4/sm/snapshot.1_0 time:66
2020-11-21 01:30:42,606 [d9b4e736-fd5b-4d57-a928-7527d234cae6@group-AD62D92DEFA4-StateMachineUpdater] INFO  impl.StateMachineUpdater (StateMachineUpdater.java:takeSnapshot(278)) - d9b4e736-fd5b-4d57-a928-7527d234cae6@group-AD62D92DEFA4-StateMachineUpdater: Took a snapshot at index 0
2020-11-21 01:30:42,606 [d9b4e736-fd5b-4d57-a928-7527d234cae6@group-AD62D92DEFA4-StateMachineUpdater] INFO  impl.StateMachineUpdater (StateMachineUpdater.java:lambda$new$0(87)) - d9b4e736-fd5b-4d57-a928-7527d234cae6@group-AD62D92DEFA4-StateMachineUpdater: snapshotIndex: updateIncreasingly -1 -> 0
2020-11-21 01:30:42,606 [b506507d-933b-4e73-80c6-4b42635da637@group-AD62D92DEFA4-StateMachineUpdater] INFO  impl.StateMachineUpdater (StateMachineUpdater.java:takeSnapshot(278)) - b506507d-933b-4e73-80c6-4b42635da637@group-AD62D92DEFA4-StateMachineUpdater: Took a snapshot at index 0
2020-11-21 01:30:42,606 [b506507d-933b-4e73-80c6-4b42635da637@group-AD62D92DEFA4-StateMachineUpdater] INFO  impl.StateMachineUpdater (StateMachineUpdater.java:lambda$new$0(87)) - b506507d-933b-4e73-80c6-4b42635da637@group-AD62D92DEFA4-StateMachineUpdater: snapshotIndex: updateIncreasingly -1 -> 0
2020-11-21 01:30:42,609 [b506507d-933b-4e73-80c6-4b42635da637@group-AD62D92DEFA4-StateMachineUpdater] INFO  metrics.RatisMetrics (RatisMetrics.java:unregister(43)) - Unregistering Metrics Registry : ratis.state_machine.b506507d-933b-4e73-80c6-4b42635da637@group-AD62D92DEFA4
2020-11-21 01:30:42,610 [d9b4e736-fd5b-4d57-a928-7527d234cae6@group-AD62D92DEFA4-StateMachineUpdater] INFO  metrics.RatisMetrics (RatisMetrics.java:unregister(43)) - Unregistering Metrics Registry : ratis.state_machine.d9b4e736-fd5b-4d57-a928-7527d234cae6@group-AD62D92DEFA4
2020-11-21 01:30:42,610 [Listener at 127.0.0.1/13684] INFO  impl.RaftServerImpl (ServerState.java:close(406)) - b506507d-933b-4e73-80c6-4b42635da637@group-AD62D92DEFA4: closes. applyIndex: 0
2020-11-21 01:30:42,610 [ForkJoinPool.commonPool-worker-1] INFO  impl.RaftServerImpl (ServerState.java:close(406)) - d9b4e736-fd5b-4d57-a928-7527d234cae6@group-AD62D92DEFA4: closes. applyIndex: 0
2020-11-21 01:30:42,610 [b506507d-933b-4e73-80c6-4b42635da637@group-AD62D92DEFA4-SegmentedRaftLogWorker] INFO  segmented.SegmentedRaftLogWorker (SegmentedRaftLogWorker.java:run(329)) - b506507d-933b-4e73-80c6-4b42635da637@group-AD62D92DEFA4-SegmentedRaftLogWorker was interrupted, exiting. There are 0 tasks remaining in the queue.
2020-11-21 01:30:42,610 [d9b4e736-fd5b-4d57-a928-7527d234cae6@group-AD62D92DEFA4-SegmentedRaftLogWorker] INFO  segmented.SegmentedRaftLogWorker (SegmentedRaftLogWorker.java:run(329)) - d9b4e736-fd5b-4d57-a928-7527d234cae6@group-AD62D92DEFA4-SegmentedRaftLogWorker was interrupted, exiting. There are 0 tasks remaining in the queue.
2020-11-21 01:30:42,611 [ForkJoinPool.commonPool-worker-1] INFO  segmented.SegmentedRaftLogWorker (SegmentedRaftLogWorker.java:close(235)) - d9b4e736-fd5b-4d57-a928-7527d234cae6@group-AD62D92DEFA4-SegmentedRaftLogWorker close()
2020-11-21 01:30:42,612 [Listener at 127.0.0.1/13684] INFO  segmented.SegmentedRaftLogWorker (SegmentedRaftLogWorker.java:close(235)) - b506507d-933b-4e73-80c6-4b42635da637@group-AD62D92DEFA4-SegmentedRaftLogWorker close()
2020-11-21 01:30:42,612 [ForkJoinPool.commonPool-worker-1] INFO  metrics.RatisMetrics (RatisMetrics.java:unregister(43)) - Unregistering Metrics Registry : ratis.log_worker.d9b4e736-fd5b-4d57-a928-7527d234cae6@group-AD62D92DEFA4
2020-11-21 01:30:42,612 [ForkJoinPool.commonPool-worker-1] INFO  metrics.RatisMetrics (RatisMetrics.java:unregister(43)) - Unregistering Metrics Registry : ratis.leader_election.d9b4e736-fd5b-4d57-a928-7527d234cae6@group-AD62D92DEFA4
2020-11-21 01:30:42,612 [ForkJoinPool.commonPool-worker-1] INFO  metrics.RatisMetrics (RatisMetrics.java:unregister(43)) - Unregistering Metrics Registry : ratis.server.d9b4e736-fd5b-4d57-a928-7527d234cae6@group-AD62D92DEFA4
2020-11-21 01:30:42,612 [ForkJoinPool.commonPool-worker-1] INFO  impl.RaftServerImpl (RaftServerImpl.java:lambda$shutdown$3(328)) - d9b4e736-fd5b-4d57-a928-7527d234cae6@group-64A3D7461214: shutdown
2020-11-21 01:30:42,612 [ForkJoinPool.commonPool-worker-1] INFO  util.JmxRegister (JmxRegister.java:unregister(73)) - Successfully un-registered JMX Bean with object name Ratis:service=RaftServer,group=group-64A3D7461214,id=d9b4e736-fd5b-4d57-a928-7527d234cae6
2020-11-21 01:30:42,613 [ForkJoinPool.commonPool-worker-1] INFO  impl.RoleInfo (RoleInfo.java:shutdownLeaderState(104)) - d9b4e736-fd5b-4d57-a928-7527d234cae6: shutdown d9b4e736-fd5b-4d57-a928-7527d234cae6@group-64A3D7461214-LeaderState
2020-11-21 01:30:42,613 [ForkJoinPool.commonPool-worker-1] INFO  impl.PendingRequests (PendingRequests.java:sendNotLeaderResponses(250)) - d9b4e736-fd5b-4d57-a928-7527d234cae6@group-64A3D7461214-PendingRequests: sendNotLeaderResponses
2020-11-21 01:30:42,613 [ForkJoinPool.commonPool-worker-1] INFO  metrics.RatisMetrics (RatisMetrics.java:unregister(43)) - Unregistering Metrics Registry : ratis.log_appender.d9b4e736-fd5b-4d57-a928-7527d234cae6@group-64A3D7461214
2020-11-21 01:30:42,613 [ForkJoinPool.commonPool-worker-1] INFO  metrics.RatisMetrics (RatisMetrics.java:unregister(43)) - Unregistering Metrics Registry : ratis.server.d9b4e736-fd5b-4d57-a928-7527d234cae6@group-64A3D7461214
2020-11-21 01:30:42,613 [ForkJoinPool.commonPool-worker-1] INFO  impl.StateMachineUpdater (StateMachineUpdater.java:stopAndJoin(147)) - d9b4e736-fd5b-4d57-a928-7527d234cae6@group-64A3D7461214-StateMachineUpdater: set stopIndex = 0
2020-11-21 01:30:42,613 [d9b4e736-fd5b-4d57-a928-7527d234cae6@group-64A3D7461214-StateMachineUpdater] INFO  ratis.ContainerStateMachine (ContainerStateMachine.java:takeSnapshot(293)) - group-64A3D7461214: Taking a snapshot at:(t:1, i:0) file /github/workspace/mnt/ozone/hadoop-ozone/integration-test/target/test-dir/MiniOzoneClusterImpl-3bf6729e-3927-483b-a5e0-bd83d0682071/datanode-0/data/ratis/abd88625-ea24-47ca-a93c-64a3d7461214/sm/snapshot.1_0
2020-11-21 01:30:42,614 [Listener at 127.0.0.1/13684] INFO  metrics.RatisMetrics (RatisMetrics.java:unregister(43)) - Unregistering Metrics Registry : ratis.log_worker.b506507d-933b-4e73-80c6-4b42635da637@group-AD62D92DEFA4
2020-11-21 01:30:42,614 [Listener at 127.0.0.1/13684] INFO  metrics.RatisMetrics (RatisMetrics.java:unregister(43)) - Unregistering Metrics Registry : ratis.leader_election.b506507d-933b-4e73-80c6-4b42635da637@group-AD62D92DEFA4
2020-11-21 01:30:42,615 [Listener at 127.0.0.1/13684] INFO  metrics.RatisMetrics (RatisMetrics.java:unregister(43)) - Unregistering Metrics Registry : ratis.server.b506507d-933b-4e73-80c6-4b42635da637@group-AD62D92DEFA4
2020-11-21 01:30:42,615 [Listener at 127.0.0.1/13684] INFO  impl.RaftServerImpl (RaftServerImpl.java:lambda$shutdown$3(328)) - b506507d-933b-4e73-80c6-4b42635da637@group-90E4E7DFB6EA: shutdown
2020-11-21 01:30:42,614 [d9b4e736-fd5b-4d57-a928-7527d234cae6@group-64A3D7461214-StateMachineUpdater] INFO  ratis.ContainerStateMachine (ContainerStateMachine.java:takeSnapshot(304)) - group-64A3D7461214: Finished taking a snapshot at:(t:1, i:0) file:/github/workspace/mnt/ozone/hadoop-ozone/integration-test/target/test-dir/MiniOzoneClusterImpl-3bf6729e-3927-483b-a5e0-bd83d0682071/datanode-0/data/ratis/abd88625-ea24-47ca-a93c-64a3d7461214/sm/snapshot.1_0 time:1
2020-11-21 01:30:42,615 [d9b4e736-fd5b-4d57-a928-7527d234cae6@group-64A3D7461214-StateMachineUpdater] INFO  impl.StateMachineUpdater (StateMachineUpdater.java:takeSnapshot(278)) - d9b4e736-fd5b-4d57-a928-7527d234cae6@group-64A3D7461214-StateMachineUpdater: Took a snapshot at index 0
2020-11-21 01:30:42,615 [d9b4e736-fd5b-4d57-a928-7527d234cae6@group-64A3D7461214-StateMachineUpdater] INFO  impl.StateMachineUpdater (StateMachineUpdater.java:lambda$new$0(87)) - d9b4e736-fd5b-4d57-a928-7527d234cae6@group-64A3D7461214-StateMachineUpdater: snapshotIndex: updateIncreasingly -1 -> 0
2020-11-21 01:30:42,615 [d9b4e736-fd5b-4d57-a928-7527d234cae6@group-64A3D7461214-StateMachineUpdater] INFO  metrics.RatisMetrics (RatisMetrics.java:unregister(43)) - Unregistering Metrics Registry : ratis.state_machine.d9b4e736-fd5b-4d57-a928-7527d234cae6@group-64A3D7461214
2020-11-21 01:30:42,615 [Listener at 127.0.0.1/13684] INFO  util.JmxRegister (JmxRegister.java:unregister(73)) - Successfully un-registered JMX Bean with object name Ratis:service=RaftServer,group=group-90E4E7DFB6EA,id=b506507d-933b-4e73-80c6-4b42635da637
2020-11-21 01:30:42,616 [Listener at 127.0.0.1/13684] INFO  impl.RoleInfo (RoleInfo.java:shutdownLeaderState(104)) - b506507d-933b-4e73-80c6-4b42635da637: shutdown b506507d-933b-4e73-80c6-4b42635da637@group-90E4E7DFB6EA-LeaderState
2020-11-21 01:30:42,616 [Listener at 127.0.0.1/13684] INFO  impl.PendingRequests (PendingRequests.java:sendNotLeaderResponses(250)) - b506507d-933b-4e73-80c6-4b42635da637@group-90E4E7DFB6EA-PendingRequests: sendNotLeaderResponses
2020-11-21 01:30:42,616 [Listener at 127.0.0.1/13684] INFO  metrics.RatisMetrics (RatisMetrics.java:unregister(43)) - Unregistering Metrics Registry : ratis.log_appender.b506507d-933b-4e73-80c6-4b42635da637@group-90E4E7DFB6EA
2020-11-21 01:30:42,616 [Listener at 127.0.0.1/13684] INFO  metrics.RatisMetrics (RatisMetrics.java:unregister(43)) - Unregistering Metrics Registry : ratis.server.b506507d-933b-4e73-80c6-4b42635da637@group-90E4E7DFB6EA
2020-11-21 01:30:42,616 [Listener at 127.0.0.1/13684] INFO  impl.StateMachineUpdater (StateMachineUpdater.java:stopAndJoin(147)) - b506507d-933b-4e73-80c6-4b42635da637@group-90E4E7DFB6EA-StateMachineUpdater: set stopIndex = 0
2020-11-21 01:30:42,616 [ForkJoinPool.commonPool-worker-1] INFO  impl.RaftServerImpl (ServerState.java:close(406)) - d9b4e736-fd5b-4d57-a928-7527d234cae6@group-64A3D7461214: closes. applyIndex: 0
2020-11-21 01:30:42,617 [d9b4e736-fd5b-4d57-a928-7527d234cae6@group-64A3D7461214-SegmentedRaftLogWorker] INFO  segmented.SegmentedRaftLogWorker (SegmentedRaftLogWorker.java:run(329)) - d9b4e736-fd5b-4d57-a928-7527d234cae6@group-64A3D7461214-SegmentedRaftLogWorker was interrupted, exiting. There are 0 tasks remaining in the queue.
2020-11-21 01:30:42,617 [b506507d-933b-4e73-80c6-4b42635da637@group-90E4E7DFB6EA-StateMachineUpdater] INFO  ratis.ContainerStateMachine (ContainerStateMachine.java:takeSnapshot(293)) - group-90E4E7DFB6EA: Taking a snapshot at:(t:1, i:0) file /github/workspace/mnt/ozone/hadoop-ozone/integration-test/target/test-dir/MiniOzoneClusterImpl-3bf6729e-3927-483b-a5e0-bd83d0682071/datanode-1/data/ratis/850b6614-fa1a-4f00-8782-90e4e7dfb6ea/sm/snapshot.1_0
2020-11-21 01:30:42,618 [ForkJoinPool.commonPool-worker-1] INFO  segmented.SegmentedRaftLogWorker (SegmentedRaftLogWorker.java:close(235)) - d9b4e736-fd5b-4d57-a928-7527d234cae6@group-64A3D7461214-SegmentedRaftLogWorker close()
2020-11-21 01:30:42,618 [b506507d-933b-4e73-80c6-4b42635da637@group-90E4E7DFB6EA-StateMachineUpdater] INFO  ratis.ContainerStateMachine (ContainerStateMachine.java:takeSnapshot(304)) - group-90E4E7DFB6EA: Finished taking a snapshot at:(t:1, i:0) file:/github/workspace/mnt/ozone/hadoop-ozone/integration-test/target/test-dir/MiniOzoneClusterImpl-3bf6729e-3927-483b-a5e0-bd83d0682071/datanode-1/data/ratis/850b6614-fa1a-4f00-8782-90e4e7dfb6ea/sm/snapshot.1_0 time:1
2020-11-21 01:30:42,618 [b506507d-933b-4e73-80c6-4b42635da637@group-90E4E7DFB6EA-StateMachineUpdater] INFO  impl.StateMachineUpdater (StateMachineUpdater.java:takeSnapshot(278)) - b506507d-933b-4e73-80c6-4b42635da637@group-90E4E7DFB6EA-StateMachineUpdater: Took a snapshot at index 0
2020-11-21 01:30:42,618 [b506507d-933b-4e73-80c6-4b42635da637@group-90E4E7DFB6EA-StateMachineUpdater] INFO  impl.StateMachineUpdater (StateMachineUpdater.java:lambda$new$0(87)) - b506507d-933b-4e73-80c6-4b42635da637@group-90E4E7DFB6EA-StateMachineUpdater: snapshotIndex: updateIncreasingly -1 -> 0
2020-11-21 01:30:42,618 [b506507d-933b-4e73-80c6-4b42635da637@group-90E4E7DFB6EA-StateMachineUpdater] INFO  metrics.RatisMetrics (RatisMetrics.java:unregister(43)) - Unregistering Metrics Registry : ratis.state_machine.b506507d-933b-4e73-80c6-4b42635da637@group-90E4E7DFB6EA
2020-11-21 01:30:42,619 [ForkJoinPool.commonPool-worker-1] INFO  metrics.RatisMetrics (RatisMetrics.java:unregister(43)) - Unregistering Metrics Registry : ratis.log_worker.d9b4e736-fd5b-4d57-a928-7527d234cae6@group-64A3D7461214
2020-11-21 01:30:42,619 [ForkJoinPool.commonPool-worker-1] INFO  metrics.RatisMetrics (RatisMetrics.java:unregister(43)) - Unregistering Metrics Registry : ratis.leader_election.d9b4e736-fd5b-4d57-a928-7527d234cae6@group-64A3D7461214
2020-11-21 01:30:42,619 [ForkJoinPool.commonPool-worker-1] INFO  metrics.RatisMetrics (RatisMetrics.java:unregister(43)) - Unregistering Metrics Registry : ratis.server.d9b4e736-fd5b-4d57-a928-7527d234cae6@group-64A3D7461214
2020-11-21 01:30:42,619 [ForkJoinPool.commonPool-worker-1] INFO  server.GrpcService (GrpcService.java:closeImpl(184)) - d9b4e736-fd5b-4d57-a928-7527d234cae6: shutdown server with port 42781 now
2020-11-21 01:30:42,619 [Listener at 127.0.0.1/13684] INFO  impl.RaftServerImpl (ServerState.java:close(406)) - b506507d-933b-4e73-80c6-4b42635da637@group-90E4E7DFB6EA: closes. applyIndex: 0
2020-11-21 01:30:42,620 [b506507d-933b-4e73-80c6-4b42635da637@group-90E4E7DFB6EA-SegmentedRaftLogWorker] INFO  segmented.SegmentedRaftLogWorker (SegmentedRaftLogWorker.java:run(329)) - b506507d-933b-4e73-80c6-4b42635da637@group-90E4E7DFB6EA-SegmentedRaftLogWorker was interrupted, exiting. There are 0 tasks remaining in the queue.
2020-11-21 01:30:42,620 [Listener at 127.0.0.1/13684] INFO  segmented.SegmentedRaftLogWorker (SegmentedRaftLogWorker.java:close(235)) - b506507d-933b-4e73-80c6-4b42635da637@group-90E4E7DFB6EA-SegmentedRaftLogWorker close()
2020-11-21 01:30:42,621 [Listener at 127.0.0.1/13684] INFO  metrics.RatisMetrics (RatisMetrics.java:unregister(43)) - Unregistering Metrics Registry : ratis.log_worker.b506507d-933b-4e73-80c6-4b42635da637@group-90E4E7DFB6EA
2020-11-21 01:30:42,621 [Listener at 127.0.0.1/13684] INFO  metrics.RatisMetrics (RatisMetrics.java:unregister(43)) - Unregistering Metrics Registry : ratis.leader_election.b506507d-933b-4e73-80c6-4b42635da637@group-90E4E7DFB6EA
2020-11-21 01:30:42,621 [Listener at 127.0.0.1/13684] INFO  metrics.RatisMetrics (RatisMetrics.java:unregister(43)) - Unregistering Metrics Registry : ratis.server.b506507d-933b-4e73-80c6-4b42635da637@group-90E4E7DFB6EA
2020-11-21 01:30:42,622 [Listener at 127.0.0.1/13684] INFO  server.GrpcService (GrpcService.java:closeImpl(184)) - b506507d-933b-4e73-80c6-4b42635da637: shutdown server with port 36721 now
2020-11-21 01:30:42,625 [Listener at 127.0.0.1/13684] INFO  server.GrpcService (GrpcService.java:closeImpl(193)) - b506507d-933b-4e73-80c6-4b42635da637: shutdown server with port 36721 successfully
2020-11-21 01:30:42,627 [ForkJoinPool.commonPool-worker-1] INFO  server.GrpcService (GrpcService.java:closeImpl(193)) - d9b4e736-fd5b-4d57-a928-7527d234cae6: shutdown server with port 42781 successfully
2020-11-21 01:30:42,630 [Listener at 127.0.0.1/13684] INFO  utils.BackgroundService (BackgroundService.java:shutdown(132)) - Shutting down service BlockDeletingService
2020-11-21 01:30:42,631 [ForkJoinPool.commonPool-worker-1] INFO  utils.BackgroundService (BackgroundService.java:shutdown(132)) - Shutting down service BlockDeletingService
2020-11-21 01:30:42,632 [Listener at 127.0.0.1/13684] INFO  statemachine.DatanodeStateMachine (DatanodeStateMachine.java:stopDaemon(459)) - Ozone container server stopped.
2020-11-21 01:30:42,632 [ForkJoinPool.commonPool-worker-1] INFO  statemachine.DatanodeStateMachine (DatanodeStateMachine.java:stopDaemon(459)) - Ozone container server stopped.
2020-11-21 01:30:42,649 [Listener at 127.0.0.1/13684] INFO  handler.ContextHandler (ContextHandler.java:doStop(1154)) - Stopped o.e.j.w.WebAppContext@6513677e{hddsDatanode,/,null,STOPPED}{jar:file:/home/user/.m2/repository/org/apache/hadoop/hadoop-hdds-container-service/1.1.0-SNAPSHOT/hadoop-hdds-container-service-1.1.0-SNAPSHOT.jar!/webapps/hddsDatanode}
2020-11-21 01:30:42,656 [ForkJoinPool.commonPool-worker-1] INFO  handler.ContextHandler (ContextHandler.java:doStop(1154)) - Stopped o.e.j.w.WebAppContext@2c9807ae{hddsDatanode,/,null,STOPPED}{jar:file:/home/user/.m2/repository/org/apache/hadoop/hadoop-hdds-container-service/1.1.0-SNAPSHOT/hadoop-hdds-container-service-1.1.0-SNAPSHOT.jar!/webapps/hddsDatanode}
2020-11-21 01:30:42,656 [ForkJoinPool.commonPool-worker-1] INFO  server.AbstractConnector (AbstractConnector.java:doStop(381)) - Stopped ServerConnector@4c485439{HTTP/1.1, (http/1.1)}{0.0.0.0:0}
2020-11-21 01:30:42,656 [ForkJoinPool.commonPool-worker-1] INFO  server.session (HouseKeeper.java:stopScavenging(149)) - node0 Stopped scavenging
2020-11-21 01:30:42,657 [Listener at 127.0.0.1/13684] INFO  server.AbstractConnector (AbstractConnector.java:doStop(381)) - Stopped ServerConnector@55d55ccb{HTTP/1.1, (http/1.1)}{0.0.0.0:0}
2020-11-21 01:30:42,657 [Listener at 127.0.0.1/13684] INFO  server.session (HouseKeeper.java:stopScavenging(149)) - node0 Stopped scavenging
2020-11-21 01:30:42,657 [Listener at 127.0.0.1/13684] INFO  handler.ContextHandler (ContextHandler.java:doStop(1154)) - Stopped o.e.j.s.ServletContextHandler@5189bb4b{static,/static,jar:file:/home/user/.m2/repository/org/apache/hadoop/hadoop-hdds-container-service/1.1.0-SNAPSHOT/hadoop-hdds-container-service-1.1.0-SNAPSHOT.jar!/webapps/static,STOPPED}
2020-11-21 01:30:42,658 [Listener at 127.0.0.1/13684] INFO  handler.ContextHandler (ContextHandler.java:doStop(1154)) - Stopped o.e.j.s.ServletContextHandler@7c7eccf8{logs,/logs,file:///github/workspace/mnt/ozone/hadoop-ozone/integration-test/target/log,STOPPED}
2020-11-21 01:30:42,657 [ForkJoinPool.commonPool-worker-1] INFO  handler.ContextHandler (ContextHandler.java:doStop(1154)) - Stopped o.e.j.s.ServletContextHandler@73be91bc{static,/static,jar:file:/home/user/.m2/repository/org/apache/hadoop/hadoop-hdds-container-service/1.1.0-SNAPSHOT/hadoop-hdds-container-service-1.1.0-SNAPSHOT.jar!/webapps/static,STOPPED}
2020-11-21 01:30:42,659 [ForkJoinPool.commonPool-worker-1] INFO  handler.ContextHandler (ContextHandler.java:doStop(1154)) - Stopped o.e.j.s.ServletContextHandler@7a86b60f{logs,/logs,file:///github/workspace/mnt/ozone/hadoop-ozone/integration-test/target/log,STOPPED}
2020-11-21 01:30:43,105 [Datanode State Machine Thread - 0] INFO  statemachine.DatanodeStateMachine (DatanodeStateMachine.java:lambda$startDaemon$0(406)) - Ozone container server started.
2020-11-21 01:30:46,371 [Thread-345] INFO  impl.FollowerState (FollowerState.java:run(128)) - e1eaea66-1c02-4714-ba01-25fa84b9c758@group-AD62D92DEFA4-FollowerState: change to CANDIDATE, lastRpcTime:5045ms, electionTimeout:5005ms
2020-11-21 01:30:46,371 [Thread-345] INFO  impl.RoleInfo (RoleInfo.java:shutdownFollowerState(121)) - e1eaea66-1c02-4714-ba01-25fa84b9c758: shutdown e1eaea66-1c02-4714-ba01-25fa84b9c758@group-AD62D92DEFA4-FollowerState
2020-11-21 01:30:46,372 [Thread-345] INFO  impl.RaftServerImpl (RaftServerImpl.java:setRole(204)) - e1eaea66-1c02-4714-ba01-25fa84b9c758@group-AD62D92DEFA4: changes role from  FOLLOWER to CANDIDATE at term 1 for changeToCandidate
2020-11-21 01:30:46,372 [Thread-345] INFO  impl.RoleInfo (RoleInfo.java:updateAndGet(143)) - e1eaea66-1c02-4714-ba01-25fa84b9c758: start e1eaea66-1c02-4714-ba01-25fa84b9c758@group-AD62D92DEFA4-LeaderElection9
2020-11-21 01:30:46,373 [e1eaea66-1c02-4714-ba01-25fa84b9c758@group-AD62D92DEFA4-LeaderElection9] INFO  impl.RaftServerImpl (ServerState.java:setLeader(256)) - e1eaea66-1c02-4714-ba01-25fa84b9c758@group-AD62D92DEFA4: change Leader from d9b4e736-fd5b-4d57-a928-7527d234cae6 to null at term 1 for initElection
2020-11-21 01:30:46,375 [e1eaea66-1c02-4714-ba01-25fa84b9c758@group-AD62D92DEFA4-LeaderElection9] INFO  impl.LeaderElection (LeaderElection.java:askForVotes(215)) - e1eaea66-1c02-4714-ba01-25fa84b9c758@group-AD62D92DEFA4-LeaderElection9: begin an election at term 2 for 0: [d9b4e736-fd5b-4d57-a928-7527d234cae6|rpc:172.17.0.2:42781|dataStream:, b506507d-933b-4e73-80c6-4b42635da637|rpc:172.17.0.2:36721|dataStream:, e1eaea66-1c02-4714-ba01-25fa84b9c758|rpc:172.17.0.2:34847|dataStream:], old=null
2020-11-21 01:30:46,385 [e1eaea66-1c02-4714-ba01-25fa84b9c758@group-AD62D92DEFA4-LeaderElection9] INFO  impl.LeaderElection (LogUtils.java:infoOrTrace(137)) - e1eaea66-1c02-4714-ba01-25fa84b9c758@group-AD62D92DEFA4-LeaderElection9 got exception when requesting votes: java.util.concurrent.ExecutionException: org.apache.ratis.thirdparty.io.grpc.StatusRuntimeException: UNAVAILABLE: io exception
2020-11-21 01:30:46,385 [e1eaea66-1c02-4714-ba01-25fa84b9c758@group-AD62D92DEFA4-LeaderElection9] INFO  impl.LeaderElection (LogUtils.java:infoOrTrace(137)) - e1eaea66-1c02-4714-ba01-25fa84b9c758@group-AD62D92DEFA4-LeaderElection9 got exception when requesting votes: java.util.concurrent.ExecutionException: org.apache.ratis.thirdparty.io.grpc.StatusRuntimeException: UNAVAILABLE: io exception
2020-11-21 01:30:46,385 [e1eaea66-1c02-4714-ba01-25fa84b9c758@group-AD62D92DEFA4-LeaderElection9] INFO  impl.LeaderElection (LeaderElection.java:logAndReturn(65)) - e1eaea66-1c02-4714-ba01-25fa84b9c758@group-AD62D92DEFA4-LeaderElection9: Election REJECTED; received 0 response(s) [] and 2 exception(s); e1eaea66-1c02-4714-ba01-25fa84b9c758@group-AD62D92DEFA4:t2, leader=null, voted=e1eaea66-1c02-4714-ba01-25fa84b9c758, raftlog=e1eaea66-1c02-4714-ba01-25fa84b9c758@group-AD62D92DEFA4-SegmentedRaftLog:OPENED:c0,f0,i0, conf=0: [d9b4e736-fd5b-4d57-a928-7527d234cae6|rpc:172.17.0.2:42781|dataStream:, b506507d-933b-4e73-80c6-4b42635da637|rpc:172.17.0.2:36721|dataStream:, e1eaea66-1c02-4714-ba01-25fa84b9c758|rpc:172.17.0.2:34847|dataStream:], old=null
2020-11-21 01:30:46,385 [e1eaea66-1c02-4714-ba01-25fa84b9c758@group-AD62D92DEFA4-LeaderElection9] INFO  impl.LeaderElection (LogUtils.java:infoOrTrace(137)) -   Exception 0: java.util.concurrent.ExecutionException: org.apache.ratis.thirdparty.io.grpc.StatusRuntimeException: UNAVAILABLE: io exception
2020-11-21 01:30:46,385 [e1eaea66-1c02-4714-ba01-25fa84b9c758@group-AD62D92DEFA4-LeaderElection9] INFO  impl.LeaderElection (LogUtils.java:infoOrTrace(137)) -   Exception 1: java.util.concurrent.ExecutionException: org.apache.ratis.thirdparty.io.grpc.StatusRuntimeException: UNAVAILABLE: io exception
2020-11-21 01:30:46,385 [e1eaea66-1c02-4714-ba01-25fa84b9c758@group-AD62D92DEFA4-LeaderElection9] INFO  impl.RaftServerImpl (RaftServerImpl.java:setRole(204)) - e1eaea66-1c02-4714-ba01-25fa84b9c758@group-AD62D92DEFA4: changes role from CANDIDATE to FOLLOWER at term 2 for DISCOVERED_A_NEW_TERM
2020-11-21 01:30:46,385 [e1eaea66-1c02-4714-ba01-25fa84b9c758@group-AD62D92DEFA4-LeaderElection9] INFO  impl.RoleInfo (RoleInfo.java:shutdownLeaderElection(134)) - e1eaea66-1c02-4714-ba01-25fa84b9c758: shutdown e1eaea66-1c02-4714-ba01-25fa84b9c758@group-AD62D92DEFA4-LeaderElection9
2020-11-21 01:30:46,386 [e1eaea66-1c02-4714-ba01-25fa84b9c758@group-AD62D92DEFA4-LeaderElection9] INFO  impl.RoleInfo (RoleInfo.java:updateAndGet(143)) - e1eaea66-1c02-4714-ba01-25fa84b9c758: start e1eaea66-1c02-4714-ba01-25fa84b9c758@group-AD62D92DEFA4-FollowerState
2020-11-21 01:30:47,660 [Listener at 127.0.0.1/13684] INFO  ozoneimpl.OzoneContainer (OzoneContainer.java:stop(257)) - Attempting to stop container services.
2020-11-21 01:30:47,661 [Listener at 127.0.0.1/13684] INFO  impl.RaftServerProxy (RaftServerProxy.java:lambda$close$4(338)) - e1eaea66-1c02-4714-ba01-25fa84b9c758: close
2020-11-21 01:30:47,662 [Listener at 127.0.0.1/13684] INFO  impl.RaftServerImpl (RaftServerImpl.java:lambda$shutdown$3(328)) - e1eaea66-1c02-4714-ba01-25fa84b9c758@group-AD62D92DEFA4: shutdown
2020-11-21 01:30:47,662 [ForkJoinPool.commonPool-worker-0] INFO  impl.RaftServerImpl (RaftServerImpl.java:lambda$shutdown$3(328)) - e1eaea66-1c02-4714-ba01-25fa84b9c758@group-8631DB9619D8: shutdown
2020-11-21 01:30:47,662 [Listener at 127.0.0.1/13684] INFO  util.JmxRegister (JmxRegister.java:unregister(73)) - Successfully un-registered JMX Bean with object name Ratis:service=RaftServer,group=group-AD62D92DEFA4,id=e1eaea66-1c02-4714-ba01-25fa84b9c758
2020-11-21 01:30:47,662 [Listener at 127.0.0.1/13684] INFO  impl.RoleInfo (RoleInfo.java:shutdownFollowerState(121)) - e1eaea66-1c02-4714-ba01-25fa84b9c758: shutdown e1eaea66-1c02-4714-ba01-25fa84b9c758@group-AD62D92DEFA4-FollowerState
2020-11-21 01:30:47,663 [Listener at 127.0.0.1/13684] INFO  impl.StateMachineUpdater (StateMachineUpdater.java:stopAndJoin(147)) - e1eaea66-1c02-4714-ba01-25fa84b9c758@group-AD62D92DEFA4-StateMachineUpdater: set stopIndex = 0
2020-11-21 01:30:47,663 [e1eaea66-1c02-4714-ba01-25fa84b9c758@group-AD62D92DEFA4-StateMachineUpdater] INFO  ratis.ContainerStateMachine (ContainerStateMachine.java:takeSnapshot(293)) - group-AD62D92DEFA4: Taking a snapshot at:(t:1, i:0) file /github/workspace/mnt/ozone/hadoop-ozone/integration-test/target/test-dir/MiniOzoneClusterImpl-3bf6729e-3927-483b-a5e0-bd83d0682071/datanode-2/data/ratis/f81c7983-3eee-4a3e-9121-ad62d92defa4/sm/snapshot.1_0
2020-11-21 01:30:47,662 [ForkJoinPool.commonPool-worker-0] INFO  util.JmxRegister (JmxRegister.java:unregister(73)) - Successfully un-registered JMX Bean with object name Ratis:service=RaftServer,group=group-8631DB9619D8,id=e1eaea66-1c02-4714-ba01-25fa84b9c758
2020-11-21 01:30:47,663 [Thread-385] INFO  impl.FollowerState (FollowerState.java:run(137)) - e1eaea66-1c02-4714-ba01-25fa84b9c758@group-AD62D92DEFA4-FollowerState was interrupted: {}
java.lang.InterruptedException: sleep interrupted
	at java.lang.Thread.sleep(Native Method)
	at org.apache.ratis.util.JavaUtils.sleep(JavaUtils.java:250)
	at org.apache.ratis.server.impl.FollowerState.run(FollowerState.java:116)
2020-11-21 01:30:47,663 [ForkJoinPool.commonPool-worker-0] INFO  impl.RoleInfo (RoleInfo.java:shutdownLeaderState(104)) - e1eaea66-1c02-4714-ba01-25fa84b9c758: shutdown e1eaea66-1c02-4714-ba01-25fa84b9c758@group-8631DB9619D8-LeaderState
2020-11-21 01:30:47,664 [ForkJoinPool.commonPool-worker-0] INFO  impl.PendingRequests (PendingRequests.java:sendNotLeaderResponses(250)) - e1eaea66-1c02-4714-ba01-25fa84b9c758@group-8631DB9619D8-PendingRequests: sendNotLeaderResponses
2020-11-21 01:30:47,664 [e1eaea66-1c02-4714-ba01-25fa84b9c758@group-AD62D92DEFA4-StateMachineUpdater] INFO  ratis.ContainerStateMachine (ContainerStateMachine.java:takeSnapshot(304)) - group-AD62D92DEFA4: Finished taking a snapshot at:(t:1, i:0) file:/github/workspace/mnt/ozone/hadoop-ozone/integration-test/target/test-dir/MiniOzoneClusterImpl-3bf6729e-3927-483b-a5e0-bd83d0682071/datanode-2/data/ratis/f81c7983-3eee-4a3e-9121-ad62d92defa4/sm/snapshot.1_0 time:1
2020-11-21 01:30:47,664 [e1eaea66-1c02-4714-ba01-25fa84b9c758@group-AD62D92DEFA4-StateMachineUpdater] INFO  impl.StateMachineUpdater (StateMachineUpdater.java:takeSnapshot(278)) - e1eaea66-1c02-4714-ba01-25fa84b9c758@group-AD62D92DEFA4-StateMachineUpdater: Took a snapshot at index 0
2020-11-21 01:30:47,664 [e1eaea66-1c02-4714-ba01-25fa84b9c758@group-AD62D92DEFA4-StateMachineUpdater] INFO  impl.StateMachineUpdater (StateMachineUpdater.java:lambda$new$0(87)) - e1eaea66-1c02-4714-ba01-25fa84b9c758@group-AD62D92DEFA4-StateMachineUpdater: snapshotIndex: updateIncreasingly -1 -> 0
2020-11-21 01:30:47,665 [e1eaea66-1c02-4714-ba01-25fa84b9c758@group-AD62D92DEFA4-StateMachineUpdater] INFO  metrics.RatisMetrics (RatisMetrics.java:unregister(43)) - Unregistering Metrics Registry : ratis.state_machine.e1eaea66-1c02-4714-ba01-25fa84b9c758@group-AD62D92DEFA4
2020-11-21 01:30:47,665 [Listener at 127.0.0.1/13684] INFO  impl.RaftServerImpl (ServerState.java:close(406)) - e1eaea66-1c02-4714-ba01-25fa84b9c758@group-AD62D92DEFA4: closes. applyIndex: 0
2020-11-21 01:30:47,664 [ForkJoinPool.commonPool-worker-0] INFO  metrics.RatisMetrics (RatisMetrics.java:unregister(43)) - Unregistering Metrics Registry : ratis.log_appender.e1eaea66-1c02-4714-ba01-25fa84b9c758@group-8631DB9619D8
2020-11-21 01:30:47,665 [e1eaea66-1c02-4714-ba01-25fa84b9c758@group-AD62D92DEFA4-SegmentedRaftLogWorker] INFO  segmented.SegmentedRaftLogWorker (SegmentedRaftLogWorker.java:run(329)) - e1eaea66-1c02-4714-ba01-25fa84b9c758@group-AD62D92DEFA4-SegmentedRaftLogWorker was interrupted, exiting. There are 0 tasks remaining in the queue.
2020-11-21 01:30:47,665 [ForkJoinPool.commonPool-worker-0] INFO  metrics.RatisMetrics (RatisMetrics.java:unregister(43)) - Unregistering Metrics Registry : ratis.server.e1eaea66-1c02-4714-ba01-25fa84b9c758@group-8631DB9619D8
2020-11-21 01:30:47,666 [Listener at 127.0.0.1/13684] INFO  segmented.SegmentedRaftLogWorker (SegmentedRaftLogWorker.java:close(235)) - e1eaea66-1c02-4714-ba01-25fa84b9c758@group-AD62D92DEFA4-SegmentedRaftLogWorker close()
2020-11-21 01:30:47,666 [Listener at 127.0.0.1/13684] INFO  metrics.RatisMetrics (RatisMetrics.java:unregister(43)) - Unregistering Metrics Registry : ratis.log_worker.e1eaea66-1c02-4714-ba01-25fa84b9c758@group-AD62D92DEFA4
2020-11-21 01:30:47,669 [Listener at 127.0.0.1/13684] INFO  metrics.RatisMetrics (RatisMetrics.java:unregister(43)) - Unregistering Metrics Registry : ratis.leader_election.e1eaea66-1c02-4714-ba01-25fa84b9c758@group-AD62D92DEFA4
2020-11-21 01:30:47,669 [Listener at 127.0.0.1/13684] INFO  metrics.RatisMetrics (RatisMetrics.java:unregister(43)) - Unregistering Metrics Registry : ratis.server.e1eaea66-1c02-4714-ba01-25fa84b9c758@group-AD62D92DEFA4
2020-11-21 01:30:47,670 [e1eaea66-1c02-4714-ba01-25fa84b9c758@group-8631DB9619D8-StateMachineUpdater] INFO  ratis.ContainerStateMachine (ContainerStateMachine.java:takeSnapshot(293)) - group-8631DB9619D8: Taking a snapshot at:(t:1, i:0) file /github/workspace/mnt/ozone/hadoop-ozone/integration-test/target/test-dir/MiniOzoneClusterImpl-3bf6729e-3927-483b-a5e0-bd83d0682071/datanode-2/data/ratis/28d656fe-d4b1-4c91-aa1c-8631db9619d8/sm/snapshot.1_0
2020-11-21 01:30:47,670 [ForkJoinPool.commonPool-worker-0] INFO  impl.StateMachineUpdater (StateMachineUpdater.java:stopAndJoin(147)) - e1eaea66-1c02-4714-ba01-25fa84b9c758@group-8631DB9619D8-StateMachineUpdater: set stopIndex = 0
2020-11-21 01:30:47,671 [e1eaea66-1c02-4714-ba01-25fa84b9c758@group-8631DB9619D8-StateMachineUpdater] INFO  ratis.ContainerStateMachine (ContainerStateMachine.java:takeSnapshot(304)) - group-8631DB9619D8: Finished taking a snapshot at:(t:1, i:0) file:/github/workspace/mnt/ozone/hadoop-ozone/integration-test/target/test-dir/MiniOzoneClusterImpl-3bf6729e-3927-483b-a5e0-bd83d0682071/datanode-2/data/ratis/28d656fe-d4b1-4c91-aa1c-8631db9619d8/sm/snapshot.1_0 time:1
2020-11-21 01:30:47,671 [e1eaea66-1c02-4714-ba01-25fa84b9c758@group-8631DB9619D8-StateMachineUpdater] INFO  impl.StateMachineUpdater (StateMachineUpdater.java:takeSnapshot(278)) - e1eaea66-1c02-4714-ba01-25fa84b9c758@group-8631DB9619D8-StateMachineUpdater: Took a snapshot at index 0
2020-11-21 01:30:47,671 [e1eaea66-1c02-4714-ba01-25fa84b9c758@group-8631DB9619D8-StateMachineUpdater] INFO  impl.StateMachineUpdater (StateMachineUpdater.java:lambda$new$0(87)) - e1eaea66-1c02-4714-ba01-25fa84b9c758@group-8631DB9619D8-StateMachineUpdater: snapshotIndex: updateIncreasingly -1 -> 0
2020-11-21 01:30:47,671 [e1eaea66-1c02-4714-ba01-25fa84b9c758@group-8631DB9619D8-StateMachineUpdater] INFO  metrics.RatisMetrics (RatisMetrics.java:unregister(43)) - Unregistering Metrics Registry : ratis.state_machine.e1eaea66-1c02-4714-ba01-25fa84b9c758@group-8631DB9619D8
2020-11-21 01:30:47,671 [ForkJoinPool.commonPool-worker-0] INFO  impl.RaftServerImpl (ServerState.java:close(406)) - e1eaea66-1c02-4714-ba01-25fa84b9c758@group-8631DB9619D8: closes. applyIndex: 0
2020-11-21 01:30:47,671 [e1eaea66-1c02-4714-ba01-25fa84b9c758@group-8631DB9619D8-SegmentedRaftLogWorker] INFO  segmented.SegmentedRaftLogWorker (SegmentedRaftLogWorker.java:run(329)) - e1eaea66-1c02-4714-ba01-25fa84b9c758@group-8631DB9619D8-SegmentedRaftLogWorker was interrupted, exiting. There are 0 tasks remaining in the queue.
2020-11-21 01:30:47,672 [ForkJoinPool.commonPool-worker-0] INFO  segmented.SegmentedRaftLogWorker (SegmentedRaftLogWorker.java:close(235)) - e1eaea66-1c02-4714-ba01-25fa84b9c758@group-8631DB9619D8-SegmentedRaftLogWorker close()
2020-11-21 01:30:47,672 [ForkJoinPool.commonPool-worker-0] INFO  metrics.RatisMetrics (RatisMetrics.java:unregister(43)) - Unregistering Metrics Registry : ratis.log_worker.e1eaea66-1c02-4714-ba01-25fa84b9c758@group-8631DB9619D8
2020-11-21 01:30:47,672 [ForkJoinPool.commonPool-worker-0] INFO  metrics.RatisMetrics (RatisMetrics.java:unregister(43)) - Unregistering Metrics Registry : ratis.leader_election.e1eaea66-1c02-4714-ba01-25fa84b9c758@group-8631DB9619D8
2020-11-21 01:30:47,672 [ForkJoinPool.commonPool-worker-0] INFO  metrics.RatisMetrics (RatisMetrics.java:unregister(43)) - Unregistering Metrics Registry : ratis.server.e1eaea66-1c02-4714-ba01-25fa84b9c758@group-8631DB9619D8
2020-11-21 01:30:47,672 [Listener at 127.0.0.1/13684] INFO  server.GrpcService (GrpcService.java:closeImpl(184)) - e1eaea66-1c02-4714-ba01-25fa84b9c758: shutdown server with port 34847 now
2020-11-21 01:30:47,674 [Listener at 127.0.0.1/13684] INFO  server.GrpcService (GrpcService.java:closeImpl(193)) - e1eaea66-1c02-4714-ba01-25fa84b9c758: shutdown server with port 34847 successfully
2020-11-21 01:30:47,675 [Listener at 127.0.0.1/13684] INFO  utils.BackgroundService (BackgroundService.java:shutdown(132)) - Shutting down service BlockDeletingService
2020-11-21 01:30:47,676 [Listener at 127.0.0.1/13684] INFO  statemachine.DatanodeStateMachine (DatanodeStateMachine.java:stopDaemon(459)) - Ozone container server stopped.
2020-11-21 01:30:47,684 [Listener at 127.0.0.1/13684] INFO  handler.ContextHandler (ContextHandler.java:doStop(1154)) - Stopped o.e.j.w.WebAppContext@70e5ff49{hddsDatanode,/,null,STOPPED}{jar:file:/home/user/.m2/repository/org/apache/hadoop/hadoop-hdds-container-service/1.1.0-SNAPSHOT/hadoop-hdds-container-service-1.1.0-SNAPSHOT.jar!/webapps/hddsDatanode}
2020-11-21 01:30:47,685 [Listener at 127.0.0.1/13684] INFO  server.AbstractConnector (AbstractConnector.java:doStop(381)) - Stopped ServerConnector@68a857d3{HTTP/1.1, (http/1.1)}{0.0.0.0:0}
2020-11-21 01:30:47,685 [Listener at 127.0.0.1/13684] INFO  server.session (HouseKeeper.java:stopScavenging(149)) - node0 Stopped scavenging
2020-11-21 01:30:47,685 [Listener at 127.0.0.1/13684] INFO  handler.ContextHandler (ContextHandler.java:doStop(1154)) - Stopped o.e.j.s.ServletContextHandler@17cf1cc4{static,/static,jar:file:/home/user/.m2/repository/org/apache/hadoop/hadoop-hdds-container-service/1.1.0-SNAPSHOT/hadoop-hdds-container-service-1.1.0-SNAPSHOT.jar!/webapps/static,STOPPED}
2020-11-21 01:30:47,686 [Listener at 127.0.0.1/13684] INFO  handler.ContextHandler (ContextHandler.java:doStop(1154)) - Stopped o.e.j.s.ServletContextHandler@3d88ef9{logs,/logs,file:///github/workspace/mnt/ozone/hadoop-ozone/integration-test/target/log,STOPPED}
2020-11-21 01:30:47,686 [Listener at 127.0.0.1/13684] INFO  ozone.MiniOzoneClusterImpl (MiniOzoneClusterImpl.java:stopSCM(477)) - Stopping the StorageContainerManager
2020-11-21 01:30:47,686 [Listener at 127.0.0.1/13684] INFO  server.StorageContainerManager (StorageContainerManager.java:stop(832)) - Stopping Replication Manager Service.
2020-11-21 01:30:47,686 [Listener at 127.0.0.1/13684] INFO  container.ReplicationManager (ReplicationManager.java:stop(219)) - Stopping Replication Monitor Thread.
2020-11-21 01:30:47,687 [Listener at 127.0.0.1/13684] INFO  server.StorageContainerManager (StorageContainerManager.java:stop(839)) - Stopping Lease Manager of the command watchers
2020-11-21 01:30:47,687 [Listener at 127.0.0.1/13684] INFO  server.StorageContainerManager (StorageContainerManager.java:stop(846)) - Stopping datanode service RPC server
2020-11-21 01:30:47,687 [CommandWatcher-LeaseManager#LeaseMonitor] ERROR lease.LeaseManager (LeaseManager.java:run(238)) - Execution was interrupted 
java.lang.InterruptedException: sleep interrupted
	at java.lang.Thread.sleep(Native Method)
	at org.apache.hadoop.ozone.lease.LeaseManager$LeaseMonitor.run(LeaseManager.java:234)
	at java.lang.Thread.run(Thread.java:748)
2020-11-21 01:30:47,687 [Listener at 127.0.0.1/13684] INFO  server.SCMDatanodeProtocolServer (SCMDatanodeProtocolServer.java:stop(361)) - Stopping the RPC server for DataNodes
2020-11-21 01:30:47,687 [Listener at 127.0.0.1/13684] INFO  ipc.Server (Server.java:stop(3359)) - Stopping server on 39229
2020-11-21 01:30:47,688 [IPC Server listener on 0] INFO  ipc.Server (Server.java:run(1330)) - Stopping IPC Server listener on 0
2020-11-21 01:30:47,690 [IPC Server Responder] INFO  ipc.Server (Server.java:run(1465)) - Stopping IPC Server Responder
2020-11-21 01:30:47,749 [SCM Heartbeat Processing Thread - 0] WARN  node.NodeStateManager (NodeStateManager.java:scheduleNextHealthCheck(661)) - Current Thread is interrupted, shutting down HB processing thread for Node Manager.
2020-11-21 01:30:47,749 [Listener at 127.0.0.1/13684] INFO  server.StorageContainerManager (StorageContainerManager.java:stop(854)) - Stopping block service RPC server
2020-11-21 01:30:47,750 [Listener at 127.0.0.1/13684] INFO  server.SCMBlockProtocolServer (SCMBlockProtocolServer.java:stop(159)) - Stopping the RPC server for Block Protocol
2020-11-21 01:30:47,750 [Listener at 127.0.0.1/13684] INFO  ipc.Server (Server.java:stop(3359)) - Stopping server on 33409
2020-11-21 01:30:47,751 [IPC Server listener on 0] INFO  ipc.Server (Server.java:run(1330)) - Stopping IPC Server listener on 0
2020-11-21 01:30:47,752 [IPC Server Responder] INFO  ipc.Server (Server.java:run(1465)) - Stopping IPC Server Responder
2020-11-21 01:30:47,752 [Listener at 127.0.0.1/13684] INFO  server.StorageContainerManager (StorageContainerManager.java:stop(861)) - Stopping the StorageContainerLocationProtocol RPC server
2020-11-21 01:30:47,752 [Listener at 127.0.0.1/13684] INFO  server.SCMClientProtocolServer (SCMClientProtocolServer.java:stop(165)) - Stopping the RPC server for Client Protocol
2020-11-21 01:30:47,752 [Listener at 127.0.0.1/13684] INFO  ipc.Server (Server.java:stop(3359)) - Stopping server on 33349
2020-11-21 01:30:47,754 [IPC Server listener on 0] INFO  ipc.Server (Server.java:run(1330)) - Stopping IPC Server listener on 0
2020-11-21 01:30:47,754 [IPC Server Responder] INFO  ipc.Server (Server.java:run(1465)) - Stopping IPC Server Responder
2020-11-21 01:30:47,754 [Listener at 127.0.0.1/13684] INFO  server.StorageContainerManager (StorageContainerManager.java:stop(868)) - Stopping Storage Container Manager HTTP server.
2020-11-21 01:30:47,755 [Listener at 127.0.0.1/13684] INFO  handler.ContextHandler (ContextHandler.java:doStop(1154)) - Stopped o.e.j.w.WebAppContext@5227a325{scm,/,null,STOPPED}{file:/github/workspace/mnt/ozone/hadoop-ozone/integration-test/target/test-classes/webapps/scm}
2020-11-21 01:30:47,758 [Listener at 127.0.0.1/13684] INFO  server.AbstractConnector (AbstractConnector.java:doStop(381)) - Stopped ServerConnector@63b4285a{HTTP/1.1, (http/1.1)}{0.0.0.0:0}
2020-11-21 01:30:47,758 [Listener at 127.0.0.1/13684] INFO  server.session (HouseKeeper.java:stopScavenging(149)) - node0 Stopped scavenging
2020-11-21 01:30:47,758 [Listener at 127.0.0.1/13684] INFO  handler.ContextHandler (ContextHandler.java:doStop(1154)) - Stopped o.e.j.s.ServletContextHandler@544b8674{static,/static,file:///github/workspace/mnt/ozone/hadoop-ozone/integration-test/target/test-classes/webapps/static,STOPPED}
2020-11-21 01:30:47,758 [Listener at 127.0.0.1/13684] INFO  handler.ContextHandler (ContextHandler.java:doStop(1154)) - Stopped o.e.j.s.ServletContextHandler@1803d851{logs,/logs,file:///github/workspace/mnt/ozone/hadoop-ozone/integration-test/target/log,STOPPED}
2020-11-21 01:30:47,760 [Listener at 127.0.0.1/13684] INFO  server.StorageContainerManager (StorageContainerManager.java:stop(879)) - Stopping Block Manager Service.
2020-11-21 01:30:47,760 [Listener at 127.0.0.1/13684] INFO  utils.BackgroundService (BackgroundService.java:shutdown(132)) - Shutting down service SCMBlockDeletingService
2020-11-21 01:30:47,760 [Listener at 127.0.0.1/13684] INFO  utils.BackgroundService (BackgroundService.java:shutdown(132)) - Shutting down service SCMBlockDeletingService
2020-11-21 01:30:47,761 [Listener at 127.0.0.1/13684] INFO  server.StorageContainerManager (StorageContainerManager.java:stop(904)) - Stopping SCM Event Queue.
2020-11-21 01:30:47,765 [Listener at 127.0.0.1/13684] INFO  impl.MetricsSystemImpl (MetricsSystemImpl.java:stop(210)) - Stopping HddsDatanode metrics system...
2020-11-21 01:30:47,768 [prometheus] INFO  impl.MetricsSinkAdapter (MetricsSinkAdapter.java:publishMetricsFromQueue(141)) - prometheus thread interrupted.
2020-11-21 01:30:47,768 [Listener at 127.0.0.1/13684] INFO  impl.MetricsSystemImpl (MetricsSystemImpl.java:stop(216)) - HddsDatanode metrics system stopped.
]]></system-out>
  </testcase>
  <testcase name="testOMRetryProxy" classname="org.apache.hadoop.ozone.om.TestOzoneManagerHAMetadataOnly" time="25.338"/>
  <testcase name="testOMProxyProviderFailoverToCurrentLeader" classname="org.apache.hadoop.ozone.om.TestOzoneManagerHAMetadataOnly" time="25.48"/>
  <testcase name="testAllBucketOperations" classname="org.apache.hadoop.ozone.om.TestOzoneManagerHAMetadataOnly" time="23.463"/>
  <testcase name="testOMProxyProviderFailoverOnConnectionFailure" classname="org.apache.hadoop.ozone.om.TestOzoneManagerHAMetadataOnly" time="0">
    <skipped message="This test randomly failing. Let&apos;s enable once its fixed."/>
  </testcase>
  <testcase name="testJMXMetrics" classname="org.apache.hadoop.ozone.om.TestOzoneManagerHAMetadataOnly" time="23.335"/>
  <testcase name="testReadRequest" classname="org.apache.hadoop.ozone.om.TestOzoneManagerHAMetadataOnly" time="23.321"/>
  <testcase name="testAllVolumeOperations" classname="org.apache.hadoop.ozone.om.TestOzoneManagerHAMetadataOnly" time="23.387"/>
  <testcase name="testListVolumes" classname="org.apache.hadoop.ozone.om.TestOzoneManagerHAMetadataOnly" time="0">
    <skipped message="This test randomly failing. Let&apos;s enable once its fixed."/>
  </testcase>
  <testcase name="testOMProxyProviderInitialization" classname="org.apache.hadoop.ozone.om.TestOzoneManagerHAMetadataOnly" time="23.211"/>
</testsuite>